# JRE version: OpenJDK Runtime Environment (8.0_212-b04) (build 1.8.0_212-b04)
# Java VM: OpenJDK 64-Bit Server VM (25.212-b04 mixed mode linux-amd64 compressed oops)
Heap:
 PSYoungGen      total 578560K, used 247793K [0x00000000d5580000, 0x0000000100000000, 0x0000000100000000)
  eden space 525824K, 37% used [0x00000000d5580000,0x00000000e13fda00,0x00000000f5700000)
  from space 52736K, 99% used [0x00000000f5700000,0x00000000f8a7ebb8,0x00000000f8a80000)
  to   space 68096K, 0% used [0x00000000fbd80000,0x00000000fbd80000,0x0000000100000000)
 ParOldGen       total 1398272K, used 59596K [0x0000000080000000, 0x00000000d5580000, 0x00000000d5580000)
  object space 1398272K, 4% used [0x0000000080000000,0x0000000083a332d8,0x00000000d5580000)
 Metaspace       used 69412K, capacity 72688K, committed 72960K, reserved 1114112K
  class space    used 7790K, capacity 8386K, committed 8448K, reserved 1048576K
GC Heap History (10 events):
Event: 11.937 GC heap before
{Heap before GC invocations=6 (full 2):
 PSYoungGen      total 611840K, used 78653K [0x00000000d5580000, 0x0000000100000000, 0x0000000100000000)
  eden space 524800K, 9% used [0x00000000d5580000,0x00000000d8666378,0x00000000f5600000)
  from space 87040K, 32% used [0x00000000f5600000,0x00000000f71e90c8,0x00000000fab00000)
  to   space 87040K, 0% used [0x00000000fab00000,0x00000000fab00000,0x0000000100000000)
 ParOldGen       total 1398272K, used 23741K [0x0000000080000000, 0x00000000d5580000, 0x00000000d5580000)
  object space 1398272K, 1% used [0x0000000080000000,0x000000008172f6d8,0x00000000d5580000)
 Metaspace       used 57406K, capacity 58818K, committed 59008K, reserved 1101824K
  class space    used 6662K, capacity 6953K, committed 7040K, reserved 1048576K
Event: 11.961 GC heap after
Heap after GC invocations=6 (full 2):
 PSYoungGen      total 611840K, used 12105K [0x00000000d5580000, 0x0000000100000000, 0x0000000100000000)
  eden space 524800K, 0% used [0x00000000d5580000,0x00000000d5580000,0x00000000f5600000)
  from space 87040K, 13% used [0x00000000fab00000,0x00000000fb6d25a8,0x0000000100000000)
  to   space 87040K, 0% used [0x00000000f5600000,0x00000000f5600000,0x00000000fab00000)
 ParOldGen       total 1398272K, used 23741K [0x0000000080000000, 0x00000000d5580000, 0x00000000d5580000)
  object space 1398272K, 1% used [0x0000000080000000,0x000000008172f6d8,0x00000000d5580000)
 Metaspace       used 57406K, capacity 58818K, committed 59008K, reserved 1101824K
  class space    used 6662K, capacity 6953K, committed 7040K, reserved 1048576K
}
Event: 11.961 GC heap before
{Heap before GC invocations=7 (full 3):
 PSYoungGen      total 611840K, used 12105K [0x00000000d5580000, 0x0000000100000000, 0x0000000100000000)
  eden space 524800K, 0% used [0x00000000d5580000,0x00000000d5580000,0x00000000f5600000)
  from space 87040K, 13% used [0x00000000fab00000,0x00000000fb6d25a8,0x0000000100000000)
  to   space 87040K, 0% used [0x00000000f5600000,0x00000000f5600000,0x00000000fab00000)
 ParOldGen       total 1398272K, used 23741K [0x0000000080000000, 0x00000000d5580000, 0x00000000d5580000)
  object space 1398272K, 1% used [0x0000000080000000,0x000000008172f6d8,0x00000000d5580000)
 Metaspace       used 57406K, capacity 58818K, committed 59008K, reserved 1101824K
  class space    used 6662K, capacity 6953K, committed 7040K, reserved 1048576K
Event: 12.208 GC heap after
Heap after GC invocations=7 (full 3):
 PSYoungGen      total 611840K, used 0K [0x00000000d5580000, 0x0000000100000000, 0x0000000100000000)
  eden space 524800K, 0% used [0x00000000d5580000,0x00000000d5580000,0x00000000f5600000)
  from space 87040K, 0% used [0x00000000fab00000,0x00000000fab00000,0x0000000100000000)
  to   space 87040K, 0% used [0x00000000f5600000,0x00000000f5600000,0x00000000fab00000)
 ParOldGen       total 1398272K, used 24254K [0x0000000080000000, 0x00000000d5580000, 0x00000000d5580000)
  object space 1398272K, 1% used [0x0000000080000000,0x00000000817afb60,0x00000000d5580000)
 Metaspace       used 57382K, capacity 58756K, committed 59008K, reserved 1101824K
  class space    used 6653K, capacity 6938K, committed 7040K, reserved 1048576K
}
Event: 57.781 GC heap before
{Heap before GC invocations=8 (full 3):
 PSYoungGen      total 611840K, used 524800K [0x00000000d5580000, 0x0000000100000000, 0x0000000100000000)
  eden space 524800K, 100% used [0x00000000d5580000,0x00000000f5600000,0x00000000f5600000)
  from space 87040K, 0% used [0x00000000fab00000,0x00000000fab00000,0x0000000100000000)
  to   space 87040K, 0% used [0x00000000f5600000,0x00000000f5600000,0x00000000fab00000)
 ParOldGen       total 1398272K, used 24254K [0x0000000080000000, 0x00000000d5580000, 0x00000000d5580000)
  object space 1398272K, 1% used [0x0000000080000000,0x00000000817afb60,0x00000000d5580000)
 Metaspace       used 61934K, capacity 64028K, committed 64128K, reserved 1105920K
  class space    used 7125K, capacity 7502K, committed 7552K, reserved 1048576K
Event: 57.862 GC heap after
Heap after GC invocations=8 (full 3):
 PSYoungGen      total 550912K, used 25977K [0x00000000d5580000, 0x00000000fab80000, 0x0000000100000000)
  eden space 524800K, 0% used [0x00000000d5580000,0x00000000d5580000,0x00000000f5600000)
  from space 26112K, 99% used [0x00000000f5600000,0x00000000f6f5e490,0x00000000f6f80000)
  to   space 33792K, 0% used [0x00000000f8a80000,0x00000000f8a80000,0x00000000fab80000)
 ParOldGen       total 1398272K, used 24262K [0x0000000080000000, 0x00000000d5580000, 0x00000000d5580000)
  object space 1398272K, 1% used [0x0000000080000000,0x00000000817b1b60,0x00000000d5580000)
 Metaspace       used 61934K, capacity 64028K, committed 64128K, reserved 1105920K
  class space    used 7125K, capacity 7502K, committed 7552K, reserved 1048576K
}
Event: 129.949 GC heap before
{Heap before GC invocations=9 (full 3):
 PSYoungGen      total 550912K, used 550777K [0x00000000d5580000, 0x00000000fab80000, 0x0000000100000000)
  eden space 524800K, 100% used [0x00000000d5580000,0x00000000f5600000,0x00000000f5600000)
  from space 26112K, 99% used [0x00000000f5600000,0x00000000f6f5e490,0x00000000f6f80000)
  to   space 33792K, 0% used [0x00000000f8a80000,0x00000000f8a80000,0x00000000fab80000)
 ParOldGen       total 1398272K, used 24262K [0x0000000080000000, 0x00000000d5580000, 0x00000000d5580000)
  object space 1398272K, 1% used [0x0000000080000000,0x00000000817b1b60,0x00000000d5580000)
 Metaspace       used 68348K, capacity 71500K, committed 71680K, reserved 1112064K
  class space    used 7774K, capacity 8328K, committed 8448K, reserved 1048576K
Event: 130.073 GC heap after
Heap after GC invocations=9 (full 3):
 PSYoungGen      total 559616K, used 33768K [0x00000000d5580000, 0x0000000100000000, 0x0000000100000000)
  eden space 525824K, 0% used [0x00000000d5580000,0x00000000d5580000,0x00000000f5700000)
  from space 33792K, 99% used [0x00000000f8a80000,0x00000000fab7a038,0x00000000fab80000)
  to   space 52736K, 0% used [0x00000000f5700000,0x00000000f5700000,0x00000000f8a80000)
 ParOldGen       total 1398272K, used 47883K [0x0000000080000000, 0x00000000d5580000, 0x00000000d5580000)
  object space 1398272K, 3% used [0x0000000080000000,0x0000000082ec2d18,0x00000000d5580000)
 Metaspace       used 68348K, capacity 71500K, committed 71680K, reserved 1112064K
  class space    used 7774K, capacity 8328K, committed 8448K, reserved 1048576K
}
Event: 187.520 GC heap before
{Heap before GC invocations=10 (full 3):
 PSYoungGen      total 559616K, used 559592K [0x00000000d5580000, 0x0000000100000000, 0x0000000100000000)
  eden space 525824K, 100% used [0x00000000d5580000,0x00000000f5700000,0x00000000f5700000)
  from space 33792K, 99% used [0x00000000f8a80000,0x00000000fab7a038,0x00000000fab80000)
  to   space 52736K, 0% used [0x00000000f5700000,0x00000000f5700000,0x00000000f8a80000)
 ParOldGen       total 1398272K, used 47883K [0x0000000080000000, 0x00000000d5580000, 0x00000000d5580000)
  object space 1398272K, 3% used [0x0000000080000000,0x0000000082ec2d18,0x00000000d5580000)
 Metaspace       used 69052K, capacity 72292K, committed 72448K, reserved 1114112K
  class space    used 7786K, capacity 8378K, committed 8448K, reserved 1048576K
Event: 187.657 GC heap after
Heap after GC invocations=10 (full 3):
 PSYoungGen      total 578560K, used 52730K [0x00000000d5580000, 0x0000000100000000, 0x0000000100000000)
  eden space 525824K, 0% used [0x00000000d5580000,0x00000000d5580000,0x00000000f5700000)
  from space 52736K, 99% used [0x00000000f5700000,0x00000000f8a7ebb8,0x00000000f8a80000)
  to   space 68096K, 0% used [0x00000000fbd80000,0x00000000fbd80000,0x0000000100000000)
 ParOldGen       total 1398272K, used 59596K [0x0000000080000000, 0x00000000d5580000, 0x00000000d5580000)
  object space 1398272K, 4% used [0x0000000080000000,0x0000000083a332d8,0x00000000d5580000)
 Metaspace       used 69052K, capacity 72292K, committed 72448K, reserved 1114112K
  class space    used 7786K, capacity 8378K, committed 8448K, reserved 1048576K
}

