# JRE version: OpenJDK Runtime Environment (8.0_212-b04) (build 1.8.0_212-b04)
# Java VM: OpenJDK 64-Bit Server VM (25.212-b04 mixed mode linux-amd64 compressed oops)
Heap:
 PSYoungGen      total 611840K, used 298855K [0x00000000d5580000, 0x0000000100000000, 0x0000000100000000)
  eden space 524800K, 56% used [0x00000000d5580000,0x00000000e7959c80,0x00000000f5600000)
  from space 87040K, 0% used [0x00000000fab00000,0x00000000fab00000,0x0000000100000000)
  to   space 87040K, 0% used [0x00000000f5600000,0x00000000f5600000,0x00000000fab00000)
 ParOldGen       total 1398272K, used 27329K [0x0000000080000000, 0x00000000d5580000, 0x00000000d5580000)
  object space 1398272K, 1% used [0x0000000080000000,0x0000000081ab0740,0x00000000d5580000)
 Metaspace       used 67164K, capacity 70306K, committed 70528K, reserved 1112064K
  class space    used 7715K, capacity 8255K, committed 8320K, reserved 1048576K
GC Heap History (10 events):
Event: 4.918 GC heap before
{Heap before GC invocations=3 (full 1):
 PSYoungGen      total 611840K, used 403462K [0x00000000d5580000, 0x0000000100000000, 0x0000000100000000)
  eden space 524800K, 76% used [0x00000000d5580000,0x00000000edf81a70,0x00000000f5600000)
  from space 87040K, 0% used [0x00000000f5600000,0x00000000f5600000,0x00000000fab00000)
  to   space 87040K, 0% used [0x00000000fab00000,0x00000000fab00000,0x0000000100000000)
 ParOldGen       total 891392K, used 18634K [0x0000000080000000, 0x00000000b6680000, 0x00000000d5580000)
  object space 891392K, 2% used [0x0000000080000000,0x00000000812328c0,0x00000000b6680000)
 Metaspace       used 34752K, capacity 35154K, committed 35456K, reserved 1081344K
  class space    used 3964K, capacity 4101K, committed 4224K, reserved 1048576K
Event: 4.945 GC heap after
Heap after GC invocations=3 (full 1):
 PSYoungGen      total 611840K, used 14261K [0x00000000d5580000, 0x0000000100000000, 0x0000000100000000)
  eden space 524800K, 0% used [0x00000000d5580000,0x00000000d5580000,0x00000000f5600000)
  from space 87040K, 16% used [0x00000000fab00000,0x00000000fb8ed688,0x0000000100000000)
  to   space 87040K, 0% used [0x00000000f5600000,0x00000000f5600000,0x00000000fab00000)
 ParOldGen       total 891392K, used 18642K [0x0000000080000000, 0x00000000b6680000, 0x00000000d5580000)
  object space 891392K, 2% used [0x0000000080000000,0x00000000812348c0,0x00000000b6680000)
 Metaspace       used 34752K, capacity 35154K, committed 35456K, reserved 1081344K
  class space    used 3964K, capacity 4101K, committed 4224K, reserved 1048576K
}
Event: 4.945 GC heap before
{Heap before GC invocations=4 (full 2):
 PSYoungGen      total 611840K, used 14261K [0x00000000d5580000, 0x0000000100000000, 0x0000000100000000)
  eden space 524800K, 0% used [0x00000000d5580000,0x00000000d5580000,0x00000000f5600000)
  from space 87040K, 16% used [0x00000000fab00000,0x00000000fb8ed688,0x0000000100000000)
  to   space 87040K, 0% used [0x00000000f5600000,0x00000000f5600000,0x00000000fab00000)
 ParOldGen       total 891392K, used 18642K [0x0000000080000000, 0x00000000b6680000, 0x00000000d5580000)
  object space 891392K, 2% used [0x0000000080000000,0x00000000812348c0,0x00000000b6680000)
 Metaspace       used 34752K, capacity 35154K, committed 35456K, reserved 1081344K
  class space    used 3964K, capacity 4101K, committed 4224K, reserved 1048576K
Event: 5.040 GC heap after
Heap after GC invocations=4 (full 2):
 PSYoungGen      total 611840K, used 0K [0x00000000d5580000, 0x0000000100000000, 0x0000000100000000)
  eden space 524800K, 0% used [0x00000000d5580000,0x00000000d5580000,0x00000000f5600000)
  from space 87040K, 0% used [0x00000000fab00000,0x00000000fab00000,0x0000000100000000)
  to   space 87040K, 0% used [0x00000000f5600000,0x00000000f5600000,0x00000000fab00000)
 ParOldGen       total 1398272K, used 22485K [0x0000000080000000, 0x00000000d5580000, 0x00000000d5580000)
  object space 1398272K, 1% used [0x0000000080000000,0x00000000815f5670,0x00000000d5580000)
 Metaspace       used 34752K, capacity 35154K, committed 35456K, reserved 1081344K
  class space    used 3964K, capacity 4101K, committed 4224K, reserved 1048576K
}
Event: 10.858 GC heap before
{Heap before GC invocations=5 (full 2):
 PSYoungGen      total 611840K, used 524800K [0x00000000d5580000, 0x0000000100000000, 0x0000000100000000)
  eden space 524800K, 100% used [0x00000000d5580000,0x00000000f5600000,0x00000000f5600000)
  from space 87040K, 0% used [0x00000000fab00000,0x00000000fab00000,0x0000000100000000)
  to   space 87040K, 0% used [0x00000000f5600000,0x00000000f5600000,0x00000000fab00000)
 ParOldGen       total 1398272K, used 22485K [0x0000000080000000, 0x00000000d5580000, 0x00000000d5580000)
  object space 1398272K, 1% used [0x0000000080000000,0x00000000815f5670,0x00000000d5580000)
 Metaspace       used 54790K, capacity 56264K, committed 56448K, reserved 1099776K
  class space    used 6415K, capacity 6692K, committed 6784K, reserved 1048576K
Event: 10.911 GC heap after
Heap after GC invocations=5 (full 2):
 PSYoungGen      total 611840K, used 27952K [0x00000000d5580000, 0x0000000100000000, 0x0000000100000000)
  eden space 524800K, 0% used [0x00000000d5580000,0x00000000d5580000,0x00000000f5600000)
  from space 87040K, 32% used [0x00000000f5600000,0x00000000f714c330,0x00000000fab00000)
  to   space 87040K, 0% used [0x00000000fab00000,0x00000000fab00000,0x0000000100000000)
 ParOldGen       total 1398272K, used 22493K [0x0000000080000000, 0x00000000d5580000, 0x00000000d5580000)
  object space 1398272K, 1% used [0x0000000080000000,0x00000000815f7670,0x00000000d5580000)
 Metaspace       used 54790K, capacity 56264K, committed 56448K, reserved 1099776K
  class space    used 6415K, capacity 6692K, committed 6784K, reserved 1048576K
}
Event: 11.569 GC heap before
{Heap before GC invocations=6 (full 2):
 PSYoungGen      total 611840K, used 120026K [0x00000000d5580000, 0x0000000100000000, 0x0000000100000000)
  eden space 524800K, 17% used [0x00000000d5580000,0x00000000daf6a850,0x00000000f5600000)
  from space 87040K, 32% used [0x00000000f5600000,0x00000000f714c330,0x00000000fab00000)
  to   space 87040K, 0% used [0x00000000fab00000,0x00000000fab00000,0x0000000100000000)
 ParOldGen       total 1398272K, used 22493K [0x0000000080000000, 0x00000000d5580000, 0x00000000d5580000)
  object space 1398272K, 1% used [0x0000000080000000,0x00000000815f7670,0x00000000d5580000)
 Metaspace       used 57502K, capacity 58936K, committed 59096K, reserved 1101824K
  class space    used 6682K, capacity 6958K, committed 7040K, reserved 1048576K
Event: 11.595 GC heap after
Heap after GC invocations=6 (full 2):
 PSYoungGen      total 611840K, used 14651K [0x00000000d5580000, 0x0000000100000000, 0x0000000100000000)
  eden space 524800K, 0% used [0x00000000d5580000,0x00000000d5580000,0x00000000f5600000)
  from space 87040K, 16% used [0x00000000fab00000,0x00000000fb94ee38,0x0000000100000000)
  to   space 87040K, 0% used [0x00000000f5600000,0x00000000f5600000,0x00000000fab00000)
 ParOldGen       total 1398272K, used 22501K [0x0000000080000000, 0x00000000d5580000, 0x00000000d5580000)
  object space 1398272K, 1% used [0x0000000080000000,0x00000000815f9670,0x00000000d5580000)
 Metaspace       used 57502K, capacity 58936K, committed 59096K, reserved 1101824K
  class space    used 6682K, capacity 6958K, committed 7040K, reserved 1048576K
}
Event: 11.595 GC heap before
{Heap before GC invocations=7 (full 3):
 PSYoungGen      total 611840K, used 14651K [0x00000000d5580000, 0x0000000100000000, 0x0000000100000000)
  eden space 524800K, 0% used [0x00000000d5580000,0x00000000d5580000,0x00000000f5600000)
  from space 87040K, 16% used [0x00000000fab00000,0x00000000fb94ee38,0x0000000100000000)
  to   space 87040K, 0% used [0x00000000f5600000,0x00000000f5600000,0x00000000fab00000)
 ParOldGen       total 1398272K, used 22501K [0x0000000080000000, 0x00000000d5580000, 0x00000000d5580000)
  object space 1398272K, 1% used [0x0000000080000000,0x00000000815f9670,0x00000000d5580000)
 Metaspace       used 57502K, capacity 58936K, committed 59096K, reserved 1101824K
  class space    used 6682K, capacity 6958K, committed 7040K, reserved 1048576K
Event: 11.866 GC heap after
Heap after GC invocations=7 (full 3):
 PSYoungGen      total 611840K, used 0K [0x00000000d5580000, 0x0000000100000000, 0x0000000100000000)
  eden space 524800K, 0% used [0x00000000d5580000,0x00000000d5580000,0x00000000f5600000)
  from space 87040K, 0% used [0x00000000fab00000,0x00000000fab00000,0x0000000100000000)
  to   space 87040K, 0% used [0x00000000f5600000,0x00000000f5600000,0x00000000fab00000)
 ParOldGen       total 1398272K, used 27329K [0x0000000080000000, 0x00000000d5580000, 0x00000000d5580000)
  object space 1398272K, 1% used [0x0000000080000000,0x0000000081ab0740,0x00000000d5580000)
 Metaspace       used 57426K, capacity 58756K, committed 59096K, reserved 1101824K
  class space    used 6655K, capacity 6910K, committed 7040K, reserved 1048576K
}

