# JRE version: OpenJDK Runtime Environment (8.0_212-b04) (build 1.8.0_212-b04)
# Java VM: OpenJDK 64-Bit Server VM (25.212-b04 mixed mode linux-amd64 compressed oops)
Heap:
 PSYoungGen      total 524288K, used 293617K [0x00000000d5580000, 0x0000000100000000, 0x0000000100000000)
  eden space 439808K, 47% used [0x00000000d5580000,0x00000000e2222278,0x00000000f0300000)
  from space 84480K, 99% used [0x00000000f0800000,0x00000000f5a1a308,0x00000000f5a80000)
  to   space 132096K, 0% used [0x00000000f7f00000,0x00000000f7f00000,0x0000000100000000)
 ParOldGen       total 1398272K, used 85294K [0x0000000080000000, 0x00000000d5580000, 0x00000000d5580000)
  object space 1398272K, 6% used [0x0000000080000000,0x000000008534b8e0,0x00000000d5580000)
 Metaspace       used 72330K, capacity 76000K, committed 76160K, reserved 1116160K
  class space    used 7887K, capacity 8530K, committed 8576K, reserved 1048576K
GC Heap History (10 events):
Event: 12.062 GC heap before
{Heap before GC invocations=6 (full 3):
 PSYoungGen      total 611840K, used 33835K [0x00000000d5580000, 0x0000000100000000, 0x0000000100000000)
  eden space 524800K, 0% used [0x00000000d5580000,0x00000000d5580000,0x00000000f5600000)
  from space 87040K, 38% used [0x00000000f5600000,0x00000000f770af88,0x00000000fab00000)
  to   space 87040K, 0% used [0x00000000fab00000,0x00000000fab00000,0x0000000100000000)
 ParOldGen       total 1398272K, used 23569K [0x0000000080000000, 0x00000000d5580000, 0x00000000d5580000)
  object space 1398272K, 1% used [0x0000000080000000,0x0000000081704760,0x00000000d5580000)
 Metaspace       used 57492K, capacity 58850K, committed 59028K, reserved 1101824K
  class space    used 6627K, capacity 6891K, committed 6912K, reserved 1048576K
Event: 12.369 GC heap after
Heap after GC invocations=6 (full 3):
 PSYoungGen      total 611840K, used 0K [0x00000000d5580000, 0x0000000100000000, 0x0000000100000000)
  eden space 524800K, 0% used [0x00000000d5580000,0x00000000d5580000,0x00000000f5600000)
  from space 87040K, 0% used [0x00000000f5600000,0x00000000f5600000,0x00000000fab00000)
  to   space 87040K, 0% used [0x00000000fab00000,0x00000000fab00000,0x0000000100000000)
 ParOldGen       total 1398272K, used 44415K [0x0000000080000000, 0x00000000d5580000, 0x00000000d5580000)
  object space 1398272K, 3% used [0x0000000080000000,0x0000000082b5fc60,0x00000000d5580000)
 Metaspace       used 57471K, capacity 58800K, committed 59028K, reserved 1101824K
  class space    used 6621K, capacity 6880K, committed 6912K, reserved 1048576K
}
Event: 95.092 GC heap before
{Heap before GC invocations=7 (full 3):
 PSYoungGen      total 611840K, used 524800K [0x00000000d5580000, 0x0000000100000000, 0x0000000100000000)
  eden space 524800K, 100% used [0x00000000d5580000,0x00000000f5600000,0x00000000f5600000)
  from space 87040K, 0% used [0x00000000f5600000,0x00000000f5600000,0x00000000fab00000)
  to   space 87040K, 0% used [0x00000000fab00000,0x00000000fab00000,0x0000000100000000)
 ParOldGen       total 1398272K, used 44415K [0x0000000080000000, 0x00000000d5580000, 0x00000000d5580000)
  object space 1398272K, 3% used [0x0000000080000000,0x0000000082b5fc60,0x00000000d5580000)
 Metaspace       used 66410K, capacity 69136K, committed 69248K, reserved 1110016K
  class space    used 7558K, capacity 8056K, committed 8064K, reserved 1048576K
Event: 95.204 GC heap after
Heap after GC invocations=7 (full 3):
 PSYoungGen      total 611840K, used 41355K [0x00000000d5580000, 0x0000000100000000, 0x0000000100000000)
  eden space 524800K, 0% used [0x00000000d5580000,0x00000000d5580000,0x00000000f5600000)
  from space 87040K, 47% used [0x00000000fab00000,0x00000000fd362ea0,0x0000000100000000)
  to   space 87040K, 0% used [0x00000000f5600000,0x00000000f5600000,0x00000000fab00000)
 ParOldGen       total 1398272K, used 44423K [0x0000000080000000, 0x00000000d5580000, 0x00000000d5580000)
  object space 1398272K, 3% used [0x0000000080000000,0x0000000082b61c60,0x00000000d5580000)
 Metaspace       used 66410K, capacity 69136K, committed 69248K, reserved 1110016K
  class space    used 7558K, capacity 8056K, committed 8064K, reserved 1048576K
}
Event: 329.128 GC heap before
{Heap before GC invocations=8 (full 3):
 PSYoungGen      total 611840K, used 566155K [0x00000000d5580000, 0x0000000100000000, 0x0000000100000000)
  eden space 524800K, 100% used [0x00000000d5580000,0x00000000f5600000,0x00000000f5600000)
  from space 87040K, 47% used [0x00000000fab00000,0x00000000fd362ea0,0x0000000100000000)
  to   space 87040K, 0% used [0x00000000f5600000,0x00000000f5600000,0x00000000fab00000)
 ParOldGen       total 1398272K, used 44423K [0x0000000080000000, 0x00000000d5580000, 0x00000000d5580000)
  object space 1398272K, 3% used [0x0000000080000000,0x0000000082b61c78,0x00000000d5580000)
 Metaspace       used 69851K, capacity 72966K, committed 73216K, reserved 1114112K
  class space    used 7763K, capacity 8327K, committed 8448K, reserved 1048576K
Event: 329.357 GC heap after
Heap after GC invocations=8 (full 3):
 PSYoungGen      total 611840K, used 87025K [0x00000000d5580000, 0x0000000100000000, 0x0000000100000000)
  eden space 524800K, 0% used [0x00000000d5580000,0x00000000d5580000,0x00000000f5600000)
  from space 87040K, 99% used [0x00000000f5600000,0x00000000faafc7b8,0x00000000fab00000)
  to   space 87040K, 0% used [0x00000000fab00000,0x00000000fab00000,0x0000000100000000)
 ParOldGen       total 1398272K, used 55937K [0x0000000080000000, 0x00000000d5580000, 0x00000000d5580000)
  object space 1398272K, 4% used [0x0000000080000000,0x00000000836a0740,0x00000000d5580000)
 Metaspace       used 69851K, capacity 72966K, committed 73216K, reserved 1114112K
  class space    used 7763K, capacity 8327K, committed 8448K, reserved 1048576K
}
Event: 576.447 GC heap before
{Heap before GC invocations=9 (full 3):
 PSYoungGen      total 611840K, used 611825K [0x00000000d5580000, 0x0000000100000000, 0x0000000100000000)
  eden space 524800K, 100% used [0x00000000d5580000,0x00000000f5600000,0x00000000f5600000)
  from space 87040K, 99% used [0x00000000f5600000,0x00000000faafc7b8,0x00000000fab00000)
  to   space 87040K, 0% used [0x00000000fab00000,0x00000000fab00000,0x0000000100000000)
 ParOldGen       total 1398272K, used 55942K [0x0000000080000000, 0x00000000d5580000, 0x00000000d5580000)
  object space 1398272K, 4% used [0x0000000080000000,0x00000000836a18e0,0x00000000d5580000)
 Metaspace       used 71257K, capacity 74772K, committed 75136K, reserved 1116160K
  class space    used 7848K, capacity 8454K, committed 8576K, reserved 1048576K
Event: 576.642 GC heap after
Heap after GC invocations=9 (full 3):
 PSYoungGen      total 531968K, used 87023K [0x00000000d5580000, 0x0000000100000000, 0x0000000100000000)
  eden space 444928K, 0% used [0x00000000d5580000,0x00000000d5580000,0x00000000f0800000)
  from space 87040K, 99% used [0x00000000fab00000,0x00000000ffffbdd0,0x0000000100000000)
  to   space 126976K, 0% used [0x00000000f0800000,0x00000000f0800000,0x00000000f8400000)
 ParOldGen       total 1398272K, used 85286K [0x0000000080000000, 0x00000000d5580000, 0x00000000d5580000)
  object space 1398272K, 6% used [0x0000000080000000,0x00000000853498e0,0x00000000d5580000)
 Metaspace       used 71257K, capacity 74772K, committed 75136K, reserved 1116160K
  class space    used 7848K, capacity 8454K, committed 8576K, reserved 1048576K
}
Event: 665.848 GC heap before
{Heap before GC invocations=10 (full 3):
 PSYoungGen      total 531968K, used 531951K [0x00000000d5580000, 0x0000000100000000, 0x0000000100000000)
  eden space 444928K, 100% used [0x00000000d5580000,0x00000000f0800000,0x00000000f0800000)
  from space 87040K, 99% used [0x00000000fab00000,0x00000000ffffbdd0,0x0000000100000000)
  to   space 126976K, 0% used [0x00000000f0800000,0x00000000f0800000,0x00000000f8400000)
 ParOldGen       total 1398272K, used 85286K [0x0000000080000000, 0x00000000d5580000, 0x00000000d5580000)
  object space 1398272K, 6% used [0x0000000080000000,0x00000000853498e0,0x00000000d5580000)
 Metaspace       used 72087K, capacity 75744K, committed 75904K, reserved 1116160K
  class space    used 7879K, capacity 8530K, committed 8576K, reserved 1048576K
Event: 666.050 GC heap after
Heap after GC invocations=10 (full 3):
 PSYoungGen      total 524288K, used 84072K [0x00000000d5580000, 0x0000000100000000, 0x0000000100000000)
  eden space 439808K, 0% used [0x00000000d5580000,0x00000000d5580000,0x00000000f0300000)
  from space 84480K, 99% used [0x00000000f0800000,0x00000000f5a1a308,0x00000000f5a80000)
  to   space 132096K, 0% used [0x00000000f7f00000,0x00000000f7f00000,0x0000000100000000)
 ParOldGen       total 1398272K, used 85294K [0x0000000080000000, 0x00000000d5580000, 0x00000000d5580000)
  object space 1398272K, 6% used [0x0000000080000000,0x000000008534b8e0,0x00000000d5580000)
 Metaspace       used 72087K, capacity 75744K, committed 75904K, reserved 1116160K
  class space    used 7879K, capacity 8530K, committed 8576K, reserved 1048576K
}

