# JRE version: OpenJDK Runtime Environment (8.0_212-b04) (build 1.8.0_212-b04)
# Java VM: OpenJDK 64-Bit Server VM (25.212-b04 mixed mode linux-amd64 compressed oops)
Heap:
 PSYoungGen      total 611840K, used 246688K [0x00000000d5580000, 0x0000000100000000, 0x0000000100000000)
  eden space 524800K, 47% used [0x00000000d5580000,0x00000000e4668220,0x00000000f5600000)
  from space 87040K, 0% used [0x00000000fab00000,0x00000000fab00000,0x0000000100000000)
  to   space 87040K, 0% used [0x00000000f5600000,0x00000000f5600000,0x00000000fab00000)
 ParOldGen       total 1398272K, used 24610K [0x0000000080000000, 0x00000000d5580000, 0x00000000d5580000)
  object space 1398272K, 1% used [0x0000000080000000,0x0000000081808b18,0x00000000d5580000)
 Metaspace       used 60924K, capacity 62972K, committed 63104K, reserved 1105920K
  class space    used 7104K, capacity 7510K, committed 7552K, reserved 1048576K
GC Heap History (10 events):
Event: 5.433 GC heap before
{Heap before GC invocations=3 (full 1):
 PSYoungGen      total 611840K, used 469710K [0x00000000d5580000, 0x0000000100000000, 0x0000000100000000)
  eden space 524800K, 89% used [0x00000000d5580000,0x00000000f2033870,0x00000000f5600000)
  from space 87040K, 0% used [0x00000000f5600000,0x00000000f5600000,0x00000000fab00000)
  to   space 87040K, 0% used [0x00000000fab00000,0x00000000fab00000,0x0000000100000000)
 ParOldGen       total 882688K, used 14274K [0x0000000080000000, 0x00000000b5e00000, 0x00000000d5580000)
  object space 882688K, 1% used [0x0000000080000000,0x0000000080df0948,0x00000000b5e00000)
 Metaspace       used 34802K, capacity 35156K, committed 35416K, reserved 1081344K
  class space    used 3960K, capacity 4060K, committed 4096K, reserved 1048576K
Event: 5.481 GC heap after
Heap after GC invocations=3 (full 1):
 PSYoungGen      total 611840K, used 19258K [0x00000000d5580000, 0x0000000100000000, 0x0000000100000000)
  eden space 524800K, 0% used [0x00000000d5580000,0x00000000d5580000,0x00000000f5600000)
  from space 87040K, 22% used [0x00000000fab00000,0x00000000fbdcea28,0x0000000100000000)
  to   space 87040K, 0% used [0x00000000f5600000,0x00000000f5600000,0x00000000fab00000)
 ParOldGen       total 882688K, used 14274K [0x0000000080000000, 0x00000000b5e00000, 0x00000000d5580000)
  object space 882688K, 1% used [0x0000000080000000,0x0000000080df0948,0x00000000b5e00000)
 Metaspace       used 34802K, capacity 35156K, committed 35416K, reserved 1081344K
  class space    used 3960K, capacity 4060K, committed 4096K, reserved 1048576K
}
Event: 5.481 GC heap before
{Heap before GC invocations=4 (full 2):
 PSYoungGen      total 611840K, used 19258K [0x00000000d5580000, 0x0000000100000000, 0x0000000100000000)
  eden space 524800K, 0% used [0x00000000d5580000,0x00000000d5580000,0x00000000f5600000)
  from space 87040K, 22% used [0x00000000fab00000,0x00000000fbdcea28,0x0000000100000000)
  to   space 87040K, 0% used [0x00000000f5600000,0x00000000f5600000,0x00000000fab00000)
 ParOldGen       total 882688K, used 14274K [0x0000000080000000, 0x00000000b5e00000, 0x00000000d5580000)
  object space 882688K, 1% used [0x0000000080000000,0x0000000080df0948,0x00000000b5e00000)
 Metaspace       used 34802K, capacity 35156K, committed 35416K, reserved 1081344K
  class space    used 3960K, capacity 4060K, committed 4096K, reserved 1048576K
Event: 5.641 GC heap after
Heap after GC invocations=4 (full 2):
 PSYoungGen      total 611840K, used 0K [0x00000000d5580000, 0x0000000100000000, 0x0000000100000000)
  eden space 524800K, 0% used [0x00000000d5580000,0x00000000d5580000,0x00000000f5600000)
  from space 87040K, 0% used [0x00000000fab00000,0x00000000fab00000,0x0000000100000000)
  to   space 87040K, 0% used [0x00000000f5600000,0x00000000f5600000,0x00000000fab00000)
 ParOldGen       total 1398272K, used 23831K [0x0000000080000000, 0x00000000d5580000, 0x00000000d5580000)
  object space 1398272K, 1% used [0x0000000080000000,0x0000000081745f60,0x00000000d5580000)
 Metaspace       used 34802K, capacity 35156K, committed 35416K, reserved 1081344K
  class space    used 3960K, capacity 4060K, committed 4096K, reserved 1048576K
}
Event: 12.254 GC heap before
{Heap before GC invocations=5 (full 2):
 PSYoungGen      total 611840K, used 524800K [0x00000000d5580000, 0x0000000100000000, 0x0000000100000000)
  eden space 524800K, 100% used [0x00000000d5580000,0x00000000f5600000,0x00000000f5600000)
  from space 87040K, 0% used [0x00000000fab00000,0x00000000fab00000,0x0000000100000000)
  to   space 87040K, 0% used [0x00000000f5600000,0x00000000f5600000,0x00000000fab00000)
 ParOldGen       total 1398272K, used 23831K [0x0000000080000000, 0x00000000d5580000, 0x00000000d5580000)
  object space 1398272K, 1% used [0x0000000080000000,0x0000000081745f60,0x00000000d5580000)
 Metaspace       used 55587K, capacity 56960K, committed 57216K, reserved 1099776K
  class space    used 6465K, capacity 6722K, committed 6784K, reserved 1048576K
Event: 12.316 GC heap after
Heap after GC invocations=5 (full 2):
 PSYoungGen      total 611840K, used 27662K [0x00000000d5580000, 0x0000000100000000, 0x0000000100000000)
  eden space 524800K, 0% used [0x00000000d5580000,0x00000000d5580000,0x00000000f5600000)
  from space 87040K, 31% used [0x00000000f5600000,0x00000000f7103928,0x00000000fab00000)
  to   space 87040K, 0% used [0x00000000fab00000,0x00000000fab00000,0x0000000100000000)
 ParOldGen       total 1398272K, used 23839K [0x0000000080000000, 0x00000000d5580000, 0x00000000d5580000)
  object space 1398272K, 1% used [0x0000000080000000,0x0000000081747f60,0x00000000d5580000)
 Metaspace       used 55587K, capacity 56960K, committed 57216K, reserved 1099776K
  class space    used 6465K, capacity 6722K, committed 6784K, reserved 1048576K
}
Event: 12.602 GC heap before
{Heap before GC invocations=6 (full 2):
 PSYoungGen      total 611840K, used 132286K [0x00000000d5580000, 0x0000000100000000, 0x0000000100000000)
  eden space 524800K, 19% used [0x00000000d5580000,0x00000000dbbabff0,0x00000000f5600000)
  from space 87040K, 31% used [0x00000000f5600000,0x00000000f7103928,0x00000000fab00000)
  to   space 87040K, 0% used [0x00000000fab00000,0x00000000fab00000,0x0000000100000000)
 ParOldGen       total 1398272K, used 23839K [0x0000000080000000, 0x00000000d5580000, 0x00000000d5580000)
  object space 1398272K, 1% used [0x0000000080000000,0x0000000081747f60,0x00000000d5580000)
 Metaspace       used 57359K, capacity 58722K, committed 59008K, reserved 1101824K
  class space    used 6648K, capacity 6921K, committed 7040K, reserved 1048576K
Event: 12.626 GC heap after
Heap after GC invocations=6 (full 2):
 PSYoungGen      total 611840K, used 12464K [0x00000000d5580000, 0x0000000100000000, 0x0000000100000000)
  eden space 524800K, 0% used [0x00000000d5580000,0x00000000d5580000,0x00000000f5600000)
  from space 87040K, 14% used [0x00000000fab00000,0x00000000fb72c2c0,0x0000000100000000)
  to   space 87040K, 0% used [0x00000000f5600000,0x00000000f5600000,0x00000000fab00000)
 ParOldGen       total 1398272K, used 23839K [0x0000000080000000, 0x00000000d5580000, 0x00000000d5580000)
  object space 1398272K, 1% used [0x0000000080000000,0x0000000081747f60,0x00000000d5580000)
 Metaspace       used 57359K, capacity 58722K, committed 59008K, reserved 1101824K
  class space    used 6648K, capacity 6921K, committed 7040K, reserved 1048576K
}
Event: 12.626 GC heap before
{Heap before GC invocations=7 (full 3):
 PSYoungGen      total 611840K, used 12464K [0x00000000d5580000, 0x0000000100000000, 0x0000000100000000)
  eden space 524800K, 0% used [0x00000000d5580000,0x00000000d5580000,0x00000000f5600000)
  from space 87040K, 14% used [0x00000000fab00000,0x00000000fb72c2c0,0x0000000100000000)
  to   space 87040K, 0% used [0x00000000f5600000,0x00000000f5600000,0x00000000fab00000)
 ParOldGen       total 1398272K, used 23839K [0x0000000080000000, 0x00000000d5580000, 0x00000000d5580000)
  object space 1398272K, 1% used [0x0000000080000000,0x0000000081747f60,0x00000000d5580000)
 Metaspace       used 57359K, capacity 58722K, committed 59008K, reserved 1101824K
  class space    used 6648K, capacity 6921K, committed 7040K, reserved 1048576K
Event: 12.886 GC heap after
Heap after GC invocations=7 (full 3):
 PSYoungGen      total 611840K, used 0K [0x00000000d5580000, 0x0000000100000000, 0x0000000100000000)
  eden space 524800K, 0% used [0x00000000d5580000,0x00000000d5580000,0x00000000f5600000)
  from space 87040K, 0% used [0x00000000fab00000,0x00000000fab00000,0x0000000100000000)
  to   space 87040K, 0% used [0x00000000f5600000,0x00000000f5600000,0x00000000fab00000)
 ParOldGen       total 1398272K, used 24610K [0x0000000080000000, 0x00000000d5580000, 0x00000000d5580000)
  object space 1398272K, 1% used [0x0000000080000000,0x0000000081808b18,0x00000000d5580000)
 Metaspace       used 57338K, capacity 58668K, committed 59008K, reserved 1101824K
  class space    used 6640K, capacity 6908K, committed 7040K, reserved 1048576K
}

