# JRE version: OpenJDK Runtime Environment (8.0_212-b04) (build 1.8.0_212-b04)
# Java VM: OpenJDK 64-Bit Server VM (25.212-b04 mixed mode linux-amd64 compressed oops)
Heap:
 PSYoungGen      total 611840K, used 356018K [0x00000000d5580000, 0x0000000100000000, 0x0000000100000000)
  eden space 524800K, 67% used [0x00000000d5580000,0x00000000eb12c970,0x00000000f5600000)
  from space 87040K, 0% used [0x00000000f5600000,0x00000000f5600000,0x00000000fab00000)
  to   space 87040K, 0% used [0x00000000fab00000,0x00000000fab00000,0x0000000100000000)
 ParOldGen       total 1398272K, used 44466K [0x0000000080000000, 0x00000000d5580000, 0x00000000d5580000)
  object space 1398272K, 3% used [0x0000000080000000,0x0000000082b6c908,0x00000000d5580000)
 Metaspace       used 64432K, capacity 67050K, committed 67328K, reserved 1107968K
  class space    used 7384K, capacity 7849K, committed 7936K, reserved 1048576K
GC Heap History (10 events):
Event: 2.538 GC heap before
{Heap before GC invocations=2 (full 1):
 PSYoungGen      total 611840K, used 14314K [0x00000000d5580000, 0x0000000100000000, 0x0000000100000000)
  eden space 524800K, 0% used [0x00000000d5580000,0x00000000d5580000,0x00000000f5600000)
  from space 87040K, 16% used [0x00000000f5600000,0x00000000f63faab0,0x00000000fab00000)
  to   space 87040K, 0% used [0x00000000fab00000,0x00000000fab00000,0x0000000100000000)
 ParOldGen       total 1398272K, used 80K [0x0000000080000000, 0x00000000d5580000, 0x00000000d5580000)
  object space 1398272K, 0% used [0x0000000080000000,0x0000000080014010,0x00000000d5580000)
 Metaspace       used 20811K, capacity 21106K, committed 21248K, reserved 1069056K
  class space    used 2362K, capacity 2482K, committed 2560K, reserved 1048576K
Event: 2.607 GC heap after
Heap after GC invocations=2 (full 1):
 PSYoungGen      total 611840K, used 0K [0x00000000d5580000, 0x0000000100000000, 0x0000000100000000)
  eden space 524800K, 0% used [0x00000000d5580000,0x00000000d5580000,0x00000000f5600000)
  from space 87040K, 0% used [0x00000000f5600000,0x00000000f5600000,0x00000000fab00000)
  to   space 87040K, 0% used [0x00000000fab00000,0x00000000fab00000,0x0000000100000000)
 ParOldGen       total 860160K, used 13727K [0x0000000080000000, 0x00000000b4800000, 0x00000000d5580000)
  object space 860160K, 1% used [0x0000000080000000,0x0000000080d67f70,0x00000000b4800000)
 Metaspace       used 20811K, capacity 21106K, committed 21248K, reserved 1069056K
  class space    used 2362K, capacity 2482K, committed 2560K, reserved 1048576K
}
Event: 5.135 GC heap before
{Heap before GC invocations=3 (full 1):
 PSYoungGen      total 611840K, used 434548K [0x00000000d5580000, 0x0000000100000000, 0x0000000100000000)
  eden space 524800K, 82% used [0x00000000d5580000,0x00000000efddd3a0,0x00000000f5600000)
  from space 87040K, 0% used [0x00000000f5600000,0x00000000f5600000,0x00000000fab00000)
  to   space 87040K, 0% used [0x00000000fab00000,0x00000000fab00000,0x0000000100000000)
 ParOldGen       total 860160K, used 13727K [0x0000000080000000, 0x00000000b4800000, 0x00000000d5580000)
  object space 860160K, 1% used [0x0000000080000000,0x0000000080d67f70,0x00000000b4800000)
 Metaspace       used 34712K, capacity 35092K, committed 35416K, reserved 1081344K
  class space    used 3952K, capacity 4060K, committed 4096K, reserved 1048576K
Event: 5.176 GC heap after
Heap after GC invocations=3 (full 1):
 PSYoungGen      total 611840K, used 19259K [0x00000000d5580000, 0x0000000100000000, 0x0000000100000000)
  eden space 524800K, 0% used [0x00000000d5580000,0x00000000d5580000,0x00000000f5600000)
  from space 87040K, 22% used [0x00000000fab00000,0x00000000fbdcefa8,0x0000000100000000)
  to   space 87040K, 0% used [0x00000000f5600000,0x00000000f5600000,0x00000000fab00000)
 ParOldGen       total 860160K, used 13735K [0x0000000080000000, 0x00000000b4800000, 0x00000000d5580000)
  object space 860160K, 1% used [0x0000000080000000,0x0000000080d69f70,0x00000000b4800000)
 Metaspace       used 34712K, capacity 35092K, committed 35416K, reserved 1081344K
  class space    used 3952K, capacity 4060K, committed 4096K, reserved 1048576K
}
Event: 5.176 GC heap before
{Heap before GC invocations=4 (full 2):
 PSYoungGen      total 611840K, used 19259K [0x00000000d5580000, 0x0000000100000000, 0x0000000100000000)
  eden space 524800K, 0% used [0x00000000d5580000,0x00000000d5580000,0x00000000f5600000)
  from space 87040K, 22% used [0x00000000fab00000,0x00000000fbdcefa8,0x0000000100000000)
  to   space 87040K, 0% used [0x00000000f5600000,0x00000000f5600000,0x00000000fab00000)
 ParOldGen       total 860160K, used 13735K [0x0000000080000000, 0x00000000b4800000, 0x00000000d5580000)
  object space 860160K, 1% used [0x0000000080000000,0x0000000080d69f70,0x00000000b4800000)
 Metaspace       used 34712K, capacity 35092K, committed 35416K, reserved 1081344K
  class space    used 3952K, capacity 4060K, committed 4096K, reserved 1048576K
Event: 5.291 GC heap after
Heap after GC invocations=4 (full 2):
 PSYoungGen      total 611840K, used 0K [0x00000000d5580000, 0x0000000100000000, 0x0000000100000000)
  eden space 524800K, 0% used [0x00000000d5580000,0x00000000d5580000,0x00000000f5600000)
  from space 87040K, 0% used [0x00000000fab00000,0x00000000fab00000,0x0000000100000000)
  to   space 87040K, 0% used [0x00000000f5600000,0x00000000f5600000,0x00000000fab00000)
 ParOldGen       total 1398272K, used 23543K [0x0000000080000000, 0x00000000d5580000, 0x00000000d5580000)
  object space 1398272K, 1% used [0x0000000080000000,0x00000000816fde40,0x00000000d5580000)
 Metaspace       used 34712K, capacity 35092K, committed 35416K, reserved 1081344K
  class space    used 3952K, capacity 4060K, committed 4096K, reserved 1048576K
}
Event: 12.475 GC heap before
{Heap before GC invocations=5 (full 2):
 PSYoungGen      total 611840K, used 493041K [0x00000000d5580000, 0x0000000100000000, 0x0000000100000000)
  eden space 524800K, 93% used [0x00000000d5580000,0x00000000f36fc5d0,0x00000000f5600000)
  from space 87040K, 0% used [0x00000000fab00000,0x00000000fab00000,0x0000000100000000)
  to   space 87040K, 0% used [0x00000000f5600000,0x00000000f5600000,0x00000000fab00000)
 ParOldGen       total 1398272K, used 23543K [0x0000000080000000, 0x00000000d5580000, 0x00000000d5580000)
  object space 1398272K, 1% used [0x0000000080000000,0x00000000816fde40,0x00000000d5580000)
 Metaspace       used 57496K, capacity 58886K, committed 59028K, reserved 1101824K
  class space    used 6630K, capacity 6901K, committed 6912K, reserved 1048576K
Event: 12.554 GC heap after
Heap after GC invocations=5 (full 2):
 PSYoungGen      total 611840K, used 33953K [0x00000000d5580000, 0x0000000100000000, 0x0000000100000000)
  eden space 524800K, 0% used [0x00000000d5580000,0x00000000d5580000,0x00000000f5600000)
  from space 87040K, 39% used [0x00000000f5600000,0x00000000f7728580,0x00000000fab00000)
  to   space 87040K, 0% used [0x00000000fab00000,0x00000000fab00000,0x0000000100000000)
 ParOldGen       total 1398272K, used 23551K [0x0000000080000000, 0x00000000d5580000, 0x00000000d5580000)
  object space 1398272K, 1% used [0x0000000080000000,0x00000000816ffe40,0x00000000d5580000)
 Metaspace       used 57496K, capacity 58886K, committed 59028K, reserved 1101824K
  class space    used 6630K, capacity 6901K, committed 6912K, reserved 1048576K
}
Event: 12.554 GC heap before
{Heap before GC invocations=6 (full 3):
 PSYoungGen      total 611840K, used 33953K [0x00000000d5580000, 0x0000000100000000, 0x0000000100000000)
  eden space 524800K, 0% used [0x00000000d5580000,0x00000000d5580000,0x00000000f5600000)
  from space 87040K, 39% used [0x00000000f5600000,0x00000000f7728580,0x00000000fab00000)
  to   space 87040K, 0% used [0x00000000fab00000,0x00000000fab00000,0x0000000100000000)
 ParOldGen       total 1398272K, used 23551K [0x0000000080000000, 0x00000000d5580000, 0x00000000d5580000)
  object space 1398272K, 1% used [0x0000000080000000,0x00000000816ffe40,0x00000000d5580000)
 Metaspace       used 57496K, capacity 58886K, committed 59028K, reserved 1101824K
  class space    used 6630K, capacity 6901K, committed 6912K, reserved 1048576K
Event: 12.834 GC heap after
Heap after GC invocations=6 (full 3):
 PSYoungGen      total 611840K, used 0K [0x00000000d5580000, 0x0000000100000000, 0x0000000100000000)
  eden space 524800K, 0% used [0x00000000d5580000,0x00000000d5580000,0x00000000f5600000)
  from space 87040K, 0% used [0x00000000f5600000,0x00000000f5600000,0x00000000fab00000)
  to   space 87040K, 0% used [0x00000000fab00000,0x00000000fab00000,0x0000000100000000)
 ParOldGen       total 1398272K, used 44466K [0x0000000080000000, 0x00000000d5580000, 0x00000000d5580000)
  object space 1398272K, 3% used [0x0000000080000000,0x0000000082b6c908,0x00000000d5580000)
 Metaspace       used 57462K, capacity 58800K, committed 59028K, reserved 1101824K
  class space    used 6619K, capacity 6882K, committed 6912K, reserved 1048576K
}

