# JRE version: OpenJDK Runtime Environment (8.0_212-b04) (build 1.8.0_212-b04)
# Java VM: OpenJDK 64-Bit Server VM (25.212-b04 mixed mode linux-amd64 compressed oops)
Heap:
 PSYoungGen      total 586752K, used 163804K [0x00000000d5580000, 0x0000000100000000, 0x0000000100000000)
  eden space 524800K, 19% used [0x00000000d5580000,0x00000000db906a00,0x00000000f5600000)
  from space 61952K, 99% used [0x00000000f5600000,0x00000000f9270678,0x00000000f9280000)
  to   space 88064K, 0% used [0x00000000faa00000,0x00000000faa00000,0x0000000100000000)
 ParOldGen       total 1398272K, used 44215K [0x0000000080000000, 0x00000000d5580000, 0x00000000d5580000)
  object space 1398272K, 3% used [0x0000000080000000,0x0000000082b2ddf8,0x00000000d5580000)
 Metaspace       used 69048K, capacity 72132K, committed 72192K, reserved 1114112K
  class space    used 7638K, capacity 8178K, committed 8192K, reserved 1048576K
GC Heap History (10 events):
Event: 5.408 GC heap before
{Heap before GC invocations=4 (full 2):
 PSYoungGen      total 611840K, used 19229K [0x00000000d5580000, 0x0000000100000000, 0x0000000100000000)
  eden space 524800K, 0% used [0x00000000d5580000,0x00000000d5580000,0x00000000f5600000)
  from space 87040K, 22% used [0x00000000fab00000,0x00000000fbdc76c8,0x0000000100000000)
  to   space 87040K, 0% used [0x00000000f5600000,0x00000000f5600000,0x00000000fab00000)
 ParOldGen       total 889344K, used 13775K [0x0000000080000000, 0x00000000b6480000, 0x00000000d5580000)
  object space 889344K, 1% used [0x0000000080000000,0x0000000080d73c10,0x00000000b6480000)
 Metaspace       used 34805K, capacity 35188K, committed 35416K, reserved 1081344K
  class space    used 3967K, capacity 4092K, committed 4096K, reserved 1048576K
Event: 5.552 GC heap after
Heap after GC invocations=4 (full 2):
 PSYoungGen      total 611840K, used 0K [0x00000000d5580000, 0x0000000100000000, 0x0000000100000000)
  eden space 524800K, 0% used [0x00000000d5580000,0x00000000d5580000,0x00000000f5600000)
  from space 87040K, 0% used [0x00000000fab00000,0x00000000fab00000,0x0000000100000000)
  to   space 87040K, 0% used [0x00000000f5600000,0x00000000f5600000,0x00000000fab00000)
 ParOldGen       total 1398272K, used 23488K [0x0000000080000000, 0x00000000d5580000, 0x00000000d5580000)
  object space 1398272K, 1% used [0x0000000080000000,0x00000000816f0320,0x00000000d5580000)
 Metaspace       used 34805K, capacity 35188K, committed 35416K, reserved 1081344K
  class space    used 3967K, capacity 4092K, committed 4096K, reserved 1048576K
}
Event: 12.692 GC heap before
{Heap before GC invocations=5 (full 2):
 PSYoungGen      total 611840K, used 520838K [0x00000000d5580000, 0x0000000100000000, 0x0000000100000000)
  eden space 524800K, 99% used [0x00000000d5580000,0x00000000f52219d0,0x00000000f5600000)
  from space 87040K, 0% used [0x00000000fab00000,0x00000000fab00000,0x0000000100000000)
  to   space 87040K, 0% used [0x00000000f5600000,0x00000000f5600000,0x00000000fab00000)
 ParOldGen       total 1398272K, used 23488K [0x0000000080000000, 0x00000000d5580000, 0x00000000d5580000)
  object space 1398272K, 1% used [0x0000000080000000,0x00000000816f0320,0x00000000d5580000)
 Metaspace       used 57324K, capacity 58904K, committed 59028K, reserved 1101824K
  class space    used 6626K, capacity 6912K, committed 6912K, reserved 1048576K
Event: 12.752 GC heap after
Heap after GC invocations=5 (full 2):
 PSYoungGen      total 611840K, used 33547K [0x00000000d5580000, 0x0000000100000000, 0x0000000100000000)
  eden space 524800K, 0% used [0x00000000d5580000,0x00000000d5580000,0x00000000f5600000)
  from space 87040K, 38% used [0x00000000f5600000,0x00000000f76c2d88,0x00000000fab00000)
  to   space 87040K, 0% used [0x00000000fab00000,0x00000000fab00000,0x0000000100000000)
 ParOldGen       total 1398272K, used 23496K [0x0000000080000000, 0x00000000d5580000, 0x00000000d5580000)
  object space 1398272K, 1% used [0x0000000080000000,0x00000000816f2320,0x00000000d5580000)
 Metaspace       used 57324K, capacity 58904K, committed 59028K, reserved 1101824K
  class space    used 6626K, capacity 6912K, committed 6912K, reserved 1048576K
}
Event: 12.752 GC heap before
{Heap before GC invocations=6 (full 3):
 PSYoungGen      total 611840K, used 33547K [0x00000000d5580000, 0x0000000100000000, 0x0000000100000000)
  eden space 524800K, 0% used [0x00000000d5580000,0x00000000d5580000,0x00000000f5600000)
  from space 87040K, 38% used [0x00000000f5600000,0x00000000f76c2d88,0x00000000fab00000)
  to   space 87040K, 0% used [0x00000000fab00000,0x00000000fab00000,0x0000000100000000)
 ParOldGen       total 1398272K, used 23496K [0x0000000080000000, 0x00000000d5580000, 0x00000000d5580000)
  object space 1398272K, 1% used [0x0000000080000000,0x00000000816f2320,0x00000000d5580000)
 Metaspace       used 57324K, capacity 58904K, committed 59028K, reserved 1101824K
  class space    used 6626K, capacity 6912K, committed 6912K, reserved 1048576K
Event: 12.992 GC heap after
Heap after GC invocations=6 (full 3):
 PSYoungGen      total 611840K, used 0K [0x00000000d5580000, 0x0000000100000000, 0x0000000100000000)
  eden space 524800K, 0% used [0x00000000d5580000,0x00000000d5580000,0x00000000f5600000)
  from space 87040K, 0% used [0x00000000f5600000,0x00000000f5600000,0x00000000fab00000)
  to   space 87040K, 0% used [0x00000000fab00000,0x00000000fab00000,0x0000000100000000)
 ParOldGen       total 1398272K, used 44191K [0x0000000080000000, 0x00000000d5580000, 0x00000000d5580000)
  object space 1398272K, 3% used [0x0000000080000000,0x0000000082b27df8,0x00000000d5580000)
 Metaspace       used 57288K, capacity 58814K, committed 59028K, reserved 1101824K
  class space    used 6614K, capacity 6891K, committed 6912K, reserved 1048576K
}
Event: 73.042 GC heap before
{Heap before GC invocations=7 (full 3):
 PSYoungGen      total 611840K, used 524800K [0x00000000d5580000, 0x0000000100000000, 0x0000000100000000)
  eden space 524800K, 100% used [0x00000000d5580000,0x00000000f5600000,0x00000000f5600000)
  from space 87040K, 0% used [0x00000000f5600000,0x00000000f5600000,0x00000000fab00000)
  to   space 87040K, 0% used [0x00000000fab00000,0x00000000fab00000,0x0000000100000000)
 ParOldGen       total 1398272K, used 44191K [0x0000000080000000, 0x00000000d5580000, 0x00000000d5580000)
  object space 1398272K, 3% used [0x0000000080000000,0x0000000082b27df8,0x00000000d5580000)
 Metaspace       used 66919K, capacity 69802K, committed 70144K, reserved 1112064K
  class space    used 7567K, capacity 8077K, committed 8192K, reserved 1048576K
Event: 73.213 GC heap after
Heap after GC invocations=7 (full 3):
 PSYoungGen      total 611840K, used 79927K [0x00000000d5580000, 0x0000000100000000, 0x0000000100000000)
  eden space 524800K, 0% used [0x00000000d5580000,0x00000000d5580000,0x00000000f5600000)
  from space 87040K, 91% used [0x00000000fab00000,0x00000000ff90dc78,0x0000000100000000)
  to   space 87040K, 0% used [0x00000000f5600000,0x00000000f5600000,0x00000000fab00000)
 ParOldGen       total 1398272K, used 44199K [0x0000000080000000, 0x00000000d5580000, 0x00000000d5580000)
  object space 1398272K, 3% used [0x0000000080000000,0x0000000082b29df8,0x00000000d5580000)
 Metaspace       used 66919K, capacity 69802K, committed 70144K, reserved 1112064K
  class space    used 7567K, capacity 8077K, committed 8192K, reserved 1048576K
}
Event: 193.361 GC heap before
{Heap before GC invocations=8 (full 3):
 PSYoungGen      total 611840K, used 604727K [0x00000000d5580000, 0x0000000100000000, 0x0000000100000000)
  eden space 524800K, 100% used [0x00000000d5580000,0x00000000f5600000,0x00000000f5600000)
  from space 87040K, 91% used [0x00000000fab00000,0x00000000ff90dc78,0x0000000100000000)
  to   space 87040K, 0% used [0x00000000f5600000,0x00000000f5600000,0x00000000fab00000)
 ParOldGen       total 1398272K, used 44199K [0x0000000080000000, 0x00000000d5580000, 0x00000000d5580000)
  object space 1398272K, 3% used [0x0000000080000000,0x0000000082b29df8,0x00000000d5580000)
 Metaspace       used 68820K, capacity 71868K, committed 71936K, reserved 1114112K
  class space    used 7628K, capacity 8168K, committed 8192K, reserved 1048576K
Event: 193.519 GC heap after
Heap after GC invocations=8 (full 3):
 PSYoungGen      total 586752K, used 61889K [0x00000000d5580000, 0x0000000100000000, 0x0000000100000000)
  eden space 524800K, 0% used [0x00000000d5580000,0x00000000d5580000,0x00000000f5600000)
  from space 61952K, 99% used [0x00000000f5600000,0x00000000f9270678,0x00000000f9280000)
  to   space 88064K, 0% used [0x00000000faa00000,0x00000000faa00000,0x0000000100000000)
 ParOldGen       total 1398272K, used 44215K [0x0000000080000000, 0x00000000d5580000, 0x00000000d5580000)
  object space 1398272K, 3% used [0x0000000080000000,0x0000000082b2ddf8,0x00000000d5580000)
 Metaspace       used 68820K, capacity 71868K, committed 71936K, reserved 1114112K
  class space    used 7628K, capacity 8168K, committed 8192K, reserved 1048576K
}

