# JRE version: OpenJDK Runtime Environment (8.0_212-b04) (build 1.8.0_212-b04)
# Java VM: OpenJDK 64-Bit Server VM (25.212-b04 mixed mode linux-amd64 compressed oops)
Heap:
 PSYoungGen      total 611840K, used 496657K [0x00000000d5580000, 0x0000000100000000, 0x0000000100000000)
  eden space 524800K, 94% used [0x00000000d5580000,0x00000000f3a84420,0x00000000f5600000)
  from space 87040K, 0% used [0x00000000f5600000,0x00000000f5600000,0x00000000fab00000)
  to   space 87040K, 0% used [0x00000000fab00000,0x00000000fab00000,0x0000000100000000)
 ParOldGen       total 1398272K, used 44619K [0x0000000080000000, 0x00000000d5580000, 0x00000000d5580000)
  object space 1398272K, 3% used [0x0000000080000000,0x0000000082b92d30,0x00000000d5580000)
 Metaspace       used 67686K, capacity 70836K, committed 71040K, reserved 1112064K
  class space    used 7663K, capacity 8210K, committed 8320K, reserved 1048576K
GC Heap History (10 events):
Event: 2.460 GC heap before
{Heap before GC invocations=2 (full 1):
 PSYoungGen      total 611840K, used 14263K [0x00000000d5580000, 0x0000000100000000, 0x0000000100000000)
  eden space 524800K, 0% used [0x00000000d5580000,0x00000000d5580000,0x00000000f5600000)
  from space 87040K, 16% used [0x00000000f5600000,0x00000000f63edd20,0x00000000fab00000)
  to   space 87040K, 0% used [0x00000000fab00000,0x00000000fab00000,0x0000000100000000)
 ParOldGen       total 1398272K, used 80K [0x0000000080000000, 0x00000000d5580000, 0x00000000d5580000)
  object space 1398272K, 0% used [0x0000000080000000,0x0000000080014010,0x00000000d5580000)
 Metaspace       used 20753K, capacity 21016K, committed 21248K, reserved 1069056K
  class space    used 2350K, capacity 2451K, committed 2560K, reserved 1048576K
Event: 2.549 GC heap after
Heap after GC invocations=2 (full 1):
 PSYoungGen      total 611840K, used 0K [0x00000000d5580000, 0x0000000100000000, 0x0000000100000000)
  eden space 524800K, 0% used [0x00000000d5580000,0x00000000d5580000,0x00000000f5600000)
  from space 87040K, 0% used [0x00000000f5600000,0x00000000f5600000,0x00000000fab00000)
  to   space 87040K, 0% used [0x00000000fab00000,0x00000000fab00000,0x0000000100000000)
 ParOldGen       total 857088K, used 13682K [0x0000000080000000, 0x00000000b4500000, 0x00000000d5580000)
  object space 857088K, 1% used [0x0000000080000000,0x0000000080d5c948,0x00000000b4500000)
 Metaspace       used 20753K, capacity 21016K, committed 21248K, reserved 1069056K
  class space    used 2350K, capacity 2451K, committed 2560K, reserved 1048576K
}
Event: 5.040 GC heap before
{Heap before GC invocations=3 (full 1):
 PSYoungGen      total 611840K, used 379963K [0x00000000d5580000, 0x0000000100000000, 0x0000000100000000)
  eden space 524800K, 72% used [0x00000000d5580000,0x00000000ec88ec98,0x00000000f5600000)
  from space 87040K, 0% used [0x00000000f5600000,0x00000000f5600000,0x00000000fab00000)
  to   space 87040K, 0% used [0x00000000fab00000,0x00000000fab00000,0x0000000100000000)
 ParOldGen       total 857088K, used 13682K [0x0000000080000000, 0x00000000b4500000, 0x00000000d5580000)
  object space 857088K, 1% used [0x0000000080000000,0x0000000080d5c948,0x00000000b4500000)
 Metaspace       used 34654K, capacity 35136K, committed 35416K, reserved 1081344K
  class space    used 3959K, capacity 4096K, committed 4096K, reserved 1048576K
Event: 5.078 GC heap after
Heap after GC invocations=3 (full 1):
 PSYoungGen      total 611840K, used 18718K [0x00000000d5580000, 0x0000000100000000, 0x0000000100000000)
  eden space 524800K, 0% used [0x00000000d5580000,0x00000000d5580000,0x00000000f5600000)
  from space 87040K, 21% used [0x00000000fab00000,0x00000000fbd47bf0,0x0000000100000000)
  to   space 87040K, 0% used [0x00000000f5600000,0x00000000f5600000,0x00000000fab00000)
 ParOldGen       total 857088K, used 13690K [0x0000000080000000, 0x00000000b4500000, 0x00000000d5580000)
  object space 857088K, 1% used [0x0000000080000000,0x0000000080d5e948,0x00000000b4500000)
 Metaspace       used 34654K, capacity 35136K, committed 35416K, reserved 1081344K
  class space    used 3959K, capacity 4096K, committed 4096K, reserved 1048576K
}
Event: 5.078 GC heap before
{Heap before GC invocations=4 (full 2):
 PSYoungGen      total 611840K, used 18718K [0x00000000d5580000, 0x0000000100000000, 0x0000000100000000)
  eden space 524800K, 0% used [0x00000000d5580000,0x00000000d5580000,0x00000000f5600000)
  from space 87040K, 21% used [0x00000000fab00000,0x00000000fbd47bf0,0x0000000100000000)
  to   space 87040K, 0% used [0x00000000f5600000,0x00000000f5600000,0x00000000fab00000)
 ParOldGen       total 857088K, used 13690K [0x0000000080000000, 0x00000000b4500000, 0x00000000d5580000)
  object space 857088K, 1% used [0x0000000080000000,0x0000000080d5e948,0x00000000b4500000)
 Metaspace       used 34654K, capacity 35136K, committed 35416K, reserved 1081344K
  class space    used 3959K, capacity 4096K, committed 4096K, reserved 1048576K
Event: 5.186 GC heap after
Heap after GC invocations=4 (full 2):
 PSYoungGen      total 611840K, used 0K [0x00000000d5580000, 0x0000000100000000, 0x0000000100000000)
  eden space 524800K, 0% used [0x00000000d5580000,0x00000000d5580000,0x00000000f5600000)
  from space 87040K, 0% used [0x00000000fab00000,0x00000000fab00000,0x0000000100000000)
  to   space 87040K, 0% used [0x00000000f5600000,0x00000000f5600000,0x00000000fab00000)
 ParOldGen       total 1398272K, used 22898K [0x0000000080000000, 0x00000000d5580000, 0x00000000d5580000)
  object space 1398272K, 1% used [0x0000000080000000,0x000000008165c860,0x00000000d5580000)
 Metaspace       used 34654K, capacity 35136K, committed 35416K, reserved 1081344K
  class space    used 3959K, capacity 4096K, committed 4096K, reserved 1048576K
}
Event: 13.532 GC heap before
{Heap before GC invocations=5 (full 2):
 PSYoungGen      total 611840K, used 387148K [0x00000000d5580000, 0x0000000100000000, 0x0000000100000000)
  eden space 524800K, 73% used [0x00000000d5580000,0x00000000ecf931d8,0x00000000f5600000)
  from space 87040K, 0% used [0x00000000fab00000,0x00000000fab00000,0x0000000100000000)
  to   space 87040K, 0% used [0x00000000f5600000,0x00000000f5600000,0x00000000fab00000)
 ParOldGen       total 1398272K, used 22898K [0x0000000080000000, 0x00000000d5580000, 0x00000000d5580000)
  object space 1398272K, 1% used [0x0000000080000000,0x000000008165c860,0x00000000d5580000)
 Metaspace       used 57055K, capacity 58886K, committed 59028K, reserved 1101824K
  class space    used 6652K, capacity 6981K, committed 7040K, reserved 1048576K
Event: 13.590 GC heap after
Heap after GC invocations=5 (full 2):
 PSYoungGen      total 611840K, used 34373K [0x00000000d5580000, 0x0000000100000000, 0x0000000100000000)
  eden space 524800K, 0% used [0x00000000d5580000,0x00000000d5580000,0x00000000f5600000)
  from space 87040K, 39% used [0x00000000f5600000,0x00000000f7791498,0x00000000fab00000)
  to   space 87040K, 0% used [0x00000000fab00000,0x00000000fab00000,0x0000000100000000)
 ParOldGen       total 1398272K, used 22906K [0x0000000080000000, 0x00000000d5580000, 0x00000000d5580000)
  object space 1398272K, 1% used [0x0000000080000000,0x000000008165e860,0x00000000d5580000)
 Metaspace       used 57055K, capacity 58886K, committed 59028K, reserved 1101824K
  class space    used 6652K, capacity 6981K, committed 7040K, reserved 1048576K
}
Event: 13.590 GC heap before
{Heap before GC invocations=6 (full 3):
 PSYoungGen      total 611840K, used 34373K [0x00000000d5580000, 0x0000000100000000, 0x0000000100000000)
  eden space 524800K, 0% used [0x00000000d5580000,0x00000000d5580000,0x00000000f5600000)
  from space 87040K, 39% used [0x00000000f5600000,0x00000000f7791498,0x00000000fab00000)
  to   space 87040K, 0% used [0x00000000fab00000,0x00000000fab00000,0x0000000100000000)
 ParOldGen       total 1398272K, used 22906K [0x0000000080000000, 0x00000000d5580000, 0x00000000d5580000)
  object space 1398272K, 1% used [0x0000000080000000,0x000000008165e860,0x00000000d5580000)
 Metaspace       used 57055K, capacity 58886K, committed 59028K, reserved 1101824K
  class space    used 6652K, capacity 6981K, committed 7040K, reserved 1048576K
Event: 13.859 GC heap after
Heap after GC invocations=6 (full 3):
 PSYoungGen      total 611840K, used 0K [0x00000000d5580000, 0x0000000100000000, 0x0000000100000000)
  eden space 524800K, 0% used [0x00000000d5580000,0x00000000d5580000,0x00000000f5600000)
  from space 87040K, 0% used [0x00000000f5600000,0x00000000f5600000,0x00000000fab00000)
  to   space 87040K, 0% used [0x00000000fab00000,0x00000000fab00000,0x0000000100000000)
 ParOldGen       total 1398272K, used 44619K [0x0000000080000000, 0x00000000d5580000, 0x00000000d5580000)
  object space 1398272K, 3% used [0x0000000080000000,0x0000000082b92d30,0x00000000d5580000)
 Metaspace       used 57023K, capacity 58794K, committed 59028K, reserved 1101824K
  class space    used 6642K, capacity 6963K, committed 7040K, reserved 1048576K
}

