# JRE version: OpenJDK Runtime Environment (8.0_212-b04) (build 1.8.0_212-b04)
# Java VM: OpenJDK 64-Bit Server VM (25.212-b04 mixed mode linux-amd64 compressed oops)
Heap:
 PSYoungGen      total 611840K, used 232414K [0x00000000d5580000, 0x0000000100000000, 0x0000000100000000)
  eden space 524800K, 44% used [0x00000000d5580000,0x00000000e38778b0,0x00000000f5600000)
  from space 87040K, 0% used [0x00000000fab00000,0x00000000fab00000,0x0000000100000000)
  to   space 87040K, 0% used [0x00000000f5600000,0x00000000f5600000,0x00000000fab00000)
 ParOldGen       total 1398272K, used 26216K [0x0000000080000000, 0x00000000d5580000, 0x00000000d5580000)
  object space 1398272K, 1% used [0x0000000080000000,0x000000008199a078,0x00000000d5580000)
 Metaspace       used 63255K, capacity 65634K, committed 65920K, reserved 1107968K
  class space    used 7284K, capacity 7741K, committed 7808K, reserved 1048576K
GC Heap History (10 events):
Event: 4.845 GC heap before
{Heap before GC invocations=3 (full 1):
 PSYoungGen      total 611840K, used 490701K [0x00000000d5580000, 0x0000000100000000, 0x0000000100000000)
  eden space 524800K, 93% used [0x00000000d5580000,0x00000000f34b34f8,0x00000000f5600000)
  from space 87040K, 0% used [0x00000000f5600000,0x00000000f5600000,0x00000000fab00000)
  to   space 87040K, 0% used [0x00000000fab00000,0x00000000fab00000,0x0000000100000000)
 ParOldGen       total 869888K, used 13845K [0x0000000080000000, 0x00000000b5180000, 0x00000000d5580000)
  object space 869888K, 1% used [0x0000000080000000,0x0000000080d85530,0x00000000b5180000)
 Metaspace       used 34842K, capacity 35156K, committed 35496K, reserved 1081344K
  class space    used 3966K, capacity 4060K, committed 4096K, reserved 1048576K
Event: 4.886 GC heap after
Heap after GC invocations=3 (full 1):
 PSYoungGen      total 611840K, used 19256K [0x00000000d5580000, 0x0000000100000000, 0x0000000100000000)
  eden space 524800K, 0% used [0x00000000d5580000,0x00000000d5580000,0x00000000f5600000)
  from space 87040K, 22% used [0x00000000fab00000,0x00000000fbdce010,0x0000000100000000)
  to   space 87040K, 0% used [0x00000000f5600000,0x00000000f5600000,0x00000000fab00000)
 ParOldGen       total 869888K, used 13853K [0x0000000080000000, 0x00000000b5180000, 0x00000000d5580000)
  object space 869888K, 1% used [0x0000000080000000,0x0000000080d87530,0x00000000b5180000)
 Metaspace       used 34842K, capacity 35156K, committed 35496K, reserved 1081344K
  class space    used 3966K, capacity 4060K, committed 4096K, reserved 1048576K
}
Event: 4.887 GC heap before
{Heap before GC invocations=4 (full 2):
 PSYoungGen      total 611840K, used 19256K [0x00000000d5580000, 0x0000000100000000, 0x0000000100000000)
  eden space 524800K, 0% used [0x00000000d5580000,0x00000000d5580000,0x00000000f5600000)
  from space 87040K, 22% used [0x00000000fab00000,0x00000000fbdce010,0x0000000100000000)
  to   space 87040K, 0% used [0x00000000f5600000,0x00000000f5600000,0x00000000fab00000)
 ParOldGen       total 869888K, used 13853K [0x0000000080000000, 0x00000000b5180000, 0x00000000d5580000)
  object space 869888K, 1% used [0x0000000080000000,0x0000000080d87530,0x00000000b5180000)
 Metaspace       used 34842K, capacity 35156K, committed 35496K, reserved 1081344K
  class space    used 3966K, capacity 4060K, committed 4096K, reserved 1048576K
Event: 5.003 GC heap after
Heap after GC invocations=4 (full 2):
 PSYoungGen      total 611840K, used 0K [0x00000000d5580000, 0x0000000100000000, 0x0000000100000000)
  eden space 524800K, 0% used [0x00000000d5580000,0x00000000d5580000,0x00000000f5600000)
  from space 87040K, 0% used [0x00000000fab00000,0x00000000fab00000,0x0000000100000000)
  to   space 87040K, 0% used [0x00000000f5600000,0x00000000f5600000,0x00000000fab00000)
 ParOldGen       total 1398272K, used 23498K [0x0000000080000000, 0x00000000d5580000, 0x00000000d5580000)
  object space 1398272K, 1% used [0x0000000080000000,0x00000000816f2960,0x00000000d5580000)
 Metaspace       used 34842K, capacity 35156K, committed 35496K, reserved 1081344K
  class space    used 3966K, capacity 4060K, committed 4096K, reserved 1048576K
}
Event: 12.006 GC heap before
{Heap before GC invocations=5 (full 2):
 PSYoungGen      total 611840K, used 524800K [0x00000000d5580000, 0x0000000100000000, 0x0000000100000000)
  eden space 524800K, 100% used [0x00000000d5580000,0x00000000f5600000,0x00000000f5600000)
  from space 87040K, 0% used [0x00000000fab00000,0x00000000fab00000,0x0000000100000000)
  to   space 87040K, 0% used [0x00000000f5600000,0x00000000f5600000,0x00000000fab00000)
 ParOldGen       total 1398272K, used 23498K [0x0000000080000000, 0x00000000d5580000, 0x00000000d5580000)
  object space 1398272K, 1% used [0x0000000080000000,0x00000000816f2960,0x00000000d5580000)
 Metaspace       used 56500K, capacity 57930K, committed 58240K, reserved 1101824K
  class space    used 6525K, capacity 6773K, committed 6784K, reserved 1048576K
Event: 12.090 GC heap after
Heap after GC invocations=5 (full 2):
 PSYoungGen      total 611840K, used 32326K [0x00000000d5580000, 0x0000000100000000, 0x0000000100000000)
  eden space 524800K, 0% used [0x00000000d5580000,0x00000000d5580000,0x00000000f5600000)
  from space 87040K, 37% used [0x00000000f5600000,0x00000000f7591ac0,0x00000000fab00000)
  to   space 87040K, 0% used [0x00000000fab00000,0x00000000fab00000,0x0000000100000000)
 ParOldGen       total 1398272K, used 23506K [0x0000000080000000, 0x00000000d5580000, 0x00000000d5580000)
  object space 1398272K, 1% used [0x0000000080000000,0x00000000816f4960,0x00000000d5580000)
 Metaspace       used 56500K, capacity 57930K, committed 58240K, reserved 1101824K
  class space    used 6525K, capacity 6773K, committed 6784K, reserved 1048576K
}
Event: 12.236 GC heap before
{Heap before GC invocations=6 (full 2):
 PSYoungGen      total 611840K, used 97198K [0x00000000d5580000, 0x0000000100000000, 0x0000000100000000)
  eden space 524800K, 12% used [0x00000000d5580000,0x00000000d94d9ff0,0x00000000f5600000)
  from space 87040K, 37% used [0x00000000f5600000,0x00000000f7591ac0,0x00000000fab00000)
  to   space 87040K, 0% used [0x00000000fab00000,0x00000000fab00000,0x0000000100000000)
 ParOldGen       total 1398272K, used 23506K [0x0000000080000000, 0x00000000d5580000, 0x00000000d5580000)
  object space 1398272K, 1% used [0x0000000080000000,0x00000000816f4960,0x00000000d5580000)
 Metaspace       used 57658K, capacity 59024K, committed 59136K, reserved 1101824K
  class space    used 6650K, capacity 6902K, committed 6912K, reserved 1048576K
Event: 12.267 GC heap after
Heap after GC invocations=6 (full 2):
 PSYoungGen      total 611840K, used 14410K [0x00000000d5580000, 0x0000000100000000, 0x0000000100000000)
  eden space 524800K, 0% used [0x00000000d5580000,0x00000000d5580000,0x00000000f5600000)
  from space 87040K, 16% used [0x00000000fab00000,0x00000000fb912a98,0x0000000100000000)
  to   space 87040K, 0% used [0x00000000f5600000,0x00000000f5600000,0x00000000fab00000)
 ParOldGen       total 1398272K, used 23506K [0x0000000080000000, 0x00000000d5580000, 0x00000000d5580000)
  object space 1398272K, 1% used [0x0000000080000000,0x00000000816f4960,0x00000000d5580000)
 Metaspace       used 57658K, capacity 59024K, committed 59136K, reserved 1101824K
  class space    used 6650K, capacity 6902K, committed 6912K, reserved 1048576K
}
Event: 12.267 GC heap before
{Heap before GC invocations=7 (full 3):
 PSYoungGen      total 611840K, used 14410K [0x00000000d5580000, 0x0000000100000000, 0x0000000100000000)
  eden space 524800K, 0% used [0x00000000d5580000,0x00000000d5580000,0x00000000f5600000)
  from space 87040K, 16% used [0x00000000fab00000,0x00000000fb912a98,0x0000000100000000)
  to   space 87040K, 0% used [0x00000000f5600000,0x00000000f5600000,0x00000000fab00000)
 ParOldGen       total 1398272K, used 23506K [0x0000000080000000, 0x00000000d5580000, 0x00000000d5580000)
  object space 1398272K, 1% used [0x0000000080000000,0x00000000816f4960,0x00000000d5580000)
 Metaspace       used 57658K, capacity 59024K, committed 59136K, reserved 1101824K
  class space    used 6650K, capacity 6902K, committed 6912K, reserved 1048576K
Event: 12.537 GC heap after
Heap after GC invocations=7 (full 3):
 PSYoungGen      total 611840K, used 0K [0x00000000d5580000, 0x0000000100000000, 0x0000000100000000)
  eden space 524800K, 0% used [0x00000000d5580000,0x00000000d5580000,0x00000000f5600000)
  from space 87040K, 0% used [0x00000000fab00000,0x00000000fab00000,0x0000000100000000)
  to   space 87040K, 0% used [0x00000000f5600000,0x00000000f5600000,0x00000000fab00000)
 ParOldGen       total 1398272K, used 26216K [0x0000000080000000, 0x00000000d5580000, 0x00000000d5580000)
  object space 1398272K, 1% used [0x0000000080000000,0x000000008199a078,0x00000000d5580000)
 Metaspace       used 57621K, capacity 58934K, committed 59136K, reserved 1101824K
  class space    used 6637K, capacity 6881K, committed 6912K, reserved 1048576K
}

