# JRE version: OpenJDK Runtime Environment (8.0_212-b04) (build 1.8.0_212-b04)
# Java VM: OpenJDK 64-Bit Server VM (25.212-b04 mixed mode linux-amd64 compressed oops)
Heap:
 PSYoungGen      total 611840K, used 314476K [0x00000000d5580000, 0x0000000100000000, 0x0000000100000000)
  eden space 524800K, 59% used [0x00000000d5580000,0x00000000e889b0f8,0x00000000f5600000)
  from space 87040K, 0% used [0x00000000fab00000,0x00000000fab00000,0x0000000100000000)
  to   space 87040K, 0% used [0x00000000f5600000,0x00000000f5600000,0x00000000fab00000)
 ParOldGen       total 1398272K, used 29837K [0x0000000080000000, 0x00000000d5580000, 0x00000000d5580000)
  object space 1398272K, 2% used [0x0000000080000000,0x0000000081d234c0,0x00000000d5580000)
 Metaspace       used 66965K, capacity 69812K, committed 69888K, reserved 1112064K
  class space    used 7659K, capacity 8182K, committed 8192K, reserved 1048576K
GC Heap History (10 events):
Event: 4.900 GC heap before
{Heap before GC invocations=3 (full 1):
 PSYoungGen      total 611840K, used 419850K [0x00000000d5580000, 0x0000000100000000, 0x0000000100000000)
  eden space 524800K, 80% used [0x00000000d5580000,0x00000000eef82998,0x00000000f5600000)
  from space 87040K, 0% used [0x00000000f5600000,0x00000000f5600000,0x00000000fab00000)
  to   space 87040K, 0% used [0x00000000fab00000,0x00000000fab00000,0x0000000100000000)
 ParOldGen       total 866304K, used 18629K [0x0000000080000000, 0x00000000b4e00000, 0x00000000d5580000)
  object space 866304K, 2% used [0x0000000080000000,0x0000000081231488,0x00000000b4e00000)
 Metaspace       used 34720K, capacity 35138K, committed 35456K, reserved 1081344K
  class space    used 3958K, capacity 4101K, committed 4224K, reserved 1048576K
Event: 4.927 GC heap after
Heap after GC invocations=3 (full 1):
 PSYoungGen      total 611840K, used 14262K [0x00000000d5580000, 0x0000000100000000, 0x0000000100000000)
  eden space 524800K, 0% used [0x00000000d5580000,0x00000000d5580000,0x00000000f5600000)
  from space 87040K, 16% used [0x00000000fab00000,0x00000000fb8ed8e0,0x0000000100000000)
  to   space 87040K, 0% used [0x00000000f5600000,0x00000000f5600000,0x00000000fab00000)
 ParOldGen       total 866304K, used 18637K [0x0000000080000000, 0x00000000b4e00000, 0x00000000d5580000)
  object space 866304K, 2% used [0x0000000080000000,0x0000000081233488,0x00000000b4e00000)
 Metaspace       used 34720K, capacity 35138K, committed 35456K, reserved 1081344K
  class space    used 3958K, capacity 4101K, committed 4224K, reserved 1048576K
}
Event: 4.927 GC heap before
{Heap before GC invocations=4 (full 2):
 PSYoungGen      total 611840K, used 14262K [0x00000000d5580000, 0x0000000100000000, 0x0000000100000000)
  eden space 524800K, 0% used [0x00000000d5580000,0x00000000d5580000,0x00000000f5600000)
  from space 87040K, 16% used [0x00000000fab00000,0x00000000fb8ed8e0,0x0000000100000000)
  to   space 87040K, 0% used [0x00000000f5600000,0x00000000f5600000,0x00000000fab00000)
 ParOldGen       total 866304K, used 18637K [0x0000000080000000, 0x00000000b4e00000, 0x00000000d5580000)
  object space 866304K, 2% used [0x0000000080000000,0x0000000081233488,0x00000000b4e00000)
 Metaspace       used 34720K, capacity 35138K, committed 35456K, reserved 1081344K
  class space    used 3958K, capacity 4101K, committed 4224K, reserved 1048576K
Event: 5.037 GC heap after
Heap after GC invocations=4 (full 2):
 PSYoungGen      total 611840K, used 0K [0x00000000d5580000, 0x0000000100000000, 0x0000000100000000)
  eden space 524800K, 0% used [0x00000000d5580000,0x00000000d5580000,0x00000000f5600000)
  from space 87040K, 0% used [0x00000000fab00000,0x00000000fab00000,0x0000000100000000)
  to   space 87040K, 0% used [0x00000000f5600000,0x00000000f5600000,0x00000000fab00000)
 ParOldGen       total 1398272K, used 22478K [0x0000000080000000, 0x00000000d5580000, 0x00000000d5580000)
  object space 1398272K, 1% used [0x0000000080000000,0x00000000815f3ad0,0x00000000d5580000)
 Metaspace       used 34720K, capacity 35138K, committed 35456K, reserved 1081344K
  class space    used 3958K, capacity 4101K, committed 4224K, reserved 1048576K
}
Event: 10.590 GC heap before
{Heap before GC invocations=5 (full 2):
 PSYoungGen      total 611840K, used 524800K [0x00000000d5580000, 0x0000000100000000, 0x0000000100000000)
  eden space 524800K, 100% used [0x00000000d5580000,0x00000000f5600000,0x00000000f5600000)
  from space 87040K, 0% used [0x00000000fab00000,0x00000000fab00000,0x0000000100000000)
  to   space 87040K, 0% used [0x00000000f5600000,0x00000000f5600000,0x00000000fab00000)
 ParOldGen       total 1398272K, used 22478K [0x0000000080000000, 0x00000000d5580000, 0x00000000d5580000)
  object space 1398272K, 1% used [0x0000000080000000,0x00000000815f3ad0,0x00000000d5580000)
 Metaspace       used 51110K, capacity 52362K, committed 52736K, reserved 1095680K
  class space    used 6013K, capacity 6273K, committed 6400K, reserved 1048576K
Event: 10.646 GC heap after
Heap after GC invocations=5 (full 2):
 PSYoungGen      total 611840K, used 23941K [0x00000000d5580000, 0x0000000100000000, 0x0000000100000000)
  eden space 524800K, 0% used [0x00000000d5580000,0x00000000d5580000,0x00000000f5600000)
  from space 87040K, 27% used [0x00000000f5600000,0x00000000f6d617d0,0x00000000fab00000)
  to   space 87040K, 0% used [0x00000000fab00000,0x00000000fab00000,0x0000000100000000)
 ParOldGen       total 1398272K, used 22486K [0x0000000080000000, 0x00000000d5580000, 0x00000000d5580000)
  object space 1398272K, 1% used [0x0000000080000000,0x00000000815f5ad0,0x00000000d5580000)
 Metaspace       used 51110K, capacity 52362K, committed 52736K, reserved 1095680K
  class space    used 6013K, capacity 6273K, committed 6400K, reserved 1048576K
}
Event: 11.508 GC heap before
{Heap before GC invocations=6 (full 2):
 PSYoungGen      total 611840K, used 155465K [0x00000000d5580000, 0x0000000100000000, 0x0000000100000000)
  eden space 524800K, 25% used [0x00000000d5580000,0x00000000dd5f0f28,0x00000000f5600000)
  from space 87040K, 27% used [0x00000000f5600000,0x00000000f6d617d0,0x00000000fab00000)
  to   space 87040K, 0% used [0x00000000fab00000,0x00000000fab00000,0x0000000100000000)
 ParOldGen       total 1398272K, used 22486K [0x0000000080000000, 0x00000000d5580000, 0x00000000d5580000)
  object space 1398272K, 1% used [0x0000000080000000,0x00000000815f5ad0,0x00000000d5580000)
 Metaspace       used 57508K, capacity 58960K, committed 59096K, reserved 1101824K
  class space    used 6686K, capacity 6966K, committed 7040K, reserved 1048576K
Event: 11.544 GC heap after
Heap after GC invocations=6 (full 2):
 PSYoungGen      total 611840K, used 17450K [0x00000000d5580000, 0x0000000100000000, 0x0000000100000000)
  eden space 524800K, 0% used [0x00000000d5580000,0x00000000d5580000,0x00000000f5600000)
  from space 87040K, 20% used [0x00000000fab00000,0x00000000fbc0aaa8,0x0000000100000000)
  to   space 87040K, 0% used [0x00000000f5600000,0x00000000f5600000,0x00000000fab00000)
 ParOldGen       total 1398272K, used 22494K [0x0000000080000000, 0x00000000d5580000, 0x00000000d5580000)
  object space 1398272K, 1% used [0x0000000080000000,0x00000000815f7ad0,0x00000000d5580000)
 Metaspace       used 57508K, capacity 58960K, committed 59096K, reserved 1101824K
  class space    used 6686K, capacity 6966K, committed 7040K, reserved 1048576K
}
Event: 11.544 GC heap before
{Heap before GC invocations=7 (full 3):
 PSYoungGen      total 611840K, used 17450K [0x00000000d5580000, 0x0000000100000000, 0x0000000100000000)
  eden space 524800K, 0% used [0x00000000d5580000,0x00000000d5580000,0x00000000f5600000)
  from space 87040K, 20% used [0x00000000fab00000,0x00000000fbc0aaa8,0x0000000100000000)
  to   space 87040K, 0% used [0x00000000f5600000,0x00000000f5600000,0x00000000fab00000)
 ParOldGen       total 1398272K, used 22494K [0x0000000080000000, 0x00000000d5580000, 0x00000000d5580000)
  object space 1398272K, 1% used [0x0000000080000000,0x00000000815f7ad0,0x00000000d5580000)
 Metaspace       used 57508K, capacity 58960K, committed 59096K, reserved 1101824K
  class space    used 6686K, capacity 6966K, committed 7040K, reserved 1048576K
Event: 11.815 GC heap after
Heap after GC invocations=7 (full 3):
 PSYoungGen      total 611840K, used 0K [0x00000000d5580000, 0x0000000100000000, 0x0000000100000000)
  eden space 524800K, 0% used [0x00000000d5580000,0x00000000d5580000,0x00000000f5600000)
  from space 87040K, 0% used [0x00000000fab00000,0x00000000fab00000,0x0000000100000000)
  to   space 87040K, 0% used [0x00000000f5600000,0x00000000f5600000,0x00000000fab00000)
 ParOldGen       total 1398272K, used 29837K [0x0000000080000000, 0x00000000d5580000, 0x00000000d5580000)
  object space 1398272K, 2% used [0x0000000080000000,0x0000000081d234c0,0x00000000d5580000)
 Metaspace       used 57420K, capacity 58752K, committed 59096K, reserved 1101824K
  class space    used 6655K, capacity 6912K, committed 7040K, reserved 1048576K
}

