# JRE version: OpenJDK Runtime Environment (8.0_212-b04) (build 1.8.0_212-b04)
# Java VM: OpenJDK 64-Bit Server VM (25.212-b04 mixed mode linux-amd64 compressed oops)
Heap:
 PSYoungGen      total 611840K, used 387751K [0x00000000d5580000, 0x0000000100000000, 0x0000000100000000)
  eden space 524800K, 73% used [0x00000000d5580000,0x00000000ed029d08,0x00000000f5600000)
  from space 87040K, 0% used [0x00000000fab00000,0x00000000fab00000,0x0000000100000000)
  to   space 87040K, 0% used [0x00000000f5600000,0x00000000f5600000,0x00000000fab00000)
 ParOldGen       total 1398272K, used 31347K [0x0000000080000000, 0x00000000d5580000, 0x00000000d5580000)
  object space 1398272K, 2% used [0x0000000080000000,0x0000000081e9cd08,0x00000000d5580000)
 Metaspace       used 64724K, capacity 67818K, committed 67968K, reserved 1110016K
  class space    used 7491K, capacity 8051K, committed 8064K, reserved 1048576K
GC Heap History (10 events):
Event: 4.894 GC heap before
{Heap before GC invocations=3 (full 1):
 PSYoungGen      total 611840K, used 434547K [0x00000000d5580000, 0x0000000100000000, 0x0000000100000000)
  eden space 524800K, 82% used [0x00000000d5580000,0x00000000efddce98,0x00000000f5600000)
  from space 87040K, 0% used [0x00000000f5600000,0x00000000f5600000,0x00000000fab00000)
  to   space 87040K, 0% used [0x00000000fab00000,0x00000000fab00000,0x0000000100000000)
 ParOldGen       total 852480K, used 13718K [0x0000000080000000, 0x00000000b4080000, 0x00000000d5580000)
  object space 852480K, 1% used [0x0000000080000000,0x0000000080d659b0,0x00000000b4080000)
 Metaspace       used 34783K, capacity 35188K, committed 35416K, reserved 1081344K
  class space    used 3967K, capacity 4092K, committed 4096K, reserved 1048576K
Event: 4.938 GC heap after
Heap after GC invocations=3 (full 1):
 PSYoungGen      total 611840K, used 19241K [0x00000000d5580000, 0x0000000100000000, 0x0000000100000000)
  eden space 524800K, 0% used [0x00000000d5580000,0x00000000d5580000,0x00000000f5600000)
  from space 87040K, 22% used [0x00000000fab00000,0x00000000fbdca4f8,0x0000000100000000)
  to   space 87040K, 0% used [0x00000000f5600000,0x00000000f5600000,0x00000000fab00000)
 ParOldGen       total 852480K, used 13726K [0x0000000080000000, 0x00000000b4080000, 0x00000000d5580000)
  object space 852480K, 1% used [0x0000000080000000,0x0000000080d679b0,0x00000000b4080000)
 Metaspace       used 34783K, capacity 35188K, committed 35416K, reserved 1081344K
  class space    used 3967K, capacity 4092K, committed 4096K, reserved 1048576K
}
Event: 4.938 GC heap before
{Heap before GC invocations=4 (full 2):
 PSYoungGen      total 611840K, used 19241K [0x00000000d5580000, 0x0000000100000000, 0x0000000100000000)
  eden space 524800K, 0% used [0x00000000d5580000,0x00000000d5580000,0x00000000f5600000)
  from space 87040K, 22% used [0x00000000fab00000,0x00000000fbdca4f8,0x0000000100000000)
  to   space 87040K, 0% used [0x00000000f5600000,0x00000000f5600000,0x00000000fab00000)
 ParOldGen       total 852480K, used 13726K [0x0000000080000000, 0x00000000b4080000, 0x00000000d5580000)
  object space 852480K, 1% used [0x0000000080000000,0x0000000080d679b0,0x00000000b4080000)
 Metaspace       used 34783K, capacity 35188K, committed 35416K, reserved 1081344K
  class space    used 3967K, capacity 4092K, committed 4096K, reserved 1048576K
Event: 5.057 GC heap after
Heap after GC invocations=4 (full 2):
 PSYoungGen      total 611840K, used 0K [0x00000000d5580000, 0x0000000100000000, 0x0000000100000000)
  eden space 524800K, 0% used [0x00000000d5580000,0x00000000d5580000,0x00000000f5600000)
  from space 87040K, 0% used [0x00000000fab00000,0x00000000fab00000,0x0000000100000000)
  to   space 87040K, 0% used [0x00000000f5600000,0x00000000f5600000,0x00000000fab00000)
 ParOldGen       total 1398272K, used 23528K [0x0000000080000000, 0x00000000d5580000, 0x00000000d5580000)
  object space 1398272K, 1% used [0x0000000080000000,0x00000000816fa378,0x00000000d5580000)
 Metaspace       used 34783K, capacity 35188K, committed 35416K, reserved 1081344K
  class space    used 3967K, capacity 4092K, committed 4096K, reserved 1048576K
}
Event: 11.722 GC heap before
{Heap before GC invocations=5 (full 2):
 PSYoungGen      total 611840K, used 524800K [0x00000000d5580000, 0x0000000100000000, 0x0000000100000000)
  eden space 524800K, 100% used [0x00000000d5580000,0x00000000f5600000,0x00000000f5600000)
  from space 87040K, 0% used [0x00000000fab00000,0x00000000fab00000,0x0000000100000000)
  to   space 87040K, 0% used [0x00000000f5600000,0x00000000f5600000,0x00000000fab00000)
 ParOldGen       total 1398272K, used 23528K [0x0000000080000000, 0x00000000d5580000, 0x00000000d5580000)
  object space 1398272K, 1% used [0x0000000080000000,0x00000000816fa378,0x00000000d5580000)
 Metaspace       used 52800K, capacity 54244K, committed 54400K, reserved 1097728K
  class space    used 6175K, capacity 6444K, committed 6528K, reserved 1048576K
Event: 11.803 GC heap after
Heap after GC invocations=5 (full 2):
 PSYoungGen      total 611840K, used 27228K [0x00000000d5580000, 0x0000000100000000, 0x0000000100000000)
  eden space 524800K, 0% used [0x00000000d5580000,0x00000000d5580000,0x00000000f5600000)
  from space 87040K, 31% used [0x00000000f5600000,0x00000000f70970e0,0x00000000fab00000)
  to   space 87040K, 0% used [0x00000000fab00000,0x00000000fab00000,0x0000000100000000)
 ParOldGen       total 1398272K, used 23536K [0x0000000080000000, 0x00000000d5580000, 0x00000000d5580000)
  object space 1398272K, 1% used [0x0000000080000000,0x00000000816fc378,0x00000000d5580000)
 Metaspace       used 52800K, capacity 54244K, committed 54400K, reserved 1097728K
  class space    used 6175K, capacity 6444K, committed 6528K, reserved 1048576K
}
Event: 12.739 GC heap before
{Heap before GC invocations=6 (full 2):
 PSYoungGen      total 611840K, used 165866K [0x00000000d5580000, 0x0000000100000000, 0x0000000100000000)
  eden space 524800K, 26% used [0x00000000d5580000,0x00000000ddce3a48,0x00000000f5600000)
  from space 87040K, 31% used [0x00000000f5600000,0x00000000f70970e0,0x00000000fab00000)
  to   space 87040K, 0% used [0x00000000fab00000,0x00000000fab00000,0x0000000100000000)
 ParOldGen       total 1398272K, used 23536K [0x0000000080000000, 0x00000000d5580000, 0x00000000d5580000)
  object space 1398272K, 1% used [0x0000000080000000,0x00000000816fc378,0x00000000d5580000)
 Metaspace       used 57278K, capacity 58922K, committed 59028K, reserved 1101824K
  class space    used 6618K, capacity 6937K, committed 7040K, reserved 1048576K
Event: 12.768 GC heap after
Heap after GC invocations=6 (full 2):
 PSYoungGen      total 611840K, used 19692K [0x00000000d5580000, 0x0000000100000000, 0x0000000100000000)
  eden space 524800K, 0% used [0x00000000d5580000,0x00000000d5580000,0x00000000f5600000)
  from space 87040K, 22% used [0x00000000fab00000,0x00000000fbe3b080,0x0000000100000000)
  to   space 87040K, 0% used [0x00000000f5600000,0x00000000f5600000,0x00000000fab00000)
 ParOldGen       total 1398272K, used 23544K [0x0000000080000000, 0x00000000d5580000, 0x00000000d5580000)
  object space 1398272K, 1% used [0x0000000080000000,0x00000000816fe378,0x00000000d5580000)
 Metaspace       used 57278K, capacity 58922K, committed 59028K, reserved 1101824K
  class space    used 6618K, capacity 6937K, committed 7040K, reserved 1048576K
}
Event: 12.768 GC heap before
{Heap before GC invocations=7 (full 3):
 PSYoungGen      total 611840K, used 19692K [0x00000000d5580000, 0x0000000100000000, 0x0000000100000000)
  eden space 524800K, 0% used [0x00000000d5580000,0x00000000d5580000,0x00000000f5600000)
  from space 87040K, 22% used [0x00000000fab00000,0x00000000fbe3b080,0x0000000100000000)
  to   space 87040K, 0% used [0x00000000f5600000,0x00000000f5600000,0x00000000fab00000)
 ParOldGen       total 1398272K, used 23544K [0x0000000080000000, 0x00000000d5580000, 0x00000000d5580000)
  object space 1398272K, 1% used [0x0000000080000000,0x00000000816fe378,0x00000000d5580000)
 Metaspace       used 57278K, capacity 58922K, committed 59028K, reserved 1101824K
  class space    used 6618K, capacity 6937K, committed 7040K, reserved 1048576K
Event: 13.064 GC heap after
Heap after GC invocations=7 (full 3):
 PSYoungGen      total 611840K, used 0K [0x00000000d5580000, 0x0000000100000000, 0x0000000100000000)
  eden space 524800K, 0% used [0x00000000d5580000,0x00000000d5580000,0x00000000f5600000)
  from space 87040K, 0% used [0x00000000fab00000,0x00000000fab00000,0x0000000100000000)
  to   space 87040K, 0% used [0x00000000f5600000,0x00000000f5600000,0x00000000fab00000)
 ParOldGen       total 1398272K, used 31347K [0x0000000080000000, 0x00000000d5580000, 0x00000000d5580000)
  object space 1398272K, 2% used [0x0000000080000000,0x0000000081e9cd08,0x00000000d5580000)
 Metaspace       used 57221K, capacity 58750K, committed 59028K, reserved 1101824K
  class space    used 6598K, capacity 6903K, committed 7040K, reserved 1048576K
}

