# JRE version: OpenJDK Runtime Environment (8.0_212-b04) (build 1.8.0_212-b04)
# Java VM: OpenJDK 64-Bit Server VM (25.212-b04 mixed mode linux-amd64 compressed oops)
Heap:
 PSYoungGen      total 522752K, used 230614K [0x00000000d5580000, 0x0000000100000000, 0x0000000100000000)
  eden space 432640K, 32% used [0x00000000d5580000,0x00000000dded35b0,0x00000000efc00000)
  from space 90112K, 99% used [0x00000000efc00000,0x00000000f53e25f8,0x00000000f5400000)
  to   space 139264K, 0% used [0x00000000f7800000,0x00000000f7800000,0x0000000100000000)
 ParOldGen       total 1398272K, used 95392K [0x0000000080000000, 0x00000000d5580000, 0x00000000d5580000)
  object space 1398272K, 6% used [0x0000000080000000,0x0000000085d28140,0x00000000d5580000)
 Metaspace       used 67619K, capacity 71000K, committed 71296K, reserved 1112064K
  class space    used 7612K, capacity 8200K, committed 8320K, reserved 1048576K
GC Heap History (10 events):
Event: 11.556 GC heap before
{Heap before GC invocations=6 (full 3):
 PSYoungGen      total 611840K, used 34159K [0x00000000d5580000, 0x0000000100000000, 0x0000000100000000)
  eden space 524800K, 0% used [0x00000000d5580000,0x00000000d5580000,0x00000000f5600000)
  from space 87040K, 39% used [0x00000000f5600000,0x00000000f775bff0,0x00000000fab00000)
  to   space 87040K, 0% used [0x00000000fab00000,0x00000000fab00000,0x0000000100000000)
 ParOldGen       total 1398272K, used 23635K [0x0000000080000000, 0x00000000d5580000, 0x00000000d5580000)
  object space 1398272K, 1% used [0x0000000080000000,0x0000000081714d28,0x00000000d5580000)
 Metaspace       used 57451K, capacity 58856K, committed 59008K, reserved 1101824K
  class space    used 6650K, capacity 6944K, committed 7040K, reserved 1048576K
Event: 11.868 GC heap after
Heap after GC invocations=6 (full 3):
 PSYoungGen      total 611840K, used 0K [0x00000000d5580000, 0x0000000100000000, 0x0000000100000000)
  eden space 524800K, 0% used [0x00000000d5580000,0x00000000d5580000,0x00000000f5600000)
  from space 87040K, 0% used [0x00000000f5600000,0x00000000f5600000,0x00000000fab00000)
  to   space 87040K, 0% used [0x00000000fab00000,0x00000000fab00000,0x0000000100000000)
 ParOldGen       total 1398272K, used 44568K [0x0000000080000000, 0x00000000d5580000, 0x00000000d5580000)
  object space 1398272K, 3% used [0x0000000080000000,0x0000000082b86100,0x00000000d5580000)
 Metaspace       used 57421K, capacity 58788K, committed 59008K, reserved 1101824K
  class space    used 6639K, capacity 6926K, committed 7040K, reserved 1048576K
}
Event: 27.360 GC heap before
{Heap before GC invocations=7 (full 3):
 PSYoungGen      total 611840K, used 501552K [0x00000000d5580000, 0x0000000100000000, 0x0000000100000000)
  eden space 524800K, 95% used [0x00000000d5580000,0x00000000f3f4c100,0x00000000f5600000)
  from space 87040K, 0% used [0x00000000f5600000,0x00000000f5600000,0x00000000fab00000)
  to   space 87040K, 0% used [0x00000000fab00000,0x00000000fab00000,0x0000000100000000)
 ParOldGen       total 1398272K, used 44568K [0x0000000080000000, 0x00000000d5580000, 0x00000000d5580000)
  object space 1398272K, 3% used [0x0000000080000000,0x0000000082b86100,0x00000000d5580000)
 Metaspace       used 65572K, capacity 68494K, committed 68736K, reserved 1110016K
  class space    used 7514K, capacity 8039K, committed 8064K, reserved 1048576K
Event: 27.468 GC heap after
Heap after GC invocations=7 (full 3):
 PSYoungGen      total 611840K, used 57338K [0x00000000d5580000, 0x0000000100000000, 0x0000000100000000)
  eden space 524800K, 0% used [0x00000000d5580000,0x00000000d5580000,0x00000000f5600000)
  from space 87040K, 65% used [0x00000000fab00000,0x00000000fe2fea58,0x0000000100000000)
  to   space 87040K, 0% used [0x00000000f5600000,0x00000000f5600000,0x00000000fab00000)
 ParOldGen       total 1398272K, used 44576K [0x0000000080000000, 0x00000000d5580000, 0x00000000d5580000)
  object space 1398272K, 3% used [0x0000000080000000,0x0000000082b88100,0x00000000d5580000)
 Metaspace       used 65572K, capacity 68494K, committed 68736K, reserved 1110016K
  class space    used 7514K, capacity 8039K, committed 8064K, reserved 1048576K
}
Event: 32.784 GC heap before
{Heap before GC invocations=8 (full 3):
 PSYoungGen      total 611840K, used 578106K [0x00000000d5580000, 0x0000000100000000, 0x0000000100000000)
  eden space 524800K, 99% used [0x00000000d5580000,0x00000000f520ff48,0x00000000f5600000)
  from space 87040K, 65% used [0x00000000fab00000,0x00000000fe2fea58,0x0000000100000000)
  to   space 87040K, 0% used [0x00000000f5600000,0x00000000f5600000,0x00000000fab00000)
 ParOldGen       total 1398272K, used 44576K [0x0000000080000000, 0x00000000d5580000, 0x00000000d5580000)
  object space 1398272K, 3% used [0x0000000080000000,0x0000000082b88100,0x00000000d5580000)
 Metaspace       used 66243K, capacity 69228K, committed 69248K, reserved 1110016K
  class space    used 7536K, capacity 8064K, committed 8064K, reserved 1048576K
Event: 32.891 GC heap after
Heap after GC invocations=8 (full 3):
 PSYoungGen      total 600576K, used 75752K [0x00000000d5580000, 0x00000000ffe00000, 0x0000000100000000)
  eden space 524800K, 0% used [0x00000000d5580000,0x00000000d5580000,0x00000000f5600000)
  from space 75776K, 99% used [0x00000000f5600000,0x00000000f9ffa2f8,0x00000000fa000000)
  to   space 86016K, 0% used [0x00000000faa00000,0x00000000faa00000,0x00000000ffe00000)
 ParOldGen       total 1398272K, used 44576K [0x0000000080000000, 0x00000000d5580000, 0x00000000d5580000)
  object space 1398272K, 3% used [0x0000000080000000,0x0000000082b88100,0x00000000d5580000)
 Metaspace       used 66243K, capacity 69228K, committed 69248K, reserved 1110016K
  class space    used 7536K, capacity 8064K, committed 8064K, reserved 1048576K
}
Event: 36.735 GC heap before
{Heap before GC invocations=9 (full 3):
 PSYoungGen      total 600576K, used 591002K [0x00000000d5580000, 0x00000000ffe00000, 0x0000000100000000)
  eden space 524800K, 98% used [0x00000000d5580000,0x00000000f4cac608,0x00000000f5600000)
  from space 75776K, 99% used [0x00000000f5600000,0x00000000f9ffa2f8,0x00000000fa000000)
  to   space 86016K, 0% used [0x00000000faa00000,0x00000000faa00000,0x00000000ffe00000)
 ParOldGen       total 1398272K, used 44576K [0x0000000080000000, 0x00000000d5580000, 0x00000000d5580000)
  object space 1398272K, 3% used [0x0000000080000000,0x0000000082b88100,0x00000000d5580000)
 Metaspace       used 67166K, capacity 70470K, committed 70656K, reserved 1112064K
  class space    used 7600K, capacity 8179K, committed 8192K, reserved 1048576K
Event: 36.834 GC heap after
Heap after GC invocations=9 (full 3):
 PSYoungGen      total 518656K, used 85990K [0x00000000d5580000, 0x0000000100000000, 0x0000000100000000)
  eden space 432640K, 0% used [0x00000000d5580000,0x00000000d5580000,0x00000000efc00000)
  from space 86016K, 99% used [0x00000000faa00000,0x00000000ffdf9828,0x00000000ffe00000)
  to   space 133120K, 0% used [0x00000000efc00000,0x00000000efc00000,0x00000000f7e00000)
 ParOldGen       total 1398272K, used 95392K [0x0000000080000000, 0x00000000d5580000, 0x00000000d5580000)
  object space 1398272K, 6% used [0x0000000080000000,0x0000000085d28140,0x00000000d5580000)
 Metaspace       used 67166K, capacity 70470K, committed 70656K, reserved 1112064K
  class space    used 7600K, capacity 8179K, committed 8192K, reserved 1048576K
}
Event: 37.457 GC heap before
{Heap before GC invocations=10 (full 3):
 PSYoungGen      total 518656K, used 518630K [0x00000000d5580000, 0x0000000100000000, 0x0000000100000000)
  eden space 432640K, 100% used [0x00000000d5580000,0x00000000efc00000,0x00000000efc00000)
  from space 86016K, 99% used [0x00000000faa00000,0x00000000ffdf9828,0x00000000ffe00000)
  to   space 133120K, 0% used [0x00000000efc00000,0x00000000efc00000,0x00000000f7e00000)
 ParOldGen       total 1398272K, used 95392K [0x0000000080000000, 0x00000000d5580000, 0x00000000d5580000)
  object space 1398272K, 6% used [0x0000000080000000,0x0000000085d28140,0x00000000d5580000)
 Metaspace       used 67376K, capacity 70728K, committed 71040K, reserved 1112064K
  class space    used 7612K, capacity 8200K, committed 8320K, reserved 1048576K
Event: 37.497 GC heap after
Heap after GC invocations=10 (full 3):
 PSYoungGen      total 522752K, used 89993K [0x00000000d5580000, 0x0000000100000000, 0x0000000100000000)
  eden space 432640K, 0% used [0x00000000d5580000,0x00000000d5580000,0x00000000efc00000)
  from space 90112K, 99% used [0x00000000efc00000,0x00000000f53e25f8,0x00000000f5400000)
  to   space 139264K, 0% used [0x00000000f7800000,0x00000000f7800000,0x0000000100000000)
 ParOldGen       total 1398272K, used 95392K [0x0000000080000000, 0x00000000d5580000, 0x00000000d5580000)
  object space 1398272K, 6% used [0x0000000080000000,0x0000000085d28140,0x00000000d5580000)
 Metaspace       used 67376K, capacity 70728K, committed 71040K, reserved 1112064K
  class space    used 7612K, capacity 8200K, committed 8320K, reserved 1048576K
}

