# JRE version: OpenJDK Runtime Environment (8.0_212-b04) (build 1.8.0_212-b04)
# Java VM: OpenJDK 64-Bit Server VM (25.212-b04 mixed mode linux-amd64 compressed oops)
Heap:
 PSYoungGen      total 611840K, used 207043K [0x00000000d5580000, 0x0000000100000000, 0x0000000100000000)
  eden space 524800K, 39% used [0x00000000d5580000,0x00000000e1fb0c08,0x00000000f5600000)
  from space 87040K, 0% used [0x00000000f5600000,0x00000000f5600000,0x00000000fab00000)
  to   space 87040K, 0% used [0x00000000fab00000,0x00000000fab00000,0x0000000100000000)
 ParOldGen       total 1398272K, used 44538K [0x0000000080000000, 0x00000000d5580000, 0x00000000d5580000)
  object space 1398272K, 3% used [0x0000000080000000,0x0000000082b7eaa0,0x00000000d5580000)
 Metaspace       used 62212K, capacity 64448K, committed 64768K, reserved 1105920K
  class space    used 7182K, capacity 7586K, committed 7680K, reserved 1048576K
GC Heap History (10 events):
Event: 2.059 GC heap before
{Heap before GC invocations=2 (full 1):
 PSYoungGen      total 611840K, used 14290K [0x00000000d5580000, 0x0000000100000000, 0x0000000100000000)
  eden space 524800K, 0% used [0x00000000d5580000,0x00000000d5580000,0x00000000f5600000)
  from space 87040K, 16% used [0x00000000f5600000,0x00000000f63f4998,0x00000000fab00000)
  to   space 87040K, 0% used [0x00000000fab00000,0x00000000fab00000,0x0000000100000000)
 ParOldGen       total 1398272K, used 72K [0x0000000080000000, 0x00000000d5580000, 0x00000000d5580000)
  object space 1398272K, 0% used [0x0000000080000000,0x0000000080012010,0x00000000d5580000)
 Metaspace       used 20850K, capacity 21106K, committed 21296K, reserved 1069056K
  class space    used 2350K, capacity 2418K, committed 2432K, reserved 1048576K
Event: 2.124 GC heap after
Heap after GC invocations=2 (full 1):
 PSYoungGen      total 611840K, used 0K [0x00000000d5580000, 0x0000000100000000, 0x0000000100000000)
  eden space 524800K, 0% used [0x00000000d5580000,0x00000000d5580000,0x00000000f5600000)
  from space 87040K, 0% used [0x00000000f5600000,0x00000000f5600000,0x00000000fab00000)
  to   space 87040K, 0% used [0x00000000fab00000,0x00000000fab00000,0x0000000100000000)
 ParOldGen       total 866304K, used 13722K [0x0000000080000000, 0x00000000b4e00000, 0x00000000d5580000)
  object space 866304K, 1% used [0x0000000080000000,0x0000000080d66948,0x00000000b4e00000)
 Metaspace       used 20850K, capacity 21106K, committed 21296K, reserved 1069056K
  class space    used 2350K, capacity 2418K, committed 2432K, reserved 1048576K
}
Event: 4.199 GC heap before
{Heap before GC invocations=3 (full 1):
 PSYoungGen      total 611840K, used 490701K [0x00000000d5580000, 0x0000000100000000, 0x0000000100000000)
  eden space 524800K, 93% used [0x00000000d5580000,0x00000000f34b3690,0x00000000f5600000)
  from space 87040K, 0% used [0x00000000f5600000,0x00000000f5600000,0x00000000fab00000)
  to   space 87040K, 0% used [0x00000000fab00000,0x00000000fab00000,0x0000000100000000)
 ParOldGen       total 866304K, used 13722K [0x0000000080000000, 0x00000000b4e00000, 0x00000000d5580000)
  object space 866304K, 1% used [0x0000000080000000,0x0000000080d66948,0x00000000b4e00000)
 Metaspace       used 34856K, capacity 35220K, committed 35496K, reserved 1081344K
  class space    used 3967K, capacity 4060K, committed 4096K, reserved 1048576K
Event: 4.241 GC heap after
Heap after GC invocations=3 (full 1):
 PSYoungGen      total 611840K, used 19466K [0x00000000d5580000, 0x0000000100000000, 0x0000000100000000)
  eden space 524800K, 0% used [0x00000000d5580000,0x00000000d5580000,0x00000000f5600000)
  from space 87040K, 22% used [0x00000000fab00000,0x00000000fbe02b50,0x0000000100000000)
  to   space 87040K, 0% used [0x00000000f5600000,0x00000000f5600000,0x00000000fab00000)
 ParOldGen       total 866304K, used 13722K [0x0000000080000000, 0x00000000b4e00000, 0x00000000d5580000)
  object space 866304K, 1% used [0x0000000080000000,0x0000000080d66948,0x00000000b4e00000)
 Metaspace       used 34856K, capacity 35220K, committed 35496K, reserved 1081344K
  class space    used 3967K, capacity 4060K, committed 4096K, reserved 1048576K
}
Event: 4.241 GC heap before
{Heap before GC invocations=4 (full 2):
 PSYoungGen      total 611840K, used 19466K [0x00000000d5580000, 0x0000000100000000, 0x0000000100000000)
  eden space 524800K, 0% used [0x00000000d5580000,0x00000000d5580000,0x00000000f5600000)
  from space 87040K, 22% used [0x00000000fab00000,0x00000000fbe02b50,0x0000000100000000)
  to   space 87040K, 0% used [0x00000000f5600000,0x00000000f5600000,0x00000000fab00000)
 ParOldGen       total 866304K, used 13722K [0x0000000080000000, 0x00000000b4e00000, 0x00000000d5580000)
  object space 866304K, 1% used [0x0000000080000000,0x0000000080d66948,0x00000000b4e00000)
 Metaspace       used 34856K, capacity 35220K, committed 35496K, reserved 1081344K
  class space    used 3967K, capacity 4060K, committed 4096K, reserved 1048576K
Event: 4.368 GC heap after
Heap after GC invocations=4 (full 2):
 PSYoungGen      total 611840K, used 0K [0x00000000d5580000, 0x0000000100000000, 0x0000000100000000)
  eden space 524800K, 0% used [0x00000000d5580000,0x00000000d5580000,0x00000000f5600000)
  from space 87040K, 0% used [0x00000000fab00000,0x00000000fab00000,0x0000000100000000)
  to   space 87040K, 0% used [0x00000000f5600000,0x00000000f5600000,0x00000000fab00000)
 ParOldGen       total 1398272K, used 23592K [0x0000000080000000, 0x00000000d5580000, 0x00000000d5580000)
  object space 1398272K, 1% used [0x0000000080000000,0x000000008170a2e0,0x00000000d5580000)
 Metaspace       used 34856K, capacity 35220K, committed 35496K, reserved 1081344K
  class space    used 3967K, capacity 4060K, committed 4096K, reserved 1048576K
}
Event: 11.511 GC heap before
{Heap before GC invocations=5 (full 2):
 PSYoungGen      total 611840K, used 501981K [0x00000000d5580000, 0x0000000100000000, 0x0000000100000000)
  eden space 524800K, 95% used [0x00000000d5580000,0x00000000f3fb7480,0x00000000f5600000)
  from space 87040K, 0% used [0x00000000fab00000,0x00000000fab00000,0x0000000100000000)
  to   space 87040K, 0% used [0x00000000f5600000,0x00000000f5600000,0x00000000fab00000)
 ParOldGen       total 1398272K, used 23592K [0x0000000080000000, 0x00000000d5580000, 0x00000000d5580000)
  object space 1398272K, 1% used [0x0000000080000000,0x000000008170a2e0,0x00000000d5580000)
 Metaspace       used 57491K, capacity 58902K, committed 59160K, reserved 1101824K
  class space    used 6656K, capacity 6941K, committed 7040K, reserved 1048576K
Event: 11.587 GC heap after
Heap after GC invocations=5 (full 2):
 PSYoungGen      total 611840K, used 33936K [0x00000000d5580000, 0x0000000100000000, 0x0000000100000000)
  eden space 524800K, 0% used [0x00000000d5580000,0x00000000d5580000,0x00000000f5600000)
  from space 87040K, 38% used [0x00000000f5600000,0x00000000f7724268,0x00000000fab00000)
  to   space 87040K, 0% used [0x00000000fab00000,0x00000000fab00000,0x0000000100000000)
 ParOldGen       total 1398272K, used 23600K [0x0000000080000000, 0x00000000d5580000, 0x00000000d5580000)
  object space 1398272K, 1% used [0x0000000080000000,0x000000008170c2e0,0x00000000d5580000)
 Metaspace       used 57491K, capacity 58902K, committed 59160K, reserved 1101824K
  class space    used 6656K, capacity 6941K, committed 7040K, reserved 1048576K
}
Event: 11.587 GC heap before
{Heap before GC invocations=6 (full 3):
 PSYoungGen      total 611840K, used 33936K [0x00000000d5580000, 0x0000000100000000, 0x0000000100000000)
  eden space 524800K, 0% used [0x00000000d5580000,0x00000000d5580000,0x00000000f5600000)
  from space 87040K, 38% used [0x00000000f5600000,0x00000000f7724268,0x00000000fab00000)
  to   space 87040K, 0% used [0x00000000fab00000,0x00000000fab00000,0x0000000100000000)
 ParOldGen       total 1398272K, used 23600K [0x0000000080000000, 0x00000000d5580000, 0x00000000d5580000)
  object space 1398272K, 1% used [0x0000000080000000,0x000000008170c2e0,0x00000000d5580000)
 Metaspace       used 57491K, capacity 58902K, committed 59160K, reserved 1101824K
  class space    used 6656K, capacity 6941K, committed 7040K, reserved 1048576K
Event: 11.830 GC heap after
Heap after GC invocations=6 (full 3):
 PSYoungGen      total 611840K, used 0K [0x00000000d5580000, 0x0000000100000000, 0x0000000100000000)
  eden space 524800K, 0% used [0x00000000d5580000,0x00000000d5580000,0x00000000f5600000)
  from space 87040K, 0% used [0x00000000f5600000,0x00000000f5600000,0x00000000fab00000)
  to   space 87040K, 0% used [0x00000000fab00000,0x00000000fab00000,0x0000000100000000)
 ParOldGen       total 1398272K, used 44538K [0x0000000080000000, 0x00000000d5580000, 0x00000000d5580000)
  object space 1398272K, 3% used [0x0000000080000000,0x0000000082b7eaa0,0x00000000d5580000)
 Metaspace       used 57451K, capacity 58810K, committed 59160K, reserved 1101824K
  class space    used 6642K, capacity 6917K, committed 7040K, reserved 1048576K
}

