# JRE version: OpenJDK Runtime Environment (8.0_212-b04) (build 1.8.0_212-b04)
# Java VM: OpenJDK 64-Bit Server VM (25.212-b04 mixed mode linux-amd64 compressed oops)
Heap:
 PSYoungGen      total 611840K, used 65387K [0x00000000d5580000, 0x0000000100000000, 0x0000000100000000)
  eden space 524800K, 3% used [0x00000000d5580000,0x00000000d69cd1f0,0x00000000f5600000)
  from space 87040K, 51% used [0x00000000fab00000,0x00000000fd68dc88,0x0000000100000000)
  to   space 87040K, 0% used [0x00000000f5600000,0x00000000f5600000,0x00000000fab00000)
 ParOldGen       total 1398272K, used 44364K [0x0000000080000000, 0x00000000d5580000, 0x00000000d5580000)
  object space 1398272K, 3% used [0x0000000080000000,0x0000000082b533e8,0x00000000d5580000)
 Metaspace       used 66957K, capacity 69880K, committed 70144K, reserved 1112064K
  class space    used 7632K, capacity 8144K, committed 8192K, reserved 1048576K
GC Heap History (10 events):
Event: 4.279 GC heap before
{Heap before GC invocations=3 (full 1):
 PSYoungGen      total 611840K, used 434548K [0x00000000d5580000, 0x0000000100000000, 0x0000000100000000)
  eden space 524800K, 82% used [0x00000000d5580000,0x00000000efddd020,0x00000000f5600000)
  from space 87040K, 0% used [0x00000000f5600000,0x00000000f5600000,0x00000000fab00000)
  to   space 87040K, 0% used [0x00000000fab00000,0x00000000fab00000,0x0000000100000000)
 ParOldGen       total 897536K, used 13777K [0x0000000080000000, 0x00000000b6c80000, 0x00000000d5580000)
  object space 897536K, 1% used [0x0000000080000000,0x0000000080d74408,0x00000000b6c80000)
 Metaspace       used 34721K, capacity 35124K, committed 35416K, reserved 1081344K
  class space    used 3963K, capacity 4092K, committed 4096K, reserved 1048576K
Event: 4.317 GC heap after
Heap after GC invocations=3 (full 1):
 PSYoungGen      total 611840K, used 19194K [0x00000000d5580000, 0x0000000100000000, 0x0000000100000000)
  eden space 524800K, 0% used [0x00000000d5580000,0x00000000d5580000,0x00000000f5600000)
  from space 87040K, 22% used [0x00000000fab00000,0x00000000fbdbe8b8,0x0000000100000000)
  to   space 87040K, 0% used [0x00000000f5600000,0x00000000f5600000,0x00000000fab00000)
 ParOldGen       total 897536K, used 13777K [0x0000000080000000, 0x00000000b6c80000, 0x00000000d5580000)
  object space 897536K, 1% used [0x0000000080000000,0x0000000080d74408,0x00000000b6c80000)
 Metaspace       used 34721K, capacity 35124K, committed 35416K, reserved 1081344K
  class space    used 3963K, capacity 4092K, committed 4096K, reserved 1048576K
}
Event: 4.317 GC heap before
{Heap before GC invocations=4 (full 2):
 PSYoungGen      total 611840K, used 19194K [0x00000000d5580000, 0x0000000100000000, 0x0000000100000000)
  eden space 524800K, 0% used [0x00000000d5580000,0x00000000d5580000,0x00000000f5600000)
  from space 87040K, 22% used [0x00000000fab00000,0x00000000fbdbe8b8,0x0000000100000000)
  to   space 87040K, 0% used [0x00000000f5600000,0x00000000f5600000,0x00000000fab00000)
 ParOldGen       total 897536K, used 13777K [0x0000000080000000, 0x00000000b6c80000, 0x00000000d5580000)
  object space 897536K, 1% used [0x0000000080000000,0x0000000080d74408,0x00000000b6c80000)
 Metaspace       used 34721K, capacity 35124K, committed 35416K, reserved 1081344K
  class space    used 3963K, capacity 4092K, committed 4096K, reserved 1048576K
Event: 4.416 GC heap after
Heap after GC invocations=4 (full 2):
 PSYoungGen      total 611840K, used 0K [0x00000000d5580000, 0x0000000100000000, 0x0000000100000000)
  eden space 524800K, 0% used [0x00000000d5580000,0x00000000d5580000,0x00000000f5600000)
  from space 87040K, 0% used [0x00000000fab00000,0x00000000fab00000,0x0000000100000000)
  to   space 87040K, 0% used [0x00000000f5600000,0x00000000f5600000,0x00000000fab00000)
 ParOldGen       total 1398272K, used 23508K [0x0000000080000000, 0x00000000d5580000, 0x00000000d5580000)
  object space 1398272K, 1% used [0x0000000080000000,0x00000000816f53f0,0x00000000d5580000)
 Metaspace       used 34721K, capacity 35124K, committed 35416K, reserved 1081344K
  class space    used 3963K, capacity 4092K, committed 4096K, reserved 1048576K
}
Event: 11.312 GC heap before
{Heap before GC invocations=5 (full 2):
 PSYoungGen      total 611840K, used 494865K [0x00000000d5580000, 0x0000000100000000, 0x0000000100000000)
  eden space 524800K, 94% used [0x00000000d5580000,0x00000000f38c45a8,0x00000000f5600000)
  from space 87040K, 0% used [0x00000000fab00000,0x00000000fab00000,0x0000000100000000)
  to   space 87040K, 0% used [0x00000000f5600000,0x00000000f5600000,0x00000000fab00000)
 ParOldGen       total 1398272K, used 23508K [0x0000000080000000, 0x00000000d5580000, 0x00000000d5580000)
  object space 1398272K, 1% used [0x0000000080000000,0x00000000816f53f0,0x00000000d5580000)
 Metaspace       used 57451K, capacity 58896K, committed 59028K, reserved 1101824K
  class space    used 6630K, capacity 6902K, committed 6912K, reserved 1048576K
Event: 11.380 GC heap after
Heap after GC invocations=5 (full 2):
 PSYoungGen      total 611840K, used 33803K [0x00000000d5580000, 0x0000000100000000, 0x0000000100000000)
  eden space 524800K, 0% used [0x00000000d5580000,0x00000000d5580000,0x00000000f5600000)
  from space 87040K, 38% used [0x00000000f5600000,0x00000000f7702cb8,0x00000000fab00000)
  to   space 87040K, 0% used [0x00000000fab00000,0x00000000fab00000,0x0000000100000000)
 ParOldGen       total 1398272K, used 23516K [0x0000000080000000, 0x00000000d5580000, 0x00000000d5580000)
  object space 1398272K, 1% used [0x0000000080000000,0x00000000816f73f0,0x00000000d5580000)
 Metaspace       used 57451K, capacity 58896K, committed 59028K, reserved 1101824K
  class space    used 6630K, capacity 6902K, committed 6912K, reserved 1048576K
}
Event: 11.380 GC heap before
{Heap before GC invocations=6 (full 3):
 PSYoungGen      total 611840K, used 33803K [0x00000000d5580000, 0x0000000100000000, 0x0000000100000000)
  eden space 524800K, 0% used [0x00000000d5580000,0x00000000d5580000,0x00000000f5600000)
  from space 87040K, 38% used [0x00000000f5600000,0x00000000f7702cb8,0x00000000fab00000)
  to   space 87040K, 0% used [0x00000000fab00000,0x00000000fab00000,0x0000000100000000)
 ParOldGen       total 1398272K, used 23516K [0x0000000080000000, 0x00000000d5580000, 0x00000000d5580000)
  object space 1398272K, 1% used [0x0000000080000000,0x00000000816f73f0,0x00000000d5580000)
 Metaspace       used 57451K, capacity 58896K, committed 59028K, reserved 1101824K
  class space    used 6630K, capacity 6902K, committed 6912K, reserved 1048576K
Event: 11.626 GC heap after
Heap after GC invocations=6 (full 3):
 PSYoungGen      total 611840K, used 0K [0x00000000d5580000, 0x0000000100000000, 0x0000000100000000)
  eden space 524800K, 0% used [0x00000000d5580000,0x00000000d5580000,0x00000000f5600000)
  from space 87040K, 0% used [0x00000000f5600000,0x00000000f5600000,0x00000000fab00000)
  to   space 87040K, 0% used [0x00000000fab00000,0x00000000fab00000,0x0000000100000000)
 ParOldGen       total 1398272K, used 44356K [0x0000000080000000, 0x00000000d5580000, 0x00000000d5580000)
  object space 1398272K, 3% used [0x0000000080000000,0x0000000082b513e8,0x00000000d5580000)
 Metaspace       used 57413K, capacity 58804K, committed 59028K, reserved 1101824K
  class space    used 6617K, capacity 6880K, committed 6912K, reserved 1048576K
}
Event: 49.944 GC heap before
{Heap before GC invocations=7 (full 3):
 PSYoungGen      total 611840K, used 524800K [0x00000000d5580000, 0x0000000100000000, 0x0000000100000000)
  eden space 524800K, 100% used [0x00000000d5580000,0x00000000f5600000,0x00000000f5600000)
  from space 87040K, 0% used [0x00000000f5600000,0x00000000f5600000,0x00000000fab00000)
  to   space 87040K, 0% used [0x00000000fab00000,0x00000000fab00000,0x0000000100000000)
 ParOldGen       total 1398272K, used 44356K [0x0000000080000000, 0x00000000d5580000, 0x00000000d5580000)
  object space 1398272K, 3% used [0x0000000080000000,0x0000000082b513e8,0x00000000d5580000)
 Metaspace       used 66924K, capacity 69744K, committed 69888K, reserved 1112064K
  class space    used 7632K, capacity 8144K, committed 8192K, reserved 1048576K
Event: 50.031 GC heap after
Heap after GC invocations=7 (full 3):
 PSYoungGen      total 611840K, used 44599K [0x00000000d5580000, 0x0000000100000000, 0x0000000100000000)
  eden space 524800K, 0% used [0x00000000d5580000,0x00000000d5580000,0x00000000f5600000)
  from space 87040K, 51% used [0x00000000fab00000,0x00000000fd68dc88,0x0000000100000000)
  to   space 87040K, 0% used [0x00000000f5600000,0x00000000f5600000,0x00000000fab00000)
 ParOldGen       total 1398272K, used 44364K [0x0000000080000000, 0x00000000d5580000, 0x00000000d5580000)
  object space 1398272K, 3% used [0x0000000080000000,0x0000000082b533e8,0x00000000d5580000)
 Metaspace       used 66924K, capacity 69744K, committed 69888K, reserved 1112064K
  class space    used 7632K, capacity 8144K, committed 8192K, reserved 1048576K
}

