# JRE version: OpenJDK Runtime Environment (8.0_212-b04) (build 1.8.0_212-b04)
# Java VM: OpenJDK 64-Bit Server VM (25.212-b04 mixed mode linux-amd64 compressed oops)
Heap:
 PSYoungGen      total 607744K, used 155168K [0x00000000d5580000, 0x0000000100000000, 0x0000000100000000)
  eden space 524800K, 13% used [0x00000000d5580000,0x00000000d9c66fc8,0x00000000f5600000)
  from space 82944K, 99% used [0x00000000f5600000,0x00000000fa6a1138,0x00000000fa700000)
  to   space 91136K, 0% used [0x00000000fa700000,0x00000000fa700000,0x0000000100000000)
 ParOldGen       total 1398272K, used 44172K [0x0000000080000000, 0x00000000d5580000, 0x00000000d5580000)
  object space 1398272K, 3% used [0x0000000080000000,0x0000000082b23078,0x00000000d5580000)
 Metaspace       used 66972K, capacity 70034K, committed 70144K, reserved 1112064K
  class space    used 7590K, capacity 8145K, committed 8192K, reserved 1048576K
GC Heap History (10 events):
Event: 4.804 GC heap before
{Heap before GC invocations=4 (full 2):
 PSYoungGen      total 611840K, used 19190K [0x00000000d5580000, 0x0000000100000000, 0x0000000100000000)
  eden space 524800K, 0% used [0x00000000d5580000,0x00000000d5580000,0x00000000f5600000)
  from space 87040K, 22% used [0x00000000fab00000,0x00000000fbdbd968,0x0000000100000000)
  to   space 87040K, 0% used [0x00000000f5600000,0x00000000f5600000,0x00000000fab00000)
 ParOldGen       total 885248K, used 13762K [0x0000000080000000, 0x00000000b6080000, 0x00000000d5580000)
  object space 885248K, 1% used [0x0000000080000000,0x0000000080d70a08,0x00000000b6080000)
 Metaspace       used 34839K, capacity 35188K, committed 35416K, reserved 1081344K
  class space    used 3968K, capacity 4092K, committed 4096K, reserved 1048576K
Event: 4.882 GC heap after
Heap after GC invocations=4 (full 2):
 PSYoungGen      total 611840K, used 0K [0x00000000d5580000, 0x0000000100000000, 0x0000000100000000)
  eden space 524800K, 0% used [0x00000000d5580000,0x00000000d5580000,0x00000000f5600000)
  from space 87040K, 0% used [0x00000000fab00000,0x00000000fab00000,0x0000000100000000)
  to   space 87040K, 0% used [0x00000000f5600000,0x00000000f5600000,0x00000000fab00000)
 ParOldGen       total 1398272K, used 23533K [0x0000000080000000, 0x00000000d5580000, 0x00000000d5580000)
  object space 1398272K, 1% used [0x0000000080000000,0x00000000816fb798,0x00000000d5580000)
 Metaspace       used 34839K, capacity 35188K, committed 35416K, reserved 1081344K
  class space    used 3968K, capacity 4092K, committed 4096K, reserved 1048576K
}
Event: 11.829 GC heap before
{Heap before GC invocations=5 (full 2):
 PSYoungGen      total 611840K, used 509918K [0x00000000d5580000, 0x0000000100000000, 0x0000000100000000)
  eden space 524800K, 97% used [0x00000000d5580000,0x00000000f4777b08,0x00000000f5600000)
  from space 87040K, 0% used [0x00000000fab00000,0x00000000fab00000,0x0000000100000000)
  to   space 87040K, 0% used [0x00000000f5600000,0x00000000f5600000,0x00000000fab00000)
 ParOldGen       total 1398272K, used 23533K [0x0000000080000000, 0x00000000d5580000, 0x00000000d5580000)
  object space 1398272K, 1% used [0x0000000080000000,0x00000000816fb798,0x00000000d5580000)
 Metaspace       used 57303K, capacity 58734K, committed 59008K, reserved 1101824K
  class space    used 6618K, capacity 6913K, committed 7040K, reserved 1048576K
Event: 11.912 GC heap after
Heap after GC invocations=5 (full 2):
 PSYoungGen      total 611840K, used 33571K [0x00000000d5580000, 0x0000000100000000, 0x0000000100000000)
  eden space 524800K, 0% used [0x00000000d5580000,0x00000000d5580000,0x00000000f5600000)
  from space 87040K, 38% used [0x00000000f5600000,0x00000000f76c8f50,0x00000000fab00000)
  to   space 87040K, 0% used [0x00000000fab00000,0x00000000fab00000,0x0000000100000000)
 ParOldGen       total 1398272K, used 23541K [0x0000000080000000, 0x00000000d5580000, 0x00000000d5580000)
  object space 1398272K, 1% used [0x0000000080000000,0x00000000816fd798,0x00000000d5580000)
 Metaspace       used 57303K, capacity 58734K, committed 59008K, reserved 1101824K
  class space    used 6618K, capacity 6913K, committed 7040K, reserved 1048576K
}
Event: 11.912 GC heap before
{Heap before GC invocations=6 (full 3):
 PSYoungGen      total 611840K, used 33571K [0x00000000d5580000, 0x0000000100000000, 0x0000000100000000)
  eden space 524800K, 0% used [0x00000000d5580000,0x00000000d5580000,0x00000000f5600000)
  from space 87040K, 38% used [0x00000000f5600000,0x00000000f76c8f50,0x00000000fab00000)
  to   space 87040K, 0% used [0x00000000fab00000,0x00000000fab00000,0x0000000100000000)
 ParOldGen       total 1398272K, used 23541K [0x0000000080000000, 0x00000000d5580000, 0x00000000d5580000)
  object space 1398272K, 1% used [0x0000000080000000,0x00000000816fd798,0x00000000d5580000)
 Metaspace       used 57303K, capacity 58734K, committed 59008K, reserved 1101824K
  class space    used 6618K, capacity 6913K, committed 7040K, reserved 1048576K
Event: 12.193 GC heap after
Heap after GC invocations=6 (full 3):
 PSYoungGen      total 611840K, used 0K [0x00000000d5580000, 0x0000000100000000, 0x0000000100000000)
  eden space 524800K, 0% used [0x00000000d5580000,0x00000000d5580000,0x00000000f5600000)
  from space 87040K, 0% used [0x00000000f5600000,0x00000000f5600000,0x00000000fab00000)
  to   space 87040K, 0% used [0x00000000fab00000,0x00000000fab00000,0x0000000100000000)
 ParOldGen       total 1398272K, used 44172K [0x0000000080000000, 0x00000000d5580000, 0x00000000d5580000)
  object space 1398272K, 3% used [0x0000000080000000,0x0000000082b23078,0x00000000d5580000)
 Metaspace       used 57248K, capacity 58600K, committed 59008K, reserved 1101824K
  class space    used 6598K, capacity 6880K, committed 7040K, reserved 1048576K
}
Event: 25.462 GC heap before
{Heap before GC invocations=7 (full 3):
 PSYoungGen      total 611840K, used 513676K [0x00000000d5580000, 0x0000000100000000, 0x0000000100000000)
  eden space 524800K, 97% used [0x00000000d5580000,0x00000000f4b23178,0x00000000f5600000)
  from space 87040K, 0% used [0x00000000f5600000,0x00000000f5600000,0x00000000fab00000)
  to   space 87040K, 0% used [0x00000000fab00000,0x00000000fab00000,0x0000000100000000)
 ParOldGen       total 1398272K, used 44172K [0x0000000080000000, 0x00000000d5580000, 0x00000000d5580000)
  object space 1398272K, 3% used [0x0000000080000000,0x0000000082b23078,0x00000000d5580000)
 Metaspace       used 66072K, capacity 68974K, committed 69120K, reserved 1110016K
  class space    used 7541K, capacity 8065K, committed 8192K, reserved 1048576K
Event: 25.536 GC heap after
Heap after GC invocations=7 (full 3):
 PSYoungGen      total 611840K, used 60690K [0x00000000d5580000, 0x0000000100000000, 0x0000000100000000)
  eden space 524800K, 0% used [0x00000000d5580000,0x00000000d5580000,0x00000000f5600000)
  from space 87040K, 69% used [0x00000000fab00000,0x00000000fe644868,0x0000000100000000)
  to   space 87040K, 0% used [0x00000000f5600000,0x00000000f5600000,0x00000000fab00000)
 ParOldGen       total 1398272K, used 44172K [0x0000000080000000, 0x00000000d5580000, 0x00000000d5580000)
  object space 1398272K, 3% used [0x0000000080000000,0x0000000082b23078,0x00000000d5580000)
 Metaspace       used 66072K, capacity 68974K, committed 69120K, reserved 1110016K
  class space    used 7541K, capacity 8065K, committed 8192K, reserved 1048576K
}
Event: 31.192 GC heap before
{Heap before GC invocations=8 (full 3):
 PSYoungGen      total 611840K, used 579698K [0x00000000d5580000, 0x0000000100000000, 0x0000000100000000)
  eden space 524800K, 98% used [0x00000000d5580000,0x00000000f5058210,0x00000000f5600000)
  from space 87040K, 69% used [0x00000000fab00000,0x00000000fe644868,0x0000000100000000)
  to   space 87040K, 0% used [0x00000000f5600000,0x00000000f5600000,0x00000000fab00000)
 ParOldGen       total 1398272K, used 44172K [0x0000000080000000, 0x00000000d5580000, 0x00000000d5580000)
  object space 1398272K, 3% used [0x0000000080000000,0x0000000082b23078,0x00000000d5580000)
 Metaspace       used 66720K, capacity 69640K, committed 69888K, reserved 1112064K
  class space    used 7560K, capacity 8090K, committed 8192K, reserved 1048576K
Event: 31.281 GC heap after
Heap after GC invocations=8 (full 3):
 PSYoungGen      total 607744K, used 82564K [0x00000000d5580000, 0x0000000100000000, 0x0000000100000000)
  eden space 524800K, 0% used [0x00000000d5580000,0x00000000d5580000,0x00000000f5600000)
  from space 82944K, 99% used [0x00000000f5600000,0x00000000fa6a1138,0x00000000fa700000)
  to   space 91136K, 0% used [0x00000000fa700000,0x00000000fa700000,0x0000000100000000)
 ParOldGen       total 1398272K, used 44172K [0x0000000080000000, 0x00000000d5580000, 0x00000000d5580000)
  object space 1398272K, 3% used [0x0000000080000000,0x0000000082b23078,0x00000000d5580000)
 Metaspace       used 66720K, capacity 69640K, committed 69888K, reserved 1112064K
  class space    used 7560K, capacity 8090K, committed 8192K, reserved 1048576K
}

