# JRE version: OpenJDK Runtime Environment (8.0_212-b04) (build 1.8.0_212-b04)
# Java VM: OpenJDK 64-Bit Server VM (25.212-b04 mixed mode linux-amd64 compressed oops)
Heap:
 PSYoungGen      total 611840K, used 266036K [0x00000000d5580000, 0x0000000100000000, 0x0000000100000000)
  eden space 524800K, 50% used [0x00000000d5580000,0x00000000e594d250,0x00000000f5600000)
  from space 87040K, 0% used [0x00000000f5600000,0x00000000f5600000,0x00000000fab00000)
  to   space 87040K, 0% used [0x00000000fab00000,0x00000000fab00000,0x0000000100000000)
 ParOldGen       total 1398272K, used 37828K [0x0000000080000000, 0x00000000d5580000, 0x00000000d5580000)
  object space 1398272K, 2% used [0x0000000080000000,0x00000000824f11e8,0x00000000d5580000)
 Metaspace       used 64824K, capacity 67112K, committed 67328K, reserved 1107968K
  class space    used 7463K, capacity 7888K, committed 7936K, reserved 1048576K
GC Heap History (10 events):
Event: 2.103 GC heap before
{Heap before GC invocations=2 (full 1):
 PSYoungGen      total 611840K, used 14265K [0x00000000d5580000, 0x0000000100000000, 0x0000000100000000)
  eden space 524800K, 0% used [0x00000000d5580000,0x00000000d5580000,0x00000000f5600000)
  from space 87040K, 16% used [0x00000000f5600000,0x00000000f63ee720,0x00000000fab00000)
  to   space 87040K, 0% used [0x00000000fab00000,0x00000000fab00000,0x0000000100000000)
 ParOldGen       total 1398272K, used 80K [0x0000000080000000, 0x00000000d5580000, 0x00000000d5580000)
  object space 1398272K, 0% used [0x0000000080000000,0x0000000080014010,0x00000000d5580000)
 Metaspace       used 20808K, capacity 21106K, committed 21248K, reserved 1069056K
  class space    used 2363K, capacity 2482K, committed 2560K, reserved 1048576K
Event: 2.181 GC heap after
Heap after GC invocations=2 (full 1):
 PSYoungGen      total 611840K, used 0K [0x00000000d5580000, 0x0000000100000000, 0x0000000100000000)
  eden space 524800K, 0% used [0x00000000d5580000,0x00000000d5580000,0x00000000f5600000)
  from space 87040K, 0% used [0x00000000f5600000,0x00000000f5600000,0x00000000fab00000)
  to   space 87040K, 0% used [0x00000000fab00000,0x00000000fab00000,0x0000000100000000)
 ParOldGen       total 902144K, used 13747K [0x0000000080000000, 0x00000000b7100000, 0x00000000d5580000)
  object space 902144K, 1% used [0x0000000080000000,0x0000000080d6cec0,0x00000000b7100000)
 Metaspace       used 20808K, capacity 21106K, committed 21248K, reserved 1069056K
  class space    used 2363K, capacity 2482K, committed 2560K, reserved 1048576K
}
Event: 4.613 GC heap before
{Heap before GC invocations=3 (full 1):
 PSYoungGen      total 611840K, used 424058K [0x00000000d5580000, 0x0000000100000000, 0x0000000100000000)
  eden space 524800K, 80% used [0x00000000d5580000,0x00000000ef39ead8,0x00000000f5600000)
  from space 87040K, 0% used [0x00000000f5600000,0x00000000f5600000,0x00000000fab00000)
  to   space 87040K, 0% used [0x00000000fab00000,0x00000000fab00000,0x0000000100000000)
 ParOldGen       total 902144K, used 13747K [0x0000000080000000, 0x00000000b7100000, 0x00000000d5580000)
  object space 902144K, 1% used [0x0000000080000000,0x0000000080d6cec0,0x00000000b7100000)
 Metaspace       used 34838K, capacity 35188K, committed 35416K, reserved 1081344K
  class space    used 3962K, capacity 4092K, committed 4096K, reserved 1048576K
Event: 4.654 GC heap after
Heap after GC invocations=3 (full 1):
 PSYoungGen      total 611840K, used 19197K [0x00000000d5580000, 0x0000000100000000, 0x0000000100000000)
  eden space 524800K, 0% used [0x00000000d5580000,0x00000000d5580000,0x00000000f5600000)
  from space 87040K, 22% used [0x00000000fab00000,0x00000000fbdbf710,0x0000000100000000)
  to   space 87040K, 0% used [0x00000000f5600000,0x00000000f5600000,0x00000000fab00000)
 ParOldGen       total 902144K, used 13747K [0x0000000080000000, 0x00000000b7100000, 0x00000000d5580000)
  object space 902144K, 1% used [0x0000000080000000,0x0000000080d6cec0,0x00000000b7100000)
 Metaspace       used 34838K, capacity 35188K, committed 35416K, reserved 1081344K
  class space    used 3962K, capacity 4092K, committed 4096K, reserved 1048576K
}
Event: 4.654 GC heap before
{Heap before GC invocations=4 (full 2):
 PSYoungGen      total 611840K, used 19197K [0x00000000d5580000, 0x0000000100000000, 0x0000000100000000)
  eden space 524800K, 0% used [0x00000000d5580000,0x00000000d5580000,0x00000000f5600000)
  from space 87040K, 22% used [0x00000000fab00000,0x00000000fbdbf710,0x0000000100000000)
  to   space 87040K, 0% used [0x00000000f5600000,0x00000000f5600000,0x00000000fab00000)
 ParOldGen       total 902144K, used 13747K [0x0000000080000000, 0x00000000b7100000, 0x00000000d5580000)
  object space 902144K, 1% used [0x0000000080000000,0x0000000080d6cec0,0x00000000b7100000)
 Metaspace       used 34838K, capacity 35188K, committed 35416K, reserved 1081344K
  class space    used 3962K, capacity 4092K, committed 4096K, reserved 1048576K
Event: 4.775 GC heap after
Heap after GC invocations=4 (full 2):
 PSYoungGen      total 611840K, used 0K [0x00000000d5580000, 0x0000000100000000, 0x0000000100000000)
  eden space 524800K, 0% used [0x00000000d5580000,0x00000000d5580000,0x00000000f5600000)
  from space 87040K, 0% used [0x00000000fab00000,0x00000000fab00000,0x0000000100000000)
  to   space 87040K, 0% used [0x00000000f5600000,0x00000000f5600000,0x00000000fab00000)
 ParOldGen       total 1398272K, used 23538K [0x0000000080000000, 0x00000000d5580000, 0x00000000d5580000)
  object space 1398272K, 1% used [0x0000000080000000,0x00000000816fcba8,0x00000000d5580000)
 Metaspace       used 34838K, capacity 35188K, committed 35416K, reserved 1081344K
  class space    used 3962K, capacity 4092K, committed 4096K, reserved 1048576K
}
Event: 11.306 GC heap before
{Heap before GC invocations=5 (full 2):
 PSYoungGen      total 611840K, used 328390K [0x00000000d5580000, 0x0000000100000000, 0x0000000100000000)
  eden space 524800K, 62% used [0x00000000d5580000,0x00000000e9631960,0x00000000f5600000)
  from space 87040K, 0% used [0x00000000fab00000,0x00000000fab00000,0x0000000100000000)
  to   space 87040K, 0% used [0x00000000f5600000,0x00000000f5600000,0x00000000fab00000)
 ParOldGen       total 1398272K, used 23538K [0x0000000080000000, 0x00000000d5580000, 0x00000000d5580000)
  object space 1398272K, 1% used [0x0000000080000000,0x00000000816fcba8,0x00000000d5580000)
 Metaspace       used 57476K, capacity 58858K, committed 59008K, reserved 1101824K
  class space    used 6685K, capacity 6967K, committed 7040K, reserved 1048576K
Event: 11.352 GC heap after
Heap after GC invocations=5 (full 2):
 PSYoungGen      total 611840K, used 27068K [0x00000000d5580000, 0x0000000100000000, 0x0000000100000000)
  eden space 524800K, 0% used [0x00000000d5580000,0x00000000d5580000,0x00000000f5600000)
  from space 87040K, 31% used [0x00000000f5600000,0x00000000f706f090,0x00000000fab00000)
  to   space 87040K, 0% used [0x00000000fab00000,0x00000000fab00000,0x0000000100000000)
 ParOldGen       total 1398272K, used 23546K [0x0000000080000000, 0x00000000d5580000, 0x00000000d5580000)
  object space 1398272K, 1% used [0x0000000080000000,0x00000000816feba8,0x00000000d5580000)
 Metaspace       used 57476K, capacity 58858K, committed 59008K, reserved 1101824K
  class space    used 6685K, capacity 6967K, committed 7040K, reserved 1048576K
}
Event: 11.352 GC heap before
{Heap before GC invocations=6 (full 3):
 PSYoungGen      total 611840K, used 27068K [0x00000000d5580000, 0x0000000100000000, 0x0000000100000000)
  eden space 524800K, 0% used [0x00000000d5580000,0x00000000d5580000,0x00000000f5600000)
  from space 87040K, 31% used [0x00000000f5600000,0x00000000f706f090,0x00000000fab00000)
  to   space 87040K, 0% used [0x00000000fab00000,0x00000000fab00000,0x0000000100000000)
 ParOldGen       total 1398272K, used 23546K [0x0000000080000000, 0x00000000d5580000, 0x00000000d5580000)
  object space 1398272K, 1% used [0x0000000080000000,0x00000000816feba8,0x00000000d5580000)
 Metaspace       used 57476K, capacity 58858K, committed 59008K, reserved 1101824K
  class space    used 6685K, capacity 6967K, committed 7040K, reserved 1048576K
Event: 11.537 GC heap after
Heap after GC invocations=6 (full 3):
 PSYoungGen      total 611840K, used 0K [0x00000000d5580000, 0x0000000100000000, 0x0000000100000000)
  eden space 524800K, 0% used [0x00000000d5580000,0x00000000d5580000,0x00000000f5600000)
  from space 87040K, 0% used [0x00000000f5600000,0x00000000f5600000,0x00000000fab00000)
  to   space 87040K, 0% used [0x00000000fab00000,0x00000000fab00000,0x0000000100000000)
 ParOldGen       total 1398272K, used 37828K [0x0000000080000000, 0x00000000d5580000, 0x00000000d5580000)
  object space 1398272K, 2% used [0x0000000080000000,0x00000000824f11e8,0x00000000d5580000)
 Metaspace       used 57470K, capacity 58844K, committed 59008K, reserved 1101824K
  class space    used 6682K, capacity 6962K, committed 7040K, reserved 1048576K
}

