# JRE version: OpenJDK Runtime Environment (8.0_212-b04) (build 1.8.0_212-b04)
# Java VM: OpenJDK 64-Bit Server VM (25.212-b04 mixed mode linux-amd64 compressed oops)
Heap:
 PSYoungGen      total 611840K, used 209724K [0x00000000d5580000, 0x0000000100000000, 0x0000000100000000)
  eden space 524800K, 39% used [0x00000000d5580000,0x00000000e224f3e8,0x00000000f5600000)
  from space 87040K, 0% used [0x00000000fab00000,0x00000000fab00000,0x0000000100000000)
  to   space 87040K, 0% used [0x00000000f5600000,0x00000000f5600000,0x00000000fab00000)
 ParOldGen       total 1398272K, used 28917K [0x0000000080000000, 0x00000000d5580000, 0x00000000d5580000)
  object space 1398272K, 2% used [0x0000000080000000,0x0000000081c3d4c0,0x00000000d5580000)
 Metaspace       used 63126K, capacity 65384K, committed 65664K, reserved 1107968K
  class space    used 7312K, capacity 7722K, committed 7808K, reserved 1048576K
GC Heap History (10 events):
Event: 4.764 GC heap before
{Heap before GC invocations=3 (full 1):
 PSYoungGen      total 611840K, used 480269K [0x00000000d5580000, 0x0000000100000000, 0x0000000100000000)
  eden space 524800K, 91% used [0x00000000d5580000,0x00000000f2a837b8,0x00000000f5600000)
  from space 87040K, 0% used [0x00000000f5600000,0x00000000f5600000,0x00000000fab00000)
  to   space 87040K, 0% used [0x00000000fab00000,0x00000000fab00000,0x0000000100000000)
 ParOldGen       total 895488K, used 14255K [0x0000000080000000, 0x00000000b6a80000, 0x00000000d5580000)
  object space 895488K, 1% used [0x0000000080000000,0x0000000080debca8,0x00000000b6a80000)
 Metaspace       used 34779K, capacity 35124K, committed 35416K, reserved 1081344K
  class space    used 3968K, capacity 4092K, committed 4096K, reserved 1048576K
Event: 4.805 GC heap after
Heap after GC invocations=3 (full 1):
 PSYoungGen      total 611840K, used 19421K [0x00000000d5580000, 0x0000000100000000, 0x0000000100000000)
  eden space 524800K, 0% used [0x00000000d5580000,0x00000000d5580000,0x00000000f5600000)
  from space 87040K, 22% used [0x00000000fab00000,0x00000000fbdf7450,0x0000000100000000)
  to   space 87040K, 0% used [0x00000000f5600000,0x00000000f5600000,0x00000000fab00000)
 ParOldGen       total 895488K, used 14255K [0x0000000080000000, 0x00000000b6a80000, 0x00000000d5580000)
  object space 895488K, 1% used [0x0000000080000000,0x0000000080debca8,0x00000000b6a80000)
 Metaspace       used 34779K, capacity 35124K, committed 35416K, reserved 1081344K
  class space    used 3968K, capacity 4092K, committed 4096K, reserved 1048576K
}
Event: 4.805 GC heap before
{Heap before GC invocations=4 (full 2):
 PSYoungGen      total 611840K, used 19421K [0x00000000d5580000, 0x0000000100000000, 0x0000000100000000)
  eden space 524800K, 0% used [0x00000000d5580000,0x00000000d5580000,0x00000000f5600000)
  from space 87040K, 22% used [0x00000000fab00000,0x00000000fbdf7450,0x0000000100000000)
  to   space 87040K, 0% used [0x00000000f5600000,0x00000000f5600000,0x00000000fab00000)
 ParOldGen       total 895488K, used 14255K [0x0000000080000000, 0x00000000b6a80000, 0x00000000d5580000)
  object space 895488K, 1% used [0x0000000080000000,0x0000000080debca8,0x00000000b6a80000)
 Metaspace       used 34779K, capacity 35124K, committed 35416K, reserved 1081344K
  class space    used 3968K, capacity 4092K, committed 4096K, reserved 1048576K
Event: 4.947 GC heap after
Heap after GC invocations=4 (full 2):
 PSYoungGen      total 611840K, used 0K [0x00000000d5580000, 0x0000000100000000, 0x0000000100000000)
  eden space 524800K, 0% used [0x00000000d5580000,0x00000000d5580000,0x00000000f5600000)
  from space 87040K, 0% used [0x00000000fab00000,0x00000000fab00000,0x0000000100000000)
  to   space 87040K, 0% used [0x00000000f5600000,0x00000000f5600000,0x00000000fab00000)
 ParOldGen       total 1398272K, used 23936K [0x0000000080000000, 0x00000000d5580000, 0x00000000d5580000)
  object space 1398272K, 1% used [0x0000000080000000,0x00000000817601a8,0x00000000d5580000)
 Metaspace       used 34779K, capacity 35124K, committed 35416K, reserved 1081344K
  class space    used 3968K, capacity 4092K, committed 4096K, reserved 1048576K
}
Event: 11.431 GC heap before
{Heap before GC invocations=5 (full 2):
 PSYoungGen      total 611840K, used 524800K [0x00000000d5580000, 0x0000000100000000, 0x0000000100000000)
  eden space 524800K, 100% used [0x00000000d5580000,0x00000000f5600000,0x00000000f5600000)
  from space 87040K, 0% used [0x00000000fab00000,0x00000000fab00000,0x0000000100000000)
  to   space 87040K, 0% used [0x00000000f5600000,0x00000000f5600000,0x00000000fab00000)
 ParOldGen       total 1398272K, used 23936K [0x0000000080000000, 0x00000000d5580000, 0x00000000d5580000)
  object space 1398272K, 1% used [0x0000000080000000,0x00000000817601a8,0x00000000d5580000)
 Metaspace       used 52299K, capacity 53618K, committed 53760K, reserved 1097728K
  class space    used 6152K, capacity 6397K, committed 6400K, reserved 1048576K
Event: 11.486 GC heap after
Heap after GC invocations=5 (full 2):
 PSYoungGen      total 611840K, used 25543K [0x00000000d5580000, 0x0000000100000000, 0x0000000100000000)
  eden space 524800K, 0% used [0x00000000d5580000,0x00000000d5580000,0x00000000f5600000)
  from space 87040K, 29% used [0x00000000f5600000,0x00000000f6ef1e20,0x00000000fab00000)
  to   space 87040K, 0% used [0x00000000fab00000,0x00000000fab00000,0x0000000100000000)
 ParOldGen       total 1398272K, used 23944K [0x0000000080000000, 0x00000000d5580000, 0x00000000d5580000)
  object space 1398272K, 1% used [0x0000000080000000,0x00000000817621a8,0x00000000d5580000)
 Metaspace       used 52299K, capacity 53618K, committed 53760K, reserved 1097728K
  class space    used 6152K, capacity 6397K, committed 6400K, reserved 1048576K
}
Event: 12.173 GC heap before
{Heap before GC invocations=6 (full 2):
 PSYoungGen      total 611840K, used 187736K [0x00000000d5580000, 0x0000000100000000, 0x0000000100000000)
  eden space 524800K, 30% used [0x00000000d5580000,0x00000000df3e4448,0x00000000f5600000)
  from space 87040K, 29% used [0x00000000f5600000,0x00000000f6ef1e20,0x00000000fab00000)
  to   space 87040K, 0% used [0x00000000fab00000,0x00000000fab00000,0x0000000100000000)
 ParOldGen       total 1398272K, used 23944K [0x0000000080000000, 0x00000000d5580000, 0x00000000d5580000)
  object space 1398272K, 1% used [0x0000000080000000,0x00000000817621a8,0x00000000d5580000)
 Metaspace       used 57460K, capacity 58860K, committed 59008K, reserved 1101824K
  class space    used 6670K, capacity 6942K, committed 7040K, reserved 1048576K
Event: 12.199 GC heap after
Heap after GC invocations=6 (full 2):
 PSYoungGen      total 611840K, used 17019K [0x00000000d5580000, 0x0000000100000000, 0x0000000100000000)
  eden space 524800K, 0% used [0x00000000d5580000,0x00000000d5580000,0x00000000f5600000)
  from space 87040K, 19% used [0x00000000fab00000,0x00000000fbb9edf8,0x0000000100000000)
  to   space 87040K, 0% used [0x00000000f5600000,0x00000000f5600000,0x00000000fab00000)
 ParOldGen       total 1398272K, used 23952K [0x0000000080000000, 0x00000000d5580000, 0x00000000d5580000)
  object space 1398272K, 1% used [0x0000000080000000,0x00000000817641a8,0x00000000d5580000)
 Metaspace       used 57460K, capacity 58860K, committed 59008K, reserved 1101824K
  class space    used 6670K, capacity 6942K, committed 7040K, reserved 1048576K
}
Event: 12.199 GC heap before
{Heap before GC invocations=7 (full 3):
 PSYoungGen      total 611840K, used 17019K [0x00000000d5580000, 0x0000000100000000, 0x0000000100000000)
  eden space 524800K, 0% used [0x00000000d5580000,0x00000000d5580000,0x00000000f5600000)
  from space 87040K, 19% used [0x00000000fab00000,0x00000000fbb9edf8,0x0000000100000000)
  to   space 87040K, 0% used [0x00000000f5600000,0x00000000f5600000,0x00000000fab00000)
 ParOldGen       total 1398272K, used 23952K [0x0000000080000000, 0x00000000d5580000, 0x00000000d5580000)
  object space 1398272K, 1% used [0x0000000080000000,0x00000000817641a8,0x00000000d5580000)
 Metaspace       used 57460K, capacity 58860K, committed 59008K, reserved 1101824K
  class space    used 6670K, capacity 6942K, committed 7040K, reserved 1048576K
Event: 12.453 GC heap after
Heap after GC invocations=7 (full 3):
 PSYoungGen      total 611840K, used 0K [0x00000000d5580000, 0x0000000100000000, 0x0000000100000000)
  eden space 524800K, 0% used [0x00000000d5580000,0x00000000d5580000,0x00000000f5600000)
  from space 87040K, 0% used [0x00000000fab00000,0x00000000fab00000,0x0000000100000000)
  to   space 87040K, 0% used [0x00000000f5600000,0x00000000f5600000,0x00000000fab00000)
 ParOldGen       total 1398272K, used 28917K [0x0000000080000000, 0x00000000d5580000, 0x00000000d5580000)
  object space 1398272K, 2% used [0x0000000080000000,0x0000000081c3d4c0,0x00000000d5580000)
 Metaspace       used 57434K, capacity 58798K, committed 59008K, reserved 1101824K
  class space    used 6660K, capacity 6925K, committed 7040K, reserved 1048576K
}

