# JRE version: OpenJDK Runtime Environment (8.0_212-b04) (build 1.8.0_212-b04)
# Java VM: OpenJDK 64-Bit Server VM (25.212-b04 mixed mode linux-amd64 compressed oops)
Heap:
 PSYoungGen      total 611840K, used 398331K [0x00000000d5580000, 0x0000000100000000, 0x0000000100000000)
  eden space 524800K, 75% used [0x00000000d5580000,0x00000000eda7ee00,0x00000000f5600000)
  from space 87040K, 0% used [0x00000000f5600000,0x00000000f5600000,0x00000000fab00000)
  to   space 87040K, 0% used [0x00000000fab00000,0x00000000fab00000,0x0000000100000000)
 ParOldGen       total 1398272K, used 44546K [0x0000000080000000, 0x00000000d5580000, 0x00000000d5580000)
  object space 1398272K, 3% used [0x0000000080000000,0x0000000082b80860,0x00000000d5580000)
 Metaspace       used 65186K, capacity 67940K, committed 68224K, reserved 1110016K
  class space    used 7475K, capacity 7984K, committed 8064K, reserved 1048576K
GC Heap History (10 events):
Event: 2.146 GC heap before
{Heap before GC invocations=2 (full 1):
 PSYoungGen      total 611840K, used 14289K [0x00000000d5580000, 0x0000000100000000, 0x0000000100000000)
  eden space 524800K, 0% used [0x00000000d5580000,0x00000000d5580000,0x00000000f5600000)
  from space 87040K, 16% used [0x00000000f5600000,0x00000000f63f4640,0x00000000fab00000)
  to   space 87040K, 0% used [0x00000000fab00000,0x00000000fab00000,0x0000000100000000)
 ParOldGen       total 1398272K, used 80K [0x0000000080000000, 0x00000000d5580000, 0x00000000d5580000)
  object space 1398272K, 0% used [0x0000000080000000,0x0000000080014010,0x00000000d5580000)
 Metaspace       used 20818K, capacity 21106K, committed 21248K, reserved 1069056K
  class space    used 2370K, capacity 2482K, committed 2560K, reserved 1048576K
Event: 2.225 GC heap after
Heap after GC invocations=2 (full 1):
 PSYoungGen      total 611840K, used 0K [0x00000000d5580000, 0x0000000100000000, 0x0000000100000000)
  eden space 524800K, 0% used [0x00000000d5580000,0x00000000d5580000,0x00000000f5600000)
  from space 87040K, 0% used [0x00000000f5600000,0x00000000f5600000,0x00000000fab00000)
  to   space 87040K, 0% used [0x00000000fab00000,0x00000000fab00000,0x0000000100000000)
 ParOldGen       total 879616K, used 13775K [0x0000000080000000, 0x00000000b5b00000, 0x00000000d5580000)
  object space 879616K, 1% used [0x0000000080000000,0x0000000080d73d80,0x00000000b5b00000)
 Metaspace       used 20818K, capacity 21106K, committed 21248K, reserved 1069056K
  class space    used 2370K, capacity 2482K, committed 2560K, reserved 1048576K
}
Event: 4.368 GC heap before
{Heap before GC invocations=3 (full 1):
 PSYoungGen      total 611840K, used 434547K [0x00000000d5580000, 0x0000000100000000, 0x0000000100000000)
  eden space 524800K, 82% used [0x00000000d5580000,0x00000000efddce90,0x00000000f5600000)
  from space 87040K, 0% used [0x00000000f5600000,0x00000000f5600000,0x00000000fab00000)
  to   space 87040K, 0% used [0x00000000fab00000,0x00000000fab00000,0x0000000100000000)
 ParOldGen       total 879616K, used 13775K [0x0000000080000000, 0x00000000b5b00000, 0x00000000d5580000)
  object space 879616K, 1% used [0x0000000080000000,0x0000000080d73d80,0x00000000b5b00000)
 Metaspace       used 34733K, capacity 35124K, committed 35416K, reserved 1081344K
  class space    used 3973K, capacity 4092K, committed 4096K, reserved 1048576K
Event: 4.409 GC heap after
Heap after GC invocations=3 (full 1):
 PSYoungGen      total 611840K, used 19232K [0x00000000d5580000, 0x0000000100000000, 0x0000000100000000)
  eden space 524800K, 0% used [0x00000000d5580000,0x00000000d5580000,0x00000000f5600000)
  from space 87040K, 22% used [0x00000000fab00000,0x00000000fbdc8330,0x0000000100000000)
  to   space 87040K, 0% used [0x00000000f5600000,0x00000000f5600000,0x00000000fab00000)
 ParOldGen       total 879616K, used 13775K [0x0000000080000000, 0x00000000b5b00000, 0x00000000d5580000)
  object space 879616K, 1% used [0x0000000080000000,0x0000000080d73d80,0x00000000b5b00000)
 Metaspace       used 34733K, capacity 35124K, committed 35416K, reserved 1081344K
  class space    used 3973K, capacity 4092K, committed 4096K, reserved 1048576K
}
Event: 4.410 GC heap before
{Heap before GC invocations=4 (full 2):
 PSYoungGen      total 611840K, used 19232K [0x00000000d5580000, 0x0000000100000000, 0x0000000100000000)
  eden space 524800K, 0% used [0x00000000d5580000,0x00000000d5580000,0x00000000f5600000)
  from space 87040K, 22% used [0x00000000fab00000,0x00000000fbdc8330,0x0000000100000000)
  to   space 87040K, 0% used [0x00000000f5600000,0x00000000f5600000,0x00000000fab00000)
 ParOldGen       total 879616K, used 13775K [0x0000000080000000, 0x00000000b5b00000, 0x00000000d5580000)
  object space 879616K, 1% used [0x0000000080000000,0x0000000080d73d80,0x00000000b5b00000)
 Metaspace       used 34733K, capacity 35124K, committed 35416K, reserved 1081344K
  class space    used 3973K, capacity 4092K, committed 4096K, reserved 1048576K
Event: 4.527 GC heap after
Heap after GC invocations=4 (full 2):
 PSYoungGen      total 611840K, used 0K [0x00000000d5580000, 0x0000000100000000, 0x0000000100000000)
  eden space 524800K, 0% used [0x00000000d5580000,0x00000000d5580000,0x00000000f5600000)
  from space 87040K, 0% used [0x00000000fab00000,0x00000000fab00000,0x0000000100000000)
  to   space 87040K, 0% used [0x00000000f5600000,0x00000000f5600000,0x00000000fab00000)
 ParOldGen       total 1398272K, used 23619K [0x0000000080000000, 0x00000000d5580000, 0x00000000d5580000)
  object space 1398272K, 1% used [0x0000000080000000,0x0000000081710fa0,0x00000000d5580000)
 Metaspace       used 34733K, capacity 35124K, committed 35416K, reserved 1081344K
  class space    used 3973K, capacity 4092K, committed 4096K, reserved 1048576K
}
Event: 11.621 GC heap before
{Heap before GC invocations=5 (full 2):
 PSYoungGen      total 611840K, used 513879K [0x00000000d5580000, 0x0000000100000000, 0x0000000100000000)
  eden space 524800K, 97% used [0x00000000d5580000,0x00000000f4b55c68,0x00000000f5600000)
  from space 87040K, 0% used [0x00000000fab00000,0x00000000fab00000,0x0000000100000000)
  to   space 87040K, 0% used [0x00000000f5600000,0x00000000f5600000,0x00000000fab00000)
 ParOldGen       total 1398272K, used 23619K [0x0000000080000000, 0x00000000d5580000, 0x00000000d5580000)
  object space 1398272K, 1% used [0x0000000080000000,0x0000000081710fa0,0x00000000d5580000)
 Metaspace       used 57316K, capacity 58754K, committed 59008K, reserved 1101824K
  class space    used 6642K, capacity 6921K, committed 7040K, reserved 1048576K
Event: 11.687 GC heap after
Heap after GC invocations=5 (full 2):
 PSYoungGen      total 611840K, used 33988K [0x00000000d5580000, 0x0000000100000000, 0x0000000100000000)
  eden space 524800K, 0% used [0x00000000d5580000,0x00000000d5580000,0x00000000f5600000)
  from space 87040K, 39% used [0x00000000f5600000,0x00000000f7731128,0x00000000fab00000)
  to   space 87040K, 0% used [0x00000000fab00000,0x00000000fab00000,0x0000000100000000)
 ParOldGen       total 1398272K, used 23627K [0x0000000080000000, 0x00000000d5580000, 0x00000000d5580000)
  object space 1398272K, 1% used [0x0000000080000000,0x0000000081712fa0,0x00000000d5580000)
 Metaspace       used 57316K, capacity 58754K, committed 59008K, reserved 1101824K
  class space    used 6642K, capacity 6921K, committed 7040K, reserved 1048576K
}
Event: 11.687 GC heap before
{Heap before GC invocations=6 (full 3):
 PSYoungGen      total 611840K, used 33988K [0x00000000d5580000, 0x0000000100000000, 0x0000000100000000)
  eden space 524800K, 0% used [0x00000000d5580000,0x00000000d5580000,0x00000000f5600000)
  from space 87040K, 39% used [0x00000000f5600000,0x00000000f7731128,0x00000000fab00000)
  to   space 87040K, 0% used [0x00000000fab00000,0x00000000fab00000,0x0000000100000000)
 ParOldGen       total 1398272K, used 23627K [0x0000000080000000, 0x00000000d5580000, 0x00000000d5580000)
  object space 1398272K, 1% used [0x0000000080000000,0x0000000081712fa0,0x00000000d5580000)
 Metaspace       used 57316K, capacity 58754K, committed 59008K, reserved 1101824K
  class space    used 6642K, capacity 6921K, committed 7040K, reserved 1048576K
Event: 11.977 GC heap after
Heap after GC invocations=6 (full 3):
 PSYoungGen      total 611840K, used 0K [0x00000000d5580000, 0x0000000100000000, 0x0000000100000000)
  eden space 524800K, 0% used [0x00000000d5580000,0x00000000d5580000,0x00000000f5600000)
  from space 87040K, 0% used [0x00000000f5600000,0x00000000f5600000,0x00000000fab00000)
  to   space 87040K, 0% used [0x00000000fab00000,0x00000000fab00000,0x0000000100000000)
 ParOldGen       total 1398272K, used 44546K [0x0000000080000000, 0x00000000d5580000, 0x00000000d5580000)
  object space 1398272K, 3% used [0x0000000080000000,0x0000000082b80860,0x00000000d5580000)
 Metaspace       used 57271K, capacity 58648K, committed 59008K, reserved 1101824K
  class space    used 6626K, capacity 6894K, committed 7040K, reserved 1048576K
}

