# JRE version: OpenJDK Runtime Environment (8.0_212-b04) (build 1.8.0_212-b04)
# Java VM: OpenJDK 64-Bit Server VM (25.212-b04 mixed mode linux-amd64 compressed oops)
Heap:
 PSYoungGen      total 611840K, used 92562K [0x00000000d5580000, 0x0000000100000000, 0x0000000100000000)
  eden space 524800K, 9% used [0x00000000d5580000,0x00000000d8875a38,0x00000000f5600000)
  from space 87040K, 46% used [0x00000000fab00000,0x00000000fd26ef00,0x0000000100000000)
  to   space 87040K, 0% used [0x00000000f5600000,0x00000000f5600000,0x00000000fab00000)
 ParOldGen       total 1398272K, used 44422K [0x0000000080000000, 0x00000000d5580000, 0x00000000d5580000)
  object space 1398272K, 3% used [0x0000000080000000,0x0000000082b61a50,0x00000000d5580000)
 Metaspace       used 66497K, capacity 69293K, committed 69632K, reserved 1110016K
  class space    used 7565K, capacity 8083K, committed 8192K, reserved 1048576K
GC Heap History (10 events):
Event: 7.219 GC heap before
{Heap before GC invocations=3 (full 1):
 PSYoungGen      total 611840K, used 434996K [0x00000000d5580000, 0x0000000100000000, 0x0000000100000000)
  eden space 524800K, 82% used [0x00000000d5580000,0x00000000efe4d0f8,0x00000000f5600000)
  from space 87040K, 0% used [0x00000000f5600000,0x00000000f5600000,0x00000000fab00000)
  to   space 87040K, 0% used [0x00000000fab00000,0x00000000fab00000,0x0000000100000000)
 ParOldGen       total 890368K, used 13804K [0x0000000080000000, 0x00000000b6580000, 0x00000000d5580000)
  object space 890368K, 1% used [0x0000000080000000,0x0000000080d7b0e8,0x00000000b6580000)
 Metaspace       used 34766K, capacity 35124K, committed 35416K, reserved 1081344K
  class space    used 3975K, capacity 4092K, committed 4096K, reserved 1048576K
Event: 7.256 GC heap after
Heap after GC invocations=3 (full 1):
 PSYoungGen      total 611840K, used 19252K [0x00000000d5580000, 0x0000000100000000, 0x0000000100000000)
  eden space 524800K, 0% used [0x00000000d5580000,0x00000000d5580000,0x00000000f5600000)
  from space 87040K, 22% used [0x00000000fab00000,0x00000000fbdcd198,0x0000000100000000)
  to   space 87040K, 0% used [0x00000000f5600000,0x00000000f5600000,0x00000000fab00000)
 ParOldGen       total 890368K, used 13804K [0x0000000080000000, 0x00000000b6580000, 0x00000000d5580000)
  object space 890368K, 1% used [0x0000000080000000,0x0000000080d7b0e8,0x00000000b6580000)
 Metaspace       used 34766K, capacity 35124K, committed 35416K, reserved 1081344K
  class space    used 3975K, capacity 4092K, committed 4096K, reserved 1048576K
}
Event: 7.256 GC heap before
{Heap before GC invocations=4 (full 2):
 PSYoungGen      total 611840K, used 19252K [0x00000000d5580000, 0x0000000100000000, 0x0000000100000000)
  eden space 524800K, 0% used [0x00000000d5580000,0x00000000d5580000,0x00000000f5600000)
  from space 87040K, 22% used [0x00000000fab00000,0x00000000fbdcd198,0x0000000100000000)
  to   space 87040K, 0% used [0x00000000f5600000,0x00000000f5600000,0x00000000fab00000)
 ParOldGen       total 890368K, used 13804K [0x0000000080000000, 0x00000000b6580000, 0x00000000d5580000)
  object space 890368K, 1% used [0x0000000080000000,0x0000000080d7b0e8,0x00000000b6580000)
 Metaspace       used 34766K, capacity 35124K, committed 35416K, reserved 1081344K
  class space    used 3975K, capacity 4092K, committed 4096K, reserved 1048576K
Event: 7.359 GC heap after
Heap after GC invocations=4 (full 2):
 PSYoungGen      total 611840K, used 0K [0x00000000d5580000, 0x0000000100000000, 0x0000000100000000)
  eden space 524800K, 0% used [0x00000000d5580000,0x00000000d5580000,0x00000000f5600000)
  from space 87040K, 0% used [0x00000000fab00000,0x00000000fab00000,0x0000000100000000)
  to   space 87040K, 0% used [0x00000000f5600000,0x00000000f5600000,0x00000000fab00000)
 ParOldGen       total 1398272K, used 23589K [0x0000000080000000, 0x00000000d5580000, 0x00000000d5580000)
  object space 1398272K, 1% used [0x0000000080000000,0x0000000081709778,0x00000000d5580000)
 Metaspace       used 34766K, capacity 35124K, committed 35416K, reserved 1081344K
  class space    used 3975K, capacity 4092K, committed 4096K, reserved 1048576K
}
Event: 14.303 GC heap before
{Heap before GC invocations=5 (full 2):
 PSYoungGen      total 611840K, used 512203K [0x00000000d5580000, 0x0000000100000000, 0x0000000100000000)
  eden space 524800K, 97% used [0x00000000d5580000,0x00000000f49b2eb0,0x00000000f5600000)
  from space 87040K, 0% used [0x00000000fab00000,0x00000000fab00000,0x0000000100000000)
  to   space 87040K, 0% used [0x00000000f5600000,0x00000000f5600000,0x00000000fab00000)
 ParOldGen       total 1398272K, used 23589K [0x0000000080000000, 0x00000000d5580000, 0x00000000d5580000)
  object space 1398272K, 1% used [0x0000000080000000,0x0000000081709778,0x00000000d5580000)
 Metaspace       used 57314K, capacity 58785K, committed 59028K, reserved 1101824K
  class space    used 6633K, capacity 6912K, committed 6912K, reserved 1048576K
Event: 14.378 GC heap after
Heap after GC invocations=5 (full 2):
 PSYoungGen      total 611840K, used 33790K [0x00000000d5580000, 0x0000000100000000, 0x0000000100000000)
  eden space 524800K, 0% used [0x00000000d5580000,0x00000000d5580000,0x00000000f5600000)
  from space 87040K, 38% used [0x00000000f5600000,0x00000000f76ff960,0x00000000fab00000)
  to   space 87040K, 0% used [0x00000000fab00000,0x00000000fab00000,0x0000000100000000)
 ParOldGen       total 1398272K, used 23597K [0x0000000080000000, 0x00000000d5580000, 0x00000000d5580000)
  object space 1398272K, 1% used [0x0000000080000000,0x000000008170b778,0x00000000d5580000)
 Metaspace       used 57314K, capacity 58785K, committed 59028K, reserved 1101824K
  class space    used 6633K, capacity 6912K, committed 6912K, reserved 1048576K
}
Event: 14.378 GC heap before
{Heap before GC invocations=6 (full 3):
 PSYoungGen      total 611840K, used 33790K [0x00000000d5580000, 0x0000000100000000, 0x0000000100000000)
  eden space 524800K, 0% used [0x00000000d5580000,0x00000000d5580000,0x00000000f5600000)
  from space 87040K, 38% used [0x00000000f5600000,0x00000000f76ff960,0x00000000fab00000)
  to   space 87040K, 0% used [0x00000000fab00000,0x00000000fab00000,0x0000000100000000)
 ParOldGen       total 1398272K, used 23597K [0x0000000080000000, 0x00000000d5580000, 0x00000000d5580000)
  object space 1398272K, 1% used [0x0000000080000000,0x000000008170b778,0x00000000d5580000)
 Metaspace       used 57314K, capacity 58785K, committed 59028K, reserved 1101824K
  class space    used 6633K, capacity 6912K, committed 6912K, reserved 1048576K
Event: 14.667 GC heap after
Heap after GC invocations=6 (full 3):
 PSYoungGen      total 611840K, used 0K [0x00000000d5580000, 0x0000000100000000, 0x0000000100000000)
  eden space 524800K, 0% used [0x00000000d5580000,0x00000000d5580000,0x00000000f5600000)
  from space 87040K, 0% used [0x00000000f5600000,0x00000000f5600000,0x00000000fab00000)
  to   space 87040K, 0% used [0x00000000fab00000,0x00000000fab00000,0x0000000100000000)
 ParOldGen       total 1398272K, used 44414K [0x0000000080000000, 0x00000000d5580000, 0x00000000d5580000)
  object space 1398272K, 3% used [0x0000000080000000,0x0000000082b5fa50,0x00000000d5580000)
 Metaspace       used 57284K, capacity 58717K, committed 59028K, reserved 1101824K
  class space    used 6623K, capacity 6894K, committed 6912K, reserved 1048576K
}
Event: 55.344 GC heap before
{Heap before GC invocations=7 (full 3):
 PSYoungGen      total 611840K, used 524800K [0x00000000d5580000, 0x0000000100000000, 0x0000000100000000)
  eden space 524800K, 100% used [0x00000000d5580000,0x00000000f5600000,0x00000000f5600000)
  from space 87040K, 0% used [0x00000000f5600000,0x00000000f5600000,0x00000000fab00000)
  to   space 87040K, 0% used [0x00000000fab00000,0x00000000fab00000,0x0000000100000000)
 ParOldGen       total 1398272K, used 44414K [0x0000000080000000, 0x00000000d5580000, 0x00000000d5580000)
  object space 1398272K, 3% used [0x0000000080000000,0x0000000082b5fa50,0x00000000d5580000)
 Metaspace       used 66202K, capacity 68939K, committed 69120K, reserved 1110016K
  class space    used 7558K, capacity 8070K, committed 8192K, reserved 1048576K
Event: 55.454 GC heap after
Heap after GC invocations=7 (full 3):
 PSYoungGen      total 611840K, used 40379K [0x00000000d5580000, 0x0000000100000000, 0x0000000100000000)
  eden space 524800K, 0% used [0x00000000d5580000,0x00000000d5580000,0x00000000f5600000)
  from space 87040K, 46% used [0x00000000fab00000,0x00000000fd26ef00,0x0000000100000000)
  to   space 87040K, 0% used [0x00000000f5600000,0x00000000f5600000,0x00000000fab00000)
 ParOldGen       total 1398272K, used 44422K [0x0000000080000000, 0x00000000d5580000, 0x00000000d5580000)
  object space 1398272K, 3% used [0x0000000080000000,0x0000000082b61a50,0x00000000d5580000)
 Metaspace       used 66202K, capacity 68939K, committed 69120K, reserved 1110016K
  class space    used 7558K, capacity 8070K, committed 8192K, reserved 1048576K
}

