# JRE version: OpenJDK Runtime Environment (8.0_212-b04) (build 1.8.0_212-b04)
# Java VM: OpenJDK 64-Bit Server VM (25.212-b04 mixed mode linux-amd64 compressed oops)
Heap:
 PSYoungGen      total 602624K, used 552818K [0x00000000d5580000, 0x0000000100000000, 0x0000000100000000)
  eden space 524800K, 90% used [0x00000000d5580000,0x00000000f25a3a98,0x00000000f5600000)
  from space 77824K, 99% used [0x00000000f5600000,0x00000000fa1b8e90,0x00000000fa200000)
  to   space 96256K, 0% used [0x00000000fa200000,0x00000000fa200000,0x0000000100000000)
 ParOldGen       total 1398272K, used 52443K [0x0000000080000000, 0x00000000d5580000, 0x00000000d5580000)
  object space 1398272K, 3% used [0x0000000080000000,0x0000000083336fb8,0x00000000d5580000)
 Metaspace       used 70439K, capacity 73582K, committed 73856K, reserved 1114112K
  class space    used 7714K, capacity 8275K, committed 8320K, reserved 1048576K
GC Heap History (10 events):
Event: 4.276 GC heap before
{Heap before GC invocations=4 (full 2):
 PSYoungGen      total 611840K, used 18644K [0x00000000d5580000, 0x0000000100000000, 0x0000000100000000)
  eden space 524800K, 0% used [0x00000000d5580000,0x00000000d5580000,0x00000000f5600000)
  from space 87040K, 21% used [0x00000000fab00000,0x00000000fbd35068,0x0000000100000000)
  to   space 87040K, 0% used [0x00000000f5600000,0x00000000f5600000,0x00000000fab00000)
 ParOldGen       total 904704K, used 13647K [0x0000000080000000, 0x00000000b7380000, 0x00000000d5580000)
  object space 904704K, 1% used [0x0000000080000000,0x0000000080d53f08,0x00000000b7380000)
 Metaspace       used 34639K, capacity 35058K, committed 35416K, reserved 1081344K
  class space    used 3958K, capacity 4083K, committed 4096K, reserved 1048576K
Event: 4.357 GC heap after
Heap after GC invocations=4 (full 2):
 PSYoungGen      total 611840K, used 0K [0x00000000d5580000, 0x0000000100000000, 0x0000000100000000)
  eden space 524800K, 0% used [0x00000000d5580000,0x00000000d5580000,0x00000000f5600000)
  from space 87040K, 0% used [0x00000000fab00000,0x00000000fab00000,0x0000000100000000)
  to   space 87040K, 0% used [0x00000000f5600000,0x00000000f5600000,0x00000000fab00000)
 ParOldGen       total 1398272K, used 22912K [0x0000000080000000, 0x00000000d5580000, 0x00000000d5580000)
  object space 1398272K, 1% used [0x0000000080000000,0x0000000081660100,0x00000000d5580000)
 Metaspace       used 34639K, capacity 35058K, committed 35416K, reserved 1081344K
  class space    used 3958K, capacity 4083K, committed 4096K, reserved 1048576K
}
Event: 12.008 GC heap before
{Heap before GC invocations=5 (full 2):
 PSYoungGen      total 611840K, used 367883K [0x00000000d5580000, 0x0000000100000000, 0x0000000100000000)
  eden space 524800K, 70% used [0x00000000d5580000,0x00000000ebcc2f60,0x00000000f5600000)
  from space 87040K, 0% used [0x00000000fab00000,0x00000000fab00000,0x0000000100000000)
  to   space 87040K, 0% used [0x00000000f5600000,0x00000000f5600000,0x00000000fab00000)
 ParOldGen       total 1398272K, used 22912K [0x0000000080000000, 0x00000000d5580000, 0x00000000d5580000)
  object space 1398272K, 1% used [0x0000000080000000,0x0000000081660100,0x00000000d5580000)
 Metaspace       used 57031K, capacity 58944K, committed 59028K, reserved 1101824K
  class space    used 6678K, capacity 7030K, committed 7040K, reserved 1048576K
Event: 12.067 GC heap after
Heap after GC invocations=5 (full 2):
 PSYoungGen      total 611840K, used 33680K [0x00000000d5580000, 0x0000000100000000, 0x0000000100000000)
  eden space 524800K, 0% used [0x00000000d5580000,0x00000000d5580000,0x00000000f5600000)
  from space 87040K, 38% used [0x00000000f5600000,0x00000000f76e4368,0x00000000fab00000)
  to   space 87040K, 0% used [0x00000000fab00000,0x00000000fab00000,0x0000000100000000)
 ParOldGen       total 1398272K, used 22920K [0x0000000080000000, 0x00000000d5580000, 0x00000000d5580000)
  object space 1398272K, 1% used [0x0000000080000000,0x0000000081662100,0x00000000d5580000)
 Metaspace       used 57031K, capacity 58944K, committed 59028K, reserved 1101824K
  class space    used 6678K, capacity 7030K, committed 7040K, reserved 1048576K
}
Event: 12.067 GC heap before
{Heap before GC invocations=6 (full 3):
 PSYoungGen      total 611840K, used 33680K [0x00000000d5580000, 0x0000000100000000, 0x0000000100000000)
  eden space 524800K, 0% used [0x00000000d5580000,0x00000000d5580000,0x00000000f5600000)
  from space 87040K, 38% used [0x00000000f5600000,0x00000000f76e4368,0x00000000fab00000)
  to   space 87040K, 0% used [0x00000000fab00000,0x00000000fab00000,0x0000000100000000)
 ParOldGen       total 1398272K, used 22920K [0x0000000080000000, 0x00000000d5580000, 0x00000000d5580000)
  object space 1398272K, 1% used [0x0000000080000000,0x0000000081662100,0x00000000d5580000)
 Metaspace       used 57031K, capacity 58944K, committed 59028K, reserved 1101824K
  class space    used 6678K, capacity 7030K, committed 7040K, reserved 1048576K
Event: 12.271 GC heap after
Heap after GC invocations=6 (full 3):
 PSYoungGen      total 611840K, used 0K [0x00000000d5580000, 0x0000000100000000, 0x0000000100000000)
  eden space 524800K, 0% used [0x00000000d5580000,0x00000000d5580000,0x00000000f5600000)
  from space 87040K, 0% used [0x00000000f5600000,0x00000000f5600000,0x00000000fab00000)
  to   space 87040K, 0% used [0x00000000fab00000,0x00000000fab00000,0x0000000100000000)
 ParOldGen       total 1398272K, used 43832K [0x0000000080000000, 0x00000000d5580000, 0x00000000d5580000)
  object space 1398272K, 3% used [0x0000000080000000,0x0000000082ace2d0,0x00000000d5580000)
 Metaspace       used 56909K, capacity 58616K, committed 59028K, reserved 1101824K
  class space    used 6637K, capacity 6956K, committed 7040K, reserved 1048576K
}
Event: 54.830 GC heap before
{Heap before GC invocations=7 (full 3):
 PSYoungGen      total 611840K, used 524800K [0x00000000d5580000, 0x0000000100000000, 0x0000000100000000)
  eden space 524800K, 100% used [0x00000000d5580000,0x00000000f5600000,0x00000000f5600000)
  from space 87040K, 0% used [0x00000000f5600000,0x00000000f5600000,0x00000000fab00000)
  to   space 87040K, 0% used [0x00000000fab00000,0x00000000fab00000,0x0000000100000000)
 ParOldGen       total 1398272K, used 43832K [0x0000000080000000, 0x00000000d5580000, 0x00000000d5580000)
  object space 1398272K, 3% used [0x0000000080000000,0x0000000082ace2d0,0x00000000d5580000)
 Metaspace       used 67467K, capacity 70580K, committed 70656K, reserved 1112064K
  class space    used 7620K, capacity 8176K, committed 8192K, reserved 1048576K
Event: 55.003 GC heap after
Heap after GC invocations=7 (full 3):
 PSYoungGen      total 611840K, used 87027K [0x00000000d5580000, 0x0000000100000000, 0x0000000100000000)
  eden space 524800K, 0% used [0x00000000d5580000,0x00000000d5580000,0x00000000f5600000)
  from space 87040K, 99% used [0x00000000fab00000,0x00000000ffffcdc8,0x0000000100000000)
  to   space 87040K, 0% used [0x00000000f5600000,0x00000000f5600000,0x00000000fab00000)
 ParOldGen       total 1398272K, used 52435K [0x0000000080000000, 0x00000000d5580000, 0x00000000d5580000)
  object space 1398272K, 3% used [0x0000000080000000,0x0000000083334fb8,0x00000000d5580000)
 Metaspace       used 67467K, capacity 70580K, committed 70656K, reserved 1112064K
  class space    used 7620K, capacity 8176K, committed 8192K, reserved 1048576K
}
Event: 224.836 GC heap before
{Heap before GC invocations=8 (full 3):
 PSYoungGen      total 611840K, used 611827K [0x00000000d5580000, 0x0000000100000000, 0x0000000100000000)
  eden space 524800K, 100% used [0x00000000d5580000,0x00000000f5600000,0x00000000f5600000)
  from space 87040K, 99% used [0x00000000fab00000,0x00000000ffffcdc8,0x0000000100000000)
  to   space 87040K, 0% used [0x00000000f5600000,0x00000000f5600000,0x00000000fab00000)
 ParOldGen       total 1398272K, used 52435K [0x0000000080000000, 0x00000000d5580000, 0x00000000d5580000)
  object space 1398272K, 3% used [0x0000000080000000,0x0000000083334fb8,0x00000000d5580000)
 Metaspace       used 69305K, capacity 72496K, committed 72832K, reserved 1114112K
  class space    used 7673K, capacity 8238K, committed 8320K, reserved 1048576K
Event: 224.983 GC heap after
Heap after GC invocations=8 (full 3):
 PSYoungGen      total 602624K, used 77539K [0x00000000d5580000, 0x0000000100000000, 0x0000000100000000)
  eden space 524800K, 0% used [0x00000000d5580000,0x00000000d5580000,0x00000000f5600000)
  from space 77824K, 99% used [0x00000000f5600000,0x00000000fa1b8e90,0x00000000fa200000)
  to   space 96256K, 0% used [0x00000000fa200000,0x00000000fa200000,0x0000000100000000)
 ParOldGen       total 1398272K, used 52443K [0x0000000080000000, 0x00000000d5580000, 0x00000000d5580000)
  object space 1398272K, 3% used [0x0000000080000000,0x0000000083336fb8,0x00000000d5580000)
 Metaspace       used 69305K, capacity 72496K, committed 72832K, reserved 1114112K
  class space    used 7673K, capacity 8238K, committed 8320K, reserved 1048576K
}

