# JRE version: OpenJDK Runtime Environment (8.0_212-b04) (build 1.8.0_212-b04)
# Java VM: OpenJDK 64-Bit Server VM (25.212-b04 mixed mode linux-amd64 compressed oops)
Heap:
 PSYoungGen      total 592384K, used 458031K [0x00000000d5580000, 0x0000000100000000, 0x0000000100000000)
  eden space 540160K, 76% used [0x00000000d5580000,0x00000000ee6fe398,0x00000000f6500000)
  from space 52224K, 89% used [0x00000000fab00000,0x00000000fd8cda20,0x00000000fde00000)
  to   space 71680K, 0% used [0x00000000f6500000,0x00000000f6500000,0x00000000fab00000)
 ParOldGen       total 1398272K, used 32759K [0x0000000080000000, 0x00000000d5580000, 0x00000000d5580000)
  object space 1398272K, 2% used [0x0000000080000000,0x0000000081ffddd0,0x00000000d5580000)
 Metaspace       used 82101K, capacity 86062K, committed 86272K, reserved 1126400K
  class space    used 9294K, capacity 9971K, committed 9984K, reserved 1048576K
GC Heap History (10 events):
Event: 6.766 GC heap before
{Heap before GC invocations=5 (full 2):
 PSYoungGen      total 611840K, used 524800K [0x00000000d5580000, 0x0000000100000000, 0x0000000100000000)
  eden space 524800K, 100% used [0x00000000d5580000,0x00000000f5600000,0x00000000f5600000)
  from space 87040K, 0% used [0x00000000fab00000,0x00000000fab00000,0x0000000100000000)
  to   space 87040K, 0% used [0x00000000f5600000,0x00000000f5600000,0x00000000fab00000)
 ParOldGen       total 1398272K, used 24295K [0x0000000080000000, 0x00000000d5580000, 0x00000000d5580000)
  object space 1398272K, 1% used [0x0000000080000000,0x00000000817b9d78,0x00000000d5580000)
 Metaspace       used 49350K, capacity 50194K, committed 50432K, reserved 1093632K
  class space    used 5883K, capacity 6085K, committed 6144K, reserved 1048576K
Event: 6.797 GC heap after
Heap after GC invocations=5 (full 2):
 PSYoungGen      total 611840K, used 20370K [0x00000000d5580000, 0x0000000100000000, 0x0000000100000000)
  eden space 524800K, 0% used [0x00000000d5580000,0x00000000d5580000,0x00000000f5600000)
  from space 87040K, 23% used [0x00000000f5600000,0x00000000f69e4ad8,0x00000000fab00000)
  to   space 87040K, 0% used [0x00000000fab00000,0x00000000fab00000,0x0000000100000000)
 ParOldGen       total 1398272K, used 24303K [0x0000000080000000, 0x00000000d5580000, 0x00000000d5580000)
  object space 1398272K, 1% used [0x0000000080000000,0x00000000817bbd78,0x00000000d5580000)
 Metaspace       used 49350K, capacity 50194K, committed 50432K, reserved 1093632K
  class space    used 5883K, capacity 6085K, committed 6144K, reserved 1048576K
}
Event: 11.077 GC heap before
{Heap before GC invocations=6 (full 2):
 PSYoungGen      total 611840K, used 331041K [0x00000000d5580000, 0x0000000100000000, 0x0000000100000000)
  eden space 524800K, 59% used [0x00000000d5580000,0x00000000e84e39e0,0x00000000f5600000)
  from space 87040K, 23% used [0x00000000f5600000,0x00000000f69e4ad8,0x00000000fab00000)
  to   space 87040K, 0% used [0x00000000fab00000,0x00000000fab00000,0x0000000100000000)
 ParOldGen       total 1398272K, used 24303K [0x0000000080000000, 0x00000000d5580000, 0x00000000d5580000)
  object space 1398272K, 1% used [0x0000000080000000,0x00000000817bbd78,0x00000000d5580000)
 Metaspace       used 57770K, capacity 58952K, committed 59028K, reserved 1101824K
  class space    used 6945K, capacity 7164K, committed 7168K, reserved 1048576K
Event: 11.114 GC heap after
Heap after GC invocations=6 (full 2):
 PSYoungGen      total 611840K, used 19934K [0x00000000d5580000, 0x0000000100000000, 0x0000000100000000)
  eden space 524800K, 0% used [0x00000000d5580000,0x00000000d5580000,0x00000000f5600000)
  from space 87040K, 22% used [0x00000000fab00000,0x00000000fbe77950,0x0000000100000000)
  to   space 87040K, 0% used [0x00000000f5600000,0x00000000f5600000,0x00000000fab00000)
 ParOldGen       total 1398272K, used 24311K [0x0000000080000000, 0x00000000d5580000, 0x00000000d5580000)
  object space 1398272K, 1% used [0x0000000080000000,0x00000000817bdd78,0x00000000d5580000)
 Metaspace       used 57770K, capacity 58952K, committed 59028K, reserved 1101824K
  class space    used 6945K, capacity 7164K, committed 7168K, reserved 1048576K
}
Event: 11.114 GC heap before
{Heap before GC invocations=7 (full 3):
 PSYoungGen      total 611840K, used 19934K [0x00000000d5580000, 0x0000000100000000, 0x0000000100000000)
  eden space 524800K, 0% used [0x00000000d5580000,0x00000000d5580000,0x00000000f5600000)
  from space 87040K, 22% used [0x00000000fab00000,0x00000000fbe77950,0x0000000100000000)
  to   space 87040K, 0% used [0x00000000f5600000,0x00000000f5600000,0x00000000fab00000)
 ParOldGen       total 1398272K, used 24311K [0x0000000080000000, 0x00000000d5580000, 0x00000000d5580000)
  object space 1398272K, 1% used [0x0000000080000000,0x00000000817bdd78,0x00000000d5580000)
 Metaspace       used 57770K, capacity 58952K, committed 59028K, reserved 1101824K
  class space    used 6945K, capacity 7164K, committed 7168K, reserved 1048576K
Event: 11.430 GC heap after
Heap after GC invocations=7 (full 3):
 PSYoungGen      total 611840K, used 0K [0x00000000d5580000, 0x0000000100000000, 0x0000000100000000)
  eden space 524800K, 0% used [0x00000000d5580000,0x00000000d5580000,0x00000000f5600000)
  from space 87040K, 0% used [0x00000000fab00000,0x00000000fab00000,0x0000000100000000)
  to   space 87040K, 0% used [0x00000000f5600000,0x00000000f5600000,0x00000000fab00000)
 ParOldGen       total 1398272K, used 32447K [0x0000000080000000, 0x00000000d5580000, 0x00000000d5580000)
  object space 1398272K, 2% used [0x0000000080000000,0x0000000081faff18,0x00000000d5580000)
 Metaspace       used 57710K, capacity 58806K, committed 59028K, reserved 1101824K
  class space    used 6924K, capacity 7127K, committed 7168K, reserved 1048576K
}
Event: 19.704 GC heap before
{Heap before GC invocations=8 (full 3):
 PSYoungGen      total 611840K, used 524800K [0x00000000d5580000, 0x0000000100000000, 0x0000000100000000)
  eden space 524800K, 100% used [0x00000000d5580000,0x00000000f5600000,0x00000000f5600000)
  from space 87040K, 0% used [0x00000000fab00000,0x00000000fab00000,0x0000000100000000)
  to   space 87040K, 0% used [0x00000000f5600000,0x00000000f5600000,0x00000000fab00000)
 ParOldGen       total 1398272K, used 32447K [0x0000000080000000, 0x00000000d5580000, 0x00000000d5580000)
  object space 1398272K, 2% used [0x0000000080000000,0x0000000081faff18,0x00000000d5580000)
 Metaspace       used 76733K, capacity 79924K, committed 80000K, reserved 1120256K
  class space    used 8983K, capacity 9582K, committed 9600K, reserved 1048576K
Event: 19.812 GC heap after
Heap after GC invocations=8 (full 3):
 PSYoungGen      total 611840K, used 87018K [0x00000000d5580000, 0x00000000fde00000, 0x0000000100000000)
  eden space 524800K, 0% used [0x00000000d5580000,0x00000000d5580000,0x00000000f5600000)
  from space 87040K, 99% used [0x00000000f5600000,0x00000000faafa9e0,0x00000000fab00000)
  to   space 52224K, 0% used [0x00000000fab00000,0x00000000fab00000,0x00000000fde00000)
 ParOldGen       total 1398272K, used 32751K [0x0000000080000000, 0x00000000d5580000, 0x00000000d5580000)
  object space 1398272K, 2% used [0x0000000080000000,0x0000000081ffbdd0,0x00000000d5580000)
 Metaspace       used 76733K, capacity 79924K, committed 80000K, reserved 1120256K
  class space    used 8983K, capacity 9582K, committed 9600K, reserved 1048576K
}
Event: 25.753 GC heap before
{Heap before GC invocations=9 (full 3):
 PSYoungGen      total 611840K, used 611239K [0x00000000d5580000, 0x00000000fde00000, 0x0000000100000000)
  eden space 524800K, 99% used [0x00000000d5580000,0x00000000f556f2a0,0x00000000f5600000)
  from space 87040K, 99% used [0x00000000f5600000,0x00000000faafa9e0,0x00000000fab00000)
  to   space 52224K, 0% used [0x00000000fab00000,0x00000000fab00000,0x00000000fde00000)
 ParOldGen       total 1398272K, used 32751K [0x0000000080000000, 0x00000000d5580000, 0x00000000d5580000)
  object space 1398272K, 2% used [0x0000000080000000,0x0000000081ffbdd0,0x00000000d5580000)
 Metaspace       used 81512K, capacity 85410K, committed 85504K, reserved 1124352K
  class space    used 9282K, capacity 9959K, committed 9984K, reserved 1048576K
Event: 25.856 GC heap after
Heap after GC invocations=9 (full 3):
 PSYoungGen      total 592384K, used 46902K [0x00000000d5580000, 0x0000000100000000, 0x0000000100000000)
  eden space 540160K, 0% used [0x00000000d5580000,0x00000000d5580000,0x00000000f6500000)
  from space 52224K, 89% used [0x00000000fab00000,0x00000000fd8cda20,0x00000000fde00000)
  to   space 71680K, 0% used [0x00000000f6500000,0x00000000f6500000,0x00000000fab00000)
 ParOldGen       total 1398272K, used 32759K [0x0000000080000000, 0x00000000d5580000, 0x00000000d5580000)
  object space 1398272K, 2% used [0x0000000080000000,0x0000000081ffddd0,0x00000000d5580000)
 Metaspace       used 81512K, capacity 85410K, committed 85504K, reserved 1124352K
  class space    used 9282K, capacity 9959K, committed 9984K, reserved 1048576K
}

