# JRE version: OpenJDK Runtime Environment (8.0_212-b04) (build 1.8.0_212-b04)
# Java VM: OpenJDK 64-Bit Server VM (25.212-b04 mixed mode linux-amd64 compressed oops)
Heap:
 PSYoungGen      total 611840K, used 71504K [0x00000000d5580000, 0x0000000100000000, 0x0000000100000000)
  eden space 524800K, 13% used [0x00000000d5580000,0x00000000d9b543b8,0x00000000f5600000)
  from space 87040K, 0% used [0x00000000f5600000,0x00000000f5600000,0x00000000fab00000)
  to   space 87040K, 0% used [0x00000000fab00000,0x00000000fab00000,0x0000000100000000)
 ParOldGen       total 857088K, used 14600K [0x0000000080000000, 0x00000000b4500000, 0x00000000d5580000)
  object space 857088K, 1% used [0x0000000080000000,0x0000000080e421a0,0x00000000b4500000)
 Metaspace       used 24299K, capacity 24490K, committed 24832K, reserved 1071104K
  class space    used 2996K, capacity 3056K, committed 3072K, reserved 1048576K
GC Heap History (4 events):
Event: 2.536 GC heap before
{Heap before GC invocations=1 (full 0):
 PSYoungGen      total 611840K, used 304388K [0x00000000d5580000, 0x0000000100000000, 0x0000000100000000)
  eden space 524800K, 58% used [0x00000000d5580000,0x00000000e7ec1268,0x00000000f5600000)
  from space 87040K, 0% used [0x00000000fab00000,0x00000000fab00000,0x0000000100000000)
  to   space 87040K, 0% used [0x00000000f5600000,0x00000000f5600000,0x00000000fab00000)
 ParOldGen       total 1398272K, used 0K [0x0000000080000000, 0x00000000d5580000, 0x00000000d5580000)
  object space 1398272K, 0% used [0x0000000080000000,0x0000000080000000,0x00000000d5580000)
 Metaspace       used 20871K, capacity 21096K, committed 21296K, reserved 1069056K
  class space    used 2601K, capacity 2671K, committed 2688K, reserved 1048576K
Event: 2.581 GC heap after
Heap after GC invocations=1 (full 0):
 PSYoungGen      total 611840K, used 15324K [0x00000000d5580000, 0x0000000100000000, 0x0000000100000000)
  eden space 524800K, 0% used [0x00000000d5580000,0x00000000d5580000,0x00000000f5600000)
  from space 87040K, 17% used [0x00000000f5600000,0x00000000f64f7148,0x00000000fab00000)
  to   space 87040K, 0% used [0x00000000fab00000,0x00000000fab00000,0x0000000100000000)
 ParOldGen       total 1398272K, used 16K [0x0000000080000000, 0x00000000d5580000, 0x00000000d5580000)
  object space 1398272K, 0% used [0x0000000080000000,0x0000000080004000,0x00000000d5580000)
 Metaspace       used 20871K, capacity 21096K, committed 21296K, reserved 1069056K
  class space    used 2601K, capacity 2671K, committed 2688K, reserved 1048576K
}
Event: 2.581 GC heap before
{Heap before GC invocations=2 (full 1):
 PSYoungGen      total 611840K, used 15324K [0x00000000d5580000, 0x0000000100000000, 0x0000000100000000)
  eden space 524800K, 0% used [0x00000000d5580000,0x00000000d5580000,0x00000000f5600000)
  from space 87040K, 17% used [0x00000000f5600000,0x00000000f64f7148,0x00000000fab00000)
  to   space 87040K, 0% used [0x00000000fab00000,0x00000000fab00000,0x0000000100000000)
 ParOldGen       total 1398272K, used 16K [0x0000000080000000, 0x00000000d5580000, 0x00000000d5580000)
  object space 1398272K, 0% used [0x0000000080000000,0x0000000080004000,0x00000000d5580000)
 Metaspace       used 20871K, capacity 21096K, committed 21296K, reserved 1069056K
  class space    used 2601K, capacity 2671K, committed 2688K, reserved 1048576K
Event: 2.650 GC heap after
Heap after GC invocations=2 (full 1):
 PSYoungGen      total 611840K, used 0K [0x00000000d5580000, 0x0000000100000000, 0x0000000100000000)
  eden space 524800K, 0% used [0x00000000d5580000,0x00000000d5580000,0x00000000f5600000)
  from space 87040K, 0% used [0x00000000f5600000,0x00000000f5600000,0x00000000fab00000)
  to   space 87040K, 0% used [0x00000000fab00000,0x00000000fab00000,0x0000000100000000)
 ParOldGen       total 857088K, used 14600K [0x0000000080000000, 0x00000000b4500000, 0x00000000d5580000)
  object space 857088K, 1% used [0x0000000080000000,0x0000000080e421a0,0x00000000b4500000)
 Metaspace       used 20868K, capacity 21090K, committed 21296K, reserved 1069056K
  class space    used 2601K, capacity 2670K, committed 2688K, reserved 1048576K
}

