# JRE version: OpenJDK Runtime Environment (8.0_212-b04) (build 1.8.0_212-b04)
# Java VM: OpenJDK 64-Bit Server VM (25.212-b04 mixed mode linux-amd64 compressed oops)
Heap:
 PSYoungGen      total 611840K, used 280955K [0x00000000d5580000, 0x0000000100000000, 0x0000000100000000)
  eden space 524800K, 53% used [0x00000000d5580000,0x00000000e67def50,0x00000000f5600000)
  from space 87040K, 0% used [0x00000000fab00000,0x00000000fab00000,0x0000000100000000)
  to   space 87040K, 0% used [0x00000000f5600000,0x00000000f5600000,0x00000000fab00000)
 ParOldGen       total 1398272K, used 29006K [0x0000000080000000, 0x00000000d5580000, 0x00000000d5580000)
  object space 1398272K, 2% used [0x0000000080000000,0x0000000081c539e8,0x00000000d5580000)
 Metaspace       used 65413K, capacity 68124K, committed 68224K, reserved 1110016K
  class space    used 7558K, capacity 8058K, committed 8064K, reserved 1048576K
GC Heap History (10 events):
Event: 4.907 GC heap before
{Heap before GC invocations=3 (full 1):
 PSYoungGen      total 611840K, used 469725K [0x00000000d5580000, 0x0000000100000000, 0x0000000100000000)
  eden space 524800K, 89% used [0x00000000d5580000,0x00000000f20376f0,0x00000000f5600000)
  from space 87040K, 0% used [0x00000000f5600000,0x00000000f5600000,0x00000000fab00000)
  to   space 87040K, 0% used [0x00000000fab00000,0x00000000fab00000,0x0000000100000000)
 ParOldGen       total 860160K, used 14301K [0x0000000080000000, 0x00000000b4800000, 0x00000000d5580000)
  object space 860160K, 1% used [0x0000000080000000,0x0000000080df7420,0x00000000b4800000)
 Metaspace       used 34706K, capacity 35092K, committed 35416K, reserved 1081344K
  class space    used 3957K, capacity 4060K, committed 4096K, reserved 1048576K
Event: 4.945 GC heap after
Heap after GC invocations=3 (full 1):
 PSYoungGen      total 611840K, used 19328K [0x00000000d5580000, 0x0000000100000000, 0x0000000100000000)
  eden space 524800K, 0% used [0x00000000d5580000,0x00000000d5580000,0x00000000f5600000)
  from space 87040K, 22% used [0x00000000fab00000,0x00000000fbde00e0,0x0000000100000000)
  to   space 87040K, 0% used [0x00000000f5600000,0x00000000f5600000,0x00000000fab00000)
 ParOldGen       total 860160K, used 14301K [0x0000000080000000, 0x00000000b4800000, 0x00000000d5580000)
  object space 860160K, 1% used [0x0000000080000000,0x0000000080df7420,0x00000000b4800000)
 Metaspace       used 34706K, capacity 35092K, committed 35416K, reserved 1081344K
  class space    used 3957K, capacity 4060K, committed 4096K, reserved 1048576K
}
Event: 4.945 GC heap before
{Heap before GC invocations=4 (full 2):
 PSYoungGen      total 611840K, used 19328K [0x00000000d5580000, 0x0000000100000000, 0x0000000100000000)
  eden space 524800K, 0% used [0x00000000d5580000,0x00000000d5580000,0x00000000f5600000)
  from space 87040K, 22% used [0x00000000fab00000,0x00000000fbde00e0,0x0000000100000000)
  to   space 87040K, 0% used [0x00000000f5600000,0x00000000f5600000,0x00000000fab00000)
 ParOldGen       total 860160K, used 14301K [0x0000000080000000, 0x00000000b4800000, 0x00000000d5580000)
  object space 860160K, 1% used [0x0000000080000000,0x0000000080df7420,0x00000000b4800000)
 Metaspace       used 34706K, capacity 35092K, committed 35416K, reserved 1081344K
  class space    used 3957K, capacity 4060K, committed 4096K, reserved 1048576K
Event: 5.040 GC heap after
Heap after GC invocations=4 (full 2):
 PSYoungGen      total 611840K, used 0K [0x00000000d5580000, 0x0000000100000000, 0x0000000100000000)
  eden space 524800K, 0% used [0x00000000d5580000,0x00000000d5580000,0x00000000f5600000)
  from space 87040K, 0% used [0x00000000fab00000,0x00000000fab00000,0x0000000100000000)
  to   space 87040K, 0% used [0x00000000f5600000,0x00000000f5600000,0x00000000fab00000)
 ParOldGen       total 1398272K, used 23783K [0x0000000080000000, 0x00000000d5580000, 0x00000000d5580000)
  object space 1398272K, 1% used [0x0000000080000000,0x0000000081739d08,0x00000000d5580000)
 Metaspace       used 34706K, capacity 35092K, committed 35416K, reserved 1081344K
  class space    used 3957K, capacity 4060K, committed 4096K, reserved 1048576K
}
Event: 11.451 GC heap before
{Heap before GC invocations=5 (full 2):
 PSYoungGen      total 611840K, used 524800K [0x00000000d5580000, 0x0000000100000000, 0x0000000100000000)
  eden space 524800K, 100% used [0x00000000d5580000,0x00000000f5600000,0x00000000f5600000)
  from space 87040K, 0% used [0x00000000fab00000,0x00000000fab00000,0x0000000100000000)
  to   space 87040K, 0% used [0x00000000f5600000,0x00000000f5600000,0x00000000fab00000)
 ParOldGen       total 1398272K, used 23783K [0x0000000080000000, 0x00000000d5580000, 0x00000000d5580000)
  object space 1398272K, 1% used [0x0000000080000000,0x0000000081739d18,0x00000000d5580000)
 Metaspace       used 51788K, capacity 53166K, committed 53248K, reserved 1095680K
  class space    used 6095K, capacity 6345K, committed 6400K, reserved 1048576K
Event: 11.501 GC heap after
Heap after GC invocations=5 (full 2):
 PSYoungGen      total 611840K, used 25403K [0x00000000d5580000, 0x0000000100000000, 0x0000000100000000)
  eden space 524800K, 0% used [0x00000000d5580000,0x00000000d5580000,0x00000000f5600000)
  from space 87040K, 29% used [0x00000000f5600000,0x00000000f6ecefc8,0x00000000fab00000)
  to   space 87040K, 0% used [0x00000000fab00000,0x00000000fab00000,0x0000000100000000)
 ParOldGen       total 1398272K, used 23791K [0x0000000080000000, 0x00000000d5580000, 0x00000000d5580000)
  object space 1398272K, 1% used [0x0000000080000000,0x000000008173bd18,0x00000000d5580000)
 Metaspace       used 51788K, capacity 53166K, committed 53248K, reserved 1095680K
  class space    used 6095K, capacity 6345K, committed 6400K, reserved 1048576K
}
Event: 12.251 GC heap before
{Heap before GC invocations=6 (full 2):
 PSYoungGen      total 611840K, used 201596K [0x00000000d5580000, 0x0000000100000000, 0x0000000100000000)
  eden space 524800K, 33% used [0x00000000d5580000,0x00000000e0190430,0x00000000f5600000)
  from space 87040K, 29% used [0x00000000f5600000,0x00000000f6ecefc8,0x00000000fab00000)
  to   space 87040K, 0% used [0x00000000fab00000,0x00000000fab00000,0x0000000100000000)
 ParOldGen       total 1398272K, used 23791K [0x0000000080000000, 0x00000000d5580000, 0x00000000d5580000)
  object space 1398272K, 1% used [0x0000000080000000,0x000000008173bd18,0x00000000d5580000)
 Metaspace       used 57419K, capacity 58852K, committed 59008K, reserved 1101824K
  class space    used 6644K, capacity 6932K, committed 7040K, reserved 1048576K
Event: 12.276 GC heap after
Heap after GC invocations=6 (full 2):
 PSYoungGen      total 611840K, used 17062K [0x00000000d5580000, 0x0000000100000000, 0x0000000100000000)
  eden space 524800K, 0% used [0x00000000d5580000,0x00000000d5580000,0x00000000f5600000)
  from space 87040K, 19% used [0x00000000fab00000,0x00000000fbba9898,0x0000000100000000)
  to   space 87040K, 0% used [0x00000000f5600000,0x00000000f5600000,0x00000000fab00000)
 ParOldGen       total 1398272K, used 23799K [0x0000000080000000, 0x00000000d5580000, 0x00000000d5580000)
  object space 1398272K, 1% used [0x0000000080000000,0x000000008173dd18,0x00000000d5580000)
 Metaspace       used 57419K, capacity 58852K, committed 59008K, reserved 1101824K
  class space    used 6644K, capacity 6932K, committed 7040K, reserved 1048576K
}
Event: 12.276 GC heap before
{Heap before GC invocations=7 (full 3):
 PSYoungGen      total 611840K, used 17062K [0x00000000d5580000, 0x0000000100000000, 0x0000000100000000)
  eden space 524800K, 0% used [0x00000000d5580000,0x00000000d5580000,0x00000000f5600000)
  from space 87040K, 19% used [0x00000000fab00000,0x00000000fbba9898,0x0000000100000000)
  to   space 87040K, 0% used [0x00000000f5600000,0x00000000f5600000,0x00000000fab00000)
 ParOldGen       total 1398272K, used 23799K [0x0000000080000000, 0x00000000d5580000, 0x00000000d5580000)
  object space 1398272K, 1% used [0x0000000080000000,0x000000008173dd18,0x00000000d5580000)
 Metaspace       used 57419K, capacity 58852K, committed 59008K, reserved 1101824K
  class space    used 6644K, capacity 6932K, committed 7040K, reserved 1048576K
Event: 12.543 GC heap after
Heap after GC invocations=7 (full 3):
 PSYoungGen      total 611840K, used 0K [0x00000000d5580000, 0x0000000100000000, 0x0000000100000000)
  eden space 524800K, 0% used [0x00000000d5580000,0x00000000d5580000,0x00000000f5600000)
  from space 87040K, 0% used [0x00000000fab00000,0x00000000fab00000,0x0000000100000000)
  to   space 87040K, 0% used [0x00000000f5600000,0x00000000f5600000,0x00000000fab00000)
 ParOldGen       total 1398272K, used 29006K [0x0000000080000000, 0x00000000d5580000, 0x00000000d5580000)
  object space 1398272K, 2% used [0x0000000080000000,0x0000000081c539e8,0x00000000d5580000)
 Metaspace       used 57386K, capacity 58768K, committed 59008K, reserved 1101824K
  class space    used 6632K, capacity 6912K, committed 7040K, reserved 1048576K
}

