# JRE version: OpenJDK Runtime Environment (8.0_212-b04) (build 1.8.0_212-b04)
# Java VM: OpenJDK 64-Bit Server VM (25.212-b04 mixed mode linux-amd64 compressed oops)
Heap:
 PSYoungGen      total 535552K, used 506806K [0x00000000d5580000, 0x00000000fab80000, 0x0000000100000000)
  eden space 524800K, 94% used [0x00000000d5580000,0x00000000f3a09e00,0x00000000f5600000)
  from space 10752K, 98% used [0x00000000f5600000,0x00000000f6063aa0,0x00000000f6080000)
  to   space 30720K, 0% used [0x00000000f8d80000,0x00000000f8d80000,0x00000000fab80000)
 ParOldGen       total 1398272K, used 758084K [0x0000000080000000, 0x00000000d5580000, 0x00000000d5580000)
  object space 1398272K, 54% used [0x0000000080000000,0x00000000ae4510e8,0x00000000d5580000)
 Metaspace       used 65279K, capacity 67874K, committed 68224K, reserved 1110016K
  class space    used 7483K, capacity 7947K, committed 8064K, reserved 1048576K
GC Heap History (10 events):
Event: 4.994 GC heap before
{Heap before GC invocations=4 (full 2):
 PSYoungGen      total 611840K, used 19451K [0x00000000d5580000, 0x0000000100000000, 0x0000000100000000)
  eden space 524800K, 0% used [0x00000000d5580000,0x00000000d5580000,0x00000000f5600000)
  from space 87040K, 22% used [0x00000000fab00000,0x00000000fbdfed30,0x0000000100000000)
  to   space 87040K, 0% used [0x00000000f5600000,0x00000000f5600000,0x00000000fab00000)
 ParOldGen       total 867328K, used 14207K [0x0000000080000000, 0x00000000b4f00000, 0x00000000d5580000)
  object space 867328K, 1% used [0x0000000080000000,0x0000000080ddfc20,0x00000000b4f00000)
 Metaspace       used 34833K, capacity 35156K, committed 35416K, reserved 1081344K
  class space    used 3964K, capacity 4060K, committed 4096K, reserved 1048576K
Event: 5.107 GC heap after
Heap after GC invocations=4 (full 2):
 PSYoungGen      total 611840K, used 0K [0x00000000d5580000, 0x0000000100000000, 0x0000000100000000)
  eden space 524800K, 0% used [0x00000000d5580000,0x00000000d5580000,0x00000000f5600000)
  from space 87040K, 0% used [0x00000000fab00000,0x00000000fab00000,0x0000000100000000)
  to   space 87040K, 0% used [0x00000000f5600000,0x00000000f5600000,0x00000000fab00000)
 ParOldGen       total 1398272K, used 23887K [0x0000000080000000, 0x00000000d5580000, 0x00000000d5580000)
  object space 1398272K, 1% used [0x0000000080000000,0x0000000081753fb0,0x00000000d5580000)
 Metaspace       used 34833K, capacity 35156K, committed 35416K, reserved 1081344K
  class space    used 3964K, capacity 4060K, committed 4096K, reserved 1048576K
}
Event: 8.839 GC heap before
{Heap before GC invocations=5 (full 2):
 PSYoungGen      total 611840K, used 524800K [0x00000000d5580000, 0x0000000100000000, 0x0000000100000000)
  eden space 524800K, 100% used [0x00000000d5580000,0x00000000f5600000,0x00000000f5600000)
  from space 87040K, 0% used [0x00000000fab00000,0x00000000fab00000,0x0000000100000000)
  to   space 87040K, 0% used [0x00000000f5600000,0x00000000f5600000,0x00000000fab00000)
 ParOldGen       total 1398272K, used 23887K [0x0000000080000000, 0x00000000d5580000, 0x00000000d5580000)
  object space 1398272K, 1% used [0x0000000080000000,0x0000000081753fb0,0x00000000d5580000)
 Metaspace       used 44686K, capacity 45580K, committed 45824K, reserved 1089536K
  class space    used 5167K, capacity 5372K, committed 5376K, reserved 1048576K
Event: 8.895 GC heap after
Heap after GC invocations=5 (full 2):
 PSYoungGen      total 611840K, used 17147K [0x00000000d5580000, 0x0000000100000000, 0x0000000100000000)
  eden space 524800K, 0% used [0x00000000d5580000,0x00000000d5580000,0x00000000f5600000)
  from space 87040K, 19% used [0x00000000f5600000,0x00000000f66bef88,0x00000000fab00000)
  to   space 87040K, 0% used [0x00000000fab00000,0x00000000fab00000,0x0000000100000000)
 ParOldGen       total 1398272K, used 23895K [0x0000000080000000, 0x00000000d5580000, 0x00000000d5580000)
  object space 1398272K, 1% used [0x0000000080000000,0x0000000081755fb0,0x00000000d5580000)
 Metaspace       used 44686K, capacity 45580K, committed 45824K, reserved 1089536K
  class space    used 5167K, capacity 5372K, committed 5376K, reserved 1048576K
}
Event: 12.942 GC heap before
{Heap before GC invocations=6 (full 2):
 PSYoungGen      total 611840K, used 324305K [0x00000000d5580000, 0x0000000100000000, 0x0000000100000000)
  eden space 524800K, 58% used [0x00000000d5580000,0x00000000e81754b8,0x00000000f5600000)
  from space 87040K, 19% used [0x00000000f5600000,0x00000000f66bef88,0x00000000fab00000)
  to   space 87040K, 0% used [0x00000000fab00000,0x00000000fab00000,0x0000000100000000)
 ParOldGen       total 1398272K, used 23895K [0x0000000080000000, 0x00000000d5580000, 0x00000000d5580000)
  object space 1398272K, 1% used [0x0000000080000000,0x0000000081755fb0,0x00000000d5580000)
 Metaspace       used 57563K, capacity 58962K, committed 59028K, reserved 1101824K
  class space    used 6621K, capacity 6901K, committed 6912K, reserved 1048576K
Event: 13.004 GC heap after
Heap after GC invocations=6 (full 2):
 PSYoungGen      total 611840K, used 29961K [0x00000000d5580000, 0x0000000100000000, 0x0000000100000000)
  eden space 524800K, 0% used [0x00000000d5580000,0x00000000d5580000,0x00000000f5600000)
  from space 87040K, 34% used [0x00000000fab00000,0x00000000fc842640,0x0000000100000000)
  to   space 87040K, 0% used [0x00000000f5600000,0x00000000f5600000,0x00000000fab00000)
 ParOldGen       total 1398272K, used 23903K [0x0000000080000000, 0x00000000d5580000, 0x00000000d5580000)
  object space 1398272K, 1% used [0x0000000080000000,0x0000000081757fb0,0x00000000d5580000)
 Metaspace       used 57563K, capacity 58962K, committed 59028K, reserved 1101824K
  class space    used 6621K, capacity 6901K, committed 6912K, reserved 1048576K
}
Event: 13.004 GC heap before
{Heap before GC invocations=7 (full 3):
 PSYoungGen      total 611840K, used 29961K [0x00000000d5580000, 0x0000000100000000, 0x0000000100000000)
  eden space 524800K, 0% used [0x00000000d5580000,0x00000000d5580000,0x00000000f5600000)
  from space 87040K, 34% used [0x00000000fab00000,0x00000000fc842640,0x0000000100000000)
  to   space 87040K, 0% used [0x00000000f5600000,0x00000000f5600000,0x00000000fab00000)
 ParOldGen       total 1398272K, used 23903K [0x0000000080000000, 0x00000000d5580000, 0x00000000d5580000)
  object space 1398272K, 1% used [0x0000000080000000,0x0000000081757fb0,0x00000000d5580000)
 Metaspace       used 57563K, capacity 58962K, committed 59028K, reserved 1101824K
  class space    used 6621K, capacity 6901K, committed 6912K, reserved 1048576K
Event: 13.340 GC heap after
Heap after GC invocations=7 (full 3):
 PSYoungGen      total 611840K, used 0K [0x00000000d5580000, 0x0000000100000000, 0x0000000100000000)
  eden space 524800K, 0% used [0x00000000d5580000,0x00000000d5580000,0x00000000f5600000)
  from space 87040K, 0% used [0x00000000fab00000,0x00000000fab00000,0x0000000100000000)
  to   space 87040K, 0% used [0x00000000f5600000,0x00000000f5600000,0x00000000fab00000)
 ParOldGen       total 1398272K, used 41276K [0x0000000080000000, 0x00000000d5580000, 0x00000000d5580000)
  object space 1398272K, 2% used [0x0000000080000000,0x000000008284f0b8,0x00000000d5580000)
 Metaspace       used 57535K, capacity 58888K, committed 59028K, reserved 1101824K
  class space    used 6611K, capacity 6884K, committed 6912K, reserved 1048576K
}
Event: 19.733 GC heap before
{Heap before GC invocations=8 (full 3):
 PSYoungGen      total 611840K, used 355805K [0x00000000d5580000, 0x0000000100000000, 0x0000000100000000)
  eden space 524800K, 67% used [0x00000000d5580000,0x00000000eb0f77d8,0x00000000f5600000)
  from space 87040K, 0% used [0x00000000fab00000,0x00000000fab00000,0x0000000100000000)
  to   space 87040K, 0% used [0x00000000f5600000,0x00000000f5600000,0x00000000fab00000)
 ParOldGen       total 1398272K, used 41276K [0x0000000080000000, 0x00000000d5580000, 0x00000000d5580000)
  object space 1398272K, 2% used [0x0000000080000000,0x000000008284f0b8,0x00000000d5580000)
 Metaspace       used 60590K, capacity 62606K, committed 62720K, reserved 1103872K
  class space    used 7010K, capacity 7383K, committed 7424K, reserved 1048576K
Event: 20.050 GC heap after
Heap after GC invocations=8 (full 3):
 PSYoungGen      total 535552K, used 10638K [0x00000000d5580000, 0x00000000fab80000, 0x0000000100000000)
  eden space 524800K, 0% used [0x00000000d5580000,0x00000000d5580000,0x00000000f5600000)
  from space 10752K, 98% used [0x00000000f5600000,0x00000000f6063aa0,0x00000000f6080000)
  to   space 30720K, 0% used [0x00000000f8d80000,0x00000000f8d80000,0x00000000fab80000)
 ParOldGen       total 1398272K, used 450884K [0x0000000080000000, 0x00000000d5580000, 0x00000000d5580000)
  object space 1398272K, 32% used [0x0000000080000000,0x000000009b8510d8,0x00000000d5580000)
 Metaspace       used 60590K, capacity 62606K, committed 62720K, reserved 1103872K
  class space    used 7010K, capacity 7383K, committed 7424K, reserved 1048576K
}

