# JRE version: OpenJDK Runtime Environment (8.0_212-b04) (build 1.8.0_212-b04)
# Java VM: OpenJDK 64-Bit Server VM (25.212-b04 mixed mode linux-amd64 compressed oops)
Heap:
 PSYoungGen      total 611840K, used 487920K [0x00000000d5580000, 0x0000000100000000, 0x0000000100000000)
  eden space 524800K, 92% used [0x00000000d5580000,0x00000000f31fc340,0x00000000f5600000)
  from space 87040K, 0% used [0x00000000fab00000,0x00000000fab00000,0x0000000100000000)
  to   space 87040K, 0% used [0x00000000f5600000,0x00000000f5600000,0x00000000fab00000)
 ParOldGen       total 1398272K, used 41659K [0x0000000080000000, 0x00000000d5580000, 0x00000000d5580000)
  object space 1398272K, 2% used [0x0000000080000000,0x00000000828aefa8,0x00000000d5580000)
 Metaspace       used 65729K, capacity 70012K, committed 70144K, reserved 1112064K
  class space    used 7659K, capacity 8366K, committed 8448K, reserved 1048576K
GC Heap History (10 events):
Event: 4.571 GC heap before
{Heap before GC invocations=3 (full 1):
 PSYoungGen      total 611840K, used 424047K [0x00000000d5580000, 0x0000000100000000, 0x0000000100000000)
  eden space 524800K, 80% used [0x00000000d5580000,0x00000000ef39bc30,0x00000000f5600000)
  from space 87040K, 0% used [0x00000000f5600000,0x00000000f5600000,0x00000000fab00000)
  to   space 87040K, 0% used [0x00000000fab00000,0x00000000fab00000,0x0000000100000000)
 ParOldGen       total 856064K, used 13737K [0x0000000080000000, 0x00000000b4400000, 0x00000000d5580000)
  object space 856064K, 1% used [0x0000000080000000,0x0000000080d6a5a8,0x00000000b4400000)
 Metaspace       used 34833K, capacity 35188K, committed 35416K, reserved 1081344K
  class space    used 3972K, capacity 4092K, committed 4096K, reserved 1048576K
Event: 4.609 GC heap after
Heap after GC invocations=3 (full 1):
 PSYoungGen      total 611840K, used 19283K [0x00000000d5580000, 0x0000000100000000, 0x0000000100000000)
  eden space 524800K, 0% used [0x00000000d5580000,0x00000000d5580000,0x00000000f5600000)
  from space 87040K, 22% used [0x00000000fab00000,0x00000000fbdd4d68,0x0000000100000000)
  to   space 87040K, 0% used [0x00000000f5600000,0x00000000f5600000,0x00000000fab00000)
 ParOldGen       total 856064K, used 13737K [0x0000000080000000, 0x00000000b4400000, 0x00000000d5580000)
  object space 856064K, 1% used [0x0000000080000000,0x0000000080d6a5a8,0x00000000b4400000)
 Metaspace       used 34833K, capacity 35188K, committed 35416K, reserved 1081344K
  class space    used 3972K, capacity 4092K, committed 4096K, reserved 1048576K
}
Event: 4.609 GC heap before
{Heap before GC invocations=4 (full 2):
 PSYoungGen      total 611840K, used 19283K [0x00000000d5580000, 0x0000000100000000, 0x0000000100000000)
  eden space 524800K, 0% used [0x00000000d5580000,0x00000000d5580000,0x00000000f5600000)
  from space 87040K, 22% used [0x00000000fab00000,0x00000000fbdd4d68,0x0000000100000000)
  to   space 87040K, 0% used [0x00000000f5600000,0x00000000f5600000,0x00000000fab00000)
 ParOldGen       total 856064K, used 13737K [0x0000000080000000, 0x00000000b4400000, 0x00000000d5580000)
  object space 856064K, 1% used [0x0000000080000000,0x0000000080d6a5a8,0x00000000b4400000)
 Metaspace       used 34833K, capacity 35188K, committed 35416K, reserved 1081344K
  class space    used 3972K, capacity 4092K, committed 4096K, reserved 1048576K
Event: 4.711 GC heap after
Heap after GC invocations=4 (full 2):
 PSYoungGen      total 611840K, used 0K [0x00000000d5580000, 0x0000000100000000, 0x0000000100000000)
  eden space 524800K, 0% used [0x00000000d5580000,0x00000000d5580000,0x00000000f5600000)
  from space 87040K, 0% used [0x00000000fab00000,0x00000000fab00000,0x0000000100000000)
  to   space 87040K, 0% used [0x00000000f5600000,0x00000000f5600000,0x00000000fab00000)
 ParOldGen       total 1398272K, used 23591K [0x0000000080000000, 0x00000000d5580000, 0x00000000d5580000)
  object space 1398272K, 1% used [0x0000000080000000,0x0000000081709e78,0x00000000d5580000)
 Metaspace       used 34833K, capacity 35188K, committed 35416K, reserved 1081344K
  class space    used 3972K, capacity 4092K, committed 4096K, reserved 1048576K
}
Event: 8.539 GC heap before
{Heap before GC invocations=5 (full 2):
 PSYoungGen      total 611840K, used 524800K [0x00000000d5580000, 0x0000000100000000, 0x0000000100000000)
  eden space 524800K, 100% used [0x00000000d5580000,0x00000000f5600000,0x00000000f5600000)
  from space 87040K, 0% used [0x00000000fab00000,0x00000000fab00000,0x0000000100000000)
  to   space 87040K, 0% used [0x00000000f5600000,0x00000000f5600000,0x00000000fab00000)
 ParOldGen       total 1398272K, used 23591K [0x0000000080000000, 0x00000000d5580000, 0x00000000d5580000)
  object space 1398272K, 1% used [0x0000000080000000,0x0000000081709e78,0x00000000d5580000)
 Metaspace       used 44934K, capacity 45994K, committed 46208K, reserved 1089536K
  class space    used 5179K, capacity 5413K, committed 5504K, reserved 1048576K
Event: 8.598 GC heap after
Heap after GC invocations=5 (full 2):
 PSYoungGen      total 611840K, used 20510K [0x00000000d5580000, 0x0000000100000000, 0x0000000100000000)
  eden space 524800K, 0% used [0x00000000d5580000,0x00000000d5580000,0x00000000f5600000)
  from space 87040K, 23% used [0x00000000f5600000,0x00000000f6a07b00,0x00000000fab00000)
  to   space 87040K, 0% used [0x00000000fab00000,0x00000000fab00000,0x0000000100000000)
 ParOldGen       total 1398272K, used 23599K [0x0000000080000000, 0x00000000d5580000, 0x00000000d5580000)
  object space 1398272K, 1% used [0x0000000080000000,0x000000008170be78,0x00000000d5580000)
 Metaspace       used 44934K, capacity 45994K, committed 46208K, reserved 1089536K
  class space    used 5179K, capacity 5413K, committed 5504K, reserved 1048576K
}
Event: 12.557 GC heap before
{Heap before GC invocations=6 (full 2):
 PSYoungGen      total 611840K, used 267891K [0x00000000d5580000, 0x0000000100000000, 0x0000000100000000)
  eden space 524800K, 47% used [0x00000000d5580000,0x00000000e4715130,0x00000000f5600000)
  from space 87040K, 23% used [0x00000000f5600000,0x00000000f6a07b00,0x00000000fab00000)
  to   space 87040K, 0% used [0x00000000fab00000,0x00000000fab00000,0x0000000100000000)
 ParOldGen       total 1398272K, used 23599K [0x0000000080000000, 0x00000000d5580000, 0x00000000d5580000)
  object space 1398272K, 1% used [0x0000000080000000,0x000000008170be78,0x00000000d5580000)
 Metaspace       used 57399K, capacity 58964K, committed 59028K, reserved 1101824K
  class space    used 6590K, capacity 6884K, committed 6912K, reserved 1048576K
Event: 12.628 GC heap after
Heap after GC invocations=6 (full 2):
 PSYoungGen      total 611840K, used 30493K [0x00000000d5580000, 0x0000000100000000, 0x0000000100000000)
  eden space 524800K, 0% used [0x00000000d5580000,0x00000000d5580000,0x00000000f5600000)
  from space 87040K, 35% used [0x00000000fab00000,0x00000000fc8c75a0,0x0000000100000000)
  to   space 87040K, 0% used [0x00000000f5600000,0x00000000f5600000,0x00000000fab00000)
 ParOldGen       total 1398272K, used 23607K [0x0000000080000000, 0x00000000d5580000, 0x00000000d5580000)
  object space 1398272K, 1% used [0x0000000080000000,0x000000008170de78,0x00000000d5580000)
 Metaspace       used 57399K, capacity 58964K, committed 59028K, reserved 1101824K
  class space    used 6590K, capacity 6884K, committed 6912K, reserved 1048576K
}
Event: 12.628 GC heap before
{Heap before GC invocations=7 (full 3):
 PSYoungGen      total 611840K, used 30493K [0x00000000d5580000, 0x0000000100000000, 0x0000000100000000)
  eden space 524800K, 0% used [0x00000000d5580000,0x00000000d5580000,0x00000000f5600000)
  from space 87040K, 35% used [0x00000000fab00000,0x00000000fc8c75a0,0x0000000100000000)
  to   space 87040K, 0% used [0x00000000f5600000,0x00000000f5600000,0x00000000fab00000)
 ParOldGen       total 1398272K, used 23607K [0x0000000080000000, 0x00000000d5580000, 0x00000000d5580000)
  object space 1398272K, 1% used [0x0000000080000000,0x000000008170de78,0x00000000d5580000)
 Metaspace       used 57399K, capacity 58964K, committed 59028K, reserved 1101824K
  class space    used 6590K, capacity 6884K, committed 6912K, reserved 1048576K
Event: 12.961 GC heap after
Heap after GC invocations=7 (full 3):
 PSYoungGen      total 611840K, used 0K [0x00000000d5580000, 0x0000000100000000, 0x0000000100000000)
  eden space 524800K, 0% used [0x00000000d5580000,0x00000000d5580000,0x00000000f5600000)
  from space 87040K, 0% used [0x00000000fab00000,0x00000000fab00000,0x0000000100000000)
  to   space 87040K, 0% used [0x00000000f5600000,0x00000000f5600000,0x00000000fab00000)
 ParOldGen       total 1398272K, used 41659K [0x0000000080000000, 0x00000000d5580000, 0x00000000d5580000)
  object space 1398272K, 2% used [0x0000000080000000,0x00000000828aefa8,0x00000000d5580000)
 Metaspace       used 57345K, capacity 58826K, committed 59028K, reserved 1101824K
  class space    used 6571K, capacity 6851K, committed 6912K, reserved 1048576K
}

