# JRE version: OpenJDK Runtime Environment (8.0_212-b04) (build 1.8.0_212-b04)
# Java VM: OpenJDK 64-Bit Server VM (25.212-b04 mixed mode linux-amd64 compressed oops)
Heap:
 PSYoungGen      total 544768K, used 367822K [0x00000000d5580000, 0x00000000fab80000, 0x0000000100000000)
  eden space 524800K, 70% used [0x00000000d5580000,0x00000000ebcb3898,0x00000000f5600000)
  from space 19968K, 0% used [0x00000000f5600000,0x00000000f5600000,0x00000000f6980000)
  to   space 26624K, 0% used [0x00000000f9180000,0x00000000f9180000,0x00000000fab80000)
 ParOldGen       total 1398272K, used 31704K [0x0000000080000000, 0x00000000d5580000, 0x00000000d5580000)
  object space 1398272K, 2% used [0x0000000080000000,0x0000000081ef62d8,0x00000000d5580000)
 Metaspace       used 68559K, capacity 71014K, committed 71296K, reserved 1112064K
  class space    used 7844K, capacity 8287K, committed 8320K, reserved 1048576K
GC Heap History (10 events):
Event: 4.881 GC heap before
{Heap before GC invocations=4 (full 1):
 PSYoungGen      total 611840K, used 38852K [0x00000000d5580000, 0x0000000100000000, 0x0000000100000000)
  eden space 524800K, 3% used [0x00000000d5580000,0x00000000d68d9eb0,0x00000000f5600000)
  from space 87040K, 21% used [0x00000000fab00000,0x00000000fbd97500,0x0000000100000000)
  to   space 87040K, 0% used [0x00000000f5600000,0x00000000f5600000,0x00000000fab00000)
 ParOldGen       total 891392K, used 14266K [0x0000000080000000, 0x00000000b6680000, 0x00000000d5580000)
  object space 891392K, 1% used [0x0000000080000000,0x0000000080deeb00,0x00000000b6680000)
 Metaspace       used 35105K, capacity 35444K, committed 35748K, reserved 1081344K
  class space    used 3992K, capacity 4092K, committed 4096K, reserved 1048576K
Event: 4.907 GC heap after
Heap after GC invocations=4 (full 1):
 PSYoungGen      total 611840K, used 8094K [0x00000000d5580000, 0x0000000100000000, 0x0000000100000000)
  eden space 524800K, 0% used [0x00000000d5580000,0x00000000d5580000,0x00000000f5600000)
  from space 87040K, 9% used [0x00000000f5600000,0x00000000f5de7948,0x00000000fab00000)
  to   space 87040K, 0% used [0x00000000fab00000,0x00000000fab00000,0x0000000100000000)
 ParOldGen       total 891392K, used 14266K [0x0000000080000000, 0x00000000b6680000, 0x00000000d5580000)
  object space 891392K, 1% used [0x0000000080000000,0x0000000080deeb00,0x00000000b6680000)
 Metaspace       used 35105K, capacity 35444K, committed 35748K, reserved 1081344K
  class space    used 3992K, capacity 4092K, committed 4096K, reserved 1048576K
}
Event: 4.907 GC heap before
{Heap before GC invocations=5 (full 2):
 PSYoungGen      total 611840K, used 8094K [0x00000000d5580000, 0x0000000100000000, 0x0000000100000000)
  eden space 524800K, 0% used [0x00000000d5580000,0x00000000d5580000,0x00000000f5600000)
  from space 87040K, 9% used [0x00000000f5600000,0x00000000f5de7948,0x00000000fab00000)
  to   space 87040K, 0% used [0x00000000fab00000,0x00000000fab00000,0x0000000100000000)
 ParOldGen       total 891392K, used 14266K [0x0000000080000000, 0x00000000b6680000, 0x00000000d5580000)
  object space 891392K, 1% used [0x0000000080000000,0x0000000080deeb00,0x00000000b6680000)
 Metaspace       used 35105K, capacity 35444K, committed 35748K, reserved 1081344K
  class space    used 3992K, capacity 4092K, committed 4096K, reserved 1048576K
Event: 5.019 GC heap after
Heap after GC invocations=5 (full 2):
 PSYoungGen      total 611840K, used 0K [0x00000000d5580000, 0x0000000100000000, 0x0000000100000000)
  eden space 524800K, 0% used [0x00000000d5580000,0x00000000d5580000,0x00000000f5600000)
  from space 87040K, 0% used [0x00000000f5600000,0x00000000f5600000,0x00000000fab00000)
  to   space 87040K, 0% used [0x00000000fab00000,0x00000000fab00000,0x0000000100000000)
 ParOldGen       total 1201664K, used 13488K [0x0000000080000000, 0x00000000c9580000, 0x00000000d5580000)
  object space 1201664K, 1% used [0x0000000080000000,0x0000000080d2c2f8,0x00000000c9580000)
 Metaspace       used 35105K, capacity 35444K, committed 35748K, reserved 1081344K
  class space    used 3992K, capacity 4092K, committed 4096K, reserved 1048576K
}
Event: 10.732 GC heap before
{Heap before GC invocations=6 (full 2):
 PSYoungGen      total 611840K, used 524800K [0x00000000d5580000, 0x0000000100000000, 0x0000000100000000)
  eden space 524800K, 100% used [0x00000000d5580000,0x00000000f5600000,0x00000000f5600000)
  from space 87040K, 0% used [0x00000000f5600000,0x00000000f5600000,0x00000000fab00000)
  to   space 87040K, 0% used [0x00000000fab00000,0x00000000fab00000,0x0000000100000000)
 ParOldGen       total 1201664K, used 13488K [0x0000000080000000, 0x00000000c9580000, 0x00000000d5580000)
  object space 1201664K, 1% used [0x0000000080000000,0x0000000080d2c2f8,0x00000000c9580000)
 Metaspace       used 50040K, capacity 51146K, committed 51200K, reserved 1093632K
  class space    used 5863K, capacity 6095K, committed 6144K, reserved 1048576K
Event: 10.766 GC heap after
Heap after GC invocations=6 (full 2):
 PSYoungGen      total 611840K, used 20494K [0x00000000d5580000, 0x0000000100000000, 0x0000000100000000)
  eden space 524800K, 0% used [0x00000000d5580000,0x00000000d5580000,0x00000000f5600000)
  from space 87040K, 23% used [0x00000000fab00000,0x00000000fbf03890,0x0000000100000000)
  to   space 87040K, 0% used [0x00000000f5600000,0x00000000f5600000,0x00000000fab00000)
 ParOldGen       total 1201664K, used 13496K [0x0000000080000000, 0x00000000c9580000, 0x00000000d5580000)
  object space 1201664K, 1% used [0x0000000080000000,0x0000000080d2e2f8,0x00000000c9580000)
 Metaspace       used 50040K, capacity 51146K, committed 51200K, reserved 1093632K
  class space    used 5863K, capacity 6095K, committed 6144K, reserved 1048576K
}
Event: 12.288 GC heap before
{Heap before GC invocations=7 (full 2):
 PSYoungGen      total 611840K, used 230613K [0x00000000d5580000, 0x0000000100000000, 0x0000000100000000)
  eden space 524800K, 40% used [0x00000000d5580000,0x00000000e22b1b98,0x00000000f5600000)
  from space 87040K, 23% used [0x00000000fab00000,0x00000000fbf03890,0x0000000100000000)
  to   space 87040K, 0% used [0x00000000f5600000,0x00000000f5600000,0x00000000fab00000)
 ParOldGen       total 1201664K, used 13496K [0x0000000080000000, 0x00000000c9580000, 0x00000000d5580000)
  object space 1201664K, 1% used [0x0000000080000000,0x0000000080d2e2f8,0x00000000c9580000)
 Metaspace       used 57993K, capacity 59392K, committed 59520K, reserved 1101824K
  class space    used 6695K, capacity 6990K, committed 7040K, reserved 1048576K
Event: 12.340 GC heap after
Heap after GC invocations=7 (full 2):
 PSYoungGen      total 544768K, used 19900K [0x00000000d5580000, 0x00000000fab80000, 0x0000000100000000)
  eden space 524800K, 0% used [0x00000000d5580000,0x00000000d5580000,0x00000000f5600000)
  from space 19968K, 99% used [0x00000000f5600000,0x00000000f696f028,0x00000000f6980000)
  to   space 26624K, 0% used [0x00000000f9180000,0x00000000f9180000,0x00000000fab80000)
 ParOldGen       total 1201664K, used 13504K [0x0000000080000000, 0x00000000c9580000, 0x00000000d5580000)
  object space 1201664K, 1% used [0x0000000080000000,0x0000000080d302f8,0x00000000c9580000)
 Metaspace       used 57993K, capacity 59392K, committed 59520K, reserved 1101824K
  class space    used 6695K, capacity 6990K, committed 7040K, reserved 1048576K
}
Event: 12.340 GC heap before
{Heap before GC invocations=8 (full 3):
 PSYoungGen      total 544768K, used 19900K [0x00000000d5580000, 0x00000000fab80000, 0x0000000100000000)
  eden space 524800K, 0% used [0x00000000d5580000,0x00000000d5580000,0x00000000f5600000)
  from space 19968K, 99% used [0x00000000f5600000,0x00000000f696f028,0x00000000f6980000)
  to   space 26624K, 0% used [0x00000000f9180000,0x00000000f9180000,0x00000000fab80000)
 ParOldGen       total 1201664K, used 13504K [0x0000000080000000, 0x00000000c9580000, 0x00000000d5580000)
  object space 1201664K, 1% used [0x0000000080000000,0x0000000080d302f8,0x00000000c9580000)
 Metaspace       used 57993K, capacity 59392K, committed 59520K, reserved 1101824K
  class space    used 6695K, capacity 6990K, committed 7040K, reserved 1048576K
Event: 12.630 GC heap after
Heap after GC invocations=8 (full 3):
 PSYoungGen      total 544768K, used 0K [0x00000000d5580000, 0x00000000fab80000, 0x0000000100000000)
  eden space 524800K, 0% used [0x00000000d5580000,0x00000000d5580000,0x00000000f5600000)
  from space 19968K, 0% used [0x00000000f5600000,0x00000000f5600000,0x00000000f6980000)
  to   space 26624K, 0% used [0x00000000f9180000,0x00000000f9180000,0x00000000fab80000)
 ParOldGen       total 1398272K, used 31704K [0x0000000080000000, 0x00000000d5580000, 0x00000000d5580000)
  object space 1398272K, 2% used [0x0000000080000000,0x0000000081ef62d8,0x00000000d5580000)
 Metaspace       used 57979K, capacity 59358K, committed 59520K, reserved 1101824K
  class space    used 6689K, capacity 6981K, committed 7040K, reserved 1048576K
}

