# JRE version: OpenJDK Runtime Environment (8.0_212-b04) (build 1.8.0_212-b04)
# Java VM: OpenJDK 64-Bit Server VM (25.212-b04 mixed mode linux-amd64 compressed oops)
Heap:
 PSYoungGen      total 465920K, used 136770K [0x00000000d5580000, 0x0000000100000000, 0x0000000100000000)
  eden space 232960K, 20% used [0x00000000d5580000,0x00000000d83c0ba0,0x00000000e3900000)
  from space 232960K, 38% used [0x00000000e3900000,0x00000000e9050000,0x00000000f1c80000)
  to   space 232960K, 0% used [0x00000000f1c80000,0x00000000f1c80000,0x0000000100000000)
 ParOldGen       total 1398272K, used 396966K [0x0000000080000000, 0x00000000d5580000, 0x00000000d5580000)
  object space 1398272K, 28% used [0x0000000080000000,0x00000000983a9a78,0x00000000d5580000)
 Metaspace       used 74661K, capacity 80464K, committed 80512K, reserved 1120256K
  class space    used 8362K, capacity 9318K, committed 9344K, reserved 1048576K
GC Heap History (10 events):
Event: 46.974 GC heap before
{Heap before GC invocations=10 (full 3):
 PSYoungGen      total 320000K, used 319974K [0x00000000d5580000, 0x0000000100000000, 0x0000000100000000)
  eden space 232960K, 100% used [0x00000000d5580000,0x00000000e3900000,0x00000000e3900000)
  from space 87040K, 99% used [0x00000000fab00000,0x00000000ffff98d8,0x0000000100000000)
  to   space 232960K, 0% used [0x00000000e3900000,0x00000000e3900000,0x00000000f1c80000)
 ParOldGen       total 1398272K, used 293409K [0x0000000080000000, 0x00000000d5580000, 0x00000000d5580000)
  object space 1398272K, 20% used [0x0000000080000000,0x0000000091e88440,0x00000000d5580000)
 Metaspace       used 72972K, capacity 78614K, committed 78848K, reserved 1118208K
  class space    used 8255K, capacity 9183K, committed 9216K, reserved 1048576K
Event: 47.114 GC heap after
Heap after GC invocations=10 (full 3):
 PSYoungGen      total 465920K, used 157932K [0x00000000d5580000, 0x0000000100000000, 0x0000000100000000)
  eden space 232960K, 0% used [0x00000000d5580000,0x00000000d5580000,0x00000000e3900000)
  from space 232960K, 67% used [0x00000000e3900000,0x00000000ed33b0c8,0x00000000f1c80000)
  to   space 232960K, 0% used [0x00000000f1c80000,0x00000000f1c80000,0x0000000100000000)
 ParOldGen       total 1398272K, used 293417K [0x0000000080000000, 0x00000000d5580000, 0x00000000d5580000)
  object space 1398272K, 20% used [0x0000000080000000,0x0000000091e8a440,0x00000000d5580000)
 Metaspace       used 72972K, capacity 78614K, committed 78848K, reserved 1118208K
  class space    used 8255K, capacity 9183K, committed 9216K, reserved 1048576K
}
Event: 54.512 GC heap before
{Heap before GC invocations=11 (full 3):
 PSYoungGen      total 465920K, used 390892K [0x00000000d5580000, 0x0000000100000000, 0x0000000100000000)
  eden space 232960K, 100% used [0x00000000d5580000,0x00000000e3900000,0x00000000e3900000)
  from space 232960K, 67% used [0x00000000e3900000,0x00000000ed33b0c8,0x00000000f1c80000)
  to   space 232960K, 0% used [0x00000000f1c80000,0x00000000f1c80000,0x0000000100000000)
 ParOldGen       total 1398272K, used 293417K [0x0000000080000000, 0x00000000d5580000, 0x00000000d5580000)
  object space 1398272K, 20% used [0x0000000080000000,0x0000000091e8a440,0x00000000d5580000)
 Metaspace       used 73686K, capacity 79330K, committed 79488K, reserved 1120256K
  class space    used 8283K, capacity 9221K, committed 9344K, reserved 1048576K
Event: 54.662 GC heap after
Heap after GC invocations=11 (full 3):
 PSYoungGen      total 465920K, used 191474K [0x00000000d5580000, 0x0000000100000000, 0x0000000100000000)
  eden space 232960K, 0% used [0x00000000d5580000,0x00000000d5580000,0x00000000e3900000)
  from space 232960K, 82% used [0x00000000f1c80000,0x00000000fd77cae8,0x0000000100000000)
  to   space 232960K, 0% used [0x00000000e3900000,0x00000000e3900000,0x00000000f1c80000)
 ParOldGen       total 1398272K, used 293425K [0x0000000080000000, 0x00000000d5580000, 0x00000000d5580000)
  object space 1398272K, 20% used [0x0000000080000000,0x0000000091e8c440,0x00000000d5580000)
 Metaspace       used 73686K, capacity 79330K, committed 79488K, reserved 1120256K
  class space    used 8283K, capacity 9221K, committed 9344K, reserved 1048576K
}
Event: 62.955 GC heap before
{Heap before GC invocations=12 (full 3):
 PSYoungGen      total 465920K, used 424434K [0x00000000d5580000, 0x0000000100000000, 0x0000000100000000)
  eden space 232960K, 100% used [0x00000000d5580000,0x00000000e3900000,0x00000000e3900000)
  from space 232960K, 82% used [0x00000000f1c80000,0x00000000fd77cae8,0x0000000100000000)
  to   space 232960K, 0% used [0x00000000e3900000,0x00000000e3900000,0x00000000f1c80000)
 ParOldGen       total 1398272K, used 293425K [0x0000000080000000, 0x00000000d5580000, 0x00000000d5580000)
  object space 1398272K, 20% used [0x0000000080000000,0x0000000091e8c440,0x00000000d5580000)
 Metaspace       used 74024K, capacity 79736K, committed 80000K, reserved 1120256K
  class space    used 8305K, capacity 9232K, committed 9344K, reserved 1048576K
Event: 63.272 GC heap after
Heap after GC invocations=12 (full 3):
 PSYoungGen      total 465920K, used 130424K [0x00000000d5580000, 0x0000000100000000, 0x0000000100000000)
  eden space 232960K, 0% used [0x00000000d5580000,0x00000000d5580000,0x00000000e3900000)
  from space 232960K, 55% used [0x00000000e3900000,0x00000000eb85e2a8,0x00000000f1c80000)
  to   space 232960K, 0% used [0x00000000f1c80000,0x00000000f1c80000,0x0000000100000000)
 ParOldGen       total 1398272K, used 385180K [0x0000000080000000, 0x00000000d5580000, 0x00000000d5580000)
  object space 1398272K, 27% used [0x0000000080000000,0x00000000978273f8,0x00000000d5580000)
 Metaspace       used 74024K, capacity 79736K, committed 80000K, reserved 1120256K
  class space    used 8305K, capacity 9232K, committed 9344K, reserved 1048576K
}
Event: 68.311 GC heap before
{Heap before GC invocations=13 (full 3):
 PSYoungGen      total 465920K, used 363384K [0x00000000d5580000, 0x0000000100000000, 0x0000000100000000)
  eden space 232960K, 100% used [0x00000000d5580000,0x00000000e3900000,0x00000000e3900000)
  from space 232960K, 55% used [0x00000000e3900000,0x00000000eb85e2a8,0x00000000f1c80000)
  to   space 232960K, 0% used [0x00000000f1c80000,0x00000000f1c80000,0x0000000100000000)
 ParOldGen       total 1398272K, used 385180K [0x0000000080000000, 0x00000000d5580000, 0x00000000d5580000)
  object space 1398272K, 27% used [0x0000000080000000,0x00000000978273f8,0x00000000d5580000)
 Metaspace       used 74372K, capacity 80054K, committed 80256K, reserved 1120256K
  class space    used 8336K, capacity 9271K, committed 9344K, reserved 1048576K
Event: 68.389 GC heap after
Heap after GC invocations=13 (full 3):
 PSYoungGen      total 465920K, used 86123K [0x00000000d5580000, 0x0000000100000000, 0x0000000100000000)
  eden space 232960K, 0% used [0x00000000d5580000,0x00000000d5580000,0x00000000e3900000)
  from space 232960K, 36% used [0x00000000f1c80000,0x00000000f709ada8,0x0000000100000000)
  to   space 232960K, 0% used [0x00000000e3900000,0x00000000e3900000,0x00000000f1c80000)
 ParOldGen       total 1398272K, used 390912K [0x0000000080000000, 0x00000000d5580000, 0x00000000d5580000)
  object space 1398272K, 27% used [0x0000000080000000,0x0000000097dc0328,0x00000000d5580000)
 Metaspace       used 74372K, capacity 80054K, committed 80256K, reserved 1120256K
  class space    used 8336K, capacity 9271K, committed 9344K, reserved 1048576K
}
Event: 75.906 GC heap before
{Heap before GC invocations=14 (full 3):
 PSYoungGen      total 465920K, used 319083K [0x00000000d5580000, 0x0000000100000000, 0x0000000100000000)
  eden space 232960K, 100% used [0x00000000d5580000,0x00000000e3900000,0x00000000e3900000)
  from space 232960K, 36% used [0x00000000f1c80000,0x00000000f709ada8,0x0000000100000000)
  to   space 232960K, 0% used [0x00000000e3900000,0x00000000e3900000,0x00000000f1c80000)
 ParOldGen       total 1398272K, used 390912K [0x0000000080000000, 0x00000000d5580000, 0x00000000d5580000)
  object space 1398272K, 27% used [0x0000000080000000,0x0000000097dc0328,0x00000000d5580000)
 Metaspace       used 74648K, capacity 80464K, committed 80512K, reserved 1120256K
  class space    used 8362K, capacity 9318K, committed 9344K, reserved 1048576K
Event: 76.022 GC heap after
Heap after GC invocations=14 (full 3):
 PSYoungGen      total 465920K, used 89408K [0x00000000d5580000, 0x0000000100000000, 0x0000000100000000)
  eden space 232960K, 0% used [0x00000000d5580000,0x00000000d5580000,0x00000000e3900000)
  from space 232960K, 38% used [0x00000000e3900000,0x00000000e9050000,0x00000000f1c80000)
  to   space 232960K, 0% used [0x00000000f1c80000,0x00000000f1c80000,0x0000000100000000)
 ParOldGen       total 1398272K, used 396966K [0x0000000080000000, 0x00000000d5580000, 0x00000000d5580000)
  object space 1398272K, 28% used [0x0000000080000000,0x00000000983a9a78,0x00000000d5580000)
 Metaspace       used 74648K, capacity 80464K, committed 80512K, reserved 1120256K
  class space    used 8362K, capacity 9318K, committed 9344K, reserved 1048576K
}

