# JRE version: OpenJDK Runtime Environment (8.0_212-b04) (build 1.8.0_212-b04)
# Java VM: OpenJDK 64-Bit Server VM (25.212-b04 mixed mode linux-amd64 compressed oops)
Heap:
 PSYoungGen      total 535552K, used 496078K [0x00000000d5580000, 0x00000000fab80000, 0x0000000100000000)
  eden space 524800K, 92% used [0x00000000d5580000,0x00000000f2f9fb30,0x00000000f5600000)
  from space 10752K, 98% used [0x00000000f5600000,0x00000000f6053d88,0x00000000f6080000)
  to   space 30208K, 0% used [0x00000000f8e00000,0x00000000f8e00000,0x00000000fab80000)
 ParOldGen       total 1398272K, used 757069K [0x0000000080000000, 0x00000000d5580000, 0x00000000d5580000)
  object space 1398272K, 54% used [0x0000000080000000,0x00000000ae353580,0x00000000d5580000)
 Metaspace       used 64751K, capacity 67620K, committed 67968K, reserved 1110016K
  class space    used 7450K, capacity 7958K, committed 8064K, reserved 1048576K
GC Heap History (10 events):
Event: 4.602 GC heap before
{Heap before GC invocations=4 (full 2):
 PSYoungGen      total 611840K, used 19503K [0x00000000d5580000, 0x0000000100000000, 0x0000000100000000)
  eden space 524800K, 0% used [0x00000000d5580000,0x00000000d5580000,0x00000000f5600000)
  from space 87040K, 22% used [0x00000000fab00000,0x00000000fbe0bf68,0x0000000100000000)
  to   space 87040K, 0% used [0x00000000f5600000,0x00000000f5600000,0x00000000fab00000)
 ParOldGen       total 881152K, used 14210K [0x0000000080000000, 0x00000000b5c80000, 0x00000000d5580000)
  object space 881152K, 1% used [0x0000000080000000,0x0000000080de0bd8,0x00000000b5c80000)
 Metaspace       used 34824K, capacity 35156K, committed 35416K, reserved 1081344K
  class space    used 3961K, capacity 4060K, committed 4096K, reserved 1048576K
Event: 4.732 GC heap after
Heap after GC invocations=4 (full 2):
 PSYoungGen      total 611840K, used 0K [0x00000000d5580000, 0x0000000100000000, 0x0000000100000000)
  eden space 524800K, 0% used [0x00000000d5580000,0x00000000d5580000,0x00000000f5600000)
  from space 87040K, 0% used [0x00000000fab00000,0x00000000fab00000,0x0000000100000000)
  to   space 87040K, 0% used [0x00000000f5600000,0x00000000f5600000,0x00000000fab00000)
 ParOldGen       total 1398272K, used 23880K [0x0000000080000000, 0x00000000d5580000, 0x00000000d5580000)
  object space 1398272K, 1% used [0x0000000080000000,0x0000000081752120,0x00000000d5580000)
 Metaspace       used 34824K, capacity 35156K, committed 35416K, reserved 1081344K
  class space    used 3961K, capacity 4060K, committed 4096K, reserved 1048576K
}
Event: 9.847 GC heap before
{Heap before GC invocations=5 (full 2):
 PSYoungGen      total 611840K, used 524800K [0x00000000d5580000, 0x0000000100000000, 0x0000000100000000)
  eden space 524800K, 100% used [0x00000000d5580000,0x00000000f5600000,0x00000000f5600000)
  from space 87040K, 0% used [0x00000000fab00000,0x00000000fab00000,0x0000000100000000)
  to   space 87040K, 0% used [0x00000000f5600000,0x00000000f5600000,0x00000000fab00000)
 ParOldGen       total 1398272K, used 23880K [0x0000000080000000, 0x00000000d5580000, 0x00000000d5580000)
  object space 1398272K, 1% used [0x0000000080000000,0x0000000081752120,0x00000000d5580000)
 Metaspace       used 45743K, capacity 46778K, committed 47104K, reserved 1091584K
  class space    used 5298K, capacity 5507K, committed 5632K, reserved 1048576K
Event: 9.890 GC heap after
Heap after GC invocations=5 (full 2):
 PSYoungGen      total 611840K, used 18285K [0x00000000d5580000, 0x0000000100000000, 0x0000000100000000)
  eden space 524800K, 0% used [0x00000000d5580000,0x00000000d5580000,0x00000000f5600000)
  from space 87040K, 21% used [0x00000000f5600000,0x00000000f67db7b0,0x00000000fab00000)
  to   space 87040K, 0% used [0x00000000fab00000,0x00000000fab00000,0x0000000100000000)
 ParOldGen       total 1398272K, used 23888K [0x0000000080000000, 0x00000000d5580000, 0x00000000d5580000)
  object space 1398272K, 1% used [0x0000000080000000,0x0000000081754120,0x00000000d5580000)
 Metaspace       used 45743K, capacity 46778K, committed 47104K, reserved 1091584K
  class space    used 5298K, capacity 5507K, committed 5632K, reserved 1048576K
}
Event: 12.637 GC heap before
{Heap before GC invocations=6 (full 2):
 PSYoungGen      total 611840K, used 311867K [0x00000000d5580000, 0x0000000100000000, 0x0000000100000000)
  eden space 524800K, 55% used [0x00000000d5580000,0x00000000e7433800,0x00000000f5600000)
  from space 87040K, 21% used [0x00000000f5600000,0x00000000f67db7b0,0x00000000fab00000)
  to   space 87040K, 0% used [0x00000000fab00000,0x00000000fab00000,0x0000000100000000)
 ParOldGen       total 1398272K, used 23888K [0x0000000080000000, 0x00000000d5580000, 0x00000000d5580000)
  object space 1398272K, 1% used [0x0000000080000000,0x0000000081754120,0x00000000d5580000)
 Metaspace       used 57398K, capacity 58874K, committed 59028K, reserved 1101824K
  class space    used 6608K, capacity 6885K, committed 6912K, reserved 1048576K
Event: 12.700 GC heap after
Heap after GC invocations=6 (full 2):
 PSYoungGen      total 611840K, used 28864K [0x00000000d5580000, 0x0000000100000000, 0x0000000100000000)
  eden space 524800K, 0% used [0x00000000d5580000,0x00000000d5580000,0x00000000f5600000)
  from space 87040K, 33% used [0x00000000fab00000,0x00000000fc730150,0x0000000100000000)
  to   space 87040K, 0% used [0x00000000f5600000,0x00000000f5600000,0x00000000fab00000)
 ParOldGen       total 1398272K, used 23896K [0x0000000080000000, 0x00000000d5580000, 0x00000000d5580000)
  object space 1398272K, 1% used [0x0000000080000000,0x0000000081756120,0x00000000d5580000)
 Metaspace       used 57398K, capacity 58874K, committed 59028K, reserved 1101824K
  class space    used 6608K, capacity 6885K, committed 6912K, reserved 1048576K
}
Event: 12.700 GC heap before
{Heap before GC invocations=7 (full 3):
 PSYoungGen      total 611840K, used 28864K [0x00000000d5580000, 0x0000000100000000, 0x0000000100000000)
  eden space 524800K, 0% used [0x00000000d5580000,0x00000000d5580000,0x00000000f5600000)
  from space 87040K, 33% used [0x00000000fab00000,0x00000000fc730150,0x0000000100000000)
  to   space 87040K, 0% used [0x00000000f5600000,0x00000000f5600000,0x00000000fab00000)
 ParOldGen       total 1398272K, used 23896K [0x0000000080000000, 0x00000000d5580000, 0x00000000d5580000)
  object space 1398272K, 1% used [0x0000000080000000,0x0000000081756120,0x00000000d5580000)
 Metaspace       used 57398K, capacity 58874K, committed 59028K, reserved 1101824K
  class space    used 6608K, capacity 6885K, committed 6912K, reserved 1048576K
Event: 13.029 GC heap after
Heap after GC invocations=7 (full 3):
 PSYoungGen      total 611840K, used 0K [0x00000000d5580000, 0x0000000100000000, 0x0000000100000000)
  eden space 524800K, 0% used [0x00000000d5580000,0x00000000d5580000,0x00000000f5600000)
  from space 87040K, 0% used [0x00000000fab00000,0x00000000fab00000,0x0000000100000000)
  to   space 87040K, 0% used [0x00000000f5600000,0x00000000f5600000,0x00000000fab00000)
 ParOldGen       total 1398272K, used 40261K [0x0000000080000000, 0x00000000d5580000, 0x00000000d5580000)
  object space 1398272K, 2% used [0x0000000080000000,0x0000000082751550,0x00000000d5580000)
 Metaspace       used 57347K, capacity 58748K, committed 59028K, reserved 1101824K
  class space    used 6590K, capacity 6854K, committed 6912K, reserved 1048576K
}
Event: 19.256 GC heap before
{Heap before GC invocations=8 (full 3):
 PSYoungGen      total 611840K, used 364810K [0x00000000d5580000, 0x0000000100000000, 0x0000000100000000)
  eden space 524800K, 69% used [0x00000000d5580000,0x00000000eb9c28e8,0x00000000f5600000)
  from space 87040K, 0% used [0x00000000fab00000,0x00000000fab00000,0x0000000100000000)
  to   space 87040K, 0% used [0x00000000f5600000,0x00000000f5600000,0x00000000fab00000)
 ParOldGen       total 1398272K, used 40261K [0x0000000080000000, 0x00000000d5580000, 0x00000000d5580000)
  object space 1398272K, 2% used [0x0000000080000000,0x0000000082751550,0x00000000d5580000)
 Metaspace       used 60661K, capacity 62890K, committed 63104K, reserved 1105920K
  class space    used 7037K, capacity 7435K, committed 7552K, reserved 1048576K
Event: 19.650 GC heap after
Heap after GC invocations=8 (full 3):
 PSYoungGen      total 535552K, used 10575K [0x00000000d5580000, 0x00000000fab80000, 0x0000000100000000)
  eden space 524800K, 0% used [0x00000000d5580000,0x00000000d5580000,0x00000000f5600000)
  from space 10752K, 98% used [0x00000000f5600000,0x00000000f6053d88,0x00000000f6080000)
  to   space 30208K, 0% used [0x00000000f8e00000,0x00000000f8e00000,0x00000000fab80000)
 ParOldGen       total 1398272K, used 449869K [0x0000000080000000, 0x00000000d5580000, 0x00000000d5580000)
  object space 1398272K, 32% used [0x0000000080000000,0x000000009b753570,0x00000000d5580000)
 Metaspace       used 60661K, capacity 62890K, committed 63104K, reserved 1105920K
  class space    used 7037K, capacity 7435K, committed 7552K, reserved 1048576K
}

