# JRE version: OpenJDK Runtime Environment (8.0_212-b04) (build 1.8.0_212-b04)
# Java VM: OpenJDK 64-Bit Server VM (25.212-b04 mixed mode linux-amd64 compressed oops)
Heap:
 PSYoungGen      total 611840K, used 493328K [0x00000000d5580000, 0x00000000fe100000, 0x0000000100000000)
  eden space 524800K, 77% used [0x00000000d5580000,0x00000000ee244810,0x00000000f5600000)
  from space 87040K, 99% used [0x00000000f5600000,0x00000000faaff9a0,0x00000000fab00000)
  to   space 55296K, 0% used [0x00000000fab00000,0x00000000fab00000,0x00000000fe100000)
 ParOldGen       total 1398272K, used 32188K [0x0000000080000000, 0x00000000d5580000, 0x00000000d5580000)
  object space 1398272K, 2% used [0x0000000080000000,0x0000000081f6f200,0x00000000d5580000)
 Metaspace       used 66517K, capacity 69280K, committed 69504K, reserved 1110016K
  class space    used 7495K, capacity 8004K, committed 8064K, reserved 1048576K
GC Heap History (10 events):
Event: 4.974 GC heap before
{Heap before GC invocations=4 (full 2):
 PSYoungGen      total 611840K, used 19218K [0x00000000d5580000, 0x0000000100000000, 0x0000000100000000)
  eden space 524800K, 0% used [0x00000000d5580000,0x00000000d5580000,0x00000000f5600000)
  from space 87040K, 22% used [0x00000000fab00000,0x00000000fbdc4a10,0x0000000100000000)
  to   space 87040K, 0% used [0x00000000f5600000,0x00000000f5600000,0x00000000fab00000)
 ParOldGen       total 869376K, used 13777K [0x0000000080000000, 0x00000000b5100000, 0x00000000d5580000)
  object space 869376K, 1% used [0x0000000080000000,0x0000000080d74778,0x00000000b5100000)
 Metaspace       used 34839K, capacity 35188K, committed 35416K, reserved 1081344K
  class space    used 3972K, capacity 4092K, committed 4096K, reserved 1048576K
Event: 5.124 GC heap after
Heap after GC invocations=4 (full 2):
 PSYoungGen      total 611840K, used 0K [0x00000000d5580000, 0x0000000100000000, 0x0000000100000000)
  eden space 524800K, 0% used [0x00000000d5580000,0x00000000d5580000,0x00000000f5600000)
  from space 87040K, 0% used [0x00000000fab00000,0x00000000fab00000,0x0000000100000000)
  to   space 87040K, 0% used [0x00000000f5600000,0x00000000f5600000,0x00000000fab00000)
 ParOldGen       total 1398272K, used 23548K [0x0000000080000000, 0x00000000d5580000, 0x00000000d5580000)
  object space 1398272K, 1% used [0x0000000080000000,0x00000000816ff330,0x00000000d5580000)
 Metaspace       used 34839K, capacity 35188K, committed 35416K, reserved 1081344K
  class space    used 3972K, capacity 4092K, committed 4096K, reserved 1048576K
}
Event: 11.502 GC heap before
{Heap before GC invocations=5 (full 2):
 PSYoungGen      total 611840K, used 524800K [0x00000000d5580000, 0x0000000100000000, 0x0000000100000000)
  eden space 524800K, 100% used [0x00000000d5580000,0x00000000f5600000,0x00000000f5600000)
  from space 87040K, 0% used [0x00000000fab00000,0x00000000fab00000,0x0000000100000000)
  to   space 87040K, 0% used [0x00000000f5600000,0x00000000f5600000,0x00000000fab00000)
 ParOldGen       total 1398272K, used 23548K [0x0000000080000000, 0x00000000d5580000, 0x00000000d5580000)
  object space 1398272K, 1% used [0x0000000080000000,0x00000000816ff330,0x00000000d5580000)
 Metaspace       used 51298K, capacity 52716K, committed 52992K, reserved 1095680K
  class space    used 6041K, capacity 6306K, committed 6400K, reserved 1048576K
Event: 11.575 GC heap after
Heap after GC invocations=5 (full 2):
 PSYoungGen      total 611840K, used 24921K [0x00000000d5580000, 0x0000000100000000, 0x0000000100000000)
  eden space 524800K, 0% used [0x00000000d5580000,0x00000000d5580000,0x00000000f5600000)
  from space 87040K, 28% used [0x00000000f5600000,0x00000000f6e565a8,0x00000000fab00000)
  to   space 87040K, 0% used [0x00000000fab00000,0x00000000fab00000,0x0000000100000000)
 ParOldGen       total 1398272K, used 23556K [0x0000000080000000, 0x00000000d5580000, 0x00000000d5580000)
  object space 1398272K, 1% used [0x0000000080000000,0x0000000081701330,0x00000000d5580000)
 Metaspace       used 51298K, capacity 52716K, committed 52992K, reserved 1095680K
  class space    used 6041K, capacity 6306K, committed 6400K, reserved 1048576K
}
Event: 12.742 GC heap before
{Heap before GC invocations=6 (full 2):
 PSYoungGen      total 611840K, used 163939K [0x00000000d5580000, 0x0000000100000000, 0x0000000100000000)
  eden space 524800K, 26% used [0x00000000d5580000,0x00000000ddd42830,0x00000000f5600000)
  from space 87040K, 28% used [0x00000000f5600000,0x00000000f6e565a8,0x00000000fab00000)
  to   space 87040K, 0% used [0x00000000fab00000,0x00000000fab00000,0x0000000100000000)
 ParOldGen       total 1398272K, used 23556K [0x0000000080000000, 0x00000000d5580000, 0x00000000d5580000)
  object space 1398272K, 1% used [0x0000000080000000,0x0000000081701330,0x00000000d5580000)
 Metaspace       used 57184K, capacity 58902K, committed 59008K, reserved 1101824K
  class space    used 6633K, capacity 6967K, committed 7040K, reserved 1048576K
Event: 12.775 GC heap after
Heap after GC invocations=6 (full 2):
 PSYoungGen      total 611840K, used 20596K [0x00000000d5580000, 0x0000000100000000, 0x0000000100000000)
  eden space 524800K, 0% used [0x00000000d5580000,0x00000000d5580000,0x00000000f5600000)
  from space 87040K, 23% used [0x00000000fab00000,0x00000000fbf1d088,0x0000000100000000)
  to   space 87040K, 0% used [0x00000000f5600000,0x00000000f5600000,0x00000000fab00000)
 ParOldGen       total 1398272K, used 23564K [0x0000000080000000, 0x00000000d5580000, 0x00000000d5580000)
  object space 1398272K, 1% used [0x0000000080000000,0x0000000081703330,0x00000000d5580000)
 Metaspace       used 57184K, capacity 58902K, committed 59008K, reserved 1101824K
  class space    used 6633K, capacity 6967K, committed 7040K, reserved 1048576K
}
Event: 12.775 GC heap before
{Heap before GC invocations=7 (full 3):
 PSYoungGen      total 611840K, used 20596K [0x00000000d5580000, 0x0000000100000000, 0x0000000100000000)
  eden space 524800K, 0% used [0x00000000d5580000,0x00000000d5580000,0x00000000f5600000)
  from space 87040K, 23% used [0x00000000fab00000,0x00000000fbf1d088,0x0000000100000000)
  to   space 87040K, 0% used [0x00000000f5600000,0x00000000f5600000,0x00000000fab00000)
 ParOldGen       total 1398272K, used 23564K [0x0000000080000000, 0x00000000d5580000, 0x00000000d5580000)
  object space 1398272K, 1% used [0x0000000080000000,0x0000000081703330,0x00000000d5580000)
 Metaspace       used 57184K, capacity 58902K, committed 59008K, reserved 1101824K
  class space    used 6633K, capacity 6967K, committed 7040K, reserved 1048576K
Event: 13.052 GC heap after
Heap after GC invocations=7 (full 3):
 PSYoungGen      total 611840K, used 0K [0x00000000d5580000, 0x0000000100000000, 0x0000000100000000)
  eden space 524800K, 0% used [0x00000000d5580000,0x00000000d5580000,0x00000000f5600000)
  from space 87040K, 0% used [0x00000000fab00000,0x00000000fab00000,0x0000000100000000)
  to   space 87040K, 0% used [0x00000000f5600000,0x00000000f5600000,0x00000000fab00000)
 ParOldGen       total 1398272K, used 32188K [0x0000000080000000, 0x00000000d5580000, 0x00000000d5580000)
  object space 1398272K, 2% used [0x0000000080000000,0x0000000081f6f200,0x00000000d5580000)
 Metaspace       used 57100K, capacity 58666K, committed 59008K, reserved 1101824K
  class space    used 6603K, capacity 6915K, committed 7040K, reserved 1048576K
}
Event: 23.684 GC heap before
{Heap before GC invocations=8 (full 3):
 PSYoungGen      total 611840K, used 524528K [0x00000000d5580000, 0x0000000100000000, 0x0000000100000000)
  eden space 524800K, 99% used [0x00000000d5580000,0x00000000f55bc0d0,0x00000000f5600000)
  from space 87040K, 0% used [0x00000000fab00000,0x00000000fab00000,0x0000000100000000)
  to   space 87040K, 0% used [0x00000000f5600000,0x00000000f5600000,0x00000000fab00000)
 ParOldGen       total 1398272K, used 32188K [0x0000000080000000, 0x00000000d5580000, 0x00000000d5580000)
  object space 1398272K, 2% used [0x0000000080000000,0x0000000081f6f200,0x00000000d5580000)
 Metaspace       used 65057K, capacity 67788K, committed 67968K, reserved 1110016K
  class space    used 7447K, capacity 7948K, committed 8064K, reserved 1048576K
Event: 23.841 GC heap after
Heap after GC invocations=8 (full 3):
 PSYoungGen      total 611840K, used 87038K [0x00000000d5580000, 0x00000000fe100000, 0x0000000100000000)
  eden space 524800K, 0% used [0x00000000d5580000,0x00000000d5580000,0x00000000f5600000)
  from space 87040K, 99% used [0x00000000f5600000,0x00000000faaff9a0,0x00000000fab00000)
  to   space 55296K, 0% used [0x00000000fab00000,0x00000000fab00000,0x00000000fe100000)
 ParOldGen       total 1398272K, used 32188K [0x0000000080000000, 0x00000000d5580000, 0x00000000d5580000)
  object space 1398272K, 2% used [0x0000000080000000,0x0000000081f6f200,0x00000000d5580000)
 Metaspace       used 65057K, capacity 67788K, committed 67968K, reserved 1110016K
  class space    used 7447K, capacity 7948K, committed 8064K, reserved 1048576K
}

