# JRE version: OpenJDK Runtime Environment (8.0_212-b04) (build 1.8.0_212-b04)
# Java VM: OpenJDK 64-Bit Server VM (25.212-b04 mixed mode linux-amd64 compressed oops)
Heap:
 PSYoungGen      total 611840K, used 294909K [0x00000000d5580000, 0x0000000100000000, 0x0000000100000000)
  eden space 524800K, 56% used [0x00000000d5580000,0x00000000e757f728,0x00000000f5600000)
  from space 87040K, 0% used [0x00000000fab00000,0x00000000fab00000,0x0000000100000000)
  to   space 87040K, 0% used [0x00000000f5600000,0x00000000f5600000,0x00000000fab00000)
 ParOldGen       total 1398272K, used 28502K [0x0000000080000000, 0x00000000d5580000, 0x00000000d5580000)
  object space 1398272K, 2% used [0x0000000080000000,0x0000000081bd5bd0,0x00000000d5580000)
 Metaspace       used 65209K, capacity 67894K, committed 68224K, reserved 1110016K
  class space    used 7511K, capacity 7995K, committed 8064K, reserved 1048576K
GC Heap History (10 events):
Event: 5.259 GC heap before
{Heap before GC invocations=3 (full 1):
 PSYoungGen      total 611840K, used 459213K [0x00000000d5580000, 0x0000000100000000, 0x0000000100000000)
  eden space 524800K, 87% used [0x00000000d5580000,0x00000000f15f36c0,0x00000000f5600000)
  from space 87040K, 0% used [0x00000000f5600000,0x00000000f5600000,0x00000000fab00000)
  to   space 87040K, 0% used [0x00000000fab00000,0x00000000fab00000,0x0000000100000000)
 ParOldGen       total 854016K, used 14324K [0x0000000080000000, 0x00000000b4200000, 0x00000000d5580000)
  object space 854016K, 1% used [0x0000000080000000,0x0000000080dfd170,0x00000000b4200000)
 Metaspace       used 34724K, capacity 35092K, committed 35416K, reserved 1081344K
  class space    used 3957K, capacity 4060K, committed 4096K, reserved 1048576K
Event: 5.295 GC heap after
Heap after GC invocations=3 (full 1):
 PSYoungGen      total 611840K, used 19314K [0x00000000d5580000, 0x0000000100000000, 0x0000000100000000)
  eden space 524800K, 0% used [0x00000000d5580000,0x00000000d5580000,0x00000000f5600000)
  from space 87040K, 22% used [0x00000000fab00000,0x00000000fbddcac8,0x0000000100000000)
  to   space 87040K, 0% used [0x00000000f5600000,0x00000000f5600000,0x00000000fab00000)
 ParOldGen       total 854016K, used 14324K [0x0000000080000000, 0x00000000b4200000, 0x00000000d5580000)
  object space 854016K, 1% used [0x0000000080000000,0x0000000080dfd170,0x00000000b4200000)
 Metaspace       used 34724K, capacity 35092K, committed 35416K, reserved 1081344K
  class space    used 3957K, capacity 4060K, committed 4096K, reserved 1048576K
}
Event: 5.295 GC heap before
{Heap before GC invocations=4 (full 2):
 PSYoungGen      total 611840K, used 19314K [0x00000000d5580000, 0x0000000100000000, 0x0000000100000000)
  eden space 524800K, 0% used [0x00000000d5580000,0x00000000d5580000,0x00000000f5600000)
  from space 87040K, 22% used [0x00000000fab00000,0x00000000fbddcac8,0x0000000100000000)
  to   space 87040K, 0% used [0x00000000f5600000,0x00000000f5600000,0x00000000fab00000)
 ParOldGen       total 854016K, used 14324K [0x0000000080000000, 0x00000000b4200000, 0x00000000d5580000)
  object space 854016K, 1% used [0x0000000080000000,0x0000000080dfd170,0x00000000b4200000)
 Metaspace       used 34724K, capacity 35092K, committed 35416K, reserved 1081344K
  class space    used 3957K, capacity 4060K, committed 4096K, reserved 1048576K
Event: 5.407 GC heap after
Heap after GC invocations=4 (full 2):
 PSYoungGen      total 611840K, used 0K [0x00000000d5580000, 0x0000000100000000, 0x0000000100000000)
  eden space 524800K, 0% used [0x00000000d5580000,0x00000000d5580000,0x00000000f5600000)
  from space 87040K, 0% used [0x00000000fab00000,0x00000000fab00000,0x0000000100000000)
  to   space 87040K, 0% used [0x00000000f5600000,0x00000000f5600000,0x00000000fab00000)
 ParOldGen       total 1398272K, used 23950K [0x0000000080000000, 0x00000000d5580000, 0x00000000d5580000)
  object space 1398272K, 1% used [0x0000000080000000,0x0000000081763810,0x00000000d5580000)
 Metaspace       used 34724K, capacity 35092K, committed 35416K, reserved 1081344K
  class space    used 3957K, capacity 4060K, committed 4096K, reserved 1048576K
}
Event: 11.961 GC heap before
{Heap before GC invocations=5 (full 2):
 PSYoungGen      total 611840K, used 524800K [0x00000000d5580000, 0x0000000100000000, 0x0000000100000000)
  eden space 524800K, 100% used [0x00000000d5580000,0x00000000f5600000,0x00000000f5600000)
  from space 87040K, 0% used [0x00000000fab00000,0x00000000fab00000,0x0000000100000000)
  to   space 87040K, 0% used [0x00000000f5600000,0x00000000f5600000,0x00000000fab00000)
 ParOldGen       total 1398272K, used 23950K [0x0000000080000000, 0x00000000d5580000, 0x00000000d5580000)
  object space 1398272K, 1% used [0x0000000080000000,0x0000000081763810,0x00000000d5580000)
 Metaspace       used 52715K, capacity 54100K, committed 54400K, reserved 1097728K
  class space    used 6186K, capacity 6442K, committed 6528K, reserved 1048576K
Event: 12.056 GC heap after
Heap after GC invocations=5 (full 2):
 PSYoungGen      total 611840K, used 24878K [0x00000000d5580000, 0x0000000100000000, 0x0000000100000000)
  eden space 524800K, 0% used [0x00000000d5580000,0x00000000d5580000,0x00000000f5600000)
  from space 87040K, 28% used [0x00000000f5600000,0x00000000f6e4b908,0x00000000fab00000)
  to   space 87040K, 0% used [0x00000000fab00000,0x00000000fab00000,0x0000000100000000)
 ParOldGen       total 1398272K, used 23958K [0x0000000080000000, 0x00000000d5580000, 0x00000000d5580000)
  object space 1398272K, 1% used [0x0000000080000000,0x0000000081765810,0x00000000d5580000)
 Metaspace       used 52715K, capacity 54100K, committed 54400K, reserved 1097728K
  class space    used 6186K, capacity 6442K, committed 6528K, reserved 1048576K
}
Event: 12.764 GC heap before
{Heap before GC invocations=6 (full 2):
 PSYoungGen      total 611840K, used 182669K [0x00000000d5580000, 0x0000000100000000, 0x0000000100000000)
  eden space 524800K, 30% used [0x00000000d5580000,0x00000000def97b80,0x00000000f5600000)
  from space 87040K, 28% used [0x00000000f5600000,0x00000000f6e4b908,0x00000000fab00000)
  to   space 87040K, 0% used [0x00000000fab00000,0x00000000fab00000,0x0000000100000000)
 ParOldGen       total 1398272K, used 23958K [0x0000000080000000, 0x00000000d5580000, 0x00000000d5580000)
  object space 1398272K, 1% used [0x0000000080000000,0x0000000081765810,0x00000000d5580000)
 Metaspace       used 57345K, capacity 58794K, committed 59008K, reserved 1101824K
  class space    used 6635K, capacity 6933K, committed 7040K, reserved 1048576K
Event: 12.813 GC heap after
Heap after GC invocations=6 (full 2):
 PSYoungGen      total 611840K, used 16534K [0x00000000d5580000, 0x0000000100000000, 0x0000000100000000)
  eden space 524800K, 0% used [0x00000000d5580000,0x00000000d5580000,0x00000000f5600000)
  from space 87040K, 18% used [0x00000000fab00000,0x00000000fbb25868,0x0000000100000000)
  to   space 87040K, 0% used [0x00000000f5600000,0x00000000f5600000,0x00000000fab00000)
 ParOldGen       total 1398272K, used 23966K [0x0000000080000000, 0x00000000d5580000, 0x00000000d5580000)
  object space 1398272K, 1% used [0x0000000080000000,0x0000000081767810,0x00000000d5580000)
 Metaspace       used 57345K, capacity 58794K, committed 59008K, reserved 1101824K
  class space    used 6635K, capacity 6933K, committed 7040K, reserved 1048576K
}
Event: 12.813 GC heap before
{Heap before GC invocations=7 (full 3):
 PSYoungGen      total 611840K, used 16534K [0x00000000d5580000, 0x0000000100000000, 0x0000000100000000)
  eden space 524800K, 0% used [0x00000000d5580000,0x00000000d5580000,0x00000000f5600000)
  from space 87040K, 18% used [0x00000000fab00000,0x00000000fbb25868,0x0000000100000000)
  to   space 87040K, 0% used [0x00000000f5600000,0x00000000f5600000,0x00000000fab00000)
 ParOldGen       total 1398272K, used 23966K [0x0000000080000000, 0x00000000d5580000, 0x00000000d5580000)
  object space 1398272K, 1% used [0x0000000080000000,0x0000000081767810,0x00000000d5580000)
 Metaspace       used 57345K, capacity 58794K, committed 59008K, reserved 1101824K
  class space    used 6635K, capacity 6933K, committed 7040K, reserved 1048576K
Event: 13.052 GC heap after
Heap after GC invocations=7 (full 3):
 PSYoungGen      total 611840K, used 0K [0x00000000d5580000, 0x0000000100000000, 0x0000000100000000)
  eden space 524800K, 0% used [0x00000000d5580000,0x00000000d5580000,0x00000000f5600000)
  from space 87040K, 0% used [0x00000000fab00000,0x00000000fab00000,0x0000000100000000)
  to   space 87040K, 0% used [0x00000000f5600000,0x00000000f5600000,0x00000000fab00000)
 ParOldGen       total 1398272K, used 28502K [0x0000000080000000, 0x00000000d5580000, 0x00000000d5580000)
  object space 1398272K, 2% used [0x0000000080000000,0x0000000081bd5bd0,0x00000000d5580000)
 Metaspace       used 57311K, capacity 58708K, committed 59008K, reserved 1101824K
  class space    used 6622K, capacity 6912K, committed 7040K, reserved 1048576K
}

