# JRE version: OpenJDK Runtime Environment (8.0_212-b04) (build 1.8.0_212-b04)
# Java VM: OpenJDK 64-Bit Server VM (25.212-b04 mixed mode linux-amd64 compressed oops)
Heap:
 PSYoungGen      total 609792K, used 541590K [0x00000000d5580000, 0x00000000fdf00000, 0x0000000100000000)
  eden space 524800K, 87% used [0x00000000d5580000,0x00000000f136cce0,0x00000000f5600000)
  from space 84992K, 99% used [0x00000000f5600000,0x00000000fa8f8ba0,0x00000000fa900000)
  to   space 55296K, 0% used [0x00000000fa900000,0x00000000fa900000,0x00000000fdf00000)
 ParOldGen       total 1398272K, used 32281K [0x0000000080000000, 0x00000000d5580000, 0x00000000d5580000)
  object space 1398272K, 2% used [0x0000000080000000,0x0000000081f86700,0x00000000d5580000)
 Metaspace       used 67886K, capacity 70808K, committed 70912K, reserved 1112064K
  class space    used 7599K, capacity 8126K, committed 8192K, reserved 1048576K
GC Heap History (10 events):
Event: 5.480 GC heap before
{Heap before GC invocations=4 (full 2):
 PSYoungGen      total 611840K, used 19201K [0x00000000d5580000, 0x0000000100000000, 0x0000000100000000)
  eden space 524800K, 0% used [0x00000000d5580000,0x00000000d5580000,0x00000000f5600000)
  from space 87040K, 22% used [0x00000000fab00000,0x00000000fbdc07b8,0x0000000100000000)
  to   space 87040K, 0% used [0x00000000f5600000,0x00000000f5600000,0x00000000fab00000)
 ParOldGen       total 870912K, used 13731K [0x0000000080000000, 0x00000000b5280000, 0x00000000d5580000)
  object space 870912K, 1% used [0x0000000080000000,0x0000000080d68e88,0x00000000b5280000)
 Metaspace       used 34806K, capacity 35156K, committed 35416K, reserved 1081344K
  class space    used 3961K, capacity 4060K, committed 4096K, reserved 1048576K
Event: 5.563 GC heap after
Heap after GC invocations=4 (full 2):
 PSYoungGen      total 611840K, used 0K [0x00000000d5580000, 0x0000000100000000, 0x0000000100000000)
  eden space 524800K, 0% used [0x00000000d5580000,0x00000000d5580000,0x00000000f5600000)
  from space 87040K, 0% used [0x00000000fab00000,0x00000000fab00000,0x0000000100000000)
  to   space 87040K, 0% used [0x00000000f5600000,0x00000000f5600000,0x00000000fab00000)
 ParOldGen       total 1398272K, used 23552K [0x0000000080000000, 0x00000000d5580000, 0x00000000d5580000)
  object space 1398272K, 1% used [0x0000000080000000,0x00000000817002b8,0x00000000d5580000)
 Metaspace       used 34806K, capacity 35156K, committed 35416K, reserved 1081344K
  class space    used 3961K, capacity 4060K, committed 4096K, reserved 1048576K
}
Event: 12.144 GC heap before
{Heap before GC invocations=5 (full 2):
 PSYoungGen      total 611840K, used 524800K [0x00000000d5580000, 0x0000000100000000, 0x0000000100000000)
  eden space 524800K, 100% used [0x00000000d5580000,0x00000000f5600000,0x00000000f5600000)
  from space 87040K, 0% used [0x00000000fab00000,0x00000000fab00000,0x0000000100000000)
  to   space 87040K, 0% used [0x00000000f5600000,0x00000000f5600000,0x00000000fab00000)
 ParOldGen       total 1398272K, used 23552K [0x0000000080000000, 0x00000000d5580000, 0x00000000d5580000)
  object space 1398272K, 1% used [0x0000000080000000,0x00000000817002b8,0x00000000d5580000)
 Metaspace       used 51582K, capacity 52950K, committed 53248K, reserved 1095680K
  class space    used 6053K, capacity 6315K, committed 6400K, reserved 1048576K
Event: 12.189 GC heap after
Heap after GC invocations=5 (full 2):
 PSYoungGen      total 611840K, used 26072K [0x00000000d5580000, 0x0000000100000000, 0x0000000100000000)
  eden space 524800K, 0% used [0x00000000d5580000,0x00000000d5580000,0x00000000f5600000)
  from space 87040K, 29% used [0x00000000f5600000,0x00000000f6f76278,0x00000000fab00000)
  to   space 87040K, 0% used [0x00000000fab00000,0x00000000fab00000,0x0000000100000000)
 ParOldGen       total 1398272K, used 23560K [0x0000000080000000, 0x00000000d5580000, 0x00000000d5580000)
  object space 1398272K, 1% used [0x0000000080000000,0x00000000817022b8,0x00000000d5580000)
 Metaspace       used 51582K, capacity 52950K, committed 53248K, reserved 1095680K
  class space    used 6053K, capacity 6315K, committed 6400K, reserved 1048576K
}
Event: 13.200 GC heap before
{Heap before GC invocations=6 (full 2):
 PSYoungGen      total 611840K, used 174215K [0x00000000d5580000, 0x0000000100000000, 0x0000000100000000)
  eden space 524800K, 28% used [0x00000000d5580000,0x00000000de62bb90,0x00000000f5600000)
  from space 87040K, 29% used [0x00000000f5600000,0x00000000f6f76278,0x00000000fab00000)
  to   space 87040K, 0% used [0x00000000fab00000,0x00000000fab00000,0x0000000100000000)
 ParOldGen       total 1398272K, used 23560K [0x0000000080000000, 0x00000000d5580000, 0x00000000d5580000)
  object space 1398272K, 1% used [0x0000000080000000,0x00000000817022b8,0x00000000d5580000)
 Metaspace       used 57258K, capacity 58906K, committed 59008K, reserved 1101824K
  class space    used 6617K, capacity 6955K, committed 7040K, reserved 1048576K
Event: 13.236 GC heap after
Heap after GC invocations=6 (full 2):
 PSYoungGen      total 611840K, used 20785K [0x00000000d5580000, 0x0000000100000000, 0x0000000100000000)
  eden space 524800K, 0% used [0x00000000d5580000,0x00000000d5580000,0x00000000f5600000)
  from space 87040K, 23% used [0x00000000fab00000,0x00000000fbf4c720,0x0000000100000000)
  to   space 87040K, 0% used [0x00000000f5600000,0x00000000f5600000,0x00000000fab00000)
 ParOldGen       total 1398272K, used 23568K [0x0000000080000000, 0x00000000d5580000, 0x00000000d5580000)
  object space 1398272K, 1% used [0x0000000080000000,0x00000000817042b8,0x00000000d5580000)
 Metaspace       used 57258K, capacity 58906K, committed 59008K, reserved 1101824K
  class space    used 6617K, capacity 6955K, committed 7040K, reserved 1048576K
}
Event: 13.236 GC heap before
{Heap before GC invocations=7 (full 3):
 PSYoungGen      total 611840K, used 20785K [0x00000000d5580000, 0x0000000100000000, 0x0000000100000000)
  eden space 524800K, 0% used [0x00000000d5580000,0x00000000d5580000,0x00000000f5600000)
  from space 87040K, 23% used [0x00000000fab00000,0x00000000fbf4c720,0x0000000100000000)
  to   space 87040K, 0% used [0x00000000f5600000,0x00000000f5600000,0x00000000fab00000)
 ParOldGen       total 1398272K, used 23568K [0x0000000080000000, 0x00000000d5580000, 0x00000000d5580000)
  object space 1398272K, 1% used [0x0000000080000000,0x00000000817042b8,0x00000000d5580000)
 Metaspace       used 57258K, capacity 58906K, committed 59008K, reserved 1101824K
  class space    used 6617K, capacity 6955K, committed 7040K, reserved 1048576K
Event: 13.491 GC heap after
Heap after GC invocations=7 (full 3):
 PSYoungGen      total 611840K, used 0K [0x00000000d5580000, 0x0000000100000000, 0x0000000100000000)
  eden space 524800K, 0% used [0x00000000d5580000,0x00000000d5580000,0x00000000f5600000)
  from space 87040K, 0% used [0x00000000fab00000,0x00000000fab00000,0x0000000100000000)
  to   space 87040K, 0% used [0x00000000f5600000,0x00000000f5600000,0x00000000fab00000)
 ParOldGen       total 1398272K, used 32273K [0x0000000080000000, 0x00000000d5580000, 0x00000000d5580000)
  object space 1398272K, 2% used [0x0000000080000000,0x0000000081f84700,0x00000000d5580000)
 Metaspace       used 57194K, capacity 58734K, committed 59008K, reserved 1101824K
  class space    used 6594K, capacity 6915K, committed 7040K, reserved 1048576K
}
Event: 43.146 GC heap before
{Heap before GC invocations=8 (full 3):
 PSYoungGen      total 611840K, used 524800K [0x00000000d5580000, 0x0000000100000000, 0x0000000100000000)
  eden space 524800K, 100% used [0x00000000d5580000,0x00000000f5600000,0x00000000f5600000)
  from space 87040K, 0% used [0x00000000fab00000,0x00000000fab00000,0x0000000100000000)
  to   space 87040K, 0% used [0x00000000f5600000,0x00000000f5600000,0x00000000fab00000)
 ParOldGen       total 1398272K, used 32273K [0x0000000080000000, 0x00000000d5580000, 0x00000000d5580000)
  object space 1398272K, 2% used [0x0000000080000000,0x0000000081f84700,0x00000000d5580000)
 Metaspace       used 66511K, capacity 69272K, committed 69504K, reserved 1110016K
  class space    used 7541K, capacity 8028K, committed 8064K, reserved 1048576K
Event: 43.290 GC heap after
Heap after GC invocations=8 (full 3):
 PSYoungGen      total 609792K, used 84962K [0x00000000d5580000, 0x00000000fdf00000, 0x0000000100000000)
  eden space 524800K, 0% used [0x00000000d5580000,0x00000000d5580000,0x00000000f5600000)
  from space 84992K, 99% used [0x00000000f5600000,0x00000000fa8f8ba0,0x00000000fa900000)
  to   space 55296K, 0% used [0x00000000fa900000,0x00000000fa900000,0x00000000fdf00000)
 ParOldGen       total 1398272K, used 32281K [0x0000000080000000, 0x00000000d5580000, 0x00000000d5580000)
  object space 1398272K, 2% used [0x0000000080000000,0x0000000081f86700,0x00000000d5580000)
 Metaspace       used 66511K, capacity 69272K, committed 69504K, reserved 1110016K
  class space    used 7541K, capacity 8028K, committed 8064K, reserved 1048576K
}

