# JRE version: OpenJDK Runtime Environment (8.0_212-b04) (build 1.8.0_212-b04)
# Java VM: OpenJDK 64-Bit Server VM (25.212-b04 mixed mode linux-amd64 compressed oops)
Heap:
 PSYoungGen      total 445440K, used 290529K [0x00000000d5580000, 0x0000000100000000, 0x0000000100000000)
  eden space 246272K, 47% used [0x00000000d5580000,0x00000000dc821298,0x00000000e4600000)
  from space 199168K, 86% used [0x00000000f3d80000,0x00000000fe6971c0,0x0000000100000000)
  to   space 226304K, 0% used [0x00000000e4600000,0x00000000e4600000,0x00000000f2300000)
 ParOldGen       total 1398272K, used 181882K [0x0000000080000000, 0x00000000d5580000, 0x00000000d5580000)
  object space 1398272K, 13% used [0x0000000080000000,0x000000008b19e988,0x00000000d5580000)
 Metaspace       used 73505K, capacity 78752K, committed 78976K, reserved 1120256K
  class space    used 8186K, capacity 9064K, committed 9088K, reserved 1048576K
GC Heap History (10 events):
Event: 15.057 GC heap before
{Heap before GC invocations=7 (full 3):
 PSYoungGen      total 611840K, used 27640K [0x00000000d5580000, 0x0000000100000000, 0x0000000100000000)
  eden space 524800K, 0% used [0x00000000d5580000,0x00000000d5580000,0x00000000f5600000)
  from space 87040K, 31% used [0x00000000fab00000,0x00000000fc5fe318,0x0000000100000000)
  to   space 87040K, 0% used [0x00000000f5600000,0x00000000f5600000,0x00000000fab00000)
 ParOldGen       total 1398272K, used 23606K [0x0000000080000000, 0x00000000d5580000, 0x00000000d5580000)
  object space 1398272K, 1% used [0x0000000080000000,0x000000008170d990,0x00000000d5580000)
 Metaspace       used 57401K, capacity 58938K, committed 59028K, reserved 1101824K
  class space    used 6607K, capacity 6889K, committed 6912K, reserved 1048576K
Event: 15.332 GC heap after
Heap after GC invocations=7 (full 3):
 PSYoungGen      total 611840K, used 0K [0x00000000d5580000, 0x0000000100000000, 0x0000000100000000)
  eden space 524800K, 0% used [0x00000000d5580000,0x00000000d5580000,0x00000000f5600000)
  from space 87040K, 0% used [0x00000000fab00000,0x00000000fab00000,0x0000000100000000)
  to   space 87040K, 0% used [0x00000000f5600000,0x00000000f5600000,0x00000000fab00000)
 ParOldGen       total 1398272K, used 38800K [0x0000000080000000, 0x00000000d5580000, 0x00000000d5580000)
  object space 1398272K, 2% used [0x0000000080000000,0x00000000825e40e8,0x00000000d5580000)
 Metaspace       used 57313K, capacity 58756K, committed 59028K, reserved 1101824K
  class space    used 6586K, capacity 6852K, committed 6912K, reserved 1048576K
}
Event: 26.861 GC heap before
{Heap before GC invocations=8 (full 3):
 PSYoungGen      total 611840K, used 524800K [0x00000000d5580000, 0x0000000100000000, 0x0000000100000000)
  eden space 524800K, 100% used [0x00000000d5580000,0x00000000f5600000,0x00000000f5600000)
  from space 87040K, 0% used [0x00000000fab00000,0x00000000fab00000,0x0000000100000000)
  to   space 87040K, 0% used [0x00000000f5600000,0x00000000f5600000,0x00000000fab00000)
 ParOldGen       total 1398272K, used 38800K [0x0000000080000000, 0x00000000d5580000, 0x00000000d5580000)
  object space 1398272K, 2% used [0x0000000080000000,0x00000000825e40e8,0x00000000d5580000)
 Metaspace       used 63803K, capacity 67500K, committed 67712K, reserved 1110016K
  class space    used 7362K, capacity 7952K, committed 8064K, reserved 1048576K
Event: 27.013 GC heap after
Heap after GC invocations=8 (full 3):
 PSYoungGen      total 611840K, used 87011K [0x00000000d5580000, 0x0000000100000000, 0x0000000100000000)
  eden space 524800K, 0% used [0x00000000d5580000,0x00000000d5580000,0x00000000f5600000)
  from space 87040K, 99% used [0x00000000f5600000,0x00000000faaf8e50,0x00000000fab00000)
  to   space 87040K, 0% used [0x00000000fab00000,0x00000000fab00000,0x0000000100000000)
 ParOldGen       total 1398272K, used 93036K [0x0000000080000000, 0x00000000d5580000, 0x00000000d5580000)
  object space 1398272K, 6% used [0x0000000080000000,0x0000000085adb068,0x00000000d5580000)
 Metaspace       used 63803K, capacity 67500K, committed 67712K, reserved 1110016K
  class space    used 7362K, capacity 7952K, committed 8064K, reserved 1048576K
}
Event: 54.366 GC heap before
{Heap before GC invocations=9 (full 3):
 PSYoungGen      total 611840K, used 611811K [0x00000000d5580000, 0x0000000100000000, 0x0000000100000000)
  eden space 524800K, 100% used [0x00000000d5580000,0x00000000f5600000,0x00000000f5600000)
  from space 87040K, 99% used [0x00000000f5600000,0x00000000faaf8e50,0x00000000fab00000)
  to   space 87040K, 0% used [0x00000000fab00000,0x00000000fab00000,0x0000000100000000)
 ParOldGen       total 1398272K, used 93036K [0x0000000080000000, 0x00000000d5580000, 0x00000000d5580000)
  object space 1398272K, 6% used [0x0000000080000000,0x0000000085adb068,0x00000000d5580000)
 Metaspace       used 70546K, capacity 75314K, committed 75392K, reserved 1116160K
  class space    used 8009K, capacity 8793K, committed 8832K, reserved 1048576K
Event: 54.590 GC heap after
Heap after GC invocations=9 (full 3):
 PSYoungGen      total 438784K, used 87021K [0x00000000d5580000, 0x0000000100000000, 0x0000000100000000)
  eden space 351744K, 0% used [0x00000000d5580000,0x00000000d5580000,0x00000000ead00000)
  from space 87040K, 99% used [0x00000000fab00000,0x00000000ffffb6d8,0x0000000100000000)
  to   space 173568K, 0% used [0x00000000ead00000,0x00000000ead00000,0x00000000f5680000)
 ParOldGen       total 1398272K, used 181866K [0x0000000080000000, 0x00000000d5580000, 0x00000000d5580000)
  object space 1398272K, 13% used [0x0000000080000000,0x000000008b19a988,0x00000000d5580000)
 Metaspace       used 70546K, capacity 75314K, committed 75392K, reserved 1116160K
  class space    used 8009K, capacity 8793K, committed 8832K, reserved 1048576K
}
Event: 65.964 GC heap before
{Heap before GC invocations=10 (full 3):
 PSYoungGen      total 438784K, used 438765K [0x00000000d5580000, 0x0000000100000000, 0x0000000100000000)
  eden space 351744K, 100% used [0x00000000d5580000,0x00000000ead00000,0x00000000ead00000)
  from space 87040K, 99% used [0x00000000fab00000,0x00000000ffffb6d8,0x0000000100000000)
  to   space 173568K, 0% used [0x00000000ead00000,0x00000000ead00000,0x00000000f5680000)
 ParOldGen       total 1398272K, used 181866K [0x0000000080000000, 0x00000000d5580000, 0x00000000d5580000)
  object space 1398272K, 13% used [0x0000000080000000,0x000000008b19a988,0x00000000d5580000)
 Metaspace       used 71783K, capacity 76696K, committed 77056K, reserved 1118208K
  class space    used 8073K, capacity 8886K, committed 8960K, reserved 1048576K
Event: 66.078 GC heap after
Heap after GC invocations=10 (full 3):
 PSYoungGen      total 498688K, used 146567K [0x00000000d5580000, 0x0000000100000000, 0x0000000100000000)
  eden space 351744K, 0% used [0x00000000d5580000,0x00000000d5580000,0x00000000ead00000)
  from space 146944K, 99% used [0x00000000ead00000,0x00000000f3c21e70,0x00000000f3c80000)
  to   space 199168K, 0% used [0x00000000f3d80000,0x00000000f3d80000,0x0000000100000000)
 ParOldGen       total 1398272K, used 181874K [0x0000000080000000, 0x00000000d5580000, 0x00000000d5580000)
  object space 1398272K, 13% used [0x0000000080000000,0x000000008b19c988,0x00000000d5580000)
 Metaspace       used 71783K, capacity 76696K, committed 77056K, reserved 1118208K
  class space    used 8073K, capacity 8886K, committed 8960K, reserved 1048576K
}
Event: 85.760 GC heap before
{Heap before GC invocations=11 (full 3):
 PSYoungGen      total 498688K, used 498311K [0x00000000d5580000, 0x0000000100000000, 0x0000000100000000)
  eden space 351744K, 100% used [0x00000000d5580000,0x00000000ead00000,0x00000000ead00000)
  from space 146944K, 99% used [0x00000000ead00000,0x00000000f3c21e70,0x00000000f3c80000)
  to   space 199168K, 0% used [0x00000000f3d80000,0x00000000f3d80000,0x0000000100000000)
 ParOldGen       total 1398272K, used 181874K [0x0000000080000000, 0x00000000d5580000, 0x00000000d5580000)
  object space 1398272K, 13% used [0x0000000080000000,0x000000008b19c988,0x00000000d5580000)
 Metaspace       used 73095K, capacity 78334K, committed 78464K, reserved 1118208K
  class space    used 8161K, capacity 9027K, committed 9088K, reserved 1048576K
Event: 86.006 GC heap after
Heap after GC invocations=11 (full 3):
 PSYoungGen      total 445440K, used 173148K [0x00000000d5580000, 0x0000000100000000, 0x0000000100000000)
  eden space 246272K, 0% used [0x00000000d5580000,0x00000000d5580000,0x00000000e4600000)
  from space 199168K, 86% used [0x00000000f3d80000,0x00000000fe6971c0,0x0000000100000000)
  to   space 226304K, 0% used [0x00000000e4600000,0x00000000e4600000,0x00000000f2300000)
 ParOldGen       total 1398272K, used 181882K [0x0000000080000000, 0x00000000d5580000, 0x00000000d5580000)
  object space 1398272K, 13% used [0x0000000080000000,0x000000008b19e988,0x00000000d5580000)
 Metaspace       used 73095K, capacity 78334K, committed 78464K, reserved 1118208K
  class space    used 8161K, capacity 9027K, committed 9088K, reserved 1048576K
}

