# JRE version: OpenJDK Runtime Environment (8.0_212-b04) (build 1.8.0_212-b04)
# Java VM: OpenJDK 64-Bit Server VM (25.212-b04 mixed mode linux-amd64 compressed oops)
Heap:
 PSYoungGen      total 611840K, used 233459K [0x00000000d5580000, 0x0000000100000000, 0x0000000100000000)
  eden space 524800K, 44% used [0x00000000d5580000,0x00000000e397cc00,0x00000000f5600000)
  from space 87040K, 0% used [0x00000000f5600000,0x00000000f5600000,0x00000000fab00000)
  to   space 87040K, 0% used [0x00000000fab00000,0x00000000fab00000,0x0000000100000000)
 ParOldGen       total 1398272K, used 44647K [0x0000000080000000, 0x00000000d5580000, 0x00000000d5580000)
  object space 1398272K, 3% used [0x0000000080000000,0x0000000082b99ce8,0x00000000d5580000)
 Metaspace       used 65074K, capacity 67674K, committed 67968K, reserved 1110016K
  class space    used 7524K, capacity 7999K, committed 8064K, reserved 1048576K
GC Heap History (10 events):
Event: 2.472 GC heap before
{Heap before GC invocations=2 (full 1):
 PSYoungGen      total 611840K, used 14242K [0x00000000d5580000, 0x0000000100000000, 0x0000000100000000)
  eden space 524800K, 0% used [0x00000000d5580000,0x00000000d5580000,0x00000000f5600000)
  from space 87040K, 16% used [0x00000000f5600000,0x00000000f63e8a30,0x00000000fab00000)
  to   space 87040K, 0% used [0x00000000fab00000,0x00000000fab00000,0x0000000100000000)
 ParOldGen       total 1398272K, used 80K [0x0000000080000000, 0x00000000d5580000, 0x00000000d5580000)
  object space 1398272K, 0% used [0x0000000080000000,0x0000000080014010,0x00000000d5580000)
 Metaspace       used 20759K, capacity 21016K, committed 21248K, reserved 1069056K
  class space    used 2350K, capacity 2451K, committed 2560K, reserved 1048576K
Event: 2.533 GC heap after
Heap after GC invocations=2 (full 1):
 PSYoungGen      total 611840K, used 0K [0x00000000d5580000, 0x0000000100000000, 0x0000000100000000)
  eden space 524800K, 0% used [0x00000000d5580000,0x00000000d5580000,0x00000000f5600000)
  from space 87040K, 0% used [0x00000000f5600000,0x00000000f5600000,0x00000000fab00000)
  to   space 87040K, 0% used [0x00000000fab00000,0x00000000fab00000,0x0000000100000000)
 ParOldGen       total 860672K, used 13683K [0x0000000080000000, 0x00000000b4880000, 0x00000000d5580000)
  object space 860672K, 1% used [0x0000000080000000,0x0000000080d5ce00,0x00000000b4880000)
 Metaspace       used 20759K, capacity 21016K, committed 21248K, reserved 1069056K
  class space    used 2350K, capacity 2451K, committed 2560K, reserved 1048576K
}
Event: 4.913 GC heap before
{Heap before GC invocations=3 (full 1):
 PSYoungGen      total 611840K, used 379962K [0x00000000d5580000, 0x0000000100000000, 0x0000000100000000)
  eden space 524800K, 72% used [0x00000000d5580000,0x00000000ec88eb38,0x00000000f5600000)
  from space 87040K, 0% used [0x00000000f5600000,0x00000000f5600000,0x00000000fab00000)
  to   space 87040K, 0% used [0x00000000fab00000,0x00000000fab00000,0x0000000100000000)
 ParOldGen       total 860672K, used 13683K [0x0000000080000000, 0x00000000b4880000, 0x00000000d5580000)
  object space 860672K, 1% used [0x0000000080000000,0x0000000080d5ce00,0x00000000b4880000)
 Metaspace       used 34656K, capacity 35122K, committed 35416K, reserved 1081344K
  class space    used 3956K, capacity 4093K, committed 4096K, reserved 1048576K
Event: 4.949 GC heap after
Heap after GC invocations=3 (full 1):
 PSYoungGen      total 611840K, used 18653K [0x00000000d5580000, 0x0000000100000000, 0x0000000100000000)
  eden space 524800K, 0% used [0x00000000d5580000,0x00000000d5580000,0x00000000f5600000)
  from space 87040K, 21% used [0x00000000fab00000,0x00000000fbd37530,0x0000000100000000)
  to   space 87040K, 0% used [0x00000000f5600000,0x00000000f5600000,0x00000000fab00000)
 ParOldGen       total 860672K, used 13683K [0x0000000080000000, 0x00000000b4880000, 0x00000000d5580000)
  object space 860672K, 1% used [0x0000000080000000,0x0000000080d5ce00,0x00000000b4880000)
 Metaspace       used 34656K, capacity 35122K, committed 35416K, reserved 1081344K
  class space    used 3956K, capacity 4093K, committed 4096K, reserved 1048576K
}
Event: 4.949 GC heap before
{Heap before GC invocations=4 (full 2):
 PSYoungGen      total 611840K, used 18653K [0x00000000d5580000, 0x0000000100000000, 0x0000000100000000)
  eden space 524800K, 0% used [0x00000000d5580000,0x00000000d5580000,0x00000000f5600000)
  from space 87040K, 21% used [0x00000000fab00000,0x00000000fbd37530,0x0000000100000000)
  to   space 87040K, 0% used [0x00000000f5600000,0x00000000f5600000,0x00000000fab00000)
 ParOldGen       total 860672K, used 13683K [0x0000000080000000, 0x00000000b4880000, 0x00000000d5580000)
  object space 860672K, 1% used [0x0000000080000000,0x0000000080d5ce00,0x00000000b4880000)
 Metaspace       used 34656K, capacity 35122K, committed 35416K, reserved 1081344K
  class space    used 3956K, capacity 4093K, committed 4096K, reserved 1048576K
Event: 5.046 GC heap after
Heap after GC invocations=4 (full 2):
 PSYoungGen      total 611840K, used 0K [0x00000000d5580000, 0x0000000100000000, 0x0000000100000000)
  eden space 524800K, 0% used [0x00000000d5580000,0x00000000d5580000,0x00000000f5600000)
  from space 87040K, 0% used [0x00000000fab00000,0x00000000fab00000,0x0000000100000000)
  to   space 87040K, 0% used [0x00000000f5600000,0x00000000f5600000,0x00000000fab00000)
 ParOldGen       total 1398272K, used 22904K [0x0000000080000000, 0x00000000d5580000, 0x00000000d5580000)
  object space 1398272K, 1% used [0x0000000080000000,0x000000008165e2d0,0x00000000d5580000)
 Metaspace       used 34656K, capacity 35122K, committed 35416K, reserved 1081344K
  class space    used 3956K, capacity 4093K, committed 4096K, reserved 1048576K
}
Event: 13.142 GC heap before
{Heap before GC invocations=5 (full 2):
 PSYoungGen      total 611840K, used 380254K [0x00000000d5580000, 0x0000000100000000, 0x0000000100000000)
  eden space 524800K, 72% used [0x00000000d5580000,0x00000000ec8d7888,0x00000000f5600000)
  from space 87040K, 0% used [0x00000000fab00000,0x00000000fab00000,0x0000000100000000)
  to   space 87040K, 0% used [0x00000000f5600000,0x00000000f5600000,0x00000000fab00000)
 ParOldGen       total 1398272K, used 22904K [0x0000000080000000, 0x00000000d5580000, 0x00000000d5580000)
  object space 1398272K, 1% used [0x0000000080000000,0x000000008165e2d0,0x00000000d5580000)
 Metaspace       used 57031K, capacity 58824K, committed 59008K, reserved 1101824K
  class space    used 6651K, capacity 6982K, committed 7040K, reserved 1048576K
Event: 13.197 GC heap after
Heap after GC invocations=5 (full 2):
 PSYoungGen      total 611840K, used 34466K [0x00000000d5580000, 0x0000000100000000, 0x0000000100000000)
  eden space 524800K, 0% used [0x00000000d5580000,0x00000000d5580000,0x00000000f5600000)
  from space 87040K, 39% used [0x00000000f5600000,0x00000000f77a88f0,0x00000000fab00000)
  to   space 87040K, 0% used [0x00000000fab00000,0x00000000fab00000,0x0000000100000000)
 ParOldGen       total 1398272K, used 22912K [0x0000000080000000, 0x00000000d5580000, 0x00000000d5580000)
  object space 1398272K, 1% used [0x0000000080000000,0x00000000816602d0,0x00000000d5580000)
 Metaspace       used 57031K, capacity 58824K, committed 59008K, reserved 1101824K
  class space    used 6651K, capacity 6982K, committed 7040K, reserved 1048576K
}
Event: 13.197 GC heap before
{Heap before GC invocations=6 (full 3):
 PSYoungGen      total 611840K, used 34466K [0x00000000d5580000, 0x0000000100000000, 0x0000000100000000)
  eden space 524800K, 0% used [0x00000000d5580000,0x00000000d5580000,0x00000000f5600000)
  from space 87040K, 39% used [0x00000000f5600000,0x00000000f77a88f0,0x00000000fab00000)
  to   space 87040K, 0% used [0x00000000fab00000,0x00000000fab00000,0x0000000100000000)
 ParOldGen       total 1398272K, used 22912K [0x0000000080000000, 0x00000000d5580000, 0x00000000d5580000)
  object space 1398272K, 1% used [0x0000000080000000,0x00000000816602d0,0x00000000d5580000)
 Metaspace       used 57031K, capacity 58824K, committed 59008K, reserved 1101824K
  class space    used 6651K, capacity 6982K, committed 7040K, reserved 1048576K
Event: 13.411 GC heap after
Heap after GC invocations=6 (full 3):
 PSYoungGen      total 611840K, used 0K [0x00000000d5580000, 0x0000000100000000, 0x0000000100000000)
  eden space 524800K, 0% used [0x00000000d5580000,0x00000000d5580000,0x00000000f5600000)
  from space 87040K, 0% used [0x00000000f5600000,0x00000000f5600000,0x00000000fab00000)
  to   space 87040K, 0% used [0x00000000fab00000,0x00000000fab00000,0x0000000100000000)
 ParOldGen       total 1398272K, used 44647K [0x0000000080000000, 0x00000000d5580000, 0x00000000d5580000)
  object space 1398272K, 3% used [0x0000000080000000,0x0000000082b99ce8,0x00000000d5580000)
 Metaspace       used 56998K, capacity 58730K, committed 59008K, reserved 1101824K
  class space    used 6640K, capacity 6963K, committed 7040K, reserved 1048576K
}

