# JRE version: OpenJDK Runtime Environment (8.0_212-b04) (build 1.8.0_212-b04)
# Java VM: OpenJDK 64-Bit Server VM (25.212-b04 mixed mode linux-amd64 compressed oops)
Heap:
 PSYoungGen      total 580608K, used 362075K [0x00000000d5580000, 0x0000000100000000, 0x0000000100000000)
  eden space 549888K, 65% used [0x00000000d5580000,0x00000000eb716ee8,0x00000000f6e80000)
  from space 30720K, 0% used [0x00000000f8d80000,0x00000000f8d80000,0x00000000fab80000)
  to   space 31744K, 0% used [0x00000000f6e80000,0x00000000f6e80000,0x00000000f8d80000)
 ParOldGen       total 1398272K, used 545636K [0x0000000080000000, 0x00000000d5580000, 0x00000000d5580000)
  object space 1398272K, 39% used [0x0000000080000000,0x00000000a14d91b8,0x00000000d5580000)
 Metaspace       used 64869K, capacity 67372K, committed 67584K, reserved 1110016K
  class space    used 7392K, capacity 7848K, committed 7936K, reserved 1048576K
GC Heap History (10 events):
Event: 12.163 GC heap before
{Heap before GC invocations=6 (full 2):
 PSYoungGen      total 611840K, used 321328K [0x00000000d5580000, 0x0000000100000000, 0x0000000100000000)
  eden space 524800K, 57% used [0x00000000d5580000,0x00000000e7e78008,0x00000000f5600000)
  from space 87040K, 19% used [0x00000000f5600000,0x00000000f66d4240,0x00000000fab00000)
  to   space 87040K, 0% used [0x00000000fab00000,0x00000000fab00000,0x0000000100000000)
 ParOldGen       total 1398272K, used 23872K [0x0000000080000000, 0x00000000d5580000, 0x00000000d5580000)
  object space 1398272K, 1% used [0x0000000080000000,0x0000000081750298,0x00000000d5580000)
 Metaspace       used 57569K, capacity 58964K, committed 59028K, reserved 1101824K
  class space    used 6629K, capacity 6902K, committed 6912K, reserved 1048576K
Event: 12.206 GC heap after
Heap after GC invocations=6 (full 2):
 PSYoungGen      total 611840K, used 29853K [0x00000000d5580000, 0x0000000100000000, 0x0000000100000000)
  eden space 524800K, 0% used [0x00000000d5580000,0x00000000d5580000,0x00000000f5600000)
  from space 87040K, 34% used [0x00000000fab00000,0x00000000fc8274a8,0x0000000100000000)
  to   space 87040K, 0% used [0x00000000f5600000,0x00000000f5600000,0x00000000fab00000)
 ParOldGen       total 1398272K, used 23880K [0x0000000080000000, 0x00000000d5580000, 0x00000000d5580000)
  object space 1398272K, 1% used [0x0000000080000000,0x0000000081752298,0x00000000d5580000)
 Metaspace       used 57569K, capacity 58964K, committed 59028K, reserved 1101824K
  class space    used 6629K, capacity 6902K, committed 6912K, reserved 1048576K
}
Event: 12.206 GC heap before
{Heap before GC invocations=7 (full 3):
 PSYoungGen      total 611840K, used 29853K [0x00000000d5580000, 0x0000000100000000, 0x0000000100000000)
  eden space 524800K, 0% used [0x00000000d5580000,0x00000000d5580000,0x00000000f5600000)
  from space 87040K, 34% used [0x00000000fab00000,0x00000000fc8274a8,0x0000000100000000)
  to   space 87040K, 0% used [0x00000000f5600000,0x00000000f5600000,0x00000000fab00000)
 ParOldGen       total 1398272K, used 23880K [0x0000000080000000, 0x00000000d5580000, 0x00000000d5580000)
  object space 1398272K, 1% used [0x0000000080000000,0x0000000081752298,0x00000000d5580000)
 Metaspace       used 57569K, capacity 58964K, committed 59028K, reserved 1101824K
  class space    used 6629K, capacity 6902K, committed 6912K, reserved 1048576K
Event: 12.516 GC heap after
Heap after GC invocations=7 (full 3):
 PSYoungGen      total 611840K, used 0K [0x00000000d5580000, 0x0000000100000000, 0x0000000100000000)
  eden space 524800K, 0% used [0x00000000d5580000,0x00000000d5580000,0x00000000f5600000)
  from space 87040K, 0% used [0x00000000fab00000,0x00000000fab00000,0x0000000100000000)
  to   space 87040K, 0% used [0x00000000f5600000,0x00000000f5600000,0x00000000fab00000)
 ParOldGen       total 1398272K, used 41154K [0x0000000080000000, 0x00000000d5580000, 0x00000000d5580000)
  object space 1398272K, 2% used [0x0000000080000000,0x0000000082830b88,0x00000000d5580000)
 Metaspace       used 57539K, capacity 58892K, committed 59028K, reserved 1101824K
  class space    used 6618K, capacity 6884K, committed 6912K, reserved 1048576K
}
Event: 19.114 GC heap before
{Heap before GC invocations=8 (full 3):
 PSYoungGen      total 611840K, used 358629K [0x00000000d5580000, 0x0000000100000000, 0x0000000100000000)
  eden space 524800K, 68% used [0x00000000d5580000,0x00000000eb3b9418,0x00000000f5600000)
  from space 87040K, 0% used [0x00000000fab00000,0x00000000fab00000,0x0000000100000000)
  to   space 87040K, 0% used [0x00000000f5600000,0x00000000f5600000,0x00000000fab00000)
 ParOldGen       total 1398272K, used 41154K [0x0000000080000000, 0x00000000d5580000, 0x00000000d5580000)
  object space 1398272K, 2% used [0x0000000080000000,0x0000000082830b88,0x00000000d5580000)
 Metaspace       used 60665K, capacity 62842K, committed 63104K, reserved 1105920K
  class space    used 7036K, capacity 7425K, committed 7552K, reserved 1048576K
Event: 19.399 GC heap after
Heap after GC invocations=8 (full 3):
 PSYoungGen      total 535552K, used 10309K [0x00000000d5580000, 0x00000000fab80000, 0x0000000100000000)
  eden space 524800K, 0% used [0x00000000d5580000,0x00000000d5580000,0x00000000f5600000)
  from space 10752K, 95% used [0x00000000f5600000,0x00000000f6011630,0x00000000f6080000)
  to   space 30720K, 0% used [0x00000000f8d80000,0x00000000f8d80000,0x00000000fab80000)
 ParOldGen       total 1398272K, used 450762K [0x0000000080000000, 0x00000000d5580000, 0x00000000d5580000)
  object space 1398272K, 32% used [0x0000000080000000,0x000000009b832ba8,0x00000000d5580000)
 Metaspace       used 60665K, capacity 62842K, committed 63104K, reserved 1105920K
  class space    used 7036K, capacity 7425K, committed 7552K, reserved 1048576K
}
Event: 19.737 GC heap before
{Heap before GC invocations=9 (full 3):
 PSYoungGen      total 535552K, used 535109K [0x00000000d5580000, 0x00000000fab80000, 0x0000000100000000)
  eden space 524800K, 100% used [0x00000000d5580000,0x00000000f5600000,0x00000000f5600000)
  from space 10752K, 95% used [0x00000000f5600000,0x00000000f6011630,0x00000000f6080000)
  to   space 30720K, 0% used [0x00000000f8d80000,0x00000000f8d80000,0x00000000fab80000)
 ParOldGen       total 1398272K, used 450762K [0x0000000080000000, 0x00000000d5580000, 0x00000000d5580000)
  object space 1398272K, 32% used [0x0000000080000000,0x000000009b832ba8,0x00000000d5580000)
 Metaspace       used 60665K, capacity 62842K, committed 63104K, reserved 1105920K
  class space    used 7036K, capacity 7425K, committed 7552K, reserved 1048576K
Event: 20.209 GC heap after
Heap after GC invocations=9 (full 3):
 PSYoungGen      total 580608K, used 5312K [0x00000000d5580000, 0x0000000100000000, 0x0000000100000000)
  eden space 549888K, 0% used [0x00000000d5580000,0x00000000d5580000,0x00000000f6e80000)
  from space 30720K, 17% used [0x00000000f8d80000,0x00000000f92b0090,0x00000000fab80000)
  to   space 31744K, 0% used [0x00000000f6e80000,0x00000000f6e80000,0x00000000f8d80000)
 ParOldGen       total 1398272K, used 962762K [0x0000000080000000, 0x00000000d5580000, 0x00000000d5580000)
  object space 1398272K, 68% used [0x0000000080000000,0x00000000bac32bc8,0x00000000d5580000)
 Metaspace       used 60665K, capacity 62842K, committed 63104K, reserved 1105920K
  class space    used 7036K, capacity 7425K, committed 7552K, reserved 1048576K
}
Event: 20.209 GC heap before
{Heap before GC invocations=10 (full 4):
 PSYoungGen      total 580608K, used 5312K [0x00000000d5580000, 0x0000000100000000, 0x0000000100000000)
  eden space 549888K, 0% used [0x00000000d5580000,0x00000000d5580000,0x00000000f6e80000)
  from space 30720K, 17% used [0x00000000f8d80000,0x00000000f92b0090,0x00000000fab80000)
  to   space 31744K, 0% used [0x00000000f6e80000,0x00000000f6e80000,0x00000000f8d80000)
 ParOldGen       total 1398272K, used 962762K [0x0000000080000000, 0x00000000d5580000, 0x00000000d5580000)
  object space 1398272K, 68% used [0x0000000080000000,0x00000000bac32bc8,0x00000000d5580000)
 Metaspace       used 60665K, capacity 62842K, committed 63104K, reserved 1105920K
  class space    used 7036K, capacity 7425K, committed 7552K, reserved 1048576K
Event: 20.481 GC heap after
Heap after GC invocations=10 (full 4):
 PSYoungGen      total 580608K, used 0K [0x00000000d5580000, 0x0000000100000000, 0x0000000100000000)
  eden space 549888K, 0% used [0x00000000d5580000,0x00000000d5580000,0x00000000f6e80000)
  from space 30720K, 0% used [0x00000000f8d80000,0x00000000f8d80000,0x00000000fab80000)
  to   space 31744K, 0% used [0x00000000f6e80000,0x00000000f6e80000,0x00000000f8d80000)
 ParOldGen       total 1398272K, used 545636K [0x0000000080000000, 0x00000000d5580000, 0x00000000d5580000)
  object space 1398272K, 39% used [0x0000000080000000,0x00000000a14d91b8,0x00000000d5580000)
 Metaspace       used 60492K, capacity 62386K, committed 63104K, reserved 1105920K
  class space    used 6975K, capacity 7315K, committed 7552K, reserved 1048576K
}

