# JRE version: OpenJDK Runtime Environment (8.0_212-b04) (build 1.8.0_212-b04)
# Java VM: OpenJDK 64-Bit Server VM (25.212-b04 mixed mode linux-amd64 compressed oops)
Heap:
 PSYoungGen      total 611840K, used 254085K [0x00000000d5580000, 0x0000000100000000, 0x0000000100000000)
  eden space 524800K, 36% used [0x00000000d5580000,0x00000000e12a4fe0,0x00000000f5600000)
  from space 87040K, 69% used [0x00000000fab00000,0x00000000fe5fc798,0x0000000100000000)
  to   space 87040K, 0% used [0x00000000f5600000,0x00000000f5600000,0x00000000fab00000)
 ParOldGen       total 1398272K, used 44333K [0x0000000080000000, 0x00000000d5580000, 0x00000000d5580000)
  object space 1398272K, 3% used [0x0000000080000000,0x0000000082b4b540,0x00000000d5580000)
 Metaspace       used 69366K, capacity 72824K, committed 72960K, reserved 1114112K
  class space    used 7754K, capacity 8336K, committed 8448K, reserved 1048576K
GC Heap History (10 events):
Event: 4.162 GC heap before
{Heap before GC invocations=3 (full 1):
 PSYoungGen      total 611840K, used 491400K [0x00000000d5580000, 0x0000000100000000, 0x0000000100000000)
  eden space 524800K, 93% used [0x00000000d5580000,0x00000000f3562350,0x00000000f5600000)
  from space 87040K, 0% used [0x00000000f5600000,0x00000000f5600000,0x00000000fab00000)
  to   space 87040K, 0% used [0x00000000fab00000,0x00000000fab00000,0x0000000100000000)
 ParOldGen       total 912384K, used 13762K [0x0000000080000000, 0x00000000b7b00000, 0x00000000d5580000)
  object space 912384K, 1% used [0x0000000080000000,0x0000000080d708d8,0x00000000b7b00000)
 Metaspace       used 34607K, capacity 34970K, committed 35416K, reserved 1081344K
  class space    used 3943K, capacity 4061K, committed 4096K, reserved 1048576K
Event: 4.186 GC heap after
Heap after GC invocations=3 (full 1):
 PSYoungGen      total 611840K, used 19195K [0x00000000d5580000, 0x0000000100000000, 0x0000000100000000)
  eden space 524800K, 0% used [0x00000000d5580000,0x00000000d5580000,0x00000000f5600000)
  from space 87040K, 22% used [0x00000000fab00000,0x00000000fbdbee48,0x0000000100000000)
  to   space 87040K, 0% used [0x00000000f5600000,0x00000000f5600000,0x00000000fab00000)
 ParOldGen       total 912384K, used 13762K [0x0000000080000000, 0x00000000b7b00000, 0x00000000d5580000)
  object space 912384K, 1% used [0x0000000080000000,0x0000000080d708d8,0x00000000b7b00000)
 Metaspace       used 34607K, capacity 34970K, committed 35416K, reserved 1081344K
  class space    used 3943K, capacity 4061K, committed 4096K, reserved 1048576K
}
Event: 4.186 GC heap before
{Heap before GC invocations=4 (full 2):
 PSYoungGen      total 611840K, used 19195K [0x00000000d5580000, 0x0000000100000000, 0x0000000100000000)
  eden space 524800K, 0% used [0x00000000d5580000,0x00000000d5580000,0x00000000f5600000)
  from space 87040K, 22% used [0x00000000fab00000,0x00000000fbdbee48,0x0000000100000000)
  to   space 87040K, 0% used [0x00000000f5600000,0x00000000f5600000,0x00000000fab00000)
 ParOldGen       total 912384K, used 13762K [0x0000000080000000, 0x00000000b7b00000, 0x00000000d5580000)
  object space 912384K, 1% used [0x0000000080000000,0x0000000080d708d8,0x00000000b7b00000)
 Metaspace       used 34607K, capacity 34970K, committed 35416K, reserved 1081344K
  class space    used 3943K, capacity 4061K, committed 4096K, reserved 1048576K
Event: 4.267 GC heap after
Heap after GC invocations=4 (full 2):
 PSYoungGen      total 611840K, used 0K [0x00000000d5580000, 0x0000000100000000, 0x0000000100000000)
  eden space 524800K, 0% used [0x00000000d5580000,0x00000000d5580000,0x00000000f5600000)
  from space 87040K, 0% used [0x00000000fab00000,0x00000000fab00000,0x0000000100000000)
  to   space 87040K, 0% used [0x00000000f5600000,0x00000000f5600000,0x00000000fab00000)
 ParOldGen       total 1398272K, used 23462K [0x0000000080000000, 0x00000000d5580000, 0x00000000d5580000)
  object space 1398272K, 1% used [0x0000000080000000,0x00000000816e9950,0x00000000d5580000)
 Metaspace       used 34607K, capacity 34970K, committed 35416K, reserved 1081344K
  class space    used 3943K, capacity 4061K, committed 4096K, reserved 1048576K
}
Event: 9.947 GC heap before
{Heap before GC invocations=5 (full 2):
 PSYoungGen      total 611840K, used 393038K [0x00000000d5580000, 0x0000000100000000, 0x0000000100000000)
  eden space 524800K, 74% used [0x00000000d5580000,0x00000000ed553958,0x00000000f5600000)
  from space 87040K, 0% used [0x00000000fab00000,0x00000000fab00000,0x0000000100000000)
  to   space 87040K, 0% used [0x00000000f5600000,0x00000000f5600000,0x00000000fab00000)
 ParOldGen       total 1398272K, used 23462K [0x0000000080000000, 0x00000000d5580000, 0x00000000d5580000)
  object space 1398272K, 1% used [0x0000000080000000,0x00000000816e9950,0x00000000d5580000)
 Metaspace       used 57494K, capacity 58928K, committed 59008K, reserved 1101824K
  class space    used 6684K, capacity 6962K, committed 7040K, reserved 1048576K
Event: 9.993 GC heap after
Heap after GC invocations=5 (full 2):
 PSYoungGen      total 611840K, used 33720K [0x00000000d5580000, 0x0000000100000000, 0x0000000100000000)
  eden space 524800K, 0% used [0x00000000d5580000,0x00000000d5580000,0x00000000f5600000)
  from space 87040K, 38% used [0x00000000f5600000,0x00000000f76ee320,0x00000000fab00000)
  to   space 87040K, 0% used [0x00000000fab00000,0x00000000fab00000,0x0000000100000000)
 ParOldGen       total 1398272K, used 23470K [0x0000000080000000, 0x00000000d5580000, 0x00000000d5580000)
  object space 1398272K, 1% used [0x0000000080000000,0x00000000816eb950,0x00000000d5580000)
 Metaspace       used 57494K, capacity 58928K, committed 59008K, reserved 1101824K
  class space    used 6684K, capacity 6962K, committed 7040K, reserved 1048576K
}
Event: 9.993 GC heap before
{Heap before GC invocations=6 (full 3):
 PSYoungGen      total 611840K, used 33720K [0x00000000d5580000, 0x0000000100000000, 0x0000000100000000)
  eden space 524800K, 0% used [0x00000000d5580000,0x00000000d5580000,0x00000000f5600000)
  from space 87040K, 38% used [0x00000000f5600000,0x00000000f76ee320,0x00000000fab00000)
  to   space 87040K, 0% used [0x00000000fab00000,0x00000000fab00000,0x0000000100000000)
 ParOldGen       total 1398272K, used 23470K [0x0000000080000000, 0x00000000d5580000, 0x00000000d5580000)
  object space 1398272K, 1% used [0x0000000080000000,0x00000000816eb950,0x00000000d5580000)
 Metaspace       used 57494K, capacity 58928K, committed 59008K, reserved 1101824K
  class space    used 6684K, capacity 6962K, committed 7040K, reserved 1048576K
Event: 10.234 GC heap after
Heap after GC invocations=6 (full 3):
 PSYoungGen      total 611840K, used 0K [0x00000000d5580000, 0x0000000100000000, 0x0000000100000000)
  eden space 524800K, 0% used [0x00000000d5580000,0x00000000d5580000,0x00000000f5600000)
  from space 87040K, 0% used [0x00000000f5600000,0x00000000f5600000,0x00000000fab00000)
  to   space 87040K, 0% used [0x00000000fab00000,0x00000000fab00000,0x0000000100000000)
 ParOldGen       total 1398272K, used 44313K [0x0000000080000000, 0x00000000d5580000, 0x00000000d5580000)
  object space 1398272K, 3% used [0x0000000080000000,0x0000000082b46410,0x00000000d5580000)
 Metaspace       used 57470K, capacity 58868K, committed 59008K, reserved 1101824K
  class space    used 6674K, capacity 6946K, committed 7040K, reserved 1048576K
}
Event: 18.394 GC heap before
{Heap before GC invocations=7 (full 3):
 PSYoungGen      total 611840K, used 524758K [0x00000000d5580000, 0x0000000100000000, 0x0000000100000000)
  eden space 524800K, 99% used [0x00000000d5580000,0x00000000f55f5840,0x00000000f5600000)
  from space 87040K, 0% used [0x00000000f5600000,0x00000000f5600000,0x00000000fab00000)
  to   space 87040K, 0% used [0x00000000fab00000,0x00000000fab00000,0x0000000100000000)
 ParOldGen       total 1398272K, used 44313K [0x0000000080000000, 0x00000000d5580000, 0x00000000d5580000)
  object space 1398272K, 3% used [0x0000000080000000,0x0000000082b46410,0x00000000d5580000)
 Metaspace       used 68085K, capacity 71524K, committed 71680K, reserved 1112064K
  class space    used 7729K, capacity 8326K, committed 8448K, reserved 1048576K
Event: 18.440 GC heap after
Heap after GC invocations=7 (full 3):
 PSYoungGen      total 611840K, used 60401K [0x00000000d5580000, 0x0000000100000000, 0x0000000100000000)
  eden space 524800K, 0% used [0x00000000d5580000,0x00000000d5580000,0x00000000f5600000)
  from space 87040K, 69% used [0x00000000fab00000,0x00000000fe5fc798,0x0000000100000000)
  to   space 87040K, 0% used [0x00000000f5600000,0x00000000f5600000,0x00000000fab00000)
 ParOldGen       total 1398272K, used 44333K [0x0000000080000000, 0x00000000d5580000, 0x00000000d5580000)
  object space 1398272K, 3% used [0x0000000080000000,0x0000000082b4b540,0x00000000d5580000)
 Metaspace       used 68085K, capacity 71524K, committed 71680K, reserved 1112064K
  class space    used 7729K, capacity 8326K, committed 8448K, reserved 1048576K
}

