# JRE version: OpenJDK Runtime Environment (8.0_212-b04) (build 1.8.0_212-b04)
# Java VM: OpenJDK 64-Bit Server VM (25.212-b04 mixed mode linux-amd64 compressed oops)
Heap:
 PSYoungGen      total 611840K, used 367820K [0x00000000d5580000, 0x0000000100000000, 0x0000000100000000)
  eden space 524800K, 70% used [0x00000000d5580000,0x00000000ebcb3168,0x00000000f5600000)
  from space 87040K, 0% used [0x00000000f5600000,0x00000000f5600000,0x00000000fab00000)
  to   space 87040K, 0% used [0x00000000fab00000,0x00000000fab00000,0x0000000100000000)
 ParOldGen       total 937984K, used 13694K [0x0000000080000000, 0x00000000b9400000, 0x00000000d5580000)
  object space 937984K, 1% used [0x0000000080000000,0x0000000080d5fac0,0x00000000b9400000)
 Metaspace       used 33791K, capacity 34160K, committed 34560K, reserved 1079296K
  class space    used 3883K, capacity 3988K, committed 4096K, reserved 1048576K
GC Heap History (4 events):
Event: 2.097 GC heap before
{Heap before GC invocations=1 (full 0):
 PSYoungGen      total 611840K, used 199450K [0x00000000d5580000, 0x0000000100000000, 0x0000000100000000)
  eden space 524800K, 38% used [0x00000000d5580000,0x00000000e1846ab0,0x00000000f5600000)
  from space 87040K, 0% used [0x00000000fab00000,0x00000000fab00000,0x0000000100000000)
  to   space 87040K, 0% used [0x00000000f5600000,0x00000000f5600000,0x00000000fab00000)
 ParOldGen       total 1398272K, used 0K [0x0000000080000000, 0x00000000d5580000, 0x00000000d5580000)
  object space 1398272K, 0% used [0x0000000080000000,0x0000000080000000,0x00000000d5580000)
 Metaspace       used 20800K, capacity 21074K, committed 21248K, reserved 1069056K
  class space    used 2357K, capacity 2450K, committed 2560K, reserved 1048576K
Event: 2.119 GC heap after
Heap after GC invocations=1 (full 0):
 PSYoungGen      total 611840K, used 14199K [0x00000000d5580000, 0x0000000100000000, 0x0000000100000000)
  eden space 524800K, 0% used [0x00000000d5580000,0x00000000d5580000,0x00000000f5600000)
  from space 87040K, 16% used [0x00000000f5600000,0x00000000f63ddd88,0x00000000fab00000)
  to   space 87040K, 0% used [0x00000000fab00000,0x00000000fab00000,0x0000000100000000)
 ParOldGen       total 1398272K, used 80K [0x0000000080000000, 0x00000000d5580000, 0x00000000d5580000)
  object space 1398272K, 0% used [0x0000000080000000,0x0000000080014010,0x00000000d5580000)
 Metaspace       used 20800K, capacity 21074K, committed 21248K, reserved 1069056K
  class space    used 2357K, capacity 2450K, committed 2560K, reserved 1048576K
}
Event: 2.119 GC heap before
{Heap before GC invocations=2 (full 1):
 PSYoungGen      total 611840K, used 14199K [0x00000000d5580000, 0x0000000100000000, 0x0000000100000000)
  eden space 524800K, 0% used [0x00000000d5580000,0x00000000d5580000,0x00000000f5600000)
  from space 87040K, 16% used [0x00000000f5600000,0x00000000f63ddd88,0x00000000fab00000)
  to   space 87040K, 0% used [0x00000000fab00000,0x00000000fab00000,0x0000000100000000)
 ParOldGen       total 1398272K, used 80K [0x0000000080000000, 0x00000000d5580000, 0x00000000d5580000)
  object space 1398272K, 0% used [0x0000000080000000,0x0000000080014010,0x00000000d5580000)
 Metaspace       used 20800K, capacity 21074K, committed 21248K, reserved 1069056K
  class space    used 2357K, capacity 2450K, committed 2560K, reserved 1048576K
Event: 2.192 GC heap after
Heap after GC invocations=2 (full 1):
 PSYoungGen      total 611840K, used 0K [0x00000000d5580000, 0x0000000100000000, 0x0000000100000000)
  eden space 524800K, 0% used [0x00000000d5580000,0x00000000d5580000,0x00000000f5600000)
  from space 87040K, 0% used [0x00000000f5600000,0x00000000f5600000,0x00000000fab00000)
  to   space 87040K, 0% used [0x00000000fab00000,0x00000000fab00000,0x0000000100000000)
 ParOldGen       total 937984K, used 13694K [0x0000000080000000, 0x00000000b9400000, 0x00000000d5580000)
  object space 937984K, 1% used [0x0000000080000000,0x0000000080d5fac0,0x00000000b9400000)
 Metaspace       used 20800K, capacity 21074K, committed 21248K, reserved 1069056K
  class space    used 2357K, capacity 2450K, committed 2560K, reserved 1048576K
}

