# JRE version: OpenJDK Runtime Environment (8.0_212-b04) (build 1.8.0_212-b04)
# Java VM: OpenJDK 64-Bit Server VM (25.212-b04 mixed mode linux-amd64 compressed oops)
Heap:
 PSYoungGen      total 611840K, used 296431K [0x00000000d5580000, 0x0000000100000000, 0x0000000100000000)
  eden space 524800K, 56% used [0x00000000d5580000,0x00000000e76fbdd8,0x00000000f5600000)
  from space 87040K, 0% used [0x00000000fab00000,0x00000000fab00000,0x0000000100000000)
  to   space 87040K, 0% used [0x00000000f5600000,0x00000000f5600000,0x00000000fab00000)
 ParOldGen       total 1398272K, used 26702K [0x0000000080000000, 0x00000000d5580000, 0x00000000d5580000)
  object space 1398272K, 1% used [0x0000000080000000,0x0000000081a13820,0x00000000d5580000)
 Metaspace       used 64902K, capacity 67688K, committed 67968K, reserved 1110016K
  class space    used 7510K, capacity 8026K, committed 8064K, reserved 1048576K
GC Heap History (10 events):
Event: 4.378 GC heap before
{Heap before GC invocations=3 (full 1):
 PSYoungGen      total 611840K, used 456656K [0x00000000d5580000, 0x0000000100000000, 0x0000000100000000)
  eden space 524800K, 87% used [0x00000000d5580000,0x00000000f1374328,0x00000000f5600000)
  from space 87040K, 0% used [0x00000000f5600000,0x00000000f5600000,0x00000000fab00000)
  to   space 87040K, 0% used [0x00000000fab00000,0x00000000fab00000,0x0000000100000000)
 ParOldGen       total 880128K, used 14320K [0x0000000080000000, 0x00000000b5b80000, 0x00000000d5580000)
  object space 880128K, 1% used [0x0000000080000000,0x0000000080dfc2e8,0x00000000b5b80000)
 Metaspace       used 34592K, capacity 34970K, committed 35416K, reserved 1081344K
  class space    used 3945K, capacity 4061K, committed 4096K, reserved 1048576K
Event: 4.421 GC heap after
Heap after GC invocations=3 (full 1):
 PSYoungGen      total 611840K, used 18832K [0x00000000d5580000, 0x0000000100000000, 0x0000000100000000)
  eden space 524800K, 0% used [0x00000000d5580000,0x00000000d5580000,0x00000000f5600000)
  from space 87040K, 21% used [0x00000000fab00000,0x00000000fbd64350,0x0000000100000000)
  to   space 87040K, 0% used [0x00000000f5600000,0x00000000f5600000,0x00000000fab00000)
 ParOldGen       total 880128K, used 14320K [0x0000000080000000, 0x00000000b5b80000, 0x00000000d5580000)
  object space 880128K, 1% used [0x0000000080000000,0x0000000080dfc2e8,0x00000000b5b80000)
 Metaspace       used 34592K, capacity 34970K, committed 35416K, reserved 1081344K
  class space    used 3945K, capacity 4061K, committed 4096K, reserved 1048576K
}
Event: 4.421 GC heap before
{Heap before GC invocations=4 (full 2):
 PSYoungGen      total 611840K, used 18832K [0x00000000d5580000, 0x0000000100000000, 0x0000000100000000)
  eden space 524800K, 0% used [0x00000000d5580000,0x00000000d5580000,0x00000000f5600000)
  from space 87040K, 21% used [0x00000000fab00000,0x00000000fbd64350,0x0000000100000000)
  to   space 87040K, 0% used [0x00000000f5600000,0x00000000f5600000,0x00000000fab00000)
 ParOldGen       total 880128K, used 14320K [0x0000000080000000, 0x00000000b5b80000, 0x00000000d5580000)
  object space 880128K, 1% used [0x0000000080000000,0x0000000080dfc2e8,0x00000000b5b80000)
 Metaspace       used 34592K, capacity 34970K, committed 35416K, reserved 1081344K
  class space    used 3945K, capacity 4061K, committed 4096K, reserved 1048576K
Event: 4.524 GC heap after
Heap after GC invocations=4 (full 2):
 PSYoungGen      total 611840K, used 0K [0x00000000d5580000, 0x0000000100000000, 0x0000000100000000)
  eden space 524800K, 0% used [0x00000000d5580000,0x00000000d5580000,0x00000000f5600000)
  from space 87040K, 0% used [0x00000000fab00000,0x00000000fab00000,0x0000000100000000)
  to   space 87040K, 0% used [0x00000000f5600000,0x00000000f5600000,0x00000000fab00000)
 ParOldGen       total 1398272K, used 23371K [0x0000000080000000, 0x00000000d5580000, 0x00000000d5580000)
  object space 1398272K, 1% used [0x0000000080000000,0x00000000816d2df0,0x00000000d5580000)
 Metaspace       used 34592K, capacity 34970K, committed 35416K, reserved 1081344K
  class space    used 3945K, capacity 4061K, committed 4096K, reserved 1048576K
}
Event: 10.421 GC heap before
{Heap before GC invocations=5 (full 2):
 PSYoungGen      total 611840K, used 524800K [0x00000000d5580000, 0x0000000100000000, 0x0000000100000000)
  eden space 524800K, 100% used [0x00000000d5580000,0x00000000f5600000,0x00000000f5600000)
  from space 87040K, 0% used [0x00000000fab00000,0x00000000fab00000,0x0000000100000000)
  to   space 87040K, 0% used [0x00000000f5600000,0x00000000f5600000,0x00000000fab00000)
 ParOldGen       total 1398272K, used 23371K [0x0000000080000000, 0x00000000d5580000, 0x00000000d5580000)
  object space 1398272K, 1% used [0x0000000080000000,0x00000000816d2df0,0x00000000d5580000)
 Metaspace       used 52965K, capacity 54152K, committed 54272K, reserved 1097728K
  class space    used 6154K, capacity 6378K, committed 6400K, reserved 1048576K
Event: 10.480 GC heap after
Heap after GC invocations=5 (full 2):
 PSYoungGen      total 611840K, used 24613K [0x00000000d5580000, 0x0000000100000000, 0x0000000100000000)
  eden space 524800K, 0% used [0x00000000d5580000,0x00000000d5580000,0x00000000f5600000)
  from space 87040K, 28% used [0x00000000f5600000,0x00000000f6e094c8,0x00000000fab00000)
  to   space 87040K, 0% used [0x00000000fab00000,0x00000000fab00000,0x0000000100000000)
 ParOldGen       total 1398272K, used 23379K [0x0000000080000000, 0x00000000d5580000, 0x00000000d5580000)
  object space 1398272K, 1% used [0x0000000080000000,0x00000000816d4df0,0x00000000d5580000)
 Metaspace       used 52965K, capacity 54152K, committed 54272K, reserved 1097728K
  class space    used 6154K, capacity 6378K, committed 6400K, reserved 1048576K
}
Event: 11.103 GC heap before
{Heap before GC invocations=6 (full 2):
 PSYoungGen      total 611840K, used 157049K [0x00000000d5580000, 0x0000000100000000, 0x0000000100000000)
  eden space 524800K, 25% used [0x00000000d5580000,0x00000000dd6d50d0,0x00000000f5600000)
  from space 87040K, 28% used [0x00000000f5600000,0x00000000f6e094c8,0x00000000fab00000)
  to   space 87040K, 0% used [0x00000000fab00000,0x00000000fab00000,0x0000000100000000)
 ParOldGen       total 1398272K, used 23379K [0x0000000080000000, 0x00000000d5580000, 0x00000000d5580000)
  object space 1398272K, 1% used [0x0000000080000000,0x00000000816d4df0,0x00000000d5580000)
 Metaspace       used 57496K, capacity 58898K, committed 59028K, reserved 1101824K
  class space    used 6663K, capacity 6907K, committed 6912K, reserved 1048576K
Event: 11.135 GC heap after
Heap after GC invocations=6 (full 2):
 PSYoungGen      total 611840K, used 15185K [0x00000000d5580000, 0x0000000100000000, 0x0000000100000000)
  eden space 524800K, 0% used [0x00000000d5580000,0x00000000d5580000,0x00000000f5600000)
  from space 87040K, 17% used [0x00000000fab00000,0x00000000fb9d4528,0x0000000100000000)
  to   space 87040K, 0% used [0x00000000f5600000,0x00000000f5600000,0x00000000fab00000)
 ParOldGen       total 1398272K, used 23387K [0x0000000080000000, 0x00000000d5580000, 0x00000000d5580000)
  object space 1398272K, 1% used [0x0000000080000000,0x00000000816d6df0,0x00000000d5580000)
 Metaspace       used 57496K, capacity 58898K, committed 59028K, reserved 1101824K
  class space    used 6663K, capacity 6907K, committed 6912K, reserved 1048576K
}
Event: 11.135 GC heap before
{Heap before GC invocations=7 (full 3):
 PSYoungGen      total 611840K, used 15185K [0x00000000d5580000, 0x0000000100000000, 0x0000000100000000)
  eden space 524800K, 0% used [0x00000000d5580000,0x00000000d5580000,0x00000000f5600000)
  from space 87040K, 17% used [0x00000000fab00000,0x00000000fb9d4528,0x0000000100000000)
  to   space 87040K, 0% used [0x00000000f5600000,0x00000000f5600000,0x00000000fab00000)
 ParOldGen       total 1398272K, used 23387K [0x0000000080000000, 0x00000000d5580000, 0x00000000d5580000)
  object space 1398272K, 1% used [0x0000000080000000,0x00000000816d6df0,0x00000000d5580000)
 Metaspace       used 57496K, capacity 58898K, committed 59028K, reserved 1101824K
  class space    used 6663K, capacity 6907K, committed 6912K, reserved 1048576K
Event: 11.408 GC heap after
Heap after GC invocations=7 (full 3):
 PSYoungGen      total 611840K, used 0K [0x00000000d5580000, 0x0000000100000000, 0x0000000100000000)
  eden space 524800K, 0% used [0x00000000d5580000,0x00000000d5580000,0x00000000f5600000)
  from space 87040K, 0% used [0x00000000fab00000,0x00000000fab00000,0x0000000100000000)
  to   space 87040K, 0% used [0x00000000f5600000,0x00000000f5600000,0x00000000fab00000)
 ParOldGen       total 1398272K, used 26702K [0x0000000080000000, 0x00000000d5580000, 0x00000000d5580000)
  object space 1398272K, 1% used [0x0000000080000000,0x0000000081a13820,0x00000000d5580000)
 Metaspace       used 57452K, capacity 58790K, committed 59028K, reserved 1101824K
  class space    used 6647K, capacity 6879K, committed 6912K, reserved 1048576K
}

