# JRE version: OpenJDK Runtime Environment (8.0_212-b04) (build 1.8.0_212-b04)
# Java VM: OpenJDK 64-Bit Server VM (25.212-b04 mixed mode linux-amd64 compressed oops)
Heap:
 PSYoungGen      total 611840K, used 450550K [0x00000000d5580000, 0x0000000100000000, 0x0000000100000000)
  eden space 524800K, 85% used [0x00000000d5580000,0x00000000f0d7d838,0x00000000f5600000)
  from space 87040K, 0% used [0x00000000fab00000,0x00000000fab00000,0x0000000100000000)
  to   space 87040K, 0% used [0x00000000f5600000,0x00000000f5600000,0x00000000fab00000)
 ParOldGen       total 1398272K, used 43261K [0x0000000080000000, 0x00000000d5580000, 0x00000000d5580000)
  object space 1398272K, 3% used [0x0000000080000000,0x0000000082a3f728,0x00000000d5580000)
 Metaspace       used 64346K, capacity 68624K, committed 68736K, reserved 1110016K
  class space    used 7541K, capacity 8264K, committed 8320K, reserved 1048576K
GC Heap History (10 events):
Event: 4.417 GC heap before
{Heap before GC invocations=3 (full 1):
 PSYoungGen      total 611840K, used 424047K [0x00000000d5580000, 0x0000000100000000, 0x0000000100000000)
  eden space 524800K, 80% used [0x00000000d5580000,0x00000000ef39bcb8,0x00000000f5600000)
  from space 87040K, 0% used [0x00000000f5600000,0x00000000f5600000,0x00000000fab00000)
  to   space 87040K, 0% used [0x00000000fab00000,0x00000000fab00000,0x0000000100000000)
 ParOldGen       total 849408K, used 13850K [0x0000000080000000, 0x00000000b3d80000, 0x00000000d5580000)
  object space 849408K, 1% used [0x0000000080000000,0x0000000080d86a40,0x00000000b3d80000)
 Metaspace       used 34750K, capacity 35092K, committed 35416K, reserved 1081344K
  class space    used 3963K, capacity 4060K, committed 4096K, reserved 1048576K
Event: 4.453 GC heap after
Heap after GC invocations=3 (full 1):
 PSYoungGen      total 611840K, used 19101K [0x00000000d5580000, 0x0000000100000000, 0x0000000100000000)
  eden space 524800K, 0% used [0x00000000d5580000,0x00000000d5580000,0x00000000f5600000)
  from space 87040K, 21% used [0x00000000fab00000,0x00000000fbda7480,0x0000000100000000)
  to   space 87040K, 0% used [0x00000000f5600000,0x00000000f5600000,0x00000000fab00000)
 ParOldGen       total 849408K, used 13858K [0x0000000080000000, 0x00000000b3d80000, 0x00000000d5580000)
  object space 849408K, 1% used [0x0000000080000000,0x0000000080d88a40,0x00000000b3d80000)
 Metaspace       used 34750K, capacity 35092K, committed 35416K, reserved 1081344K
  class space    used 3963K, capacity 4060K, committed 4096K, reserved 1048576K
}
Event: 4.453 GC heap before
{Heap before GC invocations=4 (full 2):
 PSYoungGen      total 611840K, used 19101K [0x00000000d5580000, 0x0000000100000000, 0x0000000100000000)
  eden space 524800K, 0% used [0x00000000d5580000,0x00000000d5580000,0x00000000f5600000)
  from space 87040K, 21% used [0x00000000fab00000,0x00000000fbda7480,0x0000000100000000)
  to   space 87040K, 0% used [0x00000000f5600000,0x00000000f5600000,0x00000000fab00000)
 ParOldGen       total 849408K, used 13858K [0x0000000080000000, 0x00000000b3d80000, 0x00000000d5580000)
  object space 849408K, 1% used [0x0000000080000000,0x0000000080d88a40,0x00000000b3d80000)
 Metaspace       used 34750K, capacity 35092K, committed 35416K, reserved 1081344K
  class space    used 3963K, capacity 4060K, committed 4096K, reserved 1048576K
Event: 4.541 GC heap after
Heap after GC invocations=4 (full 2):
 PSYoungGen      total 611840K, used 0K [0x00000000d5580000, 0x0000000100000000, 0x0000000100000000)
  eden space 524800K, 0% used [0x00000000d5580000,0x00000000d5580000,0x00000000f5600000)
  from space 87040K, 0% used [0x00000000fab00000,0x00000000fab00000,0x0000000100000000)
  to   space 87040K, 0% used [0x00000000f5600000,0x00000000f5600000,0x00000000fab00000)
 ParOldGen       total 1398272K, used 23534K [0x0000000080000000, 0x00000000d5580000, 0x00000000d5580000)
  object space 1398272K, 1% used [0x0000000080000000,0x00000000816fb9e0,0x00000000d5580000)
 Metaspace       used 34750K, capacity 35092K, committed 35416K, reserved 1081344K
  class space    used 3963K, capacity 4060K, committed 4096K, reserved 1048576K
}
Event: 7.972 GC heap before
{Heap before GC invocations=5 (full 2):
 PSYoungGen      total 611840K, used 524800K [0x00000000d5580000, 0x0000000100000000, 0x0000000100000000)
  eden space 524800K, 100% used [0x00000000d5580000,0x00000000f5600000,0x00000000f5600000)
  from space 87040K, 0% used [0x00000000fab00000,0x00000000fab00000,0x0000000100000000)
  to   space 87040K, 0% used [0x00000000f5600000,0x00000000f5600000,0x00000000fab00000)
 ParOldGen       total 1398272K, used 23534K [0x0000000080000000, 0x00000000d5580000, 0x00000000d5580000)
  object space 1398272K, 1% used [0x0000000080000000,0x00000000816fb9e0,0x00000000d5580000)
 Metaspace       used 44951K, capacity 45966K, committed 46208K, reserved 1089536K
  class space    used 5176K, capacity 5409K, committed 5504K, reserved 1048576K
Event: 8.019 GC heap after
Heap after GC invocations=5 (full 2):
 PSYoungGen      total 611840K, used 20482K [0x00000000d5580000, 0x0000000100000000, 0x0000000100000000)
  eden space 524800K, 0% used [0x00000000d5580000,0x00000000d5580000,0x00000000f5600000)
  from space 87040K, 23% used [0x00000000f5600000,0x00000000f6a00be8,0x00000000fab00000)
  to   space 87040K, 0% used [0x00000000fab00000,0x00000000fab00000,0x0000000100000000)
 ParOldGen       total 1398272K, used 23542K [0x0000000080000000, 0x00000000d5580000, 0x00000000d5580000)
  object space 1398272K, 1% used [0x0000000080000000,0x00000000816fd9e0,0x00000000d5580000)
 Metaspace       used 44951K, capacity 45966K, committed 46208K, reserved 1089536K
  class space    used 5176K, capacity 5409K, committed 5504K, reserved 1048576K
}
Event: 13.230 GC heap before
{Heap before GC invocations=6 (full 2):
 PSYoungGen      total 611840K, used 274147K [0x00000000d5580000, 0x0000000100000000, 0x0000000100000000)
  eden space 524800K, 48% used [0x00000000d5580000,0x00000000e4d38308,0x00000000f5600000)
  from space 87040K, 23% used [0x00000000f5600000,0x00000000f6a00be8,0x00000000fab00000)
  to   space 87040K, 0% used [0x00000000fab00000,0x00000000fab00000,0x0000000100000000)
 ParOldGen       total 1398272K, used 23542K [0x0000000080000000, 0x00000000d5580000, 0x00000000d5580000)
  object space 1398272K, 1% used [0x0000000080000000,0x00000000816fd9e0,0x00000000d5580000)
 Metaspace       used 57349K, capacity 58904K, committed 59028K, reserved 1101824K
  class space    used 6568K, capacity 6856K, committed 6912K, reserved 1048576K
Event: 13.324 GC heap after
Heap after GC invocations=6 (full 2):
 PSYoungGen      total 611840K, used 32080K [0x00000000d5580000, 0x0000000100000000, 0x0000000100000000)
  eden space 524800K, 0% used [0x00000000d5580000,0x00000000d5580000,0x00000000f5600000)
  from space 87040K, 36% used [0x00000000fab00000,0x00000000fca54230,0x0000000100000000)
  to   space 87040K, 0% used [0x00000000f5600000,0x00000000f5600000,0x00000000fab00000)
 ParOldGen       total 1398272K, used 23550K [0x0000000080000000, 0x00000000d5580000, 0x00000000d5580000)
  object space 1398272K, 1% used [0x0000000080000000,0x00000000816ff9e0,0x00000000d5580000)
 Metaspace       used 57349K, capacity 58904K, committed 59028K, reserved 1101824K
  class space    used 6568K, capacity 6856K, committed 6912K, reserved 1048576K
}
Event: 13.324 GC heap before
{Heap before GC invocations=7 (full 3):
 PSYoungGen      total 611840K, used 32080K [0x00000000d5580000, 0x0000000100000000, 0x0000000100000000)
  eden space 524800K, 0% used [0x00000000d5580000,0x00000000d5580000,0x00000000f5600000)
  from space 87040K, 36% used [0x00000000fab00000,0x00000000fca54230,0x0000000100000000)
  to   space 87040K, 0% used [0x00000000f5600000,0x00000000f5600000,0x00000000fab00000)
 ParOldGen       total 1398272K, used 23550K [0x0000000080000000, 0x00000000d5580000, 0x00000000d5580000)
  object space 1398272K, 1% used [0x0000000080000000,0x00000000816ff9e0,0x00000000d5580000)
 Metaspace       used 57349K, capacity 58904K, committed 59028K, reserved 1101824K
  class space    used 6568K, capacity 6856K, committed 6912K, reserved 1048576K
Event: 13.697 GC heap after
Heap after GC invocations=7 (full 3):
 PSYoungGen      total 611840K, used 0K [0x00000000d5580000, 0x0000000100000000, 0x0000000100000000)
  eden space 524800K, 0% used [0x00000000d5580000,0x00000000d5580000,0x00000000f5600000)
  from space 87040K, 0% used [0x00000000fab00000,0x00000000fab00000,0x0000000100000000)
  to   space 87040K, 0% used [0x00000000f5600000,0x00000000f5600000,0x00000000fab00000)
 ParOldGen       total 1398272K, used 43261K [0x0000000080000000, 0x00000000d5580000, 0x00000000d5580000)
  object space 1398272K, 3% used [0x0000000080000000,0x0000000082a3f728,0x00000000d5580000)
 Metaspace       used 57305K, capacity 58794K, committed 59028K, reserved 1101824K
  class space    used 6552K, capacity 6829K, committed 6912K, reserved 1048576K
}

