# JRE version: OpenJDK Runtime Environment (8.0_212-b04) (build 1.8.0_212-b04)
# Java VM: OpenJDK 64-Bit Server VM (25.212-b04 mixed mode linux-amd64 compressed oops)
Heap:
 PSYoungGen      total 499200K, used 140692K [0x00000000d5580000, 0x0000000100000000, 0x0000000100000000)
  eden space 412160K, 13% used [0x00000000d5580000,0x00000000d89e8ba0,0x00000000ee800000)
  from space 87040K, 99% used [0x00000000fab00000,0x00000000ffffc750,0x0000000100000000)
  to   space 143360K, 0% used [0x00000000ee800000,0x00000000ee800000,0x00000000f7400000)
 ParOldGen       total 1398272K, used 107841K [0x0000000080000000, 0x00000000d5580000, 0x00000000d5580000)
  object space 1398272K, 7% used [0x0000000080000000,0x00000000869504f0,0x00000000d5580000)
 Metaspace       used 71214K, capacity 75000K, committed 75136K, reserved 1116160K
  class space    used 7870K, capacity 8526K, committed 8576K, reserved 1048576K
GC Heap History (10 events):
Event: 24.056 GC heap before
{Heap before GC invocations=5 (full 2):
 PSYoungGen      total 611840K, used 513973K [0x00000000d5580000, 0x0000000100000000, 0x0000000100000000)
  eden space 524800K, 97% used [0x00000000d5580000,0x00000000f4b6d7c8,0x00000000f5600000)
  from space 87040K, 0% used [0x00000000fab00000,0x00000000fab00000,0x0000000100000000)
  to   space 87040K, 0% used [0x00000000f5600000,0x00000000f5600000,0x00000000fab00000)
 ParOldGen       total 1398272K, used 23499K [0x0000000080000000, 0x00000000d5580000, 0x00000000d5580000)
  object space 1398272K, 1% used [0x0000000080000000,0x00000000816f2f30,0x00000000d5580000)
 Metaspace       used 57631K, capacity 58978K, committed 59028K, reserved 1101824K
  class space    used 6651K, capacity 6907K, committed 6912K, reserved 1048576K
Event: 24.112 GC heap after
Heap after GC invocations=5 (full 2):
 PSYoungGen      total 611840K, used 34408K [0x00000000d5580000, 0x0000000100000000, 0x0000000100000000)
  eden space 524800K, 0% used [0x00000000d5580000,0x00000000d5580000,0x00000000f5600000)
  from space 87040K, 39% used [0x00000000f5600000,0x00000000f779a110,0x00000000fab00000)
  to   space 87040K, 0% used [0x00000000fab00000,0x00000000fab00000,0x0000000100000000)
 ParOldGen       total 1398272K, used 23507K [0x0000000080000000, 0x00000000d5580000, 0x00000000d5580000)
  object space 1398272K, 1% used [0x0000000080000000,0x00000000816f4f30,0x00000000d5580000)
 Metaspace       used 57631K, capacity 58978K, committed 59028K, reserved 1101824K
  class space    used 6651K, capacity 6907K, committed 6912K, reserved 1048576K
}
Event: 24.112 GC heap before
{Heap before GC invocations=6 (full 3):
 PSYoungGen      total 611840K, used 34408K [0x00000000d5580000, 0x0000000100000000, 0x0000000100000000)
  eden space 524800K, 0% used [0x00000000d5580000,0x00000000d5580000,0x00000000f5600000)
  from space 87040K, 39% used [0x00000000f5600000,0x00000000f779a110,0x00000000fab00000)
  to   space 87040K, 0% used [0x00000000fab00000,0x00000000fab00000,0x0000000100000000)
 ParOldGen       total 1398272K, used 23507K [0x0000000080000000, 0x00000000d5580000, 0x00000000d5580000)
  object space 1398272K, 1% used [0x0000000080000000,0x00000000816f4f30,0x00000000d5580000)
 Metaspace       used 57631K, capacity 58978K, committed 59028K, reserved 1101824K
  class space    used 6651K, capacity 6907K, committed 6912K, reserved 1048576K
Event: 24.368 GC heap after
Heap after GC invocations=6 (full 3):
 PSYoungGen      total 611840K, used 0K [0x00000000d5580000, 0x0000000100000000, 0x0000000100000000)
  eden space 524800K, 0% used [0x00000000d5580000,0x00000000d5580000,0x00000000f5600000)
  from space 87040K, 0% used [0x00000000f5600000,0x00000000f5600000,0x00000000fab00000)
  to   space 87040K, 0% used [0x00000000fab00000,0x00000000fab00000,0x0000000100000000)
 ParOldGen       total 1398272K, used 44938K [0x0000000080000000, 0x00000000d5580000, 0x00000000d5580000)
  object space 1398272K, 3% used [0x0000000080000000,0x0000000082be2838,0x00000000d5580000)
 Metaspace       used 57614K, capacity 58942K, committed 59028K, reserved 1101824K
  class space    used 6646K, capacity 6899K, committed 6912K, reserved 1048576K
}
Event: 127.253 GC heap before
{Heap before GC invocations=7 (full 3):
 PSYoungGen      total 611840K, used 524800K [0x00000000d5580000, 0x0000000100000000, 0x0000000100000000)
  eden space 524800K, 100% used [0x00000000d5580000,0x00000000f5600000,0x00000000f5600000)
  from space 87040K, 0% used [0x00000000f5600000,0x00000000f5600000,0x00000000fab00000)
  to   space 87040K, 0% used [0x00000000fab00000,0x00000000fab00000,0x0000000100000000)
 ParOldGen       total 1398272K, used 44938K [0x0000000080000000, 0x00000000d5580000, 0x00000000d5580000)
  object space 1398272K, 3% used [0x0000000080000000,0x0000000082be2838,0x00000000d5580000)
 Metaspace       used 67449K, capacity 70612K, committed 70784K, reserved 1112064K
  class space    used 7691K, capacity 8244K, committed 8320K, reserved 1048576K
Event: 127.396 GC heap after
Heap after GC invocations=7 (full 3):
 PSYoungGen      total 611840K, used 52553K [0x00000000d5580000, 0x0000000100000000, 0x0000000100000000)
  eden space 524800K, 0% used [0x00000000d5580000,0x00000000d5580000,0x00000000f5600000)
  from space 87040K, 60% used [0x00000000fab00000,0x00000000fde52510,0x0000000100000000)
  to   space 87040K, 0% used [0x00000000f5600000,0x00000000f5600000,0x00000000fab00000)
 ParOldGen       total 1398272K, used 44946K [0x0000000080000000, 0x00000000d5580000, 0x00000000d5580000)
  object space 1398272K, 3% used [0x0000000080000000,0x0000000082be4838,0x00000000d5580000)
 Metaspace       used 67449K, capacity 70612K, committed 70784K, reserved 1112064K
  class space    used 7691K, capacity 8244K, committed 8320K, reserved 1048576K
}
Event: 378.630 GC heap before
{Heap before GC invocations=8 (full 3):
 PSYoungGen      total 611840K, used 577353K [0x00000000d5580000, 0x0000000100000000, 0x0000000100000000)
  eden space 524800K, 100% used [0x00000000d5580000,0x00000000f5600000,0x00000000f5600000)
  from space 87040K, 60% used [0x00000000fab00000,0x00000000fde52510,0x0000000100000000)
  to   space 87040K, 0% used [0x00000000f5600000,0x00000000f5600000,0x00000000fab00000)
 ParOldGen       total 1398272K, used 44946K [0x0000000080000000, 0x00000000d5580000, 0x00000000d5580000)
  object space 1398272K, 3% used [0x0000000080000000,0x0000000082be4838,0x00000000d5580000)
 Metaspace       used 69728K, capacity 73212K, committed 73472K, reserved 1114112K
  class space    used 7792K, capacity 8418K, committed 8448K, reserved 1048576K
Event: 378.828 GC heap after
Heap after GC invocations=8 (full 3):
 PSYoungGen      total 604672K, used 87026K [0x00000000d5580000, 0x0000000100000000, 0x0000000100000000)
  eden space 517632K, 0% used [0x00000000d5580000,0x00000000d5580000,0x00000000f4f00000)
  from space 87040K, 99% used [0x00000000f5600000,0x00000000faafc8b8,0x00000000fab00000)
  to   space 87040K, 0% used [0x00000000fab00000,0x00000000fab00000,0x0000000100000000)
 ParOldGen       total 1398272K, used 56497K [0x0000000080000000, 0x00000000d5580000, 0x00000000d5580000)
  object space 1398272K, 4% used [0x0000000080000000,0x000000008372c4c0,0x00000000d5580000)
 Metaspace       used 69728K, capacity 73212K, committed 73472K, reserved 1114112K
  class space    used 7792K, capacity 8418K, committed 8448K, reserved 1048576K
}
Event: 677.748 GC heap before
{Heap before GC invocations=9 (full 3):
 PSYoungGen      total 604672K, used 604658K [0x00000000d5580000, 0x0000000100000000, 0x0000000100000000)
  eden space 517632K, 100% used [0x00000000d5580000,0x00000000f4f00000,0x00000000f4f00000)
  from space 87040K, 99% used [0x00000000f5600000,0x00000000faafc8b8,0x00000000fab00000)
  to   space 87040K, 0% used [0x00000000fab00000,0x00000000fab00000,0x0000000100000000)
 ParOldGen       total 1398272K, used 56497K [0x0000000080000000, 0x00000000d5580000, 0x00000000d5580000)
  object space 1398272K, 4% used [0x0000000080000000,0x000000008372c4c0,0x00000000d5580000)
 Metaspace       used 71121K, capacity 74932K, committed 75136K, reserved 1116160K
  class space    used 7870K, capacity 8526K, committed 8576K, reserved 1048576K
Event: 678.030 GC heap after
Heap after GC invocations=9 (full 3):
 PSYoungGen      total 499200K, used 87025K [0x00000000d5580000, 0x0000000100000000, 0x0000000100000000)
  eden space 412160K, 0% used [0x00000000d5580000,0x00000000d5580000,0x00000000ee800000)
  from space 87040K, 99% used [0x00000000fab00000,0x00000000ffffc750,0x0000000100000000)
  to   space 143360K, 0% used [0x00000000ee800000,0x00000000ee800000,0x00000000f7400000)
 ParOldGen       total 1398272K, used 107841K [0x0000000080000000, 0x00000000d5580000, 0x00000000d5580000)
  object space 1398272K, 7% used [0x0000000080000000,0x00000000869504f0,0x00000000d5580000)
 Metaspace       used 71121K, capacity 74932K, committed 75136K, reserved 1116160K
  class space    used 7870K, capacity 8526K, committed 8576K, reserved 1048576K
}

