# JRE version: OpenJDK Runtime Environment (8.0_212-b04) (build 1.8.0_212-b04)
# Java VM: OpenJDK 64-Bit Server VM (25.212-b04 mixed mode linux-amd64 compressed oops)
Heap:
 PSYoungGen      total 591360K, used 165537K [0x00000000d5580000, 0x00000000fc200000, 0x0000000100000000)
  eden space 524800K, 18% used [0x00000000d5580000,0x00000000db67b348,0x00000000f5600000)
  from space 66560K, 99% used [0x00000000f5600000,0x00000000f96ad108,0x00000000f9700000)
  to   space 44032K, 0% used [0x00000000f9700000,0x00000000f9700000,0x00000000fc200000)
 ParOldGen       total 1398272K, used 32572K [0x0000000080000000, 0x00000000d5580000, 0x00000000d5580000)
  object space 1398272K, 2% used [0x0000000080000000,0x0000000081fcf110,0x00000000d5580000)
 Metaspace       used 77058K, capacity 79986K, committed 80256K, reserved 1120256K
  class space    used 8963K, capacity 9511K, committed 9600K, reserved 1048576K
GC Heap History (10 events):
Event: 4.418 GC heap before
{Heap before GC invocations=4 (full 2):
 PSYoungGen      total 611840K, used 19450K [0x00000000d5580000, 0x0000000100000000, 0x0000000100000000)
  eden space 524800K, 0% used [0x00000000d5580000,0x00000000d5580000,0x00000000f5600000)
  from space 87040K, 22% used [0x00000000fab00000,0x00000000fbdfe8d0,0x0000000100000000)
  to   space 87040K, 0% used [0x00000000f5600000,0x00000000f5600000,0x00000000fab00000)
 ParOldGen       total 878592K, used 13523K [0x0000000080000000, 0x00000000b5a00000, 0x00000000d5580000)
  object space 878592K, 1% used [0x0000000080000000,0x0000000080d34c98,0x00000000b5a00000)
 Metaspace       used 34741K, capacity 35018K, committed 35416K, reserved 1081344K
  class space    used 4186K, capacity 4289K, committed 4352K, reserved 1048576K
Event: 4.582 GC heap after
Heap after GC invocations=4 (full 2):
 PSYoungGen      total 611840K, used 0K [0x00000000d5580000, 0x0000000100000000, 0x0000000100000000)
  eden space 524800K, 0% used [0x00000000d5580000,0x00000000d5580000,0x00000000f5600000)
  from space 87040K, 0% used [0x00000000fab00000,0x00000000fab00000,0x0000000100000000)
  to   space 87040K, 0% used [0x00000000f5600000,0x00000000f5600000,0x00000000fab00000)
 ParOldGen       total 1398272K, used 24264K [0x0000000080000000, 0x00000000d5580000, 0x00000000d5580000)
  object space 1398272K, 1% used [0x0000000080000000,0x00000000817b21d0,0x00000000d5580000)
 Metaspace       used 34741K, capacity 35018K, committed 35416K, reserved 1081344K
  class space    used 4186K, capacity 4289K, committed 4352K, reserved 1048576K
}
Event: 7.118 GC heap before
{Heap before GC invocations=5 (full 2):
 PSYoungGen      total 611840K, used 524800K [0x00000000d5580000, 0x0000000100000000, 0x0000000100000000)
  eden space 524800K, 100% used [0x00000000d5580000,0x00000000f5600000,0x00000000f5600000)
  from space 87040K, 0% used [0x00000000fab00000,0x00000000fab00000,0x0000000100000000)
  to   space 87040K, 0% used [0x00000000f5600000,0x00000000f5600000,0x00000000fab00000)
 ParOldGen       total 1398272K, used 24264K [0x0000000080000000, 0x00000000d5580000, 0x00000000d5580000)
  object space 1398272K, 1% used [0x0000000080000000,0x00000000817b21d0,0x00000000d5580000)
 Metaspace       used 49278K, capacity 50108K, committed 50432K, reserved 1093632K
  class space    used 5862K, capacity 6052K, committed 6144K, reserved 1048576K
Event: 7.169 GC heap after
Heap after GC invocations=5 (full 2):
 PSYoungGen      total 611840K, used 20189K [0x00000000d5580000, 0x0000000100000000, 0x0000000100000000)
  eden space 524800K, 0% used [0x00000000d5580000,0x00000000d5580000,0x00000000f5600000)
  from space 87040K, 23% used [0x00000000f5600000,0x00000000f69b7480,0x00000000fab00000)
  to   space 87040K, 0% used [0x00000000fab00000,0x00000000fab00000,0x0000000100000000)
 ParOldGen       total 1398272K, used 24272K [0x0000000080000000, 0x00000000d5580000, 0x00000000d5580000)
  object space 1398272K, 1% used [0x0000000080000000,0x00000000817b41d0,0x00000000d5580000)
 Metaspace       used 49278K, capacity 50108K, committed 50432K, reserved 1093632K
  class space    used 5862K, capacity 6052K, committed 6144K, reserved 1048576K
}
Event: 11.459 GC heap before
{Heap before GC invocations=6 (full 2):
 PSYoungGen      total 611840K, used 322656K [0x00000000d5580000, 0x0000000100000000, 0x0000000100000000)
  eden space 524800K, 57% used [0x00000000d5580000,0x00000000e7ce0d28,0x00000000f5600000)
  from space 87040K, 23% used [0x00000000f5600000,0x00000000f69b7480,0x00000000fab00000)
  to   space 87040K, 0% used [0x00000000fab00000,0x00000000fab00000,0x0000000100000000)
 ParOldGen       total 1398272K, used 24272K [0x0000000080000000, 0x00000000d5580000, 0x00000000d5580000)
  object space 1398272K, 1% used [0x0000000080000000,0x00000000817b41d0,0x00000000d5580000)
 Metaspace       used 57820K, capacity 58982K, committed 59028K, reserved 1101824K
  class space    used 6941K, capacity 7165K, committed 7168K, reserved 1048576K
Event: 11.507 GC heap after
Heap after GC invocations=6 (full 2):
 PSYoungGen      total 611840K, used 20046K [0x00000000d5580000, 0x0000000100000000, 0x0000000100000000)
  eden space 524800K, 0% used [0x00000000d5580000,0x00000000d5580000,0x00000000f5600000)
  from space 87040K, 23% used [0x00000000fab00000,0x00000000fbe939b8,0x0000000100000000)
  to   space 87040K, 0% used [0x00000000f5600000,0x00000000f5600000,0x00000000fab00000)
 ParOldGen       total 1398272K, used 24280K [0x0000000080000000, 0x00000000d5580000, 0x00000000d5580000)
  object space 1398272K, 1% used [0x0000000080000000,0x00000000817b61d0,0x00000000d5580000)
 Metaspace       used 57820K, capacity 58982K, committed 59028K, reserved 1101824K
  class space    used 6941K, capacity 7165K, committed 7168K, reserved 1048576K
}
Event: 11.507 GC heap before
{Heap before GC invocations=7 (full 3):
 PSYoungGen      total 611840K, used 20046K [0x00000000d5580000, 0x0000000100000000, 0x0000000100000000)
  eden space 524800K, 0% used [0x00000000d5580000,0x00000000d5580000,0x00000000f5600000)
  from space 87040K, 23% used [0x00000000fab00000,0x00000000fbe939b8,0x0000000100000000)
  to   space 87040K, 0% used [0x00000000f5600000,0x00000000f5600000,0x00000000fab00000)
 ParOldGen       total 1398272K, used 24280K [0x0000000080000000, 0x00000000d5580000, 0x00000000d5580000)
  object space 1398272K, 1% used [0x0000000080000000,0x00000000817b61d0,0x00000000d5580000)
 Metaspace       used 57820K, capacity 58982K, committed 59028K, reserved 1101824K
  class space    used 6941K, capacity 7165K, committed 7168K, reserved 1048576K
Event: 11.758 GC heap after
Heap after GC invocations=7 (full 3):
 PSYoungGen      total 611840K, used 0K [0x00000000d5580000, 0x0000000100000000, 0x0000000100000000)
  eden space 524800K, 0% used [0x00000000d5580000,0x00000000d5580000,0x00000000f5600000)
  from space 87040K, 0% used [0x00000000fab00000,0x00000000fab00000,0x0000000100000000)
  to   space 87040K, 0% used [0x00000000f5600000,0x00000000f5600000,0x00000000fab00000)
 ParOldGen       total 1398272K, used 32572K [0x0000000080000000, 0x00000000d5580000, 0x00000000d5580000)
  object space 1398272K, 2% used [0x0000000080000000,0x0000000081fcf110,0x00000000d5580000)
 Metaspace       used 57762K, capacity 58838K, committed 59028K, reserved 1101824K
  class space    used 6920K, capacity 7129K, committed 7168K, reserved 1048576K
}
Event: 24.227 GC heap before
{Heap before GC invocations=8 (full 3):
 PSYoungGen      total 611840K, used 523825K [0x00000000d5580000, 0x0000000100000000, 0x0000000100000000)
  eden space 524800K, 99% used [0x00000000d5580000,0x00000000f550c640,0x00000000f5600000)
  from space 87040K, 0% used [0x00000000fab00000,0x00000000fab00000,0x0000000100000000)
  to   space 87040K, 0% used [0x00000000f5600000,0x00000000f5600000,0x00000000fab00000)
 ParOldGen       total 1398272K, used 32572K [0x0000000080000000, 0x00000000d5580000, 0x00000000d5580000)
  object space 1398272K, 2% used [0x0000000080000000,0x0000000081fcf110,0x00000000d5580000)
 Metaspace       used 76559K, capacity 79244K, committed 79360K, reserved 1120256K
  class space    used 8917K, capacity 9432K, committed 9472K, reserved 1048576K
Event: 24.354 GC heap after
Heap after GC invocations=8 (full 3):
 PSYoungGen      total 591360K, used 66228K [0x00000000d5580000, 0x00000000fc200000, 0x0000000100000000)
  eden space 524800K, 0% used [0x00000000d5580000,0x00000000d5580000,0x00000000f5600000)
  from space 66560K, 99% used [0x00000000f5600000,0x00000000f96ad108,0x00000000f9700000)
  to   space 44032K, 0% used [0x00000000f9700000,0x00000000f9700000,0x00000000fc200000)
 ParOldGen       total 1398272K, used 32572K [0x0000000080000000, 0x00000000d5580000, 0x00000000d5580000)
  object space 1398272K, 2% used [0x0000000080000000,0x0000000081fcf110,0x00000000d5580000)
 Metaspace       used 76559K, capacity 79244K, committed 79360K, reserved 1120256K
  class space    used 8917K, capacity 9432K, committed 9472K, reserved 1048576K
}

