# JRE version: OpenJDK Runtime Environment (8.0_212-b04) (build 1.8.0_212-b04)
# Java VM: OpenJDK 64-Bit Server VM (25.212-b04 mixed mode linux-amd64 compressed oops)
Heap:
 PSYoungGen      total 608256K, used 173292K [0x00000000d5580000, 0x0000000100000000, 0x0000000100000000)
  eden space 526848K, 17% used [0x00000000d5580000,0x00000000daf776c8,0x00000000f5800000)
  from space 81408K, 99% used [0x00000000f5800000,0x00000000fa743a10,0x00000000fa780000)
  to   space 90624K, 0% used [0x00000000fa780000,0x00000000fa780000,0x0000000100000000)
 ParOldGen       total 1398272K, used 45630K [0x0000000080000000, 0x00000000d5580000, 0x00000000d5580000)
  object space 1398272K, 3% used [0x0000000080000000,0x0000000082c8fb70,0x00000000d5580000)
 Metaspace       used 68572K, capacity 71720K, committed 72064K, reserved 1114112K
  class space    used 7651K, capacity 8228K, committed 8320K, reserved 1048576K
GC Heap History (10 events):
Event: 11.581 GC heap before
{Heap before GC invocations=6 (full 2):
 PSYoungGen      total 611840K, used 170371K [0x00000000d5580000, 0x0000000100000000, 0x0000000100000000)
  eden space 524800K, 27% used [0x00000000d5580000,0x00000000de22dab0,0x00000000f5600000)
  from space 87040K, 30% used [0x00000000f5600000,0x00000000f6fb3328,0x00000000fab00000)
  to   space 87040K, 0% used [0x00000000fab00000,0x00000000fab00000,0x0000000100000000)
 ParOldGen       total 1398272K, used 23475K [0x0000000080000000, 0x00000000d5580000, 0x00000000d5580000)
  object space 1398272K, 1% used [0x0000000080000000,0x00000000816ecec8,0x00000000d5580000)
 Metaspace       used 57162K, capacity 58818K, committed 59008K, reserved 1101824K
  class space    used 6626K, capacity 6943K, committed 7040K, reserved 1048576K
Event: 11.611 GC heap after
Heap after GC invocations=6 (full 2):
 PSYoungGen      total 611840K, used 21142K [0x00000000d5580000, 0x0000000100000000, 0x0000000100000000)
  eden space 524800K, 0% used [0x00000000d5580000,0x00000000d5580000,0x00000000f5600000)
  from space 87040K, 24% used [0x00000000fab00000,0x00000000fbfa5a58,0x0000000100000000)
  to   space 87040K, 0% used [0x00000000f5600000,0x00000000f5600000,0x00000000fab00000)
 ParOldGen       total 1398272K, used 23483K [0x0000000080000000, 0x00000000d5580000, 0x00000000d5580000)
  object space 1398272K, 1% used [0x0000000080000000,0x00000000816eeec8,0x00000000d5580000)
 Metaspace       used 57162K, capacity 58818K, committed 59008K, reserved 1101824K
  class space    used 6626K, capacity 6943K, committed 7040K, reserved 1048576K
}
Event: 11.611 GC heap before
{Heap before GC invocations=7 (full 3):
 PSYoungGen      total 611840K, used 21142K [0x00000000d5580000, 0x0000000100000000, 0x0000000100000000)
  eden space 524800K, 0% used [0x00000000d5580000,0x00000000d5580000,0x00000000f5600000)
  from space 87040K, 24% used [0x00000000fab00000,0x00000000fbfa5a58,0x0000000100000000)
  to   space 87040K, 0% used [0x00000000f5600000,0x00000000f5600000,0x00000000fab00000)
 ParOldGen       total 1398272K, used 23483K [0x0000000080000000, 0x00000000d5580000, 0x00000000d5580000)
  object space 1398272K, 1% used [0x0000000080000000,0x00000000816eeec8,0x00000000d5580000)
 Metaspace       used 57162K, capacity 58818K, committed 59008K, reserved 1101824K
  class space    used 6626K, capacity 6943K, committed 7040K, reserved 1048576K
Event: 11.890 GC heap after
Heap after GC invocations=7 (full 3):
 PSYoungGen      total 611840K, used 0K [0x00000000d5580000, 0x0000000100000000, 0x0000000100000000)
  eden space 524800K, 0% used [0x00000000d5580000,0x00000000d5580000,0x00000000f5600000)
  from space 87040K, 0% used [0x00000000fab00000,0x00000000fab00000,0x0000000100000000)
  to   space 87040K, 0% used [0x00000000f5600000,0x00000000f5600000,0x00000000fab00000)
 ParOldGen       total 1398272K, used 32652K [0x0000000080000000, 0x00000000d5580000, 0x00000000d5580000)
  object space 1398272K, 2% used [0x0000000080000000,0x0000000081fe32a8,0x00000000d5580000)
 Metaspace       used 57036K, capacity 58474K, committed 59008K, reserved 1101824K
  class space    used 6582K, capacity 6865K, committed 7040K, reserved 1048576K
}
Event: 30.124 GC heap before
{Heap before GC invocations=8 (full 3):
 PSYoungGen      total 611840K, used 524800K [0x00000000d5580000, 0x0000000100000000, 0x0000000100000000)
  eden space 524800K, 100% used [0x00000000d5580000,0x00000000f5600000,0x00000000f5600000)
  from space 87040K, 0% used [0x00000000fab00000,0x00000000fab00000,0x0000000100000000)
  to   space 87040K, 0% used [0x00000000f5600000,0x00000000f5600000,0x00000000fab00000)
 ParOldGen       total 1398272K, used 32652K [0x0000000080000000, 0x00000000d5580000, 0x00000000d5580000)
  object space 1398272K, 2% used [0x0000000080000000,0x0000000081fe32a8,0x00000000d5580000)
 Metaspace       used 65173K, capacity 67836K, committed 68096K, reserved 1110016K
  class space    used 7424K, capacity 7922K, committed 7936K, reserved 1048576K
Event: 30.270 GC heap after
Heap after GC invocations=8 (full 3):
 PSYoungGen      total 611840K, used 87026K [0x00000000d5580000, 0x00000000ff300000, 0x0000000100000000)
  eden space 524800K, 0% used [0x00000000d5580000,0x00000000d5580000,0x00000000f5600000)
  from space 87040K, 99% used [0x00000000f5600000,0x00000000faafc8d8,0x00000000fab00000)
  to   space 73728K, 0% used [0x00000000fab00000,0x00000000fab00000,0x00000000ff300000)
 ParOldGen       total 1398272K, used 45622K [0x0000000080000000, 0x00000000d5580000, 0x00000000d5580000)
  object space 1398272K, 3% used [0x0000000080000000,0x0000000082c8db70,0x00000000d5580000)
 Metaspace       used 65173K, capacity 67836K, committed 68096K, reserved 1110016K
  class space    used 7424K, capacity 7922K, committed 7936K, reserved 1048576K
}
Event: 37.523 GC heap before
{Heap before GC invocations=9 (full 3):
 PSYoungGen      total 611840K, used 611826K [0x00000000d5580000, 0x00000000ff300000, 0x0000000100000000)
  eden space 524800K, 100% used [0x00000000d5580000,0x00000000f5600000,0x00000000f5600000)
  from space 87040K, 99% used [0x00000000f5600000,0x00000000faafc8d8,0x00000000fab00000)
  to   space 73728K, 0% used [0x00000000fab00000,0x00000000fab00000,0x00000000ff300000)
 ParOldGen       total 1398272K, used 45622K [0x0000000080000000, 0x00000000d5580000, 0x00000000d5580000)
  object space 1398272K, 3% used [0x0000000080000000,0x0000000082c8db70,0x00000000d5580000)
 Metaspace       used 66878K, capacity 69854K, committed 70144K, reserved 1112064K
  class space    used 7569K, capacity 8107K, committed 8192K, reserved 1048576K
Event: 37.599 GC heap after
Heap after GC invocations=9 (full 3):
 PSYoungGen      total 600576K, used 56804K [0x00000000d5580000, 0x0000000100000000, 0x0000000100000000)
  eden space 526848K, 0% used [0x00000000d5580000,0x00000000d5580000,0x00000000f5800000)
  from space 73728K, 77% used [0x00000000fab00000,0x00000000fe2792a0,0x00000000ff300000)
  to   space 84992K, 0% used [0x00000000f5800000,0x00000000f5800000,0x00000000fab00000)
 ParOldGen       total 1398272K, used 45630K [0x0000000080000000, 0x00000000d5580000, 0x00000000d5580000)
  object space 1398272K, 3% used [0x0000000080000000,0x0000000082c8fb70,0x00000000d5580000)
 Metaspace       used 66878K, capacity 69854K, committed 70144K, reserved 1112064K
  class space    used 7569K, capacity 8107K, committed 8192K, reserved 1048576K
}
Event: 79.312 GC heap before
{Heap before GC invocations=10 (full 3):
 PSYoungGen      total 600576K, used 583652K [0x00000000d5580000, 0x0000000100000000, 0x0000000100000000)
  eden space 526848K, 100% used [0x00000000d5580000,0x00000000f5800000,0x00000000f5800000)
  from space 73728K, 77% used [0x00000000fab00000,0x00000000fe2792a0,0x00000000ff300000)
  to   space 84992K, 0% used [0x00000000f5800000,0x00000000f5800000,0x00000000fab00000)
 ParOldGen       total 1398272K, used 45630K [0x0000000080000000, 0x00000000d5580000, 0x00000000d5580000)
  object space 1398272K, 3% used [0x0000000080000000,0x0000000082c8fb70,0x00000000d5580000)
 Metaspace       used 68132K, capacity 71302K, committed 71424K, reserved 1112064K
  class space    used 7619K, capacity 8157K, committed 8192K, reserved 1048576K
Event: 79.420 GC heap after
Heap after GC invocations=10 (full 3):
 PSYoungGen      total 608256K, used 81166K [0x00000000d5580000, 0x0000000100000000, 0x0000000100000000)
  eden space 526848K, 0% used [0x00000000d5580000,0x00000000d5580000,0x00000000f5800000)
  from space 81408K, 99% used [0x00000000f5800000,0x00000000fa743a10,0x00000000fa780000)
  to   space 90624K, 0% used [0x00000000fa780000,0x00000000fa780000,0x0000000100000000)
 ParOldGen       total 1398272K, used 45630K [0x0000000080000000, 0x00000000d5580000, 0x00000000d5580000)
  object space 1398272K, 3% used [0x0000000080000000,0x0000000082c8fb70,0x00000000d5580000)
 Metaspace       used 68132K, capacity 71302K, committed 71424K, reserved 1112064K
  class space    used 7619K, capacity 8157K, committed 8192K, reserved 1048576K
}

