# JRE version: OpenJDK Runtime Environment (8.0_212-b04) (build 1.8.0_212-b04)
# Java VM: OpenJDK 64-Bit Server VM (25.212-b04 mixed mode linux-amd64 compressed oops)
Heap:
 PSYoungGen      total 545280K, used 258994K [0x00000000d5580000, 0x00000000fab80000, 0x0000000100000000)
  eden space 524800K, 49% used [0x00000000d5580000,0x00000000e526ca90,0x00000000f5600000)
  from space 20480K, 0% used [0x00000000f5600000,0x00000000f5600000,0x00000000f6a00000)
  to   space 26624K, 0% used [0x00000000f9180000,0x00000000f9180000,0x00000000fab80000)
 ParOldGen       total 1398272K, used 31783K [0x0000000080000000, 0x00000000d5580000, 0x00000000d5580000)
  object space 1398272K, 2% used [0x0000000080000000,0x0000000081f09d68,0x00000000d5580000)
 Metaspace       used 64962K, capacity 67544K, committed 67712K, reserved 1110016K
  class space    used 7511K, capacity 7986K, committed 8064K, reserved 1048576K
GC Heap History (10 events):
Event: 4.514 GC heap before
{Heap before GC invocations=4 (full 1):
 PSYoungGen      total 611840K, used 40104K [0x00000000d5580000, 0x0000000100000000, 0x0000000100000000)
  eden space 524800K, 4% used [0x00000000d5580000,0x00000000d6a21f08,0x00000000f5600000)
  from space 87040K, 21% used [0x00000000fab00000,0x00000000fbd881a8,0x0000000100000000)
  to   space 87040K, 0% used [0x00000000f5600000,0x00000000f5600000,0x00000000fab00000)
 ParOldGen       total 876544K, used 14246K [0x0000000080000000, 0x00000000b5800000, 0x00000000d5580000)
  object space 876544K, 1% used [0x0000000080000000,0x0000000080de9848,0x00000000b5800000)
 Metaspace       used 35009K, capacity 35386K, committed 35748K, reserved 1081344K
  class space    used 3990K, capacity 4093K, committed 4096K, reserved 1048576K
Event: 4.531 GC heap after
Heap after GC invocations=4 (full 1):
 PSYoungGen      total 611840K, used 8125K [0x00000000d5580000, 0x0000000100000000, 0x0000000100000000)
  eden space 524800K, 0% used [0x00000000d5580000,0x00000000d5580000,0x00000000f5600000)
  from space 87040K, 9% used [0x00000000f5600000,0x00000000f5def620,0x00000000fab00000)
  to   space 87040K, 0% used [0x00000000fab00000,0x00000000fab00000,0x0000000100000000)
 ParOldGen       total 876544K, used 14246K [0x0000000080000000, 0x00000000b5800000, 0x00000000d5580000)
  object space 876544K, 1% used [0x0000000080000000,0x0000000080de9848,0x00000000b5800000)
 Metaspace       used 35009K, capacity 35386K, committed 35748K, reserved 1081344K
  class space    used 3990K, capacity 4093K, committed 4096K, reserved 1048576K
}
Event: 4.531 GC heap before
{Heap before GC invocations=5 (full 2):
 PSYoungGen      total 611840K, used 8125K [0x00000000d5580000, 0x0000000100000000, 0x0000000100000000)
  eden space 524800K, 0% used [0x00000000d5580000,0x00000000d5580000,0x00000000f5600000)
  from space 87040K, 9% used [0x00000000f5600000,0x00000000f5def620,0x00000000fab00000)
  to   space 87040K, 0% used [0x00000000fab00000,0x00000000fab00000,0x0000000100000000)
 ParOldGen       total 876544K, used 14246K [0x0000000080000000, 0x00000000b5800000, 0x00000000d5580000)
  object space 876544K, 1% used [0x0000000080000000,0x0000000080de9848,0x00000000b5800000)
 Metaspace       used 35009K, capacity 35386K, committed 35748K, reserved 1081344K
  class space    used 3990K, capacity 4093K, committed 4096K, reserved 1048576K
Event: 4.625 GC heap after
Heap after GC invocations=5 (full 2):
 PSYoungGen      total 611840K, used 0K [0x00000000d5580000, 0x0000000100000000, 0x0000000100000000)
  eden space 524800K, 0% used [0x00000000d5580000,0x00000000d5580000,0x00000000f5600000)
  from space 87040K, 0% used [0x00000000f5600000,0x00000000f5600000,0x00000000fab00000)
  to   space 87040K, 0% used [0x00000000fab00000,0x00000000fab00000,0x0000000100000000)
 ParOldGen       total 1167360K, used 13432K [0x0000000080000000, 0x00000000c7400000, 0x00000000d5580000)
  object space 1167360K, 1% used [0x0000000080000000,0x0000000080d1e278,0x00000000c7400000)
 Metaspace       used 35009K, capacity 35386K, committed 35748K, reserved 1081344K
  class space    used 3990K, capacity 4093K, committed 4096K, reserved 1048576K
}
Event: 9.853 GC heap before
{Heap before GC invocations=6 (full 2):
 PSYoungGen      total 611840K, used 524800K [0x00000000d5580000, 0x0000000100000000, 0x0000000100000000)
  eden space 524800K, 100% used [0x00000000d5580000,0x00000000f5600000,0x00000000f5600000)
  from space 87040K, 0% used [0x00000000f5600000,0x00000000f5600000,0x00000000fab00000)
  to   space 87040K, 0% used [0x00000000fab00000,0x00000000fab00000,0x0000000100000000)
 ParOldGen       total 1167360K, used 13432K [0x0000000080000000, 0x00000000c7400000, 0x00000000d5580000)
  object space 1167360K, 1% used [0x0000000080000000,0x0000000080d1e278,0x00000000c7400000)
 Metaspace       used 50003K, capacity 51008K, committed 51200K, reserved 1093632K
  class space    used 5836K, capacity 6054K, committed 6144K, reserved 1048576K
Event: 9.875 GC heap after
Heap after GC invocations=6 (full 2):
 PSYoungGen      total 611840K, used 20629K [0x00000000d5580000, 0x0000000100000000, 0x0000000100000000)
  eden space 524800K, 0% used [0x00000000d5580000,0x00000000d5580000,0x00000000f5600000)
  from space 87040K, 23% used [0x00000000fab00000,0x00000000fbf25770,0x0000000100000000)
  to   space 87040K, 0% used [0x00000000f5600000,0x00000000f5600000,0x00000000fab00000)
 ParOldGen       total 1167360K, used 13440K [0x0000000080000000, 0x00000000c7400000, 0x00000000d5580000)
  object space 1167360K, 1% used [0x0000000080000000,0x0000000080d20278,0x00000000c7400000)
 Metaspace       used 50003K, capacity 51008K, committed 51200K, reserved 1093632K
  class space    used 5836K, capacity 6054K, committed 6144K, reserved 1048576K
}
Event: 10.774 GC heap before
{Heap before GC invocations=7 (full 2):
 PSYoungGen      total 611840K, used 221176K [0x00000000d5580000, 0x0000000100000000, 0x0000000100000000)
  eden space 524800K, 38% used [0x00000000d5580000,0x00000000e1958988,0x00000000f5600000)
  from space 87040K, 23% used [0x00000000fab00000,0x00000000fbf25770,0x0000000100000000)
  to   space 87040K, 0% used [0x00000000f5600000,0x00000000f5600000,0x00000000fab00000)
 ParOldGen       total 1167360K, used 13440K [0x0000000080000000, 0x00000000c7400000, 0x00000000d5580000)
  object space 1167360K, 1% used [0x0000000080000000,0x0000000080d20278,0x00000000c7400000)
 Metaspace       used 58097K, capacity 59456K, committed 59520K, reserved 1101824K
  class space    used 6740K, capacity 7026K, committed 7040K, reserved 1048576K
Event: 10.804 GC heap after
Heap after GC invocations=7 (full 2):
 PSYoungGen      total 545280K, used 20075K [0x00000000d5580000, 0x00000000fab80000, 0x0000000100000000)
  eden space 524800K, 0% used [0x00000000d5580000,0x00000000d5580000,0x00000000f5600000)
  from space 20480K, 98% used [0x00000000f5600000,0x00000000f699adb8,0x00000000f6a00000)
  to   space 26624K, 0% used [0x00000000f9180000,0x00000000f9180000,0x00000000fab80000)
 ParOldGen       total 1167360K, used 13448K [0x0000000080000000, 0x00000000c7400000, 0x00000000d5580000)
  object space 1167360K, 1% used [0x0000000080000000,0x0000000080d22278,0x00000000c7400000)
 Metaspace       used 58097K, capacity 59456K, committed 59520K, reserved 1101824K
  class space    used 6740K, capacity 7026K, committed 7040K, reserved 1048576K
}
Event: 10.804 GC heap before
{Heap before GC invocations=8 (full 3):
 PSYoungGen      total 545280K, used 20075K [0x00000000d5580000, 0x00000000fab80000, 0x0000000100000000)
  eden space 524800K, 0% used [0x00000000d5580000,0x00000000d5580000,0x00000000f5600000)
  from space 20480K, 98% used [0x00000000f5600000,0x00000000f699adb8,0x00000000f6a00000)
  to   space 26624K, 0% used [0x00000000f9180000,0x00000000f9180000,0x00000000fab80000)
 ParOldGen       total 1167360K, used 13448K [0x0000000080000000, 0x00000000c7400000, 0x00000000d5580000)
  object space 1167360K, 1% used [0x0000000080000000,0x0000000080d22278,0x00000000c7400000)
 Metaspace       used 58097K, capacity 59456K, committed 59520K, reserved 1101824K
  class space    used 6740K, capacity 7026K, committed 7040K, reserved 1048576K
Event: 11.018 GC heap after
Heap after GC invocations=8 (full 3):
 PSYoungGen      total 545280K, used 0K [0x00000000d5580000, 0x00000000fab80000, 0x0000000100000000)
  eden space 524800K, 0% used [0x00000000d5580000,0x00000000d5580000,0x00000000f5600000)
  from space 20480K, 0% used [0x00000000f5600000,0x00000000f5600000,0x00000000f6a00000)
  to   space 26624K, 0% used [0x00000000f9180000,0x00000000f9180000,0x00000000fab80000)
 ParOldGen       total 1398272K, used 31783K [0x0000000080000000, 0x00000000d5580000, 0x00000000d5580000)
  object space 1398272K, 2% used [0x0000000080000000,0x0000000081f09d68,0x00000000d5580000)
 Metaspace       used 58081K, capacity 59418K, committed 59520K, reserved 1101824K
  class space    used 6734K, capacity 7015K, committed 7040K, reserved 1048576K
}

