# JRE version: OpenJDK Runtime Environment (8.0_212-b04) (build 1.8.0_212-b04)
# Java VM: OpenJDK 64-Bit Server VM (25.212-b04 mixed mode linux-amd64 compressed oops)
Heap:
 PSYoungGen      total 611840K, used 340744K [0x00000000d5580000, 0x0000000100000000, 0x0000000100000000)
  eden space 524800K, 64% used [0x00000000d5580000,0x00000000ea2420c8,0x00000000f5600000)
  from space 87040K, 0% used [0x00000000fab00000,0x00000000fab00000,0x0000000100000000)
  to   space 87040K, 0% used [0x00000000f5600000,0x00000000f5600000,0x00000000fab00000)
 ParOldGen       total 1297408K, used 25990K [0x0000000080000000, 0x00000000cf300000, 0x00000000d5580000)
  object space 1297408K, 2% used [0x0000000080000000,0x0000000081961b28,0x00000000cf300000)
 Metaspace       used 66115K, capacity 68804K, committed 69120K, reserved 1110016K
  class space    used 7589K, capacity 8088K, committed 8192K, reserved 1048576K
GC Heap History (10 events):
Event: 21.329 GC heap before
{Heap before GC invocations=3 (full 1):
 PSYoungGen      total 611840K, used 456654K [0x00000000d5580000, 0x0000000100000000, 0x0000000100000000)
  eden space 524800K, 87% used [0x00000000d5580000,0x00000000f1373858,0x00000000f5600000)
  from space 87040K, 0% used [0x00000000f5600000,0x00000000f5600000,0x00000000fab00000)
  to   space 87040K, 0% used [0x00000000fab00000,0x00000000fab00000,0x0000000100000000)
 ParOldGen       total 539648K, used 14264K [0x0000000080000000, 0x00000000a0f00000, 0x00000000d5580000)
  object space 539648K, 2% used [0x0000000080000000,0x0000000080dee340,0x00000000a0f00000)
 Metaspace       used 34735K, capacity 35092K, committed 35416K, reserved 1081344K
  class space    used 3965K, capacity 4060K, committed 4096K, reserved 1048576K
Event: 21.359 GC heap after
Heap after GC invocations=3 (full 1):
 PSYoungGen      total 611840K, used 19014K [0x00000000d5580000, 0x0000000100000000, 0x0000000100000000)
  eden space 524800K, 0% used [0x00000000d5580000,0x00000000d5580000,0x00000000f5600000)
  from space 87040K, 21% used [0x00000000fab00000,0x00000000fbd91b58,0x0000000100000000)
  to   space 87040K, 0% used [0x00000000f5600000,0x00000000f5600000,0x00000000fab00000)
 ParOldGen       total 539648K, used 14272K [0x0000000080000000, 0x00000000a0f00000, 0x00000000d5580000)
  object space 539648K, 2% used [0x0000000080000000,0x0000000080df0340,0x00000000a0f00000)
 Metaspace       used 34735K, capacity 35092K, committed 35416K, reserved 1081344K
  class space    used 3965K, capacity 4060K, committed 4096K, reserved 1048576K
}
Event: 21.359 GC heap before
{Heap before GC invocations=4 (full 2):
 PSYoungGen      total 611840K, used 19014K [0x00000000d5580000, 0x0000000100000000, 0x0000000100000000)
  eden space 524800K, 0% used [0x00000000d5580000,0x00000000d5580000,0x00000000f5600000)
  from space 87040K, 21% used [0x00000000fab00000,0x00000000fbd91b58,0x0000000100000000)
  to   space 87040K, 0% used [0x00000000f5600000,0x00000000f5600000,0x00000000fab00000)
 ParOldGen       total 539648K, used 14272K [0x0000000080000000, 0x00000000a0f00000, 0x00000000d5580000)
  object space 539648K, 2% used [0x0000000080000000,0x0000000080df0340,0x00000000a0f00000)
 Metaspace       used 34735K, capacity 35092K, committed 35416K, reserved 1081344K
  class space    used 3965K, capacity 4060K, committed 4096K, reserved 1048576K
Event: 21.464 GC heap after
Heap after GC invocations=4 (full 2):
 PSYoungGen      total 611840K, used 0K [0x00000000d5580000, 0x0000000100000000, 0x0000000100000000)
  eden space 524800K, 0% used [0x00000000d5580000,0x00000000d5580000,0x00000000f5600000)
  from space 87040K, 0% used [0x00000000fab00000,0x00000000fab00000,0x0000000100000000)
  to   space 87040K, 0% used [0x00000000f5600000,0x00000000f5600000,0x00000000fab00000)
 ParOldGen       total 948736K, used 23563K [0x0000000080000000, 0x00000000b9e80000, 0x00000000d5580000)
  object space 948736K, 2% used [0x0000000080000000,0x0000000081702f80,0x00000000b9e80000)
 Metaspace       used 34735K, capacity 35092K, committed 35416K, reserved 1081344K
  class space    used 3965K, capacity 4060K, committed 4096K, reserved 1048576K
}
Event: 27.831 GC heap before
{Heap before GC invocations=5 (full 2):
 PSYoungGen      total 611840K, used 524800K [0x00000000d5580000, 0x0000000100000000, 0x0000000100000000)
  eden space 524800K, 100% used [0x00000000d5580000,0x00000000f5600000,0x00000000f5600000)
  from space 87040K, 0% used [0x00000000fab00000,0x00000000fab00000,0x0000000100000000)
  to   space 87040K, 0% used [0x00000000f5600000,0x00000000f5600000,0x00000000fab00000)
 ParOldGen       total 948736K, used 23563K [0x0000000080000000, 0x00000000b9e80000, 0x00000000d5580000)
  object space 948736K, 2% used [0x0000000080000000,0x0000000081702f80,0x00000000b9e80000)
 Metaspace       used 53058K, capacity 54436K, committed 54656K, reserved 1097728K
  class space    used 6247K, capacity 6498K, committed 6528K, reserved 1048576K
Event: 27.871 GC heap after
Heap after GC invocations=5 (full 2):
 PSYoungGen      total 611840K, used 24628K [0x00000000d5580000, 0x0000000100000000, 0x0000000100000000)
  eden space 524800K, 0% used [0x00000000d5580000,0x00000000d5580000,0x00000000f5600000)
  from space 87040K, 28% used [0x00000000f5600000,0x00000000f6e0d250,0x00000000fab00000)
  to   space 87040K, 0% used [0x00000000fab00000,0x00000000fab00000,0x0000000100000000)
 ParOldGen       total 948736K, used 23571K [0x0000000080000000, 0x00000000b9e80000, 0x00000000d5580000)
  object space 948736K, 2% used [0x0000000080000000,0x0000000081704f80,0x00000000b9e80000)
 Metaspace       used 53058K, capacity 54436K, committed 54656K, reserved 1097728K
  class space    used 6247K, capacity 6498K, committed 6528K, reserved 1048576K
}
Event: 28.360 GC heap before
{Heap before GC invocations=6 (full 2):
 PSYoungGen      total 611840K, used 123864K [0x00000000d5580000, 0x0000000100000000, 0x0000000100000000)
  eden space 524800K, 18% used [0x00000000d5580000,0x00000000db669118,0x00000000f5600000)
  from space 87040K, 28% used [0x00000000f5600000,0x00000000f6e0d250,0x00000000fab00000)
  to   space 87040K, 0% used [0x00000000fab00000,0x00000000fab00000,0x0000000100000000)
 ParOldGen       total 948736K, used 23571K [0x0000000080000000, 0x00000000b9e80000, 0x00000000d5580000)
  object space 948736K, 2% used [0x0000000080000000,0x0000000081704f80,0x00000000b9e80000)
 Metaspace       used 57424K, capacity 58830K, committed 59008K, reserved 1101824K
  class space    used 6683K, capacity 6975K, committed 7040K, reserved 1048576K
Event: 28.384 GC heap after
Heap after GC invocations=6 (full 2):
 PSYoungGen      total 611840K, used 14173K [0x00000000d5580000, 0x0000000100000000, 0x0000000100000000)
  eden space 524800K, 0% used [0x00000000d5580000,0x00000000d5580000,0x00000000f5600000)
  from space 87040K, 16% used [0x00000000fab00000,0x00000000fb8d7550,0x0000000100000000)
  to   space 87040K, 0% used [0x00000000f5600000,0x00000000f5600000,0x00000000fab00000)
 ParOldGen       total 948736K, used 23579K [0x0000000080000000, 0x00000000b9e80000, 0x00000000d5580000)
  object space 948736K, 2% used [0x0000000080000000,0x0000000081706f80,0x00000000b9e80000)
 Metaspace       used 57424K, capacity 58830K, committed 59008K, reserved 1101824K
  class space    used 6683K, capacity 6975K, committed 7040K, reserved 1048576K
}
Event: 28.384 GC heap before
{Heap before GC invocations=7 (full 3):
 PSYoungGen      total 611840K, used 14173K [0x00000000d5580000, 0x0000000100000000, 0x0000000100000000)
  eden space 524800K, 0% used [0x00000000d5580000,0x00000000d5580000,0x00000000f5600000)
  from space 87040K, 16% used [0x00000000fab00000,0x00000000fb8d7550,0x0000000100000000)
  to   space 87040K, 0% used [0x00000000f5600000,0x00000000f5600000,0x00000000fab00000)
 ParOldGen       total 948736K, used 23579K [0x0000000080000000, 0x00000000b9e80000, 0x00000000d5580000)
  object space 948736K, 2% used [0x0000000080000000,0x0000000081706f80,0x00000000b9e80000)
 Metaspace       used 57424K, capacity 58830K, committed 59008K, reserved 1101824K
  class space    used 6683K, capacity 6975K, committed 7040K, reserved 1048576K
Event: 28.642 GC heap after
Heap after GC invocations=7 (full 3):
 PSYoungGen      total 611840K, used 0K [0x00000000d5580000, 0x0000000100000000, 0x0000000100000000)
  eden space 524800K, 0% used [0x00000000d5580000,0x00000000d5580000,0x00000000f5600000)
  from space 87040K, 0% used [0x00000000fab00000,0x00000000fab00000,0x0000000100000000)
  to   space 87040K, 0% used [0x00000000f5600000,0x00000000f5600000,0x00000000fab00000)
 ParOldGen       total 1297408K, used 25990K [0x0000000080000000, 0x00000000cf300000, 0x00000000d5580000)
  object space 1297408K, 2% used [0x0000000080000000,0x0000000081961b28,0x00000000cf300000)
 Metaspace       used 57389K, capacity 58746K, committed 59008K, reserved 1101824K
  class space    used 6670K, capacity 6953K, committed 7040K, reserved 1048576K
}

