# JRE version: OpenJDK Runtime Environment (8.0_212-b04) (build 1.8.0_212-b04)
# Java VM: OpenJDK 64-Bit Server VM (25.212-b04 mixed mode linux-amd64 compressed oops)
Heap:
 PSYoungGen      total 504320K, used 226704K [0x00000000d5580000, 0x0000000100000000, 0x0000000100000000)
  eden space 417280K, 33% used [0x00000000d5580000,0x00000000ddde8030,0x00000000eed00000)
  from space 87040K, 99% used [0x00000000fab00000,0x00000000ffffc170,0x0000000100000000)
  to   space 140800K, 0% used [0x00000000eed00000,0x00000000eed00000,0x00000000f7680000)
 ParOldGen       total 1398272K, used 114551K [0x0000000080000000, 0x00000000d5580000, 0x00000000d5580000)
  object space 1398272K, 8% used [0x0000000080000000,0x0000000086fddd70,0x00000000d5580000)
 Metaspace       used 71017K, capacity 74460K, committed 74496K, reserved 1116160K
  class space    used 7793K, capacity 8412K, committed 8448K, reserved 1048576K
GC Heap History (10 events):
Event: 10.930 GC heap before
{Heap before GC invocations=5 (full 2):
 PSYoungGen      total 611840K, used 483097K [0x00000000d5580000, 0x0000000100000000, 0x0000000100000000)
  eden space 524800K, 92% used [0x00000000d5580000,0x00000000f2d46688,0x00000000f5600000)
  from space 87040K, 0% used [0x00000000fab00000,0x00000000fab00000,0x0000000100000000)
  to   space 87040K, 0% used [0x00000000f5600000,0x00000000f5600000,0x00000000fab00000)
 ParOldGen       total 1398272K, used 23642K [0x0000000080000000, 0x00000000d5580000, 0x00000000d5580000)
  object space 1398272K, 1% used [0x0000000080000000,0x0000000081716b38,0x00000000d5580000)
 Metaspace       used 57430K, capacity 58914K, committed 59008K, reserved 1101824K
  class space    used 6658K, capacity 6953K, committed 7040K, reserved 1048576K
Event: 11.001 GC heap after
Heap after GC invocations=5 (full 2):
 PSYoungGen      total 611840K, used 31468K [0x00000000d5580000, 0x0000000100000000, 0x0000000100000000)
  eden space 524800K, 0% used [0x00000000d5580000,0x00000000d5580000,0x00000000f5600000)
  from space 87040K, 36% used [0x00000000f5600000,0x00000000f74bb1c8,0x00000000fab00000)
  to   space 87040K, 0% used [0x00000000fab00000,0x00000000fab00000,0x0000000100000000)
 ParOldGen       total 1398272K, used 23650K [0x0000000080000000, 0x00000000d5580000, 0x00000000d5580000)
  object space 1398272K, 1% used [0x0000000080000000,0x0000000081718b38,0x00000000d5580000)
 Metaspace       used 57430K, capacity 58914K, committed 59008K, reserved 1101824K
  class space    used 6658K, capacity 6953K, committed 7040K, reserved 1048576K
}
Event: 11.001 GC heap before
{Heap before GC invocations=6 (full 3):
 PSYoungGen      total 611840K, used 31468K [0x00000000d5580000, 0x0000000100000000, 0x0000000100000000)
  eden space 524800K, 0% used [0x00000000d5580000,0x00000000d5580000,0x00000000f5600000)
  from space 87040K, 36% used [0x00000000f5600000,0x00000000f74bb1c8,0x00000000fab00000)
  to   space 87040K, 0% used [0x00000000fab00000,0x00000000fab00000,0x0000000100000000)
 ParOldGen       total 1398272K, used 23650K [0x0000000080000000, 0x00000000d5580000, 0x00000000d5580000)
  object space 1398272K, 1% used [0x0000000080000000,0x0000000081718b38,0x00000000d5580000)
 Metaspace       used 57430K, capacity 58914K, committed 59008K, reserved 1101824K
  class space    used 6658K, capacity 6953K, committed 7040K, reserved 1048576K
Event: 11.294 GC heap after
Heap after GC invocations=6 (full 3):
 PSYoungGen      total 611840K, used 0K [0x00000000d5580000, 0x0000000100000000, 0x0000000100000000)
  eden space 524800K, 0% used [0x00000000d5580000,0x00000000d5580000,0x00000000f5600000)
  from space 87040K, 0% used [0x00000000f5600000,0x00000000f5600000,0x00000000fab00000)
  to   space 87040K, 0% used [0x00000000fab00000,0x00000000fab00000,0x0000000100000000)
 ParOldGen       total 1398272K, used 42055K [0x0000000080000000, 0x00000000d5580000, 0x00000000d5580000)
  object space 1398272K, 3% used [0x0000000080000000,0x0000000082911e18,0x00000000d5580000)
 Metaspace       used 57405K, capacity 58854K, committed 59008K, reserved 1101824K
  class space    used 6648K, capacity 6937K, committed 7040K, reserved 1048576K
}
Event: 56.181 GC heap before
{Heap before GC invocations=7 (full 3):
 PSYoungGen      total 611840K, used 524800K [0x00000000d5580000, 0x0000000100000000, 0x0000000100000000)
  eden space 524800K, 100% used [0x00000000d5580000,0x00000000f5600000,0x00000000f5600000)
  from space 87040K, 0% used [0x00000000f5600000,0x00000000f5600000,0x00000000fab00000)
  to   space 87040K, 0% used [0x00000000fab00000,0x00000000fab00000,0x0000000100000000)
 ParOldGen       total 1398272K, used 42055K [0x0000000080000000, 0x00000000d5580000, 0x00000000d5580000)
  object space 1398272K, 3% used [0x0000000080000000,0x0000000082911e18,0x00000000d5580000)
 Metaspace       used 65180K, capacity 67884K, committed 68224K, reserved 1110016K
  class space    used 7465K, capacity 7958K, committed 8064K, reserved 1048576K
Event: 56.308 GC heap after
Heap after GC invocations=7 (full 3):
 PSYoungGen      total 611840K, used 42595K [0x00000000d5580000, 0x0000000100000000, 0x0000000100000000)
  eden space 524800K, 0% used [0x00000000d5580000,0x00000000d5580000,0x00000000f5600000)
  from space 87040K, 48% used [0x00000000fab00000,0x00000000fd498d88,0x0000000100000000)
  to   space 87040K, 0% used [0x00000000f5600000,0x00000000f5600000,0x00000000fab00000)
 ParOldGen       total 1398272K, used 42063K [0x0000000080000000, 0x00000000d5580000, 0x00000000d5580000)
  object space 1398272K, 3% used [0x0000000080000000,0x0000000082913e18,0x00000000d5580000)
 Metaspace       used 65180K, capacity 67884K, committed 68224K, reserved 1110016K
  class space    used 7465K, capacity 7958K, committed 8064K, reserved 1048576K
}
Event: 413.553 GC heap before
{Heap before GC invocations=8 (full 3):
 PSYoungGen      total 611840K, used 567395K [0x00000000d5580000, 0x0000000100000000, 0x0000000100000000)
  eden space 524800K, 100% used [0x00000000d5580000,0x00000000f5600000,0x00000000f5600000)
  from space 87040K, 48% used [0x00000000fab00000,0x00000000fd498d88,0x0000000100000000)
  to   space 87040K, 0% used [0x00000000f5600000,0x00000000f5600000,0x00000000fab00000)
 ParOldGen       total 1398272K, used 42063K [0x0000000080000000, 0x00000000d5580000, 0x00000000d5580000)
  object space 1398272K, 3% used [0x0000000080000000,0x0000000082913e18,0x00000000d5580000)
 Metaspace       used 69053K, capacity 72012K, committed 72192K, reserved 1114112K
  class space    used 7663K, capacity 8178K, committed 8192K, reserved 1048576K
Event: 413.837 GC heap after
Heap after GC invocations=8 (full 3):
 PSYoungGen      total 611840K, used 87015K [0x00000000d5580000, 0x0000000100000000, 0x0000000100000000)
  eden space 524800K, 0% used [0x00000000d5580000,0x00000000d5580000,0x00000000f5600000)
  from space 87040K, 99% used [0x00000000f5600000,0x00000000faaf9d88,0x00000000fab00000)
  to   space 87040K, 0% used [0x00000000fab00000,0x00000000fab00000,0x0000000100000000)
 ParOldGen       total 1398272K, used 105031K [0x0000000080000000, 0x00000000d5580000, 0x00000000d5580000)
  object space 1398272K, 7% used [0x0000000080000000,0x0000000086691c80,0x00000000d5580000)
 Metaspace       used 69053K, capacity 72012K, committed 72192K, reserved 1114112K
  class space    used 7663K, capacity 8178K, committed 8192K, reserved 1048576K
}
Event: 565.037 GC heap before
{Heap before GC invocations=9 (full 3):
 PSYoungGen      total 611840K, used 611815K [0x00000000d5580000, 0x0000000100000000, 0x0000000100000000)
  eden space 524800K, 100% used [0x00000000d5580000,0x00000000f5600000,0x00000000f5600000)
  from space 87040K, 99% used [0x00000000f5600000,0x00000000faaf9d88,0x00000000fab00000)
  to   space 87040K, 0% used [0x00000000fab00000,0x00000000fab00000,0x0000000100000000)
 ParOldGen       total 1398272K, used 105031K [0x0000000080000000, 0x00000000d5580000, 0x00000000d5580000)
  object space 1398272K, 7% used [0x0000000080000000,0x0000000086691c80,0x00000000d5580000)
 Metaspace       used 70870K, capacity 74378K, committed 74496K, reserved 1116160K
  class space    used 7791K, capacity 8409K, committed 8448K, reserved 1048576K
Event: 565.237 GC heap after
Heap after GC invocations=9 (full 3):
 PSYoungGen      total 504320K, used 87024K [0x00000000d5580000, 0x0000000100000000, 0x0000000100000000)
  eden space 417280K, 0% used [0x00000000d5580000,0x00000000d5580000,0x00000000eed00000)
  from space 87040K, 99% used [0x00000000fab00000,0x00000000ffffc170,0x0000000100000000)
  to   space 140800K, 0% used [0x00000000eed00000,0x00000000eed00000,0x00000000f7680000)
 ParOldGen       total 1398272K, used 114551K [0x0000000080000000, 0x00000000d5580000, 0x00000000d5580000)
  object space 1398272K, 8% used [0x0000000080000000,0x0000000086fddd70,0x00000000d5580000)
 Metaspace       used 70870K, capacity 74378K, committed 74496K, reserved 1116160K
  class space    used 7791K, capacity 8409K, committed 8448K, reserved 1048576K
}

