# JRE version: OpenJDK Runtime Environment (8.0_212-b04) (build 1.8.0_212-b04)
# Java VM: OpenJDK 64-Bit Server VM (25.212-b04 mixed mode linux-amd64 compressed oops)
Heap:
 PSYoungGen      total 611840K, used 376519K [0x00000000d5580000, 0x0000000100000000, 0x0000000100000000)
  eden space 524800K, 71% used [0x00000000d5580000,0x00000000ec531d70,0x00000000f5600000)
  from space 87040K, 0% used [0x00000000fab00000,0x00000000fab00000,0x0000000100000000)
  to   space 87040K, 0% used [0x00000000f5600000,0x00000000f5600000,0x00000000fab00000)
 ParOldGen       total 1398272K, used 26951K [0x0000000080000000, 0x00000000d5580000, 0x00000000d5580000)
  object space 1398272K, 1% used [0x0000000080000000,0x0000000081a51cf0,0x00000000d5580000)
 Metaspace       used 65868K, capacity 68812K, committed 69120K, reserved 1110016K
  class space    used 7555K, capacity 8076K, committed 8192K, reserved 1048576K
GC Heap History (10 events):
Event: 5.797 GC heap before
{Heap before GC invocations=3 (full 1):
 PSYoungGen      total 611840K, used 467512K [0x00000000d5580000, 0x0000000100000000, 0x0000000100000000)
  eden space 524800K, 89% used [0x00000000d5580000,0x00000000f1e0e200,0x00000000f5600000)
  from space 87040K, 0% used [0x00000000f5600000,0x00000000f5600000,0x00000000fab00000)
  to   space 87040K, 0% used [0x00000000fab00000,0x00000000fab00000,0x0000000100000000)
 ParOldGen       total 873472K, used 14311K [0x0000000080000000, 0x00000000b5500000, 0x00000000d5580000)
  object space 873472K, 1% used [0x0000000080000000,0x0000000080df9f80,0x00000000b5500000)
 Metaspace       used 34695K, capacity 35034K, committed 35416K, reserved 1081344K
  class space    used 3966K, capacity 4061K, committed 4096K, reserved 1048576K
Event: 5.827 GC heap after
Heap after GC invocations=3 (full 1):
 PSYoungGen      total 611840K, used 18885K [0x00000000d5580000, 0x0000000100000000, 0x0000000100000000)
  eden space 524800K, 0% used [0x00000000d5580000,0x00000000d5580000,0x00000000f5600000)
  from space 87040K, 21% used [0x00000000fab00000,0x00000000fbd715f0,0x0000000100000000)
  to   space 87040K, 0% used [0x00000000f5600000,0x00000000f5600000,0x00000000fab00000)
 ParOldGen       total 873472K, used 14311K [0x0000000080000000, 0x00000000b5500000, 0x00000000d5580000)
  object space 873472K, 1% used [0x0000000080000000,0x0000000080df9f80,0x00000000b5500000)
 Metaspace       used 34695K, capacity 35034K, committed 35416K, reserved 1081344K
  class space    used 3966K, capacity 4061K, committed 4096K, reserved 1048576K
}
Event: 5.827 GC heap before
{Heap before GC invocations=4 (full 2):
 PSYoungGen      total 611840K, used 18885K [0x00000000d5580000, 0x0000000100000000, 0x0000000100000000)
  eden space 524800K, 0% used [0x00000000d5580000,0x00000000d5580000,0x00000000f5600000)
  from space 87040K, 21% used [0x00000000fab00000,0x00000000fbd715f0,0x0000000100000000)
  to   space 87040K, 0% used [0x00000000f5600000,0x00000000f5600000,0x00000000fab00000)
 ParOldGen       total 873472K, used 14311K [0x0000000080000000, 0x00000000b5500000, 0x00000000d5580000)
  object space 873472K, 1% used [0x0000000080000000,0x0000000080df9f80,0x00000000b5500000)
 Metaspace       used 34695K, capacity 35034K, committed 35416K, reserved 1081344K
  class space    used 3966K, capacity 4061K, committed 4096K, reserved 1048576K
Event: 5.905 GC heap after
Heap after GC invocations=4 (full 2):
 PSYoungGen      total 611840K, used 0K [0x00000000d5580000, 0x0000000100000000, 0x0000000100000000)
  eden space 524800K, 0% used [0x00000000d5580000,0x00000000d5580000,0x00000000f5600000)
  from space 87040K, 0% used [0x00000000fab00000,0x00000000fab00000,0x0000000100000000)
  to   space 87040K, 0% used [0x00000000f5600000,0x00000000f5600000,0x00000000fab00000)
 ParOldGen       total 1398272K, used 23486K [0x0000000080000000, 0x00000000d5580000, 0x00000000d5580000)
  object space 1398272K, 1% used [0x0000000080000000,0x00000000816efa88,0x00000000d5580000)
 Metaspace       used 34695K, capacity 35034K, committed 35416K, reserved 1081344K
  class space    used 3966K, capacity 4061K, committed 4096K, reserved 1048576K
}
Event: 12.260 GC heap before
{Heap before GC invocations=5 (full 2):
 PSYoungGen      total 611840K, used 524800K [0x00000000d5580000, 0x0000000100000000, 0x0000000100000000)
  eden space 524800K, 100% used [0x00000000d5580000,0x00000000f5600000,0x00000000f5600000)
  from space 87040K, 0% used [0x00000000fab00000,0x00000000fab00000,0x0000000100000000)
  to   space 87040K, 0% used [0x00000000f5600000,0x00000000f5600000,0x00000000fab00000)
 ParOldGen       total 1398272K, used 23486K [0x0000000080000000, 0x00000000d5580000, 0x00000000d5580000)
  object space 1398272K, 1% used [0x0000000080000000,0x00000000816efa88,0x00000000d5580000)
 Metaspace       used 52538K, capacity 53886K, committed 54144K, reserved 1097728K
  class space    used 6196K, capacity 6441K, committed 6528K, reserved 1048576K
Event: 12.307 GC heap after
Heap after GC invocations=5 (full 2):
 PSYoungGen      total 611840K, used 24225K [0x00000000d5580000, 0x0000000100000000, 0x0000000100000000)
  eden space 524800K, 0% used [0x00000000d5580000,0x00000000d5580000,0x00000000f5600000)
  from space 87040K, 27% used [0x00000000f5600000,0x00000000f6da8478,0x00000000fab00000)
  to   space 87040K, 0% used [0x00000000fab00000,0x00000000fab00000,0x0000000100000000)
 ParOldGen       total 1398272K, used 23494K [0x0000000080000000, 0x00000000d5580000, 0x00000000d5580000)
  object space 1398272K, 1% used [0x0000000080000000,0x00000000816f1a88,0x00000000d5580000)
 Metaspace       used 52538K, capacity 53886K, committed 54144K, reserved 1097728K
  class space    used 6196K, capacity 6441K, committed 6528K, reserved 1048576K
}
Event: 13.012 GC heap before
{Heap before GC invocations=6 (full 2):
 PSYoungGen      total 611840K, used 133918K [0x00000000d5580000, 0x0000000100000000, 0x0000000100000000)
  eden space 524800K, 20% used [0x00000000d5580000,0x00000000dc09f4c8,0x00000000f5600000)
  from space 87040K, 27% used [0x00000000f5600000,0x00000000f6da8478,0x00000000fab00000)
  to   space 87040K, 0% used [0x00000000fab00000,0x00000000fab00000,0x0000000100000000)
 ParOldGen       total 1398272K, used 23494K [0x0000000080000000, 0x00000000d5580000, 0x00000000d5580000)
  object space 1398272K, 1% used [0x0000000080000000,0x00000000816f1a88,0x00000000d5580000)
 Metaspace       used 57402K, capacity 58860K, committed 59008K, reserved 1101824K
  class space    used 6682K, capacity 6982K, committed 7040K, reserved 1048576K
Event: 13.039 GC heap after
Heap after GC invocations=6 (full 2):
 PSYoungGen      total 611840K, used 15242K [0x00000000d5580000, 0x0000000100000000, 0x0000000100000000)
  eden space 524800K, 0% used [0x00000000d5580000,0x00000000d5580000,0x00000000f5600000)
  from space 87040K, 17% used [0x00000000fab00000,0x00000000fb9e2878,0x0000000100000000)
  to   space 87040K, 0% used [0x00000000f5600000,0x00000000f5600000,0x00000000fab00000)
 ParOldGen       total 1398272K, used 23494K [0x0000000080000000, 0x00000000d5580000, 0x00000000d5580000)
  object space 1398272K, 1% used [0x0000000080000000,0x00000000816f1a88,0x00000000d5580000)
 Metaspace       used 57402K, capacity 58860K, committed 59008K, reserved 1101824K
  class space    used 6682K, capacity 6982K, committed 7040K, reserved 1048576K
}
Event: 13.039 GC heap before
{Heap before GC invocations=7 (full 3):
 PSYoungGen      total 611840K, used 15242K [0x00000000d5580000, 0x0000000100000000, 0x0000000100000000)
  eden space 524800K, 0% used [0x00000000d5580000,0x00000000d5580000,0x00000000f5600000)
  from space 87040K, 17% used [0x00000000fab00000,0x00000000fb9e2878,0x0000000100000000)
  to   space 87040K, 0% used [0x00000000f5600000,0x00000000f5600000,0x00000000fab00000)
 ParOldGen       total 1398272K, used 23494K [0x0000000080000000, 0x00000000d5580000, 0x00000000d5580000)
  object space 1398272K, 1% used [0x0000000080000000,0x00000000816f1a88,0x00000000d5580000)
 Metaspace       used 57402K, capacity 58860K, committed 59008K, reserved 1101824K
  class space    used 6682K, capacity 6982K, committed 7040K, reserved 1048576K
Event: 13.235 GC heap after
Heap after GC invocations=7 (full 3):
 PSYoungGen      total 611840K, used 0K [0x00000000d5580000, 0x0000000100000000, 0x0000000100000000)
  eden space 524800K, 0% used [0x00000000d5580000,0x00000000d5580000,0x00000000f5600000)
  from space 87040K, 0% used [0x00000000fab00000,0x00000000fab00000,0x0000000100000000)
  to   space 87040K, 0% used [0x00000000f5600000,0x00000000f5600000,0x00000000fab00000)
 ParOldGen       total 1398272K, used 26951K [0x0000000080000000, 0x00000000d5580000, 0x00000000d5580000)
  object space 1398272K, 1% used [0x0000000080000000,0x0000000081a51cf0,0x00000000d5580000)
 Metaspace       used 57361K, capacity 58762K, committed 59008K, reserved 1101824K
  class space    used 6668K, capacity 6957K, committed 7040K, reserved 1048576K
}

