# JRE version: OpenJDK Runtime Environment (8.0_212-b04) (build 1.8.0_212-b04)
# Java VM: OpenJDK 64-Bit Server VM (25.212-b04 mixed mode linux-amd64 compressed oops)
Heap:
 PSYoungGen      total 611840K, used 221837K [0x00000000d5580000, 0x0000000100000000, 0x0000000100000000)
  eden space 524800K, 42% used [0x00000000d5580000,0x00000000e2e23508,0x00000000f5600000)
  from space 87040K, 0% used [0x00000000f5600000,0x00000000f5600000,0x00000000fab00000)
  to   space 87040K, 0% used [0x00000000fab00000,0x00000000fab00000,0x0000000100000000)
 ParOldGen       total 1398272K, used 45591K [0x0000000080000000, 0x00000000d5580000, 0x00000000d5580000)
  object space 1398272K, 3% used [0x0000000080000000,0x0000000082c85cf0,0x00000000d5580000)
 Metaspace       used 63434K, capacity 66036K, committed 66176K, reserved 1107968K
  class space    used 7318K, capacity 7772K, committed 7808K, reserved 1048576K
GC Heap History (10 events):
Event: 2.210 GC heap before
{Heap before GC invocations=2 (full 1):
 PSYoungGen      total 611840K, used 14186K [0x00000000d5580000, 0x0000000100000000, 0x0000000100000000)
  eden space 524800K, 0% used [0x00000000d5580000,0x00000000d5580000,0x00000000f5600000)
  from space 87040K, 16% used [0x00000000f5600000,0x00000000f63da8a0,0x00000000fab00000)
  to   space 87040K, 0% used [0x00000000fab00000,0x00000000fab00000,0x0000000100000000)
 ParOldGen       total 1398272K, used 80K [0x0000000080000000, 0x00000000d5580000, 0x00000000d5580000)
  object space 1398272K, 0% used [0x0000000080000000,0x0000000080014010,0x00000000d5580000)
 Metaspace       used 20767K, capacity 21016K, committed 21248K, reserved 1069056K
  class space    used 2361K, capacity 2475K, committed 2560K, reserved 1048576K
Event: 2.290 GC heap after
Heap after GC invocations=2 (full 1):
 PSYoungGen      total 611840K, used 0K [0x00000000d5580000, 0x0000000100000000, 0x0000000100000000)
  eden space 524800K, 0% used [0x00000000d5580000,0x00000000d5580000,0x00000000f5600000)
  from space 87040K, 0% used [0x00000000f5600000,0x00000000f5600000,0x00000000fab00000)
  to   space 87040K, 0% used [0x00000000fab00000,0x00000000fab00000,0x0000000100000000)
 ParOldGen       total 865280K, used 13695K [0x0000000080000000, 0x00000000b4d00000, 0x00000000d5580000)
  object space 865280K, 1% used [0x0000000080000000,0x0000000080d5fca8,0x00000000b4d00000)
 Metaspace       used 20767K, capacity 21016K, committed 21248K, reserved 1069056K
  class space    used 2361K, capacity 2475K, committed 2560K, reserved 1048576K
}
Event: 4.696 GC heap before
{Heap before GC invocations=3 (full 1):
 PSYoungGen      total 611840K, used 456589K [0x00000000d5580000, 0x0000000100000000, 0x0000000100000000)
  eden space 524800K, 87% used [0x00000000d5580000,0x00000000f1363670,0x00000000f5600000)
  from space 87040K, 0% used [0x00000000f5600000,0x00000000f5600000,0x00000000fab00000)
  to   space 87040K, 0% used [0x00000000fab00000,0x00000000fab00000,0x0000000100000000)
 ParOldGen       total 865280K, used 13695K [0x0000000080000000, 0x00000000b4d00000, 0x00000000d5580000)
  object space 865280K, 1% used [0x0000000080000000,0x0000000080d5fca8,0x00000000b4d00000)
 Metaspace       used 34731K, capacity 35092K, committed 35416K, reserved 1081344K
  class space    used 3961K, capacity 4060K, committed 4096K, reserved 1048576K
Event: 4.741 GC heap after
Heap after GC invocations=3 (full 1):
 PSYoungGen      total 611840K, used 19319K [0x00000000d5580000, 0x0000000100000000, 0x0000000100000000)
  eden space 524800K, 0% used [0x00000000d5580000,0x00000000d5580000,0x00000000f5600000)
  from space 87040K, 22% used [0x00000000fab00000,0x00000000fbdddd60,0x0000000100000000)
  to   space 87040K, 0% used [0x00000000f5600000,0x00000000f5600000,0x00000000fab00000)
 ParOldGen       total 865280K, used 13695K [0x0000000080000000, 0x00000000b4d00000, 0x00000000d5580000)
  object space 865280K, 1% used [0x0000000080000000,0x0000000080d5fca8,0x00000000b4d00000)
 Metaspace       used 34731K, capacity 35092K, committed 35416K, reserved 1081344K
  class space    used 3961K, capacity 4060K, committed 4096K, reserved 1048576K
}
Event: 4.741 GC heap before
{Heap before GC invocations=4 (full 2):
 PSYoungGen      total 611840K, used 19319K [0x00000000d5580000, 0x0000000100000000, 0x0000000100000000)
  eden space 524800K, 0% used [0x00000000d5580000,0x00000000d5580000,0x00000000f5600000)
  from space 87040K, 22% used [0x00000000fab00000,0x00000000fbdddd60,0x0000000100000000)
  to   space 87040K, 0% used [0x00000000f5600000,0x00000000f5600000,0x00000000fab00000)
 ParOldGen       total 865280K, used 13695K [0x0000000080000000, 0x00000000b4d00000, 0x00000000d5580000)
  object space 865280K, 1% used [0x0000000080000000,0x0000000080d5fca8,0x00000000b4d00000)
 Metaspace       used 34731K, capacity 35092K, committed 35416K, reserved 1081344K
  class space    used 3961K, capacity 4060K, committed 4096K, reserved 1048576K
Event: 4.868 GC heap after
Heap after GC invocations=4 (full 2):
 PSYoungGen      total 611840K, used 0K [0x00000000d5580000, 0x0000000100000000, 0x0000000100000000)
  eden space 524800K, 0% used [0x00000000d5580000,0x00000000d5580000,0x00000000f5600000)
  from space 87040K, 0% used [0x00000000fab00000,0x00000000fab00000,0x0000000100000000)
  to   space 87040K, 0% used [0x00000000f5600000,0x00000000f5600000,0x00000000fab00000)
 ParOldGen       total 1398272K, used 23585K [0x0000000080000000, 0x00000000d5580000, 0x00000000d5580000)
  object space 1398272K, 1% used [0x0000000080000000,0x00000000817086c8,0x00000000d5580000)
 Metaspace       used 34731K, capacity 35092K, committed 35416K, reserved 1081344K
  class space    used 3961K, capacity 4060K, committed 4096K, reserved 1048576K
}
Event: 19.645 GC heap before
{Heap before GC invocations=5 (full 2):
 PSYoungGen      total 611840K, used 470004K [0x00000000d5580000, 0x0000000100000000, 0x0000000100000000)
  eden space 524800K, 89% used [0x00000000d5580000,0x00000000f207d280,0x00000000f5600000)
  from space 87040K, 0% used [0x00000000fab00000,0x00000000fab00000,0x0000000100000000)
  to   space 87040K, 0% used [0x00000000f5600000,0x00000000f5600000,0x00000000fab00000)
 ParOldGen       total 1398272K, used 23585K [0x0000000080000000, 0x00000000d5580000, 0x00000000d5580000)
  object space 1398272K, 1% used [0x0000000080000000,0x00000000817086c8,0x00000000d5580000)
 Metaspace       used 57211K, capacity 58842K, committed 59008K, reserved 1101824K
  class space    used 6626K, capacity 6933K, committed 7040K, reserved 1048576K
Event: 19.744 GC heap after
Heap after GC invocations=5 (full 2):
 PSYoungGen      total 611840K, used 34997K [0x00000000d5580000, 0x0000000100000000, 0x0000000100000000)
  eden space 524800K, 0% used [0x00000000d5580000,0x00000000d5580000,0x00000000f5600000)
  from space 87040K, 40% used [0x00000000f5600000,0x00000000f782d648,0x00000000fab00000)
  to   space 87040K, 0% used [0x00000000fab00000,0x00000000fab00000,0x0000000100000000)
 ParOldGen       total 1398272K, used 23593K [0x0000000080000000, 0x00000000d5580000, 0x00000000d5580000)
  object space 1398272K, 1% used [0x0000000080000000,0x000000008170a6c8,0x00000000d5580000)
 Metaspace       used 57211K, capacity 58842K, committed 59008K, reserved 1101824K
  class space    used 6626K, capacity 6933K, committed 7040K, reserved 1048576K
}
Event: 19.744 GC heap before
{Heap before GC invocations=6 (full 3):
 PSYoungGen      total 611840K, used 34997K [0x00000000d5580000, 0x0000000100000000, 0x0000000100000000)
  eden space 524800K, 0% used [0x00000000d5580000,0x00000000d5580000,0x00000000f5600000)
  from space 87040K, 40% used [0x00000000f5600000,0x00000000f782d648,0x00000000fab00000)
  to   space 87040K, 0% used [0x00000000fab00000,0x00000000fab00000,0x0000000100000000)
 ParOldGen       total 1398272K, used 23593K [0x0000000080000000, 0x00000000d5580000, 0x00000000d5580000)
  object space 1398272K, 1% used [0x0000000080000000,0x000000008170a6c8,0x00000000d5580000)
 Metaspace       used 57211K, capacity 58842K, committed 59008K, reserved 1101824K
  class space    used 6626K, capacity 6933K, committed 7040K, reserved 1048576K
Event: 20.031 GC heap after
Heap after GC invocations=6 (full 3):
 PSYoungGen      total 611840K, used 0K [0x00000000d5580000, 0x0000000100000000, 0x0000000100000000)
  eden space 524800K, 0% used [0x00000000d5580000,0x00000000d5580000,0x00000000f5600000)
  from space 87040K, 0% used [0x00000000f5600000,0x00000000f5600000,0x00000000fab00000)
  to   space 87040K, 0% used [0x00000000fab00000,0x00000000fab00000,0x0000000100000000)
 ParOldGen       total 1398272K, used 45591K [0x0000000080000000, 0x00000000d5580000, 0x00000000d5580000)
  object space 1398272K, 3% used [0x0000000080000000,0x0000000082c85cf0,0x00000000d5580000)
 Metaspace       used 57170K, capacity 58738K, committed 59008K, reserved 1101824K
  class space    used 6612K, capacity 6909K, committed 7040K, reserved 1048576K
}

