# JRE version: OpenJDK Runtime Environment (8.0_212-b04) (build 1.8.0_212-b04)
# Java VM: OpenJDK 64-Bit Server VM (25.212-b04 mixed mode linux-amd64 compressed oops)
Heap:
 PSYoungGen      total 611840K, used 239386K [0x00000000d5580000, 0x0000000100000000, 0x0000000100000000)
  eden space 524800K, 45% used [0x00000000d5580000,0x00000000e3f46ae8,0x00000000f5600000)
  from space 87040K, 0% used [0x00000000f5600000,0x00000000f5600000,0x00000000fab00000)
  to   space 87040K, 0% used [0x00000000fab00000,0x00000000fab00000,0x0000000100000000)
 ParOldGen       total 1398272K, used 41215K [0x0000000080000000, 0x00000000d5580000, 0x00000000d5580000)
  object space 1398272K, 2% used [0x0000000080000000,0x000000008283fd90,0x00000000d5580000)
 Metaspace       used 60115K, capacity 61918K, committed 62208K, reserved 1103872K
  class space    used 6985K, capacity 7305K, committed 7424K, reserved 1048576K
GC Heap History (10 events):
Event: 2.222 GC heap before
{Heap before GC invocations=2 (full 1):
 PSYoungGen      total 611840K, used 14848K [0x00000000d5580000, 0x0000000100000000, 0x0000000100000000)
  eden space 524800K, 0% used [0x00000000d5580000,0x00000000d5580000,0x00000000f5600000)
  from space 87040K, 17% used [0x00000000f5600000,0x00000000f64800d8,0x00000000fab00000)
  to   space 87040K, 0% used [0x00000000fab00000,0x00000000fab00000,0x0000000100000000)
 ParOldGen       total 1398272K, used 80K [0x0000000080000000, 0x00000000d5580000, 0x00000000d5580000)
  object space 1398272K, 0% used [0x0000000080000000,0x0000000080014010,0x00000000d5580000)
 Metaspace       used 20867K, capacity 21074K, committed 21248K, reserved 1069056K
  class space    used 2372K, capacity 2450K, committed 2560K, reserved 1048576K
Event: 2.293 GC heap after
Heap after GC invocations=2 (full 1):
 PSYoungGen      total 611840K, used 0K [0x00000000d5580000, 0x0000000100000000, 0x0000000100000000)
  eden space 524800K, 0% used [0x00000000d5580000,0x00000000d5580000,0x00000000f5600000)
  from space 87040K, 0% used [0x00000000f5600000,0x00000000f5600000,0x00000000fab00000)
  to   space 87040K, 0% used [0x00000000fab00000,0x00000000fab00000,0x0000000100000000)
 ParOldGen       total 841216K, used 14248K [0x0000000080000000, 0x00000000b3580000, 0x00000000d5580000)
  object space 841216K, 1% used [0x0000000080000000,0x0000000080dea2b0,0x00000000b3580000)
 Metaspace       used 20867K, capacity 21074K, committed 21248K, reserved 1069056K
  class space    used 2372K, capacity 2450K, committed 2560K, reserved 1048576K
}
Event: 4.764 GC heap before
{Heap before GC invocations=3 (full 1):
 PSYoungGen      total 611840K, used 426402K [0x00000000d5580000, 0x0000000100000000, 0x0000000100000000)
  eden space 524800K, 81% used [0x00000000d5580000,0x00000000ef5e89d8,0x00000000f5600000)
  from space 87040K, 0% used [0x00000000f5600000,0x00000000f5600000,0x00000000fab00000)
  to   space 87040K, 0% used [0x00000000fab00000,0x00000000fab00000,0x0000000100000000)
 ParOldGen       total 841216K, used 14248K [0x0000000080000000, 0x00000000b3580000, 0x00000000d5580000)
  object space 841216K, 1% used [0x0000000080000000,0x0000000080dea2b0,0x00000000b3580000)
 Metaspace       used 34783K, capacity 35156K, committed 35416K, reserved 1081344K
  class space    used 3960K, capacity 4060K, committed 4096K, reserved 1048576K
Event: 4.800 GC heap after
Heap after GC invocations=3 (full 1):
 PSYoungGen      total 611840K, used 19255K [0x00000000d5580000, 0x0000000100000000, 0x0000000100000000)
  eden space 524800K, 0% used [0x00000000d5580000,0x00000000d5580000,0x00000000f5600000)
  from space 87040K, 22% used [0x00000000fab00000,0x00000000fbdcdfb0,0x0000000100000000)
  to   space 87040K, 0% used [0x00000000f5600000,0x00000000f5600000,0x00000000fab00000)
 ParOldGen       total 841216K, used 14248K [0x0000000080000000, 0x00000000b3580000, 0x00000000d5580000)
  object space 841216K, 1% used [0x0000000080000000,0x0000000080dea2b0,0x00000000b3580000)
 Metaspace       used 34783K, capacity 35156K, committed 35416K, reserved 1081344K
  class space    used 3960K, capacity 4060K, committed 4096K, reserved 1048576K
}
Event: 4.801 GC heap before
{Heap before GC invocations=4 (full 2):
 PSYoungGen      total 611840K, used 19255K [0x00000000d5580000, 0x0000000100000000, 0x0000000100000000)
  eden space 524800K, 0% used [0x00000000d5580000,0x00000000d5580000,0x00000000f5600000)
  from space 87040K, 22% used [0x00000000fab00000,0x00000000fbdcdfb0,0x0000000100000000)
  to   space 87040K, 0% used [0x00000000f5600000,0x00000000f5600000,0x00000000fab00000)
 ParOldGen       total 841216K, used 14248K [0x0000000080000000, 0x00000000b3580000, 0x00000000d5580000)
  object space 841216K, 1% used [0x0000000080000000,0x0000000080dea2b0,0x00000000b3580000)
 Metaspace       used 34783K, capacity 35156K, committed 35416K, reserved 1081344K
  class space    used 3960K, capacity 4060K, committed 4096K, reserved 1048576K
Event: 4.895 GC heap after
Heap after GC invocations=4 (full 2):
 PSYoungGen      total 611840K, used 0K [0x00000000d5580000, 0x0000000100000000, 0x0000000100000000)
  eden space 524800K, 0% used [0x00000000d5580000,0x00000000d5580000,0x00000000f5600000)
  from space 87040K, 0% used [0x00000000fab00000,0x00000000fab00000,0x0000000100000000)
  to   space 87040K, 0% used [0x00000000f5600000,0x00000000f5600000,0x00000000fab00000)
 ParOldGen       total 1381888K, used 23764K [0x0000000080000000, 0x00000000d4580000, 0x00000000d5580000)
  object space 1381888K, 1% used [0x0000000080000000,0x0000000081735168,0x00000000d4580000)
 Metaspace       used 34783K, capacity 35156K, committed 35416K, reserved 1081344K
  class space    used 3960K, capacity 4060K, committed 4096K, reserved 1048576K
}
Event: 11.788 GC heap before
{Heap before GC invocations=5 (full 2):
 PSYoungGen      total 611840K, used 511409K [0x00000000d5580000, 0x0000000100000000, 0x0000000100000000)
  eden space 524800K, 97% used [0x00000000d5580000,0x00000000f48ec488,0x00000000f5600000)
  from space 87040K, 0% used [0x00000000fab00000,0x00000000fab00000,0x0000000100000000)
  to   space 87040K, 0% used [0x00000000f5600000,0x00000000f5600000,0x00000000fab00000)
 ParOldGen       total 1381888K, used 23764K [0x0000000080000000, 0x00000000d4580000, 0x00000000d5580000)
  object space 1381888K, 1% used [0x0000000080000000,0x0000000081735168,0x00000000d4580000)
 Metaspace       used 57402K, capacity 58794K, committed 59008K, reserved 1101824K
  class space    used 6653K, capacity 6921K, committed 7040K, reserved 1048576K
Event: 11.865 GC heap after
Heap after GC invocations=5 (full 2):
 PSYoungGen      total 611840K, used 30347K [0x00000000d5580000, 0x0000000100000000, 0x0000000100000000)
  eden space 524800K, 0% used [0x00000000d5580000,0x00000000d5580000,0x00000000f5600000)
  from space 87040K, 34% used [0x00000000f5600000,0x00000000f73a2ce8,0x00000000fab00000)
  to   space 87040K, 0% used [0x00000000fab00000,0x00000000fab00000,0x0000000100000000)
 ParOldGen       total 1381888K, used 23772K [0x0000000080000000, 0x00000000d4580000, 0x00000000d5580000)
  object space 1381888K, 1% used [0x0000000080000000,0x0000000081737168,0x00000000d4580000)
 Metaspace       used 57402K, capacity 58794K, committed 59008K, reserved 1101824K
  class space    used 6653K, capacity 6921K, committed 7040K, reserved 1048576K
}
Event: 11.865 GC heap before
{Heap before GC invocations=6 (full 3):
 PSYoungGen      total 611840K, used 30347K [0x00000000d5580000, 0x0000000100000000, 0x0000000100000000)
  eden space 524800K, 0% used [0x00000000d5580000,0x00000000d5580000,0x00000000f5600000)
  from space 87040K, 34% used [0x00000000f5600000,0x00000000f73a2ce8,0x00000000fab00000)
  to   space 87040K, 0% used [0x00000000fab00000,0x00000000fab00000,0x0000000100000000)
 ParOldGen       total 1381888K, used 23772K [0x0000000080000000, 0x00000000d4580000, 0x00000000d5580000)
  object space 1381888K, 1% used [0x0000000080000000,0x0000000081737168,0x00000000d4580000)
 Metaspace       used 57402K, capacity 58794K, committed 59008K, reserved 1101824K
  class space    used 6653K, capacity 6921K, committed 7040K, reserved 1048576K
Event: 12.115 GC heap after
Heap after GC invocations=6 (full 3):
 PSYoungGen      total 611840K, used 0K [0x00000000d5580000, 0x0000000100000000, 0x0000000100000000)
  eden space 524800K, 0% used [0x00000000d5580000,0x00000000d5580000,0x00000000f5600000)
  from space 87040K, 0% used [0x00000000f5600000,0x00000000f5600000,0x00000000fab00000)
  to   space 87040K, 0% used [0x00000000fab00000,0x00000000fab00000,0x0000000100000000)
 ParOldGen       total 1398272K, used 41215K [0x0000000080000000, 0x00000000d5580000, 0x00000000d5580000)
  object space 1398272K, 2% used [0x0000000080000000,0x000000008283fd90,0x00000000d5580000)
 Metaspace       used 57379K, capacity 58734K, committed 59008K, reserved 1101824K
  class space    used 6645K, capacity 6907K, committed 7040K, reserved 1048576K
}

