# JRE version: OpenJDK Runtime Environment (8.0_212-b04) (build 1.8.0_212-b04)
# Java VM: OpenJDK 64-Bit Server VM (25.212-b04 mixed mode linux-amd64 compressed oops)
Heap:
 PSYoungGen      total 406528K, used 158643K [0x00000000d5580000, 0x0000000100000000, 0x0000000100000000)
  eden space 376320K, 34% used [0x00000000d5580000,0x00000000dd2f2c68,0x00000000ec500000)
  from space 30208K, 99% used [0x00000000f8e00000,0x00000000fab7a098,0x00000000fab80000)
  to   space 161280K, 0% used [0x00000000ec500000,0x00000000ec500000,0x00000000f6280000)
 ParOldGen       total 1398272K, used 982494K [0x0000000080000000, 0x00000000d5580000, 0x00000000d5580000)
  object space 1398272K, 70% used [0x0000000080000000,0x00000000bbf77af0,0x00000000d5580000)
 Metaspace       used 65576K, capacity 68326K, committed 68480K, reserved 1110016K
  class space    used 7463K, capacity 7955K, committed 8064K, reserved 1048576K
GC Heap History (10 events):
Event: 8.481 GC heap before
{Heap before GC invocations=5 (full 2):
 PSYoungGen      total 611840K, used 524800K [0x00000000d5580000, 0x0000000100000000, 0x0000000100000000)
  eden space 524800K, 100% used [0x00000000d5580000,0x00000000f5600000,0x00000000f5600000)
  from space 87040K, 0% used [0x00000000fab00000,0x00000000fab00000,0x0000000100000000)
  to   space 87040K, 0% used [0x00000000f5600000,0x00000000f5600000,0x00000000fab00000)
 ParOldGen       total 1398272K, used 23837K [0x0000000080000000, 0x00000000d5580000, 0x00000000d5580000)
  object space 1398272K, 1% used [0x0000000080000000,0x00000000817475d0,0x00000000d5580000)
 Metaspace       used 44976K, capacity 45874K, committed 46208K, reserved 1089536K
  class space    used 5200K, capacity 5407K, committed 5504K, reserved 1048576K
Event: 8.513 GC heap after
Heap after GC invocations=5 (full 2):
 PSYoungGen      total 611840K, used 17473K [0x00000000d5580000, 0x0000000100000000, 0x0000000100000000)
  eden space 524800K, 0% used [0x00000000d5580000,0x00000000d5580000,0x00000000f5600000)
  from space 87040K, 20% used [0x00000000f5600000,0x00000000f6710470,0x00000000fab00000)
  to   space 87040K, 0% used [0x00000000fab00000,0x00000000fab00000,0x0000000100000000)
 ParOldGen       total 1398272K, used 23845K [0x0000000080000000, 0x00000000d5580000, 0x00000000d5580000)
  object space 1398272K, 1% used [0x0000000080000000,0x00000000817495d0,0x00000000d5580000)
 Metaspace       used 44976K, capacity 45874K, committed 46208K, reserved 1089536K
  class space    used 5200K, capacity 5407K, committed 5504K, reserved 1048576K
}
Event: 12.512 GC heap before
{Heap before GC invocations=6 (full 2):
 PSYoungGen      total 611840K, used 308751K [0x00000000d5580000, 0x0000000100000000, 0x0000000100000000)
  eden space 524800K, 55% used [0x00000000d5580000,0x00000000e71f3920,0x00000000f5600000)
  from space 87040K, 20% used [0x00000000f5600000,0x00000000f6710470,0x00000000fab00000)
  to   space 87040K, 0% used [0x00000000fab00000,0x00000000fab00000,0x0000000100000000)
 ParOldGen       total 1398272K, used 23845K [0x0000000080000000, 0x00000000d5580000, 0x00000000d5580000)
  object space 1398272K, 1% used [0x0000000080000000,0x00000000817495d0,0x00000000d5580000)
 Metaspace       used 57569K, capacity 58990K, committed 59028K, reserved 1101824K
  class space    used 6623K, capacity 6905K, committed 6912K, reserved 1048576K
Event: 12.564 GC heap after
Heap after GC invocations=6 (full 2):
 PSYoungGen      total 611840K, used 29465K [0x00000000d5580000, 0x0000000100000000, 0x0000000100000000)
  eden space 524800K, 0% used [0x00000000d5580000,0x00000000d5580000,0x00000000f5600000)
  from space 87040K, 33% used [0x00000000fab00000,0x00000000fc7c6470,0x0000000100000000)
  to   space 87040K, 0% used [0x00000000f5600000,0x00000000f5600000,0x00000000fab00000)
 ParOldGen       total 1398272K, used 23853K [0x0000000080000000, 0x00000000d5580000, 0x00000000d5580000)
  object space 1398272K, 1% used [0x0000000080000000,0x000000008174b5d0,0x00000000d5580000)
 Metaspace       used 57569K, capacity 58990K, committed 59028K, reserved 1101824K
  class space    used 6623K, capacity 6905K, committed 6912K, reserved 1048576K
}
Event: 12.564 GC heap before
{Heap before GC invocations=7 (full 3):
 PSYoungGen      total 611840K, used 29465K [0x00000000d5580000, 0x0000000100000000, 0x0000000100000000)
  eden space 524800K, 0% used [0x00000000d5580000,0x00000000d5580000,0x00000000f5600000)
  from space 87040K, 33% used [0x00000000fab00000,0x00000000fc7c6470,0x0000000100000000)
  to   space 87040K, 0% used [0x00000000f5600000,0x00000000f5600000,0x00000000fab00000)
 ParOldGen       total 1398272K, used 23853K [0x0000000080000000, 0x00000000d5580000, 0x00000000d5580000)
  object space 1398272K, 1% used [0x0000000080000000,0x000000008174b5d0,0x00000000d5580000)
 Metaspace       used 57569K, capacity 58990K, committed 59028K, reserved 1101824K
  class space    used 6623K, capacity 6905K, committed 6912K, reserved 1048576K
Event: 12.890 GC heap after
Heap after GC invocations=7 (full 3):
 PSYoungGen      total 611840K, used 0K [0x00000000d5580000, 0x0000000100000000, 0x0000000100000000)
  eden space 524800K, 0% used [0x00000000d5580000,0x00000000d5580000,0x00000000f5600000)
  from space 87040K, 0% used [0x00000000fab00000,0x00000000fab00000,0x0000000100000000)
  to   space 87040K, 0% used [0x00000000f5600000,0x00000000f5600000,0x00000000fab00000)
 ParOldGen       total 1398272K, used 40795K [0x0000000080000000, 0x00000000d5580000, 0x00000000d5580000)
  object space 1398272K, 2% used [0x0000000080000000,0x00000000827d6c10,0x00000000d5580000)
 Metaspace       used 57535K, capacity 58904K, committed 59028K, reserved 1101824K
  class space    used 6611K, capacity 6884K, committed 6912K, reserved 1048576K
}
Event: 19.732 GC heap before
{Heap before GC invocations=8 (full 3):
 PSYoungGen      total 611840K, used 358017K [0x00000000d5580000, 0x0000000100000000, 0x0000000100000000)
  eden space 524800K, 68% used [0x00000000d5580000,0x00000000eb3205a0,0x00000000f5600000)
  from space 87040K, 0% used [0x00000000fab00000,0x00000000fab00000,0x0000000100000000)
  to   space 87040K, 0% used [0x00000000f5600000,0x00000000f5600000,0x00000000fab00000)
 ParOldGen       total 1398272K, used 40795K [0x0000000080000000, 0x00000000d5580000, 0x00000000d5580000)
  object space 1398272K, 2% used [0x0000000080000000,0x00000000827d6c10,0x00000000d5580000)
 Metaspace       used 60877K, capacity 62912K, committed 62976K, reserved 1105920K
  class space    used 7043K, capacity 7418K, committed 7424K, reserved 1048576K
Event: 20.106 GC heap after
Heap after GC invocations=8 (full 3):
 PSYoungGen      total 536576K, used 11665K [0x00000000d5580000, 0x00000000fab80000, 0x0000000100000000)
  eden space 524800K, 0% used [0x00000000d5580000,0x00000000d5580000,0x00000000f5600000)
  from space 11776K, 99% used [0x00000000f5600000,0x00000000f61645a0,0x00000000f6180000)
  to   space 30208K, 0% used [0x00000000f8e00000,0x00000000f8e00000,0x00000000fab80000)
 ParOldGen       total 1398272K, used 450395K [0x0000000080000000, 0x00000000d5580000, 0x00000000d5580000)
  object space 1398272K, 32% used [0x0000000080000000,0x000000009b7d6c30,0x00000000d5580000)
 Metaspace       used 60877K, capacity 62912K, committed 62976K, reserved 1105920K
  class space    used 7043K, capacity 7418K, committed 7424K, reserved 1048576K
}
Event: 24.698 GC heap before
{Heap before GC invocations=9 (full 3):
 PSYoungGen      total 536576K, used 536465K [0x00000000d5580000, 0x00000000fab80000, 0x0000000100000000)
  eden space 524800K, 100% used [0x00000000d5580000,0x00000000f5600000,0x00000000f5600000)
  from space 11776K, 99% used [0x00000000f5600000,0x00000000f61645a0,0x00000000f6180000)
  to   space 30208K, 0% used [0x00000000f8e00000,0x00000000f8e00000,0x00000000fab80000)
 ParOldGen       total 1398272K, used 757595K [0x0000000080000000, 0x00000000d5580000, 0x00000000d5580000)
  object space 1398272K, 54% used [0x0000000080000000,0x00000000ae3d6c40,0x00000000d5580000)
 Metaspace       used 65065K, capacity 67718K, committed 67968K, reserved 1110016K
  class space    used 7456K, capacity 7943K, committed 8064K, reserved 1048576K
Event: 24.862 GC heap after
Heap after GC invocations=9 (full 3):
 PSYoungGen      total 406528K, used 30184K [0x00000000d5580000, 0x0000000100000000, 0x0000000100000000)
  eden space 376320K, 0% used [0x00000000d5580000,0x00000000d5580000,0x00000000ec500000)
  from space 30208K, 99% used [0x00000000f8e00000,0x00000000fab7a098,0x00000000fab80000)
  to   space 161280K, 0% used [0x00000000ec500000,0x00000000ec500000,0x00000000f6280000)
 ParOldGen       total 1398272K, used 982494K [0x0000000080000000, 0x00000000d5580000, 0x00000000d5580000)
  object space 1398272K, 70% used [0x0000000080000000,0x00000000bbf77af0,0x00000000d5580000)
 Metaspace       used 65065K, capacity 67718K, committed 67968K, reserved 1110016K
  class space    used 7456K, capacity 7943K, committed 8064K, reserved 1048576K
}

