# JRE version: OpenJDK Runtime Environment (8.0_212-b04) (build 1.8.0_212-b04)
# Java VM: OpenJDK 64-Bit Server VM (25.212-b04 mixed mode linux-amd64 compressed oops)
Heap:
 PSYoungGen      total 606720K, used 537664K [0x00000000d5580000, 0x0000000100000000, 0x0000000100000000)
  eden space 524800K, 86% used [0x00000000d5580000,0x00000000f1306430,0x00000000f5600000)
  from space 81920K, 99% used [0x00000000f5600000,0x00000000fa589d18,0x00000000fa600000)
  to   space 92160K, 0% used [0x00000000fa600000,0x00000000fa600000,0x0000000100000000)
 ParOldGen       total 1398272K, used 44300K [0x0000000080000000, 0x00000000d5580000, 0x00000000d5580000)
  object space 1398272K, 3% used [0x0000000080000000,0x0000000082b43398,0x00000000d5580000)
 Metaspace       used 67764K, capacity 71042K, committed 71296K, reserved 1112064K
  class space    used 7630K, capacity 8209K, committed 8320K, reserved 1048576K
GC Heap History (10 events):
Event: 4.626 GC heap before
{Heap before GC invocations=4 (full 2):
 PSYoungGen      total 611840K, used 19164K [0x00000000d5580000, 0x0000000100000000, 0x0000000100000000)
  eden space 524800K, 0% used [0x00000000d5580000,0x00000000d5580000,0x00000000f5600000)
  from space 87040K, 22% used [0x00000000fab00000,0x00000000fbdb71b0,0x0000000100000000)
  to   space 87040K, 0% used [0x00000000f5600000,0x00000000f5600000,0x00000000fab00000)
 ParOldGen       total 860672K, used 13818K [0x0000000080000000, 0x00000000b4880000, 0x00000000d5580000)
  object space 860672K, 1% used [0x0000000080000000,0x0000000080d7ea08,0x00000000b4880000)
 Metaspace       used 34796K, capacity 35188K, committed 35416K, reserved 1081344K
  class space    used 3969K, capacity 4092K, committed 4096K, reserved 1048576K
Event: 4.739 GC heap after
Heap after GC invocations=4 (full 2):
 PSYoungGen      total 611840K, used 0K [0x00000000d5580000, 0x0000000100000000, 0x0000000100000000)
  eden space 524800K, 0% used [0x00000000d5580000,0x00000000d5580000,0x00000000f5600000)
  from space 87040K, 0% used [0x00000000fab00000,0x00000000fab00000,0x0000000100000000)
  to   space 87040K, 0% used [0x00000000f5600000,0x00000000f5600000,0x00000000fab00000)
 ParOldGen       total 1398272K, used 23532K [0x0000000080000000, 0x00000000d5580000, 0x00000000d5580000)
  object space 1398272K, 1% used [0x0000000080000000,0x00000000816fb2d8,0x00000000d5580000)
 Metaspace       used 34796K, capacity 35188K, committed 35416K, reserved 1081344K
  class space    used 3969K, capacity 4092K, committed 4096K, reserved 1048576K
}
Event: 11.749 GC heap before
{Heap before GC invocations=5 (full 2):
 PSYoungGen      total 611840K, used 500550K [0x00000000d5580000, 0x0000000100000000, 0x0000000100000000)
  eden space 524800K, 95% used [0x00000000d5580000,0x00000000f3e51b60,0x00000000f5600000)
  from space 87040K, 0% used [0x00000000fab00000,0x00000000fab00000,0x0000000100000000)
  to   space 87040K, 0% used [0x00000000f5600000,0x00000000f5600000,0x00000000fab00000)
 ParOldGen       total 1398272K, used 23532K [0x0000000080000000, 0x00000000d5580000, 0x00000000d5580000)
  object space 1398272K, 1% used [0x0000000080000000,0x00000000816fb2d8,0x00000000d5580000)
 Metaspace       used 57386K, capacity 58804K, committed 59008K, reserved 1101824K
  class space    used 6634K, capacity 6914K, committed 7040K, reserved 1048576K
Event: 11.836 GC heap after
Heap after GC invocations=5 (full 2):
 PSYoungGen      total 611840K, used 33789K [0x00000000d5580000, 0x0000000100000000, 0x0000000100000000)
  eden space 524800K, 0% used [0x00000000d5580000,0x00000000d5580000,0x00000000f5600000)
  from space 87040K, 38% used [0x00000000f5600000,0x00000000f76ff450,0x00000000fab00000)
  to   space 87040K, 0% used [0x00000000fab00000,0x00000000fab00000,0x0000000100000000)
 ParOldGen       total 1398272K, used 23540K [0x0000000080000000, 0x00000000d5580000, 0x00000000d5580000)
  object space 1398272K, 1% used [0x0000000080000000,0x00000000816fd2d8,0x00000000d5580000)
 Metaspace       used 57386K, capacity 58804K, committed 59008K, reserved 1101824K
  class space    used 6634K, capacity 6914K, committed 7040K, reserved 1048576K
}
Event: 11.836 GC heap before
{Heap before GC invocations=6 (full 3):
 PSYoungGen      total 611840K, used 33789K [0x00000000d5580000, 0x0000000100000000, 0x0000000100000000)
  eden space 524800K, 0% used [0x00000000d5580000,0x00000000d5580000,0x00000000f5600000)
  from space 87040K, 38% used [0x00000000f5600000,0x00000000f76ff450,0x00000000fab00000)
  to   space 87040K, 0% used [0x00000000fab00000,0x00000000fab00000,0x0000000100000000)
 ParOldGen       total 1398272K, used 23540K [0x0000000080000000, 0x00000000d5580000, 0x00000000d5580000)
  object space 1398272K, 1% used [0x0000000080000000,0x00000000816fd2d8,0x00000000d5580000)
 Metaspace       used 57386K, capacity 58804K, committed 59008K, reserved 1101824K
  class space    used 6634K, capacity 6914K, committed 7040K, reserved 1048576K
Event: 12.110 GC heap after
Heap after GC invocations=6 (full 3):
 PSYoungGen      total 611840K, used 0K [0x00000000d5580000, 0x0000000100000000, 0x0000000100000000)
  eden space 524800K, 0% used [0x00000000d5580000,0x00000000d5580000,0x00000000f5600000)
  from space 87040K, 0% used [0x00000000f5600000,0x00000000f5600000,0x00000000fab00000)
  to   space 87040K, 0% used [0x00000000fab00000,0x00000000fab00000,0x0000000100000000)
 ParOldGen       total 1398272K, used 44292K [0x0000000080000000, 0x00000000d5580000, 0x00000000d5580000)
  object space 1398272K, 3% used [0x0000000080000000,0x0000000082b41398,0x00000000d5580000)
 Metaspace       used 57332K, capacity 58678K, committed 59008K, reserved 1101824K
  class space    used 6615K, capacity 6881K, committed 7040K, reserved 1048576K
}
Event: 28.012 GC heap before
{Heap before GC invocations=7 (full 3):
 PSYoungGen      total 611840K, used 515498K [0x00000000d5580000, 0x0000000100000000, 0x0000000100000000)
  eden space 524800K, 98% used [0x00000000d5580000,0x00000000f4ceaa40,0x00000000f5600000)
  from space 87040K, 0% used [0x00000000f5600000,0x00000000f5600000,0x00000000fab00000)
  to   space 87040K, 0% used [0x00000000fab00000,0x00000000fab00000,0x0000000100000000)
 ParOldGen       total 1398272K, used 44292K [0x0000000080000000, 0x00000000d5580000, 0x00000000d5580000)
  object space 1398272K, 3% used [0x0000000080000000,0x0000000082b41398,0x00000000d5580000)
 Metaspace       used 66228K, capacity 69116K, committed 69376K, reserved 1110016K
  class space    used 7550K, capacity 8070K, committed 8192K, reserved 1048576K
Event: 28.115 GC heap after
Heap after GC invocations=7 (full 3):
 PSYoungGen      total 611840K, used 63280K [0x00000000d5580000, 0x0000000100000000, 0x0000000100000000)
  eden space 524800K, 0% used [0x00000000d5580000,0x00000000d5580000,0x00000000f5600000)
  from space 87040K, 72% used [0x00000000fab00000,0x00000000fe8cc300,0x0000000100000000)
  to   space 87040K, 0% used [0x00000000f5600000,0x00000000f5600000,0x00000000fab00000)
 ParOldGen       total 1398272K, used 44292K [0x0000000080000000, 0x00000000d5580000, 0x00000000d5580000)
  object space 1398272K, 3% used [0x0000000080000000,0x0000000082b41398,0x00000000d5580000)
 Metaspace       used 66228K, capacity 69116K, committed 69376K, reserved 1110016K
  class space    used 7550K, capacity 8070K, committed 8192K, reserved 1048576K
}
Event: 31.745 GC heap before
{Heap before GC invocations=8 (full 3):
 PSYoungGen      total 611840K, used 583947K [0x00000000d5580000, 0x0000000100000000, 0x0000000100000000)
  eden space 524800K, 99% used [0x00000000d5580000,0x00000000f51f6ca0,0x00000000f5600000)
  from space 87040K, 72% used [0x00000000fab00000,0x00000000fe8cc300,0x0000000100000000)
  to   space 87040K, 0% used [0x00000000f5600000,0x00000000f5600000,0x00000000fab00000)
 ParOldGen       total 1398272K, used 44292K [0x0000000080000000, 0x00000000d5580000, 0x00000000d5580000)
  object space 1398272K, 3% used [0x0000000080000000,0x0000000082b41398,0x00000000d5580000)
 Metaspace       used 66848K, capacity 69786K, committed 69888K, reserved 1112064K
  class space    used 7568K, capacity 8095K, committed 8192K, reserved 1048576K
Event: 31.854 GC heap after
Heap after GC invocations=8 (full 3):
 PSYoungGen      total 606720K, used 81447K [0x00000000d5580000, 0x0000000100000000, 0x0000000100000000)
  eden space 524800K, 0% used [0x00000000d5580000,0x00000000d5580000,0x00000000f5600000)
  from space 81920K, 99% used [0x00000000f5600000,0x00000000fa589d18,0x00000000fa600000)
  to   space 92160K, 0% used [0x00000000fa600000,0x00000000fa600000,0x0000000100000000)
 ParOldGen       total 1398272K, used 44300K [0x0000000080000000, 0x00000000d5580000, 0x00000000d5580000)
  object space 1398272K, 3% used [0x0000000080000000,0x0000000082b43398,0x00000000d5580000)
 Metaspace       used 66848K, capacity 69786K, committed 69888K, reserved 1112064K
  class space    used 7568K, capacity 8095K, committed 8192K, reserved 1048576K
}

