# JRE version: OpenJDK Runtime Environment (8.0_212-b04) (build 1.8.0_212-b04)
# Java VM: OpenJDK 64-Bit Server VM (25.212-b04 mixed mode linux-amd64 compressed oops)
Heap:
 PSYoungGen      total 611840K, used 141477K [0x00000000d5580000, 0x0000000100000000, 0x0000000100000000)
  eden space 524800K, 17% used [0x00000000d5580000,0x00000000db17ff88,0x00000000f5600000)
  from space 87040K, 54% used [0x00000000fab00000,0x00000000fd9295d0,0x0000000100000000)
  to   space 87040K, 0% used [0x00000000f5600000,0x00000000f5600000,0x00000000fab00000)
 ParOldGen       total 1398272K, used 41283K [0x0000000080000000, 0x00000000d5580000, 0x00000000d5580000)
  object space 1398272K, 2% used [0x0000000080000000,0x0000000082850c78,0x00000000d5580000)
 Metaspace       used 67002K, capacity 69842K, committed 70144K, reserved 1112064K
  class space    used 7595K, capacity 8113K, committed 8192K, reserved 1048576K
GC Heap History (10 events):
Event: 5.005 GC heap before
{Heap before GC invocations=3 (full 1):
 PSYoungGen      total 611840K, used 445044K [0x00000000d5580000, 0x0000000100000000, 0x0000000100000000)
  eden space 524800K, 84% used [0x00000000d5580000,0x00000000f081d048,0x00000000f5600000)
  from space 87040K, 0% used [0x00000000f5600000,0x00000000f5600000,0x00000000fab00000)
  to   space 87040K, 0% used [0x00000000fab00000,0x00000000fab00000,0x0000000100000000)
 ParOldGen       total 859648K, used 13747K [0x0000000080000000, 0x00000000b4780000, 0x00000000d5580000)
  object space 859648K, 1% used [0x0000000080000000,0x0000000080d6cf10,0x00000000b4780000)
 Metaspace       used 34752K, capacity 35092K, committed 35416K, reserved 1081344K
  class space    used 3966K, capacity 4060K, committed 4096K, reserved 1048576K
Event: 5.045 GC heap after
Heap after GC invocations=3 (full 1):
 PSYoungGen      total 611840K, used 19241K [0x00000000d5580000, 0x0000000100000000, 0x0000000100000000)
  eden space 524800K, 0% used [0x00000000d5580000,0x00000000d5580000,0x00000000f5600000)
  from space 87040K, 22% used [0x00000000fab00000,0x00000000fbdca5f0,0x0000000100000000)
  to   space 87040K, 0% used [0x00000000f5600000,0x00000000f5600000,0x00000000fab00000)
 ParOldGen       total 859648K, used 13747K [0x0000000080000000, 0x00000000b4780000, 0x00000000d5580000)
  object space 859648K, 1% used [0x0000000080000000,0x0000000080d6cf10,0x00000000b4780000)
 Metaspace       used 34752K, capacity 35092K, committed 35416K, reserved 1081344K
  class space    used 3966K, capacity 4060K, committed 4096K, reserved 1048576K
}
Event: 5.045 GC heap before
{Heap before GC invocations=4 (full 2):
 PSYoungGen      total 611840K, used 19241K [0x00000000d5580000, 0x0000000100000000, 0x0000000100000000)
  eden space 524800K, 0% used [0x00000000d5580000,0x00000000d5580000,0x00000000f5600000)
  from space 87040K, 22% used [0x00000000fab00000,0x00000000fbdca5f0,0x0000000100000000)
  to   space 87040K, 0% used [0x00000000f5600000,0x00000000f5600000,0x00000000fab00000)
 ParOldGen       total 859648K, used 13747K [0x0000000080000000, 0x00000000b4780000, 0x00000000d5580000)
  object space 859648K, 1% used [0x0000000080000000,0x0000000080d6cf10,0x00000000b4780000)
 Metaspace       used 34752K, capacity 35092K, committed 35416K, reserved 1081344K
  class space    used 3966K, capacity 4060K, committed 4096K, reserved 1048576K
Event: 5.169 GC heap after
Heap after GC invocations=4 (full 2):
 PSYoungGen      total 611840K, used 0K [0x00000000d5580000, 0x0000000100000000, 0x0000000100000000)
  eden space 524800K, 0% used [0x00000000d5580000,0x00000000d5580000,0x00000000f5600000)
  from space 87040K, 0% used [0x00000000fab00000,0x00000000fab00000,0x0000000100000000)
  to   space 87040K, 0% used [0x00000000f5600000,0x00000000f5600000,0x00000000fab00000)
 ParOldGen       total 1398272K, used 23547K [0x0000000080000000, 0x00000000d5580000, 0x00000000d5580000)
  object space 1398272K, 1% used [0x0000000080000000,0x00000000816fef30,0x00000000d5580000)
 Metaspace       used 34752K, capacity 35092K, committed 35416K, reserved 1081344K
  class space    used 3966K, capacity 4060K, committed 4096K, reserved 1048576K
}
Event: 11.237 GC heap before
{Heap before GC invocations=5 (full 2):
 PSYoungGen      total 611840K, used 461313K [0x00000000d5580000, 0x0000000100000000, 0x0000000100000000)
  eden space 524800K, 87% used [0x00000000d5580000,0x00000000f1800548,0x00000000f5600000)
  from space 87040K, 0% used [0x00000000fab00000,0x00000000fab00000,0x0000000100000000)
  to   space 87040K, 0% used [0x00000000f5600000,0x00000000f5600000,0x00000000fab00000)
 ParOldGen       total 1398272K, used 23547K [0x0000000080000000, 0x00000000d5580000, 0x00000000d5580000)
  object space 1398272K, 1% used [0x0000000080000000,0x00000000816fef30,0x00000000d5580000)
 Metaspace       used 57452K, capacity 58844K, committed 59008K, reserved 1101824K
  class space    used 6662K, capacity 6932K, committed 7040K, reserved 1048576K
Event: 11.306 GC heap after
Heap after GC invocations=5 (full 2):
 PSYoungGen      total 611840K, used 30830K [0x00000000d5580000, 0x0000000100000000, 0x0000000100000000)
  eden space 524800K, 0% used [0x00000000d5580000,0x00000000d5580000,0x00000000f5600000)
  from space 87040K, 35% used [0x00000000f5600000,0x00000000f741bb30,0x00000000fab00000)
  to   space 87040K, 0% used [0x00000000fab00000,0x00000000fab00000,0x0000000100000000)
 ParOldGen       total 1398272K, used 23555K [0x0000000080000000, 0x00000000d5580000, 0x00000000d5580000)
  object space 1398272K, 1% used [0x0000000080000000,0x0000000081700f30,0x00000000d5580000)
 Metaspace       used 57452K, capacity 58844K, committed 59008K, reserved 1101824K
  class space    used 6662K, capacity 6932K, committed 7040K, reserved 1048576K
}
Event: 11.306 GC heap before
{Heap before GC invocations=6 (full 3):
 PSYoungGen      total 611840K, used 30830K [0x00000000d5580000, 0x0000000100000000, 0x0000000100000000)
  eden space 524800K, 0% used [0x00000000d5580000,0x00000000d5580000,0x00000000f5600000)
  from space 87040K, 35% used [0x00000000f5600000,0x00000000f741bb30,0x00000000fab00000)
  to   space 87040K, 0% used [0x00000000fab00000,0x00000000fab00000,0x0000000100000000)
 ParOldGen       total 1398272K, used 23555K [0x0000000080000000, 0x00000000d5580000, 0x00000000d5580000)
  object space 1398272K, 1% used [0x0000000080000000,0x0000000081700f30,0x00000000d5580000)
 Metaspace       used 57452K, capacity 58844K, committed 59008K, reserved 1101824K
  class space    used 6662K, capacity 6932K, committed 7040K, reserved 1048576K
Event: 11.515 GC heap after
Heap after GC invocations=6 (full 3):
 PSYoungGen      total 611840K, used 0K [0x00000000d5580000, 0x0000000100000000, 0x0000000100000000)
  eden space 524800K, 0% used [0x00000000d5580000,0x00000000d5580000,0x00000000f5600000)
  from space 87040K, 0% used [0x00000000f5600000,0x00000000f5600000,0x00000000fab00000)
  to   space 87040K, 0% used [0x00000000fab00000,0x00000000fab00000,0x0000000100000000)
 ParOldGen       total 1398272K, used 41275K [0x0000000080000000, 0x00000000d5580000, 0x00000000d5580000)
  object space 1398272K, 2% used [0x0000000080000000,0x000000008284ec78,0x00000000d5580000)
 Metaspace       used 57429K, capacity 58784K, committed 59008K, reserved 1101824K
  class space    used 6653K, capacity 6918K, committed 7040K, reserved 1048576K
}
Event: 60.003 GC heap before
{Heap before GC invocations=7 (full 3):
 PSYoungGen      total 611840K, used 524800K [0x00000000d5580000, 0x0000000100000000, 0x0000000100000000)
  eden space 524800K, 100% used [0x00000000d5580000,0x00000000f5600000,0x00000000f5600000)
  from space 87040K, 0% used [0x00000000f5600000,0x00000000f5600000,0x00000000fab00000)
  to   space 87040K, 0% used [0x00000000fab00000,0x00000000fab00000,0x0000000100000000)
 ParOldGen       total 1398272K, used 41275K [0x0000000080000000, 0x00000000d5580000, 0x00000000d5580000)
  object space 1398272K, 2% used [0x0000000080000000,0x000000008284ec78,0x00000000d5580000)
 Metaspace       used 66533K, capacity 69288K, committed 69632K, reserved 1110016K
  class space    used 7584K, capacity 8098K, committed 8192K, reserved 1048576K
Event: 60.104 GC heap after
Heap after GC invocations=7 (full 3):
 PSYoungGen      total 611840K, used 47269K [0x00000000d5580000, 0x0000000100000000, 0x0000000100000000)
  eden space 524800K, 0% used [0x00000000d5580000,0x00000000d5580000,0x00000000f5600000)
  from space 87040K, 54% used [0x00000000fab00000,0x00000000fd9295d0,0x0000000100000000)
  to   space 87040K, 0% used [0x00000000f5600000,0x00000000f5600000,0x00000000fab00000)
 ParOldGen       total 1398272K, used 41283K [0x0000000080000000, 0x00000000d5580000, 0x00000000d5580000)
  object space 1398272K, 2% used [0x0000000080000000,0x0000000082850c78,0x00000000d5580000)
 Metaspace       used 66533K, capacity 69288K, committed 69632K, reserved 1110016K
  class space    used 7584K, capacity 8098K, committed 8192K, reserved 1048576K
}

