# JRE version: OpenJDK Runtime Environment (8.0_212-b04) (build 1.8.0_212-b04)
# Java VM: OpenJDK 64-Bit Server VM (25.212-b04 mixed mode linux-amd64 compressed oops)
Heap:
 PSYoungGen      total 582144K, used 352071K [0x00000000d5580000, 0x0000000100000000, 0x0000000100000000)
  eden space 553472K, 63% used [0x00000000d5580000,0x00000000ead51d98,0x00000000f7200000)
  from space 28672K, 0% used [0x00000000f8f80000,0x00000000f8f80000,0x00000000fab80000)
  to   space 30208K, 0% used [0x00000000f7200000,0x00000000f7200000,0x00000000f8f80000)
 ParOldGen       total 1398272K, used 545637K [0x0000000080000000, 0x00000000d5580000, 0x00000000d5580000)
  object space 1398272K, 39% used [0x0000000080000000,0x00000000a14d9738,0x00000000d5580000)
 Metaspace       used 65208K, capacity 67710K, committed 67840K, reserved 1110016K
  class space    used 7424K, capacity 7877K, committed 7936K, reserved 1048576K
GC Heap History (10 events):
Event: 13.584 GC heap before
{Heap before GC invocations=6 (full 2):
 PSYoungGen      total 611840K, used 324361K [0x00000000d5580000, 0x0000000100000000, 0x0000000100000000)
  eden space 524800K, 58% used [0x00000000d5580000,0x00000000e8161268,0x00000000f5600000)
  from space 87040K, 19% used [0x00000000f5600000,0x00000000f66e1330,0x00000000fab00000)
  to   space 87040K, 0% used [0x00000000fab00000,0x00000000fab00000,0x0000000100000000)
 ParOldGen       total 1398272K, used 23877K [0x0000000080000000, 0x00000000d5580000, 0x00000000d5580000)
  object space 1398272K, 1% used [0x0000000080000000,0x00000000817516b8,0x00000000d5580000)
 Metaspace       used 57508K, capacity 58942K, committed 59028K, reserved 1101824K
  class space    used 6619K, capacity 6897K, committed 6912K, reserved 1048576K
Event: 13.662 GC heap after
Heap after GC invocations=6 (full 2):
 PSYoungGen      total 611840K, used 28219K [0x00000000d5580000, 0x0000000100000000, 0x0000000100000000)
  eden space 524800K, 0% used [0x00000000d5580000,0x00000000d5580000,0x00000000f5600000)
  from space 87040K, 32% used [0x00000000fab00000,0x00000000fc68edf0,0x0000000100000000)
  to   space 87040K, 0% used [0x00000000f5600000,0x00000000f5600000,0x00000000fab00000)
 ParOldGen       total 1398272K, used 23885K [0x0000000080000000, 0x00000000d5580000, 0x00000000d5580000)
  object space 1398272K, 1% used [0x0000000080000000,0x00000000817536b8,0x00000000d5580000)
 Metaspace       used 57508K, capacity 58942K, committed 59028K, reserved 1101824K
  class space    used 6619K, capacity 6897K, committed 6912K, reserved 1048576K
}
Event: 13.662 GC heap before
{Heap before GC invocations=7 (full 3):
 PSYoungGen      total 611840K, used 28219K [0x00000000d5580000, 0x0000000100000000, 0x0000000100000000)
  eden space 524800K, 0% used [0x00000000d5580000,0x00000000d5580000,0x00000000f5600000)
  from space 87040K, 32% used [0x00000000fab00000,0x00000000fc68edf0,0x0000000100000000)
  to   space 87040K, 0% used [0x00000000f5600000,0x00000000f5600000,0x00000000fab00000)
 ParOldGen       total 1398272K, used 23885K [0x0000000080000000, 0x00000000d5580000, 0x00000000d5580000)
  object space 1398272K, 1% used [0x0000000080000000,0x00000000817536b8,0x00000000d5580000)
 Metaspace       used 57508K, capacity 58942K, committed 59028K, reserved 1101824K
  class space    used 6619K, capacity 6897K, committed 6912K, reserved 1048576K
Event: 13.983 GC heap after
Heap after GC invocations=7 (full 3):
 PSYoungGen      total 611840K, used 0K [0x00000000d5580000, 0x0000000100000000, 0x0000000100000000)
  eden space 524800K, 0% used [0x00000000d5580000,0x00000000d5580000,0x00000000f5600000)
  from space 87040K, 0% used [0x00000000fab00000,0x00000000fab00000,0x0000000100000000)
  to   space 87040K, 0% used [0x00000000f5600000,0x00000000f5600000,0x00000000fab00000)
 ParOldGen       total 1398272K, used 39638K [0x0000000080000000, 0x00000000d5580000, 0x00000000d5580000)
  object space 1398272K, 2% used [0x0000000080000000,0x00000000826b5be0,0x00000000d5580000)
 Metaspace       used 57488K, capacity 58894K, committed 59028K, reserved 1101824K
  class space    used 6611K, capacity 6885K, committed 6912K, reserved 1048576K
}
Event: 20.822 GC heap before
{Heap before GC invocations=8 (full 3):
 PSYoungGen      total 611840K, used 354061K [0x00000000d5580000, 0x0000000100000000, 0x0000000100000000)
  eden space 524800K, 67% used [0x00000000d5580000,0x00000000eaf43410,0x00000000f5600000)
  from space 87040K, 0% used [0x00000000fab00000,0x00000000fab00000,0x0000000100000000)
  to   space 87040K, 0% used [0x00000000f5600000,0x00000000f5600000,0x00000000fab00000)
 ParOldGen       total 1398272K, used 39638K [0x0000000080000000, 0x00000000d5580000, 0x00000000d5580000)
  object space 1398272K, 2% used [0x0000000080000000,0x00000000826b5be0,0x00000000d5580000)
 Metaspace       used 60659K, capacity 62692K, committed 62976K, reserved 1105920K
  class space    used 7013K, capacity 7390K, committed 7424K, reserved 1048576K
Event: 21.088 GC heap after
Heap after GC invocations=8 (full 3):
 PSYoungGen      total 538112K, used 12945K [0x00000000d5580000, 0x00000000fab80000, 0x0000000100000000)
  eden space 524800K, 0% used [0x00000000d5580000,0x00000000d5580000,0x00000000f5600000)
  from space 13312K, 97% used [0x00000000f5600000,0x00000000f62a47c0,0x00000000f6300000)
  to   space 28672K, 0% used [0x00000000f8f80000,0x00000000f8f80000,0x00000000fab80000)
 ParOldGen       total 1398272K, used 449247K [0x0000000080000000, 0x00000000d5580000, 0x00000000d5580000)
  object space 1398272K, 32% used [0x0000000080000000,0x000000009b6b7c00,0x00000000d5580000)
 Metaspace       used 60659K, capacity 62692K, committed 62976K, reserved 1105920K
  class space    used 7013K, capacity 7390K, committed 7424K, reserved 1048576K
}
Event: 21.349 GC heap before
{Heap before GC invocations=9 (full 3):
 PSYoungGen      total 538112K, used 537745K [0x00000000d5580000, 0x00000000fab80000, 0x0000000100000000)
  eden space 524800K, 100% used [0x00000000d5580000,0x00000000f5600000,0x00000000f5600000)
  from space 13312K, 97% used [0x00000000f5600000,0x00000000f62a47c0,0x00000000f6300000)
  to   space 28672K, 0% used [0x00000000f8f80000,0x00000000f8f80000,0x00000000fab80000)
 ParOldGen       total 1398272K, used 449247K [0x0000000080000000, 0x00000000d5580000, 0x00000000d5580000)
  object space 1398272K, 32% used [0x0000000080000000,0x000000009b6b7c00,0x00000000d5580000)
 Metaspace       used 60660K, capacity 62692K, committed 62976K, reserved 1105920K
  class space    used 7013K, capacity 7390K, committed 7424K, reserved 1048576K
Event: 21.827 GC heap after
Heap after GC invocations=9 (full 3):
 PSYoungGen      total 582144K, used 5920K [0x00000000d5580000, 0x0000000100000000, 0x0000000100000000)
  eden space 553472K, 0% used [0x00000000d5580000,0x00000000d5580000,0x00000000f7200000)
  from space 28672K, 20% used [0x00000000f8f80000,0x00000000f9548070,0x00000000fab80000)
  to   space 30208K, 0% used [0x00000000f7200000,0x00000000f7200000,0x00000000f8f80000)
 ParOldGen       total 1398272K, used 961255K [0x0000000080000000, 0x00000000d5580000, 0x00000000d5580000)
  object space 1398272K, 68% used [0x0000000080000000,0x00000000baab9c20,0x00000000d5580000)
 Metaspace       used 60660K, capacity 62692K, committed 62976K, reserved 1105920K
  class space    used 7013K, capacity 7390K, committed 7424K, reserved 1048576K
}
Event: 21.827 GC heap before
{Heap before GC invocations=10 (full 4):
 PSYoungGen      total 582144K, used 5920K [0x00000000d5580000, 0x0000000100000000, 0x0000000100000000)
  eden space 553472K, 0% used [0x00000000d5580000,0x00000000d5580000,0x00000000f7200000)
  from space 28672K, 20% used [0x00000000f8f80000,0x00000000f9548070,0x00000000fab80000)
  to   space 30208K, 0% used [0x00000000f7200000,0x00000000f7200000,0x00000000f8f80000)
 ParOldGen       total 1398272K, used 961255K [0x0000000080000000, 0x00000000d5580000, 0x00000000d5580000)
  object space 1398272K, 68% used [0x0000000080000000,0x00000000baab9c20,0x00000000d5580000)
 Metaspace       used 60660K, capacity 62692K, committed 62976K, reserved 1105920K
  class space    used 7013K, capacity 7390K, committed 7424K, reserved 1048576K
Event: 22.149 GC heap after
Heap after GC invocations=10 (full 4):
 PSYoungGen      total 582144K, used 0K [0x00000000d5580000, 0x0000000100000000, 0x0000000100000000)
  eden space 553472K, 0% used [0x00000000d5580000,0x00000000d5580000,0x00000000f7200000)
  from space 28672K, 0% used [0x00000000f8f80000,0x00000000f8f80000,0x00000000fab80000)
  to   space 30208K, 0% used [0x00000000f7200000,0x00000000f7200000,0x00000000f8f80000)
 ParOldGen       total 1398272K, used 545637K [0x0000000080000000, 0x00000000d5580000, 0x00000000d5580000)
  object space 1398272K, 39% used [0x0000000080000000,0x00000000a14d9738,0x00000000d5580000)
 Metaspace       used 60544K, capacity 62384K, committed 62976K, reserved 1105920K
  class space    used 6972K, capacity 7316K, committed 7424K, reserved 1048576K
}

