# JRE version: OpenJDK Runtime Environment (8.0_212-b04) (build 1.8.0_212-b04)
# Java VM: OpenJDK 64-Bit Server VM (25.212-b04 mixed mode linux-amd64 compressed oops)
Heap:
 PSYoungGen      total 577024K, used 249716K [0x00000000d5580000, 0x0000000100000000, 0x0000000100000000)
  eden space 521216K, 37% used [0x00000000d5580000,0x00000000e12de7f0,0x00000000f5280000)
  from space 55808K, 99% used [0x00000000f5280000,0x00000000f88fea88,0x00000000f8900000)
  to   space 69632K, 0% used [0x00000000fbc00000,0x00000000fbc00000,0x0000000100000000)
 ParOldGen       total 1398272K, used 56708K [0x0000000080000000, 0x00000000d5580000, 0x00000000d5580000)
  object space 1398272K, 4% used [0x0000000080000000,0x0000000083761180,0x00000000d5580000)
 Metaspace       used 68974K, capacity 72148K, committed 72320K, reserved 1114112K
  class space    used 7723K, capacity 8278K, committed 8320K, reserved 1048576K
GC Heap History (10 events):
Event: 12.298 GC heap before
{Heap before GC invocations=6 (full 2):
 PSYoungGen      total 611840K, used 69542K [0x00000000d5580000, 0x0000000100000000, 0x0000000100000000)
  eden space 524800K, 7% used [0x00000000d5580000,0x00000000d7db2b08,0x00000000f5600000)
  from space 87040K, 32% used [0x00000000f5600000,0x00000000f71b6ed0,0x00000000fab00000)
  to   space 87040K, 0% used [0x00000000fab00000,0x00000000fab00000,0x0000000100000000)
 ParOldGen       total 1398272K, used 23840K [0x0000000080000000, 0x00000000d5580000, 0x00000000d5580000)
  object space 1398272K, 1% used [0x0000000080000000,0x0000000081748218,0x00000000d5580000)
 Metaspace       used 57442K, capacity 58804K, committed 59008K, reserved 1101824K
  class space    used 6654K, capacity 6924K, committed 7040K, reserved 1048576K
Event: 12.325 GC heap after
Heap after GC invocations=6 (full 2):
 PSYoungGen      total 611840K, used 12133K [0x00000000d5580000, 0x0000000100000000, 0x0000000100000000)
  eden space 524800K, 0% used [0x00000000d5580000,0x00000000d5580000,0x00000000f5600000)
  from space 87040K, 13% used [0x00000000fab00000,0x00000000fb6d96c0,0x0000000100000000)
  to   space 87040K, 0% used [0x00000000f5600000,0x00000000f5600000,0x00000000fab00000)
 ParOldGen       total 1398272K, used 23840K [0x0000000080000000, 0x00000000d5580000, 0x00000000d5580000)
  object space 1398272K, 1% used [0x0000000080000000,0x0000000081748218,0x00000000d5580000)
 Metaspace       used 57442K, capacity 58804K, committed 59008K, reserved 1101824K
  class space    used 6654K, capacity 6924K, committed 7040K, reserved 1048576K
}
Event: 12.325 GC heap before
{Heap before GC invocations=7 (full 3):
 PSYoungGen      total 611840K, used 12133K [0x00000000d5580000, 0x0000000100000000, 0x0000000100000000)
  eden space 524800K, 0% used [0x00000000d5580000,0x00000000d5580000,0x00000000f5600000)
  from space 87040K, 13% used [0x00000000fab00000,0x00000000fb6d96c0,0x0000000100000000)
  to   space 87040K, 0% used [0x00000000f5600000,0x00000000f5600000,0x00000000fab00000)
 ParOldGen       total 1398272K, used 23840K [0x0000000080000000, 0x00000000d5580000, 0x00000000d5580000)
  object space 1398272K, 1% used [0x0000000080000000,0x0000000081748218,0x00000000d5580000)
 Metaspace       used 57442K, capacity 58804K, committed 59008K, reserved 1101824K
  class space    used 6654K, capacity 6924K, committed 7040K, reserved 1048576K
Event: 12.567 GC heap after
Heap after GC invocations=7 (full 3):
 PSYoungGen      total 611840K, used 0K [0x00000000d5580000, 0x0000000100000000, 0x0000000100000000)
  eden space 524800K, 0% used [0x00000000d5580000,0x00000000d5580000,0x00000000f5600000)
  from space 87040K, 0% used [0x00000000fab00000,0x00000000fab00000,0x0000000100000000)
  to   space 87040K, 0% used [0x00000000f5600000,0x00000000f5600000,0x00000000fab00000)
 ParOldGen       total 1398272K, used 24390K [0x0000000080000000, 0x00000000d5580000, 0x00000000d5580000)
  object space 1398272K, 1% used [0x0000000080000000,0x00000000817d1a50,0x00000000d5580000)
 Metaspace       used 57418K, capacity 58742K, committed 59008K, reserved 1101824K
  class space    used 6645K, capacity 6909K, committed 7040K, reserved 1048576K
}
Event: 59.651 GC heap before
{Heap before GC invocations=8 (full 3):
 PSYoungGen      total 611840K, used 524800K [0x00000000d5580000, 0x0000000100000000, 0x0000000100000000)
  eden space 524800K, 100% used [0x00000000d5580000,0x00000000f5600000,0x00000000f5600000)
  from space 87040K, 0% used [0x00000000fab00000,0x00000000fab00000,0x0000000100000000)
  to   space 87040K, 0% used [0x00000000f5600000,0x00000000f5600000,0x00000000fab00000)
 ParOldGen       total 1398272K, used 24390K [0x0000000080000000, 0x00000000d5580000, 0x00000000d5580000)
  object space 1398272K, 1% used [0x0000000080000000,0x00000000817d1a50,0x00000000d5580000)
 Metaspace       used 62180K, capacity 64456K, committed 64768K, reserved 1105920K
  class space    used 7167K, capacity 7576K, committed 7680K, reserved 1048576K
Event: 59.743 GC heap after
Heap after GC invocations=8 (full 3):
 PSYoungGen      total 553472K, used 28453K [0x00000000d5580000, 0x00000000fab80000, 0x0000000100000000)
  eden space 524800K, 0% used [0x00000000d5580000,0x00000000d5580000,0x00000000f5600000)
  from space 28672K, 99% used [0x00000000f5600000,0x00000000f71c9540,0x00000000f7200000)
  to   space 35328K, 0% used [0x00000000f8900000,0x00000000f8900000,0x00000000fab80000)
 ParOldGen       total 1398272K, used 24398K [0x0000000080000000, 0x00000000d5580000, 0x00000000d5580000)
  object space 1398272K, 1% used [0x0000000080000000,0x00000000817d3a50,0x00000000d5580000)
 Metaspace       used 62180K, capacity 64456K, committed 64768K, reserved 1105920K
  class space    used 7167K, capacity 7576K, committed 7680K, reserved 1048576K
}
Event: 137.752 GC heap before
{Heap before GC invocations=9 (full 3):
 PSYoungGen      total 553472K, used 553253K [0x00000000d5580000, 0x00000000fab80000, 0x0000000100000000)
  eden space 524800K, 100% used [0x00000000d5580000,0x00000000f5600000,0x00000000f5600000)
  from space 28672K, 99% used [0x00000000f5600000,0x00000000f71c9540,0x00000000f7200000)
  to   space 35328K, 0% used [0x00000000f8900000,0x00000000f8900000,0x00000000fab80000)
 ParOldGen       total 1398272K, used 24398K [0x0000000080000000, 0x00000000d5580000, 0x00000000d5580000)
  object space 1398272K, 1% used [0x0000000080000000,0x00000000817d3a50,0x00000000d5580000)
 Metaspace       used 67966K, capacity 71040K, committed 71296K, reserved 1112064K
  class space    used 7713K, capacity 8260K, committed 8320K, reserved 1048576K
Event: 137.909 GC heap after
Heap after GC invocations=9 (full 3):
 PSYoungGen      total 556544K, used 35301K [0x00000000d5580000, 0x0000000100000000, 0x0000000100000000)
  eden space 521216K, 0% used [0x00000000d5580000,0x00000000d5580000,0x00000000f5280000)
  from space 35328K, 99% used [0x00000000f8900000,0x00000000fab79718,0x00000000fab80000)
  to   space 55808K, 0% used [0x00000000f5280000,0x00000000f5280000,0x00000000f8900000)
 ParOldGen       total 1398272K, used 50387K [0x0000000080000000, 0x00000000d5580000, 0x00000000d5580000)
  object space 1398272K, 3% used [0x0000000080000000,0x0000000083134fe0,0x00000000d5580000)
 Metaspace       used 67966K, capacity 71040K, committed 71296K, reserved 1112064K
  class space    used 7713K, capacity 8260K, committed 8320K, reserved 1048576K
}
Event: 193.950 GC heap before
{Heap before GC invocations=10 (full 3):
 PSYoungGen      total 556544K, used 556517K [0x00000000d5580000, 0x0000000100000000, 0x0000000100000000)
  eden space 521216K, 100% used [0x00000000d5580000,0x00000000f5280000,0x00000000f5280000)
  from space 35328K, 99% used [0x00000000f8900000,0x00000000fab79718,0x00000000fab80000)
  to   space 55808K, 0% used [0x00000000f5280000,0x00000000f5280000,0x00000000f8900000)
 ParOldGen       total 1398272K, used 50387K [0x0000000080000000, 0x00000000d5580000, 0x00000000d5580000)
  object space 1398272K, 3% used [0x0000000080000000,0x0000000083134fe0,0x00000000d5580000)
 Metaspace       used 68699K, capacity 71872K, committed 72064K, reserved 1114112K
  class space    used 7723K, capacity 8278K, committed 8320K, reserved 1048576K
Event: 194.116 GC heap after
Heap after GC invocations=10 (full 3):
 PSYoungGen      total 577024K, used 55802K [0x00000000d5580000, 0x0000000100000000, 0x0000000100000000)
  eden space 521216K, 0% used [0x00000000d5580000,0x00000000d5580000,0x00000000f5280000)
  from space 55808K, 99% used [0x00000000f5280000,0x00000000f88fea88,0x00000000f8900000)
  to   space 69632K, 0% used [0x00000000fbc00000,0x00000000fbc00000,0x0000000100000000)
 ParOldGen       total 1398272K, used 56708K [0x0000000080000000, 0x00000000d5580000, 0x00000000d5580000)
  object space 1398272K, 4% used [0x0000000080000000,0x0000000083761180,0x00000000d5580000)
 Metaspace       used 68699K, capacity 71872K, committed 72064K, reserved 1114112K
  class space    used 7723K, capacity 8278K, committed 8320K, reserved 1048576K
}

