# JRE version: OpenJDK Runtime Environment (8.0_212-b04) (build 1.8.0_212-b04)
# Java VM: OpenJDK 64-Bit Server VM (25.212-b04 mixed mode linux-amd64 compressed oops)
Heap:
 PSYoungGen      total 537088K, used 373298K [0x00000000d5580000, 0x0000000100000000, 0x0000000100000000)
  eden space 439808K, 62% used [0x00000000d5580000,0x00000000e632e150,0x00000000f0300000)
  from space 97280K, 99% used [0x00000000f0800000,0x00000000f66de8a8,0x00000000f6700000)
  to   space 137216K, 0% used [0x00000000f7a00000,0x00000000f7a00000,0x0000000100000000)
 ParOldGen       total 1398272K, used 57873K [0x0000000080000000, 0x00000000d5580000, 0x00000000d5580000)
  object space 1398272K, 4% used [0x0000000080000000,0x00000000838844c0,0x00000000d5580000)
 Metaspace       used 71874K, capacity 75358K, committed 75520K, reserved 1116160K
  class space    used 7783K, capacity 8391K, committed 8448K, reserved 1048576K
GC Heap History (10 events):
Event: 14.221 GC heap before
{Heap before GC invocations=6 (full 3):
 PSYoungGen      total 611840K, used 34895K [0x00000000d5580000, 0x0000000100000000, 0x0000000100000000)
  eden space 524800K, 0% used [0x00000000d5580000,0x00000000d5580000,0x00000000f5600000)
  from space 87040K, 40% used [0x00000000f5600000,0x00000000f7813dd0,0x00000000fab00000)
  to   space 87040K, 0% used [0x00000000fab00000,0x00000000fab00000,0x0000000100000000)
 ParOldGen       total 1398272K, used 22903K [0x0000000080000000, 0x00000000d5580000, 0x00000000d5580000)
  object space 1398272K, 1% used [0x0000000080000000,0x000000008165dd80,0x00000000d5580000)
 Metaspace       used 57055K, capacity 58864K, committed 59008K, reserved 1101824K
  class space    used 6665K, capacity 7020K, committed 7040K, reserved 1048576K
Event: 14.452 GC heap after
Heap after GC invocations=6 (full 3):
 PSYoungGen      total 611840K, used 0K [0x00000000d5580000, 0x0000000100000000, 0x0000000100000000)
  eden space 524800K, 0% used [0x00000000d5580000,0x00000000d5580000,0x00000000f5600000)
  from space 87040K, 0% used [0x00000000f5600000,0x00000000f5600000,0x00000000fab00000)
  to   space 87040K, 0% used [0x00000000fab00000,0x00000000fab00000,0x0000000100000000)
 ParOldGen       total 1398272K, used 44921K [0x0000000080000000, 0x00000000d5580000, 0x00000000d5580000)
  object space 1398272K, 3% used [0x0000000080000000,0x0000000082bde6d0,0x00000000d5580000)
 Metaspace       used 57010K, capacity 58742K, committed 59008K, reserved 1101824K
  class space    used 6650K, capacity 6993K, committed 7040K, reserved 1048576K
}
Event: 63.534 GC heap before
{Heap before GC invocations=7 (full 3):
 PSYoungGen      total 611840K, used 524800K [0x00000000d5580000, 0x0000000100000000, 0x0000000100000000)
  eden space 524800K, 100% used [0x00000000d5580000,0x00000000f5600000,0x00000000f5600000)
  from space 87040K, 0% used [0x00000000f5600000,0x00000000f5600000,0x00000000fab00000)
  to   space 87040K, 0% used [0x00000000fab00000,0x00000000fab00000,0x0000000100000000)
 ParOldGen       total 1398272K, used 44921K [0x0000000080000000, 0x00000000d5580000, 0x00000000d5580000)
  object space 1398272K, 3% used [0x0000000080000000,0x0000000082bde6d0,0x00000000d5580000)
 Metaspace       used 67911K, capacity 70980K, committed 71168K, reserved 1112064K
  class space    used 7649K, capacity 8188K, committed 8192K, reserved 1048576K
Event: 63.731 GC heap after
Heap after GC invocations=7 (full 3):
 PSYoungGen      total 611840K, used 87033K [0x00000000d5580000, 0x0000000100000000, 0x0000000100000000)
  eden space 524800K, 0% used [0x00000000d5580000,0x00000000d5580000,0x00000000f5600000)
  from space 87040K, 99% used [0x00000000fab00000,0x00000000ffffe6e0,0x0000000100000000)
  to   space 87040K, 0% used [0x00000000f5600000,0x00000000f5600000,0x00000000fab00000)
 ParOldGen       total 1398272K, used 57121K [0x0000000080000000, 0x00000000d5580000, 0x00000000d5580000)
  object space 1398272K, 4% used [0x0000000080000000,0x00000000837c8740,0x00000000d5580000)
 Metaspace       used 67911K, capacity 70980K, committed 71168K, reserved 1112064K
  class space    used 7649K, capacity 8188K, committed 8192K, reserved 1048576K
}
Event: 244.858 GC heap before
{Heap before GC invocations=8 (full 3):
 PSYoungGen      total 611840K, used 611833K [0x00000000d5580000, 0x0000000100000000, 0x0000000100000000)
  eden space 524800K, 100% used [0x00000000d5580000,0x00000000f5600000,0x00000000f5600000)
  from space 87040K, 99% used [0x00000000fab00000,0x00000000ffffe6e0,0x0000000100000000)
  to   space 87040K, 0% used [0x00000000f5600000,0x00000000f5600000,0x00000000fab00000)
 ParOldGen       total 1398272K, used 57121K [0x0000000080000000, 0x00000000d5580000, 0x00000000d5580000)
  object space 1398272K, 4% used [0x0000000080000000,0x00000000837c8740,0x00000000d5580000)
 Metaspace       used 69649K, capacity 72744K, committed 72832K, reserved 1114112K
  class space    used 7699K, capacity 8248K, committed 8320K, reserved 1048576K
Event: 245.000 GC heap after
Heap after GC invocations=8 (full 3):
 PSYoungGen      total 605696K, used 80666K [0x00000000d5580000, 0x0000000100000000, 0x0000000100000000)
  eden space 524800K, 0% used [0x00000000d5580000,0x00000000d5580000,0x00000000f5600000)
  from space 80896K, 99% used [0x00000000f5600000,0x00000000fa4c6808,0x00000000fa500000)
  to   space 93184K, 0% used [0x00000000fa500000,0x00000000fa500000,0x0000000100000000)
 ParOldGen       total 1398272K, used 57129K [0x0000000080000000, 0x00000000d5580000, 0x00000000d5580000)
  object space 1398272K, 4% used [0x0000000080000000,0x00000000837ca740,0x00000000d5580000)
 Metaspace       used 69649K, capacity 72744K, committed 72832K, reserved 1114112K
  class space    used 7699K, capacity 8248K, committed 8320K, reserved 1048576K
}
Event: 318.795 GC heap before
{Heap before GC invocations=9 (full 3):
 PSYoungGen      total 605696K, used 605466K [0x00000000d5580000, 0x0000000100000000, 0x0000000100000000)
  eden space 524800K, 100% used [0x00000000d5580000,0x00000000f5600000,0x00000000f5600000)
  from space 80896K, 99% used [0x00000000f5600000,0x00000000fa4c6808,0x00000000fa500000)
  to   space 93184K, 0% used [0x00000000fa500000,0x00000000fa500000,0x0000000100000000)
 ParOldGen       total 1398272K, used 57129K [0x0000000080000000, 0x00000000d5580000, 0x00000000d5580000)
  object space 1398272K, 4% used [0x0000000080000000,0x00000000837ca740,0x00000000d5580000)
 Metaspace       used 70750K, capacity 73956K, committed 74112K, reserved 1116160K
  class space    used 7734K, capacity 8286K, committed 8320K, reserved 1048576K
Event: 318.975 GC heap after
Heap after GC invocations=9 (full 3):
 PSYoungGen      total 538112K, used 93159K [0x00000000d5580000, 0x0000000100000000, 0x0000000100000000)
  eden space 444928K, 0% used [0x00000000d5580000,0x00000000d5580000,0x00000000f0800000)
  from space 93184K, 99% used [0x00000000fa500000,0x00000000ffff9ed8,0x0000000100000000)
  to   space 126976K, 0% used [0x00000000f0800000,0x00000000f0800000,0x00000000f8400000)
 ParOldGen       total 1398272K, used 57865K [0x0000000080000000, 0x00000000d5580000, 0x00000000d5580000)
  object space 1398272K, 4% used [0x0000000080000000,0x00000000838824c0,0x00000000d5580000)
 Metaspace       used 70750K, capacity 73956K, committed 74112K, reserved 1116160K
  class space    used 7734K, capacity 8286K, committed 8320K, reserved 1048576K
}
Event: 377.772 GC heap before
{Heap before GC invocations=10 (full 3):
 PSYoungGen      total 538112K, used 538078K [0x00000000d5580000, 0x0000000100000000, 0x0000000100000000)
  eden space 444928K, 99% used [0x00000000d5580000,0x00000000f07fdbb8,0x00000000f0800000)
  from space 93184K, 99% used [0x00000000fa500000,0x00000000ffff9ed8,0x0000000100000000)
  to   space 126976K, 0% used [0x00000000f0800000,0x00000000f0800000,0x00000000f8400000)
 ParOldGen       total 1398272K, used 57865K [0x0000000080000000, 0x00000000d5580000, 0x00000000d5580000)
  object space 1398272K, 4% used [0x0000000080000000,0x00000000838824c0,0x00000000d5580000)
 Metaspace       used 71448K, capacity 74826K, committed 75008K, reserved 1116160K
  class space    used 7765K, capacity 8361K, committed 8448K, reserved 1048576K
Event: 377.968 GC heap after
Heap after GC invocations=10 (full 3):
 PSYoungGen      total 537088K, used 97146K [0x00000000d5580000, 0x0000000100000000, 0x0000000100000000)
  eden space 439808K, 0% used [0x00000000d5580000,0x00000000d5580000,0x00000000f0300000)
  from space 97280K, 99% used [0x00000000f0800000,0x00000000f66de8a8,0x00000000f6700000)
  to   space 137216K, 0% used [0x00000000f7a00000,0x00000000f7a00000,0x0000000100000000)
 ParOldGen       total 1398272K, used 57873K [0x0000000080000000, 0x00000000d5580000, 0x00000000d5580000)
  object space 1398272K, 4% used [0x0000000080000000,0x00000000838844c0,0x00000000d5580000)
 Metaspace       used 71448K, capacity 74826K, committed 75008K, reserved 1116160K
  class space    used 7765K, capacity 8361K, committed 8448K, reserved 1048576K
}

