# JRE version: OpenJDK Runtime Environment (8.0_212-b04) (build 1.8.0_212-b04)
# Java VM: OpenJDK 64-Bit Server VM (25.212-b04 mixed mode linux-amd64 compressed oops)
Heap:
 PSYoungGen      total 611840K, used 308779K [0x00000000d5580000, 0x0000000100000000, 0x0000000100000000)
  eden space 524800K, 58% used [0x00000000d5580000,0x00000000e830aff0,0x00000000f5600000)
  from space 87040K, 0% used [0x00000000fab00000,0x00000000fab00000,0x0000000100000000)
  to   space 87040K, 0% used [0x00000000f5600000,0x00000000f5600000,0x00000000fab00000)
 ParOldGen       total 1398272K, used 27601K [0x0000000080000000, 0x00000000d5580000, 0x00000000d5580000)
  object space 1398272K, 1% used [0x0000000080000000,0x0000000081af47f0,0x00000000d5580000)
 Metaspace       used 65208K, capacity 67954K, committed 68224K, reserved 1110016K
  class space    used 7518K, capacity 8013K, committed 8064K, reserved 1048576K
GC Heap History (10 events):
Event: 5.368 GC heap before
{Heap before GC invocations=3 (full 1):
 PSYoungGen      total 611840K, used 520007K [0x00000000d5580000, 0x0000000100000000, 0x0000000100000000)
  eden space 524800K, 99% used [0x00000000d5580000,0x00000000f5151d28,0x00000000f5600000)
  from space 87040K, 0% used [0x00000000f5600000,0x00000000f5600000,0x00000000fab00000)
  to   space 87040K, 0% used [0x00000000fab00000,0x00000000fab00000,0x0000000100000000)
 ParOldGen       total 904192K, used 14254K [0x0000000080000000, 0x00000000b7300000, 0x00000000d5580000)
  object space 904192K, 1% used [0x0000000080000000,0x0000000080deb808,0x00000000b7300000)
 Metaspace       used 34780K, capacity 35124K, committed 35416K, reserved 1081344K
  class space    used 3970K, capacity 4092K, committed 4096K, reserved 1048576K
Event: 5.406 GC heap after
Heap after GC invocations=3 (full 1):
 PSYoungGen      total 611840K, used 19363K [0x00000000d5580000, 0x0000000100000000, 0x0000000100000000)
  eden space 524800K, 0% used [0x00000000d5580000,0x00000000d5580000,0x00000000f5600000)
  from space 87040K, 22% used [0x00000000fab00000,0x00000000fbde8ca0,0x0000000100000000)
  to   space 87040K, 0% used [0x00000000f5600000,0x00000000f5600000,0x00000000fab00000)
 ParOldGen       total 904192K, used 14254K [0x0000000080000000, 0x00000000b7300000, 0x00000000d5580000)
  object space 904192K, 1% used [0x0000000080000000,0x0000000080deb808,0x00000000b7300000)
 Metaspace       used 34780K, capacity 35124K, committed 35416K, reserved 1081344K
  class space    used 3970K, capacity 4092K, committed 4096K, reserved 1048576K
}
Event: 5.406 GC heap before
{Heap before GC invocations=4 (full 2):
 PSYoungGen      total 611840K, used 19363K [0x00000000d5580000, 0x0000000100000000, 0x0000000100000000)
  eden space 524800K, 0% used [0x00000000d5580000,0x00000000d5580000,0x00000000f5600000)
  from space 87040K, 22% used [0x00000000fab00000,0x00000000fbde8ca0,0x0000000100000000)
  to   space 87040K, 0% used [0x00000000f5600000,0x00000000f5600000,0x00000000fab00000)
 ParOldGen       total 904192K, used 14254K [0x0000000080000000, 0x00000000b7300000, 0x00000000d5580000)
  object space 904192K, 1% used [0x0000000080000000,0x0000000080deb808,0x00000000b7300000)
 Metaspace       used 34780K, capacity 35124K, committed 35416K, reserved 1081344K
  class space    used 3970K, capacity 4092K, committed 4096K, reserved 1048576K
Event: 5.525 GC heap after
Heap after GC invocations=4 (full 2):
 PSYoungGen      total 611840K, used 0K [0x00000000d5580000, 0x0000000100000000, 0x0000000100000000)
  eden space 524800K, 0% used [0x00000000d5580000,0x00000000d5580000,0x00000000f5600000)
  from space 87040K, 0% used [0x00000000fab00000,0x00000000fab00000,0x0000000100000000)
  to   space 87040K, 0% used [0x00000000f5600000,0x00000000f5600000,0x00000000fab00000)
 ParOldGen       total 1398272K, used 23939K [0x0000000080000000, 0x00000000d5580000, 0x00000000d5580000)
  object space 1398272K, 1% used [0x0000000080000000,0x0000000081760df8,0x00000000d5580000)
 Metaspace       used 34780K, capacity 35124K, committed 35416K, reserved 1081344K
  class space    used 3970K, capacity 4092K, committed 4096K, reserved 1048576K
}
Event: 12.050 GC heap before
{Heap before GC invocations=5 (full 2):
 PSYoungGen      total 611840K, used 524800K [0x00000000d5580000, 0x0000000100000000, 0x0000000100000000)
  eden space 524800K, 100% used [0x00000000d5580000,0x00000000f5600000,0x00000000f5600000)
  from space 87040K, 0% used [0x00000000fab00000,0x00000000fab00000,0x0000000100000000)
  to   space 87040K, 0% used [0x00000000f5600000,0x00000000f5600000,0x00000000fab00000)
 ParOldGen       total 1398272K, used 23939K [0x0000000080000000, 0x00000000d5580000, 0x00000000d5580000)
  object space 1398272K, 1% used [0x0000000080000000,0x0000000081760df8,0x00000000d5580000)
 Metaspace       used 53832K, capacity 55204K, committed 55552K, reserved 1097728K
  class space    used 6296K, capacity 6560K, committed 6656K, reserved 1048576K
Event: 12.107 GC heap after
Heap after GC invocations=5 (full 2):
 PSYoungGen      total 611840K, used 26953K [0x00000000d5580000, 0x0000000100000000, 0x0000000100000000)
  eden space 524800K, 0% used [0x00000000d5580000,0x00000000d5580000,0x00000000f5600000)
  from space 87040K, 30% used [0x00000000f5600000,0x00000000f7052708,0x00000000fab00000)
  to   space 87040K, 0% used [0x00000000fab00000,0x00000000fab00000,0x0000000100000000)
 ParOldGen       total 1398272K, used 23947K [0x0000000080000000, 0x00000000d5580000, 0x00000000d5580000)
  object space 1398272K, 1% used [0x0000000080000000,0x0000000081762df8,0x00000000d5580000)
 Metaspace       used 53832K, capacity 55204K, committed 55552K, reserved 1097728K
  class space    used 6296K, capacity 6560K, committed 6656K, reserved 1048576K
}
Event: 12.666 GC heap before
{Heap before GC invocations=6 (full 2):
 PSYoungGen      total 611840K, used 173061K [0x00000000d5580000, 0x0000000100000000, 0x0000000100000000)
  eden space 524800K, 27% used [0x00000000d5580000,0x00000000de42ef80,0x00000000f5600000)
  from space 87040K, 30% used [0x00000000f5600000,0x00000000f7052708,0x00000000fab00000)
  to   space 87040K, 0% used [0x00000000fab00000,0x00000000fab00000,0x0000000100000000)
 ParOldGen       total 1398272K, used 23947K [0x0000000080000000, 0x00000000d5580000, 0x00000000d5580000)
  object space 1398272K, 1% used [0x0000000080000000,0x0000000081762df8,0x00000000d5580000)
 Metaspace       used 57261K, capacity 58682K, committed 59008K, reserved 1101824K
  class space    used 6641K, capacity 6925K, committed 7040K, reserved 1048576K
Event: 12.694 GC heap after
Heap after GC invocations=6 (full 2):
 PSYoungGen      total 611840K, used 15525K [0x00000000d5580000, 0x0000000100000000, 0x0000000100000000)
  eden space 524800K, 0% used [0x00000000d5580000,0x00000000d5580000,0x00000000f5600000)
  from space 87040K, 17% used [0x00000000fab00000,0x00000000fba297b0,0x0000000100000000)
  to   space 87040K, 0% used [0x00000000f5600000,0x00000000f5600000,0x00000000fab00000)
 ParOldGen       total 1398272K, used 23955K [0x0000000080000000, 0x00000000d5580000, 0x00000000d5580000)
  object space 1398272K, 1% used [0x0000000080000000,0x0000000081764df8,0x00000000d5580000)
 Metaspace       used 57261K, capacity 58682K, committed 59008K, reserved 1101824K
  class space    used 6641K, capacity 6925K, committed 7040K, reserved 1048576K
}
Event: 12.694 GC heap before
{Heap before GC invocations=7 (full 3):
 PSYoungGen      total 611840K, used 15525K [0x00000000d5580000, 0x0000000100000000, 0x0000000100000000)
  eden space 524800K, 0% used [0x00000000d5580000,0x00000000d5580000,0x00000000f5600000)
  from space 87040K, 17% used [0x00000000fab00000,0x00000000fba297b0,0x0000000100000000)
  to   space 87040K, 0% used [0x00000000f5600000,0x00000000f5600000,0x00000000fab00000)
 ParOldGen       total 1398272K, used 23955K [0x0000000080000000, 0x00000000d5580000, 0x00000000d5580000)
  object space 1398272K, 1% used [0x0000000080000000,0x0000000081764df8,0x00000000d5580000)
 Metaspace       used 57261K, capacity 58682K, committed 59008K, reserved 1101824K
  class space    used 6641K, capacity 6925K, committed 7040K, reserved 1048576K
Event: 12.949 GC heap after
Heap after GC invocations=7 (full 3):
 PSYoungGen      total 611840K, used 0K [0x00000000d5580000, 0x0000000100000000, 0x0000000100000000)
  eden space 524800K, 0% used [0x00000000d5580000,0x00000000d5580000,0x00000000f5600000)
  from space 87040K, 0% used [0x00000000fab00000,0x00000000fab00000,0x0000000100000000)
  to   space 87040K, 0% used [0x00000000f5600000,0x00000000f5600000,0x00000000fab00000)
 ParOldGen       total 1398272K, used 27601K [0x0000000080000000, 0x00000000d5580000, 0x00000000d5580000)
  object space 1398272K, 1% used [0x0000000080000000,0x0000000081af47f0,0x00000000d5580000)
 Metaspace       used 57236K, capacity 58616K, committed 59008K, reserved 1101824K
  class space    used 6632K, capacity 6910K, committed 7040K, reserved 1048576K
}

