# JRE version: OpenJDK Runtime Environment (8.0_212-b04) (build 1.8.0_212-b04)
# Java VM: OpenJDK 64-Bit Server VM (25.212-b04 mixed mode linux-amd64 compressed oops)
Heap:
 PSYoungGen      total 565760K, used 91266K [0x00000000d5580000, 0x00000000fb100000, 0x0000000100000000)
  eden space 524800K, 9% used [0x00000000d5580000,0x00000000d870c3a0,0x00000000f5600000)
  from space 40960K, 98% used [0x00000000f5600000,0x00000000f7d94500,0x00000000f7e00000)
  to   space 46592K, 0% used [0x00000000f8380000,0x00000000f8380000,0x00000000fb100000)
 ParOldGen       total 1398272K, used 25203K [0x0000000080000000, 0x00000000d5580000, 0x00000000d5580000)
  object space 1398272K, 1% used [0x0000000080000000,0x000000008189ccb0,0x00000000d5580000)
 Metaspace       used 66519K, capacity 69374K, committed 69632K, reserved 1110016K
  class space    used 7576K, capacity 8097K, committed 8192K, reserved 1048576K
GC Heap History (10 events):
Event: 5.171 GC heap before
{Heap before GC invocations=4 (full 2):
 PSYoungGen      total 611840K, used 19219K [0x00000000d5580000, 0x0000000100000000, 0x0000000100000000)
  eden space 524800K, 0% used [0x00000000d5580000,0x00000000d5580000,0x00000000f5600000)
  from space 87040K, 22% used [0x00000000fab00000,0x00000000fbdc4e38,0x0000000100000000)
  to   space 87040K, 0% used [0x00000000f5600000,0x00000000f5600000,0x00000000fab00000)
 ParOldGen       total 895488K, used 13755K [0x0000000080000000, 0x00000000b6a80000, 0x00000000d5580000)
  object space 895488K, 1% used [0x0000000080000000,0x0000000080d6eca0,0x00000000b6a80000)
 Metaspace       used 34772K, capacity 35188K, committed 35416K, reserved 1081344K
  class space    used 3974K, capacity 4092K, committed 4096K, reserved 1048576K
Event: 5.252 GC heap after
Heap after GC invocations=4 (full 2):
 PSYoungGen      total 611840K, used 0K [0x00000000d5580000, 0x0000000100000000, 0x0000000100000000)
  eden space 524800K, 0% used [0x00000000d5580000,0x00000000d5580000,0x00000000f5600000)
  from space 87040K, 0% used [0x00000000fab00000,0x00000000fab00000,0x0000000100000000)
  to   space 87040K, 0% used [0x00000000f5600000,0x00000000f5600000,0x00000000fab00000)
 ParOldGen       total 1398272K, used 23595K [0x0000000080000000, 0x00000000d5580000, 0x00000000d5580000)
  object space 1398272K, 1% used [0x0000000080000000,0x000000008170ade0,0x00000000d5580000)
 Metaspace       used 34772K, capacity 35188K, committed 35416K, reserved 1081344K
  class space    used 3974K, capacity 4092K, committed 4096K, reserved 1048576K
}
Event: 12.175 GC heap before
{Heap before GC invocations=5 (full 2):
 PSYoungGen      total 611840K, used 524800K [0x00000000d5580000, 0x0000000100000000, 0x0000000100000000)
  eden space 524800K, 100% used [0x00000000d5580000,0x00000000f5600000,0x00000000f5600000)
  from space 87040K, 0% used [0x00000000fab00000,0x00000000fab00000,0x0000000100000000)
  to   space 87040K, 0% used [0x00000000f5600000,0x00000000f5600000,0x00000000fab00000)
 ParOldGen       total 1398272K, used 23595K [0x0000000080000000, 0x00000000d5580000, 0x00000000d5580000)
  object space 1398272K, 1% used [0x0000000080000000,0x000000008170ade0,0x00000000d5580000)
 Metaspace       used 57196K, capacity 58600K, committed 58880K, reserved 1101824K
  class space    used 6625K, capacity 6898K, committed 6912K, reserved 1048576K
Event: 12.248 GC heap after
Heap after GC invocations=5 (full 2):
 PSYoungGen      total 611840K, used 33805K [0x00000000d5580000, 0x0000000100000000, 0x0000000100000000)
  eden space 524800K, 0% used [0x00000000d5580000,0x00000000d5580000,0x00000000f5600000)
  from space 87040K, 38% used [0x00000000f5600000,0x00000000f7703598,0x00000000fab00000)
  to   space 87040K, 0% used [0x00000000fab00000,0x00000000fab00000,0x0000000100000000)
 ParOldGen       total 1398272K, used 23603K [0x0000000080000000, 0x00000000d5580000, 0x00000000d5580000)
  object space 1398272K, 1% used [0x0000000080000000,0x000000008170cde0,0x00000000d5580000)
 Metaspace       used 57196K, capacity 58600K, committed 58880K, reserved 1101824K
  class space    used 6625K, capacity 6898K, committed 6912K, reserved 1048576K
}
Event: 12.326 GC heap before
{Heap before GC invocations=6 (full 2):
 PSYoungGen      total 611840K, used 67704K [0x00000000d5580000, 0x0000000100000000, 0x0000000100000000)
  eden space 524800K, 6% used [0x00000000d5580000,0x00000000d769aad0,0x00000000f5600000)
  from space 87040K, 38% used [0x00000000f5600000,0x00000000f7703598,0x00000000fab00000)
  to   space 87040K, 0% used [0x00000000fab00000,0x00000000fab00000,0x0000000100000000)
 ParOldGen       total 1398272K, used 23603K [0x0000000080000000, 0x00000000d5580000, 0x00000000d5580000)
  object space 1398272K, 1% used [0x0000000080000000,0x000000008170cde0,0x00000000d5580000)
 Metaspace       used 57441K, capacity 58884K, committed 59008K, reserved 1101824K
  class space    used 6653K, capacity 6948K, committed 7040K, reserved 1048576K
Event: 12.347 GC heap after
Heap after GC invocations=6 (full 2):
 PSYoungGen      total 611840K, used 13209K [0x00000000d5580000, 0x0000000100000000, 0x0000000100000000)
  eden space 524800K, 0% used [0x00000000d5580000,0x00000000d5580000,0x00000000f5600000)
  from space 87040K, 15% used [0x00000000fab00000,0x00000000fb7e67b0,0x0000000100000000)
  to   space 87040K, 0% used [0x00000000f5600000,0x00000000f5600000,0x00000000fab00000)
 ParOldGen       total 1398272K, used 23603K [0x0000000080000000, 0x00000000d5580000, 0x00000000d5580000)
  object space 1398272K, 1% used [0x0000000080000000,0x000000008170cde0,0x00000000d5580000)
 Metaspace       used 57441K, capacity 58884K, committed 59008K, reserved 1101824K
  class space    used 6653K, capacity 6948K, committed 7040K, reserved 1048576K
}
Event: 12.347 GC heap before
{Heap before GC invocations=7 (full 3):
 PSYoungGen      total 611840K, used 13209K [0x00000000d5580000, 0x0000000100000000, 0x0000000100000000)
  eden space 524800K, 0% used [0x00000000d5580000,0x00000000d5580000,0x00000000f5600000)
  from space 87040K, 15% used [0x00000000fab00000,0x00000000fb7e67b0,0x0000000100000000)
  to   space 87040K, 0% used [0x00000000f5600000,0x00000000f5600000,0x00000000fab00000)
 ParOldGen       total 1398272K, used 23603K [0x0000000080000000, 0x00000000d5580000, 0x00000000d5580000)
  object space 1398272K, 1% used [0x0000000080000000,0x000000008170cde0,0x00000000d5580000)
 Metaspace       used 57441K, capacity 58884K, committed 59008K, reserved 1101824K
  class space    used 6653K, capacity 6948K, committed 7040K, reserved 1048576K
Event: 12.558 GC heap after
Heap after GC invocations=7 (full 3):
 PSYoungGen      total 611840K, used 0K [0x00000000d5580000, 0x0000000100000000, 0x0000000100000000)
  eden space 524800K, 0% used [0x00000000d5580000,0x00000000d5580000,0x00000000f5600000)
  from space 87040K, 0% used [0x00000000fab00000,0x00000000fab00000,0x0000000100000000)
  to   space 87040K, 0% used [0x00000000f5600000,0x00000000f5600000,0x00000000fab00000)
 ParOldGen       total 1398272K, used 25195K [0x0000000080000000, 0x00000000d5580000, 0x00000000d5580000)
  object space 1398272K, 1% used [0x0000000080000000,0x000000008189acb0,0x00000000d5580000)
 Metaspace       used 57413K, capacity 58822K, committed 59008K, reserved 1101824K
  class space    used 6644K, capacity 6931K, committed 7040K, reserved 1048576K
}
Event: 55.880 GC heap before
{Heap before GC invocations=8 (full 3):
 PSYoungGen      total 611840K, used 524800K [0x00000000d5580000, 0x0000000100000000, 0x0000000100000000)
  eden space 524800K, 100% used [0x00000000d5580000,0x00000000f5600000,0x00000000f5600000)
  from space 87040K, 0% used [0x00000000fab00000,0x00000000fab00000,0x0000000100000000)
  to   space 87040K, 0% used [0x00000000f5600000,0x00000000f5600000,0x00000000fab00000)
 ParOldGen       total 1398272K, used 25195K [0x0000000080000000, 0x00000000d5580000, 0x00000000d5580000)
  object space 1398272K, 1% used [0x0000000080000000,0x000000008189acb0,0x00000000d5580000)
 Metaspace       used 66246K, capacity 69032K, committed 69376K, reserved 1110016K
  class space    used 7569K, capacity 8084K, committed 8192K, reserved 1048576K
Event: 55.966 GC heap after
Heap after GC invocations=8 (full 3):
 PSYoungGen      total 565760K, used 40529K [0x00000000d5580000, 0x00000000fb100000, 0x0000000100000000)
  eden space 524800K, 0% used [0x00000000d5580000,0x00000000d5580000,0x00000000f5600000)
  from space 40960K, 98% used [0x00000000f5600000,0x00000000f7d94500,0x00000000f7e00000)
  to   space 46592K, 0% used [0x00000000f8380000,0x00000000f8380000,0x00000000fb100000)
 ParOldGen       total 1398272K, used 25203K [0x0000000080000000, 0x00000000d5580000, 0x00000000d5580000)
  object space 1398272K, 1% used [0x0000000080000000,0x000000008189ccb0,0x00000000d5580000)
 Metaspace       used 66246K, capacity 69032K, committed 69376K, reserved 1110016K
  class space    used 7569K, capacity 8084K, committed 8192K, reserved 1048576K
}

