# JRE version: OpenJDK Runtime Environment (8.0_212-b04) (build 1.8.0_212-b04)
# Java VM: OpenJDK 64-Bit Server VM (25.212-b04 mixed mode linux-amd64 compressed oops)
Heap:
 PSYoungGen      total 611840K, used 166916K [0x00000000d5580000, 0x0000000100000000, 0x0000000100000000)
  eden space 524800K, 31% used [0x00000000d5580000,0x00000000df881220,0x00000000f5600000)
  from space 87040K, 0% used [0x00000000f5600000,0x00000000f5600000,0x00000000fab00000)
  to   space 87040K, 0% used [0x00000000fab00000,0x00000000fab00000,0x0000000100000000)
 ParOldGen       total 1398272K, used 40843K [0x0000000080000000, 0x00000000d5580000, 0x00000000d5580000)
  object space 1398272K, 2% used [0x0000000080000000,0x00000000827e2e38,0x00000000d5580000)
 Metaspace       used 61987K, capacity 64316K, committed 64512K, reserved 1105920K
  class space    used 7192K, capacity 7628K, committed 7680K, reserved 1048576K
GC Heap History (10 events):
Event: 2.467 GC heap before
{Heap before GC invocations=2 (full 1):
 PSYoungGen      total 611840K, used 14284K [0x00000000d5580000, 0x0000000100000000, 0x0000000100000000)
  eden space 524800K, 0% used [0x00000000d5580000,0x00000000d5580000,0x00000000f5600000)
  from space 87040K, 16% used [0x00000000f5600000,0x00000000f63f3380,0x00000000fab00000)
  to   space 87040K, 0% used [0x00000000fab00000,0x00000000fab00000,0x0000000100000000)
 ParOldGen       total 1398272K, used 80K [0x0000000080000000, 0x00000000d5580000, 0x00000000d5580000)
  object space 1398272K, 0% used [0x0000000080000000,0x0000000080014010,0x00000000d5580000)
 Metaspace       used 20801K, capacity 21016K, committed 21248K, reserved 1069056K
  class space    used 2369K, capacity 2475K, committed 2560K, reserved 1048576K
Event: 2.572 GC heap after
Heap after GC invocations=2 (full 1):
 PSYoungGen      total 611840K, used 0K [0x00000000d5580000, 0x0000000100000000, 0x0000000100000000)
  eden space 524800K, 0% used [0x00000000d5580000,0x00000000d5580000,0x00000000f5600000)
  from space 87040K, 0% used [0x00000000f5600000,0x00000000f5600000,0x00000000fab00000)
  to   space 87040K, 0% used [0x00000000fab00000,0x00000000fab00000,0x0000000100000000)
 ParOldGen       total 934400K, used 13774K [0x0000000080000000, 0x00000000b9080000, 0x00000000d5580000)
  object space 934400K, 1% used [0x0000000080000000,0x0000000080d739c8,0x00000000b9080000)
 Metaspace       used 20801K, capacity 21016K, committed 21248K, reserved 1069056K
  class space    used 2369K, capacity 2475K, committed 2560K, reserved 1048576K
}
Event: 5.434 GC heap before
{Heap before GC invocations=3 (full 1):
 PSYoungGen      total 611840K, used 467148K [0x00000000d5580000, 0x0000000100000000, 0x0000000100000000)
  eden space 524800K, 89% used [0x00000000d5580000,0x00000000f1db31c8,0x00000000f5600000)
  from space 87040K, 0% used [0x00000000f5600000,0x00000000f5600000,0x00000000fab00000)
  to   space 87040K, 0% used [0x00000000fab00000,0x00000000fab00000,0x0000000100000000)
 ParOldGen       total 934400K, used 13774K [0x0000000080000000, 0x00000000b9080000, 0x00000000d5580000)
  object space 934400K, 1% used [0x0000000080000000,0x0000000080d739c8,0x00000000b9080000)
 Metaspace       used 34732K, capacity 35092K, committed 35416K, reserved 1081344K
  class space    used 3967K, capacity 4060K, committed 4096K, reserved 1048576K
Event: 5.478 GC heap after
Heap after GC invocations=3 (full 1):
 PSYoungGen      total 611840K, used 19221K [0x00000000d5580000, 0x0000000100000000, 0x0000000100000000)
  eden space 524800K, 0% used [0x00000000d5580000,0x00000000d5580000,0x00000000f5600000)
  from space 87040K, 22% used [0x00000000fab00000,0x00000000fbdc5748,0x0000000100000000)
  to   space 87040K, 0% used [0x00000000f5600000,0x00000000f5600000,0x00000000fab00000)
 ParOldGen       total 934400K, used 13774K [0x0000000080000000, 0x00000000b9080000, 0x00000000d5580000)
  object space 934400K, 1% used [0x0000000080000000,0x0000000080d739c8,0x00000000b9080000)
 Metaspace       used 34732K, capacity 35092K, committed 35416K, reserved 1081344K
  class space    used 3967K, capacity 4060K, committed 4096K, reserved 1048576K
}
Event: 5.478 GC heap before
{Heap before GC invocations=4 (full 2):
 PSYoungGen      total 611840K, used 19221K [0x00000000d5580000, 0x0000000100000000, 0x0000000100000000)
  eden space 524800K, 0% used [0x00000000d5580000,0x00000000d5580000,0x00000000f5600000)
  from space 87040K, 22% used [0x00000000fab00000,0x00000000fbdc5748,0x0000000100000000)
  to   space 87040K, 0% used [0x00000000f5600000,0x00000000f5600000,0x00000000fab00000)
 ParOldGen       total 934400K, used 13774K [0x0000000080000000, 0x00000000b9080000, 0x00000000d5580000)
  object space 934400K, 1% used [0x0000000080000000,0x0000000080d739c8,0x00000000b9080000)
 Metaspace       used 34732K, capacity 35092K, committed 35416K, reserved 1081344K
  class space    used 3967K, capacity 4060K, committed 4096K, reserved 1048576K
Event: 5.592 GC heap after
Heap after GC invocations=4 (full 2):
 PSYoungGen      total 611840K, used 0K [0x00000000d5580000, 0x0000000100000000, 0x0000000100000000)
  eden space 524800K, 0% used [0x00000000d5580000,0x00000000d5580000,0x00000000f5600000)
  from space 87040K, 0% used [0x00000000fab00000,0x00000000fab00000,0x0000000100000000)
  to   space 87040K, 0% used [0x00000000f5600000,0x00000000f5600000,0x00000000fab00000)
 ParOldGen       total 1398272K, used 23589K [0x0000000080000000, 0x00000000d5580000, 0x00000000d5580000)
  object space 1398272K, 1% used [0x0000000080000000,0x0000000081709620,0x00000000d5580000)
 Metaspace       used 34732K, capacity 35092K, committed 35416K, reserved 1081344K
  class space    used 3967K, capacity 4060K, committed 4096K, reserved 1048576K
}
Event: 12.442 GC heap before
{Heap before GC invocations=5 (full 2):
 PSYoungGen      total 611840K, used 420050K [0x00000000d5580000, 0x0000000100000000, 0x0000000100000000)
  eden space 524800K, 80% used [0x00000000d5580000,0x00000000eefb4888,0x00000000f5600000)
  from space 87040K, 0% used [0x00000000fab00000,0x00000000fab00000,0x0000000100000000)
  to   space 87040K, 0% used [0x00000000f5600000,0x00000000f5600000,0x00000000fab00000)
 ParOldGen       total 1398272K, used 23589K [0x0000000080000000, 0x00000000d5580000, 0x00000000d5580000)
  object space 1398272K, 1% used [0x0000000080000000,0x0000000081709620,0x00000000d5580000)
 Metaspace       used 57440K, capacity 58876K, committed 59008K, reserved 1101824K
  class space    used 6668K, capacity 6948K, committed 7040K, reserved 1048576K
Event: 12.556 GC heap after
Heap after GC invocations=5 (full 2):
 PSYoungGen      total 611840K, used 30206K [0x00000000d5580000, 0x0000000100000000, 0x0000000100000000)
  eden space 524800K, 0% used [0x00000000d5580000,0x00000000d5580000,0x00000000f5600000)
  from space 87040K, 34% used [0x00000000f5600000,0x00000000f737f908,0x00000000fab00000)
  to   space 87040K, 0% used [0x00000000fab00000,0x00000000fab00000,0x0000000100000000)
 ParOldGen       total 1398272K, used 23597K [0x0000000080000000, 0x00000000d5580000, 0x00000000d5580000)
  object space 1398272K, 1% used [0x0000000080000000,0x000000008170b620,0x00000000d5580000)
 Metaspace       used 57440K, capacity 58876K, committed 59008K, reserved 1101824K
  class space    used 6668K, capacity 6948K, committed 7040K, reserved 1048576K
}
Event: 12.556 GC heap before
{Heap before GC invocations=6 (full 3):
 PSYoungGen      total 611840K, used 30206K [0x00000000d5580000, 0x0000000100000000, 0x0000000100000000)
  eden space 524800K, 0% used [0x00000000d5580000,0x00000000d5580000,0x00000000f5600000)
  from space 87040K, 34% used [0x00000000f5600000,0x00000000f737f908,0x00000000fab00000)
  to   space 87040K, 0% used [0x00000000fab00000,0x00000000fab00000,0x0000000100000000)
 ParOldGen       total 1398272K, used 23597K [0x0000000080000000, 0x00000000d5580000, 0x00000000d5580000)
  object space 1398272K, 1% used [0x0000000080000000,0x000000008170b620,0x00000000d5580000)
 Metaspace       used 57440K, capacity 58876K, committed 59008K, reserved 1101824K
  class space    used 6668K, capacity 6948K, committed 7040K, reserved 1048576K
Event: 12.795 GC heap after
Heap after GC invocations=6 (full 3):
 PSYoungGen      total 611840K, used 0K [0x00000000d5580000, 0x0000000100000000, 0x0000000100000000)
  eden space 524800K, 0% used [0x00000000d5580000,0x00000000d5580000,0x00000000f5600000)
  from space 87040K, 0% used [0x00000000f5600000,0x00000000f5600000,0x00000000fab00000)
  to   space 87040K, 0% used [0x00000000fab00000,0x00000000fab00000,0x0000000100000000)
 ParOldGen       total 1398272K, used 40843K [0x0000000080000000, 0x00000000d5580000, 0x00000000d5580000)
  object space 1398272K, 2% used [0x0000000080000000,0x00000000827e2e38,0x00000000d5580000)
 Metaspace       used 57414K, capacity 58814K, committed 59008K, reserved 1101824K
  class space    used 6658K, capacity 6931K, committed 7040K, reserved 1048576K
}

