# JRE version: OpenJDK Runtime Environment (8.0_212-b04) (build 1.8.0_212-b04)
# Java VM: OpenJDK 64-Bit Server VM (25.212-b04 mixed mode linux-amd64 compressed oops)
Heap:
 PSYoungGen      total 611840K, used 277256K [0x00000000d5580000, 0x0000000100000000, 0x0000000100000000)
  eden space 524800K, 52% used [0x00000000d5580000,0x00000000e64423c8,0x00000000f5600000)
  from space 87040K, 0% used [0x00000000fab00000,0x00000000fab00000,0x0000000100000000)
  to   space 87040K, 0% used [0x00000000f5600000,0x00000000f5600000,0x00000000fab00000)
 ParOldGen       total 1398272K, used 29018K [0x0000000080000000, 0x00000000d5580000, 0x00000000d5580000)
  object space 1398272K, 2% used [0x0000000080000000,0x0000000081c56988,0x00000000d5580000)
 Metaspace       used 65612K, capacity 68438K, committed 68608K, reserved 1110016K
  class space    used 7585K, capacity 8107K, committed 8192K, reserved 1048576K
GC Heap History (10 events):
Event: 4.867 GC heap before
{Heap before GC invocations=3 (full 1):
 PSYoungGen      total 611840K, used 459468K [0x00000000d5580000, 0x0000000100000000, 0x0000000100000000)
  eden space 524800K, 87% used [0x00000000d5580000,0x00000000f1633290,0x00000000f5600000)
  from space 87040K, 0% used [0x00000000f5600000,0x00000000f5600000,0x00000000fab00000)
  to   space 87040K, 0% used [0x00000000fab00000,0x00000000fab00000,0x0000000100000000)
 ParOldGen       total 867840K, used 14297K [0x0000000080000000, 0x00000000b4f80000, 0x00000000d5580000)
  object space 867840K, 1% used [0x0000000080000000,0x0000000080df6628,0x00000000b4f80000)
 Metaspace       used 34735K, capacity 35092K, committed 35416K, reserved 1081344K
  class space    used 3958K, capacity 4060K, committed 4096K, reserved 1048576K
Event: 4.911 GC heap after
Heap after GC invocations=3 (full 1):
 PSYoungGen      total 611840K, used 19339K [0x00000000d5580000, 0x0000000100000000, 0x0000000100000000)
  eden space 524800K, 0% used [0x00000000d5580000,0x00000000d5580000,0x00000000f5600000)
  from space 87040K, 22% used [0x00000000fab00000,0x00000000fbde2db8,0x0000000100000000)
  to   space 87040K, 0% used [0x00000000f5600000,0x00000000f5600000,0x00000000fab00000)
 ParOldGen       total 867840K, used 14297K [0x0000000080000000, 0x00000000b4f80000, 0x00000000d5580000)
  object space 867840K, 1% used [0x0000000080000000,0x0000000080df6628,0x00000000b4f80000)
 Metaspace       used 34735K, capacity 35092K, committed 35416K, reserved 1081344K
  class space    used 3958K, capacity 4060K, committed 4096K, reserved 1048576K
}
Event: 4.911 GC heap before
{Heap before GC invocations=4 (full 2):
 PSYoungGen      total 611840K, used 19339K [0x00000000d5580000, 0x0000000100000000, 0x0000000100000000)
  eden space 524800K, 0% used [0x00000000d5580000,0x00000000d5580000,0x00000000f5600000)
  from space 87040K, 22% used [0x00000000fab00000,0x00000000fbde2db8,0x0000000100000000)
  to   space 87040K, 0% used [0x00000000f5600000,0x00000000f5600000,0x00000000fab00000)
 ParOldGen       total 867840K, used 14297K [0x0000000080000000, 0x00000000b4f80000, 0x00000000d5580000)
  object space 867840K, 1% used [0x0000000080000000,0x0000000080df6628,0x00000000b4f80000)
 Metaspace       used 34735K, capacity 35092K, committed 35416K, reserved 1081344K
  class space    used 3958K, capacity 4060K, committed 4096K, reserved 1048576K
Event: 5.010 GC heap after
Heap after GC invocations=4 (full 2):
 PSYoungGen      total 611840K, used 0K [0x00000000d5580000, 0x0000000100000000, 0x0000000100000000)
  eden space 524800K, 0% used [0x00000000d5580000,0x00000000d5580000,0x00000000f5600000)
  from space 87040K, 0% used [0x00000000fab00000,0x00000000fab00000,0x0000000100000000)
  to   space 87040K, 0% used [0x00000000f5600000,0x00000000f5600000,0x00000000fab00000)
 ParOldGen       total 1398272K, used 23828K [0x0000000080000000, 0x00000000d5580000, 0x00000000d5580000)
  object space 1398272K, 1% used [0x0000000080000000,0x00000000817452f0,0x00000000d5580000)
 Metaspace       used 34735K, capacity 35092K, committed 35416K, reserved 1081344K
  class space    used 3958K, capacity 4060K, committed 4096K, reserved 1048576K
}
Event: 11.533 GC heap before
{Heap before GC invocations=5 (full 2):
 PSYoungGen      total 611840K, used 524800K [0x00000000d5580000, 0x0000000100000000, 0x0000000100000000)
  eden space 524800K, 100% used [0x00000000d5580000,0x00000000f5600000,0x00000000f5600000)
  from space 87040K, 0% used [0x00000000fab00000,0x00000000fab00000,0x0000000100000000)
  to   space 87040K, 0% used [0x00000000f5600000,0x00000000f5600000,0x00000000fab00000)
 ParOldGen       total 1398272K, used 23828K [0x0000000080000000, 0x00000000d5580000, 0x00000000d5580000)
  object space 1398272K, 1% used [0x0000000080000000,0x00000000817452f0,0x00000000d5580000)
 Metaspace       used 52083K, capacity 53426K, committed 53504K, reserved 1095680K
  class space    used 6123K, capacity 6373K, committed 6400K, reserved 1048576K
Event: 11.593 GC heap after
Heap after GC invocations=5 (full 2):
 PSYoungGen      total 611840K, used 24053K [0x00000000d5580000, 0x0000000100000000, 0x0000000100000000)
  eden space 524800K, 0% used [0x00000000d5580000,0x00000000d5580000,0x00000000f5600000)
  from space 87040K, 27% used [0x00000000f5600000,0x00000000f6d7d400,0x00000000fab00000)
  to   space 87040K, 0% used [0x00000000fab00000,0x00000000fab00000,0x0000000100000000)
 ParOldGen       total 1398272K, used 23836K [0x0000000080000000, 0x00000000d5580000, 0x00000000d5580000)
  object space 1398272K, 1% used [0x0000000080000000,0x00000000817472f0,0x00000000d5580000)
 Metaspace       used 52083K, capacity 53426K, committed 53504K, reserved 1095680K
  class space    used 6123K, capacity 6373K, committed 6400K, reserved 1048576K
}
Event: 12.353 GC heap before
{Heap before GC invocations=6 (full 2):
 PSYoungGen      total 611840K, used 188150K [0x00000000d5580000, 0x0000000100000000, 0x0000000100000000)
  eden space 524800K, 31% used [0x00000000d5580000,0x00000000df5c04b0,0x00000000f5600000)
  from space 87040K, 27% used [0x00000000f5600000,0x00000000f6d7d400,0x00000000fab00000)
  to   space 87040K, 0% used [0x00000000fab00000,0x00000000fab00000,0x0000000100000000)
 ParOldGen       total 1398272K, used 23836K [0x0000000080000000, 0x00000000d5580000, 0x00000000d5580000)
  object space 1398272K, 1% used [0x0000000080000000,0x00000000817472f0,0x00000000d5580000)
 Metaspace       used 57405K, capacity 58824K, committed 59008K, reserved 1101824K
  class space    used 6642K, capacity 6928K, committed 7040K, reserved 1048576K
Event: 12.381 GC heap after
Heap after GC invocations=6 (full 2):
 PSYoungGen      total 611840K, used 17146K [0x00000000d5580000, 0x0000000100000000, 0x0000000100000000)
  eden space 524800K, 0% used [0x00000000d5580000,0x00000000d5580000,0x00000000f5600000)
  from space 87040K, 19% used [0x00000000fab00000,0x00000000fbbbe820,0x0000000100000000)
  to   space 87040K, 0% used [0x00000000f5600000,0x00000000f5600000,0x00000000fab00000)
 ParOldGen       total 1398272K, used 23844K [0x0000000080000000, 0x00000000d5580000, 0x00000000d5580000)
  object space 1398272K, 1% used [0x0000000080000000,0x00000000817492f0,0x00000000d5580000)
 Metaspace       used 57405K, capacity 58824K, committed 59008K, reserved 1101824K
  class space    used 6642K, capacity 6928K, committed 7040K, reserved 1048576K
}
Event: 12.381 GC heap before
{Heap before GC invocations=7 (full 3):
 PSYoungGen      total 611840K, used 17146K [0x00000000d5580000, 0x0000000100000000, 0x0000000100000000)
  eden space 524800K, 0% used [0x00000000d5580000,0x00000000d5580000,0x00000000f5600000)
  from space 87040K, 19% used [0x00000000fab00000,0x00000000fbbbe820,0x0000000100000000)
  to   space 87040K, 0% used [0x00000000f5600000,0x00000000f5600000,0x00000000fab00000)
 ParOldGen       total 1398272K, used 23844K [0x0000000080000000, 0x00000000d5580000, 0x00000000d5580000)
  object space 1398272K, 1% used [0x0000000080000000,0x00000000817492f0,0x00000000d5580000)
 Metaspace       used 57405K, capacity 58824K, committed 59008K, reserved 1101824K
  class space    used 6642K, capacity 6928K, committed 7040K, reserved 1048576K
Event: 12.659 GC heap after
Heap after GC invocations=7 (full 3):
 PSYoungGen      total 611840K, used 0K [0x00000000d5580000, 0x0000000100000000, 0x0000000100000000)
  eden space 524800K, 0% used [0x00000000d5580000,0x00000000d5580000,0x00000000f5600000)
  from space 87040K, 0% used [0x00000000fab00000,0x00000000fab00000,0x0000000100000000)
  to   space 87040K, 0% used [0x00000000f5600000,0x00000000f5600000,0x00000000fab00000)
 ParOldGen       total 1398272K, used 29018K [0x0000000080000000, 0x00000000d5580000, 0x00000000d5580000)
  object space 1398272K, 2% used [0x0000000080000000,0x0000000081c56988,0x00000000d5580000)
 Metaspace       used 57377K, capacity 58754K, committed 59008K, reserved 1101824K
  class space    used 6632K, capacity 6911K, committed 7040K, reserved 1048576K
}

