# JRE version: OpenJDK Runtime Environment (8.0_212-b04) (build 1.8.0_212-b04)
# Java VM: OpenJDK 64-Bit Server VM (25.212-b04 mixed mode linux-amd64 compressed oops)
Heap:
 PSYoungGen      total 611840K, used 517503K [0x00000000d5580000, 0x0000000100000000, 0x0000000100000000)
  eden space 524800K, 98% used [0x00000000d5580000,0x00000000f4edfc30,0x00000000f5600000)
  from space 87040K, 0% used [0x00000000fab00000,0x00000000fab00000,0x0000000100000000)
  to   space 87040K, 0% used [0x00000000f5600000,0x00000000f5600000,0x00000000fab00000)
 ParOldGen       total 1398272K, used 33027K [0x0000000080000000, 0x00000000d5580000, 0x00000000d5580000)
  object space 1398272K, 2% used [0x0000000080000000,0x0000000082040f20,0x00000000d5580000)
 Metaspace       used 65763K, capacity 68358K, committed 68608K, reserved 1110016K
  class space    used 7451K, capacity 7935K, committed 7936K, reserved 1048576K
GC Heap History (10 events):
Event: 4.667 GC heap before
{Heap before GC invocations=3 (full 1):
 PSYoungGen      total 611840K, used 424060K [0x00000000d5580000, 0x0000000100000000, 0x0000000100000000)
  eden space 524800K, 80% used [0x00000000d5580000,0x00000000ef39f210,0x00000000f5600000)
  from space 87040K, 0% used [0x00000000f5600000,0x00000000f5600000,0x00000000fab00000)
  to   space 87040K, 0% used [0x00000000fab00000,0x00000000fab00000,0x0000000100000000)
 ParOldGen       total 858624K, used 13722K [0x0000000080000000, 0x00000000b4680000, 0x00000000d5580000)
  object space 858624K, 1% used [0x0000000080000000,0x0000000080d66b78,0x00000000b4680000)
 Metaspace       used 34795K, capacity 35188K, committed 35416K, reserved 1081344K
  class space    used 3964K, capacity 4092K, committed 4096K, reserved 1048576K
Event: 4.696 GC heap after
Heap after GC invocations=3 (full 1):
 PSYoungGen      total 611840K, used 19228K [0x00000000d5580000, 0x0000000100000000, 0x0000000100000000)
  eden space 524800K, 0% used [0x00000000d5580000,0x00000000d5580000,0x00000000f5600000)
  from space 87040K, 22% used [0x00000000fab00000,0x00000000fbdc71b0,0x0000000100000000)
  to   space 87040K, 0% used [0x00000000f5600000,0x00000000f5600000,0x00000000fab00000)
 ParOldGen       total 858624K, used 13722K [0x0000000080000000, 0x00000000b4680000, 0x00000000d5580000)
  object space 858624K, 1% used [0x0000000080000000,0x0000000080d66b78,0x00000000b4680000)
 Metaspace       used 34795K, capacity 35188K, committed 35416K, reserved 1081344K
  class space    used 3964K, capacity 4092K, committed 4096K, reserved 1048576K
}
Event: 4.696 GC heap before
{Heap before GC invocations=4 (full 2):
 PSYoungGen      total 611840K, used 19228K [0x00000000d5580000, 0x0000000100000000, 0x0000000100000000)
  eden space 524800K, 0% used [0x00000000d5580000,0x00000000d5580000,0x00000000f5600000)
  from space 87040K, 22% used [0x00000000fab00000,0x00000000fbdc71b0,0x0000000100000000)
  to   space 87040K, 0% used [0x00000000f5600000,0x00000000f5600000,0x00000000fab00000)
 ParOldGen       total 858624K, used 13722K [0x0000000080000000, 0x00000000b4680000, 0x00000000d5580000)
  object space 858624K, 1% used [0x0000000080000000,0x0000000080d66b78,0x00000000b4680000)
 Metaspace       used 34795K, capacity 35188K, committed 35416K, reserved 1081344K
  class space    used 3964K, capacity 4092K, committed 4096K, reserved 1048576K
Event: 4.774 GC heap after
Heap after GC invocations=4 (full 2):
 PSYoungGen      total 611840K, used 0K [0x00000000d5580000, 0x0000000100000000, 0x0000000100000000)
  eden space 524800K, 0% used [0x00000000d5580000,0x00000000d5580000,0x00000000f5600000)
  from space 87040K, 0% used [0x00000000fab00000,0x00000000fab00000,0x0000000100000000)
  to   space 87040K, 0% used [0x00000000f5600000,0x00000000f5600000,0x00000000fab00000)
 ParOldGen       total 1398272K, used 23558K [0x0000000080000000, 0x00000000d5580000, 0x00000000d5580000)
  object space 1398272K, 1% used [0x0000000080000000,0x0000000081701ab0,0x00000000d5580000)
 Metaspace       used 34795K, capacity 35188K, committed 35416K, reserved 1081344K
  class space    used 3964K, capacity 4092K, committed 4096K, reserved 1048576K
}
Event: 11.091 GC heap before
{Heap before GC invocations=5 (full 2):
 PSYoungGen      total 611840K, used 524800K [0x00000000d5580000, 0x0000000100000000, 0x0000000100000000)
  eden space 524800K, 100% used [0x00000000d5580000,0x00000000f5600000,0x00000000f5600000)
  from space 87040K, 0% used [0x00000000fab00000,0x00000000fab00000,0x0000000100000000)
  to   space 87040K, 0% used [0x00000000f5600000,0x00000000f5600000,0x00000000fab00000)
 ParOldGen       total 1398272K, used 23558K [0x0000000080000000, 0x00000000d5580000, 0x00000000d5580000)
  object space 1398272K, 1% used [0x0000000080000000,0x0000000081701ab0,0x00000000d5580000)
 Metaspace       used 51328K, capacity 52764K, committed 52992K, reserved 1095680K
  class space    used 6043K, capacity 6316K, committed 6400K, reserved 1048576K
Event: 11.158 GC heap after
Heap after GC invocations=5 (full 2):
 PSYoungGen      total 611840K, used 25125K [0x00000000d5580000, 0x0000000100000000, 0x0000000100000000)
  eden space 524800K, 0% used [0x00000000d5580000,0x00000000d5580000,0x00000000f5600000)
  from space 87040K, 28% used [0x00000000f5600000,0x00000000f6e89778,0x00000000fab00000)
  to   space 87040K, 0% used [0x00000000fab00000,0x00000000fab00000,0x0000000100000000)
 ParOldGen       total 1398272K, used 23566K [0x0000000080000000, 0x00000000d5580000, 0x00000000d5580000)
  object space 1398272K, 1% used [0x0000000080000000,0x0000000081703ab0,0x00000000d5580000)
 Metaspace       used 51328K, capacity 52764K, committed 52992K, reserved 1095680K
  class space    used 6043K, capacity 6316K, committed 6400K, reserved 1048576K
}
Event: 12.328 GC heap before
{Heap before GC invocations=6 (full 2):
 PSYoungGen      total 611840K, used 168626K [0x00000000d5580000, 0x0000000100000000, 0x0000000100000000)
  eden space 524800K, 27% used [0x00000000d5580000,0x00000000de1a3318,0x00000000f5600000)
  from space 87040K, 28% used [0x00000000f5600000,0x00000000f6e89778,0x00000000fab00000)
  to   space 87040K, 0% used [0x00000000fab00000,0x00000000fab00000,0x0000000100000000)
 ParOldGen       total 1398272K, used 23566K [0x0000000080000000, 0x00000000d5580000, 0x00000000d5580000)
  object space 1398272K, 1% used [0x0000000080000000,0x0000000081703ab0,0x00000000d5580000)
 Metaspace       used 57273K, capacity 58914K, committed 59008K, reserved 1101824K
  class space    used 6627K, capacity 6957K, committed 7040K, reserved 1048576K
Event: 12.358 GC heap after
Heap after GC invocations=6 (full 2):
 PSYoungGen      total 611840K, used 21522K [0x00000000d5580000, 0x0000000100000000, 0x0000000100000000)
  eden space 524800K, 0% used [0x00000000d5580000,0x00000000d5580000,0x00000000f5600000)
  from space 87040K, 24% used [0x00000000fab00000,0x00000000fc004ad8,0x0000000100000000)
  to   space 87040K, 0% used [0x00000000f5600000,0x00000000f5600000,0x00000000fab00000)
 ParOldGen       total 1398272K, used 23574K [0x0000000080000000, 0x00000000d5580000, 0x00000000d5580000)
  object space 1398272K, 1% used [0x0000000080000000,0x0000000081705ab0,0x00000000d5580000)
 Metaspace       used 57273K, capacity 58914K, committed 59008K, reserved 1101824K
  class space    used 6627K, capacity 6957K, committed 7040K, reserved 1048576K
}
Event: 12.358 GC heap before
{Heap before GC invocations=7 (full 3):
 PSYoungGen      total 611840K, used 21522K [0x00000000d5580000, 0x0000000100000000, 0x0000000100000000)
  eden space 524800K, 0% used [0x00000000d5580000,0x00000000d5580000,0x00000000f5600000)
  from space 87040K, 24% used [0x00000000fab00000,0x00000000fc004ad8,0x0000000100000000)
  to   space 87040K, 0% used [0x00000000f5600000,0x00000000f5600000,0x00000000fab00000)
 ParOldGen       total 1398272K, used 23574K [0x0000000080000000, 0x00000000d5580000, 0x00000000d5580000)
  object space 1398272K, 1% used [0x0000000080000000,0x0000000081705ab0,0x00000000d5580000)
 Metaspace       used 57273K, capacity 58914K, committed 59008K, reserved 1101824K
  class space    used 6627K, capacity 6957K, committed 7040K, reserved 1048576K
Event: 12.604 GC heap after
Heap after GC invocations=7 (full 3):
 PSYoungGen      total 611840K, used 0K [0x00000000d5580000, 0x0000000100000000, 0x0000000100000000)
  eden space 524800K, 0% used [0x00000000d5580000,0x00000000d5580000,0x00000000f5600000)
  from space 87040K, 0% used [0x00000000fab00000,0x00000000fab00000,0x0000000100000000)
  to   space 87040K, 0% used [0x00000000f5600000,0x00000000f5600000,0x00000000fab00000)
 ParOldGen       total 1398272K, used 33027K [0x0000000080000000, 0x00000000d5580000, 0x00000000d5580000)
  object space 1398272K, 2% used [0x0000000080000000,0x0000000082040f20,0x00000000d5580000)
 Metaspace       used 57205K, capacity 58734K, committed 59008K, reserved 1101824K
  class space    used 6603K, capacity 6915K, committed 7040K, reserved 1048576K
}

