# JRE version: OpenJDK Runtime Environment (8.0_212-b04) (build 1.8.0_212-b04)
# Java VM: OpenJDK 64-Bit Server VM (25.212-b04 mixed mode linux-amd64 compressed oops)
Heap:
 PSYoungGen      total 580608K, used 404462K [0x00000000d5580000, 0x0000000100000000, 0x0000000100000000)
  eden space 550400K, 73% used [0x00000000d5580000,0x00000000ee07b968,0x00000000f6f00000)
  from space 30208K, 0% used [0x00000000f8e00000,0x00000000f8e00000,0x00000000fab80000)
  to   space 31744K, 0% used [0x00000000f6f00000,0x00000000f6f00000,0x00000000f8e00000)
 ParOldGen       total 1398272K, used 545874K [0x0000000080000000, 0x00000000d5580000, 0x00000000d5580000)
  object space 1398272K, 39% used [0x0000000080000000,0x00000000a15149b8,0x00000000d5580000)
 Metaspace       used 65539K, capacity 68036K, committed 68096K, reserved 1110016K
  class space    used 7462K, capacity 7896K, committed 7936K, reserved 1048576K
GC Heap History (10 events):
Event: 12.387 GC heap before
{Heap before GC invocations=6 (full 2):
 PSYoungGen      total 611840K, used 310557K [0x00000000d5580000, 0x0000000100000000, 0x0000000100000000)
  eden space 524800K, 55% used [0x00000000d5580000,0x00000000e73fb440,0x00000000f5600000)
  from space 87040K, 19% used [0x00000000f5600000,0x00000000f66cc1f8,0x00000000fab00000)
  to   space 87040K, 0% used [0x00000000fab00000,0x00000000fab00000,0x0000000100000000)
 ParOldGen       total 1398272K, used 23872K [0x0000000080000000, 0x00000000d5580000, 0x00000000d5580000)
  object space 1398272K, 1% used [0x0000000080000000,0x0000000081750250,0x00000000d5580000)
 Metaspace       used 57443K, capacity 58908K, committed 59028K, reserved 1101824K
  class space    used 6613K, capacity 6902K, committed 6912K, reserved 1048576K
Event: 12.448 GC heap after
Heap after GC invocations=6 (full 2):
 PSYoungGen      total 611840K, used 29753K [0x00000000d5580000, 0x0000000100000000, 0x0000000100000000)
  eden space 524800K, 0% used [0x00000000d5580000,0x00000000d5580000,0x00000000f5600000)
  from space 87040K, 34% used [0x00000000fab00000,0x00000000fc80e500,0x0000000100000000)
  to   space 87040K, 0% used [0x00000000f5600000,0x00000000f5600000,0x00000000fab00000)
 ParOldGen       total 1398272K, used 23880K [0x0000000080000000, 0x00000000d5580000, 0x00000000d5580000)
  object space 1398272K, 1% used [0x0000000080000000,0x0000000081752250,0x00000000d5580000)
 Metaspace       used 57443K, capacity 58908K, committed 59028K, reserved 1101824K
  class space    used 6613K, capacity 6902K, committed 6912K, reserved 1048576K
}
Event: 12.448 GC heap before
{Heap before GC invocations=7 (full 3):
 PSYoungGen      total 611840K, used 29753K [0x00000000d5580000, 0x0000000100000000, 0x0000000100000000)
  eden space 524800K, 0% used [0x00000000d5580000,0x00000000d5580000,0x00000000f5600000)
  from space 87040K, 34% used [0x00000000fab00000,0x00000000fc80e500,0x0000000100000000)
  to   space 87040K, 0% used [0x00000000f5600000,0x00000000f5600000,0x00000000fab00000)
 ParOldGen       total 1398272K, used 23880K [0x0000000080000000, 0x00000000d5580000, 0x00000000d5580000)
  object space 1398272K, 1% used [0x0000000080000000,0x0000000081752250,0x00000000d5580000)
 Metaspace       used 57443K, capacity 58908K, committed 59028K, reserved 1101824K
  class space    used 6613K, capacity 6902K, committed 6912K, reserved 1048576K
Event: 12.714 GC heap after
Heap after GC invocations=7 (full 3):
 PSYoungGen      total 611840K, used 0K [0x00000000d5580000, 0x0000000100000000, 0x0000000100000000)
  eden space 524800K, 0% used [0x00000000d5580000,0x00000000d5580000,0x00000000f5600000)
  from space 87040K, 0% used [0x00000000fab00000,0x00000000fab00000,0x0000000100000000)
  to   space 87040K, 0% used [0x00000000f5600000,0x00000000f5600000,0x00000000fab00000)
 ParOldGen       total 1398272K, used 41048K [0x0000000080000000, 0x00000000d5580000, 0x00000000d5580000)
  object space 1398272K, 2% used [0x0000000080000000,0x00000000828161c0,0x00000000d5580000)
 Metaspace       used 57414K, capacity 58836K, committed 59028K, reserved 1101824K
  class space    used 6603K, capacity 6884K, committed 6912K, reserved 1048576K
}
Event: 19.481 GC heap before
{Heap before GC invocations=8 (full 3):
 PSYoungGen      total 611840K, used 368297K [0x00000000d5580000, 0x0000000100000000, 0x0000000100000000)
  eden space 524800K, 70% used [0x00000000d5580000,0x00000000ebd2a5c0,0x00000000f5600000)
  from space 87040K, 0% used [0x00000000fab00000,0x00000000fab00000,0x0000000100000000)
  to   space 87040K, 0% used [0x00000000f5600000,0x00000000f5600000,0x00000000fab00000)
 ParOldGen       total 1398272K, used 41048K [0x0000000080000000, 0x00000000d5580000, 0x00000000d5580000)
  object space 1398272K, 2% used [0x0000000080000000,0x00000000828161c0,0x00000000d5580000)
 Metaspace       used 60537K, capacity 62476K, committed 62720K, reserved 1103872K
  class space    used 7004K, capacity 7366K, committed 7424K, reserved 1048576K
Event: 19.750 GC heap after
Heap after GC invocations=8 (full 3):
 PSYoungGen      total 535552K, used 10478K [0x00000000d5580000, 0x00000000fab80000, 0x0000000100000000)
  eden space 524800K, 0% used [0x00000000d5580000,0x00000000d5580000,0x00000000f5600000)
  from space 10752K, 97% used [0x00000000f5600000,0x00000000f603b998,0x00000000f6080000)
  to   space 30208K, 0% used [0x00000000f8e00000,0x00000000f8e00000,0x00000000fab80000)
 ParOldGen       total 1398272K, used 450648K [0x0000000080000000, 0x00000000d5580000, 0x00000000d5580000)
  object space 1398272K, 32% used [0x0000000080000000,0x000000009b8161e0,0x00000000d5580000)
 Metaspace       used 60537K, capacity 62476K, committed 62720K, reserved 1103872K
  class space    used 7004K, capacity 7366K, committed 7424K, reserved 1048576K
}
Event: 20.009 GC heap before
{Heap before GC invocations=9 (full 3):
 PSYoungGen      total 535552K, used 535278K [0x00000000d5580000, 0x00000000fab80000, 0x0000000100000000)
  eden space 524800K, 100% used [0x00000000d5580000,0x00000000f5600000,0x00000000f5600000)
  from space 10752K, 97% used [0x00000000f5600000,0x00000000f603b998,0x00000000f6080000)
  to   space 30208K, 0% used [0x00000000f8e00000,0x00000000f8e00000,0x00000000fab80000)
 ParOldGen       total 1398272K, used 450648K [0x0000000080000000, 0x00000000d5580000, 0x00000000d5580000)
  object space 1398272K, 32% used [0x0000000080000000,0x000000009b8161e0,0x00000000d5580000)
 Metaspace       used 60538K, capacity 62476K, committed 62720K, reserved 1103872K
  class space    used 7004K, capacity 7366K, committed 7424K, reserved 1048576K
Event: 20.453 GC heap after
Heap after GC invocations=9 (full 3):
 PSYoungGen      total 580608K, used 5328K [0x00000000d5580000, 0x0000000100000000, 0x0000000100000000)
  eden space 550400K, 0% used [0x00000000d5580000,0x00000000d5580000,0x00000000f6f00000)
  from space 30208K, 17% used [0x00000000f8e00000,0x00000000f9334080,0x00000000fab80000)
  to   space 31744K, 0% used [0x00000000f6f00000,0x00000000f6f00000,0x00000000f8e00000)
 ParOldGen       total 1398272K, used 962648K [0x0000000080000000, 0x00000000d5580000, 0x00000000d5580000)
  object space 1398272K, 68% used [0x0000000080000000,0x00000000bac16200,0x00000000d5580000)
 Metaspace       used 60538K, capacity 62476K, committed 62720K, reserved 1103872K
  class space    used 7004K, capacity 7366K, committed 7424K, reserved 1048576K
}
Event: 20.453 GC heap before
{Heap before GC invocations=10 (full 4):
 PSYoungGen      total 580608K, used 5328K [0x00000000d5580000, 0x0000000100000000, 0x0000000100000000)
  eden space 550400K, 0% used [0x00000000d5580000,0x00000000d5580000,0x00000000f6f00000)
  from space 30208K, 17% used [0x00000000f8e00000,0x00000000f9334080,0x00000000fab80000)
  to   space 31744K, 0% used [0x00000000f6f00000,0x00000000f6f00000,0x00000000f8e00000)
 ParOldGen       total 1398272K, used 962648K [0x0000000080000000, 0x00000000d5580000, 0x00000000d5580000)
  object space 1398272K, 68% used [0x0000000080000000,0x00000000bac16200,0x00000000d5580000)
 Metaspace       used 60538K, capacity 62476K, committed 62720K, reserved 1103872K
  class space    used 7004K, capacity 7366K, committed 7424K, reserved 1048576K
Event: 20.711 GC heap after
Heap after GC invocations=10 (full 4):
 PSYoungGen      total 580608K, used 0K [0x00000000d5580000, 0x0000000100000000, 0x0000000100000000)
  eden space 550400K, 0% used [0x00000000d5580000,0x00000000d5580000,0x00000000f6f00000)
  from space 30208K, 0% used [0x00000000f8e00000,0x00000000f8e00000,0x00000000fab80000)
  to   space 31744K, 0% used [0x00000000f6f00000,0x00000000f6f00000,0x00000000f8e00000)
 ParOldGen       total 1398272K, used 545874K [0x0000000080000000, 0x00000000d5580000, 0x00000000d5580000)
  object space 1398272K, 39% used [0x0000000080000000,0x00000000a15149b8,0x00000000d5580000)
 Metaspace       used 60447K, capacity 62230K, committed 62720K, reserved 1103872K
  class space    used 6973K, capacity 7309K, committed 7424K, reserved 1048576K
}

