# JRE version: OpenJDK Runtime Environment (8.0_212-b04) (build 1.8.0_212-b04)
# Java VM: OpenJDK 64-Bit Server VM (25.212-b04 mixed mode linux-amd64 compressed oops)
Heap:
 PSYoungGen      total 611840K, used 215252K [0x00000000d5580000, 0x0000000100000000, 0x0000000100000000)
  eden space 524800K, 41% used [0x00000000d5580000,0x00000000e27b5340,0x00000000f5600000)
  from space 87040K, 0% used [0x00000000fab00000,0x00000000fab00000,0x0000000100000000)
  to   space 87040K, 0% used [0x00000000f5600000,0x00000000f5600000,0x00000000fab00000)
 ParOldGen       total 1398272K, used 33459K [0x0000000080000000, 0x00000000d5580000, 0x00000000d5580000)
  object space 1398272K, 2% used [0x0000000080000000,0x00000000820acf08,0x00000000d5580000)
 Metaspace       used 63962K, capacity 66588K, committed 66816K, reserved 1107968K
  class space    used 7389K, capacity 7874K, committed 7936K, reserved 1048576K
GC Heap History (10 events):
Event: 4.642 GC heap before
{Heap before GC invocations=3 (full 1):
 PSYoungGen      total 611840K, used 434547K [0x00000000d5580000, 0x0000000100000000, 0x0000000100000000)
  eden space 524800K, 82% used [0x00000000d5580000,0x00000000efddce80,0x00000000f5600000)
  from space 87040K, 0% used [0x00000000f5600000,0x00000000f5600000,0x00000000fab00000)
  to   space 87040K, 0% used [0x00000000fab00000,0x00000000fab00000,0x0000000100000000)
 ParOldGen       total 867328K, used 13748K [0x0000000080000000, 0x00000000b4f00000, 0x00000000d5580000)
  object space 867328K, 1% used [0x0000000080000000,0x0000000080d6d3a0,0x00000000b4f00000)
 Metaspace       used 34780K, capacity 35188K, committed 35416K, reserved 1081344K
  class space    used 3962K, capacity 4092K, committed 4096K, reserved 1048576K
Event: 4.673 GC heap after
Heap after GC invocations=3 (full 1):
 PSYoungGen      total 611840K, used 19145K [0x00000000d5580000, 0x0000000100000000, 0x0000000100000000)
  eden space 524800K, 0% used [0x00000000d5580000,0x00000000d5580000,0x00000000f5600000)
  from space 87040K, 21% used [0x00000000fab00000,0x00000000fbdb2798,0x0000000100000000)
  to   space 87040K, 0% used [0x00000000f5600000,0x00000000f5600000,0x00000000fab00000)
 ParOldGen       total 867328K, used 13748K [0x0000000080000000, 0x00000000b4f00000, 0x00000000d5580000)
  object space 867328K, 1% used [0x0000000080000000,0x0000000080d6d3a0,0x00000000b4f00000)
 Metaspace       used 34780K, capacity 35188K, committed 35416K, reserved 1081344K
  class space    used 3962K, capacity 4092K, committed 4096K, reserved 1048576K
}
Event: 4.673 GC heap before
{Heap before GC invocations=4 (full 2):
 PSYoungGen      total 611840K, used 19145K [0x00000000d5580000, 0x0000000100000000, 0x0000000100000000)
  eden space 524800K, 0% used [0x00000000d5580000,0x00000000d5580000,0x00000000f5600000)
  from space 87040K, 21% used [0x00000000fab00000,0x00000000fbdb2798,0x0000000100000000)
  to   space 87040K, 0% used [0x00000000f5600000,0x00000000f5600000,0x00000000fab00000)
 ParOldGen       total 867328K, used 13748K [0x0000000080000000, 0x00000000b4f00000, 0x00000000d5580000)
  object space 867328K, 1% used [0x0000000080000000,0x0000000080d6d3a0,0x00000000b4f00000)
 Metaspace       used 34780K, capacity 35188K, committed 35416K, reserved 1081344K
  class space    used 3962K, capacity 4092K, committed 4096K, reserved 1048576K
Event: 4.760 GC heap after
Heap after GC invocations=4 (full 2):
 PSYoungGen      total 611840K, used 0K [0x00000000d5580000, 0x0000000100000000, 0x0000000100000000)
  eden space 524800K, 0% used [0x00000000d5580000,0x00000000d5580000,0x00000000f5600000)
  from space 87040K, 0% used [0x00000000fab00000,0x00000000fab00000,0x0000000100000000)
  to   space 87040K, 0% used [0x00000000f5600000,0x00000000f5600000,0x00000000fab00000)
 ParOldGen       total 1398272K, used 23509K [0x0000000080000000, 0x00000000d5580000, 0x00000000d5580000)
  object space 1398272K, 1% used [0x0000000080000000,0x00000000816f5770,0x00000000d5580000)
 Metaspace       used 34780K, capacity 35188K, committed 35416K, reserved 1081344K
  class space    used 3962K, capacity 4092K, committed 4096K, reserved 1048576K
}
Event: 11.233 GC heap before
{Heap before GC invocations=5 (full 2):
 PSYoungGen      total 611840K, used 524800K [0x00000000d5580000, 0x0000000100000000, 0x0000000100000000)
  eden space 524800K, 100% used [0x00000000d5580000,0x00000000f5600000,0x00000000f5600000)
  from space 87040K, 0% used [0x00000000fab00000,0x00000000fab00000,0x0000000100000000)
  to   space 87040K, 0% used [0x00000000f5600000,0x00000000f5600000,0x00000000fab00000)
 ParOldGen       total 1398272K, used 23509K [0x0000000080000000, 0x00000000d5580000, 0x00000000d5580000)
  object space 1398272K, 1% used [0x0000000080000000,0x00000000816f5770,0x00000000d5580000)
 Metaspace       used 51386K, capacity 52726K, committed 52992K, reserved 1095680K
  class space    used 6040K, capacity 6283K, committed 6400K, reserved 1048576K
Event: 11.288 GC heap after
Heap after GC invocations=5 (full 2):
 PSYoungGen      total 611840K, used 25820K [0x00000000d5580000, 0x0000000100000000, 0x0000000100000000)
  eden space 524800K, 0% used [0x00000000d5580000,0x00000000d5580000,0x00000000f5600000)
  from space 87040K, 29% used [0x00000000f5600000,0x00000000f6f372e0,0x00000000fab00000)
  to   space 87040K, 0% used [0x00000000fab00000,0x00000000fab00000,0x0000000100000000)
 ParOldGen       total 1398272K, used 23517K [0x0000000080000000, 0x00000000d5580000, 0x00000000d5580000)
  object space 1398272K, 1% used [0x0000000080000000,0x00000000816f7770,0x00000000d5580000)
 Metaspace       used 51386K, capacity 52726K, committed 52992K, reserved 1095680K
  class space    used 6040K, capacity 6283K, committed 6400K, reserved 1048576K
}
Event: 12.231 GC heap before
{Heap before GC invocations=6 (full 2):
 PSYoungGen      total 611840K, used 172044K [0x00000000d5580000, 0x0000000100000000, 0x0000000100000000)
  eden space 524800K, 27% used [0x00000000d5580000,0x00000000de44c070,0x00000000f5600000)
  from space 87040K, 29% used [0x00000000f5600000,0x00000000f6f372e0,0x00000000fab00000)
  to   space 87040K, 0% used [0x00000000fab00000,0x00000000fab00000,0x0000000100000000)
 ParOldGen       total 1398272K, used 23517K [0x0000000080000000, 0x00000000d5580000, 0x00000000d5580000)
  object space 1398272K, 1% used [0x0000000080000000,0x00000000816f7770,0x00000000d5580000)
 Metaspace       used 57487K, capacity 58904K, committed 59028K, reserved 1101824K
  class space    used 6617K, capacity 6902K, committed 6912K, reserved 1048576K
Event: 12.263 GC heap after
Heap after GC invocations=6 (full 2):
 PSYoungGen      total 611840K, used 22007K [0x00000000d5580000, 0x0000000100000000, 0x0000000100000000)
  eden space 524800K, 0% used [0x00000000d5580000,0x00000000d5580000,0x00000000f5600000)
  from space 87040K, 25% used [0x00000000fab00000,0x00000000fc07dd10,0x0000000100000000)
  to   space 87040K, 0% used [0x00000000f5600000,0x00000000f5600000,0x00000000fab00000)
 ParOldGen       total 1398272K, used 23525K [0x0000000080000000, 0x00000000d5580000, 0x00000000d5580000)
  object space 1398272K, 1% used [0x0000000080000000,0x00000000816f9770,0x00000000d5580000)
 Metaspace       used 57487K, capacity 58904K, committed 59028K, reserved 1101824K
  class space    used 6617K, capacity 6902K, committed 6912K, reserved 1048576K
}
Event: 12.263 GC heap before
{Heap before GC invocations=7 (full 3):
 PSYoungGen      total 611840K, used 22007K [0x00000000d5580000, 0x0000000100000000, 0x0000000100000000)
  eden space 524800K, 0% used [0x00000000d5580000,0x00000000d5580000,0x00000000f5600000)
  from space 87040K, 25% used [0x00000000fab00000,0x00000000fc07dd10,0x0000000100000000)
  to   space 87040K, 0% used [0x00000000f5600000,0x00000000f5600000,0x00000000fab00000)
 ParOldGen       total 1398272K, used 23525K [0x0000000080000000, 0x00000000d5580000, 0x00000000d5580000)
  object space 1398272K, 1% used [0x0000000080000000,0x00000000816f9770,0x00000000d5580000)
 Metaspace       used 57487K, capacity 58904K, committed 59028K, reserved 1101824K
  class space    used 6617K, capacity 6902K, committed 6912K, reserved 1048576K
Event: 12.497 GC heap after
Heap after GC invocations=7 (full 3):
 PSYoungGen      total 611840K, used 0K [0x00000000d5580000, 0x0000000100000000, 0x0000000100000000)
  eden space 524800K, 0% used [0x00000000d5580000,0x00000000d5580000,0x00000000f5600000)
  from space 87040K, 0% used [0x00000000fab00000,0x00000000fab00000,0x0000000100000000)
  to   space 87040K, 0% used [0x00000000f5600000,0x00000000f5600000,0x00000000fab00000)
 ParOldGen       total 1398272K, used 33459K [0x0000000080000000, 0x00000000d5580000, 0x00000000d5580000)
  object space 1398272K, 2% used [0x0000000080000000,0x00000000820acf08,0x00000000d5580000)
 Metaspace       used 57456K, capacity 58822K, committed 59028K, reserved 1101824K
  class space    used 6606K, capacity 6883K, committed 6912K, reserved 1048576K
}

