# JRE version: OpenJDK Runtime Environment (8.0_212-b04) (build 1.8.0_212-b04)
# Java VM: OpenJDK 64-Bit Server VM (25.212-b04 mixed mode linux-amd64 compressed oops)
Heap:
 PSYoungGen      total 611840K, used 290282K [0x00000000d5580000, 0x0000000100000000, 0x0000000100000000)
  eden space 524800K, 55% used [0x00000000d5580000,0x00000000e70fa810,0x00000000f5600000)
  from space 87040K, 0% used [0x00000000fab00000,0x00000000fab00000,0x0000000100000000)
  to   space 87040K, 0% used [0x00000000f5600000,0x00000000f5600000,0x00000000fab00000)
 ParOldGen       total 1398272K, used 28436K [0x0000000080000000, 0x00000000d5580000, 0x00000000d5580000)
  object space 1398272K, 2% used [0x0000000080000000,0x0000000081bc53b8,0x00000000d5580000)
 Metaspace       used 65516K, capacity 68326K, committed 68608K, reserved 1110016K
  class space    used 7567K, capacity 8085K, committed 8192K, reserved 1048576K
GC Heap History (10 events):
Event: 4.761 GC heap before
{Heap before GC invocations=3 (full 1):
 PSYoungGen      total 611840K, used 459213K [0x00000000d5580000, 0x0000000100000000, 0x0000000100000000)
  eden space 524800K, 87% used [0x00000000d5580000,0x00000000f15f3720,0x00000000f5600000)
  from space 87040K, 0% used [0x00000000f5600000,0x00000000f5600000,0x00000000fab00000)
  to   space 87040K, 0% used [0x00000000fab00000,0x00000000fab00000,0x0000000100000000)
 ParOldGen       total 899584K, used 14265K [0x0000000080000000, 0x00000000b6e80000, 0x00000000d5580000)
  object space 899584K, 1% used [0x0000000080000000,0x0000000080dee430,0x00000000b6e80000)
 Metaspace       used 34757K, capacity 35092K, committed 35416K, reserved 1081344K
  class space    used 3959K, capacity 4060K, committed 4096K, reserved 1048576K
Event: 4.810 GC heap after
Heap after GC invocations=3 (full 1):
 PSYoungGen      total 611840K, used 19336K [0x00000000d5580000, 0x0000000100000000, 0x0000000100000000)
  eden space 524800K, 0% used [0x00000000d5580000,0x00000000d5580000,0x00000000f5600000)
  from space 87040K, 22% used [0x00000000fab00000,0x00000000fbde23d0,0x0000000100000000)
  to   space 87040K, 0% used [0x00000000f5600000,0x00000000f5600000,0x00000000fab00000)
 ParOldGen       total 899584K, used 14265K [0x0000000080000000, 0x00000000b6e80000, 0x00000000d5580000)
  object space 899584K, 1% used [0x0000000080000000,0x0000000080dee430,0x00000000b6e80000)
 Metaspace       used 34757K, capacity 35092K, committed 35416K, reserved 1081344K
  class space    used 3959K, capacity 4060K, committed 4096K, reserved 1048576K
}
Event: 4.810 GC heap before
{Heap before GC invocations=4 (full 2):
 PSYoungGen      total 611840K, used 19336K [0x00000000d5580000, 0x0000000100000000, 0x0000000100000000)
  eden space 524800K, 0% used [0x00000000d5580000,0x00000000d5580000,0x00000000f5600000)
  from space 87040K, 22% used [0x00000000fab00000,0x00000000fbde23d0,0x0000000100000000)
  to   space 87040K, 0% used [0x00000000f5600000,0x00000000f5600000,0x00000000fab00000)
 ParOldGen       total 899584K, used 14265K [0x0000000080000000, 0x00000000b6e80000, 0x00000000d5580000)
  object space 899584K, 1% used [0x0000000080000000,0x0000000080dee430,0x00000000b6e80000)
 Metaspace       used 34757K, capacity 35092K, committed 35416K, reserved 1081344K
  class space    used 3959K, capacity 4060K, committed 4096K, reserved 1048576K
Event: 4.960 GC heap after
Heap after GC invocations=4 (full 2):
 PSYoungGen      total 611840K, used 0K [0x00000000d5580000, 0x0000000100000000, 0x0000000100000000)
  eden space 524800K, 0% used [0x00000000d5580000,0x00000000d5580000,0x00000000f5600000)
  from space 87040K, 0% used [0x00000000fab00000,0x00000000fab00000,0x0000000100000000)
  to   space 87040K, 0% used [0x00000000f5600000,0x00000000f5600000,0x00000000fab00000)
 ParOldGen       total 1398272K, used 23902K [0x0000000080000000, 0x00000000d5580000, 0x00000000d5580000)
  object space 1398272K, 1% used [0x0000000080000000,0x0000000081757a60,0x00000000d5580000)
 Metaspace       used 34757K, capacity 35092K, committed 35416K, reserved 1081344K
  class space    used 3959K, capacity 4060K, committed 4096K, reserved 1048576K
}
Event: 11.393 GC heap before
{Heap before GC invocations=5 (full 2):
 PSYoungGen      total 611840K, used 524800K [0x00000000d5580000, 0x0000000100000000, 0x0000000100000000)
  eden space 524800K, 100% used [0x00000000d5580000,0x00000000f5600000,0x00000000f5600000)
  from space 87040K, 0% used [0x00000000fab00000,0x00000000fab00000,0x0000000100000000)
  to   space 87040K, 0% used [0x00000000f5600000,0x00000000f5600000,0x00000000fab00000)
 ParOldGen       total 1398272K, used 23902K [0x0000000080000000, 0x00000000d5580000, 0x00000000d5580000)
  object space 1398272K, 1% used [0x0000000080000000,0x0000000081757a60,0x00000000d5580000)
 Metaspace       used 52349K, capacity 53782K, committed 54144K, reserved 1097728K
  class space    used 6152K, capacity 6419K, committed 6528K, reserved 1048576K
Event: 11.439 GC heap after
Heap after GC invocations=5 (full 2):
 PSYoungGen      total 611840K, used 26066K [0x00000000d5580000, 0x0000000100000000, 0x0000000100000000)
  eden space 524800K, 0% used [0x00000000d5580000,0x00000000d5580000,0x00000000f5600000)
  from space 87040K, 29% used [0x00000000f5600000,0x00000000f6f74b18,0x00000000fab00000)
  to   space 87040K, 0% used [0x00000000fab00000,0x00000000fab00000,0x0000000100000000)
 ParOldGen       total 1398272K, used 23910K [0x0000000080000000, 0x00000000d5580000, 0x00000000d5580000)
  object space 1398272K, 1% used [0x0000000080000000,0x0000000081759a60,0x00000000d5580000)
 Metaspace       used 52349K, capacity 53782K, committed 54144K, reserved 1097728K
  class space    used 6152K, capacity 6419K, committed 6528K, reserved 1048576K
}
Event: 12.103 GC heap before
{Heap before GC invocations=6 (full 2):
 PSYoungGen      total 611840K, used 190555K [0x00000000d5580000, 0x0000000100000000, 0x0000000100000000)
  eden space 524800K, 31% used [0x00000000d5580000,0x00000000df622178,0x00000000f5600000)
  from space 87040K, 29% used [0x00000000f5600000,0x00000000f6f74b18,0x00000000fab00000)
  to   space 87040K, 0% used [0x00000000fab00000,0x00000000fab00000,0x0000000100000000)
 ParOldGen       total 1398272K, used 23910K [0x0000000080000000, 0x00000000d5580000, 0x00000000d5580000)
  object space 1398272K, 1% used [0x0000000080000000,0x0000000081759a60,0x00000000d5580000)
 Metaspace       used 57403K, capacity 58828K, committed 59008K, reserved 1101824K
  class space    used 6648K, capacity 6942K, committed 7040K, reserved 1048576K
Event: 12.126 GC heap after
Heap after GC invocations=6 (full 2):
 PSYoungGen      total 611840K, used 16472K [0x00000000d5580000, 0x0000000100000000, 0x0000000100000000)
  eden space 524800K, 0% used [0x00000000d5580000,0x00000000d5580000,0x00000000f5600000)
  from space 87040K, 18% used [0x00000000fab00000,0x00000000fbb163b0,0x0000000100000000)
  to   space 87040K, 0% used [0x00000000f5600000,0x00000000f5600000,0x00000000fab00000)
 ParOldGen       total 1398272K, used 23918K [0x0000000080000000, 0x00000000d5580000, 0x00000000d5580000)
  object space 1398272K, 1% used [0x0000000080000000,0x000000008175ba60,0x00000000d5580000)
 Metaspace       used 57403K, capacity 58828K, committed 59008K, reserved 1101824K
  class space    used 6648K, capacity 6942K, committed 7040K, reserved 1048576K
}
Event: 12.126 GC heap before
{Heap before GC invocations=7 (full 3):
 PSYoungGen      total 611840K, used 16472K [0x00000000d5580000, 0x0000000100000000, 0x0000000100000000)
  eden space 524800K, 0% used [0x00000000d5580000,0x00000000d5580000,0x00000000f5600000)
  from space 87040K, 18% used [0x00000000fab00000,0x00000000fbb163b0,0x0000000100000000)
  to   space 87040K, 0% used [0x00000000f5600000,0x00000000f5600000,0x00000000fab00000)
 ParOldGen       total 1398272K, used 23918K [0x0000000080000000, 0x00000000d5580000, 0x00000000d5580000)
  object space 1398272K, 1% used [0x0000000080000000,0x000000008175ba60,0x00000000d5580000)
 Metaspace       used 57403K, capacity 58828K, committed 59008K, reserved 1101824K
  class space    used 6648K, capacity 6942K, committed 7040K, reserved 1048576K
Event: 12.377 GC heap after
Heap after GC invocations=7 (full 3):
 PSYoungGen      total 611840K, used 0K [0x00000000d5580000, 0x0000000100000000, 0x0000000100000000)
  eden space 524800K, 0% used [0x00000000d5580000,0x00000000d5580000,0x00000000f5600000)
  from space 87040K, 0% used [0x00000000fab00000,0x00000000fab00000,0x0000000100000000)
  to   space 87040K, 0% used [0x00000000f5600000,0x00000000f5600000,0x00000000fab00000)
 ParOldGen       total 1398272K, used 28436K [0x0000000080000000, 0x00000000d5580000, 0x00000000d5580000)
  object space 1398272K, 2% used [0x0000000080000000,0x0000000081bc53b8,0x00000000d5580000)
 Metaspace       used 57355K, capacity 58704K, committed 59008K, reserved 1101824K
  class space    used 6631K, capacity 6912K, committed 7040K, reserved 1048576K
}

