# JRE version: OpenJDK Runtime Environment (8.0_212-b04) (build 1.8.0_212-b04)
# Java VM: OpenJDK 64-Bit Server VM (25.212-b04 mixed mode linux-amd64 compressed oops)
Heap:
 PSYoungGen      total 611840K, used 415936K [0x00000000d5580000, 0x0000000100000000, 0x0000000100000000)
  eden space 524800K, 79% used [0x00000000d5580000,0x00000000eebb03b8,0x00000000f5600000)
  from space 87040K, 0% used [0x00000000fab00000,0x00000000fab00000,0x0000000100000000)
  to   space 87040K, 0% used [0x00000000f5600000,0x00000000f5600000,0x00000000fab00000)
 ParOldGen       total 1398272K, used 31372K [0x0000000080000000, 0x00000000d5580000, 0x00000000d5580000)
  object space 1398272K, 2% used [0x0000000080000000,0x0000000081ea3060,0x00000000d5580000)
 Metaspace       used 45844K, capacity 46492K, committed 47064K, reserved 1091584K
  class space    used 5184K, capacity 5364K, committed 5376K, reserved 1048576K
GC Heap History (8 events):
Event: 3.021 GC heap before
{Heap before GC invocations=1 (full 0):
 PSYoungGen      total 611840K, used 251910K [0x00000000d5580000, 0x0000000100000000, 0x0000000100000000)
  eden space 524800K, 48% used [0x00000000d5580000,0x00000000e4b818b8,0x00000000f5600000)
  from space 87040K, 0% used [0x00000000fab00000,0x00000000fab00000,0x0000000100000000)
  to   space 87040K, 0% used [0x00000000f5600000,0x00000000f5600000,0x00000000fab00000)
 ParOldGen       total 1398272K, used 0K [0x0000000080000000, 0x00000000d5580000, 0x00000000d5580000)
  object space 1398272K, 0% used [0x0000000080000000,0x0000000080000000,0x00000000d5580000)
 Metaspace       used 20742K, capacity 21016K, committed 21248K, reserved 1069056K
  class space    used 2363K, capacity 2482K, committed 2560K, reserved 1048576K
Event: 3.071 GC heap after
Heap after GC invocations=1 (full 0):
 PSYoungGen      total 611840K, used 21765K [0x00000000d5580000, 0x0000000100000000, 0x0000000100000000)
  eden space 524800K, 0% used [0x00000000d5580000,0x00000000d5580000,0x00000000f5600000)
  from space 87040K, 25% used [0x00000000f5600000,0x00000000f6b414f8,0x00000000fab00000)
  to   space 87040K, 0% used [0x00000000fab00000,0x00000000fab00000,0x0000000100000000)
 ParOldGen       total 1398272K, used 8K [0x0000000080000000, 0x00000000d5580000, 0x00000000d5580000)
  object space 1398272K, 0% used [0x0000000080000000,0x0000000080002000,0x00000000d5580000)
 Metaspace       used 20742K, capacity 21016K, committed 21248K, reserved 1069056K
  class space    used 2363K, capacity 2482K, committed 2560K, reserved 1048576K
}
Event: 3.071 GC heap before
{Heap before GC invocations=2 (full 1):
 PSYoungGen      total 611840K, used 21765K [0x00000000d5580000, 0x0000000100000000, 0x0000000100000000)
  eden space 524800K, 0% used [0x00000000d5580000,0x00000000d5580000,0x00000000f5600000)
  from space 87040K, 25% used [0x00000000f5600000,0x00000000f6b414f8,0x00000000fab00000)
  to   space 87040K, 0% used [0x00000000fab00000,0x00000000fab00000,0x0000000100000000)
 ParOldGen       total 1398272K, used 8K [0x0000000080000000, 0x00000000d5580000, 0x00000000d5580000)
  object space 1398272K, 0% used [0x0000000080000000,0x0000000080002000,0x00000000d5580000)
 Metaspace       used 20742K, capacity 21016K, committed 21248K, reserved 1069056K
  class space    used 2363K, capacity 2482K, committed 2560K, reserved 1048576K
Event: 3.175 GC heap after
Heap after GC invocations=2 (full 1):
 PSYoungGen      total 611840K, used 0K [0x00000000d5580000, 0x0000000100000000, 0x0000000100000000)
  eden space 524800K, 0% used [0x00000000d5580000,0x00000000d5580000,0x00000000f5600000)
  from space 87040K, 0% used [0x00000000f5600000,0x00000000f5600000,0x00000000fab00000)
  to   space 87040K, 0% used [0x00000000fab00000,0x00000000fab00000,0x0000000100000000)
 ParOldGen       total 898560K, used 21182K [0x0000000080000000, 0x00000000b6d80000, 0x00000000d5580000)
  object space 898560K, 2% used [0x0000000080000000,0x00000000814af8e0,0x00000000b6d80000)
 Metaspace       used 20742K, capacity 21016K, committed 21248K, reserved 1069056K
  class space    used 2363K, capacity 2482K, committed 2560K, reserved 1048576K
}
Event: 4.927 GC heap before
{Heap before GC invocations=3 (full 1):
 PSYoungGen      total 611840K, used 314949K [0x00000000d5580000, 0x0000000100000000, 0x0000000100000000)
  eden space 524800K, 60% used [0x00000000d5580000,0x00000000e8911648,0x00000000f5600000)
  from space 87040K, 0% used [0x00000000f5600000,0x00000000f5600000,0x00000000fab00000)
  to   space 87040K, 0% used [0x00000000fab00000,0x00000000fab00000,0x0000000100000000)
 ParOldGen       total 898560K, used 21182K [0x0000000080000000, 0x00000000b6d80000, 0x00000000d5580000)
  object space 898560K, 2% used [0x0000000080000000,0x00000000814af8e0,0x00000000b6d80000)
 Metaspace       used 34558K, capacity 34988K, committed 35416K, reserved 1081344K
  class space    used 4056K, capacity 4174K, committed 4224K, reserved 1048576K
Event: 4.953 GC heap after
Heap after GC invocations=3 (full 1):
 PSYoungGen      total 611840K, used 22918K [0x00000000d5580000, 0x0000000100000000, 0x0000000100000000)
  eden space 524800K, 0% used [0x00000000d5580000,0x00000000d5580000,0x00000000f5600000)
  from space 87040K, 26% used [0x00000000fab00000,0x00000000fc161bd8,0x0000000100000000)
  to   space 87040K, 0% used [0x00000000f5600000,0x00000000f5600000,0x00000000fab00000)
 ParOldGen       total 898560K, used 21254K [0x0000000080000000, 0x00000000b6d80000, 0x00000000d5580000)
  object space 898560K, 2% used [0x0000000080000000,0x00000000814c18f0,0x00000000b6d80000)
 Metaspace       used 34558K, capacity 34988K, committed 35416K, reserved 1081344K
  class space    used 4056K, capacity 4174K, committed 4224K, reserved 1048576K
}
Event: 4.953 GC heap before
{Heap before GC invocations=4 (full 2):
 PSYoungGen      total 611840K, used 22918K [0x00000000d5580000, 0x0000000100000000, 0x0000000100000000)
  eden space 524800K, 0% used [0x00000000d5580000,0x00000000d5580000,0x00000000f5600000)
  from space 87040K, 26% used [0x00000000fab00000,0x00000000fc161bd8,0x0000000100000000)
  to   space 87040K, 0% used [0x00000000f5600000,0x00000000f5600000,0x00000000fab00000)
 ParOldGen       total 898560K, used 21254K [0x0000000080000000, 0x00000000b6d80000, 0x00000000d5580000)
  object space 898560K, 2% used [0x0000000080000000,0x00000000814c18f0,0x00000000b6d80000)
 Metaspace       used 34558K, capacity 34988K, committed 35416K, reserved 1081344K
  class space    used 4056K, capacity 4174K, committed 4224K, reserved 1048576K
Event: 5.033 GC heap after
Heap after GC invocations=4 (full 2):
 PSYoungGen      total 611840K, used 0K [0x00000000d5580000, 0x0000000100000000, 0x0000000100000000)
  eden space 524800K, 0% used [0x00000000d5580000,0x00000000d5580000,0x00000000f5600000)
  from space 87040K, 0% used [0x00000000fab00000,0x00000000fab00000,0x0000000100000000)
  to   space 87040K, 0% used [0x00000000f5600000,0x00000000f5600000,0x00000000fab00000)
 ParOldGen       total 1398272K, used 31372K [0x0000000080000000, 0x00000000d5580000, 0x00000000d5580000)
  object space 1398272K, 2% used [0x0000000080000000,0x0000000081ea3060,0x00000000d5580000)
 Metaspace       used 34558K, capacity 34988K, committed 35416K, reserved 1081344K
  class space    used 4056K, capacity 4174K, committed 4224K, reserved 1048576K
}

