# JRE version: OpenJDK Runtime Environment (8.0_212-b04) (build 1.8.0_212-b04)
# Java VM: OpenJDK 64-Bit Server VM (25.212-b04 mixed mode linux-amd64 compressed oops)
Heap:
 PSYoungGen      total 515584K, used 430524K [0x00000000d5580000, 0x0000000100000000, 0x0000000100000000)
  eden space 427520K, 80% used [0x00000000d5580000,0x00000000ea3f3e80,0x00000000ef700000)
  from space 88064K, 99% used [0x00000000faa00000,0x00000000ffffb330,0x0000000100000000)
  to   space 135680K, 0% used [0x00000000ef700000,0x00000000ef700000,0x00000000f7b80000)
 ParOldGen       total 1398272K, used 73205K [0x0000000080000000, 0x00000000d5580000, 0x00000000d5580000)
  object space 1398272K, 5% used [0x0000000080000000,0x000000008477d458,0x00000000d5580000)
 Metaspace       used 70960K, capacity 74348K, committed 74368K, reserved 1116160K
  class space    used 7731K, capacity 8313K, committed 8320K, reserved 1048576K
GC Heap History (10 events):
Event: 11.864 GC heap before
{Heap before GC invocations=5 (full 2):
 PSYoungGen      total 611840K, used 363826K [0x00000000d5580000, 0x0000000100000000, 0x0000000100000000)
  eden space 524800K, 69% used [0x00000000d5580000,0x00000000eb8cca88,0x00000000f5600000)
  from space 87040K, 0% used [0x00000000fab00000,0x00000000fab00000,0x0000000100000000)
  to   space 87040K, 0% used [0x00000000f5600000,0x00000000f5600000,0x00000000fab00000)
 ParOldGen       total 1398272K, used 23038K [0x0000000080000000, 0x00000000d5580000, 0x00000000d5580000)
  object space 1398272K, 1% used [0x0000000080000000,0x000000008167fbc0,0x00000000d5580000)
 Metaspace       used 57016K, capacity 58938K, committed 59028K, reserved 1101824K
  class space    used 6674K, capacity 7028K, committed 7040K, reserved 1048576K
Event: 11.915 GC heap after
Heap after GC invocations=5 (full 2):
 PSYoungGen      total 611840K, used 33526K [0x00000000d5580000, 0x0000000100000000, 0x0000000100000000)
  eden space 524800K, 0% used [0x00000000d5580000,0x00000000d5580000,0x00000000f5600000)
  from space 87040K, 38% used [0x00000000f5600000,0x00000000f76bd808,0x00000000fab00000)
  to   space 87040K, 0% used [0x00000000fab00000,0x00000000fab00000,0x0000000100000000)
 ParOldGen       total 1398272K, used 23046K [0x0000000080000000, 0x00000000d5580000, 0x00000000d5580000)
  object space 1398272K, 1% used [0x0000000080000000,0x0000000081681bc0,0x00000000d5580000)
 Metaspace       used 57016K, capacity 58938K, committed 59028K, reserved 1101824K
  class space    used 6674K, capacity 7028K, committed 7040K, reserved 1048576K
}
Event: 11.915 GC heap before
{Heap before GC invocations=6 (full 3):
 PSYoungGen      total 611840K, used 33526K [0x00000000d5580000, 0x0000000100000000, 0x0000000100000000)
  eden space 524800K, 0% used [0x00000000d5580000,0x00000000d5580000,0x00000000f5600000)
  from space 87040K, 38% used [0x00000000f5600000,0x00000000f76bd808,0x00000000fab00000)
  to   space 87040K, 0% used [0x00000000fab00000,0x00000000fab00000,0x0000000100000000)
 ParOldGen       total 1398272K, used 23046K [0x0000000080000000, 0x00000000d5580000, 0x00000000d5580000)
  object space 1398272K, 1% used [0x0000000080000000,0x0000000081681bc0,0x00000000d5580000)
 Metaspace       used 57016K, capacity 58938K, committed 59028K, reserved 1101824K
  class space    used 6674K, capacity 7028K, committed 7040K, reserved 1048576K
Event: 12.184 GC heap after
Heap after GC invocations=6 (full 3):
 PSYoungGen      total 611840K, used 0K [0x00000000d5580000, 0x0000000100000000, 0x0000000100000000)
  eden space 524800K, 0% used [0x00000000d5580000,0x00000000d5580000,0x00000000f5600000)
  from space 87040K, 0% used [0x00000000f5600000,0x00000000f5600000,0x00000000fab00000)
  to   space 87040K, 0% used [0x00000000fab00000,0x00000000fab00000,0x0000000100000000)
 ParOldGen       total 1398272K, used 43732K [0x0000000080000000, 0x00000000d5580000, 0x00000000d5580000)
  object space 1398272K, 3% used [0x0000000080000000,0x0000000082ab5028,0x00000000d5580000)
 Metaspace       used 56900K, capacity 58616K, committed 59028K, reserved 1101824K
  class space    used 6635K, capacity 6957K, committed 7040K, reserved 1048576K
}
Event: 50.181 GC heap before
{Heap before GC invocations=7 (full 3):
 PSYoungGen      total 611840K, used 524800K [0x00000000d5580000, 0x0000000100000000, 0x0000000100000000)
  eden space 524800K, 100% used [0x00000000d5580000,0x00000000f5600000,0x00000000f5600000)
  from space 87040K, 0% used [0x00000000f5600000,0x00000000f5600000,0x00000000fab00000)
  to   space 87040K, 0% used [0x00000000fab00000,0x00000000fab00000,0x0000000100000000)
 ParOldGen       total 1398272K, used 43732K [0x0000000080000000, 0x00000000d5580000, 0x00000000d5580000)
  object space 1398272K, 3% used [0x0000000080000000,0x0000000082ab5028,0x00000000d5580000)
 Metaspace       used 67315K, capacity 70368K, committed 70400K, reserved 1112064K
  class space    used 7619K, capacity 8171K, committed 8192K, reserved 1048576K
Event: 50.323 GC heap after
Heap after GC invocations=7 (full 3):
 PSYoungGen      total 611840K, used 87038K [0x00000000d5580000, 0x0000000100000000, 0x0000000100000000)
  eden space 524800K, 0% used [0x00000000d5580000,0x00000000d5580000,0x00000000f5600000)
  from space 87040K, 99% used [0x00000000fab00000,0x00000000fffff850,0x0000000100000000)
  to   space 87040K, 0% used [0x00000000f5600000,0x00000000f5600000,0x00000000fab00000)
 ParOldGen       total 1398272K, used 54412K [0x0000000080000000, 0x00000000d5580000, 0x00000000d5580000)
  object space 1398272K, 3% used [0x0000000080000000,0x0000000083523218,0x00000000d5580000)
 Metaspace       used 67315K, capacity 70368K, committed 70400K, reserved 1112064K
  class space    used 7619K, capacity 8171K, committed 8192K, reserved 1048576K
}
Event: 232.350 GC heap before
{Heap before GC invocations=8 (full 3):
 PSYoungGen      total 611840K, used 611838K [0x00000000d5580000, 0x0000000100000000, 0x0000000100000000)
  eden space 524800K, 100% used [0x00000000d5580000,0x00000000f5600000,0x00000000f5600000)
  from space 87040K, 99% used [0x00000000fab00000,0x00000000fffff850,0x0000000100000000)
  to   space 87040K, 0% used [0x00000000f5600000,0x00000000f5600000,0x00000000fab00000)
 ParOldGen       total 1398272K, used 54412K [0x0000000080000000, 0x00000000d5580000, 0x00000000d5580000)
  object space 1398272K, 3% used [0x0000000080000000,0x0000000083523218,0x00000000d5580000)
 Metaspace       used 69306K, capacity 72444K, committed 72576K, reserved 1114112K
  class space    used 7674K, capacity 8235K, committed 8320K, reserved 1048576K
Event: 232.488 GC heap after
Heap after GC invocations=8 (full 3):
 PSYoungGen      total 610816K, used 85667K [0x00000000d5580000, 0x0000000100000000, 0x0000000100000000)
  eden space 524800K, 0% used [0x00000000d5580000,0x00000000d5580000,0x00000000f5600000)
  from space 86016K, 99% used [0x00000000f5600000,0x00000000fa9a8e28,0x00000000faa00000)
  to   space 88064K, 0% used [0x00000000faa00000,0x00000000faa00000,0x0000000100000000)
 ParOldGen       total 1398272K, used 54420K [0x0000000080000000, 0x00000000d5580000, 0x00000000d5580000)
  object space 1398272K, 3% used [0x0000000080000000,0x0000000083525218,0x00000000d5580000)
 Metaspace       used 69306K, capacity 72444K, committed 72576K, reserved 1114112K
  class space    used 7674K, capacity 8235K, committed 8320K, reserved 1048576K
}
Event: 305.590 GC heap before
{Heap before GC invocations=9 (full 3):
 PSYoungGen      total 610816K, used 610467K [0x00000000d5580000, 0x0000000100000000, 0x0000000100000000)
  eden space 524800K, 100% used [0x00000000d5580000,0x00000000f5600000,0x00000000f5600000)
  from space 86016K, 99% used [0x00000000f5600000,0x00000000fa9a8e28,0x00000000faa00000)
  to   space 88064K, 0% used [0x00000000faa00000,0x00000000faa00000,0x0000000100000000)
 ParOldGen       total 1398272K, used 54420K [0x0000000080000000, 0x00000000d5580000, 0x00000000d5580000)
  object space 1398272K, 3% used [0x0000000080000000,0x0000000083525218,0x00000000d5580000)
 Metaspace       used 70473K, capacity 73738K, committed 73856K, reserved 1114112K
  class space    used 7706K, capacity 8276K, committed 8320K, reserved 1048576K
Event: 305.775 GC heap after
Heap after GC invocations=9 (full 3):
 PSYoungGen      total 515584K, used 88044K [0x00000000d5580000, 0x0000000100000000, 0x0000000100000000)
  eden space 427520K, 0% used [0x00000000d5580000,0x00000000d5580000,0x00000000ef700000)
  from space 88064K, 99% used [0x00000000faa00000,0x00000000ffffb330,0x0000000100000000)
  to   space 135680K, 0% used [0x00000000ef700000,0x00000000ef700000,0x00000000f7b80000)
 ParOldGen       total 1398272K, used 73205K [0x0000000080000000, 0x00000000d5580000, 0x00000000d5580000)
  object space 1398272K, 5% used [0x0000000080000000,0x000000008477d458,0x00000000d5580000)
 Metaspace       used 70473K, capacity 73738K, committed 73856K, reserved 1114112K
  class space    used 7706K, capacity 8276K, committed 8320K, reserved 1048576K
}

