# JRE version: OpenJDK Runtime Environment (8.0_212-b04) (build 1.8.0_212-b04)
# Java VM: OpenJDK 64-Bit Server VM (25.212-b04 mixed mode linux-amd64 compressed oops)
Heap:
 PSYoungGen      total 611840K, used 227907K [0x00000000d5580000, 0x0000000100000000, 0x0000000100000000)
  eden space 524800K, 43% used [0x00000000d5580000,0x00000000e3410d08,0x00000000f5600000)
  from space 87040K, 0% used [0x00000000fab00000,0x00000000fab00000,0x0000000100000000)
  to   space 87040K, 0% used [0x00000000f5600000,0x00000000f5600000,0x00000000fab00000)
 ParOldGen       total 1398272K, used 29049K [0x0000000080000000, 0x00000000d5580000, 0x00000000d5580000)
  object space 1398272K, 2% used [0x0000000080000000,0x0000000081c5e558,0x00000000d5580000)
 Metaspace       used 63680K, capacity 66034K, committed 66304K, reserved 1107968K
  class space    used 7367K, capacity 7817K, committed 7936K, reserved 1048576K
GC Heap History (10 events):
Event: 4.168 GC heap before
{Heap before GC invocations=3 (full 1):
 PSYoungGen      total 611840K, used 481065K [0x00000000d5580000, 0x0000000100000000, 0x0000000100000000)
  eden space 524800K, 91% used [0x00000000d5580000,0x00000000f2b4a6e0,0x00000000f5600000)
  from space 87040K, 0% used [0x00000000f5600000,0x00000000f5600000,0x00000000fab00000)
  to   space 87040K, 0% used [0x00000000fab00000,0x00000000fab00000,0x0000000100000000)
 ParOldGen       total 919040K, used 14256K [0x0000000080000000, 0x00000000b8180000, 0x00000000d5580000)
  object space 919040K, 1% used [0x0000000080000000,0x0000000080dec010,0x00000000b8180000)
 Metaspace       used 34766K, capacity 35124K, committed 35416K, reserved 1081344K
  class space    used 3970K, capacity 4092K, committed 4096K, reserved 1048576K
Event: 4.196 GC heap after
Heap after GC invocations=3 (full 1):
 PSYoungGen      total 611840K, used 19300K [0x00000000d5580000, 0x0000000100000000, 0x0000000100000000)
  eden space 524800K, 0% used [0x00000000d5580000,0x00000000d5580000,0x00000000f5600000)
  from space 87040K, 22% used [0x00000000fab00000,0x00000000fbdd9378,0x0000000100000000)
  to   space 87040K, 0% used [0x00000000f5600000,0x00000000f5600000,0x00000000fab00000)
 ParOldGen       total 919040K, used 14264K [0x0000000080000000, 0x00000000b8180000, 0x00000000d5580000)
  object space 919040K, 1% used [0x0000000080000000,0x0000000080dee010,0x00000000b8180000)
 Metaspace       used 34766K, capacity 35124K, committed 35416K, reserved 1081344K
  class space    used 3970K, capacity 4092K, committed 4096K, reserved 1048576K
}
Event: 4.196 GC heap before
{Heap before GC invocations=4 (full 2):
 PSYoungGen      total 611840K, used 19300K [0x00000000d5580000, 0x0000000100000000, 0x0000000100000000)
  eden space 524800K, 0% used [0x00000000d5580000,0x00000000d5580000,0x00000000f5600000)
  from space 87040K, 22% used [0x00000000fab00000,0x00000000fbdd9378,0x0000000100000000)
  to   space 87040K, 0% used [0x00000000f5600000,0x00000000f5600000,0x00000000fab00000)
 ParOldGen       total 919040K, used 14264K [0x0000000080000000, 0x00000000b8180000, 0x00000000d5580000)
  object space 919040K, 1% used [0x0000000080000000,0x0000000080dee010,0x00000000b8180000)
 Metaspace       used 34766K, capacity 35124K, committed 35416K, reserved 1081344K
  class space    used 3970K, capacity 4092K, committed 4096K, reserved 1048576K
Event: 4.293 GC heap after
Heap after GC invocations=4 (full 2):
 PSYoungGen      total 611840K, used 0K [0x00000000d5580000, 0x0000000100000000, 0x0000000100000000)
  eden space 524800K, 0% used [0x00000000d5580000,0x00000000d5580000,0x00000000f5600000)
  from space 87040K, 0% used [0x00000000fab00000,0x00000000fab00000,0x0000000100000000)
  to   space 87040K, 0% used [0x00000000f5600000,0x00000000f5600000,0x00000000fab00000)
 ParOldGen       total 1398272K, used 23939K [0x0000000080000000, 0x00000000d5580000, 0x00000000d5580000)
  object space 1398272K, 1% used [0x0000000080000000,0x0000000081760ce8,0x00000000d5580000)
 Metaspace       used 34766K, capacity 35124K, committed 35416K, reserved 1081344K
  class space    used 3970K, capacity 4092K, committed 4096K, reserved 1048576K
}
Event: 10.590 GC heap before
{Heap before GC invocations=5 (full 2):
 PSYoungGen      total 611840K, used 524800K [0x00000000d5580000, 0x0000000100000000, 0x0000000100000000)
  eden space 524800K, 100% used [0x00000000d5580000,0x00000000f5600000,0x00000000f5600000)
  from space 87040K, 0% used [0x00000000fab00000,0x00000000fab00000,0x0000000100000000)
  to   space 87040K, 0% used [0x00000000f5600000,0x00000000f5600000,0x00000000fab00000)
 ParOldGen       total 1398272K, used 23939K [0x0000000080000000, 0x00000000d5580000, 0x00000000d5580000)
  object space 1398272K, 1% used [0x0000000080000000,0x0000000081760ce8,0x00000000d5580000)
 Metaspace       used 51962K, capacity 53334K, committed 53504K, reserved 1095680K
  class space    used 6109K, capacity 6365K, committed 6400K, reserved 1048576K
Event: 10.624 GC heap after
Heap after GC invocations=5 (full 2):
 PSYoungGen      total 611840K, used 25742K [0x00000000d5580000, 0x0000000100000000, 0x0000000100000000)
  eden space 524800K, 0% used [0x00000000d5580000,0x00000000d5580000,0x00000000f5600000)
  from space 87040K, 29% used [0x00000000f5600000,0x00000000f6f23930,0x00000000fab00000)
  to   space 87040K, 0% used [0x00000000fab00000,0x00000000fab00000,0x0000000100000000)
 ParOldGen       total 1398272K, used 23947K [0x0000000080000000, 0x00000000d5580000, 0x00000000d5580000)
  object space 1398272K, 1% used [0x0000000080000000,0x0000000081762ce8,0x00000000d5580000)
 Metaspace       used 51962K, capacity 53334K, committed 53504K, reserved 1095680K
  class space    used 6109K, capacity 6365K, committed 6400K, reserved 1048576K
}
Event: 11.271 GC heap before
{Heap before GC invocations=6 (full 2):
 PSYoungGen      total 611840K, used 137967K [0x00000000d5580000, 0x0000000100000000, 0x0000000100000000)
  eden space 524800K, 21% used [0x00000000d5580000,0x00000000dc318348,0x00000000f5600000)
  from space 87040K, 29% used [0x00000000f5600000,0x00000000f6f23930,0x00000000fab00000)
  to   space 87040K, 0% used [0x00000000fab00000,0x00000000fab00000,0x0000000100000000)
 ParOldGen       total 1398272K, used 23947K [0x0000000080000000, 0x00000000d5580000, 0x00000000d5580000)
  object space 1398272K, 1% used [0x0000000080000000,0x0000000081762ce8,0x00000000d5580000)
 Metaspace       used 57459K, capacity 58862K, committed 59008K, reserved 1101824K
  class space    used 6670K, capacity 6943K, committed 7040K, reserved 1048576K
Event: 11.291 GC heap after
Heap after GC invocations=6 (full 2):
 PSYoungGen      total 611840K, used 17158K [0x00000000d5580000, 0x0000000100000000, 0x0000000100000000)
  eden space 524800K, 0% used [0x00000000d5580000,0x00000000d5580000,0x00000000f5600000)
  from space 87040K, 19% used [0x00000000fab00000,0x00000000fbbc1b60,0x0000000100000000)
  to   space 87040K, 0% used [0x00000000f5600000,0x00000000f5600000,0x00000000fab00000)
 ParOldGen       total 1398272K, used 23947K [0x0000000080000000, 0x00000000d5580000, 0x00000000d5580000)
  object space 1398272K, 1% used [0x0000000080000000,0x0000000081762ce8,0x00000000d5580000)
 Metaspace       used 57459K, capacity 58862K, committed 59008K, reserved 1101824K
  class space    used 6670K, capacity 6943K, committed 7040K, reserved 1048576K
}
Event: 11.291 GC heap before
{Heap before GC invocations=7 (full 3):
 PSYoungGen      total 611840K, used 17158K [0x00000000d5580000, 0x0000000100000000, 0x0000000100000000)
  eden space 524800K, 0% used [0x00000000d5580000,0x00000000d5580000,0x00000000f5600000)
  from space 87040K, 19% used [0x00000000fab00000,0x00000000fbbc1b60,0x0000000100000000)
  to   space 87040K, 0% used [0x00000000f5600000,0x00000000f5600000,0x00000000fab00000)
 ParOldGen       total 1398272K, used 23947K [0x0000000080000000, 0x00000000d5580000, 0x00000000d5580000)
  object space 1398272K, 1% used [0x0000000080000000,0x0000000081762ce8,0x00000000d5580000)
 Metaspace       used 57459K, capacity 58862K, committed 59008K, reserved 1101824K
  class space    used 6670K, capacity 6943K, committed 7040K, reserved 1048576K
Event: 11.499 GC heap after
Heap after GC invocations=7 (full 3):
 PSYoungGen      total 611840K, used 0K [0x00000000d5580000, 0x0000000100000000, 0x0000000100000000)
  eden space 524800K, 0% used [0x00000000d5580000,0x00000000d5580000,0x00000000f5600000)
  from space 87040K, 0% used [0x00000000fab00000,0x00000000fab00000,0x0000000100000000)
  to   space 87040K, 0% used [0x00000000f5600000,0x00000000f5600000,0x00000000fab00000)
 ParOldGen       total 1398272K, used 29049K [0x0000000080000000, 0x00000000d5580000, 0x00000000d5580000)
  object space 1398272K, 2% used [0x0000000080000000,0x0000000081c5e558,0x00000000d5580000)
 Metaspace       used 57432K, capacity 58800K, committed 59008K, reserved 1101824K
  class space    used 6660K, capacity 6926K, committed 7040K, reserved 1048576K
}

