# JRE version: OpenJDK Runtime Environment (8.0_212-b04) (build 1.8.0_212-b04)
# Java VM: OpenJDK 64-Bit Server VM (25.212-b04 mixed mode linux-amd64 compressed oops)
Heap:
 PSYoungGen      total 611840K, used 271378K [0x00000000d5580000, 0x0000000100000000, 0x0000000100000000)
  eden space 524800K, 51% used [0x00000000d5580000,0x00000000e5e84a38,0x00000000f5600000)
  from space 87040K, 0% used [0x00000000fab00000,0x00000000fab00000,0x0000000100000000)
  to   space 87040K, 0% used [0x00000000f5600000,0x00000000f5600000,0x00000000fab00000)
 ParOldGen       total 1398272K, used 25260K [0x0000000080000000, 0x00000000d5580000, 0x00000000d5580000)
  object space 1398272K, 1% used [0x0000000080000000,0x00000000818ab118,0x00000000d5580000)
 Metaspace       used 64430K, capacity 66884K, committed 67072K, reserved 1107968K
  class space    used 7445K, capacity 7894K, committed 7936K, reserved 1048576K
GC Heap History (10 events):
Event: 4.241 GC heap before
{Heap before GC invocations=3 (full 1):
 PSYoungGen      total 611840K, used 471052K [0x00000000d5580000, 0x0000000100000000, 0x0000000100000000)
  eden space 524800K, 89% used [0x00000000d5580000,0x00000000f2183018,0x00000000f5600000)
  from space 87040K, 0% used [0x00000000f5600000,0x00000000f5600000,0x00000000fab00000)
  to   space 87040K, 0% used [0x00000000fab00000,0x00000000fab00000,0x0000000100000000)
 ParOldGen       total 898048K, used 14273K [0x0000000080000000, 0x00000000b6d00000, 0x00000000d5580000)
  object space 898048K, 1% used [0x0000000080000000,0x0000000080df07a8,0x00000000b6d00000)
 Metaspace       used 34781K, capacity 35124K, committed 35416K, reserved 1081344K
  class space    used 3973K, capacity 4092K, committed 4096K, reserved 1048576K
Event: 4.279 GC heap after
Heap after GC invocations=3 (full 1):
 PSYoungGen      total 611840K, used 19403K [0x00000000d5580000, 0x0000000100000000, 0x0000000100000000)
  eden space 524800K, 0% used [0x00000000d5580000,0x00000000d5580000,0x00000000f5600000)
  from space 87040K, 22% used [0x00000000fab00000,0x00000000fbdf2e70,0x0000000100000000)
  to   space 87040K, 0% used [0x00000000f5600000,0x00000000f5600000,0x00000000fab00000)
 ParOldGen       total 898048K, used 14281K [0x0000000080000000, 0x00000000b6d00000, 0x00000000d5580000)
  object space 898048K, 1% used [0x0000000080000000,0x0000000080df27a8,0x00000000b6d00000)
 Metaspace       used 34781K, capacity 35124K, committed 35416K, reserved 1081344K
  class space    used 3973K, capacity 4092K, committed 4096K, reserved 1048576K
}
Event: 4.279 GC heap before
{Heap before GC invocations=4 (full 2):
 PSYoungGen      total 611840K, used 19403K [0x00000000d5580000, 0x0000000100000000, 0x0000000100000000)
  eden space 524800K, 0% used [0x00000000d5580000,0x00000000d5580000,0x00000000f5600000)
  from space 87040K, 22% used [0x00000000fab00000,0x00000000fbdf2e70,0x0000000100000000)
  to   space 87040K, 0% used [0x00000000f5600000,0x00000000f5600000,0x00000000fab00000)
 ParOldGen       total 898048K, used 14281K [0x0000000080000000, 0x00000000b6d00000, 0x00000000d5580000)
  object space 898048K, 1% used [0x0000000080000000,0x0000000080df27a8,0x00000000b6d00000)
 Metaspace       used 34781K, capacity 35124K, committed 35416K, reserved 1081344K
  class space    used 3973K, capacity 4092K, committed 4096K, reserved 1048576K
Event: 4.390 GC heap after
Heap after GC invocations=4 (full 2):
 PSYoungGen      total 611840K, used 0K [0x00000000d5580000, 0x0000000100000000, 0x0000000100000000)
  eden space 524800K, 0% used [0x00000000d5580000,0x00000000d5580000,0x00000000f5600000)
  from space 87040K, 0% used [0x00000000fab00000,0x00000000fab00000,0x0000000100000000)
  to   space 87040K, 0% used [0x00000000f5600000,0x00000000f5600000,0x00000000fab00000)
 ParOldGen       total 1398272K, used 23946K [0x0000000080000000, 0x00000000d5580000, 0x00000000d5580000)
  object space 1398272K, 1% used [0x0000000080000000,0x0000000081762b18,0x00000000d5580000)
 Metaspace       used 34781K, capacity 35124K, committed 35416K, reserved 1081344K
  class space    used 3973K, capacity 4092K, committed 4096K, reserved 1048576K
}
Event: 10.265 GC heap before
{Heap before GC invocations=5 (full 2):
 PSYoungGen      total 611840K, used 524800K [0x00000000d5580000, 0x0000000100000000, 0x0000000100000000)
  eden space 524800K, 100% used [0x00000000d5580000,0x00000000f5600000,0x00000000f5600000)
  from space 87040K, 0% used [0x00000000fab00000,0x00000000fab00000,0x0000000100000000)
  to   space 87040K, 0% used [0x00000000f5600000,0x00000000f5600000,0x00000000fab00000)
 ParOldGen       total 1398272K, used 23946K [0x0000000080000000, 0x00000000d5580000, 0x00000000d5580000)
  object space 1398272K, 1% used [0x0000000080000000,0x0000000081762b18,0x00000000d5580000)
 Metaspace       used 54628K, capacity 55852K, committed 56064K, reserved 1099776K
  class space    used 6339K, capacity 6562K, committed 6656K, reserved 1048576K
Event: 10.336 GC heap after
Heap after GC invocations=5 (full 2):
 PSYoungGen      total 611840K, used 25933K [0x00000000d5580000, 0x0000000100000000, 0x0000000100000000)
  eden space 524800K, 0% used [0x00000000d5580000,0x00000000d5580000,0x00000000f5600000)
  from space 87040K, 29% used [0x00000000f5600000,0x00000000f6f53748,0x00000000fab00000)
  to   space 87040K, 0% used [0x00000000fab00000,0x00000000fab00000,0x0000000100000000)
 ParOldGen       total 1398272K, used 23954K [0x0000000080000000, 0x00000000d5580000, 0x00000000d5580000)
  object space 1398272K, 1% used [0x0000000080000000,0x0000000081764b18,0x00000000d5580000)
 Metaspace       used 54628K, capacity 55852K, committed 56064K, reserved 1099776K
  class space    used 6339K, capacity 6562K, committed 6656K, reserved 1048576K
}
Event: 10.776 GC heap before
{Heap before GC invocations=6 (full 2):
 PSYoungGen      total 611840K, used 134807K [0x00000000d5580000, 0x0000000100000000, 0x0000000100000000)
  eden space 524800K, 20% used [0x00000000d5580000,0x00000000dbfd2648,0x00000000f5600000)
  from space 87040K, 29% used [0x00000000f5600000,0x00000000f6f53748,0x00000000fab00000)
  to   space 87040K, 0% used [0x00000000fab00000,0x00000000fab00000,0x0000000100000000)
 ParOldGen       total 1398272K, used 23954K [0x0000000080000000, 0x00000000d5580000, 0x00000000d5580000)
  object space 1398272K, 1% used [0x0000000080000000,0x0000000081764b18,0x00000000d5580000)
 Metaspace       used 57465K, capacity 58942K, committed 59008K, reserved 1101824K
  class space    used 6693K, capacity 6987K, committed 7040K, reserved 1048576K
Event: 10.804 GC heap after
Heap after GC invocations=6 (full 2):
 PSYoungGen      total 611840K, used 13115K [0x00000000d5580000, 0x0000000100000000, 0x0000000100000000)
  eden space 524800K, 0% used [0x00000000d5580000,0x00000000d5580000,0x00000000f5600000)
  from space 87040K, 15% used [0x00000000fab00000,0x00000000fb7cef70,0x0000000100000000)
  to   space 87040K, 0% used [0x00000000f5600000,0x00000000f5600000,0x00000000fab00000)
 ParOldGen       total 1398272K, used 23962K [0x0000000080000000, 0x00000000d5580000, 0x00000000d5580000)
  object space 1398272K, 1% used [0x0000000080000000,0x0000000081766b18,0x00000000d5580000)
 Metaspace       used 57465K, capacity 58942K, committed 59008K, reserved 1101824K
  class space    used 6693K, capacity 6987K, committed 7040K, reserved 1048576K
}
Event: 10.804 GC heap before
{Heap before GC invocations=7 (full 3):
 PSYoungGen      total 611840K, used 13115K [0x00000000d5580000, 0x0000000100000000, 0x0000000100000000)
  eden space 524800K, 0% used [0x00000000d5580000,0x00000000d5580000,0x00000000f5600000)
  from space 87040K, 15% used [0x00000000fab00000,0x00000000fb7cef70,0x0000000100000000)
  to   space 87040K, 0% used [0x00000000f5600000,0x00000000f5600000,0x00000000fab00000)
 ParOldGen       total 1398272K, used 23962K [0x0000000080000000, 0x00000000d5580000, 0x00000000d5580000)
  object space 1398272K, 1% used [0x0000000080000000,0x0000000081766b18,0x00000000d5580000)
 Metaspace       used 57465K, capacity 58942K, committed 59008K, reserved 1101824K
  class space    used 6693K, capacity 6987K, committed 7040K, reserved 1048576K
Event: 11.073 GC heap after
Heap after GC invocations=7 (full 3):
 PSYoungGen      total 611840K, used 0K [0x00000000d5580000, 0x0000000100000000, 0x0000000100000000)
  eden space 524800K, 0% used [0x00000000d5580000,0x00000000d5580000,0x00000000f5600000)
  from space 87040K, 0% used [0x00000000fab00000,0x00000000fab00000,0x0000000100000000)
  to   space 87040K, 0% used [0x00000000f5600000,0x00000000f5600000,0x00000000fab00000)
 ParOldGen       total 1398272K, used 25260K [0x0000000080000000, 0x00000000d5580000, 0x00000000d5580000)
  object space 1398272K, 1% used [0x0000000080000000,0x00000000818ab118,0x00000000d5580000)
 Metaspace       used 57430K, capacity 58858K, committed 59008K, reserved 1101824K
  class space    used 6680K, capacity 6965K, committed 7040K, reserved 1048576K
}

