# JRE version: OpenJDK Runtime Environment (8.0_212-b04) (build 1.8.0_212-b04)
# Java VM: OpenJDK 64-Bit Server VM (25.212-b04 mixed mode linux-amd64 compressed oops)
Heap:
 PSYoungGen      total 611840K, used 294409K [0x00000000d5580000, 0x0000000100000000, 0x0000000100000000)
  eden space 524800K, 56% used [0x00000000d5580000,0x00000000e7502568,0x00000000f5600000)
  from space 87040K, 0% used [0x00000000f5600000,0x00000000f5600000,0x00000000fab00000)
  to   space 87040K, 0% used [0x00000000fab00000,0x00000000fab00000,0x0000000100000000)
 ParOldGen       total 1398272K, used 44487K [0x0000000080000000, 0x00000000d5580000, 0x00000000d5580000)
  object space 1398272K, 3% used [0x0000000080000000,0x0000000082b71da8,0x00000000d5580000)
 Metaspace       used 65041K, capacity 67786K, committed 67968K, reserved 1110016K
  class space    used 7473K, capacity 7965K, committed 8064K, reserved 1048576K
GC Heap History (10 events):
Event: 2.030 GC heap before
{Heap before GC invocations=2 (full 1):
 PSYoungGen      total 611840K, used 14225K [0x00000000d5580000, 0x0000000100000000, 0x0000000100000000)
  eden space 524800K, 0% used [0x00000000d5580000,0x00000000d5580000,0x00000000f5600000)
  from space 87040K, 16% used [0x00000000f5600000,0x00000000f63e47d8,0x00000000fab00000)
  to   space 87040K, 0% used [0x00000000fab00000,0x00000000fab00000,0x0000000100000000)
 ParOldGen       total 1398272K, used 80K [0x0000000080000000, 0x00000000d5580000, 0x00000000d5580000)
  object space 1398272K, 0% used [0x0000000080000000,0x0000000080014010,0x00000000d5580000)
 Metaspace       used 20827K, capacity 21106K, committed 21248K, reserved 1069056K
  class space    used 2367K, capacity 2482K, committed 2560K, reserved 1048576K
Event: 2.107 GC heap after
Heap after GC invocations=2 (full 1):
 PSYoungGen      total 611840K, used 0K [0x00000000d5580000, 0x0000000100000000, 0x0000000100000000)
  eden space 524800K, 0% used [0x00000000d5580000,0x00000000d5580000,0x00000000f5600000)
  from space 87040K, 0% used [0x00000000f5600000,0x00000000f5600000,0x00000000fab00000)
  to   space 87040K, 0% used [0x00000000fab00000,0x00000000fab00000,0x0000000100000000)
 ParOldGen       total 874496K, used 13712K [0x0000000080000000, 0x00000000b5600000, 0x00000000d5580000)
  object space 874496K, 1% used [0x0000000080000000,0x0000000080d641a8,0x00000000b5600000)
 Metaspace       used 20827K, capacity 21106K, committed 21248K, reserved 1069056K
  class space    used 2367K, capacity 2482K, committed 2560K, reserved 1048576K
}
Event: 4.176 GC heap before
{Heap before GC invocations=3 (full 1):
 PSYoungGen      total 611840K, used 445492K [0x00000000d5580000, 0x0000000100000000, 0x0000000100000000)
  eden space 524800K, 84% used [0x00000000d5580000,0x00000000f088d2b8,0x00000000f5600000)
  from space 87040K, 0% used [0x00000000f5600000,0x00000000f5600000,0x00000000fab00000)
  to   space 87040K, 0% used [0x00000000fab00000,0x00000000fab00000,0x0000000100000000)
 ParOldGen       total 874496K, used 13712K [0x0000000080000000, 0x00000000b5600000, 0x00000000d5580000)
  object space 874496K, 1% used [0x0000000080000000,0x0000000080d641a8,0x00000000b5600000)
 Metaspace       used 34797K, capacity 35188K, committed 35416K, reserved 1081344K
  class space    used 3979K, capacity 4092K, committed 4096K, reserved 1048576K
Event: 4.211 GC heap after
Heap after GC invocations=3 (full 1):
 PSYoungGen      total 611840K, used 19369K [0x00000000d5580000, 0x0000000100000000, 0x0000000100000000)
  eden space 524800K, 0% used [0x00000000d5580000,0x00000000d5580000,0x00000000f5600000)
  from space 87040K, 22% used [0x00000000fab00000,0x00000000fbdea418,0x0000000100000000)
  to   space 87040K, 0% used [0x00000000f5600000,0x00000000f5600000,0x00000000fab00000)
 ParOldGen       total 874496K, used 13720K [0x0000000080000000, 0x00000000b5600000, 0x00000000d5580000)
  object space 874496K, 1% used [0x0000000080000000,0x0000000080d661a8,0x00000000b5600000)
 Metaspace       used 34797K, capacity 35188K, committed 35416K, reserved 1081344K
  class space    used 3979K, capacity 4092K, committed 4096K, reserved 1048576K
}
Event: 4.211 GC heap before
{Heap before GC invocations=4 (full 2):
 PSYoungGen      total 611840K, used 19369K [0x00000000d5580000, 0x0000000100000000, 0x0000000100000000)
  eden space 524800K, 0% used [0x00000000d5580000,0x00000000d5580000,0x00000000f5600000)
  from space 87040K, 22% used [0x00000000fab00000,0x00000000fbdea418,0x0000000100000000)
  to   space 87040K, 0% used [0x00000000f5600000,0x00000000f5600000,0x00000000fab00000)
 ParOldGen       total 874496K, used 13720K [0x0000000080000000, 0x00000000b5600000, 0x00000000d5580000)
  object space 874496K, 1% used [0x0000000080000000,0x0000000080d661a8,0x00000000b5600000)
 Metaspace       used 34797K, capacity 35188K, committed 35416K, reserved 1081344K
  class space    used 3979K, capacity 4092K, committed 4096K, reserved 1048576K
Event: 4.303 GC heap after
Heap after GC invocations=4 (full 2):
 PSYoungGen      total 611840K, used 0K [0x00000000d5580000, 0x0000000100000000, 0x0000000100000000)
  eden space 524800K, 0% used [0x00000000d5580000,0x00000000d5580000,0x00000000f5600000)
  from space 87040K, 0% used [0x00000000fab00000,0x00000000fab00000,0x0000000100000000)
  to   space 87040K, 0% used [0x00000000f5600000,0x00000000f5600000,0x00000000fab00000)
 ParOldGen       total 1398272K, used 23649K [0x0000000080000000, 0x00000000d5580000, 0x00000000d5580000)
  object space 1398272K, 1% used [0x0000000080000000,0x0000000081718560,0x00000000d5580000)
 Metaspace       used 34797K, capacity 35188K, committed 35416K, reserved 1081344K
  class space    used 3979K, capacity 4092K, committed 4096K, reserved 1048576K
}
Event: 11.168 GC heap before
{Heap before GC invocations=5 (full 2):
 PSYoungGen      total 611840K, used 480057K [0x00000000d5580000, 0x0000000100000000, 0x0000000100000000)
  eden space 524800K, 91% used [0x00000000d5580000,0x00000000f2a4e6e8,0x00000000f5600000)
  from space 87040K, 0% used [0x00000000fab00000,0x00000000fab00000,0x0000000100000000)
  to   space 87040K, 0% used [0x00000000f5600000,0x00000000f5600000,0x00000000fab00000)
 ParOldGen       total 1398272K, used 23649K [0x0000000080000000, 0x00000000d5580000, 0x00000000d5580000)
  object space 1398272K, 1% used [0x0000000080000000,0x0000000081718560,0x00000000d5580000)
 Metaspace       used 57348K, capacity 58840K, committed 59028K, reserved 1101824K
  class space    used 6633K, capacity 6906K, committed 6912K, reserved 1048576K
Event: 11.234 GC heap after
Heap after GC invocations=5 (full 2):
 PSYoungGen      total 611840K, used 33887K [0x00000000d5580000, 0x0000000100000000, 0x0000000100000000)
  eden space 524800K, 0% used [0x00000000d5580000,0x00000000d5580000,0x00000000f5600000)
  from space 87040K, 38% used [0x00000000f5600000,0x00000000f7717fb8,0x00000000fab00000)
  to   space 87040K, 0% used [0x00000000fab00000,0x00000000fab00000,0x0000000100000000)
 ParOldGen       total 1398272K, used 23657K [0x0000000080000000, 0x00000000d5580000, 0x00000000d5580000)
  object space 1398272K, 1% used [0x0000000080000000,0x000000008171a560,0x00000000d5580000)
 Metaspace       used 57348K, capacity 58840K, committed 59028K, reserved 1101824K
  class space    used 6633K, capacity 6906K, committed 6912K, reserved 1048576K
}
Event: 11.234 GC heap before
{Heap before GC invocations=6 (full 3):
 PSYoungGen      total 611840K, used 33887K [0x00000000d5580000, 0x0000000100000000, 0x0000000100000000)
  eden space 524800K, 0% used [0x00000000d5580000,0x00000000d5580000,0x00000000f5600000)
  from space 87040K, 38% used [0x00000000f5600000,0x00000000f7717fb8,0x00000000fab00000)
  to   space 87040K, 0% used [0x00000000fab00000,0x00000000fab00000,0x0000000100000000)
 ParOldGen       total 1398272K, used 23657K [0x0000000080000000, 0x00000000d5580000, 0x00000000d5580000)
  object space 1398272K, 1% used [0x0000000080000000,0x000000008171a560,0x00000000d5580000)
 Metaspace       used 57348K, capacity 58840K, committed 59028K, reserved 1101824K
  class space    used 6633K, capacity 6906K, committed 6912K, reserved 1048576K
Event: 11.522 GC heap after
Heap after GC invocations=6 (full 3):
 PSYoungGen      total 611840K, used 0K [0x00000000d5580000, 0x0000000100000000, 0x0000000100000000)
  eden space 524800K, 0% used [0x00000000d5580000,0x00000000d5580000,0x00000000f5600000)
  from space 87040K, 0% used [0x00000000f5600000,0x00000000f5600000,0x00000000fab00000)
  to   space 87040K, 0% used [0x00000000fab00000,0x00000000fab00000,0x0000000100000000)
 ParOldGen       total 1398272K, used 44487K [0x0000000080000000, 0x00000000d5580000, 0x00000000d5580000)
  object space 1398272K, 3% used [0x0000000080000000,0x0000000082b71da8,0x00000000d5580000)
 Metaspace       used 57311K, capacity 58748K, committed 59028K, reserved 1101824K
  class space    used 6621K, capacity 6884K, committed 6912K, reserved 1048576K
}

