# JRE version: OpenJDK Runtime Environment (8.0_212-b04) (build 1.8.0_212-b04)
# Java VM: OpenJDK 64-Bit Server VM (25.212-b04 mixed mode linux-amd64 compressed oops)
Heap:
 PSYoungGen      total 611840K, used 206423K [0x00000000d5580000, 0x0000000100000000, 0x0000000100000000)
  eden space 524800K, 39% used [0x00000000d5580000,0x00000000e1f15d90,0x00000000f5600000)
  from space 87040K, 0% used [0x00000000f5600000,0x00000000f5600000,0x00000000fab00000)
  to   space 87040K, 0% used [0x00000000fab00000,0x00000000fab00000,0x0000000100000000)
 ParOldGen       total 1398272K, used 42050K [0x0000000080000000, 0x00000000d5580000, 0x00000000d5580000)
  object space 1398272K, 3% used [0x0000000080000000,0x00000000829109f8,0x00000000d5580000)
 Metaspace       used 64934K, capacity 68976K, committed 69120K, reserved 1110016K
  class space    used 7663K, capacity 8398K, committed 8448K, reserved 1048576K
GC Heap History (10 events):
Event: 2.043 GC heap before
{Heap before GC invocations=2 (full 1):
 PSYoungGen      total 611840K, used 14276K [0x00000000d5580000, 0x0000000100000000, 0x0000000100000000)
  eden space 524800K, 0% used [0x00000000d5580000,0x00000000d5580000,0x00000000f5600000)
  from space 87040K, 16% used [0x00000000f5600000,0x00000000f63f1390,0x00000000fab00000)
  to   space 87040K, 0% used [0x00000000fab00000,0x00000000fab00000,0x0000000100000000)
 ParOldGen       total 1398272K, used 80K [0x0000000080000000, 0x00000000d5580000, 0x00000000d5580000)
  object space 1398272K, 0% used [0x0000000080000000,0x0000000080014010,0x00000000d5580000)
 Metaspace       used 20829K, capacity 21106K, committed 21248K, reserved 1069056K
  class space    used 2366K, capacity 2482K, committed 2560K, reserved 1048576K
Event: 2.104 GC heap after
Heap after GC invocations=2 (full 1):
 PSYoungGen      total 611840K, used 0K [0x00000000d5580000, 0x0000000100000000, 0x0000000100000000)
  eden space 524800K, 0% used [0x00000000d5580000,0x00000000d5580000,0x00000000f5600000)
  from space 87040K, 0% used [0x00000000f5600000,0x00000000f5600000,0x00000000fab00000)
  to   space 87040K, 0% used [0x00000000fab00000,0x00000000fab00000,0x0000000100000000)
 ParOldGen       total 888832K, used 13800K [0x0000000080000000, 0x00000000b6400000, 0x00000000d5580000)
  object space 888832K, 1% used [0x0000000080000000,0x0000000080d7a348,0x00000000b6400000)
 Metaspace       used 20829K, capacity 21106K, committed 21248K, reserved 1069056K
  class space    used 2366K, capacity 2482K, committed 2560K, reserved 1048576K
}
Event: 4.294 GC heap before
{Heap before GC invocations=3 (full 1):
 PSYoungGen      total 611840K, used 403920K [0x00000000d5580000, 0x0000000100000000, 0x0000000100000000)
  eden space 524800K, 76% used [0x00000000d5580000,0x00000000edff4340,0x00000000f5600000)
  from space 87040K, 0% used [0x00000000f5600000,0x00000000f5600000,0x00000000fab00000)
  to   space 87040K, 0% used [0x00000000fab00000,0x00000000fab00000,0x0000000100000000)
 ParOldGen       total 888832K, used 13800K [0x0000000080000000, 0x00000000b6400000, 0x00000000d5580000)
  object space 888832K, 1% used [0x0000000080000000,0x0000000080d7a348,0x00000000b6400000)
 Metaspace       used 34806K, capacity 35188K, committed 35416K, reserved 1081344K
  class space    used 3970K, capacity 4092K, committed 4096K, reserved 1048576K
Event: 4.330 GC heap after
Heap after GC invocations=3 (full 1):
 PSYoungGen      total 611840K, used 19366K [0x00000000d5580000, 0x0000000100000000, 0x0000000100000000)
  eden space 524800K, 0% used [0x00000000d5580000,0x00000000d5580000,0x00000000f5600000)
  from space 87040K, 22% used [0x00000000fab00000,0x00000000fbde98b8,0x0000000100000000)
  to   space 87040K, 0% used [0x00000000f5600000,0x00000000f5600000,0x00000000fab00000)
 ParOldGen       total 888832K, used 13808K [0x0000000080000000, 0x00000000b6400000, 0x00000000d5580000)
  object space 888832K, 1% used [0x0000000080000000,0x0000000080d7c348,0x00000000b6400000)
 Metaspace       used 34806K, capacity 35188K, committed 35416K, reserved 1081344K
  class space    used 3970K, capacity 4092K, committed 4096K, reserved 1048576K
}
Event: 4.330 GC heap before
{Heap before GC invocations=4 (full 2):
 PSYoungGen      total 611840K, used 19366K [0x00000000d5580000, 0x0000000100000000, 0x0000000100000000)
  eden space 524800K, 0% used [0x00000000d5580000,0x00000000d5580000,0x00000000f5600000)
  from space 87040K, 22% used [0x00000000fab00000,0x00000000fbde98b8,0x0000000100000000)
  to   space 87040K, 0% used [0x00000000f5600000,0x00000000f5600000,0x00000000fab00000)
 ParOldGen       total 888832K, used 13808K [0x0000000080000000, 0x00000000b6400000, 0x00000000d5580000)
  object space 888832K, 1% used [0x0000000080000000,0x0000000080d7c348,0x00000000b6400000)
 Metaspace       used 34806K, capacity 35188K, committed 35416K, reserved 1081344K
  class space    used 3970K, capacity 4092K, committed 4096K, reserved 1048576K
Event: 4.432 GC heap after
Heap after GC invocations=4 (full 2):
 PSYoungGen      total 611840K, used 0K [0x00000000d5580000, 0x0000000100000000, 0x0000000100000000)
  eden space 524800K, 0% used [0x00000000d5580000,0x00000000d5580000,0x00000000f5600000)
  from space 87040K, 0% used [0x00000000fab00000,0x00000000fab00000,0x0000000100000000)
  to   space 87040K, 0% used [0x00000000f5600000,0x00000000f5600000,0x00000000fab00000)
 ParOldGen       total 1398272K, used 23686K [0x0000000080000000, 0x00000000d5580000, 0x00000000d5580000)
  object space 1398272K, 1% used [0x0000000080000000,0x0000000081721b10,0x00000000d5580000)
 Metaspace       used 34806K, capacity 35188K, committed 35416K, reserved 1081344K
  class space    used 3970K, capacity 4092K, committed 4096K, reserved 1048576K
}
Event: 11.127 GC heap before
{Heap before GC invocations=5 (full 2):
 PSYoungGen      total 611840K, used 452740K [0x00000000d5580000, 0x0000000100000000, 0x0000000100000000)
  eden space 524800K, 86% used [0x00000000d5580000,0x00000000f0fa1088,0x00000000f5600000)
  from space 87040K, 0% used [0x00000000fab00000,0x00000000fab00000,0x0000000100000000)
  to   space 87040K, 0% used [0x00000000f5600000,0x00000000f5600000,0x00000000fab00000)
 ParOldGen       total 1398272K, used 23686K [0x0000000080000000, 0x00000000d5580000, 0x00000000d5580000)
  object space 1398272K, 1% used [0x0000000080000000,0x0000000081721b10,0x00000000d5580000)
 Metaspace       used 57256K, capacity 58878K, committed 59008K, reserved 1101824K
  class space    used 6654K, capacity 6937K, committed 7040K, reserved 1048576K
Event: 11.200 GC heap after
Heap after GC invocations=5 (full 2):
 PSYoungGen      total 611840K, used 31422K [0x00000000d5580000, 0x0000000100000000, 0x0000000100000000)
  eden space 524800K, 0% used [0x00000000d5580000,0x00000000d5580000,0x00000000f5600000)
  from space 87040K, 36% used [0x00000000f5600000,0x00000000f74af910,0x00000000fab00000)
  to   space 87040K, 0% used [0x00000000fab00000,0x00000000fab00000,0x0000000100000000)
 ParOldGen       total 1398272K, used 23694K [0x0000000080000000, 0x00000000d5580000, 0x00000000d5580000)
  object space 1398272K, 1% used [0x0000000080000000,0x0000000081723b10,0x00000000d5580000)
 Metaspace       used 57256K, capacity 58878K, committed 59008K, reserved 1101824K
  class space    used 6654K, capacity 6937K, committed 7040K, reserved 1048576K
}
Event: 11.200 GC heap before
{Heap before GC invocations=6 (full 3):
 PSYoungGen      total 611840K, used 31422K [0x00000000d5580000, 0x0000000100000000, 0x0000000100000000)
  eden space 524800K, 0% used [0x00000000d5580000,0x00000000d5580000,0x00000000f5600000)
  from space 87040K, 36% used [0x00000000f5600000,0x00000000f74af910,0x00000000fab00000)
  to   space 87040K, 0% used [0x00000000fab00000,0x00000000fab00000,0x0000000100000000)
 ParOldGen       total 1398272K, used 23694K [0x0000000080000000, 0x00000000d5580000, 0x00000000d5580000)
  object space 1398272K, 1% used [0x0000000080000000,0x0000000081723b10,0x00000000d5580000)
 Metaspace       used 57256K, capacity 58878K, committed 59008K, reserved 1101824K
  class space    used 6654K, capacity 6937K, committed 7040K, reserved 1048576K
Event: 11.468 GC heap after
Heap after GC invocations=6 (full 3):
 PSYoungGen      total 611840K, used 0K [0x00000000d5580000, 0x0000000100000000, 0x0000000100000000)
  eden space 524800K, 0% used [0x00000000d5580000,0x00000000d5580000,0x00000000f5600000)
  from space 87040K, 0% used [0x00000000f5600000,0x00000000f5600000,0x00000000fab00000)
  to   space 87040K, 0% used [0x00000000fab00000,0x00000000fab00000,0x0000000100000000)
 ParOldGen       total 1398272K, used 42050K [0x0000000080000000, 0x00000000d5580000, 0x00000000d5580000)
  object space 1398272K, 3% used [0x0000000080000000,0x00000000829109f8,0x00000000d5580000)
 Metaspace       used 57110K, capacity 58502K, committed 59008K, reserved 1101824K
  class space    used 6610K, capacity 6859K, committed 7040K, reserved 1048576K
}

