# JRE version: OpenJDK Runtime Environment (8.0_212-b04) (build 1.8.0_212-b04)
# Java VM: OpenJDK 64-Bit Server VM (25.212-b04 mixed mode linux-amd64 compressed oops)
Heap:
 PSYoungGen      total 611840K, used 210961K [0x00000000d5580000, 0x0000000100000000, 0x0000000100000000)
  eden space 524800K, 40% used [0x00000000d5580000,0x00000000e23845b0,0x00000000f5600000)
  from space 87040K, 0% used [0x00000000f5600000,0x00000000f5600000,0x00000000fab00000)
  to   space 87040K, 0% used [0x00000000fab00000,0x00000000fab00000,0x0000000100000000)
 ParOldGen       total 1398272K, used 42214K [0x0000000080000000, 0x00000000d5580000, 0x00000000d5580000)
  object space 1398272K, 3% used [0x0000000080000000,0x0000000082939980,0x00000000d5580000)
 Metaspace       used 63141K, capacity 65592K, committed 65920K, reserved 1107968K
  class space    used 7292K, capacity 7730K, committed 7808K, reserved 1048576K
GC Heap History (10 events):
Event: 2.209 GC heap before
{Heap before GC invocations=2 (full 1):
 PSYoungGen      total 611840K, used 14330K [0x00000000d5580000, 0x0000000100000000, 0x0000000100000000)
  eden space 524800K, 0% used [0x00000000d5580000,0x00000000d5580000,0x00000000f5600000)
  from space 87040K, 16% used [0x00000000f5600000,0x00000000f63feac0,0x00000000fab00000)
  to   space 87040K, 0% used [0x00000000fab00000,0x00000000fab00000,0x0000000100000000)
 ParOldGen       total 1398272K, used 80K [0x0000000080000000, 0x00000000d5580000, 0x00000000d5580000)
  object space 1398272K, 0% used [0x0000000080000000,0x0000000080014010,0x00000000d5580000)
 Metaspace       used 20838K, capacity 21106K, committed 21248K, reserved 1069056K
  class space    used 2372K, capacity 2482K, committed 2560K, reserved 1048576K
Event: 2.271 GC heap after
Heap after GC invocations=2 (full 1):
 PSYoungGen      total 611840K, used 0K [0x00000000d5580000, 0x0000000100000000, 0x0000000100000000)
  eden space 524800K, 0% used [0x00000000d5580000,0x00000000d5580000,0x00000000f5600000)
  from space 87040K, 0% used [0x00000000f5600000,0x00000000f5600000,0x00000000fab00000)
  to   space 87040K, 0% used [0x00000000fab00000,0x00000000fab00000,0x0000000100000000)
 ParOldGen       total 879616K, used 13825K [0x0000000080000000, 0x00000000b5b00000, 0x00000000d5580000)
  object space 879616K, 1% used [0x0000000080000000,0x0000000080d806d0,0x00000000b5b00000)
 Metaspace       used 20838K, capacity 21106K, committed 21248K, reserved 1069056K
  class space    used 2372K, capacity 2482K, committed 2560K, reserved 1048576K
}
Event: 4.572 GC heap before
{Heap before GC invocations=3 (full 1):
 PSYoungGen      total 611840K, used 413982K [0x00000000d5580000, 0x0000000100000000, 0x0000000100000000)
  eden space 524800K, 78% used [0x00000000d5580000,0x00000000ee9c7980,0x00000000f5600000)
  from space 87040K, 0% used [0x00000000f5600000,0x00000000f5600000,0x00000000fab00000)
  to   space 87040K, 0% used [0x00000000fab00000,0x00000000fab00000,0x0000000100000000)
 ParOldGen       total 879616K, used 13825K [0x0000000080000000, 0x00000000b5b00000, 0x00000000d5580000)
  object space 879616K, 1% used [0x0000000080000000,0x0000000080d806d0,0x00000000b5b00000)
 Metaspace       used 34855K, capacity 35188K, committed 35416K, reserved 1081344K
  class space    used 3977K, capacity 4092K, committed 4096K, reserved 1048576K
Event: 4.606 GC heap after
Heap after GC invocations=3 (full 1):
 PSYoungGen      total 611840K, used 19262K [0x00000000d5580000, 0x0000000100000000, 0x0000000100000000)
  eden space 524800K, 0% used [0x00000000d5580000,0x00000000d5580000,0x00000000f5600000)
  from space 87040K, 22% used [0x00000000fab00000,0x00000000fbdcf958,0x0000000100000000)
  to   space 87040K, 0% used [0x00000000f5600000,0x00000000f5600000,0x00000000fab00000)
 ParOldGen       total 879616K, used 13825K [0x0000000080000000, 0x00000000b5b00000, 0x00000000d5580000)
  object space 879616K, 1% used [0x0000000080000000,0x0000000080d806d0,0x00000000b5b00000)
 Metaspace       used 34855K, capacity 35188K, committed 35416K, reserved 1081344K
  class space    used 3977K, capacity 4092K, committed 4096K, reserved 1048576K
}
Event: 4.606 GC heap before
{Heap before GC invocations=4 (full 2):
 PSYoungGen      total 611840K, used 19262K [0x00000000d5580000, 0x0000000100000000, 0x0000000100000000)
  eden space 524800K, 0% used [0x00000000d5580000,0x00000000d5580000,0x00000000f5600000)
  from space 87040K, 22% used [0x00000000fab00000,0x00000000fbdcf958,0x0000000100000000)
  to   space 87040K, 0% used [0x00000000f5600000,0x00000000f5600000,0x00000000fab00000)
 ParOldGen       total 879616K, used 13825K [0x0000000080000000, 0x00000000b5b00000, 0x00000000d5580000)
  object space 879616K, 1% used [0x0000000080000000,0x0000000080d806d0,0x00000000b5b00000)
 Metaspace       used 34855K, capacity 35188K, committed 35416K, reserved 1081344K
  class space    used 3977K, capacity 4092K, committed 4096K, reserved 1048576K
Event: 4.693 GC heap after
Heap after GC invocations=4 (full 2):
 PSYoungGen      total 611840K, used 0K [0x00000000d5580000, 0x0000000100000000, 0x0000000100000000)
  eden space 524800K, 0% used [0x00000000d5580000,0x00000000d5580000,0x00000000f5600000)
  from space 87040K, 0% used [0x00000000fab00000,0x00000000fab00000,0x0000000100000000)
  to   space 87040K, 0% used [0x00000000f5600000,0x00000000f5600000,0x00000000fab00000)
 ParOldGen       total 1398272K, used 23647K [0x0000000080000000, 0x00000000d5580000, 0x00000000d5580000)
  object space 1398272K, 1% used [0x0000000080000000,0x0000000081717f90,0x00000000d5580000)
 Metaspace       used 34855K, capacity 35188K, committed 35416K, reserved 1081344K
  class space    used 3977K, capacity 4092K, committed 4096K, reserved 1048576K
}
Event: 11.505 GC heap before
{Heap before GC invocations=5 (full 2):
 PSYoungGen      total 611840K, used 435762K [0x00000000d5580000, 0x0000000100000000, 0x0000000100000000)
  eden space 524800K, 83% used [0x00000000d5580000,0x00000000eff0cb98,0x00000000f5600000)
  from space 87040K, 0% used [0x00000000fab00000,0x00000000fab00000,0x0000000100000000)
  to   space 87040K, 0% used [0x00000000f5600000,0x00000000f5600000,0x00000000fab00000)
 ParOldGen       total 1398272K, used 23647K [0x0000000080000000, 0x00000000d5580000, 0x00000000d5580000)
  object space 1398272K, 1% used [0x0000000080000000,0x0000000081717f90,0x00000000d5580000)
 Metaspace       used 57436K, capacity 58892K, committed 59008K, reserved 1101824K
  class space    used 6658K, capacity 6950K, committed 7040K, reserved 1048576K
Event: 11.555 GC heap after
Heap after GC invocations=5 (full 2):
 PSYoungGen      total 611840K, used 31593K [0x00000000d5580000, 0x0000000100000000, 0x0000000100000000)
  eden space 524800K, 0% used [0x00000000d5580000,0x00000000d5580000,0x00000000f5600000)
  from space 87040K, 36% used [0x00000000f5600000,0x00000000f74da7f8,0x00000000fab00000)
  to   space 87040K, 0% used [0x00000000fab00000,0x00000000fab00000,0x0000000100000000)
 ParOldGen       total 1398272K, used 23655K [0x0000000080000000, 0x00000000d5580000, 0x00000000d5580000)
  object space 1398272K, 1% used [0x0000000080000000,0x0000000081719f90,0x00000000d5580000)
 Metaspace       used 57436K, capacity 58892K, committed 59008K, reserved 1101824K
  class space    used 6658K, capacity 6950K, committed 7040K, reserved 1048576K
}
Event: 11.555 GC heap before
{Heap before GC invocations=6 (full 3):
 PSYoungGen      total 611840K, used 31593K [0x00000000d5580000, 0x0000000100000000, 0x0000000100000000)
  eden space 524800K, 0% used [0x00000000d5580000,0x00000000d5580000,0x00000000f5600000)
  from space 87040K, 36% used [0x00000000f5600000,0x00000000f74da7f8,0x00000000fab00000)
  to   space 87040K, 0% used [0x00000000fab00000,0x00000000fab00000,0x0000000100000000)
 ParOldGen       total 1398272K, used 23655K [0x0000000080000000, 0x00000000d5580000, 0x00000000d5580000)
  object space 1398272K, 1% used [0x0000000080000000,0x0000000081719f90,0x00000000d5580000)
 Metaspace       used 57436K, capacity 58892K, committed 59008K, reserved 1101824K
  class space    used 6658K, capacity 6950K, committed 7040K, reserved 1048576K
Event: 11.799 GC heap after
Heap after GC invocations=6 (full 3):
 PSYoungGen      total 611840K, used 0K [0x00000000d5580000, 0x0000000100000000, 0x0000000100000000)
  eden space 524800K, 0% used [0x00000000d5580000,0x00000000d5580000,0x00000000f5600000)
  from space 87040K, 0% used [0x00000000f5600000,0x00000000f5600000,0x00000000fab00000)
  to   space 87040K, 0% used [0x00000000fab00000,0x00000000fab00000,0x0000000100000000)
 ParOldGen       total 1398272K, used 42214K [0x0000000080000000, 0x00000000d5580000, 0x00000000d5580000)
  object space 1398272K, 3% used [0x0000000080000000,0x0000000082939980,0x00000000d5580000)
 Metaspace       used 57410K, capacity 58830K, committed 59008K, reserved 1101824K
  class space    used 6648K, capacity 6933K, committed 7040K, reserved 1048576K
}

