# JRE version: OpenJDK Runtime Environment (8.0_212-b04) (build 1.8.0_212-b04)
# Java VM: OpenJDK 64-Bit Server VM (25.212-b04 mixed mode linux-amd64 compressed oops)
Heap:
 PSYoungGen      total 611840K, used 163324K [0x00000000d5580000, 0x0000000100000000, 0x0000000100000000)
  eden space 524800K, 31% used [0x00000000d5580000,0x00000000df4ff068,0x00000000f5600000)
  from space 87040K, 0% used [0x00000000f5600000,0x00000000f5600000,0x00000000fab00000)
  to   space 87040K, 0% used [0x00000000fab00000,0x00000000fab00000,0x0000000100000000)
 ParOldGen       total 1398272K, used 40639K [0x0000000080000000, 0x00000000d5580000, 0x00000000d5580000)
  object space 1398272K, 2% used [0x0000000080000000,0x00000000827afc28,0x00000000d5580000)
 Metaspace       used 62634K, capacity 64984K, committed 65152K, reserved 1105920K
  class space    used 7255K, capacity 7684K, committed 7808K, reserved 1048576K
GC Heap History (10 events):
Event: 2.198 GC heap before
{Heap before GC invocations=2 (full 1):
 PSYoungGen      total 611840K, used 14312K [0x00000000d5580000, 0x0000000100000000, 0x0000000100000000)
  eden space 524800K, 0% used [0x00000000d5580000,0x00000000d5580000,0x00000000f5600000)
  from space 87040K, 16% used [0x00000000f5600000,0x00000000f63fa250,0x00000000fab00000)
  to   space 87040K, 0% used [0x00000000fab00000,0x00000000fab00000,0x0000000100000000)
 ParOldGen       total 1398272K, used 80K [0x0000000080000000, 0x00000000d5580000, 0x00000000d5580000)
  object space 1398272K, 0% used [0x0000000080000000,0x0000000080014010,0x00000000d5580000)
 Metaspace       used 20756K, capacity 21016K, committed 21248K, reserved 1069056K
  class space    used 2338K, capacity 2451K, committed 2560K, reserved 1048576K
Event: 2.278 GC heap after
Heap after GC invocations=2 (full 1):
 PSYoungGen      total 611840K, used 0K [0x00000000d5580000, 0x0000000100000000, 0x0000000100000000)
  eden space 524800K, 0% used [0x00000000d5580000,0x00000000d5580000,0x00000000f5600000)
  from space 87040K, 0% used [0x00000000f5600000,0x00000000f5600000,0x00000000fab00000)
  to   space 87040K, 0% used [0x00000000fab00000,0x00000000fab00000,0x0000000100000000)
 ParOldGen       total 879104K, used 13764K [0x0000000080000000, 0x00000000b5a80000, 0x00000000d5580000)
  object space 879104K, 1% used [0x0000000080000000,0x0000000080d712d8,0x00000000b5a80000)
 Metaspace       used 20756K, capacity 21016K, committed 21248K, reserved 1069056K
  class space    used 2338K, capacity 2451K, committed 2560K, reserved 1048576K
}
Event: 4.553 GC heap before
{Heap before GC invocations=3 (full 1):
 PSYoungGen      total 611840K, used 414599K [0x00000000d5580000, 0x0000000100000000, 0x0000000100000000)
  eden space 524800K, 79% used [0x00000000d5580000,0x00000000eea61e10,0x00000000f5600000)
  from space 87040K, 0% used [0x00000000f5600000,0x00000000f5600000,0x00000000fab00000)
  to   space 87040K, 0% used [0x00000000fab00000,0x00000000fab00000,0x0000000100000000)
 ParOldGen       total 879104K, used 13764K [0x0000000080000000, 0x00000000b5a80000, 0x00000000d5580000)
  object space 879104K, 1% used [0x0000000080000000,0x0000000080d712d8,0x00000000b5a80000)
 Metaspace       used 34685K, capacity 35136K, committed 35416K, reserved 1081344K
  class space    used 3955K, capacity 4084K, committed 4096K, reserved 1048576K
Event: 4.590 GC heap after
Heap after GC invocations=3 (full 1):
 PSYoungGen      total 611840K, used 18602K [0x00000000d5580000, 0x0000000100000000, 0x0000000100000000)
  eden space 524800K, 0% used [0x00000000d5580000,0x00000000d5580000,0x00000000f5600000)
  from space 87040K, 21% used [0x00000000fab00000,0x00000000fbd2a9c8,0x0000000100000000)
  to   space 87040K, 0% used [0x00000000f5600000,0x00000000f5600000,0x00000000fab00000)
 ParOldGen       total 879104K, used 13764K [0x0000000080000000, 0x00000000b5a80000, 0x00000000d5580000)
  object space 879104K, 1% used [0x0000000080000000,0x0000000080d712d8,0x00000000b5a80000)
 Metaspace       used 34685K, capacity 35136K, committed 35416K, reserved 1081344K
  class space    used 3955K, capacity 4084K, committed 4096K, reserved 1048576K
}
Event: 4.590 GC heap before
{Heap before GC invocations=4 (full 2):
 PSYoungGen      total 611840K, used 18602K [0x00000000d5580000, 0x0000000100000000, 0x0000000100000000)
  eden space 524800K, 0% used [0x00000000d5580000,0x00000000d5580000,0x00000000f5600000)
  from space 87040K, 21% used [0x00000000fab00000,0x00000000fbd2a9c8,0x0000000100000000)
  to   space 87040K, 0% used [0x00000000f5600000,0x00000000f5600000,0x00000000fab00000)
 ParOldGen       total 879104K, used 13764K [0x0000000080000000, 0x00000000b5a80000, 0x00000000d5580000)
  object space 879104K, 1% used [0x0000000080000000,0x0000000080d712d8,0x00000000b5a80000)
 Metaspace       used 34685K, capacity 35136K, committed 35416K, reserved 1081344K
  class space    used 3955K, capacity 4084K, committed 4096K, reserved 1048576K
Event: 4.692 GC heap after
Heap after GC invocations=4 (full 2):
 PSYoungGen      total 611840K, used 0K [0x00000000d5580000, 0x0000000100000000, 0x0000000100000000)
  eden space 524800K, 0% used [0x00000000d5580000,0x00000000d5580000,0x00000000f5600000)
  from space 87040K, 0% used [0x00000000fab00000,0x00000000fab00000,0x0000000100000000)
  to   space 87040K, 0% used [0x00000000f5600000,0x00000000f5600000,0x00000000fab00000)
 ParOldGen       total 1398272K, used 22866K [0x0000000080000000, 0x00000000d5580000, 0x00000000d5580000)
  object space 1398272K, 1% used [0x0000000080000000,0x0000000081654b20,0x00000000d5580000)
 Metaspace       used 34685K, capacity 35136K, committed 35416K, reserved 1081344K
  class space    used 3955K, capacity 4084K, committed 4096K, reserved 1048576K
}
Event: 11.723 GC heap before
{Heap before GC invocations=5 (full 2):
 PSYoungGen      total 611840K, used 414207K [0x00000000d5580000, 0x0000000100000000, 0x0000000100000000)
  eden space 524800K, 78% used [0x00000000d5580000,0x00000000ee9ffea8,0x00000000f5600000)
  from space 87040K, 0% used [0x00000000fab00000,0x00000000fab00000,0x0000000100000000)
  to   space 87040K, 0% used [0x00000000f5600000,0x00000000f5600000,0x00000000fab00000)
 ParOldGen       total 1398272K, used 22866K [0x0000000080000000, 0x00000000d5580000, 0x00000000d5580000)
  object space 1398272K, 1% used [0x0000000080000000,0x0000000081654b20,0x00000000d5580000)
 Metaspace       used 57338K, capacity 58880K, committed 59008K, reserved 1101824K
  class space    used 6660K, capacity 6946K, committed 7040K, reserved 1048576K
Event: 11.797 GC heap after
Heap after GC invocations=5 (full 2):
 PSYoungGen      total 611840K, used 30597K [0x00000000d5580000, 0x0000000100000000, 0x0000000100000000)
  eden space 524800K, 0% used [0x00000000d5580000,0x00000000d5580000,0x00000000f5600000)
  from space 87040K, 35% used [0x00000000f5600000,0x00000000f73e16d8,0x00000000fab00000)
  to   space 87040K, 0% used [0x00000000fab00000,0x00000000fab00000,0x0000000100000000)
 ParOldGen       total 1398272K, used 22874K [0x0000000080000000, 0x00000000d5580000, 0x00000000d5580000)
  object space 1398272K, 1% used [0x0000000080000000,0x0000000081656b20,0x00000000d5580000)
 Metaspace       used 57338K, capacity 58880K, committed 59008K, reserved 1101824K
  class space    used 6660K, capacity 6946K, committed 7040K, reserved 1048576K
}
Event: 11.797 GC heap before
{Heap before GC invocations=6 (full 3):
 PSYoungGen      total 611840K, used 30597K [0x00000000d5580000, 0x0000000100000000, 0x0000000100000000)
  eden space 524800K, 0% used [0x00000000d5580000,0x00000000d5580000,0x00000000f5600000)
  from space 87040K, 35% used [0x00000000f5600000,0x00000000f73e16d8,0x00000000fab00000)
  to   space 87040K, 0% used [0x00000000fab00000,0x00000000fab00000,0x0000000100000000)
 ParOldGen       total 1398272K, used 22874K [0x0000000080000000, 0x00000000d5580000, 0x00000000d5580000)
  object space 1398272K, 1% used [0x0000000080000000,0x0000000081656b20,0x00000000d5580000)
 Metaspace       used 57338K, capacity 58880K, committed 59008K, reserved 1101824K
  class space    used 6660K, capacity 6946K, committed 7040K, reserved 1048576K
Event: 12.023 GC heap after
Heap after GC invocations=6 (full 3):
 PSYoungGen      total 611840K, used 0K [0x00000000d5580000, 0x0000000100000000, 0x0000000100000000)
  eden space 524800K, 0% used [0x00000000d5580000,0x00000000d5580000,0x00000000f5600000)
  from space 87040K, 0% used [0x00000000f5600000,0x00000000f5600000,0x00000000fab00000)
  to   space 87040K, 0% used [0x00000000fab00000,0x00000000fab00000,0x0000000100000000)
 ParOldGen       total 1398272K, used 40639K [0x0000000080000000, 0x00000000d5580000, 0x00000000d5580000)
  object space 1398272K, 2% used [0x0000000080000000,0x00000000827afc28,0x00000000d5580000)
 Metaspace       used 57338K, capacity 58880K, committed 59008K, reserved 1101824K
  class space    used 6660K, capacity 6946K, committed 7040K, reserved 1048576K
}

