# JRE version: OpenJDK Runtime Environment (8.0_212-b04) (build 1.8.0_212-b04)
# Java VM: OpenJDK 64-Bit Server VM (25.212-b04 mixed mode linux-amd64 compressed oops)
Heap:
 PSYoungGen      total 542720K, used 181063K [0x00000000d5580000, 0x0000000100000000, 0x0000000100000000)
  eden space 404992K, 18% used [0x00000000d5580000,0x00000000da043dd8,0x00000000ee100000)
  from space 137728K, 75% used [0x00000000f7980000,0x00000000fdf8df00,0x0000000100000000)
  to   space 146944K, 0% used [0x00000000ee100000,0x00000000ee100000,0x00000000f7080000)
 ParOldGen       total 1398272K, used 54872K [0x0000000080000000, 0x00000000d5580000, 0x00000000d5580000)
  object space 1398272K, 3% used [0x0000000080000000,0x0000000083596208,0x00000000d5580000)
 Metaspace       used 71893K, capacity 75400K, committed 75520K, reserved 1116160K
  class space    used 7772K, capacity 8386K, committed 8448K, reserved 1048576K
GC Heap History (10 events):
Event: 60.584 GC heap before
{Heap before GC invocations=7 (full 3):
 PSYoungGen      total 611840K, used 524800K [0x00000000d5580000, 0x0000000100000000, 0x0000000100000000)
  eden space 524800K, 100% used [0x00000000d5580000,0x00000000f5600000,0x00000000f5600000)
  from space 87040K, 0% used [0x00000000f5600000,0x00000000f5600000,0x00000000fab00000)
  to   space 87040K, 0% used [0x00000000fab00000,0x00000000fab00000,0x0000000100000000)
 ParOldGen       total 1398272K, used 44336K [0x0000000080000000, 0x00000000d5580000, 0x00000000d5580000)
  object space 1398272K, 3% used [0x0000000080000000,0x0000000082b4c168,0x00000000d5580000)
 Metaspace       used 67729K, capacity 70860K, committed 70912K, reserved 1112064K
  class space    used 7635K, capacity 8182K, committed 8192K, reserved 1048576K
Event: 60.780 GC heap after
Heap after GC invocations=7 (full 3):
 PSYoungGen      total 611840K, used 87009K [0x00000000d5580000, 0x0000000100000000, 0x0000000100000000)
  eden space 524800K, 0% used [0x00000000d5580000,0x00000000d5580000,0x00000000f5600000)
  from space 87040K, 99% used [0x00000000fab00000,0x00000000ffff86a8,0x0000000100000000)
  to   space 87040K, 0% used [0x00000000f5600000,0x00000000f5600000,0x00000000fab00000)
 ParOldGen       total 1398272K, used 54840K [0x0000000080000000, 0x00000000d5580000, 0x00000000d5580000)
  object space 1398272K, 3% used [0x0000000080000000,0x000000008358e208,0x00000000d5580000)
 Metaspace       used 67729K, capacity 70860K, committed 70912K, reserved 1112064K
  class space    used 7635K, capacity 8182K, committed 8192K, reserved 1048576K
}
Event: 237.220 GC heap before
{Heap before GC invocations=8 (full 3):
 PSYoungGen      total 611840K, used 611809K [0x00000000d5580000, 0x0000000100000000, 0x0000000100000000)
  eden space 524800K, 100% used [0x00000000d5580000,0x00000000f5600000,0x00000000f5600000)
  from space 87040K, 99% used [0x00000000fab00000,0x00000000ffff86a8,0x0000000100000000)
  to   space 87040K, 0% used [0x00000000f5600000,0x00000000f5600000,0x00000000fab00000)
 ParOldGen       total 1398272K, used 54840K [0x0000000080000000, 0x00000000d5580000, 0x00000000d5580000)
  object space 1398272K, 3% used [0x0000000080000000,0x000000008358e208,0x00000000d5580000)
 Metaspace       used 69519K, capacity 72710K, committed 72832K, reserved 1114112K
  class space    used 7684K, capacity 8243K, committed 8320K, reserved 1048576K
Event: 237.359 GC heap after
Heap after GC invocations=8 (full 3):
 PSYoungGen      total 604672K, used 79379K [0x00000000d5580000, 0x0000000100000000, 0x0000000100000000)
  eden space 524800K, 0% used [0x00000000d5580000,0x00000000d5580000,0x00000000f5600000)
  from space 79872K, 99% used [0x00000000f5600000,0x00000000fa384ca0,0x00000000fa400000)
  to   space 94208K, 0% used [0x00000000fa400000,0x00000000fa400000,0x0000000100000000)
 ParOldGen       total 1398272K, used 54848K [0x0000000080000000, 0x00000000d5580000, 0x00000000d5580000)
  object space 1398272K, 3% used [0x0000000080000000,0x0000000083590208,0x00000000d5580000)
 Metaspace       used 69519K, capacity 72710K, committed 72832K, reserved 1114112K
  class space    used 7684K, capacity 8243K, committed 8320K, reserved 1048576K
}
Event: 306.673 GC heap before
{Heap before GC invocations=9 (full 3):
 PSYoungGen      total 604672K, used 604179K [0x00000000d5580000, 0x0000000100000000, 0x0000000100000000)
  eden space 524800K, 100% used [0x00000000d5580000,0x00000000f5600000,0x00000000f5600000)
  from space 79872K, 99% used [0x00000000f5600000,0x00000000fa384ca0,0x00000000fa400000)
  to   space 94208K, 0% used [0x00000000fa400000,0x00000000fa400000,0x0000000100000000)
 ParOldGen       total 1398272K, used 54848K [0x0000000080000000, 0x00000000d5580000, 0x00000000d5580000)
  object space 1398272K, 3% used [0x0000000080000000,0x0000000083590208,0x00000000d5580000)
 Metaspace       used 70559K, capacity 73824K, committed 74112K, reserved 1116160K
  class space    used 7711K, capacity 8276K, committed 8320K, reserved 1048576K
Event: 306.873 GC heap after
Heap after GC invocations=9 (full 3):
 PSYoungGen      total 544256K, used 92569K [0x00000000d5580000, 0x0000000100000000, 0x0000000100000000)
  eden space 450048K, 0% used [0x00000000d5580000,0x00000000d5580000,0x00000000f0d00000)
  from space 94208K, 98% used [0x00000000fa400000,0x00000000ffe66678,0x0000000100000000)
  to   space 124416K, 0% used [0x00000000f0d00000,0x00000000f0d00000,0x00000000f8680000)
 ParOldGen       total 1398272K, used 54856K [0x0000000080000000, 0x00000000d5580000, 0x00000000d5580000)
  object space 1398272K, 3% used [0x0000000080000000,0x0000000083592208,0x00000000d5580000)
 Metaspace       used 70559K, capacity 73824K, committed 74112K, reserved 1116160K
  class space    used 7711K, capacity 8276K, committed 8320K, reserved 1048576K
}
Event: 362.271 GC heap before
{Heap before GC invocations=10 (full 3):
 PSYoungGen      total 544256K, used 542617K [0x00000000d5580000, 0x0000000100000000, 0x0000000100000000)
  eden space 450048K, 100% used [0x00000000d5580000,0x00000000f0d00000,0x00000000f0d00000)
  from space 94208K, 98% used [0x00000000fa400000,0x00000000ffe66678,0x0000000100000000)
  to   space 124416K, 0% used [0x00000000f0d00000,0x00000000f0d00000,0x00000000f8680000)
 ParOldGen       total 1398272K, used 54856K [0x0000000080000000, 0x00000000d5580000, 0x00000000d5580000)
  object space 1398272K, 3% used [0x0000000080000000,0x0000000083592208,0x00000000d5580000)
 Metaspace       used 71239K, capacity 74706K, committed 75008K, reserved 1116160K
  class space    used 7742K, capacity 8353K, committed 8448K, reserved 1048576K
Event: 362.447 GC heap after
Heap after GC invocations=10 (full 3):
 PSYoungGen      total 551424K, used 100910K [0x00000000d5580000, 0x0000000100000000, 0x0000000100000000)
  eden space 450048K, 0% used [0x00000000d5580000,0x00000000d5580000,0x00000000f0d00000)
  from space 101376K, 99% used [0x00000000f0d00000,0x00000000f6f8bbb0,0x00000000f7000000)
  to   space 137728K, 0% used [0x00000000f7980000,0x00000000f7980000,0x0000000100000000)
 ParOldGen       total 1398272K, used 54864K [0x0000000080000000, 0x00000000d5580000, 0x00000000d5580000)
  object space 1398272K, 3% used [0x0000000080000000,0x0000000083594208,0x00000000d5580000)
 Metaspace       used 71239K, capacity 74706K, committed 75008K, reserved 1116160K
  class space    used 7742K, capacity 8353K, committed 8448K, reserved 1048576K
}
Event: 410.660 GC heap before
{Heap before GC invocations=11 (full 3):
 PSYoungGen      total 551424K, used 550958K [0x00000000d5580000, 0x0000000100000000, 0x0000000100000000)
  eden space 450048K, 100% used [0x00000000d5580000,0x00000000f0d00000,0x00000000f0d00000)
  from space 101376K, 99% used [0x00000000f0d00000,0x00000000f6f8bbb0,0x00000000f7000000)
  to   space 137728K, 0% used [0x00000000f7980000,0x00000000f7980000,0x0000000100000000)
 ParOldGen       total 1398272K, used 54864K [0x0000000080000000, 0x00000000d5580000, 0x00000000d5580000)
  object space 1398272K, 3% used [0x0000000080000000,0x0000000083594208,0x00000000d5580000)
 Metaspace       used 71803K, capacity 75258K, committed 75520K, reserved 1116160K
  class space    used 7771K, capacity 8385K, committed 8448K, reserved 1048576K
Event: 410.835 GC heap after
Heap after GC invocations=11 (full 3):
 PSYoungGen      total 542720K, used 104503K [0x00000000d5580000, 0x0000000100000000, 0x0000000100000000)
  eden space 404992K, 0% used [0x00000000d5580000,0x00000000d5580000,0x00000000ee100000)
  from space 137728K, 75% used [0x00000000f7980000,0x00000000fdf8df00,0x0000000100000000)
  to   space 146944K, 0% used [0x00000000ee100000,0x00000000ee100000,0x00000000f7080000)
 ParOldGen       total 1398272K, used 54872K [0x0000000080000000, 0x00000000d5580000, 0x00000000d5580000)
  object space 1398272K, 3% used [0x0000000080000000,0x0000000083596208,0x00000000d5580000)
 Metaspace       used 71803K, capacity 75258K, committed 75520K, reserved 1116160K
  class space    used 7771K, capacity 8385K, committed 8448K, reserved 1048576K
}

