# JRE version: OpenJDK Runtime Environment (8.0_212-b04) (build 1.8.0_212-b04)
# Java VM: OpenJDK 64-Bit Server VM (25.212-b04 mixed mode linux-amd64 compressed oops)
Heap:
 PSYoungGen      total 581120K, used 333110K [0x00000000d5580000, 0x0000000100000000, 0x0000000100000000)
  eden space 548864K, 54% used [0x00000000d5580000,0x00000000e7b4f6d0,0x00000000f6d80000)
  from space 32256K, 99% used [0x00000000f6d80000,0x00000000f8cfe178,0x00000000f8d00000)
  to   space 117760K, 0% used [0x00000000f8d00000,0x00000000f8d00000,0x0000000100000000)
 ParOldGen       total 1398272K, used 762035K [0x0000000080000000, 0x00000000d5580000, 0x00000000d5580000)
  object space 1398272K, 54% used [0x0000000080000000,0x00000000ae82cc48,0x00000000d5580000)
 Metaspace       used 66371K, capacity 69176K, committed 69504K, reserved 1110016K
  class space    used 7460K, capacity 7952K, committed 8064K, reserved 1048576K
GC Heap History (10 events):
Event: 12.346 GC heap before
{Heap before GC invocations=7 (full 3):
 PSYoungGen      total 611840K, used 30266K [0x00000000d5580000, 0x0000000100000000, 0x0000000100000000)
  eden space 524800K, 0% used [0x00000000d5580000,0x00000000d5580000,0x00000000f5600000)
  from space 87040K, 34% used [0x00000000fab00000,0x00000000fc88e958,0x0000000100000000)
  to   space 87040K, 0% used [0x00000000f5600000,0x00000000f5600000,0x00000000fab00000)
 ParOldGen       total 1398272K, used 23978K [0x0000000080000000, 0x00000000d5580000, 0x00000000d5580000)
  object space 1398272K, 1% used [0x0000000080000000,0x000000008176a800,0x00000000d5580000)
 Metaspace       used 57485K, capacity 58858K, committed 59028K, reserved 1101824K
  class space    used 6626K, capacity 6895K, committed 6912K, reserved 1048576K
Event: 12.593 GC heap after
Heap after GC invocations=7 (full 3):
 PSYoungGen      total 611840K, used 0K [0x00000000d5580000, 0x0000000100000000, 0x0000000100000000)
  eden space 524800K, 0% used [0x00000000d5580000,0x00000000d5580000,0x00000000f5600000)
  from space 87040K, 0% used [0x00000000fab00000,0x00000000fab00000,0x0000000100000000)
  to   space 87040K, 0% used [0x00000000f5600000,0x00000000f5600000,0x00000000fab00000)
 ParOldGen       total 1398272K, used 41551K [0x0000000080000000, 0x00000000d5580000, 0x00000000d5580000)
  object space 1398272K, 2% used [0x0000000080000000,0x0000000082893e70,0x00000000d5580000)
 Metaspace       used 57466K, capacity 58810K, committed 59028K, reserved 1101824K
  class space    used 6619K, capacity 6883K, committed 6912K, reserved 1048576K
}
Event: 19.120 GC heap before
{Heap before GC invocations=8 (full 3):
 PSYoungGen      total 611840K, used 353828K [0x00000000d5580000, 0x0000000100000000, 0x0000000100000000)
  eden space 524800K, 67% used [0x00000000d5580000,0x00000000eaf09170,0x00000000f5600000)
  from space 87040K, 0% used [0x00000000fab00000,0x00000000fab00000,0x0000000100000000)
  to   space 87040K, 0% used [0x00000000f5600000,0x00000000f5600000,0x00000000fab00000)
 ParOldGen       total 1398272K, used 41551K [0x0000000080000000, 0x00000000d5580000, 0x00000000d5580000)
  object space 1398272K, 2% used [0x0000000080000000,0x0000000082893e70,0x00000000d5580000)
 Metaspace       used 59961K, capacity 61892K, committed 62208K, reserved 1103872K
  class space    used 6949K, capacity 7304K, committed 7424K, reserved 1048576K
Event: 19.332 GC heap after
Heap after GC invocations=8 (full 3):
 PSYoungGen      total 534528K, used 9361K [0x00000000d5580000, 0x00000000fab80000, 0x0000000100000000)
  eden space 524800K, 0% used [0x00000000d5580000,0x00000000d5580000,0x00000000f5600000)
  from space 9728K, 96% used [0x00000000f5600000,0x00000000f5f247c0,0x00000000f5f80000)
  to   space 31232K, 0% used [0x00000000f8d00000,0x00000000f8d00000,0x00000000fab80000)
 ParOldGen       total 1398272K, used 451151K [0x0000000080000000, 0x00000000d5580000, 0x00000000d5580000)
  object space 1398272K, 32% used [0x0000000080000000,0x000000009b893e90,0x00000000d5580000)
 Metaspace       used 59961K, capacity 61892K, committed 62208K, reserved 1103872K
  class space    used 6949K, capacity 7304K, committed 7424K, reserved 1048576K
}
Event: 19.629 GC heap before
{Heap before GC invocations=9 (full 3):
 PSYoungGen      total 534528K, used 532265K [0x00000000d5580000, 0x00000000fab80000, 0x0000000100000000)
  eden space 524800K, 99% used [0x00000000d5580000,0x00000000f5425c90,0x00000000f5600000)
  from space 9728K, 96% used [0x00000000f5600000,0x00000000f5f247c0,0x00000000f5f80000)
  to   space 31232K, 0% used [0x00000000f8d00000,0x00000000f8d00000,0x00000000fab80000)
 ParOldGen       total 1398272K, used 451151K [0x0000000080000000, 0x00000000d5580000, 0x00000000d5580000)
  object space 1398272K, 32% used [0x0000000080000000,0x000000009b893e90,0x00000000d5580000)
 Metaspace       used 59961K, capacity 61892K, committed 62208K, reserved 1103872K
  class space    used 6949K, capacity 7304K, committed 7424K, reserved 1048576K
Event: 20.010 GC heap after
Heap after GC invocations=9 (full 3):
 PSYoungGen      total 580096K, used 4688K [0x00000000d5580000, 0x0000000100000000, 0x0000000100000000)
  eden space 548864K, 0% used [0x00000000d5580000,0x00000000d5580000,0x00000000f6d80000)
  from space 31232K, 15% used [0x00000000f8d00000,0x00000000f9194060,0x00000000fab80000)
  to   space 32256K, 0% used [0x00000000f6d80000,0x00000000f6d80000,0x00000000f8d00000)
 ParOldGen       total 1398272K, used 963151K [0x0000000080000000, 0x00000000d5580000, 0x00000000d5580000)
  object space 1398272K, 68% used [0x0000000080000000,0x00000000bac93eb0,0x00000000d5580000)
 Metaspace       used 59961K, capacity 61892K, committed 62208K, reserved 1103872K
  class space    used 6949K, capacity 7304K, committed 7424K, reserved 1048576K
}
Event: 20.010 GC heap before
{Heap before GC invocations=10 (full 4):
 PSYoungGen      total 580096K, used 4688K [0x00000000d5580000, 0x0000000100000000, 0x0000000100000000)
  eden space 548864K, 0% used [0x00000000d5580000,0x00000000d5580000,0x00000000f6d80000)
  from space 31232K, 15% used [0x00000000f8d00000,0x00000000f9194060,0x00000000fab80000)
  to   space 32256K, 0% used [0x00000000f6d80000,0x00000000f6d80000,0x00000000f8d00000)
 ParOldGen       total 1398272K, used 963151K [0x0000000080000000, 0x00000000d5580000, 0x00000000d5580000)
  object space 1398272K, 68% used [0x0000000080000000,0x00000000bac93eb0,0x00000000d5580000)
 Metaspace       used 59961K, capacity 61892K, committed 62208K, reserved 1103872K
  class space    used 6949K, capacity 7304K, committed 7424K, reserved 1048576K
Event: 20.252 GC heap after
Heap after GC invocations=10 (full 4):
 PSYoungGen      total 580096K, used 0K [0x00000000d5580000, 0x0000000100000000, 0x0000000100000000)
  eden space 548864K, 0% used [0x00000000d5580000,0x00000000d5580000,0x00000000f6d80000)
  from space 31232K, 0% used [0x00000000f8d00000,0x00000000f8d00000,0x00000000fab80000)
  to   space 32256K, 0% used [0x00000000f6d80000,0x00000000f6d80000,0x00000000f8d00000)
 ParOldGen       total 1398272K, used 545077K [0x0000000080000000, 0x00000000d5580000, 0x00000000d5580000)
  object space 1398272K, 38% used [0x0000000080000000,0x00000000a144d6d8,0x00000000d5580000)
 Metaspace       used 59868K, capacity 61642K, committed 62208K, reserved 1103872K
  class space    used 6916K, capacity 7245K, committed 7424K, reserved 1048576K
}
Event: 27.021 GC heap before
{Heap before GC invocations=11 (full 4):
 PSYoungGen      total 580096K, used 548864K [0x00000000d5580000, 0x0000000100000000, 0x0000000100000000)
  eden space 548864K, 100% used [0x00000000d5580000,0x00000000f6d80000,0x00000000f6d80000)
  from space 31232K, 0% used [0x00000000f8d00000,0x00000000f8d00000,0x00000000fab80000)
  to   space 32256K, 0% used [0x00000000f6d80000,0x00000000f6d80000,0x00000000f8d00000)
 ParOldGen       total 1398272K, used 545077K [0x0000000080000000, 0x00000000d5580000, 0x00000000d5580000)
  object space 1398272K, 38% used [0x0000000080000000,0x00000000a144d6d8,0x00000000d5580000)
 Metaspace       used 65539K, capacity 68124K, committed 68352K, reserved 1110016K
  class space    used 7407K, capacity 7862K, committed 7936K, reserved 1048576K
Event: 27.088 GC heap after
Heap after GC invocations=11 (full 4):
 PSYoungGen      total 581120K, used 32248K [0x00000000d5580000, 0x0000000100000000, 0x0000000100000000)
  eden space 548864K, 0% used [0x00000000d5580000,0x00000000d5580000,0x00000000f6d80000)
  from space 32256K, 99% used [0x00000000f6d80000,0x00000000f8cfe178,0x00000000f8d00000)
  to   space 117760K, 0% used [0x00000000f8d00000,0x00000000f8d00000,0x0000000100000000)
 ParOldGen       total 1398272K, used 762035K [0x0000000080000000, 0x00000000d5580000, 0x00000000d5580000)
  object space 1398272K, 54% used [0x0000000080000000,0x00000000ae82cc48,0x00000000d5580000)
 Metaspace       used 65539K, capacity 68124K, committed 68352K, reserved 1110016K
  class space    used 7407K, capacity 7862K, committed 7936K, reserved 1048576K
}

