# JRE version: OpenJDK Runtime Environment (8.0_212-b04) (build 1.8.0_212-b04)
# Java VM: OpenJDK 64-Bit Server VM (25.212-b04 mixed mode linux-amd64 compressed oops)
Heap:
 PSYoungGen      total 573952K, used 320212K [0x00000000d5580000, 0x0000000100000000, 0x0000000100000000)
  eden space 530432K, 52% used [0x00000000d5580000,0x00000000e640d058,0x00000000f5b80000)
  from space 43520K, 99% used [0x00000000f9480000,0x00000000fbea8208,0x00000000fbf00000)
  to   space 58368K, 0% used [0x00000000f5b80000,0x00000000f5b80000,0x00000000f9480000)
 ParOldGen       total 1398272K, used 32669K [0x0000000080000000, 0x00000000d5580000, 0x00000000d5580000)
  object space 1398272K, 2% used [0x0000000080000000,0x0000000081fe77a0,0x00000000d5580000)
 Metaspace       used 82461K, capacity 86312K, committed 86528K, reserved 1126400K
  class space    used 9311K, capacity 9970K, committed 9984K, reserved 1048576K
GC Heap History (10 events):
Event: 7.615 GC heap before
{Heap before GC invocations=5 (full 2):
 PSYoungGen      total 611840K, used 524800K [0x00000000d5580000, 0x0000000100000000, 0x0000000100000000)
  eden space 524800K, 100% used [0x00000000d5580000,0x00000000f5600000,0x00000000f5600000)
  from space 87040K, 0% used [0x00000000fab00000,0x00000000fab00000,0x0000000100000000)
  to   space 87040K, 0% used [0x00000000f5600000,0x00000000f5600000,0x00000000fab00000)
 ParOldGen       total 1398272K, used 24311K [0x0000000080000000, 0x00000000d5580000, 0x00000000d5580000)
  object space 1398272K, 1% used [0x0000000080000000,0x00000000817bdc28,0x00000000d5580000)
 Metaspace       used 49287K, capacity 50114K, committed 50432K, reserved 1093632K
  class space    used 5866K, capacity 6053K, committed 6144K, reserved 1048576K
Event: 7.645 GC heap after
Heap after GC invocations=5 (full 2):
 PSYoungGen      total 611840K, used 20210K [0x00000000d5580000, 0x0000000100000000, 0x0000000100000000)
  eden space 524800K, 0% used [0x00000000d5580000,0x00000000d5580000,0x00000000f5600000)
  from space 87040K, 23% used [0x00000000f5600000,0x00000000f69bcbb0,0x00000000fab00000)
  to   space 87040K, 0% used [0x00000000fab00000,0x00000000fab00000,0x0000000100000000)
 ParOldGen       total 1398272K, used 24319K [0x0000000080000000, 0x00000000d5580000, 0x00000000d5580000)
  object space 1398272K, 1% used [0x0000000080000000,0x00000000817bfc28,0x00000000d5580000)
 Metaspace       used 49287K, capacity 50114K, committed 50432K, reserved 1093632K
  class space    used 5866K, capacity 6053K, committed 6144K, reserved 1048576K
}
Event: 11.883 GC heap before
{Heap before GC invocations=6 (full 2):
 PSYoungGen      total 611840K, used 325417K [0x00000000d5580000, 0x0000000100000000, 0x0000000100000000)
  eden space 524800K, 58% used [0x00000000d5580000,0x00000000e7f8d8f0,0x00000000f5600000)
  from space 87040K, 23% used [0x00000000f5600000,0x00000000f69bcbb0,0x00000000fab00000)
  to   space 87040K, 0% used [0x00000000fab00000,0x00000000fab00000,0x0000000100000000)
 ParOldGen       total 1398272K, used 24319K [0x0000000080000000, 0x00000000d5580000, 0x00000000d5580000)
  object space 1398272K, 1% used [0x0000000080000000,0x00000000817bfc28,0x00000000d5580000)
 Metaspace       used 57858K, capacity 58956K, committed 59028K, reserved 1101824K
  class space    used 6945K, capacity 7166K, committed 7168K, reserved 1048576K
Event: 11.918 GC heap after
Heap after GC invocations=6 (full 2):
 PSYoungGen      total 611840K, used 20101K [0x00000000d5580000, 0x0000000100000000, 0x0000000100000000)
  eden space 524800K, 0% used [0x00000000d5580000,0x00000000d5580000,0x00000000f5600000)
  from space 87040K, 23% used [0x00000000fab00000,0x00000000fbea1570,0x0000000100000000)
  to   space 87040K, 0% used [0x00000000f5600000,0x00000000f5600000,0x00000000fab00000)
 ParOldGen       total 1398272K, used 24327K [0x0000000080000000, 0x00000000d5580000, 0x00000000d5580000)
  object space 1398272K, 1% used [0x0000000080000000,0x00000000817c1c28,0x00000000d5580000)
 Metaspace       used 57858K, capacity 58956K, committed 59028K, reserved 1101824K
  class space    used 6945K, capacity 7166K, committed 7168K, reserved 1048576K
}
Event: 11.918 GC heap before
{Heap before GC invocations=7 (full 3):
 PSYoungGen      total 611840K, used 20101K [0x00000000d5580000, 0x0000000100000000, 0x0000000100000000)
  eden space 524800K, 0% used [0x00000000d5580000,0x00000000d5580000,0x00000000f5600000)
  from space 87040K, 23% used [0x00000000fab00000,0x00000000fbea1570,0x0000000100000000)
  to   space 87040K, 0% used [0x00000000f5600000,0x00000000f5600000,0x00000000fab00000)
 ParOldGen       total 1398272K, used 24327K [0x0000000080000000, 0x00000000d5580000, 0x00000000d5580000)
  object space 1398272K, 1% used [0x0000000080000000,0x00000000817c1c28,0x00000000d5580000)
 Metaspace       used 57858K, capacity 58956K, committed 59028K, reserved 1101824K
  class space    used 6945K, capacity 7166K, committed 7168K, reserved 1048576K
Event: 12.148 GC heap after
Heap after GC invocations=7 (full 3):
 PSYoungGen      total 611840K, used 0K [0x00000000d5580000, 0x0000000100000000, 0x0000000100000000)
  eden space 524800K, 0% used [0x00000000d5580000,0x00000000d5580000,0x00000000f5600000)
  from space 87040K, 0% used [0x00000000fab00000,0x00000000fab00000,0x0000000100000000)
  to   space 87040K, 0% used [0x00000000f5600000,0x00000000f5600000,0x00000000fab00000)
 ParOldGen       total 1398272K, used 32641K [0x0000000080000000, 0x00000000d5580000, 0x00000000d5580000)
  object space 1398272K, 2% used [0x0000000080000000,0x0000000081fe0670,0x00000000d5580000)
 Metaspace       used 57791K, capacity 58794K, committed 59028K, reserved 1101824K
  class space    used 6920K, capacity 7123K, committed 7168K, reserved 1048576K
}
Event: 25.238 GC heap before
{Heap before GC invocations=8 (full 3):
 PSYoungGen      total 611840K, used 523837K [0x00000000d5580000, 0x0000000100000000, 0x0000000100000000)
  eden space 524800K, 99% used [0x00000000d5580000,0x00000000f550f7a8,0x00000000f5600000)
  from space 87040K, 0% used [0x00000000fab00000,0x00000000fab00000,0x0000000100000000)
  to   space 87040K, 0% used [0x00000000f5600000,0x00000000f5600000,0x00000000fab00000)
 ParOldGen       total 1398272K, used 32641K [0x0000000080000000, 0x00000000d5580000, 0x00000000d5580000)
  object space 1398272K, 2% used [0x0000000080000000,0x0000000081fe0670,0x00000000d5580000)
 Metaspace       used 76702K, capacity 79512K, committed 79616K, reserved 1120256K
  class space    used 8947K, capacity 9472K, committed 9472K, reserved 1048576K
Event: 25.337 GC heap after
Heap after GC invocations=8 (full 3):
 PSYoungGen      total 588800K, used 63770K [0x00000000d5580000, 0x00000000fbf00000, 0x0000000100000000)
  eden space 524800K, 0% used [0x00000000d5580000,0x00000000d5580000,0x00000000f5600000)
  from space 64000K, 99% used [0x00000000f5600000,0x00000000f9446a78,0x00000000f9480000)
  to   space 43520K, 0% used [0x00000000f9480000,0x00000000f9480000,0x00000000fbf00000)
 ParOldGen       total 1398272K, used 32641K [0x0000000080000000, 0x00000000d5580000, 0x00000000d5580000)
  object space 1398272K, 2% used [0x0000000080000000,0x0000000081fe0670,0x00000000d5580000)
 Metaspace       used 76702K, capacity 79512K, committed 79616K, reserved 1120256K
  class space    used 8947K, capacity 9472K, committed 9472K, reserved 1048576K
}
Event: 31.428 GC heap before
{Heap before GC invocations=9 (full 3):
 PSYoungGen      total 588800K, used 588570K [0x00000000d5580000, 0x00000000fbf00000, 0x0000000100000000)
  eden space 524800K, 100% used [0x00000000d5580000,0x00000000f5600000,0x00000000f5600000)
  from space 64000K, 99% used [0x00000000f5600000,0x00000000f9446a78,0x00000000f9480000)
  to   space 43520K, 0% used [0x00000000f9480000,0x00000000f9480000,0x00000000fbf00000)
 ParOldGen       total 1398272K, used 32641K [0x0000000080000000, 0x00000000d5580000, 0x00000000d5580000)
  object space 1398272K, 2% used [0x0000000080000000,0x0000000081fe0670,0x00000000d5580000)
 Metaspace       used 81382K, capacity 85088K, committed 85248K, reserved 1124352K
  class space    used 9238K, capacity 9894K, committed 9984K, reserved 1048576K
Event: 31.520 GC heap after
Heap after GC invocations=9 (full 3):
 PSYoungGen      total 573952K, used 43168K [0x00000000d5580000, 0x0000000100000000, 0x0000000100000000)
  eden space 530432K, 0% used [0x00000000d5580000,0x00000000d5580000,0x00000000f5b80000)
  from space 43520K, 99% used [0x00000000f9480000,0x00000000fbea8208,0x00000000fbf00000)
  to   space 58368K, 0% used [0x00000000f5b80000,0x00000000f5b80000,0x00000000f9480000)
 ParOldGen       total 1398272K, used 32669K [0x0000000080000000, 0x00000000d5580000, 0x00000000d5580000)
  object space 1398272K, 2% used [0x0000000080000000,0x0000000081fe77a0,0x00000000d5580000)
 Metaspace       used 81382K, capacity 85088K, committed 85248K, reserved 1124352K
  class space    used 9238K, capacity 9894K, committed 9984K, reserved 1048576K
}

