# JRE version: OpenJDK Runtime Environment (8.0_212-b04) (build 1.8.0_212-b04)
# Java VM: OpenJDK 64-Bit Server VM (25.212-b04 mixed mode linux-amd64 compressed oops)
Heap:
 PSYoungGen      total 526848K, used 131136K [0x00000000d5580000, 0x0000000100000000, 0x0000000100000000)
  eden space 391680K, 1% used [0x00000000d5580000,0x00000000d5c0f558,0x00000000ed400000)
  from space 135168K, 92% used [0x00000000f7c00000,0x00000000ff580cb0,0x0000000100000000)
  to   space 153600K, 0% used [0x00000000ed400000,0x00000000ed400000,0x00000000f6a00000)
 ParOldGen       total 1398272K, used 56847K [0x0000000080000000, 0x00000000d5580000, 0x00000000d5580000)
  object space 1398272K, 4% used [0x0000000080000000,0x0000000083783ee8,0x00000000d5580000)
 Metaspace       used 72326K, capacity 75845K, committed 76032K, reserved 1116160K
  class space    used 7795K, capacity 8409K, committed 8448K, reserved 1048576K
GC Heap History (10 events):
Event: 64.392 GC heap before
{Heap before GC invocations=7 (full 3):
 PSYoungGen      total 611840K, used 524800K [0x00000000d5580000, 0x0000000100000000, 0x0000000100000000)
  eden space 524800K, 100% used [0x00000000d5580000,0x00000000f5600000,0x00000000f5600000)
  from space 87040K, 0% used [0x00000000f5600000,0x00000000f5600000,0x00000000fab00000)
  to   space 87040K, 0% used [0x00000000fab00000,0x00000000fab00000,0x0000000100000000)
 ParOldGen       total 1398272K, used 45087K [0x0000000080000000, 0x00000000d5580000, 0x00000000d5580000)
  object space 1398272K, 3% used [0x0000000080000000,0x0000000082c07e48,0x00000000d5580000)
 Metaspace       used 68040K, capacity 71173K, committed 71296K, reserved 1112064K
  class space    used 7669K, capacity 8209K, committed 8320K, reserved 1048576K
Event: 64.572 GC heap after
Heap after GC invocations=7 (full 3):
 PSYoungGen      total 611840K, used 87012K [0x00000000d5580000, 0x0000000100000000, 0x0000000100000000)
  eden space 524800K, 0% used [0x00000000d5580000,0x00000000d5580000,0x00000000f5600000)
  from space 87040K, 99% used [0x00000000fab00000,0x00000000ffff9308,0x0000000100000000)
  to   space 87040K, 0% used [0x00000000f5600000,0x00000000f5600000,0x00000000fab00000)
 ParOldGen       total 1398272K, used 56823K [0x0000000080000000, 0x00000000d5580000, 0x00000000d5580000)
  object space 1398272K, 4% used [0x0000000080000000,0x000000008377dee8,0x00000000d5580000)
 Metaspace       used 68040K, capacity 71173K, committed 71296K, reserved 1112064K
  class space    used 7669K, capacity 8209K, committed 8320K, reserved 1048576K
}
Event: 247.887 GC heap before
{Heap before GC invocations=8 (full 3):
 PSYoungGen      total 611840K, used 611812K [0x00000000d5580000, 0x0000000100000000, 0x0000000100000000)
  eden space 524800K, 100% used [0x00000000d5580000,0x00000000f5600000,0x00000000f5600000)
  from space 87040K, 99% used [0x00000000fab00000,0x00000000ffff9308,0x0000000100000000)
  to   space 87040K, 0% used [0x00000000f5600000,0x00000000f5600000,0x00000000fab00000)
 ParOldGen       total 1398272K, used 56823K [0x0000000080000000, 0x00000000d5580000, 0x00000000d5580000)
  object space 1398272K, 4% used [0x0000000080000000,0x000000008377dee8,0x00000000d5580000)
 Metaspace       used 69977K, capacity 73197K, committed 73344K, reserved 1114112K
  class space    used 7718K, capacity 8269K, committed 8320K, reserved 1048576K
Event: 248.057 GC heap after
Heap after GC invocations=8 (full 3):
 PSYoungGen      total 603648K, used 78460K [0x00000000d5580000, 0x0000000100000000, 0x0000000100000000)
  eden space 524800K, 0% used [0x00000000d5580000,0x00000000d5580000,0x00000000f5600000)
  from space 78848K, 99% used [0x00000000f5600000,0x00000000fa29f0d0,0x00000000fa300000)
  to   space 95232K, 0% used [0x00000000fa300000,0x00000000fa300000,0x0000000100000000)
 ParOldGen       total 1398272K, used 56823K [0x0000000080000000, 0x00000000d5580000, 0x00000000d5580000)
  object space 1398272K, 4% used [0x0000000080000000,0x000000008377dee8,0x00000000d5580000)
 Metaspace       used 69977K, capacity 73197K, committed 73344K, reserved 1114112K
  class space    used 7718K, capacity 8269K, committed 8320K, reserved 1048576K
}
Event: 331.436 GC heap before
{Heap before GC invocations=9 (full 3):
 PSYoungGen      total 603648K, used 603260K [0x00000000d5580000, 0x0000000100000000, 0x0000000100000000)
  eden space 524800K, 100% used [0x00000000d5580000,0x00000000f5600000,0x00000000f5600000)
  from space 78848K, 99% used [0x00000000f5600000,0x00000000fa29f0d0,0x00000000fa300000)
  to   space 95232K, 0% used [0x00000000fa300000,0x00000000fa300000,0x0000000100000000)
 ParOldGen       total 1398272K, used 56823K [0x0000000080000000, 0x00000000d5580000, 0x00000000d5580000)
  object space 1398272K, 4% used [0x0000000080000000,0x000000008377dee8,0x00000000d5580000)
 Metaspace       used 71098K, capacity 74413K, committed 74752K, reserved 1116160K
  class space    used 7748K, capacity 8335K, committed 8448K, reserved 1048576K
Event: 331.659 GC heap after
Heap after GC invocations=9 (full 3):
 PSYoungGen      total 541184K, used 95202K [0x00000000d5580000, 0x0000000100000000, 0x0000000100000000)
  eden space 445952K, 0% used [0x00000000d5580000,0x00000000d5580000,0x00000000f0900000)
  from space 95232K, 99% used [0x00000000fa300000,0x00000000ffff8968,0x0000000100000000)
  to   space 126464K, 0% used [0x00000000f0900000,0x00000000f0900000,0x00000000f8480000)
 ParOldGen       total 1398272K, used 56839K [0x0000000080000000, 0x00000000d5580000, 0x00000000d5580000)
  object space 1398272K, 4% used [0x0000000080000000,0x0000000083781ee8,0x00000000d5580000)
 Metaspace       used 71098K, capacity 74413K, committed 74752K, reserved 1116160K
  class space    used 7748K, capacity 8335K, committed 8448K, reserved 1048576K
}
Event: 380.867 GC heap before
{Heap before GC invocations=10 (full 3):
 PSYoungGen      total 541184K, used 541154K [0x00000000d5580000, 0x0000000100000000, 0x0000000100000000)
  eden space 445952K, 100% used [0x00000000d5580000,0x00000000f0900000,0x00000000f0900000)
  from space 95232K, 99% used [0x00000000fa300000,0x00000000ffff8968,0x0000000100000000)
  to   space 126464K, 0% used [0x00000000f0900000,0x00000000f0900000,0x00000000f8480000)
 ParOldGen       total 1398272K, used 56839K [0x0000000080000000, 0x00000000d5580000, 0x00000000d5580000)
  object space 1398272K, 4% used [0x0000000080000000,0x0000000083781ee8,0x00000000d5580000)
 Metaspace       used 71702K, capacity 75197K, committed 75520K, reserved 1116160K
  class space    used 7777K, capacity 8379K, committed 8448K, reserved 1048576K
Event: 381.071 GC heap after
Heap after GC invocations=10 (full 3):
 PSYoungGen      total 534528K, used 93538K [0x00000000d5580000, 0x0000000100000000, 0x0000000100000000)
  eden space 440832K, 0% used [0x00000000d5580000,0x00000000d5580000,0x00000000f0400000)
  from space 93696K, 99% used [0x00000000f0900000,0x00000000f6458910,0x00000000f6480000)
  to   space 135168K, 0% used [0x00000000f7c00000,0x00000000f7c00000,0x0000000100000000)
 ParOldGen       total 1398272K, used 56847K [0x0000000080000000, 0x00000000d5580000, 0x00000000d5580000)
  object space 1398272K, 4% used [0x0000000080000000,0x0000000083783ee8,0x00000000d5580000)
 Metaspace       used 71702K, capacity 75197K, committed 75520K, reserved 1116160K
  class space    used 7777K, capacity 8379K, committed 8448K, reserved 1048576K
}
Event: 440.770 GC heap before
{Heap before GC invocations=11 (full 3):
 PSYoungGen      total 534528K, used 534370K [0x00000000d5580000, 0x0000000100000000, 0x0000000100000000)
  eden space 440832K, 100% used [0x00000000d5580000,0x00000000f0400000,0x00000000f0400000)
  from space 93696K, 99% used [0x00000000f0900000,0x00000000f6458910,0x00000000f6480000)
  to   space 135168K, 0% used [0x00000000f7c00000,0x00000000f7c00000,0x0000000100000000)
 ParOldGen       total 1398272K, used 56847K [0x0000000080000000, 0x00000000d5580000, 0x00000000d5580000)
  object space 1398272K, 4% used [0x0000000080000000,0x0000000083783ee8,0x00000000d5580000)
 Metaspace       used 72296K, capacity 75845K, committed 76032K, reserved 1116160K
  class space    used 7795K, capacity 8409K, committed 8448K, reserved 1048576K
Event: 440.964 GC heap after
Heap after GC invocations=11 (full 3):
 PSYoungGen      total 526848K, used 124419K [0x00000000d5580000, 0x0000000100000000, 0x0000000100000000)
  eden space 391680K, 0% used [0x00000000d5580000,0x00000000d5580000,0x00000000ed400000)
  from space 135168K, 92% used [0x00000000f7c00000,0x00000000ff580cb0,0x0000000100000000)
  to   space 153600K, 0% used [0x00000000ed400000,0x00000000ed400000,0x00000000f6a00000)
 ParOldGen       total 1398272K, used 56847K [0x0000000080000000, 0x00000000d5580000, 0x00000000d5580000)
  object space 1398272K, 4% used [0x0000000080000000,0x0000000083783ee8,0x00000000d5580000)
 Metaspace       used 72296K, capacity 75845K, committed 76032K, reserved 1116160K
  class space    used 7795K, capacity 8409K, committed 8448K, reserved 1048576K
}

