# JRE version: OpenJDK Runtime Environment (8.0_212-b04) (build 1.8.0_212-b04)
# Java VM: OpenJDK 64-Bit Server VM (25.212-b04 mixed mode linux-amd64 compressed oops)
Heap:
 PSYoungGen      total 542720K, used 459386K [0x00000000d5580000, 0x0000000100000000, 0x0000000100000000)
  eden space 449024K, 81% used [0x00000000d5580000,0x00000000ebab9ae8,0x00000000f0c00000)
  from space 93696K, 99% used [0x00000000f1100000,0x00000000f6c64fb8,0x00000000f6c80000)
  to   space 133632K, 0% used [0x00000000f7d80000,0x00000000f7d80000,0x0000000100000000)
 ParOldGen       total 1398272K, used 78374K [0x0000000080000000, 0x00000000d5580000, 0x00000000d5580000)
  object space 1398272K, 5% used [0x0000000080000000,0x0000000084c89850,0x00000000d5580000)
 Metaspace       used 72650K, capacity 76294K, committed 76416K, reserved 1118208K
  class space    used 7890K, capacity 8529K, committed 8576K, reserved 1048576K
GC Heap History (10 events):
Event: 12.290 GC heap before
{Heap before GC invocations=6 (full 3):
 PSYoungGen      total 611840K, used 33925K [0x00000000d5580000, 0x0000000100000000, 0x0000000100000000)
  eden space 524800K, 0% used [0x00000000d5580000,0x00000000d5580000,0x00000000f5600000)
  from space 87040K, 38% used [0x00000000f5600000,0x00000000f7721770,0x00000000fab00000)
  to   space 87040K, 0% used [0x00000000fab00000,0x00000000fab00000,0x0000000100000000)
 ParOldGen       total 1398272K, used 23556K [0x0000000080000000, 0x00000000d5580000, 0x00000000d5580000)
  object space 1398272K, 1% used [0x0000000080000000,0x0000000081701258,0x00000000d5580000)
 Metaspace       used 57440K, capacity 58838K, committed 59028K, reserved 1101824K
  class space    used 6629K, capacity 6891K, committed 6912K, reserved 1048576K
Event: 12.589 GC heap after
Heap after GC invocations=6 (full 3):
 PSYoungGen      total 611840K, used 0K [0x00000000d5580000, 0x0000000100000000, 0x0000000100000000)
  eden space 524800K, 0% used [0x00000000d5580000,0x00000000d5580000,0x00000000f5600000)
  from space 87040K, 0% used [0x00000000f5600000,0x00000000f5600000,0x00000000fab00000)
  to   space 87040K, 0% used [0x00000000fab00000,0x00000000fab00000,0x0000000100000000)
 ParOldGen       total 1398272K, used 44366K [0x0000000080000000, 0x00000000d5580000, 0x00000000d5580000)
  object space 1398272K, 3% used [0x0000000080000000,0x0000000082b53a00,0x00000000d5580000)
 Metaspace       used 57420K, capacity 58792K, committed 59028K, reserved 1101824K
  class space    used 6622K, capacity 6880K, committed 6912K, reserved 1048576K
}
Event: 92.900 GC heap before
{Heap before GC invocations=7 (full 3):
 PSYoungGen      total 611840K, used 524800K [0x00000000d5580000, 0x0000000100000000, 0x0000000100000000)
  eden space 524800K, 100% used [0x00000000d5580000,0x00000000f5600000,0x00000000f5600000)
  from space 87040K, 0% used [0x00000000f5600000,0x00000000f5600000,0x00000000fab00000)
  to   space 87040K, 0% used [0x00000000fab00000,0x00000000fab00000,0x0000000100000000)
 ParOldGen       total 1398272K, used 44366K [0x0000000080000000, 0x00000000d5580000, 0x00000000d5580000)
  object space 1398272K, 3% used [0x0000000080000000,0x0000000082b53a00,0x00000000d5580000)
 Metaspace       used 65782K, capacity 68488K, committed 68736K, reserved 1110016K
  class space    used 7496K, capacity 7978K, committed 8064K, reserved 1048576K
Event: 92.996 GC heap after
Heap after GC invocations=7 (full 3):
 PSYoungGen      total 611840K, used 39631K [0x00000000d5580000, 0x0000000100000000, 0x0000000100000000)
  eden space 524800K, 0% used [0x00000000d5580000,0x00000000d5580000,0x00000000f5600000)
  from space 87040K, 45% used [0x00000000fab00000,0x00000000fd1b3f18,0x0000000100000000)
  to   space 87040K, 0% used [0x00000000f5600000,0x00000000f5600000,0x00000000fab00000)
 ParOldGen       total 1398272K, used 44374K [0x0000000080000000, 0x00000000d5580000, 0x00000000d5580000)
  object space 1398272K, 3% used [0x0000000080000000,0x0000000082b55a00,0x00000000d5580000)
 Metaspace       used 65782K, capacity 68488K, committed 68736K, reserved 1110016K
  class space    used 7496K, capacity 7978K, committed 8064K, reserved 1048576K
}
Event: 322.677 GC heap before
{Heap before GC invocations=8 (full 3):
 PSYoungGen      total 611840K, used 564431K [0x00000000d5580000, 0x0000000100000000, 0x0000000100000000)
  eden space 524800K, 100% used [0x00000000d5580000,0x00000000f5600000,0x00000000f5600000)
  from space 87040K, 45% used [0x00000000fab00000,0x00000000fd1b3f18,0x0000000100000000)
  to   space 87040K, 0% used [0x00000000f5600000,0x00000000f5600000,0x00000000fab00000)
 ParOldGen       total 1398272K, used 44374K [0x0000000080000000, 0x00000000d5580000, 0x00000000d5580000)
  object space 1398272K, 3% used [0x0000000080000000,0x0000000082b55a00,0x00000000d5580000)
 Metaspace       used 69766K, capacity 72882K, committed 73216K, reserved 1114112K
  class space    used 7763K, capacity 8323K, committed 8448K, reserved 1048576K
Event: 322.842 GC heap after
Heap after GC invocations=8 (full 3):
 PSYoungGen      total 611840K, used 87020K [0x00000000d5580000, 0x0000000100000000, 0x0000000100000000)
  eden space 524800K, 0% used [0x00000000d5580000,0x00000000d5580000,0x00000000f5600000)
  from space 87040K, 99% used [0x00000000f5600000,0x00000000faafb360,0x00000000fab00000)
  to   space 87040K, 0% used [0x00000000fab00000,0x00000000fab00000,0x0000000100000000)
 ParOldGen       total 1398272K, used 53190K [0x0000000080000000, 0x00000000d5580000, 0x00000000d5580000)
  object space 1398272K, 3% used [0x0000000080000000,0x00000000833f1850,0x00000000d5580000)
 Metaspace       used 69766K, capacity 72882K, committed 73216K, reserved 1114112K
  class space    used 7763K, capacity 8323K, committed 8448K, reserved 1048576K
}
Event: 570.150 GC heap before
{Heap before GC invocations=9 (full 3):
 PSYoungGen      total 611840K, used 611820K [0x00000000d5580000, 0x0000000100000000, 0x0000000100000000)
  eden space 524800K, 100% used [0x00000000d5580000,0x00000000f5600000,0x00000000f5600000)
  from space 87040K, 99% used [0x00000000f5600000,0x00000000faafb360,0x00000000fab00000)
  to   space 87040K, 0% used [0x00000000fab00000,0x00000000fab00000,0x0000000100000000)
 ParOldGen       total 1398272K, used 53190K [0x0000000080000000, 0x00000000d5580000, 0x00000000d5580000)
  object space 1398272K, 3% used [0x0000000080000000,0x00000000833f1850,0x00000000d5580000)
 Metaspace       used 71002K, capacity 74530K, committed 74880K, reserved 1116160K
  class space    used 7838K, capacity 8455K, committed 8576K, reserved 1048576K
Event: 570.333 GC heap after
Heap after GC invocations=9 (full 3):
 PSYoungGen      total 541184K, used 87011K [0x00000000d5580000, 0x0000000100000000, 0x0000000100000000)
  eden space 454144K, 0% used [0x00000000d5580000,0x00000000d5580000,0x00000000f1100000)
  from space 87040K, 99% used [0x00000000fab00000,0x00000000ffff8e58,0x0000000100000000)
  to   space 122368K, 0% used [0x00000000f1100000,0x00000000f1100000,0x00000000f8880000)
 ParOldGen       total 1398272K, used 78366K [0x0000000080000000, 0x00000000d5580000, 0x00000000d5580000)
  object space 1398272K, 5% used [0x0000000080000000,0x0000000084c87850,0x00000000d5580000)
 Metaspace       used 71002K, capacity 74530K, committed 74880K, reserved 1116160K
  class space    used 7838K, capacity 8455K, committed 8576K, reserved 1048576K
}
Event: 656.167 GC heap before
{Heap before GC invocations=10 (full 3):
 PSYoungGen      total 541184K, used 541155K [0x00000000d5580000, 0x0000000100000000, 0x0000000100000000)
  eden space 454144K, 100% used [0x00000000d5580000,0x00000000f1100000,0x00000000f1100000)
  from space 87040K, 99% used [0x00000000fab00000,0x00000000ffff8e58,0x0000000100000000)
  to   space 122368K, 0% used [0x00000000f1100000,0x00000000f1100000,0x00000000f8880000)
 ParOldGen       total 1398272K, used 78366K [0x0000000080000000, 0x00000000d5580000, 0x00000000d5580000)
  object space 1398272K, 5% used [0x0000000080000000,0x0000000084c87850,0x00000000d5580000)
 Metaspace       used 72107K, capacity 75728K, committed 75904K, reserved 1116160K
  class space    used 7879K, capacity 8512K, committed 8576K, reserved 1048576K
Event: 656.342 GC heap after
Heap after GC invocations=10 (full 3):
 PSYoungGen      total 542720K, used 93587K [0x00000000d5580000, 0x0000000100000000, 0x0000000100000000)
  eden space 449024K, 0% used [0x00000000d5580000,0x00000000d5580000,0x00000000f0c00000)
  from space 93696K, 99% used [0x00000000f1100000,0x00000000f6c64fb8,0x00000000f6c80000)
  to   space 133632K, 0% used [0x00000000f7d80000,0x00000000f7d80000,0x0000000100000000)
 ParOldGen       total 1398272K, used 78374K [0x0000000080000000, 0x00000000d5580000, 0x00000000d5580000)
  object space 1398272K, 5% used [0x0000000080000000,0x0000000084c89850,0x00000000d5580000)
 Metaspace       used 72107K, capacity 75728K, committed 75904K, reserved 1116160K
  class space    used 7879K, capacity 8512K, committed 8576K, reserved 1048576K
}

