# JRE version: OpenJDK Runtime Environment (8.0_212-b04) (build 1.8.0_212-b04)
# Java VM: OpenJDK 64-Bit Server VM (25.212-b04 mixed mode linux-amd64 compressed oops)
Heap:
 PSYoungGen      total 611840K, used 263124K [0x00000000d5580000, 0x0000000100000000, 0x0000000100000000)
  eden space 524800K, 50% used [0x00000000d5580000,0x00000000e5675058,0x00000000f5600000)
  from space 87040K, 0% used [0x00000000fab00000,0x00000000fab00000,0x0000000100000000)
  to   space 87040K, 0% used [0x00000000f5600000,0x00000000f5600000,0x00000000fab00000)
 ParOldGen       total 1398272K, used 26889K [0x0000000080000000, 0x00000000d5580000, 0x00000000d5580000)
  object space 1398272K, 1% used [0x0000000080000000,0x0000000081a42770,0x00000000d5580000)
 Metaspace       used 64934K, capacity 67378K, committed 67712K, reserved 1110016K
  class space    used 7507K, capacity 7947K, committed 8064K, reserved 1048576K
GC Heap History (10 events):
Event: 4.560 GC heap before
{Heap before GC invocations=3 (full 1):
 PSYoungGen      total 611840K, used 456588K [0x00000000d5580000, 0x0000000100000000, 0x0000000100000000)
  eden space 524800K, 87% used [0x00000000d5580000,0x00000000f13632b0,0x00000000f5600000)
  from space 87040K, 0% used [0x00000000f5600000,0x00000000f5600000,0x00000000fab00000)
  to   space 87040K, 0% used [0x00000000fab00000,0x00000000fab00000,0x0000000100000000)
 ParOldGen       total 875008K, used 14314K [0x0000000080000000, 0x00000000b5680000, 0x00000000d5580000)
  object space 875008K, 1% used [0x0000000080000000,0x0000000080dfaa80,0x00000000b5680000)
 Metaspace       used 34658K, capacity 35040K, committed 35416K, reserved 1081344K
  class space    used 3951K, capacity 4062K, committed 4096K, reserved 1048576K
Event: 4.600 GC heap after
Heap after GC invocations=3 (full 1):
 PSYoungGen      total 611840K, used 18886K [0x00000000d5580000, 0x0000000100000000, 0x0000000100000000)
  eden space 524800K, 0% used [0x00000000d5580000,0x00000000d5580000,0x00000000f5600000)
  from space 87040K, 21% used [0x00000000fab00000,0x00000000fbd71aa0,0x0000000100000000)
  to   space 87040K, 0% used [0x00000000f5600000,0x00000000f5600000,0x00000000fab00000)
 ParOldGen       total 875008K, used 14322K [0x0000000080000000, 0x00000000b5680000, 0x00000000d5580000)
  object space 875008K, 1% used [0x0000000080000000,0x0000000080dfca80,0x00000000b5680000)
 Metaspace       used 34658K, capacity 35040K, committed 35416K, reserved 1081344K
  class space    used 3951K, capacity 4062K, committed 4096K, reserved 1048576K
}
Event: 4.600 GC heap before
{Heap before GC invocations=4 (full 2):
 PSYoungGen      total 611840K, used 18886K [0x00000000d5580000, 0x0000000100000000, 0x0000000100000000)
  eden space 524800K, 0% used [0x00000000d5580000,0x00000000d5580000,0x00000000f5600000)
  from space 87040K, 21% used [0x00000000fab00000,0x00000000fbd71aa0,0x0000000100000000)
  to   space 87040K, 0% used [0x00000000f5600000,0x00000000f5600000,0x00000000fab00000)
 ParOldGen       total 875008K, used 14322K [0x0000000080000000, 0x00000000b5680000, 0x00000000d5580000)
  object space 875008K, 1% used [0x0000000080000000,0x0000000080dfca80,0x00000000b5680000)
 Metaspace       used 34658K, capacity 35040K, committed 35416K, reserved 1081344K
  class space    used 3951K, capacity 4062K, committed 4096K, reserved 1048576K
Event: 4.717 GC heap after
Heap after GC invocations=4 (full 2):
 PSYoungGen      total 611840K, used 0K [0x00000000d5580000, 0x0000000100000000, 0x0000000100000000)
  eden space 524800K, 0% used [0x00000000d5580000,0x00000000d5580000,0x00000000f5600000)
  from space 87040K, 0% used [0x00000000fab00000,0x00000000fab00000,0x0000000100000000)
  to   space 87040K, 0% used [0x00000000f5600000,0x00000000f5600000,0x00000000fab00000)
 ParOldGen       total 1398272K, used 23319K [0x0000000080000000, 0x00000000d5580000, 0x00000000d5580000)
  object space 1398272K, 1% used [0x0000000080000000,0x00000000816c5f90,0x00000000d5580000)
 Metaspace       used 34658K, capacity 35040K, committed 35416K, reserved 1081344K
  class space    used 3951K, capacity 4062K, committed 4096K, reserved 1048576K
}
Event: 10.404 GC heap before
{Heap before GC invocations=5 (full 2):
 PSYoungGen      total 611840K, used 524800K [0x00000000d5580000, 0x0000000100000000, 0x0000000100000000)
  eden space 524800K, 100% used [0x00000000d5580000,0x00000000f5600000,0x00000000f5600000)
  from space 87040K, 0% used [0x00000000fab00000,0x00000000fab00000,0x0000000100000000)
  to   space 87040K, 0% used [0x00000000f5600000,0x00000000f5600000,0x00000000fab00000)
 ParOldGen       total 1398272K, used 23319K [0x0000000080000000, 0x00000000d5580000, 0x00000000d5580000)
  object space 1398272K, 1% used [0x0000000080000000,0x00000000816c5f90,0x00000000d5580000)
 Metaspace       used 52070K, capacity 53104K, committed 53120K, reserved 1095680K
  class space    used 6038K, capacity 6270K, committed 6272K, reserved 1048576K
Event: 10.464 GC heap after
Heap after GC invocations=5 (full 2):
 PSYoungGen      total 611840K, used 23506K [0x00000000d5580000, 0x0000000100000000, 0x0000000100000000)
  eden space 524800K, 0% used [0x00000000d5580000,0x00000000d5580000,0x00000000f5600000)
  from space 87040K, 27% used [0x00000000f5600000,0x00000000f6cf4940,0x00000000fab00000)
  to   space 87040K, 0% used [0x00000000fab00000,0x00000000fab00000,0x0000000100000000)
 ParOldGen       total 1398272K, used 23327K [0x0000000080000000, 0x00000000d5580000, 0x00000000d5580000)
  object space 1398272K, 1% used [0x0000000080000000,0x00000000816c7f90,0x00000000d5580000)
 Metaspace       used 52070K, capacity 53104K, committed 53120K, reserved 1095680K
  class space    used 6038K, capacity 6270K, committed 6272K, reserved 1048576K
}
Event: 11.022 GC heap before
{Heap before GC invocations=6 (full 2):
 PSYoungGen      total 611840K, used 181041K [0x00000000d5580000, 0x0000000100000000, 0x0000000100000000)
  eden space 524800K, 30% used [0x00000000d5580000,0x00000000def57c38,0x00000000f5600000)
  from space 87040K, 27% used [0x00000000f5600000,0x00000000f6cf4940,0x00000000fab00000)
  to   space 87040K, 0% used [0x00000000fab00000,0x00000000fab00000,0x0000000100000000)
 ParOldGen       total 1398272K, used 23327K [0x0000000080000000, 0x00000000d5580000, 0x00000000d5580000)
  object space 1398272K, 1% used [0x0000000080000000,0x00000000816c7f90,0x00000000d5580000)
 Metaspace       used 57434K, capacity 58854K, committed 59008K, reserved 1101824K
  class space    used 6673K, capacity 6935K, committed 7040K, reserved 1048576K
Event: 11.053 GC heap after
Heap after GC invocations=6 (full 2):
 PSYoungGen      total 611840K, used 15281K [0x00000000d5580000, 0x0000000100000000, 0x0000000100000000)
  eden space 524800K, 0% used [0x00000000d5580000,0x00000000d5580000,0x00000000f5600000)
  from space 87040K, 17% used [0x00000000fab00000,0x00000000fb9ec488,0x0000000100000000)
  to   space 87040K, 0% used [0x00000000f5600000,0x00000000f5600000,0x00000000fab00000)
 ParOldGen       total 1398272K, used 23335K [0x0000000080000000, 0x00000000d5580000, 0x00000000d5580000)
  object space 1398272K, 1% used [0x0000000080000000,0x00000000816c9f90,0x00000000d5580000)
 Metaspace       used 57434K, capacity 58854K, committed 59008K, reserved 1101824K
  class space    used 6673K, capacity 6935K, committed 7040K, reserved 1048576K
}
Event: 11.053 GC heap before
{Heap before GC invocations=7 (full 3):
 PSYoungGen      total 611840K, used 15281K [0x00000000d5580000, 0x0000000100000000, 0x0000000100000000)
  eden space 524800K, 0% used [0x00000000d5580000,0x00000000d5580000,0x00000000f5600000)
  from space 87040K, 17% used [0x00000000fab00000,0x00000000fb9ec488,0x0000000100000000)
  to   space 87040K, 0% used [0x00000000f5600000,0x00000000f5600000,0x00000000fab00000)
 ParOldGen       total 1398272K, used 23335K [0x0000000080000000, 0x00000000d5580000, 0x00000000d5580000)
  object space 1398272K, 1% used [0x0000000080000000,0x00000000816c9f90,0x00000000d5580000)
 Metaspace       used 57434K, capacity 58854K, committed 59008K, reserved 1101824K
  class space    used 6673K, capacity 6935K, committed 7040K, reserved 1048576K
Event: 11.297 GC heap after
Heap after GC invocations=7 (full 3):
 PSYoungGen      total 611840K, used 0K [0x00000000d5580000, 0x0000000100000000, 0x0000000100000000)
  eden space 524800K, 0% used [0x00000000d5580000,0x00000000d5580000,0x00000000f5600000)
  from space 87040K, 0% used [0x00000000fab00000,0x00000000fab00000,0x0000000100000000)
  to   space 87040K, 0% used [0x00000000f5600000,0x00000000f5600000,0x00000000fab00000)
 ParOldGen       total 1398272K, used 26889K [0x0000000080000000, 0x00000000d5580000, 0x00000000d5580000)
  object space 1398272K, 1% used [0x0000000080000000,0x0000000081a42770,0x00000000d5580000)
 Metaspace       used 57394K, capacity 58750K, committed 59008K, reserved 1101824K
  class space    used 6659K, capacity 6911K, committed 7040K, reserved 1048576K
}

