# JRE version: OpenJDK Runtime Environment (8.0_212-b04) (build 1.8.0_212-b04)
# Java VM: OpenJDK 64-Bit Server VM (25.212-b04 mixed mode linux-amd64 compressed oops)
Heap:
 PSYoungGen      total 518144K, used 131486K [0x00000000d5580000, 0x0000000100000000, 0x0000000100000000)
  eden space 430592K, 10% used [0x00000000d5580000,0x00000000d80baa28,0x00000000efa00000)
  from space 87552K, 99% used [0x00000000efa00000,0x00000000f4f2cf60,0x00000000f4f80000)
  to   space 138752K, 0% used [0x00000000f7880000,0x00000000f7880000,0x0000000100000000)
 ParOldGen       total 1398272K, used 84725K [0x0000000080000000, 0x00000000d5580000, 0x00000000d5580000)
  object space 1398272K, 6% used [0x0000000080000000,0x00000000852bd7e0,0x00000000d5580000)
 Metaspace       used 68550K, capacity 71946K, committed 72192K, reserved 1114112K
  class space    used 7715K, capacity 8335K, committed 8448K, reserved 1048576K
GC Heap History (10 events):
Event: 11.658 GC heap before
{Heap before GC invocations=6 (full 3):
 PSYoungGen      total 611840K, used 33658K [0x00000000d5580000, 0x0000000100000000, 0x0000000100000000)
  eden space 524800K, 0% used [0x00000000d5580000,0x00000000d5580000,0x00000000f5600000)
  from space 87040K, 38% used [0x00000000f5600000,0x00000000f76de9a0,0x00000000fab00000)
  to   space 87040K, 0% used [0x00000000fab00000,0x00000000fab00000,0x0000000100000000)
 ParOldGen       total 1398272K, used 23559K [0x0000000080000000, 0x00000000d5580000, 0x00000000d5580000)
  object space 1398272K, 1% used [0x0000000080000000,0x0000000081701fe0,0x00000000d5580000)
 Metaspace       used 57492K, capacity 58970K, committed 59028K, reserved 1101824K
  class space    used 6632K, capacity 6905K, committed 6912K, reserved 1048576K
Event: 11.923 GC heap after
Heap after GC invocations=6 (full 3):
 PSYoungGen      total 611840K, used 0K [0x00000000d5580000, 0x0000000100000000, 0x0000000100000000)
  eden space 524800K, 0% used [0x00000000d5580000,0x00000000d5580000,0x00000000f5600000)
  from space 87040K, 0% used [0x00000000f5600000,0x00000000f5600000,0x00000000fab00000)
  to   space 87040K, 0% used [0x00000000fab00000,0x00000000fab00000,0x0000000100000000)
 ParOldGen       total 1398272K, used 44325K [0x0000000080000000, 0x00000000d5580000, 0x00000000d5580000)
  object space 1398272K, 3% used [0x0000000080000000,0x0000000082b497d0,0x00000000d5580000)
 Metaspace       used 57455K, capacity 58878K, committed 59028K, reserved 1101824K
  class space    used 6619K, capacity 6883K, committed 6912K, reserved 1048576K
}
Event: 24.214 GC heap before
{Heap before GC invocations=7 (full 3):
 PSYoungGen      total 611840K, used 522286K [0x00000000d5580000, 0x0000000100000000, 0x0000000100000000)
  eden space 524800K, 99% used [0x00000000d5580000,0x00000000f538bb68,0x00000000f5600000)
  from space 87040K, 0% used [0x00000000f5600000,0x00000000f5600000,0x00000000fab00000)
  to   space 87040K, 0% used [0x00000000fab00000,0x00000000fab00000,0x0000000100000000)
 ParOldGen       total 1398272K, used 44325K [0x0000000080000000, 0x00000000d5580000, 0x00000000d5580000)
  object space 1398272K, 3% used [0x0000000080000000,0x0000000082b497d0,0x00000000d5580000)
 Metaspace       used 66640K, capacity 69596K, committed 69888K, reserved 1112064K
  class space    used 7615K, capacity 8142K, committed 8192K, reserved 1048576K
Event: 24.302 GC heap after
Heap after GC invocations=7 (full 3):
 PSYoungGen      total 611840K, used 64693K [0x00000000d5580000, 0x0000000100000000, 0x0000000100000000)
  eden space 524800K, 0% used [0x00000000d5580000,0x00000000d5580000,0x00000000f5600000)
  from space 87040K, 74% used [0x00000000fab00000,0x00000000fea2d460,0x0000000100000000)
  to   space 87040K, 0% used [0x00000000f5600000,0x00000000f5600000,0x00000000fab00000)
 ParOldGen       total 1398272K, used 44325K [0x0000000080000000, 0x00000000d5580000, 0x00000000d5580000)
  object space 1398272K, 3% used [0x0000000080000000,0x0000000082b497d0,0x00000000d5580000)
 Metaspace       used 66640K, capacity 69596K, committed 69888K, reserved 1112064K
  class space    used 7615K, capacity 8142K, committed 8192K, reserved 1048576K
}
Event: 30.094 GC heap before
{Heap before GC invocations=8 (full 3):
 PSYoungGen      total 611840K, used 585302K [0x00000000d5580000, 0x0000000100000000, 0x0000000100000000)
  eden space 524800K, 99% used [0x00000000d5580000,0x00000000f51e8540,0x00000000f5600000)
  from space 87040K, 74% used [0x00000000fab00000,0x00000000fea2d460,0x0000000100000000)
  to   space 87040K, 0% used [0x00000000f5600000,0x00000000f5600000,0x00000000fab00000)
 ParOldGen       total 1398272K, used 44325K [0x0000000080000000, 0x00000000d5580000, 0x00000000d5580000)
  object space 1398272K, 3% used [0x0000000080000000,0x0000000082b497d0,0x00000000d5580000)
 Metaspace       used 67399K, capacity 70494K, committed 70784K, reserved 1112064K
  class space    used 7638K, capacity 8199K, committed 8320K, reserved 1048576K
Event: 30.186 GC heap after
Heap after GC invocations=8 (full 3):
 PSYoungGen      total 603648K, used 78436K [0x00000000d5580000, 0x0000000100000000, 0x0000000100000000)
  eden space 524800K, 0% used [0x00000000d5580000,0x00000000d5580000,0x00000000f5600000)
  from space 78848K, 99% used [0x00000000f5600000,0x00000000fa299168,0x00000000fa300000)
  to   space 91648K, 0% used [0x00000000fa680000,0x00000000fa680000,0x0000000100000000)
 ParOldGen       total 1398272K, used 44333K [0x0000000080000000, 0x00000000d5580000, 0x00000000d5580000)
  object space 1398272K, 3% used [0x0000000080000000,0x0000000082b4b7d0,0x00000000d5580000)
 Metaspace       used 67399K, capacity 70494K, committed 70784K, reserved 1112064K
  class space    used 7638K, capacity 8199K, committed 8320K, reserved 1048576K
}
Event: 34.770 GC heap before
{Heap before GC invocations=9 (full 3):
 PSYoungGen      total 603648K, used 591633K [0x00000000d5580000, 0x0000000100000000, 0x0000000100000000)
  eden space 524800K, 97% used [0x00000000d5580000,0x00000000f4aab688,0x00000000f5600000)
  from space 78848K, 99% used [0x00000000f5600000,0x00000000fa299168,0x00000000fa300000)
  to   space 91648K, 0% used [0x00000000fa680000,0x00000000fa680000,0x0000000100000000)
 ParOldGen       total 1398272K, used 44333K [0x0000000080000000, 0x00000000d5580000, 0x00000000d5580000)
  object space 1398272K, 3% used [0x0000000080000000,0x0000000082b4b7d0,0x00000000d5580000)
 Metaspace       used 68318K, capacity 71678K, committed 71808K, reserved 1112064K
  class space    used 7700K, capacity 8313K, committed 8320K, reserved 1048576K
Event: 34.848 GC heap after
Heap after GC invocations=9 (full 3):
 PSYoungGen      total 522240K, used 91620K [0x00000000d5580000, 0x0000000100000000, 0x0000000100000000)
  eden space 430592K, 0% used [0x00000000d5580000,0x00000000d5580000,0x00000000efa00000)
  from space 91648K, 99% used [0x00000000fa680000,0x00000000ffff9008,0x0000000100000000)
  to   space 134144K, 0% used [0x00000000efa00000,0x00000000efa00000,0x00000000f7d00000)
 ParOldGen       total 1398272K, used 84725K [0x0000000080000000, 0x00000000d5580000, 0x00000000d5580000)
  object space 1398272K, 6% used [0x0000000080000000,0x00000000852bd7e0,0x00000000d5580000)
 Metaspace       used 68318K, capacity 71678K, committed 71808K, reserved 1112064K
  class space    used 7700K, capacity 8313K, committed 8320K, reserved 1048576K
}
Event: 35.569 GC heap before
{Heap before GC invocations=10 (full 3):
 PSYoungGen      total 522240K, used 522212K [0x00000000d5580000, 0x0000000100000000, 0x0000000100000000)
  eden space 430592K, 100% used [0x00000000d5580000,0x00000000efa00000,0x00000000efa00000)
  from space 91648K, 99% used [0x00000000fa680000,0x00000000ffff9008,0x0000000100000000)
  to   space 134144K, 0% used [0x00000000efa00000,0x00000000efa00000,0x00000000f7d00000)
 ParOldGen       total 1398272K, used 84725K [0x0000000080000000, 0x00000000d5580000, 0x00000000d5580000)
  object space 1398272K, 6% used [0x0000000080000000,0x00000000852bd7e0,0x00000000d5580000)
 Metaspace       used 68498K, capacity 71942K, committed 72192K, reserved 1114112K
  class space    used 7715K, capacity 8335K, committed 8448K, reserved 1048576K
Event: 35.597 GC heap after
Heap after GC invocations=10 (full 3):
 PSYoungGen      total 518144K, used 87219K [0x00000000d5580000, 0x0000000100000000, 0x0000000100000000)
  eden space 430592K, 0% used [0x00000000d5580000,0x00000000d5580000,0x00000000efa00000)
  from space 87552K, 99% used [0x00000000efa00000,0x00000000f4f2cf60,0x00000000f4f80000)
  to   space 138752K, 0% used [0x00000000f7880000,0x00000000f7880000,0x0000000100000000)
 ParOldGen       total 1398272K, used 84725K [0x0000000080000000, 0x00000000d5580000, 0x00000000d5580000)
  object space 1398272K, 6% used [0x0000000080000000,0x00000000852bd7e0,0x00000000d5580000)
 Metaspace       used 68498K, capacity 71942K, committed 72192K, reserved 1114112K
  class space    used 7715K, capacity 8335K, committed 8448K, reserved 1048576K
}

