# JRE version: OpenJDK Runtime Environment (8.0_212-b04) (build 1.8.0_212-b04)
# Java VM: OpenJDK 64-Bit Server VM (25.212-b04 mixed mode linux-amd64 compressed oops)
Heap:
 PSYoungGen      total 611840K, used 292455K [0x00000000d5580000, 0x0000000100000000, 0x0000000100000000)
  eden space 524800K, 55% used [0x00000000d5580000,0x00000000e7319f38,0x00000000f5600000)
  from space 87040K, 0% used [0x00000000fab00000,0x00000000fab00000,0x0000000100000000)
  to   space 87040K, 0% used [0x00000000f5600000,0x00000000f5600000,0x00000000fab00000)
 ParOldGen       total 1398272K, used 28462K [0x0000000080000000, 0x00000000d5580000, 0x00000000d5580000)
  object space 1398272K, 2% used [0x0000000080000000,0x0000000081bcb960,0x00000000d5580000)
 Metaspace       used 65365K, capacity 68180K, committed 68224K, reserved 1110016K
  class space    used 7555K, capacity 8064K, committed 8064K, reserved 1048576K
GC Heap History (10 events):
Event: 4.694 GC heap before
{Heap before GC invocations=3 (full 1):
 PSYoungGen      total 611840K, used 459213K [0x00000000d5580000, 0x0000000100000000, 0x0000000100000000)
  eden space 524800K, 87% used [0x00000000d5580000,0x00000000f15f3778,0x00000000f5600000)
  from space 87040K, 0% used [0x00000000f5600000,0x00000000f5600000,0x00000000fab00000)
  to   space 87040K, 0% used [0x00000000fab00000,0x00000000fab00000,0x0000000100000000)
 ParOldGen       total 858112K, used 14292K [0x0000000080000000, 0x00000000b4600000, 0x00000000d5580000)
  object space 858112K, 1% used [0x0000000080000000,0x0000000080df53f0,0x00000000b4600000)
 Metaspace       used 34706K, capacity 35092K, committed 35416K, reserved 1081344K
  class space    used 3956K, capacity 4060K, committed 4096K, reserved 1048576K
Event: 4.736 GC heap after
Heap after GC invocations=3 (full 1):
 PSYoungGen      total 611840K, used 19224K [0x00000000d5580000, 0x0000000100000000, 0x0000000100000000)
  eden space 524800K, 0% used [0x00000000d5580000,0x00000000d5580000,0x00000000f5600000)
  from space 87040K, 22% used [0x00000000fab00000,0x00000000fbdc6180,0x0000000100000000)
  to   space 87040K, 0% used [0x00000000f5600000,0x00000000f5600000,0x00000000fab00000)
 ParOldGen       total 858112K, used 14300K [0x0000000080000000, 0x00000000b4600000, 0x00000000d5580000)
  object space 858112K, 1% used [0x0000000080000000,0x0000000080df73f0,0x00000000b4600000)
 Metaspace       used 34706K, capacity 35092K, committed 35416K, reserved 1081344K
  class space    used 3956K, capacity 4060K, committed 4096K, reserved 1048576K
}
Event: 4.736 GC heap before
{Heap before GC invocations=4 (full 2):
 PSYoungGen      total 611840K, used 19224K [0x00000000d5580000, 0x0000000100000000, 0x0000000100000000)
  eden space 524800K, 0% used [0x00000000d5580000,0x00000000d5580000,0x00000000f5600000)
  from space 87040K, 22% used [0x00000000fab00000,0x00000000fbdc6180,0x0000000100000000)
  to   space 87040K, 0% used [0x00000000f5600000,0x00000000f5600000,0x00000000fab00000)
 ParOldGen       total 858112K, used 14300K [0x0000000080000000, 0x00000000b4600000, 0x00000000d5580000)
  object space 858112K, 1% used [0x0000000080000000,0x0000000080df73f0,0x00000000b4600000)
 Metaspace       used 34706K, capacity 35092K, committed 35416K, reserved 1081344K
  class space    used 3956K, capacity 4060K, committed 4096K, reserved 1048576K
Event: 4.844 GC heap after
Heap after GC invocations=4 (full 2):
 PSYoungGen      total 611840K, used 0K [0x00000000d5580000, 0x0000000100000000, 0x0000000100000000)
  eden space 524800K, 0% used [0x00000000d5580000,0x00000000d5580000,0x00000000f5600000)
  from space 87040K, 0% used [0x00000000fab00000,0x00000000fab00000,0x0000000100000000)
  to   space 87040K, 0% used [0x00000000f5600000,0x00000000f5600000,0x00000000fab00000)
 ParOldGen       total 1398272K, used 23732K [0x0000000080000000, 0x00000000d5580000, 0x00000000d5580000)
  object space 1398272K, 1% used [0x0000000080000000,0x000000008172d0e0,0x00000000d5580000)
 Metaspace       used 34706K, capacity 35092K, committed 35416K, reserved 1081344K
  class space    used 3956K, capacity 4060K, committed 4096K, reserved 1048576K
}
Event: 11.385 GC heap before
{Heap before GC invocations=5 (full 2):
 PSYoungGen      total 611840K, used 524800K [0x00000000d5580000, 0x0000000100000000, 0x0000000100000000)
  eden space 524800K, 100% used [0x00000000d5580000,0x00000000f5600000,0x00000000f5600000)
  from space 87040K, 0% used [0x00000000fab00000,0x00000000fab00000,0x0000000100000000)
  to   space 87040K, 0% used [0x00000000f5600000,0x00000000f5600000,0x00000000fab00000)
 ParOldGen       total 1398272K, used 23732K [0x0000000080000000, 0x00000000d5580000, 0x00000000d5580000)
  object space 1398272K, 1% used [0x0000000080000000,0x000000008172d0e0,0x00000000d5580000)
 Metaspace       used 52559K, capacity 53980K, committed 54144K, reserved 1097728K
  class space    used 6176K, capacity 6446K, committed 6528K, reserved 1048576K
Event: 11.452 GC heap after
Heap after GC invocations=5 (full 2):
 PSYoungGen      total 611840K, used 26088K [0x00000000d5580000, 0x0000000100000000, 0x0000000100000000)
  eden space 524800K, 0% used [0x00000000d5580000,0x00000000d5580000,0x00000000f5600000)
  from space 87040K, 29% used [0x00000000f5600000,0x00000000f6f7a128,0x00000000fab00000)
  to   space 87040K, 0% used [0x00000000fab00000,0x00000000fab00000,0x0000000100000000)
 ParOldGen       total 1398272K, used 23740K [0x0000000080000000, 0x00000000d5580000, 0x00000000d5580000)
  object space 1398272K, 1% used [0x0000000080000000,0x000000008172f0e0,0x00000000d5580000)
 Metaspace       used 52559K, capacity 53980K, committed 54144K, reserved 1097728K
  class space    used 6176K, capacity 6446K, committed 6528K, reserved 1048576K
}
Event: 12.139 GC heap before
{Heap before GC invocations=6 (full 2):
 PSYoungGen      total 611840K, used 183917K [0x00000000d5580000, 0x0000000100000000, 0x0000000100000000)
  eden space 524800K, 30% used [0x00000000d5580000,0x00000000defa14e0,0x00000000f5600000)
  from space 87040K, 29% used [0x00000000f5600000,0x00000000f6f7a128,0x00000000fab00000)
  to   space 87040K, 0% used [0x00000000fab00000,0x00000000fab00000,0x0000000100000000)
 ParOldGen       total 1398272K, used 23740K [0x0000000080000000, 0x00000000d5580000, 0x00000000d5580000)
  object space 1398272K, 1% used [0x0000000080000000,0x000000008172f0e0,0x00000000d5580000)
 Metaspace       used 57335K, capacity 58802K, committed 59008K, reserved 1101824K
  class space    used 6641K, capacity 6937K, committed 7040K, reserved 1048576K
Event: 12.172 GC heap after
Heap after GC invocations=6 (full 2):
 PSYoungGen      total 611840K, used 16524K [0x00000000d5580000, 0x0000000100000000, 0x0000000100000000)
  eden space 524800K, 0% used [0x00000000d5580000,0x00000000d5580000,0x00000000f5600000)
  from space 87040K, 18% used [0x00000000fab00000,0x00000000fbb230b0,0x0000000100000000)
  to   space 87040K, 0% used [0x00000000f5600000,0x00000000f5600000,0x00000000fab00000)
 ParOldGen       total 1398272K, used 23748K [0x0000000080000000, 0x00000000d5580000, 0x00000000d5580000)
  object space 1398272K, 1% used [0x0000000080000000,0x00000000817310e0,0x00000000d5580000)
 Metaspace       used 57335K, capacity 58802K, committed 59008K, reserved 1101824K
  class space    used 6641K, capacity 6937K, committed 7040K, reserved 1048576K
}
Event: 12.172 GC heap before
{Heap before GC invocations=7 (full 3):
 PSYoungGen      total 611840K, used 16524K [0x00000000d5580000, 0x0000000100000000, 0x0000000100000000)
  eden space 524800K, 0% used [0x00000000d5580000,0x00000000d5580000,0x00000000f5600000)
  from space 87040K, 18% used [0x00000000fab00000,0x00000000fbb230b0,0x0000000100000000)
  to   space 87040K, 0% used [0x00000000f5600000,0x00000000f5600000,0x00000000fab00000)
 ParOldGen       total 1398272K, used 23748K [0x0000000080000000, 0x00000000d5580000, 0x00000000d5580000)
  object space 1398272K, 1% used [0x0000000080000000,0x00000000817310e0,0x00000000d5580000)
 Metaspace       used 57335K, capacity 58802K, committed 59008K, reserved 1101824K
  class space    used 6641K, capacity 6937K, committed 7040K, reserved 1048576K
Event: 12.462 GC heap after
Heap after GC invocations=7 (full 3):
 PSYoungGen      total 611840K, used 0K [0x00000000d5580000, 0x0000000100000000, 0x0000000100000000)
  eden space 524800K, 0% used [0x00000000d5580000,0x00000000d5580000,0x00000000f5600000)
  from space 87040K, 0% used [0x00000000fab00000,0x00000000fab00000,0x0000000100000000)
  to   space 87040K, 0% used [0x00000000f5600000,0x00000000f5600000,0x00000000fab00000)
 ParOldGen       total 1398272K, used 28462K [0x0000000080000000, 0x00000000d5580000, 0x00000000d5580000)
  object space 1398272K, 2% used [0x0000000080000000,0x0000000081bcb960,0x00000000d5580000)
 Metaspace       used 57297K, capacity 58706K, committed 59008K, reserved 1101824K
  class space    used 6627K, capacity 6913K, committed 7040K, reserved 1048576K
}

