# JRE version: OpenJDK Runtime Environment (8.0_212-b04) (build 1.8.0_212-b04)
# Java VM: OpenJDK 64-Bit Server VM (25.212-b04 mixed mode linux-amd64 compressed oops)
Heap:
 PSYoungGen      total 611840K, used 206289K [0x00000000d5580000, 0x0000000100000000, 0x0000000100000000)
  eden space 524800K, 39% used [0x00000000d5580000,0x00000000e1ef46c8,0x00000000f5600000)
  from space 87040K, 0% used [0x00000000f5600000,0x00000000f5600000,0x00000000fab00000)
  to   space 87040K, 0% used [0x00000000fab00000,0x00000000fab00000,0x0000000100000000)
 ParOldGen       total 1398272K, used 41990K [0x0000000080000000, 0x00000000d5580000, 0x00000000d5580000)
  object space 1398272K, 3% used [0x0000000080000000,0x0000000082901b70,0x00000000d5580000)
 Metaspace       used 64522K, capacity 68558K, committed 68864K, reserved 1110016K
  class space    used 7623K, capacity 8367K, committed 8448K, reserved 1048576K
GC Heap History (10 events):
Event: 2.062 GC heap before
{Heap before GC invocations=2 (full 1):
 PSYoungGen      total 611840K, used 14286K [0x00000000d5580000, 0x0000000100000000, 0x0000000100000000)
  eden space 524800K, 0% used [0x00000000d5580000,0x00000000d5580000,0x00000000f5600000)
  from space 87040K, 16% used [0x00000000f5600000,0x00000000f63f3a10,0x00000000fab00000)
  to   space 87040K, 0% used [0x00000000fab00000,0x00000000fab00000,0x0000000100000000)
 ParOldGen       total 1398272K, used 80K [0x0000000080000000, 0x00000000d5580000, 0x00000000d5580000)
  object space 1398272K, 0% used [0x0000000080000000,0x0000000080014010,0x00000000d5580000)
 Metaspace       used 20814K, capacity 21106K, committed 21248K, reserved 1069056K
  class space    used 2365K, capacity 2482K, committed 2560K, reserved 1048576K
Event: 2.141 GC heap after
Heap after GC invocations=2 (full 1):
 PSYoungGen      total 611840K, used 0K [0x00000000d5580000, 0x0000000100000000, 0x0000000100000000)
  eden space 524800K, 0% used [0x00000000d5580000,0x00000000d5580000,0x00000000f5600000)
  from space 87040K, 0% used [0x00000000f5600000,0x00000000f5600000,0x00000000fab00000)
  to   space 87040K, 0% used [0x00000000fab00000,0x00000000fab00000,0x0000000100000000)
 ParOldGen       total 878592K, used 13791K [0x0000000080000000, 0x00000000b5a00000, 0x00000000d5580000)
  object space 878592K, 1% used [0x0000000080000000,0x0000000080d77cf8,0x00000000b5a00000)
 Metaspace       used 20814K, capacity 21106K, committed 21248K, reserved 1069056K
  class space    used 2365K, capacity 2482K, committed 2560K, reserved 1048576K
}
Event: 4.264 GC heap before
{Heap before GC invocations=3 (full 1):
 PSYoungGen      total 611840K, used 424084K [0x00000000d5580000, 0x0000000100000000, 0x0000000100000000)
  eden space 524800K, 80% used [0x00000000d5580000,0x00000000ef3a5250,0x00000000f5600000)
  from space 87040K, 0% used [0x00000000f5600000,0x00000000f5600000,0x00000000fab00000)
  to   space 87040K, 0% used [0x00000000fab00000,0x00000000fab00000,0x0000000100000000)
 ParOldGen       total 878592K, used 13791K [0x0000000080000000, 0x00000000b5a00000, 0x00000000d5580000)
  object space 878592K, 1% used [0x0000000080000000,0x0000000080d77cf8,0x00000000b5a00000)
 Metaspace       used 34804K, capacity 35156K, committed 35416K, reserved 1081344K
  class space    used 3963K, capacity 4060K, committed 4096K, reserved 1048576K
Event: 4.308 GC heap after
Heap after GC invocations=3 (full 1):
 PSYoungGen      total 611840K, used 19163K [0x00000000d5580000, 0x0000000100000000, 0x0000000100000000)
  eden space 524800K, 0% used [0x00000000d5580000,0x00000000d5580000,0x00000000f5600000)
  from space 87040K, 22% used [0x00000000fab00000,0x00000000fbdb6f90,0x0000000100000000)
  to   space 87040K, 0% used [0x00000000f5600000,0x00000000f5600000,0x00000000fab00000)
 ParOldGen       total 878592K, used 13799K [0x0000000080000000, 0x00000000b5a00000, 0x00000000d5580000)
  object space 878592K, 1% used [0x0000000080000000,0x0000000080d79cf8,0x00000000b5a00000)
 Metaspace       used 34804K, capacity 35156K, committed 35416K, reserved 1081344K
  class space    used 3963K, capacity 4060K, committed 4096K, reserved 1048576K
}
Event: 4.308 GC heap before
{Heap before GC invocations=4 (full 2):
 PSYoungGen      total 611840K, used 19163K [0x00000000d5580000, 0x0000000100000000, 0x0000000100000000)
  eden space 524800K, 0% used [0x00000000d5580000,0x00000000d5580000,0x00000000f5600000)
  from space 87040K, 22% used [0x00000000fab00000,0x00000000fbdb6f90,0x0000000100000000)
  to   space 87040K, 0% used [0x00000000f5600000,0x00000000f5600000,0x00000000fab00000)
 ParOldGen       total 878592K, used 13799K [0x0000000080000000, 0x00000000b5a00000, 0x00000000d5580000)
  object space 878592K, 1% used [0x0000000080000000,0x0000000080d79cf8,0x00000000b5a00000)
 Metaspace       used 34804K, capacity 35156K, committed 35416K, reserved 1081344K
  class space    used 3963K, capacity 4060K, committed 4096K, reserved 1048576K
Event: 4.423 GC heap after
Heap after GC invocations=4 (full 2):
 PSYoungGen      total 611840K, used 0K [0x00000000d5580000, 0x0000000100000000, 0x0000000100000000)
  eden space 524800K, 0% used [0x00000000d5580000,0x00000000d5580000,0x00000000f5600000)
  from space 87040K, 0% used [0x00000000fab00000,0x00000000fab00000,0x0000000100000000)
  to   space 87040K, 0% used [0x00000000f5600000,0x00000000f5600000,0x00000000fab00000)
 ParOldGen       total 1398272K, used 23578K [0x0000000080000000, 0x00000000d5580000, 0x00000000d5580000)
  object space 1398272K, 1% used [0x0000000080000000,0x00000000817068a8,0x00000000d5580000)
 Metaspace       used 34804K, capacity 35156K, committed 35416K, reserved 1081344K
  class space    used 3963K, capacity 4060K, committed 4096K, reserved 1048576K
}
Event: 11.366 GC heap before
{Heap before GC invocations=5 (full 2):
 PSYoungGen      total 611840K, used 416985K [0x00000000d5580000, 0x0000000100000000, 0x0000000100000000)
  eden space 524800K, 79% used [0x00000000d5580000,0x00000000eecb6668,0x00000000f5600000)
  from space 87040K, 0% used [0x00000000fab00000,0x00000000fab00000,0x0000000100000000)
  to   space 87040K, 0% used [0x00000000f5600000,0x00000000f5600000,0x00000000fab00000)
 ParOldGen       total 1398272K, used 23578K [0x0000000080000000, 0x00000000d5580000, 0x00000000d5580000)
  object space 1398272K, 1% used [0x0000000080000000,0x00000000817068a8,0x00000000d5580000)
 Metaspace       used 57365K, capacity 58856K, committed 59008K, reserved 1101824K
  class space    used 6638K, capacity 6920K, committed 7040K, reserved 1048576K
Event: 11.445 GC heap after
Heap after GC invocations=5 (full 2):
 PSYoungGen      total 611840K, used 31376K [0x00000000d5580000, 0x0000000100000000, 0x0000000100000000)
  eden space 524800K, 0% used [0x00000000d5580000,0x00000000d5580000,0x00000000f5600000)
  from space 87040K, 36% used [0x00000000f5600000,0x00000000f74a4198,0x00000000fab00000)
  to   space 87040K, 0% used [0x00000000fab00000,0x00000000fab00000,0x0000000100000000)
 ParOldGen       total 1398272K, used 23586K [0x0000000080000000, 0x00000000d5580000, 0x00000000d5580000)
  object space 1398272K, 1% used [0x0000000080000000,0x00000000817088a8,0x00000000d5580000)
 Metaspace       used 57365K, capacity 58856K, committed 59008K, reserved 1101824K
  class space    used 6638K, capacity 6920K, committed 7040K, reserved 1048576K
}
Event: 11.445 GC heap before
{Heap before GC invocations=6 (full 3):
 PSYoungGen      total 611840K, used 31376K [0x00000000d5580000, 0x0000000100000000, 0x0000000100000000)
  eden space 524800K, 0% used [0x00000000d5580000,0x00000000d5580000,0x00000000f5600000)
  from space 87040K, 36% used [0x00000000f5600000,0x00000000f74a4198,0x00000000fab00000)
  to   space 87040K, 0% used [0x00000000fab00000,0x00000000fab00000,0x0000000100000000)
 ParOldGen       total 1398272K, used 23586K [0x0000000080000000, 0x00000000d5580000, 0x00000000d5580000)
  object space 1398272K, 1% used [0x0000000080000000,0x00000000817088a8,0x00000000d5580000)
 Metaspace       used 57365K, capacity 58856K, committed 59008K, reserved 1101824K
  class space    used 6638K, capacity 6920K, committed 7040K, reserved 1048576K
Event: 11.739 GC heap after
Heap after GC invocations=6 (full 3):
 PSYoungGen      total 611840K, used 0K [0x00000000d5580000, 0x0000000100000000, 0x0000000100000000)
  eden space 524800K, 0% used [0x00000000d5580000,0x00000000d5580000,0x00000000f5600000)
  from space 87040K, 0% used [0x00000000f5600000,0x00000000f5600000,0x00000000fab00000)
  to   space 87040K, 0% used [0x00000000fab00000,0x00000000fab00000,0x0000000100000000)
 ParOldGen       total 1398272K, used 41990K [0x0000000080000000, 0x00000000d5580000, 0x00000000d5580000)
  object space 1398272K, 3% used [0x0000000080000000,0x0000000082901b70,0x00000000d5580000)
 Metaspace       used 57305K, capacity 58692K, committed 59008K, reserved 1101824K
  class space    used 6617K, capacity 6884K, committed 7040K, reserved 1048576K
}

