# JRE version: OpenJDK Runtime Environment (8.0_212-b04) (build 1.8.0_212-b04)
# Java VM: OpenJDK 64-Bit Server VM (25.212-b04 mixed mode linux-amd64 compressed oops)
Heap:
 PSYoungGen      total 611840K, used 379525K [0x00000000d5580000, 0x0000000100000000, 0x0000000100000000)
  eden space 524800K, 72% used [0x00000000d5580000,0x00000000ec8216a8,0x00000000f5600000)
  from space 87040K, 0% used [0x00000000f5600000,0x00000000f5600000,0x00000000fab00000)
  to   space 87040K, 0% used [0x00000000fab00000,0x00000000fab00000,0x0000000100000000)
 ParOldGen       total 1398272K, used 37845K [0x0000000080000000, 0x00000000d5580000, 0x00000000d5580000)
  object space 1398272K, 2% used [0x0000000080000000,0x00000000824f5668,0x00000000d5580000)
 Metaspace       used 63172K, capacity 65488K, committed 65792K, reserved 1107968K
  class space    used 7213K, capacity 7622K, committed 7680K, reserved 1048576K
GC Heap History (10 events):
Event: 3.163 GC heap before
{Heap before GC invocations=2 (full 1):
 PSYoungGen      total 611840K, used 14383K [0x00000000d5580000, 0x0000000100000000, 0x0000000100000000)
  eden space 524800K, 0% used [0x00000000d5580000,0x00000000d5580000,0x00000000f5600000)
  from space 87040K, 16% used [0x00000000f5600000,0x00000000f640bd10,0x00000000fab00000)
  to   space 87040K, 0% used [0x00000000fab00000,0x00000000fab00000,0x0000000100000000)
 ParOldGen       total 1398272K, used 80K [0x0000000080000000, 0x00000000d5580000, 0x00000000d5580000)
  object space 1398272K, 0% used [0x0000000080000000,0x0000000080014010,0x00000000d5580000)
 Metaspace       used 20811K, capacity 21074K, committed 21248K, reserved 1069056K
  class space    used 2357K, capacity 2450K, committed 2560K, reserved 1048576K
Event: 3.237 GC heap after
Heap after GC invocations=2 (full 1):
 PSYoungGen      total 611840K, used 0K [0x00000000d5580000, 0x0000000100000000, 0x0000000100000000)
  eden space 524800K, 0% used [0x00000000d5580000,0x00000000d5580000,0x00000000f5600000)
  from space 87040K, 0% used [0x00000000f5600000,0x00000000f5600000,0x00000000fab00000)
  to   space 87040K, 0% used [0x00000000fab00000,0x00000000fab00000,0x0000000100000000)
 ParOldGen       total 900096K, used 13862K [0x0000000080000000, 0x00000000b6f00000, 0x00000000d5580000)
  object space 900096K, 1% used [0x0000000080000000,0x0000000080d89948,0x00000000b6f00000)
 Metaspace       used 20811K, capacity 21074K, committed 21248K, reserved 1069056K
  class space    used 2357K, capacity 2450K, committed 2560K, reserved 1048576K
}
Event: 5.990 GC heap before
{Heap before GC invocations=3 (full 1):
 PSYoungGen      total 611840K, used 455537K [0x00000000d5580000, 0x0000000100000000, 0x0000000100000000)
  eden space 524800K, 86% used [0x00000000d5580000,0x00000000f125c540,0x00000000f5600000)
  from space 87040K, 0% used [0x00000000f5600000,0x00000000f5600000,0x00000000fab00000)
  to   space 87040K, 0% used [0x00000000fab00000,0x00000000fab00000,0x0000000100000000)
 ParOldGen       total 900096K, used 13862K [0x0000000080000000, 0x00000000b6f00000, 0x00000000d5580000)
  object space 900096K, 1% used [0x0000000080000000,0x0000000080d89948,0x00000000b6f00000)
 Metaspace       used 34821K, capacity 35188K, committed 35416K, reserved 1081344K
  class space    used 3972K, capacity 4092K, committed 4096K, reserved 1048576K
Event: 6.016 GC heap after
Heap after GC invocations=3 (full 1):
 PSYoungGen      total 611840K, used 19272K [0x00000000d5580000, 0x0000000100000000, 0x0000000100000000)
  eden space 524800K, 0% used [0x00000000d5580000,0x00000000d5580000,0x00000000f5600000)
  from space 87040K, 22% used [0x00000000fab00000,0x00000000fbdd2158,0x0000000100000000)
  to   space 87040K, 0% used [0x00000000f5600000,0x00000000f5600000,0x00000000fab00000)
 ParOldGen       total 900096K, used 13870K [0x0000000080000000, 0x00000000b6f00000, 0x00000000d5580000)
  object space 900096K, 1% used [0x0000000080000000,0x0000000080d8b948,0x00000000b6f00000)
 Metaspace       used 34821K, capacity 35188K, committed 35416K, reserved 1081344K
  class space    used 3972K, capacity 4092K, committed 4096K, reserved 1048576K
}
Event: 6.017 GC heap before
{Heap before GC invocations=4 (full 2):
 PSYoungGen      total 611840K, used 19272K [0x00000000d5580000, 0x0000000100000000, 0x0000000100000000)
  eden space 524800K, 0% used [0x00000000d5580000,0x00000000d5580000,0x00000000f5600000)
  from space 87040K, 22% used [0x00000000fab00000,0x00000000fbdd2158,0x0000000100000000)
  to   space 87040K, 0% used [0x00000000f5600000,0x00000000f5600000,0x00000000fab00000)
 ParOldGen       total 900096K, used 13870K [0x0000000080000000, 0x00000000b6f00000, 0x00000000d5580000)
  object space 900096K, 1% used [0x0000000080000000,0x0000000080d8b948,0x00000000b6f00000)
 Metaspace       used 34821K, capacity 35188K, committed 35416K, reserved 1081344K
  class space    used 3972K, capacity 4092K, committed 4096K, reserved 1048576K
Event: 6.101 GC heap after
Heap after GC invocations=4 (full 2):
 PSYoungGen      total 611840K, used 0K [0x00000000d5580000, 0x0000000100000000, 0x0000000100000000)
  eden space 524800K, 0% used [0x00000000d5580000,0x00000000d5580000,0x00000000f5600000)
  from space 87040K, 0% used [0x00000000fab00000,0x00000000fab00000,0x0000000100000000)
  to   space 87040K, 0% used [0x00000000f5600000,0x00000000f5600000,0x00000000fab00000)
 ParOldGen       total 1398272K, used 23753K [0x0000000080000000, 0x00000000d5580000, 0x00000000d5580000)
  object space 1398272K, 1% used [0x0000000080000000,0x00000000817327c8,0x00000000d5580000)
 Metaspace       used 34821K, capacity 35188K, committed 35416K, reserved 1081344K
  class space    used 3972K, capacity 4092K, committed 4096K, reserved 1048576K
}
Event: 12.543 GC heap before
{Heap before GC invocations=5 (full 2):
 PSYoungGen      total 611840K, used 322496K [0x00000000d5580000, 0x0000000100000000, 0x0000000100000000)
  eden space 524800K, 61% used [0x00000000d5580000,0x00000000e9070318,0x00000000f5600000)
  from space 87040K, 0% used [0x00000000fab00000,0x00000000fab00000,0x0000000100000000)
  to   space 87040K, 0% used [0x00000000f5600000,0x00000000f5600000,0x00000000fab00000)
 ParOldGen       total 1398272K, used 23753K [0x0000000080000000, 0x00000000d5580000, 0x00000000d5580000)
  object space 1398272K, 1% used [0x0000000080000000,0x00000000817327c8,0x00000000d5580000)
 Metaspace       used 57441K, capacity 58888K, committed 59008K, reserved 1101824K
  class space    used 6687K, capacity 6978K, committed 7040K, reserved 1048576K
Event: 12.591 GC heap after
Heap after GC invocations=5 (full 2):
 PSYoungGen      total 611840K, used 27002K [0x00000000d5580000, 0x0000000100000000, 0x0000000100000000)
  eden space 524800K, 0% used [0x00000000d5580000,0x00000000d5580000,0x00000000f5600000)
  from space 87040K, 31% used [0x00000000f5600000,0x00000000f705e990,0x00000000fab00000)
  to   space 87040K, 0% used [0x00000000fab00000,0x00000000fab00000,0x0000000100000000)
 ParOldGen       total 1398272K, used 23761K [0x0000000080000000, 0x00000000d5580000, 0x00000000d5580000)
  object space 1398272K, 1% used [0x0000000080000000,0x00000000817347c8,0x00000000d5580000)
 Metaspace       used 57441K, capacity 58888K, committed 59008K, reserved 1101824K
  class space    used 6687K, capacity 6978K, committed 7040K, reserved 1048576K
}
Event: 12.591 GC heap before
{Heap before GC invocations=6 (full 3):
 PSYoungGen      total 611840K, used 27002K [0x00000000d5580000, 0x0000000100000000, 0x0000000100000000)
  eden space 524800K, 0% used [0x00000000d5580000,0x00000000d5580000,0x00000000f5600000)
  from space 87040K, 31% used [0x00000000f5600000,0x00000000f705e990,0x00000000fab00000)
  to   space 87040K, 0% used [0x00000000fab00000,0x00000000fab00000,0x0000000100000000)
 ParOldGen       total 1398272K, used 23761K [0x0000000080000000, 0x00000000d5580000, 0x00000000d5580000)
  object space 1398272K, 1% used [0x0000000080000000,0x00000000817347c8,0x00000000d5580000)
 Metaspace       used 57441K, capacity 58888K, committed 59008K, reserved 1101824K
  class space    used 6687K, capacity 6978K, committed 7040K, reserved 1048576K
Event: 12.828 GC heap after
Heap after GC invocations=6 (full 3):
 PSYoungGen      total 611840K, used 0K [0x00000000d5580000, 0x0000000100000000, 0x0000000100000000)
  eden space 524800K, 0% used [0x00000000d5580000,0x00000000d5580000,0x00000000f5600000)
  from space 87040K, 0% used [0x00000000f5600000,0x00000000f5600000,0x00000000fab00000)
  to   space 87040K, 0% used [0x00000000fab00000,0x00000000fab00000,0x0000000100000000)
 ParOldGen       total 1398272K, used 37845K [0x0000000080000000, 0x00000000d5580000, 0x00000000d5580000)
  object space 1398272K, 2% used [0x0000000080000000,0x00000000824f5668,0x00000000d5580000)
 Metaspace       used 57435K, capacity 58874K, committed 59008K, reserved 1101824K
  class space    used 6684K, capacity 6973K, committed 7040K, reserved 1048576K
}

