# JRE version: OpenJDK Runtime Environment (8.0_212-b04) (build 1.8.0_212-b04)
# Java VM: OpenJDK 64-Bit Server VM (25.212-b04 mixed mode linux-amd64 compressed oops)
Heap:
 PSYoungGen      total 468480K, used 254220K [0x00000000d5580000, 0x00000000ffc00000, 0x0000000100000000)
  eden space 254464K, 43% used [0x00000000d5580000,0x00000000dc0939f0,0x00000000e4e00000)
  from space 214016K, 67% used [0x00000000e4e00000,0x00000000edb2f978,0x00000000f1f00000)
  to   space 210944K, 0% used [0x00000000f2e00000,0x00000000f2e00000,0x00000000ffc00000)
 ParOldGen       total 1398272K, used 243472K [0x0000000080000000, 0x00000000d5580000, 0x00000000d5580000)
  object space 1398272K, 17% used [0x0000000080000000,0x000000008edc4330,0x00000000d5580000)
 Metaspace       used 69950K, capacity 73268K, committed 73600K, reserved 1114112K
  class space    used 7643K, capacity 8212K, committed 8320K, reserved 1048576K
GC Heap History (10 events):
Event: 417.924 GC heap before
{Heap before GC invocations=24 (full 3):
 PSYoungGen      total 485376K, used 428327K [0x00000000d5580000, 0x0000000100000000, 0x0000000100000000)
  eden space 278016K, 100% used [0x00000000d5580000,0x00000000e6500000,0x00000000e6500000)
  from space 207360K, 72% used [0x00000000f3580000,0x00000000fc849d60,0x0000000100000000)
  to   space 210432K, 0% used [0x00000000e6500000,0x00000000e6500000,0x00000000f3280000)
 ParOldGen       total 1398272K, used 237907K [0x0000000080000000, 0x00000000d5580000, 0x00000000d5580000)
  object space 1398272K, 17% used [0x0000000080000000,0x000000008e854f00,0x00000000d5580000)
 Metaspace       used 69383K, capacity 72544K, committed 72704K, reserved 1114112K
  class space    used 7591K, capacity 8138K, committed 8192K, reserved 1048576K
Event: 418.109 GC heap after
Heap after GC invocations=24 (full 3):
 PSYoungGen      total 434688K, used 156600K [0x00000000d5580000, 0x0000000100000000, 0x0000000100000000)
  eden space 278016K, 0% used [0x00000000d5580000,0x00000000d5580000,0x00000000e6500000)
  from space 156672K, 99% used [0x00000000e6500000,0x00000000efdee040,0x00000000efe00000)
  to   space 215040K, 0% used [0x00000000f2e00000,0x00000000f2e00000,0x0000000100000000)
 ParOldGen       total 1398272K, used 237907K [0x0000000080000000, 0x00000000d5580000, 0x00000000d5580000)
  object space 1398272K, 17% used [0x0000000080000000,0x000000008e854f00,0x00000000d5580000)
 Metaspace       used 69383K, capacity 72544K, committed 72704K, reserved 1114112K
  class space    used 7591K, capacity 8138K, committed 8192K, reserved 1048576K
}
Event: 441.279 GC heap before
{Heap before GC invocations=25 (full 3):
 PSYoungGen      total 434688K, used 434616K [0x00000000d5580000, 0x0000000100000000, 0x0000000100000000)
  eden space 278016K, 100% used [0x00000000d5580000,0x00000000e6500000,0x00000000e6500000)
  from space 156672K, 99% used [0x00000000e6500000,0x00000000efdee040,0x00000000efe00000)
  to   space 215040K, 0% used [0x00000000f2e00000,0x00000000f2e00000,0x0000000100000000)
 ParOldGen       total 1398272K, used 237907K [0x0000000080000000, 0x00000000d5580000, 0x00000000d5580000)
  object space 1398272K, 17% used [0x0000000080000000,0x000000008e854f00,0x00000000d5580000)
 Metaspace       used 69432K, capacity 72676K, committed 72960K, reserved 1114112K
  class space    used 7591K, capacity 8138K, committed 8192K, reserved 1048576K
Event: 441.511 GC heap after
Heap after GC invocations=25 (full 3):
 PSYoungGen      total 464384K, used 174632K [0x00000000d5580000, 0x0000000100000000, 0x0000000100000000)
  eden space 249344K, 0% used [0x00000000d5580000,0x00000000d5580000,0x00000000e4900000)
  from space 215040K, 81% used [0x00000000f2e00000,0x00000000fd88a350,0x0000000100000000)
  to   space 224768K, 0% used [0x00000000e4900000,0x00000000e4900000,0x00000000f2480000)
 ParOldGen       total 1398272K, used 237907K [0x0000000080000000, 0x00000000d5580000, 0x00000000d5580000)
  object space 1398272K, 17% used [0x0000000080000000,0x000000008e854f00,0x00000000d5580000)
 Metaspace       used 69432K, capacity 72676K, committed 72960K, reserved 1114112K
  class space    used 7591K, capacity 8138K, committed 8192K, reserved 1048576K
}
Event: 456.603 GC heap before
{Heap before GC invocations=26 (full 3):
 PSYoungGen      total 464384K, used 423976K [0x00000000d5580000, 0x0000000100000000, 0x0000000100000000)
  eden space 249344K, 100% used [0x00000000d5580000,0x00000000e4900000,0x00000000e4900000)
  from space 215040K, 81% used [0x00000000f2e00000,0x00000000fd88a350,0x0000000100000000)
  to   space 224768K, 0% used [0x00000000e4900000,0x00000000e4900000,0x00000000f2480000)
 ParOldGen       total 1398272K, used 237907K [0x0000000080000000, 0x00000000d5580000, 0x00000000d5580000)
  object space 1398272K, 17% used [0x0000000080000000,0x000000008e854f00,0x00000000d5580000)
 Metaspace       used 69569K, capacity 72886K, committed 72960K, reserved 1114112K
  class space    used 7612K, capacity 8175K, committed 8192K, reserved 1048576K
Event: 456.833 GC heap after
Heap after GC invocations=26 (full 3):
 PSYoungGen      total 474112K, used 140376K [0x00000000d5580000, 0x00000000fff80000, 0x0000000100000000)
  eden space 249344K, 0% used [0x00000000d5580000,0x00000000d5580000,0x00000000e4900000)
  from space 224768K, 62% used [0x00000000e4900000,0x00000000ed2162e0,0x00000000f2480000)
  to   space 219648K, 0% used [0x00000000f2900000,0x00000000f2900000,0x00000000fff80000)
 ParOldGen       total 1398272K, used 237907K [0x0000000080000000, 0x00000000d5580000, 0x00000000d5580000)
  object space 1398272K, 17% used [0x0000000080000000,0x000000008e854f00,0x00000000d5580000)
 Metaspace       used 69569K, capacity 72886K, committed 72960K, reserved 1114112K
  class space    used 7612K, capacity 8175K, committed 8192K, reserved 1048576K
}
Event: 478.144 GC heap before
{Heap before GC invocations=27 (full 3):
 PSYoungGen      total 474112K, used 389720K [0x00000000d5580000, 0x00000000fff80000, 0x0000000100000000)
  eden space 249344K, 100% used [0x00000000d5580000,0x00000000e4900000,0x00000000e4900000)
  from space 224768K, 62% used [0x00000000e4900000,0x00000000ed2162e0,0x00000000f2480000)
  to   space 219648K, 0% used [0x00000000f2900000,0x00000000f2900000,0x00000000fff80000)
 ParOldGen       total 1398272K, used 237907K [0x0000000080000000, 0x00000000d5580000, 0x00000000d5580000)
  object space 1398272K, 17% used [0x0000000080000000,0x000000008e854f00,0x00000000d5580000)
 Metaspace       used 69639K, capacity 72954K, committed 73216K, reserved 1114112K
  class space    used 7612K, capacity 8175K, committed 8192K, reserved 1048576K
Event: 478.317 GC heap after
Heap after GC invocations=27 (full 3):
 PSYoungGen      total 458240K, used 139193K [0x00000000d5580000, 0x00000000ff000000, 0x0000000100000000)
  eden space 254464K, 0% used [0x00000000d5580000,0x00000000d5580000,0x00000000e4e00000)
  from space 203776K, 68% used [0x00000000f2900000,0x00000000fb0ee4d0,0x00000000ff000000)
  to   space 214016K, 0% used [0x00000000e4e00000,0x00000000e4e00000,0x00000000f1f00000)
 ParOldGen       total 1398272K, used 241520K [0x0000000080000000, 0x00000000d5580000, 0x00000000d5580000)
  object space 1398272K, 17% used [0x0000000080000000,0x000000008ebdc150,0x00000000d5580000)
 Metaspace       used 69639K, capacity 72954K, committed 73216K, reserved 1114112K
  class space    used 7612K, capacity 8175K, committed 8192K, reserved 1048576K
}
Event: 498.432 GC heap before
{Heap before GC invocations=28 (full 3):
 PSYoungGen      total 458240K, used 393657K [0x00000000d5580000, 0x00000000ff000000, 0x0000000100000000)
  eden space 254464K, 100% used [0x00000000d5580000,0x00000000e4e00000,0x00000000e4e00000)
  from space 203776K, 68% used [0x00000000f2900000,0x00000000fb0ee4d0,0x00000000ff000000)
  to   space 214016K, 0% used [0x00000000e4e00000,0x00000000e4e00000,0x00000000f1f00000)
 ParOldGen       total 1398272K, used 241520K [0x0000000080000000, 0x00000000d5580000, 0x00000000d5580000)
  object space 1398272K, 17% used [0x0000000080000000,0x000000008ebdc150,0x00000000d5580000)
 Metaspace       used 69943K, capacity 73268K, committed 73600K, reserved 1114112K
  class space    used 7643K, capacity 8212K, committed 8320K, reserved 1048576K
Event: 498.625 GC heap after
Heap after GC invocations=28 (full 3):
 PSYoungGen      total 468480K, used 144574K [0x00000000d5580000, 0x00000000ffc00000, 0x0000000100000000)
  eden space 254464K, 0% used [0x00000000d5580000,0x00000000d5580000,0x00000000e4e00000)
  from space 214016K, 67% used [0x00000000e4e00000,0x00000000edb2f978,0x00000000f1f00000)
  to   space 210944K, 0% used [0x00000000f2e00000,0x00000000f2e00000,0x00000000ffc00000)
 ParOldGen       total 1398272K, used 243472K [0x0000000080000000, 0x00000000d5580000, 0x00000000d5580000)
  object space 1398272K, 17% used [0x0000000080000000,0x000000008edc4330,0x00000000d5580000)
 Metaspace       used 69943K, capacity 73268K, committed 73600K, reserved 1114112K
  class space    used 7643K, capacity 8212K, committed 8320K, reserved 1048576K
}

