# JRE version: OpenJDK Runtime Environment (8.0_212-b04) (build 1.8.0_212-b04)
# Java VM: OpenJDK 64-Bit Server VM (25.212-b04 mixed mode linux-amd64 compressed oops)
Heap:
 PSYoungGen      total 560640K, used 368619K [0x00000000d5580000, 0x00000000ffc80000, 0x0000000100000000)
  eden space 496640K, 61% used [0x00000000d5580000,0x00000000e7f4d260,0x00000000f3a80000)
  from space 64000K, 99% used [0x00000000f4100000,0x00000000f7f2dd78,0x00000000f7f80000)
  to   space 99328K, 0% used [0x00000000f9b80000,0x00000000f9b80000,0x00000000ffc80000)
 ParOldGen       total 1398272K, used 57088K [0x0000000080000000, 0x00000000d5580000, 0x00000000d5580000)
  object space 1398272K, 4% used [0x0000000080000000,0x00000000837c0218,0x00000000d5580000)
 Metaspace       used 68830K, capacity 71712K, committed 71936K, reserved 1114112K
  class space    used 7563K, capacity 8088K, committed 8192K, reserved 1048576K
GC Heap History (10 events):
Event: 235.739 GC heap before
{Heap before GC invocations=10 (full 3):
 PSYoungGen      total 551424K, used 551397K [0x00000000d5580000, 0x0000000100000000, 0x0000000100000000)
  eden space 508416K, 100% used [0x00000000d5580000,0x00000000f4600000,0x00000000f4600000)
  from space 43008K, 99% used [0x00000000f8600000,0x00000000faff97a8,0x00000000fb000000)
  to   space 65536K, 0% used [0x00000000f4600000,0x00000000f4600000,0x00000000f8600000)
 ParOldGen       total 1398272K, used 57048K [0x0000000080000000, 0x00000000d5580000, 0x00000000d5580000)
  object space 1398272K, 4% used [0x0000000080000000,0x00000000837b6218,0x00000000d5580000)
 Metaspace       used 67393K, capacity 70084K, committed 70272K, reserved 1112064K
  class space    used 7511K, capacity 7964K, committed 8064K, reserved 1048576K
Event: 235.854 GC heap after
Heap after GC invocations=10 (full 3):
 PSYoungGen      total 573952K, used 61639K [0x00000000d5580000, 0x0000000100000000, 0x0000000100000000)
  eden space 508416K, 0% used [0x00000000d5580000,0x00000000d5580000,0x00000000f4600000)
  from space 65536K, 94% used [0x00000000f4600000,0x00000000f8231d68,0x00000000f8600000)
  to   space 75264K, 0% used [0x00000000fb680000,0x00000000fb680000,0x0000000100000000)
 ParOldGen       total 1398272K, used 57056K [0x0000000080000000, 0x00000000d5580000, 0x00000000d5580000)
  object space 1398272K, 4% used [0x0000000080000000,0x00000000837b8218,0x00000000d5580000)
 Metaspace       used 67393K, capacity 70084K, committed 70272K, reserved 1112064K
  class space    used 7511K, capacity 7964K, committed 8064K, reserved 1048576K
}
Event: 323.040 GC heap before
{Heap before GC invocations=11 (full 3):
 PSYoungGen      total 573952K, used 570055K [0x00000000d5580000, 0x0000000100000000, 0x0000000100000000)
  eden space 508416K, 100% used [0x00000000d5580000,0x00000000f4600000,0x00000000f4600000)
  from space 65536K, 94% used [0x00000000f4600000,0x00000000f8231d68,0x00000000f8600000)
  to   space 75264K, 0% used [0x00000000fb680000,0x00000000fb680000,0x0000000100000000)
 ParOldGen       total 1398272K, used 57056K [0x0000000080000000, 0x00000000d5580000, 0x00000000d5580000)
  object space 1398272K, 4% used [0x0000000080000000,0x00000000837b8218,0x00000000d5580000)
 Metaspace       used 67828K, capacity 70618K, committed 70784K, reserved 1112064K
  class space    used 7536K, capacity 8009K, committed 8064K, reserved 1048576K
Event: 323.180 GC heap after
Heap after GC invocations=11 (full 3):
 PSYoungGen      total 604160K, used 68647K [0x00000000d5580000, 0x0000000100000000, 0x0000000100000000)
  eden space 528896K, 0% used [0x00000000d5580000,0x00000000d5580000,0x00000000f5a00000)
  from space 75264K, 91% used [0x00000000fb680000,0x00000000ff989d58,0x0000000100000000)
  to   space 84992K, 0% used [0x00000000f5a00000,0x00000000f5a00000,0x00000000fad00000)
 ParOldGen       total 1398272K, used 57064K [0x0000000080000000, 0x00000000d5580000, 0x00000000d5580000)
  object space 1398272K, 4% used [0x0000000080000000,0x00000000837ba218,0x00000000d5580000)
 Metaspace       used 67828K, capacity 70618K, committed 70784K, reserved 1112064K
  class space    used 7536K, capacity 8009K, committed 8064K, reserved 1048576K
}
Event: 413.036 GC heap before
{Heap before GC invocations=12 (full 3):
 PSYoungGen      total 604160K, used 597543K [0x00000000d5580000, 0x0000000100000000, 0x0000000100000000)
  eden space 528896K, 100% used [0x00000000d5580000,0x00000000f5a00000,0x00000000f5a00000)
  from space 75264K, 91% used [0x00000000fb680000,0x00000000ff989d58,0x0000000100000000)
  to   space 84992K, 0% used [0x00000000f5a00000,0x00000000f5a00000,0x00000000fad00000)
 ParOldGen       total 1398272K, used 57064K [0x0000000080000000, 0x00000000d5580000, 0x00000000d5580000)
  object space 1398272K, 4% used [0x0000000080000000,0x00000000837ba218,0x00000000d5580000)
 Metaspace       used 68169K, capacity 70998K, committed 71296K, reserved 1112064K
  class space    used 7540K, capacity 8015K, committed 8064K, reserved 1048576K
Event: 413.181 GC heap after
Heap after GC invocations=12 (full 3):
 PSYoungGen      total 594432K, used 72483K [0x00000000d5580000, 0x0000000100000000, 0x0000000100000000)
  eden space 521728K, 0% used [0x00000000d5580000,0x00000000d5580000,0x00000000f5300000)
  from space 72704K, 99% used [0x00000000f5a00000,0x00000000fa0c8f28,0x00000000fa100000)
  to   space 93184K, 0% used [0x00000000fa500000,0x00000000fa500000,0x0000000100000000)
 ParOldGen       total 1398272K, used 57072K [0x0000000080000000, 0x00000000d5580000, 0x00000000d5580000)
  object space 1398272K, 4% used [0x0000000080000000,0x00000000837bc218,0x00000000d5580000)
 Metaspace       used 68169K, capacity 70998K, committed 71296K, reserved 1112064K
  class space    used 7540K, capacity 8015K, committed 8064K, reserved 1048576K
}
Event: 503.023 GC heap before
{Heap before GC invocations=13 (full 3):
 PSYoungGen      total 594432K, used 594211K [0x00000000d5580000, 0x0000000100000000, 0x0000000100000000)
  eden space 521728K, 100% used [0x00000000d5580000,0x00000000f5300000,0x00000000f5300000)
  from space 72704K, 99% used [0x00000000f5a00000,0x00000000fa0c8f28,0x00000000fa100000)
  to   space 93184K, 0% used [0x00000000fa500000,0x00000000fa500000,0x0000000100000000)
 ParOldGen       total 1398272K, used 57072K [0x0000000080000000, 0x00000000d5580000, 0x00000000d5580000)
  object space 1398272K, 4% used [0x0000000080000000,0x00000000837bc218,0x00000000d5580000)
 Metaspace       used 68390K, capacity 71306K, committed 71552K, reserved 1112064K
  class space    used 7542K, capacity 8047K, committed 8064K, reserved 1048576K
Event: 503.179 GC heap after
Heap after GC invocations=13 (full 3):
 PSYoungGen      total 596480K, used 70275K [0x00000000d5580000, 0x0000000100000000, 0x0000000100000000)
  eden space 503296K, 0% used [0x00000000d5580000,0x00000000d5580000,0x00000000f4100000)
  from space 93184K, 75% used [0x00000000fa500000,0x00000000fe9a0f88,0x0000000100000000)
  to   space 97792K, 0% used [0x00000000f4100000,0x00000000f4100000,0x00000000fa080000)
 ParOldGen       total 1398272K, used 57080K [0x0000000080000000, 0x00000000d5580000, 0x00000000d5580000)
  object space 1398272K, 4% used [0x0000000080000000,0x00000000837be218,0x00000000d5580000)
 Metaspace       used 68390K, capacity 71306K, committed 71552K, reserved 1112064K
  class space    used 7542K, capacity 8047K, committed 8064K, reserved 1048576K
}
Event: 589.952 GC heap before
{Heap before GC invocations=14 (full 3):
 PSYoungGen      total 596480K, used 573571K [0x00000000d5580000, 0x0000000100000000, 0x0000000100000000)
  eden space 503296K, 100% used [0x00000000d5580000,0x00000000f4100000,0x00000000f4100000)
  from space 93184K, 75% used [0x00000000fa500000,0x00000000fe9a0f88,0x0000000100000000)
  to   space 97792K, 0% used [0x00000000f4100000,0x00000000f4100000,0x00000000fa080000)
 ParOldGen       total 1398272K, used 57080K [0x0000000080000000, 0x00000000d5580000, 0x00000000d5580000)
  object space 1398272K, 4% used [0x0000000080000000,0x00000000837be218,0x00000000d5580000)
 Metaspace       used 68633K, capacity 71498K, committed 71552K, reserved 1112064K
  class space    used 7548K, capacity 8047K, committed 8064K, reserved 1048576K
Event: 590.087 GC heap after
Heap after GC invocations=14 (full 3):
 PSYoungGen      total 560640K, used 63671K [0x00000000d5580000, 0x00000000ffc80000, 0x0000000100000000)
  eden space 496640K, 0% used [0x00000000d5580000,0x00000000d5580000,0x00000000f3a80000)
  from space 64000K, 99% used [0x00000000f4100000,0x00000000f7f2dd78,0x00000000f7f80000)
  to   space 99328K, 0% used [0x00000000f9b80000,0x00000000f9b80000,0x00000000ffc80000)
 ParOldGen       total 1398272K, used 57088K [0x0000000080000000, 0x00000000d5580000, 0x00000000d5580000)
  object space 1398272K, 4% used [0x0000000080000000,0x00000000837c0218,0x00000000d5580000)
 Metaspace       used 68633K, capacity 71498K, committed 71552K, reserved 1112064K
  class space    used 7548K, capacity 8047K, committed 8064K, reserved 1048576K
}

