# JRE version: OpenJDK Runtime Environment (8.0_212-b04) (build 1.8.0_212-b04)
# Java VM: OpenJDK 64-Bit Server VM (25.212-b04 mixed mode linux-amd64 compressed oops)
Heap:
 PSYoungGen      total 589312K, used 108739K [0x00000000d5580000, 0x0000000100000000, 0x0000000100000000)
  eden space 538112K, 10% used [0x00000000d5580000,0x00000000d8eea490,0x00000000f6300000)
  from space 51200K, 97% used [0x00000000faa00000,0x00000000fdac6960,0x00000000fdc00000)
  to   space 72704K, 0% used [0x00000000f6300000,0x00000000f6300000,0x00000000faa00000)
 ParOldGen       total 1398272K, used 32466K [0x0000000080000000, 0x00000000d5580000, 0x00000000d5580000)
  object space 1398272K, 2% used [0x0000000080000000,0x0000000081fb49c0,0x00000000d5580000)
 Metaspace       used 80929K, capacity 84512K, committed 84608K, reserved 1124352K
  class space    used 9175K, capacity 9802K, committed 9856K, reserved 1048576K
GC Heap History (10 events):
Event: 7.399 GC heap before
{Heap before GC invocations=5 (full 2):
 PSYoungGen      total 611840K, used 524800K [0x00000000d5580000, 0x0000000100000000, 0x0000000100000000)
  eden space 524800K, 100% used [0x00000000d5580000,0x00000000f5600000,0x00000000f5600000)
  from space 87040K, 0% used [0x00000000fab00000,0x00000000fab00000,0x0000000100000000)
  to   space 87040K, 0% used [0x00000000f5600000,0x00000000f5600000,0x00000000fab00000)
 ParOldGen       total 1398272K, used 24284K [0x0000000080000000, 0x00000000d5580000, 0x00000000d5580000)
  object space 1398272K, 1% used [0x0000000080000000,0x00000000817b70c8,0x00000000d5580000)
 Metaspace       used 49353K, capacity 50140K, committed 50432K, reserved 1093632K
  class space    used 5881K, capacity 6084K, committed 6144K, reserved 1048576K
Event: 7.449 GC heap after
Heap after GC invocations=5 (full 2):
 PSYoungGen      total 611840K, used 20273K [0x00000000d5580000, 0x0000000100000000, 0x0000000100000000)
  eden space 524800K, 0% used [0x00000000d5580000,0x00000000d5580000,0x00000000f5600000)
  from space 87040K, 23% used [0x00000000f5600000,0x00000000f69cc740,0x00000000fab00000)
  to   space 87040K, 0% used [0x00000000fab00000,0x00000000fab00000,0x0000000100000000)
 ParOldGen       total 1398272K, used 24292K [0x0000000080000000, 0x00000000d5580000, 0x00000000d5580000)
  object space 1398272K, 1% used [0x0000000080000000,0x00000000817b90c8,0x00000000d5580000)
 Metaspace       used 49353K, capacity 50140K, committed 50432K, reserved 1093632K
  class space    used 5881K, capacity 6084K, committed 6144K, reserved 1048576K
}
Event: 11.877 GC heap before
{Heap before GC invocations=6 (full 2):
 PSYoungGen      total 611840K, used 320852K [0x00000000d5580000, 0x0000000100000000, 0x0000000100000000)
  eden space 524800K, 57% used [0x00000000d5580000,0x00000000e7b08940,0x00000000f5600000)
  from space 87040K, 23% used [0x00000000f5600000,0x00000000f69cc740,0x00000000fab00000)
  to   space 87040K, 0% used [0x00000000fab00000,0x00000000fab00000,0x0000000100000000)
 ParOldGen       total 1398272K, used 24292K [0x0000000080000000, 0x00000000d5580000, 0x00000000d5580000)
  object space 1398272K, 1% used [0x0000000080000000,0x00000000817b90c8,0x00000000d5580000)
 Metaspace       used 57788K, capacity 58976K, committed 59028K, reserved 1101824K
  class space    used 6947K, capacity 7164K, committed 7168K, reserved 1048576K
Event: 11.914 GC heap after
Heap after GC invocations=6 (full 2):
 PSYoungGen      total 611840K, used 19987K [0x00000000d5580000, 0x0000000100000000, 0x0000000100000000)
  eden space 524800K, 0% used [0x00000000d5580000,0x00000000d5580000,0x00000000f5600000)
  from space 87040K, 22% used [0x00000000fab00000,0x00000000fbe84cd0,0x0000000100000000)
  to   space 87040K, 0% used [0x00000000f5600000,0x00000000f5600000,0x00000000fab00000)
 ParOldGen       total 1398272K, used 24300K [0x0000000080000000, 0x00000000d5580000, 0x00000000d5580000)
  object space 1398272K, 1% used [0x0000000080000000,0x00000000817bb0c8,0x00000000d5580000)
 Metaspace       used 57788K, capacity 58976K, committed 59028K, reserved 1101824K
  class space    used 6947K, capacity 7164K, committed 7168K, reserved 1048576K
}
Event: 11.914 GC heap before
{Heap before GC invocations=7 (full 3):
 PSYoungGen      total 611840K, used 19987K [0x00000000d5580000, 0x0000000100000000, 0x0000000100000000)
  eden space 524800K, 0% used [0x00000000d5580000,0x00000000d5580000,0x00000000f5600000)
  from space 87040K, 22% used [0x00000000fab00000,0x00000000fbe84cd0,0x0000000100000000)
  to   space 87040K, 0% used [0x00000000f5600000,0x00000000f5600000,0x00000000fab00000)
 ParOldGen       total 1398272K, used 24300K [0x0000000080000000, 0x00000000d5580000, 0x00000000d5580000)
  object space 1398272K, 1% used [0x0000000080000000,0x00000000817bb0c8,0x00000000d5580000)
 Metaspace       used 57788K, capacity 58976K, committed 59028K, reserved 1101824K
  class space    used 6947K, capacity 7164K, committed 7168K, reserved 1048576K
Event: 12.217 GC heap after
Heap after GC invocations=7 (full 3):
 PSYoungGen      total 611840K, used 0K [0x00000000d5580000, 0x0000000100000000, 0x0000000100000000)
  eden space 524800K, 0% used [0x00000000d5580000,0x00000000d5580000,0x00000000f5600000)
  from space 87040K, 0% used [0x00000000fab00000,0x00000000fab00000,0x0000000100000000)
  to   space 87040K, 0% used [0x00000000f5600000,0x00000000f5600000,0x00000000fab00000)
 ParOldGen       total 1398272K, used 32434K [0x0000000080000000, 0x00000000d5580000, 0x00000000d5580000)
  object space 1398272K, 2% used [0x0000000080000000,0x0000000081fac8a0,0x00000000d5580000)
 Metaspace       used 57729K, capacity 58830K, committed 59028K, reserved 1101824K
  class space    used 6926K, capacity 7127K, committed 7168K, reserved 1048576K
}
Event: 21.923 GC heap before
{Heap before GC invocations=8 (full 3):
 PSYoungGen      total 611840K, used 524738K [0x00000000d5580000, 0x0000000100000000, 0x0000000100000000)
  eden space 524800K, 99% used [0x00000000d5580000,0x00000000f55f0960,0x00000000f5600000)
  from space 87040K, 0% used [0x00000000fab00000,0x00000000fab00000,0x0000000100000000)
  to   space 87040K, 0% used [0x00000000f5600000,0x00000000f5600000,0x00000000fab00000)
 ParOldGen       total 1398272K, used 32434K [0x0000000080000000, 0x00000000d5580000, 0x00000000d5580000)
  object space 1398272K, 2% used [0x0000000080000000,0x0000000081fac8a0,0x00000000d5580000)
 Metaspace       used 76187K, capacity 78840K, committed 79104K, reserved 1118208K
  class space    used 8880K, capacity 9386K, committed 9472K, reserved 1048576K
Event: 22.037 GC heap after
Heap after GC invocations=8 (full 3):
 PSYoungGen      total 610816K, used 85783K [0x00000000d5580000, 0x00000000fdc00000, 0x0000000100000000)
  eden space 524800K, 0% used [0x00000000d5580000,0x00000000d5580000,0x00000000f5600000)
  from space 86016K, 99% used [0x00000000f5600000,0x00000000fa9c5c70,0x00000000faa00000)
  to   space 51200K, 0% used [0x00000000faa00000,0x00000000faa00000,0x00000000fdc00000)
 ParOldGen       total 1398272K, used 32442K [0x0000000080000000, 0x00000000d5580000, 0x00000000d5580000)
  object space 1398272K, 2% used [0x0000000080000000,0x0000000081fae8a0,0x00000000d5580000)
 Metaspace       used 76187K, capacity 78840K, committed 79104K, reserved 1118208K
  class space    used 8880K, capacity 9386K, committed 9472K, reserved 1048576K
}
Event: 27.299 GC heap before
{Heap before GC invocations=9 (full 3):
 PSYoungGen      total 610816K, used 610211K [0x00000000d5580000, 0x00000000fdc00000, 0x0000000100000000)
  eden space 524800K, 99% used [0x00000000d5580000,0x00000000f55a3090,0x00000000f5600000)
  from space 86016K, 99% used [0x00000000f5600000,0x00000000fa9c5c70,0x00000000faa00000)
  to   space 51200K, 0% used [0x00000000faa00000,0x00000000faa00000,0x00000000fdc00000)
 ParOldGen       total 1398272K, used 32442K [0x0000000080000000, 0x00000000d5580000, 0x00000000d5580000)
  object space 1398272K, 2% used [0x0000000080000000,0x0000000081fae8a0,0x00000000d5580000)
 Metaspace       used 80833K, capacity 84372K, committed 84608K, reserved 1124352K
  class space    used 9173K, capacity 9800K, committed 9856K, reserved 1048576K
Event: 27.364 GC heap after
Heap after GC invocations=9 (full 3):
 PSYoungGen      total 589312K, used 49946K [0x00000000d5580000, 0x0000000100000000, 0x0000000100000000)
  eden space 538112K, 0% used [0x00000000d5580000,0x00000000d5580000,0x00000000f6300000)
  from space 51200K, 97% used [0x00000000faa00000,0x00000000fdac6960,0x00000000fdc00000)
  to   space 72704K, 0% used [0x00000000f6300000,0x00000000f6300000,0x00000000faa00000)
 ParOldGen       total 1398272K, used 32466K [0x0000000080000000, 0x00000000d5580000, 0x00000000d5580000)
  object space 1398272K, 2% used [0x0000000080000000,0x0000000081fb49c0,0x00000000d5580000)
 Metaspace       used 80833K, capacity 84372K, committed 84608K, reserved 1124352K
  class space    used 9173K, capacity 9800K, committed 9856K, reserved 1048576K
}

