# JRE version: OpenJDK Runtime Environment (8.0_212-b04) (build 1.8.0_212-b04)
# Java VM: OpenJDK 64-Bit Server VM (25.212-b04 mixed mode linux-amd64 compressed oops)
Heap:
 PSYoungGen      total 611840K, used 301397K [0x00000000d5580000, 0x0000000100000000, 0x0000000100000000)
  eden space 524800K, 57% used [0x00000000d5580000,0x00000000e7bd57d8,0x00000000f5600000)
  from space 87040K, 0% used [0x00000000f5600000,0x00000000f5600000,0x00000000fab00000)
  to   space 87040K, 0% used [0x00000000fab00000,0x00000000fab00000,0x0000000100000000)
 ParOldGen       total 1398272K, used 45251K [0x0000000080000000, 0x00000000d5580000, 0x00000000d5580000)
  object space 1398272K, 3% used [0x0000000080000000,0x0000000082c30c28,0x00000000d5580000)
 Metaspace       used 66217K, capacity 71126K, committed 71168K, reserved 1112064K
  class space    used 7820K, capacity 8679K, committed 8704K, reserved 1048576K
GC Heap History (10 events):
Event: 2.259 GC heap before
{Heap before GC invocations=2 (full 1):
 PSYoungGen      total 611840K, used 14266K [0x00000000d5580000, 0x0000000100000000, 0x0000000100000000)
  eden space 524800K, 0% used [0x00000000d5580000,0x00000000d5580000,0x00000000f5600000)
  from space 87040K, 16% used [0x00000000f5600000,0x00000000f63eea28,0x00000000fab00000)
  to   space 87040K, 0% used [0x00000000fab00000,0x00000000fab00000,0x0000000100000000)
 ParOldGen       total 1398272K, used 80K [0x0000000080000000, 0x00000000d5580000, 0x00000000d5580000)
  object space 1398272K, 0% used [0x0000000080000000,0x0000000080014010,0x00000000d5580000)
 Metaspace       used 20816K, capacity 21106K, committed 21248K, reserved 1069056K
  class space    used 2365K, capacity 2482K, committed 2560K, reserved 1048576K
Event: 2.338 GC heap after
Heap after GC invocations=2 (full 1):
 PSYoungGen      total 611840K, used 0K [0x00000000d5580000, 0x0000000100000000, 0x0000000100000000)
  eden space 524800K, 0% used [0x00000000d5580000,0x00000000d5580000,0x00000000f5600000)
  from space 87040K, 0% used [0x00000000f5600000,0x00000000f5600000,0x00000000fab00000)
  to   space 87040K, 0% used [0x00000000fab00000,0x00000000fab00000,0x0000000100000000)
 ParOldGen       total 871424K, used 13779K [0x0000000080000000, 0x00000000b5300000, 0x00000000d5580000)
  object space 871424K, 1% used [0x0000000080000000,0x0000000080d74ea8,0x00000000b5300000)
 Metaspace       used 20816K, capacity 21106K, committed 21248K, reserved 1069056K
  class space    used 2365K, capacity 2482K, committed 2560K, reserved 1048576K
}
Event: 5.076 GC heap before
{Heap before GC invocations=3 (full 1):
 PSYoungGen      total 611840K, used 405586K [0x00000000d5580000, 0x0000000100000000, 0x0000000100000000)
  eden space 524800K, 77% used [0x00000000d5580000,0x00000000ee1948f8,0x00000000f5600000)
  from space 87040K, 0% used [0x00000000f5600000,0x00000000f5600000,0x00000000fab00000)
  to   space 87040K, 0% used [0x00000000fab00000,0x00000000fab00000,0x0000000100000000)
 ParOldGen       total 871424K, used 13779K [0x0000000080000000, 0x00000000b5300000, 0x00000000d5580000)
  object space 871424K, 1% used [0x0000000080000000,0x0000000080d74ea8,0x00000000b5300000)
 Metaspace       used 34831K, capacity 35182K, committed 35416K, reserved 1081344K
  class space    used 3972K, capacity 4091K, committed 4096K, reserved 1048576K
Event: 5.119 GC heap after
Heap after GC invocations=3 (full 1):
 PSYoungGen      total 611840K, used 19261K [0x00000000d5580000, 0x0000000100000000, 0x0000000100000000)
  eden space 524800K, 0% used [0x00000000d5580000,0x00000000d5580000,0x00000000f5600000)
  from space 87040K, 22% used [0x00000000fab00000,0x00000000fbdcf570,0x0000000100000000)
  to   space 87040K, 0% used [0x00000000f5600000,0x00000000f5600000,0x00000000fab00000)
 ParOldGen       total 871424K, used 13787K [0x0000000080000000, 0x00000000b5300000, 0x00000000d5580000)
  object space 871424K, 1% used [0x0000000080000000,0x0000000080d76ea8,0x00000000b5300000)
 Metaspace       used 34831K, capacity 35182K, committed 35416K, reserved 1081344K
  class space    used 3972K, capacity 4091K, committed 4096K, reserved 1048576K
}
Event: 5.119 GC heap before
{Heap before GC invocations=4 (full 2):
 PSYoungGen      total 611840K, used 19261K [0x00000000d5580000, 0x0000000100000000, 0x0000000100000000)
  eden space 524800K, 0% used [0x00000000d5580000,0x00000000d5580000,0x00000000f5600000)
  from space 87040K, 22% used [0x00000000fab00000,0x00000000fbdcf570,0x0000000100000000)
  to   space 87040K, 0% used [0x00000000f5600000,0x00000000f5600000,0x00000000fab00000)
 ParOldGen       total 871424K, used 13787K [0x0000000080000000, 0x00000000b5300000, 0x00000000d5580000)
  object space 871424K, 1% used [0x0000000080000000,0x0000000080d76ea8,0x00000000b5300000)
 Metaspace       used 34831K, capacity 35182K, committed 35416K, reserved 1081344K
  class space    used 3972K, capacity 4091K, committed 4096K, reserved 1048576K
Event: 5.257 GC heap after
Heap after GC invocations=4 (full 2):
 PSYoungGen      total 611840K, used 0K [0x00000000d5580000, 0x0000000100000000, 0x0000000100000000)
  eden space 524800K, 0% used [0x00000000d5580000,0x00000000d5580000,0x00000000f5600000)
  from space 87040K, 0% used [0x00000000fab00000,0x00000000fab00000,0x0000000100000000)
  to   space 87040K, 0% used [0x00000000f5600000,0x00000000f5600000,0x00000000fab00000)
 ParOldGen       total 1398272K, used 23612K [0x0000000080000000, 0x00000000d5580000, 0x00000000d5580000)
  object space 1398272K, 1% used [0x0000000080000000,0x000000008170f2b8,0x00000000d5580000)
 Metaspace       used 34831K, capacity 35182K, committed 35416K, reserved 1081344K
  class space    used 3972K, capacity 4091K, committed 4096K, reserved 1048576K
}
Event: 12.243 GC heap before
{Heap before GC invocations=5 (full 2):
 PSYoungGen      total 611840K, used 470699K [0x00000000d5580000, 0x0000000100000000, 0x0000000100000000)
  eden space 524800K, 89% used [0x00000000d5580000,0x00000000f212acf8,0x00000000f5600000)
  from space 87040K, 0% used [0x00000000fab00000,0x00000000fab00000,0x0000000100000000)
  to   space 87040K, 0% used [0x00000000f5600000,0x00000000f5600000,0x00000000fab00000)
 ParOldGen       total 1398272K, used 23612K [0x0000000080000000, 0x00000000d5580000, 0x00000000d5580000)
  object space 1398272K, 1% used [0x0000000080000000,0x000000008170f2b8,0x00000000d5580000)
 Metaspace       used 57413K, capacity 58916K, committed 59008K, reserved 1101824K
  class space    used 6654K, capacity 6948K, committed 7040K, reserved 1048576K
Event: 12.326 GC heap after
Heap after GC invocations=5 (full 2):
 PSYoungGen      total 611840K, used 34741K [0x00000000d5580000, 0x0000000100000000, 0x0000000100000000)
  eden space 524800K, 0% used [0x00000000d5580000,0x00000000d5580000,0x00000000f5600000)
  from space 87040K, 39% used [0x00000000f5600000,0x00000000f77ed730,0x00000000fab00000)
  to   space 87040K, 0% used [0x00000000fab00000,0x00000000fab00000,0x0000000100000000)
 ParOldGen       total 1398272K, used 23620K [0x0000000080000000, 0x00000000d5580000, 0x00000000d5580000)
  object space 1398272K, 1% used [0x0000000080000000,0x00000000817112b8,0x00000000d5580000)
 Metaspace       used 57413K, capacity 58916K, committed 59008K, reserved 1101824K
  class space    used 6654K, capacity 6948K, committed 7040K, reserved 1048576K
}
Event: 12.326 GC heap before
{Heap before GC invocations=6 (full 3):
 PSYoungGen      total 611840K, used 34741K [0x00000000d5580000, 0x0000000100000000, 0x0000000100000000)
  eden space 524800K, 0% used [0x00000000d5580000,0x00000000d5580000,0x00000000f5600000)
  from space 87040K, 39% used [0x00000000f5600000,0x00000000f77ed730,0x00000000fab00000)
  to   space 87040K, 0% used [0x00000000fab00000,0x00000000fab00000,0x0000000100000000)
 ParOldGen       total 1398272K, used 23620K [0x0000000080000000, 0x00000000d5580000, 0x00000000d5580000)
  object space 1398272K, 1% used [0x0000000080000000,0x00000000817112b8,0x00000000d5580000)
 Metaspace       used 57413K, capacity 58916K, committed 59008K, reserved 1101824K
  class space    used 6654K, capacity 6948K, committed 7040K, reserved 1048576K
Event: 12.615 GC heap after
Heap after GC invocations=6 (full 3):
 PSYoungGen      total 611840K, used 0K [0x00000000d5580000, 0x0000000100000000, 0x0000000100000000)
  eden space 524800K, 0% used [0x00000000d5580000,0x00000000d5580000,0x00000000f5600000)
  from space 87040K, 0% used [0x00000000f5600000,0x00000000f5600000,0x00000000fab00000)
  to   space 87040K, 0% used [0x00000000fab00000,0x00000000fab00000,0x0000000100000000)
 ParOldGen       total 1398272K, used 45251K [0x0000000080000000, 0x00000000d5580000, 0x00000000d5580000)
  object space 1398272K, 3% used [0x0000000080000000,0x0000000082c30c28,0x00000000d5580000)
 Metaspace       used 57284K, capacity 58604K, committed 59008K, reserved 1101824K
  class space    used 6617K, capacity 6882K, committed 7040K, reserved 1048576K
}

