# JRE version: OpenJDK Runtime Environment (8.0_212-b04) (build 1.8.0_212-b04)
# Java VM: OpenJDK 64-Bit Server VM (25.212-b04 mixed mode linux-amd64 compressed oops)
Heap:
 PSYoungGen      total 611840K, used 340547K [0x00000000d5580000, 0x0000000100000000, 0x0000000100000000)
  eden space 524800K, 64% used [0x00000000d5580000,0x00000000ea210d80,0x00000000f5600000)
  from space 87040K, 0% used [0x00000000fab00000,0x00000000fab00000,0x0000000100000000)
  to   space 87040K, 0% used [0x00000000f5600000,0x00000000f5600000,0x00000000fab00000)
 ParOldGen       total 1398272K, used 27260K [0x0000000080000000, 0x00000000d5580000, 0x00000000d5580000)
  object space 1398272K, 1% used [0x0000000080000000,0x0000000081a9f330,0x00000000d5580000)
 Metaspace       used 65657K, capacity 68680K, committed 68864K, reserved 1110016K
  class space    used 7541K, capacity 8068K, committed 8192K, reserved 1048576K
GC Heap History (10 events):
Event: 5.443 GC heap before
{Heap before GC invocations=3 (full 1):
 PSYoungGen      total 611840K, used 456585K [0x00000000d5580000, 0x0000000100000000, 0x0000000100000000)
  eden space 524800K, 87% used [0x00000000d5580000,0x00000000f1362470,0x00000000f5600000)
  from space 87040K, 0% used [0x00000000f5600000,0x00000000f5600000,0x00000000fab00000)
  to   space 87040K, 0% used [0x00000000fab00000,0x00000000fab00000,0x0000000100000000)
 ParOldGen       total 886784K, used 14369K [0x0000000080000000, 0x00000000b6200000, 0x00000000d5580000)
  object space 886784K, 1% used [0x0000000080000000,0x0000000080e08488,0x00000000b6200000)
 Metaspace       used 34685K, capacity 35034K, committed 35416K, reserved 1081344K
  class space    used 3956K, capacity 4061K, committed 4096K, reserved 1048576K
Event: 5.484 GC heap after
Heap after GC invocations=3 (full 1):
 PSYoungGen      total 611840K, used 18955K [0x00000000d5580000, 0x0000000100000000, 0x0000000100000000)
  eden space 524800K, 0% used [0x00000000d5580000,0x00000000d5580000,0x00000000f5600000)
  from space 87040K, 21% used [0x00000000fab00000,0x00000000fbd82d80,0x0000000100000000)
  to   space 87040K, 0% used [0x00000000f5600000,0x00000000f5600000,0x00000000fab00000)
 ParOldGen       total 886784K, used 14369K [0x0000000080000000, 0x00000000b6200000, 0x00000000d5580000)
  object space 886784K, 1% used [0x0000000080000000,0x0000000080e08488,0x00000000b6200000)
 Metaspace       used 34685K, capacity 35034K, committed 35416K, reserved 1081344K
  class space    used 3956K, capacity 4061K, committed 4096K, reserved 1048576K
}
Event: 5.484 GC heap before
{Heap before GC invocations=4 (full 2):
 PSYoungGen      total 611840K, used 18955K [0x00000000d5580000, 0x0000000100000000, 0x0000000100000000)
  eden space 524800K, 0% used [0x00000000d5580000,0x00000000d5580000,0x00000000f5600000)
  from space 87040K, 21% used [0x00000000fab00000,0x00000000fbd82d80,0x0000000100000000)
  to   space 87040K, 0% used [0x00000000f5600000,0x00000000f5600000,0x00000000fab00000)
 ParOldGen       total 886784K, used 14369K [0x0000000080000000, 0x00000000b6200000, 0x00000000d5580000)
  object space 886784K, 1% used [0x0000000080000000,0x0000000080e08488,0x00000000b6200000)
 Metaspace       used 34685K, capacity 35034K, committed 35416K, reserved 1081344K
  class space    used 3956K, capacity 4061K, committed 4096K, reserved 1048576K
Event: 5.580 GC heap after
Heap after GC invocations=4 (full 2):
 PSYoungGen      total 611840K, used 0K [0x00000000d5580000, 0x0000000100000000, 0x0000000100000000)
  eden space 524800K, 0% used [0x00000000d5580000,0x00000000d5580000,0x00000000f5600000)
  from space 87040K, 0% used [0x00000000fab00000,0x00000000fab00000,0x0000000100000000)
  to   space 87040K, 0% used [0x00000000f5600000,0x00000000f5600000,0x00000000fab00000)
 ParOldGen       total 1398272K, used 23608K [0x0000000080000000, 0x00000000d5580000, 0x00000000d5580000)
  object space 1398272K, 1% used [0x0000000080000000,0x000000008170e360,0x00000000d5580000)
 Metaspace       used 34685K, capacity 35034K, committed 35416K, reserved 1081344K
  class space    used 3956K, capacity 4061K, committed 4096K, reserved 1048576K
}
Event: 12.304 GC heap before
{Heap before GC invocations=5 (full 2):
 PSYoungGen      total 611840K, used 524800K [0x00000000d5580000, 0x0000000100000000, 0x0000000100000000)
  eden space 524800K, 100% used [0x00000000d5580000,0x00000000f5600000,0x00000000f5600000)
  from space 87040K, 0% used [0x00000000fab00000,0x00000000fab00000,0x0000000100000000)
  to   space 87040K, 0% used [0x00000000f5600000,0x00000000f5600000,0x00000000fab00000)
 ParOldGen       total 1398272K, used 23608K [0x0000000080000000, 0x00000000d5580000, 0x00000000d5580000)
  object space 1398272K, 1% used [0x0000000080000000,0x000000008170e360,0x00000000d5580000)
 Metaspace       used 54031K, capacity 55470K, committed 55552K, reserved 1097728K
  class space    used 6313K, capacity 6577K, committed 6656K, reserved 1048576K
Event: 12.364 GC heap after
Heap after GC invocations=5 (full 2):
 PSYoungGen      total 611840K, used 27611K [0x00000000d5580000, 0x0000000100000000, 0x0000000100000000)
  eden space 524800K, 0% used [0x00000000d5580000,0x00000000d5580000,0x00000000f5600000)
  from space 87040K, 31% used [0x00000000f5600000,0x00000000f70f6e70,0x00000000fab00000)
  to   space 87040K, 0% used [0x00000000fab00000,0x00000000fab00000,0x0000000100000000)
 ParOldGen       total 1398272K, used 23616K [0x0000000080000000, 0x00000000d5580000, 0x00000000d5580000)
  object space 1398272K, 1% used [0x0000000080000000,0x0000000081710360,0x00000000d5580000)
 Metaspace       used 54031K, capacity 55470K, committed 55552K, reserved 1097728K
  class space    used 6313K, capacity 6577K, committed 6656K, reserved 1048576K
}
Event: 12.921 GC heap before
{Heap before GC invocations=6 (full 2):
 PSYoungGen      total 611840K, used 167146K [0x00000000d5580000, 0x0000000100000000, 0x0000000100000000)
  eden space 524800K, 26% used [0x00000000d5580000,0x00000000dddc3bc0,0x00000000f5600000)
  from space 87040K, 31% used [0x00000000f5600000,0x00000000f70f6e70,0x00000000fab00000)
  to   space 87040K, 0% used [0x00000000fab00000,0x00000000fab00000,0x0000000100000000)
 ParOldGen       total 1398272K, used 23616K [0x0000000080000000, 0x00000000d5580000, 0x00000000d5580000)
  object space 1398272K, 1% used [0x0000000080000000,0x0000000081710360,0x00000000d5580000)
 Metaspace       used 57314K, capacity 58788K, committed 59028K, reserved 1101824K
  class space    used 6635K, capacity 6908K, committed 6912K, reserved 1048576K
Event: 12.964 GC heap after
Heap after GC invocations=6 (full 2):
 PSYoungGen      total 611840K, used 15433K [0x00000000d5580000, 0x0000000100000000, 0x0000000100000000)
  eden space 524800K, 0% used [0x00000000d5580000,0x00000000d5580000,0x00000000f5600000)
  from space 87040K, 17% used [0x00000000fab00000,0x00000000fba127d8,0x0000000100000000)
  to   space 87040K, 0% used [0x00000000f5600000,0x00000000f5600000,0x00000000fab00000)
 ParOldGen       total 1398272K, used 23624K [0x0000000080000000, 0x00000000d5580000, 0x00000000d5580000)
  object space 1398272K, 1% used [0x0000000080000000,0x0000000081712360,0x00000000d5580000)
 Metaspace       used 57314K, capacity 58788K, committed 59028K, reserved 1101824K
  class space    used 6635K, capacity 6908K, committed 6912K, reserved 1048576K
}
Event: 12.964 GC heap before
{Heap before GC invocations=7 (full 3):
 PSYoungGen      total 611840K, used 15433K [0x00000000d5580000, 0x0000000100000000, 0x0000000100000000)
  eden space 524800K, 0% used [0x00000000d5580000,0x00000000d5580000,0x00000000f5600000)
  from space 87040K, 17% used [0x00000000fab00000,0x00000000fba127d8,0x0000000100000000)
  to   space 87040K, 0% used [0x00000000f5600000,0x00000000f5600000,0x00000000fab00000)
 ParOldGen       total 1398272K, used 23624K [0x0000000080000000, 0x00000000d5580000, 0x00000000d5580000)
  object space 1398272K, 1% used [0x0000000080000000,0x0000000081712360,0x00000000d5580000)
 Metaspace       used 57314K, capacity 58788K, committed 59028K, reserved 1101824K
  class space    used 6635K, capacity 6908K, committed 6912K, reserved 1048576K
Event: 13.223 GC heap after
Heap after GC invocations=7 (full 3):
 PSYoungGen      total 611840K, used 0K [0x00000000d5580000, 0x0000000100000000, 0x0000000100000000)
  eden space 524800K, 0% used [0x00000000d5580000,0x00000000d5580000,0x00000000f5600000)
  from space 87040K, 0% used [0x00000000fab00000,0x00000000fab00000,0x0000000100000000)
  to   space 87040K, 0% used [0x00000000f5600000,0x00000000f5600000,0x00000000fab00000)
 ParOldGen       total 1398272K, used 27260K [0x0000000080000000, 0x00000000d5580000, 0x00000000d5580000)
  object space 1398272K, 1% used [0x0000000080000000,0x0000000081a9f330,0x00000000d5580000)
 Metaspace       used 57270K, capacity 58678K, committed 59028K, reserved 1101824K
  class space    used 6620K, capacity 6881K, committed 6912K, reserved 1048576K
}

