# JRE version: OpenJDK Runtime Environment (8.0_212-b04) (build 1.8.0_212-b04)
# Java VM: OpenJDK 64-Bit Server VM (25.212-b04 mixed mode linux-amd64 compressed oops)
Heap:
 PSYoungGen      total 529920K, used 485937K [0x00000000d5580000, 0x0000000100000000, 0x0000000100000000)
  eden space 442880K, 90% used [0x00000000d5580000,0x00000000edb0ff90,0x00000000f0600000)
  from space 87040K, 99% used [0x00000000fab00000,0x00000000ffffc7d8,0x0000000100000000)
  to   space 128000K, 0% used [0x00000000f0600000,0x00000000f0600000,0x00000000f8300000)
 ParOldGen       total 1398272K, used 84419K [0x0000000080000000, 0x00000000d5580000, 0x00000000d5580000)
  object space 1398272K, 6% used [0x0000000080000000,0x0000000085270dc0,0x00000000d5580000)
 Metaspace       used 71839K, capacity 75366K, committed 75648K, reserved 1116160K
  class space    used 7874K, capacity 8503K, committed 8576K, reserved 1048576K
GC Heap History (10 events):
Event: 12.536 GC heap before
{Heap before GC invocations=5 (full 2):
 PSYoungGen      total 611840K, used 509080K [0x00000000d5580000, 0x0000000100000000, 0x0000000100000000)
  eden space 524800K, 97% used [0x00000000d5580000,0x00000000f46a6028,0x00000000f5600000)
  from space 87040K, 0% used [0x00000000fab00000,0x00000000fab00000,0x0000000100000000)
  to   space 87040K, 0% used [0x00000000f5600000,0x00000000f5600000,0x00000000fab00000)
 ParOldGen       total 1398272K, used 23554K [0x0000000080000000, 0x00000000d5580000, 0x00000000d5580000)
  object space 1398272K, 1% used [0x0000000080000000,0x0000000081700878,0x00000000d5580000)
 Metaspace       used 57506K, capacity 58892K, committed 59028K, reserved 1101824K
  class space    used 6638K, capacity 6902K, committed 6912K, reserved 1048576K
Event: 12.615 GC heap after
Heap after GC invocations=5 (full 2):
 PSYoungGen      total 611840K, used 33893K [0x00000000d5580000, 0x0000000100000000, 0x0000000100000000)
  eden space 524800K, 0% used [0x00000000d5580000,0x00000000d5580000,0x00000000f5600000)
  from space 87040K, 38% used [0x00000000f5600000,0x00000000f7719700,0x00000000fab00000)
  to   space 87040K, 0% used [0x00000000fab00000,0x00000000fab00000,0x0000000100000000)
 ParOldGen       total 1398272K, used 23562K [0x0000000080000000, 0x00000000d5580000, 0x00000000d5580000)
  object space 1398272K, 1% used [0x0000000080000000,0x0000000081702878,0x00000000d5580000)
 Metaspace       used 57506K, capacity 58892K, committed 59028K, reserved 1101824K
  class space    used 6638K, capacity 6902K, committed 6912K, reserved 1048576K
}
Event: 12.615 GC heap before
{Heap before GC invocations=6 (full 3):
 PSYoungGen      total 611840K, used 33893K [0x00000000d5580000, 0x0000000100000000, 0x0000000100000000)
  eden space 524800K, 0% used [0x00000000d5580000,0x00000000d5580000,0x00000000f5600000)
  from space 87040K, 38% used [0x00000000f5600000,0x00000000f7719700,0x00000000fab00000)
  to   space 87040K, 0% used [0x00000000fab00000,0x00000000fab00000,0x0000000100000000)
 ParOldGen       total 1398272K, used 23562K [0x0000000080000000, 0x00000000d5580000, 0x00000000d5580000)
  object space 1398272K, 1% used [0x0000000080000000,0x0000000081702878,0x00000000d5580000)
 Metaspace       used 57506K, capacity 58892K, committed 59028K, reserved 1101824K
  class space    used 6638K, capacity 6902K, committed 6912K, reserved 1048576K
Event: 12.857 GC heap after
Heap after GC invocations=6 (full 3):
 PSYoungGen      total 611840K, used 0K [0x00000000d5580000, 0x0000000100000000, 0x0000000100000000)
  eden space 524800K, 0% used [0x00000000d5580000,0x00000000d5580000,0x00000000f5600000)
  from space 87040K, 0% used [0x00000000f5600000,0x00000000f5600000,0x00000000fab00000)
  to   space 87040K, 0% used [0x00000000fab00000,0x00000000fab00000,0x0000000100000000)
 ParOldGen       total 1398272K, used 44475K [0x0000000080000000, 0x00000000d5580000, 0x00000000d5580000)
  object space 1398272K, 3% used [0x0000000080000000,0x0000000082b6ed90,0x00000000d5580000)
 Metaspace       used 57468K, capacity 58800K, committed 59028K, reserved 1101824K
  class space    used 6625K, capacity 6880K, committed 6912K, reserved 1048576K
}
Event: 92.957 GC heap before
{Heap before GC invocations=7 (full 3):
 PSYoungGen      total 611840K, used 524800K [0x00000000d5580000, 0x0000000100000000, 0x0000000100000000)
  eden space 524800K, 100% used [0x00000000d5580000,0x00000000f5600000,0x00000000f5600000)
  from space 87040K, 0% used [0x00000000f5600000,0x00000000f5600000,0x00000000fab00000)
  to   space 87040K, 0% used [0x00000000fab00000,0x00000000fab00000,0x0000000100000000)
 ParOldGen       total 1398272K, used 44475K [0x0000000080000000, 0x00000000d5580000, 0x00000000d5580000)
  object space 1398272K, 3% used [0x0000000080000000,0x0000000082b6ed90,0x00000000d5580000)
 Metaspace       used 66979K, capacity 69874K, committed 70144K, reserved 1112064K
  class space    used 7629K, capacity 8149K, committed 8192K, reserved 1048576K
Event: 93.066 GC heap after
Heap after GC invocations=7 (full 3):
 PSYoungGen      total 611840K, used 44959K [0x00000000d5580000, 0x0000000100000000, 0x0000000100000000)
  eden space 524800K, 0% used [0x00000000d5580000,0x00000000d5580000,0x00000000f5600000)
  from space 87040K, 51% used [0x00000000fab00000,0x00000000fd6e7df0,0x0000000100000000)
  to   space 87040K, 0% used [0x00000000f5600000,0x00000000f5600000,0x00000000fab00000)
 ParOldGen       total 1398272K, used 44483K [0x0000000080000000, 0x00000000d5580000, 0x00000000d5580000)
  object space 1398272K, 3% used [0x0000000080000000,0x0000000082b70d90,0x00000000d5580000)
 Metaspace       used 66979K, capacity 69874K, committed 70144K, reserved 1112064K
  class space    used 7629K, capacity 8149K, committed 8192K, reserved 1048576K
}
Event: 332.452 GC heap before
{Heap before GC invocations=8 (full 3):
 PSYoungGen      total 611840K, used 569759K [0x00000000d5580000, 0x0000000100000000, 0x0000000100000000)
  eden space 524800K, 100% used [0x00000000d5580000,0x00000000f5600000,0x00000000f5600000)
  from space 87040K, 51% used [0x00000000fab00000,0x00000000fd6e7df0,0x0000000100000000)
  to   space 87040K, 0% used [0x00000000f5600000,0x00000000f5600000,0x00000000fab00000)
 ParOldGen       total 1398272K, used 44483K [0x0000000080000000, 0x00000000d5580000, 0x00000000d5580000)
  object space 1398272K, 3% used [0x0000000080000000,0x0000000082b70d90,0x00000000d5580000)
 Metaspace       used 69617K, capacity 72706K, committed 72832K, reserved 1114112K
  class space    used 7756K, capacity 8309K, committed 8320K, reserved 1048576K
Event: 332.644 GC heap after
Heap after GC invocations=8 (full 3):
 PSYoungGen      total 611840K, used 87035K [0x00000000d5580000, 0x0000000100000000, 0x0000000100000000)
  eden space 524800K, 0% used [0x00000000d5580000,0x00000000d5580000,0x00000000f5600000)
  from space 87040K, 99% used [0x00000000f5600000,0x00000000faafedd0,0x00000000fab00000)
  to   space 87040K, 0% used [0x00000000fab00000,0x00000000fab00000,0x0000000100000000)
 ParOldGen       total 1398272K, used 52563K [0x0000000080000000, 0x00000000d5580000, 0x00000000d5580000)
  object space 1398272K, 3% used [0x0000000080000000,0x0000000083354d90,0x00000000d5580000)
 Metaspace       used 69617K, capacity 72706K, committed 72832K, reserved 1114112K
  class space    used 7756K, capacity 8309K, committed 8320K, reserved 1048576K
}
Event: 590.067 GC heap before
{Heap before GC invocations=9 (full 3):
 PSYoungGen      total 611840K, used 611835K [0x00000000d5580000, 0x0000000100000000, 0x0000000100000000)
  eden space 524800K, 100% used [0x00000000d5580000,0x00000000f5600000,0x00000000f5600000)
  from space 87040K, 99% used [0x00000000f5600000,0x00000000faafedd0,0x00000000fab00000)
  to   space 87040K, 0% used [0x00000000fab00000,0x00000000fab00000,0x0000000100000000)
 ParOldGen       total 1398272K, used 52563K [0x0000000080000000, 0x00000000d5580000, 0x00000000d5580000)
  object space 1398272K, 3% used [0x0000000080000000,0x0000000083354d90,0x00000000d5580000)
 Metaspace       used 71152K, capacity 74582K, committed 74880K, reserved 1116160K
  class space    used 7840K, capacity 8461K, committed 8576K, reserved 1048576K
Event: 590.327 GC heap after
Heap after GC invocations=9 (full 3):
 PSYoungGen      total 529920K, used 87025K [0x00000000d5580000, 0x0000000100000000, 0x0000000100000000)
  eden space 442880K, 0% used [0x00000000d5580000,0x00000000d5580000,0x00000000f0600000)
  from space 87040K, 99% used [0x00000000fab00000,0x00000000ffffc7d8,0x0000000100000000)
  to   space 128000K, 0% used [0x00000000f0600000,0x00000000f0600000,0x00000000f8300000)
 ParOldGen       total 1398272K, used 84419K [0x0000000080000000, 0x00000000d5580000, 0x00000000d5580000)
  object space 1398272K, 6% used [0x0000000080000000,0x0000000085270dc0,0x00000000d5580000)
 Metaspace       used 71152K, capacity 74582K, committed 74880K, reserved 1116160K
  class space    used 7840K, capacity 8461K, committed 8576K, reserved 1048576K
}

