# JRE version: OpenJDK Runtime Environment (8.0_212-b04) (build 1.8.0_212-b04)
# Java VM: OpenJDK 64-Bit Server VM (25.212-b04 mixed mode linux-amd64 compressed oops)
Heap:
 PSYoungGen      total 587776K, used 176340K [0x00000000d5580000, 0x00000000fc100000, 0x0000000100000000)
  eden space 524800K, 21% used [0x00000000d5580000,0x00000000dc44d588,0x00000000f5600000)
  from space 62976K, 99% used [0x00000000f5600000,0x00000000f9367cb0,0x00000000f9380000)
  to   space 46592K, 0% used [0x00000000f9380000,0x00000000f9380000,0x00000000fc100000)
 ParOldGen       total 1398272K, used 29879K [0x0000000080000000, 0x00000000d5580000, 0x00000000d5580000)
  object space 1398272K, 2% used [0x0000000080000000,0x0000000081d2dd10,0x00000000d5580000)
 Metaspace       used 69603K, capacity 73004K, committed 73344K, reserved 1114112K
  class space    used 7892K, capacity 8458K, committed 8576K, reserved 1048576K
GC Heap History (10 events):
Event: 4.531 GC heap before
{Heap before GC invocations=4 (full 2):
 PSYoungGen      total 611840K, used 14368K [0x00000000d5580000, 0x0000000100000000, 0x0000000100000000)
  eden space 524800K, 0% used [0x00000000d5580000,0x00000000d5580000,0x00000000f5600000)
  from space 87040K, 16% used [0x00000000fab00000,0x00000000fb908068,0x0000000100000000)
  to   space 87040K, 0% used [0x00000000f5600000,0x00000000f5600000,0x00000000fab00000)
 ParOldGen       total 899072K, used 18687K [0x0000000080000000, 0x00000000b6e00000, 0x00000000d5580000)
  object space 899072K, 2% used [0x0000000080000000,0x000000008123fe00,0x00000000b6e00000)
 Metaspace       used 34812K, capacity 35154K, committed 35456K, reserved 1081344K
  class space    used 3981K, capacity 4101K, committed 4224K, reserved 1048576K
Event: 4.608 GC heap after
Heap after GC invocations=4 (full 2):
 PSYoungGen      total 611840K, used 0K [0x00000000d5580000, 0x0000000100000000, 0x0000000100000000)
  eden space 524800K, 0% used [0x00000000d5580000,0x00000000d5580000,0x00000000f5600000)
  from space 87040K, 0% used [0x00000000fab00000,0x00000000fab00000,0x0000000100000000)
  to   space 87040K, 0% used [0x00000000f5600000,0x00000000f5600000,0x00000000fab00000)
 ParOldGen       total 1398272K, used 22579K [0x0000000080000000, 0x00000000d5580000, 0x00000000d5580000)
  object space 1398272K, 1% used [0x0000000080000000,0x000000008160cc18,0x00000000d5580000)
 Metaspace       used 34812K, capacity 35154K, committed 35456K, reserved 1081344K
  class space    used 3981K, capacity 4101K, committed 4224K, reserved 1048576K
}
Event: 9.941 GC heap before
{Heap before GC invocations=5 (full 2):
 PSYoungGen      total 611840K, used 524800K [0x00000000d5580000, 0x0000000100000000, 0x0000000100000000)
  eden space 524800K, 100% used [0x00000000d5580000,0x00000000f5600000,0x00000000f5600000)
  from space 87040K, 0% used [0x00000000fab00000,0x00000000fab00000,0x0000000100000000)
  to   space 87040K, 0% used [0x00000000f5600000,0x00000000f5600000,0x00000000fab00000)
 ParOldGen       total 1398272K, used 22579K [0x0000000080000000, 0x00000000d5580000, 0x00000000d5580000)
  object space 1398272K, 1% used [0x0000000080000000,0x000000008160cc18,0x00000000d5580000)
 Metaspace       used 52579K, capacity 53930K, committed 54144K, reserved 1097728K
  class space    used 6194K, capacity 6455K, committed 6528K, reserved 1048576K
Event: 9.983 GC heap after
Heap after GC invocations=5 (full 2):
 PSYoungGen      total 611840K, used 25284K [0x00000000d5580000, 0x0000000100000000, 0x0000000100000000)
  eden space 524800K, 0% used [0x00000000d5580000,0x00000000d5580000,0x00000000f5600000)
  from space 87040K, 29% used [0x00000000f5600000,0x00000000f6eb1220,0x00000000fab00000)
  to   space 87040K, 0% used [0x00000000fab00000,0x00000000fab00000,0x0000000100000000)
 ParOldGen       total 1398272K, used 22579K [0x0000000080000000, 0x00000000d5580000, 0x00000000d5580000)
  object space 1398272K, 1% used [0x0000000080000000,0x000000008160cc18,0x00000000d5580000)
 Metaspace       used 52579K, capacity 53930K, committed 54144K, reserved 1097728K
  class space    used 6194K, capacity 6455K, committed 6528K, reserved 1048576K
}
Event: 10.824 GC heap before
{Heap before GC invocations=6 (full 2):
 PSYoungGen      total 611840K, used 151606K [0x00000000d5580000, 0x0000000100000000, 0x0000000100000000)
  eden space 524800K, 24% used [0x00000000d5580000,0x00000000dd0dc7b8,0x00000000f5600000)
  from space 87040K, 29% used [0x00000000f5600000,0x00000000f6eb1220,0x00000000fab00000)
  to   space 87040K, 0% used [0x00000000fab00000,0x00000000fab00000,0x0000000100000000)
 ParOldGen       total 1398272K, used 22579K [0x0000000080000000, 0x00000000d5580000, 0x00000000d5580000)
  object space 1398272K, 1% used [0x0000000080000000,0x000000008160cc18,0x00000000d5580000)
 Metaspace       used 57542K, capacity 58962K, committed 59096K, reserved 1101824K
  class space    used 6696K, capacity 6979K, committed 7040K, reserved 1048576K
Event: 10.846 GC heap after
Heap after GC invocations=6 (full 2):
 PSYoungGen      total 611840K, used 17415K [0x00000000d5580000, 0x0000000100000000, 0x0000000100000000)
  eden space 524800K, 0% used [0x00000000d5580000,0x00000000d5580000,0x00000000f5600000)
  from space 87040K, 20% used [0x00000000fab00000,0x00000000fbc01ef8,0x0000000100000000)
  to   space 87040K, 0% used [0x00000000f5600000,0x00000000f5600000,0x00000000fab00000)
 ParOldGen       total 1398272K, used 22587K [0x0000000080000000, 0x00000000d5580000, 0x00000000d5580000)
  object space 1398272K, 1% used [0x0000000080000000,0x000000008160ec18,0x00000000d5580000)
 Metaspace       used 57542K, capacity 58962K, committed 59096K, reserved 1101824K
  class space    used 6696K, capacity 6979K, committed 7040K, reserved 1048576K
}
Event: 10.846 GC heap before
{Heap before GC invocations=7 (full 3):
 PSYoungGen      total 611840K, used 17415K [0x00000000d5580000, 0x0000000100000000, 0x0000000100000000)
  eden space 524800K, 0% used [0x00000000d5580000,0x00000000d5580000,0x00000000f5600000)
  from space 87040K, 20% used [0x00000000fab00000,0x00000000fbc01ef8,0x0000000100000000)
  to   space 87040K, 0% used [0x00000000f5600000,0x00000000f5600000,0x00000000fab00000)
 ParOldGen       total 1398272K, used 22587K [0x0000000080000000, 0x00000000d5580000, 0x00000000d5580000)
  object space 1398272K, 1% used [0x0000000080000000,0x000000008160ec18,0x00000000d5580000)
 Metaspace       used 57542K, capacity 58962K, committed 59096K, reserved 1101824K
  class space    used 6696K, capacity 6979K, committed 7040K, reserved 1048576K
Event: 11.066 GC heap after
Heap after GC invocations=7 (full 3):
 PSYoungGen      total 611840K, used 0K [0x00000000d5580000, 0x0000000100000000, 0x0000000100000000)
  eden space 524800K, 0% used [0x00000000d5580000,0x00000000d5580000,0x00000000f5600000)
  from space 87040K, 0% used [0x00000000fab00000,0x00000000fab00000,0x0000000100000000)
  to   space 87040K, 0% used [0x00000000f5600000,0x00000000f5600000,0x00000000fab00000)
 ParOldGen       total 1398272K, used 29858K [0x0000000080000000, 0x00000000d5580000, 0x00000000d5580000)
  object space 1398272K, 2% used [0x0000000080000000,0x0000000081d28be0,0x00000000d5580000)
 Metaspace       used 57454K, capacity 58748K, committed 59096K, reserved 1101824K
  class space    used 6664K, capacity 6924K, committed 7040K, reserved 1048576K
}
Event: 19.152 GC heap before
{Heap before GC invocations=8 (full 3):
 PSYoungGen      total 611840K, used 523396K [0x00000000d5580000, 0x0000000100000000, 0x0000000100000000)
  eden space 524800K, 99% used [0x00000000d5580000,0x00000000f54a1268,0x00000000f5600000)
  from space 87040K, 0% used [0x00000000fab00000,0x00000000fab00000,0x0000000100000000)
  to   space 87040K, 0% used [0x00000000f5600000,0x00000000f5600000,0x00000000fab00000)
 ParOldGen       total 1398272K, used 29858K [0x0000000080000000, 0x00000000d5580000, 0x00000000d5580000)
  object space 1398272K, 2% used [0x0000000080000000,0x0000000081d28be0,0x00000000d5580000)
 Metaspace       used 68865K, capacity 72102K, committed 72192K, reserved 1114112K
  class space    used 7844K, capacity 8413K, committed 8448K, reserved 1048576K
Event: 19.229 GC heap after
Heap after GC invocations=8 (full 3):
 PSYoungGen      total 587776K, used 62879K [0x00000000d5580000, 0x00000000fc100000, 0x0000000100000000)
  eden space 524800K, 0% used [0x00000000d5580000,0x00000000d5580000,0x00000000f5600000)
  from space 62976K, 99% used [0x00000000f5600000,0x00000000f9367cb0,0x00000000f9380000)
  to   space 46592K, 0% used [0x00000000f9380000,0x00000000f9380000,0x00000000fc100000)
 ParOldGen       total 1398272K, used 29879K [0x0000000080000000, 0x00000000d5580000, 0x00000000d5580000)
  object space 1398272K, 2% used [0x0000000080000000,0x0000000081d2dd10,0x00000000d5580000)
 Metaspace       used 68865K, capacity 72102K, committed 72192K, reserved 1114112K
  class space    used 7844K, capacity 8413K, committed 8448K, reserved 1048576K
}

