# JRE version: OpenJDK Runtime Environment (8.0_212-b04) (build 1.8.0_212-b04)
# Java VM: OpenJDK 64-Bit Server VM (25.212-b04 mixed mode linux-amd64 compressed oops)
Heap:
 PSYoungGen      total 397312K, used 53835K [0x00000000d5580000, 0x0000000100000000, 0x0000000100000000)
  eden space 366080K, 6% used [0x00000000d5580000,0x00000000d6b99cf8,0x00000000ebb00000)
  from space 31232K, 99% used [0x00000000f8d00000,0x00000000fab79298,0x00000000fab80000)
  to   space 166400K, 0% used [0x00000000ebb00000,0x00000000ebb00000,0x00000000f5d80000)
 ParOldGen       total 1398272K, used 988692K [0x0000000080000000, 0x00000000d5580000, 0x00000000d5580000)
  object space 1398272K, 70% used [0x0000000080000000,0x00000000bc585078,0x00000000d5580000)
 Metaspace       used 64811K, capacity 67443K, committed 67584K, reserved 1110016K
  class space    used 7442K, capacity 7922K, committed 7936K, reserved 1048576K
GC Heap History (10 events):
Event: 8.327 GC heap before
{Heap before GC invocations=5 (full 2):
 PSYoungGen      total 611840K, used 524800K [0x00000000d5580000, 0x0000000100000000, 0x0000000100000000)
  eden space 524800K, 100% used [0x00000000d5580000,0x00000000f5600000,0x00000000f5600000)
  from space 87040K, 0% used [0x00000000fab00000,0x00000000fab00000,0x0000000100000000)
  to   space 87040K, 0% used [0x00000000f5600000,0x00000000f5600000,0x00000000fab00000)
 ParOldGen       total 1398272K, used 23963K [0x0000000080000000, 0x00000000d5580000, 0x00000000d5580000)
  object space 1398272K, 1% used [0x0000000080000000,0x0000000081766d40,0x00000000d5580000)
 Metaspace       used 44501K, capacity 45402K, committed 45568K, reserved 1089536K
  class space    used 5153K, capacity 5361K, committed 5376K, reserved 1048576K
Event: 8.379 GC heap after
Heap after GC invocations=5 (full 2):
 PSYoungGen      total 611840K, used 17026K [0x00000000d5580000, 0x0000000100000000, 0x0000000100000000)
  eden space 524800K, 0% used [0x00000000d5580000,0x00000000d5580000,0x00000000f5600000)
  from space 87040K, 19% used [0x00000000f5600000,0x00000000f66a0ba8,0x00000000fab00000)
  to   space 87040K, 0% used [0x00000000fab00000,0x00000000fab00000,0x0000000100000000)
 ParOldGen       total 1398272K, used 23971K [0x0000000080000000, 0x00000000d5580000, 0x00000000d5580000)
  object space 1398272K, 1% used [0x0000000080000000,0x0000000081768d40,0x00000000d5580000)
 Metaspace       used 44501K, capacity 45402K, committed 45568K, reserved 1089536K
  class space    used 5153K, capacity 5361K, committed 5376K, reserved 1048576K
}
Event: 12.153 GC heap before
{Heap before GC invocations=6 (full 2):
 PSYoungGen      total 611840K, used 328384K [0x00000000d5580000, 0x0000000100000000, 0x0000000100000000)
  eden space 524800K, 59% used [0x00000000d5580000,0x00000000e858f7d8,0x00000000f5600000)
  from space 87040K, 19% used [0x00000000f5600000,0x00000000f66a0ba8,0x00000000fab00000)
  to   space 87040K, 0% used [0x00000000fab00000,0x00000000fab00000,0x0000000100000000)
 ParOldGen       total 1398272K, used 23971K [0x0000000080000000, 0x00000000d5580000, 0x00000000d5580000)
  object space 1398272K, 1% used [0x0000000080000000,0x0000000081768d40,0x00000000d5580000)
 Metaspace       used 57555K, capacity 58941K, committed 59028K, reserved 1101824K
  class space    used 6639K, capacity 6912K, committed 6912K, reserved 1048576K
Event: 12.207 GC heap after
Heap after GC invocations=6 (full 2):
 PSYoungGen      total 611840K, used 30271K [0x00000000d5580000, 0x0000000100000000, 0x0000000100000000)
  eden space 524800K, 0% used [0x00000000d5580000,0x00000000d5580000,0x00000000f5600000)
  from space 87040K, 34% used [0x00000000fab00000,0x00000000fc88fde0,0x0000000100000000)
  to   space 87040K, 0% used [0x00000000f5600000,0x00000000f5600000,0x00000000fab00000)
 ParOldGen       total 1398272K, used 23979K [0x0000000080000000, 0x00000000d5580000, 0x00000000d5580000)
  object space 1398272K, 1% used [0x0000000080000000,0x000000008176ad40,0x00000000d5580000)
 Metaspace       used 57555K, capacity 58941K, committed 59028K, reserved 1101824K
  class space    used 6639K, capacity 6912K, committed 6912K, reserved 1048576K
}
Event: 12.207 GC heap before
{Heap before GC invocations=7 (full 3):
 PSYoungGen      total 611840K, used 30271K [0x00000000d5580000, 0x0000000100000000, 0x0000000100000000)
  eden space 524800K, 0% used [0x00000000d5580000,0x00000000d5580000,0x00000000f5600000)
  from space 87040K, 34% used [0x00000000fab00000,0x00000000fc88fde0,0x0000000100000000)
  to   space 87040K, 0% used [0x00000000f5600000,0x00000000f5600000,0x00000000fab00000)
 ParOldGen       total 1398272K, used 23979K [0x0000000080000000, 0x00000000d5580000, 0x00000000d5580000)
  object space 1398272K, 1% used [0x0000000080000000,0x000000008176ad40,0x00000000d5580000)
 Metaspace       used 57555K, capacity 58941K, committed 59028K, reserved 1101824K
  class space    used 6639K, capacity 6912K, committed 6912K, reserved 1048576K
Event: 12.495 GC heap after
Heap after GC invocations=7 (full 3):
 PSYoungGen      total 611840K, used 0K [0x00000000d5580000, 0x0000000100000000, 0x0000000100000000)
  eden space 524800K, 0% used [0x00000000d5580000,0x00000000d5580000,0x00000000f5600000)
  from space 87040K, 0% used [0x00000000fab00000,0x00000000fab00000,0x0000000100000000)
  to   space 87040K, 0% used [0x00000000f5600000,0x00000000f5600000,0x00000000fab00000)
 ParOldGen       total 1398272K, used 41628K [0x0000000080000000, 0x00000000d5580000, 0x00000000d5580000)
  object space 1398272K, 2% used [0x0000000080000000,0x00000000828a7328,0x00000000d5580000)
 Metaspace       used 57542K, capacity 58909K, committed 59028K, reserved 1101824K
  class space    used 6634K, capacity 6904K, committed 6912K, reserved 1048576K
}
Event: 18.709 GC heap before
{Heap before GC invocations=8 (full 3):
 PSYoungGen      total 611840K, used 339762K [0x00000000d5580000, 0x0000000100000000, 0x0000000100000000)
  eden space 524800K, 64% used [0x00000000d5580000,0x00000000ea14cb28,0x00000000f5600000)
  from space 87040K, 0% used [0x00000000fab00000,0x00000000fab00000,0x0000000100000000)
  to   space 87040K, 0% used [0x00000000f5600000,0x00000000f5600000,0x00000000fab00000)
 ParOldGen       total 1398272K, used 41628K [0x0000000080000000, 0x00000000d5580000, 0x00000000d5580000)
  object space 1398272K, 2% used [0x0000000080000000,0x00000000828a7328,0x00000000d5580000)
 Metaspace       used 59872K, capacity 61803K, committed 61952K, reserved 1103872K
  class space    used 6947K, capacity 7300K, committed 7424K, reserved 1048576K
Event: 18.989 GC heap after
Heap after GC invocations=8 (full 3):
 PSYoungGen      total 534016K, used 9203K [0x00000000d5580000, 0x00000000fab80000, 0x0000000100000000)
  eden space 524800K, 0% used [0x00000000d5580000,0x00000000d5580000,0x00000000f5600000)
  from space 9216K, 99% used [0x00000000f5600000,0x00000000f5efce80,0x00000000f5f00000)
  to   space 31232K, 0% used [0x00000000f8d00000,0x00000000f8d00000,0x00000000fab80000)
 ParOldGen       total 1398272K, used 451228K [0x0000000080000000, 0x00000000d5580000, 0x00000000d5580000)
  object space 1398272K, 32% used [0x0000000080000000,0x000000009b8a7348,0x00000000d5580000)
 Metaspace       used 59872K, capacity 61803K, committed 61952K, reserved 1103872K
  class space    used 6947K, capacity 7300K, committed 7424K, reserved 1048576K
}
Event: 21.202 GC heap before
{Heap before GC invocations=9 (full 3):
 PSYoungGen      total 534016K, used 534003K [0x00000000d5580000, 0x00000000fab80000, 0x0000000100000000)
  eden space 524800K, 100% used [0x00000000d5580000,0x00000000f5600000,0x00000000f5600000)
  from space 9216K, 99% used [0x00000000f5600000,0x00000000f5efce80,0x00000000f5f00000)
  to   space 31232K, 0% used [0x00000000f8d00000,0x00000000f8d00000,0x00000000fab80000)
 ParOldGen       total 1398272K, used 758428K [0x0000000080000000, 0x00000000d5580000, 0x00000000d5580000)
  object space 1398272K, 54% used [0x0000000080000000,0x00000000ae4a7358,0x00000000d5580000)
 Metaspace       used 64780K, capacity 67443K, committed 67584K, reserved 1110016K
  class space    used 7442K, capacity 7922K, committed 7936K, reserved 1048576K
Event: 21.387 GC heap after
Heap after GC invocations=9 (full 3):
 PSYoungGen      total 397312K, used 31204K [0x00000000d5580000, 0x0000000100000000, 0x0000000100000000)
  eden space 366080K, 0% used [0x00000000d5580000,0x00000000d5580000,0x00000000ebb00000)
  from space 31232K, 99% used [0x00000000f8d00000,0x00000000fab79298,0x00000000fab80000)
  to   space 166400K, 0% used [0x00000000ebb00000,0x00000000ebb00000,0x00000000f5d80000)
 ParOldGen       total 1398272K, used 988692K [0x0000000080000000, 0x00000000d5580000, 0x00000000d5580000)
  object space 1398272K, 70% used [0x0000000080000000,0x00000000bc585078,0x00000000d5580000)
 Metaspace       used 64780K, capacity 67443K, committed 67584K, reserved 1110016K
  class space    used 7442K, capacity 7922K, committed 7936K, reserved 1048576K
}

