# JRE version: OpenJDK Runtime Environment (8.0_212-b04) (build 1.8.0_212-b04)
# Java VM: OpenJDK 64-Bit Server VM (25.212-b04 mixed mode linux-amd64 compressed oops)
Heap:
 PSYoungGen      total 524288K, used 376652K [0x00000000d5580000, 0x0000000100000000, 0x0000000100000000)
  eden space 445952K, 66% used [0x00000000d5580000,0x00000000e78f66b8,0x00000000f0900000)
  from space 78336K, 99% used [0x00000000f0e00000,0x00000000f5a5c9f0,0x00000000f5a80000)
  to   space 126464K, 0% used [0x00000000f8480000,0x00000000f8480000,0x0000000100000000)
 ParOldGen       total 1398272K, used 75289K [0x0000000080000000, 0x00000000d5580000, 0x00000000d5580000)
  object space 1398272K, 5% used [0x0000000080000000,0x00000000849866f8,0x00000000d5580000)
 Metaspace       used 72165K, capacity 75666K, committed 75904K, reserved 1116160K
  class space    used 7870K, capacity 8493K, committed 8576K, reserved 1048576K
GC Heap History (10 events):
Event: 12.168 GC heap before
{Heap before GC invocations=6 (full 3):
 PSYoungGen      total 611840K, used 33712K [0x00000000d5580000, 0x0000000100000000, 0x0000000100000000)
  eden space 524800K, 0% used [0x00000000d5580000,0x00000000d5580000,0x00000000f5600000)
  from space 87040K, 38% used [0x00000000f5600000,0x00000000f76ec198,0x00000000fab00000)
  to   space 87040K, 0% used [0x00000000fab00000,0x00000000fab00000,0x0000000100000000)
 ParOldGen       total 1398272K, used 23559K [0x0000000080000000, 0x00000000d5580000, 0x00000000d5580000)
  object space 1398272K, 1% used [0x0000000080000000,0x0000000081701f90,0x00000000d5580000)
 Metaspace       used 57504K, capacity 58928K, committed 59028K, reserved 1101824K
  class space    used 6641K, capacity 6912K, committed 6912K, reserved 1048576K
Event: 12.457 GC heap after
Heap after GC invocations=6 (full 3):
 PSYoungGen      total 611840K, used 0K [0x00000000d5580000, 0x0000000100000000, 0x0000000100000000)
  eden space 524800K, 0% used [0x00000000d5580000,0x00000000d5580000,0x00000000f5600000)
  from space 87040K, 0% used [0x00000000f5600000,0x00000000f5600000,0x00000000fab00000)
  to   space 87040K, 0% used [0x00000000fab00000,0x00000000fab00000,0x0000000100000000)
 ParOldGen       total 1398272K, used 44281K [0x0000000080000000, 0x00000000d5580000, 0x00000000d5580000)
  object space 1398272K, 3% used [0x0000000080000000,0x0000000082b3e548,0x00000000d5580000)
 Metaspace       used 57456K, capacity 58812K, committed 59028K, reserved 1101824K
  class space    used 6625K, capacity 6884K, committed 6912K, reserved 1048576K
}
Event: 91.274 GC heap before
{Heap before GC invocations=7 (full 3):
 PSYoungGen      total 611840K, used 524800K [0x00000000d5580000, 0x0000000100000000, 0x0000000100000000)
  eden space 524800K, 100% used [0x00000000d5580000,0x00000000f5600000,0x00000000f5600000)
  from space 87040K, 0% used [0x00000000f5600000,0x00000000f5600000,0x00000000fab00000)
  to   space 87040K, 0% used [0x00000000fab00000,0x00000000fab00000,0x0000000100000000)
 ParOldGen       total 1398272K, used 44281K [0x0000000080000000, 0x00000000d5580000, 0x00000000d5580000)
  object space 1398272K, 3% used [0x0000000080000000,0x0000000082b3e548,0x00000000d5580000)
 Metaspace       used 67179K, capacity 69962K, committed 70144K, reserved 1112064K
  class space    used 7642K, capacity 8127K, committed 8192K, reserved 1048576K
Event: 91.389 GC heap after
Heap after GC invocations=7 (full 3):
 PSYoungGen      total 611840K, used 46463K [0x00000000d5580000, 0x0000000100000000, 0x0000000100000000)
  eden space 524800K, 0% used [0x00000000d5580000,0x00000000d5580000,0x00000000f5600000)
  from space 87040K, 53% used [0x00000000fab00000,0x00000000fd85fc58,0x0000000100000000)
  to   space 87040K, 0% used [0x00000000f5600000,0x00000000f5600000,0x00000000fab00000)
 ParOldGen       total 1398272K, used 44289K [0x0000000080000000, 0x00000000d5580000, 0x00000000d5580000)
  object space 1398272K, 3% used [0x0000000080000000,0x0000000082b40548,0x00000000d5580000)
 Metaspace       used 67179K, capacity 69962K, committed 70144K, reserved 1112064K
  class space    used 7642K, capacity 8127K, committed 8192K, reserved 1048576K
}
Event: 328.773 GC heap before
{Heap before GC invocations=8 (full 3):
 PSYoungGen      total 611840K, used 571263K [0x00000000d5580000, 0x0000000100000000, 0x0000000100000000)
  eden space 524800K, 100% used [0x00000000d5580000,0x00000000f5600000,0x00000000f5600000)
  from space 87040K, 53% used [0x00000000fab00000,0x00000000fd85fc58,0x0000000100000000)
  to   space 87040K, 0% used [0x00000000f5600000,0x00000000f5600000,0x00000000fab00000)
 ParOldGen       total 1398272K, used 44289K [0x0000000080000000, 0x00000000d5580000, 0x00000000d5580000)
  object space 1398272K, 3% used [0x0000000080000000,0x0000000082b40548,0x00000000d5580000)
 Metaspace       used 69585K, capacity 72652K, committed 72832K, reserved 1114112K
  class space    used 7739K, capacity 8284K, committed 8320K, reserved 1048576K
Event: 328.943 GC heap after
Heap after GC invocations=8 (full 3):
 PSYoungGen      total 611840K, used 87031K [0x00000000d5580000, 0x0000000100000000, 0x0000000100000000)
  eden space 524800K, 0% used [0x00000000d5580000,0x00000000d5580000,0x00000000f5600000)
  from space 87040K, 99% used [0x00000000f5600000,0x00000000faafdc10,0x00000000fab00000)
  to   space 87040K, 0% used [0x00000000fab00000,0x00000000fab00000,0x0000000100000000)
 ParOldGen       total 1398272K, used 46713K [0x0000000080000000, 0x00000000d5580000, 0x00000000d5580000)
  object space 1398272K, 3% used [0x0000000080000000,0x0000000082d9e548,0x00000000d5580000)
 Metaspace       used 69585K, capacity 72652K, committed 72832K, reserved 1114112K
  class space    used 7739K, capacity 8284K, committed 8320K, reserved 1048576K
}
Event: 573.940 GC heap before
{Heap before GC invocations=9 (full 3):
 PSYoungGen      total 611840K, used 611831K [0x00000000d5580000, 0x0000000100000000, 0x0000000100000000)
  eden space 524800K, 100% used [0x00000000d5580000,0x00000000f5600000,0x00000000f5600000)
  from space 87040K, 99% used [0x00000000f5600000,0x00000000faafdc10,0x00000000fab00000)
  to   space 87040K, 0% used [0x00000000fab00000,0x00000000fab00000,0x0000000100000000)
 ParOldGen       total 1398272K, used 46713K [0x0000000080000000, 0x00000000d5580000, 0x00000000d5580000)
  object space 1398272K, 3% used [0x0000000080000000,0x0000000082d9e548,0x00000000d5580000)
 Metaspace       used 70796K, capacity 74176K, committed 74240K, reserved 1116160K
  class space    used 7815K, capacity 8416K, committed 8448K, reserved 1048576K
Event: 574.205 GC heap after
Heap after GC invocations=9 (full 3):
 PSYoungGen      total 538112K, used 87032K [0x00000000d5580000, 0x0000000100000000, 0x0000000100000000)
  eden space 451072K, 0% used [0x00000000d5580000,0x00000000d5580000,0x00000000f0e00000)
  from space 87040K, 99% used [0x00000000fab00000,0x00000000ffffe248,0x0000000100000000)
  to   space 123904K, 0% used [0x00000000f0e00000,0x00000000f0e00000,0x00000000f8700000)
 ParOldGen       total 1398272K, used 75281K [0x0000000080000000, 0x00000000d5580000, 0x00000000d5580000)
  object space 1398272K, 5% used [0x0000000080000000,0x00000000849846f8,0x00000000d5580000)
 Metaspace       used 70796K, capacity 74176K, committed 74240K, reserved 1116160K
  class space    used 7815K, capacity 8416K, committed 8448K, reserved 1048576K
}
Event: 660.550 GC heap before
{Heap before GC invocations=10 (full 3):
 PSYoungGen      total 538112K, used 538104K [0x00000000d5580000, 0x0000000100000000, 0x0000000100000000)
  eden space 451072K, 100% used [0x00000000d5580000,0x00000000f0e00000,0x00000000f0e00000)
  from space 87040K, 99% used [0x00000000fab00000,0x00000000ffffe248,0x0000000100000000)
  to   space 123904K, 0% used [0x00000000f0e00000,0x00000000f0e00000,0x00000000f8700000)
 ParOldGen       total 1398272K, used 75281K [0x0000000080000000, 0x00000000d5580000, 0x00000000d5580000)
  object space 1398272K, 5% used [0x0000000080000000,0x00000000849846f8,0x00000000d5580000)
 Metaspace       used 71431K, capacity 74820K, committed 75008K, reserved 1116160K
  class space    used 7828K, capacity 8424K, committed 8448K, reserved 1048576K
Event: 660.715 GC heap after
Heap after GC invocations=10 (full 3):
 PSYoungGen      total 524288K, used 78194K [0x00000000d5580000, 0x0000000100000000, 0x0000000100000000)
  eden space 445952K, 0% used [0x00000000d5580000,0x00000000d5580000,0x00000000f0900000)
  from space 78336K, 99% used [0x00000000f0e00000,0x00000000f5a5c9f0,0x00000000f5a80000)
  to   space 126464K, 0% used [0x00000000f8480000,0x00000000f8480000,0x0000000100000000)
 ParOldGen       total 1398272K, used 75289K [0x0000000080000000, 0x00000000d5580000, 0x00000000d5580000)
  object space 1398272K, 5% used [0x0000000080000000,0x00000000849866f8,0x00000000d5580000)
 Metaspace       used 71431K, capacity 74820K, committed 75008K, reserved 1116160K
  class space    used 7828K, capacity 8424K, committed 8448K, reserved 1048576K
}

