# JRE version: OpenJDK Runtime Environment (8.0_212-b04) (build 1.8.0_212-b04)
# Java VM: OpenJDK 64-Bit Server VM (25.212-b04 mixed mode linux-amd64 compressed oops)
Heap:
 PSYoungGen      total 611840K, used 151678K [0x00000000d5580000, 0x0000000100000000, 0x0000000100000000)
  eden space 524800K, 28% used [0x00000000d5580000,0x00000000de99faa0,0x00000000f5600000)
  from space 87040K, 0% used [0x00000000fab00000,0x00000000fab00000,0x0000000100000000)
  to   space 87040K, 0% used [0x00000000f5600000,0x00000000f5600000,0x00000000fab00000)
 ParOldGen       total 1396224K, used 10640K [0x0000000080000000, 0x00000000d5380000, 0x00000000d5580000)
  object space 1396224K, 0% used [0x0000000080000000,0x0000000080a64050,0x00000000d5380000)
 Metaspace       used 40848K, capacity 41285K, committed 41432K, reserved 1085440K
  class space    used 4460K, capacity 4604K, committed 4624K, reserved 1048576K
GC Heap History (8 events):
Event: 3.838 GC heap before
{Heap before GC invocations=1 (full 0):
 PSYoungGen      total 611840K, used 325379K [0x00000000d5580000, 0x0000000100000000, 0x0000000100000000)
  eden space 524800K, 62% used [0x00000000d5580000,0x00000000e9340d90,0x00000000f5600000)
  from space 87040K, 0% used [0x00000000fab00000,0x00000000fab00000,0x0000000100000000)
  to   space 87040K, 0% used [0x00000000f5600000,0x00000000f5600000,0x00000000fab00000)
 ParOldGen       total 1398272K, used 0K [0x0000000080000000, 0x00000000d5580000, 0x00000000d5580000)
  object space 1398272K, 0% used [0x0000000080000000,0x0000000080000000,0x00000000d5580000)
 Metaspace       used 20852K, capacity 21042K, committed 21248K, reserved 1067008K
  class space    used 2620K, capacity 2695K, committed 2816K, reserved 1048576K
Event: 3.864 GC heap after
Heap after GC invocations=1 (full 0):
 PSYoungGen      total 611840K, used 14556K [0x00000000d5580000, 0x0000000100000000, 0x0000000100000000)
  eden space 524800K, 0% used [0x00000000d5580000,0x00000000d5580000,0x00000000f5600000)
  from space 87040K, 16% used [0x00000000f5600000,0x00000000f6437210,0x00000000fab00000)
  to   space 87040K, 0% used [0x00000000fab00000,0x00000000fab00000,0x0000000100000000)
 ParOldGen       total 1398272K, used 24K [0x0000000080000000, 0x00000000d5580000, 0x00000000d5580000)
  object space 1398272K, 0% used [0x0000000080000000,0x0000000080006000,0x00000000d5580000)
 Metaspace       used 20852K, capacity 21042K, committed 21248K, reserved 1067008K
  class space    used 2620K, capacity 2695K, committed 2816K, reserved 1048576K
}
Event: 3.864 GC heap before
{Heap before GC invocations=2 (full 1):
 PSYoungGen      total 611840K, used 14556K [0x00000000d5580000, 0x0000000100000000, 0x0000000100000000)
  eden space 524800K, 0% used [0x00000000d5580000,0x00000000d5580000,0x00000000f5600000)
  from space 87040K, 16% used [0x00000000f5600000,0x00000000f6437210,0x00000000fab00000)
  to   space 87040K, 0% used [0x00000000fab00000,0x00000000fab00000,0x0000000100000000)
 ParOldGen       total 1398272K, used 24K [0x0000000080000000, 0x00000000d5580000, 0x00000000d5580000)
  object space 1398272K, 0% used [0x0000000080000000,0x0000000080006000,0x00000000d5580000)
 Metaspace       used 20852K, capacity 21042K, committed 21248K, reserved 1067008K
  class space    used 2620K, capacity 2695K, committed 2816K, reserved 1048576K
Event: 3.936 GC heap after
Heap after GC invocations=2 (full 1):
 PSYoungGen      total 611840K, used 0K [0x00000000d5580000, 0x0000000100000000, 0x0000000100000000)
  eden space 524800K, 0% used [0x00000000d5580000,0x00000000d5580000,0x00000000f5600000)
  from space 87040K, 0% used [0x00000000f5600000,0x00000000f5600000,0x00000000fab00000)
  to   space 87040K, 0% used [0x00000000fab00000,0x00000000fab00000,0x0000000100000000)
 ParOldGen       total 925696K, used 13972K [0x0000000080000000, 0x00000000b8800000, 0x00000000d5580000)
  object space 925696K, 1% used [0x0000000080000000,0x0000000080da51f0,0x00000000b8800000)
 Metaspace       used 20848K, capacity 21036K, committed 21248K, reserved 1067008K
  class space    used 2620K, capacity 2694K, committed 2816K, reserved 1048576K
}
Event: 6.109 GC heap before
{Heap before GC invocations=3 (full 1):
 PSYoungGen      total 611840K, used 192145K [0x00000000d5580000, 0x0000000100000000, 0x0000000100000000)
  eden space 524800K, 36% used [0x00000000d5580000,0x00000000e11244e8,0x00000000f5600000)
  from space 87040K, 0% used [0x00000000f5600000,0x00000000f5600000,0x00000000fab00000)
  to   space 87040K, 0% used [0x00000000fab00000,0x00000000fab00000,0x0000000100000000)
 ParOldGen       total 925696K, used 13972K [0x0000000080000000, 0x00000000b8800000, 0x00000000d5580000)
  object space 925696K, 1% used [0x0000000080000000,0x0000000080da51f0,0x00000000b8800000)
 Metaspace       used 34967K, capacity 35301K, committed 35416K, reserved 1081344K
  class space    used 3834K, capacity 3946K, committed 3984K, reserved 1048576K
Event: 6.120 GC heap after
Heap after GC invocations=3 (full 1):
 PSYoungGen      total 611840K, used 6354K [0x00000000d5580000, 0x0000000100000000, 0x0000000100000000)
  eden space 524800K, 0% used [0x00000000d5580000,0x00000000d5580000,0x00000000f5600000)
  from space 87040K, 7% used [0x00000000fab00000,0x00000000fb134828,0x0000000100000000)
  to   space 87040K, 0% used [0x00000000f5600000,0x00000000f5600000,0x00000000fab00000)
 ParOldGen       total 925696K, used 13972K [0x0000000080000000, 0x00000000b8800000, 0x00000000d5580000)
  object space 925696K, 1% used [0x0000000080000000,0x0000000080da51f0,0x00000000b8800000)
 Metaspace       used 34967K, capacity 35301K, committed 35416K, reserved 1081344K
  class space    used 3834K, capacity 3946K, committed 3984K, reserved 1048576K
}
Event: 6.120 GC heap before
{Heap before GC invocations=4 (full 2):
 PSYoungGen      total 611840K, used 6354K [0x00000000d5580000, 0x0000000100000000, 0x0000000100000000)
  eden space 524800K, 0% used [0x00000000d5580000,0x00000000d5580000,0x00000000f5600000)
  from space 87040K, 7% used [0x00000000fab00000,0x00000000fb134828,0x0000000100000000)
  to   space 87040K, 0% used [0x00000000f5600000,0x00000000f5600000,0x00000000fab00000)
 ParOldGen       total 925696K, used 13972K [0x0000000080000000, 0x00000000b8800000, 0x00000000d5580000)
  object space 925696K, 1% used [0x0000000080000000,0x0000000080da51f0,0x00000000b8800000)
 Metaspace       used 34967K, capacity 35301K, committed 35416K, reserved 1081344K
  class space    used 3834K, capacity 3946K, committed 3984K, reserved 1048576K
Event: 6.170 GC heap after
Heap after GC invocations=4 (full 2):
 PSYoungGen      total 611840K, used 0K [0x00000000d5580000, 0x0000000100000000, 0x0000000100000000)
  eden space 524800K, 0% used [0x00000000d5580000,0x00000000d5580000,0x00000000f5600000)
  from space 87040K, 0% used [0x00000000fab00000,0x00000000fab00000,0x0000000100000000)
  to   space 87040K, 0% used [0x00000000f5600000,0x00000000f5600000,0x00000000fab00000)
 ParOldGen       total 1396224K, used 10640K [0x0000000080000000, 0x00000000d5380000, 0x00000000d5580000)
  object space 1396224K, 0% used [0x0000000080000000,0x0000000080a64050,0x00000000d5380000)
 Metaspace       used 34940K, capacity 35259K, committed 35416K, reserved 1081344K
  class space    used 3831K, capacity 3939K, committed 3984K, reserved 1048576K
}

