# JRE version: OpenJDK Runtime Environment (8.0_212-b04) (build 1.8.0_212-b04)
# Java VM: OpenJDK 64-Bit Server VM (25.212-b04 mixed mode linux-amd64 compressed oops)
Heap:
 PSYoungGen      total 611840K, used 394427K [0x00000000d5580000, 0x0000000100000000, 0x0000000100000000)
  eden space 524800K, 75% used [0x00000000d5580000,0x00000000ed6aef18,0x00000000f5600000)
  from space 87040K, 0% used [0x00000000f5600000,0x00000000f5600000,0x00000000fab00000)
  to   space 87040K, 0% used [0x00000000fab00000,0x00000000fab00000,0x0000000100000000)
 ParOldGen       total 1398272K, used 44458K [0x0000000080000000, 0x00000000d5580000, 0x00000000d5580000)
  object space 1398272K, 3% used [0x0000000080000000,0x0000000082b6aa38,0x00000000d5580000)
 Metaspace       used 65822K, capacity 68514K, committed 68736K, reserved 1110016K
  class space    used 7513K, capacity 7979K, committed 8064K, reserved 1048576K
GC Heap History (10 events):
Event: 2.579 GC heap before
{Heap before GC invocations=2 (full 1):
 PSYoungGen      total 611840K, used 14296K [0x00000000d5580000, 0x0000000100000000, 0x0000000100000000)
  eden space 524800K, 0% used [0x00000000d5580000,0x00000000d5580000,0x00000000f5600000)
  from space 87040K, 16% used [0x00000000f5600000,0x00000000f63f6020,0x00000000fab00000)
  to   space 87040K, 0% used [0x00000000fab00000,0x00000000fab00000,0x0000000100000000)
 ParOldGen       total 1398272K, used 72K [0x0000000080000000, 0x00000000d5580000, 0x00000000d5580000)
  object space 1398272K, 0% used [0x0000000080000000,0x0000000080012010,0x00000000d5580000)
 Metaspace       used 20825K, capacity 21106K, committed 21248K, reserved 1069056K
  class space    used 2363K, capacity 2482K, committed 2560K, reserved 1048576K
Event: 2.681 GC heap after
Heap after GC invocations=2 (full 1):
 PSYoungGen      total 611840K, used 0K [0x00000000d5580000, 0x0000000100000000, 0x0000000100000000)
  eden space 524800K, 0% used [0x00000000d5580000,0x00000000d5580000,0x00000000f5600000)
  from space 87040K, 0% used [0x00000000f5600000,0x00000000f5600000,0x00000000fab00000)
  to   space 87040K, 0% used [0x00000000fab00000,0x00000000fab00000,0x0000000100000000)
 ParOldGen       total 901120K, used 13725K [0x0000000080000000, 0x00000000b7000000, 0x00000000d5580000)
  object space 901120K, 1% used [0x0000000080000000,0x0000000080d67588,0x00000000b7000000)
 Metaspace       used 20825K, capacity 21106K, committed 21248K, reserved 1069056K
  class space    used 2363K, capacity 2482K, committed 2560K, reserved 1048576K
}
Event: 5.289 GC heap before
{Heap before GC invocations=3 (full 1):
 PSYoungGen      total 611840K, used 434547K [0x00000000d5580000, 0x0000000100000000, 0x0000000100000000)
  eden space 524800K, 82% used [0x00000000d5580000,0x00000000efddcd98,0x00000000f5600000)
  from space 87040K, 0% used [0x00000000f5600000,0x00000000f5600000,0x00000000fab00000)
  to   space 87040K, 0% used [0x00000000fab00000,0x00000000fab00000,0x0000000100000000)
 ParOldGen       total 901120K, used 13725K [0x0000000080000000, 0x00000000b7000000, 0x00000000d5580000)
  object space 901120K, 1% used [0x0000000080000000,0x0000000080d67588,0x00000000b7000000)
 Metaspace       used 34791K, capacity 35156K, committed 35416K, reserved 1081344K
  class space    used 3961K, capacity 4060K, committed 4096K, reserved 1048576K
Event: 5.334 GC heap after
Heap after GC invocations=3 (full 1):
 PSYoungGen      total 611840K, used 19275K [0x00000000d5580000, 0x0000000100000000, 0x0000000100000000)
  eden space 524800K, 0% used [0x00000000d5580000,0x00000000d5580000,0x00000000f5600000)
  from space 87040K, 22% used [0x00000000fab00000,0x00000000fbdd2e80,0x0000000100000000)
  to   space 87040K, 0% used [0x00000000f5600000,0x00000000f5600000,0x00000000fab00000)
 ParOldGen       total 901120K, used 13733K [0x0000000080000000, 0x00000000b7000000, 0x00000000d5580000)
  object space 901120K, 1% used [0x0000000080000000,0x0000000080d69588,0x00000000b7000000)
 Metaspace       used 34791K, capacity 35156K, committed 35416K, reserved 1081344K
  class space    used 3961K, capacity 4060K, committed 4096K, reserved 1048576K
}
Event: 5.334 GC heap before
{Heap before GC invocations=4 (full 2):
 PSYoungGen      total 611840K, used 19275K [0x00000000d5580000, 0x0000000100000000, 0x0000000100000000)
  eden space 524800K, 0% used [0x00000000d5580000,0x00000000d5580000,0x00000000f5600000)
  from space 87040K, 22% used [0x00000000fab00000,0x00000000fbdd2e80,0x0000000100000000)
  to   space 87040K, 0% used [0x00000000f5600000,0x00000000f5600000,0x00000000fab00000)
 ParOldGen       total 901120K, used 13733K [0x0000000080000000, 0x00000000b7000000, 0x00000000d5580000)
  object space 901120K, 1% used [0x0000000080000000,0x0000000080d69588,0x00000000b7000000)
 Metaspace       used 34791K, capacity 35156K, committed 35416K, reserved 1081344K
  class space    used 3961K, capacity 4060K, committed 4096K, reserved 1048576K
Event: 5.450 GC heap after
Heap after GC invocations=4 (full 2):
 PSYoungGen      total 611840K, used 0K [0x00000000d5580000, 0x0000000100000000, 0x0000000100000000)
  eden space 524800K, 0% used [0x00000000d5580000,0x00000000d5580000,0x00000000f5600000)
  from space 87040K, 0% used [0x00000000fab00000,0x00000000fab00000,0x0000000100000000)
  to   space 87040K, 0% used [0x00000000f5600000,0x00000000f5600000,0x00000000fab00000)
 ParOldGen       total 1398272K, used 23542K [0x0000000080000000, 0x00000000d5580000, 0x00000000d5580000)
  object space 1398272K, 1% used [0x0000000080000000,0x00000000816fd940,0x00000000d5580000)
 Metaspace       used 34791K, capacity 35156K, committed 35416K, reserved 1081344K
  class space    used 3961K, capacity 4060K, committed 4096K, reserved 1048576K
}
Event: 12.516 GC heap before
{Heap before GC invocations=5 (full 2):
 PSYoungGen      total 611840K, used 502154K [0x00000000d5580000, 0x0000000100000000, 0x0000000100000000)
  eden space 524800K, 95% used [0x00000000d5580000,0x00000000f3fe2b30,0x00000000f5600000)
  from space 87040K, 0% used [0x00000000fab00000,0x00000000fab00000,0x0000000100000000)
  to   space 87040K, 0% used [0x00000000f5600000,0x00000000f5600000,0x00000000fab00000)
 ParOldGen       total 1398272K, used 23542K [0x0000000080000000, 0x00000000d5580000, 0x00000000d5580000)
  object space 1398272K, 1% used [0x0000000080000000,0x00000000816fd940,0x00000000d5580000)
 Metaspace       used 57503K, capacity 58884K, committed 59028K, reserved 1101824K
  class space    used 6635K, capacity 6902K, committed 6912K, reserved 1048576K
Event: 12.586 GC heap after
Heap after GC invocations=5 (full 2):
 PSYoungGen      total 611840K, used 33947K [0x00000000d5580000, 0x0000000100000000, 0x0000000100000000)
  eden space 524800K, 0% used [0x00000000d5580000,0x00000000d5580000,0x00000000f5600000)
  from space 87040K, 39% used [0x00000000f5600000,0x00000000f7726dc0,0x00000000fab00000)
  to   space 87040K, 0% used [0x00000000fab00000,0x00000000fab00000,0x0000000100000000)
 ParOldGen       total 1398272K, used 23550K [0x0000000080000000, 0x00000000d5580000, 0x00000000d5580000)
  object space 1398272K, 1% used [0x0000000080000000,0x00000000816ff940,0x00000000d5580000)
 Metaspace       used 57503K, capacity 58884K, committed 59028K, reserved 1101824K
  class space    used 6635K, capacity 6902K, committed 6912K, reserved 1048576K
}
Event: 12.587 GC heap before
{Heap before GC invocations=6 (full 3):
 PSYoungGen      total 611840K, used 33947K [0x00000000d5580000, 0x0000000100000000, 0x0000000100000000)
  eden space 524800K, 0% used [0x00000000d5580000,0x00000000d5580000,0x00000000f5600000)
  from space 87040K, 39% used [0x00000000f5600000,0x00000000f7726dc0,0x00000000fab00000)
  to   space 87040K, 0% used [0x00000000fab00000,0x00000000fab00000,0x0000000100000000)
 ParOldGen       total 1398272K, used 23550K [0x0000000080000000, 0x00000000d5580000, 0x00000000d5580000)
  object space 1398272K, 1% used [0x0000000080000000,0x00000000816ff940,0x00000000d5580000)
 Metaspace       used 57503K, capacity 58884K, committed 59028K, reserved 1101824K
  class space    used 6635K, capacity 6902K, committed 6912K, reserved 1048576K
Event: 12.865 GC heap after
Heap after GC invocations=6 (full 3):
 PSYoungGen      total 611840K, used 0K [0x00000000d5580000, 0x0000000100000000, 0x0000000100000000)
  eden space 524800K, 0% used [0x00000000d5580000,0x00000000d5580000,0x00000000f5600000)
  from space 87040K, 0% used [0x00000000f5600000,0x00000000f5600000,0x00000000fab00000)
  to   space 87040K, 0% used [0x00000000fab00000,0x00000000fab00000,0x0000000100000000)
 ParOldGen       total 1398272K, used 44458K [0x0000000080000000, 0x00000000d5580000, 0x00000000d5580000)
  object space 1398272K, 3% used [0x0000000080000000,0x0000000082b6aa38,0x00000000d5580000)
 Metaspace       used 57465K, capacity 58792K, committed 59028K, reserved 1101824K
  class space    used 6623K, capacity 6880K, committed 6912K, reserved 1048576K
}

