# JRE version: OpenJDK Runtime Environment (8.0_212-b04) (build 1.8.0_212-b04)
# Java VM: OpenJDK 64-Bit Server VM (25.212-b04 mixed mode linux-amd64 compressed oops)
Heap:
 PSYoungGen      total 611840K, used 317672K [0x00000000d5580000, 0x0000000100000000, 0x0000000100000000)
  eden space 524800K, 43% used [0x00000000d5580000,0x00000000e36c09e0,0x00000000f5600000)
  from space 87040K, 99% used [0x00000000f5600000,0x00000000faaf9848,0x00000000fab00000)
  to   space 87040K, 0% used [0x00000000fab00000,0x00000000fab00000,0x0000000100000000)
 ParOldGen       total 1398272K, used 91686K [0x0000000080000000, 0x00000000d5580000, 0x00000000d5580000)
  object space 1398272K, 6% used [0x0000000080000000,0x0000000085989850,0x00000000d5580000)
 Metaspace       used 67033K, capacity 70810K, committed 71040K, reserved 1112064K
  class space    used 7634K, capacity 8269K, committed 8320K, reserved 1048576K
GC Heap History (10 events):
Event: 9.906 GC heap before
{Heap before GC invocations=4 (full 2):
 PSYoungGen      total 611840K, used 19189K [0x00000000d5580000, 0x0000000100000000, 0x0000000100000000)
  eden space 524800K, 0% used [0x00000000d5580000,0x00000000d5580000,0x00000000f5600000)
  from space 87040K, 22% used [0x00000000fab00000,0x00000000fbdbd490,0x0000000100000000)
  to   space 87040K, 0% used [0x00000000f5600000,0x00000000f5600000,0x00000000fab00000)
 ParOldGen       total 895488K, used 13742K [0x0000000080000000, 0x00000000b6a80000, 0x00000000d5580000)
  object space 895488K, 1% used [0x0000000080000000,0x0000000080d6bb60,0x00000000b6a80000)
 Metaspace       used 34836K, capacity 35156K, committed 35416K, reserved 1081344K
  class space    used 3968K, capacity 4060K, committed 4096K, reserved 1048576K
Event: 9.990 GC heap after
Heap after GC invocations=4 (full 2):
 PSYoungGen      total 611840K, used 0K [0x00000000d5580000, 0x0000000100000000, 0x0000000100000000)
  eden space 524800K, 0% used [0x00000000d5580000,0x00000000d5580000,0x00000000f5600000)
  from space 87040K, 0% used [0x00000000fab00000,0x00000000fab00000,0x0000000100000000)
  to   space 87040K, 0% used [0x00000000f5600000,0x00000000f5600000,0x00000000fab00000)
 ParOldGen       total 1398272K, used 23588K [0x0000000080000000, 0x00000000d5580000, 0x00000000d5580000)
  object space 1398272K, 1% used [0x0000000080000000,0x0000000081709088,0x00000000d5580000)
 Metaspace       used 34836K, capacity 35156K, committed 35416K, reserved 1081344K
  class space    used 3968K, capacity 4060K, committed 4096K, reserved 1048576K
}
Event: 13.458 GC heap before
{Heap before GC invocations=5 (full 2):
 PSYoungGen      total 611840K, used 524800K [0x00000000d5580000, 0x0000000100000000, 0x0000000100000000)
  eden space 524800K, 100% used [0x00000000d5580000,0x00000000f5600000,0x00000000f5600000)
  from space 87040K, 0% used [0x00000000fab00000,0x00000000fab00000,0x0000000100000000)
  to   space 87040K, 0% used [0x00000000f5600000,0x00000000f5600000,0x00000000fab00000)
 ParOldGen       total 1398272K, used 23588K [0x0000000080000000, 0x00000000d5580000, 0x00000000d5580000)
  object space 1398272K, 1% used [0x0000000080000000,0x0000000081709088,0x00000000d5580000)
 Metaspace       used 44982K, capacity 45956K, committed 46208K, reserved 1089536K
  class space    used 5173K, capacity 5404K, committed 5504K, reserved 1048576K
Event: 13.512 GC heap after
Heap after GC invocations=5 (full 2):
 PSYoungGen      total 611840K, used 20630K [0x00000000d5580000, 0x0000000100000000, 0x0000000100000000)
  eden space 524800K, 0% used [0x00000000d5580000,0x00000000d5580000,0x00000000f5600000)
  from space 87040K, 23% used [0x00000000f5600000,0x00000000f6a25a98,0x00000000fab00000)
  to   space 87040K, 0% used [0x00000000fab00000,0x00000000fab00000,0x0000000100000000)
 ParOldGen       total 1398272K, used 23596K [0x0000000080000000, 0x00000000d5580000, 0x00000000d5580000)
  object space 1398272K, 1% used [0x0000000080000000,0x000000008170b088,0x00000000d5580000)
 Metaspace       used 44982K, capacity 45956K, committed 46208K, reserved 1089536K
  class space    used 5173K, capacity 5404K, committed 5504K, reserved 1048576K
}
Event: 17.268 GC heap before
{Heap before GC invocations=6 (full 2):
 PSYoungGen      total 611840K, used 232665K [0x00000000d5580000, 0x0000000100000000, 0x0000000100000000)
  eden space 524800K, 40% used [0x00000000d5580000,0x00000000e2490be0,0x00000000f5600000)
  from space 87040K, 23% used [0x00000000f5600000,0x00000000f6a25a98,0x00000000fab00000)
  to   space 87040K, 0% used [0x00000000fab00000,0x00000000fab00000,0x0000000100000000)
 ParOldGen       total 1398272K, used 23596K [0x0000000080000000, 0x00000000d5580000, 0x00000000d5580000)
  object space 1398272K, 1% used [0x0000000080000000,0x000000008170b088,0x00000000d5580000)
 Metaspace       used 57504K, capacity 58976K, committed 59028K, reserved 1101824K
  class space    used 6617K, capacity 6874K, committed 6912K, reserved 1048576K
Event: 17.305 GC heap after
Heap after GC invocations=6 (full 2):
 PSYoungGen      total 611840K, used 27862K [0x00000000d5580000, 0x0000000100000000, 0x0000000100000000)
  eden space 524800K, 0% used [0x00000000d5580000,0x00000000d5580000,0x00000000f5600000)
  from space 87040K, 32% used [0x00000000fab00000,0x00000000fc635b40,0x0000000100000000)
  to   space 87040K, 0% used [0x00000000f5600000,0x00000000f5600000,0x00000000fab00000)
 ParOldGen       total 1398272K, used 23604K [0x0000000080000000, 0x00000000d5580000, 0x00000000d5580000)
  object space 1398272K, 1% used [0x0000000080000000,0x000000008170d088,0x00000000d5580000)
 Metaspace       used 57504K, capacity 58976K, committed 59028K, reserved 1101824K
  class space    used 6617K, capacity 6874K, committed 6912K, reserved 1048576K
}
Event: 17.305 GC heap before
{Heap before GC invocations=7 (full 3):
 PSYoungGen      total 611840K, used 27862K [0x00000000d5580000, 0x0000000100000000, 0x0000000100000000)
  eden space 524800K, 0% used [0x00000000d5580000,0x00000000d5580000,0x00000000f5600000)
  from space 87040K, 32% used [0x00000000fab00000,0x00000000fc635b40,0x0000000100000000)
  to   space 87040K, 0% used [0x00000000f5600000,0x00000000f5600000,0x00000000fab00000)
 ParOldGen       total 1398272K, used 23604K [0x0000000080000000, 0x00000000d5580000, 0x00000000d5580000)
  object space 1398272K, 1% used [0x0000000080000000,0x000000008170d088,0x00000000d5580000)
 Metaspace       used 57504K, capacity 58976K, committed 59028K, reserved 1101824K
  class space    used 6617K, capacity 6874K, committed 6912K, reserved 1048576K
Event: 17.591 GC heap after
Heap after GC invocations=7 (full 3):
 PSYoungGen      total 611840K, used 0K [0x00000000d5580000, 0x0000000100000000, 0x0000000100000000)
  eden space 524800K, 0% used [0x00000000d5580000,0x00000000d5580000,0x00000000f5600000)
  from space 87040K, 0% used [0x00000000fab00000,0x00000000fab00000,0x0000000100000000)
  to   space 87040K, 0% used [0x00000000f5600000,0x00000000f5600000,0x00000000fab00000)
 ParOldGen       total 1398272K, used 38974K [0x0000000080000000, 0x00000000d5580000, 0x00000000d5580000)
  object space 1398272K, 2% used [0x0000000080000000,0x000000008260f870,0x00000000d5580000)
 Metaspace       used 57470K, capacity 58890K, committed 59028K, reserved 1101824K
  class space    used 6604K, capacity 6853K, committed 6912K, reserved 1048576K
}
Event: 28.316 GC heap before
{Heap before GC invocations=8 (full 3):
 PSYoungGen      total 611840K, used 524800K [0x00000000d5580000, 0x0000000100000000, 0x0000000100000000)
  eden space 524800K, 100% used [0x00000000d5580000,0x00000000f5600000,0x00000000f5600000)
  from space 87040K, 0% used [0x00000000fab00000,0x00000000fab00000,0x0000000100000000)
  to   space 87040K, 0% used [0x00000000f5600000,0x00000000f5600000,0x00000000fab00000)
 ParOldGen       total 1398272K, used 38974K [0x0000000080000000, 0x00000000d5580000, 0x00000000d5580000)
  object space 1398272K, 2% used [0x0000000080000000,0x000000008260f870,0x00000000d5580000)
 Metaspace       used 64930K, capacity 68342K, committed 68480K, reserved 1110016K
  class space    used 7447K, capacity 8051K, committed 8064K, reserved 1048576K
Event: 28.508 GC heap after
Heap after GC invocations=8 (full 3):
 PSYoungGen      total 611840K, used 87014K [0x00000000d5580000, 0x0000000100000000, 0x0000000100000000)
  eden space 524800K, 0% used [0x00000000d5580000,0x00000000d5580000,0x00000000f5600000)
  from space 87040K, 99% used [0x00000000f5600000,0x00000000faaf9848,0x00000000fab00000)
  to   space 87040K, 0% used [0x00000000fab00000,0x00000000fab00000,0x0000000100000000)
 ParOldGen       total 1398272K, used 91686K [0x0000000080000000, 0x00000000d5580000, 0x00000000d5580000)
  object space 1398272K, 6% used [0x0000000080000000,0x0000000085989850,0x00000000d5580000)
 Metaspace       used 64930K, capacity 68342K, committed 68480K, reserved 1110016K
  class space    used 7447K, capacity 8051K, committed 8064K, reserved 1048576K
}

