# JRE version: OpenJDK Runtime Environment (8.0_212-b04) (build 1.8.0_212-b04)
# Java VM: OpenJDK 64-Bit Server VM (25.212-b04 mixed mode linux-amd64 compressed oops)
Heap:
 PSYoungGen      total 611840K, used 297827K [0x00000000d5580000, 0x0000000100000000, 0x0000000100000000)
  eden space 524800K, 56% used [0x00000000d5580000,0x00000000e7858c50,0x00000000f5600000)
  from space 87040K, 0% used [0x00000000f5600000,0x00000000f5600000,0x00000000fab00000)
  to   space 87040K, 0% used [0x00000000fab00000,0x00000000fab00000,0x0000000100000000)
 ParOldGen       total 1398272K, used 37797K [0x0000000080000000, 0x00000000d5580000, 0x00000000d5580000)
  object space 1398272K, 2% used [0x0000000080000000,0x00000000824e9538,0x00000000d5580000)
 Metaspace       used 63509K, capacity 65872K, committed 66176K, reserved 1107968K
  class space    used 7262K, capacity 7698K, committed 7808K, reserved 1048576K
GC Heap History (10 events):
Event: 2.320 GC heap before
{Heap before GC invocations=2 (full 1):
 PSYoungGen      total 611840K, used 14371K [0x00000000d5580000, 0x0000000100000000, 0x0000000100000000)
  eden space 524800K, 0% used [0x00000000d5580000,0x00000000d5580000,0x00000000f5600000)
  from space 87040K, 16% used [0x00000000f5600000,0x00000000f6408c88,0x00000000fab00000)
  to   space 87040K, 0% used [0x00000000fab00000,0x00000000fab00000,0x0000000100000000)
 ParOldGen       total 1398272K, used 80K [0x0000000080000000, 0x00000000d5580000, 0x00000000d5580000)
  object space 1398272K, 0% used [0x0000000080000000,0x0000000080014010,0x00000000d5580000)
 Metaspace       used 20850K, capacity 21106K, committed 21248K, reserved 1069056K
  class space    used 2364K, capacity 2482K, committed 2560K, reserved 1048576K
Event: 2.377 GC heap after
Heap after GC invocations=2 (full 1):
 PSYoungGen      total 611840K, used 0K [0x00000000d5580000, 0x0000000100000000, 0x0000000100000000)
  eden space 524800K, 0% used [0x00000000d5580000,0x00000000d5580000,0x00000000f5600000)
  from space 87040K, 0% used [0x00000000f5600000,0x00000000f5600000,0x00000000fab00000)
  to   space 87040K, 0% used [0x00000000fab00000,0x00000000fab00000,0x0000000100000000)
 ParOldGen       total 821760K, used 13838K [0x0000000080000000, 0x00000000b2280000, 0x00000000d5580000)
  object space 821760K, 1% used [0x0000000080000000,0x0000000080d838a0,0x00000000b2280000)
 Metaspace       used 20850K, capacity 21106K, committed 21248K, reserved 1069056K
  class space    used 2364K, capacity 2482K, committed 2560K, reserved 1048576K
}
Event: 4.797 GC heap before
{Heap before GC invocations=3 (full 1):
 PSYoungGen      total 611840K, used 426151K [0x00000000d5580000, 0x0000000100000000, 0x0000000100000000)
  eden space 524800K, 81% used [0x00000000d5580000,0x00000000ef5a9d00,0x00000000f5600000)
  from space 87040K, 0% used [0x00000000f5600000,0x00000000f5600000,0x00000000fab00000)
  to   space 87040K, 0% used [0x00000000fab00000,0x00000000fab00000,0x0000000100000000)
 ParOldGen       total 821760K, used 13838K [0x0000000080000000, 0x00000000b2280000, 0x00000000d5580000)
  object space 821760K, 1% used [0x0000000080000000,0x0000000080d838a0,0x00000000b2280000)
 Metaspace       used 34799K, capacity 35156K, committed 35416K, reserved 1081344K
  class space    used 3963K, capacity 4060K, committed 4096K, reserved 1048576K
Event: 4.832 GC heap after
Heap after GC invocations=3 (full 1):
 PSYoungGen      total 611840K, used 19309K [0x00000000d5580000, 0x0000000100000000, 0x0000000100000000)
  eden space 524800K, 0% used [0x00000000d5580000,0x00000000d5580000,0x00000000f5600000)
  from space 87040K, 22% used [0x00000000fab00000,0x00000000fbddb7d8,0x0000000100000000)
  to   space 87040K, 0% used [0x00000000f5600000,0x00000000f5600000,0x00000000fab00000)
 ParOldGen       total 821760K, used 13846K [0x0000000080000000, 0x00000000b2280000, 0x00000000d5580000)
  object space 821760K, 1% used [0x0000000080000000,0x0000000080d858a0,0x00000000b2280000)
 Metaspace       used 34799K, capacity 35156K, committed 35416K, reserved 1081344K
  class space    used 3963K, capacity 4060K, committed 4096K, reserved 1048576K
}
Event: 4.832 GC heap before
{Heap before GC invocations=4 (full 2):
 PSYoungGen      total 611840K, used 19309K [0x00000000d5580000, 0x0000000100000000, 0x0000000100000000)
  eden space 524800K, 0% used [0x00000000d5580000,0x00000000d5580000,0x00000000f5600000)
  from space 87040K, 22% used [0x00000000fab00000,0x00000000fbddb7d8,0x0000000100000000)
  to   space 87040K, 0% used [0x00000000f5600000,0x00000000f5600000,0x00000000fab00000)
 ParOldGen       total 821760K, used 13846K [0x0000000080000000, 0x00000000b2280000, 0x00000000d5580000)
  object space 821760K, 1% used [0x0000000080000000,0x0000000080d858a0,0x00000000b2280000)
 Metaspace       used 34799K, capacity 35156K, committed 35416K, reserved 1081344K
  class space    used 3963K, capacity 4060K, committed 4096K, reserved 1048576K
Event: 4.907 GC heap after
Heap after GC invocations=4 (full 2):
 PSYoungGen      total 611840K, used 0K [0x00000000d5580000, 0x0000000100000000, 0x0000000100000000)
  eden space 524800K, 0% used [0x00000000d5580000,0x00000000d5580000,0x00000000f5600000)
  from space 87040K, 0% used [0x00000000fab00000,0x00000000fab00000,0x0000000100000000)
  to   space 87040K, 0% used [0x00000000f5600000,0x00000000f5600000,0x00000000fab00000)
 ParOldGen       total 1323008K, used 23682K [0x0000000080000000, 0x00000000d0c00000, 0x00000000d5580000)
  object space 1323008K, 1% used [0x0000000080000000,0x0000000081720b10,0x00000000d0c00000)
 Metaspace       used 34799K, capacity 35156K, committed 35416K, reserved 1081344K
  class space    used 3963K, capacity 4060K, committed 4096K, reserved 1048576K
}
Event: 11.273 GC heap before
{Heap before GC invocations=5 (full 2):
 PSYoungGen      total 611840K, used 323296K [0x00000000d5580000, 0x0000000100000000, 0x0000000100000000)
  eden space 524800K, 61% used [0x00000000d5580000,0x00000000e9138280,0x00000000f5600000)
  from space 87040K, 0% used [0x00000000fab00000,0x00000000fab00000,0x0000000100000000)
  to   space 87040K, 0% used [0x00000000f5600000,0x00000000f5600000,0x00000000fab00000)
 ParOldGen       total 1323008K, used 23682K [0x0000000080000000, 0x00000000d0c00000, 0x00000000d5580000)
  object space 1323008K, 1% used [0x0000000080000000,0x0000000081720b10,0x00000000d0c00000)
 Metaspace       used 57488K, capacity 58854K, committed 59008K, reserved 1101824K
  class space    used 6689K, capacity 6941K, committed 7040K, reserved 1048576K
Event: 11.307 GC heap after
Heap after GC invocations=5 (full 2):
 PSYoungGen      total 611840K, used 27125K [0x00000000d5580000, 0x0000000100000000, 0x0000000100000000)
  eden space 524800K, 0% used [0x00000000d5580000,0x00000000d5580000,0x00000000f5600000)
  from space 87040K, 31% used [0x00000000f5600000,0x00000000f707d568,0x00000000fab00000)
  to   space 87040K, 0% used [0x00000000fab00000,0x00000000fab00000,0x0000000100000000)
 ParOldGen       total 1323008K, used 23690K [0x0000000080000000, 0x00000000d0c00000, 0x00000000d5580000)
  object space 1323008K, 1% used [0x0000000080000000,0x0000000081722b10,0x00000000d0c00000)
 Metaspace       used 57488K, capacity 58854K, committed 59008K, reserved 1101824K
  class space    used 6689K, capacity 6941K, committed 7040K, reserved 1048576K
}
Event: 11.307 GC heap before
{Heap before GC invocations=6 (full 3):
 PSYoungGen      total 611840K, used 27125K [0x00000000d5580000, 0x0000000100000000, 0x0000000100000000)
  eden space 524800K, 0% used [0x00000000d5580000,0x00000000d5580000,0x00000000f5600000)
  from space 87040K, 31% used [0x00000000f5600000,0x00000000f707d568,0x00000000fab00000)
  to   space 87040K, 0% used [0x00000000fab00000,0x00000000fab00000,0x0000000100000000)
 ParOldGen       total 1323008K, used 23690K [0x0000000080000000, 0x00000000d0c00000, 0x00000000d5580000)
  object space 1323008K, 1% used [0x0000000080000000,0x0000000081722b10,0x00000000d0c00000)
 Metaspace       used 57488K, capacity 58854K, committed 59008K, reserved 1101824K
  class space    used 6689K, capacity 6941K, committed 7040K, reserved 1048576K
Event: 11.495 GC heap after
Heap after GC invocations=6 (full 3):
 PSYoungGen      total 611840K, used 0K [0x00000000d5580000, 0x0000000100000000, 0x0000000100000000)
  eden space 524800K, 0% used [0x00000000d5580000,0x00000000d5580000,0x00000000f5600000)
  from space 87040K, 0% used [0x00000000f5600000,0x00000000f5600000,0x00000000fab00000)
  to   space 87040K, 0% used [0x00000000fab00000,0x00000000fab00000,0x0000000100000000)
 ParOldGen       total 1398272K, used 37797K [0x0000000080000000, 0x00000000d5580000, 0x00000000d5580000)
  object space 1398272K, 2% used [0x0000000080000000,0x00000000824e9538,0x00000000d5580000)
 Metaspace       used 57484K, capacity 58844K, committed 59008K, reserved 1101824K
  class space    used 6687K, capacity 6938K, committed 7040K, reserved 1048576K
}

