# JRE version: OpenJDK Runtime Environment (8.0_212-b04) (build 1.8.0_212-b04)
# Java VM: OpenJDK 64-Bit Server VM (25.212-b04 mixed mode linux-amd64 compressed oops)
Heap:
 PSYoungGen      total 601600K, used 329786K [0x00000000d5580000, 0x0000000100000000, 0x0000000100000000)
  eden space 524800K, 48% used [0x00000000d5580000,0x00000000e4ce7d78,0x00000000f5600000)
  from space 76800K, 99% used [0x00000000f5600000,0x00000000fa0a6dc0,0x00000000fa100000)
  to   space 90624K, 0% used [0x00000000fa780000,0x00000000fa780000,0x0000000100000000)
 ParOldGen       total 1398272K, used 44428K [0x0000000080000000, 0x00000000d5580000, 0x00000000d5580000)
  object space 1398272K, 3% used [0x0000000080000000,0x0000000082b63188,0x00000000d5580000)
 Metaspace       used 66356K, capacity 69570K, committed 69888K, reserved 1112064K
  class space    used 7511K, capacity 8079K, committed 8192K, reserved 1048576K
GC Heap History (10 events):
Event: 4.577 GC heap before
{Heap before GC invocations=4 (full 2):
 PSYoungGen      total 611840K, used 19272K [0x00000000d5580000, 0x0000000100000000, 0x0000000100000000)
  eden space 524800K, 0% used [0x00000000d5580000,0x00000000d5580000,0x00000000f5600000)
  from space 87040K, 22% used [0x00000000fab00000,0x00000000fbdd21f8,0x0000000100000000)
  to   space 87040K, 0% used [0x00000000f5600000,0x00000000f5600000,0x00000000fab00000)
 ParOldGen       total 868864K, used 13726K [0x0000000080000000, 0x00000000b5080000, 0x00000000d5580000)
  object space 868864K, 1% used [0x0000000080000000,0x0000000080d67ad0,0x00000000b5080000)
 Metaspace       used 34805K, capacity 35188K, committed 35416K, reserved 1081344K
  class space    used 3968K, capacity 4092K, committed 4096K, reserved 1048576K
Event: 4.668 GC heap after
Heap after GC invocations=4 (full 2):
 PSYoungGen      total 611840K, used 0K [0x00000000d5580000, 0x0000000100000000, 0x0000000100000000)
  eden space 524800K, 0% used [0x00000000d5580000,0x00000000d5580000,0x00000000f5600000)
  from space 87040K, 0% used [0x00000000fab00000,0x00000000fab00000,0x0000000100000000)
  to   space 87040K, 0% used [0x00000000f5600000,0x00000000f5600000,0x00000000fab00000)
 ParOldGen       total 1398272K, used 23548K [0x0000000080000000, 0x00000000d5580000, 0x00000000d5580000)
  object space 1398272K, 1% used [0x0000000080000000,0x00000000816ff090,0x00000000d5580000)
 Metaspace       used 34805K, capacity 35188K, committed 35416K, reserved 1081344K
  class space    used 3968K, capacity 4092K, committed 4096K, reserved 1048576K
}
Event: 11.470 GC heap before
{Heap before GC invocations=5 (full 2):
 PSYoungGen      total 611840K, used 504537K [0x00000000d5580000, 0x0000000100000000, 0x0000000100000000)
  eden space 524800K, 96% used [0x00000000d5580000,0x00000000f42365e8,0x00000000f5600000)
  from space 87040K, 0% used [0x00000000fab00000,0x00000000fab00000,0x0000000100000000)
  to   space 87040K, 0% used [0x00000000f5600000,0x00000000f5600000,0x00000000fab00000)
 ParOldGen       total 1398272K, used 23548K [0x0000000080000000, 0x00000000d5580000, 0x00000000d5580000)
  object space 1398272K, 1% used [0x0000000080000000,0x00000000816ff090,0x00000000d5580000)
 Metaspace       used 57471K, capacity 58856K, committed 59028K, reserved 1101824K
  class space    used 6631K, capacity 6894K, committed 6912K, reserved 1048576K
Event: 11.529 GC heap after
Heap after GC invocations=5 (full 2):
 PSYoungGen      total 611840K, used 33932K [0x00000000d5580000, 0x0000000100000000, 0x0000000100000000)
  eden space 524800K, 0% used [0x00000000d5580000,0x00000000d5580000,0x00000000f5600000)
  from space 87040K, 38% used [0x00000000f5600000,0x00000000f77232b8,0x00000000fab00000)
  to   space 87040K, 0% used [0x00000000fab00000,0x00000000fab00000,0x0000000100000000)
 ParOldGen       total 1398272K, used 23556K [0x0000000080000000, 0x00000000d5580000, 0x00000000d5580000)
  object space 1398272K, 1% used [0x0000000080000000,0x0000000081701090,0x00000000d5580000)
 Metaspace       used 57471K, capacity 58856K, committed 59028K, reserved 1101824K
  class space    used 6631K, capacity 6894K, committed 6912K, reserved 1048576K
}
Event: 11.529 GC heap before
{Heap before GC invocations=6 (full 3):
 PSYoungGen      total 611840K, used 33932K [0x00000000d5580000, 0x0000000100000000, 0x0000000100000000)
  eden space 524800K, 0% used [0x00000000d5580000,0x00000000d5580000,0x00000000f5600000)
  from space 87040K, 38% used [0x00000000f5600000,0x00000000f77232b8,0x00000000fab00000)
  to   space 87040K, 0% used [0x00000000fab00000,0x00000000fab00000,0x0000000100000000)
 ParOldGen       total 1398272K, used 23556K [0x0000000080000000, 0x00000000d5580000, 0x00000000d5580000)
  object space 1398272K, 1% used [0x0000000080000000,0x0000000081701090,0x00000000d5580000)
 Metaspace       used 57471K, capacity 58856K, committed 59028K, reserved 1101824K
  class space    used 6631K, capacity 6894K, committed 6912K, reserved 1048576K
Event: 11.793 GC heap after
Heap after GC invocations=6 (full 3):
 PSYoungGen      total 611840K, used 0K [0x00000000d5580000, 0x0000000100000000, 0x0000000100000000)
  eden space 524800K, 0% used [0x00000000d5580000,0x00000000d5580000,0x00000000f5600000)
  from space 87040K, 0% used [0x00000000f5600000,0x00000000f5600000,0x00000000fab00000)
  to   space 87040K, 0% used [0x00000000fab00000,0x00000000fab00000,0x0000000100000000)
 ParOldGen       total 1398272K, used 44420K [0x0000000080000000, 0x00000000d5580000, 0x00000000d5580000)
  object space 1398272K, 3% used [0x0000000080000000,0x0000000082b61188,0x00000000d5580000)
 Metaspace       used 57448K, capacity 58802K, committed 59028K, reserved 1101824K
  class space    used 6623K, capacity 6881K, committed 6912K, reserved 1048576K
}
Event: 32.868 GC heap before
{Heap before GC invocations=7 (full 3):
 PSYoungGen      total 611840K, used 524800K [0x00000000d5580000, 0x0000000100000000, 0x0000000100000000)
  eden space 524800K, 100% used [0x00000000d5580000,0x00000000f5600000,0x00000000f5600000)
  from space 87040K, 0% used [0x00000000f5600000,0x00000000f5600000,0x00000000fab00000)
  to   space 87040K, 0% used [0x00000000fab00000,0x00000000fab00000,0x0000000100000000)
 ParOldGen       total 1398272K, used 44420K [0x0000000080000000, 0x00000000d5580000, 0x00000000d5580000)
  object space 1398272K, 3% used [0x0000000080000000,0x0000000082b61188,0x00000000d5580000)
 Metaspace       used 65333K, capacity 68222K, committed 68480K, reserved 1110016K
  class space    used 7464K, capacity 7995K, committed 8064K, reserved 1048576K
Event: 32.955 GC heap after
Heap after GC invocations=7 (full 3):
 PSYoungGen      total 611840K, used 65395K [0x00000000d5580000, 0x0000000100000000, 0x0000000100000000)
  eden space 524800K, 0% used [0x00000000d5580000,0x00000000d5580000,0x00000000f5600000)
  from space 87040K, 75% used [0x00000000fab00000,0x00000000feadcd48,0x0000000100000000)
  to   space 87040K, 0% used [0x00000000f5600000,0x00000000f5600000,0x00000000fab00000)
 ParOldGen       total 1398272K, used 44420K [0x0000000080000000, 0x00000000d5580000, 0x00000000d5580000)
  object space 1398272K, 3% used [0x0000000080000000,0x0000000082b61188,0x00000000d5580000)
 Metaspace       used 65333K, capacity 68222K, committed 68480K, reserved 1110016K
  class space    used 7464K, capacity 7995K, committed 8064K, reserved 1048576K
}
Event: 38.167 GC heap before
{Heap before GC invocations=8 (full 3):
 PSYoungGen      total 611840K, used 589281K [0x00000000d5580000, 0x0000000100000000, 0x0000000100000000)
  eden space 524800K, 99% used [0x00000000d5580000,0x00000000f551b8b8,0x00000000f5600000)
  from space 87040K, 75% used [0x00000000fab00000,0x00000000feadcd48,0x0000000100000000)
  to   space 87040K, 0% used [0x00000000f5600000,0x00000000f5600000,0x00000000fab00000)
 ParOldGen       total 1398272K, used 44420K [0x0000000080000000, 0x00000000d5580000, 0x00000000d5580000)
  object space 1398272K, 3% used [0x0000000080000000,0x0000000082b61188,0x00000000d5580000)
 Metaspace       used 66129K, capacity 69256K, committed 69504K, reserved 1110016K
  class space    used 7496K, capacity 8052K, committed 8064K, reserved 1048576K
Event: 38.275 GC heap after
Heap after GC invocations=8 (full 3):
 PSYoungGen      total 601600K, used 76443K [0x00000000d5580000, 0x0000000100000000, 0x0000000100000000)
  eden space 524800K, 0% used [0x00000000d5580000,0x00000000d5580000,0x00000000f5600000)
  from space 76800K, 99% used [0x00000000f5600000,0x00000000fa0a6dc0,0x00000000fa100000)
  to   space 90624K, 0% used [0x00000000fa780000,0x00000000fa780000,0x0000000100000000)
 ParOldGen       total 1398272K, used 44428K [0x0000000080000000, 0x00000000d5580000, 0x00000000d5580000)
  object space 1398272K, 3% used [0x0000000080000000,0x0000000082b63188,0x00000000d5580000)
 Metaspace       used 66129K, capacity 69256K, committed 69504K, reserved 1110016K
  class space    used 7496K, capacity 8052K, committed 8064K, reserved 1048576K
}

