# JRE version: OpenJDK Runtime Environment (8.0_212-b04) (build 1.8.0_212-b04)
# Java VM: OpenJDK 64-Bit Server VM (25.212-b04 mixed mode linux-amd64 compressed oops)
Heap:
 PSYoungGen      total 575488K, used 439606K [0x00000000d5580000, 0x0000000100000000, 0x0000000100000000)
  eden space 529920K, 74% used [0x00000000d5580000,0x00000000ed654320,0x00000000f5b00000)
  from space 45568K, 99% used [0x00000000f9b80000,0x00000000fc7f9600,0x00000000fc800000)
  to   space 66048K, 0% used [0x00000000f5b00000,0x00000000f5b00000,0x00000000f9b80000)
 ParOldGen       total 1398272K, used 37924K [0x0000000080000000, 0x00000000d5580000, 0x00000000d5580000)
  object space 1398272K, 2% used [0x0000000080000000,0x00000000825093e8,0x00000000d5580000)
 Metaspace       used 82480K, capacity 86197K, committed 86272K, reserved 1126400K
  class space    used 9289K, capacity 9933K, committed 9984K, reserved 1048576K
GC Heap History (10 events):
Event: 7.143 GC heap before
{Heap before GC invocations=5 (full 2):
 PSYoungGen      total 611840K, used 524800K [0x00000000d5580000, 0x0000000100000000, 0x0000000100000000)
  eden space 524800K, 100% used [0x00000000d5580000,0x00000000f5600000,0x00000000f5600000)
  from space 87040K, 0% used [0x00000000fab00000,0x00000000fab00000,0x0000000100000000)
  to   space 87040K, 0% used [0x00000000f5600000,0x00000000f5600000,0x00000000fab00000)
 ParOldGen       total 1398272K, used 24288K [0x0000000080000000, 0x00000000d5580000, 0x00000000d5580000)
  object space 1398272K, 1% used [0x0000000080000000,0x00000000817b8090,0x00000000d5580000)
 Metaspace       used 49332K, capacity 50120K, committed 50432K, reserved 1093632K
  class space    used 5869K, capacity 6054K, committed 6144K, reserved 1048576K
Event: 7.180 GC heap after
Heap after GC invocations=5 (full 2):
 PSYoungGen      total 611840K, used 20294K [0x00000000d5580000, 0x0000000100000000, 0x0000000100000000)
  eden space 524800K, 0% used [0x00000000d5580000,0x00000000d5580000,0x00000000f5600000)
  from space 87040K, 23% used [0x00000000f5600000,0x00000000f69d1890,0x00000000fab00000)
  to   space 87040K, 0% used [0x00000000fab00000,0x00000000fab00000,0x0000000100000000)
 ParOldGen       total 1398272K, used 24296K [0x0000000080000000, 0x00000000d5580000, 0x00000000d5580000)
  object space 1398272K, 1% used [0x0000000080000000,0x00000000817ba090,0x00000000d5580000)
 Metaspace       used 49332K, capacity 50120K, committed 50432K, reserved 1093632K
  class space    used 5869K, capacity 6054K, committed 6144K, reserved 1048576K
}
Event: 11.397 GC heap before
{Heap before GC invocations=6 (full 2):
 PSYoungGen      total 611840K, used 339466K [0x00000000d5580000, 0x0000000100000000, 0x0000000100000000)
  eden space 524800K, 60% used [0x00000000d5580000,0x00000000e8d30f88,0x00000000f5600000)
  from space 87040K, 23% used [0x00000000f5600000,0x00000000f69d1890,0x00000000fab00000)
  to   space 87040K, 0% used [0x00000000fab00000,0x00000000fab00000,0x0000000100000000)
 ParOldGen       total 1398272K, used 24296K [0x0000000080000000, 0x00000000d5580000, 0x00000000d5580000)
  object space 1398272K, 1% used [0x0000000080000000,0x00000000817ba090,0x00000000d5580000)
 Metaspace       used 57848K, capacity 58969K, committed 59028K, reserved 1101824K
  class space    used 6941K, capacity 7168K, committed 7168K, reserved 1048576K
Event: 11.431 GC heap after
Heap after GC invocations=6 (full 2):
 PSYoungGen      total 611840K, used 20001K [0x00000000d5580000, 0x0000000100000000, 0x0000000100000000)
  eden space 524800K, 0% used [0x00000000d5580000,0x00000000d5580000,0x00000000f5600000)
  from space 87040K, 22% used [0x00000000fab00000,0x00000000fbe884b8,0x0000000100000000)
  to   space 87040K, 0% used [0x00000000f5600000,0x00000000f5600000,0x00000000fab00000)
 ParOldGen       total 1398272K, used 24304K [0x0000000080000000, 0x00000000d5580000, 0x00000000d5580000)
  object space 1398272K, 1% used [0x0000000080000000,0x00000000817bc090,0x00000000d5580000)
 Metaspace       used 57848K, capacity 58969K, committed 59028K, reserved 1101824K
  class space    used 6941K, capacity 7168K, committed 7168K, reserved 1048576K
}
Event: 11.431 GC heap before
{Heap before GC invocations=7 (full 3):
 PSYoungGen      total 611840K, used 20001K [0x00000000d5580000, 0x0000000100000000, 0x0000000100000000)
  eden space 524800K, 0% used [0x00000000d5580000,0x00000000d5580000,0x00000000f5600000)
  from space 87040K, 22% used [0x00000000fab00000,0x00000000fbe884b8,0x0000000100000000)
  to   space 87040K, 0% used [0x00000000f5600000,0x00000000f5600000,0x00000000fab00000)
 ParOldGen       total 1398272K, used 24304K [0x0000000080000000, 0x00000000d5580000, 0x00000000d5580000)
  object space 1398272K, 1% used [0x0000000080000000,0x00000000817bc090,0x00000000d5580000)
 Metaspace       used 57848K, capacity 58969K, committed 59028K, reserved 1101824K
  class space    used 6941K, capacity 7168K, committed 7168K, reserved 1048576K
Event: 11.681 GC heap after
Heap after GC invocations=7 (full 3):
 PSYoungGen      total 611840K, used 0K [0x00000000d5580000, 0x0000000100000000, 0x0000000100000000)
  eden space 524800K, 0% used [0x00000000d5580000,0x00000000d5580000,0x00000000f5600000)
  from space 87040K, 0% used [0x00000000fab00000,0x00000000fab00000,0x0000000100000000)
  to   space 87040K, 0% used [0x00000000f5600000,0x00000000f5600000,0x00000000fab00000)
 ParOldGen       total 1398272K, used 32577K [0x0000000080000000, 0x00000000d5580000, 0x00000000d5580000)
  object space 1398272K, 2% used [0x0000000080000000,0x0000000081fd06f8,0x00000000d5580000)
 Metaspace       used 57773K, capacity 58789K, committed 59028K, reserved 1101824K
  class space    used 6914K, capacity 7122K, committed 7168K, reserved 1048576K
}
Event: 25.275 GC heap before
{Heap before GC invocations=8 (full 3):
 PSYoungGen      total 611840K, used 522925K [0x00000000d5580000, 0x0000000100000000, 0x0000000100000000)
  eden space 524800K, 99% used [0x00000000d5580000,0x00000000f542b518,0x00000000f5600000)
  from space 87040K, 0% used [0x00000000fab00000,0x00000000fab00000,0x0000000100000000)
  to   space 87040K, 0% used [0x00000000f5600000,0x00000000f5600000,0x00000000fab00000)
 ParOldGen       total 1398272K, used 32577K [0x0000000080000000, 0x00000000d5580000, 0x00000000d5580000)
  object space 1398272K, 2% used [0x0000000080000000,0x0000000081fd06f8,0x00000000d5580000)
 Metaspace       used 76362K, capacity 79409K, committed 79616K, reserved 1120256K
  class space    used 8898K, capacity 9465K, committed 9472K, reserved 1048576K
Event: 25.420 GC heap after
Heap after GC invocations=8 (full 3):
 PSYoungGen      total 595968K, used 70729K [0x00000000d5580000, 0x00000000fc800000, 0x0000000100000000)
  eden space 524800K, 0% used [0x00000000d5580000,0x00000000d5580000,0x00000000f5600000)
  from space 71168K, 99% used [0x00000000f5600000,0x00000000f9b125b8,0x00000000f9b80000)
  to   space 45568K, 0% used [0x00000000f9b80000,0x00000000f9b80000,0x00000000fc800000)
 ParOldGen       total 1398272K, used 32577K [0x0000000080000000, 0x00000000d5580000, 0x00000000d5580000)
  object space 1398272K, 2% used [0x0000000080000000,0x0000000081fd06f8,0x00000000d5580000)
 Metaspace       used 76362K, capacity 79409K, committed 79616K, reserved 1120256K
  class space    used 8898K, capacity 9465K, committed 9472K, reserved 1048576K
}
Event: 33.036 GC heap before
{Heap before GC invocations=9 (full 3):
 PSYoungGen      total 595968K, used 593995K [0x00000000d5580000, 0x00000000fc800000, 0x0000000100000000)
  eden space 524800K, 99% used [0x00000000d5580000,0x00000000f54809c0,0x00000000f5600000)
  from space 71168K, 99% used [0x00000000f5600000,0x00000000f9b125b8,0x00000000f9b80000)
  to   space 45568K, 0% used [0x00000000f9b80000,0x00000000f9b80000,0x00000000fc800000)
 ParOldGen       total 1398272K, used 32577K [0x0000000080000000, 0x00000000d5580000, 0x00000000d5580000)
  object space 1398272K, 2% used [0x0000000080000000,0x0000000081fd06f8,0x00000000d5580000)
 Metaspace       used 80904K, capacity 84545K, committed 84608K, reserved 1124352K
  class space    used 9170K, capacity 9821K, committed 9856K, reserved 1048576K
Event: 33.123 GC heap after
Heap after GC invocations=9 (full 3):
 PSYoungGen      total 575488K, used 45541K [0x00000000d5580000, 0x0000000100000000, 0x0000000100000000)
  eden space 529920K, 0% used [0x00000000d5580000,0x00000000d5580000,0x00000000f5b00000)
  from space 45568K, 99% used [0x00000000f9b80000,0x00000000fc7f9600,0x00000000fc800000)
  to   space 66048K, 0% used [0x00000000f5b00000,0x00000000f5b00000,0x00000000f9b80000)
 ParOldGen       total 1398272K, used 37924K [0x0000000080000000, 0x00000000d5580000, 0x00000000d5580000)
  object space 1398272K, 2% used [0x0000000080000000,0x00000000825093e8,0x00000000d5580000)
 Metaspace       used 80904K, capacity 84545K, committed 84608K, reserved 1124352K
  class space    used 9170K, capacity 9821K, committed 9856K, reserved 1048576K
}

