# JRE version: OpenJDK Runtime Environment (8.0_212-b04) (build 1.8.0_212-b04)
# Java VM: OpenJDK 64-Bit Server VM (25.212-b04 mixed mode linux-amd64 compressed oops)
Heap:
 PSYoungGen      total 461824K, used 360561K [0x00000000d5580000, 0x0000000100000000, 0x0000000100000000)
  eden space 297984K, 66% used [0x00000000d5580000,0x00000000e15fbf40,0x00000000e7880000)
  from space 163840K, 99% used [0x00000000e7b00000,0x00000000f1aa07e0,0x00000000f1b00000)
  to   space 219136K, 0% used [0x00000000f2a00000,0x00000000f2a00000,0x0000000100000000)
 ParOldGen       total 1398272K, used 112588K [0x0000000080000000, 0x00000000d5580000, 0x00000000d5580000)
  object space 1398272K, 8% used [0x0000000080000000,0x0000000086df3160,0x00000000d5580000)
 Metaspace       used 69771K, capacity 72900K, committed 73088K, reserved 1114112K
  class space    used 7653K, capacity 8202K, committed 8320K, reserved 1048576K
GC Heap History (10 events):
Event: 232.962 GC heap before
{Heap before GC invocations=8 (full 3):
 PSYoungGen      total 611840K, used 586739K [0x00000000d5580000, 0x0000000100000000, 0x0000000100000000)
  eden space 524800K, 100% used [0x00000000d5580000,0x00000000f5600000,0x00000000f5600000)
  from space 87040K, 71% used [0x00000000fab00000,0x00000000fe77ccc8,0x0000000100000000)
  to   space 87040K, 0% used [0x00000000f5600000,0x00000000f5600000,0x00000000fab00000)
 ParOldGen       total 1398272K, used 41986K [0x0000000080000000, 0x00000000d5580000, 0x00000000d5580000)
  object space 1398272K, 3% used [0x0000000080000000,0x0000000082900aa0,0x00000000d5580000)
 Metaspace       used 67775K, capacity 70596K, committed 70912K, reserved 1112064K
  class space    used 7587K, capacity 8072K, committed 8192K, reserved 1048576K
Event: 233.138 GC heap after
Heap after GC invocations=8 (full 3):
 PSYoungGen      total 611840K, used 87023K [0x00000000d5580000, 0x0000000100000000, 0x0000000100000000)
  eden space 524800K, 0% used [0x00000000d5580000,0x00000000d5580000,0x00000000f5600000)
  from space 87040K, 99% used [0x00000000f5600000,0x00000000faafbc68,0x00000000fab00000)
  to   space 87040K, 0% used [0x00000000fab00000,0x00000000fab00000,0x0000000100000000)
 ParOldGen       total 1398272K, used 60010K [0x0000000080000000, 0x00000000d5580000, 0x00000000d5580000)
  object space 1398272K, 4% used [0x0000000080000000,0x0000000083a9aaa0,0x00000000d5580000)
 Metaspace       used 67775K, capacity 70596K, committed 70912K, reserved 1112064K
  class space    used 7587K, capacity 8072K, committed 8192K, reserved 1048576K
}
Event: 362.990 GC heap before
{Heap before GC invocations=9 (full 3):
 PSYoungGen      total 611840K, used 611823K [0x00000000d5580000, 0x0000000100000000, 0x0000000100000000)
  eden space 524800K, 100% used [0x00000000d5580000,0x00000000f5600000,0x00000000f5600000)
  from space 87040K, 99% used [0x00000000f5600000,0x00000000faafbc68,0x00000000fab00000)
  to   space 87040K, 0% used [0x00000000fab00000,0x00000000fab00000,0x0000000100000000)
 ParOldGen       total 1398272K, used 60010K [0x0000000080000000, 0x00000000d5580000, 0x00000000d5580000)
  object space 1398272K, 4% used [0x0000000080000000,0x0000000083a9aaa0,0x00000000d5580000)
 Metaspace       used 68316K, capacity 71264K, committed 71424K, reserved 1112064K
  class space    used 7596K, capacity 8086K, committed 8192K, reserved 1048576K
Event: 363.180 GC heap after
Heap after GC invocations=9 (full 3):
 PSYoungGen      total 485888K, used 87012K [0x00000000d5580000, 0x0000000100000000, 0x0000000100000000)
  eden space 398848K, 0% used [0x00000000d5580000,0x00000000d5580000,0x00000000edb00000)
  from space 87040K, 99% used [0x00000000fab00000,0x00000000ffff9358,0x0000000100000000)
  to   space 150016K, 0% used [0x00000000edb00000,0x00000000edb00000,0x00000000f6d80000)
 ParOldGen       total 1398272K, used 112564K [0x0000000080000000, 0x00000000d5580000, 0x00000000d5580000)
  object space 1398272K, 8% used [0x0000000080000000,0x0000000086ded160,0x00000000d5580000)
 Metaspace       used 68316K, capacity 71264K, committed 71424K, reserved 1112064K
  class space    used 7596K, capacity 8086K, committed 8192K, reserved 1048576K
}
Event: 453.018 GC heap before
{Heap before GC invocations=10 (full 3):
 PSYoungGen      total 485888K, used 485860K [0x00000000d5580000, 0x0000000100000000, 0x0000000100000000)
  eden space 398848K, 100% used [0x00000000d5580000,0x00000000edb00000,0x00000000edb00000)
  from space 87040K, 99% used [0x00000000fab00000,0x00000000ffff9358,0x0000000100000000)
  to   space 150016K, 0% used [0x00000000edb00000,0x00000000edb00000,0x00000000f6d80000)
 ParOldGen       total 1398272K, used 112564K [0x0000000080000000, 0x00000000d5580000, 0x00000000d5580000)
  object space 1398272K, 8% used [0x0000000080000000,0x0000000086ded160,0x00000000d5580000)
 Metaspace       used 69026K, capacity 72026K, committed 72192K, reserved 1114112K
  class space    used 7628K, capacity 8125K, committed 8192K, reserved 1048576K
Event: 453.185 GC heap after
Heap after GC invocations=10 (full 3):
 PSYoungGen      total 531456K, used 132339K [0x00000000d5580000, 0x0000000100000000, 0x0000000100000000)
  eden space 398848K, 0% used [0x00000000d5580000,0x00000000d5580000,0x00000000edb00000)
  from space 132608K, 99% used [0x00000000edb00000,0x00000000f5c3cfc0,0x00000000f5c80000)
  to   space 167424K, 0% used [0x00000000f5c80000,0x00000000f5c80000,0x0000000100000000)
 ParOldGen       total 1398272K, used 112572K [0x0000000080000000, 0x00000000d5580000, 0x00000000d5580000)
  object space 1398272K, 8% used [0x0000000080000000,0x0000000086def160,0x00000000d5580000)
 Metaspace       used 69026K, capacity 72026K, committed 72192K, reserved 1114112K
  class space    used 7628K, capacity 8125K, committed 8192K, reserved 1048576K
}
Event: 549.126 GC heap before
{Heap before GC invocations=11 (full 3):
 PSYoungGen      total 531456K, used 531187K [0x00000000d5580000, 0x0000000100000000, 0x0000000100000000)
  eden space 398848K, 100% used [0x00000000d5580000,0x00000000edb00000,0x00000000edb00000)
  from space 132608K, 99% used [0x00000000edb00000,0x00000000f5c3cfc0,0x00000000f5c80000)
  to   space 167424K, 0% used [0x00000000f5c80000,0x00000000f5c80000,0x0000000100000000)
 ParOldGen       total 1398272K, used 112572K [0x0000000080000000, 0x00000000d5580000, 0x00000000d5580000)
  object space 1398272K, 8% used [0x0000000080000000,0x0000000086def160,0x00000000d5580000)
 Metaspace       used 69321K, capacity 72306K, committed 72448K, reserved 1114112K
  class space    used 7629K, capacity 8125K, committed 8192K, reserved 1048576K
Event: 549.339 GC heap after
Heap after GC invocations=11 (full 3):
 PSYoungGen      total 467968K, used 158072K [0x00000000d5580000, 0x0000000100000000, 0x0000000100000000)
  eden space 300544K, 0% used [0x00000000d5580000,0x00000000d5580000,0x00000000e7b00000)
  from space 167424K, 94% used [0x00000000f5c80000,0x00000000ff6de298,0x0000000100000000)
  to   space 199168K, 0% used [0x00000000e7b00000,0x00000000e7b00000,0x00000000f3d80000)
 ParOldGen       total 1398272K, used 112580K [0x0000000080000000, 0x00000000d5580000, 0x00000000d5580000)
  object space 1398272K, 8% used [0x0000000080000000,0x0000000086df1160,0x00000000d5580000)
 Metaspace       used 69321K, capacity 72306K, committed 72448K, reserved 1114112K
  class space    used 7629K, capacity 8125K, committed 8192K, reserved 1048576K
}
Event: 615.391 GC heap before
{Heap before GC invocations=12 (full 3):
 PSYoungGen      total 467968K, used 458616K [0x00000000d5580000, 0x0000000100000000, 0x0000000100000000)
  eden space 300544K, 100% used [0x00000000d5580000,0x00000000e7b00000,0x00000000e7b00000)
  from space 167424K, 94% used [0x00000000f5c80000,0x00000000ff6de298,0x0000000100000000)
  to   space 199168K, 0% used [0x00000000e7b00000,0x00000000e7b00000,0x00000000f3d80000)
 ParOldGen       total 1398272K, used 112580K [0x0000000080000000, 0x00000000d5580000, 0x00000000d5580000)
  object space 1398272K, 8% used [0x0000000080000000,0x0000000086df1160,0x00000000d5580000)
 Metaspace       used 69634K, capacity 72690K, committed 72832K, reserved 1114112K
  class space    used 7651K, capacity 8199K, committed 8320K, reserved 1048576K
Event: 615.583 GC heap after
Heap after GC invocations=12 (full 3):
 PSYoungGen      total 461824K, used 163457K [0x00000000d5580000, 0x0000000100000000, 0x0000000100000000)
  eden space 297984K, 0% used [0x00000000d5580000,0x00000000d5580000,0x00000000e7880000)
  from space 163840K, 99% used [0x00000000e7b00000,0x00000000f1aa07e0,0x00000000f1b00000)
  to   space 219136K, 0% used [0x00000000f2a00000,0x00000000f2a00000,0x0000000100000000)
 ParOldGen       total 1398272K, used 112588K [0x0000000080000000, 0x00000000d5580000, 0x00000000d5580000)
  object space 1398272K, 8% used [0x0000000080000000,0x0000000086df3160,0x00000000d5580000)
 Metaspace       used 69634K, capacity 72690K, committed 72832K, reserved 1114112K
  class space    used 7651K, capacity 8199K, committed 8320K, reserved 1048576K
}

