# JRE version: OpenJDK Runtime Environment (8.0_212-b04) (build 1.8.0_212-b04)
# Java VM: OpenJDK 64-Bit Server VM (25.212-b04 mixed mode linux-amd64 compressed oops)
Heap:
 PSYoungGen      total 604672K, used 373470K [0x00000000d5580000, 0x0000000100000000, 0x0000000100000000)
  eden space 517632K, 55% used [0x00000000d5580000,0x00000000e6d3b7c0,0x00000000f4f00000)
  from space 87040K, 99% used [0x00000000f5600000,0x00000000faafc410,0x00000000fab00000)
  to   space 87040K, 0% used [0x00000000fab00000,0x00000000fab00000,0x0000000100000000)
 ParOldGen       total 1398272K, used 45081K [0x0000000080000000, 0x00000000d5580000, 0x00000000d5580000)
  object space 1398272K, 3% used [0x0000000080000000,0x0000000082c06618,0x00000000d5580000)
 Metaspace       used 70014K, capacity 73113K, committed 73344K, reserved 1114112K
  class space    used 7673K, capacity 8222K, committed 8320K, reserved 1048576K
GC Heap History (10 events):
Event: 14.236 GC heap before
{Heap before GC invocations=4 (full 2):
 PSYoungGen      total 611840K, used 18610K [0x00000000d5580000, 0x0000000100000000, 0x0000000100000000)
  eden space 524800K, 0% used [0x00000000d5580000,0x00000000d5580000,0x00000000f5600000)
  from space 87040K, 21% used [0x00000000fab00000,0x00000000fbd2c8b0,0x0000000100000000)
  to   space 87040K, 0% used [0x00000000f5600000,0x00000000f5600000,0x00000000fab00000)
 ParOldGen       total 839680K, used 13635K [0x0000000080000000, 0x00000000b3400000, 0x00000000d5580000)
  object space 839680K, 1% used [0x0000000080000000,0x0000000080d50fe8,0x00000000b3400000)
 Metaspace       used 34671K, capacity 35119K, committed 35416K, reserved 1081344K
  class space    used 3954K, capacity 4079K, committed 4096K, reserved 1048576K
Event: 14.314 GC heap after
Heap after GC invocations=4 (full 2):
 PSYoungGen      total 611840K, used 0K [0x00000000d5580000, 0x0000000100000000, 0x0000000100000000)
  eden space 524800K, 0% used [0x00000000d5580000,0x00000000d5580000,0x00000000f5600000)
  from space 87040K, 0% used [0x00000000fab00000,0x00000000fab00000,0x0000000100000000)
  to   space 87040K, 0% used [0x00000000f5600000,0x00000000f5600000,0x00000000fab00000)
 ParOldGen       total 1368064K, used 22872K [0x0000000080000000, 0x00000000d3800000, 0x00000000d5580000)
  object space 1368064K, 1% used [0x0000000080000000,0x00000000816561e8,0x00000000d3800000)
 Metaspace       used 34671K, capacity 35119K, committed 35416K, reserved 1081344K
  class space    used 3954K, capacity 4079K, committed 4096K, reserved 1048576K
}
Event: 24.078 GC heap before
{Heap before GC invocations=5 (full 2):
 PSYoungGen      total 611840K, used 372911K [0x00000000d5580000, 0x0000000100000000, 0x0000000100000000)
  eden space 524800K, 71% used [0x00000000d5580000,0x00000000ec1abdf0,0x00000000f5600000)
  from space 87040K, 0% used [0x00000000fab00000,0x00000000fab00000,0x0000000100000000)
  to   space 87040K, 0% used [0x00000000f5600000,0x00000000f5600000,0x00000000fab00000)
 ParOldGen       total 1368064K, used 22872K [0x0000000080000000, 0x00000000d3800000, 0x00000000d5580000)
  object space 1368064K, 1% used [0x0000000080000000,0x00000000816561e8,0x00000000d3800000)
 Metaspace       used 57045K, capacity 58825K, committed 59008K, reserved 1101824K
  class space    used 6657K, capacity 7002K, committed 7040K, reserved 1048576K
Event: 24.153 GC heap after
Heap after GC invocations=5 (full 2):
 PSYoungGen      total 611840K, used 34271K [0x00000000d5580000, 0x0000000100000000, 0x0000000100000000)
  eden space 524800K, 0% used [0x00000000d5580000,0x00000000d5580000,0x00000000f5600000)
  from space 87040K, 39% used [0x00000000f5600000,0x00000000f7777f80,0x00000000fab00000)
  to   space 87040K, 0% used [0x00000000fab00000,0x00000000fab00000,0x0000000100000000)
 ParOldGen       total 1368064K, used 22880K [0x0000000080000000, 0x00000000d3800000, 0x00000000d5580000)
  object space 1368064K, 1% used [0x0000000080000000,0x00000000816581e8,0x00000000d3800000)
 Metaspace       used 57045K, capacity 58825K, committed 59008K, reserved 1101824K
  class space    used 6657K, capacity 7002K, committed 7040K, reserved 1048576K
}
Event: 24.153 GC heap before
{Heap before GC invocations=6 (full 3):
 PSYoungGen      total 611840K, used 34271K [0x00000000d5580000, 0x0000000100000000, 0x0000000100000000)
  eden space 524800K, 0% used [0x00000000d5580000,0x00000000d5580000,0x00000000f5600000)
  from space 87040K, 39% used [0x00000000f5600000,0x00000000f7777f80,0x00000000fab00000)
  to   space 87040K, 0% used [0x00000000fab00000,0x00000000fab00000,0x0000000100000000)
 ParOldGen       total 1368064K, used 22880K [0x0000000080000000, 0x00000000d3800000, 0x00000000d5580000)
  object space 1368064K, 1% used [0x0000000080000000,0x00000000816581e8,0x00000000d3800000)
 Metaspace       used 57045K, capacity 58825K, committed 59008K, reserved 1101824K
  class space    used 6657K, capacity 7002K, committed 7040K, reserved 1048576K
Event: 24.379 GC heap after
Heap after GC invocations=6 (full 3):
 PSYoungGen      total 611840K, used 0K [0x00000000d5580000, 0x0000000100000000, 0x0000000100000000)
  eden space 524800K, 0% used [0x00000000d5580000,0x00000000d5580000,0x00000000f5600000)
  from space 87040K, 0% used [0x00000000f5600000,0x00000000f5600000,0x00000000fab00000)
  to   space 87040K, 0% used [0x00000000fab00000,0x00000000fab00000,0x0000000100000000)
 ParOldGen       total 1398272K, used 44305K [0x0000000080000000, 0x00000000d5580000, 0x00000000d5580000)
  object space 1398272K, 3% used [0x0000000080000000,0x0000000082b445e8,0x00000000d5580000)
 Metaspace       used 57010K, capacity 58729K, committed 59008K, reserved 1101824K
  class space    used 6645K, capacity 6980K, committed 7040K, reserved 1048576K
}
Event: 113.175 GC heap before
{Heap before GC invocations=7 (full 3):
 PSYoungGen      total 611840K, used 524800K [0x00000000d5580000, 0x0000000100000000, 0x0000000100000000)
  eden space 524800K, 100% used [0x00000000d5580000,0x00000000f5600000,0x00000000f5600000)
  from space 87040K, 0% used [0x00000000f5600000,0x00000000f5600000,0x00000000fab00000)
  to   space 87040K, 0% used [0x00000000fab00000,0x00000000fab00000,0x0000000100000000)
 ParOldGen       total 1398272K, used 44305K [0x0000000080000000, 0x00000000d5580000, 0x00000000d5580000)
  object space 1398272K, 3% used [0x0000000080000000,0x0000000082b445e8,0x00000000d5580000)
 Metaspace       used 67193K, capacity 70243K, committed 70400K, reserved 1112064K
  class space    used 7616K, capacity 8167K, committed 8192K, reserved 1048576K
Event: 113.345 GC heap after
Heap after GC invocations=7 (full 3):
 PSYoungGen      total 611840K, used 81133K [0x00000000d5580000, 0x0000000100000000, 0x0000000100000000)
  eden space 524800K, 0% used [0x00000000d5580000,0x00000000d5580000,0x00000000f5600000)
  from space 87040K, 93% used [0x00000000fab00000,0x00000000ffa3b680,0x0000000100000000)
  to   space 87040K, 0% used [0x00000000f5600000,0x00000000f5600000,0x00000000fab00000)
 ParOldGen       total 1398272K, used 44313K [0x0000000080000000, 0x00000000d5580000, 0x00000000d5580000)
  object space 1398272K, 3% used [0x0000000080000000,0x0000000082b465e8,0x00000000d5580000)
 Metaspace       used 67193K, capacity 70243K, committed 70400K, reserved 1112064K
  class space    used 7616K, capacity 8167K, committed 8192K, reserved 1048576K
}
Event: 321.984 GC heap before
{Heap before GC invocations=8 (full 3):
 PSYoungGen      total 611840K, used 605933K [0x00000000d5580000, 0x0000000100000000, 0x0000000100000000)
  eden space 524800K, 100% used [0x00000000d5580000,0x00000000f5600000,0x00000000f5600000)
  from space 87040K, 93% used [0x00000000fab00000,0x00000000ffa3b680,0x0000000100000000)
  to   space 87040K, 0% used [0x00000000f5600000,0x00000000f5600000,0x00000000fab00000)
 ParOldGen       total 1398272K, used 44313K [0x0000000080000000, 0x00000000d5580000, 0x00000000d5580000)
  object space 1398272K, 3% used [0x0000000080000000,0x0000000082b465e8,0x00000000d5580000)
 Metaspace       used 69309K, capacity 72455K, committed 72576K, reserved 1114112K
  class space    used 7664K, capacity 8221K, committed 8320K, reserved 1048576K
Event: 322.158 GC heap after
Heap after GC invocations=8 (full 3):
 PSYoungGen      total 604672K, used 87025K [0x00000000d5580000, 0x0000000100000000, 0x0000000100000000)
  eden space 517632K, 0% used [0x00000000d5580000,0x00000000d5580000,0x00000000f4f00000)
  from space 87040K, 99% used [0x00000000f5600000,0x00000000faafc410,0x00000000fab00000)
  to   space 87040K, 0% used [0x00000000fab00000,0x00000000fab00000,0x0000000100000000)
 ParOldGen       total 1398272K, used 45081K [0x0000000080000000, 0x00000000d5580000, 0x00000000d5580000)
  object space 1398272K, 3% used [0x0000000080000000,0x0000000082c06618,0x00000000d5580000)
 Metaspace       used 69309K, capacity 72455K, committed 72576K, reserved 1114112K
  class space    used 7664K, capacity 8221K, committed 8320K, reserved 1048576K
}

