# JRE version: OpenJDK Runtime Environment (8.0_212-b04) (build 1.8.0_212-b04)
# Java VM: OpenJDK 64-Bit Server VM (25.212-b04 mixed mode linux-amd64 compressed oops)
Heap:
 PSYoungGen      total 600064K, used 551626K [0x00000000d5580000, 0x00000000fcd00000, 0x0000000100000000)
  eden space 524800K, 90% used [0x00000000d5580000,0x00000000f26f0f20,0x00000000f5600000)
  from space 75264K, 99% used [0x00000000f5600000,0x00000000f9f418f8,0x00000000f9f80000)
  to   space 46592K, 0% used [0x00000000f9f80000,0x00000000f9f80000,0x00000000fcd00000)
 ParOldGen       total 1398272K, used 32420K [0x0000000080000000, 0x00000000d5580000, 0x00000000d5580000)
  object space 1398272K, 2% used [0x0000000080000000,0x0000000081fa93a8,0x00000000d5580000)
 Metaspace       used 79581K, capacity 83043K, committed 83328K, reserved 1122304K
  class space    used 9139K, capacity 9752K, committed 9856K, reserved 1048576K
GC Heap History (10 events):
Event: 4.767 GC heap before
{Heap before GC invocations=4 (full 2):
 PSYoungGen      total 611840K, used 19408K [0x00000000d5580000, 0x0000000100000000, 0x0000000100000000)
  eden space 524800K, 0% used [0x00000000d5580000,0x00000000d5580000,0x00000000f5600000)
  from space 87040K, 22% used [0x00000000fab00000,0x00000000fbdf4298,0x0000000100000000)
  to   space 87040K, 0% used [0x00000000f5600000,0x00000000f5600000,0x00000000fab00000)
 ParOldGen       total 883712K, used 13513K [0x0000000080000000, 0x00000000b5f00000, 0x00000000d5580000)
  object space 883712K, 1% used [0x0000000080000000,0x0000000080d32680,0x00000000b5f00000)
 Metaspace       used 34771K, capacity 35082K, committed 35416K, reserved 1081344K
  class space    used 4186K, capacity 4289K, committed 4352K, reserved 1048576K
Event: 4.898 GC heap after
Heap after GC invocations=4 (full 2):
 PSYoungGen      total 611840K, used 0K [0x00000000d5580000, 0x0000000100000000, 0x0000000100000000)
  eden space 524800K, 0% used [0x00000000d5580000,0x00000000d5580000,0x00000000f5600000)
  from space 87040K, 0% used [0x00000000fab00000,0x00000000fab00000,0x0000000100000000)
  to   space 87040K, 0% used [0x00000000f5600000,0x00000000f5600000,0x00000000fab00000)
 ParOldGen       total 1398272K, used 24266K [0x0000000080000000, 0x00000000d5580000, 0x00000000d5580000)
  object space 1398272K, 1% used [0x0000000080000000,0x00000000817b2838,0x00000000d5580000)
 Metaspace       used 34771K, capacity 35082K, committed 35416K, reserved 1081344K
  class space    used 4186K, capacity 4289K, committed 4352K, reserved 1048576K
}
Event: 7.535 GC heap before
{Heap before GC invocations=5 (full 2):
 PSYoungGen      total 611840K, used 524800K [0x00000000d5580000, 0x0000000100000000, 0x0000000100000000)
  eden space 524800K, 100% used [0x00000000d5580000,0x00000000f5600000,0x00000000f5600000)
  from space 87040K, 0% used [0x00000000fab00000,0x00000000fab00000,0x0000000100000000)
  to   space 87040K, 0% used [0x00000000f5600000,0x00000000f5600000,0x00000000fab00000)
 ParOldGen       total 1398272K, used 24266K [0x0000000080000000, 0x00000000d5580000, 0x00000000d5580000)
  object space 1398272K, 1% used [0x0000000080000000,0x00000000817b2838,0x00000000d5580000)
 Metaspace       used 49377K, capacity 50208K, committed 50432K, reserved 1093632K
  class space    used 5878K, capacity 6084K, committed 6144K, reserved 1048576K
Event: 7.574 GC heap after
Heap after GC invocations=5 (full 2):
 PSYoungGen      total 611840K, used 20344K [0x00000000d5580000, 0x0000000100000000, 0x0000000100000000)
  eden space 524800K, 0% used [0x00000000d5580000,0x00000000d5580000,0x00000000f5600000)
  from space 87040K, 23% used [0x00000000f5600000,0x00000000f69de130,0x00000000fab00000)
  to   space 87040K, 0% used [0x00000000fab00000,0x00000000fab00000,0x0000000100000000)
 ParOldGen       total 1398272K, used 24274K [0x0000000080000000, 0x00000000d5580000, 0x00000000d5580000)
  object space 1398272K, 1% used [0x0000000080000000,0x00000000817b4838,0x00000000d5580000)
 Metaspace       used 49377K, capacity 50208K, committed 50432K, reserved 1093632K
  class space    used 5878K, capacity 6084K, committed 6144K, reserved 1048576K
}
Event: 11.992 GC heap before
{Heap before GC invocations=6 (full 2):
 PSYoungGen      total 611840K, used 324874K [0x00000000d5580000, 0x0000000100000000, 0x0000000100000000)
  eden space 524800K, 58% used [0x00000000d5580000,0x00000000e7ee4a30,0x00000000f5600000)
  from space 87040K, 23% used [0x00000000f5600000,0x00000000f69de130,0x00000000fab00000)
  to   space 87040K, 0% used [0x00000000fab00000,0x00000000fab00000,0x0000000100000000)
 ParOldGen       total 1398272K, used 24274K [0x0000000080000000, 0x00000000d5580000, 0x00000000d5580000)
  object space 1398272K, 1% used [0x0000000080000000,0x00000000817b4838,0x00000000d5580000)
 Metaspace       used 57800K, capacity 58977K, committed 59028K, reserved 1101824K
  class space    used 6944K, capacity 7168K, committed 7168K, reserved 1048576K
Event: 12.040 GC heap after
Heap after GC invocations=6 (full 2):
 PSYoungGen      total 611840K, used 19895K [0x00000000d5580000, 0x0000000100000000, 0x0000000100000000)
  eden space 524800K, 0% used [0x00000000d5580000,0x00000000d5580000,0x00000000f5600000)
  from space 87040K, 22% used [0x00000000fab00000,0x00000000fbe6dd38,0x0000000100000000)
  to   space 87040K, 0% used [0x00000000f5600000,0x00000000f5600000,0x00000000fab00000)
 ParOldGen       total 1398272K, used 24282K [0x0000000080000000, 0x00000000d5580000, 0x00000000d5580000)
  object space 1398272K, 1% used [0x0000000080000000,0x00000000817b6838,0x00000000d5580000)
 Metaspace       used 57800K, capacity 58977K, committed 59028K, reserved 1101824K
  class space    used 6944K, capacity 7168K, committed 7168K, reserved 1048576K
}
Event: 12.040 GC heap before
{Heap before GC invocations=7 (full 3):
 PSYoungGen      total 611840K, used 19895K [0x00000000d5580000, 0x0000000100000000, 0x0000000100000000)
  eden space 524800K, 0% used [0x00000000d5580000,0x00000000d5580000,0x00000000f5600000)
  from space 87040K, 22% used [0x00000000fab00000,0x00000000fbe6dd38,0x0000000100000000)
  to   space 87040K, 0% used [0x00000000f5600000,0x00000000f5600000,0x00000000fab00000)
 ParOldGen       total 1398272K, used 24282K [0x0000000080000000, 0x00000000d5580000, 0x00000000d5580000)
  object space 1398272K, 1% used [0x0000000080000000,0x00000000817b6838,0x00000000d5580000)
 Metaspace       used 57800K, capacity 58977K, committed 59028K, reserved 1101824K
  class space    used 6944K, capacity 7168K, committed 7168K, reserved 1048576K
Event: 12.294 GC heap after
Heap after GC invocations=7 (full 3):
 PSYoungGen      total 611840K, used 0K [0x00000000d5580000, 0x0000000100000000, 0x0000000100000000)
  eden space 524800K, 0% used [0x00000000d5580000,0x00000000d5580000,0x00000000f5600000)
  from space 87040K, 0% used [0x00000000fab00000,0x00000000fab00000,0x0000000100000000)
  to   space 87040K, 0% used [0x00000000f5600000,0x00000000f5600000,0x00000000fab00000)
 ParOldGen       total 1398272K, used 32412K [0x0000000080000000, 0x00000000d5580000, 0x00000000d5580000)
  object space 1398272K, 2% used [0x0000000080000000,0x0000000081fa73a8,0x00000000d5580000)
 Metaspace       used 57727K, capacity 58801K, committed 59028K, reserved 1101824K
  class space    used 6918K, capacity 7122K, committed 7168K, reserved 1048576K
}
Event: 29.662 GC heap before
{Heap before GC invocations=8 (full 3):
 PSYoungGen      total 611840K, used 524800K [0x00000000d5580000, 0x0000000100000000, 0x0000000100000000)
  eden space 524800K, 100% used [0x00000000d5580000,0x00000000f5600000,0x00000000f5600000)
  from space 87040K, 0% used [0x00000000fab00000,0x00000000fab00000,0x0000000100000000)
  to   space 87040K, 0% used [0x00000000f5600000,0x00000000f5600000,0x00000000fab00000)
 ParOldGen       total 1398272K, used 32412K [0x0000000080000000, 0x00000000d5580000, 0x00000000d5580000)
  object space 1398272K, 2% used [0x0000000080000000,0x0000000081fa73a8,0x00000000d5580000)
 Metaspace       used 75860K, capacity 78223K, committed 78464K, reserved 1118208K
  class space    used 8800K, capacity 9268K, committed 9344K, reserved 1048576K
Event: 29.766 GC heap after
Heap after GC invocations=8 (full 3):
 PSYoungGen      total 600064K, used 75014K [0x00000000d5580000, 0x00000000fcd00000, 0x0000000100000000)
  eden space 524800K, 0% used [0x00000000d5580000,0x00000000d5580000,0x00000000f5600000)
  from space 75264K, 99% used [0x00000000f5600000,0x00000000f9f418f8,0x00000000f9f80000)
  to   space 46592K, 0% used [0x00000000f9f80000,0x00000000f9f80000,0x00000000fcd00000)
 ParOldGen       total 1398272K, used 32420K [0x0000000080000000, 0x00000000d5580000, 0x00000000d5580000)
  object space 1398272K, 2% used [0x0000000080000000,0x0000000081fa93a8,0x00000000d5580000)
 Metaspace       used 75860K, capacity 78223K, committed 78464K, reserved 1118208K
  class space    used 8800K, capacity 9268K, committed 9344K, reserved 1048576K
}

