# JRE version: OpenJDK Runtime Environment (8.0_212-b04) (build 1.8.0_212-b04)
# Java VM: OpenJDK 64-Bit Server VM (25.212-b04 mixed mode linux-amd64 compressed oops)
Heap:
 PSYoungGen      total 611840K, used 106106K [0x00000000d5580000, 0x0000000100000000, 0x0000000100000000)
  eden space 524800K, 9% used [0x00000000d5580000,0x00000000d882c860,0x00000000f5600000)
  from space 87040K, 62% used [0x00000000fab00000,0x00000000fdff21c8,0x0000000100000000)
  to   space 87040K, 0% used [0x00000000f5600000,0x00000000f5600000,0x00000000fab00000)
 ParOldGen       total 1398272K, used 43443K [0x0000000080000000, 0x00000000d5580000, 0x00000000d5580000)
  object space 1398272K, 3% used [0x0000000080000000,0x0000000082a6cd68,0x00000000d5580000)
 Metaspace       used 66856K, capacity 69712K, committed 69888K, reserved 1112064K
  class space    used 7602K, capacity 8104K, committed 8192K, reserved 1048576K
GC Heap History (10 events):
Event: 6.328 GC heap before
{Heap before GC invocations=3 (full 1):
 PSYoungGen      total 611840K, used 434611K [0x00000000d5580000, 0x0000000100000000, 0x0000000100000000)
  eden space 524800K, 82% used [0x00000000d5580000,0x00000000efdecc70,0x00000000f5600000)
  from space 87040K, 0% used [0x00000000f5600000,0x00000000f5600000,0x00000000fab00000)
  to   space 87040K, 0% used [0x00000000fab00000,0x00000000fab00000,0x0000000100000000)
 ParOldGen       total 879104K, used 13691K [0x0000000080000000, 0x00000000b5a80000, 0x00000000d5580000)
  object space 879104K, 1% used [0x0000000080000000,0x0000000080d5ec90,0x00000000b5a80000)
 Metaspace       used 34735K, capacity 35086K, committed 35416K, reserved 1081344K
  class space    used 3971K, capacity 4059K, committed 4096K, reserved 1048576K
Event: 6.369 GC heap after
Heap after GC invocations=3 (full 1):
 PSYoungGen      total 611840K, used 19261K [0x00000000d5580000, 0x0000000100000000, 0x0000000100000000)
  eden space 524800K, 0% used [0x00000000d5580000,0x00000000d5580000,0x00000000f5600000)
  from space 87040K, 22% used [0x00000000fab00000,0x00000000fbdcf748,0x0000000100000000)
  to   space 87040K, 0% used [0x00000000f5600000,0x00000000f5600000,0x00000000fab00000)
 ParOldGen       total 879104K, used 13699K [0x0000000080000000, 0x00000000b5a80000, 0x00000000d5580000)
  object space 879104K, 1% used [0x0000000080000000,0x0000000080d60c90,0x00000000b5a80000)
 Metaspace       used 34735K, capacity 35086K, committed 35416K, reserved 1081344K
  class space    used 3971K, capacity 4059K, committed 4096K, reserved 1048576K
}
Event: 6.369 GC heap before
{Heap before GC invocations=4 (full 2):
 PSYoungGen      total 611840K, used 19261K [0x00000000d5580000, 0x0000000100000000, 0x0000000100000000)
  eden space 524800K, 0% used [0x00000000d5580000,0x00000000d5580000,0x00000000f5600000)
  from space 87040K, 22% used [0x00000000fab00000,0x00000000fbdcf748,0x0000000100000000)
  to   space 87040K, 0% used [0x00000000f5600000,0x00000000f5600000,0x00000000fab00000)
 ParOldGen       total 879104K, used 13699K [0x0000000080000000, 0x00000000b5a80000, 0x00000000d5580000)
  object space 879104K, 1% used [0x0000000080000000,0x0000000080d60c90,0x00000000b5a80000)
 Metaspace       used 34735K, capacity 35086K, committed 35416K, reserved 1081344K
  class space    used 3971K, capacity 4059K, committed 4096K, reserved 1048576K
Event: 6.476 GC heap after
Heap after GC invocations=4 (full 2):
 PSYoungGen      total 611840K, used 0K [0x00000000d5580000, 0x0000000100000000, 0x0000000100000000)
  eden space 524800K, 0% used [0x00000000d5580000,0x00000000d5580000,0x00000000f5600000)
  from space 87040K, 0% used [0x00000000fab00000,0x00000000fab00000,0x0000000100000000)
  to   space 87040K, 0% used [0x00000000f5600000,0x00000000f5600000,0x00000000fab00000)
 ParOldGen       total 1398272K, used 23565K [0x0000000080000000, 0x00000000d5580000, 0x00000000d5580000)
  object space 1398272K, 1% used [0x0000000080000000,0x00000000817036f0,0x00000000d5580000)
 Metaspace       used 34735K, capacity 35086K, committed 35416K, reserved 1081344K
  class space    used 3971K, capacity 4059K, committed 4096K, reserved 1048576K
}
Event: 13.482 GC heap before
{Heap before GC invocations=5 (full 2):
 PSYoungGen      total 611840K, used 502803K [0x00000000d5580000, 0x0000000100000000, 0x0000000100000000)
  eden space 524800K, 95% used [0x00000000d5580000,0x00000000f4084ca0,0x00000000f5600000)
  from space 87040K, 0% used [0x00000000fab00000,0x00000000fab00000,0x0000000100000000)
  to   space 87040K, 0% used [0x00000000f5600000,0x00000000f5600000,0x00000000fab00000)
 ParOldGen       total 1398272K, used 23565K [0x0000000080000000, 0x00000000d5580000, 0x00000000d5580000)
  object space 1398272K, 1% used [0x0000000080000000,0x00000000817036f0,0x00000000d5580000)
 Metaspace       used 57429K, capacity 58846K, committed 59008K, reserved 1101824K
  class space    used 6655K, capacity 6943K, committed 7040K, reserved 1048576K
Event: 13.547 GC heap after
Heap after GC invocations=5 (full 2):
 PSYoungGen      total 611840K, used 32946K [0x00000000d5580000, 0x0000000100000000, 0x0000000100000000)
  eden space 524800K, 0% used [0x00000000d5580000,0x00000000d5580000,0x00000000f5600000)
  from space 87040K, 37% used [0x00000000f5600000,0x00000000f762cb50,0x00000000fab00000)
  to   space 87040K, 0% used [0x00000000fab00000,0x00000000fab00000,0x0000000100000000)
 ParOldGen       total 1398272K, used 23573K [0x0000000080000000, 0x00000000d5580000, 0x00000000d5580000)
  object space 1398272K, 1% used [0x0000000080000000,0x00000000817056f0,0x00000000d5580000)
 Metaspace       used 57429K, capacity 58846K, committed 59008K, reserved 1101824K
  class space    used 6655K, capacity 6943K, committed 7040K, reserved 1048576K
}
Event: 13.547 GC heap before
{Heap before GC invocations=6 (full 3):
 PSYoungGen      total 611840K, used 32946K [0x00000000d5580000, 0x0000000100000000, 0x0000000100000000)
  eden space 524800K, 0% used [0x00000000d5580000,0x00000000d5580000,0x00000000f5600000)
  from space 87040K, 37% used [0x00000000f5600000,0x00000000f762cb50,0x00000000fab00000)
  to   space 87040K, 0% used [0x00000000fab00000,0x00000000fab00000,0x0000000100000000)
 ParOldGen       total 1398272K, used 23573K [0x0000000080000000, 0x00000000d5580000, 0x00000000d5580000)
  object space 1398272K, 1% used [0x0000000080000000,0x00000000817056f0,0x00000000d5580000)
 Metaspace       used 57429K, capacity 58846K, committed 59008K, reserved 1101824K
  class space    used 6655K, capacity 6943K, committed 7040K, reserved 1048576K
Event: 13.752 GC heap after
Heap after GC invocations=6 (full 3):
 PSYoungGen      total 611840K, used 0K [0x00000000d5580000, 0x0000000100000000, 0x0000000100000000)
  eden space 524800K, 0% used [0x00000000d5580000,0x00000000d5580000,0x00000000f5600000)
  from space 87040K, 0% used [0x00000000f5600000,0x00000000f5600000,0x00000000fab00000)
  to   space 87040K, 0% used [0x00000000fab00000,0x00000000fab00000,0x0000000100000000)
 ParOldGen       total 1398272K, used 43435K [0x0000000080000000, 0x00000000d5580000, 0x00000000d5580000)
  object space 1398272K, 3% used [0x0000000080000000,0x0000000082a6ad68,0x00000000d5580000)
 Metaspace       used 57389K, capacity 58754K, committed 59008K, reserved 1101824K
  class space    used 6641K, capacity 6919K, committed 7040K, reserved 1048576K
}
Event: 62.959 GC heap before
{Heap before GC invocations=7 (full 3):
 PSYoungGen      total 611840K, used 524800K [0x00000000d5580000, 0x0000000100000000, 0x0000000100000000)
  eden space 524800K, 100% used [0x00000000d5580000,0x00000000f5600000,0x00000000f5600000)
  from space 87040K, 0% used [0x00000000f5600000,0x00000000f5600000,0x00000000fab00000)
  to   space 87040K, 0% used [0x00000000fab00000,0x00000000fab00000,0x0000000100000000)
 ParOldGen       total 1398272K, used 43435K [0x0000000080000000, 0x00000000d5580000, 0x00000000d5580000)
  object space 1398272K, 3% used [0x0000000080000000,0x0000000082a6ad68,0x00000000d5580000)
 Metaspace       used 66632K, capacity 69500K, committed 69632K, reserved 1110016K
  class space    used 7595K, capacity 8090K, committed 8192K, reserved 1048576K
Event: 63.084 GC heap after
Heap after GC invocations=7 (full 3):
 PSYoungGen      total 611840K, used 54216K [0x00000000d5580000, 0x0000000100000000, 0x0000000100000000)
  eden space 524800K, 0% used [0x00000000d5580000,0x00000000d5580000,0x00000000f5600000)
  from space 87040K, 62% used [0x00000000fab00000,0x00000000fdff21c8,0x0000000100000000)
  to   space 87040K, 0% used [0x00000000f5600000,0x00000000f5600000,0x00000000fab00000)
 ParOldGen       total 1398272K, used 43443K [0x0000000080000000, 0x00000000d5580000, 0x00000000d5580000)
  object space 1398272K, 3% used [0x0000000080000000,0x0000000082a6cd68,0x00000000d5580000)
 Metaspace       used 66632K, capacity 69500K, committed 69632K, reserved 1110016K
  class space    used 7595K, capacity 8090K, committed 8192K, reserved 1048576K
}

