# JRE version: OpenJDK Runtime Environment (8.0_212-b04) (build 1.8.0_212-b04)
# Java VM: OpenJDK 64-Bit Server VM (25.212-b04 mixed mode linux-amd64 compressed oops)
Heap:
 PSYoungGen      total 611840K, used 226101K [0x00000000d5580000, 0x0000000100000000, 0x0000000100000000)
  eden space 524800K, 43% used [0x00000000d5580000,0x00000000e324d620,0x00000000f5600000)
  from space 87040K, 0% used [0x00000000f5600000,0x00000000f5600000,0x00000000fab00000)
  to   space 87040K, 0% used [0x00000000fab00000,0x00000000fab00000,0x0000000100000000)
 ParOldGen       total 1398272K, used 48470K [0x0000000080000000, 0x00000000d5580000, 0x00000000d5580000)
  object space 1398272K, 3% used [0x0000000080000000,0x0000000082f55b70,0x00000000d5580000)
 Metaspace       used 64116K, capacity 66536K, committed 66816K, reserved 1107968K
  class space    used 7374K, capacity 7812K, committed 7936K, reserved 1048576K
GC Heap History (10 events):
Event: 3.715 GC heap before
{Heap before GC invocations=2 (full 1):
 PSYoungGen      total 611840K, used 14252K [0x00000000d5580000, 0x0000000100000000, 0x0000000100000000)
  eden space 524800K, 0% used [0x00000000d5580000,0x00000000d5580000,0x00000000f5600000)
  from space 87040K, 16% used [0x00000000f5600000,0x00000000f63eb010,0x00000000fab00000)
  to   space 87040K, 0% used [0x00000000fab00000,0x00000000fab00000,0x0000000100000000)
 ParOldGen       total 1398272K, used 80K [0x0000000080000000, 0x00000000d5580000, 0x00000000d5580000)
  object space 1398272K, 0% used [0x0000000080000000,0x0000000080014010,0x00000000d5580000)
 Metaspace       used 20846K, capacity 21106K, committed 21248K, reserved 1069056K
  class space    used 2369K, capacity 2482K, committed 2560K, reserved 1048576K
Event: 3.778 GC heap after
Heap after GC invocations=2 (full 1):
 PSYoungGen      total 611840K, used 0K [0x00000000d5580000, 0x0000000100000000, 0x0000000100000000)
  eden space 524800K, 0% used [0x00000000d5580000,0x00000000d5580000,0x00000000f5600000)
  from space 87040K, 0% used [0x00000000f5600000,0x00000000f5600000,0x00000000fab00000)
  to   space 87040K, 0% used [0x00000000fab00000,0x00000000fab00000,0x0000000100000000)
 ParOldGen       total 859136K, used 13722K [0x0000000080000000, 0x00000000b4700000, 0x00000000d5580000)
  object space 859136K, 1% used [0x0000000080000000,0x0000000080d66b48,0x00000000b4700000)
 Metaspace       used 20846K, capacity 21106K, committed 21248K, reserved 1069056K
  class space    used 2369K, capacity 2482K, committed 2560K, reserved 1048576K
}
Event: 6.280 GC heap before
{Heap before GC invocations=3 (full 1):
 PSYoungGen      total 611840K, used 434802K [0x00000000d5580000, 0x0000000100000000, 0x0000000100000000)
  eden space 524800K, 82% used [0x00000000d5580000,0x00000000efe1cbb0,0x00000000f5600000)
  from space 87040K, 0% used [0x00000000f5600000,0x00000000f5600000,0x00000000fab00000)
  to   space 87040K, 0% used [0x00000000fab00000,0x00000000fab00000,0x0000000100000000)
 ParOldGen       total 859136K, used 13722K [0x0000000080000000, 0x00000000b4700000, 0x00000000d5580000)
  object space 859136K, 1% used [0x0000000080000000,0x0000000080d66b48,0x00000000b4700000)
 Metaspace       used 34731K, capacity 35086K, committed 35416K, reserved 1081344K
  class space    used 3966K, capacity 4059K, committed 4096K, reserved 1048576K
Event: 6.314 GC heap after
Heap after GC invocations=3 (full 1):
 PSYoungGen      total 611840K, used 19130K [0x00000000d5580000, 0x0000000100000000, 0x0000000100000000)
  eden space 524800K, 0% used [0x00000000d5580000,0x00000000d5580000,0x00000000f5600000)
  from space 87040K, 21% used [0x00000000fab00000,0x00000000fbdae840,0x0000000100000000)
  to   space 87040K, 0% used [0x00000000f5600000,0x00000000f5600000,0x00000000fab00000)
 ParOldGen       total 859136K, used 13722K [0x0000000080000000, 0x00000000b4700000, 0x00000000d5580000)
  object space 859136K, 1% used [0x0000000080000000,0x0000000080d66b48,0x00000000b4700000)
 Metaspace       used 34731K, capacity 35086K, committed 35416K, reserved 1081344K
  class space    used 3966K, capacity 4059K, committed 4096K, reserved 1048576K
}
Event: 6.314 GC heap before
{Heap before GC invocations=4 (full 2):
 PSYoungGen      total 611840K, used 19130K [0x00000000d5580000, 0x0000000100000000, 0x0000000100000000)
  eden space 524800K, 0% used [0x00000000d5580000,0x00000000d5580000,0x00000000f5600000)
  from space 87040K, 21% used [0x00000000fab00000,0x00000000fbdae840,0x0000000100000000)
  to   space 87040K, 0% used [0x00000000f5600000,0x00000000f5600000,0x00000000fab00000)
 ParOldGen       total 859136K, used 13722K [0x0000000080000000, 0x00000000b4700000, 0x00000000d5580000)
  object space 859136K, 1% used [0x0000000080000000,0x0000000080d66b48,0x00000000b4700000)
 Metaspace       used 34731K, capacity 35086K, committed 35416K, reserved 1081344K
  class space    used 3966K, capacity 4059K, committed 4096K, reserved 1048576K
Event: 6.414 GC heap after
Heap after GC invocations=4 (full 2):
 PSYoungGen      total 611840K, used 0K [0x00000000d5580000, 0x0000000100000000, 0x0000000100000000)
  eden space 524800K, 0% used [0x00000000d5580000,0x00000000d5580000,0x00000000f5600000)
  from space 87040K, 0% used [0x00000000fab00000,0x00000000fab00000,0x0000000100000000)
  to   space 87040K, 0% used [0x00000000f5600000,0x00000000f5600000,0x00000000fab00000)
 ParOldGen       total 1398272K, used 23542K [0x0000000080000000, 0x00000000d5580000, 0x00000000d5580000)
  object space 1398272K, 1% used [0x0000000080000000,0x00000000816fda48,0x00000000d5580000)
 Metaspace       used 34731K, capacity 35086K, committed 35416K, reserved 1081344K
  class space    used 3966K, capacity 4059K, committed 4096K, reserved 1048576K
}
Event: 13.559 GC heap before
{Heap before GC invocations=5 (full 2):
 PSYoungGen      total 611840K, used 519790K [0x00000000d5580000, 0x0000000100000000, 0x0000000100000000)
  eden space 524800K, 99% used [0x00000000d5580000,0x00000000f511ba38,0x00000000f5600000)
  from space 87040K, 0% used [0x00000000fab00000,0x00000000fab00000,0x0000000100000000)
  to   space 87040K, 0% used [0x00000000f5600000,0x00000000f5600000,0x00000000fab00000)
 ParOldGen       total 1398272K, used 23542K [0x0000000080000000, 0x00000000d5580000, 0x00000000d5580000)
  object space 1398272K, 1% used [0x0000000080000000,0x00000000816fda48,0x00000000d5580000)
 Metaspace       used 57513K, capacity 58860K, committed 59028K, reserved 1101824K
  class space    used 6637K, capacity 6904K, committed 6912K, reserved 1048576K
Event: 13.621 GC heap after
Heap after GC invocations=5 (full 2):
 PSYoungGen      total 611840K, used 38096K [0x00000000d5580000, 0x0000000100000000, 0x0000000100000000)
  eden space 524800K, 0% used [0x00000000d5580000,0x00000000d5580000,0x00000000f5600000)
  from space 87040K, 43% used [0x00000000f5600000,0x00000000f7b34120,0x00000000fab00000)
  to   space 87040K, 0% used [0x00000000fab00000,0x00000000fab00000,0x0000000100000000)
 ParOldGen       total 1398272K, used 23550K [0x0000000080000000, 0x00000000d5580000, 0x00000000d5580000)
  object space 1398272K, 1% used [0x0000000080000000,0x00000000816ffa48,0x00000000d5580000)
 Metaspace       used 57513K, capacity 58860K, committed 59028K, reserved 1101824K
  class space    used 6637K, capacity 6904K, committed 6912K, reserved 1048576K
}
Event: 13.621 GC heap before
{Heap before GC invocations=6 (full 3):
 PSYoungGen      total 611840K, used 38096K [0x00000000d5580000, 0x0000000100000000, 0x0000000100000000)
  eden space 524800K, 0% used [0x00000000d5580000,0x00000000d5580000,0x00000000f5600000)
  from space 87040K, 43% used [0x00000000f5600000,0x00000000f7b34120,0x00000000fab00000)
  to   space 87040K, 0% used [0x00000000fab00000,0x00000000fab00000,0x0000000100000000)
 ParOldGen       total 1398272K, used 23550K [0x0000000080000000, 0x00000000d5580000, 0x00000000d5580000)
  object space 1398272K, 1% used [0x0000000080000000,0x00000000816ffa48,0x00000000d5580000)
 Metaspace       used 57513K, capacity 58860K, committed 59028K, reserved 1101824K
  class space    used 6637K, capacity 6904K, committed 6912K, reserved 1048576K
Event: 13.847 GC heap after
Heap after GC invocations=6 (full 3):
 PSYoungGen      total 611840K, used 0K [0x00000000d5580000, 0x0000000100000000, 0x0000000100000000)
  eden space 524800K, 0% used [0x00000000d5580000,0x00000000d5580000,0x00000000f5600000)
  from space 87040K, 0% used [0x00000000f5600000,0x00000000f5600000,0x00000000fab00000)
  to   space 87040K, 0% used [0x00000000fab00000,0x00000000fab00000,0x0000000100000000)
 ParOldGen       total 1398272K, used 48470K [0x0000000080000000, 0x00000000d5580000, 0x00000000d5580000)
  object space 1398272K, 3% used [0x0000000080000000,0x0000000082f55b70,0x00000000d5580000)
 Metaspace       used 57483K, capacity 58792K, committed 59028K, reserved 1101824K
  class space    used 6627K, capacity 6886K, committed 6912K, reserved 1048576K
}

