# JRE version: OpenJDK Runtime Environment (8.0_212-b04) (build 1.8.0_212-b04)
# Java VM: OpenJDK 64-Bit Server VM (25.212-b04 mixed mode linux-amd64 compressed oops)
Heap:
 PSYoungGen      total 611840K, used 355259K [0x00000000d5580000, 0x0000000100000000, 0x0000000100000000)
  eden space 524800K, 67% used [0x00000000d5580000,0x00000000eb06edf8,0x00000000f5600000)
  from space 87040K, 0% used [0x00000000fab00000,0x00000000fab00000,0x0000000100000000)
  to   space 87040K, 0% used [0x00000000f5600000,0x00000000f5600000,0x00000000fab00000)
 ParOldGen       total 1398272K, used 26228K [0x0000000080000000, 0x00000000d5580000, 0x00000000d5580000)
  object space 1398272K, 1% used [0x0000000080000000,0x000000008199d2a0,0x00000000d5580000)
 Metaspace       used 64445K, capacity 66962K, committed 67200K, reserved 1107968K
  class space    used 7338K, capacity 7801K, committed 7808K, reserved 1048576K
GC Heap History (10 events):
Event: 24.075 GC heap before
{Heap before GC invocations=3 (full 1):
 PSYoungGen      total 611840K, used 470234K [0x00000000d5580000, 0x0000000100000000, 0x0000000100000000)
  eden space 524800K, 89% used [0x00000000d5580000,0x00000000f20b6978,0x00000000f5600000)
  from space 87040K, 0% used [0x00000000f5600000,0x00000000f5600000,0x00000000fab00000)
  to   space 87040K, 0% used [0x00000000fab00000,0x00000000fab00000,0x0000000100000000)
 ParOldGen       total 893952K, used 13714K [0x0000000080000000, 0x00000000b6900000, 0x00000000d5580000)
  object space 893952K, 1% used [0x0000000080000000,0x0000000080d64b58,0x00000000b6900000)
 Metaspace       used 34847K, capacity 35190K, committed 35416K, reserved 1081344K
  class space    used 3973K, capacity 4091K, committed 4096K, reserved 1048576K
Event: 24.115 GC heap after
Heap after GC invocations=3 (full 1):
 PSYoungGen      total 611840K, used 19289K [0x00000000d5580000, 0x0000000100000000, 0x0000000100000000)
  eden space 524800K, 0% used [0x00000000d5580000,0x00000000d5580000,0x00000000f5600000)
  from space 87040K, 22% used [0x00000000fab00000,0x00000000fbdd65d8,0x0000000100000000)
  to   space 87040K, 0% used [0x00000000f5600000,0x00000000f5600000,0x00000000fab00000)
 ParOldGen       total 893952K, used 13722K [0x0000000080000000, 0x00000000b6900000, 0x00000000d5580000)
  object space 893952K, 1% used [0x0000000080000000,0x0000000080d66b58,0x00000000b6900000)
 Metaspace       used 34847K, capacity 35190K, committed 35416K, reserved 1081344K
  class space    used 3973K, capacity 4091K, committed 4096K, reserved 1048576K
}
Event: 24.115 GC heap before
{Heap before GC invocations=4 (full 2):
 PSYoungGen      total 611840K, used 19289K [0x00000000d5580000, 0x0000000100000000, 0x0000000100000000)
  eden space 524800K, 0% used [0x00000000d5580000,0x00000000d5580000,0x00000000f5600000)
  from space 87040K, 22% used [0x00000000fab00000,0x00000000fbdd65d8,0x0000000100000000)
  to   space 87040K, 0% used [0x00000000f5600000,0x00000000f5600000,0x00000000fab00000)
 ParOldGen       total 893952K, used 13722K [0x0000000080000000, 0x00000000b6900000, 0x00000000d5580000)
  object space 893952K, 1% used [0x0000000080000000,0x0000000080d66b58,0x00000000b6900000)
 Metaspace       used 34847K, capacity 35190K, committed 35416K, reserved 1081344K
  class space    used 3973K, capacity 4091K, committed 4096K, reserved 1048576K
Event: 24.230 GC heap after
Heap after GC invocations=4 (full 2):
 PSYoungGen      total 611840K, used 0K [0x00000000d5580000, 0x0000000100000000, 0x0000000100000000)
  eden space 524800K, 0% used [0x00000000d5580000,0x00000000d5580000,0x00000000f5600000)
  from space 87040K, 0% used [0x00000000fab00000,0x00000000fab00000,0x0000000100000000)
  to   space 87040K, 0% used [0x00000000f5600000,0x00000000f5600000,0x00000000fab00000)
 ParOldGen       total 1398272K, used 23667K [0x0000000080000000, 0x00000000d5580000, 0x00000000d5580000)
  object space 1398272K, 1% used [0x0000000080000000,0x000000008171cce0,0x00000000d5580000)
 Metaspace       used 34847K, capacity 35190K, committed 35416K, reserved 1081344K
  class space    used 3973K, capacity 4091K, committed 4096K, reserved 1048576K
}
Event: 33.379 GC heap before
{Heap before GC invocations=5 (full 2):
 PSYoungGen      total 611840K, used 524800K [0x00000000d5580000, 0x0000000100000000, 0x0000000100000000)
  eden space 524800K, 100% used [0x00000000d5580000,0x00000000f5600000,0x00000000f5600000)
  from space 87040K, 0% used [0x00000000fab00000,0x00000000fab00000,0x0000000100000000)
  to   space 87040K, 0% used [0x00000000f5600000,0x00000000f5600000,0x00000000fab00000)
 ParOldGen       total 1398272K, used 23667K [0x0000000080000000, 0x00000000d5580000, 0x00000000d5580000)
  object space 1398272K, 1% used [0x0000000080000000,0x000000008171cce0,0x00000000d5580000)
 Metaspace       used 55362K, capacity 56736K, committed 56960K, reserved 1099776K
  class space    used 6418K, capacity 6674K, committed 6784K, reserved 1048576K
Event: 33.433 GC heap after
Heap after GC invocations=5 (full 2):
 PSYoungGen      total 611840K, used 28798K [0x00000000d5580000, 0x0000000100000000, 0x0000000100000000)
  eden space 524800K, 0% used [0x00000000d5580000,0x00000000d5580000,0x00000000f5600000)
  from space 87040K, 33% used [0x00000000f5600000,0x00000000f721f9d0,0x00000000fab00000)
  to   space 87040K, 0% used [0x00000000fab00000,0x00000000fab00000,0x0000000100000000)
 ParOldGen       total 1398272K, used 23675K [0x0000000080000000, 0x00000000d5580000, 0x00000000d5580000)
  object space 1398272K, 1% used [0x0000000080000000,0x000000008171ece0,0x00000000d5580000)
 Metaspace       used 55362K, capacity 56736K, committed 56960K, reserved 1099776K
  class space    used 6418K, capacity 6674K, committed 6784K, reserved 1048576K
}
Event: 34.006 GC heap before
{Heap before GC invocations=6 (full 2):
 PSYoungGen      total 611840K, used 108304K [0x00000000d5580000, 0x0000000100000000, 0x0000000100000000)
  eden space 524800K, 15% used [0x00000000d5580000,0x00000000da324a28,0x00000000f5600000)
  from space 87040K, 33% used [0x00000000f5600000,0x00000000f721f9d0,0x00000000fab00000)
  to   space 87040K, 0% used [0x00000000fab00000,0x00000000fab00000,0x0000000100000000)
 ParOldGen       total 1398272K, used 23675K [0x0000000080000000, 0x00000000d5580000, 0x00000000d5580000)
  object space 1398272K, 1% used [0x0000000080000000,0x000000008171ece0,0x00000000d5580000)
 Metaspace       used 57426K, capacity 58812K, committed 59008K, reserved 1101824K
  class space    used 6648K, capacity 6934K, committed 7040K, reserved 1048576K
Event: 34.027 GC heap after
Heap after GC invocations=6 (full 2):
 PSYoungGen      total 611840K, used 14466K [0x00000000d5580000, 0x0000000100000000, 0x0000000100000000)
  eden space 524800K, 0% used [0x00000000d5580000,0x00000000d5580000,0x00000000f5600000)
  from space 87040K, 16% used [0x00000000fab00000,0x00000000fb920b90,0x0000000100000000)
  to   space 87040K, 0% used [0x00000000f5600000,0x00000000f5600000,0x00000000fab00000)
 ParOldGen       total 1398272K, used 23675K [0x0000000080000000, 0x00000000d5580000, 0x00000000d5580000)
  object space 1398272K, 1% used [0x0000000080000000,0x000000008171ece0,0x00000000d5580000)
 Metaspace       used 57426K, capacity 58812K, committed 59008K, reserved 1101824K
  class space    used 6648K, capacity 6934K, committed 7040K, reserved 1048576K
}
Event: 34.027 GC heap before
{Heap before GC invocations=7 (full 3):
 PSYoungGen      total 611840K, used 14466K [0x00000000d5580000, 0x0000000100000000, 0x0000000100000000)
  eden space 524800K, 0% used [0x00000000d5580000,0x00000000d5580000,0x00000000f5600000)
  from space 87040K, 16% used [0x00000000fab00000,0x00000000fb920b90,0x0000000100000000)
  to   space 87040K, 0% used [0x00000000f5600000,0x00000000f5600000,0x00000000fab00000)
 ParOldGen       total 1398272K, used 23675K [0x0000000080000000, 0x00000000d5580000, 0x00000000d5580000)
  object space 1398272K, 1% used [0x0000000080000000,0x000000008171ece0,0x00000000d5580000)
 Metaspace       used 57426K, capacity 58812K, committed 59008K, reserved 1101824K
  class space    used 6648K, capacity 6934K, committed 7040K, reserved 1048576K
Event: 34.281 GC heap after
Heap after GC invocations=7 (full 3):
 PSYoungGen      total 611840K, used 0K [0x00000000d5580000, 0x0000000100000000, 0x0000000100000000)
  eden space 524800K, 0% used [0x00000000d5580000,0x00000000d5580000,0x00000000f5600000)
  from space 87040K, 0% used [0x00000000fab00000,0x00000000fab00000,0x0000000100000000)
  to   space 87040K, 0% used [0x00000000f5600000,0x00000000f5600000,0x00000000fab00000)
 ParOldGen       total 1398272K, used 26228K [0x0000000080000000, 0x00000000d5580000, 0x00000000d5580000)
  object space 1398272K, 1% used [0x0000000080000000,0x000000008199d2a0,0x00000000d5580000)
 Metaspace       used 57405K, capacity 58760K, committed 59008K, reserved 1101824K
  class space    used 6641K, capacity 6920K, committed 7040K, reserved 1048576K
}

