# JRE version: OpenJDK Runtime Environment (8.0_212-b04) (build 1.8.0_212-b04)
# Java VM: OpenJDK 64-Bit Server VM (25.212-b04 mixed mode linux-amd64 compressed oops)
Heap:
 PSYoungGen      total 600064K, used 101624K [0x00000000d5580000, 0x0000000100000000, 0x0000000100000000)
  eden space 526848K, 5% used [0x00000000d5580000,0x00000000d71948e8,0x00000000f5800000)
  from space 73216K, 99% used [0x00000000f5f00000,0x00000000fa6297c8,0x00000000fa680000)
  to   space 91136K, 0% used [0x00000000fa700000,0x00000000fa700000,0x0000000100000000)
 ParOldGen       total 1398272K, used 57885K [0x0000000080000000, 0x00000000d5580000, 0x00000000d5580000)
  object space 1398272K, 4% used [0x0000000080000000,0x00000000838876b0,0x00000000d5580000)
 Metaspace       used 67956K, capacity 70904K, committed 71064K, reserved 1112064K
  class space    used 7523K, capacity 8040K, committed 8088K, reserved 1048576K
GC Heap History (10 events):
Event: 72.858 GC heap before
{Heap before GC invocations=8 (full 3):
 PSYoungGen      total 611840K, used 524800K [0x00000000d5580000, 0x0000000100000000, 0x0000000100000000)
  eden space 524800K, 100% used [0x00000000d5580000,0x00000000f5600000,0x00000000f5600000)
  from space 87040K, 0% used [0x00000000fab00000,0x00000000fab00000,0x0000000100000000)
  to   space 87040K, 0% used [0x00000000f5600000,0x00000000f5600000,0x00000000fab00000)
 ParOldGen       total 1398272K, used 34475K [0x0000000080000000, 0x00000000d5580000, 0x00000000d5580000)
  object space 1398272K, 2% used [0x0000000080000000,0x00000000821aad78,0x00000000d5580000)
 Metaspace       used 65140K, capacity 67636K, committed 67864K, reserved 1110016K
  class space    used 7365K, capacity 7838K, committed 7960K, reserved 1048576K
Event: 72.953 GC heap after
Heap after GC invocations=8 (full 3):
 PSYoungGen      total 572416K, used 47548K [0x00000000d5580000, 0x00000000faf00000, 0x0000000100000000)
  eden space 524800K, 0% used [0x00000000d5580000,0x00000000d5580000,0x00000000f5600000)
  from space 47616K, 99% used [0x00000000f5600000,0x00000000f846f340,0x00000000f8480000)
  to   space 43520K, 0% used [0x00000000f8480000,0x00000000f8480000,0x00000000faf00000)
 ParOldGen       total 1398272K, used 34483K [0x0000000080000000, 0x00000000d5580000, 0x00000000d5580000)
  object space 1398272K, 2% used [0x0000000080000000,0x00000000821acd78,0x00000000d5580000)
 Metaspace       used 65140K, capacity 67636K, committed 67864K, reserved 1110016K
  class space    used 7365K, capacity 7838K, committed 7960K, reserved 1048576K
}
Event: 152.890 GC heap before
{Heap before GC invocations=9 (full 3):
 PSYoungGen      total 572416K, used 572348K [0x00000000d5580000, 0x00000000faf00000, 0x0000000100000000)
  eden space 524800K, 100% used [0x00000000d5580000,0x00000000f5600000,0x00000000f5600000)
  from space 47616K, 99% used [0x00000000f5600000,0x00000000f846f340,0x00000000f8480000)
  to   space 43520K, 0% used [0x00000000f8480000,0x00000000f8480000,0x00000000faf00000)
 ParOldGen       total 1398272K, used 34483K [0x0000000080000000, 0x00000000d5580000, 0x00000000d5580000)
  object space 1398272K, 2% used [0x0000000080000000,0x00000000821acd78,0x00000000d5580000)
 Metaspace       used 66791K, capacity 69552K, committed 69784K, reserved 1112064K
  class space    used 7499K, capacity 8000K, committed 8088K, reserved 1048576K
Event: 153.012 GC heap after
Heap after GC invocations=9 (full 3):
 PSYoungGen      total 550400K, used 43495K [0x00000000d5580000, 0x0000000100000000, 0x0000000100000000)
  eden space 506880K, 0% used [0x00000000d5580000,0x00000000d5580000,0x00000000f4480000)
  from space 43520K, 99% used [0x00000000f8480000,0x00000000faef9d88,0x00000000faf00000)
  to   space 65536K, 0% used [0x00000000f4480000,0x00000000f4480000,0x00000000f8480000)
 ParOldGen       total 1398272K, used 57861K [0x0000000080000000, 0x00000000d5580000, 0x00000000d5580000)
  object space 1398272K, 4% used [0x0000000080000000,0x00000000838816b0,0x00000000d5580000)
 Metaspace       used 66791K, capacity 69552K, committed 69784K, reserved 1112064K
  class space    used 7499K, capacity 8000K, committed 8088K, reserved 1048576K
}
Event: 242.895 GC heap before
{Heap before GC invocations=10 (full 3):
 PSYoungGen      total 550400K, used 550375K [0x00000000d5580000, 0x0000000100000000, 0x0000000100000000)
  eden space 506880K, 100% used [0x00000000d5580000,0x00000000f4480000,0x00000000f4480000)
  from space 43520K, 99% used [0x00000000f8480000,0x00000000faef9d88,0x00000000faf00000)
  to   space 65536K, 0% used [0x00000000f4480000,0x00000000f4480000,0x00000000f8480000)
 ParOldGen       total 1398272K, used 57861K [0x0000000080000000, 0x00000000d5580000, 0x00000000d5580000)
  object space 1398272K, 4% used [0x0000000080000000,0x00000000838816b0,0x00000000d5580000)
 Metaspace       used 67182K, capacity 70004K, committed 70296K, reserved 1112064K
  class space    used 7501K, capacity 8004K, committed 8088K, reserved 1048576K
Event: 243.021 GC heap after
Heap after GC invocations=10 (full 3):
 PSYoungGen      total 572416K, used 61861K [0x00000000d5580000, 0x0000000100000000, 0x0000000100000000)
  eden space 506880K, 0% used [0x00000000d5580000,0x00000000d5580000,0x00000000f4480000)
  from space 65536K, 94% used [0x00000000f4480000,0x00000000f80e9768,0x00000000f8480000)
  to   space 75776K, 0% used [0x00000000fb600000,0x00000000fb600000,0x0000000100000000)
 ParOldGen       total 1398272K, used 57869K [0x0000000080000000, 0x00000000d5580000, 0x00000000d5580000)
  object space 1398272K, 4% used [0x0000000080000000,0x00000000838836b0,0x00000000d5580000)
 Metaspace       used 67182K, capacity 70004K, committed 70296K, reserved 1112064K
  class space    used 7501K, capacity 8004K, committed 8088K, reserved 1048576K
}
Event: 322.954 GC heap before
{Heap before GC invocations=11 (full 3):
 PSYoungGen      total 572416K, used 568741K [0x00000000d5580000, 0x0000000100000000, 0x0000000100000000)
  eden space 506880K, 100% used [0x00000000d5580000,0x00000000f4480000,0x00000000f4480000)
  from space 65536K, 94% used [0x00000000f4480000,0x00000000f80e9768,0x00000000f8480000)
  to   space 75776K, 0% used [0x00000000fb600000,0x00000000fb600000,0x0000000100000000)
 ParOldGen       total 1398272K, used 57869K [0x0000000080000000, 0x00000000d5580000, 0x00000000d5580000)
  object space 1398272K, 4% used [0x0000000080000000,0x00000000838836b0,0x00000000d5580000)
 Metaspace       used 67527K, capacity 70444K, committed 70552K, reserved 1112064K
  class space    used 7518K, capacity 8034K, committed 8088K, reserved 1048576K
Event: 323.062 GC heap after
Heap after GC invocations=11 (full 3):
 PSYoungGen      total 609792K, used 63143K [0x00000000d5580000, 0x0000000100000000, 0x0000000100000000)
  eden space 534016K, 0% used [0x00000000d5580000,0x00000000d5580000,0x00000000f5f00000)
  from space 75776K, 83% used [0x00000000fb600000,0x00000000ff3a9d88,0x0000000100000000)
  to   space 82432K, 0% used [0x00000000f5f00000,0x00000000f5f00000,0x00000000faf80000)
 ParOldGen       total 1398272K, used 57877K [0x0000000080000000, 0x00000000d5580000, 0x00000000d5580000)
  object space 1398272K, 4% used [0x0000000080000000,0x00000000838856b0,0x00000000d5580000)
 Metaspace       used 67527K, capacity 70444K, committed 70552K, reserved 1112064K
  class space    used 7518K, capacity 8034K, committed 8088K, reserved 1048576K
}
Event: 413.029 GC heap before
{Heap before GC invocations=12 (full 3):
 PSYoungGen      total 609792K, used 597159K [0x00000000d5580000, 0x0000000100000000, 0x0000000100000000)
  eden space 534016K, 100% used [0x00000000d5580000,0x00000000f5f00000,0x00000000f5f00000)
  from space 75776K, 83% used [0x00000000fb600000,0x00000000ff3a9d88,0x0000000100000000)
  to   space 82432K, 0% used [0x00000000f5f00000,0x00000000f5f00000,0x00000000faf80000)
 ParOldGen       total 1398272K, used 57877K [0x0000000080000000, 0x00000000d5580000, 0x00000000d5580000)
  object space 1398272K, 4% used [0x0000000080000000,0x00000000838856b0,0x00000000d5580000)
 Metaspace       used 67915K, capacity 70900K, committed 71064K, reserved 1112064K
  class space    used 7523K, capacity 8040K, committed 8088K, reserved 1048576K
Event: 413.156 GC heap after
Heap after GC invocations=12 (full 3):
 PSYoungGen      total 600064K, used 72869K [0x00000000d5580000, 0x0000000100000000, 0x0000000100000000)
  eden space 526848K, 0% used [0x00000000d5580000,0x00000000d5580000,0x00000000f5800000)
  from space 73216K, 99% used [0x00000000f5f00000,0x00000000fa6297c8,0x00000000fa680000)
  to   space 91136K, 0% used [0x00000000fa700000,0x00000000fa700000,0x0000000100000000)
 ParOldGen       total 1398272K, used 57885K [0x0000000080000000, 0x00000000d5580000, 0x00000000d5580000)
  object space 1398272K, 4% used [0x0000000080000000,0x00000000838876b0,0x00000000d5580000)
 Metaspace       used 67915K, capacity 70900K, committed 71064K, reserved 1112064K
  class space    used 7523K, capacity 8040K, committed 8088K, reserved 1048576K
}

