# JRE version: OpenJDK Runtime Environment (8.0_212-b04) (build 1.8.0_212-b04)
# Java VM: OpenJDK 64-Bit Server VM (25.212-b04 mixed mode linux-amd64 compressed oops)
Heap:
 PSYoungGen      total 611840K, used 322915K [0x00000000d5580000, 0x0000000100000000, 0x0000000100000000)
  eden space 524800K, 51% used [0x00000000d5580000,0x00000000e5de4c40,0x00000000f5600000)
  from space 87040K, 59% used [0x00000000fab00000,0x00000000fddf4388,0x0000000100000000)
  to   space 87040K, 0% used [0x00000000f5600000,0x00000000f5600000,0x00000000fab00000)
 ParOldGen       total 1398272K, used 44378K [0x0000000080000000, 0x00000000d5580000, 0x00000000d5580000)
  object space 1398272K, 3% used [0x0000000080000000,0x0000000082b56a18,0x00000000d5580000)
 Metaspace       used 66576K, capacity 69332K, committed 69504K, reserved 1110016K
  class space    used 7499K, capacity 7978K, committed 8064K, reserved 1048576K
GC Heap History (10 events):
Event: 4.016 GC heap before
{Heap before GC invocations=3 (full 1):
 PSYoungGen      total 611840K, used 435028K [0x00000000d5580000, 0x0000000100000000, 0x0000000100000000)
  eden space 524800K, 82% used [0x00000000d5580000,0x00000000efe55378,0x00000000f5600000)
  from space 87040K, 0% used [0x00000000f5600000,0x00000000f5600000,0x00000000fab00000)
  to   space 87040K, 0% used [0x00000000fab00000,0x00000000fab00000,0x0000000100000000)
 ParOldGen       total 892416K, used 13749K [0x0000000080000000, 0x00000000b6780000, 0x00000000d5580000)
  object space 892416K, 1% used [0x0000000080000000,0x0000000080d6d5a8,0x00000000b6780000)
 Metaspace       used 34839K, capacity 35188K, committed 35416K, reserved 1081344K
  class space    used 3978K, capacity 4092K, committed 4096K, reserved 1048576K
Event: 4.048 GC heap after
Heap after GC invocations=3 (full 1):
 PSYoungGen      total 611840K, used 19246K [0x00000000d5580000, 0x0000000100000000, 0x0000000100000000)
  eden space 524800K, 0% used [0x00000000d5580000,0x00000000d5580000,0x00000000f5600000)
  from space 87040K, 22% used [0x00000000fab00000,0x00000000fbdcb9d0,0x0000000100000000)
  to   space 87040K, 0% used [0x00000000f5600000,0x00000000f5600000,0x00000000fab00000)
 ParOldGen       total 892416K, used 13749K [0x0000000080000000, 0x00000000b6780000, 0x00000000d5580000)
  object space 892416K, 1% used [0x0000000080000000,0x0000000080d6d5a8,0x00000000b6780000)
 Metaspace       used 34839K, capacity 35188K, committed 35416K, reserved 1081344K
  class space    used 3978K, capacity 4092K, committed 4096K, reserved 1048576K
}
Event: 4.048 GC heap before
{Heap before GC invocations=4 (full 2):
 PSYoungGen      total 611840K, used 19246K [0x00000000d5580000, 0x0000000100000000, 0x0000000100000000)
  eden space 524800K, 0% used [0x00000000d5580000,0x00000000d5580000,0x00000000f5600000)
  from space 87040K, 22% used [0x00000000fab00000,0x00000000fbdcb9d0,0x0000000100000000)
  to   space 87040K, 0% used [0x00000000f5600000,0x00000000f5600000,0x00000000fab00000)
 ParOldGen       total 892416K, used 13749K [0x0000000080000000, 0x00000000b6780000, 0x00000000d5580000)
  object space 892416K, 1% used [0x0000000080000000,0x0000000080d6d5a8,0x00000000b6780000)
 Metaspace       used 34839K, capacity 35188K, committed 35416K, reserved 1081344K
  class space    used 3978K, capacity 4092K, committed 4096K, reserved 1048576K
Event: 4.151 GC heap after
Heap after GC invocations=4 (full 2):
 PSYoungGen      total 611840K, used 0K [0x00000000d5580000, 0x0000000100000000, 0x0000000100000000)
  eden space 524800K, 0% used [0x00000000d5580000,0x00000000d5580000,0x00000000f5600000)
  from space 87040K, 0% used [0x00000000fab00000,0x00000000fab00000,0x0000000100000000)
  to   space 87040K, 0% used [0x00000000f5600000,0x00000000f5600000,0x00000000fab00000)
 ParOldGen       total 1398272K, used 23652K [0x0000000080000000, 0x00000000d5580000, 0x00000000d5580000)
  object space 1398272K, 1% used [0x0000000080000000,0x0000000081719048,0x00000000d5580000)
 Metaspace       used 34839K, capacity 35188K, committed 35416K, reserved 1081344K
  class space    used 3978K, capacity 4092K, committed 4096K, reserved 1048576K
}
Event: 11.246 GC heap before
{Heap before GC invocations=5 (full 2):
 PSYoungGen      total 611840K, used 517693K [0x00000000d5580000, 0x0000000100000000, 0x0000000100000000)
  eden space 524800K, 98% used [0x00000000d5580000,0x00000000f4f0f760,0x00000000f5600000)
  from space 87040K, 0% used [0x00000000fab00000,0x00000000fab00000,0x0000000100000000)
  to   space 87040K, 0% used [0x00000000f5600000,0x00000000f5600000,0x00000000fab00000)
 ParOldGen       total 1398272K, used 23652K [0x0000000080000000, 0x00000000d5580000, 0x00000000d5580000)
  object space 1398272K, 1% used [0x0000000080000000,0x0000000081719048,0x00000000d5580000)
 Metaspace       used 57327K, capacity 58740K, committed 59008K, reserved 1101824K
  class space    used 6636K, capacity 6918K, committed 7040K, reserved 1048576K
Event: 11.309 GC heap after
Heap after GC invocations=5 (full 2):
 PSYoungGen      total 611840K, used 33816K [0x00000000d5580000, 0x0000000100000000, 0x0000000100000000)
  eden space 524800K, 0% used [0x00000000d5580000,0x00000000d5580000,0x00000000f5600000)
  from space 87040K, 38% used [0x00000000f5600000,0x00000000f77060a0,0x00000000fab00000)
  to   space 87040K, 0% used [0x00000000fab00000,0x00000000fab00000,0x0000000100000000)
 ParOldGen       total 1398272K, used 23660K [0x0000000080000000, 0x00000000d5580000, 0x00000000d5580000)
  object space 1398272K, 1% used [0x0000000080000000,0x000000008171b048,0x00000000d5580000)
 Metaspace       used 57327K, capacity 58740K, committed 59008K, reserved 1101824K
  class space    used 6636K, capacity 6918K, committed 7040K, reserved 1048576K
}
Event: 11.309 GC heap before
{Heap before GC invocations=6 (full 3):
 PSYoungGen      total 611840K, used 33816K [0x00000000d5580000, 0x0000000100000000, 0x0000000100000000)
  eden space 524800K, 0% used [0x00000000d5580000,0x00000000d5580000,0x00000000f5600000)
  from space 87040K, 38% used [0x00000000f5600000,0x00000000f77060a0,0x00000000fab00000)
  to   space 87040K, 0% used [0x00000000fab00000,0x00000000fab00000,0x0000000100000000)
 ParOldGen       total 1398272K, used 23660K [0x0000000080000000, 0x00000000d5580000, 0x00000000d5580000)
  object space 1398272K, 1% used [0x0000000080000000,0x000000008171b048,0x00000000d5580000)
 Metaspace       used 57327K, capacity 58740K, committed 59008K, reserved 1101824K
  class space    used 6636K, capacity 6918K, committed 7040K, reserved 1048576K
Event: 11.578 GC heap after
Heap after GC invocations=6 (full 3):
 PSYoungGen      total 611840K, used 0K [0x00000000d5580000, 0x0000000100000000, 0x0000000100000000)
  eden space 524800K, 0% used [0x00000000d5580000,0x00000000d5580000,0x00000000f5600000)
  from space 87040K, 0% used [0x00000000f5600000,0x00000000f5600000,0x00000000fab00000)
  to   space 87040K, 0% used [0x00000000fab00000,0x00000000fab00000,0x0000000100000000)
 ParOldGen       total 1398272K, used 44370K [0x0000000080000000, 0x00000000d5580000, 0x00000000d5580000)
  object space 1398272K, 3% used [0x0000000080000000,0x0000000082b54a18,0x00000000d5580000)
 Metaspace       used 57288K, capacity 58648K, committed 59008K, reserved 1101824K
  class space    used 6622K, capacity 6894K, committed 7040K, reserved 1048576K
}
Event: 102.480 GC heap before
{Heap before GC invocations=7 (full 3):
 PSYoungGen      total 611840K, used 524800K [0x00000000d5580000, 0x0000000100000000, 0x0000000100000000)
  eden space 524800K, 100% used [0x00000000d5580000,0x00000000f5600000,0x00000000f5600000)
  from space 87040K, 0% used [0x00000000f5600000,0x00000000f5600000,0x00000000fab00000)
  to   space 87040K, 0% used [0x00000000fab00000,0x00000000fab00000,0x0000000100000000)
 ParOldGen       total 1398272K, used 44370K [0x0000000080000000, 0x00000000d5580000, 0x00000000d5580000)
  object space 1398272K, 3% used [0x0000000080000000,0x0000000082b54a18,0x00000000d5580000)
 Metaspace       used 66114K, capacity 68854K, committed 68992K, reserved 1110016K
  class space    used 7498K, capacity 7977K, committed 8064K, reserved 1048576K
Event: 102.611 GC heap after
Heap after GC invocations=7 (full 3):
 PSYoungGen      total 611840K, used 52176K [0x00000000d5580000, 0x0000000100000000, 0x0000000100000000)
  eden space 524800K, 0% used [0x00000000d5580000,0x00000000d5580000,0x00000000f5600000)
  from space 87040K, 59% used [0x00000000fab00000,0x00000000fddf4388,0x0000000100000000)
  to   space 87040K, 0% used [0x00000000f5600000,0x00000000f5600000,0x00000000fab00000)
 ParOldGen       total 1398272K, used 44378K [0x0000000080000000, 0x00000000d5580000, 0x00000000d5580000)
  object space 1398272K, 3% used [0x0000000080000000,0x0000000082b56a18,0x00000000d5580000)
 Metaspace       used 66114K, capacity 68854K, committed 68992K, reserved 1110016K
  class space    used 7498K, capacity 7977K, committed 8064K, reserved 1048576K
}

