# JRE version: OpenJDK Runtime Environment (8.0_212-b04) (build 1.8.0_212-b04)
# Java VM: OpenJDK 64-Bit Server VM (25.212-b04 mixed mode linux-amd64 compressed oops)
Heap:
 PSYoungGen      total 592384K, used 345690K [0x00000000d5580000, 0x00000000ff300000, 0x0000000100000000)
  eden space 524800K, 53% used [0x00000000d5580000,0x00000000e655cd70,0x00000000f5600000)
  from space 67584K, 99% used [0x00000000f5600000,0x00000000f97b9dc8,0x00000000f9800000)
  to   space 80384K, 0% used [0x00000000fa480000,0x00000000fa480000,0x00000000ff300000)
 ParOldGen       total 1398272K, used 38945K [0x0000000080000000, 0x00000000d5580000, 0x00000000d5580000)
  object space 1398272K, 2% used [0x0000000080000000,0x00000000826085d8,0x00000000d5580000)
 Metaspace       used 67893K, capacity 70750K, committed 71040K, reserved 1112064K
  class space    used 7528K, capacity 8015K, committed 8064K, reserved 1048576K
GC Heap History (10 events):
Event: 4.020 GC heap before
{Heap before GC invocations=4 (full 2):
 PSYoungGen      total 611840K, used 18469K [0x00000000d5580000, 0x0000000100000000, 0x0000000100000000)
  eden space 524800K, 0% used [0x00000000d5580000,0x00000000d5580000,0x00000000f5600000)
  from space 87040K, 21% used [0x00000000fab00000,0x00000000fbd095e8,0x0000000100000000)
  to   space 87040K, 0% used [0x00000000f5600000,0x00000000f5600000,0x00000000fab00000)
 ParOldGen       total 891904K, used 13772K [0x0000000080000000, 0x00000000b6700000, 0x00000000d5580000)
  object space 891904K, 1% used [0x0000000080000000,0x0000000080d733e0,0x00000000b6700000)
 Metaspace       used 34591K, capacity 34992K, committed 35416K, reserved 1081344K
  class space    used 3940K, capacity 4066K, committed 4096K, reserved 1048576K
Event: 4.119 GC heap after
Heap after GC invocations=4 (full 2):
 PSYoungGen      total 611840K, used 0K [0x00000000d5580000, 0x0000000100000000, 0x0000000100000000)
  eden space 524800K, 0% used [0x00000000d5580000,0x00000000d5580000,0x00000000f5600000)
  from space 87040K, 0% used [0x00000000fab00000,0x00000000fab00000,0x0000000100000000)
  to   space 87040K, 0% used [0x00000000f5600000,0x00000000f5600000,0x00000000fab00000)
 ParOldGen       total 1398272K, used 22785K [0x0000000080000000, 0x00000000d5580000, 0x00000000d5580000)
  object space 1398272K, 1% used [0x0000000080000000,0x0000000081640500,0x00000000d5580000)
 Metaspace       used 34591K, capacity 34992K, committed 35416K, reserved 1081344K
  class space    used 3940K, capacity 4066K, committed 4096K, reserved 1048576K
}
Event: 10.146 GC heap before
{Heap before GC invocations=5 (full 2):
 PSYoungGen      total 611840K, used 402927K [0x00000000d5580000, 0x0000000100000000, 0x0000000100000000)
  eden space 524800K, 76% used [0x00000000d5580000,0x00000000edefbef8,0x00000000f5600000)
  from space 87040K, 0% used [0x00000000fab00000,0x00000000fab00000,0x0000000100000000)
  to   space 87040K, 0% used [0x00000000f5600000,0x00000000f5600000,0x00000000fab00000)
 ParOldGen       total 1398272K, used 22785K [0x0000000080000000, 0x00000000d5580000, 0x00000000d5580000)
  object space 1398272K, 1% used [0x0000000080000000,0x0000000081640500,0x00000000d5580000)
 Metaspace       used 57381K, capacity 58874K, committed 59008K, reserved 1101824K
  class space    used 6673K, capacity 6945K, committed 7040K, reserved 1048576K
Event: 10.196 GC heap after
Heap after GC invocations=5 (full 2):
 PSYoungGen      total 611840K, used 28972K [0x00000000d5580000, 0x0000000100000000, 0x0000000100000000)
  eden space 524800K, 0% used [0x00000000d5580000,0x00000000d5580000,0x00000000f5600000)
  from space 87040K, 33% used [0x00000000f5600000,0x00000000f724b2c0,0x00000000fab00000)
  to   space 87040K, 0% used [0x00000000fab00000,0x00000000fab00000,0x0000000100000000)
 ParOldGen       total 1398272K, used 22793K [0x0000000080000000, 0x00000000d5580000, 0x00000000d5580000)
  object space 1398272K, 1% used [0x0000000080000000,0x0000000081642500,0x00000000d5580000)
 Metaspace       used 57381K, capacity 58874K, committed 59008K, reserved 1101824K
  class space    used 6673K, capacity 6945K, committed 7040K, reserved 1048576K
}
Event: 10.196 GC heap before
{Heap before GC invocations=6 (full 3):
 PSYoungGen      total 611840K, used 28972K [0x00000000d5580000, 0x0000000100000000, 0x0000000100000000)
  eden space 524800K, 0% used [0x00000000d5580000,0x00000000d5580000,0x00000000f5600000)
  from space 87040K, 33% used [0x00000000f5600000,0x00000000f724b2c0,0x00000000fab00000)
  to   space 87040K, 0% used [0x00000000fab00000,0x00000000fab00000,0x0000000100000000)
 ParOldGen       total 1398272K, used 22793K [0x0000000080000000, 0x00000000d5580000, 0x00000000d5580000)
  object space 1398272K, 1% used [0x0000000080000000,0x0000000081642500,0x00000000d5580000)
 Metaspace       used 57381K, capacity 58874K, committed 59008K, reserved 1101824K
  class space    used 6673K, capacity 6945K, committed 7040K, reserved 1048576K
Event: 10.419 GC heap after
Heap after GC invocations=6 (full 3):
 PSYoungGen      total 611840K, used 0K [0x00000000d5580000, 0x0000000100000000, 0x0000000100000000)
  eden space 524800K, 0% used [0x00000000d5580000,0x00000000d5580000,0x00000000f5600000)
  from space 87040K, 0% used [0x00000000f5600000,0x00000000f5600000,0x00000000fab00000)
  to   space 87040K, 0% used [0x00000000fab00000,0x00000000fab00000,0x0000000100000000)
 ParOldGen       total 1398272K, used 38929K [0x0000000080000000, 0x00000000d5580000, 0x00000000d5580000)
  object space 1398272K, 2% used [0x0000000080000000,0x00000000826045d8,0x00000000d5580000)
 Metaspace       used 57381K, capacity 58874K, committed 59008K, reserved 1101824K
  class space    used 6673K, capacity 6945K, committed 7040K, reserved 1048576K
}
Event: 172.403 GC heap before
{Heap before GC invocations=7 (full 3):
 PSYoungGen      total 611840K, used 524800K [0x00000000d5580000, 0x0000000100000000, 0x0000000100000000)
  eden space 524800K, 100% used [0x00000000d5580000,0x00000000f5600000,0x00000000f5600000)
  from space 87040K, 0% used [0x00000000f5600000,0x00000000f5600000,0x00000000fab00000)
  to   space 87040K, 0% used [0x00000000fab00000,0x00000000fab00000,0x0000000100000000)
 ParOldGen       total 1398272K, used 38929K [0x0000000080000000, 0x00000000d5580000, 0x00000000d5580000)
  object space 1398272K, 2% used [0x0000000080000000,0x00000000826045d8,0x00000000d5580000)
 Metaspace       used 66474K, capacity 69182K, committed 69504K, reserved 1110016K
  class space    used 7505K, capacity 7977K, committed 8064K, reserved 1048576K
Event: 172.550 GC heap after
Heap after GC invocations=7 (full 3):
 PSYoungGen      total 611840K, used 61350K [0x00000000d5580000, 0x0000000100000000, 0x0000000100000000)
  eden space 524800K, 0% used [0x00000000d5580000,0x00000000d5580000,0x00000000f5600000)
  from space 87040K, 70% used [0x00000000fab00000,0x00000000fe6e99c8,0x0000000100000000)
  to   space 87040K, 0% used [0x00000000f5600000,0x00000000f5600000,0x00000000fab00000)
 ParOldGen       total 1398272K, used 38937K [0x0000000080000000, 0x00000000d5580000, 0x00000000d5580000)
  object space 1398272K, 2% used [0x0000000080000000,0x00000000826065d8,0x00000000d5580000)
 Metaspace       used 66474K, capacity 69182K, committed 69504K, reserved 1110016K
  class space    used 7505K, capacity 7977K, committed 8064K, reserved 1048576K
}
Event: 362.402 GC heap before
{Heap before GC invocations=8 (full 3):
 PSYoungGen      total 611840K, used 586150K [0x00000000d5580000, 0x0000000100000000, 0x0000000100000000)
  eden space 524800K, 100% used [0x00000000d5580000,0x00000000f5600000,0x00000000f5600000)
  from space 87040K, 70% used [0x00000000fab00000,0x00000000fe6e99c8,0x0000000100000000)
  to   space 87040K, 0% used [0x00000000f5600000,0x00000000f5600000,0x00000000fab00000)
 ParOldGen       total 1398272K, used 38937K [0x0000000080000000, 0x00000000d5580000, 0x00000000d5580000)
  object space 1398272K, 2% used [0x0000000080000000,0x00000000826065d8,0x00000000d5580000)
 Metaspace       used 67503K, capacity 70328K, committed 70528K, reserved 1112064K
  class space    used 7528K, capacity 8014K, committed 8064K, reserved 1048576K
Event: 362.549 GC heap after
Heap after GC invocations=8 (full 3):
 PSYoungGen      total 592384K, used 67303K [0x00000000d5580000, 0x00000000ff300000, 0x0000000100000000)
  eden space 524800K, 0% used [0x00000000d5580000,0x00000000d5580000,0x00000000f5600000)
  from space 67584K, 99% used [0x00000000f5600000,0x00000000f97b9dc8,0x00000000f9800000)
  to   space 80384K, 0% used [0x00000000fa480000,0x00000000fa480000,0x00000000ff300000)
 ParOldGen       total 1398272K, used 38945K [0x0000000080000000, 0x00000000d5580000, 0x00000000d5580000)
  object space 1398272K, 2% used [0x0000000080000000,0x00000000826085d8,0x00000000d5580000)
 Metaspace       used 67503K, capacity 70328K, committed 70528K, reserved 1112064K
  class space    used 7528K, capacity 8014K, committed 8064K, reserved 1048576K
}

