# JRE version: OpenJDK Runtime Environment (8.0_212-b04) (build 1.8.0_212-b04)
# Java VM: OpenJDK 64-Bit Server VM (25.212-b04 mixed mode linux-amd64 compressed oops)
Heap:
 PSYoungGen      total 600064K, used 111873K [0x00000000d5580000, 0x0000000100000000, 0x0000000100000000)
  eden space 531456K, 11% used [0x00000000d5580000,0x00000000d9040f20,0x00000000f5c80000)
  from space 68608K, 75% used [0x00000000fab00000,0x00000000fdd7f670,0x00000000fee00000)
  to   space 80384K, 0% used [0x00000000f5c80000,0x00000000f5c80000,0x00000000fab00000)
 ParOldGen       total 1398272K, used 43177K [0x0000000080000000, 0x00000000d5580000, 0x00000000d5580000)
  object space 1398272K, 3% used [0x0000000080000000,0x0000000082a2a748,0x00000000d5580000)
 Metaspace       used 68952K, capacity 71888K, committed 72064K, reserved 1114112K
  class space    used 7689K, capacity 8232K, committed 8320K, reserved 1048576K
GC Heap History (10 events):
Event: 10.031 GC heap before
{Heap before GC invocations=5 (full 2):
 PSYoungGen      total 611840K, used 524800K [0x00000000d5580000, 0x0000000100000000, 0x0000000100000000)
  eden space 524800K, 100% used [0x00000000d5580000,0x00000000f5600000,0x00000000f5600000)
  from space 87040K, 0% used [0x00000000fab00000,0x00000000fab00000,0x0000000100000000)
  to   space 87040K, 0% used [0x00000000f5600000,0x00000000f5600000,0x00000000fab00000)
 ParOldGen       total 1398272K, used 23544K [0x0000000080000000, 0x00000000d5580000, 0x00000000d5580000)
  object space 1398272K, 1% used [0x0000000080000000,0x00000000816fe318,0x00000000d5580000)
 Metaspace       used 51053K, capacity 52440K, committed 52736K, reserved 1095680K
  class space    used 6014K, capacity 6274K, committed 6400K, reserved 1048576K
Event: 10.085 GC heap after
Heap after GC invocations=5 (full 2):
 PSYoungGen      total 611840K, used 24062K [0x00000000d5580000, 0x0000000100000000, 0x0000000100000000)
  eden space 524800K, 0% used [0x00000000d5580000,0x00000000d5580000,0x00000000f5600000)
  from space 87040K, 27% used [0x00000000f5600000,0x00000000f6d7f9d8,0x00000000fab00000)
  to   space 87040K, 0% used [0x00000000fab00000,0x00000000fab00000,0x0000000100000000)
 ParOldGen       total 1398272K, used 23552K [0x0000000080000000, 0x00000000d5580000, 0x00000000d5580000)
  object space 1398272K, 1% used [0x0000000080000000,0x0000000081700318,0x00000000d5580000)
 Metaspace       used 51053K, capacity 52440K, committed 52736K, reserved 1095680K
  class space    used 6014K, capacity 6274K, committed 6400K, reserved 1048576K
}
Event: 11.729 GC heap before
{Heap before GC invocations=6 (full 2):
 PSYoungGen      total 611840K, used 185055K [0x00000000d5580000, 0x0000000100000000, 0x0000000100000000)
  eden space 524800K, 30% used [0x00000000d5580000,0x00000000df2b82a8,0x00000000f5600000)
  from space 87040K, 27% used [0x00000000f5600000,0x00000000f6d7f9d8,0x00000000fab00000)
  to   space 87040K, 0% used [0x00000000fab00000,0x00000000fab00000,0x0000000100000000)
 ParOldGen       total 1398272K, used 23552K [0x0000000080000000, 0x00000000d5580000, 0x00000000d5580000)
  object space 1398272K, 1% used [0x0000000080000000,0x0000000081700318,0x00000000d5580000)
 Metaspace       used 57220K, capacity 58890K, committed 59008K, reserved 1101824K
  class space    used 6612K, capacity 6925K, committed 7040K, reserved 1048576K
Event: 11.762 GC heap after
Heap after GC invocations=6 (full 2):
 PSYoungGen      total 611840K, used 22145K [0x00000000d5580000, 0x0000000100000000, 0x0000000100000000)
  eden space 524800K, 0% used [0x00000000d5580000,0x00000000d5580000,0x00000000f5600000)
  from space 87040K, 25% used [0x00000000fab00000,0x00000000fc0a0430,0x0000000100000000)
  to   space 87040K, 0% used [0x00000000f5600000,0x00000000f5600000,0x00000000fab00000)
 ParOldGen       total 1398272K, used 23560K [0x0000000080000000, 0x00000000d5580000, 0x00000000d5580000)
  object space 1398272K, 1% used [0x0000000080000000,0x0000000081702318,0x00000000d5580000)
 Metaspace       used 57220K, capacity 58890K, committed 59008K, reserved 1101824K
  class space    used 6612K, capacity 6925K, committed 7040K, reserved 1048576K
}
Event: 11.762 GC heap before
{Heap before GC invocations=7 (full 3):
 PSYoungGen      total 611840K, used 22145K [0x00000000d5580000, 0x0000000100000000, 0x0000000100000000)
  eden space 524800K, 0% used [0x00000000d5580000,0x00000000d5580000,0x00000000f5600000)
  from space 87040K, 25% used [0x00000000fab00000,0x00000000fc0a0430,0x0000000100000000)
  to   space 87040K, 0% used [0x00000000f5600000,0x00000000f5600000,0x00000000fab00000)
 ParOldGen       total 1398272K, used 23560K [0x0000000080000000, 0x00000000d5580000, 0x00000000d5580000)
  object space 1398272K, 1% used [0x0000000080000000,0x0000000081702318,0x00000000d5580000)
 Metaspace       used 57220K, capacity 58890K, committed 59008K, reserved 1101824K
  class space    used 6612K, capacity 6925K, committed 7040K, reserved 1048576K
Event: 11.991 GC heap after
Heap after GC invocations=7 (full 3):
 PSYoungGen      total 611840K, used 0K [0x00000000d5580000, 0x0000000100000000, 0x0000000100000000)
  eden space 524800K, 0% used [0x00000000d5580000,0x00000000d5580000,0x00000000f5600000)
  from space 87040K, 0% used [0x00000000fab00000,0x00000000fab00000,0x0000000100000000)
  to   space 87040K, 0% used [0x00000000f5600000,0x00000000f5600000,0x00000000fab00000)
 ParOldGen       total 1398272K, used 33594K [0x0000000080000000, 0x00000000d5580000, 0x00000000d5580000)
  object space 1398272K, 2% used [0x0000000080000000,0x00000000820ceb28,0x00000000d5580000)
 Metaspace       used 57152K, capacity 58706K, committed 59008K, reserved 1101824K
  class space    used 6588K, capacity 6883K, committed 7040K, reserved 1048576K
}
Event: 43.585 GC heap before
{Heap before GC invocations=8 (full 3):
 PSYoungGen      total 611840K, used 520931K [0x00000000d5580000, 0x0000000100000000, 0x0000000100000000)
  eden space 524800K, 99% used [0x00000000d5580000,0x00000000f5238fd0,0x00000000f5600000)
  from space 87040K, 0% used [0x00000000fab00000,0x00000000fab00000,0x0000000100000000)
  to   space 87040K, 0% used [0x00000000f5600000,0x00000000f5600000,0x00000000fab00000)
 ParOldGen       total 1398272K, used 33594K [0x0000000080000000, 0x00000000d5580000, 0x00000000d5580000)
  object space 1398272K, 2% used [0x0000000080000000,0x00000000820ceb28,0x00000000d5580000)
 Metaspace       used 66613K, capacity 69316K, committed 69504K, reserved 1110016K
  class space    used 7546K, capacity 8052K, committed 8064K, reserved 1048576K
Event: 43.733 GC heap after
Heap after GC invocations=8 (full 3):
 PSYoungGen      total 611840K, used 87033K [0x00000000d5580000, 0x00000000fee00000, 0x0000000100000000)
  eden space 524800K, 0% used [0x00000000d5580000,0x00000000d5580000,0x00000000f5600000)
  from space 87040K, 99% used [0x00000000f5600000,0x00000000faafe6a0,0x00000000fab00000)
  to   space 68608K, 0% used [0x00000000fab00000,0x00000000fab00000,0x00000000fee00000)
 ParOldGen       total 1398272K, used 43169K [0x0000000080000000, 0x00000000d5580000, 0x00000000d5580000)
  object space 1398272K, 3% used [0x0000000080000000,0x0000000082a28748,0x00000000d5580000)
 Metaspace       used 66613K, capacity 69316K, committed 69504K, reserved 1110016K
  class space    used 7546K, capacity 8052K, committed 8064K, reserved 1048576K
}
Event: 79.373 GC heap before
{Heap before GC invocations=9 (full 3):
 PSYoungGen      total 611840K, used 611833K [0x00000000d5580000, 0x00000000fee00000, 0x0000000100000000)
  eden space 524800K, 100% used [0x00000000d5580000,0x00000000f5600000,0x00000000f5600000)
  from space 87040K, 99% used [0x00000000f5600000,0x00000000faafe6a0,0x00000000fab00000)
  to   space 68608K, 0% used [0x00000000fab00000,0x00000000fab00000,0x00000000fee00000)
 ParOldGen       total 1398272K, used 43169K [0x0000000080000000, 0x00000000d5580000, 0x00000000d5580000)
  object space 1398272K, 3% used [0x0000000080000000,0x0000000082a28748,0x00000000d5580000)
 Metaspace       used 68231K, capacity 71078K, committed 71168K, reserved 1112064K
  class space    used 7623K, capacity 8123K, committed 8192K, reserved 1048576K
Event: 79.523 GC heap after
Heap after GC invocations=9 (full 3):
 PSYoungGen      total 600064K, used 51709K [0x00000000d5580000, 0x0000000100000000, 0x0000000100000000)
  eden space 531456K, 0% used [0x00000000d5580000,0x00000000d5580000,0x00000000f5c80000)
  from space 68608K, 75% used [0x00000000fab00000,0x00000000fdd7f670,0x00000000fee00000)
  to   space 80384K, 0% used [0x00000000f5c80000,0x00000000f5c80000,0x00000000fab00000)
 ParOldGen       total 1398272K, used 43177K [0x0000000080000000, 0x00000000d5580000, 0x00000000d5580000)
  object space 1398272K, 3% used [0x0000000080000000,0x0000000082a2a748,0x00000000d5580000)
 Metaspace       used 68231K, capacity 71078K, committed 71168K, reserved 1112064K
  class space    used 7623K, capacity 8123K, committed 8192K, reserved 1048576K
}

