# JRE version: OpenJDK Runtime Environment (8.0_212-b04) (build 1.8.0_212-b04)
# Java VM: OpenJDK 64-Bit Server VM (25.212-b04 mixed mode linux-amd64 compressed oops)
Heap:
 PSYoungGen      total 611840K, used 229254K [0x00000000d5580000, 0x0000000100000000, 0x0000000100000000)
  eden space 524800K, 35% used [0x00000000d5580000,0x00000000e0de3448,0x00000000f5600000)
  from space 87040K, 46% used [0x00000000fab00000,0x00000000fd27e530,0x0000000100000000)
  to   space 87040K, 0% used [0x00000000f5600000,0x00000000f5600000,0x00000000fab00000)
 ParOldGen       total 874496K, used 12013K [0x0000000080000000, 0x00000000b5600000, 0x00000000d5580000)
  object space 874496K, 1% used [0x0000000080000000,0x0000000080bbb590,0x00000000b5600000)
 Metaspace       used 33747K, capacity 34402K, committed 34688K, reserved 1079296K
  class space    used 3759K, capacity 3906K, committed 3968K, reserved 1048576K
GC Heap History (10 events):
Event: 1.964 GC heap before
{Heap before GC invocations=1 (full 0):
 PSYoungGen      total 611840K, used 209921K [0x00000000d5580000, 0x0000000100000000, 0x0000000100000000)
  eden space 524800K, 40% used [0x00000000d5580000,0x00000000e22804d0,0x00000000f5600000)
  from space 87040K, 0% used [0x00000000fab00000,0x00000000fab00000,0x0000000100000000)
  to   space 87040K, 0% used [0x00000000f5600000,0x00000000f5600000,0x00000000fab00000)
 ParOldGen       total 1398272K, used 0K [0x0000000080000000, 0x00000000d5580000, 0x00000000d5580000)
  object space 1398272K, 0% used [0x0000000080000000,0x0000000080000000,0x00000000d5580000)
 Metaspace       used 20779K, capacity 21022K, committed 21248K, reserved 1069056K
  class space    used 2360K, capacity 2452K, committed 2560K, reserved 1048576K
Event: 1.998 GC heap after
Heap after GC invocations=1 (full 0):
 PSYoungGen      total 611840K, used 12453K [0x00000000d5580000, 0x0000000100000000, 0x0000000100000000)
  eden space 524800K, 0% used [0x00000000d5580000,0x00000000d5580000,0x00000000f5600000)
  from space 87040K, 14% used [0x00000000f5600000,0x00000000f62296f8,0x00000000fab00000)
  to   space 87040K, 0% used [0x00000000fab00000,0x00000000fab00000,0x0000000100000000)
 ParOldGen       total 1398272K, used 72K [0x0000000080000000, 0x00000000d5580000, 0x00000000d5580000)
  object space 1398272K, 0% used [0x0000000080000000,0x0000000080012010,0x00000000d5580000)
 Metaspace       used 20779K, capacity 21022K, committed 21248K, reserved 1069056K
  class space    used 2360K, capacity 2452K, committed 2560K, reserved 1048576K
}
Event: 1.998 GC heap before
{Heap before GC invocations=2 (full 1):
 PSYoungGen      total 611840K, used 12453K [0x00000000d5580000, 0x0000000100000000, 0x0000000100000000)
  eden space 524800K, 0% used [0x00000000d5580000,0x00000000d5580000,0x00000000f5600000)
  from space 87040K, 14% used [0x00000000f5600000,0x00000000f62296f8,0x00000000fab00000)
  to   space 87040K, 0% used [0x00000000fab00000,0x00000000fab00000,0x0000000100000000)
 ParOldGen       total 1398272K, used 72K [0x0000000080000000, 0x00000000d5580000, 0x00000000d5580000)
  object space 1398272K, 0% used [0x0000000080000000,0x0000000080012010,0x00000000d5580000)
 Metaspace       used 20779K, capacity 21022K, committed 21248K, reserved 1069056K
  class space    used 2360K, capacity 2452K, committed 2560K, reserved 1048576K
Event: 2.060 GC heap after
Heap after GC invocations=2 (full 1):
 PSYoungGen      total 611840K, used 0K [0x00000000d5580000, 0x0000000100000000, 0x0000000100000000)
  eden space 524800K, 0% used [0x00000000d5580000,0x00000000d5580000,0x00000000f5600000)
  from space 87040K, 0% used [0x00000000f5600000,0x00000000f5600000,0x00000000fab00000)
  to   space 87040K, 0% used [0x00000000fab00000,0x00000000fab00000,0x0000000100000000)
 ParOldGen       total 874496K, used 11989K [0x0000000080000000, 0x00000000b5600000, 0x00000000d5580000)
  object space 874496K, 1% used [0x0000000080000000,0x0000000080bb5590,0x00000000b5600000)
 Metaspace       used 20779K, capacity 21022K, committed 21248K, reserved 1069056K
  class space    used 2360K, capacity 2452K, committed 2560K, reserved 1048576K
}
Event: 16.161 GC heap before
{Heap before GC invocations=3 (full 1):
 PSYoungGen      total 611840K, used 524800K [0x00000000d5580000, 0x0000000100000000, 0x0000000100000000)
  eden space 524800K, 100% used [0x00000000d5580000,0x00000000f5600000,0x00000000f5600000)
  from space 87040K, 0% used [0x00000000f5600000,0x00000000f5600000,0x00000000fab00000)
  to   space 87040K, 0% used [0x00000000fab00000,0x00000000fab00000,0x0000000100000000)
 ParOldGen       total 874496K, used 11989K [0x0000000080000000, 0x00000000b5600000, 0x00000000d5580000)
  object space 874496K, 1% used [0x0000000080000000,0x0000000080bb5590,0x00000000b5600000)
 Metaspace       used 32867K, capacity 33490K, committed 33664K, reserved 1079296K
  class space    used 3730K, capacity 3860K, committed 3968K, reserved 1048576K
Event: 16.221 GC heap after
Heap after GC invocations=3 (full 1):
 PSYoungGen      total 611840K, used 25631K [0x00000000d5580000, 0x0000000100000000, 0x0000000100000000)
  eden space 524800K, 0% used [0x00000000d5580000,0x00000000d5580000,0x00000000f5600000)
  from space 87040K, 29% used [0x00000000fab00000,0x00000000fc407cd8,0x0000000100000000)
  to   space 87040K, 0% used [0x00000000f5600000,0x00000000f5600000,0x00000000fab00000)
 ParOldGen       total 874496K, used 11997K [0x0000000080000000, 0x00000000b5600000, 0x00000000d5580000)
  object space 874496K, 1% used [0x0000000080000000,0x0000000080bb7590,0x00000000b5600000)
 Metaspace       used 32867K, capacity 33490K, committed 33664K, reserved 1079296K
  class space    used 3730K, capacity 3860K, committed 3968K, reserved 1048576K
}
Event: 37.490 GC heap before
{Heap before GC invocations=4 (full 1):
 PSYoungGen      total 611840K, used 550431K [0x00000000d5580000, 0x0000000100000000, 0x0000000100000000)
  eden space 524800K, 100% used [0x00000000d5580000,0x00000000f5600000,0x00000000f5600000)
  from space 87040K, 29% used [0x00000000fab00000,0x00000000fc407cd8,0x0000000100000000)
  to   space 87040K, 0% used [0x00000000f5600000,0x00000000f5600000,0x00000000fab00000)
 ParOldGen       total 874496K, used 11997K [0x0000000080000000, 0x00000000b5600000, 0x00000000d5580000)
  object space 874496K, 1% used [0x0000000080000000,0x0000000080bb7590,0x00000000b5600000)
 Metaspace       used 33424K, capacity 34064K, committed 34176K, reserved 1079296K
  class space    used 3733K, capacity 3865K, committed 3968K, reserved 1048576K
Event: 37.625 GC heap after
Heap after GC invocations=4 (full 1):
 PSYoungGen      total 611840K, used 28244K [0x00000000d5580000, 0x0000000100000000, 0x0000000100000000)
  eden space 524800K, 0% used [0x00000000d5580000,0x00000000d5580000,0x00000000f5600000)
  from space 87040K, 32% used [0x00000000f5600000,0x00000000f71952b0,0x00000000fab00000)
  to   space 87040K, 0% used [0x00000000fab00000,0x00000000fab00000,0x0000000100000000)
 ParOldGen       total 874496K, used 12005K [0x0000000080000000, 0x00000000b5600000, 0x00000000d5580000)
  object space 874496K, 1% used [0x0000000080000000,0x0000000080bb9590,0x00000000b5600000)
 Metaspace       used 33424K, capacity 34064K, committed 34176K, reserved 1079296K
  class space    used 3733K, capacity 3865K, committed 3968K, reserved 1048576K
}
Event: 39.580 GC heap before
{Heap before GC invocations=5 (full 1):
 PSYoungGen      total 611840K, used 553044K [0x00000000d5580000, 0x0000000100000000, 0x0000000100000000)
  eden space 524800K, 100% used [0x00000000d5580000,0x00000000f5600000,0x00000000f5600000)
  from space 87040K, 32% used [0x00000000f5600000,0x00000000f71952b0,0x00000000fab00000)
  to   space 87040K, 0% used [0x00000000fab00000,0x00000000fab00000,0x0000000100000000)
 ParOldGen       total 874496K, used 12005K [0x0000000080000000, 0x00000000b5600000, 0x00000000d5580000)
  object space 874496K, 1% used [0x0000000080000000,0x0000000080bb9590,0x00000000b5600000)
 Metaspace       used 33436K, capacity 34072K, committed 34176K, reserved 1079296K
  class space    used 3733K, capacity 3865K, committed 3968K, reserved 1048576K
Event: 39.652 GC heap after
Heap after GC invocations=5 (full 1):
 PSYoungGen      total 611840K, used 40441K [0x00000000d5580000, 0x0000000100000000, 0x0000000100000000)
  eden space 524800K, 0% used [0x00000000d5580000,0x00000000d5580000,0x00000000f5600000)
  from space 87040K, 46% used [0x00000000fab00000,0x00000000fd27e530,0x0000000100000000)
  to   space 87040K, 0% used [0x00000000f5600000,0x00000000f5600000,0x00000000fab00000)
 ParOldGen       total 874496K, used 12013K [0x0000000080000000, 0x00000000b5600000, 0x00000000d5580000)
  object space 874496K, 1% used [0x0000000080000000,0x0000000080bbb590,0x00000000b5600000)
 Metaspace       used 33436K, capacity 34072K, committed 34176K, reserved 1079296K
  class space    used 3733K, capacity 3865K, committed 3968K, reserved 1048576K
}

