# JRE version: OpenJDK Runtime Environment (8.0_212-b04) (build 1.8.0_212-b04)
# Java VM: OpenJDK 64-Bit Server VM (25.212-b04 mixed mode linux-amd64 compressed oops)
Heap:
 PSYoungGen      total 611840K, used 142628K [0x00000000d5580000, 0x0000000100000000, 0x0000000100000000)
  eden space 524800K, 27% used [0x00000000d5580000,0x00000000de0c9228,0x00000000f5600000)
  from space 87040K, 0% used [0x00000000fab00000,0x00000000fab00000,0x0000000100000000)
  to   space 87040K, 0% used [0x00000000f5600000,0x00000000f5600000,0x00000000fab00000)
 ParOldGen       total 1396224K, used 10638K [0x0000000080000000, 0x00000000d5380000, 0x00000000d5580000)
  object space 1396224K, 0% used [0x0000000080000000,0x0000000080a638e8,0x00000000d5380000)
 Metaspace       used 40848K, capacity 41285K, committed 41432K, reserved 1085440K
  class space    used 4458K, capacity 4604K, committed 4624K, reserved 1048576K
GC Heap History (8 events):
Event: 3.714 GC heap before
{Heap before GC invocations=1 (full 0):
 PSYoungGen      total 611840K, used 325379K [0x00000000d5580000, 0x0000000100000000, 0x0000000100000000)
  eden space 524800K, 62% used [0x00000000d5580000,0x00000000e9340d78,0x00000000f5600000)
  from space 87040K, 0% used [0x00000000fab00000,0x00000000fab00000,0x0000000100000000)
  to   space 87040K, 0% used [0x00000000f5600000,0x00000000f5600000,0x00000000fab00000)
 ParOldGen       total 1398272K, used 0K [0x0000000080000000, 0x00000000d5580000, 0x00000000d5580000)
  object space 1398272K, 0% used [0x0000000080000000,0x0000000080000000,0x00000000d5580000)
 Metaspace       used 20868K, capacity 21042K, committed 21248K, reserved 1067008K
  class space    used 2620K, capacity 2695K, committed 2816K, reserved 1048576K
Event: 3.769 GC heap after
Heap after GC invocations=1 (full 0):
 PSYoungGen      total 611840K, used 14504K [0x00000000d5580000, 0x0000000100000000, 0x0000000100000000)
  eden space 524800K, 0% used [0x00000000d5580000,0x00000000d5580000,0x00000000f5600000)
  from space 87040K, 16% used [0x00000000f5600000,0x00000000f642a008,0x00000000fab00000)
  to   space 87040K, 0% used [0x00000000fab00000,0x00000000fab00000,0x0000000100000000)
 ParOldGen       total 1398272K, used 24K [0x0000000080000000, 0x00000000d5580000, 0x00000000d5580000)
  object space 1398272K, 0% used [0x0000000080000000,0x0000000080006000,0x00000000d5580000)
 Metaspace       used 20868K, capacity 21042K, committed 21248K, reserved 1067008K
  class space    used 2620K, capacity 2695K, committed 2816K, reserved 1048576K
}
Event: 3.769 GC heap before
{Heap before GC invocations=2 (full 1):
 PSYoungGen      total 611840K, used 14504K [0x00000000d5580000, 0x0000000100000000, 0x0000000100000000)
  eden space 524800K, 0% used [0x00000000d5580000,0x00000000d5580000,0x00000000f5600000)
  from space 87040K, 16% used [0x00000000f5600000,0x00000000f642a008,0x00000000fab00000)
  to   space 87040K, 0% used [0x00000000fab00000,0x00000000fab00000,0x0000000100000000)
 ParOldGen       total 1398272K, used 24K [0x0000000080000000, 0x00000000d5580000, 0x00000000d5580000)
  object space 1398272K, 0% used [0x0000000080000000,0x0000000080006000,0x00000000d5580000)
 Metaspace       used 20868K, capacity 21042K, committed 21248K, reserved 1067008K
  class space    used 2620K, capacity 2695K, committed 2816K, reserved 1048576K
Event: 3.853 GC heap after
Heap after GC invocations=2 (full 1):
 PSYoungGen      total 611840K, used 0K [0x00000000d5580000, 0x0000000100000000, 0x0000000100000000)
  eden space 524800K, 0% used [0x00000000d5580000,0x00000000d5580000,0x00000000f5600000)
  from space 87040K, 0% used [0x00000000f5600000,0x00000000f5600000,0x00000000fab00000)
  to   space 87040K, 0% used [0x00000000fab00000,0x00000000fab00000,0x0000000100000000)
 ParOldGen       total 854016K, used 13974K [0x0000000080000000, 0x00000000b4200000, 0x00000000d5580000)
  object space 854016K, 1% used [0x0000000080000000,0x0000000080da58a8,0x00000000b4200000)
 Metaspace       used 20864K, capacity 21036K, committed 21248K, reserved 1067008K
  class space    used 2619K, capacity 2694K, committed 2816K, reserved 1048576K
}
Event: 6.110 GC heap before
{Heap before GC invocations=3 (full 1):
 PSYoungGen      total 611840K, used 192141K [0x00000000d5580000, 0x0000000100000000, 0x0000000100000000)
  eden space 524800K, 36% used [0x00000000d5580000,0x00000000e1123728,0x00000000f5600000)
  from space 87040K, 0% used [0x00000000f5600000,0x00000000f5600000,0x00000000fab00000)
  to   space 87040K, 0% used [0x00000000fab00000,0x00000000fab00000,0x0000000100000000)
 ParOldGen       total 854016K, used 13974K [0x0000000080000000, 0x00000000b4200000, 0x00000000d5580000)
  object space 854016K, 1% used [0x0000000080000000,0x0000000080da58a8,0x00000000b4200000)
 Metaspace       used 34961K, capacity 35301K, committed 35416K, reserved 1081344K
  class space    used 3838K, capacity 3946K, committed 3984K, reserved 1048576K
Event: 6.123 GC heap after
Heap after GC invocations=3 (full 1):
 PSYoungGen      total 611840K, used 6307K [0x00000000d5580000, 0x0000000100000000, 0x0000000100000000)
  eden space 524800K, 0% used [0x00000000d5580000,0x00000000d5580000,0x00000000f5600000)
  from space 87040K, 7% used [0x00000000fab00000,0x00000000fb128e80,0x0000000100000000)
  to   space 87040K, 0% used [0x00000000f5600000,0x00000000f5600000,0x00000000fab00000)
 ParOldGen       total 854016K, used 13982K [0x0000000080000000, 0x00000000b4200000, 0x00000000d5580000)
  object space 854016K, 1% used [0x0000000080000000,0x0000000080da78a8,0x00000000b4200000)
 Metaspace       used 34961K, capacity 35301K, committed 35416K, reserved 1081344K
  class space    used 3838K, capacity 3946K, committed 3984K, reserved 1048576K
}
Event: 6.123 GC heap before
{Heap before GC invocations=4 (full 2):
 PSYoungGen      total 611840K, used 6307K [0x00000000d5580000, 0x0000000100000000, 0x0000000100000000)
  eden space 524800K, 0% used [0x00000000d5580000,0x00000000d5580000,0x00000000f5600000)
  from space 87040K, 7% used [0x00000000fab00000,0x00000000fb128e80,0x0000000100000000)
  to   space 87040K, 0% used [0x00000000f5600000,0x00000000f5600000,0x00000000fab00000)
 ParOldGen       total 854016K, used 13982K [0x0000000080000000, 0x00000000b4200000, 0x00000000d5580000)
  object space 854016K, 1% used [0x0000000080000000,0x0000000080da78a8,0x00000000b4200000)
 Metaspace       used 34961K, capacity 35301K, committed 35416K, reserved 1081344K
  class space    used 3838K, capacity 3946K, committed 3984K, reserved 1048576K
Event: 6.191 GC heap after
Heap after GC invocations=4 (full 2):
 PSYoungGen      total 611840K, used 0K [0x00000000d5580000, 0x0000000100000000, 0x0000000100000000)
  eden space 524800K, 0% used [0x00000000d5580000,0x00000000d5580000,0x00000000f5600000)
  from space 87040K, 0% used [0x00000000fab00000,0x00000000fab00000,0x0000000100000000)
  to   space 87040K, 0% used [0x00000000f5600000,0x00000000f5600000,0x00000000fab00000)
 ParOldGen       total 1396224K, used 10638K [0x0000000080000000, 0x00000000d5380000, 0x00000000d5580000)
  object space 1396224K, 0% used [0x0000000080000000,0x0000000080a638e8,0x00000000d5380000)
 Metaspace       used 34933K, capacity 35259K, committed 35416K, reserved 1081344K
  class space    used 3835K, capacity 3939K, committed 3984K, reserved 1048576K
}

