# JRE version: OpenJDK Runtime Environment (8.0_212-b04) (build 1.8.0_212-b04)
# Java VM: OpenJDK 64-Bit Server VM (25.212-b04 mixed mode linux-amd64 compressed oops)
Heap:
 PSYoungGen      total 611840K, used 244209K [0x00000000d5580000, 0x0000000100000000, 0x0000000100000000)
  eden space 524800K, 46% used [0x00000000d5580000,0x00000000e43fc738,0x00000000f5600000)
  from space 87040K, 0% used [0x00000000f5600000,0x00000000f5600000,0x00000000fab00000)
  to   space 87040K, 0% used [0x00000000fab00000,0x00000000fab00000,0x0000000100000000)
 ParOldGen       total 1398272K, used 40884K [0x0000000080000000, 0x00000000d5580000, 0x00000000d5580000)
  object space 1398272K, 2% used [0x0000000080000000,0x00000000827ed1a8,0x00000000d5580000)
 Metaspace       used 63991K, capacity 66580K, committed 66816K, reserved 1107968K
  class space    used 7386K, capacity 7848K, committed 7936K, reserved 1048576K
GC Heap History (10 events):
Event: 2.253 GC heap before
{Heap before GC invocations=2 (full 1):
 PSYoungGen      total 611840K, used 14349K [0x00000000d5580000, 0x0000000100000000, 0x0000000100000000)
  eden space 524800K, 0% used [0x00000000d5580000,0x00000000d5580000,0x00000000f5600000)
  from space 87040K, 16% used [0x00000000f5600000,0x00000000f64036c0,0x00000000fab00000)
  to   space 87040K, 0% used [0x00000000fab00000,0x00000000fab00000,0x0000000100000000)
 ParOldGen       total 1398272K, used 72K [0x0000000080000000, 0x00000000d5580000, 0x00000000d5580000)
  object space 1398272K, 0% used [0x0000000080000000,0x0000000080012010,0x00000000d5580000)
 Metaspace       used 20796K, capacity 21016K, committed 21248K, reserved 1069056K
  class space    used 2366K, capacity 2475K, committed 2560K, reserved 1048576K
Event: 2.336 GC heap after
Heap after GC invocations=2 (full 1):
 PSYoungGen      total 611840K, used 0K [0x00000000d5580000, 0x0000000100000000, 0x0000000100000000)
  eden space 524800K, 0% used [0x00000000d5580000,0x00000000d5580000,0x00000000f5600000)
  from space 87040K, 0% used [0x00000000f5600000,0x00000000f5600000,0x00000000fab00000)
  to   space 87040K, 0% used [0x00000000fab00000,0x00000000fab00000,0x0000000100000000)
 ParOldGen       total 869888K, used 13805K [0x0000000080000000, 0x00000000b5180000, 0x00000000d5580000)
  object space 869888K, 1% used [0x0000000080000000,0x0000000080d7b5a0,0x00000000b5180000)
 Metaspace       used 20796K, capacity 21016K, committed 21248K, reserved 1069056K
  class space    used 2366K, capacity 2475K, committed 2560K, reserved 1048576K
}
Event: 4.691 GC heap before
{Heap before GC invocations=3 (full 1):
 PSYoungGen      total 611840K, used 467085K [0x00000000d5580000, 0x0000000100000000, 0x0000000100000000)
  eden space 524800K, 89% used [0x00000000d5580000,0x00000000f1da36c0,0x00000000f5600000)
  from space 87040K, 0% used [0x00000000f5600000,0x00000000f5600000,0x00000000fab00000)
  to   space 87040K, 0% used [0x00000000fab00000,0x00000000fab00000,0x0000000100000000)
 ParOldGen       total 869888K, used 13805K [0x0000000080000000, 0x00000000b5180000, 0x00000000d5580000)
  object space 869888K, 1% used [0x0000000080000000,0x0000000080d7b5a0,0x00000000b5180000)
 Metaspace       used 34698K, capacity 35028K, committed 35416K, reserved 1081344K
  class space    used 3955K, capacity 4060K, committed 4096K, reserved 1048576K
Event: 4.732 GC heap after
Heap after GC invocations=3 (full 1):
 PSYoungGen      total 611840K, used 19143K [0x00000000d5580000, 0x0000000100000000, 0x0000000100000000)
  eden space 524800K, 0% used [0x00000000d5580000,0x00000000d5580000,0x00000000f5600000)
  from space 87040K, 21% used [0x00000000fab00000,0x00000000fbdb1dc0,0x0000000100000000)
  to   space 87040K, 0% used [0x00000000f5600000,0x00000000f5600000,0x00000000fab00000)
 ParOldGen       total 869888K, used 13805K [0x0000000080000000, 0x00000000b5180000, 0x00000000d5580000)
  object space 869888K, 1% used [0x0000000080000000,0x0000000080d7b5a0,0x00000000b5180000)
 Metaspace       used 34698K, capacity 35028K, committed 35416K, reserved 1081344K
  class space    used 3955K, capacity 4060K, committed 4096K, reserved 1048576K
}
Event: 4.732 GC heap before
{Heap before GC invocations=4 (full 2):
 PSYoungGen      total 611840K, used 19143K [0x00000000d5580000, 0x0000000100000000, 0x0000000100000000)
  eden space 524800K, 0% used [0x00000000d5580000,0x00000000d5580000,0x00000000f5600000)
  from space 87040K, 21% used [0x00000000fab00000,0x00000000fbdb1dc0,0x0000000100000000)
  to   space 87040K, 0% used [0x00000000f5600000,0x00000000f5600000,0x00000000fab00000)
 ParOldGen       total 869888K, used 13805K [0x0000000080000000, 0x00000000b5180000, 0x00000000d5580000)
  object space 869888K, 1% used [0x0000000080000000,0x0000000080d7b5a0,0x00000000b5180000)
 Metaspace       used 34698K, capacity 35028K, committed 35416K, reserved 1081344K
  class space    used 3955K, capacity 4060K, committed 4096K, reserved 1048576K
Event: 4.838 GC heap after
Heap after GC invocations=4 (full 2):
 PSYoungGen      total 611840K, used 0K [0x00000000d5580000, 0x0000000100000000, 0x0000000100000000)
  eden space 524800K, 0% used [0x00000000d5580000,0x00000000d5580000,0x00000000f5600000)
  from space 87040K, 0% used [0x00000000fab00000,0x00000000fab00000,0x0000000100000000)
  to   space 87040K, 0% used [0x00000000f5600000,0x00000000f5600000,0x00000000fab00000)
 ParOldGen       total 1398272K, used 23522K [0x0000000080000000, 0x00000000d5580000, 0x00000000d5580000)
  object space 1398272K, 1% used [0x0000000080000000,0x00000000816f8b78,0x00000000d5580000)
 Metaspace       used 34698K, capacity 35028K, committed 35416K, reserved 1081344K
  class space    used 3955K, capacity 4060K, committed 4096K, reserved 1048576K
}
Event: 11.664 GC heap before
{Heap before GC invocations=5 (full 2):
 PSYoungGen      total 611840K, used 409600K [0x00000000d5580000, 0x0000000100000000, 0x0000000100000000)
  eden space 524800K, 78% used [0x00000000d5580000,0x00000000ee580040,0x00000000f5600000)
  from space 87040K, 0% used [0x00000000fab00000,0x00000000fab00000,0x0000000100000000)
  to   space 87040K, 0% used [0x00000000f5600000,0x00000000f5600000,0x00000000fab00000)
 ParOldGen       total 1398272K, used 23522K [0x0000000080000000, 0x00000000d5580000, 0x00000000d5580000)
  object space 1398272K, 1% used [0x0000000080000000,0x00000000816f8b78,0x00000000d5580000)
 Metaspace       used 57413K, capacity 58828K, committed 59028K, reserved 1101824K
  class space    used 6659K, capacity 6930K, committed 7040K, reserved 1048576K
Event: 11.749 GC heap after
Heap after GC invocations=5 (full 2):
 PSYoungGen      total 611840K, used 30260K [0x00000000d5580000, 0x0000000100000000, 0x0000000100000000)
  eden space 524800K, 0% used [0x00000000d5580000,0x00000000d5580000,0x00000000f5600000)
  from space 87040K, 34% used [0x00000000f5600000,0x00000000f738d3b8,0x00000000fab00000)
  to   space 87040K, 0% used [0x00000000fab00000,0x00000000fab00000,0x0000000100000000)
 ParOldGen       total 1398272K, used 23530K [0x0000000080000000, 0x00000000d5580000, 0x00000000d5580000)
  object space 1398272K, 1% used [0x0000000080000000,0x00000000816fab78,0x00000000d5580000)
 Metaspace       used 57413K, capacity 58828K, committed 59028K, reserved 1101824K
  class space    used 6659K, capacity 6930K, committed 7040K, reserved 1048576K
}
Event: 11.749 GC heap before
{Heap before GC invocations=6 (full 3):
 PSYoungGen      total 611840K, used 30260K [0x00000000d5580000, 0x0000000100000000, 0x0000000100000000)
  eden space 524800K, 0% used [0x00000000d5580000,0x00000000d5580000,0x00000000f5600000)
  from space 87040K, 34% used [0x00000000f5600000,0x00000000f738d3b8,0x00000000fab00000)
  to   space 87040K, 0% used [0x00000000fab00000,0x00000000fab00000,0x0000000100000000)
 ParOldGen       total 1398272K, used 23530K [0x0000000080000000, 0x00000000d5580000, 0x00000000d5580000)
  object space 1398272K, 1% used [0x0000000080000000,0x00000000816fab78,0x00000000d5580000)
 Metaspace       used 57413K, capacity 58828K, committed 59028K, reserved 1101824K
  class space    used 6659K, capacity 6930K, committed 7040K, reserved 1048576K
Event: 12.007 GC heap after
Heap after GC invocations=6 (full 3):
 PSYoungGen      total 611840K, used 0K [0x00000000d5580000, 0x0000000100000000, 0x0000000100000000)
  eden space 524800K, 0% used [0x00000000d5580000,0x00000000d5580000,0x00000000f5600000)
  from space 87040K, 0% used [0x00000000f5600000,0x00000000f5600000,0x00000000fab00000)
  to   space 87040K, 0% used [0x00000000fab00000,0x00000000fab00000,0x0000000100000000)
 ParOldGen       total 1398272K, used 40884K [0x0000000080000000, 0x00000000d5580000, 0x00000000d5580000)
  object space 1398272K, 2% used [0x0000000080000000,0x00000000827ed1a8,0x00000000d5580000)
 Metaspace       used 57390K, capacity 58768K, committed 59028K, reserved 1101824K
  class space    used 6651K, capacity 6916K, committed 7040K, reserved 1048576K
}

