# JRE version: OpenJDK Runtime Environment (8.0_212-b04) (build 1.8.0_212-b04)
# Java VM: OpenJDK 64-Bit Server VM (25.212-b04 mixed mode linux-amd64 compressed oops)
Heap:
 PSYoungGen      total 611840K, used 317505K [0x00000000d5580000, 0x0000000100000000, 0x0000000100000000)
  eden space 524800K, 60% used [0x00000000d5580000,0x00000000e8b90538,0x00000000f5600000)
  from space 87040K, 0% used [0x00000000f5600000,0x00000000f5600000,0x00000000fab00000)
  to   space 87040K, 0% used [0x00000000fab00000,0x00000000fab00000,0x0000000100000000)
 ParOldGen       total 1398272K, used 42028K [0x0000000080000000, 0x00000000d5580000, 0x00000000d5580000)
  object space 1398272K, 3% used [0x0000000080000000,0x000000008290b2c0,0x00000000d5580000)
 Metaspace       used 65192K, capacity 68594K, committed 68864K, reserved 1110016K
  class space    used 7557K, capacity 8165K, committed 8192K, reserved 1048576K
GC Heap History (10 events):
Event: 7.142 GC heap before
{Heap before GC invocations=2 (full 1):
 PSYoungGen      total 611840K, used 14280K [0x00000000d5580000, 0x0000000100000000, 0x0000000100000000)
  eden space 524800K, 0% used [0x00000000d5580000,0x00000000d5580000,0x00000000f5600000)
  from space 87040K, 16% used [0x00000000f5600000,0x00000000f63f2268,0x00000000fab00000)
  to   space 87040K, 0% used [0x00000000fab00000,0x00000000fab00000,0x0000000100000000)
 ParOldGen       total 1398272K, used 80K [0x0000000080000000, 0x00000000d5580000, 0x00000000d5580000)
  object space 1398272K, 0% used [0x0000000080000000,0x0000000080014010,0x00000000d5580000)
 Metaspace       used 20834K, capacity 21106K, committed 21248K, reserved 1069056K
  class space    used 2366K, capacity 2482K, committed 2560K, reserved 1048576K
Event: 7.206 GC heap after
Heap after GC invocations=2 (full 1):
 PSYoungGen      total 611840K, used 0K [0x00000000d5580000, 0x0000000100000000, 0x0000000100000000)
  eden space 524800K, 0% used [0x00000000d5580000,0x00000000d5580000,0x00000000f5600000)
  from space 87040K, 0% used [0x00000000f5600000,0x00000000f5600000,0x00000000fab00000)
  to   space 87040K, 0% used [0x00000000fab00000,0x00000000fab00000,0x0000000100000000)
 ParOldGen       total 872448K, used 13744K [0x0000000080000000, 0x00000000b5400000, 0x00000000d5580000)
  object space 872448K, 1% used [0x0000000080000000,0x0000000080d6c278,0x00000000b5400000)
 Metaspace       used 20834K, capacity 21106K, committed 21248K, reserved 1069056K
  class space    used 2366K, capacity 2482K, committed 2560K, reserved 1048576K
}
Event: 23.947 GC heap before
{Heap before GC invocations=3 (full 1):
 PSYoungGen      total 611840K, used 470361K [0x00000000d5580000, 0x0000000100000000, 0x0000000100000000)
  eden space 524800K, 89% used [0x00000000d5580000,0x00000000f20d64e8,0x00000000f5600000)
  from space 87040K, 0% used [0x00000000f5600000,0x00000000f5600000,0x00000000fab00000)
  to   space 87040K, 0% used [0x00000000fab00000,0x00000000fab00000,0x0000000100000000)
 ParOldGen       total 872448K, used 13744K [0x0000000080000000, 0x00000000b5400000, 0x00000000d5580000)
  object space 872448K, 1% used [0x0000000080000000,0x0000000080d6c278,0x00000000b5400000)
 Metaspace       used 34853K, capacity 35196K, committed 35416K, reserved 1081344K
  class space    used 3978K, capacity 4092K, committed 4096K, reserved 1048576K
Event: 23.983 GC heap after
Heap after GC invocations=3 (full 1):
 PSYoungGen      total 611840K, used 19368K [0x00000000d5580000, 0x0000000100000000, 0x0000000100000000)
  eden space 524800K, 0% used [0x00000000d5580000,0x00000000d5580000,0x00000000f5600000)
  from space 87040K, 22% used [0x00000000fab00000,0x00000000fbdea0a8,0x0000000100000000)
  to   space 87040K, 0% used [0x00000000f5600000,0x00000000f5600000,0x00000000fab00000)
 ParOldGen       total 872448K, used 13744K [0x0000000080000000, 0x00000000b5400000, 0x00000000d5580000)
  object space 872448K, 1% used [0x0000000080000000,0x0000000080d6c278,0x00000000b5400000)
 Metaspace       used 34853K, capacity 35196K, committed 35416K, reserved 1081344K
  class space    used 3978K, capacity 4092K, committed 4096K, reserved 1048576K
}
Event: 23.983 GC heap before
{Heap before GC invocations=4 (full 2):
 PSYoungGen      total 611840K, used 19368K [0x00000000d5580000, 0x0000000100000000, 0x0000000100000000)
  eden space 524800K, 0% used [0x00000000d5580000,0x00000000d5580000,0x00000000f5600000)
  from space 87040K, 22% used [0x00000000fab00000,0x00000000fbdea0a8,0x0000000100000000)
  to   space 87040K, 0% used [0x00000000f5600000,0x00000000f5600000,0x00000000fab00000)
 ParOldGen       total 872448K, used 13744K [0x0000000080000000, 0x00000000b5400000, 0x00000000d5580000)
  object space 872448K, 1% used [0x0000000080000000,0x0000000080d6c278,0x00000000b5400000)
 Metaspace       used 34853K, capacity 35196K, committed 35416K, reserved 1081344K
  class space    used 3978K, capacity 4092K, committed 4096K, reserved 1048576K
Event: 24.084 GC heap after
Heap after GC invocations=4 (full 2):
 PSYoungGen      total 611840K, used 0K [0x00000000d5580000, 0x0000000100000000, 0x0000000100000000)
  eden space 524800K, 0% used [0x00000000d5580000,0x00000000d5580000,0x00000000f5600000)
  from space 87040K, 0% used [0x00000000fab00000,0x00000000fab00000,0x0000000100000000)
  to   space 87040K, 0% used [0x00000000f5600000,0x00000000f5600000,0x00000000fab00000)
 ParOldGen       total 1398272K, used 23759K [0x0000000080000000, 0x00000000d5580000, 0x00000000d5580000)
  object space 1398272K, 1% used [0x0000000080000000,0x0000000081733e90,0x00000000d5580000)
 Metaspace       used 34853K, capacity 35196K, committed 35416K, reserved 1081344K
  class space    used 3978K, capacity 4092K, committed 4096K, reserved 1048576K
}
Event: 30.219 GC heap before
{Heap before GC invocations=5 (full 2):
 PSYoungGen      total 611840K, used 483623K [0x00000000d5580000, 0x0000000100000000, 0x0000000100000000)
  eden space 524800K, 92% used [0x00000000d5580000,0x00000000f2dc9cc8,0x00000000f5600000)
  from space 87040K, 0% used [0x00000000fab00000,0x00000000fab00000,0x0000000100000000)
  to   space 87040K, 0% used [0x00000000f5600000,0x00000000f5600000,0x00000000fab00000)
 ParOldGen       total 1398272K, used 23759K [0x0000000080000000, 0x00000000d5580000, 0x00000000d5580000)
  object space 1398272K, 1% used [0x0000000080000000,0x0000000081733e90,0x00000000d5580000)
 Metaspace       used 57467K, capacity 58894K, committed 59008K, reserved 1101824K
  class space    used 6652K, capacity 6947K, committed 7040K, reserved 1048576K
Event: 30.270 GC heap after
Heap after GC invocations=5 (full 2):
 PSYoungGen      total 611840K, used 31413K [0x00000000d5580000, 0x0000000100000000, 0x0000000100000000)
  eden space 524800K, 0% used [0x00000000d5580000,0x00000000d5580000,0x00000000f5600000)
  from space 87040K, 36% used [0x00000000f5600000,0x00000000f74ad7c8,0x00000000fab00000)
  to   space 87040K, 0% used [0x00000000fab00000,0x00000000fab00000,0x0000000100000000)
 ParOldGen       total 1398272K, used 23767K [0x0000000080000000, 0x00000000d5580000, 0x00000000d5580000)
  object space 1398272K, 1% used [0x0000000080000000,0x0000000081735e90,0x00000000d5580000)
 Metaspace       used 57467K, capacity 58894K, committed 59008K, reserved 1101824K
  class space    used 6652K, capacity 6947K, committed 7040K, reserved 1048576K
}
Event: 30.270 GC heap before
{Heap before GC invocations=6 (full 3):
 PSYoungGen      total 611840K, used 31413K [0x00000000d5580000, 0x0000000100000000, 0x0000000100000000)
  eden space 524800K, 0% used [0x00000000d5580000,0x00000000d5580000,0x00000000f5600000)
  from space 87040K, 36% used [0x00000000f5600000,0x00000000f74ad7c8,0x00000000fab00000)
  to   space 87040K, 0% used [0x00000000fab00000,0x00000000fab00000,0x0000000100000000)
 ParOldGen       total 1398272K, used 23767K [0x0000000080000000, 0x00000000d5580000, 0x00000000d5580000)
  object space 1398272K, 1% used [0x0000000080000000,0x0000000081735e90,0x00000000d5580000)
 Metaspace       used 57467K, capacity 58894K, committed 59008K, reserved 1101824K
  class space    used 6652K, capacity 6947K, committed 7040K, reserved 1048576K
Event: 30.494 GC heap after
Heap after GC invocations=6 (full 3):
 PSYoungGen      total 611840K, used 0K [0x00000000d5580000, 0x0000000100000000, 0x0000000100000000)
  eden space 524800K, 0% used [0x00000000d5580000,0x00000000d5580000,0x00000000f5600000)
  from space 87040K, 0% used [0x00000000f5600000,0x00000000f5600000,0x00000000fab00000)
  to   space 87040K, 0% used [0x00000000fab00000,0x00000000fab00000,0x0000000100000000)
 ParOldGen       total 1398272K, used 42028K [0x0000000080000000, 0x00000000d5580000, 0x00000000d5580000)
  object space 1398272K, 3% used [0x0000000080000000,0x000000008290b2c0,0x00000000d5580000)
 Metaspace       used 57452K, capacity 58858K, committed 59008K, reserved 1101824K
  class space    used 6646K, capacity 6937K, committed 7040K, reserved 1048576K
}

