# JRE version: OpenJDK Runtime Environment (8.0_212-b04) (build 1.8.0_212-b04)
# Java VM: OpenJDK 64-Bit Server VM (25.212-b04 mixed mode linux-amd64 compressed oops)
Heap:
 PSYoungGen      total 581120K, used 244022K [0x00000000d5580000, 0x00000000fb700000, 0x0000000100000000)
  eden space 524800K, 35% used [0x00000000d5580000,0x00000000e0cf6f60,0x00000000f5600000)
  from space 56320K, 99% used [0x00000000f5600000,0x00000000f8cd68a8,0x00000000f8d00000)
  to   space 43008K, 0% used [0x00000000f8d00000,0x00000000f8d00000,0x00000000fb700000)
 ParOldGen       total 1398272K, used 29356K [0x0000000080000000, 0x00000000d5580000, 0x00000000d5580000)
  object space 1398272K, 2% used [0x0000000080000000,0x0000000081cab1f0,0x00000000d5580000)
 Metaspace       used 69523K, capacity 73708K, committed 73984K, reserved 1114112K
  class space    used 7929K, capacity 8634K, committed 8704K, reserved 1048576K
GC Heap History (10 events):
Event: 4.392 GC heap before
{Heap before GC invocations=4 (full 2):
 PSYoungGen      total 611840K, used 14308K [0x00000000d5580000, 0x0000000100000000, 0x0000000100000000)
  eden space 524800K, 0% used [0x00000000d5580000,0x00000000d5580000,0x00000000f5600000)
  from space 87040K, 16% used [0x00000000fab00000,0x00000000fb8f9308,0x0000000100000000)
  to   space 87040K, 0% used [0x00000000f5600000,0x00000000f5600000,0x00000000fab00000)
 ParOldGen       total 921088K, used 18698K [0x0000000080000000, 0x00000000b8380000, 0x00000000d5580000)
  object space 921088K, 2% used [0x0000000080000000,0x0000000081242ad8,0x00000000b8380000)
 Metaspace       used 34753K, capacity 35154K, committed 35456K, reserved 1081344K
  class space    used 3966K, capacity 4101K, committed 4224K, reserved 1048576K
Event: 4.516 GC heap after
Heap after GC invocations=4 (full 2):
 PSYoungGen      total 611840K, used 0K [0x00000000d5580000, 0x0000000100000000, 0x0000000100000000)
  eden space 524800K, 0% used [0x00000000d5580000,0x00000000d5580000,0x00000000f5600000)
  from space 87040K, 0% used [0x00000000fab00000,0x00000000fab00000,0x0000000100000000)
  to   space 87040K, 0% used [0x00000000f5600000,0x00000000f5600000,0x00000000fab00000)
 ParOldGen       total 1398272K, used 22479K [0x0000000080000000, 0x00000000d5580000, 0x00000000d5580000)
  object space 1398272K, 1% used [0x0000000080000000,0x00000000815f3e08,0x00000000d5580000)
 Metaspace       used 34753K, capacity 35154K, committed 35456K, reserved 1081344K
  class space    used 3966K, capacity 4101K, committed 4224K, reserved 1048576K
}
Event: 9.846 GC heap before
{Heap before GC invocations=5 (full 2):
 PSYoungGen      total 611840K, used 524800K [0x00000000d5580000, 0x0000000100000000, 0x0000000100000000)
  eden space 524800K, 100% used [0x00000000d5580000,0x00000000f5600000,0x00000000f5600000)
  from space 87040K, 0% used [0x00000000fab00000,0x00000000fab00000,0x0000000100000000)
  to   space 87040K, 0% used [0x00000000f5600000,0x00000000f5600000,0x00000000fab00000)
 ParOldGen       total 1398272K, used 22479K [0x0000000080000000, 0x00000000d5580000, 0x00000000d5580000)
  object space 1398272K, 1% used [0x0000000080000000,0x00000000815f3e08,0x00000000d5580000)
 Metaspace       used 50753K, capacity 51904K, committed 52096K, reserved 1095680K
  class space    used 5966K, capacity 6194K, committed 6272K, reserved 1048576K
Event: 9.887 GC heap after
Heap after GC invocations=5 (full 2):
 PSYoungGen      total 611840K, used 23546K [0x00000000d5580000, 0x0000000100000000, 0x0000000100000000)
  eden space 524800K, 0% used [0x00000000d5580000,0x00000000d5580000,0x00000000f5600000)
  from space 87040K, 27% used [0x00000000f5600000,0x00000000f6cfe8b8,0x00000000fab00000)
  to   space 87040K, 0% used [0x00000000fab00000,0x00000000fab00000,0x0000000100000000)
 ParOldGen       total 1398272K, used 22487K [0x0000000080000000, 0x00000000d5580000, 0x00000000d5580000)
  object space 1398272K, 1% used [0x0000000080000000,0x00000000815f5e08,0x00000000d5580000)
 Metaspace       used 50753K, capacity 51904K, committed 52096K, reserved 1095680K
  class space    used 5966K, capacity 6194K, committed 6272K, reserved 1048576K
}
Event: 10.811 GC heap before
{Heap before GC invocations=6 (full 2):
 PSYoungGen      total 611840K, used 148585K [0x00000000d5580000, 0x0000000100000000, 0x0000000100000000)
  eden space 524800K, 23% used [0x00000000d5580000,0x00000000dcf9bbd0,0x00000000f5600000)
  from space 87040K, 27% used [0x00000000f5600000,0x00000000f6cfe8b8,0x00000000fab00000)
  to   space 87040K, 0% used [0x00000000fab00000,0x00000000fab00000,0x0000000100000000)
 ParOldGen       total 1398272K, used 22487K [0x0000000080000000, 0x00000000d5580000, 0x00000000d5580000)
  object space 1398272K, 1% used [0x0000000080000000,0x00000000815f5e08,0x00000000d5580000)
 Metaspace       used 57603K, capacity 58902K, committed 59096K, reserved 1101824K
  class space    used 6662K, capacity 6925K, committed 7040K, reserved 1048576K
Event: 10.842 GC heap after
Heap after GC invocations=6 (full 2):
 PSYoungGen      total 611840K, used 16973K [0x00000000d5580000, 0x0000000100000000, 0x0000000100000000)
  eden space 524800K, 0% used [0x00000000d5580000,0x00000000d5580000,0x00000000f5600000)
  from space 87040K, 19% used [0x00000000fab00000,0x00000000fbb937c0,0x0000000100000000)
  to   space 87040K, 0% used [0x00000000f5600000,0x00000000f5600000,0x00000000fab00000)
 ParOldGen       total 1398272K, used 22495K [0x0000000080000000, 0x00000000d5580000, 0x00000000d5580000)
  object space 1398272K, 1% used [0x0000000080000000,0x00000000815f7e08,0x00000000d5580000)
 Metaspace       used 57603K, capacity 58902K, committed 59096K, reserved 1101824K
  class space    used 6662K, capacity 6925K, committed 7040K, reserved 1048576K
}
Event: 10.842 GC heap before
{Heap before GC invocations=7 (full 3):
 PSYoungGen      total 611840K, used 16973K [0x00000000d5580000, 0x0000000100000000, 0x0000000100000000)
  eden space 524800K, 0% used [0x00000000d5580000,0x00000000d5580000,0x00000000f5600000)
  from space 87040K, 19% used [0x00000000fab00000,0x00000000fbb937c0,0x0000000100000000)
  to   space 87040K, 0% used [0x00000000f5600000,0x00000000f5600000,0x00000000fab00000)
 ParOldGen       total 1398272K, used 22495K [0x0000000080000000, 0x00000000d5580000, 0x00000000d5580000)
  object space 1398272K, 1% used [0x0000000080000000,0x00000000815f7e08,0x00000000d5580000)
 Metaspace       used 57603K, capacity 58902K, committed 59096K, reserved 1101824K
  class space    used 6662K, capacity 6925K, committed 7040K, reserved 1048576K
Event: 11.115 GC heap after
Heap after GC invocations=7 (full 3):
 PSYoungGen      total 611840K, used 0K [0x00000000d5580000, 0x0000000100000000, 0x0000000100000000)
  eden space 524800K, 0% used [0x00000000d5580000,0x00000000d5580000,0x00000000f5600000)
  from space 87040K, 0% used [0x00000000fab00000,0x00000000fab00000,0x0000000100000000)
  to   space 87040K, 0% used [0x00000000f5600000,0x00000000f5600000,0x00000000fab00000)
 ParOldGen       total 1398272K, used 29336K [0x0000000080000000, 0x00000000d5580000, 0x00000000d5580000)
  object space 1398272K, 2% used [0x0000000080000000,0x0000000081ca60c0,0x00000000d5580000)
 Metaspace       used 57496K, capacity 58646K, committed 59096K, reserved 1101824K
  class space    used 6625K, capacity 6861K, committed 7040K, reserved 1048576K
}
Event: 29.716 GC heap before
{Heap before GC invocations=8 (full 3):
 PSYoungGen      total 611840K, used 524800K [0x00000000d5580000, 0x0000000100000000, 0x0000000100000000)
  eden space 524800K, 100% used [0x00000000d5580000,0x00000000f5600000,0x00000000f5600000)
  from space 87040K, 0% used [0x00000000fab00000,0x00000000fab00000,0x0000000100000000)
  to   space 87040K, 0% used [0x00000000f5600000,0x00000000f5600000,0x00000000fab00000)
 ParOldGen       total 1398272K, used 29336K [0x0000000080000000, 0x00000000d5580000, 0x00000000d5580000)
  object space 1398272K, 2% used [0x0000000080000000,0x0000000081ca60c0,0x00000000d5580000)
 Metaspace       used 67946K, capacity 71938K, committed 72064K, reserved 1112064K
  class space    used 7826K, capacity 8507K, committed 8576K, reserved 1048576K
Event: 29.785 GC heap after
Heap after GC invocations=8 (full 3):
 PSYoungGen      total 581120K, used 56154K [0x00000000d5580000, 0x00000000fb700000, 0x0000000100000000)
  eden space 524800K, 0% used [0x00000000d5580000,0x00000000d5580000,0x00000000f5600000)
  from space 56320K, 99% used [0x00000000f5600000,0x00000000f8cd68a8,0x00000000f8d00000)
  to   space 43008K, 0% used [0x00000000f8d00000,0x00000000f8d00000,0x00000000fb700000)
 ParOldGen       total 1398272K, used 29356K [0x0000000080000000, 0x00000000d5580000, 0x00000000d5580000)
  object space 1398272K, 2% used [0x0000000080000000,0x0000000081cab1f0,0x00000000d5580000)
 Metaspace       used 67946K, capacity 71938K, committed 72064K, reserved 1112064K
  class space    used 7826K, capacity 8507K, committed 8576K, reserved 1048576K
}

