# JRE version: OpenJDK Runtime Environment (8.0_212-b04) (build 1.8.0_212-b04)
# Java VM: OpenJDK 64-Bit Server VM (25.212-b04 mixed mode linux-amd64 compressed oops)
Heap:
 PSYoungGen      total 512512K, used 495017K [0x00000000d5580000, 0x0000000100000000, 0x0000000100000000)
  eden space 423424K, 95% used [0x00000000d5580000,0x00000000ee1eb680,0x00000000ef300000)
  from space 89088K, 99% used [0x00000000fa900000,0x00000000fffff010,0x0000000100000000)
  to   space 137728K, 0% used [0x00000000ef300000,0x00000000ef300000,0x00000000f7980000)
 ParOldGen       total 1398272K, used 90981K [0x0000000080000000, 0x00000000d5580000, 0x00000000d5580000)
  object space 1398272K, 6% used [0x0000000080000000,0x00000000858d96d8,0x00000000d5580000)
 Metaspace       used 66950K, capacity 70418K, committed 70656K, reserved 1112064K
  class space    used 7559K, capacity 8167K, committed 8192K, reserved 1048576K
GC Heap History (10 events):
Event: 11.352 GC heap before
{Heap before GC invocations=5 (full 2):
 PSYoungGen      total 611840K, used 501366K [0x00000000d5580000, 0x0000000100000000, 0x0000000100000000)
  eden space 524800K, 95% used [0x00000000d5580000,0x00000000f3f1db58,0x00000000f5600000)
  from space 87040K, 0% used [0x00000000fab00000,0x00000000fab00000,0x0000000100000000)
  to   space 87040K, 0% used [0x00000000f5600000,0x00000000f5600000,0x00000000fab00000)
 ParOldGen       total 1398272K, used 23547K [0x0000000080000000, 0x00000000d5580000, 0x00000000d5580000)
  object space 1398272K, 1% used [0x0000000080000000,0x00000000816fecc8,0x00000000d5580000)
 Metaspace       used 57497K, capacity 58944K, committed 59028K, reserved 1101824K
  class space    used 6633K, capacity 6902K, committed 6912K, reserved 1048576K
Event: 11.412 GC heap after
Heap after GC invocations=5 (full 2):
 PSYoungGen      total 611840K, used 33777K [0x00000000d5580000, 0x0000000100000000, 0x0000000100000000)
  eden space 524800K, 0% used [0x00000000d5580000,0x00000000d5580000,0x00000000f5600000)
  from space 87040K, 38% used [0x00000000f5600000,0x00000000f76fc6e0,0x00000000fab00000)
  to   space 87040K, 0% used [0x00000000fab00000,0x00000000fab00000,0x0000000100000000)
 ParOldGen       total 1398272K, used 23555K [0x0000000080000000, 0x00000000d5580000, 0x00000000d5580000)
  object space 1398272K, 1% used [0x0000000080000000,0x0000000081700cc8,0x00000000d5580000)
 Metaspace       used 57497K, capacity 58944K, committed 59028K, reserved 1101824K
  class space    used 6633K, capacity 6902K, committed 6912K, reserved 1048576K
}
Event: 11.412 GC heap before
{Heap before GC invocations=6 (full 3):
 PSYoungGen      total 611840K, used 33777K [0x00000000d5580000, 0x0000000100000000, 0x0000000100000000)
  eden space 524800K, 0% used [0x00000000d5580000,0x00000000d5580000,0x00000000f5600000)
  from space 87040K, 38% used [0x00000000f5600000,0x00000000f76fc6e0,0x00000000fab00000)
  to   space 87040K, 0% used [0x00000000fab00000,0x00000000fab00000,0x0000000100000000)
 ParOldGen       total 1398272K, used 23555K [0x0000000080000000, 0x00000000d5580000, 0x00000000d5580000)
  object space 1398272K, 1% used [0x0000000080000000,0x0000000081700cc8,0x00000000d5580000)
 Metaspace       used 57497K, capacity 58944K, committed 59028K, reserved 1101824K
  class space    used 6633K, capacity 6902K, committed 6912K, reserved 1048576K
Event: 11.665 GC heap after
Heap after GC invocations=6 (full 3):
 PSYoungGen      total 611840K, used 0K [0x00000000d5580000, 0x0000000100000000, 0x0000000100000000)
  eden space 524800K, 0% used [0x00000000d5580000,0x00000000d5580000,0x00000000f5600000)
  from space 87040K, 0% used [0x00000000f5600000,0x00000000f5600000,0x00000000fab00000)
  to   space 87040K, 0% used [0x00000000fab00000,0x00000000fab00000,0x0000000100000000)
 ParOldGen       total 1398272K, used 44421K [0x0000000080000000, 0x00000000d5580000, 0x00000000d5580000)
  object space 1398272K, 3% used [0x0000000080000000,0x0000000082b616b8,0x00000000d5580000)
 Metaspace       used 57461K, capacity 58860K, committed 59028K, reserved 1101824K
  class space    used 6621K, capacity 6882K, committed 6912K, reserved 1048576K
}
Event: 25.324 GC heap before
{Heap before GC invocations=7 (full 3):
 PSYoungGen      total 611840K, used 490281K [0x00000000d5580000, 0x0000000100000000, 0x0000000100000000)
  eden space 524800K, 93% used [0x00000000d5580000,0x00000000f344a538,0x00000000f5600000)
  from space 87040K, 0% used [0x00000000f5600000,0x00000000f5600000,0x00000000fab00000)
  to   space 87040K, 0% used [0x00000000fab00000,0x00000000fab00000,0x0000000100000000)
 ParOldGen       total 1398272K, used 44421K [0x0000000080000000, 0x00000000d5580000, 0x00000000d5580000)
  object space 1398272K, 3% used [0x0000000080000000,0x0000000082b616b8,0x00000000d5580000)
 Metaspace       used 65203K, capacity 68292K, committed 68480K, reserved 1110016K
  class space    used 7484K, capacity 8054K, committed 8064K, reserved 1048576K
Event: 25.391 GC heap after
Heap after GC invocations=7 (full 3):
 PSYoungGen      total 611840K, used 60151K [0x00000000d5580000, 0x0000000100000000, 0x0000000100000000)
  eden space 524800K, 0% used [0x00000000d5580000,0x00000000d5580000,0x00000000f5600000)
  from space 87040K, 69% used [0x00000000fab00000,0x00000000fe5bdfb8,0x0000000100000000)
  to   space 87040K, 0% used [0x00000000f5600000,0x00000000f5600000,0x00000000fab00000)
 ParOldGen       total 1398272K, used 44421K [0x0000000080000000, 0x00000000d5580000, 0x00000000d5580000)
  object space 1398272K, 3% used [0x0000000080000000,0x0000000082b616b8,0x00000000d5580000)
 Metaspace       used 65203K, capacity 68292K, committed 68480K, reserved 1110016K
  class space    used 7484K, capacity 8054K, committed 8064K, reserved 1048576K
}
Event: 31.296 GC heap before
{Heap before GC invocations=8 (full 3):
 PSYoungGen      total 611840K, used 582329K [0x00000000d5580000, 0x0000000100000000, 0x0000000100000000)
  eden space 524800K, 99% used [0x00000000d5580000,0x00000000f53705d8,0x00000000f5600000)
  from space 87040K, 69% used [0x00000000fab00000,0x00000000fe5bdfb8,0x0000000100000000)
  to   space 87040K, 0% used [0x00000000f5600000,0x00000000f5600000,0x00000000fab00000)
 ParOldGen       total 1398272K, used 44421K [0x0000000080000000, 0x00000000d5580000, 0x00000000d5580000)
  object space 1398272K, 3% used [0x0000000080000000,0x0000000082b616b8,0x00000000d5580000)
 Metaspace       used 66258K, capacity 69580K, committed 69888K, reserved 1112064K
  class space    used 7533K, capacity 8134K, committed 8192K, reserved 1048576K
Event: 31.387 GC heap after
Heap after GC invocations=8 (full 3):
 PSYoungGen      total 609792K, used 84634K [0x00000000d5580000, 0x0000000100000000, 0x0000000100000000)
  eden space 524800K, 0% used [0x00000000d5580000,0x00000000d5580000,0x00000000f5600000)
  from space 84992K, 99% used [0x00000000f5600000,0x00000000fa8a6ac0,0x00000000fa900000)
  to   space 89088K, 0% used [0x00000000fa900000,0x00000000fa900000,0x0000000100000000)
 ParOldGen       total 1398272K, used 44429K [0x0000000080000000, 0x00000000d5580000, 0x00000000d5580000)
  object space 1398272K, 3% used [0x0000000080000000,0x0000000082b636b8,0x00000000d5580000)
 Metaspace       used 66258K, capacity 69580K, committed 69888K, reserved 1112064K
  class space    used 7533K, capacity 8134K, committed 8192K, reserved 1048576K
}
Event: 34.160 GC heap before
{Heap before GC invocations=9 (full 3):
 PSYoungGen      total 609792K, used 607146K [0x00000000d5580000, 0x0000000100000000, 0x0000000100000000)
  eden space 524800K, 99% used [0x00000000d5580000,0x00000000f53c3dc8,0x00000000f5600000)
  from space 84992K, 99% used [0x00000000f5600000,0x00000000fa8a6ac0,0x00000000fa900000)
  to   space 89088K, 0% used [0x00000000fa900000,0x00000000fa900000,0x0000000100000000)
 ParOldGen       total 1398272K, used 44429K [0x0000000080000000, 0x00000000d5580000, 0x00000000d5580000)
  object space 1398272K, 3% used [0x0000000080000000,0x0000000082b636b8,0x00000000d5580000)
 Metaspace       used 66713K, capacity 70130K, committed 70400K, reserved 1112064K
  class space    used 7554K, capacity 8165K, committed 8192K, reserved 1048576K
Event: 34.238 GC heap after
Heap after GC invocations=9 (full 3):
 PSYoungGen      total 512512K, used 89084K [0x00000000d5580000, 0x0000000100000000, 0x0000000100000000)
  eden space 423424K, 0% used [0x00000000d5580000,0x00000000d5580000,0x00000000ef300000)
  from space 89088K, 99% used [0x00000000fa900000,0x00000000fffff010,0x0000000100000000)
  to   space 137728K, 0% used [0x00000000ef300000,0x00000000ef300000,0x00000000f7980000)
 ParOldGen       total 1398272K, used 90981K [0x0000000080000000, 0x00000000d5580000, 0x00000000d5580000)
  object space 1398272K, 6% used [0x0000000080000000,0x00000000858d96d8,0x00000000d5580000)
 Metaspace       used 66713K, capacity 70130K, committed 70400K, reserved 1112064K
  class space    used 7554K, capacity 8165K, committed 8192K, reserved 1048576K
}

