# JRE version: OpenJDK Runtime Environment (8.0_212-b04) (build 1.8.0_212-b04)
# Java VM: OpenJDK 64-Bit Server VM (25.212-b04 mixed mode linux-amd64 compressed oops)
Heap:
 PSYoungGen      total 395264K, used 139017K [0x00000000d5580000, 0x0000000100000000, 0x0000000100000000)
  eden space 365056K, 29% used [0x00000000d5580000,0x00000000dbfc2800,0x00000000eba00000)
  from space 30208K, 99% used [0x00000000f8e00000,0x00000000fab7fc10,0x00000000fab80000)
  to   space 166912K, 0% used [0x00000000eba00000,0x00000000eba00000,0x00000000f5d00000)
 ParOldGen       total 1398272K, used 991866K [0x0000000080000000, 0x00000000d5580000, 0x00000000d5580000)
  object space 1398272K, 70% used [0x0000000080000000,0x00000000bc89eba8,0x00000000d5580000)
 Metaspace       used 65277K, capacity 68034K, committed 68096K, reserved 1110016K
  class space    used 7433K, capacity 7927K, committed 7936K, reserved 1048576K
GC Heap History (10 events):
Event: 8.446 GC heap before
{Heap before GC invocations=5 (full 2):
 PSYoungGen      total 611840K, used 524800K [0x00000000d5580000, 0x0000000100000000, 0x0000000100000000)
  eden space 524800K, 100% used [0x00000000d5580000,0x00000000f5600000,0x00000000f5600000)
  from space 87040K, 0% used [0x00000000fab00000,0x00000000fab00000,0x0000000100000000)
  to   space 87040K, 0% used [0x00000000f5600000,0x00000000f5600000,0x00000000fab00000)
 ParOldGen       total 1398272K, used 23860K [0x0000000080000000, 0x00000000d5580000, 0x00000000d5580000)
  object space 1398272K, 1% used [0x0000000080000000,0x000000008174d120,0x00000000d5580000)
 Metaspace       used 44722K, capacity 45658K, committed 45952K, reserved 1089536K
  class space    used 5174K, capacity 5377K, committed 5504K, reserved 1048576K
Event: 8.498 GC heap after
Heap after GC invocations=5 (full 2):
 PSYoungGen      total 611840K, used 17175K [0x00000000d5580000, 0x0000000100000000, 0x0000000100000000)
  eden space 524800K, 0% used [0x00000000d5580000,0x00000000d5580000,0x00000000f5600000)
  from space 87040K, 19% used [0x00000000f5600000,0x00000000f66c5f70,0x00000000fab00000)
  to   space 87040K, 0% used [0x00000000fab00000,0x00000000fab00000,0x0000000100000000)
 ParOldGen       total 1398272K, used 23868K [0x0000000080000000, 0x00000000d5580000, 0x00000000d5580000)
  object space 1398272K, 1% used [0x0000000080000000,0x000000008174f120,0x00000000d5580000)
 Metaspace       used 44722K, capacity 45658K, committed 45952K, reserved 1089536K
  class space    used 5174K, capacity 5377K, committed 5504K, reserved 1048576K
}
Event: 12.538 GC heap before
{Heap before GC invocations=6 (full 2):
 PSYoungGen      total 611840K, used 331311K [0x00000000d5580000, 0x0000000100000000, 0x0000000100000000)
  eden space 524800K, 59% used [0x00000000d5580000,0x00000000e8845df0,0x00000000f5600000)
  from space 87040K, 19% used [0x00000000f5600000,0x00000000f66c5f70,0x00000000fab00000)
  to   space 87040K, 0% used [0x00000000fab00000,0x00000000fab00000,0x0000000100000000)
 ParOldGen       total 1398272K, used 23868K [0x0000000080000000, 0x00000000d5580000, 0x00000000d5580000)
  object space 1398272K, 1% used [0x0000000080000000,0x000000008174f120,0x00000000d5580000)
 Metaspace       used 57438K, capacity 58924K, committed 59028K, reserved 1101824K
  class space    used 6607K, capacity 6906K, committed 6912K, reserved 1048576K
Event: 12.607 GC heap after
Heap after GC invocations=6 (full 2):
 PSYoungGen      total 611840K, used 29547K [0x00000000d5580000, 0x0000000100000000, 0x0000000100000000)
  eden space 524800K, 0% used [0x00000000d5580000,0x00000000d5580000,0x00000000f5600000)
  from space 87040K, 33% used [0x00000000fab00000,0x00000000fc7daf18,0x0000000100000000)
  to   space 87040K, 0% used [0x00000000f5600000,0x00000000f5600000,0x00000000fab00000)
 ParOldGen       total 1398272K, used 23876K [0x0000000080000000, 0x00000000d5580000, 0x00000000d5580000)
  object space 1398272K, 1% used [0x0000000080000000,0x0000000081751120,0x00000000d5580000)
 Metaspace       used 57438K, capacity 58924K, committed 59028K, reserved 1101824K
  class space    used 6607K, capacity 6906K, committed 6912K, reserved 1048576K
}
Event: 12.607 GC heap before
{Heap before GC invocations=7 (full 3):
 PSYoungGen      total 611840K, used 29547K [0x00000000d5580000, 0x0000000100000000, 0x0000000100000000)
  eden space 524800K, 0% used [0x00000000d5580000,0x00000000d5580000,0x00000000f5600000)
  from space 87040K, 33% used [0x00000000fab00000,0x00000000fc7daf18,0x0000000100000000)
  to   space 87040K, 0% used [0x00000000f5600000,0x00000000f5600000,0x00000000fab00000)
 ParOldGen       total 1398272K, used 23876K [0x0000000080000000, 0x00000000d5580000, 0x00000000d5580000)
  object space 1398272K, 1% used [0x0000000080000000,0x0000000081751120,0x00000000d5580000)
 Metaspace       used 57438K, capacity 58924K, committed 59028K, reserved 1101824K
  class space    used 6607K, capacity 6906K, committed 6912K, reserved 1048576K
Event: 12.894 GC heap after
Heap after GC invocations=7 (full 3):
 PSYoungGen      total 611840K, used 0K [0x00000000d5580000, 0x0000000100000000, 0x0000000100000000)
  eden space 524800K, 0% used [0x00000000d5580000,0x00000000d5580000,0x00000000f5600000)
  from space 87040K, 0% used [0x00000000fab00000,0x00000000fab00000,0x0000000100000000)
  to   space 87040K, 0% used [0x00000000f5600000,0x00000000f5600000,0x00000000fab00000)
 ParOldGen       total 1398272K, used 40948K [0x0000000080000000, 0x00000000d5580000, 0x00000000d5580000)
  object space 1398272K, 2% used [0x0000000080000000,0x00000000827fd0b8,0x00000000d5580000)
 Metaspace       used 57404K, capacity 58838K, committed 59028K, reserved 1101824K
  class space    used 6595K, capacity 6885K, committed 6912K, reserved 1048576K
}
Event: 19.865 GC heap before
{Heap before GC invocations=8 (full 3):
 PSYoungGen      total 611840K, used 364106K [0x00000000d5580000, 0x0000000100000000, 0x0000000100000000)
  eden space 524800K, 69% used [0x00000000d5580000,0x00000000eb912a78,0x00000000f5600000)
  from space 87040K, 0% used [0x00000000fab00000,0x00000000fab00000,0x0000000100000000)
  to   space 87040K, 0% used [0x00000000f5600000,0x00000000f5600000,0x00000000fab00000)
 ParOldGen       total 1398272K, used 40948K [0x0000000080000000, 0x00000000d5580000, 0x00000000d5580000)
  object space 1398272K, 2% used [0x0000000080000000,0x00000000827fd0b8,0x00000000d5580000)
 Metaspace       used 60659K, capacity 62698K, committed 62976K, reserved 1105920K
  class space    used 7015K, capacity 7391K, committed 7424K, reserved 1048576K
Event: 20.147 GC heap after
Heap after GC invocations=8 (full 3):
 PSYoungGen      total 536576K, used 11327K [0x00000000d5580000, 0x00000000fab80000, 0x0000000100000000)
  eden space 524800K, 0% used [0x00000000d5580000,0x00000000d5580000,0x00000000f5600000)
  from space 11776K, 96% used [0x00000000f5600000,0x00000000f610ff70,0x00000000f6180000)
  to   space 30208K, 0% used [0x00000000f8e00000,0x00000000f8e00000,0x00000000fab80000)
 ParOldGen       total 1398272K, used 450548K [0x0000000080000000, 0x00000000d5580000, 0x00000000d5580000)
  object space 1398272K, 32% used [0x0000000080000000,0x000000009b7fd0d8,0x00000000d5580000)
 Metaspace       used 60659K, capacity 62698K, committed 62976K, reserved 1105920K
  class space    used 7015K, capacity 7391K, committed 7424K, reserved 1048576K
}
Event: 23.088 GC heap before
{Heap before GC invocations=9 (full 3):
 PSYoungGen      total 536576K, used 536127K [0x00000000d5580000, 0x00000000fab80000, 0x0000000100000000)
  eden space 524800K, 100% used [0x00000000d5580000,0x00000000f5600000,0x00000000f5600000)
  from space 11776K, 96% used [0x00000000f5600000,0x00000000f610ff70,0x00000000f6180000)
  to   space 30208K, 0% used [0x00000000f8e00000,0x00000000f8e00000,0x00000000fab80000)
 ParOldGen       total 1398272K, used 757748K [0x0000000080000000, 0x00000000d5580000, 0x00000000d5580000)
  object space 1398272K, 54% used [0x0000000080000000,0x00000000ae3fd0e8,0x00000000d5580000)
 Metaspace       used 64911K, capacity 67634K, committed 67840K, reserved 1110016K
  class space    used 7432K, capacity 7925K, committed 7936K, reserved 1048576K
Event: 23.285 GC heap after
Heap after GC invocations=9 (full 3):
 PSYoungGen      total 395264K, used 30207K [0x00000000d5580000, 0x0000000100000000, 0x0000000100000000)
  eden space 365056K, 0% used [0x00000000d5580000,0x00000000d5580000,0x00000000eba00000)
  from space 30208K, 99% used [0x00000000f8e00000,0x00000000fab7fc10,0x00000000fab80000)
  to   space 166912K, 0% used [0x00000000eba00000,0x00000000eba00000,0x00000000f5d00000)
 ParOldGen       total 1398272K, used 991866K [0x0000000080000000, 0x00000000d5580000, 0x00000000d5580000)
  object space 1398272K, 70% used [0x0000000080000000,0x00000000bc89eba8,0x00000000d5580000)
 Metaspace       used 64911K, capacity 67634K, committed 67840K, reserved 1110016K
  class space    used 7432K, capacity 7925K, committed 7936K, reserved 1048576K
}

