# JRE version: OpenJDK Runtime Environment (8.0_212-b04) (build 1.8.0_212-b04)
# Java VM: OpenJDK 64-Bit Server VM (25.212-b04 mixed mode linux-amd64 compressed oops)
Heap:
 PSYoungGen      total 611840K, used 421326K [0x00000000d5580000, 0x0000000100000000, 0x0000000100000000)
  eden space 524800K, 80% used [0x00000000d5580000,0x00000000ef0f38b8,0x00000000f5600000)
  from space 87040K, 0% used [0x00000000f5600000,0x00000000f5600000,0x00000000fab00000)
  to   space 87040K, 0% used [0x00000000fab00000,0x00000000fab00000,0x0000000100000000)
 ParOldGen       total 1398272K, used 44364K [0x0000000080000000, 0x00000000d5580000, 0x00000000d5580000)
  object space 1398272K, 3% used [0x0000000080000000,0x0000000082b533e8,0x00000000d5580000)
 Metaspace       used 65067K, capacity 67958K, committed 68224K, reserved 1110016K
  class space    used 7474K, capacity 8013K, committed 8064K, reserved 1048576K
GC Heap History (10 events):
Event: 1.951 GC heap before
{Heap before GC invocations=2 (full 1):
 PSYoungGen      total 611840K, used 14259K [0x00000000d5580000, 0x0000000100000000, 0x0000000100000000)
  eden space 524800K, 0% used [0x00000000d5580000,0x00000000d5580000,0x00000000f5600000)
  from space 87040K, 16% used [0x00000000f5600000,0x00000000f63ecdf0,0x00000000fab00000)
  to   space 87040K, 0% used [0x00000000fab00000,0x00000000fab00000,0x0000000100000000)
 ParOldGen       total 1398272K, used 80K [0x0000000080000000, 0x00000000d5580000, 0x00000000d5580000)
  object space 1398272K, 0% used [0x0000000080000000,0x0000000080014010,0x00000000d5580000)
 Metaspace       used 20814K, capacity 21106K, committed 21248K, reserved 1069056K
  class space    used 2369K, capacity 2482K, committed 2560K, reserved 1048576K
Event: 2.038 GC heap after
Heap after GC invocations=2 (full 1):
 PSYoungGen      total 611840K, used 0K [0x00000000d5580000, 0x0000000100000000, 0x0000000100000000)
  eden space 524800K, 0% used [0x00000000d5580000,0x00000000d5580000,0x00000000f5600000)
  from space 87040K, 0% used [0x00000000f5600000,0x00000000f5600000,0x00000000fab00000)
  to   space 87040K, 0% used [0x00000000fab00000,0x00000000fab00000,0x0000000100000000)
 ParOldGen       total 879616K, used 13717K [0x0000000080000000, 0x00000000b5b00000, 0x00000000d5580000)
  object space 879616K, 1% used [0x0000000080000000,0x0000000080d65418,0x00000000b5b00000)
 Metaspace       used 20814K, capacity 21106K, committed 21248K, reserved 1069056K
  class space    used 2369K, capacity 2482K, committed 2560K, reserved 1048576K
}
Event: 4.279 GC heap before
{Heap before GC invocations=3 (full 1):
 PSYoungGen      total 611840K, used 455540K [0x00000000d5580000, 0x0000000100000000, 0x0000000100000000)
  eden space 524800K, 86% used [0x00000000d5580000,0x00000000f125d0e8,0x00000000f5600000)
  from space 87040K, 0% used [0x00000000f5600000,0x00000000f5600000,0x00000000fab00000)
  to   space 87040K, 0% used [0x00000000fab00000,0x00000000fab00000,0x0000000100000000)
 ParOldGen       total 879616K, used 13717K [0x0000000080000000, 0x00000000b5b00000, 0x00000000d5580000)
  object space 879616K, 1% used [0x0000000080000000,0x0000000080d65418,0x00000000b5b00000)
 Metaspace       used 34734K, capacity 35092K, committed 35416K, reserved 1081344K
  class space    used 3963K, capacity 4060K, committed 4096K, reserved 1048576K
Event: 4.323 GC heap after
Heap after GC invocations=3 (full 1):
 PSYoungGen      total 611840K, used 19225K [0x00000000d5580000, 0x0000000100000000, 0x0000000100000000)
  eden space 524800K, 0% used [0x00000000d5580000,0x00000000d5580000,0x00000000f5600000)
  from space 87040K, 22% used [0x00000000fab00000,0x00000000fbdc6748,0x0000000100000000)
  to   space 87040K, 0% used [0x00000000f5600000,0x00000000f5600000,0x00000000fab00000)
 ParOldGen       total 879616K, used 13717K [0x0000000080000000, 0x00000000b5b00000, 0x00000000d5580000)
  object space 879616K, 1% used [0x0000000080000000,0x0000000080d65418,0x00000000b5b00000)
 Metaspace       used 34734K, capacity 35092K, committed 35416K, reserved 1081344K
  class space    used 3963K, capacity 4060K, committed 4096K, reserved 1048576K
}
Event: 4.323 GC heap before
{Heap before GC invocations=4 (full 2):
 PSYoungGen      total 611840K, used 19225K [0x00000000d5580000, 0x0000000100000000, 0x0000000100000000)
  eden space 524800K, 0% used [0x00000000d5580000,0x00000000d5580000,0x00000000f5600000)
  from space 87040K, 22% used [0x00000000fab00000,0x00000000fbdc6748,0x0000000100000000)
  to   space 87040K, 0% used [0x00000000f5600000,0x00000000f5600000,0x00000000fab00000)
 ParOldGen       total 879616K, used 13717K [0x0000000080000000, 0x00000000b5b00000, 0x00000000d5580000)
  object space 879616K, 1% used [0x0000000080000000,0x0000000080d65418,0x00000000b5b00000)
 Metaspace       used 34734K, capacity 35092K, committed 35416K, reserved 1081344K
  class space    used 3963K, capacity 4060K, committed 4096K, reserved 1048576K
Event: 4.443 GC heap after
Heap after GC invocations=4 (full 2):
 PSYoungGen      total 611840K, used 0K [0x00000000d5580000, 0x0000000100000000, 0x0000000100000000)
  eden space 524800K, 0% used [0x00000000d5580000,0x00000000d5580000,0x00000000f5600000)
  from space 87040K, 0% used [0x00000000fab00000,0x00000000fab00000,0x0000000100000000)
  to   space 87040K, 0% used [0x00000000f5600000,0x00000000f5600000,0x00000000fab00000)
 ParOldGen       total 1398272K, used 23534K [0x0000000080000000, 0x00000000d5580000, 0x00000000d5580000)
  object space 1398272K, 1% used [0x0000000080000000,0x00000000816fbbe8,0x00000000d5580000)
 Metaspace       used 34734K, capacity 35092K, committed 35416K, reserved 1081344K
  class space    used 3963K, capacity 4060K, committed 4096K, reserved 1048576K
}
Event: 11.697 GC heap before
{Heap before GC invocations=5 (full 2):
 PSYoungGen      total 611840K, used 482441K [0x00000000d5580000, 0x0000000100000000, 0x0000000100000000)
  eden space 524800K, 91% used [0x00000000d5580000,0x00000000f2ca2680,0x00000000f5600000)
  from space 87040K, 0% used [0x00000000fab00000,0x00000000fab00000,0x0000000100000000)
  to   space 87040K, 0% used [0x00000000f5600000,0x00000000f5600000,0x00000000fab00000)
 ParOldGen       total 1398272K, used 23534K [0x0000000080000000, 0x00000000d5580000, 0x00000000d5580000)
  object space 1398272K, 1% used [0x0000000080000000,0x00000000816fbbe8,0x00000000d5580000)
 Metaspace       used 57446K, capacity 58874K, committed 59028K, reserved 1101824K
  class space    used 6630K, capacity 6897K, committed 6912K, reserved 1048576K
Event: 11.786 GC heap after
Heap after GC invocations=5 (full 2):
 PSYoungGen      total 611840K, used 33858K [0x00000000d5580000, 0x0000000100000000, 0x0000000100000000)
  eden space 524800K, 0% used [0x00000000d5580000,0x00000000d5580000,0x00000000f5600000)
  from space 87040K, 38% used [0x00000000f5600000,0x00000000f7710a90,0x00000000fab00000)
  to   space 87040K, 0% used [0x00000000fab00000,0x00000000fab00000,0x0000000100000000)
 ParOldGen       total 1398272K, used 23542K [0x0000000080000000, 0x00000000d5580000, 0x00000000d5580000)
  object space 1398272K, 1% used [0x0000000080000000,0x00000000816fdbe8,0x00000000d5580000)
 Metaspace       used 57446K, capacity 58874K, committed 59028K, reserved 1101824K
  class space    used 6630K, capacity 6897K, committed 6912K, reserved 1048576K
}
Event: 11.786 GC heap before
{Heap before GC invocations=6 (full 3):
 PSYoungGen      total 611840K, used 33858K [0x00000000d5580000, 0x0000000100000000, 0x0000000100000000)
  eden space 524800K, 0% used [0x00000000d5580000,0x00000000d5580000,0x00000000f5600000)
  from space 87040K, 38% used [0x00000000f5600000,0x00000000f7710a90,0x00000000fab00000)
  to   space 87040K, 0% used [0x00000000fab00000,0x00000000fab00000,0x0000000100000000)
 ParOldGen       total 1398272K, used 23542K [0x0000000080000000, 0x00000000d5580000, 0x00000000d5580000)
  object space 1398272K, 1% used [0x0000000080000000,0x00000000816fdbe8,0x00000000d5580000)
 Metaspace       used 57446K, capacity 58874K, committed 59028K, reserved 1101824K
  class space    used 6630K, capacity 6897K, committed 6912K, reserved 1048576K
Event: 12.087 GC heap after
Heap after GC invocations=6 (full 3):
 PSYoungGen      total 611840K, used 0K [0x00000000d5580000, 0x0000000100000000, 0x0000000100000000)
  eden space 524800K, 0% used [0x00000000d5580000,0x00000000d5580000,0x00000000f5600000)
  from space 87040K, 0% used [0x00000000f5600000,0x00000000f5600000,0x00000000fab00000)
  to   space 87040K, 0% used [0x00000000fab00000,0x00000000fab00000,0x0000000100000000)
 ParOldGen       total 1398272K, used 44364K [0x0000000080000000, 0x00000000d5580000, 0x00000000d5580000)
  object space 1398272K, 3% used [0x0000000080000000,0x0000000082b533e8,0x00000000d5580000)
 Metaspace       used 57418K, capacity 58806K, committed 59028K, reserved 1101824K
  class space    used 6621K, capacity 6881K, committed 6912K, reserved 1048576K
}

