# JRE version: OpenJDK Runtime Environment (8.0_212-b04) (build 1.8.0_212-b04)
# Java VM: OpenJDK 64-Bit Server VM (25.212-b04 mixed mode linux-amd64 compressed oops)
Heap:
 PSYoungGen      total 611840K, used 303887K [0x00000000d5580000, 0x0000000100000000, 0x0000000100000000)
  eden space 524800K, 52% used [0x00000000d5580000,0x00000000e64908c8,0x00000000f5600000)
  from space 87040K, 30% used [0x00000000fab00000,0x00000000fc4b3378,0x0000000100000000)
  to   space 87040K, 0% used [0x00000000f5600000,0x00000000f5600000,0x00000000fab00000)
 ParOldGen       total 907264K, used 12009K [0x0000000080000000, 0x00000000b7600000, 0x00000000d5580000)
  object space 907264K, 1% used [0x0000000080000000,0x0000000080bba728,0x00000000b7600000)
 Metaspace       used 33896K, capacity 34628K, committed 34688K, reserved 1079296K
  class space    used 3773K, capacity 3921K, committed 3968K, reserved 1048576K
GC Heap History (10 events):
Event: 3.402 GC heap before
{Heap before GC invocations=1 (full 0):
 PSYoungGen      total 611840K, used 209922K [0x00000000d5580000, 0x0000000100000000, 0x0000000100000000)
  eden space 524800K, 40% used [0x00000000d5580000,0x00000000e22808e0,0x00000000f5600000)
  from space 87040K, 0% used [0x00000000fab00000,0x00000000fab00000,0x0000000100000000)
  to   space 87040K, 0% used [0x00000000f5600000,0x00000000f5600000,0x00000000fab00000)
 ParOldGen       total 1398272K, used 0K [0x0000000080000000, 0x00000000d5580000, 0x00000000d5580000)
  object space 1398272K, 0% used [0x0000000080000000,0x0000000080000000,0x00000000d5580000)
 Metaspace       used 20808K, capacity 21054K, committed 21248K, reserved 1069056K
  class space    used 2363K, capacity 2484K, committed 2560K, reserved 1048576K
Event: 3.443 GC heap after
Heap after GC invocations=1 (full 0):
 PSYoungGen      total 611840K, used 12466K [0x00000000d5580000, 0x0000000100000000, 0x0000000100000000)
  eden space 524800K, 0% used [0x00000000d5580000,0x00000000d5580000,0x00000000f5600000)
  from space 87040K, 14% used [0x00000000f5600000,0x00000000f622c988,0x00000000fab00000)
  to   space 87040K, 0% used [0x00000000fab00000,0x00000000fab00000,0x0000000100000000)
 ParOldGen       total 1398272K, used 80K [0x0000000080000000, 0x00000000d5580000, 0x00000000d5580000)
  object space 1398272K, 0% used [0x0000000080000000,0x0000000080014010,0x00000000d5580000)
 Metaspace       used 20808K, capacity 21054K, committed 21248K, reserved 1069056K
  class space    used 2363K, capacity 2484K, committed 2560K, reserved 1048576K
}
Event: 3.443 GC heap before
{Heap before GC invocations=2 (full 1):
 PSYoungGen      total 611840K, used 12466K [0x00000000d5580000, 0x0000000100000000, 0x0000000100000000)
  eden space 524800K, 0% used [0x00000000d5580000,0x00000000d5580000,0x00000000f5600000)
  from space 87040K, 14% used [0x00000000f5600000,0x00000000f622c988,0x00000000fab00000)
  to   space 87040K, 0% used [0x00000000fab00000,0x00000000fab00000,0x0000000100000000)
 ParOldGen       total 1398272K, used 80K [0x0000000080000000, 0x00000000d5580000, 0x00000000d5580000)
  object space 1398272K, 0% used [0x0000000080000000,0x0000000080014010,0x00000000d5580000)
 Metaspace       used 20808K, capacity 21054K, committed 21248K, reserved 1069056K
  class space    used 2363K, capacity 2484K, committed 2560K, reserved 1048576K
Event: 3.542 GC heap after
Heap after GC invocations=2 (full 1):
 PSYoungGen      total 611840K, used 0K [0x00000000d5580000, 0x0000000100000000, 0x0000000100000000)
  eden space 524800K, 0% used [0x00000000d5580000,0x00000000d5580000,0x00000000f5600000)
  from space 87040K, 0% used [0x00000000f5600000,0x00000000f5600000,0x00000000fab00000)
  to   space 87040K, 0% used [0x00000000fab00000,0x00000000fab00000,0x0000000100000000)
 ParOldGen       total 907264K, used 11993K [0x0000000080000000, 0x00000000b7600000, 0x00000000d5580000)
  object space 907264K, 1% used [0x0000000080000000,0x0000000080bb6728,0x00000000b7600000)
 Metaspace       used 20808K, capacity 21054K, committed 21248K, reserved 1069056K
  class space    used 2363K, capacity 2484K, committed 2560K, reserved 1048576K
}
Event: 17.691 GC heap before
{Heap before GC invocations=3 (full 1):
 PSYoungGen      total 611840K, used 524800K [0x00000000d5580000, 0x0000000100000000, 0x0000000100000000)
  eden space 524800K, 100% used [0x00000000d5580000,0x00000000f5600000,0x00000000f5600000)
  from space 87040K, 0% used [0x00000000f5600000,0x00000000f5600000,0x00000000fab00000)
  to   space 87040K, 0% used [0x00000000fab00000,0x00000000fab00000,0x0000000100000000)
 ParOldGen       total 907264K, used 11993K [0x0000000080000000, 0x00000000b7600000, 0x00000000d5580000)
  object space 907264K, 1% used [0x0000000080000000,0x0000000080bb6728,0x00000000b7600000)
 Metaspace       used 32930K, capacity 33610K, committed 33920K, reserved 1079296K
  class space    used 3738K, capacity 3896K, committed 3968K, reserved 1048576K
Event: 17.738 GC heap after
Heap after GC invocations=3 (full 1):
 PSYoungGen      total 611840K, used 18682K [0x00000000d5580000, 0x0000000100000000, 0x0000000100000000)
  eden space 524800K, 0% used [0x00000000d5580000,0x00000000d5580000,0x00000000f5600000)
  from space 87040K, 21% used [0x00000000fab00000,0x00000000fbd3ea30,0x0000000100000000)
  to   space 87040K, 0% used [0x00000000f5600000,0x00000000f5600000,0x00000000fab00000)
 ParOldGen       total 907264K, used 11993K [0x0000000080000000, 0x00000000b7600000, 0x00000000d5580000)
  object space 907264K, 1% used [0x0000000080000000,0x0000000080bb6728,0x00000000b7600000)
 Metaspace       used 32930K, capacity 33610K, committed 33920K, reserved 1079296K
  class space    used 3738K, capacity 3896K, committed 3968K, reserved 1048576K
}
Event: 38.824 GC heap before
{Heap before GC invocations=4 (full 1):
 PSYoungGen      total 611840K, used 543482K [0x00000000d5580000, 0x0000000100000000, 0x0000000100000000)
  eden space 524800K, 100% used [0x00000000d5580000,0x00000000f5600000,0x00000000f5600000)
  from space 87040K, 21% used [0x00000000fab00000,0x00000000fbd3ea30,0x0000000100000000)
  to   space 87040K, 0% used [0x00000000f5600000,0x00000000f5600000,0x00000000fab00000)
 ParOldGen       total 907264K, used 11993K [0x0000000080000000, 0x00000000b7600000, 0x00000000d5580000)
  object space 907264K, 1% used [0x0000000080000000,0x0000000080bb6728,0x00000000b7600000)
 Metaspace       used 33454K, capacity 34120K, committed 34432K, reserved 1079296K
  class space    used 3742K, capacity 3901K, committed 3968K, reserved 1048576K
Event: 38.873 GC heap after
Heap after GC invocations=4 (full 1):
 PSYoungGen      total 611840K, used 18536K [0x00000000d5580000, 0x0000000100000000, 0x0000000100000000)
  eden space 524800K, 0% used [0x00000000d5580000,0x00000000d5580000,0x00000000f5600000)
  from space 87040K, 21% used [0x00000000f5600000,0x00000000f681a180,0x00000000fab00000)
  to   space 87040K, 0% used [0x00000000fab00000,0x00000000fab00000,0x0000000100000000)
 ParOldGen       total 907264K, used 12001K [0x0000000080000000, 0x00000000b7600000, 0x00000000d5580000)
  object space 907264K, 1% used [0x0000000080000000,0x0000000080bb8728,0x00000000b7600000)
 Metaspace       used 33454K, capacity 34120K, committed 34432K, reserved 1079296K
  class space    used 3742K, capacity 3901K, committed 3968K, reserved 1048576K
}
Event: 40.589 GC heap before
{Heap before GC invocations=5 (full 1):
 PSYoungGen      total 611840K, used 543336K [0x00000000d5580000, 0x0000000100000000, 0x0000000100000000)
  eden space 524800K, 100% used [0x00000000d5580000,0x00000000f5600000,0x00000000f5600000)
  from space 87040K, 21% used [0x00000000f5600000,0x00000000f681a180,0x00000000fab00000)
  to   space 87040K, 0% used [0x00000000fab00000,0x00000000fab00000,0x0000000100000000)
 ParOldGen       total 907264K, used 12001K [0x0000000080000000, 0x00000000b7600000, 0x00000000d5580000)
  object space 907264K, 1% used [0x0000000080000000,0x0000000080bb8728,0x00000000b7600000)
 Metaspace       used 33475K, capacity 34128K, committed 34432K, reserved 1079296K
  class space    used 3742K, capacity 3901K, committed 3968K, reserved 1048576K
Event: 40.643 GC heap after
Heap after GC invocations=5 (full 1):
 PSYoungGen      total 611840K, used 26316K [0x00000000d5580000, 0x0000000100000000, 0x0000000100000000)
  eden space 524800K, 0% used [0x00000000d5580000,0x00000000d5580000,0x00000000f5600000)
  from space 87040K, 30% used [0x00000000fab00000,0x00000000fc4b3378,0x0000000100000000)
  to   space 87040K, 0% used [0x00000000f5600000,0x00000000f5600000,0x00000000fab00000)
 ParOldGen       total 907264K, used 12009K [0x0000000080000000, 0x00000000b7600000, 0x00000000d5580000)
  object space 907264K, 1% used [0x0000000080000000,0x0000000080bba728,0x00000000b7600000)
 Metaspace       used 33475K, capacity 34128K, committed 34432K, reserved 1079296K
  class space    used 3742K, capacity 3901K, committed 3968K, reserved 1048576K
}

