# JRE version: OpenJDK Runtime Environment (8.0_212-b04) (build 1.8.0_212-b04)
# Java VM: OpenJDK 64-Bit Server VM (25.212-b04 mixed mode linux-amd64 compressed oops)
Heap:
 PSYoungGen      total 611840K, used 576872K [0x00000000d5580000, 0x0000000100000000, 0x0000000100000000)
  eden space 524800K, 93% used [0x00000000d5580000,0x00000000f33deaa0,0x00000000f5600000)
  from space 87040K, 99% used [0x00000000fab00000,0x00000000ffffb808,0x0000000100000000)
  to   space 87040K, 0% used [0x00000000f5600000,0x00000000f5600000,0x00000000fab00000)
 ParOldGen       total 1398272K, used 55094K [0x0000000080000000, 0x00000000d5580000, 0x00000000d5580000)
  object space 1398272K, 3% used [0x0000000080000000,0x00000000835cd8a8,0x00000000d5580000)
 Metaspace       used 69634K, capacity 72806K, committed 73088K, reserved 1114112K
  class space    used 7708K, capacity 8263K, committed 8320K, reserved 1048576K
GC Heap History (10 events):
Event: 4.591 GC heap before
{Heap before GC invocations=3 (full 1):
 PSYoungGen      total 611840K, used 373923K [0x00000000d5580000, 0x0000000100000000, 0x0000000100000000)
  eden space 524800K, 71% used [0x00000000d5580000,0x00000000ec2a8f40,0x00000000f5600000)
  from space 87040K, 0% used [0x00000000f5600000,0x00000000f5600000,0x00000000fab00000)
  to   space 87040K, 0% used [0x00000000fab00000,0x00000000fab00000,0x0000000100000000)
 ParOldGen       total 843776K, used 13672K [0x0000000080000000, 0x00000000b3800000, 0x00000000d5580000)
  object space 843776K, 1% used [0x0000000080000000,0x0000000080d5a110,0x00000000b3800000)
 Metaspace       used 34598K, capacity 34994K, committed 35416K, reserved 1081344K
  class space    used 3950K, capacity 4067K, committed 4096K, reserved 1048576K
Event: 4.623 GC heap after
Heap after GC invocations=3 (full 1):
 PSYoungGen      total 611840K, used 18599K [0x00000000d5580000, 0x0000000100000000, 0x0000000100000000)
  eden space 524800K, 0% used [0x00000000d5580000,0x00000000d5580000,0x00000000f5600000)
  from space 87040K, 21% used [0x00000000fab00000,0x00000000fbd29e70,0x0000000100000000)
  to   space 87040K, 0% used [0x00000000f5600000,0x00000000f5600000,0x00000000fab00000)
 ParOldGen       total 843776K, used 13680K [0x0000000080000000, 0x00000000b3800000, 0x00000000d5580000)
  object space 843776K, 1% used [0x0000000080000000,0x0000000080d5c110,0x00000000b3800000)
 Metaspace       used 34598K, capacity 34994K, committed 35416K, reserved 1081344K
  class space    used 3950K, capacity 4067K, committed 4096K, reserved 1048576K
}
Event: 4.623 GC heap before
{Heap before GC invocations=4 (full 2):
 PSYoungGen      total 611840K, used 18599K [0x00000000d5580000, 0x0000000100000000, 0x0000000100000000)
  eden space 524800K, 0% used [0x00000000d5580000,0x00000000d5580000,0x00000000f5600000)
  from space 87040K, 21% used [0x00000000fab00000,0x00000000fbd29e70,0x0000000100000000)
  to   space 87040K, 0% used [0x00000000f5600000,0x00000000f5600000,0x00000000fab00000)
 ParOldGen       total 843776K, used 13680K [0x0000000080000000, 0x00000000b3800000, 0x00000000d5580000)
  object space 843776K, 1% used [0x0000000080000000,0x0000000080d5c110,0x00000000b3800000)
 Metaspace       used 34598K, capacity 34994K, committed 35416K, reserved 1081344K
  class space    used 3950K, capacity 4067K, committed 4096K, reserved 1048576K
Event: 4.716 GC heap after
Heap after GC invocations=4 (full 2):
 PSYoungGen      total 611840K, used 0K [0x00000000d5580000, 0x0000000100000000, 0x0000000100000000)
  eden space 524800K, 0% used [0x00000000d5580000,0x00000000d5580000,0x00000000f5600000)
  from space 87040K, 0% used [0x00000000fab00000,0x00000000fab00000,0x0000000100000000)
  to   space 87040K, 0% used [0x00000000f5600000,0x00000000f5600000,0x00000000fab00000)
 ParOldGen       total 1398272K, used 22912K [0x0000000080000000, 0x00000000d5580000, 0x00000000d5580000)
  object space 1398272K, 1% used [0x0000000080000000,0x00000000816600e8,0x00000000d5580000)
 Metaspace       used 34598K, capacity 34994K, committed 35416K, reserved 1081344K
  class space    used 3950K, capacity 4067K, committed 4096K, reserved 1048576K
}
Event: 12.944 GC heap before
{Heap before GC invocations=5 (full 2):
 PSYoungGen      total 611840K, used 375532K [0x00000000d5580000, 0x0000000100000000, 0x0000000100000000)
  eden space 524800K, 71% used [0x00000000d5580000,0x00000000ec43b0c0,0x00000000f5600000)
  from space 87040K, 0% used [0x00000000fab00000,0x00000000fab00000,0x0000000100000000)
  to   space 87040K, 0% used [0x00000000f5600000,0x00000000f5600000,0x00000000fab00000)
 ParOldGen       total 1398272K, used 22912K [0x0000000080000000, 0x00000000d5580000, 0x00000000d5580000)
  object space 1398272K, 1% used [0x0000000080000000,0x00000000816600e8,0x00000000d5580000)
 Metaspace       used 57068K, capacity 58918K, committed 59028K, reserved 1101824K
  class space    used 6663K, capacity 7017K, committed 7040K, reserved 1048576K
Event: 12.991 GC heap after
Heap after GC invocations=5 (full 2):
 PSYoungGen      total 611840K, used 34482K [0x00000000d5580000, 0x0000000100000000, 0x0000000100000000)
  eden space 524800K, 0% used [0x00000000d5580000,0x00000000d5580000,0x00000000f5600000)
  from space 87040K, 39% used [0x00000000f5600000,0x00000000f77ac848,0x00000000fab00000)
  to   space 87040K, 0% used [0x00000000fab00000,0x00000000fab00000,0x0000000100000000)
 ParOldGen       total 1398272K, used 22920K [0x0000000080000000, 0x00000000d5580000, 0x00000000d5580000)
  object space 1398272K, 1% used [0x0000000080000000,0x00000000816620e8,0x00000000d5580000)
 Metaspace       used 57068K, capacity 58918K, committed 59028K, reserved 1101824K
  class space    used 6663K, capacity 7017K, committed 7040K, reserved 1048576K
}
Event: 12.991 GC heap before
{Heap before GC invocations=6 (full 3):
 PSYoungGen      total 611840K, used 34482K [0x00000000d5580000, 0x0000000100000000, 0x0000000100000000)
  eden space 524800K, 0% used [0x00000000d5580000,0x00000000d5580000,0x00000000f5600000)
  from space 87040K, 39% used [0x00000000f5600000,0x00000000f77ac848,0x00000000fab00000)
  to   space 87040K, 0% used [0x00000000fab00000,0x00000000fab00000,0x0000000100000000)
 ParOldGen       total 1398272K, used 22920K [0x0000000080000000, 0x00000000d5580000, 0x00000000d5580000)
  object space 1398272K, 1% used [0x0000000080000000,0x00000000816620e8,0x00000000d5580000)
 Metaspace       used 57068K, capacity 58918K, committed 59028K, reserved 1101824K
  class space    used 6663K, capacity 7017K, committed 7040K, reserved 1048576K
Event: 13.192 GC heap after
Heap after GC invocations=6 (full 3):
 PSYoungGen      total 611840K, used 0K [0x00000000d5580000, 0x0000000100000000, 0x0000000100000000)
  eden space 524800K, 0% used [0x00000000d5580000,0x00000000d5580000,0x00000000f5600000)
  from space 87040K, 0% used [0x00000000f5600000,0x00000000f5600000,0x00000000fab00000)
  to   space 87040K, 0% used [0x00000000fab00000,0x00000000fab00000,0x0000000100000000)
 ParOldGen       total 1398272K, used 44571K [0x0000000080000000, 0x00000000d5580000, 0x00000000d5580000)
  object space 1398272K, 3% used [0x0000000080000000,0x0000000082b86fa0,0x00000000d5580000)
 Metaspace       used 57028K, capacity 58810K, committed 59028K, reserved 1101824K
  class space    used 6650K, capacity 6993K, committed 7040K, reserved 1048576K
}
Event: 60.190 GC heap before
{Heap before GC invocations=7 (full 3):
 PSYoungGen      total 611840K, used 524799K [0x00000000d5580000, 0x0000000100000000, 0x0000000100000000)
  eden space 524800K, 99% used [0x00000000d5580000,0x00000000f55fffc8,0x00000000f5600000)
  from space 87040K, 0% used [0x00000000f5600000,0x00000000f5600000,0x00000000fab00000)
  to   space 87040K, 0% used [0x00000000fab00000,0x00000000fab00000,0x0000000100000000)
 ParOldGen       total 1398272K, used 44571K [0x0000000080000000, 0x00000000d5580000, 0x00000000d5580000)
  object space 1398272K, 3% used [0x0000000080000000,0x0000000082b86fa0,0x00000000d5580000)
 Metaspace       used 67565K, capacity 70656K, committed 70912K, reserved 1112064K
  class space    used 7630K, capacity 8170K, committed 8192K, reserved 1048576K
Event: 60.361 GC heap after
Heap after GC invocations=7 (full 3):
 PSYoungGen      total 611840K, used 87022K [0x00000000d5580000, 0x0000000100000000, 0x0000000100000000)
  eden space 524800K, 0% used [0x00000000d5580000,0x00000000d5580000,0x00000000f5600000)
  from space 87040K, 99% used [0x00000000fab00000,0x00000000ffffb808,0x0000000100000000)
  to   space 87040K, 0% used [0x00000000f5600000,0x00000000f5600000,0x00000000fab00000)
 ParOldGen       total 1398272K, used 55094K [0x0000000080000000, 0x00000000d5580000, 0x00000000d5580000)
  object space 1398272K, 3% used [0x0000000080000000,0x00000000835cd8a8,0x00000000d5580000)
 Metaspace       used 67565K, capacity 70656K, committed 70912K, reserved 1112064K
  class space    used 7630K, capacity 8170K, committed 8192K, reserved 1048576K
}

