# JRE version: OpenJDK Runtime Environment (8.0_212-b04) (build 1.8.0_212-b04)
# Java VM: OpenJDK 64-Bit Server VM (25.212-b04 mixed mode linux-amd64 compressed oops)
Heap:
 PSYoungGen      total 611840K, used 243070K [0x00000000d5580000, 0x0000000100000000, 0x0000000100000000)
  eden space 524800K, 46% used [0x00000000d5580000,0x00000000e42dfbf8,0x00000000f5600000)
  from space 87040K, 0% used [0x00000000fab00000,0x00000000fab00000,0x0000000100000000)
  to   space 87040K, 0% used [0x00000000f5600000,0x00000000f5600000,0x00000000fab00000)
 ParOldGen       total 1398272K, used 28976K [0x0000000080000000, 0x00000000d5580000, 0x00000000d5580000)
  object space 1398272K, 2% used [0x0000000080000000,0x0000000081c4c0e0,0x00000000d5580000)
 Metaspace       used 63928K, capacity 66302K, committed 66432K, reserved 1107968K
  class space    used 7371K, capacity 7807K, committed 7808K, reserved 1048576K
GC Heap History (10 events):
Event: 4.931 GC heap before
{Heap before GC invocations=3 (full 1):
 PSYoungGen      total 611840K, used 457869K [0x00000000d5580000, 0x0000000100000000, 0x0000000100000000)
  eden space 524800K, 87% used [0x00000000d5580000,0x00000000f14a3410,0x00000000f5600000)
  from space 87040K, 0% used [0x00000000f5600000,0x00000000f5600000,0x00000000fab00000)
  to   space 87040K, 0% used [0x00000000fab00000,0x00000000fab00000,0x0000000100000000)
 ParOldGen       total 909312K, used 14292K [0x0000000080000000, 0x00000000b7800000, 0x00000000d5580000)
  object space 909312K, 1% used [0x0000000080000000,0x0000000080df5010,0x00000000b7800000)
 Metaspace       used 34592K, capacity 34970K, committed 35416K, reserved 1081344K
  class space    used 3954K, capacity 4061K, committed 4096K, reserved 1048576K
Event: 4.973 GC heap after
Heap after GC invocations=3 (full 1):
 PSYoungGen      total 611840K, used 18872K [0x00000000d5580000, 0x0000000100000000, 0x0000000100000000)
  eden space 524800K, 0% used [0x00000000d5580000,0x00000000d5580000,0x00000000f5600000)
  from space 87040K, 21% used [0x00000000fab00000,0x00000000fbd6e068,0x0000000100000000)
  to   space 87040K, 0% used [0x00000000f5600000,0x00000000f5600000,0x00000000fab00000)
 ParOldGen       total 909312K, used 14292K [0x0000000080000000, 0x00000000b7800000, 0x00000000d5580000)
  object space 909312K, 1% used [0x0000000080000000,0x0000000080df5010,0x00000000b7800000)
 Metaspace       used 34592K, capacity 34970K, committed 35416K, reserved 1081344K
  class space    used 3954K, capacity 4061K, committed 4096K, reserved 1048576K
}
Event: 4.973 GC heap before
{Heap before GC invocations=4 (full 2):
 PSYoungGen      total 611840K, used 18872K [0x00000000d5580000, 0x0000000100000000, 0x0000000100000000)
  eden space 524800K, 0% used [0x00000000d5580000,0x00000000d5580000,0x00000000f5600000)
  from space 87040K, 21% used [0x00000000fab00000,0x00000000fbd6e068,0x0000000100000000)
  to   space 87040K, 0% used [0x00000000f5600000,0x00000000f5600000,0x00000000fab00000)
 ParOldGen       total 909312K, used 14292K [0x0000000080000000, 0x00000000b7800000, 0x00000000d5580000)
  object space 909312K, 1% used [0x0000000080000000,0x0000000080df5010,0x00000000b7800000)
 Metaspace       used 34592K, capacity 34970K, committed 35416K, reserved 1081344K
  class space    used 3954K, capacity 4061K, committed 4096K, reserved 1048576K
Event: 5.077 GC heap after
Heap after GC invocations=4 (full 2):
 PSYoungGen      total 611840K, used 0K [0x00000000d5580000, 0x0000000100000000, 0x0000000100000000)
  eden space 524800K, 0% used [0x00000000d5580000,0x00000000d5580000,0x00000000f5600000)
  from space 87040K, 0% used [0x00000000fab00000,0x00000000fab00000,0x0000000100000000)
  to   space 87040K, 0% used [0x00000000f5600000,0x00000000f5600000,0x00000000fab00000)
 ParOldGen       total 1398272K, used 23447K [0x0000000080000000, 0x00000000d5580000, 0x00000000d5580000)
  object space 1398272K, 1% used [0x0000000080000000,0x00000000816e5cd8,0x00000000d5580000)
 Metaspace       used 34592K, capacity 34970K, committed 35416K, reserved 1081344K
  class space    used 3954K, capacity 4061K, committed 4096K, reserved 1048576K
}
Event: 11.680 GC heap before
{Heap before GC invocations=5 (full 2):
 PSYoungGen      total 611840K, used 524800K [0x00000000d5580000, 0x0000000100000000, 0x0000000100000000)
  eden space 524800K, 100% used [0x00000000d5580000,0x00000000f5600000,0x00000000f5600000)
  from space 87040K, 0% used [0x00000000fab00000,0x00000000fab00000,0x0000000100000000)
  to   space 87040K, 0% used [0x00000000f5600000,0x00000000f5600000,0x00000000fab00000)
 ParOldGen       total 1398272K, used 23447K [0x0000000080000000, 0x00000000d5580000, 0x00000000d5580000)
  object space 1398272K, 1% used [0x0000000080000000,0x00000000816e5cd8,0x00000000d5580000)
 Metaspace       used 52439K, capacity 53766K, committed 54144K, reserved 1097728K
  class space    used 6162K, capacity 6401K, committed 6528K, reserved 1048576K
Event: 11.753 GC heap after
Heap after GC invocations=5 (full 2):
 PSYoungGen      total 611840K, used 26313K [0x00000000d5580000, 0x0000000100000000, 0x0000000100000000)
  eden space 524800K, 0% used [0x00000000d5580000,0x00000000d5580000,0x00000000f5600000)
  from space 87040K, 30% used [0x00000000f5600000,0x00000000f6fb2678,0x00000000fab00000)
  to   space 87040K, 0% used [0x00000000fab00000,0x00000000fab00000,0x0000000100000000)
 ParOldGen       total 1398272K, used 23455K [0x0000000080000000, 0x00000000d5580000, 0x00000000d5580000)
  object space 1398272K, 1% used [0x0000000080000000,0x00000000816e7cd8,0x00000000d5580000)
 Metaspace       used 52439K, capacity 53766K, committed 54144K, reserved 1097728K
  class space    used 6162K, capacity 6401K, committed 6528K, reserved 1048576K
}
Event: 12.423 GC heap before
{Heap before GC invocations=6 (full 2):
 PSYoungGen      total 611840K, used 180012K [0x00000000d5580000, 0x0000000100000000, 0x0000000100000000)
  eden space 524800K, 29% used [0x00000000d5580000,0x00000000deb989e0,0x00000000f5600000)
  from space 87040K, 30% used [0x00000000f5600000,0x00000000f6fb2678,0x00000000fab00000)
  to   space 87040K, 0% used [0x00000000fab00000,0x00000000fab00000,0x0000000100000000)
 ParOldGen       total 1398272K, used 23455K [0x0000000080000000, 0x00000000d5580000, 0x00000000d5580000)
  object space 1398272K, 1% used [0x0000000080000000,0x00000000816e7cd8,0x00000000d5580000)
 Metaspace       used 57402K, capacity 58822K, committed 59028K, reserved 1101824K
  class space    used 6650K, capacity 6927K, committed 7040K, reserved 1048576K
Event: 12.451 GC heap after
Heap after GC invocations=6 (full 2):
 PSYoungGen      total 611840K, used 17405K [0x00000000d5580000, 0x0000000100000000, 0x0000000100000000)
  eden space 524800K, 0% used [0x00000000d5580000,0x00000000d5580000,0x00000000f5600000)
  from space 87040K, 19% used [0x00000000fab00000,0x00000000fbbff580,0x0000000100000000)
  to   space 87040K, 0% used [0x00000000f5600000,0x00000000f5600000,0x00000000fab00000)
 ParOldGen       total 1398272K, used 23463K [0x0000000080000000, 0x00000000d5580000, 0x00000000d5580000)
  object space 1398272K, 1% used [0x0000000080000000,0x00000000816e9cd8,0x00000000d5580000)
 Metaspace       used 57402K, capacity 58822K, committed 59028K, reserved 1101824K
  class space    used 6650K, capacity 6927K, committed 7040K, reserved 1048576K
}
Event: 12.451 GC heap before
{Heap before GC invocations=7 (full 3):
 PSYoungGen      total 611840K, used 17405K [0x00000000d5580000, 0x0000000100000000, 0x0000000100000000)
  eden space 524800K, 0% used [0x00000000d5580000,0x00000000d5580000,0x00000000f5600000)
  from space 87040K, 19% used [0x00000000fab00000,0x00000000fbbff580,0x0000000100000000)
  to   space 87040K, 0% used [0x00000000f5600000,0x00000000f5600000,0x00000000fab00000)
 ParOldGen       total 1398272K, used 23463K [0x0000000080000000, 0x00000000d5580000, 0x00000000d5580000)
  object space 1398272K, 1% used [0x0000000080000000,0x00000000816e9cd8,0x00000000d5580000)
 Metaspace       used 57402K, capacity 58822K, committed 59028K, reserved 1101824K
  class space    used 6650K, capacity 6927K, committed 7040K, reserved 1048576K
Event: 12.694 GC heap after
Heap after GC invocations=7 (full 3):
 PSYoungGen      total 611840K, used 0K [0x00000000d5580000, 0x0000000100000000, 0x0000000100000000)
  eden space 524800K, 0% used [0x00000000d5580000,0x00000000d5580000,0x00000000f5600000)
  from space 87040K, 0% used [0x00000000fab00000,0x00000000fab00000,0x0000000100000000)
  to   space 87040K, 0% used [0x00000000f5600000,0x00000000f5600000,0x00000000fab00000)
 ParOldGen       total 1398272K, used 28976K [0x0000000080000000, 0x00000000d5580000, 0x00000000d5580000)
  object space 1398272K, 2% used [0x0000000080000000,0x0000000081c4c0e0,0x00000000d5580000)
 Metaspace       used 57383K, capacity 58774K, committed 59028K, reserved 1101824K
  class space    used 6643K, capacity 6915K, committed 7040K, reserved 1048576K
}

