# JRE version: OpenJDK Runtime Environment (8.0_212-b04) (build 1.8.0_212-b04)
# Java VM: OpenJDK 64-Bit Server VM (25.212-b04 mixed mode linux-amd64 compressed oops)
Heap:
 PSYoungGen      total 611840K, used 296003K [0x00000000d5580000, 0x0000000100000000, 0x0000000100000000)
  eden space 524800K, 56% used [0x00000000d5580000,0x00000000e7690c78,0x00000000f5600000)
  from space 87040K, 0% used [0x00000000fab00000,0x00000000fab00000,0x0000000100000000)
  to   space 87040K, 0% used [0x00000000f5600000,0x00000000f5600000,0x00000000fab00000)
 ParOldGen       total 1398272K, used 28482K [0x0000000080000000, 0x00000000d5580000, 0x00000000d5580000)
  object space 1398272K, 2% used [0x0000000080000000,0x0000000081bd0850,0x00000000d5580000)
 Metaspace       used 65686K, capacity 68480K, committed 68608K, reserved 1110016K
  class space    used 7581K, capacity 8080K, committed 8192K, reserved 1048576K
GC Heap History (10 events):
Event: 4.987 GC heap before
{Heap before GC invocations=3 (full 1):
 PSYoungGen      total 611840K, used 457442K [0x00000000d5580000, 0x0000000100000000, 0x0000000100000000)
  eden space 524800K, 87% used [0x00000000d5580000,0x00000000f1438a68,0x00000000f5600000)
  from space 87040K, 0% used [0x00000000f5600000,0x00000000f5600000,0x00000000fab00000)
  to   space 87040K, 0% used [0x00000000fab00000,0x00000000fab00000,0x0000000100000000)
 ParOldGen       total 903680K, used 14266K [0x0000000080000000, 0x00000000b7280000, 0x00000000d5580000)
  object space 903680K, 1% used [0x0000000080000000,0x0000000080dee948,0x00000000b7280000)
 Metaspace       used 34681K, capacity 35028K, committed 35416K, reserved 1081344K
  class space    used 3965K, capacity 4060K, committed 4096K, reserved 1048576K
Event: 5.031 GC heap after
Heap after GC invocations=3 (full 1):
 PSYoungGen      total 611840K, used 18989K [0x00000000d5580000, 0x0000000100000000, 0x0000000100000000)
  eden space 524800K, 0% used [0x00000000d5580000,0x00000000d5580000,0x00000000f5600000)
  from space 87040K, 21% used [0x00000000fab00000,0x00000000fbd8b540,0x0000000100000000)
  to   space 87040K, 0% used [0x00000000f5600000,0x00000000f5600000,0x00000000fab00000)
 ParOldGen       total 903680K, used 14274K [0x0000000080000000, 0x00000000b7280000, 0x00000000d5580000)
  object space 903680K, 1% used [0x0000000080000000,0x0000000080df0948,0x00000000b7280000)
 Metaspace       used 34681K, capacity 35028K, committed 35416K, reserved 1081344K
  class space    used 3965K, capacity 4060K, committed 4096K, reserved 1048576K
}
Event: 5.031 GC heap before
{Heap before GC invocations=4 (full 2):
 PSYoungGen      total 611840K, used 18989K [0x00000000d5580000, 0x0000000100000000, 0x0000000100000000)
  eden space 524800K, 0% used [0x00000000d5580000,0x00000000d5580000,0x00000000f5600000)
  from space 87040K, 21% used [0x00000000fab00000,0x00000000fbd8b540,0x0000000100000000)
  to   space 87040K, 0% used [0x00000000f5600000,0x00000000f5600000,0x00000000fab00000)
 ParOldGen       total 903680K, used 14274K [0x0000000080000000, 0x00000000b7280000, 0x00000000d5580000)
  object space 903680K, 1% used [0x0000000080000000,0x0000000080df0948,0x00000000b7280000)
 Metaspace       used 34681K, capacity 35028K, committed 35416K, reserved 1081344K
  class space    used 3965K, capacity 4060K, committed 4096K, reserved 1048576K
Event: 5.165 GC heap after
Heap after GC invocations=4 (full 2):
 PSYoungGen      total 611840K, used 0K [0x00000000d5580000, 0x0000000100000000, 0x0000000100000000)
  eden space 524800K, 0% used [0x00000000d5580000,0x00000000d5580000,0x00000000f5600000)
  from space 87040K, 0% used [0x00000000fab00000,0x00000000fab00000,0x0000000100000000)
  to   space 87040K, 0% used [0x00000000f5600000,0x00000000f5600000,0x00000000fab00000)
 ParOldGen       total 1398272K, used 23528K [0x0000000080000000, 0x00000000d5580000, 0x00000000d5580000)
  object space 1398272K, 1% used [0x0000000080000000,0x00000000816fa3f0,0x00000000d5580000)
 Metaspace       used 34681K, capacity 35028K, committed 35416K, reserved 1081344K
  class space    used 3965K, capacity 4060K, committed 4096K, reserved 1048576K
}
Event: 11.754 GC heap before
{Heap before GC invocations=5 (full 2):
 PSYoungGen      total 611840K, used 524800K [0x00000000d5580000, 0x0000000100000000, 0x0000000100000000)
  eden space 524800K, 100% used [0x00000000d5580000,0x00000000f5600000,0x00000000f5600000)
  from space 87040K, 0% used [0x00000000fab00000,0x00000000fab00000,0x0000000100000000)
  to   space 87040K, 0% used [0x00000000f5600000,0x00000000f5600000,0x00000000fab00000)
 ParOldGen       total 1398272K, used 23528K [0x0000000080000000, 0x00000000d5580000, 0x00000000d5580000)
  object space 1398272K, 1% used [0x0000000080000000,0x00000000816fa3f0,0x00000000d5580000)
 Metaspace       used 53188K, capacity 54600K, committed 54656K, reserved 1097728K
  class space    used 6250K, capacity 6504K, committed 6528K, reserved 1048576K
Event: 11.831 GC heap after
Heap after GC invocations=5 (full 2):
 PSYoungGen      total 611840K, used 25690K [0x00000000d5580000, 0x0000000100000000, 0x0000000100000000)
  eden space 524800K, 0% used [0x00000000d5580000,0x00000000d5580000,0x00000000f5600000)
  from space 87040K, 29% used [0x00000000f5600000,0x00000000f6f16a40,0x00000000fab00000)
  to   space 87040K, 0% used [0x00000000fab00000,0x00000000fab00000,0x0000000100000000)
 ParOldGen       total 1398272K, used 23536K [0x0000000080000000, 0x00000000d5580000, 0x00000000d5580000)
  object space 1398272K, 1% used [0x0000000080000000,0x00000000816fc3f0,0x00000000d5580000)
 Metaspace       used 53188K, capacity 54600K, committed 54656K, reserved 1097728K
  class space    used 6250K, capacity 6504K, committed 6528K, reserved 1048576K
}
Event: 12.474 GC heap before
{Heap before GC invocations=6 (full 2):
 PSYoungGen      total 611840K, used 174609K [0x00000000d5580000, 0x0000000100000000, 0x0000000100000000)
  eden space 524800K, 28% used [0x00000000d5580000,0x00000000de6edda8,0x00000000f5600000)
  from space 87040K, 29% used [0x00000000f5600000,0x00000000f6f16a40,0x00000000fab00000)
  to   space 87040K, 0% used [0x00000000fab00000,0x00000000fab00000,0x0000000100000000)
 ParOldGen       total 1398272K, used 23536K [0x0000000080000000, 0x00000000d5580000, 0x00000000d5580000)
  object space 1398272K, 1% used [0x0000000080000000,0x00000000816fc3f0,0x00000000d5580000)
 Metaspace       used 57403K, capacity 58788K, committed 59028K, reserved 1101824K
  class space    used 6661K, capacity 6934K, committed 7040K, reserved 1048576K
Event: 12.501 GC heap after
Heap after GC invocations=6 (full 2):
 PSYoungGen      total 611840K, used 16750K [0x00000000d5580000, 0x0000000100000000, 0x0000000100000000)
  eden space 524800K, 0% used [0x00000000d5580000,0x00000000d5580000,0x00000000f5600000)
  from space 87040K, 19% used [0x00000000fab00000,0x00000000fbb5bbc8,0x0000000100000000)
  to   space 87040K, 0% used [0x00000000f5600000,0x00000000f5600000,0x00000000fab00000)
 ParOldGen       total 1398272K, used 23544K [0x0000000080000000, 0x00000000d5580000, 0x00000000d5580000)
  object space 1398272K, 1% used [0x0000000080000000,0x00000000816fe3f0,0x00000000d5580000)
 Metaspace       used 57403K, capacity 58788K, committed 59028K, reserved 1101824K
  class space    used 6661K, capacity 6934K, committed 7040K, reserved 1048576K
}
Event: 12.501 GC heap before
{Heap before GC invocations=7 (full 3):
 PSYoungGen      total 611840K, used 16750K [0x00000000d5580000, 0x0000000100000000, 0x0000000100000000)
  eden space 524800K, 0% used [0x00000000d5580000,0x00000000d5580000,0x00000000f5600000)
  from space 87040K, 19% used [0x00000000fab00000,0x00000000fbb5bbc8,0x0000000100000000)
  to   space 87040K, 0% used [0x00000000f5600000,0x00000000f5600000,0x00000000fab00000)
 ParOldGen       total 1398272K, used 23544K [0x0000000080000000, 0x00000000d5580000, 0x00000000d5580000)
  object space 1398272K, 1% used [0x0000000080000000,0x00000000816fe3f0,0x00000000d5580000)
 Metaspace       used 57403K, capacity 58788K, committed 59028K, reserved 1101824K
  class space    used 6661K, capacity 6934K, committed 7040K, reserved 1048576K
Event: 12.735 GC heap after
Heap after GC invocations=7 (full 3):
 PSYoungGen      total 611840K, used 0K [0x00000000d5580000, 0x0000000100000000, 0x0000000100000000)
  eden space 524800K, 0% used [0x00000000d5580000,0x00000000d5580000,0x00000000f5600000)
  from space 87040K, 0% used [0x00000000fab00000,0x00000000fab00000,0x0000000100000000)
  to   space 87040K, 0% used [0x00000000f5600000,0x00000000f5600000,0x00000000fab00000)
 ParOldGen       total 1398272K, used 28482K [0x0000000080000000, 0x00000000d5580000, 0x00000000d5580000)
  object space 1398272K, 2% used [0x0000000080000000,0x0000000081bd0850,0x00000000d5580000)
 Metaspace       used 57370K, capacity 58704K, committed 59028K, reserved 1101824K
  class space    used 6650K, capacity 6914K, committed 7040K, reserved 1048576K
}

