# JRE version: OpenJDK Runtime Environment (8.0_212-b04) (build 1.8.0_212-b04)
# Java VM: OpenJDK 64-Bit Server VM (25.212-b04 mixed mode linux-amd64 compressed oops)
Heap:
 PSYoungGen      total 477184K, used 131144K [0x00000000d5580000, 0x0000000100000000, 0x0000000100000000)
  eden space 381440K, 9% used [0x00000000d5580000,0x00000000d7888098,0x00000000eca00000)
  from space 95744K, 99% used [0x00000000eca00000,0x00000000f270a340,0x00000000f2780000)
  to   space 160768K, 0% used [0x00000000f6300000,0x00000000f6300000,0x0000000100000000)
 ParOldGen       total 1398272K, used 112850K [0x0000000080000000, 0x00000000d5580000, 0x00000000d5580000)
  object space 1398272K, 8% used [0x0000000080000000,0x0000000086e34a00,0x00000000d5580000)
 Metaspace       used 67349K, capacity 70614K, committed 70656K, reserved 1112064K
  class space    used 7576K, capacity 8167K, committed 8192K, reserved 1048576K
GC Heap History (10 events):
Event: 11.349 GC heap before
{Heap before GC invocations=6 (full 3):
 PSYoungGen      total 611840K, used 30998K [0x00000000d5580000, 0x0000000100000000, 0x0000000100000000)
  eden space 524800K, 0% used [0x00000000d5580000,0x00000000d5580000,0x00000000f5600000)
  from space 87040K, 35% used [0x00000000f5600000,0x00000000f7445a78,0x00000000fab00000)
  to   space 87040K, 0% used [0x00000000fab00000,0x00000000fab00000,0x0000000100000000)
 ParOldGen       total 1398272K, used 23571K [0x0000000080000000, 0x00000000d5580000, 0x00000000d5580000)
  object space 1398272K, 1% used [0x0000000080000000,0x0000000081704d98,0x00000000d5580000)
 Metaspace       used 57455K, capacity 58868K, committed 59008K, reserved 1101824K
  class space    used 6655K, capacity 6938K, committed 7040K, reserved 1048576K
Event: 11.642 GC heap after
Heap after GC invocations=6 (full 3):
 PSYoungGen      total 611840K, used 0K [0x00000000d5580000, 0x0000000100000000, 0x0000000100000000)
  eden space 524800K, 0% used [0x00000000d5580000,0x00000000d5580000,0x00000000f5600000)
  from space 87040K, 0% used [0x00000000f5600000,0x00000000f5600000,0x00000000fab00000)
  to   space 87040K, 0% used [0x00000000fab00000,0x00000000fab00000,0x0000000100000000)
 ParOldGen       total 1398272K, used 41362K [0x0000000080000000, 0x00000000d5580000, 0x00000000d5580000)
  object space 1398272K, 2% used [0x0000000080000000,0x00000000828649d0,0x00000000d5580000)
 Metaspace       used 57418K, capacity 58770K, committed 59008K, reserved 1101824K
  class space    used 6642K, capacity 6915K, committed 7040K, reserved 1048576K
}
Event: 27.128 GC heap before
{Heap before GC invocations=7 (full 3):
 PSYoungGen      total 611840K, used 503164K [0x00000000d5580000, 0x0000000100000000, 0x0000000100000000)
  eden space 524800K, 95% used [0x00000000d5580000,0x00000000f40df1a8,0x00000000f5600000)
  from space 87040K, 0% used [0x00000000f5600000,0x00000000f5600000,0x00000000fab00000)
  to   space 87040K, 0% used [0x00000000fab00000,0x00000000fab00000,0x0000000100000000)
 ParOldGen       total 1398272K, used 41362K [0x0000000080000000, 0x00000000d5580000, 0x00000000d5580000)
  object space 1398272K, 2% used [0x0000000080000000,0x00000000828649d0,0x00000000d5580000)
 Metaspace       used 65612K, capacity 68532K, committed 68736K, reserved 1110016K
  class space    used 7500K, capacity 8022K, committed 8064K, reserved 1048576K
Event: 27.246 GC heap after
Heap after GC invocations=7 (full 3):
 PSYoungGen      total 611840K, used 80604K [0x00000000d5580000, 0x0000000100000000, 0x0000000100000000)
  eden space 524800K, 0% used [0x00000000d5580000,0x00000000d5580000,0x00000000f5600000)
  from space 87040K, 92% used [0x00000000fab00000,0x00000000ff9b72d0,0x0000000100000000)
  to   space 87040K, 0% used [0x00000000f5600000,0x00000000f5600000,0x00000000fab00000)
 ParOldGen       total 1398272K, used 41362K [0x0000000080000000, 0x00000000d5580000, 0x00000000d5580000)
  object space 1398272K, 2% used [0x0000000080000000,0x00000000828649d0,0x00000000d5580000)
 Metaspace       used 65612K, capacity 68532K, committed 68736K, reserved 1110016K
  class space    used 7500K, capacity 8022K, committed 8064K, reserved 1048576K
}
Event: 32.722 GC heap before
{Heap before GC invocations=8 (full 3):
 PSYoungGen      total 611840K, used 604406K [0x00000000d5580000, 0x0000000100000000, 0x0000000100000000)
  eden space 524800K, 99% used [0x00000000d5580000,0x00000000f5506850,0x00000000f5600000)
  from space 87040K, 92% used [0x00000000fab00000,0x00000000ff9b72d0,0x0000000100000000)
  to   space 87040K, 0% used [0x00000000f5600000,0x00000000f5600000,0x00000000fab00000)
 ParOldGen       total 1398272K, used 41362K [0x0000000080000000, 0x00000000d5580000, 0x00000000d5580000)
  object space 1398272K, 2% used [0x0000000080000000,0x00000000828649d0,0x00000000d5580000)
 Metaspace       used 66601K, capacity 69764K, committed 69888K, reserved 1112064K
  class space    used 7553K, capacity 8102K, committed 8192K, reserved 1048576K
Event: 32.841 GC heap after
Heap after GC invocations=8 (full 3):
 PSYoungGen      total 611840K, used 87014K [0x00000000d5580000, 0x0000000100000000, 0x0000000100000000)
  eden space 524800K, 0% used [0x00000000d5580000,0x00000000d5580000,0x00000000f5600000)
  from space 87040K, 99% used [0x00000000f5600000,0x00000000faaf9af8,0x00000000fab00000)
  to   space 87040K, 0% used [0x00000000fab00000,0x00000000fab00000,0x0000000100000000)
 ParOldGen       total 1398272K, used 43186K [0x0000000080000000, 0x00000000d5580000, 0x00000000d5580000)
  object space 1398272K, 3% used [0x0000000080000000,0x0000000082a2c9d0,0x00000000d5580000)
 Metaspace       used 66601K, capacity 69764K, committed 69888K, reserved 1112064K
  class space    used 7553K, capacity 8102K, committed 8192K, reserved 1048576K
}
Event: 35.891 GC heap before
{Heap before GC invocations=9 (full 3):
 PSYoungGen      total 611840K, used 604822K [0x00000000d5580000, 0x0000000100000000, 0x0000000100000000)
  eden space 524800K, 98% used [0x00000000d5580000,0x00000000f4f2bd98,0x00000000f5600000)
  from space 87040K, 99% used [0x00000000f5600000,0x00000000faaf9af8,0x00000000fab00000)
  to   space 87040K, 0% used [0x00000000fab00000,0x00000000fab00000,0x0000000100000000)
 ParOldGen       total 1398272K, used 43186K [0x0000000080000000, 0x00000000d5580000, 0x00000000d5580000)
  object space 1398272K, 3% used [0x0000000080000000,0x0000000082a2c9d0,0x00000000d5580000)
 Metaspace       used 67112K, capacity 70328K, committed 70400K, reserved 1112064K
  class space    used 7575K, capacity 8166K, committed 8192K, reserved 1048576K
Event: 35.999 GC heap after
Heap after GC invocations=9 (full 3):
 PSYoungGen      total 468480K, used 87016K [0x00000000d5580000, 0x0000000100000000, 0x0000000100000000)
  eden space 381440K, 0% used [0x00000000d5580000,0x00000000d5580000,0x00000000eca00000)
  from space 87040K, 99% used [0x00000000fab00000,0x00000000ffffa1d0,0x0000000100000000)
  to   space 158720K, 0% used [0x00000000eca00000,0x00000000eca00000,0x00000000f6500000)
 ParOldGen       total 1398272K, used 112850K [0x0000000080000000, 0x00000000d5580000, 0x00000000d5580000)
  object space 1398272K, 8% used [0x0000000080000000,0x0000000086e34a00,0x00000000d5580000)
 Metaspace       used 67112K, capacity 70328K, committed 70400K, reserved 1112064K
  class space    used 7575K, capacity 8166K, committed 8192K, reserved 1048576K
}
Event: 36.726 GC heap before
{Heap before GC invocations=10 (full 3):
 PSYoungGen      total 468480K, used 468456K [0x00000000d5580000, 0x0000000100000000, 0x0000000100000000)
  eden space 381440K, 100% used [0x00000000d5580000,0x00000000eca00000,0x00000000eca00000)
  from space 87040K, 99% used [0x00000000fab00000,0x00000000ffffa1d0,0x0000000100000000)
  to   space 158720K, 0% used [0x00000000eca00000,0x00000000eca00000,0x00000000f6500000)
 ParOldGen       total 1398272K, used 112850K [0x0000000080000000, 0x00000000d5580000, 0x00000000d5580000)
  object space 1398272K, 8% used [0x0000000080000000,0x0000000086e34a00,0x00000000d5580000)
 Metaspace       used 67325K, capacity 70602K, committed 70656K, reserved 1112064K
  class space    used 7576K, capacity 8167K, committed 8192K, reserved 1048576K
Event: 36.766 GC heap after
Heap after GC invocations=10 (full 3):
 PSYoungGen      total 477184K, used 95272K [0x00000000d5580000, 0x0000000100000000, 0x0000000100000000)
  eden space 381440K, 0% used [0x00000000d5580000,0x00000000d5580000,0x00000000eca00000)
  from space 95744K, 99% used [0x00000000eca00000,0x00000000f270a340,0x00000000f2780000)
  to   space 160768K, 0% used [0x00000000f6300000,0x00000000f6300000,0x0000000100000000)
 ParOldGen       total 1398272K, used 112850K [0x0000000080000000, 0x00000000d5580000, 0x00000000d5580000)
  object space 1398272K, 8% used [0x0000000080000000,0x0000000086e34a00,0x00000000d5580000)
 Metaspace       used 67325K, capacity 70602K, committed 70656K, reserved 1112064K
  class space    used 7576K, capacity 8167K, committed 8192K, reserved 1048576K
}

