# JRE version: OpenJDK Runtime Environment (8.0_212-b04) (build 1.8.0_212-b04)
# Java VM: OpenJDK 64-Bit Server VM (25.212-b04 mixed mode linux-amd64 compressed oops)
Heap:
 PSYoungGen      total 609792K, used 173215K [0x00000000d5580000, 0x00000000ff900000, 0x0000000100000000)
  eden space 529920K, 24% used [0x00000000d5580000,0x00000000dd354c20,0x00000000f5b00000)
  from space 79872K, 55% used [0x00000000fab00000,0x00000000fd653098,0x00000000ff900000)
  to   space 80896K, 0% used [0x00000000f5b00000,0x00000000f5b00000,0x00000000faa00000)
 ParOldGen       total 1398272K, used 52048K [0x0000000080000000, 0x00000000d5580000, 0x00000000d5580000)
  object space 1398272K, 3% used [0x0000000080000000,0x00000000832d4160,0x00000000d5580000)
 Metaspace       used 68658K, capacity 71596K, committed 71808K, reserved 1112064K
  class space    used 7655K, capacity 8194K, committed 8320K, reserved 1048576K
GC Heap History (10 events):
Event: 11.063 GC heap before
{Heap before GC invocations=5 (full 2):
 PSYoungGen      total 611840K, used 524800K [0x00000000d5580000, 0x0000000100000000, 0x0000000100000000)
  eden space 524800K, 100% used [0x00000000d5580000,0x00000000f5600000,0x00000000f5600000)
  from space 87040K, 0% used [0x00000000fab00000,0x00000000fab00000,0x0000000100000000)
  to   space 87040K, 0% used [0x00000000f5600000,0x00000000f5600000,0x00000000fab00000)
 ParOldGen       total 1398272K, used 23543K [0x0000000080000000, 0x00000000d5580000, 0x00000000d5580000)
  object space 1398272K, 1% used [0x0000000080000000,0x00000000816fdd60,0x00000000d5580000)
 Metaspace       used 51320K, capacity 52802K, committed 52992K, reserved 1095680K
  class space    used 6048K, capacity 6325K, committed 6400K, reserved 1048576K
Event: 11.121 GC heap after
Heap after GC invocations=5 (full 2):
 PSYoungGen      total 611840K, used 24722K [0x00000000d5580000, 0x0000000100000000, 0x0000000100000000)
  eden space 524800K, 0% used [0x00000000d5580000,0x00000000d5580000,0x00000000f5600000)
  from space 87040K, 28% used [0x00000000f5600000,0x00000000f6e24908,0x00000000fab00000)
  to   space 87040K, 0% used [0x00000000fab00000,0x00000000fab00000,0x0000000100000000)
 ParOldGen       total 1398272K, used 23551K [0x0000000080000000, 0x00000000d5580000, 0x00000000d5580000)
  object space 1398272K, 1% used [0x0000000080000000,0x00000000816ffd60,0x00000000d5580000)
 Metaspace       used 51320K, capacity 52802K, committed 52992K, reserved 1095680K
  class space    used 6048K, capacity 6325K, committed 6400K, reserved 1048576K
}
Event: 12.395 GC heap before
{Heap before GC invocations=6 (full 2):
 PSYoungGen      total 611840K, used 168690K [0x00000000d5580000, 0x0000000100000000, 0x0000000100000000)
  eden space 524800K, 27% used [0x00000000d5580000,0x00000000de217f40,0x00000000f5600000)
  from space 87040K, 28% used [0x00000000f5600000,0x00000000f6e24908,0x00000000fab00000)
  to   space 87040K, 0% used [0x00000000fab00000,0x00000000fab00000,0x0000000100000000)
 ParOldGen       total 1398272K, used 23551K [0x0000000080000000, 0x00000000d5580000, 0x00000000d5580000)
  object space 1398272K, 1% used [0x0000000080000000,0x00000000816ffd60,0x00000000d5580000)
 Metaspace       used 57206K, capacity 58894K, committed 59008K, reserved 1101824K
  class space    used 6624K, capacity 6967K, committed 7040K, reserved 1048576K
Event: 12.439 GC heap after
Heap after GC invocations=6 (full 2):
 PSYoungGen      total 611840K, used 21400K [0x00000000d5580000, 0x0000000100000000, 0x0000000100000000)
  eden space 524800K, 0% used [0x00000000d5580000,0x00000000d5580000,0x00000000f5600000)
  from space 87040K, 24% used [0x00000000fab00000,0x00000000fbfe6240,0x0000000100000000)
  to   space 87040K, 0% used [0x00000000f5600000,0x00000000f5600000,0x00000000fab00000)
 ParOldGen       total 1398272K, used 23559K [0x0000000080000000, 0x00000000d5580000, 0x00000000d5580000)
  object space 1398272K, 1% used [0x0000000080000000,0x0000000081701d60,0x00000000d5580000)
 Metaspace       used 57206K, capacity 58894K, committed 59008K, reserved 1101824K
  class space    used 6624K, capacity 6967K, committed 7040K, reserved 1048576K
}
Event: 12.439 GC heap before
{Heap before GC invocations=7 (full 3):
 PSYoungGen      total 611840K, used 21400K [0x00000000d5580000, 0x0000000100000000, 0x0000000100000000)
  eden space 524800K, 0% used [0x00000000d5580000,0x00000000d5580000,0x00000000f5600000)
  from space 87040K, 24% used [0x00000000fab00000,0x00000000fbfe6240,0x0000000100000000)
  to   space 87040K, 0% used [0x00000000f5600000,0x00000000f5600000,0x00000000fab00000)
 ParOldGen       total 1398272K, used 23559K [0x0000000080000000, 0x00000000d5580000, 0x00000000d5580000)
  object space 1398272K, 1% used [0x0000000080000000,0x0000000081701d60,0x00000000d5580000)
 Metaspace       used 57206K, capacity 58894K, committed 59008K, reserved 1101824K
  class space    used 6624K, capacity 6967K, committed 7040K, reserved 1048576K
Event: 12.720 GC heap after
Heap after GC invocations=7 (full 3):
 PSYoungGen      total 611840K, used 0K [0x00000000d5580000, 0x0000000100000000, 0x0000000100000000)
  eden space 524800K, 0% used [0x00000000d5580000,0x00000000d5580000,0x00000000f5600000)
  from space 87040K, 0% used [0x00000000fab00000,0x00000000fab00000,0x0000000100000000)
  to   space 87040K, 0% used [0x00000000f5600000,0x00000000f5600000,0x00000000fab00000)
 ParOldGen       total 1398272K, used 32948K [0x0000000080000000, 0x00000000d5580000, 0x00000000d5580000)
  object space 1398272K, 2% used [0x0000000080000000,0x000000008202d080,0x00000000d5580000)
 Metaspace       used 57122K, capacity 58670K, committed 59008K, reserved 1101824K
  class space    used 6594K, capacity 6915K, committed 7040K, reserved 1048576K
}
Event: 52.069 GC heap before
{Heap before GC invocations=8 (full 3):
 PSYoungGen      total 611840K, used 524800K [0x00000000d5580000, 0x0000000100000000, 0x0000000100000000)
  eden space 524800K, 100% used [0x00000000d5580000,0x00000000f5600000,0x00000000f5600000)
  from space 87040K, 0% used [0x00000000fab00000,0x00000000fab00000,0x0000000100000000)
  to   space 87040K, 0% used [0x00000000f5600000,0x00000000f5600000,0x00000000fab00000)
 ParOldGen       total 1398272K, used 32948K [0x0000000080000000, 0x00000000d5580000, 0x00000000d5580000)
  object space 1398272K, 2% used [0x0000000080000000,0x000000008202d080,0x00000000d5580000)
 Metaspace       used 65851K, capacity 68544K, committed 68736K, reserved 1110016K
  class space    used 7469K, capacity 7966K, committed 8064K, reserved 1048576K
Event: 52.301 GC heap after
Heap after GC invocations=8 (full 3):
 PSYoungGen      total 611840K, used 87034K [0x00000000d5580000, 0x00000000ffb00000, 0x0000000100000000)
  eden space 524800K, 0% used [0x00000000d5580000,0x00000000d5580000,0x00000000f5600000)
  from space 87040K, 99% used [0x00000000f5600000,0x00000000faafea20,0x00000000fab00000)
  to   space 81920K, 0% used [0x00000000fab00000,0x00000000fab00000,0x00000000ffb00000)
 ParOldGen       total 1398272K, used 52040K [0x0000000080000000, 0x00000000d5580000, 0x00000000d5580000)
  object space 1398272K, 3% used [0x0000000080000000,0x00000000832d2160,0x00000000d5580000)
 Metaspace       used 65851K, capacity 68544K, committed 68736K, reserved 1110016K
  class space    used 7469K, capacity 7966K, committed 8064K, reserved 1048576K
}
Event: 79.251 GC heap before
{Heap before GC invocations=9 (full 3):
 PSYoungGen      total 611840K, used 611834K [0x00000000d5580000, 0x00000000ffb00000, 0x0000000100000000)
  eden space 524800K, 100% used [0x00000000d5580000,0x00000000f5600000,0x00000000f5600000)
  from space 87040K, 99% used [0x00000000f5600000,0x00000000faafea20,0x00000000fab00000)
  to   space 81920K, 0% used [0x00000000fab00000,0x00000000fab00000,0x00000000ffb00000)
 ParOldGen       total 1398272K, used 52040K [0x0000000080000000, 0x00000000d5580000, 0x00000000d5580000)
  object space 1398272K, 3% used [0x0000000080000000,0x00000000832d2160,0x00000000d5580000)
 Metaspace       used 67702K, capacity 70600K, committed 70912K, reserved 1112064K
  class space    used 7580K, capacity 8104K, committed 8192K, reserved 1048576K
Event: 79.373 GC heap after
Heap after GC invocations=9 (full 3):
 PSYoungGen      total 609792K, used 44364K [0x00000000d5580000, 0x00000000ff900000, 0x0000000100000000)
  eden space 529920K, 0% used [0x00000000d5580000,0x00000000d5580000,0x00000000f5b00000)
  from space 79872K, 55% used [0x00000000fab00000,0x00000000fd653098,0x00000000ff900000)
  to   space 80896K, 0% used [0x00000000f5b00000,0x00000000f5b00000,0x00000000faa00000)
 ParOldGen       total 1398272K, used 52048K [0x0000000080000000, 0x00000000d5580000, 0x00000000d5580000)
  object space 1398272K, 3% used [0x0000000080000000,0x00000000832d4160,0x00000000d5580000)
 Metaspace       used 67702K, capacity 70600K, committed 70912K, reserved 1112064K
  class space    used 7580K, capacity 8104K, committed 8192K, reserved 1048576K
}

