# JRE version: OpenJDK Runtime Environment (8.0_212-b04) (build 1.8.0_212-b04)
# Java VM: OpenJDK 64-Bit Server VM (25.212-b04 mixed mode linux-amd64 compressed oops)
Heap:
 PSYoungGen      total 584192K, used 285174K [0x00000000d5580000, 0x0000000100000000, 0x0000000100000000)
  eden space 537600K, 45% used [0x00000000d5580000,0x00000000e468b720,0x00000000f6280000)
  from space 46592K, 82% used [0x00000000f9c80000,0x00000000fc1f21b0,0x00000000fca00000)
  to   space 59392K, 0% used [0x00000000f6280000,0x00000000f6280000,0x00000000f9c80000)
 ParOldGen       total 1398272K, used 32302K [0x0000000080000000, 0x00000000d5580000, 0x00000000d5580000)
  object space 1398272K, 2% used [0x0000000080000000,0x0000000081f8b858,0x00000000d5580000)
 Metaspace       used 81681K, capacity 85338K, committed 85504K, reserved 1124352K
  class space    used 9242K, capacity 9891K, committed 9984K, reserved 1048576K
GC Heap History (10 events):
Event: 7.205 GC heap before
{Heap before GC invocations=5 (full 2):
 PSYoungGen      total 611840K, used 524800K [0x00000000d5580000, 0x0000000100000000, 0x0000000100000000)
  eden space 524800K, 100% used [0x00000000d5580000,0x00000000f5600000,0x00000000f5600000)
  from space 87040K, 0% used [0x00000000fab00000,0x00000000fab00000,0x0000000100000000)
  to   space 87040K, 0% used [0x00000000f5600000,0x00000000f5600000,0x00000000fab00000)
 ParOldGen       total 1398272K, used 24291K [0x0000000080000000, 0x00000000d5580000, 0x00000000d5580000)
  object space 1398272K, 1% used [0x0000000080000000,0x00000000817b8e18,0x00000000d5580000)
 Metaspace       used 49469K, capacity 50272K, committed 50688K, reserved 1093632K
  class space    used 5883K, capacity 6084K, committed 6144K, reserved 1048576K
Event: 7.241 GC heap after
Heap after GC invocations=5 (full 2):
 PSYoungGen      total 611840K, used 21771K [0x00000000d5580000, 0x0000000100000000, 0x0000000100000000)
  eden space 524800K, 0% used [0x00000000d5580000,0x00000000d5580000,0x00000000f5600000)
  from space 87040K, 25% used [0x00000000f5600000,0x00000000f6b42f88,0x00000000fab00000)
  to   space 87040K, 0% used [0x00000000fab00000,0x00000000fab00000,0x0000000100000000)
 ParOldGen       total 1398272K, used 24299K [0x0000000080000000, 0x00000000d5580000, 0x00000000d5580000)
  object space 1398272K, 1% used [0x0000000080000000,0x00000000817bae18,0x00000000d5580000)
 Metaspace       used 49469K, capacity 50272K, committed 50688K, reserved 1093632K
  class space    used 5883K, capacity 6084K, committed 6144K, reserved 1048576K
}
Event: 11.268 GC heap before
{Heap before GC invocations=6 (full 2):
 PSYoungGen      total 611840K, used 322221K [0x00000000d5580000, 0x0000000100000000, 0x0000000100000000)
  eden space 524800K, 57% used [0x00000000d5580000,0x00000000e7ae8818,0x00000000f5600000)
  from space 87040K, 25% used [0x00000000f5600000,0x00000000f6b42f88,0x00000000fab00000)
  to   space 87040K, 0% used [0x00000000fab00000,0x00000000fab00000,0x0000000100000000)
 ParOldGen       total 1398272K, used 24299K [0x0000000080000000, 0x00000000d5580000, 0x00000000d5580000)
  object space 1398272K, 1% used [0x0000000080000000,0x00000000817bae18,0x00000000d5580000)
 Metaspace       used 57782K, capacity 58960K, committed 59028K, reserved 1101824K
  class space    used 6944K, capacity 7160K, committed 7168K, reserved 1048576K
Event: 11.306 GC heap after
Heap after GC invocations=6 (full 2):
 PSYoungGen      total 611840K, used 19771K [0x00000000d5580000, 0x0000000100000000, 0x0000000100000000)
  eden space 524800K, 0% used [0x00000000d5580000,0x00000000d5580000,0x00000000f5600000)
  from space 87040K, 22% used [0x00000000fab00000,0x00000000fbe4ee50,0x0000000100000000)
  to   space 87040K, 0% used [0x00000000f5600000,0x00000000f5600000,0x00000000fab00000)
 ParOldGen       total 1398272K, used 24307K [0x0000000080000000, 0x00000000d5580000, 0x00000000d5580000)
  object space 1398272K, 1% used [0x0000000080000000,0x00000000817bce18,0x00000000d5580000)
 Metaspace       used 57782K, capacity 58960K, committed 59028K, reserved 1101824K
  class space    used 6944K, capacity 7160K, committed 7168K, reserved 1048576K
}
Event: 11.306 GC heap before
{Heap before GC invocations=7 (full 3):
 PSYoungGen      total 611840K, used 19771K [0x00000000d5580000, 0x0000000100000000, 0x0000000100000000)
  eden space 524800K, 0% used [0x00000000d5580000,0x00000000d5580000,0x00000000f5600000)
  from space 87040K, 22% used [0x00000000fab00000,0x00000000fbe4ee50,0x0000000100000000)
  to   space 87040K, 0% used [0x00000000f5600000,0x00000000f5600000,0x00000000fab00000)
 ParOldGen       total 1398272K, used 24307K [0x0000000080000000, 0x00000000d5580000, 0x00000000d5580000)
  object space 1398272K, 1% used [0x0000000080000000,0x00000000817bce18,0x00000000d5580000)
 Metaspace       used 57782K, capacity 58960K, committed 59028K, reserved 1101824K
  class space    used 6944K, capacity 7160K, committed 7168K, reserved 1048576K
Event: 11.537 GC heap after
Heap after GC invocations=7 (full 3):
 PSYoungGen      total 611840K, used 0K [0x00000000d5580000, 0x0000000100000000, 0x0000000100000000)
  eden space 524800K, 0% used [0x00000000d5580000,0x00000000d5580000,0x00000000f5600000)
  from space 87040K, 0% used [0x00000000fab00000,0x00000000fab00000,0x0000000100000000)
  to   space 87040K, 0% used [0x00000000f5600000,0x00000000f5600000,0x00000000fab00000)
 ParOldGen       total 1398272K, used 32265K [0x0000000080000000, 0x00000000d5580000, 0x00000000d5580000)
  object space 1398272K, 2% used [0x0000000080000000,0x0000000081f82728,0x00000000d5580000)
 Metaspace       used 57726K, capacity 58818K, committed 59028K, reserved 1101824K
  class space    used 6924K, capacity 7125K, committed 7168K, reserved 1048576K
}
Event: 29.360 GC heap before
{Heap before GC invocations=8 (full 3):
 PSYoungGen      total 611840K, used 524800K [0x00000000d5580000, 0x0000000100000000, 0x0000000100000000)
  eden space 524800K, 100% used [0x00000000d5580000,0x00000000f5600000,0x00000000f5600000)
  from space 87040K, 0% used [0x00000000fab00000,0x00000000fab00000,0x0000000100000000)
  to   space 87040K, 0% used [0x00000000f5600000,0x00000000f5600000,0x00000000fab00000)
 ParOldGen       total 1398272K, used 32265K [0x0000000080000000, 0x00000000d5580000, 0x00000000d5580000)
  object space 1398272K, 2% used [0x0000000080000000,0x0000000081f82728,0x00000000d5580000)
 Metaspace       used 76399K, capacity 79070K, committed 79360K, reserved 1120256K
  class space    used 8889K, capacity 9393K, committed 9472K, reserved 1048576K
Event: 29.457 GC heap after
Heap after GC invocations=8 (full 3):
 PSYoungGen      total 596992K, used 71900K [0x00000000d5580000, 0x00000000fca00000, 0x0000000100000000)
  eden space 524800K, 0% used [0x00000000d5580000,0x00000000d5580000,0x00000000f5600000)
  from space 72192K, 99% used [0x00000000f5600000,0x00000000f9c37398,0x00000000f9c80000)
  to   space 46592K, 0% used [0x00000000f9c80000,0x00000000f9c80000,0x00000000fca00000)
 ParOldGen       total 1398272K, used 32273K [0x0000000080000000, 0x00000000d5580000, 0x00000000d5580000)
  object space 1398272K, 2% used [0x0000000080000000,0x0000000081f84728,0x00000000d5580000)
 Metaspace       used 76399K, capacity 79070K, committed 79360K, reserved 1120256K
  class space    used 8889K, capacity 9393K, committed 9472K, reserved 1048576K
}
Event: 33.993 GC heap before
{Heap before GC invocations=9 (full 3):
 PSYoungGen      total 596992K, used 595794K [0x00000000d5580000, 0x00000000fca00000, 0x0000000100000000)
  eden space 524800K, 99% used [0x00000000d5580000,0x00000000f551d848,0x00000000f5600000)
  from space 72192K, 99% used [0x00000000f5600000,0x00000000f9c37398,0x00000000f9c80000)
  to   space 46592K, 0% used [0x00000000f9c80000,0x00000000f9c80000,0x00000000fca00000)
 ParOldGen       total 1398272K, used 32273K [0x0000000080000000, 0x00000000d5580000, 0x00000000d5580000)
  object space 1398272K, 2% used [0x0000000080000000,0x0000000081f84728,0x00000000d5580000)
 Metaspace       used 80927K, capacity 84462K, committed 84608K, reserved 1124352K
  class space    used 9198K, capacity 9817K, committed 9856K, reserved 1048576K
Event: 34.047 GC heap after
Heap after GC invocations=9 (full 3):
 PSYoungGen      total 584192K, used 38344K [0x00000000d5580000, 0x0000000100000000, 0x0000000100000000)
  eden space 537600K, 0% used [0x00000000d5580000,0x00000000d5580000,0x00000000f6280000)
  from space 46592K, 82% used [0x00000000f9c80000,0x00000000fc1f21b0,0x00000000fca00000)
  to   space 59392K, 0% used [0x00000000f6280000,0x00000000f6280000,0x00000000f9c80000)
 ParOldGen       total 1398272K, used 32302K [0x0000000080000000, 0x00000000d5580000, 0x00000000d5580000)
  object space 1398272K, 2% used [0x0000000080000000,0x0000000081f8b858,0x00000000d5580000)
 Metaspace       used 80927K, capacity 84462K, committed 84608K, reserved 1124352K
  class space    used 9198K, capacity 9817K, committed 9856K, reserved 1048576K
}

