# JRE version: OpenJDK Runtime Environment (8.0_212-b04) (build 1.8.0_212-b04)
# Java VM: OpenJDK 64-Bit Server VM (25.212-b04 mixed mode linux-amd64 compressed oops)
Heap:
 PSYoungGen      total 611840K, used 285347K [0x00000000d5580000, 0x0000000100000000, 0x0000000100000000)
  eden space 524800K, 54% used [0x00000000d5580000,0x00000000e6c28dd0,0x00000000f5600000)
  from space 87040K, 0% used [0x00000000fab00000,0x00000000fab00000,0x0000000100000000)
  to   space 87040K, 0% used [0x00000000f5600000,0x00000000f5600000,0x00000000fab00000)
 ParOldGen       total 1398272K, used 28866K [0x0000000080000000, 0x00000000d5580000, 0x00000000d5580000)
  object space 1398272K, 2% used [0x0000000080000000,0x0000000081c30b58,0x00000000d5580000)
 Metaspace       used 64991K, capacity 67638K, committed 67712K, reserved 1110016K
  class space    used 7509K, capacity 7993K, committed 8064K, reserved 1048576K
GC Heap History (10 events):
Event: 4.455 GC heap before
{Heap before GC invocations=3 (full 1):
 PSYoungGen      total 611840K, used 457868K [0x00000000d5580000, 0x0000000100000000, 0x0000000100000000)
  eden space 524800K, 87% used [0x00000000d5580000,0x00000000f14a3110,0x00000000f5600000)
  from space 87040K, 0% used [0x00000000f5600000,0x00000000f5600000,0x00000000fab00000)
  to   space 87040K, 0% used [0x00000000fab00000,0x00000000fab00000,0x0000000100000000)
 ParOldGen       total 906240K, used 14247K [0x0000000080000000, 0x00000000b7500000, 0x00000000d5580000)
  object space 906240K, 1% used [0x0000000080000000,0x0000000080de9c10,0x00000000b7500000)
 Metaspace       used 34674K, capacity 35028K, committed 35416K, reserved 1081344K
  class space    used 3964K, capacity 4060K, committed 4096K, reserved 1048576K
Event: 4.494 GC heap after
Heap after GC invocations=3 (full 1):
 PSYoungGen      total 611840K, used 19057K [0x00000000d5580000, 0x0000000100000000, 0x0000000100000000)
  eden space 524800K, 0% used [0x00000000d5580000,0x00000000d5580000,0x00000000f5600000)
  from space 87040K, 21% used [0x00000000fab00000,0x00000000fbd9c650,0x0000000100000000)
  to   space 87040K, 0% used [0x00000000f5600000,0x00000000f5600000,0x00000000fab00000)
 ParOldGen       total 906240K, used 14247K [0x0000000080000000, 0x00000000b7500000, 0x00000000d5580000)
  object space 906240K, 1% used [0x0000000080000000,0x0000000080de9c10,0x00000000b7500000)
 Metaspace       used 34674K, capacity 35028K, committed 35416K, reserved 1081344K
  class space    used 3964K, capacity 4060K, committed 4096K, reserved 1048576K
}
Event: 4.494 GC heap before
{Heap before GC invocations=4 (full 2):
 PSYoungGen      total 611840K, used 19057K [0x00000000d5580000, 0x0000000100000000, 0x0000000100000000)
  eden space 524800K, 0% used [0x00000000d5580000,0x00000000d5580000,0x00000000f5600000)
  from space 87040K, 21% used [0x00000000fab00000,0x00000000fbd9c650,0x0000000100000000)
  to   space 87040K, 0% used [0x00000000f5600000,0x00000000f5600000,0x00000000fab00000)
 ParOldGen       total 906240K, used 14247K [0x0000000080000000, 0x00000000b7500000, 0x00000000d5580000)
  object space 906240K, 1% used [0x0000000080000000,0x0000000080de9c10,0x00000000b7500000)
 Metaspace       used 34674K, capacity 35028K, committed 35416K, reserved 1081344K
  class space    used 3964K, capacity 4060K, committed 4096K, reserved 1048576K
Event: 4.612 GC heap after
Heap after GC invocations=4 (full 2):
 PSYoungGen      total 611840K, used 0K [0x00000000d5580000, 0x0000000100000000, 0x0000000100000000)
  eden space 524800K, 0% used [0x00000000d5580000,0x00000000d5580000,0x00000000f5600000)
  from space 87040K, 0% used [0x00000000fab00000,0x00000000fab00000,0x0000000100000000)
  to   space 87040K, 0% used [0x00000000f5600000,0x00000000f5600000,0x00000000fab00000)
 ParOldGen       total 1398272K, used 23585K [0x0000000080000000, 0x00000000d5580000, 0x00000000d5580000)
  object space 1398272K, 1% used [0x0000000080000000,0x0000000081708480,0x00000000d5580000)
 Metaspace       used 34674K, capacity 35028K, committed 35416K, reserved 1081344K
  class space    used 3964K, capacity 4060K, committed 4096K, reserved 1048576K
}
Event: 11.118 GC heap before
{Heap before GC invocations=5 (full 2):
 PSYoungGen      total 611840K, used 524800K [0x00000000d5580000, 0x0000000100000000, 0x0000000100000000)
  eden space 524800K, 100% used [0x00000000d5580000,0x00000000f5600000,0x00000000f5600000)
  from space 87040K, 0% used [0x00000000fab00000,0x00000000fab00000,0x0000000100000000)
  to   space 87040K, 0% used [0x00000000f5600000,0x00000000f5600000,0x00000000fab00000)
 ParOldGen       total 1398272K, used 23585K [0x0000000080000000, 0x00000000d5580000, 0x00000000d5580000)
  object space 1398272K, 1% used [0x0000000080000000,0x0000000081708480,0x00000000d5580000)
 Metaspace       used 52348K, capacity 53624K, committed 53760K, reserved 1097728K
  class space    used 6156K, capacity 6388K, committed 6400K, reserved 1048576K
Event: 11.164 GC heap after
Heap after GC invocations=5 (full 2):
 PSYoungGen      total 611840K, used 25951K [0x00000000d5580000, 0x0000000100000000, 0x0000000100000000)
  eden space 524800K, 0% used [0x00000000d5580000,0x00000000d5580000,0x00000000f5600000)
  from space 87040K, 29% used [0x00000000f5600000,0x00000000f6f57f10,0x00000000fab00000)
  to   space 87040K, 0% used [0x00000000fab00000,0x00000000fab00000,0x0000000100000000)
 ParOldGen       total 1398272K, used 23593K [0x0000000080000000, 0x00000000d5580000, 0x00000000d5580000)
  object space 1398272K, 1% used [0x0000000080000000,0x000000008170a480,0x00000000d5580000)
 Metaspace       used 52348K, capacity 53624K, committed 53760K, reserved 1097728K
  class space    used 6156K, capacity 6388K, committed 6400K, reserved 1048576K
}
Event: 11.801 GC heap before
{Heap before GC invocations=6 (full 2):
 PSYoungGen      total 611840K, used 139723K [0x00000000d5580000, 0x0000000100000000, 0x0000000100000000)
  eden space 524800K, 21% used [0x00000000d5580000,0x00000000dc49ad68,0x00000000f5600000)
  from space 87040K, 29% used [0x00000000f5600000,0x00000000f6f57f10,0x00000000fab00000)
  to   space 87040K, 0% used [0x00000000fab00000,0x00000000fab00000,0x0000000100000000)
 ParOldGen       total 1398272K, used 23593K [0x0000000080000000, 0x00000000d5580000, 0x00000000d5580000)
  object space 1398272K, 1% used [0x0000000080000000,0x000000008170a480,0x00000000d5580000)
 Metaspace       used 57382K, capacity 58732K, committed 59008K, reserved 1101824K
  class space    used 6662K, capacity 6932K, committed 7040K, reserved 1048576K
Event: 11.828 GC heap after
Heap after GC invocations=6 (full 2):
 PSYoungGen      total 611840K, used 17191K [0x00000000d5580000, 0x0000000100000000, 0x0000000100000000)
  eden space 524800K, 0% used [0x00000000d5580000,0x00000000d5580000,0x00000000f5600000)
  from space 87040K, 19% used [0x00000000fab00000,0x00000000fbbc9cf0,0x0000000100000000)
  to   space 87040K, 0% used [0x00000000f5600000,0x00000000f5600000,0x00000000fab00000)
 ParOldGen       total 1398272K, used 23601K [0x0000000080000000, 0x00000000d5580000, 0x00000000d5580000)
  object space 1398272K, 1% used [0x0000000080000000,0x000000008170c480,0x00000000d5580000)
 Metaspace       used 57382K, capacity 58732K, committed 59008K, reserved 1101824K
  class space    used 6662K, capacity 6932K, committed 7040K, reserved 1048576K
}
Event: 11.828 GC heap before
{Heap before GC invocations=7 (full 3):
 PSYoungGen      total 611840K, used 17191K [0x00000000d5580000, 0x0000000100000000, 0x0000000100000000)
  eden space 524800K, 0% used [0x00000000d5580000,0x00000000d5580000,0x00000000f5600000)
  from space 87040K, 19% used [0x00000000fab00000,0x00000000fbbc9cf0,0x0000000100000000)
  to   space 87040K, 0% used [0x00000000f5600000,0x00000000f5600000,0x00000000fab00000)
 ParOldGen       total 1398272K, used 23601K [0x0000000080000000, 0x00000000d5580000, 0x00000000d5580000)
  object space 1398272K, 1% used [0x0000000080000000,0x000000008170c480,0x00000000d5580000)
 Metaspace       used 57382K, capacity 58732K, committed 59008K, reserved 1101824K
  class space    used 6662K, capacity 6932K, committed 7040K, reserved 1048576K
Event: 12.057 GC heap after
Heap after GC invocations=7 (full 3):
 PSYoungGen      total 611840K, used 0K [0x00000000d5580000, 0x0000000100000000, 0x0000000100000000)
  eden space 524800K, 0% used [0x00000000d5580000,0x00000000d5580000,0x00000000f5600000)
  from space 87040K, 0% used [0x00000000fab00000,0x00000000fab00000,0x0000000100000000)
  to   space 87040K, 0% used [0x00000000f5600000,0x00000000f5600000,0x00000000fab00000)
 ParOldGen       total 1398272K, used 28866K [0x0000000080000000, 0x00000000d5580000, 0x00000000d5580000)
  object space 1398272K, 2% used [0x0000000080000000,0x0000000081c30b58,0x00000000d5580000)
 Metaspace       used 57346K, capacity 58646K, committed 59008K, reserved 1101824K
  class space    used 6649K, capacity 6909K, committed 7040K, reserved 1048576K
}

