# JRE version: OpenJDK Runtime Environment (8.0_212-b04) (build 1.8.0_212-b04)
# Java VM: OpenJDK 64-Bit Server VM (25.212-b04 mixed mode linux-amd64 compressed oops)
Heap:
 PSYoungGen      total 611840K, used 504290K [0x00000000d5580000, 0x0000000100000000, 0x0000000100000000)
  eden space 524800K, 96% used [0x00000000d5580000,0x00000000f41f8960,0x00000000f5600000)
  from space 87040K, 0% used [0x00000000f5600000,0x00000000f5600000,0x00000000fab00000)
  to   space 87040K, 0% used [0x00000000fab00000,0x00000000fab00000,0x0000000100000000)
 ParOldGen       total 1398272K, used 44552K [0x0000000080000000, 0x00000000d5580000, 0x00000000d5580000)
  object space 1398272K, 3% used [0x0000000080000000,0x0000000082b82350,0x00000000d5580000)
 Metaspace       used 66379K, capacity 69126K, committed 69376K, reserved 1110016K
  class space    used 7567K, capacity 8083K, committed 8192K, reserved 1048576K
GC Heap History (10 events):
Event: 1.999 GC heap before
{Heap before GC invocations=2 (full 1):
 PSYoungGen      total 611840K, used 14242K [0x00000000d5580000, 0x0000000100000000, 0x0000000100000000)
  eden space 524800K, 0% used [0x00000000d5580000,0x00000000d5580000,0x00000000f5600000)
  from space 87040K, 16% used [0x00000000f5600000,0x00000000f63e8b08,0x00000000fab00000)
  to   space 87040K, 0% used [0x00000000fab00000,0x00000000fab00000,0x0000000100000000)
 ParOldGen       total 1398272K, used 80K [0x0000000080000000, 0x00000000d5580000, 0x00000000d5580000)
  object space 1398272K, 0% used [0x0000000080000000,0x0000000080014010,0x00000000d5580000)
 Metaspace       used 20821K, capacity 21106K, committed 21248K, reserved 1069056K
  class space    used 2363K, capacity 2482K, committed 2560K, reserved 1048576K
Event: 2.050 GC heap after
Heap after GC invocations=2 (full 1):
 PSYoungGen      total 611840K, used 0K [0x00000000d5580000, 0x0000000100000000, 0x0000000100000000)
  eden space 524800K, 0% used [0x00000000d5580000,0x00000000d5580000,0x00000000f5600000)
  from space 87040K, 0% used [0x00000000f5600000,0x00000000f5600000,0x00000000fab00000)
  to   space 87040K, 0% used [0x00000000fab00000,0x00000000fab00000,0x0000000100000000)
 ParOldGen       total 896000K, used 13754K [0x0000000080000000, 0x00000000b6b00000, 0x00000000d5580000)
  object space 896000K, 1% used [0x0000000080000000,0x0000000080d6e8c0,0x00000000b6b00000)
 Metaspace       used 20821K, capacity 21106K, committed 21248K, reserved 1069056K
  class space    used 2363K, capacity 2482K, committed 2560K, reserved 1048576K
}
Event: 4.258 GC heap before
{Heap before GC invocations=3 (full 1):
 PSYoungGen      total 611840K, used 434548K [0x00000000d5580000, 0x0000000100000000, 0x0000000100000000)
  eden space 524800K, 82% used [0x00000000d5580000,0x00000000efddd218,0x00000000f5600000)
  from space 87040K, 0% used [0x00000000f5600000,0x00000000f5600000,0x00000000fab00000)
  to   space 87040K, 0% used [0x00000000fab00000,0x00000000fab00000,0x0000000100000000)
 ParOldGen       total 896000K, used 13754K [0x0000000080000000, 0x00000000b6b00000, 0x00000000d5580000)
  object space 896000K, 1% used [0x0000000080000000,0x0000000080d6e8c0,0x00000000b6b00000)
 Metaspace       used 34777K, capacity 35124K, committed 35416K, reserved 1081344K
  class space    used 3975K, capacity 4092K, committed 4096K, reserved 1048576K
Event: 4.296 GC heap after
Heap after GC invocations=3 (full 1):
 PSYoungGen      total 611840K, used 19298K [0x00000000d5580000, 0x0000000100000000, 0x0000000100000000)
  eden space 524800K, 0% used [0x00000000d5580000,0x00000000d5580000,0x00000000f5600000)
  from space 87040K, 22% used [0x00000000fab00000,0x00000000fbdd89d8,0x0000000100000000)
  to   space 87040K, 0% used [0x00000000f5600000,0x00000000f5600000,0x00000000fab00000)
 ParOldGen       total 896000K, used 13762K [0x0000000080000000, 0x00000000b6b00000, 0x00000000d5580000)
  object space 896000K, 1% used [0x0000000080000000,0x0000000080d708c0,0x00000000b6b00000)
 Metaspace       used 34777K, capacity 35124K, committed 35416K, reserved 1081344K
  class space    used 3975K, capacity 4092K, committed 4096K, reserved 1048576K
}
Event: 4.296 GC heap before
{Heap before GC invocations=4 (full 2):
 PSYoungGen      total 611840K, used 19298K [0x00000000d5580000, 0x0000000100000000, 0x0000000100000000)
  eden space 524800K, 0% used [0x00000000d5580000,0x00000000d5580000,0x00000000f5600000)
  from space 87040K, 22% used [0x00000000fab00000,0x00000000fbdd89d8,0x0000000100000000)
  to   space 87040K, 0% used [0x00000000f5600000,0x00000000f5600000,0x00000000fab00000)
 ParOldGen       total 896000K, used 13762K [0x0000000080000000, 0x00000000b6b00000, 0x00000000d5580000)
  object space 896000K, 1% used [0x0000000080000000,0x0000000080d708c0,0x00000000b6b00000)
 Metaspace       used 34777K, capacity 35124K, committed 35416K, reserved 1081344K
  class space    used 3975K, capacity 4092K, committed 4096K, reserved 1048576K
Event: 4.396 GC heap after
Heap after GC invocations=4 (full 2):
 PSYoungGen      total 611840K, used 0K [0x00000000d5580000, 0x0000000100000000, 0x0000000100000000)
  eden space 524800K, 0% used [0x00000000d5580000,0x00000000d5580000,0x00000000f5600000)
  from space 87040K, 0% used [0x00000000fab00000,0x00000000fab00000,0x0000000100000000)
  to   space 87040K, 0% used [0x00000000f5600000,0x00000000f5600000,0x00000000fab00000)
 ParOldGen       total 1398272K, used 23626K [0x0000000080000000, 0x00000000d5580000, 0x00000000d5580000)
  object space 1398272K, 1% used [0x0000000080000000,0x0000000081712b20,0x00000000d5580000)
 Metaspace       used 34777K, capacity 35124K, committed 35416K, reserved 1081344K
  class space    used 3975K, capacity 4092K, committed 4096K, reserved 1048576K
}
Event: 11.416 GC heap before
{Heap before GC invocations=5 (full 2):
 PSYoungGen      total 611840K, used 513515K [0x00000000d5580000, 0x0000000100000000, 0x0000000100000000)
  eden space 524800K, 97% used [0x00000000d5580000,0x00000000f4afaf38,0x00000000f5600000)
  from space 87040K, 0% used [0x00000000fab00000,0x00000000fab00000,0x0000000100000000)
  to   space 87040K, 0% used [0x00000000f5600000,0x00000000f5600000,0x00000000fab00000)
 ParOldGen       total 1398272K, used 23626K [0x0000000080000000, 0x00000000d5580000, 0x00000000d5580000)
  object space 1398272K, 1% used [0x0000000080000000,0x0000000081712b20,0x00000000d5580000)
 Metaspace       used 57427K, capacity 58794K, committed 59008K, reserved 1101824K
  class space    used 6637K, capacity 6931K, committed 7040K, reserved 1048576K
Event: 11.498 GC heap after
Heap after GC invocations=5 (full 2):
 PSYoungGen      total 611840K, used 34014K [0x00000000d5580000, 0x0000000100000000, 0x0000000100000000)
  eden space 524800K, 0% used [0x00000000d5580000,0x00000000d5580000,0x00000000f5600000)
  from space 87040K, 39% used [0x00000000f5600000,0x00000000f7737948,0x00000000fab00000)
  to   space 87040K, 0% used [0x00000000fab00000,0x00000000fab00000,0x0000000100000000)
 ParOldGen       total 1398272K, used 23634K [0x0000000080000000, 0x00000000d5580000, 0x00000000d5580000)
  object space 1398272K, 1% used [0x0000000080000000,0x0000000081714b20,0x00000000d5580000)
 Metaspace       used 57427K, capacity 58794K, committed 59008K, reserved 1101824K
  class space    used 6637K, capacity 6931K, committed 7040K, reserved 1048576K
}
Event: 11.498 GC heap before
{Heap before GC invocations=6 (full 3):
 PSYoungGen      total 611840K, used 34014K [0x00000000d5580000, 0x0000000100000000, 0x0000000100000000)
  eden space 524800K, 0% used [0x00000000d5580000,0x00000000d5580000,0x00000000f5600000)
  from space 87040K, 39% used [0x00000000f5600000,0x00000000f7737948,0x00000000fab00000)
  to   space 87040K, 0% used [0x00000000fab00000,0x00000000fab00000,0x0000000100000000)
 ParOldGen       total 1398272K, used 23634K [0x0000000080000000, 0x00000000d5580000, 0x00000000d5580000)
  object space 1398272K, 1% used [0x0000000080000000,0x0000000081714b20,0x00000000d5580000)
 Metaspace       used 57427K, capacity 58794K, committed 59008K, reserved 1101824K
  class space    used 6637K, capacity 6931K, committed 7040K, reserved 1048576K
Event: 11.789 GC heap after
Heap after GC invocations=6 (full 3):
 PSYoungGen      total 611840K, used 0K [0x00000000d5580000, 0x0000000100000000, 0x0000000100000000)
  eden space 524800K, 0% used [0x00000000d5580000,0x00000000d5580000,0x00000000f5600000)
  from space 87040K, 0% used [0x00000000f5600000,0x00000000f5600000,0x00000000fab00000)
  to   space 87040K, 0% used [0x00000000fab00000,0x00000000fab00000,0x0000000100000000)
 ParOldGen       total 1398272K, used 44552K [0x0000000080000000, 0x00000000d5580000, 0x00000000d5580000)
  object space 1398272K, 3% used [0x0000000080000000,0x0000000082b82350,0x00000000d5580000)
 Metaspace       used 57402K, capacity 58738K, committed 59008K, reserved 1101824K
  class space    used 6629K, capacity 6917K, committed 7040K, reserved 1048576K
}

