# JRE version: OpenJDK Runtime Environment (8.0_212-b04) (build 1.8.0_212-b04)
# Java VM: OpenJDK 64-Bit Server VM (25.212-b04 mixed mode linux-amd64 compressed oops)
Heap:
 PSYoungGen      total 600576K, used 139945K [0x00000000d5580000, 0x0000000100000000, 0x0000000100000000)
  eden space 524800K, 12% used [0x00000000d5580000,0x00000000d942d2f8,0x00000000f5600000)
  from space 75776K, 99% used [0x00000000f5600000,0x00000000f9ffd150,0x00000000fa000000)
  to   space 88576K, 0% used [0x00000000fa980000,0x00000000fa980000,0x0000000100000000)
 ParOldGen       total 1398272K, used 44552K [0x0000000080000000, 0x00000000d5580000, 0x00000000d5580000)
  object space 1398272K, 3% used [0x0000000080000000,0x0000000082b820a8,0x00000000d5580000)
 Metaspace       used 66536K, capacity 69704K, committed 69888K, reserved 1112064K
  class space    used 7554K, capacity 8114K, committed 8192K, reserved 1048576K
GC Heap History (10 events):
Event: 4.117 GC heap before
{Heap before GC invocations=4 (full 2):
 PSYoungGen      total 611840K, used 19298K [0x00000000d5580000, 0x0000000100000000, 0x0000000100000000)
  eden space 524800K, 0% used [0x00000000d5580000,0x00000000d5580000,0x00000000f5600000)
  from space 87040K, 22% used [0x00000000fab00000,0x00000000fbdd8908,0x0000000100000000)
  to   space 87040K, 0% used [0x00000000f5600000,0x00000000f5600000,0x00000000fab00000)
 ParOldGen       total 908800K, used 13777K [0x0000000080000000, 0x00000000b7780000, 0x00000000d5580000)
  object space 908800K, 1% used [0x0000000080000000,0x0000000080d74690,0x00000000b7780000)
 Metaspace       used 34752K, capacity 35124K, committed 35416K, reserved 1081344K
  class space    used 3973K, capacity 4092K, committed 4096K, reserved 1048576K
Event: 4.221 GC heap after
Heap after GC invocations=4 (full 2):
 PSYoungGen      total 611840K, used 0K [0x00000000d5580000, 0x0000000100000000, 0x0000000100000000)
  eden space 524800K, 0% used [0x00000000d5580000,0x00000000d5580000,0x00000000f5600000)
  from space 87040K, 0% used [0x00000000fab00000,0x00000000fab00000,0x0000000100000000)
  to   space 87040K, 0% used [0x00000000f5600000,0x00000000f5600000,0x00000000fab00000)
 ParOldGen       total 1398272K, used 23625K [0x0000000080000000, 0x00000000d5580000, 0x00000000d5580000)
  object space 1398272K, 1% used [0x0000000080000000,0x0000000081712458,0x00000000d5580000)
 Metaspace       used 34752K, capacity 35124K, committed 35416K, reserved 1081344K
  class space    used 3973K, capacity 4092K, committed 4096K, reserved 1048576K
}
Event: 11.376 GC heap before
{Heap before GC invocations=5 (full 2):
 PSYoungGen      total 611840K, used 508126K [0x00000000d5580000, 0x0000000100000000, 0x0000000100000000)
  eden space 524800K, 96% used [0x00000000d5580000,0x00000000f45b7a38,0x00000000f5600000)
  from space 87040K, 0% used [0x00000000fab00000,0x00000000fab00000,0x0000000100000000)
  to   space 87040K, 0% used [0x00000000f5600000,0x00000000f5600000,0x00000000fab00000)
 ParOldGen       total 1398272K, used 23625K [0x0000000080000000, 0x00000000d5580000, 0x00000000d5580000)
  object space 1398272K, 1% used [0x0000000080000000,0x0000000081712458,0x00000000d5580000)
 Metaspace       used 57448K, capacity 58814K, committed 59008K, reserved 1101824K
  class space    used 6646K, capacity 6935K, committed 7040K, reserved 1048576K
Event: 11.440 GC heap after
Heap after GC invocations=5 (full 2):
 PSYoungGen      total 611840K, used 34062K [0x00000000d5580000, 0x0000000100000000, 0x0000000100000000)
  eden space 524800K, 0% used [0x00000000d5580000,0x00000000d5580000,0x00000000f5600000)
  from space 87040K, 39% used [0x00000000f5600000,0x00000000f7743b38,0x00000000fab00000)
  to   space 87040K, 0% used [0x00000000fab00000,0x00000000fab00000,0x0000000100000000)
 ParOldGen       total 1398272K, used 23633K [0x0000000080000000, 0x00000000d5580000, 0x00000000d5580000)
  object space 1398272K, 1% used [0x0000000080000000,0x0000000081714458,0x00000000d5580000)
 Metaspace       used 57448K, capacity 58814K, committed 59008K, reserved 1101824K
  class space    used 6646K, capacity 6935K, committed 7040K, reserved 1048576K
}
Event: 11.440 GC heap before
{Heap before GC invocations=6 (full 3):
 PSYoungGen      total 611840K, used 34062K [0x00000000d5580000, 0x0000000100000000, 0x0000000100000000)
  eden space 524800K, 0% used [0x00000000d5580000,0x00000000d5580000,0x00000000f5600000)
  from space 87040K, 39% used [0x00000000f5600000,0x00000000f7743b38,0x00000000fab00000)
  to   space 87040K, 0% used [0x00000000fab00000,0x00000000fab00000,0x0000000100000000)
 ParOldGen       total 1398272K, used 23633K [0x0000000080000000, 0x00000000d5580000, 0x00000000d5580000)
  object space 1398272K, 1% used [0x0000000080000000,0x0000000081714458,0x00000000d5580000)
 Metaspace       used 57448K, capacity 58814K, committed 59008K, reserved 1101824K
  class space    used 6646K, capacity 6935K, committed 7040K, reserved 1048576K
Event: 11.691 GC heap after
Heap after GC invocations=6 (full 3):
 PSYoungGen      total 611840K, used 0K [0x00000000d5580000, 0x0000000100000000, 0x0000000100000000)
  eden space 524800K, 0% used [0x00000000d5580000,0x00000000d5580000,0x00000000f5600000)
  from space 87040K, 0% used [0x00000000f5600000,0x00000000f5600000,0x00000000fab00000)
  to   space 87040K, 0% used [0x00000000fab00000,0x00000000fab00000,0x0000000100000000)
 ParOldGen       total 1398272K, used 44544K [0x0000000080000000, 0x00000000d5580000, 0x00000000d5580000)
  object space 1398272K, 3% used [0x0000000080000000,0x0000000082b800a8,0x00000000d5580000)
 Metaspace       used 57419K, capacity 58746K, committed 59008K, reserved 1101824K
  class space    used 6636K, capacity 6917K, committed 7040K, reserved 1048576K
}
Event: 23.687 GC heap before
{Heap before GC invocations=7 (full 3):
 PSYoungGen      total 611840K, used 495941K [0x00000000d5580000, 0x0000000100000000, 0x0000000100000000)
  eden space 524800K, 94% used [0x00000000d5580000,0x00000000f39d1718,0x00000000f5600000)
  from space 87040K, 0% used [0x00000000f5600000,0x00000000f5600000,0x00000000fab00000)
  to   space 87040K, 0% used [0x00000000fab00000,0x00000000fab00000,0x0000000100000000)
 ParOldGen       total 1398272K, used 44544K [0x0000000080000000, 0x00000000d5580000, 0x00000000d5580000)
  object space 1398272K, 3% used [0x0000000080000000,0x0000000082b800a8,0x00000000d5580000)
 Metaspace       used 65490K, capacity 68364K, committed 68480K, reserved 1110016K
  class space    used 7501K, capacity 8034K, committed 8064K, reserved 1048576K
Event: 23.778 GC heap after
Heap after GC invocations=7 (full 3):
 PSYoungGen      total 611840K, used 62023K [0x00000000d5580000, 0x0000000100000000, 0x0000000100000000)
  eden space 524800K, 0% used [0x00000000d5580000,0x00000000d5580000,0x00000000f5600000)
  from space 87040K, 71% used [0x00000000fab00000,0x00000000fe791c30,0x0000000100000000)
  to   space 87040K, 0% used [0x00000000f5600000,0x00000000f5600000,0x00000000fab00000)
 ParOldGen       total 1398272K, used 44544K [0x0000000080000000, 0x00000000d5580000, 0x00000000d5580000)
  object space 1398272K, 3% used [0x0000000080000000,0x0000000082b800a8,0x00000000d5580000)
 Metaspace       used 65490K, capacity 68364K, committed 68480K, reserved 1110016K
  class space    used 7501K, capacity 8034K, committed 8064K, reserved 1048576K
}
Event: 29.912 GC heap before
{Heap before GC invocations=8 (full 3):
 PSYoungGen      total 611840K, used 578286K [0x00000000d5580000, 0x0000000100000000, 0x0000000100000000)
  eden space 524800K, 98% used [0x00000000d5580000,0x00000000f4da9c40,0x00000000f5600000)
  from space 87040K, 71% used [0x00000000fab00000,0x00000000fe791c30,0x0000000100000000)
  to   space 87040K, 0% used [0x00000000f5600000,0x00000000f5600000,0x00000000fab00000)
 ParOldGen       total 1398272K, used 44544K [0x0000000080000000, 0x00000000d5580000, 0x00000000d5580000)
  object space 1398272K, 3% used [0x0000000080000000,0x0000000082b800a8,0x00000000d5580000)
 Metaspace       used 66273K, capacity 69246K, committed 69504K, reserved 1110016K
  class space    used 7524K, capacity 8059K, committed 8064K, reserved 1048576K
Event: 30.007 GC heap after
Heap after GC invocations=8 (full 3):
 PSYoungGen      total 600576K, used 75764K [0x00000000d5580000, 0x0000000100000000, 0x0000000100000000)
  eden space 524800K, 0% used [0x00000000d5580000,0x00000000d5580000,0x00000000f5600000)
  from space 75776K, 99% used [0x00000000f5600000,0x00000000f9ffd150,0x00000000fa000000)
  to   space 88576K, 0% used [0x00000000fa980000,0x00000000fa980000,0x0000000100000000)
 ParOldGen       total 1398272K, used 44552K [0x0000000080000000, 0x00000000d5580000, 0x00000000d5580000)
  object space 1398272K, 3% used [0x0000000080000000,0x0000000082b820a8,0x00000000d5580000)
 Metaspace       used 66273K, capacity 69246K, committed 69504K, reserved 1110016K
  class space    used 7524K, capacity 8059K, committed 8064K, reserved 1048576K
}

