# JRE version: OpenJDK Runtime Environment (8.0_212-b04) (build 1.8.0_212-b04)
# Java VM: OpenJDK 64-Bit Server VM (25.212-b04 mixed mode linux-amd64 compressed oops)
Heap:
 PSYoungGen      total 488960K, used 484699K [0x00000000d5580000, 0x0000000100000000, 0x0000000100000000)
  eden space 401920K, 99% used [0x00000000d5580000,0x00000000edabb3d8,0x00000000ede00000)
  from space 87040K, 98% used [0x00000000fab00000,0x00000000fff1ba88,0x0000000100000000)
  to   space 148480K, 0% used [0x00000000ede00000,0x00000000ede00000,0x00000000f6f00000)
 ParOldGen       total 1398272K, used 127592K [0x0000000080000000, 0x00000000d5580000, 0x00000000d5580000)
  object space 1398272K, 9% used [0x0000000080000000,0x0000000087c9a160,0x00000000d5580000)
 Metaspace       used 71732K, capacity 75430K, committed 75648K, reserved 1116160K
  class space    used 7820K, capacity 8463K, committed 8576K, reserved 1048576K
GC Heap History (10 events):
Event: 11.329 GC heap before
{Heap before GC invocations=5 (full 2):
 PSYoungGen      total 611840K, used 486780K [0x00000000d5580000, 0x0000000100000000, 0x0000000100000000)
  eden space 524800K, 92% used [0x00000000d5580000,0x00000000f30df0e8,0x00000000f5600000)
  from space 87040K, 0% used [0x00000000fab00000,0x00000000fab00000,0x0000000100000000)
  to   space 87040K, 0% used [0x00000000f5600000,0x00000000f5600000,0x00000000fab00000)
 ParOldGen       total 1398272K, used 23630K [0x0000000080000000, 0x00000000d5580000, 0x00000000d5580000)
  object space 1398272K, 1% used [0x0000000080000000,0x0000000081713820,0x00000000d5580000)
 Metaspace       used 57394K, capacity 58798K, committed 59008K, reserved 1101824K
  class space    used 6637K, capacity 6933K, committed 7040K, reserved 1048576K
Event: 11.385 GC heap after
Heap after GC invocations=5 (full 2):
 PSYoungGen      total 611840K, used 34059K [0x00000000d5580000, 0x0000000100000000, 0x0000000100000000)
  eden space 524800K, 0% used [0x00000000d5580000,0x00000000d5580000,0x00000000f5600000)
  from space 87040K, 39% used [0x00000000f5600000,0x00000000f7742ff8,0x00000000fab00000)
  to   space 87040K, 0% used [0x00000000fab00000,0x00000000fab00000,0x0000000100000000)
 ParOldGen       total 1398272K, used 23638K [0x0000000080000000, 0x00000000d5580000, 0x00000000d5580000)
  object space 1398272K, 1% used [0x0000000080000000,0x0000000081715820,0x00000000d5580000)
 Metaspace       used 57394K, capacity 58798K, committed 59008K, reserved 1101824K
  class space    used 6637K, capacity 6933K, committed 7040K, reserved 1048576K
}
Event: 11.385 GC heap before
{Heap before GC invocations=6 (full 3):
 PSYoungGen      total 611840K, used 34059K [0x00000000d5580000, 0x0000000100000000, 0x0000000100000000)
  eden space 524800K, 0% used [0x00000000d5580000,0x00000000d5580000,0x00000000f5600000)
  from space 87040K, 39% used [0x00000000f5600000,0x00000000f7742ff8,0x00000000fab00000)
  to   space 87040K, 0% used [0x00000000fab00000,0x00000000fab00000,0x0000000100000000)
 ParOldGen       total 1398272K, used 23638K [0x0000000080000000, 0x00000000d5580000, 0x00000000d5580000)
  object space 1398272K, 1% used [0x0000000080000000,0x0000000081715820,0x00000000d5580000)
 Metaspace       used 57394K, capacity 58798K, committed 59008K, reserved 1101824K
  class space    used 6637K, capacity 6933K, committed 7040K, reserved 1048576K
Event: 11.671 GC heap after
Heap after GC invocations=6 (full 3):
 PSYoungGen      total 611840K, used 0K [0x00000000d5580000, 0x0000000100000000, 0x0000000100000000)
  eden space 524800K, 0% used [0x00000000d5580000,0x00000000d5580000,0x00000000f5600000)
  from space 87040K, 0% used [0x00000000f5600000,0x00000000f5600000,0x00000000fab00000)
  to   space 87040K, 0% used [0x00000000fab00000,0x00000000fab00000,0x0000000100000000)
 ParOldGen       total 1398272K, used 44671K [0x0000000080000000, 0x00000000d5580000, 0x00000000d5580000)
  object space 1398272K, 3% used [0x0000000080000000,0x0000000082b9fee0,0x00000000d5580000)
 Metaspace       used 57367K, capacity 58734K, committed 59008K, reserved 1101824K
  class space    used 6628K, capacity 6917K, committed 7040K, reserved 1048576K
}
Event: 68.079 GC heap before
{Heap before GC invocations=7 (full 3):
 PSYoungGen      total 611840K, used 524800K [0x00000000d5580000, 0x0000000100000000, 0x0000000100000000)
  eden space 524800K, 100% used [0x00000000d5580000,0x00000000f5600000,0x00000000f5600000)
  from space 87040K, 0% used [0x00000000f5600000,0x00000000f5600000,0x00000000fab00000)
  to   space 87040K, 0% used [0x00000000fab00000,0x00000000fab00000,0x0000000100000000)
 ParOldGen       total 1398272K, used 44671K [0x0000000080000000, 0x00000000d5580000, 0x00000000d5580000)
  object space 1398272K, 3% used [0x0000000080000000,0x0000000082b9fee0,0x00000000d5580000)
 Metaspace       used 66758K, capacity 69718K, committed 69888K, reserved 1112064K
  class space    used 7604K, capacity 8121K, committed 8192K, reserved 1048576K
Event: 68.237 GC heap after
Heap after GC invocations=7 (full 3):
 PSYoungGen      total 611840K, used 51110K [0x00000000d5580000, 0x0000000100000000, 0x0000000100000000)
  eden space 524800K, 0% used [0x00000000d5580000,0x00000000d5580000,0x00000000f5600000)
  from space 87040K, 58% used [0x00000000fab00000,0x00000000fdce9a68,0x0000000100000000)
  to   space 87040K, 0% used [0x00000000f5600000,0x00000000f5600000,0x00000000fab00000)
 ParOldGen       total 1398272K, used 44679K [0x0000000080000000, 0x00000000d5580000, 0x00000000d5580000)
  object space 1398272K, 3% used [0x0000000080000000,0x0000000082ba1ee0,0x00000000d5580000)
 Metaspace       used 66758K, capacity 69718K, committed 69888K, reserved 1112064K
  class space    used 7604K, capacity 8121K, committed 8192K, reserved 1048576K
}
Event: 487.158 GC heap before
{Heap before GC invocations=8 (full 3):
 PSYoungGen      total 611840K, used 575910K [0x00000000d5580000, 0x0000000100000000, 0x0000000100000000)
  eden space 524800K, 100% used [0x00000000d5580000,0x00000000f5600000,0x00000000f5600000)
  from space 87040K, 58% used [0x00000000fab00000,0x00000000fdce9a68,0x0000000100000000)
  to   space 87040K, 0% used [0x00000000f5600000,0x00000000f5600000,0x00000000fab00000)
 ParOldGen       total 1398272K, used 44679K [0x0000000080000000, 0x00000000d5580000, 0x00000000d5580000)
  object space 1398272K, 3% used [0x0000000080000000,0x0000000082ba1ee0,0x00000000d5580000)
 Metaspace       used 69621K, capacity 72968K, committed 73088K, reserved 1114112K
  class space    used 7716K, capacity 8316K, committed 8320K, reserved 1048576K
Event: 487.445 GC heap after
Heap after GC invocations=8 (full 3):
 PSYoungGen      total 611840K, used 87029K [0x00000000d5580000, 0x0000000100000000, 0x0000000100000000)
  eden space 524800K, 0% used [0x00000000d5580000,0x00000000d5580000,0x00000000f5600000)
  from space 87040K, 99% used [0x00000000f5600000,0x00000000faafd6c0,0x00000000fab00000)
  to   space 87040K, 0% used [0x00000000fab00000,0x00000000fab00000,0x0000000100000000)
 ParOldGen       total 1398272K, used 127592K [0x0000000080000000, 0x00000000d5580000, 0x00000000d5580000)
  object space 1398272K, 9% used [0x0000000080000000,0x0000000087c9a160,0x00000000d5580000)
 Metaspace       used 69621K, capacity 72968K, committed 73088K, reserved 1114112K
  class space    used 7716K, capacity 8316K, committed 8320K, reserved 1048576K
}
Event: 588.732 GC heap before
{Heap before GC invocations=9 (full 3):
 PSYoungGen      total 611840K, used 611829K [0x00000000d5580000, 0x0000000100000000, 0x0000000100000000)
  eden space 524800K, 100% used [0x00000000d5580000,0x00000000f5600000,0x00000000f5600000)
  from space 87040K, 99% used [0x00000000f5600000,0x00000000faafd6c0,0x00000000fab00000)
  to   space 87040K, 0% used [0x00000000fab00000,0x00000000fab00000,0x0000000100000000)
 ParOldGen       total 1398272K, used 127592K [0x0000000080000000, 0x00000000d5580000, 0x00000000d5580000)
  object space 1398272K, 9% used [0x0000000080000000,0x0000000087c9a160,0x00000000d5580000)
 Metaspace       used 71134K, capacity 74792K, committed 75136K, reserved 1116160K
  class space    used 7814K, capacity 8454K, committed 8576K, reserved 1048576K
Event: 588.886 GC heap after
Heap after GC invocations=9 (full 3):
 PSYoungGen      total 488960K, used 86126K [0x00000000d5580000, 0x0000000100000000, 0x0000000100000000)
  eden space 401920K, 0% used [0x00000000d5580000,0x00000000d5580000,0x00000000ede00000)
  from space 87040K, 98% used [0x00000000fab00000,0x00000000fff1ba88,0x0000000100000000)
  to   space 148480K, 0% used [0x00000000ede00000,0x00000000ede00000,0x00000000f6f00000)
 ParOldGen       total 1398272K, used 127592K [0x0000000080000000, 0x00000000d5580000, 0x00000000d5580000)
  object space 1398272K, 9% used [0x0000000080000000,0x0000000087c9a160,0x00000000d5580000)
 Metaspace       used 71134K, capacity 74792K, committed 75136K, reserved 1116160K
  class space    used 7814K, capacity 8454K, committed 8576K, reserved 1048576K
}

