# JRE version: OpenJDK Runtime Environment (8.0_212-b04) (build 1.8.0_212-b04)
# Java VM: OpenJDK 64-Bit Server VM (25.212-b04 mixed mode linux-amd64 compressed oops)
Heap:
 PSYoungGen      total 577536K, used 449438K [0x00000000d5580000, 0x0000000100000000, 0x0000000100000000)
  eden space 531456K, 75% used [0x00000000d5580000,0x00000000edf6a1a8,0x00000000f5c80000)
  from space 46080K, 99% used [0x00000000f9e00000,0x00000000fcafda20,0x00000000fcb00000)
  to   space 67072K, 0% used [0x00000000f5c80000,0x00000000f5c80000,0x00000000f9e00000)
 ParOldGen       total 1398272K, used 36530K [0x0000000080000000, 0x00000000d5580000, 0x00000000d5580000)
  object space 1398272K, 2% used [0x0000000080000000,0x00000000823ac958,0x00000000d5580000)
 Metaspace       used 81930K, capacity 85729K, committed 86016K, reserved 1126400K
  class space    used 9256K, capacity 9919K, committed 9984K, reserved 1048576K
GC Heap History (10 events):
Event: 6.927 GC heap before
{Heap before GC invocations=5 (full 2):
 PSYoungGen      total 611840K, used 524800K [0x00000000d5580000, 0x0000000100000000, 0x0000000100000000)
  eden space 524800K, 100% used [0x00000000d5580000,0x00000000f5600000,0x00000000f5600000)
  from space 87040K, 0% used [0x00000000fab00000,0x00000000fab00000,0x0000000100000000)
  to   space 87040K, 0% used [0x00000000f5600000,0x00000000f5600000,0x00000000fab00000)
 ParOldGen       total 1398272K, used 24292K [0x0000000080000000, 0x00000000d5580000, 0x00000000d5580000)
  object space 1398272K, 1% used [0x0000000080000000,0x00000000817b9118,0x00000000d5580000)
 Metaspace       used 49341K, capacity 50144K, committed 50432K, reserved 1093632K
  class space    used 5880K, capacity 6084K, committed 6144K, reserved 1048576K
Event: 6.987 GC heap after
Heap after GC invocations=5 (full 2):
 PSYoungGen      total 611840K, used 20324K [0x00000000d5580000, 0x0000000100000000, 0x0000000100000000)
  eden space 524800K, 0% used [0x00000000d5580000,0x00000000d5580000,0x00000000f5600000)
  from space 87040K, 23% used [0x00000000f5600000,0x00000000f69d93b0,0x00000000fab00000)
  to   space 87040K, 0% used [0x00000000fab00000,0x00000000fab00000,0x0000000100000000)
 ParOldGen       total 1398272K, used 24300K [0x0000000080000000, 0x00000000d5580000, 0x00000000d5580000)
  object space 1398272K, 1% used [0x0000000080000000,0x00000000817bb118,0x00000000d5580000)
 Metaspace       used 49341K, capacity 50144K, committed 50432K, reserved 1093632K
  class space    used 5880K, capacity 6084K, committed 6144K, reserved 1048576K
}
Event: 11.391 GC heap before
{Heap before GC invocations=6 (full 2):
 PSYoungGen      total 611840K, used 321245K [0x00000000d5580000, 0x0000000100000000, 0x0000000100000000)
  eden space 524800K, 57% used [0x00000000d5580000,0x00000000e7b5e0b8,0x00000000f5600000)
  from space 87040K, 23% used [0x00000000f5600000,0x00000000f69d93b0,0x00000000fab00000)
  to   space 87040K, 0% used [0x00000000fab00000,0x00000000fab00000,0x0000000100000000)
 ParOldGen       total 1398272K, used 24300K [0x0000000080000000, 0x00000000d5580000, 0x00000000d5580000)
  object space 1398272K, 1% used [0x0000000080000000,0x00000000817bb118,0x00000000d5580000)
 Metaspace       used 57765K, capacity 58917K, committed 59028K, reserved 1101824K
  class space    used 6946K, capacity 7168K, committed 7168K, reserved 1048576K
Event: 11.425 GC heap after
Heap after GC invocations=6 (full 2):
 PSYoungGen      total 611840K, used 19913K [0x00000000d5580000, 0x0000000100000000, 0x0000000100000000)
  eden space 524800K, 0% used [0x00000000d5580000,0x00000000d5580000,0x00000000f5600000)
  from space 87040K, 22% used [0x00000000fab00000,0x00000000fbe725d8,0x0000000100000000)
  to   space 87040K, 0% used [0x00000000f5600000,0x00000000f5600000,0x00000000fab00000)
 ParOldGen       total 1398272K, used 24308K [0x0000000080000000, 0x00000000d5580000, 0x00000000d5580000)
  object space 1398272K, 1% used [0x0000000080000000,0x00000000817bd118,0x00000000d5580000)
 Metaspace       used 57765K, capacity 58917K, committed 59028K, reserved 1101824K
  class space    used 6946K, capacity 7168K, committed 7168K, reserved 1048576K
}
Event: 11.425 GC heap before
{Heap before GC invocations=7 (full 3):
 PSYoungGen      total 611840K, used 19913K [0x00000000d5580000, 0x0000000100000000, 0x0000000100000000)
  eden space 524800K, 0% used [0x00000000d5580000,0x00000000d5580000,0x00000000f5600000)
  from space 87040K, 22% used [0x00000000fab00000,0x00000000fbe725d8,0x0000000100000000)
  to   space 87040K, 0% used [0x00000000f5600000,0x00000000f5600000,0x00000000fab00000)
 ParOldGen       total 1398272K, used 24308K [0x0000000080000000, 0x00000000d5580000, 0x00000000d5580000)
  object space 1398272K, 1% used [0x0000000080000000,0x00000000817bd118,0x00000000d5580000)
 Metaspace       used 57765K, capacity 58917K, committed 59028K, reserved 1101824K
  class space    used 6946K, capacity 7168K, committed 7168K, reserved 1048576K
Event: 11.703 GC heap after
Heap after GC invocations=7 (full 3):
 PSYoungGen      total 611840K, used 0K [0x00000000d5580000, 0x0000000100000000, 0x0000000100000000)
  eden space 524800K, 0% used [0x00000000d5580000,0x00000000d5580000,0x00000000f5600000)
  from space 87040K, 0% used [0x00000000fab00000,0x00000000fab00000,0x0000000100000000)
  to   space 87040K, 0% used [0x00000000f5600000,0x00000000f5600000,0x00000000fab00000)
 ParOldGen       total 1398272K, used 32425K [0x0000000080000000, 0x00000000d5580000, 0x00000000d5580000)
  object space 1398272K, 2% used [0x0000000080000000,0x0000000081faa548,0x00000000d5580000)
 Metaspace       used 57695K, capacity 58749K, committed 59028K, reserved 1101824K
  class space    used 6921K, capacity 7124K, committed 7168K, reserved 1048576K
}
Event: 25.514 GC heap before
{Heap before GC invocations=8 (full 3):
 PSYoungGen      total 611840K, used 524800K [0x00000000d5580000, 0x0000000100000000, 0x0000000100000000)
  eden space 524800K, 100% used [0x00000000d5580000,0x00000000f5600000,0x00000000f5600000)
  from space 87040K, 0% used [0x00000000fab00000,0x00000000fab00000,0x0000000100000000)
  to   space 87040K, 0% used [0x00000000f5600000,0x00000000f5600000,0x00000000fab00000)
 ParOldGen       total 1398272K, used 32425K [0x0000000080000000, 0x00000000d5580000, 0x00000000d5580000)
  object space 1398272K, 2% used [0x0000000080000000,0x0000000081faa548,0x00000000d5580000)
 Metaspace       used 76224K, capacity 78961K, committed 79104K, reserved 1118208K
  class space    used 8894K, capacity 9415K, committed 9472K, reserved 1048576K
Event: 25.619 GC heap after
Heap after GC invocations=8 (full 3):
 PSYoungGen      total 598528K, used 73468K [0x00000000d5580000, 0x00000000fcb00000, 0x0000000100000000)
  eden space 524800K, 0% used [0x00000000d5580000,0x00000000d5580000,0x00000000f5600000)
  from space 73728K, 99% used [0x00000000f5600000,0x00000000f9dbf1c0,0x00000000f9e00000)
  to   space 46080K, 0% used [0x00000000f9e00000,0x00000000f9e00000,0x00000000fcb00000)
 ParOldGen       total 1398272K, used 32433K [0x0000000080000000, 0x00000000d5580000, 0x00000000d5580000)
  object space 1398272K, 2% used [0x0000000080000000,0x0000000081fac548,0x00000000d5580000)
 Metaspace       used 76224K, capacity 78961K, committed 79104K, reserved 1118208K
  class space    used 8894K, capacity 9415K, committed 9472K, reserved 1048576K
}
Event: 31.458 GC heap before
{Heap before GC invocations=9 (full 3):
 PSYoungGen      total 598528K, used 598268K [0x00000000d5580000, 0x00000000fcb00000, 0x0000000100000000)
  eden space 524800K, 100% used [0x00000000d5580000,0x00000000f5600000,0x00000000f5600000)
  from space 73728K, 99% used [0x00000000f5600000,0x00000000f9dbf1c0,0x00000000f9e00000)
  to   space 46080K, 0% used [0x00000000f9e00000,0x00000000f9e00000,0x00000000fcb00000)
 ParOldGen       total 1398272K, used 32433K [0x0000000080000000, 0x00000000d5580000, 0x00000000d5580000)
  object space 1398272K, 2% used [0x0000000080000000,0x0000000081fac548,0x00000000d5580000)
 Metaspace       used 81413K, capacity 85101K, committed 85248K, reserved 1124352K
  class space    used 9238K, capacity 9895K, committed 9984K, reserved 1048576K
Event: 31.525 GC heap after
Heap after GC invocations=9 (full 3):
 PSYoungGen      total 577536K, used 46070K [0x00000000d5580000, 0x0000000100000000, 0x0000000100000000)
  eden space 531456K, 0% used [0x00000000d5580000,0x00000000d5580000,0x00000000f5c80000)
  from space 46080K, 99% used [0x00000000f9e00000,0x00000000fcafda20,0x00000000fcb00000)
  to   space 67072K, 0% used [0x00000000f5c80000,0x00000000f5c80000,0x00000000f9e00000)
 ParOldGen       total 1398272K, used 36530K [0x0000000080000000, 0x00000000d5580000, 0x00000000d5580000)
  object space 1398272K, 2% used [0x0000000080000000,0x00000000823ac958,0x00000000d5580000)
 Metaspace       used 81413K, capacity 85101K, committed 85248K, reserved 1124352K
  class space    used 9238K, capacity 9895K, committed 9984K, reserved 1048576K
}

