# JRE version: OpenJDK Runtime Environment (8.0_212-b04) (build 1.8.0_212-b04)
# Java VM: OpenJDK 64-Bit Server VM (25.212-b04 mixed mode linux-amd64 compressed oops)
Heap:
 PSYoungGen      total 555520K, used 407060K [0x00000000d5580000, 0x0000000100000000, 0x0000000100000000)
  eden space 522240K, 71% used [0x00000000d5580000,0x00000000ec28b930,0x00000000f5380000)
  from space 33280K, 99% used [0x00000000f8b00000,0x00000000fab79908,0x00000000fab80000)
  to   space 56832K, 0% used [0x00000000f5380000,0x00000000f5380000,0x00000000f8b00000)
 ParOldGen       total 1398272K, used 57188K [0x0000000080000000, 0x00000000d5580000, 0x00000000d5580000)
  object space 1398272K, 4% used [0x0000000080000000,0x00000000837d9098,0x00000000d5580000)
 Metaspace       used 68255K, capacity 71262K, committed 71552K, reserved 1112064K
  class space    used 7672K, capacity 8217K, committed 8320K, reserved 1048576K
GC Heap History (10 events):
Event: 12.596 GC heap before
{Heap before GC invocations=5 (full 2):
 PSYoungGen      total 611840K, used 524800K [0x00000000d5580000, 0x0000000100000000, 0x0000000100000000)
  eden space 524800K, 100% used [0x00000000d5580000,0x00000000f5600000,0x00000000f5600000)
  from space 87040K, 0% used [0x00000000fab00000,0x00000000fab00000,0x0000000100000000)
  to   space 87040K, 0% used [0x00000000f5600000,0x00000000f5600000,0x00000000fab00000)
 ParOldGen       total 1398272K, used 23611K [0x0000000080000000, 0x00000000d5580000, 0x00000000d5580000)
  object space 1398272K, 1% used [0x0000000080000000,0x000000008170edd8,0x00000000d5580000)
 Metaspace       used 55896K, capacity 57210K, committed 57472K, reserved 1099776K
  class space    used 6497K, capacity 6733K, committed 6784K, reserved 1048576K
Event: 12.666 GC heap after
Heap after GC invocations=5 (full 2):
 PSYoungGen      total 611840K, used 28660K [0x00000000d5580000, 0x0000000100000000, 0x0000000100000000)
  eden space 524800K, 0% used [0x00000000d5580000,0x00000000d5580000,0x00000000f5600000)
  from space 87040K, 32% used [0x00000000f5600000,0x00000000f71fd028,0x00000000fab00000)
  to   space 87040K, 0% used [0x00000000fab00000,0x00000000fab00000,0x0000000100000000)
 ParOldGen       total 1398272K, used 23619K [0x0000000080000000, 0x00000000d5580000, 0x00000000d5580000)
  object space 1398272K, 1% used [0x0000000080000000,0x0000000081710dd8,0x00000000d5580000)
 Metaspace       used 55896K, capacity 57210K, committed 57472K, reserved 1099776K
  class space    used 6497K, capacity 6733K, committed 6784K, reserved 1048576K
}
Event: 12.885 GC heap before
{Heap before GC invocations=6 (full 2):
 PSYoungGen      total 611840K, used 73828K [0x00000000d5580000, 0x0000000100000000, 0x0000000100000000)
  eden space 524800K, 8% used [0x00000000d5580000,0x00000000d819c108,0x00000000f5600000)
  from space 87040K, 32% used [0x00000000f5600000,0x00000000f71fd028,0x00000000fab00000)
  to   space 87040K, 0% used [0x00000000fab00000,0x00000000fab00000,0x0000000100000000)
 ParOldGen       total 1398272K, used 23619K [0x0000000080000000, 0x00000000d5580000, 0x00000000d5580000)
  object space 1398272K, 1% used [0x0000000080000000,0x0000000081710dd8,0x00000000d5580000)
 Metaspace       used 57487K, capacity 58864K, committed 59008K, reserved 1101824K
  class space    used 6682K, capacity 6958K, committed 7040K, reserved 1048576K
Event: 12.911 GC heap after
Heap after GC invocations=6 (full 2):
 PSYoungGen      total 611840K, used 12829K [0x00000000d5580000, 0x0000000100000000, 0x0000000100000000)
  eden space 524800K, 0% used [0x00000000d5580000,0x00000000d5580000,0x00000000f5600000)
  from space 87040K, 14% used [0x00000000fab00000,0x00000000fb7875b8,0x0000000100000000)
  to   space 87040K, 0% used [0x00000000f5600000,0x00000000f5600000,0x00000000fab00000)
 ParOldGen       total 1398272K, used 23619K [0x0000000080000000, 0x00000000d5580000, 0x00000000d5580000)
  object space 1398272K, 1% used [0x0000000080000000,0x0000000081710dd8,0x00000000d5580000)
 Metaspace       used 57487K, capacity 58864K, committed 59008K, reserved 1101824K
  class space    used 6682K, capacity 6958K, committed 7040K, reserved 1048576K
}
Event: 12.911 GC heap before
{Heap before GC invocations=7 (full 3):
 PSYoungGen      total 611840K, used 12829K [0x00000000d5580000, 0x0000000100000000, 0x0000000100000000)
  eden space 524800K, 0% used [0x00000000d5580000,0x00000000d5580000,0x00000000f5600000)
  from space 87040K, 14% used [0x00000000fab00000,0x00000000fb7875b8,0x0000000100000000)
  to   space 87040K, 0% used [0x00000000f5600000,0x00000000f5600000,0x00000000fab00000)
 ParOldGen       total 1398272K, used 23619K [0x0000000080000000, 0x00000000d5580000, 0x00000000d5580000)
  object space 1398272K, 1% used [0x0000000080000000,0x0000000081710dd8,0x00000000d5580000)
 Metaspace       used 57487K, capacity 58864K, committed 59008K, reserved 1101824K
  class space    used 6682K, capacity 6958K, committed 7040K, reserved 1048576K
Event: 13.156 GC heap after
Heap after GC invocations=7 (full 3):
 PSYoungGen      total 611840K, used 0K [0x00000000d5580000, 0x0000000100000000, 0x0000000100000000)
  eden space 524800K, 0% used [0x00000000d5580000,0x00000000d5580000,0x00000000f5600000)
  from space 87040K, 0% used [0x00000000fab00000,0x00000000fab00000,0x0000000100000000)
  to   space 87040K, 0% used [0x00000000f5600000,0x00000000f5600000,0x00000000fab00000)
 ParOldGen       total 1398272K, used 24680K [0x0000000080000000, 0x00000000d5580000, 0x00000000d5580000)
  object space 1398272K, 1% used [0x0000000080000000,0x000000008181a2c8,0x00000000d5580000)
 Metaspace       used 57469K, capacity 58820K, committed 59008K, reserved 1101824K
  class space    used 6675K, capacity 6946K, committed 7040K, reserved 1048576K
}
Event: 62.272 GC heap before
{Heap before GC invocations=8 (full 3):
 PSYoungGen      total 611840K, used 524800K [0x00000000d5580000, 0x0000000100000000, 0x0000000100000000)
  eden space 524800K, 100% used [0x00000000d5580000,0x00000000f5600000,0x00000000f5600000)
  from space 87040K, 0% used [0x00000000fab00000,0x00000000fab00000,0x0000000100000000)
  to   space 87040K, 0% used [0x00000000f5600000,0x00000000f5600000,0x00000000fab00000)
 ParOldGen       total 1398272K, used 24680K [0x0000000080000000, 0x00000000d5580000, 0x00000000d5580000)
  object space 1398272K, 1% used [0x0000000080000000,0x000000008181a2c8,0x00000000d5580000)
 Metaspace       used 61436K, capacity 63572K, committed 63872K, reserved 1105920K
  class space    used 7093K, capacity 7496K, committed 7552K, reserved 1048576K
Event: 62.344 GC heap after
Heap after GC invocations=8 (full 3):
 PSYoungGen      total 550400K, used 25568K [0x00000000d5580000, 0x00000000fab80000, 0x0000000100000000)
  eden space 524800K, 0% used [0x00000000d5580000,0x00000000d5580000,0x00000000f5600000)
  from space 25600K, 99% used [0x00000000f5600000,0x00000000f6ef8060,0x00000000f6f00000)
  to   space 33280K, 0% used [0x00000000f8b00000,0x00000000f8b00000,0x00000000fab80000)
 ParOldGen       total 1398272K, used 24688K [0x0000000080000000, 0x00000000d5580000, 0x00000000d5580000)
  object space 1398272K, 1% used [0x0000000080000000,0x000000008181c2c8,0x00000000d5580000)
 Metaspace       used 61436K, capacity 63572K, committed 63872K, reserved 1105920K
  class space    used 7093K, capacity 7496K, committed 7552K, reserved 1048576K
}
Event: 144.817 GC heap before
{Heap before GC invocations=9 (full 3):
 PSYoungGen      total 550400K, used 550368K [0x00000000d5580000, 0x00000000fab80000, 0x0000000100000000)
  eden space 524800K, 100% used [0x00000000d5580000,0x00000000f5600000,0x00000000f5600000)
  from space 25600K, 99% used [0x00000000f5600000,0x00000000f6ef8060,0x00000000f6f00000)
  to   space 33280K, 0% used [0x00000000f8b00000,0x00000000f8b00000,0x00000000fab80000)
 ParOldGen       total 1398272K, used 24688K [0x0000000080000000, 0x00000000d5580000, 0x00000000d5580000)
  object space 1398272K, 1% used [0x0000000080000000,0x000000008181c2c8,0x00000000d5580000)
 Metaspace       used 67668K, capacity 70598K, committed 70784K, reserved 1112064K
  class space    used 7671K, capacity 8217K, committed 8320K, reserved 1048576K
Event: 144.978 GC heap after
Heap after GC invocations=9 (full 3):
 PSYoungGen      total 555520K, used 33254K [0x00000000d5580000, 0x0000000100000000, 0x0000000100000000)
  eden space 522240K, 0% used [0x00000000d5580000,0x00000000d5580000,0x00000000f5380000)
  from space 33280K, 99% used [0x00000000f8b00000,0x00000000fab79908,0x00000000fab80000)
  to   space 56832K, 0% used [0x00000000f5380000,0x00000000f5380000,0x00000000f8b00000)
 ParOldGen       total 1398272K, used 57188K [0x0000000080000000, 0x00000000d5580000, 0x00000000d5580000)
  object space 1398272K, 4% used [0x0000000080000000,0x00000000837d9098,0x00000000d5580000)
 Metaspace       used 67668K, capacity 70598K, committed 70784K, reserved 1112064K
  class space    used 7671K, capacity 8217K, committed 8320K, reserved 1048576K
}

