# JRE version: OpenJDK Runtime Environment (8.0_212-b04) (build 1.8.0_212-b04)
# Java VM: OpenJDK 64-Bit Server VM (25.212-b04 mixed mode linux-amd64 compressed oops)
Heap:
 PSYoungGen      total 611840K, used 169953K [0x00000000d5580000, 0x0000000100000000, 0x0000000100000000)
  eden space 524800K, 32% used [0x00000000d5580000,0x00000000dfb78520,0x00000000f5600000)
  from space 87040K, 0% used [0x00000000f5600000,0x00000000f5600000,0x00000000fab00000)
  to   space 87040K, 0% used [0x00000000fab00000,0x00000000fab00000,0x0000000100000000)
 ParOldGen       total 1398272K, used 42393K [0x0000000080000000, 0x00000000d5580000, 0x00000000d5580000)
  object space 1398272K, 3% used [0x0000000080000000,0x00000000829665f8,0x00000000d5580000)
 Metaspace       used 63060K, capacity 66380K, committed 66688K, reserved 1107968K
  class space    used 7403K, capacity 8002K, committed 8064K, reserved 1048576K
GC Heap History (10 events):
Event: 2.003 GC heap before
{Heap before GC invocations=2 (full 1):
 PSYoungGen      total 611840K, used 14363K [0x00000000d5580000, 0x0000000100000000, 0x0000000100000000)
  eden space 524800K, 0% used [0x00000000d5580000,0x00000000d5580000,0x00000000f5600000)
  from space 87040K, 16% used [0x00000000f5600000,0x00000000f6406d40,0x00000000fab00000)
  to   space 87040K, 0% used [0x00000000fab00000,0x00000000fab00000,0x0000000100000000)
 ParOldGen       total 1398272K, used 80K [0x0000000080000000, 0x00000000d5580000, 0x00000000d5580000)
  object space 1398272K, 0% used [0x0000000080000000,0x0000000080014010,0x00000000d5580000)
 Metaspace       used 20831K, capacity 21106K, committed 21248K, reserved 1069056K
  class space    used 2366K, capacity 2482K, committed 2560K, reserved 1048576K
Event: 2.058 GC heap after
Heap after GC invocations=2 (full 1):
 PSYoungGen      total 611840K, used 0K [0x00000000d5580000, 0x0000000100000000, 0x0000000100000000)
  eden space 524800K, 0% used [0x00000000d5580000,0x00000000d5580000,0x00000000f5600000)
  from space 87040K, 0% used [0x00000000f5600000,0x00000000f5600000,0x00000000fab00000)
  to   space 87040K, 0% used [0x00000000fab00000,0x00000000fab00000,0x0000000100000000)
 ParOldGen       total 871936K, used 13828K [0x0000000080000000, 0x00000000b5380000, 0x00000000d5580000)
  object space 871936K, 1% used [0x0000000080000000,0x0000000080d81040,0x00000000b5380000)
 Metaspace       used 20831K, capacity 21106K, committed 21248K, reserved 1069056K
  class space    used 2366K, capacity 2482K, committed 2560K, reserved 1048576K
}
Event: 4.075 GC heap before
{Heap before GC invocations=3 (full 1):
 PSYoungGen      total 611840K, used 403060K [0x00000000d5580000, 0x0000000100000000, 0x0000000100000000)
  eden space 524800K, 76% used [0x00000000d5580000,0x00000000edf1d3e8,0x00000000f5600000)
  from space 87040K, 0% used [0x00000000f5600000,0x00000000f5600000,0x00000000fab00000)
  to   space 87040K, 0% used [0x00000000fab00000,0x00000000fab00000,0x0000000100000000)
 ParOldGen       total 871936K, used 13828K [0x0000000080000000, 0x00000000b5380000, 0x00000000d5580000)
  object space 871936K, 1% used [0x0000000080000000,0x0000000080d81040,0x00000000b5380000)
 Metaspace       used 34804K, capacity 35156K, committed 35416K, reserved 1081344K
  class space    used 3962K, capacity 4060K, committed 4096K, reserved 1048576K
Event: 4.110 GC heap after
Heap after GC invocations=3 (full 1):
 PSYoungGen      total 611840K, used 19264K [0x00000000d5580000, 0x0000000100000000, 0x0000000100000000)
  eden space 524800K, 0% used [0x00000000d5580000,0x00000000d5580000,0x00000000f5600000)
  from space 87040K, 22% used [0x00000000fab00000,0x00000000fbdd0130,0x0000000100000000)
  to   space 87040K, 0% used [0x00000000f5600000,0x00000000f5600000,0x00000000fab00000)
 ParOldGen       total 871936K, used 13828K [0x0000000080000000, 0x00000000b5380000, 0x00000000d5580000)
  object space 871936K, 1% used [0x0000000080000000,0x0000000080d81040,0x00000000b5380000)
 Metaspace       used 34804K, capacity 35156K, committed 35416K, reserved 1081344K
  class space    used 3962K, capacity 4060K, committed 4096K, reserved 1048576K
}
Event: 4.111 GC heap before
{Heap before GC invocations=4 (full 2):
 PSYoungGen      total 611840K, used 19264K [0x00000000d5580000, 0x0000000100000000, 0x0000000100000000)
  eden space 524800K, 0% used [0x00000000d5580000,0x00000000d5580000,0x00000000f5600000)
  from space 87040K, 22% used [0x00000000fab00000,0x00000000fbdd0130,0x0000000100000000)
  to   space 87040K, 0% used [0x00000000f5600000,0x00000000f5600000,0x00000000fab00000)
 ParOldGen       total 871936K, used 13828K [0x0000000080000000, 0x00000000b5380000, 0x00000000d5580000)
  object space 871936K, 1% used [0x0000000080000000,0x0000000080d81040,0x00000000b5380000)
 Metaspace       used 34804K, capacity 35156K, committed 35416K, reserved 1081344K
  class space    used 3962K, capacity 4060K, committed 4096K, reserved 1048576K
Event: 4.215 GC heap after
Heap after GC invocations=4 (full 2):
 PSYoungGen      total 611840K, used 0K [0x00000000d5580000, 0x0000000100000000, 0x0000000100000000)
  eden space 524800K, 0% used [0x00000000d5580000,0x00000000d5580000,0x00000000f5600000)
  from space 87040K, 0% used [0x00000000fab00000,0x00000000fab00000,0x0000000100000000)
  to   space 87040K, 0% used [0x00000000f5600000,0x00000000f5600000,0x00000000fab00000)
 ParOldGen       total 1398272K, used 23571K [0x0000000080000000, 0x00000000d5580000, 0x00000000d5580000)
  object space 1398272K, 1% used [0x0000000080000000,0x0000000081704d98,0x00000000d5580000)
 Metaspace       used 34804K, capacity 35156K, committed 35416K, reserved 1081344K
  class space    used 3962K, capacity 4060K, committed 4096K, reserved 1048576K
}
Event: 10.819 GC heap before
{Heap before GC invocations=5 (full 2):
 PSYoungGen      total 611840K, used 456207K [0x00000000d5580000, 0x0000000100000000, 0x0000000100000000)
  eden space 524800K, 86% used [0x00000000d5580000,0x00000000f1303d60,0x00000000f5600000)
  from space 87040K, 0% used [0x00000000fab00000,0x00000000fab00000,0x0000000100000000)
  to   space 87040K, 0% used [0x00000000f5600000,0x00000000f5600000,0x00000000fab00000)
 ParOldGen       total 1398272K, used 23571K [0x0000000080000000, 0x00000000d5580000, 0x00000000d5580000)
  object space 1398272K, 1% used [0x0000000080000000,0x0000000081704d98,0x00000000d5580000)
 Metaspace       used 57556K, capacity 59000K, committed 59028K, reserved 1101824K
  class space    used 6655K, capacity 6908K, committed 6912K, reserved 1048576K
Event: 10.867 GC heap after
Heap after GC invocations=5 (full 2):
 PSYoungGen      total 611840K, used 31915K [0x00000000d5580000, 0x0000000100000000, 0x0000000100000000)
  eden space 524800K, 0% used [0x00000000d5580000,0x00000000d5580000,0x00000000f5600000)
  from space 87040K, 36% used [0x00000000f5600000,0x00000000f752ac48,0x00000000fab00000)
  to   space 87040K, 0% used [0x00000000fab00000,0x00000000fab00000,0x0000000100000000)
 ParOldGen       total 1398272K, used 23579K [0x0000000080000000, 0x00000000d5580000, 0x00000000d5580000)
  object space 1398272K, 1% used [0x0000000080000000,0x0000000081706d98,0x00000000d5580000)
 Metaspace       used 57556K, capacity 59000K, committed 59028K, reserved 1101824K
  class space    used 6655K, capacity 6908K, committed 6912K, reserved 1048576K
}
Event: 10.867 GC heap before
{Heap before GC invocations=6 (full 3):
 PSYoungGen      total 611840K, used 31915K [0x00000000d5580000, 0x0000000100000000, 0x0000000100000000)
  eden space 524800K, 0% used [0x00000000d5580000,0x00000000d5580000,0x00000000f5600000)
  from space 87040K, 36% used [0x00000000f5600000,0x00000000f752ac48,0x00000000fab00000)
  to   space 87040K, 0% used [0x00000000fab00000,0x00000000fab00000,0x0000000100000000)
 ParOldGen       total 1398272K, used 23579K [0x0000000080000000, 0x00000000d5580000, 0x00000000d5580000)
  object space 1398272K, 1% used [0x0000000080000000,0x0000000081706d98,0x00000000d5580000)
 Metaspace       used 57556K, capacity 59000K, committed 59028K, reserved 1101824K
  class space    used 6655K, capacity 6908K, committed 6912K, reserved 1048576K
Event: 11.079 GC heap after
Heap after GC invocations=6 (full 3):
 PSYoungGen      total 611840K, used 0K [0x00000000d5580000, 0x0000000100000000, 0x0000000100000000)
  eden space 524800K, 0% used [0x00000000d5580000,0x00000000d5580000,0x00000000f5600000)
  from space 87040K, 0% used [0x00000000f5600000,0x00000000f5600000,0x00000000fab00000)
  to   space 87040K, 0% used [0x00000000fab00000,0x00000000fab00000,0x0000000100000000)
 ParOldGen       total 1398272K, used 42393K [0x0000000080000000, 0x00000000d5580000, 0x00000000d5580000)
  object space 1398272K, 3% used [0x0000000080000000,0x00000000829665f8,0x00000000d5580000)
 Metaspace       used 57510K, capacity 58870K, committed 59028K, reserved 1101824K
  class space    used 6639K, capacity 6881K, committed 6912K, reserved 1048576K
}

