# JRE version: OpenJDK Runtime Environment (8.0_212-b04) (build 1.8.0_212-b04)
# Java VM: OpenJDK 64-Bit Server VM (25.212-b04 mixed mode linux-amd64 compressed oops)
Heap:
 PSYoungGen      total 465920K, used 266434K [0x00000000d5580000, 0x0000000100000000, 0x0000000100000000)
  eden space 232960K, 63% used [0x00000000d5580000,0x00000000de6aaa28,0x00000000e3900000)
  from space 232960K, 50% used [0x00000000f1c80000,0x00000000f8f860e0,0x0000000100000000)
  to   space 232960K, 0% used [0x00000000e3900000,0x00000000e3900000,0x00000000f1c80000)
 ParOldGen       total 1398272K, used 338597K [0x0000000080000000, 0x00000000d5580000, 0x00000000d5580000)
  object space 1398272K, 24% used [0x0000000080000000,0x0000000094aa9490,0x00000000d5580000)
 Metaspace       used 75160K, capacity 80872K, committed 81024K, reserved 1120256K
  class space    used 8371K, capacity 9296K, committed 9344K, reserved 1048576K
GC Heap History (10 events):
Event: 35.641 GC heap before
{Heap before GC invocations=9 (full 3):
 PSYoungGen      total 611840K, used 611838K [0x00000000d5580000, 0x00000000ffd00000, 0x0000000100000000)
  eden space 524800K, 100% used [0x00000000d5580000,0x00000000f5600000,0x00000000f5600000)
  from space 87040K, 99% used [0x00000000f5600000,0x00000000faaff970,0x00000000fab00000)
  to   space 83968K, 0% used [0x00000000fab00000,0x00000000fab00000,0x00000000ffd00000)
 ParOldGen       total 1398272K, used 57276K [0x0000000080000000, 0x00000000d5580000, 0x00000000d5580000)
  object space 1398272K, 4% used [0x0000000080000000,0x00000000837ef028,0x00000000d5580000)
 Metaspace       used 70746K, capacity 75828K, committed 76032K, reserved 1116160K
  class space    used 8052K, capacity 8896K, committed 8960K, reserved 1048576K
Event: 35.864 GC heap after
Heap after GC invocations=9 (full 3):
 PSYoungGen      total 442880K, used 83938K [0x00000000d5580000, 0x0000000100000000, 0x0000000100000000)
  eden space 358912K, 0% used [0x00000000d5580000,0x00000000d5580000,0x00000000eb400000)
  from space 83968K, 99% used [0x00000000fab00000,0x00000000ffcf8b48,0x00000000ffd00000)
  to   space 169984K, 0% used [0x00000000eb400000,0x00000000eb400000,0x00000000f5a00000)
 ParOldGen       total 1398272K, used 174890K [0x0000000080000000, 0x00000000d5580000, 0x00000000d5580000)
  object space 1398272K, 12% used [0x0000000080000000,0x000000008aaca840,0x00000000d5580000)
 Metaspace       used 70746K, capacity 75828K, committed 76032K, reserved 1116160K
  class space    used 8052K, capacity 8896K, committed 8960K, reserved 1048576K
}
Event: 46.500 GC heap before
{Heap before GC invocations=10 (full 3):
 PSYoungGen      total 442880K, used 442850K [0x00000000d5580000, 0x0000000100000000, 0x0000000100000000)
  eden space 358912K, 100% used [0x00000000d5580000,0x00000000eb400000,0x00000000eb400000)
  from space 83968K, 99% used [0x00000000fab00000,0x00000000ffcf8b48,0x00000000ffd00000)
  to   space 169984K, 0% used [0x00000000eb400000,0x00000000eb400000,0x00000000f5a00000)
 ParOldGen       total 1398272K, used 174890K [0x0000000080000000, 0x00000000d5580000, 0x00000000d5580000)
  object space 1398272K, 12% used [0x0000000080000000,0x000000008aaca840,0x00000000d5580000)
 Metaspace       used 72419K, capacity 77822K, committed 77952K, reserved 1118208K
  class space    used 8155K, capacity 9043K, committed 9088K, reserved 1048576K
Event: 46.637 GC heap after
Heap after GC invocations=10 (full 3):
 PSYoungGen      total 528896K, used 169977K [0x00000000d5580000, 0x0000000100000000, 0x0000000100000000)
  eden space 358912K, 0% used [0x00000000d5580000,0x00000000d5580000,0x00000000eb400000)
  from space 169984K, 99% used [0x00000000eb400000,0x00000000f59fe410,0x00000000f5a00000)
  to   space 169984K, 0% used [0x00000000f5a00000,0x00000000f5a00000,0x0000000100000000)
 ParOldGen       total 1398272K, used 205206K [0x0000000080000000, 0x00000000d5580000, 0x00000000d5580000)
  object space 1398272K, 14% used [0x0000000080000000,0x000000008c865948,0x00000000d5580000)
 Metaspace       used 72419K, capacity 77822K, committed 77952K, reserved 1118208K
  class space    used 8155K, capacity 9043K, committed 9088K, reserved 1048576K
}
Event: 58.757 GC heap before
{Heap before GC invocations=11 (full 3):
 PSYoungGen      total 528896K, used 528889K [0x00000000d5580000, 0x0000000100000000, 0x0000000100000000)
  eden space 358912K, 100% used [0x00000000d5580000,0x00000000eb400000,0x00000000eb400000)
  from space 169984K, 99% used [0x00000000eb400000,0x00000000f59fe410,0x00000000f5a00000)
  to   space 169984K, 0% used [0x00000000f5a00000,0x00000000f5a00000,0x0000000100000000)
 ParOldGen       total 1398272K, used 205206K [0x0000000080000000, 0x00000000d5580000, 0x00000000d5580000)
  object space 1398272K, 14% used [0x0000000080000000,0x000000008c865948,0x00000000d5580000)
 Metaspace       used 73974K, capacity 79528K, committed 79616K, reserved 1120256K
  class space    used 8267K, capacity 9182K, committed 9216K, reserved 1048576K
Event: 59.061 GC heap after
Heap after GC invocations=11 (full 3):
 PSYoungGen      total 402944K, used 169980K [0x00000000d5580000, 0x0000000100000000, 0x0000000100000000)
  eden space 232960K, 0% used [0x00000000d5580000,0x00000000d5580000,0x00000000e3900000)
  from space 169984K, 99% used [0x00000000f5a00000,0x00000000fffff020,0x0000000100000000)
  to   space 232960K, 0% used [0x00000000e3900000,0x00000000e3900000,0x00000000f1c80000)
 ParOldGen       total 1398272K, used 251537K [0x0000000080000000, 0x00000000d5580000, 0x00000000d5580000)
  object space 1398272K, 17% used [0x0000000080000000,0x000000008f5a44a8,0x00000000d5580000)
 Metaspace       used 73974K, capacity 79528K, committed 79616K, reserved 1120256K
  class space    used 8267K, capacity 9182K, committed 9216K, reserved 1048576K
}
Event: 64.704 GC heap before
{Heap before GC invocations=12 (full 3):
 PSYoungGen      total 402944K, used 402940K [0x00000000d5580000, 0x0000000100000000, 0x0000000100000000)
  eden space 232960K, 100% used [0x00000000d5580000,0x00000000e3900000,0x00000000e3900000)
  from space 169984K, 99% used [0x00000000f5a00000,0x00000000fffff020,0x0000000100000000)
  to   space 232960K, 0% used [0x00000000e3900000,0x00000000e3900000,0x00000000f1c80000)
 ParOldGen       total 1398272K, used 251537K [0x0000000080000000, 0x00000000d5580000, 0x00000000d5580000)
  object space 1398272K, 17% used [0x0000000080000000,0x000000008f5a44a8,0x00000000d5580000)
 Metaspace       used 74479K, capacity 80052K, committed 80256K, reserved 1120256K
  class space    used 8316K, capacity 9222K, committed 9344K, reserved 1048576K
Event: 64.856 GC heap after
Heap after GC invocations=12 (full 3):
 PSYoungGen      total 465920K, used 87373K [0x00000000d5580000, 0x0000000100000000, 0x0000000100000000)
  eden space 232960K, 0% used [0x00000000d5580000,0x00000000d5580000,0x00000000e3900000)
  from space 232960K, 37% used [0x00000000e3900000,0x00000000e8e53530,0x00000000f1c80000)
  to   space 232960K, 0% used [0x00000000f1c80000,0x00000000f1c80000,0x0000000100000000)
 ParOldGen       total 1398272K, used 329463K [0x0000000080000000, 0x00000000d5580000, 0x00000000d5580000)
  object space 1398272K, 23% used [0x0000000080000000,0x00000000941bde30,0x00000000d5580000)
 Metaspace       used 74479K, capacity 80052K, committed 80256K, reserved 1120256K
  class space    used 8316K, capacity 9222K, committed 9344K, reserved 1048576K
}
Event: 73.910 GC heap before
{Heap before GC invocations=13 (full 3):
 PSYoungGen      total 465920K, used 320333K [0x00000000d5580000, 0x0000000100000000, 0x0000000100000000)
  eden space 232960K, 100% used [0x00000000d5580000,0x00000000e3900000,0x00000000e3900000)
  from space 232960K, 37% used [0x00000000e3900000,0x00000000e8e53530,0x00000000f1c80000)
  to   space 232960K, 0% used [0x00000000f1c80000,0x00000000f1c80000,0x0000000100000000)
 ParOldGen       total 1398272K, used 329463K [0x0000000080000000, 0x00000000d5580000, 0x00000000d5580000)
  object space 1398272K, 23% used [0x0000000080000000,0x00000000941bde30,0x00000000d5580000)
 Metaspace       used 75107K, capacity 80808K, committed 81024K, reserved 1120256K
  class space    used 8366K, capacity 9296K, committed 9344K, reserved 1048576K
Event: 74.077 GC heap after
Heap after GC invocations=13 (full 3):
 PSYoungGen      total 465920K, used 117784K [0x00000000d5580000, 0x0000000100000000, 0x0000000100000000)
  eden space 232960K, 0% used [0x00000000d5580000,0x00000000d5580000,0x00000000e3900000)
  from space 232960K, 50% used [0x00000000f1c80000,0x00000000f8f860e0,0x0000000100000000)
  to   space 232960K, 0% used [0x00000000e3900000,0x00000000e3900000,0x00000000f1c80000)
 ParOldGen       total 1398272K, used 338597K [0x0000000080000000, 0x00000000d5580000, 0x00000000d5580000)
  object space 1398272K, 24% used [0x0000000080000000,0x0000000094aa9490,0x00000000d5580000)
 Metaspace       used 75107K, capacity 80808K, committed 81024K, reserved 1120256K
  class space    used 8366K, capacity 9296K, committed 9344K, reserved 1048576K
}

