# JRE version: OpenJDK Runtime Environment (8.0_212-b04) (build 1.8.0_212-b04)
# Java VM: OpenJDK 64-Bit Server VM (25.212-b04 mixed mode linux-amd64 compressed oops)
Heap:
 PSYoungGen      total 611840K, used 291776K [0x00000000d5580000, 0x0000000100000000, 0x0000000100000000)
  eden space 524800K, 55% used [0x00000000d5580000,0x00000000e7270210,0x00000000f5600000)
  from space 87040K, 0% used [0x00000000fab00000,0x00000000fab00000,0x0000000100000000)
  to   space 87040K, 0% used [0x00000000f5600000,0x00000000f5600000,0x00000000fab00000)
 ParOldGen       total 1398272K, used 29890K [0x0000000080000000, 0x00000000d5580000, 0x00000000d5580000)
  object space 1398272K, 2% used [0x0000000080000000,0x0000000081d308f8,0x00000000d5580000)
 Metaspace       used 64612K, capacity 67412K, committed 67712K, reserved 1110016K
  class space    used 7440K, capacity 7940K, committed 8064K, reserved 1048576K
GC Heap History (10 events):
Event: 4.569 GC heap before
{Heap before GC invocations=3 (full 1):
 PSYoungGen      total 611840K, used 393618K [0x00000000d5580000, 0x0000000100000000, 0x0000000100000000)
  eden space 524800K, 75% used [0x00000000d5580000,0x00000000ed5e4850,0x00000000f5600000)
  from space 87040K, 0% used [0x00000000f5600000,0x00000000f5600000,0x00000000fab00000)
  to   space 87040K, 0% used [0x00000000fab00000,0x00000000fab00000,0x0000000100000000)
 ParOldGen       total 893440K, used 14365K [0x0000000080000000, 0x00000000b6880000, 0x00000000d5580000)
  object space 893440K, 1% used [0x0000000080000000,0x0000000080e07690,0x00000000b6880000)
 Metaspace       used 34573K, capacity 34962K, committed 35416K, reserved 1081344K
  class space    used 3942K, capacity 4059K, committed 4096K, reserved 1048576K
Event: 4.593 GC heap after
Heap after GC invocations=3 (full 1):
 PSYoungGen      total 611840K, used 18739K [0x00000000d5580000, 0x0000000100000000, 0x0000000100000000)
  eden space 524800K, 0% used [0x00000000d5580000,0x00000000d5580000,0x00000000f5600000)
  from space 87040K, 21% used [0x00000000fab00000,0x00000000fbd4cfc8,0x0000000100000000)
  to   space 87040K, 0% used [0x00000000f5600000,0x00000000f5600000,0x00000000fab00000)
 ParOldGen       total 893440K, used 14365K [0x0000000080000000, 0x00000000b6880000, 0x00000000d5580000)
  object space 893440K, 1% used [0x0000000080000000,0x0000000080e07690,0x00000000b6880000)
 Metaspace       used 34573K, capacity 34962K, committed 35416K, reserved 1081344K
  class space    used 3942K, capacity 4059K, committed 4096K, reserved 1048576K
}
Event: 4.593 GC heap before
{Heap before GC invocations=4 (full 2):
 PSYoungGen      total 611840K, used 18739K [0x00000000d5580000, 0x0000000100000000, 0x0000000100000000)
  eden space 524800K, 0% used [0x00000000d5580000,0x00000000d5580000,0x00000000f5600000)
  from space 87040K, 21% used [0x00000000fab00000,0x00000000fbd4cfc8,0x0000000100000000)
  to   space 87040K, 0% used [0x00000000f5600000,0x00000000f5600000,0x00000000fab00000)
 ParOldGen       total 893440K, used 14365K [0x0000000080000000, 0x00000000b6880000, 0x00000000d5580000)
  object space 893440K, 1% used [0x0000000080000000,0x0000000080e07690,0x00000000b6880000)
 Metaspace       used 34573K, capacity 34962K, committed 35416K, reserved 1081344K
  class space    used 3942K, capacity 4059K, committed 4096K, reserved 1048576K
Event: 4.696 GC heap after
Heap after GC invocations=4 (full 2):
 PSYoungGen      total 611840K, used 0K [0x00000000d5580000, 0x0000000100000000, 0x0000000100000000)
  eden space 524800K, 0% used [0x00000000d5580000,0x00000000d5580000,0x00000000f5600000)
  from space 87040K, 0% used [0x00000000fab00000,0x00000000fab00000,0x0000000100000000)
  to   space 87040K, 0% used [0x00000000f5600000,0x00000000f5600000,0x00000000fab00000)
 ParOldGen       total 1398272K, used 23476K [0x0000000080000000, 0x00000000d5580000, 0x00000000d5580000)
  object space 1398272K, 1% used [0x0000000080000000,0x00000000816ed158,0x00000000d5580000)
 Metaspace       used 34573K, capacity 34962K, committed 35416K, reserved 1081344K
  class space    used 3942K, capacity 4059K, committed 4096K, reserved 1048576K
}
Event: 10.551 GC heap before
{Heap before GC invocations=5 (full 2):
 PSYoungGen      total 611840K, used 524800K [0x00000000d5580000, 0x0000000100000000, 0x0000000100000000)
  eden space 524800K, 100% used [0x00000000d5580000,0x00000000f5600000,0x00000000f5600000)
  from space 87040K, 0% used [0x00000000fab00000,0x00000000fab00000,0x0000000100000000)
  to   space 87040K, 0% used [0x00000000f5600000,0x00000000f5600000,0x00000000fab00000)
 ParOldGen       total 1398272K, used 23476K [0x0000000080000000, 0x00000000d5580000, 0x00000000d5580000)
  object space 1398272K, 1% used [0x0000000080000000,0x00000000816ed158,0x00000000d5580000)
 Metaspace       used 50884K, capacity 52206K, committed 52352K, reserved 1095680K
  class space    used 6013K, capacity 6251K, committed 6272K, reserved 1048576K
Event: 10.607 GC heap after
Heap after GC invocations=5 (full 2):
 PSYoungGen      total 611840K, used 22461K [0x00000000d5580000, 0x0000000100000000, 0x0000000100000000)
  eden space 524800K, 0% used [0x00000000d5580000,0x00000000d5580000,0x00000000f5600000)
  from space 87040K, 25% used [0x00000000f5600000,0x00000000f6bef508,0x00000000fab00000)
  to   space 87040K, 0% used [0x00000000fab00000,0x00000000fab00000,0x0000000100000000)
 ParOldGen       total 1398272K, used 23484K [0x0000000080000000, 0x00000000d5580000, 0x00000000d5580000)
  object space 1398272K, 1% used [0x0000000080000000,0x00000000816ef158,0x00000000d5580000)
 Metaspace       used 50884K, capacity 52206K, committed 52352K, reserved 1095680K
  class space    used 6013K, capacity 6251K, committed 6272K, reserved 1048576K
}
Event: 11.869 GC heap before
{Heap before GC invocations=6 (full 2):
 PSYoungGen      total 611840K, used 194667K [0x00000000d5580000, 0x0000000100000000, 0x0000000100000000)
  eden space 524800K, 32% used [0x00000000d5580000,0x00000000dfdaba08,0x00000000f5600000)
  from space 87040K, 25% used [0x00000000f5600000,0x00000000f6bef508,0x00000000fab00000)
  to   space 87040K, 0% used [0x00000000fab00000,0x00000000fab00000,0x0000000100000000)
 ParOldGen       total 1398272K, used 23484K [0x0000000080000000, 0x00000000d5580000, 0x00000000d5580000)
  object space 1398272K, 1% used [0x0000000080000000,0x00000000816ef158,0x00000000d5580000)
 Metaspace       used 57325K, capacity 58744K, committed 59008K, reserved 1101824K
  class space    used 6631K, capacity 6924K, committed 7040K, reserved 1048576K
Event: 11.900 GC heap after
Heap after GC invocations=6 (full 2):
 PSYoungGen      total 611840K, used 18267K [0x00000000d5580000, 0x0000000100000000, 0x0000000100000000)
  eden space 524800K, 0% used [0x00000000d5580000,0x00000000d5580000,0x00000000f5600000)
  from space 87040K, 20% used [0x00000000fab00000,0x00000000fbcd6e78,0x0000000100000000)
  to   space 87040K, 0% used [0x00000000f5600000,0x00000000f5600000,0x00000000fab00000)
 ParOldGen       total 1398272K, used 23492K [0x0000000080000000, 0x00000000d5580000, 0x00000000d5580000)
  object space 1398272K, 1% used [0x0000000080000000,0x00000000816f1158,0x00000000d5580000)
 Metaspace       used 57325K, capacity 58744K, committed 59008K, reserved 1101824K
  class space    used 6631K, capacity 6924K, committed 7040K, reserved 1048576K
}
Event: 11.900 GC heap before
{Heap before GC invocations=7 (full 3):
 PSYoungGen      total 611840K, used 18267K [0x00000000d5580000, 0x0000000100000000, 0x0000000100000000)
  eden space 524800K, 0% used [0x00000000d5580000,0x00000000d5580000,0x00000000f5600000)
  from space 87040K, 20% used [0x00000000fab00000,0x00000000fbcd6e78,0x0000000100000000)
  to   space 87040K, 0% used [0x00000000f5600000,0x00000000f5600000,0x00000000fab00000)
 ParOldGen       total 1398272K, used 23492K [0x0000000080000000, 0x00000000d5580000, 0x00000000d5580000)
  object space 1398272K, 1% used [0x0000000080000000,0x00000000816f1158,0x00000000d5580000)
 Metaspace       used 57325K, capacity 58744K, committed 59008K, reserved 1101824K
  class space    used 6631K, capacity 6924K, committed 7040K, reserved 1048576K
Event: 12.148 GC heap after
Heap after GC invocations=7 (full 3):
 PSYoungGen      total 611840K, used 0K [0x00000000d5580000, 0x0000000100000000, 0x0000000100000000)
  eden space 524800K, 0% used [0x00000000d5580000,0x00000000d5580000,0x00000000f5600000)
  from space 87040K, 0% used [0x00000000fab00000,0x00000000fab00000,0x0000000100000000)
  to   space 87040K, 0% used [0x00000000f5600000,0x00000000f5600000,0x00000000fab00000)
 ParOldGen       total 1398272K, used 29890K [0x0000000080000000, 0x00000000d5580000, 0x00000000d5580000)
  object space 1398272K, 2% used [0x0000000080000000,0x0000000081d308f8,0x00000000d5580000)
 Metaspace       used 57306K, capacity 58696K, committed 59008K, reserved 1101824K
  class space    used 6624K, capacity 6912K, committed 7040K, reserved 1048576K
}

