# JRE version: OpenJDK Runtime Environment (8.0_212-b04) (build 1.8.0_212-b04)
# Java VM: OpenJDK 64-Bit Server VM (25.212-b04 mixed mode linux-amd64 compressed oops)
Heap:
 PSYoungGen      total 611840K, used 440987K [0x00000000d5580000, 0x0000000100000000, 0x0000000100000000)
  eden space 524800K, 84% used [0x00000000d5580000,0x00000000f0426f70,0x00000000f5600000)
  from space 87040K, 0% used [0x00000000f5600000,0x00000000f5600000,0x00000000fab00000)
  to   space 87040K, 0% used [0x00000000fab00000,0x00000000fab00000,0x0000000100000000)
 ParOldGen       total 1398272K, used 44317K [0x0000000080000000, 0x00000000d5580000, 0x00000000d5580000)
  object space 1398272K, 3% used [0x0000000080000000,0x0000000082b476c8,0x00000000d5580000)
 Metaspace       used 66838K, capacity 69742K, committed 69888K, reserved 1112064K
  class space    used 7644K, capacity 8181K, committed 8192K, reserved 1048576K
GC Heap History (10 events):
Event: 2.563 GC heap before
{Heap before GC invocations=2 (full 1):
 PSYoungGen      total 611840K, used 14233K [0x00000000d5580000, 0x0000000100000000, 0x0000000100000000)
  eden space 524800K, 0% used [0x00000000d5580000,0x00000000d5580000,0x00000000f5600000)
  from space 87040K, 16% used [0x00000000f5600000,0x00000000f63e67f0,0x00000000fab00000)
  to   space 87040K, 0% used [0x00000000fab00000,0x00000000fab00000,0x0000000100000000)
 ParOldGen       total 1398272K, used 80K [0x0000000080000000, 0x00000000d5580000, 0x00000000d5580000)
  object space 1398272K, 0% used [0x0000000080000000,0x0000000080014010,0x00000000d5580000)
 Metaspace       used 20809K, capacity 21074K, committed 21248K, reserved 1069056K
  class space    used 2358K, capacity 2450K, committed 2560K, reserved 1048576K
Event: 2.652 GC heap after
Heap after GC invocations=2 (full 1):
 PSYoungGen      total 611840K, used 0K [0x00000000d5580000, 0x0000000100000000, 0x0000000100000000)
  eden space 524800K, 0% used [0x00000000d5580000,0x00000000d5580000,0x00000000f5600000)
  from space 87040K, 0% used [0x00000000f5600000,0x00000000f5600000,0x00000000fab00000)
  to   space 87040K, 0% used [0x00000000fab00000,0x00000000fab00000,0x0000000100000000)
 ParOldGen       total 918016K, used 13725K [0x0000000080000000, 0x00000000b8080000, 0x00000000d5580000)
  object space 918016K, 1% used [0x0000000080000000,0x0000000080d67468,0x00000000b8080000)
 Metaspace       used 20809K, capacity 21074K, committed 21248K, reserved 1069056K
  class space    used 2358K, capacity 2450K, committed 2560K, reserved 1048576K
}
Event: 5.180 GC heap before
{Heap before GC invocations=3 (full 1):
 PSYoungGen      total 611840K, used 445492K [0x00000000d5580000, 0x0000000100000000, 0x0000000100000000)
  eden space 524800K, 84% used [0x00000000d5580000,0x00000000f088d0e0,0x00000000f5600000)
  from space 87040K, 0% used [0x00000000f5600000,0x00000000f5600000,0x00000000fab00000)
  to   space 87040K, 0% used [0x00000000fab00000,0x00000000fab00000,0x0000000100000000)
 ParOldGen       total 918016K, used 13725K [0x0000000080000000, 0x00000000b8080000, 0x00000000d5580000)
  object space 918016K, 1% used [0x0000000080000000,0x0000000080d67468,0x00000000b8080000)
 Metaspace       used 34798K, capacity 35156K, committed 35416K, reserved 1081344K
  class space    used 3964K, capacity 4060K, committed 4096K, reserved 1048576K
Event: 5.224 GC heap after
Heap after GC invocations=3 (full 1):
 PSYoungGen      total 611840K, used 19270K [0x00000000d5580000, 0x0000000100000000, 0x0000000100000000)
  eden space 524800K, 0% used [0x00000000d5580000,0x00000000d5580000,0x00000000f5600000)
  from space 87040K, 22% used [0x00000000fab00000,0x00000000fbdd1a28,0x0000000100000000)
  to   space 87040K, 0% used [0x00000000f5600000,0x00000000f5600000,0x00000000fab00000)
 ParOldGen       total 918016K, used 13733K [0x0000000080000000, 0x00000000b8080000, 0x00000000d5580000)
  object space 918016K, 1% used [0x0000000080000000,0x0000000080d69468,0x00000000b8080000)
 Metaspace       used 34798K, capacity 35156K, committed 35416K, reserved 1081344K
  class space    used 3964K, capacity 4060K, committed 4096K, reserved 1048576K
}
Event: 5.224 GC heap before
{Heap before GC invocations=4 (full 2):
 PSYoungGen      total 611840K, used 19270K [0x00000000d5580000, 0x0000000100000000, 0x0000000100000000)
  eden space 524800K, 0% used [0x00000000d5580000,0x00000000d5580000,0x00000000f5600000)
  from space 87040K, 22% used [0x00000000fab00000,0x00000000fbdd1a28,0x0000000100000000)
  to   space 87040K, 0% used [0x00000000f5600000,0x00000000f5600000,0x00000000fab00000)
 ParOldGen       total 918016K, used 13733K [0x0000000080000000, 0x00000000b8080000, 0x00000000d5580000)
  object space 918016K, 1% used [0x0000000080000000,0x0000000080d69468,0x00000000b8080000)
 Metaspace       used 34798K, capacity 35156K, committed 35416K, reserved 1081344K
  class space    used 3964K, capacity 4060K, committed 4096K, reserved 1048576K
Event: 5.331 GC heap after
Heap after GC invocations=4 (full 2):
 PSYoungGen      total 611840K, used 0K [0x00000000d5580000, 0x0000000100000000, 0x0000000100000000)
  eden space 524800K, 0% used [0x00000000d5580000,0x00000000d5580000,0x00000000f5600000)
  from space 87040K, 0% used [0x00000000fab00000,0x00000000fab00000,0x0000000100000000)
  to   space 87040K, 0% used [0x00000000f5600000,0x00000000f5600000,0x00000000fab00000)
 ParOldGen       total 1398272K, used 23572K [0x0000000080000000, 0x00000000d5580000, 0x00000000d5580000)
  object space 1398272K, 1% used [0x0000000080000000,0x00000000817050f0,0x00000000d5580000)
 Metaspace       used 34798K, capacity 35156K, committed 35416K, reserved 1081344K
  class space    used 3964K, capacity 4060K, committed 4096K, reserved 1048576K
}
Event: 12.464 GC heap before
{Heap before GC invocations=5 (full 2):
 PSYoungGen      total 611840K, used 498391K [0x00000000d5580000, 0x0000000100000000, 0x0000000100000000)
  eden space 524800K, 94% used [0x00000000d5580000,0x00000000f3c35d20,0x00000000f5600000)
  from space 87040K, 0% used [0x00000000fab00000,0x00000000fab00000,0x0000000100000000)
  to   space 87040K, 0% used [0x00000000f5600000,0x00000000f5600000,0x00000000fab00000)
 ParOldGen       total 1398272K, used 23572K [0x0000000080000000, 0x00000000d5580000, 0x00000000d5580000)
  object space 1398272K, 1% used [0x0000000080000000,0x00000000817050f0,0x00000000d5580000)
 Metaspace       used 57479K, capacity 58870K, committed 59028K, reserved 1101824K
  class space    used 6623K, capacity 6871K, committed 6912K, reserved 1048576K
Event: 12.560 GC heap after
Heap after GC invocations=5 (full 2):
 PSYoungGen      total 611840K, used 33697K [0x00000000d5580000, 0x0000000100000000, 0x0000000100000000)
  eden space 524800K, 0% used [0x00000000d5580000,0x00000000d5580000,0x00000000f5600000)
  from space 87040K, 38% used [0x00000000f5600000,0x00000000f76e87a8,0x00000000fab00000)
  to   space 87040K, 0% used [0x00000000fab00000,0x00000000fab00000,0x0000000100000000)
 ParOldGen       total 1398272K, used 23580K [0x0000000080000000, 0x00000000d5580000, 0x00000000d5580000)
  object space 1398272K, 1% used [0x0000000080000000,0x00000000817070f0,0x00000000d5580000)
 Metaspace       used 57479K, capacity 58870K, committed 59028K, reserved 1101824K
  class space    used 6623K, capacity 6871K, committed 6912K, reserved 1048576K
}
Event: 12.560 GC heap before
{Heap before GC invocations=6 (full 3):
 PSYoungGen      total 611840K, used 33697K [0x00000000d5580000, 0x0000000100000000, 0x0000000100000000)
  eden space 524800K, 0% used [0x00000000d5580000,0x00000000d5580000,0x00000000f5600000)
  from space 87040K, 38% used [0x00000000f5600000,0x00000000f76e87a8,0x00000000fab00000)
  to   space 87040K, 0% used [0x00000000fab00000,0x00000000fab00000,0x0000000100000000)
 ParOldGen       total 1398272K, used 23580K [0x0000000080000000, 0x00000000d5580000, 0x00000000d5580000)
  object space 1398272K, 1% used [0x0000000080000000,0x00000000817070f0,0x00000000d5580000)
 Metaspace       used 57479K, capacity 58870K, committed 59028K, reserved 1101824K
  class space    used 6623K, capacity 6871K, committed 6912K, reserved 1048576K
Event: 12.837 GC heap after
Heap after GC invocations=6 (full 3):
 PSYoungGen      total 611840K, used 0K [0x00000000d5580000, 0x0000000100000000, 0x0000000100000000)
  eden space 524800K, 0% used [0x00000000d5580000,0x00000000d5580000,0x00000000f5600000)
  from space 87040K, 0% used [0x00000000f5600000,0x00000000f5600000,0x00000000fab00000)
  to   space 87040K, 0% used [0x00000000fab00000,0x00000000fab00000,0x0000000100000000)
 ParOldGen       total 1398272K, used 44317K [0x0000000080000000, 0x00000000d5580000, 0x00000000d5580000)
  object space 1398272K, 3% used [0x0000000080000000,0x0000000082b476c8,0x00000000d5580000)
 Metaspace       used 57441K, capacity 58778K, committed 59028K, reserved 1101824K
  class space    used 6610K, capacity 6849K, committed 6912K, reserved 1048576K
}

