# JRE version: OpenJDK Runtime Environment (8.0_212-b04) (build 1.8.0_212-b04)
# Java VM: OpenJDK 64-Bit Server VM (25.212-b04 mixed mode linux-amd64 compressed oops)
Heap:
 PSYoungGen      total 576512K, used 107010K [0x00000000d5580000, 0x0000000100000000, 0x0000000100000000)
  eden space 521216K, 9% used [0x00000000d5580000,0x00000000d8806550,0x00000000f5280000)
  from space 55296K, 99% used [0x00000000f5280000,0x00000000f887a568,0x00000000f8880000)
  to   space 68608K, 0% used [0x00000000fbd00000,0x00000000fbd00000,0x0000000100000000)
 ParOldGen       total 1398272K, used 54253K [0x0000000080000000, 0x00000000d5580000, 0x00000000d5580000)
  object space 1398272K, 3% used [0x0000000080000000,0x00000000834fb688,0x00000000d5580000)
 Metaspace       used 69173K, capacity 72372K, committed 72704K, reserved 1114112K
  class space    used 7775K, capacity 8362K, committed 8448K, reserved 1048576K
GC Heap History (10 events):
Event: 12.431 GC heap before
{Heap before GC invocations=6 (full 2):
 PSYoungGen      total 611840K, used 67351K [0x00000000d5580000, 0x0000000100000000, 0x0000000100000000)
  eden space 524800K, 7% used [0x00000000d5580000,0x00000000d7b76fd0,0x00000000f5600000)
  from space 87040K, 32% used [0x00000000f5600000,0x00000000f71cec90,0x00000000fab00000)
  to   space 87040K, 0% used [0x00000000fab00000,0x00000000fab00000,0x0000000100000000)
 ParOldGen       total 1398272K, used 23830K [0x0000000080000000, 0x00000000d5580000, 0x00000000d5580000)
  object space 1398272K, 1% used [0x0000000080000000,0x0000000081745880,0x00000000d5580000)
 Metaspace       used 57491K, capacity 58872K, committed 59008K, reserved 1101824K
  class space    used 6666K, capacity 6950K, committed 7040K, reserved 1048576K
Event: 12.451 GC heap after
Heap after GC invocations=6 (full 2):
 PSYoungGen      total 611840K, used 12141K [0x00000000d5580000, 0x0000000100000000, 0x0000000100000000)
  eden space 524800K, 0% used [0x00000000d5580000,0x00000000d5580000,0x00000000f5600000)
  from space 87040K, 13% used [0x00000000fab00000,0x00000000fb6db4d8,0x0000000100000000)
  to   space 87040K, 0% used [0x00000000f5600000,0x00000000f5600000,0x00000000fab00000)
 ParOldGen       total 1398272K, used 23830K [0x0000000080000000, 0x00000000d5580000, 0x00000000d5580000)
  object space 1398272K, 1% used [0x0000000080000000,0x0000000081745880,0x00000000d5580000)
 Metaspace       used 57491K, capacity 58872K, committed 59008K, reserved 1101824K
  class space    used 6666K, capacity 6950K, committed 7040K, reserved 1048576K
}
Event: 12.451 GC heap before
{Heap before GC invocations=7 (full 3):
 PSYoungGen      total 611840K, used 12141K [0x00000000d5580000, 0x0000000100000000, 0x0000000100000000)
  eden space 524800K, 0% used [0x00000000d5580000,0x00000000d5580000,0x00000000f5600000)
  from space 87040K, 13% used [0x00000000fab00000,0x00000000fb6db4d8,0x0000000100000000)
  to   space 87040K, 0% used [0x00000000f5600000,0x00000000f5600000,0x00000000fab00000)
 ParOldGen       total 1398272K, used 23830K [0x0000000080000000, 0x00000000d5580000, 0x00000000d5580000)
  object space 1398272K, 1% used [0x0000000080000000,0x0000000081745880,0x00000000d5580000)
 Metaspace       used 57491K, capacity 58872K, committed 59008K, reserved 1101824K
  class space    used 6666K, capacity 6950K, committed 7040K, reserved 1048576K
Event: 12.688 GC heap after
Heap after GC invocations=7 (full 3):
 PSYoungGen      total 611840K, used 0K [0x00000000d5580000, 0x0000000100000000, 0x0000000100000000)
  eden space 524800K, 0% used [0x00000000d5580000,0x00000000d5580000,0x00000000f5600000)
  from space 87040K, 0% used [0x00000000fab00000,0x00000000fab00000,0x0000000100000000)
  to   space 87040K, 0% used [0x00000000f5600000,0x00000000f5600000,0x00000000fab00000)
 ParOldGen       total 1398272K, used 24321K [0x0000000080000000, 0x00000000d5580000, 0x00000000d5580000)
  object space 1398272K, 1% used [0x0000000080000000,0x00000000817c04d8,0x00000000d5580000)
 Metaspace       used 57473K, capacity 58826K, committed 59008K, reserved 1101824K
  class space    used 6659K, capacity 6939K, committed 7040K, reserved 1048576K
}
Event: 61.007 GC heap before
{Heap before GC invocations=8 (full 3):
 PSYoungGen      total 611840K, used 524800K [0x00000000d5580000, 0x0000000100000000, 0x0000000100000000)
  eden space 524800K, 100% used [0x00000000d5580000,0x00000000f5600000,0x00000000f5600000)
  from space 87040K, 0% used [0x00000000fab00000,0x00000000fab00000,0x0000000100000000)
  to   space 87040K, 0% used [0x00000000f5600000,0x00000000f5600000,0x00000000fab00000)
 ParOldGen       total 1398272K, used 24321K [0x0000000080000000, 0x00000000d5580000, 0x00000000d5580000)
  object space 1398272K, 1% used [0x0000000080000000,0x00000000817c04d8,0x00000000d5580000)
 Metaspace       used 62076K, capacity 64396K, committed 64512K, reserved 1105920K
  class space    used 7160K, capacity 7592K, committed 7680K, reserved 1048576K
Event: 61.080 GC heap after
Heap after GC invocations=8 (full 3):
 PSYoungGen      total 554496K, used 29351K [0x00000000d5580000, 0x00000000fab80000, 0x0000000100000000)
  eden space 524800K, 0% used [0x00000000d5580000,0x00000000d5580000,0x00000000f5600000)
  from space 29696K, 98% used [0x00000000f5600000,0x00000000f72a9f58,0x00000000f7300000)
  to   space 35840K, 0% used [0x00000000f8880000,0x00000000f8880000,0x00000000fab80000)
 ParOldGen       total 1398272K, used 24329K [0x0000000080000000, 0x00000000d5580000, 0x00000000d5580000)
  object space 1398272K, 1% used [0x0000000080000000,0x00000000817c24d8,0x00000000d5580000)
 Metaspace       used 62076K, capacity 64396K, committed 64512K, reserved 1105920K
  class space    used 7160K, capacity 7592K, committed 7680K, reserved 1048576K
}
Event: 135.353 GC heap before
{Heap before GC invocations=9 (full 3):
 PSYoungGen      total 554496K, used 554151K [0x00000000d5580000, 0x00000000fab80000, 0x0000000100000000)
  eden space 524800K, 100% used [0x00000000d5580000,0x00000000f5600000,0x00000000f5600000)
  from space 29696K, 98% used [0x00000000f5600000,0x00000000f72a9f58,0x00000000f7300000)
  to   space 35840K, 0% used [0x00000000f8880000,0x00000000f8880000,0x00000000fab80000)
 ParOldGen       total 1398272K, used 24329K [0x0000000080000000, 0x00000000d5580000, 0x00000000d5580000)
  object space 1398272K, 1% used [0x0000000080000000,0x00000000817c24d8,0x00000000d5580000)
 Metaspace       used 68352K, capacity 71426K, committed 71552K, reserved 1112064K
  class space    used 7763K, capacity 8311K, committed 8320K, reserved 1048576K
Event: 135.496 GC heap after
Heap after GC invocations=9 (full 3):
 PSYoungGen      total 557056K, used 35839K [0x00000000d5580000, 0x0000000100000000, 0x0000000100000000)
  eden space 521216K, 0% used [0x00000000d5580000,0x00000000d5580000,0x00000000f5280000)
  from space 35840K, 99% used [0x00000000f8880000,0x00000000fab7fd18,0x00000000fab80000)
  to   space 55296K, 0% used [0x00000000f5280000,0x00000000f5280000,0x00000000f8880000)
 ParOldGen       total 1398272K, used 47540K [0x0000000080000000, 0x00000000d5580000, 0x00000000d5580000)
  object space 1398272K, 3% used [0x0000000080000000,0x0000000082e6d358,0x00000000d5580000)
 Metaspace       used 68352K, capacity 71426K, committed 71552K, reserved 1112064K
  class space    used 7763K, capacity 8311K, committed 8320K, reserved 1048576K
}
Event: 193.224 GC heap before
{Heap before GC invocations=10 (full 3):
 PSYoungGen      total 557056K, used 557055K [0x00000000d5580000, 0x0000000100000000, 0x0000000100000000)
  eden space 521216K, 100% used [0x00000000d5580000,0x00000000f5280000,0x00000000f5280000)
  from space 35840K, 99% used [0x00000000f8880000,0x00000000fab7fd18,0x00000000fab80000)
  to   space 55296K, 0% used [0x00000000f5280000,0x00000000f5280000,0x00000000f8880000)
 ParOldGen       total 1398272K, used 47540K [0x0000000080000000, 0x00000000d5580000, 0x00000000d5580000)
  object space 1398272K, 3% used [0x0000000080000000,0x0000000082e6d358,0x00000000d5580000)
 Metaspace       used 69049K, capacity 72240K, committed 72448K, reserved 1114112K
  class space    used 7775K, capacity 8362K, committed 8448K, reserved 1048576K
Event: 193.368 GC heap after
Heap after GC invocations=10 (full 3):
 PSYoungGen      total 576512K, used 55273K [0x00000000d5580000, 0x0000000100000000, 0x0000000100000000)
  eden space 521216K, 0% used [0x00000000d5580000,0x00000000d5580000,0x00000000f5280000)
  from space 55296K, 99% used [0x00000000f5280000,0x00000000f887a568,0x00000000f8880000)
  to   space 68608K, 0% used [0x00000000fbd00000,0x00000000fbd00000,0x0000000100000000)
 ParOldGen       total 1398272K, used 54253K [0x0000000080000000, 0x00000000d5580000, 0x00000000d5580000)
  object space 1398272K, 3% used [0x0000000080000000,0x00000000834fb688,0x00000000d5580000)
 Metaspace       used 69049K, capacity 72240K, committed 72448K, reserved 1114112K
  class space    used 7775K, capacity 8362K, committed 8448K, reserved 1048576K
}

