# JRE version: OpenJDK Runtime Environment (8.0_212-b04) (build 1.8.0_212-b04)
# Java VM: OpenJDK 64-Bit Server VM (25.212-b04 mixed mode linux-amd64 compressed oops)
Heap:
 PSYoungGen      total 611840K, used 456249K [0x00000000d5580000, 0x0000000100000000, 0x0000000100000000)
  eden space 524800K, 70% used [0x00000000d5580000,0x00000000ebe105d8,0x00000000f5600000)
  from space 87040K, 99% used [0x00000000f5600000,0x00000000faafe1f8,0x00000000fab00000)
  to   space 87040K, 0% used [0x00000000fab00000,0x00000000fab00000,0x0000000100000000)
 ParOldGen       total 1398272K, used 81748K [0x0000000080000000, 0x00000000d5580000, 0x00000000d5580000)
  object space 1398272K, 5% used [0x0000000080000000,0x0000000084fd5108,0x00000000d5580000)
 Metaspace       used 71656K, capacity 75230K, committed 75392K, reserved 1116160K
  class space    used 7945K, capacity 8541K, committed 8576K, reserved 1048576K
GC Heap History (10 events):
Event: 5.408 GC heap before
{Heap before GC invocations=4 (full 2):
 PSYoungGen      total 611840K, used 14201K [0x00000000d5580000, 0x0000000100000000, 0x0000000100000000)
  eden space 524800K, 0% used [0x00000000d5580000,0x00000000d5580000,0x00000000f5600000)
  from space 87040K, 16% used [0x00000000fab00000,0x00000000fb8de4b0,0x0000000100000000)
  to   space 87040K, 0% used [0x00000000f5600000,0x00000000f5600000,0x00000000fab00000)
 ParOldGen       total 906240K, used 18699K [0x0000000080000000, 0x00000000b7500000, 0x00000000d5580000)
  object space 906240K, 2% used [0x0000000080000000,0x0000000081242ea0,0x00000000b7500000)
 Metaspace       used 34751K, capacity 35154K, committed 35456K, reserved 1081344K
  class space    used 3969K, capacity 4101K, committed 4224K, reserved 1048576K
Event: 5.504 GC heap after
Heap after GC invocations=4 (full 2):
 PSYoungGen      total 611840K, used 0K [0x00000000d5580000, 0x0000000100000000, 0x0000000100000000)
  eden space 524800K, 0% used [0x00000000d5580000,0x00000000d5580000,0x00000000f5600000)
  from space 87040K, 0% used [0x00000000fab00000,0x00000000fab00000,0x0000000100000000)
  to   space 87040K, 0% used [0x00000000f5600000,0x00000000f5600000,0x00000000fab00000)
 ParOldGen       total 1398272K, used 22484K [0x0000000080000000, 0x00000000d5580000, 0x00000000d5580000)
  object space 1398272K, 1% used [0x0000000080000000,0x00000000815f52b0,0x00000000d5580000)
 Metaspace       used 34751K, capacity 35154K, committed 35456K, reserved 1081344K
  class space    used 3969K, capacity 4101K, committed 4224K, reserved 1048576K
}
Event: 11.134 GC heap before
{Heap before GC invocations=5 (full 2):
 PSYoungGen      total 611840K, used 524800K [0x00000000d5580000, 0x0000000100000000, 0x0000000100000000)
  eden space 524800K, 100% used [0x00000000d5580000,0x00000000f5600000,0x00000000f5600000)
  from space 87040K, 0% used [0x00000000fab00000,0x00000000fab00000,0x0000000100000000)
  to   space 87040K, 0% used [0x00000000f5600000,0x00000000f5600000,0x00000000fab00000)
 ParOldGen       total 1398272K, used 22484K [0x0000000080000000, 0x00000000d5580000, 0x00000000d5580000)
  object space 1398272K, 1% used [0x0000000080000000,0x00000000815f52b0,0x00000000d5580000)
 Metaspace       used 54428K, capacity 55870K, committed 56192K, reserved 1099776K
  class space    used 6388K, capacity 6665K, committed 6784K, reserved 1048576K
Event: 11.195 GC heap after
Heap after GC invocations=5 (full 2):
 PSYoungGen      total 611840K, used 27309K [0x00000000d5580000, 0x0000000100000000, 0x0000000100000000)
  eden space 524800K, 0% used [0x00000000d5580000,0x00000000d5580000,0x00000000f5600000)
  from space 87040K, 31% used [0x00000000f5600000,0x00000000f70ab7e8,0x00000000fab00000)
  to   space 87040K, 0% used [0x00000000fab00000,0x00000000fab00000,0x0000000100000000)
 ParOldGen       total 1398272K, used 22492K [0x0000000080000000, 0x00000000d5580000, 0x00000000d5580000)
  object space 1398272K, 1% used [0x0000000080000000,0x00000000815f72b0,0x00000000d5580000)
 Metaspace       used 54428K, capacity 55870K, committed 56192K, reserved 1099776K
  class space    used 6388K, capacity 6665K, committed 6784K, reserved 1048576K
}
Event: 11.853 GC heap before
{Heap before GC invocations=6 (full 2):
 PSYoungGen      total 611840K, used 96016K [0x00000000d5580000, 0x0000000100000000, 0x0000000100000000)
  eden space 524800K, 13% used [0x00000000d5580000,0x00000000d9898820,0x00000000f5600000)
  from space 87040K, 31% used [0x00000000f5600000,0x00000000f70ab7e8,0x00000000fab00000)
  to   space 87040K, 0% used [0x00000000fab00000,0x00000000fab00000,0x0000000100000000)
 ParOldGen       total 1398272K, used 22492K [0x0000000080000000, 0x00000000d5580000, 0x00000000d5580000)
  object space 1398272K, 1% used [0x0000000080000000,0x00000000815f72b0,0x00000000d5580000)
 Metaspace       used 57533K, capacity 58994K, committed 59096K, reserved 1101824K
  class space    used 6699K, capacity 6973K, committed 7040K, reserved 1048576K
Event: 11.876 GC heap after
Heap after GC invocations=6 (full 2):
 PSYoungGen      total 611840K, used 14189K [0x00000000d5580000, 0x0000000100000000, 0x0000000100000000)
  eden space 524800K, 0% used [0x00000000d5580000,0x00000000d5580000,0x00000000f5600000)
  from space 87040K, 16% used [0x00000000fab00000,0x00000000fb8db5b8,0x0000000100000000)
  to   space 87040K, 0% used [0x00000000f5600000,0x00000000f5600000,0x00000000fab00000)
 ParOldGen       total 1398272K, used 22500K [0x0000000080000000, 0x00000000d5580000, 0x00000000d5580000)
  object space 1398272K, 1% used [0x0000000080000000,0x00000000815f92b0,0x00000000d5580000)
 Metaspace       used 57533K, capacity 58994K, committed 59096K, reserved 1101824K
  class space    used 6699K, capacity 6973K, committed 7040K, reserved 1048576K
}
Event: 11.876 GC heap before
{Heap before GC invocations=7 (full 3):
 PSYoungGen      total 611840K, used 14189K [0x00000000d5580000, 0x0000000100000000, 0x0000000100000000)
  eden space 524800K, 0% used [0x00000000d5580000,0x00000000d5580000,0x00000000f5600000)
  from space 87040K, 16% used [0x00000000fab00000,0x00000000fb8db5b8,0x0000000100000000)
  to   space 87040K, 0% used [0x00000000f5600000,0x00000000f5600000,0x00000000fab00000)
 ParOldGen       total 1398272K, used 22500K [0x0000000080000000, 0x00000000d5580000, 0x00000000d5580000)
  object space 1398272K, 1% used [0x0000000080000000,0x00000000815f92b0,0x00000000d5580000)
 Metaspace       used 57533K, capacity 58994K, committed 59096K, reserved 1101824K
  class space    used 6699K, capacity 6973K, committed 7040K, reserved 1048576K
Event: 12.126 GC heap after
Heap after GC invocations=7 (full 3):
 PSYoungGen      total 611840K, used 0K [0x00000000d5580000, 0x0000000100000000, 0x0000000100000000)
  eden space 524800K, 0% used [0x00000000d5580000,0x00000000d5580000,0x00000000f5600000)
  from space 87040K, 0% used [0x00000000fab00000,0x00000000fab00000,0x0000000100000000)
  to   space 87040K, 0% used [0x00000000f5600000,0x00000000f5600000,0x00000000fab00000)
 ParOldGen       total 1398272K, used 26866K [0x0000000080000000, 0x00000000d5580000, 0x00000000d5580000)
  object space 1398272K, 1% used [0x0000000080000000,0x0000000081a3c840,0x00000000d5580000)
 Metaspace       used 57433K, capacity 58754K, committed 59096K, reserved 1101824K
  class space    used 6664K, capacity 6911K, committed 7040K, reserved 1048576K
}
Event: 24.805 GC heap before
{Heap before GC invocations=8 (full 3):
 PSYoungGen      total 611840K, used 523995K [0x00000000d5580000, 0x0000000100000000, 0x0000000100000000)
  eden space 524800K, 99% used [0x00000000d5580000,0x00000000f5536ef8,0x00000000f5600000)
  from space 87040K, 0% used [0x00000000fab00000,0x00000000fab00000,0x0000000100000000)
  to   space 87040K, 0% used [0x00000000f5600000,0x00000000f5600000,0x00000000fab00000)
 ParOldGen       total 1398272K, used 26866K [0x0000000080000000, 0x00000000d5580000, 0x00000000d5580000)
  object space 1398272K, 1% used [0x0000000080000000,0x0000000081a3c840,0x00000000d5580000)
 Metaspace       used 67853K, capacity 71070K, committed 71296K, reserved 1112064K
  class space    used 7738K, capacity 8313K, committed 8320K, reserved 1048576K
Event: 24.930 GC heap after
Heap after GC invocations=8 (full 3):
 PSYoungGen      total 611840K, used 87032K [0x00000000d5580000, 0x0000000100000000, 0x0000000100000000)
  eden space 524800K, 0% used [0x00000000d5580000,0x00000000d5580000,0x00000000f5600000)
  from space 87040K, 99% used [0x00000000f5600000,0x00000000faafe1f8,0x00000000fab00000)
  to   space 87040K, 0% used [0x00000000fab00000,0x00000000fab00000,0x0000000100000000)
 ParOldGen       total 1398272K, used 81748K [0x0000000080000000, 0x00000000d5580000, 0x00000000d5580000)
  object space 1398272K, 5% used [0x0000000080000000,0x0000000084fd5108,0x00000000d5580000)
 Metaspace       used 67853K, capacity 71070K, committed 71296K, reserved 1112064K
  class space    used 7738K, capacity 8313K, committed 8320K, reserved 1048576K
}

