# JRE version: OpenJDK Runtime Environment (8.0_212-b04) (build 1.8.0_212-b04)
# Java VM: OpenJDK 64-Bit Server VM (25.212-b04 mixed mode linux-amd64 compressed oops)
Heap:
 PSYoungGen      total 389632K, used 166216K [0x00000000d5580000, 0x0000000100000000, 0x0000000100000000)
  eden space 360960K, 38% used [0x00000000d5580000,0x00000000ddbd5308,0x00000000eb600000)
  from space 28672K, 99% used [0x00000000f8f80000,0x00000000fab7cef8,0x00000000fab80000)
  to   space 168960K, 0% used [0x00000000eb600000,0x00000000eb600000,0x00000000f5b00000)
 ParOldGen       total 1398272K, used 997219K [0x0000000080000000, 0x00000000d5580000, 0x00000000d5580000)
  object space 1398272K, 71% used [0x0000000080000000,0x00000000bcdd8fe8,0x00000000d5580000)
 Metaspace       used 65268K, capacity 67888K, committed 68096K, reserved 1110016K
  class space    used 7437K, capacity 7918K, committed 7936K, reserved 1048576K
GC Heap History (10 events):
Event: 10.630 GC heap before
{Heap before GC invocations=5 (full 2):
 PSYoungGen      total 611840K, used 524800K [0x00000000d5580000, 0x0000000100000000, 0x0000000100000000)
  eden space 524800K, 100% used [0x00000000d5580000,0x00000000f5600000,0x00000000f5600000)
  from space 87040K, 0% used [0x00000000fab00000,0x00000000fab00000,0x0000000100000000)
  to   space 87040K, 0% used [0x00000000f5600000,0x00000000f5600000,0x00000000fab00000)
 ParOldGen       total 1398272K, used 23949K [0x0000000080000000, 0x00000000d5580000, 0x00000000d5580000)
  object space 1398272K, 1% used [0x0000000080000000,0x00000000817635c8,0x00000000d5580000)
 Metaspace       used 44562K, capacity 45444K, committed 45568K, reserved 1089536K
  class space    used 5164K, capacity 5370K, committed 5376K, reserved 1048576K
Event: 10.679 GC heap after
Heap after GC invocations=5 (full 2):
 PSYoungGen      total 611840K, used 16960K [0x00000000d5580000, 0x0000000100000000, 0x0000000100000000)
  eden space 524800K, 0% used [0x00000000d5580000,0x00000000d5580000,0x00000000f5600000)
  from space 87040K, 19% used [0x00000000f5600000,0x00000000f6690228,0x00000000fab00000)
  to   space 87040K, 0% used [0x00000000fab00000,0x00000000fab00000,0x0000000100000000)
 ParOldGen       total 1398272K, used 23957K [0x0000000080000000, 0x00000000d5580000, 0x00000000d5580000)
  object space 1398272K, 1% used [0x0000000080000000,0x00000000817655c8,0x00000000d5580000)
 Metaspace       used 44562K, capacity 45444K, committed 45568K, reserved 1089536K
  class space    used 5164K, capacity 5370K, committed 5376K, reserved 1048576K
}
Event: 13.621 GC heap before
{Heap before GC invocations=6 (full 2):
 PSYoungGen      total 611840K, used 321868K [0x00000000d5580000, 0x0000000100000000, 0x0000000100000000)
  eden space 524800K, 58% used [0x00000000d5580000,0x00000000e7f42e10,0x00000000f5600000)
  from space 87040K, 19% used [0x00000000f5600000,0x00000000f6690228,0x00000000fab00000)
  to   space 87040K, 0% used [0x00000000fab00000,0x00000000fab00000,0x0000000100000000)
 ParOldGen       total 1398272K, used 23957K [0x0000000080000000, 0x00000000d5580000, 0x00000000d5580000)
  object space 1398272K, 1% used [0x0000000080000000,0x00000000817655c8,0x00000000d5580000)
 Metaspace       used 57391K, capacity 58758K, committed 59008K, reserved 1101824K
  class space    used 6628K, capacity 6917K, committed 7040K, reserved 1048576K
Event: 13.684 GC heap after
Heap after GC invocations=6 (full 2):
 PSYoungGen      total 611840K, used 28076K [0x00000000d5580000, 0x0000000100000000, 0x0000000100000000)
  eden space 524800K, 0% used [0x00000000d5580000,0x00000000d5580000,0x00000000f5600000)
  from space 87040K, 32% used [0x00000000fab00000,0x00000000fc66b008,0x0000000100000000)
  to   space 87040K, 0% used [0x00000000f5600000,0x00000000f5600000,0x00000000fab00000)
 ParOldGen       total 1398272K, used 23965K [0x0000000080000000, 0x00000000d5580000, 0x00000000d5580000)
  object space 1398272K, 1% used [0x0000000080000000,0x00000000817675c8,0x00000000d5580000)
 Metaspace       used 57391K, capacity 58758K, committed 59008K, reserved 1101824K
  class space    used 6628K, capacity 6917K, committed 7040K, reserved 1048576K
}
Event: 13.684 GC heap before
{Heap before GC invocations=7 (full 3):
 PSYoungGen      total 611840K, used 28076K [0x00000000d5580000, 0x0000000100000000, 0x0000000100000000)
  eden space 524800K, 0% used [0x00000000d5580000,0x00000000d5580000,0x00000000f5600000)
  from space 87040K, 32% used [0x00000000fab00000,0x00000000fc66b008,0x0000000100000000)
  to   space 87040K, 0% used [0x00000000f5600000,0x00000000f5600000,0x00000000fab00000)
 ParOldGen       total 1398272K, used 23965K [0x0000000080000000, 0x00000000d5580000, 0x00000000d5580000)
  object space 1398272K, 1% used [0x0000000080000000,0x00000000817675c8,0x00000000d5580000)
 Metaspace       used 57391K, capacity 58758K, committed 59008K, reserved 1101824K
  class space    used 6628K, capacity 6917K, committed 7040K, reserved 1048576K
Event: 14.011 GC heap after
Heap after GC invocations=7 (full 3):
 PSYoungGen      total 611840K, used 0K [0x00000000d5580000, 0x0000000100000000, 0x0000000100000000)
  eden space 524800K, 0% used [0x00000000d5580000,0x00000000d5580000,0x00000000f5600000)
  from space 87040K, 0% used [0x00000000fab00000,0x00000000fab00000,0x0000000100000000)
  to   space 87040K, 0% used [0x00000000f5600000,0x00000000f5600000,0x00000000fab00000)
 ParOldGen       total 1398272K, used 39386K [0x0000000080000000, 0x00000000d5580000, 0x00000000d5580000)
  object space 1398272K, 2% used [0x0000000080000000,0x0000000082676a28,0x00000000d5580000)
 Metaspace       used 57360K, capacity 58680K, committed 59008K, reserved 1101824K
  class space    used 6616K, capacity 6898K, committed 7040K, reserved 1048576K
}
Event: 21.269 GC heap before
{Heap before GC invocations=8 (full 3):
 PSYoungGen      total 611840K, used 347637K [0x00000000d5580000, 0x0000000100000000, 0x0000000100000000)
  eden space 524800K, 66% used [0x00000000d5580000,0x00000000ea8fd750,0x00000000f5600000)
  from space 87040K, 0% used [0x00000000fab00000,0x00000000fab00000,0x0000000100000000)
  to   space 87040K, 0% used [0x00000000f5600000,0x00000000f5600000,0x00000000fab00000)
 ParOldGen       total 1398272K, used 39386K [0x0000000080000000, 0x00000000d5580000, 0x00000000d5580000)
  object space 1398272K, 2% used [0x0000000080000000,0x0000000082676a28,0x00000000d5580000)
 Metaspace       used 59896K, capacity 61774K, committed 61824K, reserved 1103872K
  class space    used 6941K, capacity 7293K, committed 7296K, reserved 1048576K
Event: 21.500 GC heap after
Heap after GC invocations=8 (full 3):
 PSYoungGen      total 536576K, used 11681K [0x00000000d5580000, 0x00000000fab80000, 0x0000000100000000)
  eden space 524800K, 0% used [0x00000000d5580000,0x00000000d5580000,0x00000000f5600000)
  from space 11776K, 99% used [0x00000000f5600000,0x00000000f6168568,0x00000000f6180000)
  to   space 28672K, 0% used [0x00000000f8f80000,0x00000000f8f80000,0x00000000fab80000)
 ParOldGen       total 1398272K, used 448994K [0x0000000080000000, 0x00000000d5580000, 0x00000000d5580000)
  object space 1398272K, 32% used [0x0000000080000000,0x000000009b678a48,0x00000000d5580000)
 Metaspace       used 59896K, capacity 61774K, committed 61824K, reserved 1103872K
  class space    used 6941K, capacity 7293K, committed 7296K, reserved 1048576K
}
Event: 24.365 GC heap before
{Heap before GC invocations=9 (full 3):
 PSYoungGen      total 536576K, used 536481K [0x00000000d5580000, 0x00000000fab80000, 0x0000000100000000)
  eden space 524800K, 100% used [0x00000000d5580000,0x00000000f5600000,0x00000000f5600000)
  from space 11776K, 99% used [0x00000000f5600000,0x00000000f6168568,0x00000000f6180000)
  to   space 28672K, 0% used [0x00000000f8f80000,0x00000000f8f80000,0x00000000fab80000)
 ParOldGen       total 1398272K, used 756194K [0x0000000080000000, 0x00000000d5580000, 0x00000000d5580000)
  object space 1398272K, 54% used [0x0000000080000000,0x00000000ae278a58,0x00000000d5580000)
 Metaspace       used 64739K, capacity 67264K, committed 67584K, reserved 1110016K
  class space    used 7421K, capacity 7870K, committed 7936K, reserved 1048576K
Event: 24.555 GC heap after
Heap after GC invocations=9 (full 3):
 PSYoungGen      total 389632K, used 28659K [0x00000000d5580000, 0x0000000100000000, 0x0000000100000000)
  eden space 360960K, 0% used [0x00000000d5580000,0x00000000d5580000,0x00000000eb600000)
  from space 28672K, 99% used [0x00000000f8f80000,0x00000000fab7cef8,0x00000000fab80000)
  to   space 168960K, 0% used [0x00000000eb600000,0x00000000eb600000,0x00000000f5b00000)
 ParOldGen       total 1398272K, used 997219K [0x0000000080000000, 0x00000000d5580000, 0x00000000d5580000)
  object space 1398272K, 71% used [0x0000000080000000,0x00000000bcdd8fe8,0x00000000d5580000)
 Metaspace       used 64739K, capacity 67264K, committed 67584K, reserved 1110016K
  class space    used 7421K, capacity 7870K, committed 7936K, reserved 1048576K
}

