# JRE version: OpenJDK Runtime Environment (8.0_212-b04) (build 1.8.0_212-b04)
# Java VM: OpenJDK 64-Bit Server VM (25.212-b04 mixed mode linux-amd64 compressed oops)
Heap:
 PSYoungGen      total 611840K, used 178166K [0x00000000d5580000, 0x0000000100000000, 0x0000000100000000)
  eden space 524800K, 21% used [0x00000000d5580000,0x00000000dc58fc20,0x00000000f5600000)
  from space 87040K, 72% used [0x00000000fab00000,0x00000000fe8edce8,0x0000000100000000)
  to   space 87040K, 0% used [0x00000000f5600000,0x00000000f5600000,0x00000000fab00000)
 ParOldGen       total 1398272K, used 44694K [0x0000000080000000, 0x00000000d5580000, 0x00000000d5580000)
  object space 1398272K, 3% used [0x0000000080000000,0x0000000082ba5900,0x00000000d5580000)
 Metaspace       used 66188K, capacity 68958K, committed 69248K, reserved 1110016K
  class space    used 7506K, capacity 7997K, committed 8064K, reserved 1048576K
GC Heap History (10 events):
Event: 6.981 GC heap before
{Heap before GC invocations=3 (full 1):
 PSYoungGen      total 611840K, used 457894K [0x00000000d5580000, 0x0000000100000000, 0x0000000100000000)
  eden space 524800K, 87% used [0x00000000d5580000,0x00000000f14a9b20,0x00000000f5600000)
  from space 87040K, 0% used [0x00000000f5600000,0x00000000f5600000,0x00000000fab00000)
  to   space 87040K, 0% used [0x00000000fab00000,0x00000000fab00000,0x0000000100000000)
 ParOldGen       total 894976K, used 13765K [0x0000000080000000, 0x00000000b6a00000, 0x00000000d5580000)
  object space 894976K, 1% used [0x0000000080000000,0x0000000080d716e8,0x00000000b6a00000)
 Metaspace       used 34724K, capacity 35092K, committed 35416K, reserved 1081344K
  class space    used 3968K, capacity 4060K, committed 4096K, reserved 1048576K
Event: 7.009 GC heap after
Heap after GC invocations=3 (full 1):
 PSYoungGen      total 611840K, used 19160K [0x00000000d5580000, 0x0000000100000000, 0x0000000100000000)
  eden space 524800K, 0% used [0x00000000d5580000,0x00000000d5580000,0x00000000f5600000)
  from space 87040K, 22% used [0x00000000fab00000,0x00000000fbdb62d8,0x0000000100000000)
  to   space 87040K, 0% used [0x00000000f5600000,0x00000000f5600000,0x00000000fab00000)
 ParOldGen       total 894976K, used 13773K [0x0000000080000000, 0x00000000b6a00000, 0x00000000d5580000)
  object space 894976K, 1% used [0x0000000080000000,0x0000000080d736e8,0x00000000b6a00000)
 Metaspace       used 34724K, capacity 35092K, committed 35416K, reserved 1081344K
  class space    used 3968K, capacity 4060K, committed 4096K, reserved 1048576K
}
Event: 7.009 GC heap before
{Heap before GC invocations=4 (full 2):
 PSYoungGen      total 611840K, used 19160K [0x00000000d5580000, 0x0000000100000000, 0x0000000100000000)
  eden space 524800K, 0% used [0x00000000d5580000,0x00000000d5580000,0x00000000f5600000)
  from space 87040K, 22% used [0x00000000fab00000,0x00000000fbdb62d8,0x0000000100000000)
  to   space 87040K, 0% used [0x00000000f5600000,0x00000000f5600000,0x00000000fab00000)
 ParOldGen       total 894976K, used 13773K [0x0000000080000000, 0x00000000b6a00000, 0x00000000d5580000)
  object space 894976K, 1% used [0x0000000080000000,0x0000000080d736e8,0x00000000b6a00000)
 Metaspace       used 34724K, capacity 35092K, committed 35416K, reserved 1081344K
  class space    used 3968K, capacity 4060K, committed 4096K, reserved 1048576K
Event: 7.090 GC heap after
Heap after GC invocations=4 (full 2):
 PSYoungGen      total 611840K, used 0K [0x00000000d5580000, 0x0000000100000000, 0x0000000100000000)
  eden space 524800K, 0% used [0x00000000d5580000,0x00000000d5580000,0x00000000f5600000)
  from space 87040K, 0% used [0x00000000fab00000,0x00000000fab00000,0x0000000100000000)
  to   space 87040K, 0% used [0x00000000f5600000,0x00000000f5600000,0x00000000fab00000)
 ParOldGen       total 1398272K, used 23565K [0x0000000080000000, 0x00000000d5580000, 0x00000000d5580000)
  object space 1398272K, 1% used [0x0000000080000000,0x0000000081703650,0x00000000d5580000)
 Metaspace       used 34724K, capacity 35092K, committed 35416K, reserved 1081344K
  class space    used 3968K, capacity 4060K, committed 4096K, reserved 1048576K
}
Event: 14.060 GC heap before
{Heap before GC invocations=5 (full 2):
 PSYoungGen      total 611840K, used 519063K [0x00000000d5580000, 0x0000000100000000, 0x0000000100000000)
  eden space 524800K, 98% used [0x00000000d5580000,0x00000000f5065d78,0x00000000f5600000)
  from space 87040K, 0% used [0x00000000fab00000,0x00000000fab00000,0x0000000100000000)
  to   space 87040K, 0% used [0x00000000f5600000,0x00000000f5600000,0x00000000fab00000)
 ParOldGen       total 1398272K, used 23565K [0x0000000080000000, 0x00000000d5580000, 0x00000000d5580000)
  object space 1398272K, 1% used [0x0000000080000000,0x0000000081703650,0x00000000d5580000)
 Metaspace       used 57385K, capacity 58794K, committed 59008K, reserved 1101824K
  class space    used 6639K, capacity 6933K, committed 7040K, reserved 1048576K
Event: 14.111 GC heap after
Heap after GC invocations=5 (full 2):
 PSYoungGen      total 611840K, used 34178K [0x00000000d5580000, 0x0000000100000000, 0x0000000100000000)
  eden space 524800K, 0% used [0x00000000d5580000,0x00000000d5580000,0x00000000f5600000)
  from space 87040K, 39% used [0x00000000f5600000,0x00000000f7760a10,0x00000000fab00000)
  to   space 87040K, 0% used [0x00000000fab00000,0x00000000fab00000,0x0000000100000000)
 ParOldGen       total 1398272K, used 23573K [0x0000000080000000, 0x00000000d5580000, 0x00000000d5580000)
  object space 1398272K, 1% used [0x0000000080000000,0x0000000081705650,0x00000000d5580000)
 Metaspace       used 57385K, capacity 58794K, committed 59008K, reserved 1101824K
  class space    used 6639K, capacity 6933K, committed 7040K, reserved 1048576K
}
Event: 14.111 GC heap before
{Heap before GC invocations=6 (full 3):
 PSYoungGen      total 611840K, used 34178K [0x00000000d5580000, 0x0000000100000000, 0x0000000100000000)
  eden space 524800K, 0% used [0x00000000d5580000,0x00000000d5580000,0x00000000f5600000)
  from space 87040K, 39% used [0x00000000f5600000,0x00000000f7760a10,0x00000000fab00000)
  to   space 87040K, 0% used [0x00000000fab00000,0x00000000fab00000,0x0000000100000000)
 ParOldGen       total 1398272K, used 23573K [0x0000000080000000, 0x00000000d5580000, 0x00000000d5580000)
  object space 1398272K, 1% used [0x0000000080000000,0x0000000081705650,0x00000000d5580000)
 Metaspace       used 57385K, capacity 58794K, committed 59008K, reserved 1101824K
  class space    used 6639K, capacity 6933K, committed 7040K, reserved 1048576K
Event: 14.337 GC heap after
Heap after GC invocations=6 (full 3):
 PSYoungGen      total 611840K, used 0K [0x00000000d5580000, 0x0000000100000000, 0x0000000100000000)
  eden space 524800K, 0% used [0x00000000d5580000,0x00000000d5580000,0x00000000f5600000)
  from space 87040K, 0% used [0x00000000f5600000,0x00000000f5600000,0x00000000fab00000)
  to   space 87040K, 0% used [0x00000000fab00000,0x00000000fab00000,0x0000000100000000)
 ParOldGen       total 1398272K, used 44694K [0x0000000080000000, 0x00000000d5580000, 0x00000000d5580000)
  object space 1398272K, 3% used [0x0000000080000000,0x0000000082ba5900,0x00000000d5580000)
 Metaspace       used 57356K, capacity 58728K, committed 59008K, reserved 1101824K
  class space    used 6629K, capacity 6916K, committed 7040K, reserved 1048576K
}
Event: 64.245 GC heap before
{Heap before GC invocations=7 (full 3):
 PSYoungGen      total 611840K, used 524800K [0x00000000d5580000, 0x0000000100000000, 0x0000000100000000)
  eden space 524800K, 100% used [0x00000000d5580000,0x00000000f5600000,0x00000000f5600000)
  from space 87040K, 0% used [0x00000000f5600000,0x00000000f5600000,0x00000000fab00000)
  to   space 87040K, 0% used [0x00000000fab00000,0x00000000fab00000,0x0000000100000000)
 ParOldGen       total 1398272K, used 44694K [0x0000000080000000, 0x00000000d5580000, 0x00000000d5580000)
  object space 1398272K, 3% used [0x0000000080000000,0x0000000082ba5900,0x00000000d5580000)
 Metaspace       used 66071K, capacity 68810K, committed 68992K, reserved 1110016K
  class space    used 7505K, capacity 7995K, committed 8064K, reserved 1048576K
Event: 64.338 GC heap after
Heap after GC invocations=7 (full 3):
 PSYoungGen      total 611840K, used 63415K [0x00000000d5580000, 0x0000000100000000, 0x0000000100000000)
  eden space 524800K, 0% used [0x00000000d5580000,0x00000000d5580000,0x00000000f5600000)
  from space 87040K, 72% used [0x00000000fab00000,0x00000000fe8edce8,0x0000000100000000)
  to   space 87040K, 0% used [0x00000000f5600000,0x00000000f5600000,0x00000000fab00000)
 ParOldGen       total 1398272K, used 44694K [0x0000000080000000, 0x00000000d5580000, 0x00000000d5580000)
  object space 1398272K, 3% used [0x0000000080000000,0x0000000082ba5900,0x00000000d5580000)
 Metaspace       used 66071K, capacity 68810K, committed 68992K, reserved 1110016K
  class space    used 7505K, capacity 7995K, committed 8064K, reserved 1048576K
}

