# JRE version: OpenJDK Runtime Environment (8.0_212-b04) (build 1.8.0_212-b04)
# Java VM: OpenJDK 64-Bit Server VM (25.212-b04 mixed mode linux-amd64 compressed oops)
Heap:
 PSYoungGen      total 611840K, used 243563K [0x00000000d5580000, 0x0000000100000000, 0x0000000100000000)
  eden space 524800K, 46% used [0x00000000d5580000,0x00000000e435ae30,0x00000000f5600000)
  from space 87040K, 0% used [0x00000000fab00000,0x00000000fab00000,0x0000000100000000)
  to   space 87040K, 0% used [0x00000000f5600000,0x00000000f5600000,0x00000000fab00000)
 ParOldGen       total 1398272K, used 28845K [0x0000000080000000, 0x00000000d5580000, 0x00000000d5580000)
  object space 1398272K, 2% used [0x0000000080000000,0x0000000081c2b568,0x00000000d5580000)
 Metaspace       used 64022K, capacity 66322K, committed 66560K, reserved 1107968K
  class space    used 7413K, capacity 7835K, committed 7936K, reserved 1048576K
GC Heap History (10 events):
Event: 5.669 GC heap before
{Heap before GC invocations=3 (full 1):
 PSYoungGen      total 611840K, used 499853K [0x00000000d5580000, 0x0000000100000000, 0x0000000100000000)
  eden space 524800K, 95% used [0x00000000d5580000,0x00000000f3da35e8,0x00000000f5600000)
  from space 87040K, 0% used [0x00000000f5600000,0x00000000f5600000,0x00000000fab00000)
  to   space 87040K, 0% used [0x00000000fab00000,0x00000000fab00000,0x0000000100000000)
 ParOldGen       total 892416K, used 14239K [0x0000000080000000, 0x00000000b6780000, 0x00000000d5580000)
  object space 892416K, 1% used [0x0000000080000000,0x0000000080de7d10,0x00000000b6780000)
 Metaspace       used 34725K, capacity 35092K, committed 35416K, reserved 1081344K
  class space    used 3965K, capacity 4060K, committed 4096K, reserved 1048576K
Event: 5.715 GC heap after
Heap after GC invocations=3 (full 1):
 PSYoungGen      total 611840K, used 19144K [0x00000000d5580000, 0x0000000100000000, 0x0000000100000000)
  eden space 524800K, 0% used [0x00000000d5580000,0x00000000d5580000,0x00000000f5600000)
  from space 87040K, 21% used [0x00000000fab00000,0x00000000fbdb21d0,0x0000000100000000)
  to   space 87040K, 0% used [0x00000000f5600000,0x00000000f5600000,0x00000000fab00000)
 ParOldGen       total 892416K, used 14247K [0x0000000080000000, 0x00000000b6780000, 0x00000000d5580000)
  object space 892416K, 1% used [0x0000000080000000,0x0000000080de9d10,0x00000000b6780000)
 Metaspace       used 34725K, capacity 35092K, committed 35416K, reserved 1081344K
  class space    used 3965K, capacity 4060K, committed 4096K, reserved 1048576K
}
Event: 5.715 GC heap before
{Heap before GC invocations=4 (full 2):
 PSYoungGen      total 611840K, used 19144K [0x00000000d5580000, 0x0000000100000000, 0x0000000100000000)
  eden space 524800K, 0% used [0x00000000d5580000,0x00000000d5580000,0x00000000f5600000)
  from space 87040K, 21% used [0x00000000fab00000,0x00000000fbdb21d0,0x0000000100000000)
  to   space 87040K, 0% used [0x00000000f5600000,0x00000000f5600000,0x00000000fab00000)
 ParOldGen       total 892416K, used 14247K [0x0000000080000000, 0x00000000b6780000, 0x00000000d5580000)
  object space 892416K, 1% used [0x0000000080000000,0x0000000080de9d10,0x00000000b6780000)
 Metaspace       used 34725K, capacity 35092K, committed 35416K, reserved 1081344K
  class space    used 3965K, capacity 4060K, committed 4096K, reserved 1048576K
Event: 5.873 GC heap after
Heap after GC invocations=4 (full 2):
 PSYoungGen      total 611840K, used 0K [0x00000000d5580000, 0x0000000100000000, 0x0000000100000000)
  eden space 524800K, 0% used [0x00000000d5580000,0x00000000d5580000,0x00000000f5600000)
  from space 87040K, 0% used [0x00000000fab00000,0x00000000fab00000,0x0000000100000000)
  to   space 87040K, 0% used [0x00000000f5600000,0x00000000f5600000,0x00000000fab00000)
 ParOldGen       total 1398272K, used 23639K [0x0000000080000000, 0x00000000d5580000, 0x00000000d5580000)
  object space 1398272K, 1% used [0x0000000080000000,0x0000000081715ee8,0x00000000d5580000)
 Metaspace       used 34725K, capacity 35092K, committed 35416K, reserved 1081344K
  class space    used 3965K, capacity 4060K, committed 4096K, reserved 1048576K
}
Event: 12.393 GC heap before
{Heap before GC invocations=5 (full 2):
 PSYoungGen      total 611840K, used 524800K [0x00000000d5580000, 0x0000000100000000, 0x0000000100000000)
  eden space 524800K, 100% used [0x00000000d5580000,0x00000000f5600000,0x00000000f5600000)
  from space 87040K, 0% used [0x00000000fab00000,0x00000000fab00000,0x0000000100000000)
  to   space 87040K, 0% used [0x00000000f5600000,0x00000000f5600000,0x00000000fab00000)
 ParOldGen       total 1398272K, used 23639K [0x0000000080000000, 0x00000000d5580000, 0x00000000d5580000)
  object space 1398272K, 1% used [0x0000000080000000,0x0000000081715ee8,0x00000000d5580000)
 Metaspace       used 52620K, capacity 53984K, committed 54144K, reserved 1097728K
  class space    used 6188K, capacity 6446K, committed 6528K, reserved 1048576K
Event: 12.462 GC heap after
Heap after GC invocations=5 (full 2):
 PSYoungGen      total 611840K, used 24847K [0x00000000d5580000, 0x0000000100000000, 0x0000000100000000)
  eden space 524800K, 0% used [0x00000000d5580000,0x00000000d5580000,0x00000000f5600000)
  from space 87040K, 28% used [0x00000000f5600000,0x00000000f6e43ee8,0x00000000fab00000)
  to   space 87040K, 0% used [0x00000000fab00000,0x00000000fab00000,0x0000000100000000)
 ParOldGen       total 1398272K, used 23647K [0x0000000080000000, 0x00000000d5580000, 0x00000000d5580000)
  object space 1398272K, 1% used [0x0000000080000000,0x0000000081717ee8,0x00000000d5580000)
 Metaspace       used 52620K, capacity 53984K, committed 54144K, reserved 1097728K
  class space    used 6188K, capacity 6446K, committed 6528K, reserved 1048576K
}
Event: 13.223 GC heap before
{Heap before GC invocations=6 (full 2):
 PSYoungGen      total 611840K, used 183514K [0x00000000d5580000, 0x0000000100000000, 0x0000000100000000)
  eden space 524800K, 30% used [0x00000000d5580000,0x00000000df072a20,0x00000000f5600000)
  from space 87040K, 28% used [0x00000000f5600000,0x00000000f6e43ee8,0x00000000fab00000)
  to   space 87040K, 0% used [0x00000000fab00000,0x00000000fab00000,0x0000000100000000)
 ParOldGen       total 1398272K, used 23647K [0x0000000080000000, 0x00000000d5580000, 0x00000000d5580000)
  object space 1398272K, 1% used [0x0000000080000000,0x0000000081717ee8,0x00000000d5580000)
 Metaspace       used 57498K, capacity 58888K, committed 59008K, reserved 1101824K
  class space    used 6676K, capacity 6964K, committed 7040K, reserved 1048576K
Event: 13.248 GC heap after
Heap after GC invocations=6 (full 2):
 PSYoungGen      total 611840K, used 17117K [0x00000000d5580000, 0x0000000100000000, 0x0000000100000000)
  eden space 524800K, 0% used [0x00000000d5580000,0x00000000d5580000,0x00000000f5600000)
  from space 87040K, 19% used [0x00000000fab00000,0x00000000fbbb75e8,0x0000000100000000)
  to   space 87040K, 0% used [0x00000000f5600000,0x00000000f5600000,0x00000000fab00000)
 ParOldGen       total 1398272K, used 23655K [0x0000000080000000, 0x00000000d5580000, 0x00000000d5580000)
  object space 1398272K, 1% used [0x0000000080000000,0x0000000081719ee8,0x00000000d5580000)
 Metaspace       used 57498K, capacity 58888K, committed 59008K, reserved 1101824K
  class space    used 6676K, capacity 6964K, committed 7040K, reserved 1048576K
}
Event: 13.248 GC heap before
{Heap before GC invocations=7 (full 3):
 PSYoungGen      total 611840K, used 17117K [0x00000000d5580000, 0x0000000100000000, 0x0000000100000000)
  eden space 524800K, 0% used [0x00000000d5580000,0x00000000d5580000,0x00000000f5600000)
  from space 87040K, 19% used [0x00000000fab00000,0x00000000fbbb75e8,0x0000000100000000)
  to   space 87040K, 0% used [0x00000000f5600000,0x00000000f5600000,0x00000000fab00000)
 ParOldGen       total 1398272K, used 23655K [0x0000000080000000, 0x00000000d5580000, 0x00000000d5580000)
  object space 1398272K, 1% used [0x0000000080000000,0x0000000081719ee8,0x00000000d5580000)
 Metaspace       used 57498K, capacity 58888K, committed 59008K, reserved 1101824K
  class space    used 6676K, capacity 6964K, committed 7040K, reserved 1048576K
Event: 13.521 GC heap after
Heap after GC invocations=7 (full 3):
 PSYoungGen      total 611840K, used 0K [0x00000000d5580000, 0x0000000100000000, 0x0000000100000000)
  eden space 524800K, 0% used [0x00000000d5580000,0x00000000d5580000,0x00000000f5600000)
  from space 87040K, 0% used [0x00000000fab00000,0x00000000fab00000,0x0000000100000000)
  to   space 87040K, 0% used [0x00000000f5600000,0x00000000f5600000,0x00000000fab00000)
 ParOldGen       total 1398272K, used 28845K [0x0000000080000000, 0x00000000d5580000, 0x00000000d5580000)
  object space 1398272K, 2% used [0x0000000080000000,0x0000000081c2b568,0x00000000d5580000)
 Metaspace       used 57472K, capacity 58826K, committed 59008K, reserved 1101824K
  class space    used 6666K, capacity 6947K, committed 7040K, reserved 1048576K
}

