# JRE version: OpenJDK Runtime Environment (8.0_212-b04) (build 1.8.0_212-b04)
# Java VM: OpenJDK 64-Bit Server VM (25.212-b04 mixed mode linux-amd64 compressed oops)
Heap:
 PSYoungGen      total 611840K, used 294184K [0x00000000d5580000, 0x0000000100000000, 0x0000000100000000)
  eden space 524800K, 48% used [0x00000000d5580000,0x00000000e4dcacc0,0x00000000f5600000)
  from space 87040K, 45% used [0x00000000fab00000,0x00000000fd1ff368,0x0000000100000000)
  to   space 87040K, 0% used [0x00000000f5600000,0x00000000f5600000,0x00000000fab00000)
 ParOldGen       total 861696K, used 11999K [0x0000000080000000, 0x00000000b4980000, 0x00000000d5580000)
  object space 861696K, 1% used [0x0000000080000000,0x0000000080bb7df8,0x00000000b4980000)
 Metaspace       used 33731K, capacity 34396K, committed 34688K, reserved 1079296K
  class space    used 3760K, capacity 3905K, committed 3968K, reserved 1048576K
GC Heap History (10 events):
Event: 2.018 GC heap before
{Heap before GC invocations=1 (full 0):
 PSYoungGen      total 611840K, used 209921K [0x00000000d5580000, 0x0000000100000000, 0x0000000100000000)
  eden space 524800K, 40% used [0x00000000d5580000,0x00000000e22807d8,0x00000000f5600000)
  from space 87040K, 0% used [0x00000000fab00000,0x00000000fab00000,0x0000000100000000)
  to   space 87040K, 0% used [0x00000000f5600000,0x00000000f5600000,0x00000000fab00000)
 ParOldGen       total 1398272K, used 0K [0x0000000080000000, 0x00000000d5580000, 0x00000000d5580000)
  object space 1398272K, 0% used [0x0000000080000000,0x0000000080000000,0x00000000d5580000)
 Metaspace       used 20777K, capacity 21022K, committed 21248K, reserved 1069056K
  class space    used 2360K, capacity 2452K, committed 2560K, reserved 1048576K
Event: 2.057 GC heap after
Heap after GC invocations=1 (full 0):
 PSYoungGen      total 611840K, used 12408K [0x00000000d5580000, 0x0000000100000000, 0x0000000100000000)
  eden space 524800K, 0% used [0x00000000d5580000,0x00000000d5580000,0x00000000f5600000)
  from space 87040K, 14% used [0x00000000f5600000,0x00000000f621e080,0x00000000fab00000)
  to   space 87040K, 0% used [0x00000000fab00000,0x00000000fab00000,0x0000000100000000)
 ParOldGen       total 1398272K, used 80K [0x0000000080000000, 0x00000000d5580000, 0x00000000d5580000)
  object space 1398272K, 0% used [0x0000000080000000,0x0000000080014010,0x00000000d5580000)
 Metaspace       used 20777K, capacity 21022K, committed 21248K, reserved 1069056K
  class space    used 2360K, capacity 2452K, committed 2560K, reserved 1048576K
}
Event: 2.057 GC heap before
{Heap before GC invocations=2 (full 1):
 PSYoungGen      total 611840K, used 12408K [0x00000000d5580000, 0x0000000100000000, 0x0000000100000000)
  eden space 524800K, 0% used [0x00000000d5580000,0x00000000d5580000,0x00000000f5600000)
  from space 87040K, 14% used [0x00000000f5600000,0x00000000f621e080,0x00000000fab00000)
  to   space 87040K, 0% used [0x00000000fab00000,0x00000000fab00000,0x0000000100000000)
 ParOldGen       total 1398272K, used 80K [0x0000000080000000, 0x00000000d5580000, 0x00000000d5580000)
  object space 1398272K, 0% used [0x0000000080000000,0x0000000080014010,0x00000000d5580000)
 Metaspace       used 20777K, capacity 21022K, committed 21248K, reserved 1069056K
  class space    used 2360K, capacity 2452K, committed 2560K, reserved 1048576K
Event: 2.121 GC heap after
Heap after GC invocations=2 (full 1):
 PSYoungGen      total 611840K, used 0K [0x00000000d5580000, 0x0000000100000000, 0x0000000100000000)
  eden space 524800K, 0% used [0x00000000d5580000,0x00000000d5580000,0x00000000f5600000)
  from space 87040K, 0% used [0x00000000f5600000,0x00000000f5600000,0x00000000fab00000)
  to   space 87040K, 0% used [0x00000000fab00000,0x00000000fab00000,0x0000000100000000)
 ParOldGen       total 861696K, used 11991K [0x0000000080000000, 0x00000000b4980000, 0x00000000d5580000)
  object space 861696K, 1% used [0x0000000080000000,0x0000000080bb5df8,0x00000000b4980000)
 Metaspace       used 20777K, capacity 21022K, committed 21248K, reserved 1069056K
  class space    used 2360K, capacity 2452K, committed 2560K, reserved 1048576K
}
Event: 16.415 GC heap before
{Heap before GC invocations=3 (full 1):
 PSYoungGen      total 611840K, used 524800K [0x00000000d5580000, 0x0000000100000000, 0x0000000100000000)
  eden space 524800K, 100% used [0x00000000d5580000,0x00000000f5600000,0x00000000f5600000)
  from space 87040K, 0% used [0x00000000f5600000,0x00000000f5600000,0x00000000fab00000)
  to   space 87040K, 0% used [0x00000000fab00000,0x00000000fab00000,0x0000000100000000)
 ParOldGen       total 861696K, used 11991K [0x0000000080000000, 0x00000000b4980000, 0x00000000d5580000)
  object space 861696K, 1% used [0x0000000080000000,0x0000000080bb5df8,0x00000000b4980000)
 Metaspace       used 33024K, capacity 33552K, committed 33664K, reserved 1079296K
  class space    used 3731K, capacity 3859K, committed 3968K, reserved 1048576K
Event: 16.463 GC heap after
Heap after GC invocations=3 (full 1):
 PSYoungGen      total 611840K, used 26144K [0x00000000d5580000, 0x0000000100000000, 0x0000000100000000)
  eden space 524800K, 0% used [0x00000000d5580000,0x00000000d5580000,0x00000000f5600000)
  from space 87040K, 30% used [0x00000000fab00000,0x00000000fc488188,0x0000000100000000)
  to   space 87040K, 0% used [0x00000000f5600000,0x00000000f5600000,0x00000000fab00000)
 ParOldGen       total 861696K, used 11991K [0x0000000080000000, 0x00000000b4980000, 0x00000000d5580000)
  object space 861696K, 1% used [0x0000000080000000,0x0000000080bb5df8,0x00000000b4980000)
 Metaspace       used 33024K, capacity 33552K, committed 33664K, reserved 1079296K
  class space    used 3731K, capacity 3859K, committed 3968K, reserved 1048576K
}
Event: 37.623 GC heap before
{Heap before GC invocations=4 (full 1):
 PSYoungGen      total 611840K, used 550938K [0x00000000d5580000, 0x0000000100000000, 0x0000000100000000)
  eden space 524800K, 99% used [0x00000000d5580000,0x00000000f55fea38,0x00000000f5600000)
  from space 87040K, 30% used [0x00000000fab00000,0x00000000fc488188,0x0000000100000000)
  to   space 87040K, 0% used [0x00000000f5600000,0x00000000f5600000,0x00000000fab00000)
 ParOldGen       total 861696K, used 11991K [0x0000000080000000, 0x00000000b4980000, 0x00000000d5580000)
  object space 861696K, 1% used [0x0000000080000000,0x0000000080bb5df8,0x00000000b4980000)
 Metaspace       used 33371K, capacity 33978K, committed 34176K, reserved 1079296K
  class space    used 3734K, capacity 3864K, committed 3968K, reserved 1048576K
Event: 37.727 GC heap after
Heap after GC invocations=4 (full 1):
 PSYoungGen      total 611840K, used 27940K [0x00000000d5580000, 0x0000000100000000, 0x0000000100000000)
  eden space 524800K, 0% used [0x00000000d5580000,0x00000000d5580000,0x00000000f5600000)
  from space 87040K, 32% used [0x00000000f5600000,0x00000000f71492a0,0x00000000fab00000)
  to   space 87040K, 0% used [0x00000000fab00000,0x00000000fab00000,0x0000000100000000)
 ParOldGen       total 861696K, used 11999K [0x0000000080000000, 0x00000000b4980000, 0x00000000d5580000)
  object space 861696K, 1% used [0x0000000080000000,0x0000000080bb7df8,0x00000000b4980000)
 Metaspace       used 33371K, capacity 33978K, committed 34176K, reserved 1079296K
  class space    used 3734K, capacity 3864K, committed 3968K, reserved 1048576K
}
Event: 39.603 GC heap before
{Heap before GC invocations=5 (full 1):
 PSYoungGen      total 611840K, used 552740K [0x00000000d5580000, 0x0000000100000000, 0x0000000100000000)
  eden space 524800K, 100% used [0x00000000d5580000,0x00000000f5600000,0x00000000f5600000)
  from space 87040K, 32% used [0x00000000f5600000,0x00000000f71492a0,0x00000000fab00000)
  to   space 87040K, 0% used [0x00000000fab00000,0x00000000fab00000,0x0000000100000000)
 ParOldGen       total 861696K, used 11999K [0x0000000080000000, 0x00000000b4980000, 0x00000000d5580000)
  object space 861696K, 1% used [0x0000000080000000,0x0000000080bb7df8,0x00000000b4980000)
 Metaspace       used 33423K, capacity 34066K, committed 34176K, reserved 1079296K
  class space    used 3735K, capacity 3864K, committed 3968K, reserved 1048576K
Event: 39.688 GC heap after
Heap after GC invocations=5 (full 1):
 PSYoungGen      total 611840K, used 39932K [0x00000000d5580000, 0x0000000100000000, 0x0000000100000000)
  eden space 524800K, 0% used [0x00000000d5580000,0x00000000d5580000,0x00000000f5600000)
  from space 87040K, 45% used [0x00000000fab00000,0x00000000fd1ff368,0x0000000100000000)
  to   space 87040K, 0% used [0x00000000f5600000,0x00000000f5600000,0x00000000fab00000)
 ParOldGen       total 861696K, used 11999K [0x0000000080000000, 0x00000000b4980000, 0x00000000d5580000)
  object space 861696K, 1% used [0x0000000080000000,0x0000000080bb7df8,0x00000000b4980000)
 Metaspace       used 33423K, capacity 34066K, committed 34176K, reserved 1079296K
  class space    used 3735K, capacity 3864K, committed 3968K, reserved 1048576K
}

