# JRE version: OpenJDK Runtime Environment (8.0_212-b04) (build 1.8.0_212-b04)
# Java VM: OpenJDK 64-Bit Server VM (25.212-b04 mixed mode linux-amd64 compressed oops)
Heap:
 PSYoungGen      total 611840K, used 282258K [0x00000000d5580000, 0x0000000100000000, 0x0000000100000000)
  eden space 524800K, 53% used [0x00000000d5580000,0x00000000e6924ae0,0x00000000f5600000)
  from space 87040K, 0% used [0x00000000fab00000,0x00000000fab00000,0x0000000100000000)
  to   space 87040K, 0% used [0x00000000f5600000,0x00000000f5600000,0x00000000fab00000)
 ParOldGen       total 1398272K, used 33788K [0x0000000080000000, 0x00000000d5580000, 0x00000000d5580000)
  object space 1398272K, 2% used [0x0000000080000000,0x00000000820ff370,0x00000000d5580000)
 Metaspace       used 65186K, capacity 67970K, committed 68224K, reserved 1110016K
  class space    used 7509K, capacity 8019K, committed 8064K, reserved 1048576K
GC Heap History (10 events):
Event: 4.926 GC heap before
{Heap before GC invocations=3 (full 1):
 PSYoungGen      total 611840K, used 459662K [0x00000000d5580000, 0x0000000100000000, 0x0000000100000000)
  eden space 524800K, 87% used [0x00000000d5580000,0x00000000f1663ac0,0x00000000f5600000)
  from space 87040K, 0% used [0x00000000f5600000,0x00000000f5600000,0x00000000fab00000)
  to   space 87040K, 0% used [0x00000000fab00000,0x00000000fab00000,0x0000000100000000)
 ParOldGen       total 925184K, used 14296K [0x0000000080000000, 0x00000000b8780000, 0x00000000d5580000)
  object space 925184K, 1% used [0x0000000080000000,0x0000000080df6260,0x00000000b8780000)
 Metaspace       used 34685K, capacity 35028K, committed 35416K, reserved 1081344K
  class space    used 3950K, capacity 4060K, committed 4096K, reserved 1048576K
Event: 4.964 GC heap after
Heap after GC invocations=3 (full 1):
 PSYoungGen      total 611840K, used 19001K [0x00000000d5580000, 0x0000000100000000, 0x0000000100000000)
  eden space 524800K, 0% used [0x00000000d5580000,0x00000000d5580000,0x00000000f5600000)
  from space 87040K, 21% used [0x00000000fab00000,0x00000000fbd8e658,0x0000000100000000)
  to   space 87040K, 0% used [0x00000000f5600000,0x00000000f5600000,0x00000000fab00000)
 ParOldGen       total 925184K, used 14296K [0x0000000080000000, 0x00000000b8780000, 0x00000000d5580000)
  object space 925184K, 1% used [0x0000000080000000,0x0000000080df6260,0x00000000b8780000)
 Metaspace       used 34685K, capacity 35028K, committed 35416K, reserved 1081344K
  class space    used 3950K, capacity 4060K, committed 4096K, reserved 1048576K
}
Event: 4.964 GC heap before
{Heap before GC invocations=4 (full 2):
 PSYoungGen      total 611840K, used 19001K [0x00000000d5580000, 0x0000000100000000, 0x0000000100000000)
  eden space 524800K, 0% used [0x00000000d5580000,0x00000000d5580000,0x00000000f5600000)
  from space 87040K, 21% used [0x00000000fab00000,0x00000000fbd8e658,0x0000000100000000)
  to   space 87040K, 0% used [0x00000000f5600000,0x00000000f5600000,0x00000000fab00000)
 ParOldGen       total 925184K, used 14296K [0x0000000080000000, 0x00000000b8780000, 0x00000000d5580000)
  object space 925184K, 1% used [0x0000000080000000,0x0000000080df6260,0x00000000b8780000)
 Metaspace       used 34685K, capacity 35028K, committed 35416K, reserved 1081344K
  class space    used 3950K, capacity 4060K, committed 4096K, reserved 1048576K
Event: 5.057 GC heap after
Heap after GC invocations=4 (full 2):
 PSYoungGen      total 611840K, used 0K [0x00000000d5580000, 0x0000000100000000, 0x0000000100000000)
  eden space 524800K, 0% used [0x00000000d5580000,0x00000000d5580000,0x00000000f5600000)
  from space 87040K, 0% used [0x00000000fab00000,0x00000000fab00000,0x0000000100000000)
  to   space 87040K, 0% used [0x00000000f5600000,0x00000000f5600000,0x00000000fab00000)
 ParOldGen       total 1398272K, used 23547K [0x0000000080000000, 0x00000000d5580000, 0x00000000d5580000)
  object space 1398272K, 1% used [0x0000000080000000,0x00000000816fed50,0x00000000d5580000)
 Metaspace       used 34685K, capacity 35028K, committed 35416K, reserved 1081344K
  class space    used 3950K, capacity 4060K, committed 4096K, reserved 1048576K
}
Event: 12.937 GC heap before
{Heap before GC invocations=5 (full 2):
 PSYoungGen      total 611840K, used 524800K [0x00000000d5580000, 0x0000000100000000, 0x0000000100000000)
  eden space 524800K, 100% used [0x00000000d5580000,0x00000000f5600000,0x00000000f5600000)
  from space 87040K, 0% used [0x00000000fab00000,0x00000000fab00000,0x0000000100000000)
  to   space 87040K, 0% used [0x00000000f5600000,0x00000000f5600000,0x00000000fab00000)
 ParOldGen       total 1398272K, used 23547K [0x0000000080000000, 0x00000000d5580000, 0x00000000d5580000)
  object space 1398272K, 1% used [0x0000000080000000,0x00000000816fed50,0x00000000d5580000)
 Metaspace       used 51758K, capacity 53146K, committed 53248K, reserved 1095680K
  class space    used 6087K, capacity 6341K, committed 6400K, reserved 1048576K
Event: 12.996 GC heap after
Heap after GC invocations=5 (full 2):
 PSYoungGen      total 611840K, used 26351K [0x00000000d5580000, 0x0000000100000000, 0x0000000100000000)
  eden space 524800K, 0% used [0x00000000d5580000,0x00000000d5580000,0x00000000f5600000)
  from space 87040K, 30% used [0x00000000f5600000,0x00000000f6fbbd38,0x00000000fab00000)
  to   space 87040K, 0% used [0x00000000fab00000,0x00000000fab00000,0x0000000100000000)
 ParOldGen       total 1398272K, used 23555K [0x0000000080000000, 0x00000000d5580000, 0x00000000d5580000)
  object space 1398272K, 1% used [0x0000000080000000,0x0000000081700d50,0x00000000d5580000)
 Metaspace       used 51758K, capacity 53146K, committed 53248K, reserved 1095680K
  class space    used 6087K, capacity 6341K, committed 6400K, reserved 1048576K
}
Event: 19.770 GC heap before
{Heap before GC invocations=6 (full 2):
 PSYoungGen      total 611840K, used 236946K [0x00000000d5580000, 0x0000000100000000, 0x0000000100000000)
  eden space 524800K, 40% used [0x00000000d5580000,0x00000000e2328c90,0x00000000f5600000)
  from space 87040K, 30% used [0x00000000f5600000,0x00000000f6fbbd38,0x00000000fab00000)
  to   space 87040K, 0% used [0x00000000fab00000,0x00000000fab00000,0x0000000100000000)
 ParOldGen       total 1398272K, used 23555K [0x0000000080000000, 0x00000000d5580000, 0x00000000d5580000)
  object space 1398272K, 1% used [0x0000000080000000,0x0000000081700d50,0x00000000d5580000)
 Metaspace       used 56871K, capacity 58890K, committed 59008K, reserved 1101824K
  class space    used 6640K, capacity 7009K, committed 7040K, reserved 1048576K
Event: 19.825 GC heap after
Heap after GC invocations=6 (full 2):
 PSYoungGen      total 611840K, used 21971K [0x00000000d5580000, 0x0000000100000000, 0x0000000100000000)
  eden space 524800K, 0% used [0x00000000d5580000,0x00000000d5580000,0x00000000f5600000)
  from space 87040K, 25% used [0x00000000fab00000,0x00000000fc074cb0,0x0000000100000000)
  to   space 87040K, 0% used [0x00000000f5600000,0x00000000f5600000,0x00000000fab00000)
 ParOldGen       total 1398272K, used 23563K [0x0000000080000000, 0x00000000d5580000, 0x00000000d5580000)
  object space 1398272K, 1% used [0x0000000080000000,0x0000000081702d50,0x00000000d5580000)
 Metaspace       used 56871K, capacity 58890K, committed 59008K, reserved 1101824K
  class space    used 6640K, capacity 7009K, committed 7040K, reserved 1048576K
}
Event: 19.825 GC heap before
{Heap before GC invocations=7 (full 3):
 PSYoungGen      total 611840K, used 21971K [0x00000000d5580000, 0x0000000100000000, 0x0000000100000000)
  eden space 524800K, 0% used [0x00000000d5580000,0x00000000d5580000,0x00000000f5600000)
  from space 87040K, 25% used [0x00000000fab00000,0x00000000fc074cb0,0x0000000100000000)
  to   space 87040K, 0% used [0x00000000f5600000,0x00000000f5600000,0x00000000fab00000)
 ParOldGen       total 1398272K, used 23563K [0x0000000080000000, 0x00000000d5580000, 0x00000000d5580000)
  object space 1398272K, 1% used [0x0000000080000000,0x0000000081702d50,0x00000000d5580000)
 Metaspace       used 56871K, capacity 58890K, committed 59008K, reserved 1101824K
  class space    used 6640K, capacity 7009K, committed 7040K, reserved 1048576K
Event: 20.114 GC heap after
Heap after GC invocations=7 (full 3):
 PSYoungGen      total 611840K, used 0K [0x00000000d5580000, 0x0000000100000000, 0x0000000100000000)
  eden space 524800K, 0% used [0x00000000d5580000,0x00000000d5580000,0x00000000f5600000)
  from space 87040K, 0% used [0x00000000fab00000,0x00000000fab00000,0x0000000100000000)
  to   space 87040K, 0% used [0x00000000f5600000,0x00000000f5600000,0x00000000fab00000)
 ParOldGen       total 1398272K, used 33788K [0x0000000080000000, 0x00000000d5580000, 0x00000000d5580000)
  object space 1398272K, 2% used [0x0000000080000000,0x00000000820ff370,0x00000000d5580000)
 Metaspace       used 56712K, capacity 58470K, committed 59008K, reserved 1101824K
  class space    used 6587K, capacity 6913K, committed 7040K, reserved 1048576K
}

