# JRE version: OpenJDK Runtime Environment (8.0_212-b04) (build 1.8.0_212-b04)
# Java VM: OpenJDK 64-Bit Server VM (25.212-b04 mixed mode linux-amd64 compressed oops)
Heap:
 PSYoungGen      total 611840K, used 137055K [0x00000000d5580000, 0x0000000100000000, 0x0000000100000000)
  eden space 524800K, 26% used [0x00000000d5580000,0x00000000ddb57f88,0x00000000f5600000)
  from space 87040K, 0% used [0x00000000f5600000,0x00000000f5600000,0x00000000fab00000)
  to   space 87040K, 0% used [0x00000000fab00000,0x00000000fab00000,0x0000000100000000)
 ParOldGen       total 1398272K, used 45632K [0x0000000080000000, 0x00000000d5580000, 0x00000000d5580000)
  object space 1398272K, 3% used [0x0000000080000000,0x0000000082c902b0,0x00000000d5580000)
 Metaspace       used 62330K, capacity 64614K, committed 64768K, reserved 1105920K
  class space    used 7211K, capacity 7634K, committed 7680K, reserved 1048576K
GC Heap History (10 events):
Event: 2.052 GC heap before
{Heap before GC invocations=2 (full 1):
 PSYoungGen      total 611840K, used 14342K [0x00000000d5580000, 0x0000000100000000, 0x0000000100000000)
  eden space 524800K, 0% used [0x00000000d5580000,0x00000000d5580000,0x00000000f5600000)
  from space 87040K, 16% used [0x00000000f5600000,0x00000000f6401848,0x00000000fab00000)
  to   space 87040K, 0% used [0x00000000fab00000,0x00000000fab00000,0x0000000100000000)
 ParOldGen       total 1398272K, used 72K [0x0000000080000000, 0x00000000d5580000, 0x00000000d5580000)
  object space 1398272K, 0% used [0x0000000080000000,0x0000000080012010,0x00000000d5580000)
 Metaspace       used 20769K, capacity 21016K, committed 21248K, reserved 1069056K
  class space    used 2354K, capacity 2451K, committed 2560K, reserved 1048576K
Event: 2.123 GC heap after
Heap after GC invocations=2 (full 1):
 PSYoungGen      total 611840K, used 0K [0x00000000d5580000, 0x0000000100000000, 0x0000000100000000)
  eden space 524800K, 0% used [0x00000000d5580000,0x00000000d5580000,0x00000000f5600000)
  from space 87040K, 0% used [0x00000000f5600000,0x00000000f5600000,0x00000000fab00000)
  to   space 87040K, 0% used [0x00000000fab00000,0x00000000fab00000,0x0000000100000000)
 ParOldGen       total 925184K, used 13784K [0x0000000080000000, 0x00000000b8780000, 0x00000000d5580000)
  object space 925184K, 1% used [0x0000000080000000,0x0000000080d761a0,0x00000000b8780000)
 Metaspace       used 20769K, capacity 21016K, committed 21248K, reserved 1069056K
  class space    used 2354K, capacity 2451K, committed 2560K, reserved 1048576K
}
Event: 4.543 GC heap before
{Heap before GC invocations=3 (full 1):
 PSYoungGen      total 611840K, used 409351K [0x00000000d5580000, 0x0000000100000000, 0x0000000100000000)
  eden space 524800K, 78% used [0x00000000d5580000,0x00000000ee541c40,0x00000000f5600000)
  from space 87040K, 0% used [0x00000000f5600000,0x00000000f5600000,0x00000000fab00000)
  to   space 87040K, 0% used [0x00000000fab00000,0x00000000fab00000,0x0000000100000000)
 ParOldGen       total 925184K, used 13784K [0x0000000080000000, 0x00000000b8780000, 0x00000000d5580000)
  object space 925184K, 1% used [0x0000000080000000,0x0000000080d761a0,0x00000000b8780000)
 Metaspace       used 34720K, capacity 35204K, committed 35416K, reserved 1081344K
  class space    used 3965K, capacity 4096K, committed 4096K, reserved 1048576K
Event: 4.578 GC heap after
Heap after GC invocations=3 (full 1):
 PSYoungGen      total 611840K, used 18578K [0x00000000d5580000, 0x0000000100000000, 0x0000000100000000)
  eden space 524800K, 0% used [0x00000000d5580000,0x00000000d5580000,0x00000000f5600000)
  from space 87040K, 21% used [0x00000000fab00000,0x00000000fbd24a78,0x0000000100000000)
  to   space 87040K, 0% used [0x00000000f5600000,0x00000000f5600000,0x00000000fab00000)
 ParOldGen       total 925184K, used 13784K [0x0000000080000000, 0x00000000b8780000, 0x00000000d5580000)
  object space 925184K, 1% used [0x0000000080000000,0x0000000080d761a0,0x00000000b8780000)
 Metaspace       used 34720K, capacity 35204K, committed 35416K, reserved 1081344K
  class space    used 3965K, capacity 4096K, committed 4096K, reserved 1048576K
}
Event: 4.578 GC heap before
{Heap before GC invocations=4 (full 2):
 PSYoungGen      total 611840K, used 18578K [0x00000000d5580000, 0x0000000100000000, 0x0000000100000000)
  eden space 524800K, 0% used [0x00000000d5580000,0x00000000d5580000,0x00000000f5600000)
  from space 87040K, 21% used [0x00000000fab00000,0x00000000fbd24a78,0x0000000100000000)
  to   space 87040K, 0% used [0x00000000f5600000,0x00000000f5600000,0x00000000fab00000)
 ParOldGen       total 925184K, used 13784K [0x0000000080000000, 0x00000000b8780000, 0x00000000d5580000)
  object space 925184K, 1% used [0x0000000080000000,0x0000000080d761a0,0x00000000b8780000)
 Metaspace       used 34720K, capacity 35204K, committed 35416K, reserved 1081344K
  class space    used 3965K, capacity 4096K, committed 4096K, reserved 1048576K
Event: 4.688 GC heap after
Heap after GC invocations=4 (full 2):
 PSYoungGen      total 611840K, used 0K [0x00000000d5580000, 0x0000000100000000, 0x0000000100000000)
  eden space 524800K, 0% used [0x00000000d5580000,0x00000000d5580000,0x00000000f5600000)
  from space 87040K, 0% used [0x00000000fab00000,0x00000000fab00000,0x0000000100000000)
  to   space 87040K, 0% used [0x00000000f5600000,0x00000000f5600000,0x00000000fab00000)
 ParOldGen       total 1398272K, used 22860K [0x0000000080000000, 0x00000000d5580000, 0x00000000d5580000)
  object space 1398272K, 1% used [0x0000000080000000,0x00000000816533c8,0x00000000d5580000)
 Metaspace       used 34720K, capacity 35204K, committed 35416K, reserved 1081344K
  class space    used 3965K, capacity 4096K, committed 4096K, reserved 1048576K
}
Event: 19.293 GC heap before
{Heap before GC invocations=5 (full 2):
 PSYoungGen      total 611840K, used 475241K [0x00000000d5580000, 0x0000000100000000, 0x0000000100000000)
  eden space 524800K, 90% used [0x00000000d5580000,0x00000000f259a7b0,0x00000000f5600000)
  from space 87040K, 0% used [0x00000000fab00000,0x00000000fab00000,0x0000000100000000)
  to   space 87040K, 0% used [0x00000000f5600000,0x00000000f5600000,0x00000000fab00000)
 ParOldGen       total 1398272K, used 22860K [0x0000000080000000, 0x00000000d5580000, 0x00000000d5580000)
  object space 1398272K, 1% used [0x0000000080000000,0x00000000816533c8,0x00000000d5580000)
 Metaspace       used 56932K, capacity 58866K, committed 59008K, reserved 1101824K
  class space    used 6640K, capacity 7000K, committed 7040K, reserved 1048576K
Event: 19.403 GC heap after
Heap after GC invocations=5 (full 2):
 PSYoungGen      total 611840K, used 35505K [0x00000000d5580000, 0x0000000100000000, 0x0000000100000000)
  eden space 524800K, 0% used [0x00000000d5580000,0x00000000d5580000,0x00000000f5600000)
  from space 87040K, 40% used [0x00000000f5600000,0x00000000f78ac690,0x00000000fab00000)
  to   space 87040K, 0% used [0x00000000fab00000,0x00000000fab00000,0x0000000100000000)
 ParOldGen       total 1398272K, used 22868K [0x0000000080000000, 0x00000000d5580000, 0x00000000d5580000)
  object space 1398272K, 1% used [0x0000000080000000,0x00000000816553c8,0x00000000d5580000)
 Metaspace       used 56932K, capacity 58866K, committed 59008K, reserved 1101824K
  class space    used 6640K, capacity 7000K, committed 7040K, reserved 1048576K
}
Event: 19.403 GC heap before
{Heap before GC invocations=6 (full 3):
 PSYoungGen      total 611840K, used 35505K [0x00000000d5580000, 0x0000000100000000, 0x0000000100000000)
  eden space 524800K, 0% used [0x00000000d5580000,0x00000000d5580000,0x00000000f5600000)
  from space 87040K, 40% used [0x00000000f5600000,0x00000000f78ac690,0x00000000fab00000)
  to   space 87040K, 0% used [0x00000000fab00000,0x00000000fab00000,0x0000000100000000)
 ParOldGen       total 1398272K, used 22868K [0x0000000080000000, 0x00000000d5580000, 0x00000000d5580000)
  object space 1398272K, 1% used [0x0000000080000000,0x00000000816553c8,0x00000000d5580000)
 Metaspace       used 56932K, capacity 58866K, committed 59008K, reserved 1101824K
  class space    used 6640K, capacity 7000K, committed 7040K, reserved 1048576K
Event: 19.688 GC heap after
Heap after GC invocations=6 (full 3):
 PSYoungGen      total 611840K, used 0K [0x00000000d5580000, 0x0000000100000000, 0x0000000100000000)
  eden space 524800K, 0% used [0x00000000d5580000,0x00000000d5580000,0x00000000f5600000)
  from space 87040K, 0% used [0x00000000f5600000,0x00000000f5600000,0x00000000fab00000)
  to   space 87040K, 0% used [0x00000000fab00000,0x00000000fab00000,0x0000000100000000)
 ParOldGen       total 1398272K, used 45632K [0x0000000080000000, 0x00000000d5580000, 0x00000000d5580000)
  object space 1398272K, 3% used [0x0000000080000000,0x0000000082c902b0,0x00000000d5580000)
 Metaspace       used 56853K, capacity 58658K, committed 59008K, reserved 1101824K
  class space    used 6614K, capacity 6952K, committed 7040K, reserved 1048576K
}

