# JRE version: OpenJDK Runtime Environment (8.0_212-b04) (build 1.8.0_212-b04)
# Java VM: OpenJDK 64-Bit Server VM (25.212-b04 mixed mode linux-amd64 compressed oops)
Heap:
 PSYoungGen      total 520704K, used 263401K [0x00000000d5580000, 0x00000000ffd00000, 0x0000000100000000)
  eden space 445952K, 42% used [0x00000000d5580000,0x00000000e0dc7cb8,0x00000000f0900000)
  from space 74752K, 99% used [0x00000000f0e00000,0x00000000f56f2760,0x00000000f5700000)
  to   space 124928K, 0% used [0x00000000f8300000,0x00000000f8300000,0x00000000ffd00000)
 ParOldGen       total 1398272K, used 74300K [0x0000000080000000, 0x00000000d5580000, 0x00000000d5580000)
  object space 1398272K, 5% used [0x0000000080000000,0x000000008488f1c0,0x00000000d5580000)
 Metaspace       used 71753K, capacity 75366K, committed 75648K, reserved 1116160K
  class space    used 7840K, capacity 8465K, committed 8576K, reserved 1048576K
GC Heap History (10 events):
Event: 11.374 GC heap before
{Heap before GC invocations=6 (full 3):
 PSYoungGen      total 611840K, used 34006K [0x00000000d5580000, 0x0000000100000000, 0x0000000100000000)
  eden space 524800K, 0% used [0x00000000d5580000,0x00000000d5580000,0x00000000f5600000)
  from space 87040K, 39% used [0x00000000f5600000,0x00000000f77358d0,0x00000000fab00000)
  to   space 87040K, 0% used [0x00000000fab00000,0x00000000fab00000,0x0000000100000000)
 ParOldGen       total 1398272K, used 23656K [0x0000000080000000, 0x00000000d5580000, 0x00000000d5580000)
  object space 1398272K, 1% used [0x0000000080000000,0x000000008171a368,0x00000000d5580000)
 Metaspace       used 57373K, capacity 58806K, committed 59008K, reserved 1101824K
  class space    used 6641K, capacity 6921K, committed 7040K, reserved 1048576K
Event: 11.641 GC heap after
Heap after GC invocations=6 (full 3):
 PSYoungGen      total 611840K, used 0K [0x00000000d5580000, 0x0000000100000000, 0x0000000100000000)
  eden space 524800K, 0% used [0x00000000d5580000,0x00000000d5580000,0x00000000f5600000)
  from space 87040K, 0% used [0x00000000f5600000,0x00000000f5600000,0x00000000fab00000)
  to   space 87040K, 0% used [0x00000000fab00000,0x00000000fab00000,0x0000000100000000)
 ParOldGen       total 1398272K, used 44516K [0x0000000080000000, 0x00000000d5580000, 0x00000000d5580000)
  object space 1398272K, 3% used [0x0000000080000000,0x0000000082b792f8,0x00000000d5580000)
 Metaspace       used 57332K, capacity 58710K, committed 59008K, reserved 1101824K
  class space    used 6627K, capacity 6897K, committed 7040K, reserved 1048576K
}
Event: 97.403 GC heap before
{Heap before GC invocations=7 (full 3):
 PSYoungGen      total 611840K, used 524800K [0x00000000d5580000, 0x0000000100000000, 0x0000000100000000)
  eden space 524800K, 100% used [0x00000000d5580000,0x00000000f5600000,0x00000000f5600000)
  from space 87040K, 0% used [0x00000000f5600000,0x00000000f5600000,0x00000000fab00000)
  to   space 87040K, 0% used [0x00000000fab00000,0x00000000fab00000,0x0000000100000000)
 ParOldGen       total 1398272K, used 44516K [0x0000000080000000, 0x00000000d5580000, 0x00000000d5580000)
  object space 1398272K, 3% used [0x0000000080000000,0x0000000082b792f8,0x00000000d5580000)
 Metaspace       used 66666K, capacity 69602K, committed 69888K, reserved 1112064K
  class space    used 7591K, capacity 8103K, committed 8192K, reserved 1048576K
Event: 97.522 GC heap after
Heap after GC invocations=7 (full 3):
 PSYoungGen      total 611840K, used 48240K [0x00000000d5580000, 0x0000000100000000, 0x0000000100000000)
  eden space 524800K, 0% used [0x00000000d5580000,0x00000000d5580000,0x00000000f5600000)
  from space 87040K, 55% used [0x00000000fab00000,0x00000000fda1c300,0x0000000100000000)
  to   space 87040K, 0% used [0x00000000f5600000,0x00000000f5600000,0x00000000fab00000)
 ParOldGen       total 1398272K, used 44524K [0x0000000080000000, 0x00000000d5580000, 0x00000000d5580000)
  object space 1398272K, 3% used [0x0000000080000000,0x0000000082b7b2f8,0x00000000d5580000)
 Metaspace       used 66666K, capacity 69602K, committed 69888K, reserved 1112064K
  class space    used 7591K, capacity 8103K, committed 8192K, reserved 1048576K
}
Event: 333.857 GC heap before
{Heap before GC invocations=8 (full 3):
 PSYoungGen      total 611840K, used 573040K [0x00000000d5580000, 0x0000000100000000, 0x0000000100000000)
  eden space 524800K, 100% used [0x00000000d5580000,0x00000000f5600000,0x00000000f5600000)
  from space 87040K, 55% used [0x00000000fab00000,0x00000000fda1c300,0x0000000100000000)
  to   space 87040K, 0% used [0x00000000f5600000,0x00000000f5600000,0x00000000fab00000)
 ParOldGen       total 1398272K, used 44524K [0x0000000080000000, 0x00000000d5580000, 0x00000000d5580000)
  object space 1398272K, 3% used [0x0000000080000000,0x0000000082b7b2f8,0x00000000d5580000)
 Metaspace       used 68959K, capacity 72092K, committed 72320K, reserved 1114112K
  class space    used 7680K, capacity 8258K, committed 8320K, reserved 1048576K
Event: 334.072 GC heap after
Heap after GC invocations=8 (full 3):
 PSYoungGen      total 611840K, used 87011K [0x00000000d5580000, 0x0000000100000000, 0x0000000100000000)
  eden space 524800K, 0% used [0x00000000d5580000,0x00000000d5580000,0x00000000f5600000)
  from space 87040K, 99% used [0x00000000f5600000,0x00000000faaf8fd8,0x00000000fab00000)
  to   space 87040K, 0% used [0x00000000fab00000,0x00000000fab00000,0x0000000100000000)
 ParOldGen       total 1398272K, used 46356K [0x0000000080000000, 0x00000000d5580000, 0x00000000d5580000)
  object space 1398272K, 3% used [0x0000000080000000,0x0000000082d45040,0x00000000d5580000)
 Metaspace       used 68959K, capacity 72092K, committed 72320K, reserved 1114112K
  class space    used 7680K, capacity 8258K, committed 8320K, reserved 1048576K
}
Event: 591.688 GC heap before
{Heap before GC invocations=9 (full 3):
 PSYoungGen      total 611840K, used 611811K [0x00000000d5580000, 0x0000000100000000, 0x0000000100000000)
  eden space 524800K, 100% used [0x00000000d5580000,0x00000000f5600000,0x00000000f5600000)
  from space 87040K, 99% used [0x00000000f5600000,0x00000000faaf8fd8,0x00000000fab00000)
  to   space 87040K, 0% used [0x00000000fab00000,0x00000000fab00000,0x0000000100000000)
 ParOldGen       total 1398272K, used 46356K [0x0000000080000000, 0x00000000d5580000, 0x00000000d5580000)
  object space 1398272K, 3% used [0x0000000080000000,0x0000000082d45040,0x00000000d5580000)
 Metaspace       used 70419K, capacity 73926K, committed 74240K, reserved 1116160K
  class space    used 7769K, capacity 8387K, committed 8448K, reserved 1048576K
Event: 591.913 GC heap after
Heap after GC invocations=9 (full 3):
 PSYoungGen      total 538112K, used 87008K [0x00000000d5580000, 0x0000000100000000, 0x0000000100000000)
  eden space 451072K, 0% used [0x00000000d5580000,0x00000000d5580000,0x00000000f0e00000)
  from space 87040K, 99% used [0x00000000fab00000,0x00000000ffff8178,0x0000000100000000)
  to   space 123904K, 0% used [0x00000000f0e00000,0x00000000f0e00000,0x00000000f8700000)
 ParOldGen       total 1398272K, used 74300K [0x0000000080000000, 0x00000000d5580000, 0x00000000d5580000)
  object space 1398272K, 5% used [0x0000000080000000,0x000000008488f1c0,0x00000000d5580000)
 Metaspace       used 70419K, capacity 73926K, committed 74240K, reserved 1116160K
  class space    used 7769K, capacity 8387K, committed 8448K, reserved 1048576K
}
Event: 661.778 GC heap before
{Heap before GC invocations=10 (full 3):
 PSYoungGen      total 538112K, used 538080K [0x00000000d5580000, 0x0000000100000000, 0x0000000100000000)
  eden space 451072K, 100% used [0x00000000d5580000,0x00000000f0e00000,0x00000000f0e00000)
  from space 87040K, 99% used [0x00000000fab00000,0x00000000ffff8178,0x0000000100000000)
  to   space 123904K, 0% used [0x00000000f0e00000,0x00000000f0e00000,0x00000000f8700000)
 ParOldGen       total 1398272K, used 74300K [0x0000000080000000, 0x00000000d5580000, 0x00000000d5580000)
  object space 1398272K, 5% used [0x0000000080000000,0x000000008488f1c0,0x00000000d5580000)
 Metaspace       used 71208K, capacity 74796K, committed 75008K, reserved 1116160K
  class space    used 7800K, capacity 8446K, committed 8448K, reserved 1048576K
Event: 661.952 GC heap after
Heap after GC invocations=10 (full 3):
 PSYoungGen      total 520704K, used 74697K [0x00000000d5580000, 0x00000000ffd00000, 0x0000000100000000)
  eden space 445952K, 0% used [0x00000000d5580000,0x00000000d5580000,0x00000000f0900000)
  from space 74752K, 99% used [0x00000000f0e00000,0x00000000f56f2760,0x00000000f5700000)
  to   space 124928K, 0% used [0x00000000f8300000,0x00000000f8300000,0x00000000ffd00000)
 ParOldGen       total 1398272K, used 74300K [0x0000000080000000, 0x00000000d5580000, 0x00000000d5580000)
  object space 1398272K, 5% used [0x0000000080000000,0x000000008488f1c0,0x00000000d5580000)
 Metaspace       used 71208K, capacity 74796K, committed 75008K, reserved 1116160K
  class space    used 7800K, capacity 8446K, committed 8448K, reserved 1048576K
}

