# JRE version: OpenJDK Runtime Environment (8.0_212-b04) (build 1.8.0_212-b04)
# Java VM: OpenJDK 64-Bit Server VM (25.212-b04 mixed mode linux-amd64 compressed oops)
Heap:
 PSYoungGen      total 552960K, used 395763K [0x00000000d5580000, 0x0000000100000000, 0x0000000100000000)
  eden space 488960K, 67% used [0x00000000d5580000,0x00000000e997e3c0,0x00000000f3300000)
  from space 64000K, 99% used [0x00000000fa180000,0x00000000fdffea68,0x00000000fe000000)
  to   space 104960K, 0% used [0x00000000f3300000,0x00000000f3300000,0x00000000f9980000)
 ParOldGen       total 1398272K, used 65374K [0x0000000080000000, 0x00000000d5580000, 0x00000000d5580000)
  object space 1398272K, 4% used [0x0000000080000000,0x0000000083fd7870,0x00000000d5580000)
 Metaspace       used 66520K, capacity 69778K, committed 70144K, reserved 1112064K
  class space    used 7512K, capacity 8083K, committed 8192K, reserved 1048576K
GC Heap History (10 events):
Event: 12.041 GC heap before
{Heap before GC invocations=5 (full 2):
 PSYoungGen      total 611840K, used 524800K [0x00000000d5580000, 0x0000000100000000, 0x0000000100000000)
  eden space 524800K, 100% used [0x00000000d5580000,0x00000000f5600000,0x00000000f5600000)
  from space 87040K, 0% used [0x00000000fab00000,0x00000000fab00000,0x0000000100000000)
  to   space 87040K, 0% used [0x00000000f5600000,0x00000000f5600000,0x00000000fab00000)
 ParOldGen       total 1398272K, used 23546K [0x0000000080000000, 0x00000000d5580000, 0x00000000d5580000)
  object space 1398272K, 1% used [0x0000000080000000,0x00000000816fe8a0,0x00000000d5580000)
 Metaspace       used 56681K, capacity 58116K, committed 58368K, reserved 1101824K
  class space    used 6548K, capacity 6838K, committed 6912K, reserved 1048576K
Event: 12.128 GC heap after
Heap after GC invocations=5 (full 2):
 PSYoungGen      total 611840K, used 32815K [0x00000000d5580000, 0x0000000100000000, 0x0000000100000000)
  eden space 524800K, 0% used [0x00000000d5580000,0x00000000d5580000,0x00000000f5600000)
  from space 87040K, 37% used [0x00000000f5600000,0x00000000f760bf40,0x00000000fab00000)
  to   space 87040K, 0% used [0x00000000fab00000,0x00000000fab00000,0x0000000100000000)
 ParOldGen       total 1398272K, used 23554K [0x0000000080000000, 0x00000000d5580000, 0x00000000d5580000)
  object space 1398272K, 1% used [0x0000000080000000,0x00000000817008a0,0x00000000d5580000)
 Metaspace       used 56681K, capacity 58116K, committed 58368K, reserved 1101824K
  class space    used 6548K, capacity 6838K, committed 6912K, reserved 1048576K
}
Event: 12.218 GC heap before
{Heap before GC invocations=6 (full 2):
 PSYoungGen      total 611840K, used 91316K [0x00000000d5580000, 0x0000000100000000, 0x0000000100000000)
  eden space 524800K, 11% used [0x00000000d5580000,0x00000000d8ea1400,0x00000000f5600000)
  from space 87040K, 37% used [0x00000000f5600000,0x00000000f760bf40,0x00000000fab00000)
  to   space 87040K, 0% used [0x00000000fab00000,0x00000000fab00000,0x0000000100000000)
 ParOldGen       total 1398272K, used 23554K [0x0000000080000000, 0x00000000d5580000, 0x00000000d5580000)
  object space 1398272K, 1% used [0x0000000080000000,0x00000000817008a0,0x00000000d5580000)
 Metaspace       used 57464K, capacity 58884K, committed 59028K, reserved 1101824K
  class space    used 6635K, capacity 6902K, committed 6912K, reserved 1048576K
Event: 12.256 GC heap after
Heap after GC invocations=6 (full 2):
 PSYoungGen      total 611840K, used 13753K [0x00000000d5580000, 0x0000000100000000, 0x0000000100000000)
  eden space 524800K, 0% used [0x00000000d5580000,0x00000000d5580000,0x00000000f5600000)
  from space 87040K, 15% used [0x00000000fab00000,0x00000000fb86e780,0x0000000100000000)
  to   space 87040K, 0% used [0x00000000f5600000,0x00000000f5600000,0x00000000fab00000)
 ParOldGen       total 1398272K, used 23554K [0x0000000080000000, 0x00000000d5580000, 0x00000000d5580000)
  object space 1398272K, 1% used [0x0000000080000000,0x00000000817008a0,0x00000000d5580000)
 Metaspace       used 57464K, capacity 58884K, committed 59028K, reserved 1101824K
  class space    used 6635K, capacity 6902K, committed 6912K, reserved 1048576K
}
Event: 12.256 GC heap before
{Heap before GC invocations=7 (full 3):
 PSYoungGen      total 611840K, used 13753K [0x00000000d5580000, 0x0000000100000000, 0x0000000100000000)
  eden space 524800K, 0% used [0x00000000d5580000,0x00000000d5580000,0x00000000f5600000)
  from space 87040K, 15% used [0x00000000fab00000,0x00000000fb86e780,0x0000000100000000)
  to   space 87040K, 0% used [0x00000000f5600000,0x00000000f5600000,0x00000000fab00000)
 ParOldGen       total 1398272K, used 23554K [0x0000000080000000, 0x00000000d5580000, 0x00000000d5580000)
  object space 1398272K, 1% used [0x0000000080000000,0x00000000817008a0,0x00000000d5580000)
 Metaspace       used 57464K, capacity 58884K, committed 59028K, reserved 1101824K
  class space    used 6635K, capacity 6902K, committed 6912K, reserved 1048576K
Event: 12.511 GC heap after
Heap after GC invocations=7 (full 3):
 PSYoungGen      total 611840K, used 0K [0x00000000d5580000, 0x0000000100000000, 0x0000000100000000)
  eden space 524800K, 0% used [0x00000000d5580000,0x00000000d5580000,0x00000000f5600000)
  from space 87040K, 0% used [0x00000000fab00000,0x00000000fab00000,0x0000000100000000)
  to   space 87040K, 0% used [0x00000000f5600000,0x00000000f5600000,0x00000000fab00000)
 ParOldGen       total 1398272K, used 25637K [0x0000000080000000, 0x00000000d5580000, 0x00000000d5580000)
  object space 1398272K, 1% used [0x0000000080000000,0x0000000081909648,0x00000000d5580000)
 Metaspace       used 57428K, capacity 58794K, committed 59028K, reserved 1101824K
  class space    used 6623K, capacity 6881K, committed 6912K, reserved 1048576K
}
Event: 25.027 GC heap before
{Heap before GC invocations=8 (full 3):
 PSYoungGen      total 611840K, used 510949K [0x00000000d5580000, 0x0000000100000000, 0x0000000100000000)
  eden space 524800K, 97% used [0x00000000d5580000,0x00000000f4879668,0x00000000f5600000)
  from space 87040K, 0% used [0x00000000fab00000,0x00000000fab00000,0x0000000100000000)
  to   space 87040K, 0% used [0x00000000f5600000,0x00000000f5600000,0x00000000fab00000)
 ParOldGen       total 1398272K, used 25637K [0x0000000080000000, 0x00000000d5580000, 0x00000000d5580000)
  object space 1398272K, 1% used [0x0000000080000000,0x0000000081909648,0x00000000d5580000)
 Metaspace       used 65041K, capacity 67940K, committed 68224K, reserved 1110016K
  class space    used 7440K, capacity 7972K, committed 8064K, reserved 1048576K
Event: 25.126 GC heap after
Heap after GC invocations=8 (full 3):
 PSYoungGen      total 602112K, used 76951K [0x00000000d5580000, 0x00000000fe000000, 0x0000000100000000)
  eden space 524800K, 0% used [0x00000000d5580000,0x00000000d5580000,0x00000000f5600000)
  from space 77312K, 99% used [0x00000000f5600000,0x00000000fa125fc0,0x00000000fa180000)
  to   space 64000K, 0% used [0x00000000fa180000,0x00000000fa180000,0x00000000fe000000)
 ParOldGen       total 1398272K, used 25637K [0x0000000080000000, 0x00000000d5580000, 0x00000000d5580000)
  object space 1398272K, 1% used [0x0000000080000000,0x0000000081909648,0x00000000d5580000)
 Metaspace       used 65041K, capacity 67940K, committed 68224K, reserved 1110016K
  class space    used 7440K, capacity 7972K, committed 8064K, reserved 1048576K
}
Event: 30.652 GC heap before
{Heap before GC invocations=9 (full 3):
 PSYoungGen      total 602112K, used 598111K [0x00000000d5580000, 0x00000000fe000000, 0x0000000100000000)
  eden space 524800K, 99% used [0x00000000d5580000,0x00000000f5271cb0,0x00000000f5600000)
  from space 77312K, 99% used [0x00000000f5600000,0x00000000fa125fc0,0x00000000fa180000)
  to   space 64000K, 0% used [0x00000000fa180000,0x00000000fa180000,0x00000000fe000000)
 ParOldGen       total 1398272K, used 25637K [0x0000000080000000, 0x00000000d5580000, 0x00000000d5580000)
  object space 1398272K, 1% used [0x0000000080000000,0x0000000081909648,0x00000000d5580000)
 Metaspace       used 66068K, capacity 69168K, committed 69248K, reserved 1110016K
  class space    used 7493K, capacity 8052K, committed 8064K, reserved 1048576K
Event: 30.785 GC heap after
Heap after GC invocations=9 (full 3):
 PSYoungGen      total 552960K, used 63994K [0x00000000d5580000, 0x0000000100000000, 0x0000000100000000)
  eden space 488960K, 0% used [0x00000000d5580000,0x00000000d5580000,0x00000000f3300000)
  from space 64000K, 99% used [0x00000000fa180000,0x00000000fdffea68,0x00000000fe000000)
  to   space 104960K, 0% used [0x00000000f3300000,0x00000000f3300000,0x00000000f9980000)
 ParOldGen       total 1398272K, used 65374K [0x0000000080000000, 0x00000000d5580000, 0x00000000d5580000)
  object space 1398272K, 4% used [0x0000000080000000,0x0000000083fd7870,0x00000000d5580000)
 Metaspace       used 66068K, capacity 69168K, committed 69248K, reserved 1110016K
  class space    used 7493K, capacity 8052K, committed 8064K, reserved 1048576K
}

