# JRE version: OpenJDK Runtime Environment (8.0_212-b04) (build 1.8.0_212-b04)
# Java VM: OpenJDK 64-Bit Server VM (25.212-b04 mixed mode linux-amd64 compressed oops)
Heap:
 PSYoungGen      total 611840K, used 234066K [0x00000000d5580000, 0x0000000100000000, 0x0000000100000000)
  eden space 524800K, 44% used [0x00000000d5580000,0x00000000e3a14968,0x00000000f5600000)
  from space 87040K, 0% used [0x00000000f5600000,0x00000000f5600000,0x00000000fab00000)
  to   space 87040K, 0% used [0x00000000fab00000,0x00000000fab00000,0x0000000100000000)
 ParOldGen       total 997888K, used 12548K [0x0000000080000000, 0x00000000bce80000, 0x00000000d5580000)
  object space 997888K, 1% used [0x0000000080000000,0x0000000080c41218,0x00000000bce80000)
 Metaspace       used 46522K, capacity 47968K, committed 48216K, reserved 1091584K
  class space    used 5574K, capacity 5862K, committed 5976K, reserved 1048576K
GC Heap History (10 events):
Event: 2.307 GC heap before
{Heap before GC invocations=1 (full 0):
 PSYoungGen      total 611840K, used 209921K [0x00000000d5580000, 0x0000000100000000, 0x0000000100000000)
  eden space 524800K, 40% used [0x00000000d5580000,0x00000000e2280418,0x00000000f5600000)
  from space 87040K, 0% used [0x00000000fab00000,0x00000000fab00000,0x0000000100000000)
  to   space 87040K, 0% used [0x00000000f5600000,0x00000000f5600000,0x00000000fab00000)
 ParOldGen       total 1398272K, used 0K [0x0000000080000000, 0x00000000d5580000, 0x00000000d5580000)
  object space 1398272K, 0% used [0x0000000080000000,0x0000000080000000,0x00000000d5580000)
 Metaspace       used 20819K, capacity 21106K, committed 21248K, reserved 1069056K
  class space    used 2365K, capacity 2482K, committed 2560K, reserved 1048576K
Event: 2.346 GC heap after
Heap after GC invocations=1 (full 0):
 PSYoungGen      total 611840K, used 14261K [0x00000000d5580000, 0x0000000100000000, 0x0000000100000000)
  eden space 524800K, 0% used [0x00000000d5580000,0x00000000d5580000,0x00000000f5600000)
  from space 87040K, 16% used [0x00000000f5600000,0x00000000f63ed4b8,0x00000000fab00000)
  to   space 87040K, 0% used [0x00000000fab00000,0x00000000fab00000,0x0000000100000000)
 ParOldGen       total 1398272K, used 72K [0x0000000080000000, 0x00000000d5580000, 0x00000000d5580000)
  object space 1398272K, 0% used [0x0000000080000000,0x0000000080012010,0x00000000d5580000)
 Metaspace       used 20819K, capacity 21106K, committed 21248K, reserved 1069056K
  class space    used 2365K, capacity 2482K, committed 2560K, reserved 1048576K
}
Event: 2.346 GC heap before
{Heap before GC invocations=2 (full 1):
 PSYoungGen      total 611840K, used 14261K [0x00000000d5580000, 0x0000000100000000, 0x0000000100000000)
  eden space 524800K, 0% used [0x00000000d5580000,0x00000000d5580000,0x00000000f5600000)
  from space 87040K, 16% used [0x00000000f5600000,0x00000000f63ed4b8,0x00000000fab00000)
  to   space 87040K, 0% used [0x00000000fab00000,0x00000000fab00000,0x0000000100000000)
 ParOldGen       total 1398272K, used 72K [0x0000000080000000, 0x00000000d5580000, 0x00000000d5580000)
  object space 1398272K, 0% used [0x0000000080000000,0x0000000080012010,0x00000000d5580000)
 Metaspace       used 20819K, capacity 21106K, committed 21248K, reserved 1069056K
  class space    used 2365K, capacity 2482K, committed 2560K, reserved 1048576K
Event: 2.404 GC heap after
Heap after GC invocations=2 (full 1):
 PSYoungGen      total 611840K, used 0K [0x00000000d5580000, 0x0000000100000000, 0x0000000100000000)
  eden space 524800K, 0% used [0x00000000d5580000,0x00000000d5580000,0x00000000f5600000)
  from space 87040K, 0% used [0x00000000f5600000,0x00000000f5600000,0x00000000fab00000)
  to   space 87040K, 0% used [0x00000000fab00000,0x00000000fab00000,0x0000000100000000)
 ParOldGen       total 849920K, used 13734K [0x0000000080000000, 0x00000000b3e00000, 0x00000000d5580000)
  object space 849920K, 1% used [0x0000000080000000,0x0000000080d69818,0x00000000b3e00000)
 Metaspace       used 20819K, capacity 21106K, committed 21248K, reserved 1069056K
  class space    used 2365K, capacity 2482K, committed 2560K, reserved 1048576K
}
Event: 4.916 GC heap before
{Heap before GC invocations=3 (full 1):
 PSYoungGen      total 611840K, used 372019K [0x00000000d5580000, 0x0000000100000000, 0x0000000100000000)
  eden space 524800K, 70% used [0x00000000d5580000,0x00000000ec0ccca0,0x00000000f5600000)
  from space 87040K, 0% used [0x00000000f5600000,0x00000000f5600000,0x00000000fab00000)
  to   space 87040K, 0% used [0x00000000fab00000,0x00000000fab00000,0x0000000100000000)
 ParOldGen       total 849920K, used 13734K [0x0000000080000000, 0x00000000b3e00000, 0x00000000d5580000)
  object space 849920K, 1% used [0x0000000080000000,0x0000000080d69818,0x00000000b3e00000)
 Metaspace       used 34765K, capacity 35284K, committed 35672K, reserved 1081344K
  class space    used 3983K, capacity 4100K, committed 4184K, reserved 1048576K
Event: 4.950 GC heap after
Heap after GC invocations=3 (full 1):
 PSYoungGen      total 611840K, used 18791K [0x00000000d5580000, 0x0000000100000000, 0x0000000100000000)
  eden space 524800K, 0% used [0x00000000d5580000,0x00000000d5580000,0x00000000f5600000)
  from space 87040K, 21% used [0x00000000fab00000,0x00000000fbd59f60,0x0000000100000000)
  to   space 87040K, 0% used [0x00000000f5600000,0x00000000f5600000,0x00000000fab00000)
 ParOldGen       total 849920K, used 13742K [0x0000000080000000, 0x00000000b3e00000, 0x00000000d5580000)
  object space 849920K, 1% used [0x0000000080000000,0x0000000080d6b818,0x00000000b3e00000)
 Metaspace       used 34765K, capacity 35284K, committed 35672K, reserved 1081344K
  class space    used 3983K, capacity 4100K, committed 4184K, reserved 1048576K
}
Event: 4.975 GC heap before
{Heap before GC invocations=4 (full 1):
 PSYoungGen      total 611840K, used 31366K [0x00000000d5580000, 0x0000000100000000, 0x0000000100000000)
  eden space 524800K, 2% used [0x00000000d5580000,0x00000000d61c7bd0,0x00000000f5600000)
  from space 87040K, 21% used [0x00000000fab00000,0x00000000fbd59f60,0x0000000100000000)
  to   space 87040K, 0% used [0x00000000f5600000,0x00000000f5600000,0x00000000fab00000)
 ParOldGen       total 849920K, used 13742K [0x0000000080000000, 0x00000000b3e00000, 0x00000000d5580000)
  object space 849920K, 1% used [0x0000000080000000,0x0000000080d6b818,0x00000000b3e00000)
 Metaspace       used 35109K, capacity 35626K, committed 35748K, reserved 1081344K
  class space    used 4016K, capacity 4143K, committed 4184K, reserved 1048576K
Event: 4.987 GC heap after
Heap after GC invocations=4 (full 1):
 PSYoungGen      total 611840K, used 7386K [0x00000000d5580000, 0x0000000100000000, 0x0000000100000000)
  eden space 524800K, 0% used [0x00000000d5580000,0x00000000d5580000,0x00000000f5600000)
  from space 87040K, 8% used [0x00000000f5600000,0x00000000f5d36808,0x00000000fab00000)
  to   space 87040K, 0% used [0x00000000fab00000,0x00000000fab00000,0x0000000100000000)
 ParOldGen       total 849920K, used 13750K [0x0000000080000000, 0x00000000b3e00000, 0x00000000d5580000)
  object space 849920K, 1% used [0x0000000080000000,0x0000000080d6d818,0x00000000b3e00000)
 Metaspace       used 35109K, capacity 35626K, committed 35748K, reserved 1081344K
  class space    used 4016K, capacity 4143K, committed 4184K, reserved 1048576K
}
Event: 4.987 GC heap before
{Heap before GC invocations=5 (full 2):
 PSYoungGen      total 611840K, used 7386K [0x00000000d5580000, 0x0000000100000000, 0x0000000100000000)
  eden space 524800K, 0% used [0x00000000d5580000,0x00000000d5580000,0x00000000f5600000)
  from space 87040K, 8% used [0x00000000f5600000,0x00000000f5d36808,0x00000000fab00000)
  to   space 87040K, 0% used [0x00000000fab00000,0x00000000fab00000,0x0000000100000000)
 ParOldGen       total 849920K, used 13750K [0x0000000080000000, 0x00000000b3e00000, 0x00000000d5580000)
  object space 849920K, 1% used [0x0000000080000000,0x0000000080d6d818,0x00000000b3e00000)
 Metaspace       used 35109K, capacity 35626K, committed 35748K, reserved 1081344K
  class space    used 4016K, capacity 4143K, committed 4184K, reserved 1048576K
Event: 5.054 GC heap after
Heap after GC invocations=5 (full 2):
 PSYoungGen      total 611840K, used 0K [0x00000000d5580000, 0x0000000100000000, 0x0000000100000000)
  eden space 524800K, 0% used [0x00000000d5580000,0x00000000d5580000,0x00000000f5600000)
  from space 87040K, 0% used [0x00000000f5600000,0x00000000f5600000,0x00000000fab00000)
  to   space 87040K, 0% used [0x00000000fab00000,0x00000000fab00000,0x0000000100000000)
 ParOldGen       total 997888K, used 12548K [0x0000000080000000, 0x00000000bce80000, 0x00000000d5580000)
  object space 997888K, 1% used [0x0000000080000000,0x0000000080c41218,0x00000000bce80000)
 Metaspace       used 35109K, capacity 35626K, committed 35748K, reserved 1081344K
  class space    used 4016K, capacity 4143K, committed 4184K, reserved 1048576K
}

