# JRE version: OpenJDK Runtime Environment (8.0_212-b04) (build 1.8.0_212-b04)
# Java VM: OpenJDK 64-Bit Server VM (25.212-b04 mixed mode linux-amd64 compressed oops)
Heap:
 PSYoungGen      total 547328K, used 469105K [0x00000000d5580000, 0x00000000fab80000, 0x0000000100000000)
  eden space 524800K, 89% used [0x00000000d5580000,0x00000000f1f9c638,0x00000000f5600000)
  from space 22528K, 0% used [0x00000000f5600000,0x00000000f5600000,0x00000000f6c00000)
  to   space 29184K, 0% used [0x00000000f8f00000,0x00000000f8f00000,0x00000000fab80000)
 ParOldGen       total 1398272K, used 33816K [0x0000000080000000, 0x00000000d5580000, 0x00000000d5580000)
  object space 1398272K, 2% used [0x0000000080000000,0x0000000082106310,0x00000000d5580000)
 Metaspace       used 66500K, capacity 69478K, committed 69632K, reserved 1110016K
  class space    used 7604K, capacity 8127K, committed 8192K, reserved 1048576K
GC Heap History (10 events):
Event: 5.462 GC heap before
{Heap before GC invocations=4 (full 1):
 PSYoungGen      total 611840K, used 44063K [0x00000000d5580000, 0x0000000100000000, 0x0000000100000000)
  eden space 524800K, 4% used [0x00000000d5580000,0x00000000d6e0fe88,0x00000000f5600000)
  from space 87040K, 21% used [0x00000000fab00000,0x00000000fbd77e80,0x0000000100000000)
  to   space 87040K, 0% used [0x00000000f5600000,0x00000000f5600000,0x00000000fab00000)
 ParOldGen       total 878592K, used 14269K [0x0000000080000000, 0x00000000b5a00000, 0x00000000d5580000)
  object space 878592K, 1% used [0x0000000080000000,0x0000000080def708,0x00000000b5a00000)
 Metaspace       used 35078K, capacity 35438K, committed 35748K, reserved 1081344K
  class space    used 4002K, capacity 4091K, committed 4096K, reserved 1048576K
Event: 5.474 GC heap after
Heap after GC invocations=4 (full 1):
 PSYoungGen      total 611840K, used 8101K [0x00000000d5580000, 0x0000000100000000, 0x0000000100000000)
  eden space 524800K, 0% used [0x00000000d5580000,0x00000000d5580000,0x00000000f5600000)
  from space 87040K, 9% used [0x00000000f5600000,0x00000000f5de9640,0x00000000fab00000)
  to   space 87040K, 0% used [0x00000000fab00000,0x00000000fab00000,0x0000000100000000)
 ParOldGen       total 878592K, used 14269K [0x0000000080000000, 0x00000000b5a00000, 0x00000000d5580000)
  object space 878592K, 1% used [0x0000000080000000,0x0000000080def708,0x00000000b5a00000)
 Metaspace       used 35078K, capacity 35438K, committed 35748K, reserved 1081344K
  class space    used 4002K, capacity 4091K, committed 4096K, reserved 1048576K
}
Event: 5.474 GC heap before
{Heap before GC invocations=5 (full 2):
 PSYoungGen      total 611840K, used 8101K [0x00000000d5580000, 0x0000000100000000, 0x0000000100000000)
  eden space 524800K, 0% used [0x00000000d5580000,0x00000000d5580000,0x00000000f5600000)
  from space 87040K, 9% used [0x00000000f5600000,0x00000000f5de9640,0x00000000fab00000)
  to   space 87040K, 0% used [0x00000000fab00000,0x00000000fab00000,0x0000000100000000)
 ParOldGen       total 878592K, used 14269K [0x0000000080000000, 0x00000000b5a00000, 0x00000000d5580000)
  object space 878592K, 1% used [0x0000000080000000,0x0000000080def708,0x00000000b5a00000)
 Metaspace       used 35078K, capacity 35438K, committed 35748K, reserved 1081344K
  class space    used 4002K, capacity 4091K, committed 4096K, reserved 1048576K
Event: 5.571 GC heap after
Heap after GC invocations=5 (full 2):
 PSYoungGen      total 611840K, used 0K [0x00000000d5580000, 0x0000000100000000, 0x0000000100000000)
  eden space 524800K, 0% used [0x00000000d5580000,0x00000000d5580000,0x00000000f5600000)
  from space 87040K, 0% used [0x00000000f5600000,0x00000000f5600000,0x00000000fab00000)
  to   space 87040K, 0% used [0x00000000fab00000,0x00000000fab00000,0x0000000100000000)
 ParOldGen       total 1229824K, used 13433K [0x0000000080000000, 0x00000000cb100000, 0x00000000d5580000)
  object space 1229824K, 1% used [0x0000000080000000,0x0000000080d1e488,0x00000000cb100000)
 Metaspace       used 35078K, capacity 35438K, committed 35748K, reserved 1081344K
  class space    used 4002K, capacity 4091K, committed 4096K, reserved 1048576K
}
Event: 11.396 GC heap before
{Heap before GC invocations=6 (full 2):
 PSYoungGen      total 611840K, used 524800K [0x00000000d5580000, 0x0000000100000000, 0x0000000100000000)
  eden space 524800K, 100% used [0x00000000d5580000,0x00000000f5600000,0x00000000f5600000)
  from space 87040K, 0% used [0x00000000f5600000,0x00000000f5600000,0x00000000fab00000)
  to   space 87040K, 0% used [0x00000000fab00000,0x00000000fab00000,0x0000000100000000)
 ParOldGen       total 1229824K, used 13433K [0x0000000080000000, 0x00000000cb100000, 0x00000000d5580000)
  object space 1229824K, 1% used [0x0000000080000000,0x0000000080d1e488,0x00000000cb100000)
 Metaspace       used 51161K, capacity 52428K, committed 52736K, reserved 1095680K
  class space    used 6053K, capacity 6288K, committed 6400K, reserved 1048576K
Event: 11.451 GC heap after
Heap after GC invocations=6 (full 2):
 PSYoungGen      total 611840K, used 22560K [0x00000000d5580000, 0x0000000100000000, 0x0000000100000000)
  eden space 524800K, 0% used [0x00000000d5580000,0x00000000d5580000,0x00000000f5600000)
  from space 87040K, 25% used [0x00000000fab00000,0x00000000fc108020,0x0000000100000000)
  to   space 87040K, 0% used [0x00000000f5600000,0x00000000f5600000,0x00000000fab00000)
 ParOldGen       total 1229824K, used 13441K [0x0000000080000000, 0x00000000cb100000, 0x00000000d5580000)
  object space 1229824K, 1% used [0x0000000080000000,0x0000000080d20488,0x00000000cb100000)
 Metaspace       used 51161K, capacity 52428K, committed 52736K, reserved 1095680K
  class space    used 6053K, capacity 6288K, committed 6400K, reserved 1048576K
}
Event: 12.663 GC heap before
{Heap before GC invocations=7 (full 2):
 PSYoungGen      total 611840K, used 228846K [0x00000000d5580000, 0x0000000100000000, 0x0000000100000000)
  eden space 524800K, 39% used [0x00000000d5580000,0x00000000e1ef37f0,0x00000000f5600000)
  from space 87040K, 25% used [0x00000000fab00000,0x00000000fc108020,0x0000000100000000)
  to   space 87040K, 0% used [0x00000000f5600000,0x00000000f5600000,0x00000000fab00000)
 ParOldGen       total 1229824K, used 13441K [0x0000000080000000, 0x00000000cb100000, 0x00000000d5580000)
  object space 1229824K, 1% used [0x0000000080000000,0x0000000080d20488,0x00000000cb100000)
 Metaspace       used 58051K, capacity 59412K, committed 59520K, reserved 1101824K
  class space    used 6723K, capacity 7004K, committed 7040K, reserved 1048576K
Event: 12.722 GC heap after
Heap after GC invocations=7 (full 2):
 PSYoungGen      total 547328K, used 22061K [0x00000000d5580000, 0x00000000fab80000, 0x0000000100000000)
  eden space 524800K, 0% used [0x00000000d5580000,0x00000000d5580000,0x00000000f5600000)
  from space 22528K, 97% used [0x00000000f5600000,0x00000000f6b8b428,0x00000000f6c00000)
  to   space 29184K, 0% used [0x00000000f8f00000,0x00000000f8f00000,0x00000000fab80000)
 ParOldGen       total 1229824K, used 13449K [0x0000000080000000, 0x00000000cb100000, 0x00000000d5580000)
  object space 1229824K, 1% used [0x0000000080000000,0x0000000080d22488,0x00000000cb100000)
 Metaspace       used 58051K, capacity 59412K, committed 59520K, reserved 1101824K
  class space    used 6723K, capacity 7004K, committed 7040K, reserved 1048576K
}
Event: 12.722 GC heap before
{Heap before GC invocations=8 (full 3):
 PSYoungGen      total 547328K, used 22061K [0x00000000d5580000, 0x00000000fab80000, 0x0000000100000000)
  eden space 524800K, 0% used [0x00000000d5580000,0x00000000d5580000,0x00000000f5600000)
  from space 22528K, 97% used [0x00000000f5600000,0x00000000f6b8b428,0x00000000f6c00000)
  to   space 29184K, 0% used [0x00000000f8f00000,0x00000000f8f00000,0x00000000fab80000)
 ParOldGen       total 1229824K, used 13449K [0x0000000080000000, 0x00000000cb100000, 0x00000000d5580000)
  object space 1229824K, 1% used [0x0000000080000000,0x0000000080d22488,0x00000000cb100000)
 Metaspace       used 58051K, capacity 59412K, committed 59520K, reserved 1101824K
  class space    used 6723K, capacity 7004K, committed 7040K, reserved 1048576K
Event: 12.980 GC heap after
Heap after GC invocations=8 (full 3):
 PSYoungGen      total 547328K, used 0K [0x00000000d5580000, 0x00000000fab80000, 0x0000000100000000)
  eden space 524800K, 0% used [0x00000000d5580000,0x00000000d5580000,0x00000000f5600000)
  from space 22528K, 0% used [0x00000000f5600000,0x00000000f5600000,0x00000000f6c00000)
  to   space 29184K, 0% used [0x00000000f8f00000,0x00000000f8f00000,0x00000000fab80000)
 ParOldGen       total 1398272K, used 33816K [0x0000000080000000, 0x00000000d5580000, 0x00000000d5580000)
  object space 1398272K, 2% used [0x0000000080000000,0x0000000082106310,0x00000000d5580000)
 Metaspace       used 58021K, capacity 59344K, committed 59520K, reserved 1101824K
  class space    used 6713K, capacity 6986K, committed 7040K, reserved 1048576K
}

