# JRE version: OpenJDK Runtime Environment (8.0_212-b04) (build 1.8.0_212-b04)
# Java VM: OpenJDK 64-Bit Server VM (25.212-b04 mixed mode linux-amd64 compressed oops)
Heap:
 PSYoungGen      total 611840K, used 393458K [0x00000000d5580000, 0x0000000100000000, 0x0000000100000000)
  eden space 530432K, 58% used [0x00000000d5580000,0x00000000e863fe40,0x00000000f5b80000)
  from space 81408K, 99% used [0x00000000f5b80000,0x00000000faafcad0,0x00000000fab00000)
  to   space 87040K, 0% used [0x00000000fab00000,0x00000000fab00000,0x0000000100000000)
 ParOldGen       total 1398272K, used 64676K [0x0000000080000000, 0x00000000d5580000, 0x00000000d5580000)
  object space 1398272K, 4% used [0x0000000080000000,0x0000000083f29220,0x00000000d5580000)
 Metaspace       used 82618K, capacity 86368K, committed 86528K, reserved 1126400K
  class space    used 9245K, capacity 9896K, committed 9984K, reserved 1048576K
GC Heap History (10 events):
Event: 12.368 GC heap before
{Heap before GC invocations=6 (full 2):
 PSYoungGen      total 611840K, used 318184K [0x00000000d5580000, 0x0000000100000000, 0x0000000100000000)
  eden space 524800K, 56% used [0x00000000d5580000,0x00000000e7874d78,0x00000000f5600000)
  from space 87040K, 23% used [0x00000000f5600000,0x00000000f69c53f8,0x00000000fab00000)
  to   space 87040K, 0% used [0x00000000fab00000,0x00000000fab00000,0x0000000100000000)
 ParOldGen       total 1398272K, used 24291K [0x0000000080000000, 0x00000000d5580000, 0x00000000d5580000)
  object space 1398272K, 1% used [0x0000000080000000,0x00000000817b8e70,0x00000000d5580000)
 Metaspace       used 57685K, capacity 58864K, committed 59008K, reserved 1101824K
  class space    used 6936K, capacity 7172K, committed 7296K, reserved 1048576K
Event: 12.415 GC heap after
Heap after GC invocations=6 (full 2):
 PSYoungGen      total 611840K, used 19868K [0x00000000d5580000, 0x0000000100000000, 0x0000000100000000)
  eden space 524800K, 0% used [0x00000000d5580000,0x00000000d5580000,0x00000000f5600000)
  from space 87040K, 22% used [0x00000000fab00000,0x00000000fbe67048,0x0000000100000000)
  to   space 87040K, 0% used [0x00000000f5600000,0x00000000f5600000,0x00000000fab00000)
 ParOldGen       total 1398272K, used 24299K [0x0000000080000000, 0x00000000d5580000, 0x00000000d5580000)
  object space 1398272K, 1% used [0x0000000080000000,0x00000000817bae70,0x00000000d5580000)
 Metaspace       used 57685K, capacity 58864K, committed 59008K, reserved 1101824K
  class space    used 6936K, capacity 7172K, committed 7296K, reserved 1048576K
}
Event: 12.415 GC heap before
{Heap before GC invocations=7 (full 3):
 PSYoungGen      total 611840K, used 19868K [0x00000000d5580000, 0x0000000100000000, 0x0000000100000000)
  eden space 524800K, 0% used [0x00000000d5580000,0x00000000d5580000,0x00000000f5600000)
  from space 87040K, 22% used [0x00000000fab00000,0x00000000fbe67048,0x0000000100000000)
  to   space 87040K, 0% used [0x00000000f5600000,0x00000000f5600000,0x00000000fab00000)
 ParOldGen       total 1398272K, used 24299K [0x0000000080000000, 0x00000000d5580000, 0x00000000d5580000)
  object space 1398272K, 1% used [0x0000000080000000,0x00000000817bae70,0x00000000d5580000)
 Metaspace       used 57685K, capacity 58864K, committed 59008K, reserved 1101824K
  class space    used 6936K, capacity 7172K, committed 7296K, reserved 1048576K
Event: 12.701 GC heap after
Heap after GC invocations=7 (full 3):
 PSYoungGen      total 611840K, used 0K [0x00000000d5580000, 0x0000000100000000, 0x0000000100000000)
  eden space 524800K, 0% used [0x00000000d5580000,0x00000000d5580000,0x00000000f5600000)
  from space 87040K, 0% used [0x00000000fab00000,0x00000000fab00000,0x0000000100000000)
  to   space 87040K, 0% used [0x00000000f5600000,0x00000000f5600000,0x00000000fab00000)
 ParOldGen       total 1398272K, used 32384K [0x0000000080000000, 0x00000000d5580000, 0x00000000d5580000)
  object space 1398272K, 2% used [0x0000000080000000,0x0000000081fa00f0,0x00000000d5580000)
 Metaspace       used 57599K, capacity 58652K, committed 59008K, reserved 1101824K
  class space    used 6904K, capacity 7118K, committed 7296K, reserved 1048576K
}
Event: 23.030 GC heap before
{Heap before GC invocations=8 (full 3):
 PSYoungGen      total 611840K, used 524800K [0x00000000d5580000, 0x0000000100000000, 0x0000000100000000)
  eden space 524800K, 100% used [0x00000000d5580000,0x00000000f5600000,0x00000000f5600000)
  from space 87040K, 0% used [0x00000000fab00000,0x00000000fab00000,0x0000000100000000)
  to   space 87040K, 0% used [0x00000000f5600000,0x00000000f5600000,0x00000000fab00000)
 ParOldGen       total 1398272K, used 32384K [0x0000000080000000, 0x00000000d5580000, 0x00000000d5580000)
  object space 1398272K, 2% used [0x0000000080000000,0x0000000081fa00f0,0x00000000d5580000)
 Metaspace       used 76322K, capacity 79026K, committed 79104K, reserved 1118208K
  class space    used 8888K, capacity 9399K, committed 9472K, reserved 1048576K
Event: 23.144 GC heap after
Heap after GC invocations=8 (full 3):
 PSYoungGen      total 611840K, used 87026K [0x00000000d5580000, 0x00000000fe300000, 0x0000000100000000)
  eden space 524800K, 0% used [0x00000000d5580000,0x00000000d5580000,0x00000000f5600000)
  from space 87040K, 99% used [0x00000000f5600000,0x00000000faafcb88,0x00000000fab00000)
  to   space 57344K, 0% used [0x00000000fab00000,0x00000000fab00000,0x00000000fe300000)
 ParOldGen       total 1398272K, used 36856K [0x0000000080000000, 0x00000000d5580000, 0x00000000d5580000)
  object space 1398272K, 2% used [0x0000000080000000,0x00000000823fe0f0,0x00000000d5580000)
 Metaspace       used 76322K, capacity 79026K, committed 79104K, reserved 1118208K
  class space    used 8888K, capacity 9399K, committed 9472K, reserved 1048576K
}
Event: 35.411 GC heap before
{Heap before GC invocations=9 (full 3):
 PSYoungGen      total 611840K, used 611161K [0x00000000d5580000, 0x00000000fe300000, 0x0000000100000000)
  eden space 524800K, 99% used [0x00000000d5580000,0x00000000f5559b58,0x00000000f5600000)
  from space 87040K, 99% used [0x00000000f5600000,0x00000000faafcb88,0x00000000fab00000)
  to   space 57344K, 0% used [0x00000000fab00000,0x00000000fab00000,0x00000000fe300000)
 ParOldGen       total 1398272K, used 36856K [0x0000000080000000, 0x00000000d5580000, 0x00000000d5580000)
  object space 1398272K, 2% used [0x0000000080000000,0x00000000823fe0f0,0x00000000d5580000)
 Metaspace       used 80667K, capacity 84280K, committed 84352K, reserved 1124352K
  class space    used 9181K, capacity 9808K, committed 9856K, reserved 1048576K
Event: 35.494 GC heap after
Heap after GC invocations=9 (full 3):
 PSYoungGen      total 587776K, used 57335K [0x00000000d5580000, 0x0000000100000000, 0x0000000100000000)
  eden space 530432K, 0% used [0x00000000d5580000,0x00000000d5580000,0x00000000f5b80000)
  from space 57344K, 99% used [0x00000000fab00000,0x00000000fe2fdd40,0x00000000fe300000)
  to   space 81408K, 0% used [0x00000000f5b80000,0x00000000f5b80000,0x00000000fab00000)
 ParOldGen       total 1398272K, used 40092K [0x0000000080000000, 0x00000000d5580000, 0x00000000d5580000)
  object space 1398272K, 2% used [0x0000000080000000,0x0000000082727220,0x00000000d5580000)
 Metaspace       used 80667K, capacity 84280K, committed 84352K, reserved 1124352K
  class space    used 9181K, capacity 9808K, committed 9856K, reserved 1048576K
}
Event: 42.293 GC heap before
{Heap before GC invocations=10 (full 3):
 PSYoungGen      total 587776K, used 587041K [0x00000000d5580000, 0x0000000100000000, 0x0000000100000000)
  eden space 530432K, 99% used [0x00000000d5580000,0x00000000f5aca728,0x00000000f5b80000)
  from space 57344K, 99% used [0x00000000fab00000,0x00000000fe2fdd40,0x00000000fe300000)
  to   space 81408K, 0% used [0x00000000f5b80000,0x00000000f5b80000,0x00000000fab00000)
 ParOldGen       total 1398272K, used 40092K [0x0000000080000000, 0x00000000d5580000, 0x00000000d5580000)
  object space 1398272K, 2% used [0x0000000080000000,0x0000000082727220,0x00000000d5580000)
 Metaspace       used 82172K, capacity 85888K, committed 86016K, reserved 1126400K
  class space    used 9244K, capacity 9894K, committed 9984K, reserved 1048576K
Event: 42.364 GC heap after
Heap after GC invocations=10 (full 3):
 PSYoungGen      total 611840K, used 81394K [0x00000000d5580000, 0x0000000100000000, 0x0000000100000000)
  eden space 530432K, 0% used [0x00000000d5580000,0x00000000d5580000,0x00000000f5b80000)
  from space 81408K, 99% used [0x00000000f5b80000,0x00000000faafcad0,0x00000000fab00000)
  to   space 87040K, 0% used [0x00000000fab00000,0x00000000fab00000,0x0000000100000000)
 ParOldGen       total 1398272K, used 64676K [0x0000000080000000, 0x00000000d5580000, 0x00000000d5580000)
  object space 1398272K, 4% used [0x0000000080000000,0x0000000083f29220,0x00000000d5580000)
 Metaspace       used 82172K, capacity 85888K, committed 86016K, reserved 1126400K
  class space    used 9244K, capacity 9894K, committed 9984K, reserved 1048576K
}

