# JRE version: OpenJDK Runtime Environment (8.0_212-b04) (build 1.8.0_212-b04)
# Java VM: OpenJDK 64-Bit Server VM (25.212-b04 mixed mode linux-amd64 compressed oops)
Heap:
 PSYoungGen      total 611840K, used 516168K [0x00000000d5580000, 0x0000000100000000, 0x0000000100000000)
  eden space 524800K, 86% used [0x00000000d5580000,0x00000000f12a1b60,0x00000000f5600000)
  from space 87040K, 69% used [0x00000000fab00000,0x00000000fe5f0560,0x0000000100000000)
  to   space 87040K, 0% used [0x00000000f5600000,0x00000000f5600000,0x00000000fab00000)
 ParOldGen       total 1398272K, used 44965K [0x0000000080000000, 0x00000000d5580000, 0x00000000d5580000)
  object space 1398272K, 3% used [0x0000000080000000,0x0000000082be95b0,0x00000000d5580000)
 Metaspace       used 70543K, capacity 74144K, committed 74240K, reserved 1116160K
  class space    used 7810K, capacity 8420K, committed 8448K, reserved 1048576K
GC Heap History (10 events):
Event: 5.127 GC heap before
{Heap before GC invocations=3 (full 1):
 PSYoungGen      total 611840K, used 480202K [0x00000000d5580000, 0x0000000100000000, 0x0000000100000000)
  eden space 524800K, 91% used [0x00000000d5580000,0x00000000f2a72928,0x00000000f5600000)
  from space 87040K, 0% used [0x00000000f5600000,0x00000000f5600000,0x00000000fab00000)
  to   space 87040K, 0% used [0x00000000fab00000,0x00000000fab00000,0x0000000100000000)
 ParOldGen       total 867328K, used 13753K [0x0000000080000000, 0x00000000b4f00000, 0x00000000d5580000)
  object space 867328K, 1% used [0x0000000080000000,0x0000000080d6e510,0x00000000b4f00000)
 Metaspace       used 34681K, capacity 35028K, committed 35416K, reserved 1081344K
  class space    used 3953K, capacity 4060K, committed 4096K, reserved 1048576K
Event: 5.172 GC heap after
Heap after GC invocations=3 (full 1):
 PSYoungGen      total 611840K, used 19225K [0x00000000d5580000, 0x0000000100000000, 0x0000000100000000)
  eden space 524800K, 0% used [0x00000000d5580000,0x00000000d5580000,0x00000000f5600000)
  from space 87040K, 22% used [0x00000000fab00000,0x00000000fbdc66c8,0x0000000100000000)
  to   space 87040K, 0% used [0x00000000f5600000,0x00000000f5600000,0x00000000fab00000)
 ParOldGen       total 867328K, used 13753K [0x0000000080000000, 0x00000000b4f00000, 0x00000000d5580000)
  object space 867328K, 1% used [0x0000000080000000,0x0000000080d6e510,0x00000000b4f00000)
 Metaspace       used 34681K, capacity 35028K, committed 35416K, reserved 1081344K
  class space    used 3953K, capacity 4060K, committed 4096K, reserved 1048576K
}
Event: 5.172 GC heap before
{Heap before GC invocations=4 (full 2):
 PSYoungGen      total 611840K, used 19225K [0x00000000d5580000, 0x0000000100000000, 0x0000000100000000)
  eden space 524800K, 0% used [0x00000000d5580000,0x00000000d5580000,0x00000000f5600000)
  from space 87040K, 22% used [0x00000000fab00000,0x00000000fbdc66c8,0x0000000100000000)
  to   space 87040K, 0% used [0x00000000f5600000,0x00000000f5600000,0x00000000fab00000)
 ParOldGen       total 867328K, used 13753K [0x0000000080000000, 0x00000000b4f00000, 0x00000000d5580000)
  object space 867328K, 1% used [0x0000000080000000,0x0000000080d6e510,0x00000000b4f00000)
 Metaspace       used 34681K, capacity 35028K, committed 35416K, reserved 1081344K
  class space    used 3953K, capacity 4060K, committed 4096K, reserved 1048576K
Event: 5.292 GC heap after
Heap after GC invocations=4 (full 2):
 PSYoungGen      total 611840K, used 0K [0x00000000d5580000, 0x0000000100000000, 0x0000000100000000)
  eden space 524800K, 0% used [0x00000000d5580000,0x00000000d5580000,0x00000000f5600000)
  from space 87040K, 0% used [0x00000000fab00000,0x00000000fab00000,0x0000000100000000)
  to   space 87040K, 0% used [0x00000000f5600000,0x00000000f5600000,0x00000000fab00000)
 ParOldGen       total 1398272K, used 23542K [0x0000000080000000, 0x00000000d5580000, 0x00000000d5580000)
  object space 1398272K, 1% used [0x0000000080000000,0x00000000816fda40,0x00000000d5580000)
 Metaspace       used 34681K, capacity 35028K, committed 35416K, reserved 1081344K
  class space    used 3953K, capacity 4060K, committed 4096K, reserved 1048576K
}
Event: 12.024 GC heap before
{Heap before GC invocations=5 (full 2):
 PSYoungGen      total 611840K, used 427144K [0x00000000d5580000, 0x0000000100000000, 0x0000000100000000)
  eden space 524800K, 81% used [0x00000000d5580000,0x00000000ef6a2150,0x00000000f5600000)
  from space 87040K, 0% used [0x00000000fab00000,0x00000000fab00000,0x0000000100000000)
  to   space 87040K, 0% used [0x00000000f5600000,0x00000000f5600000,0x00000000fab00000)
 ParOldGen       total 1398272K, used 23542K [0x0000000080000000, 0x00000000d5580000, 0x00000000d5580000)
  object space 1398272K, 1% used [0x0000000080000000,0x00000000816fda40,0x00000000d5580000)
 Metaspace       used 57527K, capacity 58900K, committed 59008K, reserved 1101824K
  class space    used 6660K, capacity 6940K, committed 7040K, reserved 1048576K
Event: 12.105 GC heap after
Heap after GC invocations=5 (full 2):
 PSYoungGen      total 611840K, used 34445K [0x00000000d5580000, 0x0000000100000000, 0x0000000100000000)
  eden space 524800K, 0% used [0x00000000d5580000,0x00000000d5580000,0x00000000f5600000)
  from space 87040K, 39% used [0x00000000f5600000,0x00000000f77a3470,0x00000000fab00000)
  to   space 87040K, 0% used [0x00000000fab00000,0x00000000fab00000,0x0000000100000000)
 ParOldGen       total 1398272K, used 23550K [0x0000000080000000, 0x00000000d5580000, 0x00000000d5580000)
  object space 1398272K, 1% used [0x0000000080000000,0x00000000816ffa40,0x00000000d5580000)
 Metaspace       used 57527K, capacity 58900K, committed 59008K, reserved 1101824K
  class space    used 6660K, capacity 6940K, committed 7040K, reserved 1048576K
}
Event: 12.105 GC heap before
{Heap before GC invocations=6 (full 3):
 PSYoungGen      total 611840K, used 34445K [0x00000000d5580000, 0x0000000100000000, 0x0000000100000000)
  eden space 524800K, 0% used [0x00000000d5580000,0x00000000d5580000,0x00000000f5600000)
  from space 87040K, 39% used [0x00000000f5600000,0x00000000f77a3470,0x00000000fab00000)
  to   space 87040K, 0% used [0x00000000fab00000,0x00000000fab00000,0x0000000100000000)
 ParOldGen       total 1398272K, used 23550K [0x0000000080000000, 0x00000000d5580000, 0x00000000d5580000)
  object space 1398272K, 1% used [0x0000000080000000,0x00000000816ffa40,0x00000000d5580000)
 Metaspace       used 57527K, capacity 58900K, committed 59008K, reserved 1101824K
  class space    used 6660K, capacity 6940K, committed 7040K, reserved 1048576K
Event: 12.358 GC heap after
Heap after GC invocations=6 (full 3):
 PSYoungGen      total 611840K, used 0K [0x00000000d5580000, 0x0000000100000000, 0x0000000100000000)
  eden space 524800K, 0% used [0x00000000d5580000,0x00000000d5580000,0x00000000f5600000)
  from space 87040K, 0% used [0x00000000f5600000,0x00000000f5600000,0x00000000fab00000)
  to   space 87040K, 0% used [0x00000000fab00000,0x00000000fab00000,0x0000000100000000)
 ParOldGen       total 1398272K, used 44945K [0x0000000080000000, 0x00000000d5580000, 0x00000000d5580000)
  object space 1398272K, 3% used [0x0000000080000000,0x0000000082be4480,0x00000000d5580000)
 Metaspace       used 57493K, capacity 58818K, committed 59008K, reserved 1101824K
  class space    used 6649K, capacity 6921K, committed 7040K, reserved 1048576K
}
Event: 21.686 GC heap before
{Heap before GC invocations=7 (full 3):
 PSYoungGen      total 611840K, used 524800K [0x00000000d5580000, 0x0000000100000000, 0x0000000100000000)
  eden space 524800K, 100% used [0x00000000d5580000,0x00000000f5600000,0x00000000f5600000)
  from space 87040K, 0% used [0x00000000f5600000,0x00000000f5600000,0x00000000fab00000)
  to   space 87040K, 0% used [0x00000000fab00000,0x00000000fab00000,0x0000000100000000)
 ParOldGen       total 1398272K, used 44945K [0x0000000080000000, 0x00000000d5580000, 0x00000000d5580000)
  object space 1398272K, 3% used [0x0000000080000000,0x0000000082be4480,0x00000000d5580000)
 Metaspace       used 67280K, capacity 70432K, committed 70784K, reserved 1112064K
  class space    used 7655K, capacity 8212K, committed 8320K, reserved 1048576K
Event: 21.816 GC heap after
Heap after GC invocations=7 (full 3):
 PSYoungGen      total 611840K, used 60353K [0x00000000d5580000, 0x0000000100000000, 0x0000000100000000)
  eden space 524800K, 0% used [0x00000000d5580000,0x00000000d5580000,0x00000000f5600000)
  from space 87040K, 69% used [0x00000000fab00000,0x00000000fe5f0560,0x0000000100000000)
  to   space 87040K, 0% used [0x00000000f5600000,0x00000000f5600000,0x00000000fab00000)
 ParOldGen       total 1398272K, used 44965K [0x0000000080000000, 0x00000000d5580000, 0x00000000d5580000)
  object space 1398272K, 3% used [0x0000000080000000,0x0000000082be95b0,0x00000000d5580000)
 Metaspace       used 67280K, capacity 70432K, committed 70784K, reserved 1112064K
  class space    used 7655K, capacity 8212K, committed 8320K, reserved 1048576K
}

