# JRE version: OpenJDK Runtime Environment (8.0_212-b04) (build 1.8.0_212-b04)
# Java VM: OpenJDK 64-Bit Server VM (25.212-b04 mixed mode linux-amd64 compressed oops)
Heap:
 PSYoungGen      total 611840K, used 396320K [0x00000000d5580000, 0x0000000100000000, 0x0000000100000000)
  eden space 524800K, 75% used [0x00000000d5580000,0x00000000ed8881b8,0x00000000f5600000)
  from space 87040K, 0% used [0x00000000fab00000,0x00000000fab00000,0x0000000100000000)
  to   space 87040K, 0% used [0x00000000f5600000,0x00000000f5600000,0x00000000fab00000)
 ParOldGen       total 1398272K, used 32528K [0x0000000080000000, 0x00000000d5580000, 0x00000000d5580000)
  object space 1398272K, 2% used [0x0000000080000000,0x0000000081fc4150,0x00000000d5580000)
 Metaspace       used 66256K, capacity 69270K, committed 69376K, reserved 1110016K
  class space    used 7610K, capacity 8155K, committed 8192K, reserved 1048576K
GC Heap History (10 events):
Event: 5.377 GC heap before
{Heap before GC invocations=3 (full 1):
 PSYoungGen      total 611840K, used 467821K [0x00000000d5580000, 0x0000000100000000, 0x0000000100000000)
  eden space 524800K, 89% used [0x00000000d5580000,0x00000000f1e5b430,0x00000000f5600000)
  from space 87040K, 0% used [0x00000000f5600000,0x00000000f5600000,0x00000000fab00000)
  to   space 87040K, 0% used [0x00000000fab00000,0x00000000fab00000,0x0000000100000000)
 ParOldGen       total 905216K, used 14271K [0x0000000080000000, 0x00000000b7400000, 0x00000000d5580000)
  object space 905216K, 1% used [0x0000000080000000,0x0000000080deff48,0x00000000b7400000)
 Metaspace       used 34698K, capacity 35028K, committed 35416K, reserved 1081344K
  class space    used 3959K, capacity 4060K, committed 4096K, reserved 1048576K
Event: 5.405 GC heap after
Heap after GC invocations=3 (full 1):
 PSYoungGen      total 611840K, used 18998K [0x00000000d5580000, 0x0000000100000000, 0x0000000100000000)
  eden space 524800K, 0% used [0x00000000d5580000,0x00000000d5580000,0x00000000f5600000)
  from space 87040K, 21% used [0x00000000fab00000,0x00000000fbd8db00,0x0000000100000000)
  to   space 87040K, 0% used [0x00000000f5600000,0x00000000f5600000,0x00000000fab00000)
 ParOldGen       total 905216K, used 14271K [0x0000000080000000, 0x00000000b7400000, 0x00000000d5580000)
  object space 905216K, 1% used [0x0000000080000000,0x0000000080deff48,0x00000000b7400000)
 Metaspace       used 34698K, capacity 35028K, committed 35416K, reserved 1081344K
  class space    used 3959K, capacity 4060K, committed 4096K, reserved 1048576K
}
Event: 5.405 GC heap before
{Heap before GC invocations=4 (full 2):
 PSYoungGen      total 611840K, used 18998K [0x00000000d5580000, 0x0000000100000000, 0x0000000100000000)
  eden space 524800K, 0% used [0x00000000d5580000,0x00000000d5580000,0x00000000f5600000)
  from space 87040K, 21% used [0x00000000fab00000,0x00000000fbd8db00,0x0000000100000000)
  to   space 87040K, 0% used [0x00000000f5600000,0x00000000f5600000,0x00000000fab00000)
 ParOldGen       total 905216K, used 14271K [0x0000000080000000, 0x00000000b7400000, 0x00000000d5580000)
  object space 905216K, 1% used [0x0000000080000000,0x0000000080deff48,0x00000000b7400000)
 Metaspace       used 34698K, capacity 35028K, committed 35416K, reserved 1081344K
  class space    used 3959K, capacity 4060K, committed 4096K, reserved 1048576K
Event: 5.495 GC heap after
Heap after GC invocations=4 (full 2):
 PSYoungGen      total 611840K, used 0K [0x00000000d5580000, 0x0000000100000000, 0x0000000100000000)
  eden space 524800K, 0% used [0x00000000d5580000,0x00000000d5580000,0x00000000f5600000)
  from space 87040K, 0% used [0x00000000fab00000,0x00000000fab00000,0x0000000100000000)
  to   space 87040K, 0% used [0x00000000f5600000,0x00000000f5600000,0x00000000fab00000)
 ParOldGen       total 1398272K, used 23502K [0x0000000080000000, 0x00000000d5580000, 0x00000000d5580000)
  object space 1398272K, 1% used [0x0000000080000000,0x00000000816f3b28,0x00000000d5580000)
 Metaspace       used 34698K, capacity 35028K, committed 35416K, reserved 1081344K
  class space    used 3959K, capacity 4060K, committed 4096K, reserved 1048576K
}
Event: 11.856 GC heap before
{Heap before GC invocations=5 (full 2):
 PSYoungGen      total 611840K, used 524800K [0x00000000d5580000, 0x0000000100000000, 0x0000000100000000)
  eden space 524800K, 100% used [0x00000000d5580000,0x00000000f5600000,0x00000000f5600000)
  from space 87040K, 0% used [0x00000000fab00000,0x00000000fab00000,0x0000000100000000)
  to   space 87040K, 0% used [0x00000000f5600000,0x00000000f5600000,0x00000000fab00000)
 ParOldGen       total 1398272K, used 23502K [0x0000000080000000, 0x00000000d5580000, 0x00000000d5580000)
  object space 1398272K, 1% used [0x0000000080000000,0x00000000816f3b28,0x00000000d5580000)
 Metaspace       used 51855K, capacity 53138K, committed 53248K, reserved 1095680K
  class space    used 6099K, capacity 6353K, committed 6400K, reserved 1048576K
Event: 11.899 GC heap after
Heap after GC invocations=5 (full 2):
 PSYoungGen      total 611840K, used 24494K [0x00000000d5580000, 0x0000000100000000, 0x0000000100000000)
  eden space 524800K, 0% used [0x00000000d5580000,0x00000000d5580000,0x00000000f5600000)
  from space 87040K, 28% used [0x00000000f5600000,0x00000000f6deba70,0x00000000fab00000)
  to   space 87040K, 0% used [0x00000000fab00000,0x00000000fab00000,0x0000000100000000)
 ParOldGen       total 1398272K, used 23510K [0x0000000080000000, 0x00000000d5580000, 0x00000000d5580000)
  object space 1398272K, 1% used [0x0000000080000000,0x00000000816f5b28,0x00000000d5580000)
 Metaspace       used 51855K, capacity 53138K, committed 53248K, reserved 1095680K
  class space    used 6099K, capacity 6353K, committed 6400K, reserved 1048576K
}
Event: 12.646 GC heap before
{Heap before GC invocations=6 (full 2):
 PSYoungGen      total 611840K, used 216198K [0x00000000d5580000, 0x0000000100000000, 0x0000000100000000)
  eden space 524800K, 36% used [0x00000000d5580000,0x00000000e10b5f68,0x00000000f5600000)
  from space 87040K, 28% used [0x00000000f5600000,0x00000000f6deba70,0x00000000fab00000)
  to   space 87040K, 0% used [0x00000000fab00000,0x00000000fab00000,0x0000000100000000)
 ParOldGen       total 1398272K, used 23510K [0x0000000080000000, 0x00000000d5580000, 0x00000000d5580000)
  object space 1398272K, 1% used [0x0000000080000000,0x00000000816f5b28,0x00000000d5580000)
 Metaspace       used 57423K, capacity 58748K, committed 59008K, reserved 1101824K
  class space    used 6642K, capacity 6914K, committed 7040K, reserved 1048576K
Event: 12.673 GC heap after
Heap after GC invocations=6 (full 2):
 PSYoungGen      total 611840K, used 21111K [0x00000000d5580000, 0x0000000100000000, 0x0000000100000000)
  eden space 524800K, 0% used [0x00000000d5580000,0x00000000d5580000,0x00000000f5600000)
  from space 87040K, 24% used [0x00000000fab00000,0x00000000fbf9dcf0,0x0000000100000000)
  to   space 87040K, 0% used [0x00000000f5600000,0x00000000f5600000,0x00000000fab00000)
 ParOldGen       total 1398272K, used 23518K [0x0000000080000000, 0x00000000d5580000, 0x00000000d5580000)
  object space 1398272K, 1% used [0x0000000080000000,0x00000000816f7b28,0x00000000d5580000)
 Metaspace       used 57423K, capacity 58748K, committed 59008K, reserved 1101824K
  class space    used 6642K, capacity 6914K, committed 7040K, reserved 1048576K
}
Event: 12.673 GC heap before
{Heap before GC invocations=7 (full 3):
 PSYoungGen      total 611840K, used 21111K [0x00000000d5580000, 0x0000000100000000, 0x0000000100000000)
  eden space 524800K, 0% used [0x00000000d5580000,0x00000000d5580000,0x00000000f5600000)
  from space 87040K, 24% used [0x00000000fab00000,0x00000000fbf9dcf0,0x0000000100000000)
  to   space 87040K, 0% used [0x00000000f5600000,0x00000000f5600000,0x00000000fab00000)
 ParOldGen       total 1398272K, used 23518K [0x0000000080000000, 0x00000000d5580000, 0x00000000d5580000)
  object space 1398272K, 1% used [0x0000000080000000,0x00000000816f7b28,0x00000000d5580000)
 Metaspace       used 57423K, capacity 58748K, committed 59008K, reserved 1101824K
  class space    used 6642K, capacity 6914K, committed 7040K, reserved 1048576K
Event: 12.911 GC heap after
Heap after GC invocations=7 (full 3):
 PSYoungGen      total 611840K, used 0K [0x00000000d5580000, 0x0000000100000000, 0x0000000100000000)
  eden space 524800K, 0% used [0x00000000d5580000,0x00000000d5580000,0x00000000f5600000)
  from space 87040K, 0% used [0x00000000fab00000,0x00000000fab00000,0x0000000100000000)
  to   space 87040K, 0% used [0x00000000f5600000,0x00000000f5600000,0x00000000fab00000)
 ParOldGen       total 1398272K, used 32528K [0x0000000080000000, 0x00000000d5580000, 0x00000000d5580000)
  object space 1398272K, 2% used [0x0000000080000000,0x0000000081fc4150,0x00000000d5580000)
 Metaspace       used 57403K, capacity 58700K, committed 59008K, reserved 1101824K
  class space    used 6635K, capacity 6902K, committed 7040K, reserved 1048576K
}

