# JRE version: OpenJDK Runtime Environment (8.0_212-b04) (build 1.8.0_212-b04)
# Java VM: OpenJDK 64-Bit Server VM (25.212-b04 mixed mode linux-amd64 compressed oops)
Heap:
 PSYoungGen      total 611840K, used 324191K [0x00000000d5580000, 0x0000000100000000, 0x0000000100000000)
  eden space 524800K, 61% used [0x00000000d5580000,0x00000000e9217d18,0x00000000f5600000)
  from space 87040K, 0% used [0x00000000fab00000,0x00000000fab00000,0x0000000100000000)
  to   space 87040K, 0% used [0x00000000f5600000,0x00000000f5600000,0x00000000fab00000)
 ParOldGen       total 1398272K, used 32509K [0x0000000080000000, 0x00000000d5580000, 0x00000000d5580000)
  object space 1398272K, 2% used [0x0000000080000000,0x0000000081fbf5c0,0x00000000d5580000)
 Metaspace       used 65617K, capacity 68394K, committed 68480K, reserved 1110016K
  class space    used 7517K, capacity 8015K, committed 8064K, reserved 1048576K
GC Heap History (10 events):
Event: 5.259 GC heap before
{Heap before GC invocations=3 (full 1):
 PSYoungGen      total 611840K, used 472814K [0x00000000d5580000, 0x0000000100000000, 0x0000000100000000)
  eden space 524800K, 90% used [0x00000000d5580000,0x00000000f233b870,0x00000000f5600000)
  from space 87040K, 0% used [0x00000000f5600000,0x00000000f5600000,0x00000000fab00000)
  to   space 87040K, 0% used [0x00000000fab00000,0x00000000fab00000,0x0000000100000000)
 ParOldGen       total 892416K, used 14320K [0x0000000080000000, 0x00000000b6780000, 0x00000000d5580000)
  object space 892416K, 1% used [0x0000000080000000,0x0000000080dfc050,0x00000000b6780000)
 Metaspace       used 34783K, capacity 35124K, committed 35416K, reserved 1081344K
  class space    used 3971K, capacity 4092K, committed 4096K, reserved 1048576K
Event: 5.293 GC heap after
Heap after GC invocations=3 (full 1):
 PSYoungGen      total 611840K, used 19306K [0x00000000d5580000, 0x0000000100000000, 0x0000000100000000)
  eden space 524800K, 0% used [0x00000000d5580000,0x00000000d5580000,0x00000000f5600000)
  from space 87040K, 22% used [0x00000000fab00000,0x00000000fbdda948,0x0000000100000000)
  to   space 87040K, 0% used [0x00000000f5600000,0x00000000f5600000,0x00000000fab00000)
 ParOldGen       total 892416K, used 14320K [0x0000000080000000, 0x00000000b6780000, 0x00000000d5580000)
  object space 892416K, 1% used [0x0000000080000000,0x0000000080dfc050,0x00000000b6780000)
 Metaspace       used 34783K, capacity 35124K, committed 35416K, reserved 1081344K
  class space    used 3971K, capacity 4092K, committed 4096K, reserved 1048576K
}
Event: 5.293 GC heap before
{Heap before GC invocations=4 (full 2):
 PSYoungGen      total 611840K, used 19306K [0x00000000d5580000, 0x0000000100000000, 0x0000000100000000)
  eden space 524800K, 0% used [0x00000000d5580000,0x00000000d5580000,0x00000000f5600000)
  from space 87040K, 22% used [0x00000000fab00000,0x00000000fbdda948,0x0000000100000000)
  to   space 87040K, 0% used [0x00000000f5600000,0x00000000f5600000,0x00000000fab00000)
 ParOldGen       total 892416K, used 14320K [0x0000000080000000, 0x00000000b6780000, 0x00000000d5580000)
  object space 892416K, 1% used [0x0000000080000000,0x0000000080dfc050,0x00000000b6780000)
 Metaspace       used 34783K, capacity 35124K, committed 35416K, reserved 1081344K
  class space    used 3971K, capacity 4092K, committed 4096K, reserved 1048576K
Event: 5.387 GC heap after
Heap after GC invocations=4 (full 2):
 PSYoungGen      total 611840K, used 0K [0x00000000d5580000, 0x0000000100000000, 0x0000000100000000)
  eden space 524800K, 0% used [0x00000000d5580000,0x00000000d5580000,0x00000000f5600000)
  from space 87040K, 0% used [0x00000000fab00000,0x00000000fab00000,0x0000000100000000)
  to   space 87040K, 0% used [0x00000000f5600000,0x00000000f5600000,0x00000000fab00000)
 ParOldGen       total 1398272K, used 23866K [0x0000000080000000, 0x00000000d5580000, 0x00000000d5580000)
  object space 1398272K, 1% used [0x0000000080000000,0x000000008174e870,0x00000000d5580000)
 Metaspace       used 34783K, capacity 35124K, committed 35416K, reserved 1081344K
  class space    used 3971K, capacity 4092K, committed 4096K, reserved 1048576K
}
Event: 11.785 GC heap before
{Heap before GC invocations=5 (full 2):
 PSYoungGen      total 611840K, used 524800K [0x00000000d5580000, 0x0000000100000000, 0x0000000100000000)
  eden space 524800K, 100% used [0x00000000d5580000,0x00000000f5600000,0x00000000f5600000)
  from space 87040K, 0% used [0x00000000fab00000,0x00000000fab00000,0x0000000100000000)
  to   space 87040K, 0% used [0x00000000f5600000,0x00000000f5600000,0x00000000fab00000)
 ParOldGen       total 1398272K, used 23866K [0x0000000080000000, 0x00000000d5580000, 0x00000000d5580000)
  object space 1398272K, 1% used [0x0000000080000000,0x000000008174e870,0x00000000d5580000)
 Metaspace       used 51887K, capacity 53194K, committed 53248K, reserved 1095680K
  class space    used 6106K, capacity 6353K, committed 6400K, reserved 1048576K
Event: 11.833 GC heap after
Heap after GC invocations=5 (full 2):
 PSYoungGen      total 611840K, used 23858K [0x00000000d5580000, 0x0000000100000000, 0x0000000100000000)
  eden space 524800K, 0% used [0x00000000d5580000,0x00000000d5580000,0x00000000f5600000)
  from space 87040K, 27% used [0x00000000f5600000,0x00000000f6d4cba0,0x00000000fab00000)
  to   space 87040K, 0% used [0x00000000fab00000,0x00000000fab00000,0x0000000100000000)
 ParOldGen       total 1398272K, used 23874K [0x0000000080000000, 0x00000000d5580000, 0x00000000d5580000)
  object space 1398272K, 1% used [0x0000000080000000,0x0000000081750870,0x00000000d5580000)
 Metaspace       used 51887K, capacity 53194K, committed 53248K, reserved 1095680K
  class space    used 6106K, capacity 6353K, committed 6400K, reserved 1048576K
}
Event: 12.652 GC heap before
{Heap before GC invocations=6 (full 2):
 PSYoungGen      total 611840K, used 207664K [0x00000000d5580000, 0x0000000100000000, 0x0000000100000000)
  eden space 524800K, 35% used [0x00000000d5580000,0x00000000e08ff718,0x00000000f5600000)
  from space 87040K, 27% used [0x00000000f5600000,0x00000000f6d4cba0,0x00000000fab00000)
  to   space 87040K, 0% used [0x00000000fab00000,0x00000000fab00000,0x0000000100000000)
 ParOldGen       total 1398272K, used 23874K [0x0000000080000000, 0x00000000d5580000, 0x00000000d5580000)
  object space 1398272K, 1% used [0x0000000080000000,0x0000000081750870,0x00000000d5580000)
 Metaspace       used 57435K, capacity 58752K, committed 59008K, reserved 1101824K
  class space    used 6653K, capacity 6916K, committed 7040K, reserved 1048576K
Event: 12.681 GC heap after
Heap after GC invocations=6 (full 2):
 PSYoungGen      total 611840K, used 20799K [0x00000000d5580000, 0x0000000100000000, 0x0000000100000000)
  eden space 524800K, 0% used [0x00000000d5580000,0x00000000d5580000,0x00000000f5600000)
  from space 87040K, 23% used [0x00000000fab00000,0x00000000fbf4fe18,0x0000000100000000)
  to   space 87040K, 0% used [0x00000000f5600000,0x00000000f5600000,0x00000000fab00000)
 ParOldGen       total 1398272K, used 23882K [0x0000000080000000, 0x00000000d5580000, 0x00000000d5580000)
  object space 1398272K, 1% used [0x0000000080000000,0x0000000081752870,0x00000000d5580000)
 Metaspace       used 57435K, capacity 58752K, committed 59008K, reserved 1101824K
  class space    used 6653K, capacity 6916K, committed 7040K, reserved 1048576K
}
Event: 12.681 GC heap before
{Heap before GC invocations=7 (full 3):
 PSYoungGen      total 611840K, used 20799K [0x00000000d5580000, 0x0000000100000000, 0x0000000100000000)
  eden space 524800K, 0% used [0x00000000d5580000,0x00000000d5580000,0x00000000f5600000)
  from space 87040K, 23% used [0x00000000fab00000,0x00000000fbf4fe18,0x0000000100000000)
  to   space 87040K, 0% used [0x00000000f5600000,0x00000000f5600000,0x00000000fab00000)
 ParOldGen       total 1398272K, used 23882K [0x0000000080000000, 0x00000000d5580000, 0x00000000d5580000)
  object space 1398272K, 1% used [0x0000000080000000,0x0000000081752870,0x00000000d5580000)
 Metaspace       used 57435K, capacity 58752K, committed 59008K, reserved 1101824K
  class space    used 6653K, capacity 6916K, committed 7040K, reserved 1048576K
Event: 12.906 GC heap after
Heap after GC invocations=7 (full 3):
 PSYoungGen      total 611840K, used 0K [0x00000000d5580000, 0x0000000100000000, 0x0000000100000000)
  eden space 524800K, 0% used [0x00000000d5580000,0x00000000d5580000,0x00000000f5600000)
  from space 87040K, 0% used [0x00000000fab00000,0x00000000fab00000,0x0000000100000000)
  to   space 87040K, 0% used [0x00000000f5600000,0x00000000f5600000,0x00000000fab00000)
 ParOldGen       total 1398272K, used 32509K [0x0000000080000000, 0x00000000d5580000, 0x00000000d5580000)
  object space 1398272K, 2% used [0x0000000080000000,0x0000000081fbf5c0,0x00000000d5580000)
 Metaspace       used 57410K, capacity 58692K, committed 59008K, reserved 1101824K
  class space    used 6645K, capacity 6902K, committed 7040K, reserved 1048576K
}

