# JRE version: OpenJDK Runtime Environment (8.0_212-b04) (build 1.8.0_212-b04)
# Java VM: OpenJDK 64-Bit Server VM (25.212-b04 mixed mode linux-amd64 compressed oops)
Heap:
 PSYoungGen      total 611840K, used 247386K [0x00000000d5580000, 0x0000000100000000, 0x0000000100000000)
  eden space 524800K, 47% used [0x00000000d5580000,0x00000000e4716968,0x00000000f5600000)
  from space 87040K, 0% used [0x00000000f5600000,0x00000000f5600000,0x00000000fab00000)
  to   space 87040K, 0% used [0x00000000fab00000,0x00000000fab00000,0x0000000100000000)
 ParOldGen       total 1398272K, used 45195K [0x0000000080000000, 0x00000000d5580000, 0x00000000d5580000)
  object space 1398272K, 3% used [0x0000000080000000,0x0000000082c22de0,0x00000000d5580000)
 Metaspace       used 65261K, capacity 69638K, committed 69760K, reserved 1110016K
  class space    used 7711K, capacity 8485K, committed 8576K, reserved 1048576K
GC Heap History (10 events):
Event: 2.444 GC heap before
{Heap before GC invocations=2 (full 1):
 PSYoungGen      total 611840K, used 14294K [0x00000000d5580000, 0x0000000100000000, 0x0000000100000000)
  eden space 524800K, 0% used [0x00000000d5580000,0x00000000d5580000,0x00000000f5600000)
  from space 87040K, 16% used [0x00000000f5600000,0x00000000f63f5b20,0x00000000fab00000)
  to   space 87040K, 0% used [0x00000000fab00000,0x00000000fab00000,0x0000000100000000)
 ParOldGen       total 1398272K, used 80K [0x0000000080000000, 0x00000000d5580000, 0x00000000d5580000)
  object space 1398272K, 0% used [0x0000000080000000,0x0000000080014010,0x00000000d5580000)
 Metaspace       used 20827K, capacity 21106K, committed 21248K, reserved 1069056K
  class space    used 2369K, capacity 2482K, committed 2560K, reserved 1048576K
Event: 2.542 GC heap after
Heap after GC invocations=2 (full 1):
 PSYoungGen      total 611840K, used 0K [0x00000000d5580000, 0x0000000100000000, 0x0000000100000000)
  eden space 524800K, 0% used [0x00000000d5580000,0x00000000d5580000,0x00000000f5600000)
  from space 87040K, 0% used [0x00000000f5600000,0x00000000f5600000,0x00000000fab00000)
  to   space 87040K, 0% used [0x00000000fab00000,0x00000000fab00000,0x0000000100000000)
 ParOldGen       total 877568K, used 13777K [0x0000000080000000, 0x00000000b5900000, 0x00000000d5580000)
  object space 877568K, 1% used [0x0000000080000000,0x0000000080d74408,0x00000000b5900000)
 Metaspace       used 20827K, capacity 21106K, committed 21248K, reserved 1069056K
  class space    used 2369K, capacity 2482K, committed 2560K, reserved 1048576K
}
Event: 5.019 GC heap before
{Heap before GC invocations=3 (full 1):
 PSYoungGen      total 611840K, used 413982K [0x00000000d5580000, 0x0000000100000000, 0x0000000100000000)
  eden space 524800K, 78% used [0x00000000d5580000,0x00000000ee9c7a50,0x00000000f5600000)
  from space 87040K, 0% used [0x00000000f5600000,0x00000000f5600000,0x00000000fab00000)
  to   space 87040K, 0% used [0x00000000fab00000,0x00000000fab00000,0x0000000100000000)
 ParOldGen       total 877568K, used 13777K [0x0000000080000000, 0x00000000b5900000, 0x00000000d5580000)
  object space 877568K, 1% used [0x0000000080000000,0x0000000080d74408,0x00000000b5900000)
 Metaspace       used 34805K, capacity 35182K, committed 35416K, reserved 1081344K
  class space    used 3974K, capacity 4091K, committed 4096K, reserved 1048576K
Event: 5.053 GC heap after
Heap after GC invocations=3 (full 1):
 PSYoungGen      total 611840K, used 19239K [0x00000000d5580000, 0x0000000100000000, 0x0000000100000000)
  eden space 524800K, 0% used [0x00000000d5580000,0x00000000d5580000,0x00000000f5600000)
  from space 87040K, 22% used [0x00000000fab00000,0x00000000fbdc9f18,0x0000000100000000)
  to   space 87040K, 0% used [0x00000000f5600000,0x00000000f5600000,0x00000000fab00000)
 ParOldGen       total 877568K, used 13777K [0x0000000080000000, 0x00000000b5900000, 0x00000000d5580000)
  object space 877568K, 1% used [0x0000000080000000,0x0000000080d74408,0x00000000b5900000)
 Metaspace       used 34805K, capacity 35182K, committed 35416K, reserved 1081344K
  class space    used 3974K, capacity 4091K, committed 4096K, reserved 1048576K
}
Event: 5.053 GC heap before
{Heap before GC invocations=4 (full 2):
 PSYoungGen      total 611840K, used 19239K [0x00000000d5580000, 0x0000000100000000, 0x0000000100000000)
  eden space 524800K, 0% used [0x00000000d5580000,0x00000000d5580000,0x00000000f5600000)
  from space 87040K, 22% used [0x00000000fab00000,0x00000000fbdc9f18,0x0000000100000000)
  to   space 87040K, 0% used [0x00000000f5600000,0x00000000f5600000,0x00000000fab00000)
 ParOldGen       total 877568K, used 13777K [0x0000000080000000, 0x00000000b5900000, 0x00000000d5580000)
  object space 877568K, 1% used [0x0000000080000000,0x0000000080d74408,0x00000000b5900000)
 Metaspace       used 34805K, capacity 35182K, committed 35416K, reserved 1081344K
  class space    used 3974K, capacity 4091K, committed 4096K, reserved 1048576K
Event: 5.141 GC heap after
Heap after GC invocations=4 (full 2):
 PSYoungGen      total 611840K, used 0K [0x00000000d5580000, 0x0000000100000000, 0x0000000100000000)
  eden space 524800K, 0% used [0x00000000d5580000,0x00000000d5580000,0x00000000f5600000)
  from space 87040K, 0% used [0x00000000fab00000,0x00000000fab00000,0x0000000100000000)
  to   space 87040K, 0% used [0x00000000f5600000,0x00000000f5600000,0x00000000fab00000)
 ParOldGen       total 1398272K, used 23619K [0x0000000080000000, 0x00000000d5580000, 0x00000000d5580000)
  object space 1398272K, 1% used [0x0000000080000000,0x0000000081710ef8,0x00000000d5580000)
 Metaspace       used 34805K, capacity 35182K, committed 35416K, reserved 1081344K
  class space    used 3974K, capacity 4091K, committed 4096K, reserved 1048576K
}
Event: 12.109 GC heap before
{Heap before GC invocations=5 (full 2):
 PSYoungGen      total 611840K, used 447807K [0x00000000d5580000, 0x0000000100000000, 0x0000000100000000)
  eden space 524800K, 85% used [0x00000000d5580000,0x00000000f0acfda8,0x00000000f5600000)
  from space 87040K, 0% used [0x00000000fab00000,0x00000000fab00000,0x0000000100000000)
  to   space 87040K, 0% used [0x00000000f5600000,0x00000000f5600000,0x00000000fab00000)
 ParOldGen       total 1398272K, used 23619K [0x0000000080000000, 0x00000000d5580000, 0x00000000d5580000)
  object space 1398272K, 1% used [0x0000000080000000,0x0000000081710ef8,0x00000000d5580000)
 Metaspace       used 57397K, capacity 58902K, committed 59028K, reserved 1101824K
  class space    used 6647K, capacity 6931K, committed 7040K, reserved 1048576K
Event: 12.170 GC heap after
Heap after GC invocations=5 (full 2):
 PSYoungGen      total 611840K, used 34795K [0x00000000d5580000, 0x0000000100000000, 0x0000000100000000)
  eden space 524800K, 0% used [0x00000000d5580000,0x00000000d5580000,0x00000000f5600000)
  from space 87040K, 39% used [0x00000000f5600000,0x00000000f77fae68,0x00000000fab00000)
  to   space 87040K, 0% used [0x00000000fab00000,0x00000000fab00000,0x0000000100000000)
 ParOldGen       total 1398272K, used 23627K [0x0000000080000000, 0x00000000d5580000, 0x00000000d5580000)
  object space 1398272K, 1% used [0x0000000080000000,0x0000000081712ef8,0x00000000d5580000)
 Metaspace       used 57397K, capacity 58902K, committed 59028K, reserved 1101824K
  class space    used 6647K, capacity 6931K, committed 7040K, reserved 1048576K
}
Event: 12.170 GC heap before
{Heap before GC invocations=6 (full 3):
 PSYoungGen      total 611840K, used 34795K [0x00000000d5580000, 0x0000000100000000, 0x0000000100000000)
  eden space 524800K, 0% used [0x00000000d5580000,0x00000000d5580000,0x00000000f5600000)
  from space 87040K, 39% used [0x00000000f5600000,0x00000000f77fae68,0x00000000fab00000)
  to   space 87040K, 0% used [0x00000000fab00000,0x00000000fab00000,0x0000000100000000)
 ParOldGen       total 1398272K, used 23627K [0x0000000080000000, 0x00000000d5580000, 0x00000000d5580000)
  object space 1398272K, 1% used [0x0000000080000000,0x0000000081712ef8,0x00000000d5580000)
 Metaspace       used 57397K, capacity 58902K, committed 59028K, reserved 1101824K
  class space    used 6647K, capacity 6931K, committed 7040K, reserved 1048576K
Event: 12.405 GC heap after
Heap after GC invocations=6 (full 3):
 PSYoungGen      total 611840K, used 0K [0x00000000d5580000, 0x0000000100000000, 0x0000000100000000)
  eden space 524800K, 0% used [0x00000000d5580000,0x00000000d5580000,0x00000000f5600000)
  from space 87040K, 0% used [0x00000000f5600000,0x00000000f5600000,0x00000000fab00000)
  to   space 87040K, 0% used [0x00000000fab00000,0x00000000fab00000,0x0000000100000000)
 ParOldGen       total 1398272K, used 45195K [0x0000000080000000, 0x00000000d5580000, 0x00000000d5580000)
  object space 1398272K, 3% used [0x0000000080000000,0x0000000082c22de0,0x00000000d5580000)
 Metaspace       used 57315K, capacity 58670K, committed 59028K, reserved 1101824K
  class space    used 6618K, capacity 6881K, committed 7040K, reserved 1048576K
}

