# JRE version: OpenJDK Runtime Environment (8.0_212-b04) (build 1.8.0_212-b04)
# Java VM: OpenJDK 64-Bit Server VM (25.212-b04 mixed mode linux-amd64 compressed oops)
Heap:
 PSYoungGen      total 611840K, used 507819K [0x00000000d5580000, 0x0000000100000000, 0x0000000100000000)
  eden space 524800K, 81% used [0x00000000d5580000,0x00000000ef5b7ce0,0x00000000f5600000)
  from space 87040K, 93% used [0x00000000fab00000,0x00000000ffab32c0,0x0000000100000000)
  to   space 87040K, 0% used [0x00000000f5600000,0x00000000f5600000,0x00000000fab00000)
 ParOldGen       total 1398272K, used 45375K [0x0000000080000000, 0x00000000d5580000, 0x00000000d5580000)
  object space 1398272K, 3% used [0x0000000080000000,0x0000000082c4ff00,0x00000000d5580000)
 Metaspace       used 67377K, capacity 71196K, committed 71296K, reserved 1112064K
  class space    used 7637K, capacity 8308K, committed 8320K, reserved 1048576K
GC Heap History (10 events):
Event: 4.472 GC heap before
{Heap before GC invocations=3 (full 1):
 PSYoungGen      total 611840K, used 413987K [0x00000000d5580000, 0x0000000100000000, 0x0000000100000000)
  eden space 524800K, 78% used [0x00000000d5580000,0x00000000ee9c8d90,0x00000000f5600000)
  from space 87040K, 0% used [0x00000000f5600000,0x00000000f5600000,0x00000000fab00000)
  to   space 87040K, 0% used [0x00000000fab00000,0x00000000fab00000,0x0000000100000000)
 ParOldGen       total 872448K, used 13776K [0x0000000080000000, 0x00000000b5400000, 0x00000000d5580000)
  object space 872448K, 1% used [0x0000000080000000,0x0000000080d74380,0x00000000b5400000)
 Metaspace       used 34749K, capacity 35086K, committed 35416K, reserved 1081344K
  class space    used 3963K, capacity 4059K, committed 4096K, reserved 1048576K
Event: 4.512 GC heap after
Heap after GC invocations=3 (full 1):
 PSYoungGen      total 611840K, used 19122K [0x00000000d5580000, 0x0000000100000000, 0x0000000100000000)
  eden space 524800K, 0% used [0x00000000d5580000,0x00000000d5580000,0x00000000f5600000)
  from space 87040K, 21% used [0x00000000fab00000,0x00000000fbdac800,0x0000000100000000)
  to   space 87040K, 0% used [0x00000000f5600000,0x00000000f5600000,0x00000000fab00000)
 ParOldGen       total 872448K, used 13776K [0x0000000080000000, 0x00000000b5400000, 0x00000000d5580000)
  object space 872448K, 1% used [0x0000000080000000,0x0000000080d74380,0x00000000b5400000)
 Metaspace       used 34749K, capacity 35086K, committed 35416K, reserved 1081344K
  class space    used 3963K, capacity 4059K, committed 4096K, reserved 1048576K
}
Event: 4.512 GC heap before
{Heap before GC invocations=4 (full 2):
 PSYoungGen      total 611840K, used 19122K [0x00000000d5580000, 0x0000000100000000, 0x0000000100000000)
  eden space 524800K, 0% used [0x00000000d5580000,0x00000000d5580000,0x00000000f5600000)
  from space 87040K, 21% used [0x00000000fab00000,0x00000000fbdac800,0x0000000100000000)
  to   space 87040K, 0% used [0x00000000f5600000,0x00000000f5600000,0x00000000fab00000)
 ParOldGen       total 872448K, used 13776K [0x0000000080000000, 0x00000000b5400000, 0x00000000d5580000)
  object space 872448K, 1% used [0x0000000080000000,0x0000000080d74380,0x00000000b5400000)
 Metaspace       used 34749K, capacity 35086K, committed 35416K, reserved 1081344K
  class space    used 3963K, capacity 4059K, committed 4096K, reserved 1048576K
Event: 4.633 GC heap after
Heap after GC invocations=4 (full 2):
 PSYoungGen      total 611840K, used 0K [0x00000000d5580000, 0x0000000100000000, 0x0000000100000000)
  eden space 524800K, 0% used [0x00000000d5580000,0x00000000d5580000,0x00000000f5600000)
  from space 87040K, 0% used [0x00000000fab00000,0x00000000fab00000,0x0000000100000000)
  to   space 87040K, 0% used [0x00000000f5600000,0x00000000f5600000,0x00000000fab00000)
 ParOldGen       total 1398272K, used 23560K [0x0000000080000000, 0x00000000d5580000, 0x00000000d5580000)
  object space 1398272K, 1% used [0x0000000080000000,0x0000000081702300,0x00000000d5580000)
 Metaspace       used 34749K, capacity 35086K, committed 35416K, reserved 1081344K
  class space    used 3963K, capacity 4059K, committed 4096K, reserved 1048576K
}
Event: 11.938 GC heap before
{Heap before GC invocations=5 (full 2):
 PSYoungGen      total 611840K, used 462949K [0x00000000d5580000, 0x0000000100000000, 0x0000000100000000)
  eden space 524800K, 88% used [0x00000000d5580000,0x00000000f1999618,0x00000000f5600000)
  from space 87040K, 0% used [0x00000000fab00000,0x00000000fab00000,0x0000000100000000)
  to   space 87040K, 0% used [0x00000000f5600000,0x00000000f5600000,0x00000000fab00000)
 ParOldGen       total 1398272K, used 23560K [0x0000000080000000, 0x00000000d5580000, 0x00000000d5580000)
  object space 1398272K, 1% used [0x0000000080000000,0x0000000081702300,0x00000000d5580000)
 Metaspace       used 57339K, capacity 58764K, committed 59008K, reserved 1101824K
  class space    used 6637K, capacity 6932K, committed 7040K, reserved 1048576K
Event: 12.028 GC heap after
Heap after GC invocations=5 (full 2):
 PSYoungGen      total 611840K, used 34937K [0x00000000d5580000, 0x0000000100000000, 0x0000000100000000)
  eden space 524800K, 0% used [0x00000000d5580000,0x00000000d5580000,0x00000000f5600000)
  from space 87040K, 40% used [0x00000000f5600000,0x00000000f781e7a8,0x00000000fab00000)
  to   space 87040K, 0% used [0x00000000fab00000,0x00000000fab00000,0x0000000100000000)
 ParOldGen       total 1398272K, used 23568K [0x0000000080000000, 0x00000000d5580000, 0x00000000d5580000)
  object space 1398272K, 1% used [0x0000000080000000,0x0000000081704300,0x00000000d5580000)
 Metaspace       used 57339K, capacity 58764K, committed 59008K, reserved 1101824K
  class space    used 6637K, capacity 6932K, committed 7040K, reserved 1048576K
}
Event: 12.028 GC heap before
{Heap before GC invocations=6 (full 3):
 PSYoungGen      total 611840K, used 34937K [0x00000000d5580000, 0x0000000100000000, 0x0000000100000000)
  eden space 524800K, 0% used [0x00000000d5580000,0x00000000d5580000,0x00000000f5600000)
  from space 87040K, 40% used [0x00000000f5600000,0x00000000f781e7a8,0x00000000fab00000)
  to   space 87040K, 0% used [0x00000000fab00000,0x00000000fab00000,0x0000000100000000)
 ParOldGen       total 1398272K, used 23568K [0x0000000080000000, 0x00000000d5580000, 0x00000000d5580000)
  object space 1398272K, 1% used [0x0000000080000000,0x0000000081704300,0x00000000d5580000)
 Metaspace       used 57339K, capacity 58764K, committed 59008K, reserved 1101824K
  class space    used 6637K, capacity 6932K, committed 7040K, reserved 1048576K
Event: 12.320 GC heap after
Heap after GC invocations=6 (full 3):
 PSYoungGen      total 611840K, used 0K [0x00000000d5580000, 0x0000000100000000, 0x0000000100000000)
  eden space 524800K, 0% used [0x00000000d5580000,0x00000000d5580000,0x00000000f5600000)
  from space 87040K, 0% used [0x00000000f5600000,0x00000000f5600000,0x00000000fab00000)
  to   space 87040K, 0% used [0x00000000fab00000,0x00000000fab00000,0x0000000100000000)
 ParOldGen       total 1398272K, used 45359K [0x0000000080000000, 0x00000000d5580000, 0x00000000d5580000)
  object space 1398272K, 3% used [0x0000000080000000,0x0000000082c4bef0,0x00000000d5580000)
 Metaspace       used 57304K, capacity 58680K, committed 59008K, reserved 1101824K
  class space    used 6625K, capacity 6912K, committed 7040K, reserved 1048576K
}
Event: 25.212 GC heap before
{Heap before GC invocations=7 (full 3):
 PSYoungGen      total 611840K, used 524368K [0x00000000d5580000, 0x0000000100000000, 0x0000000100000000)
  eden space 524800K, 99% used [0x00000000d5580000,0x00000000f5594068,0x00000000f5600000)
  from space 87040K, 0% used [0x00000000f5600000,0x00000000f5600000,0x00000000fab00000)
  to   space 87040K, 0% used [0x00000000fab00000,0x00000000fab00000,0x0000000100000000)
 ParOldGen       total 1398272K, used 45359K [0x0000000080000000, 0x00000000d5580000, 0x00000000d5580000)
  object space 1398272K, 3% used [0x0000000080000000,0x0000000082c4bef0,0x00000000d5580000)
 Metaspace       used 65436K, capacity 68386K, committed 68480K, reserved 1110016K
  class space    used 7469K, capacity 7999K, committed 8064K, reserved 1048576K
Event: 25.303 GC heap after
Heap after GC invocations=7 (full 3):
 PSYoungGen      total 611840K, used 81612K [0x00000000d5580000, 0x0000000100000000, 0x0000000100000000)
  eden space 524800K, 0% used [0x00000000d5580000,0x00000000d5580000,0x00000000f5600000)
  from space 87040K, 93% used [0x00000000fab00000,0x00000000ffab32c0,0x0000000100000000)
  to   space 87040K, 0% used [0x00000000f5600000,0x00000000f5600000,0x00000000fab00000)
 ParOldGen       total 1398272K, used 45375K [0x0000000080000000, 0x00000000d5580000, 0x00000000d5580000)
  object space 1398272K, 3% used [0x0000000080000000,0x0000000082c4ff00,0x00000000d5580000)
 Metaspace       used 65436K, capacity 68386K, committed 68480K, reserved 1110016K
  class space    used 7469K, capacity 7999K, committed 8064K, reserved 1048576K
}

