# JRE version: OpenJDK Runtime Environment (8.0_212-b04) (build 1.8.0_212-b04)
# Java VM: OpenJDK 64-Bit Server VM (25.212-b04 mixed mode linux-amd64 compressed oops)
Heap:
 PSYoungGen      total 611840K, used 338127K [0x00000000d5580000, 0x00000000ff400000, 0x0000000100000000)
  eden space 524800K, 47% used [0x00000000d5580000,0x00000000e4abab10,0x00000000f5600000)
  from space 87040K, 99% used [0x00000000f5600000,0x00000000faaf91e0,0x00000000fab00000)
  to   space 74752K, 0% used [0x00000000fab00000,0x00000000fab00000,0x00000000ff400000)
 ParOldGen       total 1398272K, used 46798K [0x0000000080000000, 0x00000000d5580000, 0x00000000d5580000)
  object space 1398272K, 3% used [0x0000000080000000,0x0000000082db3b18,0x00000000d5580000)
 Metaspace       used 70186K, capacity 73804K, committed 74112K, reserved 1114112K
  class space    used 7918K, capacity 8522K, committed 8576K, reserved 1048576K
GC Heap History (10 events):
Event: 5.116 GC heap before
{Heap before GC invocations=4 (full 2):
 PSYoungGen      total 611840K, used 14312K [0x00000000d5580000, 0x0000000100000000, 0x0000000100000000)
  eden space 524800K, 0% used [0x00000000d5580000,0x00000000d5580000,0x00000000f5600000)
  from space 87040K, 16% used [0x00000000fab00000,0x00000000fb8fa290,0x0000000100000000)
  to   space 87040K, 0% used [0x00000000f5600000,0x00000000f5600000,0x00000000fab00000)
 ParOldGen       total 878080K, used 18677K [0x0000000080000000, 0x00000000b5980000, 0x00000000d5580000)
  object space 878080K, 2% used [0x0000000080000000,0x000000008123d458,0x00000000b5980000)
 Metaspace       used 34807K, capacity 35154K, committed 35456K, reserved 1081344K
  class space    used 3978K, capacity 4101K, committed 4224K, reserved 1048576K
Event: 5.246 GC heap after
Heap after GC invocations=4 (full 2):
 PSYoungGen      total 611840K, used 0K [0x00000000d5580000, 0x0000000100000000, 0x0000000100000000)
  eden space 524800K, 0% used [0x00000000d5580000,0x00000000d5580000,0x00000000f5600000)
  from space 87040K, 0% used [0x00000000fab00000,0x00000000fab00000,0x0000000100000000)
  to   space 87040K, 0% used [0x00000000f5600000,0x00000000f5600000,0x00000000fab00000)
 ParOldGen       total 1398272K, used 22563K [0x0000000080000000, 0x00000000d5580000, 0x00000000d5580000)
  object space 1398272K, 1% used [0x0000000080000000,0x0000000081608ee0,0x00000000d5580000)
 Metaspace       used 34807K, capacity 35154K, committed 35456K, reserved 1081344K
  class space    used 3978K, capacity 4101K, committed 4224K, reserved 1048576K
}
Event: 10.718 GC heap before
{Heap before GC invocations=5 (full 2):
 PSYoungGen      total 611840K, used 524800K [0x00000000d5580000, 0x0000000100000000, 0x0000000100000000)
  eden space 524800K, 100% used [0x00000000d5580000,0x00000000f5600000,0x00000000f5600000)
  from space 87040K, 0% used [0x00000000fab00000,0x00000000fab00000,0x0000000100000000)
  to   space 87040K, 0% used [0x00000000f5600000,0x00000000f5600000,0x00000000fab00000)
 ParOldGen       total 1398272K, used 22563K [0x0000000080000000, 0x00000000d5580000, 0x00000000d5580000)
  object space 1398272K, 1% used [0x0000000080000000,0x0000000081608ee0,0x00000000d5580000)
 Metaspace       used 50942K, capacity 52096K, committed 52352K, reserved 1095680K
  class space    used 5995K, capacity 6232K, committed 6272K, reserved 1048576K
Event: 10.782 GC heap after
Heap after GC invocations=5 (full 2):
 PSYoungGen      total 611840K, used 23682K [0x00000000d5580000, 0x0000000100000000, 0x0000000100000000)
  eden space 524800K, 0% used [0x00000000d5580000,0x00000000d5580000,0x00000000f5600000)
  from space 87040K, 27% used [0x00000000f5600000,0x00000000f6d20a68,0x00000000fab00000)
  to   space 87040K, 0% used [0x00000000fab00000,0x00000000fab00000,0x0000000100000000)
 ParOldGen       total 1398272K, used 22571K [0x0000000080000000, 0x00000000d5580000, 0x00000000d5580000)
  object space 1398272K, 1% used [0x0000000080000000,0x000000008160aee0,0x00000000d5580000)
 Metaspace       used 50942K, capacity 52096K, committed 52352K, reserved 1095680K
  class space    used 5995K, capacity 6232K, committed 6272K, reserved 1048576K
}
Event: 11.827 GC heap before
{Heap before GC invocations=6 (full 2):
 PSYoungGen      total 611840K, used 160286K [0x00000000d5580000, 0x0000000100000000, 0x0000000100000000)
  eden space 524800K, 26% used [0x00000000d5580000,0x00000000ddae6e38,0x00000000f5600000)
  from space 87040K, 27% used [0x00000000f5600000,0x00000000f6d20a68,0x00000000fab00000)
  to   space 87040K, 0% used [0x00000000fab00000,0x00000000fab00000,0x0000000100000000)
 ParOldGen       total 1398272K, used 22571K [0x0000000080000000, 0x00000000d5580000, 0x00000000d5580000)
  object space 1398272K, 1% used [0x0000000080000000,0x000000008160aee0,0x00000000d5580000)
 Metaspace       used 57607K, capacity 58978K, committed 59096K, reserved 1101824K
  class space    used 6709K, capacity 6983K, committed 7040K, reserved 1048576K
Event: 11.871 GC heap after
Heap after GC invocations=6 (full 2):
 PSYoungGen      total 611840K, used 18562K [0x00000000d5580000, 0x0000000100000000, 0x0000000100000000)
  eden space 524800K, 0% used [0x00000000d5580000,0x00000000d5580000,0x00000000f5600000)
  from space 87040K, 21% used [0x00000000fab00000,0x00000000fbd208c0,0x0000000100000000)
  to   space 87040K, 0% used [0x00000000f5600000,0x00000000f5600000,0x00000000fab00000)
 ParOldGen       total 1398272K, used 22579K [0x0000000080000000, 0x00000000d5580000, 0x00000000d5580000)
  object space 1398272K, 1% used [0x0000000080000000,0x000000008160cee0,0x00000000d5580000)
 Metaspace       used 57607K, capacity 58978K, committed 59096K, reserved 1101824K
  class space    used 6709K, capacity 6983K, committed 7040K, reserved 1048576K
}
Event: 11.872 GC heap before
{Heap before GC invocations=7 (full 3):
 PSYoungGen      total 611840K, used 18562K [0x00000000d5580000, 0x0000000100000000, 0x0000000100000000)
  eden space 524800K, 0% used [0x00000000d5580000,0x00000000d5580000,0x00000000f5600000)
  from space 87040K, 21% used [0x00000000fab00000,0x00000000fbd208c0,0x0000000100000000)
  to   space 87040K, 0% used [0x00000000f5600000,0x00000000f5600000,0x00000000fab00000)
 ParOldGen       total 1398272K, used 22579K [0x0000000080000000, 0x00000000d5580000, 0x00000000d5580000)
  object space 1398272K, 1% used [0x0000000080000000,0x000000008160cee0,0x00000000d5580000)
 Metaspace       used 57607K, capacity 58978K, committed 59096K, reserved 1101824K
  class space    used 6709K, capacity 6983K, committed 7040K, reserved 1048576K
Event: 12.159 GC heap after
Heap after GC invocations=7 (full 3):
 PSYoungGen      total 611840K, used 0K [0x00000000d5580000, 0x0000000100000000, 0x0000000100000000)
  eden space 524800K, 0% used [0x00000000d5580000,0x00000000d5580000,0x00000000f5600000)
  from space 87040K, 0% used [0x00000000fab00000,0x00000000fab00000,0x0000000100000000)
  to   space 87040K, 0% used [0x00000000f5600000,0x00000000f5600000,0x00000000fab00000)
 ParOldGen       total 1398272K, used 30886K [0x0000000080000000, 0x00000000d5580000, 0x00000000d5580000)
  object space 1398272K, 2% used [0x0000000080000000,0x0000000081e29b80,0x00000000d5580000)
 Metaspace       used 57515K, capacity 58754K, committed 59096K, reserved 1101824K
  class space    used 6676K, capacity 6925K, committed 7040K, reserved 1048576K
}
Event: 26.422 GC heap before
{Heap before GC invocations=8 (full 3):
 PSYoungGen      total 611840K, used 519981K [0x00000000d5580000, 0x0000000100000000, 0x0000000100000000)
  eden space 524800K, 99% used [0x00000000d5580000,0x00000000f514b4d8,0x00000000f5600000)
  from space 87040K, 0% used [0x00000000fab00000,0x00000000fab00000,0x0000000100000000)
  to   space 87040K, 0% used [0x00000000f5600000,0x00000000f5600000,0x00000000fab00000)
 ParOldGen       total 1398272K, used 30886K [0x0000000080000000, 0x00000000d5580000, 0x00000000d5580000)
  object space 1398272K, 2% used [0x0000000080000000,0x0000000081e29b80,0x00000000d5580000)
 Metaspace       used 67815K, capacity 71334K, committed 71424K, reserved 1112064K
  class space    used 7757K, capacity 8377K, committed 8448K, reserved 1048576K
Event: 26.561 GC heap after
Heap after GC invocations=8 (full 3):
 PSYoungGen      total 611840K, used 87012K [0x00000000d5580000, 0x00000000ff400000, 0x0000000100000000)
  eden space 524800K, 0% used [0x00000000d5580000,0x00000000d5580000,0x00000000f5600000)
  from space 87040K, 99% used [0x00000000f5600000,0x00000000faaf91e0,0x00000000fab00000)
  to   space 74752K, 0% used [0x00000000fab00000,0x00000000fab00000,0x00000000ff400000)
 ParOldGen       total 1398272K, used 46798K [0x0000000080000000, 0x00000000d5580000, 0x00000000d5580000)
  object space 1398272K, 3% used [0x0000000080000000,0x0000000082db3b18,0x00000000d5580000)
 Metaspace       used 67815K, capacity 71334K, committed 71424K, reserved 1112064K
  class space    used 7757K, capacity 8377K, committed 8448K, reserved 1048576K
}

