# JRE version: OpenJDK Runtime Environment (8.0_212-b04) (build 1.8.0_212-b04)
# Java VM: OpenJDK 64-Bit Server VM (25.212-b04 mixed mode linux-amd64 compressed oops)
Heap:
 PSYoungGen      total 577024K, used 195222K [0x00000000d5580000, 0x0000000100000000, 0x0000000100000000)
  eden space 521728K, 26% used [0x00000000d5580000,0x00000000dde27c90,0x00000000f5300000)
  from space 55296K, 99% used [0x00000000f5300000,0x00000000f88fdd18,0x00000000f8900000)
  to   space 69632K, 0% used [0x00000000fbc00000,0x00000000fbc00000,0x0000000100000000)
 ParOldGen       total 1398272K, used 56514K [0x0000000080000000, 0x00000000d5580000, 0x00000000d5580000)
  object space 1398272K, 4% used [0x0000000080000000,0x00000000837309a0,0x00000000d5580000)
 Metaspace       used 68503K, capacity 71496K, committed 71808K, reserved 1112064K
  class space    used 7668K, capacity 8218K, committed 8320K, reserved 1048576K
GC Heap History (10 events):
Event: 12.679 GC heap before
{Heap before GC invocations=6 (full 2):
 PSYoungGen      total 611840K, used 83218K [0x00000000d5580000, 0x0000000100000000, 0x0000000100000000)
  eden space 524800K, 10% used [0x00000000d5580000,0x00000000d89c36a0,0x00000000f5600000)
  from space 87040K, 34% used [0x00000000f5600000,0x00000000f7301168,0x00000000fab00000)
  to   space 87040K, 0% used [0x00000000fab00000,0x00000000fab00000,0x0000000100000000)
 ParOldGen       total 1398272K, used 23941K [0x0000000080000000, 0x00000000d5580000, 0x00000000d5580000)
  object space 1398272K, 1% used [0x0000000080000000,0x0000000081761448,0x00000000d5580000)
 Metaspace       used 57491K, capacity 58888K, committed 59008K, reserved 1101824K
  class space    used 6686K, capacity 6976K, committed 7040K, reserved 1048576K
Event: 12.705 GC heap after
Heap after GC invocations=6 (full 2):
 PSYoungGen      total 611840K, used 11271K [0x00000000d5580000, 0x0000000100000000, 0x0000000100000000)
  eden space 524800K, 0% used [0x00000000d5580000,0x00000000d5580000,0x00000000f5600000)
  from space 87040K, 12% used [0x00000000fab00000,0x00000000fb601d08,0x0000000100000000)
  to   space 87040K, 0% used [0x00000000f5600000,0x00000000f5600000,0x00000000fab00000)
 ParOldGen       total 1398272K, used 23941K [0x0000000080000000, 0x00000000d5580000, 0x00000000d5580000)
  object space 1398272K, 1% used [0x0000000080000000,0x0000000081761448,0x00000000d5580000)
 Metaspace       used 57491K, capacity 58888K, committed 59008K, reserved 1101824K
  class space    used 6686K, capacity 6976K, committed 7040K, reserved 1048576K
}
Event: 12.705 GC heap before
{Heap before GC invocations=7 (full 3):
 PSYoungGen      total 611840K, used 11271K [0x00000000d5580000, 0x0000000100000000, 0x0000000100000000)
  eden space 524800K, 0% used [0x00000000d5580000,0x00000000d5580000,0x00000000f5600000)
  from space 87040K, 12% used [0x00000000fab00000,0x00000000fb601d08,0x0000000100000000)
  to   space 87040K, 0% used [0x00000000f5600000,0x00000000f5600000,0x00000000fab00000)
 ParOldGen       total 1398272K, used 23941K [0x0000000080000000, 0x00000000d5580000, 0x00000000d5580000)
  object space 1398272K, 1% used [0x0000000080000000,0x0000000081761448,0x00000000d5580000)
 Metaspace       used 57491K, capacity 58888K, committed 59008K, reserved 1101824K
  class space    used 6686K, capacity 6976K, committed 7040K, reserved 1048576K
Event: 12.943 GC heap after
Heap after GC invocations=7 (full 3):
 PSYoungGen      total 611840K, used 0K [0x00000000d5580000, 0x0000000100000000, 0x0000000100000000)
  eden space 524800K, 0% used [0x00000000d5580000,0x00000000d5580000,0x00000000f5600000)
  from space 87040K, 0% used [0x00000000fab00000,0x00000000fab00000,0x0000000100000000)
  to   space 87040K, 0% used [0x00000000f5600000,0x00000000f5600000,0x00000000fab00000)
 ParOldGen       total 1398272K, used 23664K [0x0000000080000000, 0x00000000d5580000, 0x00000000d5580000)
  object space 1398272K, 1% used [0x0000000080000000,0x000000008171c0f0,0x00000000d5580000)
 Metaspace       used 57464K, capacity 58826K, committed 59008K, reserved 1101824K
  class space    used 6676K, capacity 6959K, committed 7040K, reserved 1048576K
}
Event: 61.131 GC heap before
{Heap before GC invocations=8 (full 3):
 PSYoungGen      total 611840K, used 524800K [0x00000000d5580000, 0x0000000100000000, 0x0000000100000000)
  eden space 524800K, 100% used [0x00000000d5580000,0x00000000f5600000,0x00000000f5600000)
  from space 87040K, 0% used [0x00000000fab00000,0x00000000fab00000,0x0000000100000000)
  to   space 87040K, 0% used [0x00000000f5600000,0x00000000f5600000,0x00000000fab00000)
 ParOldGen       total 1398272K, used 23666K [0x0000000080000000, 0x00000000d5580000, 0x00000000d5580000)
  object space 1398272K, 1% used [0x0000000080000000,0x000000008171cad0,0x00000000d5580000)
 Metaspace       used 61460K, capacity 63606K, committed 63872K, reserved 1105920K
  class space    used 7085K, capacity 7505K, committed 7552K, reserved 1048576K
Event: 61.193 GC heap after
Heap after GC invocations=8 (full 3):
 PSYoungGen      total 551936K, used 26965K [0x00000000d5580000, 0x00000000fab80000, 0x0000000100000000)
  eden space 524800K, 0% used [0x00000000d5580000,0x00000000d5580000,0x00000000f5600000)
  from space 27136K, 99% used [0x00000000f5600000,0x00000000f7055750,0x00000000f7080000)
  to   space 35328K, 0% used [0x00000000f8900000,0x00000000f8900000,0x00000000fab80000)
 ParOldGen       total 1398272K, used 23674K [0x0000000080000000, 0x00000000d5580000, 0x00000000d5580000)
  object space 1398272K, 1% used [0x0000000080000000,0x000000008171ead0,0x00000000d5580000)
 Metaspace       used 61460K, capacity 63606K, committed 63872K, reserved 1105920K
  class space    used 7085K, capacity 7505K, committed 7552K, reserved 1048576K
}
Event: 135.662 GC heap before
{Heap before GC invocations=9 (full 3):
 PSYoungGen      total 551936K, used 551765K [0x00000000d5580000, 0x00000000fab80000, 0x0000000100000000)
  eden space 524800K, 100% used [0x00000000d5580000,0x00000000f5600000,0x00000000f5600000)
  from space 27136K, 99% used [0x00000000f5600000,0x00000000f7055750,0x00000000f7080000)
  to   space 35328K, 0% used [0x00000000f8900000,0x00000000f8900000,0x00000000fab80000)
 ParOldGen       total 1398272K, used 23674K [0x0000000080000000, 0x00000000d5580000, 0x00000000d5580000)
  object space 1398272K, 1% used [0x0000000080000000,0x000000008171ead0,0x00000000d5580000)
 Metaspace       used 67497K, capacity 70400K, committed 70528K, reserved 1112064K
  class space    used 7657K, capacity 8202K, committed 8320K, reserved 1048576K
Event: 135.789 GC heap after
Heap after GC invocations=9 (full 3):
 PSYoungGen      total 557056K, used 35322K [0x00000000d5580000, 0x0000000100000000, 0x0000000100000000)
  eden space 521728K, 0% used [0x00000000d5580000,0x00000000d5580000,0x00000000f5300000)
  from space 35328K, 99% used [0x00000000f8900000,0x00000000fab7e948,0x00000000fab80000)
  to   space 55296K, 0% used [0x00000000f5300000,0x00000000f5300000,0x00000000f8900000)
 ParOldGen       total 1398272K, used 48018K [0x0000000080000000, 0x00000000d5580000, 0x00000000d5580000)
  object space 1398272K, 3% used [0x0000000080000000,0x0000000082ee4800,0x00000000d5580000)
 Metaspace       used 67497K, capacity 70400K, committed 70528K, reserved 1112064K
  class space    used 7657K, capacity 8202K, committed 8320K, reserved 1048576K
}
Event: 206.687 GC heap before
{Heap before GC invocations=10 (full 3):
 PSYoungGen      total 557056K, used 557050K [0x00000000d5580000, 0x0000000100000000, 0x0000000100000000)
  eden space 521728K, 100% used [0x00000000d5580000,0x00000000f5300000,0x00000000f5300000)
  from space 35328K, 99% used [0x00000000f8900000,0x00000000fab7e948,0x00000000fab80000)
  to   space 55296K, 0% used [0x00000000f5300000,0x00000000f5300000,0x00000000f8900000)
 ParOldGen       total 1398272K, used 48018K [0x0000000080000000, 0x00000000d5580000, 0x00000000d5580000)
  object space 1398272K, 3% used [0x0000000080000000,0x0000000082ee4800,0x00000000d5580000)
 Metaspace       used 68366K, capacity 71350K, committed 71552K, reserved 1112064K
  class space    used 7667K, capacity 8217K, committed 8320K, reserved 1048576K
Event: 206.837 GC heap after
Heap after GC invocations=10 (full 3):
 PSYoungGen      total 577024K, used 55287K [0x00000000d5580000, 0x0000000100000000, 0x0000000100000000)
  eden space 521728K, 0% used [0x00000000d5580000,0x00000000d5580000,0x00000000f5300000)
  from space 55296K, 99% used [0x00000000f5300000,0x00000000f88fdd18,0x00000000f8900000)
  to   space 69632K, 0% used [0x00000000fbc00000,0x00000000fbc00000,0x0000000100000000)
 ParOldGen       total 1398272K, used 56514K [0x0000000080000000, 0x00000000d5580000, 0x00000000d5580000)
  object space 1398272K, 4% used [0x0000000080000000,0x00000000837309a0,0x00000000d5580000)
 Metaspace       used 68366K, capacity 71350K, committed 71552K, reserved 1112064K
  class space    used 7667K, capacity 8217K, committed 8320K, reserved 1048576K
}

