# JRE version: OpenJDK Runtime Environment (8.0_212-b04) (build 1.8.0_212-b04)
# Java VM: OpenJDK 64-Bit Server VM (25.212-b04 mixed mode linux-amd64 compressed oops)
Heap:
 PSYoungGen      total 611840K, used 258010K [0x00000000d5580000, 0x0000000100000000, 0x0000000100000000)
  eden space 524800K, 49% used [0x00000000d5580000,0x00000000e5176bb0,0x00000000f5600000)
  from space 87040K, 0% used [0x00000000fab00000,0x00000000fab00000,0x0000000100000000)
  to   space 87040K, 0% used [0x00000000f5600000,0x00000000f5600000,0x00000000fab00000)
 ParOldGen       total 1398272K, used 28506K [0x0000000080000000, 0x00000000d5580000, 0x00000000d5580000)
  object space 1398272K, 2% used [0x0000000080000000,0x0000000081bd6b80,0x00000000d5580000)
 Metaspace       used 64387K, capacity 66910K, committed 67072K, reserved 1107968K
  class space    used 7442K, capacity 7899K, committed 7936K, reserved 1048576K
GC Heap History (10 events):
Event: 5.326 GC heap before
{Heap before GC invocations=3 (full 1):
 PSYoungGen      total 611840K, used 499010K [0x00000000d5580000, 0x0000000100000000, 0x0000000100000000)
  eden space 524800K, 95% used [0x00000000d5580000,0x00000000f3cd09d8,0x00000000f5600000)
  from space 87040K, 0% used [0x00000000f5600000,0x00000000f5600000,0x00000000fab00000)
  to   space 87040K, 0% used [0x00000000fab00000,0x00000000fab00000,0x0000000100000000)
 ParOldGen       total 915456K, used 14245K [0x0000000080000000, 0x00000000b7e00000, 0x00000000d5580000)
  object space 915456K, 1% used [0x0000000080000000,0x0000000080de97b0,0x00000000b7e00000)
 Metaspace       used 34781K, capacity 35124K, committed 35416K, reserved 1081344K
  class space    used 3967K, capacity 4092K, committed 4096K, reserved 1048576K
Event: 5.369 GC heap after
Heap after GC invocations=3 (full 1):
 PSYoungGen      total 611840K, used 19384K [0x00000000d5580000, 0x0000000100000000, 0x0000000100000000)
  eden space 524800K, 0% used [0x00000000d5580000,0x00000000d5580000,0x00000000f5600000)
  from space 87040K, 22% used [0x00000000fab00000,0x00000000fbdee0e8,0x0000000100000000)
  to   space 87040K, 0% used [0x00000000f5600000,0x00000000f5600000,0x00000000fab00000)
 ParOldGen       total 915456K, used 14245K [0x0000000080000000, 0x00000000b7e00000, 0x00000000d5580000)
  object space 915456K, 1% used [0x0000000080000000,0x0000000080de97b0,0x00000000b7e00000)
 Metaspace       used 34781K, capacity 35124K, committed 35416K, reserved 1081344K
  class space    used 3967K, capacity 4092K, committed 4096K, reserved 1048576K
}
Event: 5.369 GC heap before
{Heap before GC invocations=4 (full 2):
 PSYoungGen      total 611840K, used 19384K [0x00000000d5580000, 0x0000000100000000, 0x0000000100000000)
  eden space 524800K, 0% used [0x00000000d5580000,0x00000000d5580000,0x00000000f5600000)
  from space 87040K, 22% used [0x00000000fab00000,0x00000000fbdee0e8,0x0000000100000000)
  to   space 87040K, 0% used [0x00000000f5600000,0x00000000f5600000,0x00000000fab00000)
 ParOldGen       total 915456K, used 14245K [0x0000000080000000, 0x00000000b7e00000, 0x00000000d5580000)
  object space 915456K, 1% used [0x0000000080000000,0x0000000080de97b0,0x00000000b7e00000)
 Metaspace       used 34781K, capacity 35124K, committed 35416K, reserved 1081344K
  class space    used 3967K, capacity 4092K, committed 4096K, reserved 1048576K
Event: 5.475 GC heap after
Heap after GC invocations=4 (full 2):
 PSYoungGen      total 611840K, used 0K [0x00000000d5580000, 0x0000000100000000, 0x0000000100000000)
  eden space 524800K, 0% used [0x00000000d5580000,0x00000000d5580000,0x00000000f5600000)
  from space 87040K, 0% used [0x00000000fab00000,0x00000000fab00000,0x0000000100000000)
  to   space 87040K, 0% used [0x00000000f5600000,0x00000000f5600000,0x00000000fab00000)
 ParOldGen       total 1398272K, used 23932K [0x0000000080000000, 0x00000000d5580000, 0x00000000d5580000)
  object space 1398272K, 1% used [0x0000000080000000,0x000000008175f1e0,0x00000000d5580000)
 Metaspace       used 34781K, capacity 35124K, committed 35416K, reserved 1081344K
  class space    used 3967K, capacity 4092K, committed 4096K, reserved 1048576K
}
Event: 12.023 GC heap before
{Heap before GC invocations=5 (full 2):
 PSYoungGen      total 611840K, used 524800K [0x00000000d5580000, 0x0000000100000000, 0x0000000100000000)
  eden space 524800K, 100% used [0x00000000d5580000,0x00000000f5600000,0x00000000f5600000)
  from space 87040K, 0% used [0x00000000fab00000,0x00000000fab00000,0x0000000100000000)
  to   space 87040K, 0% used [0x00000000f5600000,0x00000000f5600000,0x00000000fab00000)
 ParOldGen       total 1398272K, used 23932K [0x0000000080000000, 0x00000000d5580000, 0x00000000d5580000)
  object space 1398272K, 1% used [0x0000000080000000,0x000000008175f1e0,0x00000000d5580000)
 Metaspace       used 52684K, capacity 54038K, committed 54144K, reserved 1097728K
  class space    used 6186K, capacity 6429K, committed 6528K, reserved 1048576K
Event: 12.126 GC heap after
Heap after GC invocations=5 (full 2):
 PSYoungGen      total 611840K, used 26713K [0x00000000d5580000, 0x0000000100000000, 0x0000000100000000)
  eden space 524800K, 0% used [0x00000000d5580000,0x00000000d5580000,0x00000000f5600000)
  from space 87040K, 30% used [0x00000000f5600000,0x00000000f7016460,0x00000000fab00000)
  to   space 87040K, 0% used [0x00000000fab00000,0x00000000fab00000,0x0000000100000000)
 ParOldGen       total 1398272K, used 23940K [0x0000000080000000, 0x00000000d5580000, 0x00000000d5580000)
  object space 1398272K, 1% used [0x0000000080000000,0x00000000817611e0,0x00000000d5580000)
 Metaspace       used 52684K, capacity 54038K, committed 54144K, reserved 1097728K
  class space    used 6186K, capacity 6429K, committed 6528K, reserved 1048576K
}
Event: 12.825 GC heap before
{Heap before GC invocations=6 (full 2):
 PSYoungGen      total 611840K, used 180614K [0x00000000d5580000, 0x0000000100000000, 0x0000000100000000)
  eden space 524800K, 29% used [0x00000000d5580000,0x00000000debcb4d0,0x00000000f5600000)
  from space 87040K, 30% used [0x00000000f5600000,0x00000000f7016460,0x00000000fab00000)
  to   space 87040K, 0% used [0x00000000fab00000,0x00000000fab00000,0x0000000100000000)
 ParOldGen       total 1398272K, used 23940K [0x0000000080000000, 0x00000000d5580000, 0x00000000d5580000)
  object space 1398272K, 1% used [0x0000000080000000,0x00000000817611e0,0x00000000d5580000)
 Metaspace       used 57467K, capacity 58856K, committed 59008K, reserved 1101824K
  class space    used 6665K, capacity 6940K, committed 7040K, reserved 1048576K
Event: 12.871 GC heap after
Heap after GC invocations=6 (full 2):
 PSYoungGen      total 611840K, used 16578K [0x00000000d5580000, 0x0000000100000000, 0x0000000100000000)
  eden space 524800K, 0% used [0x00000000d5580000,0x00000000d5580000,0x00000000f5600000)
  from space 87040K, 19% used [0x00000000fab00000,0x00000000fbb309c8,0x0000000100000000)
  to   space 87040K, 0% used [0x00000000f5600000,0x00000000f5600000,0x00000000fab00000)
 ParOldGen       total 1398272K, used 23940K [0x0000000080000000, 0x00000000d5580000, 0x00000000d5580000)
  object space 1398272K, 1% used [0x0000000080000000,0x00000000817611e0,0x00000000d5580000)
 Metaspace       used 57467K, capacity 58856K, committed 59008K, reserved 1101824K
  class space    used 6665K, capacity 6940K, committed 7040K, reserved 1048576K
}
Event: 12.871 GC heap before
{Heap before GC invocations=7 (full 3):
 PSYoungGen      total 611840K, used 16578K [0x00000000d5580000, 0x0000000100000000, 0x0000000100000000)
  eden space 524800K, 0% used [0x00000000d5580000,0x00000000d5580000,0x00000000f5600000)
  from space 87040K, 19% used [0x00000000fab00000,0x00000000fbb309c8,0x0000000100000000)
  to   space 87040K, 0% used [0x00000000f5600000,0x00000000f5600000,0x00000000fab00000)
 ParOldGen       total 1398272K, used 23940K [0x0000000080000000, 0x00000000d5580000, 0x00000000d5580000)
  object space 1398272K, 1% used [0x0000000080000000,0x00000000817611e0,0x00000000d5580000)
 Metaspace       used 57467K, capacity 58856K, committed 59008K, reserved 1101824K
  class space    used 6665K, capacity 6940K, committed 7040K, reserved 1048576K
Event: 13.142 GC heap after
Heap after GC invocations=7 (full 3):
 PSYoungGen      total 611840K, used 0K [0x00000000d5580000, 0x0000000100000000, 0x0000000100000000)
  eden space 524800K, 0% used [0x00000000d5580000,0x00000000d5580000,0x00000000f5600000)
  from space 87040K, 0% used [0x00000000fab00000,0x00000000fab00000,0x0000000100000000)
  to   space 87040K, 0% used [0x00000000f5600000,0x00000000f5600000,0x00000000fab00000)
 ParOldGen       total 1398272K, used 28506K [0x0000000080000000, 0x00000000d5580000, 0x00000000d5580000)
  object space 1398272K, 2% used [0x0000000080000000,0x0000000081bd6b80,0x00000000d5580000)
 Metaspace       used 57440K, capacity 58794K, committed 59008K, reserved 1101824K
  class space    used 6655K, capacity 6923K, committed 7040K, reserved 1048576K
}

