# JRE version: OpenJDK Runtime Environment (8.0_212-b04) (build 1.8.0_212-b04)
# Java VM: OpenJDK 64-Bit Server VM (25.212-b04 mixed mode linux-amd64 compressed oops)
Heap:
 PSYoungGen      total 611840K, used 294687K [0x00000000d5580000, 0x0000000100000000, 0x0000000100000000)
  eden space 524800K, 56% used [0x00000000d5580000,0x00000000e7547db0,0x00000000f5600000)
  from space 87040K, 0% used [0x00000000fab00000,0x00000000fab00000,0x0000000100000000)
  to   space 87040K, 0% used [0x00000000f5600000,0x00000000f5600000,0x00000000fab00000)
 ParOldGen       total 1398272K, used 29622K [0x0000000080000000, 0x00000000d5580000, 0x00000000d5580000)
  object space 1398272K, 2% used [0x0000000080000000,0x0000000081cedb50,0x00000000d5580000)
 Metaspace       used 65336K, capacity 68066K, committed 68224K, reserved 1110016K
  class space    used 7503K, capacity 7977K, committed 8064K, reserved 1048576K
GC Heap History (10 events):
Event: 4.199 GC heap before
{Heap before GC invocations=3 (full 1):
 PSYoungGen      total 611840K, used 396243K [0x00000000d5580000, 0x0000000100000000, 0x0000000100000000)
  eden space 524800K, 75% used [0x00000000d5580000,0x00000000ed874fb0,0x00000000f5600000)
  from space 87040K, 0% used [0x00000000f5600000,0x00000000f5600000,0x00000000fab00000)
  to   space 87040K, 0% used [0x00000000fab00000,0x00000000fab00000,0x0000000100000000)
 ParOldGen       total 883712K, used 14324K [0x0000000080000000, 0x00000000b5f00000, 0x00000000d5580000)
  object space 883712K, 1% used [0x0000000080000000,0x0000000080dfd150,0x00000000b5f00000)
 Metaspace       used 34613K, capacity 34970K, committed 35416K, reserved 1081344K
  class space    used 3957K, capacity 4061K, committed 4096K, reserved 1048576K
Event: 4.241 GC heap after
Heap after GC invocations=3 (full 1):
 PSYoungGen      total 611840K, used 18696K [0x00000000d5580000, 0x0000000100000000, 0x0000000100000000)
  eden space 524800K, 0% used [0x00000000d5580000,0x00000000d5580000,0x00000000f5600000)
  from space 87040K, 21% used [0x00000000fab00000,0x00000000fbd422d0,0x0000000100000000)
  to   space 87040K, 0% used [0x00000000f5600000,0x00000000f5600000,0x00000000fab00000)
 ParOldGen       total 883712K, used 14324K [0x0000000080000000, 0x00000000b5f00000, 0x00000000d5580000)
  object space 883712K, 1% used [0x0000000080000000,0x0000000080dfd150,0x00000000b5f00000)
 Metaspace       used 34613K, capacity 34970K, committed 35416K, reserved 1081344K
  class space    used 3957K, capacity 4061K, committed 4096K, reserved 1048576K
}
Event: 4.241 GC heap before
{Heap before GC invocations=4 (full 2):
 PSYoungGen      total 611840K, used 18696K [0x00000000d5580000, 0x0000000100000000, 0x0000000100000000)
  eden space 524800K, 0% used [0x00000000d5580000,0x00000000d5580000,0x00000000f5600000)
  from space 87040K, 21% used [0x00000000fab00000,0x00000000fbd422d0,0x0000000100000000)
  to   space 87040K, 0% used [0x00000000f5600000,0x00000000f5600000,0x00000000fab00000)
 ParOldGen       total 883712K, used 14324K [0x0000000080000000, 0x00000000b5f00000, 0x00000000d5580000)
  object space 883712K, 1% used [0x0000000080000000,0x0000000080dfd150,0x00000000b5f00000)
 Metaspace       used 34613K, capacity 34970K, committed 35416K, reserved 1081344K
  class space    used 3957K, capacity 4061K, committed 4096K, reserved 1048576K
Event: 4.369 GC heap after
Heap after GC invocations=4 (full 2):
 PSYoungGen      total 611840K, used 0K [0x00000000d5580000, 0x0000000100000000, 0x0000000100000000)
  eden space 524800K, 0% used [0x00000000d5580000,0x00000000d5580000,0x00000000f5600000)
  from space 87040K, 0% used [0x00000000fab00000,0x00000000fab00000,0x0000000100000000)
  to   space 87040K, 0% used [0x00000000f5600000,0x00000000f5600000,0x00000000fab00000)
 ParOldGen       total 1398272K, used 23300K [0x0000000080000000, 0x00000000d5580000, 0x00000000d5580000)
  object space 1398272K, 1% used [0x0000000080000000,0x00000000816c1120,0x00000000d5580000)
 Metaspace       used 34613K, capacity 34970K, committed 35416K, reserved 1081344K
  class space    used 3957K, capacity 4061K, committed 4096K, reserved 1048576K
}
Event: 10.874 GC heap before
{Heap before GC invocations=5 (full 2):
 PSYoungGen      total 611840K, used 524800K [0x00000000d5580000, 0x0000000100000000, 0x0000000100000000)
  eden space 524800K, 100% used [0x00000000d5580000,0x00000000f5600000,0x00000000f5600000)
  from space 87040K, 0% used [0x00000000fab00000,0x00000000fab00000,0x0000000100000000)
  to   space 87040K, 0% used [0x00000000f5600000,0x00000000f5600000,0x00000000fab00000)
 ParOldGen       total 1398272K, used 23300K [0x0000000080000000, 0x00000000d5580000, 0x00000000d5580000)
  object space 1398272K, 1% used [0x0000000080000000,0x00000000816c1120,0x00000000d5580000)
 Metaspace       used 51593K, capacity 52980K, committed 53248K, reserved 1095680K
  class space    used 6085K, capacity 6334K, committed 6400K, reserved 1048576K
Event: 10.923 GC heap after
Heap after GC invocations=5 (full 2):
 PSYoungGen      total 611840K, used 24265K [0x00000000d5580000, 0x0000000100000000, 0x0000000100000000)
  eden space 524800K, 0% used [0x00000000d5580000,0x00000000d5580000,0x00000000f5600000)
  from space 87040K, 27% used [0x00000000f5600000,0x00000000f6db2408,0x00000000fab00000)
  to   space 87040K, 0% used [0x00000000fab00000,0x00000000fab00000,0x0000000100000000)
 ParOldGen       total 1398272K, used 23308K [0x0000000080000000, 0x00000000d5580000, 0x00000000d5580000)
  object space 1398272K, 1% used [0x0000000080000000,0x00000000816c3120,0x00000000d5580000)
 Metaspace       used 51593K, capacity 52980K, committed 53248K, reserved 1095680K
  class space    used 6085K, capacity 6334K, committed 6400K, reserved 1048576K
}
Event: 11.676 GC heap before
{Heap before GC invocations=6 (full 2):
 PSYoungGen      total 611840K, used 139780K [0x00000000d5580000, 0x0000000100000000, 0x0000000100000000)
  eden space 524800K, 22% used [0x00000000d5580000,0x00000000dc64ee48,0x00000000f5600000)
  from space 87040K, 27% used [0x00000000f5600000,0x00000000f6db2408,0x00000000fab00000)
  to   space 87040K, 0% used [0x00000000fab00000,0x00000000fab00000,0x0000000100000000)
 ParOldGen       total 1398272K, used 23308K [0x0000000080000000, 0x00000000d5580000, 0x00000000d5580000)
  object space 1398272K, 1% used [0x0000000080000000,0x00000000816c3120,0x00000000d5580000)
 Metaspace       used 57372K, capacity 58738K, committed 59008K, reserved 1101824K
  class space    used 6655K, capacity 6923K, committed 7040K, reserved 1048576K
Event: 11.710 GC heap after
Heap after GC invocations=6 (full 2):
 PSYoungGen      total 611840K, used 18094K [0x00000000d5580000, 0x0000000100000000, 0x0000000100000000)
  eden space 524800K, 0% used [0x00000000d5580000,0x00000000d5580000,0x00000000f5600000)
  from space 87040K, 20% used [0x00000000fab00000,0x00000000fbcabbb8,0x0000000100000000)
  to   space 87040K, 0% used [0x00000000f5600000,0x00000000f5600000,0x00000000fab00000)
 ParOldGen       total 1398272K, used 23316K [0x0000000080000000, 0x00000000d5580000, 0x00000000d5580000)
  object space 1398272K, 1% used [0x0000000080000000,0x00000000816c5120,0x00000000d5580000)
 Metaspace       used 57372K, capacity 58738K, committed 59008K, reserved 1101824K
  class space    used 6655K, capacity 6923K, committed 7040K, reserved 1048576K
}
Event: 11.710 GC heap before
{Heap before GC invocations=7 (full 3):
 PSYoungGen      total 611840K, used 18094K [0x00000000d5580000, 0x0000000100000000, 0x0000000100000000)
  eden space 524800K, 0% used [0x00000000d5580000,0x00000000d5580000,0x00000000f5600000)
  from space 87040K, 20% used [0x00000000fab00000,0x00000000fbcabbb8,0x0000000100000000)
  to   space 87040K, 0% used [0x00000000f5600000,0x00000000f5600000,0x00000000fab00000)
 ParOldGen       total 1398272K, used 23316K [0x0000000080000000, 0x00000000d5580000, 0x00000000d5580000)
  object space 1398272K, 1% used [0x0000000080000000,0x00000000816c5120,0x00000000d5580000)
 Metaspace       used 57372K, capacity 58738K, committed 59008K, reserved 1101824K
  class space    used 6655K, capacity 6923K, committed 7040K, reserved 1048576K
Event: 11.993 GC heap after
Heap after GC invocations=7 (full 3):
 PSYoungGen      total 611840K, used 0K [0x00000000d5580000, 0x0000000100000000, 0x0000000100000000)
  eden space 524800K, 0% used [0x00000000d5580000,0x00000000d5580000,0x00000000f5600000)
  from space 87040K, 0% used [0x00000000fab00000,0x00000000fab00000,0x0000000100000000)
  to   space 87040K, 0% used [0x00000000f5600000,0x00000000f5600000,0x00000000fab00000)
 ParOldGen       total 1398272K, used 29622K [0x0000000080000000, 0x00000000d5580000, 0x00000000d5580000)
  object space 1398272K, 2% used [0x0000000080000000,0x0000000081cedb50,0x00000000d5580000)
 Metaspace       used 57352K, capacity 58690K, committed 59008K, reserved 1101824K
  class space    used 6648K, capacity 6911K, committed 7040K, reserved 1048576K
}

