# JRE version: OpenJDK Runtime Environment (8.0_212-b04) (build 1.8.0_212-b04)
# Java VM: OpenJDK 64-Bit Server VM (25.212-b04 mixed mode linux-amd64 compressed oops)
Heap:
 PSYoungGen      total 611840K, used 458004K [0x00000000d5580000, 0x0000000100000000, 0x0000000100000000)
  eden space 524800K, 71% used [0x00000000d5580000,0x00000000ec22c3d0,0x00000000f5600000)
  from space 87040K, 97% used [0x00000000fab00000,0x00000000ffd98e10,0x0000000100000000)
  to   space 87040K, 0% used [0x00000000f5600000,0x00000000f5600000,0x00000000fab00000)
 ParOldGen       total 1398272K, used 43768K [0x0000000080000000, 0x00000000d5580000, 0x00000000d5580000)
  object space 1398272K, 3% used [0x0000000080000000,0x0000000082abe248,0x00000000d5580000)
 Metaspace       used 67225K, capacity 70884K, committed 71040K, reserved 1112064K
  class space    used 7630K, capacity 8294K, committed 8320K, reserved 1048576K
GC Heap History (10 events):
Event: 4.427 GC heap before
{Heap before GC invocations=3 (full 1):
 PSYoungGen      total 611840K, used 403490K [0x00000000d5580000, 0x0000000100000000, 0x0000000100000000)
  eden space 524800K, 76% used [0x00000000d5580000,0x00000000edf88918,0x00000000f5600000)
  from space 87040K, 0% used [0x00000000f5600000,0x00000000f5600000,0x00000000fab00000)
  to   space 87040K, 0% used [0x00000000fab00000,0x00000000fab00000,0x0000000100000000)
 ParOldGen       total 856064K, used 13776K [0x0000000080000000, 0x00000000b4400000, 0x00000000d5580000)
  object space 856064K, 1% used [0x0000000080000000,0x0000000080d74200,0x00000000b4400000)
 Metaspace       used 34824K, capacity 35182K, committed 35416K, reserved 1081344K
  class space    used 3972K, capacity 4091K, committed 4096K, reserved 1048576K
Event: 4.468 GC heap after
Heap after GC invocations=3 (full 1):
 PSYoungGen      total 611840K, used 19192K [0x00000000d5580000, 0x0000000100000000, 0x0000000100000000)
  eden space 524800K, 0% used [0x00000000d5580000,0x00000000d5580000,0x00000000f5600000)
  from space 87040K, 22% used [0x00000000fab00000,0x00000000fbdbe2a0,0x0000000100000000)
  to   space 87040K, 0% used [0x00000000f5600000,0x00000000f5600000,0x00000000fab00000)
 ParOldGen       total 856064K, used 13776K [0x0000000080000000, 0x00000000b4400000, 0x00000000d5580000)
  object space 856064K, 1% used [0x0000000080000000,0x0000000080d74200,0x00000000b4400000)
 Metaspace       used 34824K, capacity 35182K, committed 35416K, reserved 1081344K
  class space    used 3972K, capacity 4091K, committed 4096K, reserved 1048576K
}
Event: 4.468 GC heap before
{Heap before GC invocations=4 (full 2):
 PSYoungGen      total 611840K, used 19192K [0x00000000d5580000, 0x0000000100000000, 0x0000000100000000)
  eden space 524800K, 0% used [0x00000000d5580000,0x00000000d5580000,0x00000000f5600000)
  from space 87040K, 22% used [0x00000000fab00000,0x00000000fbdbe2a0,0x0000000100000000)
  to   space 87040K, 0% used [0x00000000f5600000,0x00000000f5600000,0x00000000fab00000)
 ParOldGen       total 856064K, used 13776K [0x0000000080000000, 0x00000000b4400000, 0x00000000d5580000)
  object space 856064K, 1% used [0x0000000080000000,0x0000000080d74200,0x00000000b4400000)
 Metaspace       used 34824K, capacity 35182K, committed 35416K, reserved 1081344K
  class space    used 3972K, capacity 4091K, committed 4096K, reserved 1048576K
Event: 4.587 GC heap after
Heap after GC invocations=4 (full 2):
 PSYoungGen      total 611840K, used 0K [0x00000000d5580000, 0x0000000100000000, 0x0000000100000000)
  eden space 524800K, 0% used [0x00000000d5580000,0x00000000d5580000,0x00000000f5600000)
  from space 87040K, 0% used [0x00000000fab00000,0x00000000fab00000,0x0000000100000000)
  to   space 87040K, 0% used [0x00000000f5600000,0x00000000f5600000,0x00000000fab00000)
 ParOldGen       total 1398272K, used 23624K [0x0000000080000000, 0x00000000d5580000, 0x00000000d5580000)
  object space 1398272K, 1% used [0x0000000080000000,0x0000000081712080,0x00000000d5580000)
 Metaspace       used 34824K, capacity 35182K, committed 35416K, reserved 1081344K
  class space    used 3972K, capacity 4091K, committed 4096K, reserved 1048576K
}
Event: 11.738 GC heap before
{Heap before GC invocations=5 (full 2):
 PSYoungGen      total 611840K, used 444854K [0x00000000d5580000, 0x0000000100000000, 0x0000000100000000)
  eden space 524800K, 84% used [0x00000000d5580000,0x00000000f07edba0,0x00000000f5600000)
  from space 87040K, 0% used [0x00000000fab00000,0x00000000fab00000,0x0000000100000000)
  to   space 87040K, 0% used [0x00000000f5600000,0x00000000f5600000,0x00000000fab00000)
 ParOldGen       total 1398272K, used 23624K [0x0000000080000000, 0x00000000d5580000, 0x00000000d5580000)
  object space 1398272K, 1% used [0x0000000080000000,0x0000000081712080,0x00000000d5580000)
 Metaspace       used 57378K, capacity 58790K, committed 59008K, reserved 1101824K
  class space    used 6649K, capacity 6943K, committed 7040K, reserved 1048576K
Event: 11.796 GC heap after
Heap after GC invocations=5 (full 2):
 PSYoungGen      total 611840K, used 33303K [0x00000000d5580000, 0x0000000100000000, 0x0000000100000000)
  eden space 524800K, 0% used [0x00000000d5580000,0x00000000d5580000,0x00000000f5600000)
  from space 87040K, 38% used [0x00000000f5600000,0x00000000f7685f48,0x00000000fab00000)
  to   space 87040K, 0% used [0x00000000fab00000,0x00000000fab00000,0x0000000100000000)
 ParOldGen       total 1398272K, used 23632K [0x0000000080000000, 0x00000000d5580000, 0x00000000d5580000)
  object space 1398272K, 1% used [0x0000000080000000,0x0000000081714080,0x00000000d5580000)
 Metaspace       used 57378K, capacity 58790K, committed 59008K, reserved 1101824K
  class space    used 6649K, capacity 6943K, committed 7040K, reserved 1048576K
}
Event: 11.796 GC heap before
{Heap before GC invocations=6 (full 3):
 PSYoungGen      total 611840K, used 33303K [0x00000000d5580000, 0x0000000100000000, 0x0000000100000000)
  eden space 524800K, 0% used [0x00000000d5580000,0x00000000d5580000,0x00000000f5600000)
  from space 87040K, 38% used [0x00000000f5600000,0x00000000f7685f48,0x00000000fab00000)
  to   space 87040K, 0% used [0x00000000fab00000,0x00000000fab00000,0x0000000100000000)
 ParOldGen       total 1398272K, used 23632K [0x0000000080000000, 0x00000000d5580000, 0x00000000d5580000)
  object space 1398272K, 1% used [0x0000000080000000,0x0000000081714080,0x00000000d5580000)
 Metaspace       used 57378K, capacity 58790K, committed 59008K, reserved 1101824K
  class space    used 6649K, capacity 6943K, committed 7040K, reserved 1048576K
Event: 12.094 GC heap after
Heap after GC invocations=6 (full 3):
 PSYoungGen      total 611840K, used 0K [0x00000000d5580000, 0x0000000100000000, 0x0000000100000000)
  eden space 524800K, 0% used [0x00000000d5580000,0x00000000d5580000,0x00000000f5600000)
  from space 87040K, 0% used [0x00000000f5600000,0x00000000f5600000,0x00000000fab00000)
  to   space 87040K, 0% used [0x00000000fab00000,0x00000000fab00000,0x0000000100000000)
 ParOldGen       total 1398272K, used 43760K [0x0000000080000000, 0x00000000d5580000, 0x00000000d5580000)
  object space 1398272K, 3% used [0x0000000080000000,0x0000000082abc248,0x00000000d5580000)
 Metaspace       used 57334K, capacity 58692K, committed 59008K, reserved 1101824K
  class space    used 6634K, capacity 6918K, committed 7040K, reserved 1048576K
}
Event: 24.534 GC heap before
{Heap before GC invocations=7 (full 3):
 PSYoungGen      total 611840K, used 524385K [0x00000000d5580000, 0x0000000100000000, 0x0000000100000000)
  eden space 524800K, 99% used [0x00000000d5580000,0x00000000f55986a8,0x00000000f5600000)
  from space 87040K, 0% used [0x00000000f5600000,0x00000000f5600000,0x00000000fab00000)
  to   space 87040K, 0% used [0x00000000fab00000,0x00000000fab00000,0x0000000100000000)
 ParOldGen       total 1398272K, used 43760K [0x0000000080000000, 0x00000000d5580000, 0x00000000d5580000)
  object space 1398272K, 3% used [0x0000000080000000,0x0000000082abc248,0x00000000d5580000)
 Metaspace       used 65523K, capacity 68524K, committed 68736K, reserved 1110016K
  class space    used 7481K, capacity 8018K, committed 8064K, reserved 1048576K
Event: 24.711 GC heap after
Heap after GC invocations=7 (full 3):
 PSYoungGen      total 611840K, used 84579K [0x00000000d5580000, 0x0000000100000000, 0x0000000100000000)
  eden space 524800K, 0% used [0x00000000d5580000,0x00000000d5580000,0x00000000f5600000)
  from space 87040K, 97% used [0x00000000fab00000,0x00000000ffd98e10,0x0000000100000000)
  to   space 87040K, 0% used [0x00000000f5600000,0x00000000f5600000,0x00000000fab00000)
 ParOldGen       total 1398272K, used 43768K [0x0000000080000000, 0x00000000d5580000, 0x00000000d5580000)
  object space 1398272K, 3% used [0x0000000080000000,0x0000000082abe248,0x00000000d5580000)
 Metaspace       used 65523K, capacity 68524K, committed 68736K, reserved 1110016K
  class space    used 7481K, capacity 8018K, committed 8064K, reserved 1048576K
}

