# JRE version: OpenJDK Runtime Environment (8.0_212-b04) (build 1.8.0_212-b04)
# Java VM: OpenJDK 64-Bit Server VM (25.212-b04 mixed mode linux-amd64 compressed oops)
Heap:
 PSYoungGen      total 573440K, used 289391K [0x00000000d5580000, 0x0000000100000000, 0x0000000100000000)
  eden space 499712K, 43% used [0x00000000d5580000,0x00000000e281f9c8,0x00000000f3d80000)
  from space 73728K, 99% used [0x00000000f3d80000,0x00000000f857c508,0x00000000f8580000)
  to   space 103936K, 0% used [0x00000000f9a80000,0x00000000f9a80000,0x0000000100000000)
 ParOldGen       total 1398272K, used 113803K [0x0000000080000000, 0x00000000d5580000, 0x00000000d5580000)
  object space 1398272K, 8% used [0x0000000080000000,0x0000000086f22d98,0x00000000d5580000)
 Metaspace       used 73301K, capacity 76530K, committed 76800K, reserved 1118208K
  class space    used 8059K, capacity 8623K, committed 8704K, reserved 1048576K
GC Heap History (10 events):
Event: 12.025 GC heap before
{Heap before GC invocations=6 (full 2):
 PSYoungGen      total 611840K, used 199685K [0x00000000d5580000, 0x0000000100000000, 0x0000000100000000)
  eden space 524800K, 33% used [0x00000000d5580000,0x00000000e002fbf0,0x00000000f5600000)
  from space 87040K, 28% used [0x00000000f5600000,0x00000000f6e51910,0x00000000fab00000)
  to   space 87040K, 0% used [0x00000000fab00000,0x00000000fab00000,0x0000000100000000)
 ParOldGen       total 1398272K, used 23650K [0x0000000080000000, 0x00000000d5580000, 0x00000000d5580000)
  object space 1398272K, 1% used [0x0000000080000000,0x0000000081718b38,0x00000000d5580000)
 Metaspace       used 57416K, capacity 58798K, committed 59008K, reserved 1101824K
  class space    used 6642K, capacity 6925K, committed 7040K, reserved 1048576K
Event: 12.056 GC heap after
Heap after GC invocations=6 (full 2):
 PSYoungGen      total 611840K, used 19948K [0x00000000d5580000, 0x0000000100000000, 0x0000000100000000)
  eden space 524800K, 0% used [0x00000000d5580000,0x00000000d5580000,0x00000000f5600000)
  from space 87040K, 22% used [0x00000000fab00000,0x00000000fbe7b050,0x0000000100000000)
  to   space 87040K, 0% used [0x00000000f5600000,0x00000000f5600000,0x00000000fab00000)
 ParOldGen       total 1398272K, used 23658K [0x0000000080000000, 0x00000000d5580000, 0x00000000d5580000)
  object space 1398272K, 1% used [0x0000000080000000,0x000000008171ab38,0x00000000d5580000)
 Metaspace       used 57416K, capacity 58798K, committed 59008K, reserved 1101824K
  class space    used 6642K, capacity 6925K, committed 7040K, reserved 1048576K
}
Event: 12.056 GC heap before
{Heap before GC invocations=7 (full 3):
 PSYoungGen      total 611840K, used 19948K [0x00000000d5580000, 0x0000000100000000, 0x0000000100000000)
  eden space 524800K, 0% used [0x00000000d5580000,0x00000000d5580000,0x00000000f5600000)
  from space 87040K, 22% used [0x00000000fab00000,0x00000000fbe7b050,0x0000000100000000)
  to   space 87040K, 0% used [0x00000000f5600000,0x00000000f5600000,0x00000000fab00000)
 ParOldGen       total 1398272K, used 23658K [0x0000000080000000, 0x00000000d5580000, 0x00000000d5580000)
  object space 1398272K, 1% used [0x0000000080000000,0x000000008171ab38,0x00000000d5580000)
 Metaspace       used 57416K, capacity 58798K, committed 59008K, reserved 1101824K
  class space    used 6642K, capacity 6925K, committed 7040K, reserved 1048576K
Event: 12.307 GC heap after
Heap after GC invocations=7 (full 3):
 PSYoungGen      total 611840K, used 0K [0x00000000d5580000, 0x0000000100000000, 0x0000000100000000)
  eden space 524800K, 0% used [0x00000000d5580000,0x00000000d5580000,0x00000000f5600000)
  from space 87040K, 0% used [0x00000000fab00000,0x00000000fab00000,0x0000000100000000)
  to   space 87040K, 0% used [0x00000000f5600000,0x00000000f5600000,0x00000000fab00000)
 ParOldGen       total 1398272K, used 31389K [0x0000000080000000, 0x00000000d5580000, 0x00000000d5580000)
  object space 1398272K, 2% used [0x0000000080000000,0x0000000081ea7510,0x00000000d5580000)
 Metaspace       used 57367K, capacity 58676K, committed 59008K, reserved 1101824K
  class space    used 6625K, capacity 6896K, committed 7040K, reserved 1048576K
}
Event: 24.563 GC heap before
{Heap before GC invocations=8 (full 3):
 PSYoungGen      total 611840K, used 524800K [0x00000000d5580000, 0x0000000100000000, 0x0000000100000000)
  eden space 524800K, 100% used [0x00000000d5580000,0x00000000f5600000,0x00000000f5600000)
  from space 87040K, 0% used [0x00000000fab00000,0x00000000fab00000,0x0000000100000000)
  to   space 87040K, 0% used [0x00000000f5600000,0x00000000f5600000,0x00000000fab00000)
 ParOldGen       total 1398272K, used 31389K [0x0000000080000000, 0x00000000d5580000, 0x00000000d5580000)
  object space 1398272K, 2% used [0x0000000080000000,0x0000000081ea7510,0x00000000d5580000)
 Metaspace       used 69823K, capacity 72584K, committed 72704K, reserved 1114112K
  class space    used 7935K, capacity 8428K, committed 8448K, reserved 1048576K
Event: 24.637 GC heap after
Heap after GC invocations=8 (full 3):
 PSYoungGen      total 566272K, used 41185K [0x00000000d5580000, 0x00000000fab80000, 0x0000000100000000)
  eden space 524800K, 0% used [0x00000000d5580000,0x00000000d5580000,0x00000000f5600000)
  from space 41472K, 99% used [0x00000000f5600000,0x00000000f7e38670,0x00000000f7e80000)
  to   space 38912K, 0% used [0x00000000f8580000,0x00000000f8580000,0x00000000fab80000)
 ParOldGen       total 1398272K, used 31397K [0x0000000080000000, 0x00000000d5580000, 0x00000000d5580000)
  object space 1398272K, 2% used [0x0000000080000000,0x0000000081ea9510,0x00000000d5580000)
 Metaspace       used 69823K, capacity 72584K, committed 72704K, reserved 1114112K
  class space    used 7935K, capacity 8428K, committed 8448K, reserved 1048576K
}
Event: 30.745 GC heap before
{Heap before GC invocations=9 (full 3):
 PSYoungGen      total 566272K, used 562682K [0x00000000d5580000, 0x00000000fab80000, 0x0000000100000000)
  eden space 524800K, 99% used [0x00000000d5580000,0x00000000f52c6440,0x00000000f5600000)
  from space 41472K, 99% used [0x00000000f5600000,0x00000000f7e38670,0x00000000f7e80000)
  to   space 38912K, 0% used [0x00000000f8580000,0x00000000f8580000,0x00000000fab80000)
 ParOldGen       total 1398272K, used 31397K [0x0000000080000000, 0x00000000d5580000, 0x00000000d5580000)
  object space 1398272K, 2% used [0x0000000080000000,0x0000000081ea9510,0x00000000d5580000)
 Metaspace       used 71697K, capacity 74638K, committed 74880K, reserved 1116160K
  class space    used 7986K, capacity 8499K, committed 8576K, reserved 1048576K
Event: 30.820 GC heap after
Heap after GC invocations=9 (full 3):
 PSYoungGen      total 538624K, used 38880K [0x00000000d5580000, 0x0000000100000000, 0x0000000100000000)
  eden space 499712K, 0% used [0x00000000d5580000,0x00000000d5580000,0x00000000f3d80000)
  from space 38912K, 99% used [0x00000000f8580000,0x00000000fab781c8,0x00000000fab80000)
  to   space 73728K, 0% used [0x00000000f3d80000,0x00000000f3d80000,0x00000000f8580000)
 ParOldGen       total 1398272K, used 82465K [0x0000000080000000, 0x00000000d5580000, 0x00000000d5580000)
  object space 1398272K, 5% used [0x0000000080000000,0x00000000850884c8,0x00000000d5580000)
 Metaspace       used 71697K, capacity 74638K, committed 74880K, reserved 1116160K
  class space    used 7986K, capacity 8499K, committed 8576K, reserved 1048576K
}
Event: 34.323 GC heap before
{Heap before GC invocations=10 (full 3):
 PSYoungGen      total 538624K, used 538592K [0x00000000d5580000, 0x0000000100000000, 0x0000000100000000)
  eden space 499712K, 100% used [0x00000000d5580000,0x00000000f3d80000,0x00000000f3d80000)
  from space 38912K, 99% used [0x00000000f8580000,0x00000000fab781c8,0x00000000fab80000)
  to   space 73728K, 0% used [0x00000000f3d80000,0x00000000f3d80000,0x00000000f8580000)
 ParOldGen       total 1398272K, used 82465K [0x0000000080000000, 0x00000000d5580000, 0x00000000d5580000)
  object space 1398272K, 5% used [0x0000000080000000,0x00000000850884c8,0x00000000d5580000)
 Metaspace       used 72678K, capacity 75914K, committed 76288K, reserved 1116160K
  class space    used 8030K, capacity 8581K, committed 8704K, reserved 1048576K
Event: 34.385 GC heap after
Heap after GC invocations=10 (full 3):
 PSYoungGen      total 573440K, used 73713K [0x00000000d5580000, 0x0000000100000000, 0x0000000100000000)
  eden space 499712K, 0% used [0x00000000d5580000,0x00000000d5580000,0x00000000f3d80000)
  from space 73728K, 99% used [0x00000000f3d80000,0x00000000f857c508,0x00000000f8580000)
  to   space 103936K, 0% used [0x00000000f9a80000,0x00000000f9a80000,0x0000000100000000)
 ParOldGen       total 1398272K, used 113803K [0x0000000080000000, 0x00000000d5580000, 0x00000000d5580000)
  object space 1398272K, 8% used [0x0000000080000000,0x0000000086f22d98,0x00000000d5580000)
 Metaspace       used 72678K, capacity 75914K, committed 76288K, reserved 1116160K
  class space    used 8030K, capacity 8581K, committed 8704K, reserved 1048576K
}

