# JRE version: OpenJDK Runtime Environment (8.0_212-b04) (build 1.8.0_212-b04)
# Java VM: OpenJDK 64-Bit Server VM (25.212-b04 mixed mode linux-amd64 compressed oops)
Heap:
 PSYoungGen      total 554496K, used 534108K [0x00000000d5580000, 0x0000000100000000, 0x0000000100000000)
  eden space 518144K, 96% used [0x00000000d5580000,0x00000000f3b9d988,0x00000000f4f80000)
  from space 36352K, 99% used [0x00000000f8800000,0x00000000fab798a8,0x00000000fab80000)
  to   space 57856K, 0% used [0x00000000f4f80000,0x00000000f4f80000,0x00000000f8800000)
 ParOldGen       total 1398272K, used 50687K [0x0000000080000000, 0x00000000d5580000, 0x00000000d5580000)
  object space 1398272K, 3% used [0x0000000080000000,0x000000008317ff90,0x00000000d5580000)
 Metaspace       used 69287K, capacity 72601K, committed 72704K, reserved 1114112K
  class space    used 7784K, capacity 8363K, committed 8448K, reserved 1048576K
GC Heap History (10 events):
Event: 14.947 GC heap before
{Heap before GC invocations=5 (full 2):
 PSYoungGen      total 611840K, used 524800K [0x00000000d5580000, 0x0000000100000000, 0x0000000100000000)
  eden space 524800K, 100% used [0x00000000d5580000,0x00000000f5600000,0x00000000f5600000)
  from space 87040K, 0% used [0x00000000fab00000,0x00000000fab00000,0x0000000100000000)
  to   space 87040K, 0% used [0x00000000f5600000,0x00000000f5600000,0x00000000fab00000)
 ParOldGen       total 1398272K, used 22979K [0x0000000080000000, 0x00000000d5580000, 0x00000000d5580000)
  object space 1398272K, 1% used [0x0000000080000000,0x0000000081670df0,0x00000000d5580000)
 Metaspace       used 55556K, capacity 57501K, committed 57600K, reserved 1099776K
  class space    used 6536K, capacity 6885K, committed 6912K, reserved 1048576K
Event: 14.998 GC heap after
Heap after GC invocations=5 (full 2):
 PSYoungGen      total 611840K, used 28878K [0x00000000d5580000, 0x0000000100000000, 0x0000000100000000)
  eden space 524800K, 0% used [0x00000000d5580000,0x00000000d5580000,0x00000000f5600000)
  from space 87040K, 33% used [0x00000000f5600000,0x00000000f7233b18,0x00000000fab00000)
  to   space 87040K, 0% used [0x00000000fab00000,0x00000000fab00000,0x0000000100000000)
 ParOldGen       total 1398272K, used 22987K [0x0000000080000000, 0x00000000d5580000, 0x00000000d5580000)
  object space 1398272K, 1% used [0x0000000080000000,0x0000000081672df0,0x00000000d5580000)
 Metaspace       used 55556K, capacity 57501K, committed 57600K, reserved 1099776K
  class space    used 6536K, capacity 6885K, committed 6912K, reserved 1048576K
}
Event: 15.244 GC heap before
{Heap before GC invocations=6 (full 2):
 PSYoungGen      total 611840K, used 65610K [0x00000000d5580000, 0x0000000100000000, 0x0000000100000000)
  eden space 524800K, 6% used [0x00000000d5580000,0x00000000d795f068,0x00000000f5600000)
  from space 87040K, 33% used [0x00000000f5600000,0x00000000f7233b18,0x00000000fab00000)
  to   space 87040K, 0% used [0x00000000fab00000,0x00000000fab00000,0x0000000100000000)
 ParOldGen       total 1398272K, used 22987K [0x0000000080000000, 0x00000000d5580000, 0x00000000d5580000)
  object space 1398272K, 1% used [0x0000000080000000,0x0000000081672df0,0x00000000d5580000)
 Metaspace       used 57030K, capacity 58927K, committed 59008K, reserved 1101824K
  class space    used 6675K, capacity 7018K, committed 7040K, reserved 1048576K
Event: 15.261 GC heap after
Heap after GC invocations=6 (full 2):
 PSYoungGen      total 611840K, used 12340K [0x00000000d5580000, 0x0000000100000000, 0x0000000100000000)
  eden space 524800K, 0% used [0x00000000d5580000,0x00000000d5580000,0x00000000f5600000)
  from space 87040K, 14% used [0x00000000fab00000,0x00000000fb70d3d8,0x0000000100000000)
  to   space 87040K, 0% used [0x00000000f5600000,0x00000000f5600000,0x00000000fab00000)
 ParOldGen       total 1398272K, used 22987K [0x0000000080000000, 0x00000000d5580000, 0x00000000d5580000)
  object space 1398272K, 1% used [0x0000000080000000,0x0000000081672df0,0x00000000d5580000)
 Metaspace       used 57030K, capacity 58927K, committed 59008K, reserved 1101824K
  class space    used 6675K, capacity 7018K, committed 7040K, reserved 1048576K
}
Event: 15.261 GC heap before
{Heap before GC invocations=7 (full 3):
 PSYoungGen      total 611840K, used 12340K [0x00000000d5580000, 0x0000000100000000, 0x0000000100000000)
  eden space 524800K, 0% used [0x00000000d5580000,0x00000000d5580000,0x00000000f5600000)
  from space 87040K, 14% used [0x00000000fab00000,0x00000000fb70d3d8,0x0000000100000000)
  to   space 87040K, 0% used [0x00000000f5600000,0x00000000f5600000,0x00000000fab00000)
 ParOldGen       total 1398272K, used 22987K [0x0000000080000000, 0x00000000d5580000, 0x00000000d5580000)
  object space 1398272K, 1% used [0x0000000080000000,0x0000000081672df0,0x00000000d5580000)
 Metaspace       used 57030K, capacity 58927K, committed 59008K, reserved 1101824K
  class space    used 6675K, capacity 7018K, committed 7040K, reserved 1048576K
Event: 15.480 GC heap after
Heap after GC invocations=7 (full 3):
 PSYoungGen      total 611840K, used 0K [0x00000000d5580000, 0x0000000100000000, 0x0000000100000000)
  eden space 524800K, 0% used [0x00000000d5580000,0x00000000d5580000,0x00000000f5600000)
  from space 87040K, 0% used [0x00000000fab00000,0x00000000fab00000,0x0000000100000000)
  to   space 87040K, 0% used [0x00000000f5600000,0x00000000f5600000,0x00000000fab00000)
 ParOldGen       total 1398272K, used 23817K [0x0000000080000000, 0x00000000d5580000, 0x00000000d5580000)
  object space 1398272K, 1% used [0x0000000080000000,0x00000000817425f8,0x00000000d5580000)
 Metaspace       used 56711K, capacity 58021K, committed 59008K, reserved 1101824K
  class space    used 6568K, capacity 6829K, committed 7040K, reserved 1048576K
}
Event: 69.758 GC heap before
{Heap before GC invocations=8 (full 3):
 PSYoungGen      total 611840K, used 524800K [0x00000000d5580000, 0x0000000100000000, 0x0000000100000000)
  eden space 524800K, 100% used [0x00000000d5580000,0x00000000f5600000,0x00000000f5600000)
  from space 87040K, 0% used [0x00000000fab00000,0x00000000fab00000,0x0000000100000000)
  to   space 87040K, 0% used [0x00000000f5600000,0x00000000f5600000,0x00000000fab00000)
 ParOldGen       total 1398272K, used 23817K [0x0000000080000000, 0x00000000d5580000, 0x00000000d5580000)
  object space 1398272K, 1% used [0x0000000080000000,0x00000000817425f8,0x00000000d5580000)
 Metaspace       used 62443K, capacity 64913K, committed 65024K, reserved 1105920K
  class space    used 7217K, capacity 7655K, committed 7680K, reserved 1048576K
Event: 69.832 GC heap after
Heap after GC invocations=8 (full 3):
 PSYoungGen      total 555008K, used 30113K [0x00000000d5580000, 0x00000000fab80000, 0x0000000100000000)
  eden space 524800K, 0% used [0x00000000d5580000,0x00000000d5580000,0x00000000f5600000)
  from space 30208K, 99% used [0x00000000f5600000,0x00000000f7368780,0x00000000f7380000)
  to   space 36352K, 0% used [0x00000000f8800000,0x00000000f8800000,0x00000000fab80000)
 ParOldGen       total 1398272K, used 23825K [0x0000000080000000, 0x00000000d5580000, 0x00000000d5580000)
  object space 1398272K, 1% used [0x0000000080000000,0x00000000817445f8,0x00000000d5580000)
 Metaspace       used 62443K, capacity 64913K, committed 65024K, reserved 1105920K
  class space    used 7217K, capacity 7655K, committed 7680K, reserved 1048576K
}
Event: 163.171 GC heap before
{Heap before GC invocations=9 (full 3):
 PSYoungGen      total 555008K, used 554913K [0x00000000d5580000, 0x00000000fab80000, 0x0000000100000000)
  eden space 524800K, 100% used [0x00000000d5580000,0x00000000f5600000,0x00000000f5600000)
  from space 30208K, 99% used [0x00000000f5600000,0x00000000f7368780,0x00000000f7380000)
  to   space 36352K, 0% used [0x00000000f8800000,0x00000000f8800000,0x00000000fab80000)
 ParOldGen       total 1398272K, used 23825K [0x0000000080000000, 0x00000000d5580000, 0x00000000d5580000)
  object space 1398272K, 1% used [0x0000000080000000,0x00000000817445f8,0x00000000d5580000)
 Metaspace       used 68554K, capacity 71849K, committed 71936K, reserved 1112064K
  class space    used 7781K, capacity 8363K, committed 8448K, reserved 1048576K
Event: 163.305 GC heap after
Heap after GC invocations=9 (full 3):
 PSYoungGen      total 554496K, used 36326K [0x00000000d5580000, 0x0000000100000000, 0x0000000100000000)
  eden space 518144K, 0% used [0x00000000d5580000,0x00000000d5580000,0x00000000f4f80000)
  from space 36352K, 99% used [0x00000000f8800000,0x00000000fab798a8,0x00000000fab80000)
  to   space 57856K, 0% used [0x00000000f4f80000,0x00000000f4f80000,0x00000000f8800000)
 ParOldGen       total 1398272K, used 50687K [0x0000000080000000, 0x00000000d5580000, 0x00000000d5580000)
  object space 1398272K, 3% used [0x0000000080000000,0x000000008317ff90,0x00000000d5580000)
 Metaspace       used 68554K, capacity 71849K, committed 71936K, reserved 1112064K
  class space    used 7781K, capacity 8363K, committed 8448K, reserved 1048576K
}

