# JRE version: OpenJDK Runtime Environment (8.0_212-b04) (build 1.8.0_212-b04)
# Java VM: OpenJDK 64-Bit Server VM (25.212-b04 mixed mode linux-amd64 compressed oops)
Heap:
 PSYoungGen      total 611840K, used 385255K [0x00000000d5580000, 0x0000000100000000, 0x0000000100000000)
  eden space 524800K, 73% used [0x00000000d5580000,0x00000000ecdb9c80,0x00000000f5600000)
  from space 87040K, 0% used [0x00000000f5600000,0x00000000f5600000,0x00000000fab00000)
  to   space 87040K, 0% used [0x00000000fab00000,0x00000000fab00000,0x0000000100000000)
 ParOldGen       total 1398272K, used 37846K [0x0000000080000000, 0x00000000d5580000, 0x00000000d5580000)
  object space 1398272K, 2% used [0x0000000080000000,0x00000000824f5a98,0x00000000d5580000)
 Metaspace       used 63817K, capacity 66136K, committed 66432K, reserved 1107968K
  class space    used 7268K, capacity 7702K, committed 7808K, reserved 1048576K
GC Heap History (10 events):
Event: 2.155 GC heap before
{Heap before GC invocations=2 (full 1):
 PSYoungGen      total 611840K, used 14445K [0x00000000d5580000, 0x0000000100000000, 0x0000000100000000)
  eden space 524800K, 0% used [0x00000000d5580000,0x00000000d5580000,0x00000000f5600000)
  from space 87040K, 16% used [0x00000000f5600000,0x00000000f641b6e0,0x00000000fab00000)
  to   space 87040K, 0% used [0x00000000fab00000,0x00000000fab00000,0x0000000100000000)
 ParOldGen       total 1398272K, used 80K [0x0000000080000000, 0x00000000d5580000, 0x00000000d5580000)
  object space 1398272K, 0% used [0x0000000080000000,0x0000000080014010,0x00000000d5580000)
 Metaspace       used 20860K, capacity 21106K, committed 21248K, reserved 1069056K
  class space    used 2364K, capacity 2482K, committed 2560K, reserved 1048576K
Event: 2.244 GC heap after
Heap after GC invocations=2 (full 1):
 PSYoungGen      total 611840K, used 0K [0x00000000d5580000, 0x0000000100000000, 0x0000000100000000)
  eden space 524800K, 0% used [0x00000000d5580000,0x00000000d5580000,0x00000000f5600000)
  from space 87040K, 0% used [0x00000000f5600000,0x00000000f5600000,0x00000000fab00000)
  to   space 87040K, 0% used [0x00000000fab00000,0x00000000fab00000,0x0000000100000000)
 ParOldGen       total 814080K, used 13921K [0x0000000080000000, 0x00000000b1b00000, 0x00000000d5580000)
  object space 814080K, 1% used [0x0000000080000000,0x0000000080d98450,0x00000000b1b00000)
 Metaspace       used 20860K, capacity 21106K, committed 21248K, reserved 1069056K
  class space    used 2364K, capacity 2482K, committed 2560K, reserved 1048576K
}
Event: 4.509 GC heap before
{Heap before GC invocations=3 (full 1):
 PSYoungGen      total 611840K, used 434555K [0x00000000d5580000, 0x0000000100000000, 0x0000000100000000)
  eden space 524800K, 82% used [0x00000000d5580000,0x00000000efddefb8,0x00000000f5600000)
  from space 87040K, 0% used [0x00000000f5600000,0x00000000f5600000,0x00000000fab00000)
  to   space 87040K, 0% used [0x00000000fab00000,0x00000000fab00000,0x0000000100000000)
 ParOldGen       total 814080K, used 13921K [0x0000000080000000, 0x00000000b1b00000, 0x00000000d5580000)
  object space 814080K, 1% used [0x0000000080000000,0x0000000080d98450,0x00000000b1b00000)
 Metaspace       used 34785K, capacity 35156K, committed 35416K, reserved 1081344K
  class space    used 3968K, capacity 4060K, committed 4096K, reserved 1048576K
Event: 4.568 GC heap after
Heap after GC invocations=3 (full 1):
 PSYoungGen      total 611840K, used 19219K [0x00000000d5580000, 0x0000000100000000, 0x0000000100000000)
  eden space 524800K, 0% used [0x00000000d5580000,0x00000000d5580000,0x00000000f5600000)
  from space 87040K, 22% used [0x00000000fab00000,0x00000000fbdc4d98,0x0000000100000000)
  to   space 87040K, 0% used [0x00000000f5600000,0x00000000f5600000,0x00000000fab00000)
 ParOldGen       total 814080K, used 13921K [0x0000000080000000, 0x00000000b1b00000, 0x00000000d5580000)
  object space 814080K, 1% used [0x0000000080000000,0x0000000080d98450,0x00000000b1b00000)
 Metaspace       used 34785K, capacity 35156K, committed 35416K, reserved 1081344K
  class space    used 3968K, capacity 4060K, committed 4096K, reserved 1048576K
}
Event: 4.568 GC heap before
{Heap before GC invocations=4 (full 2):
 PSYoungGen      total 611840K, used 19219K [0x00000000d5580000, 0x0000000100000000, 0x0000000100000000)
  eden space 524800K, 0% used [0x00000000d5580000,0x00000000d5580000,0x00000000f5600000)
  from space 87040K, 22% used [0x00000000fab00000,0x00000000fbdc4d98,0x0000000100000000)
  to   space 87040K, 0% used [0x00000000f5600000,0x00000000f5600000,0x00000000fab00000)
 ParOldGen       total 814080K, used 13921K [0x0000000080000000, 0x00000000b1b00000, 0x00000000d5580000)
  object space 814080K, 1% used [0x0000000080000000,0x0000000080d98450,0x00000000b1b00000)
 Metaspace       used 34785K, capacity 35156K, committed 35416K, reserved 1081344K
  class space    used 3968K, capacity 4060K, committed 4096K, reserved 1048576K
Event: 4.695 GC heap after
Heap after GC invocations=4 (full 2):
 PSYoungGen      total 611840K, used 0K [0x00000000d5580000, 0x0000000100000000, 0x0000000100000000)
  eden space 524800K, 0% used [0x00000000d5580000,0x00000000d5580000,0x00000000f5600000)
  from space 87040K, 0% used [0x00000000fab00000,0x00000000fab00000,0x0000000100000000)
  to   space 87040K, 0% used [0x00000000f5600000,0x00000000f5600000,0x00000000fab00000)
 ParOldGen       total 1304064K, used 23675K [0x0000000080000000, 0x00000000cf980000, 0x00000000d5580000)
  object space 1304064K, 1% used [0x0000000080000000,0x000000008171ecc0,0x00000000cf980000)
 Metaspace       used 34785K, capacity 35156K, committed 35416K, reserved 1081344K
  class space    used 3968K, capacity 4060K, committed 4096K, reserved 1048576K
}
Event: 11.225 GC heap before
{Heap before GC invocations=5 (full 2):
 PSYoungGen      total 611840K, used 321251K [0x00000000d5580000, 0x0000000100000000, 0x0000000100000000)
  eden space 524800K, 61% used [0x00000000d5580000,0x00000000e8f38dd0,0x00000000f5600000)
  from space 87040K, 0% used [0x00000000fab00000,0x00000000fab00000,0x0000000100000000)
  to   space 87040K, 0% used [0x00000000f5600000,0x00000000f5600000,0x00000000fab00000)
 ParOldGen       total 1304064K, used 23675K [0x0000000080000000, 0x00000000cf980000, 0x00000000d5580000)
  object space 1304064K, 1% used [0x0000000080000000,0x000000008171ecc0,0x00000000cf980000)
 Metaspace       used 57486K, capacity 58858K, committed 59008K, reserved 1101824K
  class space    used 6694K, capacity 6969K, committed 7040K, reserved 1048576K
Event: 11.289 GC heap after
Heap after GC invocations=5 (full 2):
 PSYoungGen      total 611840K, used 27062K [0x00000000d5580000, 0x0000000100000000, 0x0000000100000000)
  eden space 524800K, 0% used [0x00000000d5580000,0x00000000d5580000,0x00000000f5600000)
  from space 87040K, 31% used [0x00000000f5600000,0x00000000f706d8a8,0x00000000fab00000)
  to   space 87040K, 0% used [0x00000000fab00000,0x00000000fab00000,0x0000000100000000)
 ParOldGen       total 1304064K, used 23683K [0x0000000080000000, 0x00000000cf980000, 0x00000000d5580000)
  object space 1304064K, 1% used [0x0000000080000000,0x0000000081720cc0,0x00000000cf980000)
 Metaspace       used 57486K, capacity 58858K, committed 59008K, reserved 1101824K
  class space    used 6694K, capacity 6969K, committed 7040K, reserved 1048576K
}
Event: 11.289 GC heap before
{Heap before GC invocations=6 (full 3):
 PSYoungGen      total 611840K, used 27062K [0x00000000d5580000, 0x0000000100000000, 0x0000000100000000)
  eden space 524800K, 0% used [0x00000000d5580000,0x00000000d5580000,0x00000000f5600000)
  from space 87040K, 31% used [0x00000000f5600000,0x00000000f706d8a8,0x00000000fab00000)
  to   space 87040K, 0% used [0x00000000fab00000,0x00000000fab00000,0x0000000100000000)
 ParOldGen       total 1304064K, used 23683K [0x0000000080000000, 0x00000000cf980000, 0x00000000d5580000)
  object space 1304064K, 1% used [0x0000000080000000,0x0000000081720cc0,0x00000000cf980000)
 Metaspace       used 57486K, capacity 58858K, committed 59008K, reserved 1101824K
  class space    used 6694K, capacity 6969K, committed 7040K, reserved 1048576K
Event: 11.543 GC heap after
Heap after GC invocations=6 (full 3):
 PSYoungGen      total 611840K, used 0K [0x00000000d5580000, 0x0000000100000000, 0x0000000100000000)
  eden space 524800K, 0% used [0x00000000d5580000,0x00000000d5580000,0x00000000f5600000)
  from space 87040K, 0% used [0x00000000f5600000,0x00000000f5600000,0x00000000fab00000)
  to   space 87040K, 0% used [0x00000000fab00000,0x00000000fab00000,0x0000000100000000)
 ParOldGen       total 1398272K, used 37846K [0x0000000080000000, 0x00000000d5580000, 0x00000000d5580000)
  object space 1398272K, 2% used [0x0000000080000000,0x00000000824f5a98,0x00000000d5580000)
 Metaspace       used 57479K, capacity 58844K, committed 59008K, reserved 1101824K
  class space    used 6692K, capacity 6964K, committed 7040K, reserved 1048576K
}

