# JRE version: OpenJDK Runtime Environment (8.0_212-b04) (build 1.8.0_212-b04)
# Java VM: OpenJDK 64-Bit Server VM (25.212-b04 mixed mode linux-amd64 compressed oops)
Heap:
 PSYoungGen      total 611840K, used 426066K [0x00000000d5580000, 0x0000000100000000, 0x0000000100000000)
  eden space 524800K, 81% used [0x00000000d5580000,0x00000000ef594b68,0x00000000f5600000)
  from space 87040K, 0% used [0x00000000fab00000,0x00000000fab00000,0x0000000100000000)
  to   space 87040K, 0% used [0x00000000f5600000,0x00000000f5600000,0x00000000fab00000)
 ParOldGen       total 1398272K, used 32106K [0x0000000080000000, 0x00000000d5580000, 0x00000000d5580000)
  object space 1398272K, 2% used [0x0000000080000000,0x0000000081f5a9c8,0x00000000d5580000)
 Metaspace       used 75101K, capacity 77788K, committed 77952K, reserved 1118208K
  class space    used 8808K, capacity 9306K, committed 9344K, reserved 1048576K
GC Heap History (10 events):
Event: 4.294 GC heap before
{Heap before GC invocations=3 (full 1):
 PSYoungGen      total 611840K, used 364747K [0x00000000d5580000, 0x0000000100000000, 0x0000000100000000)
  eden space 524800K, 69% used [0x00000000d5580000,0x00000000eb9b2f80,0x00000000f5600000)
  from space 87040K, 0% used [0x00000000f5600000,0x00000000f5600000,0x00000000fab00000)
  to   space 87040K, 0% used [0x00000000fab00000,0x00000000fab00000,0x0000000100000000)
 ParOldGen       total 871424K, used 13512K [0x0000000080000000, 0x00000000b5300000, 0x00000000d5580000)
  object space 871424K, 1% used [0x0000000080000000,0x0000000080d32340,0x00000000b5300000)
 Metaspace       used 34736K, capacity 35018K, committed 35416K, reserved 1081344K
  class space    used 4187K, capacity 4289K, committed 4352K, reserved 1048576K
Event: 4.342 GC heap after
Heap after GC invocations=3 (full 1):
 PSYoungGen      total 611840K, used 19451K [0x00000000d5580000, 0x0000000100000000, 0x0000000100000000)
  eden space 524800K, 0% used [0x00000000d5580000,0x00000000d5580000,0x00000000f5600000)
  from space 87040K, 22% used [0x00000000fab00000,0x00000000fbdfefc8,0x0000000100000000)
  to   space 87040K, 0% used [0x00000000f5600000,0x00000000f5600000,0x00000000fab00000)
 ParOldGen       total 871424K, used 13520K [0x0000000080000000, 0x00000000b5300000, 0x00000000d5580000)
  object space 871424K, 1% used [0x0000000080000000,0x0000000080d34340,0x00000000b5300000)
 Metaspace       used 34736K, capacity 35018K, committed 35416K, reserved 1081344K
  class space    used 4187K, capacity 4289K, committed 4352K, reserved 1048576K
}
Event: 4.342 GC heap before
{Heap before GC invocations=4 (full 2):
 PSYoungGen      total 611840K, used 19451K [0x00000000d5580000, 0x0000000100000000, 0x0000000100000000)
  eden space 524800K, 0% used [0x00000000d5580000,0x00000000d5580000,0x00000000f5600000)
  from space 87040K, 22% used [0x00000000fab00000,0x00000000fbdfefc8,0x0000000100000000)
  to   space 87040K, 0% used [0x00000000f5600000,0x00000000f5600000,0x00000000fab00000)
 ParOldGen       total 871424K, used 13520K [0x0000000080000000, 0x00000000b5300000, 0x00000000d5580000)
  object space 871424K, 1% used [0x0000000080000000,0x0000000080d34340,0x00000000b5300000)
 Metaspace       used 34736K, capacity 35018K, committed 35416K, reserved 1081344K
  class space    used 4187K, capacity 4289K, committed 4352K, reserved 1048576K
Event: 4.489 GC heap after
Heap after GC invocations=4 (full 2):
 PSYoungGen      total 611840K, used 0K [0x00000000d5580000, 0x0000000100000000, 0x0000000100000000)
  eden space 524800K, 0% used [0x00000000d5580000,0x00000000d5580000,0x00000000f5600000)
  from space 87040K, 0% used [0x00000000fab00000,0x00000000fab00000,0x0000000100000000)
  to   space 87040K, 0% used [0x00000000f5600000,0x00000000f5600000,0x00000000fab00000)
 ParOldGen       total 1398272K, used 24294K [0x0000000080000000, 0x00000000d5580000, 0x00000000d5580000)
  object space 1398272K, 1% used [0x0000000080000000,0x00000000817b98b0,0x00000000d5580000)
 Metaspace       used 34736K, capacity 35018K, committed 35416K, reserved 1081344K
  class space    used 4187K, capacity 4289K, committed 4352K, reserved 1048576K
}
Event: 7.686 GC heap before
{Heap before GC invocations=5 (full 2):
 PSYoungGen      total 611840K, used 524800K [0x00000000d5580000, 0x0000000100000000, 0x0000000100000000)
  eden space 524800K, 100% used [0x00000000d5580000,0x00000000f5600000,0x00000000f5600000)
  from space 87040K, 0% used [0x00000000fab00000,0x00000000fab00000,0x0000000100000000)
  to   space 87040K, 0% used [0x00000000f5600000,0x00000000f5600000,0x00000000fab00000)
 ParOldGen       total 1398272K, used 24294K [0x0000000080000000, 0x00000000d5580000, 0x00000000d5580000)
  object space 1398272K, 1% used [0x0000000080000000,0x00000000817b98b0,0x00000000d5580000)
 Metaspace       used 49400K, capacity 50184K, committed 50432K, reserved 1093632K
  class space    used 5872K, capacity 6054K, committed 6144K, reserved 1048576K
Event: 7.742 GC heap after
Heap after GC invocations=5 (full 2):
 PSYoungGen      total 611840K, used 21088K [0x00000000d5580000, 0x0000000100000000, 0x0000000100000000)
  eden space 524800K, 0% used [0x00000000d5580000,0x00000000d5580000,0x00000000f5600000)
  from space 87040K, 24% used [0x00000000f5600000,0x00000000f6a981c0,0x00000000fab00000)
  to   space 87040K, 0% used [0x00000000fab00000,0x00000000fab00000,0x0000000100000000)
 ParOldGen       total 1398272K, used 24302K [0x0000000080000000, 0x00000000d5580000, 0x00000000d5580000)
  object space 1398272K, 1% used [0x0000000080000000,0x00000000817bb8b0,0x00000000d5580000)
 Metaspace       used 49400K, capacity 50184K, committed 50432K, reserved 1093632K
  class space    used 5872K, capacity 6054K, committed 6144K, reserved 1048576K
}
Event: 11.864 GC heap before
{Heap before GC invocations=6 (full 2):
 PSYoungGen      total 611840K, used 319833K [0x00000000d5580000, 0x0000000100000000, 0x0000000100000000)
  eden space 524800K, 56% used [0x00000000d5580000,0x00000000e793e540,0x00000000f5600000)
  from space 87040K, 24% used [0x00000000f5600000,0x00000000f6a981c0,0x00000000fab00000)
  to   space 87040K, 0% used [0x00000000fab00000,0x00000000fab00000,0x0000000100000000)
 ParOldGen       total 1398272K, used 24302K [0x0000000080000000, 0x00000000d5580000, 0x00000000d5580000)
  object space 1398272K, 1% used [0x0000000080000000,0x00000000817bb8b0,0x00000000d5580000)
 Metaspace       used 57604K, capacity 58760K, committed 59008K, reserved 1101824K
  class space    used 6920K, capacity 7170K, committed 7296K, reserved 1048576K
Event: 11.921 GC heap after
Heap after GC invocations=6 (full 2):
 PSYoungGen      total 611840K, used 19630K [0x00000000d5580000, 0x0000000100000000, 0x0000000100000000)
  eden space 524800K, 0% used [0x00000000d5580000,0x00000000d5580000,0x00000000f5600000)
  from space 87040K, 22% used [0x00000000fab00000,0x00000000fbe2b850,0x0000000100000000)
  to   space 87040K, 0% used [0x00000000f5600000,0x00000000f5600000,0x00000000fab00000)
 ParOldGen       total 1398272K, used 24310K [0x0000000080000000, 0x00000000d5580000, 0x00000000d5580000)
  object space 1398272K, 1% used [0x0000000080000000,0x00000000817bd8b0,0x00000000d5580000)
 Metaspace       used 57604K, capacity 58760K, committed 59008K, reserved 1101824K
  class space    used 6920K, capacity 7170K, committed 7296K, reserved 1048576K
}
Event: 11.921 GC heap before
{Heap before GC invocations=7 (full 3):
 PSYoungGen      total 611840K, used 19630K [0x00000000d5580000, 0x0000000100000000, 0x0000000100000000)
  eden space 524800K, 0% used [0x00000000d5580000,0x00000000d5580000,0x00000000f5600000)
  from space 87040K, 22% used [0x00000000fab00000,0x00000000fbe2b850,0x0000000100000000)
  to   space 87040K, 0% used [0x00000000f5600000,0x00000000f5600000,0x00000000fab00000)
 ParOldGen       total 1398272K, used 24310K [0x0000000080000000, 0x00000000d5580000, 0x00000000d5580000)
  object space 1398272K, 1% used [0x0000000080000000,0x00000000817bd8b0,0x00000000d5580000)
 Metaspace       used 57604K, capacity 58760K, committed 59008K, reserved 1101824K
  class space    used 6920K, capacity 7170K, committed 7296K, reserved 1048576K
Event: 12.202 GC heap after
Heap after GC invocations=7 (full 3):
 PSYoungGen      total 611840K, used 0K [0x00000000d5580000, 0x0000000100000000, 0x0000000100000000)
  eden space 524800K, 0% used [0x00000000d5580000,0x00000000d5580000,0x00000000f5600000)
  from space 87040K, 0% used [0x00000000fab00000,0x00000000fab00000,0x0000000100000000)
  to   space 87040K, 0% used [0x00000000f5600000,0x00000000f5600000,0x00000000fab00000)
 ParOldGen       total 1398272K, used 32106K [0x0000000080000000, 0x00000000d5580000, 0x00000000d5580000)
  object space 1398272K, 2% used [0x0000000080000000,0x0000000081f5a9c8,0x00000000d5580000)
 Metaspace       used 57484K, capacity 58478K, committed 59008K, reserved 1101824K
  class space    used 6879K, capacity 7099K, committed 7296K, reserved 1048576K
}

