# JRE version: OpenJDK Runtime Environment (8.0_212-b04) (build 1.8.0_212-b04)
# Java VM: OpenJDK 64-Bit Server VM (25.212-b04 mixed mode linux-amd64 compressed oops)
Heap:
 PSYoungGen      total 582144K, used 229064K [0x00000000d5580000, 0x0000000100000000, 0x0000000100000000)
  eden space 552960K, 41% used [0x00000000d5580000,0x00000000e35531a0,0x00000000f7180000)
  from space 29184K, 0% used [0x00000000f8f00000,0x00000000f8f00000,0x00000000fab80000)
  to   space 30208K, 0% used [0x00000000f7180000,0x00000000f7180000,0x00000000f8f00000)
 ParOldGen       total 1398272K, used 547613K [0x0000000080000000, 0x00000000d5580000, 0x00000000d5580000)
  object space 1398272K, 39% used [0x0000000080000000,0x00000000a16c7618,0x00000000d5580000)
 Metaspace       used 64350K, capacity 66820K, committed 67072K, reserved 1107968K
  class space    used 7386K, capacity 7838K, committed 7936K, reserved 1048576K
GC Heap History (10 events):
Event: 12.920 GC heap before
{Heap before GC invocations=6 (full 2):
 PSYoungGen      total 611840K, used 321664K [0x00000000d5580000, 0x0000000100000000, 0x0000000100000000)
  eden space 524800K, 57% used [0x00000000d5580000,0x00000000e7e47c08,0x00000000f5600000)
  from space 87040K, 20% used [0x00000000f5600000,0x00000000f6758738,0x00000000fab00000)
  to   space 87040K, 0% used [0x00000000fab00000,0x00000000fab00000,0x0000000100000000)
 ParOldGen       total 1398272K, used 23881K [0x0000000080000000, 0x00000000d5580000, 0x00000000d5580000)
  object space 1398272K, 1% used [0x0000000080000000,0x0000000081752718,0x00000000d5580000)
 Metaspace       used 57388K, capacity 58884K, committed 59028K, reserved 1101824K
  class space    used 6605K, capacity 6888K, committed 6912K, reserved 1048576K
Event: 12.984 GC heap after
Heap after GC invocations=6 (full 2):
 PSYoungGen      total 611840K, used 28692K [0x00000000d5580000, 0x0000000100000000, 0x0000000100000000)
  eden space 524800K, 0% used [0x00000000d5580000,0x00000000d5580000,0x00000000f5600000)
  from space 87040K, 32% used [0x00000000fab00000,0x00000000fc7051e0,0x0000000100000000)
  to   space 87040K, 0% used [0x00000000f5600000,0x00000000f5600000,0x00000000fab00000)
 ParOldGen       total 1398272K, used 23881K [0x0000000080000000, 0x00000000d5580000, 0x00000000d5580000)
  object space 1398272K, 1% used [0x0000000080000000,0x0000000081752718,0x00000000d5580000)
 Metaspace       used 57388K, capacity 58884K, committed 59028K, reserved 1101824K
  class space    used 6605K, capacity 6888K, committed 6912K, reserved 1048576K
}
Event: 12.984 GC heap before
{Heap before GC invocations=7 (full 3):
 PSYoungGen      total 611840K, used 28692K [0x00000000d5580000, 0x0000000100000000, 0x0000000100000000)
  eden space 524800K, 0% used [0x00000000d5580000,0x00000000d5580000,0x00000000f5600000)
  from space 87040K, 32% used [0x00000000fab00000,0x00000000fc7051e0,0x0000000100000000)
  to   space 87040K, 0% used [0x00000000f5600000,0x00000000f5600000,0x00000000fab00000)
 ParOldGen       total 1398272K, used 23881K [0x0000000080000000, 0x00000000d5580000, 0x00000000d5580000)
  object space 1398272K, 1% used [0x0000000080000000,0x0000000081752718,0x00000000d5580000)
 Metaspace       used 57388K, capacity 58884K, committed 59028K, reserved 1101824K
  class space    used 6605K, capacity 6888K, committed 6912K, reserved 1048576K
Event: 13.305 GC heap after
Heap after GC invocations=7 (full 3):
 PSYoungGen      total 611840K, used 0K [0x00000000d5580000, 0x0000000100000000, 0x0000000100000000)
  eden space 524800K, 0% used [0x00000000d5580000,0x00000000d5580000,0x00000000f5600000)
  from space 87040K, 0% used [0x00000000fab00000,0x00000000fab00000,0x0000000100000000)
  to   space 87040K, 0% used [0x00000000f5600000,0x00000000f5600000,0x00000000fab00000)
 ParOldGen       total 1398272K, used 40005K [0x0000000080000000, 0x00000000d5580000, 0x00000000d5580000)
  object space 1398272K, 2% used [0x0000000080000000,0x00000000827117b8,0x00000000d5580000)
 Metaspace       used 57334K, capacity 58752K, committed 59028K, reserved 1101824K
  class space    used 6585K, capacity 6854K, committed 6912K, reserved 1048576K
}
Event: 19.413 GC heap before
{Heap before GC invocations=8 (full 3):
 PSYoungGen      total 611840K, used 361530K [0x00000000d5580000, 0x0000000100000000, 0x0000000100000000)
  eden space 524800K, 68% used [0x00000000d5580000,0x00000000eb68e9c0,0x00000000f5600000)
  from space 87040K, 0% used [0x00000000fab00000,0x00000000fab00000,0x0000000100000000)
  to   space 87040K, 0% used [0x00000000f5600000,0x00000000f5600000,0x00000000fab00000)
 ParOldGen       total 1398272K, used 40005K [0x0000000080000000, 0x00000000d5580000, 0x00000000d5580000)
  object space 1398272K, 2% used [0x0000000080000000,0x00000000827117b8,0x00000000d5580000)
 Metaspace       used 60578K, capacity 62532K, committed 62720K, reserved 1103872K
  class space    used 6998K, capacity 7364K, committed 7424K, reserved 1048576K
Event: 19.645 GC heap after
Heap after GC invocations=8 (full 3):
 PSYoungGen      total 537600K, used 12484K [0x00000000d5580000, 0x00000000fab80000, 0x0000000100000000)
  eden space 524800K, 0% used [0x00000000d5580000,0x00000000d5580000,0x00000000f5600000)
  from space 12800K, 97% used [0x00000000f5600000,0x00000000f6231160,0x00000000f6280000)
  to   space 29184K, 0% used [0x00000000f8f00000,0x00000000f8f00000,0x00000000fab80000)
 ParOldGen       total 1398272K, used 449605K [0x0000000080000000, 0x00000000d5580000, 0x00000000d5580000)
  object space 1398272K, 32% used [0x0000000080000000,0x000000009b7117d8,0x00000000d5580000)
 Metaspace       used 60578K, capacity 62532K, committed 62720K, reserved 1103872K
  class space    used 6998K, capacity 7364K, committed 7424K, reserved 1048576K
}
Event: 19.910 GC heap before
{Heap before GC invocations=9 (full 3):
 PSYoungGen      total 537600K, used 537284K [0x00000000d5580000, 0x00000000fab80000, 0x0000000100000000)
  eden space 524800K, 100% used [0x00000000d5580000,0x00000000f5600000,0x00000000f5600000)
  from space 12800K, 97% used [0x00000000f5600000,0x00000000f6231160,0x00000000f6280000)
  to   space 29184K, 0% used [0x00000000f8f00000,0x00000000f8f00000,0x00000000fab80000)
 ParOldGen       total 1398272K, used 449605K [0x0000000080000000, 0x00000000d5580000, 0x00000000d5580000)
  object space 1398272K, 32% used [0x0000000080000000,0x000000009b7117d8,0x00000000d5580000)
 Metaspace       used 60579K, capacity 62532K, committed 62720K, reserved 1103872K
  class space    used 6998K, capacity 7364K, committed 7424K, reserved 1048576K
Event: 20.370 GC heap after
Heap after GC invocations=9 (full 3):
 PSYoungGen      total 582144K, used 8063K [0x00000000d5580000, 0x0000000100000000, 0x0000000100000000)
  eden space 552960K, 0% used [0x00000000d5580000,0x00000000d5580000,0x00000000f7180000)
  from space 29184K, 27% used [0x00000000f8f00000,0x00000000f96dff50,0x00000000fab80000)
  to   space 30208K, 0% used [0x00000000f7180000,0x00000000f7180000,0x00000000f8f00000)
 ParOldGen       total 1398272K, used 961605K [0x0000000080000000, 0x00000000d5580000, 0x00000000d5580000)
  object space 1398272K, 68% used [0x0000000080000000,0x00000000bab117f8,0x00000000d5580000)
 Metaspace       used 60579K, capacity 62532K, committed 62720K, reserved 1103872K
  class space    used 6998K, capacity 7364K, committed 7424K, reserved 1048576K
}
Event: 20.370 GC heap before
{Heap before GC invocations=10 (full 4):
 PSYoungGen      total 582144K, used 8063K [0x00000000d5580000, 0x0000000100000000, 0x0000000100000000)
  eden space 552960K, 0% used [0x00000000d5580000,0x00000000d5580000,0x00000000f7180000)
  from space 29184K, 27% used [0x00000000f8f00000,0x00000000f96dff50,0x00000000fab80000)
  to   space 30208K, 0% used [0x00000000f7180000,0x00000000f7180000,0x00000000f8f00000)
 ParOldGen       total 1398272K, used 961605K [0x0000000080000000, 0x00000000d5580000, 0x00000000d5580000)
  object space 1398272K, 68% used [0x0000000080000000,0x00000000bab117f8,0x00000000d5580000)
 Metaspace       used 60579K, capacity 62532K, committed 62720K, reserved 1103872K
  class space    used 6998K, capacity 7364K, committed 7424K, reserved 1048576K
Event: 20.718 GC heap after
Heap after GC invocations=10 (full 4):
 PSYoungGen      total 582144K, used 0K [0x00000000d5580000, 0x0000000100000000, 0x0000000100000000)
  eden space 552960K, 0% used [0x00000000d5580000,0x00000000d5580000,0x00000000f7180000)
  from space 29184K, 0% used [0x00000000f8f00000,0x00000000f8f00000,0x00000000fab80000)
  to   space 30208K, 0% used [0x00000000f7180000,0x00000000f7180000,0x00000000f8f00000)
 ParOldGen       total 1398272K, used 547613K [0x0000000080000000, 0x00000000d5580000, 0x00000000d5580000)
  object space 1398272K, 39% used [0x0000000080000000,0x00000000a16c7618,0x00000000d5580000)
 Metaspace       used 60503K, capacity 62326K, committed 62720K, reserved 1103872K
  class space    used 6973K, capacity 7317K, committed 7424K, reserved 1048576K
}

