# JRE version: OpenJDK Runtime Environment (8.0_212-b04) (build 1.8.0_212-b04)
# Java VM: OpenJDK 64-Bit Server VM (25.212-b04 mixed mode linux-amd64 compressed oops)
Heap:
 PSYoungGen      total 500736K, used 140985K [0x00000000d5580000, 0x0000000100000000, 0x0000000100000000)
  eden space 329216K, 9% used [0x00000000d5580000,0x00000000d74465d8,0x00000000e9700000)
  from space 171520K, 63% used [0x00000000e9700000,0x00000000f01e8050,0x00000000f3e80000)
  to   space 168448K, 0% used [0x00000000f5b80000,0x00000000f5b80000,0x0000000100000000)
 ParOldGen       total 1398272K, used 372655K [0x0000000080000000, 0x00000000d5580000, 0x00000000d5580000)
  object space 1398272K, 26% used [0x0000000080000000,0x0000000096bebcd8,0x00000000d5580000)
 Metaspace       used 75705K, capacity 81204K, committed 81536K, reserved 1122304K
  class space    used 8354K, capacity 9274K, committed 9344K, reserved 1048576K
GC Heap History (10 events):
Event: 130.249 GC heap before
{Heap before GC invocations=20 (full 3):
 PSYoungGen      total 470528K, used 365664K [0x00000000d5580000, 0x00000000fe300000, 0x0000000100000000)
  eden space 266752K, 99% used [0x00000000d5580000,0x00000000e59ffff8,0x00000000e5a00000)
  from space 203776K, 48% used [0x00000000f1800000,0x00000000f7898040,0x00000000fdf00000)
  to   space 194560K, 0% used [0x00000000e5a00000,0x00000000e5a00000,0x00000000f1800000)
 ParOldGen       total 1398272K, used 372623K [0x0000000080000000, 0x00000000d5580000, 0x00000000d5580000)
  object space 1398272K, 26% used [0x0000000080000000,0x0000000096be3cd8,0x00000000d5580000)
 Metaspace       used 75244K, capacity 80680K, committed 81024K, reserved 1120256K
  class space    used 8343K, capacity 9232K, committed 9344K, reserved 1048576K
Event: 130.457 GC heap after
Heap after GC invocations=20 (full 3):
 PSYoungGen      total 461312K, used 111472K [0x00000000d5580000, 0x00000000fea00000, 0x0000000100000000)
  eden space 266752K, 0% used [0x00000000d5580000,0x00000000d5580000,0x00000000e5a00000)
  from space 194560K, 57% used [0x00000000e5a00000,0x00000000ec6dc030,0x00000000f1800000)
  to   space 188928K, 0% used [0x00000000f3180000,0x00000000f3180000,0x00000000fea00000)
 ParOldGen       total 1398272K, used 372631K [0x0000000080000000, 0x00000000d5580000, 0x00000000d5580000)
  object space 1398272K, 26% used [0x0000000080000000,0x0000000096be5cd8,0x00000000d5580000)
 Metaspace       used 75244K, capacity 80680K, committed 81024K, reserved 1120256K
  class space    used 8343K, capacity 9232K, committed 9344K, reserved 1048576K
}
Event: 143.358 GC heap before
{Heap before GC invocations=21 (full 3):
 PSYoungGen      total 461312K, used 378224K [0x00000000d5580000, 0x00000000fea00000, 0x0000000100000000)
  eden space 266752K, 100% used [0x00000000d5580000,0x00000000e5a00000,0x00000000e5a00000)
  from space 194560K, 57% used [0x00000000e5a00000,0x00000000ec6dc030,0x00000000f1800000)
  to   space 188928K, 0% used [0x00000000f3180000,0x00000000f3180000,0x00000000fea00000)
 ParOldGen       total 1398272K, used 372631K [0x0000000080000000, 0x00000000d5580000, 0x00000000d5580000)
  object space 1398272K, 26% used [0x0000000080000000,0x0000000096be5cd8,0x00000000d5580000)
 Metaspace       used 75331K, capacity 80812K, committed 81024K, reserved 1120256K
  class space    used 8343K, capacity 9232K, committed 9344K, reserved 1048576K
Event: 143.541 GC heap after
Heap after GC invocations=21 (full 3):
 PSYoungGen      total 468992K, used 96896K [0x00000000d5580000, 0x00000000fd980000, 0x0000000100000000)
  eden space 296960K, 0% used [0x00000000d5580000,0x00000000d5580000,0x00000000e7780000)
  from space 172032K, 56% used [0x00000000f3180000,0x00000000f9020050,0x00000000fd980000)
  to   space 181248K, 0% used [0x00000000e7780000,0x00000000e7780000,0x00000000f2880000)
 ParOldGen       total 1398272K, used 372639K [0x0000000080000000, 0x00000000d5580000, 0x00000000d5580000)
  object space 1398272K, 26% used [0x0000000080000000,0x0000000096be7cd8,0x00000000d5580000)
 Metaspace       used 75331K, capacity 80812K, committed 81024K, reserved 1120256K
  class space    used 8343K, capacity 9232K, committed 9344K, reserved 1048576K
}
Event: 151.467 GC heap before
{Heap before GC invocations=22 (full 3):
 PSYoungGen      total 468992K, used 393856K [0x00000000d5580000, 0x00000000fd980000, 0x0000000100000000)
  eden space 296960K, 100% used [0x00000000d5580000,0x00000000e7780000,0x00000000e7780000)
  from space 172032K, 56% used [0x00000000f3180000,0x00000000f9020050,0x00000000fd980000)
  to   space 181248K, 0% used [0x00000000e7780000,0x00000000e7780000,0x00000000f2880000)
 ParOldGen       total 1398272K, used 372639K [0x0000000080000000, 0x00000000d5580000, 0x00000000d5580000)
  object space 1398272K, 26% used [0x0000000080000000,0x0000000096be7cd8,0x00000000d5580000)
 Metaspace       used 75395K, capacity 80912K, committed 81024K, reserved 1120256K
  class space    used 8344K, capacity 9264K, committed 9344K, reserved 1048576K
Event: 151.654 GC heap after
Heap after GC invocations=22 (full 3):
 PSYoungGen      total 478208K, used 85344K [0x00000000d5580000, 0x00000000ff180000, 0x0000000100000000)
  eden space 296960K, 0% used [0x00000000d5580000,0x00000000d5580000,0x00000000e7780000)
  from space 181248K, 47% used [0x00000000e7780000,0x00000000ecad8050,0x00000000f2880000)
  to   space 176128K, 0% used [0x00000000f4580000,0x00000000f4580000,0x00000000ff180000)
 ParOldGen       total 1398272K, used 372639K [0x0000000080000000, 0x00000000d5580000, 0x00000000d5580000)
  object space 1398272K, 26% used [0x0000000080000000,0x0000000096be7cd8,0x00000000d5580000)
 Metaspace       used 75395K, capacity 80912K, committed 81024K, reserved 1120256K
  class space    used 8344K, capacity 9264K, committed 9344K, reserved 1048576K
}
Event: 164.486 GC heap before
{Heap before GC invocations=23 (full 3):
 PSYoungGen      total 478208K, used 382304K [0x00000000d5580000, 0x00000000ff180000, 0x0000000100000000)
  eden space 296960K, 100% used [0x00000000d5580000,0x00000000e7780000,0x00000000e7780000)
  from space 181248K, 47% used [0x00000000e7780000,0x00000000ecad8050,0x00000000f2880000)
  to   space 176128K, 0% used [0x00000000f4580000,0x00000000f4580000,0x00000000ff180000)
 ParOldGen       total 1398272K, used 372639K [0x0000000080000000, 0x00000000d5580000, 0x00000000d5580000)
  object space 1398272K, 26% used [0x0000000080000000,0x0000000096be7cd8,0x00000000d5580000)
 Metaspace       used 75491K, capacity 80976K, committed 81280K, reserved 1122304K
  class space    used 8345K, capacity 9264K, committed 9344K, reserved 1048576K
Event: 164.636 GC heap after
Heap after GC invocations=23 (full 3):
 PSYoungGen      total 493568K, used 84352K [0x00000000d5580000, 0x00000000fe600000, 0x0000000100000000)
  eden space 329216K, 0% used [0x00000000d5580000,0x00000000d5580000,0x00000000e9700000)
  from space 164352K, 51% used [0x00000000f4580000,0x00000000f97e0040,0x00000000fe600000)
  to   space 171520K, 0% used [0x00000000e9700000,0x00000000e9700000,0x00000000f3e80000)
 ParOldGen       total 1398272K, used 372647K [0x0000000080000000, 0x00000000d5580000, 0x00000000d5580000)
  object space 1398272K, 26% used [0x0000000080000000,0x0000000096be9cd8,0x00000000d5580000)
 Metaspace       used 75491K, capacity 80976K, committed 81280K, reserved 1122304K
  class space    used 8345K, capacity 9264K, committed 9344K, reserved 1048576K
}
Event: 179.332 GC heap before
{Heap before GC invocations=24 (full 3):
 PSYoungGen      total 493568K, used 413566K [0x00000000d5580000, 0x00000000fe600000, 0x0000000100000000)
  eden space 329216K, 99% used [0x00000000d5580000,0x00000000e96ff948,0x00000000e9700000)
  from space 164352K, 51% used [0x00000000f4580000,0x00000000f97e0040,0x00000000fe600000)
  to   space 171520K, 0% used [0x00000000e9700000,0x00000000e9700000,0x00000000f3e80000)
 ParOldGen       total 1398272K, used 372647K [0x0000000080000000, 0x00000000d5580000, 0x00000000d5580000)
  object space 1398272K, 26% used [0x0000000080000000,0x0000000096be9cd8,0x00000000d5580000)
 Metaspace       used 75686K, capacity 81204K, committed 81536K, reserved 1122304K
  class space    used 8354K, capacity 9274K, committed 9344K, reserved 1048576K
Event: 179.564 GC heap after
Heap after GC invocations=24 (full 3):
 PSYoungGen      total 500736K, used 109472K [0x00000000d5580000, 0x0000000100000000, 0x0000000100000000)
  eden space 329216K, 0% used [0x00000000d5580000,0x00000000d5580000,0x00000000e9700000)
  from space 171520K, 63% used [0x00000000e9700000,0x00000000f01e8050,0x00000000f3e80000)
  to   space 168448K, 0% used [0x00000000f5b80000,0x00000000f5b80000,0x0000000100000000)
 ParOldGen       total 1398272K, used 372655K [0x0000000080000000, 0x00000000d5580000, 0x00000000d5580000)
  object space 1398272K, 26% used [0x0000000080000000,0x0000000096bebcd8,0x00000000d5580000)
 Metaspace       used 75686K, capacity 81204K, committed 81536K, reserved 1122304K
  class space    used 8354K, capacity 9274K, committed 9344K, reserved 1048576K
}

