# JRE version: OpenJDK Runtime Environment (8.0_212-b04) (build 1.8.0_212-b04)
# Java VM: OpenJDK 64-Bit Server VM (25.212-b04 mixed mode linux-amd64 compressed oops)
Heap:
 PSYoungGen      total 611840K, used 415601K [0x00000000d5580000, 0x0000000100000000, 0x0000000100000000)
  eden space 524800K, 62% used [0x00000000d5580000,0x00000000e9661ba8,0x00000000f5600000)
  from space 87040K, 99% used [0x00000000f5600000,0x00000000faafaaf0,0x00000000fab00000)
  to   space 87040K, 0% used [0x00000000fab00000,0x00000000fab00000,0x0000000100000000)
 ParOldGen       total 1398272K, used 63251K [0x0000000080000000, 0x00000000d5580000, 0x00000000d5580000)
  object space 1398272K, 4% used [0x0000000080000000,0x0000000083dc4e58,0x00000000d5580000)
 Metaspace       used 66553K, capacity 69758K, committed 70016K, reserved 1112064K
  class space    used 7507K, capacity 8053K, committed 8064K, reserved 1048576K
GC Heap History (10 events):
Event: 4.806 GC heap before
{Heap before GC invocations=4 (full 2):
 PSYoungGen      total 611840K, used 19222K [0x00000000d5580000, 0x0000000100000000, 0x0000000100000000)
  eden space 524800K, 0% used [0x00000000d5580000,0x00000000d5580000,0x00000000f5600000)
  from space 87040K, 22% used [0x00000000fab00000,0x00000000fbdc58a0,0x0000000100000000)
  to   space 87040K, 0% used [0x00000000f5600000,0x00000000f5600000,0x00000000fab00000)
 ParOldGen       total 862720K, used 13728K [0x0000000080000000, 0x00000000b4a80000, 0x00000000d5580000)
  object space 862720K, 1% used [0x0000000080000000,0x0000000080d68378,0x00000000b4a80000)
 Metaspace       used 34788K, capacity 35156K, committed 35416K, reserved 1081344K
  class space    used 3961K, capacity 4060K, committed 4096K, reserved 1048576K
Event: 4.891 GC heap after
Heap after GC invocations=4 (full 2):
 PSYoungGen      total 611840K, used 0K [0x00000000d5580000, 0x0000000100000000, 0x0000000100000000)
  eden space 524800K, 0% used [0x00000000d5580000,0x00000000d5580000,0x00000000f5600000)
  from space 87040K, 0% used [0x00000000fab00000,0x00000000fab00000,0x0000000100000000)
  to   space 87040K, 0% used [0x00000000f5600000,0x00000000f5600000,0x00000000fab00000)
 ParOldGen       total 1398272K, used 23548K [0x0000000080000000, 0x00000000d5580000, 0x00000000d5580000)
  object space 1398272K, 1% used [0x0000000080000000,0x00000000816ff310,0x00000000d5580000)
 Metaspace       used 34788K, capacity 35156K, committed 35416K, reserved 1081344K
  class space    used 3961K, capacity 4060K, committed 4096K, reserved 1048576K
}
Event: 12.090 GC heap before
{Heap before GC invocations=5 (full 2):
 PSYoungGen      total 611840K, used 520710K [0x00000000d5580000, 0x0000000100000000, 0x0000000100000000)
  eden space 524800K, 99% used [0x00000000d5580000,0x00000000f52019f8,0x00000000f5600000)
  from space 87040K, 0% used [0x00000000fab00000,0x00000000fab00000,0x0000000100000000)
  to   space 87040K, 0% used [0x00000000f5600000,0x00000000f5600000,0x00000000fab00000)
 ParOldGen       total 1398272K, used 23548K [0x0000000080000000, 0x00000000d5580000, 0x00000000d5580000)
  object space 1398272K, 1% used [0x0000000080000000,0x00000000816ff310,0x00000000d5580000)
 Metaspace       used 57443K, capacity 58840K, committed 59028K, reserved 1101824K
  class space    used 6624K, capacity 6866K, committed 6912K, reserved 1048576K
Event: 12.168 GC heap after
Heap after GC invocations=5 (full 2):
 PSYoungGen      total 611840K, used 33913K [0x00000000d5580000, 0x0000000100000000, 0x0000000100000000)
  eden space 524800K, 0% used [0x00000000d5580000,0x00000000d5580000,0x00000000f5600000)
  from space 87040K, 38% used [0x00000000f5600000,0x00000000f771e4d8,0x00000000fab00000)
  to   space 87040K, 0% used [0x00000000fab00000,0x00000000fab00000,0x0000000100000000)
 ParOldGen       total 1398272K, used 23556K [0x0000000080000000, 0x00000000d5580000, 0x00000000d5580000)
  object space 1398272K, 1% used [0x0000000080000000,0x0000000081701310,0x00000000d5580000)
 Metaspace       used 57443K, capacity 58840K, committed 59028K, reserved 1101824K
  class space    used 6624K, capacity 6866K, committed 6912K, reserved 1048576K
}
Event: 12.168 GC heap before
{Heap before GC invocations=6 (full 3):
 PSYoungGen      total 611840K, used 33913K [0x00000000d5580000, 0x0000000100000000, 0x0000000100000000)
  eden space 524800K, 0% used [0x00000000d5580000,0x00000000d5580000,0x00000000f5600000)
  from space 87040K, 38% used [0x00000000f5600000,0x00000000f771e4d8,0x00000000fab00000)
  to   space 87040K, 0% used [0x00000000fab00000,0x00000000fab00000,0x0000000100000000)
 ParOldGen       total 1398272K, used 23556K [0x0000000080000000, 0x00000000d5580000, 0x00000000d5580000)
  object space 1398272K, 1% used [0x0000000080000000,0x0000000081701310,0x00000000d5580000)
 Metaspace       used 57443K, capacity 58840K, committed 59028K, reserved 1101824K
  class space    used 6624K, capacity 6866K, committed 6912K, reserved 1048576K
Event: 12.428 GC heap after
Heap after GC invocations=6 (full 3):
 PSYoungGen      total 611840K, used 0K [0x00000000d5580000, 0x0000000100000000, 0x0000000100000000)
  eden space 524800K, 0% used [0x00000000d5580000,0x00000000d5580000,0x00000000f5600000)
  from space 87040K, 0% used [0x00000000f5600000,0x00000000f5600000,0x00000000fab00000)
  to   space 87040K, 0% used [0x00000000fab00000,0x00000000fab00000,0x0000000100000000)
 ParOldGen       total 1398272K, used 44347K [0x0000000080000000, 0x00000000d5580000, 0x00000000d5580000)
  object space 1398272K, 3% used [0x0000000080000000,0x0000000082b4ee58,0x00000000d5580000)
 Metaspace       used 57413K, capacity 58766K, committed 59028K, reserved 1101824K
  class space    used 6614K, capacity 6849K, committed 6912K, reserved 1048576K
}
Event: 26.504 GC heap before
{Heap before GC invocations=7 (full 3):
 PSYoungGen      total 611840K, used 502655K [0x00000000d5580000, 0x0000000100000000, 0x0000000100000000)
  eden space 524800K, 95% used [0x00000000d5580000,0x00000000f405fe88,0x00000000f5600000)
  from space 87040K, 0% used [0x00000000f5600000,0x00000000f5600000,0x00000000fab00000)
  to   space 87040K, 0% used [0x00000000fab00000,0x00000000fab00000,0x0000000100000000)
 ParOldGen       total 1398272K, used 44347K [0x0000000080000000, 0x00000000d5580000, 0x00000000d5580000)
  object space 1398272K, 3% used [0x0000000080000000,0x0000000082b4ee58,0x00000000d5580000)
 Metaspace       used 65095K, capacity 67932K, committed 68224K, reserved 1110016K
  class space    used 7435K, capacity 7942K, committed 8064K, reserved 1048576K
Event: 26.603 GC heap after
Heap after GC invocations=7 (full 3):
 PSYoungGen      total 611840K, used 80445K [0x00000000d5580000, 0x0000000100000000, 0x0000000100000000)
  eden space 524800K, 0% used [0x00000000d5580000,0x00000000d5580000,0x00000000f5600000)
  from space 87040K, 92% used [0x00000000fab00000,0x00000000ff98f448,0x0000000100000000)
  to   space 87040K, 0% used [0x00000000f5600000,0x00000000f5600000,0x00000000fab00000)
 ParOldGen       total 1398272K, used 44347K [0x0000000080000000, 0x00000000d5580000, 0x00000000d5580000)
  object space 1398272K, 3% used [0x0000000080000000,0x0000000082b4ee58,0x00000000d5580000)
 Metaspace       used 65095K, capacity 67932K, committed 68224K, reserved 1110016K
  class space    used 7435K, capacity 7942K, committed 8064K, reserved 1048576K
}
Event: 31.444 GC heap before
{Heap before GC invocations=8 (full 3):
 PSYoungGen      total 611840K, used 604217K [0x00000000d5580000, 0x0000000100000000, 0x0000000100000000)
  eden space 524800K, 99% used [0x00000000d5580000,0x00000000f54ff3a8,0x00000000f5600000)
  from space 87040K, 92% used [0x00000000fab00000,0x00000000ff98f448,0x0000000100000000)
  to   space 87040K, 0% used [0x00000000f5600000,0x00000000f5600000,0x00000000fab00000)
 ParOldGen       total 1398272K, used 44347K [0x0000000080000000, 0x00000000d5580000, 0x00000000d5580000)
  object space 1398272K, 3% used [0x0000000080000000,0x0000000082b4ee58,0x00000000d5580000)
 Metaspace       used 66106K, capacity 69216K, committed 69504K, reserved 1110016K
  class space    used 7488K, capacity 8022K, committed 8064K, reserved 1048576K
Event: 31.537 GC heap after
Heap after GC invocations=8 (full 3):
 PSYoungGen      total 611840K, used 87018K [0x00000000d5580000, 0x0000000100000000, 0x0000000100000000)
  eden space 524800K, 0% used [0x00000000d5580000,0x00000000d5580000,0x00000000f5600000)
  from space 87040K, 99% used [0x00000000f5600000,0x00000000faafaaf0,0x00000000fab00000)
  to   space 87040K, 0% used [0x00000000fab00000,0x00000000fab00000,0x0000000100000000)
 ParOldGen       total 1398272K, used 63251K [0x0000000080000000, 0x00000000d5580000, 0x00000000d5580000)
  object space 1398272K, 4% used [0x0000000080000000,0x0000000083dc4e58,0x00000000d5580000)
 Metaspace       used 66106K, capacity 69216K, committed 69504K, reserved 1110016K
  class space    used 7488K, capacity 8022K, committed 8064K, reserved 1048576K
}

