# JRE version: OpenJDK Runtime Environment (8.0_212-b04) (build 1.8.0_212-b04)
# Java VM: OpenJDK 64-Bit Server VM (25.212-b04 mixed mode linux-amd64 compressed oops)
Heap:
 PSYoungGen      total 611840K, used 406342K [0x00000000d5580000, 0x0000000100000000, 0x0000000100000000)
  eden space 524800K, 77% used [0x00000000d5580000,0x00000000ee251bc8,0x00000000f5600000)
  from space 87040K, 0% used [0x00000000f5600000,0x00000000f5600000,0x00000000fab00000)
  to   space 87040K, 0% used [0x00000000fab00000,0x00000000fab00000,0x0000000100000000)
 ParOldGen       total 1398272K, used 44768K [0x0000000080000000, 0x00000000d5580000, 0x00000000d5580000)
  object space 1398272K, 3% used [0x0000000080000000,0x0000000082bb8008,0x00000000d5580000)
 Metaspace       used 67070K, capacity 70252K, committed 70400K, reserved 1112064K
  class space    used 7637K, capacity 8187K, committed 8192K, reserved 1048576K
GC Heap History (10 events):
Event: 2.639 GC heap before
{Heap before GC invocations=2 (full 1):
 PSYoungGen      total 611840K, used 14250K [0x00000000d5580000, 0x0000000100000000, 0x0000000100000000)
  eden space 524800K, 0% used [0x00000000d5580000,0x00000000d5580000,0x00000000f5600000)
  from space 87040K, 16% used [0x00000000f5600000,0x00000000f63eaa58,0x00000000fab00000)
  to   space 87040K, 0% used [0x00000000fab00000,0x00000000fab00000,0x0000000100000000)
 ParOldGen       total 1398272K, used 80K [0x0000000080000000, 0x00000000d5580000, 0x00000000d5580000)
  object space 1398272K, 0% used [0x0000000080000000,0x0000000080014010,0x00000000d5580000)
 Metaspace       used 20758K, capacity 21016K, committed 21248K, reserved 1069056K
  class space    used 2350K, capacity 2451K, committed 2560K, reserved 1048576K
Event: 2.699 GC heap after
Heap after GC invocations=2 (full 1):
 PSYoungGen      total 611840K, used 0K [0x00000000d5580000, 0x0000000100000000, 0x0000000100000000)
  eden space 524800K, 0% used [0x00000000d5580000,0x00000000d5580000,0x00000000f5600000)
  from space 87040K, 0% used [0x00000000f5600000,0x00000000f5600000,0x00000000fab00000)
  to   space 87040K, 0% used [0x00000000fab00000,0x00000000fab00000,0x0000000100000000)
 ParOldGen       total 845312K, used 13686K [0x0000000080000000, 0x00000000b3980000, 0x00000000d5580000)
  object space 845312K, 1% used [0x0000000080000000,0x0000000080d5d8f8,0x00000000b3980000)
 Metaspace       used 20758K, capacity 21016K, committed 21248K, reserved 1069056K
  class space    used 2350K, capacity 2451K, committed 2560K, reserved 1048576K
}
Event: 5.197 GC heap before
{Heap before GC invocations=3 (full 1):
 PSYoungGen      total 611840K, used 369466K [0x00000000d5580000, 0x0000000100000000, 0x0000000100000000)
  eden space 524800K, 70% used [0x00000000d5580000,0x00000000ebe4ea48,0x00000000f5600000)
  from space 87040K, 0% used [0x00000000f5600000,0x00000000f5600000,0x00000000fab00000)
  to   space 87040K, 0% used [0x00000000fab00000,0x00000000fab00000,0x0000000100000000)
 ParOldGen       total 845312K, used 13686K [0x0000000080000000, 0x00000000b3980000, 0x00000000d5580000)
  object space 845312K, 1% used [0x0000000080000000,0x0000000080d5d8f8,0x00000000b3980000)
 Metaspace       used 34669K, capacity 35140K, committed 35416K, reserved 1081344K
  class space    used 3959K, capacity 4096K, committed 4096K, reserved 1048576K
Event: 5.231 GC heap after
Heap after GC invocations=3 (full 1):
 PSYoungGen      total 611840K, used 18697K [0x00000000d5580000, 0x0000000100000000, 0x0000000100000000)
  eden space 524800K, 0% used [0x00000000d5580000,0x00000000d5580000,0x00000000f5600000)
  from space 87040K, 21% used [0x00000000fab00000,0x00000000fbd42578,0x0000000100000000)
  to   space 87040K, 0% used [0x00000000f5600000,0x00000000f5600000,0x00000000fab00000)
 ParOldGen       total 845312K, used 13694K [0x0000000080000000, 0x00000000b3980000, 0x00000000d5580000)
  object space 845312K, 1% used [0x0000000080000000,0x0000000080d5f8f8,0x00000000b3980000)
 Metaspace       used 34669K, capacity 35140K, committed 35416K, reserved 1081344K
  class space    used 3959K, capacity 4096K, committed 4096K, reserved 1048576K
}
Event: 5.231 GC heap before
{Heap before GC invocations=4 (full 2):
 PSYoungGen      total 611840K, used 18697K [0x00000000d5580000, 0x0000000100000000, 0x0000000100000000)
  eden space 524800K, 0% used [0x00000000d5580000,0x00000000d5580000,0x00000000f5600000)
  from space 87040K, 21% used [0x00000000fab00000,0x00000000fbd42578,0x0000000100000000)
  to   space 87040K, 0% used [0x00000000f5600000,0x00000000f5600000,0x00000000fab00000)
 ParOldGen       total 845312K, used 13694K [0x0000000080000000, 0x00000000b3980000, 0x00000000d5580000)
  object space 845312K, 1% used [0x0000000080000000,0x0000000080d5f8f8,0x00000000b3980000)
 Metaspace       used 34669K, capacity 35140K, committed 35416K, reserved 1081344K
  class space    used 3959K, capacity 4096K, committed 4096K, reserved 1048576K
Event: 5.325 GC heap after
Heap after GC invocations=4 (full 2):
 PSYoungGen      total 611840K, used 0K [0x00000000d5580000, 0x0000000100000000, 0x0000000100000000)
  eden space 524800K, 0% used [0x00000000d5580000,0x00000000d5580000,0x00000000f5600000)
  from space 87040K, 0% used [0x00000000fab00000,0x00000000fab00000,0x0000000100000000)
  to   space 87040K, 0% used [0x00000000f5600000,0x00000000f5600000,0x00000000fab00000)
 ParOldGen       total 1398272K, used 22913K [0x0000000080000000, 0x00000000d5580000, 0x00000000d5580000)
  object space 1398272K, 1% used [0x0000000080000000,0x0000000081660610,0x00000000d5580000)
 Metaspace       used 34669K, capacity 35140K, committed 35416K, reserved 1081344K
  class space    used 3959K, capacity 4096K, committed 4096K, reserved 1048576K
}
Event: 14.428 GC heap before
{Heap before GC invocations=5 (full 2):
 PSYoungGen      total 611840K, used 391980K [0x00000000d5580000, 0x0000000100000000, 0x0000000100000000)
  eden space 524800K, 74% used [0x00000000d5580000,0x00000000ed44b3b0,0x00000000f5600000)
  from space 87040K, 0% used [0x00000000fab00000,0x00000000fab00000,0x0000000100000000)
  to   space 87040K, 0% used [0x00000000f5600000,0x00000000f5600000,0x00000000fab00000)
 ParOldGen       total 1398272K, used 22913K [0x0000000080000000, 0x00000000d5580000, 0x00000000d5580000)
  object space 1398272K, 1% used [0x0000000080000000,0x0000000081660610,0x00000000d5580000)
 Metaspace       used 57093K, capacity 58872K, committed 59008K, reserved 1101824K
  class space    used 6652K, capacity 6981K, committed 7040K, reserved 1048576K
Event: 14.477 GC heap after
Heap after GC invocations=5 (full 2):
 PSYoungGen      total 611840K, used 34577K [0x00000000d5580000, 0x0000000100000000, 0x0000000100000000)
  eden space 524800K, 0% used [0x00000000d5580000,0x00000000d5580000,0x00000000f5600000)
  from space 87040K, 39% used [0x00000000f5600000,0x00000000f77c45f0,0x00000000fab00000)
  to   space 87040K, 0% used [0x00000000fab00000,0x00000000fab00000,0x0000000100000000)
 ParOldGen       total 1398272K, used 22921K [0x0000000080000000, 0x00000000d5580000, 0x00000000d5580000)
  object space 1398272K, 1% used [0x0000000080000000,0x0000000081662610,0x00000000d5580000)
 Metaspace       used 57093K, capacity 58872K, committed 59008K, reserved 1101824K
  class space    used 6652K, capacity 6981K, committed 7040K, reserved 1048576K
}
Event: 14.477 GC heap before
{Heap before GC invocations=6 (full 3):
 PSYoungGen      total 611840K, used 34577K [0x00000000d5580000, 0x0000000100000000, 0x0000000100000000)
  eden space 524800K, 0% used [0x00000000d5580000,0x00000000d5580000,0x00000000f5600000)
  from space 87040K, 39% used [0x00000000f5600000,0x00000000f77c45f0,0x00000000fab00000)
  to   space 87040K, 0% used [0x00000000fab00000,0x00000000fab00000,0x0000000100000000)
 ParOldGen       total 1398272K, used 22921K [0x0000000080000000, 0x00000000d5580000, 0x00000000d5580000)
  object space 1398272K, 1% used [0x0000000080000000,0x0000000081662610,0x00000000d5580000)
 Metaspace       used 57093K, capacity 58872K, committed 59008K, reserved 1101824K
  class space    used 6652K, capacity 6981K, committed 7040K, reserved 1048576K
Event: 14.684 GC heap after
Heap after GC invocations=6 (full 3):
 PSYoungGen      total 611840K, used 0K [0x00000000d5580000, 0x0000000100000000, 0x0000000100000000)
  eden space 524800K, 0% used [0x00000000d5580000,0x00000000d5580000,0x00000000f5600000)
  from space 87040K, 0% used [0x00000000f5600000,0x00000000f5600000,0x00000000fab00000)
  to   space 87040K, 0% used [0x00000000fab00000,0x00000000fab00000,0x0000000100000000)
 ParOldGen       total 1398272K, used 44768K [0x0000000080000000, 0x00000000d5580000, 0x00000000d5580000)
  object space 1398272K, 3% used [0x0000000080000000,0x0000000082bb8008,0x00000000d5580000)
 Metaspace       used 57065K, capacity 58786K, committed 59008K, reserved 1101824K
  class space    used 6642K, capacity 6964K, committed 7040K, reserved 1048576K
}

