# JRE version: OpenJDK Runtime Environment (8.0_212-b04) (build 1.8.0_212-b04)
# Java VM: OpenJDK 64-Bit Server VM (25.212-b04 mixed mode linux-amd64 compressed oops)
Heap:
 PSYoungGen      total 611840K, used 514115K [0x00000000d5580000, 0x0000000100000000, 0x0000000100000000)
  eden space 524800K, 97% used [0x00000000d5580000,0x00000000f4b90f10,0x00000000f5600000)
  from space 87040K, 0% used [0x00000000f5600000,0x00000000f5600000,0x00000000fab00000)
  to   space 87040K, 0% used [0x00000000fab00000,0x00000000fab00000,0x0000000100000000)
 ParOldGen       total 1398272K, used 44450K [0x0000000080000000, 0x00000000d5580000, 0x00000000d5580000)
  object space 1398272K, 3% used [0x0000000080000000,0x0000000082b68b98,0x00000000d5580000)
 Metaspace       used 66453K, capacity 69218K, committed 69376K, reserved 1110016K
  class space    used 7574K, capacity 8079K, committed 8192K, reserved 1048576K
GC Heap History (10 events):
Event: 2.285 GC heap before
{Heap before GC invocations=2 (full 1):
 PSYoungGen      total 611840K, used 14230K [0x00000000d5580000, 0x0000000100000000, 0x0000000100000000)
  eden space 524800K, 0% used [0x00000000d5580000,0x00000000d5580000,0x00000000f5600000)
  from space 87040K, 16% used [0x00000000f5600000,0x00000000f63e5b70,0x00000000fab00000)
  to   space 87040K, 0% used [0x00000000fab00000,0x00000000fab00000,0x0000000100000000)
 ParOldGen       total 1398272K, used 80K [0x0000000080000000, 0x00000000d5580000, 0x00000000d5580000)
  object space 1398272K, 0% used [0x0000000080000000,0x0000000080014010,0x00000000d5580000)
 Metaspace       used 20819K, capacity 21094K, committed 21248K, reserved 1069056K
  class space    used 2370K, capacity 2482K, committed 2560K, reserved 1048576K
Event: 2.354 GC heap after
Heap after GC invocations=2 (full 1):
 PSYoungGen      total 611840K, used 0K [0x00000000d5580000, 0x0000000100000000, 0x0000000100000000)
  eden space 524800K, 0% used [0x00000000d5580000,0x00000000d5580000,0x00000000f5600000)
  from space 87040K, 0% used [0x00000000f5600000,0x00000000f5600000,0x00000000fab00000)
  to   space 87040K, 0% used [0x00000000fab00000,0x00000000fab00000,0x0000000100000000)
 ParOldGen       total 871936K, used 13729K [0x0000000080000000, 0x00000000b5380000, 0x00000000d5580000)
  object space 871936K, 1% used [0x0000000080000000,0x0000000080d68648,0x00000000b5380000)
 Metaspace       used 20819K, capacity 21094K, committed 21248K, reserved 1069056K
  class space    used 2370K, capacity 2482K, committed 2560K, reserved 1048576K
}
Event: 4.691 GC heap before
{Heap before GC invocations=3 (full 1):
 PSYoungGen      total 611840K, used 434578K [0x00000000d5580000, 0x0000000100000000, 0x0000000100000000)
  eden space 524800K, 82% used [0x00000000d5580000,0x00000000efde4980,0x00000000f5600000)
  from space 87040K, 0% used [0x00000000f5600000,0x00000000f5600000,0x00000000fab00000)
  to   space 87040K, 0% used [0x00000000fab00000,0x00000000fab00000,0x0000000100000000)
 ParOldGen       total 871936K, used 13729K [0x0000000080000000, 0x00000000b5380000, 0x00000000d5580000)
  object space 871936K, 1% used [0x0000000080000000,0x0000000080d68648,0x00000000b5380000)
 Metaspace       used 34726K, capacity 35080K, committed 35416K, reserved 1081344K
  class space    used 3970K, capacity 4060K, committed 4096K, reserved 1048576K
Event: 4.724 GC heap after
Heap after GC invocations=3 (full 1):
 PSYoungGen      total 611840K, used 19168K [0x00000000d5580000, 0x0000000100000000, 0x0000000100000000)
  eden space 524800K, 0% used [0x00000000d5580000,0x00000000d5580000,0x00000000f5600000)
  from space 87040K, 22% used [0x00000000fab00000,0x00000000fbdb80f0,0x0000000100000000)
  to   space 87040K, 0% used [0x00000000f5600000,0x00000000f5600000,0x00000000fab00000)
 ParOldGen       total 871936K, used 13729K [0x0000000080000000, 0x00000000b5380000, 0x00000000d5580000)
  object space 871936K, 1% used [0x0000000080000000,0x0000000080d68648,0x00000000b5380000)
 Metaspace       used 34726K, capacity 35080K, committed 35416K, reserved 1081344K
  class space    used 3970K, capacity 4060K, committed 4096K, reserved 1048576K
}
Event: 4.724 GC heap before
{Heap before GC invocations=4 (full 2):
 PSYoungGen      total 611840K, used 19168K [0x00000000d5580000, 0x0000000100000000, 0x0000000100000000)
  eden space 524800K, 0% used [0x00000000d5580000,0x00000000d5580000,0x00000000f5600000)
  from space 87040K, 22% used [0x00000000fab00000,0x00000000fbdb80f0,0x0000000100000000)
  to   space 87040K, 0% used [0x00000000f5600000,0x00000000f5600000,0x00000000fab00000)
 ParOldGen       total 871936K, used 13729K [0x0000000080000000, 0x00000000b5380000, 0x00000000d5580000)
  object space 871936K, 1% used [0x0000000080000000,0x0000000080d68648,0x00000000b5380000)
 Metaspace       used 34726K, capacity 35080K, committed 35416K, reserved 1081344K
  class space    used 3970K, capacity 4060K, committed 4096K, reserved 1048576K
Event: 4.817 GC heap after
Heap after GC invocations=4 (full 2):
 PSYoungGen      total 611840K, used 0K [0x00000000d5580000, 0x0000000100000000, 0x0000000100000000)
  eden space 524800K, 0% used [0x00000000d5580000,0x00000000d5580000,0x00000000f5600000)
  from space 87040K, 0% used [0x00000000fab00000,0x00000000fab00000,0x0000000100000000)
  to   space 87040K, 0% used [0x00000000f5600000,0x00000000f5600000,0x00000000fab00000)
 ParOldGen       total 1398272K, used 23548K [0x0000000080000000, 0x00000000d5580000, 0x00000000d5580000)
  object space 1398272K, 1% used [0x0000000080000000,0x00000000816ff0a8,0x00000000d5580000)
 Metaspace       used 34726K, capacity 35080K, committed 35416K, reserved 1081344K
  class space    used 3970K, capacity 4060K, committed 4096K, reserved 1048576K
}
Event: 11.917 GC heap before
{Heap before GC invocations=5 (full 2):
 PSYoungGen      total 611840K, used 510315K [0x00000000d5580000, 0x0000000100000000, 0x0000000100000000)
  eden space 524800K, 97% used [0x00000000d5580000,0x00000000f47dac10,0x00000000f5600000)
  from space 87040K, 0% used [0x00000000fab00000,0x00000000fab00000,0x0000000100000000)
  to   space 87040K, 0% used [0x00000000f5600000,0x00000000f5600000,0x00000000fab00000)
 ParOldGen       total 1398272K, used 23548K [0x0000000080000000, 0x00000000d5580000, 0x00000000d5580000)
  object space 1398272K, 1% used [0x0000000080000000,0x00000000816ff0a8,0x00000000d5580000)
 Metaspace       used 57358K, capacity 58766K, committed 59008K, reserved 1101824K
  class space    used 6643K, capacity 6941K, committed 7040K, reserved 1048576K
Event: 12.018 GC heap after
Heap after GC invocations=5 (full 2):
 PSYoungGen      total 611840K, used 33930K [0x00000000d5580000, 0x0000000100000000, 0x0000000100000000)
  eden space 524800K, 0% used [0x00000000d5580000,0x00000000d5580000,0x00000000f5600000)
  from space 87040K, 38% used [0x00000000f5600000,0x00000000f7722920,0x00000000fab00000)
  to   space 87040K, 0% used [0x00000000fab00000,0x00000000fab00000,0x0000000100000000)
 ParOldGen       total 1398272K, used 23556K [0x0000000080000000, 0x00000000d5580000, 0x00000000d5580000)
  object space 1398272K, 1% used [0x0000000080000000,0x00000000817010a8,0x00000000d5580000)
 Metaspace       used 57358K, capacity 58766K, committed 59008K, reserved 1101824K
  class space    used 6643K, capacity 6941K, committed 7040K, reserved 1048576K
}
Event: 12.018 GC heap before
{Heap before GC invocations=6 (full 3):
 PSYoungGen      total 611840K, used 33930K [0x00000000d5580000, 0x0000000100000000, 0x0000000100000000)
  eden space 524800K, 0% used [0x00000000d5580000,0x00000000d5580000,0x00000000f5600000)
  from space 87040K, 38% used [0x00000000f5600000,0x00000000f7722920,0x00000000fab00000)
  to   space 87040K, 0% used [0x00000000fab00000,0x00000000fab00000,0x0000000100000000)
 ParOldGen       total 1398272K, used 23556K [0x0000000080000000, 0x00000000d5580000, 0x00000000d5580000)
  object space 1398272K, 1% used [0x0000000080000000,0x00000000817010a8,0x00000000d5580000)
 Metaspace       used 57358K, capacity 58766K, committed 59008K, reserved 1101824K
  class space    used 6643K, capacity 6941K, committed 7040K, reserved 1048576K
Event: 12.276 GC heap after
Heap after GC invocations=6 (full 3):
 PSYoungGen      total 611840K, used 0K [0x00000000d5580000, 0x0000000100000000, 0x0000000100000000)
  eden space 524800K, 0% used [0x00000000d5580000,0x00000000d5580000,0x00000000f5600000)
  from space 87040K, 0% used [0x00000000f5600000,0x00000000f5600000,0x00000000fab00000)
  to   space 87040K, 0% used [0x00000000fab00000,0x00000000fab00000,0x0000000100000000)
 ParOldGen       total 1398272K, used 44450K [0x0000000080000000, 0x00000000d5580000, 0x00000000d5580000)
  object space 1398272K, 3% used [0x0000000080000000,0x0000000082b68b98,0x00000000d5580000)
 Metaspace       used 57317K, capacity 58664K, committed 59008K, reserved 1101824K
  class space    used 6629K, capacity 6916K, committed 7040K, reserved 1048576K
}

