# JRE version: OpenJDK Runtime Environment (8.0_212-b04) (build 1.8.0_212-b04)
# Java VM: OpenJDK 64-Bit Server VM (25.212-b04 mixed mode linux-amd64 compressed oops)
Heap:
 PSYoungGen      total 611840K, used 399871K [0x00000000d5580000, 0x0000000100000000, 0x0000000100000000)
  eden space 524800K, 76% used [0x00000000d5580000,0x00000000edbffc88,0x00000000f5600000)
  from space 87040K, 0% used [0x00000000fab00000,0x00000000fab00000,0x0000000100000000)
  to   space 87040K, 0% used [0x00000000f5600000,0x00000000f5600000,0x00000000fab00000)
 ParOldGen       total 1365504K, used 23317K [0x0000000080000000, 0x00000000d3580000, 0x00000000d5580000)
  object space 1365504K, 1% used [0x0000000080000000,0x00000000816c5530,0x00000000d3580000)
 Metaspace       used 55052K, capacity 56536K, committed 56704K, reserved 1099776K
  class space    used 6460K, capacity 6760K, committed 6784K, reserved 1048576K
GC Heap History (8 events):
Event: 2.137 GC heap before
{Heap before GC invocations=1 (full 0):
 PSYoungGen      total 611840K, used 220416K [0x00000000d5580000, 0x0000000100000000, 0x0000000100000000)
  eden space 524800K, 42% used [0x00000000d5580000,0x00000000e2cc0380,0x00000000f5600000)
  from space 87040K, 0% used [0x00000000fab00000,0x00000000fab00000,0x0000000100000000)
  to   space 87040K, 0% used [0x00000000f5600000,0x00000000f5600000,0x00000000fab00000)
 ParOldGen       total 1398272K, used 0K [0x0000000080000000, 0x00000000d5580000, 0x00000000d5580000)
  object space 1398272K, 0% used [0x0000000080000000,0x0000000080000000,0x00000000d5580000)
 Metaspace       used 20736K, capacity 21002K, committed 21248K, reserved 1069056K
  class space    used 2401K, capacity 2495K, committed 2560K, reserved 1048576K
Event: 2.204 GC heap after
Heap after GC invocations=1 (full 0):
 PSYoungGen      total 611840K, used 17662K [0x00000000d5580000, 0x0000000100000000, 0x0000000100000000)
  eden space 524800K, 0% used [0x00000000d5580000,0x00000000d5580000,0x00000000f5600000)
  from space 87040K, 20% used [0x00000000f5600000,0x00000000f673f800,0x00000000fab00000)
  to   space 87040K, 0% used [0x00000000fab00000,0x00000000fab00000,0x0000000100000000)
 ParOldGen       total 1398272K, used 8K [0x0000000080000000, 0x00000000d5580000, 0x00000000d5580000)
  object space 1398272K, 0% used [0x0000000080000000,0x0000000080002000,0x00000000d5580000)
 Metaspace       used 20736K, capacity 21002K, committed 21248K, reserved 1069056K
  class space    used 2401K, capacity 2495K, committed 2560K, reserved 1048576K
}
Event: 2.204 GC heap before
{Heap before GC invocations=2 (full 1):
 PSYoungGen      total 611840K, used 17662K [0x00000000d5580000, 0x0000000100000000, 0x0000000100000000)
  eden space 524800K, 0% used [0x00000000d5580000,0x00000000d5580000,0x00000000f5600000)
  from space 87040K, 20% used [0x00000000f5600000,0x00000000f673f800,0x00000000fab00000)
  to   space 87040K, 0% used [0x00000000fab00000,0x00000000fab00000,0x0000000100000000)
 ParOldGen       total 1398272K, used 8K [0x0000000080000000, 0x00000000d5580000, 0x00000000d5580000)
  object space 1398272K, 0% used [0x0000000080000000,0x0000000080002000,0x00000000d5580000)
 Metaspace       used 20736K, capacity 21002K, committed 21248K, reserved 1069056K
  class space    used 2401K, capacity 2495K, committed 2560K, reserved 1048576K
Event: 2.297 GC heap after
Heap after GC invocations=2 (full 1):
 PSYoungGen      total 611840K, used 0K [0x00000000d5580000, 0x0000000100000000, 0x0000000100000000)
  eden space 524800K, 0% used [0x00000000d5580000,0x00000000d5580000,0x00000000f5600000)
  from space 87040K, 0% used [0x00000000f5600000,0x00000000f5600000,0x00000000fab00000)
  to   space 87040K, 0% used [0x00000000fab00000,0x00000000fab00000,0x0000000100000000)
 ParOldGen       total 843264K, used 17026K [0x0000000080000000, 0x00000000b3780000, 0x00000000d5580000)
  object space 843264K, 2% used [0x0000000080000000,0x00000000810a0bf0,0x00000000b3780000)
 Metaspace       used 20736K, capacity 21002K, committed 21248K, reserved 1069056K
  class space    used 2401K, capacity 2495K, committed 2560K, reserved 1048576K
}
Event: 4.227 GC heap before
{Heap before GC invocations=3 (full 1):
 PSYoungGen      total 611840K, used 438218K [0x00000000d5580000, 0x0000000100000000, 0x0000000100000000)
  eden space 524800K, 83% used [0x00000000d5580000,0x00000000f0172a58,0x00000000f5600000)
  from space 87040K, 0% used [0x00000000f5600000,0x00000000f5600000,0x00000000fab00000)
  to   space 87040K, 0% used [0x00000000fab00000,0x00000000fab00000,0x0000000100000000)
 ParOldGen       total 843264K, used 17026K [0x0000000080000000, 0x00000000b3780000, 0x00000000d5580000)
  object space 843264K, 2% used [0x0000000080000000,0x00000000810a0bf0,0x00000000b3780000)
 Metaspace       used 34623K, capacity 34962K, committed 35416K, reserved 1081344K
  class space    used 3954K, capacity 4061K, committed 4096K, reserved 1048576K
Event: 4.264 GC heap after
Heap after GC invocations=3 (full 1):
 PSYoungGen      total 611840K, used 15661K [0x00000000d5580000, 0x0000000100000000, 0x0000000100000000)
  eden space 524800K, 0% used [0x00000000d5580000,0x00000000d5580000,0x00000000f5600000)
  from space 87040K, 17% used [0x00000000fab00000,0x00000000fba4b788,0x0000000100000000)
  to   space 87040K, 0% used [0x00000000f5600000,0x00000000f5600000,0x00000000fab00000)
 ParOldGen       total 843264K, used 17099K [0x0000000080000000, 0x00000000b3780000, 0x00000000d5580000)
  object space 843264K, 2% used [0x0000000080000000,0x00000000810b2c00,0x00000000b3780000)
 Metaspace       used 34623K, capacity 34962K, committed 35416K, reserved 1081344K
  class space    used 3954K, capacity 4061K, committed 4096K, reserved 1048576K
}
Event: 4.264 GC heap before
{Heap before GC invocations=4 (full 2):
 PSYoungGen      total 611840K, used 15661K [0x00000000d5580000, 0x0000000100000000, 0x0000000100000000)
  eden space 524800K, 0% used [0x00000000d5580000,0x00000000d5580000,0x00000000f5600000)
  from space 87040K, 17% used [0x00000000fab00000,0x00000000fba4b788,0x0000000100000000)
  to   space 87040K, 0% used [0x00000000f5600000,0x00000000f5600000,0x00000000fab00000)
 ParOldGen       total 843264K, used 17099K [0x0000000080000000, 0x00000000b3780000, 0x00000000d5580000)
  object space 843264K, 2% used [0x0000000080000000,0x00000000810b2c00,0x00000000b3780000)
 Metaspace       used 34623K, capacity 34962K, committed 35416K, reserved 1081344K
  class space    used 3954K, capacity 4061K, committed 4096K, reserved 1048576K
Event: 4.347 GC heap after
Heap after GC invocations=4 (full 2):
 PSYoungGen      total 611840K, used 0K [0x00000000d5580000, 0x0000000100000000, 0x0000000100000000)
  eden space 524800K, 0% used [0x00000000d5580000,0x00000000d5580000,0x00000000f5600000)
  from space 87040K, 0% used [0x00000000fab00000,0x00000000fab00000,0x0000000100000000)
  to   space 87040K, 0% used [0x00000000f5600000,0x00000000f5600000,0x00000000fab00000)
 ParOldGen       total 1365504K, used 23317K [0x0000000080000000, 0x00000000d3580000, 0x00000000d5580000)
  object space 1365504K, 1% used [0x0000000080000000,0x00000000816c5530,0x00000000d3580000)
 Metaspace       used 34623K, capacity 34962K, committed 35416K, reserved 1081344K
  class space    used 3954K, capacity 4061K, committed 4096K, reserved 1048576K
}

