# JRE version: OpenJDK Runtime Environment (8.0_212-b04) (build 1.8.0_212-b04)
# Java VM: OpenJDK 64-Bit Server VM (25.212-b04 mixed mode linux-amd64 compressed oops)
Heap:
 PSYoungGen      total 521216K, used 173929K [0x00000000d5580000, 0x0000000100000000, 0x0000000100000000)
  eden space 432640K, 19% used [0x00000000d5580000,0x00000000da8ea058,0x00000000efc00000)
  from space 88576K, 99% used [0x00000000fa980000,0x00000000ffff8170,0x0000000100000000)
  to   space 133120K, 0% used [0x00000000efc00000,0x00000000efc00000,0x00000000f7e00000)
 ParOldGen       total 1398272K, used 67752K [0x0000000080000000, 0x00000000d5580000, 0x00000000d5580000)
  object space 1398272K, 4% used [0x0000000080000000,0x000000008422a278,0x00000000d5580000)
 Metaspace       used 70799K, capacity 74244K, committed 74368K, reserved 1116160K
  class space    used 7728K, capacity 8320K, committed 8320K, reserved 1048576K
GC Heap History (10 events):
Event: 11.487 GC heap before
{Heap before GC invocations=5 (full 2):
 PSYoungGen      total 611840K, used 372111K [0x00000000d5580000, 0x0000000100000000, 0x0000000100000000)
  eden space 524800K, 70% used [0x00000000d5580000,0x00000000ec0e3eb8,0x00000000f5600000)
  from space 87040K, 0% used [0x00000000fab00000,0x00000000fab00000,0x0000000100000000)
  to   space 87040K, 0% used [0x00000000f5600000,0x00000000f5600000,0x00000000fab00000)
 ParOldGen       total 1372672K, used 22883K [0x0000000080000000, 0x00000000d3c80000, 0x00000000d5580000)
  object space 1372672K, 1% used [0x0000000080000000,0x0000000081658dc8,0x00000000d3c80000)
 Metaspace       used 57003K, capacity 58852K, committed 59008K, reserved 1101824K
  class space    used 6669K, capacity 7016K, committed 7040K, reserved 1048576K
Event: 11.552 GC heap after
Heap after GC invocations=5 (full 2):
 PSYoungGen      total 611840K, used 33283K [0x00000000d5580000, 0x0000000100000000, 0x0000000100000000)
  eden space 524800K, 0% used [0x00000000d5580000,0x00000000d5580000,0x00000000f5600000)
  from space 87040K, 38% used [0x00000000f5600000,0x00000000f7680e00,0x00000000fab00000)
  to   space 87040K, 0% used [0x00000000fab00000,0x00000000fab00000,0x0000000100000000)
 ParOldGen       total 1372672K, used 22891K [0x0000000080000000, 0x00000000d3c80000, 0x00000000d5580000)
  object space 1372672K, 1% used [0x0000000080000000,0x000000008165adc8,0x00000000d3c80000)
 Metaspace       used 57003K, capacity 58852K, committed 59008K, reserved 1101824K
  class space    used 6669K, capacity 7016K, committed 7040K, reserved 1048576K
}
Event: 11.552 GC heap before
{Heap before GC invocations=6 (full 3):
 PSYoungGen      total 611840K, used 33283K [0x00000000d5580000, 0x0000000100000000, 0x0000000100000000)
  eden space 524800K, 0% used [0x00000000d5580000,0x00000000d5580000,0x00000000f5600000)
  from space 87040K, 38% used [0x00000000f5600000,0x00000000f7680e00,0x00000000fab00000)
  to   space 87040K, 0% used [0x00000000fab00000,0x00000000fab00000,0x0000000100000000)
 ParOldGen       total 1372672K, used 22891K [0x0000000080000000, 0x00000000d3c80000, 0x00000000d5580000)
  object space 1372672K, 1% used [0x0000000080000000,0x000000008165adc8,0x00000000d3c80000)
 Metaspace       used 57003K, capacity 58852K, committed 59008K, reserved 1101824K
  class space    used 6669K, capacity 7016K, committed 7040K, reserved 1048576K
Event: 11.763 GC heap after
Heap after GC invocations=6 (full 3):
 PSYoungGen      total 611840K, used 0K [0x00000000d5580000, 0x0000000100000000, 0x0000000100000000)
  eden space 524800K, 0% used [0x00000000d5580000,0x00000000d5580000,0x00000000f5600000)
  from space 87040K, 0% used [0x00000000f5600000,0x00000000f5600000,0x00000000fab00000)
  to   space 87040K, 0% used [0x00000000fab00000,0x00000000fab00000,0x0000000100000000)
 ParOldGen       total 1398272K, used 43320K [0x0000000080000000, 0x00000000d5580000, 0x00000000d5580000)
  object space 1398272K, 3% used [0x0000000080000000,0x0000000082a4e3d8,0x00000000d5580000)
 Metaspace       used 56884K, capacity 58532K, committed 59008K, reserved 1101824K
  class space    used 6628K, capacity 6942K, committed 7040K, reserved 1048576K
}
Event: 52.998 GC heap before
{Heap before GC invocations=7 (full 3):
 PSYoungGen      total 611840K, used 524800K [0x00000000d5580000, 0x0000000100000000, 0x0000000100000000)
  eden space 524800K, 100% used [0x00000000d5580000,0x00000000f5600000,0x00000000f5600000)
  from space 87040K, 0% used [0x00000000f5600000,0x00000000f5600000,0x00000000fab00000)
  to   space 87040K, 0% used [0x00000000fab00000,0x00000000fab00000,0x0000000100000000)
 ParOldGen       total 1398272K, used 43320K [0x0000000080000000, 0x00000000d5580000, 0x00000000d5580000)
  object space 1398272K, 3% used [0x0000000080000000,0x0000000082a4e3d8,0x00000000d5580000)
 Metaspace       used 67637K, capacity 70836K, committed 71040K, reserved 1112064K
  class space    used 7637K, capacity 8208K, committed 8320K, reserved 1048576K
Event: 53.210 GC heap after
Heap after GC invocations=7 (full 3):
 PSYoungGen      total 611840K, used 87032K [0x00000000d5580000, 0x0000000100000000, 0x0000000100000000)
  eden space 524800K, 0% used [0x00000000d5580000,0x00000000d5580000,0x00000000f5600000)
  from space 87040K, 99% used [0x00000000fab00000,0x00000000ffffe2e0,0x0000000100000000)
  to   space 87040K, 0% used [0x00000000f5600000,0x00000000f5600000,0x00000000fab00000)
 ParOldGen       total 1398272K, used 51257K [0x0000000080000000, 0x00000000d5580000, 0x00000000d5580000)
  object space 1398272K, 3% used [0x0000000080000000,0x000000008320e468,0x00000000d5580000)
 Metaspace       used 67637K, capacity 70836K, committed 71040K, reserved 1112064K
  class space    used 7637K, capacity 8208K, committed 8320K, reserved 1048576K
}
Event: 226.655 GC heap before
{Heap before GC invocations=8 (full 3):
 PSYoungGen      total 611840K, used 611832K [0x00000000d5580000, 0x0000000100000000, 0x0000000100000000)
  eden space 524800K, 100% used [0x00000000d5580000,0x00000000f5600000,0x00000000f5600000)
  from space 87040K, 99% used [0x00000000fab00000,0x00000000ffffe2e0,0x0000000100000000)
  to   space 87040K, 0% used [0x00000000f5600000,0x00000000f5600000,0x00000000fab00000)
 ParOldGen       total 1398272K, used 51257K [0x0000000080000000, 0x00000000d5580000, 0x00000000d5580000)
  object space 1398272K, 3% used [0x0000000080000000,0x000000008320e468,0x00000000d5580000)
 Metaspace       used 69478K, capacity 72766K, committed 72832K, reserved 1114112K
  class space    used 7686K, capacity 8269K, committed 8320K, reserved 1048576K
Event: 226.855 GC heap after
Heap after GC invocations=8 (full 3):
 PSYoungGen      total 610304K, used 85043K [0x00000000d5580000, 0x0000000100000000, 0x0000000100000000)
  eden space 524800K, 0% used [0x00000000d5580000,0x00000000d5580000,0x00000000f5600000)
  from space 85504K, 99% used [0x00000000f5600000,0x00000000fa90ce10,0x00000000fa980000)
  to   space 88576K, 0% used [0x00000000fa980000,0x00000000fa980000,0x0000000100000000)
 ParOldGen       total 1398272K, used 51265K [0x0000000080000000, 0x00000000d5580000, 0x00000000d5580000)
  object space 1398272K, 3% used [0x0000000080000000,0x0000000083210468,0x00000000d5580000)
 Metaspace       used 69478K, capacity 72766K, committed 72832K, reserved 1114112K
  class space    used 7686K, capacity 8269K, committed 8320K, reserved 1048576K
}
Event: 303.806 GC heap before
{Heap before GC invocations=9 (full 3):
 PSYoungGen      total 610304K, used 609843K [0x00000000d5580000, 0x0000000100000000, 0x0000000100000000)
  eden space 524800K, 100% used [0x00000000d5580000,0x00000000f5600000,0x00000000f5600000)
  from space 85504K, 99% used [0x00000000f5600000,0x00000000fa90ce10,0x00000000fa980000)
  to   space 88576K, 0% used [0x00000000fa980000,0x00000000fa980000,0x0000000100000000)
 ParOldGen       total 1398272K, used 51265K [0x0000000080000000, 0x00000000d5580000, 0x00000000d5580000)
  object space 1398272K, 3% used [0x0000000080000000,0x0000000083210468,0x00000000d5580000)
 Metaspace       used 70651K, capacity 74052K, committed 74112K, reserved 1116160K
  class space    used 7720K, capacity 8310K, committed 8320K, reserved 1048576K
Event: 304.030 GC heap after
Heap after GC invocations=9 (full 3):
 PSYoungGen      total 521216K, used 88544K [0x00000000d5580000, 0x0000000100000000, 0x0000000100000000)
  eden space 432640K, 0% used [0x00000000d5580000,0x00000000d5580000,0x00000000efc00000)
  from space 88576K, 99% used [0x00000000fa980000,0x00000000ffff8170,0x0000000100000000)
  to   space 133120K, 0% used [0x00000000efc00000,0x00000000efc00000,0x00000000f7e00000)
 ParOldGen       total 1398272K, used 67752K [0x0000000080000000, 0x00000000d5580000, 0x00000000d5580000)
  object space 1398272K, 4% used [0x0000000080000000,0x000000008422a278,0x00000000d5580000)
 Metaspace       used 70651K, capacity 74052K, committed 74112K, reserved 1116160K
  class space    used 7720K, capacity 8310K, committed 8320K, reserved 1048576K
}

