# JRE version: OpenJDK Runtime Environment (8.0_212-b04) (build 1.8.0_212-b04)
# Java VM: OpenJDK 64-Bit Server VM (25.212-b04 mixed mode linux-amd64 compressed oops)
Heap:
 PSYoungGen      total 536576K, used 229361K [0x00000000d5580000, 0x0000000100000000, 0x0000000100000000)
  eden space 374272K, 54% used [0x00000000d5580000,0x00000000e1d29618,0x00000000ec300000)
  from space 162304K, 15% used [0x00000000ec300000,0x00000000edb530b0,0x00000000f6180000)
  to   space 156160K, 0% used [0x00000000f6780000,0x00000000f6780000,0x0000000100000000)
 ParOldGen       total 1398272K, used 170237K [0x0000000080000000, 0x00000000d5580000, 0x00000000d5580000)
  object space 1398272K, 12% used [0x0000000080000000,0x000000008a63f7e8,0x00000000d5580000)
 Metaspace       used 68312K, capacity 71436K, committed 71680K, reserved 1112064K
  class space    used 7628K, capacity 8184K, committed 8192K, reserved 1048576K
GC Heap History (10 events):
Event: 12.110 GC heap before
{Heap before GC invocations=6 (full 2):
 PSYoungGen      total 611840K, used 173812K [0x00000000d5580000, 0x0000000100000000, 0x0000000100000000)
  eden space 524800K, 28% used [0x00000000d5580000,0x00000000de7159c0,0x00000000f5600000)
  from space 87040K, 28% used [0x00000000f5600000,0x00000000f6e276a0,0x00000000fab00000)
  to   space 87040K, 0% used [0x00000000fab00000,0x00000000fab00000,0x0000000100000000)
 ParOldGen       total 1398272K, used 23544K [0x0000000080000000, 0x00000000d5580000, 0x00000000d5580000)
  object space 1398272K, 1% used [0x0000000080000000,0x00000000816fe3a0,0x00000000d5580000)
 Metaspace       used 57198K, capacity 58822K, committed 59008K, reserved 1101824K
  class space    used 6616K, capacity 6927K, committed 7040K, reserved 1048576K
Event: 12.156 GC heap after
Heap after GC invocations=6 (full 2):
 PSYoungGen      total 611840K, used 22111K [0x00000000d5580000, 0x0000000100000000, 0x0000000100000000)
  eden space 524800K, 0% used [0x00000000d5580000,0x00000000d5580000,0x00000000f5600000)
  from space 87040K, 25% used [0x00000000fab00000,0x00000000fc097f60,0x0000000100000000)
  to   space 87040K, 0% used [0x00000000f5600000,0x00000000f5600000,0x00000000fab00000)
 ParOldGen       total 1398272K, used 23552K [0x0000000080000000, 0x00000000d5580000, 0x00000000d5580000)
  object space 1398272K, 1% used [0x0000000080000000,0x00000000817003a0,0x00000000d5580000)
 Metaspace       used 57198K, capacity 58822K, committed 59008K, reserved 1101824K
  class space    used 6616K, capacity 6927K, committed 7040K, reserved 1048576K
}
Event: 12.156 GC heap before
{Heap before GC invocations=7 (full 3):
 PSYoungGen      total 611840K, used 22111K [0x00000000d5580000, 0x0000000100000000, 0x0000000100000000)
  eden space 524800K, 0% used [0x00000000d5580000,0x00000000d5580000,0x00000000f5600000)
  from space 87040K, 25% used [0x00000000fab00000,0x00000000fc097f60,0x0000000100000000)
  to   space 87040K, 0% used [0x00000000f5600000,0x00000000f5600000,0x00000000fab00000)
 ParOldGen       total 1398272K, used 23552K [0x0000000080000000, 0x00000000d5580000, 0x00000000d5580000)
  object space 1398272K, 1% used [0x0000000080000000,0x00000000817003a0,0x00000000d5580000)
 Metaspace       used 57198K, capacity 58822K, committed 59008K, reserved 1101824K
  class space    used 6616K, capacity 6927K, committed 7040K, reserved 1048576K
Event: 12.467 GC heap after
Heap after GC invocations=7 (full 3):
 PSYoungGen      total 611840K, used 0K [0x00000000d5580000, 0x0000000100000000, 0x0000000100000000)
  eden space 524800K, 0% used [0x00000000d5580000,0x00000000d5580000,0x00000000f5600000)
  from space 87040K, 0% used [0x00000000fab00000,0x00000000fab00000,0x0000000100000000)
  to   space 87040K, 0% used [0x00000000f5600000,0x00000000f5600000,0x00000000fab00000)
 ParOldGen       total 1398272K, used 33492K [0x0000000080000000, 0x00000000d5580000, 0x00000000d5580000)
  object space 1398272K, 2% used [0x0000000080000000,0x00000000820b53b0,0x00000000d5580000)
 Metaspace       used 57127K, capacity 58630K, committed 59008K, reserved 1101824K
  class space    used 6591K, capacity 6883K, committed 7040K, reserved 1048576K
}
Event: 28.977 GC heap before
{Heap before GC invocations=8 (full 3):
 PSYoungGen      total 611840K, used 524800K [0x00000000d5580000, 0x0000000100000000, 0x0000000100000000)
  eden space 524800K, 100% used [0x00000000d5580000,0x00000000f5600000,0x00000000f5600000)
  from space 87040K, 0% used [0x00000000fab00000,0x00000000fab00000,0x0000000100000000)
  to   space 87040K, 0% used [0x00000000f5600000,0x00000000f5600000,0x00000000fab00000)
 ParOldGen       total 1398272K, used 33492K [0x0000000080000000, 0x00000000d5580000, 0x00000000d5580000)
  object space 1398272K, 2% used [0x0000000080000000,0x00000000820b53b0,0x00000000d5580000)
 Metaspace       used 65455K, capacity 68250K, committed 68480K, reserved 1110016K
  class space    used 7469K, capacity 7973K, committed 8064K, reserved 1048576K
Event: 29.195 GC heap after
Heap after GC invocations=8 (full 3):
 PSYoungGen      total 611840K, used 87036K [0x00000000d5580000, 0x00000000fef00000, 0x0000000100000000)
  eden space 524800K, 0% used [0x00000000d5580000,0x00000000d5580000,0x00000000f5600000)
  from space 87040K, 99% used [0x00000000f5600000,0x00000000faaff288,0x00000000fab00000)
  to   space 69632K, 0% used [0x00000000fab00000,0x00000000fab00000,0x00000000fef00000)
 ParOldGen       total 1398272K, used 43380K [0x0000000080000000, 0x00000000d5580000, 0x00000000d5580000)
  object space 1398272K, 3% used [0x0000000080000000,0x0000000082a5d308,0x00000000d5580000)
 Metaspace       used 65455K, capacity 68250K, committed 68480K, reserved 1110016K
  class space    used 7469K, capacity 7973K, committed 8064K, reserved 1048576K
}
Event: 52.891 GC heap before
{Heap before GC invocations=9 (full 3):
 PSYoungGen      total 611840K, used 605402K [0x00000000d5580000, 0x00000000fef00000, 0x0000000100000000)
  eden space 524800K, 98% used [0x00000000d5580000,0x00000000f4fb75f0,0x00000000f5600000)
  from space 87040K, 99% used [0x00000000f5600000,0x00000000faaff288,0x00000000fab00000)
  to   space 69632K, 0% used [0x00000000fab00000,0x00000000fab00000,0x00000000fef00000)
 ParOldGen       total 1398272K, used 43380K [0x0000000080000000, 0x00000000d5580000, 0x00000000d5580000)
  object space 1398272K, 3% used [0x0000000080000000,0x0000000082a5d308,0x00000000d5580000)
 Metaspace       used 66951K, capacity 69968K, committed 70144K, reserved 1112064K
  class space    used 7558K, capacity 8100K, committed 8192K, reserved 1048576K
Event: 53.140 GC heap after
Heap after GC invocations=9 (full 3):
 PSYoungGen      total 443904K, used 69604K [0x00000000d5580000, 0x0000000100000000, 0x0000000100000000)
  eden space 374272K, 0% used [0x00000000d5580000,0x00000000d5580000,0x00000000ec300000)
  from space 69632K, 99% used [0x00000000fab00000,0x00000000feef93a8,0x00000000fef00000)
  to   space 162304K, 0% used [0x00000000ec300000,0x00000000ec300000,0x00000000f6180000)
 ParOldGen       total 1398272K, used 170229K [0x0000000080000000, 0x00000000d5580000, 0x00000000d5580000)
  object space 1398272K, 12% used [0x0000000080000000,0x000000008a63d7e8,0x00000000d5580000)
 Metaspace       used 66951K, capacity 69968K, committed 70144K, reserved 1112064K
  class space    used 7558K, capacity 8100K, committed 8192K, reserved 1048576K
}
Event: 75.080 GC heap before
{Heap before GC invocations=10 (full 3):
 PSYoungGen      total 443904K, used 443876K [0x00000000d5580000, 0x0000000100000000, 0x0000000100000000)
  eden space 374272K, 100% used [0x00000000d5580000,0x00000000ec300000,0x00000000ec300000)
  from space 69632K, 99% used [0x00000000fab00000,0x00000000feef93a8,0x00000000fef00000)
  to   space 162304K, 0% used [0x00000000ec300000,0x00000000ec300000,0x00000000f6180000)
 ParOldGen       total 1398272K, used 170229K [0x0000000080000000, 0x00000000d5580000, 0x00000000d5580000)
  object space 1398272K, 12% used [0x0000000080000000,0x000000008a63d7e8,0x00000000d5580000)
 Metaspace       used 67718K, capacity 70762K, committed 70912K, reserved 1112064K
  class space    used 7600K, capacity 8147K, committed 8192K, reserved 1048576K
Event: 75.131 GC heap after
Heap after GC invocations=10 (full 3):
 PSYoungGen      total 536576K, used 24908K [0x00000000d5580000, 0x0000000100000000, 0x0000000100000000)
  eden space 374272K, 0% used [0x00000000d5580000,0x00000000d5580000,0x00000000ec300000)
  from space 162304K, 15% used [0x00000000ec300000,0x00000000edb530b0,0x00000000f6180000)
  to   space 156160K, 0% used [0x00000000f6780000,0x00000000f6780000,0x0000000100000000)
 ParOldGen       total 1398272K, used 170237K [0x0000000080000000, 0x00000000d5580000, 0x00000000d5580000)
  object space 1398272K, 12% used [0x0000000080000000,0x000000008a63f7e8,0x00000000d5580000)
 Metaspace       used 67718K, capacity 70762K, committed 70912K, reserved 1112064K
  class space    used 7600K, capacity 8147K, committed 8192K, reserved 1048576K
}

