# JRE version: OpenJDK Runtime Environment (8.0_212-b04) (build 1.8.0_212-b04)
# Java VM: OpenJDK 64-Bit Server VM (25.212-b04 mixed mode linux-amd64 compressed oops)
Heap:
 PSYoungGen      total 556032K, used 278582K [0x00000000d5580000, 0x00000000fab80000, 0x0000000100000000)
  eden space 524800K, 47% used [0x00000000d5580000,0x00000000e4739a90,0x00000000f5600000)
  from space 31232K, 99% used [0x00000000f5600000,0x00000000f7453ef0,0x00000000f7480000)
  to   space 31232K, 0% used [0x00000000f8d00000,0x00000000f8d00000,0x00000000fab80000)
 ParOldGen       total 1398272K, used 32580K [0x0000000080000000, 0x00000000d5580000, 0x00000000d5580000)
  object space 1398272K, 2% used [0x0000000080000000,0x0000000081fd12d8,0x00000000d5580000)
 Metaspace       used 76619K, capacity 79995K, committed 80000K, reserved 1120256K
  class space    used 8983K, capacity 9600K, committed 9600K, reserved 1048576K
GC Heap History (10 events):
Event: 4.701 GC heap before
{Heap before GC invocations=4 (full 2):
 PSYoungGen      total 611840K, used 19440K [0x00000000d5580000, 0x0000000100000000, 0x0000000100000000)
  eden space 524800K, 0% used [0x00000000d5580000,0x00000000d5580000,0x00000000f5600000)
  from space 87040K, 22% used [0x00000000fab00000,0x00000000fbdfc1d8,0x0000000100000000)
  to   space 87040K, 0% used [0x00000000f5600000,0x00000000f5600000,0x00000000fab00000)
 ParOldGen       total 873984K, used 13530K [0x0000000080000000, 0x00000000b5580000, 0x00000000d5580000)
  object space 873984K, 1% used [0x0000000080000000,0x0000000080d36a30,0x00000000b5580000)
 Metaspace       used 34763K, capacity 35018K, committed 35416K, reserved 1081344K
  class space    used 4188K, capacity 4289K, committed 4352K, reserved 1048576K
Event: 4.831 GC heap after
Heap after GC invocations=4 (full 2):
 PSYoungGen      total 611840K, used 0K [0x00000000d5580000, 0x0000000100000000, 0x0000000100000000)
  eden space 524800K, 0% used [0x00000000d5580000,0x00000000d5580000,0x00000000f5600000)
  from space 87040K, 0% used [0x00000000fab00000,0x00000000fab00000,0x0000000100000000)
  to   space 87040K, 0% used [0x00000000f5600000,0x00000000f5600000,0x00000000fab00000)
 ParOldGen       total 1398272K, used 24282K [0x0000000080000000, 0x00000000d5580000, 0x00000000d5580000)
  object space 1398272K, 1% used [0x0000000080000000,0x00000000817b6af0,0x00000000d5580000)
 Metaspace       used 34763K, capacity 35018K, committed 35416K, reserved 1081344K
  class space    used 4188K, capacity 4289K, committed 4352K, reserved 1048576K
}
Event: 7.590 GC heap before
{Heap before GC invocations=5 (full 2):
 PSYoungGen      total 611840K, used 524800K [0x00000000d5580000, 0x0000000100000000, 0x0000000100000000)
  eden space 524800K, 100% used [0x00000000d5580000,0x00000000f5600000,0x00000000f5600000)
  from space 87040K, 0% used [0x00000000fab00000,0x00000000fab00000,0x0000000100000000)
  to   space 87040K, 0% used [0x00000000f5600000,0x00000000f5600000,0x00000000fab00000)
 ParOldGen       total 1398272K, used 24282K [0x0000000080000000, 0x00000000d5580000, 0x00000000d5580000)
  object space 1398272K, 1% used [0x0000000080000000,0x00000000817b6af0,0x00000000d5580000)
 Metaspace       used 49304K, capacity 50116K, committed 50432K, reserved 1093632K
  class space    used 5870K, capacity 6054K, committed 6144K, reserved 1048576K
Event: 7.629 GC heap after
Heap after GC invocations=5 (full 2):
 PSYoungGen      total 611840K, used 20097K [0x00000000d5580000, 0x0000000100000000, 0x0000000100000000)
  eden space 524800K, 0% used [0x00000000d5580000,0x00000000d5580000,0x00000000f5600000)
  from space 87040K, 23% used [0x00000000f5600000,0x00000000f69a07f8,0x00000000fab00000)
  to   space 87040K, 0% used [0x00000000fab00000,0x00000000fab00000,0x0000000100000000)
 ParOldGen       total 1398272K, used 24282K [0x0000000080000000, 0x00000000d5580000, 0x00000000d5580000)
  object space 1398272K, 1% used [0x0000000080000000,0x00000000817b6af0,0x00000000d5580000)
 Metaspace       used 49304K, capacity 50116K, committed 50432K, reserved 1093632K
  class space    used 5870K, capacity 6054K, committed 6144K, reserved 1048576K
}
Event: 11.911 GC heap before
{Heap before GC invocations=6 (full 2):
 PSYoungGen      total 611840K, used 322194K [0x00000000d5580000, 0x0000000100000000, 0x0000000100000000)
  eden space 524800K, 57% used [0x00000000d5580000,0x00000000e7c84390,0x00000000f5600000)
  from space 87040K, 23% used [0x00000000f5600000,0x00000000f69a07f8,0x00000000fab00000)
  to   space 87040K, 0% used [0x00000000fab00000,0x00000000fab00000,0x0000000100000000)
 ParOldGen       total 1398272K, used 24282K [0x0000000080000000, 0x00000000d5580000, 0x00000000d5580000)
  object space 1398272K, 1% used [0x0000000080000000,0x00000000817b6af0,0x00000000d5580000)
 Metaspace       used 57809K, capacity 58977K, committed 59028K, reserved 1101824K
  class space    used 6937K, capacity 7168K, committed 7168K, reserved 1048576K
Event: 11.952 GC heap after
Heap after GC invocations=6 (full 2):
 PSYoungGen      total 611840K, used 20090K [0x00000000d5580000, 0x0000000100000000, 0x0000000100000000)
  eden space 524800K, 0% used [0x00000000d5580000,0x00000000d5580000,0x00000000f5600000)
  from space 87040K, 23% used [0x00000000fab00000,0x00000000fbe9ea00,0x0000000100000000)
  to   space 87040K, 0% used [0x00000000f5600000,0x00000000f5600000,0x00000000fab00000)
 ParOldGen       total 1398272K, used 24290K [0x0000000080000000, 0x00000000d5580000, 0x00000000d5580000)
  object space 1398272K, 1% used [0x0000000080000000,0x00000000817b8af0,0x00000000d5580000)
 Metaspace       used 57809K, capacity 58977K, committed 59028K, reserved 1101824K
  class space    used 6937K, capacity 7168K, committed 7168K, reserved 1048576K
}
Event: 11.952 GC heap before
{Heap before GC invocations=7 (full 3):
 PSYoungGen      total 611840K, used 20090K [0x00000000d5580000, 0x0000000100000000, 0x0000000100000000)
  eden space 524800K, 0% used [0x00000000d5580000,0x00000000d5580000,0x00000000f5600000)
  from space 87040K, 23% used [0x00000000fab00000,0x00000000fbe9ea00,0x0000000100000000)
  to   space 87040K, 0% used [0x00000000f5600000,0x00000000f5600000,0x00000000fab00000)
 ParOldGen       total 1398272K, used 24290K [0x0000000080000000, 0x00000000d5580000, 0x00000000d5580000)
  object space 1398272K, 1% used [0x0000000080000000,0x00000000817b8af0,0x00000000d5580000)
 Metaspace       used 57809K, capacity 58977K, committed 59028K, reserved 1101824K
  class space    used 6937K, capacity 7168K, committed 7168K, reserved 1048576K
Event: 12.240 GC heap after
Heap after GC invocations=7 (full 3):
 PSYoungGen      total 611840K, used 0K [0x00000000d5580000, 0x0000000100000000, 0x0000000100000000)
  eden space 524800K, 0% used [0x00000000d5580000,0x00000000d5580000,0x00000000f5600000)
  from space 87040K, 0% used [0x00000000fab00000,0x00000000fab00000,0x0000000100000000)
  to   space 87040K, 0% used [0x00000000f5600000,0x00000000f5600000,0x00000000fab00000)
 ParOldGen       total 1398272K, used 32572K [0x0000000080000000, 0x00000000d5580000, 0x00000000d5580000)
  object space 1398272K, 2% used [0x0000000080000000,0x0000000081fcf2d8,0x00000000d5580000)
 Metaspace       used 57720K, capacity 58765K, committed 59028K, reserved 1101824K
  class space    used 6907K, capacity 7116K, committed 7168K, reserved 1048576K
}
Event: 37.423 GC heap before
{Heap before GC invocations=8 (full 3):
 PSYoungGen      total 611840K, used 524800K [0x00000000d5580000, 0x0000000100000000, 0x0000000100000000)
  eden space 524800K, 100% used [0x00000000d5580000,0x00000000f5600000,0x00000000f5600000)
  from space 87040K, 0% used [0x00000000fab00000,0x00000000fab00000,0x0000000100000000)
  to   space 87040K, 0% used [0x00000000f5600000,0x00000000f5600000,0x00000000fab00000)
 ParOldGen       total 1398272K, used 32572K [0x0000000080000000, 0x00000000d5580000, 0x00000000d5580000)
  object space 1398272K, 2% used [0x0000000080000000,0x0000000081fcf2d8,0x00000000d5580000)
 Metaspace       used 72863K, capacity 75193K, committed 75392K, reserved 1116160K
  class space    used 8535K, capacity 8963K, committed 9088K, reserved 1048576K
Event: 37.490 GC heap after
Heap after GC invocations=8 (full 3):
 PSYoungGen      total 556032K, used 31055K [0x00000000d5580000, 0x00000000fab80000, 0x0000000100000000)
  eden space 524800K, 0% used [0x00000000d5580000,0x00000000d5580000,0x00000000f5600000)
  from space 31232K, 99% used [0x00000000f5600000,0x00000000f7453ef0,0x00000000f7480000)
  to   space 31232K, 0% used [0x00000000f8d00000,0x00000000f8d00000,0x00000000fab80000)
 ParOldGen       total 1398272K, used 32580K [0x0000000080000000, 0x00000000d5580000, 0x00000000d5580000)
  object space 1398272K, 2% used [0x0000000080000000,0x0000000081fd12d8,0x00000000d5580000)
 Metaspace       used 72863K, capacity 75193K, committed 75392K, reserved 1116160K
  class space    used 8535K, capacity 8963K, committed 9088K, reserved 1048576K
}

