# JRE version: OpenJDK Runtime Environment (8.0_212-b04) (build 1.8.0_212-b04)
# Java VM: OpenJDK 64-Bit Server VM (25.212-b04 mixed mode linux-amd64 compressed oops)
Heap:
 PSYoungGen      total 611840K, used 218787K [0x00000000d5580000, 0x0000000100000000, 0x0000000100000000)
  eden space 524800K, 41% used [0x00000000d5580000,0x00000000e2b28da0,0x00000000f5600000)
  from space 87040K, 0% used [0x00000000f5600000,0x00000000f5600000,0x00000000fab00000)
  to   space 87040K, 0% used [0x00000000fab00000,0x00000000fab00000,0x0000000100000000)
 ParOldGen       total 1398272K, used 41345K [0x0000000080000000, 0x00000000d5580000, 0x00000000d5580000)
  object space 1398272K, 2% used [0x0000000080000000,0x0000000082860610,0x00000000d5580000)
 Metaspace       used 61957K, capacity 64300K, committed 64512K, reserved 1105920K
  class space    used 7159K, capacity 7576K, committed 7680K, reserved 1048576K
GC Heap History (10 events):
Event: 2.350 GC heap before
{Heap before GC invocations=2 (full 1):
 PSYoungGen      total 611840K, used 14280K [0x00000000d5580000, 0x0000000100000000, 0x0000000100000000)
  eden space 524800K, 0% used [0x00000000d5580000,0x00000000d5580000,0x00000000f5600000)
  from space 87040K, 16% used [0x00000000f5600000,0x00000000f63f2160,0x00000000fab00000)
  to   space 87040K, 0% used [0x00000000fab00000,0x00000000fab00000,0x0000000100000000)
 ParOldGen       total 1398272K, used 80K [0x0000000080000000, 0x00000000d5580000, 0x00000000d5580000)
  object space 1398272K, 0% used [0x0000000080000000,0x0000000080014010,0x00000000d5580000)
 Metaspace       used 20807K, capacity 21106K, committed 21248K, reserved 1069056K
  class space    used 2362K, capacity 2482K, committed 2560K, reserved 1048576K
Event: 2.407 GC heap after
Heap after GC invocations=2 (full 1):
 PSYoungGen      total 611840K, used 0K [0x00000000d5580000, 0x0000000100000000, 0x0000000100000000)
  eden space 524800K, 0% used [0x00000000d5580000,0x00000000d5580000,0x00000000f5600000)
  from space 87040K, 0% used [0x00000000f5600000,0x00000000f5600000,0x00000000fab00000)
  to   space 87040K, 0% used [0x00000000fab00000,0x00000000fab00000,0x0000000100000000)
 ParOldGen       total 870400K, used 13727K [0x0000000080000000, 0x00000000b5200000, 0x00000000d5580000)
  object space 870400K, 1% used [0x0000000080000000,0x0000000080d67c70,0x00000000b5200000)
 Metaspace       used 20807K, capacity 21106K, committed 21248K, reserved 1069056K
  class space    used 2362K, capacity 2482K, committed 2560K, reserved 1048576K
}
Event: 4.571 GC heap before
{Heap before GC invocations=3 (full 1):
 PSYoungGen      total 611840K, used 424052K [0x00000000d5580000, 0x0000000100000000, 0x0000000100000000)
  eden space 524800K, 80% used [0x00000000d5580000,0x00000000ef39d1a0,0x00000000f5600000)
  from space 87040K, 0% used [0x00000000f5600000,0x00000000f5600000,0x00000000fab00000)
  to   space 87040K, 0% used [0x00000000fab00000,0x00000000fab00000,0x0000000100000000)
 ParOldGen       total 870400K, used 13727K [0x0000000080000000, 0x00000000b5200000, 0x00000000d5580000)
  object space 870400K, 1% used [0x0000000080000000,0x0000000080d67c70,0x00000000b5200000)
 Metaspace       used 34716K, capacity 35092K, committed 35416K, reserved 1081344K
  class space    used 3956K, capacity 4060K, committed 4096K, reserved 1048576K
Event: 4.609 GC heap after
Heap after GC invocations=3 (full 1):
 PSYoungGen      total 611840K, used 19252K [0x00000000d5580000, 0x0000000100000000, 0x0000000100000000)
  eden space 524800K, 0% used [0x00000000d5580000,0x00000000d5580000,0x00000000f5600000)
  from space 87040K, 22% used [0x00000000fab00000,0x00000000fbdcd298,0x0000000100000000)
  to   space 87040K, 0% used [0x00000000f5600000,0x00000000f5600000,0x00000000fab00000)
 ParOldGen       total 870400K, used 13727K [0x0000000080000000, 0x00000000b5200000, 0x00000000d5580000)
  object space 870400K, 1% used [0x0000000080000000,0x0000000080d67c70,0x00000000b5200000)
 Metaspace       used 34716K, capacity 35092K, committed 35416K, reserved 1081344K
  class space    used 3956K, capacity 4060K, committed 4096K, reserved 1048576K
}
Event: 4.609 GC heap before
{Heap before GC invocations=4 (full 2):
 PSYoungGen      total 611840K, used 19252K [0x00000000d5580000, 0x0000000100000000, 0x0000000100000000)
  eden space 524800K, 0% used [0x00000000d5580000,0x00000000d5580000,0x00000000f5600000)
  from space 87040K, 22% used [0x00000000fab00000,0x00000000fbdcd298,0x0000000100000000)
  to   space 87040K, 0% used [0x00000000f5600000,0x00000000f5600000,0x00000000fab00000)
 ParOldGen       total 870400K, used 13727K [0x0000000080000000, 0x00000000b5200000, 0x00000000d5580000)
  object space 870400K, 1% used [0x0000000080000000,0x0000000080d67c70,0x00000000b5200000)
 Metaspace       used 34716K, capacity 35092K, committed 35416K, reserved 1081344K
  class space    used 3956K, capacity 4060K, committed 4096K, reserved 1048576K
Event: 4.717 GC heap after
Heap after GC invocations=4 (full 2):
 PSYoungGen      total 611840K, used 0K [0x00000000d5580000, 0x0000000100000000, 0x0000000100000000)
  eden space 524800K, 0% used [0x00000000d5580000,0x00000000d5580000,0x00000000f5600000)
  from space 87040K, 0% used [0x00000000fab00000,0x00000000fab00000,0x0000000100000000)
  to   space 87040K, 0% used [0x00000000f5600000,0x00000000f5600000,0x00000000fab00000)
 ParOldGen       total 1398272K, used 23535K [0x0000000080000000, 0x00000000d5580000, 0x00000000d5580000)
  object space 1398272K, 1% used [0x0000000080000000,0x00000000816fbec8,0x00000000d5580000)
 Metaspace       used 34716K, capacity 35092K, committed 35416K, reserved 1081344K
  class space    used 3956K, capacity 4060K, committed 4096K, reserved 1048576K
}
Event: 10.701 GC heap before
{Heap before GC invocations=5 (full 2):
 PSYoungGen      total 611840K, used 493966K [0x00000000d5580000, 0x0000000100000000, 0x0000000100000000)
  eden space 524800K, 94% used [0x00000000d5580000,0x00000000f37e39e0,0x00000000f5600000)
  from space 87040K, 0% used [0x00000000fab00000,0x00000000fab00000,0x0000000100000000)
  to   space 87040K, 0% used [0x00000000f5600000,0x00000000f5600000,0x00000000fab00000)
 ParOldGen       total 1398272K, used 23535K [0x0000000080000000, 0x00000000d5580000, 0x00000000d5580000)
  object space 1398272K, 1% used [0x0000000080000000,0x00000000816fbec8,0x00000000d5580000)
 Metaspace       used 57492K, capacity 58932K, committed 59028K, reserved 1101824K
  class space    used 6655K, capacity 6900K, committed 6912K, reserved 1048576K
Event: 10.755 GC heap after
Heap after GC invocations=5 (full 2):
 PSYoungGen      total 611840K, used 30878K [0x00000000d5580000, 0x0000000100000000, 0x0000000100000000)
  eden space 524800K, 0% used [0x00000000d5580000,0x00000000d5580000,0x00000000f5600000)
  from space 87040K, 35% used [0x00000000f5600000,0x00000000f7427830,0x00000000fab00000)
  to   space 87040K, 0% used [0x00000000fab00000,0x00000000fab00000,0x0000000100000000)
 ParOldGen       total 1398272K, used 23543K [0x0000000080000000, 0x00000000d5580000, 0x00000000d5580000)
  object space 1398272K, 1% used [0x0000000080000000,0x00000000816fdec8,0x00000000d5580000)
 Metaspace       used 57492K, capacity 58932K, committed 59028K, reserved 1101824K
  class space    used 6655K, capacity 6900K, committed 6912K, reserved 1048576K
}
Event: 10.755 GC heap before
{Heap before GC invocations=6 (full 3):
 PSYoungGen      total 611840K, used 30878K [0x00000000d5580000, 0x0000000100000000, 0x0000000100000000)
  eden space 524800K, 0% used [0x00000000d5580000,0x00000000d5580000,0x00000000f5600000)
  from space 87040K, 35% used [0x00000000f5600000,0x00000000f7427830,0x00000000fab00000)
  to   space 87040K, 0% used [0x00000000fab00000,0x00000000fab00000,0x0000000100000000)
 ParOldGen       total 1398272K, used 23543K [0x0000000080000000, 0x00000000d5580000, 0x00000000d5580000)
  object space 1398272K, 1% used [0x0000000080000000,0x00000000816fdec8,0x00000000d5580000)
 Metaspace       used 57492K, capacity 58932K, committed 59028K, reserved 1101824K
  class space    used 6655K, capacity 6900K, committed 6912K, reserved 1048576K
Event: 11.009 GC heap after
Heap after GC invocations=6 (full 3):
 PSYoungGen      total 611840K, used 0K [0x00000000d5580000, 0x0000000100000000, 0x0000000100000000)
  eden space 524800K, 0% used [0x00000000d5580000,0x00000000d5580000,0x00000000f5600000)
  from space 87040K, 0% used [0x00000000f5600000,0x00000000f5600000,0x00000000fab00000)
  to   space 87040K, 0% used [0x00000000fab00000,0x00000000fab00000,0x0000000100000000)
 ParOldGen       total 1398272K, used 41345K [0x0000000080000000, 0x00000000d5580000, 0x00000000d5580000)
  object space 1398272K, 2% used [0x0000000080000000,0x0000000082860610,0x00000000d5580000)
 Metaspace       used 57472K, capacity 58880K, committed 59028K, reserved 1101824K
  class space    used 6648K, capacity 6888K, committed 6912K, reserved 1048576K
}

