# JRE version: OpenJDK Runtime Environment (8.0_212-b04) (build 1.8.0_212-b04)
# Java VM: OpenJDK 64-Bit Server VM (25.212-b04 mixed mode linux-amd64 compressed oops)
Heap:
 PSYoungGen      total 599552K, used 99865K [0x00000000d5580000, 0x0000000100000000, 0x0000000100000000)
  eden space 529920K, 8% used [0x00000000d5580000,0x00000000d8229b10,0x00000000f5b00000)
  from space 69632K, 77% used [0x00000000fab00000,0x00000000fdfdcac0,0x00000000fef00000)
  to   space 81920K, 0% used [0x00000000f5b00000,0x00000000f5b00000,0x00000000fab00000)
 ParOldGen       total 1398272K, used 42999K [0x0000000080000000, 0x00000000d5580000, 0x00000000d5580000)
  object space 1398272K, 3% used [0x0000000080000000,0x00000000829fdee0,0x00000000d5580000)
 Metaspace       used 68781K, capacity 71742K, committed 72064K, reserved 1114112K
  class space    used 7687K, capacity 8229K, committed 8320K, reserved 1048576K
GC Heap History (10 events):
Event: 10.680 GC heap before
{Heap before GC invocations=5 (full 2):
 PSYoungGen      total 611840K, used 524800K [0x00000000d5580000, 0x0000000100000000, 0x0000000100000000)
  eden space 524800K, 100% used [0x00000000d5580000,0x00000000f5600000,0x00000000f5600000)
  from space 87040K, 0% used [0x00000000fab00000,0x00000000fab00000,0x0000000100000000)
  to   space 87040K, 0% used [0x00000000f5600000,0x00000000f5600000,0x00000000fab00000)
 ParOldGen       total 1398272K, used 23551K [0x0000000080000000, 0x00000000d5580000, 0x00000000d5580000)
  object space 1398272K, 1% used [0x0000000080000000,0x00000000816ffc20,0x00000000d5580000)
 Metaspace       used 51384K, capacity 52772K, committed 52992K, reserved 1095680K
  class space    used 6046K, capacity 6318K, committed 6400K, reserved 1048576K
Event: 10.743 GC heap after
Heap after GC invocations=5 (full 2):
 PSYoungGen      total 611840K, used 24948K [0x00000000d5580000, 0x0000000100000000, 0x0000000100000000)
  eden space 524800K, 0% used [0x00000000d5580000,0x00000000d5580000,0x00000000f5600000)
  from space 87040K, 28% used [0x00000000f5600000,0x00000000f6e5d180,0x00000000fab00000)
  to   space 87040K, 0% used [0x00000000fab00000,0x00000000fab00000,0x0000000100000000)
 ParOldGen       total 1398272K, used 23559K [0x0000000080000000, 0x00000000d5580000, 0x00000000d5580000)
  object space 1398272K, 1% used [0x0000000080000000,0x0000000081701c20,0x00000000d5580000)
 Metaspace       used 51384K, capacity 52772K, committed 52992K, reserved 1095680K
  class space    used 6046K, capacity 6318K, committed 6400K, reserved 1048576K
}
Event: 11.947 GC heap before
{Heap before GC invocations=6 (full 2):
 PSYoungGen      total 611840K, used 172639K [0x00000000d5580000, 0x0000000100000000, 0x0000000100000000)
  eden space 524800K, 28% used [0x00000000d5580000,0x00000000de5bacd8,0x00000000f5600000)
  from space 87040K, 28% used [0x00000000f5600000,0x00000000f6e5d180,0x00000000fab00000)
  to   space 87040K, 0% used [0x00000000fab00000,0x00000000fab00000,0x0000000100000000)
 ParOldGen       total 1398272K, used 23559K [0x0000000080000000, 0x00000000d5580000, 0x00000000d5580000)
  object space 1398272K, 1% used [0x0000000080000000,0x0000000081701c20,0x00000000d5580000)
 Metaspace       used 57173K, capacity 58906K, committed 59008K, reserved 1101824K
  class space    used 6610K, capacity 6941K, committed 7040K, reserved 1048576K
Event: 11.982 GC heap after
Heap after GC invocations=6 (full 2):
 PSYoungGen      total 611840K, used 21914K [0x00000000d5580000, 0x0000000100000000, 0x0000000100000000)
  eden space 524800K, 0% used [0x00000000d5580000,0x00000000d5580000,0x00000000f5600000)
  from space 87040K, 25% used [0x00000000fab00000,0x00000000fc066848,0x0000000100000000)
  to   space 87040K, 0% used [0x00000000f5600000,0x00000000f5600000,0x00000000fab00000)
 ParOldGen       total 1398272K, used 23567K [0x0000000080000000, 0x00000000d5580000, 0x00000000d5580000)
  object space 1398272K, 1% used [0x0000000080000000,0x0000000081703c20,0x00000000d5580000)
 Metaspace       used 57173K, capacity 58906K, committed 59008K, reserved 1101824K
  class space    used 6610K, capacity 6941K, committed 7040K, reserved 1048576K
}
Event: 11.982 GC heap before
{Heap before GC invocations=7 (full 3):
 PSYoungGen      total 611840K, used 21914K [0x00000000d5580000, 0x0000000100000000, 0x0000000100000000)
  eden space 524800K, 0% used [0x00000000d5580000,0x00000000d5580000,0x00000000f5600000)
  from space 87040K, 25% used [0x00000000fab00000,0x00000000fc066848,0x0000000100000000)
  to   space 87040K, 0% used [0x00000000f5600000,0x00000000f5600000,0x00000000fab00000)
 ParOldGen       total 1398272K, used 23567K [0x0000000080000000, 0x00000000d5580000, 0x00000000d5580000)
  object space 1398272K, 1% used [0x0000000080000000,0x0000000081703c20,0x00000000d5580000)
 Metaspace       used 57173K, capacity 58906K, committed 59008K, reserved 1101824K
  class space    used 6610K, capacity 6941K, committed 7040K, reserved 1048576K
Event: 12.227 GC heap after
Heap after GC invocations=7 (full 3):
 PSYoungGen      total 611840K, used 0K [0x00000000d5580000, 0x0000000100000000, 0x0000000100000000)
  eden space 524800K, 0% used [0x00000000d5580000,0x00000000d5580000,0x00000000f5600000)
  from space 87040K, 0% used [0x00000000fab00000,0x00000000fab00000,0x0000000100000000)
  to   space 87040K, 0% used [0x00000000f5600000,0x00000000f5600000,0x00000000fab00000)
 ParOldGen       total 1398272K, used 33331K [0x0000000080000000, 0x00000000d5580000, 0x00000000d5580000)
  object space 1398272K, 2% used [0x0000000080000000,0x000000008208cc80,0x00000000d5580000)
 Metaspace       used 57077K, capacity 58642K, committed 59008K, reserved 1101824K
  class space    used 6576K, capacity 6881K, committed 7040K, reserved 1048576K
}
Event: 47.002 GC heap before
{Heap before GC invocations=8 (full 3):
 PSYoungGen      total 611840K, used 524800K [0x00000000d5580000, 0x0000000100000000, 0x0000000100000000)
  eden space 524800K, 100% used [0x00000000d5580000,0x00000000f5600000,0x00000000f5600000)
  from space 87040K, 0% used [0x00000000fab00000,0x00000000fab00000,0x0000000100000000)
  to   space 87040K, 0% used [0x00000000f5600000,0x00000000f5600000,0x00000000fab00000)
 ParOldGen       total 1398272K, used 33331K [0x0000000080000000, 0x00000000d5580000, 0x00000000d5580000)
  object space 1398272K, 2% used [0x0000000080000000,0x000000008208cc80,0x00000000d5580000)
 Metaspace       used 66655K, capacity 69400K, committed 69504K, reserved 1110016K
  class space    used 7544K, capacity 8024K, committed 8064K, reserved 1048576K
Event: 47.195 GC heap after
Heap after GC invocations=8 (full 3):
 PSYoungGen      total 611840K, used 87020K [0x00000000d5580000, 0x00000000fef00000, 0x0000000100000000)
  eden space 524800K, 0% used [0x00000000d5580000,0x00000000d5580000,0x00000000f5600000)
  from space 87040K, 99% used [0x00000000f5600000,0x00000000faafb278,0x00000000fab00000)
  to   space 69632K, 0% used [0x00000000fab00000,0x00000000fab00000,0x00000000fef00000)
 ParOldGen       total 1398272K, used 42991K [0x0000000080000000, 0x00000000d5580000, 0x00000000d5580000)
  object space 1398272K, 3% used [0x0000000080000000,0x00000000829fbee0,0x00000000d5580000)
 Metaspace       used 66655K, capacity 69400K, committed 69504K, reserved 1110016K
  class space    used 7544K, capacity 8024K, committed 8064K, reserved 1048576K
}
Event: 76.362 GC heap before
{Heap before GC invocations=9 (full 3):
 PSYoungGen      total 611840K, used 611502K [0x00000000d5580000, 0x00000000fef00000, 0x0000000100000000)
  eden space 524800K, 99% used [0x00000000d5580000,0x00000000f55b0668,0x00000000f5600000)
  from space 87040K, 99% used [0x00000000f5600000,0x00000000faafb278,0x00000000fab00000)
  to   space 69632K, 0% used [0x00000000fab00000,0x00000000fab00000,0x00000000fef00000)
 ParOldGen       total 1398272K, used 42991K [0x0000000080000000, 0x00000000d5580000, 0x00000000d5580000)
  object space 1398272K, 3% used [0x0000000080000000,0x00000000829fbee0,0x00000000d5580000)
 Metaspace       used 68091K, capacity 70918K, committed 71168K, reserved 1112064K
  class space    used 7620K, capacity 8119K, committed 8192K, reserved 1048576K
Event: 76.447 GC heap after
Heap after GC invocations=9 (full 3):
 PSYoungGen      total 599552K, used 54130K [0x00000000d5580000, 0x0000000100000000, 0x0000000100000000)
  eden space 529920K, 0% used [0x00000000d5580000,0x00000000d5580000,0x00000000f5b00000)
  from space 69632K, 77% used [0x00000000fab00000,0x00000000fdfdcac0,0x00000000fef00000)
  to   space 81920K, 0% used [0x00000000f5b00000,0x00000000f5b00000,0x00000000fab00000)
 ParOldGen       total 1398272K, used 42999K [0x0000000080000000, 0x00000000d5580000, 0x00000000d5580000)
  object space 1398272K, 3% used [0x0000000080000000,0x00000000829fdee0,0x00000000d5580000)
 Metaspace       used 68091K, capacity 70918K, committed 71168K, reserved 1112064K
  class space    used 7620K, capacity 8119K, committed 8192K, reserved 1048576K
}

