# JRE version: OpenJDK Runtime Environment (8.0_212-b04) (build 1.8.0_212-b04)
# Java VM: OpenJDK 64-Bit Server VM (25.212-b04 mixed mode linux-amd64 compressed oops)
Heap:
 PSYoungGen      total 611840K, used 326406K [0x00000000d5580000, 0x0000000100000000, 0x0000000100000000)
  eden space 524800K, 62% used [0x00000000d5580000,0x00000000e94419e0,0x00000000f5600000)
  from space 87040K, 0% used [0x00000000f5600000,0x00000000f5600000,0x00000000fab00000)
  to   space 87040K, 0% used [0x00000000fab00000,0x00000000fab00000,0x0000000100000000)
 ParOldGen       total 1398272K, used 43868K [0x0000000080000000, 0x00000000d5580000, 0x00000000d5580000)
  object space 1398272K, 3% used [0x0000000080000000,0x0000000082ad7208,0x00000000d5580000)
 Metaspace       used 65528K, capacity 68108K, committed 68224K, reserved 1110016K
  class space    used 7537K, capacity 8010K, committed 8064K, reserved 1048576K
GC Heap History (10 events):
Event: 2.107 GC heap before
{Heap before GC invocations=2 (full 1):
 PSYoungGen      total 611840K, used 14265K [0x00000000d5580000, 0x0000000100000000, 0x0000000100000000)
  eden space 524800K, 0% used [0x00000000d5580000,0x00000000d5580000,0x00000000f5600000)
  from space 87040K, 16% used [0x00000000f5600000,0x00000000f63ee760,0x00000000fab00000)
  to   space 87040K, 0% used [0x00000000fab00000,0x00000000fab00000,0x0000000100000000)
 ParOldGen       total 1398272K, used 72K [0x0000000080000000, 0x00000000d5580000, 0x00000000d5580000)
  object space 1398272K, 0% used [0x0000000080000000,0x0000000080012010,0x00000000d5580000)
 Metaspace       used 20755K, capacity 21016K, committed 21248K, reserved 1069056K
  class space    used 2349K, capacity 2451K, committed 2560K, reserved 1048576K
Event: 2.168 GC heap after
Heap after GC invocations=2 (full 1):
 PSYoungGen      total 611840K, used 0K [0x00000000d5580000, 0x0000000100000000, 0x0000000100000000)
  eden space 524800K, 0% used [0x00000000d5580000,0x00000000d5580000,0x00000000f5600000)
  from space 87040K, 0% used [0x00000000f5600000,0x00000000f5600000,0x00000000fab00000)
  to   space 87040K, 0% used [0x00000000fab00000,0x00000000fab00000,0x0000000100000000)
 ParOldGen       total 888320K, used 13684K [0x0000000080000000, 0x00000000b6380000, 0x00000000d5580000)
  object space 888320K, 1% used [0x0000000080000000,0x0000000080d5d038,0x00000000b6380000)
 Metaspace       used 20755K, capacity 21016K, committed 21248K, reserved 1069056K
  class space    used 2349K, capacity 2451K, committed 2560K, reserved 1048576K
}
Event: 4.378 GC heap before
{Heap before GC invocations=3 (full 1):
 PSYoungGen      total 611840K, used 379963K [0x00000000d5580000, 0x0000000100000000, 0x0000000100000000)
  eden space 524800K, 72% used [0x00000000d5580000,0x00000000ec88ec68,0x00000000f5600000)
  from space 87040K, 0% used [0x00000000f5600000,0x00000000f5600000,0x00000000fab00000)
  to   space 87040K, 0% used [0x00000000fab00000,0x00000000fab00000,0x0000000100000000)
 ParOldGen       total 888320K, used 13684K [0x0000000080000000, 0x00000000b6380000, 0x00000000d5580000)
  object space 888320K, 1% used [0x0000000080000000,0x0000000080d5d038,0x00000000b6380000)
 Metaspace       used 34644K, capacity 35122K, committed 35416K, reserved 1081344K
  class space    used 3955K, capacity 4093K, committed 4096K, reserved 1048576K
Event: 4.412 GC heap after
Heap after GC invocations=3 (full 1):
 PSYoungGen      total 611840K, used 18714K [0x00000000d5580000, 0x0000000100000000, 0x0000000100000000)
  eden space 524800K, 0% used [0x00000000d5580000,0x00000000d5580000,0x00000000f5600000)
  from space 87040K, 21% used [0x00000000fab00000,0x00000000fbd469f8,0x0000000100000000)
  to   space 87040K, 0% used [0x00000000f5600000,0x00000000f5600000,0x00000000fab00000)
 ParOldGen       total 888320K, used 13684K [0x0000000080000000, 0x00000000b6380000, 0x00000000d5580000)
  object space 888320K, 1% used [0x0000000080000000,0x0000000080d5d038,0x00000000b6380000)
 Metaspace       used 34644K, capacity 35122K, committed 35416K, reserved 1081344K
  class space    used 3955K, capacity 4093K, committed 4096K, reserved 1048576K
}
Event: 4.413 GC heap before
{Heap before GC invocations=4 (full 2):
 PSYoungGen      total 611840K, used 18714K [0x00000000d5580000, 0x0000000100000000, 0x0000000100000000)
  eden space 524800K, 0% used [0x00000000d5580000,0x00000000d5580000,0x00000000f5600000)
  from space 87040K, 21% used [0x00000000fab00000,0x00000000fbd469f8,0x0000000100000000)
  to   space 87040K, 0% used [0x00000000f5600000,0x00000000f5600000,0x00000000fab00000)
 ParOldGen       total 888320K, used 13684K [0x0000000080000000, 0x00000000b6380000, 0x00000000d5580000)
  object space 888320K, 1% used [0x0000000080000000,0x0000000080d5d038,0x00000000b6380000)
 Metaspace       used 34644K, capacity 35122K, committed 35416K, reserved 1081344K
  class space    used 3955K, capacity 4093K, committed 4096K, reserved 1048576K
Event: 4.505 GC heap after
Heap after GC invocations=4 (full 2):
 PSYoungGen      total 611840K, used 0K [0x00000000d5580000, 0x0000000100000000, 0x0000000100000000)
  eden space 524800K, 0% used [0x00000000d5580000,0x00000000d5580000,0x00000000f5600000)
  from space 87040K, 0% used [0x00000000fab00000,0x00000000fab00000,0x0000000100000000)
  to   space 87040K, 0% used [0x00000000f5600000,0x00000000f5600000,0x00000000fab00000)
 ParOldGen       total 1398272K, used 22904K [0x0000000080000000, 0x00000000d5580000, 0x00000000d5580000)
  object space 1398272K, 1% used [0x0000000080000000,0x000000008165e290,0x00000000d5580000)
 Metaspace       used 34644K, capacity 35122K, committed 35416K, reserved 1081344K
  class space    used 3955K, capacity 4093K, committed 4096K, reserved 1048576K
}
Event: 12.506 GC heap before
{Heap before GC invocations=5 (full 2):
 PSYoungGen      total 611840K, used 370465K [0x00000000d5580000, 0x0000000100000000, 0x0000000100000000)
  eden space 524800K, 70% used [0x00000000d5580000,0x00000000ebf48490,0x00000000f5600000)
  from space 87040K, 0% used [0x00000000fab00000,0x00000000fab00000,0x0000000100000000)
  to   space 87040K, 0% used [0x00000000f5600000,0x00000000f5600000,0x00000000fab00000)
 ParOldGen       total 1398272K, used 22904K [0x0000000080000000, 0x00000000d5580000, 0x00000000d5580000)
  object space 1398272K, 1% used [0x0000000080000000,0x000000008165e290,0x00000000d5580000)
 Metaspace       used 57008K, capacity 58938K, committed 59008K, reserved 1101824K
  class space    used 6665K, capacity 7027K, committed 7040K, reserved 1048576K
Event: 12.574 GC heap after
Heap after GC invocations=5 (full 2):
 PSYoungGen      total 611840K, used 33609K [0x00000000d5580000, 0x0000000100000000, 0x0000000100000000)
  eden space 524800K, 0% used [0x00000000d5580000,0x00000000d5580000,0x00000000f5600000)
  from space 87040K, 38% used [0x00000000f5600000,0x00000000f76d27e8,0x00000000fab00000)
  to   space 87040K, 0% used [0x00000000fab00000,0x00000000fab00000,0x0000000100000000)
 ParOldGen       total 1398272K, used 22912K [0x0000000080000000, 0x00000000d5580000, 0x00000000d5580000)
  object space 1398272K, 1% used [0x0000000080000000,0x0000000081660290,0x00000000d5580000)
 Metaspace       used 57008K, capacity 58938K, committed 59008K, reserved 1101824K
  class space    used 6665K, capacity 7027K, committed 7040K, reserved 1048576K
}
Event: 12.574 GC heap before
{Heap before GC invocations=6 (full 3):
 PSYoungGen      total 611840K, used 33609K [0x00000000d5580000, 0x0000000100000000, 0x0000000100000000)
  eden space 524800K, 0% used [0x00000000d5580000,0x00000000d5580000,0x00000000f5600000)
  from space 87040K, 38% used [0x00000000f5600000,0x00000000f76d27e8,0x00000000fab00000)
  to   space 87040K, 0% used [0x00000000fab00000,0x00000000fab00000,0x0000000100000000)
 ParOldGen       total 1398272K, used 22912K [0x0000000080000000, 0x00000000d5580000, 0x00000000d5580000)
  object space 1398272K, 1% used [0x0000000080000000,0x0000000081660290,0x00000000d5580000)
 Metaspace       used 57008K, capacity 58938K, committed 59008K, reserved 1101824K
  class space    used 6665K, capacity 7027K, committed 7040K, reserved 1048576K
Event: 12.830 GC heap after
Heap after GC invocations=6 (full 3):
 PSYoungGen      total 611840K, used 0K [0x00000000d5580000, 0x0000000100000000, 0x0000000100000000)
  eden space 524800K, 0% used [0x00000000d5580000,0x00000000d5580000,0x00000000f5600000)
  from space 87040K, 0% used [0x00000000f5600000,0x00000000f5600000,0x00000000fab00000)
  to   space 87040K, 0% used [0x00000000fab00000,0x00000000fab00000,0x0000000100000000)
 ParOldGen       total 1398272K, used 43868K [0x0000000080000000, 0x00000000d5580000, 0x00000000d5580000)
  object space 1398272K, 3% used [0x0000000080000000,0x0000000082ad7208,0x00000000d5580000)
 Metaspace       used 56898K, capacity 58638K, committed 59008K, reserved 1101824K
  class space    used 6627K, capacity 6959K, committed 7040K, reserved 1048576K
}

