# JRE version: OpenJDK Runtime Environment (8.0_212-b04) (build 1.8.0_212-b04)
# Java VM: OpenJDK 64-Bit Server VM (25.212-b04 mixed mode linux-amd64 compressed oops)
Heap:
 PSYoungGen      total 611840K, used 116722K [0x00000000d5580000, 0x0000000100000000, 0x0000000100000000)
  eden space 524800K, 22% used [0x00000000d5580000,0x00000000dc77ca60,0x00000000f5600000)
  from space 87040K, 0% used [0x00000000f5600000,0x00000000f5600000,0x00000000fab00000)
  to   space 87040K, 0% used [0x00000000fab00000,0x00000000fab00000,0x0000000100000000)
 ParOldGen       total 840704K, used 14462K [0x0000000080000000, 0x00000000b3500000, 0x00000000d5580000)
  object space 840704K, 1% used [0x0000000080000000,0x0000000080e1fa08,0x00000000b3500000)
 Metaspace       used 28761K, capacity 29016K, committed 29440K, reserved 1075200K
  class space    used 3489K, capacity 3579K, committed 3584K, reserved 1048576K
GC Heap History (4 events):
Event: 2.433 GC heap before
{Heap before GC invocations=1 (full 0):
 PSYoungGen      total 611840K, used 304425K [0x00000000d5580000, 0x0000000100000000, 0x0000000100000000)
  eden space 524800K, 58% used [0x00000000d5580000,0x00000000e7eca4b0,0x00000000f5600000)
  from space 87040K, 0% used [0x00000000fab00000,0x00000000fab00000,0x0000000100000000)
  to   space 87040K, 0% used [0x00000000f5600000,0x00000000f5600000,0x00000000fab00000)
 ParOldGen       total 1398272K, used 0K [0x0000000080000000, 0x00000000d5580000, 0x00000000d5580000)
  object space 1398272K, 0% used [0x0000000080000000,0x0000000080000000,0x00000000d5580000)
 Metaspace       used 20898K, capacity 21100K, committed 21296K, reserved 1069056K
  class space    used 2598K, capacity 2673K, committed 2688K, reserved 1048576K
Event: 2.478 GC heap after
Heap after GC invocations=1 (full 0):
 PSYoungGen      total 611840K, used 15222K [0x00000000d5580000, 0x0000000100000000, 0x0000000100000000)
  eden space 524800K, 0% used [0x00000000d5580000,0x00000000d5580000,0x00000000f5600000)
  from space 87040K, 17% used [0x00000000f5600000,0x00000000f64dd9d8,0x00000000fab00000)
  to   space 87040K, 0% used [0x00000000fab00000,0x00000000fab00000,0x0000000100000000)
 ParOldGen       total 1398272K, used 16K [0x0000000080000000, 0x00000000d5580000, 0x00000000d5580000)
  object space 1398272K, 0% used [0x0000000080000000,0x0000000080004000,0x00000000d5580000)
 Metaspace       used 20898K, capacity 21100K, committed 21296K, reserved 1069056K
  class space    used 2598K, capacity 2673K, committed 2688K, reserved 1048576K
}
Event: 2.478 GC heap before
{Heap before GC invocations=2 (full 1):
 PSYoungGen      total 611840K, used 15222K [0x00000000d5580000, 0x0000000100000000, 0x0000000100000000)
  eden space 524800K, 0% used [0x00000000d5580000,0x00000000d5580000,0x00000000f5600000)
  from space 87040K, 17% used [0x00000000f5600000,0x00000000f64dd9d8,0x00000000fab00000)
  to   space 87040K, 0% used [0x00000000fab00000,0x00000000fab00000,0x0000000100000000)
 ParOldGen       total 1398272K, used 16K [0x0000000080000000, 0x00000000d5580000, 0x00000000d5580000)
  object space 1398272K, 0% used [0x0000000080000000,0x0000000080004000,0x00000000d5580000)
 Metaspace       used 20898K, capacity 21100K, committed 21296K, reserved 1069056K
  class space    used 2598K, capacity 2673K, committed 2688K, reserved 1048576K
Event: 2.539 GC heap after
Heap after GC invocations=2 (full 1):
 PSYoungGen      total 611840K, used 0K [0x00000000d5580000, 0x0000000100000000, 0x0000000100000000)
  eden space 524800K, 0% used [0x00000000d5580000,0x00000000d5580000,0x00000000f5600000)
  from space 87040K, 0% used [0x00000000f5600000,0x00000000f5600000,0x00000000fab00000)
  to   space 87040K, 0% used [0x00000000fab00000,0x00000000fab00000,0x0000000100000000)
 ParOldGen       total 840704K, used 14462K [0x0000000080000000, 0x00000000b3500000, 0x00000000d5580000)
  object space 840704K, 1% used [0x0000000080000000,0x0000000080e1fa08,0x00000000b3500000)
 Metaspace       used 20895K, capacity 21094K, committed 21296K, reserved 1069056K
  class space    used 2598K, capacity 2672K, committed 2688K, reserved 1048576K
}

