# JRE version: OpenJDK Runtime Environment (8.0_212-b04) (build 1.8.0_212-b04)
# Java VM: OpenJDK 64-Bit Server VM (25.212-b04 mixed mode linux-amd64 compressed oops)
Heap:
 PSYoungGen      total 611840K, used 519140K [0x00000000d5580000, 0x0000000100000000, 0x0000000100000000)
  eden space 524800K, 98% used [0x00000000d5580000,0x00000000f50793f0,0x00000000f5600000)
  from space 87040K, 0% used [0x00000000fab00000,0x00000000fab00000,0x0000000100000000)
  to   space 87040K, 0% used [0x00000000f5600000,0x00000000f5600000,0x00000000fab00000)
 ParOldGen       total 1398272K, used 41089K [0x0000000080000000, 0x00000000d5580000, 0x00000000d5580000)
  object space 1398272K, 2% used [0x0000000080000000,0x00000000828206c8,0x00000000d5580000)
 Metaspace       used 66215K, capacity 70972K, committed 71040K, reserved 1112064K
  class space    used 7744K, capacity 8538K, committed 8576K, reserved 1048576K
GC Heap History (10 events):
Event: 4.452 GC heap before
{Heap before GC invocations=3 (full 1):
 PSYoungGen      total 611840K, used 424047K [0x00000000d5580000, 0x0000000100000000, 0x0000000100000000)
  eden space 524800K, 80% used [0x00000000d5580000,0x00000000ef39bee8,0x00000000f5600000)
  from space 87040K, 0% used [0x00000000f5600000,0x00000000f5600000,0x00000000fab00000)
  to   space 87040K, 0% used [0x00000000fab00000,0x00000000fab00000,0x0000000100000000)
 ParOldGen       total 884224K, used 13738K [0x0000000080000000, 0x00000000b5f80000, 0x00000000d5580000)
  object space 884224K, 1% used [0x0000000080000000,0x0000000080d6a938,0x00000000b5f80000)
 Metaspace       used 34843K, capacity 35188K, committed 35416K, reserved 1081344K
  class space    used 3971K, capacity 4092K, committed 4096K, reserved 1048576K
Event: 4.499 GC heap after
Heap after GC invocations=3 (full 1):
 PSYoungGen      total 611840K, used 19211K [0x00000000d5580000, 0x0000000100000000, 0x0000000100000000)
  eden space 524800K, 0% used [0x00000000d5580000,0x00000000d5580000,0x00000000f5600000)
  from space 87040K, 22% used [0x00000000fab00000,0x00000000fbdc2f18,0x0000000100000000)
  to   space 87040K, 0% used [0x00000000f5600000,0x00000000f5600000,0x00000000fab00000)
 ParOldGen       total 884224K, used 13738K [0x0000000080000000, 0x00000000b5f80000, 0x00000000d5580000)
  object space 884224K, 1% used [0x0000000080000000,0x0000000080d6a938,0x00000000b5f80000)
 Metaspace       used 34843K, capacity 35188K, committed 35416K, reserved 1081344K
  class space    used 3971K, capacity 4092K, committed 4096K, reserved 1048576K
}
Event: 4.499 GC heap before
{Heap before GC invocations=4 (full 2):
 PSYoungGen      total 611840K, used 19211K [0x00000000d5580000, 0x0000000100000000, 0x0000000100000000)
  eden space 524800K, 0% used [0x00000000d5580000,0x00000000d5580000,0x00000000f5600000)
  from space 87040K, 22% used [0x00000000fab00000,0x00000000fbdc2f18,0x0000000100000000)
  to   space 87040K, 0% used [0x00000000f5600000,0x00000000f5600000,0x00000000fab00000)
 ParOldGen       total 884224K, used 13738K [0x0000000080000000, 0x00000000b5f80000, 0x00000000d5580000)
  object space 884224K, 1% used [0x0000000080000000,0x0000000080d6a938,0x00000000b5f80000)
 Metaspace       used 34843K, capacity 35188K, committed 35416K, reserved 1081344K
  class space    used 3971K, capacity 4092K, committed 4096K, reserved 1048576K
Event: 4.622 GC heap after
Heap after GC invocations=4 (full 2):
 PSYoungGen      total 611840K, used 0K [0x00000000d5580000, 0x0000000100000000, 0x0000000100000000)
  eden space 524800K, 0% used [0x00000000d5580000,0x00000000d5580000,0x00000000f5600000)
  from space 87040K, 0% used [0x00000000fab00000,0x00000000fab00000,0x0000000100000000)
  to   space 87040K, 0% used [0x00000000f5600000,0x00000000f5600000,0x00000000fab00000)
 ParOldGen       total 1398272K, used 23581K [0x0000000080000000, 0x00000000d5580000, 0x00000000d5580000)
  object space 1398272K, 1% used [0x0000000080000000,0x00000000817077d0,0x00000000d5580000)
 Metaspace       used 34843K, capacity 35188K, committed 35416K, reserved 1081344K
  class space    used 3971K, capacity 4092K, committed 4096K, reserved 1048576K
}
Event: 7.981 GC heap before
{Heap before GC invocations=5 (full 2):
 PSYoungGen      total 611840K, used 524800K [0x00000000d5580000, 0x0000000100000000, 0x0000000100000000)
  eden space 524800K, 100% used [0x00000000d5580000,0x00000000f5600000,0x00000000f5600000)
  from space 87040K, 0% used [0x00000000fab00000,0x00000000fab00000,0x0000000100000000)
  to   space 87040K, 0% used [0x00000000f5600000,0x00000000f5600000,0x00000000fab00000)
 ParOldGen       total 1398272K, used 23581K [0x0000000080000000, 0x00000000d5580000, 0x00000000d5580000)
  object space 1398272K, 1% used [0x0000000080000000,0x00000000817077d0,0x00000000d5580000)
 Metaspace       used 44944K, capacity 45934K, committed 46208K, reserved 1089536K
  class space    used 5182K, capacity 5415K, committed 5504K, reserved 1048576K
Event: 8.024 GC heap after
Heap after GC invocations=5 (full 2):
 PSYoungGen      total 611840K, used 20538K [0x00000000d5580000, 0x0000000100000000, 0x0000000100000000)
  eden space 524800K, 0% used [0x00000000d5580000,0x00000000d5580000,0x00000000f5600000)
  from space 87040K, 23% used [0x00000000f5600000,0x00000000f6a0ebd0,0x00000000fab00000)
  to   space 87040K, 0% used [0x00000000fab00000,0x00000000fab00000,0x0000000100000000)
 ParOldGen       total 1398272K, used 23589K [0x0000000080000000, 0x00000000d5580000, 0x00000000d5580000)
  object space 1398272K, 1% used [0x0000000080000000,0x00000000817097d0,0x00000000d5580000)
 Metaspace       used 44944K, capacity 45934K, committed 46208K, reserved 1089536K
  class space    used 5182K, capacity 5415K, committed 5504K, reserved 1048576K
}
Event: 12.154 GC heap before
{Heap before GC invocations=6 (full 2):
 PSYoungGen      total 611840K, used 264588K [0x00000000d5580000, 0x0000000100000000, 0x0000000100000000)
  eden space 524800K, 46% used [0x00000000d5580000,0x00000000e43d4438,0x00000000f5600000)
  from space 87040K, 23% used [0x00000000f5600000,0x00000000f6a0ebd0,0x00000000fab00000)
  to   space 87040K, 0% used [0x00000000fab00000,0x00000000fab00000,0x0000000100000000)
 ParOldGen       total 1398272K, used 23589K [0x0000000080000000, 0x00000000d5580000, 0x00000000d5580000)
  object space 1398272K, 1% used [0x0000000080000000,0x00000000817097d0,0x00000000d5580000)
 Metaspace       used 57389K, capacity 58918K, committed 59028K, reserved 1101824K
  class space    used 6594K, capacity 6887K, committed 6912K, reserved 1048576K
Event: 12.210 GC heap after
Heap after GC invocations=6 (full 2):
 PSYoungGen      total 611840K, used 29947K [0x00000000d5580000, 0x0000000100000000, 0x0000000100000000)
  eden space 524800K, 0% used [0x00000000d5580000,0x00000000d5580000,0x00000000f5600000)
  from space 87040K, 34% used [0x00000000fab00000,0x00000000fc83ec90,0x0000000100000000)
  to   space 87040K, 0% used [0x00000000f5600000,0x00000000f5600000,0x00000000fab00000)
 ParOldGen       total 1398272K, used 23597K [0x0000000080000000, 0x00000000d5580000, 0x00000000d5580000)
  object space 1398272K, 1% used [0x0000000080000000,0x000000008170b7d0,0x00000000d5580000)
 Metaspace       used 57389K, capacity 58918K, committed 59028K, reserved 1101824K
  class space    used 6594K, capacity 6887K, committed 6912K, reserved 1048576K
}
Event: 12.210 GC heap before
{Heap before GC invocations=7 (full 3):
 PSYoungGen      total 611840K, used 29947K [0x00000000d5580000, 0x0000000100000000, 0x0000000100000000)
  eden space 524800K, 0% used [0x00000000d5580000,0x00000000d5580000,0x00000000f5600000)
  from space 87040K, 34% used [0x00000000fab00000,0x00000000fc83ec90,0x0000000100000000)
  to   space 87040K, 0% used [0x00000000f5600000,0x00000000f5600000,0x00000000fab00000)
 ParOldGen       total 1398272K, used 23597K [0x0000000080000000, 0x00000000d5580000, 0x00000000d5580000)
  object space 1398272K, 1% used [0x0000000080000000,0x000000008170b7d0,0x00000000d5580000)
 Metaspace       used 57389K, capacity 58918K, committed 59028K, reserved 1101824K
  class space    used 6594K, capacity 6887K, committed 6912K, reserved 1048576K
Event: 12.606 GC heap after
Heap after GC invocations=7 (full 3):
 PSYoungGen      total 611840K, used 0K [0x00000000d5580000, 0x0000000100000000, 0x0000000100000000)
  eden space 524800K, 0% used [0x00000000d5580000,0x00000000d5580000,0x00000000f5600000)
  from space 87040K, 0% used [0x00000000fab00000,0x00000000fab00000,0x0000000100000000)
  to   space 87040K, 0% used [0x00000000f5600000,0x00000000f5600000,0x00000000fab00000)
 ParOldGen       total 1398272K, used 41089K [0x0000000080000000, 0x00000000d5580000, 0x00000000d5580000)
  object space 1398272K, 2% used [0x0000000080000000,0x00000000828206c8,0x00000000d5580000)
 Metaspace       used 57335K, capacity 58776K, committed 59028K, reserved 1101824K
  class space    used 6574K, capacity 6854K, committed 6912K, reserved 1048576K
}

