# JRE version: OpenJDK Runtime Environment (8.0_212-b04) (build 1.8.0_212-b04)
# Java VM: OpenJDK 64-Bit Server VM (25.212-b04 mixed mode linux-amd64 compressed oops)
Heap:
 PSYoungGen      total 611840K, used 299884K [0x00000000d5580000, 0x0000000100000000, 0x0000000100000000)
  eden space 524800K, 57% used [0x00000000d5580000,0x00000000e7a5b3c0,0x00000000f5600000)
  from space 87040K, 0% used [0x00000000fab00000,0x00000000fab00000,0x0000000100000000)
  to   space 87040K, 0% used [0x00000000f5600000,0x00000000f5600000,0x00000000fab00000)
 ParOldGen       total 1398272K, used 28156K [0x0000000080000000, 0x00000000d5580000, 0x00000000d5580000)
  object space 1398272K, 2% used [0x0000000080000000,0x0000000081b7f208,0x00000000d5580000)
 Metaspace       used 65797K, capacity 68498K, committed 68864K, reserved 1110016K
  class space    used 7571K, capacity 8065K, committed 8192K, reserved 1048576K
GC Heap History (10 events):
Event: 4.671 GC heap before
{Heap before GC invocations=3 (full 1):
 PSYoungGen      total 611840K, used 481130K [0x00000000d5580000, 0x0000000100000000, 0x0000000100000000)
  eden space 524800K, 91% used [0x00000000d5580000,0x00000000f2b5ab88,0x00000000f5600000)
  from space 87040K, 0% used [0x00000000f5600000,0x00000000f5600000,0x00000000fab00000)
  to   space 87040K, 0% used [0x00000000fab00000,0x00000000fab00000,0x0000000100000000)
 ParOldGen       total 879616K, used 14256K [0x0000000080000000, 0x00000000b5b00000, 0x00000000d5580000)
  object space 879616K, 1% used [0x0000000080000000,0x0000000080dec3b8,0x00000000b5b00000)
 Metaspace       used 34780K, capacity 35124K, committed 35416K, reserved 1081344K
  class space    used 3975K, capacity 4092K, committed 4096K, reserved 1048576K
Event: 4.713 GC heap after
Heap after GC invocations=3 (full 1):
 PSYoungGen      total 611840K, used 19356K [0x00000000d5580000, 0x0000000100000000, 0x0000000100000000)
  eden space 524800K, 0% used [0x00000000d5580000,0x00000000d5580000,0x00000000f5600000)
  from space 87040K, 22% used [0x00000000fab00000,0x00000000fbde7098,0x0000000100000000)
  to   space 87040K, 0% used [0x00000000f5600000,0x00000000f5600000,0x00000000fab00000)
 ParOldGen       total 879616K, used 14256K [0x0000000080000000, 0x00000000b5b00000, 0x00000000d5580000)
  object space 879616K, 1% used [0x0000000080000000,0x0000000080dec3b8,0x00000000b5b00000)
 Metaspace       used 34780K, capacity 35124K, committed 35416K, reserved 1081344K
  class space    used 3975K, capacity 4092K, committed 4096K, reserved 1048576K
}
Event: 4.713 GC heap before
{Heap before GC invocations=4 (full 2):
 PSYoungGen      total 611840K, used 19356K [0x00000000d5580000, 0x0000000100000000, 0x0000000100000000)
  eden space 524800K, 0% used [0x00000000d5580000,0x00000000d5580000,0x00000000f5600000)
  from space 87040K, 22% used [0x00000000fab00000,0x00000000fbde7098,0x0000000100000000)
  to   space 87040K, 0% used [0x00000000f5600000,0x00000000f5600000,0x00000000fab00000)
 ParOldGen       total 879616K, used 14256K [0x0000000080000000, 0x00000000b5b00000, 0x00000000d5580000)
  object space 879616K, 1% used [0x0000000080000000,0x0000000080dec3b8,0x00000000b5b00000)
 Metaspace       used 34780K, capacity 35124K, committed 35416K, reserved 1081344K
  class space    used 3975K, capacity 4092K, committed 4096K, reserved 1048576K
Event: 4.837 GC heap after
Heap after GC invocations=4 (full 2):
 PSYoungGen      total 611840K, used 0K [0x00000000d5580000, 0x0000000100000000, 0x0000000100000000)
  eden space 524800K, 0% used [0x00000000d5580000,0x00000000d5580000,0x00000000f5600000)
  from space 87040K, 0% used [0x00000000fab00000,0x00000000fab00000,0x0000000100000000)
  to   space 87040K, 0% used [0x00000000f5600000,0x00000000f5600000,0x00000000fab00000)
 ParOldGen       total 1398272K, used 23933K [0x0000000080000000, 0x00000000d5580000, 0x00000000d5580000)
  object space 1398272K, 1% used [0x0000000080000000,0x000000008175f610,0x00000000d5580000)
 Metaspace       used 34780K, capacity 35124K, committed 35416K, reserved 1081344K
  class space    used 3975K, capacity 4092K, committed 4096K, reserved 1048576K
}
Event: 11.544 GC heap before
{Heap before GC invocations=5 (full 2):
 PSYoungGen      total 611840K, used 524800K [0x00000000d5580000, 0x0000000100000000, 0x0000000100000000)
  eden space 524800K, 100% used [0x00000000d5580000,0x00000000f5600000,0x00000000f5600000)
  from space 87040K, 0% used [0x00000000fab00000,0x00000000fab00000,0x0000000100000000)
  to   space 87040K, 0% used [0x00000000f5600000,0x00000000f5600000,0x00000000fab00000)
 ParOldGen       total 1398272K, used 23933K [0x0000000080000000, 0x00000000d5580000, 0x00000000d5580000)
  object space 1398272K, 1% used [0x0000000080000000,0x000000008175f610,0x00000000d5580000)
 Metaspace       used 52867K, capacity 54164K, committed 54400K, reserved 1097728K
  class space    used 6205K, capacity 6444K, committed 6528K, reserved 1048576K
Event: 11.630 GC heap after
Heap after GC invocations=5 (full 2):
 PSYoungGen      total 611840K, used 26459K [0x00000000d5580000, 0x0000000100000000, 0x0000000100000000)
  eden space 524800K, 0% used [0x00000000d5580000,0x00000000d5580000,0x00000000f5600000)
  from space 87040K, 30% used [0x00000000f5600000,0x00000000f6fd6f48,0x00000000fab00000)
  to   space 87040K, 0% used [0x00000000fab00000,0x00000000fab00000,0x0000000100000000)
 ParOldGen       total 1398272K, used 23941K [0x0000000080000000, 0x00000000d5580000, 0x00000000d5580000)
  object space 1398272K, 1% used [0x0000000080000000,0x0000000081761610,0x00000000d5580000)
 Metaspace       used 52867K, capacity 54164K, committed 54400K, reserved 1097728K
  class space    used 6205K, capacity 6444K, committed 6528K, reserved 1048576K
}
Event: 12.389 GC heap before
{Heap before GC invocations=6 (full 2):
 PSYoungGen      total 611840K, used 172337K [0x00000000d5580000, 0x0000000100000000, 0x0000000100000000)
  eden space 524800K, 27% used [0x00000000d5580000,0x00000000de3f5678,0x00000000f5600000)
  from space 87040K, 30% used [0x00000000f5600000,0x00000000f6fd6f48,0x00000000fab00000)
  to   space 87040K, 0% used [0x00000000fab00000,0x00000000fab00000,0x0000000100000000)
 ParOldGen       total 1398272K, used 23941K [0x0000000080000000, 0x00000000d5580000, 0x00000000d5580000)
  object space 1398272K, 1% used [0x0000000080000000,0x0000000081761610,0x00000000d5580000)
 Metaspace       used 57442K, capacity 58798K, committed 59008K, reserved 1101824K
  class space    used 6667K, capacity 6957K, committed 7040K, reserved 1048576K
Event: 12.418 GC heap after
Heap after GC invocations=6 (full 2):
 PSYoungGen      total 611840K, used 16145K [0x00000000d5580000, 0x0000000100000000, 0x0000000100000000)
  eden space 524800K, 0% used [0x00000000d5580000,0x00000000d5580000,0x00000000f5600000)
  from space 87040K, 18% used [0x00000000fab00000,0x00000000fbac4500,0x0000000100000000)
  to   space 87040K, 0% used [0x00000000f5600000,0x00000000f5600000,0x00000000fab00000)
 ParOldGen       total 1398272K, used 23949K [0x0000000080000000, 0x00000000d5580000, 0x00000000d5580000)
  object space 1398272K, 1% used [0x0000000080000000,0x0000000081763610,0x00000000d5580000)
 Metaspace       used 57442K, capacity 58798K, committed 59008K, reserved 1101824K
  class space    used 6667K, capacity 6957K, committed 7040K, reserved 1048576K
}
Event: 12.418 GC heap before
{Heap before GC invocations=7 (full 3):
 PSYoungGen      total 611840K, used 16145K [0x00000000d5580000, 0x0000000100000000, 0x0000000100000000)
  eden space 524800K, 0% used [0x00000000d5580000,0x00000000d5580000,0x00000000f5600000)
  from space 87040K, 18% used [0x00000000fab00000,0x00000000fbac4500,0x0000000100000000)
  to   space 87040K, 0% used [0x00000000f5600000,0x00000000f5600000,0x00000000fab00000)
 ParOldGen       total 1398272K, used 23949K [0x0000000080000000, 0x00000000d5580000, 0x00000000d5580000)
  object space 1398272K, 1% used [0x0000000080000000,0x0000000081763610,0x00000000d5580000)
 Metaspace       used 57442K, capacity 58798K, committed 59008K, reserved 1101824K
  class space    used 6667K, capacity 6957K, committed 7040K, reserved 1048576K
Event: 12.699 GC heap after
Heap after GC invocations=7 (full 3):
 PSYoungGen      total 611840K, used 0K [0x00000000d5580000, 0x0000000100000000, 0x0000000100000000)
  eden space 524800K, 0% used [0x00000000d5580000,0x00000000d5580000,0x00000000f5600000)
  from space 87040K, 0% used [0x00000000fab00000,0x00000000fab00000,0x0000000100000000)
  to   space 87040K, 0% used [0x00000000f5600000,0x00000000f5600000,0x00000000fab00000)
 ParOldGen       total 1398272K, used 28156K [0x0000000080000000, 0x00000000d5580000, 0x00000000d5580000)
  object space 1398272K, 2% used [0x0000000080000000,0x0000000081b7f208,0x00000000d5580000)
 Metaspace       used 57421K, capacity 58750K, committed 59008K, reserved 1101824K
  class space    used 6659K, capacity 6943K, committed 7040K, reserved 1048576K
}

