# JRE version: OpenJDK Runtime Environment (8.0_212-b04) (build 1.8.0_212-b04)
# Java VM: OpenJDK 64-Bit Server VM (25.212-b04 mixed mode linux-amd64 compressed oops)
Heap:
 PSYoungGen      total 580096K, used 268377K [0x00000000d5580000, 0x0000000100000000, 0x0000000100000000)
  eden space 549376K, 48% used [0x00000000d5580000,0x00000000e5b96538,0x00000000f6e00000)
  from space 30720K, 0% used [0x00000000f8d80000,0x00000000f8d80000,0x00000000fab80000)
  to   space 32256K, 0% used [0x00000000f6e00000,0x00000000f6e00000,0x00000000f8d80000)
 ParOldGen       total 1398272K, used 545630K [0x0000000080000000, 0x00000000d5580000, 0x00000000d5580000)
  object space 1398272K, 39% used [0x0000000080000000,0x00000000a14d7808,0x00000000d5580000)
 Metaspace       used 64445K, capacity 66812K, committed 67072K, reserved 1107968K
  class space    used 7407K, capacity 7848K, committed 7936K, reserved 1048576K
GC Heap History (10 events):
Event: 12.330 GC heap before
{Heap before GC invocations=6 (full 2):
 PSYoungGen      total 611840K, used 287523K [0x00000000d5580000, 0x0000000100000000, 0x0000000100000000)
  eden space 524800K, 51% used [0x00000000d5580000,0x00000000e5c50680,0x00000000f5600000)
  from space 87040K, 21% used [0x00000000f5600000,0x00000000f67f8730,0x00000000fab00000)
  to   space 87040K, 0% used [0x00000000fab00000,0x00000000fab00000,0x0000000100000000)
 ParOldGen       total 1398272K, used 23972K [0x0000000080000000, 0x00000000d5580000, 0x00000000d5580000)
  object space 1398272K, 1% used [0x0000000080000000,0x0000000081769378,0x00000000d5580000)
 Metaspace       used 57373K, capacity 58718K, committed 59028K, reserved 1101824K
  class space    used 6625K, capacity 6885K, committed 6912K, reserved 1048576K
Event: 12.369 GC heap after
Heap after GC invocations=6 (full 2):
 PSYoungGen      total 611840K, used 29107K [0x00000000d5580000, 0x0000000100000000, 0x0000000100000000)
  eden space 524800K, 0% used [0x00000000d5580000,0x00000000d5580000,0x00000000f5600000)
  from space 87040K, 33% used [0x00000000fab00000,0x00000000fc76cfb0,0x0000000100000000)
  to   space 87040K, 0% used [0x00000000f5600000,0x00000000f5600000,0x00000000fab00000)
 ParOldGen       total 1398272K, used 23980K [0x0000000080000000, 0x00000000d5580000, 0x00000000d5580000)
  object space 1398272K, 1% used [0x0000000080000000,0x000000008176b378,0x00000000d5580000)
 Metaspace       used 57373K, capacity 58718K, committed 59028K, reserved 1101824K
  class space    used 6625K, capacity 6885K, committed 6912K, reserved 1048576K
}
Event: 12.369 GC heap before
{Heap before GC invocations=7 (full 3):
 PSYoungGen      total 611840K, used 29107K [0x00000000d5580000, 0x0000000100000000, 0x0000000100000000)
  eden space 524800K, 0% used [0x00000000d5580000,0x00000000d5580000,0x00000000f5600000)
  from space 87040K, 33% used [0x00000000fab00000,0x00000000fc76cfb0,0x0000000100000000)
  to   space 87040K, 0% used [0x00000000f5600000,0x00000000f5600000,0x00000000fab00000)
 ParOldGen       total 1398272K, used 23980K [0x0000000080000000, 0x00000000d5580000, 0x00000000d5580000)
  object space 1398272K, 1% used [0x0000000080000000,0x000000008176b378,0x00000000d5580000)
 Metaspace       used 57373K, capacity 58718K, committed 59028K, reserved 1101824K
  class space    used 6625K, capacity 6885K, committed 6912K, reserved 1048576K
Event: 12.619 GC heap after
Heap after GC invocations=7 (full 3):
 PSYoungGen      total 611840K, used 0K [0x00000000d5580000, 0x0000000100000000, 0x0000000100000000)
  eden space 524800K, 0% used [0x00000000d5580000,0x00000000d5580000,0x00000000f5600000)
  from space 87040K, 0% used [0x00000000fab00000,0x00000000fab00000,0x0000000100000000)
  to   space 87040K, 0% used [0x00000000f5600000,0x00000000f5600000,0x00000000fab00000)
 ParOldGen       total 1398272K, used 40407K [0x0000000080000000, 0x00000000d5580000, 0x00000000d5580000)
  object space 1398272K, 2% used [0x0000000080000000,0x0000000082775e58,0x00000000d5580000)
 Metaspace       used 57343K, capacity 58646K, committed 59028K, reserved 1101824K
  class space    used 6614K, capacity 6867K, committed 6912K, reserved 1048576K
}
Event: 19.214 GC heap before
{Heap before GC invocations=8 (full 3):
 PSYoungGen      total 611840K, used 342002K [0x00000000d5580000, 0x0000000100000000, 0x0000000100000000)
  eden space 524800K, 65% used [0x00000000d5580000,0x00000000ea37c860,0x00000000f5600000)
  from space 87040K, 0% used [0x00000000fab00000,0x00000000fab00000,0x0000000100000000)
  to   space 87040K, 0% used [0x00000000f5600000,0x00000000f5600000,0x00000000fab00000)
 ParOldGen       total 1398272K, used 40407K [0x0000000080000000, 0x00000000d5580000, 0x00000000d5580000)
  object space 1398272K, 2% used [0x0000000080000000,0x0000000082775e58,0x00000000d5580000)
 Metaspace       used 59948K, capacity 61974K, committed 62208K, reserved 1103872K
  class space    used 6976K, capacity 7345K, committed 7424K, reserved 1048576K
Event: 19.498 GC heap after
Heap after GC invocations=8 (full 3):
 PSYoungGen      total 534528K, used 9567K [0x00000000d5580000, 0x00000000fab80000, 0x0000000100000000)
  eden space 524800K, 0% used [0x00000000d5580000,0x00000000d5580000,0x00000000f5600000)
  from space 9728K, 98% used [0x00000000f5600000,0x00000000f5f57da8,0x00000000f5f80000)
  to   space 30720K, 0% used [0x00000000f8d80000,0x00000000f8d80000,0x00000000fab80000)
 ParOldGen       total 1398272K, used 450015K [0x0000000080000000, 0x00000000d5580000, 0x00000000d5580000)
  object space 1398272K, 32% used [0x0000000080000000,0x000000009b777e78,0x00000000d5580000)
 Metaspace       used 59948K, capacity 61974K, committed 62208K, reserved 1103872K
  class space    used 6976K, capacity 7345K, committed 7424K, reserved 1048576K
}
Event: 19.760 GC heap before
{Heap before GC invocations=9 (full 3):
 PSYoungGen      total 534528K, used 534367K [0x00000000d5580000, 0x00000000fab80000, 0x0000000100000000)
  eden space 524800K, 100% used [0x00000000d5580000,0x00000000f5600000,0x00000000f5600000)
  from space 9728K, 98% used [0x00000000f5600000,0x00000000f5f57da8,0x00000000f5f80000)
  to   space 30720K, 0% used [0x00000000f8d80000,0x00000000f8d80000,0x00000000fab80000)
 ParOldGen       total 1398272K, used 450015K [0x0000000080000000, 0x00000000d5580000, 0x00000000d5580000)
  object space 1398272K, 32% used [0x0000000080000000,0x000000009b777e78,0x00000000d5580000)
 Metaspace       used 59949K, capacity 61974K, committed 62208K, reserved 1103872K
  class space    used 6976K, capacity 7345K, committed 7424K, reserved 1048576K
Event: 20.305 GC heap after
Heap after GC invocations=9 (full 3):
 PSYoungGen      total 580096K, used 4928K [0x00000000d5580000, 0x0000000100000000, 0x0000000100000000)
  eden space 549376K, 0% used [0x00000000d5580000,0x00000000d5580000,0x00000000f6e00000)
  from space 30720K, 16% used [0x00000000f8d80000,0x00000000f9250070,0x00000000fab80000)
  to   space 32256K, 0% used [0x00000000f6e00000,0x00000000f6e00000,0x00000000f8d80000)
 ParOldGen       total 1398272K, used 962015K [0x0000000080000000, 0x00000000d5580000, 0x00000000d5580000)
  object space 1398272K, 68% used [0x0000000080000000,0x00000000bab77e98,0x00000000d5580000)
 Metaspace       used 59949K, capacity 61974K, committed 62208K, reserved 1103872K
  class space    used 6976K, capacity 7345K, committed 7424K, reserved 1048576K
}
Event: 20.305 GC heap before
{Heap before GC invocations=10 (full 4):
 PSYoungGen      total 580096K, used 4928K [0x00000000d5580000, 0x0000000100000000, 0x0000000100000000)
  eden space 549376K, 0% used [0x00000000d5580000,0x00000000d5580000,0x00000000f6e00000)
  from space 30720K, 16% used [0x00000000f8d80000,0x00000000f9250070,0x00000000fab80000)
  to   space 32256K, 0% used [0x00000000f6e00000,0x00000000f6e00000,0x00000000f8d80000)
 ParOldGen       total 1398272K, used 962015K [0x0000000080000000, 0x00000000d5580000, 0x00000000d5580000)
  object space 1398272K, 68% used [0x0000000080000000,0x00000000bab77e98,0x00000000d5580000)
 Metaspace       used 59949K, capacity 61974K, committed 62208K, reserved 1103872K
  class space    used 6976K, capacity 7345K, committed 7424K, reserved 1048576K
Event: 20.606 GC heap after
Heap after GC invocations=10 (full 4):
 PSYoungGen      total 580096K, used 0K [0x00000000d5580000, 0x0000000100000000, 0x0000000100000000)
  eden space 549376K, 0% used [0x00000000d5580000,0x00000000d5580000,0x00000000f6e00000)
  from space 30720K, 0% used [0x00000000f8d80000,0x00000000f8d80000,0x00000000fab80000)
  to   space 32256K, 0% used [0x00000000f6e00000,0x00000000f6e00000,0x00000000f8d80000)
 ParOldGen       total 1398272K, used 545630K [0x0000000080000000, 0x00000000d5580000, 0x00000000d5580000)
  object space 1398272K, 39% used [0x0000000080000000,0x00000000a14d7808,0x00000000d5580000)
 Metaspace       used 59758K, capacity 61470K, committed 62208K, reserved 1103872K
  class space    used 6909K, capacity 7223K, committed 7424K, reserved 1048576K
}

