# JRE version: OpenJDK Runtime Environment (8.0_212-b04) (build 1.8.0_212-b04)
# Java VM: OpenJDK 64-Bit Server VM (25.212-b04 mixed mode linux-amd64 compressed oops)
Heap:
 PSYoungGen      total 543744K, used 269085K [0x00000000d5580000, 0x00000000fab80000, 0x0000000100000000)
  eden space 524800K, 51% used [0x00000000d5580000,0x00000000e5c47650,0x00000000f5600000)
  from space 18944K, 0% used [0x00000000f5600000,0x00000000f5600000,0x00000000f6880000)
  to   space 27136K, 0% used [0x00000000f9100000,0x00000000f9100000,0x00000000fab80000)
 ParOldGen       total 1398272K, used 30507K [0x0000000080000000, 0x00000000d5580000, 0x00000000d5580000)
  object space 1398272K, 2% used [0x0000000080000000,0x0000000081dcad90,0x00000000d5580000)
 Metaspace       used 65202K, capacity 67822K, committed 67968K, reserved 1110016K
  class space    used 7537K, capacity 8013K, committed 8064K, reserved 1048576K
GC Heap History (10 events):
Event: 4.743 GC heap before
{Heap before GC invocations=4 (full 1):
 PSYoungGen      total 611840K, used 38683K [0x00000000d5580000, 0x0000000100000000, 0x0000000100000000)
  eden space 524800K, 3% used [0x00000000d5580000,0x00000000d68d9d20,0x00000000f5600000)
  from space 87040K, 21% used [0x00000000fab00000,0x00000000fbd6d1a8,0x0000000100000000)
  to   space 87040K, 0% used [0x00000000f5600000,0x00000000f5600000,0x00000000fab00000)
 ParOldGen       total 882688K, used 14296K [0x0000000080000000, 0x00000000b5e00000, 0x00000000d5580000)
  object space 882688K, 1% used [0x0000000080000000,0x0000000080df6200,0x00000000b5e00000)
 Metaspace       used 35029K, capacity 35380K, committed 35748K, reserved 1081344K
  class space    used 3996K, capacity 4092K, committed 4096K, reserved 1048576K
Event: 4.765 GC heap after
Heap after GC invocations=4 (full 1):
 PSYoungGen      total 611840K, used 8098K [0x00000000d5580000, 0x0000000100000000, 0x0000000100000000)
  eden space 524800K, 0% used [0x00000000d5580000,0x00000000d5580000,0x00000000f5600000)
  from space 87040K, 9% used [0x00000000f5600000,0x00000000f5de8948,0x00000000fab00000)
  to   space 87040K, 0% used [0x00000000fab00000,0x00000000fab00000,0x0000000100000000)
 ParOldGen       total 882688K, used 14296K [0x0000000080000000, 0x00000000b5e00000, 0x00000000d5580000)
  object space 882688K, 1% used [0x0000000080000000,0x0000000080df6200,0x00000000b5e00000)
 Metaspace       used 35029K, capacity 35380K, committed 35748K, reserved 1081344K
  class space    used 3996K, capacity 4092K, committed 4096K, reserved 1048576K
}
Event: 4.765 GC heap before
{Heap before GC invocations=5 (full 2):
 PSYoungGen      total 611840K, used 8098K [0x00000000d5580000, 0x0000000100000000, 0x0000000100000000)
  eden space 524800K, 0% used [0x00000000d5580000,0x00000000d5580000,0x00000000f5600000)
  from space 87040K, 9% used [0x00000000f5600000,0x00000000f5de8948,0x00000000fab00000)
  to   space 87040K, 0% used [0x00000000fab00000,0x00000000fab00000,0x0000000100000000)
 ParOldGen       total 882688K, used 14296K [0x0000000080000000, 0x00000000b5e00000, 0x00000000d5580000)
  object space 882688K, 1% used [0x0000000080000000,0x0000000080df6200,0x00000000b5e00000)
 Metaspace       used 35029K, capacity 35380K, committed 35748K, reserved 1081344K
  class space    used 3996K, capacity 4092K, committed 4096K, reserved 1048576K
Event: 4.871 GC heap after
Heap after GC invocations=5 (full 2):
 PSYoungGen      total 611840K, used 0K [0x00000000d5580000, 0x0000000100000000, 0x0000000100000000)
  eden space 524800K, 0% used [0x00000000d5580000,0x00000000d5580000,0x00000000f5600000)
  from space 87040K, 0% used [0x00000000f5600000,0x00000000f5600000,0x00000000fab00000)
  to   space 87040K, 0% used [0x00000000fab00000,0x00000000fab00000,0x0000000100000000)
 ParOldGen       total 1161728K, used 13455K [0x0000000080000000, 0x00000000c6e80000, 0x00000000d5580000)
  object space 1161728K, 1% used [0x0000000080000000,0x0000000080d23df0,0x00000000c6e80000)
 Metaspace       used 35029K, capacity 35380K, committed 35748K, reserved 1081344K
  class space    used 3996K, capacity 4092K, committed 4096K, reserved 1048576K
}
Event: 11.179 GC heap before
{Heap before GC invocations=6 (full 2):
 PSYoungGen      total 611840K, used 524800K [0x00000000d5580000, 0x0000000100000000, 0x0000000100000000)
  eden space 524800K, 100% used [0x00000000d5580000,0x00000000f5600000,0x00000000f5600000)
  from space 87040K, 0% used [0x00000000f5600000,0x00000000f5600000,0x00000000fab00000)
  to   space 87040K, 0% used [0x00000000fab00000,0x00000000fab00000,0x0000000100000000)
 ParOldGen       total 1161728K, used 13455K [0x0000000080000000, 0x00000000c6e80000, 0x00000000d5580000)
  object space 1161728K, 1% used [0x0000000080000000,0x0000000080d23df0,0x00000000c6e80000)
 Metaspace       used 51423K, capacity 52832K, committed 52992K, reserved 1095680K
  class space    used 6073K, capacity 6344K, committed 6400K, reserved 1048576K
Event: 11.230 GC heap after
Heap after GC invocations=6 (full 2):
 PSYoungGen      total 611840K, used 22929K [0x00000000d5580000, 0x0000000100000000, 0x0000000100000000)
  eden space 524800K, 0% used [0x00000000d5580000,0x00000000d5580000,0x00000000f5600000)
  from space 87040K, 26% used [0x00000000fab00000,0x00000000fc1646d8,0x0000000100000000)
  to   space 87040K, 0% used [0x00000000f5600000,0x00000000f5600000,0x00000000fab00000)
 ParOldGen       total 1161728K, used 13463K [0x0000000080000000, 0x00000000c6e80000, 0x00000000d5580000)
  object space 1161728K, 1% used [0x0000000080000000,0x0000000080d25df0,0x00000000c6e80000)
 Metaspace       used 51423K, capacity 52832K, committed 52992K, reserved 1095680K
  class space    used 6073K, capacity 6344K, committed 6400K, reserved 1048576K
}
Event: 12.207 GC heap before
{Heap before GC invocations=7 (full 2):
 PSYoungGen      total 611840K, used 207374K [0x00000000d5580000, 0x0000000100000000, 0x0000000100000000)
  eden space 524800K, 35% used [0x00000000d5580000,0x00000000e099f318,0x00000000f5600000)
  from space 87040K, 26% used [0x00000000fab00000,0x00000000fc1646d8,0x0000000100000000)
  to   space 87040K, 0% used [0x00000000f5600000,0x00000000f5600000,0x00000000fab00000)
 ParOldGen       total 1161728K, used 13463K [0x0000000080000000, 0x00000000c6e80000, 0x00000000d5580000)
  object space 1161728K, 1% used [0x0000000080000000,0x0000000080d25df0,0x00000000c6e80000)
 Metaspace       used 57938K, capacity 59376K, committed 59520K, reserved 1101824K
  class space    used 6705K, capacity 7002K, committed 7040K, reserved 1048576K
Event: 12.249 GC heap after
Heap after GC invocations=7 (full 2):
 PSYoungGen      total 543744K, used 18734K [0x00000000d5580000, 0x00000000fab80000, 0x0000000100000000)
  eden space 524800K, 0% used [0x00000000d5580000,0x00000000d5580000,0x00000000f5600000)
  from space 18944K, 98% used [0x00000000f5600000,0x00000000f684ba48,0x00000000f6880000)
  to   space 27136K, 0% used [0x00000000f9100000,0x00000000f9100000,0x00000000fab80000)
 ParOldGen       total 1161728K, used 13471K [0x0000000080000000, 0x00000000c6e80000, 0x00000000d5580000)
  object space 1161728K, 1% used [0x0000000080000000,0x0000000080d27df0,0x00000000c6e80000)
 Metaspace       used 57938K, capacity 59376K, committed 59520K, reserved 1101824K
  class space    used 6705K, capacity 7002K, committed 7040K, reserved 1048576K
}
Event: 12.249 GC heap before
{Heap before GC invocations=8 (full 3):
 PSYoungGen      total 543744K, used 18734K [0x00000000d5580000, 0x00000000fab80000, 0x0000000100000000)
  eden space 524800K, 0% used [0x00000000d5580000,0x00000000d5580000,0x00000000f5600000)
  from space 18944K, 98% used [0x00000000f5600000,0x00000000f684ba48,0x00000000f6880000)
  to   space 27136K, 0% used [0x00000000f9100000,0x00000000f9100000,0x00000000fab80000)
 ParOldGen       total 1161728K, used 13471K [0x0000000080000000, 0x00000000c6e80000, 0x00000000d5580000)
  object space 1161728K, 1% used [0x0000000080000000,0x0000000080d27df0,0x00000000c6e80000)
 Metaspace       used 57938K, capacity 59376K, committed 59520K, reserved 1101824K
  class space    used 6705K, capacity 7002K, committed 7040K, reserved 1048576K
Event: 12.507 GC heap after
Heap after GC invocations=8 (full 3):
 PSYoungGen      total 543744K, used 0K [0x00000000d5580000, 0x00000000fab80000, 0x0000000100000000)
  eden space 524800K, 0% used [0x00000000d5580000,0x00000000d5580000,0x00000000f5600000)
  from space 18944K, 0% used [0x00000000f5600000,0x00000000f5600000,0x00000000f6880000)
  to   space 27136K, 0% used [0x00000000f9100000,0x00000000f9100000,0x00000000fab80000)
 ParOldGen       total 1398272K, used 30507K [0x0000000080000000, 0x00000000d5580000, 0x00000000d5580000)
  object space 1398272K, 2% used [0x0000000080000000,0x0000000081dcad90,0x00000000d5580000)
 Metaspace       used 57906K, capacity 59292K, committed 59520K, reserved 1101824K
  class space    used 6693K, capacity 6982K, committed 7040K, reserved 1048576K
}

