# JRE version: OpenJDK Runtime Environment (8.0_212-b04) (build 1.8.0_212-b04)
# Java VM: OpenJDK 64-Bit Server VM (25.212-b04 mixed mode linux-amd64 compressed oops)
Heap:
 PSYoungGen      total 611840K, used 211052K [0x00000000d5580000, 0x0000000100000000, 0x0000000100000000)
  eden space 524800K, 40% used [0x00000000d5580000,0x00000000e239b0f8,0x00000000f5600000)
  from space 87040K, 0% used [0x00000000f5600000,0x00000000f5600000,0x00000000fab00000)
  to   space 87040K, 0% used [0x00000000fab00000,0x00000000fab00000,0x0000000100000000)
 ParOldGen       total 1398272K, used 44335K [0x0000000080000000, 0x00000000d5580000, 0x00000000d5580000)
  object space 1398272K, 3% used [0x0000000080000000,0x0000000082b4be28,0x00000000d5580000)
 Metaspace       used 63891K, capacity 66406K, committed 66560K, reserved 1107968K
  class space    used 7377K, capacity 7835K, committed 7936K, reserved 1048576K
GC Heap History (10 events):
Event: 2.156 GC heap before
{Heap before GC invocations=2 (full 1):
 PSYoungGen      total 611840K, used 14260K [0x00000000d5580000, 0x0000000100000000, 0x0000000100000000)
  eden space 524800K, 0% used [0x00000000d5580000,0x00000000d5580000,0x00000000f5600000)
  from space 87040K, 16% used [0x00000000f5600000,0x00000000f63ed320,0x00000000fab00000)
  to   space 87040K, 0% used [0x00000000fab00000,0x00000000fab00000,0x0000000100000000)
 ParOldGen       total 1398272K, used 80K [0x0000000080000000, 0x00000000d5580000, 0x00000000d5580000)
  object space 1398272K, 0% used [0x0000000080000000,0x0000000080014010,0x00000000d5580000)
 Metaspace       used 20829K, capacity 21106K, committed 21248K, reserved 1069056K
  class space    used 2369K, capacity 2482K, committed 2560K, reserved 1048576K
Event: 2.222 GC heap after
Heap after GC invocations=2 (full 1):
 PSYoungGen      total 611840K, used 0K [0x00000000d5580000, 0x0000000100000000, 0x0000000100000000)
  eden space 524800K, 0% used [0x00000000d5580000,0x00000000d5580000,0x00000000f5600000)
  from space 87040K, 0% used [0x00000000f5600000,0x00000000f5600000,0x00000000fab00000)
  to   space 87040K, 0% used [0x00000000fab00000,0x00000000fab00000,0x0000000100000000)
 ParOldGen       total 862208K, used 13720K [0x0000000080000000, 0x00000000b4a00000, 0x00000000d5580000)
  object space 862208K, 1% used [0x0000000080000000,0x0000000080d66170,0x00000000b4a00000)
 Metaspace       used 20829K, capacity 21106K, committed 21248K, reserved 1069056K
  class space    used 2369K, capacity 2482K, committed 2560K, reserved 1048576K
}
Event: 4.309 GC heap before
{Heap before GC invocations=3 (full 1):
 PSYoungGen      total 611840K, used 445050K [0x00000000d5580000, 0x0000000100000000, 0x0000000100000000)
  eden space 524800K, 84% used [0x00000000d5580000,0x00000000f081e838,0x00000000f5600000)
  from space 87040K, 0% used [0x00000000f5600000,0x00000000f5600000,0x00000000fab00000)
  to   space 87040K, 0% used [0x00000000fab00000,0x00000000fab00000,0x0000000100000000)
 ParOldGen       total 862208K, used 13720K [0x0000000080000000, 0x00000000b4a00000, 0x00000000d5580000)
  object space 862208K, 1% used [0x0000000080000000,0x0000000080d66170,0x00000000b4a00000)
 Metaspace       used 34789K, capacity 35188K, committed 35416K, reserved 1081344K
  class space    used 3966K, capacity 4092K, committed 4096K, reserved 1048576K
Event: 4.354 GC heap after
Heap after GC invocations=3 (full 1):
 PSYoungGen      total 611840K, used 19256K [0x00000000d5580000, 0x0000000100000000, 0x0000000100000000)
  eden space 524800K, 0% used [0x00000000d5580000,0x00000000d5580000,0x00000000f5600000)
  from space 87040K, 22% used [0x00000000fab00000,0x00000000fbdce3e8,0x0000000100000000)
  to   space 87040K, 0% used [0x00000000f5600000,0x00000000f5600000,0x00000000fab00000)
 ParOldGen       total 862208K, used 13720K [0x0000000080000000, 0x00000000b4a00000, 0x00000000d5580000)
  object space 862208K, 1% used [0x0000000080000000,0x0000000080d66170,0x00000000b4a00000)
 Metaspace       used 34789K, capacity 35188K, committed 35416K, reserved 1081344K
  class space    used 3966K, capacity 4092K, committed 4096K, reserved 1048576K
}
Event: 4.354 GC heap before
{Heap before GC invocations=4 (full 2):
 PSYoungGen      total 611840K, used 19256K [0x00000000d5580000, 0x0000000100000000, 0x0000000100000000)
  eden space 524800K, 0% used [0x00000000d5580000,0x00000000d5580000,0x00000000f5600000)
  from space 87040K, 22% used [0x00000000fab00000,0x00000000fbdce3e8,0x0000000100000000)
  to   space 87040K, 0% used [0x00000000f5600000,0x00000000f5600000,0x00000000fab00000)
 ParOldGen       total 862208K, used 13720K [0x0000000080000000, 0x00000000b4a00000, 0x00000000d5580000)
  object space 862208K, 1% used [0x0000000080000000,0x0000000080d66170,0x00000000b4a00000)
 Metaspace       used 34789K, capacity 35188K, committed 35416K, reserved 1081344K
  class space    used 3966K, capacity 4092K, committed 4096K, reserved 1048576K
Event: 4.479 GC heap after
Heap after GC invocations=4 (full 2):
 PSYoungGen      total 611840K, used 0K [0x00000000d5580000, 0x0000000100000000, 0x0000000100000000)
  eden space 524800K, 0% used [0x00000000d5580000,0x00000000d5580000,0x00000000f5600000)
  from space 87040K, 0% used [0x00000000fab00000,0x00000000fab00000,0x0000000100000000)
  to   space 87040K, 0% used [0x00000000f5600000,0x00000000f5600000,0x00000000fab00000)
 ParOldGen       total 1398272K, used 23544K [0x0000000080000000, 0x00000000d5580000, 0x00000000d5580000)
  object space 1398272K, 1% used [0x0000000080000000,0x00000000816fe298,0x00000000d5580000)
 Metaspace       used 34789K, capacity 35188K, committed 35416K, reserved 1081344K
  class space    used 3966K, capacity 4092K, committed 4096K, reserved 1048576K
}
Event: 11.590 GC heap before
{Heap before GC invocations=5 (full 2):
 PSYoungGen      total 611840K, used 503282K [0x00000000d5580000, 0x0000000100000000, 0x0000000100000000)
  eden space 524800K, 95% used [0x00000000d5580000,0x00000000f40fc8e0,0x00000000f5600000)
  from space 87040K, 0% used [0x00000000fab00000,0x00000000fab00000,0x0000000100000000)
  to   space 87040K, 0% used [0x00000000f5600000,0x00000000f5600000,0x00000000fab00000)
 ParOldGen       total 1398272K, used 23544K [0x0000000080000000, 0x00000000d5580000, 0x00000000d5580000)
  object space 1398272K, 1% used [0x0000000080000000,0x00000000816fe298,0x00000000d5580000)
 Metaspace       used 57474K, capacity 58924K, committed 59028K, reserved 1101824K
  class space    used 6637K, capacity 6910K, committed 6912K, reserved 1048576K
Event: 11.664 GC heap after
Heap after GC invocations=5 (full 2):
 PSYoungGen      total 611840K, used 33834K [0x00000000d5580000, 0x0000000100000000, 0x0000000100000000)
  eden space 524800K, 0% used [0x00000000d5580000,0x00000000d5580000,0x00000000f5600000)
  from space 87040K, 38% used [0x00000000f5600000,0x00000000f770aa18,0x00000000fab00000)
  to   space 87040K, 0% used [0x00000000fab00000,0x00000000fab00000,0x0000000100000000)
 ParOldGen       total 1398272K, used 23552K [0x0000000080000000, 0x00000000d5580000, 0x00000000d5580000)
  object space 1398272K, 1% used [0x0000000080000000,0x0000000081700298,0x00000000d5580000)
 Metaspace       used 57474K, capacity 58924K, committed 59028K, reserved 1101824K
  class space    used 6637K, capacity 6910K, committed 6912K, reserved 1048576K
}
Event: 11.664 GC heap before
{Heap before GC invocations=6 (full 3):
 PSYoungGen      total 611840K, used 33834K [0x00000000d5580000, 0x0000000100000000, 0x0000000100000000)
  eden space 524800K, 0% used [0x00000000d5580000,0x00000000d5580000,0x00000000f5600000)
  from space 87040K, 38% used [0x00000000f5600000,0x00000000f770aa18,0x00000000fab00000)
  to   space 87040K, 0% used [0x00000000fab00000,0x00000000fab00000,0x0000000100000000)
 ParOldGen       total 1398272K, used 23552K [0x0000000080000000, 0x00000000d5580000, 0x00000000d5580000)
  object space 1398272K, 1% used [0x0000000080000000,0x0000000081700298,0x00000000d5580000)
 Metaspace       used 57474K, capacity 58924K, committed 59028K, reserved 1101824K
  class space    used 6637K, capacity 6910K, committed 6912K, reserved 1048576K
Event: 11.946 GC heap after
Heap after GC invocations=6 (full 3):
 PSYoungGen      total 611840K, used 0K [0x00000000d5580000, 0x0000000100000000, 0x0000000100000000)
  eden space 524800K, 0% used [0x00000000d5580000,0x00000000d5580000,0x00000000f5600000)
  from space 87040K, 0% used [0x00000000f5600000,0x00000000f5600000,0x00000000fab00000)
  to   space 87040K, 0% used [0x00000000fab00000,0x00000000fab00000,0x0000000100000000)
 ParOldGen       total 1398272K, used 44335K [0x0000000080000000, 0x00000000d5580000, 0x00000000d5580000)
  object space 1398272K, 3% used [0x0000000080000000,0x0000000082b4be28,0x00000000d5580000)
 Metaspace       used 57425K, capacity 58810K, committed 59028K, reserved 1101824K
  class space    used 6620K, capacity 6881K, committed 6912K, reserved 1048576K
}

