# JRE version: OpenJDK Runtime Environment (8.0_212-b04) (build 1.8.0_212-b04)
# Java VM: OpenJDK 64-Bit Server VM (25.212-b04 mixed mode linux-amd64 compressed oops)
Heap:
 PSYoungGen      total 611840K, used 205102K [0x00000000d5580000, 0x0000000100000000, 0x0000000100000000)
  eden space 524800K, 39% used [0x00000000d5580000,0x00000000e1dcbaa8,0x00000000f5600000)
  from space 87040K, 0% used [0x00000000f5600000,0x00000000f5600000,0x00000000fab00000)
  to   space 87040K, 0% used [0x00000000fab00000,0x00000000fab00000,0x0000000100000000)
 ParOldGen       total 1398272K, used 42067K [0x0000000080000000, 0x00000000d5580000, 0x00000000d5580000)
  object space 1398272K, 3% used [0x0000000080000000,0x0000000082914e18,0x00000000d5580000)
 Metaspace       used 65185K, capacity 69208K, committed 69504K, reserved 1110016K
  class space    used 7721K, capacity 8458K, committed 8576K, reserved 1048576K
GC Heap History (10 events):
Event: 2.144 GC heap before
{Heap before GC invocations=2 (full 1):
 PSYoungGen      total 611840K, used 14298K [0x00000000d5580000, 0x0000000100000000, 0x0000000100000000)
  eden space 524800K, 0% used [0x00000000d5580000,0x00000000d5580000,0x00000000f5600000)
  from space 87040K, 16% used [0x00000000f5600000,0x00000000f63f6960,0x00000000fab00000)
  to   space 87040K, 0% used [0x00000000fab00000,0x00000000fab00000,0x0000000100000000)
 ParOldGen       total 1398272K, used 80K [0x0000000080000000, 0x00000000d5580000, 0x00000000d5580000)
  object space 1398272K, 0% used [0x0000000080000000,0x0000000080014010,0x00000000d5580000)
 Metaspace       used 20839K, capacity 21106K, committed 21248K, reserved 1069056K
  class space    used 2372K, capacity 2482K, committed 2560K, reserved 1048576K
Event: 2.222 GC heap after
Heap after GC invocations=2 (full 1):
 PSYoungGen      total 611840K, used 0K [0x00000000d5580000, 0x0000000100000000, 0x0000000100000000)
  eden space 524800K, 0% used [0x00000000d5580000,0x00000000d5580000,0x00000000f5600000)
  from space 87040K, 0% used [0x00000000f5600000,0x00000000f5600000,0x00000000fab00000)
  to   space 87040K, 0% used [0x00000000fab00000,0x00000000fab00000,0x0000000100000000)
 ParOldGen       total 894464K, used 13825K [0x0000000080000000, 0x00000000b6980000, 0x00000000d5580000)
  object space 894464K, 1% used [0x0000000080000000,0x0000000080d80468,0x00000000b6980000)
 Metaspace       used 20839K, capacity 21106K, committed 21248K, reserved 1069056K
  class space    used 2372K, capacity 2482K, committed 2560K, reserved 1048576K
}
Event: 4.413 GC heap before
{Heap before GC invocations=3 (full 1):
 PSYoungGen      total 611840K, used 403058K [0x00000000d5580000, 0x0000000100000000, 0x0000000100000000)
  eden space 524800K, 76% used [0x00000000d5580000,0x00000000edf1caa8,0x00000000f5600000)
  from space 87040K, 0% used [0x00000000f5600000,0x00000000f5600000,0x00000000fab00000)
  to   space 87040K, 0% used [0x00000000fab00000,0x00000000fab00000,0x0000000100000000)
 ParOldGen       total 894464K, used 13825K [0x0000000080000000, 0x00000000b6980000, 0x00000000d5580000)
  object space 894464K, 1% used [0x0000000080000000,0x0000000080d80468,0x00000000b6980000)
 Metaspace       used 34717K, capacity 35092K, committed 35416K, reserved 1081344K
  class space    used 3958K, capacity 4060K, committed 4096K, reserved 1048576K
Event: 4.458 GC heap after
Heap after GC invocations=3 (full 1):
 PSYoungGen      total 611840K, used 19032K [0x00000000d5580000, 0x0000000100000000, 0x0000000100000000)
  eden space 524800K, 0% used [0x00000000d5580000,0x00000000d5580000,0x00000000f5600000)
  from space 87040K, 21% used [0x00000000fab00000,0x00000000fbd961b0,0x0000000100000000)
  to   space 87040K, 0% used [0x00000000f5600000,0x00000000f5600000,0x00000000fab00000)
 ParOldGen       total 894464K, used 13833K [0x0000000080000000, 0x00000000b6980000, 0x00000000d5580000)
  object space 894464K, 1% used [0x0000000080000000,0x0000000080d82468,0x00000000b6980000)
 Metaspace       used 34717K, capacity 35092K, committed 35416K, reserved 1081344K
  class space    used 3958K, capacity 4060K, committed 4096K, reserved 1048576K
}
Event: 4.458 GC heap before
{Heap before GC invocations=4 (full 2):
 PSYoungGen      total 611840K, used 19032K [0x00000000d5580000, 0x0000000100000000, 0x0000000100000000)
  eden space 524800K, 0% used [0x00000000d5580000,0x00000000d5580000,0x00000000f5600000)
  from space 87040K, 21% used [0x00000000fab00000,0x00000000fbd961b0,0x0000000100000000)
  to   space 87040K, 0% used [0x00000000f5600000,0x00000000f5600000,0x00000000fab00000)
 ParOldGen       total 894464K, used 13833K [0x0000000080000000, 0x00000000b6980000, 0x00000000d5580000)
  object space 894464K, 1% used [0x0000000080000000,0x0000000080d82468,0x00000000b6980000)
 Metaspace       used 34717K, capacity 35092K, committed 35416K, reserved 1081344K
  class space    used 3958K, capacity 4060K, committed 4096K, reserved 1048576K
Event: 4.570 GC heap after
Heap after GC invocations=4 (full 2):
 PSYoungGen      total 611840K, used 0K [0x00000000d5580000, 0x0000000100000000, 0x0000000100000000)
  eden space 524800K, 0% used [0x00000000d5580000,0x00000000d5580000,0x00000000f5600000)
  from space 87040K, 0% used [0x00000000fab00000,0x00000000fab00000,0x0000000100000000)
  to   space 87040K, 0% used [0x00000000f5600000,0x00000000f5600000,0x00000000fab00000)
 ParOldGen       total 1398272K, used 23547K [0x0000000080000000, 0x00000000d5580000, 0x00000000d5580000)
  object space 1398272K, 1% used [0x0000000080000000,0x00000000816fecc0,0x00000000d5580000)
 Metaspace       used 34717K, capacity 35092K, committed 35416K, reserved 1081344K
  class space    used 3958K, capacity 4060K, committed 4096K, reserved 1048576K
}
Event: 11.458 GC heap before
{Heap before GC invocations=5 (full 2):
 PSYoungGen      total 611840K, used 446129K [0x00000000d5580000, 0x0000000100000000, 0x0000000100000000)
  eden space 524800K, 85% used [0x00000000d5580000,0x00000000f092c750,0x00000000f5600000)
  from space 87040K, 0% used [0x00000000fab00000,0x00000000fab00000,0x0000000100000000)
  to   space 87040K, 0% used [0x00000000f5600000,0x00000000f5600000,0x00000000fab00000)
 ParOldGen       total 1398272K, used 23547K [0x0000000080000000, 0x00000000d5580000, 0x00000000d5580000)
  object space 1398272K, 1% used [0x0000000080000000,0x00000000816fecc0,0x00000000d5580000)
 Metaspace       used 57407K, capacity 58882K, committed 59028K, reserved 1101824K
  class space    used 6641K, capacity 6911K, committed 6912K, reserved 1048576K
Event: 11.546 GC heap after
Heap after GC invocations=5 (full 2):
 PSYoungGen      total 611840K, used 31438K [0x00000000d5580000, 0x0000000100000000, 0x0000000100000000)
  eden space 524800K, 0% used [0x00000000d5580000,0x00000000d5580000,0x00000000f5600000)
  from space 87040K, 36% used [0x00000000f5600000,0x00000000f74b3810,0x00000000fab00000)
  to   space 87040K, 0% used [0x00000000fab00000,0x00000000fab00000,0x0000000100000000)
 ParOldGen       total 1398272K, used 23555K [0x0000000080000000, 0x00000000d5580000, 0x00000000d5580000)
  object space 1398272K, 1% used [0x0000000080000000,0x0000000081700cc0,0x00000000d5580000)
 Metaspace       used 57407K, capacity 58882K, committed 59028K, reserved 1101824K
  class space    used 6641K, capacity 6911K, committed 6912K, reserved 1048576K
}
Event: 11.546 GC heap before
{Heap before GC invocations=6 (full 3):
 PSYoungGen      total 611840K, used 31438K [0x00000000d5580000, 0x0000000100000000, 0x0000000100000000)
  eden space 524800K, 0% used [0x00000000d5580000,0x00000000d5580000,0x00000000f5600000)
  from space 87040K, 36% used [0x00000000f5600000,0x00000000f74b3810,0x00000000fab00000)
  to   space 87040K, 0% used [0x00000000fab00000,0x00000000fab00000,0x0000000100000000)
 ParOldGen       total 1398272K, used 23555K [0x0000000080000000, 0x00000000d5580000, 0x00000000d5580000)
  object space 1398272K, 1% used [0x0000000080000000,0x0000000081700cc0,0x00000000d5580000)
 Metaspace       used 57407K, capacity 58882K, committed 59028K, reserved 1101824K
  class space    used 6641K, capacity 6911K, committed 6912K, reserved 1048576K
Event: 11.827 GC heap after
Heap after GC invocations=6 (full 3):
 PSYoungGen      total 611840K, used 0K [0x00000000d5580000, 0x0000000100000000, 0x0000000100000000)
  eden space 524800K, 0% used [0x00000000d5580000,0x00000000d5580000,0x00000000f5600000)
  from space 87040K, 0% used [0x00000000f5600000,0x00000000f5600000,0x00000000fab00000)
  to   space 87040K, 0% used [0x00000000fab00000,0x00000000fab00000,0x0000000100000000)
 ParOldGen       total 1398272K, used 42067K [0x0000000080000000, 0x00000000d5580000, 0x00000000d5580000)
  object space 1398272K, 3% used [0x0000000080000000,0x0000000082914e18,0x00000000d5580000)
 Metaspace       used 57356K, capacity 58742K, committed 59028K, reserved 1101824K
  class space    used 6624K, capacity 6881K, committed 6912K, reserved 1048576K
}

