# JRE version: OpenJDK Runtime Environment (8.0_212-b04) (build 1.8.0_212-b04)
# Java VM: OpenJDK 64-Bit Server VM (25.212-b04 mixed mode linux-amd64 compressed oops)
Heap:
 PSYoungGen      total 519680K, used 499872K [0x00000000d5580000, 0x0000000100000000, 0x0000000100000000)
  eden space 432640K, 95% used [0x00000000d5580000,0x00000000ee8ad9f8,0x00000000efc00000)
  from space 87040K, 99% used [0x00000000fab00000,0x00000000ffffa960,0x0000000100000000)
  to   space 133120K, 0% used [0x00000000efc00000,0x00000000efc00000,0x00000000f7e00000)
 ParOldGen       total 1398272K, used 92279K [0x0000000080000000, 0x00000000d5580000, 0x00000000d5580000)
  object space 1398272K, 6% used [0x0000000080000000,0x0000000085a1ddd8,0x00000000d5580000)
 Metaspace       used 68193K, capacity 71508K, committed 71808K, reserved 1112064K
  class space    used 7642K, capacity 8218K, committed 8320K, reserved 1048576K
GC Heap History (10 events):
Event: 11.546 GC heap before
{Heap before GC invocations=5 (full 2):
 PSYoungGen      total 611840K, used 501974K [0x00000000d5580000, 0x0000000100000000, 0x0000000100000000)
  eden space 524800K, 95% used [0x00000000d5580000,0x00000000f3fb5840,0x00000000f5600000)
  from space 87040K, 0% used [0x00000000fab00000,0x00000000fab00000,0x0000000100000000)
  to   space 87040K, 0% used [0x00000000f5600000,0x00000000f5600000,0x00000000fab00000)
 ParOldGen       total 1398272K, used 23535K [0x0000000080000000, 0x00000000d5580000, 0x00000000d5580000)
  object space 1398272K, 1% used [0x0000000080000000,0x00000000816fbc70,0x00000000d5580000)
 Metaspace       used 57466K, capacity 58888K, committed 59028K, reserved 1101824K
  class space    used 6632K, capacity 6902K, committed 6912K, reserved 1048576K
Event: 11.607 GC heap after
Heap after GC invocations=5 (full 2):
 PSYoungGen      total 611840K, used 33803K [0x00000000d5580000, 0x0000000100000000, 0x0000000100000000)
  eden space 524800K, 0% used [0x00000000d5580000,0x00000000d5580000,0x00000000f5600000)
  from space 87040K, 38% used [0x00000000f5600000,0x00000000f7702de8,0x00000000fab00000)
  to   space 87040K, 0% used [0x00000000fab00000,0x00000000fab00000,0x0000000100000000)
 ParOldGen       total 1398272K, used 23543K [0x0000000080000000, 0x00000000d5580000, 0x00000000d5580000)
  object space 1398272K, 1% used [0x0000000080000000,0x00000000816fdc70,0x00000000d5580000)
 Metaspace       used 57466K, capacity 58888K, committed 59028K, reserved 1101824K
  class space    used 6632K, capacity 6902K, committed 6912K, reserved 1048576K
}
Event: 11.607 GC heap before
{Heap before GC invocations=6 (full 3):
 PSYoungGen      total 611840K, used 33803K [0x00000000d5580000, 0x0000000100000000, 0x0000000100000000)
  eden space 524800K, 0% used [0x00000000d5580000,0x00000000d5580000,0x00000000f5600000)
  from space 87040K, 38% used [0x00000000f5600000,0x00000000f7702de8,0x00000000fab00000)
  to   space 87040K, 0% used [0x00000000fab00000,0x00000000fab00000,0x0000000100000000)
 ParOldGen       total 1398272K, used 23543K [0x0000000080000000, 0x00000000d5580000, 0x00000000d5580000)
  object space 1398272K, 1% used [0x0000000080000000,0x00000000816fdc70,0x00000000d5580000)
 Metaspace       used 57466K, capacity 58888K, committed 59028K, reserved 1101824K
  class space    used 6632K, capacity 6902K, committed 6912K, reserved 1048576K
Event: 11.890 GC heap after
Heap after GC invocations=6 (full 3):
 PSYoungGen      total 611840K, used 0K [0x00000000d5580000, 0x0000000100000000, 0x0000000100000000)
  eden space 524800K, 0% used [0x00000000d5580000,0x00000000d5580000,0x00000000f5600000)
  from space 87040K, 0% used [0x00000000f5600000,0x00000000f5600000,0x00000000fab00000)
  to   space 87040K, 0% used [0x00000000fab00000,0x00000000fab00000,0x0000000100000000)
 ParOldGen       total 1398272K, used 44375K [0x0000000080000000, 0x00000000d5580000, 0x00000000d5580000)
  object space 1398272K, 3% used [0x0000000080000000,0x0000000082b55da8,0x00000000d5580000)
 Metaspace       used 57429K, capacity 58796K, committed 59028K, reserved 1101824K
  class space    used 6619K, capacity 6880K, committed 6912K, reserved 1048576K
}
Event: 34.790 GC heap before
{Heap before GC invocations=7 (full 3):
 PSYoungGen      total 611840K, used 524643K [0x00000000d5580000, 0x0000000100000000, 0x0000000100000000)
  eden space 524800K, 99% used [0x00000000d5580000,0x00000000f55d8fc0,0x00000000f5600000)
  from space 87040K, 0% used [0x00000000f5600000,0x00000000f5600000,0x00000000fab00000)
  to   space 87040K, 0% used [0x00000000fab00000,0x00000000fab00000,0x0000000100000000)
 ParOldGen       total 1398272K, used 44375K [0x0000000080000000, 0x00000000d5580000, 0x00000000d5580000)
  object space 1398272K, 3% used [0x0000000080000000,0x0000000082b55da8,0x00000000d5580000)
 Metaspace       used 66183K, capacity 68966K, committed 69248K, reserved 1110016K
  class space    used 7531K, capacity 8029K, committed 8064K, reserved 1048576K
Event: 34.859 GC heap after
Heap after GC invocations=7 (full 3):
 PSYoungGen      total 611840K, used 57142K [0x00000000d5580000, 0x0000000100000000, 0x0000000100000000)
  eden space 524800K, 0% used [0x00000000d5580000,0x00000000d5580000,0x00000000f5600000)
  from space 87040K, 65% used [0x00000000fab00000,0x00000000fe2cdb08,0x0000000100000000)
  to   space 87040K, 0% used [0x00000000f5600000,0x00000000f5600000,0x00000000fab00000)
 ParOldGen       total 1398272K, used 44375K [0x0000000080000000, 0x00000000d5580000, 0x00000000d5580000)
  object space 1398272K, 3% used [0x0000000080000000,0x0000000082b55da8,0x00000000d5580000)
 Metaspace       used 66183K, capacity 68966K, committed 69248K, reserved 1110016K
  class space    used 7531K, capacity 8029K, committed 8064K, reserved 1048576K
}
Event: 40.003 GC heap before
{Heap before GC invocations=8 (full 3):
 PSYoungGen      total 611840K, used 576671K [0x00000000d5580000, 0x0000000100000000, 0x0000000100000000)
  eden space 524800K, 98% used [0x00000000d5580000,0x00000000f50da2a8,0x00000000f5600000)
  from space 87040K, 65% used [0x00000000fab00000,0x00000000fe2cdb08,0x0000000100000000)
  to   space 87040K, 0% used [0x00000000f5600000,0x00000000f5600000,0x00000000fab00000)
 ParOldGen       total 1398272K, used 44375K [0x0000000080000000, 0x00000000d5580000, 0x00000000d5580000)
  object space 1398272K, 3% used [0x0000000080000000,0x0000000082b55da8,0x00000000d5580000)
 Metaspace       used 66994K, capacity 69962K, committed 70144K, reserved 1112064K
  class space    used 7569K, capacity 8087K, committed 8192K, reserved 1048576K
Event: 40.085 GC heap after
Heap after GC invocations=8 (full 3):
 PSYoungGen      total 611840K, used 77975K [0x00000000d5580000, 0x0000000100000000, 0x0000000100000000)
  eden space 524800K, 0% used [0x00000000d5580000,0x00000000d5580000,0x00000000f5600000)
  from space 87040K, 89% used [0x00000000f5600000,0x00000000fa225d38,0x00000000fab00000)
  to   space 87040K, 0% used [0x00000000fab00000,0x00000000fab00000,0x0000000100000000)
 ParOldGen       total 1398272K, used 44375K [0x0000000080000000, 0x00000000d5580000, 0x00000000d5580000)
  object space 1398272K, 3% used [0x0000000080000000,0x0000000082b55da8,0x00000000d5580000)
 Metaspace       used 66994K, capacity 69962K, committed 70144K, reserved 1112064K
  class space    used 7569K, capacity 8087K, committed 8192K, reserved 1048576K
}
Event: 43.423 GC heap before
{Heap before GC invocations=9 (full 3):
 PSYoungGen      total 611840K, used 598335K [0x00000000d5580000, 0x0000000100000000, 0x0000000100000000)
  eden space 524800K, 99% used [0x00000000d5580000,0x00000000f51aa010,0x00000000f5600000)
  from space 87040K, 89% used [0x00000000f5600000,0x00000000fa225d38,0x00000000fab00000)
  to   space 87040K, 0% used [0x00000000fab00000,0x00000000fab00000,0x0000000100000000)
 ParOldGen       total 1398272K, used 44375K [0x0000000080000000, 0x00000000d5580000, 0x00000000d5580000)
  object space 1398272K, 3% used [0x0000000080000000,0x0000000082b55da8,0x00000000d5580000)
 Metaspace       used 67946K, capacity 71174K, committed 71552K, reserved 1112064K
  class space    used 7631K, capacity 8197K, committed 8320K, reserved 1048576K
Event: 43.539 GC heap after
Heap after GC invocations=9 (full 3):
 PSYoungGen      total 519680K, used 87018K [0x00000000d5580000, 0x0000000100000000, 0x0000000100000000)
  eden space 432640K, 0% used [0x00000000d5580000,0x00000000d5580000,0x00000000efc00000)
  from space 87040K, 99% used [0x00000000fab00000,0x00000000ffffa960,0x0000000100000000)
  to   space 133120K, 0% used [0x00000000efc00000,0x00000000efc00000,0x00000000f7e00000)
 ParOldGen       total 1398272K, used 92279K [0x0000000080000000, 0x00000000d5580000, 0x00000000d5580000)
  object space 1398272K, 6% used [0x0000000080000000,0x0000000085a1ddd8,0x00000000d5580000)
 Metaspace       used 67946K, capacity 71174K, committed 71552K, reserved 1112064K
  class space    used 7631K, capacity 8197K, committed 8320K, reserved 1048576K
}

