# JRE version: OpenJDK Runtime Environment (8.0_212-b04) (build 1.8.0_212-b04)
# Java VM: OpenJDK 64-Bit Server VM (25.212-b04 mixed mode linux-amd64 compressed oops)
Heap:
 PSYoungGen      total 601088K, used 271001K [0x00000000d5580000, 0x0000000100000000, 0x0000000100000000)
  eden space 516096K, 36% used [0x00000000d5580000,0x00000000e0b297b0,0x00000000f4d80000)
  from space 84992K, 99% used [0x00000000f4d80000,0x00000000fa07cfb8,0x00000000fa080000)
  to   space 97792K, 0% used [0x00000000fa080000,0x00000000fa080000,0x0000000100000000)
 ParOldGen       total 1398272K, used 108109K [0x0000000080000000, 0x00000000d5580000, 0x00000000d5580000)
  object space 1398272K, 7% used [0x0000000080000000,0x00000000869934b8,0x00000000d5580000)
 Metaspace       used 70240K, capacity 73694K, committed 73984K, reserved 1114112K
  class space    used 7754K, capacity 8371K, committed 8448K, reserved 1048576K
GC Heap History (10 events):
Event: 11.856 GC heap before
{Heap before GC invocations=6 (full 2):
 PSYoungGen      total 611840K, used 174081K [0x00000000d5580000, 0x0000000100000000, 0x0000000100000000)
  eden space 524800K, 28% used [0x00000000d5580000,0x00000000de72a158,0x00000000f5600000)
  from space 87040K, 28% used [0x00000000f5600000,0x00000000f6e56558,0x00000000fab00000)
  to   space 87040K, 0% used [0x00000000fab00000,0x00000000fab00000,0x0000000100000000)
 ParOldGen       total 1398272K, used 23553K [0x0000000080000000, 0x00000000d5580000, 0x00000000d5580000)
  object space 1398272K, 1% used [0x0000000080000000,0x0000000081700588,0x00000000d5580000)
 Metaspace       used 57114K, capacity 58814K, committed 59008K, reserved 1101824K
  class space    used 6602K, capacity 6937K, committed 7040K, reserved 1048576K
Event: 11.893 GC heap after
Heap after GC invocations=6 (full 2):
 PSYoungGen      total 611840K, used 21953K [0x00000000d5580000, 0x0000000100000000, 0x0000000100000000)
  eden space 524800K, 0% used [0x00000000d5580000,0x00000000d5580000,0x00000000f5600000)
  from space 87040K, 25% used [0x00000000fab00000,0x00000000fc070680,0x0000000100000000)
  to   space 87040K, 0% used [0x00000000f5600000,0x00000000f5600000,0x00000000fab00000)
 ParOldGen       total 1398272K, used 23561K [0x0000000080000000, 0x00000000d5580000, 0x00000000d5580000)
  object space 1398272K, 1% used [0x0000000080000000,0x0000000081702588,0x00000000d5580000)
 Metaspace       used 57114K, capacity 58814K, committed 59008K, reserved 1101824K
  class space    used 6602K, capacity 6937K, committed 7040K, reserved 1048576K
}
Event: 11.893 GC heap before
{Heap before GC invocations=7 (full 3):
 PSYoungGen      total 611840K, used 21953K [0x00000000d5580000, 0x0000000100000000, 0x0000000100000000)
  eden space 524800K, 0% used [0x00000000d5580000,0x00000000d5580000,0x00000000f5600000)
  from space 87040K, 25% used [0x00000000fab00000,0x00000000fc070680,0x0000000100000000)
  to   space 87040K, 0% used [0x00000000f5600000,0x00000000f5600000,0x00000000fab00000)
 ParOldGen       total 1398272K, used 23561K [0x0000000080000000, 0x00000000d5580000, 0x00000000d5580000)
  object space 1398272K, 1% used [0x0000000080000000,0x0000000081702588,0x00000000d5580000)
 Metaspace       used 57114K, capacity 58814K, committed 59008K, reserved 1101824K
  class space    used 6602K, capacity 6937K, committed 7040K, reserved 1048576K
Event: 12.177 GC heap after
Heap after GC invocations=7 (full 3):
 PSYoungGen      total 611840K, used 0K [0x00000000d5580000, 0x0000000100000000, 0x0000000100000000)
  eden space 524800K, 0% used [0x00000000d5580000,0x00000000d5580000,0x00000000f5600000)
  from space 87040K, 0% used [0x00000000fab00000,0x00000000fab00000,0x0000000100000000)
  to   space 87040K, 0% used [0x00000000f5600000,0x00000000f5600000,0x00000000fab00000)
 ParOldGen       total 1398272K, used 33317K [0x0000000080000000, 0x00000000d5580000, 0x00000000d5580000)
  object space 1398272K, 2% used [0x0000000080000000,0x0000000082089710,0x00000000d5580000)
 Metaspace       used 57020K, capacity 58560K, committed 59008K, reserved 1101824K
  class space    used 6569K, capacity 6878K, committed 7040K, reserved 1048576K
}
Event: 39.273 GC heap before
{Heap before GC invocations=8 (full 3):
 PSYoungGen      total 611840K, used 524800K [0x00000000d5580000, 0x0000000100000000, 0x0000000100000000)
  eden space 524800K, 100% used [0x00000000d5580000,0x00000000f5600000,0x00000000f5600000)
  from space 87040K, 0% used [0x00000000fab00000,0x00000000fab00000,0x0000000100000000)
  to   space 87040K, 0% used [0x00000000f5600000,0x00000000f5600000,0x00000000fab00000)
 ParOldGen       total 1398272K, used 33317K [0x0000000080000000, 0x00000000d5580000, 0x00000000d5580000)
  object space 1398272K, 2% used [0x0000000080000000,0x0000000082089710,0x00000000d5580000)
 Metaspace       used 66431K, capacity 69332K, committed 69632K, reserved 1110016K
  class space    used 7565K, capacity 8086K, committed 8192K, reserved 1048576K
Event: 39.430 GC heap after
Heap after GC invocations=8 (full 3):
 PSYoungGen      total 601088K, used 75990K [0x00000000d5580000, 0x00000000fd300000, 0x0000000100000000)
  eden space 524800K, 0% used [0x00000000d5580000,0x00000000d5580000,0x00000000f5600000)
  from space 76288K, 99% used [0x00000000f5600000,0x00000000fa0358d8,0x00000000fa080000)
  to   space 51712K, 0% used [0x00000000fa080000,0x00000000fa080000,0x00000000fd300000)
 ParOldGen       total 1398272K, used 33325K [0x0000000080000000, 0x00000000d5580000, 0x00000000d5580000)
  object space 1398272K, 2% used [0x0000000080000000,0x000000008208b710,0x00000000d5580000)
 Metaspace       used 66431K, capacity 69332K, committed 69632K, reserved 1110016K
  class space    used 7565K, capacity 8086K, committed 8192K, reserved 1048576K
}
Event: 79.562 GC heap before
{Heap before GC invocations=9 (full 3):
 PSYoungGen      total 601088K, used 600790K [0x00000000d5580000, 0x00000000fd300000, 0x0000000100000000)
  eden space 524800K, 100% used [0x00000000d5580000,0x00000000f5600000,0x00000000f5600000)
  from space 76288K, 99% used [0x00000000f5600000,0x00000000fa0358d8,0x00000000fa080000)
  to   space 51712K, 0% used [0x00000000fa080000,0x00000000fa080000,0x00000000fd300000)
 ParOldGen       total 1398272K, used 33327K [0x0000000080000000, 0x00000000d5580000, 0x00000000d5580000)
  object space 1398272K, 2% used [0x0000000080000000,0x000000008208bea0,0x00000000d5580000)
 Metaspace       used 68551K, capacity 71712K, committed 71808K, reserved 1112064K
  class space    used 7700K, capacity 8254K, committed 8320K, reserved 1048576K
Event: 79.705 GC heap after
Heap after GC invocations=9 (full 3):
 PSYoungGen      total 567808K, used 51694K [0x00000000d5580000, 0x0000000100000000, 0x0000000100000000)
  eden space 516096K, 0% used [0x00000000d5580000,0x00000000d5580000,0x00000000f4d80000)
  from space 51712K, 99% used [0x00000000fa080000,0x00000000fd2fbba0,0x00000000fd300000)
  to   space 84992K, 0% used [0x00000000f4d80000,0x00000000f4d80000,0x00000000fa080000)
 ParOldGen       total 1398272K, used 58865K [0x0000000080000000, 0x00000000d5580000, 0x00000000d5580000)
  object space 1398272K, 4% used [0x0000000080000000,0x000000008397c638,0x00000000d5580000)
 Metaspace       used 68551K, capacity 71712K, committed 71808K, reserved 1112064K
  class space    used 7700K, capacity 8254K, committed 8320K, reserved 1048576K
}
Event: 160.082 GC heap before
{Heap before GC invocations=10 (full 3):
 PSYoungGen      total 567808K, used 567790K [0x00000000d5580000, 0x0000000100000000, 0x0000000100000000)
  eden space 516096K, 100% used [0x00000000d5580000,0x00000000f4d80000,0x00000000f4d80000)
  from space 51712K, 99% used [0x00000000fa080000,0x00000000fd2fbba0,0x00000000fd300000)
  to   space 84992K, 0% used [0x00000000f4d80000,0x00000000f4d80000,0x00000000fa080000)
 ParOldGen       total 1398272K, used 58868K [0x0000000080000000, 0x00000000d5580000, 0x00000000d5580000)
  object space 1398272K, 4% used [0x0000000080000000,0x000000008397d0b8,0x00000000d5580000)
 Metaspace       used 69821K, capacity 73156K, committed 73344K, reserved 1114112K
  class space    used 7721K, capacity 8316K, committed 8320K, reserved 1048576K
Event: 160.356 GC heap after
Heap after GC invocations=10 (full 3):
 PSYoungGen      total 601088K, used 84979K [0x00000000d5580000, 0x0000000100000000, 0x0000000100000000)
  eden space 516096K, 0% used [0x00000000d5580000,0x00000000d5580000,0x00000000f4d80000)
  from space 84992K, 99% used [0x00000000f4d80000,0x00000000fa07cfb8,0x00000000fa080000)
  to   space 97792K, 0% used [0x00000000fa080000,0x00000000fa080000,0x0000000100000000)
 ParOldGen       total 1398272K, used 108109K [0x0000000080000000, 0x00000000d5580000, 0x00000000d5580000)
  object space 1398272K, 7% used [0x0000000080000000,0x00000000869934b8,0x00000000d5580000)
 Metaspace       used 69821K, capacity 73156K, committed 73344K, reserved 1114112K
  class space    used 7721K, capacity 8316K, committed 8320K, reserved 1048576K
}

