# JRE version: OpenJDK Runtime Environment (8.0_212-b04) (build 1.8.0_212-b04)
# Java VM: OpenJDK 64-Bit Server VM (25.212-b04 mixed mode linux-amd64 compressed oops)
Heap:
 PSYoungGen      total 611840K, used 254086K [0x00000000d5580000, 0x0000000100000000, 0x0000000100000000)
  eden space 524800K, 48% used [0x00000000d5580000,0x00000000e4da1828,0x00000000f5600000)
  from space 87040K, 0% used [0x00000000fab00000,0x00000000fab00000,0x0000000100000000)
  to   space 87040K, 0% used [0x00000000f5600000,0x00000000f5600000,0x00000000fab00000)
 ParOldGen       total 1398272K, used 28343K [0x0000000080000000, 0x00000000d5580000, 0x00000000d5580000)
  object space 1398272K, 2% used [0x0000000080000000,0x0000000081badf18,0x00000000d5580000)
 Metaspace       used 64823K, capacity 67394K, committed 67712K, reserved 1110016K
  class space    used 7496K, capacity 7965K, committed 8064K, reserved 1048576K
GC Heap History (10 events):
Event: 3.992 GC heap before
{Heap before GC invocations=3 (full 1):
 PSYoungGen      total 611840K, used 470989K [0x00000000d5580000, 0x0000000100000000, 0x0000000100000000)
  eden space 524800K, 89% used [0x00000000d5580000,0x00000000f2173750,0x00000000f5600000)
  from space 87040K, 0% used [0x00000000f5600000,0x00000000f5600000,0x00000000fab00000)
  to   space 87040K, 0% used [0x00000000fab00000,0x00000000fab00000,0x0000000100000000)
 ParOldGen       total 923136K, used 14243K [0x0000000080000000, 0x00000000b8580000, 0x00000000d5580000)
  object space 923136K, 1% used [0x0000000080000000,0x0000000080de8f80,0x00000000b8580000)
 Metaspace       used 34783K, capacity 35124K, committed 35416K, reserved 1081344K
  class space    used 3972K, capacity 4092K, committed 4096K, reserved 1048576K
Event: 4.019 GC heap after
Heap after GC invocations=3 (full 1):
 PSYoungGen      total 611840K, used 19341K [0x00000000d5580000, 0x0000000100000000, 0x0000000100000000)
  eden space 524800K, 0% used [0x00000000d5580000,0x00000000d5580000,0x00000000f5600000)
  from space 87040K, 22% used [0x00000000fab00000,0x00000000fbde3720,0x0000000100000000)
  to   space 87040K, 0% used [0x00000000f5600000,0x00000000f5600000,0x00000000fab00000)
 ParOldGen       total 923136K, used 14251K [0x0000000080000000, 0x00000000b8580000, 0x00000000d5580000)
  object space 923136K, 1% used [0x0000000080000000,0x0000000080deaf80,0x00000000b8580000)
 Metaspace       used 34783K, capacity 35124K, committed 35416K, reserved 1081344K
  class space    used 3972K, capacity 4092K, committed 4096K, reserved 1048576K
}
Event: 4.019 GC heap before
{Heap before GC invocations=4 (full 2):
 PSYoungGen      total 611840K, used 19341K [0x00000000d5580000, 0x0000000100000000, 0x0000000100000000)
  eden space 524800K, 0% used [0x00000000d5580000,0x00000000d5580000,0x00000000f5600000)
  from space 87040K, 22% used [0x00000000fab00000,0x00000000fbde3720,0x0000000100000000)
  to   space 87040K, 0% used [0x00000000f5600000,0x00000000f5600000,0x00000000fab00000)
 ParOldGen       total 923136K, used 14251K [0x0000000080000000, 0x00000000b8580000, 0x00000000d5580000)
  object space 923136K, 1% used [0x0000000080000000,0x0000000080deaf80,0x00000000b8580000)
 Metaspace       used 34783K, capacity 35124K, committed 35416K, reserved 1081344K
  class space    used 3972K, capacity 4092K, committed 4096K, reserved 1048576K
Event: 4.097 GC heap after
Heap after GC invocations=4 (full 2):
 PSYoungGen      total 611840K, used 0K [0x00000000d5580000, 0x0000000100000000, 0x0000000100000000)
  eden space 524800K, 0% used [0x00000000d5580000,0x00000000d5580000,0x00000000f5600000)
  from space 87040K, 0% used [0x00000000fab00000,0x00000000fab00000,0x0000000100000000)
  to   space 87040K, 0% used [0x00000000f5600000,0x00000000f5600000,0x00000000fab00000)
 ParOldGen       total 1398272K, used 23923K [0x0000000080000000, 0x00000000d5580000, 0x00000000d5580000)
  object space 1398272K, 1% used [0x0000000080000000,0x000000008175cd00,0x00000000d5580000)
 Metaspace       used 34783K, capacity 35124K, committed 35416K, reserved 1081344K
  class space    used 3972K, capacity 4092K, committed 4096K, reserved 1048576K
}
Event: 10.500 GC heap before
{Heap before GC invocations=5 (full 2):
 PSYoungGen      total 611840K, used 524800K [0x00000000d5580000, 0x0000000100000000, 0x0000000100000000)
  eden space 524800K, 100% used [0x00000000d5580000,0x00000000f5600000,0x00000000f5600000)
  from space 87040K, 0% used [0x00000000fab00000,0x00000000fab00000,0x0000000100000000)
  to   space 87040K, 0% used [0x00000000f5600000,0x00000000f5600000,0x00000000fab00000)
 ParOldGen       total 1398272K, used 23923K [0x0000000080000000, 0x00000000d5580000, 0x00000000d5580000)
  object space 1398272K, 1% used [0x0000000080000000,0x000000008175cd00,0x00000000d5580000)
 Metaspace       used 52883K, capacity 54168K, committed 54400K, reserved 1097728K
  class space    used 6211K, capacity 6446K, committed 6528K, reserved 1048576K
Event: 10.545 GC heap after
Heap after GC invocations=5 (full 2):
 PSYoungGen      total 611840K, used 26769K [0x00000000d5580000, 0x0000000100000000, 0x0000000100000000)
  eden space 524800K, 0% used [0x00000000d5580000,0x00000000d5580000,0x00000000f5600000)
  from space 87040K, 30% used [0x00000000f5600000,0x00000000f70245a8,0x00000000fab00000)
  to   space 87040K, 0% used [0x00000000fab00000,0x00000000fab00000,0x0000000100000000)
 ParOldGen       total 1398272K, used 23931K [0x0000000080000000, 0x00000000d5580000, 0x00000000d5580000)
  object space 1398272K, 1% used [0x0000000080000000,0x000000008175ed00,0x00000000d5580000)
 Metaspace       used 52883K, capacity 54168K, committed 54400K, reserved 1097728K
  class space    used 6211K, capacity 6446K, committed 6528K, reserved 1048576K
}
Event: 11.137 GC heap before
{Heap before GC invocations=6 (full 2):
 PSYoungGen      total 611840K, used 138545K [0x00000000d5580000, 0x0000000100000000, 0x0000000100000000)
  eden space 524800K, 21% used [0x00000000d5580000,0x00000000dc2a81d8,0x00000000f5600000)
  from space 87040K, 30% used [0x00000000f5600000,0x00000000f70245a8,0x00000000fab00000)
  to   space 87040K, 0% used [0x00000000fab00000,0x00000000fab00000,0x0000000100000000)
 ParOldGen       total 1398272K, used 23931K [0x0000000080000000, 0x00000000d5580000, 0x00000000d5580000)
  object space 1398272K, 1% used [0x0000000080000000,0x000000008175ed00,0x00000000d5580000)
 Metaspace       used 57502K, capacity 58880K, committed 59008K, reserved 1101824K
  class space    used 6675K, capacity 6964K, committed 7040K, reserved 1048576K
Event: 11.159 GC heap after
Heap after GC invocations=6 (full 2):
 PSYoungGen      total 611840K, used 16361K [0x00000000d5580000, 0x0000000100000000, 0x0000000100000000)
  eden space 524800K, 0% used [0x00000000d5580000,0x00000000d5580000,0x00000000f5600000)
  from space 87040K, 18% used [0x00000000fab00000,0x00000000fbafa410,0x0000000100000000)
  to   space 87040K, 0% used [0x00000000f5600000,0x00000000f5600000,0x00000000fab00000)
 ParOldGen       total 1398272K, used 23939K [0x0000000080000000, 0x00000000d5580000, 0x00000000d5580000)
  object space 1398272K, 1% used [0x0000000080000000,0x0000000081760d00,0x00000000d5580000)
 Metaspace       used 57502K, capacity 58880K, committed 59008K, reserved 1101824K
  class space    used 6675K, capacity 6964K, committed 7040K, reserved 1048576K
}
Event: 11.159 GC heap before
{Heap before GC invocations=7 (full 3):
 PSYoungGen      total 611840K, used 16361K [0x00000000d5580000, 0x0000000100000000, 0x0000000100000000)
  eden space 524800K, 0% used [0x00000000d5580000,0x00000000d5580000,0x00000000f5600000)
  from space 87040K, 18% used [0x00000000fab00000,0x00000000fbafa410,0x0000000100000000)
  to   space 87040K, 0% used [0x00000000f5600000,0x00000000f5600000,0x00000000fab00000)
 ParOldGen       total 1398272K, used 23939K [0x0000000080000000, 0x00000000d5580000, 0x00000000d5580000)
  object space 1398272K, 1% used [0x0000000080000000,0x0000000081760d00,0x00000000d5580000)
 Metaspace       used 57502K, capacity 58880K, committed 59008K, reserved 1101824K
  class space    used 6675K, capacity 6964K, committed 7040K, reserved 1048576K
Event: 11.364 GC heap after
Heap after GC invocations=7 (full 3):
 PSYoungGen      total 611840K, used 0K [0x00000000d5580000, 0x0000000100000000, 0x0000000100000000)
  eden space 524800K, 0% used [0x00000000d5580000,0x00000000d5580000,0x00000000f5600000)
  from space 87040K, 0% used [0x00000000fab00000,0x00000000fab00000,0x0000000100000000)
  to   space 87040K, 0% used [0x00000000f5600000,0x00000000f5600000,0x00000000fab00000)
 ParOldGen       total 1398272K, used 28343K [0x0000000080000000, 0x00000000d5580000, 0x00000000d5580000)
  object space 1398272K, 2% used [0x0000000080000000,0x0000000081badf18,0x00000000d5580000)
 Metaspace       used 57475K, capacity 58818K, committed 59008K, reserved 1101824K
  class space    used 6666K, capacity 6947K, committed 7040K, reserved 1048576K
}

