# JRE version: OpenJDK Runtime Environment (8.0_212-b04) (build 1.8.0_212-b04)
# Java VM: OpenJDK 64-Bit Server VM (25.212-b04 mixed mode linux-amd64 compressed oops)
Heap:
 PSYoungGen      total 395264K, used 155568K [0x00000000d5580000, 0x0000000100000000, 0x0000000100000000)
  eden space 364032K, 34% used [0x00000000d5580000,0x00000000dcef2360,0x00000000eb900000)
  from space 31232K, 99% used [0x00000000f8d00000,0x00000000fab7a098,0x00000000fab80000)
  to   space 167424K, 0% used [0x00000000eb900000,0x00000000eb900000,0x00000000f5c80000)
 ParOldGen       total 1398272K, used 990279K [0x0000000080000000, 0x00000000d5580000, 0x00000000d5580000)
  object space 1398272K, 70% used [0x0000000080000000,0x00000000bc711ea8,0x00000000d5580000)
 Metaspace       used 65196K, capacity 67724K, committed 67840K, reserved 1110016K
  class space    used 7419K, capacity 7878K, committed 7936K, reserved 1048576K
GC Heap History (10 events):
Event: 8.243 GC heap before
{Heap before GC invocations=5 (full 2):
 PSYoungGen      total 611840K, used 524800K [0x00000000d5580000, 0x0000000100000000, 0x0000000100000000)
  eden space 524800K, 100% used [0x00000000d5580000,0x00000000f5600000,0x00000000f5600000)
  from space 87040K, 0% used [0x00000000fab00000,0x00000000fab00000,0x0000000100000000)
  to   space 87040K, 0% used [0x00000000f5600000,0x00000000f5600000,0x00000000fab00000)
 ParOldGen       total 1398272K, used 23945K [0x0000000080000000, 0x00000000d5580000, 0x00000000d5580000)
  object space 1398272K, 1% used [0x0000000080000000,0x0000000081762748,0x00000000d5580000)
 Metaspace       used 44539K, capacity 45430K, committed 45568K, reserved 1089536K
  class space    used 5160K, capacity 5369K, committed 5376K, reserved 1048576K
Event: 8.284 GC heap after
Heap after GC invocations=5 (full 2):
 PSYoungGen      total 611840K, used 16794K [0x00000000d5580000, 0x0000000100000000, 0x0000000100000000)
  eden space 524800K, 0% used [0x00000000d5580000,0x00000000d5580000,0x00000000f5600000)
  from space 87040K, 19% used [0x00000000f5600000,0x00000000f6666958,0x00000000fab00000)
  to   space 87040K, 0% used [0x00000000fab00000,0x00000000fab00000,0x0000000100000000)
 ParOldGen       total 1398272K, used 23953K [0x0000000080000000, 0x00000000d5580000, 0x00000000d5580000)
  object space 1398272K, 1% used [0x0000000080000000,0x0000000081764748,0x00000000d5580000)
 Metaspace       used 44539K, capacity 45430K, committed 45568K, reserved 1089536K
  class space    used 5160K, capacity 5369K, committed 5376K, reserved 1048576K
}
Event: 12.144 GC heap before
{Heap before GC invocations=6 (full 2):
 PSYoungGen      total 611840K, used 306126K [0x00000000d5580000, 0x0000000100000000, 0x0000000100000000)
  eden space 524800K, 55% used [0x00000000d5580000,0x00000000e700cf18,0x00000000f5600000)
  from space 87040K, 19% used [0x00000000f5600000,0x00000000f6666958,0x00000000fab00000)
  to   space 87040K, 0% used [0x00000000fab00000,0x00000000fab00000,0x0000000100000000)
 ParOldGen       total 1398272K, used 23953K [0x0000000080000000, 0x00000000d5580000, 0x00000000d5580000)
  object space 1398272K, 1% used [0x0000000080000000,0x0000000081764748,0x00000000d5580000)
 Metaspace       used 57489K, capacity 58872K, committed 59028K, reserved 1101824K
  class space    used 6626K, capacity 6888K, committed 6912K, reserved 1048576K
Event: 12.186 GC heap after
Heap after GC invocations=6 (full 2):
 PSYoungGen      total 611840K, used 30222K [0x00000000d5580000, 0x0000000100000000, 0x0000000100000000)
  eden space 524800K, 0% used [0x00000000d5580000,0x00000000d5580000,0x00000000f5600000)
  from space 87040K, 34% used [0x00000000fab00000,0x00000000fc883ae0,0x0000000100000000)
  to   space 87040K, 0% used [0x00000000f5600000,0x00000000f5600000,0x00000000fab00000)
 ParOldGen       total 1398272K, used 23961K [0x0000000080000000, 0x00000000d5580000, 0x00000000d5580000)
  object space 1398272K, 1% used [0x0000000080000000,0x0000000081766748,0x00000000d5580000)
 Metaspace       used 57489K, capacity 58872K, committed 59028K, reserved 1101824K
  class space    used 6626K, capacity 6888K, committed 6912K, reserved 1048576K
}
Event: 12.186 GC heap before
{Heap before GC invocations=7 (full 3):
 PSYoungGen      total 611840K, used 30222K [0x00000000d5580000, 0x0000000100000000, 0x0000000100000000)
  eden space 524800K, 0% used [0x00000000d5580000,0x00000000d5580000,0x00000000f5600000)
  from space 87040K, 34% used [0x00000000fab00000,0x00000000fc883ae0,0x0000000100000000)
  to   space 87040K, 0% used [0x00000000f5600000,0x00000000f5600000,0x00000000fab00000)
 ParOldGen       total 1398272K, used 23961K [0x0000000080000000, 0x00000000d5580000, 0x00000000d5580000)
  object space 1398272K, 1% used [0x0000000080000000,0x0000000081766748,0x00000000d5580000)
 Metaspace       used 57489K, capacity 58872K, committed 59028K, reserved 1101824K
  class space    used 6626K, capacity 6888K, committed 6912K, reserved 1048576K
Event: 12.465 GC heap after
Heap after GC invocations=7 (full 3):
 PSYoungGen      total 611840K, used 0K [0x00000000d5580000, 0x0000000100000000, 0x0000000100000000)
  eden space 524800K, 0% used [0x00000000d5580000,0x00000000d5580000,0x00000000f5600000)
  from space 87040K, 0% used [0x00000000fab00000,0x00000000fab00000,0x0000000100000000)
  to   space 87040K, 0% used [0x00000000f5600000,0x00000000f5600000,0x00000000fab00000)
 ParOldGen       total 1398272K, used 41480K [0x0000000080000000, 0x00000000d5580000, 0x00000000d5580000)
  object space 1398272K, 2% used [0x0000000080000000,0x00000000828823b0,0x00000000d5580000)
 Metaspace       used 57456K, capacity 58788K, committed 59028K, reserved 1101824K
  class space    used 6614K, capacity 6868K, committed 6912K, reserved 1048576K
}
Event: 18.419 GC heap before
{Heap before GC invocations=8 (full 3):
 PSYoungGen      total 611840K, used 349992K [0x00000000d5580000, 0x0000000100000000, 0x0000000100000000)
  eden space 524800K, 66% used [0x00000000d5580000,0x00000000eab4a320,0x00000000f5600000)
  from space 87040K, 0% used [0x00000000fab00000,0x00000000fab00000,0x0000000100000000)
  to   space 87040K, 0% used [0x00000000f5600000,0x00000000f5600000,0x00000000fab00000)
 ParOldGen       total 1398272K, used 41480K [0x0000000080000000, 0x00000000d5580000, 0x00000000d5580000)
  object space 1398272K, 2% used [0x0000000080000000,0x00000000828823b0,0x00000000d5580000)
 Metaspace       used 59941K, capacity 61810K, committed 62080K, reserved 1103872K
  class space    used 6935K, capacity 7275K, committed 7296K, reserved 1048576K
Event: 18.738 GC heap after
Heap after GC invocations=8 (full 3):
 PSYoungGen      total 533504K, used 8507K [0x00000000d5580000, 0x00000000fab80000, 0x0000000100000000)
  eden space 524800K, 0% used [0x00000000d5580000,0x00000000d5580000,0x00000000f5600000)
  from space 8704K, 97% used [0x00000000f5600000,0x00000000f5e4efe8,0x00000000f5e80000)
  to   space 31232K, 0% used [0x00000000f8d00000,0x00000000f8d00000,0x00000000fab80000)
 ParOldGen       total 1398272K, used 451080K [0x0000000080000000, 0x00000000d5580000, 0x00000000d5580000)
  object space 1398272K, 32% used [0x0000000080000000,0x000000009b8823d0,0x00000000d5580000)
 Metaspace       used 59941K, capacity 61810K, committed 62080K, reserved 1103872K
  class space    used 6935K, capacity 7275K, committed 7296K, reserved 1048576K
}
Event: 24.106 GC heap before
{Heap before GC invocations=9 (full 3):
 PSYoungGen      total 533504K, used 532460K [0x00000000d5580000, 0x00000000fab80000, 0x0000000100000000)
  eden space 524800K, 99% used [0x00000000d5580000,0x00000000f552c258,0x00000000f5600000)
  from space 8704K, 97% used [0x00000000f5600000,0x00000000f5e4efe8,0x00000000f5e80000)
  to   space 31232K, 0% used [0x00000000f8d00000,0x00000000f8d00000,0x00000000fab80000)
 ParOldGen       total 1398272K, used 758280K [0x0000000080000000, 0x00000000d5580000, 0x00000000d5580000)
  object space 1398272K, 54% used [0x0000000080000000,0x00000000ae4823e0,0x00000000d5580000)
 Metaspace       used 64811K, capacity 67282K, committed 67584K, reserved 1110016K
  class space    used 7418K, capacity 7877K, committed 7936K, reserved 1048576K
Event: 24.265 GC heap after
Heap after GC invocations=9 (full 3):
 PSYoungGen      total 395264K, used 31208K [0x00000000d5580000, 0x0000000100000000, 0x0000000100000000)
  eden space 364032K, 0% used [0x00000000d5580000,0x00000000d5580000,0x00000000eb900000)
  from space 31232K, 99% used [0x00000000f8d00000,0x00000000fab7a098,0x00000000fab80000)
  to   space 167424K, 0% used [0x00000000eb900000,0x00000000eb900000,0x00000000f5c80000)
 ParOldGen       total 1398272K, used 990279K [0x0000000080000000, 0x00000000d5580000, 0x00000000d5580000)
  object space 1398272K, 70% used [0x0000000080000000,0x00000000bc711ea8,0x00000000d5580000)
 Metaspace       used 64811K, capacity 67282K, committed 67584K, reserved 1110016K
  class space    used 7418K, capacity 7877K, committed 7936K, reserved 1048576K
}

