# JRE version: OpenJDK Runtime Environment (8.0_212-b04) (build 1.8.0_212-b04)
# Java VM: OpenJDK 64-Bit Server VM (25.212-b04 mixed mode linux-amd64 compressed oops)
Heap:
 PSYoungGen      total 543744K, used 354591K [0x00000000d5580000, 0x00000000fab80000, 0x0000000100000000)
  eden space 524800K, 67% used [0x00000000d5580000,0x00000000eafc7db8,0x00000000f5600000)
  from space 18944K, 0% used [0x00000000f5600000,0x00000000f5600000,0x00000000f6880000)
  to   space 26112K, 0% used [0x00000000f9200000,0x00000000f9200000,0x00000000fab80000)
 ParOldGen       total 1398272K, used 30501K [0x0000000080000000, 0x00000000d5580000, 0x00000000d5580000)
  object space 1398272K, 2% used [0x0000000080000000,0x0000000081dc9578,0x00000000d5580000)
 Metaspace       used 66200K, capacity 68962K, committed 69120K, reserved 1110016K
  class space    used 7598K, capacity 8095K, committed 8192K, reserved 1048576K
GC Heap History (10 events):
Event: 4.604 GC heap before
{Heap before GC invocations=4 (full 1):
 PSYoungGen      total 611840K, used 38864K [0x00000000d5580000, 0x0000000100000000, 0x0000000100000000)
  eden space 524800K, 3% used [0x00000000d5580000,0x00000000d68e6f50,0x00000000f5600000)
  from space 87040K, 21% used [0x00000000fab00000,0x00000000fbd8d210,0x0000000100000000)
  to   space 87040K, 0% used [0x00000000f5600000,0x00000000f5600000,0x00000000fab00000)
 ParOldGen       total 876544K, used 14259K [0x0000000080000000, 0x00000000b5800000, 0x00000000d5580000)
  object space 876544K, 1% used [0x0000000080000000,0x0000000080dece58,0x00000000b5800000)
 Metaspace       used 35032K, capacity 35374K, committed 35748K, reserved 1081344K
  class space    used 4002K, capacity 4091K, committed 4096K, reserved 1048576K
Event: 4.631 GC heap after
Heap after GC invocations=4 (full 1):
 PSYoungGen      total 611840K, used 8054K [0x00000000d5580000, 0x0000000100000000, 0x0000000100000000)
  eden space 524800K, 0% used [0x00000000d5580000,0x00000000d5580000,0x00000000f5600000)
  from space 87040K, 9% used [0x00000000f5600000,0x00000000f5ddd958,0x00000000fab00000)
  to   space 87040K, 0% used [0x00000000fab00000,0x00000000fab00000,0x0000000100000000)
 ParOldGen       total 876544K, used 14267K [0x0000000080000000, 0x00000000b5800000, 0x00000000d5580000)
  object space 876544K, 1% used [0x0000000080000000,0x0000000080deee58,0x00000000b5800000)
 Metaspace       used 35032K, capacity 35374K, committed 35748K, reserved 1081344K
  class space    used 4002K, capacity 4091K, committed 4096K, reserved 1048576K
}
Event: 4.631 GC heap before
{Heap before GC invocations=5 (full 2):
 PSYoungGen      total 611840K, used 8054K [0x00000000d5580000, 0x0000000100000000, 0x0000000100000000)
  eden space 524800K, 0% used [0x00000000d5580000,0x00000000d5580000,0x00000000f5600000)
  from space 87040K, 9% used [0x00000000f5600000,0x00000000f5ddd958,0x00000000fab00000)
  to   space 87040K, 0% used [0x00000000fab00000,0x00000000fab00000,0x0000000100000000)
 ParOldGen       total 876544K, used 14267K [0x0000000080000000, 0x00000000b5800000, 0x00000000d5580000)
  object space 876544K, 1% used [0x0000000080000000,0x0000000080deee58,0x00000000b5800000)
 Metaspace       used 35032K, capacity 35374K, committed 35748K, reserved 1081344K
  class space    used 4002K, capacity 4091K, committed 4096K, reserved 1048576K
Event: 4.777 GC heap after
Heap after GC invocations=5 (full 2):
 PSYoungGen      total 611840K, used 0K [0x00000000d5580000, 0x0000000100000000, 0x0000000100000000)
  eden space 524800K, 0% used [0x00000000d5580000,0x00000000d5580000,0x00000000f5600000)
  from space 87040K, 0% used [0x00000000f5600000,0x00000000f5600000,0x00000000fab00000)
  to   space 87040K, 0% used [0x00000000fab00000,0x00000000fab00000,0x0000000100000000)
 ParOldGen       total 1217024K, used 13378K [0x0000000080000000, 0x00000000ca480000, 0x00000000d5580000)
  object space 1217024K, 1% used [0x0000000080000000,0x0000000080d10b18,0x00000000ca480000)
 Metaspace       used 35032K, capacity 35374K, committed 35748K, reserved 1081344K
  class space    used 4002K, capacity 4091K, committed 4096K, reserved 1048576K
}
Event: 10.328 GC heap before
{Heap before GC invocations=6 (full 2):
 PSYoungGen      total 611840K, used 524800K [0x00000000d5580000, 0x0000000100000000, 0x0000000100000000)
  eden space 524800K, 100% used [0x00000000d5580000,0x00000000f5600000,0x00000000f5600000)
  from space 87040K, 0% used [0x00000000f5600000,0x00000000f5600000,0x00000000fab00000)
  to   space 87040K, 0% used [0x00000000fab00000,0x00000000fab00000,0x0000000100000000)
 ParOldGen       total 1217024K, used 13378K [0x0000000080000000, 0x00000000ca480000, 0x00000000d5580000)
  object space 1217024K, 1% used [0x0000000080000000,0x0000000080d10b18,0x00000000ca480000)
 Metaspace       used 51302K, capacity 52330K, committed 52608K, reserved 1095680K
  class space    used 5977K, capacity 6191K, committed 6272K, reserved 1048576K
Event: 10.388 GC heap after
Heap after GC invocations=6 (full 2):
 PSYoungGen      total 611840K, used 21495K [0x00000000d5580000, 0x0000000100000000, 0x0000000100000000)
  eden space 524800K, 0% used [0x00000000d5580000,0x00000000d5580000,0x00000000f5600000)
  from space 87040K, 24% used [0x00000000fab00000,0x00000000fbffde38,0x0000000100000000)
  to   space 87040K, 0% used [0x00000000f5600000,0x00000000f5600000,0x00000000fab00000)
 ParOldGen       total 1217024K, used 13386K [0x0000000080000000, 0x00000000ca480000, 0x00000000d5580000)
  object space 1217024K, 1% used [0x0000000080000000,0x0000000080d12b18,0x00000000ca480000)
 Metaspace       used 51302K, capacity 52330K, committed 52608K, reserved 1095680K
  class space    used 5977K, capacity 6191K, committed 6272K, reserved 1048576K
}
Event: 11.516 GC heap before
{Heap before GC invocations=7 (full 2):
 PSYoungGen      total 611840K, used 219960K [0x00000000d5580000, 0x0000000100000000, 0x0000000100000000)
  eden space 524800K, 37% used [0x00000000d5580000,0x00000000e1750308,0x00000000f5600000)
  from space 87040K, 24% used [0x00000000fab00000,0x00000000fbffde38,0x0000000100000000)
  to   space 87040K, 0% used [0x00000000f5600000,0x00000000f5600000,0x00000000fab00000)
 ParOldGen       total 1217024K, used 13386K [0x0000000080000000, 0x00000000ca480000, 0x00000000d5580000)
  object space 1217024K, 1% used [0x0000000080000000,0x0000000080d12b18,0x00000000ca480000)
 Metaspace       used 58140K, capacity 59496K, committed 59520K, reserved 1101824K
  class space    used 6757K, capacity 7036K, committed 7040K, reserved 1048576K
Event: 11.555 GC heap after
Heap after GC invocations=7 (full 2):
 PSYoungGen      total 543744K, used 18644K [0x00000000d5580000, 0x00000000fab80000, 0x0000000100000000)
  eden space 524800K, 0% used [0x00000000d5580000,0x00000000d5580000,0x00000000f5600000)
  from space 18944K, 98% used [0x00000000f5600000,0x00000000f68353e0,0x00000000f6880000)
  to   space 26112K, 0% used [0x00000000f9200000,0x00000000f9200000,0x00000000fab80000)
 ParOldGen       total 1217024K, used 13394K [0x0000000080000000, 0x00000000ca480000, 0x00000000d5580000)
  object space 1217024K, 1% used [0x0000000080000000,0x0000000080d14b18,0x00000000ca480000)
 Metaspace       used 58140K, capacity 59496K, committed 59520K, reserved 1101824K
  class space    used 6757K, capacity 7036K, committed 7040K, reserved 1048576K
}
Event: 11.555 GC heap before
{Heap before GC invocations=8 (full 3):
 PSYoungGen      total 543744K, used 18644K [0x00000000d5580000, 0x00000000fab80000, 0x0000000100000000)
  eden space 524800K, 0% used [0x00000000d5580000,0x00000000d5580000,0x00000000f5600000)
  from space 18944K, 98% used [0x00000000f5600000,0x00000000f68353e0,0x00000000f6880000)
  to   space 26112K, 0% used [0x00000000f9200000,0x00000000f9200000,0x00000000fab80000)
 ParOldGen       total 1217024K, used 13394K [0x0000000080000000, 0x00000000ca480000, 0x00000000d5580000)
  object space 1217024K, 1% used [0x0000000080000000,0x0000000080d14b18,0x00000000ca480000)
 Metaspace       used 58140K, capacity 59496K, committed 59520K, reserved 1101824K
  class space    used 6757K, capacity 7036K, committed 7040K, reserved 1048576K
Event: 11.825 GC heap after
Heap after GC invocations=8 (full 3):
 PSYoungGen      total 543744K, used 0K [0x00000000d5580000, 0x00000000fab80000, 0x0000000100000000)
  eden space 524800K, 0% used [0x00000000d5580000,0x00000000d5580000,0x00000000f5600000)
  from space 18944K, 0% used [0x00000000f5600000,0x00000000f5600000,0x00000000f6880000)
  to   space 26112K, 0% used [0x00000000f9200000,0x00000000f9200000,0x00000000fab80000)
 ParOldGen       total 1398272K, used 30501K [0x0000000080000000, 0x00000000d5580000, 0x00000000d5580000)
  object space 1398272K, 2% used [0x0000000080000000,0x0000000081dc9578,0x00000000d5580000)
 Metaspace       used 58109K, capacity 59416K, committed 59520K, reserved 1101824K
  class space    used 6746K, capacity 7016K, committed 7040K, reserved 1048576K
}

