# JRE version: OpenJDK Runtime Environment (8.0_212-b04) (build 1.8.0_212-b04)
# Java VM: OpenJDK 64-Bit Server VM (25.212-b04 mixed mode linux-amd64 compressed oops)
Heap:
 PSYoungGen      total 611840K, used 514305K [0x00000000d5580000, 0x0000000100000000, 0x0000000100000000)
  eden space 524800K, 98% used [0x00000000d5580000,0x00000000f4bc06a8,0x00000000f5600000)
  from space 87040K, 0% used [0x00000000fab00000,0x00000000fab00000,0x0000000100000000)
  to   space 87040K, 0% used [0x00000000f5600000,0x00000000f5600000,0x00000000fab00000)
 ParOldGen       total 1398272K, used 31936K [0x0000000080000000, 0x00000000d5580000, 0x00000000d5580000)
  object space 1398272K, 2% used [0x0000000080000000,0x0000000081f30180,0x00000000d5580000)
 Metaspace       used 66776K, capacity 69959K, committed 70144K, reserved 1112064K
  class space    used 7640K, capacity 8188K, committed 8192K, reserved 1048576K
GC Heap History (10 events):
Event: 4.367 GC heap before
{Heap before GC invocations=3 (full 1):
 PSYoungGen      total 611840K, used 470445K [0x00000000d5580000, 0x0000000100000000, 0x0000000100000000)
  eden space 524800K, 89% used [0x00000000d5580000,0x00000000f20eb420,0x00000000f5600000)
  from space 87040K, 0% used [0x00000000f5600000,0x00000000f5600000,0x00000000fab00000)
  to   space 87040K, 0% used [0x00000000fab00000,0x00000000fab00000,0x0000000100000000)
 ParOldGen       total 872960K, used 14271K [0x0000000080000000, 0x00000000b5480000, 0x00000000d5580000)
  object space 872960K, 1% used [0x0000000080000000,0x0000000080deff30,0x00000000b5480000)
 Metaspace       used 34772K, capacity 35092K, committed 35416K, reserved 1081344K
  class space    used 3966K, capacity 4060K, committed 4096K, reserved 1048576K
Event: 4.411 GC heap after
Heap after GC invocations=3 (full 1):
 PSYoungGen      total 611840K, used 19350K [0x00000000d5580000, 0x0000000100000000, 0x0000000100000000)
  eden space 524800K, 0% used [0x00000000d5580000,0x00000000d5580000,0x00000000f5600000)
  from space 87040K, 22% used [0x00000000fab00000,0x00000000fbde5820,0x0000000100000000)
  to   space 87040K, 0% used [0x00000000f5600000,0x00000000f5600000,0x00000000fab00000)
 ParOldGen       total 872960K, used 14279K [0x0000000080000000, 0x00000000b5480000, 0x00000000d5580000)
  object space 872960K, 1% used [0x0000000080000000,0x0000000080df1f30,0x00000000b5480000)
 Metaspace       used 34772K, capacity 35092K, committed 35416K, reserved 1081344K
  class space    used 3966K, capacity 4060K, committed 4096K, reserved 1048576K
}
Event: 4.411 GC heap before
{Heap before GC invocations=4 (full 2):
 PSYoungGen      total 611840K, used 19350K [0x00000000d5580000, 0x0000000100000000, 0x0000000100000000)
  eden space 524800K, 0% used [0x00000000d5580000,0x00000000d5580000,0x00000000f5600000)
  from space 87040K, 22% used [0x00000000fab00000,0x00000000fbde5820,0x0000000100000000)
  to   space 87040K, 0% used [0x00000000f5600000,0x00000000f5600000,0x00000000fab00000)
 ParOldGen       total 872960K, used 14279K [0x0000000080000000, 0x00000000b5480000, 0x00000000d5580000)
  object space 872960K, 1% used [0x0000000080000000,0x0000000080df1f30,0x00000000b5480000)
 Metaspace       used 34772K, capacity 35092K, committed 35416K, reserved 1081344K
  class space    used 3966K, capacity 4060K, committed 4096K, reserved 1048576K
Event: 4.538 GC heap after
Heap after GC invocations=4 (full 2):
 PSYoungGen      total 611840K, used 0K [0x00000000d5580000, 0x0000000100000000, 0x0000000100000000)
  eden space 524800K, 0% used [0x00000000d5580000,0x00000000d5580000,0x00000000f5600000)
  from space 87040K, 0% used [0x00000000fab00000,0x00000000fab00000,0x0000000100000000)
  to   space 87040K, 0% used [0x00000000f5600000,0x00000000f5600000,0x00000000fab00000)
 ParOldGen       total 1398272K, used 23908K [0x0000000080000000, 0x00000000d5580000, 0x00000000d5580000)
  object space 1398272K, 1% used [0x0000000080000000,0x0000000081759230,0x00000000d5580000)
 Metaspace       used 34772K, capacity 35092K, committed 35416K, reserved 1081344K
  class space    used 3966K, capacity 4060K, committed 4096K, reserved 1048576K
}
Event: 11.172 GC heap before
{Heap before GC invocations=5 (full 2):
 PSYoungGen      total 611840K, used 524800K [0x00000000d5580000, 0x0000000100000000, 0x0000000100000000)
  eden space 524800K, 100% used [0x00000000d5580000,0x00000000f5600000,0x00000000f5600000)
  from space 87040K, 0% used [0x00000000fab00000,0x00000000fab00000,0x0000000100000000)
  to   space 87040K, 0% used [0x00000000f5600000,0x00000000f5600000,0x00000000fab00000)
 ParOldGen       total 1398272K, used 23908K [0x0000000080000000, 0x00000000d5580000, 0x00000000d5580000)
  object space 1398272K, 1% used [0x0000000080000000,0x0000000081759230,0x00000000d5580000)
 Metaspace       used 52200K, capacity 53472K, committed 53504K, reserved 1095680K
  class space    used 6134K, capacity 6382K, committed 6400K, reserved 1048576K
Event: 11.244 GC heap after
Heap after GC invocations=5 (full 2):
 PSYoungGen      total 611840K, used 26447K [0x00000000d5580000, 0x0000000100000000, 0x0000000100000000)
  eden space 524800K, 0% used [0x00000000d5580000,0x00000000d5580000,0x00000000f5600000)
  from space 87040K, 30% used [0x00000000f5600000,0x00000000f6fd3ce0,0x00000000fab00000)
  to   space 87040K, 0% used [0x00000000fab00000,0x00000000fab00000,0x0000000100000000)
 ParOldGen       total 1398272K, used 23916K [0x0000000080000000, 0x00000000d5580000, 0x00000000d5580000)
  object space 1398272K, 1% used [0x0000000080000000,0x000000008175b230,0x00000000d5580000)
 Metaspace       used 52200K, capacity 53472K, committed 53504K, reserved 1095680K
  class space    used 6134K, capacity 6382K, committed 6400K, reserved 1048576K
}
Event: 12.038 GC heap before
{Heap before GC invocations=6 (full 2):
 PSYoungGen      total 611840K, used 212346K [0x00000000d5580000, 0x0000000100000000, 0x0000000100000000)
  eden space 524800K, 35% used [0x00000000d5580000,0x00000000e0b0ab48,0x00000000f5600000)
  from space 87040K, 30% used [0x00000000f5600000,0x00000000f6fd3ce0,0x00000000fab00000)
  to   space 87040K, 0% used [0x00000000fab00000,0x00000000fab00000,0x0000000100000000)
 ParOldGen       total 1398272K, used 23916K [0x0000000080000000, 0x00000000d5580000, 0x00000000d5580000)
  object space 1398272K, 1% used [0x0000000080000000,0x000000008175b230,0x00000000d5580000)
 Metaspace       used 57504K, capacity 58877K, committed 59028K, reserved 1101824K
  class space    used 6652K, capacity 6912K, committed 6912K, reserved 1048576K
Event: 12.077 GC heap after
Heap after GC invocations=6 (full 2):
 PSYoungGen      total 611840K, used 20197K [0x00000000d5580000, 0x0000000100000000, 0x0000000100000000)
  eden space 524800K, 0% used [0x00000000d5580000,0x00000000d5580000,0x00000000f5600000)
  from space 87040K, 23% used [0x00000000fab00000,0x00000000fbeb9548,0x0000000100000000)
  to   space 87040K, 0% used [0x00000000f5600000,0x00000000f5600000,0x00000000fab00000)
 ParOldGen       total 1398272K, used 23924K [0x0000000080000000, 0x00000000d5580000, 0x00000000d5580000)
  object space 1398272K, 1% used [0x0000000080000000,0x000000008175d230,0x00000000d5580000)
 Metaspace       used 57504K, capacity 58877K, committed 59028K, reserved 1101824K
  class space    used 6652K, capacity 6912K, committed 6912K, reserved 1048576K
}
Event: 12.077 GC heap before
{Heap before GC invocations=7 (full 3):
 PSYoungGen      total 611840K, used 20197K [0x00000000d5580000, 0x0000000100000000, 0x0000000100000000)
  eden space 524800K, 0% used [0x00000000d5580000,0x00000000d5580000,0x00000000f5600000)
  from space 87040K, 23% used [0x00000000fab00000,0x00000000fbeb9548,0x0000000100000000)
  to   space 87040K, 0% used [0x00000000f5600000,0x00000000f5600000,0x00000000fab00000)
 ParOldGen       total 1398272K, used 23924K [0x0000000080000000, 0x00000000d5580000, 0x00000000d5580000)
  object space 1398272K, 1% used [0x0000000080000000,0x000000008175d230,0x00000000d5580000)
 Metaspace       used 57504K, capacity 58877K, committed 59028K, reserved 1101824K
  class space    used 6652K, capacity 6912K, committed 6912K, reserved 1048576K
Event: 12.352 GC heap after
Heap after GC invocations=7 (full 3):
 PSYoungGen      total 611840K, used 0K [0x00000000d5580000, 0x0000000100000000, 0x0000000100000000)
  eden space 524800K, 0% used [0x00000000d5580000,0x00000000d5580000,0x00000000f5600000)
  from space 87040K, 0% used [0x00000000fab00000,0x00000000fab00000,0x0000000100000000)
  to   space 87040K, 0% used [0x00000000f5600000,0x00000000f5600000,0x00000000fab00000)
 ParOldGen       total 1398272K, used 31936K [0x0000000080000000, 0x00000000d5580000, 0x00000000d5580000)
  object space 1398272K, 2% used [0x0000000080000000,0x0000000081f30180,0x00000000d5580000)
 Metaspace       used 57486K, capacity 58841K, committed 59028K, reserved 1101824K
  class space    used 6647K, capacity 6904K, committed 6912K, reserved 1048576K
}

