# JRE version: OpenJDK Runtime Environment (8.0_212-b04) (build 1.8.0_212-b04)
# Java VM: OpenJDK 64-Bit Server VM (25.212-b04 mixed mode linux-amd64 compressed oops)
Heap:
 PSYoungGen      total 577536K, used 559036K [0x00000000d5580000, 0x0000000100000000, 0x0000000100000000)
  eden space 529920K, 96% used [0x00000000d5580000,0x00000000f48f1070,0x00000000f5b00000)
  from space 47616K, 99% used [0x00000000fa280000,0x00000000fd0fe170,0x00000000fd100000)
  to   space 73216K, 0% used [0x00000000f5b00000,0x00000000f5b00000,0x00000000fa280000)
 ParOldGen       total 1398272K, used 42465K [0x0000000080000000, 0x00000000d5580000, 0x00000000d5580000)
  object space 1398272K, 3% used [0x0000000080000000,0x00000000829786d8,0x00000000d5580000)
 Metaspace       used 82182K, capacity 86003K, committed 86272K, reserved 1126400K
  class space    used 9256K, capacity 9918K, committed 9984K, reserved 1048576K
GC Heap History (10 events):
Event: 7.568 GC heap before
{Heap before GC invocations=5 (full 2):
 PSYoungGen      total 611840K, used 524800K [0x00000000d5580000, 0x0000000100000000, 0x0000000100000000)
  eden space 524800K, 100% used [0x00000000d5580000,0x00000000f5600000,0x00000000f5600000)
  from space 87040K, 0% used [0x00000000fab00000,0x00000000fab00000,0x0000000100000000)
  to   space 87040K, 0% used [0x00000000f5600000,0x00000000f5600000,0x00000000fab00000)
 ParOldGen       total 1398272K, used 24200K [0x0000000080000000, 0x00000000d5580000, 0x00000000d5580000)
  object space 1398272K, 1% used [0x0000000080000000,0x00000000817a23b8,0x00000000d5580000)
 Metaspace       used 49338K, capacity 50140K, committed 50432K, reserved 1093632K
  class space    used 5881K, capacity 6084K, committed 6144K, reserved 1048576K
Event: 7.612 GC heap after
Heap after GC invocations=5 (full 2):
 PSYoungGen      total 611840K, used 20267K [0x00000000d5580000, 0x0000000100000000, 0x0000000100000000)
  eden space 524800K, 0% used [0x00000000d5580000,0x00000000d5580000,0x00000000f5600000)
  from space 87040K, 23% used [0x00000000f5600000,0x00000000f69cae90,0x00000000fab00000)
  to   space 87040K, 0% used [0x00000000fab00000,0x00000000fab00000,0x0000000100000000)
 ParOldGen       total 1398272K, used 24200K [0x0000000080000000, 0x00000000d5580000, 0x00000000d5580000)
  object space 1398272K, 1% used [0x0000000080000000,0x00000000817a23b8,0x00000000d5580000)
 Metaspace       used 49338K, capacity 50140K, committed 50432K, reserved 1093632K
  class space    used 5881K, capacity 6084K, committed 6144K, reserved 1048576K
}
Event: 12.083 GC heap before
{Heap before GC invocations=6 (full 2):
 PSYoungGen      total 611840K, used 332746K [0x00000000d5580000, 0x0000000100000000, 0x0000000100000000)
  eden space 524800K, 59% used [0x00000000d5580000,0x00000000e86a7d38,0x00000000f5600000)
  from space 87040K, 23% used [0x00000000f5600000,0x00000000f69cae90,0x00000000fab00000)
  to   space 87040K, 0% used [0x00000000fab00000,0x00000000fab00000,0x0000000100000000)
 ParOldGen       total 1398272K, used 24200K [0x0000000080000000, 0x00000000d5580000, 0x00000000d5580000)
  object space 1398272K, 1% used [0x0000000080000000,0x00000000817a23b8,0x00000000d5580000)
 Metaspace       used 57752K, capacity 58985K, committed 59028K, reserved 1101824K
  class space    used 6946K, capacity 7168K, committed 7168K, reserved 1048576K
Event: 12.149 GC heap after
Heap after GC invocations=6 (full 2):
 PSYoungGen      total 611840K, used 19994K [0x00000000d5580000, 0x0000000100000000, 0x0000000100000000)
  eden space 524800K, 0% used [0x00000000d5580000,0x00000000d5580000,0x00000000f5600000)
  from space 87040K, 22% used [0x00000000fab00000,0x00000000fbe869f0,0x0000000100000000)
  to   space 87040K, 0% used [0x00000000f5600000,0x00000000f5600000,0x00000000fab00000)
 ParOldGen       total 1398272K, used 24208K [0x0000000080000000, 0x00000000d5580000, 0x00000000d5580000)
  object space 1398272K, 1% used [0x0000000080000000,0x00000000817a43b8,0x00000000d5580000)
 Metaspace       used 57752K, capacity 58985K, committed 59028K, reserved 1101824K
  class space    used 6946K, capacity 7168K, committed 7168K, reserved 1048576K
}
Event: 12.149 GC heap before
{Heap before GC invocations=7 (full 3):
 PSYoungGen      total 611840K, used 19994K [0x00000000d5580000, 0x0000000100000000, 0x0000000100000000)
  eden space 524800K, 0% used [0x00000000d5580000,0x00000000d5580000,0x00000000f5600000)
  from space 87040K, 22% used [0x00000000fab00000,0x00000000fbe869f0,0x0000000100000000)
  to   space 87040K, 0% used [0x00000000f5600000,0x00000000f5600000,0x00000000fab00000)
 ParOldGen       total 1398272K, used 24208K [0x0000000080000000, 0x00000000d5580000, 0x00000000d5580000)
  object space 1398272K, 1% used [0x0000000080000000,0x00000000817a43b8,0x00000000d5580000)
 Metaspace       used 57752K, capacity 58985K, committed 59028K, reserved 1101824K
  class space    used 6946K, capacity 7168K, committed 7168K, reserved 1048576K
Event: 12.435 GC heap after
Heap after GC invocations=7 (full 3):
 PSYoungGen      total 611840K, used 0K [0x00000000d5580000, 0x0000000100000000, 0x0000000100000000)
  eden space 524800K, 0% used [0x00000000d5580000,0x00000000d5580000,0x00000000f5600000)
  from space 87040K, 0% used [0x00000000fab00000,0x00000000fab00000,0x0000000100000000)
  to   space 87040K, 0% used [0x00000000f5600000,0x00000000f5600000,0x00000000fab00000)
 ParOldGen       total 1398272K, used 32450K [0x0000000080000000, 0x00000000d5580000, 0x00000000d5580000)
  object space 1398272K, 2% used [0x0000000080000000,0x0000000081fb0820,0x00000000d5580000)
 Metaspace       used 57682K, capacity 58813K, committed 59028K, reserved 1101824K
  class space    used 6921K, capacity 7124K, committed 7168K, reserved 1048576K
}
Event: 26.141 GC heap before
{Heap before GC invocations=8 (full 3):
 PSYoungGen      total 611840K, used 524311K [0x00000000d5580000, 0x0000000100000000, 0x0000000100000000)
  eden space 524800K, 99% used [0x00000000d5580000,0x00000000f5585ed8,0x00000000f5600000)
  from space 87040K, 0% used [0x00000000fab00000,0x00000000fab00000,0x0000000100000000)
  to   space 87040K, 0% used [0x00000000f5600000,0x00000000f5600000,0x00000000fab00000)
 ParOldGen       total 1398272K, used 32450K [0x0000000080000000, 0x00000000d5580000, 0x00000000d5580000)
  object space 1398272K, 2% used [0x0000000080000000,0x0000000081fb0820,0x00000000d5580000)
 Metaspace       used 76042K, capacity 78575K, committed 78848K, reserved 1118208K
  class space    used 8867K, capacity 9346K, committed 9472K, reserved 1048576K
Event: 26.286 GC heap after
Heap after GC invocations=8 (full 3):
 PSYoungGen      total 603136K, used 78160K [0x00000000d5580000, 0x00000000fd100000, 0x0000000100000000)
  eden space 524800K, 0% used [0x00000000d5580000,0x00000000d5580000,0x00000000f5600000)
  from space 78336K, 99% used [0x00000000f5600000,0x00000000fa254270,0x00000000fa280000)
  to   space 47616K, 0% used [0x00000000fa280000,0x00000000fa280000,0x00000000fd100000)
 ParOldGen       total 1398272K, used 32450K [0x0000000080000000, 0x00000000d5580000, 0x00000000d5580000)
  object space 1398272K, 2% used [0x0000000080000000,0x0000000081fb0820,0x00000000d5580000)
 Metaspace       used 76042K, capacity 78575K, committed 78848K, reserved 1118208K
  class space    used 8867K, capacity 9346K, committed 9472K, reserved 1048576K
}
Event: 30.992 GC heap before
{Heap before GC invocations=9 (full 3):
 PSYoungGen      total 603136K, used 602960K [0x00000000d5580000, 0x00000000fd100000, 0x0000000100000000)
  eden space 524800K, 100% used [0x00000000d5580000,0x00000000f5600000,0x00000000f5600000)
  from space 78336K, 99% used [0x00000000f5600000,0x00000000fa254270,0x00000000fa280000)
  to   space 47616K, 0% used [0x00000000fa280000,0x00000000fa280000,0x00000000fd100000)
 ParOldGen       total 1398272K, used 32450K [0x0000000080000000, 0x00000000d5580000, 0x00000000d5580000)
  object space 1398272K, 2% used [0x0000000080000000,0x0000000081fb0820,0x00000000d5580000)
 Metaspace       used 81149K, capacity 84797K, committed 84992K, reserved 1124352K
  class space    used 9221K, capacity 9861K, committed 9984K, reserved 1048576K
Event: 31.076 GC heap after
Heap after GC invocations=9 (full 3):
 PSYoungGen      total 577536K, used 47608K [0x00000000d5580000, 0x0000000100000000, 0x0000000100000000)
  eden space 529920K, 0% used [0x00000000d5580000,0x00000000d5580000,0x00000000f5b00000)
  from space 47616K, 99% used [0x00000000fa280000,0x00000000fd0fe170,0x00000000fd100000)
  to   space 73216K, 0% used [0x00000000f5b00000,0x00000000f5b00000,0x00000000fa280000)
 ParOldGen       total 1398272K, used 42465K [0x0000000080000000, 0x00000000d5580000, 0x00000000d5580000)
  object space 1398272K, 3% used [0x0000000080000000,0x00000000829786d8,0x00000000d5580000)
 Metaspace       used 81149K, capacity 84797K, committed 84992K, reserved 1124352K
  class space    used 9221K, capacity 9861K, committed 9984K, reserved 1048576K
}

