# JRE version: OpenJDK Runtime Environment (8.0_212-b04) (build 1.8.0_212-b04)
# Java VM: OpenJDK 64-Bit Server VM (25.212-b04 mixed mode linux-amd64 compressed oops)
Heap:
 PSYoungGen      total 611840K, used 439830K [0x00000000d5580000, 0x0000000100000000, 0x0000000100000000)
  eden space 524800K, 83% used [0x00000000d5580000,0x00000000f0305aa0,0x00000000f5600000)
  from space 87040K, 0% used [0x00000000fab00000,0x00000000fab00000,0x0000000100000000)
  to   space 87040K, 0% used [0x00000000f5600000,0x00000000f5600000,0x00000000fab00000)
 ParOldGen       total 1398272K, used 32673K [0x0000000080000000, 0x00000000d5580000, 0x00000000d5580000)
  object space 1398272K, 2% used [0x0000000080000000,0x0000000081fe8530,0x00000000d5580000)
 Metaspace       used 66412K, capacity 69414K, committed 69632K, reserved 1110016K
  class space    used 7588K, capacity 8133K, committed 8192K, reserved 1048576K
GC Heap History (10 events):
Event: 4.580 GC heap before
{Heap before GC invocations=3 (full 1):
 PSYoungGen      total 611840K, used 458123K [0x00000000d5580000, 0x0000000100000000, 0x0000000100000000)
  eden space 524800K, 87% used [0x00000000d5580000,0x00000000f14e2f08,0x00000000f5600000)
  from space 87040K, 0% used [0x00000000f5600000,0x00000000f5600000,0x00000000fab00000)
  to   space 87040K, 0% used [0x00000000fab00000,0x00000000fab00000,0x0000000100000000)
 ParOldGen       total 868864K, used 14312K [0x0000000080000000, 0x00000000b5080000, 0x00000000d5580000)
  object space 868864K, 1% used [0x0000000080000000,0x0000000080dfa0b0,0x00000000b5080000)
 Metaspace       used 34680K, capacity 35028K, committed 35416K, reserved 1081344K
  class space    used 3962K, capacity 4060K, committed 4096K, reserved 1048576K
Event: 4.618 GC heap after
Heap after GC invocations=3 (full 1):
 PSYoungGen      total 611840K, used 18933K [0x00000000d5580000, 0x0000000100000000, 0x0000000100000000)
  eden space 524800K, 0% used [0x00000000d5580000,0x00000000d5580000,0x00000000f5600000)
  from space 87040K, 21% used [0x00000000fab00000,0x00000000fbd7d6a8,0x0000000100000000)
  to   space 87040K, 0% used [0x00000000f5600000,0x00000000f5600000,0x00000000fab00000)
 ParOldGen       total 868864K, used 14312K [0x0000000080000000, 0x00000000b5080000, 0x00000000d5580000)
  object space 868864K, 1% used [0x0000000080000000,0x0000000080dfa0b0,0x00000000b5080000)
 Metaspace       used 34680K, capacity 35028K, committed 35416K, reserved 1081344K
  class space    used 3962K, capacity 4060K, committed 4096K, reserved 1048576K
}
Event: 4.618 GC heap before
{Heap before GC invocations=4 (full 2):
 PSYoungGen      total 611840K, used 18933K [0x00000000d5580000, 0x0000000100000000, 0x0000000100000000)
  eden space 524800K, 0% used [0x00000000d5580000,0x00000000d5580000,0x00000000f5600000)
  from space 87040K, 21% used [0x00000000fab00000,0x00000000fbd7d6a8,0x0000000100000000)
  to   space 87040K, 0% used [0x00000000f5600000,0x00000000f5600000,0x00000000fab00000)
 ParOldGen       total 868864K, used 14312K [0x0000000080000000, 0x00000000b5080000, 0x00000000d5580000)
  object space 868864K, 1% used [0x0000000080000000,0x0000000080dfa0b0,0x00000000b5080000)
 Metaspace       used 34680K, capacity 35028K, committed 35416K, reserved 1081344K
  class space    used 3962K, capacity 4060K, committed 4096K, reserved 1048576K
Event: 4.742 GC heap after
Heap after GC invocations=4 (full 2):
 PSYoungGen      total 611840K, used 0K [0x00000000d5580000, 0x0000000100000000, 0x0000000100000000)
  eden space 524800K, 0% used [0x00000000d5580000,0x00000000d5580000,0x00000000f5600000)
  from space 87040K, 0% used [0x00000000fab00000,0x00000000fab00000,0x0000000100000000)
  to   space 87040K, 0% used [0x00000000f5600000,0x00000000f5600000,0x00000000fab00000)
 ParOldGen       total 1398272K, used 23502K [0x0000000080000000, 0x00000000d5580000, 0x00000000d5580000)
  object space 1398272K, 1% used [0x0000000080000000,0x00000000816f3928,0x00000000d5580000)
 Metaspace       used 34680K, capacity 35028K, committed 35416K, reserved 1081344K
  class space    used 3962K, capacity 4060K, committed 4096K, reserved 1048576K
}
Event: 11.180 GC heap before
{Heap before GC invocations=5 (full 2):
 PSYoungGen      total 611840K, used 524800K [0x00000000d5580000, 0x0000000100000000, 0x0000000100000000)
  eden space 524800K, 100% used [0x00000000d5580000,0x00000000f5600000,0x00000000f5600000)
  from space 87040K, 0% used [0x00000000fab00000,0x00000000fab00000,0x0000000100000000)
  to   space 87040K, 0% used [0x00000000f5600000,0x00000000f5600000,0x00000000fab00000)
 ParOldGen       total 1398272K, used 23502K [0x0000000080000000, 0x00000000d5580000, 0x00000000d5580000)
  object space 1398272K, 1% used [0x0000000080000000,0x00000000816f3928,0x00000000d5580000)
 Metaspace       used 51829K, capacity 53136K, committed 53248K, reserved 1095680K
  class space    used 6101K, capacity 6352K, committed 6400K, reserved 1048576K
Event: 11.238 GC heap after
Heap after GC invocations=5 (full 2):
 PSYoungGen      total 611840K, used 23973K [0x00000000d5580000, 0x0000000100000000, 0x0000000100000000)
  eden space 524800K, 0% used [0x00000000d5580000,0x00000000d5580000,0x00000000f5600000)
  from space 87040K, 27% used [0x00000000f5600000,0x00000000f6d69618,0x00000000fab00000)
  to   space 87040K, 0% used [0x00000000fab00000,0x00000000fab00000,0x0000000100000000)
 ParOldGen       total 1398272K, used 23510K [0x0000000080000000, 0x00000000d5580000, 0x00000000d5580000)
  object space 1398272K, 1% used [0x0000000080000000,0x00000000816f5928,0x00000000d5580000)
 Metaspace       used 51829K, capacity 53136K, committed 53248K, reserved 1095680K
  class space    used 6101K, capacity 6352K, committed 6400K, reserved 1048576K
}
Event: 12.124 GC heap before
{Heap before GC invocations=6 (full 2):
 PSYoungGen      total 611840K, used 206112K [0x00000000d5580000, 0x0000000100000000, 0x0000000100000000)
  eden space 524800K, 34% used [0x00000000d5580000,0x00000000e075eb38,0x00000000f5600000)
  from space 87040K, 27% used [0x00000000f5600000,0x00000000f6d69618,0x00000000fab00000)
  to   space 87040K, 0% used [0x00000000fab00000,0x00000000fab00000,0x0000000100000000)
 ParOldGen       total 1398272K, used 23510K [0x0000000080000000, 0x00000000d5580000, 0x00000000d5580000)
  object space 1398272K, 1% used [0x0000000080000000,0x00000000816f5928,0x00000000d5580000)
 Metaspace       used 57426K, capacity 58758K, committed 59008K, reserved 1101824K
  class space    used 6645K, capacity 6915K, committed 7040K, reserved 1048576K
Event: 12.163 GC heap after
Heap after GC invocations=6 (full 2):
 PSYoungGen      total 611840K, used 21270K [0x00000000d5580000, 0x0000000100000000, 0x0000000100000000)
  eden space 524800K, 0% used [0x00000000d5580000,0x00000000d5580000,0x00000000f5600000)
  from space 87040K, 24% used [0x00000000fab00000,0x00000000fbfc5bb8,0x0000000100000000)
  to   space 87040K, 0% used [0x00000000f5600000,0x00000000f5600000,0x00000000fab00000)
 ParOldGen       total 1398272K, used 23518K [0x0000000080000000, 0x00000000d5580000, 0x00000000d5580000)
  object space 1398272K, 1% used [0x0000000080000000,0x00000000816f7928,0x00000000d5580000)
 Metaspace       used 57426K, capacity 58758K, committed 59008K, reserved 1101824K
  class space    used 6645K, capacity 6915K, committed 7040K, reserved 1048576K
}
Event: 12.163 GC heap before
{Heap before GC invocations=7 (full 3):
 PSYoungGen      total 611840K, used 21270K [0x00000000d5580000, 0x0000000100000000, 0x0000000100000000)
  eden space 524800K, 0% used [0x00000000d5580000,0x00000000d5580000,0x00000000f5600000)
  from space 87040K, 24% used [0x00000000fab00000,0x00000000fbfc5bb8,0x0000000100000000)
  to   space 87040K, 0% used [0x00000000f5600000,0x00000000f5600000,0x00000000fab00000)
 ParOldGen       total 1398272K, used 23518K [0x0000000080000000, 0x00000000d5580000, 0x00000000d5580000)
  object space 1398272K, 1% used [0x0000000080000000,0x00000000816f7928,0x00000000d5580000)
 Metaspace       used 57426K, capacity 58758K, committed 59008K, reserved 1101824K
  class space    used 6645K, capacity 6915K, committed 7040K, reserved 1048576K
Event: 12.436 GC heap after
Heap after GC invocations=7 (full 3):
 PSYoungGen      total 611840K, used 0K [0x00000000d5580000, 0x0000000100000000, 0x0000000100000000)
  eden space 524800K, 0% used [0x00000000d5580000,0x00000000d5580000,0x00000000f5600000)
  from space 87040K, 0% used [0x00000000fab00000,0x00000000fab00000,0x0000000100000000)
  to   space 87040K, 0% used [0x00000000f5600000,0x00000000f5600000,0x00000000fab00000)
 ParOldGen       total 1398272K, used 32673K [0x0000000080000000, 0x00000000d5580000, 0x00000000d5580000)
  object space 1398272K, 2% used [0x0000000080000000,0x0000000081fe8530,0x00000000d5580000)
 Metaspace       used 57402K, capacity 58700K, committed 59008K, reserved 1101824K
  class space    used 6637K, capacity 6902K, committed 7040K, reserved 1048576K
}

