# JRE version: OpenJDK Runtime Environment (8.0_212-b04) (build 1.8.0_212-b04)
# Java VM: OpenJDK 64-Bit Server VM (25.212-b04 mixed mode linux-amd64 compressed oops)
Heap:
 PSYoungGen      total 611840K, used 262391K [0x00000000d5580000, 0x0000000100000000, 0x0000000100000000)
  eden space 524800K, 33% used [0x00000000d5580000,0x00000000e00c5780,0x00000000f5600000)
  from space 87040K, 99% used [0x00000000fab00000,0x00000000ffff8708,0x0000000100000000)
  to   space 87040K, 0% used [0x00000000f5600000,0x00000000f5600000,0x00000000fab00000)
 ParOldGen       total 1398272K, used 51606K [0x0000000080000000, 0x00000000d5580000, 0x00000000d5580000)
  object space 1398272K, 3% used [0x0000000080000000,0x0000000083265930,0x00000000d5580000)
 Metaspace       used 66145K, capacity 69326K, committed 69632K, reserved 1110016K
  class space    used 7515K, capacity 8067K, committed 8192K, reserved 1048576K
GC Heap History (10 events):
Event: 4.538 GC heap before
{Heap before GC invocations=3 (full 1):
 PSYoungGen      total 611840K, used 403485K [0x00000000d5580000, 0x0000000100000000, 0x0000000100000000)
  eden space 524800K, 76% used [0x00000000d5580000,0x00000000edf87548,0x00000000f5600000)
  from space 87040K, 0% used [0x00000000f5600000,0x00000000f5600000,0x00000000fab00000)
  to   space 87040K, 0% used [0x00000000fab00000,0x00000000fab00000,0x0000000100000000)
 ParOldGen       total 882176K, used 13775K [0x0000000080000000, 0x00000000b5d80000, 0x00000000d5580000)
  object space 882176K, 1% used [0x0000000080000000,0x0000000080d73c80,0x00000000b5d80000)
 Metaspace       used 34787K, capacity 35182K, committed 35416K, reserved 1081344K
  class space    used 3973K, capacity 4091K, committed 4096K, reserved 1048576K
Event: 4.570 GC heap after
Heap after GC invocations=3 (full 1):
 PSYoungGen      total 611840K, used 19260K [0x00000000d5580000, 0x0000000100000000, 0x0000000100000000)
  eden space 524800K, 0% used [0x00000000d5580000,0x00000000d5580000,0x00000000f5600000)
  from space 87040K, 22% used [0x00000000fab00000,0x00000000fbdcf100,0x0000000100000000)
  to   space 87040K, 0% used [0x00000000f5600000,0x00000000f5600000,0x00000000fab00000)
 ParOldGen       total 882176K, used 13775K [0x0000000080000000, 0x00000000b5d80000, 0x00000000d5580000)
  object space 882176K, 1% used [0x0000000080000000,0x0000000080d73c80,0x00000000b5d80000)
 Metaspace       used 34787K, capacity 35182K, committed 35416K, reserved 1081344K
  class space    used 3973K, capacity 4091K, committed 4096K, reserved 1048576K
}
Event: 4.570 GC heap before
{Heap before GC invocations=4 (full 2):
 PSYoungGen      total 611840K, used 19260K [0x00000000d5580000, 0x0000000100000000, 0x0000000100000000)
  eden space 524800K, 0% used [0x00000000d5580000,0x00000000d5580000,0x00000000f5600000)
  from space 87040K, 22% used [0x00000000fab00000,0x00000000fbdcf100,0x0000000100000000)
  to   space 87040K, 0% used [0x00000000f5600000,0x00000000f5600000,0x00000000fab00000)
 ParOldGen       total 882176K, used 13775K [0x0000000080000000, 0x00000000b5d80000, 0x00000000d5580000)
  object space 882176K, 1% used [0x0000000080000000,0x0000000080d73c80,0x00000000b5d80000)
 Metaspace       used 34787K, capacity 35182K, committed 35416K, reserved 1081344K
  class space    used 3973K, capacity 4091K, committed 4096K, reserved 1048576K
Event: 4.656 GC heap after
Heap after GC invocations=4 (full 2):
 PSYoungGen      total 611840K, used 0K [0x00000000d5580000, 0x0000000100000000, 0x0000000100000000)
  eden space 524800K, 0% used [0x00000000d5580000,0x00000000d5580000,0x00000000f5600000)
  from space 87040K, 0% used [0x00000000fab00000,0x00000000fab00000,0x0000000100000000)
  to   space 87040K, 0% used [0x00000000f5600000,0x00000000f5600000,0x00000000fab00000)
 ParOldGen       total 1398272K, used 23611K [0x0000000080000000, 0x00000000d5580000, 0x00000000d5580000)
  object space 1398272K, 1% used [0x0000000080000000,0x000000008170efc8,0x00000000d5580000)
 Metaspace       used 34787K, capacity 35182K, committed 35416K, reserved 1081344K
  class space    used 3973K, capacity 4091K, committed 4096K, reserved 1048576K
}
Event: 11.778 GC heap before
{Heap before GC invocations=5 (full 2):
 PSYoungGen      total 611840K, used 488351K [0x00000000d5580000, 0x0000000100000000, 0x0000000100000000)
  eden space 524800K, 93% used [0x00000000d5580000,0x00000000f3267db8,0x00000000f5600000)
  from space 87040K, 0% used [0x00000000fab00000,0x00000000fab00000,0x0000000100000000)
  to   space 87040K, 0% used [0x00000000f5600000,0x00000000f5600000,0x00000000fab00000)
 ParOldGen       total 1398272K, used 23611K [0x0000000080000000, 0x00000000d5580000, 0x00000000d5580000)
  object space 1398272K, 1% used [0x0000000080000000,0x000000008170efc8,0x00000000d5580000)
 Metaspace       used 57439K, capacity 58836K, committed 59008K, reserved 1101824K
  class space    used 6654K, capacity 6940K, committed 7040K, reserved 1048576K
Event: 11.868 GC heap after
Heap after GC invocations=5 (full 2):
 PSYoungGen      total 611840K, used 34858K [0x00000000d5580000, 0x0000000100000000, 0x0000000100000000)
  eden space 524800K, 0% used [0x00000000d5580000,0x00000000d5580000,0x00000000f5600000)
  from space 87040K, 40% used [0x00000000f5600000,0x00000000f780a940,0x00000000fab00000)
  to   space 87040K, 0% used [0x00000000fab00000,0x00000000fab00000,0x0000000100000000)
 ParOldGen       total 1398272K, used 23619K [0x0000000080000000, 0x00000000d5580000, 0x00000000d5580000)
  object space 1398272K, 1% used [0x0000000080000000,0x0000000081710fc8,0x00000000d5580000)
 Metaspace       used 57439K, capacity 58836K, committed 59008K, reserved 1101824K
  class space    used 6654K, capacity 6940K, committed 7040K, reserved 1048576K
}
Event: 11.869 GC heap before
{Heap before GC invocations=6 (full 3):
 PSYoungGen      total 611840K, used 34858K [0x00000000d5580000, 0x0000000100000000, 0x0000000100000000)
  eden space 524800K, 0% used [0x00000000d5580000,0x00000000d5580000,0x00000000f5600000)
  from space 87040K, 40% used [0x00000000f5600000,0x00000000f780a940,0x00000000fab00000)
  to   space 87040K, 0% used [0x00000000fab00000,0x00000000fab00000,0x0000000100000000)
 ParOldGen       total 1398272K, used 23619K [0x0000000080000000, 0x00000000d5580000, 0x00000000d5580000)
  object space 1398272K, 1% used [0x0000000080000000,0x0000000081710fc8,0x00000000d5580000)
 Metaspace       used 57439K, capacity 58836K, committed 59008K, reserved 1101824K
  class space    used 6654K, capacity 6940K, committed 7040K, reserved 1048576K
Event: 12.173 GC heap after
Heap after GC invocations=6 (full 3):
 PSYoungGen      total 611840K, used 0K [0x00000000d5580000, 0x0000000100000000, 0x0000000100000000)
  eden space 524800K, 0% used [0x00000000d5580000,0x00000000d5580000,0x00000000f5600000)
  from space 87040K, 0% used [0x00000000f5600000,0x00000000f5600000,0x00000000fab00000)
  to   space 87040K, 0% used [0x00000000fab00000,0x00000000fab00000,0x0000000100000000)
 ParOldGen       total 1398272K, used 45374K [0x0000000080000000, 0x00000000d5580000, 0x00000000d5580000)
  object space 1398272K, 3% used [0x0000000080000000,0x0000000082c4fa80,0x00000000d5580000)
 Metaspace       used 57407K, capacity 58760K, committed 59008K, reserved 1101824K
  class space    used 6643K, capacity 6920K, committed 7040K, reserved 1048576K
}
Event: 34.008 GC heap before
{Heap before GC invocations=7 (full 3):
 PSYoungGen      total 611840K, used 524480K [0x00000000d5580000, 0x0000000100000000, 0x0000000100000000)
  eden space 524800K, 99% used [0x00000000d5580000,0x00000000f55b02c0,0x00000000f5600000)
  from space 87040K, 0% used [0x00000000f5600000,0x00000000f5600000,0x00000000fab00000)
  to   space 87040K, 0% used [0x00000000fab00000,0x00000000fab00000,0x0000000100000000)
 ParOldGen       total 1398272K, used 45374K [0x0000000080000000, 0x00000000d5580000, 0x00000000d5580000)
  object space 1398272K, 3% used [0x0000000080000000,0x0000000082c4fa80,0x00000000d5580000)
 Metaspace       used 65828K, capacity 68962K, committed 69120K, reserved 1110016K
  class space    used 7514K, capacity 8065K, committed 8192K, reserved 1048576K
Event: 34.152 GC heap after
Heap after GC invocations=7 (full 3):
 PSYoungGen      total 611840K, used 87009K [0x00000000d5580000, 0x0000000100000000, 0x0000000100000000)
  eden space 524800K, 0% used [0x00000000d5580000,0x00000000d5580000,0x00000000f5600000)
  from space 87040K, 99% used [0x00000000fab00000,0x00000000ffff8708,0x0000000100000000)
  to   space 87040K, 0% used [0x00000000f5600000,0x00000000f5600000,0x00000000fab00000)
 ParOldGen       total 1398272K, used 51606K [0x0000000080000000, 0x00000000d5580000, 0x00000000d5580000)
  object space 1398272K, 3% used [0x0000000080000000,0x0000000083265930,0x00000000d5580000)
 Metaspace       used 65828K, capacity 68962K, committed 69120K, reserved 1110016K
  class space    used 7514K, capacity 8065K, committed 8192K, reserved 1048576K
}

