# JRE version: OpenJDK Runtime Environment (8.0_212-b04) (build 1.8.0_212-b04)
# Java VM: OpenJDK 64-Bit Server VM (25.212-b04 mixed mode linux-amd64 compressed oops)
Heap:
 PSYoungGen      total 481792K, used 359674K [0x00000000d5580000, 0x0000000100000000, 0x0000000100000000)
  eden space 341504K, 64% used [0x00000000d5580000,0x00000000e2c0dc00,0x00000000ea300000)
  from space 140288K, 99% used [0x00000000ea600000,0x00000000f2eb0c40,0x00000000f2f00000)
  to   space 197120K, 0% used [0x00000000f3f80000,0x00000000f3f80000,0x0000000100000000)
 ParOldGen       total 1398272K, used 155964K [0x0000000080000000, 0x00000000d5580000, 0x00000000d5580000)
  object space 1398272K, 11% used [0x0000000080000000,0x000000008984f2b0,0x00000000d5580000)
 Metaspace       used 68491K, capacity 71478K, committed 71680K, reserved 1112064K
  class space    used 7561K, capacity 8073K, committed 8192K, reserved 1048576K
GC Heap History (10 events):
Event: 10.553 GC heap before
{Heap before GC invocations=6 (full 3):
 PSYoungGen      total 611840K, used 30437K [0x00000000d5580000, 0x0000000100000000, 0x0000000100000000)
  eden space 524800K, 0% used [0x00000000d5580000,0x00000000d5580000,0x00000000f5600000)
  from space 87040K, 34% used [0x00000000f5600000,0x00000000f73b97b0,0x00000000fab00000)
  to   space 87040K, 0% used [0x00000000fab00000,0x00000000fab00000,0x0000000100000000)
 ParOldGen       total 1398272K, used 23662K [0x0000000080000000, 0x00000000d5580000, 0x00000000d5580000)
  object space 1398272K, 1% used [0x0000000080000000,0x000000008171b850,0x00000000d5580000)
 Metaspace       used 57476K, capacity 58916K, committed 59008K, reserved 1101824K
  class space    used 6677K, capacity 6956K, committed 7040K, reserved 1048576K
Event: 10.741 GC heap after
Heap after GC invocations=6 (full 3):
 PSYoungGen      total 611840K, used 0K [0x00000000d5580000, 0x0000000100000000, 0x0000000100000000)
  eden space 524800K, 0% used [0x00000000d5580000,0x00000000d5580000,0x00000000f5600000)
  from space 87040K, 0% used [0x00000000f5600000,0x00000000f5600000,0x00000000fab00000)
  to   space 87040K, 0% used [0x00000000fab00000,0x00000000fab00000,0x0000000100000000)
 ParOldGen       total 1398272K, used 40847K [0x0000000080000000, 0x00000000d5580000, 0x00000000d5580000)
  object space 1398272K, 2% used [0x0000000080000000,0x00000000827e3d30,0x00000000d5580000)
 Metaspace       used 57450K, capacity 58854K, committed 59008K, reserved 1101824K
  class space    used 6667K, capacity 6939K, committed 7040K, reserved 1048576K
}
Event: 129.187 GC heap before
{Heap before GC invocations=7 (full 3):
 PSYoungGen      total 611840K, used 524271K [0x00000000d5580000, 0x0000000100000000, 0x0000000100000000)
  eden space 524800K, 99% used [0x00000000d5580000,0x00000000f557bf48,0x00000000f5600000)
  from space 87040K, 0% used [0x00000000f5600000,0x00000000f5600000,0x00000000fab00000)
  to   space 87040K, 0% used [0x00000000fab00000,0x00000000fab00000,0x0000000100000000)
 ParOldGen       total 1398272K, used 40847K [0x0000000080000000, 0x00000000d5580000, 0x00000000d5580000)
  object space 1398272K, 2% used [0x0000000080000000,0x00000000827e3d30,0x00000000d5580000)
 Metaspace       used 66000K, capacity 68756K, committed 68992K, reserved 1110016K
  class space    used 7506K, capacity 7998K, committed 8064K, reserved 1048576K
Event: 129.290 GC heap after
Heap after GC invocations=7 (full 3):
 PSYoungGen      total 611840K, used 70742K [0x00000000d5580000, 0x0000000100000000, 0x0000000100000000)
  eden space 524800K, 0% used [0x00000000d5580000,0x00000000d5580000,0x00000000f5600000)
  from space 87040K, 81% used [0x00000000fab00000,0x00000000ff015b30,0x0000000100000000)
  to   space 87040K, 0% used [0x00000000f5600000,0x00000000f5600000,0x00000000fab00000)
 ParOldGen       total 1398272K, used 40855K [0x0000000080000000, 0x00000000d5580000, 0x00000000d5580000)
  object space 1398272K, 2% used [0x0000000080000000,0x00000000827e5d30,0x00000000d5580000)
 Metaspace       used 66000K, capacity 68756K, committed 68992K, reserved 1110016K
  class space    used 7506K, capacity 7998K, committed 8064K, reserved 1048576K
}
Event: 273.071 GC heap before
{Heap before GC invocations=8 (full 3):
 PSYoungGen      total 611840K, used 594753K [0x00000000d5580000, 0x0000000100000000, 0x0000000100000000)
  eden space 524800K, 99% used [0x00000000d5580000,0x00000000f553a9e8,0x00000000f5600000)
  from space 87040K, 81% used [0x00000000fab00000,0x00000000ff015b30,0x0000000100000000)
  to   space 87040K, 0% used [0x00000000f5600000,0x00000000f5600000,0x00000000fab00000)
 ParOldGen       total 1398272K, used 40855K [0x0000000080000000, 0x00000000d5580000, 0x00000000d5580000)
  object space 1398272K, 2% used [0x0000000080000000,0x00000000827e5d30,0x00000000d5580000)
 Metaspace       used 67151K, capacity 70020K, committed 70272K, reserved 1112064K
  class space    used 7519K, capacity 8020K, committed 8064K, reserved 1048576K
Event: 273.223 GC heap after
Heap after GC invocations=8 (full 3):
 PSYoungGen      total 611840K, used 87021K [0x00000000d5580000, 0x0000000100000000, 0x0000000100000000)
  eden space 524800K, 0% used [0x00000000d5580000,0x00000000d5580000,0x00000000f5600000)
  from space 87040K, 99% used [0x00000000f5600000,0x00000000faafb528,0x00000000fab00000)
  to   space 87040K, 0% used [0x00000000fab00000,0x00000000fab00000,0x0000000100000000)
 ParOldGen       total 1398272K, used 76759K [0x0000000080000000, 0x00000000d5580000, 0x00000000d5580000)
  object space 1398272K, 5% used [0x0000000080000000,0x0000000084af5d30,0x00000000d5580000)
 Metaspace       used 67151K, capacity 70020K, committed 70272K, reserved 1112064K
  class space    used 7519K, capacity 8020K, committed 8064K, reserved 1048576K
}
Event: 422.749 GC heap before
{Heap before GC invocations=9 (full 3):
 PSYoungGen      total 611840K, used 611821K [0x00000000d5580000, 0x0000000100000000, 0x0000000100000000)
  eden space 524800K, 100% used [0x00000000d5580000,0x00000000f5600000,0x00000000f5600000)
  from space 87040K, 99% used [0x00000000f5600000,0x00000000faafb528,0x00000000fab00000)
  to   space 87040K, 0% used [0x00000000fab00000,0x00000000fab00000,0x0000000100000000)
 ParOldGen       total 1398272K, used 76759K [0x0000000080000000, 0x00000000d5580000, 0x00000000d5580000)
  object space 1398272K, 5% used [0x0000000080000000,0x0000000084af5d30,0x00000000d5580000)
 Metaspace       used 68093K, capacity 71038K, committed 71168K, reserved 1112064K
  class space    used 7560K, capacity 8071K, committed 8192K, reserved 1048576K
Event: 422.925 GC heap after
Heap after GC invocations=9 (full 3):
 PSYoungGen      total 431616K, used 87038K [0x00000000d5580000, 0x0000000100000000, 0x0000000100000000)
  eden space 344576K, 0% used [0x00000000d5580000,0x00000000d5580000,0x00000000ea600000)
  from space 87040K, 99% used [0x00000000fab00000,0x00000000fffffaa0,0x0000000100000000)
  to   space 177152K, 0% used [0x00000000ea600000,0x00000000ea600000,0x00000000f5300000)
 ParOldGen       total 1398272K, used 155956K [0x0000000080000000, 0x00000000d5580000, 0x00000000d5580000)
  object space 1398272K, 11% used [0x0000000080000000,0x000000008984d2b0,0x00000000d5580000)
 Metaspace       used 68093K, capacity 71038K, committed 71168K, reserved 1112064K
  class space    used 7560K, capacity 8071K, committed 8192K, reserved 1048576K
}
Event: 519.115 GC heap before
{Heap before GC invocations=10 (full 3):
 PSYoungGen      total 431616K, used 431376K [0x00000000d5580000, 0x0000000100000000, 0x0000000100000000)
  eden space 344576K, 99% used [0x00000000d5580000,0x00000000ea5c4800,0x00000000ea600000)
  from space 87040K, 99% used [0x00000000fab00000,0x00000000fffffaa0,0x0000000100000000)
  to   space 177152K, 0% used [0x00000000ea600000,0x00000000ea600000,0x00000000f5300000)
 ParOldGen       total 1398272K, used 155956K [0x0000000080000000, 0x00000000d5580000, 0x00000000d5580000)
  object space 1398272K, 11% used [0x0000000080000000,0x000000008984d2b0,0x00000000d5580000)
 Metaspace       used 68334K, capacity 71270K, committed 71424K, reserved 1112064K
  class space    used 7560K, capacity 8071K, committed 8192K, reserved 1048576K
Event: 519.254 GC heap after
Heap after GC invocations=10 (full 3):
 PSYoungGen      total 481792K, used 139971K [0x00000000d5580000, 0x0000000100000000, 0x0000000100000000)
  eden space 341504K, 0% used [0x00000000d5580000,0x00000000d5580000,0x00000000ea300000)
  from space 140288K, 99% used [0x00000000ea600000,0x00000000f2eb0c40,0x00000000f2f00000)
  to   space 197120K, 0% used [0x00000000f3f80000,0x00000000f3f80000,0x0000000100000000)
 ParOldGen       total 1398272K, used 155964K [0x0000000080000000, 0x00000000d5580000, 0x00000000d5580000)
  object space 1398272K, 11% used [0x0000000080000000,0x000000008984f2b0,0x00000000d5580000)
 Metaspace       used 68334K, capacity 71270K, committed 71424K, reserved 1112064K
  class space    used 7560K, capacity 8071K, committed 8192K, reserved 1048576K
}

