# JRE version: OpenJDK Runtime Environment (8.0_212-b04) (build 1.8.0_212-b04)
# Java VM: OpenJDK 64-Bit Server VM (25.212-b04 mixed mode linux-amd64 compressed oops)
Heap:
 PSYoungGen      total 552960K, used 100939K [0x00000000d5580000, 0x0000000100000000, 0x0000000100000000)
  eden space 478720K, 5% used [0x00000000d5580000,0x00000000d7008d68,0x00000000f2900000)
  from space 74240K, 99% used [0x00000000f2f00000,0x00000000f7709f40,0x00000000f7780000)
  to   space 111104K, 0% used [0x00000000f9380000,0x00000000f9380000,0x0000000100000000)
 ParOldGen       total 1398272K, used 60156K [0x0000000080000000, 0x00000000d5580000, 0x00000000d5580000)
  object space 1398272K, 4% used [0x0000000080000000,0x0000000083abf0f8,0x00000000d5580000)
 Metaspace       used 73415K, capacity 76462K, committed 76800K, reserved 1118208K
  class space    used 8064K, capacity 8587K, committed 8704K, reserved 1048576K
GC Heap History (10 events):
Event: 90.316 GC heap before
{Heap before GC invocations=8 (full 3):
 PSYoungGen      total 611840K, used 524800K [0x00000000d5580000, 0x0000000100000000, 0x0000000100000000)
  eden space 524800K, 100% used [0x00000000d5580000,0x00000000f5600000,0x00000000f5600000)
  from space 87040K, 0% used [0x00000000fab00000,0x00000000fab00000,0x0000000100000000)
  to   space 87040K, 0% used [0x00000000f5600000,0x00000000f5600000,0x00000000fab00000)
 ParOldGen       total 1398272K, used 28876K [0x0000000080000000, 0x00000000d5580000, 0x00000000d5580000)
  object space 1398272K, 2% used [0x0000000080000000,0x0000000081c330f8,0x00000000d5580000)
 Metaspace       used 69520K, capacity 71914K, committed 72064K, reserved 1114112K
  class space    used 7868K, capacity 8301K, committed 8320K, reserved 1048576K
Event: 90.460 GC heap after
Heap after GC invocations=8 (full 3):
 PSYoungGen      total 594944K, used 69985K [0x00000000d5580000, 0x00000000fcb00000, 0x0000000100000000)
  eden space 524800K, 0% used [0x00000000d5580000,0x00000000d5580000,0x00000000f5600000)
  from space 70144K, 99% used [0x00000000f5600000,0x00000000f9a584a0,0x00000000f9a80000)
  to   space 49664K, 0% used [0x00000000f9a80000,0x00000000f9a80000,0x00000000fcb00000)
 ParOldGen       total 1398272K, used 28884K [0x0000000080000000, 0x00000000d5580000, 0x00000000d5580000)
  object space 1398272K, 2% used [0x0000000080000000,0x0000000081c350f8,0x00000000d5580000)
 Metaspace       used 69520K, capacity 71914K, committed 72064K, reserved 1114112K
  class space    used 7868K, capacity 8301K, committed 8320K, reserved 1048576K
}
Event: 242.846 GC heap before
{Heap before GC invocations=9 (full 3):
 PSYoungGen      total 594944K, used 594785K [0x00000000d5580000, 0x00000000fcb00000, 0x0000000100000000)
  eden space 524800K, 100% used [0x00000000d5580000,0x00000000f5600000,0x00000000f5600000)
  from space 70144K, 99% used [0x00000000f5600000,0x00000000f9a584a0,0x00000000f9a80000)
  to   space 49664K, 0% used [0x00000000f9a80000,0x00000000f9a80000,0x00000000fcb00000)
 ParOldGen       total 1398272K, used 28884K [0x0000000080000000, 0x00000000d5580000, 0x00000000d5580000)
  object space 1398272K, 2% used [0x0000000080000000,0x0000000081c350f8,0x00000000d5580000)
 Metaspace       used 71649K, capacity 74342K, committed 74624K, reserved 1116160K
  class space    used 7999K, capacity 8487K, committed 8576K, reserved 1048576K
Event: 243.000 GC heap after
Heap after GC invocations=9 (full 3):
 PSYoungGen      total 560640K, used 49663K [0x00000000d5580000, 0x0000000100000000, 0x0000000100000000)
  eden space 510976K, 0% used [0x00000000d5580000,0x00000000d5580000,0x00000000f4880000)
  from space 49664K, 99% used [0x00000000f9a80000,0x00000000fcaffc58,0x00000000fcb00000)
  to   space 83968K, 0% used [0x00000000f4880000,0x00000000f4880000,0x00000000f9a80000)
 ParOldGen       total 1398272K, used 60132K [0x0000000080000000, 0x00000000d5580000, 0x00000000d5580000)
  object space 1398272K, 4% used [0x0000000080000000,0x0000000083ab90f8,0x00000000d5580000)
 Metaspace       used 71649K, capacity 74342K, committed 74624K, reserved 1116160K
  class space    used 7999K, capacity 8487K, committed 8576K, reserved 1048576K
}
Event: 384.076 GC heap before
{Heap before GC invocations=10 (full 3):
 PSYoungGen      total 560640K, used 560639K [0x00000000d5580000, 0x0000000100000000, 0x0000000100000000)
  eden space 510976K, 100% used [0x00000000d5580000,0x00000000f4880000,0x00000000f4880000)
  from space 49664K, 99% used [0x00000000f9a80000,0x00000000fcaffc58,0x00000000fcb00000)
  to   space 83968K, 0% used [0x00000000f4880000,0x00000000f4880000,0x00000000f9a80000)
 ParOldGen       total 1398272K, used 60132K [0x0000000080000000, 0x00000000d5580000, 0x00000000d5580000)
  object space 1398272K, 4% used [0x0000000080000000,0x0000000083ab90f8,0x00000000d5580000)
 Metaspace       used 72409K, capacity 75142K, committed 75392K, reserved 1116160K
  class space    used 8017K, capacity 8519K, committed 8576K, reserved 1048576K
Event: 384.246 GC heap after
Heap after GC invocations=10 (full 3):
 PSYoungGen      total 594944K, used 80989K [0x00000000d5580000, 0x0000000100000000, 0x0000000100000000)
  eden space 510976K, 0% used [0x00000000d5580000,0x00000000d5580000,0x00000000f4880000)
  from space 83968K, 96% used [0x00000000f4880000,0x00000000f9797638,0x00000000f9a80000)
  to   space 99328K, 0% used [0x00000000f9f00000,0x00000000f9f00000,0x0000000100000000)
 ParOldGen       total 1398272K, used 60140K [0x0000000080000000, 0x00000000d5580000, 0x00000000d5580000)
  object space 1398272K, 4% used [0x0000000080000000,0x0000000083abb0f8,0x00000000d5580000)
 Metaspace       used 72409K, capacity 75142K, committed 75392K, reserved 1116160K
  class space    used 8017K, capacity 8519K, committed 8576K, reserved 1048576K
}
Event: 532.905 GC heap before
{Heap before GC invocations=11 (full 3):
 PSYoungGen      total 594944K, used 591965K [0x00000000d5580000, 0x0000000100000000, 0x0000000100000000)
  eden space 510976K, 100% used [0x00000000d5580000,0x00000000f4880000,0x00000000f4880000)
  from space 83968K, 96% used [0x00000000f4880000,0x00000000f9797638,0x00000000f9a80000)
  to   space 99328K, 0% used [0x00000000f9f00000,0x00000000f9f00000,0x0000000100000000)
 ParOldGen       total 1398272K, used 60140K [0x0000000080000000, 0x00000000d5580000, 0x00000000d5580000)
  object space 1398272K, 4% used [0x0000000080000000,0x0000000083abb0f8,0x00000000d5580000)
 Metaspace       used 72865K, capacity 75750K, committed 75904K, reserved 1116160K
  class space    used 8021K, capacity 8525K, committed 8576K, reserved 1048576K
Event: 533.054 GC heap after
Heap after GC invocations=11 (full 3):
 PSYoungGen      total 584192K, used 76385K [0x00000000d5580000, 0x0000000100000000, 0x0000000100000000)
  eden space 484864K, 0% used [0x00000000d5580000,0x00000000d5580000,0x00000000f2f00000)
  from space 99328K, 76% used [0x00000000f9f00000,0x00000000fe998498,0x0000000100000000)
  to   space 107008K, 0% used [0x00000000f2f00000,0x00000000f2f00000,0x00000000f9780000)
 ParOldGen       total 1398272K, used 60148K [0x0000000080000000, 0x00000000d5580000, 0x00000000d5580000)
  object space 1398272K, 4% used [0x0000000080000000,0x0000000083abd0f8,0x00000000d5580000)
 Metaspace       used 72865K, capacity 75750K, committed 75904K, reserved 1116160K
  class space    used 8021K, capacity 8525K, committed 8576K, reserved 1048576K
}
Event: 662.905 GC heap before
{Heap before GC invocations=12 (full 3):
 PSYoungGen      total 584192K, used 561249K [0x00000000d5580000, 0x0000000100000000, 0x0000000100000000)
  eden space 484864K, 100% used [0x00000000d5580000,0x00000000f2f00000,0x00000000f2f00000)
  from space 99328K, 76% used [0x00000000f9f00000,0x00000000fe998498,0x0000000100000000)
  to   space 107008K, 0% used [0x00000000f2f00000,0x00000000f2f00000,0x00000000f9780000)
 ParOldGen       total 1398272K, used 60148K [0x0000000080000000, 0x00000000d5580000, 0x00000000d5580000)
  object space 1398272K, 4% used [0x0000000080000000,0x0000000083abd0f8,0x00000000d5580000)
 Metaspace       used 73192K, capacity 76000K, committed 76160K, reserved 1116160K
  class space    used 8034K, capacity 8532K, committed 8576K, reserved 1048576K
Event: 663.036 GC heap after
Heap after GC invocations=12 (full 3):
 PSYoungGen      total 552960K, used 73767K [0x00000000d5580000, 0x0000000100000000, 0x0000000100000000)
  eden space 478720K, 0% used [0x00000000d5580000,0x00000000d5580000,0x00000000f2900000)
  from space 74240K, 99% used [0x00000000f2f00000,0x00000000f7709f40,0x00000000f7780000)
  to   space 111104K, 0% used [0x00000000f9380000,0x00000000f9380000,0x0000000100000000)
 ParOldGen       total 1398272K, used 60156K [0x0000000080000000, 0x00000000d5580000, 0x00000000d5580000)
  object space 1398272K, 4% used [0x0000000080000000,0x0000000083abf0f8,0x00000000d5580000)
 Metaspace       used 73192K, capacity 76000K, committed 76160K, reserved 1116160K
  class space    used 8034K, capacity 8532K, committed 8576K, reserved 1048576K
}

