# JRE version: OpenJDK Runtime Environment (8.0_212-b04) (build 1.8.0_212-b04)
# Java VM: OpenJDK 64-Bit Server VM (25.212-b04 mixed mode linux-amd64 compressed oops)
Heap:
 PSYoungGen      total 358400K, used 229365K [0x00000000d5580000, 0x00000000f3780000, 0x0000000100000000)
  eden space 231424K, 62% used [0x00000000d5580000,0x00000000de2ad730,0x00000000e3780000)
  from space 126976K, 66% used [0x00000000ebb80000,0x00000000f0e50030,0x00000000f3780000)
  to   space 131072K, 0% used [0x00000000e3780000,0x00000000e3780000,0x00000000eb780000)
 ParOldGen       total 1398272K, used 321092K [0x0000000080000000, 0x00000000d5580000, 0x00000000d5580000)
  object space 1398272K, 22% used [0x0000000080000000,0x0000000093991368,0x00000000d5580000)
 Metaspace       used 69731K, capacity 73066K, committed 73344K, reserved 1114112K
  class space    used 7625K, capacity 8219K, committed 8320K, reserved 1048576K
GC Heap History (10 events):
Event: 691.646 GC heap before
{Heap before GC invocations=23 (full 3):
 PSYoungGen      total 338432K, used 338160K [0x00000000d5580000, 0x00000000f5c00000, 0x0000000100000000)
  eden space 239104K, 99% used [0x00000000d5580000,0x00000000e3efffd0,0x00000000e3f00000)
  from space 99328K, 99% used [0x00000000e4080000,0x00000000ea13c040,0x00000000ea180000)
  to   space 145920K, 0% used [0x00000000ecd80000,0x00000000ecd80000,0x00000000f5c00000)
 ParOldGen       total 1398272K, used 317752K [0x0000000080000000, 0x00000000d5580000, 0x00000000d5580000)
  object space 1398272K, 22% used [0x0000000080000000,0x000000009364e028,0x00000000d5580000)
 Metaspace       used 69338K, capacity 72666K, committed 72832K, reserved 1114112K
  class space    used 7624K, capacity 8219K, committed 8320K, reserved 1048576K
Event: 691.842 GC heap after
Heap after GC invocations=23 (full 3):
 PSYoungGen      total 373760K, used 90048K [0x00000000d5580000, 0x00000000f5280000, 0x0000000100000000)
  eden space 237568K, 0% used [0x00000000d5580000,0x00000000d5580000,0x00000000e3d80000)
  from space 136192K, 66% used [0x00000000ecd80000,0x00000000f2570060,0x00000000f5280000)
  to   space 141824K, 0% used [0x00000000e3d80000,0x00000000e3d80000,0x00000000ec800000)
 ParOldGen       total 1398272K, used 319252K [0x0000000080000000, 0x00000000d5580000, 0x00000000d5580000)
  object space 1398272K, 22% used [0x0000000080000000,0x00000000937c5198,0x00000000d5580000)
 Metaspace       used 69338K, capacity 72666K, committed 72832K, reserved 1114112K
  class space    used 7624K, capacity 8219K, committed 8320K, reserved 1048576K
}
Event: 722.574 GC heap before
{Heap before GC invocations=24 (full 3):
 PSYoungGen      total 373760K, used 327616K [0x00000000d5580000, 0x00000000f5280000, 0x0000000100000000)
  eden space 237568K, 100% used [0x00000000d5580000,0x00000000e3d80000,0x00000000e3d80000)
  from space 136192K, 66% used [0x00000000ecd80000,0x00000000f2570060,0x00000000f5280000)
  to   space 141824K, 0% used [0x00000000e3d80000,0x00000000e3d80000,0x00000000ec800000)
 ParOldGen       total 1398272K, used 319252K [0x0000000080000000, 0x00000000d5580000, 0x00000000d5580000)
  object space 1398272K, 22% used [0x0000000080000000,0x00000000937c5198,0x00000000d5580000)
 Metaspace       used 69546K, capacity 72858K, committed 73088K, reserved 1114112K
  class space    used 7624K, capacity 8219K, committed 8320K, reserved 1048576K
Event: 722.733 GC heap after
Heap after GC invocations=24 (full 3):
 PSYoungGen      total 323584K, used 87328K [0x00000000d5580000, 0x00000000f4b00000, 0x0000000100000000)
  eden space 236032K, 0% used [0x00000000d5580000,0x00000000d5580000,0x00000000e3c00000)
  from space 87552K, 99% used [0x00000000e3d80000,0x00000000e92c8050,0x00000000e9300000)
  to   space 138752K, 0% used [0x00000000ec380000,0x00000000ec380000,0x00000000f4b00000)
 ParOldGen       total 1398272K, used 320056K [0x0000000080000000, 0x00000000d5580000, 0x00000000d5580000)
  object space 1398272K, 22% used [0x0000000080000000,0x000000009388e238,0x00000000d5580000)
 Metaspace       used 69546K, capacity 72858K, committed 73088K, reserved 1114112K
  class space    used 7624K, capacity 8219K, committed 8320K, reserved 1048576K
}
Event: 752.662 GC heap before
{Heap before GC invocations=25 (full 3):
 PSYoungGen      total 323584K, used 323360K [0x00000000d5580000, 0x00000000f4b00000, 0x0000000100000000)
  eden space 236032K, 100% used [0x00000000d5580000,0x00000000e3c00000,0x00000000e3c00000)
  from space 87552K, 99% used [0x00000000e3d80000,0x00000000e92c8050,0x00000000e9300000)
  to   space 138752K, 0% used [0x00000000ec380000,0x00000000ec380000,0x00000000f4b00000)
 ParOldGen       total 1398272K, used 320056K [0x0000000080000000, 0x00000000d5580000, 0x00000000d5580000)
  object space 1398272K, 22% used [0x0000000080000000,0x000000009388e238,0x00000000d5580000)
 Metaspace       used 69577K, capacity 72858K, committed 73088K, reserved 1114112K
  class space    used 7624K, capacity 8219K, committed 8320K, reserved 1048576K
Event: 752.838 GC heap after
Heap after GC invocations=25 (full 3):
 PSYoungGen      total 366592K, used 82176K [0x00000000d5580000, 0x00000000f4480000, 0x0000000100000000)
  eden space 234496K, 0% used [0x00000000d5580000,0x00000000d5580000,0x00000000e3a80000)
  from space 132096K, 62% used [0x00000000ec380000,0x00000000f13c0030,0x00000000f4480000)
  to   space 136192K, 0% used [0x00000000e3a80000,0x00000000e3a80000,0x00000000ebf80000)
 ParOldGen       total 1398272K, used 320524K [0x0000000080000000, 0x00000000d5580000, 0x00000000d5580000)
  object space 1398272K, 22% used [0x0000000080000000,0x00000000939032b8,0x00000000d5580000)
 Metaspace       used 69577K, capacity 72858K, committed 73088K, reserved 1114112K
  class space    used 7624K, capacity 8219K, committed 8320K, reserved 1048576K
}
Event: 782.669 GC heap before
{Heap before GC invocations=26 (full 3):
 PSYoungGen      total 366592K, used 316672K [0x00000000d5580000, 0x00000000f4480000, 0x0000000100000000)
  eden space 234496K, 100% used [0x00000000d5580000,0x00000000e3a80000,0x00000000e3a80000)
  from space 132096K, 62% used [0x00000000ec380000,0x00000000f13c0030,0x00000000f4480000)
  to   space 136192K, 0% used [0x00000000e3a80000,0x00000000e3a80000,0x00000000ebf80000)
 ParOldGen       total 1398272K, used 320524K [0x0000000080000000, 0x00000000d5580000, 0x00000000d5580000)
  object space 1398272K, 22% used [0x0000000080000000,0x00000000939032b8,0x00000000d5580000)
 Metaspace       used 69648K, capacity 72990K, committed 73344K, reserved 1114112K
  class space    used 7625K, capacity 8219K, committed 8320K, reserved 1048576K
Event: 782.847 GC heap after
Heap after GC invocations=26 (full 3):
 PSYoungGen      total 317440K, used 84160K [0x00000000d5580000, 0x00000000f3e00000, 0x0000000100000000)
  eden space 232960K, 0% used [0x00000000d5580000,0x00000000d5580000,0x00000000e3900000)
  from space 84480K, 99% used [0x00000000e3a80000,0x00000000e8cb0040,0x00000000e8d00000)
  to   space 133632K, 0% used [0x00000000ebb80000,0x00000000ebb80000,0x00000000f3e00000)
 ParOldGen       total 1398272K, used 320716K [0x0000000080000000, 0x00000000d5580000, 0x00000000d5580000)
  object space 1398272K, 22% used [0x0000000080000000,0x00000000939332e8,0x00000000d5580000)
 Metaspace       used 69648K, capacity 72990K, committed 73344K, reserved 1114112K
  class space    used 7625K, capacity 8219K, committed 8320K, reserved 1048576K
}
Event: 812.583 GC heap before
{Heap before GC invocations=27 (full 3):
 PSYoungGen      total 317440K, used 317120K [0x00000000d5580000, 0x00000000f3e00000, 0x0000000100000000)
  eden space 232960K, 100% used [0x00000000d5580000,0x00000000e3900000,0x00000000e3900000)
  from space 84480K, 99% used [0x00000000e3a80000,0x00000000e8cb0040,0x00000000e8d00000)
  to   space 133632K, 0% used [0x00000000ebb80000,0x00000000ebb80000,0x00000000f3e00000)
 ParOldGen       total 1398272K, used 320716K [0x0000000080000000, 0x00000000d5580000, 0x00000000d5580000)
  object space 1398272K, 22% used [0x0000000080000000,0x00000000939332e8,0x00000000d5580000)
 Metaspace       used 69717K, capacity 73066K, committed 73344K, reserved 1114112K
  class space    used 7625K, capacity 8219K, committed 8320K, reserved 1048576K
Event: 812.766 GC heap after
Heap after GC invocations=27 (full 3):
 PSYoungGen      total 358400K, used 84800K [0x00000000d5580000, 0x00000000f3780000, 0x0000000100000000)
  eden space 231424K, 0% used [0x00000000d5580000,0x00000000d5580000,0x00000000e3780000)
  from space 126976K, 66% used [0x00000000ebb80000,0x00000000f0e50030,0x00000000f3780000)
  to   space 131072K, 0% used [0x00000000e3780000,0x00000000e3780000,0x00000000eb780000)
 ParOldGen       total 1398272K, used 321092K [0x0000000080000000, 0x00000000d5580000, 0x00000000d5580000)
  object space 1398272K, 22% used [0x0000000080000000,0x0000000093991368,0x00000000d5580000)
 Metaspace       used 69717K, capacity 73066K, committed 73344K, reserved 1114112K
  class space    used 7625K, capacity 8219K, committed 8320K, reserved 1048576K
}

