# JRE version: OpenJDK Runtime Environment (8.0_212-b04) (build 1.8.0_212-b04)
# Java VM: OpenJDK 64-Bit Server VM (25.212-b04 mixed mode linux-amd64 compressed oops)
Heap:
 PSYoungGen      total 562688K, used 471561K [0x00000000d5580000, 0x00000000ffd80000, 0x0000000100000000)
  eden space 497664K, 81% used [0x00000000d5580000,0x00000000ee2a8d88,0x00000000f3b80000)
  from space 65024K, 99% used [0x00000000f4200000,0x00000000f81597c8,0x00000000f8180000)
  to   space 99328K, 0% used [0x00000000f9c80000,0x00000000f9c80000,0x00000000ffd80000)
 ParOldGen       total 1398272K, used 53525K [0x0000000080000000, 0x00000000d5580000, 0x00000000d5580000)
  object space 1398272K, 3% used [0x0000000080000000,0x00000000834457f8,0x00000000d5580000)
 Metaspace       used 68644K, capacity 71719K, committed 71936K, reserved 1114112K
  class space    used 7569K, capacity 8120K, committed 8192K, reserved 1048576K
GC Heap History (10 events):
Event: 238.658 GC heap before
{Heap before GC invocations=10 (full 3):
 PSYoungGen      total 552960K, used 552949K [0x00000000d5580000, 0x0000000100000000, 0x0000000100000000)
  eden space 509440K, 100% used [0x00000000d5580000,0x00000000f4700000,0x00000000f4700000)
  from space 43520K, 99% used [0x00000000f8680000,0x00000000fb0fd798,0x00000000fb100000)
  to   space 65024K, 0% used [0x00000000f4700000,0x00000000f4700000,0x00000000f8680000)
 ParOldGen       total 1398272K, used 53485K [0x0000000080000000, 0x00000000d5580000, 0x00000000d5580000)
  object space 1398272K, 3% used [0x0000000080000000,0x000000008343b7f8,0x00000000d5580000)
 Metaspace       used 67241K, capacity 70129K, committed 70272K, reserved 1112064K
  class space    used 7520K, capacity 8037K, committed 8064K, reserved 1048576K
Event: 238.825 GC heap after
Heap after GC invocations=10 (full 3):
 PSYoungGen      total 574464K, used 62997K [0x00000000d5580000, 0x0000000100000000, 0x0000000100000000)
  eden space 509440K, 0% used [0x00000000d5580000,0x00000000d5580000,0x00000000f4700000)
  from space 65024K, 96% used [0x00000000f4700000,0x00000000f8485778,0x00000000f8680000)
  to   space 75776K, 0% used [0x00000000fb600000,0x00000000fb600000,0x0000000100000000)
 ParOldGen       total 1398272K, used 53493K [0x0000000080000000, 0x00000000d5580000, 0x00000000d5580000)
  object space 1398272K, 3% used [0x0000000080000000,0x000000008343d7f8,0x00000000d5580000)
 Metaspace       used 67241K, capacity 70129K, committed 70272K, reserved 1112064K
  class space    used 7520K, capacity 8037K, committed 8064K, reserved 1048576K
}
Event: 322.998 GC heap before
{Heap before GC invocations=11 (full 3):
 PSYoungGen      total 574464K, used 572437K [0x00000000d5580000, 0x0000000100000000, 0x0000000100000000)
  eden space 509440K, 100% used [0x00000000d5580000,0x00000000f4700000,0x00000000f4700000)
  from space 65024K, 96% used [0x00000000f4700000,0x00000000f8485778,0x00000000f8680000)
  to   space 75776K, 0% used [0x00000000fb600000,0x00000000fb600000,0x0000000100000000)
 ParOldGen       total 1398272K, used 53493K [0x0000000080000000, 0x00000000d5580000, 0x00000000d5580000)
  object space 1398272K, 3% used [0x0000000080000000,0x000000008343d7f8,0x00000000d5580000)
 Metaspace       used 67557K, capacity 70579K, committed 70912K, reserved 1112064K
  class space    used 7537K, capacity 8068K, committed 8192K, reserved 1048576K
Event: 323.178 GC heap after
Heap after GC invocations=11 (full 3):
 PSYoungGen      total 605696K, used 68005K [0x00000000d5580000, 0x0000000100000000, 0x0000000100000000)
  eden space 529920K, 0% used [0x00000000d5580000,0x00000000d5580000,0x00000000f5b00000)
  from space 75776K, 89% used [0x00000000fb600000,0x00000000ff869788,0x0000000100000000)
  to   space 84480K, 0% used [0x00000000f5b00000,0x00000000f5b00000,0x00000000fad80000)
 ParOldGen       total 1398272K, used 53501K [0x0000000080000000, 0x00000000d5580000, 0x00000000d5580000)
  object space 1398272K, 3% used [0x0000000080000000,0x000000008343f7f8,0x00000000d5580000)
 Metaspace       used 67557K, capacity 70579K, committed 70912K, reserved 1112064K
  class space    used 7537K, capacity 8068K, committed 8192K, reserved 1048576K
}
Event: 412.849 GC heap before
{Heap before GC invocations=12 (full 3):
 PSYoungGen      total 605696K, used 597925K [0x00000000d5580000, 0x0000000100000000, 0x0000000100000000)
  eden space 529920K, 100% used [0x00000000d5580000,0x00000000f5b00000,0x00000000f5b00000)
  from space 75776K, 89% used [0x00000000fb600000,0x00000000ff869788,0x0000000100000000)
  to   space 84480K, 0% used [0x00000000f5b00000,0x00000000f5b00000,0x00000000fad80000)
 ParOldGen       total 1398272K, used 53501K [0x0000000080000000, 0x00000000d5580000, 0x00000000d5580000)
  object space 1398272K, 3% used [0x0000000080000000,0x000000008343f7f8,0x00000000d5580000)
 Metaspace       used 67923K, capacity 70887K, committed 71168K, reserved 1112064K
  class space    used 7541K, capacity 8074K, committed 8192K, reserved 1048576K
Event: 413.010 GC heap after
Heap after GC invocations=12 (full 3):
 PSYoungGen      total 603648K, used 73319K [0x00000000d5580000, 0x0000000100000000, 0x0000000100000000)
  eden space 529920K, 0% used [0x00000000d5580000,0x00000000d5580000,0x00000000f5b00000)
  from space 73728K, 99% used [0x00000000f5b00000,0x00000000fa299d88,0x00000000fa300000)
  to   space 93184K, 0% used [0x00000000fa500000,0x00000000fa500000,0x0000000100000000)
 ParOldGen       total 1398272K, used 53509K [0x0000000080000000, 0x00000000d5580000, 0x00000000d5580000)
  object space 1398272K, 3% used [0x0000000080000000,0x00000000834417f8,0x00000000d5580000)
 Metaspace       used 67923K, capacity 70887K, committed 71168K, reserved 1112064K
  class space    used 7541K, capacity 8074K, committed 8192K, reserved 1048576K
}
Event: 501.202 GC heap before
{Heap before GC invocations=13 (full 3):
 PSYoungGen      total 603648K, used 603239K [0x00000000d5580000, 0x0000000100000000, 0x0000000100000000)
  eden space 529920K, 100% used [0x00000000d5580000,0x00000000f5b00000,0x00000000f5b00000)
  from space 73728K, 99% used [0x00000000f5b00000,0x00000000fa299d88,0x00000000fa300000)
  to   space 93184K, 0% used [0x00000000fa500000,0x00000000fa500000,0x0000000100000000)
 ParOldGen       total 1398272K, used 53509K [0x0000000080000000, 0x00000000d5580000, 0x00000000d5580000)
  object space 1398272K, 3% used [0x0000000080000000,0x00000000834417f8,0x00000000d5580000)
 Metaspace       used 68068K, capacity 71083K, committed 71424K, reserved 1112064K
  class space    used 7542K, capacity 8074K, committed 8192K, reserved 1048576K
Event: 501.380 GC heap after
Heap after GC invocations=13 (full 3):
 PSYoungGen      total 597504K, used 69013K [0x00000000d5580000, 0x0000000100000000, 0x0000000100000000)
  eden space 504320K, 0% used [0x00000000d5580000,0x00000000d5580000,0x00000000f4200000)
  from space 93184K, 74% used [0x00000000fa500000,0x00000000fe8657a8,0x0000000100000000)
  to   space 97280K, 0% used [0x00000000f4200000,0x00000000f4200000,0x00000000fa100000)
 ParOldGen       total 1398272K, used 53517K [0x0000000080000000, 0x00000000d5580000, 0x00000000d5580000)
  object space 1398272K, 3% used [0x0000000080000000,0x00000000834437f8,0x00000000d5580000)
 Metaspace       used 68068K, capacity 71083K, committed 71424K, reserved 1112064K
  class space    used 7542K, capacity 8074K, committed 8192K, reserved 1048576K
}
Event: 583.102 GC heap before
{Heap before GC invocations=14 (full 3):
 PSYoungGen      total 597504K, used 573333K [0x00000000d5580000, 0x0000000100000000, 0x0000000100000000)
  eden space 504320K, 100% used [0x00000000d5580000,0x00000000f4200000,0x00000000f4200000)
  from space 93184K, 74% used [0x00000000fa500000,0x00000000fe8657a8,0x0000000100000000)
  to   space 97280K, 0% used [0x00000000f4200000,0x00000000f4200000,0x00000000fa100000)
 ParOldGen       total 1398272K, used 53517K [0x0000000080000000, 0x00000000d5580000, 0x00000000d5580000)
  object space 1398272K, 3% used [0x0000000080000000,0x00000000834437f8,0x00000000d5580000)
 Metaspace       used 68328K, capacity 71287K, committed 71424K, reserved 1112064K
  class space    used 7548K, capacity 8074K, committed 8192K, reserved 1048576K
Event: 583.271 GC heap after
Heap after GC invocations=14 (full 3):
 PSYoungGen      total 562688K, used 64869K [0x00000000d5580000, 0x00000000ffd80000, 0x0000000100000000)
  eden space 497664K, 0% used [0x00000000d5580000,0x00000000d5580000,0x00000000f3b80000)
  from space 65024K, 99% used [0x00000000f4200000,0x00000000f81597c8,0x00000000f8180000)
  to   space 99328K, 0% used [0x00000000f9c80000,0x00000000f9c80000,0x00000000ffd80000)
 ParOldGen       total 1398272K, used 53525K [0x0000000080000000, 0x00000000d5580000, 0x00000000d5580000)
  object space 1398272K, 3% used [0x0000000080000000,0x00000000834457f8,0x00000000d5580000)
 Metaspace       used 68328K, capacity 71287K, committed 71424K, reserved 1112064K
  class space    used 7548K, capacity 8074K, committed 8192K, reserved 1048576K
}

