# JRE version: OpenJDK Runtime Environment (8.0_212-b04) (build 1.8.0_212-b04)
# Java VM: OpenJDK 64-Bit Server VM (25.212-b04 mixed mode linux-amd64 compressed oops)
Heap:
 PSYoungGen      total 480768K, used 453986K [0x00000000d5580000, 0x0000000100000000, 0x0000000100000000)
  eden space 393728K, 93% used [0x00000000d5580000,0x00000000ebbd8e88,0x00000000ed600000)
  from space 87040K, 99% used [0x00000000fab00000,0x00000000fffffd40,0x0000000100000000)
  to   space 152576K, 0% used [0x00000000ed600000,0x00000000ed600000,0x00000000f6b00000)
 ParOldGen       total 1398272K, used 116587K [0x0000000080000000, 0x00000000d5580000, 0x00000000d5580000)
  object space 1398272K, 8% used [0x0000000080000000,0x00000000871dac48,0x00000000d5580000)
 Metaspace       used 68051K, capacity 70962K, committed 71040K, reserved 1112064K
  class space    used 7533K, capacity 8023K, committed 8064K, reserved 1048576K
GC Heap History (10 events):
Event: 11.871 GC heap before
{Heap before GC invocations=5 (full 2):
 PSYoungGen      total 611840K, used 441638K [0x00000000d5580000, 0x0000000100000000, 0x0000000100000000)
  eden space 524800K, 84% used [0x00000000d5580000,0x00000000f04c99f0,0x00000000f5600000)
  from space 87040K, 0% used [0x00000000fab00000,0x00000000fab00000,0x0000000100000000)
  to   space 87040K, 0% used [0x00000000f5600000,0x00000000f5600000,0x00000000fab00000)
 ParOldGen       total 1398272K, used 23662K [0x0000000080000000, 0x00000000d5580000, 0x00000000d5580000)
  object space 1398272K, 1% used [0x0000000080000000,0x000000008171b8a8,0x00000000d5580000)
 Metaspace       used 57415K, capacity 58886K, committed 59008K, reserved 1101824K
  class space    used 6652K, capacity 6947K, committed 7040K, reserved 1048576K
Event: 11.919 GC heap after
Heap after GC invocations=5 (full 2):
 PSYoungGen      total 611840K, used 31668K [0x00000000d5580000, 0x0000000100000000, 0x0000000100000000)
  eden space 524800K, 0% used [0x00000000d5580000,0x00000000d5580000,0x00000000f5600000)
  from space 87040K, 36% used [0x00000000f5600000,0x00000000f74ed350,0x00000000fab00000)
  to   space 87040K, 0% used [0x00000000fab00000,0x00000000fab00000,0x0000000100000000)
 ParOldGen       total 1398272K, used 23670K [0x0000000080000000, 0x00000000d5580000, 0x00000000d5580000)
  object space 1398272K, 1% used [0x0000000080000000,0x000000008171d8a8,0x00000000d5580000)
 Metaspace       used 57415K, capacity 58886K, committed 59008K, reserved 1101824K
  class space    used 6652K, capacity 6947K, committed 7040K, reserved 1048576K
}
Event: 11.919 GC heap before
{Heap before GC invocations=6 (full 3):
 PSYoungGen      total 611840K, used 31668K [0x00000000d5580000, 0x0000000100000000, 0x0000000100000000)
  eden space 524800K, 0% used [0x00000000d5580000,0x00000000d5580000,0x00000000f5600000)
  from space 87040K, 36% used [0x00000000f5600000,0x00000000f74ed350,0x00000000fab00000)
  to   space 87040K, 0% used [0x00000000fab00000,0x00000000fab00000,0x0000000100000000)
 ParOldGen       total 1398272K, used 23670K [0x0000000080000000, 0x00000000d5580000, 0x00000000d5580000)
  object space 1398272K, 1% used [0x0000000080000000,0x000000008171d8a8,0x00000000d5580000)
 Metaspace       used 57415K, capacity 58886K, committed 59008K, reserved 1101824K
  class space    used 6652K, capacity 6947K, committed 7040K, reserved 1048576K
Event: 12.161 GC heap after
Heap after GC invocations=6 (full 3):
 PSYoungGen      total 611840K, used 0K [0x00000000d5580000, 0x0000000100000000, 0x0000000100000000)
  eden space 524800K, 0% used [0x00000000d5580000,0x00000000d5580000,0x00000000f5600000)
  from space 87040K, 0% used [0x00000000f5600000,0x00000000f5600000,0x00000000fab00000)
  to   space 87040K, 0% used [0x00000000fab00000,0x00000000fab00000,0x0000000100000000)
 ParOldGen       total 1398272K, used 42261K [0x0000000080000000, 0x00000000d5580000, 0x00000000d5580000)
  object space 1398272K, 3% used [0x0000000080000000,0x00000000829456b8,0x00000000d5580000)
 Metaspace       used 57388K, capacity 58826K, committed 59008K, reserved 1101824K
  class space    used 6643K, capacity 6931K, committed 7040K, reserved 1048576K
}
Event: 109.480 GC heap before
{Heap before GC invocations=7 (full 3):
 PSYoungGen      total 611840K, used 524258K [0x00000000d5580000, 0x0000000100000000, 0x0000000100000000)
  eden space 524800K, 99% used [0x00000000d5580000,0x00000000f5578b98,0x00000000f5600000)
  from space 87040K, 0% used [0x00000000f5600000,0x00000000f5600000,0x00000000fab00000)
  to   space 87040K, 0% used [0x00000000fab00000,0x00000000fab00000,0x0000000100000000)
 ParOldGen       total 1398272K, used 42261K [0x0000000080000000, 0x00000000d5580000, 0x00000000d5580000)
  object space 1398272K, 3% used [0x0000000080000000,0x00000000829456b8,0x00000000d5580000)
 Metaspace       used 66045K, capacity 68724K, committed 68992K, reserved 1110016K
  class space    used 7495K, capacity 7974K, committed 8064K, reserved 1048576K
Event: 109.598 GC heap after
Heap after GC invocations=7 (full 3):
 PSYoungGen      total 611840K, used 61363K [0x00000000d5580000, 0x0000000100000000, 0x0000000100000000)
  eden space 524800K, 0% used [0x00000000d5580000,0x00000000d5580000,0x00000000f5600000)
  from space 87040K, 70% used [0x00000000fab00000,0x00000000fe6eccb8,0x0000000100000000)
  to   space 87040K, 0% used [0x00000000f5600000,0x00000000f5600000,0x00000000fab00000)
 ParOldGen       total 1398272K, used 42269K [0x0000000080000000, 0x00000000d5580000, 0x00000000d5580000)
  object space 1398272K, 3% used [0x0000000080000000,0x00000000829476b8,0x00000000d5580000)
 Metaspace       used 66045K, capacity 68724K, committed 68992K, reserved 1110016K
  class space    used 7495K, capacity 7974K, committed 8064K, reserved 1048576K
}
Event: 232.790 GC heap before
{Heap before GC invocations=8 (full 3):
 PSYoungGen      total 611840K, used 586163K [0x00000000d5580000, 0x0000000100000000, 0x0000000100000000)
  eden space 524800K, 100% used [0x00000000d5580000,0x00000000f5600000,0x00000000f5600000)
  from space 87040K, 70% used [0x00000000fab00000,0x00000000fe6eccb8,0x0000000100000000)
  to   space 87040K, 0% used [0x00000000f5600000,0x00000000f5600000,0x00000000fab00000)
 ParOldGen       total 1398272K, used 42269K [0x0000000080000000, 0x00000000d5580000, 0x00000000d5580000)
  object space 1398272K, 3% used [0x0000000080000000,0x00000000829476b8,0x00000000d5580000)
 Metaspace       used 67066K, capacity 69892K, committed 70016K, reserved 1112064K
  class space    used 7519K, capacity 8002K, committed 8064K, reserved 1048576K
Event: 232.940 GC heap after
Heap after GC invocations=8 (full 3):
 PSYoungGen      total 611840K, used 87019K [0x00000000d5580000, 0x0000000100000000, 0x0000000100000000)
  eden space 524800K, 0% used [0x00000000d5580000,0x00000000d5580000,0x00000000f5600000)
  from space 87040K, 99% used [0x00000000f5600000,0x00000000faafaf10,0x00000000fab00000)
  to   space 87040K, 0% used [0x00000000fab00000,0x00000000fab00000,0x0000000100000000)
 ParOldGen       total 1398272K, used 54365K [0x0000000080000000, 0x00000000d5580000, 0x00000000d5580000)
  object space 1398272K, 3% used [0x0000000080000000,0x00000000835176b8,0x00000000d5580000)
 Metaspace       used 67066K, capacity 69892K, committed 70016K, reserved 1112064K
  class space    used 7519K, capacity 8002K, committed 8064K, reserved 1048576K
}
Event: 362.647 GC heap before
{Heap before GC invocations=9 (full 3):
 PSYoungGen      total 611840K, used 611819K [0x00000000d5580000, 0x0000000100000000, 0x0000000100000000)
  eden space 524800K, 100% used [0x00000000d5580000,0x00000000f5600000,0x00000000f5600000)
  from space 87040K, 99% used [0x00000000f5600000,0x00000000faafaf10,0x00000000fab00000)
  to   space 87040K, 0% used [0x00000000fab00000,0x00000000fab00000,0x0000000100000000)
 ParOldGen       total 1398272K, used 54365K [0x0000000080000000, 0x00000000d5580000, 0x00000000d5580000)
  object space 1398272K, 3% used [0x0000000080000000,0x00000000835176b8,0x00000000d5580000)
 Metaspace       used 67641K, capacity 70434K, committed 70528K, reserved 1112064K
  class space    used 7530K, capacity 8017K, committed 8064K, reserved 1048576K
Event: 362.873 GC heap after
Heap after GC invocations=9 (full 3):
 PSYoungGen      total 480768K, used 87039K [0x00000000d5580000, 0x0000000100000000, 0x0000000100000000)
  eden space 393728K, 0% used [0x00000000d5580000,0x00000000d5580000,0x00000000ed600000)
  from space 87040K, 99% used [0x00000000fab00000,0x00000000fffffd40,0x0000000100000000)
  to   space 152576K, 0% used [0x00000000ed600000,0x00000000ed600000,0x00000000f6b00000)
 ParOldGen       total 1398272K, used 116587K [0x0000000080000000, 0x00000000d5580000, 0x00000000d5580000)
  object space 1398272K, 8% used [0x0000000080000000,0x00000000871dac48,0x00000000d5580000)
 Metaspace       used 67641K, capacity 70434K, committed 70528K, reserved 1112064K
  class space    used 7530K, capacity 8017K, committed 8064K, reserved 1048576K
}

