# JRE version: OpenJDK Runtime Environment (8.0_212-b04) (build 1.8.0_212-b04)
# Java VM: OpenJDK 64-Bit Server VM (25.212-b04 mixed mode linux-amd64 compressed oops)
Heap:
 PSYoungGen      total 456704K, used 393456K [0x00000000d5580000, 0x0000000100000000, 0x0000000100000000)
  eden space 332288K, 81% used [0x00000000d5580000,0x00000000e5caea40,0x00000000e9a00000)
  from space 124416K, 99% used [0x00000000e9a00000,0x00000000f130d770,0x00000000f1380000)
  to   space 189952K, 0% used [0x00000000f4680000,0x00000000f4680000,0x0000000100000000)
 ParOldGen       total 1398272K, used 135592K [0x0000000080000000, 0x00000000d5580000, 0x00000000d5580000)
  object space 1398272K, 9% used [0x0000000080000000,0x000000008846a310,0x00000000d5580000)
 Metaspace       used 80159K, capacity 83233K, committed 83456K, reserved 1122304K
  class space    used 9111K, capacity 9635K, committed 9728K, reserved 1048576K
GC Heap History (10 events):
Event: 76.165 GC heap before
{Heap before GC invocations=10 (full 3):
 PSYoungGen      total 485888K, used 485875K [0x00000000d5580000, 0x0000000100000000, 0x0000000100000000)
  eden space 431616K, 99% used [0x00000000d5580000,0x00000000efaff640,0x00000000efb00000)
  from space 54272K, 99% used [0x00000000fab00000,0x00000000fdffd7d0,0x00000000fe000000)
  to   space 133632K, 0% used [0x00000000efb00000,0x00000000efb00000,0x00000000f7d80000)
 ParOldGen       total 1398272K, used 135568K [0x0000000080000000, 0x00000000d5580000, 0x00000000d5580000)
  object space 1398272K, 9% used [0x0000000080000000,0x0000000088464310,0x00000000d5580000)
 Metaspace       used 77715K, capacity 80679K, committed 80896K, reserved 1120256K
  class space    used 8891K, capacity 9428K, committed 9472K, reserved 1048576K
Event: 76.399 GC heap after
Heap after GC invocations=10 (full 3):
 PSYoungGen      total 540160K, used 108121K [0x00000000d5580000, 0x0000000100000000, 0x0000000100000000)
  eden space 431616K, 0% used [0x00000000d5580000,0x00000000d5580000,0x00000000efb00000)
  from space 108544K, 99% used [0x00000000efb00000,0x00000000f6496580,0x00000000f6500000)
  to   space 150016K, 0% used [0x00000000f6d80000,0x00000000f6d80000,0x0000000100000000)
 ParOldGen       total 1398272K, used 135576K [0x0000000080000000, 0x00000000d5580000, 0x00000000d5580000)
  object space 1398272K, 9% used [0x0000000080000000,0x0000000088466310,0x00000000d5580000)
 Metaspace       used 77715K, capacity 80679K, committed 80896K, reserved 1120256K
  class space    used 8891K, capacity 9428K, committed 9472K, reserved 1048576K
}
Event: 105.171 GC heap before
{Heap before GC invocations=11 (full 3):
 PSYoungGen      total 540160K, used 539737K [0x00000000d5580000, 0x0000000100000000, 0x0000000100000000)
  eden space 431616K, 100% used [0x00000000d5580000,0x00000000efb00000,0x00000000efb00000)
  from space 108544K, 99% used [0x00000000efb00000,0x00000000f6496580,0x00000000f6500000)
  to   space 150016K, 0% used [0x00000000f6d80000,0x00000000f6d80000,0x0000000100000000)
 ParOldGen       total 1398272K, used 135576K [0x0000000080000000, 0x00000000d5580000, 0x00000000d5580000)
  object space 1398272K, 9% used [0x0000000080000000,0x0000000088466310,0x00000000d5580000)
 Metaspace       used 77824K, capacity 80811K, committed 80896K, reserved 1120256K
  class space    used 8891K, capacity 9428K, committed 9472K, reserved 1048576K
Event: 105.447 GC heap after
Heap after GC invocations=11 (full 3):
 PSYoungGen      total 509952K, used 128949K [0x00000000d5580000, 0x0000000100000000, 0x0000000100000000)
  eden space 359936K, 0% used [0x00000000d5580000,0x00000000d5580000,0x00000000eb500000)
  from space 150016K, 85% used [0x00000000f6d80000,0x00000000feb6d750,0x0000000100000000)
  to   space 169472K, 0% used [0x00000000eb500000,0x00000000eb500000,0x00000000f5a80000)
 ParOldGen       total 1398272K, used 135584K [0x0000000080000000, 0x00000000d5580000, 0x00000000d5580000)
  object space 1398272K, 9% used [0x0000000080000000,0x0000000088468310,0x00000000d5580000)
 Metaspace       used 77824K, capacity 80811K, committed 80896K, reserved 1120256K
  class space    used 8891K, capacity 9428K, committed 9472K, reserved 1048576K
}
Event: 132.343 GC heap before
{Heap before GC invocations=12 (full 3):
 PSYoungGen      total 509952K, used 487988K [0x00000000d5580000, 0x0000000100000000, 0x0000000100000000)
  eden space 359936K, 99% used [0x00000000d5580000,0x00000000eb41fa10,0x00000000eb500000)
  from space 150016K, 85% used [0x00000000f6d80000,0x00000000feb6d750,0x0000000100000000)
  to   space 169472K, 0% used [0x00000000eb500000,0x00000000eb500000,0x00000000f5a80000)
 ParOldGen       total 1398272K, used 135584K [0x0000000080000000, 0x00000000d5580000, 0x00000000d5580000)
  object space 1398272K, 9% used [0x0000000080000000,0x0000000088468310,0x00000000d5580000)
 Metaspace       used 78210K, capacity 81177K, committed 81408K, reserved 1122304K
  class space    used 8922K, capacity 9461K, committed 9472K, reserved 1048576K
Event: 132.624 GC heap after
Heap after GC invocations=12 (full 3):
 PSYoungGen      total 482304K, used 121984K [0x00000000d5580000, 0x0000000100000000, 0x0000000100000000)
  eden space 359936K, 0% used [0x00000000d5580000,0x00000000d5580000,0x00000000eb500000)
  from space 122368K, 99% used [0x00000000eb500000,0x00000000f2c200b0,0x00000000f2c80000)
  to   space 180224K, 0% used [0x00000000f5000000,0x00000000f5000000,0x0000000100000000)
 ParOldGen       total 1398272K, used 135584K [0x0000000080000000, 0x00000000d5580000, 0x00000000d5580000)
  object space 1398272K, 9% used [0x0000000080000000,0x0000000088468310,0x00000000d5580000)
 Metaspace       used 78210K, capacity 81177K, committed 81408K, reserved 1122304K
  class space    used 8922K, capacity 9461K, committed 9472K, reserved 1048576K
}
Event: 157.165 GC heap before
{Heap before GC invocations=13 (full 3):
 PSYoungGen      total 482304K, used 481920K [0x00000000d5580000, 0x0000000100000000, 0x0000000100000000)
  eden space 359936K, 100% used [0x00000000d5580000,0x00000000eb500000,0x00000000eb500000)
  from space 122368K, 99% used [0x00000000eb500000,0x00000000f2c200b0,0x00000000f2c80000)
  to   space 180224K, 0% used [0x00000000f5000000,0x00000000f5000000,0x0000000100000000)
 ParOldGen       total 1398272K, used 135584K [0x0000000080000000, 0x00000000d5580000, 0x00000000d5580000)
  object space 1398272K, 9% used [0x0000000080000000,0x0000000088468310,0x00000000d5580000)
 Metaspace       used 78811K, capacity 81865K, committed 82048K, reserved 1122304K
  class space    used 8975K, capacity 9529K, committed 9600K, reserved 1048576K
Event: 157.397 GC heap after
Heap after GC invocations=13 (full 3):
 PSYoungGen      total 512512K, used 111287K [0x00000000d5580000, 0x0000000100000000, 0x0000000100000000)
  eden space 332288K, 0% used [0x00000000d5580000,0x00000000d5580000,0x00000000e9a00000)
  from space 180224K, 61% used [0x00000000f5000000,0x00000000fbcadd78,0x0000000100000000)
  to   space 183296K, 0% used [0x00000000e9a00000,0x00000000e9a00000,0x00000000f4d00000)
 ParOldGen       total 1398272K, used 135584K [0x0000000080000000, 0x00000000d5580000, 0x00000000d5580000)
  object space 1398272K, 9% used [0x0000000080000000,0x0000000088468310,0x00000000d5580000)
 Metaspace       used 78811K, capacity 81865K, committed 82048K, reserved 1122304K
  class space    used 8975K, capacity 9529K, committed 9600K, reserved 1048576K
}
Event: 183.604 GC heap before
{Heap before GC invocations=14 (full 3):
 PSYoungGen      total 512512K, used 443575K [0x00000000d5580000, 0x0000000100000000, 0x0000000100000000)
  eden space 332288K, 100% used [0x00000000d5580000,0x00000000e9a00000,0x00000000e9a00000)
  from space 180224K, 61% used [0x00000000f5000000,0x00000000fbcadd78,0x0000000100000000)
  to   space 183296K, 0% used [0x00000000e9a00000,0x00000000e9a00000,0x00000000f4d00000)
 ParOldGen       total 1398272K, used 135584K [0x0000000080000000, 0x00000000d5580000, 0x00000000d5580000)
  object space 1398272K, 9% used [0x0000000080000000,0x0000000088468310,0x00000000d5580000)
 Metaspace       used 78885K, capacity 81935K, committed 82048K, reserved 1122304K
  class space    used 8976K, capacity 9530K, committed 9600K, reserved 1048576K
Event: 183.854 GC heap after
Heap after GC invocations=14 (full 3):
 PSYoungGen      total 456704K, used 123957K [0x00000000d5580000, 0x0000000100000000, 0x0000000100000000)
  eden space 332288K, 0% used [0x00000000d5580000,0x00000000d5580000,0x00000000e9a00000)
  from space 124416K, 99% used [0x00000000e9a00000,0x00000000f130d770,0x00000000f1380000)
  to   space 189952K, 0% used [0x00000000f4680000,0x00000000f4680000,0x0000000100000000)
 ParOldGen       total 1398272K, used 135592K [0x0000000080000000, 0x00000000d5580000, 0x00000000d5580000)
  object space 1398272K, 9% used [0x0000000080000000,0x000000008846a310,0x00000000d5580000)
 Metaspace       used 78885K, capacity 81935K, committed 82048K, reserved 1122304K
  class space    used 8976K, capacity 9530K, committed 9600K, reserved 1048576K
}

