# JRE version: OpenJDK Runtime Environment (8.0_212-b04) (build 1.8.0_212-b04)
# Java VM: OpenJDK 64-Bit Server VM (25.212-b04 mixed mode linux-amd64 compressed oops)
Heap:
 PSYoungGen      total 611840K, used 322651K [0x00000000d5580000, 0x0000000100000000, 0x0000000100000000)
  eden space 524800K, 61% used [0x00000000d5580000,0x00000000e9096eb8,0x00000000f5600000)
  from space 87040K, 0% used [0x00000000fab00000,0x00000000fab00000,0x0000000100000000)
  to   space 87040K, 0% used [0x00000000f5600000,0x00000000f5600000,0x00000000fab00000)
 ParOldGen       total 1398272K, used 28955K [0x0000000080000000, 0x00000000d5580000, 0x00000000d5580000)
  object space 1398272K, 2% used [0x0000000080000000,0x0000000081c46d10,0x00000000d5580000)
 Metaspace       used 65448K, capacity 68354K, committed 68480K, reserved 1110016K
  class space    used 7524K, capacity 8037K, committed 8064K, reserved 1048576K
GC Heap History (10 events):
Event: 4.468 GC heap before
{Heap before GC invocations=3 (full 1):
 PSYoungGen      total 611840K, used 467081K [0x00000000d5580000, 0x0000000100000000, 0x0000000100000000)
  eden space 524800K, 89% used [0x00000000d5580000,0x00000000f1da25f8,0x00000000f5600000)
  from space 87040K, 0% used [0x00000000f5600000,0x00000000f5600000,0x00000000fab00000)
  to   space 87040K, 0% used [0x00000000fab00000,0x00000000fab00000,0x0000000100000000)
 ParOldGen       total 870400K, used 14365K [0x0000000080000000, 0x00000000b5200000, 0x00000000d5580000)
  object space 870400K, 1% used [0x0000000080000000,0x0000000080e07500,0x00000000b5200000)
 Metaspace       used 34680K, capacity 35034K, committed 35416K, reserved 1081344K
  class space    used 3954K, capacity 4061K, committed 4096K, reserved 1048576K
Event: 4.509 GC heap after
Heap after GC invocations=3 (full 1):
 PSYoungGen      total 611840K, used 18923K [0x00000000d5580000, 0x0000000100000000, 0x0000000100000000)
  eden space 524800K, 0% used [0x00000000d5580000,0x00000000d5580000,0x00000000f5600000)
  from space 87040K, 21% used [0x00000000fab00000,0x00000000fbd7ac78,0x0000000100000000)
  to   space 87040K, 0% used [0x00000000f5600000,0x00000000f5600000,0x00000000fab00000)
 ParOldGen       total 870400K, used 14373K [0x0000000080000000, 0x00000000b5200000, 0x00000000d5580000)
  object space 870400K, 1% used [0x0000000080000000,0x0000000080e09500,0x00000000b5200000)
 Metaspace       used 34680K, capacity 35034K, committed 35416K, reserved 1081344K
  class space    used 3954K, capacity 4061K, committed 4096K, reserved 1048576K
}
Event: 4.509 GC heap before
{Heap before GC invocations=4 (full 2):
 PSYoungGen      total 611840K, used 18923K [0x00000000d5580000, 0x0000000100000000, 0x0000000100000000)
  eden space 524800K, 0% used [0x00000000d5580000,0x00000000d5580000,0x00000000f5600000)
  from space 87040K, 21% used [0x00000000fab00000,0x00000000fbd7ac78,0x0000000100000000)
  to   space 87040K, 0% used [0x00000000f5600000,0x00000000f5600000,0x00000000fab00000)
 ParOldGen       total 870400K, used 14373K [0x0000000080000000, 0x00000000b5200000, 0x00000000d5580000)
  object space 870400K, 1% used [0x0000000080000000,0x0000000080e09500,0x00000000b5200000)
 Metaspace       used 34680K, capacity 35034K, committed 35416K, reserved 1081344K
  class space    used 3954K, capacity 4061K, committed 4096K, reserved 1048576K
Event: 4.627 GC heap after
Heap after GC invocations=4 (full 2):
 PSYoungGen      total 611840K, used 0K [0x00000000d5580000, 0x0000000100000000, 0x0000000100000000)
  eden space 524800K, 0% used [0x00000000d5580000,0x00000000d5580000,0x00000000f5600000)
  from space 87040K, 0% used [0x00000000fab00000,0x00000000fab00000,0x0000000100000000)
  to   space 87040K, 0% used [0x00000000f5600000,0x00000000f5600000,0x00000000fab00000)
 ParOldGen       total 1398272K, used 23582K [0x0000000080000000, 0x00000000d5580000, 0x00000000d5580000)
  object space 1398272K, 1% used [0x0000000080000000,0x0000000081707880,0x00000000d5580000)
 Metaspace       used 34680K, capacity 35034K, committed 35416K, reserved 1081344K
  class space    used 3954K, capacity 4061K, committed 4096K, reserved 1048576K
}
Event: 11.235 GC heap before
{Heap before GC invocations=5 (full 2):
 PSYoungGen      total 611840K, used 524800K [0x00000000d5580000, 0x0000000100000000, 0x0000000100000000)
  eden space 524800K, 100% used [0x00000000d5580000,0x00000000f5600000,0x00000000f5600000)
  from space 87040K, 0% used [0x00000000fab00000,0x00000000fab00000,0x0000000100000000)
  to   space 87040K, 0% used [0x00000000f5600000,0x00000000f5600000,0x00000000fab00000)
 ParOldGen       total 1398272K, used 23582K [0x0000000080000000, 0x00000000d5580000, 0x00000000d5580000)
  object space 1398272K, 1% used [0x0000000080000000,0x0000000081707880,0x00000000d5580000)
 Metaspace       used 51694K, capacity 53068K, committed 53248K, reserved 1095680K
  class space    used 6088K, capacity 6338K, committed 6400K, reserved 1048576K
Event: 11.307 GC heap after
Heap after GC invocations=5 (full 2):
 PSYoungGen      total 611840K, used 25568K [0x00000000d5580000, 0x0000000100000000, 0x0000000100000000)
  eden space 524800K, 0% used [0x00000000d5580000,0x00000000d5580000,0x00000000f5600000)
  from space 87040K, 29% used [0x00000000f5600000,0x00000000f6ef8390,0x00000000fab00000)
  to   space 87040K, 0% used [0x00000000fab00000,0x00000000fab00000,0x0000000100000000)
 ParOldGen       total 1398272K, used 23590K [0x0000000080000000, 0x00000000d5580000, 0x00000000d5580000)
  object space 1398272K, 1% used [0x0000000080000000,0x0000000081709880,0x00000000d5580000)
 Metaspace       used 51694K, capacity 53068K, committed 53248K, reserved 1095680K
  class space    used 6088K, capacity 6338K, committed 6400K, reserved 1048576K
}
Event: 12.139 GC heap before
{Heap before GC invocations=6 (full 2):
 PSYoungGen      total 611840K, used 195147K [0x00000000d5580000, 0x0000000100000000, 0x0000000100000000)
  eden space 524800K, 32% used [0x00000000d5580000,0x00000000dfb1aa28,0x00000000f5600000)
  from space 87040K, 29% used [0x00000000f5600000,0x00000000f6ef8390,0x00000000fab00000)
  to   space 87040K, 0% used [0x00000000fab00000,0x00000000fab00000,0x0000000100000000)
 ParOldGen       total 1398272K, used 23590K [0x0000000080000000, 0x00000000d5580000, 0x00000000d5580000)
  object space 1398272K, 1% used [0x0000000080000000,0x0000000081709880,0x00000000d5580000)
 Metaspace       used 57337K, capacity 58754K, committed 59008K, reserved 1101824K
  class space    used 6631K, capacity 6925K, committed 7040K, reserved 1048576K
Event: 12.173 GC heap after
Heap after GC invocations=6 (full 2):
 PSYoungGen      total 611840K, used 17323K [0x00000000d5580000, 0x0000000100000000, 0x0000000100000000)
  eden space 524800K, 0% used [0x00000000d5580000,0x00000000d5580000,0x00000000f5600000)
  from space 87040K, 19% used [0x00000000fab00000,0x00000000fbbeaef0,0x0000000100000000)
  to   space 87040K, 0% used [0x00000000f5600000,0x00000000f5600000,0x00000000fab00000)
 ParOldGen       total 1398272K, used 23598K [0x0000000080000000, 0x00000000d5580000, 0x00000000d5580000)
  object space 1398272K, 1% used [0x0000000080000000,0x000000008170b880,0x00000000d5580000)
 Metaspace       used 57337K, capacity 58754K, committed 59008K, reserved 1101824K
  class space    used 6631K, capacity 6925K, committed 7040K, reserved 1048576K
}
Event: 12.173 GC heap before
{Heap before GC invocations=7 (full 3):
 PSYoungGen      total 611840K, used 17323K [0x00000000d5580000, 0x0000000100000000, 0x0000000100000000)
  eden space 524800K, 0% used [0x00000000d5580000,0x00000000d5580000,0x00000000f5600000)
  from space 87040K, 19% used [0x00000000fab00000,0x00000000fbbeaef0,0x0000000100000000)
  to   space 87040K, 0% used [0x00000000f5600000,0x00000000f5600000,0x00000000fab00000)
 ParOldGen       total 1398272K, used 23598K [0x0000000080000000, 0x00000000d5580000, 0x00000000d5580000)
  object space 1398272K, 1% used [0x0000000080000000,0x000000008170b880,0x00000000d5580000)
 Metaspace       used 57337K, capacity 58754K, committed 59008K, reserved 1101824K
  class space    used 6631K, capacity 6925K, committed 7040K, reserved 1048576K
Event: 12.439 GC heap after
Heap after GC invocations=7 (full 3):
 PSYoungGen      total 611840K, used 0K [0x00000000d5580000, 0x0000000100000000, 0x0000000100000000)
  eden space 524800K, 0% used [0x00000000d5580000,0x00000000d5580000,0x00000000f5600000)
  from space 87040K, 0% used [0x00000000fab00000,0x00000000fab00000,0x0000000100000000)
  to   space 87040K, 0% used [0x00000000f5600000,0x00000000f5600000,0x00000000fab00000)
 ParOldGen       total 1398272K, used 28955K [0x0000000080000000, 0x00000000d5580000, 0x00000000d5580000)
  object space 1398272K, 2% used [0x0000000080000000,0x0000000081c46d10,0x00000000d5580000)
 Metaspace       used 57317K, capacity 58706K, committed 59008K, reserved 1101824K
  class space    used 6624K, capacity 6913K, committed 7040K, reserved 1048576K
}

