# JRE version: OpenJDK Runtime Environment (8.0_212-b04) (build 1.8.0_212-b04)
# Java VM: OpenJDK 64-Bit Server VM (25.212-b04 mixed mode linux-amd64 compressed oops)
Heap:
 PSYoungGen      total 611840K, used 127629K [0x00000000d5580000, 0x0000000100000000, 0x0000000100000000)
  eden space 524800K, 16% used [0x00000000d5580000,0x00000000dac2bdf8,0x00000000f5600000)
  from space 87040K, 44% used [0x00000000fab00000,0x00000000fd0f7828,0x0000000100000000)
  to   space 87040K, 0% used [0x00000000f5600000,0x00000000f5600000,0x00000000fab00000)
 ParOldGen       total 1398272K, used 44356K [0x0000000080000000, 0x00000000d5580000, 0x00000000d5580000)
  object space 1398272K, 3% used [0x0000000080000000,0x0000000082b51098,0x00000000d5580000)
 Metaspace       used 67205K, capacity 70252K, committed 70400K, reserved 1112064K
  class space    used 7642K, capacity 8190K, committed 8192K, reserved 1048576K
GC Heap History (10 events):
Event: 4.417 GC heap before
{Heap before GC invocations=3 (full 1):
 PSYoungGen      total 611840K, used 424051K [0x00000000d5580000, 0x0000000100000000, 0x0000000100000000)
  eden space 524800K, 80% used [0x00000000d5580000,0x00000000ef39cf10,0x00000000f5600000)
  from space 87040K, 0% used [0x00000000f5600000,0x00000000f5600000,0x00000000fab00000)
  to   space 87040K, 0% used [0x00000000fab00000,0x00000000fab00000,0x0000000100000000)
 ParOldGen       total 850944K, used 13732K [0x0000000080000000, 0x00000000b3f00000, 0x00000000d5580000)
  object space 850944K, 1% used [0x0000000080000000,0x0000000080d69360,0x00000000b3f00000)
 Metaspace       used 34718K, capacity 35092K, committed 35416K, reserved 1081344K
  class space    used 3960K, capacity 4060K, committed 4096K, reserved 1048576K
Event: 4.455 GC heap after
Heap after GC invocations=3 (full 1):
 PSYoungGen      total 611840K, used 19218K [0x00000000d5580000, 0x0000000100000000, 0x0000000100000000)
  eden space 524800K, 0% used [0x00000000d5580000,0x00000000d5580000,0x00000000f5600000)
  from space 87040K, 22% used [0x00000000fab00000,0x00000000fbdc4a88,0x0000000100000000)
  to   space 87040K, 0% used [0x00000000f5600000,0x00000000f5600000,0x00000000fab00000)
 ParOldGen       total 850944K, used 13732K [0x0000000080000000, 0x00000000b3f00000, 0x00000000d5580000)
  object space 850944K, 1% used [0x0000000080000000,0x0000000080d69360,0x00000000b3f00000)
 Metaspace       used 34718K, capacity 35092K, committed 35416K, reserved 1081344K
  class space    used 3960K, capacity 4060K, committed 4096K, reserved 1048576K
}
Event: 4.455 GC heap before
{Heap before GC invocations=4 (full 2):
 PSYoungGen      total 611840K, used 19218K [0x00000000d5580000, 0x0000000100000000, 0x0000000100000000)
  eden space 524800K, 0% used [0x00000000d5580000,0x00000000d5580000,0x00000000f5600000)
  from space 87040K, 22% used [0x00000000fab00000,0x00000000fbdc4a88,0x0000000100000000)
  to   space 87040K, 0% used [0x00000000f5600000,0x00000000f5600000,0x00000000fab00000)
 ParOldGen       total 850944K, used 13732K [0x0000000080000000, 0x00000000b3f00000, 0x00000000d5580000)
  object space 850944K, 1% used [0x0000000080000000,0x0000000080d69360,0x00000000b3f00000)
 Metaspace       used 34718K, capacity 35092K, committed 35416K, reserved 1081344K
  class space    used 3960K, capacity 4060K, committed 4096K, reserved 1048576K
Event: 4.580 GC heap after
Heap after GC invocations=4 (full 2):
 PSYoungGen      total 611840K, used 0K [0x00000000d5580000, 0x0000000100000000, 0x0000000100000000)
  eden space 524800K, 0% used [0x00000000d5580000,0x00000000d5580000,0x00000000f5600000)
  from space 87040K, 0% used [0x00000000fab00000,0x00000000fab00000,0x0000000100000000)
  to   space 87040K, 0% used [0x00000000f5600000,0x00000000f5600000,0x00000000fab00000)
 ParOldGen       total 1398272K, used 23554K [0x0000000080000000, 0x00000000d5580000, 0x00000000d5580000)
  object space 1398272K, 1% used [0x0000000080000000,0x0000000081700938,0x00000000d5580000)
 Metaspace       used 34718K, capacity 35092K, committed 35416K, reserved 1081344K
  class space    used 3960K, capacity 4060K, committed 4096K, reserved 1048576K
}
Event: 11.610 GC heap before
{Heap before GC invocations=5 (full 2):
 PSYoungGen      total 611840K, used 492896K [0x00000000d5580000, 0x0000000100000000, 0x0000000100000000)
  eden space 524800K, 93% used [0x00000000d5580000,0x00000000f36d81a8,0x00000000f5600000)
  from space 87040K, 0% used [0x00000000fab00000,0x00000000fab00000,0x0000000100000000)
  to   space 87040K, 0% used [0x00000000f5600000,0x00000000f5600000,0x00000000fab00000)
 ParOldGen       total 1398272K, used 23554K [0x0000000080000000, 0x00000000d5580000, 0x00000000d5580000)
  object space 1398272K, 1% used [0x0000000080000000,0x0000000081700938,0x00000000d5580000)
 Metaspace       used 57443K, capacity 58874K, committed 59028K, reserved 1101824K
  class space    used 6627K, capacity 6899K, committed 6912K, reserved 1048576K
Event: 11.694 GC heap after
Heap after GC invocations=5 (full 2):
 PSYoungGen      total 611840K, used 33803K [0x00000000d5580000, 0x0000000100000000, 0x0000000100000000)
  eden space 524800K, 0% used [0x00000000d5580000,0x00000000d5580000,0x00000000f5600000)
  from space 87040K, 38% used [0x00000000f5600000,0x00000000f7702fa0,0x00000000fab00000)
  to   space 87040K, 0% used [0x00000000fab00000,0x00000000fab00000,0x0000000100000000)
 ParOldGen       total 1398272K, used 23562K [0x0000000080000000, 0x00000000d5580000, 0x00000000d5580000)
  object space 1398272K, 1% used [0x0000000080000000,0x0000000081702938,0x00000000d5580000)
 Metaspace       used 57443K, capacity 58874K, committed 59028K, reserved 1101824K
  class space    used 6627K, capacity 6899K, committed 6912K, reserved 1048576K
}
Event: 11.694 GC heap before
{Heap before GC invocations=6 (full 3):
 PSYoungGen      total 611840K, used 33803K [0x00000000d5580000, 0x0000000100000000, 0x0000000100000000)
  eden space 524800K, 0% used [0x00000000d5580000,0x00000000d5580000,0x00000000f5600000)
  from space 87040K, 38% used [0x00000000f5600000,0x00000000f7702fa0,0x00000000fab00000)
  to   space 87040K, 0% used [0x00000000fab00000,0x00000000fab00000,0x0000000100000000)
 ParOldGen       total 1398272K, used 23562K [0x0000000080000000, 0x00000000d5580000, 0x00000000d5580000)
  object space 1398272K, 1% used [0x0000000080000000,0x0000000081702938,0x00000000d5580000)
 Metaspace       used 57443K, capacity 58874K, committed 59028K, reserved 1101824K
  class space    used 6627K, capacity 6899K, committed 6912K, reserved 1048576K
Event: 11.984 GC heap after
Heap after GC invocations=6 (full 3):
 PSYoungGen      total 611840K, used 0K [0x00000000d5580000, 0x0000000100000000, 0x0000000100000000)
  eden space 524800K, 0% used [0x00000000d5580000,0x00000000d5580000,0x00000000f5600000)
  from space 87040K, 0% used [0x00000000f5600000,0x00000000f5600000,0x00000000fab00000)
  to   space 87040K, 0% used [0x00000000fab00000,0x00000000fab00000,0x0000000100000000)
 ParOldGen       total 1398272K, used 44348K [0x0000000080000000, 0x00000000d5580000, 0x00000000d5580000)
  object space 1398272K, 3% used [0x0000000080000000,0x0000000082b4f098,0x00000000d5580000)
 Metaspace       used 57411K, capacity 58798K, committed 59028K, reserved 1101824K
  class space    used 6617K, capacity 6881K, committed 6912K, reserved 1048576K
}
Event: 48.137 GC heap before
{Heap before GC invocations=7 (full 3):
 PSYoungGen      total 611840K, used 524800K [0x00000000d5580000, 0x0000000100000000, 0x0000000100000000)
  eden space 524800K, 100% used [0x00000000d5580000,0x00000000f5600000,0x00000000f5600000)
  from space 87040K, 0% used [0x00000000f5600000,0x00000000f5600000,0x00000000fab00000)
  to   space 87040K, 0% used [0x00000000fab00000,0x00000000fab00000,0x0000000100000000)
 ParOldGen       total 1398272K, used 44348K [0x0000000080000000, 0x00000000d5580000, 0x00000000d5580000)
  object space 1398272K, 3% used [0x0000000080000000,0x0000000082b4f098,0x00000000d5580000)
 Metaspace       used 66509K, capacity 69358K, committed 69632K, reserved 1110016K
  class space    used 7620K, capacity 8153K, committed 8192K, reserved 1048576K
Event: 48.225 GC heap after
Heap after GC invocations=7 (full 3):
 PSYoungGen      total 611840K, used 38878K [0x00000000d5580000, 0x0000000100000000, 0x0000000100000000)
  eden space 524800K, 0% used [0x00000000d5580000,0x00000000d5580000,0x00000000f5600000)
  from space 87040K, 44% used [0x00000000fab00000,0x00000000fd0f7828,0x0000000100000000)
  to   space 87040K, 0% used [0x00000000f5600000,0x00000000f5600000,0x00000000fab00000)
 ParOldGen       total 1398272K, used 44356K [0x0000000080000000, 0x00000000d5580000, 0x00000000d5580000)
  object space 1398272K, 3% used [0x0000000080000000,0x0000000082b51098,0x00000000d5580000)
 Metaspace       used 66509K, capacity 69358K, committed 69632K, reserved 1110016K
  class space    used 7620K, capacity 8153K, committed 8192K, reserved 1048576K
}

