# JRE version: OpenJDK Runtime Environment (8.0_212-b04) (build 1.8.0_212-b04)
# Java VM: OpenJDK 64-Bit Server VM (25.212-b04 mixed mode linux-amd64 compressed oops)
Heap:
 PSYoungGen      total 588288K, used 189633K [0x00000000d5580000, 0x00000000fbe00000, 0x0000000100000000)
  eden space 524800K, 24% used [0x00000000d5580000,0x00000000dd105b78,0x00000000f5600000)
  from space 63488K, 99% used [0x00000000f5600000,0x00000000f93aac08,0x00000000f9400000)
  to   space 43008K, 0% used [0x00000000f9400000,0x00000000f9400000,0x00000000fbe00000)
 ParOldGen       total 1398272K, used 32366K [0x0000000080000000, 0x00000000d5580000, 0x00000000d5580000)
  object space 1398272K, 2% used [0x0000000080000000,0x0000000081f9b870,0x00000000d5580000)
 Metaspace       used 77473K, capacity 80453K, committed 80512K, reserved 1120256K
  class space    used 9000K, capacity 9541K, committed 9600K, reserved 1048576K
GC Heap History (10 events):
Event: 4.017 GC heap before
{Heap before GC invocations=4 (full 2):
 PSYoungGen      total 611840K, used 19556K [0x00000000d5580000, 0x0000000100000000, 0x0000000100000000)
  eden space 524800K, 0% used [0x00000000d5580000,0x00000000d5580000,0x00000000f5600000)
  from space 87040K, 22% used [0x00000000fab00000,0x00000000fbe193d0,0x0000000100000000)
  to   space 87040K, 0% used [0x00000000f5600000,0x00000000f5600000,0x00000000fab00000)
 ParOldGen       total 873472K, used 13491K [0x0000000080000000, 0x00000000b5500000, 0x00000000d5580000)
  object space 873472K, 1% used [0x0000000080000000,0x0000000080d2cd60,0x00000000b5500000)
 Metaspace       used 34840K, capacity 35114K, committed 35416K, reserved 1081344K
  class space    used 4202K, capacity 4321K, committed 4352K, reserved 1048576K
Event: 4.107 GC heap after
Heap after GC invocations=4 (full 2):
 PSYoungGen      total 611840K, used 0K [0x00000000d5580000, 0x0000000100000000, 0x0000000100000000)
  eden space 524800K, 0% used [0x00000000d5580000,0x00000000d5580000,0x00000000f5600000)
  from space 87040K, 0% used [0x00000000fab00000,0x00000000fab00000,0x0000000100000000)
  to   space 87040K, 0% used [0x00000000f5600000,0x00000000f5600000,0x00000000fab00000)
 ParOldGen       total 1398272K, used 24363K [0x0000000080000000, 0x00000000d5580000, 0x00000000d5580000)
  object space 1398272K, 1% used [0x0000000080000000,0x00000000817cae78,0x00000000d5580000)
 Metaspace       used 34840K, capacity 35114K, committed 35416K, reserved 1081344K
  class space    used 4202K, capacity 4321K, committed 4352K, reserved 1048576K
}
Event: 7.467 GC heap before
{Heap before GC invocations=5 (full 2):
 PSYoungGen      total 611840K, used 524800K [0x00000000d5580000, 0x0000000100000000, 0x0000000100000000)
  eden space 524800K, 100% used [0x00000000d5580000,0x00000000f5600000,0x00000000f5600000)
  from space 87040K, 0% used [0x00000000fab00000,0x00000000fab00000,0x0000000100000000)
  to   space 87040K, 0% used [0x00000000f5600000,0x00000000f5600000,0x00000000fab00000)
 ParOldGen       total 1398272K, used 24363K [0x0000000080000000, 0x00000000d5580000, 0x00000000d5580000)
  object space 1398272K, 1% used [0x0000000080000000,0x00000000817cae78,0x00000000d5580000)
 Metaspace       used 49409K, capacity 50182K, committed 50432K, reserved 1093632K
  class space    used 5869K, capacity 6053K, committed 6144K, reserved 1048576K
Event: 7.503 GC heap after
Heap after GC invocations=5 (full 2):
 PSYoungGen      total 611840K, used 21340K [0x00000000d5580000, 0x0000000100000000, 0x0000000100000000)
  eden space 524800K, 0% used [0x00000000d5580000,0x00000000d5580000,0x00000000f5600000)
  from space 87040K, 24% used [0x00000000f5600000,0x00000000f6ad7108,0x00000000fab00000)
  to   space 87040K, 0% used [0x00000000fab00000,0x00000000fab00000,0x0000000100000000)
 ParOldGen       total 1398272K, used 24371K [0x0000000080000000, 0x00000000d5580000, 0x00000000d5580000)
  object space 1398272K, 1% used [0x0000000080000000,0x00000000817cce78,0x00000000d5580000)
 Metaspace       used 49409K, capacity 50182K, committed 50432K, reserved 1093632K
  class space    used 5869K, capacity 6053K, committed 6144K, reserved 1048576K
}
Event: 11.579 GC heap before
{Heap before GC invocations=6 (full 2):
 PSYoungGen      total 611840K, used 324106K [0x00000000d5580000, 0x0000000100000000, 0x0000000100000000)
  eden space 524800K, 57% used [0x00000000d5580000,0x00000000e7d2b978,0x00000000f5600000)
  from space 87040K, 24% used [0x00000000f5600000,0x00000000f6ad7108,0x00000000fab00000)
  to   space 87040K, 0% used [0x00000000fab00000,0x00000000fab00000,0x0000000100000000)
 ParOldGen       total 1398272K, used 24371K [0x0000000080000000, 0x00000000d5580000, 0x00000000d5580000)
  object space 1398272K, 1% used [0x0000000080000000,0x00000000817cce78,0x00000000d5580000)
 Metaspace       used 57783K, capacity 58973K, committed 59028K, reserved 1101824K
  class space    used 6937K, capacity 7168K, committed 7168K, reserved 1048576K
Event: 11.611 GC heap after
Heap after GC invocations=6 (full 2):
 PSYoungGen      total 611840K, used 19815K [0x00000000d5580000, 0x0000000100000000, 0x0000000100000000)
  eden space 524800K, 0% used [0x00000000d5580000,0x00000000d5580000,0x00000000f5600000)
  from space 87040K, 22% used [0x00000000fab00000,0x00000000fbe59e48,0x0000000100000000)
  to   space 87040K, 0% used [0x00000000f5600000,0x00000000f5600000,0x00000000fab00000)
 ParOldGen       total 1398272K, used 24379K [0x0000000080000000, 0x00000000d5580000, 0x00000000d5580000)
  object space 1398272K, 1% used [0x0000000080000000,0x00000000817cee78,0x00000000d5580000)
 Metaspace       used 57783K, capacity 58973K, committed 59028K, reserved 1101824K
  class space    used 6937K, capacity 7168K, committed 7168K, reserved 1048576K
}
Event: 11.611 GC heap before
{Heap before GC invocations=7 (full 3):
 PSYoungGen      total 611840K, used 19815K [0x00000000d5580000, 0x0000000100000000, 0x0000000100000000)
  eden space 524800K, 0% used [0x00000000d5580000,0x00000000d5580000,0x00000000f5600000)
  from space 87040K, 22% used [0x00000000fab00000,0x00000000fbe59e48,0x0000000100000000)
  to   space 87040K, 0% used [0x00000000f5600000,0x00000000f5600000,0x00000000fab00000)
 ParOldGen       total 1398272K, used 24379K [0x0000000080000000, 0x00000000d5580000, 0x00000000d5580000)
  object space 1398272K, 1% used [0x0000000080000000,0x00000000817cee78,0x00000000d5580000)
 Metaspace       used 57783K, capacity 58973K, committed 59028K, reserved 1101824K
  class space    used 6937K, capacity 7168K, committed 7168K, reserved 1048576K
Event: 11.880 GC heap after
Heap after GC invocations=7 (full 3):
 PSYoungGen      total 611840K, used 0K [0x00000000d5580000, 0x0000000100000000, 0x0000000100000000)
  eden space 524800K, 0% used [0x00000000d5580000,0x00000000d5580000,0x00000000f5600000)
  from space 87040K, 0% used [0x00000000fab00000,0x00000000fab00000,0x0000000100000000)
  to   space 87040K, 0% used [0x00000000f5600000,0x00000000f5600000,0x00000000fab00000)
 ParOldGen       total 1398272K, used 32366K [0x0000000080000000, 0x00000000d5580000, 0x00000000d5580000)
  object space 1398272K, 2% used [0x0000000080000000,0x0000000081f9b870,0x00000000d5580000)
 Metaspace       used 57704K, capacity 58779K, committed 59028K, reserved 1101824K
  class space    used 6908K, capacity 7119K, committed 7168K, reserved 1048576K
}
Event: 26.629 GC heap before
{Heap before GC invocations=8 (full 3):
 PSYoungGen      total 611840K, used 524247K [0x00000000d5580000, 0x0000000100000000, 0x0000000100000000)
  eden space 524800K, 99% used [0x00000000d5580000,0x00000000f5575d80,0x00000000f5600000)
  from space 87040K, 0% used [0x00000000fab00000,0x00000000fab00000,0x0000000100000000)
  to   space 87040K, 0% used [0x00000000f5600000,0x00000000f5600000,0x00000000fab00000)
 ParOldGen       total 1398272K, used 32366K [0x0000000080000000, 0x00000000d5580000, 0x00000000d5580000)
  object space 1398272K, 2% used [0x0000000080000000,0x0000000081f9b870,0x00000000d5580000)
 Metaspace       used 76736K, capacity 79443K, committed 79616K, reserved 1120256K
  class space    used 8946K, capacity 9454K, committed 9472K, reserved 1048576K
Event: 26.715 GC heap after
Heap after GC invocations=8 (full 3):
 PSYoungGen      total 588288K, used 63147K [0x00000000d5580000, 0x00000000fbe00000, 0x0000000100000000)
  eden space 524800K, 0% used [0x00000000d5580000,0x00000000d5580000,0x00000000f5600000)
  from space 63488K, 99% used [0x00000000f5600000,0x00000000f93aac08,0x00000000f9400000)
  to   space 43008K, 0% used [0x00000000f9400000,0x00000000f9400000,0x00000000fbe00000)
 ParOldGen       total 1398272K, used 32366K [0x0000000080000000, 0x00000000d5580000, 0x00000000d5580000)
  object space 1398272K, 2% used [0x0000000080000000,0x0000000081f9b870,0x00000000d5580000)
 Metaspace       used 76736K, capacity 79443K, committed 79616K, reserved 1120256K
  class space    used 8946K, capacity 9454K, committed 9472K, reserved 1048576K
}

