# JRE version: OpenJDK Runtime Environment (8.0_212-b04) (build 1.8.0_212-b04)
# Java VM: OpenJDK 64-Bit Server VM (25.212-b04 mixed mode linux-amd64 compressed oops)
Heap:
 PSYoungGen      total 601600K, used 173131K [0x00000000d5580000, 0x0000000100000000, 0x0000000100000000)
  eden space 526336K, 18% used [0x00000000d5580000,0x00000000db57ff38,0x00000000f5780000)
  from space 75264K, 99% used [0x00000000f5780000,0x00000000fa092f10,0x00000000fa100000)
  to   space 96768K, 0% used [0x00000000fa180000,0x00000000fa180000,0x0000000100000000)
 ParOldGen       total 1398272K, used 42349K [0x0000000080000000, 0x00000000d5580000, 0x00000000d5580000)
  object space 1398272K, 3% used [0x0000000080000000,0x000000008295b448,0x00000000d5580000)
 Metaspace       used 68610K, capacity 71736K, committed 71936K, reserved 1114112K
  class space    used 7649K, capacity 8184K, committed 8192K, reserved 1048576K
GC Heap History (10 events):
Event: 13.306 GC heap before
{Heap before GC invocations=6 (full 2):
 PSYoungGen      total 611840K, used 178593K [0x00000000d5580000, 0x0000000100000000, 0x0000000100000000)
  eden space 524800K, 29% used [0x00000000d5580000,0x00000000deb28d08,0x00000000f5600000)
  from space 87040K, 29% used [0x00000000f5600000,0x00000000f6ebfa20,0x00000000fab00000)
  to   space 87040K, 0% used [0x00000000fab00000,0x00000000fab00000,0x0000000100000000)
 ParOldGen       total 1398272K, used 23557K [0x0000000080000000, 0x00000000d5580000, 0x00000000d5580000)
  object space 1398272K, 1% used [0x0000000080000000,0x0000000081701410,0x00000000d5580000)
 Metaspace       used 57240K, capacity 58892K, committed 59028K, reserved 1101824K
  class space    used 6611K, capacity 6912K, committed 6912K, reserved 1048576K
Event: 13.348 GC heap after
Heap after GC invocations=6 (full 2):
 PSYoungGen      total 611840K, used 21892K [0x00000000d5580000, 0x0000000100000000, 0x0000000100000000)
  eden space 524800K, 0% used [0x00000000d5580000,0x00000000d5580000,0x00000000f5600000)
  from space 87040K, 25% used [0x00000000fab00000,0x00000000fc0613c8,0x0000000100000000)
  to   space 87040K, 0% used [0x00000000f5600000,0x00000000f5600000,0x00000000fab00000)
 ParOldGen       total 1398272K, used 23565K [0x0000000080000000, 0x00000000d5580000, 0x00000000d5580000)
  object space 1398272K, 1% used [0x0000000080000000,0x0000000081703410,0x00000000d5580000)
 Metaspace       used 57240K, capacity 58892K, committed 59028K, reserved 1101824K
  class space    used 6611K, capacity 6912K, committed 6912K, reserved 1048576K
}
Event: 13.348 GC heap before
{Heap before GC invocations=7 (full 3):
 PSYoungGen      total 611840K, used 21892K [0x00000000d5580000, 0x0000000100000000, 0x0000000100000000)
  eden space 524800K, 0% used [0x00000000d5580000,0x00000000d5580000,0x00000000f5600000)
  from space 87040K, 25% used [0x00000000fab00000,0x00000000fc0613c8,0x0000000100000000)
  to   space 87040K, 0% used [0x00000000f5600000,0x00000000f5600000,0x00000000fab00000)
 ParOldGen       total 1398272K, used 23565K [0x0000000080000000, 0x00000000d5580000, 0x00000000d5580000)
  object space 1398272K, 1% used [0x0000000080000000,0x0000000081703410,0x00000000d5580000)
 Metaspace       used 57240K, capacity 58892K, committed 59028K, reserved 1101824K
  class space    used 6611K, capacity 6912K, committed 6912K, reserved 1048576K
Event: 13.625 GC heap after
Heap after GC invocations=7 (full 3):
 PSYoungGen      total 611840K, used 0K [0x00000000d5580000, 0x0000000100000000, 0x0000000100000000)
  eden space 524800K, 0% used [0x00000000d5580000,0x00000000d5580000,0x00000000f5600000)
  from space 87040K, 0% used [0x00000000fab00000,0x00000000fab00000,0x0000000100000000)
  to   space 87040K, 0% used [0x00000000f5600000,0x00000000f5600000,0x00000000fab00000)
 ParOldGen       total 1398272K, used 33440K [0x0000000080000000, 0x00000000d5580000, 0x00000000d5580000)
  object space 1398272K, 2% used [0x0000000080000000,0x00000000820a8140,0x00000000d5580000)
 Metaspace       used 57192K, capacity 58764K, committed 59028K, reserved 1101824K
  class space    used 6594K, capacity 6882K, committed 6912K, reserved 1048576K
}
Event: 23.905 GC heap before
{Heap before GC invocations=8 (full 3):
 PSYoungGen      total 611840K, used 524800K [0x00000000d5580000, 0x0000000100000000, 0x0000000100000000)
  eden space 524800K, 100% used [0x00000000d5580000,0x00000000f5600000,0x00000000f5600000)
  from space 87040K, 0% used [0x00000000fab00000,0x00000000fab00000,0x0000000100000000)
  to   space 87040K, 0% used [0x00000000f5600000,0x00000000f5600000,0x00000000fab00000)
 ParOldGen       total 1398272K, used 33440K [0x0000000080000000, 0x00000000d5580000, 0x00000000d5580000)
  object space 1398272K, 2% used [0x0000000080000000,0x00000000820a8140,0x00000000d5580000)
 Metaspace       used 65385K, capacity 68044K, committed 68224K, reserved 1110016K
  class space    used 7467K, capacity 7958K, committed 8064K, reserved 1048576K
Event: 24.025 GC heap after
Heap after GC invocations=8 (full 3):
 PSYoungGen      total 611840K, used 87009K [0x00000000d5580000, 0x00000000fe600000, 0x0000000100000000)
  eden space 524800K, 0% used [0x00000000d5580000,0x00000000d5580000,0x00000000f5600000)
  from space 87040K, 99% used [0x00000000f5600000,0x00000000faaf87f0,0x00000000fab00000)
  to   space 60416K, 0% used [0x00000000fab00000,0x00000000fab00000,0x00000000fe600000)
 ParOldGen       total 1398272K, used 36536K [0x0000000080000000, 0x00000000d5580000, 0x00000000d5580000)
  object space 1398272K, 2% used [0x0000000080000000,0x00000000823ae280,0x00000000d5580000)
 Metaspace       used 65385K, capacity 68044K, committed 68224K, reserved 1110016K
  class space    used 7467K, capacity 7958K, committed 8064K, reserved 1048576K
}
Event: 33.613 GC heap before
{Heap before GC invocations=9 (full 3):
 PSYoungGen      total 611840K, used 611809K [0x00000000d5580000, 0x00000000fe600000, 0x0000000100000000)
  eden space 524800K, 100% used [0x00000000d5580000,0x00000000f5600000,0x00000000f5600000)
  from space 87040K, 99% used [0x00000000f5600000,0x00000000faaf87f0,0x00000000fab00000)
  to   space 60416K, 0% used [0x00000000fab00000,0x00000000fab00000,0x00000000fe600000)
 ParOldGen       total 1398272K, used 36536K [0x0000000080000000, 0x00000000d5580000, 0x00000000d5580000)
  object space 1398272K, 2% used [0x0000000080000000,0x00000000823ae280,0x00000000d5580000)
 Metaspace       used 67018K, capacity 69968K, committed 70144K, reserved 1112064K
  class space    used 7587K, capacity 8126K, committed 8192K, reserved 1048576K
Event: 33.701 GC heap after
Heap after GC invocations=9 (full 3):
 PSYoungGen      total 586752K, used 60392K [0x00000000d5580000, 0x0000000100000000, 0x0000000100000000)
  eden space 526336K, 0% used [0x00000000d5580000,0x00000000d5580000,0x00000000f5780000)
  from space 60416K, 99% used [0x00000000fab00000,0x00000000fe5fa260,0x00000000fe600000)
  to   space 85504K, 0% used [0x00000000f5780000,0x00000000f5780000,0x00000000fab00000)
 ParOldGen       total 1398272K, used 42341K [0x0000000080000000, 0x00000000d5580000, 0x00000000d5580000)
  object space 1398272K, 3% used [0x0000000080000000,0x0000000082959448,0x00000000d5580000)
 Metaspace       used 67018K, capacity 69968K, committed 70144K, reserved 1112064K
  class space    used 7587K, capacity 8126K, committed 8192K, reserved 1048576K
}
Event: 62.226 GC heap before
{Heap before GC invocations=10 (full 3):
 PSYoungGen      total 586752K, used 586056K [0x00000000d5580000, 0x0000000100000000, 0x0000000100000000)
  eden space 526336K, 99% used [0x00000000d5580000,0x00000000f56d8050,0x00000000f5780000)
  from space 60416K, 99% used [0x00000000fab00000,0x00000000fe5fa260,0x00000000fe600000)
  to   space 85504K, 0% used [0x00000000f5780000,0x00000000f5780000,0x00000000fab00000)
 ParOldGen       total 1398272K, used 42341K [0x0000000080000000, 0x00000000d5580000, 0x00000000d5580000)
  object space 1398272K, 3% used [0x0000000080000000,0x0000000082959448,0x00000000d5580000)
 Metaspace       used 68268K, capacity 71368K, committed 71424K, reserved 1112064K
  class space    used 7635K, capacity 8176K, committed 8192K, reserved 1048576K
Event: 62.309 GC heap after
Heap after GC invocations=10 (full 3):
 PSYoungGen      total 601600K, used 74827K [0x00000000d5580000, 0x0000000100000000, 0x0000000100000000)
  eden space 526336K, 0% used [0x00000000d5580000,0x00000000d5580000,0x00000000f5780000)
  from space 75264K, 99% used [0x00000000f5780000,0x00000000fa092f10,0x00000000fa100000)
  to   space 96768K, 0% used [0x00000000fa180000,0x00000000fa180000,0x0000000100000000)
 ParOldGen       total 1398272K, used 42349K [0x0000000080000000, 0x00000000d5580000, 0x00000000d5580000)
  object space 1398272K, 3% used [0x0000000080000000,0x000000008295b448,0x00000000d5580000)
 Metaspace       used 68268K, capacity 71368K, committed 71424K, reserved 1112064K
  class space    used 7635K, capacity 8176K, committed 8192K, reserved 1048576K
}

