# JRE version: OpenJDK Runtime Environment (8.0_212-b04) (build 1.8.0_212-b04)
# Java VM: OpenJDK 64-Bit Server VM (25.212-b04 mixed mode linux-amd64 compressed oops)
Heap:
 PSYoungGen      total 611840K, used 254550K [0x00000000d5580000, 0x0000000100000000, 0x0000000100000000)
  eden space 524800K, 48% used [0x00000000d5580000,0x00000000e4e15a80,0x00000000f5600000)
  from space 87040K, 0% used [0x00000000f5600000,0x00000000f5600000,0x00000000fab00000)
  to   space 87040K, 0% used [0x00000000fab00000,0x00000000fab00000,0x0000000100000000)
 ParOldGen       total 1398272K, used 44408K [0x0000000080000000, 0x00000000d5580000, 0x00000000d5580000)
  object space 1398272K, 3% used [0x0000000080000000,0x0000000082b5e0b8,0x00000000d5580000)
 Metaspace       used 64942K, capacity 67560K, committed 67840K, reserved 1110016K
  class space    used 7426K, capacity 7906K, committed 7936K, reserved 1048576K
GC Heap History (10 events):
Event: 2.262 GC heap before
{Heap before GC invocations=2 (full 1):
 PSYoungGen      total 611840K, used 14290K [0x00000000d5580000, 0x0000000100000000, 0x0000000100000000)
  eden space 524800K, 0% used [0x00000000d5580000,0x00000000d5580000,0x00000000f5600000)
  from space 87040K, 16% used [0x00000000f5600000,0x00000000f63f4b58,0x00000000fab00000)
  to   space 87040K, 0% used [0x00000000fab00000,0x00000000fab00000,0x0000000100000000)
 ParOldGen       total 1398272K, used 80K [0x0000000080000000, 0x00000000d5580000, 0x00000000d5580000)
  object space 1398272K, 0% used [0x0000000080000000,0x0000000080014010,0x00000000d5580000)
 Metaspace       used 20820K, capacity 21106K, committed 21248K, reserved 1069056K
  class space    used 2367K, capacity 2482K, committed 2560K, reserved 1048576K
Event: 2.349 GC heap after
Heap after GC invocations=2 (full 1):
 PSYoungGen      total 611840K, used 0K [0x00000000d5580000, 0x0000000100000000, 0x0000000100000000)
  eden space 524800K, 0% used [0x00000000d5580000,0x00000000d5580000,0x00000000f5600000)
  from space 87040K, 0% used [0x00000000f5600000,0x00000000f5600000,0x00000000fab00000)
  to   space 87040K, 0% used [0x00000000fab00000,0x00000000fab00000,0x0000000100000000)
 ParOldGen       total 898560K, used 13739K [0x0000000080000000, 0x00000000b6d80000, 0x00000000d5580000)
  object space 898560K, 1% used [0x0000000080000000,0x0000000080d6ae98,0x00000000b6d80000)
 Metaspace       used 20820K, capacity 21106K, committed 21248K, reserved 1069056K
  class space    used 2367K, capacity 2482K, committed 2560K, reserved 1048576K
}
Event: 4.810 GC heap before
{Heap before GC invocations=3 (full 1):
 PSYoungGen      total 611840K, used 434546K [0x00000000d5580000, 0x0000000100000000, 0x0000000100000000)
  eden space 524800K, 82% used [0x00000000d5580000,0x00000000efddcb58,0x00000000f5600000)
  from space 87040K, 0% used [0x00000000f5600000,0x00000000f5600000,0x00000000fab00000)
  to   space 87040K, 0% used [0x00000000fab00000,0x00000000fab00000,0x0000000100000000)
 ParOldGen       total 898560K, used 13739K [0x0000000080000000, 0x00000000b6d80000, 0x00000000d5580000)
  object space 898560K, 1% used [0x0000000080000000,0x0000000080d6ae98,0x00000000b6d80000)
 Metaspace       used 34710K, capacity 35092K, committed 35416K, reserved 1081344K
  class space    used 3957K, capacity 4060K, committed 4096K, reserved 1048576K
Event: 4.842 GC heap after
Heap after GC invocations=3 (full 1):
 PSYoungGen      total 611840K, used 19255K [0x00000000d5580000, 0x0000000100000000, 0x0000000100000000)
  eden space 524800K, 0% used [0x00000000d5580000,0x00000000d5580000,0x00000000f5600000)
  from space 87040K, 22% used [0x00000000fab00000,0x00000000fbdcdf38,0x0000000100000000)
  to   space 87040K, 0% used [0x00000000f5600000,0x00000000f5600000,0x00000000fab00000)
 ParOldGen       total 898560K, used 13747K [0x0000000080000000, 0x00000000b6d80000, 0x00000000d5580000)
  object space 898560K, 1% used [0x0000000080000000,0x0000000080d6ce98,0x00000000b6d80000)
 Metaspace       used 34710K, capacity 35092K, committed 35416K, reserved 1081344K
  class space    used 3957K, capacity 4060K, committed 4096K, reserved 1048576K
}
Event: 4.842 GC heap before
{Heap before GC invocations=4 (full 2):
 PSYoungGen      total 611840K, used 19255K [0x00000000d5580000, 0x0000000100000000, 0x0000000100000000)
  eden space 524800K, 0% used [0x00000000d5580000,0x00000000d5580000,0x00000000f5600000)
  from space 87040K, 22% used [0x00000000fab00000,0x00000000fbdcdf38,0x0000000100000000)
  to   space 87040K, 0% used [0x00000000f5600000,0x00000000f5600000,0x00000000fab00000)
 ParOldGen       total 898560K, used 13747K [0x0000000080000000, 0x00000000b6d80000, 0x00000000d5580000)
  object space 898560K, 1% used [0x0000000080000000,0x0000000080d6ce98,0x00000000b6d80000)
 Metaspace       used 34710K, capacity 35092K, committed 35416K, reserved 1081344K
  class space    used 3957K, capacity 4060K, committed 4096K, reserved 1048576K
Event: 4.945 GC heap after
Heap after GC invocations=4 (full 2):
 PSYoungGen      total 611840K, used 0K [0x00000000d5580000, 0x0000000100000000, 0x0000000100000000)
  eden space 524800K, 0% used [0x00000000d5580000,0x00000000d5580000,0x00000000f5600000)
  from space 87040K, 0% used [0x00000000fab00000,0x00000000fab00000,0x0000000100000000)
  to   space 87040K, 0% used [0x00000000f5600000,0x00000000f5600000,0x00000000fab00000)
 ParOldGen       total 1398272K, used 23534K [0x0000000080000000, 0x00000000d5580000, 0x00000000d5580000)
  object space 1398272K, 1% used [0x0000000080000000,0x00000000816fb818,0x00000000d5580000)
 Metaspace       used 34710K, capacity 35092K, committed 35416K, reserved 1081344K
  class space    used 3957K, capacity 4060K, committed 4096K, reserved 1048576K
}
Event: 12.001 GC heap before
{Heap before GC invocations=5 (full 2):
 PSYoungGen      total 611840K, used 520869K [0x00000000d5580000, 0x0000000100000000, 0x0000000100000000)
  eden space 524800K, 99% used [0x00000000d5580000,0x00000000f5229630,0x00000000f5600000)
  from space 87040K, 0% used [0x00000000fab00000,0x00000000fab00000,0x0000000100000000)
  to   space 87040K, 0% used [0x00000000f5600000,0x00000000f5600000,0x00000000fab00000)
 ParOldGen       total 1398272K, used 23534K [0x0000000080000000, 0x00000000d5580000, 0x00000000d5580000)
  object space 1398272K, 1% used [0x0000000080000000,0x00000000816fb818,0x00000000d5580000)
 Metaspace       used 57467K, capacity 58890K, committed 59028K, reserved 1101824K
  class space    used 6630K, capacity 6903K, committed 6912K, reserved 1048576K
Event: 12.065 GC heap after
Heap after GC invocations=5 (full 2):
 PSYoungGen      total 611840K, used 33784K [0x00000000d5580000, 0x0000000100000000, 0x0000000100000000)
  eden space 524800K, 0% used [0x00000000d5580000,0x00000000d5580000,0x00000000f5600000)
  from space 87040K, 38% used [0x00000000f5600000,0x00000000f76fe1b0,0x00000000fab00000)
  to   space 87040K, 0% used [0x00000000fab00000,0x00000000fab00000,0x0000000100000000)
 ParOldGen       total 1398272K, used 23542K [0x0000000080000000, 0x00000000d5580000, 0x00000000d5580000)
  object space 1398272K, 1% used [0x0000000080000000,0x00000000816fd818,0x00000000d5580000)
 Metaspace       used 57467K, capacity 58890K, committed 59028K, reserved 1101824K
  class space    used 6630K, capacity 6903K, committed 6912K, reserved 1048576K
}
Event: 12.065 GC heap before
{Heap before GC invocations=6 (full 3):
 PSYoungGen      total 611840K, used 33784K [0x00000000d5580000, 0x0000000100000000, 0x0000000100000000)
  eden space 524800K, 0% used [0x00000000d5580000,0x00000000d5580000,0x00000000f5600000)
  from space 87040K, 38% used [0x00000000f5600000,0x00000000f76fe1b0,0x00000000fab00000)
  to   space 87040K, 0% used [0x00000000fab00000,0x00000000fab00000,0x0000000100000000)
 ParOldGen       total 1398272K, used 23542K [0x0000000080000000, 0x00000000d5580000, 0x00000000d5580000)
  object space 1398272K, 1% used [0x0000000080000000,0x00000000816fd818,0x00000000d5580000)
 Metaspace       used 57467K, capacity 58890K, committed 59028K, reserved 1101824K
  class space    used 6630K, capacity 6903K, committed 6912K, reserved 1048576K
Event: 12.317 GC heap after
Heap after GC invocations=6 (full 3):
 PSYoungGen      total 611840K, used 0K [0x00000000d5580000, 0x0000000100000000, 0x0000000100000000)
  eden space 524800K, 0% used [0x00000000d5580000,0x00000000d5580000,0x00000000f5600000)
  from space 87040K, 0% used [0x00000000f5600000,0x00000000f5600000,0x00000000fab00000)
  to   space 87040K, 0% used [0x00000000fab00000,0x00000000fab00000,0x0000000100000000)
 ParOldGen       total 1398272K, used 44408K [0x0000000080000000, 0x00000000d5580000, 0x00000000d5580000)
  object space 1398272K, 3% used [0x0000000080000000,0x0000000082b5e0b8,0x00000000d5580000)
 Metaspace       used 57429K, capacity 58798K, committed 59028K, reserved 1101824K
  class space    used 6618K, capacity 6881K, committed 6912K, reserved 1048576K
}

