# JRE version: OpenJDK Runtime Environment (8.0_212-b04) (build 1.8.0_212-b04)
# Java VM: OpenJDK 64-Bit Server VM (25.212-b04 mixed mode linux-amd64 compressed oops)
Heap:
 PSYoungGen      total 611840K, used 331902K [0x00000000d5580000, 0x0000000100000000, 0x0000000100000000)
  eden space 524800K, 53% used [0x00000000d5580000,0x00000000e66055f8,0x00000000f5600000)
  from space 87040K, 60% used [0x00000000fab00000,0x00000000fde9a4e8,0x0000000100000000)
  to   space 87040K, 0% used [0x00000000f5600000,0x00000000f5600000,0x00000000fab00000)
 ParOldGen       total 1398272K, used 44327K [0x0000000080000000, 0x00000000d5580000, 0x00000000d5580000)
  object space 1398272K, 3% used [0x0000000080000000,0x0000000082b49ec0,0x00000000d5580000)
 Metaspace       used 66575K, capacity 69674K, committed 69888K, reserved 1112064K
  class space    used 7606K, capacity 8163K, committed 8192K, reserved 1048576K
GC Heap History (10 events):
Event: 12.764 GC heap before
{Heap before GC invocations=3 (full 1):
 PSYoungGen      total 611840K, used 435251K [0x00000000d5580000, 0x0000000100000000, 0x0000000100000000)
  eden space 524800K, 82% used [0x00000000d5580000,0x00000000efe8ce20,0x00000000f5600000)
  from space 87040K, 0% used [0x00000000f5600000,0x00000000f5600000,0x00000000fab00000)
  to   space 87040K, 0% used [0x00000000fab00000,0x00000000fab00000,0x0000000100000000)
 ParOldGen       total 931328K, used 13738K [0x0000000080000000, 0x00000000b8d80000, 0x00000000d5580000)
  object space 931328K, 1% used [0x0000000080000000,0x0000000080d6a8f0,0x00000000b8d80000)
 Metaspace       used 34828K, capacity 35176K, committed 35416K, reserved 1081344K
  class space    used 3968K, capacity 4062K, committed 4096K, reserved 1048576K
Event: 12.798 GC heap after
Heap after GC invocations=3 (full 1):
 PSYoungGen      total 611840K, used 19321K [0x00000000d5580000, 0x0000000100000000, 0x0000000100000000)
  eden space 524800K, 0% used [0x00000000d5580000,0x00000000d5580000,0x00000000f5600000)
  from space 87040K, 22% used [0x00000000fab00000,0x00000000fbdde4f8,0x0000000100000000)
  to   space 87040K, 0% used [0x00000000f5600000,0x00000000f5600000,0x00000000fab00000)
 ParOldGen       total 931328K, used 13738K [0x0000000080000000, 0x00000000b8d80000, 0x00000000d5580000)
  object space 931328K, 1% used [0x0000000080000000,0x0000000080d6a8f0,0x00000000b8d80000)
 Metaspace       used 34828K, capacity 35176K, committed 35416K, reserved 1081344K
  class space    used 3968K, capacity 4062K, committed 4096K, reserved 1048576K
}
Event: 12.798 GC heap before
{Heap before GC invocations=4 (full 2):
 PSYoungGen      total 611840K, used 19321K [0x00000000d5580000, 0x0000000100000000, 0x0000000100000000)
  eden space 524800K, 0% used [0x00000000d5580000,0x00000000d5580000,0x00000000f5600000)
  from space 87040K, 22% used [0x00000000fab00000,0x00000000fbdde4f8,0x0000000100000000)
  to   space 87040K, 0% used [0x00000000f5600000,0x00000000f5600000,0x00000000fab00000)
 ParOldGen       total 931328K, used 13738K [0x0000000080000000, 0x00000000b8d80000, 0x00000000d5580000)
  object space 931328K, 1% used [0x0000000080000000,0x0000000080d6a8f0,0x00000000b8d80000)
 Metaspace       used 34828K, capacity 35176K, committed 35416K, reserved 1081344K
  class space    used 3968K, capacity 4062K, committed 4096K, reserved 1048576K
Event: 12.900 GC heap after
Heap after GC invocations=4 (full 2):
 PSYoungGen      total 611840K, used 0K [0x00000000d5580000, 0x0000000100000000, 0x0000000100000000)
  eden space 524800K, 0% used [0x00000000d5580000,0x00000000d5580000,0x00000000f5600000)
  from space 87040K, 0% used [0x00000000fab00000,0x00000000fab00000,0x0000000100000000)
  to   space 87040K, 0% used [0x00000000f5600000,0x00000000f5600000,0x00000000fab00000)
 ParOldGen       total 1398272K, used 23512K [0x0000000080000000, 0x00000000d5580000, 0x00000000d5580000)
  object space 1398272K, 1% used [0x0000000080000000,0x00000000816f63b8,0x00000000d5580000)
 Metaspace       used 34828K, capacity 35176K, committed 35416K, reserved 1081344K
  class space    used 3968K, capacity 4062K, committed 4096K, reserved 1048576K
}
Event: 20.066 GC heap before
{Heap before GC invocations=5 (full 2):
 PSYoungGen      total 611840K, used 515915K [0x00000000d5580000, 0x0000000100000000, 0x0000000100000000)
  eden space 524800K, 98% used [0x00000000d5580000,0x00000000f4d52d00,0x00000000f5600000)
  from space 87040K, 0% used [0x00000000fab00000,0x00000000fab00000,0x0000000100000000)
  to   space 87040K, 0% used [0x00000000f5600000,0x00000000f5600000,0x00000000fab00000)
 ParOldGen       total 1398272K, used 23512K [0x0000000080000000, 0x00000000d5580000, 0x00000000d5580000)
  object space 1398272K, 1% used [0x0000000080000000,0x00000000816f63b8,0x00000000d5580000)
 Metaspace       used 57456K, capacity 58856K, committed 59028K, reserved 1101824K
  class space    used 6626K, capacity 6894K, committed 6912K, reserved 1048576K
Event: 20.147 GC heap after
Heap after GC invocations=5 (full 2):
 PSYoungGen      total 611840K, used 33646K [0x00000000d5580000, 0x0000000100000000, 0x0000000100000000)
  eden space 524800K, 0% used [0x00000000d5580000,0x00000000d5580000,0x00000000f5600000)
  from space 87040K, 38% used [0x00000000f5600000,0x00000000f76dbbb0,0x00000000fab00000)
  to   space 87040K, 0% used [0x00000000fab00000,0x00000000fab00000,0x0000000100000000)
 ParOldGen       total 1398272K, used 23520K [0x0000000080000000, 0x00000000d5580000, 0x00000000d5580000)
  object space 1398272K, 1% used [0x0000000080000000,0x00000000816f83b8,0x00000000d5580000)
 Metaspace       used 57456K, capacity 58856K, committed 59028K, reserved 1101824K
  class space    used 6626K, capacity 6894K, committed 6912K, reserved 1048576K
}
Event: 20.147 GC heap before
{Heap before GC invocations=6 (full 3):
 PSYoungGen      total 611840K, used 33646K [0x00000000d5580000, 0x0000000100000000, 0x0000000100000000)
  eden space 524800K, 0% used [0x00000000d5580000,0x00000000d5580000,0x00000000f5600000)
  from space 87040K, 38% used [0x00000000f5600000,0x00000000f76dbbb0,0x00000000fab00000)
  to   space 87040K, 0% used [0x00000000fab00000,0x00000000fab00000,0x0000000100000000)
 ParOldGen       total 1398272K, used 23520K [0x0000000080000000, 0x00000000d5580000, 0x00000000d5580000)
  object space 1398272K, 1% used [0x0000000080000000,0x00000000816f83b8,0x00000000d5580000)
 Metaspace       used 57456K, capacity 58856K, committed 59028K, reserved 1101824K
  class space    used 6626K, capacity 6894K, committed 6912K, reserved 1048576K
Event: 20.397 GC heap after
Heap after GC invocations=6 (full 3):
 PSYoungGen      total 611840K, used 0K [0x00000000d5580000, 0x0000000100000000, 0x0000000100000000)
  eden space 524800K, 0% used [0x00000000d5580000,0x00000000d5580000,0x00000000f5600000)
  from space 87040K, 0% used [0x00000000f5600000,0x00000000f5600000,0x00000000fab00000)
  to   space 87040K, 0% used [0x00000000fab00000,0x00000000fab00000,0x0000000100000000)
 ParOldGen       total 1398272K, used 44327K [0x0000000080000000, 0x00000000d5580000, 0x00000000d5580000)
  object space 1398272K, 3% used [0x0000000080000000,0x0000000082b49ec0,0x00000000d5580000)
 Metaspace       used 57436K, capacity 58810K, committed 59028K, reserved 1101824K
  class space    used 6620K, capacity 6883K, committed 6912K, reserved 1048576K
}
Event: 34.228 GC heap before
{Heap before GC invocations=7 (full 3):
 PSYoungGen      total 611840K, used 508886K [0x00000000d5580000, 0x0000000100000000, 0x0000000100000000)
  eden space 524800K, 96% used [0x00000000d5580000,0x00000000f4675878,0x00000000f5600000)
  from space 87040K, 0% used [0x00000000f5600000,0x00000000f5600000,0x00000000fab00000)
  to   space 87040K, 0% used [0x00000000fab00000,0x00000000fab00000,0x0000000100000000)
 ParOldGen       total 1398272K, used 44327K [0x0000000080000000, 0x00000000d5580000, 0x00000000d5580000)
  object space 1398272K, 3% used [0x0000000080000000,0x0000000082b49ec0,0x00000000d5580000)
 Metaspace       used 66377K, capacity 69450K, committed 69632K, reserved 1110016K
  class space    used 7592K, capacity 8147K, committed 8192K, reserved 1048576K
Event: 34.315 GC heap after
Heap after GC invocations=7 (full 3):
 PSYoungGen      total 611840K, used 52841K [0x00000000d5580000, 0x0000000100000000, 0x0000000100000000)
  eden space 524800K, 0% used [0x00000000d5580000,0x00000000d5580000,0x00000000f5600000)
  from space 87040K, 60% used [0x00000000fab00000,0x00000000fde9a4e8,0x0000000100000000)
  to   space 87040K, 0% used [0x00000000f5600000,0x00000000f5600000,0x00000000fab00000)
 ParOldGen       total 1398272K, used 44327K [0x0000000080000000, 0x00000000d5580000, 0x00000000d5580000)
  object space 1398272K, 3% used [0x0000000080000000,0x0000000082b49ec0,0x00000000d5580000)
 Metaspace       used 66377K, capacity 69450K, committed 69632K, reserved 1110016K
  class space    used 7592K, capacity 8147K, committed 8192K, reserved 1048576K
}

