# JRE version: OpenJDK Runtime Environment (8.0_212-b04) (build 1.8.0_212-b04)
# Java VM: OpenJDK 64-Bit Server VM (25.212-b04 mixed mode linux-amd64 compressed oops)
Heap:
 PSYoungGen      total 611840K, used 276222K [0x00000000d5580000, 0x0000000100000000, 0x0000000100000000)
  eden space 524800K, 37% used [0x00000000d5580000,0x00000000e143b488,0x00000000f5600000)
  from space 87040K, 92% used [0x00000000fab00000,0x00000000ffa044d8,0x0000000100000000)
  to   space 87040K, 0% used [0x00000000f5600000,0x00000000f5600000,0x00000000fab00000)
 ParOldGen       total 1398272K, used 41951K [0x0000000080000000, 0x00000000d5580000, 0x00000000d5580000)
  object space 1398272K, 3% used [0x0000000080000000,0x00000000828f7e78,0x00000000d5580000)
 Metaspace       used 65601K, capacity 68344K, committed 68480K, reserved 1110016K
  class space    used 7482K, capacity 7976K, committed 8064K, reserved 1048576K
GC Heap History (10 events):
Event: 4.093 GC heap before
{Heap before GC invocations=3 (full 1):
 PSYoungGen      total 611840K, used 434683K [0x00000000d5580000, 0x0000000100000000, 0x0000000100000000)
  eden space 524800K, 82% used [0x00000000d5580000,0x00000000efdfece0,0x00000000f5600000)
  from space 87040K, 0% used [0x00000000f5600000,0x00000000f5600000,0x00000000fab00000)
  to   space 87040K, 0% used [0x00000000fab00000,0x00000000fab00000,0x0000000100000000)
 ParOldGen       total 902656K, used 13748K [0x0000000080000000, 0x00000000b7180000, 0x00000000d5580000)
  object space 902656K, 1% used [0x0000000080000000,0x0000000080d6d0d8,0x00000000b7180000)
 Metaspace       used 34758K, capacity 35124K, committed 35416K, reserved 1081344K
  class space    used 3975K, capacity 4092K, committed 4096K, reserved 1048576K
Event: 4.125 GC heap after
Heap after GC invocations=3 (full 1):
 PSYoungGen      total 611840K, used 19248K [0x00000000d5580000, 0x0000000100000000, 0x0000000100000000)
  eden space 524800K, 0% used [0x00000000d5580000,0x00000000d5580000,0x00000000f5600000)
  from space 87040K, 22% used [0x00000000fab00000,0x00000000fbdcc1d8,0x0000000100000000)
  to   space 87040K, 0% used [0x00000000f5600000,0x00000000f5600000,0x00000000fab00000)
 ParOldGen       total 902656K, used 13756K [0x0000000080000000, 0x00000000b7180000, 0x00000000d5580000)
  object space 902656K, 1% used [0x0000000080000000,0x0000000080d6f0d8,0x00000000b7180000)
 Metaspace       used 34758K, capacity 35124K, committed 35416K, reserved 1081344K
  class space    used 3975K, capacity 4092K, committed 4096K, reserved 1048576K
}
Event: 4.126 GC heap before
{Heap before GC invocations=4 (full 2):
 PSYoungGen      total 611840K, used 19248K [0x00000000d5580000, 0x0000000100000000, 0x0000000100000000)
  eden space 524800K, 0% used [0x00000000d5580000,0x00000000d5580000,0x00000000f5600000)
  from space 87040K, 22% used [0x00000000fab00000,0x00000000fbdcc1d8,0x0000000100000000)
  to   space 87040K, 0% used [0x00000000f5600000,0x00000000f5600000,0x00000000fab00000)
 ParOldGen       total 902656K, used 13756K [0x0000000080000000, 0x00000000b7180000, 0x00000000d5580000)
  object space 902656K, 1% used [0x0000000080000000,0x0000000080d6f0d8,0x00000000b7180000)
 Metaspace       used 34758K, capacity 35124K, committed 35416K, reserved 1081344K
  class space    used 3975K, capacity 4092K, committed 4096K, reserved 1048576K
Event: 4.217 GC heap after
Heap after GC invocations=4 (full 2):
 PSYoungGen      total 611840K, used 0K [0x00000000d5580000, 0x0000000100000000, 0x0000000100000000)
  eden space 524800K, 0% used [0x00000000d5580000,0x00000000d5580000,0x00000000f5600000)
  from space 87040K, 0% used [0x00000000fab00000,0x00000000fab00000,0x0000000100000000)
  to   space 87040K, 0% used [0x00000000f5600000,0x00000000f5600000,0x00000000fab00000)
 ParOldGen       total 1398272K, used 23619K [0x0000000080000000, 0x00000000d5580000, 0x00000000d5580000)
  object space 1398272K, 1% used [0x0000000080000000,0x0000000081710f38,0x00000000d5580000)
 Metaspace       used 34758K, capacity 35124K, committed 35416K, reserved 1081344K
  class space    used 3975K, capacity 4092K, committed 4096K, reserved 1048576K
}
Event: 10.490 GC heap before
{Heap before GC invocations=5 (full 2):
 PSYoungGen      total 611840K, used 509745K [0x00000000d5580000, 0x0000000100000000, 0x0000000100000000)
  eden space 524800K, 97% used [0x00000000d5580000,0x00000000f474c7e8,0x00000000f5600000)
  from space 87040K, 0% used [0x00000000fab00000,0x00000000fab00000,0x0000000100000000)
  to   space 87040K, 0% used [0x00000000f5600000,0x00000000f5600000,0x00000000fab00000)
 ParOldGen       total 1398272K, used 23619K [0x0000000080000000, 0x00000000d5580000, 0x00000000d5580000)
  object space 1398272K, 1% used [0x0000000080000000,0x0000000081710f38,0x00000000d5580000)
 Metaspace       used 57469K, capacity 58920K, committed 59008K, reserved 1101824K
  class space    used 6662K, capacity 6954K, committed 7040K, reserved 1048576K
Event: 10.552 GC heap after
Heap after GC invocations=5 (full 2):
 PSYoungGen      total 611840K, used 31510K [0x00000000d5580000, 0x0000000100000000, 0x0000000100000000)
  eden space 524800K, 0% used [0x00000000d5580000,0x00000000d5580000,0x00000000f5600000)
  from space 87040K, 36% used [0x00000000f5600000,0x00000000f74c5838,0x00000000fab00000)
  to   space 87040K, 0% used [0x00000000fab00000,0x00000000fab00000,0x0000000100000000)
 ParOldGen       total 1398272K, used 23627K [0x0000000080000000, 0x00000000d5580000, 0x00000000d5580000)
  object space 1398272K, 1% used [0x0000000080000000,0x0000000081712f38,0x00000000d5580000)
 Metaspace       used 57469K, capacity 58920K, committed 59008K, reserved 1101824K
  class space    used 6662K, capacity 6954K, committed 7040K, reserved 1048576K
}
Event: 10.552 GC heap before
{Heap before GC invocations=6 (full 3):
 PSYoungGen      total 611840K, used 31510K [0x00000000d5580000, 0x0000000100000000, 0x0000000100000000)
  eden space 524800K, 0% used [0x00000000d5580000,0x00000000d5580000,0x00000000f5600000)
  from space 87040K, 36% used [0x00000000f5600000,0x00000000f74c5838,0x00000000fab00000)
  to   space 87040K, 0% used [0x00000000fab00000,0x00000000fab00000,0x0000000100000000)
 ParOldGen       total 1398272K, used 23627K [0x0000000080000000, 0x00000000d5580000, 0x00000000d5580000)
  object space 1398272K, 1% used [0x0000000080000000,0x0000000081712f38,0x00000000d5580000)
 Metaspace       used 57469K, capacity 58920K, committed 59008K, reserved 1101824K
  class space    used 6662K, capacity 6954K, committed 7040K, reserved 1048576K
Event: 10.811 GC heap after
Heap after GC invocations=6 (full 3):
 PSYoungGen      total 611840K, used 0K [0x00000000d5580000, 0x0000000100000000, 0x0000000100000000)
  eden space 524800K, 0% used [0x00000000d5580000,0x00000000d5580000,0x00000000f5600000)
  from space 87040K, 0% used [0x00000000f5600000,0x00000000f5600000,0x00000000fab00000)
  to   space 87040K, 0% used [0x00000000fab00000,0x00000000fab00000,0x0000000100000000)
 ParOldGen       total 1398272K, used 41943K [0x0000000080000000, 0x00000000d5580000, 0x00000000d5580000)
  object space 1398272K, 2% used [0x0000000080000000,0x00000000828f5e78,0x00000000d5580000)
 Metaspace       used 57443K, capacity 58858K, committed 59008K, reserved 1101824K
  class space    used 6652K, capacity 6937K, committed 7040K, reserved 1048576K
}
Event: 26.202 GC heap before
{Heap before GC invocations=7 (full 3):
 PSYoungGen      total 611840K, used 509868K [0x00000000d5580000, 0x0000000100000000, 0x0000000100000000)
  eden space 524800K, 97% used [0x00000000d5580000,0x00000000f476b1f8,0x00000000f5600000)
  from space 87040K, 0% used [0x00000000f5600000,0x00000000f5600000,0x00000000fab00000)
  to   space 87040K, 0% used [0x00000000fab00000,0x00000000fab00000,0x0000000100000000)
 ParOldGen       total 1398272K, used 41943K [0x0000000080000000, 0x00000000d5580000, 0x00000000d5580000)
  object space 1398272K, 2% used [0x0000000080000000,0x00000000828f5e78,0x00000000d5580000)
 Metaspace       used 65591K, capacity 68344K, committed 68480K, reserved 1110016K
  class space    used 7482K, capacity 7976K, committed 8064K, reserved 1048576K
Event: 26.308 GC heap after
Heap after GC invocations=7 (full 3):
 PSYoungGen      total 611840K, used 80913K [0x00000000d5580000, 0x0000000100000000, 0x0000000100000000)
  eden space 524800K, 0% used [0x00000000d5580000,0x00000000d5580000,0x00000000f5600000)
  from space 87040K, 92% used [0x00000000fab00000,0x00000000ffa044d8,0x0000000100000000)
  to   space 87040K, 0% used [0x00000000f5600000,0x00000000f5600000,0x00000000fab00000)
 ParOldGen       total 1398272K, used 41951K [0x0000000080000000, 0x00000000d5580000, 0x00000000d5580000)
  object space 1398272K, 3% used [0x0000000080000000,0x00000000828f7e78,0x00000000d5580000)
 Metaspace       used 65591K, capacity 68344K, committed 68480K, reserved 1110016K
  class space    used 7482K, capacity 7976K, committed 8064K, reserved 1048576K
}

