# JRE version: OpenJDK Runtime Environment (8.0_212-b04) (build 1.8.0_212-b04)
# Java VM: OpenJDK 64-Bit Server VM (25.212-b04 mixed mode linux-amd64 compressed oops)
Heap:
 PSYoungGen      total 611840K, used 189661K [0x00000000d5580000, 0x0000000100000000, 0x0000000100000000)
  eden space 524800K, 36% used [0x00000000d5580000,0x00000000e0eb7550,0x00000000f5600000)
  from space 87040K, 0% used [0x00000000f5600000,0x00000000f5600000,0x00000000fab00000)
  to   space 87040K, 0% used [0x00000000fab00000,0x00000000fab00000,0x0000000100000000)
 ParOldGen       total 1398272K, used 41917K [0x0000000080000000, 0x00000000d5580000, 0x00000000d5580000)
  object space 1398272K, 2% used [0x0000000080000000,0x00000000828ef680,0x00000000d5580000)
 Metaspace       used 63526K, capacity 67632K, committed 67840K, reserved 1107968K
  class space    used 7576K, capacity 8332K, committed 8448K, reserved 1048576K
GC Heap History (10 events):
Event: 2.154 GC heap before
{Heap before GC invocations=2 (full 1):
 PSYoungGen      total 611840K, used 14321K [0x00000000d5580000, 0x0000000100000000, 0x0000000100000000)
  eden space 524800K, 0% used [0x00000000d5580000,0x00000000d5580000,0x00000000f5600000)
  from space 87040K, 16% used [0x00000000f5600000,0x00000000f63fc7f0,0x00000000fab00000)
  to   space 87040K, 0% used [0x00000000fab00000,0x00000000fab00000,0x0000000100000000)
 ParOldGen       total 1398272K, used 80K [0x0000000080000000, 0x00000000d5580000, 0x00000000d5580000)
  object space 1398272K, 0% used [0x0000000080000000,0x0000000080014010,0x00000000d5580000)
 Metaspace       used 20830K, capacity 21106K, committed 21248K, reserved 1069056K
  class space    used 2372K, capacity 2482K, committed 2560K, reserved 1048576K
Event: 2.230 GC heap after
Heap after GC invocations=2 (full 1):
 PSYoungGen      total 611840K, used 0K [0x00000000d5580000, 0x0000000100000000, 0x0000000100000000)
  eden space 524800K, 0% used [0x00000000d5580000,0x00000000d5580000,0x00000000f5600000)
  from space 87040K, 0% used [0x00000000f5600000,0x00000000f5600000,0x00000000fab00000)
  to   space 87040K, 0% used [0x00000000fab00000,0x00000000fab00000,0x0000000100000000)
 ParOldGen       total 868352K, used 13799K [0x0000000080000000, 0x00000000b5000000, 0x00000000d5580000)
  object space 868352K, 1% used [0x0000000080000000,0x0000000080d79cd8,0x00000000b5000000)
 Metaspace       used 20830K, capacity 21106K, committed 21248K, reserved 1069056K
  class space    used 2372K, capacity 2482K, committed 2560K, reserved 1048576K
}
Event: 4.532 GC heap before
{Heap before GC invocations=3 (full 1):
 PSYoungGen      total 611840K, used 403124K [0x00000000d5580000, 0x0000000100000000, 0x0000000100000000)
  eden space 524800K, 76% used [0x00000000d5580000,0x00000000edf2d060,0x00000000f5600000)
  from space 87040K, 0% used [0x00000000f5600000,0x00000000f5600000,0x00000000fab00000)
  to   space 87040K, 0% used [0x00000000fab00000,0x00000000fab00000,0x0000000100000000)
 ParOldGen       total 868352K, used 13799K [0x0000000080000000, 0x00000000b5000000, 0x00000000d5580000)
  object space 868352K, 1% used [0x0000000080000000,0x0000000080d79cd8,0x00000000b5000000)
 Metaspace       used 34810K, capacity 35188K, committed 35416K, reserved 1081344K
  class space    used 3968K, capacity 4092K, committed 4096K, reserved 1048576K
Event: 4.576 GC heap after
Heap after GC invocations=3 (full 1):
 PSYoungGen      total 611840K, used 19154K [0x00000000d5580000, 0x0000000100000000, 0x0000000100000000)
  eden space 524800K, 0% used [0x00000000d5580000,0x00000000d5580000,0x00000000f5600000)
  from space 87040K, 22% used [0x00000000fab00000,0x00000000fbdb4930,0x0000000100000000)
  to   space 87040K, 0% used [0x00000000f5600000,0x00000000f5600000,0x00000000fab00000)
 ParOldGen       total 868352K, used 13799K [0x0000000080000000, 0x00000000b5000000, 0x00000000d5580000)
  object space 868352K, 1% used [0x0000000080000000,0x0000000080d79cd8,0x00000000b5000000)
 Metaspace       used 34810K, capacity 35188K, committed 35416K, reserved 1081344K
  class space    used 3968K, capacity 4092K, committed 4096K, reserved 1048576K
}
Event: 4.576 GC heap before
{Heap before GC invocations=4 (full 2):
 PSYoungGen      total 611840K, used 19154K [0x00000000d5580000, 0x0000000100000000, 0x0000000100000000)
  eden space 524800K, 0% used [0x00000000d5580000,0x00000000d5580000,0x00000000f5600000)
  from space 87040K, 22% used [0x00000000fab00000,0x00000000fbdb4930,0x0000000100000000)
  to   space 87040K, 0% used [0x00000000f5600000,0x00000000f5600000,0x00000000fab00000)
 ParOldGen       total 868352K, used 13799K [0x0000000080000000, 0x00000000b5000000, 0x00000000d5580000)
  object space 868352K, 1% used [0x0000000080000000,0x0000000080d79cd8,0x00000000b5000000)
 Metaspace       used 34810K, capacity 35188K, committed 35416K, reserved 1081344K
  class space    used 3968K, capacity 4092K, committed 4096K, reserved 1048576K
Event: 4.698 GC heap after
Heap after GC invocations=4 (full 2):
 PSYoungGen      total 611840K, used 0K [0x00000000d5580000, 0x0000000100000000, 0x0000000100000000)
  eden space 524800K, 0% used [0x00000000d5580000,0x00000000d5580000,0x00000000f5600000)
  from space 87040K, 0% used [0x00000000fab00000,0x00000000fab00000,0x0000000100000000)
  to   space 87040K, 0% used [0x00000000f5600000,0x00000000f5600000,0x00000000fab00000)
 ParOldGen       total 1398272K, used 23573K [0x0000000080000000, 0x00000000d5580000, 0x00000000d5580000)
  object space 1398272K, 1% used [0x0000000080000000,0x0000000081705470,0x00000000d5580000)
 Metaspace       used 34810K, capacity 35188K, committed 35416K, reserved 1081344K
  class space    used 3968K, capacity 4092K, committed 4096K, reserved 1048576K
}
Event: 11.665 GC heap before
{Heap before GC invocations=5 (full 2):
 PSYoungGen      total 611840K, used 445450K [0x00000000d5580000, 0x0000000100000000, 0x0000000100000000)
  eden space 524800K, 84% used [0x00000000d5580000,0x00000000f0882848,0x00000000f5600000)
  from space 87040K, 0% used [0x00000000fab00000,0x00000000fab00000,0x0000000100000000)
  to   space 87040K, 0% used [0x00000000f5600000,0x00000000f5600000,0x00000000fab00000)
 ParOldGen       total 1398272K, used 23573K [0x0000000080000000, 0x00000000d5580000, 0x00000000d5580000)
  object space 1398272K, 1% used [0x0000000080000000,0x0000000081705470,0x00000000d5580000)
 Metaspace       used 57302K, capacity 58794K, committed 59008K, reserved 1101824K
  class space    used 6636K, capacity 6921K, committed 7040K, reserved 1048576K
Event: 11.720 GC heap after
Heap after GC invocations=5 (full 2):
 PSYoungGen      total 611840K, used 31147K [0x00000000d5580000, 0x0000000100000000, 0x0000000100000000)
  eden space 524800K, 0% used [0x00000000d5580000,0x00000000d5580000,0x00000000f5600000)
  from space 87040K, 35% used [0x00000000f5600000,0x00000000f746ae28,0x00000000fab00000)
  to   space 87040K, 0% used [0x00000000fab00000,0x00000000fab00000,0x0000000100000000)
 ParOldGen       total 1398272K, used 23581K [0x0000000080000000, 0x00000000d5580000, 0x00000000d5580000)
  object space 1398272K, 1% used [0x0000000080000000,0x0000000081707470,0x00000000d5580000)
 Metaspace       used 57302K, capacity 58794K, committed 59008K, reserved 1101824K
  class space    used 6636K, capacity 6921K, committed 7040K, reserved 1048576K
}
Event: 11.720 GC heap before
{Heap before GC invocations=6 (full 3):
 PSYoungGen      total 611840K, used 31147K [0x00000000d5580000, 0x0000000100000000, 0x0000000100000000)
  eden space 524800K, 0% used [0x00000000d5580000,0x00000000d5580000,0x00000000f5600000)
  from space 87040K, 35% used [0x00000000f5600000,0x00000000f746ae28,0x00000000fab00000)
  to   space 87040K, 0% used [0x00000000fab00000,0x00000000fab00000,0x0000000100000000)
 ParOldGen       total 1398272K, used 23581K [0x0000000080000000, 0x00000000d5580000, 0x00000000d5580000)
  object space 1398272K, 1% used [0x0000000080000000,0x0000000081707470,0x00000000d5580000)
 Metaspace       used 57302K, capacity 58794K, committed 59008K, reserved 1101824K
  class space    used 6636K, capacity 6921K, committed 7040K, reserved 1048576K
Event: 11.939 GC heap after
Heap after GC invocations=6 (full 3):
 PSYoungGen      total 611840K, used 0K [0x00000000d5580000, 0x0000000100000000, 0x0000000100000000)
  eden space 524800K, 0% used [0x00000000d5580000,0x00000000d5580000,0x00000000f5600000)
  from space 87040K, 0% used [0x00000000f5600000,0x00000000f5600000,0x00000000fab00000)
  to   space 87040K, 0% used [0x00000000fab00000,0x00000000fab00000,0x0000000100000000)
 ParOldGen       total 1398272K, used 41917K [0x0000000080000000, 0x00000000d5580000, 0x00000000d5580000)
  object space 1398272K, 2% used [0x0000000080000000,0x00000000828ef680,0x00000000d5580000)
 Metaspace       used 57238K, capacity 58622K, committed 59008K, reserved 1101824K
  class space    used 6614K, capacity 6883K, committed 7040K, reserved 1048576K
}

