# JRE version: OpenJDK Runtime Environment (8.0_212-b04) (build 1.8.0_212-b04)
# Java VM: OpenJDK 64-Bit Server VM (25.212-b04 mixed mode linux-amd64 compressed oops)
Heap:
 PSYoungGen      total 551936K, used 507400K [0x00000000d5580000, 0x0000000100000000, 0x0000000100000000)
  eden space 453120K, 90% used [0x00000000d5580000,0x00000000ee4f1480,0x00000000f1000000)
  from space 98816K, 99% used [0x00000000f1000000,0x00000000f7010ef0,0x00000000f7080000)
  to   space 135168K, 0% used [0x00000000f7c00000,0x00000000f7c00000,0x0000000100000000)
 ParOldGen       total 1398272K, used 51429K [0x0000000080000000, 0x00000000d5580000, 0x00000000d5580000)
  object space 1398272K, 3% used [0x0000000080000000,0x0000000083239610,0x00000000d5580000)
 Metaspace       used 71618K, capacity 75138K, committed 75264K, reserved 1116160K
  class space    used 7751K, capacity 8352K, committed 8448K, reserved 1048576K
GC Heap History (10 events):
Event: 12.058 GC heap before
{Heap before GC invocations=6 (full 3):
 PSYoungGen      total 611840K, used 33499K [0x00000000d5580000, 0x0000000100000000, 0x0000000100000000)
  eden space 524800K, 0% used [0x00000000d5580000,0x00000000d5580000,0x00000000f5600000)
  from space 87040K, 38% used [0x00000000f5600000,0x00000000f76b6f68,0x00000000fab00000)
  to   space 87040K, 0% used [0x00000000fab00000,0x00000000fab00000,0x0000000100000000)
 ParOldGen       total 1398272K, used 23048K [0x0000000080000000, 0x00000000d5580000, 0x00000000d5580000)
  object space 1398272K, 1% used [0x0000000080000000,0x0000000081682198,0x00000000d5580000)
 Metaspace       used 57021K, capacity 58924K, committed 59028K, reserved 1101824K
  class space    used 6674K, capacity 7023K, committed 7040K, reserved 1048576K
Event: 12.287 GC heap after
Heap after GC invocations=6 (full 3):
 PSYoungGen      total 611840K, used 0K [0x00000000d5580000, 0x0000000100000000, 0x0000000100000000)
  eden space 524800K, 0% used [0x00000000d5580000,0x00000000d5580000,0x00000000f5600000)
  from space 87040K, 0% used [0x00000000f5600000,0x00000000f5600000,0x00000000fab00000)
  to   space 87040K, 0% used [0x00000000fab00000,0x00000000fab00000,0x0000000100000000)
 ParOldGen       total 1398272K, used 43735K [0x0000000080000000, 0x00000000d5580000, 0x00000000d5580000)
  object space 1398272K, 3% used [0x0000000080000000,0x0000000082ab5fb8,0x00000000d5580000)
 Metaspace       used 56910K, capacity 58616K, committed 59028K, reserved 1101824K
  class space    used 6637K, capacity 6957K, committed 7040K, reserved 1048576K
}
Event: 53.719 GC heap before
{Heap before GC invocations=7 (full 3):
 PSYoungGen      total 611840K, used 524800K [0x00000000d5580000, 0x0000000100000000, 0x0000000100000000)
  eden space 524800K, 100% used [0x00000000d5580000,0x00000000f5600000,0x00000000f5600000)
  from space 87040K, 0% used [0x00000000f5600000,0x00000000f5600000,0x00000000fab00000)
  to   space 87040K, 0% used [0x00000000fab00000,0x00000000fab00000,0x0000000100000000)
 ParOldGen       total 1398272K, used 43735K [0x0000000080000000, 0x00000000d5580000, 0x00000000d5580000)
  object space 1398272K, 3% used [0x0000000080000000,0x0000000082ab5fb8,0x00000000d5580000)
 Metaspace       used 67459K, capacity 70536K, committed 70656K, reserved 1112064K
  class space    used 7626K, capacity 8183K, committed 8192K, reserved 1048576K
Event: 53.877 GC heap after
Heap after GC invocations=7 (full 3):
 PSYoungGen      total 611840K, used 87020K [0x00000000d5580000, 0x0000000100000000, 0x0000000100000000)
  eden space 524800K, 0% used [0x00000000d5580000,0x00000000d5580000,0x00000000f5600000)
  from space 87040K, 99% used [0x00000000fab00000,0x00000000ffffb310,0x0000000100000000)
  to   space 87040K, 0% used [0x00000000f5600000,0x00000000f5600000,0x00000000fab00000)
 ParOldGen       total 1398272K, used 51405K [0x0000000080000000, 0x00000000d5580000, 0x00000000d5580000)
  object space 1398272K, 3% used [0x0000000080000000,0x0000000083233610,0x00000000d5580000)
 Metaspace       used 67459K, capacity 70536K, committed 70656K, reserved 1112064K
  class space    used 7626K, capacity 8183K, committed 8192K, reserved 1048576K
}
Event: 225.573 GC heap before
{Heap before GC invocations=8 (full 3):
 PSYoungGen      total 611840K, used 611820K [0x00000000d5580000, 0x0000000100000000, 0x0000000100000000)
  eden space 524800K, 99% used [0x00000000d5580000,0x00000000f55ffd48,0x00000000f5600000)
  from space 87040K, 99% used [0x00000000fab00000,0x00000000ffffb310,0x0000000100000000)
  to   space 87040K, 0% used [0x00000000f5600000,0x00000000f5600000,0x00000000fab00000)
 ParOldGen       total 1398272K, used 51405K [0x0000000080000000, 0x00000000d5580000, 0x00000000d5580000)
  object space 1398272K, 3% used [0x0000000080000000,0x0000000083233610,0x00000000d5580000)
 Metaspace       used 69524K, capacity 72722K, committed 72832K, reserved 1114112K
  class space    used 7676K, capacity 8244K, committed 8320K, reserved 1048576K
Event: 225.748 GC heap after
Heap after GC invocations=8 (full 3):
 PSYoungGen      total 604160K, used 78922K [0x00000000d5580000, 0x0000000100000000, 0x0000000100000000)
  eden space 524800K, 0% used [0x00000000d5580000,0x00000000d5580000,0x00000000f5600000)
  from space 79360K, 99% used [0x00000000f5600000,0x00000000fa3128b8,0x00000000fa380000)
  to   space 94720K, 0% used [0x00000000fa380000,0x00000000fa380000,0x0000000100000000)
 ParOldGen       total 1398272K, used 51413K [0x0000000080000000, 0x00000000d5580000, 0x00000000d5580000)
  object space 1398272K, 3% used [0x0000000080000000,0x0000000083235610,0x00000000d5580000)
 Metaspace       used 69524K, capacity 72722K, committed 72832K, reserved 1114112K
  class space    used 7676K, capacity 8244K, committed 8320K, reserved 1048576K
}
Event: 291.175 GC heap before
{Heap before GC invocations=9 (full 3):
 PSYoungGen      total 604160K, used 603722K [0x00000000d5580000, 0x0000000100000000, 0x0000000100000000)
  eden space 524800K, 100% used [0x00000000d5580000,0x00000000f5600000,0x00000000f5600000)
  from space 79360K, 99% used [0x00000000f5600000,0x00000000fa3128b8,0x00000000fa380000)
  to   space 94720K, 0% used [0x00000000fa380000,0x00000000fa380000,0x0000000100000000)
 ParOldGen       total 1398272K, used 51413K [0x0000000080000000, 0x00000000d5580000, 0x00000000d5580000)
  object space 1398272K, 3% used [0x0000000080000000,0x0000000083235610,0x00000000d5580000)
 Metaspace       used 70456K, capacity 73764K, committed 73856K, reserved 1114112K
  class space    used 7704K, capacity 8277K, committed 8320K, reserved 1048576K
Event: 291.325 GC heap after
Heap after GC invocations=9 (full 3):
 PSYoungGen      total 547840K, used 92194K [0x00000000d5580000, 0x0000000100000000, 0x0000000100000000)
  eden space 453120K, 0% used [0x00000000d5580000,0x00000000d5580000,0x00000000f1000000)
  from space 94720K, 97% used [0x00000000fa380000,0x00000000ffd88928,0x0000000100000000)
  to   space 122880K, 0% used [0x00000000f1000000,0x00000000f1000000,0x00000000f8800000)
 ParOldGen       total 1398272K, used 51421K [0x0000000080000000, 0x00000000d5580000, 0x00000000d5580000)
  object space 1398272K, 3% used [0x0000000080000000,0x0000000083237610,0x00000000d5580000)
 Metaspace       used 70456K, capacity 73764K, committed 73856K, reserved 1114112K
  class space    used 7704K, capacity 8277K, committed 8320K, reserved 1048576K
}
Event: 340.723 GC heap before
{Heap before GC invocations=10 (full 3):
 PSYoungGen      total 547840K, used 545314K [0x00000000d5580000, 0x0000000100000000, 0x0000000100000000)
  eden space 453120K, 100% used [0x00000000d5580000,0x00000000f1000000,0x00000000f1000000)
  from space 94720K, 97% used [0x00000000fa380000,0x00000000ffd88928,0x0000000100000000)
  to   space 122880K, 0% used [0x00000000f1000000,0x00000000f1000000,0x00000000f8800000)
 ParOldGen       total 1398272K, used 51421K [0x0000000080000000, 0x00000000d5580000, 0x00000000d5580000)
  object space 1398272K, 3% used [0x0000000080000000,0x0000000083237610,0x00000000d5580000)
 Metaspace       used 71107K, capacity 74486K, committed 74752K, reserved 1116160K
  class space    used 7733K, capacity 8322K, committed 8448K, reserved 1048576K
Event: 340.882 GC heap after
Heap after GC invocations=10 (full 3):
 PSYoungGen      total 551936K, used 98371K [0x00000000d5580000, 0x0000000100000000, 0x0000000100000000)
  eden space 453120K, 0% used [0x00000000d5580000,0x00000000d5580000,0x00000000f1000000)
  from space 98816K, 99% used [0x00000000f1000000,0x00000000f7010ef0,0x00000000f7080000)
  to   space 135168K, 0% used [0x00000000f7c00000,0x00000000f7c00000,0x0000000100000000)
 ParOldGen       total 1398272K, used 51429K [0x0000000080000000, 0x00000000d5580000, 0x00000000d5580000)
  object space 1398272K, 3% used [0x0000000080000000,0x0000000083239610,0x00000000d5580000)
 Metaspace       used 71107K, capacity 74486K, committed 74752K, reserved 1116160K
  class space    used 7733K, capacity 8322K, committed 8448K, reserved 1048576K
}

