# JRE version: OpenJDK Runtime Environment (8.0_212-b04) (build 1.8.0_212-b04)
# Java VM: OpenJDK 64-Bit Server VM (25.212-b04 mixed mode linux-amd64 compressed oops)
Heap:
 PSYoungGen      total 501248K, used 407028K [0x00000000d5580000, 0x0000000100000000, 0x0000000100000000)
  eden space 414208K, 77% used [0x00000000d5580000,0x00000000e8ec7760,0x00000000eea00000)
  from space 87040K, 99% used [0x00000000fab00000,0x00000000fff35b58,0x0000000100000000)
  to   space 142336K, 0% used [0x00000000eea00000,0x00000000eea00000,0x00000000f7500000)
 ParOldGen       total 1398272K, used 115771K [0x0000000080000000, 0x00000000d5580000, 0x00000000d5580000)
  object space 1398272K, 8% used [0x0000000080000000,0x000000008710ed40,0x00000000d5580000)
 Metaspace       used 71143K, capacity 74902K, committed 75136K, reserved 1116160K
  class space    used 7805K, capacity 8471K, committed 8576K, reserved 1048576K
GC Heap History (10 events):
Event: 10.675 GC heap before
{Heap before GC invocations=5 (full 2):
 PSYoungGen      total 611840K, used 495636K [0x00000000d5580000, 0x0000000100000000, 0x0000000100000000)
  eden space 524800K, 94% used [0x00000000d5580000,0x00000000f39850c0,0x00000000f5600000)
  from space 87040K, 0% used [0x00000000fab00000,0x00000000fab00000,0x0000000100000000)
  to   space 87040K, 0% used [0x00000000f5600000,0x00000000f5600000,0x00000000fab00000)
 ParOldGen       total 1398272K, used 23646K [0x0000000080000000, 0x00000000d5580000, 0x00000000d5580000)
  object space 1398272K, 1% used [0x0000000080000000,0x0000000081717b70,0x00000000d5580000)
 Metaspace       used 57375K, capacity 58898K, committed 59008K, reserved 1101824K
  class space    used 6658K, capacity 6963K, committed 7040K, reserved 1048576K
Event: 10.726 GC heap after
Heap after GC invocations=5 (full 2):
 PSYoungGen      total 611840K, used 30928K [0x00000000d5580000, 0x0000000100000000, 0x0000000100000000)
  eden space 524800K, 0% used [0x00000000d5580000,0x00000000d5580000,0x00000000f5600000)
  from space 87040K, 35% used [0x00000000f5600000,0x00000000f7434028,0x00000000fab00000)
  to   space 87040K, 0% used [0x00000000fab00000,0x00000000fab00000,0x0000000100000000)
 ParOldGen       total 1398272K, used 23654K [0x0000000080000000, 0x00000000d5580000, 0x00000000d5580000)
  object space 1398272K, 1% used [0x0000000080000000,0x0000000081719b70,0x00000000d5580000)
 Metaspace       used 57375K, capacity 58898K, committed 59008K, reserved 1101824K
  class space    used 6658K, capacity 6963K, committed 7040K, reserved 1048576K
}
Event: 10.726 GC heap before
{Heap before GC invocations=6 (full 3):
 PSYoungGen      total 611840K, used 30928K [0x00000000d5580000, 0x0000000100000000, 0x0000000100000000)
  eden space 524800K, 0% used [0x00000000d5580000,0x00000000d5580000,0x00000000f5600000)
  from space 87040K, 35% used [0x00000000f5600000,0x00000000f7434028,0x00000000fab00000)
  to   space 87040K, 0% used [0x00000000fab00000,0x00000000fab00000,0x0000000100000000)
 ParOldGen       total 1398272K, used 23654K [0x0000000080000000, 0x00000000d5580000, 0x00000000d5580000)
  object space 1398272K, 1% used [0x0000000080000000,0x0000000081719b70,0x00000000d5580000)
 Metaspace       used 57375K, capacity 58898K, committed 59008K, reserved 1101824K
  class space    used 6658K, capacity 6963K, committed 7040K, reserved 1048576K
Event: 11.009 GC heap after
Heap after GC invocations=6 (full 3):
 PSYoungGen      total 611840K, used 0K [0x00000000d5580000, 0x0000000100000000, 0x0000000100000000)
  eden space 524800K, 0% used [0x00000000d5580000,0x00000000d5580000,0x00000000f5600000)
  from space 87040K, 0% used [0x00000000f5600000,0x00000000f5600000,0x00000000fab00000)
  to   space 87040K, 0% used [0x00000000fab00000,0x00000000fab00000,0x0000000100000000)
 ParOldGen       total 1398272K, used 41474K [0x0000000080000000, 0x00000000d5580000, 0x00000000d5580000)
  object space 1398272K, 2% used [0x0000000080000000,0x0000000082880a10,0x00000000d5580000)
 Metaspace       used 57329K, capacity 58780K, committed 59008K, reserved 1101824K
  class space    used 6641K, capacity 6934K, committed 7040K, reserved 1048576K
}
Event: 49.111 GC heap before
{Heap before GC invocations=7 (full 3):
 PSYoungGen      total 611840K, used 524800K [0x00000000d5580000, 0x0000000100000000, 0x0000000100000000)
  eden space 524800K, 100% used [0x00000000d5580000,0x00000000f5600000,0x00000000f5600000)
  from space 87040K, 0% used [0x00000000f5600000,0x00000000f5600000,0x00000000fab00000)
  to   space 87040K, 0% used [0x00000000fab00000,0x00000000fab00000,0x0000000100000000)
 ParOldGen       total 1398272K, used 41474K [0x0000000080000000, 0x00000000d5580000, 0x00000000d5580000)
  object space 1398272K, 2% used [0x0000000080000000,0x0000000082880a10,0x00000000d5580000)
 Metaspace       used 66263K, capacity 69138K, committed 69376K, reserved 1110016K
  class space    used 7597K, capacity 8113K, committed 8192K, reserved 1048576K
Event: 49.176 GC heap after
Heap after GC invocations=7 (full 3):
 PSYoungGen      total 611840K, used 47398K [0x00000000d5580000, 0x0000000100000000, 0x0000000100000000)
  eden space 524800K, 0% used [0x00000000d5580000,0x00000000d5580000,0x00000000f5600000)
  from space 87040K, 54% used [0x00000000fab00000,0x00000000fd949888,0x0000000100000000)
  to   space 87040K, 0% used [0x00000000f5600000,0x00000000f5600000,0x00000000fab00000)
 ParOldGen       total 1398272K, used 41482K [0x0000000080000000, 0x00000000d5580000, 0x00000000d5580000)
  object space 1398272K, 2% used [0x0000000080000000,0x0000000082882a10,0x00000000d5580000)
 Metaspace       used 66263K, capacity 69138K, committed 69376K, reserved 1110016K
  class space    used 7597K, capacity 8113K, committed 8192K, reserved 1048576K
}
Event: 434.268 GC heap before
{Heap before GC invocations=8 (full 3):
 PSYoungGen      total 611840K, used 572198K [0x00000000d5580000, 0x0000000100000000, 0x0000000100000000)
  eden space 524800K, 100% used [0x00000000d5580000,0x00000000f5600000,0x00000000f5600000)
  from space 87040K, 54% used [0x00000000fab00000,0x00000000fd949888,0x0000000100000000)
  to   space 87040K, 0% used [0x00000000f5600000,0x00000000f5600000,0x00000000fab00000)
 ParOldGen       total 1398272K, used 41482K [0x0000000080000000, 0x00000000d5580000, 0x00000000d5580000)
  object space 1398272K, 2% used [0x0000000080000000,0x0000000082882a10,0x00000000d5580000)
 Metaspace       used 69244K, capacity 72538K, committed 72576K, reserved 1114112K
  class space    used 7711K, capacity 8309K, committed 8320K, reserved 1048576K
Event: 434.480 GC heap after
Heap after GC invocations=8 (full 3):
 PSYoungGen      total 611840K, used 87020K [0x00000000d5580000, 0x0000000100000000, 0x0000000100000000)
  eden space 524800K, 0% used [0x00000000d5580000,0x00000000d5580000,0x00000000f5600000)
  from space 87040K, 99% used [0x00000000f5600000,0x00000000faafb188,0x00000000fab00000)
  to   space 87040K, 0% used [0x00000000fab00000,0x00000000fab00000,0x0000000100000000)
 ParOldGen       total 1398272K, used 115755K [0x0000000080000000, 0x00000000d5580000, 0x00000000d5580000)
  object space 1398272K, 8% used [0x0000000080000000,0x000000008710ad40,0x00000000d5580000)
 Metaspace       used 69244K, capacity 72538K, committed 72576K, reserved 1114112K
  class space    used 7711K, capacity 8309K, committed 8320K, reserved 1048576K
}
Event: 558.801 GC heap before
{Heap before GC invocations=9 (full 3):
 PSYoungGen      total 611840K, used 611820K [0x00000000d5580000, 0x0000000100000000, 0x0000000100000000)
  eden space 524800K, 100% used [0x00000000d5580000,0x00000000f5600000,0x00000000f5600000)
  from space 87040K, 99% used [0x00000000f5600000,0x00000000faafb188,0x00000000fab00000)
  to   space 87040K, 0% used [0x00000000fab00000,0x00000000fab00000,0x0000000100000000)
 ParOldGen       total 1398272K, used 115755K [0x0000000080000000, 0x00000000d5580000, 0x00000000d5580000)
  object space 1398272K, 8% used [0x0000000080000000,0x000000008710ad40,0x00000000d5580000)
 Metaspace       used 70507K, capacity 74066K, committed 74240K, reserved 1116160K
  class space    used 7770K, capacity 8409K, committed 8448K, reserved 1048576K
Event: 558.926 GC heap after
Heap after GC invocations=9 (full 3):
 PSYoungGen      total 501248K, used 86230K [0x00000000d5580000, 0x0000000100000000, 0x0000000100000000)
  eden space 414208K, 0% used [0x00000000d5580000,0x00000000d5580000,0x00000000eea00000)
  from space 87040K, 99% used [0x00000000fab00000,0x00000000fff35b58,0x0000000100000000)
  to   space 142336K, 0% used [0x00000000eea00000,0x00000000eea00000,0x00000000f7500000)
 ParOldGen       total 1398272K, used 115771K [0x0000000080000000, 0x00000000d5580000, 0x00000000d5580000)
  object space 1398272K, 8% used [0x0000000080000000,0x000000008710ed40,0x00000000d5580000)
 Metaspace       used 70507K, capacity 74066K, committed 74240K, reserved 1116160K
  class space    used 7770K, capacity 8409K, committed 8448K, reserved 1048576K
}

