# JRE version: OpenJDK Runtime Environment (8.0_212-b04) (build 1.8.0_212-b04)
# Java VM: OpenJDK 64-Bit Server VM (25.212-b04 mixed mode linux-amd64 compressed oops)
Heap:
 PSYoungGen      total 611840K, used 518167K [0x00000000d5580000, 0x0000000100000000, 0x0000000100000000)
  eden space 524800K, 98% used [0x00000000d5580000,0x00000000f4f85f68,0x00000000f5600000)
  from space 87040K, 0% used [0x00000000fab00000,0x00000000fab00000,0x0000000100000000)
  to   space 87040K, 0% used [0x00000000f5600000,0x00000000f5600000,0x00000000fab00000)
 ParOldGen       total 1398272K, used 32436K [0x0000000080000000, 0x00000000d5580000, 0x00000000d5580000)
  object space 1398272K, 2% used [0x0000000080000000,0x0000000081fad250,0x00000000d5580000)
 Metaspace       used 76453K, capacity 79391K, committed 79616K, reserved 1120256K
  class space    used 8930K, capacity 9456K, committed 9472K, reserved 1048576K
GC Heap History (10 events):
Event: 3.996 GC heap before
{Heap before GC invocations=3 (full 1):
 PSYoungGen      total 611840K, used 354251K [0x00000000d5580000, 0x0000000100000000, 0x0000000100000000)
  eden space 524800K, 67% used [0x00000000d5580000,0x00000000eaf72fc8,0x00000000f5600000)
  from space 87040K, 0% used [0x00000000f5600000,0x00000000f5600000,0x00000000fab00000)
  to   space 87040K, 0% used [0x00000000fab00000,0x00000000fab00000,0x0000000100000000)
 ParOldGen       total 901632K, used 13513K [0x0000000080000000, 0x00000000b7080000, 0x00000000d5580000)
  object space 901632K, 1% used [0x0000000080000000,0x0000000080d325f8,0x00000000b7080000)
 Metaspace       used 34746K, capacity 35018K, committed 35416K, reserved 1081344K
  class space    used 4190K, capacity 4289K, committed 4352K, reserved 1048576K
Event: 4.030 GC heap after
Heap after GC invocations=3 (full 1):
 PSYoungGen      total 611840K, used 19456K [0x00000000d5580000, 0x0000000100000000, 0x0000000100000000)
  eden space 524800K, 0% used [0x00000000d5580000,0x00000000d5580000,0x00000000f5600000)
  from space 87040K, 22% used [0x00000000fab00000,0x00000000fbe002b8,0x0000000100000000)
  to   space 87040K, 0% used [0x00000000f5600000,0x00000000f5600000,0x00000000fab00000)
 ParOldGen       total 901632K, used 13513K [0x0000000080000000, 0x00000000b7080000, 0x00000000d5580000)
  object space 901632K, 1% used [0x0000000080000000,0x0000000080d325f8,0x00000000b7080000)
 Metaspace       used 34746K, capacity 35018K, committed 35416K, reserved 1081344K
  class space    used 4190K, capacity 4289K, committed 4352K, reserved 1048576K
}
Event: 4.030 GC heap before
{Heap before GC invocations=4 (full 2):
 PSYoungGen      total 611840K, used 19456K [0x00000000d5580000, 0x0000000100000000, 0x0000000100000000)
  eden space 524800K, 0% used [0x00000000d5580000,0x00000000d5580000,0x00000000f5600000)
  from space 87040K, 22% used [0x00000000fab00000,0x00000000fbe002b8,0x0000000100000000)
  to   space 87040K, 0% used [0x00000000f5600000,0x00000000f5600000,0x00000000fab00000)
 ParOldGen       total 901632K, used 13513K [0x0000000080000000, 0x00000000b7080000, 0x00000000d5580000)
  object space 901632K, 1% used [0x0000000080000000,0x0000000080d325f8,0x00000000b7080000)
 Metaspace       used 34746K, capacity 35018K, committed 35416K, reserved 1081344K
  class space    used 4190K, capacity 4289K, committed 4352K, reserved 1048576K
Event: 4.136 GC heap after
Heap after GC invocations=4 (full 2):
 PSYoungGen      total 611840K, used 0K [0x00000000d5580000, 0x0000000100000000, 0x0000000100000000)
  eden space 524800K, 0% used [0x00000000d5580000,0x00000000d5580000,0x00000000f5600000)
  from space 87040K, 0% used [0x00000000fab00000,0x00000000fab00000,0x0000000100000000)
  to   space 87040K, 0% used [0x00000000f5600000,0x00000000f5600000,0x00000000fab00000)
 ParOldGen       total 1398272K, used 24293K [0x0000000080000000, 0x00000000d5580000, 0x00000000d5580000)
  object space 1398272K, 1% used [0x0000000080000000,0x00000000817b95a8,0x00000000d5580000)
 Metaspace       used 34746K, capacity 35018K, committed 35416K, reserved 1081344K
  class space    used 4190K, capacity 4289K, committed 4352K, reserved 1048576K
}
Event: 6.734 GC heap before
{Heap before GC invocations=5 (full 2):
 PSYoungGen      total 611840K, used 524800K [0x00000000d5580000, 0x0000000100000000, 0x0000000100000000)
  eden space 524800K, 100% used [0x00000000d5580000,0x00000000f5600000,0x00000000f5600000)
  from space 87040K, 0% used [0x00000000fab00000,0x00000000fab00000,0x0000000100000000)
  to   space 87040K, 0% used [0x00000000f5600000,0x00000000f5600000,0x00000000fab00000)
 ParOldGen       total 1398272K, used 24293K [0x0000000080000000, 0x00000000d5580000, 0x00000000d5580000)
  object space 1398272K, 1% used [0x0000000080000000,0x00000000817b95a8,0x00000000d5580000)
 Metaspace       used 49363K, capacity 50210K, committed 50432K, reserved 1093632K
  class space    used 5883K, capacity 6085K, committed 6144K, reserved 1048576K
Event: 6.765 GC heap after
Heap after GC invocations=5 (full 2):
 PSYoungGen      total 611840K, used 20307K [0x00000000d5580000, 0x0000000100000000, 0x0000000100000000)
  eden space 524800K, 0% used [0x00000000d5580000,0x00000000d5580000,0x00000000f5600000)
  from space 87040K, 23% used [0x00000000f5600000,0x00000000f69d4dc0,0x00000000fab00000)
  to   space 87040K, 0% used [0x00000000fab00000,0x00000000fab00000,0x0000000100000000)
 ParOldGen       total 1398272K, used 24301K [0x0000000080000000, 0x00000000d5580000, 0x00000000d5580000)
  object space 1398272K, 1% used [0x0000000080000000,0x00000000817bb5a8,0x00000000d5580000)
 Metaspace       used 49363K, capacity 50210K, committed 50432K, reserved 1093632K
  class space    used 5883K, capacity 6085K, committed 6144K, reserved 1048576K
}
Event: 11.171 GC heap before
{Heap before GC invocations=6 (full 2):
 PSYoungGen      total 611840K, used 331877K [0x00000000d5580000, 0x0000000100000000, 0x0000000100000000)
  eden space 524800K, 59% used [0x00000000d5580000,0x00000000e85c4718,0x00000000f5600000)
  from space 87040K, 23% used [0x00000000f5600000,0x00000000f69d4dc0,0x00000000fab00000)
  to   space 87040K, 0% used [0x00000000fab00000,0x00000000fab00000,0x0000000100000000)
 ParOldGen       total 1398272K, used 24301K [0x0000000080000000, 0x00000000d5580000, 0x00000000d5580000)
  object space 1398272K, 1% used [0x0000000080000000,0x00000000817bb5a8,0x00000000d5580000)
 Metaspace       used 57760K, capacity 58981K, committed 59028K, reserved 1101824K
  class space    used 6947K, capacity 7168K, committed 7168K, reserved 1048576K
Event: 11.202 GC heap after
Heap after GC invocations=6 (full 2):
 PSYoungGen      total 611840K, used 19940K [0x00000000d5580000, 0x0000000100000000, 0x0000000100000000)
  eden space 524800K, 0% used [0x00000000d5580000,0x00000000d5580000,0x00000000f5600000)
  from space 87040K, 22% used [0x00000000fab00000,0x00000000fbe792a0,0x0000000100000000)
  to   space 87040K, 0% used [0x00000000f5600000,0x00000000f5600000,0x00000000fab00000)
 ParOldGen       total 1398272K, used 24309K [0x0000000080000000, 0x00000000d5580000, 0x00000000d5580000)
  object space 1398272K, 1% used [0x0000000080000000,0x00000000817bd5a8,0x00000000d5580000)
 Metaspace       used 57760K, capacity 58981K, committed 59028K, reserved 1101824K
  class space    used 6947K, capacity 7168K, committed 7168K, reserved 1048576K
}
Event: 11.202 GC heap before
{Heap before GC invocations=7 (full 3):
 PSYoungGen      total 611840K, used 19940K [0x00000000d5580000, 0x0000000100000000, 0x0000000100000000)
  eden space 524800K, 0% used [0x00000000d5580000,0x00000000d5580000,0x00000000f5600000)
  from space 87040K, 22% used [0x00000000fab00000,0x00000000fbe792a0,0x0000000100000000)
  to   space 87040K, 0% used [0x00000000f5600000,0x00000000f5600000,0x00000000fab00000)
 ParOldGen       total 1398272K, used 24309K [0x0000000080000000, 0x00000000d5580000, 0x00000000d5580000)
  object space 1398272K, 1% used [0x0000000080000000,0x00000000817bd5a8,0x00000000d5580000)
 Metaspace       used 57760K, capacity 58981K, committed 59028K, reserved 1101824K
  class space    used 6947K, capacity 7168K, committed 7168K, reserved 1048576K
Event: 11.458 GC heap after
Heap after GC invocations=7 (full 3):
 PSYoungGen      total 611840K, used 0K [0x00000000d5580000, 0x0000000100000000, 0x0000000100000000)
  eden space 524800K, 0% used [0x00000000d5580000,0x00000000d5580000,0x00000000f5600000)
  from space 87040K, 0% used [0x00000000fab00000,0x00000000fab00000,0x0000000100000000)
  to   space 87040K, 0% used [0x00000000f5600000,0x00000000f5600000,0x00000000fab00000)
 ParOldGen       total 1398272K, used 32436K [0x0000000080000000, 0x00000000d5580000, 0x00000000d5580000)
  object space 1398272K, 2% used [0x0000000080000000,0x0000000081fad250,0x00000000d5580000)
 Metaspace       used 57690K, capacity 58813K, committed 59028K, reserved 1101824K
  class space    used 6922K, capacity 7124K, committed 7168K, reserved 1048576K
}

