# JRE version: OpenJDK Runtime Environment (8.0_212-b04) (build 1.8.0_212-b04)
# Java VM: OpenJDK 64-Bit Server VM (25.212-b04 mixed mode linux-amd64 compressed oops)
Heap:
 PSYoungGen      total 611840K, used 255555K [0x00000000d5580000, 0x0000000100000000, 0x0000000100000000)
  eden space 524800K, 39% used [0x00000000d5580000,0x00000000e1fcdf48,0x00000000f5600000)
  from space 87040K, 55% used [0x00000000fab00000,0x00000000fda43018,0x0000000100000000)
  to   space 87040K, 0% used [0x00000000f5600000,0x00000000f5600000,0x00000000fab00000)
 ParOldGen       total 1398272K, used 40741K [0x0000000080000000, 0x00000000d5580000, 0x00000000d5580000)
  object space 1398272K, 2% used [0x0000000080000000,0x00000000827c9410,0x00000000d5580000)
 Metaspace       used 70331K, capacity 73831K, committed 73984K, reserved 1114112K
  class space    used 7791K, capacity 8382K, committed 8448K, reserved 1048576K
GC Heap History (10 events):
Event: 4.009 GC heap before
{Heap before GC invocations=3 (full 1):
 PSYoungGen      total 611840K, used 415302K [0x00000000d5580000, 0x0000000100000000, 0x0000000100000000)
  eden space 524800K, 79% used [0x00000000d5580000,0x00000000eeb11bc0,0x00000000f5600000)
  from space 87040K, 0% used [0x00000000f5600000,0x00000000f5600000,0x00000000fab00000)
  to   space 87040K, 0% used [0x00000000fab00000,0x00000000fab00000,0x0000000100000000)
 ParOldGen       total 877568K, used 13723K [0x0000000080000000, 0x00000000b5900000, 0x00000000d5580000)
  object space 877568K, 1% used [0x0000000080000000,0x0000000080d66fb0,0x00000000b5900000)
 Metaspace       used 34684K, capacity 35141K, committed 35416K, reserved 1081344K
  class space    used 3959K, capacity 4085K, committed 4096K, reserved 1048576K
Event: 4.039 GC heap after
Heap after GC invocations=3 (full 1):
 PSYoungGen      total 611840K, used 18566K [0x00000000d5580000, 0x0000000100000000, 0x0000000100000000)
  eden space 524800K, 0% used [0x00000000d5580000,0x00000000d5580000,0x00000000f5600000)
  from space 87040K, 21% used [0x00000000fab00000,0x00000000fbd219d0,0x0000000100000000)
  to   space 87040K, 0% used [0x00000000f5600000,0x00000000f5600000,0x00000000fab00000)
 ParOldGen       total 877568K, used 13731K [0x0000000080000000, 0x00000000b5900000, 0x00000000d5580000)
  object space 877568K, 1% used [0x0000000080000000,0x0000000080d68fb0,0x00000000b5900000)
 Metaspace       used 34684K, capacity 35141K, committed 35416K, reserved 1081344K
  class space    used 3959K, capacity 4085K, committed 4096K, reserved 1048576K
}
Event: 4.039 GC heap before
{Heap before GC invocations=4 (full 2):
 PSYoungGen      total 611840K, used 18566K [0x00000000d5580000, 0x0000000100000000, 0x0000000100000000)
  eden space 524800K, 0% used [0x00000000d5580000,0x00000000d5580000,0x00000000f5600000)
  from space 87040K, 21% used [0x00000000fab00000,0x00000000fbd219d0,0x0000000100000000)
  to   space 87040K, 0% used [0x00000000f5600000,0x00000000f5600000,0x00000000fab00000)
 ParOldGen       total 877568K, used 13731K [0x0000000080000000, 0x00000000b5900000, 0x00000000d5580000)
  object space 877568K, 1% used [0x0000000080000000,0x0000000080d68fb0,0x00000000b5900000)
 Metaspace       used 34684K, capacity 35141K, committed 35416K, reserved 1081344K
  class space    used 3959K, capacity 4085K, committed 4096K, reserved 1048576K
Event: 4.117 GC heap after
Heap after GC invocations=4 (full 2):
 PSYoungGen      total 611840K, used 0K [0x00000000d5580000, 0x0000000100000000, 0x0000000100000000)
  eden space 524800K, 0% used [0x00000000d5580000,0x00000000d5580000,0x00000000f5600000)
  from space 87040K, 0% used [0x00000000fab00000,0x00000000fab00000,0x0000000100000000)
  to   space 87040K, 0% used [0x00000000f5600000,0x00000000f5600000,0x00000000fab00000)
 ParOldGen       total 1398272K, used 22829K [0x0000000080000000, 0x00000000d5580000, 0x00000000d5580000)
  object space 1398272K, 1% used [0x0000000080000000,0x000000008164b748,0x00000000d5580000)
 Metaspace       used 34684K, capacity 35141K, committed 35416K, reserved 1081344K
  class space    used 3959K, capacity 4085K, committed 4096K, reserved 1048576K
}
Event: 10.875 GC heap before
{Heap before GC invocations=5 (full 2):
 PSYoungGen      total 611840K, used 390539K [0x00000000d5580000, 0x0000000100000000, 0x0000000100000000)
  eden space 524800K, 74% used [0x00000000d5580000,0x00000000ed2e2c80,0x00000000f5600000)
  from space 87040K, 0% used [0x00000000fab00000,0x00000000fab00000,0x0000000100000000)
  to   space 87040K, 0% used [0x00000000f5600000,0x00000000f5600000,0x00000000fab00000)
 ParOldGen       total 1398272K, used 22829K [0x0000000080000000, 0x00000000d5580000, 0x00000000d5580000)
  object space 1398272K, 1% used [0x0000000080000000,0x000000008164b748,0x00000000d5580000)
 Metaspace       used 57411K, capacity 58867K, committed 59008K, reserved 1101824K
  class space    used 6667K, capacity 6932K, committed 7040K, reserved 1048576K
Event: 10.935 GC heap after
Heap after GC invocations=5 (full 2):
 PSYoungGen      total 611840K, used 30680K [0x00000000d5580000, 0x0000000100000000, 0x0000000100000000)
  eden space 524800K, 0% used [0x00000000d5580000,0x00000000d5580000,0x00000000f5600000)
  from space 87040K, 35% used [0x00000000f5600000,0x00000000f73f6128,0x00000000fab00000)
  to   space 87040K, 0% used [0x00000000fab00000,0x00000000fab00000,0x0000000100000000)
 ParOldGen       total 1398272K, used 22837K [0x0000000080000000, 0x00000000d5580000, 0x00000000d5580000)
  object space 1398272K, 1% used [0x0000000080000000,0x000000008164d748,0x00000000d5580000)
 Metaspace       used 57411K, capacity 58867K, committed 59008K, reserved 1101824K
  class space    used 6667K, capacity 6932K, committed 7040K, reserved 1048576K
}
Event: 10.935 GC heap before
{Heap before GC invocations=6 (full 3):
 PSYoungGen      total 611840K, used 30680K [0x00000000d5580000, 0x0000000100000000, 0x0000000100000000)
  eden space 524800K, 0% used [0x00000000d5580000,0x00000000d5580000,0x00000000f5600000)
  from space 87040K, 35% used [0x00000000f5600000,0x00000000f73f6128,0x00000000fab00000)
  to   space 87040K, 0% used [0x00000000fab00000,0x00000000fab00000,0x0000000100000000)
 ParOldGen       total 1398272K, used 22837K [0x0000000080000000, 0x00000000d5580000, 0x00000000d5580000)
  object space 1398272K, 1% used [0x0000000080000000,0x000000008164d748,0x00000000d5580000)
 Metaspace       used 57411K, capacity 58867K, committed 59008K, reserved 1101824K
  class space    used 6667K, capacity 6932K, committed 7040K, reserved 1048576K
Event: 11.170 GC heap after
Heap after GC invocations=6 (full 3):
 PSYoungGen      total 611840K, used 0K [0x00000000d5580000, 0x0000000100000000, 0x0000000100000000)
  eden space 524800K, 0% used [0x00000000d5580000,0x00000000d5580000,0x00000000f5600000)
  from space 87040K, 0% used [0x00000000f5600000,0x00000000f5600000,0x00000000fab00000)
  to   space 87040K, 0% used [0x00000000fab00000,0x00000000fab00000,0x0000000100000000)
 ParOldGen       total 1398272K, used 40720K [0x0000000080000000, 0x00000000d5580000, 0x00000000d5580000)
  object space 1398272K, 2% used [0x0000000080000000,0x00000000827c42e0,0x00000000d5580000)
 Metaspace       used 57411K, capacity 58867K, committed 59008K, reserved 1101824K
  class space    used 6667K, capacity 6932K, committed 7040K, reserved 1048576K
}
Event: 20.396 GC heap before
{Heap before GC invocations=7 (full 3):
 PSYoungGen      total 611840K, used 524023K [0x00000000d5580000, 0x0000000100000000, 0x0000000100000000)
  eden space 524800K, 99% used [0x00000000d5580000,0x00000000f553dc00,0x00000000f5600000)
  from space 87040K, 0% used [0x00000000f5600000,0x00000000f5600000,0x00000000fab00000)
  to   space 87040K, 0% used [0x00000000fab00000,0x00000000fab00000,0x0000000100000000)
 ParOldGen       total 1398272K, used 40720K [0x0000000080000000, 0x00000000d5580000, 0x00000000d5580000)
  object space 1398272K, 2% used [0x0000000080000000,0x00000000827c42e0,0x00000000d5580000)
 Metaspace       used 68945K, capacity 72403K, committed 72704K, reserved 1114112K
  class space    used 7750K, capacity 8336K, committed 8448K, reserved 1048576K
Event: 20.446 GC heap after
Heap after GC invocations=7 (full 3):
 PSYoungGen      total 611840K, used 48396K [0x00000000d5580000, 0x0000000100000000, 0x0000000100000000)
  eden space 524800K, 0% used [0x00000000d5580000,0x00000000d5580000,0x00000000f5600000)
  from space 87040K, 55% used [0x00000000fab00000,0x00000000fda43018,0x0000000100000000)
  to   space 87040K, 0% used [0x00000000f5600000,0x00000000f5600000,0x00000000fab00000)
 ParOldGen       total 1398272K, used 40741K [0x0000000080000000, 0x00000000d5580000, 0x00000000d5580000)
  object space 1398272K, 2% used [0x0000000080000000,0x00000000827c9410,0x00000000d5580000)
 Metaspace       used 68945K, capacity 72403K, committed 72704K, reserved 1114112K
  class space    used 7750K, capacity 8336K, committed 8448K, reserved 1048576K
}

