# JRE version: OpenJDK Runtime Environment (8.0_212-b04) (build 1.8.0_212-b04)
# Java VM: OpenJDK 64-Bit Server VM (25.212-b04 mixed mode linux-amd64 compressed oops)
Heap:
 PSYoungGen      total 611840K, used 201909K [0x00000000d5580000, 0x0000000100000000, 0x0000000100000000)
  eden space 524800K, 38% used [0x00000000d5580000,0x00000000e1aad518,0x00000000f5600000)
  from space 87040K, 0% used [0x00000000f5600000,0x00000000f5600000,0x00000000fab00000)
  to   space 87040K, 0% used [0x00000000fab00000,0x00000000fab00000,0x0000000100000000)
 ParOldGen       total 1398272K, used 46208K [0x0000000080000000, 0x00000000d5580000, 0x00000000d5580000)
  object space 1398272K, 3% used [0x0000000080000000,0x0000000082d20350,0x00000000d5580000)
 Metaspace       used 62894K, capacity 65272K, committed 65408K, reserved 1107968K
  class space    used 7269K, capacity 7698K, committed 7808K, reserved 1048576K
GC Heap History (10 events):
Event: 2.038 GC heap before
{Heap before GC invocations=2 (full 1):
 PSYoungGen      total 611840K, used 14284K [0x00000000d5580000, 0x0000000100000000, 0x0000000100000000)
  eden space 524800K, 0% used [0x00000000d5580000,0x00000000d5580000,0x00000000f5600000)
  from space 87040K, 16% used [0x00000000f5600000,0x00000000f63f3260,0x00000000fab00000)
  to   space 87040K, 0% used [0x00000000fab00000,0x00000000fab00000,0x0000000100000000)
 ParOldGen       total 1398272K, used 80K [0x0000000080000000, 0x00000000d5580000, 0x00000000d5580000)
  object space 1398272K, 0% used [0x0000000080000000,0x0000000080014010,0x00000000d5580000)
 Metaspace       used 20723K, capacity 21048K, committed 21296K, reserved 1069056K
  class space    used 2332K, capacity 2419K, committed 2432K, reserved 1048576K
Event: 2.103 GC heap after
Heap after GC invocations=2 (full 1):
 PSYoungGen      total 611840K, used 0K [0x00000000d5580000, 0x0000000100000000, 0x0000000100000000)
  eden space 524800K, 0% used [0x00000000d5580000,0x00000000d5580000,0x00000000f5600000)
  from space 87040K, 0% used [0x00000000f5600000,0x00000000f5600000,0x00000000fab00000)
  to   space 87040K, 0% used [0x00000000fab00000,0x00000000fab00000,0x0000000100000000)
 ParOldGen       total 846848K, used 13698K [0x0000000080000000, 0x00000000b3b00000, 0x00000000d5580000)
  object space 846848K, 1% used [0x0000000080000000,0x0000000080d60bf0,0x00000000b3b00000)
 Metaspace       used 20723K, capacity 21048K, committed 21296K, reserved 1069056K
  class space    used 2332K, capacity 2419K, committed 2432K, reserved 1048576K
}
Event: 4.072 GC heap before
{Heap before GC invocations=3 (full 1):
 PSYoungGen      total 611840K, used 480329K [0x00000000d5580000, 0x0000000100000000, 0x0000000100000000)
  eden space 524800K, 91% used [0x00000000d5580000,0x00000000f2a92438,0x00000000f5600000)
  from space 87040K, 0% used [0x00000000f5600000,0x00000000f5600000,0x00000000fab00000)
  to   space 87040K, 0% used [0x00000000fab00000,0x00000000fab00000,0x0000000100000000)
 ParOldGen       total 846848K, used 13698K [0x0000000080000000, 0x00000000b3b00000, 0x00000000d5580000)
  object space 846848K, 1% used [0x0000000080000000,0x0000000080d60bf0,0x00000000b3b00000)
 Metaspace       used 34664K, capacity 35034K, committed 35496K, reserved 1081344K
  class space    used 3944K, capacity 4061K, committed 4096K, reserved 1048576K
Event: 4.101 GC heap after
Heap after GC invocations=3 (full 1):
 PSYoungGen      total 611840K, used 19283K [0x00000000d5580000, 0x0000000100000000, 0x0000000100000000)
  eden space 524800K, 0% used [0x00000000d5580000,0x00000000d5580000,0x00000000f5600000)
  from space 87040K, 22% used [0x00000000fab00000,0x00000000fbdd4de8,0x0000000100000000)
  to   space 87040K, 0% used [0x00000000f5600000,0x00000000f5600000,0x00000000fab00000)
 ParOldGen       total 846848K, used 13698K [0x0000000080000000, 0x00000000b3b00000, 0x00000000d5580000)
  object space 846848K, 1% used [0x0000000080000000,0x0000000080d60bf0,0x00000000b3b00000)
 Metaspace       used 34664K, capacity 35034K, committed 35496K, reserved 1081344K
  class space    used 3944K, capacity 4061K, committed 4096K, reserved 1048576K
}
Event: 4.101 GC heap before
{Heap before GC invocations=4 (full 2):
 PSYoungGen      total 611840K, used 19283K [0x00000000d5580000, 0x0000000100000000, 0x0000000100000000)
  eden space 524800K, 0% used [0x00000000d5580000,0x00000000d5580000,0x00000000f5600000)
  from space 87040K, 22% used [0x00000000fab00000,0x00000000fbdd4de8,0x0000000100000000)
  to   space 87040K, 0% used [0x00000000f5600000,0x00000000f5600000,0x00000000fab00000)
 ParOldGen       total 846848K, used 13698K [0x0000000080000000, 0x00000000b3b00000, 0x00000000d5580000)
  object space 846848K, 1% used [0x0000000080000000,0x0000000080d60bf0,0x00000000b3b00000)
 Metaspace       used 34664K, capacity 35034K, committed 35496K, reserved 1081344K
  class space    used 3944K, capacity 4061K, committed 4096K, reserved 1048576K
Event: 4.184 GC heap after
Heap after GC invocations=4 (full 2):
 PSYoungGen      total 611840K, used 0K [0x00000000d5580000, 0x0000000100000000, 0x0000000100000000)
  eden space 524800K, 0% used [0x00000000d5580000,0x00000000d5580000,0x00000000f5600000)
  from space 87040K, 0% used [0x00000000fab00000,0x00000000fab00000,0x0000000100000000)
  to   space 87040K, 0% used [0x00000000f5600000,0x00000000f5600000,0x00000000fab00000)
 ParOldGen       total 1398272K, used 23587K [0x0000000080000000, 0x00000000d5580000, 0x00000000d5580000)
  object space 1398272K, 1% used [0x0000000080000000,0x0000000081708fa0,0x00000000d5580000)
 Metaspace       used 34664K, capacity 35034K, committed 35496K, reserved 1081344K
  class space    used 3944K, capacity 4061K, committed 4096K, reserved 1048576K
}
Event: 10.067 GC heap before
{Heap before GC invocations=5 (full 2):
 PSYoungGen      total 611840K, used 410137K [0x00000000d5580000, 0x0000000100000000, 0x0000000100000000)
  eden space 524800K, 78% used [0x00000000d5580000,0x00000000ee606628,0x00000000f5600000)
  from space 87040K, 0% used [0x00000000fab00000,0x00000000fab00000,0x0000000100000000)
  to   space 87040K, 0% used [0x00000000f5600000,0x00000000f5600000,0x00000000fab00000)
 ParOldGen       total 1398272K, used 23587K [0x0000000080000000, 0x00000000d5580000, 0x00000000d5580000)
  object space 1398272K, 1% used [0x0000000080000000,0x0000000081708fa0,0x00000000d5580000)
 Metaspace       used 57636K, capacity 59084K, committed 59160K, reserved 1101824K
  class space    used 6681K, capacity 6984K, committed 7040K, reserved 1048576K
Event: 10.124 GC heap after
Heap after GC invocations=5 (full 2):
 PSYoungGen      total 611840K, used 35699K [0x00000000d5580000, 0x0000000100000000, 0x0000000100000000)
  eden space 524800K, 0% used [0x00000000d5580000,0x00000000d5580000,0x00000000f5600000)
  from space 87040K, 41% used [0x00000000f5600000,0x00000000f78dcc18,0x00000000fab00000)
  to   space 87040K, 0% used [0x00000000fab00000,0x00000000fab00000,0x0000000100000000)
 ParOldGen       total 1398272K, used 23587K [0x0000000080000000, 0x00000000d5580000, 0x00000000d5580000)
  object space 1398272K, 1% used [0x0000000080000000,0x0000000081708fa0,0x00000000d5580000)
 Metaspace       used 57636K, capacity 59084K, committed 59160K, reserved 1101824K
  class space    used 6681K, capacity 6984K, committed 7040K, reserved 1048576K
}
Event: 10.124 GC heap before
{Heap before GC invocations=6 (full 3):
 PSYoungGen      total 611840K, used 35699K [0x00000000d5580000, 0x0000000100000000, 0x0000000100000000)
  eden space 524800K, 0% used [0x00000000d5580000,0x00000000d5580000,0x00000000f5600000)
  from space 87040K, 41% used [0x00000000f5600000,0x00000000f78dcc18,0x00000000fab00000)
  to   space 87040K, 0% used [0x00000000fab00000,0x00000000fab00000,0x0000000100000000)
 ParOldGen       total 1398272K, used 23587K [0x0000000080000000, 0x00000000d5580000, 0x00000000d5580000)
  object space 1398272K, 1% used [0x0000000080000000,0x0000000081708fa0,0x00000000d5580000)
 Metaspace       used 57636K, capacity 59084K, committed 59160K, reserved 1101824K
  class space    used 6681K, capacity 6984K, committed 7040K, reserved 1048576K
Event: 10.361 GC heap after
Heap after GC invocations=6 (full 3):
 PSYoungGen      total 611840K, used 0K [0x00000000d5580000, 0x0000000100000000, 0x0000000100000000)
  eden space 524800K, 0% used [0x00000000d5580000,0x00000000d5580000,0x00000000f5600000)
  from space 87040K, 0% used [0x00000000f5600000,0x00000000f5600000,0x00000000fab00000)
  to   space 87040K, 0% used [0x00000000fab00000,0x00000000fab00000,0x0000000100000000)
 ParOldGen       total 1398272K, used 46208K [0x0000000080000000, 0x00000000d5580000, 0x00000000d5580000)
  object space 1398272K, 3% used [0x0000000080000000,0x0000000082d20350,0x00000000d5580000)
 Metaspace       used 57609K, capacity 59022K, committed 59160K, reserved 1101824K
  class space    used 6671K, capacity 6967K, committed 7040K, reserved 1048576K
}

