# JRE version: OpenJDK Runtime Environment (8.0_212-b04) (build 1.8.0_212-b04)
# Java VM: OpenJDK 64-Bit Server VM (25.212-b04 mixed mode linux-amd64 compressed oops)
Heap:
 PSYoungGen      total 610816K, used 259122K [0x00000000d5580000, 0x00000000fdc00000, 0x0000000100000000)
  eden space 524800K, 33% used [0x00000000d5580000,0x00000000dfebcff8,0x00000000f5600000)
  from space 86016K, 99% used [0x00000000f5600000,0x00000000fa9cfa48,0x00000000faa00000)
  to   space 51200K, 0% used [0x00000000faa00000,0x00000000faa00000,0x00000000fdc00000)
 ParOldGen       total 1398272K, used 32139K [0x0000000080000000, 0x00000000d5580000, 0x00000000d5580000)
  object space 1398272K, 2% used [0x0000000080000000,0x0000000081f62d98,0x00000000d5580000)
 Metaspace       used 77196K, capacity 80320K, committed 80512K, reserved 1120256K
  class space    used 8998K, capacity 9570K, committed 9600K, reserved 1048576K
GC Heap History (10 events):
Event: 4.036 GC heap before
{Heap before GC invocations=4 (full 2):
 PSYoungGen      total 611840K, used 19467K [0x00000000d5580000, 0x0000000100000000, 0x0000000100000000)
  eden space 524800K, 0% used [0x00000000d5580000,0x00000000d5580000,0x00000000f5600000)
  from space 87040K, 22% used [0x00000000fab00000,0x00000000fbe02e08,0x0000000100000000)
  to   space 87040K, 0% used [0x00000000f5600000,0x00000000f5600000,0x00000000fab00000)
 ParOldGen       total 850432K, used 13502K [0x0000000080000000, 0x00000000b3e80000, 0x00000000d5580000)
  object space 850432K, 1% used [0x0000000080000000,0x0000000080d2fbb8,0x00000000b3e80000)
 Metaspace       used 34744K, capacity 35018K, committed 35416K, reserved 1081344K
  class space    used 4186K, capacity 4289K, committed 4352K, reserved 1048576K
Event: 4.163 GC heap after
Heap after GC invocations=4 (full 2):
 PSYoungGen      total 611840K, used 0K [0x00000000d5580000, 0x0000000100000000, 0x0000000100000000)
  eden space 524800K, 0% used [0x00000000d5580000,0x00000000d5580000,0x00000000f5600000)
  from space 87040K, 0% used [0x00000000fab00000,0x00000000fab00000,0x0000000100000000)
  to   space 87040K, 0% used [0x00000000f5600000,0x00000000f5600000,0x00000000fab00000)
 ParOldGen       total 1398272K, used 24271K [0x0000000080000000, 0x00000000d5580000, 0x00000000d5580000)
  object space 1398272K, 1% used [0x0000000080000000,0x00000000817b3d40,0x00000000d5580000)
 Metaspace       used 34744K, capacity 35018K, committed 35416K, reserved 1081344K
  class space    used 4186K, capacity 4289K, committed 4352K, reserved 1048576K
}
Event: 6.968 GC heap before
{Heap before GC invocations=5 (full 2):
 PSYoungGen      total 611840K, used 524800K [0x00000000d5580000, 0x0000000100000000, 0x0000000100000000)
  eden space 524800K, 100% used [0x00000000d5580000,0x00000000f5600000,0x00000000f5600000)
  from space 87040K, 0% used [0x00000000fab00000,0x00000000fab00000,0x0000000100000000)
  to   space 87040K, 0% used [0x00000000f5600000,0x00000000f5600000,0x00000000fab00000)
 ParOldGen       total 1398272K, used 24271K [0x0000000080000000, 0x00000000d5580000, 0x00000000d5580000)
  object space 1398272K, 1% used [0x0000000080000000,0x00000000817b3d40,0x00000000d5580000)
 Metaspace       used 49466K, capacity 50272K, committed 50432K, reserved 1093632K
  class space    used 5881K, capacity 6084K, committed 6144K, reserved 1048576K
Event: 7.012 GC heap after
Heap after GC invocations=5 (full 2):
 PSYoungGen      total 611840K, used 21957K [0x00000000d5580000, 0x0000000100000000, 0x0000000100000000)
  eden space 524800K, 0% used [0x00000000d5580000,0x00000000d5580000,0x00000000f5600000)
  from space 87040K, 25% used [0x00000000f5600000,0x00000000f6b71640,0x00000000fab00000)
  to   space 87040K, 0% used [0x00000000fab00000,0x00000000fab00000,0x0000000100000000)
 ParOldGen       total 1398272K, used 24279K [0x0000000080000000, 0x00000000d5580000, 0x00000000d5580000)
  object space 1398272K, 1% used [0x0000000080000000,0x00000000817b5d40,0x00000000d5580000)
 Metaspace       used 49466K, capacity 50272K, committed 50432K, reserved 1093632K
  class space    used 5881K, capacity 6084K, committed 6144K, reserved 1048576K
}
Event: 11.074 GC heap before
{Heap before GC invocations=6 (full 2):
 PSYoungGen      total 611840K, used 320884K [0x00000000d5580000, 0x0000000100000000, 0x0000000100000000)
  eden space 524800K, 56% used [0x00000000d5580000,0x00000000e796bbd8,0x00000000f5600000)
  from space 87040K, 25% used [0x00000000f5600000,0x00000000f6b71640,0x00000000fab00000)
  to   space 87040K, 0% used [0x00000000fab00000,0x00000000fab00000,0x0000000100000000)
 ParOldGen       total 1398272K, used 24279K [0x0000000080000000, 0x00000000d5580000, 0x00000000d5580000)
  object space 1398272K, 1% used [0x0000000080000000,0x00000000817b5d40,0x00000000d5580000)
 Metaspace       used 57692K, capacity 58848K, committed 59008K, reserved 1101824K
  class space    used 6938K, capacity 7170K, committed 7296K, reserved 1048576K
Event: 11.103 GC heap after
Heap after GC invocations=6 (full 2):
 PSYoungGen      total 611840K, used 19618K [0x00000000d5580000, 0x0000000100000000, 0x0000000100000000)
  eden space 524800K, 0% used [0x00000000d5580000,0x00000000d5580000,0x00000000f5600000)
  from space 87040K, 22% used [0x00000000fab00000,0x00000000fbe28ba8,0x0000000100000000)
  to   space 87040K, 0% used [0x00000000f5600000,0x00000000f5600000,0x00000000fab00000)
 ParOldGen       total 1398272K, used 24287K [0x0000000080000000, 0x00000000d5580000, 0x00000000d5580000)
  object space 1398272K, 1% used [0x0000000080000000,0x00000000817b7d40,0x00000000d5580000)
 Metaspace       used 57692K, capacity 58848K, committed 59008K, reserved 1101824K
  class space    used 6938K, capacity 7170K, committed 7296K, reserved 1048576K
}
Event: 11.103 GC heap before
{Heap before GC invocations=7 (full 3):
 PSYoungGen      total 611840K, used 19618K [0x00000000d5580000, 0x0000000100000000, 0x0000000100000000)
  eden space 524800K, 0% used [0x00000000d5580000,0x00000000d5580000,0x00000000f5600000)
  from space 87040K, 22% used [0x00000000fab00000,0x00000000fbe28ba8,0x0000000100000000)
  to   space 87040K, 0% used [0x00000000f5600000,0x00000000f5600000,0x00000000fab00000)
 ParOldGen       total 1398272K, used 24287K [0x0000000080000000, 0x00000000d5580000, 0x00000000d5580000)
  object space 1398272K, 1% used [0x0000000080000000,0x00000000817b7d40,0x00000000d5580000)
 Metaspace       used 57692K, capacity 58848K, committed 59008K, reserved 1101824K
  class space    used 6938K, capacity 7170K, committed 7296K, reserved 1048576K
Event: 11.362 GC heap after
Heap after GC invocations=7 (full 3):
 PSYoungGen      total 611840K, used 0K [0x00000000d5580000, 0x0000000100000000, 0x0000000100000000)
  eden space 524800K, 0% used [0x00000000d5580000,0x00000000d5580000,0x00000000f5600000)
  from space 87040K, 0% used [0x00000000fab00000,0x00000000fab00000,0x0000000100000000)
  to   space 87040K, 0% used [0x00000000f5600000,0x00000000f5600000,0x00000000fab00000)
 ParOldGen       total 1398272K, used 32139K [0x0000000080000000, 0x00000000d5580000, 0x00000000d5580000)
  object space 1398272K, 2% used [0x0000000080000000,0x0000000081f62d98,0x00000000d5580000)
 Metaspace       used 57607K, capacity 58642K, committed 59008K, reserved 1101824K
  class space    used 6907K, capacity 7117K, committed 7296K, reserved 1048576K
}
Event: 20.434 GC heap before
{Heap before GC invocations=8 (full 3):
 PSYoungGen      total 611840K, used 524800K [0x00000000d5580000, 0x0000000100000000, 0x0000000100000000)
  eden space 524800K, 100% used [0x00000000d5580000,0x00000000f5600000,0x00000000f5600000)
  from space 87040K, 0% used [0x00000000fab00000,0x00000000fab00000,0x0000000100000000)
  to   space 87040K, 0% used [0x00000000f5600000,0x00000000f5600000,0x00000000fab00000)
 ParOldGen       total 1398272K, used 32139K [0x0000000080000000, 0x00000000d5580000, 0x00000000d5580000)
  object space 1398272K, 2% used [0x0000000080000000,0x0000000081f62d98,0x00000000d5580000)
 Metaspace       used 76504K, capacity 79388K, committed 79744K, reserved 1120256K
  class space    used 8930K, capacity 9480K, committed 9600K, reserved 1048576K
Event: 20.558 GC heap after
Heap after GC invocations=8 (full 3):
 PSYoungGen      total 610816K, used 85822K [0x00000000d5580000, 0x00000000fdc00000, 0x0000000100000000)
  eden space 524800K, 0% used [0x00000000d5580000,0x00000000d5580000,0x00000000f5600000)
  from space 86016K, 99% used [0x00000000f5600000,0x00000000fa9cfa48,0x00000000faa00000)
  to   space 51200K, 0% used [0x00000000faa00000,0x00000000faa00000,0x00000000fdc00000)
 ParOldGen       total 1398272K, used 32139K [0x0000000080000000, 0x00000000d5580000, 0x00000000d5580000)
  object space 1398272K, 2% used [0x0000000080000000,0x0000000081f62d98,0x00000000d5580000)
 Metaspace       used 76504K, capacity 79388K, committed 79744K, reserved 1120256K
  class space    used 8930K, capacity 9480K, committed 9600K, reserved 1048576K
}

