# JRE version: OpenJDK Runtime Environment (8.0_212-b04) (build 1.8.0_212-b04)
# Java VM: OpenJDK 64-Bit Server VM (25.212-b04 mixed mode linux-amd64 compressed oops)
Heap:
 PSYoungGen      total 600576K, used 450152K [0x00000000d5580000, 0x00000000fd400000, 0x0000000100000000)
  eden space 524800K, 71% used [0x00000000d5580000,0x00000000ec36eb50,0x00000000f5600000)
  from space 75776K, 99% used [0x00000000f5600000,0x00000000f9fab598,0x00000000fa000000)
  to   space 53248K, 0% used [0x00000000fa000000,0x00000000fa000000,0x00000000fd400000)
 ParOldGen       total 1398272K, used 32041K [0x0000000080000000, 0x00000000d5580000, 0x00000000d5580000)
  object space 1398272K, 2% used [0x0000000080000000,0x0000000081f4a5c8,0x00000000d5580000)
 Metaspace       used 66564K, capacity 69332K, committed 69504K, reserved 1110016K
  class space    used 7493K, capacity 7984K, committed 8064K, reserved 1048576K
GC Heap History (10 events):
Event: 4.240 GC heap before
{Heap before GC invocations=4 (full 2):
 PSYoungGen      total 611840K, used 19245K [0x00000000d5580000, 0x0000000100000000, 0x0000000100000000)
  eden space 524800K, 0% used [0x00000000d5580000,0x00000000d5580000,0x00000000f5600000)
  from space 87040K, 22% used [0x00000000fab00000,0x00000000fbdcb4f0,0x0000000100000000)
  to   space 87040K, 0% used [0x00000000f5600000,0x00000000f5600000,0x00000000fab00000)
 ParOldGen       total 859648K, used 13734K [0x0000000080000000, 0x00000000b4780000, 0x00000000d5580000)
  object space 859648K, 1% used [0x0000000080000000,0x0000000080d69a70,0x00000000b4780000)
 Metaspace       used 34767K, capacity 35124K, committed 35416K, reserved 1081344K
  class space    used 3977K, capacity 4092K, committed 4096K, reserved 1048576K
Event: 4.320 GC heap after
Heap after GC invocations=4 (full 2):
 PSYoungGen      total 611840K, used 0K [0x00000000d5580000, 0x0000000100000000, 0x0000000100000000)
  eden space 524800K, 0% used [0x00000000d5580000,0x00000000d5580000,0x00000000f5600000)
  from space 87040K, 0% used [0x00000000fab00000,0x00000000fab00000,0x0000000100000000)
  to   space 87040K, 0% used [0x00000000f5600000,0x00000000f5600000,0x00000000fab00000)
 ParOldGen       total 1398272K, used 23602K [0x0000000080000000, 0x00000000d5580000, 0x00000000d5580000)
  object space 1398272K, 1% used [0x0000000080000000,0x000000008170c808,0x00000000d5580000)
 Metaspace       used 34767K, capacity 35124K, committed 35416K, reserved 1081344K
  class space    used 3977K, capacity 4092K, committed 4096K, reserved 1048576K
}
Event: 10.930 GC heap before
{Heap before GC invocations=5 (full 2):
 PSYoungGen      total 611840K, used 524800K [0x00000000d5580000, 0x0000000100000000, 0x0000000100000000)
  eden space 524800K, 100% used [0x00000000d5580000,0x00000000f5600000,0x00000000f5600000)
  from space 87040K, 0% used [0x00000000fab00000,0x00000000fab00000,0x0000000100000000)
  to   space 87040K, 0% used [0x00000000f5600000,0x00000000f5600000,0x00000000fab00000)
 ParOldGen       total 1398272K, used 23602K [0x0000000080000000, 0x00000000d5580000, 0x00000000d5580000)
  object space 1398272K, 1% used [0x0000000080000000,0x000000008170c808,0x00000000d5580000)
 Metaspace       used 51951K, capacity 53318K, committed 53504K, reserved 1095680K
  class space    used 6083K, capacity 6339K, committed 6400K, reserved 1048576K
Event: 10.980 GC heap after
Heap after GC invocations=5 (full 2):
 PSYoungGen      total 611840K, used 28714K [0x00000000d5580000, 0x0000000100000000, 0x0000000100000000)
  eden space 524800K, 0% used [0x00000000d5580000,0x00000000d5580000,0x00000000f5600000)
  from space 87040K, 32% used [0x00000000f5600000,0x00000000f720abc0,0x00000000fab00000)
  to   space 87040K, 0% used [0x00000000fab00000,0x00000000fab00000,0x0000000100000000)
 ParOldGen       total 1398272K, used 23610K [0x0000000080000000, 0x00000000d5580000, 0x00000000d5580000)
  object space 1398272K, 1% used [0x0000000080000000,0x000000008170e808,0x00000000d5580000)
 Metaspace       used 51951K, capacity 53318K, committed 53504K, reserved 1095680K
  class space    used 6083K, capacity 6339K, committed 6400K, reserved 1048576K
}
Event: 11.752 GC heap before
{Heap before GC invocations=6 (full 2):
 PSYoungGen      total 611840K, used 176492K [0x00000000d5580000, 0x0000000100000000, 0x0000000100000000)
  eden space 524800K, 28% used [0x00000000d5580000,0x00000000de5d05e0,0x00000000f5600000)
  from space 87040K, 32% used [0x00000000f5600000,0x00000000f720abc0,0x00000000fab00000)
  to   space 87040K, 0% used [0x00000000fab00000,0x00000000fab00000,0x0000000100000000)
 ParOldGen       total 1398272K, used 23610K [0x0000000080000000, 0x00000000d5580000, 0x00000000d5580000)
  object space 1398272K, 1% used [0x0000000080000000,0x000000008170e808,0x00000000d5580000)
 Metaspace       used 57165K, capacity 58802K, committed 59008K, reserved 1101824K
  class space    used 6616K, capacity 6947K, committed 7040K, reserved 1048576K
Event: 11.787 GC heap after
Heap after GC invocations=6 (full 2):
 PSYoungGen      total 611840K, used 20685K [0x00000000d5580000, 0x0000000100000000, 0x0000000100000000)
  eden space 524800K, 0% used [0x00000000d5580000,0x00000000d5580000,0x00000000f5600000)
  from space 87040K, 23% used [0x00000000fab00000,0x00000000fbf33430,0x0000000100000000)
  to   space 87040K, 0% used [0x00000000f5600000,0x00000000f5600000,0x00000000fab00000)
 ParOldGen       total 1398272K, used 23618K [0x0000000080000000, 0x00000000d5580000, 0x00000000d5580000)
  object space 1398272K, 1% used [0x0000000080000000,0x0000000081710808,0x00000000d5580000)
 Metaspace       used 57165K, capacity 58802K, committed 59008K, reserved 1101824K
  class space    used 6616K, capacity 6947K, committed 7040K, reserved 1048576K
}
Event: 11.787 GC heap before
{Heap before GC invocations=7 (full 3):
 PSYoungGen      total 611840K, used 20685K [0x00000000d5580000, 0x0000000100000000, 0x0000000100000000)
  eden space 524800K, 0% used [0x00000000d5580000,0x00000000d5580000,0x00000000f5600000)
  from space 87040K, 23% used [0x00000000fab00000,0x00000000fbf33430,0x0000000100000000)
  to   space 87040K, 0% used [0x00000000f5600000,0x00000000f5600000,0x00000000fab00000)
 ParOldGen       total 1398272K, used 23618K [0x0000000080000000, 0x00000000d5580000, 0x00000000d5580000)
  object space 1398272K, 1% used [0x0000000080000000,0x0000000081710808,0x00000000d5580000)
 Metaspace       used 57165K, capacity 58802K, committed 59008K, reserved 1101824K
  class space    used 6616K, capacity 6947K, committed 7040K, reserved 1048576K
Event: 12.034 GC heap after
Heap after GC invocations=7 (full 3):
 PSYoungGen      total 611840K, used 0K [0x00000000d5580000, 0x0000000100000000, 0x0000000100000000)
  eden space 524800K, 0% used [0x00000000d5580000,0x00000000d5580000,0x00000000f5600000)
  from space 87040K, 0% used [0x00000000fab00000,0x00000000fab00000,0x0000000100000000)
  to   space 87040K, 0% used [0x00000000f5600000,0x00000000f5600000,0x00000000fab00000)
 ParOldGen       total 1398272K, used 32033K [0x0000000080000000, 0x00000000d5580000, 0x00000000d5580000)
  object space 1398272K, 2% used [0x0000000080000000,0x0000000081f485c8,0x00000000d5580000)
 Metaspace       used 57080K, capacity 58570K, committed 59008K, reserved 1101824K
  class space    used 6587K, capacity 6895K, committed 7040K, reserved 1048576K
}
Event: 42.481 GC heap before
{Heap before GC invocations=8 (full 3):
 PSYoungGen      total 611840K, used 524800K [0x00000000d5580000, 0x0000000100000000, 0x0000000100000000)
  eden space 524800K, 100% used [0x00000000d5580000,0x00000000f5600000,0x00000000f5600000)
  from space 87040K, 0% used [0x00000000fab00000,0x00000000fab00000,0x0000000100000000)
  to   space 87040K, 0% used [0x00000000f5600000,0x00000000f5600000,0x00000000fab00000)
 ParOldGen       total 1398272K, used 32033K [0x0000000080000000, 0x00000000d5580000, 0x00000000d5580000)
  object space 1398272K, 2% used [0x0000000080000000,0x0000000081f485c8,0x00000000d5580000)
 Metaspace       used 65525K, capacity 68078K, committed 68096K, reserved 1110016K
  class space    used 7445K, capacity 7927K, committed 7936K, reserved 1048576K
Event: 42.643 GC heap after
Heap after GC invocations=8 (full 3):
 PSYoungGen      total 600576K, used 75437K [0x00000000d5580000, 0x00000000fd400000, 0x0000000100000000)
  eden space 524800K, 0% used [0x00000000d5580000,0x00000000d5580000,0x00000000f5600000)
  from space 75776K, 99% used [0x00000000f5600000,0x00000000f9fab598,0x00000000fa000000)
  to   space 53248K, 0% used [0x00000000fa000000,0x00000000fa000000,0x00000000fd400000)
 ParOldGen       total 1398272K, used 32041K [0x0000000080000000, 0x00000000d5580000, 0x00000000d5580000)
  object space 1398272K, 2% used [0x0000000080000000,0x0000000081f4a5c8,0x00000000d5580000)
 Metaspace       used 65525K, capacity 68078K, committed 68096K, reserved 1110016K
  class space    used 7445K, capacity 7927K, committed 7936K, reserved 1048576K
}

