# JRE version: OpenJDK Runtime Environment (8.0_212-b04) (build 1.8.0_212-b04)
# Java VM: OpenJDK 64-Bit Server VM (25.212-b04 mixed mode linux-amd64 compressed oops)
Heap:
 PSYoungGen      total 553472K, used 330538K [0x00000000d5580000, 0x00000000fab80000, 0x0000000100000000)
  eden space 524800K, 57% used [0x00000000d5580000,0x00000000e7ca0fe0,0x00000000f5600000)
  from space 28672K, 98% used [0x00000000f5600000,0x00000000f71a9b90,0x00000000f7200000)
  to   space 36864K, 0% used [0x00000000f8780000,0x00000000f8780000,0x00000000fab80000)
 ParOldGen       total 1398272K, used 23525K [0x0000000080000000, 0x00000000d5580000, 0x00000000d5580000)
  object space 1398272K, 1% used [0x0000000080000000,0x00000000816f9490,0x00000000d5580000)
 Metaspace       used 66099K, capacity 68886K, committed 68992K, reserved 1110016K
  class space    used 7526K, capacity 8021K, committed 8064K, reserved 1048576K
GC Heap History (10 events):
Event: 4.332 GC heap before
{Heap before GC invocations=4 (full 2):
 PSYoungGen      total 611840K, used 19315K [0x00000000d5580000, 0x0000000100000000, 0x0000000100000000)
  eden space 524800K, 0% used [0x00000000d5580000,0x00000000d5580000,0x00000000f5600000)
  from space 87040K, 22% used [0x00000000fab00000,0x00000000fbddced8,0x0000000100000000)
  to   space 87040K, 0% used [0x00000000f5600000,0x00000000f5600000,0x00000000fab00000)
 ParOldGen       total 890368K, used 14220K [0x0000000080000000, 0x00000000b6580000, 0x00000000d5580000)
  object space 890368K, 1% used [0x0000000080000000,0x0000000080de31d0,0x00000000b6580000)
 Metaspace       used 34797K, capacity 35188K, committed 35416K, reserved 1081344K
  class space    used 3976K, capacity 4092K, committed 4096K, reserved 1048576K
Event: 4.421 GC heap after
Heap after GC invocations=4 (full 2):
 PSYoungGen      total 611840K, used 0K [0x00000000d5580000, 0x0000000100000000, 0x0000000100000000)
  eden space 524800K, 0% used [0x00000000d5580000,0x00000000d5580000,0x00000000f5600000)
  from space 87040K, 0% used [0x00000000fab00000,0x00000000fab00000,0x0000000100000000)
  to   space 87040K, 0% used [0x00000000f5600000,0x00000000f5600000,0x00000000fab00000)
 ParOldGen       total 1398272K, used 23841K [0x0000000080000000, 0x00000000d5580000, 0x00000000d5580000)
  object space 1398272K, 1% used [0x0000000080000000,0x00000000817486b8,0x00000000d5580000)
 Metaspace       used 34797K, capacity 35188K, committed 35416K, reserved 1081344K
  class space    used 3976K, capacity 4092K, committed 4096K, reserved 1048576K
}
Event: 11.105 GC heap before
{Heap before GC invocations=5 (full 2):
 PSYoungGen      total 611840K, used 524800K [0x00000000d5580000, 0x0000000100000000, 0x0000000100000000)
  eden space 524800K, 100% used [0x00000000d5580000,0x00000000f5600000,0x00000000f5600000)
  from space 87040K, 0% used [0x00000000fab00000,0x00000000fab00000,0x0000000100000000)
  to   space 87040K, 0% used [0x00000000f5600000,0x00000000f5600000,0x00000000fab00000)
 ParOldGen       total 1398272K, used 23841K [0x0000000080000000, 0x00000000d5580000, 0x00000000d5580000)
  object space 1398272K, 1% used [0x0000000080000000,0x00000000817486b8,0x00000000d5580000)
 Metaspace       used 56896K, capacity 58188K, committed 58368K, reserved 1101824K
  class space    used 6611K, capacity 6866K, committed 6912K, reserved 1048576K
Event: 11.169 GC heap after
Heap after GC invocations=5 (full 2):
 PSYoungGen      total 611840K, used 30044K [0x00000000d5580000, 0x0000000100000000, 0x0000000100000000)
  eden space 524800K, 0% used [0x00000000d5580000,0x00000000d5580000,0x00000000f5600000)
  from space 87040K, 34% used [0x00000000f5600000,0x00000000f73572c8,0x00000000fab00000)
  to   space 87040K, 0% used [0x00000000fab00000,0x00000000fab00000,0x0000000100000000)
 ParOldGen       total 1398272K, used 23849K [0x0000000080000000, 0x00000000d5580000, 0x00000000d5580000)
  object space 1398272K, 1% used [0x0000000080000000,0x000000008174a6b8,0x00000000d5580000)
 Metaspace       used 56896K, capacity 58188K, committed 58368K, reserved 1101824K
  class space    used 6611K, capacity 6866K, committed 6912K, reserved 1048576K
}
Event: 11.260 GC heap before
{Heap before GC invocations=6 (full 2):
 PSYoungGen      total 611840K, used 73972K [0x00000000d5580000, 0x0000000100000000, 0x0000000100000000)
  eden space 524800K, 8% used [0x00000000d5580000,0x00000000d8066038,0x00000000f5600000)
  from space 87040K, 34% used [0x00000000f5600000,0x00000000f73572c8,0x00000000fab00000)
  to   space 87040K, 0% used [0x00000000fab00000,0x00000000fab00000,0x0000000100000000)
 ParOldGen       total 1398272K, used 23849K [0x0000000080000000, 0x00000000d5580000, 0x00000000d5580000)
  object space 1398272K, 1% used [0x0000000080000000,0x000000008174a6b8,0x00000000d5580000)
 Metaspace       used 57431K, capacity 58806K, committed 59008K, reserved 1101824K
  class space    used 6677K, capacity 6961K, committed 7040K, reserved 1048576K
Event: 11.277 GC heap after
Heap after GC invocations=6 (full 2):
 PSYoungGen      total 611840K, used 11145K [0x00000000d5580000, 0x0000000100000000, 0x0000000100000000)
  eden space 524800K, 0% used [0x00000000d5580000,0x00000000d5580000,0x00000000f5600000)
  from space 87040K, 12% used [0x00000000fab00000,0x00000000fb5e26c8,0x0000000100000000)
  to   space 87040K, 0% used [0x00000000f5600000,0x00000000f5600000,0x00000000fab00000)
 ParOldGen       total 1398272K, used 23849K [0x0000000080000000, 0x00000000d5580000, 0x00000000d5580000)
  object space 1398272K, 1% used [0x0000000080000000,0x000000008174a6b8,0x00000000d5580000)
 Metaspace       used 57431K, capacity 58806K, committed 59008K, reserved 1101824K
  class space    used 6677K, capacity 6961K, committed 7040K, reserved 1048576K
}
Event: 11.277 GC heap before
{Heap before GC invocations=7 (full 3):
 PSYoungGen      total 611840K, used 11145K [0x00000000d5580000, 0x0000000100000000, 0x0000000100000000)
  eden space 524800K, 0% used [0x00000000d5580000,0x00000000d5580000,0x00000000f5600000)
  from space 87040K, 12% used [0x00000000fab00000,0x00000000fb5e26c8,0x0000000100000000)
  to   space 87040K, 0% used [0x00000000f5600000,0x00000000f5600000,0x00000000fab00000)
 ParOldGen       total 1398272K, used 23849K [0x0000000080000000, 0x00000000d5580000, 0x00000000d5580000)
  object space 1398272K, 1% used [0x0000000080000000,0x000000008174a6b8,0x00000000d5580000)
 Metaspace       used 57431K, capacity 58806K, committed 59008K, reserved 1101824K
  class space    used 6677K, capacity 6961K, committed 7040K, reserved 1048576K
Event: 11.484 GC heap after
Heap after GC invocations=7 (full 3):
 PSYoungGen      total 611840K, used 0K [0x00000000d5580000, 0x0000000100000000, 0x0000000100000000)
  eden space 524800K, 0% used [0x00000000d5580000,0x00000000d5580000,0x00000000f5600000)
  from space 87040K, 0% used [0x00000000fab00000,0x00000000fab00000,0x0000000100000000)
  to   space 87040K, 0% used [0x00000000f5600000,0x00000000f5600000,0x00000000fab00000)
 ParOldGen       total 1398272K, used 23525K [0x0000000080000000, 0x00000000d5580000, 0x00000000d5580000)
  object space 1398272K, 1% used [0x0000000080000000,0x00000000816f9490,0x00000000d5580000)
 Metaspace       used 57405K, capacity 58744K, committed 59008K, reserved 1101824K
  class space    used 6667K, capacity 6944K, committed 7040K, reserved 1048576K
}
Event: 58.314 GC heap before
{Heap before GC invocations=8 (full 3):
 PSYoungGen      total 611840K, used 524800K [0x00000000d5580000, 0x0000000100000000, 0x0000000100000000)
  eden space 524800K, 100% used [0x00000000d5580000,0x00000000f5600000,0x00000000f5600000)
  from space 87040K, 0% used [0x00000000fab00000,0x00000000fab00000,0x0000000100000000)
  to   space 87040K, 0% used [0x00000000f5600000,0x00000000f5600000,0x00000000fab00000)
 ParOldGen       total 1398272K, used 23525K [0x0000000080000000, 0x00000000d5580000, 0x00000000d5580000)
  object space 1398272K, 1% used [0x0000000080000000,0x00000000816f9490,0x00000000d5580000)
 Metaspace       used 61340K, capacity 63536K, committed 63616K, reserved 1105920K
  class space    used 7086K, capacity 7480K, committed 7552K, reserved 1048576K
Event: 58.384 GC heap after
Heap after GC invocations=8 (full 3):
 PSYoungGen      total 553472K, used 28326K [0x00000000d5580000, 0x00000000fab80000, 0x0000000100000000)
  eden space 524800K, 0% used [0x00000000d5580000,0x00000000d5580000,0x00000000f5600000)
  from space 28672K, 98% used [0x00000000f5600000,0x00000000f71a9b90,0x00000000f7200000)
  to   space 36864K, 0% used [0x00000000f8780000,0x00000000f8780000,0x00000000fab80000)
 ParOldGen       total 1398272K, used 23525K [0x0000000080000000, 0x00000000d5580000, 0x00000000d5580000)
  object space 1398272K, 1% used [0x0000000080000000,0x00000000816f9490,0x00000000d5580000)
 Metaspace       used 61340K, capacity 63536K, committed 63616K, reserved 1105920K
  class space    used 7086K, capacity 7480K, committed 7552K, reserved 1048576K
}

