# JRE version: OpenJDK Runtime Environment (8.0_212-b04) (build 1.8.0_212-b04)
# Java VM: OpenJDK 64-Bit Server VM (25.212-b04 mixed mode linux-amd64 compressed oops)
Heap:
 PSYoungGen      total 611840K, used 220362K [0x00000000d5580000, 0x0000000100000000, 0x0000000100000000)
  eden space 524800K, 41% used [0x00000000d5580000,0x00000000e2cb2b90,0x00000000f5600000)
  from space 87040K, 0% used [0x00000000fab00000,0x00000000fab00000,0x0000000100000000)
  to   space 87040K, 0% used [0x00000000f5600000,0x00000000f5600000,0x00000000fab00000)
 ParOldGen       total 1398272K, used 29639K [0x0000000080000000, 0x00000000d5580000, 0x00000000d5580000)
  object space 1398272K, 2% used [0x0000000080000000,0x0000000081cf1f00,0x00000000d5580000)
 Metaspace       used 63836K, capacity 66230K, committed 66560K, reserved 1107968K
  class space    used 7398K, capacity 7841K, committed 7936K, reserved 1048576K
GC Heap History (10 events):
Event: 4.329 GC heap before
{Heap before GC invocations=3 (full 1):
 PSYoungGen      total 611840K, used 456589K [0x00000000d5580000, 0x0000000100000000, 0x0000000100000000)
  eden space 524800K, 87% used [0x00000000d5580000,0x00000000f13634f0,0x00000000f5600000)
  from space 87040K, 0% used [0x00000000f5600000,0x00000000f5600000,0x00000000fab00000)
  to   space 87040K, 0% used [0x00000000fab00000,0x00000000fab00000,0x0000000100000000)
 ParOldGen       total 901120K, used 14265K [0x0000000080000000, 0x00000000b7000000, 0x00000000d5580000)
  object space 901120K, 1% used [0x0000000080000000,0x0000000080dee6b8,0x00000000b7000000)
 Metaspace       used 34697K, capacity 35034K, committed 35416K, reserved 1081344K
  class space    used 3962K, capacity 4061K, committed 4096K, reserved 1048576K
Event: 4.380 GC heap after
Heap after GC invocations=3 (full 1):
 PSYoungGen      total 611840K, used 19008K [0x00000000d5580000, 0x0000000100000000, 0x0000000100000000)
  eden space 524800K, 0% used [0x00000000d5580000,0x00000000d5580000,0x00000000f5600000)
  from space 87040K, 21% used [0x00000000fab00000,0x00000000fbd90178,0x0000000100000000)
  to   space 87040K, 0% used [0x00000000f5600000,0x00000000f5600000,0x00000000fab00000)
 ParOldGen       total 901120K, used 14265K [0x0000000080000000, 0x00000000b7000000, 0x00000000d5580000)
  object space 901120K, 1% used [0x0000000080000000,0x0000000080dee6b8,0x00000000b7000000)
 Metaspace       used 34697K, capacity 35034K, committed 35416K, reserved 1081344K
  class space    used 3962K, capacity 4061K, committed 4096K, reserved 1048576K
}
Event: 4.380 GC heap before
{Heap before GC invocations=4 (full 2):
 PSYoungGen      total 611840K, used 19008K [0x00000000d5580000, 0x0000000100000000, 0x0000000100000000)
  eden space 524800K, 0% used [0x00000000d5580000,0x00000000d5580000,0x00000000f5600000)
  from space 87040K, 21% used [0x00000000fab00000,0x00000000fbd90178,0x0000000100000000)
  to   space 87040K, 0% used [0x00000000f5600000,0x00000000f5600000,0x00000000fab00000)
 ParOldGen       total 901120K, used 14265K [0x0000000080000000, 0x00000000b7000000, 0x00000000d5580000)
  object space 901120K, 1% used [0x0000000080000000,0x0000000080dee6b8,0x00000000b7000000)
 Metaspace       used 34697K, capacity 35034K, committed 35416K, reserved 1081344K
  class space    used 3962K, capacity 4061K, committed 4096K, reserved 1048576K
Event: 4.526 GC heap after
Heap after GC invocations=4 (full 2):
 PSYoungGen      total 611840K, used 0K [0x00000000d5580000, 0x0000000100000000, 0x0000000100000000)
  eden space 524800K, 0% used [0x00000000d5580000,0x00000000d5580000,0x00000000f5600000)
  from space 87040K, 0% used [0x00000000fab00000,0x00000000fab00000,0x0000000100000000)
  to   space 87040K, 0% used [0x00000000f5600000,0x00000000f5600000,0x00000000fab00000)
 ParOldGen       total 1398272K, used 23547K [0x0000000080000000, 0x00000000d5580000, 0x00000000d5580000)
  object space 1398272K, 1% used [0x0000000080000000,0x00000000816feea0,0x00000000d5580000)
 Metaspace       used 34697K, capacity 35034K, committed 35416K, reserved 1081344K
  class space    used 3962K, capacity 4061K, committed 4096K, reserved 1048576K
}
Event: 10.905 GC heap before
{Heap before GC invocations=5 (full 2):
 PSYoungGen      total 611840K, used 524800K [0x00000000d5580000, 0x0000000100000000, 0x0000000100000000)
  eden space 524800K, 100% used [0x00000000d5580000,0x00000000f5600000,0x00000000f5600000)
  from space 87040K, 0% used [0x00000000fab00000,0x00000000fab00000,0x0000000100000000)
  to   space 87040K, 0% used [0x00000000f5600000,0x00000000f5600000,0x00000000fab00000)
 ParOldGen       total 1398272K, used 23547K [0x0000000080000000, 0x00000000d5580000, 0x00000000d5580000)
  object space 1398272K, 1% used [0x0000000080000000,0x00000000816feea0,0x00000000d5580000)
 Metaspace       used 51827K, capacity 53156K, committed 53248K, reserved 1095680K
  class space    used 6097K, capacity 6358K, committed 6400K, reserved 1048576K
Event: 10.962 GC heap after
Heap after GC invocations=5 (full 2):
 PSYoungGen      total 611840K, used 24201K [0x00000000d5580000, 0x0000000100000000, 0x0000000100000000)
  eden space 524800K, 0% used [0x00000000d5580000,0x00000000d5580000,0x00000000f5600000)
  from space 87040K, 27% used [0x00000000f5600000,0x00000000f6da25b0,0x00000000fab00000)
  to   space 87040K, 0% used [0x00000000fab00000,0x00000000fab00000,0x0000000100000000)
 ParOldGen       total 1398272K, used 23555K [0x0000000080000000, 0x00000000d5580000, 0x00000000d5580000)
  object space 1398272K, 1% used [0x0000000080000000,0x0000000081700ea0,0x00000000d5580000)
 Metaspace       used 51827K, capacity 53156K, committed 53248K, reserved 1095680K
  class space    used 6097K, capacity 6358K, committed 6400K, reserved 1048576K
}
Event: 11.779 GC heap before
{Heap before GC invocations=6 (full 2):
 PSYoungGen      total 611840K, used 195694K [0x00000000d5580000, 0x0000000100000000, 0x0000000100000000)
  eden space 524800K, 32% used [0x00000000d5580000,0x00000000dfcf9428,0x00000000f5600000)
  from space 87040K, 27% used [0x00000000f5600000,0x00000000f6da25b0,0x00000000fab00000)
  to   space 87040K, 0% used [0x00000000fab00000,0x00000000fab00000,0x0000000100000000)
 ParOldGen       total 1398272K, used 23555K [0x0000000080000000, 0x00000000d5580000, 0x00000000d5580000)
  object space 1398272K, 1% used [0x0000000080000000,0x0000000081700ea0,0x00000000d5580000)
 Metaspace       used 57456K, capacity 58816K, committed 59008K, reserved 1101824K
  class space    used 6669K, capacity 6936K, committed 7040K, reserved 1048576K
Event: 11.812 GC heap after
Heap after GC invocations=6 (full 2):
 PSYoungGen      total 611840K, used 18049K [0x00000000d5580000, 0x0000000100000000, 0x0000000100000000)
  eden space 524800K, 0% used [0x00000000d5580000,0x00000000d5580000,0x00000000f5600000)
  from space 87040K, 20% used [0x00000000fab00000,0x00000000fbca0628,0x0000000100000000)
  to   space 87040K, 0% used [0x00000000f5600000,0x00000000f5600000,0x00000000fab00000)
 ParOldGen       total 1398272K, used 23563K [0x0000000080000000, 0x00000000d5580000, 0x00000000d5580000)
  object space 1398272K, 1% used [0x0000000080000000,0x0000000081702ea0,0x00000000d5580000)
 Metaspace       used 57456K, capacity 58816K, committed 59008K, reserved 1101824K
  class space    used 6669K, capacity 6936K, committed 7040K, reserved 1048576K
}
Event: 11.812 GC heap before
{Heap before GC invocations=7 (full 3):
 PSYoungGen      total 611840K, used 18049K [0x00000000d5580000, 0x0000000100000000, 0x0000000100000000)
  eden space 524800K, 0% used [0x00000000d5580000,0x00000000d5580000,0x00000000f5600000)
  from space 87040K, 20% used [0x00000000fab00000,0x00000000fbca0628,0x0000000100000000)
  to   space 87040K, 0% used [0x00000000f5600000,0x00000000f5600000,0x00000000fab00000)
 ParOldGen       total 1398272K, used 23563K [0x0000000080000000, 0x00000000d5580000, 0x00000000d5580000)
  object space 1398272K, 1% used [0x0000000080000000,0x0000000081702ea0,0x00000000d5580000)
 Metaspace       used 57456K, capacity 58816K, committed 59008K, reserved 1101824K
  class space    used 6669K, capacity 6936K, committed 7040K, reserved 1048576K
Event: 12.096 GC heap after
Heap after GC invocations=7 (full 3):
 PSYoungGen      total 611840K, used 0K [0x00000000d5580000, 0x0000000100000000, 0x0000000100000000)
  eden space 524800K, 0% used [0x00000000d5580000,0x00000000d5580000,0x00000000f5600000)
  from space 87040K, 0% used [0x00000000fab00000,0x00000000fab00000,0x0000000100000000)
  to   space 87040K, 0% used [0x00000000f5600000,0x00000000f5600000,0x00000000fab00000)
 ParOldGen       total 1398272K, used 29639K [0x0000000080000000, 0x00000000d5580000, 0x00000000d5580000)
  object space 1398272K, 2% used [0x0000000080000000,0x0000000081cf1f00,0x00000000d5580000)
 Metaspace       used 57420K, capacity 58730K, committed 59008K, reserved 1101824K
  class space    used 6656K, capacity 6913K, committed 7040K, reserved 1048576K
}

