# JRE version: OpenJDK Runtime Environment (8.0_212-b04) (build 1.8.0_212-b04)
# Java VM: OpenJDK 64-Bit Server VM (25.212-b04 mixed mode linux-amd64 compressed oops)
Heap:
 PSYoungGen      total 611840K, used 266194K [0x00000000d5580000, 0x0000000100000000, 0x0000000100000000)
  eden space 524800K, 50% used [0x00000000d5580000,0x00000000e59749b0,0x00000000f5600000)
  from space 87040K, 0% used [0x00000000f5600000,0x00000000f5600000,0x00000000fab00000)
  to   space 87040K, 0% used [0x00000000fab00000,0x00000000fab00000,0x0000000100000000)
 ParOldGen       total 1398272K, used 44153K [0x0000000080000000, 0x00000000d5580000, 0x00000000d5580000)
  object space 1398272K, 3% used [0x0000000080000000,0x0000000082b1e6c8,0x00000000d5580000)
 Metaspace       used 65644K, capacity 68456K, committed 68736K, reserved 1110016K
  class space    used 7515K, capacity 8018K, committed 8064K, reserved 1048576K
GC Heap History (10 events):
Event: 1.947 GC heap before
{Heap before GC invocations=2 (full 1):
 PSYoungGen      total 611840K, used 14237K [0x00000000d5580000, 0x0000000100000000, 0x0000000100000000)
  eden space 524800K, 0% used [0x00000000d5580000,0x00000000d5580000,0x00000000f5600000)
  from space 87040K, 16% used [0x00000000f5600000,0x00000000f63e7528,0x00000000fab00000)
  to   space 87040K, 0% used [0x00000000fab00000,0x00000000fab00000,0x0000000100000000)
 ParOldGen       total 1398272K, used 80K [0x0000000080000000, 0x00000000d5580000, 0x00000000d5580000)
  object space 1398272K, 0% used [0x0000000080000000,0x0000000080014010,0x00000000d5580000)
 Metaspace       used 20807K, capacity 21106K, committed 21248K, reserved 1069056K
  class space    used 2362K, capacity 2482K, committed 2560K, reserved 1048576K
Event: 2.038 GC heap after
Heap after GC invocations=2 (full 1):
 PSYoungGen      total 611840K, used 0K [0x00000000d5580000, 0x0000000100000000, 0x0000000100000000)
  eden space 524800K, 0% used [0x00000000d5580000,0x00000000d5580000,0x00000000f5600000)
  from space 87040K, 0% used [0x00000000f5600000,0x00000000f5600000,0x00000000fab00000)
  to   space 87040K, 0% used [0x00000000fab00000,0x00000000fab00000,0x0000000100000000)
 ParOldGen       total 885248K, used 13720K [0x0000000080000000, 0x00000000b6080000, 0x00000000d5580000)
  object space 885248K, 1% used [0x0000000080000000,0x0000000080d660f8,0x00000000b6080000)
 Metaspace       used 20807K, capacity 21106K, committed 21248K, reserved 1069056K
  class space    used 2362K, capacity 2482K, committed 2560K, reserved 1048576K
}
Event: 4.051 GC heap before
{Heap before GC invocations=3 (full 1):
 PSYoungGen      total 611840K, used 434547K [0x00000000d5580000, 0x0000000100000000, 0x0000000100000000)
  eden space 524800K, 82% used [0x00000000d5580000,0x00000000efddced8,0x00000000f5600000)
  from space 87040K, 0% used [0x00000000f5600000,0x00000000f5600000,0x00000000fab00000)
  to   space 87040K, 0% used [0x00000000fab00000,0x00000000fab00000,0x0000000100000000)
 ParOldGen       total 885248K, used 13720K [0x0000000080000000, 0x00000000b6080000, 0x00000000d5580000)
  object space 885248K, 1% used [0x0000000080000000,0x0000000080d660f8,0x00000000b6080000)
 Metaspace       used 34779K, capacity 35156K, committed 35416K, reserved 1081344K
  class space    used 3961K, capacity 4060K, committed 4096K, reserved 1048576K
Event: 4.090 GC heap after
Heap after GC invocations=3 (full 1):
 PSYoungGen      total 611840K, used 19224K [0x00000000d5580000, 0x0000000100000000, 0x0000000100000000)
  eden space 524800K, 0% used [0x00000000d5580000,0x00000000d5580000,0x00000000f5600000)
  from space 87040K, 22% used [0x00000000fab00000,0x00000000fbdc63f0,0x0000000100000000)
  to   space 87040K, 0% used [0x00000000f5600000,0x00000000f5600000,0x00000000fab00000)
 ParOldGen       total 885248K, used 13720K [0x0000000080000000, 0x00000000b6080000, 0x00000000d5580000)
  object space 885248K, 1% used [0x0000000080000000,0x0000000080d660f8,0x00000000b6080000)
 Metaspace       used 34779K, capacity 35156K, committed 35416K, reserved 1081344K
  class space    used 3961K, capacity 4060K, committed 4096K, reserved 1048576K
}
Event: 4.090 GC heap before
{Heap before GC invocations=4 (full 2):
 PSYoungGen      total 611840K, used 19224K [0x00000000d5580000, 0x0000000100000000, 0x0000000100000000)
  eden space 524800K, 0% used [0x00000000d5580000,0x00000000d5580000,0x00000000f5600000)
  from space 87040K, 22% used [0x00000000fab00000,0x00000000fbdc63f0,0x0000000100000000)
  to   space 87040K, 0% used [0x00000000f5600000,0x00000000f5600000,0x00000000fab00000)
 ParOldGen       total 885248K, used 13720K [0x0000000080000000, 0x00000000b6080000, 0x00000000d5580000)
  object space 885248K, 1% used [0x0000000080000000,0x0000000080d660f8,0x00000000b6080000)
 Metaspace       used 34779K, capacity 35156K, committed 35416K, reserved 1081344K
  class space    used 3961K, capacity 4060K, committed 4096K, reserved 1048576K
Event: 4.193 GC heap after
Heap after GC invocations=4 (full 2):
 PSYoungGen      total 611840K, used 0K [0x00000000d5580000, 0x0000000100000000, 0x0000000100000000)
  eden space 524800K, 0% used [0x00000000d5580000,0x00000000d5580000,0x00000000f5600000)
  from space 87040K, 0% used [0x00000000fab00000,0x00000000fab00000,0x0000000100000000)
  to   space 87040K, 0% used [0x00000000f5600000,0x00000000f5600000,0x00000000fab00000)
 ParOldGen       total 1398272K, used 23539K [0x0000000080000000, 0x00000000d5580000, 0x00000000d5580000)
  object space 1398272K, 1% used [0x0000000080000000,0x00000000816fcc70,0x00000000d5580000)
 Metaspace       used 34779K, capacity 35156K, committed 35416K, reserved 1081344K
  class space    used 3961K, capacity 4060K, committed 4096K, reserved 1048576K
}
Event: 11.185 GC heap before
{Heap before GC invocations=5 (full 2):
 PSYoungGen      total 611840K, used 506058K [0x00000000d5580000, 0x0000000100000000, 0x0000000100000000)
  eden space 524800K, 96% used [0x00000000d5580000,0x00000000f43b28e0,0x00000000f5600000)
  from space 87040K, 0% used [0x00000000fab00000,0x00000000fab00000,0x0000000100000000)
  to   space 87040K, 0% used [0x00000000f5600000,0x00000000f5600000,0x00000000fab00000)
 ParOldGen       total 1398272K, used 23539K [0x0000000080000000, 0x00000000d5580000, 0x00000000d5580000)
  object space 1398272K, 1% used [0x0000000080000000,0x00000000816fcc70,0x00000000d5580000)
 Metaspace       used 57224K, capacity 58682K, committed 59008K, reserved 1101824K
  class space    used 6609K, capacity 6915K, committed 7040K, reserved 1048576K
Event: 11.265 GC heap after
Heap after GC invocations=5 (full 2):
 PSYoungGen      total 611840K, used 33512K [0x00000000d5580000, 0x0000000100000000, 0x0000000100000000)
  eden space 524800K, 0% used [0x00000000d5580000,0x00000000d5580000,0x00000000f5600000)
  from space 87040K, 38% used [0x00000000f5600000,0x00000000f76ba000,0x00000000fab00000)
  to   space 87040K, 0% used [0x00000000fab00000,0x00000000fab00000,0x0000000100000000)
 ParOldGen       total 1398272K, used 23547K [0x0000000080000000, 0x00000000d5580000, 0x00000000d5580000)
  object space 1398272K, 1% used [0x0000000080000000,0x00000000816fec70,0x00000000d5580000)
 Metaspace       used 57224K, capacity 58682K, committed 59008K, reserved 1101824K
  class space    used 6609K, capacity 6915K, committed 7040K, reserved 1048576K
}
Event: 11.265 GC heap before
{Heap before GC invocations=6 (full 3):
 PSYoungGen      total 611840K, used 33512K [0x00000000d5580000, 0x0000000100000000, 0x0000000100000000)
  eden space 524800K, 0% used [0x00000000d5580000,0x00000000d5580000,0x00000000f5600000)
  from space 87040K, 38% used [0x00000000f5600000,0x00000000f76ba000,0x00000000fab00000)
  to   space 87040K, 0% used [0x00000000fab00000,0x00000000fab00000,0x0000000100000000)
 ParOldGen       total 1398272K, used 23547K [0x0000000080000000, 0x00000000d5580000, 0x00000000d5580000)
  object space 1398272K, 1% used [0x0000000080000000,0x00000000816fec70,0x00000000d5580000)
 Metaspace       used 57224K, capacity 58682K, committed 59008K, reserved 1101824K
  class space    used 6609K, capacity 6915K, committed 7040K, reserved 1048576K
Event: 11.559 GC heap after
Heap after GC invocations=6 (full 3):
 PSYoungGen      total 611840K, used 0K [0x00000000d5580000, 0x0000000100000000, 0x0000000100000000)
  eden space 524800K, 0% used [0x00000000d5580000,0x00000000d5580000,0x00000000f5600000)
  from space 87040K, 0% used [0x00000000f5600000,0x00000000f5600000,0x00000000fab00000)
  to   space 87040K, 0% used [0x00000000fab00000,0x00000000fab00000,0x0000000100000000)
 ParOldGen       total 1398272K, used 44153K [0x0000000080000000, 0x00000000d5580000, 0x00000000d5580000)
  object space 1398272K, 3% used [0x0000000080000000,0x0000000082b1e6c8,0x00000000d5580000)
 Metaspace       used 57167K, capacity 58546K, committed 59008K, reserved 1101824K
  class space    used 6589K, capacity 6881K, committed 7040K, reserved 1048576K
}

