# JRE version: OpenJDK Runtime Environment (8.0_212-b04) (build 1.8.0_212-b04)
# Java VM: OpenJDK 64-Bit Server VM (25.212-b04 mixed mode linux-amd64 compressed oops)
Heap:
 PSYoungGen      total 517632K, used 505721K [0x00000000d5580000, 0x0000000100000000, 0x0000000100000000)
  eden space 424448K, 97% used [0x00000000d5580000,0x00000000ee862c90,0x00000000ef400000)
  from space 93184K, 99% used [0x00000000fa500000,0x00000000ffffb8b8,0x0000000100000000)
  to   space 137216K, 0% used [0x00000000ef400000,0x00000000ef400000,0x00000000f7a00000)
 ParOldGen       total 1398272K, used 86497K [0x0000000080000000, 0x00000000d5580000, 0x00000000d5580000)
  object space 1398272K, 6% used [0x0000000080000000,0x0000000085478688,0x00000000d5580000)
 Metaspace       used 68483K, capacity 71968K, committed 72064K, reserved 1114112K
  class space    used 7696K, capacity 8276K, committed 8320K, reserved 1048576K
GC Heap History (10 events):
Event: 11.640 GC heap before
{Heap before GC invocations=5 (full 2):
 PSYoungGen      total 611840K, used 510454K [0x00000000d5580000, 0x0000000100000000, 0x0000000100000000)
  eden space 524800K, 97% used [0x00000000d5580000,0x00000000f47fdaa0,0x00000000f5600000)
  from space 87040K, 0% used [0x00000000fab00000,0x00000000fab00000,0x0000000100000000)
  to   space 87040K, 0% used [0x00000000f5600000,0x00000000f5600000,0x00000000fab00000)
 ParOldGen       total 1398272K, used 23533K [0x0000000080000000, 0x00000000d5580000, 0x00000000d5580000)
  object space 1398272K, 1% used [0x0000000080000000,0x00000000816fb788,0x00000000d5580000)
 Metaspace       used 57507K, capacity 58888K, committed 59028K, reserved 1101824K
  class space    used 6638K, capacity 6900K, committed 6912K, reserved 1048576K
Event: 11.717 GC heap after
Heap after GC invocations=5 (full 2):
 PSYoungGen      total 611840K, used 34005K [0x00000000d5580000, 0x0000000100000000, 0x0000000100000000)
  eden space 524800K, 0% used [0x00000000d5580000,0x00000000d5580000,0x00000000f5600000)
  from space 87040K, 39% used [0x00000000f5600000,0x00000000f7735690,0x00000000fab00000)
  to   space 87040K, 0% used [0x00000000fab00000,0x00000000fab00000,0x0000000100000000)
 ParOldGen       total 1398272K, used 23541K [0x0000000080000000, 0x00000000d5580000, 0x00000000d5580000)
  object space 1398272K, 1% used [0x0000000080000000,0x00000000816fd788,0x00000000d5580000)
 Metaspace       used 57507K, capacity 58888K, committed 59028K, reserved 1101824K
  class space    used 6638K, capacity 6900K, committed 6912K, reserved 1048576K
}
Event: 11.717 GC heap before
{Heap before GC invocations=6 (full 3):
 PSYoungGen      total 611840K, used 34005K [0x00000000d5580000, 0x0000000100000000, 0x0000000100000000)
  eden space 524800K, 0% used [0x00000000d5580000,0x00000000d5580000,0x00000000f5600000)
  from space 87040K, 39% used [0x00000000f5600000,0x00000000f7735690,0x00000000fab00000)
  to   space 87040K, 0% used [0x00000000fab00000,0x00000000fab00000,0x0000000100000000)
 ParOldGen       total 1398272K, used 23541K [0x0000000080000000, 0x00000000d5580000, 0x00000000d5580000)
  object space 1398272K, 1% used [0x0000000080000000,0x00000000816fd788,0x00000000d5580000)
 Metaspace       used 57507K, capacity 58888K, committed 59028K, reserved 1101824K
  class space    used 6638K, capacity 6900K, committed 6912K, reserved 1048576K
Event: 12.000 GC heap after
Heap after GC invocations=6 (full 3):
 PSYoungGen      total 611840K, used 0K [0x00000000d5580000, 0x0000000100000000, 0x0000000100000000)
  eden space 524800K, 0% used [0x00000000d5580000,0x00000000d5580000,0x00000000f5600000)
  from space 87040K, 0% used [0x00000000f5600000,0x00000000f5600000,0x00000000fab00000)
  to   space 87040K, 0% used [0x00000000fab00000,0x00000000fab00000,0x0000000100000000)
 ParOldGen       total 1398272K, used 44505K [0x0000000080000000, 0x00000000d5580000, 0x00000000d5580000)
  object space 1398272K, 3% used [0x0000000080000000,0x0000000082b76678,0x00000000d5580000)
 Metaspace       used 57472K, capacity 58804K, committed 59028K, reserved 1101824K
  class space    used 6626K, capacity 6880K, committed 6912K, reserved 1048576K
}
Event: 30.529 GC heap before
{Heap before GC invocations=7 (full 3):
 PSYoungGen      total 611840K, used 518760K [0x00000000d5580000, 0x0000000100000000, 0x0000000100000000)
  eden space 524800K, 98% used [0x00000000d5580000,0x00000000f501a060,0x00000000f5600000)
  from space 87040K, 0% used [0x00000000f5600000,0x00000000f5600000,0x00000000fab00000)
  to   space 87040K, 0% used [0x00000000fab00000,0x00000000fab00000,0x0000000100000000)
 ParOldGen       total 1398272K, used 44505K [0x0000000080000000, 0x00000000d5580000, 0x00000000d5580000)
  object space 1398272K, 3% used [0x0000000080000000,0x0000000082b76678,0x00000000d5580000)
 Metaspace       used 66619K, capacity 69602K, committed 69888K, reserved 1112064K
  class space    used 7601K, capacity 8115K, committed 8192K, reserved 1048576K
Event: 30.617 GC heap after
Heap after GC invocations=7 (full 3):
 PSYoungGen      total 611840K, used 68747K [0x00000000d5580000, 0x0000000100000000, 0x0000000100000000)
  eden space 524800K, 0% used [0x00000000d5580000,0x00000000d5580000,0x00000000f5600000)
  from space 87040K, 78% used [0x00000000fab00000,0x00000000fee22df0,0x0000000100000000)
  to   space 87040K, 0% used [0x00000000f5600000,0x00000000f5600000,0x00000000fab00000)
 ParOldGen       total 1398272K, used 44505K [0x0000000080000000, 0x00000000d5580000, 0x00000000d5580000)
  object space 1398272K, 3% used [0x0000000080000000,0x0000000082b76678,0x00000000d5580000)
 Metaspace       used 66619K, capacity 69602K, committed 69888K, reserved 1112064K
  class space    used 7601K, capacity 8115K, committed 8192K, reserved 1048576K
}
Event: 35.610 GC heap before
{Heap before GC invocations=8 (full 3):
 PSYoungGen      total 611840K, used 588363K [0x00000000d5580000, 0x0000000100000000, 0x0000000100000000)
  eden space 524800K, 99% used [0x00000000d5580000,0x00000000f50efe48,0x00000000f5600000)
  from space 87040K, 78% used [0x00000000fab00000,0x00000000fee22df0,0x0000000100000000)
  to   space 87040K, 0% used [0x00000000f5600000,0x00000000f5600000,0x00000000fab00000)
 ParOldGen       total 1398272K, used 44505K [0x0000000080000000, 0x00000000d5580000, 0x00000000d5580000)
  object space 1398272K, 3% used [0x0000000080000000,0x0000000082b76678,0x00000000d5580000)
 Metaspace       used 67287K, capacity 70418K, committed 70656K, reserved 1112064K
  class space    used 7624K, capacity 8145K, committed 8192K, reserved 1048576K
Event: 35.716 GC heap after
Heap after GC invocations=8 (full 3):
 PSYoungGen      total 602624K, used 77320K [0x00000000d5580000, 0x0000000100000000, 0x0000000100000000)
  eden space 524800K, 0% used [0x00000000d5580000,0x00000000d5580000,0x00000000f5600000)
  from space 77824K, 99% used [0x00000000f5600000,0x00000000fa182338,0x00000000fa200000)
  to   space 93184K, 0% used [0x00000000fa500000,0x00000000fa500000,0x0000000100000000)
 ParOldGen       total 1398272K, used 44513K [0x0000000080000000, 0x00000000d5580000, 0x00000000d5580000)
  object space 1398272K, 3% used [0x0000000080000000,0x0000000082b78678,0x00000000d5580000)
 Metaspace       used 67287K, capacity 70418K, committed 70656K, reserved 1112064K
  class space    used 7624K, capacity 8145K, committed 8192K, reserved 1048576K
}
Event: 39.646 GC heap before
{Heap before GC invocations=9 (full 3):
 PSYoungGen      total 602624K, used 577542K [0x00000000d5580000, 0x0000000100000000, 0x0000000100000000)
  eden space 524800K, 95% used [0x00000000d5580000,0x00000000f3dff628,0x00000000f5600000)
  from space 77824K, 99% used [0x00000000f5600000,0x00000000fa182338,0x00000000fa200000)
  to   space 93184K, 0% used [0x00000000fa500000,0x00000000fa500000,0x0000000100000000)
 ParOldGen       total 1398272K, used 44513K [0x0000000080000000, 0x00000000d5580000, 0x00000000d5580000)
  object space 1398272K, 3% used [0x0000000080000000,0x0000000082b78678,0x00000000d5580000)
 Metaspace       used 68205K, capacity 71574K, committed 71808K, reserved 1112064K
  class space    used 7684K, capacity 8255K, committed 8320K, reserved 1048576K
Event: 39.740 GC heap after
Heap after GC invocations=9 (full 3):
 PSYoungGen      total 517632K, used 93166K [0x00000000d5580000, 0x0000000100000000, 0x0000000100000000)
  eden space 424448K, 0% used [0x00000000d5580000,0x00000000d5580000,0x00000000ef400000)
  from space 93184K, 99% used [0x00000000fa500000,0x00000000ffffb8b8,0x0000000100000000)
  to   space 137216K, 0% used [0x00000000ef400000,0x00000000ef400000,0x00000000f7a00000)
 ParOldGen       total 1398272K, used 86497K [0x0000000080000000, 0x00000000d5580000, 0x00000000d5580000)
  object space 1398272K, 6% used [0x0000000080000000,0x0000000085478688,0x00000000d5580000)
 Metaspace       used 68205K, capacity 71574K, committed 71808K, reserved 1112064K
  class space    used 7684K, capacity 8255K, committed 8320K, reserved 1048576K
}

