# JRE version: OpenJDK Runtime Environment (8.0_212-b04) (build 1.8.0_212-b04)
# Java VM: OpenJDK 64-Bit Server VM (25.212-b04 mixed mode linux-amd64 compressed oops)
Heap:
 PSYoungGen      total 586752K, used 147940K [0x00000000d5580000, 0x00000000fbd00000, 0x0000000100000000)
  eden space 524800K, 16% used [0x00000000d5580000,0x00000000da985748,0x00000000f5600000)
  from space 61952K, 99% used [0x00000000f5600000,0x00000000f9273b00,0x00000000f9280000)
  to   space 43520K, 0% used [0x00000000f9280000,0x00000000f9280000,0x00000000fbd00000)
 ParOldGen       total 1398272K, used 32380K [0x0000000080000000, 0x00000000d5580000, 0x00000000d5580000)
  object space 1398272K, 2% used [0x0000000080000000,0x0000000081f9f0e8,0x00000000d5580000)
 Metaspace       used 76975K, capacity 79785K, committed 79872K, reserved 1120256K
  class space    used 8951K, capacity 9471K, committed 9472K, reserved 1048576K
GC Heap History (10 events):
Event: 3.866 GC heap before
{Heap before GC invocations=4 (full 2):
 PSYoungGen      total 611840K, used 19475K [0x00000000d5580000, 0x0000000100000000, 0x0000000100000000)
  eden space 524800K, 0% used [0x00000000d5580000,0x00000000d5580000,0x00000000f5600000)
  from space 87040K, 22% used [0x00000000fab00000,0x00000000fbe04d58,0x0000000100000000)
  to   space 87040K, 0% used [0x00000000f5600000,0x00000000f5600000,0x00000000fab00000)
 ParOldGen       total 873472K, used 13522K [0x0000000080000000, 0x00000000b5500000, 0x00000000d5580000)
  object space 873472K, 1% used [0x0000000080000000,0x0000000080d34be0,0x00000000b5500000)
 Metaspace       used 34723K, capacity 35018K, committed 35416K, reserved 1081344K
  class space    used 4188K, capacity 4289K, committed 4352K, reserved 1048576K
Event: 3.983 GC heap after
Heap after GC invocations=4 (full 2):
 PSYoungGen      total 611840K, used 0K [0x00000000d5580000, 0x0000000100000000, 0x0000000100000000)
  eden space 524800K, 0% used [0x00000000d5580000,0x00000000d5580000,0x00000000f5600000)
  from space 87040K, 0% used [0x00000000fab00000,0x00000000fab00000,0x0000000100000000)
  to   space 87040K, 0% used [0x00000000f5600000,0x00000000f5600000,0x00000000fab00000)
 ParOldGen       total 1398272K, used 24282K [0x0000000080000000, 0x00000000d5580000, 0x00000000d5580000)
  object space 1398272K, 1% used [0x0000000080000000,0x00000000817b6ac0,0x00000000d5580000)
 Metaspace       used 34723K, capacity 35018K, committed 35416K, reserved 1081344K
  class space    used 4188K, capacity 4289K, committed 4352K, reserved 1048576K
}
Event: 6.879 GC heap before
{Heap before GC invocations=5 (full 2):
 PSYoungGen      total 611840K, used 524800K [0x00000000d5580000, 0x0000000100000000, 0x0000000100000000)
  eden space 524800K, 100% used [0x00000000d5580000,0x00000000f5600000,0x00000000f5600000)
  from space 87040K, 0% used [0x00000000fab00000,0x00000000fab00000,0x0000000100000000)
  to   space 87040K, 0% used [0x00000000f5600000,0x00000000f5600000,0x00000000fab00000)
 ParOldGen       total 1398272K, used 24282K [0x0000000080000000, 0x00000000d5580000, 0x00000000d5580000)
  object space 1398272K, 1% used [0x0000000080000000,0x00000000817b6ac0,0x00000000d5580000)
 Metaspace       used 49360K, capacity 50182K, committed 50432K, reserved 1093632K
  class space    used 5869K, capacity 6053K, committed 6144K, reserved 1048576K
Event: 6.930 GC heap after
Heap after GC invocations=5 (full 2):
 PSYoungGen      total 611840K, used 21646K [0x00000000d5580000, 0x0000000100000000, 0x0000000100000000)
  eden space 524800K, 0% used [0x00000000d5580000,0x00000000d5580000,0x00000000f5600000)
  from space 87040K, 24% used [0x00000000f5600000,0x00000000f6b239f0,0x00000000fab00000)
  to   space 87040K, 0% used [0x00000000fab00000,0x00000000fab00000,0x0000000100000000)
 ParOldGen       total 1398272K, used 24290K [0x0000000080000000, 0x00000000d5580000, 0x00000000d5580000)
  object space 1398272K, 1% used [0x0000000080000000,0x00000000817b8ac0,0x00000000d5580000)
 Metaspace       used 49360K, capacity 50182K, committed 50432K, reserved 1093632K
  class space    used 5869K, capacity 6053K, committed 6144K, reserved 1048576K
}
Event: 10.942 GC heap before
{Heap before GC invocations=6 (full 2):
 PSYoungGen      total 611840K, used 323963K [0x00000000d5580000, 0x0000000100000000, 0x0000000100000000)
  eden space 524800K, 57% used [0x00000000d5580000,0x00000000e7cbb330,0x00000000f5600000)
  from space 87040K, 24% used [0x00000000f5600000,0x00000000f6b239f0,0x00000000fab00000)
  to   space 87040K, 0% used [0x00000000fab00000,0x00000000fab00000,0x0000000100000000)
 ParOldGen       total 1398272K, used 24290K [0x0000000080000000, 0x00000000d5580000, 0x00000000d5580000)
  object space 1398272K, 1% used [0x0000000080000000,0x00000000817b8ac0,0x00000000d5580000)
 Metaspace       used 57761K, capacity 58905K, committed 59028K, reserved 1101824K
  class space    used 6935K, capacity 7168K, committed 7168K, reserved 1048576K
Event: 10.982 GC heap after
Heap after GC invocations=6 (full 2):
 PSYoungGen      total 611840K, used 19831K [0x00000000d5580000, 0x0000000100000000, 0x0000000100000000)
  eden space 524800K, 0% used [0x00000000d5580000,0x00000000d5580000,0x00000000f5600000)
  from space 87040K, 22% used [0x00000000fab00000,0x00000000fbe5dea0,0x0000000100000000)
  to   space 87040K, 0% used [0x00000000f5600000,0x00000000f5600000,0x00000000fab00000)
 ParOldGen       total 1398272K, used 24298K [0x0000000080000000, 0x00000000d5580000, 0x00000000d5580000)
  object space 1398272K, 1% used [0x0000000080000000,0x00000000817baac0,0x00000000d5580000)
 Metaspace       used 57761K, capacity 58905K, committed 59028K, reserved 1101824K
  class space    used 6935K, capacity 7168K, committed 7168K, reserved 1048576K
}
Event: 10.982 GC heap before
{Heap before GC invocations=7 (full 3):
 PSYoungGen      total 611840K, used 19831K [0x00000000d5580000, 0x0000000100000000, 0x0000000100000000)
  eden space 524800K, 0% used [0x00000000d5580000,0x00000000d5580000,0x00000000f5600000)
  from space 87040K, 22% used [0x00000000fab00000,0x00000000fbe5dea0,0x0000000100000000)
  to   space 87040K, 0% used [0x00000000f5600000,0x00000000f5600000,0x00000000fab00000)
 ParOldGen       total 1398272K, used 24298K [0x0000000080000000, 0x00000000d5580000, 0x00000000d5580000)
  object space 1398272K, 1% used [0x0000000080000000,0x00000000817baac0,0x00000000d5580000)
 Metaspace       used 57761K, capacity 58905K, committed 59028K, reserved 1101824K
  class space    used 6935K, capacity 7168K, committed 7168K, reserved 1048576K
Event: 11.293 GC heap after
Heap after GC invocations=7 (full 3):
 PSYoungGen      total 611840K, used 0K [0x00000000d5580000, 0x0000000100000000, 0x0000000100000000)
  eden space 524800K, 0% used [0x00000000d5580000,0x00000000d5580000,0x00000000f5600000)
  from space 87040K, 0% used [0x00000000fab00000,0x00000000fab00000,0x0000000100000000)
  to   space 87040K, 0% used [0x00000000f5600000,0x00000000f5600000,0x00000000fab00000)
 ParOldGen       total 1398272K, used 32380K [0x0000000080000000, 0x00000000d5580000, 0x00000000d5580000)
  object space 1398272K, 2% used [0x0000000080000000,0x0000000081f9f0e8,0x00000000d5580000)
 Metaspace       used 57676K, capacity 58701K, committed 59028K, reserved 1101824K
  class space    used 6905K, capacity 7116K, committed 7168K, reserved 1048576K
}
Event: 24.692 GC heap before
{Heap before GC invocations=8 (full 3):
 PSYoungGen      total 611840K, used 524800K [0x00000000d5580000, 0x0000000100000000, 0x0000000100000000)
  eden space 524800K, 100% used [0x00000000d5580000,0x00000000f5600000,0x00000000f5600000)
  from space 87040K, 0% used [0x00000000fab00000,0x00000000fab00000,0x0000000100000000)
  to   space 87040K, 0% used [0x00000000f5600000,0x00000000f5600000,0x00000000fab00000)
 ParOldGen       total 1398272K, used 32380K [0x0000000080000000, 0x00000000d5580000, 0x00000000d5580000)
  object space 1398272K, 2% used [0x0000000080000000,0x0000000081f9f0e8,0x00000000d5580000)
 Metaspace       used 76792K, capacity 79595K, committed 79616K, reserved 1120256K
  class space    used 8947K, capacity 9464K, committed 9472K, reserved 1048576K
Event: 24.839 GC heap after
Heap after GC invocations=8 (full 3):
 PSYoungGen      total 586752K, used 61902K [0x00000000d5580000, 0x00000000fbd00000, 0x0000000100000000)
  eden space 524800K, 0% used [0x00000000d5580000,0x00000000d5580000,0x00000000f5600000)
  from space 61952K, 99% used [0x00000000f5600000,0x00000000f9273b00,0x00000000f9280000)
  to   space 43520K, 0% used [0x00000000f9280000,0x00000000f9280000,0x00000000fbd00000)
 ParOldGen       total 1398272K, used 32380K [0x0000000080000000, 0x00000000d5580000, 0x00000000d5580000)
  object space 1398272K, 2% used [0x0000000080000000,0x0000000081f9f0e8,0x00000000d5580000)
 Metaspace       used 76792K, capacity 79595K, committed 79616K, reserved 1120256K
  class space    used 8947K, capacity 9464K, committed 9472K, reserved 1048576K
}

