# JRE version: OpenJDK Runtime Environment (8.0_212-b04) (build 1.8.0_212-b04)
# Java VM: OpenJDK 64-Bit Server VM (25.212-b04 mixed mode linux-amd64 compressed oops)
Heap:
 PSYoungGen      total 418816K, used 168793K [0x00000000d5580000, 0x0000000100000000, 0x0000000100000000)
  eden space 388608K, 35% used [0x00000000d5580000,0x00000000ddcda0c8,0x00000000ed100000)
  from space 30208K, 99% used [0x00000000f8e00000,0x00000000fab7c628,0x00000000fab80000)
  to   space 155136K, 0% used [0x00000000ed100000,0x00000000ed100000,0x00000000f6880000)
 ParOldGen       total 1398272K, used 971157K [0x0000000080000000, 0x00000000d5580000, 0x00000000d5580000)
  object space 1398272K, 69% used [0x0000000080000000,0x00000000bb465438,0x00000000d5580000)
 Metaspace       used 66044K, capacity 68794K, committed 68992K, reserved 1110016K
  class space    used 7508K, capacity 7979K, committed 8064K, reserved 1048576K
GC Heap History (10 events):
Event: 8.675 GC heap before
{Heap before GC invocations=5 (full 2):
 PSYoungGen      total 611840K, used 524800K [0x00000000d5580000, 0x0000000100000000, 0x0000000100000000)
  eden space 524800K, 100% used [0x00000000d5580000,0x00000000f5600000,0x00000000f5600000)
  from space 87040K, 0% used [0x00000000fab00000,0x00000000fab00000,0x0000000100000000)
  to   space 87040K, 0% used [0x00000000f5600000,0x00000000f5600000,0x00000000fab00000)
 ParOldGen       total 1398272K, used 23858K [0x0000000080000000, 0x00000000d5580000, 0x00000000d5580000)
  object space 1398272K, 1% used [0x0000000080000000,0x000000008174c9e0,0x00000000d5580000)
 Metaspace       used 44726K, capacity 45652K, committed 45824K, reserved 1089536K
  class space    used 5174K, capacity 5374K, committed 5376K, reserved 1048576K
Event: 8.727 GC heap after
Heap after GC invocations=5 (full 2):
 PSYoungGen      total 611840K, used 17253K [0x00000000d5580000, 0x0000000100000000, 0x0000000100000000)
  eden space 524800K, 0% used [0x00000000d5580000,0x00000000d5580000,0x00000000f5600000)
  from space 87040K, 19% used [0x00000000f5600000,0x00000000f66d95e8,0x00000000fab00000)
  to   space 87040K, 0% used [0x00000000fab00000,0x00000000fab00000,0x0000000100000000)
 ParOldGen       total 1398272K, used 23866K [0x0000000080000000, 0x00000000d5580000, 0x00000000d5580000)
  object space 1398272K, 1% used [0x0000000080000000,0x000000008174e9e0,0x00000000d5580000)
 Metaspace       used 44726K, capacity 45652K, committed 45824K, reserved 1089536K
  class space    used 5174K, capacity 5374K, committed 5376K, reserved 1048576K
}
Event: 12.727 GC heap before
{Heap before GC invocations=6 (full 2):
 PSYoungGen      total 611840K, used 322655K [0x00000000d5580000, 0x0000000100000000, 0x0000000100000000)
  eden space 524800K, 58% used [0x00000000d5580000,0x00000000e7fbe838,0x00000000f5600000)
  from space 87040K, 19% used [0x00000000f5600000,0x00000000f66d95e8,0x00000000fab00000)
  to   space 87040K, 0% used [0x00000000fab00000,0x00000000fab00000,0x0000000100000000)
 ParOldGen       total 1398272K, used 23866K [0x0000000080000000, 0x00000000d5580000, 0x00000000d5580000)
  object space 1398272K, 1% used [0x0000000080000000,0x000000008174e9e0,0x00000000d5580000)
 Metaspace       used 57449K, capacity 58916K, committed 59028K, reserved 1101824K
  class space    used 6609K, capacity 6904K, committed 6912K, reserved 1048576K
Event: 12.773 GC heap after
Heap after GC invocations=6 (full 2):
 PSYoungGen      total 611840K, used 29727K [0x00000000d5580000, 0x0000000100000000, 0x0000000100000000)
  eden space 524800K, 0% used [0x00000000d5580000,0x00000000d5580000,0x00000000f5600000)
  from space 87040K, 34% used [0x00000000fab00000,0x00000000fc807c70,0x0000000100000000)
  to   space 87040K, 0% used [0x00000000f5600000,0x00000000f5600000,0x00000000fab00000)
 ParOldGen       total 1398272K, used 23874K [0x0000000080000000, 0x00000000d5580000, 0x00000000d5580000)
  object space 1398272K, 1% used [0x0000000080000000,0x00000000817509e0,0x00000000d5580000)
 Metaspace       used 57449K, capacity 58916K, committed 59028K, reserved 1101824K
  class space    used 6609K, capacity 6904K, committed 6912K, reserved 1048576K
}
Event: 12.773 GC heap before
{Heap before GC invocations=7 (full 3):
 PSYoungGen      total 611840K, used 29727K [0x00000000d5580000, 0x0000000100000000, 0x0000000100000000)
  eden space 524800K, 0% used [0x00000000d5580000,0x00000000d5580000,0x00000000f5600000)
  from space 87040K, 34% used [0x00000000fab00000,0x00000000fc807c70,0x0000000100000000)
  to   space 87040K, 0% used [0x00000000f5600000,0x00000000f5600000,0x00000000fab00000)
 ParOldGen       total 1398272K, used 23874K [0x0000000080000000, 0x00000000d5580000, 0x00000000d5580000)
  object space 1398272K, 1% used [0x0000000080000000,0x00000000817509e0,0x00000000d5580000)
 Metaspace       used 57449K, capacity 58916K, committed 59028K, reserved 1101824K
  class space    used 6609K, capacity 6904K, committed 6912K, reserved 1048576K
Event: 13.043 GC heap after
Heap after GC invocations=7 (full 3):
 PSYoungGen      total 611840K, used 0K [0x00000000d5580000, 0x0000000100000000, 0x0000000100000000)
  eden space 524800K, 0% used [0x00000000d5580000,0x00000000d5580000,0x00000000f5600000)
  from space 87040K, 0% used [0x00000000fab00000,0x00000000fab00000,0x0000000100000000)
  to   space 87040K, 0% used [0x00000000f5600000,0x00000000f5600000,0x00000000fab00000)
 ParOldGen       total 1398272K, used 41035K [0x0000000080000000, 0x00000000d5580000, 0x00000000d5580000)
  object space 1398272K, 2% used [0x0000000080000000,0x0000000082812c38,0x00000000d5580000)
 Metaspace       used 57418K, capacity 58834K, committed 59028K, reserved 1101824K
  class space    used 6597K, capacity 6885K, committed 6912K, reserved 1048576K
}
Event: 18.984 GC heap before
{Heap before GC invocations=8 (full 3):
 PSYoungGen      total 611840K, used 362103K [0x00000000d5580000, 0x0000000100000000, 0x0000000100000000)
  eden space 524800K, 68% used [0x00000000d5580000,0x00000000eb71dc40,0x00000000f5600000)
  from space 87040K, 0% used [0x00000000fab00000,0x00000000fab00000,0x0000000100000000)
  to   space 87040K, 0% used [0x00000000f5600000,0x00000000f5600000,0x00000000fab00000)
 ParOldGen       total 1398272K, used 41035K [0x0000000080000000, 0x00000000d5580000, 0x00000000d5580000)
  object space 1398272K, 2% used [0x0000000080000000,0x0000000082812c38,0x00000000d5580000)
 Metaspace       used 60628K, capacity 62724K, committed 62976K, reserved 1105920K
  class space    used 7019K, capacity 7396K, committed 7424K, reserved 1048576K
Event: 19.380 GC heap after
Heap after GC invocations=8 (full 3):
 PSYoungGen      total 535552K, used 10608K [0x00000000d5580000, 0x00000000fab80000, 0x0000000100000000)
  eden space 524800K, 0% used [0x00000000d5580000,0x00000000d5580000,0x00000000f5600000)
  from space 10752K, 98% used [0x00000000f5600000,0x00000000f605c3d8,0x00000000f6080000)
  to   space 30208K, 0% used [0x00000000f8e00000,0x00000000f8e00000,0x00000000fab80000)
 ParOldGen       total 1398272K, used 450643K [0x0000000080000000, 0x00000000d5580000, 0x00000000d5580000)
  object space 1398272K, 32% used [0x0000000080000000,0x000000009b814c58,0x00000000d5580000)
 Metaspace       used 60628K, capacity 62724K, committed 62976K, reserved 1105920K
  class space    used 7019K, capacity 7396K, committed 7424K, reserved 1048576K
}
Event: 24.958 GC heap before
{Heap before GC invocations=9 (full 3):
 PSYoungGen      total 535552K, used 535408K [0x00000000d5580000, 0x00000000fab80000, 0x0000000100000000)
  eden space 524800K, 100% used [0x00000000d5580000,0x00000000f5600000,0x00000000f5600000)
  from space 10752K, 98% used [0x00000000f5600000,0x00000000f605c3d8,0x00000000f6080000)
  to   space 30208K, 0% used [0x00000000f8e00000,0x00000000f8e00000,0x00000000fab80000)
 ParOldGen       total 1398272K, used 757843K [0x0000000080000000, 0x00000000d5580000, 0x00000000d5580000)
  object space 1398272K, 54% used [0x0000000080000000,0x00000000ae414c68,0x00000000d5580000)
 Metaspace       used 65502K, capacity 68204K, committed 68480K, reserved 1110016K
  class space    used 7507K, capacity 7978K, committed 8064K, reserved 1048576K
Event: 25.144 GC heap after
Heap after GC invocations=9 (full 3):
 PSYoungGen      total 418816K, used 30193K [0x00000000d5580000, 0x0000000100000000, 0x0000000100000000)
  eden space 388608K, 0% used [0x00000000d5580000,0x00000000d5580000,0x00000000ed100000)
  from space 30208K, 99% used [0x00000000f8e00000,0x00000000fab7c628,0x00000000fab80000)
  to   space 155136K, 0% used [0x00000000ed100000,0x00000000ed100000,0x00000000f6880000)
 ParOldGen       total 1398272K, used 971157K [0x0000000080000000, 0x00000000d5580000, 0x00000000d5580000)
  object space 1398272K, 69% used [0x0000000080000000,0x00000000bb465438,0x00000000d5580000)
 Metaspace       used 65502K, capacity 68204K, committed 68480K, reserved 1110016K
  class space    used 7507K, capacity 7978K, committed 8064K, reserved 1048576K
}

