# JRE version: OpenJDK Runtime Environment (8.0_212-b04) (build 1.8.0_212-b04)
# Java VM: OpenJDK 64-Bit Server VM (25.212-b04 mixed mode linux-amd64 compressed oops)
Heap:
 PSYoungGen      total 611840K, used 373297K [0x00000000d5580000, 0x0000000100000000, 0x0000000100000000)
  eden space 524800K, 71% used [0x00000000d5580000,0x00000000ec20c5c0,0x00000000f5600000)
  from space 87040K, 0% used [0x00000000fab00000,0x00000000fab00000,0x0000000100000000)
  to   space 87040K, 0% used [0x00000000f5600000,0x00000000f5600000,0x00000000fab00000)
 ParOldGen       total 1398272K, used 32902K [0x0000000080000000, 0x00000000d5580000, 0x00000000d5580000)
  object space 1398272K, 2% used [0x0000000080000000,0x0000000082021820,0x00000000d5580000)
 Metaspace       used 64294K, capacity 67008K, committed 67072K, reserved 1107968K
  class space    used 7410K, capacity 7914K, committed 7936K, reserved 1048576K
GC Heap History (10 events):
Event: 4.637 GC heap before
{Heap before GC invocations=3 (full 1):
 PSYoungGen      total 611840K, used 445044K [0x00000000d5580000, 0x0000000100000000, 0x0000000100000000)
  eden space 524800K, 84% used [0x00000000d5580000,0x00000000f081d020,0x00000000f5600000)
  from space 87040K, 0% used [0x00000000f5600000,0x00000000f5600000,0x00000000fab00000)
  to   space 87040K, 0% used [0x00000000fab00000,0x00000000fab00000,0x0000000100000000)
 ParOldGen       total 875008K, used 13727K [0x0000000080000000, 0x00000000b5680000, 0x00000000d5580000)
  object space 875008K, 1% used [0x0000000080000000,0x0000000080d67f50,0x00000000b5680000)
 Metaspace       used 34786K, capacity 35156K, committed 35416K, reserved 1081344K
  class space    used 3963K, capacity 4060K, committed 4096K, reserved 1048576K
Event: 4.676 GC heap after
Heap after GC invocations=3 (full 1):
 PSYoungGen      total 611840K, used 19249K [0x00000000d5580000, 0x0000000100000000, 0x0000000100000000)
  eden space 524800K, 0% used [0x00000000d5580000,0x00000000d5580000,0x00000000f5600000)
  from space 87040K, 22% used [0x00000000fab00000,0x00000000fbdcc508,0x0000000100000000)
  to   space 87040K, 0% used [0x00000000f5600000,0x00000000f5600000,0x00000000fab00000)
 ParOldGen       total 875008K, used 13727K [0x0000000080000000, 0x00000000b5680000, 0x00000000d5580000)
  object space 875008K, 1% used [0x0000000080000000,0x0000000080d67f50,0x00000000b5680000)
 Metaspace       used 34786K, capacity 35156K, committed 35416K, reserved 1081344K
  class space    used 3963K, capacity 4060K, committed 4096K, reserved 1048576K
}
Event: 4.676 GC heap before
{Heap before GC invocations=4 (full 2):
 PSYoungGen      total 611840K, used 19249K [0x00000000d5580000, 0x0000000100000000, 0x0000000100000000)
  eden space 524800K, 0% used [0x00000000d5580000,0x00000000d5580000,0x00000000f5600000)
  from space 87040K, 22% used [0x00000000fab00000,0x00000000fbdcc508,0x0000000100000000)
  to   space 87040K, 0% used [0x00000000f5600000,0x00000000f5600000,0x00000000fab00000)
 ParOldGen       total 875008K, used 13727K [0x0000000080000000, 0x00000000b5680000, 0x00000000d5580000)
  object space 875008K, 1% used [0x0000000080000000,0x0000000080d67f50,0x00000000b5680000)
 Metaspace       used 34786K, capacity 35156K, committed 35416K, reserved 1081344K
  class space    used 3963K, capacity 4060K, committed 4096K, reserved 1048576K
Event: 4.794 GC heap after
Heap after GC invocations=4 (full 2):
 PSYoungGen      total 611840K, used 0K [0x00000000d5580000, 0x0000000100000000, 0x0000000100000000)
  eden space 524800K, 0% used [0x00000000d5580000,0x00000000d5580000,0x00000000f5600000)
  from space 87040K, 0% used [0x00000000fab00000,0x00000000fab00000,0x0000000100000000)
  to   space 87040K, 0% used [0x00000000f5600000,0x00000000f5600000,0x00000000fab00000)
 ParOldGen       total 1398272K, used 23546K [0x0000000080000000, 0x00000000d5580000, 0x00000000d5580000)
  object space 1398272K, 1% used [0x0000000080000000,0x00000000816feb40,0x00000000d5580000)
 Metaspace       used 34786K, capacity 35156K, committed 35416K, reserved 1081344K
  class space    used 3963K, capacity 4060K, committed 4096K, reserved 1048576K
}
Event: 11.340 GC heap before
{Heap before GC invocations=5 (full 2):
 PSYoungGen      total 611840K, used 524800K [0x00000000d5580000, 0x0000000100000000, 0x0000000100000000)
  eden space 524800K, 100% used [0x00000000d5580000,0x00000000f5600000,0x00000000f5600000)
  from space 87040K, 0% used [0x00000000fab00000,0x00000000fab00000,0x0000000100000000)
  to   space 87040K, 0% used [0x00000000f5600000,0x00000000f5600000,0x00000000fab00000)
 ParOldGen       total 1398272K, used 23546K [0x0000000080000000, 0x00000000d5580000, 0x00000000d5580000)
  object space 1398272K, 1% used [0x0000000080000000,0x00000000816feb40,0x00000000d5580000)
 Metaspace       used 51389K, capacity 52762K, committed 52992K, reserved 1095680K
  class space    used 6041K, capacity 6317K, committed 6400K, reserved 1048576K
Event: 11.412 GC heap after
Heap after GC invocations=5 (full 2):
 PSYoungGen      total 611840K, used 26167K [0x00000000d5580000, 0x0000000100000000, 0x0000000100000000)
  eden space 524800K, 0% used [0x00000000d5580000,0x00000000d5580000,0x00000000f5600000)
  from space 87040K, 30% used [0x00000000f5600000,0x00000000f6f8dc78,0x00000000fab00000)
  to   space 87040K, 0% used [0x00000000fab00000,0x00000000fab00000,0x0000000100000000)
 ParOldGen       total 1398272K, used 23554K [0x0000000080000000, 0x00000000d5580000, 0x00000000d5580000)
  object space 1398272K, 1% used [0x0000000080000000,0x0000000081700b40,0x00000000d5580000)
 Metaspace       used 51389K, capacity 52762K, committed 52992K, reserved 1095680K
  class space    used 6041K, capacity 6317K, committed 6400K, reserved 1048576K
}
Event: 12.514 GC heap before
{Heap before GC invocations=6 (full 2):
 PSYoungGen      total 611840K, used 177221K [0x00000000d5580000, 0x0000000100000000, 0x0000000100000000)
  eden space 524800K, 28% used [0x00000000d5580000,0x00000000de9038b0,0x00000000f5600000)
  from space 87040K, 30% used [0x00000000f5600000,0x00000000f6f8dc78,0x00000000fab00000)
  to   space 87040K, 0% used [0x00000000fab00000,0x00000000fab00000,0x0000000100000000)
 ParOldGen       total 1398272K, used 23554K [0x0000000080000000, 0x00000000d5580000, 0x00000000d5580000)
  object space 1398272K, 1% used [0x0000000080000000,0x0000000081700b40,0x00000000d5580000)
 Metaspace       used 57261K, capacity 59004K, committed 59028K, reserved 1101824K
  class space    used 6623K, capacity 6910K, committed 6912K, reserved 1048576K
Event: 12.553 GC heap after
Heap after GC invocations=6 (full 2):
 PSYoungGen      total 611840K, used 21389K [0x00000000d5580000, 0x0000000100000000, 0x0000000100000000)
  eden space 524800K, 0% used [0x00000000d5580000,0x00000000d5580000,0x00000000f5600000)
  from space 87040K, 24% used [0x00000000fab00000,0x00000000fbfe3618,0x0000000100000000)
  to   space 87040K, 0% used [0x00000000f5600000,0x00000000f5600000,0x00000000fab00000)
 ParOldGen       total 1398272K, used 23562K [0x0000000080000000, 0x00000000d5580000, 0x00000000d5580000)
  object space 1398272K, 1% used [0x0000000080000000,0x0000000081702b40,0x00000000d5580000)
 Metaspace       used 57261K, capacity 59004K, committed 59028K, reserved 1101824K
  class space    used 6623K, capacity 6910K, committed 6912K, reserved 1048576K
}
Event: 12.553 GC heap before
{Heap before GC invocations=7 (full 3):
 PSYoungGen      total 611840K, used 21389K [0x00000000d5580000, 0x0000000100000000, 0x0000000100000000)
  eden space 524800K, 0% used [0x00000000d5580000,0x00000000d5580000,0x00000000f5600000)
  from space 87040K, 24% used [0x00000000fab00000,0x00000000fbfe3618,0x0000000100000000)
  to   space 87040K, 0% used [0x00000000f5600000,0x00000000f5600000,0x00000000fab00000)
 ParOldGen       total 1398272K, used 23562K [0x0000000080000000, 0x00000000d5580000, 0x00000000d5580000)
  object space 1398272K, 1% used [0x0000000080000000,0x0000000081702b40,0x00000000d5580000)
 Metaspace       used 57261K, capacity 59004K, committed 59028K, reserved 1101824K
  class space    used 6623K, capacity 6910K, committed 6912K, reserved 1048576K
Event: 12.858 GC heap after
Heap after GC invocations=7 (full 3):
 PSYoungGen      total 611840K, used 0K [0x00000000d5580000, 0x0000000100000000, 0x0000000100000000)
  eden space 524800K, 0% used [0x00000000d5580000,0x00000000d5580000,0x00000000f5600000)
  from space 87040K, 0% used [0x00000000fab00000,0x00000000fab00000,0x0000000100000000)
  to   space 87040K, 0% used [0x00000000f5600000,0x00000000f5600000,0x00000000fab00000)
 ParOldGen       total 1398272K, used 32902K [0x0000000080000000, 0x00000000d5580000, 0x00000000d5580000)
  object space 1398272K, 2% used [0x0000000080000000,0x0000000082021820,0x00000000d5580000)
 Metaspace       used 57164K, capacity 58740K, committed 59028K, reserved 1101824K
  class space    used 6589K, capacity 6850K, committed 6912K, reserved 1048576K
}

