# JRE version: OpenJDK Runtime Environment (8.0_212-b04) (build 1.8.0_212-b04)
# Java VM: OpenJDK 64-Bit Server VM (25.212-b04 mixed mode linux-amd64 compressed oops)
Heap:
 PSYoungGen      total 611840K, used 323088K [0x00000000d5580000, 0x0000000100000000, 0x0000000100000000)
  eden space 524800K, 61% used [0x00000000d5580000,0x00000000e9104338,0x00000000f5600000)
  from space 87040K, 0% used [0x00000000fab00000,0x00000000fab00000,0x0000000100000000)
  to   space 87040K, 0% used [0x00000000f5600000,0x00000000f5600000,0x00000000fab00000)
 ParOldGen       total 1398272K, used 28625K [0x0000000080000000, 0x00000000d5580000, 0x00000000d5580000)
  object space 1398272K, 2% used [0x0000000080000000,0x0000000081bf46a8,0x00000000d5580000)
 Metaspace       used 66186K, capacity 69042K, committed 69120K, reserved 1110016K
  class space    used 7620K, capacity 8129K, committed 8192K, reserved 1048576K
GC Heap History (10 events):
Event: 4.874 GC heap before
{Heap before GC invocations=3 (full 1):
 PSYoungGen      total 611840K, used 456840K [0x00000000d5580000, 0x0000000100000000, 0x0000000100000000)
  eden space 524800K, 87% used [0x00000000d5580000,0x00000000f13a2250,0x00000000f5600000)
  from space 87040K, 0% used [0x00000000f5600000,0x00000000f5600000,0x00000000fab00000)
  to   space 87040K, 0% used [0x00000000fab00000,0x00000000fab00000,0x0000000100000000)
 ParOldGen       total 879104K, used 14316K [0x0000000080000000, 0x00000000b5a80000, 0x00000000d5580000)
  object space 879104K, 1% used [0x0000000080000000,0x0000000080dfb348,0x00000000b5a80000)
 Metaspace       used 34600K, capacity 34970K, committed 35416K, reserved 1081344K
  class space    used 3944K, capacity 4061K, committed 4096K, reserved 1048576K
Event: 4.918 GC heap after
Heap after GC invocations=3 (full 1):
 PSYoungGen      total 611840K, used 18766K [0x00000000d5580000, 0x0000000100000000, 0x0000000100000000)
  eden space 524800K, 0% used [0x00000000d5580000,0x00000000d5580000,0x00000000f5600000)
  from space 87040K, 21% used [0x00000000fab00000,0x00000000fbd53a68,0x0000000100000000)
  to   space 87040K, 0% used [0x00000000f5600000,0x00000000f5600000,0x00000000fab00000)
 ParOldGen       total 879104K, used 14316K [0x0000000080000000, 0x00000000b5a80000, 0x00000000d5580000)
  object space 879104K, 1% used [0x0000000080000000,0x0000000080dfb348,0x00000000b5a80000)
 Metaspace       used 34600K, capacity 34970K, committed 35416K, reserved 1081344K
  class space    used 3944K, capacity 4061K, committed 4096K, reserved 1048576K
}
Event: 4.918 GC heap before
{Heap before GC invocations=4 (full 2):
 PSYoungGen      total 611840K, used 18766K [0x00000000d5580000, 0x0000000100000000, 0x0000000100000000)
  eden space 524800K, 0% used [0x00000000d5580000,0x00000000d5580000,0x00000000f5600000)
  from space 87040K, 21% used [0x00000000fab00000,0x00000000fbd53a68,0x0000000100000000)
  to   space 87040K, 0% used [0x00000000f5600000,0x00000000f5600000,0x00000000fab00000)
 ParOldGen       total 879104K, used 14316K [0x0000000080000000, 0x00000000b5a80000, 0x00000000d5580000)
  object space 879104K, 1% used [0x0000000080000000,0x0000000080dfb348,0x00000000b5a80000)
 Metaspace       used 34600K, capacity 34970K, committed 35416K, reserved 1081344K
  class space    used 3944K, capacity 4061K, committed 4096K, reserved 1048576K
Event: 5.028 GC heap after
Heap after GC invocations=4 (full 2):
 PSYoungGen      total 611840K, used 0K [0x00000000d5580000, 0x0000000100000000, 0x0000000100000000)
  eden space 524800K, 0% used [0x00000000d5580000,0x00000000d5580000,0x00000000f5600000)
  from space 87040K, 0% used [0x00000000fab00000,0x00000000fab00000,0x0000000100000000)
  to   space 87040K, 0% used [0x00000000f5600000,0x00000000f5600000,0x00000000fab00000)
 ParOldGen       total 1398272K, used 23306K [0x0000000080000000, 0x00000000d5580000, 0x00000000d5580000)
  object space 1398272K, 1% used [0x0000000080000000,0x00000000816c2b08,0x00000000d5580000)
 Metaspace       used 34600K, capacity 34970K, committed 35416K, reserved 1081344K
  class space    used 3944K, capacity 4061K, committed 4096K, reserved 1048576K
}
Event: 11.759 GC heap before
{Heap before GC invocations=5 (full 2):
 PSYoungGen      total 611840K, used 524800K [0x00000000d5580000, 0x0000000100000000, 0x0000000100000000)
  eden space 524800K, 100% used [0x00000000d5580000,0x00000000f5600000,0x00000000f5600000)
  from space 87040K, 0% used [0x00000000fab00000,0x00000000fab00000,0x0000000100000000)
  to   space 87040K, 0% used [0x00000000f5600000,0x00000000f5600000,0x00000000fab00000)
 ParOldGen       total 1398272K, used 23306K [0x0000000080000000, 0x00000000d5580000, 0x00000000d5580000)
  object space 1398272K, 1% used [0x0000000080000000,0x00000000816c2b08,0x00000000d5580000)
 Metaspace       used 52376K, capacity 53756K, committed 53888K, reserved 1097728K
  class space    used 6153K, capacity 6412K, committed 6528K, reserved 1048576K
Event: 11.831 GC heap after
Heap after GC invocations=5 (full 2):
 PSYoungGen      total 611840K, used 26436K [0x00000000d5580000, 0x0000000100000000, 0x0000000100000000)
  eden space 524800K, 0% used [0x00000000d5580000,0x00000000d5580000,0x00000000f5600000)
  from space 87040K, 30% used [0x00000000f5600000,0x00000000f6fd10b8,0x00000000fab00000)
  to   space 87040K, 0% used [0x00000000fab00000,0x00000000fab00000,0x0000000100000000)
 ParOldGen       total 1398272K, used 23314K [0x0000000080000000, 0x00000000d5580000, 0x00000000d5580000)
  object space 1398272K, 1% used [0x0000000080000000,0x00000000816c4b08,0x00000000d5580000)
 Metaspace       used 52376K, capacity 53756K, committed 53888K, reserved 1097728K
  class space    used 6153K, capacity 6412K, committed 6528K, reserved 1048576K
}
Event: 12.530 GC heap before
{Heap before GC invocations=6 (full 2):
 PSYoungGen      total 611840K, used 192621K [0x00000000d5580000, 0x0000000100000000, 0x0000000100000000)
  eden space 524800K, 31% used [0x00000000d5580000,0x00000000df7ca688,0x00000000f5600000)
  from space 87040K, 30% used [0x00000000f5600000,0x00000000f6fd10b8,0x00000000fab00000)
  to   space 87040K, 0% used [0x00000000fab00000,0x00000000fab00000,0x0000000100000000)
 ParOldGen       total 1398272K, used 23314K [0x0000000080000000, 0x00000000d5580000, 0x00000000d5580000)
  object space 1398272K, 1% used [0x0000000080000000,0x00000000816c4b08,0x00000000d5580000)
 Metaspace       used 57333K, capacity 58802K, committed 59008K, reserved 1101824K
  class space    used 6636K, capacity 6935K, committed 7040K, reserved 1048576K
Event: 12.567 GC heap after
Heap after GC invocations=6 (full 2):
 PSYoungGen      total 611840K, used 17081K [0x00000000d5580000, 0x0000000100000000, 0x0000000100000000)
  eden space 524800K, 0% used [0x00000000d5580000,0x00000000d5580000,0x00000000f5600000)
  from space 87040K, 19% used [0x00000000fab00000,0x00000000fbbae698,0x0000000100000000)
  to   space 87040K, 0% used [0x00000000f5600000,0x00000000f5600000,0x00000000fab00000)
 ParOldGen       total 1398272K, used 23322K [0x0000000080000000, 0x00000000d5580000, 0x00000000d5580000)
  object space 1398272K, 1% used [0x0000000080000000,0x00000000816c6b08,0x00000000d5580000)
 Metaspace       used 57333K, capacity 58802K, committed 59008K, reserved 1101824K
  class space    used 6636K, capacity 6935K, committed 7040K, reserved 1048576K
}
Event: 12.567 GC heap before
{Heap before GC invocations=7 (full 3):
 PSYoungGen      total 611840K, used 17081K [0x00000000d5580000, 0x0000000100000000, 0x0000000100000000)
  eden space 524800K, 0% used [0x00000000d5580000,0x00000000d5580000,0x00000000f5600000)
  from space 87040K, 19% used [0x00000000fab00000,0x00000000fbbae698,0x0000000100000000)
  to   space 87040K, 0% used [0x00000000f5600000,0x00000000f5600000,0x00000000fab00000)
 ParOldGen       total 1398272K, used 23322K [0x0000000080000000, 0x00000000d5580000, 0x00000000d5580000)
  object space 1398272K, 1% used [0x0000000080000000,0x00000000816c6b08,0x00000000d5580000)
 Metaspace       used 57333K, capacity 58802K, committed 59008K, reserved 1101824K
  class space    used 6636K, capacity 6935K, committed 7040K, reserved 1048576K
Event: 12.839 GC heap after
Heap after GC invocations=7 (full 3):
 PSYoungGen      total 611840K, used 0K [0x00000000d5580000, 0x0000000100000000, 0x0000000100000000)
  eden space 524800K, 0% used [0x00000000d5580000,0x00000000d5580000,0x00000000f5600000)
  from space 87040K, 0% used [0x00000000fab00000,0x00000000fab00000,0x0000000100000000)
  to   space 87040K, 0% used [0x00000000f5600000,0x00000000f5600000,0x00000000fab00000)
 ParOldGen       total 1398272K, used 28625K [0x0000000080000000, 0x00000000d5580000, 0x00000000d5580000)
  object space 1398272K, 2% used [0x0000000080000000,0x0000000081bf46a8,0x00000000d5580000)
 Metaspace       used 57297K, capacity 58710K, committed 59008K, reserved 1101824K
  class space    used 6623K, capacity 6913K, committed 7040K, reserved 1048576K
}

