# JRE version: OpenJDK Runtime Environment (8.0_212-b04) (build 1.8.0_212-b04)
# Java VM: OpenJDK 64-Bit Server VM (25.212-b04 mixed mode linux-amd64 compressed oops)
Heap:
 PSYoungGen      total 611840K, used 336817K [0x00000000d5580000, 0x0000000100000000, 0x0000000100000000)
  eden space 524800K, 51% used [0x00000000d5580000,0x00000000e5f954b0,0x00000000f5600000)
  from space 87040K, 73% used [0x00000000fab00000,0x00000000fe9d6f60,0x0000000100000000)
  to   space 87040K, 0% used [0x00000000f5600000,0x00000000f5600000,0x00000000fab00000)
 ParOldGen       total 1398272K, used 44415K [0x0000000080000000, 0x00000000d5580000, 0x00000000d5580000)
  object space 1398272K, 3% used [0x0000000080000000,0x0000000082b5fc58,0x00000000d5580000)
 Metaspace       used 65450K, capacity 68482K, committed 68736K, reserved 1110016K
  class space    used 7478K, capacity 8019K, committed 8064K, reserved 1048576K
GC Heap History (10 events):
Event: 4.860 GC heap before
{Heap before GC invocations=3 (full 1):
 PSYoungGen      total 611840K, used 434548K [0x00000000d5580000, 0x0000000100000000, 0x0000000100000000)
  eden space 524800K, 82% used [0x00000000d5580000,0x00000000efddd320,0x00000000f5600000)
  from space 87040K, 0% used [0x00000000f5600000,0x00000000f5600000,0x00000000fab00000)
  to   space 87040K, 0% used [0x00000000fab00000,0x00000000fab00000,0x0000000100000000)
 ParOldGen       total 908288K, used 13732K [0x0000000080000000, 0x00000000b7700000, 0x00000000d5580000)
  object space 908288K, 1% used [0x0000000080000000,0x0000000080d69278,0x00000000b7700000)
 Metaspace       used 34796K, capacity 35188K, committed 35416K, reserved 1081344K
  class space    used 3967K, capacity 4092K, committed 4096K, reserved 1048576K
Event: 4.901 GC heap after
Heap after GC invocations=3 (full 1):
 PSYoungGen      total 611840K, used 19201K [0x00000000d5580000, 0x0000000100000000, 0x0000000100000000)
  eden space 524800K, 0% used [0x00000000d5580000,0x00000000d5580000,0x00000000f5600000)
  from space 87040K, 22% used [0x00000000fab00000,0x00000000fbdc0580,0x0000000100000000)
  to   space 87040K, 0% used [0x00000000f5600000,0x00000000f5600000,0x00000000fab00000)
 ParOldGen       total 908288K, used 13732K [0x0000000080000000, 0x00000000b7700000, 0x00000000d5580000)
  object space 908288K, 1% used [0x0000000080000000,0x0000000080d69278,0x00000000b7700000)
 Metaspace       used 34796K, capacity 35188K, committed 35416K, reserved 1081344K
  class space    used 3967K, capacity 4092K, committed 4096K, reserved 1048576K
}
Event: 4.901 GC heap before
{Heap before GC invocations=4 (full 2):
 PSYoungGen      total 611840K, used 19201K [0x00000000d5580000, 0x0000000100000000, 0x0000000100000000)
  eden space 524800K, 0% used [0x00000000d5580000,0x00000000d5580000,0x00000000f5600000)
  from space 87040K, 22% used [0x00000000fab00000,0x00000000fbdc0580,0x0000000100000000)
  to   space 87040K, 0% used [0x00000000f5600000,0x00000000f5600000,0x00000000fab00000)
 ParOldGen       total 908288K, used 13732K [0x0000000080000000, 0x00000000b7700000, 0x00000000d5580000)
  object space 908288K, 1% used [0x0000000080000000,0x0000000080d69278,0x00000000b7700000)
 Metaspace       used 34796K, capacity 35188K, committed 35416K, reserved 1081344K
  class space    used 3967K, capacity 4092K, committed 4096K, reserved 1048576K
Event: 5.039 GC heap after
Heap after GC invocations=4 (full 2):
 PSYoungGen      total 611840K, used 0K [0x00000000d5580000, 0x0000000100000000, 0x0000000100000000)
  eden space 524800K, 0% used [0x00000000d5580000,0x00000000d5580000,0x00000000f5600000)
  from space 87040K, 0% used [0x00000000fab00000,0x00000000fab00000,0x0000000100000000)
  to   space 87040K, 0% used [0x00000000f5600000,0x00000000f5600000,0x00000000fab00000)
 ParOldGen       total 1398272K, used 23547K [0x0000000080000000, 0x00000000d5580000, 0x00000000d5580000)
  object space 1398272K, 1% used [0x0000000080000000,0x00000000816fec88,0x00000000d5580000)
 Metaspace       used 34796K, capacity 35188K, committed 35416K, reserved 1081344K
  class space    used 3967K, capacity 4092K, committed 4096K, reserved 1048576K
}
Event: 12.130 GC heap before
{Heap before GC invocations=5 (full 2):
 PSYoungGen      total 611840K, used 508833K [0x00000000d5580000, 0x0000000100000000, 0x0000000100000000)
  eden space 524800K, 96% used [0x00000000d5580000,0x00000000f46685c0,0x00000000f5600000)
  from space 87040K, 0% used [0x00000000fab00000,0x00000000fab00000,0x0000000100000000)
  to   space 87040K, 0% used [0x00000000f5600000,0x00000000f5600000,0x00000000fab00000)
 ParOldGen       total 1398272K, used 23547K [0x0000000080000000, 0x00000000d5580000, 0x00000000d5580000)
  object space 1398272K, 1% used [0x0000000080000000,0x00000000816fec88,0x00000000d5580000)
 Metaspace       used 57470K, capacity 58888K, committed 59028K, reserved 1101824K
  class space    used 6632K, capacity 6900K, committed 6912K, reserved 1048576K
Event: 12.216 GC heap after
Heap after GC invocations=5 (full 2):
 PSYoungGen      total 611840K, used 33844K [0x00000000d5580000, 0x0000000100000000, 0x0000000100000000)
  eden space 524800K, 0% used [0x00000000d5580000,0x00000000d5580000,0x00000000f5600000)
  from space 87040K, 38% used [0x00000000f5600000,0x00000000f770d028,0x00000000fab00000)
  to   space 87040K, 0% used [0x00000000fab00000,0x00000000fab00000,0x0000000100000000)
 ParOldGen       total 1398272K, used 23555K [0x0000000080000000, 0x00000000d5580000, 0x00000000d5580000)
  object space 1398272K, 1% used [0x0000000080000000,0x0000000081700c88,0x00000000d5580000)
 Metaspace       used 57470K, capacity 58888K, committed 59028K, reserved 1101824K
  class space    used 6632K, capacity 6900K, committed 6912K, reserved 1048576K
}
Event: 12.216 GC heap before
{Heap before GC invocations=6 (full 3):
 PSYoungGen      total 611840K, used 33844K [0x00000000d5580000, 0x0000000100000000, 0x0000000100000000)
  eden space 524800K, 0% used [0x00000000d5580000,0x00000000d5580000,0x00000000f5600000)
  from space 87040K, 38% used [0x00000000f5600000,0x00000000f770d028,0x00000000fab00000)
  to   space 87040K, 0% used [0x00000000fab00000,0x00000000fab00000,0x0000000100000000)
 ParOldGen       total 1398272K, used 23555K [0x0000000080000000, 0x00000000d5580000, 0x00000000d5580000)
  object space 1398272K, 1% used [0x0000000080000000,0x0000000081700c88,0x00000000d5580000)
 Metaspace       used 57470K, capacity 58888K, committed 59028K, reserved 1101824K
  class space    used 6632K, capacity 6900K, committed 6912K, reserved 1048576K
Event: 12.497 GC heap after
Heap after GC invocations=6 (full 3):
 PSYoungGen      total 611840K, used 0K [0x00000000d5580000, 0x0000000100000000, 0x0000000100000000)
  eden space 524800K, 0% used [0x00000000d5580000,0x00000000d5580000,0x00000000f5600000)
  from space 87040K, 0% used [0x00000000f5600000,0x00000000f5600000,0x00000000fab00000)
  to   space 87040K, 0% used [0x00000000fab00000,0x00000000fab00000,0x0000000100000000)
 ParOldGen       total 1398272K, used 44415K [0x0000000080000000, 0x00000000d5580000, 0x00000000d5580000)
  object space 1398272K, 3% used [0x0000000080000000,0x0000000082b5fc58,0x00000000d5580000)
 Metaspace       used 57435K, capacity 58800K, committed 59028K, reserved 1101824K
  class space    used 6620K, capacity 6880K, committed 6912K, reserved 1048576K
}
Event: 30.971 GC heap before
{Heap before GC invocations=7 (full 3):
 PSYoungGen      total 611840K, used 498859K [0x00000000d5580000, 0x0000000100000000, 0x0000000100000000)
  eden space 524800K, 95% used [0x00000000d5580000,0x00000000f3caaed0,0x00000000f5600000)
  from space 87040K, 0% used [0x00000000f5600000,0x00000000f5600000,0x00000000fab00000)
  to   space 87040K, 0% used [0x00000000fab00000,0x00000000fab00000,0x0000000100000000)
 ParOldGen       total 1398272K, used 44415K [0x0000000080000000, 0x00000000d5580000, 0x00000000d5580000)
  object space 1398272K, 3% used [0x0000000080000000,0x0000000082b5fc58,0x00000000d5580000)
 Metaspace       used 65182K, capacity 68106K, committed 68224K, reserved 1110016K
  class space    used 7460K, capacity 7995K, committed 8064K, reserved 1048576K
Event: 31.084 GC heap after
Heap after GC invocations=7 (full 3):
 PSYoungGen      total 611840K, used 64347K [0x00000000d5580000, 0x0000000100000000, 0x0000000100000000)
  eden space 524800K, 0% used [0x00000000d5580000,0x00000000d5580000,0x00000000f5600000)
  from space 87040K, 73% used [0x00000000fab00000,0x00000000fe9d6f60,0x0000000100000000)
  to   space 87040K, 0% used [0x00000000f5600000,0x00000000f5600000,0x00000000fab00000)
 ParOldGen       total 1398272K, used 44415K [0x0000000080000000, 0x00000000d5580000, 0x00000000d5580000)
  object space 1398272K, 3% used [0x0000000080000000,0x0000000082b5fc58,0x00000000d5580000)
 Metaspace       used 65182K, capacity 68106K, committed 68224K, reserved 1110016K
  class space    used 7460K, capacity 7995K, committed 8064K, reserved 1048576K
}

