# JRE version: OpenJDK Runtime Environment (8.0_212-b04) (build 1.8.0_212-b04)
# Java VM: OpenJDK 64-Bit Server VM (25.212-b04 mixed mode linux-amd64 compressed oops)
Heap:
 PSYoungGen      total 585728K, used 406386K [0x00000000d5580000, 0x00000000fc200000, 0x0000000100000000)
  eden space 524800K, 65% used [0x00000000d5580000,0x00000000ea7561d0,0x00000000f5600000)
  from space 60928K, 99% used [0x00000000f5600000,0x00000000f9106880,0x00000000f9180000)
  to   space 49664K, 0% used [0x00000000f9180000,0x00000000f9180000,0x00000000fc200000)
 ParOldGen       total 1398272K, used 27606K [0x0000000080000000, 0x00000000d5580000, 0x00000000d5580000)
  object space 1398272K, 1% used [0x0000000080000000,0x0000000081af5920,0x00000000d5580000)
 Metaspace       used 70683K, capacity 74160K, committed 74240K, reserved 1116160K
  class space    used 7844K, capacity 8436K, committed 8448K, reserved 1048576K
GC Heap History (10 events):
Event: 5.215 GC heap before
{Heap before GC invocations=4 (full 2):
 PSYoungGen      total 611840K, used 14214K [0x00000000d5580000, 0x0000000100000000, 0x0000000100000000)
  eden space 524800K, 0% used [0x00000000d5580000,0x00000000d5580000,0x00000000f5600000)
  from space 87040K, 16% used [0x00000000fab00000,0x00000000fb8e1b10,0x0000000100000000)
  to   space 87040K, 0% used [0x00000000f5600000,0x00000000f5600000,0x00000000fab00000)
 ParOldGen       total 869888K, used 18699K [0x0000000080000000, 0x00000000b5180000, 0x00000000d5580000)
  object space 869888K, 2% used [0x0000000080000000,0x0000000081242f00,0x00000000b5180000)
 Metaspace       used 34758K, capacity 35154K, committed 35456K, reserved 1081344K
  class space    used 3964K, capacity 4101K, committed 4224K, reserved 1048576K
Event: 5.310 GC heap after
Heap after GC invocations=4 (full 2):
 PSYoungGen      total 611840K, used 0K [0x00000000d5580000, 0x0000000100000000, 0x0000000100000000)
  eden space 524800K, 0% used [0x00000000d5580000,0x00000000d5580000,0x00000000f5600000)
  from space 87040K, 0% used [0x00000000fab00000,0x00000000fab00000,0x0000000100000000)
  to   space 87040K, 0% used [0x00000000f5600000,0x00000000f5600000,0x00000000fab00000)
 ParOldGen       total 1398272K, used 22481K [0x0000000080000000, 0x00000000d5580000, 0x00000000d5580000)
  object space 1398272K, 1% used [0x0000000080000000,0x00000000815f47a0,0x00000000d5580000)
 Metaspace       used 34758K, capacity 35154K, committed 35456K, reserved 1081344K
  class space    used 3964K, capacity 4101K, committed 4224K, reserved 1048576K
}
Event: 10.765 GC heap before
{Heap before GC invocations=5 (full 2):
 PSYoungGen      total 611840K, used 524800K [0x00000000d5580000, 0x0000000100000000, 0x0000000100000000)
  eden space 524800K, 100% used [0x00000000d5580000,0x00000000f5600000,0x00000000f5600000)
  from space 87040K, 0% used [0x00000000fab00000,0x00000000fab00000,0x0000000100000000)
  to   space 87040K, 0% used [0x00000000f5600000,0x00000000f5600000,0x00000000fab00000)
 ParOldGen       total 1398272K, used 22481K [0x0000000080000000, 0x00000000d5580000, 0x00000000d5580000)
  object space 1398272K, 1% used [0x0000000080000000,0x00000000815f47a0,0x00000000d5580000)
 Metaspace       used 53698K, capacity 55078K, committed 55296K, reserved 1097728K
  class space    used 6283K, capacity 6557K, committed 6656K, reserved 1048576K
Event: 10.807 GC heap after
Heap after GC invocations=5 (full 2):
 PSYoungGen      total 611840K, used 26592K [0x00000000d5580000, 0x0000000100000000, 0x0000000100000000)
  eden space 524800K, 0% used [0x00000000d5580000,0x00000000d5580000,0x00000000f5600000)
  from space 87040K, 30% used [0x00000000f5600000,0x00000000f6ff8040,0x00000000fab00000)
  to   space 87040K, 0% used [0x00000000fab00000,0x00000000fab00000,0x0000000100000000)
 ParOldGen       total 1398272K, used 22489K [0x0000000080000000, 0x00000000d5580000, 0x00000000d5580000)
  object space 1398272K, 1% used [0x0000000080000000,0x00000000815f67a0,0x00000000d5580000)
 Metaspace       used 53698K, capacity 55078K, committed 55296K, reserved 1097728K
  class space    used 6283K, capacity 6557K, committed 6656K, reserved 1048576K
}
Event: 11.538 GC heap before
{Heap before GC invocations=6 (full 2):
 PSYoungGen      total 611840K, used 139248K [0x00000000d5580000, 0x0000000100000000, 0x0000000100000000)
  eden space 524800K, 21% used [0x00000000d5580000,0x00000000dc3841a8,0x00000000f5600000)
  from space 87040K, 30% used [0x00000000f5600000,0x00000000f6ff8040,0x00000000fab00000)
  to   space 87040K, 0% used [0x00000000fab00000,0x00000000fab00000,0x0000000100000000)
 ParOldGen       total 1398272K, used 22489K [0x0000000080000000, 0x00000000d5580000, 0x00000000d5580000)
  object space 1398272K, 1% used [0x0000000080000000,0x00000000815f67a0,0x00000000d5580000)
 Metaspace       used 57524K, capacity 59032K, committed 59096K, reserved 1101824K
  class space    used 6692K, capacity 6980K, committed 7040K, reserved 1048576K
Event: 11.559 GC heap after
Heap after GC invocations=6 (full 2):
 PSYoungGen      total 611840K, used 14907K [0x00000000d5580000, 0x0000000100000000, 0x0000000100000000)
  eden space 524800K, 0% used [0x00000000d5580000,0x00000000d5580000,0x00000000f5600000)
  from space 87040K, 17% used [0x00000000fab00000,0x00000000fb98ed70,0x0000000100000000)
  to   space 87040K, 0% used [0x00000000f5600000,0x00000000f5600000,0x00000000fab00000)
 ParOldGen       total 1398272K, used 22497K [0x0000000080000000, 0x00000000d5580000, 0x00000000d5580000)
  object space 1398272K, 1% used [0x0000000080000000,0x00000000815f87a0,0x00000000d5580000)
 Metaspace       used 57524K, capacity 59032K, committed 59096K, reserved 1101824K
  class space    used 6692K, capacity 6980K, committed 7040K, reserved 1048576K
}
Event: 11.559 GC heap before
{Heap before GC invocations=7 (full 3):
 PSYoungGen      total 611840K, used 14907K [0x00000000d5580000, 0x0000000100000000, 0x0000000100000000)
  eden space 524800K, 0% used [0x00000000d5580000,0x00000000d5580000,0x00000000f5600000)
  from space 87040K, 17% used [0x00000000fab00000,0x00000000fb98ed70,0x0000000100000000)
  to   space 87040K, 0% used [0x00000000f5600000,0x00000000f5600000,0x00000000fab00000)
 ParOldGen       total 1398272K, used 22497K [0x0000000080000000, 0x00000000d5580000, 0x00000000d5580000)
  object space 1398272K, 1% used [0x0000000080000000,0x00000000815f87a0,0x00000000d5580000)
 Metaspace       used 57524K, capacity 59032K, committed 59096K, reserved 1101824K
  class space    used 6692K, capacity 6980K, committed 7040K, reserved 1048576K
Event: 11.776 GC heap after
Heap after GC invocations=7 (full 3):
 PSYoungGen      total 611840K, used 0K [0x00000000d5580000, 0x0000000100000000, 0x0000000100000000)
  eden space 524800K, 0% used [0x00000000d5580000,0x00000000d5580000,0x00000000f5600000)
  from space 87040K, 0% used [0x00000000fab00000,0x00000000fab00000,0x0000000100000000)
  to   space 87040K, 0% used [0x00000000f5600000,0x00000000f5600000,0x00000000fab00000)
 ParOldGen       total 1398272K, used 27585K [0x0000000080000000, 0x00000000d5580000, 0x00000000d5580000)
  object space 1398272K, 1% used [0x0000000080000000,0x0000000081af07f0,0x00000000d5580000)
 Metaspace       used 57407K, capacity 58756K, committed 59096K, reserved 1101824K
  class space    used 6651K, capacity 6910K, committed 7040K, reserved 1048576K
}
Event: 24.254 GC heap before
{Heap before GC invocations=8 (full 3):
 PSYoungGen      total 611840K, used 524800K [0x00000000d5580000, 0x0000000100000000, 0x0000000100000000)
  eden space 524800K, 100% used [0x00000000d5580000,0x00000000f5600000,0x00000000f5600000)
  from space 87040K, 0% used [0x00000000fab00000,0x00000000fab00000,0x0000000100000000)
  to   space 87040K, 0% used [0x00000000f5600000,0x00000000f5600000,0x00000000fab00000)
 ParOldGen       total 1398272K, used 27585K [0x0000000080000000, 0x00000000d5580000, 0x00000000d5580000)
  object space 1398272K, 1% used [0x0000000080000000,0x0000000081af07f0,0x00000000d5580000)
 Metaspace       used 67198K, capacity 70336K, committed 70528K, reserved 1112064K
  class space    used 7656K, capacity 8224K, committed 8320K, reserved 1048576K
Event: 24.322 GC heap after
Heap after GC invocations=8 (full 3):
 PSYoungGen      total 585728K, used 60442K [0x00000000d5580000, 0x00000000fc200000, 0x0000000100000000)
  eden space 524800K, 0% used [0x00000000d5580000,0x00000000d5580000,0x00000000f5600000)
  from space 60928K, 99% used [0x00000000f5600000,0x00000000f9106880,0x00000000f9180000)
  to   space 49664K, 0% used [0x00000000f9180000,0x00000000f9180000,0x00000000fc200000)
 ParOldGen       total 1398272K, used 27606K [0x0000000080000000, 0x00000000d5580000, 0x00000000d5580000)
  object space 1398272K, 1% used [0x0000000080000000,0x0000000081af5920,0x00000000d5580000)
 Metaspace       used 67198K, capacity 70336K, committed 70528K, reserved 1112064K
  class space    used 7656K, capacity 8224K, committed 8320K, reserved 1048576K
}

