# JRE version: OpenJDK Runtime Environment (8.0_212-b04) (build 1.8.0_212-b04)
# Java VM: OpenJDK 64-Bit Server VM (25.212-b04 mixed mode linux-amd64 compressed oops)
Heap:
 PSYoungGen      total 611840K, used 266739K [0x00000000d5580000, 0x0000000100000000, 0x0000000100000000)
  eden space 524800K, 50% used [0x00000000d5580000,0x00000000e59fcd28,0x00000000f5600000)
  from space 87040K, 0% used [0x00000000fab00000,0x00000000fab00000,0x0000000100000000)
  to   space 87040K, 0% used [0x00000000f5600000,0x00000000f5600000,0x00000000fab00000)
 ParOldGen       total 1398272K, used 29124K [0x0000000080000000, 0x00000000d5580000, 0x00000000d5580000)
  object space 1398272K, 2% used [0x0000000080000000,0x0000000081c71370,0x00000000d5580000)
 Metaspace       used 64692K, capacity 67410K, committed 67712K, reserved 1110016K
  class space    used 7498K, capacity 7989K, committed 8064K, reserved 1048576K
GC Heap History (10 events):
Event: 4.709 GC heap before
{Heap before GC invocations=3 (full 1):
 PSYoungGen      total 611840K, used 469740K [0x00000000d5580000, 0x0000000100000000, 0x0000000100000000)
  eden space 524800K, 89% used [0x00000000d5580000,0x00000000f203b200,0x00000000f5600000)
  from space 87040K, 0% used [0x00000000f5600000,0x00000000f5600000,0x00000000fab00000)
  to   space 87040K, 0% used [0x00000000fab00000,0x00000000fab00000,0x0000000100000000)
 ParOldGen       total 894976K, used 14292K [0x0000000080000000, 0x00000000b6a00000, 0x00000000d5580000)
  object space 894976K, 1% used [0x0000000080000000,0x0000000080df5018,0x00000000b6a00000)
 Metaspace       used 34771K, capacity 35092K, committed 35416K, reserved 1081344K
  class space    used 3960K, capacity 4060K, committed 4096K, reserved 1048576K
Event: 4.748 GC heap after
Heap after GC invocations=3 (full 1):
 PSYoungGen      total 611840K, used 19326K [0x00000000d5580000, 0x0000000100000000, 0x0000000100000000)
  eden space 524800K, 0% used [0x00000000d5580000,0x00000000d5580000,0x00000000f5600000)
  from space 87040K, 22% used [0x00000000fab00000,0x00000000fbddf848,0x0000000100000000)
  to   space 87040K, 0% used [0x00000000f5600000,0x00000000f5600000,0x00000000fab00000)
 ParOldGen       total 894976K, used 14292K [0x0000000080000000, 0x00000000b6a00000, 0x00000000d5580000)
  object space 894976K, 1% used [0x0000000080000000,0x0000000080df5018,0x00000000b6a00000)
 Metaspace       used 34771K, capacity 35092K, committed 35416K, reserved 1081344K
  class space    used 3960K, capacity 4060K, committed 4096K, reserved 1048576K
}
Event: 4.748 GC heap before
{Heap before GC invocations=4 (full 2):
 PSYoungGen      total 611840K, used 19326K [0x00000000d5580000, 0x0000000100000000, 0x0000000100000000)
  eden space 524800K, 0% used [0x00000000d5580000,0x00000000d5580000,0x00000000f5600000)
  from space 87040K, 22% used [0x00000000fab00000,0x00000000fbddf848,0x0000000100000000)
  to   space 87040K, 0% used [0x00000000f5600000,0x00000000f5600000,0x00000000fab00000)
 ParOldGen       total 894976K, used 14292K [0x0000000080000000, 0x00000000b6a00000, 0x00000000d5580000)
  object space 894976K, 1% used [0x0000000080000000,0x0000000080df5018,0x00000000b6a00000)
 Metaspace       used 34771K, capacity 35092K, committed 35416K, reserved 1081344K
  class space    used 3960K, capacity 4060K, committed 4096K, reserved 1048576K
Event: 4.861 GC heap after
Heap after GC invocations=4 (full 2):
 PSYoungGen      total 611840K, used 0K [0x00000000d5580000, 0x0000000100000000, 0x0000000100000000)
  eden space 524800K, 0% used [0x00000000d5580000,0x00000000d5580000,0x00000000f5600000)
  from space 87040K, 0% used [0x00000000fab00000,0x00000000fab00000,0x0000000100000000)
  to   space 87040K, 0% used [0x00000000f5600000,0x00000000f5600000,0x00000000fab00000)
 ParOldGen       total 1398272K, used 23799K [0x0000000080000000, 0x00000000d5580000, 0x00000000d5580000)
  object space 1398272K, 1% used [0x0000000080000000,0x000000008173dd48,0x00000000d5580000)
 Metaspace       used 34771K, capacity 35092K, committed 35416K, reserved 1081344K
  class space    used 3960K, capacity 4060K, committed 4096K, reserved 1048576K
}
Event: 11.182 GC heap before
{Heap before GC invocations=5 (full 2):
 PSYoungGen      total 611840K, used 524800K [0x00000000d5580000, 0x0000000100000000, 0x0000000100000000)
  eden space 524800K, 100% used [0x00000000d5580000,0x00000000f5600000,0x00000000f5600000)
  from space 87040K, 0% used [0x00000000fab00000,0x00000000fab00000,0x0000000100000000)
  to   space 87040K, 0% used [0x00000000f5600000,0x00000000f5600000,0x00000000fab00000)
 ParOldGen       total 1398272K, used 23799K [0x0000000080000000, 0x00000000d5580000, 0x00000000d5580000)
  object space 1398272K, 1% used [0x0000000080000000,0x000000008173dd68,0x00000000d5580000)
 Metaspace       used 51575K, capacity 52970K, committed 53248K, reserved 1095680K
  class space    used 6079K, capacity 6345K, committed 6400K, reserved 1048576K
Event: 11.222 GC heap after
Heap after GC invocations=5 (full 2):
 PSYoungGen      total 611840K, used 25037K [0x00000000d5580000, 0x0000000100000000, 0x0000000100000000)
  eden space 524800K, 0% used [0x00000000d5580000,0x00000000d5580000,0x00000000f5600000)
  from space 87040K, 28% used [0x00000000f5600000,0x00000000f6e73718,0x00000000fab00000)
  to   space 87040K, 0% used [0x00000000fab00000,0x00000000fab00000,0x0000000100000000)
 ParOldGen       total 1398272K, used 23807K [0x0000000080000000, 0x00000000d5580000, 0x00000000d5580000)
  object space 1398272K, 1% used [0x0000000080000000,0x000000008173fd68,0x00000000d5580000)
 Metaspace       used 51575K, capacity 52970K, committed 53248K, reserved 1095680K
  class space    used 6079K, capacity 6345K, committed 6400K, reserved 1048576K
}
Event: 11.857 GC heap before
{Heap before GC invocations=6 (full 2):
 PSYoungGen      total 611840K, used 146959K [0x00000000d5580000, 0x0000000100000000, 0x0000000100000000)
  eden space 524800K, 23% used [0x00000000d5580000,0x00000000dcc90740,0x00000000f5600000)
  from space 87040K, 28% used [0x00000000f5600000,0x00000000f6e73718,0x00000000fab00000)
  to   space 87040K, 0% used [0x00000000fab00000,0x00000000fab00000,0x0000000100000000)
 ParOldGen       total 1398272K, used 23807K [0x0000000080000000, 0x00000000d5580000, 0x00000000d5580000)
  object space 1398272K, 1% used [0x0000000080000000,0x000000008173fd68,0x00000000d5580000)
 Metaspace       used 57387K, capacity 58842K, committed 59008K, reserved 1101824K
  class space    used 6638K, capacity 6931K, committed 7040K, reserved 1048576K
Event: 11.875 GC heap after
Heap after GC invocations=6 (full 2):
 PSYoungGen      total 611840K, used 17283K [0x00000000d5580000, 0x0000000100000000, 0x0000000100000000)
  eden space 524800K, 0% used [0x00000000d5580000,0x00000000d5580000,0x00000000f5600000)
  from space 87040K, 19% used [0x00000000fab00000,0x00000000fbbe0ef8,0x0000000100000000)
  to   space 87040K, 0% used [0x00000000f5600000,0x00000000f5600000,0x00000000fab00000)
 ParOldGen       total 1398272K, used 23815K [0x0000000080000000, 0x00000000d5580000, 0x00000000d5580000)
  object space 1398272K, 1% used [0x0000000080000000,0x0000000081741d68,0x00000000d5580000)
 Metaspace       used 57387K, capacity 58842K, committed 59008K, reserved 1101824K
  class space    used 6638K, capacity 6931K, committed 7040K, reserved 1048576K
}
Event: 11.875 GC heap before
{Heap before GC invocations=7 (full 3):
 PSYoungGen      total 611840K, used 17283K [0x00000000d5580000, 0x0000000100000000, 0x0000000100000000)
  eden space 524800K, 0% used [0x00000000d5580000,0x00000000d5580000,0x00000000f5600000)
  from space 87040K, 19% used [0x00000000fab00000,0x00000000fbbe0ef8,0x0000000100000000)
  to   space 87040K, 0% used [0x00000000f5600000,0x00000000f5600000,0x00000000fab00000)
 ParOldGen       total 1398272K, used 23815K [0x0000000080000000, 0x00000000d5580000, 0x00000000d5580000)
  object space 1398272K, 1% used [0x0000000080000000,0x0000000081741d68,0x00000000d5580000)
 Metaspace       used 57387K, capacity 58842K, committed 59008K, reserved 1101824K
  class space    used 6638K, capacity 6931K, committed 7040K, reserved 1048576K
Event: 12.072 GC heap after
Heap after GC invocations=7 (full 3):
 PSYoungGen      total 611840K, used 0K [0x00000000d5580000, 0x0000000100000000, 0x0000000100000000)
  eden space 524800K, 0% used [0x00000000d5580000,0x00000000d5580000,0x00000000f5600000)
  from space 87040K, 0% used [0x00000000fab00000,0x00000000fab00000,0x0000000100000000)
  to   space 87040K, 0% used [0x00000000f5600000,0x00000000f5600000,0x00000000fab00000)
 ParOldGen       total 1398272K, used 29124K [0x0000000080000000, 0x00000000d5580000, 0x00000000d5580000)
  object space 1398272K, 2% used [0x0000000080000000,0x0000000081c71370,0x00000000d5580000)
 Metaspace       used 57353K, capacity 58756K, committed 59008K, reserved 1101824K
  class space    used 6626K, capacity 6910K, committed 7040K, reserved 1048576K
}

