# JRE version: OpenJDK Runtime Environment (8.0_212-b04) (build 1.8.0_212-b04)
# Java VM: OpenJDK 64-Bit Server VM (25.212-b04 mixed mode linux-amd64 compressed oops)
Heap:
 PSYoungGen      total 571392K, used 338277K [0x00000000d5580000, 0x0000000100000000, 0x0000000100000000)
  eden space 459264K, 53% used [0x00000000d5580000,0x00000000e43e7f40,0x00000000f1600000)
  from space 112128K, 83% used [0x00000000f1600000,0x00000000f71f1548,0x00000000f8380000)
  to   space 127488K, 0% used [0x00000000f8380000,0x00000000f8380000,0x0000000100000000)
 ParOldGen       total 1398272K, used 125380K [0x0000000080000000, 0x00000000d5580000, 0x00000000d5580000)
  object space 1398272K, 8% used [0x0000000080000000,0x0000000087a713e8,0x00000000d5580000)
 Metaspace       used 72033K, capacity 75686K, committed 75904K, reserved 1116160K
  class space    used 7889K, capacity 8533K, committed 8576K, reserved 1048576K
GC Heap History (10 events):
Event: 11.943 GC heap before
{Heap before GC invocations=6 (full 2):
 PSYoungGen      total 611840K, used 55025K [0x00000000d5580000, 0x0000000100000000, 0x0000000100000000)
  eden space 524800K, 4% used [0x00000000d5580000,0x00000000d6aedc18,0x00000000f5600000)
  from space 87040K, 38% used [0x00000000f5600000,0x00000000f764eb58,0x00000000fab00000)
  to   space 87040K, 0% used [0x00000000fab00000,0x00000000fab00000,0x0000000100000000)
 ParOldGen       total 1398272K, used 23575K [0x0000000080000000, 0x00000000d5580000, 0x00000000d5580000)
  object space 1398272K, 1% used [0x0000000080000000,0x0000000081705df0,0x00000000d5580000)
 Metaspace       used 57395K, capacity 58860K, committed 59028K, reserved 1101824K
  class space    used 6624K, capacity 6910K, committed 6912K, reserved 1048576K
Event: 11.969 GC heap after
Heap after GC invocations=6 (full 2):
 PSYoungGen      total 611840K, used 13497K [0x00000000d5580000, 0x0000000100000000, 0x0000000100000000)
  eden space 524800K, 0% used [0x00000000d5580000,0x00000000d5580000,0x00000000f5600000)
  from space 87040K, 15% used [0x00000000fab00000,0x00000000fb82e508,0x0000000100000000)
  to   space 87040K, 0% used [0x00000000f5600000,0x00000000f5600000,0x00000000fab00000)
 ParOldGen       total 1398272K, used 23583K [0x0000000080000000, 0x00000000d5580000, 0x00000000d5580000)
  object space 1398272K, 1% used [0x0000000080000000,0x0000000081707df0,0x00000000d5580000)
 Metaspace       used 57395K, capacity 58860K, committed 59028K, reserved 1101824K
  class space    used 6624K, capacity 6910K, committed 6912K, reserved 1048576K
}
Event: 11.969 GC heap before
{Heap before GC invocations=7 (full 3):
 PSYoungGen      total 611840K, used 13497K [0x00000000d5580000, 0x0000000100000000, 0x0000000100000000)
  eden space 524800K, 0% used [0x00000000d5580000,0x00000000d5580000,0x00000000f5600000)
  from space 87040K, 15% used [0x00000000fab00000,0x00000000fb82e508,0x0000000100000000)
  to   space 87040K, 0% used [0x00000000f5600000,0x00000000f5600000,0x00000000fab00000)
 ParOldGen       total 1398272K, used 23583K [0x0000000080000000, 0x00000000d5580000, 0x00000000d5580000)
  object space 1398272K, 1% used [0x0000000080000000,0x0000000081707df0,0x00000000d5580000)
 Metaspace       used 57395K, capacity 58860K, committed 59028K, reserved 1101824K
  class space    used 6624K, capacity 6910K, committed 6912K, reserved 1048576K
Event: 12.205 GC heap after
Heap after GC invocations=7 (full 3):
 PSYoungGen      total 611840K, used 0K [0x00000000d5580000, 0x0000000100000000, 0x0000000100000000)
  eden space 524800K, 0% used [0x00000000d5580000,0x00000000d5580000,0x00000000f5600000)
  from space 87040K, 0% used [0x00000000fab00000,0x00000000fab00000,0x0000000100000000)
  to   space 87040K, 0% used [0x00000000f5600000,0x00000000f5600000,0x00000000fab00000)
 ParOldGen       total 1398272K, used 25460K [0x0000000080000000, 0x00000000d5580000, 0x00000000d5580000)
  object space 1398272K, 1% used [0x0000000080000000,0x00000000818dd158,0x00000000d5580000)
 Metaspace       used 57347K, capacity 58746K, committed 59028K, reserved 1101824K
  class space    used 6607K, capacity 6881K, committed 6912K, reserved 1048576K
}
Event: 49.142 GC heap before
{Heap before GC invocations=8 (full 3):
 PSYoungGen      total 611840K, used 524800K [0x00000000d5580000, 0x0000000100000000, 0x0000000100000000)
  eden space 524800K, 100% used [0x00000000d5580000,0x00000000f5600000,0x00000000f5600000)
  from space 87040K, 0% used [0x00000000fab00000,0x00000000fab00000,0x0000000100000000)
  to   space 87040K, 0% used [0x00000000f5600000,0x00000000f5600000,0x00000000fab00000)
 ParOldGen       total 1398272K, used 25460K [0x0000000080000000, 0x00000000d5580000, 0x00000000d5580000)
  object space 1398272K, 1% used [0x0000000080000000,0x00000000818dd158,0x00000000d5580000)
 Metaspace       used 66839K, capacity 69726K, committed 69888K, reserved 1112064K
  class space    used 7638K, capacity 8157K, committed 8192K, reserved 1048576K
Event: 49.238 GC heap after
Heap after GC invocations=8 (full 3):
 PSYoungGen      total 566272K, used 41361K [0x00000000d5580000, 0x00000000fb100000, 0x0000000100000000)
  eden space 524800K, 0% used [0x00000000d5580000,0x00000000d5580000,0x00000000f5600000)
  from space 41472K, 99% used [0x00000000f5600000,0x00000000f7e64540,0x00000000f7e80000)
  to   space 46592K, 0% used [0x00000000f8380000,0x00000000f8380000,0x00000000fb100000)
 ParOldGen       total 1398272K, used 25468K [0x0000000080000000, 0x00000000d5580000, 0x00000000d5580000)
  object space 1398272K, 1% used [0x0000000080000000,0x00000000818df158,0x00000000d5580000)
 Metaspace       used 66839K, capacity 69726K, committed 69888K, reserved 1112064K
  class space    used 7638K, capacity 8157K, committed 8192K, reserved 1048576K
}
Event: 408.758 GC heap before
{Heap before GC invocations=9 (full 3):
 PSYoungGen      total 566272K, used 566156K [0x00000000d5580000, 0x00000000fb100000, 0x0000000100000000)
  eden space 524800K, 99% used [0x00000000d5580000,0x00000000f55fecb8,0x00000000f5600000)
  from space 41472K, 99% used [0x00000000f5600000,0x00000000f7e64540,0x00000000f7e80000)
  to   space 46592K, 0% used [0x00000000f8380000,0x00000000f8380000,0x00000000fb100000)
 ParOldGen       total 1398272K, used 25468K [0x0000000080000000, 0x00000000d5580000, 0x00000000d5580000)
  object space 1398272K, 1% used [0x0000000080000000,0x00000000818df158,0x00000000d5580000)
 Metaspace       used 70463K, capacity 73690K, committed 73984K, reserved 1114112K
  class space    used 7806K, capacity 8389K, committed 8448K, reserved 1048576K
Event: 409.057 GC heap after
Heap after GC invocations=9 (full 3):
 PSYoungGen      total 505856K, used 46580K [0x00000000d5580000, 0x0000000100000000, 0x0000000100000000)
  eden space 459264K, 0% used [0x00000000d5580000,0x00000000d5580000,0x00000000f1600000)
  from space 46592K, 99% used [0x00000000f8380000,0x00000000fb0fd268,0x00000000fb100000)
  to   space 112128K, 0% used [0x00000000f1600000,0x00000000f1600000,0x00000000f8380000)
 ParOldGen       total 1398272K, used 125372K [0x0000000080000000, 0x00000000d5580000, 0x00000000d5580000)
  object space 1398272K, 8% used [0x0000000080000000,0x0000000087a6f3e8,0x00000000d5580000)
 Metaspace       used 70463K, capacity 73690K, committed 73984K, reserved 1114112K
  class space    used 7806K, capacity 8389K, committed 8448K, reserved 1048576K
}
Event: 567.668 GC heap before
{Heap before GC invocations=10 (full 3):
 PSYoungGen      total 505856K, used 505844K [0x00000000d5580000, 0x0000000100000000, 0x0000000100000000)
  eden space 459264K, 100% used [0x00000000d5580000,0x00000000f1600000,0x00000000f1600000)
  from space 46592K, 99% used [0x00000000f8380000,0x00000000fb0fd268,0x00000000fb100000)
  to   space 112128K, 0% used [0x00000000f1600000,0x00000000f1600000,0x00000000f8380000)
 ParOldGen       total 1398272K, used 125372K [0x0000000080000000, 0x00000000d5580000, 0x00000000d5580000)
  object space 1398272K, 8% used [0x0000000080000000,0x0000000087a6f3e8,0x00000000d5580000)
 Metaspace       used 71520K, capacity 75026K, committed 75136K, reserved 1116160K
  class space    used 7860K, capacity 8481K, committed 8576K, reserved 1048576K
Event: 567.873 GC heap after
Heap after GC invocations=10 (full 3):
 PSYoungGen      total 571392K, used 94149K [0x00000000d5580000, 0x0000000100000000, 0x0000000100000000)
  eden space 459264K, 0% used [0x00000000d5580000,0x00000000d5580000,0x00000000f1600000)
  from space 112128K, 83% used [0x00000000f1600000,0x00000000f71f1548,0x00000000f8380000)
  to   space 127488K, 0% used [0x00000000f8380000,0x00000000f8380000,0x0000000100000000)
 ParOldGen       total 1398272K, used 125380K [0x0000000080000000, 0x00000000d5580000, 0x00000000d5580000)
  object space 1398272K, 8% used [0x0000000080000000,0x0000000087a713e8,0x00000000d5580000)
 Metaspace       used 71520K, capacity 75026K, committed 75136K, reserved 1116160K
  class space    used 7860K, capacity 8481K, committed 8576K, reserved 1048576K
}

