# JRE version: OpenJDK Runtime Environment (8.0_212-b04) (build 1.8.0_212-b04)
# Java VM: OpenJDK 64-Bit Server VM (25.212-b04 mixed mode linux-amd64 compressed oops)
Heap:
 PSYoungGen      total 611840K, used 249015K [0x00000000d5580000, 0x0000000100000000, 0x0000000100000000)
  eden space 524800K, 47% used [0x00000000d5580000,0x00000000e48addb8,0x00000000f5600000)
  from space 87040K, 0% used [0x00000000f5600000,0x00000000f5600000,0x00000000fab00000)
  to   space 87040K, 0% used [0x00000000fab00000,0x00000000fab00000,0x0000000100000000)
 ParOldGen       total 1398272K, used 40883K [0x0000000080000000, 0x00000000d5580000, 0x00000000d5580000)
  object space 1398272K, 2% used [0x0000000080000000,0x00000000827ecfa8,0x00000000d5580000)
 Metaspace       used 63290K, capacity 65900K, committed 65920K, reserved 1107968K
  class space    used 7315K, capacity 7788K, committed 7808K, reserved 1048576K
GC Heap History (10 events):
Event: 2.186 GC heap before
{Heap before GC invocations=2 (full 1):
 PSYoungGen      total 611840K, used 14250K [0x00000000d5580000, 0x0000000100000000, 0x0000000100000000)
  eden space 524800K, 0% used [0x00000000d5580000,0x00000000d5580000,0x00000000f5600000)
  from space 87040K, 16% used [0x00000000f5600000,0x00000000f63eab68,0x00000000fab00000)
  to   space 87040K, 0% used [0x00000000fab00000,0x00000000fab00000,0x0000000100000000)
 ParOldGen       total 1398272K, used 80K [0x0000000080000000, 0x00000000d5580000, 0x00000000d5580000)
  object space 1398272K, 0% used [0x0000000080000000,0x0000000080014010,0x00000000d5580000)
 Metaspace       used 20785K, capacity 21016K, committed 21248K, reserved 1069056K
  class space    used 2365K, capacity 2475K, committed 2560K, reserved 1048576K
Event: 2.261 GC heap after
Heap after GC invocations=2 (full 1):
 PSYoungGen      total 611840K, used 0K [0x00000000d5580000, 0x0000000100000000, 0x0000000100000000)
  eden space 524800K, 0% used [0x00000000d5580000,0x00000000d5580000,0x00000000f5600000)
  from space 87040K, 0% used [0x00000000f5600000,0x00000000f5600000,0x00000000fab00000)
  to   space 87040K, 0% used [0x00000000fab00000,0x00000000fab00000,0x0000000100000000)
 ParOldGen       total 871424K, used 13728K [0x0000000080000000, 0x00000000b5300000, 0x00000000d5580000)
  object space 871424K, 1% used [0x0000000080000000,0x0000000080d680e8,0x00000000b5300000)
 Metaspace       used 20785K, capacity 21016K, committed 21248K, reserved 1069056K
  class space    used 2365K, capacity 2475K, committed 2560K, reserved 1048576K
}
Event: 4.807 GC heap before
{Heap before GC invocations=3 (full 1):
 PSYoungGen      total 611840K, used 467533K [0x00000000d5580000, 0x0000000100000000, 0x0000000100000000)
  eden space 524800K, 89% used [0x00000000d5580000,0x00000000f1e135f8,0x00000000f5600000)
  from space 87040K, 0% used [0x00000000f5600000,0x00000000f5600000,0x00000000fab00000)
  to   space 87040K, 0% used [0x00000000fab00000,0x00000000fab00000,0x0000000100000000)
 ParOldGen       total 871424K, used 13728K [0x0000000080000000, 0x00000000b5300000, 0x00000000d5580000)
  object space 871424K, 1% used [0x0000000080000000,0x0000000080d680e8,0x00000000b5300000)
 Metaspace       used 34718K, capacity 35092K, committed 35416K, reserved 1081344K
  class space    used 3958K, capacity 4060K, committed 4096K, reserved 1048576K
Event: 4.849 GC heap after
Heap after GC invocations=3 (full 1):
 PSYoungGen      total 611840K, used 19205K [0x00000000d5580000, 0x0000000100000000, 0x0000000100000000)
  eden space 524800K, 0% used [0x00000000d5580000,0x00000000d5580000,0x00000000f5600000)
  from space 87040K, 22% used [0x00000000fab00000,0x00000000fbdc1408,0x0000000100000000)
  to   space 87040K, 0% used [0x00000000f5600000,0x00000000f5600000,0x00000000fab00000)
 ParOldGen       total 871424K, used 13728K [0x0000000080000000, 0x00000000b5300000, 0x00000000d5580000)
  object space 871424K, 1% used [0x0000000080000000,0x0000000080d680e8,0x00000000b5300000)
 Metaspace       used 34718K, capacity 35092K, committed 35416K, reserved 1081344K
  class space    used 3958K, capacity 4060K, committed 4096K, reserved 1048576K
}
Event: 4.849 GC heap before
{Heap before GC invocations=4 (full 2):
 PSYoungGen      total 611840K, used 19205K [0x00000000d5580000, 0x0000000100000000, 0x0000000100000000)
  eden space 524800K, 0% used [0x00000000d5580000,0x00000000d5580000,0x00000000f5600000)
  from space 87040K, 22% used [0x00000000fab00000,0x00000000fbdc1408,0x0000000100000000)
  to   space 87040K, 0% used [0x00000000f5600000,0x00000000f5600000,0x00000000fab00000)
 ParOldGen       total 871424K, used 13728K [0x0000000080000000, 0x00000000b5300000, 0x00000000d5580000)
  object space 871424K, 1% used [0x0000000080000000,0x0000000080d680e8,0x00000000b5300000)
 Metaspace       used 34718K, capacity 35092K, committed 35416K, reserved 1081344K
  class space    used 3958K, capacity 4060K, committed 4096K, reserved 1048576K
Event: 4.953 GC heap after
Heap after GC invocations=4 (full 2):
 PSYoungGen      total 611840K, used 0K [0x00000000d5580000, 0x0000000100000000, 0x0000000100000000)
  eden space 524800K, 0% used [0x00000000d5580000,0x00000000d5580000,0x00000000f5600000)
  from space 87040K, 0% used [0x00000000fab00000,0x00000000fab00000,0x0000000100000000)
  to   space 87040K, 0% used [0x00000000f5600000,0x00000000f5600000,0x00000000fab00000)
 ParOldGen       total 1398272K, used 23556K [0x0000000080000000, 0x00000000d5580000, 0x00000000d5580000)
  object space 1398272K, 1% used [0x0000000080000000,0x00000000817011f8,0x00000000d5580000)
 Metaspace       used 34718K, capacity 35092K, committed 35416K, reserved 1081344K
  class space    used 3958K, capacity 4060K, committed 4096K, reserved 1048576K
}
Event: 11.629 GC heap before
{Heap before GC invocations=5 (full 2):
 PSYoungGen      total 611840K, used 417015K [0x00000000d5580000, 0x0000000100000000, 0x0000000100000000)
  eden space 524800K, 79% used [0x00000000d5580000,0x00000000eecbde58,0x00000000f5600000)
  from space 87040K, 0% used [0x00000000fab00000,0x00000000fab00000,0x0000000100000000)
  to   space 87040K, 0% used [0x00000000f5600000,0x00000000f5600000,0x00000000fab00000)
 ParOldGen       total 1398272K, used 23556K [0x0000000080000000, 0x00000000d5580000, 0x00000000d5580000)
  object space 1398272K, 1% used [0x0000000080000000,0x00000000817011f8,0x00000000d5580000)
 Metaspace       used 57390K, capacity 58794K, committed 59008K, reserved 1101824K
  class space    used 6657K, capacity 6925K, committed 7040K, reserved 1048576K
Event: 11.703 GC heap after
Heap after GC invocations=5 (full 2):
 PSYoungGen      total 611840K, used 30318K [0x00000000d5580000, 0x0000000100000000, 0x0000000100000000)
  eden space 524800K, 0% used [0x00000000d5580000,0x00000000d5580000,0x00000000f5600000)
  from space 87040K, 34% used [0x00000000f5600000,0x00000000f739b850,0x00000000fab00000)
  to   space 87040K, 0% used [0x00000000fab00000,0x00000000fab00000,0x0000000100000000)
 ParOldGen       total 1398272K, used 23564K [0x0000000080000000, 0x00000000d5580000, 0x00000000d5580000)
  object space 1398272K, 1% used [0x0000000080000000,0x00000000817031f8,0x00000000d5580000)
 Metaspace       used 57390K, capacity 58794K, committed 59008K, reserved 1101824K
  class space    used 6657K, capacity 6925K, committed 7040K, reserved 1048576K
}
Event: 11.703 GC heap before
{Heap before GC invocations=6 (full 3):
 PSYoungGen      total 611840K, used 30318K [0x00000000d5580000, 0x0000000100000000, 0x0000000100000000)
  eden space 524800K, 0% used [0x00000000d5580000,0x00000000d5580000,0x00000000f5600000)
  from space 87040K, 34% used [0x00000000f5600000,0x00000000f739b850,0x00000000fab00000)
  to   space 87040K, 0% used [0x00000000fab00000,0x00000000fab00000,0x0000000100000000)
 ParOldGen       total 1398272K, used 23564K [0x0000000080000000, 0x00000000d5580000, 0x00000000d5580000)
  object space 1398272K, 1% used [0x0000000080000000,0x00000000817031f8,0x00000000d5580000)
 Metaspace       used 57390K, capacity 58794K, committed 59008K, reserved 1101824K
  class space    used 6657K, capacity 6925K, committed 7040K, reserved 1048576K
Event: 11.948 GC heap after
Heap after GC invocations=6 (full 3):
 PSYoungGen      total 611840K, used 0K [0x00000000d5580000, 0x0000000100000000, 0x0000000100000000)
  eden space 524800K, 0% used [0x00000000d5580000,0x00000000d5580000,0x00000000f5600000)
  from space 87040K, 0% used [0x00000000f5600000,0x00000000f5600000,0x00000000fab00000)
  to   space 87040K, 0% used [0x00000000fab00000,0x00000000fab00000,0x0000000100000000)
 ParOldGen       total 1398272K, used 40883K [0x0000000080000000, 0x00000000d5580000, 0x00000000d5580000)
  object space 1398272K, 2% used [0x0000000080000000,0x00000000827ecfa8,0x00000000d5580000)
 Metaspace       used 57371K, capacity 58746K, committed 59008K, reserved 1101824K
  class space    used 6649K, capacity 6913K, committed 7040K, reserved 1048576K
}

