# JRE version: OpenJDK Runtime Environment (8.0_212-b04) (build 1.8.0_212-b04)
# Java VM: OpenJDK 64-Bit Server VM (25.212-b04 mixed mode linux-amd64 compressed oops)
Heap:
 PSYoungGen      total 611840K, used 244474K [0x00000000d5580000, 0x0000000100000000, 0x0000000100000000)
  eden space 524800K, 46% used [0x00000000d5580000,0x00000000e443e8a0,0x00000000f5600000)
  from space 87040K, 0% used [0x00000000fab00000,0x00000000fab00000,0x0000000100000000)
  to   space 87040K, 0% used [0x00000000f5600000,0x00000000f5600000,0x00000000fab00000)
 ParOldGen       total 1398272K, used 27344K [0x0000000080000000, 0x00000000d5580000, 0x00000000d5580000)
  object space 1398272K, 1% used [0x0000000080000000,0x0000000081ab40e8,0x00000000d5580000)
 Metaspace       used 64752K, capacity 67236K, committed 67328K, reserved 1107968K
  class space    used 7484K, capacity 7926K, committed 7936K, reserved 1048576K
GC Heap History (10 events):
Event: 4.975 GC heap before
{Heap before GC invocations=3 (full 1):
 PSYoungGen      total 611840K, used 459662K [0x00000000d5580000, 0x0000000100000000, 0x0000000100000000)
  eden space 524800K, 87% used [0x00000000d5580000,0x00000000f1663808,0x00000000f5600000)
  from space 87040K, 0% used [0x00000000f5600000,0x00000000f5600000,0x00000000fab00000)
  to   space 87040K, 0% used [0x00000000fab00000,0x00000000fab00000,0x0000000100000000)
 ParOldGen       total 883200K, used 14306K [0x0000000080000000, 0x00000000b5e80000, 0x00000000d5580000)
  object space 883200K, 1% used [0x0000000080000000,0x0000000080df8b08,0x00000000b5e80000)
 Metaspace       used 34718K, capacity 35092K, committed 35416K, reserved 1081344K
  class space    used 3956K, capacity 4060K, committed 4096K, reserved 1048576K
Event: 5.008 GC heap after
Heap after GC invocations=3 (full 1):
 PSYoungGen      total 611840K, used 19220K [0x00000000d5580000, 0x0000000100000000, 0x0000000100000000)
  eden space 524800K, 0% used [0x00000000d5580000,0x00000000d5580000,0x00000000f5600000)
  from space 87040K, 22% used [0x00000000fab00000,0x00000000fbdc5240,0x0000000100000000)
  to   space 87040K, 0% used [0x00000000f5600000,0x00000000f5600000,0x00000000fab00000)
 ParOldGen       total 883200K, used 14306K [0x0000000080000000, 0x00000000b5e80000, 0x00000000d5580000)
  object space 883200K, 1% used [0x0000000080000000,0x0000000080df8b08,0x00000000b5e80000)
 Metaspace       used 34718K, capacity 35092K, committed 35416K, reserved 1081344K
  class space    used 3956K, capacity 4060K, committed 4096K, reserved 1048576K
}
Event: 5.008 GC heap before
{Heap before GC invocations=4 (full 2):
 PSYoungGen      total 611840K, used 19220K [0x00000000d5580000, 0x0000000100000000, 0x0000000100000000)
  eden space 524800K, 0% used [0x00000000d5580000,0x00000000d5580000,0x00000000f5600000)
  from space 87040K, 22% used [0x00000000fab00000,0x00000000fbdc5240,0x0000000100000000)
  to   space 87040K, 0% used [0x00000000f5600000,0x00000000f5600000,0x00000000fab00000)
 ParOldGen       total 883200K, used 14306K [0x0000000080000000, 0x00000000b5e80000, 0x00000000d5580000)
  object space 883200K, 1% used [0x0000000080000000,0x0000000080df8b08,0x00000000b5e80000)
 Metaspace       used 34718K, capacity 35092K, committed 35416K, reserved 1081344K
  class space    used 3956K, capacity 4060K, committed 4096K, reserved 1048576K
Event: 5.106 GC heap after
Heap after GC invocations=4 (full 2):
 PSYoungGen      total 611840K, used 0K [0x00000000d5580000, 0x0000000100000000, 0x0000000100000000)
  eden space 524800K, 0% used [0x00000000d5580000,0x00000000d5580000,0x00000000f5600000)
  from space 87040K, 0% used [0x00000000fab00000,0x00000000fab00000,0x0000000100000000)
  to   space 87040K, 0% used [0x00000000f5600000,0x00000000f5600000,0x00000000fab00000)
 ParOldGen       total 1398272K, used 23738K [0x0000000080000000, 0x00000000d5580000, 0x00000000d5580000)
  object space 1398272K, 1% used [0x0000000080000000,0x000000008172e980,0x00000000d5580000)
 Metaspace       used 34718K, capacity 35092K, committed 35416K, reserved 1081344K
  class space    used 3956K, capacity 4060K, committed 4096K, reserved 1048576K
}
Event: 11.577 GC heap before
{Heap before GC invocations=5 (full 2):
 PSYoungGen      total 611840K, used 524800K [0x00000000d5580000, 0x0000000100000000, 0x0000000100000000)
  eden space 524800K, 100% used [0x00000000d5580000,0x00000000f5600000,0x00000000f5600000)
  from space 87040K, 0% used [0x00000000fab00000,0x00000000fab00000,0x0000000100000000)
  to   space 87040K, 0% used [0x00000000f5600000,0x00000000f5600000,0x00000000fab00000)
 ParOldGen       total 1398272K, used 23738K [0x0000000080000000, 0x00000000d5580000, 0x00000000d5580000)
  object space 1398272K, 1% used [0x0000000080000000,0x000000008172e980,0x00000000d5580000)
 Metaspace       used 53541K, capacity 54960K, committed 55296K, reserved 1097728K
  class space    used 6271K, capacity 6538K, committed 6656K, reserved 1048576K
Event: 11.649 GC heap after
Heap after GC invocations=5 (full 2):
 PSYoungGen      total 611840K, used 27506K [0x00000000d5580000, 0x0000000100000000, 0x0000000100000000)
  eden space 524800K, 0% used [0x00000000d5580000,0x00000000d5580000,0x00000000f5600000)
  from space 87040K, 31% used [0x00000000f5600000,0x00000000f70dc878,0x00000000fab00000)
  to   space 87040K, 0% used [0x00000000fab00000,0x00000000fab00000,0x0000000100000000)
 ParOldGen       total 1398272K, used 23746K [0x0000000080000000, 0x00000000d5580000, 0x00000000d5580000)
  object space 1398272K, 1% used [0x0000000080000000,0x0000000081730980,0x00000000d5580000)
 Metaspace       used 53541K, capacity 54960K, committed 55296K, reserved 1097728K
  class space    used 6271K, capacity 6538K, committed 6656K, reserved 1048576K
}
Event: 12.239 GC heap before
{Heap before GC invocations=6 (full 2):
 PSYoungGen      total 611840K, used 189229K [0x00000000d5580000, 0x0000000100000000, 0x0000000100000000)
  eden space 524800K, 30% used [0x00000000d5580000,0x00000000df36ec60,0x00000000f5600000)
  from space 87040K, 31% used [0x00000000f5600000,0x00000000f70dc878,0x00000000fab00000)
  to   space 87040K, 0% used [0x00000000fab00000,0x00000000fab00000,0x0000000100000000)
 ParOldGen       total 1398272K, used 23746K [0x0000000080000000, 0x00000000d5580000, 0x00000000d5580000)
  object space 1398272K, 1% used [0x0000000080000000,0x0000000081730980,0x00000000d5580000)
 Metaspace       used 57372K, capacity 58822K, committed 59028K, reserved 1101824K
  class space    used 6631K, capacity 6901K, committed 6912K, reserved 1048576K
Event: 12.292 GC heap after
Heap after GC invocations=6 (full 2):
 PSYoungGen      total 611840K, used 15272K [0x00000000d5580000, 0x0000000100000000, 0x0000000100000000)
  eden space 524800K, 0% used [0x00000000d5580000,0x00000000d5580000,0x00000000f5600000)
  from space 87040K, 17% used [0x00000000fab00000,0x00000000fb9ea2c8,0x0000000100000000)
  to   space 87040K, 0% used [0x00000000f5600000,0x00000000f5600000,0x00000000fab00000)
 ParOldGen       total 1398272K, used 23746K [0x0000000080000000, 0x00000000d5580000, 0x00000000d5580000)
  object space 1398272K, 1% used [0x0000000080000000,0x0000000081730980,0x00000000d5580000)
 Metaspace       used 57372K, capacity 58822K, committed 59028K, reserved 1101824K
  class space    used 6631K, capacity 6901K, committed 6912K, reserved 1048576K
}
Event: 12.292 GC heap before
{Heap before GC invocations=7 (full 3):
 PSYoungGen      total 611840K, used 15272K [0x00000000d5580000, 0x0000000100000000, 0x0000000100000000)
  eden space 524800K, 0% used [0x00000000d5580000,0x00000000d5580000,0x00000000f5600000)
  from space 87040K, 17% used [0x00000000fab00000,0x00000000fb9ea2c8,0x0000000100000000)
  to   space 87040K, 0% used [0x00000000f5600000,0x00000000f5600000,0x00000000fab00000)
 ParOldGen       total 1398272K, used 23746K [0x0000000080000000, 0x00000000d5580000, 0x00000000d5580000)
  object space 1398272K, 1% used [0x0000000080000000,0x0000000081730980,0x00000000d5580000)
 Metaspace       used 57372K, capacity 58822K, committed 59028K, reserved 1101824K
  class space    used 6631K, capacity 6901K, committed 6912K, reserved 1048576K
Event: 12.534 GC heap after
Heap after GC invocations=7 (full 3):
 PSYoungGen      total 611840K, used 0K [0x00000000d5580000, 0x0000000100000000, 0x0000000100000000)
  eden space 524800K, 0% used [0x00000000d5580000,0x00000000d5580000,0x00000000f5600000)
  from space 87040K, 0% used [0x00000000fab00000,0x00000000fab00000,0x0000000100000000)
  to   space 87040K, 0% used [0x00000000f5600000,0x00000000f5600000,0x00000000fab00000)
 ParOldGen       total 1398272K, used 27344K [0x0000000080000000, 0x00000000d5580000, 0x00000000d5580000)
  object space 1398272K, 1% used [0x0000000080000000,0x0000000081ab40e8,0x00000000d5580000)
 Metaspace       used 57338K, capacity 58736K, committed 59028K, reserved 1101824K
  class space    used 6619K, capacity 6880K, committed 6912K, reserved 1048576K
}

