# JRE version: OpenJDK Runtime Environment (8.0_212-b04) (build 1.8.0_212-b04)
# Java VM: OpenJDK 64-Bit Server VM (25.212-b04 mixed mode linux-amd64 compressed oops)
Heap:
 PSYoungGen      total 611840K, used 284466K [0x00000000d5580000, 0x0000000100000000, 0x0000000100000000)
  eden space 524800K, 54% used [0x00000000d5580000,0x00000000e6b4c9b8,0x00000000f5600000)
  from space 87040K, 0% used [0x00000000f5600000,0x00000000f5600000,0x00000000fab00000)
  to   space 87040K, 0% used [0x00000000fab00000,0x00000000fab00000,0x0000000100000000)
 ParOldGen       total 1398272K, used 44366K [0x0000000080000000, 0x00000000d5580000, 0x00000000d5580000)
  object space 1398272K, 3% used [0x0000000080000000,0x0000000082b539a8,0x00000000d5580000)
 Metaspace       used 63250K, capacity 65646K, committed 65920K, reserved 1107968K
  class space    used 7255K, capacity 7699K, committed 7808K, reserved 1048576K
GC Heap History (10 events):
Event: 2.299 GC heap before
{Heap before GC invocations=2 (full 1):
 PSYoungGen      total 611840K, used 14229K [0x00000000d5580000, 0x0000000100000000, 0x0000000100000000)
  eden space 524800K, 0% used [0x00000000d5580000,0x00000000d5580000,0x00000000f5600000)
  from space 87040K, 16% used [0x00000000f5600000,0x00000000f63e54f8,0x00000000fab00000)
  to   space 87040K, 0% used [0x00000000fab00000,0x00000000fab00000,0x0000000100000000)
 ParOldGen       total 1398272K, used 80K [0x0000000080000000, 0x00000000d5580000, 0x00000000d5580000)
  object space 1398272K, 0% used [0x0000000080000000,0x0000000080014010,0x00000000d5580000)
 Metaspace       used 20819K, capacity 21106K, committed 21248K, reserved 1069056K
  class space    used 2369K, capacity 2482K, committed 2560K, reserved 1048576K
Event: 2.407 GC heap after
Heap after GC invocations=2 (full 1):
 PSYoungGen      total 611840K, used 0K [0x00000000d5580000, 0x0000000100000000, 0x0000000100000000)
  eden space 524800K, 0% used [0x00000000d5580000,0x00000000d5580000,0x00000000f5600000)
  from space 87040K, 0% used [0x00000000f5600000,0x00000000f5600000,0x00000000fab00000)
  to   space 87040K, 0% used [0x00000000fab00000,0x00000000fab00000,0x0000000100000000)
 ParOldGen       total 896000K, used 13721K [0x0000000080000000, 0x00000000b6b00000, 0x00000000d5580000)
  object space 896000K, 1% used [0x0000000080000000,0x0000000080d666c0,0x00000000b6b00000)
 Metaspace       used 20819K, capacity 21106K, committed 21248K, reserved 1069056K
  class space    used 2369K, capacity 2482K, committed 2560K, reserved 1048576K
}
Event: 4.981 GC heap before
{Heap before GC invocations=3 (full 1):
 PSYoungGen      total 611840K, used 434547K [0x00000000d5580000, 0x0000000100000000, 0x0000000100000000)
  eden space 524800K, 82% used [0x00000000d5580000,0x00000000efddcdc0,0x00000000f5600000)
  from space 87040K, 0% used [0x00000000f5600000,0x00000000f5600000,0x00000000fab00000)
  to   space 87040K, 0% used [0x00000000fab00000,0x00000000fab00000,0x0000000100000000)
 ParOldGen       total 896000K, used 13721K [0x0000000080000000, 0x00000000b6b00000, 0x00000000d5580000)
  object space 896000K, 1% used [0x0000000080000000,0x0000000080d666c0,0x00000000b6b00000)
 Metaspace       used 34785K, capacity 35188K, committed 35416K, reserved 1081344K
  class space    used 3967K, capacity 4092K, committed 4096K, reserved 1048576K
Event: 5.020 GC heap after
Heap after GC invocations=3 (full 1):
 PSYoungGen      total 611840K, used 19201K [0x00000000d5580000, 0x0000000100000000, 0x0000000100000000)
  eden space 524800K, 0% used [0x00000000d5580000,0x00000000d5580000,0x00000000f5600000)
  from space 87040K, 22% used [0x00000000fab00000,0x00000000fbdc05a0,0x0000000100000000)
  to   space 87040K, 0% used [0x00000000f5600000,0x00000000f5600000,0x00000000fab00000)
 ParOldGen       total 896000K, used 13721K [0x0000000080000000, 0x00000000b6b00000, 0x00000000d5580000)
  object space 896000K, 1% used [0x0000000080000000,0x0000000080d666c0,0x00000000b6b00000)
 Metaspace       used 34785K, capacity 35188K, committed 35416K, reserved 1081344K
  class space    used 3967K, capacity 4092K, committed 4096K, reserved 1048576K
}
Event: 5.020 GC heap before
{Heap before GC invocations=4 (full 2):
 PSYoungGen      total 611840K, used 19201K [0x00000000d5580000, 0x0000000100000000, 0x0000000100000000)
  eden space 524800K, 0% used [0x00000000d5580000,0x00000000d5580000,0x00000000f5600000)
  from space 87040K, 22% used [0x00000000fab00000,0x00000000fbdc05a0,0x0000000100000000)
  to   space 87040K, 0% used [0x00000000f5600000,0x00000000f5600000,0x00000000fab00000)
 ParOldGen       total 896000K, used 13721K [0x0000000080000000, 0x00000000b6b00000, 0x00000000d5580000)
  object space 896000K, 1% used [0x0000000080000000,0x0000000080d666c0,0x00000000b6b00000)
 Metaspace       used 34785K, capacity 35188K, committed 35416K, reserved 1081344K
  class space    used 3967K, capacity 4092K, committed 4096K, reserved 1048576K
Event: 5.122 GC heap after
Heap after GC invocations=4 (full 2):
 PSYoungGen      total 611840K, used 0K [0x00000000d5580000, 0x0000000100000000, 0x0000000100000000)
  eden space 524800K, 0% used [0x00000000d5580000,0x00000000d5580000,0x00000000f5600000)
  from space 87040K, 0% used [0x00000000fab00000,0x00000000fab00000,0x0000000100000000)
  to   space 87040K, 0% used [0x00000000f5600000,0x00000000f5600000,0x00000000fab00000)
 ParOldGen       total 1398272K, used 23535K [0x0000000080000000, 0x00000000d5580000, 0x00000000d5580000)
  object space 1398272K, 1% used [0x0000000080000000,0x00000000816fbdc0,0x00000000d5580000)
 Metaspace       used 34785K, capacity 35188K, committed 35416K, reserved 1081344K
  class space    used 3967K, capacity 4092K, committed 4096K, reserved 1048576K
}
Event: 12.223 GC heap before
{Heap before GC invocations=5 (full 2):
 PSYoungGen      total 611840K, used 489323K [0x00000000d5580000, 0x0000000100000000, 0x0000000100000000)
  eden space 524800K, 93% used [0x00000000d5580000,0x00000000f335ac68,0x00000000f5600000)
  from space 87040K, 0% used [0x00000000fab00000,0x00000000fab00000,0x0000000100000000)
  to   space 87040K, 0% used [0x00000000f5600000,0x00000000f5600000,0x00000000fab00000)
 ParOldGen       total 1398272K, used 23535K [0x0000000080000000, 0x00000000d5580000, 0x00000000d5580000)
  object space 1398272K, 1% used [0x0000000080000000,0x00000000816fbdc0,0x00000000d5580000)
 Metaspace       used 57408K, capacity 58820K, committed 59028K, reserved 1101824K
  class space    used 6632K, capacity 6902K, committed 6912K, reserved 1048576K
Event: 12.313 GC heap after
Heap after GC invocations=5 (full 2):
 PSYoungGen      total 611840K, used 33849K [0x00000000d5580000, 0x0000000100000000, 0x0000000100000000)
  eden space 524800K, 0% used [0x00000000d5580000,0x00000000d5580000,0x00000000f5600000)
  from space 87040K, 38% used [0x00000000f5600000,0x00000000f770e590,0x00000000fab00000)
  to   space 87040K, 0% used [0x00000000fab00000,0x00000000fab00000,0x0000000100000000)
 ParOldGen       total 1398272K, used 23543K [0x0000000080000000, 0x00000000d5580000, 0x00000000d5580000)
  object space 1398272K, 1% used [0x0000000080000000,0x00000000816fddc0,0x00000000d5580000)
 Metaspace       used 57408K, capacity 58820K, committed 59028K, reserved 1101824K
  class space    used 6632K, capacity 6902K, committed 6912K, reserved 1048576K
}
Event: 12.313 GC heap before
{Heap before GC invocations=6 (full 3):
 PSYoungGen      total 611840K, used 33849K [0x00000000d5580000, 0x0000000100000000, 0x0000000100000000)
  eden space 524800K, 0% used [0x00000000d5580000,0x00000000d5580000,0x00000000f5600000)
  from space 87040K, 38% used [0x00000000f5600000,0x00000000f770e590,0x00000000fab00000)
  to   space 87040K, 0% used [0x00000000fab00000,0x00000000fab00000,0x0000000100000000)
 ParOldGen       total 1398272K, used 23543K [0x0000000080000000, 0x00000000d5580000, 0x00000000d5580000)
  object space 1398272K, 1% used [0x0000000080000000,0x00000000816fddc0,0x00000000d5580000)
 Metaspace       used 57408K, capacity 58820K, committed 59028K, reserved 1101824K
  class space    used 6632K, capacity 6902K, committed 6912K, reserved 1048576K
Event: 12.588 GC heap after
Heap after GC invocations=6 (full 3):
 PSYoungGen      total 611840K, used 0K [0x00000000d5580000, 0x0000000100000000, 0x0000000100000000)
  eden space 524800K, 0% used [0x00000000d5580000,0x00000000d5580000,0x00000000f5600000)
  from space 87040K, 0% used [0x00000000f5600000,0x00000000f5600000,0x00000000fab00000)
  to   space 87040K, 0% used [0x00000000fab00000,0x00000000fab00000,0x0000000100000000)
 ParOldGen       total 1398272K, used 44366K [0x0000000080000000, 0x00000000d5580000, 0x00000000d5580000)
  object space 1398272K, 3% used [0x0000000080000000,0x0000000082b539a8,0x00000000d5580000)
 Metaspace       used 57372K, capacity 58734K, committed 59028K, reserved 1101824K
  class space    used 6620K, capacity 6881K, committed 6912K, reserved 1048576K
}

