# JRE version: OpenJDK Runtime Environment (8.0_212-b04) (build 1.8.0_212-b04)
# Java VM: OpenJDK 64-Bit Server VM (25.212-b04 mixed mode linux-amd64 compressed oops)
Heap:
 PSYoungGen      total 506368K, used 240206K [0x00000000d5580000, 0x0000000100000000, 0x0000000100000000)
  eden space 419328K, 36% used [0x00000000d5580000,0x00000000deb16cd0,0x00000000eef00000)
  from space 87040K, 99% used [0x00000000fab00000,0x00000000ffffcee8,0x0000000100000000)
  to   space 139776K, 0% used [0x00000000eef00000,0x00000000eef00000,0x00000000f7780000)
 ParOldGen       total 1398272K, used 114805K [0x0000000080000000, 0x00000000d5580000, 0x00000000d5580000)
  object space 1398272K, 8% used [0x0000000080000000,0x000000008701d588,0x00000000d5580000)
 Metaspace       used 72113K, capacity 75760K, committed 75904K, reserved 1116160K
  class space    used 7888K, capacity 8548K, committed 8576K, reserved 1048576K
GC Heap History (10 events):
Event: 11.990 GC heap before
{Heap before GC invocations=5 (full 2):
 PSYoungGen      total 611840K, used 479719K [0x00000000d5580000, 0x0000000100000000, 0x0000000100000000)
  eden space 524800K, 91% used [0x00000000d5580000,0x00000000f29f9de8,0x00000000f5600000)
  from space 87040K, 0% used [0x00000000fab00000,0x00000000fab00000,0x0000000100000000)
  to   space 87040K, 0% used [0x00000000f5600000,0x00000000f5600000,0x00000000fab00000)
 ParOldGen       total 1398272K, used 23505K [0x0000000080000000, 0x00000000d5580000, 0x00000000d5580000)
  object space 1398272K, 1% used [0x0000000080000000,0x00000000816f44f8,0x00000000d5580000)
 Metaspace       used 57453K, capacity 58846K, committed 59028K, reserved 1101824K
  class space    used 6632K, capacity 6883K, committed 6912K, reserved 1048576K
Event: 12.075 GC heap after
Heap after GC invocations=5 (full 2):
 PSYoungGen      total 611840K, used 33826K [0x00000000d5580000, 0x0000000100000000, 0x0000000100000000)
  eden space 524800K, 0% used [0x00000000d5580000,0x00000000d5580000,0x00000000f5600000)
  from space 87040K, 38% used [0x00000000f5600000,0x00000000f7708920,0x00000000fab00000)
  to   space 87040K, 0% used [0x00000000fab00000,0x00000000fab00000,0x0000000100000000)
 ParOldGen       total 1398272K, used 23513K [0x0000000080000000, 0x00000000d5580000, 0x00000000d5580000)
  object space 1398272K, 1% used [0x0000000080000000,0x00000000816f64f8,0x00000000d5580000)
 Metaspace       used 57453K, capacity 58846K, committed 59028K, reserved 1101824K
  class space    used 6632K, capacity 6883K, committed 6912K, reserved 1048576K
}
Event: 12.075 GC heap before
{Heap before GC invocations=6 (full 3):
 PSYoungGen      total 611840K, used 33826K [0x00000000d5580000, 0x0000000100000000, 0x0000000100000000)
  eden space 524800K, 0% used [0x00000000d5580000,0x00000000d5580000,0x00000000f5600000)
  from space 87040K, 38% used [0x00000000f5600000,0x00000000f7708920,0x00000000fab00000)
  to   space 87040K, 0% used [0x00000000fab00000,0x00000000fab00000,0x0000000100000000)
 ParOldGen       total 1398272K, used 23513K [0x0000000080000000, 0x00000000d5580000, 0x00000000d5580000)
  object space 1398272K, 1% used [0x0000000080000000,0x00000000816f64f8,0x00000000d5580000)
 Metaspace       used 57453K, capacity 58846K, committed 59028K, reserved 1101824K
  class space    used 6632K, capacity 6883K, committed 6912K, reserved 1048576K
Event: 12.393 GC heap after
Heap after GC invocations=6 (full 3):
 PSYoungGen      total 611840K, used 0K [0x00000000d5580000, 0x0000000100000000, 0x0000000100000000)
  eden space 524800K, 0% used [0x00000000d5580000,0x00000000d5580000,0x00000000f5600000)
  from space 87040K, 0% used [0x00000000f5600000,0x00000000f5600000,0x00000000fab00000)
  to   space 87040K, 0% used [0x00000000fab00000,0x00000000fab00000,0x0000000100000000)
 ParOldGen       total 1398272K, used 44318K [0x0000000080000000, 0x00000000d5580000, 0x00000000d5580000)
  object space 1398272K, 3% used [0x0000000080000000,0x0000000082b47ac8,0x00000000d5580000)
 Metaspace       used 57396K, capacity 58710K, committed 59028K, reserved 1101824K
  class space    used 6612K, capacity 6849K, committed 6912K, reserved 1048576K
}
Event: 49.801 GC heap before
{Heap before GC invocations=7 (full 3):
 PSYoungGen      total 611840K, used 524800K [0x00000000d5580000, 0x0000000100000000, 0x0000000100000000)
  eden space 524800K, 100% used [0x00000000d5580000,0x00000000f5600000,0x00000000f5600000)
  from space 87040K, 0% used [0x00000000f5600000,0x00000000f5600000,0x00000000fab00000)
  to   space 87040K, 0% used [0x00000000fab00000,0x00000000fab00000,0x0000000100000000)
 ParOldGen       total 1398272K, used 44318K [0x0000000080000000, 0x00000000d5580000, 0x00000000d5580000)
  object space 1398272K, 3% used [0x0000000080000000,0x0000000082b47ac8,0x00000000d5580000)
 Metaspace       used 67083K, capacity 69958K, committed 70144K, reserved 1112064K
  class space    used 7665K, capacity 8191K, committed 8192K, reserved 1048576K
Event: 49.909 GC heap after
Heap after GC invocations=7 (full 3):
 PSYoungGen      total 611840K, used 40651K [0x00000000d5580000, 0x0000000100000000, 0x0000000100000000)
  eden space 524800K, 0% used [0x00000000d5580000,0x00000000d5580000,0x00000000f5600000)
  from space 87040K, 46% used [0x00000000fab00000,0x00000000fd2b2c30,0x0000000100000000)
  to   space 87040K, 0% used [0x00000000f5600000,0x00000000f5600000,0x00000000fab00000)
 ParOldGen       total 1398272K, used 44326K [0x0000000080000000, 0x00000000d5580000, 0x00000000d5580000)
  object space 1398272K, 3% used [0x0000000080000000,0x0000000082b49ac8,0x00000000d5580000)
 Metaspace       used 67083K, capacity 69958K, committed 70144K, reserved 1112064K
  class space    used 7665K, capacity 8191K, committed 8192K, reserved 1048576K
}
Event: 407.068 GC heap before
{Heap before GC invocations=8 (full 3):
 PSYoungGen      total 611840K, used 565451K [0x00000000d5580000, 0x0000000100000000, 0x0000000100000000)
  eden space 524800K, 100% used [0x00000000d5580000,0x00000000f5600000,0x00000000f5600000)
  from space 87040K, 46% used [0x00000000fab00000,0x00000000fd2b2c30,0x0000000100000000)
  to   space 87040K, 0% used [0x00000000f5600000,0x00000000f5600000,0x00000000fab00000)
 ParOldGen       total 1398272K, used 44326K [0x0000000080000000, 0x00000000d5580000, 0x00000000d5580000)
  object space 1398272K, 3% used [0x0000000080000000,0x0000000082b49ac8,0x00000000d5580000)
 Metaspace       used 70507K, capacity 73840K, committed 73984K, reserved 1114112K
  class space    used 7807K, capacity 8386K, committed 8448K, reserved 1048576K
Event: 407.360 GC heap after
Heap after GC invocations=8 (full 3):
 PSYoungGen      total 611840K, used 87029K [0x00000000d5580000, 0x0000000100000000, 0x0000000100000000)
  eden space 524800K, 0% used [0x00000000d5580000,0x00000000d5580000,0x00000000f5600000)
  from space 87040K, 99% used [0x00000000f5600000,0x00000000faafd648,0x00000000fab00000)
  to   space 87040K, 0% used [0x00000000fab00000,0x00000000fab00000,0x0000000100000000)
 ParOldGen       total 1398272K, used 105573K [0x0000000080000000, 0x00000000d5580000, 0x00000000d5580000)
  object space 1398272K, 7% used [0x0000000080000000,0x00000000867194c8,0x00000000d5580000)
 Metaspace       used 70507K, capacity 73840K, committed 73984K, reserved 1114112K
  class space    used 7807K, capacity 8386K, committed 8448K, reserved 1048576K
}
Event: 561.863 GC heap before
{Heap before GC invocations=9 (full 3):
 PSYoungGen      total 611840K, used 611829K [0x00000000d5580000, 0x0000000100000000, 0x0000000100000000)
  eden space 524800K, 100% used [0x00000000d5580000,0x00000000f5600000,0x00000000f5600000)
  from space 87040K, 99% used [0x00000000f5600000,0x00000000faafd648,0x00000000fab00000)
  to   space 87040K, 0% used [0x00000000fab00000,0x00000000fab00000,0x0000000100000000)
 ParOldGen       total 1398272K, used 105573K [0x0000000080000000, 0x00000000d5580000, 0x00000000d5580000)
  object space 1398272K, 7% used [0x0000000080000000,0x00000000867194c8,0x00000000d5580000)
 Metaspace       used 71789K, capacity 75376K, committed 75648K, reserved 1116160K
  class space    used 7877K, capacity 8528K, committed 8576K, reserved 1048576K
Event: 562.044 GC heap after
Heap after GC invocations=9 (full 3):
 PSYoungGen      total 506368K, used 87027K [0x00000000d5580000, 0x0000000100000000, 0x0000000100000000)
  eden space 419328K, 0% used [0x00000000d5580000,0x00000000d5580000,0x00000000eef00000)
  from space 87040K, 99% used [0x00000000fab00000,0x00000000ffffcee8,0x0000000100000000)
  to   space 139776K, 0% used [0x00000000eef00000,0x00000000eef00000,0x00000000f7780000)
 ParOldGen       total 1398272K, used 114805K [0x0000000080000000, 0x00000000d5580000, 0x00000000d5580000)
  object space 1398272K, 8% used [0x0000000080000000,0x000000008701d588,0x00000000d5580000)
 Metaspace       used 71789K, capacity 75376K, committed 75648K, reserved 1116160K
  class space    used 7877K, capacity 8528K, committed 8576K, reserved 1048576K
}

