# JRE version: OpenJDK Runtime Environment (8.0_212-b04) (build 1.8.0_212-b04)
# Java VM: OpenJDK 64-Bit Server VM (25.212-b04 mixed mode linux-amd64 compressed oops)
Heap:
 PSYoungGen      total 574976K, used 365901K [0x00000000d5580000, 0x0000000100000000, 0x0000000100000000)
  eden space 531456K, 60% used [0x00000000d5580000,0x00000000e905b6f8,0x00000000f5c80000)
  from space 43520K, 99% used [0x00000000f9680000,0x00000000fc0f8040,0x00000000fc100000)
  to   space 59392K, 0% used [0x00000000f5c80000,0x00000000f5c80000,0x00000000f9680000)
 ParOldGen       total 1398272K, used 32671K [0x0000000080000000, 0x00000000d5580000, 0x00000000d5580000)
  object space 1398272K, 2% used [0x0000000080000000,0x0000000081fe7d50,0x00000000d5580000)
 Metaspace       used 82522K, capacity 86313K, committed 86528K, reserved 1126400K
  class space    used 9301K, capacity 9959K, committed 9984K, reserved 1048576K
GC Heap History (10 events):
Event: 7.529 GC heap before
{Heap before GC invocations=5 (full 2):
 PSYoungGen      total 611840K, used 524800K [0x00000000d5580000, 0x0000000100000000, 0x0000000100000000)
  eden space 524800K, 100% used [0x00000000d5580000,0x00000000f5600000,0x00000000f5600000)
  from space 87040K, 0% used [0x00000000fab00000,0x00000000fab00000,0x0000000100000000)
  to   space 87040K, 0% used [0x00000000f5600000,0x00000000f5600000,0x00000000fab00000)
 ParOldGen       total 1398272K, used 24333K [0x0000000080000000, 0x00000000d5580000, 0x00000000d5580000)
  object space 1398272K, 1% used [0x0000000080000000,0x00000000817c3588,0x00000000d5580000)
 Metaspace       used 49300K, capacity 50054K, committed 50432K, reserved 1093632K
  class space    used 5868K, capacity 6053K, committed 6144K, reserved 1048576K
Event: 7.571 GC heap after
Heap after GC invocations=5 (full 2):
 PSYoungGen      total 611840K, used 20152K [0x00000000d5580000, 0x0000000100000000, 0x0000000100000000)
  eden space 524800K, 0% used [0x00000000d5580000,0x00000000d5580000,0x00000000f5600000)
  from space 87040K, 23% used [0x00000000f5600000,0x00000000f69ae1b0,0x00000000fab00000)
  to   space 87040K, 0% used [0x00000000fab00000,0x00000000fab00000,0x0000000100000000)
 ParOldGen       total 1398272K, used 24341K [0x0000000080000000, 0x00000000d5580000, 0x00000000d5580000)
  object space 1398272K, 1% used [0x0000000080000000,0x00000000817c5588,0x00000000d5580000)
 Metaspace       used 49300K, capacity 50054K, committed 50432K, reserved 1093632K
  class space    used 5868K, capacity 6053K, committed 6144K, reserved 1048576K
}
Event: 11.905 GC heap before
{Heap before GC invocations=6 (full 2):
 PSYoungGen      total 611840K, used 332249K [0x00000000d5580000, 0x0000000100000000, 0x0000000100000000)
  eden space 524800K, 59% used [0x00000000d5580000,0x00000000e8648578,0x00000000f5600000)
  from space 87040K, 23% used [0x00000000f5600000,0x00000000f69ae1b0,0x00000000fab00000)
  to   space 87040K, 0% used [0x00000000fab00000,0x00000000fab00000,0x0000000100000000)
 ParOldGen       total 1398272K, used 24341K [0x0000000080000000, 0x00000000d5580000, 0x00000000d5580000)
  object space 1398272K, 1% used [0x0000000080000000,0x00000000817c5588,0x00000000d5580000)
 Metaspace       used 57768K, capacity 58973K, committed 59028K, reserved 1101824K
  class space    used 6933K, capacity 7168K, committed 7168K, reserved 1048576K
Event: 11.944 GC heap after
Heap after GC invocations=6 (full 2):
 PSYoungGen      total 611840K, used 19967K [0x00000000d5580000, 0x0000000100000000, 0x0000000100000000)
  eden space 524800K, 0% used [0x00000000d5580000,0x00000000d5580000,0x00000000f5600000)
  from space 87040K, 22% used [0x00000000fab00000,0x00000000fbe7fc58,0x0000000100000000)
  to   space 87040K, 0% used [0x00000000f5600000,0x00000000f5600000,0x00000000fab00000)
 ParOldGen       total 1398272K, used 24349K [0x0000000080000000, 0x00000000d5580000, 0x00000000d5580000)
  object space 1398272K, 1% used [0x0000000080000000,0x00000000817c7588,0x00000000d5580000)
 Metaspace       used 57768K, capacity 58973K, committed 59028K, reserved 1101824K
  class space    used 6933K, capacity 7168K, committed 7168K, reserved 1048576K
}
Event: 11.944 GC heap before
{Heap before GC invocations=7 (full 3):
 PSYoungGen      total 611840K, used 19967K [0x00000000d5580000, 0x0000000100000000, 0x0000000100000000)
  eden space 524800K, 0% used [0x00000000d5580000,0x00000000d5580000,0x00000000f5600000)
  from space 87040K, 22% used [0x00000000fab00000,0x00000000fbe7fc58,0x0000000100000000)
  to   space 87040K, 0% used [0x00000000f5600000,0x00000000f5600000,0x00000000fab00000)
 ParOldGen       total 1398272K, used 24349K [0x0000000080000000, 0x00000000d5580000, 0x00000000d5580000)
  object space 1398272K, 1% used [0x0000000080000000,0x00000000817c7588,0x00000000d5580000)
 Metaspace       used 57768K, capacity 58973K, committed 59028K, reserved 1101824K
  class space    used 6933K, capacity 7168K, committed 7168K, reserved 1048576K
Event: 12.202 GC heap after
Heap after GC invocations=7 (full 3):
 PSYoungGen      total 611840K, used 0K [0x00000000d5580000, 0x0000000100000000, 0x0000000100000000)
  eden space 524800K, 0% used [0x00000000d5580000,0x00000000d5580000,0x00000000f5600000)
  from space 87040K, 0% used [0x00000000fab00000,0x00000000fab00000,0x0000000100000000)
  to   space 87040K, 0% used [0x00000000f5600000,0x00000000f5600000,0x00000000fab00000)
 ParOldGen       total 1398272K, used 32523K [0x0000000080000000, 0x00000000d5580000, 0x00000000d5580000)
  object space 1398272K, 2% used [0x0000000080000000,0x0000000081fc2c20,0x00000000d5580000)
 Metaspace       used 57685K, capacity 58765K, committed 59028K, reserved 1101824K
  class space    used 6903K, capacity 7116K, committed 7168K, reserved 1048576K
}
Event: 30.613 GC heap before
{Heap before GC invocations=8 (full 3):
 PSYoungGen      total 611840K, used 524428K [0x00000000d5580000, 0x0000000100000000, 0x0000000100000000)
  eden space 524800K, 99% used [0x00000000d5580000,0x00000000f55a3170,0x00000000f5600000)
  from space 87040K, 0% used [0x00000000fab00000,0x00000000fab00000,0x0000000100000000)
  to   space 87040K, 0% used [0x00000000f5600000,0x00000000f5600000,0x00000000fab00000)
 ParOldGen       total 1398272K, used 32523K [0x0000000080000000, 0x00000000d5580000, 0x00000000d5580000)
  object space 1398272K, 2% used [0x0000000080000000,0x0000000081fc2c20,0x00000000d5580000)
 Metaspace       used 76849K, capacity 79623K, committed 79872K, reserved 1120256K
  class space    used 8939K, capacity 9454K, committed 9472K, reserved 1048576K
Event: 30.711 GC heap after
Heap after GC invocations=8 (full 3):
 PSYoungGen      total 590848K, used 65807K [0x00000000d5580000, 0x00000000fc100000, 0x0000000100000000)
  eden space 524800K, 0% used [0x00000000d5580000,0x00000000d5580000,0x00000000f5600000)
  from space 66048K, 99% used [0x00000000f5600000,0x00000000f9643cb8,0x00000000f9680000)
  to   space 43520K, 0% used [0x00000000f9680000,0x00000000f9680000,0x00000000fc100000)
 ParOldGen       total 1398272K, used 32523K [0x0000000080000000, 0x00000000d5580000, 0x00000000d5580000)
  object space 1398272K, 2% used [0x0000000080000000,0x0000000081fc2c20,0x00000000d5580000)
 Metaspace       used 76849K, capacity 79623K, committed 79872K, reserved 1120256K
  class space    used 8939K, capacity 9454K, committed 9472K, reserved 1048576K
}
Event: 34.886 GC heap before
{Heap before GC invocations=9 (full 3):
 PSYoungGen      total 590848K, used 590607K [0x00000000d5580000, 0x00000000fc100000, 0x0000000100000000)
  eden space 524800K, 100% used [0x00000000d5580000,0x00000000f5600000,0x00000000f5600000)
  from space 66048K, 99% used [0x00000000f5600000,0x00000000f9643cb8,0x00000000f9680000)
  to   space 43520K, 0% used [0x00000000f9680000,0x00000000f9680000,0x00000000fc100000)
 ParOldGen       total 1398272K, used 32523K [0x0000000080000000, 0x00000000d5580000, 0x00000000d5580000)
  object space 1398272K, 2% used [0x0000000080000000,0x0000000081fc2c20,0x00000000d5580000)
 Metaspace       used 81444K, capacity 85097K, committed 85248K, reserved 1124352K
  class space    used 9256K, capacity 9885K, committed 9984K, reserved 1048576K
Event: 34.938 GC heap after
Heap after GC invocations=9 (full 3):
 PSYoungGen      total 574976K, used 43488K [0x00000000d5580000, 0x0000000100000000, 0x0000000100000000)
  eden space 531456K, 0% used [0x00000000d5580000,0x00000000d5580000,0x00000000f5c80000)
  from space 43520K, 99% used [0x00000000f9680000,0x00000000fc0f8040,0x00000000fc100000)
  to   space 59392K, 0% used [0x00000000f5c80000,0x00000000f5c80000,0x00000000f9680000)
 ParOldGen       total 1398272K, used 32671K [0x0000000080000000, 0x00000000d5580000, 0x00000000d5580000)
  object space 1398272K, 2% used [0x0000000080000000,0x0000000081fe7d50,0x00000000d5580000)
 Metaspace       used 81444K, capacity 85097K, committed 85248K, reserved 1124352K
  class space    used 9256K, capacity 9885K, committed 9984K, reserved 1048576K
}

