# JRE version: OpenJDK Runtime Environment (8.0_212-b04) (build 1.8.0_212-b04)
# Java VM: OpenJDK 64-Bit Server VM (25.212-b04 mixed mode linux-amd64 compressed oops)
Heap:
 PSYoungGen      total 611840K, used 308058K [0x00000000d5580000, 0x0000000100000000, 0x0000000100000000)
  eden space 524800K, 58% used [0x00000000d5580000,0x00000000e8256aa8,0x00000000f5600000)
  from space 87040K, 0% used [0x00000000fab00000,0x00000000fab00000,0x0000000100000000)
  to   space 87040K, 0% used [0x00000000f5600000,0x00000000f5600000,0x00000000fab00000)
 ParOldGen       total 1398272K, used 28675K [0x0000000080000000, 0x00000000d5580000, 0x00000000d5580000)
  object space 1398272K, 2% used [0x0000000080000000,0x0000000081c00dc8,0x00000000d5580000)
 Metaspace       used 65234K, capacity 68030K, committed 68224K, reserved 1110016K
  class space    used 7502K, capacity 7995K, committed 8064K, reserved 1048576K
GC Heap History (10 events):
Event: 4.731 GC heap before
{Heap before GC invocations=3 (full 1):
 PSYoungGen      total 611840K, used 467081K [0x00000000d5580000, 0x0000000100000000, 0x0000000100000000)
  eden space 524800K, 89% used [0x00000000d5580000,0x00000000f1da24e0,0x00000000f5600000)
  from space 87040K, 0% used [0x00000000f5600000,0x00000000f5600000,0x00000000fab00000)
  to   space 87040K, 0% used [0x00000000fab00000,0x00000000fab00000,0x0000000100000000)
 ParOldGen       total 890368K, used 14357K [0x0000000080000000, 0x00000000b6580000, 0x00000000d5580000)
  object space 890368K, 1% used [0x0000000080000000,0x0000000080e054b8,0x00000000b6580000)
 Metaspace       used 34595K, capacity 34970K, committed 35416K, reserved 1081344K
  class space    used 3949K, capacity 4061K, committed 4096K, reserved 1048576K
Event: 4.765 GC heap after
Heap after GC invocations=3 (full 1):
 PSYoungGen      total 611840K, used 18914K [0x00000000d5580000, 0x0000000100000000, 0x0000000100000000)
  eden space 524800K, 0% used [0x00000000d5580000,0x00000000d5580000,0x00000000f5600000)
  from space 87040K, 21% used [0x00000000fab00000,0x00000000fbd78b50,0x0000000100000000)
  to   space 87040K, 0% used [0x00000000f5600000,0x00000000f5600000,0x00000000fab00000)
 ParOldGen       total 890368K, used 14365K [0x0000000080000000, 0x00000000b6580000, 0x00000000d5580000)
  object space 890368K, 1% used [0x0000000080000000,0x0000000080e074b8,0x00000000b6580000)
 Metaspace       used 34595K, capacity 34970K, committed 35416K, reserved 1081344K
  class space    used 3949K, capacity 4061K, committed 4096K, reserved 1048576K
}
Event: 4.765 GC heap before
{Heap before GC invocations=4 (full 2):
 PSYoungGen      total 611840K, used 18914K [0x00000000d5580000, 0x0000000100000000, 0x0000000100000000)
  eden space 524800K, 0% used [0x00000000d5580000,0x00000000d5580000,0x00000000f5600000)
  from space 87040K, 21% used [0x00000000fab00000,0x00000000fbd78b50,0x0000000100000000)
  to   space 87040K, 0% used [0x00000000f5600000,0x00000000f5600000,0x00000000fab00000)
 ParOldGen       total 890368K, used 14365K [0x0000000080000000, 0x00000000b6580000, 0x00000000d5580000)
  object space 890368K, 1% used [0x0000000080000000,0x0000000080e074b8,0x00000000b6580000)
 Metaspace       used 34595K, capacity 34970K, committed 35416K, reserved 1081344K
  class space    used 3949K, capacity 4061K, committed 4096K, reserved 1048576K
Event: 4.888 GC heap after
Heap after GC invocations=4 (full 2):
 PSYoungGen      total 611840K, used 0K [0x00000000d5580000, 0x0000000100000000, 0x0000000100000000)
  eden space 524800K, 0% used [0x00000000d5580000,0x00000000d5580000,0x00000000f5600000)
  from space 87040K, 0% used [0x00000000fab00000,0x00000000fab00000,0x0000000100000000)
  to   space 87040K, 0% used [0x00000000f5600000,0x00000000f5600000,0x00000000fab00000)
 ParOldGen       total 1398272K, used 23578K [0x0000000080000000, 0x00000000d5580000, 0x00000000d5580000)
  object space 1398272K, 1% used [0x0000000080000000,0x0000000081706bd0,0x00000000d5580000)
 Metaspace       used 34595K, capacity 34970K, committed 35416K, reserved 1081344K
  class space    used 3949K, capacity 4061K, committed 4096K, reserved 1048576K
}
Event: 11.251 GC heap before
{Heap before GC invocations=5 (full 2):
 PSYoungGen      total 611840K, used 524800K [0x00000000d5580000, 0x0000000100000000, 0x0000000100000000)
  eden space 524800K, 100% used [0x00000000d5580000,0x00000000f5600000,0x00000000f5600000)
  from space 87040K, 0% used [0x00000000fab00000,0x00000000fab00000,0x0000000100000000)
  to   space 87040K, 0% used [0x00000000f5600000,0x00000000f5600000,0x00000000fab00000)
 ParOldGen       total 1398272K, used 23578K [0x0000000080000000, 0x00000000d5580000, 0x00000000d5580000)
  object space 1398272K, 1% used [0x0000000080000000,0x0000000081706bd0,0x00000000d5580000)
 Metaspace       used 52160K, capacity 53488K, committed 53760K, reserved 1097728K
  class space    used 6130K, capacity 6372K, committed 6400K, reserved 1048576K
Event: 11.301 GC heap after
Heap after GC invocations=5 (full 2):
 PSYoungGen      total 611840K, used 25960K [0x00000000d5580000, 0x0000000100000000, 0x0000000100000000)
  eden space 524800K, 0% used [0x00000000d5580000,0x00000000d5580000,0x00000000f5600000)
  from space 87040K, 29% used [0x00000000f5600000,0x00000000f6f5a0e0,0x00000000fab00000)
  to   space 87040K, 0% used [0x00000000fab00000,0x00000000fab00000,0x0000000100000000)
 ParOldGen       total 1398272K, used 23586K [0x0000000080000000, 0x00000000d5580000, 0x00000000d5580000)
  object space 1398272K, 1% used [0x0000000080000000,0x0000000081708bd0,0x00000000d5580000)
 Metaspace       used 52160K, capacity 53488K, committed 53760K, reserved 1097728K
  class space    used 6130K, capacity 6372K, committed 6400K, reserved 1048576K
}
Event: 11.952 GC heap before
{Heap before GC invocations=6 (full 2):
 PSYoungGen      total 611840K, used 140342K [0x00000000d5580000, 0x0000000100000000, 0x0000000100000000)
  eden space 524800K, 21% used [0x00000000d5580000,0x00000000dc533ac8,0x00000000f5600000)
  from space 87040K, 29% used [0x00000000f5600000,0x00000000f6f5a0e0,0x00000000fab00000)
  to   space 87040K, 0% used [0x00000000fab00000,0x00000000fab00000,0x0000000100000000)
 ParOldGen       total 1398272K, used 23586K [0x0000000080000000, 0x00000000d5580000, 0x00000000d5580000)
  object space 1398272K, 1% used [0x0000000080000000,0x0000000081708bd0,0x00000000d5580000)
 Metaspace       used 57278K, capacity 58726K, committed 59028K, reserved 1101824K
  class space    used 6630K, capacity 6895K, committed 6912K, reserved 1048576K
Event: 11.972 GC heap after
Heap after GC invocations=6 (full 2):
 PSYoungGen      total 611840K, used 17044K [0x00000000d5580000, 0x0000000100000000, 0x0000000100000000)
  eden space 524800K, 0% used [0x00000000d5580000,0x00000000d5580000,0x00000000f5600000)
  from space 87040K, 19% used [0x00000000fab00000,0x00000000fbba5048,0x0000000100000000)
  to   space 87040K, 0% used [0x00000000f5600000,0x00000000f5600000,0x00000000fab00000)
 ParOldGen       total 1398272K, used 23594K [0x0000000080000000, 0x00000000d5580000, 0x00000000d5580000)
  object space 1398272K, 1% used [0x0000000080000000,0x000000008170abd0,0x00000000d5580000)
 Metaspace       used 57278K, capacity 58726K, committed 59028K, reserved 1101824K
  class space    used 6630K, capacity 6895K, committed 6912K, reserved 1048576K
}
Event: 11.972 GC heap before
{Heap before GC invocations=7 (full 3):
 PSYoungGen      total 611840K, used 17044K [0x00000000d5580000, 0x0000000100000000, 0x0000000100000000)
  eden space 524800K, 0% used [0x00000000d5580000,0x00000000d5580000,0x00000000f5600000)
  from space 87040K, 19% used [0x00000000fab00000,0x00000000fbba5048,0x0000000100000000)
  to   space 87040K, 0% used [0x00000000f5600000,0x00000000f5600000,0x00000000fab00000)
 ParOldGen       total 1398272K, used 23594K [0x0000000080000000, 0x00000000d5580000, 0x00000000d5580000)
  object space 1398272K, 1% used [0x0000000080000000,0x000000008170abd0,0x00000000d5580000)
 Metaspace       used 57278K, capacity 58726K, committed 59028K, reserved 1101824K
  class space    used 6630K, capacity 6895K, committed 6912K, reserved 1048576K
Event: 12.200 GC heap after
Heap after GC invocations=7 (full 3):
 PSYoungGen      total 611840K, used 0K [0x00000000d5580000, 0x0000000100000000, 0x0000000100000000)
  eden space 524800K, 0% used [0x00000000d5580000,0x00000000d5580000,0x00000000f5600000)
  from space 87040K, 0% used [0x00000000fab00000,0x00000000fab00000,0x0000000100000000)
  to   space 87040K, 0% used [0x00000000f5600000,0x00000000f5600000,0x00000000fab00000)
 ParOldGen       total 1398272K, used 28675K [0x0000000080000000, 0x00000000d5580000, 0x00000000d5580000)
  object space 1398272K, 2% used [0x0000000080000000,0x0000000081c00dc8,0x00000000d5580000)
 Metaspace       used 57254K, capacity 58664K, committed 59028K, reserved 1101824K
  class space    used 6621K, capacity 6880K, committed 6912K, reserved 1048576K
}

