# JRE version: OpenJDK Runtime Environment (8.0_212-b04) (build 1.8.0_212-b04)
# Java VM: OpenJDK 64-Bit Server VM (25.212-b04 mixed mode linux-amd64 compressed oops)
Heap:
 PSYoungGen      total 607744K, used 88373K [0x00000000d5580000, 0x0000000100000000, 0x0000000100000000)
  eden space 525824K, 6% used [0x00000000d5580000,0x00000000d77e8740,0x00000000f5700000)
  from space 81920K, 64% used [0x00000000fab00000,0x00000000fdee5008,0x00000000ffb00000)
  to   space 86016K, 0% used [0x00000000f5700000,0x00000000f5700000,0x00000000fab00000)
 ParOldGen       total 1398272K, used 51185K [0x0000000080000000, 0x00000000d5580000, 0x00000000d5580000)
  object space 1398272K, 3% used [0x0000000080000000,0x00000000831fc5d0,0x00000000d5580000)
 Metaspace       used 68145K, capacity 71128K, committed 71424K, reserved 1112064K
  class space    used 7625K, capacity 8136K, committed 8192K, reserved 1048576K
GC Heap History (10 events):
Event: 11.562 GC heap before
{Heap before GC invocations=5 (full 2):
 PSYoungGen      total 611840K, used 524800K [0x00000000d5580000, 0x0000000100000000, 0x0000000100000000)
  eden space 524800K, 100% used [0x00000000d5580000,0x00000000f5600000,0x00000000f5600000)
  from space 87040K, 0% used [0x00000000fab00000,0x00000000fab00000,0x0000000100000000)
  to   space 87040K, 0% used [0x00000000f5600000,0x00000000f5600000,0x00000000fab00000)
 ParOldGen       total 1398272K, used 23546K [0x0000000080000000, 0x00000000d5580000, 0x00000000d5580000)
  object space 1398272K, 1% used [0x0000000080000000,0x00000000816fe838,0x00000000d5580000)
 Metaspace       used 52205K, capacity 53560K, committed 53760K, reserved 1097728K
  class space    used 6112K, capacity 6372K, committed 6400K, reserved 1048576K
Event: 11.644 GC heap after
Heap after GC invocations=5 (full 2):
 PSYoungGen      total 611840K, used 26007K [0x00000000d5580000, 0x0000000100000000, 0x0000000100000000)
  eden space 524800K, 0% used [0x00000000d5580000,0x00000000d5580000,0x00000000f5600000)
  from space 87040K, 29% used [0x00000000f5600000,0x00000000f6f65e80,0x00000000fab00000)
  to   space 87040K, 0% used [0x00000000fab00000,0x00000000fab00000,0x0000000100000000)
 ParOldGen       total 1398272K, used 23554K [0x0000000080000000, 0x00000000d5580000, 0x00000000d5580000)
  object space 1398272K, 1% used [0x0000000080000000,0x0000000081700838,0x00000000d5580000)
 Metaspace       used 52205K, capacity 53560K, committed 53760K, reserved 1097728K
  class space    used 6112K, capacity 6372K, committed 6400K, reserved 1048576K
}
Event: 12.534 GC heap before
{Heap before GC invocations=6 (full 2):
 PSYoungGen      total 611840K, used 172581K [0x00000000d5580000, 0x0000000100000000, 0x0000000100000000)
  eden space 524800K, 27% used [0x00000000d5580000,0x00000000de4a3790,0x00000000f5600000)
  from space 87040K, 29% used [0x00000000f5600000,0x00000000f6f65e80,0x00000000fab00000)
  to   space 87040K, 0% used [0x00000000fab00000,0x00000000fab00000,0x0000000100000000)
 ParOldGen       total 1398272K, used 23554K [0x0000000080000000, 0x00000000d5580000, 0x00000000d5580000)
  object space 1398272K, 1% used [0x0000000080000000,0x0000000081700838,0x00000000d5580000)
 Metaspace       used 57403K, capacity 58904K, committed 59028K, reserved 1101824K
  class space    used 6623K, capacity 6910K, committed 6912K, reserved 1048576K
Event: 12.560 GC heap after
Heap after GC invocations=6 (full 2):
 PSYoungGen      total 611840K, used 19828K [0x00000000d5580000, 0x0000000100000000, 0x0000000100000000)
  eden space 524800K, 0% used [0x00000000d5580000,0x00000000d5580000,0x00000000f5600000)
  from space 87040K, 22% used [0x00000000fab00000,0x00000000fbe5d168,0x0000000100000000)
  to   space 87040K, 0% used [0x00000000f5600000,0x00000000f5600000,0x00000000fab00000)
 ParOldGen       total 1398272K, used 23562K [0x0000000080000000, 0x00000000d5580000, 0x00000000d5580000)
  object space 1398272K, 1% used [0x0000000080000000,0x0000000081702838,0x00000000d5580000)
 Metaspace       used 57403K, capacity 58904K, committed 59028K, reserved 1101824K
  class space    used 6623K, capacity 6910K, committed 6912K, reserved 1048576K
}
Event: 12.560 GC heap before
{Heap before GC invocations=7 (full 3):
 PSYoungGen      total 611840K, used 19828K [0x00000000d5580000, 0x0000000100000000, 0x0000000100000000)
  eden space 524800K, 0% used [0x00000000d5580000,0x00000000d5580000,0x00000000f5600000)
  from space 87040K, 22% used [0x00000000fab00000,0x00000000fbe5d168,0x0000000100000000)
  to   space 87040K, 0% used [0x00000000f5600000,0x00000000f5600000,0x00000000fab00000)
 ParOldGen       total 1398272K, used 23562K [0x0000000080000000, 0x00000000d5580000, 0x00000000d5580000)
  object space 1398272K, 1% used [0x0000000080000000,0x0000000081702838,0x00000000d5580000)
 Metaspace       used 57403K, capacity 58904K, committed 59028K, reserved 1101824K
  class space    used 6623K, capacity 6910K, committed 6912K, reserved 1048576K
Event: 12.795 GC heap after
Heap after GC invocations=7 (full 3):
 PSYoungGen      total 611840K, used 0K [0x00000000d5580000, 0x0000000100000000, 0x0000000100000000)
  eden space 524800K, 0% used [0x00000000d5580000,0x00000000d5580000,0x00000000f5600000)
  from space 87040K, 0% used [0x00000000fab00000,0x00000000fab00000,0x0000000100000000)
  to   space 87040K, 0% used [0x00000000f5600000,0x00000000f5600000,0x00000000fab00000)
 ParOldGen       total 1398272K, used 31355K [0x0000000080000000, 0x00000000d5580000, 0x00000000d5580000)
  object space 1398272K, 2% used [0x0000000080000000,0x0000000081e9ef20,0x00000000d5580000)
 Metaspace       used 57377K, capacity 58832K, committed 59028K, reserved 1101824K
  class space    used 6614K, capacity 6894K, committed 6912K, reserved 1048576K
}
Event: 51.458 GC heap before
{Heap before GC invocations=8 (full 3):
 PSYoungGen      total 611840K, used 524349K [0x00000000d5580000, 0x0000000100000000, 0x0000000100000000)
  eden space 524800K, 99% used [0x00000000d5580000,0x00000000f558f5c8,0x00000000f5600000)
  from space 87040K, 0% used [0x00000000fab00000,0x00000000fab00000,0x0000000100000000)
  to   space 87040K, 0% used [0x00000000f5600000,0x00000000f5600000,0x00000000fab00000)
 ParOldGen       total 1398272K, used 31355K [0x0000000080000000, 0x00000000d5580000, 0x00000000d5580000)
  object space 1398272K, 2% used [0x0000000080000000,0x0000000081e9ef20,0x00000000d5580000)
 Metaspace       used 66559K, capacity 69218K, committed 69504K, reserved 1110016K
  class space    used 7532K, capacity 8017K, committed 8064K, reserved 1048576K
Event: 51.657 GC heap after
Heap after GC invocations=8 (full 3):
 PSYoungGen      total 611840K, used 87009K [0x00000000d5580000, 0x00000000ffb00000, 0x0000000100000000)
  eden space 524800K, 0% used [0x00000000d5580000,0x00000000d5580000,0x00000000f5600000)
  from space 87040K, 99% used [0x00000000f5600000,0x00000000faaf8648,0x00000000fab00000)
  to   space 81920K, 0% used [0x00000000fab00000,0x00000000fab00000,0x00000000ffb00000)
 ParOldGen       total 1398272K, used 51177K [0x0000000080000000, 0x00000000d5580000, 0x00000000d5580000)
  object space 1398272K, 3% used [0x0000000080000000,0x00000000831fa5d0,0x00000000d5580000)
 Metaspace       used 66559K, capacity 69218K, committed 69504K, reserved 1110016K
  class space    used 7532K, capacity 8017K, committed 8064K, reserved 1048576K
}
Event: 80.276 GC heap before
{Heap before GC invocations=9 (full 3):
 PSYoungGen      total 611840K, used 611809K [0x00000000d5580000, 0x00000000ffb00000, 0x0000000100000000)
  eden space 524800K, 100% used [0x00000000d5580000,0x00000000f5600000,0x00000000f5600000)
  from space 87040K, 99% used [0x00000000f5600000,0x00000000faaf8648,0x00000000fab00000)
  to   space 81920K, 0% used [0x00000000fab00000,0x00000000fab00000,0x00000000ffb00000)
 ParOldGen       total 1398272K, used 51177K [0x0000000080000000, 0x00000000d5580000, 0x00000000d5580000)
  object space 1398272K, 3% used [0x0000000080000000,0x00000000831fa5d0,0x00000000d5580000)
 Metaspace       used 68072K, capacity 70980K, committed 71168K, reserved 1112064K
  class space    used 7625K, capacity 8136K, committed 8192K, reserved 1048576K
Event: 80.386 GC heap after
Heap after GC invocations=9 (full 3):
 PSYoungGen      total 607744K, used 53140K [0x00000000d5580000, 0x0000000100000000, 0x0000000100000000)
  eden space 525824K, 0% used [0x00000000d5580000,0x00000000d5580000,0x00000000f5700000)
  from space 81920K, 64% used [0x00000000fab00000,0x00000000fdee5008,0x00000000ffb00000)
  to   space 86016K, 0% used [0x00000000f5700000,0x00000000f5700000,0x00000000fab00000)
 ParOldGen       total 1398272K, used 51185K [0x0000000080000000, 0x00000000d5580000, 0x00000000d5580000)
  object space 1398272K, 3% used [0x0000000080000000,0x00000000831fc5d0,0x00000000d5580000)
 Metaspace       used 68072K, capacity 70980K, committed 71168K, reserved 1112064K
  class space    used 7625K, capacity 8136K, committed 8192K, reserved 1048576K
}

