# JRE version: OpenJDK Runtime Environment (8.0_212-b04) (build 1.8.0_212-b04)
# Java VM: OpenJDK 64-Bit Server VM (25.212-b04 mixed mode linux-amd64 compressed oops)
Heap:
 PSYoungGen      total 611840K, used 271810K [0x00000000d5580000, 0x0000000100000000, 0x0000000100000000)
  eden space 524800K, 35% used [0x00000000d5580000,0x00000000e09f3e40,0x00000000f5600000)
  from space 87040K, 99% used [0x00000000f5600000,0x00000000faafca68,0x00000000fab00000)
  to   space 87040K, 0% used [0x00000000fab00000,0x00000000fab00000,0x0000000100000000)
 ParOldGen       total 1398272K, used 84472K [0x0000000080000000, 0x00000000d5580000, 0x00000000d5580000)
  object space 1398272K, 6% used [0x0000000080000000,0x000000008527e140,0x00000000d5580000)
 Metaspace       used 66233K, capacity 70622K, committed 70912K, reserved 1112064K
  class space    used 7671K, capacity 8413K, committed 8448K, reserved 1048576K
GC Heap History (10 events):
Event: 6.376 GC heap before
{Heap before GC invocations=4 (full 2):
 PSYoungGen      total 611840K, used 19240K [0x00000000d5580000, 0x0000000100000000, 0x0000000100000000)
  eden space 524800K, 0% used [0x00000000d5580000,0x00000000d5580000,0x00000000f5600000)
  from space 87040K, 22% used [0x00000000fab00000,0x00000000fbdca138,0x0000000100000000)
  to   space 87040K, 0% used [0x00000000f5600000,0x00000000f5600000,0x00000000fab00000)
 ParOldGen       total 921088K, used 13733K [0x0000000080000000, 0x00000000b8380000, 0x00000000d5580000)
  object space 921088K, 1% used [0x0000000080000000,0x0000000080d697b8,0x00000000b8380000)
 Metaspace       used 34821K, capacity 35156K, committed 35416K, reserved 1081344K
  class space    used 3966K, capacity 4060K, committed 4096K, reserved 1048576K
Event: 6.469 GC heap after
Heap after GC invocations=4 (full 2):
 PSYoungGen      total 611840K, used 0K [0x00000000d5580000, 0x0000000100000000, 0x0000000100000000)
  eden space 524800K, 0% used [0x00000000d5580000,0x00000000d5580000,0x00000000f5600000)
  from space 87040K, 0% used [0x00000000fab00000,0x00000000fab00000,0x0000000100000000)
  to   space 87040K, 0% used [0x00000000f5600000,0x00000000f5600000,0x00000000fab00000)
 ParOldGen       total 1398272K, used 23590K [0x0000000080000000, 0x00000000d5580000, 0x00000000d5580000)
  object space 1398272K, 1% used [0x0000000080000000,0x0000000081709868,0x00000000d5580000)
 Metaspace       used 34821K, capacity 35156K, committed 35416K, reserved 1081344K
  class space    used 3966K, capacity 4060K, committed 4096K, reserved 1048576K
}
Event: 9.813 GC heap before
{Heap before GC invocations=5 (full 2):
 PSYoungGen      total 611840K, used 524800K [0x00000000d5580000, 0x0000000100000000, 0x0000000100000000)
  eden space 524800K, 100% used [0x00000000d5580000,0x00000000f5600000,0x00000000f5600000)
  from space 87040K, 0% used [0x00000000fab00000,0x00000000fab00000,0x0000000100000000)
  to   space 87040K, 0% used [0x00000000f5600000,0x00000000f5600000,0x00000000fab00000)
 ParOldGen       total 1398272K, used 23590K [0x0000000080000000, 0x00000000d5580000, 0x00000000d5580000)
  object space 1398272K, 1% used [0x0000000080000000,0x0000000081709868,0x00000000d5580000)
 Metaspace       used 44932K, capacity 45956K, committed 46208K, reserved 1089536K
  class space    used 5172K, capacity 5404K, committed 5504K, reserved 1048576K
Event: 9.847 GC heap after
Heap after GC invocations=5 (full 2):
 PSYoungGen      total 611840K, used 20464K [0x00000000d5580000, 0x0000000100000000, 0x0000000100000000)
  eden space 524800K, 0% used [0x00000000d5580000,0x00000000d5580000,0x00000000f5600000)
  from space 87040K, 23% used [0x00000000f5600000,0x00000000f69fc0d0,0x00000000fab00000)
  to   space 87040K, 0% used [0x00000000fab00000,0x00000000fab00000,0x0000000100000000)
 ParOldGen       total 1398272K, used 23598K [0x0000000080000000, 0x00000000d5580000, 0x00000000d5580000)
  object space 1398272K, 1% used [0x0000000080000000,0x000000008170b868,0x00000000d5580000)
 Metaspace       used 44932K, capacity 45956K, committed 46208K, reserved 1089536K
  class space    used 5172K, capacity 5404K, committed 5504K, reserved 1048576K
}
Event: 13.546 GC heap before
{Heap before GC invocations=6 (full 2):
 PSYoungGen      total 611840K, used 247475K [0x00000000d5580000, 0x0000000100000000, 0x0000000100000000)
  eden space 524800K, 43% used [0x00000000d5580000,0x00000000e3330cd8,0x00000000f5600000)
  from space 87040K, 23% used [0x00000000f5600000,0x00000000f69fc0d0,0x00000000fab00000)
  to   space 87040K, 0% used [0x00000000fab00000,0x00000000fab00000,0x0000000100000000)
 ParOldGen       total 1398272K, used 23598K [0x0000000080000000, 0x00000000d5580000, 0x00000000d5580000)
  object space 1398272K, 1% used [0x0000000080000000,0x000000008170b868,0x00000000d5580000)
 Metaspace       used 57512K, capacity 58980K, committed 59028K, reserved 1101824K
  class space    used 6604K, capacity 6874K, committed 6912K, reserved 1048576K
Event: 13.589 GC heap after
Heap after GC invocations=6 (full 2):
 PSYoungGen      total 611840K, used 28887K [0x00000000d5580000, 0x0000000100000000, 0x0000000100000000)
  eden space 524800K, 0% used [0x00000000d5580000,0x00000000d5580000,0x00000000f5600000)
  from space 87040K, 33% used [0x00000000fab00000,0x00000000fc735fd0,0x0000000100000000)
  to   space 87040K, 0% used [0x00000000f5600000,0x00000000f5600000,0x00000000fab00000)
 ParOldGen       total 1398272K, used 23606K [0x0000000080000000, 0x00000000d5580000, 0x00000000d5580000)
  object space 1398272K, 1% used [0x0000000080000000,0x000000008170d868,0x00000000d5580000)
 Metaspace       used 57512K, capacity 58980K, committed 59028K, reserved 1101824K
  class space    used 6604K, capacity 6874K, committed 6912K, reserved 1048576K
}
Event: 13.589 GC heap before
{Heap before GC invocations=7 (full 3):
 PSYoungGen      total 611840K, used 28887K [0x00000000d5580000, 0x0000000100000000, 0x0000000100000000)
  eden space 524800K, 0% used [0x00000000d5580000,0x00000000d5580000,0x00000000f5600000)
  from space 87040K, 33% used [0x00000000fab00000,0x00000000fc735fd0,0x0000000100000000)
  to   space 87040K, 0% used [0x00000000f5600000,0x00000000f5600000,0x00000000fab00000)
 ParOldGen       total 1398272K, used 23606K [0x0000000080000000, 0x00000000d5580000, 0x00000000d5580000)
  object space 1398272K, 1% used [0x0000000080000000,0x000000008170d868,0x00000000d5580000)
 Metaspace       used 57512K, capacity 58980K, committed 59028K, reserved 1101824K
  class space    used 6604K, capacity 6874K, committed 6912K, reserved 1048576K
Event: 13.859 GC heap after
Heap after GC invocations=7 (full 3):
 PSYoungGen      total 611840K, used 0K [0x00000000d5580000, 0x0000000100000000, 0x0000000100000000)
  eden space 524800K, 0% used [0x00000000d5580000,0x00000000d5580000,0x00000000f5600000)
  from space 87040K, 0% used [0x00000000fab00000,0x00000000fab00000,0x0000000100000000)
  to   space 87040K, 0% used [0x00000000f5600000,0x00000000f5600000,0x00000000fab00000)
 ParOldGen       total 1398272K, used 40162K [0x0000000080000000, 0x00000000d5580000, 0x00000000d5580000)
  object space 1398272K, 2% used [0x0000000080000000,0x00000000827389b8,0x00000000d5580000)
 Metaspace       used 57476K, capacity 58888K, committed 59028K, reserved 1101824K
  class space    used 6591K, capacity 6852K, committed 6912K, reserved 1048576K
}
Event: 24.679 GC heap before
{Heap before GC invocations=8 (full 3):
 PSYoungGen      total 611840K, used 524800K [0x00000000d5580000, 0x0000000100000000, 0x0000000100000000)
  eden space 524800K, 100% used [0x00000000d5580000,0x00000000f5600000,0x00000000f5600000)
  from space 87040K, 0% used [0x00000000fab00000,0x00000000fab00000,0x0000000100000000)
  to   space 87040K, 0% used [0x00000000f5600000,0x00000000f5600000,0x00000000fab00000)
 ParOldGen       total 1398272K, used 40162K [0x0000000080000000, 0x00000000d5580000, 0x00000000d5580000)
  object space 1398272K, 2% used [0x0000000080000000,0x00000000827389b8,0x00000000d5580000)
 Metaspace       used 65653K, capacity 69974K, committed 70144K, reserved 1112064K
  class space    used 7641K, capacity 8361K, committed 8448K, reserved 1048576K
Event: 24.810 GC heap after
Heap after GC invocations=8 (full 3):
 PSYoungGen      total 611840K, used 87026K [0x00000000d5580000, 0x0000000100000000, 0x0000000100000000)
  eden space 524800K, 0% used [0x00000000d5580000,0x00000000d5580000,0x00000000f5600000)
  from space 87040K, 99% used [0x00000000f5600000,0x00000000faafca68,0x00000000fab00000)
  to   space 87040K, 0% used [0x00000000fab00000,0x00000000fab00000,0x0000000100000000)
 ParOldGen       total 1398272K, used 84472K [0x0000000080000000, 0x00000000d5580000, 0x00000000d5580000)
  object space 1398272K, 6% used [0x0000000080000000,0x000000008527e140,0x00000000d5580000)
 Metaspace       used 65653K, capacity 69974K, committed 70144K, reserved 1112064K
  class space    used 7641K, capacity 8361K, committed 8448K, reserved 1048576K
}

