# JRE version: OpenJDK Runtime Environment (8.0_212-b04) (build 1.8.0_212-b04)
# Java VM: OpenJDK 64-Bit Server VM (25.212-b04 mixed mode linux-amd64 compressed oops)
Heap:
 PSYoungGen      total 475648K, used 436265K [0x00000000d5580000, 0x0000000100000000, 0x0000000100000000)
  eden space 385536K, 89% used [0x00000000d5580000,0x00000000ea78b618,0x00000000ece00000)
  from space 90112K, 99% used [0x00000000fa800000,0x00000000fffff098,0x0000000100000000)
  to   space 156672K, 0% used [0x00000000ece00000,0x00000000ece00000,0x00000000f6700000)
 ParOldGen       total 1398272K, used 111722K [0x0000000080000000, 0x00000000d5580000, 0x00000000d5580000)
  object space 1398272K, 7% used [0x0000000080000000,0x0000000086d1a880,0x00000000d5580000)
 Metaspace       used 66594K, capacity 69772K, committed 70016K, reserved 1112064K
  class space    used 7503K, capacity 8042K, committed 8064K, reserved 1048576K
GC Heap History (10 events):
Event: 11.912 GC heap before
{Heap before GC invocations=5 (full 2):
 PSYoungGen      total 611840K, used 489769K [0x00000000d5580000, 0x0000000100000000, 0x0000000100000000)
  eden space 524800K, 93% used [0x00000000d5580000,0x00000000f33ca558,0x00000000f5600000)
  from space 87040K, 0% used [0x00000000fab00000,0x00000000fab00000,0x0000000100000000)
  to   space 87040K, 0% used [0x00000000f5600000,0x00000000f5600000,0x00000000fab00000)
 ParOldGen       total 1398272K, used 23541K [0x0000000080000000, 0x00000000d5580000, 0x00000000d5580000)
  object space 1398272K, 1% used [0x0000000080000000,0x00000000816fd5e8,0x00000000d5580000)
 Metaspace       used 57469K, capacity 58864K, committed 59028K, reserved 1101824K
  class space    used 6634K, capacity 6888K, committed 6912K, reserved 1048576K
Event: 11.982 GC heap after
Heap after GC invocations=5 (full 2):
 PSYoungGen      total 611840K, used 33909K [0x00000000d5580000, 0x0000000100000000, 0x0000000100000000)
  eden space 524800K, 0% used [0x00000000d5580000,0x00000000d5580000,0x00000000f5600000)
  from space 87040K, 38% used [0x00000000f5600000,0x00000000f771d4a8,0x00000000fab00000)
  to   space 87040K, 0% used [0x00000000fab00000,0x00000000fab00000,0x0000000100000000)
 ParOldGen       total 1398272K, used 23549K [0x0000000080000000, 0x00000000d5580000, 0x00000000d5580000)
  object space 1398272K, 1% used [0x0000000080000000,0x00000000816ff5e8,0x00000000d5580000)
 Metaspace       used 57469K, capacity 58864K, committed 59028K, reserved 1101824K
  class space    used 6634K, capacity 6888K, committed 6912K, reserved 1048576K
}
Event: 11.982 GC heap before
{Heap before GC invocations=6 (full 3):
 PSYoungGen      total 611840K, used 33909K [0x00000000d5580000, 0x0000000100000000, 0x0000000100000000)
  eden space 524800K, 0% used [0x00000000d5580000,0x00000000d5580000,0x00000000f5600000)
  from space 87040K, 38% used [0x00000000f5600000,0x00000000f771d4a8,0x00000000fab00000)
  to   space 87040K, 0% used [0x00000000fab00000,0x00000000fab00000,0x0000000100000000)
 ParOldGen       total 1398272K, used 23549K [0x0000000080000000, 0x00000000d5580000, 0x00000000d5580000)
  object space 1398272K, 1% used [0x0000000080000000,0x00000000816ff5e8,0x00000000d5580000)
 Metaspace       used 57469K, capacity 58864K, committed 59028K, reserved 1101824K
  class space    used 6634K, capacity 6888K, committed 6912K, reserved 1048576K
Event: 12.251 GC heap after
Heap after GC invocations=6 (full 3):
 PSYoungGen      total 611840K, used 0K [0x00000000d5580000, 0x0000000100000000, 0x0000000100000000)
  eden space 524800K, 0% used [0x00000000d5580000,0x00000000d5580000,0x00000000f5600000)
  from space 87040K, 0% used [0x00000000f5600000,0x00000000f5600000,0x00000000fab00000)
  to   space 87040K, 0% used [0x00000000fab00000,0x00000000fab00000,0x0000000100000000)
 ParOldGen       total 1398272K, used 44370K [0x0000000080000000, 0x00000000d5580000, 0x00000000d5580000)
  object space 1398272K, 3% used [0x0000000080000000,0x0000000082b54830,0x00000000d5580000)
 Metaspace       used 57406K, capacity 58712K, committed 59028K, reserved 1101824K
  class space    used 6612K, capacity 6850K, committed 6912K, reserved 1048576K
}
Event: 25.711 GC heap before
{Heap before GC invocations=7 (full 3):
 PSYoungGen      total 611840K, used 491592K [0x00000000d5580000, 0x0000000100000000, 0x0000000100000000)
  eden space 524800K, 93% used [0x00000000d5580000,0x00000000f3592370,0x00000000f5600000)
  from space 87040K, 0% used [0x00000000f5600000,0x00000000f5600000,0x00000000fab00000)
  to   space 87040K, 0% used [0x00000000fab00000,0x00000000fab00000,0x0000000100000000)
 ParOldGen       total 1398272K, used 44370K [0x0000000080000000, 0x00000000d5580000, 0x00000000d5580000)
  object space 1398272K, 3% used [0x0000000080000000,0x0000000082b54830,0x00000000d5580000)
 Metaspace       used 64978K, capacity 67796K, committed 67840K, reserved 1110016K
  class space    used 7429K, capacity 7930K, committed 7936K, reserved 1048576K
Event: 25.792 GC heap after
Heap after GC invocations=7 (full 3):
 PSYoungGen      total 611840K, used 79471K [0x00000000d5580000, 0x0000000100000000, 0x0000000100000000)
  eden space 524800K, 0% used [0x00000000d5580000,0x00000000d5580000,0x00000000f5600000)
  from space 87040K, 91% used [0x00000000fab00000,0x00000000ff89bd80,0x0000000100000000)
  to   space 87040K, 0% used [0x00000000f5600000,0x00000000f5600000,0x00000000fab00000)
 ParOldGen       total 1398272K, used 44370K [0x0000000080000000, 0x00000000d5580000, 0x00000000d5580000)
  object space 1398272K, 3% used [0x0000000080000000,0x0000000082b54830,0x00000000d5580000)
 Metaspace       used 64978K, capacity 67796K, committed 67840K, reserved 1110016K
  class space    used 7429K, capacity 7930K, committed 7936K, reserved 1048576K
}
Event: 31.203 GC heap before
{Heap before GC invocations=8 (full 3):
 PSYoungGen      total 611840K, used 601228K [0x00000000d5580000, 0x0000000100000000, 0x0000000100000000)
  eden space 524800K, 99% used [0x00000000d5580000,0x00000000f53074e8,0x00000000f5600000)
  from space 87040K, 91% used [0x00000000fab00000,0x00000000ff89bd80,0x0000000100000000)
  to   space 87040K, 0% used [0x00000000f5600000,0x00000000f5600000,0x00000000fab00000)
 ParOldGen       total 1398272K, used 44370K [0x0000000080000000, 0x00000000d5580000, 0x00000000d5580000)
  object space 1398272K, 3% used [0x0000000080000000,0x0000000082b54830,0x00000000d5580000)
 Metaspace       used 66017K, capacity 69088K, committed 69248K, reserved 1110016K
  class space    used 7481K, capacity 8010K, committed 8064K, reserved 1048576K
Event: 31.277 GC heap after
Heap after GC invocations=8 (full 3):
 PSYoungGen      total 608768K, used 83959K [0x00000000d5580000, 0x0000000100000000, 0x0000000100000000)
  eden space 524800K, 0% used [0x00000000d5580000,0x00000000d5580000,0x00000000f5600000)
  from space 83968K, 99% used [0x00000000f5600000,0x00000000fa7fde58,0x00000000fa800000)
  to   space 90112K, 0% used [0x00000000fa800000,0x00000000fa800000,0x0000000100000000)
 ParOldGen       total 1398272K, used 44370K [0x0000000080000000, 0x00000000d5580000, 0x00000000d5580000)
  object space 1398272K, 3% used [0x0000000080000000,0x0000000082b54830,0x00000000d5580000)
 Metaspace       used 66017K, capacity 69088K, committed 69248K, reserved 1110016K
  class space    used 7481K, capacity 8010K, committed 8064K, reserved 1048576K
}
Event: 34.456 GC heap before
{Heap before GC invocations=9 (full 3):
 PSYoungGen      total 608768K, used 603743K [0x00000000d5580000, 0x0000000100000000, 0x0000000100000000)
  eden space 524800K, 99% used [0x00000000d5580000,0x00000000f5119f30,0x00000000f5600000)
  from space 83968K, 99% used [0x00000000f5600000,0x00000000fa7fde58,0x00000000fa800000)
  to   space 90112K, 0% used [0x00000000fa800000,0x00000000fa800000,0x0000000100000000)
 ParOldGen       total 1398272K, used 44370K [0x0000000080000000, 0x00000000d5580000, 0x00000000d5580000)
  object space 1398272K, 3% used [0x0000000080000000,0x0000000082b54830,0x00000000d5580000)
 Metaspace       used 66497K, capacity 69702K, committed 69760K, reserved 1112064K
  class space    used 7501K, capacity 8041K, committed 8064K, reserved 1048576K
Event: 34.549 GC heap after
Heap after GC invocations=9 (full 3):
 PSYoungGen      total 475648K, used 90108K [0x00000000d5580000, 0x0000000100000000, 0x0000000100000000)
  eden space 385536K, 0% used [0x00000000d5580000,0x00000000d5580000,0x00000000ece00000)
  from space 90112K, 99% used [0x00000000fa800000,0x00000000fffff098,0x0000000100000000)
  to   space 156672K, 0% used [0x00000000ece00000,0x00000000ece00000,0x00000000f6700000)
 ParOldGen       total 1398272K, used 111722K [0x0000000080000000, 0x00000000d5580000, 0x00000000d5580000)
  object space 1398272K, 7% used [0x0000000080000000,0x0000000086d1a880,0x00000000d5580000)
 Metaspace       used 66497K, capacity 69702K, committed 69760K, reserved 1112064K
  class space    used 7501K, capacity 8041K, committed 8064K, reserved 1048576K
}

