# JRE version: OpenJDK Runtime Environment (8.0_212-b04) (build 1.8.0_212-b04)
# Java VM: OpenJDK 64-Bit Server VM (25.212-b04 mixed mode linux-amd64 compressed oops)
Heap:
 PSYoungGen      total 611840K, used 577459K [0x00000000d5580000, 0x0000000100000000, 0x0000000100000000)
  eden space 524800K, 96% used [0x00000000d5580000,0x00000000f465cdf8,0x00000000f5600000)
  from space 87040K, 78% used [0x00000000fab00000,0x00000000fee100b0,0x0000000100000000)
  to   space 87040K, 0% used [0x00000000f5600000,0x00000000f5600000,0x00000000fab00000)
 ParOldGen       total 1398272K, used 44392K [0x0000000080000000, 0x00000000d5580000, 0x00000000d5580000)
  object space 1398272K, 3% used [0x0000000080000000,0x0000000082b5a0e8,0x00000000d5580000)
 Metaspace       used 68171K, capacity 71466K, committed 71808K, reserved 1112064K
  class space    used 7633K, capacity 8213K, committed 8320K, reserved 1048576K
GC Heap History (10 events):
Event: 3.873 GC heap before
{Heap before GC invocations=3 (full 1):
 PSYoungGen      total 611840K, used 434547K [0x00000000d5580000, 0x0000000100000000, 0x0000000100000000)
  eden space 524800K, 82% used [0x00000000d5580000,0x00000000efddcfc8,0x00000000f5600000)
  from space 87040K, 0% used [0x00000000f5600000,0x00000000f5600000,0x00000000fab00000)
  to   space 87040K, 0% used [0x00000000fab00000,0x00000000fab00000,0x0000000100000000)
 ParOldGen       total 904192K, used 13730K [0x0000000080000000, 0x00000000b7300000, 0x00000000d5580000)
  object space 904192K, 1% used [0x0000000080000000,0x0000000080d68b78,0x00000000b7300000)
 Metaspace       used 34774K, capacity 35124K, committed 35416K, reserved 1081344K
  class space    used 3976K, capacity 4092K, committed 4096K, reserved 1048576K
Event: 3.907 GC heap after
Heap after GC invocations=3 (full 1):
 PSYoungGen      total 611840K, used 19335K [0x00000000d5580000, 0x0000000100000000, 0x0000000100000000)
  eden space 524800K, 0% used [0x00000000d5580000,0x00000000d5580000,0x00000000f5600000)
  from space 87040K, 22% used [0x00000000fab00000,0x00000000fbde1d90,0x0000000100000000)
  to   space 87040K, 0% used [0x00000000f5600000,0x00000000f5600000,0x00000000fab00000)
 ParOldGen       total 904192K, used 13738K [0x0000000080000000, 0x00000000b7300000, 0x00000000d5580000)
  object space 904192K, 1% used [0x0000000080000000,0x0000000080d6ab78,0x00000000b7300000)
 Metaspace       used 34774K, capacity 35124K, committed 35416K, reserved 1081344K
  class space    used 3976K, capacity 4092K, committed 4096K, reserved 1048576K
}
Event: 3.907 GC heap before
{Heap before GC invocations=4 (full 2):
 PSYoungGen      total 611840K, used 19335K [0x00000000d5580000, 0x0000000100000000, 0x0000000100000000)
  eden space 524800K, 0% used [0x00000000d5580000,0x00000000d5580000,0x00000000f5600000)
  from space 87040K, 22% used [0x00000000fab00000,0x00000000fbde1d90,0x0000000100000000)
  to   space 87040K, 0% used [0x00000000f5600000,0x00000000f5600000,0x00000000fab00000)
 ParOldGen       total 904192K, used 13738K [0x0000000080000000, 0x00000000b7300000, 0x00000000d5580000)
  object space 904192K, 1% used [0x0000000080000000,0x0000000080d6ab78,0x00000000b7300000)
 Metaspace       used 34774K, capacity 35124K, committed 35416K, reserved 1081344K
  class space    used 3976K, capacity 4092K, committed 4096K, reserved 1048576K
Event: 4.001 GC heap after
Heap after GC invocations=4 (full 2):
 PSYoungGen      total 611840K, used 0K [0x00000000d5580000, 0x0000000100000000, 0x0000000100000000)
  eden space 524800K, 0% used [0x00000000d5580000,0x00000000d5580000,0x00000000f5600000)
  from space 87040K, 0% used [0x00000000fab00000,0x00000000fab00000,0x0000000100000000)
  to   space 87040K, 0% used [0x00000000f5600000,0x00000000f5600000,0x00000000fab00000)
 ParOldGen       total 1398272K, used 23590K [0x0000000080000000, 0x00000000d5580000, 0x00000000d5580000)
  object space 1398272K, 1% used [0x0000000080000000,0x00000000817099c0,0x00000000d5580000)
 Metaspace       used 34774K, capacity 35124K, committed 35416K, reserved 1081344K
  class space    used 3976K, capacity 4092K, committed 4096K, reserved 1048576K
}
Event: 10.996 GC heap before
{Heap before GC invocations=5 (full 2):
 PSYoungGen      total 611840K, used 512012K [0x00000000d5580000, 0x0000000100000000, 0x0000000100000000)
  eden space 524800K, 97% used [0x00000000d5580000,0x00000000f4983188,0x00000000f5600000)
  from space 87040K, 0% used [0x00000000fab00000,0x00000000fab00000,0x0000000100000000)
  to   space 87040K, 0% used [0x00000000f5600000,0x00000000f5600000,0x00000000fab00000)
 ParOldGen       total 1398272K, used 23590K [0x0000000080000000, 0x00000000d5580000, 0x00000000d5580000)
  object space 1398272K, 1% used [0x0000000080000000,0x00000000817099c0,0x00000000d5580000)
 Metaspace       used 57400K, capacity 58900K, committed 59008K, reserved 1101824K
  class space    used 6648K, capacity 6938K, committed 7040K, reserved 1048576K
Event: 11.077 GC heap after
Heap after GC invocations=5 (full 2):
 PSYoungGen      total 611840K, used 33786K [0x00000000d5580000, 0x0000000100000000, 0x0000000100000000)
  eden space 524800K, 0% used [0x00000000d5580000,0x00000000d5580000,0x00000000f5600000)
  from space 87040K, 38% used [0x00000000f5600000,0x00000000f76fea40,0x00000000fab00000)
  to   space 87040K, 0% used [0x00000000fab00000,0x00000000fab00000,0x0000000100000000)
 ParOldGen       total 1398272K, used 23598K [0x0000000080000000, 0x00000000d5580000, 0x00000000d5580000)
  object space 1398272K, 1% used [0x0000000080000000,0x000000008170b9c0,0x00000000d5580000)
 Metaspace       used 57400K, capacity 58900K, committed 59008K, reserved 1101824K
  class space    used 6648K, capacity 6938K, committed 7040K, reserved 1048576K
}
Event: 11.077 GC heap before
{Heap before GC invocations=6 (full 3):
 PSYoungGen      total 611840K, used 33786K [0x00000000d5580000, 0x0000000100000000, 0x0000000100000000)
  eden space 524800K, 0% used [0x00000000d5580000,0x00000000d5580000,0x00000000f5600000)
  from space 87040K, 38% used [0x00000000f5600000,0x00000000f76fea40,0x00000000fab00000)
  to   space 87040K, 0% used [0x00000000fab00000,0x00000000fab00000,0x0000000100000000)
 ParOldGen       total 1398272K, used 23598K [0x0000000080000000, 0x00000000d5580000, 0x00000000d5580000)
  object space 1398272K, 1% used [0x0000000080000000,0x000000008170b9c0,0x00000000d5580000)
 Metaspace       used 57400K, capacity 58900K, committed 59008K, reserved 1101824K
  class space    used 6648K, capacity 6938K, committed 7040K, reserved 1048576K
Event: 11.378 GC heap after
Heap after GC invocations=6 (full 3):
 PSYoungGen      total 611840K, used 0K [0x00000000d5580000, 0x0000000100000000, 0x0000000100000000)
  eden space 524800K, 0% used [0x00000000d5580000,0x00000000d5580000,0x00000000f5600000)
  from space 87040K, 0% used [0x00000000f5600000,0x00000000f5600000,0x00000000fab00000)
  to   space 87040K, 0% used [0x00000000fab00000,0x00000000fab00000,0x0000000100000000)
 ParOldGen       total 1398272K, used 44384K [0x0000000080000000, 0x00000000d5580000, 0x00000000d5580000)
  object space 1398272K, 3% used [0x0000000080000000,0x0000000082b580e8,0x00000000d5580000)
 Metaspace       used 57362K, capacity 58808K, committed 59008K, reserved 1101824K
  class space    used 6635K, capacity 6916K, committed 7040K, reserved 1048576K
}
Event: 60.004 GC heap before
{Heap before GC invocations=7 (full 3):
 PSYoungGen      total 611840K, used 524800K [0x00000000d5580000, 0x0000000100000000, 0x0000000100000000)
  eden space 524800K, 100% used [0x00000000d5580000,0x00000000f5600000,0x00000000f5600000)
  from space 87040K, 0% used [0x00000000f5600000,0x00000000f5600000,0x00000000fab00000)
  to   space 87040K, 0% used [0x00000000fab00000,0x00000000fab00000,0x0000000100000000)
 ParOldGen       total 1398272K, used 44384K [0x0000000080000000, 0x00000000d5580000, 0x00000000d5580000)
  object space 1398272K, 3% used [0x0000000080000000,0x0000000082b580e8,0x00000000d5580000)
 Metaspace       used 66145K, capacity 69328K, committed 69376K, reserved 1110016K
  class space    used 7581K, capacity 8148K, committed 8192K, reserved 1048576K
Event: 60.118 GC heap after
Heap after GC invocations=7 (full 3):
 PSYoungGen      total 611840K, used 68672K [0x00000000d5580000, 0x0000000100000000, 0x0000000100000000)
  eden space 524800K, 0% used [0x00000000d5580000,0x00000000d5580000,0x00000000f5600000)
  from space 87040K, 78% used [0x00000000fab00000,0x00000000fee100b0,0x0000000100000000)
  to   space 87040K, 0% used [0x00000000f5600000,0x00000000f5600000,0x00000000fab00000)
 ParOldGen       total 1398272K, used 44392K [0x0000000080000000, 0x00000000d5580000, 0x00000000d5580000)
  object space 1398272K, 3% used [0x0000000080000000,0x0000000082b5a0e8,0x00000000d5580000)
 Metaspace       used 66145K, capacity 69328K, committed 69376K, reserved 1110016K
  class space    used 7581K, capacity 8148K, committed 8192K, reserved 1048576K
}

