# JRE version: OpenJDK Runtime Environment (8.0_212-b04) (build 1.8.0_212-b04)
# Java VM: OpenJDK 64-Bit Server VM (25.212-b04 mixed mode linux-amd64 compressed oops)
Heap:
 PSYoungGen      total 611840K, used 368608K [0x00000000d5580000, 0x0000000100000000, 0x0000000100000000)
  eden space 524800K, 70% used [0x00000000d5580000,0x00000000ebd781a8,0x00000000f5600000)
  from space 87040K, 0% used [0x00000000fab00000,0x00000000fab00000,0x0000000100000000)
  to   space 87040K, 0% used [0x00000000f5600000,0x00000000f5600000,0x00000000fab00000)
 ParOldGen       total 1398272K, used 30563K [0x0000000080000000, 0x00000000d5580000, 0x00000000d5580000)
  object space 1398272K, 2% used [0x0000000080000000,0x0000000081dd8c30,0x00000000d5580000)
 Metaspace       used 67807K, capacity 70908K, committed 71168K, reserved 1112064K
  class space    used 7757K, capacity 8322K, committed 8448K, reserved 1048576K
GC Heap History (10 events):
Event: 5.867 GC heap before
{Heap before GC invocations=3 (full 1):
 PSYoungGen      total 611840K, used 419849K [0x00000000d5580000, 0x0000000100000000, 0x0000000100000000)
  eden space 524800K, 80% used [0x00000000d5580000,0x00000000eef82718,0x00000000f5600000)
  from space 87040K, 0% used [0x00000000f5600000,0x00000000f5600000,0x00000000fab00000)
  to   space 87040K, 0% used [0x00000000fab00000,0x00000000fab00000,0x0000000100000000)
 ParOldGen       total 869888K, used 18632K [0x0000000080000000, 0x00000000b5180000, 0x00000000d5580000)
  object space 869888K, 2% used [0x0000000080000000,0x0000000081232258,0x00000000b5180000)
 Metaspace       used 34762K, capacity 35154K, committed 35456K, reserved 1081344K
  class space    used 3970K, capacity 4101K, committed 4224K, reserved 1048576K
Event: 5.897 GC heap after
Heap after GC invocations=3 (full 1):
 PSYoungGen      total 611840K, used 14296K [0x00000000d5580000, 0x0000000100000000, 0x0000000100000000)
  eden space 524800K, 0% used [0x00000000d5580000,0x00000000d5580000,0x00000000f5600000)
  from space 87040K, 16% used [0x00000000fab00000,0x00000000fb8f6020,0x0000000100000000)
  to   space 87040K, 0% used [0x00000000f5600000,0x00000000f5600000,0x00000000fab00000)
 ParOldGen       total 869888K, used 18640K [0x0000000080000000, 0x00000000b5180000, 0x00000000d5580000)
  object space 869888K, 2% used [0x0000000080000000,0x0000000081234258,0x00000000b5180000)
 Metaspace       used 34762K, capacity 35154K, committed 35456K, reserved 1081344K
  class space    used 3970K, capacity 4101K, committed 4224K, reserved 1048576K
}
Event: 5.897 GC heap before
{Heap before GC invocations=4 (full 2):
 PSYoungGen      total 611840K, used 14296K [0x00000000d5580000, 0x0000000100000000, 0x0000000100000000)
  eden space 524800K, 0% used [0x00000000d5580000,0x00000000d5580000,0x00000000f5600000)
  from space 87040K, 16% used [0x00000000fab00000,0x00000000fb8f6020,0x0000000100000000)
  to   space 87040K, 0% used [0x00000000f5600000,0x00000000f5600000,0x00000000fab00000)
 ParOldGen       total 869888K, used 18640K [0x0000000080000000, 0x00000000b5180000, 0x00000000d5580000)
  object space 869888K, 2% used [0x0000000080000000,0x0000000081234258,0x00000000b5180000)
 Metaspace       used 34762K, capacity 35154K, committed 35456K, reserved 1081344K
  class space    used 3970K, capacity 4101K, committed 4224K, reserved 1048576K
Event: 5.983 GC heap after
Heap after GC invocations=4 (full 2):
 PSYoungGen      total 611840K, used 0K [0x00000000d5580000, 0x0000000100000000, 0x0000000100000000)
  eden space 524800K, 0% used [0x00000000d5580000,0x00000000d5580000,0x00000000f5600000)
  from space 87040K, 0% used [0x00000000fab00000,0x00000000fab00000,0x0000000100000000)
  to   space 87040K, 0% used [0x00000000f5600000,0x00000000f5600000,0x00000000fab00000)
 ParOldGen       total 1398272K, used 22475K [0x0000000080000000, 0x00000000d5580000, 0x00000000d5580000)
  object space 1398272K, 1% used [0x0000000080000000,0x00000000815f2cb8,0x00000000d5580000)
 Metaspace       used 34762K, capacity 35154K, committed 35456K, reserved 1081344K
  class space    used 3970K, capacity 4101K, committed 4224K, reserved 1048576K
}
Event: 11.099 GC heap before
{Heap before GC invocations=5 (full 2):
 PSYoungGen      total 611840K, used 524800K [0x00000000d5580000, 0x0000000100000000, 0x0000000100000000)
  eden space 524800K, 100% used [0x00000000d5580000,0x00000000f5600000,0x00000000f5600000)
  from space 87040K, 0% used [0x00000000fab00000,0x00000000fab00000,0x0000000100000000)
  to   space 87040K, 0% used [0x00000000f5600000,0x00000000f5600000,0x00000000fab00000)
 ParOldGen       total 1398272K, used 22475K [0x0000000080000000, 0x00000000d5580000, 0x00000000d5580000)
  object space 1398272K, 1% used [0x0000000080000000,0x00000000815f2cb8,0x00000000d5580000)
 Metaspace       used 49844K, capacity 50960K, committed 51200K, reserved 1093632K
  class space    used 5861K, capacity 6082K, committed 6144K, reserved 1048576K
Event: 11.150 GC heap after
Heap after GC invocations=5 (full 2):
 PSYoungGen      total 611840K, used 22247K [0x00000000d5580000, 0x0000000100000000, 0x0000000100000000)
  eden space 524800K, 0% used [0x00000000d5580000,0x00000000d5580000,0x00000000f5600000)
  from space 87040K, 25% used [0x00000000f5600000,0x00000000f6bb9ff8,0x00000000fab00000)
  to   space 87040K, 0% used [0x00000000fab00000,0x00000000fab00000,0x0000000100000000)
 ParOldGen       total 1398272K, used 22483K [0x0000000080000000, 0x00000000d5580000, 0x00000000d5580000)
  object space 1398272K, 1% used [0x0000000080000000,0x00000000815f4cb8,0x00000000d5580000)
 Metaspace       used 49844K, capacity 50960K, committed 51200K, reserved 1093632K
  class space    used 5861K, capacity 6082K, committed 6144K, reserved 1048576K
}
Event: 12.138 GC heap before
{Heap before GC invocations=6 (full 2):
 PSYoungGen      total 611840K, used 167879K [0x00000000d5580000, 0x0000000100000000, 0x0000000100000000)
  eden space 524800K, 27% used [0x00000000d5580000,0x00000000de3b7c30,0x00000000f5600000)
  from space 87040K, 25% used [0x00000000f5600000,0x00000000f6bb9ff8,0x00000000fab00000)
  to   space 87040K, 0% used [0x00000000fab00000,0x00000000fab00000,0x0000000100000000)
 ParOldGen       total 1398272K, used 22483K [0x0000000080000000, 0x00000000d5580000, 0x00000000d5580000)
  object space 1398272K, 1% used [0x0000000080000000,0x00000000815f4cb8,0x00000000d5580000)
 Metaspace       used 57537K, capacity 58986K, committed 59096K, reserved 1101824K
  class space    used 6696K, capacity 6971K, committed 7040K, reserved 1048576K
Event: 12.171 GC heap after
Heap after GC invocations=6 (full 2):
 PSYoungGen      total 611840K, used 18197K [0x00000000d5580000, 0x0000000100000000, 0x0000000100000000)
  eden space 524800K, 0% used [0x00000000d5580000,0x00000000d5580000,0x00000000f5600000)
  from space 87040K, 20% used [0x00000000fab00000,0x00000000fbcc56c8,0x0000000100000000)
  to   space 87040K, 0% used [0x00000000f5600000,0x00000000f5600000,0x00000000fab00000)
 ParOldGen       total 1398272K, used 22491K [0x0000000080000000, 0x00000000d5580000, 0x00000000d5580000)
  object space 1398272K, 1% used [0x0000000080000000,0x00000000815f6cb8,0x00000000d5580000)
 Metaspace       used 57537K, capacity 58986K, committed 59096K, reserved 1101824K
  class space    used 6696K, capacity 6971K, committed 7040K, reserved 1048576K
}
Event: 12.171 GC heap before
{Heap before GC invocations=7 (full 3):
 PSYoungGen      total 611840K, used 18197K [0x00000000d5580000, 0x0000000100000000, 0x0000000100000000)
  eden space 524800K, 0% used [0x00000000d5580000,0x00000000d5580000,0x00000000f5600000)
  from space 87040K, 20% used [0x00000000fab00000,0x00000000fbcc56c8,0x0000000100000000)
  to   space 87040K, 0% used [0x00000000f5600000,0x00000000f5600000,0x00000000fab00000)
 ParOldGen       total 1398272K, used 22491K [0x0000000080000000, 0x00000000d5580000, 0x00000000d5580000)
  object space 1398272K, 1% used [0x0000000080000000,0x00000000815f6cb8,0x00000000d5580000)
 Metaspace       used 57537K, capacity 58986K, committed 59096K, reserved 1101824K
  class space    used 6696K, capacity 6971K, committed 7040K, reserved 1048576K
Event: 12.422 GC heap after
Heap after GC invocations=7 (full 3):
 PSYoungGen      total 611840K, used 0K [0x00000000d5580000, 0x0000000100000000, 0x0000000100000000)
  eden space 524800K, 0% used [0x00000000d5580000,0x00000000d5580000,0x00000000f5600000)
  from space 87040K, 0% used [0x00000000fab00000,0x00000000fab00000,0x0000000100000000)
  to   space 87040K, 0% used [0x00000000f5600000,0x00000000f5600000,0x00000000fab00000)
 ParOldGen       total 1398272K, used 30563K [0x0000000080000000, 0x00000000d5580000, 0x00000000d5580000)
  object space 1398272K, 2% used [0x0000000080000000,0x0000000081dd8c30,0x00000000d5580000)
 Metaspace       used 57439K, capacity 58750K, committed 59096K, reserved 1101824K
  class space    used 6662K, capacity 6911K, committed 7040K, reserved 1048576K
}

