# JRE version: OpenJDK Runtime Environment (8.0_212-b04) (build 1.8.0_212-b04)
# Java VM: OpenJDK 64-Bit Server VM (25.212-b04 mixed mode linux-amd64 compressed oops)
Heap:
 PSYoungGen      total 446976K, used 287866K [0x00000000d5580000, 0x0000000100000000, 0x0000000100000000)
  eden space 288256K, 44% used [0x00000000d5580000,0x00000000dd3a4af8,0x00000000e6f00000)
  from space 158720K, 99% used [0x00000000f6500000,0x00000000ffffa078,0x0000000100000000)
  to   space 205312K, 0% used [0x00000000e6f00000,0x00000000e6f00000,0x00000000f3780000)
 ParOldGen       total 1398272K, used 114212K [0x0000000080000000, 0x00000000d5580000, 0x00000000d5580000)
  object space 1398272K, 8% used [0x0000000080000000,0x0000000086f89158,0x00000000d5580000)
 Metaspace       used 69286K, capacity 72100K, committed 72448K, reserved 1114112K
  class space    used 7599K, capacity 8074K, committed 8192K, reserved 1048576K
GC Heap History (10 events):
Event: 112.560 GC heap before
{Heap before GC invocations=7 (full 3):
 PSYoungGen      total 611840K, used 524800K [0x00000000d5580000, 0x0000000100000000, 0x0000000100000000)
  eden space 524800K, 100% used [0x00000000d5580000,0x00000000f5600000,0x00000000f5600000)
  from space 87040K, 0% used [0x00000000f5600000,0x00000000f5600000,0x00000000fab00000)
  to   space 87040K, 0% used [0x00000000fab00000,0x00000000fab00000,0x0000000100000000)
 ParOldGen       total 1398272K, used 41954K [0x0000000080000000, 0x00000000d5580000, 0x00000000d5580000)
  object space 1398272K, 3% used [0x0000000080000000,0x00000000828f8a90,0x00000000d5580000)
 Metaspace       used 66800K, capacity 69504K, committed 69760K, reserved 1112064K
  class space    used 7542K, capacity 8002K, committed 8064K, reserved 1048576K
Event: 112.718 GC heap after
Heap after GC invocations=7 (full 3):
 PSYoungGen      total 611840K, used 66605K [0x00000000d5580000, 0x0000000100000000, 0x0000000100000000)
  eden space 524800K, 0% used [0x00000000d5580000,0x00000000d5580000,0x00000000f5600000)
  from space 87040K, 76% used [0x00000000fab00000,0x00000000fec0b540,0x0000000100000000)
  to   space 87040K, 0% used [0x00000000f5600000,0x00000000f5600000,0x00000000fab00000)
 ParOldGen       total 1398272K, used 41962K [0x0000000080000000, 0x00000000d5580000, 0x00000000d5580000)
  object space 1398272K, 3% used [0x0000000080000000,0x00000000828faa90,0x00000000d5580000)
 Metaspace       used 66800K, capacity 69504K, committed 69760K, reserved 1112064K
  class space    used 7542K, capacity 8002K, committed 8064K, reserved 1048576K
}
Event: 241.693 GC heap before
{Heap before GC invocations=8 (full 3):
 PSYoungGen      total 611840K, used 591014K [0x00000000d5580000, 0x0000000100000000, 0x0000000100000000)
  eden space 524800K, 99% used [0x00000000d5580000,0x00000000f559e530,0x00000000f5600000)
  from space 87040K, 76% used [0x00000000fab00000,0x00000000fec0b540,0x0000000100000000)
  to   space 87040K, 0% used [0x00000000f5600000,0x00000000f5600000,0x00000000fab00000)
 ParOldGen       total 1398272K, used 41962K [0x0000000080000000, 0x00000000d5580000, 0x00000000d5580000)
  object space 1398272K, 3% used [0x0000000080000000,0x00000000828faa90,0x00000000d5580000)
 Metaspace       used 67709K, capacity 70506K, committed 70784K, reserved 1112064K
  class space    used 7553K, capacity 8021K, committed 8064K, reserved 1048576K
Event: 241.808 GC heap after
Heap after GC invocations=8 (full 3):
 PSYoungGen      total 611840K, used 87021K [0x00000000d5580000, 0x0000000100000000, 0x0000000100000000)
  eden space 524800K, 0% used [0x00000000d5580000,0x00000000d5580000,0x00000000f5600000)
  from space 87040K, 99% used [0x00000000f5600000,0x00000000faafb7b0,0x00000000fab00000)
  to   space 87040K, 0% used [0x00000000fab00000,0x00000000fab00000,0x0000000100000000)
 ParOldGen       total 1398272K, used 61210K [0x0000000080000000, 0x00000000d5580000, 0x00000000d5580000)
  object space 1398272K, 4% used [0x0000000080000000,0x0000000083bc6a90,0x00000000d5580000)
 Metaspace       used 67709K, capacity 70506K, committed 70784K, reserved 1112064K
  class space    used 7553K, capacity 8021K, committed 8064K, reserved 1048576K
}
Event: 363.758 GC heap before
{Heap before GC invocations=9 (full 3):
 PSYoungGen      total 611840K, used 611821K [0x00000000d5580000, 0x0000000100000000, 0x0000000100000000)
  eden space 524800K, 100% used [0x00000000d5580000,0x00000000f5600000,0x00000000f5600000)
  from space 87040K, 99% used [0x00000000f5600000,0x00000000faafb7b0,0x00000000fab00000)
  to   space 87040K, 0% used [0x00000000fab00000,0x00000000fab00000,0x0000000100000000)
 ParOldGen       total 1398272K, used 61210K [0x0000000080000000, 0x00000000d5580000, 0x00000000d5580000)
  object space 1398272K, 4% used [0x0000000080000000,0x0000000083bc6a90,0x00000000d5580000)
 Metaspace       used 68551K, capacity 71380K, committed 71680K, reserved 1112064K
  class space    used 7594K, capacity 8074K, committed 8192K, reserved 1048576K
Event: 363.906 GC heap after
Heap after GC invocations=9 (full 3):
 PSYoungGen      total 482816K, used 87027K [0x00000000d5580000, 0x0000000100000000, 0x0000000100000000)
  eden space 395776K, 0% used [0x00000000d5580000,0x00000000d5580000,0x00000000ed800000)
  from space 87040K, 99% used [0x00000000fab00000,0x00000000ffffcdb8,0x0000000100000000)
  to   space 151552K, 0% used [0x00000000ed800000,0x00000000ed800000,0x00000000f6c00000)
 ParOldGen       total 1398272K, used 112788K [0x0000000080000000, 0x00000000d5580000, 0x00000000d5580000)
  object space 1398272K, 8% used [0x0000000080000000,0x0000000086e25158,0x00000000d5580000)
 Metaspace       used 68551K, capacity 71380K, committed 71680K, reserved 1112064K
  class space    used 7594K, capacity 8074K, committed 8192K, reserved 1048576K
}
Event: 452.680 GC heap before
{Heap before GC invocations=10 (full 3):
 PSYoungGen      total 482816K, used 482803K [0x00000000d5580000, 0x0000000100000000, 0x0000000100000000)
  eden space 395776K, 100% used [0x00000000d5580000,0x00000000ed800000,0x00000000ed800000)
  from space 87040K, 99% used [0x00000000fab00000,0x00000000ffffcdb8,0x0000000100000000)
  to   space 151552K, 0% used [0x00000000ed800000,0x00000000ed800000,0x00000000f6c00000)
 ParOldGen       total 1398272K, used 112788K [0x0000000080000000, 0x00000000d5580000, 0x00000000d5580000)
  object space 1398272K, 8% used [0x0000000080000000,0x0000000086e25158,0x00000000d5580000)
 Metaspace       used 68875K, capacity 71740K, committed 71936K, reserved 1114112K
  class space    used 7594K, capacity 8074K, committed 8192K, reserved 1048576K
Event: 452.859 GC heap after
Heap after GC invocations=10 (full 3):
 PSYoungGen      total 536064K, used 144163K [0x00000000d5580000, 0x0000000100000000, 0x0000000100000000)
  eden space 391680K, 0% used [0x00000000d5580000,0x00000000d5580000,0x00000000ed400000)
  from space 144384K, 99% used [0x00000000ed800000,0x00000000f64c8e58,0x00000000f6500000)
  to   space 158720K, 0% used [0x00000000f6500000,0x00000000f6500000,0x0000000100000000)
 ParOldGen       total 1398272K, used 112796K [0x0000000080000000, 0x00000000d5580000, 0x00000000d5580000)
  object space 1398272K, 8% used [0x0000000080000000,0x0000000086e27158,0x00000000d5580000)
 Metaspace       used 68875K, capacity 71740K, committed 71936K, reserved 1114112K
  class space    used 7594K, capacity 8074K, committed 8192K, reserved 1048576K
}
Event: 552.624 GC heap before
{Heap before GC invocations=11 (full 3):
 PSYoungGen      total 536064K, used 535843K [0x00000000d5580000, 0x0000000100000000, 0x0000000100000000)
  eden space 391680K, 100% used [0x00000000d5580000,0x00000000ed400000,0x00000000ed400000)
  from space 144384K, 99% used [0x00000000ed800000,0x00000000f64c8e58,0x00000000f6500000)
  to   space 158720K, 0% used [0x00000000f6500000,0x00000000f6500000,0x0000000100000000)
 ParOldGen       total 1398272K, used 112796K [0x0000000080000000, 0x00000000d5580000, 0x00000000d5580000)
  object space 1398272K, 8% used [0x0000000080000000,0x0000000086e27158,0x00000000d5580000)
 Metaspace       used 69202K, capacity 72028K, committed 72192K, reserved 1114112K
  class space    used 7599K, capacity 8074K, committed 8192K, reserved 1048576K
Event: 552.786 GC heap after
Heap after GC invocations=11 (full 3):
 PSYoungGen      total 446976K, used 158696K [0x00000000d5580000, 0x0000000100000000, 0x0000000100000000)
  eden space 288256K, 0% used [0x00000000d5580000,0x00000000d5580000,0x00000000e6f00000)
  from space 158720K, 99% used [0x00000000f6500000,0x00000000ffffa078,0x0000000100000000)
  to   space 205312K, 0% used [0x00000000e6f00000,0x00000000e6f00000,0x00000000f3780000)
 ParOldGen       total 1398272K, used 114212K [0x0000000080000000, 0x00000000d5580000, 0x00000000d5580000)
  object space 1398272K, 8% used [0x0000000080000000,0x0000000086f89158,0x00000000d5580000)
 Metaspace       used 69202K, capacity 72028K, committed 72192K, reserved 1114112K
  class space    used 7599K, capacity 8074K, committed 8192K, reserved 1048576K
}

