# JRE version: OpenJDK Runtime Environment (8.0_212-b04) (build 1.8.0_212-b04)
# Java VM: OpenJDK 64-Bit Server VM (25.212-b04 mixed mode linux-amd64 compressed oops)
Heap:
 PSYoungGen      total 610304K, used 196773K [0x00000000d5580000, 0x0000000100000000, 0x0000000100000000)
  eden space 535552K, 22% used [0x00000000d5580000,0x00000000dcca9eb0,0x00000000f6080000)
  from space 74752K, 99% used [0x00000000f6080000,0x00000000fa97f920,0x00000000fa980000)
  to   space 88576K, 0% used [0x00000000fa980000,0x00000000fa980000,0x0000000100000000)
 ParOldGen       total 1398272K, used 49648K [0x0000000080000000, 0x00000000d5580000, 0x00000000d5580000)
  object space 1398272K, 3% used [0x0000000080000000,0x000000008307c1c0,0x00000000d5580000)
 Metaspace       used 68632K, capacity 71818K, committed 72064K, reserved 1114112K
  class space    used 7628K, capacity 8201K, committed 8320K, reserved 1048576K
GC Heap History (10 events):
Event: 12.324 GC heap before
{Heap before GC invocations=6 (full 2):
 PSYoungGen      total 611840K, used 173208K [0x00000000d5580000, 0x0000000100000000, 0x0000000100000000)
  eden space 524800K, 28% used [0x00000000d5580000,0x00000000de67d490,0x00000000f5600000)
  from space 87040K, 28% used [0x00000000f5600000,0x00000000f6e28b90,0x00000000fab00000)
  to   space 87040K, 0% used [0x00000000fab00000,0x00000000fab00000,0x0000000100000000)
 ParOldGen       total 1398272K, used 23532K [0x0000000080000000, 0x00000000d5580000, 0x00000000d5580000)
  object space 1398272K, 1% used [0x0000000080000000,0x00000000816fb0d0,0x00000000d5580000)
 Metaspace       used 57276K, capacity 58940K, committed 59028K, reserved 1101824K
  class space    used 6614K, capacity 6898K, committed 6912K, reserved 1048576K
Event: 12.354 GC heap after
Heap after GC invocations=6 (full 2):
 PSYoungGen      total 611840K, used 22054K [0x00000000d5580000, 0x0000000100000000, 0x0000000100000000)
  eden space 524800K, 0% used [0x00000000d5580000,0x00000000d5580000,0x00000000f5600000)
  from space 87040K, 25% used [0x00000000fab00000,0x00000000fc089930,0x0000000100000000)
  to   space 87040K, 0% used [0x00000000f5600000,0x00000000f5600000,0x00000000fab00000)
 ParOldGen       total 1398272K, used 23540K [0x0000000080000000, 0x00000000d5580000, 0x00000000d5580000)
  object space 1398272K, 1% used [0x0000000080000000,0x00000000816fd0d0,0x00000000d5580000)
 Metaspace       used 57276K, capacity 58940K, committed 59028K, reserved 1101824K
  class space    used 6614K, capacity 6898K, committed 6912K, reserved 1048576K
}
Event: 12.354 GC heap before
{Heap before GC invocations=7 (full 3):
 PSYoungGen      total 611840K, used 22054K [0x00000000d5580000, 0x0000000100000000, 0x0000000100000000)
  eden space 524800K, 0% used [0x00000000d5580000,0x00000000d5580000,0x00000000f5600000)
  from space 87040K, 25% used [0x00000000fab00000,0x00000000fc089930,0x0000000100000000)
  to   space 87040K, 0% used [0x00000000f5600000,0x00000000f5600000,0x00000000fab00000)
 ParOldGen       total 1398272K, used 23540K [0x0000000080000000, 0x00000000d5580000, 0x00000000d5580000)
  object space 1398272K, 1% used [0x0000000080000000,0x00000000816fd0d0,0x00000000d5580000)
 Metaspace       used 57276K, capacity 58940K, committed 59028K, reserved 1101824K
  class space    used 6614K, capacity 6898K, committed 6912K, reserved 1048576K
Event: 12.619 GC heap after
Heap after GC invocations=7 (full 3):
 PSYoungGen      total 611840K, used 0K [0x00000000d5580000, 0x0000000100000000, 0x0000000100000000)
  eden space 524800K, 0% used [0x00000000d5580000,0x00000000d5580000,0x00000000f5600000)
  from space 87040K, 0% used [0x00000000fab00000,0x00000000fab00000,0x0000000100000000)
  to   space 87040K, 0% used [0x00000000f5600000,0x00000000f5600000,0x00000000fab00000)
 ParOldGen       total 1398272K, used 33528K [0x0000000080000000, 0x00000000d5580000, 0x00000000d5580000)
  object space 1398272K, 2% used [0x0000000080000000,0x00000000820be1a0,0x00000000d5580000)
 Metaspace       used 57201K, capacity 58742K, committed 59028K, reserved 1101824K
  class space    used 6588K, capacity 6851K, committed 6912K, reserved 1048576K
}
Event: 23.066 GC heap before
{Heap before GC invocations=8 (full 3):
 PSYoungGen      total 611840K, used 524800K [0x00000000d5580000, 0x0000000100000000, 0x0000000100000000)
  eden space 524800K, 100% used [0x00000000d5580000,0x00000000f5600000,0x00000000f5600000)
  from space 87040K, 0% used [0x00000000fab00000,0x00000000fab00000,0x0000000100000000)
  to   space 87040K, 0% used [0x00000000f5600000,0x00000000f5600000,0x00000000fab00000)
 ParOldGen       total 1398272K, used 33528K [0x0000000080000000, 0x00000000d5580000, 0x00000000d5580000)
  object space 1398272K, 2% used [0x0000000080000000,0x00000000820be1a0,0x00000000d5580000)
 Metaspace       used 65385K, capacity 68088K, committed 68352K, reserved 1110016K
  class space    used 7456K, capacity 7926K, committed 7936K, reserved 1048576K
Event: 23.219 GC heap after
Heap after GC invocations=8 (full 3):
 PSYoungGen      total 610304K, used 85443K [0x00000000d5580000, 0x00000000fe000000, 0x0000000100000000)
  eden space 524800K, 0% used [0x00000000d5580000,0x00000000d5580000,0x00000000f5600000)
  from space 85504K, 99% used [0x00000000f5600000,0x00000000fa970d90,0x00000000fa980000)
  to   space 55808K, 0% used [0x00000000fa980000,0x00000000fa980000,0x00000000fe000000)
 ParOldGen       total 1398272K, used 33528K [0x0000000080000000, 0x00000000d5580000, 0x00000000d5580000)
  object space 1398272K, 2% used [0x0000000080000000,0x00000000820be1a0,0x00000000d5580000)
 Metaspace       used 65385K, capacity 68088K, committed 68352K, reserved 1110016K
  class space    used 7456K, capacity 7926K, committed 7936K, reserved 1048576K
}
Event: 34.289 GC heap before
{Heap before GC invocations=9 (full 3):
 PSYoungGen      total 610304K, used 610243K [0x00000000d5580000, 0x00000000fe000000, 0x0000000100000000)
  eden space 524800K, 100% used [0x00000000d5580000,0x00000000f5600000,0x00000000f5600000)
  from space 85504K, 99% used [0x00000000f5600000,0x00000000fa970d90,0x00000000fa980000)
  to   space 55808K, 0% used [0x00000000fa980000,0x00000000fa980000,0x00000000fe000000)
 ParOldGen       total 1398272K, used 33528K [0x0000000080000000, 0x00000000d5580000, 0x00000000d5580000)
  object space 1398272K, 2% used [0x0000000080000000,0x00000000820be1a0,0x00000000d5580000)
 Metaspace       used 67014K, capacity 70064K, committed 70400K, reserved 1112064K
  class space    used 7577K, capacity 8096K, committed 8192K, reserved 1048576K
Event: 34.381 GC heap after
Heap after GC invocations=9 (full 3):
 PSYoungGen      total 591360K, used 51190K [0x00000000d5580000, 0x0000000100000000, 0x0000000100000000)
  eden space 535552K, 0% used [0x00000000d5580000,0x00000000d5580000,0x00000000f6080000)
  from space 55808K, 91% used [0x00000000fa980000,0x00000000fdb7db10,0x00000000fe000000)
  to   space 74752K, 0% used [0x00000000f6080000,0x00000000f6080000,0x00000000fa980000)
 ParOldGen       total 1398272K, used 33536K [0x0000000080000000, 0x00000000d5580000, 0x00000000d5580000)
  object space 1398272K, 2% used [0x0000000080000000,0x00000000820c01a0,0x00000000d5580000)
 Metaspace       used 67014K, capacity 70064K, committed 70400K, reserved 1112064K
  class space    used 7577K, capacity 8096K, committed 8192K, reserved 1048576K
}
Event: 79.803 GC heap before
{Heap before GC invocations=10 (full 3):
 PSYoungGen      total 591360K, used 586669K [0x00000000d5580000, 0x0000000100000000, 0x0000000100000000)
  eden space 535552K, 99% used [0x00000000d5580000,0x00000000f606dcd0,0x00000000f6080000)
  from space 55808K, 91% used [0x00000000fa980000,0x00000000fdb7db10,0x00000000fe000000)
  to   space 74752K, 0% used [0x00000000f6080000,0x00000000f6080000,0x00000000fa980000)
 ParOldGen       total 1398272K, used 33536K [0x0000000080000000, 0x00000000d5580000, 0x00000000d5580000)
  object space 1398272K, 2% used [0x0000000080000000,0x00000000820c01a0,0x00000000d5580000)
 Metaspace       used 68599K, capacity 71810K, committed 72064K, reserved 1114112K
  class space    used 7628K, capacity 8201K, committed 8320K, reserved 1048576K
Event: 80.000 GC heap after
Heap after GC invocations=10 (full 3):
 PSYoungGen      total 610304K, used 74750K [0x00000000d5580000, 0x0000000100000000, 0x0000000100000000)
  eden space 535552K, 0% used [0x00000000d5580000,0x00000000d5580000,0x00000000f6080000)
  from space 74752K, 99% used [0x00000000f6080000,0x00000000fa97f920,0x00000000fa980000)
  to   space 88576K, 0% used [0x00000000fa980000,0x00000000fa980000,0x0000000100000000)
 ParOldGen       total 1398272K, used 49648K [0x0000000080000000, 0x00000000d5580000, 0x00000000d5580000)
  object space 1398272K, 3% used [0x0000000080000000,0x000000008307c1c0,0x00000000d5580000)
 Metaspace       used 68599K, capacity 71810K, committed 72064K, reserved 1114112K
  class space    used 7628K, capacity 8201K, committed 8320K, reserved 1048576K
}

