# JRE version: OpenJDK Runtime Environment (8.0_212-b04) (build 1.8.0_212-b04)
# Java VM: OpenJDK 64-Bit Server VM (25.212-b04 mixed mode linux-amd64 compressed oops)
Heap:
 PSYoungGen      total 611840K, used 163956K [0x00000000d5580000, 0x0000000100000000, 0x0000000100000000)
  eden space 524800K, 31% used [0x00000000d5580000,0x00000000df5acd70,0x00000000f5600000)
  from space 87040K, 0% used [0x00000000f5600000,0x00000000f5600000,0x00000000fab00000)
  to   space 87040K, 0% used [0x00000000fab00000,0x00000000fab00000,0x0000000100000000)
 ParOldGen       total 1398272K, used 40183K [0x0000000080000000, 0x00000000d5580000, 0x00000000d5580000)
  object space 1398272K, 2% used [0x0000000080000000,0x000000008273de48,0x00000000d5580000)
 Metaspace       used 62803K, capacity 65284K, committed 65408K, reserved 1107968K
  class space    used 7285K, capacity 7742K, committed 7808K, reserved 1048576K
GC Heap History (10 events):
Event: 2.091 GC heap before
{Heap before GC invocations=2 (full 1):
 PSYoungGen      total 611840K, used 14371K [0x00000000d5580000, 0x0000000100000000, 0x0000000100000000)
  eden space 524800K, 0% used [0x00000000d5580000,0x00000000d5580000,0x00000000f5600000)
  from space 87040K, 16% used [0x00000000f5600000,0x00000000f6408e28,0x00000000fab00000)
  to   space 87040K, 0% used [0x00000000fab00000,0x00000000fab00000,0x0000000100000000)
 ParOldGen       total 1398272K, used 80K [0x0000000080000000, 0x00000000d5580000, 0x00000000d5580000)
  object space 1398272K, 0% used [0x0000000080000000,0x0000000080014010,0x00000000d5580000)
 Metaspace       used 20771K, capacity 21016K, committed 21248K, reserved 1069056K
  class space    used 2352K, capacity 2451K, committed 2560K, reserved 1048576K
Event: 2.176 GC heap after
Heap after GC invocations=2 (full 1):
 PSYoungGen      total 611840K, used 0K [0x00000000d5580000, 0x0000000100000000, 0x0000000100000000)
  eden space 524800K, 0% used [0x00000000d5580000,0x00000000d5580000,0x00000000f5600000)
  from space 87040K, 0% used [0x00000000f5600000,0x00000000f5600000,0x00000000fab00000)
  to   space 87040K, 0% used [0x00000000fab00000,0x00000000fab00000,0x0000000100000000)
 ParOldGen       total 881664K, used 13792K [0x0000000080000000, 0x00000000b5d00000, 0x00000000d5580000)
  object space 881664K, 1% used [0x0000000080000000,0x0000000080d782a0,0x00000000b5d00000)
 Metaspace       used 20771K, capacity 21016K, committed 21248K, reserved 1069056K
  class space    used 2352K, capacity 2451K, committed 2560K, reserved 1048576K
}
Event: 4.403 GC heap before
{Heap before GC invocations=3 (full 1):
 PSYoungGen      total 611840K, used 409357K [0x00000000d5580000, 0x0000000100000000, 0x0000000100000000)
  eden space 524800K, 78% used [0x00000000d5580000,0x00000000ee543738,0x00000000f5600000)
  from space 87040K, 0% used [0x00000000f5600000,0x00000000f5600000,0x00000000fab00000)
  to   space 87040K, 0% used [0x00000000fab00000,0x00000000fab00000,0x0000000100000000)
 ParOldGen       total 881664K, used 13792K [0x0000000080000000, 0x00000000b5d00000, 0x00000000d5580000)
  object space 881664K, 1% used [0x0000000080000000,0x0000000080d782a0,0x00000000b5d00000)
 Metaspace       used 34602K, capacity 35044K, committed 35416K, reserved 1081344K
  class space    used 3946K, capacity 4078K, committed 4096K, reserved 1048576K
Event: 4.445 GC heap after
Heap after GC invocations=3 (full 1):
 PSYoungGen      total 611840K, used 18328K [0x00000000d5580000, 0x0000000100000000, 0x0000000100000000)
  eden space 524800K, 0% used [0x00000000d5580000,0x00000000d5580000,0x00000000f5600000)
  from space 87040K, 21% used [0x00000000fab00000,0x00000000fbce6320,0x0000000100000000)
  to   space 87040K, 0% used [0x00000000f5600000,0x00000000f5600000,0x00000000fab00000)
 ParOldGen       total 881664K, used 13800K [0x0000000080000000, 0x00000000b5d00000, 0x00000000d5580000)
  object space 881664K, 1% used [0x0000000080000000,0x0000000080d7a2a0,0x00000000b5d00000)
 Metaspace       used 34602K, capacity 35044K, committed 35416K, reserved 1081344K
  class space    used 3946K, capacity 4078K, committed 4096K, reserved 1048576K
}
Event: 4.445 GC heap before
{Heap before GC invocations=4 (full 2):
 PSYoungGen      total 611840K, used 18328K [0x00000000d5580000, 0x0000000100000000, 0x0000000100000000)
  eden space 524800K, 0% used [0x00000000d5580000,0x00000000d5580000,0x00000000f5600000)
  from space 87040K, 21% used [0x00000000fab00000,0x00000000fbce6320,0x0000000100000000)
  to   space 87040K, 0% used [0x00000000f5600000,0x00000000f5600000,0x00000000fab00000)
 ParOldGen       total 881664K, used 13800K [0x0000000080000000, 0x00000000b5d00000, 0x00000000d5580000)
  object space 881664K, 1% used [0x0000000080000000,0x0000000080d7a2a0,0x00000000b5d00000)
 Metaspace       used 34602K, capacity 35044K, committed 35416K, reserved 1081344K
  class space    used 3946K, capacity 4078K, committed 4096K, reserved 1048576K
Event: 4.565 GC heap after
Heap after GC invocations=4 (full 2):
 PSYoungGen      total 611840K, used 0K [0x00000000d5580000, 0x0000000100000000, 0x0000000100000000)
  eden space 524800K, 0% used [0x00000000d5580000,0x00000000d5580000,0x00000000f5600000)
  from space 87040K, 0% used [0x00000000fab00000,0x00000000fab00000,0x0000000100000000)
  to   space 87040K, 0% used [0x00000000f5600000,0x00000000f5600000,0x00000000fab00000)
 ParOldGen       total 1398272K, used 22725K [0x0000000080000000, 0x00000000d5580000, 0x00000000d5580000)
  object space 1398272K, 1% used [0x0000000080000000,0x00000000816315a0,0x00000000d5580000)
 Metaspace       used 34602K, capacity 35044K, committed 35416K, reserved 1081344K
  class space    used 3946K, capacity 4078K, committed 4096K, reserved 1048576K
}
Event: 11.571 GC heap before
{Heap before GC invocations=5 (full 2):
 PSYoungGen      total 611840K, used 431830K [0x00000000d5580000, 0x0000000100000000, 0x0000000100000000)
  eden space 524800K, 82% used [0x00000000d5580000,0x00000000efb35bb8,0x00000000f5600000)
  from space 87040K, 0% used [0x00000000fab00000,0x00000000fab00000,0x0000000100000000)
  to   space 87040K, 0% used [0x00000000f5600000,0x00000000f5600000,0x00000000fab00000)
 ParOldGen       total 1398272K, used 22725K [0x0000000080000000, 0x00000000d5580000, 0x00000000d5580000)
  object space 1398272K, 1% used [0x0000000080000000,0x00000000816315a0,0x00000000d5580000)
 Metaspace       used 57175K, capacity 58756K, committed 59008K, reserved 1101824K
  class space    used 6633K, capacity 6960K, committed 7040K, reserved 1048576K
Event: 11.634 GC heap after
Heap after GC invocations=5 (full 2):
 PSYoungGen      total 611840K, used 30054K [0x00000000d5580000, 0x0000000100000000, 0x0000000100000000)
  eden space 524800K, 0% used [0x00000000d5580000,0x00000000d5580000,0x00000000f5600000)
  from space 87040K, 34% used [0x00000000f5600000,0x00000000f7359910,0x00000000fab00000)
  to   space 87040K, 0% used [0x00000000fab00000,0x00000000fab00000,0x0000000100000000)
 ParOldGen       total 1398272K, used 22733K [0x0000000080000000, 0x00000000d5580000, 0x00000000d5580000)
  object space 1398272K, 1% used [0x0000000080000000,0x00000000816335a0,0x00000000d5580000)
 Metaspace       used 57175K, capacity 58756K, committed 59008K, reserved 1101824K
  class space    used 6633K, capacity 6960K, committed 7040K, reserved 1048576K
}
Event: 11.634 GC heap before
{Heap before GC invocations=6 (full 3):
 PSYoungGen      total 611840K, used 30054K [0x00000000d5580000, 0x0000000100000000, 0x0000000100000000)
  eden space 524800K, 0% used [0x00000000d5580000,0x00000000d5580000,0x00000000f5600000)
  from space 87040K, 34% used [0x00000000f5600000,0x00000000f7359910,0x00000000fab00000)
  to   space 87040K, 0% used [0x00000000fab00000,0x00000000fab00000,0x0000000100000000)
 ParOldGen       total 1398272K, used 22733K [0x0000000080000000, 0x00000000d5580000, 0x00000000d5580000)
  object space 1398272K, 1% used [0x0000000080000000,0x00000000816335a0,0x00000000d5580000)
 Metaspace       used 57175K, capacity 58756K, committed 59008K, reserved 1101824K
  class space    used 6633K, capacity 6960K, committed 7040K, reserved 1048576K
Event: 11.916 GC heap after
Heap after GC invocations=6 (full 3):
 PSYoungGen      total 611840K, used 0K [0x00000000d5580000, 0x0000000100000000, 0x0000000100000000)
  eden space 524800K, 0% used [0x00000000d5580000,0x00000000d5580000,0x00000000f5600000)
  from space 87040K, 0% used [0x00000000f5600000,0x00000000f5600000,0x00000000fab00000)
  to   space 87040K, 0% used [0x00000000fab00000,0x00000000fab00000,0x0000000100000000)
 ParOldGen       total 1398272K, used 40183K [0x0000000080000000, 0x00000000d5580000, 0x00000000d5580000)
  object space 1398272K, 2% used [0x0000000080000000,0x000000008273de48,0x00000000d5580000)
 Metaspace       used 57165K, capacity 58732K, committed 59008K, reserved 1101824K
  class space    used 6630K, capacity 6954K, committed 7040K, reserved 1048576K
}

