# JRE version: OpenJDK Runtime Environment (8.0_212-b04) (build 1.8.0_212-b04)
# Java VM: OpenJDK 64-Bit Server VM (25.212-b04 mixed mode linux-amd64 compressed oops)
Heap:
 PSYoungGen      total 455680K, used 388083K [0x00000000d5580000, 0x0000000100000000, 0x0000000100000000)
  eden space 232960K, 86% used [0x00000000d5580000,0x00000000e1ac8b38,0x00000000e3900000)
  from space 222720K, 83% used [0x00000000f2680000,0x00000000fdc34378,0x0000000100000000)
  to   space 232960K, 0% used [0x00000000e3900000,0x00000000e3900000,0x00000000f1c80000)
 ParOldGen       total 1398272K, used 111895K [0x0000000080000000, 0x00000000d5580000, 0x00000000d5580000)
  object space 1398272K, 8% used [0x0000000080000000,0x0000000086d45c38,0x00000000d5580000)
 Metaspace       used 69927K, capacity 72886K, committed 72960K, reserved 1114112K
  class space    used 7641K, capacity 8169K, committed 8192K, reserved 1048576K
GC Heap History (10 events):
Event: 367.948 GC heap before
{Heap before GC invocations=9 (full 3):
 PSYoungGen      total 611840K, used 611016K [0x00000000d5580000, 0x0000000100000000, 0x0000000100000000)
  eden space 524800K, 99% used [0x00000000d5580000,0x00000000f5536230,0x00000000f5600000)
  from space 87040K, 99% used [0x00000000f5600000,0x00000000faafc1a8,0x00000000fab00000)
  to   space 87040K, 0% used [0x00000000fab00000,0x00000000fab00000,0x0000000100000000)
 ParOldGen       total 1398272K, used 55898K [0x0000000080000000, 0x00000000d5580000, 0x00000000d5580000)
  object space 1398272K, 3% used [0x0000000080000000,0x00000000836968c8,0x00000000d5580000)
 Metaspace       used 68575K, capacity 71414K, committed 71680K, reserved 1112064K
  class space    used 7622K, capacity 8125K, committed 8192K, reserved 1048576K
Event: 368.121 GC heap after
Heap after GC invocations=9 (full 3):
 PSYoungGen      total 486912K, used 87012K [0x00000000d5580000, 0x0000000100000000, 0x0000000100000000)
  eden space 399872K, 0% used [0x00000000d5580000,0x00000000d5580000,0x00000000edc00000)
  from space 87040K, 99% used [0x00000000fab00000,0x00000000ffff9358,0x0000000100000000)
  to   space 149504K, 0% used [0x00000000edc00000,0x00000000edc00000,0x00000000f6e00000)
 ParOldGen       total 1398272K, used 111863K [0x0000000080000000, 0x00000000d5580000, 0x00000000d5580000)
  object space 1398272K, 8% used [0x0000000080000000,0x0000000086d3dc38,0x00000000d5580000)
 Metaspace       used 68575K, capacity 71414K, committed 71680K, reserved 1112064K
  class space    used 7622K, capacity 8125K, committed 8192K, reserved 1048576K
}
Event: 461.623 GC heap before
{Heap before GC invocations=10 (full 3):
 PSYoungGen      total 486912K, used 486222K [0x00000000d5580000, 0x0000000100000000, 0x0000000100000000)
  eden space 399872K, 99% used [0x00000000d5580000,0x00000000edb5a620,0x00000000edc00000)
  from space 87040K, 99% used [0x00000000fab00000,0x00000000ffff9358,0x0000000100000000)
  to   space 149504K, 0% used [0x00000000edc00000,0x00000000edc00000,0x00000000f6e00000)
 ParOldGen       total 1398272K, used 111863K [0x0000000080000000, 0x00000000d5580000, 0x00000000d5580000)
  object space 1398272K, 8% used [0x0000000080000000,0x0000000086d3dc38,0x00000000d5580000)
 Metaspace       used 69174K, capacity 72112K, committed 72192K, reserved 1114112K
  class space    used 7638K, capacity 8164K, committed 8192K, reserved 1048576K
Event: 461.825 GC heap after
Heap after GC invocations=10 (full 3):
 PSYoungGen      total 536064K, used 136125K [0x00000000d5580000, 0x0000000100000000, 0x0000000100000000)
  eden space 399872K, 0% used [0x00000000d5580000,0x00000000d5580000,0x00000000edc00000)
  from space 136192K, 99% used [0x00000000edc00000,0x00000000f60ef478,0x00000000f6100000)
  to   space 162816K, 0% used [0x00000000f6100000,0x00000000f6100000,0x0000000100000000)
 ParOldGen       total 1398272K, used 111871K [0x0000000080000000, 0x00000000d5580000, 0x00000000d5580000)
  object space 1398272K, 8% used [0x0000000080000000,0x0000000086d3fc38,0x00000000d5580000)
 Metaspace       used 69174K, capacity 72112K, committed 72192K, reserved 1114112K
  class space    used 7638K, capacity 8164K, committed 8192K, reserved 1048576K
}
Event: 553.289 GC heap before
{Heap before GC invocations=11 (full 3):
 PSYoungGen      total 536064K, used 535312K [0x00000000d5580000, 0x0000000100000000, 0x0000000100000000)
  eden space 399872K, 99% used [0x00000000d5580000,0x00000000edb54e08,0x00000000edc00000)
  from space 136192K, 99% used [0x00000000edc00000,0x00000000f60ef478,0x00000000f6100000)
  to   space 162816K, 0% used [0x00000000f6100000,0x00000000f6100000,0x0000000100000000)
 ParOldGen       total 1398272K, used 111871K [0x0000000080000000, 0x00000000d5580000, 0x00000000d5580000)
  object space 1398272K, 8% used [0x0000000080000000,0x0000000086d3fc38,0x00000000d5580000)
 Metaspace       used 69431K, capacity 72332K, committed 72448K, reserved 1114112K
  class space    used 7638K, capacity 8164K, committed 8192K, reserved 1048576K
Event: 553.493 GC heap after
Heap after GC invocations=11 (full 3):
 PSYoungGen      total 461312K, used 157661K [0x00000000d5580000, 0x0000000100000000, 0x0000000100000000)
  eden space 298496K, 0% used [0x00000000d5580000,0x00000000d5580000,0x00000000e7900000)
  from space 162816K, 96% used [0x00000000f6100000,0x00000000ffaf7450,0x0000000100000000)
  to   space 200192K, 0% used [0x00000000e7900000,0x00000000e7900000,0x00000000f3c80000)
 ParOldGen       total 1398272K, used 111879K [0x0000000080000000, 0x00000000d5580000, 0x00000000d5580000)
  object space 1398272K, 8% used [0x0000000080000000,0x0000000086d41c38,0x00000000d5580000)
 Metaspace       used 69431K, capacity 72332K, committed 72448K, reserved 1114112K
  class space    used 7638K, capacity 8164K, committed 8192K, reserved 1048576K
}
Event: 623.032 GC heap before
{Heap before GC invocations=12 (full 3):
 PSYoungGen      total 461312K, used 456157K [0x00000000d5580000, 0x0000000100000000, 0x0000000100000000)
  eden space 298496K, 100% used [0x00000000d5580000,0x00000000e7900000,0x00000000e7900000)
  from space 162816K, 96% used [0x00000000f6100000,0x00000000ffaf7450,0x0000000100000000)
  to   space 200192K, 0% used [0x00000000e7900000,0x00000000e7900000,0x00000000f3c80000)
 ParOldGen       total 1398272K, used 111879K [0x0000000080000000, 0x00000000d5580000, 0x00000000d5580000)
  object space 1398272K, 8% used [0x0000000080000000,0x0000000086d41c38,0x00000000d5580000)
 Metaspace       used 69628K, capacity 72544K, committed 72704K, reserved 1114112K
  class space    used 7639K, capacity 8166K, committed 8192K, reserved 1048576K
Event: 623.237 GC heap after
Heap after GC invocations=12 (full 3):
 PSYoungGen      total 465920K, used 169983K [0x00000000d5580000, 0x0000000100000000, 0x0000000100000000)
  eden space 295936K, 0% used [0x00000000d5580000,0x00000000d5580000,0x00000000e7680000)
  from space 169984K, 99% used [0x00000000e7900000,0x00000000f1effd98,0x00000000f1f00000)
  to   space 222720K, 0% used [0x00000000f2680000,0x00000000f2680000,0x0000000100000000)
 ParOldGen       total 1398272K, used 111887K [0x0000000080000000, 0x00000000d5580000, 0x00000000d5580000)
  object space 1398272K, 8% used [0x0000000080000000,0x0000000086d43c38,0x00000000d5580000)
 Metaspace       used 69628K, capacity 72544K, committed 72704K, reserved 1114112K
  class space    used 7639K, capacity 8166K, committed 8192K, reserved 1048576K
}
Event: 692.978 GC heap before
{Heap before GC invocations=13 (full 3):
 PSYoungGen      total 465920K, used 465919K [0x00000000d5580000, 0x0000000100000000, 0x0000000100000000)
  eden space 295936K, 100% used [0x00000000d5580000,0x00000000e7680000,0x00000000e7680000)
  from space 169984K, 99% used [0x00000000e7900000,0x00000000f1effd98,0x00000000f1f00000)
  to   space 222720K, 0% used [0x00000000f2680000,0x00000000f2680000,0x0000000100000000)
 ParOldGen       total 1398272K, used 111887K [0x0000000080000000, 0x00000000d5580000, 0x00000000d5580000)
  object space 1398272K, 8% used [0x0000000080000000,0x0000000086d43c38,0x00000000d5580000)
 Metaspace       used 69758K, capacity 72676K, committed 72704K, reserved 1114112K
  class space    used 7639K, capacity 8166K, committed 8192K, reserved 1048576K
Event: 693.190 GC heap after
Heap after GC invocations=13 (full 3):
 PSYoungGen      total 455680K, used 186064K [0x00000000d5580000, 0x0000000100000000, 0x0000000100000000)
  eden space 232960K, 0% used [0x00000000d5580000,0x00000000d5580000,0x00000000e3900000)
  from space 222720K, 83% used [0x00000000f2680000,0x00000000fdc34378,0x0000000100000000)
  to   space 232960K, 0% used [0x00000000e3900000,0x00000000e3900000,0x00000000f1c80000)
 ParOldGen       total 1398272K, used 111895K [0x0000000080000000, 0x00000000d5580000, 0x00000000d5580000)
  object space 1398272K, 8% used [0x0000000080000000,0x0000000086d45c38,0x00000000d5580000)
 Metaspace       used 69758K, capacity 72676K, committed 72704K, reserved 1114112K
  class space    used 7639K, capacity 8166K, committed 8192K, reserved 1048576K
}

