# JRE version: OpenJDK Runtime Environment (8.0_212-b04) (build 1.8.0_212-b04)
# Java VM: OpenJDK 64-Bit Server VM (25.212-b04 mixed mode linux-amd64 compressed oops)
Heap:
 PSYoungGen      total 601088K, used 240782K [0x00000000d5580000, 0x00000000fcf00000, 0x0000000100000000)
  eden space 524800K, 31% used [0x00000000d5580000,0x00000000df62c5d8,0x00000000f5600000)
  from space 76288K, 99% used [0x00000000f5600000,0x00000000fa0775e0,0x00000000fa080000)
  to   space 47616K, 0% used [0x00000000fa080000,0x00000000fa080000,0x00000000fcf00000)
 ParOldGen       total 1398272K, used 32184K [0x0000000080000000, 0x00000000d5580000, 0x00000000d5580000)
  object space 1398272K, 2% used [0x0000000080000000,0x0000000081f6e128,0x00000000d5580000)
 Metaspace       used 77058K, capacity 79990K, committed 80256K, reserved 1120256K
  class space    used 8959K, capacity 9497K, committed 9600K, reserved 1048576K
GC Heap History (10 events):
Event: 4.163 GC heap before
{Heap before GC invocations=4 (full 2):
 PSYoungGen      total 611840K, used 19511K [0x00000000d5580000, 0x0000000100000000, 0x0000000100000000)
  eden space 524800K, 0% used [0x00000000d5580000,0x00000000d5580000,0x00000000f5600000)
  from space 87040K, 22% used [0x00000000fab00000,0x00000000fbe0df28,0x0000000100000000)
  to   space 87040K, 0% used [0x00000000f5600000,0x00000000f5600000,0x00000000fab00000)
 ParOldGen       total 890368K, used 13505K [0x0000000080000000, 0x00000000b6580000, 0x00000000d5580000)
  object space 890368K, 1% used [0x0000000080000000,0x0000000080d306f8,0x00000000b6580000)
 Metaspace       used 34735K, capacity 35018K, committed 35416K, reserved 1081344K
  class space    used 4190K, capacity 4289K, committed 4352K, reserved 1048576K
Event: 4.278 GC heap after
Heap after GC invocations=4 (full 2):
 PSYoungGen      total 611840K, used 0K [0x00000000d5580000, 0x0000000100000000, 0x0000000100000000)
  eden space 524800K, 0% used [0x00000000d5580000,0x00000000d5580000,0x00000000f5600000)
  from space 87040K, 0% used [0x00000000fab00000,0x00000000fab00000,0x0000000100000000)
  to   space 87040K, 0% used [0x00000000f5600000,0x00000000f5600000,0x00000000fab00000)
 ParOldGen       total 1398272K, used 24298K [0x0000000080000000, 0x00000000d5580000, 0x00000000d5580000)
  object space 1398272K, 1% used [0x0000000080000000,0x00000000817ba8d8,0x00000000d5580000)
 Metaspace       used 34735K, capacity 35018K, committed 35416K, reserved 1081344K
  class space    used 4190K, capacity 4289K, committed 4352K, reserved 1048576K
}
Event: 7.302 GC heap before
{Heap before GC invocations=5 (full 2):
 PSYoungGen      total 611840K, used 524800K [0x00000000d5580000, 0x0000000100000000, 0x0000000100000000)
  eden space 524800K, 100% used [0x00000000d5580000,0x00000000f5600000,0x00000000f5600000)
  from space 87040K, 0% used [0x00000000fab00000,0x00000000fab00000,0x0000000100000000)
  to   space 87040K, 0% used [0x00000000f5600000,0x00000000f5600000,0x00000000fab00000)
 ParOldGen       total 1398272K, used 24298K [0x0000000080000000, 0x00000000d5580000, 0x00000000d5580000)
  object space 1398272K, 1% used [0x0000000080000000,0x00000000817ba8d8,0x00000000d5580000)
 Metaspace       used 49418K, capacity 50208K, committed 50432K, reserved 1093632K
  class space    used 5881K, capacity 6084K, committed 6144K, reserved 1048576K
Event: 7.347 GC heap after
Heap after GC invocations=5 (full 2):
 PSYoungGen      total 611840K, used 21529K [0x00000000d5580000, 0x0000000100000000, 0x0000000100000000)
  eden space 524800K, 0% used [0x00000000d5580000,0x00000000d5580000,0x00000000f5600000)
  from space 87040K, 24% used [0x00000000f5600000,0x00000000f6b06480,0x00000000fab00000)
  to   space 87040K, 0% used [0x00000000fab00000,0x00000000fab00000,0x0000000100000000)
 ParOldGen       total 1398272K, used 24306K [0x0000000080000000, 0x00000000d5580000, 0x00000000d5580000)
  object space 1398272K, 1% used [0x0000000080000000,0x00000000817bc8d8,0x00000000d5580000)
 Metaspace       used 49418K, capacity 50208K, committed 50432K, reserved 1093632K
  class space    used 5881K, capacity 6084K, committed 6144K, reserved 1048576K
}
Event: 11.468 GC heap before
{Heap before GC invocations=6 (full 2):
 PSYoungGen      total 611840K, used 323986K [0x00000000d5580000, 0x0000000100000000, 0x0000000100000000)
  eden space 524800K, 57% used [0x00000000d5580000,0x00000000e7cde3b0,0x00000000f5600000)
  from space 87040K, 24% used [0x00000000f5600000,0x00000000f6b06480,0x00000000fab00000)
  to   space 87040K, 0% used [0x00000000fab00000,0x00000000fab00000,0x0000000100000000)
 ParOldGen       total 1398272K, used 24306K [0x0000000080000000, 0x00000000d5580000, 0x00000000d5580000)
  object space 1398272K, 1% used [0x0000000080000000,0x00000000817bc8d8,0x00000000d5580000)
 Metaspace       used 57691K, capacity 58850K, committed 59008K, reserved 1101824K
  class space    used 6940K, capacity 7171K, committed 7296K, reserved 1048576K
Event: 11.505 GC heap after
Heap after GC invocations=6 (full 2):
 PSYoungGen      total 611840K, used 19573K [0x00000000d5580000, 0x0000000100000000, 0x0000000100000000)
  eden space 524800K, 0% used [0x00000000d5580000,0x00000000d5580000,0x00000000f5600000)
  from space 87040K, 22% used [0x00000000fab00000,0x00000000fbe1d730,0x0000000100000000)
  to   space 87040K, 0% used [0x00000000f5600000,0x00000000f5600000,0x00000000fab00000)
 ParOldGen       total 1398272K, used 24314K [0x0000000080000000, 0x00000000d5580000, 0x00000000d5580000)
  object space 1398272K, 1% used [0x0000000080000000,0x00000000817be8d8,0x00000000d5580000)
 Metaspace       used 57691K, capacity 58850K, committed 59008K, reserved 1101824K
  class space    used 6940K, capacity 7171K, committed 7296K, reserved 1048576K
}
Event: 11.505 GC heap before
{Heap before GC invocations=7 (full 3):
 PSYoungGen      total 611840K, used 19573K [0x00000000d5580000, 0x0000000100000000, 0x0000000100000000)
  eden space 524800K, 0% used [0x00000000d5580000,0x00000000d5580000,0x00000000f5600000)
  from space 87040K, 22% used [0x00000000fab00000,0x00000000fbe1d730,0x0000000100000000)
  to   space 87040K, 0% used [0x00000000f5600000,0x00000000f5600000,0x00000000fab00000)
 ParOldGen       total 1398272K, used 24314K [0x0000000080000000, 0x00000000d5580000, 0x00000000d5580000)
  object space 1398272K, 1% used [0x0000000080000000,0x00000000817be8d8,0x00000000d5580000)
 Metaspace       used 57691K, capacity 58850K, committed 59008K, reserved 1101824K
  class space    used 6940K, capacity 7171K, committed 7296K, reserved 1048576K
Event: 11.818 GC heap after
Heap after GC invocations=7 (full 3):
 PSYoungGen      total 611840K, used 0K [0x00000000d5580000, 0x0000000100000000, 0x0000000100000000)
  eden space 524800K, 0% used [0x00000000d5580000,0x00000000d5580000,0x00000000f5600000)
  from space 87040K, 0% used [0x00000000fab00000,0x00000000fab00000,0x0000000100000000)
  to   space 87040K, 0% used [0x00000000f5600000,0x00000000f5600000,0x00000000fab00000)
 ParOldGen       total 1398272K, used 32184K [0x0000000080000000, 0x00000000d5580000, 0x00000000d5580000)
  object space 1398272K, 2% used [0x0000000080000000,0x0000000081f6e128,0x00000000d5580000)
 Metaspace       used 57605K, capacity 58650K, committed 59008K, reserved 1101824K
  class space    used 6910K, capacity 7119K, committed 7296K, reserved 1048576K
}
Event: 25.484 GC heap before
{Heap before GC invocations=8 (full 3):
 PSYoungGen      total 611840K, used 524800K [0x00000000d5580000, 0x0000000100000000, 0x0000000100000000)
  eden space 524800K, 100% used [0x00000000d5580000,0x00000000f5600000,0x00000000f5600000)
  from space 87040K, 0% used [0x00000000fab00000,0x00000000fab00000,0x0000000100000000)
  to   space 87040K, 0% used [0x00000000f5600000,0x00000000f5600000,0x00000000fab00000)
 ParOldGen       total 1398272K, used 32184K [0x0000000080000000, 0x00000000d5580000, 0x00000000d5580000)
  object space 1398272K, 2% used [0x0000000080000000,0x0000000081f6e128,0x00000000d5580000)
 Metaspace       used 75984K, capacity 78490K, committed 78720K, reserved 1118208K
  class space    used 8844K, capacity 9303K, committed 9344K, reserved 1048576K
Event: 25.640 GC heap after
Heap after GC invocations=8 (full 3):
 PSYoungGen      total 601088K, used 76253K [0x00000000d5580000, 0x00000000fcf00000, 0x0000000100000000)
  eden space 524800K, 0% used [0x00000000d5580000,0x00000000d5580000,0x00000000f5600000)
  from space 76288K, 99% used [0x00000000f5600000,0x00000000fa0775e0,0x00000000fa080000)
  to   space 47616K, 0% used [0x00000000fa080000,0x00000000fa080000,0x00000000fcf00000)
 ParOldGen       total 1398272K, used 32184K [0x0000000080000000, 0x00000000d5580000, 0x00000000d5580000)
  object space 1398272K, 2% used [0x0000000080000000,0x0000000081f6e128,0x00000000d5580000)
 Metaspace       used 75984K, capacity 78490K, committed 78720K, reserved 1118208K
  class space    used 8844K, capacity 9303K, committed 9344K, reserved 1048576K
}

