# JRE version: OpenJDK Runtime Environment (8.0_212-b04) (build 1.8.0_212-b04)
# Java VM: OpenJDK 64-Bit Server VM (25.212-b04 mixed mode linux-amd64 compressed oops)
Heap:
 PSYoungGen      total 461312K, used 177626K [0x00000000d5580000, 0x00000000ff280000, 0x0000000100000000)
  eden space 232960K, 53% used [0x00000000d5580000,0x00000000dcf566a8,0x00000000e3900000)
  from space 228352K, 23% used [0x00000000e3900000,0x00000000e6ca0210,0x00000000f1800000)
  to   space 220672K, 0% used [0x00000000f1b00000,0x00000000f1b00000,0x00000000ff280000)
 ParOldGen       total 1398272K, used 105647K [0x0000000080000000, 0x00000000d5580000, 0x00000000d5580000)
  object space 1398272K, 7% used [0x0000000080000000,0x000000008672bf80,0x00000000d5580000)
 Metaspace       used 71909K, capacity 75228K, committed 75520K, reserved 1116160K
  class space    used 7757K, capacity 8332K, committed 8448K, reserved 1048576K
GC Heap History (10 events):
Event: 615.959 GC heap before
{Heap before GC invocations=14 (full 4):
 PSYoungGen      total 370688K, used 370256K [0x00000000d5580000, 0x00000000ffe80000, 0x0000000100000000)
  eden space 231424K, 100% used [0x00000000d5580000,0x00000000e3780000,0x00000000e3780000)
  from space 139264K, 99% used [0x00000000e3900000,0x00000000ec094230,0x00000000ec100000)
  to   space 232960K, 0% used [0x00000000f1b00000,0x00000000f1b00000,0x00000000ffe80000)
 ParOldGen       total 1398272K, used 335442K [0x0000000080000000, 0x00000000d5580000, 0x00000000d5580000)
  object space 1398272K, 23% used [0x0000000080000000,0x0000000094794938,0x00000000d5580000)
 Metaspace       used 70951K, capacity 74178K, committed 74496K, reserved 1116160K
  class space    used 7733K, capacity 8295K, committed 8448K, reserved 1048576K
Event: 616.076 GC heap after
Heap after GC invocations=14 (full 4):
 PSYoungGen      total 461312K, used 47207K [0x00000000d5580000, 0x00000000ffd00000, 0x0000000100000000)
  eden space 229888K, 0% used [0x00000000d5580000,0x00000000d5580000,0x00000000e3600000)
  from space 231424K, 20% used [0x00000000f1b00000,0x00000000f4919ea8,0x00000000ffd00000)
  to   space 232960K, 0% used [0x00000000e3600000,0x00000000e3600000,0x00000000f1980000)
 ParOldGen       total 1398272K, used 335450K [0x0000000080000000, 0x00000000d5580000, 0x00000000d5580000)
  object space 1398272K, 23% used [0x0000000080000000,0x0000000094796938,0x00000000d5580000)
 Metaspace       used 70951K, capacity 74178K, committed 74496K, reserved 1116160K
  class space    used 7733K, capacity 8295K, committed 8448K, reserved 1048576K
}
Event: 638.503 GC heap before
{Heap before GC invocations=15 (full 4):
 PSYoungGen      total 461312K, used 260754K [0x00000000d5580000, 0x00000000ffd00000, 0x0000000100000000)
  eden space 229888K, 92% used [0x00000000d5580000,0x00000000e260acd8,0x00000000e3600000)
  from space 231424K, 20% used [0x00000000f1b00000,0x00000000f4919ea8,0x00000000ffd00000)
  to   space 232960K, 0% used [0x00000000e3600000,0x00000000e3600000,0x00000000f1980000)
 ParOldGen       total 1398272K, used 335450K [0x0000000080000000, 0x00000000d5580000, 0x00000000d5580000)
  object space 1398272K, 23% used [0x0000000080000000,0x0000000094796938,0x00000000d5580000)
 Metaspace       used 71195K, capacity 74458K, committed 74752K, reserved 1116160K
  class space    used 7733K, capacity 8295K, committed 8448K, reserved 1048576K
Event: 638.652 GC heap after
Heap after GC invocations=15 (full 4):
 PSYoungGen      total 462848K, used 63376K [0x00000000d5580000, 0x00000000ffd00000, 0x0000000100000000)
  eden space 229888K, 0% used [0x00000000d5580000,0x00000000d5580000,0x00000000e3600000)
  from space 232960K, 27% used [0x00000000e3600000,0x00000000e73e43c0,0x00000000f1980000)
  to   space 232960K, 0% used [0x00000000f1980000,0x00000000f1980000,0x00000000ffd00000)
 ParOldGen       total 1398272K, used 343236K [0x0000000080000000, 0x00000000d5580000, 0x00000000d5580000)
  object space 1398272K, 24% used [0x0000000080000000,0x0000000094f311e0,0x00000000d5580000)
 Metaspace       used 71195K, capacity 74458K, committed 74752K, reserved 1116160K
  class space    used 7733K, capacity 8295K, committed 8448K, reserved 1048576K
}
Event: 638.652 GC heap before
{Heap before GC invocations=16 (full 5):
 PSYoungGen      total 462848K, used 63376K [0x00000000d5580000, 0x00000000ffd00000, 0x0000000100000000)
  eden space 229888K, 0% used [0x00000000d5580000,0x00000000d5580000,0x00000000e3600000)
  from space 232960K, 27% used [0x00000000e3600000,0x00000000e73e43c0,0x00000000f1980000)
  to   space 232960K, 0% used [0x00000000f1980000,0x00000000f1980000,0x00000000ffd00000)
 ParOldGen       total 1398272K, used 343236K [0x0000000080000000, 0x00000000d5580000, 0x00000000d5580000)
  object space 1398272K, 24% used [0x0000000080000000,0x0000000094f311e0,0x00000000d5580000)
 Metaspace       used 71195K, capacity 74458K, committed 74752K, reserved 1116160K
  class space    used 7733K, capacity 8295K, committed 8448K, reserved 1048576K
Event: 639.199 GC heap after
Heap after GC invocations=16 (full 5):
 PSYoungGen      total 462848K, used 0K [0x00000000d5580000, 0x00000000ffd00000, 0x0000000100000000)
  eden space 229888K, 0% used [0x00000000d5580000,0x00000000d5580000,0x00000000e3600000)
  from space 232960K, 0% used [0x00000000e3600000,0x00000000e3600000,0x00000000f1980000)
  to   space 232960K, 0% used [0x00000000f1980000,0x00000000f1980000,0x00000000ffd00000)
 ParOldGen       total 1398272K, used 105639K [0x0000000080000000, 0x00000000d5580000, 0x00000000d5580000)
  object space 1398272K, 7% used [0x0000000080000000,0x0000000086729f80,0x00000000d5580000)
 Metaspace       used 71195K, capacity 74458K, committed 74752K, reserved 1116160K
  class space    used 7733K, capacity 8295K, committed 8448K, reserved 1048576K
}
Event: 669.337 GC heap before
{Heap before GC invocations=17 (full 5):
 PSYoungGen      total 462848K, used 229888K [0x00000000d5580000, 0x00000000ffd00000, 0x0000000100000000)
  eden space 229888K, 100% used [0x00000000d5580000,0x00000000e3600000,0x00000000e3600000)
  from space 232960K, 0% used [0x00000000e3600000,0x00000000e3600000,0x00000000f1980000)
  to   space 232960K, 0% used [0x00000000f1980000,0x00000000f1980000,0x00000000ffd00000)
 ParOldGen       total 1398272K, used 105639K [0x0000000080000000, 0x00000000d5580000, 0x00000000d5580000)
  object space 1398272K, 7% used [0x0000000080000000,0x0000000086729f80,0x00000000d5580000)
 Metaspace       used 71467K, capacity 74722K, committed 75008K, reserved 1116160K
  class space    used 7737K, capacity 8295K, committed 8448K, reserved 1048576K
Event: 669.439 GC heap after
Heap after GC invocations=17 (full 5):
 PSYoungGen      total 459776K, used 43144K [0x00000000d5580000, 0x00000000ff700000, 0x0000000100000000)
  eden space 232960K, 0% used [0x00000000d5580000,0x00000000d5580000,0x00000000e3900000)
  from space 226816K, 19% used [0x00000000f1980000,0x00000000f43a2078,0x00000000ff700000)
  to   space 228352K, 0% used [0x00000000e3900000,0x00000000e3900000,0x00000000f1800000)
 ParOldGen       total 1398272K, used 105647K [0x0000000080000000, 0x00000000d5580000, 0x00000000d5580000)
  object space 1398272K, 7% used [0x0000000080000000,0x000000008672bf80,0x00000000d5580000)
 Metaspace       used 71467K, capacity 74722K, committed 75008K, reserved 1116160K
  class space    used 7737K, capacity 8295K, committed 8448K, reserved 1048576K
}
Event: 702.873 GC heap before
{Heap before GC invocations=18 (full 5):
 PSYoungGen      total 459776K, used 276104K [0x00000000d5580000, 0x00000000ff700000, 0x0000000100000000)
  eden space 232960K, 100% used [0x00000000d5580000,0x00000000e3900000,0x00000000e3900000)
  from space 226816K, 19% used [0x00000000f1980000,0x00000000f43a2078,0x00000000ff700000)
  to   space 228352K, 0% used [0x00000000e3900000,0x00000000e3900000,0x00000000f1800000)
 ParOldGen       total 1398272K, used 105647K [0x0000000080000000, 0x00000000d5580000, 0x00000000d5580000)
  object space 1398272K, 7% used [0x0000000080000000,0x000000008672bf80,0x00000000d5580000)
 Metaspace       used 71753K, capacity 75092K, committed 75264K, reserved 1116160K
  class space    used 7757K, capacity 8332K, committed 8448K, reserved 1048576K
Event: 702.970 GC heap after
Heap after GC invocations=18 (full 5):
 PSYoungGen      total 461312K, used 52864K [0x00000000d5580000, 0x00000000ff280000, 0x0000000100000000)
  eden space 232960K, 0% used [0x00000000d5580000,0x00000000d5580000,0x00000000e3900000)
  from space 228352K, 23% used [0x00000000e3900000,0x00000000e6ca0210,0x00000000f1800000)
  to   space 220672K, 0% used [0x00000000f1b00000,0x00000000f1b00000,0x00000000ff280000)
 ParOldGen       total 1398272K, used 105647K [0x0000000080000000, 0x00000000d5580000, 0x00000000d5580000)
  object space 1398272K, 7% used [0x0000000080000000,0x000000008672bf80,0x00000000d5580000)
 Metaspace       used 71753K, capacity 75092K, committed 75264K, reserved 1116160K
  class space    used 7757K, capacity 8332K, committed 8448K, reserved 1048576K
}

