# JRE version: OpenJDK Runtime Environment (8.0_212-b04) (build 1.8.0_212-b04)
# Java VM: OpenJDK 64-Bit Server VM (25.212-b04 mixed mode linux-amd64 compressed oops)
Heap:
 PSYoungGen      total 611840K, used 445311K [0x00000000d5580000, 0x0000000100000000, 0x0000000100000000)
  eden space 524800K, 84% used [0x00000000d5580000,0x00000000f085fe80,0x00000000f5600000)
  from space 87040K, 0% used [0x00000000fab00000,0x00000000fab00000,0x0000000100000000)
  to   space 87040K, 0% used [0x00000000f5600000,0x00000000f5600000,0x00000000fab00000)
 ParOldGen       total 1398272K, used 32682K [0x0000000080000000, 0x00000000d5580000, 0x00000000d5580000)
  object space 1398272K, 2% used [0x0000000080000000,0x0000000081feabf8,0x00000000d5580000)
 Metaspace       used 69286K, capacity 72135K, committed 72192K, reserved 1114112K
  class space    used 7922K, capacity 8420K, committed 8448K, reserved 1048576K
GC Heap History (10 events):
Event: 4.469 GC heap before
{Heap before GC invocations=3 (full 1):
 PSYoungGen      total 611840K, used 467533K [0x00000000d5580000, 0x0000000100000000, 0x0000000100000000)
  eden space 524800K, 89% used [0x00000000d5580000,0x00000000f1e13700,0x00000000f5600000)
  from space 87040K, 0% used [0x00000000f5600000,0x00000000f5600000,0x00000000fab00000)
  to   space 87040K, 0% used [0x00000000fab00000,0x00000000fab00000,0x0000000100000000)
 ParOldGen       total 861184K, used 14373K [0x0000000080000000, 0x00000000b4900000, 0x00000000d5580000)
  object space 861184K, 1% used [0x0000000080000000,0x0000000080e09538,0x00000000b4900000)
 Metaspace       used 34725K, capacity 35086K, committed 35416K, reserved 1081344K
  class space    used 3961K, capacity 4059K, committed 4096K, reserved 1048576K
Event: 4.511 GC heap after
Heap after GC invocations=3 (full 1):
 PSYoungGen      total 611840K, used 19083K [0x00000000d5580000, 0x0000000100000000, 0x0000000100000000)
  eden space 524800K, 0% used [0x00000000d5580000,0x00000000d5580000,0x00000000f5600000)
  from space 87040K, 21% used [0x00000000fab00000,0x00000000fbda2c20,0x0000000100000000)
  to   space 87040K, 0% used [0x00000000f5600000,0x00000000f5600000,0x00000000fab00000)
 ParOldGen       total 861184K, used 14373K [0x0000000080000000, 0x00000000b4900000, 0x00000000d5580000)
  object space 861184K, 1% used [0x0000000080000000,0x0000000080e09538,0x00000000b4900000)
 Metaspace       used 34725K, capacity 35086K, committed 35416K, reserved 1081344K
  class space    used 3961K, capacity 4059K, committed 4096K, reserved 1048576K
}
Event: 4.511 GC heap before
{Heap before GC invocations=4 (full 2):
 PSYoungGen      total 611840K, used 19083K [0x00000000d5580000, 0x0000000100000000, 0x0000000100000000)
  eden space 524800K, 0% used [0x00000000d5580000,0x00000000d5580000,0x00000000f5600000)
  from space 87040K, 21% used [0x00000000fab00000,0x00000000fbda2c20,0x0000000100000000)
  to   space 87040K, 0% used [0x00000000f5600000,0x00000000f5600000,0x00000000fab00000)
 ParOldGen       total 861184K, used 14373K [0x0000000080000000, 0x00000000b4900000, 0x00000000d5580000)
  object space 861184K, 1% used [0x0000000080000000,0x0000000080e09538,0x00000000b4900000)
 Metaspace       used 34725K, capacity 35086K, committed 35416K, reserved 1081344K
  class space    used 3961K, capacity 4059K, committed 4096K, reserved 1048576K
Event: 4.625 GC heap after
Heap after GC invocations=4 (full 2):
 PSYoungGen      total 611840K, used 0K [0x00000000d5580000, 0x0000000100000000, 0x0000000100000000)
  eden space 524800K, 0% used [0x00000000d5580000,0x00000000d5580000,0x00000000f5600000)
  from space 87040K, 0% used [0x00000000fab00000,0x00000000fab00000,0x0000000100000000)
  to   space 87040K, 0% used [0x00000000f5600000,0x00000000f5600000,0x00000000fab00000)
 ParOldGen       total 1398272K, used 23862K [0x0000000080000000, 0x00000000d5580000, 0x00000000d5580000)
  object space 1398272K, 1% used [0x0000000080000000,0x000000008174da58,0x00000000d5580000)
 Metaspace       used 34725K, capacity 35086K, committed 35416K, reserved 1081344K
  class space    used 3961K, capacity 4059K, committed 4096K, reserved 1048576K
}
Event: 11.209 GC heap before
{Heap before GC invocations=5 (full 2):
 PSYoungGen      total 611840K, used 524800K [0x00000000d5580000, 0x0000000100000000, 0x0000000100000000)
  eden space 524800K, 100% used [0x00000000d5580000,0x00000000f5600000,0x00000000f5600000)
  from space 87040K, 0% used [0x00000000fab00000,0x00000000fab00000,0x0000000100000000)
  to   space 87040K, 0% used [0x00000000f5600000,0x00000000f5600000,0x00000000fab00000)
 ParOldGen       total 1398272K, used 23862K [0x0000000080000000, 0x00000000d5580000, 0x00000000d5580000)
  object space 1398272K, 1% used [0x0000000080000000,0x000000008174da58,0x00000000d5580000)
 Metaspace       used 51841K, capacity 53132K, committed 53248K, reserved 1095680K
  class space    used 6106K, capacity 6352K, committed 6400K, reserved 1048576K
Event: 11.285 GC heap after
Heap after GC invocations=5 (full 2):
 PSYoungGen      total 611840K, used 23932K [0x00000000d5580000, 0x0000000100000000, 0x0000000100000000)
  eden space 524800K, 0% used [0x00000000d5580000,0x00000000d5580000,0x00000000f5600000)
  from space 87040K, 27% used [0x00000000f5600000,0x00000000f6d5f1d0,0x00000000fab00000)
  to   space 87040K, 0% used [0x00000000fab00000,0x00000000fab00000,0x0000000100000000)
 ParOldGen       total 1398272K, used 23870K [0x0000000080000000, 0x00000000d5580000, 0x00000000d5580000)
  object space 1398272K, 1% used [0x0000000080000000,0x000000008174fa58,0x00000000d5580000)
 Metaspace       used 51841K, capacity 53132K, committed 53248K, reserved 1095680K
  class space    used 6106K, capacity 6352K, committed 6400K, reserved 1048576K
}
Event: 12.128 GC heap before
{Heap before GC invocations=6 (full 2):
 PSYoungGen      total 611840K, used 204396K [0x00000000d5580000, 0x0000000100000000, 0x0000000100000000)
  eden space 524800K, 34% used [0x00000000d5580000,0x00000000e05bbf90,0x00000000f5600000)
  from space 87040K, 27% used [0x00000000f5600000,0x00000000f6d5f1d0,0x00000000fab00000)
  to   space 87040K, 0% used [0x00000000fab00000,0x00000000fab00000,0x0000000100000000)
 ParOldGen       total 1398272K, used 23870K [0x0000000080000000, 0x00000000d5580000, 0x00000000d5580000)
  object space 1398272K, 1% used [0x0000000080000000,0x000000008174fa58,0x00000000d5580000)
 Metaspace       used 57424K, capacity 58813K, committed 59028K, reserved 1101824K
  class space    used 6635K, capacity 6912K, committed 6912K, reserved 1048576K
Event: 12.165 GC heap after
Heap after GC invocations=6 (full 2):
 PSYoungGen      total 611840K, used 21208K [0x00000000d5580000, 0x0000000100000000, 0x0000000100000000)
  eden space 524800K, 0% used [0x00000000d5580000,0x00000000d5580000,0x00000000f5600000)
  from space 87040K, 24% used [0x00000000fab00000,0x00000000fbfb61b0,0x0000000100000000)
  to   space 87040K, 0% used [0x00000000f5600000,0x00000000f5600000,0x00000000fab00000)
 ParOldGen       total 1398272K, used 23878K [0x0000000080000000, 0x00000000d5580000, 0x00000000d5580000)
  object space 1398272K, 1% used [0x0000000080000000,0x0000000081751a58,0x00000000d5580000)
 Metaspace       used 57424K, capacity 58813K, committed 59028K, reserved 1101824K
  class space    used 6635K, capacity 6912K, committed 6912K, reserved 1048576K
}
Event: 12.165 GC heap before
{Heap before GC invocations=7 (full 3):
 PSYoungGen      total 611840K, used 21208K [0x00000000d5580000, 0x0000000100000000, 0x0000000100000000)
  eden space 524800K, 0% used [0x00000000d5580000,0x00000000d5580000,0x00000000f5600000)
  from space 87040K, 24% used [0x00000000fab00000,0x00000000fbfb61b0,0x0000000100000000)
  to   space 87040K, 0% used [0x00000000f5600000,0x00000000f5600000,0x00000000fab00000)
 ParOldGen       total 1398272K, used 23878K [0x0000000080000000, 0x00000000d5580000, 0x00000000d5580000)
  object space 1398272K, 1% used [0x0000000080000000,0x0000000081751a58,0x00000000d5580000)
 Metaspace       used 57424K, capacity 58813K, committed 59028K, reserved 1101824K
  class space    used 6635K, capacity 6912K, committed 6912K, reserved 1048576K
Event: 12.462 GC heap after
Heap after GC invocations=7 (full 3):
 PSYoungGen      total 611840K, used 0K [0x00000000d5580000, 0x0000000100000000, 0x0000000100000000)
  eden space 524800K, 0% used [0x00000000d5580000,0x00000000d5580000,0x00000000f5600000)
  from space 87040K, 0% used [0x00000000fab00000,0x00000000fab00000,0x0000000100000000)
  to   space 87040K, 0% used [0x00000000f5600000,0x00000000f5600000,0x00000000fab00000)
 ParOldGen       total 1398272K, used 32682K [0x0000000080000000, 0x00000000d5580000, 0x00000000d5580000)
  object space 1398272K, 2% used [0x0000000080000000,0x0000000081feabf8,0x00000000d5580000)
 Metaspace       used 57399K, capacity 58753K, committed 59028K, reserved 1101824K
  class space    used 6627K, capacity 6898K, committed 6912K, reserved 1048576K
}

