# JRE version: OpenJDK Runtime Environment (8.0_212-b04) (build 1.8.0_212-b04)
# Java VM: OpenJDK 64-Bit Server VM (25.212-b04 mixed mode linux-amd64 compressed oops)
Heap:
 PSYoungGen      total 611840K, used 306560K [0x00000000d5580000, 0x0000000100000000, 0x0000000100000000)
  eden space 524800K, 58% used [0x00000000d5580000,0x00000000e80e01b8,0x00000000f5600000)
  from space 87040K, 0% used [0x00000000f5600000,0x00000000f5600000,0x00000000fab00000)
  to   space 87040K, 0% used [0x00000000fab00000,0x00000000fab00000,0x0000000100000000)
 ParOldGen       total 1398272K, used 45395K [0x0000000080000000, 0x00000000d5580000, 0x00000000d5580000)
  object space 1398272K, 3% used [0x0000000080000000,0x0000000082c54e60,0x00000000d5580000)
 Metaspace       used 66361K, capacity 71112K, committed 71168K, reserved 1112064K
  class space    used 7806K, capacity 8648K, committed 8704K, reserved 1048576K
GC Heap History (10 events):
Event: 3.767 GC heap before
{Heap before GC invocations=2 (full 1):
 PSYoungGen      total 611840K, used 14304K [0x00000000d5580000, 0x0000000100000000, 0x0000000100000000)
  eden space 524800K, 0% used [0x00000000d5580000,0x00000000d5580000,0x00000000f5600000)
  from space 87040K, 16% used [0x00000000f5600000,0x00000000f63f80b0,0x00000000fab00000)
  to   space 87040K, 0% used [0x00000000fab00000,0x00000000fab00000,0x0000000100000000)
 ParOldGen       total 1398272K, used 80K [0x0000000080000000, 0x00000000d5580000, 0x00000000d5580000)
  object space 1398272K, 0% used [0x0000000080000000,0x0000000080014010,0x00000000d5580000)
 Metaspace       used 20822K, capacity 21106K, committed 21248K, reserved 1069056K
  class space    used 2365K, capacity 2482K, committed 2560K, reserved 1048576K
Event: 3.871 GC heap after
Heap after GC invocations=2 (full 1):
 PSYoungGen      total 611840K, used 0K [0x00000000d5580000, 0x0000000100000000, 0x0000000100000000)
  eden space 524800K, 0% used [0x00000000d5580000,0x00000000d5580000,0x00000000f5600000)
  from space 87040K, 0% used [0x00000000f5600000,0x00000000f5600000,0x00000000fab00000)
  to   space 87040K, 0% used [0x00000000fab00000,0x00000000fab00000,0x0000000100000000)
 ParOldGen       total 889344K, used 13778K [0x0000000080000000, 0x00000000b6480000, 0x00000000d5580000)
  object space 889344K, 1% used [0x0000000080000000,0x0000000080d748f0,0x00000000b6480000)
 Metaspace       used 20822K, capacity 21106K, committed 21248K, reserved 1069056K
  class space    used 2365K, capacity 2482K, committed 2560K, reserved 1048576K
}
Event: 20.791 GC heap before
{Heap before GC invocations=3 (full 1):
 PSYoungGen      total 611840K, used 439181K [0x00000000d5580000, 0x0000000100000000, 0x0000000100000000)
  eden space 524800K, 83% used [0x00000000d5580000,0x00000000f02635b8,0x00000000f5600000)
  from space 87040K, 0% used [0x00000000f5600000,0x00000000f5600000,0x00000000fab00000)
  to   space 87040K, 0% used [0x00000000fab00000,0x00000000fab00000,0x0000000100000000)
 ParOldGen       total 889344K, used 13778K [0x0000000080000000, 0x00000000b6480000, 0x00000000d5580000)
  object space 889344K, 1% used [0x0000000080000000,0x0000000080d748f0,0x00000000b6480000)
 Metaspace       used 34823K, capacity 35190K, committed 35416K, reserved 1081344K
  class space    used 3965K, capacity 4091K, committed 4096K, reserved 1048576K
Event: 20.836 GC heap after
Heap after GC invocations=3 (full 1):
 PSYoungGen      total 611840K, used 19225K [0x00000000d5580000, 0x0000000100000000, 0x0000000100000000)
  eden space 524800K, 0% used [0x00000000d5580000,0x00000000d5580000,0x00000000f5600000)
  from space 87040K, 22% used [0x00000000fab00000,0x00000000fbdc6760,0x0000000100000000)
  to   space 87040K, 0% used [0x00000000f5600000,0x00000000f5600000,0x00000000fab00000)
 ParOldGen       total 889344K, used 13778K [0x0000000080000000, 0x00000000b6480000, 0x00000000d5580000)
  object space 889344K, 1% used [0x0000000080000000,0x0000000080d748f0,0x00000000b6480000)
 Metaspace       used 34823K, capacity 35190K, committed 35416K, reserved 1081344K
  class space    used 3965K, capacity 4091K, committed 4096K, reserved 1048576K
}
Event: 20.836 GC heap before
{Heap before GC invocations=4 (full 2):
 PSYoungGen      total 611840K, used 19225K [0x00000000d5580000, 0x0000000100000000, 0x0000000100000000)
  eden space 524800K, 0% used [0x00000000d5580000,0x00000000d5580000,0x00000000f5600000)
  from space 87040K, 22% used [0x00000000fab00000,0x00000000fbdc6760,0x0000000100000000)
  to   space 87040K, 0% used [0x00000000f5600000,0x00000000f5600000,0x00000000fab00000)
 ParOldGen       total 889344K, used 13778K [0x0000000080000000, 0x00000000b6480000, 0x00000000d5580000)
  object space 889344K, 1% used [0x0000000080000000,0x0000000080d748f0,0x00000000b6480000)
 Metaspace       used 34823K, capacity 35190K, committed 35416K, reserved 1081344K
  class space    used 3965K, capacity 4091K, committed 4096K, reserved 1048576K
Event: 20.930 GC heap after
Heap after GC invocations=4 (full 2):
 PSYoungGen      total 611840K, used 0K [0x00000000d5580000, 0x0000000100000000, 0x0000000100000000)
  eden space 524800K, 0% used [0x00000000d5580000,0x00000000d5580000,0x00000000f5600000)
  from space 87040K, 0% used [0x00000000fab00000,0x00000000fab00000,0x0000000100000000)
  to   space 87040K, 0% used [0x00000000f5600000,0x00000000f5600000,0x00000000fab00000)
 ParOldGen       total 1398272K, used 23652K [0x0000000080000000, 0x00000000d5580000, 0x00000000d5580000)
  object space 1398272K, 1% used [0x0000000080000000,0x0000000081719148,0x00000000d5580000)
 Metaspace       used 34823K, capacity 35190K, committed 35416K, reserved 1081344K
  class space    used 3965K, capacity 4091K, committed 4096K, reserved 1048576K
}
Event: 27.986 GC heap before
{Heap before GC invocations=5 (full 2):
 PSYoungGen      total 611840K, used 445279K [0x00000000d5580000, 0x0000000100000000, 0x0000000100000000)
  eden space 524800K, 84% used [0x00000000d5580000,0x00000000f0857d38,0x00000000f5600000)
  from space 87040K, 0% used [0x00000000fab00000,0x00000000fab00000,0x0000000100000000)
  to   space 87040K, 0% used [0x00000000f5600000,0x00000000f5600000,0x00000000fab00000)
 ParOldGen       total 1398272K, used 23652K [0x0000000080000000, 0x00000000d5580000, 0x00000000d5580000)
  object space 1398272K, 1% used [0x0000000080000000,0x0000000081719148,0x00000000d5580000)
 Metaspace       used 57405K, capacity 58924K, committed 59028K, reserved 1101824K
  class space    used 6639K, capacity 6936K, committed 7040K, reserved 1048576K
Event: 28.047 GC heap after
Heap after GC invocations=5 (full 2):
 PSYoungGen      total 611840K, used 34994K [0x00000000d5580000, 0x0000000100000000, 0x0000000100000000)
  eden space 524800K, 0% used [0x00000000d5580000,0x00000000d5580000,0x00000000f5600000)
  from space 87040K, 40% used [0x00000000f5600000,0x00000000f782c9c0,0x00000000fab00000)
  to   space 87040K, 0% used [0x00000000fab00000,0x00000000fab00000,0x0000000100000000)
 ParOldGen       total 1398272K, used 23660K [0x0000000080000000, 0x00000000d5580000, 0x00000000d5580000)
  object space 1398272K, 1% used [0x0000000080000000,0x000000008171b148,0x00000000d5580000)
 Metaspace       used 57405K, capacity 58924K, committed 59028K, reserved 1101824K
  class space    used 6639K, capacity 6936K, committed 7040K, reserved 1048576K
}
Event: 28.047 GC heap before
{Heap before GC invocations=6 (full 3):
 PSYoungGen      total 611840K, used 34994K [0x00000000d5580000, 0x0000000100000000, 0x0000000100000000)
  eden space 524800K, 0% used [0x00000000d5580000,0x00000000d5580000,0x00000000f5600000)
  from space 87040K, 40% used [0x00000000f5600000,0x00000000f782c9c0,0x00000000fab00000)
  to   space 87040K, 0% used [0x00000000fab00000,0x00000000fab00000,0x0000000100000000)
 ParOldGen       total 1398272K, used 23660K [0x0000000080000000, 0x00000000d5580000, 0x00000000d5580000)
  object space 1398272K, 1% used [0x0000000080000000,0x000000008171b148,0x00000000d5580000)
 Metaspace       used 57405K, capacity 58924K, committed 59028K, reserved 1101824K
  class space    used 6639K, capacity 6936K, committed 7040K, reserved 1048576K
Event: 28.344 GC heap after
Heap after GC invocations=6 (full 3):
 PSYoungGen      total 611840K, used 0K [0x00000000d5580000, 0x0000000100000000, 0x0000000100000000)
  eden space 524800K, 0% used [0x00000000d5580000,0x00000000d5580000,0x00000000f5600000)
  from space 87040K, 0% used [0x00000000f5600000,0x00000000f5600000,0x00000000fab00000)
  to   space 87040K, 0% used [0x00000000fab00000,0x00000000fab00000,0x0000000100000000)
 ParOldGen       total 1398272K, used 45395K [0x0000000080000000, 0x00000000d5580000, 0x00000000d5580000)
  object space 1398272K, 3% used [0x0000000080000000,0x0000000082c54e60,0x00000000d5580000)
 Metaspace       used 57296K, capacity 58672K, committed 59028K, reserved 1101824K
  class space    used 6610K, capacity 6884K, committed 7040K, reserved 1048576K
}

