# JRE version: OpenJDK Runtime Environment (8.0_212-b04) (build 1.8.0_212-b04)
# Java VM: OpenJDK 64-Bit Server VM (25.212-b04 mixed mode linux-amd64 compressed oops)
Heap:
 PSYoungGen      total 397824K, used 69360K [0x00000000d5580000, 0x0000000100000000, 0x0000000100000000)
  eden space 365056K, 10% used [0x00000000d5580000,0x00000000d7942330,0x00000000eba00000)
  from space 32768K, 99% used [0x00000000f8b80000,0x00000000fab79e78,0x00000000fab80000)
  to   space 166912K, 0% used [0x00000000eba00000,0x00000000eba00000,0x00000000f5d00000)
 ParOldGen       total 1398272K, used 986916K [0x0000000080000000, 0x00000000d5580000, 0x00000000d5580000)
  object space 1398272K, 70% used [0x0000000080000000,0x00000000bc3c9268,0x00000000d5580000)
 Metaspace       used 65028K, capacity 67535K, committed 67840K, reserved 1110016K
  class space    used 7425K, capacity 7886K, committed 7936K, reserved 1048576K
GC Heap History (10 events):
Event: 9.427 GC heap before
{Heap before GC invocations=5 (full 2):
 PSYoungGen      total 611840K, used 524800K [0x00000000d5580000, 0x0000000100000000, 0x0000000100000000)
  eden space 524800K, 100% used [0x00000000d5580000,0x00000000f5600000,0x00000000f5600000)
  from space 87040K, 0% used [0x00000000fab00000,0x00000000fab00000,0x0000000100000000)
  to   space 87040K, 0% used [0x00000000f5600000,0x00000000f5600000,0x00000000fab00000)
 ParOldGen       total 1398272K, used 23930K [0x0000000080000000, 0x00000000d5580000, 0x00000000d5580000)
  object space 1398272K, 1% used [0x0000000080000000,0x000000008175e850,0x00000000d5580000)
 Metaspace       used 44501K, capacity 45414K, committed 45568K, reserved 1089536K
  class space    used 5153K, capacity 5363K, committed 5376K, reserved 1048576K
Event: 9.469 GC heap after
Heap after GC invocations=5 (full 2):
 PSYoungGen      total 611840K, used 17041K [0x00000000d5580000, 0x0000000100000000, 0x0000000100000000)
  eden space 524800K, 0% used [0x00000000d5580000,0x00000000d5580000,0x00000000f5600000)
  from space 87040K, 19% used [0x00000000f5600000,0x00000000f66a4710,0x00000000fab00000)
  to   space 87040K, 0% used [0x00000000fab00000,0x00000000fab00000,0x0000000100000000)
 ParOldGen       total 1398272K, used 23938K [0x0000000080000000, 0x00000000d5580000, 0x00000000d5580000)
  object space 1398272K, 1% used [0x0000000080000000,0x0000000081760850,0x00000000d5580000)
 Metaspace       used 44501K, capacity 45414K, committed 45568K, reserved 1089536K
  class space    used 5153K, capacity 5363K, committed 5376K, reserved 1048576K
}
Event: 13.526 GC heap before
{Heap before GC invocations=6 (full 2):
 PSYoungGen      total 611840K, used 341266K [0x00000000d5580000, 0x0000000100000000, 0x0000000100000000)
  eden space 524800K, 61% used [0x00000000d5580000,0x00000000e9220268,0x00000000f5600000)
  from space 87040K, 19% used [0x00000000f5600000,0x00000000f66a4710,0x00000000fab00000)
  to   space 87040K, 0% used [0x00000000fab00000,0x00000000fab00000,0x0000000100000000)
 ParOldGen       total 1398272K, used 23938K [0x0000000080000000, 0x00000000d5580000, 0x00000000d5580000)
  object space 1398272K, 1% used [0x0000000080000000,0x0000000081760850,0x00000000d5580000)
 Metaspace       used 57424K, capacity 58813K, committed 59028K, reserved 1101824K
  class space    used 6622K, capacity 6912K, committed 6912K, reserved 1048576K
Event: 13.607 GC heap after
Heap after GC invocations=6 (full 2):
 PSYoungGen      total 611840K, used 29068K [0x00000000d5580000, 0x0000000100000000, 0x0000000100000000)
  eden space 524800K, 0% used [0x00000000d5580000,0x00000000d5580000,0x00000000f5600000)
  from space 87040K, 33% used [0x00000000fab00000,0x00000000fc7633f8,0x0000000100000000)
  to   space 87040K, 0% used [0x00000000f5600000,0x00000000f5600000,0x00000000fab00000)
 ParOldGen       total 1398272K, used 23946K [0x0000000080000000, 0x00000000d5580000, 0x00000000d5580000)
  object space 1398272K, 1% used [0x0000000080000000,0x0000000081762850,0x00000000d5580000)
 Metaspace       used 57424K, capacity 58813K, committed 59028K, reserved 1101824K
  class space    used 6622K, capacity 6912K, committed 6912K, reserved 1048576K
}
Event: 13.607 GC heap before
{Heap before GC invocations=7 (full 3):
 PSYoungGen      total 611840K, used 29068K [0x00000000d5580000, 0x0000000100000000, 0x0000000100000000)
  eden space 524800K, 0% used [0x00000000d5580000,0x00000000d5580000,0x00000000f5600000)
  from space 87040K, 33% used [0x00000000fab00000,0x00000000fc7633f8,0x0000000100000000)
  to   space 87040K, 0% used [0x00000000f5600000,0x00000000f5600000,0x00000000fab00000)
 ParOldGen       total 1398272K, used 23946K [0x0000000080000000, 0x00000000d5580000, 0x00000000d5580000)
  object space 1398272K, 1% used [0x0000000080000000,0x0000000081762850,0x00000000d5580000)
 Metaspace       used 57424K, capacity 58813K, committed 59028K, reserved 1101824K
  class space    used 6622K, capacity 6912K, committed 6912K, reserved 1048576K
Event: 13.879 GC heap after
Heap after GC invocations=7 (full 3):
 PSYoungGen      total 611840K, used 0K [0x00000000d5580000, 0x0000000100000000, 0x0000000100000000)
  eden space 524800K, 0% used [0x00000000d5580000,0x00000000d5580000,0x00000000f5600000)
  from space 87040K, 0% used [0x00000000fab00000,0x00000000fab00000,0x0000000100000000)
  to   space 87040K, 0% used [0x00000000f5600000,0x00000000f5600000,0x00000000fab00000)
 ParOldGen       total 1398272K, used 40259K [0x0000000080000000, 0x00000000d5580000, 0x00000000d5580000)
  object space 1398272K, 2% used [0x0000000080000000,0x0000000082750f00,0x00000000d5580000)
 Metaspace       used 57405K, capacity 58765K, committed 59028K, reserved 1101824K
  class space    used 6614K, capacity 6900K, committed 6912K, reserved 1048576K
}
Event: 21.089 GC heap before
{Heap before GC invocations=8 (full 3):
 PSYoungGen      total 611840K, used 388799K [0x00000000d5580000, 0x0000000100000000, 0x0000000100000000)
  eden space 524800K, 74% used [0x00000000d5580000,0x00000000ed12fd80,0x00000000f5600000)
  from space 87040K, 0% used [0x00000000fab00000,0x00000000fab00000,0x0000000100000000)
  to   space 87040K, 0% used [0x00000000f5600000,0x00000000f5600000,0x00000000fab00000)
 ParOldGen       total 1398272K, used 40259K [0x0000000080000000, 0x00000000d5580000, 0x00000000d5580000)
  object space 1398272K, 2% used [0x0000000080000000,0x0000000082750f00,0x00000000d5580000)
 Metaspace       used 60193K, capacity 62097K, committed 62336K, reserved 1103872K
  class space    used 6940K, capacity 7279K, committed 7296K, reserved 1048576K
Event: 21.370 GC heap after
Heap after GC invocations=8 (full 3):
 PSYoungGen      total 553472K, used 28269K [0x00000000d5580000, 0x00000000fab80000, 0x0000000100000000)
  eden space 524800K, 0% used [0x00000000d5580000,0x00000000d5580000,0x00000000f5600000)
  from space 28672K, 98% used [0x00000000f5600000,0x00000000f719b7f0,0x00000000f7200000)
  to   space 32768K, 0% used [0x00000000f8b80000,0x00000000f8b80000,0x00000000fab80000)
 ParOldGen       total 1398272K, used 449859K [0x0000000080000000, 0x00000000d5580000, 0x00000000d5580000)
  object space 1398272K, 32% used [0x0000000080000000,0x000000009b750f20,0x00000000d5580000)
 Metaspace       used 60193K, capacity 62097K, committed 62336K, reserved 1103872K
  class space    used 6940K, capacity 7279K, committed 7296K, reserved 1048576K
}
Event: 26.144 GC heap before
{Heap before GC invocations=9 (full 3):
 PSYoungGen      total 553472K, used 553069K [0x00000000d5580000, 0x00000000fab80000, 0x0000000100000000)
  eden space 524800K, 100% used [0x00000000d5580000,0x00000000f5600000,0x00000000f5600000)
  from space 28672K, 98% used [0x00000000f5600000,0x00000000f719b7f0,0x00000000f7200000)
  to   space 32768K, 0% used [0x00000000f8b80000,0x00000000f8b80000,0x00000000fab80000)
 ParOldGen       total 1398272K, used 757059K [0x0000000080000000, 0x00000000d5580000, 0x00000000d5580000)
  object space 1398272K, 54% used [0x0000000080000000,0x00000000ae350f30,0x00000000d5580000)
 Metaspace       used 64956K, capacity 67495K, committed 67584K, reserved 1110016K
  class space    used 7420K, capacity 7878K, committed 7936K, reserved 1048576K
Event: 26.318 GC heap after
Heap after GC invocations=9 (full 3):
 PSYoungGen      total 397824K, used 32743K [0x00000000d5580000, 0x0000000100000000, 0x0000000100000000)
  eden space 365056K, 0% used [0x00000000d5580000,0x00000000d5580000,0x00000000eba00000)
  from space 32768K, 99% used [0x00000000f8b80000,0x00000000fab79e78,0x00000000fab80000)
  to   space 166912K, 0% used [0x00000000eba00000,0x00000000eba00000,0x00000000f5d00000)
 ParOldGen       total 1398272K, used 986916K [0x0000000080000000, 0x00000000d5580000, 0x00000000d5580000)
  object space 1398272K, 70% used [0x0000000080000000,0x00000000bc3c9268,0x00000000d5580000)
 Metaspace       used 64956K, capacity 67495K, committed 67584K, reserved 1110016K
  class space    used 7420K, capacity 7878K, committed 7936K, reserved 1048576K
}

