# JRE version: OpenJDK Runtime Environment (8.0_212-b04) (build 1.8.0_212-b04)
# Java VM: OpenJDK 64-Bit Server VM (25.212-b04 mixed mode linux-amd64 compressed oops)
Heap:
 PSYoungGen      total 611840K, used 447601K [0x00000000d5580000, 0x0000000100000000, 0x0000000100000000)
  eden space 524800K, 85% used [0x00000000d5580000,0x00000000f0a9c6e0,0x00000000f5600000)
  from space 87040K, 0% used [0x00000000fab00000,0x00000000fab00000,0x0000000100000000)
  to   space 87040K, 0% used [0x00000000f5600000,0x00000000f5600000,0x00000000fab00000)
 ParOldGen       total 1398272K, used 23579K [0x0000000080000000, 0x00000000d5580000, 0x00000000d5580000)
  object space 1398272K, 1% used [0x0000000080000000,0x0000000081706d10,0x00000000d5580000)
 Metaspace       used 53026K, capacity 54542K, committed 54784K, reserved 1097728K
  class space    used 6305K, capacity 6597K, committed 6656K, reserved 1048576K
GC Heap History (8 events):
Event: 2.560 GC heap before
{Heap before GC invocations=1 (full 0):
 PSYoungGen      total 611840K, used 199432K [0x00000000d5580000, 0x0000000100000000, 0x0000000100000000)
  eden space 524800K, 38% used [0x00000000d5580000,0x00000000e1842278,0x00000000f5600000)
  from space 87040K, 0% used [0x00000000fab00000,0x00000000fab00000,0x0000000100000000)
  to   space 87040K, 0% used [0x00000000f5600000,0x00000000f5600000,0x00000000fab00000)
 ParOldGen       total 1398272K, used 0K [0x0000000080000000, 0x00000000d5580000, 0x00000000d5580000)
  object space 1398272K, 0% used [0x0000000080000000,0x0000000080000000,0x00000000d5580000)
 Metaspace       used 20831K, capacity 21106K, committed 21248K, reserved 1069056K
  class space    used 2367K, capacity 2482K, committed 2560K, reserved 1048576K
Event: 2.600 GC heap after
Heap after GC invocations=1 (full 0):
 PSYoungGen      total 611840K, used 14296K [0x00000000d5580000, 0x0000000100000000, 0x0000000100000000)
  eden space 524800K, 0% used [0x00000000d5580000,0x00000000d5580000,0x00000000f5600000)
  from space 87040K, 16% used [0x00000000f5600000,0x00000000f63f6148,0x00000000fab00000)
  to   space 87040K, 0% used [0x00000000fab00000,0x00000000fab00000,0x0000000100000000)
 ParOldGen       total 1398272K, used 80K [0x0000000080000000, 0x00000000d5580000, 0x00000000d5580000)
  object space 1398272K, 0% used [0x0000000080000000,0x0000000080014010,0x00000000d5580000)
 Metaspace       used 20831K, capacity 21106K, committed 21248K, reserved 1069056K
  class space    used 2367K, capacity 2482K, committed 2560K, reserved 1048576K
}
Event: 2.600 GC heap before
{Heap before GC invocations=2 (full 1):
 PSYoungGen      total 611840K, used 14296K [0x00000000d5580000, 0x0000000100000000, 0x0000000100000000)
  eden space 524800K, 0% used [0x00000000d5580000,0x00000000d5580000,0x00000000f5600000)
  from space 87040K, 16% used [0x00000000f5600000,0x00000000f63f6148,0x00000000fab00000)
  to   space 87040K, 0% used [0x00000000fab00000,0x00000000fab00000,0x0000000100000000)
 ParOldGen       total 1398272K, used 80K [0x0000000080000000, 0x00000000d5580000, 0x00000000d5580000)
  object space 1398272K, 0% used [0x0000000080000000,0x0000000080014010,0x00000000d5580000)
 Metaspace       used 20831K, capacity 21106K, committed 21248K, reserved 1069056K
  class space    used 2367K, capacity 2482K, committed 2560K, reserved 1048576K
Event: 2.676 GC heap after
Heap after GC invocations=2 (full 1):
 PSYoungGen      total 611840K, used 0K [0x00000000d5580000, 0x0000000100000000, 0x0000000100000000)
  eden space 524800K, 0% used [0x00000000d5580000,0x00000000d5580000,0x00000000f5600000)
  from space 87040K, 0% used [0x00000000f5600000,0x00000000f5600000,0x00000000fab00000)
  to   space 87040K, 0% used [0x00000000fab00000,0x00000000fab00000,0x0000000100000000)
 ParOldGen       total 884224K, used 13730K [0x0000000080000000, 0x00000000b5f80000, 0x00000000d5580000)
  object space 884224K, 1% used [0x0000000080000000,0x0000000080d68bd0,0x00000000b5f80000)
 Metaspace       used 20831K, capacity 21106K, committed 21248K, reserved 1069056K
  class space    used 2367K, capacity 2482K, committed 2560K, reserved 1048576K
}
Event: 5.138 GC heap before
{Heap before GC invocations=3 (full 1):
 PSYoungGen      total 611840K, used 434610K [0x00000000d5580000, 0x0000000100000000, 0x0000000100000000)
  eden space 524800K, 82% used [0x00000000d5580000,0x00000000efdecb38,0x00000000f5600000)
  from space 87040K, 0% used [0x00000000f5600000,0x00000000f5600000,0x00000000fab00000)
  to   space 87040K, 0% used [0x00000000fab00000,0x00000000fab00000,0x0000000100000000)
 ParOldGen       total 884224K, used 13730K [0x0000000080000000, 0x00000000b5f80000, 0x00000000d5580000)
  object space 884224K, 1% used [0x0000000080000000,0x0000000080d68bd0,0x00000000b5f80000)
 Metaspace       used 34783K, capacity 35182K, committed 35416K, reserved 1081344K
  class space    used 3974K, capacity 4091K, committed 4096K, reserved 1048576K
Event: 5.177 GC heap after
Heap after GC invocations=3 (full 1):
 PSYoungGen      total 611840K, used 19186K [0x00000000d5580000, 0x0000000100000000, 0x0000000100000000)
  eden space 524800K, 0% used [0x00000000d5580000,0x00000000d5580000,0x00000000f5600000)
  from space 87040K, 22% used [0x00000000fab00000,0x00000000fbdbca50,0x0000000100000000)
  to   space 87040K, 0% used [0x00000000f5600000,0x00000000f5600000,0x00000000fab00000)
 ParOldGen       total 884224K, used 13730K [0x0000000080000000, 0x00000000b5f80000, 0x00000000d5580000)
  object space 884224K, 1% used [0x0000000080000000,0x0000000080d68bd0,0x00000000b5f80000)
 Metaspace       used 34783K, capacity 35182K, committed 35416K, reserved 1081344K
  class space    used 3974K, capacity 4091K, committed 4096K, reserved 1048576K
}
Event: 5.177 GC heap before
{Heap before GC invocations=4 (full 2):
 PSYoungGen      total 611840K, used 19186K [0x00000000d5580000, 0x0000000100000000, 0x0000000100000000)
  eden space 524800K, 0% used [0x00000000d5580000,0x00000000d5580000,0x00000000f5600000)
  from space 87040K, 22% used [0x00000000fab00000,0x00000000fbdbca50,0x0000000100000000)
  to   space 87040K, 0% used [0x00000000f5600000,0x00000000f5600000,0x00000000fab00000)
 ParOldGen       total 884224K, used 13730K [0x0000000080000000, 0x00000000b5f80000, 0x00000000d5580000)
  object space 884224K, 1% used [0x0000000080000000,0x0000000080d68bd0,0x00000000b5f80000)
 Metaspace       used 34783K, capacity 35182K, committed 35416K, reserved 1081344K
  class space    used 3974K, capacity 4091K, committed 4096K, reserved 1048576K
Event: 5.295 GC heap after
Heap after GC invocations=4 (full 2):
 PSYoungGen      total 611840K, used 0K [0x00000000d5580000, 0x0000000100000000, 0x0000000100000000)
  eden space 524800K, 0% used [0x00000000d5580000,0x00000000d5580000,0x00000000f5600000)
  from space 87040K, 0% used [0x00000000fab00000,0x00000000fab00000,0x0000000100000000)
  to   space 87040K, 0% used [0x00000000f5600000,0x00000000f5600000,0x00000000fab00000)
 ParOldGen       total 1398272K, used 23579K [0x0000000080000000, 0x00000000d5580000, 0x00000000d5580000)
  object space 1398272K, 1% used [0x0000000080000000,0x0000000081706d10,0x00000000d5580000)
 Metaspace       used 34783K, capacity 35182K, committed 35416K, reserved 1081344K
  class space    used 3974K, capacity 4091K, committed 4096K, reserved 1048576K
}

