# JRE version: OpenJDK Runtime Environment (8.0_212-b04) (build 1.8.0_212-b04)
# Java VM: OpenJDK 64-Bit Server VM (25.212-b04 mixed mode linux-amd64 compressed oops)
Heap:
 PSYoungGen      total 587776K, used 134066K [0x00000000d5580000, 0x00000000fbd00000, 0x0000000100000000)
  eden space 524800K, 13% used [0x00000000d5580000,0x00000000d9b63858,0x00000000f5600000)
  from space 62976K, 99% used [0x00000000f5600000,0x00000000f9309290,0x00000000f9380000)
  to   space 42496K, 0% used [0x00000000f9380000,0x00000000f9380000,0x00000000fbd00000)
 ParOldGen       total 1398272K, used 32158K [0x0000000080000000, 0x00000000d5580000, 0x00000000d5580000)
  object space 1398272K, 2% used [0x0000000080000000,0x0000000081f67af0,0x00000000d5580000)
 Metaspace       used 76837K, capacity 79625K, committed 79872K, reserved 1120256K
  class space    used 8950K, capacity 9471K, committed 9472K, reserved 1048576K
GC Heap History (10 events):
Event: 3.976 GC heap before
{Heap before GC invocations=4 (full 2):
 PSYoungGen      total 611840K, used 19426K [0x00000000d5580000, 0x0000000100000000, 0x0000000100000000)
  eden space 524800K, 0% used [0x00000000d5580000,0x00000000d5580000,0x00000000f5600000)
  from space 87040K, 22% used [0x00000000fab00000,0x00000000fbdf8920,0x0000000100000000)
  to   space 87040K, 0% used [0x00000000f5600000,0x00000000f5600000,0x00000000fab00000)
 ParOldGen       total 850944K, used 13521K [0x0000000080000000, 0x00000000b3f00000, 0x00000000d5580000)
  object space 850944K, 1% used [0x0000000080000000,0x0000000080d34660,0x00000000b3f00000)
 Metaspace       used 34714K, capacity 35018K, committed 35416K, reserved 1081344K
  class space    used 4187K, capacity 4289K, committed 4352K, reserved 1048576K
Event: 4.093 GC heap after
Heap after GC invocations=4 (full 2):
 PSYoungGen      total 611840K, used 0K [0x00000000d5580000, 0x0000000100000000, 0x0000000100000000)
  eden space 524800K, 0% used [0x00000000d5580000,0x00000000d5580000,0x00000000f5600000)
  from space 87040K, 0% used [0x00000000fab00000,0x00000000fab00000,0x0000000100000000)
  to   space 87040K, 0% used [0x00000000f5600000,0x00000000f5600000,0x00000000fab00000)
 ParOldGen       total 1398272K, used 24276K [0x0000000080000000, 0x00000000d5580000, 0x00000000d5580000)
  object space 1398272K, 1% used [0x0000000080000000,0x00000000817b5218,0x00000000d5580000)
 Metaspace       used 34714K, capacity 35018K, committed 35416K, reserved 1081344K
  class space    used 4187K, capacity 4289K, committed 4352K, reserved 1048576K
}
Event: 7.051 GC heap before
{Heap before GC invocations=5 (full 2):
 PSYoungGen      total 611840K, used 524800K [0x00000000d5580000, 0x0000000100000000, 0x0000000100000000)
  eden space 524800K, 100% used [0x00000000d5580000,0x00000000f5600000,0x00000000f5600000)
  from space 87040K, 0% used [0x00000000fab00000,0x00000000fab00000,0x0000000100000000)
  to   space 87040K, 0% used [0x00000000f5600000,0x00000000f5600000,0x00000000fab00000)
 ParOldGen       total 1398272K, used 24276K [0x0000000080000000, 0x00000000d5580000, 0x00000000d5580000)
  object space 1398272K, 1% used [0x0000000080000000,0x00000000817b5218,0x00000000d5580000)
 Metaspace       used 49369K, capacity 50182K, committed 50432K, reserved 1093632K
  class space    used 5865K, capacity 6053K, committed 6144K, reserved 1048576K
Event: 7.091 GC heap after
Heap after GC invocations=5 (full 2):
 PSYoungGen      total 611840K, used 21731K [0x00000000d5580000, 0x0000000100000000, 0x0000000100000000)
  eden space 524800K, 0% used [0x00000000d5580000,0x00000000d5580000,0x00000000f5600000)
  from space 87040K, 24% used [0x00000000f5600000,0x00000000f6b38ce0,0x00000000fab00000)
  to   space 87040K, 0% used [0x00000000fab00000,0x00000000fab00000,0x0000000100000000)
 ParOldGen       total 1398272K, used 24276K [0x0000000080000000, 0x00000000d5580000, 0x00000000d5580000)
  object space 1398272K, 1% used [0x0000000080000000,0x00000000817b5218,0x00000000d5580000)
 Metaspace       used 49369K, capacity 50182K, committed 50432K, reserved 1093632K
  class space    used 5865K, capacity 6053K, committed 6144K, reserved 1048576K
}
Event: 11.027 GC heap before
{Heap before GC invocations=6 (full 2):
 PSYoungGen      total 611840K, used 330071K [0x00000000d5580000, 0x0000000100000000, 0x0000000100000000)
  eden space 524800K, 58% used [0x00000000d5580000,0x00000000e829d2f0,0x00000000f5600000)
  from space 87040K, 24% used [0x00000000f5600000,0x00000000f6b38ce0,0x00000000fab00000)
  to   space 87040K, 0% used [0x00000000fab00000,0x00000000fab00000,0x0000000100000000)
 ParOldGen       total 1398272K, used 24276K [0x0000000080000000, 0x00000000d5580000, 0x00000000d5580000)
  object space 1398272K, 1% used [0x0000000080000000,0x00000000817b5218,0x00000000d5580000)
 Metaspace       used 57602K, capacity 58825K, committed 59028K, reserved 1101824K
  class space    used 6920K, capacity 7168K, committed 7168K, reserved 1048576K
Event: 11.059 GC heap after
Heap after GC invocations=6 (full 2):
 PSYoungGen      total 611840K, used 19605K [0x00000000d5580000, 0x0000000100000000, 0x0000000100000000)
  eden space 524800K, 0% used [0x00000000d5580000,0x00000000d5580000,0x00000000f5600000)
  from space 87040K, 22% used [0x00000000fab00000,0x00000000fbe25500,0x0000000100000000)
  to   space 87040K, 0% used [0x00000000f5600000,0x00000000f5600000,0x00000000fab00000)
 ParOldGen       total 1398272K, used 24284K [0x0000000080000000, 0x00000000d5580000, 0x00000000d5580000)
  object space 1398272K, 1% used [0x0000000080000000,0x00000000817b7218,0x00000000d5580000)
 Metaspace       used 57602K, capacity 58825K, committed 59028K, reserved 1101824K
  class space    used 6920K, capacity 7168K, committed 7168K, reserved 1048576K
}
Event: 11.059 GC heap before
{Heap before GC invocations=7 (full 3):
 PSYoungGen      total 611840K, used 19605K [0x00000000d5580000, 0x0000000100000000, 0x0000000100000000)
  eden space 524800K, 0% used [0x00000000d5580000,0x00000000d5580000,0x00000000f5600000)
  from space 87040K, 22% used [0x00000000fab00000,0x00000000fbe25500,0x0000000100000000)
  to   space 87040K, 0% used [0x00000000f5600000,0x00000000f5600000,0x00000000fab00000)
 ParOldGen       total 1398272K, used 24284K [0x0000000080000000, 0x00000000d5580000, 0x00000000d5580000)
  object space 1398272K, 1% used [0x0000000080000000,0x00000000817b7218,0x00000000d5580000)
 Metaspace       used 57602K, capacity 58825K, committed 59028K, reserved 1101824K
  class space    used 6920K, capacity 7168K, committed 7168K, reserved 1048576K
Event: 11.304 GC heap after
Heap after GC invocations=7 (full 3):
 PSYoungGen      total 611840K, used 0K [0x00000000d5580000, 0x0000000100000000, 0x0000000100000000)
  eden space 524800K, 0% used [0x00000000d5580000,0x00000000d5580000,0x00000000f5600000)
  from space 87040K, 0% used [0x00000000fab00000,0x00000000fab00000,0x0000000100000000)
  to   space 87040K, 0% used [0x00000000f5600000,0x00000000f5600000,0x00000000fab00000)
 ParOldGen       total 1398272K, used 32158K [0x0000000080000000, 0x00000000d5580000, 0x00000000d5580000)
  object space 1398272K, 2% used [0x0000000080000000,0x0000000081f67af0,0x00000000d5580000)
 Metaspace       used 57504K, capacity 58585K, committed 59028K, reserved 1101824K
  class space    used 6885K, capacity 7106K, committed 7168K, reserved 1048576K
}
Event: 24.882 GC heap before
{Heap before GC invocations=8 (full 3):
 PSYoungGen      total 611840K, used 524800K [0x00000000d5580000, 0x0000000100000000, 0x0000000100000000)
  eden space 524800K, 100% used [0x00000000d5580000,0x00000000f5600000,0x00000000f5600000)
  from space 87040K, 0% used [0x00000000fab00000,0x00000000fab00000,0x0000000100000000)
  to   space 87040K, 0% used [0x00000000f5600000,0x00000000f5600000,0x00000000fab00000)
 ParOldGen       total 1398272K, used 32158K [0x0000000080000000, 0x00000000d5580000, 0x00000000d5580000)
  object space 1398272K, 2% used [0x0000000080000000,0x0000000081f67af0,0x00000000d5580000)
 Metaspace       used 76578K, capacity 79245K, committed 79360K, reserved 1120256K
  class space    used 8923K, capacity 9433K, committed 9472K, reserved 1048576K
Event: 24.981 GC heap after
Heap after GC invocations=8 (full 3):
 PSYoungGen      total 587776K, used 62500K [0x00000000d5580000, 0x00000000fbd00000, 0x0000000100000000)
  eden space 524800K, 0% used [0x00000000d5580000,0x00000000d5580000,0x00000000f5600000)
  from space 62976K, 99% used [0x00000000f5600000,0x00000000f9309290,0x00000000f9380000)
  to   space 42496K, 0% used [0x00000000f9380000,0x00000000f9380000,0x00000000fbd00000)
 ParOldGen       total 1398272K, used 32158K [0x0000000080000000, 0x00000000d5580000, 0x00000000d5580000)
  object space 1398272K, 2% used [0x0000000080000000,0x0000000081f67af0,0x00000000d5580000)
 Metaspace       used 76578K, capacity 79245K, committed 79360K, reserved 1120256K
  class space    used 8923K, capacity 9433K, committed 9472K, reserved 1048576K
}

