# JRE version: OpenJDK Runtime Environment (8.0_212-b04) (build 1.8.0_212-b04)
# Java VM: OpenJDK 64-Bit Server VM (25.212-b04 mixed mode linux-amd64 compressed oops)
Heap:
 PSYoungGen      total 611840K, used 41220K [0x00000000d5580000, 0x0000000100000000, 0x0000000100000000)
  eden space 524800K, 5% used [0x00000000d5580000,0x00000000d71c2728,0x00000000f5600000)
  from space 87040K, 14% used [0x00000000fab00000,0x00000000fb6fec58,0x0000000100000000)
  to   space 87040K, 0% used [0x00000000f5600000,0x00000000f5600000,0x00000000fab00000)
 ParOldGen       total 1398272K, used 39565K [0x0000000080000000, 0x00000000d5580000, 0x00000000d5580000)
  object space 1398272K, 2% used [0x0000000080000000,0x00000000826a3698,0x00000000d5580000)
 Metaspace       used 65160K, capacity 67342K, committed 67584K, reserved 1110016K
  class space    used 7221K, capacity 7613K, committed 7680K, reserved 1048576K
GC Heap History (10 events):
Event: 4.513 GC heap before
{Heap before GC invocations=3 (full 1):
 PSYoungGen      total 611840K, used 445044K [0x00000000d5580000, 0x0000000100000000, 0x0000000100000000)
  eden space 524800K, 84% used [0x00000000d5580000,0x00000000f081d000,0x00000000f5600000)
  from space 87040K, 0% used [0x00000000f5600000,0x00000000f5600000,0x00000000fab00000)
  to   space 87040K, 0% used [0x00000000fab00000,0x00000000fab00000,0x0000000100000000)
 ParOldGen       total 857600K, used 13740K [0x0000000080000000, 0x00000000b4580000, 0x00000000d5580000)
  object space 857600K, 1% used [0x0000000080000000,0x0000000080d6b328,0x00000000b4580000)
 Metaspace       used 34836K, capacity 35188K, committed 35496K, reserved 1081344K
  class space    used 3972K, capacity 4092K, committed 4096K, reserved 1048576K
Event: 4.542 GC heap after
Heap after GC invocations=3 (full 1):
 PSYoungGen      total 611840K, used 19260K [0x00000000d5580000, 0x0000000100000000, 0x0000000100000000)
  eden space 524800K, 0% used [0x00000000d5580000,0x00000000d5580000,0x00000000f5600000)
  from space 87040K, 22% used [0x00000000fab00000,0x00000000fbdcf140,0x0000000100000000)
  to   space 87040K, 0% used [0x00000000f5600000,0x00000000f5600000,0x00000000fab00000)
 ParOldGen       total 857600K, used 13748K [0x0000000080000000, 0x00000000b4580000, 0x00000000d5580000)
  object space 857600K, 1% used [0x0000000080000000,0x0000000080d6d328,0x00000000b4580000)
 Metaspace       used 34836K, capacity 35188K, committed 35496K, reserved 1081344K
  class space    used 3972K, capacity 4092K, committed 4096K, reserved 1048576K
}
Event: 4.543 GC heap before
{Heap before GC invocations=4 (full 2):
 PSYoungGen      total 611840K, used 19260K [0x00000000d5580000, 0x0000000100000000, 0x0000000100000000)
  eden space 524800K, 0% used [0x00000000d5580000,0x00000000d5580000,0x00000000f5600000)
  from space 87040K, 22% used [0x00000000fab00000,0x00000000fbdcf140,0x0000000100000000)
  to   space 87040K, 0% used [0x00000000f5600000,0x00000000f5600000,0x00000000fab00000)
 ParOldGen       total 857600K, used 13748K [0x0000000080000000, 0x00000000b4580000, 0x00000000d5580000)
  object space 857600K, 1% used [0x0000000080000000,0x0000000080d6d328,0x00000000b4580000)
 Metaspace       used 34836K, capacity 35188K, committed 35496K, reserved 1081344K
  class space    used 3972K, capacity 4092K, committed 4096K, reserved 1048576K
Event: 4.640 GC heap after
Heap after GC invocations=4 (full 2):
 PSYoungGen      total 611840K, used 0K [0x00000000d5580000, 0x0000000100000000, 0x0000000100000000)
  eden space 524800K, 0% used [0x00000000d5580000,0x00000000d5580000,0x00000000f5600000)
  from space 87040K, 0% used [0x00000000fab00000,0x00000000fab00000,0x0000000100000000)
  to   space 87040K, 0% used [0x00000000f5600000,0x00000000f5600000,0x00000000fab00000)
 ParOldGen       total 1398272K, used 23547K [0x0000000080000000, 0x00000000d5580000, 0x00000000d5580000)
  object space 1398272K, 1% used [0x0000000080000000,0x00000000816fee58,0x00000000d5580000)
 Metaspace       used 34836K, capacity 35188K, committed 35496K, reserved 1081344K
  class space    used 3972K, capacity 4092K, committed 4096K, reserved 1048576K
}
Event: 22.168 GC heap before
{Heap before GC invocations=5 (full 2):
 PSYoungGen      total 611840K, used 433071K [0x00000000d5580000, 0x0000000100000000, 0x0000000100000000)
  eden space 524800K, 82% used [0x00000000d5580000,0x00000000efc6be18,0x00000000f5600000)
  from space 87040K, 0% used [0x00000000fab00000,0x00000000fab00000,0x0000000100000000)
  to   space 87040K, 0% used [0x00000000f5600000,0x00000000f5600000,0x00000000fab00000)
 ParOldGen       total 1398272K, used 23547K [0x0000000080000000, 0x00000000d5580000, 0x00000000d5580000)
  object space 1398272K, 1% used [0x0000000080000000,0x00000000816fee58,0x00000000d5580000)
 Metaspace       used 57572K, capacity 59044K, committed 59160K, reserved 1101824K
  class space    used 6704K, capacity 7000K, committed 7040K, reserved 1048576K
Event: 22.211 GC heap after
Heap after GC invocations=5 (full 2):
 PSYoungGen      total 611840K, used 29619K [0x00000000d5580000, 0x0000000100000000, 0x0000000100000000)
  eden space 524800K, 0% used [0x00000000d5580000,0x00000000d5580000,0x00000000f5600000)
  from space 87040K, 34% used [0x00000000f5600000,0x00000000f72ece08,0x00000000fab00000)
  to   space 87040K, 0% used [0x00000000fab00000,0x00000000fab00000,0x0000000100000000)
 ParOldGen       total 1398272K, used 23555K [0x0000000080000000, 0x00000000d5580000, 0x00000000d5580000)
  object space 1398272K, 1% used [0x0000000080000000,0x0000000081700e58,0x00000000d5580000)
 Metaspace       used 57572K, capacity 59044K, committed 59160K, reserved 1101824K
  class space    used 6704K, capacity 7000K, committed 7040K, reserved 1048576K
}
Event: 22.211 GC heap before
{Heap before GC invocations=6 (full 3):
 PSYoungGen      total 611840K, used 29619K [0x00000000d5580000, 0x0000000100000000, 0x0000000100000000)
  eden space 524800K, 0% used [0x00000000d5580000,0x00000000d5580000,0x00000000f5600000)
  from space 87040K, 34% used [0x00000000f5600000,0x00000000f72ece08,0x00000000fab00000)
  to   space 87040K, 0% used [0x00000000fab00000,0x00000000fab00000,0x0000000100000000)
 ParOldGen       total 1398272K, used 23555K [0x0000000080000000, 0x00000000d5580000, 0x00000000d5580000)
  object space 1398272K, 1% used [0x0000000080000000,0x0000000081700e58,0x00000000d5580000)
 Metaspace       used 57572K, capacity 59044K, committed 59160K, reserved 1101824K
  class space    used 6704K, capacity 7000K, committed 7040K, reserved 1048576K
Event: 22.453 GC heap after
Heap after GC invocations=6 (full 3):
 PSYoungGen      total 611840K, used 0K [0x00000000d5580000, 0x0000000100000000, 0x0000000100000000)
  eden space 524800K, 0% used [0x00000000d5580000,0x00000000d5580000,0x00000000f5600000)
  from space 87040K, 0% used [0x00000000f5600000,0x00000000f5600000,0x00000000fab00000)
  to   space 87040K, 0% used [0x00000000fab00000,0x00000000fab00000,0x0000000100000000)
 ParOldGen       total 1398272K, used 39557K [0x0000000080000000, 0x00000000d5580000, 0x00000000d5580000)
  object space 1398272K, 2% used [0x0000000080000000,0x00000000826a1698,0x00000000d5580000)
 Metaspace       used 57572K, capacity 59044K, committed 59160K, reserved 1101824K
  class space    used 6704K, capacity 7000K, committed 7040K, reserved 1048576K
}
Event: 52.999 GC heap before
{Heap before GC invocations=7 (full 3):
 PSYoungGen      total 611840K, used 524800K [0x00000000d5580000, 0x0000000100000000, 0x0000000100000000)
  eden space 524800K, 100% used [0x00000000d5580000,0x00000000f5600000,0x00000000f5600000)
  from space 87040K, 0% used [0x00000000f5600000,0x00000000f5600000,0x00000000fab00000)
  to   space 87040K, 0% used [0x00000000fab00000,0x00000000fab00000,0x0000000100000000)
 ParOldGen       total 1398272K, used 39557K [0x0000000080000000, 0x00000000d5580000, 0x00000000d5580000)
  object space 1398272K, 2% used [0x0000000080000000,0x00000000826a1698,0x00000000d5580000)
 Metaspace       used 65128K, capacity 67340K, committed 67584K, reserved 1110016K
  class space    used 7219K, capacity 7612K, committed 7680K, reserved 1048576K
Event: 53.058 GC heap after
Heap after GC invocations=7 (full 3):
 PSYoungGen      total 611840K, used 12283K [0x00000000d5580000, 0x0000000100000000, 0x0000000100000000)
  eden space 524800K, 0% used [0x00000000d5580000,0x00000000d5580000,0x00000000f5600000)
  from space 87040K, 14% used [0x00000000fab00000,0x00000000fb6fec58,0x0000000100000000)
  to   space 87040K, 0% used [0x00000000f5600000,0x00000000f5600000,0x00000000fab00000)
 ParOldGen       total 1398272K, used 39565K [0x0000000080000000, 0x00000000d5580000, 0x00000000d5580000)
  object space 1398272K, 2% used [0x0000000080000000,0x00000000826a3698,0x00000000d5580000)
 Metaspace       used 65128K, capacity 67340K, committed 67584K, reserved 1110016K
  class space    used 7219K, capacity 7612K, committed 7680K, reserved 1048576K
}

