# JRE version: OpenJDK Runtime Environment (8.0_212-b04) (build 1.8.0_212-b04)
# Java VM: OpenJDK 64-Bit Server VM (25.212-b04 mixed mode linux-amd64 compressed oops)
Heap:
 PSYoungGen      total 611840K, used 177034K [0x00000000d5580000, 0x0000000100000000, 0x0000000100000000)
  eden space 524800K, 33% used [0x00000000d5580000,0x00000000e0262ba8,0x00000000f5600000)
  from space 87040K, 0% used [0x00000000f5600000,0x00000000f5600000,0x00000000fab00000)
  to   space 87040K, 0% used [0x00000000fab00000,0x00000000fab00000,0x0000000100000000)
 ParOldGen       total 1398272K, used 44787K [0x0000000080000000, 0x00000000d5580000, 0x00000000d5580000)
  object space 1398272K, 3% used [0x0000000080000000,0x0000000082bbcfb8,0x00000000d5580000)
 Metaspace       used 62590K, capacity 64796K, committed 65024K, reserved 1105920K
  class space    used 7224K, capacity 7632K, committed 7680K, reserved 1048576K
GC Heap History (10 events):
Event: 2.069 GC heap before
{Heap before GC invocations=2 (full 1):
 PSYoungGen      total 611840K, used 14266K [0x00000000d5580000, 0x0000000100000000, 0x0000000100000000)
  eden space 524800K, 0% used [0x00000000d5580000,0x00000000d5580000,0x00000000f5600000)
  from space 87040K, 16% used [0x00000000f5600000,0x00000000f63eead0,0x00000000fab00000)
  to   space 87040K, 0% used [0x00000000fab00000,0x00000000fab00000,0x0000000100000000)
 ParOldGen       total 1398272K, used 80K [0x0000000080000000, 0x00000000d5580000, 0x00000000d5580000)
  object space 1398272K, 0% used [0x0000000080000000,0x0000000080014010,0x00000000d5580000)
 Metaspace       used 20818K, capacity 21106K, committed 21248K, reserved 1069056K
  class space    used 2368K, capacity 2482K, committed 2560K, reserved 1048576K
Event: 2.137 GC heap after
Heap after GC invocations=2 (full 1):
 PSYoungGen      total 611840K, used 0K [0x00000000d5580000, 0x0000000100000000, 0x0000000100000000)
  eden space 524800K, 0% used [0x00000000d5580000,0x00000000d5580000,0x00000000f5600000)
  from space 87040K, 0% used [0x00000000f5600000,0x00000000f5600000,0x00000000fab00000)
  to   space 87040K, 0% used [0x00000000fab00000,0x00000000fab00000,0x0000000100000000)
 ParOldGen       total 879104K, used 13741K [0x0000000080000000, 0x00000000b5a80000, 0x00000000d5580000)
  object space 879104K, 1% used [0x0000000080000000,0x0000000080d6b5c0,0x00000000b5a80000)
 Metaspace       used 20818K, capacity 21106K, committed 21248K, reserved 1069056K
  class space    used 2368K, capacity 2482K, committed 2560K, reserved 1048576K
}
Event: 4.305 GC heap before
{Heap before GC invocations=3 (full 1):
 PSYoungGen      total 611840K, used 435251K [0x00000000d5580000, 0x0000000100000000, 0x0000000100000000)
  eden space 524800K, 82% used [0x00000000d5580000,0x00000000efe8cf00,0x00000000f5600000)
  from space 87040K, 0% used [0x00000000f5600000,0x00000000f5600000,0x00000000fab00000)
  to   space 87040K, 0% used [0x00000000fab00000,0x00000000fab00000,0x0000000100000000)
 ParOldGen       total 879104K, used 13741K [0x0000000080000000, 0x00000000b5a80000, 0x00000000d5580000)
  object space 879104K, 1% used [0x0000000080000000,0x0000000080d6b5c0,0x00000000b5a80000)
 Metaspace       used 34777K, capacity 35188K, committed 35416K, reserved 1081344K
  class space    used 3974K, capacity 4092K, committed 4096K, reserved 1048576K
Event: 4.334 GC heap after
Heap after GC invocations=3 (full 1):
 PSYoungGen      total 611840K, used 19163K [0x00000000d5580000, 0x0000000100000000, 0x0000000100000000)
  eden space 524800K, 0% used [0x00000000d5580000,0x00000000d5580000,0x00000000f5600000)
  from space 87040K, 22% used [0x00000000fab00000,0x00000000fbdb6c98,0x0000000100000000)
  to   space 87040K, 0% used [0x00000000f5600000,0x00000000f5600000,0x00000000fab00000)
 ParOldGen       total 879104K, used 13741K [0x0000000080000000, 0x00000000b5a80000, 0x00000000d5580000)
  object space 879104K, 1% used [0x0000000080000000,0x0000000080d6b5c0,0x00000000b5a80000)
 Metaspace       used 34777K, capacity 35188K, committed 35416K, reserved 1081344K
  class space    used 3974K, capacity 4092K, committed 4096K, reserved 1048576K
}
Event: 4.334 GC heap before
{Heap before GC invocations=4 (full 2):
 PSYoungGen      total 611840K, used 19163K [0x00000000d5580000, 0x0000000100000000, 0x0000000100000000)
  eden space 524800K, 0% used [0x00000000d5580000,0x00000000d5580000,0x00000000f5600000)
  from space 87040K, 22% used [0x00000000fab00000,0x00000000fbdb6c98,0x0000000100000000)
  to   space 87040K, 0% used [0x00000000f5600000,0x00000000f5600000,0x00000000fab00000)
 ParOldGen       total 879104K, used 13741K [0x0000000080000000, 0x00000000b5a80000, 0x00000000d5580000)
  object space 879104K, 1% used [0x0000000080000000,0x0000000080d6b5c0,0x00000000b5a80000)
 Metaspace       used 34777K, capacity 35188K, committed 35416K, reserved 1081344K
  class space    used 3974K, capacity 4092K, committed 4096K, reserved 1048576K
Event: 4.411 GC heap after
Heap after GC invocations=4 (full 2):
 PSYoungGen      total 611840K, used 0K [0x00000000d5580000, 0x0000000100000000, 0x0000000100000000)
  eden space 524800K, 0% used [0x00000000d5580000,0x00000000d5580000,0x00000000f5600000)
  from space 87040K, 0% used [0x00000000fab00000,0x00000000fab00000,0x0000000100000000)
  to   space 87040K, 0% used [0x00000000f5600000,0x00000000f5600000,0x00000000fab00000)
 ParOldGen       total 1398272K, used 23575K [0x0000000080000000, 0x00000000d5580000, 0x00000000d5580000)
  object space 1398272K, 1% used [0x0000000080000000,0x0000000081705ed8,0x00000000d5580000)
 Metaspace       used 34777K, capacity 35188K, committed 35416K, reserved 1081344K
  class space    used 3974K, capacity 4092K, committed 4096K, reserved 1048576K
}
Event: 12.010 GC heap before
{Heap before GC invocations=5 (full 2):
 PSYoungGen      total 611840K, used 501909K [0x00000000d5580000, 0x0000000100000000, 0x0000000100000000)
  eden space 524800K, 95% used [0x00000000d5580000,0x00000000f3fa5680,0x00000000f5600000)
  from space 87040K, 0% used [0x00000000fab00000,0x00000000fab00000,0x0000000100000000)
  to   space 87040K, 0% used [0x00000000f5600000,0x00000000f5600000,0x00000000fab00000)
 ParOldGen       total 1398272K, used 23575K [0x0000000080000000, 0x00000000d5580000, 0x00000000d5580000)
  object space 1398272K, 1% used [0x0000000080000000,0x0000000081705ed8,0x00000000d5580000)
 Metaspace       used 57432K, capacity 58758K, committed 59008K, reserved 1101824K
  class space    used 6639K, capacity 6923K, committed 7040K, reserved 1048576K
Event: 12.079 GC heap after
Heap after GC invocations=5 (full 2):
 PSYoungGen      total 611840K, used 34133K [0x00000000d5580000, 0x0000000100000000, 0x0000000100000000)
  eden space 524800K, 0% used [0x00000000d5580000,0x00000000d5580000,0x00000000f5600000)
  from space 87040K, 39% used [0x00000000f5600000,0x00000000f7755400,0x00000000fab00000)
  to   space 87040K, 0% used [0x00000000fab00000,0x00000000fab00000,0x0000000100000000)
 ParOldGen       total 1398272K, used 23583K [0x0000000080000000, 0x00000000d5580000, 0x00000000d5580000)
  object space 1398272K, 1% used [0x0000000080000000,0x0000000081707ed8,0x00000000d5580000)
 Metaspace       used 57432K, capacity 58758K, committed 59008K, reserved 1101824K
  class space    used 6639K, capacity 6923K, committed 7040K, reserved 1048576K
}
Event: 12.079 GC heap before
{Heap before GC invocations=6 (full 3):
 PSYoungGen      total 611840K, used 34133K [0x00000000d5580000, 0x0000000100000000, 0x0000000100000000)
  eden space 524800K, 0% used [0x00000000d5580000,0x00000000d5580000,0x00000000f5600000)
  from space 87040K, 39% used [0x00000000f5600000,0x00000000f7755400,0x00000000fab00000)
  to   space 87040K, 0% used [0x00000000fab00000,0x00000000fab00000,0x0000000100000000)
 ParOldGen       total 1398272K, used 23583K [0x0000000080000000, 0x00000000d5580000, 0x00000000d5580000)
  object space 1398272K, 1% used [0x0000000080000000,0x0000000081707ed8,0x00000000d5580000)
 Metaspace       used 57432K, capacity 58758K, committed 59008K, reserved 1101824K
  class space    used 6639K, capacity 6923K, committed 7040K, reserved 1048576K
Event: 12.334 GC heap after
Heap after GC invocations=6 (full 3):
 PSYoungGen      total 611840K, used 0K [0x00000000d5580000, 0x0000000100000000, 0x0000000100000000)
  eden space 524800K, 0% used [0x00000000d5580000,0x00000000d5580000,0x00000000f5600000)
  from space 87040K, 0% used [0x00000000f5600000,0x00000000f5600000,0x00000000fab00000)
  to   space 87040K, 0% used [0x00000000fab00000,0x00000000fab00000,0x0000000100000000)
 ParOldGen       total 1398272K, used 44787K [0x0000000080000000, 0x00000000d5580000, 0x00000000d5580000)
  object space 1398272K, 3% used [0x0000000080000000,0x0000000082bbcfb8,0x00000000d5580000)
 Metaspace       used 57421K, capacity 58738K, committed 59008K, reserved 1101824K
  class space    used 6636K, capacity 6917K, committed 7040K, reserved 1048576K
}

