# JRE version: OpenJDK Runtime Environment (8.0_212-b04) (build 1.8.0_212-b04)
# Java VM: OpenJDK 64-Bit Server VM (25.212-b04 mixed mode linux-amd64 compressed oops)
Heap:
 PSYoungGen      total 611840K, used 55104K [0x00000000d5580000, 0x0000000100000000, 0x0000000100000000)
  eden space 524800K, 10% used [0x00000000d5580000,0x00000000d8b50228,0x00000000f5600000)
  from space 87040K, 0% used [0x00000000f5600000,0x00000000f5600000,0x00000000fab00000)
  to   space 87040K, 0% used [0x00000000fab00000,0x00000000fab00000,0x0000000100000000)
 ParOldGen       total 868352K, used 18607K [0x0000000080000000, 0x00000000b5000000, 0x00000000d5580000)
  object space 868352K, 2% used [0x0000000080000000,0x000000008122bc40,0x00000000b5000000)
 Metaspace       used 26260K, capacity 26548K, committed 26624K, reserved 1073152K
  class space    used 2972K, capacity 3060K, committed 3072K, reserved 1048576K
GC Heap History (4 events):
Event: 2.386 GC heap before
{Heap before GC invocations=1 (full 0):
 PSYoungGen      total 611840K, used 252332K [0x00000000d5580000, 0x0000000100000000, 0x0000000100000000)
  eden space 524800K, 48% used [0x00000000d5580000,0x00000000e4beb118,0x00000000f5600000)
  from space 87040K, 0% used [0x00000000fab00000,0x00000000fab00000,0x0000000100000000)
  to   space 87040K, 0% used [0x00000000f5600000,0x00000000f5600000,0x00000000fab00000)
 ParOldGen       total 1398272K, used 0K [0x0000000080000000, 0x00000000d5580000, 0x00000000d5580000)
  object space 1398272K, 0% used [0x0000000080000000,0x0000000080000000,0x00000000d5580000)
 Metaspace       used 21000K, capacity 21198K, committed 21296K, reserved 1069056K
  class space    used 2353K, capacity 2415K, committed 2432K, reserved 1048576K
Event: 2.444 GC heap after
Heap after GC invocations=1 (full 0):
 PSYoungGen      total 611840K, used 19303K [0x00000000d5580000, 0x0000000100000000, 0x0000000100000000)
  eden space 524800K, 0% used [0x00000000d5580000,0x00000000d5580000,0x00000000f5600000)
  from space 87040K, 22% used [0x00000000f5600000,0x00000000f68d9cb8,0x00000000fab00000)
  to   space 87040K, 0% used [0x00000000fab00000,0x00000000fab00000,0x0000000100000000)
 ParOldGen       total 1398272K, used 16K [0x0000000080000000, 0x00000000d5580000, 0x00000000d5580000)
  object space 1398272K, 0% used [0x0000000080000000,0x0000000080004000,0x00000000d5580000)
 Metaspace       used 21000K, capacity 21198K, committed 21296K, reserved 1069056K
  class space    used 2353K, capacity 2415K, committed 2432K, reserved 1048576K
}
Event: 2.444 GC heap before
{Heap before GC invocations=2 (full 1):
 PSYoungGen      total 611840K, used 19303K [0x00000000d5580000, 0x0000000100000000, 0x0000000100000000)
  eden space 524800K, 0% used [0x00000000d5580000,0x00000000d5580000,0x00000000f5600000)
  from space 87040K, 22% used [0x00000000f5600000,0x00000000f68d9cb8,0x00000000fab00000)
  to   space 87040K, 0% used [0x00000000fab00000,0x00000000fab00000,0x0000000100000000)
 ParOldGen       total 1398272K, used 16K [0x0000000080000000, 0x00000000d5580000, 0x00000000d5580000)
  object space 1398272K, 0% used [0x0000000080000000,0x0000000080004000,0x00000000d5580000)
 Metaspace       used 21000K, capacity 21198K, committed 21296K, reserved 1069056K
  class space    used 2353K, capacity 2415K, committed 2432K, reserved 1048576K
Event: 2.541 GC heap after
Heap after GC invocations=2 (full 1):
 PSYoungGen      total 611840K, used 0K [0x00000000d5580000, 0x0000000100000000, 0x0000000100000000)
  eden space 524800K, 0% used [0x00000000d5580000,0x00000000d5580000,0x00000000f5600000)
  from space 87040K, 0% used [0x00000000f5600000,0x00000000f5600000,0x00000000fab00000)
  to   space 87040K, 0% used [0x00000000fab00000,0x00000000fab00000,0x0000000100000000)
 ParOldGen       total 868352K, used 18607K [0x0000000080000000, 0x00000000b5000000, 0x00000000d5580000)
  object space 868352K, 2% used [0x0000000080000000,0x000000008122bc40,0x00000000b5000000)
 Metaspace       used 21000K, capacity 21198K, committed 21296K, reserved 1069056K
  class space    used 2353K, capacity 2415K, committed 2432K, reserved 1048576K
}

