# JRE version: OpenJDK Runtime Environment (8.0_212-b04) (build 1.8.0_212-b04)
# Java VM: OpenJDK 64-Bit Server VM (25.212-b04 mixed mode linux-amd64 compressed oops)
Heap:
 PSYoungGen      total 584192K, used 135420K [0x00000000d5580000, 0x0000000100000000, 0x0000000100000000)
  eden space 521728K, 13% used [0x00000000d5580000,0x00000000d9cc68d8,0x00000000f5300000)
  from space 62464K, 99% used [0x00000000f5300000,0x00000000f8ff8a10,0x00000000f9000000)
  to   space 85504K, 0% used [0x00000000fac80000,0x00000000fac80000,0x0000000100000000)
 ParOldGen       total 1398272K, used 68257K [0x0000000080000000, 0x00000000d5580000, 0x00000000d5580000)
  object space 1398272K, 4% used [0x0000000080000000,0x00000000842a8778,0x00000000d5580000)
 Metaspace       used 82675K, capacity 86441K, committed 86528K, reserved 1126400K
  class space    used 9297K, capacity 9947K, committed 9984K, reserved 1048576K
GC Heap History (10 events):
Event: 11.818 GC heap before
{Heap before GC invocations=6 (full 2):
 PSYoungGen      total 611840K, used 342151K [0x00000000d5580000, 0x0000000100000000, 0x0000000100000000)
  eden space 524800K, 61% used [0x00000000d5580000,0x00000000e8eff2f0,0x00000000f5600000)
  from space 87040K, 24% used [0x00000000f5600000,0x00000000f6aa2cb8,0x00000000fab00000)
  to   space 87040K, 0% used [0x00000000fab00000,0x00000000fab00000,0x0000000100000000)
 ParOldGen       total 1398272K, used 24322K [0x0000000080000000, 0x00000000d5580000, 0x00000000d5580000)
  object space 1398272K, 1% used [0x0000000080000000,0x00000000817c0a48,0x00000000d5580000)
 Metaspace       used 57767K, capacity 58973K, committed 59028K, reserved 1101824K
  class space    used 6935K, capacity 7168K, committed 7168K, reserved 1048576K
Event: 11.863 GC heap after
Heap after GC invocations=6 (full 2):
 PSYoungGen      total 611840K, used 19907K [0x00000000d5580000, 0x0000000100000000, 0x0000000100000000)
  eden space 524800K, 0% used [0x00000000d5580000,0x00000000d5580000,0x00000000f5600000)
  from space 87040K, 22% used [0x00000000fab00000,0x00000000fbe70d38,0x0000000100000000)
  to   space 87040K, 0% used [0x00000000f5600000,0x00000000f5600000,0x00000000fab00000)
 ParOldGen       total 1398272K, used 24330K [0x0000000080000000, 0x00000000d5580000, 0x00000000d5580000)
  object space 1398272K, 1% used [0x0000000080000000,0x00000000817c2a48,0x00000000d5580000)
 Metaspace       used 57767K, capacity 58973K, committed 59028K, reserved 1101824K
  class space    used 6935K, capacity 7168K, committed 7168K, reserved 1048576K
}
Event: 11.863 GC heap before
{Heap before GC invocations=7 (full 3):
 PSYoungGen      total 611840K, used 19907K [0x00000000d5580000, 0x0000000100000000, 0x0000000100000000)
  eden space 524800K, 0% used [0x00000000d5580000,0x00000000d5580000,0x00000000f5600000)
  from space 87040K, 22% used [0x00000000fab00000,0x00000000fbe70d38,0x0000000100000000)
  to   space 87040K, 0% used [0x00000000f5600000,0x00000000f5600000,0x00000000fab00000)
 ParOldGen       total 1398272K, used 24330K [0x0000000080000000, 0x00000000d5580000, 0x00000000d5580000)
  object space 1398272K, 1% used [0x0000000080000000,0x00000000817c2a48,0x00000000d5580000)
 Metaspace       used 57767K, capacity 58973K, committed 59028K, reserved 1101824K
  class space    used 6935K, capacity 7168K, committed 7168K, reserved 1048576K
Event: 12.124 GC heap after
Heap after GC invocations=7 (full 3):
 PSYoungGen      total 611840K, used 0K [0x00000000d5580000, 0x0000000100000000, 0x0000000100000000)
  eden space 524800K, 0% used [0x00000000d5580000,0x00000000d5580000,0x00000000f5600000)
  from space 87040K, 0% used [0x00000000fab00000,0x00000000fab00000,0x0000000100000000)
  to   space 87040K, 0% used [0x00000000f5600000,0x00000000f5600000,0x00000000fab00000)
 ParOldGen       total 1398272K, used 32393K [0x0000000080000000, 0x00000000d5580000, 0x00000000d5580000)
  object space 1398272K, 2% used [0x0000000080000000,0x0000000081fa26e8,0x00000000d5580000)
 Metaspace       used 57679K, capacity 58757K, committed 59028K, reserved 1101824K
  class space    used 6903K, capacity 7114K, committed 7168K, reserved 1048576K
}
Event: 24.800 GC heap before
{Heap before GC invocations=8 (full 3):
 PSYoungGen      total 611840K, used 524800K [0x00000000d5580000, 0x0000000100000000, 0x0000000100000000)
  eden space 524800K, 100% used [0x00000000d5580000,0x00000000f5600000,0x00000000f5600000)
  from space 87040K, 0% used [0x00000000fab00000,0x00000000fab00000,0x0000000100000000)
  to   space 87040K, 0% used [0x00000000f5600000,0x00000000f5600000,0x00000000fab00000)
 ParOldGen       total 1398272K, used 32393K [0x0000000080000000, 0x00000000d5580000, 0x00000000d5580000)
  object space 1398272K, 2% used [0x0000000080000000,0x0000000081fa26e8,0x00000000d5580000)
 Metaspace       used 76940K, capacity 79625K, committed 80000K, reserved 1120256K
  class space    used 8959K, capacity 9473K, committed 9600K, reserved 1048576K
Event: 24.888 GC heap after
Heap after GC invocations=8 (full 3):
 PSYoungGen      total 584192K, used 59159K [0x00000000d5580000, 0x00000000fb900000, 0x0000000100000000)
  eden space 524800K, 0% used [0x00000000d5580000,0x00000000d5580000,0x00000000f5600000)
  from space 59392K, 99% used [0x00000000f5600000,0x00000000f8fc5e98,0x00000000f9000000)
  to   space 41984K, 0% used [0x00000000f9000000,0x00000000f9000000,0x00000000fb900000)
 ParOldGen       total 1398272K, used 32393K [0x0000000080000000, 0x00000000d5580000, 0x00000000d5580000)
  object space 1398272K, 2% used [0x0000000080000000,0x0000000081fa26e8,0x00000000d5580000)
 Metaspace       used 76940K, capacity 79625K, committed 80000K, reserved 1120256K
  class space    used 8959K, capacity 9473K, committed 9600K, reserved 1048576K
}
Event: 37.164 GC heap before
{Heap before GC invocations=9 (full 3):
 PSYoungGen      total 584192K, used 583959K [0x00000000d5580000, 0x00000000fb900000, 0x0000000100000000)
  eden space 524800K, 100% used [0x00000000d5580000,0x00000000f5600000,0x00000000f5600000)
  from space 59392K, 99% used [0x00000000f5600000,0x00000000f8fc5e98,0x00000000f9000000)
  to   space 41984K, 0% used [0x00000000f9000000,0x00000000f9000000,0x00000000fb900000)
 ParOldGen       total 1398272K, used 32393K [0x0000000080000000, 0x00000000d5580000, 0x00000000d5580000)
  object space 1398272K, 2% used [0x0000000080000000,0x0000000081fa26e8,0x00000000d5580000)
 Metaspace       used 81155K, capacity 84739K, committed 84992K, reserved 1124352K
  class space    used 9255K, capacity 9874K, committed 9984K, reserved 1048576K
Event: 37.258 GC heap after
Heap after GC invocations=9 (full 3):
 PSYoungGen      total 563712K, used 41955K [0x00000000d5580000, 0x0000000100000000, 0x0000000100000000)
  eden space 521728K, 0% used [0x00000000d5580000,0x00000000d5580000,0x00000000f5300000)
  from space 41984K, 99% used [0x00000000f9000000,0x00000000fb8f8ee0,0x00000000fb900000)
  to   space 62464K, 0% used [0x00000000f5300000,0x00000000f5300000,0x00000000f9000000)
 ParOldGen       total 1398272K, used 44692K [0x0000000080000000, 0x00000000d5580000, 0x00000000d5580000)
  object space 1398272K, 3% used [0x0000000080000000,0x0000000082ba51a0,0x00000000d5580000)
 Metaspace       used 81155K, capacity 84739K, committed 84992K, reserved 1124352K
  class space    used 9255K, capacity 9874K, committed 9984K, reserved 1048576K
}
Event: 41.528 GC heap before
{Heap before GC invocations=10 (full 3):
 PSYoungGen      total 563712K, used 563683K [0x00000000d5580000, 0x0000000100000000, 0x0000000100000000)
  eden space 521728K, 100% used [0x00000000d5580000,0x00000000f5300000,0x00000000f5300000)
  from space 41984K, 99% used [0x00000000f9000000,0x00000000fb8f8ee0,0x00000000fb900000)
  to   space 62464K, 0% used [0x00000000f5300000,0x00000000f5300000,0x00000000f9000000)
 ParOldGen       total 1398272K, used 44692K [0x0000000080000000, 0x00000000d5580000, 0x00000000d5580000)
  object space 1398272K, 3% used [0x0000000080000000,0x0000000082ba51a0,0x00000000d5580000)
 Metaspace       used 82585K, capacity 86353K, committed 86528K, reserved 1126400K
  class space    used 9297K, capacity 9947K, committed 9984K, reserved 1048576K
Event: 41.599 GC heap after
Heap after GC invocations=10 (full 3):
 PSYoungGen      total 584192K, used 62434K [0x00000000d5580000, 0x0000000100000000, 0x0000000100000000)
  eden space 521728K, 0% used [0x00000000d5580000,0x00000000d5580000,0x00000000f5300000)
  from space 62464K, 99% used [0x00000000f5300000,0x00000000f8ff8a10,0x00000000f9000000)
  to   space 85504K, 0% used [0x00000000fac80000,0x00000000fac80000,0x0000000100000000)
 ParOldGen       total 1398272K, used 68257K [0x0000000080000000, 0x00000000d5580000, 0x00000000d5580000)
  object space 1398272K, 4% used [0x0000000080000000,0x00000000842a8778,0x00000000d5580000)
 Metaspace       used 82585K, capacity 86353K, committed 86528K, reserved 1126400K
  class space    used 9297K, capacity 9947K, committed 9984K, reserved 1048576K
}

