# JRE version: OpenJDK Runtime Environment (8.0_212-b04) (build 1.8.0_212-b04)
# Java VM: OpenJDK 64-Bit Server VM (25.212-b04 mixed mode linux-amd64 compressed oops)
Heap:
 PSYoungGen      total 611840K, used 304604K [0x00000000d5580000, 0x0000000100000000, 0x0000000100000000)
  eden space 524800K, 47% used [0x00000000d5580000,0x00000000e4a3e6b0,0x00000000f5600000)
  from space 87040K, 62% used [0x00000000fab00000,0x00000000fdfb8ba8,0x0000000100000000)
  to   space 87040K, 0% used [0x00000000f5600000,0x00000000f5600000,0x00000000fab00000)
 ParOldGen       total 1398272K, used 41953K [0x0000000080000000, 0x00000000d5580000, 0x00000000d5580000)
  object space 1398272K, 3% used [0x0000000080000000,0x00000000828f8758,0x00000000d5580000)
 Metaspace       used 67696K, capacity 70606K, committed 70656K, reserved 1112064K
  class space    used 7641K, capacity 8147K, committed 8192K, reserved 1048576K
GC Heap History (10 events):
Event: 6.782 GC heap before
{Heap before GC invocations=3 (full 1):
 PSYoungGen      total 611840K, used 458094K [0x00000000d5580000, 0x0000000100000000, 0x0000000100000000)
  eden space 524800K, 87% used [0x00000000d5580000,0x00000000f14dbba8,0x00000000f5600000)
  from space 87040K, 0% used [0x00000000f5600000,0x00000000f5600000,0x00000000fab00000)
  to   space 87040K, 0% used [0x00000000fab00000,0x00000000fab00000,0x0000000100000000)
 ParOldGen       total 907776K, used 13720K [0x0000000080000000, 0x00000000b7680000, 0x00000000d5580000)
  object space 907776K, 1% used [0x0000000080000000,0x0000000080d663c8,0x00000000b7680000)
 Metaspace       used 34805K, capacity 35188K, committed 35416K, reserved 1081344K
  class space    used 3968K, capacity 4092K, committed 4096K, reserved 1048576K
Event: 6.811 GC heap after
Heap after GC invocations=3 (full 1):
 PSYoungGen      total 611840K, used 19225K [0x00000000d5580000, 0x0000000100000000, 0x0000000100000000)
  eden space 524800K, 0% used [0x00000000d5580000,0x00000000d5580000,0x00000000f5600000)
  from space 87040K, 22% used [0x00000000fab00000,0x00000000fbdc6720,0x0000000100000000)
  to   space 87040K, 0% used [0x00000000f5600000,0x00000000f5600000,0x00000000fab00000)
 ParOldGen       total 907776K, used 13720K [0x0000000080000000, 0x00000000b7680000, 0x00000000d5580000)
  object space 907776K, 1% used [0x0000000080000000,0x0000000080d663c8,0x00000000b7680000)
 Metaspace       used 34805K, capacity 35188K, committed 35416K, reserved 1081344K
  class space    used 3968K, capacity 4092K, committed 4096K, reserved 1048576K
}
Event: 6.811 GC heap before
{Heap before GC invocations=4 (full 2):
 PSYoungGen      total 611840K, used 19225K [0x00000000d5580000, 0x0000000100000000, 0x0000000100000000)
  eden space 524800K, 0% used [0x00000000d5580000,0x00000000d5580000,0x00000000f5600000)
  from space 87040K, 22% used [0x00000000fab00000,0x00000000fbdc6720,0x0000000100000000)
  to   space 87040K, 0% used [0x00000000f5600000,0x00000000f5600000,0x00000000fab00000)
 ParOldGen       total 907776K, used 13720K [0x0000000080000000, 0x00000000b7680000, 0x00000000d5580000)
  object space 907776K, 1% used [0x0000000080000000,0x0000000080d663c8,0x00000000b7680000)
 Metaspace       used 34805K, capacity 35188K, committed 35416K, reserved 1081344K
  class space    used 3968K, capacity 4092K, committed 4096K, reserved 1048576K
Event: 6.911 GC heap after
Heap after GC invocations=4 (full 2):
 PSYoungGen      total 611840K, used 0K [0x00000000d5580000, 0x0000000100000000, 0x0000000100000000)
  eden space 524800K, 0% used [0x00000000d5580000,0x00000000d5580000,0x00000000f5600000)
  from space 87040K, 0% used [0x00000000fab00000,0x00000000fab00000,0x0000000100000000)
  to   space 87040K, 0% used [0x00000000f5600000,0x00000000f5600000,0x00000000fab00000)
 ParOldGen       total 1398272K, used 23548K [0x0000000080000000, 0x00000000d5580000, 0x00000000d5580000)
  object space 1398272K, 1% used [0x0000000080000000,0x00000000816ff328,0x00000000d5580000)
 Metaspace       used 34805K, capacity 35188K, committed 35416K, reserved 1081344K
  class space    used 3968K, capacity 4092K, committed 4096K, reserved 1048576K
}
Event: 19.140 GC heap before
{Heap before GC invocations=5 (full 2):
 PSYoungGen      total 611840K, used 499501K [0x00000000d5580000, 0x0000000100000000, 0x0000000100000000)
  eden space 524800K, 95% used [0x00000000d5580000,0x00000000f3d4b648,0x00000000f5600000)
  from space 87040K, 0% used [0x00000000fab00000,0x00000000fab00000,0x0000000100000000)
  to   space 87040K, 0% used [0x00000000f5600000,0x00000000f5600000,0x00000000fab00000)
 ParOldGen       total 1398272K, used 23548K [0x0000000080000000, 0x00000000d5580000, 0x00000000d5580000)
  object space 1398272K, 1% used [0x0000000080000000,0x00000000816ff328,0x00000000d5580000)
 Metaspace       used 57507K, capacity 58888K, committed 59008K, reserved 1101824K
  class space    used 6641K, capacity 6940K, committed 7040K, reserved 1048576K
Event: 19.186 GC heap after
Heap after GC invocations=5 (full 2):
 PSYoungGen      total 611840K, used 31314K [0x00000000d5580000, 0x0000000100000000, 0x0000000100000000)
  eden space 524800K, 0% used [0x00000000d5580000,0x00000000d5580000,0x00000000f5600000)
  from space 87040K, 35% used [0x00000000f5600000,0x00000000f7494bc8,0x00000000fab00000)
  to   space 87040K, 0% used [0x00000000fab00000,0x00000000fab00000,0x0000000100000000)
 ParOldGen       total 1398272K, used 23556K [0x0000000080000000, 0x00000000d5580000, 0x00000000d5580000)
  object space 1398272K, 1% used [0x0000000080000000,0x0000000081701328,0x00000000d5580000)
 Metaspace       used 57507K, capacity 58888K, committed 59008K, reserved 1101824K
  class space    used 6641K, capacity 6940K, committed 7040K, reserved 1048576K
}
Event: 19.186 GC heap before
{Heap before GC invocations=6 (full 3):
 PSYoungGen      total 611840K, used 31314K [0x00000000d5580000, 0x0000000100000000, 0x0000000100000000)
  eden space 524800K, 0% used [0x00000000d5580000,0x00000000d5580000,0x00000000f5600000)
  from space 87040K, 35% used [0x00000000f5600000,0x00000000f7494bc8,0x00000000fab00000)
  to   space 87040K, 0% used [0x00000000fab00000,0x00000000fab00000,0x0000000100000000)
 ParOldGen       total 1398272K, used 23556K [0x0000000080000000, 0x00000000d5580000, 0x00000000d5580000)
  object space 1398272K, 1% used [0x0000000080000000,0x0000000081701328,0x00000000d5580000)
 Metaspace       used 57507K, capacity 58888K, committed 59008K, reserved 1101824K
  class space    used 6641K, capacity 6940K, committed 7040K, reserved 1048576K
Event: 19.396 GC heap after
Heap after GC invocations=6 (full 3):
 PSYoungGen      total 611840K, used 0K [0x00000000d5580000, 0x0000000100000000, 0x0000000100000000)
  eden space 524800K, 0% used [0x00000000d5580000,0x00000000d5580000,0x00000000f5600000)
  from space 87040K, 0% used [0x00000000f5600000,0x00000000f5600000,0x00000000fab00000)
  to   space 87040K, 0% used [0x00000000fab00000,0x00000000fab00000,0x0000000100000000)
 ParOldGen       total 1398272K, used 41945K [0x0000000080000000, 0x00000000d5580000, 0x00000000d5580000)
  object space 1398272K, 2% used [0x0000000080000000,0x00000000828f6758,0x00000000d5580000)
 Metaspace       used 57419K, capacity 58674K, committed 59008K, reserved 1101824K
  class space    used 6611K, capacity 6887K, committed 7040K, reserved 1048576K
}
Event: 100.160 GC heap before
{Heap before GC invocations=7 (full 3):
 PSYoungGen      total 611840K, used 524800K [0x00000000d5580000, 0x0000000100000000, 0x0000000100000000)
  eden space 524800K, 100% used [0x00000000d5580000,0x00000000f5600000,0x00000000f5600000)
  from space 87040K, 0% used [0x00000000f5600000,0x00000000f5600000,0x00000000fab00000)
  to   space 87040K, 0% used [0x00000000fab00000,0x00000000fab00000,0x0000000100000000)
 ParOldGen       total 1398272K, used 41945K [0x0000000080000000, 0x00000000d5580000, 0x00000000d5580000)
  object space 1398272K, 2% used [0x0000000080000000,0x00000000828f6758,0x00000000d5580000)
 Metaspace       used 65863K, capacity 68518K, committed 68608K, reserved 1110016K
  class space    used 7483K, capacity 7933K, committed 7936K, reserved 1048576K
Event: 100.300 GC heap after
Heap after GC invocations=7 (full 3):
 PSYoungGen      total 611840K, used 53986K [0x00000000d5580000, 0x0000000100000000, 0x0000000100000000)
  eden space 524800K, 0% used [0x00000000d5580000,0x00000000d5580000,0x00000000f5600000)
  from space 87040K, 62% used [0x00000000fab00000,0x00000000fdfb8ba8,0x0000000100000000)
  to   space 87040K, 0% used [0x00000000f5600000,0x00000000f5600000,0x00000000fab00000)
 ParOldGen       total 1398272K, used 41953K [0x0000000080000000, 0x00000000d5580000, 0x00000000d5580000)
  object space 1398272K, 3% used [0x0000000080000000,0x00000000828f8758,0x00000000d5580000)
 Metaspace       used 65863K, capacity 68518K, committed 68608K, reserved 1110016K
  class space    used 7483K, capacity 7933K, committed 7936K, reserved 1048576K
}

