# JRE version: OpenJDK Runtime Environment (8.0_212-b04) (build 1.8.0_212-b04)
# Java VM: OpenJDK 64-Bit Server VM (25.212-b04 mixed mode linux-amd64 compressed oops)
Heap:
 PSYoungGen      total 611840K, used 62702K [0x00000000d5580000, 0x0000000100000000, 0x0000000100000000)
  eden space 524800K, 3% used [0x00000000d5580000,0x00000000d6751838,0x00000000f5600000)
  from space 87040K, 51% used [0x00000000fab00000,0x00000000fd66a0a0,0x0000000100000000)
  to   space 87040K, 0% used [0x00000000f5600000,0x00000000f5600000,0x00000000fab00000)
 ParOldGen       total 1398272K, used 44385K [0x0000000080000000, 0x00000000d5580000, 0x00000000d5580000)
  object space 1398272K, 3% used [0x0000000080000000,0x0000000082b584e0,0x00000000d5580000)
 Metaspace       used 66920K, capacity 69842K, committed 70016K, reserved 1112064K
  class space    used 7649K, capacity 8199K, committed 8320K, reserved 1048576K
GC Heap History (10 events):
Event: 5.131 GC heap before
{Heap before GC invocations=3 (full 1):
 PSYoungGen      total 611840K, used 434548K [0x00000000d5580000, 0x0000000100000000, 0x0000000100000000)
  eden space 524800K, 82% used [0x00000000d5580000,0x00000000efddd008,0x00000000f5600000)
  from space 87040K, 0% used [0x00000000f5600000,0x00000000f5600000,0x00000000fab00000)
  to   space 87040K, 0% used [0x00000000fab00000,0x00000000fab00000,0x0000000100000000)
 ParOldGen       total 890368K, used 13739K [0x0000000080000000, 0x00000000b6580000, 0x00000000d5580000)
  object space 890368K, 1% used [0x0000000080000000,0x0000000080d6acf0,0x00000000b6580000)
 Metaspace       used 34801K, capacity 35188K, committed 35416K, reserved 1081344K
  class space    used 3968K, capacity 4092K, committed 4096K, reserved 1048576K
Event: 5.158 GC heap after
Heap after GC invocations=3 (full 1):
 PSYoungGen      total 611840K, used 19177K [0x00000000d5580000, 0x0000000100000000, 0x0000000100000000)
  eden space 524800K, 0% used [0x00000000d5580000,0x00000000d5580000,0x00000000f5600000)
  from space 87040K, 22% used [0x00000000fab00000,0x00000000fbdba7c8,0x0000000100000000)
  to   space 87040K, 0% used [0x00000000f5600000,0x00000000f5600000,0x00000000fab00000)
 ParOldGen       total 890368K, used 13739K [0x0000000080000000, 0x00000000b6580000, 0x00000000d5580000)
  object space 890368K, 1% used [0x0000000080000000,0x0000000080d6acf0,0x00000000b6580000)
 Metaspace       used 34801K, capacity 35188K, committed 35416K, reserved 1081344K
  class space    used 3968K, capacity 4092K, committed 4096K, reserved 1048576K
}
Event: 5.158 GC heap before
{Heap before GC invocations=4 (full 2):
 PSYoungGen      total 611840K, used 19177K [0x00000000d5580000, 0x0000000100000000, 0x0000000100000000)
  eden space 524800K, 0% used [0x00000000d5580000,0x00000000d5580000,0x00000000f5600000)
  from space 87040K, 22% used [0x00000000fab00000,0x00000000fbdba7c8,0x0000000100000000)
  to   space 87040K, 0% used [0x00000000f5600000,0x00000000f5600000,0x00000000fab00000)
 ParOldGen       total 890368K, used 13739K [0x0000000080000000, 0x00000000b6580000, 0x00000000d5580000)
  object space 890368K, 1% used [0x0000000080000000,0x0000000080d6acf0,0x00000000b6580000)
 Metaspace       used 34801K, capacity 35188K, committed 35416K, reserved 1081344K
  class space    used 3968K, capacity 4092K, committed 4096K, reserved 1048576K
Event: 5.264 GC heap after
Heap after GC invocations=4 (full 2):
 PSYoungGen      total 611840K, used 0K [0x00000000d5580000, 0x0000000100000000, 0x0000000100000000)
  eden space 524800K, 0% used [0x00000000d5580000,0x00000000d5580000,0x00000000f5600000)
  from space 87040K, 0% used [0x00000000fab00000,0x00000000fab00000,0x0000000100000000)
  to   space 87040K, 0% used [0x00000000f5600000,0x00000000f5600000,0x00000000fab00000)
 ParOldGen       total 1398272K, used 23553K [0x0000000080000000, 0x00000000d5580000, 0x00000000d5580000)
  object space 1398272K, 1% used [0x0000000080000000,0x0000000081700608,0x00000000d5580000)
 Metaspace       used 34801K, capacity 35188K, committed 35416K, reserved 1081344K
  class space    used 3968K, capacity 4092K, committed 4096K, reserved 1048576K
}
Event: 12.171 GC heap before
{Heap before GC invocations=5 (full 2):
 PSYoungGen      total 611840K, used 511196K [0x00000000d5580000, 0x0000000100000000, 0x0000000100000000)
  eden space 524800K, 97% used [0x00000000d5580000,0x00000000f48b71f8,0x00000000f5600000)
  from space 87040K, 0% used [0x00000000fab00000,0x00000000fab00000,0x0000000100000000)
  to   space 87040K, 0% used [0x00000000f5600000,0x00000000f5600000,0x00000000fab00000)
 ParOldGen       total 1398272K, used 23553K [0x0000000080000000, 0x00000000d5580000, 0x00000000d5580000)
  object space 1398272K, 1% used [0x0000000080000000,0x0000000081700608,0x00000000d5580000)
 Metaspace       used 57433K, capacity 58850K, committed 59028K, reserved 1101824K
  class space    used 6626K, capacity 6893K, committed 6912K, reserved 1048576K
Event: 12.237 GC heap after
Heap after GC invocations=5 (full 2):
 PSYoungGen      total 611840K, used 33842K [0x00000000d5580000, 0x0000000100000000, 0x0000000100000000)
  eden space 524800K, 0% used [0x00000000d5580000,0x00000000d5580000,0x00000000f5600000)
  from space 87040K, 38% used [0x00000000f5600000,0x00000000f770cb80,0x00000000fab00000)
  to   space 87040K, 0% used [0x00000000fab00000,0x00000000fab00000,0x0000000100000000)
 ParOldGen       total 1398272K, used 23561K [0x0000000080000000, 0x00000000d5580000, 0x00000000d5580000)
  object space 1398272K, 1% used [0x0000000080000000,0x0000000081702608,0x00000000d5580000)
 Metaspace       used 57433K, capacity 58850K, committed 59028K, reserved 1101824K
  class space    used 6626K, capacity 6893K, committed 6912K, reserved 1048576K
}
Event: 12.237 GC heap before
{Heap before GC invocations=6 (full 3):
 PSYoungGen      total 611840K, used 33842K [0x00000000d5580000, 0x0000000100000000, 0x0000000100000000)
  eden space 524800K, 0% used [0x00000000d5580000,0x00000000d5580000,0x00000000f5600000)
  from space 87040K, 38% used [0x00000000f5600000,0x00000000f770cb80,0x00000000fab00000)
  to   space 87040K, 0% used [0x00000000fab00000,0x00000000fab00000,0x0000000100000000)
 ParOldGen       total 1398272K, used 23561K [0x0000000080000000, 0x00000000d5580000, 0x00000000d5580000)
  object space 1398272K, 1% used [0x0000000080000000,0x0000000081702608,0x00000000d5580000)
 Metaspace       used 57433K, capacity 58850K, committed 59028K, reserved 1101824K
  class space    used 6626K, capacity 6893K, committed 6912K, reserved 1048576K
Event: 12.514 GC heap after
Heap after GC invocations=6 (full 3):
 PSYoungGen      total 611840K, used 0K [0x00000000d5580000, 0x0000000100000000, 0x0000000100000000)
  eden space 524800K, 0% used [0x00000000d5580000,0x00000000d5580000,0x00000000f5600000)
  from space 87040K, 0% used [0x00000000f5600000,0x00000000f5600000,0x00000000fab00000)
  to   space 87040K, 0% used [0x00000000fab00000,0x00000000fab00000,0x0000000100000000)
 ParOldGen       total 1398272K, used 44377K [0x0000000080000000, 0x00000000d5580000, 0x00000000d5580000)
  object space 1398272K, 3% used [0x0000000080000000,0x0000000082b564e0,0x00000000d5580000)
 Metaspace       used 57410K, capacity 58796K, committed 59028K, reserved 1101824K
  class space    used 6618K, capacity 6880K, committed 6912K, reserved 1048576K
}
Event: 51.756 GC heap before
{Heap before GC invocations=7 (full 3):
 PSYoungGen      total 611840K, used 524800K [0x00000000d5580000, 0x0000000100000000, 0x0000000100000000)
  eden space 524800K, 100% used [0x00000000d5580000,0x00000000f5600000,0x00000000f5600000)
  from space 87040K, 0% used [0x00000000f5600000,0x00000000f5600000,0x00000000fab00000)
  to   space 87040K, 0% used [0x00000000fab00000,0x00000000fab00000,0x0000000100000000)
 ParOldGen       total 1398272K, used 44377K [0x0000000080000000, 0x00000000d5580000, 0x00000000d5580000)
  object space 1398272K, 3% used [0x0000000080000000,0x0000000082b564e0,0x00000000d5580000)
 Metaspace       used 66898K, capacity 69842K, committed 70016K, reserved 1112064K
  class space    used 7649K, capacity 8199K, committed 8320K, reserved 1048576K
Event: 51.853 GC heap after
Heap after GC invocations=7 (full 3):
 PSYoungGen      total 611840K, used 44456K [0x00000000d5580000, 0x0000000100000000, 0x0000000100000000)
  eden space 524800K, 0% used [0x00000000d5580000,0x00000000d5580000,0x00000000f5600000)
  from space 87040K, 51% used [0x00000000fab00000,0x00000000fd66a0a0,0x0000000100000000)
  to   space 87040K, 0% used [0x00000000f5600000,0x00000000f5600000,0x00000000fab00000)
 ParOldGen       total 1398272K, used 44385K [0x0000000080000000, 0x00000000d5580000, 0x00000000d5580000)
  object space 1398272K, 3% used [0x0000000080000000,0x0000000082b584e0,0x00000000d5580000)
 Metaspace       used 66898K, capacity 69842K, committed 70016K, reserved 1112064K
  class space    used 7649K, capacity 8199K, committed 8320K, reserved 1048576K
}

