# JRE version: OpenJDK Runtime Environment (8.0_212-b04) (build 1.8.0_212-b04)
# Java VM: OpenJDK 64-Bit Server VM (25.212-b04 mixed mode linux-amd64 compressed oops)
Heap:
 PSYoungGen      total 547328K, used 185635K [0x00000000d5580000, 0x0000000100000000, 0x0000000100000000)
  eden space 458240K, 21% used [0x00000000d5580000,0x00000000db3f57d0,0x00000000f1500000)
  from space 89088K, 99% used [0x00000000f1500000,0x00000000f6bd35f0,0x00000000f6c00000)
  to   space 129024K, 0% used [0x00000000f8200000,0x00000000f8200000,0x0000000100000000)
 ParOldGen       total 1148928K, used 157997K [0x0000000080000000, 0x00000000c6200000, 0x00000000d5580000)
  object space 1148928K, 13% used [0x0000000080000000,0x0000000089a4b6a8,0x00000000c6200000)
 Metaspace       used 69542K, capacity 72911K, committed 73136K, reserved 1114112K
  class space    used 7713K, capacity 8322K, committed 8416K, reserved 1048576K
GC Heap History (10 events):
Event: 13.125 GC heap before
{Heap before GC invocations=8 (full 3):
 PSYoungGen      total 547840K, used 22997K [0x00000000d5580000, 0x00000000fab80000, 0x0000000100000000)
  eden space 524800K, 0% used [0x00000000d5580000,0x00000000d5580000,0x00000000f5600000)
  from space 23040K, 99% used [0x00000000f5600000,0x00000000f6c754a0,0x00000000f6c80000)
  to   space 32256K, 0% used [0x00000000f8c00000,0x00000000f8c00000,0x00000000fab80000)
 ParOldGen       total 905216K, used 22915K [0x0000000080000000, 0x00000000b7400000, 0x00000000d5580000)
  object space 905216K, 2% used [0x0000000080000000,0x0000000081660f70,0x00000000b7400000)
 Metaspace       used 58259K, capacity 59957K, committed 60080K, reserved 1101824K
  class space    used 6723K, capacity 7059K, committed 7136K, reserved 1048576K
Event: 13.401 GC heap after
Heap after GC invocations=8 (full 3):
 PSYoungGen      total 547840K, used 0K [0x00000000d5580000, 0x00000000fab80000, 0x0000000100000000)
  eden space 524800K, 0% used [0x00000000d5580000,0x00000000d5580000,0x00000000f5600000)
  from space 23040K, 0% used [0x00000000f5600000,0x00000000f5600000,0x00000000f6c80000)
  to   space 32256K, 0% used [0x00000000f8c00000,0x00000000f8c00000,0x00000000fab80000)
 ParOldGen       total 1148928K, used 34425K [0x0000000080000000, 0x00000000c6200000, 0x00000000d5580000)
  object space 1148928K, 2% used [0x0000000080000000,0x000000008219e638,0x00000000c6200000)
 Metaspace       used 58181K, capacity 59743K, committed 60080K, reserved 1101824K
  class space    used 6697K, capacity 7012K, committed 7136K, reserved 1048576K
}
Event: 24.928 GC heap before
{Heap before GC invocations=9 (full 3):
 PSYoungGen      total 547840K, used 524800K [0x00000000d5580000, 0x00000000fab80000, 0x0000000100000000)
  eden space 524800K, 100% used [0x00000000d5580000,0x00000000f5600000,0x00000000f5600000)
  from space 23040K, 0% used [0x00000000f5600000,0x00000000f5600000,0x00000000f6c80000)
  to   space 32256K, 0% used [0x00000000f8c00000,0x00000000f8c00000,0x00000000fab80000)
 ParOldGen       total 1148928K, used 34425K [0x0000000080000000, 0x00000000c6200000, 0x00000000d5580000)
  object space 1148928K, 2% used [0x0000000080000000,0x000000008219e638,0x00000000c6200000)
 Metaspace       used 65354K, capacity 68221K, committed 68400K, reserved 1110016K
  class space    used 7483K, capacity 7987K, committed 8032K, reserved 1048576K
Event: 25.089 GC heap after
Heap after GC invocations=9 (full 3):
 PSYoungGen      total 539648K, used 32225K [0x00000000d5580000, 0x0000000100000000, 0x0000000100000000)
  eden space 507392K, 0% used [0x00000000d5580000,0x00000000d5580000,0x00000000f4500000)
  from space 32256K, 99% used [0x00000000f8c00000,0x00000000fab785d0,0x00000000fab80000)
  to   space 72704K, 0% used [0x00000000f4500000,0x00000000f4500000,0x00000000f8c00000)
 ParOldGen       total 1148928K, used 95415K [0x0000000080000000, 0x00000000c6200000, 0x00000000d5580000)
  object space 1148928K, 8% used [0x0000000080000000,0x0000000085d2df98,0x00000000c6200000)
 Metaspace       used 65354K, capacity 68221K, committed 68400K, reserved 1110016K
  class space    used 7483K, capacity 7987K, committed 8032K, reserved 1048576K
}
Event: 72.911 GC heap before
{Heap before GC invocations=10 (full 3):
 PSYoungGen      total 539648K, used 539617K [0x00000000d5580000, 0x0000000100000000, 0x0000000100000000)
  eden space 507392K, 100% used [0x00000000d5580000,0x00000000f4500000,0x00000000f4500000)
  from space 32256K, 99% used [0x00000000f8c00000,0x00000000fab785d0,0x00000000fab80000)
  to   space 72704K, 0% used [0x00000000f4500000,0x00000000f4500000,0x00000000f8c00000)
 ParOldGen       total 1148928K, used 95415K [0x0000000080000000, 0x00000000c6200000, 0x00000000d5580000)
  object space 1148928K, 8% used [0x0000000080000000,0x0000000085d2df98,0x00000000c6200000)
 Metaspace       used 67197K, capacity 70167K, committed 70320K, reserved 1112064K
  class space    used 7552K, capacity 8106K, committed 8160K, reserved 1048576K
Event: 73.150 GC heap after
Heap after GC invocations=10 (full 3):
 PSYoungGen      total 580096K, used 72698K [0x00000000d5580000, 0x0000000100000000, 0x0000000100000000)
  eden space 507392K, 0% used [0x00000000d5580000,0x00000000d5580000,0x00000000f4500000)
  from space 72704K, 99% used [0x00000000f4500000,0x00000000f8bfe988,0x00000000f8c00000)
  to   space 118784K, 0% used [0x00000000f8c00000,0x00000000f8c00000,0x0000000100000000)
 ParOldGen       total 1148928K, used 157989K [0x0000000080000000, 0x00000000c6200000, 0x00000000d5580000)
  object space 1148928K, 13% used [0x0000000080000000,0x0000000089a496a8,0x00000000c6200000)
 Metaspace       used 67197K, capacity 70167K, committed 70320K, reserved 1112064K
  class space    used 7552K, capacity 8106K, committed 8160K, reserved 1048576K
}
Event: 92.821 GC heap before
{Heap before GC invocations=11 (full 3):
 PSYoungGen      total 580096K, used 580090K [0x00000000d5580000, 0x0000000100000000, 0x0000000100000000)
  eden space 507392K, 100% used [0x00000000d5580000,0x00000000f4500000,0x00000000f4500000)
  from space 72704K, 99% used [0x00000000f4500000,0x00000000f8bfe988,0x00000000f8c00000)
  to   space 118784K, 0% used [0x00000000f8c00000,0x00000000f8c00000,0x0000000100000000)
 ParOldGen       total 1148928K, used 157989K [0x0000000080000000, 0x00000000c6200000, 0x00000000d5580000)
  object space 1148928K, 13% used [0x0000000080000000,0x0000000089a496a8,0x00000000c6200000)
 Metaspace       used 68473K, capacity 71723K, committed 71984K, reserved 1114112K
  class space    used 7658K, capacity 8234K, committed 8288K, reserved 1048576K
Event: 92.946 GC heap after
Heap after GC invocations=11 (full 3):
 PSYoungGen      total 577024K, used 66446K [0x00000000d5580000, 0x0000000100000000, 0x0000000100000000)
  eden space 458240K, 0% used [0x00000000d5580000,0x00000000d5580000,0x00000000f1500000)
  from space 118784K, 55% used [0x00000000f8c00000,0x00000000fcce39b8,0x0000000100000000)
  to   space 120320K, 0% used [0x00000000f1500000,0x00000000f1500000,0x00000000f8a80000)
 ParOldGen       total 1148928K, used 157997K [0x0000000080000000, 0x00000000c6200000, 0x00000000d5580000)
  object space 1148928K, 13% used [0x0000000080000000,0x0000000089a4b6a8,0x00000000c6200000)
 Metaspace       used 68473K, capacity 71723K, committed 71984K, reserved 1114112K
  class space    used 7658K, capacity 8234K, committed 8288K, reserved 1048576K
}
Event: 121.968 GC heap before
{Heap before GC invocations=12 (full 3):
 PSYoungGen      total 577024K, used 519627K [0x00000000d5580000, 0x0000000100000000, 0x0000000100000000)
  eden space 458240K, 98% used [0x00000000d5580000,0x00000000f100f2a0,0x00000000f1500000)
  from space 118784K, 55% used [0x00000000f8c00000,0x00000000fcce39b8,0x0000000100000000)
  to   space 120320K, 0% used [0x00000000f1500000,0x00000000f1500000,0x00000000f8a80000)
 ParOldGen       total 1148928K, used 157997K [0x0000000080000000, 0x00000000c6200000, 0x00000000d5580000)
  object space 1148928K, 13% used [0x0000000080000000,0x0000000089a4b6a8,0x00000000c6200000)
 Metaspace       used 69348K, capacity 72695K, committed 72880K, reserved 1114112K
  class space    used 7708K, capacity 8320K, committed 8416K, reserved 1048576K
Event: 122.097 GC heap after
Heap after GC invocations=12 (full 3):
 PSYoungGen      total 547328K, used 88909K [0x00000000d5580000, 0x0000000100000000, 0x0000000100000000)
  eden space 458240K, 0% used [0x00000000d5580000,0x00000000d5580000,0x00000000f1500000)
  from space 89088K, 99% used [0x00000000f1500000,0x00000000f6bd35f0,0x00000000f6c00000)
  to   space 129024K, 0% used [0x00000000f8200000,0x00000000f8200000,0x0000000100000000)
 ParOldGen       total 1148928K, used 157997K [0x0000000080000000, 0x00000000c6200000, 0x00000000d5580000)
  object space 1148928K, 13% used [0x0000000080000000,0x0000000089a4b6a8,0x00000000c6200000)
 Metaspace       used 69348K, capacity 72695K, committed 72880K, reserved 1114112K
  class space    used 7708K, capacity 8320K, committed 8416K, reserved 1048576K
}

