# JRE version: OpenJDK Runtime Environment (8.0_212-b04) (build 1.8.0_212-b04)
# Java VM: OpenJDK 64-Bit Server VM (25.212-b04 mixed mode linux-amd64 compressed oops)
Heap:
 PSYoungGen      total 611840K, used 306584K [0x00000000d5580000, 0x0000000100000000, 0x0000000100000000)
  eden space 524800K, 58% used [0x00000000d5580000,0x00000000e80e6110,0x00000000f5600000)
  from space 87040K, 0% used [0x00000000fab00000,0x00000000fab00000,0x0000000100000000)
  to   space 87040K, 0% used [0x00000000f5600000,0x00000000f5600000,0x00000000fab00000)
 ParOldGen       total 1398272K, used 34046K [0x0000000080000000, 0x00000000d5580000, 0x00000000d5580000)
  object space 1398272K, 2% used [0x0000000080000000,0x000000008213fa30,0x00000000d5580000)
 Metaspace       used 63359K, capacity 66024K, committed 66304K, reserved 1107968K
  class space    used 7332K, capacity 7818K, committed 7936K, reserved 1048576K
GC Heap History (10 events):
Event: 4.262 GC heap before
{Heap before GC invocations=3 (full 1):
 PSYoungGen      total 611840K, used 445171K [0x00000000d5580000, 0x0000000100000000, 0x0000000100000000)
  eden space 524800K, 84% used [0x00000000d5580000,0x00000000f083cdf0,0x00000000f5600000)
  from space 87040K, 0% used [0x00000000f5600000,0x00000000f5600000,0x00000000fab00000)
  to   space 87040K, 0% used [0x00000000fab00000,0x00000000fab00000,0x0000000100000000)
 ParOldGen       total 873984K, used 13775K [0x0000000080000000, 0x00000000b5580000, 0x00000000d5580000)
  object space 873984K, 1% used [0x0000000080000000,0x0000000080d73fc0,0x00000000b5580000)
 Metaspace       used 34737K, capacity 35188K, committed 35416K, reserved 1081344K
  class space    used 3973K, capacity 4092K, committed 4096K, reserved 1048576K
Event: 4.294 GC heap after
Heap after GC invocations=3 (full 1):
 PSYoungGen      total 611840K, used 19243K [0x00000000d5580000, 0x0000000100000000, 0x0000000100000000)
  eden space 524800K, 0% used [0x00000000d5580000,0x00000000d5580000,0x00000000f5600000)
  from space 87040K, 22% used [0x00000000fab00000,0x00000000fbdcae20,0x0000000100000000)
  to   space 87040K, 0% used [0x00000000f5600000,0x00000000f5600000,0x00000000fab00000)
 ParOldGen       total 873984K, used 13783K [0x0000000080000000, 0x00000000b5580000, 0x00000000d5580000)
  object space 873984K, 1% used [0x0000000080000000,0x0000000080d75fc0,0x00000000b5580000)
 Metaspace       used 34737K, capacity 35188K, committed 35416K, reserved 1081344K
  class space    used 3973K, capacity 4092K, committed 4096K, reserved 1048576K
}
Event: 4.294 GC heap before
{Heap before GC invocations=4 (full 2):
 PSYoungGen      total 611840K, used 19243K [0x00000000d5580000, 0x0000000100000000, 0x0000000100000000)
  eden space 524800K, 0% used [0x00000000d5580000,0x00000000d5580000,0x00000000f5600000)
  from space 87040K, 22% used [0x00000000fab00000,0x00000000fbdcae20,0x0000000100000000)
  to   space 87040K, 0% used [0x00000000f5600000,0x00000000f5600000,0x00000000fab00000)
 ParOldGen       total 873984K, used 13783K [0x0000000080000000, 0x00000000b5580000, 0x00000000d5580000)
  object space 873984K, 1% used [0x0000000080000000,0x0000000080d75fc0,0x00000000b5580000)
 Metaspace       used 34737K, capacity 35188K, committed 35416K, reserved 1081344K
  class space    used 3973K, capacity 4092K, committed 4096K, reserved 1048576K
Event: 4.385 GC heap after
Heap after GC invocations=4 (full 2):
 PSYoungGen      total 611840K, used 0K [0x00000000d5580000, 0x0000000100000000, 0x0000000100000000)
  eden space 524800K, 0% used [0x00000000d5580000,0x00000000d5580000,0x00000000f5600000)
  from space 87040K, 0% used [0x00000000fab00000,0x00000000fab00000,0x0000000100000000)
  to   space 87040K, 0% used [0x00000000f5600000,0x00000000f5600000,0x00000000fab00000)
 ParOldGen       total 1398272K, used 23599K [0x0000000080000000, 0x00000000d5580000, 0x00000000d5580000)
  object space 1398272K, 1% used [0x0000000080000000,0x000000008170bd08,0x00000000d5580000)
 Metaspace       used 34737K, capacity 35188K, committed 35416K, reserved 1081344K
  class space    used 3973K, capacity 4092K, committed 4096K, reserved 1048576K
}
Event: 10.535 GC heap before
{Heap before GC invocations=5 (full 2):
 PSYoungGen      total 611840K, used 524800K [0x00000000d5580000, 0x0000000100000000, 0x0000000100000000)
  eden space 524800K, 100% used [0x00000000d5580000,0x00000000f5600000,0x00000000f5600000)
  from space 87040K, 0% used [0x00000000fab00000,0x00000000fab00000,0x0000000100000000)
  to   space 87040K, 0% used [0x00000000f5600000,0x00000000f5600000,0x00000000fab00000)
 ParOldGen       total 1398272K, used 23599K [0x0000000080000000, 0x00000000d5580000, 0x00000000d5580000)
  object space 1398272K, 1% used [0x0000000080000000,0x000000008170bd08,0x00000000d5580000)
 Metaspace       used 51134K, capacity 52522K, committed 52736K, reserved 1095680K
  class space    used 6041K, capacity 6279K, committed 6400K, reserved 1048576K
Event: 10.605 GC heap after
Heap after GC invocations=5 (full 2):
 PSYoungGen      total 611840K, used 24523K [0x00000000d5580000, 0x0000000100000000, 0x0000000100000000)
  eden space 524800K, 0% used [0x00000000d5580000,0x00000000d5580000,0x00000000f5600000)
  from space 87040K, 28% used [0x00000000f5600000,0x00000000f6df2e10,0x00000000fab00000)
  to   space 87040K, 0% used [0x00000000fab00000,0x00000000fab00000,0x0000000100000000)
 ParOldGen       total 1398272K, used 23607K [0x0000000080000000, 0x00000000d5580000, 0x00000000d5580000)
  object space 1398272K, 1% used [0x0000000080000000,0x000000008170dd08,0x00000000d5580000)
 Metaspace       used 51134K, capacity 52522K, committed 52736K, reserved 1095680K
  class space    used 6041K, capacity 6279K, committed 6400K, reserved 1048576K
}
Event: 11.941 GC heap before
{Heap before GC invocations=6 (full 2):
 PSYoungGen      total 611840K, used 180294K [0x00000000d5580000, 0x0000000100000000, 0x0000000100000000)
  eden space 524800K, 29% used [0x00000000d5580000,0x00000000ded9ebb0,0x00000000f5600000)
  from space 87040K, 28% used [0x00000000f5600000,0x00000000f6df2e10,0x00000000fab00000)
  to   space 87040K, 0% used [0x00000000fab00000,0x00000000fab00000,0x0000000100000000)
 ParOldGen       total 1398272K, used 23607K [0x0000000080000000, 0x00000000d5580000, 0x00000000d5580000)
  object space 1398272K, 1% used [0x0000000080000000,0x000000008170dd08,0x00000000d5580000)
 Metaspace       used 57225K, capacity 58884K, committed 59008K, reserved 1101824K
  class space    used 6631K, capacity 6950K, committed 7040K, reserved 1048576K
Event: 11.984 GC heap after
Heap after GC invocations=6 (full 2):
 PSYoungGen      total 611840K, used 22624K [0x00000000d5580000, 0x0000000100000000, 0x0000000100000000)
  eden space 524800K, 0% used [0x00000000d5580000,0x00000000d5580000,0x00000000f5600000)
  from space 87040K, 25% used [0x00000000fab00000,0x00000000fc118340,0x0000000100000000)
  to   space 87040K, 0% used [0x00000000f5600000,0x00000000f5600000,0x00000000fab00000)
 ParOldGen       total 1398272K, used 23615K [0x0000000080000000, 0x00000000d5580000, 0x00000000d5580000)
  object space 1398272K, 1% used [0x0000000080000000,0x000000008170fd08,0x00000000d5580000)
 Metaspace       used 57225K, capacity 58884K, committed 59008K, reserved 1101824K
  class space    used 6631K, capacity 6950K, committed 7040K, reserved 1048576K
}
Event: 11.984 GC heap before
{Heap before GC invocations=7 (full 3):
 PSYoungGen      total 611840K, used 22624K [0x00000000d5580000, 0x0000000100000000, 0x0000000100000000)
  eden space 524800K, 0% used [0x00000000d5580000,0x00000000d5580000,0x00000000f5600000)
  from space 87040K, 25% used [0x00000000fab00000,0x00000000fc118340,0x0000000100000000)
  to   space 87040K, 0% used [0x00000000f5600000,0x00000000f5600000,0x00000000fab00000)
 ParOldGen       total 1398272K, used 23615K [0x0000000080000000, 0x00000000d5580000, 0x00000000d5580000)
  object space 1398272K, 1% used [0x0000000080000000,0x000000008170fd08,0x00000000d5580000)
 Metaspace       used 57225K, capacity 58884K, committed 59008K, reserved 1101824K
  class space    used 6631K, capacity 6950K, committed 7040K, reserved 1048576K
Event: 12.277 GC heap after
Heap after GC invocations=7 (full 3):
 PSYoungGen      total 611840K, used 0K [0x00000000d5580000, 0x0000000100000000, 0x0000000100000000)
  eden space 524800K, 0% used [0x00000000d5580000,0x00000000d5580000,0x00000000f5600000)
  from space 87040K, 0% used [0x00000000fab00000,0x00000000fab00000,0x0000000100000000)
  to   space 87040K, 0% used [0x00000000f5600000,0x00000000f5600000,0x00000000fab00000)
 ParOldGen       total 1398272K, used 34046K [0x0000000080000000, 0x00000000d5580000, 0x00000000d5580000)
  object space 1398272K, 2% used [0x0000000080000000,0x000000008213fa30,0x00000000d5580000)
 Metaspace       used 57159K, capacity 58702K, committed 59008K, reserved 1101824K
  class space    used 6608K, capacity 6909K, committed 7040K, reserved 1048576K
}

