# JRE version: OpenJDK Runtime Environment (8.0_212-b04) (build 1.8.0_212-b04)
# Java VM: OpenJDK 64-Bit Server VM (25.212-b04 mixed mode linux-amd64 compressed oops)
Heap:
 PSYoungGen      total 611840K, used 380342K [0x00000000d5580000, 0x0000000100000000, 0x0000000100000000)
  eden space 524800K, 72% used [0x00000000d5580000,0x00000000ec8edb28,0x00000000f5600000)
  from space 87040K, 0% used [0x00000000f5600000,0x00000000f5600000,0x00000000fab00000)
  to   space 87040K, 0% used [0x00000000fab00000,0x00000000fab00000,0x0000000100000000)
 ParOldGen       total 1398272K, used 37877K [0x0000000080000000, 0x00000000d5580000, 0x00000000d5580000)
  object space 1398272K, 2% used [0x0000000080000000,0x00000000824fd410,0x00000000d5580000)
 Metaspace       used 63300K, capacity 65604K, committed 65792K, reserved 1107968K
  class space    used 7210K, capacity 7644K, committed 7680K, reserved 1048576K
GC Heap History (10 events):
Event: 2.090 GC heap before
{Heap before GC invocations=2 (full 1):
 PSYoungGen      total 611840K, used 14368K [0x00000000d5580000, 0x0000000100000000, 0x0000000100000000)
  eden space 524800K, 0% used [0x00000000d5580000,0x00000000d5580000,0x00000000f5600000)
  from space 87040K, 16% used [0x00000000f5600000,0x00000000f6408100,0x00000000fab00000)
  to   space 87040K, 0% used [0x00000000fab00000,0x00000000fab00000,0x0000000100000000)
 ParOldGen       total 1398272K, used 80K [0x0000000080000000, 0x00000000d5580000, 0x00000000d5580000)
  object space 1398272K, 0% used [0x0000000080000000,0x0000000080014010,0x00000000d5580000)
 Metaspace       used 20829K, capacity 21074K, committed 21248K, reserved 1069056K
  class space    used 2361K, capacity 2450K, committed 2560K, reserved 1048576K
Event: 2.153 GC heap after
Heap after GC invocations=2 (full 1):
 PSYoungGen      total 611840K, used 0K [0x00000000d5580000, 0x0000000100000000, 0x0000000100000000)
  eden space 524800K, 0% used [0x00000000d5580000,0x00000000d5580000,0x00000000f5600000)
  from space 87040K, 0% used [0x00000000f5600000,0x00000000f5600000,0x00000000fab00000)
  to   space 87040K, 0% used [0x00000000fab00000,0x00000000fab00000,0x0000000100000000)
 ParOldGen       total 875520K, used 13868K [0x0000000080000000, 0x00000000b5700000, 0x00000000d5580000)
  object space 875520K, 1% used [0x0000000080000000,0x0000000080d8b2e8,0x00000000b5700000)
 Metaspace       used 20829K, capacity 21074K, committed 21248K, reserved 1069056K
  class space    used 2361K, capacity 2450K, committed 2560K, reserved 1048576K
}
Event: 4.245 GC heap before
{Heap before GC invocations=3 (full 1):
 PSYoungGen      total 611840K, used 424052K [0x00000000d5580000, 0x0000000100000000, 0x0000000100000000)
  eden space 524800K, 80% used [0x00000000d5580000,0x00000000ef39d328,0x00000000f5600000)
  from space 87040K, 0% used [0x00000000f5600000,0x00000000f5600000,0x00000000fab00000)
  to   space 87040K, 0% used [0x00000000fab00000,0x00000000fab00000,0x0000000100000000)
 ParOldGen       total 875520K, used 13868K [0x0000000080000000, 0x00000000b5700000, 0x00000000d5580000)
  object space 875520K, 1% used [0x0000000080000000,0x0000000080d8b2e8,0x00000000b5700000)
 Metaspace       used 34759K, capacity 35124K, committed 35416K, reserved 1081344K
  class space    used 3969K, capacity 4092K, committed 4096K, reserved 1048576K
Event: 4.283 GC heap after
Heap after GC invocations=3 (full 1):
 PSYoungGen      total 611840K, used 19290K [0x00000000d5580000, 0x0000000100000000, 0x0000000100000000)
  eden space 524800K, 0% used [0x00000000d5580000,0x00000000d5580000,0x00000000f5600000)
  from space 87040K, 22% used [0x00000000fab00000,0x00000000fbdd6a88,0x0000000100000000)
  to   space 87040K, 0% used [0x00000000f5600000,0x00000000f5600000,0x00000000fab00000)
 ParOldGen       total 875520K, used 13868K [0x0000000080000000, 0x00000000b5700000, 0x00000000d5580000)
  object space 875520K, 1% used [0x0000000080000000,0x0000000080d8b2e8,0x00000000b5700000)
 Metaspace       used 34759K, capacity 35124K, committed 35416K, reserved 1081344K
  class space    used 3969K, capacity 4092K, committed 4096K, reserved 1048576K
}
Event: 4.283 GC heap before
{Heap before GC invocations=4 (full 2):
 PSYoungGen      total 611840K, used 19290K [0x00000000d5580000, 0x0000000100000000, 0x0000000100000000)
  eden space 524800K, 0% used [0x00000000d5580000,0x00000000d5580000,0x00000000f5600000)
  from space 87040K, 22% used [0x00000000fab00000,0x00000000fbdd6a88,0x0000000100000000)
  to   space 87040K, 0% used [0x00000000f5600000,0x00000000f5600000,0x00000000fab00000)
 ParOldGen       total 875520K, used 13868K [0x0000000080000000, 0x00000000b5700000, 0x00000000d5580000)
  object space 875520K, 1% used [0x0000000080000000,0x0000000080d8b2e8,0x00000000b5700000)
 Metaspace       used 34759K, capacity 35124K, committed 35416K, reserved 1081344K
  class space    used 3969K, capacity 4092K, committed 4096K, reserved 1048576K
Event: 4.379 GC heap after
Heap after GC invocations=4 (full 2):
 PSYoungGen      total 611840K, used 0K [0x00000000d5580000, 0x0000000100000000, 0x0000000100000000)
  eden space 524800K, 0% used [0x00000000d5580000,0x00000000d5580000,0x00000000f5600000)
  from space 87040K, 0% used [0x00000000fab00000,0x00000000fab00000,0x0000000100000000)
  to   space 87040K, 0% used [0x00000000f5600000,0x00000000f5600000,0x00000000fab00000)
 ParOldGen       total 1398272K, used 23720K [0x0000000080000000, 0x00000000d5580000, 0x00000000d5580000)
  object space 1398272K, 1% used [0x0000000080000000,0x000000008172a010,0x00000000d5580000)
 Metaspace       used 34759K, capacity 35124K, committed 35416K, reserved 1081344K
  class space    used 3969K, capacity 4092K, committed 4096K, reserved 1048576K
}
Event: 10.783 GC heap before
{Heap before GC invocations=5 (full 2):
 PSYoungGen      total 611840K, used 338854K [0x00000000d5580000, 0x0000000100000000, 0x0000000100000000)
  eden space 524800K, 64% used [0x00000000d5580000,0x00000000ea0699d8,0x00000000f5600000)
  from space 87040K, 0% used [0x00000000fab00000,0x00000000fab00000,0x0000000100000000)
  to   space 87040K, 0% used [0x00000000f5600000,0x00000000f5600000,0x00000000fab00000)
 ParOldGen       total 1398272K, used 23720K [0x0000000080000000, 0x00000000d5580000, 0x00000000d5580000)
  object space 1398272K, 1% used [0x0000000080000000,0x000000008172a010,0x00000000d5580000)
 Metaspace       used 57477K, capacity 58868K, committed 59008K, reserved 1101824K
  class space    used 6686K, capacity 6968K, committed 7040K, reserved 1048576K
Event: 10.828 GC heap after
Heap after GC invocations=5 (full 2):
 PSYoungGen      total 611840K, used 27087K [0x00000000d5580000, 0x0000000100000000, 0x0000000100000000)
  eden space 524800K, 0% used [0x00000000d5580000,0x00000000d5580000,0x00000000f5600000)
  from space 87040K, 31% used [0x00000000f5600000,0x00000000f7073f48,0x00000000fab00000)
  to   space 87040K, 0% used [0x00000000fab00000,0x00000000fab00000,0x0000000100000000)
 ParOldGen       total 1398272K, used 23728K [0x0000000080000000, 0x00000000d5580000, 0x00000000d5580000)
  object space 1398272K, 1% used [0x0000000080000000,0x000000008172c010,0x00000000d5580000)
 Metaspace       used 57477K, capacity 58868K, committed 59008K, reserved 1101824K
  class space    used 6686K, capacity 6968K, committed 7040K, reserved 1048576K
}
Event: 10.828 GC heap before
{Heap before GC invocations=6 (full 3):
 PSYoungGen      total 611840K, used 27087K [0x00000000d5580000, 0x0000000100000000, 0x0000000100000000)
  eden space 524800K, 0% used [0x00000000d5580000,0x00000000d5580000,0x00000000f5600000)
  from space 87040K, 31% used [0x00000000f5600000,0x00000000f7073f48,0x00000000fab00000)
  to   space 87040K, 0% used [0x00000000fab00000,0x00000000fab00000,0x0000000100000000)
 ParOldGen       total 1398272K, used 23728K [0x0000000080000000, 0x00000000d5580000, 0x00000000d5580000)
  object space 1398272K, 1% used [0x0000000080000000,0x000000008172c010,0x00000000d5580000)
 Metaspace       used 57477K, capacity 58868K, committed 59008K, reserved 1101824K
  class space    used 6686K, capacity 6968K, committed 7040K, reserved 1048576K
Event: 10.995 GC heap after
Heap after GC invocations=6 (full 3):
 PSYoungGen      total 611840K, used 0K [0x00000000d5580000, 0x0000000100000000, 0x0000000100000000)
  eden space 524800K, 0% used [0x00000000d5580000,0x00000000d5580000,0x00000000f5600000)
  from space 87040K, 0% used [0x00000000f5600000,0x00000000f5600000,0x00000000fab00000)
  to   space 87040K, 0% used [0x00000000fab00000,0x00000000fab00000,0x0000000100000000)
 ParOldGen       total 1398272K, used 37877K [0x0000000080000000, 0x00000000d5580000, 0x00000000d5580000)
  object space 1398272K, 2% used [0x0000000080000000,0x00000000824fd410,0x00000000d5580000)
 Metaspace       used 57470K, capacity 58854K, committed 59008K, reserved 1101824K
  class space    used 6683K, capacity 6963K, committed 7040K, reserved 1048576K
}

