# JRE version: OpenJDK Runtime Environment (8.0_212-b04) (build 1.8.0_212-b04)
# Java VM: OpenJDK 64-Bit Server VM (25.212-b04 mixed mode linux-amd64 compressed oops)
Heap:
 PSYoungGen      total 611840K, used 279096K [0x00000000d5580000, 0x0000000100000000, 0x0000000100000000)
  eden space 524800K, 53% used [0x00000000d5580000,0x00000000e660e338,0x00000000f5600000)
  from space 87040K, 0% used [0x00000000fab00000,0x00000000fab00000,0x0000000100000000)
  to   space 87040K, 0% used [0x00000000f5600000,0x00000000f5600000,0x00000000fab00000)
 ParOldGen       total 1398272K, used 28207K [0x0000000080000000, 0x00000000d5580000, 0x00000000d5580000)
  object space 1398272K, 2% used [0x0000000080000000,0x0000000081b8bf38,0x00000000d5580000)
 Metaspace       used 64768K, capacity 67376K, committed 67712K, reserved 1110016K
  class space    used 7499K, capacity 7982K, committed 8064K, reserved 1048576K
GC Heap History (10 events):
Event: 4.024 GC heap before
{Heap before GC invocations=3 (full 1):
 PSYoungGen      total 611840K, used 480632K [0x00000000d5580000, 0x0000000100000000, 0x0000000100000000)
  eden space 524800K, 91% used [0x00000000d5580000,0x00000000f2ade1d0,0x00000000f5600000)
  from space 87040K, 0% used [0x00000000f5600000,0x00000000f5600000,0x00000000fab00000)
  to   space 87040K, 0% used [0x00000000fab00000,0x00000000fab00000,0x0000000100000000)
 ParOldGen       total 919040K, used 14239K [0x0000000080000000, 0x00000000b8180000, 0x00000000d5580000)
  object space 919040K, 1% used [0x0000000080000000,0x0000000080de7ca8,0x00000000b8180000)
 Metaspace       used 34784K, capacity 35124K, committed 35416K, reserved 1081344K
  class space    used 3969K, capacity 4092K, committed 4096K, reserved 1048576K
Event: 4.059 GC heap after
Heap after GC invocations=3 (full 1):
 PSYoungGen      total 611840K, used 19389K [0x00000000d5580000, 0x0000000100000000, 0x0000000100000000)
  eden space 524800K, 0% used [0x00000000d5580000,0x00000000d5580000,0x00000000f5600000)
  from space 87040K, 22% used [0x00000000fab00000,0x00000000fbdef648,0x0000000100000000)
  to   space 87040K, 0% used [0x00000000f5600000,0x00000000f5600000,0x00000000fab00000)
 ParOldGen       total 919040K, used 14239K [0x0000000080000000, 0x00000000b8180000, 0x00000000d5580000)
  object space 919040K, 1% used [0x0000000080000000,0x0000000080de7ca8,0x00000000b8180000)
 Metaspace       used 34784K, capacity 35124K, committed 35416K, reserved 1081344K
  class space    used 3969K, capacity 4092K, committed 4096K, reserved 1048576K
}
Event: 4.059 GC heap before
{Heap before GC invocations=4 (full 2):
 PSYoungGen      total 611840K, used 19389K [0x00000000d5580000, 0x0000000100000000, 0x0000000100000000)
  eden space 524800K, 0% used [0x00000000d5580000,0x00000000d5580000,0x00000000f5600000)
  from space 87040K, 22% used [0x00000000fab00000,0x00000000fbdef648,0x0000000100000000)
  to   space 87040K, 0% used [0x00000000f5600000,0x00000000f5600000,0x00000000fab00000)
 ParOldGen       total 919040K, used 14239K [0x0000000080000000, 0x00000000b8180000, 0x00000000d5580000)
  object space 919040K, 1% used [0x0000000080000000,0x0000000080de7ca8,0x00000000b8180000)
 Metaspace       used 34784K, capacity 35124K, committed 35416K, reserved 1081344K
  class space    used 3969K, capacity 4092K, committed 4096K, reserved 1048576K
Event: 4.150 GC heap after
Heap after GC invocations=4 (full 2):
 PSYoungGen      total 611840K, used 0K [0x00000000d5580000, 0x0000000100000000, 0x0000000100000000)
  eden space 524800K, 0% used [0x00000000d5580000,0x00000000d5580000,0x00000000f5600000)
  from space 87040K, 0% used [0x00000000fab00000,0x00000000fab00000,0x0000000100000000)
  to   space 87040K, 0% used [0x00000000f5600000,0x00000000f5600000,0x00000000fab00000)
 ParOldGen       total 1398272K, used 23936K [0x0000000080000000, 0x00000000d5580000, 0x00000000d5580000)
  object space 1398272K, 1% used [0x0000000080000000,0x00000000817601c8,0x00000000d5580000)
 Metaspace       used 34784K, capacity 35124K, committed 35416K, reserved 1081344K
  class space    used 3969K, capacity 4092K, committed 4096K, reserved 1048576K
}
Event: 10.429 GC heap before
{Heap before GC invocations=5 (full 2):
 PSYoungGen      total 611840K, used 524800K [0x00000000d5580000, 0x0000000100000000, 0x0000000100000000)
  eden space 524800K, 100% used [0x00000000d5580000,0x00000000f5600000,0x00000000f5600000)
  from space 87040K, 0% used [0x00000000fab00000,0x00000000fab00000,0x0000000100000000)
  to   space 87040K, 0% used [0x00000000f5600000,0x00000000f5600000,0x00000000fab00000)
 ParOldGen       total 1398272K, used 23936K [0x0000000080000000, 0x00000000d5580000, 0x00000000d5580000)
  object space 1398272K, 1% used [0x0000000080000000,0x00000000817601c8,0x00000000d5580000)
 Metaspace       used 52966K, capacity 54272K, committed 54400K, reserved 1097728K
  class space    used 6218K, capacity 6478K, committed 6528K, reserved 1048576K
Event: 10.476 GC heap after
Heap after GC invocations=5 (full 2):
 PSYoungGen      total 611840K, used 26876K [0x00000000d5580000, 0x0000000100000000, 0x0000000100000000)
  eden space 524800K, 0% used [0x00000000d5580000,0x00000000d5580000,0x00000000f5600000)
  from space 87040K, 30% used [0x00000000f5600000,0x00000000f703f338,0x00000000fab00000)
  to   space 87040K, 0% used [0x00000000fab00000,0x00000000fab00000,0x0000000100000000)
 ParOldGen       total 1398272K, used 23944K [0x0000000080000000, 0x00000000d5580000, 0x00000000d5580000)
  object space 1398272K, 1% used [0x0000000080000000,0x00000000817621c8,0x00000000d5580000)
 Metaspace       used 52966K, capacity 54272K, committed 54400K, reserved 1097728K
  class space    used 6218K, capacity 6478K, committed 6528K, reserved 1048576K
}
Event: 11.046 GC heap before
{Heap before GC invocations=6 (full 2):
 PSYoungGen      total 611840K, used 168197K [0x00000000d5580000, 0x0000000100000000, 0x0000000100000000)
  eden space 524800K, 26% used [0x00000000d5580000,0x00000000ddf82350,0x00000000f5600000)
  from space 87040K, 30% used [0x00000000f5600000,0x00000000f703f338,0x00000000fab00000)
  to   space 87040K, 0% used [0x00000000fab00000,0x00000000fab00000,0x0000000100000000)
 ParOldGen       total 1398272K, used 23944K [0x0000000080000000, 0x00000000d5580000, 0x00000000d5580000)
  object space 1398272K, 1% used [0x0000000080000000,0x00000000817621c8,0x00000000d5580000)
 Metaspace       used 57492K, capacity 58888K, committed 59008K, reserved 1101824K
  class space    used 6669K, capacity 6964K, committed 7040K, reserved 1048576K
Event: 11.069 GC heap after
Heap after GC invocations=6 (full 2):
 PSYoungGen      total 611840K, used 16220K [0x00000000d5580000, 0x0000000100000000, 0x0000000100000000)
  eden space 524800K, 0% used [0x00000000d5580000,0x00000000d5580000,0x00000000f5600000)
  from space 87040K, 18% used [0x00000000fab00000,0x00000000fbad73b0,0x0000000100000000)
  to   space 87040K, 0% used [0x00000000f5600000,0x00000000f5600000,0x00000000fab00000)
 ParOldGen       total 1398272K, used 23952K [0x0000000080000000, 0x00000000d5580000, 0x00000000d5580000)
  object space 1398272K, 1% used [0x0000000080000000,0x00000000817641c8,0x00000000d5580000)
 Metaspace       used 57492K, capacity 58888K, committed 59008K, reserved 1101824K
  class space    used 6669K, capacity 6964K, committed 7040K, reserved 1048576K
}
Event: 11.069 GC heap before
{Heap before GC invocations=7 (full 3):
 PSYoungGen      total 611840K, used 16220K [0x00000000d5580000, 0x0000000100000000, 0x0000000100000000)
  eden space 524800K, 0% used [0x00000000d5580000,0x00000000d5580000,0x00000000f5600000)
  from space 87040K, 18% used [0x00000000fab00000,0x00000000fbad73b0,0x0000000100000000)
  to   space 87040K, 0% used [0x00000000f5600000,0x00000000f5600000,0x00000000fab00000)
 ParOldGen       total 1398272K, used 23952K [0x0000000080000000, 0x00000000d5580000, 0x00000000d5580000)
  object space 1398272K, 1% used [0x0000000080000000,0x00000000817641c8,0x00000000d5580000)
 Metaspace       used 57492K, capacity 58888K, committed 59008K, reserved 1101824K
  class space    used 6669K, capacity 6964K, committed 7040K, reserved 1048576K
Event: 11.306 GC heap after
Heap after GC invocations=7 (full 3):
 PSYoungGen      total 611840K, used 0K [0x00000000d5580000, 0x0000000100000000, 0x0000000100000000)
  eden space 524800K, 0% used [0x00000000d5580000,0x00000000d5580000,0x00000000f5600000)
  from space 87040K, 0% used [0x00000000fab00000,0x00000000fab00000,0x0000000100000000)
  to   space 87040K, 0% used [0x00000000f5600000,0x00000000f5600000,0x00000000fab00000)
 ParOldGen       total 1398272K, used 28207K [0x0000000080000000, 0x00000000d5580000, 0x00000000d5580000)
  object space 1398272K, 2% used [0x0000000080000000,0x0000000081b8bf38,0x00000000d5580000)
 Metaspace       used 57466K, capacity 58826K, committed 59008K, reserved 1101824K
  class space    used 6659K, capacity 6947K, committed 7040K, reserved 1048576K
}

