# JRE version: OpenJDK Runtime Environment (8.0_212-b04) (build 1.8.0_212-b04)
# Java VM: OpenJDK 64-Bit Server VM (25.212-b04 mixed mode linux-amd64 compressed oops)
Heap:
 PSYoungGen      total 611840K, used 61579K [0x00000000d5580000, 0x0000000100000000, 0x0000000100000000)
  eden space 524800K, 11% used [0x00000000d5580000,0x00000000d91a2da8,0x00000000f5600000)
  from space 87040K, 0% used [0x00000000f5600000,0x00000000f5600000,0x00000000fab00000)
  to   space 87040K, 0% used [0x00000000fab00000,0x00000000fab00000,0x0000000100000000)
 ParOldGen       total 1398272K, used 38389K [0x0000000080000000, 0x00000000d5580000, 0x00000000d5580000)
  object space 1398272K, 2% used [0x0000000080000000,0x000000008257d760,0x00000000d5580000)
 Metaspace       used 58167K, capacity 59672K, committed 59904K, reserved 1101824K
  class space    used 6794K, capacity 7094K, committed 7168K, reserved 1048576K
GC Heap History (10 events):
Event: 1.999 GC heap before
{Heap before GC invocations=2 (full 1):
 PSYoungGen      total 611840K, used 14304K [0x00000000d5580000, 0x0000000100000000, 0x0000000100000000)
  eden space 524800K, 0% used [0x00000000d5580000,0x00000000d5580000,0x00000000f5600000)
  from space 87040K, 16% used [0x00000000f5600000,0x00000000f63f8118,0x00000000fab00000)
  to   space 87040K, 0% used [0x00000000fab00000,0x00000000fab00000,0x0000000100000000)
 ParOldGen       total 1398272K, used 80K [0x0000000080000000, 0x00000000d5580000, 0x00000000d5580000)
  object space 1398272K, 0% used [0x0000000080000000,0x0000000080014010,0x00000000d5580000)
 Metaspace       used 20819K, capacity 21106K, committed 21248K, reserved 1069056K
  class space    used 2363K, capacity 2482K, committed 2560K, reserved 1048576K
Event: 2.055 GC heap after
Heap after GC invocations=2 (full 1):
 PSYoungGen      total 611840K, used 0K [0x00000000d5580000, 0x0000000100000000, 0x0000000100000000)
  eden space 524800K, 0% used [0x00000000d5580000,0x00000000d5580000,0x00000000f5600000)
  from space 87040K, 0% used [0x00000000f5600000,0x00000000f5600000,0x00000000fab00000)
  to   space 87040K, 0% used [0x00000000fab00000,0x00000000fab00000,0x0000000100000000)
 ParOldGen       total 859136K, used 13765K [0x0000000080000000, 0x00000000b4700000, 0x00000000d5580000)
  object space 859136K, 1% used [0x0000000080000000,0x0000000080d716b8,0x00000000b4700000)
 Metaspace       used 20819K, capacity 21106K, committed 21248K, reserved 1069056K
  class space    used 2363K, capacity 2482K, committed 2560K, reserved 1048576K
}
Event: 4.050 GC heap before
{Heap before GC invocations=3 (full 1):
 PSYoungGen      total 611840K, used 434564K [0x00000000d5580000, 0x0000000100000000, 0x0000000100000000)
  eden space 524800K, 82% used [0x00000000d5580000,0x00000000efde1178,0x00000000f5600000)
  from space 87040K, 0% used [0x00000000f5600000,0x00000000f5600000,0x00000000fab00000)
  to   space 87040K, 0% used [0x00000000fab00000,0x00000000fab00000,0x0000000100000000)
 ParOldGen       total 859136K, used 13765K [0x0000000080000000, 0x00000000b4700000, 0x00000000d5580000)
  object space 859136K, 1% used [0x0000000080000000,0x0000000080d716b8,0x00000000b4700000)
 Metaspace       used 34838K, capacity 35188K, committed 35416K, reserved 1081344K
  class space    used 3979K, capacity 4092K, committed 4096K, reserved 1048576K
Event: 4.081 GC heap after
Heap after GC invocations=3 (full 1):
 PSYoungGen      total 611840K, used 19263K [0x00000000d5580000, 0x0000000100000000, 0x0000000100000000)
  eden space 524800K, 0% used [0x00000000d5580000,0x00000000d5580000,0x00000000f5600000)
  from space 87040K, 22% used [0x00000000fab00000,0x00000000fbdcff98,0x0000000100000000)
  to   space 87040K, 0% used [0x00000000f5600000,0x00000000f5600000,0x00000000fab00000)
 ParOldGen       total 859136K, used 13765K [0x0000000080000000, 0x00000000b4700000, 0x00000000d5580000)
  object space 859136K, 1% used [0x0000000080000000,0x0000000080d716b8,0x00000000b4700000)
 Metaspace       used 34838K, capacity 35188K, committed 35416K, reserved 1081344K
  class space    used 3979K, capacity 4092K, committed 4096K, reserved 1048576K
}
Event: 4.081 GC heap before
{Heap before GC invocations=4 (full 2):
 PSYoungGen      total 611840K, used 19263K [0x00000000d5580000, 0x0000000100000000, 0x0000000100000000)
  eden space 524800K, 0% used [0x00000000d5580000,0x00000000d5580000,0x00000000f5600000)
  from space 87040K, 22% used [0x00000000fab00000,0x00000000fbdcff98,0x0000000100000000)
  to   space 87040K, 0% used [0x00000000f5600000,0x00000000f5600000,0x00000000fab00000)
 ParOldGen       total 859136K, used 13765K [0x0000000080000000, 0x00000000b4700000, 0x00000000d5580000)
  object space 859136K, 1% used [0x0000000080000000,0x0000000080d716b8,0x00000000b4700000)
 Metaspace       used 34838K, capacity 35188K, committed 35416K, reserved 1081344K
  class space    used 3979K, capacity 4092K, committed 4096K, reserved 1048576K
Event: 4.156 GC heap after
Heap after GC invocations=4 (full 2):
 PSYoungGen      total 611840K, used 0K [0x00000000d5580000, 0x0000000100000000, 0x0000000100000000)
  eden space 524800K, 0% used [0x00000000d5580000,0x00000000d5580000,0x00000000f5600000)
  from space 87040K, 0% used [0x00000000fab00000,0x00000000fab00000,0x0000000100000000)
  to   space 87040K, 0% used [0x00000000f5600000,0x00000000f5600000,0x00000000fab00000)
 ParOldGen       total 1398272K, used 23643K [0x0000000080000000, 0x00000000d5580000, 0x00000000d5580000)
  object space 1398272K, 1% used [0x0000000080000000,0x0000000081716e80,0x00000000d5580000)
 Metaspace       used 34838K, capacity 35188K, committed 35416K, reserved 1081344K
  class space    used 3979K, capacity 4092K, committed 4096K, reserved 1048576K
}
Event: 14.661 GC heap before
{Heap before GC invocations=5 (full 2):
 PSYoungGen      total 611840K, used 409025K [0x00000000d5580000, 0x0000000100000000, 0x0000000100000000)
  eden space 524800K, 77% used [0x00000000d5580000,0x00000000ee4f07c8,0x00000000f5600000)
  from space 87040K, 0% used [0x00000000fab00000,0x00000000fab00000,0x0000000100000000)
  to   space 87040K, 0% used [0x00000000f5600000,0x00000000f5600000,0x00000000fab00000)
 ParOldGen       total 1398272K, used 23643K [0x0000000080000000, 0x00000000d5580000, 0x00000000d5580000)
  object space 1398272K, 1% used [0x0000000080000000,0x0000000081716e80,0x00000000d5580000)
 Metaspace       used 57546K, capacity 58920K, committed 59008K, reserved 1101824K
  class space    used 6702K, capacity 6998K, committed 7040K, reserved 1048576K
Event: 14.706 GC heap after
Heap after GC invocations=5 (full 2):
 PSYoungGen      total 611840K, used 28424K [0x00000000d5580000, 0x0000000100000000, 0x0000000100000000)
  eden space 524800K, 0% used [0x00000000d5580000,0x00000000d5580000,0x00000000f5600000)
  from space 87040K, 32% used [0x00000000f5600000,0x00000000f71c2008,0x00000000fab00000)
  to   space 87040K, 0% used [0x00000000fab00000,0x00000000fab00000,0x0000000100000000)
 ParOldGen       total 1398272K, used 23651K [0x0000000080000000, 0x00000000d5580000, 0x00000000d5580000)
  object space 1398272K, 1% used [0x0000000080000000,0x0000000081718e80,0x00000000d5580000)
 Metaspace       used 57546K, capacity 58920K, committed 59008K, reserved 1101824K
  class space    used 6702K, capacity 6998K, committed 7040K, reserved 1048576K
}
Event: 14.706 GC heap before
{Heap before GC invocations=6 (full 3):
 PSYoungGen      total 611840K, used 28424K [0x00000000d5580000, 0x0000000100000000, 0x0000000100000000)
  eden space 524800K, 0% used [0x00000000d5580000,0x00000000d5580000,0x00000000f5600000)
  from space 87040K, 32% used [0x00000000f5600000,0x00000000f71c2008,0x00000000fab00000)
  to   space 87040K, 0% used [0x00000000fab00000,0x00000000fab00000,0x0000000100000000)
 ParOldGen       total 1398272K, used 23651K [0x0000000080000000, 0x00000000d5580000, 0x00000000d5580000)
  object space 1398272K, 1% used [0x0000000080000000,0x0000000081718e80,0x00000000d5580000)
 Metaspace       used 57546K, capacity 58920K, committed 59008K, reserved 1101824K
  class space    used 6702K, capacity 6998K, committed 7040K, reserved 1048576K
Event: 14.884 GC heap after
Heap after GC invocations=6 (full 3):
 PSYoungGen      total 611840K, used 0K [0x00000000d5580000, 0x0000000100000000, 0x0000000100000000)
  eden space 524800K, 0% used [0x00000000d5580000,0x00000000d5580000,0x00000000f5600000)
  from space 87040K, 0% used [0x00000000f5600000,0x00000000f5600000,0x00000000fab00000)
  to   space 87040K, 0% used [0x00000000fab00000,0x00000000fab00000,0x0000000100000000)
 ParOldGen       total 1398272K, used 38389K [0x0000000080000000, 0x00000000d5580000, 0x00000000d5580000)
  object space 1398272K, 2% used [0x0000000080000000,0x000000008257d760,0x00000000d5580000)
 Metaspace       used 57540K, capacity 58906K, committed 59008K, reserved 1101824K
  class space    used 6699K, capacity 6993K, committed 7040K, reserved 1048576K
}

