# JRE version: OpenJDK Runtime Environment (8.0_212-b04) (build 1.8.0_212-b04)
# Java VM: OpenJDK 64-Bit Server VM (25.212-b04 mixed mode linux-amd64 compressed oops)
Heap:
 PSYoungGen      total 611840K, used 507919K [0x00000000d5580000, 0x0000000100000000, 0x0000000100000000)
  eden space 524800K, 96% used [0x00000000d5580000,0x00000000f4583e18,0x00000000f5600000)
  from space 87040K, 0% used [0x00000000fab00000,0x00000000fab00000,0x0000000100000000)
  to   space 87040K, 0% used [0x00000000f5600000,0x00000000f5600000,0x00000000fab00000)
 ParOldGen       total 1398272K, used 28260K [0x0000000080000000, 0x00000000d5580000, 0x00000000d5580000)
  object space 1398272K, 2% used [0x0000000080000000,0x0000000081b991a8,0x00000000d5580000)
 Metaspace       used 68185K, capacity 71430K, committed 71680K, reserved 1112064K
  class space    used 7768K, capacity 8341K, committed 8448K, reserved 1048576K
GC Heap History (10 events):
Event: 4.785 GC heap before
{Heap before GC invocations=3 (full 1):
 PSYoungGen      total 611840K, used 404107K [0x00000000d5580000, 0x0000000100000000, 0x0000000100000000)
  eden space 524800K, 77% used [0x00000000d5580000,0x00000000ee022ed0,0x00000000f5600000)
  from space 87040K, 0% used [0x00000000f5600000,0x00000000f5600000,0x00000000fab00000)
  to   space 87040K, 0% used [0x00000000fab00000,0x00000000fab00000,0x0000000100000000)
 ParOldGen       total 890368K, used 18610K [0x0000000080000000, 0x00000000b6580000, 0x00000000d5580000)
  object space 890368K, 2% used [0x0000000080000000,0x000000008122caf8,0x00000000b6580000)
 Metaspace       used 34806K, capacity 35218K, committed 35496K, reserved 1081344K
  class space    used 3973K, capacity 4101K, committed 4224K, reserved 1048576K
Event: 4.807 GC heap after
Heap after GC invocations=3 (full 1):
 PSYoungGen      total 611840K, used 14308K [0x00000000d5580000, 0x0000000100000000, 0x0000000100000000)
  eden space 524800K, 0% used [0x00000000d5580000,0x00000000d5580000,0x00000000f5600000)
  from space 87040K, 16% used [0x00000000fab00000,0x00000000fb8f92d8,0x0000000100000000)
  to   space 87040K, 0% used [0x00000000f5600000,0x00000000f5600000,0x00000000fab00000)
 ParOldGen       total 890368K, used 18682K [0x0000000080000000, 0x00000000b6580000, 0x00000000d5580000)
  object space 890368K, 2% used [0x0000000080000000,0x000000008123eb08,0x00000000b6580000)
 Metaspace       used 34806K, capacity 35218K, committed 35496K, reserved 1081344K
  class space    used 3973K, capacity 4101K, committed 4224K, reserved 1048576K
}
Event: 4.807 GC heap before
{Heap before GC invocations=4 (full 2):
 PSYoungGen      total 611840K, used 14308K [0x00000000d5580000, 0x0000000100000000, 0x0000000100000000)
  eden space 524800K, 0% used [0x00000000d5580000,0x00000000d5580000,0x00000000f5600000)
  from space 87040K, 16% used [0x00000000fab00000,0x00000000fb8f92d8,0x0000000100000000)
  to   space 87040K, 0% used [0x00000000f5600000,0x00000000f5600000,0x00000000fab00000)
 ParOldGen       total 890368K, used 18682K [0x0000000080000000, 0x00000000b6580000, 0x00000000d5580000)
  object space 890368K, 2% used [0x0000000080000000,0x000000008123eb08,0x00000000b6580000)
 Metaspace       used 34806K, capacity 35218K, committed 35496K, reserved 1081344K
  class space    used 3973K, capacity 4101K, committed 4224K, reserved 1048576K
Event: 4.904 GC heap after
Heap after GC invocations=4 (full 2):
 PSYoungGen      total 611840K, used 0K [0x00000000d5580000, 0x0000000100000000, 0x0000000100000000)
  eden space 524800K, 0% used [0x00000000d5580000,0x00000000d5580000,0x00000000f5600000)
  from space 87040K, 0% used [0x00000000fab00000,0x00000000fab00000,0x0000000100000000)
  to   space 87040K, 0% used [0x00000000f5600000,0x00000000f5600000,0x00000000fab00000)
 ParOldGen       total 1398272K, used 22574K [0x0000000080000000, 0x00000000d5580000, 0x00000000d5580000)
  object space 1398272K, 1% used [0x0000000080000000,0x000000008160ba00,0x00000000d5580000)
 Metaspace       used 34806K, capacity 35218K, committed 35496K, reserved 1081344K
  class space    used 3973K, capacity 4101K, committed 4224K, reserved 1048576K
}
Event: 10.336 GC heap before
{Heap before GC invocations=5 (full 2):
 PSYoungGen      total 611840K, used 524800K [0x00000000d5580000, 0x0000000100000000, 0x0000000100000000)
  eden space 524800K, 100% used [0x00000000d5580000,0x00000000f5600000,0x00000000f5600000)
  from space 87040K, 0% used [0x00000000fab00000,0x00000000fab00000,0x0000000100000000)
  to   space 87040K, 0% used [0x00000000f5600000,0x00000000f5600000,0x00000000fab00000)
 ParOldGen       total 1398272K, used 22574K [0x0000000080000000, 0x00000000d5580000, 0x00000000d5580000)
  object space 1398272K, 1% used [0x0000000080000000,0x000000008160ba00,0x00000000d5580000)
 Metaspace       used 53870K, capacity 55250K, committed 55552K, reserved 1097728K
  class space    used 6349K, capacity 6605K, committed 6656K, reserved 1048576K
Event: 10.386 GC heap after
Heap after GC invocations=5 (full 2):
 PSYoungGen      total 611840K, used 26956K [0x00000000d5580000, 0x0000000100000000, 0x0000000100000000)
  eden space 524800K, 0% used [0x00000000d5580000,0x00000000d5580000,0x00000000f5600000)
  from space 87040K, 30% used [0x00000000f5600000,0x00000000f70530e8,0x00000000fab00000)
  to   space 87040K, 0% used [0x00000000fab00000,0x00000000fab00000,0x0000000100000000)
 ParOldGen       total 1398272K, used 22582K [0x0000000080000000, 0x00000000d5580000, 0x00000000d5580000)
  object space 1398272K, 1% used [0x0000000080000000,0x000000008160da00,0x00000000d5580000)
 Metaspace       used 53870K, capacity 55250K, committed 55552K, reserved 1097728K
  class space    used 6349K, capacity 6605K, committed 6656K, reserved 1048576K
}
Event: 11.039 GC heap before
{Heap before GC invocations=6 (full 2):
 PSYoungGen      total 611840K, used 139737K [0x00000000d5580000, 0x0000000100000000, 0x0000000100000000)
  eden space 524800K, 21% used [0x00000000d5580000,0x00000000dc3a3628,0x00000000f5600000)
  from space 87040K, 30% used [0x00000000f5600000,0x00000000f70530e8,0x00000000fab00000)
  to   space 87040K, 0% used [0x00000000fab00000,0x00000000fab00000,0x0000000100000000)
 ParOldGen       total 1398272K, used 22582K [0x0000000080000000, 0x00000000d5580000, 0x00000000d5580000)
  object space 1398272K, 1% used [0x0000000080000000,0x000000008160da00,0x00000000d5580000)
 Metaspace       used 57599K, capacity 59008K, committed 59160K, reserved 1101824K
  class space    used 6702K, capacity 6976K, committed 7040K, reserved 1048576K
Event: 11.077 GC heap after
Heap after GC invocations=6 (full 2):
 PSYoungGen      total 611840K, used 15723K [0x00000000d5580000, 0x0000000100000000, 0x0000000100000000)
  eden space 524800K, 0% used [0x00000000d5580000,0x00000000d5580000,0x00000000f5600000)
  from space 87040K, 18% used [0x00000000fab00000,0x00000000fba5ad90,0x0000000100000000)
  to   space 87040K, 0% used [0x00000000f5600000,0x00000000f5600000,0x00000000fab00000)
 ParOldGen       total 1398272K, used 22590K [0x0000000080000000, 0x00000000d5580000, 0x00000000d5580000)
  object space 1398272K, 1% used [0x0000000080000000,0x000000008160fa00,0x00000000d5580000)
 Metaspace       used 57599K, capacity 59008K, committed 59160K, reserved 1101824K
  class space    used 6702K, capacity 6976K, committed 7040K, reserved 1048576K
}
Event: 11.077 GC heap before
{Heap before GC invocations=7 (full 3):
 PSYoungGen      total 611840K, used 15723K [0x00000000d5580000, 0x0000000100000000, 0x0000000100000000)
  eden space 524800K, 0% used [0x00000000d5580000,0x00000000d5580000,0x00000000f5600000)
  from space 87040K, 18% used [0x00000000fab00000,0x00000000fba5ad90,0x0000000100000000)
  to   space 87040K, 0% used [0x00000000f5600000,0x00000000f5600000,0x00000000fab00000)
 ParOldGen       total 1398272K, used 22590K [0x0000000080000000, 0x00000000d5580000, 0x00000000d5580000)
  object space 1398272K, 1% used [0x0000000080000000,0x000000008160fa00,0x00000000d5580000)
 Metaspace       used 57599K, capacity 59008K, committed 59160K, reserved 1101824K
  class space    used 6702K, capacity 6976K, committed 7040K, reserved 1048576K
Event: 11.333 GC heap after
Heap after GC invocations=7 (full 3):
 PSYoungGen      total 611840K, used 0K [0x00000000d5580000, 0x0000000100000000, 0x0000000100000000)
  eden space 524800K, 0% used [0x00000000d5580000,0x00000000d5580000,0x00000000f5600000)
  from space 87040K, 0% used [0x00000000fab00000,0x00000000fab00000,0x0000000100000000)
  to   space 87040K, 0% used [0x00000000f5600000,0x00000000f5600000,0x00000000fab00000)
 ParOldGen       total 1398272K, used 28260K [0x0000000080000000, 0x00000000d5580000, 0x00000000d5580000)
  object space 1398272K, 2% used [0x0000000080000000,0x0000000081b991a8,0x00000000d5580000)
 Metaspace       used 57515K, capacity 58802K, committed 59160K, reserved 1101824K
  class space    used 6671K, capacity 6923K, committed 7040K, reserved 1048576K
}

