[INFO] Scanning for projects...
[INFO] ------------------------------------------------------------------------
[INFO] Detecting the operating system and CPU architecture
[INFO] ------------------------------------------------------------------------
[INFO] os.detected.name: linux
[INFO] os.detected.arch: x86_64
[INFO] os.detected.version: 3.10
[INFO] os.detected.version.major: 3
[INFO] os.detected.version.minor: 10
[INFO] os.detected.release: alpine
[INFO] os.detected.release.version: 3.8.2
[INFO] os.detected.release.like.alpine: true
[INFO] os.detected.classifier: linux-x86_64
[INFO] ------------------------------------------------------------------------
[INFO] Reactor Build Order:
[INFO] 
[INFO] Apache Hadoop HDDS                                                 [pom]
[INFO] Apache Hadoop HDDS Config                                          [jar]
[INFO] Apache Hadoop HDDS Common                                          [jar]
[INFO] Apache Hadoop HDDS Client                                          [jar]
[INFO] Apache Hadoop HDDS Server Framework                                [jar]
[INFO] Apache Hadoop HDDS Container Service                               [jar]
[INFO] Apache Hadoop HDDS/Ozone Documentation                             [jar]
[INFO] Apache Hadoop HDDS SCM Server                                      [jar]
[INFO] Apache Hadoop HDDS Tools                                           [jar]
[INFO] Apache Hadoop Ozone                                                [pom]
[INFO] Apache Hadoop Ozone Common                                         [jar]
[INFO] Apache Hadoop Ozone Client                                         [jar]
[INFO] Apache Hadoop Ozone Manager Server                                 [jar]
[INFO] Apache Hadoop Ozone Object Store REST Service                      [jar]
[INFO] Apache Hadoop Ozone S3 Gateway                                     [jar]
[INFO] Apache Hadoop Ozone CSI service                                    [jar]
[INFO] Apache Hadoop Ozone Recon CodeGen                                  [jar]
[INFO] Apache Hadoop Ozone Recon                                          [jar]
[INFO] Apache Hadoop Ozone FileSystem Single Jar Library                  [jar]
[INFO] Apache Hadoop Ozone FileSystem Legacy Jar Library                  [jar]
[INFO] Apache Hadoop Ozone Datanode                                       [jar]
[INFO] Apache Hadoop Ozone In-Place Upgrade                               [jar]
[INFO] Apache Hadoop Ozone Distribution                                   [pom]
[INFO] Apache Hadoop Ozone Fault Injection Tests                          [pom]
[INFO] Apache Hadoop Ozone Network Tests                                  [jar]
[INFO] Apache Hadoop Ozone Main                                           [pom]
[INFO] 
[INFO] -------------------< org.apache.hadoop:hadoop-hdds >--------------------
[INFO] Building Apache Hadoop HDDS 0.4.1-SNAPSHOT                        [1/26]
[INFO] --------------------------------[ pom ]---------------------------------
Downloading from apache.snapshots.https: https://repository.apache.org/content/repositories/snapshots/org/apache/maven/plugins/maven-site-plugin/3.6/maven-site-plugin-3.6.pom
Downloading from central: https://repo.maven.apache.org/maven2/org/apache/maven/plugins/maven-site-plugin/3.6/maven-site-plugin-3.6.pom
Progress (1): 2.2/18 kBProgress (1): 5.0/18 kBProgress (1): 7.8/18 kBProgress (1): 11/18 kB Progress (1): 13/18 kBProgress (1): 16/18 kBProgress (1): 18 kB                      Downloaded from central: https://repo.maven.apache.org/maven2/org/apache/maven/plugins/maven-site-plugin/3.6/maven-site-plugin-3.6.pom (18 kB at 134 kB/s)
Downloading from apache.snapshots.https: https://repository.apache.org/content/repositories/snapshots/org/apache/maven/plugins/maven-site-plugin/3.6/maven-site-plugin-3.6.jar
Downloading from central: https://repo.maven.apache.org/maven2/org/apache/maven/plugins/maven-site-plugin/3.6/maven-site-plugin-3.6.jar
Progress (1): 2.2/132 kBProgress (1): 5.0/132 kBProgress (1): 7.7/132 kBProgress (1): 10/132 kB Progress (1): 13/132 kBProgress (1): 16/132 kBProgress (1): 19/132 kBProgress (1): 21/132 kBProgress (1): 24/132 kBProgress (1): 27/132 kBProgress (1): 30/132 kBProgress (1): 32/132 kBProgress (1): 36/132 kBProgress (1): 40/132 kBProgress (1): 45/132 kBProgress (1): 49/132 kBProgress (1): 53/132 kBProgress (1): 57/132 kBProgress (1): 61/132 kBProgress (1): 65/132 kBProgress (1): 69/132 kBProgress (1): 73/132 kBProgress (1): 77/132 kBProgress (1): 81/132 kBProgress (1): 85/132 kBProgress (1): 90/132 kBProgress (1): 94/132 kBProgress (1): 98/132 kBProgress (1): 102/132 kBProgress (1): 106/132 kBProgress (1): 110/132 kBProgress (1): 114/132 kBProgress (1): 118/132 kBProgress (1): 122/132 kBProgress (1): 126/132 kBProgress (1): 131/132 kBProgress (1): 132 kB                        Downloaded from central: https://repo.maven.apache.org/maven2/org/apache/maven/plugins/maven-site-plugin/3.6/maven-site-plugin-3.6.jar (132 kB at 2.1 MB/s)
Downloading from apache.snapshots.https: https://repository.apache.org/content/repositories/snapshots/org/apache/maven/plugins/maven-antrun-plugin/1.7/maven-antrun-plugin-1.7.pom
Downloading from central: https://repo.maven.apache.org/maven2/org/apache/maven/plugins/maven-antrun-plugin/1.7/maven-antrun-plugin-1.7.pom
Progress (1): 2.2/4.1 kBProgress (1): 4.1 kB                        Downloaded from central: https://repo.maven.apache.org/maven2/org/apache/maven/plugins/maven-antrun-plugin/1.7/maven-antrun-plugin-1.7.pom (4.1 kB at 159 kB/s)
Downloading from apache.snapshots.https: https://repository.apache.org/content/repositories/snapshots/org/apache/maven/plugins/maven-antrun-plugin/1.7/maven-antrun-plugin-1.7.jar
Downloading from central: https://repo.maven.apache.org/maven2/org/apache/maven/plugins/maven-antrun-plugin/1.7/maven-antrun-plugin-1.7.jar
Progress (1): 2.2/32 kBProgress (1): 5.0/32 kBProgress (1): 7.7/32 kBProgress (1): 10/32 kB Progress (1): 13/32 kBProgress (1): 16/32 kBProgress (1): 19/32 kBProgress (1): 21/32 kBProgress (1): 24/32 kBProgress (1): 27/32 kBProgress (1): 30/32 kBProgress (1): 32 kB                      Downloaded from central: https://repo.maven.apache.org/maven2/org/apache/maven/plugins/maven-antrun-plugin/1.7/maven-antrun-plugin-1.7.jar (32 kB at 554 kB/s)
Downloading from apache.snapshots.https: https://repository.apache.org/content/repositories/snapshots/org/eclipse/jetty/jetty-server/9.3.24.v20180605/jetty-server-9.3.24.v20180605.pom
Downloading from repository.jboss.org: http://repository.jboss.org/nexus/content/groups/public/org/eclipse/jetty/jetty-server/9.3.24.v20180605/jetty-server-9.3.24.v20180605.pom
Downloading from central: https://repo.maven.apache.org/maven2/org/eclipse/jetty/jetty-server/9.3.24.v20180605/jetty-server-9.3.24.v20180605.pom
Progress (1): 2.2/2.7 kBProgress (1): 2.7 kB                        Downloaded from central: https://repo.maven.apache.org/maven2/org/eclipse/jetty/jetty-server/9.3.24.v20180605/jetty-server-9.3.24.v20180605.pom (2.7 kB at 102 kB/s)
Downloading from apache.snapshots.https: https://repository.apache.org/content/repositories/snapshots/org/eclipse/jetty/jetty-project/9.3.24.v20180605/jetty-project-9.3.24.v20180605.pom
Downloading from repository.jboss.org: http://repository.jboss.org/nexus/content/groups/public/org/eclipse/jetty/jetty-project/9.3.24.v20180605/jetty-project-9.3.24.v20180605.pom
Downloading from central: https://repo.maven.apache.org/maven2/org/eclipse/jetty/jetty-project/9.3.24.v20180605/jetty-project-9.3.24.v20180605.pom
Progress (1): 2.2/47 kBProgress (1): 5.0/47 kBProgress (1): 7.8/47 kBProgress (1): 11/47 kB Progress (1): 13/47 kBProgress (1): 16/47 kBProgress (1): 19/47 kBProgress (1): 21/47 kBProgress (1): 24/47 kBProgress (1): 27/47 kBProgress (1): 30/47 kBProgress (1): 32/47 kBProgress (1): 36/47 kBProgress (1): 40/47 kBProgress (1): 45/47 kBProgress (1): 47 kB                      Downloaded from central: https://repo.maven.apache.org/maven2/org/eclipse/jetty/jetty-project/9.3.24.v20180605/jetty-project-9.3.24.v20180605.pom (47 kB at 1.3 MB/s)
Downloading from apache.snapshots.https: https://repository.apache.org/content/repositories/snapshots/org/eclipse/jetty/jetty-http/9.3.24.v20180605/jetty-http-9.3.24.v20180605.pom
Downloading from repository.jboss.org: http://repository.jboss.org/nexus/content/groups/public/org/eclipse/jetty/jetty-http/9.3.24.v20180605/jetty-http-9.3.24.v20180605.pom
Downloading from central: https://repo.maven.apache.org/maven2/org/eclipse/jetty/jetty-http/9.3.24.v20180605/jetty-http-9.3.24.v20180605.pom
Progress (1): 1.6 kB                    Downloaded from central: https://repo.maven.apache.org/maven2/org/eclipse/jetty/jetty-http/9.3.24.v20180605/jetty-http-9.3.24.v20180605.pom (1.6 kB at 71 kB/s)
Downloading from apache.snapshots.https: https://repository.apache.org/content/repositories/snapshots/org/eclipse/jetty/jetty-util/9.3.24.v20180605/jetty-util-9.3.24.v20180605.pom
Downloading from repository.jboss.org: http://repository.jboss.org/nexus/content/groups/public/org/eclipse/jetty/jetty-util/9.3.24.v20180605/jetty-util-9.3.24.v20180605.pom
Downloading from central: https://repo.maven.apache.org/maven2/org/eclipse/jetty/jetty-util/9.3.24.v20180605/jetty-util-9.3.24.v20180605.pom
Progress (1): 2.2/2.8 kBProgress (1): 2.8 kB                        Downloaded from central: https://repo.maven.apache.org/maven2/org/eclipse/jetty/jetty-util/9.3.24.v20180605/jetty-util-9.3.24.v20180605.pom (2.8 kB at 107 kB/s)
Downloading from apache.snapshots.https: https://repository.apache.org/content/repositories/snapshots/org/eclipse/jetty/jetty-io/9.3.24.v20180605/jetty-io-9.3.24.v20180605.pom
Downloading from repository.jboss.org: http://repository.jboss.org/nexus/content/groups/public/org/eclipse/jetty/jetty-io/9.3.24.v20180605/jetty-io-9.3.24.v20180605.pom
Downloading from central: https://repo.maven.apache.org/maven2/org/eclipse/jetty/jetty-io/9.3.24.v20180605/jetty-io-9.3.24.v20180605.pom
Progress (1): 1.3 kB                    Downloaded from central: https://repo.maven.apache.org/maven2/org/eclipse/jetty/jetty-io/9.3.24.v20180605/jetty-io-9.3.24.v20180605.pom (1.3 kB at 50 kB/s)
Downloading from apache.snapshots.https: https://repository.apache.org/content/repositories/snapshots/org/eclipse/jetty/jetty-servlet/9.3.24.v20180605/jetty-servlet-9.3.24.v20180605.pom
Downloading from repository.jboss.org: http://repository.jboss.org/nexus/content/groups/public/org/eclipse/jetty/jetty-servlet/9.3.24.v20180605/jetty-servlet-9.3.24.v20180605.pom
Downloading from central: https://repo.maven.apache.org/maven2/org/eclipse/jetty/jetty-servlet/9.3.24.v20180605/jetty-servlet-9.3.24.v20180605.pom
Progress (1): 2.1 kB                    Downloaded from central: https://repo.maven.apache.org/maven2/org/eclipse/jetty/jetty-servlet/9.3.24.v20180605/jetty-servlet-9.3.24.v20180605.pom (2.1 kB at 93 kB/s)
Downloading from apache.snapshots.https: https://repository.apache.org/content/repositories/snapshots/org/eclipse/jetty/jetty-security/9.3.24.v20180605/jetty-security-9.3.24.v20180605.pom
Downloading from repository.jboss.org: http://repository.jboss.org/nexus/content/groups/public/org/eclipse/jetty/jetty-security/9.3.24.v20180605/jetty-security-9.3.24.v20180605.pom
Downloading from central: https://repo.maven.apache.org/maven2/org/eclipse/jetty/jetty-security/9.3.24.v20180605/jetty-security-9.3.24.v20180605.pom
Progress (1): 2.0 kB                    Downloaded from central: https://repo.maven.apache.org/maven2/org/eclipse/jetty/jetty-security/9.3.24.v20180605/jetty-security-9.3.24.v20180605.pom (2.0 kB at 88 kB/s)
Downloading from apache.snapshots.https: https://repository.apache.org/content/repositories/snapshots/org/eclipse/jetty/jetty-webapp/9.3.24.v20180605/jetty-webapp-9.3.24.v20180605.pom
Downloading from repository.jboss.org: http://repository.jboss.org/nexus/content/groups/public/org/eclipse/jetty/jetty-webapp/9.3.24.v20180605/jetty-webapp-9.3.24.v20180605.pom
Downloading from central: https://repo.maven.apache.org/maven2/org/eclipse/jetty/jetty-webapp/9.3.24.v20180605/jetty-webapp-9.3.24.v20180605.pom
Progress (1): 2.2/3.0 kBProgress (1): 3.0 kB                        Downloaded from central: https://repo.maven.apache.org/maven2/org/eclipse/jetty/jetty-webapp/9.3.24.v20180605/jetty-webapp-9.3.24.v20180605.pom (3.0 kB at 136 kB/s)
Downloading from apache.snapshots.https: https://repository.apache.org/content/repositories/snapshots/org/eclipse/jetty/jetty-xml/9.3.24.v20180605/jetty-xml-9.3.24.v20180605.pom
Downloading from repository.jboss.org: http://repository.jboss.org/nexus/content/groups/public/org/eclipse/jetty/jetty-xml/9.3.24.v20180605/jetty-xml-9.3.24.v20180605.pom
Downloading from central: https://repo.maven.apache.org/maven2/org/eclipse/jetty/jetty-xml/9.3.24.v20180605/jetty-xml-9.3.24.v20180605.pom
Progress (1): 1.3 kB                    Downloaded from central: https://repo.maven.apache.org/maven2/org/eclipse/jetty/jetty-xml/9.3.24.v20180605/jetty-xml-9.3.24.v20180605.pom (1.3 kB at 40 kB/s)
Downloading from apache.snapshots.https: https://repository.apache.org/content/repositories/snapshots/commons-beanutils/commons-beanutils/1.9.3/commons-beanutils-1.9.3.pom
Downloading from repository.jboss.org: http://repository.jboss.org/nexus/content/groups/public/commons-beanutils/commons-beanutils/1.9.3/commons-beanutils-1.9.3.pom
Downloading from central: https://repo.maven.apache.org/maven2/commons-beanutils/commons-beanutils/1.9.3/commons-beanutils-1.9.3.pom
Progress (1): 2.2/15 kBProgress (1): 5.0/15 kBProgress (1): 7.8/15 kBProgress (1): 11/15 kB Progress (1): 13/15 kBProgress (1): 15 kB                      Downloaded from central: https://repo.maven.apache.org/maven2/commons-beanutils/commons-beanutils/1.9.3/commons-beanutils-1.9.3.pom (15 kB at 585 kB/s)
Downloading from apache.snapshots.https: https://repository.apache.org/content/repositories/snapshots/org/eclipse/jetty/jetty-util-ajax/9.3.24.v20180605/jetty-util-ajax-9.3.24.v20180605.pom
Downloading from repository.jboss.org: http://repository.jboss.org/nexus/content/groups/public/org/eclipse/jetty/jetty-util-ajax/9.3.24.v20180605/jetty-util-ajax-9.3.24.v20180605.pom
Downloading from central: https://repo.maven.apache.org/maven2/org/eclipse/jetty/jetty-util-ajax/9.3.24.v20180605/jetty-util-ajax-9.3.24.v20180605.pom
Progress (1): 1.5 kB                    Downloaded from central: https://repo.maven.apache.org/maven2/org/eclipse/jetty/jetty-util-ajax/9.3.24.v20180605/jetty-util-ajax-9.3.24.v20180605.pom (1.5 kB at 61 kB/s)
Downloading from apache.snapshots.https: https://repository.apache.org/content/repositories/snapshots/org/eclipse/jetty/jetty-server/9.3.24.v20180605/jetty-server-9.3.24.v20180605.jar
Downloading from apache.snapshots.https: https://repository.apache.org/content/repositories/snapshots/org/eclipse/jetty/jetty-util/9.3.24.v20180605/jetty-util-9.3.24.v20180605.jar
Downloading from apache.snapshots.https: https://repository.apache.org/content/repositories/snapshots/org/eclipse/jetty/jetty-io/9.3.24.v20180605/jetty-io-9.3.24.v20180605.jar
Downloading from apache.snapshots.https: https://repository.apache.org/content/repositories/snapshots/org/eclipse/jetty/jetty-http/9.3.24.v20180605/jetty-http-9.3.24.v20180605.jar
Downloading from apache.snapshots.https: https://repository.apache.org/content/repositories/snapshots/org/eclipse/jetty/jetty-servlet/9.3.24.v20180605/jetty-servlet-9.3.24.v20180605.jar
Downloading from apache.snapshots.https: https://repository.apache.org/content/repositories/snapshots/org/eclipse/jetty/jetty-security/9.3.24.v20180605/jetty-security-9.3.24.v20180605.jar
Downloading from apache.snapshots.https: https://repository.apache.org/content/repositories/snapshots/org/eclipse/jetty/jetty-webapp/9.3.24.v20180605/jetty-webapp-9.3.24.v20180605.jar
Downloading from apache.snapshots.https: https://repository.apache.org/content/repositories/snapshots/org/eclipse/jetty/jetty-xml/9.3.24.v20180605/jetty-xml-9.3.24.v20180605.jar
Downloading from apache.snapshots.https: https://repository.apache.org/content/repositories/snapshots/commons-beanutils/commons-beanutils/1.9.3/commons-beanutils-1.9.3.jar
Downloading from apache.snapshots.https: https://repository.apache.org/content/repositories/snapshots/org/eclipse/jetty/jetty-util-ajax/9.3.24.v20180605/jetty-util-ajax-9.3.24.v20180605.jar
Downloading from repository.jboss.org: http://repository.jboss.org/nexus/content/groups/public/org/eclipse/jetty/jetty-server/9.3.24.v20180605/jetty-server-9.3.24.v20180605.jar
Downloading from repository.jboss.org: http://repository.jboss.org/nexus/content/groups/public/org/eclipse/jetty/jetty-io/9.3.24.v20180605/jetty-io-9.3.24.v20180605.jar
Downloading from repository.jboss.org: http://repository.jboss.org/nexus/content/groups/public/org/eclipse/jetty/jetty-servlet/9.3.24.v20180605/jetty-servlet-9.3.24.v20180605.jar
Downloading from repository.jboss.org: http://repository.jboss.org/nexus/content/groups/public/org/eclipse/jetty/jetty-util/9.3.24.v20180605/jetty-util-9.3.24.v20180605.jar
Downloading from repository.jboss.org: http://repository.jboss.org/nexus/content/groups/public/org/eclipse/jetty/jetty-http/9.3.24.v20180605/jetty-http-9.3.24.v20180605.jar
Downloading from repository.jboss.org: http://repository.jboss.org/nexus/content/groups/public/org/eclipse/jetty/jetty-security/9.3.24.v20180605/jetty-security-9.3.24.v20180605.jar
Downloading from repository.jboss.org: http://repository.jboss.org/nexus/content/groups/public/org/eclipse/jetty/jetty-webapp/9.3.24.v20180605/jetty-webapp-9.3.24.v20180605.jar
Downloading from repository.jboss.org: http://repository.jboss.org/nexus/content/groups/public/org/eclipse/jetty/jetty-xml/9.3.24.v20180605/jetty-xml-9.3.24.v20180605.jar
Downloading from repository.jboss.org: http://repository.jboss.org/nexus/content/groups/public/commons-beanutils/commons-beanutils/1.9.3/commons-beanutils-1.9.3.jar
Downloading from repository.jboss.org: http://repository.jboss.org/nexus/content/groups/public/org/eclipse/jetty/jetty-util-ajax/9.3.24.v20180605/jetty-util-ajax-9.3.24.v20180605.jar
Downloading from central: https://repo.maven.apache.org/maven2/org/eclipse/jetty/jetty-server/9.3.24.v20180605/jetty-server-9.3.24.v20180605.jar
Downloading from central: https://repo.maven.apache.org/maven2/org/eclipse/jetty/jetty-io/9.3.24.v20180605/jetty-io-9.3.24.v20180605.jar
Downloading from central: https://repo.maven.apache.org/maven2/org/eclipse/jetty/jetty-servlet/9.3.24.v20180605/jetty-servlet-9.3.24.v20180605.jar
Downloading from central: https://repo.maven.apache.org/maven2/org/eclipse/jetty/jetty-util/9.3.24.v20180605/jetty-util-9.3.24.v20180605.jar
Downloading from central: https://repo.maven.apache.org/maven2/org/eclipse/jetty/jetty-http/9.3.24.v20180605/jetty-http-9.3.24.v20180605.jar
Progress (1): 2.2/123 kBProgress (1): 5.0/123 kBProgress (1): 7.7/123 kBProgress (1): 10/123 kB Progress (1): 13/123 kBProgress (1): 16/123 kBProgress (1): 19/123 kBProgress (1): 21/123 kBProgress (1): 24/123 kBProgress (1): 27/123 kBProgress (1): 30/123 kBProgress (1): 32/123 kBProgress (1): 36/123 kBProgress (1): 40/123 kBProgress (1): 45/123 kBProgress (1): 49/123 kBProgress (1): 53/123 kBProgress (1): 57/123 kBProgress (1): 61/123 kBProgress (1): 65/123 kBProgress (1): 69/123 kBProgress (1): 73/123 kBProgress (1): 77/123 kBProgress (1): 81/123 kBProgress (1): 85/123 kBProgress (1): 90/123 kBProgress (1): 94/123 kBProgress (1): 98/123 kBProgress (1): 102/123 kBProgress (1): 106/123 kBProgress (1): 110/123 kBProgress (1): 114/123 kBProgress (1): 118/123 kBProgress (1): 122/123 kBProgress (1): 123 kB    Progress (2): 123 kB | 2.8/119 kBProgress (2): 123 kB | 5.5/119 kBProgress (2): 123 kB | 8.3/119 kBProgress (3): 123 kB | 8.3/119 kB | 2.2/459 kBProgress (3): 123 kB | 8.3/119 kB | 5.0/459 kBProgress (4): 123 kB | 8.3/119 kB | 5.0/459 kB | 2.2/521 kBProgress (4): 123 kB | 8.3/119 kB | 7.7/459 kB | 2.2/521 kBProgress (4): 123 kB | 8.3/119 kB | 7.7/459 kB | 5.0/521 kBProgress (5): 123 kB | 8.3/119 kB | 7.7/459 kB | 5.0/521 kB | 2.2/151 kBProgress (5): 123 kB | 8.3/119 kB | 7.7/459 kB | 7.7/521 kB | 2.2/151 kBProgress (5): 123 kB | 8.3/119 kB | 7.7/459 kB | 7.7/521 kB | 5.0/151 kBProgress (5): 123 kB | 11/119 kB | 7.7/459 kB | 7.7/521 kB | 5.0/151 kB Progress (5): 123 kB | 11/119 kB | 7.7/459 kB | 7.7/521 kB | 7.7/151 kBProgress (5): 123 kB | 11/119 kB | 10/459 kB | 7.7/521 kB | 7.7/151 kB                                                                       Downloaded from central: https://repo.maven.apache.org/maven2/org/eclipse/jetty/jetty-io/9.3.24.v20180605/jetty-io-9.3.24.v20180605.jar (123 kB at 2.8 MB/s)
Progress (4): 11/119 kB | 10/459 kB | 7.7/521 kB | 10/151 kBProgress (4): 11/119 kB | 13/459 kB | 7.7/521 kB | 10/151 kBProgress (4): 11/119 kB | 13/459 kB | 10/521 kB | 10/151 kB Progress (4): 14/119 kB | 13/459 kB | 10/521 kB | 10/151 kBProgress (4): 14/119 kB | 13/459 kB | 13/521 kB | 10/151 kBProgress (4): 14/119 kB | 16/459 kB | 13/521 kB | 10/151 kBProgress (4): 14/119 kB | 16/459 kB | 13/521 kB | 13/151 kB                                                           Downloading from central: https://repo.maven.apache.org/maven2/org/eclipse/jetty/jetty-security/9.3.24.v20180605/jetty-security-9.3.24.v20180605.jar
Progress (4): 14/119 kB | 16/459 kB | 13/521 kB | 16/151 kBProgress (4): 14/119 kB | 19/459 kB | 13/521 kB | 16/151 kBProgress (4): 14/119 kB | 19/459 kB | 16/521 kB | 16/151 kBProgress (4): 16/119 kB | 19/459 kB | 16/521 kB | 16/151 kBProgress (4): 16/119 kB | 19/459 kB | 19/521 kB | 16/151 kBProgress (4): 16/119 kB | 21/459 kB | 19/521 kB | 16/151 kBProgress (4): 16/119 kB | 21/459 kB | 19/521 kB | 19/151 kBProgress (4): 16/119 kB | 24/459 kB | 19/521 kB | 19/151 kBProgress (4): 16/119 kB | 24/459 kB | 21/521 kB | 19/151 kBProgress (4): 19/119 kB | 24/459 kB | 21/521 kB | 19/151 kBProgress (4): 19/119 kB | 24/459 kB | 24/521 kB | 19/151 kBProgress (4): 19/119 kB | 27/459 kB | 24/521 kB | 19/151 kBProgress (4): 19/119 kB | 27/459 kB | 24/521 kB | 21/151 kBProgress (4): 19/119 kB | 30/459 kB | 24/521 kB | 21/151 kBProgress (4): 19/119 kB | 30/459 kB | 27/521 kB | 21/151 kBProgress (4): 22/119 kB | 30/459 kB | 27/521 kB | 21/151 kBProgress (4): 22/119 kB | 30/459 kB | 30/521 kB | 21/151 kBProgress (4): 22/119 kB | 32/459 kB | 30/521 kB | 21/151 kBProgress (4): 22/119 kB | 32/459 kB | 30/521 kB | 24/151 kBProgress (4): 22/119 kB | 32/459 kB | 32/521 kB | 24/151 kBProgress (4): 25/119 kB | 32/459 kB | 32/521 kB | 24/151 kBProgress (4): 25/119 kB | 32/459 kB | 32/521 kB | 27/151 kBProgress (4): 25/119 kB | 36/459 kB | 32/521 kB | 27/151 kBProgress (5): 25/119 kB | 36/459 kB | 32/521 kB | 27/151 kB | 4.1/95 kBProgress (5): 25/119 kB | 40/459 kB | 32/521 kB | 27/151 kB | 4.1/95 kBProgress (5): 25/119 kB | 40/459 kB | 32/521 kB | 30/151 kB | 4.1/95 kBProgress (5): 27/119 kB | 40/459 kB | 32/521 kB | 30/151 kB | 4.1/95 kBProgress (5): 27/119 kB | 40/459 kB | 36/521 kB | 30/151 kB | 4.1/95 kBProgress (5): 30/119 kB | 40/459 kB | 36/521 kB | 30/151 kB | 4.1/95 kBProgress (5): 30/119 kB | 40/459 kB | 36/521 kB | 32/151 kB | 4.1/95 kBProgress (5): 30/119 kB | 45/459 kB | 36/521 kB | 32/151 kB | 4.1/95 kBProgress (5): 30/119 kB | 45/459 kB | 36/521 kB | 32/151 kB | 7.7/95 kBProgress (5): 30/119 kB | 45/459 kB | 36/521 kB | 36/151 kB | 7.7/95 kBProgress (5): 30/119 kB | 49/459 kB | 36/521 kB | 36/151 kB | 7.7/95 kBProgress (5): 33/119 kB | 49/459 kB | 36/521 kB | 36/151 kB | 7.7/95 kBProgress (5): 33/119 kB | 49/459 kB | 40/521 kB | 36/151 kB | 7.7/95 kBProgress (5): 33/119 kB | 53/459 kB | 40/521 kB | 36/151 kB | 7.7/95 kBProgress (5): 33/119 kB | 53/459 kB | 40/521 kB | 40/151 kB | 7.7/95 kBProgress (5): 33/119 kB | 53/459 kB | 40/521 kB | 40/151 kB | 12/95 kB Progress (5): 33/119 kB | 53/459 kB | 40/521 kB | 45/151 kB | 12/95 kBProgress (5): 33/119 kB | 57/459 kB | 40/521 kB | 45/151 kB | 12/95 kBProgress (5): 37/119 kB | 57/459 kB | 40/521 kB | 45/151 kB | 12/95 kBProgress (5): 37/119 kB | 57/459 kB | 45/521 kB | 45/151 kB | 12/95 kBProgress (5): 41/119 kB | 57/459 kB | 45/521 kB | 45/151 kB | 12/95 kBProgress (5): 41/119 kB | 61/459 kB | 45/521 kB | 45/151 kB | 12/95 kBProgress (5): 41/119 kB | 61/459 kB | 45/521 kB | 49/151 kB | 12/95 kBProgress (5): 41/119 kB | 61/459 kB | 45/521 kB | 49/151 kB | 16/95 kBProgress (5): 41/119 kB | 65/459 kB | 45/521 kB | 49/151 kB | 16/95 kBProgress (5): 45/119 kB | 65/459 kB | 45/521 kB | 49/151 kB | 16/95 kBProgress (5): 45/119 kB | 65/459 kB | 49/521 kB | 49/151 kB | 16/95 kBProgress (5): 49/119 kB | 65/459 kB | 49/521 kB | 49/151 kB | 16/95 kBProgress (5): 49/119 kB | 65/459 kB | 49/521 kB | 49/151 kB | 20/95 kBProgress (5): 49/119 kB | 65/459 kB | 49/521 kB | 53/151 kB | 20/95 kBProgress (5): 53/119 kB | 65/459 kB | 49/521 kB | 53/151 kB | 20/95 kBProgress (5): 53/119 kB | 65/459 kB | 49/521 kB | 53/151 kB | 24/95 kBProgress (5): 53/119 kB | 65/459 kB | 53/521 kB | 53/151 kB | 24/95 kBProgress (5): 53/119 kB | 69/459 kB | 53/521 kB | 53/151 kB | 24/95 kBProgress (5): 53/119 kB | 69/459 kB | 57/521 kB | 53/151 kB | 24/95 kBProgress (5): 53/119 kB | 69/459 kB | 57/521 kB | 53/151 kB | 28/95 kBProgress (5): 57/119 kB | 69/459 kB | 57/521 kB | 53/151 kB | 28/95 kBProgress (5): 57/119 kB | 69/459 kB | 57/521 kB | 57/151 kB | 28/95 kBProgress (5): 61/119 kB | 69/459 kB | 57/521 kB | 57/151 kB | 28/95 kBProgress (5): 61/119 kB | 69/459 kB | 57/521 kB | 57/151 kB | 32/95 kBProgress (5): 61/119 kB | 69/459 kB | 61/521 kB | 57/151 kB | 32/95 kBProgress (5): 61/119 kB | 73/459 kB | 61/521 kB | 57/151 kB | 32/95 kBProgress (5): 61/119 kB | 73/459 kB | 61/521 kB | 57/151 kB | 36/95 kBProgress (5): 61/119 kB | 73/459 kB | 65/521 kB | 57/151 kB | 36/95 kBProgress (5): 66/119 kB | 73/459 kB | 65/521 kB | 57/151 kB | 36/95 kBProgress (5): 66/119 kB | 73/459 kB | 65/521 kB | 61/151 kB | 36/95 kBProgress (5): 66/119 kB | 73/459 kB | 69/521 kB | 61/151 kB | 36/95 kBProgress (5): 66/119 kB | 73/459 kB | 69/521 kB | 61/151 kB | 40/95 kBProgress (5): 66/119 kB | 77/459 kB | 69/521 kB | 61/151 kB | 40/95 kBProgress (5): 66/119 kB | 77/459 kB | 69/521 kB | 61/151 kB | 45/95 kBProgress (5): 66/119 kB | 77/459 kB | 73/521 kB | 61/151 kB | 45/95 kBProgress (5): 70/119 kB | 77/459 kB | 73/521 kB | 61/151 kB | 45/95 kBProgress (5): 70/119 kB | 77/459 kB | 73/521 kB | 65/151 kB | 45/95 kBProgress (5): 74/119 kB | 77/459 kB | 73/521 kB | 65/151 kB | 45/95 kBProgress (5): 74/119 kB | 77/459 kB | 77/521 kB | 65/151 kB | 45/95 kBProgress (5): 74/119 kB | 77/459 kB | 77/521 kB | 65/151 kB | 49/95 kBProgress (5): 74/119 kB | 81/459 kB | 77/521 kB | 65/151 kB | 49/95 kBProgress (5): 74/119 kB | 81/459 kB | 77/521 kB | 69/151 kB | 49/95 kBProgress (5): 74/119 kB | 81/459 kB | 81/521 kB | 69/151 kB | 49/95 kBProgress (5): 78/119 kB | 81/459 kB | 81/521 kB | 69/151 kB | 49/95 kBProgress (5): 78/119 kB | 85/459 kB | 81/521 kB | 69/151 kB | 49/95 kBProgress (5): 78/119 kB | 85/459 kB | 81/521 kB | 73/151 kB | 49/95 kBProgress (5): 78/119 kB | 85/459 kB | 81/521 kB | 73/151 kB | 53/95 kBProgress (5): 78/119 kB | 85/459 kB | 81/521 kB | 77/151 kB | 53/95 kBProgress (5): 78/119 kB | 90/459 kB | 81/521 kB | 77/151 kB | 53/95 kBProgress (5): 78/119 kB | 90/459 kB | 85/521 kB | 77/151 kB | 53/95 kBProgress (5): 82/119 kB | 90/459 kB | 85/521 kB | 77/151 kB | 53/95 kBProgress (5): 82/119 kB | 90/459 kB | 90/521 kB | 77/151 kB | 53/95 kBProgress (5): 82/119 kB | 94/459 kB | 90/521 kB | 77/151 kB | 53/95 kBProgress (5): 82/119 kB | 94/459 kB | 90/521 kB | 81/151 kB | 53/95 kBProgress (5): 82/119 kB | 94/459 kB | 90/521 kB | 81/151 kB | 57/95 kBProgress (5): 82/119 kB | 98/459 kB | 90/521 kB | 81/151 kB | 57/95 kBProgress (5): 86/119 kB | 98/459 kB | 90/521 kB | 81/151 kB | 57/95 kBProgress (5): 86/119 kB | 98/459 kB | 94/521 kB | 81/151 kB | 57/95 kBProgress (5): 86/119 kB | 98/459 kB | 94/521 kB | 85/151 kB | 57/95 kBProgress (5): 90/119 kB | 98/459 kB | 94/521 kB | 85/151 kB | 57/95 kBProgress (5): 90/119 kB | 98/459 kB | 94/521 kB | 85/151 kB | 61/95 kBProgress (5): 94/119 kB | 98/459 kB | 94/521 kB | 85/151 kB | 61/95 kBProgress (5): 94/119 kB | 98/459 kB | 94/521 kB | 90/151 kB | 61/95 kBProgress (5): 94/119 kB | 98/459 kB | 98/521 kB | 90/151 kB | 61/95 kBProgress (5): 94/119 kB | 102/459 kB | 98/521 kB | 90/151 kB | 61/95 kBProgress (5): 94/119 kB | 102/459 kB | 98/521 kB | 94/151 kB | 61/95 kBProgress (5): 98/119 kB | 102/459 kB | 98/521 kB | 94/151 kB | 61/95 kBProgress (5): 98/119 kB | 102/459 kB | 98/521 kB | 94/151 kB | 65/95 kBProgress (5): 98/119 kB | 102/459 kB | 98/521 kB | 98/151 kB | 65/95 kBProgress (5): 98/119 kB | 102/459 kB | 102/521 kB | 98/151 kB | 65/95 kBProgress (5): 98/119 kB | 106/459 kB | 102/521 kB | 98/151 kB | 65/95 kBProgress (5): 98/119 kB | 106/459 kB | 102/521 kB | 98/151 kB | 69/95 kBProgress (5): 98/119 kB | 106/459 kB | 106/521 kB | 98/151 kB | 69/95 kBProgress (5): 102/119 kB | 106/459 kB | 106/521 kB | 98/151 kB | 69/95 kBProgress (5): 102/119 kB | 106/459 kB | 110/521 kB | 98/151 kB | 69/95 kBProgress (5): 102/119 kB | 106/459 kB | 110/521 kB | 98/151 kB | 73/95 kBProgress (5): 102/119 kB | 106/459 kB | 110/521 kB | 102/151 kB | 73/95 kBProgress (5): 102/119 kB | 110/459 kB | 110/521 kB | 102/151 kB | 73/95 kBProgress (5): 102/119 kB | 110/459 kB | 110/521 kB | 106/151 kB | 73/95 kBProgress (5): 102/119 kB | 110/459 kB | 110/521 kB | 106/151 kB | 77/95 kBProgress (5): 102/119 kB | 110/459 kB | 114/521 kB | 106/151 kB | 77/95 kBProgress (5): 106/119 kB | 110/459 kB | 114/521 kB | 106/151 kB | 77/95 kBProgress (5): 106/119 kB | 110/459 kB | 114/521 kB | 106/151 kB | 81/95 kBProgress (5): 106/119 kB | 110/459 kB | 114/521 kB | 110/151 kB | 81/95 kBProgress (5): 106/119 kB | 114/459 kB | 114/521 kB | 110/151 kB | 81/95 kBProgress (5): 106/119 kB | 114/459 kB | 114/521 kB | 114/151 kB | 81/95 kBProgress (5): 106/119 kB | 114/459 kB | 118/521 kB | 114/151 kB | 81/95 kBProgress (5): 111/119 kB | 114/459 kB | 118/521 kB | 114/151 kB | 81/95 kBProgress (5): 111/119 kB | 118/459 kB | 118/521 kB | 114/151 kB | 81/95 kBProgress (5): 111/119 kB | 118/459 kB | 122/521 kB | 114/151 kB | 81/95 kBProgress (5): 111/119 kB | 118/459 kB | 122/521 kB | 114/151 kB | 85/95 kBProgress (5): 111/119 kB | 118/459 kB | 126/521 kB | 114/151 kB | 85/95 kBProgress (5): 111/119 kB | 118/459 kB | 126/521 kB | 118/151 kB | 85/95 kBProgress (5): 111/119 kB | 122/459 kB | 126/521 kB | 118/151 kB | 85/95 kBProgress (5): 115/119 kB | 122/459 kB | 126/521 kB | 118/151 kB | 85/95 kBProgress (5): 115/119 kB | 126/459 kB | 126/521 kB | 118/151 kB | 85/95 kBProgress (5): 115/119 kB | 126/459 kB | 126/521 kB | 122/151 kB | 85/95 kBProgress (5): 115/119 kB | 126/459 kB | 131/521 kB | 122/151 kB | 85/95 kBProgress (5): 115/119 kB | 126/459 kB | 131/521 kB | 122/151 kB | 90/95 kBProgress (5): 115/119 kB | 126/459 kB | 131/521 kB | 126/151 kB | 90/95 kBProgress (5): 115/119 kB | 131/459 kB | 131/521 kB | 126/151 kB | 90/95 kBProgress (5): 119/119 kB | 131/459 kB | 131/521 kB | 126/151 kB | 90/95 kBProgress (5): 119/119 kB | 131/459 kB | 135/521 kB | 126/151 kB | 90/95 kBProgress (5): 119/119 kB | 131/459 kB | 135/521 kB | 131/151 kB | 90/95 kBProgress (5): 119/119 kB | 131/459 kB | 135/521 kB | 131/151 kB | 94/95 kBProgress (5): 119/119 kB | 135/459 kB | 135/521 kB | 131/151 kB | 94/95 kBProgress (5): 119/119 kB | 135/459 kB | 139/521 kB | 131/151 kB | 94/95 kBProgress (5): 119 kB | 135/459 kB | 139/521 kB | 131/151 kB | 94/95 kB    Progress (5): 119 kB | 135/459 kB | 139/521 kB | 135/151 kB | 94/95 kBProgress (5): 119 kB | 135/459 kB | 143/521 kB | 135/151 kB | 94/95 kBProgress (5): 119 kB | 139/459 kB | 143/521 kB | 135/151 kB | 94/95 kBProgress (5): 119 kB | 139/459 kB | 143/521 kB | 135/151 kB | 95 kB   Progress (5): 119 kB | 143/459 kB | 143/521 kB | 135/151 kB | 95 kBProgress (5): 119 kB | 143/459 kB | 147/521 kB | 135/151 kB | 95 kBProgress (5): 119 kB | 143/459 kB | 147/521 kB | 139/151 kB | 95 kBProgress (5): 119 kB | 147/459 kB | 147/521 kB | 139/151 kB | 95 kBProgress (5): 119 kB | 147/459 kB | 147/521 kB | 143/151 kB | 95 kBProgress (5): 119 kB | 147/459 kB | 151/521 kB | 143/151 kB | 95 kBProgress (5): 119 kB | 151/459 kB | 151/521 kB | 143/151 kB | 95 kBProgress (5): 119 kB | 151/459 kB | 151/521 kB | 147/151 kB | 95 kBProgress (5): 119 kB | 155/459 kB | 151/521 kB | 147/151 kB | 95 kBProgress (5): 119 kB | 155/459 kB | 155/521 kB | 147/151 kB | 95 kBProgress (5): 119 kB | 155/459 kB | 155/521 kB | 151 kB | 95 kB    Progress (5): 119 kB | 159/459 kB | 155/521 kB | 151 kB | 95 kBProgress (5): 119 kB | 159/459 kB | 159/521 kB | 151 kB | 95 kBProgress (5): 119 kB | 163/459 kB | 159/521 kB | 151 kB | 95 kBProgress (5): 119 kB | 163/459 kB | 163/521 kB | 151 kB | 95 kBProgress (5): 119 kB | 167/459 kB | 163/521 kB | 151 kB | 95 kBProgress (5): 119 kB | 171/459 kB | 163/521 kB | 151 kB | 95 kBProgress (5): 119 kB | 171/459 kB | 167/521 kB | 151 kB | 95 kBProgress (5): 119 kB | 176/459 kB | 167/521 kB | 151 kB | 95 kBProgress (5): 119 kB | 176/459 kB | 171/521 kB | 151 kB | 95 kBProgress (5): 119 kB | 180/459 kB | 171/521 kB | 151 kB | 95 kBProgress (5): 119 kB | 180/459 kB | 176/521 kB | 151 kB | 95 kBProgress (5): 119 kB | 180/459 kB | 180/521 kB | 151 kB | 95 kBProgress (5): 119 kB | 184/459 kB | 180/521 kB | 151 kB | 95 kBProgress (5): 119 kB | 188/459 kB | 180/521 kB | 151 kB | 95 kBProgress (5): 119 kB | 192/459 kB | 180/521 kB | 151 kB | 95 kBProgress (5): 119 kB | 192/459 kB | 184/521 kB | 151 kB | 95 kBProgress (5): 119 kB | 196/459 kB | 184/521 kB | 151 kB | 95 kBProgress (5): 119 kB | 196/459 kB | 188/521 kB | 151 kB | 95 kBProgress (5): 119 kB | 196/459 kB | 192/521 kB | 151 kB | 95 kBProgress (5): 119 kB | 200/459 kB | 192/521 kB | 151 kB | 95 kBProgress (5): 119 kB | 200/459 kB | 196/521 kB | 151 kB | 95 kBProgress (5): 119 kB | 204/459 kB | 196/521 kB | 151 kB | 95 kBProgress (5): 119 kB | 208/459 kB | 196/521 kB | 151 kB | 95 kBProgress (5): 119 kB | 212/459 kB | 196/521 kB | 151 kB | 95 kBProgress (5): 119 kB | 212/459 kB | 200/521 kB | 151 kB | 95 kBProgress (5): 119 kB | 212/459 kB | 204/521 kB | 151 kB | 95 kBProgress (5): 119 kB | 212/459 kB | 208/521 kB | 151 kB | 95 kBProgress (5): 119 kB | 217/459 kB | 208/521 kB | 151 kB | 95 kBProgress (5): 119 kB | 217/459 kB | 212/521 kB | 151 kB | 95 kBProgress (5): 119 kB | 221/459 kB | 212/521 kB | 151 kB | 95 kB                                                               Downloaded from central: https://repo.maven.apache.org/maven2/org/eclipse/jetty/jetty-servlet/9.3.24.v20180605/jetty-servlet-9.3.24.v20180605.jar (119 kB at 1.0 MB/s)
Progress (4): 221/459 kB | 217/521 kB | 151 kB | 95 kBProgress (4): 225/459 kB | 217/521 kB | 151 kB | 95 kB                                                      Downloaded from central: https://repo.maven.apache.org/maven2/org/eclipse/jetty/jetty-security/9.3.24.v20180605/jetty-security-9.3.24.v20180605.jar (95 kB at 808 kB/s)
Progress (3): 229/459 kB | 217/521 kB | 151 kBProgress (3): 229/459 kB | 221/521 kB | 151 kB                                              Downloading from central: https://repo.maven.apache.org/maven2/org/eclipse/jetty/jetty-webapp/9.3.24.v20180605/jetty-webapp-9.3.24.v20180605.jar
Progress (3): 233/459 kB | 221/521 kB | 151 kBProgress (3): 233/459 kB | 225/521 kB | 151 kB                                              Downloading from central: https://repo.maven.apache.org/maven2/org/eclipse/jetty/jetty-xml/9.3.24.v20180605/jetty-xml-9.3.24.v20180605.jar
Downloaded from central: https://repo.maven.apache.org/maven2/org/eclipse/jetty/jetty-http/9.3.24.v20180605/jetty-http-9.3.24.v20180605.jar (151 kB at 1.2 MB/s)
Progress (2): 233/459 kB | 229/521 kBProgress (2): 237/459 kB | 229/521 kB                                     Downloading from central: https://repo.maven.apache.org/maven2/commons-beanutils/commons-beanutils/1.9.3/commons-beanutils-1.9.3.jar
Progress (2): 241/459 kB | 229/521 kBProgress (2): 245/459 kB | 229/521 kBProgress (2): 245/459 kB | 233/521 kBProgress (2): 245/459 kB | 237/521 kBProgress (2): 245/459 kB | 241/521 kBProgress (2): 249/459 kB | 241/521 kBProgress (2): 249/459 kB | 245/521 kBProgress (2): 253/459 kB | 245/521 kBProgress (2): 258/459 kB | 245/521 kBProgress (2): 262/459 kB | 245/521 kBProgress (2): 262/459 kB | 249/521 kBProgress (2): 262/459 kB | 253/521 kBProgress (2): 266/459 kB | 253/521 kBProgress (2): 266/459 kB | 258/521 kBProgress (2): 270/459 kB | 258/521 kBProgress (2): 270/459 kB | 262/521 kBProgress (2): 274/459 kB | 262/521 kBProgress (2): 278/459 kB | 262/521 kBProgress (2): 278/459 kB | 266/521 kBProgress (2): 278/459 kB | 270/521 kBProgress (2): 282/459 kB | 270/521 kBProgress (2): 282/459 kB | 274/521 kBProgress (2): 286/459 kB | 274/521 kBProgress (2): 286/459 kB | 278/521 kBProgress (2): 290/459 kB | 278/521 kBProgress (2): 294/459 kB | 278/521 kBProgress (2): 294/459 kB | 282/521 kBProgress (2): 294/459 kB | 286/521 kBProgress (2): 298/459 kB | 286/521 kBProgress (2): 298/459 kB | 290/521 kBProgress (2): 303/459 kB | 290/521 kBProgress (2): 303/459 kB | 294/521 kBProgress (2): 307/459 kB | 294/521 kBProgress (2): 311/459 kB | 294/521 kBProgress (2): 311/459 kB | 298/521 kBProgress (2): 311/459 kB | 303/521 kBProgress (2): 315/459 kB | 303/521 kBProgress (2): 315/459 kB | 307/521 kBProgress (2): 319/459 kB | 307/521 kBProgress (2): 319/459 kB | 311/521 kBProgress (2): 323/459 kB | 311/521 kBProgress (2): 327/459 kB | 311/521 kBProgress (2): 327/459 kB | 315/521 kBProgress (3): 327/459 kB | 315/521 kB | 4.1/52 kBProgress (3): 331/459 kB | 315/521 kB | 4.1/52 kBProgress (3): 331/459 kB | 319/521 kB | 4.1/52 kBProgress (4): 331/459 kB | 319/521 kB | 4.1/52 kB | 4.1/115 kBProgress (4): 331/459 kB | 319/521 kB | 7.7/52 kB | 4.1/115 kBProgress (4): 331/459 kB | 319/521 kB | 7.7/52 kB | 7.7/115 kBProgress (4): 331/459 kB | 323/521 kB | 7.7/52 kB | 7.7/115 kBProgress (4): 335/459 kB | 323/521 kB | 7.7/52 kB | 7.7/115 kBProgress (4): 335/459 kB | 327/521 kB | 7.7/52 kB | 7.7/115 kBProgress (4): 335/459 kB | 327/521 kB | 7.7/52 kB | 12/115 kB Progress (4): 335/459 kB | 327/521 kB | 12/52 kB | 12/115 kB Progress (4): 335/459 kB | 327/521 kB | 12/52 kB | 16/115 kBProgress (4): 339/459 kB | 327/521 kB | 12/52 kB | 16/115 kBProgress (4): 339/459 kB | 327/521 kB | 16/52 kB | 16/115 kBProgress (4): 339/459 kB | 331/521 kB | 16/52 kB | 16/115 kBProgress (4): 344/459 kB | 331/521 kB | 16/52 kB | 16/115 kBProgress (4): 344/459 kB | 335/521 kB | 16/52 kB | 16/115 kBProgress (4): 344/459 kB | 339/521 kB | 16/52 kB | 16/115 kBProgress (4): 344/459 kB | 339/521 kB | 20/52 kB | 16/115 kBProgress (4): 348/459 kB | 339/521 kB | 20/52 kB | 16/115 kBProgress (4): 348/459 kB | 344/521 kB | 20/52 kB | 16/115 kBProgress (4): 348/459 kB | 344/521 kB | 20/52 kB | 20/115 kBProgress (4): 352/459 kB | 344/521 kB | 20/52 kB | 20/115 kBProgress (4): 352/459 kB | 344/521 kB | 24/52 kB | 20/115 kBProgress (4): 352/459 kB | 348/521 kB | 24/52 kB | 20/115 kBProgress (4): 356/459 kB | 348/521 kB | 24/52 kB | 20/115 kBProgress (4): 356/459 kB | 348/521 kB | 24/52 kB | 24/115 kBProgress (5): 356/459 kB | 348/521 kB | 24/52 kB | 24/115 kB | 4.1/246 kBProgress (5): 360/459 kB | 348/521 kB | 24/52 kB | 24/115 kB | 4.1/246 kBProgress (5): 360/459 kB | 352/521 kB | 24/52 kB | 24/115 kB | 4.1/246 kBProgress (5): 360/459 kB | 352/521 kB | 28/52 kB | 24/115 kB | 4.1/246 kBProgress (5): 360/459 kB | 356/521 kB | 28/52 kB | 24/115 kB | 4.1/246 kBProgress (5): 360/459 kB | 356/521 kB | 28/52 kB | 24/115 kB | 7.7/246 kBProgress (5): 360/459 kB | 356/521 kB | 28/52 kB | 28/115 kB | 7.7/246 kBProgress (5): 360/459 kB | 356/521 kB | 28/52 kB | 28/115 kB | 12/246 kB Progress (5): 360/459 kB | 360/521 kB | 28/52 kB | 28/115 kB | 12/246 kBProgress (5): 364/459 kB | 360/521 kB | 28/52 kB | 28/115 kB | 12/246 kBProgress (5): 364/459 kB | 360/521 kB | 32/52 kB | 28/115 kB | 12/246 kBProgress (5): 368/459 kB | 360/521 kB | 32/52 kB | 28/115 kB | 12/246 kBProgress (5): 368/459 kB | 360/521 kB | 32/52 kB | 28/115 kB | 16/246 kBProgress (5): 368/459 kB | 360/521 kB | 32/52 kB | 32/115 kB | 16/246 kBProgress (5): 368/459 kB | 360/521 kB | 36/52 kB | 32/115 kB | 16/246 kBProgress (5): 372/459 kB | 360/521 kB | 36/52 kB | 32/115 kB | 16/246 kBProgress (5): 372/459 kB | 364/521 kB | 36/52 kB | 32/115 kB | 16/246 kBProgress (5): 376/459 kB | 364/521 kB | 36/52 kB | 32/115 kB | 16/246 kBProgress (5): 376/459 kB | 364/521 kB | 36/52 kB | 32/115 kB | 20/246 kBProgress (5): 376/459 kB | 364/521 kB | 40/52 kB | 32/115 kB | 20/246 kBProgress (5): 376/459 kB | 364/521 kB | 40/52 kB | 32/115 kB | 24/246 kBProgress (5): 376/459 kB | 364/521 kB | 40/52 kB | 36/115 kB | 24/246 kBProgress (5): 376/459 kB | 368/521 kB | 40/52 kB | 36/115 kB | 24/246 kBProgress (5): 376/459 kB | 368/521 kB | 40/52 kB | 40/115 kB | 24/246 kBProgress (5): 376/459 kB | 368/521 kB | 40/52 kB | 40/115 kB | 28/246 kBProgress (5): 376/459 kB | 368/521 kB | 45/52 kB | 40/115 kB | 28/246 kBProgress (5): 380/459 kB | 368/521 kB | 45/52 kB | 40/115 kB | 28/246 kBProgress (5): 380/459 kB | 368/521 kB | 49/52 kB | 40/115 kB | 28/246 kBProgress (5): 380/459 kB | 368/521 kB | 49/52 kB | 40/115 kB | 32/246 kBProgress (5): 380/459 kB | 368/521 kB | 49/52 kB | 45/115 kB | 32/246 kBProgress (5): 380/459 kB | 372/521 kB | 49/52 kB | 45/115 kB | 32/246 kBProgress (5): 380/459 kB | 372/521 kB | 49/52 kB | 49/115 kB | 32/246 kBProgress (5): 380/459 kB | 372/521 kB | 52 kB | 49/115 kB | 32/246 kB   Progress (5): 384/459 kB | 372/521 kB | 52 kB | 49/115 kB | 32/246 kBProgress (5): 384/459 kB | 376/521 kB | 52 kB | 49/115 kB | 32/246 kBProgress (5): 384/459 kB | 376/521 kB | 52 kB | 49/115 kB | 36/246 kBProgress (5): 384/459 kB | 376/521 kB | 52 kB | 53/115 kB | 36/246 kBProgress (5): 389/459 kB | 376/521 kB | 52 kB | 53/115 kB | 36/246 kBProgress (5): 389/459 kB | 376/521 kB | 52 kB | 57/115 kB | 36/246 kBProgress (5): 389/459 kB | 380/521 kB | 52 kB | 57/115 kB | 36/246 kBProgress (5): 389/459 kB | 380/521 kB | 52 kB | 57/115 kB | 40/246 kBProgress (5): 389/459 kB | 384/521 kB | 52 kB | 57/115 kB | 40/246 kBProgress (5): 389/459 kB | 384/521 kB | 52 kB | 61/115 kB | 40/246 kBProgress (5): 393/459 kB | 384/521 kB | 52 kB | 61/115 kB | 40/246 kBProgress (5): 393/459 kB | 384/521 kB | 52 kB | 65/115 kB | 40/246 kBProgress (5): 393/459 kB | 389/521 kB | 52 kB | 65/115 kB | 40/246 kBProgress (5): 393/459 kB | 389/521 kB | 52 kB | 65/115 kB | 45/246 kBProgress (5): 393/459 kB | 393/521 kB | 52 kB | 65/115 kB | 45/246 kBProgress (5): 397/459 kB | 393/521 kB | 52 kB | 65/115 kB | 45/246 kBProgress (5): 397/459 kB | 393/521 kB | 52 kB | 65/115 kB | 49/246 kBProgress (5): 397/459 kB | 393/521 kB | 52 kB | 69/115 kB | 49/246 kBProgress (5): 401/459 kB | 393/521 kB | 52 kB | 69/115 kB | 49/246 kBProgress (5): 401/459 kB | 393/521 kB | 52 kB | 73/115 kB | 49/246 kBProgress (5): 401/459 kB | 397/521 kB | 52 kB | 73/115 kB | 49/246 kBProgress (5): 401/459 kB | 397/521 kB | 52 kB | 77/115 kB | 49/246 kBProgress (5): 401/459 kB | 397/521 kB | 52 kB | 77/115 kB | 53/246 kBProgress (5): 405/459 kB | 397/521 kB | 52 kB | 77/115 kB | 53/246 kBProgress (5): 405/459 kB | 397/521 kB | 52 kB | 77/115 kB | 57/246 kBProgress (5): 405/459 kB | 397/521 kB | 52 kB | 81/115 kB | 57/246 kBProgress (5): 405/459 kB | 401/521 kB | 52 kB | 81/115 kB | 57/246 kBProgress (5): 405/459 kB | 401/521 kB | 52 kB | 81/115 kB | 61/246 kBProgress (5): 409/459 kB | 401/521 kB | 52 kB | 81/115 kB | 61/246 kBProgress (5): 409/459 kB | 401/521 kB | 52 kB | 81/115 kB | 65/246 kBProgress (5): 409/459 kB | 405/521 kB | 52 kB | 81/115 kB | 65/246 kBProgress (5): 409/459 kB | 405/521 kB | 52 kB | 85/115 kB | 65/246 kBProgress (5): 413/459 kB | 405/521 kB | 52 kB | 85/115 kB | 65/246 kBProgress (5): 413/459 kB | 409/521 kB | 52 kB | 85/115 kB | 65/246 kBProgress (5): 417/459 kB | 409/521 kB | 52 kB | 85/115 kB | 65/246 kBProgress (5): 417/459 kB | 409/521 kB | 52 kB | 85/115 kB | 69/246 kBProgress (5): 417/459 kB | 409/521 kB | 52 kB | 90/115 kB | 69/246 kB                                                                     Downloaded from central: https://repo.maven.apache.org/maven2/org/eclipse/jetty/jetty-xml/9.3.24.v20180605/jetty-xml-9.3.24.v20180605.jar (52 kB at 334 kB/s)
Progress (4): 417/459 kB | 413/521 kB | 90/115 kB | 69/246 kBProgress (4): 417/459 kB | 413/521 kB | 90/115 kB | 73/246 kBProgress (4): 421/459 kB | 413/521 kB | 90/115 kB | 73/246 kBProgress (4): 421/459 kB | 413/521 kB | 90/115 kB | 77/246 kBProgress (4): 421/459 kB | 417/521 kB | 90/115 kB | 77/246 kB                                                             Downloading from central: https://repo.maven.apache.org/maven2/org/eclipse/jetty/jetty-util-ajax/9.3.24.v20180605/jetty-util-ajax-9.3.24.v20180605.jar
Progress (4): 421/459 kB | 417/521 kB | 94/115 kB | 77/246 kBProgress (4): 421/459 kB | 421/521 kB | 94/115 kB | 77/246 kBProgress (4): 421/459 kB | 421/521 kB | 94/115 kB | 81/246 kBProgress (4): 425/459 kB | 421/521 kB | 94/115 kB | 81/246 kBProgress (4): 425/459 kB | 425/521 kB | 94/115 kB | 81/246 kBProgress (4): 425/459 kB | 425/521 kB | 98/115 kB | 81/246 kBProgress (4): 430/459 kB | 425/521 kB | 98/115 kB | 81/246 kBProgress (4): 430/459 kB | 430/521 kB | 98/115 kB | 81/246 kBProgress (4): 430/459 kB | 430/521 kB | 98/115 kB | 85/246 kBProgress (4): 430/459 kB | 434/521 kB | 98/115 kB | 85/246 kBProgress (4): 434/459 kB | 434/521 kB | 98/115 kB | 85/246 kBProgress (4): 434/459 kB | 438/521 kB | 98/115 kB | 85/246 kBProgress (4): 434/459 kB | 438/521 kB | 98/115 kB | 90/246 kBProgress (4): 434/459 kB | 442/521 kB | 98/115 kB | 90/246 kBProgress (4): 438/459 kB | 442/521 kB | 98/115 kB | 90/246 kBProgress (4): 438/459 kB | 442/521 kB | 102/115 kB | 90/246 kBProgress (4): 442/459 kB | 442/521 kB | 102/115 kB | 90/246 kBProgress (4): 442/459 kB | 442/521 kB | 102/115 kB | 94/246 kBProgress (4): 442/459 kB | 446/521 kB | 102/115 kB | 94/246 kBProgress (4): 442/459 kB | 446/521 kB | 106/115 kB | 94/246 kBProgress (4): 446/459 kB | 446/521 kB | 106/115 kB | 94/246 kBProgress (4): 446/459 kB | 450/521 kB | 106/115 kB | 94/246 kBProgress (4): 446/459 kB | 450/521 kB | 106/115 kB | 98/246 kBProgress (4): 446/459 kB | 454/521 kB | 106/115 kB | 98/246 kBProgress (4): 450/459 kB | 454/521 kB | 106/115 kB | 98/246 kBProgress (4): 450/459 kB | 454/521 kB | 110/115 kB | 98/246 kBProgress (4): 450/459 kB | 454/521 kB | 110/115 kB | 102/246 kBProgress (4): 454/459 kB | 454/521 kB | 110/115 kB | 102/246 kBProgress (4): 454/459 kB | 458/521 kB | 110/115 kB | 102/246 kBProgress (4): 458/459 kB | 458/521 kB | 110/115 kB | 102/246 kBProgress (4): 458/459 kB | 458/521 kB | 110/115 kB | 106/246 kBProgress (4): 458/459 kB | 458/521 kB | 114/115 kB | 106/246 kBProgress (4): 458/459 kB | 462/521 kB | 114/115 kB | 106/246 kBProgress (4): 458/459 kB | 462/521 kB | 114/115 kB | 110/246 kBProgress (4): 459 kB | 462/521 kB | 114/115 kB | 110/246 kB    Progress (4): 459 kB | 462/521 kB | 114/115 kB | 114/246 kBProgress (4): 459 kB | 466/521 kB | 114/115 kB | 114/246 kBProgress (4): 459 kB | 466/521 kB | 115 kB | 114/246 kB    Progress (4): 459 kB | 471/521 kB | 115 kB | 114/246 kBProgress (4): 459 kB | 471/521 kB | 115 kB | 118/246 kBProgress (4): 459 kB | 475/521 kB | 115 kB | 118/246 kBProgress (4): 459 kB | 475/521 kB | 115 kB | 122/246 kBProgress (4): 459 kB | 475/521 kB | 115 kB | 126/246 kBProgress (4): 459 kB | 475/521 kB | 115 kB | 131/246 kBProgress (4): 459 kB | 479/521 kB | 115 kB | 131/246 kBProgress (4): 459 kB | 483/521 kB | 115 kB | 131/246 kBProgress (4): 459 kB | 487/521 kB | 115 kB | 131/246 kBProgress (4): 459 kB | 491/521 kB | 115 kB | 131/246 kBProgress (4): 459 kB | 491/521 kB | 115 kB | 135/246 kBProgress (4): 459 kB | 491/521 kB | 115 kB | 139/246 kBProgress (4): 459 kB | 495/521 kB | 115 kB | 139/246 kBProgress (4): 459 kB | 495/521 kB | 115 kB | 143/246 kBProgress (5): 459 kB | 495/521 kB | 115 kB | 143/246 kB | 4.1/39 kBProgress (5): 459 kB | 499/521 kB | 115 kB | 143/246 kB | 4.1/39 kBProgress (5): 459 kB | 499/521 kB | 115 kB | 143/246 kB | 7.7/39 kBProgress (5): 459 kB | 499/521 kB | 115 kB | 147/246 kB | 7.7/39 kBProgress (5): 459 kB | 499/521 kB | 115 kB | 147/246 kB | 12/39 kB Progress (5): 459 kB | 503/521 kB | 115 kB | 147/246 kB | 12/39 kBProgress (5): 459 kB | 503/521 kB | 115 kB | 147/246 kB | 16/39 kBProgress (5): 459 kB | 507/521 kB | 115 kB | 147/246 kB | 16/39 kBProgress (5): 459 kB | 507/521 kB | 115 kB | 151/246 kB | 16/39 kBProgress (5): 459 kB | 507/521 kB | 115 kB | 155/246 kB | 16/39 kBProgress (5): 459 kB | 511/521 kB | 115 kB | 155/246 kB | 16/39 kBProgress (5): 459 kB | 511/521 kB | 115 kB | 155/246 kB | 20/39 kBProgress (5): 459 kB | 516/521 kB | 115 kB | 155/246 kB | 20/39 kBProgress (5): 459 kB | 516/521 kB | 115 kB | 159/246 kB | 20/39 kBProgress (5): 459 kB | 520/521 kB | 115 kB | 159/246 kB | 20/39 kBProgress (5): 459 kB | 520/521 kB | 115 kB | 159/246 kB | 24/39 kBProgress (5): 459 kB | 521 kB | 115 kB | 159/246 kB | 24/39 kB    Progress (5): 459 kB | 521 kB | 115 kB | 163/246 kB | 24/39 kBProgress (5): 459 kB | 521 kB | 115 kB | 163/246 kB | 28/39 kBProgress (5): 459 kB | 521 kB | 115 kB | 163/246 kB | 32/39 kBProgress (5): 459 kB | 521 kB | 115 kB | 167/246 kB | 32/39 kBProgress (5): 459 kB | 521 kB | 115 kB | 167/246 kB | 36/39 kBProgress (5): 459 kB | 521 kB | 115 kB | 171/246 kB | 36/39 kBProgress (5): 459 kB | 521 kB | 115 kB | 171/246 kB | 39 kB   Progress (5): 459 kB | 521 kB | 115 kB | 176/246 kB | 39 kBProgress (5): 459 kB | 521 kB | 115 kB | 180/246 kB | 39 kB                                                           Downloaded from central: https://repo.maven.apache.org/maven2/org/eclipse/jetty/jetty-util/9.3.24.v20180605/jetty-util-9.3.24.v20180605.jar (459 kB at 2.6 MB/s)
Progress (4): 521 kB | 115 kB | 184/246 kB | 39 kB                                                  Downloaded from central: https://repo.maven.apache.org/maven2/org/eclipse/jetty/jetty-webapp/9.3.24.v20180605/jetty-webapp-9.3.24.v20180605.jar (115 kB at 646 kB/s)
Progress (3): 521 kB | 188/246 kB | 39 kBProgress (3): 521 kB | 192/246 kB | 39 kBProgress (3): 521 kB | 196/246 kB | 39 kBProgress (3): 521 kB | 200/246 kB | 39 kBProgress (3): 521 kB | 204/246 kB | 39 kBProgress (3): 521 kB | 208/246 kB | 39 kBProgress (3): 521 kB | 212/246 kB | 39 kBProgress (3): 521 kB | 217/246 kB | 39 kBProgress (3): 521 kB | 221/246 kB | 39 kBProgress (3): 521 kB | 225/246 kB | 39 kBProgress (3): 521 kB | 229/246 kB | 39 kBProgress (3): 521 kB | 233/246 kB | 39 kBProgress (3): 521 kB | 237/246 kB | 39 kBProgress (3): 521 kB | 241/246 kB | 39 kBProgress (3): 521 kB | 245/246 kB | 39 kBProgress (3): 521 kB | 246 kB | 39 kB                                         Downloaded from central: https://repo.maven.apache.org/maven2/org/eclipse/jetty/jetty-server/9.3.24.v20180605/jetty-server-9.3.24.v20180605.jar (521 kB at 2.8 MB/s)
Downloaded from central: https://repo.maven.apache.org/maven2/org/eclipse/jetty/jetty-util-ajax/9.3.24.v20180605/jetty-util-ajax-9.3.24.v20180605.jar (39 kB at 209 kB/s)
Downloaded from central: https://repo.maven.apache.org/maven2/commons-beanutils/commons-beanutils/1.9.3/commons-beanutils-1.9.3.jar (246 kB at 1.3 MB/s)
[INFO] 
[INFO] --- maven-antrun-plugin:1.7:run (create-testdirs) @ hadoop-hdds ---
Downloading from apache.snapshots.https: https://repository.apache.org/content/repositories/snapshots/org/apache/maven/maven-plugin-api/2.0.11/maven-plugin-api-2.0.11.pom
Downloading from central: https://repo.maven.apache.org/maven2/org/apache/maven/maven-plugin-api/2.0.11/maven-plugin-api-2.0.11.pom
Progress (1): 1.5 kB                    Downloaded from central: https://repo.maven.apache.org/maven2/org/apache/maven/maven-plugin-api/2.0.11/maven-plugin-api-2.0.11.pom (1.5 kB at 59 kB/s)
Downloading from apache.snapshots.https: https://repository.apache.org/content/repositories/snapshots/org/apache/maven/maven/2.0.11/maven-2.0.11.pom
Downloading from central: https://repo.maven.apache.org/maven2/org/apache/maven/maven/2.0.11/maven-2.0.11.pom
Progress (1): 2.2/22 kBProgress (1): 5.0/22 kBProgress (1): 7.8/22 kBProgress (1): 11/22 kB Progress (1): 13/22 kBProgress (1): 16/22 kBProgress (1): 19/22 kBProgress (1): 21/22 kBProgress (1): 22 kB                      Downloaded from central: https://repo.maven.apache.org/maven2/org/apache/maven/maven/2.0.11/maven-2.0.11.pom (22 kB at 809 kB/s)
Downloading from apache.snapshots.https: https://repository.apache.org/content/repositories/snapshots/org/apache/maven/maven-parent/12/maven-parent-12.pom
Downloading from central: https://repo.maven.apache.org/maven2/org/apache/maven/maven-parent/12/maven-parent-12.pom
Progress (1): 2.2/22 kBProgress (1): 5.0/22 kBProgress (1): 7.8/22 kBProgress (1): 11/22 kB Progress (1): 13/22 kBProgress (1): 16/22 kBProgress (1): 19/22 kBProgress (1): 21/22 kBProgress (1): 22 kB                      Downloaded from central: https://repo.maven.apache.org/maven2/org/apache/maven/maven-parent/12/maven-parent-12.pom (22 kB at 621 kB/s)
Downloading from apache.snapshots.https: https://repository.apache.org/content/repositories/snapshots/org/apache/maven/maven-project/2.0.11/maven-project-2.0.11.pom
Downloading from central: https://repo.maven.apache.org/maven2/org/apache/maven/maven-project/2.0.11/maven-project-2.0.11.pom
Progress (1): 2.2/2.8 kBProgress (1): 2.8 kB                        Downloaded from central: https://repo.maven.apache.org/maven2/org/apache/maven/maven-project/2.0.11/maven-project-2.0.11.pom (2.8 kB at 132 kB/s)
Downloading from apache.snapshots.https: https://repository.apache.org/content/repositories/snapshots/org/apache/maven/maven-settings/2.0.11/maven-settings-2.0.11.pom
Downloading from central: https://repo.maven.apache.org/maven2/org/apache/maven/maven-settings/2.0.11/maven-settings-2.0.11.pom
Progress (1): 2.2 kB                    Downloaded from central: https://repo.maven.apache.org/maven2/org/apache/maven/maven-settings/2.0.11/maven-settings-2.0.11.pom (2.2 kB at 91 kB/s)
Downloading from apache.snapshots.https: https://repository.apache.org/content/repositories/snapshots/org/apache/maven/maven-model/2.0.11/maven-model-2.0.11.pom
Downloading from central: https://repo.maven.apache.org/maven2/org/apache/maven/maven-model/2.0.11/maven-model-2.0.11.pom
Progress (1): 2.2/3.2 kBProgress (1): 3.2 kB                        Downloaded from central: https://repo.maven.apache.org/maven2/org/apache/maven/maven-model/2.0.11/maven-model-2.0.11.pom (3.2 kB at 141 kB/s)
Downloading from apache.snapshots.https: https://repository.apache.org/content/repositories/snapshots/org/apache/maven/maven-profile/2.0.11/maven-profile-2.0.11.pom
Downloading from central: https://repo.maven.apache.org/maven2/org/apache/maven/maven-profile/2.0.11/maven-profile-2.0.11.pom
Progress (1): 2.0 kB                    Downloaded from central: https://repo.maven.apache.org/maven2/org/apache/maven/maven-profile/2.0.11/maven-profile-2.0.11.pom (2.0 kB at 82 kB/s)
Downloading from apache.snapshots.https: https://repository.apache.org/content/repositories/snapshots/org/apache/maven/maven-artifact-manager/2.0.11/maven-artifact-manager-2.0.11.pom
Downloading from central: https://repo.maven.apache.org/maven2/org/apache/maven/maven-artifact-manager/2.0.11/maven-artifact-manager-2.0.11.pom
Progress (1): 2.2/2.6 kBProgress (1): 2.6 kB                        Downloaded from central: https://repo.maven.apache.org/maven2/org/apache/maven/maven-artifact-manager/2.0.11/maven-artifact-manager-2.0.11.pom (2.6 kB at 105 kB/s)
Downloading from apache.snapshots.https: https://repository.apache.org/content/repositories/snapshots/org/apache/maven/maven-repository-metadata/2.0.11/maven-repository-metadata-2.0.11.pom
Downloading from central: https://repo.maven.apache.org/maven2/org/apache/maven/maven-repository-metadata/2.0.11/maven-repository-metadata-2.0.11.pom
Progress (1): 2.2/2.3 kBProgress (1): 2.3 kB                        Downloaded from central: https://repo.maven.apache.org/maven2/org/apache/maven/maven-repository-metadata/2.0.11/maven-repository-metadata-2.0.11.pom (2.3 kB at 94 kB/s)
Downloading from apache.snapshots.https: https://repository.apache.org/content/repositories/snapshots/org/apache/maven/maven-artifact/2.0.11/maven-artifact-2.0.11.pom
Downloading from central: https://repo.maven.apache.org/maven2/org/apache/maven/maven-artifact/2.0.11/maven-artifact-2.0.11.pom
Progress (1): 1.6 kB                    Downloaded from central: https://repo.maven.apache.org/maven2/org/apache/maven/maven-artifact/2.0.11/maven-artifact-2.0.11.pom (1.6 kB at 79 kB/s)
Downloading from apache.snapshots.https: https://repository.apache.org/content/repositories/snapshots/org/apache/maven/maven-plugin-registry/2.0.11/maven-plugin-registry-2.0.11.pom
Downloading from central: https://repo.maven.apache.org/maven2/org/apache/maven/maven-plugin-registry/2.0.11/maven-plugin-registry-2.0.11.pom
Progress (1): 1.9 kB                    Downloaded from central: https://repo.maven.apache.org/maven2/org/apache/maven/maven-plugin-registry/2.0.11/maven-plugin-registry-2.0.11.pom (1.9 kB at 80 kB/s)
Downloading from apache.snapshots.https: https://repository.apache.org/content/repositories/snapshots/org/apache/ant/ant/1.8.2/ant-1.8.2.pom
Downloading from central: https://repo.maven.apache.org/maven2/org/apache/ant/ant/1.8.2/ant-1.8.2.pom
Progress (1): 2.2/9.9 kBProgress (1): 5.0/9.9 kBProgress (1): 7.8/9.9 kBProgress (1): 9.9 kB                        Downloaded from central: https://repo.maven.apache.org/maven2/org/apache/ant/ant/1.8.2/ant-1.8.2.pom (9.9 kB at 395 kB/s)
Downloading from apache.snapshots.https: https://repository.apache.org/content/repositories/snapshots/org/apache/ant/ant-parent/1.8.2/ant-parent-1.8.2.pom
Downloading from central: https://repo.maven.apache.org/maven2/org/apache/ant/ant-parent/1.8.2/ant-parent-1.8.2.pom
Progress (1): 2.2/4.7 kBProgress (1): 4.7 kB                        Downloaded from central: https://repo.maven.apache.org/maven2/org/apache/ant/ant-parent/1.8.2/ant-parent-1.8.2.pom (4.7 kB at 204 kB/s)
Downloading from apache.snapshots.https: https://repository.apache.org/content/repositories/snapshots/org/apache/ant/ant-launcher/1.8.2/ant-launcher-1.8.2.pom
Downloading from central: https://repo.maven.apache.org/maven2/org/apache/ant/ant-launcher/1.8.2/ant-launcher-1.8.2.pom
Progress (1): 2.2/2.4 kBProgress (1): 2.4 kB                        Downloaded from central: https://repo.maven.apache.org/maven2/org/apache/ant/ant-launcher/1.8.2/ant-launcher-1.8.2.pom (2.4 kB at 110 kB/s)
Downloading from apache.snapshots.https: https://repository.apache.org/content/repositories/snapshots/org/apache/maven/maven-plugin-api/2.0.11/maven-plugin-api-2.0.11.jar
Downloading from apache.snapshots.https: https://repository.apache.org/content/repositories/snapshots/org/apache/maven/maven-profile/2.0.11/maven-profile-2.0.11.jar
Downloading from apache.snapshots.https: https://repository.apache.org/content/repositories/snapshots/org/apache/maven/maven-model/2.0.11/maven-model-2.0.11.jar
Downloading from apache.snapshots.https: https://repository.apache.org/content/repositories/snapshots/org/apache/maven/maven-settings/2.0.11/maven-settings-2.0.11.jar
Downloading from apache.snapshots.https: https://repository.apache.org/content/repositories/snapshots/org/apache/maven/maven-project/2.0.11/maven-project-2.0.11.jar
Downloading from apache.snapshots.https: https://repository.apache.org/content/repositories/snapshots/org/apache/maven/maven-artifact-manager/2.0.11/maven-artifact-manager-2.0.11.jar
Downloading from apache.snapshots.https: https://repository.apache.org/content/repositories/snapshots/org/apache/maven/maven-repository-metadata/2.0.11/maven-repository-metadata-2.0.11.jar
Downloading from apache.snapshots.https: https://repository.apache.org/content/repositories/snapshots/org/apache/maven/maven-plugin-registry/2.0.11/maven-plugin-registry-2.0.11.jar
Downloading from apache.snapshots.https: https://repository.apache.org/content/repositories/snapshots/org/apache/maven/maven-artifact/2.0.11/maven-artifact-2.0.11.jar
Downloading from apache.snapshots.https: https://repository.apache.org/content/repositories/snapshots/org/apache/ant/ant/1.8.2/ant-1.8.2.jar
Downloading from apache.snapshots.https: https://repository.apache.org/content/repositories/snapshots/org/apache/ant/ant-launcher/1.8.2/ant-launcher-1.8.2.jar
Downloading from central: https://repo.maven.apache.org/maven2/org/apache/maven/maven-plugin-api/2.0.11/maven-plugin-api-2.0.11.jar
Downloading from central: https://repo.maven.apache.org/maven2/org/apache/maven/maven-project/2.0.11/maven-project-2.0.11.jar
Downloading from central: https://repo.maven.apache.org/maven2/org/apache/maven/maven-model/2.0.11/maven-model-2.0.11.jar
Downloading from central: https://repo.maven.apache.org/maven2/org/apache/maven/maven-profile/2.0.11/maven-profile-2.0.11.jar
Downloading from central: https://repo.maven.apache.org/maven2/org/apache/maven/maven-settings/2.0.11/maven-settings-2.0.11.jar
Progress (1): 2.2/13 kBProgress (1): 5.0/13 kBProgress (1): 7.7/13 kBProgress (1): 10/13 kB Progress (1): 13 kB   Progress (2): 13 kB | 2.2/123 kBProgress (2): 13 kB | 5.0/123 kBProgress (3): 13 kB | 5.0/123 kB | 2.2/37 kBProgress (4): 13 kB | 5.0/123 kB | 2.2/37 kB | 2.2/51 kBProgress (5): 13 kB | 5.0/123 kB | 2.2/37 kB | 2.2/51 kB | 2.2/97 kBProgress (5): 13 kB | 7.7/123 kB | 2.2/37 kB | 2.2/51 kB | 2.2/97 kBProgress (5): 13 kB | 7.7/123 kB | 2.2/37 kB | 2.2/51 kB | 5.0/97 kBProgress (5): 13 kB | 7.7/123 kB | 2.2/37 kB | 5.0/51 kB | 5.0/97 kBProgress (5): 13 kB | 7.7/123 kB | 5.0/37 kB | 5.0/51 kB | 5.0/97 kBProgress (5): 13 kB | 7.7/123 kB | 5.0/37 kB | 7.7/51 kB | 5.0/97 kBProgress (5): 13 kB | 7.7/123 kB | 5.0/37 kB | 7.7/51 kB | 7.7/97 kBProgress (5): 13 kB | 10/123 kB | 5.0/37 kB | 7.7/51 kB | 7.7/97 kB Progress (5): 13 kB | 10/123 kB | 5.0/37 kB | 7.7/51 kB | 10/97 kB Progress (5): 13 kB | 10/123 kB | 5.0/37 kB | 10/51 kB | 10/97 kB Progress (5): 13 kB | 10/123 kB | 7.7/37 kB | 10/51 kB | 10/97 kBProgress (5): 13 kB | 10/123 kB | 7.7/37 kB | 13/51 kB | 10/97 kBProgress (5): 13 kB | 10/123 kB | 7.7/37 kB | 13/51 kB | 13/97 kBProgress (5): 13 kB | 13/123 kB | 7.7/37 kB | 13/51 kB | 13/97 kBProgress (5): 13 kB | 13/123 kB | 7.7/37 kB | 13/51 kB | 16/97 kBProgress (5): 13 kB | 13/123 kB | 7.7/37 kB | 16/51 kB | 16/97 kBProgress (5): 13 kB | 13/123 kB | 10/37 kB | 16/51 kB | 16/97 kB Progress (5): 13 kB | 13/123 kB | 10/37 kB | 19/51 kB | 16/97 kBProgress (5): 13 kB | 13/123 kB | 13/37 kB | 19/51 kB | 16/97 kBProgress (5): 13 kB | 13/123 kB | 13/37 kB | 19/51 kB | 19/97 kBProgress (5): 13 kB | 16/123 kB | 13/37 kB | 19/51 kB | 19/97 kBProgress (5): 13 kB | 16/123 kB | 13/37 kB | 19/51 kB | 21/97 kBProgress (5): 13 kB | 16/123 kB | 16/37 kB | 19/51 kB | 21/97 kBProgress (5): 13 kB | 16/123 kB | 16/37 kB | 21/51 kB | 21/97 kBProgress (5): 13 kB | 16/123 kB | 19/37 kB | 21/51 kB | 21/97 kBProgress (5): 13 kB | 16/123 kB | 19/37 kB | 21/51 kB | 24/97 kBProgress (5): 13 kB | 19/123 kB | 19/37 kB | 21/51 kB | 24/97 kBProgress (5): 13 kB | 19/123 kB | 19/37 kB | 21/51 kB | 27/97 kBProgress (5): 13 kB | 19/123 kB | 21/37 kB | 21/51 kB | 27/97 kB                                                                Downloaded from central: https://repo.maven.apache.org/maven2/org/apache/maven/maven-plugin-api/2.0.11/maven-plugin-api-2.0.11.jar (13 kB at 451 kB/s)
Progress (4): 19/123 kB | 21/37 kB | 24/51 kB | 27/97 kB                                                        Downloading from central: https://repo.maven.apache.org/maven2/org/apache/maven/maven-artifact-manager/2.0.11/maven-artifact-manager-2.0.11.jar
Progress (4): 19/123 kB | 24/37 kB | 24/51 kB | 27/97 kBProgress (4): 19/123 kB | 24/37 kB | 24/51 kB | 30/97 kBProgress (4): 21/123 kB | 24/37 kB | 24/51 kB | 30/97 kBProgress (4): 21/123 kB | 24/37 kB | 24/51 kB | 32/97 kBProgress (4): 21/123 kB | 27/37 kB | 24/51 kB | 32/97 kBProgress (4): 21/123 kB | 27/37 kB | 27/51 kB | 32/97 kBProgress (4): 21/123 kB | 30/37 kB | 27/51 kB | 32/97 kBProgress (4): 24/123 kB | 30/37 kB | 27/51 kB | 32/97 kBProgress (4): 24/123 kB | 32/37 kB | 27/51 kB | 32/97 kBProgress (4): 24/123 kB | 32/37 kB | 30/51 kB | 32/97 kBProgress (4): 24/123 kB | 32/37 kB | 30/51 kB | 36/97 kBProgress (4): 24/123 kB | 35/37 kB | 30/51 kB | 36/97 kBProgress (4): 27/123 kB | 35/37 kB | 30/51 kB | 36/97 kBProgress (4): 27/123 kB | 37 kB | 30/51 kB | 36/97 kB   Progress (4): 27/123 kB | 37 kB | 30/51 kB | 40/97 kBProgress (4): 27/123 kB | 37 kB | 32/51 kB | 40/97 kBProgress (4): 27/123 kB | 37 kB | 32/51 kB | 45/97 kBProgress (4): 30/123 kB | 37 kB | 32/51 kB | 45/97 kBProgress (4): 30/123 kB | 37 kB | 32/51 kB | 49/97 kBProgress (4): 32/123 kB | 37 kB | 32/51 kB | 49/97 kBProgress (4): 32/123 kB | 37 kB | 36/51 kB | 49/97 kBProgress (4): 32/123 kB | 37 kB | 40/51 kB | 49/97 kBProgress (4): 32/123 kB | 37 kB | 45/51 kB | 49/97 kBProgress (4): 32/123 kB | 37 kB | 45/51 kB | 53/97 kBProgress (4): 32/123 kB | 37 kB | 49/51 kB | 53/97 kBProgress (4): 32/123 kB | 37 kB | 49/51 kB | 57/97 kBProgress (4): 32/123 kB | 37 kB | 51 kB | 57/97 kB   Progress (4): 36/123 kB | 37 kB | 51 kB | 57/97 kBProgress (4): 36/123 kB | 37 kB | 51 kB | 61/97 kBProgress (4): 40/123 kB | 37 kB | 51 kB | 61/97 kBProgress (4): 40/123 kB | 37 kB | 51 kB | 65/97 kBProgress (4): 45/123 kB | 37 kB | 51 kB | 65/97 kBProgress (4): 49/123 kB | 37 kB | 51 kB | 65/97 kBProgress (5): 49/123 kB | 37 kB | 51 kB | 65/97 kB | 2.2/58 kBProgress (5): 49/123 kB | 37 kB | 51 kB | 69/97 kB | 2.2/58 kBProgress (5): 49/123 kB | 37 kB | 51 kB | 69/97 kB | 5.0/58 kBProgress (5): 53/123 kB | 37 kB | 51 kB | 69/97 kB | 5.0/58 kBProgress (5): 53/123 kB | 37 kB | 51 kB | 73/97 kB | 5.0/58 kBProgress (5): 57/123 kB | 37 kB | 51 kB | 73/97 kB | 5.0/58 kBProgress (5): 57/123 kB | 37 kB | 51 kB | 73/97 kB | 7.7/58 kBProgress (5): 61/123 kB | 37 kB | 51 kB | 73/97 kB | 7.7/58 kBProgress (5): 61/123 kB | 37 kB | 51 kB | 77/97 kB | 7.7/58 kBProgress (5): 61/123 kB | 37 kB | 51 kB | 77/97 kB | 10/58 kB Progress (5): 65/123 kB | 37 kB | 51 kB | 77/97 kB | 10/58 kBProgress (5): 65/123 kB | 37 kB | 51 kB | 81/97 kB | 10/58 kBProgress (5): 65/123 kB | 37 kB | 51 kB | 81/97 kB | 13/58 kBProgress (5): 65/123 kB | 37 kB | 51 kB | 81/97 kB | 16/58 kB                                                             Downloaded from central: https://repo.maven.apache.org/maven2/org/apache/maven/maven-profile/2.0.11/maven-profile-2.0.11.jar (37 kB at 845 kB/s)
Downloading from central: https://repo.maven.apache.org/maven2/org/apache/maven/maven-repository-metadata/2.0.11/maven-repository-metadata-2.0.11.jar
Progress (4): 69/123 kB | 51 kB | 81/97 kB | 16/58 kBProgress (4): 69/123 kB | 51 kB | 81/97 kB | 19/58 kBProgress (4): 69/123 kB | 51 kB | 85/97 kB | 19/58 kBProgress (4): 73/123 kB | 51 kB | 85/97 kB | 19/58 kBProgress (4): 73/123 kB | 51 kB | 90/97 kB | 19/58 kBProgress (4): 73/123 kB | 51 kB | 90/97 kB | 21/58 kBProgress (4): 73/123 kB | 51 kB | 94/97 kB | 21/58 kBProgress (4): 77/123 kB | 51 kB | 94/97 kB | 21/58 kB                                                     Downloaded from central: https://repo.maven.apache.org/maven2/org/apache/maven/maven-settings/2.0.11/maven-settings-2.0.11.jar (51 kB at 1.0 MB/s)
Progress (3): 77/123 kB | 94/97 kB | 24/58 kBProgress (3): 77/123 kB | 97 kB | 24/58 kB                                             Downloading from central: https://repo.maven.apache.org/maven2/org/apache/maven/maven-plugin-registry/2.0.11/maven-plugin-registry-2.0.11.jar
Progress (3): 81/123 kB | 97 kB | 24/58 kBProgress (3): 81/123 kB | 97 kB | 27/58 kBProgress (3): 81/123 kB | 97 kB | 30/58 kBProgress (3): 85/123 kB | 97 kB | 30/58 kBProgress (3): 90/123 kB | 97 kB | 30/58 kBProgress (3): 90/123 kB | 97 kB | 32/58 kBProgress (3): 94/123 kB | 97 kB | 32/58 kBProgress (3): 98/123 kB | 97 kB | 32/58 kBProgress (3): 98/123 kB | 97 kB | 36/58 kBProgress (3): 102/123 kB | 97 kB | 36/58 kBProgress (3): 102/123 kB | 97 kB | 40/58 kBProgress (3): 106/123 kB | 97 kB | 40/58 kBProgress (3): 106/123 kB | 97 kB | 45/58 kBProgress (3): 110/123 kB | 97 kB | 45/58 kBProgress (3): 110/123 kB | 97 kB | 49/58 kBProgress (3): 114/123 kB | 97 kB | 49/58 kBProgress (3): 114/123 kB | 97 kB | 53/58 kBProgress (3): 118/123 kB | 97 kB | 53/58 kBProgress (3): 118/123 kB | 97 kB | 57/58 kBProgress (3): 122/123 kB | 97 kB | 57/58 kBProgress (3): 122/123 kB | 97 kB | 58 kB   Progress (3): 123 kB | 97 kB | 58 kB    Progress (4): 123 kB | 97 kB | 58 kB | 2.2/26 kBProgress (4): 123 kB | 97 kB | 58 kB | 5.0/26 kBProgress (4): 123 kB | 97 kB | 58 kB | 7.7/26 kBProgress (4): 123 kB | 97 kB | 58 kB | 10/26 kB Progress (4): 123 kB | 97 kB | 58 kB | 13/26 kBProgress (4): 123 kB | 97 kB | 58 kB | 16/26 kBProgress (4): 123 kB | 97 kB | 58 kB | 19/26 kB                                               Downloaded from central: https://repo.maven.apache.org/maven2/org/apache/maven/maven-model/2.0.11/maven-model-2.0.11.jar (97 kB at 1.6 MB/s)
Progress (3): 123 kB | 58 kB | 21/26 kB                                       Downloading from central: https://repo.maven.apache.org/maven2/org/apache/maven/maven-artifact/2.0.11/maven-artifact-2.0.11.jar
Progress (3): 123 kB | 58 kB | 24/26 kBProgress (3): 123 kB | 58 kB | 26 kB   Progress (4): 123 kB | 58 kB | 26 kB | 4.1/31 kBProgress (4): 123 kB | 58 kB | 26 kB | 7.7/31 kBProgress (4): 123 kB | 58 kB | 26 kB | 12/31 kB Progress (4): 123 kB | 58 kB | 26 kB | 16/31 kBProgress (4): 123 kB | 58 kB | 26 kB | 20/31 kBProgress (4): 123 kB | 58 kB | 26 kB | 24/31 kBProgress (4): 123 kB | 58 kB | 26 kB | 28/31 kBProgress (4): 123 kB | 58 kB | 26 kB | 31 kB                                               Downloaded from central: https://repo.maven.apache.org/maven2/org/apache/maven/maven-project/2.0.11/maven-project-2.0.11.jar (123 kB at 1.8 MB/s)
Downloading from central: https://repo.maven.apache.org/maven2/org/apache/ant/ant/1.8.2/ant-1.8.2.jar
Downloaded from central: https://repo.maven.apache.org/maven2/org/apache/maven/maven-artifact-manager/2.0.11/maven-artifact-manager-2.0.11.jar (58 kB at 873 kB/s)
Downloading from central: https://repo.maven.apache.org/maven2/org/apache/ant/ant-launcher/1.8.2/ant-launcher-1.8.2.jar
Progress (3): 26 kB | 31 kB | 4.1/90 kB                                       Downloaded from central: https://repo.maven.apache.org/maven2/org/apache/maven/maven-repository-metadata/2.0.11/maven-repository-metadata-2.0.11.jar (26 kB at 360 kB/s)
Progress (2): 31 kB | 7.7/90 kBProgress (2): 31 kB | 12/90 kB Progress (2): 31 kB | 16/90 kBProgress (2): 31 kB | 20/90 kBProgress (2): 31 kB | 24/90 kBProgress (2): 31 kB | 28/90 kBProgress (2): 31 kB | 32/90 kB                              Downloaded from central: https://repo.maven.apache.org/maven2/org/apache/maven/maven-plugin-registry/2.0.11/maven-plugin-registry-2.0.11.jar (31 kB at 409 kB/s)
Progress (1): 36/90 kBProgress (1): 40/90 kBProgress (1): 45/90 kBProgress (1): 49/90 kBProgress (1): 53/90 kBProgress (1): 57/90 kBProgress (1): 61/90 kBProgress (1): 65/90 kBProgress (2): 65/90 kB | 4.1/12 kBProgress (2): 65/90 kB | 7.7/12 kBProgress (2): 69/90 kB | 7.7/12 kBProgress (2): 69/90 kB | 12/12 kB Progress (2): 73/90 kB | 12/12 kBProgress (2): 73/90 kB | 12 kB   Progress (2): 77/90 kB | 12 kBProgress (2): 81/90 kB | 12 kBProgress (2): 85/90 kB | 12 kBProgress (2): 90 kB | 12 kB   Progress (3): 90 kB | 12 kB | 0/1.9 MBProgress (3): 90 kB | 12 kB | 0/1.9 MBProgress (3): 90 kB | 12 kB | 0/1.9 MBProgress (3): 90 kB | 12 kB | 0/1.9 MBProgress (3): 90 kB | 12 kB | 0/1.9 MBProgress (3): 90 kB | 12 kB | 0/1.9 MBProgress (3): 90 kB | 12 kB | 0/1.9 MBProgress (3): 90 kB | 12 kB | 0/1.9 MBProgress (3): 90 kB | 12 kB | 0/1.9 MBProgress (3): 90 kB | 12 kB | 0/1.9 MBProgress (3): 90 kB | 12 kB | 0/1.9 MBProgress (3): 90 kB | 12 kB | 0/1.9 MBProgress (3): 90 kB | 12 kB | 0.1/1.9 MBProgress (3): 90 kB | 12 kB | 0.1/1.9 MBProgress (3): 90 kB | 12 kB | 0.1/1.9 MB                                        Downloaded from central: https://repo.maven.apache.org/maven2/org/apache/ant/ant-launcher/1.8.2/ant-launcher-1.8.2.jar (12 kB at 140 kB/s)
Progress (2): 90 kB | 0.1/1.9 MB                                Downloaded from central: https://repo.maven.apache.org/maven2/org/apache/maven/maven-artifact/2.0.11/maven-artifact-2.0.11.jar (90 kB at 1.0 MB/s)
Progress (1): 0.1/1.9 MBProgress (1): 0.1/1.9 MBProgress (1): 0.1/1.9 MBProgress (1): 0.1/1.9 MBProgress (1): 0.1/1.9 MBProgress (1): 0.1/1.9 MBProgress (1): 0.1/1.9 MBProgress (1): 0.1/1.9 MBProgress (1): 0.1/1.9 MBProgress (1): 0.1/1.9 MBProgress (1): 0.1/1.9 MBProgress (1): 0.1/1.9 MBProgress (1): 0.1/1.9 MBProgress (1): 0.1/1.9 MBProgress (1): 0.1/1.9 MBProgress (1): 0.1/1.9 MBProgress (1): 0.1/1.9 MBProgress (1): 0.1/1.9 MBProgress (1): 0.1/1.9 MBProgress (1): 0.1/1.9 MBProgress (1): 0.2/1.9 MBProgress (1): 0.2/1.9 MBProgress (1): 0.2/1.9 MBProgress (1): 0.2/1.9 MBProgress (1): 0.2/1.9 MBProgress (1): 0.2/1.9 MBProgress (1): 0.2/1.9 MBProgress (1): 0.2/1.9 MBProgress (1): 0.2/1.9 MBProgress (1): 0.2/1.9 MBProgress (1): 0.2/1.9 MBProgress (1): 0.2/1.9 MBProgress (1): 0.2/1.9 MBProgress (1): 0.2/1.9 MBProgress (1): 0.2/1.9 MBProgress (1): 0.2/1.9 MBProgress (1): 0.2/1.9 MBProgress (1): 0.2/1.9 MBProgress (1): 0.2/1.9 MBProgress (1): 0.2/1.9 MBProgress (1): 0.2/1.9 MBProgress (1): 0.2/1.9 MBProgress (1): 0.2/1.9 MBProgress (1): 0.2/1.9 MBProgress (1): 0.2/1.9 MBProgress (1): 0.3/1.9 MBProgress (1): 0.3/1.9 MBProgress (1): 0.3/1.9 MBProgress (1): 0.3/1.9 MBProgress (1): 0.3/1.9 MBProgress (1): 0.3/1.9 MBProgress (1): 0.3/1.9 MBProgress (1): 0.3/1.9 MBProgress (1): 0.3/1.9 MBProgress (1): 0.3/1.9 MBProgress (1): 0.3/1.9 MBProgress (1): 0.3/1.9 MBProgress (1): 0.3/1.9 MBProgress (1): 0.3/1.9 MBProgress (1): 0.3/1.9 MBProgress (1): 0.3/1.9 MBProgress (1): 0.3/1.9 MBProgress (1): 0.3/1.9 MBProgress (1): 0.3/1.9 MBProgress (1): 0.3/1.9 MBProgress (1): 0.3/1.9 MBProgress (1): 0.3/1.9 MBProgress (1): 0.3/1.9 MBProgress (1): 0.3/1.9 MBProgress (1): 0.4/1.9 MBProgress (1): 0.4/1.9 MBProgress (1): 0.4/1.9 MBProgress (1): 0.4/1.9 MBProgress (1): 0.4/1.9 MBProgress (1): 0.4/1.9 MBProgress (1): 0.4/1.9 MBProgress (1): 0.4/1.9 MBProgress (1): 0.4/1.9 MBProgress (1): 0.4/1.9 MBProgress (1): 0.4/1.9 MBProgress (1): 0.4/1.9 MBProgress (1): 0.4/1.9 MBProgress (1): 0.4/1.9 MBProgress (1): 0.4/1.9 MBProgress (1): 0.4/1.9 MBProgress (1): 0.4/1.9 MBProgress (1): 0.4/1.9 MBProgress (1): 0.4/1.9 MBProgress (1): 0.4/1.9 MBProgress (1): 0.4/1.9 MBProgress (1): 0.4/1.9 MBProgress (1): 0.4/1.9 MBProgress (1): 0.4/1.9 MBProgress (1): 0.5/1.9 MBProgress (1): 0.5/1.9 MBProgress (1): 0.5/1.9 MBProgress (1): 0.5/1.9 MBProgress (1): 0.5/1.9 MBProgress (1): 0.5/1.9 MBProgress (1): 0.5/1.9 MBProgress (1): 0.5/1.9 MBProgress (1): 0.5/1.9 MBProgress (1): 0.5/1.9 MBProgress (1): 0.5/1.9 MBProgress (1): 0.5/1.9 MBProgress (1): 0.5/1.9 MBProgress (1): 0.5/1.9 MBProgress (1): 0.5/1.9 MBProgress (1): 0.5/1.9 MBProgress (1): 0.5/1.9 MBProgress (1): 0.5/1.9 MBProgress (1): 0.5/1.9 MBProgress (1): 0.5/1.9 MBProgress (1): 0.5/1.9 MBProgress (1): 0.5/1.9 MBProgress (1): 0.5/1.9 MBProgress (1): 0.5/1.9 MBProgress (1): 0.5/1.9 MBProgress (1): 0.6/1.9 MBProgress (1): 0.6/1.9 MBProgress (1): 0.6/1.9 MBProgress (1): 0.6/1.9 MBProgress (1): 0.6/1.9 MBProgress (1): 0.6/1.9 MBProgress (1): 0.6/1.9 MBProgress (1): 0.6/1.9 MBProgress (1): 0.6/1.9 MBProgress (1): 0.6/1.9 MBProgress (1): 0.6/1.9 MBProgress (1): 0.6/1.9 MBProgress (1): 0.6/1.9 MBProgress (1): 0.6/1.9 MBProgress (1): 0.6/1.9 MBProgress (1): 0.6/1.9 MBProgress (1): 0.6/1.9 MBProgress (1): 0.6/1.9 MBProgress (1): 0.6/1.9 MBProgress (1): 0.6/1.9 MBProgress (1): 0.6/1.9 MBProgress (1): 0.6/1.9 MBProgress (1): 0.6/1.9 MBProgress (1): 0.6/1.9 MBProgress (1): 0.7/1.9 MBProgress (1): 0.7/1.9 MBProgress (1): 0.7/1.9 MBProgress (1): 0.7/1.9 MBProgress (1): 0.7/1.9 MBProgress (1): 0.7/1.9 MBProgress (1): 0.7/1.9 MBProgress (1): 0.7/1.9 MBProgress (1): 0.7/1.9 MBProgress (1): 0.7/1.9 MBProgress (1): 0.7/1.9 MBProgress (1): 0.7/1.9 MBProgress (1): 0.7/1.9 MBProgress (1): 0.7/1.9 MBProgress (1): 0.7/1.9 MBProgress (1): 0.7/1.9 MBProgress (1): 0.7/1.9 MBProgress (1): 0.7/1.9 MBProgress (1): 0.7/1.9 MBProgress (1): 0.7/1.9 MBProgress (1): 0.7/1.9 MBProgress (1): 0.7/1.9 MBProgress (1): 0.7/1.9 MBProgress (1): 0.7/1.9 MBProgress (1): 0.7/1.9 MBProgress (1): 0.8/1.9 MBProgress (1): 0.8/1.9 MBProgress (1): 0.8/1.9 MBProgress (1): 0.8/1.9 MBProgress (1): 0.8/1.9 MBProgress (1): 0.8/1.9 MBProgress (1): 0.8/1.9 MBProgress (1): 0.8/1.9 MBProgress (1): 0.8/1.9 MBProgress (1): 0.8/1.9 MBProgress (1): 0.8/1.9 MBProgress (1): 0.8/1.9 MBProgress (1): 0.8/1.9 MBProgress (1): 0.8/1.9 MBProgress (1): 0.8/1.9 MBProgress (1): 0.8/1.9 MBProgress (1): 0.8/1.9 MBProgress (1): 0.8/1.9 MBProgress (1): 0.8/1.9 MBProgress (1): 0.8/1.9 MBProgress (1): 0.8/1.9 MBProgress (1): 0.8/1.9 MBProgress (1): 0.8/1.9 MBProgress (1): 0.8/1.9 MBProgress (1): 0.9/1.9 MBProgress (1): 0.9/1.9 MBProgress (1): 0.9/1.9 MBProgress (1): 0.9/1.9 MBProgress (1): 0.9/1.9 MBProgress (1): 0.9/1.9 MBProgress (1): 0.9/1.9 MBProgress (1): 0.9/1.9 MBProgress (1): 0.9/1.9 MBProgress (1): 0.9/1.9 MBProgress (1): 0.9/1.9 MBProgress (1): 0.9/1.9 MBProgress (1): 0.9/1.9 MBProgress (1): 0.9/1.9 MBProgress (1): 0.9/1.9 MBProgress (1): 0.9/1.9 MBProgress (1): 0.9/1.9 MBProgress (1): 0.9/1.9 MBProgress (1): 0.9/1.9 MBProgress (1): 0.9/1.9 MBProgress (1): 0.9/1.9 MBProgress (1): 0.9/1.9 MBProgress (1): 0.9/1.9 MBProgress (1): 0.9/1.9 MBProgress (1): 0.9/1.9 MBProgress (1): 1.0/1.9 MBProgress (1): 1.0/1.9 MBProgress (1): 1.0/1.9 MBProgress (1): 1.0/1.9 MBProgress (1): 1.0/1.9 MBProgress (1): 1.0/1.9 MBProgress (1): 1.0/1.9 MBProgress (1): 1.0/1.9 MBProgress (1): 1.0/1.9 MBProgress (1): 1.0/1.9 MBProgress (1): 1.0/1.9 MBProgress (1): 1.0/1.9 MBProgress (1): 1.0/1.9 MBProgress (1): 1.0/1.9 MBProgress (1): 1.0/1.9 MBProgress (1): 1.0/1.9 MBProgress (1): 1.0/1.9 MBProgress (1): 1.0/1.9 MBProgress (1): 1.0/1.9 MBProgress (1): 1.0/1.9 MBProgress (1): 1.0/1.9 MBProgress (1): 1.0/1.9 MBProgress (1): 1.0/1.9 MBProgress (1): 1.0/1.9 MBProgress (1): 1.1/1.9 MBProgress (1): 1.1/1.9 MBProgress (1): 1.1/1.9 MBProgress (1): 1.1/1.9 MBProgress (1): 1.1/1.9 MBProgress (1): 1.1/1.9 MBProgress (1): 1.1/1.9 MBProgress (1): 1.1/1.9 MBProgress (1): 1.1/1.9 MBProgress (1): 1.1/1.9 MBProgress (1): 1.1/1.9 MBProgress (1): 1.1/1.9 MBProgress (1): 1.1/1.9 MBProgress (1): 1.1/1.9 MBProgress (1): 1.1/1.9 MBProgress (1): 1.1/1.9 MBProgress (1): 1.1/1.9 MBProgress (1): 1.1/1.9 MBProgress (1): 1.1/1.9 MBProgress (1): 1.1/1.9 MBProgress (1): 1.1/1.9 MBProgress (1): 1.1/1.9 MBProgress (1): 1.1/1.9 MBProgress (1): 1.1/1.9 MBProgress (1): 1.2/1.9 MBProgress (1): 1.2/1.9 MBProgress (1): 1.2/1.9 MBProgress (1): 1.2/1.9 MBProgress (1): 1.2/1.9 MBProgress (1): 1.2/1.9 MBProgress (1): 1.2/1.9 MBProgress (1): 1.2/1.9 MBProgress (1): 1.2/1.9 MBProgress (1): 1.2/1.9 MBProgress (1): 1.2/1.9 MBProgress (1): 1.2/1.9 MBProgress (1): 1.2/1.9 MBProgress (1): 1.2/1.9 MBProgress (1): 1.2/1.9 MBProgress (1): 1.2/1.9 MBProgress (1): 1.2/1.9 MBProgress (1): 1.2/1.9 MBProgress (1): 1.2/1.9 MBProgress (1): 1.2/1.9 MBProgress (1): 1.2/1.9 MBProgress (1): 1.2/1.9 MBProgress (1): 1.2/1.9 MBProgress (1): 1.2/1.9 MBProgress (1): 1.2/1.9 MBProgress (1): 1.3/1.9 MBProgress (1): 1.3/1.9 MBProgress (1): 1.3/1.9 MBProgress (1): 1.3/1.9 MBProgress (1): 1.3/1.9 MBProgress (1): 1.3/1.9 MBProgress (1): 1.3/1.9 MBProgress (1): 1.3/1.9 MBProgress (1): 1.3/1.9 MBProgress (1): 1.3/1.9 MBProgress (1): 1.3/1.9 MBProgress (1): 1.3/1.9 MBProgress (1): 1.3/1.9 MBProgress (1): 1.3/1.9 MBProgress (1): 1.3/1.9 MBProgress (1): 1.3/1.9 MBProgress (1): 1.3/1.9 MBProgress (1): 1.3/1.9 MBProgress (1): 1.3/1.9 MBProgress (1): 1.3/1.9 MBProgress (1): 1.3/1.9 MBProgress (1): 1.3/1.9 MBProgress (1): 1.3/1.9 MBProgress (1): 1.3/1.9 MBProgress (1): 1.4/1.9 MBProgress (1): 1.4/1.9 MBProgress (1): 1.4/1.9 MBProgress (1): 1.4/1.9 MBProgress (1): 1.4/1.9 MBProgress (1): 1.4/1.9 MBProgress (1): 1.4/1.9 MBProgress (1): 1.4/1.9 MBProgress (1): 1.4/1.9 MBProgress (1): 1.4/1.9 MBProgress (1): 1.4/1.9 MBProgress (1): 1.4/1.9 MBProgress (1): 1.4/1.9 MBProgress (1): 1.4/1.9 MBProgress (1): 1.4/1.9 MBProgress (1): 1.4/1.9 MBProgress (1): 1.4/1.9 MBProgress (1): 1.4/1.9 MBProgress (1): 1.4/1.9 MBProgress (1): 1.4/1.9 MBProgress (1): 1.4/1.9 MBProgress (1): 1.4/1.9 MBProgress (1): 1.4/1.9 MBProgress (1): 1.4/1.9 MBProgress (1): 1.4/1.9 MBProgress (1): 1.5/1.9 MBProgress (1): 1.5/1.9 MBProgress (1): 1.5/1.9 MBProgress (1): 1.5/1.9 MBProgress (1): 1.5/1.9 MBProgress (1): 1.5/1.9 MBProgress (1): 1.5/1.9 MBProgress (1): 1.5/1.9 MBProgress (1): 1.5/1.9 MBProgress (1): 1.5/1.9 MBProgress (1): 1.5/1.9 MBProgress (1): 1.5/1.9 MBProgress (1): 1.5/1.9 MBProgress (1): 1.5/1.9 MBProgress (1): 1.5/1.9 MBProgress (1): 1.5/1.9 MBProgress (1): 1.5/1.9 MBProgress (1): 1.5/1.9 MBProgress (1): 1.5/1.9 MBProgress (1): 1.5/1.9 MBProgress (1): 1.5/1.9 MBProgress (1): 1.5/1.9 MBProgress (1): 1.5/1.9 MBProgress (1): 1.5/1.9 MBProgress (1): 1.6/1.9 MBProgress (1): 1.6/1.9 MBProgress (1): 1.6/1.9 MBProgress (1): 1.6/1.9 MBProgress (1): 1.6/1.9 MBProgress (1): 1.6/1.9 MBProgress (1): 1.6/1.9 MBProgress (1): 1.6/1.9 MBProgress (1): 1.6/1.9 MBProgress (1): 1.6/1.9 MBProgress (1): 1.6/1.9 MBProgress (1): 1.6/1.9 MBProgress (1): 1.6/1.9 MBProgress (1): 1.6/1.9 MBProgress (1): 1.6/1.9 MBProgress (1): 1.6/1.9 MBProgress (1): 1.6/1.9 MBProgress (1): 1.6/1.9 MBProgress (1): 1.6/1.9 MBProgress (1): 1.6/1.9 MBProgress (1): 1.6/1.9 MBProgress (1): 1.6/1.9 MBProgress (1): 1.6/1.9 MBProgress (1): 1.6/1.9 MBProgress (1): 1.7/1.9 MBProgress (1): 1.7/1.9 MBProgress (1): 1.7/1.9 MBProgress (1): 1.7/1.9 MBProgress (1): 1.7/1.9 MBProgress (1): 1.7/1.9 MBProgress (1): 1.7/1.9 MBProgress (1): 1.7/1.9 MBProgress (1): 1.7/1.9 MBProgress (1): 1.7/1.9 MBProgress (1): 1.7/1.9 MBProgress (1): 1.7/1.9 MBProgress (1): 1.7/1.9 MBProgress (1): 1.7/1.9 MBProgress (1): 1.7/1.9 MBProgress (1): 1.7/1.9 MBProgress (1): 1.7/1.9 MBProgress (1): 1.7/1.9 MBProgress (1): 1.7/1.9 MBProgress (1): 1.7/1.9 MBProgress (1): 1.7/1.9 MBProgress (1): 1.7/1.9 MBProgress (1): 1.7/1.9 MBProgress (1): 1.7/1.9 MBProgress (1): 1.7/1.9 MBProgress (1): 1.8/1.9 MBProgress (1): 1.8/1.9 MBProgress (1): 1.8/1.9 MBProgress (1): 1.8/1.9 MBProgress (1): 1.8/1.9 MBProgress (1): 1.8/1.9 MBProgress (1): 1.8/1.9 MBProgress (1): 1.8/1.9 MBProgress (1): 1.8/1.9 MBProgress (1): 1.8/1.9 MBProgress (1): 1.8/1.9 MBProgress (1): 1.8/1.9 MBProgress (1): 1.8/1.9 MBProgress (1): 1.8/1.9 MBProgress (1): 1.8/1.9 MBProgress (1): 1.8/1.9 MBProgress (1): 1.8/1.9 MBProgress (1): 1.8/1.9 MBProgress (1): 1.8/1.9 MBProgress (1): 1.8/1.9 MBProgress (1): 1.8/1.9 MBProgress (1): 1.8/1.9 MBProgress (1): 1.8/1.9 MBProgress (1): 1.8/1.9 MBProgress (1): 1.9/1.9 MBProgress (1): 1.9/1.9 MBProgress (1): 1.9/1.9 MBProgress (1): 1.9/1.9 MBProgress (1): 1.9/1.9 MBProgress (1): 1.9/1.9 MBProgress (1): 1.9/1.9 MBProgress (1): 1.9/1.9 MBProgress (1): 1.9/1.9 MBProgress (1): 1.9/1.9 MBProgress (1): 1.9/1.9 MBProgress (1): 1.9/1.9 MBProgress (1): 1.9/1.9 MBProgress (1): 1.9/1.9 MBProgress (1): 1.9/1.9 MBProgress (1): 1.9/1.9 MBProgress (1): 1.9/1.9 MBProgress (1): 1.9/1.9 MBProgress (1): 1.9/1.9 MBProgress (1): 1.9/1.9 MBProgress (1): 1.9/1.9 MBProgress (1): 1.9 MB                        Downloaded from central: https://repo.maven.apache.org/maven2/org/apache/ant/ant/1.8.2/ant-1.8.2.jar (1.9 MB at 9.1 MB/s)
[INFO] Executing tasks

main:
    [mkdir] Created dir: /workdir/hadoop-hdds/target/test-dir
[INFO] Executed tasks
[INFO] 
[INFO] --- maven-remote-resources-plugin:1.5:process (default) @ hadoop-hdds ---
[INFO] 
[INFO] ----------------< org.apache.hadoop:hadoop-hdds-config >----------------
[INFO] Building Apache Hadoop HDDS Config 0.4.1-SNAPSHOT                 [2/26]
[INFO] --------------------------------[ jar ]---------------------------------
[INFO] 
[INFO] --- maven-antrun-plugin:1.7:run (create-testdirs) @ hadoop-hdds-config ---
[INFO] Executing tasks

main:
    [mkdir] Created dir: /workdir/hadoop-hdds/config/target/test-dir
[INFO] Executed tasks
[INFO] 
[INFO] --- maven-remote-resources-plugin:1.5:process (default) @ hadoop-hdds-config ---
[INFO] 
[INFO] --- maven-resources-plugin:2.6:resources (default-resources) @ hadoop-hdds-config ---
[INFO] Using 'UTF-8' encoding to copy filtered resources.
[INFO] Copying 1 resource
[INFO] Copying 2 resources
[INFO] 
[INFO] --- maven-compiler-plugin:3.1:compile (default-compile) @ hadoop-hdds-config ---
[INFO] Compiling 8 source files to /workdir/hadoop-hdds/config/target/classes
[INFO] 
[INFO] --- maven-resources-plugin:2.6:testResources (default-testResources) @ hadoop-hdds-config ---
[INFO] Using 'UTF-8' encoding to copy filtered resources.
[INFO] skip non existing resourceDirectory /workdir/hadoop-hdds/config/src/test/resources
[INFO] Copying 2 resources
[INFO] 
[INFO] --- maven-compiler-plugin:3.1:testCompile (default-testCompile) @ hadoop-hdds-config ---
[INFO] Compiling 3 source files to /workdir/hadoop-hdds/config/target/test-classes
[INFO] 
[INFO] --- maven-surefire-plugin:3.0.0-M1:test (default-test) @ hadoop-hdds-config ---
Downloading from apache.snapshots.https: https://repository.apache.org/content/repositories/snapshots/org/apache/maven/surefire/surefire-junit4/3.0.0-M1/surefire-junit4-3.0.0-M1.jar
Downloading from central: https://repo.maven.apache.org/maven2/org/apache/maven/surefire/surefire-junit4/3.0.0-M1/surefire-junit4-3.0.0-M1.jar
Progress (1): 2.2/17 kBProgress (1): 5.0/17 kBProgress (1): 7.7/17 kBProgress (1): 10/17 kB Progress (1): 13/17 kBProgress (1): 16/17 kBProgress (1): 17 kB                      Downloaded from central: https://repo.maven.apache.org/maven2/org/apache/maven/surefire/surefire-junit4/3.0.0-M1/surefire-junit4-3.0.0-M1.jar (17 kB at 615 kB/s)
Downloading from apache.snapshots.https: https://repository.apache.org/content/repositories/snapshots/org/apache/maven/surefire/surefire-junit4/3.0.0-M1/surefire-junit4-3.0.0-M1.pom
Downloading from central: https://repo.maven.apache.org/maven2/org/apache/maven/surefire/surefire-junit4/3.0.0-M1/surefire-junit4-3.0.0-M1.pom
Progress (1): 1.7 kB                    Downloaded from central: https://repo.maven.apache.org/maven2/org/apache/maven/surefire/surefire-junit4/3.0.0-M1/surefire-junit4-3.0.0-M1.pom (1.7 kB at 83 kB/s)
Downloading from apache.snapshots.https: https://repository.apache.org/content/repositories/snapshots/org/apache/maven/surefire/surefire-providers/3.0.0-M1/surefire-providers-3.0.0-M1.pom
Downloading from central: https://repo.maven.apache.org/maven2/org/apache/maven/surefire/surefire-providers/3.0.0-M1/surefire-providers-3.0.0-M1.pom
Progress (1): 2.2/2.5 kBProgress (1): 2.5 kB                        Downloaded from central: https://repo.maven.apache.org/maven2/org/apache/maven/surefire/surefire-providers/3.0.0-M1/surefire-providers-3.0.0-M1.pom (2.5 kB at 121 kB/s)
Downloading from apache.snapshots.https: https://repository.apache.org/content/repositories/snapshots/org/apache/maven/surefire/common-junit4/3.0.0-M1/common-junit4-3.0.0-M1.pom
Downloading from central: https://repo.maven.apache.org/maven2/org/apache/maven/surefire/common-junit4/3.0.0-M1/common-junit4-3.0.0-M1.pom
Progress (1): 2.1 kB                    Downloaded from central: https://repo.maven.apache.org/maven2/org/apache/maven/surefire/common-junit4/3.0.0-M1/common-junit4-3.0.0-M1.pom (2.1 kB at 94 kB/s)
Downloading from apache.snapshots.https: https://repository.apache.org/content/repositories/snapshots/org/apache/maven/surefire/common-junit3/3.0.0-M1/common-junit3-3.0.0-M1.pom
Downloading from central: https://repo.maven.apache.org/maven2/org/apache/maven/surefire/common-junit3/3.0.0-M1/common-junit3-3.0.0-M1.pom
Progress (1): 1.6 kB                    Downloaded from central: https://repo.maven.apache.org/maven2/org/apache/maven/surefire/common-junit3/3.0.0-M1/common-junit3-3.0.0-M1.pom (1.6 kB at 75 kB/s)
Downloading from apache.snapshots.https: https://repository.apache.org/content/repositories/snapshots/org/apache/maven/surefire/common-java5/3.0.0-M1/common-java5-3.0.0-M1.pom
Downloading from central: https://repo.maven.apache.org/maven2/org/apache/maven/surefire/common-java5/3.0.0-M1/common-java5-3.0.0-M1.pom
Progress (1): 2.2/3.1 kBProgress (1): 3.1 kB                        Downloaded from central: https://repo.maven.apache.org/maven2/org/apache/maven/surefire/common-java5/3.0.0-M1/common-java5-3.0.0-M1.pom (3.1 kB at 146 kB/s)
Downloading from apache.snapshots.https: https://repository.apache.org/content/repositories/snapshots/org/apache/maven/surefire/common-junit3/3.0.0-M1/common-junit3-3.0.0-M1.jar
Downloading from apache.snapshots.https: https://repository.apache.org/content/repositories/snapshots/org/apache/maven/surefire/common-java5/3.0.0-M1/common-java5-3.0.0-M1.jar
Downloading from apache.snapshots.https: https://repository.apache.org/content/repositories/snapshots/org/apache/maven/surefire/common-junit4/3.0.0-M1/common-junit4-3.0.0-M1.jar
Downloading from central: https://repo.maven.apache.org/maven2/org/apache/maven/surefire/common-java5/3.0.0-M1/common-java5-3.0.0-M1.jar
Downloading from central: https://repo.maven.apache.org/maven2/org/apache/maven/surefire/common-junit4/3.0.0-M1/common-junit4-3.0.0-M1.jar
Downloading from central: https://repo.maven.apache.org/maven2/org/apache/maven/surefire/common-junit3/3.0.0-M1/common-junit3-3.0.0-M1.jar
Progress (1): 2.2/32 kBProgress (1): 5.0/32 kBProgress (1): 7.7/32 kBProgress (1): 10/32 kB Progress (1): 13/32 kBProgress (1): 16/32 kBProgress (1): 19/32 kBProgress (1): 21/32 kBProgress (1): 24/32 kBProgress (1): 27/32 kBProgress (1): 30/32 kBProgress (1): 32 kB   Progress (2): 32 kB | 2.2/12 kBProgress (2): 32 kB | 5.0/12 kBProgress (2): 32 kB | 7.7/12 kBProgress (2): 32 kB | 10/12 kB Progress (2): 32 kB | 12 kB   Progress (3): 32 kB | 12 kB | 2.2/28 kBProgress (3): 32 kB | 12 kB | 5.0/28 kBProgress (3): 32 kB | 12 kB | 7.7/28 kBProgress (3): 32 kB | 12 kB | 10/28 kB Progress (3): 32 kB | 12 kB | 13/28 kBProgress (3): 32 kB | 12 kB | 16/28 kBProgress (3): 32 kB | 12 kB | 19/28 kBProgress (3): 32 kB | 12 kB | 21/28 kBProgress (3): 32 kB | 12 kB | 24/28 kBProgress (3): 32 kB | 12 kB | 27/28 kBProgress (3): 32 kB | 12 kB | 28 kB                                      Downloaded from central: https://repo.maven.apache.org/maven2/org/apache/maven/surefire/common-java5/3.0.0-M1/common-java5-3.0.0-M1.jar (32 kB at 1.2 MB/s)
Downloaded from central: https://repo.maven.apache.org/maven2/org/apache/maven/surefire/common-junit3/3.0.0-M1/common-junit3-3.0.0-M1.jar (12 kB at 505 kB/s)
Downloaded from central: https://repo.maven.apache.org/maven2/org/apache/maven/surefire/common-junit4/3.0.0-M1/common-junit4-3.0.0-M1.jar (28 kB at 951 kB/s)
[INFO] 
[INFO] -------------------------------------------------------
[INFO]  T E S T S
[INFO] -------------------------------------------------------
[INFO] Running org.apache.hadoop.hdds.conf.TestConfigFileAppender
[INFO] Tests run: 1, Failures: 0, Errors: 0, Skipped: 0, Time elapsed: 0.14 s - in org.apache.hadoop.hdds.conf.TestConfigFileAppender
[INFO] 
[INFO] Results:
[INFO] 
[INFO] Tests run: 1, Failures: 0, Errors: 0, Skipped: 0
[INFO] 
[INFO] 
[INFO] ----------------< org.apache.hadoop:hadoop-hdds-common >----------------
[INFO] Building Apache Hadoop HDDS Common 0.4.1-SNAPSHOT                 [3/26]
[INFO] --------------------------------[ jar ]---------------------------------
Downloading from apache.snapshots.https: https://repository.apache.org/content/repositories/snapshots/io/jaegertracing/jaeger-client/0.33.1/jaeger-client-0.33.1.pom
Downloading from repository.jboss.org: http://repository.jboss.org/nexus/content/groups/public/io/jaegertracing/jaeger-client/0.33.1/jaeger-client-0.33.1.pom
Downloading from central: https://repo.maven.apache.org/maven2/io/jaegertracing/jaeger-client/0.33.1/jaeger-client-0.33.1.pom
Progress (1): 2.0 kB                    Downloaded from central: https://repo.maven.apache.org/maven2/io/jaegertracing/jaeger-client/0.33.1/jaeger-client-0.33.1.pom (2.0 kB at 88 kB/s)
Downloading from apache.snapshots.https: https://repository.apache.org/content/repositories/snapshots/io/jaegertracing/jaeger-thrift/0.33.1/jaeger-thrift-0.33.1.pom
Downloading from repository.jboss.org: http://repository.jboss.org/nexus/content/groups/public/io/jaegertracing/jaeger-thrift/0.33.1/jaeger-thrift-0.33.1.pom
Downloading from central: https://repo.maven.apache.org/maven2/io/jaegertracing/jaeger-thrift/0.33.1/jaeger-thrift-0.33.1.pom
Progress (1): 2.2/2.8 kBProgress (1): 2.8 kB                        Downloaded from central: https://repo.maven.apache.org/maven2/io/jaegertracing/jaeger-thrift/0.33.1/jaeger-thrift-0.33.1.pom (2.8 kB at 146 kB/s)
Downloading from apache.snapshots.https: https://repository.apache.org/content/repositories/snapshots/io/jaegertracing/jaeger-core/0.33.1/jaeger-core-0.33.1.pom
Downloading from repository.jboss.org: http://repository.jboss.org/nexus/content/groups/public/io/jaegertracing/jaeger-core/0.33.1/jaeger-core-0.33.1.pom
Downloading from central: https://repo.maven.apache.org/maven2/io/jaegertracing/jaeger-core/0.33.1/jaeger-core-0.33.1.pom
Progress (1): 2.2/3.3 kBProgress (1): 3.3 kB                        Downloaded from central: https://repo.maven.apache.org/maven2/io/jaegertracing/jaeger-core/0.33.1/jaeger-core-0.33.1.pom (3.3 kB at 158 kB/s)
Downloading from apache.snapshots.https: https://repository.apache.org/content/repositories/snapshots/org/apache/thrift/libthrift/0.11.0/libthrift-0.11.0.pom
Downloading from repository.jboss.org: http://repository.jboss.org/nexus/content/groups/public/org/apache/thrift/libthrift/0.11.0/libthrift-0.11.0.pom
Downloading from central: https://repo.maven.apache.org/maven2/org/apache/thrift/libthrift/0.11.0/libthrift-0.11.0.pom
Progress (1): 2.2/3.3 kBProgress (1): 3.3 kB                        Downloaded from central: https://repo.maven.apache.org/maven2/org/apache/thrift/libthrift/0.11.0/libthrift-0.11.0.pom (3.3 kB at 152 kB/s)
Downloading from apache.snapshots.https: https://repository.apache.org/content/repositories/snapshots/io/jaegertracing/jaeger-tracerresolver/0.33.1/jaeger-tracerresolver-0.33.1.pom
Downloading from repository.jboss.org: http://repository.jboss.org/nexus/content/groups/public/io/jaegertracing/jaeger-tracerresolver/0.33.1/jaeger-tracerresolver-0.33.1.pom
Downloading from central: https://repo.maven.apache.org/maven2/io/jaegertracing/jaeger-tracerresolver/0.33.1/jaeger-tracerresolver-0.33.1.pom
Progress (1): 1.9 kB                    Downloaded from central: https://repo.maven.apache.org/maven2/io/jaegertracing/jaeger-tracerresolver/0.33.1/jaeger-tracerresolver-0.33.1.pom (1.9 kB at 81 kB/s)
Downloading from apache.snapshots.https: https://repository.apache.org/content/repositories/snapshots/io/jaegertracing/jaeger-client/0.33.1/jaeger-client-0.33.1.jar
Downloading from apache.snapshots.https: https://repository.apache.org/content/repositories/snapshots/io/jaegertracing/jaeger-tracerresolver/0.33.1/jaeger-tracerresolver-0.33.1.jar
Downloading from apache.snapshots.https: https://repository.apache.org/content/repositories/snapshots/io/jaegertracing/jaeger-core/0.33.1/jaeger-core-0.33.1.jar
Downloading from apache.snapshots.https: https://repository.apache.org/content/repositories/snapshots/org/apache/thrift/libthrift/0.11.0/libthrift-0.11.0.jar
Downloading from apache.snapshots.https: https://repository.apache.org/content/repositories/snapshots/io/jaegertracing/jaeger-thrift/0.33.1/jaeger-thrift-0.33.1.jar
Downloading from repository.jboss.org: http://repository.jboss.org/nexus/content/groups/public/io/jaegertracing/jaeger-client/0.33.1/jaeger-client-0.33.1.jar
Downloading from repository.jboss.org: http://repository.jboss.org/nexus/content/groups/public/org/apache/thrift/libthrift/0.11.0/libthrift-0.11.0.jar
Downloading from repository.jboss.org: http://repository.jboss.org/nexus/content/groups/public/io/jaegertracing/jaeger-tracerresolver/0.33.1/jaeger-tracerresolver-0.33.1.jar
Downloading from repository.jboss.org: http://repository.jboss.org/nexus/content/groups/public/io/jaegertracing/jaeger-core/0.33.1/jaeger-core-0.33.1.jar
Downloading from repository.jboss.org: http://repository.jboss.org/nexus/content/groups/public/io/jaegertracing/jaeger-thrift/0.33.1/jaeger-thrift-0.33.1.jar
Downloading from central: https://repo.maven.apache.org/maven2/io/jaegertracing/jaeger-client/0.33.1/jaeger-client-0.33.1.jar
Downloading from central: https://repo.maven.apache.org/maven2/io/jaegertracing/jaeger-thrift/0.33.1/jaeger-thrift-0.33.1.jar
Downloading from central: https://repo.maven.apache.org/maven2/io/jaegertracing/jaeger-tracerresolver/0.33.1/jaeger-tracerresolver-0.33.1.jar
Downloading from central: https://repo.maven.apache.org/maven2/io/jaegertracing/jaeger-core/0.33.1/jaeger-core-0.33.1.jar
Downloading from central: https://repo.maven.apache.org/maven2/org/apache/thrift/libthrift/0.11.0/libthrift-0.11.0.jar
Progress (1): 1.1 kBProgress (2): 1.1 kB | 2.2/2.6 kBProgress (2): 1.1 kB | 2.6 kB    Progress (3): 1.1 kB | 2.6 kB | 2.2/239 kBProgress (4): 1.1 kB | 2.6 kB | 2.2/239 kB | 2.2/697 kBProgress (4): 1.1 kB | 2.6 kB | 5.0/239 kB | 2.2/697 kBProgress (4): 1.1 kB | 2.6 kB | 7.7/239 kB | 2.2/697 kBProgress (4): 1.1 kB | 2.6 kB | 7.7/239 kB | 5.0/697 kBProgress (4): 1.1 kB | 2.6 kB | 10/239 kB | 5.0/697 kB Progress (4): 1.1 kB | 2.6 kB | 10/239 kB | 7.7/697 kBProgress (4): 1.1 kB | 2.6 kB | 13/239 kB | 7.7/697 kBProgress (4): 1.1 kB | 2.6 kB | 13/239 kB | 10/697 kB Progress (4): 1.1 kB | 2.6 kB | 16/239 kB | 10/697 kBProgress (4): 1.1 kB | 2.6 kB | 16/239 kB | 13/697 kBProgress (4): 1.1 kB | 2.6 kB | 19/239 kB | 13/697 kBProgress (4): 1.1 kB | 2.6 kB | 19/239 kB | 16/697 kB                                                     Downloaded from central: https://repo.maven.apache.org/maven2/io/jaegertracing/jaeger-client/0.33.1/jaeger-client-0.33.1.jar (1.1 kB at 49 kB/s)
Progress (3): 2.6 kB | 19/239 kB | 19/697 kBProgress (3): 2.6 kB | 21/239 kB | 19/697 kBProgress (3): 2.6 kB | 24/239 kB | 19/697 kBProgress (3): 2.6 kB | 24/239 kB | 21/697 kBProgress (3): 2.6 kB | 27/239 kB | 21/697 kBProgress (3): 2.6 kB | 27/239 kB | 24/697 kBProgress (3): 2.6 kB | 30/239 kB | 24/697 kBProgress (3): 2.6 kB | 30/239 kB | 27/697 kBProgress (3): 2.6 kB | 32/239 kB | 27/697 kBProgress (4): 2.6 kB | 32/239 kB | 27/697 kB | 2.2/130 kB                                                         Downloaded from central: https://repo.maven.apache.org/maven2/io/jaegertracing/jaeger-tracerresolver/0.33.1/jaeger-tracerresolver-0.33.1.jar (2.6 kB at 103 kB/s)
Progress (3): 36/239 kB | 27/697 kB | 2.2/130 kBProgress (3): 36/239 kB | 27/697 kB | 5.0/130 kBProgress (3): 36/239 kB | 30/697 kB | 5.0/130 kBProgress (3): 36/239 kB | 30/697 kB | 7.7/130 kBProgress (3): 36/239 kB | 32/697 kB | 7.7/130 kBProgress (3): 40/239 kB | 32/697 kB | 7.7/130 kBProgress (3): 40/239 kB | 32/697 kB | 10/130 kB Progress (3): 45/239 kB | 32/697 kB | 10/130 kBProgress (3): 45/239 kB | 36/697 kB | 10/130 kBProgress (3): 45/239 kB | 36/697 kB | 13/130 kBProgress (3): 45/239 kB | 40/697 kB | 13/130 kBProgress (3): 49/239 kB | 40/697 kB | 13/130 kBProgress (3): 49/239 kB | 45/697 kB | 13/130 kBProgress (3): 49/239 kB | 45/697 kB | 16/130 kBProgress (3): 49/239 kB | 49/697 kB | 16/130 kBProgress (3): 49/239 kB | 49/697 kB | 19/130 kBProgress (3): 53/239 kB | 49/697 kB | 19/130 kBProgress (3): 53/239 kB | 49/697 kB | 21/130 kBProgress (3): 57/239 kB | 49/697 kB | 21/130 kBProgress (3): 57/239 kB | 49/697 kB | 24/130 kBProgress (3): 57/239 kB | 53/697 kB | 24/130 kBProgress (3): 57/239 kB | 53/697 kB | 27/130 kBProgress (3): 61/239 kB | 53/697 kB | 27/130 kBProgress (3): 61/239 kB | 53/697 kB | 30/130 kBProgress (3): 61/239 kB | 57/697 kB | 30/130 kBProgress (3): 61/239 kB | 57/697 kB | 32/130 kBProgress (3): 65/239 kB | 57/697 kB | 32/130 kBProgress (3): 65/239 kB | 61/697 kB | 32/130 kBProgress (3): 65/239 kB | 65/697 kB | 32/130 kBProgress (3): 65/239 kB | 65/697 kB | 36/130 kBProgress (3): 65/239 kB | 65/697 kB | 40/130 kBProgress (3): 69/239 kB | 65/697 kB | 40/130 kBProgress (3): 69/239 kB | 65/697 kB | 45/130 kBProgress (3): 73/239 kB | 65/697 kB | 45/130 kBProgress (3): 73/239 kB | 69/697 kB | 45/130 kBProgress (3): 77/239 kB | 69/697 kB | 45/130 kBProgress (3): 77/239 kB | 69/697 kB | 49/130 kBProgress (3): 81/239 kB | 69/697 kB | 49/130 kBProgress (3): 81/239 kB | 73/697 kB | 49/130 kBProgress (3): 81/239 kB | 77/697 kB | 49/130 kBProgress (3): 81/239 kB | 77/697 kB | 53/130 kBProgress (3): 85/239 kB | 77/697 kB | 53/130 kBProgress (3): 85/239 kB | 81/697 kB | 53/130 kBProgress (3): 90/239 kB | 81/697 kB | 53/130 kBProgress (3): 90/239 kB | 81/697 kB | 57/130 kBProgress (3): 94/239 kB | 81/697 kB | 57/130 kBProgress (3): 94/239 kB | 85/697 kB | 57/130 kBProgress (3): 94/239 kB | 85/697 kB | 61/130 kBProgress (3): 94/239 kB | 90/697 kB | 61/130 kBProgress (3): 98/239 kB | 90/697 kB | 61/130 kBProgress (3): 98/239 kB | 94/697 kB | 61/130 kBProgress (3): 98/239 kB | 94/697 kB | 65/130 kBProgress (3): 98/239 kB | 98/697 kB | 65/130 kBProgress (3): 102/239 kB | 98/697 kB | 65/130 kBProgress (3): 106/239 kB | 98/697 kB | 65/130 kBProgress (3): 106/239 kB | 102/697 kB | 65/130 kBProgress (3): 106/239 kB | 102/697 kB | 69/130 kBProgress (3): 106/239 kB | 106/697 kB | 69/130 kBProgress (3): 110/239 kB | 106/697 kB | 69/130 kBProgress (3): 110/239 kB | 110/697 kB | 69/130 kBProgress (3): 110/239 kB | 110/697 kB | 73/130 kBProgress (3): 110/239 kB | 114/697 kB | 73/130 kBProgress (3): 114/239 kB | 114/697 kB | 73/130 kBProgress (3): 114/239 kB | 114/697 kB | 77/130 kBProgress (3): 114/239 kB | 114/697 kB | 81/130 kBProgress (3): 114/239 kB | 118/697 kB | 81/130 kBProgress (3): 118/239 kB | 118/697 kB | 81/130 kBProgress (3): 118/239 kB | 122/697 kB | 81/130 kBProgress (3): 122/239 kB | 122/697 kB | 81/130 kBProgress (3): 122/239 kB | 126/697 kB | 81/130 kBProgress (3): 122/239 kB | 126/697 kB | 85/130 kBProgress (3): 126/239 kB | 126/697 kB | 85/130 kBProgress (3): 126/239 kB | 126/697 kB | 90/130 kBProgress (3): 126/239 kB | 131/697 kB | 90/130 kBProgress (3): 126/239 kB | 131/697 kB | 94/130 kBProgress (3): 131/239 kB | 131/697 kB | 94/130 kBProgress (3): 131/239 kB | 131/697 kB | 98/130 kBProgress (3): 131/239 kB | 135/697 kB | 98/130 kBProgress (3): 135/239 kB | 135/697 kB | 98/130 kBProgress (3): 135/239 kB | 139/697 kB | 98/130 kBProgress (3): 135/239 kB | 139/697 kB | 102/130 kBProgress (3): 139/239 kB | 139/697 kB | 102/130 kBProgress (3): 139/239 kB | 139/697 kB | 106/130 kBProgress (3): 139/239 kB | 143/697 kB | 106/130 kBProgress (3): 139/239 kB | 143/697 kB | 110/130 kBProgress (3): 143/239 kB | 143/697 kB | 110/130 kBProgress (3): 143/239 kB | 143/697 kB | 114/130 kBProgress (3): 143/239 kB | 147/697 kB | 114/130 kBProgress (3): 147/239 kB | 147/697 kB | 114/130 kBProgress (3): 147/239 kB | 147/697 kB | 118/130 kBProgress (3): 151/239 kB | 147/697 kB | 118/130 kBProgress (3): 151/239 kB | 151/697 kB | 118/130 kBProgress (3): 151/239 kB | 151/697 kB | 122/130 kBProgress (3): 151/239 kB | 155/697 kB | 122/130 kBProgress (3): 155/239 kB | 155/697 kB | 122/130 kBProgress (3): 155/239 kB | 159/697 kB | 122/130 kBProgress (3): 155/239 kB | 159/697 kB | 126/130 kBProgress (3): 155/239 kB | 163/697 kB | 126/130 kBProgress (3): 159/239 kB | 163/697 kB | 126/130 kBProgress (3): 159/239 kB | 163/697 kB | 130 kB    Progress (3): 163/239 kB | 163/697 kB | 130 kBProgress (3): 163/239 kB | 167/697 kB | 130 kBProgress (3): 167/239 kB | 167/697 kB | 130 kBProgress (3): 167/239 kB | 171/697 kB | 130 kBProgress (3): 171/239 kB | 171/697 kB | 130 kBProgress (3): 171/239 kB | 176/697 kB | 130 kBProgress (3): 176/239 kB | 176/697 kB | 130 kBProgress (3): 176/239 kB | 180/697 kB | 130 kBProgress (3): 180/239 kB | 180/697 kB | 130 kBProgress (3): 180/239 kB | 184/697 kB | 130 kBProgress (3): 180/239 kB | 188/697 kB | 130 kBProgress (3): 184/239 kB | 188/697 kB | 130 kBProgress (3): 184/239 kB | 192/697 kB | 130 kBProgress (3): 188/239 kB | 192/697 kB | 130 kBProgress (3): 188/239 kB | 196/697 kB | 130 kBProgress (3): 192/239 kB | 196/697 kB | 130 kBProgress (3): 196/239 kB | 196/697 kB | 130 kBProgress (3): 196/239 kB | 200/697 kB | 130 kBProgress (3): 196/239 kB | 204/697 kB | 130 kBProgress (3): 196/239 kB | 208/697 kB | 130 kBProgress (3): 200/239 kB | 208/697 kB | 130 kBProgress (3): 200/239 kB | 212/697 kB | 130 kBProgress (3): 204/239 kB | 212/697 kB | 130 kBProgress (3): 208/239 kB | 212/697 kB | 130 kBProgress (3): 212/239 kB | 212/697 kB | 130 kBProgress (3): 212/239 kB | 217/697 kB | 130 kBProgress (3): 212/239 kB | 221/697 kB | 130 kBProgress (3): 212/239 kB | 225/697 kB | 130 kBProgress (3): 217/239 kB | 225/697 kB | 130 kBProgress (3): 217/239 kB | 229/697 kB | 130 kBProgress (3): 221/239 kB | 229/697 kB | 130 kBProgress (3): 225/239 kB | 229/697 kB | 130 kBProgress (3): 229/239 kB | 229/697 kB | 130 kBProgress (3): 229/239 kB | 233/697 kB | 130 kBProgress (3): 229/239 kB | 237/697 kB | 130 kBProgress (3): 233/239 kB | 237/697 kB | 130 kBProgress (3): 233/239 kB | 241/697 kB | 130 kBProgress (3): 237/239 kB | 241/697 kB | 130 kBProgress (3): 237/239 kB | 245/697 kB | 130 kB                                              Downloaded from central: https://repo.maven.apache.org/maven2/io/jaegertracing/jaeger-core/0.33.1/jaeger-core-0.33.1.jar (130 kB at 2.0 MB/s)
Progress (2): 239 kB | 245/697 kBProgress (2): 239 kB | 249/697 kBProgress (2): 239 kB | 253/697 kBProgress (2): 239 kB | 258/697 kBProgress (2): 239 kB | 262/697 kBProgress (2): 239 kB | 266/697 kBProgress (2): 239 kB | 270/697 kBProgress (2): 239 kB | 274/697 kBProgress (2): 239 kB | 278/697 kBProgress (2): 239 kB | 282/697 kBProgress (2): 239 kB | 286/697 kBProgress (2): 239 kB | 290/697 kBProgress (2): 239 kB | 294/697 kBProgress (2): 239 kB | 298/697 kBProgress (2): 239 kB | 303/697 kBProgress (2): 239 kB | 307/697 kBProgress (2): 239 kB | 311/697 kBProgress (2): 239 kB | 315/697 kBProgress (2): 239 kB | 319/697 kBProgress (2): 239 kB | 323/697 kBProgress (2): 239 kB | 327/697 kBProgress (2): 239 kB | 331/697 kBProgress (2): 239 kB | 335/697 kBProgress (2): 239 kB | 339/697 kBProgress (2): 239 kB | 344/697 kBProgress (2): 239 kB | 348/697 kBProgress (2): 239 kB | 352/697 kBProgress (2): 239 kB | 356/697 kBProgress (2): 239 kB | 360/697 kB                                 Downloaded from central: https://repo.maven.apache.org/maven2/org/apache/thrift/libthrift/0.11.0/libthrift-0.11.0.jar (239 kB at 3.1 MB/s)
Progress (1): 364/697 kBProgress (1): 368/697 kBProgress (1): 372/697 kBProgress (1): 376/697 kBProgress (1): 380/697 kBProgress (1): 384/697 kBProgress (1): 389/697 kBProgress (1): 393/697 kBProgress (1): 397/697 kBProgress (1): 401/697 kBProgress (1): 405/697 kBProgress (1): 409/697 kBProgress (1): 413/697 kBProgress (1): 417/697 kBProgress (1): 421/697 kBProgress (1): 425/697 kBProgress (1): 430/697 kBProgress (1): 434/697 kBProgress (1): 438/697 kBProgress (1): 442/697 kBProgress (1): 446/697 kBProgress (1): 450/697 kBProgress (1): 454/697 kBProgress (1): 458/697 kBProgress (1): 462/697 kBProgress (1): 466/697 kBProgress (1): 471/697 kBProgress (1): 475/697 kBProgress (1): 479/697 kBProgress (1): 483/697 kBProgress (1): 487/697 kBProgress (1): 491/697 kBProgress (1): 495/697 kBProgress (1): 499/697 kBProgress (1): 503/697 kBProgress (1): 507/697 kBProgress (1): 511/697 kBProgress (1): 516/697 kBProgress (1): 520/697 kBProgress (1): 524/697 kBProgress (1): 528/697 kBProgress (1): 532/697 kBProgress (1): 536/697 kBProgress (1): 540/697 kBProgress (1): 544/697 kBProgress (1): 548/697 kBProgress (1): 552/697 kBProgress (1): 557/697 kBProgress (1): 561/697 kBProgress (1): 565/697 kBProgress (1): 569/697 kBProgress (1): 573/697 kBProgress (1): 577/697 kBProgress (1): 581/697 kBProgress (1): 585/697 kBProgress (1): 589/697 kBProgress (1): 593/697 kBProgress (1): 597/697 kBProgress (1): 602/697 kBProgress (1): 606/697 kBProgress (1): 610/697 kBProgress (1): 614/697 kBProgress (1): 618/697 kBProgress (1): 622/697 kBProgress (1): 626/697 kBProgress (1): 630/697 kBProgress (1): 634/697 kBProgress (1): 638/697 kBProgress (1): 643/697 kBProgress (1): 647/697 kBProgress (1): 651/697 kBProgress (1): 655/697 kBProgress (1): 659/697 kBProgress (1): 663/697 kBProgress (1): 667/697 kBProgress (1): 671/697 kBProgress (1): 675/697 kBProgress (1): 679/697 kBProgress (1): 683/697 kBProgress (1): 688/697 kBProgress (1): 692/697 kBProgress (1): 696/697 kBProgress (1): 697 kB                        Downloaded from central: https://repo.maven.apache.org/maven2/io/jaegertracing/jaeger-thrift/0.33.1/jaeger-thrift-0.33.1.jar (697 kB at 6.1 MB/s)
[INFO] 
[INFO] --- maven-antrun-plugin:1.7:run (create-testdirs) @ hadoop-hdds-common ---
[INFO] Executing tasks

main:
    [mkdir] Created dir: /workdir/hadoop-hdds/common/target/test-dir
[INFO] Executed tasks
[INFO] 
[INFO] --- hadoop-maven-plugins:3.2.0:protoc (compile-protoc) @ hadoop-hdds-common ---
[INFO] Wrote protoc checksums to file /workdir/hadoop-hdds/common/target/hadoop-maven-plugins-protoc-checksums.json
[INFO] 
[INFO] --- protobuf-maven-plugin:0.5.1:compile (compile-protoc) @ hadoop-hdds-common ---
[INFO] Compiling 1 proto file(s) to /workdir/hadoop-hdds/common/target/generated-sources/java
[INFO] 
[INFO] --- protobuf-maven-plugin:0.5.1:compile-custom (compile-protoc) @ hadoop-hdds-common ---
[INFO] Compiling 1 proto file(s) to /workdir/hadoop-hdds/common/target/generated-sources/java
[INFO] 
[INFO] --- maven-antrun-plugin:1.7:run (default) @ hadoop-hdds-common ---
[WARNING] Parameter tasks is deprecated, use target instead
[INFO] Executing tasks

main:
[INFO] Executed tasks
[INFO] 
[INFO] --- hadoop-maven-plugins:3.2.0:version-info (version-info) @ hadoop-hdds-common ---
[INFO] SCM: GIT
[INFO] Computed MD5: 2d5662ecfec22045801cc162a8d1ea56
[INFO] 
[INFO] --- maven-remote-resources-plugin:1.5:process (default) @ hadoop-hdds-common ---
[INFO] 
[INFO] --- maven-resources-plugin:2.6:resources (default-resources) @ hadoop-hdds-common ---
[INFO] Using 'UTF-8' encoding to copy filtered resources.
[INFO] Copying 4 resources
[INFO] Copying 1 resource
[INFO] Copying 1 resource
[INFO] Copying 1 resource
[INFO] Copying 2 resources
[INFO] 
[INFO] --- maven-compiler-plugin:3.1:compile (default-compile) @ hadoop-hdds-common ---
[INFO] Compiling 234 source files to /workdir/hadoop-hdds/common/target/classes
[WARNING] /workdir/hadoop-hdds/common/src/main/java/org/apache/hadoop/utils/MetadataStoreBuilder.java: Some input files use or override a deprecated API.
[WARNING] /workdir/hadoop-hdds/common/src/main/java/org/apache/hadoop/utils/MetadataStoreBuilder.java: Recompile with -Xlint:deprecation for details.
[WARNING] /workdir/hadoop-hdds/common/src/main/java/org/apache/hadoop/utils/db/TypedTable.java: Some input files use unchecked or unsafe operations.
[WARNING] /workdir/hadoop-hdds/common/src/main/java/org/apache/hadoop/utils/db/TypedTable.java: Recompile with -Xlint:unchecked for details.
[INFO] 
[INFO] --- protobuf-maven-plugin:0.5.1:test-compile (compile-protoc) @ hadoop-hdds-common ---
[INFO] /workdir/hadoop-hdds/common/src/test/proto does not exist. Review the configuration or consider disabling the plugin.
[INFO] 
[INFO] --- protobuf-maven-plugin:0.5.1:test-compile-custom (compile-protoc) @ hadoop-hdds-common ---
[INFO] /workdir/hadoop-hdds/common/src/test/proto does not exist. Review the configuration or consider disabling the plugin.
[INFO] 
[INFO] --- maven-resources-plugin:2.6:testResources (default-testResources) @ hadoop-hdds-common ---
[INFO] Using 'UTF-8' encoding to copy filtered resources.
[INFO] Copying 20 resources
[INFO] Copying 2 resources
[INFO] 
[INFO] --- maven-compiler-plugin:3.1:testCompile (default-testCompile) @ hadoop-hdds-common ---
[INFO] Compiling 54 source files to /workdir/hadoop-hdds/common/target/test-classes
[WARNING] /workdir/hadoop-hdds/common/src/test/java/org/apache/hadoop/utils/db/TestRDBStore.java: Some input files use unchecked or unsafe operations.
[WARNING] /workdir/hadoop-hdds/common/src/test/java/org/apache/hadoop/utils/db/TestRDBStore.java: Recompile with -Xlint:unchecked for details.
[INFO] 
[INFO] --- maven-surefire-plugin:3.0.0-M1:test (default-test) @ hadoop-hdds-common ---
[INFO] 
[INFO] -------------------------------------------------------
[INFO]  T E S T S
[INFO] -------------------------------------------------------
[INFO] Running org.apache.hadoop.utils.TestHddsIdFactory
[INFO] Tests run: 1, Failures: 0, Errors: 0, Skipped: 0, Time elapsed: 0.101 s - in org.apache.hadoop.utils.TestHddsIdFactory
[INFO] Running org.apache.hadoop.utils.TestRocksDBStoreMBean
[INFO] Tests run: 3, Failures: 0, Errors: 0, Skipped: 0, Time elapsed: 5.083 s - in org.apache.hadoop.utils.TestRocksDBStoreMBean
[INFO] Running org.apache.hadoop.utils.db.TestRDBTableStore
[INFO] Tests run: 8, Failures: 0, Errors: 0, Skipped: 0, Time elapsed: 4.453 s - in org.apache.hadoop.utils.db.TestRDBTableStore
[INFO] Running org.apache.hadoop.utils.db.TestRDBStore
[INFO] Tests run: 11, Failures: 0, Errors: 0, Skipped: 0, Time elapsed: 10.919 s - in org.apache.hadoop.utils.db.TestRDBStore
[INFO] Running org.apache.hadoop.utils.db.cache.TestTableCacheImpl
[INFO] Tests run: 4, Failures: 0, Errors: 0, Skipped: 0, Time elapsed: 2.115 s - in org.apache.hadoop.utils.db.cache.TestTableCacheImpl
[INFO] Running org.apache.hadoop.utils.db.TestTypedRDBTableStore
[INFO] Tests run: 10, Failures: 0, Errors: 0, Skipped: 0, Time elapsed: 7.428 s - in org.apache.hadoop.utils.db.TestTypedRDBTableStore
[INFO] Running org.apache.hadoop.utils.db.TestDBConfigFromFile
[INFO] Tests run: 2, Failures: 0, Errors: 0, Skipped: 0, Time elapsed: 0.274 s - in org.apache.hadoop.utils.db.TestDBConfigFromFile
[INFO] Running org.apache.hadoop.utils.db.TestDBStoreBuilder
[INFO] Tests run: 7, Failures: 0, Errors: 0, Skipped: 0, Time elapsed: 1.15 s - in org.apache.hadoop.utils.db.TestDBStoreBuilder
[INFO] Running org.apache.hadoop.utils.TestRetriableTask
[INFO] Tests run: 3, Failures: 0, Errors: 0, Skipped: 0, Time elapsed: 0.112 s - in org.apache.hadoop.utils.TestRetriableTask
[INFO] Running org.apache.hadoop.utils.TestMetadataStore
[INFO] Tests run: 26, Failures: 0, Errors: 0, Skipped: 0, Time elapsed: 5.949 s - in org.apache.hadoop.utils.TestMetadataStore
[INFO] Running org.apache.hadoop.ozone.common.TestStateMachine
[INFO] Tests run: 1, Failures: 0, Errors: 0, Skipped: 0, Time elapsed: 0.141 s - in org.apache.hadoop.ozone.common.TestStateMachine
[INFO] Running org.apache.hadoop.ozone.common.TestChecksum
[INFO] Tests run: 3, Failures: 0, Errors: 0, Skipped: 0, Time elapsed: 0.159 s - in org.apache.hadoop.ozone.common.TestChecksum
[INFO] Running org.apache.hadoop.ozone.lock.TestLockManager
[INFO] Tests run: 2, Failures: 0, Errors: 0, Skipped: 0, Time elapsed: 0.629 s - in org.apache.hadoop.ozone.lock.TestLockManager
[INFO] Running org.apache.hadoop.ozone.lease.TestLeaseManager
[INFO] Tests run: 10, Failures: 0, Errors: 0, Skipped: 0, Time elapsed: 23.164 s - in org.apache.hadoop.ozone.lease.TestLeaseManager
[INFO] Running org.apache.hadoop.ozone.audit.TestOzoneAuditLogger
[INFO] Tests run: 3, Failures: 0, Errors: 0, Skipped: 0, Time elapsed: 0.594 s - in org.apache.hadoop.ozone.audit.TestOzoneAuditLogger
[INFO] Running org.apache.hadoop.hdds.scm.net.TestNodeSchemaLoader
[INFO] Tests run: 28, Failures: 0, Errors: 0, Skipped: 0, Time elapsed: 0.283 s - in org.apache.hadoop.hdds.scm.net.TestNodeSchemaLoader
[INFO] Running org.apache.hadoop.hdds.scm.net.TestYamlSchemaLoader
[INFO] Tests run: 4, Failures: 0, Errors: 0, Skipped: 0, Time elapsed: 0.242 s - in org.apache.hadoop.hdds.scm.net.TestYamlSchemaLoader
[INFO] Running org.apache.hadoop.hdds.scm.net.TestNetworkTopologyImpl
[WARNING] Tests run: 75, Failures: 0, Errors: 0, Skipped: 1, Time elapsed: 3.101 s - in org.apache.hadoop.hdds.scm.net.TestNetworkTopologyImpl
[INFO] Running org.apache.hadoop.hdds.scm.net.TestNodeSchemaManager
[INFO] Tests run: 5, Failures: 0, Errors: 0, Skipped: 0, Time elapsed: 0.306 s - in org.apache.hadoop.hdds.scm.net.TestNodeSchemaManager
[INFO] Running org.apache.hadoop.hdds.scm.exceptions.TestSCMExceptionResultCodes
[INFO] Tests run: 1, Failures: 0, Errors: 0, Skipped: 0, Time elapsed: 0.086 s - in org.apache.hadoop.hdds.scm.exceptions.TestSCMExceptionResultCodes
[INFO] Running org.apache.hadoop.hdds.conf.TestOzoneConfiguration
[INFO] Tests run: 3, Failures: 0, Errors: 0, Skipped: 0, Time elapsed: 0.524 s - in org.apache.hadoop.hdds.conf.TestOzoneConfiguration
[INFO] Running org.apache.hadoop.hdds.security.x509.certificates.TestCertificateSignRequest
[INFO] Tests run: 4, Failures: 0, Errors: 0, Skipped: 0, Time elapsed: 2.25 s - in org.apache.hadoop.hdds.security.x509.certificates.TestCertificateSignRequest
[INFO] Running org.apache.hadoop.hdds.security.x509.certificates.TestRootCertificate
[INFO] Tests run: 3, Failures: 0, Errors: 0, Skipped: 0, Time elapsed: 2.19 s - in org.apache.hadoop.hdds.security.x509.certificates.TestRootCertificate
[INFO] Running org.apache.hadoop.hdds.security.x509.keys.TestHDDSKeyGenerator
[INFO] Tests run: 2, Failures: 0, Errors: 0, Skipped: 0, Time elapsed: 2.782 s - in org.apache.hadoop.hdds.security.x509.keys.TestHDDSKeyGenerator
[INFO] Running org.apache.hadoop.hdds.security.x509.keys.TestKeyCodec
[INFO] Tests run: 4, Failures: 0, Errors: 0, Skipped: 0, Time elapsed: 1.987 s - in org.apache.hadoop.hdds.security.x509.keys.TestKeyCodec
[INFO] Running org.apache.hadoop.hdds.security.x509.certificate.authority.TestDefaultCAServer
[INFO] Tests run: 6, Failures: 0, Errors: 0, Skipped: 0, Time elapsed: 3.459 s - in org.apache.hadoop.hdds.security.x509.certificate.authority.TestDefaultCAServer
[INFO] Running org.apache.hadoop.hdds.security.x509.certificate.authority.TestDefaultProfile
[INFO] Tests run: 10, Failures: 0, Errors: 0, Skipped: 0, Time elapsed: 4.394 s - in org.apache.hadoop.hdds.security.x509.certificate.authority.TestDefaultProfile
[INFO] Running org.apache.hadoop.hdds.security.x509.certificate.utils.TestCertificateCodec
[INFO] Tests run: 4, Failures: 0, Errors: 0, Skipped: 0, Time elapsed: 2.588 s - in org.apache.hadoop.hdds.security.x509.certificate.utils.TestCertificateCodec
[INFO] Running org.apache.hadoop.hdds.security.x509.certificate.client.TestDefaultCertificateClient
[INFO] Tests run: 9, Failures: 0, Errors: 0, Skipped: 0, Time elapsed: 9.951 s - in org.apache.hadoop.hdds.security.x509.certificate.client.TestDefaultCertificateClient
[INFO] Running org.apache.hadoop.hdds.security.x509.certificate.client.TestCertificateClientInit
[INFO] Tests run: 16, Failures: 0, Errors: 0, Skipped: 0, Time elapsed: 5.213 s - in org.apache.hadoop.hdds.security.x509.certificate.client.TestCertificateClientInit
[INFO] Running org.apache.hadoop.hdds.security.token.TestOzoneBlockTokenIdentifier
[INFO] Tests run: 4, Failures: 0, Errors: 0, Skipped: 0, Time elapsed: 1.629 s - in org.apache.hadoop.hdds.security.token.TestOzoneBlockTokenIdentifier
[INFO] Running org.apache.hadoop.hdds.TestHddsUtils
[INFO] Tests run: 1, Failures: 0, Errors: 0, Skipped: 0, Time elapsed: 0.1 s - in org.apache.hadoop.hdds.TestHddsUtils
[INFO] 
[INFO] Results:
[INFO] 
[WARNING] Tests run: 273, Failures: 0, Errors: 0, Skipped: 1
[INFO] 
[INFO] 
[INFO] ----------------< org.apache.hadoop:hadoop-hdds-client >----------------
[INFO] Building Apache Hadoop HDDS Client 0.4.1-SNAPSHOT                 [4/26]
[INFO] --------------------------------[ jar ]---------------------------------
[INFO] 
[INFO] --- maven-antrun-plugin:1.7:run (create-testdirs) @ hadoop-hdds-client ---
[INFO] Executing tasks

main:
    [mkdir] Created dir: /workdir/hadoop-hdds/client/target/test-dir
[INFO] Executed tasks
[INFO] 
[INFO] --- maven-remote-resources-plugin:1.5:process (default) @ hadoop-hdds-client ---
[INFO] 
[INFO] --- maven-resources-plugin:2.6:resources (default-resources) @ hadoop-hdds-client ---
[INFO] Using 'UTF-8' encoding to copy filtered resources.
[INFO] skip non existing resourceDirectory /workdir/hadoop-hdds/client/src/main/resources
[INFO] Copying 2 resources
[INFO] 
[INFO] --- maven-compiler-plugin:3.1:compile (default-compile) @ hadoop-hdds-client ---
[INFO] Compiling 15 source files to /workdir/hadoop-hdds/client/target/classes
[WARNING] /workdir/hadoop-hdds/client/src/main/java/org/apache/hadoop/hdds/scm/XceiverClientGrpc.java: Some input files use unchecked or unsafe operations.
[WARNING] /workdir/hadoop-hdds/client/src/main/java/org/apache/hadoop/hdds/scm/XceiverClientGrpc.java: Recompile with -Xlint:unchecked for details.
[INFO] 
[INFO] --- maven-resources-plugin:2.6:testResources (default-testResources) @ hadoop-hdds-client ---
[INFO] Using 'UTF-8' encoding to copy filtered resources.
[INFO] skip non existing resourceDirectory /workdir/hadoop-hdds/client/src/test/resources
[INFO] Copying 2 resources
[INFO] 
[INFO] --- maven-compiler-plugin:3.1:testCompile (default-testCompile) @ hadoop-hdds-client ---
[INFO] Compiling 3 source files to /workdir/hadoop-hdds/client/target/test-classes
[INFO] 
[INFO] --- maven-surefire-plugin:3.0.0-M1:test (default-test) @ hadoop-hdds-client ---
[INFO] 
[INFO] -------------------------------------------------------
[INFO]  T E S T S
[INFO] -------------------------------------------------------
[INFO] Running org.apache.hadoop.hdds.scm.storage.TestBlockInputStream
[INFO] Tests run: 3, Failures: 0, Errors: 0, Skipped: 0, Time elapsed: 0.15 s - in org.apache.hadoop.hdds.scm.storage.TestBlockInputStream
[INFO] Running org.apache.hadoop.hdds.scm.storage.TestChunkInputStream
[INFO] Tests run: 4, Failures: 0, Errors: 0, Skipped: 0, Time elapsed: 0.152 s - in org.apache.hadoop.hdds.scm.storage.TestChunkInputStream
[INFO] 
[INFO] Results:
[INFO] 
[INFO] Tests run: 7, Failures: 0, Errors: 0, Skipped: 0
[INFO] 
[INFO] 
[INFO] -----------< org.apache.hadoop:hadoop-hdds-server-framework >-----------
[INFO] Building Apache Hadoop HDDS Server Framework 0.4.1-SNAPSHOT       [5/26]
[INFO] --------------------------------[ jar ]---------------------------------
[INFO] 
[INFO] --- maven-antrun-plugin:1.7:run (create-testdirs) @ hadoop-hdds-server-framework ---
[INFO] Executing tasks

main:
    [mkdir] Created dir: /workdir/hadoop-hdds/framework/target/test-dir
[INFO] Executed tasks
[INFO] 
[INFO] --- maven-remote-resources-plugin:1.5:process (default) @ hadoop-hdds-server-framework ---
[INFO] 
[INFO] --- maven-resources-plugin:2.6:resources (default-resources) @ hadoop-hdds-server-framework ---
[INFO] Using 'UTF-8' encoding to copy filtered resources.
[INFO] Copying 35 resources
[INFO] Copying 2 resources
[INFO] 
[INFO] --- maven-compiler-plugin:3.1:compile (default-compile) @ hadoop-hdds-server-framework ---
[INFO] Compiling 19 source files to /workdir/hadoop-hdds/framework/target/classes
[WARNING] /workdir/hadoop-hdds/framework/src/main/java/org/apache/hadoop/hdds/server/events/EventQueue.java: Some input files use unchecked or unsafe operations.
[WARNING] /workdir/hadoop-hdds/framework/src/main/java/org/apache/hadoop/hdds/server/events/EventQueue.java: Recompile with -Xlint:unchecked for details.
[INFO] 
[INFO] --- maven-resources-plugin:2.6:testResources (default-testResources) @ hadoop-hdds-server-framework ---
[INFO] Using 'UTF-8' encoding to copy filtered resources.
[INFO] Copying 1 resource
[INFO] Copying 2 resources
[INFO] 
[INFO] --- maven-compiler-plugin:3.1:testCompile (default-testCompile) @ hadoop-hdds-server-framework ---
[INFO] Compiling 9 source files to /workdir/hadoop-hdds/framework/target/test-classes
[INFO] 
[INFO] --- maven-surefire-plugin:3.0.0-M1:test (default-test) @ hadoop-hdds-server-framework ---
[INFO] 
[INFO] -------------------------------------------------------
[INFO]  T E S T S
[INFO] -------------------------------------------------------
[INFO] Running org.apache.hadoop.hdds.server.TestProfileServlet
[INFO] Tests run: 3, Failures: 0, Errors: 0, Skipped: 0, Time elapsed: 0.114 s - in org.apache.hadoop.hdds.server.TestProfileServlet
[INFO] Running org.apache.hadoop.hdds.server.TestServerUtils
[INFO] Tests run: 6, Failures: 0, Errors: 0, Skipped: 0, Time elapsed: 0.443 s - in org.apache.hadoop.hdds.server.TestServerUtils
[INFO] Running org.apache.hadoop.hdds.server.events.TestEventWatcher
[INFO] Tests run: 3, Failures: 0, Errors: 0, Skipped: 0, Time elapsed: 7.739 s - in org.apache.hadoop.hdds.server.events.TestEventWatcher
[INFO] Running org.apache.hadoop.hdds.server.events.TestEventQueueChain
[INFO] Tests run: 1, Failures: 0, Errors: 0, Skipped: 0, Time elapsed: 0.183 s - in org.apache.hadoop.hdds.server.events.TestEventQueueChain
[INFO] Running org.apache.hadoop.hdds.server.events.TestEventQueue
[INFO] Tests run: 2, Failures: 0, Errors: 0, Skipped: 0, Time elapsed: 0.525 s - in org.apache.hadoop.hdds.server.events.TestEventQueue
[INFO] Running org.apache.hadoop.hdds.server.TestPrometheusMetricsSink
[INFO] Tests run: 5, Failures: 0, Errors: 0, Skipped: 0, Time elapsed: 0.4 s - in org.apache.hadoop.hdds.server.TestPrometheusMetricsSink
[INFO] Running org.apache.hadoop.hdds.server.TestBaseHttpServer
[INFO] Tests run: 1, Failures: 0, Errors: 0, Skipped: 0, Time elapsed: 0.265 s - in org.apache.hadoop.hdds.server.TestBaseHttpServer
[INFO] 
[INFO] Results:
[INFO] 
[INFO] Tests run: 21, Failures: 0, Errors: 0, Skipped: 0
[INFO] 
[INFO] 
[INFO] ----------< org.apache.hadoop:hadoop-hdds-container-service >-----------
[INFO] Building Apache Hadoop HDDS Container Service 0.4.1-SNAPSHOT      [6/26]
[INFO] --------------------------------[ jar ]---------------------------------
[INFO] 
[INFO] --- maven-antrun-plugin:1.7:run (create-testdirs) @ hadoop-hdds-container-service ---
[INFO] Executing tasks

main:
    [mkdir] Created dir: /workdir/hadoop-hdds/container-service/target/test-dir
[INFO] Executed tasks
[INFO] 
[INFO] --- hadoop-maven-plugins:3.2.0:protoc (compile-protoc) @ hadoop-hdds-container-service ---
[INFO] Wrote protoc checksums to file /workdir/hadoop-hdds/container-service/target/hadoop-maven-plugins-protoc-checksums.json
[INFO] 
[INFO] --- maven-remote-resources-plugin:1.5:process (default) @ hadoop-hdds-container-service ---
[INFO] 
[INFO] --- maven-resources-plugin:2.6:resources (default-resources) @ hadoop-hdds-container-service ---
[INFO] Using 'UTF-8' encoding to copy filtered resources.
[INFO] Copying 2 resources
[INFO] Copying 2 resources
[INFO] 
[INFO] --- maven-compiler-plugin:3.1:compile (default-compile) @ hadoop-hdds-container-service ---
[INFO] Compiling 151 source files to /workdir/hadoop-hdds/container-service/target/classes
[WARNING] /workdir/hadoop-hdds/container-service/src/main/java/org/apache/hadoop/ozone/container/common/volume/AbstractFuture.java:[1051,26] sun.misc.Unsafe is internal proprietary API and may be removed in a future release
[WARNING] /workdir/hadoop-hdds/container-service/src/main/java/org/apache/hadoop/ozone/container/common/volume/AbstractFuture.java:[1059,15] sun.misc.Unsafe is internal proprietary API and may be removed in a future release
[WARNING] /workdir/hadoop-hdds/container-service/src/main/java/org/apache/hadoop/ozone/container/common/volume/AbstractFuture.java:[1061,26] sun.misc.Unsafe is internal proprietary API and may be removed in a future release
[WARNING] /workdir/hadoop-hdds/container-service/src/main/java/org/apache/hadoop/ozone/container/common/volume/AbstractFuture.java:[1066,57] sun.misc.Unsafe is internal proprietary API and may be removed in a future release
[WARNING] /workdir/hadoop-hdds/container-service/src/main/java/org/apache/hadoop/ozone/container/common/volume/AbstractFuture.java:[1068,36] sun.misc.Unsafe is internal proprietary API and may be removed in a future release
[WARNING] /workdir/hadoop-hdds/container-service/src/main/java/org/apache/hadoop/ozone/container/common/volume/AbstractFuture.java:[1069,37] sun.misc.Unsafe is internal proprietary API and may be removed in a future release
[WARNING] /workdir/hadoop-hdds/container-service/src/main/java/org/apache/hadoop/ozone/container/common/volume/AbstractFuture.java:[1069,58] sun.misc.Unsafe is internal proprietary API and may be removed in a future release
[WARNING] /workdir/hadoop-hdds/container-service/src/main/java/org/apache/hadoop/ozone/container/replication/OnDemandContainerReplicationSource.java: Some input files use unchecked or unsafe operations.
[WARNING] /workdir/hadoop-hdds/container-service/src/main/java/org/apache/hadoop/ozone/container/replication/OnDemandContainerReplicationSource.java: Recompile with -Xlint:unchecked for details.
[INFO] 
[INFO] --- maven-resources-plugin:2.6:testResources (default-testResources) @ hadoop-hdds-container-service ---
[INFO] Using 'UTF-8' encoding to copy filtered resources.
[INFO] Copying 4 resources
[INFO] Copying 2 resources
[INFO] 
[INFO] --- maven-compiler-plugin:3.1:testCompile (default-testCompile) @ hadoop-hdds-container-service ---
[INFO] Compiling 46 source files to /workdir/hadoop-hdds/container-service/target/test-classes
[WARNING] /workdir/hadoop-hdds/container-service/src/test/java/org/apache/hadoop/ozone/container/common/volume/TestHddsVolumeChecker.java: /workdir/hadoop-hdds/container-service/src/test/java/org/apache/hadoop/ozone/container/common/volume/TestHddsVolumeChecker.java uses or overrides a deprecated API.
[WARNING] /workdir/hadoop-hdds/container-service/src/test/java/org/apache/hadoop/ozone/container/common/volume/TestHddsVolumeChecker.java: Recompile with -Xlint:deprecation for details.
[WARNING] /workdir/hadoop-hdds/container-service/src/test/java/org/apache/hadoop/ozone/container/common/ScmTestMock.java: Some input files use unchecked or unsafe operations.
[WARNING] /workdir/hadoop-hdds/container-service/src/test/java/org/apache/hadoop/ozone/container/common/ScmTestMock.java: Recompile with -Xlint:unchecked for details.
[INFO] 
[INFO] --- maven-surefire-plugin:3.0.0-M1:test (default-test) @ hadoop-hdds-container-service ---
[INFO] 
[INFO] -------------------------------------------------------
[INFO]  T E S T S
[INFO] -------------------------------------------------------
[INFO] Running org.apache.hadoop.ozone.TestHddsDatanodeService
[INFO] Tests run: 1, Failures: 0, Errors: 0, Skipped: 0, Time elapsed: 7.754 s - in org.apache.hadoop.ozone.TestHddsDatanodeService
[INFO] Running org.apache.hadoop.ozone.container.common.TestContainerCache
[INFO] Tests run: 1, Failures: 0, Errors: 0, Skipped: 0, Time elapsed: 1.294 s - in org.apache.hadoop.ozone.container.common.TestContainerCache
[INFO] Running org.apache.hadoop.ozone.container.common.TestDatanodeStateMachine
[INFO] Tests run: 4, Failures: 0, Errors: 0, Skipped: 0, Time elapsed: 9.456 s - in org.apache.hadoop.ozone.container.common.TestDatanodeStateMachine
[INFO] Running org.apache.hadoop.ozone.container.common.interfaces.TestHandler
[INFO] Tests run: 2, Failures: 0, Errors: 0, Skipped: 0, Time elapsed: 1.789 s - in org.apache.hadoop.ozone.container.common.interfaces.TestHandler
[INFO] Running org.apache.hadoop.ozone.container.common.states.endpoint.TestHeartbeatEndpointTask
[INFO] Tests run: 6, Failures: 0, Errors: 0, Skipped: 0, Time elapsed: 1.333 s - in org.apache.hadoop.ozone.container.common.states.endpoint.TestHeartbeatEndpointTask
[INFO] Running org.apache.hadoop.ozone.container.common.helpers.TestDatanodeVersionFile
[INFO] Tests run: 4, Failures: 0, Errors: 0, Skipped: 0, Time elapsed: 0.278 s - in org.apache.hadoop.ozone.container.common.helpers.TestDatanodeVersionFile
[INFO] Running org.apache.hadoop.ozone.container.common.impl.TestContainerSet
[INFO] Tests run: 5, Failures: 0, Errors: 0, Skipped: 0, Time elapsed: 0.738 s - in org.apache.hadoop.ozone.container.common.impl.TestContainerSet
[INFO] Running org.apache.hadoop.ozone.container.common.impl.TestHddsDispatcher
[INFO] Tests run: 3, Failures: 0, Errors: 0, Skipped: 0, Time elapsed: 2.808 s - in org.apache.hadoop.ozone.container.common.impl.TestHddsDispatcher
[INFO] Running org.apache.hadoop.ozone.container.common.impl.TestContainerDataYaml
[INFO] Tests run: 5, Failures: 0, Errors: 0, Skipped: 0, Time elapsed: 0.476 s - in org.apache.hadoop.ozone.container.common.impl.TestContainerDataYaml
[INFO] Running org.apache.hadoop.ozone.container.common.report.TestReportPublisher
[INFO] Tests run: 4, Failures: 0, Errors: 0, Skipped: 0, Time elapsed: 1.549 s - in org.apache.hadoop.ozone.container.common.report.TestReportPublisher
[INFO] Running org.apache.hadoop.ozone.container.common.report.TestReportPublisherFactory
[INFO] Tests run: 3, Failures: 0, Errors: 0, Skipped: 0, Time elapsed: 0.202 s - in org.apache.hadoop.ozone.container.common.report.TestReportPublisherFactory
[INFO] Running org.apache.hadoop.ozone.container.common.report.TestReportManager
[INFO] Tests run: 1, Failures: 0, Errors: 0, Skipped: 0, Time elapsed: 0.892 s - in org.apache.hadoop.ozone.container.common.report.TestReportManager
[INFO] Running org.apache.hadoop.ozone.container.common.TestDatanodeLayOutVersion
[INFO] Tests run: 1, Failures: 0, Errors: 0, Skipped: 0, Time elapsed: 0.066 s - in org.apache.hadoop.ozone.container.common.TestDatanodeLayOutVersion
[INFO] Running org.apache.hadoop.ozone.container.common.volume.TestVolumeSetDiskChecks
[INFO] Tests run: 3, Failures: 0, Errors: 0, Skipped: 0, Time elapsed: 0.736 s - in org.apache.hadoop.ozone.container.common.volume.TestVolumeSetDiskChecks
[INFO] Running org.apache.hadoop.ozone.container.common.volume.TestRoundRobinVolumeChoosingPolicy
[INFO] Tests run: 2, Failures: 0, Errors: 0, Skipped: 0, Time elapsed: 1.108 s - in org.apache.hadoop.ozone.container.common.volume.TestRoundRobinVolumeChoosingPolicy
[INFO] Running org.apache.hadoop.ozone.container.common.volume.TestHddsVolume
[INFO] Tests run: 3, Failures: 0, Errors: 0, Skipped: 0, Time elapsed: 0.898 s - in org.apache.hadoop.ozone.container.common.volume.TestHddsVolume
[INFO] Running org.apache.hadoop.ozone.container.common.volume.TestHddsVolumeChecker
[INFO] Tests run: 8, Failures: 0, Errors: 0, Skipped: 0, Time elapsed: 1.131 s - in org.apache.hadoop.ozone.container.common.volume.TestHddsVolumeChecker
[INFO] Running org.apache.hadoop.ozone.container.common.volume.TestVolumeSet
[INFO] Tests run: 7, Failures: 0, Errors: 0, Skipped: 0, Time elapsed: 1.003 s - in org.apache.hadoop.ozone.container.common.volume.TestVolumeSet
[INFO] Running org.apache.hadoop.ozone.container.common.statemachine.commandhandler.TestCloseContainerCommandHandler
[INFO] Tests run: 5, Failures: 0, Errors: 0, Skipped: 0, Time elapsed: 56.625 s - in org.apache.hadoop.ozone.container.common.statemachine.commandhandler.TestCloseContainerCommandHandler
[INFO] Running org.apache.hadoop.ozone.container.common.TestChunkLayOutVersion
[INFO] Tests run: 1, Failures: 0, Errors: 0, Skipped: 0, Time elapsed: 0.064 s - in org.apache.hadoop.ozone.container.common.TestChunkLayOutVersion
[INFO] Running org.apache.hadoop.ozone.container.common.TestKeyValueContainerData
[INFO] Tests run: 1, Failures: 0, Errors: 0, Skipped: 0, Time elapsed: 0.121 s - in org.apache.hadoop.ozone.container.common.TestKeyValueContainerData
[INFO] Running org.apache.hadoop.ozone.container.replication.TestReplicationSupervisor
[INFO] Tests run: 2, Failures: 0, Errors: 0, Skipped: 0, Time elapsed: 2.757 s - in org.apache.hadoop.ozone.container.replication.TestReplicationSupervisor
[INFO] Running org.apache.hadoop.ozone.container.ozoneimpl.TestOzoneContainer
[INFO] Tests run: 2, Failures: 0, Errors: 0, Skipped: 0, Time elapsed: 5.951 s - in org.apache.hadoop.ozone.container.ozoneimpl.TestOzoneContainer
[INFO] Running org.apache.hadoop.ozone.container.keyvalue.TestKeyValueContainerCheck
[INFO] Tests run: 2, Failures: 0, Errors: 0, Skipped: 0, Time elapsed: 2.556 s - in org.apache.hadoop.ozone.container.keyvalue.TestKeyValueContainerCheck
[INFO] Running org.apache.hadoop.ozone.container.keyvalue.TestChunkManagerImpl
[INFO] Tests run: 8, Failures: 0, Errors: 0, Skipped: 0, Time elapsed: 5.141 s - in org.apache.hadoop.ozone.container.keyvalue.TestChunkManagerImpl
[INFO] Running org.apache.hadoop.ozone.container.keyvalue.TestKeyValueHandlerWithUnhealthyContainer
[INFO] Tests run: 6, Failures: 0, Errors: 0, Skipped: 0, Time elapsed: 1.895 s - in org.apache.hadoop.ozone.container.keyvalue.TestKeyValueHandlerWithUnhealthyContainer
[INFO] Running org.apache.hadoop.ozone.container.keyvalue.TestKeyValueContainerMarkUnhealthy
[INFO] Tests run: 5, Failures: 0, Errors: 0, Skipped: 0, Time elapsed: 2.027 s - in org.apache.hadoop.ozone.container.keyvalue.TestKeyValueContainerMarkUnhealthy
[INFO] Running org.apache.hadoop.ozone.container.keyvalue.TestKeyValueContainer
[INFO] Tests run: 10, Failures: 0, Errors: 0, Skipped: 0, Time elapsed: 4.02 s - in org.apache.hadoop.ozone.container.keyvalue.TestKeyValueContainer
[INFO] Running org.apache.hadoop.ozone.container.keyvalue.TestKeyValueBlockIterator
[INFO] Tests run: 10, Failures: 0, Errors: 0, Skipped: 0, Time elapsed: 4.146 s - in org.apache.hadoop.ozone.container.keyvalue.TestKeyValueBlockIterator
[INFO] Running org.apache.hadoop.ozone.container.keyvalue.TestKeyValueHandler
[INFO] Tests run: 3, Failures: 0, Errors: 0, Skipped: 0, Time elapsed: 2.426 s - in org.apache.hadoop.ozone.container.keyvalue.TestKeyValueHandler
[INFO] Running org.apache.hadoop.ozone.container.keyvalue.TestTarContainerPacker
[INFO] Tests run: 1, Failures: 0, Errors: 0, Skipped: 0, Time elapsed: 0.27 s - in org.apache.hadoop.ozone.container.keyvalue.TestTarContainerPacker
[INFO] Running org.apache.hadoop.ozone.container.keyvalue.TestBlockManagerImpl
[INFO] Tests run: 4, Failures: 0, Errors: 0, Skipped: 0, Time elapsed: 2.516 s - in org.apache.hadoop.ozone.container.keyvalue.TestBlockManagerImpl
[INFO] Running org.apache.hadoop.ozone.TestHddsSecureDatanodeInit
[INFO] Tests run: 9, Failures: 0, Errors: 0, Skipped: 0, Time elapsed: 2.295 s - in org.apache.hadoop.ozone.TestHddsSecureDatanodeInit
[INFO] 
[INFO] Results:
[INFO] 
[INFO] Tests run: 132, Failures: 0, Errors: 0, Skipped: 0
[INFO] 
[INFO] 
[INFO] -----------------< org.apache.hadoop:hadoop-hdds-docs >-----------------
[INFO] Building Apache Hadoop HDDS/Ozone Documentation 0.4.1-SNAPSHOT    [7/26]
[INFO] --------------------------------[ jar ]---------------------------------
[INFO] 
[INFO] --- maven-antrun-plugin:1.7:run (create-testdirs) @ hadoop-hdds-docs ---
[INFO] Executing tasks

main:
    [mkdir] Created dir: /workdir/hadoop-hdds/docs/target/test-dir
[INFO] Executed tasks
[INFO] 
[INFO] --- maven-remote-resources-plugin:1.5:process (default) @ hadoop-hdds-docs ---
[INFO] 
[INFO] --- maven-resources-plugin:2.6:resources (default-resources) @ hadoop-hdds-docs ---
[INFO] Using 'UTF-8' encoding to copy filtered resources.
[INFO] skip non existing resourceDirectory /workdir/hadoop-hdds/docs/src/main/resources
[INFO] Copying 2 resources
[INFO] 
[INFO] --- maven-compiler-plugin:3.1:compile (default-compile) @ hadoop-hdds-docs ---
[INFO] No sources to compile
[INFO] 
[INFO] --- exec-maven-plugin:1.6.0:exec (default) @ hadoop-hdds-docs ---
Hugo is not yet installed. Doc generation is skipped.
[INFO] 
[INFO] --- maven-resources-plugin:2.6:testResources (default-testResources) @ hadoop-hdds-docs ---
[INFO] Using 'UTF-8' encoding to copy filtered resources.
[INFO] skip non existing resourceDirectory /workdir/hadoop-hdds/docs/src/test/resources
[INFO] Copying 2 resources
[INFO] 
[INFO] --- maven-compiler-plugin:3.1:testCompile (default-testCompile) @ hadoop-hdds-docs ---
[INFO] No sources to compile
[INFO] 
[INFO] --- maven-surefire-plugin:3.0.0-M1:test (default-test) @ hadoop-hdds-docs ---
[INFO] 
[INFO] --------------< org.apache.hadoop:hadoop-hdds-server-scm >--------------
[INFO] Building Apache Hadoop HDDS SCM Server 0.4.1-SNAPSHOT             [8/26]
[INFO] --------------------------------[ jar ]---------------------------------
[INFO] 
[INFO] --- maven-antrun-plugin:1.7:run (create-testdirs) @ hadoop-hdds-server-scm ---
[INFO] Executing tasks

main:
    [mkdir] Created dir: /workdir/hadoop-hdds/server-scm/target/test-dir
[INFO] Executed tasks
[INFO] 
[INFO] --- maven-remote-resources-plugin:1.5:process (default) @ hadoop-hdds-server-scm ---
[INFO] 
[INFO] --- maven-resources-plugin:2.6:resources (default-resources) @ hadoop-hdds-server-scm ---
[INFO] Using 'UTF-8' encoding to copy filtered resources.
[INFO] Copying 4 resources
[INFO] Copying 2 resources
[INFO] 
[INFO] --- maven-compiler-plugin:3.1:compile (default-compile) @ hadoop-hdds-server-scm ---
[INFO] Compiling 130 source files to /workdir/hadoop-hdds/server-scm/target/classes
[WARNING] /workdir/hadoop-hdds/server-scm/src/main/java/org/apache/hadoop/hdds/scm/safemode/SCMSafeModeManager.java: Some input files use unchecked or unsafe operations.
[WARNING] /workdir/hadoop-hdds/server-scm/src/main/java/org/apache/hadoop/hdds/scm/safemode/SCMSafeModeManager.java: Recompile with -Xlint:unchecked for details.
[INFO] 
[INFO] --- maven-resources-plugin:2.6:testResources (default-testResources) @ hadoop-hdds-server-scm ---
[INFO] Using 'UTF-8' encoding to copy filtered resources.
[INFO] Copying 5 resources
[INFO] Copying 2 resources
[INFO] Copying 2 resources
[INFO] 
[INFO] --- maven-compiler-plugin:3.1:testCompile (default-testCompile) @ hadoop-hdds-server-scm ---
[INFO] Compiling 58 source files to /workdir/hadoop-hdds/server-scm/target/test-classes
[WARNING] /workdir/hadoop-hdds/server-scm/src/test/java/org/apache/hadoop/hdds/scm/container/MockNodeManager.java: Some input files use unchecked or unsafe operations.
[WARNING] /workdir/hadoop-hdds/server-scm/src/test/java/org/apache/hadoop/hdds/scm/container/MockNodeManager.java: Recompile with -Xlint:unchecked for details.
[INFO] 
[INFO] --- maven-surefire-plugin:3.0.0-M1:test (default-test) @ hadoop-hdds-server-scm ---
[INFO] 
[INFO] -------------------------------------------------------
[INFO]  T E S T S
[INFO] -------------------------------------------------------
[INFO] Running org.apache.hadoop.ozone.container.common.TestEndPoint
[INFO] Tests run: 15, Failures: 0, Errors: 0, Skipped: 0, Time elapsed: 6.414 s - in org.apache.hadoop.ozone.container.common.TestEndPoint
[INFO] Running org.apache.hadoop.ozone.container.placement.TestDatanodeMetrics
[INFO] Tests run: 1, Failures: 0, Errors: 0, Skipped: 0, Time elapsed: 0.074 s - in org.apache.hadoop.ozone.container.placement.TestDatanodeMetrics
[INFO] Running org.apache.hadoop.ozone.container.placement.TestContainerPlacement
[INFO] Tests run: 1, Failures: 0, Errors: 0, Skipped: 0, Time elapsed: 3.001 s - in org.apache.hadoop.ozone.container.placement.TestContainerPlacement
[INFO] Running org.apache.hadoop.hdds.scm.command.TestCommandStatusReportHandler
[INFO] Tests run: 1, Failures: 0, Errors: 0, Skipped: 0, Time elapsed: 0.36 s - in org.apache.hadoop.hdds.scm.command.TestCommandStatusReportHandler
[INFO] Running org.apache.hadoop.hdds.scm.TestHddsServerUtils
[INFO] Tests run: 11, Failures: 0, Errors: 0, Skipped: 0, Time elapsed: 0.82 s - in org.apache.hadoop.hdds.scm.TestHddsServerUtils
[INFO] Running org.apache.hadoop.hdds.scm.container.TestIncrementalContainerReportHandler
[INFO] Tests run: 3, Failures: 0, Errors: 0, Skipped: 0, Time elapsed: 1.031 s - in org.apache.hadoop.hdds.scm.container.TestIncrementalContainerReportHandler
[INFO] Running org.apache.hadoop.hdds.scm.container.placement.algorithms.TestSCMContainerPlacementRandom
[INFO] Tests run: 1, Failures: 0, Errors: 0, Skipped: 0, Time elapsed: 0.529 s - in org.apache.hadoop.hdds.scm.container.placement.algorithms.TestSCMContainerPlacementRandom
[INFO] Running org.apache.hadoop.hdds.scm.container.placement.algorithms.TestSCMContainerPlacementRackAware
[INFO] Tests run: 7, Failures: 0, Errors: 0, Skipped: 0, Time elapsed: 0.524 s - in org.apache.hadoop.hdds.scm.container.placement.algorithms.TestSCMContainerPlacementRackAware
[INFO] Running org.apache.hadoop.hdds.scm.container.placement.algorithms.TestContainerPlacementFactory
[INFO] Tests run: 4, Failures: 0, Errors: 0, Skipped: 0, Time elapsed: 0.688 s - in org.apache.hadoop.hdds.scm.container.placement.algorithms.TestContainerPlacementFactory
[INFO] Running org.apache.hadoop.hdds.scm.container.placement.algorithms.TestSCMContainerPlacementCapacity
[INFO] Tests run: 1, Failures: 0, Errors: 0, Skipped: 0, Time elapsed: 1.349 s - in org.apache.hadoop.hdds.scm.container.placement.algorithms.TestSCMContainerPlacementCapacity
[INFO] Running org.apache.hadoop.hdds.scm.container.TestContainerStateManager
[INFO] Tests run: 2, Failures: 0, Errors: 0, Skipped: 0, Time elapsed: 0.939 s - in org.apache.hadoop.hdds.scm.container.TestContainerStateManager
[INFO] Running org.apache.hadoop.hdds.scm.container.states.TestContainerAttribute
[INFO] Tests run: 5, Failures: 0, Errors: 0, Skipped: 0, Time elapsed: 0.188 s - in org.apache.hadoop.hdds.scm.container.states.TestContainerAttribute
[INFO] Running org.apache.hadoop.hdds.scm.container.TestContainerReportHandler
[INFO] Tests run: 5, Failures: 0, Errors: 0, Skipped: 0, Time elapsed: 1.094 s - in org.apache.hadoop.hdds.scm.container.TestContainerReportHandler
[INFO] Running org.apache.hadoop.hdds.scm.container.TestCloseContainerEventHandler
[INFO] Tests run: 4, Failures: 0, Errors: 0, Skipped: 0, Time elapsed: 1.926 s - in org.apache.hadoop.hdds.scm.container.TestCloseContainerEventHandler
[INFO] Running org.apache.hadoop.hdds.scm.container.TestReplicationManager
[INFO] Tests run: 13, Failures: 0, Errors: 0, Skipped: 0, Time elapsed: 4.791 s - in org.apache.hadoop.hdds.scm.container.TestReplicationManager
[INFO] Running org.apache.hadoop.hdds.scm.container.TestContainerActionsHandler
[INFO] Tests run: 1, Failures: 0, Errors: 0, Skipped: 0, Time elapsed: 0.57 s - in org.apache.hadoop.hdds.scm.container.TestContainerActionsHandler
[INFO] Running org.apache.hadoop.hdds.scm.container.TestSCMContainerManager
[INFO] Tests run: 8, Failures: 0, Errors: 0, Skipped: 0, Time elapsed: 1.388 s - in org.apache.hadoop.hdds.scm.container.TestSCMContainerManager
[INFO] Running org.apache.hadoop.hdds.scm.node.TestNodeReportHandler
[INFO] Tests run: 1, Failures: 0, Errors: 0, Skipped: 0, Time elapsed: 0.794 s - in org.apache.hadoop.hdds.scm.node.TestNodeReportHandler
[INFO] Running org.apache.hadoop.hdds.scm.node.TestSCMNodeManager
[WARNING] Tests run: 17, Failures: 0, Errors: 0, Skipped: 2, Time elapsed: 83.608 s - in org.apache.hadoop.hdds.scm.node.TestSCMNodeManager
[INFO] Running org.apache.hadoop.hdds.scm.node.TestSCMNodeStorageStatMap
[INFO] Tests run: 5, Failures: 0, Errors: 0, Skipped: 0, Time elapsed: 0.494 s - in org.apache.hadoop.hdds.scm.node.TestSCMNodeStorageStatMap
[INFO] Running org.apache.hadoop.hdds.scm.node.states.TestNode2ContainerMap
[INFO] Tests run: 9, Failures: 0, Errors: 0, Skipped: 0, Time elapsed: 0.706 s - in org.apache.hadoop.hdds.scm.node.states.TestNode2ContainerMap
[INFO] Running org.apache.hadoop.hdds.scm.node.TestContainerPlacement
[WARNING] Tests run: 1, Failures: 0, Errors: 0, Skipped: 1, Time elapsed: 0.074 s - in org.apache.hadoop.hdds.scm.node.TestContainerPlacement
[INFO] Running org.apache.hadoop.hdds.scm.node.TestStatisticsUpdate
[INFO] Tests run: 1, Failures: 0, Errors: 0, Skipped: 0, Time elapsed: 5.704 s - in org.apache.hadoop.hdds.scm.node.TestStatisticsUpdate
[INFO] Running org.apache.hadoop.hdds.scm.node.TestDeadNodeHandler
[INFO] Tests run: 1, Failures: 0, Errors: 0, Skipped: 0, Time elapsed: 4.232 s - in org.apache.hadoop.hdds.scm.node.TestDeadNodeHandler
[INFO] Running org.apache.hadoop.hdds.scm.server.TestSCMSecurityProtocolServer
[INFO] Tests run: 2, Failures: 0, Errors: 0, Skipped: 0, Time elapsed: 1.082 s - in org.apache.hadoop.hdds.scm.server.TestSCMSecurityProtocolServer
[INFO] Running org.apache.hadoop.hdds.scm.server.TestStorageContainerManagerStarter
[INFO] Tests run: 10, Failures: 0, Errors: 0, Skipped: 0, Time elapsed: 0.789 s - in org.apache.hadoop.hdds.scm.server.TestStorageContainerManagerStarter
[INFO] Running org.apache.hadoop.hdds.scm.server.TestSCMContainerMetrics
[INFO] Tests run: 1, Failures: 0, Errors: 0, Skipped: 0, Time elapsed: 0.324 s - in org.apache.hadoop.hdds.scm.server.TestSCMContainerMetrics
[INFO] Running org.apache.hadoop.hdds.scm.server.TestSCMDatanodeHeartbeatDispatcher
[INFO] Tests run: 3, Failures: 0, Errors: 0, Skipped: 0, Time elapsed: 0.436 s - in org.apache.hadoop.hdds.scm.server.TestSCMDatanodeHeartbeatDispatcher
[INFO] Running org.apache.hadoop.hdds.scm.server.TestSCMBlockProtocolServer
[INFO] Tests run: 1, Failures: 0, Errors: 0, Skipped: 0, Time elapsed: 4.115 s - in org.apache.hadoop.hdds.scm.server.TestSCMBlockProtocolServer
[INFO] Running org.apache.hadoop.hdds.scm.server.TestSCMClientProtocolServer
[INFO] Tests run: 1, Failures: 0, Errors: 0, Skipped: 0, Time elapsed: 1.048 s - in org.apache.hadoop.hdds.scm.server.TestSCMClientProtocolServer
[INFO] Running org.apache.hadoop.hdds.scm.safemode.TestSCMSafeModeManager
[INFO] Tests run: 11, Failures: 0, Errors: 0, Skipped: 0, Time elapsed: 37.161 s - in org.apache.hadoop.hdds.scm.safemode.TestSCMSafeModeManager
[INFO] Running org.apache.hadoop.hdds.scm.safemode.TestSafeModeHandler
[INFO] Tests run: 2, Failures: 0, Errors: 0, Skipped: 0, Time elapsed: 8.947 s - in org.apache.hadoop.hdds.scm.safemode.TestSafeModeHandler
[INFO] Running org.apache.hadoop.hdds.scm.safemode.TestOneReplicaPipelineSafeModeRule
[INFO] Tests run: 2, Failures: 0, Errors: 0, Skipped: 0, Time elapsed: 3.395 s - in org.apache.hadoop.hdds.scm.safemode.TestOneReplicaPipelineSafeModeRule
[INFO] Running org.apache.hadoop.hdds.scm.safemode.TestHealthyPipelineSafeModeRule
[INFO] Tests run: 3, Failures: 0, Errors: 0, Skipped: 0, Time elapsed: 2.428 s - in org.apache.hadoop.hdds.scm.safemode.TestHealthyPipelineSafeModeRule
[INFO] Running org.apache.hadoop.hdds.scm.block.TestDeletedBlockLog
[INFO] Tests run: 5, Failures: 0, Errors: 0, Skipped: 0, Time elapsed: 17.551 s - in org.apache.hadoop.hdds.scm.block.TestDeletedBlockLog
[INFO] Running org.apache.hadoop.hdds.scm.block.TestBlockManager
[INFO] Tests run: 8, Failures: 0, Errors: 0, Skipped: 0, Time elapsed: 9.507 s - in org.apache.hadoop.hdds.scm.block.TestBlockManager
[INFO] Running org.apache.hadoop.hdds.scm.TestStorageContainerManagerHttpServer
[INFO] Tests run: 3, Failures: 0, Errors: 0, Skipped: 0, Time elapsed: 2.616 s - in org.apache.hadoop.hdds.scm.TestStorageContainerManagerHttpServer
[INFO] 
[INFO] Results:
[INFO] 
[WARNING] Tests run: 170, Failures: 0, Errors: 0, Skipped: 3
[INFO] 
[INFO] 
[INFO] ----------------< org.apache.hadoop:hadoop-hdds-tools >-----------------
[INFO] Building Apache Hadoop HDDS Tools 0.4.1-SNAPSHOT                  [9/26]
[INFO] --------------------------------[ jar ]---------------------------------
[INFO] 
[INFO] --- maven-antrun-plugin:1.7:run (create-testdirs) @ hadoop-hdds-tools ---
[INFO] Executing tasks

main:
    [mkdir] Created dir: /workdir/hadoop-hdds/tools/target/test-dir
[INFO] Executed tasks
[INFO] 
[INFO] --- maven-remote-resources-plugin:1.5:process (default) @ hadoop-hdds-tools ---
[INFO] 
[INFO] --- maven-resources-plugin:2.6:resources (default-resources) @ hadoop-hdds-tools ---
[INFO] Using 'UTF-8' encoding to copy filtered resources.
[INFO] skip non existing resourceDirectory /workdir/hadoop-hdds/tools/src/main/resources
[INFO] Copying 2 resources
[INFO] 
[INFO] --- maven-compiler-plugin:3.1:compile (default-compile) @ hadoop-hdds-tools ---
[INFO] Compiling 19 source files to /workdir/hadoop-hdds/tools/target/classes
[INFO] 
[INFO] --- maven-resources-plugin:2.6:testResources (default-testResources) @ hadoop-hdds-tools ---
[INFO] Using 'UTF-8' encoding to copy filtered resources.
[INFO] skip non existing resourceDirectory /workdir/hadoop-hdds/tools/src/test/resources
[INFO] Copying 2 resources
[INFO] 
[INFO] --- maven-compiler-plugin:3.1:testCompile (default-testCompile) @ hadoop-hdds-tools ---
[INFO] No sources to compile
[INFO] 
[INFO] --- maven-surefire-plugin:3.0.0-M1:test (default-test) @ hadoop-hdds-tools ---
[INFO] 
[INFO] -------------------< org.apache.hadoop:hadoop-ozone >-------------------
[INFO] Building Apache Hadoop Ozone 0.4.1-SNAPSHOT                      [10/26]
[INFO] --------------------------------[ pom ]---------------------------------
[INFO] 
[INFO] --- maven-antrun-plugin:1.7:run (create-testdirs) @ hadoop-ozone ---
[INFO] Executing tasks

main:
    [mkdir] Created dir: /workdir/hadoop-ozone/target/test-dir
[INFO] Executed tasks
[INFO] 
[INFO] --- maven-remote-resources-plugin:1.5:process (default) @ hadoop-ozone ---
[INFO] 
[INFO] ---------------< org.apache.hadoop:hadoop-ozone-common >----------------
[INFO] Building Apache Hadoop Ozone Common 0.4.1-SNAPSHOT               [11/26]
[INFO] --------------------------------[ jar ]---------------------------------
[INFO] 
[INFO] --- maven-antrun-plugin:1.7:run (create-testdirs) @ hadoop-ozone-common ---
[INFO] Executing tasks

main:
    [mkdir] Created dir: /workdir/hadoop-ozone/common/target/test-dir
[INFO] Executed tasks
[INFO] 
[INFO] --- hadoop-maven-plugins:3.2.0:protoc (compile-protoc) @ hadoop-ozone-common ---
[INFO] Wrote protoc checksums to file /workdir/hadoop-ozone/common/target/hadoop-maven-plugins-protoc-checksums.json
[INFO] 
[INFO] --- hadoop-maven-plugins:3.2.0:version-info (version-info) @ hadoop-ozone-common ---
[INFO] SCM: GIT
[INFO] Computed MD5: a1c8133b923a9030bae7bd4171375df
[INFO] 
[INFO] --- maven-remote-resources-plugin:1.5:process (default) @ hadoop-ozone-common ---
[INFO] 
[INFO] --- maven-resources-plugin:2.6:resources (default-resources) @ hadoop-ozone-common ---
[INFO] Using 'UTF-8' encoding to copy filtered resources.
[INFO] Copying 0 resource
[INFO] Copying 1 resource
[INFO] Copying 2 resources
[INFO] 
[INFO] --- maven-compiler-plugin:3.1:compile (default-compile) @ hadoop-ozone-common ---
[INFO] Compiling 130 source files to /workdir/hadoop-ozone/common/target/classes
[WARNING] /workdir/hadoop-ozone/common/src/main/java/org/apache/hadoop/ozone/om/ha/OMFailoverProxyProvider.java: Some input files use unchecked or unsafe operations.
[WARNING] /workdir/hadoop-ozone/common/src/main/java/org/apache/hadoop/ozone/om/ha/OMFailoverProxyProvider.java: Recompile with -Xlint:unchecked for details.
[INFO] 
[INFO] --- maven-resources-plugin:2.6:testResources (default-testResources) @ hadoop-ozone-common ---
[INFO] Using 'UTF-8' encoding to copy filtered resources.
[INFO] skip non existing resourceDirectory /workdir/hadoop-ozone/common/src/test/resources
[INFO] Copying 2 resources
[INFO] 
[INFO] --- maven-compiler-plugin:3.1:testCompile (default-testCompile) @ hadoop-ozone-common ---
[INFO] Compiling 22 source files to /workdir/hadoop-ozone/common/target/test-classes
[INFO] 
[INFO] --- maven-surefire-plugin:3.0.0-M1:test (default-test) @ hadoop-ozone-common ---
[INFO] 
[INFO] -------------------------------------------------------
[INFO]  T E S T S
[INFO] -------------------------------------------------------
[INFO] Running org.apache.hadoop.ozone.util.TestRadixTree
[INFO] Tests run: 4, Failures: 0, Errors: 0, Skipped: 0, Time elapsed: 0.06 s - in org.apache.hadoop.ozone.util.TestRadixTree
[INFO] Running org.apache.hadoop.ozone.om.lock.TestOzoneManagerLock
[INFO] Tests run: 12, Failures: 0, Errors: 0, Skipped: 0, Time elapsed: 2.243 s - in org.apache.hadoop.ozone.om.lock.TestOzoneManagerLock
[INFO] Running org.apache.hadoop.ozone.om.exceptions.TestResultCodes
[INFO] Tests run: 1, Failures: 0, Errors: 0, Skipped: 0, Time elapsed: 0.085 s - in org.apache.hadoop.ozone.om.exceptions.TestResultCodes
[INFO] Running org.apache.hadoop.ozone.om.helpers.TestOmKeyInfo
[INFO] Tests run: 1, Failures: 0, Errors: 0, Skipped: 0, Time elapsed: 0.144 s - in org.apache.hadoop.ozone.om.helpers.TestOmKeyInfo
[INFO] Running org.apache.hadoop.ozone.om.helpers.TestOzoneAclUtil
[INFO] Tests run: 2, Failures: 0, Errors: 0, Skipped: 0, Time elapsed: 0.495 s - in org.apache.hadoop.ozone.om.helpers.TestOzoneAclUtil
[INFO] Running org.apache.hadoop.ozone.om.helpers.TestOmBucketInfo
[INFO] Tests run: 1, Failures: 0, Errors: 0, Skipped: 0, Time elapsed: 0.11 s - in org.apache.hadoop.ozone.om.helpers.TestOmBucketInfo
[INFO] Running org.apache.hadoop.ozone.om.codec.TestS3SecretValueCodec
[INFO] Tests run: 4, Failures: 0, Errors: 0, Skipped: 0, Time elapsed: 0.142 s - in org.apache.hadoop.ozone.om.codec.TestS3SecretValueCodec
[INFO] Running org.apache.hadoop.ozone.om.codec.TestOmMultipartKeyInfoCodec
[INFO] Tests run: 1, Failures: 0, Errors: 0, Skipped: 0, Time elapsed: 0.137 s - in org.apache.hadoop.ozone.om.codec.TestOmMultipartKeyInfoCodec
[INFO] Running org.apache.hadoop.ozone.om.codec.TestOmPrefixInfoCodec
[INFO] Tests run: 4, Failures: 0, Errors: 0, Skipped: 0, Time elapsed: 0.14 s - in org.apache.hadoop.ozone.om.codec.TestOmPrefixInfoCodec
[INFO] Running org.apache.hadoop.ozone.TestOzoneAcls
[INFO] Tests run: 3, Failures: 0, Errors: 0, Skipped: 0, Time elapsed: 0.119 s - in org.apache.hadoop.ozone.TestOzoneAcls
[INFO] Running org.apache.hadoop.ozone.web.TestQuota
[INFO] Tests run: 3, Failures: 0, Errors: 0, Skipped: 0, Time elapsed: 0.069 s - in org.apache.hadoop.ozone.web.TestQuota
[INFO] Running org.apache.hadoop.ozone.web.TestBucketInfo
[INFO] Tests run: 4, Failures: 0, Errors: 0, Skipped: 0, Time elapsed: 0.432 s - in org.apache.hadoop.ozone.web.TestBucketInfo
[INFO] Running org.apache.hadoop.ozone.web.TestVolumeStructs
[INFO] Tests run: 3, Failures: 0, Errors: 0, Skipped: 0, Time elapsed: 0.441 s - in org.apache.hadoop.ozone.web.TestVolumeStructs
[INFO] Running org.apache.hadoop.ozone.web.TestUtils
[INFO] Tests run: 2, Failures: 0, Errors: 0, Skipped: 0, Time elapsed: 0.112 s - in org.apache.hadoop.ozone.web.TestUtils
[INFO] Running org.apache.hadoop.ozone.TestOmUtils
[INFO] Tests run: 4, Failures: 0, Errors: 0, Skipped: 0, Time elapsed: 0.477 s - in org.apache.hadoop.ozone.TestOmUtils
[INFO] Running org.apache.hadoop.ozone.security.TestAWSV4AuthValidator
[INFO] Tests run: 2, Failures: 0, Errors: 0, Skipped: 0, Time elapsed: 0.174 s - in org.apache.hadoop.ozone.security.TestAWSV4AuthValidator
[INFO] Running org.apache.hadoop.ozone.security.acl.TestOzoneObjInfo
[INFO] Tests run: 4, Failures: 0, Errors: 0, Skipped: 0, Time elapsed: 0.095 s - in org.apache.hadoop.ozone.security.acl.TestOzoneObjInfo
[INFO] 
[INFO] Results:
[INFO] 
[INFO] Tests run: 55, Failures: 0, Errors: 0, Skipped: 0
[INFO] 
[INFO] 
[INFO] ---------------< org.apache.hadoop:hadoop-ozone-client >----------------
[INFO] Building Apache Hadoop Ozone Client 0.4.1-SNAPSHOT               [12/26]
[INFO] --------------------------------[ jar ]---------------------------------
[INFO] 
[INFO] --- maven-antrun-plugin:1.7:run (create-testdirs) @ hadoop-ozone-client ---
[INFO] Executing tasks

main:
    [mkdir] Created dir: /workdir/hadoop-ozone/client/target/test-dir
[INFO] Executed tasks
[INFO] 
[INFO] --- maven-remote-resources-plugin:1.5:process (default) @ hadoop-ozone-client ---
[INFO] 
[INFO] --- maven-resources-plugin:2.6:resources (default-resources) @ hadoop-ozone-client ---
[INFO] Using 'UTF-8' encoding to copy filtered resources.
[INFO] skip non existing resourceDirectory /workdir/hadoop-ozone/client/src/main/resources
[INFO] Copying 2 resources
[INFO] 
[INFO] --- maven-compiler-plugin:3.1:compile (default-compile) @ hadoop-ozone-client ---
[INFO] Compiling 34 source files to /workdir/hadoop-ozone/client/target/classes
[WARNING] /workdir/hadoop-ozone/client/src/main/java/org/apache/hadoop/ozone/client/rest/RestClient.java: Some input files use unchecked or unsafe operations.
[WARNING] /workdir/hadoop-ozone/client/src/main/java/org/apache/hadoop/ozone/client/rest/RestClient.java: Recompile with -Xlint:unchecked for details.
[INFO] 
[INFO] --- maven-resources-plugin:2.6:testResources (default-testResources) @ hadoop-ozone-client ---
[INFO] Using 'UTF-8' encoding to copy filtered resources.
[INFO] skip non existing resourceDirectory /workdir/hadoop-ozone/client/src/test/resources
[INFO] Copying 2 resources
[INFO] 
[INFO] --- maven-compiler-plugin:3.1:testCompile (default-testCompile) @ hadoop-ozone-client ---
[INFO] Compiling 3 source files to /workdir/hadoop-ozone/client/target/test-classes
[INFO] 
[INFO] --- maven-surefire-plugin:3.0.0-M1:test (default-test) @ hadoop-ozone-client ---
[INFO] 
[INFO] -------------------------------------------------------
[INFO]  T E S T S
[INFO] -------------------------------------------------------
[INFO] Running org.apache.hadoop.ozone.client.rpc.TestOzoneKMSUtil
[INFO] Tests run: 1, Failures: 0, Errors: 0, Skipped: 0, Time elapsed: 0.291 s - in org.apache.hadoop.ozone.client.rpc.TestOzoneKMSUtil
[INFO] Running org.apache.hadoop.ozone.client.TestHddsClientUtils
[INFO] Tests run: 11, Failures: 0, Errors: 0, Skipped: 0, Time elapsed: 1.873 s - in org.apache.hadoop.ozone.client.TestHddsClientUtils
[INFO] 
[INFO] Results:
[INFO] 
[INFO] Tests run: 12, Failures: 0, Errors: 0, Skipped: 0
[INFO] 
[INFO] 
[INFO] ------------< org.apache.hadoop:hadoop-ozone-ozone-manager >------------
[INFO] Building Apache Hadoop Ozone Manager Server 0.4.1-SNAPSHOT       [13/26]
[INFO] --------------------------------[ jar ]---------------------------------
[INFO] 
[INFO] --- maven-antrun-plugin:1.7:run (create-testdirs) @ hadoop-ozone-ozone-manager ---
[INFO] Executing tasks

main:
    [mkdir] Created dir: /workdir/hadoop-ozone/ozone-manager/target/test-dir
[INFO] Executed tasks
[INFO] 
[INFO] --- maven-remote-resources-plugin:1.5:process (default) @ hadoop-ozone-ozone-manager ---
[INFO] 
[INFO] --- maven-resources-plugin:2.6:resources (default-resources) @ hadoop-ozone-ozone-manager ---
[INFO] Using 'UTF-8' encoding to copy filtered resources.
[INFO] Copying 5 resources
[INFO] Copying 2 resources
[INFO] 
[INFO] --- maven-compiler-plugin:3.1:compile (default-compile) @ hadoop-ozone-ozone-manager ---
[INFO] Compiling 161 source files to /workdir/hadoop-ozone/ozone-manager/target/classes
[WARNING] /workdir/hadoop-ozone/ozone-manager/src/main/java/org/apache/hadoop/ozone/web/ozShell/token/RenewTokenHandler.java: Some input files use unchecked or unsafe operations.
[WARNING] /workdir/hadoop-ozone/ozone-manager/src/main/java/org/apache/hadoop/ozone/web/ozShell/token/RenewTokenHandler.java: Recompile with -Xlint:unchecked for details.
[INFO] 
[INFO] --- maven-resources-plugin:2.6:testResources (default-testResources) @ hadoop-ozone-ozone-manager ---
[INFO] Using 'UTF-8' encoding to copy filtered resources.
[INFO] Copying 5 resources
[INFO] Copying 1 resource
[INFO] Copying 2 resources
[INFO] 
[INFO] --- maven-compiler-plugin:3.1:testCompile (default-testCompile) @ hadoop-ozone-ozone-manager ---
[INFO] Compiling 74 source files to /workdir/hadoop-ozone/ozone-manager/target/test-classes
[WARNING] /workdir/hadoop-ozone/ozone-manager/src/test/java/org/apache/hadoop/ozone/om/TestBucketManagerImpl.java: /workdir/hadoop-ozone/ozone-manager/src/test/java/org/apache/hadoop/ozone/om/TestBucketManagerImpl.java uses or overrides a deprecated API.
[WARNING] /workdir/hadoop-ozone/ozone-manager/src/test/java/org/apache/hadoop/ozone/om/TestBucketManagerImpl.java: Recompile with -Xlint:deprecation for details.
[INFO] 
[INFO] --- maven-surefire-plugin:3.0.0-M1:test (default-test) @ hadoop-ozone-ozone-manager ---
[INFO] 
[INFO] -------------------------------------------------------
[INFO]  T E S T S
[INFO] -------------------------------------------------------
[INFO] Running org.apache.hadoop.ozone.om.ratis.TestOzoneManagerDoubleBufferWithOMResponse
[INFO] Tests run: 3, Failures: 0, Errors: 0, Skipped: 0, Time elapsed: 17.778 s - in org.apache.hadoop.ozone.om.ratis.TestOzoneManagerDoubleBufferWithOMResponse
[INFO] Running org.apache.hadoop.ozone.om.ratis.TestOzoneManagerDoubleBufferWithDummyResponse
[INFO] Tests run: 1, Failures: 0, Errors: 0, Skipped: 0, Time elapsed: 1.882 s - in org.apache.hadoop.ozone.om.ratis.TestOzoneManagerDoubleBufferWithDummyResponse
[INFO] Running org.apache.hadoop.ozone.om.ratis.TestOzoneManagerRatisServer
[INFO] Tests run: 4, Failures: 0, Errors: 0, Skipped: 0, Time elapsed: 8.273 s - in org.apache.hadoop.ozone.om.ratis.TestOzoneManagerRatisServer
[INFO] Running org.apache.hadoop.ozone.om.response.bucket.TestOMBucketSetPropertyResponse
[INFO] Tests run: 1, Failures: 0, Errors: 0, Skipped: 0, Time elapsed: 1.57 s - in org.apache.hadoop.ozone.om.response.bucket.TestOMBucketSetPropertyResponse
[INFO] Running org.apache.hadoop.ozone.om.response.bucket.TestOMBucketDeleteResponse
[INFO] Tests run: 1, Failures: 0, Errors: 0, Skipped: 0, Time elapsed: 1.669 s - in org.apache.hadoop.ozone.om.response.bucket.TestOMBucketDeleteResponse
[INFO] Running org.apache.hadoop.ozone.om.response.bucket.TestOMBucketCreateResponse
[INFO] Tests run: 1, Failures: 0, Errors: 0, Skipped: 0, Time elapsed: 1.707 s - in org.apache.hadoop.ozone.om.response.bucket.TestOMBucketCreateResponse
[INFO] Running org.apache.hadoop.ozone.om.response.file.TestOMDirectoryCreateResponse
[INFO] Tests run: 2, Failures: 0, Errors: 0, Skipped: 0, Time elapsed: 2.236 s - in org.apache.hadoop.ozone.om.response.file.TestOMDirectoryCreateResponse
[INFO] Running org.apache.hadoop.ozone.om.response.s3.bucket.TestS3BucketDeleteResponse
[INFO] Tests run: 1, Failures: 0, Errors: 0, Skipped: 0, Time elapsed: 1.812 s - in org.apache.hadoop.ozone.om.response.s3.bucket.TestS3BucketDeleteResponse
[INFO] Running org.apache.hadoop.ozone.om.response.s3.bucket.TestS3BucketCreateResponse
[INFO] Tests run: 1, Failures: 0, Errors: 0, Skipped: 0, Time elapsed: 1.686 s - in org.apache.hadoop.ozone.om.response.s3.bucket.TestS3BucketCreateResponse
[INFO] Running org.apache.hadoop.ozone.om.response.s3.multipart.TestS3MultipartUploadAbortResponse
[INFO] Tests run: 2, Failures: 0, Errors: 0, Skipped: 0, Time elapsed: 2.593 s - in org.apache.hadoop.ozone.om.response.s3.multipart.TestS3MultipartUploadAbortResponse
[INFO] Running org.apache.hadoop.ozone.om.response.s3.multipart.TestS3InitiateMultipartUploadResponse
[INFO] Tests run: 1, Failures: 0, Errors: 0, Skipped: 0, Time elapsed: 1.74 s - in org.apache.hadoop.ozone.om.response.s3.multipart.TestS3InitiateMultipartUploadResponse
[INFO] Running org.apache.hadoop.ozone.om.response.key.TestOMAllocateBlockResponse
[INFO] Tests run: 2, Failures: 0, Errors: 0, Skipped: 0, Time elapsed: 3.262 s - in org.apache.hadoop.ozone.om.response.key.TestOMAllocateBlockResponse
[INFO] Running org.apache.hadoop.ozone.om.response.key.TestOMKeyDeleteResponse
[INFO] Tests run: 3, Failures: 0, Errors: 0, Skipped: 0, Time elapsed: 3.986 s - in org.apache.hadoop.ozone.om.response.key.TestOMKeyDeleteResponse
[INFO] Running org.apache.hadoop.ozone.om.response.key.TestOMKeyRenameResponse
[INFO] Tests run: 3, Failures: 0, Errors: 0, Skipped: 0, Time elapsed: 4.173 s - in org.apache.hadoop.ozone.om.response.key.TestOMKeyRenameResponse
[INFO] Running org.apache.hadoop.ozone.om.response.key.TestOMKeyCreateResponse
[INFO] Tests run: 2, Failures: 0, Errors: 0, Skipped: 0, Time elapsed: 3.285 s - in org.apache.hadoop.ozone.om.response.key.TestOMKeyCreateResponse
[INFO] Running org.apache.hadoop.ozone.om.response.key.TestOMKeyCommitResponse
[INFO] Tests run: 2, Failures: 0, Errors: 0, Skipped: 0, Time elapsed: 3.364 s - in org.apache.hadoop.ozone.om.response.key.TestOMKeyCommitResponse
[INFO] Running org.apache.hadoop.ozone.om.response.volume.TestOMVolumeDeleteResponse
[INFO] Tests run: 2, Failures: 0, Errors: 0, Skipped: 0, Time elapsed: 2.477 s - in org.apache.hadoop.ozone.om.response.volume.TestOMVolumeDeleteResponse
[INFO] Running org.apache.hadoop.ozone.om.response.volume.TestOMVolumeSetOwnerResponse
[INFO] Tests run: 2, Failures: 0, Errors: 0, Skipped: 0, Time elapsed: 2.609 s - in org.apache.hadoop.ozone.om.response.volume.TestOMVolumeSetOwnerResponse
[INFO] Running org.apache.hadoop.ozone.om.response.volume.TestOMVolumeCreateResponse
[INFO] Tests run: 2, Failures: 0, Errors: 0, Skipped: 0, Time elapsed: 2.851 s - in org.apache.hadoop.ozone.om.response.volume.TestOMVolumeCreateResponse
[INFO] Running org.apache.hadoop.ozone.om.response.volume.TestOMVolumeSetQuotaResponse
[INFO] Tests run: 2, Failures: 0, Errors: 0, Skipped: 0, Time elapsed: 2.583 s - in org.apache.hadoop.ozone.om.response.volume.TestOMVolumeSetQuotaResponse
[INFO] Running org.apache.hadoop.ozone.om.TestKeyManagerUnit
[INFO] Tests run: 1, Failures: 0, Errors: 0, Skipped: 0, Time elapsed: 2.809 s - in org.apache.hadoop.ozone.om.TestKeyManagerUnit
[INFO] Running org.apache.hadoop.ozone.om.TestOzoneManagerStarter
[INFO] Tests run: 8, Failures: 0, Errors: 0, Skipped: 0, Time elapsed: 0.636 s - in org.apache.hadoop.ozone.om.TestOzoneManagerStarter
[INFO] Running org.apache.hadoop.ozone.om.TestOzoneManagerHttpServer
[INFO] Tests run: 3, Failures: 0, Errors: 0, Skipped: 0, Time elapsed: 2.466 s - in org.apache.hadoop.ozone.om.TestOzoneManagerHttpServer
[INFO] Running org.apache.hadoop.ozone.om.TestChunkStreams
[INFO] Tests run: 2, Failures: 0, Errors: 0, Skipped: 0, Time elapsed: 0.112 s - in org.apache.hadoop.ozone.om.TestChunkStreams
[INFO] Running org.apache.hadoop.ozone.om.TestKeyDeletingService
[INFO] Tests run: 3, Failures: 0, Errors: 0, Skipped: 0, Time elapsed: 5.687 s - in org.apache.hadoop.ozone.om.TestKeyDeletingService
[INFO] Running org.apache.hadoop.ozone.om.TestBucketManagerImpl
[INFO] Tests run: 10, Failures: 0, Errors: 0, Skipped: 0, Time elapsed: 11.494 s - in org.apache.hadoop.ozone.om.TestBucketManagerImpl
[INFO] Running org.apache.hadoop.ozone.om.TestS3BucketManager
[INFO] Tests run: 7, Failures: 0, Errors: 0, Skipped: 0, Time elapsed: 7 s - in org.apache.hadoop.ozone.om.TestS3BucketManager
[INFO] Running org.apache.hadoop.ozone.om.request.bucket.TestOMBucketDeleteRequest
[INFO] Tests run: 3, Failures: 0, Errors: 0, Skipped: 0, Time elapsed: 5.895 s - in org.apache.hadoop.ozone.om.request.bucket.TestOMBucketDeleteRequest
[INFO] Running org.apache.hadoop.ozone.om.request.bucket.TestOMBucketCreateRequest
[INFO] Tests run: 4, Failures: 0, Errors: 0, Skipped: 0, Time elapsed: 7.19 s - in org.apache.hadoop.ozone.om.request.bucket.TestOMBucketCreateRequest
[INFO] Running org.apache.hadoop.ozone.om.request.bucket.TestOMBucketSetPropertyRequest
[INFO] Tests run: 3, Failures: 0, Errors: 0, Skipped: 0, Time elapsed: 5.989 s - in org.apache.hadoop.ozone.om.request.bucket.TestOMBucketSetPropertyRequest
[INFO] Running org.apache.hadoop.ozone.om.request.file.TestOMDirectoryCreateRequest
[INFO] Tests run: 6, Failures: 0, Errors: 0, Skipped: 0, Time elapsed: 8.804 s - in org.apache.hadoop.ozone.om.request.file.TestOMDirectoryCreateRequest
[INFO] Running org.apache.hadoop.ozone.om.request.file.TestOMFileCreateRequest
[INFO] Tests run: 8, Failures: 0, Errors: 0, Skipped: 0, Time elapsed: 11.705 s - in org.apache.hadoop.ozone.om.request.file.TestOMFileCreateRequest
[INFO] Running org.apache.hadoop.ozone.om.request.s3.bucket.TestS3BucketCreateRequest
[INFO] Tests run: 5, Failures: 0, Errors: 0, Skipped: 0, Time elapsed: 7.752 s - in org.apache.hadoop.ozone.om.request.s3.bucket.TestS3BucketCreateRequest
[INFO] Running org.apache.hadoop.ozone.om.request.s3.bucket.TestS3BucketDeleteRequest
[INFO] Tests run: 4, Failures: 0, Errors: 0, Skipped: 0, Time elapsed: 6.992 s - in org.apache.hadoop.ozone.om.request.s3.bucket.TestS3BucketDeleteRequest
[INFO] Running org.apache.hadoop.ozone.om.request.s3.multipart.TestS3MultipartUploadAbortRequest
[INFO] Tests run: 5, Failures: 0, Errors: 0, Skipped: 0, Time elapsed: 7.718 s - in org.apache.hadoop.ozone.om.request.s3.multipart.TestS3MultipartUploadAbortRequest
[INFO] Running org.apache.hadoop.ozone.om.request.s3.multipart.TestS3MultipartUploadCommitPartRequest
[INFO] Tests run: 5, Failures: 0, Errors: 0, Skipped: 0, Time elapsed: 7.699 s - in org.apache.hadoop.ozone.om.request.s3.multipart.TestS3MultipartUploadCommitPartRequest
[INFO] Running org.apache.hadoop.ozone.om.request.s3.multipart.TestS3InitiateMultipartUploadRequest
[INFO] Tests run: 4, Failures: 0, Errors: 0, Skipped: 0, Time elapsed: 6.877 s - in org.apache.hadoop.ozone.om.request.s3.multipart.TestS3InitiateMultipartUploadRequest
[INFO] Running org.apache.hadoop.ozone.om.request.TestOMClientRequestWithUserInfo
[INFO] Tests run: 1, Failures: 0, Errors: 0, Skipped: 0, Time elapsed: 3.952 s - in org.apache.hadoop.ozone.om.request.TestOMClientRequestWithUserInfo
[INFO] Running org.apache.hadoop.ozone.om.request.key.TestOMKeyDeleteRequest
[INFO] Tests run: 4, Failures: 0, Errors: 0, Skipped: 0, Time elapsed: 7.378 s - in org.apache.hadoop.ozone.om.request.key.TestOMKeyDeleteRequest
[INFO] Running org.apache.hadoop.ozone.om.request.key.TestOMAllocateBlockRequest
[INFO] Tests run: 5, Failures: 0, Errors: 0, Skipped: 0, Time elapsed: 8.307 s - in org.apache.hadoop.ozone.om.request.key.TestOMAllocateBlockRequest
[INFO] Running org.apache.hadoop.ozone.om.request.key.TestOMKeyCreateRequest
[INFO] Tests run: 6, Failures: 0, Errors: 0, Skipped: 0, Time elapsed: 9.579 s - in org.apache.hadoop.ozone.om.request.key.TestOMKeyCreateRequest
[INFO] Running org.apache.hadoop.ozone.om.request.key.TestOMKeyCommitRequest
[INFO] Tests run: 5, Failures: 0, Errors: 0, Skipped: 0, Time elapsed: 8.518 s - in org.apache.hadoop.ozone.om.request.key.TestOMKeyCommitRequest
[INFO] Running org.apache.hadoop.ozone.om.request.key.TestOMKeyRenameRequest
[INFO] Tests run: 6, Failures: 0, Errors: 0, Skipped: 0, Time elapsed: 9.56 s - in org.apache.hadoop.ozone.om.request.key.TestOMKeyRenameRequest
[INFO] Running org.apache.hadoop.ozone.om.request.key.TestOMKeyPurgeRequestAndResponse
[INFO] Tests run: 1, Failures: 0, Errors: 0, Skipped: 0, Time elapsed: 4.5 s - in org.apache.hadoop.ozone.om.request.key.TestOMKeyPurgeRequestAndResponse
[INFO] Running org.apache.hadoop.ozone.om.request.volume.TestOMVolumeCreateRequest
[INFO] Tests run: 4, Failures: 0, Errors: 0, Skipped: 0, Time elapsed: 6.558 s - in org.apache.hadoop.ozone.om.request.volume.TestOMVolumeCreateRequest
[INFO] Running org.apache.hadoop.ozone.om.request.volume.TestOMVolumeSetQuotaRequest
[INFO] Tests run: 4, Failures: 0, Errors: 0, Skipped: 0, Time elapsed: 6.958 s - in org.apache.hadoop.ozone.om.request.volume.TestOMVolumeSetQuotaRequest
[INFO] Running org.apache.hadoop.ozone.om.request.volume.TestOMVolumeSetOwnerRequest
[INFO] Tests run: 4, Failures: 0, Errors: 0, Skipped: 0, Time elapsed: 7.109 s - in org.apache.hadoop.ozone.om.request.volume.TestOMVolumeSetOwnerRequest
[INFO] Running org.apache.hadoop.ozone.om.request.volume.TestOMVolumeDeleteRequest
[INFO] Tests run: 4, Failures: 0, Errors: 0, Skipped: 0, Time elapsed: 6.832 s - in org.apache.hadoop.ozone.om.request.volume.TestOMVolumeDeleteRequest
[INFO] Running org.apache.hadoop.ozone.web.ozShell.TestOzoneAddress
[INFO] Tests run: 8, Failures: 0, Errors: 0, Skipped: 0, Time elapsed: 0.11 s - in org.apache.hadoop.ozone.web.ozShell.TestOzoneAddress
[INFO] Running org.apache.hadoop.ozone.security.TestOzoneBlockTokenSecretManager
[INFO] Tests run: 6, Failures: 0, Errors: 0, Skipped: 0, Time elapsed: 1.654 s - in org.apache.hadoop.ozone.security.TestOzoneBlockTokenSecretManager
[INFO] Running org.apache.hadoop.ozone.security.TestOzoneManagerBlockToken
[INFO] Tests run: 3, Failures: 0, Errors: 0, Skipped: 0, Time elapsed: 1.596 s - in org.apache.hadoop.ozone.security.TestOzoneManagerBlockToken
[INFO] Running org.apache.hadoop.ozone.security.TestOzoneTokenIdentifier
[INFO] Tests run: 4, Failures: 0, Errors: 0, Skipped: 0, Time elapsed: 1.553 s - in org.apache.hadoop.ozone.security.TestOzoneTokenIdentifier
[INFO] Running org.apache.hadoop.ozone.security.TestOzoneDelegationTokenSecretManager
[INFO] Tests run: 13, Failures: 0, Errors: 0, Skipped: 0, Time elapsed: 14.906 s - in org.apache.hadoop.ozone.security.TestOzoneDelegationTokenSecretManager
[INFO] 
[INFO] Results:
[INFO] 
[INFO] Tests run: 197, Failures: 0, Errors: 0, Skipped: 0
[INFO] 
[INFO] 
[INFO] ---------< org.apache.hadoop:hadoop-ozone-objectstore-service >---------
[INFO] Building Apache Hadoop Ozone Object Store REST Service 0.4.1-SNAPSHOT [14/26]
[INFO] --------------------------------[ jar ]---------------------------------
Downloading from apache.snapshots.https: https://repository.apache.org/content/repositories/snapshots/io/swagger/swagger-annotations/1.5.9/swagger-annotations-1.5.9.pom
Downloading from repository.jboss.org: http://repository.jboss.org/nexus/content/groups/public/io/swagger/swagger-annotations/1.5.9/swagger-annotations-1.5.9.pom
Downloading from central: https://repo.maven.apache.org/maven2/io/swagger/swagger-annotations/1.5.9/swagger-annotations-1.5.9.pom
Progress (1): 1.4/6.2 kBProgress (1): 2.7/6.2 kBProgress (1): 4.1/6.2 kBProgress (1): 5.5/6.2 kBProgress (1): 6.2 kB                        Downloaded from central: https://repo.maven.apache.org/maven2/io/swagger/swagger-annotations/1.5.9/swagger-annotations-1.5.9.pom (6.2 kB at 69 kB/s)
Downloading from apache.snapshots.https: https://repository.apache.org/content/repositories/snapshots/io/swagger/swagger-project/1.5.9/swagger-project-1.5.9.pom
Downloading from repository.jboss.org: http://repository.jboss.org/nexus/content/groups/public/io/swagger/swagger-project/1.5.9/swagger-project-1.5.9.pom
Downloading from central: https://repo.maven.apache.org/maven2/io/swagger/swagger-project/1.5.9/swagger-project-1.5.9.pom
Progress (1): 1.4/22 kBProgress (1): 2.7/22 kBProgress (1): 4.1/22 kBProgress (1): 5.5/22 kBProgress (1): 6.9/22 kBProgress (1): 8.2/22 kBProgress (1): 9.6/22 kBProgress (1): 11/22 kB Progress (1): 12/22 kBProgress (1): 14/22 kBProgress (1): 15/22 kBProgress (1): 16/22 kBProgress (1): 18/22 kBProgress (1): 19/22 kBProgress (1): 21/22 kBProgress (1): 22 kB                      Downloaded from central: https://repo.maven.apache.org/maven2/io/swagger/swagger-project/1.5.9/swagger-project-1.5.9.pom (22 kB at 741 kB/s)
Downloading from apache.snapshots.https: https://repository.apache.org/content/repositories/snapshots/org/sonatype/oss/oss-parent/5/oss-parent-5.pom
Downloading from repository.jboss.org: http://repository.jboss.org/nexus/content/groups/public/org/sonatype/oss/oss-parent/5/oss-parent-5.pom
Downloading from central: https://repo.maven.apache.org/maven2/org/sonatype/oss/oss-parent/5/oss-parent-5.pom
Progress (1): 1.4/4.1 kBProgress (1): 2.7/4.1 kBProgress (1): 4.1 kB                        Downloaded from central: https://repo.maven.apache.org/maven2/org/sonatype/oss/oss-parent/5/oss-parent-5.pom (4.1 kB at 194 kB/s)
Downloading from apache.snapshots.https: https://repository.apache.org/content/repositories/snapshots/io/swagger/swagger-annotations/1.5.9/swagger-annotations-1.5.9.jar
Downloading from repository.jboss.org: http://repository.jboss.org/nexus/content/groups/public/io/swagger/swagger-annotations/1.5.9/swagger-annotations-1.5.9.jar
Downloading from central: https://repo.maven.apache.org/maven2/io/swagger/swagger-annotations/1.5.9/swagger-annotations-1.5.9.jar
Progress (1): 1.4/16 kBProgress (1): 2.7/16 kBProgress (1): 4.1/16 kBProgress (1): 5.5/16 kBProgress (1): 6.9/16 kBProgress (1): 8.2/16 kBProgress (1): 9.6/16 kBProgress (1): 11/16 kB Progress (1): 12/16 kBProgress (1): 14/16 kBProgress (1): 15/16 kBProgress (1): 16 kB                      Downloaded from central: https://repo.maven.apache.org/maven2/io/swagger/swagger-annotations/1.5.9/swagger-annotations-1.5.9.jar (16 kB at 698 kB/s)
[INFO] 
[INFO] --- maven-antrun-plugin:1.7:run (create-testdirs) @ hadoop-ozone-objectstore-service ---
[INFO] Executing tasks

main:
    [mkdir] Created dir: /workdir/hadoop-ozone/objectstore-service/target/test-dir
[INFO] Executed tasks
[INFO] 
[INFO] --- maven-remote-resources-plugin:1.5:process (default) @ hadoop-ozone-objectstore-service ---
[INFO] 
[INFO] --- maven-resources-plugin:2.6:resources (default-resources) @ hadoop-ozone-objectstore-service ---
[INFO] Using 'UTF-8' encoding to copy filtered resources.
[INFO] Copying 1 resource
[INFO] Copying 2 resources
[INFO] 
[INFO] --- maven-compiler-plugin:3.1:compile (default-compile) @ hadoop-ozone-objectstore-service ---
[INFO] Compiling 43 source files to /workdir/hadoop-ozone/objectstore-service/target/classes
[WARNING] /workdir/hadoop-ozone/objectstore-service/src/main/java/org/apache/hadoop/ozone/web/handlers/BucketHandler.java: /workdir/hadoop-ozone/objectstore-service/src/main/java/org/apache/hadoop/ozone/web/handlers/BucketHandler.java uses unchecked or unsafe operations.
[WARNING] /workdir/hadoop-ozone/objectstore-service/src/main/java/org/apache/hadoop/ozone/web/handlers/BucketHandler.java: Recompile with -Xlint:unchecked for details.
[INFO] 
[INFO] --- maven-resources-plugin:2.6:testResources (default-testResources) @ hadoop-ozone-objectstore-service ---
[INFO] Using 'UTF-8' encoding to copy filtered resources.
[INFO] skip non existing resourceDirectory /workdir/hadoop-ozone/objectstore-service/src/test/resources
[INFO] Copying 2 resources
[INFO] 
[INFO] --- maven-compiler-plugin:3.1:testCompile (default-testCompile) @ hadoop-ozone-objectstore-service ---
[INFO] Compiling 2 source files to /workdir/hadoop-ozone/objectstore-service/target/test-classes
[INFO] 
[INFO] --- maven-surefire-plugin:3.0.0-M1:test (default-test) @ hadoop-ozone-objectstore-service ---
[INFO] 
[INFO] -------------------------------------------------------
[INFO]  T E S T S
[INFO] -------------------------------------------------------
[INFO] Running org.apache.hadoop.ozone.web.TestErrorCode
[INFO] Tests run: 2, Failures: 0, Errors: 0, Skipped: 0, Time elapsed: 0.488 s - in org.apache.hadoop.ozone.web.TestErrorCode
[INFO] 
[INFO] Results:
[INFO] 
[INFO] Tests run: 2, Failures: 0, Errors: 0, Skipped: 0
[INFO] 
[INFO] 
[INFO] --------------< org.apache.hadoop:hadoop-ozone-s3gateway >--------------
[INFO] Building Apache Hadoop Ozone S3 Gateway 0.4.1-SNAPSHOT           [15/26]
[INFO] --------------------------------[ jar ]---------------------------------
Downloading from apache.snapshots.https: https://repository.apache.org/content/repositories/snapshots/com/fasterxml/jackson/module/jackson-module-jaxb-annotations/2.9.5/jackson-module-jaxb-annotations-2.9.5.pom
Downloading from repository.jboss.org: http://repository.jboss.org/nexus/content/groups/public/com/fasterxml/jackson/module/jackson-module-jaxb-annotations/2.9.5/jackson-module-jaxb-annotations-2.9.5.pom
Downloading from central: https://repo.maven.apache.org/maven2/com/fasterxml/jackson/module/jackson-module-jaxb-annotations/2.9.5/jackson-module-jaxb-annotations-2.9.5.pom
Progress (1): 1.4/2.0 kBProgress (1): 2.0 kB                        Downloaded from central: https://repo.maven.apache.org/maven2/com/fasterxml/jackson/module/jackson-module-jaxb-annotations/2.9.5/jackson-module-jaxb-annotations-2.9.5.pom (2.0 kB at 83 kB/s)
Downloading from apache.snapshots.https: https://repository.apache.org/content/repositories/snapshots/com/fasterxml/jackson/module/jackson-modules-base/2.9.5/jackson-modules-base-2.9.5.pom
Downloading from repository.jboss.org: http://repository.jboss.org/nexus/content/groups/public/com/fasterxml/jackson/module/jackson-modules-base/2.9.5/jackson-modules-base-2.9.5.pom
Downloading from central: https://repo.maven.apache.org/maven2/com/fasterxml/jackson/module/jackson-modules-base/2.9.5/jackson-modules-base-2.9.5.pom
Progress (1): 1.4/2.6 kBProgress (1): 2.6 kB                        Downloaded from central: https://repo.maven.apache.org/maven2/com/fasterxml/jackson/module/jackson-modules-base/2.9.5/jackson-modules-base-2.9.5.pom (2.6 kB at 96 kB/s)
Downloading from apache.snapshots.https: https://repository.apache.org/content/repositories/snapshots/com/fasterxml/jackson/module/jackson-module-jaxb-annotations/2.9.5/jackson-module-jaxb-annotations-2.9.5.jar
Downloading from repository.jboss.org: http://repository.jboss.org/nexus/content/groups/public/com/fasterxml/jackson/module/jackson-module-jaxb-annotations/2.9.5/jackson-module-jaxb-annotations-2.9.5.jar
Downloading from central: https://repo.maven.apache.org/maven2/com/fasterxml/jackson/module/jackson-module-jaxb-annotations/2.9.5/jackson-module-jaxb-annotations-2.9.5.jar
Progress (1): 1.4/33 kBProgress (1): 2.7/33 kBProgress (1): 4.1/33 kBProgress (1): 5.5/33 kBProgress (1): 6.9/33 kBProgress (1): 8.2/33 kBProgress (1): 9.6/33 kBProgress (1): 11/33 kB Progress (1): 12/33 kBProgress (1): 14/33 kBProgress (1): 15/33 kBProgress (1): 16/33 kBProgress (1): 18/33 kBProgress (1): 19/33 kBProgress (1): 21/33 kBProgress (1): 22/33 kBProgress (1): 23/33 kBProgress (1): 25/33 kBProgress (1): 26/33 kBProgress (1): 27/33 kBProgress (1): 29/33 kBProgress (1): 30/33 kBProgress (1): 32/33 kBProgress (1): 33 kB                      Downloaded from central: https://repo.maven.apache.org/maven2/com/fasterxml/jackson/module/jackson-module-jaxb-annotations/2.9.5/jackson-module-jaxb-annotations-2.9.5.jar (33 kB at 1.1 MB/s)
[INFO] 
[INFO] --- maven-antrun-plugin:1.7:run (create-testdirs) @ hadoop-ozone-s3gateway ---
[INFO] Executing tasks

main:
    [mkdir] Created dir: /workdir/hadoop-ozone/s3gateway/target/test-dir
[INFO] Executed tasks
[INFO] 
[INFO] --- maven-remote-resources-plugin:1.5:process (default) @ hadoop-ozone-s3gateway ---
[INFO] 
[INFO] --- maven-resources-plugin:2.6:resources (default-resources) @ hadoop-ozone-s3gateway ---
[INFO] Using 'UTF-8' encoding to copy filtered resources.
[INFO] Copying 7 resources
[INFO] Copying 2 resources
[INFO] 
[INFO] --- maven-compiler-plugin:3.1:compile (default-compile) @ hadoop-ozone-s3gateway ---
[INFO] Compiling 57 source files to /workdir/hadoop-ozone/s3gateway/target/classes
[WARNING] /workdir/hadoop-ozone/s3gateway/src/main/java/org/apache/hadoop/ozone/s3/OzoneClientProducer.java: /workdir/hadoop-ozone/s3gateway/src/main/java/org/apache/hadoop/ozone/s3/OzoneClientProducer.java uses unchecked or unsafe operations.
[WARNING] /workdir/hadoop-ozone/s3gateway/src/main/java/org/apache/hadoop/ozone/s3/OzoneClientProducer.java: Recompile with -Xlint:unchecked for details.
[INFO] 
[INFO] --- maven-resources-plugin:2.6:testResources (default-testResources) @ hadoop-ozone-s3gateway ---
[INFO] Using 'UTF-8' encoding to copy filtered resources.
[INFO] Copying 1 resource
[INFO] Copying 2 resources
[INFO] 
[INFO] --- maven-compiler-plugin:3.1:testCompile (default-testCompile) @ hadoop-ozone-s3gateway ---
[INFO] Compiling 36 source files to /workdir/hadoop-ozone/s3gateway/target/test-classes
[INFO] 
[INFO] --- maven-surefire-plugin:3.0.0-M1:test (default-test) @ hadoop-ozone-s3gateway ---
[INFO] 
[INFO] -------------------------------------------------------
[INFO]  T E S T S
[INFO] -------------------------------------------------------
[INFO] Running org.apache.hadoop.ozone.s3.util.TestRangeHeaderParserUtil
[INFO] Tests run: 1, Failures: 0, Errors: 0, Skipped: 0, Time elapsed: 0.066 s - in org.apache.hadoop.ozone.s3.util.TestRangeHeaderParserUtil
[INFO] Running org.apache.hadoop.ozone.s3.util.TestRFC1123Util
[INFO] Tests run: 1, Failures: 0, Errors: 0, Skipped: 0, Time elapsed: 0.093 s - in org.apache.hadoop.ozone.s3.util.TestRFC1123Util
[INFO] Running org.apache.hadoop.ozone.s3.util.TestContinueToken
[INFO] Tests run: 2, Failures: 0, Errors: 0, Skipped: 0, Time elapsed: 0.093 s - in org.apache.hadoop.ozone.s3.util.TestContinueToken
[INFO] Running org.apache.hadoop.ozone.s3.TestOzoneClientProducer
[INFO] Tests run: 2, Failures: 0, Errors: 0, Skipped: 0, Time elapsed: 1.558 s - in org.apache.hadoop.ozone.s3.TestOzoneClientProducer
[INFO] Running org.apache.hadoop.ozone.s3.header.TestAuthorizationHeaderV4
[INFO] Tests run: 13, Failures: 0, Errors: 0, Skipped: 0, Time elapsed: 0.603 s - in org.apache.hadoop.ozone.s3.header.TestAuthorizationHeaderV4
[INFO] Running org.apache.hadoop.ozone.s3.header.TestAuthorizationHeaderV2
[INFO] Tests run: 5, Failures: 0, Errors: 0, Skipped: 0, Time elapsed: 0.461 s - in org.apache.hadoop.ozone.s3.header.TestAuthorizationHeaderV2
[INFO] Running org.apache.hadoop.ozone.s3.TestSignedChunksInputStream
[INFO] Tests run: 4, Failures: 0, Errors: 0, Skipped: 0, Time elapsed: 0.082 s - in org.apache.hadoop.ozone.s3.TestSignedChunksInputStream
[INFO] Running org.apache.hadoop.ozone.s3.endpoint.TestInitiateMultipartUpload
[INFO] Tests run: 1, Failures: 0, Errors: 0, Skipped: 0, Time elapsed: 1.001 s - in org.apache.hadoop.ozone.s3.endpoint.TestInitiateMultipartUpload
[INFO] Running org.apache.hadoop.ozone.s3.endpoint.TestMultiDeleteRequestUnmarshaller
[INFO] Tests run: 2, Failures: 0, Errors: 0, Skipped: 0, Time elapsed: 0.374 s - in org.apache.hadoop.ozone.s3.endpoint.TestMultiDeleteRequestUnmarshaller
[INFO] Running org.apache.hadoop.ozone.s3.endpoint.TestObjectGet
[INFO] Tests run: 1, Failures: 0, Errors: 0, Skipped: 0, Time elapsed: 0.944 s - in org.apache.hadoop.ozone.s3.endpoint.TestObjectGet
[INFO] Running org.apache.hadoop.ozone.s3.endpoint.TestPartUpload
[INFO] Tests run: 3, Failures: 0, Errors: 0, Skipped: 0, Time elapsed: 1.145 s - in org.apache.hadoop.ozone.s3.endpoint.TestPartUpload
[INFO] Running org.apache.hadoop.ozone.s3.endpoint.TestListParts
[INFO] Tests run: 3, Failures: 0, Errors: 0, Skipped: 0, Time elapsed: 0.818 s - in org.apache.hadoop.ozone.s3.endpoint.TestListParts
[INFO] Running org.apache.hadoop.ozone.s3.endpoint.TestMultipartUploadComplete
[INFO] Tests run: 3, Failures: 0, Errors: 0, Skipped: 0, Time elapsed: 1.248 s - in org.apache.hadoop.ozone.s3.endpoint.TestMultipartUploadComplete
[INFO] Running org.apache.hadoop.ozone.s3.endpoint.TestBucketGet
[INFO] Tests run: 11, Failures: 0, Errors: 0, Skipped: 0, Time elapsed: 0.555 s - in org.apache.hadoop.ozone.s3.endpoint.TestBucketGet
[INFO] Running org.apache.hadoop.ozone.s3.endpoint.TestBucketDelete
[INFO] Tests run: 3, Failures: 0, Errors: 0, Skipped: 0, Time elapsed: 0.493 s - in org.apache.hadoop.ozone.s3.endpoint.TestBucketDelete
[INFO] Running org.apache.hadoop.ozone.s3.endpoint.TestObjectPut
[INFO] Tests run: 5, Failures: 0, Errors: 0, Skipped: 0, Time elapsed: 1.181 s - in org.apache.hadoop.ozone.s3.endpoint.TestObjectPut
[INFO] Running org.apache.hadoop.ozone.s3.endpoint.TestObjectMultiDelete
[INFO] Tests run: 2, Failures: 0, Errors: 0, Skipped: 0, Time elapsed: 0.184 s - in org.apache.hadoop.ozone.s3.endpoint.TestObjectMultiDelete
[INFO] Running org.apache.hadoop.ozone.s3.endpoint.TestObjectDelete
[INFO] Tests run: 1, Failures: 0, Errors: 0, Skipped: 0, Time elapsed: 0.254 s - in org.apache.hadoop.ozone.s3.endpoint.TestObjectDelete
[INFO] Running org.apache.hadoop.ozone.s3.endpoint.TestBucketResponse
[INFO] Tests run: 1, Failures: 0, Errors: 0, Skipped: 0, Time elapsed: 0.368 s - in org.apache.hadoop.ozone.s3.endpoint.TestBucketResponse
[INFO] Running org.apache.hadoop.ozone.s3.endpoint.TestObjectHead
[INFO] Tests run: 2, Failures: 0, Errors: 0, Skipped: 0, Time elapsed: 0.291 s - in org.apache.hadoop.ozone.s3.endpoint.TestObjectHead
[INFO] Running org.apache.hadoop.ozone.s3.endpoint.TestBucketHead
[INFO] Tests run: 2, Failures: 0, Errors: 0, Skipped: 0, Time elapsed: 0.496 s - in org.apache.hadoop.ozone.s3.endpoint.TestBucketHead
[INFO] Running org.apache.hadoop.ozone.s3.endpoint.TestObjectEndpoint
[INFO] Tests run: 2, Failures: 0, Errors: 0, Skipped: 0, Time elapsed: 0.165 s - in org.apache.hadoop.ozone.s3.endpoint.TestObjectEndpoint
[INFO] Running org.apache.hadoop.ozone.s3.endpoint.TestRootList
[INFO] Tests run: 1, Failures: 0, Errors: 0, Skipped: 0, Time elapsed: 0.277 s - in org.apache.hadoop.ozone.s3.endpoint.TestRootList
[INFO] Running org.apache.hadoop.ozone.s3.endpoint.TestAbortMultipartUpload
[INFO] Tests run: 1, Failures: 0, Errors: 0, Skipped: 0, Time elapsed: 1.273 s - in org.apache.hadoop.ozone.s3.endpoint.TestAbortMultipartUpload
[INFO] Running org.apache.hadoop.ozone.s3.endpoint.TestMultipartUploadWithCopy
[INFO] Tests run: 1, Failures: 0, Errors: 0, Skipped: 0, Time elapsed: 0.979 s - in org.apache.hadoop.ozone.s3.endpoint.TestMultipartUploadWithCopy
[INFO] Running org.apache.hadoop.ozone.s3.TestVirtualHostStyleFilter
[INFO] Tests run: 6, Failures: 0, Errors: 0, Skipped: 0, Time elapsed: 1.266 s - in org.apache.hadoop.ozone.s3.TestVirtualHostStyleFilter
[INFO] Running org.apache.hadoop.ozone.s3.exception.TestOS3Exception
[INFO] Tests run: 1, Failures: 0, Errors: 0, Skipped: 0, Time elapsed: 0.569 s - in org.apache.hadoop.ozone.s3.exception.TestOS3Exception
[INFO] 
[INFO] Results:
[INFO] 
[INFO] Tests run: 80, Failures: 0, Errors: 0, Skipped: 0
[INFO] 
[INFO] 
[INFO] -----------------< org.apache.hadoop:hadoop-ozone-csi >-----------------
[INFO] Building Apache Hadoop Ozone CSI service 0.4.1-SNAPSHOT          [16/26]
[INFO] --------------------------------[ jar ]---------------------------------
Downloading from repository.jboss.org: http://repository.jboss.org/nexus/content/groups/public/io/grpc/grpc-core/maven-metadata.xml
Downloading from central: https://repo.maven.apache.org/maven2/io/grpc/grpc-core/maven-metadata.xml
Downloading from apache.snapshots.https: https://repository.apache.org/content/repositories/snapshots/io/grpc/grpc-core/maven-metadata.xml
Progress (1): 1.4/2.1 kBProgress (1): 2.1 kB                        Downloaded from central: https://repo.maven.apache.org/maven2/io/grpc/grpc-core/maven-metadata.xml (2.1 kB at 78 kB/s)
Downloading from apache.snapshots.https: https://repository.apache.org/content/repositories/snapshots/io/netty/netty-codec-http2/maven-metadata.xml
Downloading from central: https://repo.maven.apache.org/maven2/io/netty/netty-codec-http2/maven-metadata.xml
Downloading from repository.jboss.org: http://repository.jboss.org/nexus/content/groups/public/io/netty/netty-codec-http2/maven-metadata.xml
Progress (1): 1.4/2.4 kBProgress (1): 2.4 kB                        Downloaded from central: https://repo.maven.apache.org/maven2/io/netty/netty-codec-http2/maven-metadata.xml (2.4 kB at 109 kB/s)
[INFO] 
[INFO] --- maven-antrun-plugin:1.7:run (create-testdirs) @ hadoop-ozone-csi ---
[INFO] Executing tasks

main:
    [mkdir] Created dir: /workdir/hadoop-ozone/csi/target/test-dir
[INFO] Executed tasks
[INFO] 
[INFO] --- protobuf-maven-plugin:0.5.1:compile (compile-protoc) @ hadoop-ozone-csi ---
[INFO] Compiling 1 proto file(s) to /workdir/hadoop-ozone/csi/target/generated-sources/java
[INFO] 
[INFO] --- protobuf-maven-plugin:0.5.1:compile-custom (compile-protoc) @ hadoop-ozone-csi ---
[INFO] Compiling 1 proto file(s) to /workdir/hadoop-ozone/csi/target/generated-sources/java
[INFO] 
[INFO] --- maven-remote-resources-plugin:1.5:process (default) @ hadoop-ozone-csi ---
[INFO] artifact io.grpc:grpc-core: checking for updates from apache.snapshots.https
[INFO] artifact io.grpc:grpc-core: checking for updates from repository.jboss.org
[INFO] artifact io.grpc:grpc-core: checking for updates from central
[INFO] artifact io.netty:netty-codec-http2: checking for updates from apache.snapshots.https
[INFO] artifact io.netty:netty-codec-http2: checking for updates from repository.jboss.org
[INFO] artifact io.netty:netty-codec-http2: checking for updates from central
[INFO] 
[INFO] --- maven-resources-plugin:2.6:resources (default-resources) @ hadoop-ozone-csi ---
[INFO] Using 'UTF-8' encoding to copy filtered resources.
[INFO] skip non existing resourceDirectory /workdir/hadoop-ozone/csi/src/main/resources
[INFO] Copying 1 resource
[INFO] Copying 1 resource
[INFO] Copying 2 resources
[INFO] 
[INFO] --- maven-compiler-plugin:3.1:compile (default-compile) @ hadoop-ozone-csi ---
[INFO] Compiling 9 source files to /workdir/hadoop-ozone/csi/target/classes
[INFO] 
[INFO] --- protobuf-maven-plugin:0.5.1:test-compile (compile-protoc) @ hadoop-ozone-csi ---
[INFO] /workdir/hadoop-ozone/csi/src/test/proto does not exist. Review the configuration or consider disabling the plugin.
[INFO] 
[INFO] --- protobuf-maven-plugin:0.5.1:test-compile-custom (compile-protoc) @ hadoop-ozone-csi ---
[INFO] /workdir/hadoop-ozone/csi/src/test/proto does not exist. Review the configuration or consider disabling the plugin.
[INFO] 
[INFO] --- maven-resources-plugin:2.6:testResources (default-testResources) @ hadoop-ozone-csi ---
[INFO] Using 'UTF-8' encoding to copy filtered resources.
[INFO] skip non existing resourceDirectory /workdir/hadoop-ozone/csi/src/test/resources
[INFO] Copying 2 resources
[INFO] 
[INFO] --- maven-compiler-plugin:3.1:testCompile (default-testCompile) @ hadoop-ozone-csi ---
[INFO] No sources to compile
[INFO] 
[INFO] --- maven-surefire-plugin:3.0.0-M1:test (default-test) @ hadoop-ozone-csi ---
[INFO] 
[INFO] ------------< org.apache.hadoop:hadoop-ozone-reconcodegen >-------------
[INFO] Building Apache Hadoop Ozone Recon CodeGen 0.4.1-SNAPSHOT        [17/26]
[INFO] --------------------------------[ jar ]---------------------------------
[INFO] 
[INFO] --- maven-antrun-plugin:1.7:run (create-testdirs) @ hadoop-ozone-reconcodegen ---
[INFO] Executing tasks

main:
    [mkdir] Created dir: /workdir/hadoop-ozone/ozone-recon-codegen/target/test-dir
[INFO] Executed tasks
[INFO] 
[INFO] --- maven-remote-resources-plugin:1.5:process (default) @ hadoop-ozone-reconcodegen ---
[INFO] 
[INFO] --- maven-resources-plugin:2.6:resources (default-resources) @ hadoop-ozone-reconcodegen ---
[INFO] Using 'UTF-8' encoding to copy filtered resources.
[INFO] skip non existing resourceDirectory /workdir/hadoop-ozone/ozone-recon-codegen/src/main/resources
[INFO] Copying 2 resources
[INFO] 
[INFO] --- maven-compiler-plugin:3.1:compile (default-compile) @ hadoop-ozone-reconcodegen ---
[INFO] Compiling 9 source files to /workdir/hadoop-ozone/ozone-recon-codegen/target/classes
[INFO] 
[INFO] --- maven-resources-plugin:2.6:testResources (default-testResources) @ hadoop-ozone-reconcodegen ---
[INFO] Using 'UTF-8' encoding to copy filtered resources.
[INFO] skip non existing resourceDirectory /workdir/hadoop-ozone/ozone-recon-codegen/src/test/resources
[INFO] Copying 2 resources
[INFO] 
[INFO] --- maven-compiler-plugin:3.1:testCompile (default-testCompile) @ hadoop-ozone-reconcodegen ---
[INFO] No sources to compile
[INFO] 
[INFO] --- maven-surefire-plugin:3.0.0-M1:test (default-test) @ hadoop-ozone-reconcodegen ---
[INFO] 
[INFO] ----------------< org.apache.hadoop:hadoop-ozone-recon >----------------
[INFO] Building Apache Hadoop Ozone Recon 0.4.1-SNAPSHOT                [18/26]
[INFO] --------------------------------[ jar ]---------------------------------
Downloading from apache.snapshots.https: https://repository.apache.org/content/repositories/snapshots/org/powermock/powermock-module-junit4/1.7.4/powermock-module-junit4-1.7.4.pom
Downloading from repository.jboss.org: http://repository.jboss.org/nexus/content/groups/public/org/powermock/powermock-module-junit4/1.7.4/powermock-module-junit4-1.7.4.pom
Downloading from central: https://repo.maven.apache.org/maven2/org/powermock/powermock-module-junit4/1.7.4/powermock-module-junit4-1.7.4.pom
Progress (1): 1.4/6.2 kBProgress (1): 2.7/6.2 kBProgress (1): 4.1/6.2 kBProgress (1): 5.5/6.2 kBProgress (1): 6.2 kB                        Downloaded from central: https://repo.maven.apache.org/maven2/org/powermock/powermock-module-junit4/1.7.4/powermock-module-junit4-1.7.4.pom (6.2 kB at 246 kB/s)
Downloading from apache.snapshots.https: https://repository.apache.org/content/repositories/snapshots/org/powermock/powermock-module-junit4-common/1.7.4/powermock-module-junit4-common-1.7.4.pom
Downloading from repository.jboss.org: http://repository.jboss.org/nexus/content/groups/public/org/powermock/powermock-module-junit4-common/1.7.4/powermock-module-junit4-common-1.7.4.pom
Downloading from central: https://repo.maven.apache.org/maven2/org/powermock/powermock-module-junit4-common/1.7.4/powermock-module-junit4-common-1.7.4.pom
Progress (1): 1.4/6.3 kBProgress (1): 2.7/6.3 kBProgress (1): 4.1/6.3 kBProgress (1): 5.5/6.3 kBProgress (1): 6.3 kB                        Downloaded from central: https://repo.maven.apache.org/maven2/org/powermock/powermock-module-junit4-common/1.7.4/powermock-module-junit4-common-1.7.4.pom (6.3 kB at 288 kB/s)
Downloading from apache.snapshots.https: https://repository.apache.org/content/repositories/snapshots/org/powermock/powermock-reflect/1.7.4/powermock-reflect-1.7.4.pom
Downloading from repository.jboss.org: http://repository.jboss.org/nexus/content/groups/public/org/powermock/powermock-reflect/1.7.4/powermock-reflect-1.7.4.pom
Downloading from central: https://repo.maven.apache.org/maven2/org/powermock/powermock-reflect/1.7.4/powermock-reflect-1.7.4.pom
Progress (1): 1.4/5.6 kBProgress (1): 2.7/5.6 kBProgress (1): 4.1/5.6 kBProgress (1): 5.5/5.6 kBProgress (1): 5.6 kB                        Downloaded from central: https://repo.maven.apache.org/maven2/org/powermock/powermock-reflect/1.7.4/powermock-reflect-1.7.4.pom (5.6 kB at 268 kB/s)
Downloading from apache.snapshots.https: https://repository.apache.org/content/repositories/snapshots/org/powermock/powermock-core/1.7.4/powermock-core-1.7.4.pom
Downloading from repository.jboss.org: http://repository.jboss.org/nexus/content/groups/public/org/powermock/powermock-core/1.7.4/powermock-core-1.7.4.pom
Downloading from central: https://repo.maven.apache.org/maven2/org/powermock/powermock-core/1.7.4/powermock-core-1.7.4.pom
Progress (1): 1.4/6.0 kBProgress (1): 2.7/6.0 kBProgress (1): 4.1/6.0 kBProgress (1): 5.5/6.0 kBProgress (1): 6.0 kB                        Downloaded from central: https://repo.maven.apache.org/maven2/org/powermock/powermock-core/1.7.4/powermock-core-1.7.4.pom (6.0 kB at 272 kB/s)
Downloading from apache.snapshots.https: https://repository.apache.org/content/repositories/snapshots/org/powermock/powermock-api-mockito2/1.7.4/powermock-api-mockito2-1.7.4.pom
Downloading from repository.jboss.org: http://repository.jboss.org/nexus/content/groups/public/org/powermock/powermock-api-mockito2/1.7.4/powermock-api-mockito2-1.7.4.pom
Downloading from central: https://repo.maven.apache.org/maven2/org/powermock/powermock-api-mockito2/1.7.4/powermock-api-mockito2-1.7.4.pom
Progress (1): 1.4/5.8 kBProgress (1): 2.7/5.8 kBProgress (1): 4.1/5.8 kBProgress (1): 5.5/5.8 kBProgress (1): 5.8 kB                        Downloaded from central: https://repo.maven.apache.org/maven2/org/powermock/powermock-api-mockito2/1.7.4/powermock-api-mockito2-1.7.4.pom (5.8 kB at 264 kB/s)
Downloading from apache.snapshots.https: https://repository.apache.org/content/repositories/snapshots/org/powermock/powermock-api-mockito-common/1.7.4/powermock-api-mockito-common-1.7.4.pom
Downloading from repository.jboss.org: http://repository.jboss.org/nexus/content/groups/public/org/powermock/powermock-api-mockito-common/1.7.4/powermock-api-mockito-common-1.7.4.pom
Downloading from central: https://repo.maven.apache.org/maven2/org/powermock/powermock-api-mockito-common/1.7.4/powermock-api-mockito-common-1.7.4.pom
Progress (1): 1.4/6.4 kBProgress (1): 2.7/6.4 kBProgress (1): 4.1/6.4 kBProgress (1): 5.5/6.4 kBProgress (1): 6.4 kB                        Downloaded from central: https://repo.maven.apache.org/maven2/org/powermock/powermock-api-mockito-common/1.7.4/powermock-api-mockito-common-1.7.4.pom (6.4 kB at 277 kB/s)
Downloading from apache.snapshots.https: https://repository.apache.org/content/repositories/snapshots/org/powermock/powermock-api-support/1.7.4/powermock-api-support-1.7.4.pom
Downloading from repository.jboss.org: http://repository.jboss.org/nexus/content/groups/public/org/powermock/powermock-api-support/1.7.4/powermock-api-support-1.7.4.pom
Downloading from central: https://repo.maven.apache.org/maven2/org/powermock/powermock-api-support/1.7.4/powermock-api-support-1.7.4.pom
Progress (1): 1.4/5.8 kBProgress (1): 2.7/5.8 kBProgress (1): 4.1/5.8 kBProgress (1): 5.5/5.8 kBProgress (1): 5.8 kB                        Downloaded from central: https://repo.maven.apache.org/maven2/org/powermock/powermock-api-support/1.7.4/powermock-api-support-1.7.4.pom (5.8 kB at 264 kB/s)
Downloading from apache.snapshots.https: https://repository.apache.org/content/repositories/snapshots/org/javassist/javassist/3.21.0-GA/javassist-3.21.0-GA.pom
Downloading from repository.jboss.org: http://repository.jboss.org/nexus/content/groups/public/org/javassist/javassist/3.21.0-GA/javassist-3.21.0-GA.pom
Downloading from central: https://repo.maven.apache.org/maven2/org/javassist/javassist/3.21.0-GA/javassist-3.21.0-GA.pom
Progress (1): 1.4/9.8 kBProgress (1): 2.7/9.8 kBProgress (1): 4.1/9.8 kBProgress (1): 5.5/9.8 kBProgress (1): 6.9/9.8 kBProgress (1): 8.2/9.8 kBProgress (1): 9.6/9.8 kBProgress (1): 9.8 kB                        Downloaded from central: https://repo.maven.apache.org/maven2/org/javassist/javassist/3.21.0-GA/javassist-3.21.0-GA.pom (9.8 kB at 393 kB/s)
Downloading from apache.snapshots.https: https://repository.apache.org/content/repositories/snapshots/org/powermock/powermock-module-junit4/1.7.4/powermock-module-junit4-1.7.4.jar
Downloading from apache.snapshots.https: https://repository.apache.org/content/repositories/snapshots/org/powermock/powermock-reflect/1.7.4/powermock-reflect-1.7.4.jar
Downloading from apache.snapshots.https: https://repository.apache.org/content/repositories/snapshots/org/powermock/powermock-api-mockito2/1.7.4/powermock-api-mockito2-1.7.4.jar
Downloading from apache.snapshots.https: https://repository.apache.org/content/repositories/snapshots/org/powermock/powermock-core/1.7.4/powermock-core-1.7.4.jar
Downloading from apache.snapshots.https: https://repository.apache.org/content/repositories/snapshots/org/powermock/powermock-module-junit4-common/1.7.4/powermock-module-junit4-common-1.7.4.jar
Downloading from apache.snapshots.https: https://repository.apache.org/content/repositories/snapshots/org/powermock/powermock-api-mockito-common/1.7.4/powermock-api-mockito-common-1.7.4.jar
Downloading from apache.snapshots.https: https://repository.apache.org/content/repositories/snapshots/org/powermock/powermock-api-support/1.7.4/powermock-api-support-1.7.4.jar
Downloading from repository.jboss.org: http://repository.jboss.org/nexus/content/groups/public/org/powermock/powermock-module-junit4/1.7.4/powermock-module-junit4-1.7.4.jar
Downloading from repository.jboss.org: http://repository.jboss.org/nexus/content/groups/public/org/powermock/powermock-core/1.7.4/powermock-core-1.7.4.jar
Downloading from repository.jboss.org: http://repository.jboss.org/nexus/content/groups/public/org/powermock/powermock-reflect/1.7.4/powermock-reflect-1.7.4.jar
Downloading from repository.jboss.org: http://repository.jboss.org/nexus/content/groups/public/org/powermock/powermock-module-junit4-common/1.7.4/powermock-module-junit4-common-1.7.4.jar
Downloading from repository.jboss.org: http://repository.jboss.org/nexus/content/groups/public/org/powermock/powermock-api-mockito2/1.7.4/powermock-api-mockito2-1.7.4.jar
Downloading from repository.jboss.org: http://repository.jboss.org/nexus/content/groups/public/org/powermock/powermock-api-mockito-common/1.7.4/powermock-api-mockito-common-1.7.4.jar
Downloading from repository.jboss.org: http://repository.jboss.org/nexus/content/groups/public/org/powermock/powermock-api-support/1.7.4/powermock-api-support-1.7.4.jar
Downloading from central: https://repo.maven.apache.org/maven2/org/powermock/powermock-module-junit4/1.7.4/powermock-module-junit4-1.7.4.jar
Downloading from central: https://repo.maven.apache.org/maven2/org/powermock/powermock-api-mockito2/1.7.4/powermock-api-mockito2-1.7.4.jar
Downloading from central: https://repo.maven.apache.org/maven2/org/powermock/powermock-core/1.7.4/powermock-core-1.7.4.jar
Downloading from central: https://repo.maven.apache.org/maven2/org/powermock/powermock-reflect/1.7.4/powermock-reflect-1.7.4.jar
Downloading from central: https://repo.maven.apache.org/maven2/org/powermock/powermock-module-junit4-common/1.7.4/powermock-module-junit4-common-1.7.4.jar
Progress (1): 1.4/48 kBProgress (1): 2.7/48 kBProgress (1): 4.1/48 kBProgress (1): 5.5/48 kBProgress (1): 6.9/48 kBProgress (1): 8.2/48 kBProgress (1): 9.6/48 kBProgress (1): 11/48 kB Progress (1): 12/48 kBProgress (1): 14/48 kBProgress (1): 15/48 kBProgress (1): 16/48 kBProgress (1): 18/48 kBProgress (1): 19/48 kBProgress (1): 21/48 kBProgress (1): 22/48 kBProgress (1): 23/48 kBProgress (1): 25/48 kBProgress (1): 26/48 kBProgress (1): 27/48 kBProgress (1): 29/48 kBProgress (1): 30/48 kBProgress (1): 32/48 kBProgress (1): 33/48 kBProgress (1): 34/48 kBProgress (1): 36/48 kBProgress (1): 37/48 kBProgress (1): 38/48 kBProgress (1): 40/48 kBProgress (1): 41/48 kBProgress (1): 43/48 kBProgress (1): 44/48 kBProgress (1): 45/48 kBProgress (1): 47/48 kBProgress (1): 48 kB                      Downloaded from central: https://repo.maven.apache.org/maven2/org/powermock/powermock-module-junit4/1.7.4/powermock-module-junit4-1.7.4.jar (48 kB at 1.5 MB/s)
Downloading from central: https://repo.maven.apache.org/maven2/org/powermock/powermock-api-mockito-common/1.7.4/powermock-api-mockito-common-1.7.4.jar
Progress (1): 4.1/36 kBProgress (1): 8.2/36 kBProgress (1): 12/36 kB Progress (1): 16/36 kBProgress (1): 20/36 kBProgress (1): 25/36 kBProgress (1): 29/36 kBProgress (1): 33/36 kBProgress (1): 36 kB   Progress (2): 36 kB | 2.2/18 kBProgress (2): 36 kB | 5.0/18 kBProgress (2): 36 kB | 7.7/18 kBProgress (3): 36 kB | 7.7/18 kB | 2.2/59 kBProgress (3): 36 kB | 7.7/18 kB | 5.0/59 kBProgress (3): 36 kB | 7.7/18 kB | 7.7/59 kBProgress (4): 36 kB | 7.7/18 kB | 7.7/59 kB | 2.2/66 kBProgress (4): 36 kB | 7.7/18 kB | 7.7/59 kB | 5.0/66 kBProgress (4): 36 kB | 7.7/18 kB | 7.7/59 kB | 7.7/66 kBProgress (5): 36 kB | 7.7/18 kB | 7.7/59 kB | 7.7/66 kB | 2.2/146 kBProgress (5): 36 kB | 7.7/18 kB | 7.7/59 kB | 7.7/66 kB | 5.0/146 kBProgress (5): 36 kB | 7.7/18 kB | 7.7/59 kB | 7.7/66 kB | 7.7/146 kBProgress (5): 36 kB | 10/18 kB | 7.7/59 kB | 7.7/66 kB | 7.7/146 kB Progress (5): 36 kB | 13/18 kB | 7.7/59 kB | 7.7/66 kB | 7.7/146 kBProgress (5): 36 kB | 16/18 kB | 7.7/59 kB | 7.7/66 kB | 7.7/146 kBProgress (5): 36 kB | 18 kB | 7.7/59 kB | 7.7/66 kB | 7.7/146 kB   Progress (5): 36 kB | 18 kB | 10/59 kB | 7.7/66 kB | 7.7/146 kB Progress (5): 36 kB | 18 kB | 13/59 kB | 7.7/66 kB | 7.7/146 kBProgress (5): 36 kB | 18 kB | 16/59 kB | 7.7/66 kB | 7.7/146 kBProgress (5): 36 kB | 18 kB | 19/59 kB | 7.7/66 kB | 7.7/146 kBProgress (5): 36 kB | 18 kB | 19/59 kB | 10/66 kB | 7.7/146 kB Progress (5): 36 kB | 18 kB | 21/59 kB | 10/66 kB | 7.7/146 kBProgress (5): 36 kB | 18 kB | 21/59 kB | 13/66 kB | 7.7/146 kBProgress (5): 36 kB | 18 kB | 24/59 kB | 13/66 kB | 7.7/146 kBProgress (5): 36 kB | 18 kB | 24/59 kB | 16/66 kB | 7.7/146 kBProgress (5): 36 kB | 18 kB | 27/59 kB | 16/66 kB | 7.7/146 kBProgress (5): 36 kB | 18 kB | 27/59 kB | 19/66 kB | 7.7/146 kBProgress (5): 36 kB | 18 kB | 30/59 kB | 19/66 kB | 7.7/146 kBProgress (5): 36 kB | 18 kB | 30/59 kB | 19/66 kB | 10/146 kB Progress (5): 36 kB | 18 kB | 30/59 kB | 21/66 kB | 10/146 kBProgress (5): 36 kB | 18 kB | 30/59 kB | 21/66 kB | 13/146 kBProgress (5): 36 kB | 18 kB | 30/59 kB | 24/66 kB | 13/146 kBProgress (5): 36 kB | 18 kB | 30/59 kB | 24/66 kB | 16/146 kBProgress (5): 36 kB | 18 kB | 30/59 kB | 27/66 kB | 16/146 kBProgress (5): 36 kB | 18 kB | 30/59 kB | 27/66 kB | 19/146 kBProgress (5): 36 kB | 18 kB | 30/59 kB | 30/66 kB | 19/146 kBProgress (5): 36 kB | 18 kB | 30/59 kB | 30/66 kB | 21/146 kBProgress (5): 36 kB | 18 kB | 30/59 kB | 30/66 kB | 24/146 kBProgress (5): 36 kB | 18 kB | 30/59 kB | 30/66 kB | 27/146 kBProgress (5): 36 kB | 18 kB | 30/59 kB | 30/66 kB | 30/146 kBProgress (5): 36 kB | 18 kB | 32/59 kB | 30/66 kB | 30/146 kBProgress (5): 36 kB | 18 kB | 32/59 kB | 32/66 kB | 30/146 kB                                                             Downloaded from central: https://repo.maven.apache.org/maven2/org/powermock/powermock-module-junit4-common/1.7.4/powermock-module-junit4-common-1.7.4.jar (18 kB at 221 kB/s)
Progress (4): 36 kB | 36/59 kB | 32/66 kB | 30/146 kBProgress (4): 36 kB | 36/59 kB | 36/66 kB | 30/146 kB                                                     Downloading from central: https://repo.maven.apache.org/maven2/org/powermock/powermock-api-support/1.7.4/powermock-api-support-1.7.4.jar
Progress (4): 36 kB | 36/59 kB | 36/66 kB | 32/146 kBProgress (4): 36 kB | 36/59 kB | 40/66 kB | 32/146 kBProgress (4): 36 kB | 40/59 kB | 40/66 kB | 32/146 kBProgress (4): 36 kB | 40/59 kB | 45/66 kB | 32/146 kBProgress (4): 36 kB | 45/59 kB | 45/66 kB | 32/146 kBProgress (4): 36 kB | 45/59 kB | 49/66 kB | 32/146 kBProgress (4): 36 kB | 45/59 kB | 49/66 kB | 36/146 kBProgress (4): 36 kB | 49/59 kB | 49/66 kB | 36/146 kBProgress (4): 36 kB | 49/59 kB | 49/66 kB | 40/146 kBProgress (4): 36 kB | 49/59 kB | 53/66 kB | 40/146 kBProgress (4): 36 kB | 49/59 kB | 53/66 kB | 45/146 kBProgress (4): 36 kB | 49/59 kB | 57/66 kB | 45/146 kBProgress (4): 36 kB | 49/59 kB | 57/66 kB | 49/146 kBProgress (4): 36 kB | 53/59 kB | 57/66 kB | 49/146 kBProgress (4): 36 kB | 53/59 kB | 61/66 kB | 49/146 kBProgress (4): 36 kB | 57/59 kB | 61/66 kB | 49/146 kBProgress (4): 36 kB | 57/59 kB | 65/66 kB | 49/146 kBProgress (4): 36 kB | 59 kB | 65/66 kB | 49/146 kB   Progress (4): 36 kB | 59 kB | 65/66 kB | 53/146 kBProgress (4): 36 kB | 59 kB | 66 kB | 53/146 kB   Progress (4): 36 kB | 59 kB | 66 kB | 57/146 kBProgress (4): 36 kB | 59 kB | 66 kB | 61/146 kBProgress (4): 36 kB | 59 kB | 66 kB | 65/146 kBProgress (4): 36 kB | 59 kB | 66 kB | 69/146 kBProgress (4): 36 kB | 59 kB | 66 kB | 73/146 kBProgress (4): 36 kB | 59 kB | 66 kB | 77/146 kBProgress (4): 36 kB | 59 kB | 66 kB | 81/146 kBProgress (5): 36 kB | 59 kB | 66 kB | 81/146 kB | 2.2/23 kBProgress (5): 36 kB | 59 kB | 66 kB | 85/146 kB | 2.2/23 kBProgress (5): 36 kB | 59 kB | 66 kB | 85/146 kB | 5.0/23 kBProgress (5): 36 kB | 59 kB | 66 kB | 90/146 kB | 5.0/23 kBProgress (5): 36 kB | 59 kB | 66 kB | 90/146 kB | 7.7/23 kBProgress (5): 36 kB | 59 kB | 66 kB | 94/146 kB | 7.7/23 kBProgress (5): 36 kB | 59 kB | 66 kB | 94/146 kB | 10/23 kB Progress (5): 36 kB | 59 kB | 66 kB | 98/146 kB | 10/23 kBProgress (5): 36 kB | 59 kB | 66 kB | 98/146 kB | 13/23 kBProgress (5): 36 kB | 59 kB | 66 kB | 98/146 kB | 16/23 kBProgress (5): 36 kB | 59 kB | 66 kB | 98/146 kB | 19/23 kBProgress (5): 36 kB | 59 kB | 66 kB | 102/146 kB | 19/23 kBProgress (5): 36 kB | 59 kB | 66 kB | 102/146 kB | 21/23 kBProgress (5): 36 kB | 59 kB | 66 kB | 106/146 kB | 21/23 kBProgress (5): 36 kB | 59 kB | 66 kB | 106/146 kB | 23 kB   Progress (5): 36 kB | 59 kB | 66 kB | 110/146 kB | 23 kBProgress (5): 36 kB | 59 kB | 66 kB | 114/146 kB | 23 kBProgress (5): 36 kB | 59 kB | 66 kB | 118/146 kB | 23 kBProgress (5): 36 kB | 59 kB | 66 kB | 122/146 kB | 23 kB                                                        Downloaded from central: https://repo.maven.apache.org/maven2/org/powermock/powermock-api-mockito2/1.7.4/powermock-api-mockito2-1.7.4.jar (59 kB at 619 kB/s)
Downloaded from central: https://repo.maven.apache.org/maven2/org/powermock/powermock-reflect/1.7.4/powermock-reflect-1.7.4.jar (66 kB at 683 kB/s)
Progress (3): 36 kB | 126/146 kB | 23 kBProgress (3): 36 kB | 131/146 kB | 23 kBProgress (3): 36 kB | 135/146 kB | 23 kBProgress (3): 36 kB | 139/146 kB | 23 kBProgress (3): 36 kB | 143/146 kB | 23 kBProgress (3): 36 kB | 146 kB | 23 kB                                        Downloaded from central: https://repo.maven.apache.org/maven2/org/powermock/powermock-api-support/1.7.4/powermock-api-support-1.7.4.jar (23 kB at 225 kB/s)
Downloaded from central: https://repo.maven.apache.org/maven2/org/powermock/powermock-core/1.7.4/powermock-core-1.7.4.jar (146 kB at 1.4 MB/s)
Downloaded from central: https://repo.maven.apache.org/maven2/org/powermock/powermock-api-mockito-common/1.7.4/powermock-api-mockito-common-1.7.4.jar (36 kB at 324 kB/s)
[INFO] 
[INFO] --- maven-antrun-plugin:1.7:run (create-testdirs) @ hadoop-ozone-recon ---
[INFO] Executing tasks

main:
    [mkdir] Created dir: /workdir/hadoop-ozone/ozone-recon/target/test-dir
[INFO] Executed tasks
[INFO] 
[INFO] --- build-helper-maven-plugin:1.9:add-source (add-source) @ hadoop-ozone-recon ---
[INFO] Source directory: /workdir/hadoop-ozone/ozone-recon/target/generated-sources/java added.
[INFO] 
[INFO] --- maven-remote-resources-plugin:1.5:process (default) @ hadoop-ozone-recon ---
[INFO] 
[INFO] --- exec-maven-plugin:1.3.1:java (default) @ hadoop-ozone-recon ---
[WARNING] Warning: killAfter is now deprecated. Do you need it ? Please comment on MEXEC-6.
log4j:WARN No appenders could be found for logger (org.jooq.Constants).
log4j:WARN Please initialize the log4j system properly.
log4j:WARN See http://logging.apache.org/log4j/1.2/faq.html#noconfig for more info.
[INFO] 
[INFO] --- frontend-maven-plugin:1.6:install-node-and-yarn (Install node and yarn locally to the project) @ hadoop-ozone-recon ---
[INFO] Installing node version v12.1.0
[INFO] Unpacking /home/user/.m2/repository/com/github/eirslett/node/12.1.0/node-12.1.0-linux-x64.tar.gz into /workdir/hadoop-ozone/ozone-recon/target/node/tmp
[INFO] Copying node binary from /workdir/hadoop-ozone/ozone-recon/target/node/tmp/node-v12.1.0-linux-x64/bin/node to /workdir/hadoop-ozone/ozone-recon/target/node/node
[INFO] Installed node locally.
[INFO] Installing Yarn version v1.9.2
[INFO] Unpacking /home/user/.m2/repository/com/github/eirslett/yarn/1.9.2/yarn-1.9.2.tar.gz into /workdir/hadoop-ozone/ozone-recon/target/node/yarn
[INFO] Installed Yarn locally.
[INFO] 
[INFO] --- frontend-maven-plugin:1.6:yarn (yarn install) @ hadoop-ozone-recon ---
[INFO] Running 'yarn install' in /workdir/hadoop-ozone/ozone-recon/src/main/resources/webapps/recon/ozone-recon-web
[ERROR] node: /usr/lib/libstdc++.so.6: no version information available (required by node)
[ERROR] node: /usr/lib/libstdc++.so.6: no version information available (required by node)
[ERROR] node: /usr/lib/libstdc++.so.6: no version information available (required by node)
[ERROR] node: /usr/lib/libstdc++.so.6: no version information available (required by node)
[ERROR] node: /usr/lib/libstdc++.so.6: no version information available (required by node)
[ERROR] node: /usr/lib/libstdc++.so.6: no version information available (required by node)
[ERROR] node: /usr/lib/libstdc++.so.6: no version information available (required by node)
[ERROR] node: /usr/lib/libstdc++.so.6: no version information available (required by node)
[INFO] yarn install v1.9.2
[INFO] [1/4] Resolving packages...
[INFO] [2/4] Fetching packages...
[ERROR] (node:17837) [DEP0005] DeprecationWarning: Buffer() is deprecated due to security and usability issues. Please use the Buffer.alloc(), Buffer.allocUnsafe(), or Buffer.from() methods instead.
[INFO] info fsevents@1.2.9: The platform "linux" is incompatible with this module.
[INFO] info "fsevents@1.2.9" is an optional dependency and failed compatibility check. Excluding it from installation.
[INFO] info fsevents@2.0.6: The platform "linux" is incompatible with this module.
[INFO] info "fsevents@2.0.6" is an optional dependency and failed compatibility check. Excluding it from installation.
[INFO] [3/4] Linking dependencies...
[ERROR] warning " > less-loader@5.0.0" has unmet peer dependency "webpack@^2.0.0 || ^3.0.0 || ^4.0.0".
[INFO] [4/4] Building fresh packages...
[INFO] Done in 61.29s.
[INFO] 
[INFO] --- frontend-maven-plugin:1.6:yarn (Build frontend) @ hadoop-ozone-recon ---
[INFO] Running 'yarn run build' in /workdir/hadoop-ozone/ozone-recon/src/main/resources/webapps/recon/ozone-recon-web
[ERROR] node: /usr/lib/libstdc++.so.6: no version information available (required by node)
[ERROR] node: /usr/lib/libstdc++.so.6: no version information available (required by node)
[ERROR] node: /usr/lib/libstdc++.so.6: no version information available (required by node)
[ERROR] node: /usr/lib/libstdc++.so.6: no version information available (required by node)
[ERROR] node: /usr/lib/libstdc++.so.6: no version information available (required by node)
[ERROR] node: /usr/lib/libstdc++.so.6: no version information available (required by node)
[ERROR] node: /usr/lib/libstdc++.so.6: no version information available (required by node)
[ERROR] node: /usr/lib/libstdc++.so.6: no version information available (required by node)
[INFO] yarn run v1.9.2
[INFO] $ react-app-rewired build
[ERROR] node: /usr/lib/libstdc++.so.6: no version information available (required by node)
[ERROR] node: /usr/lib/libstdc++.so.6: no version information available (required by node)
[ERROR] node: /usr/lib/libstdc++.so.6: no version information available (required by node)
[ERROR] node: /usr/lib/libstdc++.so.6: no version information available (required by node)
[ERROR] node: /usr/lib/libstdc++.so.6: no version information available (required by node)
[ERROR] node: /usr/lib/libstdc++.so.6: no version information available (required by node)
[ERROR] node: /usr/lib/libstdc++.so.6: no version information available (required by node)
[ERROR] node: /usr/lib/libstdc++.so.6: no version information available (required by node)
[ERROR] node: /usr/lib/libstdc++.so.6: no version information available (required by node)
[ERROR] node: /usr/lib/libstdc++.so.6: no version information available (required by node)
[ERROR] node: /usr/lib/libstdc++.so.6: no version information available (required by node)
[ERROR] node: /usr/lib/libstdc++.so.6: no version information available (required by node)
[ERROR] node: /usr/lib/libstdc++.so.6: no version information available (required by node)
[ERROR] node: /usr/lib/libstdc++.so.6: no version information available (required by node)
[ERROR] node: /usr/lib/libstdc++.so.6: no version information available (required by node)
[ERROR] node: /usr/lib/libstdc++.so.6: no version information available (required by node)
[INFO] Creating an optimized production build...
[ERROR] /workdir/hadoop-ozone/ozone-recon/target/node/node: /usr/lib/libstdc++.so.6: no version information available (required by /workdir/hadoop-ozone/ozone-recon/target/node/node)
[ERROR] /workdir/hadoop-ozone/ozone-recon/target/node/node: /usr/lib/libstdc++.so.6: no version information available (required by /workdir/hadoop-ozone/ozone-recon/target/node/node)
[ERROR] /workdir/hadoop-ozone/ozone-recon/target/node/node: /usr/lib/libstdc++.so.6: no version information available (required by /workdir/hadoop-ozone/ozone-recon/target/node/node)
[ERROR] /workdir/hadoop-ozone/ozone-recon/target/node/node: /usr/lib/libstdc++.so.6: no version information available (required by /workdir/hadoop-ozone/ozone-recon/target/node/node)
[ERROR] /workdir/hadoop-ozone/ozone-recon/target/node/node: /usr/lib/libstdc++.so.6: no version information available (required by /workdir/hadoop-ozone/ozone-recon/target/node/node)
[ERROR] /workdir/hadoop-ozone/ozone-recon/target/node/node: /usr/lib/libstdc++.so.6: no version information available (required by /workdir/hadoop-ozone/ozone-recon/target/node/node)
[ERROR] /workdir/hadoop-ozone/ozone-recon/target/node/node: /usr/lib/libstdc++.so.6: no version information available (required by /workdir/hadoop-ozone/ozone-recon/target/node/node)
[ERROR] /workdir/hadoop-ozone/ozone-recon/target/node/node: /usr/lib/libstdc++.so.6: no version information available (required by /workdir/hadoop-ozone/ozone-recon/target/node/node)
[ERROR] /workdir/hadoop-ozone/ozone-recon/target/node/node: /usr/lib/libstdc++.so.6: no version information available (required by /workdir/hadoop-ozone/ozone-recon/target/node/node)
[ERROR] /workdir/hadoop-ozone/ozone-recon/target/node/node: /usr/lib/libstdc++.so.6: no version information available (required by /workdir/hadoop-ozone/ozone-recon/target/node/node)
[ERROR] /workdir/hadoop-ozone/ozone-recon/target/node/node: /usr/lib/libstdc++.so.6: no version information available (required by /workdir/hadoop-ozone/ozone-recon/target/node/node)
[ERROR] /workdir/hadoop-ozone/ozone-recon/target/node/node: /usr/lib/libstdc++.so.6: no version information available (required by /workdir/hadoop-ozone/ozone-recon/target/node/node)
[ERROR] /workdir/hadoop-ozone/ozone-recon/target/node/node: /usr/lib/libstdc++.so.6: no version information available (required by /workdir/hadoop-ozone/ozone-recon/target/node/node)
[ERROR] /workdir/hadoop-ozone/ozone-recon/target/node/node: /usr/lib/libstdc++.so.6: no version information available (required by /workdir/hadoop-ozone/ozone-recon/target/node/node)
[ERROR] /workdir/hadoop-ozone/ozone-recon/target/node/node: /usr/lib/libstdc++.so.6: no version information available (required by /workdir/hadoop-ozone/ozone-recon/target/node/node)
[ERROR] /workdir/hadoop-ozone/ozone-recon/target/node/node: /usr/lib/libstdc++.so.6: no version information available (required by /workdir/hadoop-ozone/ozone-recon/target/node/node)
[ERROR] /workdir/hadoop-ozone/ozone-recon/target/node/node: /usr/lib/libstdc++.so.6: no version information available (required by /workdir/hadoop-ozone/ozone-recon/target/node/node)
[ERROR] /workdir/hadoop-ozone/ozone-recon/target/node/node: /usr/lib/libstdc++.so.6: no version information available (required by /workdir/hadoop-ozone/ozone-recon/target/node/node)
[ERROR] /workdir/hadoop-ozone/ozone-recon/target/node/node: /usr/lib/libstdc++.so.6: no version information available (required by /workdir/hadoop-ozone/ozone-recon/target/node/node)
[ERROR] /workdir/hadoop-ozone/ozone-recon/target/node/node: /usr/lib/libstdc++.so.6: no version information available (required by /workdir/hadoop-ozone/ozone-recon/target/node/node)
[ERROR] /workdir/hadoop-ozone/ozone-recon/target/node/node: /usr/lib/libstdc++.so.6: no version information available (required by /workdir/hadoop-ozone/ozone-recon/target/node/node)
[ERROR] /workdir/hadoop-ozone/ozone-recon/target/node/node: /usr/lib/libstdc++.so.6: no version information available (required by /workdir/hadoop-ozone/ozone-recon/target/node/node)
[ERROR] /workdir/hadoop-ozone/ozone-recon/target/node/node: /usr/lib/libstdc++.so.6: no version information available (required by /workdir/hadoop-ozone/ozone-recon/target/node/node)
[ERROR] /workdir/hadoop-ozone/ozone-recon/target/node/node: /usr/lib/libstdc++.so.6: no version information available (required by /workdir/hadoop-ozone/ozone-recon/target/node/node)
[ERROR] /workdir/hadoop-ozone/ozone-recon/target/node/node: /usr/lib/libstdc++.so.6: no version information available (required by /workdir/hadoop-ozone/ozone-recon/target/node/node)
[ERROR] /workdir/hadoop-ozone/ozone-recon/target/node/node: /usr/lib/libstdc++.so.6: no version information available (required by /workdir/hadoop-ozone/ozone-recon/target/node/node)
[ERROR] /workdir/hadoop-ozone/ozone-recon/target/node/node: /usr/lib/libstdc++.so.6: no version information available (required by /workdir/hadoop-ozone/ozone-recon/target/node/node)
[ERROR] /workdir/hadoop-ozone/ozone-recon/target/node/node: /usr/lib/libstdc++.so.6: no version information available (required by /workdir/hadoop-ozone/ozone-recon/target/node/node)
[ERROR] /workdir/hadoop-ozone/ozone-recon/target/node/node: /usr/lib/libstdc++.so.6: no version information available (required by /workdir/hadoop-ozone/ozone-recon/target/node/node)
[ERROR] /workdir/hadoop-ozone/ozone-recon/target/node/node: /usr/lib/libstdc++.so.6: no version information available (required by /workdir/hadoop-ozone/ozone-recon/target/node/node)
[ERROR] /workdir/hadoop-ozone/ozone-recon/target/node/node: /usr/lib/libstdc++.so.6: no version information available (required by /workdir/hadoop-ozone/ozone-recon/target/node/node)
[ERROR] /workdir/hadoop-ozone/ozone-recon/target/node/node: /usr/lib/libstdc++.so.6: no version information available (required by /workdir/hadoop-ozone/ozone-recon/target/node/node)
[INFO] Compiled successfully.
[INFO] 
[INFO] File sizes after gzip:
[INFO] 
[INFO]   270.58 KB  build/static/js/2.ea549bfe.chunk.js
[INFO]   11.78 KB   build/static/css/2.8943d5a3.chunk.css
[INFO]   1.45 KB    build/static/js/main.95b0b67d.chunk.js
[INFO]   762 B      build/static/js/runtime~main.a8a9905a.js
[INFO]   503 B      build/static/css/main.96eebd44.chunk.css
[INFO] 
[INFO] The project was built assuming it is hosted at the server root.
[INFO] You can control this with the homepage field in your package.json.
[INFO] For example, add this to build it for GitHub Pages:
[INFO] 
[INFO]   "homepage" : "http://myname.github.io/myapp",
[INFO] 
[INFO] The build folder is ready to be deployed.
[INFO] You may serve it with a static server:
[INFO] 
[INFO]   yarn global add serve
[INFO]   serve -s build
[INFO] 
[INFO] Find out more about deployment here:
[INFO] 
[INFO]   https://bit.ly/CRA-deploy
[INFO] 
[INFO] Done in 46.22s.
[INFO] 
[INFO] --- maven-resources-plugin:2.6:resources (default-resources) @ hadoop-ozone-recon ---
[INFO] Using 'UTF-8' encoding to copy filtered resources.
[INFO] Copying 47 resources
[INFO] Copying 2 resources
[INFO] 
[INFO] --- maven-resources-plugin:2.6:copy-resources (Copy frontend build to target) @ hadoop-ozone-recon ---
[INFO] Using 'UTF-8' encoding to copy filtered resources.
[INFO] Copying 17 resources
[INFO] 
[INFO] --- maven-resources-plugin:2.6:copy-resources (Copy frontend static files to target) @ hadoop-ozone-recon ---
[INFO] Using 'UTF-8' encoding to copy filtered resources.
[INFO] Copying 11 resources
[INFO] 
[INFO] --- maven-compiler-plugin:3.1:compile (default-compile) @ hadoop-ozone-recon ---
[INFO] Compiling 62 source files to /workdir/hadoop-ozone/ozone-recon/target/classes
[WARNING] /workdir/hadoop-ozone/ozone-recon/src/main/java/org/apache/hadoop/ozone/recon/tasks/OMDBUpdatesHandler.java: Some input files use unchecked or unsafe operations.
[WARNING] /workdir/hadoop-ozone/ozone-recon/src/main/java/org/apache/hadoop/ozone/recon/tasks/OMDBUpdatesHandler.java: Recompile with -Xlint:unchecked for details.
[INFO] 
[INFO] --- maven-resources-plugin:2.6:testResources (default-testResources) @ hadoop-ozone-recon ---
[INFO] Using 'UTF-8' encoding to copy filtered resources.
[INFO] skip non existing resourceDirectory /workdir/hadoop-ozone/ozone-recon/src/test/resources
[INFO] Copying 2 resources
[INFO] 
[INFO] --- maven-compiler-plugin:3.1:testCompile (default-testCompile) @ hadoop-ozone-recon ---
[INFO] Compiling 24 source files to /workdir/hadoop-ozone/ozone-recon/target/test-classes
[WARNING] /workdir/hadoop-ozone/ozone-recon/src/test/java/org/apache/hadoop/ozone/recon/AbstractOMMetadataManagerTest.java: Some input files use unchecked or unsafe operations.
[WARNING] /workdir/hadoop-ozone/ozone-recon/src/test/java/org/apache/hadoop/ozone/recon/AbstractOMMetadataManagerTest.java: Recompile with -Xlint:unchecked for details.
[INFO] 
[INFO] --- maven-surefire-plugin:3.0.0-M1:test (default-test) @ hadoop-ozone-recon ---
[INFO] 
[INFO] -------------------------------------------------------
[INFO]  T E S T S
[INFO] -------------------------------------------------------
[INFO] Running org.apache.hadoop.ozone.recon.api.TestContainerKeyService
[INFO] Tests run: 4, Failures: 0, Errors: 0, Skipped: 0, Time elapsed: 17.035 s - in org.apache.hadoop.ozone.recon.api.TestContainerKeyService
[INFO] Running org.apache.hadoop.ozone.recon.TestReconUtils
[INFO] Tests run: 3, Failures: 0, Errors: 0, Skipped: 0, Time elapsed: 1.24 s - in org.apache.hadoop.ozone.recon.TestReconUtils
[INFO] Running org.apache.hadoop.ozone.recon.TestReconCodecs
[INFO] Tests run: 2, Failures: 0, Errors: 0, Skipped: 0, Time elapsed: 0.078 s - in org.apache.hadoop.ozone.recon.TestReconCodecs
[INFO] Running org.apache.hadoop.ozone.recon.spi.impl.TestContainerDBServiceProviderImpl
[INFO] Tests run: 13, Failures: 0, Errors: 0, Skipped: 0, Time elapsed: 8.655 s - in org.apache.hadoop.ozone.recon.spi.impl.TestContainerDBServiceProviderImpl
[INFO] Running org.apache.hadoop.ozone.recon.spi.impl.TestReconContainerDBProvider
[INFO] Tests run: 1, Failures: 0, Errors: 0, Skipped: 0, Time elapsed: 1.283 s - in org.apache.hadoop.ozone.recon.spi.impl.TestReconContainerDBProvider
[INFO] Running org.apache.hadoop.ozone.recon.spi.impl.TestOzoneManagerServiceProviderImpl
[INFO] Tests run: 3, Failures: 0, Errors: 0, Skipped: 0, Time elapsed: 9.492 s - in org.apache.hadoop.ozone.recon.spi.impl.TestOzoneManagerServiceProviderImpl
[INFO] Running org.apache.hadoop.ozone.recon.persistence.TestUtilizationSchemaDefinition
[INFO] Tests run: 2, Failures: 0, Errors: 0, Skipped: 0, Time elapsed: 2.788 s - in org.apache.hadoop.ozone.recon.persistence.TestUtilizationSchemaDefinition
[INFO] Running org.apache.hadoop.ozone.recon.persistence.TestStatsSchemaDefinition
[INFO] Tests run: 2, Failures: 0, Errors: 0, Skipped: 0, Time elapsed: 2.728 s - in org.apache.hadoop.ozone.recon.persistence.TestStatsSchemaDefinition
[INFO] Running org.apache.hadoop.ozone.recon.persistence.TestReconInternalSchemaDefinition
[INFO] Tests run: 2, Failures: 0, Errors: 0, Skipped: 0, Time elapsed: 2.847 s - in org.apache.hadoop.ozone.recon.persistence.TestReconInternalSchemaDefinition
[INFO] Running org.apache.hadoop.ozone.recon.recovery.TestReconOmMetadataManagerImpl
[INFO] Tests run: 1, Failures: 0, Errors: 0, Skipped: 0, Time elapsed: 2.068 s - in org.apache.hadoop.ozone.recon.recovery.TestReconOmMetadataManagerImpl
[INFO] Running org.apache.hadoop.ozone.recon.tasks.TestContainerKeyMapperTask
[INFO] Tests run: 2, Failures: 0, Errors: 0, Skipped: 0, Time elapsed: 11.298 s - in org.apache.hadoop.ozone.recon.tasks.TestContainerKeyMapperTask
[INFO] Running org.apache.hadoop.ozone.recon.tasks.TestReconTaskControllerImpl
[INFO] Tests run: 4, Failures: 0, Errors: 0, Skipped: 0, Time elapsed: 4.001 s - in org.apache.hadoop.ozone.recon.tasks.TestReconTaskControllerImpl
[INFO] Running org.apache.hadoop.ozone.recon.tasks.TestOMDBUpdatesHandler
[INFO] Tests run: 3, Failures: 0, Errors: 0, Skipped: 0, Time elapsed: 5.298 s - in org.apache.hadoop.ozone.recon.tasks.TestOMDBUpdatesHandler
[INFO] 
[INFO] Results:
[INFO] 
[INFO] Tests run: 42, Failures: 0, Errors: 0, Skipped: 0
[INFO] 
[INFO] 
[INFO] -------< org.apache.hadoop:hadoop-ozone-filesystem-lib-current >--------
[INFO] Building Apache Hadoop Ozone FileSystem Single Jar Library 0.4.1-SNAPSHOT [19/26]
[INFO] --------------------------------[ jar ]---------------------------------
Downloading from apache.snapshots.https: https://repository.apache.org/content/repositories/snapshots/org/apache/hadoop/hadoop-ozone-filesystem/0.4.1-SNAPSHOT/maven-metadata.xml
Downloading from apache.snapshots.https: https://repository.apache.org/content/repositories/snapshots/org/apache/hadoop/hadoop-ozone-filesystem/0.4.1-SNAPSHOT/hadoop-ozone-filesystem-0.4.1-SNAPSHOT.pom
[WARNING] The POM for org.apache.hadoop:hadoop-ozone-filesystem:jar:0.4.1-SNAPSHOT is missing, no dependency information available
Downloading from apache.snapshots.https: https://repository.apache.org/content/repositories/snapshots/org/apache/hadoop/hadoop-ozone-filesystem/0.4.1-SNAPSHOT/hadoop-ozone-filesystem-0.4.1-SNAPSHOT.jar
[INFO] 
[INFO] --------< org.apache.hadoop:hadoop-ozone-filesystem-lib-legacy >--------
[INFO] Building Apache Hadoop Ozone FileSystem Legacy Jar Library 0.4.1-SNAPSHOT [20/26]
[INFO] --------------------------------[ jar ]---------------------------------
[INFO] 
[INFO] --------------< org.apache.hadoop:hadoop-ozone-datanode >---------------
[INFO] Building Apache Hadoop Ozone Datanode 0.4.1-SNAPSHOT             [21/26]
[INFO] --------------------------------[ jar ]---------------------------------
[INFO] 
[INFO] --- maven-antrun-plugin:1.7:run (create-testdirs) @ hadoop-ozone-datanode ---
[INFO] Executing tasks

main:
    [mkdir] Created dir: /workdir/hadoop-ozone/datanode/target/test-dir
[INFO] Executed tasks
[INFO] 
[INFO] --- maven-remote-resources-plugin:1.5:process (default) @ hadoop-ozone-datanode ---
[INFO] 
[INFO] --- maven-resources-plugin:2.6:resources (default-resources) @ hadoop-ozone-datanode ---
[INFO] Using 'UTF-8' encoding to copy filtered resources.
[INFO] skip non existing resourceDirectory /workdir/hadoop-ozone/datanode/src/main/resources
[INFO] Copying 2 resources
[INFO] 
[INFO] --- maven-compiler-plugin:3.1:compile (default-compile) @ hadoop-ozone-datanode ---
[INFO] No sources to compile
[INFO] 
[INFO] --- maven-resources-plugin:2.6:testResources (default-testResources) @ hadoop-ozone-datanode ---
[INFO] Using 'UTF-8' encoding to copy filtered resources.
[INFO] skip non existing resourceDirectory /workdir/hadoop-ozone/datanode/src/test/resources
[INFO] Copying 2 resources
[INFO] 
[INFO] --- maven-compiler-plugin:3.1:testCompile (default-testCompile) @ hadoop-ozone-datanode ---
[INFO] No sources to compile
[INFO] 
[INFO] --- maven-surefire-plugin:3.0.0-M1:test (default-test) @ hadoop-ozone-datanode ---
[INFO] 
[INFO] ---------------< org.apache.hadoop:hadoop-ozone-upgrade >---------------
[INFO] Building Apache Hadoop Ozone In-Place Upgrade 0.4.1-SNAPSHOT     [22/26]
[INFO] --------------------------------[ jar ]---------------------------------
[INFO] 
[INFO] --- maven-antrun-plugin:1.7:run (create-testdirs) @ hadoop-ozone-upgrade ---
[INFO] Executing tasks

main:
    [mkdir] Created dir: /workdir/hadoop-ozone/upgrade/target/test-dir
[INFO] Executed tasks
[INFO] 
[INFO] --- maven-remote-resources-plugin:1.5:process (default) @ hadoop-ozone-upgrade ---
[INFO] 
[INFO] --- maven-resources-plugin:2.6:resources (default-resources) @ hadoop-ozone-upgrade ---
[INFO] Using 'UTF-8' encoding to copy filtered resources.
[INFO] skip non existing resourceDirectory /workdir/hadoop-ozone/upgrade/src/main/resources
[INFO] Copying 2 resources
[INFO] 
[INFO] --- maven-compiler-plugin:3.1:compile (default-compile) @ hadoop-ozone-upgrade ---
[INFO] Compiling 5 source files to /workdir/hadoop-ozone/upgrade/target/classes
[INFO] 
[INFO] --- maven-resources-plugin:2.6:testResources (default-testResources) @ hadoop-ozone-upgrade ---
[INFO] Using 'UTF-8' encoding to copy filtered resources.
[INFO] skip non existing resourceDirectory /workdir/hadoop-ozone/upgrade/src/test/resources
[INFO] Copying 2 resources
[INFO] 
[INFO] --- maven-compiler-plugin:3.1:testCompile (default-testCompile) @ hadoop-ozone-upgrade ---
[INFO] No sources to compile
[INFO] 
[INFO] --- maven-surefire-plugin:3.0.0-M1:test (default-test) @ hadoop-ozone-upgrade ---
[INFO] 
[INFO] ----------------< org.apache.hadoop:hadoop-ozone-dist >-----------------
[INFO] Building Apache Hadoop Ozone Distribution 0.4.1-SNAPSHOT         [23/26]
[INFO] --------------------------------[ pom ]---------------------------------
Downloading from apache.snapshots.https: https://repository.apache.org/content/repositories/snapshots/org/apache/hadoop/hadoop-ozone-tools/0.4.1-SNAPSHOT/maven-metadata.xml
Downloading from apache.snapshots.https: https://repository.apache.org/content/repositories/snapshots/org/apache/hadoop/hadoop-ozone-tools/0.4.1-SNAPSHOT/hadoop-ozone-tools-0.4.1-SNAPSHOT.pom
[WARNING] The POM for org.apache.hadoop:hadoop-ozone-tools:jar:0.4.1-SNAPSHOT is missing, no dependency information available
Downloading from apache.snapshots.https: https://repository.apache.org/content/repositories/snapshots/org/apache/hadoop/hadoop-ozone-filesystem-lib-current/0.4.1-SNAPSHOT/maven-metadata.xml
Downloading from apache.snapshots.https: https://repository.apache.org/content/repositories/snapshots/org/apache/hadoop/hadoop-ozone-filesystem-lib-legacy/0.4.1-SNAPSHOT/maven-metadata.xml
Downloading from apache.snapshots.https: https://repository.apache.org/content/repositories/snapshots/org/apache/hadoop/hadoop-ozone-tools/0.4.1-SNAPSHOT/hadoop-ozone-tools-0.4.1-SNAPSHOT.jar
Downloading from apache.snapshots.https: https://repository.apache.org/content/repositories/snapshots/org/apache/hadoop/hadoop-ozone-filesystem-lib-legacy/0.4.1-SNAPSHOT/hadoop-ozone-filesystem-lib-legacy-0.4.1-SNAPSHOT.jar
Downloading from apache.snapshots.https: https://repository.apache.org/content/repositories/snapshots/org/apache/hadoop/hadoop-ozone-filesystem-lib-current/0.4.1-SNAPSHOT/hadoop-ozone-filesystem-lib-current-0.4.1-SNAPSHOT.jar
[INFO] 
[INFO] --------< org.apache.hadoop:hadoop-ozone-fault-injection-test >---------
[INFO] Building Apache Hadoop Ozone Fault Injection Tests 0.4.1-SNAPSHOT [24/26]
[INFO] --------------------------------[ pom ]---------------------------------
[INFO] 
[INFO] --- maven-antrun-plugin:1.7:run (create-testdirs) @ hadoop-ozone-fault-injection-test ---
[INFO] Executing tasks

main:
    [mkdir] Created dir: /workdir/hadoop-ozone/fault-injection-test/target/test-dir
[INFO] Executed tasks
[INFO] 
[INFO] --- maven-remote-resources-plugin:1.5:process (default) @ hadoop-ozone-fault-injection-test ---
[INFO] 
[INFO] ------------< org.apache.hadoop:hadoop-ozone-network-tests >------------
[INFO] Building Apache Hadoop Ozone Network Tests 0.4.1-SNAPSHOT        [25/26]
[INFO] --------------------------------[ jar ]---------------------------------
[INFO] 
[INFO] --- maven-antrun-plugin:1.7:run (create-testdirs) @ hadoop-ozone-network-tests ---
[INFO] Executing tasks

main:
    [mkdir] Created dir: /workdir/hadoop-ozone/fault-injection-test/network-tests/target/test-dir
[INFO] Executed tasks
[INFO] 
[INFO] --- maven-remote-resources-plugin:1.5:process (default) @ hadoop-ozone-network-tests ---
[INFO] 
[INFO] --- maven-resources-plugin:3.1.0:resources (default-resources) @ hadoop-ozone-network-tests ---
[INFO] Using 'UTF-8' encoding to copy filtered resources.
[INFO] skip non existing resourceDirectory /workdir/hadoop-ozone/fault-injection-test/network-tests/src/main/resources
[INFO] Copying 2 resources
[INFO] 
[INFO] --- maven-resources-plugin:3.1.0:copy-resources (copy-resources) @ hadoop-ozone-network-tests ---
[INFO] Using 'UTF-8' encoding to copy filtered resources.
[INFO] Copying 2 resources
[INFO] 
[INFO] --- maven-compiler-plugin:3.1:compile (default-compile) @ hadoop-ozone-network-tests ---
[INFO] No sources to compile
[INFO] 
[INFO] --- maven-resources-plugin:3.1.0:testResources (default-testResources) @ hadoop-ozone-network-tests ---
[INFO] Using 'UTF-8' encoding to copy filtered resources.
[INFO] skip non existing resourceDirectory /workdir/hadoop-ozone/fault-injection-test/network-tests/src/test/resources
[INFO] Copying 2 resources
[INFO] 
[INFO] --- maven-compiler-plugin:3.1:testCompile (default-testCompile) @ hadoop-ozone-network-tests ---
[INFO] No sources to compile
[INFO] 
[INFO] --- maven-surefire-plugin:3.0.0-M1:test (default-test) @ hadoop-ozone-network-tests ---
[INFO] 
[INFO] ----------------< org.apache.hadoop:hadoop-main-ozone >-----------------
[INFO] Building Apache Hadoop Ozone Main 0.4.1-SNAPSHOT                 [26/26]
[INFO] --------------------------------[ pom ]---------------------------------
[INFO] ------------------------------------------------------------------------
[INFO] Reactor Summary:
[INFO] 
[INFO] Apache Hadoop HDDS ................................. SUCCESS [ 18.191 s]
[INFO] Apache Hadoop HDDS Config .......................... SUCCESS [  8.650 s]
[INFO] Apache Hadoop HDDS Common .......................... SUCCESS [02:26 min]
[INFO] Apache Hadoop HDDS Client .......................... SUCCESS [  4.667 s]
[INFO] Apache Hadoop HDDS Server Framework ................ SUCCESS [ 16.415 s]
[INFO] Apache Hadoop HDDS Container Service ............... SUCCESS [02:36 min]
[INFO] Apache Hadoop HDDS/Ozone Documentation ............. SUCCESS [  0.970 s]
[INFO] Apache Hadoop HDDS SCM Server ...................... SUCCESS [04:02 min]
[INFO] Apache Hadoop HDDS Tools ........................... SUCCESS [  1.559 s]
[INFO] Apache Hadoop Ozone ................................ SUCCESS [  0.347 s]
[INFO] Apache Hadoop Ozone Common ......................... SUCCESS [ 27.410 s]
[INFO] Apache Hadoop Ozone Client ......................... SUCCESS [  6.361 s]
[INFO] Apache Hadoop Ozone Manager Server ................. SUCCESS [05:21 min]
[INFO] Apache Hadoop Ozone Object Store REST Service ...... SUCCESS [  4.872 s]
[INFO] Apache Hadoop Ozone S3 Gateway ..................... SUCCESS [ 43.345 s]
[INFO] Apache Hadoop Ozone CSI service .................... SUCCESS [  8.105 s]
[INFO] Apache Hadoop Ozone Recon CodeGen .................. SUCCESS [  2.357 s]
[INFO] Apache Hadoop Ozone Recon .......................... SUCCESS [03:21 min]
[INFO] Apache Hadoop Ozone FileSystem Single Jar Library .. FAILURE [  0.950 s]
[INFO] Apache Hadoop Ozone FileSystem Legacy Jar Library .. FAILURE [  0.005 s]
[INFO] Apache Hadoop Ozone Datanode ....................... SUCCESS [  1.841 s]
[INFO] Apache Hadoop Ozone In-Place Upgrade ............... SUCCESS [  1.180 s]
[INFO] Apache Hadoop Ozone Distribution ................... FAILURE [  1.613 s]
[INFO] Apache Hadoop Ozone Fault Injection Tests .......... SUCCESS [  0.059 s]
[INFO] Apache Hadoop Ozone Network Tests .................. SUCCESS [  0.140 s]
[INFO] Apache Hadoop Ozone Main 0.4.1-SNAPSHOT ............ SUCCESS [  0.001 s]
[INFO] ------------------------------------------------------------------------
[INFO] BUILD FAILURE
[INFO] ------------------------------------------------------------------------
[INFO] Total time: 20:20 min
[INFO] Finished at: 2019-10-05T03:23:50Z
[INFO] ------------------------------------------------------------------------
[ERROR] Failed to execute goal on project hadoop-ozone-filesystem-lib-current: Could not resolve dependencies for project org.apache.hadoop:hadoop-ozone-filesystem-lib-current:jar:0.4.1-SNAPSHOT: Could not find artifact org.apache.hadoop:hadoop-ozone-filesystem:jar:0.4.1-SNAPSHOT in apache.snapshots.https (https://repository.apache.org/content/repositories/snapshots) -> [Help 1]
[ERROR] Failed to execute goal on project hadoop-ozone-filesystem-lib-legacy: Could not resolve dependencies for project org.apache.hadoop:hadoop-ozone-filesystem-lib-legacy:jar:0.4.1-SNAPSHOT: Failure to find org.apache.hadoop:hadoop-ozone-filesystem:jar:0.4.1-SNAPSHOT in https://repository.apache.org/content/repositories/snapshots was cached in the local repository, resolution will not be reattempted until the update interval of apache.snapshots.https has elapsed or updates are forced -> [Help 1]
[ERROR] Failed to execute goal on project hadoop-ozone-dist: Could not resolve dependencies for project org.apache.hadoop:hadoop-ozone-dist:pom:0.4.1-SNAPSHOT: The following artifacts could not be resolved: org.apache.hadoop:hadoop-ozone-tools:jar:0.4.1-SNAPSHOT, org.apache.hadoop:hadoop-ozone-filesystem-lib-current:jar:0.4.1-SNAPSHOT, org.apache.hadoop:hadoop-ozone-filesystem:jar:0.4.1-SNAPSHOT, org.apache.hadoop:hadoop-ozone-filesystem-lib-legacy:jar:0.4.1-SNAPSHOT: Could not find artifact org.apache.hadoop:hadoop-ozone-tools:jar:0.4.1-SNAPSHOT in apache.snapshots.https (https://repository.apache.org/content/repositories/snapshots) -> [Help 1]
[ERROR] 
[ERROR] To see the full stack trace of the errors, re-run Maven with the -e switch.
[ERROR] Re-run Maven using the -X switch to enable full debug logging.
[ERROR] 
[ERROR] For more information about the errors and possible solutions, please read the following articles:
[ERROR] [Help 1] http://cwiki.apache.org/confluence/display/MAVEN/DependencyResolutionException
[ERROR] 
[ERROR] After correcting the problems, you can resume the build with the command
[ERROR]   mvn <goals> -rf :hadoop-ozone-filesystem-lib-current
[INFO] Build failures were ignored.
