# JRE version: OpenJDK Runtime Environment (8.0_212-b04) (build 1.8.0_212-b04)
# Java VM: OpenJDK 64-Bit Server VM (25.212-b04 mixed mode linux-amd64 compressed oops)
Heap:
 PSYoungGen      total 587776K, used 162305K [0x00000000d5580000, 0x00000000fbe00000, 0x0000000100000000)
  eden space 524800K, 18% used [0x00000000d5580000,0x00000000db696d40,0x00000000f5600000)
  from space 62976K, 99% used [0x00000000f5600000,0x00000000f9369958,0x00000000f9380000)
  to   space 43520K, 0% used [0x00000000f9380000,0x00000000f9380000,0x00000000fbe00000)
 ParOldGen       total 1398272K, used 32476K [0x0000000080000000, 0x00000000d5580000, 0x00000000d5580000)
  object space 1398272K, 2% used [0x0000000080000000,0x0000000081fb7208,0x00000000d5580000)
 Metaspace       used 77083K, capacity 79923K, committed 80256K, reserved 1120256K
  class space    used 8977K, capacity 9498K, committed 9600K, reserved 1048576K
GC Heap History (10 events):
Event: 4.556 GC heap before
{Heap before GC invocations=4 (full 2):
 PSYoungGen      total 611840K, used 19432K [0x00000000d5580000, 0x0000000100000000, 0x0000000100000000)
  eden space 524800K, 0% used [0x00000000d5580000,0x00000000d5580000,0x00000000f5600000)
  from space 87040K, 22% used [0x00000000fab00000,0x00000000fbdfa3d0,0x0000000100000000)
  to   space 87040K, 0% used [0x00000000f5600000,0x00000000f5600000,0x00000000fab00000)
 ParOldGen       total 862720K, used 13533K [0x0000000080000000, 0x00000000b4a80000, 0x00000000d5580000)
  object space 862720K, 1% used [0x0000000080000000,0x0000000080d37470,0x00000000b4a80000)
 Metaspace       used 34747K, capacity 35018K, committed 35416K, reserved 1081344K
  class space    used 4186K, capacity 4289K, committed 4352K, reserved 1048576K
Event: 4.711 GC heap after
Heap after GC invocations=4 (full 2):
 PSYoungGen      total 611840K, used 0K [0x00000000d5580000, 0x0000000100000000, 0x0000000100000000)
  eden space 524800K, 0% used [0x00000000d5580000,0x00000000d5580000,0x00000000f5600000)
  from space 87040K, 0% used [0x00000000fab00000,0x00000000fab00000,0x0000000100000000)
  to   space 87040K, 0% used [0x00000000f5600000,0x00000000f5600000,0x00000000fab00000)
 ParOldGen       total 1398272K, used 24287K [0x0000000080000000, 0x00000000d5580000, 0x00000000d5580000)
  object space 1398272K, 1% used [0x0000000080000000,0x00000000817b7fe8,0x00000000d5580000)
 Metaspace       used 34747K, capacity 35018K, committed 35416K, reserved 1081344K
  class space    used 4186K, capacity 4289K, committed 4352K, reserved 1048576K
}
Event: 8.003 GC heap before
{Heap before GC invocations=5 (full 2):
 PSYoungGen      total 611840K, used 524800K [0x00000000d5580000, 0x0000000100000000, 0x0000000100000000)
  eden space 524800K, 100% used [0x00000000d5580000,0x00000000f5600000,0x00000000f5600000)
  from space 87040K, 0% used [0x00000000fab00000,0x00000000fab00000,0x0000000100000000)
  to   space 87040K, 0% used [0x00000000f5600000,0x00000000f5600000,0x00000000fab00000)
 ParOldGen       total 1398272K, used 24287K [0x0000000080000000, 0x00000000d5580000, 0x00000000d5580000)
  object space 1398272K, 1% used [0x0000000080000000,0x00000000817b7fe8,0x00000000d5580000)
 Metaspace       used 49337K, capacity 50182K, committed 50432K, reserved 1093632K
  class space    used 5869K, capacity 6053K, committed 6144K, reserved 1048576K
Event: 8.048 GC heap after
Heap after GC invocations=5 (full 2):
 PSYoungGen      total 611840K, used 20822K [0x00000000d5580000, 0x0000000100000000, 0x0000000100000000)
  eden space 524800K, 0% used [0x00000000d5580000,0x00000000d5580000,0x00000000f5600000)
  from space 87040K, 23% used [0x00000000f5600000,0x00000000f6a55b38,0x00000000fab00000)
  to   space 87040K, 0% used [0x00000000fab00000,0x00000000fab00000,0x0000000100000000)
 ParOldGen       total 1398272K, used 24287K [0x0000000080000000, 0x00000000d5580000, 0x00000000d5580000)
  object space 1398272K, 1% used [0x0000000080000000,0x00000000817b7fe8,0x00000000d5580000)
 Metaspace       used 49337K, capacity 50182K, committed 50432K, reserved 1093632K
  class space    used 5869K, capacity 6053K, committed 6144K, reserved 1048576K
}
Event: 12.121 GC heap before
{Heap before GC invocations=6 (full 2):
 PSYoungGen      total 611840K, used 314548K [0x00000000d5580000, 0x0000000100000000, 0x0000000100000000)
  eden space 524800K, 55% used [0x00000000d5580000,0x00000000e74575e8,0x00000000f5600000)
  from space 87040K, 23% used [0x00000000f5600000,0x00000000f6a55b38,0x00000000fab00000)
  to   space 87040K, 0% used [0x00000000fab00000,0x00000000fab00000,0x0000000100000000)
 ParOldGen       total 1398272K, used 24287K [0x0000000080000000, 0x00000000d5580000, 0x00000000d5580000)
  object space 1398272K, 1% used [0x0000000080000000,0x00000000817b7fe8,0x00000000d5580000)
 Metaspace       used 57783K, capacity 58973K, committed 59028K, reserved 1101824K
  class space    used 6936K, capacity 7168K, committed 7168K, reserved 1048576K
Event: 12.151 GC heap after
Heap after GC invocations=6 (full 2):
 PSYoungGen      total 611840K, used 19942K [0x00000000d5580000, 0x0000000100000000, 0x0000000100000000)
  eden space 524800K, 0% used [0x00000000d5580000,0x00000000d5580000,0x00000000f5600000)
  from space 87040K, 22% used [0x00000000fab00000,0x00000000fbe79af0,0x0000000100000000)
  to   space 87040K, 0% used [0x00000000f5600000,0x00000000f5600000,0x00000000fab00000)
 ParOldGen       total 1398272K, used 24295K [0x0000000080000000, 0x00000000d5580000, 0x00000000d5580000)
  object space 1398272K, 1% used [0x0000000080000000,0x00000000817b9fe8,0x00000000d5580000)
 Metaspace       used 57783K, capacity 58973K, committed 59028K, reserved 1101824K
  class space    used 6936K, capacity 7168K, committed 7168K, reserved 1048576K
}
Event: 12.151 GC heap before
{Heap before GC invocations=7 (full 3):
 PSYoungGen      total 611840K, used 19942K [0x00000000d5580000, 0x0000000100000000, 0x0000000100000000)
  eden space 524800K, 0% used [0x00000000d5580000,0x00000000d5580000,0x00000000f5600000)
  from space 87040K, 22% used [0x00000000fab00000,0x00000000fbe79af0,0x0000000100000000)
  to   space 87040K, 0% used [0x00000000f5600000,0x00000000f5600000,0x00000000fab00000)
 ParOldGen       total 1398272K, used 24295K [0x0000000080000000, 0x00000000d5580000, 0x00000000d5580000)
  object space 1398272K, 1% used [0x0000000080000000,0x00000000817b9fe8,0x00000000d5580000)
 Metaspace       used 57783K, capacity 58973K, committed 59028K, reserved 1101824K
  class space    used 6936K, capacity 7168K, committed 7168K, reserved 1048576K
Event: 12.425 GC heap after
Heap after GC invocations=7 (full 3):
 PSYoungGen      total 611840K, used 0K [0x00000000d5580000, 0x0000000100000000, 0x0000000100000000)
  eden space 524800K, 0% used [0x00000000d5580000,0x00000000d5580000,0x00000000f5600000)
  from space 87040K, 0% used [0x00000000fab00000,0x00000000fab00000,0x0000000100000000)
  to   space 87040K, 0% used [0x00000000f5600000,0x00000000f5600000,0x00000000fab00000)
 ParOldGen       total 1398272K, used 32476K [0x0000000080000000, 0x00000000d5580000, 0x00000000d5580000)
  object space 1398272K, 2% used [0x0000000080000000,0x0000000081fb7208,0x00000000d5580000)
 Metaspace       used 57701K, capacity 58771K, committed 59028K, reserved 1101824K
  class space    used 6907K, capacity 7117K, committed 7168K, reserved 1048576K
}
Event: 26.526 GC heap before
{Heap before GC invocations=8 (full 3):
 PSYoungGen      total 611840K, used 524533K [0x00000000d5580000, 0x0000000100000000, 0x0000000100000000)
  eden space 524800K, 99% used [0x00000000d5580000,0x00000000f55bd4b8,0x00000000f5600000)
  from space 87040K, 0% used [0x00000000fab00000,0x00000000fab00000,0x0000000100000000)
  to   space 87040K, 0% used [0x00000000f5600000,0x00000000f5600000,0x00000000fab00000)
 ParOldGen       total 1398272K, used 32476K [0x0000000080000000, 0x00000000d5580000, 0x00000000d5580000)
  object space 1398272K, 2% used [0x0000000080000000,0x0000000081fb7208,0x00000000d5580000)
 Metaspace       used 76915K, capacity 79783K, committed 80000K, reserved 1120256K
  class space    used 8962K, capacity 9482K, committed 9600K, reserved 1048576K
Event: 26.657 GC heap after
Heap after GC invocations=8 (full 3):
 PSYoungGen      total 587776K, used 62886K [0x00000000d5580000, 0x00000000fbe00000, 0x0000000100000000)
  eden space 524800K, 0% used [0x00000000d5580000,0x00000000d5580000,0x00000000f5600000)
  from space 62976K, 99% used [0x00000000f5600000,0x00000000f9369958,0x00000000f9380000)
  to   space 43520K, 0% used [0x00000000f9380000,0x00000000f9380000,0x00000000fbe00000)
 ParOldGen       total 1398272K, used 32476K [0x0000000080000000, 0x00000000d5580000, 0x00000000d5580000)
  object space 1398272K, 2% used [0x0000000080000000,0x0000000081fb7208,0x00000000d5580000)
 Metaspace       used 76915K, capacity 79783K, committed 80000K, reserved 1120256K
  class space    used 8962K, capacity 9482K, committed 9600K, reserved 1048576K
}

