# JRE version: OpenJDK Runtime Environment (8.0_212-b04) (build 1.8.0_212-b04)
# Java VM: OpenJDK 64-Bit Server VM (25.212-b04 mixed mode linux-amd64 compressed oops)
Heap:
 PSYoungGen      total 611840K, used 269623K [0x00000000d5580000, 0x0000000100000000, 0x0000000100000000)
  eden space 524800K, 51% used [0x00000000d5580000,0x00000000e5ccded0,0x00000000f5600000)
  from space 87040K, 0% used [0x00000000fab00000,0x00000000fab00000,0x0000000100000000)
  to   space 87040K, 0% used [0x00000000f5600000,0x00000000f5600000,0x00000000fab00000)
 ParOldGen       total 1398272K, used 34015K [0x0000000080000000, 0x00000000d5580000, 0x00000000d5580000)
  object space 1398272K, 2% used [0x0000000080000000,0x0000000082137ff8,0x00000000d5580000)
 Metaspace       used 65931K, capacity 68566K, committed 68864K, reserved 1110016K
  class space    used 7587K, capacity 8071K, committed 8192K, reserved 1048576K
GC Heap History (10 events):
Event: 5.056 GC heap before
{Heap before GC invocations=3 (full 1):
 PSYoungGen      total 611840K, used 456649K [0x00000000d5580000, 0x0000000100000000, 0x0000000100000000)
  eden space 524800K, 87% used [0x00000000d5580000,0x00000000f1372588,0x00000000f5600000)
  from space 87040K, 0% used [0x00000000f5600000,0x00000000f5600000,0x00000000fab00000)
  to   space 87040K, 0% used [0x00000000fab00000,0x00000000fab00000,0x0000000100000000)
 ParOldGen       total 890880K, used 14318K [0x0000000080000000, 0x00000000b6600000, 0x00000000d5580000)
  object space 890880K, 1% used [0x0000000080000000,0x0000000080dfbae8,0x00000000b6600000)
 Metaspace       used 34607K, capacity 34970K, committed 35416K, reserved 1081344K
  class space    used 3945K, capacity 4061K, committed 4096K, reserved 1048576K
Event: 5.095 GC heap after
Heap after GC invocations=3 (full 1):
 PSYoungGen      total 611840K, used 18865K [0x00000000d5580000, 0x0000000100000000, 0x0000000100000000)
  eden space 524800K, 0% used [0x00000000d5580000,0x00000000d5580000,0x00000000f5600000)
  from space 87040K, 21% used [0x00000000fab00000,0x00000000fbd6c528,0x0000000100000000)
  to   space 87040K, 0% used [0x00000000f5600000,0x00000000f5600000,0x00000000fab00000)
 ParOldGen       total 890880K, used 14326K [0x0000000080000000, 0x00000000b6600000, 0x00000000d5580000)
  object space 890880K, 1% used [0x0000000080000000,0x0000000080dfdae8,0x00000000b6600000)
 Metaspace       used 34607K, capacity 34970K, committed 35416K, reserved 1081344K
  class space    used 3945K, capacity 4061K, committed 4096K, reserved 1048576K
}
Event: 5.095 GC heap before
{Heap before GC invocations=4 (full 2):
 PSYoungGen      total 611840K, used 18865K [0x00000000d5580000, 0x0000000100000000, 0x0000000100000000)
  eden space 524800K, 0% used [0x00000000d5580000,0x00000000d5580000,0x00000000f5600000)
  from space 87040K, 21% used [0x00000000fab00000,0x00000000fbd6c528,0x0000000100000000)
  to   space 87040K, 0% used [0x00000000f5600000,0x00000000f5600000,0x00000000fab00000)
 ParOldGen       total 890880K, used 14326K [0x0000000080000000, 0x00000000b6600000, 0x00000000d5580000)
  object space 890880K, 1% used [0x0000000080000000,0x0000000080dfdae8,0x00000000b6600000)
 Metaspace       used 34607K, capacity 34970K, committed 35416K, reserved 1081344K
  class space    used 3945K, capacity 4061K, committed 4096K, reserved 1048576K
Event: 5.219 GC heap after
Heap after GC invocations=4 (full 2):
 PSYoungGen      total 611840K, used 0K [0x00000000d5580000, 0x0000000100000000, 0x0000000100000000)
  eden space 524800K, 0% used [0x00000000d5580000,0x00000000d5580000,0x00000000f5600000)
  from space 87040K, 0% used [0x00000000fab00000,0x00000000fab00000,0x0000000100000000)
  to   space 87040K, 0% used [0x00000000f5600000,0x00000000f5600000,0x00000000fab00000)
 ParOldGen       total 1398272K, used 23439K [0x0000000080000000, 0x00000000d5580000, 0x00000000d5580000)
  object space 1398272K, 1% used [0x0000000080000000,0x00000000816e3ea8,0x00000000d5580000)
 Metaspace       used 34607K, capacity 34970K, committed 35416K, reserved 1081344K
  class space    used 3945K, capacity 4061K, committed 4096K, reserved 1048576K
}
Event: 11.845 GC heap before
{Heap before GC invocations=5 (full 2):
 PSYoungGen      total 611840K, used 524800K [0x00000000d5580000, 0x0000000100000000, 0x0000000100000000)
  eden space 524800K, 100% used [0x00000000d5580000,0x00000000f5600000,0x00000000f5600000)
  from space 87040K, 0% used [0x00000000fab00000,0x00000000fab00000,0x0000000100000000)
  to   space 87040K, 0% used [0x00000000f5600000,0x00000000f5600000,0x00000000fab00000)
 ParOldGen       total 1398272K, used 23439K [0x0000000080000000, 0x00000000d5580000, 0x00000000d5580000)
  object space 1398272K, 1% used [0x0000000080000000,0x00000000816e3ea8,0x00000000d5580000)
 Metaspace       used 51513K, capacity 52888K, committed 52992K, reserved 1095680K
  class space    used 6070K, capacity 6340K, committed 6400K, reserved 1048576K
Event: 11.913 GC heap after
Heap after GC invocations=5 (full 2):
 PSYoungGen      total 611840K, used 25688K [0x00000000d5580000, 0x0000000100000000, 0x0000000100000000)
  eden space 524800K, 0% used [0x00000000d5580000,0x00000000d5580000,0x00000000f5600000)
  from space 87040K, 29% used [0x00000000f5600000,0x00000000f6f160f8,0x00000000fab00000)
  to   space 87040K, 0% used [0x00000000fab00000,0x00000000fab00000,0x0000000100000000)
 ParOldGen       total 1398272K, used 23447K [0x0000000080000000, 0x00000000d5580000, 0x00000000d5580000)
  object space 1398272K, 1% used [0x0000000080000000,0x00000000816e5ea8,0x00000000d5580000)
 Metaspace       used 51513K, capacity 52888K, committed 52992K, reserved 1095680K
  class space    used 6070K, capacity 6340K, committed 6400K, reserved 1048576K
}
Event: 20.326 GC heap before
{Heap before GC invocations=6 (full 2):
 PSYoungGen      total 611840K, used 247043K [0x00000000d5580000, 0x0000000100000000, 0x0000000100000000)
  eden space 524800K, 42% used [0x00000000d5580000,0x00000000e2daac20,0x00000000f5600000)
  from space 87040K, 29% used [0x00000000f5600000,0x00000000f6f160f8,0x00000000fab00000)
  to   space 87040K, 0% used [0x00000000fab00000,0x00000000fab00000,0x0000000100000000)
 ParOldGen       total 1398272K, used 23447K [0x0000000080000000, 0x00000000d5580000, 0x00000000d5580000)
  object space 1398272K, 1% used [0x0000000080000000,0x00000000816e5ea8,0x00000000d5580000)
 Metaspace       used 56802K, capacity 58920K, committed 59008K, reserved 1101824K
  class space    used 6651K, capacity 7018K, committed 7040K, reserved 1048576K
Event: 20.380 GC heap after
Heap after GC invocations=6 (full 2):
 PSYoungGen      total 611840K, used 22357K [0x00000000d5580000, 0x0000000100000000, 0x0000000100000000)
  eden space 524800K, 0% used [0x00000000d5580000,0x00000000d5580000,0x00000000f5600000)
  from space 87040K, 25% used [0x00000000fab00000,0x00000000fc0d5700,0x0000000100000000)
  to   space 87040K, 0% used [0x00000000f5600000,0x00000000f5600000,0x00000000fab00000)
 ParOldGen       total 1398272K, used 23455K [0x0000000080000000, 0x00000000d5580000, 0x00000000d5580000)
  object space 1398272K, 1% used [0x0000000080000000,0x00000000816e7ea8,0x00000000d5580000)
 Metaspace       used 56802K, capacity 58920K, committed 59008K, reserved 1101824K
  class space    used 6651K, capacity 7018K, committed 7040K, reserved 1048576K
}
Event: 20.380 GC heap before
{Heap before GC invocations=7 (full 3):
 PSYoungGen      total 611840K, used 22357K [0x00000000d5580000, 0x0000000100000000, 0x0000000100000000)
  eden space 524800K, 0% used [0x00000000d5580000,0x00000000d5580000,0x00000000f5600000)
  from space 87040K, 25% used [0x00000000fab00000,0x00000000fc0d5700,0x0000000100000000)
  to   space 87040K, 0% used [0x00000000f5600000,0x00000000f5600000,0x00000000fab00000)
 ParOldGen       total 1398272K, used 23455K [0x0000000080000000, 0x00000000d5580000, 0x00000000d5580000)
  object space 1398272K, 1% used [0x0000000080000000,0x00000000816e7ea8,0x00000000d5580000)
 Metaspace       used 56802K, capacity 58920K, committed 59008K, reserved 1101824K
  class space    used 6651K, capacity 7018K, committed 7040K, reserved 1048576K
Event: 20.621 GC heap after
Heap after GC invocations=7 (full 3):
 PSYoungGen      total 611840K, used 0K [0x00000000d5580000, 0x0000000100000000, 0x0000000100000000)
  eden space 524800K, 0% used [0x00000000d5580000,0x00000000d5580000,0x00000000f5600000)
  from space 87040K, 0% used [0x00000000fab00000,0x00000000fab00000,0x0000000100000000)
  to   space 87040K, 0% used [0x00000000f5600000,0x00000000f5600000,0x00000000fab00000)
 ParOldGen       total 1398272K, used 34015K [0x0000000080000000, 0x00000000d5580000, 0x00000000d5580000)
  object space 1398272K, 2% used [0x0000000080000000,0x0000000082137ff8,0x00000000d5580000)
 Metaspace       used 56584K, capacity 58340K, committed 59008K, reserved 1101824K
  class space    used 6575K, capacity 6882K, committed 7040K, reserved 1048576K
}

