# JRE version: OpenJDK Runtime Environment (8.0_212-b04) (build 1.8.0_212-b04)
# Java VM: OpenJDK 64-Bit Server VM (25.212-b04 mixed mode linux-amd64 compressed oops)
Heap:
 PSYoungGen      total 611840K, used 394691K [0x00000000d5580000, 0x0000000100000000, 0x0000000100000000)
  eden space 524800K, 75% used [0x00000000d5580000,0x00000000ed6f0e60,0x00000000f5600000)
  from space 87040K, 0% used [0x00000000fab00000,0x00000000fab00000,0x0000000100000000)
  to   space 87040K, 0% used [0x00000000f5600000,0x00000000f5600000,0x00000000fab00000)
 ParOldGen       total 1398272K, used 50698K [0x0000000080000000, 0x00000000d5580000, 0x00000000d5580000)
  object space 1398272K, 3% used [0x0000000080000000,0x0000000083182860,0x00000000d5580000)
 Metaspace       used 66083K, capacity 68544K, committed 68608K, reserved 1110016K
  class space    used 7493K, capacity 7932K, committed 7936K, reserved 1048576K
GC Heap History (10 events):
Event: 4.633 GC heap before
{Heap before GC invocations=3 (full 1):
 PSYoungGen      total 611840K, used 445494K [0x00000000d5580000, 0x0000000100000000, 0x0000000100000000)
  eden space 524800K, 84% used [0x00000000d5580000,0x00000000f088d958,0x00000000f5600000)
  from space 87040K, 0% used [0x00000000f5600000,0x00000000f5600000,0x00000000fab00000)
  to   space 87040K, 0% used [0x00000000fab00000,0x00000000fab00000,0x0000000100000000)
 ParOldGen       total 907264K, used 13725K [0x0000000080000000, 0x00000000b7600000, 0x00000000d5580000)
  object space 907264K, 1% used [0x0000000080000000,0x0000000080d67780,0x00000000b7600000)
 Metaspace       used 34791K, capacity 35188K, committed 35416K, reserved 1081344K
  class space    used 3962K, capacity 4092K, committed 4096K, reserved 1048576K
Event: 4.677 GC heap after
Heap after GC invocations=3 (full 1):
 PSYoungGen      total 611840K, used 19267K [0x00000000d5580000, 0x0000000100000000, 0x0000000100000000)
  eden space 524800K, 0% used [0x00000000d5580000,0x00000000d5580000,0x00000000f5600000)
  from space 87040K, 22% used [0x00000000fab00000,0x00000000fbdd0dc0,0x0000000100000000)
  to   space 87040K, 0% used [0x00000000f5600000,0x00000000f5600000,0x00000000fab00000)
 ParOldGen       total 907264K, used 13725K [0x0000000080000000, 0x00000000b7600000, 0x00000000d5580000)
  object space 907264K, 1% used [0x0000000080000000,0x0000000080d67780,0x00000000b7600000)
 Metaspace       used 34791K, capacity 35188K, committed 35416K, reserved 1081344K
  class space    used 3962K, capacity 4092K, committed 4096K, reserved 1048576K
}
Event: 4.677 GC heap before
{Heap before GC invocations=4 (full 2):
 PSYoungGen      total 611840K, used 19267K [0x00000000d5580000, 0x0000000100000000, 0x0000000100000000)
  eden space 524800K, 0% used [0x00000000d5580000,0x00000000d5580000,0x00000000f5600000)
  from space 87040K, 22% used [0x00000000fab00000,0x00000000fbdd0dc0,0x0000000100000000)
  to   space 87040K, 0% used [0x00000000f5600000,0x00000000f5600000,0x00000000fab00000)
 ParOldGen       total 907264K, used 13725K [0x0000000080000000, 0x00000000b7600000, 0x00000000d5580000)
  object space 907264K, 1% used [0x0000000080000000,0x0000000080d67780,0x00000000b7600000)
 Metaspace       used 34791K, capacity 35188K, committed 35416K, reserved 1081344K
  class space    used 3962K, capacity 4092K, committed 4096K, reserved 1048576K
Event: 4.805 GC heap after
Heap after GC invocations=4 (full 2):
 PSYoungGen      total 611840K, used 0K [0x00000000d5580000, 0x0000000100000000, 0x0000000100000000)
  eden space 524800K, 0% used [0x00000000d5580000,0x00000000d5580000,0x00000000f5600000)
  from space 87040K, 0% used [0x00000000fab00000,0x00000000fab00000,0x0000000100000000)
  to   space 87040K, 0% used [0x00000000f5600000,0x00000000f5600000,0x00000000fab00000)
 ParOldGen       total 1398272K, used 23557K [0x0000000080000000, 0x00000000d5580000, 0x00000000d5580000)
  object space 1398272K, 1% used [0x0000000080000000,0x0000000081701528,0x00000000d5580000)
 Metaspace       used 34791K, capacity 35188K, committed 35416K, reserved 1081344K
  class space    used 3962K, capacity 4092K, committed 4096K, reserved 1048576K
}
Event: 10.742 GC heap before
{Heap before GC invocations=5 (full 2):
 PSYoungGen      total 611840K, used 524800K [0x00000000d5580000, 0x0000000100000000, 0x0000000100000000)
  eden space 524800K, 100% used [0x00000000d5580000,0x00000000f5600000,0x00000000f5600000)
  from space 87040K, 0% used [0x00000000fab00000,0x00000000fab00000,0x0000000100000000)
  to   space 87040K, 0% used [0x00000000f5600000,0x00000000f5600000,0x00000000fab00000)
 ParOldGen       total 1398272K, used 23557K [0x0000000080000000, 0x00000000d5580000, 0x00000000d5580000)
  object space 1398272K, 1% used [0x0000000080000000,0x0000000081701528,0x00000000d5580000)
 Metaspace       used 51239K, capacity 52712K, committed 52992K, reserved 1095680K
  class space    used 6043K, capacity 6320K, committed 6400K, reserved 1048576K
Event: 10.811 GC heap after
Heap after GC invocations=5 (full 2):
 PSYoungGen      total 611840K, used 24439K [0x00000000d5580000, 0x0000000100000000, 0x0000000100000000)
  eden space 524800K, 0% used [0x00000000d5580000,0x00000000d5580000,0x00000000f5600000)
  from space 87040K, 28% used [0x00000000f5600000,0x00000000f6dddee8,0x00000000fab00000)
  to   space 87040K, 0% used [0x00000000fab00000,0x00000000fab00000,0x0000000100000000)
 ParOldGen       total 1398272K, used 23565K [0x0000000080000000, 0x00000000d5580000, 0x00000000d5580000)
  object space 1398272K, 1% used [0x0000000080000000,0x0000000081703528,0x00000000d5580000)
 Metaspace       used 51239K, capacity 52712K, committed 52992K, reserved 1095680K
  class space    used 6043K, capacity 6320K, committed 6400K, reserved 1048576K
}
Event: 16.157 GC heap before
{Heap before GC invocations=6 (full 2):
 PSYoungGen      total 611840K, used 262495K [0x00000000d5580000, 0x0000000100000000, 0x0000000100000000)
  eden space 524800K, 45% used [0x00000000d5580000,0x00000000e3df9f38,0x00000000f5600000)
  from space 87040K, 28% used [0x00000000f5600000,0x00000000f6dddee8,0x00000000fab00000)
  to   space 87040K, 0% used [0x00000000fab00000,0x00000000fab00000,0x0000000100000000)
 ParOldGen       total 1398272K, used 23565K [0x0000000080000000, 0x00000000d5580000, 0x00000000d5580000)
  object space 1398272K, 1% used [0x0000000080000000,0x0000000081703528,0x00000000d5580000)
 Metaspace       used 56838K, capacity 58876K, committed 59008K, reserved 1101824K
  class space    used 6596K, capacity 6952K, committed 7040K, reserved 1048576K
Event: 16.240 GC heap after
Heap after GC invocations=6 (full 2):
 PSYoungGen      total 611840K, used 39455K [0x00000000d5580000, 0x0000000100000000, 0x0000000100000000)
  eden space 524800K, 0% used [0x00000000d5580000,0x00000000d5580000,0x00000000f5600000)
  from space 87040K, 45% used [0x00000000fab00000,0x00000000fd187cc0,0x0000000100000000)
  to   space 87040K, 0% used [0x00000000f5600000,0x00000000f5600000,0x00000000fab00000)
 ParOldGen       total 1398272K, used 23573K [0x0000000080000000, 0x00000000d5580000, 0x00000000d5580000)
  object space 1398272K, 1% used [0x0000000080000000,0x0000000081705528,0x00000000d5580000)
 Metaspace       used 56838K, capacity 58876K, committed 59008K, reserved 1101824K
  class space    used 6596K, capacity 6952K, committed 7040K, reserved 1048576K
}
Event: 16.240 GC heap before
{Heap before GC invocations=7 (full 3):
 PSYoungGen      total 611840K, used 39455K [0x00000000d5580000, 0x0000000100000000, 0x0000000100000000)
  eden space 524800K, 0% used [0x00000000d5580000,0x00000000d5580000,0x00000000f5600000)
  from space 87040K, 45% used [0x00000000fab00000,0x00000000fd187cc0,0x0000000100000000)
  to   space 87040K, 0% used [0x00000000f5600000,0x00000000f5600000,0x00000000fab00000)
 ParOldGen       total 1398272K, used 23573K [0x0000000080000000, 0x00000000d5580000, 0x00000000d5580000)
  object space 1398272K, 1% used [0x0000000080000000,0x0000000081705528,0x00000000d5580000)
 Metaspace       used 56838K, capacity 58876K, committed 59008K, reserved 1101824K
  class space    used 6596K, capacity 6952K, committed 7040K, reserved 1048576K
Event: 16.592 GC heap after
Heap after GC invocations=7 (full 3):
 PSYoungGen      total 611840K, used 0K [0x00000000d5580000, 0x0000000100000000, 0x0000000100000000)
  eden space 524800K, 0% used [0x00000000d5580000,0x00000000d5580000,0x00000000f5600000)
  from space 87040K, 0% used [0x00000000fab00000,0x00000000fab00000,0x0000000100000000)
  to   space 87040K, 0% used [0x00000000f5600000,0x00000000f5600000,0x00000000fab00000)
 ParOldGen       total 1398272K, used 50698K [0x0000000080000000, 0x00000000d5580000, 0x00000000d5580000)
  object space 1398272K, 3% used [0x0000000080000000,0x0000000083182860,0x00000000d5580000)
 Metaspace       used 56686K, capacity 58470K, committed 59008K, reserved 1101824K
  class space    used 6543K, capacity 6857K, committed 7040K, reserved 1048576K
}

