# JRE version: OpenJDK Runtime Environment (8.0_212-b04) (build 1.8.0_212-b04)
# Java VM: OpenJDK 64-Bit Server VM (25.212-b04 mixed mode linux-amd64 compressed oops)
Heap:
 PSYoungGen      total 611840K, used 270309K [0x00000000d5580000, 0x0000000100000000, 0x0000000100000000)
  eden space 524800K, 51% used [0x00000000d5580000,0x00000000e5d79600,0x00000000f5600000)
  from space 87040K, 0% used [0x00000000fab00000,0x00000000fab00000,0x0000000100000000)
  to   space 87040K, 0% used [0x00000000f5600000,0x00000000f5600000,0x00000000fab00000)
 ParOldGen       total 1398272K, used 28907K [0x0000000080000000, 0x00000000d5580000, 0x00000000d5580000)
  object space 1398272K, 2% used [0x0000000080000000,0x0000000081c3aed0,0x00000000d5580000)
 Metaspace       used 64519K, capacity 66962K, committed 67072K, reserved 1107968K
  class space    used 7450K, capacity 7911K, committed 7936K, reserved 1048576K
GC Heap History (10 events):
Event: 4.730 GC heap before
{Heap before GC invocations=3 (full 1):
 PSYoungGen      total 611840K, used 480663K [0x00000000d5580000, 0x0000000100000000, 0x0000000100000000)
  eden space 524800K, 91% used [0x00000000d5580000,0x00000000f2ae5ff8,0x00000000f5600000)
  from space 87040K, 0% used [0x00000000f5600000,0x00000000f5600000,0x00000000fab00000)
  to   space 87040K, 0% used [0x00000000fab00000,0x00000000fab00000,0x0000000100000000)
 ParOldGen       total 900608K, used 14254K [0x0000000080000000, 0x00000000b6f80000, 0x00000000d5580000)
  object space 900608K, 1% used [0x0000000080000000,0x0000000080deb928,0x00000000b6f80000)
 Metaspace       used 34769K, capacity 35124K, committed 35416K, reserved 1081344K
  class space    used 3969K, capacity 4092K, committed 4096K, reserved 1048576K
Event: 4.764 GC heap after
Heap after GC invocations=3 (full 1):
 PSYoungGen      total 611840K, used 19376K [0x00000000d5580000, 0x0000000100000000, 0x0000000100000000)
  eden space 524800K, 0% used [0x00000000d5580000,0x00000000d5580000,0x00000000f5600000)
  from space 87040K, 22% used [0x00000000fab00000,0x00000000fbdec1c0,0x0000000100000000)
  to   space 87040K, 0% used [0x00000000f5600000,0x00000000f5600000,0x00000000fab00000)
 ParOldGen       total 900608K, used 14254K [0x0000000080000000, 0x00000000b6f80000, 0x00000000d5580000)
  object space 900608K, 1% used [0x0000000080000000,0x0000000080deb928,0x00000000b6f80000)
 Metaspace       used 34769K, capacity 35124K, committed 35416K, reserved 1081344K
  class space    used 3969K, capacity 4092K, committed 4096K, reserved 1048576K
}
Event: 4.764 GC heap before
{Heap before GC invocations=4 (full 2):
 PSYoungGen      total 611840K, used 19376K [0x00000000d5580000, 0x0000000100000000, 0x0000000100000000)
  eden space 524800K, 0% used [0x00000000d5580000,0x00000000d5580000,0x00000000f5600000)
  from space 87040K, 22% used [0x00000000fab00000,0x00000000fbdec1c0,0x0000000100000000)
  to   space 87040K, 0% used [0x00000000f5600000,0x00000000f5600000,0x00000000fab00000)
 ParOldGen       total 900608K, used 14254K [0x0000000080000000, 0x00000000b6f80000, 0x00000000d5580000)
  object space 900608K, 1% used [0x0000000080000000,0x0000000080deb928,0x00000000b6f80000)
 Metaspace       used 34769K, capacity 35124K, committed 35416K, reserved 1081344K
  class space    used 3969K, capacity 4092K, committed 4096K, reserved 1048576K
Event: 4.882 GC heap after
Heap after GC invocations=4 (full 2):
 PSYoungGen      total 611840K, used 0K [0x00000000d5580000, 0x0000000100000000, 0x0000000100000000)
  eden space 524800K, 0% used [0x00000000d5580000,0x00000000d5580000,0x00000000f5600000)
  from space 87040K, 0% used [0x00000000fab00000,0x00000000fab00000,0x0000000100000000)
  to   space 87040K, 0% used [0x00000000f5600000,0x00000000f5600000,0x00000000fab00000)
 ParOldGen       total 1398272K, used 23935K [0x0000000080000000, 0x00000000d5580000, 0x00000000d5580000)
  object space 1398272K, 1% used [0x0000000080000000,0x000000008175fc60,0x00000000d5580000)
 Metaspace       used 34769K, capacity 35124K, committed 35416K, reserved 1081344K
  class space    used 3969K, capacity 4092K, committed 4096K, reserved 1048576K
}
Event: 11.357 GC heap before
{Heap before GC invocations=5 (full 2):
 PSYoungGen      total 611840K, used 524800K [0x00000000d5580000, 0x0000000100000000, 0x0000000100000000)
  eden space 524800K, 100% used [0x00000000d5580000,0x00000000f5600000,0x00000000f5600000)
  from space 87040K, 0% used [0x00000000fab00000,0x00000000fab00000,0x0000000100000000)
  to   space 87040K, 0% used [0x00000000f5600000,0x00000000f5600000,0x00000000fab00000)
 ParOldGen       total 1398272K, used 23935K [0x0000000080000000, 0x00000000d5580000, 0x00000000d5580000)
  object space 1398272K, 1% used [0x0000000080000000,0x000000008175fc60,0x00000000d5580000)
 Metaspace       used 52554K, capacity 53910K, committed 54144K, reserved 1097728K
  class space    used 6181K, capacity 6429K, committed 6528K, reserved 1048576K
Event: 11.445 GC heap after
Heap after GC invocations=5 (full 2):
 PSYoungGen      total 611840K, used 24640K [0x00000000d5580000, 0x0000000100000000, 0x0000000100000000)
  eden space 524800K, 0% used [0x00000000d5580000,0x00000000d5580000,0x00000000f5600000)
  from space 87040K, 28% used [0x00000000f5600000,0x00000000f6e10288,0x00000000fab00000)
  to   space 87040K, 0% used [0x00000000fab00000,0x00000000fab00000,0x0000000100000000)
 ParOldGen       total 1398272K, used 23943K [0x0000000080000000, 0x00000000d5580000, 0x00000000d5580000)
  object space 1398272K, 1% used [0x0000000080000000,0x0000000081761c60,0x00000000d5580000)
 Metaspace       used 52554K, capacity 53910K, committed 54144K, reserved 1097728K
  class space    used 6181K, capacity 6429K, committed 6528K, reserved 1048576K
}
Event: 12.191 GC heap before
{Heap before GC invocations=6 (full 2):
 PSYoungGen      total 611840K, used 188251K [0x00000000d5580000, 0x0000000100000000, 0x0000000100000000)
  eden space 524800K, 31% used [0x00000000d5580000,0x00000000df546d38,0x00000000f5600000)
  from space 87040K, 28% used [0x00000000f5600000,0x00000000f6e10288,0x00000000fab00000)
  to   space 87040K, 0% used [0x00000000fab00000,0x00000000fab00000,0x0000000100000000)
 ParOldGen       total 1398272K, used 23943K [0x0000000080000000, 0x00000000d5580000, 0x00000000d5580000)
  object space 1398272K, 1% used [0x0000000080000000,0x0000000081761c60,0x00000000d5580000)
 Metaspace       used 57444K, capacity 58864K, committed 59008K, reserved 1101824K
  class space    used 6670K, capacity 6942K, committed 7040K, reserved 1048576K
Event: 12.221 GC heap after
Heap after GC invocations=6 (full 2):
 PSYoungGen      total 611840K, used 16977K [0x00000000d5580000, 0x0000000100000000, 0x0000000100000000)
  eden space 524800K, 0% used [0x00000000d5580000,0x00000000d5580000,0x00000000f5600000)
  from space 87040K, 19% used [0x00000000fab00000,0x00000000fbb94408,0x0000000100000000)
  to   space 87040K, 0% used [0x00000000f5600000,0x00000000f5600000,0x00000000fab00000)
 ParOldGen       total 1398272K, used 23951K [0x0000000080000000, 0x00000000d5580000, 0x00000000d5580000)
  object space 1398272K, 1% used [0x0000000080000000,0x0000000081763c60,0x00000000d5580000)
 Metaspace       used 57444K, capacity 58864K, committed 59008K, reserved 1101824K
  class space    used 6670K, capacity 6942K, committed 7040K, reserved 1048576K
}
Event: 12.221 GC heap before
{Heap before GC invocations=7 (full 3):
 PSYoungGen      total 611840K, used 16977K [0x00000000d5580000, 0x0000000100000000, 0x0000000100000000)
  eden space 524800K, 0% used [0x00000000d5580000,0x00000000d5580000,0x00000000f5600000)
  from space 87040K, 19% used [0x00000000fab00000,0x00000000fbb94408,0x0000000100000000)
  to   space 87040K, 0% used [0x00000000f5600000,0x00000000f5600000,0x00000000fab00000)
 ParOldGen       total 1398272K, used 23951K [0x0000000080000000, 0x00000000d5580000, 0x00000000d5580000)
  object space 1398272K, 1% used [0x0000000080000000,0x0000000081763c60,0x00000000d5580000)
 Metaspace       used 57444K, capacity 58864K, committed 59008K, reserved 1101824K
  class space    used 6670K, capacity 6942K, committed 7040K, reserved 1048576K
Event: 12.500 GC heap after
Heap after GC invocations=7 (full 3):
 PSYoungGen      total 611840K, used 0K [0x00000000d5580000, 0x0000000100000000, 0x0000000100000000)
  eden space 524800K, 0% used [0x00000000d5580000,0x00000000d5580000,0x00000000f5600000)
  from space 87040K, 0% used [0x00000000fab00000,0x00000000fab00000,0x0000000100000000)
  to   space 87040K, 0% used [0x00000000f5600000,0x00000000f5600000,0x00000000fab00000)
 ParOldGen       total 1398272K, used 28907K [0x0000000080000000, 0x00000000d5580000, 0x00000000d5580000)
  object space 1398272K, 2% used [0x0000000080000000,0x0000000081c3aed0,0x00000000d5580000)
 Metaspace       used 57418K, capacity 58802K, committed 59008K, reserved 1101824K
  class space    used 6660K, capacity 6925K, committed 7040K, reserved 1048576K
}

