# JRE version: OpenJDK Runtime Environment (8.0_212-b04) (build 1.8.0_212-b04)
# Java VM: OpenJDK 64-Bit Server VM (25.212-b04 mixed mode linux-amd64 compressed oops)
Heap:
 PSYoungGen      total 535040K, used 496981K [0x00000000d5580000, 0x0000000100000000, 0x0000000100000000)
  eden space 448000K, 91% used [0x00000000d5580000,0x00000000ee5d6738,0x00000000f0b00000)
  from space 87040K, 99% used [0x00000000fab00000,0x00000000ffffef90,0x0000000100000000)
  to   space 125440K, 0% used [0x00000000f0b00000,0x00000000f0b00000,0x00000000f8580000)
 ParOldGen       total 1398272K, used 75520K [0x0000000080000000, 0x00000000d5580000, 0x00000000d5580000)
  object space 1398272K, 5% used [0x0000000080000000,0x00000000849c0100,0x00000000d5580000)
 Metaspace       used 71023K, capacity 74592K, committed 74752K, reserved 1116160K
  class space    used 7797K, capacity 8418K, committed 8448K, reserved 1048576K
GC Heap History (10 events):
Event: 11.005 GC heap before
{Heap before GC invocations=5 (full 2):
 PSYoungGen      total 611840K, used 488560K [0x00000000d5580000, 0x0000000100000000, 0x0000000100000000)
  eden space 524800K, 93% used [0x00000000d5580000,0x00000000f329c200,0x00000000f5600000)
  from space 87040K, 0% used [0x00000000fab00000,0x00000000fab00000,0x0000000100000000)
  to   space 87040K, 0% used [0x00000000f5600000,0x00000000f5600000,0x00000000fab00000)
 ParOldGen       total 1398272K, used 23602K [0x0000000080000000, 0x00000000d5580000, 0x00000000d5580000)
  object space 1398272K, 1% used [0x0000000080000000,0x000000008170c980,0x00000000d5580000)
 Metaspace       used 57441K, capacity 58908K, committed 59008K, reserved 1101824K
  class space    used 6657K, capacity 6952K, committed 7040K, reserved 1048576K
Event: 11.070 GC heap after
Heap after GC invocations=5 (full 2):
 PSYoungGen      total 611840K, used 31213K [0x00000000d5580000, 0x0000000100000000, 0x0000000100000000)
  eden space 524800K, 0% used [0x00000000d5580000,0x00000000d5580000,0x00000000f5600000)
  from space 87040K, 35% used [0x00000000f5600000,0x00000000f747b4e0,0x00000000fab00000)
  to   space 87040K, 0% used [0x00000000fab00000,0x00000000fab00000,0x0000000100000000)
 ParOldGen       total 1398272K, used 23610K [0x0000000080000000, 0x00000000d5580000, 0x00000000d5580000)
  object space 1398272K, 1% used [0x0000000080000000,0x000000008170e980,0x00000000d5580000)
 Metaspace       used 57441K, capacity 58908K, committed 59008K, reserved 1101824K
  class space    used 6657K, capacity 6952K, committed 7040K, reserved 1048576K
}
Event: 11.070 GC heap before
{Heap before GC invocations=6 (full 3):
 PSYoungGen      total 611840K, used 31213K [0x00000000d5580000, 0x0000000100000000, 0x0000000100000000)
  eden space 524800K, 0% used [0x00000000d5580000,0x00000000d5580000,0x00000000f5600000)
  from space 87040K, 35% used [0x00000000f5600000,0x00000000f747b4e0,0x00000000fab00000)
  to   space 87040K, 0% used [0x00000000fab00000,0x00000000fab00000,0x0000000100000000)
 ParOldGen       total 1398272K, used 23610K [0x0000000080000000, 0x00000000d5580000, 0x00000000d5580000)
  object space 1398272K, 1% used [0x0000000080000000,0x000000008170e980,0x00000000d5580000)
 Metaspace       used 57441K, capacity 58908K, committed 59008K, reserved 1101824K
  class space    used 6657K, capacity 6952K, committed 7040K, reserved 1048576K
Event: 11.337 GC heap after
Heap after GC invocations=6 (full 3):
 PSYoungGen      total 611840K, used 0K [0x00000000d5580000, 0x0000000100000000, 0x0000000100000000)
  eden space 524800K, 0% used [0x00000000d5580000,0x00000000d5580000,0x00000000f5600000)
  from space 87040K, 0% used [0x00000000f5600000,0x00000000f5600000,0x00000000fab00000)
  to   space 87040K, 0% used [0x00000000fab00000,0x00000000fab00000,0x0000000100000000)
 ParOldGen       total 1398272K, used 41743K [0x0000000080000000, 0x00000000d5580000, 0x00000000d5580000)
  object space 1398272K, 2% used [0x0000000080000000,0x00000000828c3f50,0x00000000d5580000)
 Metaspace       used 57417K, capacity 58852K, committed 59008K, reserved 1101824K
  class space    used 6648K, capacity 6936K, committed 7040K, reserved 1048576K
}
Event: 92.726 GC heap before
{Heap before GC invocations=7 (full 3):
 PSYoungGen      total 611840K, used 524800K [0x00000000d5580000, 0x0000000100000000, 0x0000000100000000)
  eden space 524800K, 100% used [0x00000000d5580000,0x00000000f5600000,0x00000000f5600000)
  from space 87040K, 0% used [0x00000000f5600000,0x00000000f5600000,0x00000000fab00000)
  to   space 87040K, 0% used [0x00000000fab00000,0x00000000fab00000,0x0000000100000000)
 ParOldGen       total 1398272K, used 41743K [0x0000000080000000, 0x00000000d5580000, 0x00000000d5580000)
  object space 1398272K, 2% used [0x0000000080000000,0x00000000828c3f50,0x00000000d5580000)
 Metaspace       used 66595K, capacity 69574K, committed 69632K, reserved 1110016K
  class space    used 7603K, capacity 8141K, committed 8192K, reserved 1048576K
Event: 92.844 GC heap after
Heap after GC invocations=7 (full 3):
 PSYoungGen      total 611840K, used 49071K [0x00000000d5580000, 0x0000000100000000, 0x0000000100000000)
  eden space 524800K, 0% used [0x00000000d5580000,0x00000000d5580000,0x00000000f5600000)
  from space 87040K, 56% used [0x00000000fab00000,0x00000000fdaebe80,0x0000000100000000)
  to   space 87040K, 0% used [0x00000000f5600000,0x00000000f5600000,0x00000000fab00000)
 ParOldGen       total 1398272K, used 41751K [0x0000000080000000, 0x00000000d5580000, 0x00000000d5580000)
  object space 1398272K, 2% used [0x0000000080000000,0x00000000828c5f50,0x00000000d5580000)
 Metaspace       used 66595K, capacity 69574K, committed 69632K, reserved 1110016K
  class space    used 7603K, capacity 8141K, committed 8192K, reserved 1048576K
}
Event: 333.222 GC heap before
{Heap before GC invocations=8 (full 3):
 PSYoungGen      total 611840K, used 573871K [0x00000000d5580000, 0x0000000100000000, 0x0000000100000000)
  eden space 524800K, 100% used [0x00000000d5580000,0x00000000f5600000,0x00000000f5600000)
  from space 87040K, 56% used [0x00000000fab00000,0x00000000fdaebe80,0x0000000100000000)
  to   space 87040K, 0% used [0x00000000f5600000,0x00000000f5600000,0x00000000fab00000)
 ParOldGen       total 1398272K, used 41751K [0x0000000080000000, 0x00000000d5580000, 0x00000000d5580000)
  object space 1398272K, 2% used [0x0000000080000000,0x00000000828c5f50,0x00000000d5580000)
 Metaspace       used 68998K, capacity 72168K, committed 72320K, reserved 1114112K
  class space    used 7698K, capacity 8276K, committed 8320K, reserved 1048576K
Event: 333.428 GC heap after
Heap after GC invocations=8 (full 3):
 PSYoungGen      total 611840K, used 87014K [0x00000000d5580000, 0x0000000100000000, 0x0000000100000000)
  eden space 524800K, 0% used [0x00000000d5580000,0x00000000d5580000,0x00000000f5600000)
  from space 87040K, 99% used [0x00000000f5600000,0x00000000faaf9be0,0x00000000fab00000)
  to   space 87040K, 0% used [0x00000000fab00000,0x00000000fab00000,0x0000000100000000)
 ParOldGen       total 1398272K, used 46159K [0x0000000080000000, 0x00000000d5580000, 0x00000000d5580000)
  object space 1398272K, 3% used [0x0000000080000000,0x0000000082d13f50,0x00000000d5580000)
 Metaspace       used 68998K, capacity 72168K, committed 72320K, reserved 1114112K
  class space    used 7698K, capacity 8276K, committed 8320K, reserved 1048576K
}
Event: 577.397 GC heap before
{Heap before GC invocations=9 (full 3):
 PSYoungGen      total 611840K, used 611814K [0x00000000d5580000, 0x0000000100000000, 0x0000000100000000)
  eden space 524800K, 100% used [0x00000000d5580000,0x00000000f5600000,0x00000000f5600000)
  from space 87040K, 99% used [0x00000000f5600000,0x00000000faaf9be0,0x00000000fab00000)
  to   space 87040K, 0% used [0x00000000fab00000,0x00000000fab00000,0x0000000100000000)
 ParOldGen       total 1398272K, used 46159K [0x0000000080000000, 0x00000000d5580000, 0x00000000d5580000)
  object space 1398272K, 3% used [0x0000000080000000,0x0000000082d13f50,0x00000000d5580000)
 Metaspace       used 70429K, capacity 73948K, committed 74240K, reserved 1116160K
  class space    used 7787K, capacity 8408K, committed 8448K, reserved 1048576K
Event: 577.625 GC heap after
Heap after GC invocations=9 (full 3):
 PSYoungGen      total 535040K, used 87035K [0x00000000d5580000, 0x0000000100000000, 0x0000000100000000)
  eden space 448000K, 0% used [0x00000000d5580000,0x00000000d5580000,0x00000000f0b00000)
  from space 87040K, 99% used [0x00000000fab00000,0x00000000ffffef90,0x0000000100000000)
  to   space 125440K, 0% used [0x00000000f0b00000,0x00000000f0b00000,0x00000000f8580000)
 ParOldGen       total 1398272K, used 75520K [0x0000000080000000, 0x00000000d5580000, 0x00000000d5580000)
  object space 1398272K, 5% used [0x0000000080000000,0x00000000849c0100,0x00000000d5580000)
 Metaspace       used 70429K, capacity 73948K, committed 74240K, reserved 1116160K
  class space    used 7787K, capacity 8408K, committed 8448K, reserved 1048576K
}

