# JRE version: OpenJDK Runtime Environment (8.0_212-b04) (build 1.8.0_212-b04)
# Java VM: OpenJDK 64-Bit Server VM (25.212-b04 mixed mode linux-amd64 compressed oops)
Heap:
 PSYoungGen      total 611840K, used 459518K [0x00000000d5580000, 0x0000000100000000, 0x0000000100000000)
  eden space 524800K, 87% used [0x00000000d5580000,0x00000000f163fa38,0x00000000f5600000)
  from space 87040K, 0% used [0x00000000fab00000,0x00000000fab00000,0x0000000100000000)
  to   space 87040K, 0% used [0x00000000f5600000,0x00000000f5600000,0x00000000fab00000)
 ParOldGen       total 1398272K, used 32640K [0x0000000080000000, 0x00000000d5580000, 0x00000000d5580000)
  object space 1398272K, 2% used [0x0000000080000000,0x0000000081fe0018,0x00000000d5580000)
 Metaspace       used 75253K, capacity 77786K, committed 77952K, reserved 1118208K
  class space    used 8774K, capacity 9241K, committed 9344K, reserved 1048576K
GC Heap History (10 events):
Event: 3.963 GC heap before
{Heap before GC invocations=3 (full 1):
 PSYoungGen      total 611840K, used 352476K [0x00000000d5580000, 0x0000000100000000, 0x0000000100000000)
  eden space 524800K, 67% used [0x00000000d5580000,0x00000000eadb7138,0x00000000f5600000)
  from space 87040K, 0% used [0x00000000f5600000,0x00000000f5600000,0x00000000fab00000)
  to   space 87040K, 0% used [0x00000000fab00000,0x00000000fab00000,0x0000000100000000)
 ParOldGen       total 858112K, used 13630K [0x0000000080000000, 0x00000000b4600000, 0x00000000d5580000)
  object space 858112K, 1% used [0x0000000080000000,0x0000000080d4f980,0x00000000b4600000)
 Metaspace       used 34729K, capacity 35018K, committed 35416K, reserved 1081344K
  class space    used 4190K, capacity 4289K, committed 4352K, reserved 1048576K
Event: 4.002 GC heap after
Heap after GC invocations=3 (full 1):
 PSYoungGen      total 611840K, used 19392K [0x00000000d5580000, 0x0000000100000000, 0x0000000100000000)
  eden space 524800K, 0% used [0x00000000d5580000,0x00000000d5580000,0x00000000f5600000)
  from space 87040K, 22% used [0x00000000fab00000,0x00000000fbdf0250,0x0000000100000000)
  to   space 87040K, 0% used [0x00000000f5600000,0x00000000f5600000,0x00000000fab00000)
 ParOldGen       total 858112K, used 13638K [0x0000000080000000, 0x00000000b4600000, 0x00000000d5580000)
  object space 858112K, 1% used [0x0000000080000000,0x0000000080d51980,0x00000000b4600000)
 Metaspace       used 34729K, capacity 35018K, committed 35416K, reserved 1081344K
  class space    used 4190K, capacity 4289K, committed 4352K, reserved 1048576K
}
Event: 4.002 GC heap before
{Heap before GC invocations=4 (full 2):
 PSYoungGen      total 611840K, used 19392K [0x00000000d5580000, 0x0000000100000000, 0x0000000100000000)
  eden space 524800K, 0% used [0x00000000d5580000,0x00000000d5580000,0x00000000f5600000)
  from space 87040K, 22% used [0x00000000fab00000,0x00000000fbdf0250,0x0000000100000000)
  to   space 87040K, 0% used [0x00000000f5600000,0x00000000f5600000,0x00000000fab00000)
 ParOldGen       total 858112K, used 13638K [0x0000000080000000, 0x00000000b4600000, 0x00000000d5580000)
  object space 858112K, 1% used [0x0000000080000000,0x0000000080d51980,0x00000000b4600000)
 Metaspace       used 34729K, capacity 35018K, committed 35416K, reserved 1081344K
  class space    used 4190K, capacity 4289K, committed 4352K, reserved 1048576K
Event: 4.123 GC heap after
Heap after GC invocations=4 (full 2):
 PSYoungGen      total 611840K, used 0K [0x00000000d5580000, 0x0000000100000000, 0x0000000100000000)
  eden space 524800K, 0% used [0x00000000d5580000,0x00000000d5580000,0x00000000f5600000)
  from space 87040K, 0% used [0x00000000fab00000,0x00000000fab00000,0x0000000100000000)
  to   space 87040K, 0% used [0x00000000f5600000,0x00000000f5600000,0x00000000fab00000)
 ParOldGen       total 1398272K, used 24214K [0x0000000080000000, 0x00000000d5580000, 0x00000000d5580000)
  object space 1398272K, 1% used [0x0000000080000000,0x00000000817a59d8,0x00000000d5580000)
 Metaspace       used 34729K, capacity 35018K, committed 35416K, reserved 1081344K
  class space    used 4190K, capacity 4289K, committed 4352K, reserved 1048576K
}
Event: 7.914 GC heap before
{Heap before GC invocations=5 (full 2):
 PSYoungGen      total 611840K, used 524800K [0x00000000d5580000, 0x0000000100000000, 0x0000000100000000)
  eden space 524800K, 100% used [0x00000000d5580000,0x00000000f5600000,0x00000000f5600000)
  from space 87040K, 0% used [0x00000000fab00000,0x00000000fab00000,0x0000000100000000)
  to   space 87040K, 0% used [0x00000000f5600000,0x00000000f5600000,0x00000000fab00000)
 ParOldGen       total 1398272K, used 24214K [0x0000000080000000, 0x00000000d5580000, 0x00000000d5580000)
  object space 1398272K, 1% used [0x0000000080000000,0x00000000817a59d8,0x00000000d5580000)
 Metaspace       used 49308K, capacity 50106K, committed 50432K, reserved 1093632K
  class space    used 5869K, capacity 6053K, committed 6144K, reserved 1048576K
Event: 7.945 GC heap after
Heap after GC invocations=5 (full 2):
 PSYoungGen      total 611840K, used 19867K [0x00000000d5580000, 0x0000000100000000, 0x0000000100000000)
  eden space 524800K, 0% used [0x00000000d5580000,0x00000000d5580000,0x00000000f5600000)
  from space 87040K, 22% used [0x00000000f5600000,0x00000000f6966f10,0x00000000fab00000)
  to   space 87040K, 0% used [0x00000000fab00000,0x00000000fab00000,0x0000000100000000)
 ParOldGen       total 1398272K, used 24214K [0x0000000080000000, 0x00000000d5580000, 0x00000000d5580000)
  object space 1398272K, 1% used [0x0000000080000000,0x00000000817a59d8,0x00000000d5580000)
 Metaspace       used 49308K, capacity 50106K, committed 50432K, reserved 1093632K
  class space    used 5869K, capacity 6053K, committed 6144K, reserved 1048576K
}
Event: 12.330 GC heap before
{Heap before GC invocations=6 (full 2):
 PSYoungGen      total 611840K, used 336578K [0x00000000d5580000, 0x0000000100000000, 0x0000000100000000)
  eden space 524800K, 60% used [0x00000000d5580000,0x00000000e8ac9a20,0x00000000f5600000)
  from space 87040K, 22% used [0x00000000f5600000,0x00000000f6966f10,0x00000000fab00000)
  to   space 87040K, 0% used [0x00000000fab00000,0x00000000fab00000,0x0000000100000000)
 ParOldGen       total 1398272K, used 24214K [0x0000000080000000, 0x00000000d5580000, 0x00000000d5580000)
  object space 1398272K, 1% used [0x0000000080000000,0x00000000817a59d8,0x00000000d5580000)
 Metaspace       used 57824K, capacity 58938K, committed 59028K, reserved 1101824K
  class space    used 6936K, capacity 7161K, committed 7168K, reserved 1048576K
Event: 12.365 GC heap after
Heap after GC invocations=6 (full 2):
 PSYoungGen      total 611840K, used 20164K [0x00000000d5580000, 0x0000000100000000, 0x0000000100000000)
  eden space 524800K, 0% used [0x00000000d5580000,0x00000000d5580000,0x00000000f5600000)
  from space 87040K, 23% used [0x00000000fab00000,0x00000000fbeb12e8,0x0000000100000000)
  to   space 87040K, 0% used [0x00000000f5600000,0x00000000f5600000,0x00000000fab00000)
 ParOldGen       total 1398272K, used 24222K [0x0000000080000000, 0x00000000d5580000, 0x00000000d5580000)
  object space 1398272K, 1% used [0x0000000080000000,0x00000000817a79d8,0x00000000d5580000)
 Metaspace       used 57824K, capacity 58938K, committed 59028K, reserved 1101824K
  class space    used 6936K, capacity 7161K, committed 7168K, reserved 1048576K
}
Event: 12.365 GC heap before
{Heap before GC invocations=7 (full 3):
 PSYoungGen      total 611840K, used 20164K [0x00000000d5580000, 0x0000000100000000, 0x0000000100000000)
  eden space 524800K, 0% used [0x00000000d5580000,0x00000000d5580000,0x00000000f5600000)
  from space 87040K, 23% used [0x00000000fab00000,0x00000000fbeb12e8,0x0000000100000000)
  to   space 87040K, 0% used [0x00000000f5600000,0x00000000f5600000,0x00000000fab00000)
 ParOldGen       total 1398272K, used 24222K [0x0000000080000000, 0x00000000d5580000, 0x00000000d5580000)
  object space 1398272K, 1% used [0x0000000080000000,0x00000000817a79d8,0x00000000d5580000)
 Metaspace       used 57824K, capacity 58938K, committed 59028K, reserved 1101824K
  class space    used 6936K, capacity 7161K, committed 7168K, reserved 1048576K
Event: 12.630 GC heap after
Heap after GC invocations=7 (full 3):
 PSYoungGen      total 611840K, used 0K [0x00000000d5580000, 0x0000000100000000, 0x0000000100000000)
  eden space 524800K, 0% used [0x00000000d5580000,0x00000000d5580000,0x00000000f5600000)
  from space 87040K, 0% used [0x00000000fab00000,0x00000000fab00000,0x0000000100000000)
  to   space 87040K, 0% used [0x00000000f5600000,0x00000000f5600000,0x00000000fab00000)
 ParOldGen       total 1398272K, used 32640K [0x0000000080000000, 0x00000000d5580000, 0x00000000d5580000)
  object space 1398272K, 2% used [0x0000000080000000,0x0000000081fe0018,0x00000000d5580000)
 Metaspace       used 57762K, capacity 58794K, committed 59028K, reserved 1101824K
  class space    used 6914K, capacity 7123K, committed 7168K, reserved 1048576K
}

