# JRE version: OpenJDK Runtime Environment (8.0_212-b04) (build 1.8.0_212-b04)
# Java VM: OpenJDK 64-Bit Server VM (25.212-b04 mixed mode linux-amd64 compressed oops)
Heap:
 PSYoungGen      total 551424K, used 524330K [0x00000000d5580000, 0x0000000100000000, 0x0000000100000000)
  eden space 495616K, 94% used [0x00000000d5580000,0x00000000f1f0c068,0x00000000f3980000)
  from space 55808K, 99% used [0x00000000f9380000,0x00000000fc9fe9f8,0x00000000fca00000)
  to   space 92160K, 0% used [0x00000000f3980000,0x00000000f3980000,0x00000000f9380000)
 ParOldGen       total 1398272K, used 80035K [0x0000000080000000, 0x00000000d5580000, 0x00000000d5580000)
  object space 1398272K, 5% used [0x0000000080000000,0x0000000084e28df0,0x00000000d5580000)
 Metaspace       used 67238K, capacity 70398K, committed 70656K, reserved 1112064K
  class space    used 7540K, capacity 8091K, committed 8192K, reserved 1048576K
GC Heap History (10 events):
Event: 13.092 GC heap before
{Heap before GC invocations=5 (full 2):
 PSYoungGen      total 611840K, used 524800K [0x00000000d5580000, 0x0000000100000000, 0x0000000100000000)
  eden space 524800K, 100% used [0x00000000d5580000,0x00000000f5600000,0x00000000f5600000)
  from space 87040K, 0% used [0x00000000fab00000,0x00000000fab00000,0x0000000100000000)
  to   space 87040K, 0% used [0x00000000f5600000,0x00000000f5600000,0x00000000fab00000)
 ParOldGen       total 1398272K, used 23547K [0x0000000080000000, 0x00000000d5580000, 0x00000000d5580000)
  object space 1398272K, 1% used [0x0000000080000000,0x00000000816fee78,0x00000000d5580000)
 Metaspace       used 52206K, capacity 53712K, committed 53888K, reserved 1097728K
  class space    used 6125K, capacity 6422K, committed 6528K, reserved 1048576K
Event: 13.155 GC heap after
Heap after GC invocations=5 (full 2):
 PSYoungGen      total 611840K, used 29535K [0x00000000d5580000, 0x0000000100000000, 0x0000000100000000)
  eden space 524800K, 0% used [0x00000000d5580000,0x00000000d5580000,0x00000000f5600000)
  from space 87040K, 33% used [0x00000000f5600000,0x00000000f72d7f48,0x00000000fab00000)
  to   space 87040K, 0% used [0x00000000fab00000,0x00000000fab00000,0x0000000100000000)
 ParOldGen       total 1398272K, used 23555K [0x0000000080000000, 0x00000000d5580000, 0x00000000d5580000)
  object space 1398272K, 1% used [0x0000000080000000,0x0000000081700e78,0x00000000d5580000)
 Metaspace       used 52206K, capacity 53712K, committed 53888K, reserved 1097728K
  class space    used 6125K, capacity 6422K, committed 6528K, reserved 1048576K
}
Event: 19.576 GC heap before
{Heap before GC invocations=6 (full 2):
 PSYoungGen      total 611840K, used 195221K [0x00000000d5580000, 0x0000000100000000, 0x0000000100000000)
  eden space 524800K, 31% used [0x00000000d5580000,0x00000000df74d540,0x00000000f5600000)
  from space 87040K, 33% used [0x00000000f5600000,0x00000000f72d7f48,0x00000000fab00000)
  to   space 87040K, 0% used [0x00000000fab00000,0x00000000fab00000,0x0000000100000000)
 ParOldGen       total 1398272K, used 23555K [0x0000000080000000, 0x00000000d5580000, 0x00000000d5580000)
  object space 1398272K, 1% used [0x0000000080000000,0x0000000081700e78,0x00000000d5580000)
 Metaspace       used 56807K, capacity 58924K, committed 59008K, reserved 1101824K
  class space    used 6608K, capacity 6980K, committed 7040K, reserved 1048576K
Event: 19.629 GC heap after
Heap after GC invocations=6 (full 2):
 PSYoungGen      total 611840K, used 27074K [0x00000000d5580000, 0x0000000100000000, 0x0000000100000000)
  eden space 524800K, 0% used [0x00000000d5580000,0x00000000d5580000,0x00000000f5600000)
  from space 87040K, 31% used [0x00000000fab00000,0x00000000fc5709e8,0x0000000100000000)
  to   space 87040K, 0% used [0x00000000f5600000,0x00000000f5600000,0x00000000fab00000)
 ParOldGen       total 1398272K, used 23563K [0x0000000080000000, 0x00000000d5580000, 0x00000000d5580000)
  object space 1398272K, 1% used [0x0000000080000000,0x0000000081702e78,0x00000000d5580000)
 Metaspace       used 56807K, capacity 58924K, committed 59008K, reserved 1101824K
  class space    used 6608K, capacity 6980K, committed 7040K, reserved 1048576K
}
Event: 19.629 GC heap before
{Heap before GC invocations=7 (full 3):
 PSYoungGen      total 611840K, used 27074K [0x00000000d5580000, 0x0000000100000000, 0x0000000100000000)
  eden space 524800K, 0% used [0x00000000d5580000,0x00000000d5580000,0x00000000f5600000)
  from space 87040K, 31% used [0x00000000fab00000,0x00000000fc5709e8,0x0000000100000000)
  to   space 87040K, 0% used [0x00000000f5600000,0x00000000f5600000,0x00000000fab00000)
 ParOldGen       total 1398272K, used 23563K [0x0000000080000000, 0x00000000d5580000, 0x00000000d5580000)
  object space 1398272K, 1% used [0x0000000080000000,0x0000000081702e78,0x00000000d5580000)
 Metaspace       used 56807K, capacity 58924K, committed 59008K, reserved 1101824K
  class space    used 6608K, capacity 6980K, committed 7040K, reserved 1048576K
Event: 19.954 GC heap after
Heap after GC invocations=7 (full 3):
 PSYoungGen      total 611840K, used 0K [0x00000000d5580000, 0x0000000100000000, 0x0000000100000000)
  eden space 524800K, 0% used [0x00000000d5580000,0x00000000d5580000,0x00000000f5600000)
  from space 87040K, 0% used [0x00000000fab00000,0x00000000fab00000,0x0000000100000000)
  to   space 87040K, 0% used [0x00000000f5600000,0x00000000f5600000,0x00000000fab00000)
 ParOldGen       total 1398272K, used 38576K [0x0000000080000000, 0x00000000d5580000, 0x00000000d5580000)
  object space 1398272K, 2% used [0x0000000080000000,0x00000000825ac310,0x00000000d5580000)
 Metaspace       used 56597K, capacity 58372K, committed 59008K, reserved 1101824K
  class space    used 6535K, capacity 6850K, committed 7040K, reserved 1048576K
}
Event: 29.737 GC heap before
{Heap before GC invocations=8 (full 3):
 PSYoungGen      total 611840K, used 512817K [0x00000000d5580000, 0x0000000100000000, 0x0000000100000000)
  eden space 524800K, 97% used [0x00000000d5580000,0x00000000f4a4c478,0x00000000f5600000)
  from space 87040K, 0% used [0x00000000fab00000,0x00000000fab00000,0x0000000100000000)
  to   space 87040K, 0% used [0x00000000f5600000,0x00000000f5600000,0x00000000fab00000)
 ParOldGen       total 1398272K, used 38576K [0x0000000080000000, 0x00000000d5580000, 0x00000000d5580000)
  object space 1398272K, 2% used [0x0000000080000000,0x00000000825ac310,0x00000000d5580000)
 Metaspace       used 65625K, capacity 68420K, committed 68736K, reserved 1110016K
  class space    used 7466K, capacity 7978K, committed 8064K, reserved 1048576K
Event: 29.832 GC heap after
Heap after GC invocations=8 (full 3):
 PSYoungGen      total 587776K, used 62464K [0x00000000d5580000, 0x00000000fca00000, 0x0000000100000000)
  eden space 524800K, 0% used [0x00000000d5580000,0x00000000d5580000,0x00000000f5600000)
  from space 62976K, 99% used [0x00000000f5600000,0x00000000f93001c0,0x00000000f9380000)
  to   space 55808K, 0% used [0x00000000f9380000,0x00000000f9380000,0x00000000fca00000)
 ParOldGen       total 1398272K, used 38576K [0x0000000080000000, 0x00000000d5580000, 0x00000000d5580000)
  object space 1398272K, 2% used [0x0000000080000000,0x00000000825ac310,0x00000000d5580000)
 Metaspace       used 65625K, capacity 68420K, committed 68736K, reserved 1110016K
  class space    used 7466K, capacity 7978K, committed 8064K, reserved 1048576K
}
Event: 35.618 GC heap before
{Heap before GC invocations=9 (full 3):
 PSYoungGen      total 587776K, used 580220K [0x00000000d5580000, 0x00000000fca00000, 0x0000000100000000)
  eden space 524800K, 98% used [0x00000000d5580000,0x00000000f4f1f148,0x00000000f5600000)
  from space 62976K, 99% used [0x00000000f5600000,0x00000000f93001c0,0x00000000f9380000)
  to   space 55808K, 0% used [0x00000000f9380000,0x00000000f9380000,0x00000000fca00000)
 ParOldGen       total 1398272K, used 38576K [0x0000000080000000, 0x00000000d5580000, 0x00000000d5580000)
  object space 1398272K, 2% used [0x0000000080000000,0x00000000825ac310,0x00000000d5580000)
 Metaspace       used 66633K, capacity 69644K, committed 69760K, reserved 1112064K
  class space    used 7520K, capacity 8062K, committed 8064K, reserved 1048576K
Event: 35.762 GC heap after
Heap after GC invocations=9 (full 3):
 PSYoungGen      total 551424K, used 55802K [0x00000000d5580000, 0x0000000100000000, 0x0000000100000000)
  eden space 495616K, 0% used [0x00000000d5580000,0x00000000d5580000,0x00000000f3980000)
  from space 55808K, 99% used [0x00000000f9380000,0x00000000fc9fe9f8,0x00000000fca00000)
  to   space 92160K, 0% used [0x00000000f3980000,0x00000000f3980000,0x00000000f9380000)
 ParOldGen       total 1398272K, used 80035K [0x0000000080000000, 0x00000000d5580000, 0x00000000d5580000)
  object space 1398272K, 5% used [0x0000000080000000,0x0000000084e28df0,0x00000000d5580000)
 Metaspace       used 66633K, capacity 69644K, committed 69760K, reserved 1112064K
  class space    used 7520K, capacity 8062K, committed 8064K, reserved 1048576K
}

