# JRE version: OpenJDK Runtime Environment (8.0_212-b04) (build 1.8.0_212-b04)
# Java VM: OpenJDK 64-Bit Server VM (25.212-b04 mixed mode linux-amd64 compressed oops)
Heap:
 PSYoungGen      total 611840K, used 277192K [0x00000000d5580000, 0x0000000100000000, 0x0000000100000000)
  eden space 524800K, 52% used [0x00000000d5580000,0x00000000e64323d8,0x00000000f5600000)
  from space 87040K, 0% used [0x00000000f5600000,0x00000000f5600000,0x00000000fab00000)
  to   space 87040K, 0% used [0x00000000fab00000,0x00000000fab00000,0x0000000100000000)
 ParOldGen       total 1398272K, used 37817K [0x0000000080000000, 0x00000000d5580000, 0x00000000d5580000)
  object space 1398272K, 2% used [0x0000000080000000,0x00000000824ee600,0x00000000d5580000)
 Metaspace       used 63194K, capacity 65526K, committed 65664K, reserved 1107968K
  class space    used 7259K, capacity 7695K, committed 7808K, reserved 1048576K
GC Heap History (10 events):
Event: 2.111 GC heap before
{Heap before GC invocations=2 (full 1):
 PSYoungGen      total 611840K, used 14483K [0x00000000d5580000, 0x0000000100000000, 0x0000000100000000)
  eden space 524800K, 0% used [0x00000000d5580000,0x00000000d5580000,0x00000000f5600000)
  from space 87040K, 16% used [0x00000000f5600000,0x00000000f6424ee0,0x00000000fab00000)
  to   space 87040K, 0% used [0x00000000fab00000,0x00000000fab00000,0x0000000100000000)
 ParOldGen       total 1398272K, used 80K [0x0000000080000000, 0x00000000d5580000, 0x00000000d5580000)
  object space 1398272K, 0% used [0x0000000080000000,0x0000000080014010,0x00000000d5580000)
 Metaspace       used 20875K, capacity 21106K, committed 21248K, reserved 1069056K
  class space    used 2373K, capacity 2482K, committed 2560K, reserved 1048576K
Event: 2.178 GC heap after
Heap after GC invocations=2 (full 1):
 PSYoungGen      total 611840K, used 0K [0x00000000d5580000, 0x0000000100000000, 0x0000000100000000)
  eden space 524800K, 0% used [0x00000000d5580000,0x00000000d5580000,0x00000000f5600000)
  from space 87040K, 0% used [0x00000000f5600000,0x00000000f5600000,0x00000000fab00000)
  to   space 87040K, 0% used [0x00000000fab00000,0x00000000fab00000,0x0000000100000000)
 ParOldGen       total 859648K, used 13955K [0x0000000080000000, 0x00000000b4780000, 0x00000000d5580000)
  object space 859648K, 1% used [0x0000000080000000,0x0000000080da0e20,0x00000000b4780000)
 Metaspace       used 20875K, capacity 21106K, committed 21248K, reserved 1069056K
  class space    used 2373K, capacity 2482K, committed 2560K, reserved 1048576K
}
Event: 4.690 GC heap before
{Heap before GC invocations=3 (full 1):
 PSYoungGen      total 611840K, used 424052K [0x00000000d5580000, 0x0000000100000000, 0x0000000100000000)
  eden space 524800K, 80% used [0x00000000d5580000,0x00000000ef39d0d8,0x00000000f5600000)
  from space 87040K, 0% used [0x00000000f5600000,0x00000000f5600000,0x00000000fab00000)
  to   space 87040K, 0% used [0x00000000fab00000,0x00000000fab00000,0x0000000100000000)
 ParOldGen       total 859648K, used 13955K [0x0000000080000000, 0x00000000b4780000, 0x00000000d5580000)
  object space 859648K, 1% used [0x0000000080000000,0x0000000080da0e20,0x00000000b4780000)
 Metaspace       used 34784K, capacity 35156K, committed 35416K, reserved 1081344K
  class space    used 3963K, capacity 4060K, committed 4096K, reserved 1048576K
Event: 4.724 GC heap after
Heap after GC invocations=3 (full 1):
 PSYoungGen      total 611840K, used 19253K [0x00000000d5580000, 0x0000000100000000, 0x0000000100000000)
  eden space 524800K, 0% used [0x00000000d5580000,0x00000000d5580000,0x00000000f5600000)
  from space 87040K, 22% used [0x00000000fab00000,0x00000000fbdcd5f8,0x0000000100000000)
  to   space 87040K, 0% used [0x00000000f5600000,0x00000000f5600000,0x00000000fab00000)
 ParOldGen       total 859648K, used 13955K [0x0000000080000000, 0x00000000b4780000, 0x00000000d5580000)
  object space 859648K, 1% used [0x0000000080000000,0x0000000080da0e20,0x00000000b4780000)
 Metaspace       used 34784K, capacity 35156K, committed 35416K, reserved 1081344K
  class space    used 3963K, capacity 4060K, committed 4096K, reserved 1048576K
}
Event: 4.724 GC heap before
{Heap before GC invocations=4 (full 2):
 PSYoungGen      total 611840K, used 19253K [0x00000000d5580000, 0x0000000100000000, 0x0000000100000000)
  eden space 524800K, 0% used [0x00000000d5580000,0x00000000d5580000,0x00000000f5600000)
  from space 87040K, 22% used [0x00000000fab00000,0x00000000fbdcd5f8,0x0000000100000000)
  to   space 87040K, 0% used [0x00000000f5600000,0x00000000f5600000,0x00000000fab00000)
 ParOldGen       total 859648K, used 13955K [0x0000000080000000, 0x00000000b4780000, 0x00000000d5580000)
  object space 859648K, 1% used [0x0000000080000000,0x0000000080da0e20,0x00000000b4780000)
 Metaspace       used 34784K, capacity 35156K, committed 35416K, reserved 1081344K
  class space    used 3963K, capacity 4060K, committed 4096K, reserved 1048576K
Event: 4.817 GC heap after
Heap after GC invocations=4 (full 2):
 PSYoungGen      total 611840K, used 0K [0x00000000d5580000, 0x0000000100000000, 0x0000000100000000)
  eden space 524800K, 0% used [0x00000000d5580000,0x00000000d5580000,0x00000000f5600000)
  from space 87040K, 0% used [0x00000000fab00000,0x00000000fab00000,0x0000000100000000)
  to   space 87040K, 0% used [0x00000000f5600000,0x00000000f5600000,0x00000000fab00000)
 ParOldGen       total 1398272K, used 23666K [0x0000000080000000, 0x00000000d5580000, 0x00000000d5580000)
  object space 1398272K, 1% used [0x0000000080000000,0x000000008171cba8,0x00000000d5580000)
 Metaspace       used 34784K, capacity 35156K, committed 35416K, reserved 1081344K
  class space    used 3963K, capacity 4060K, committed 4096K, reserved 1048576K
}
Event: 11.175 GC heap before
{Heap before GC invocations=5 (full 2):
 PSYoungGen      total 611840K, used 344481K [0x00000000d5580000, 0x0000000100000000, 0x0000000100000000)
  eden space 524800K, 65% used [0x00000000d5580000,0x00000000ea5e8410,0x00000000f5600000)
  from space 87040K, 0% used [0x00000000fab00000,0x00000000fab00000,0x0000000100000000)
  to   space 87040K, 0% used [0x00000000f5600000,0x00000000f5600000,0x00000000fab00000)
 ParOldGen       total 1398272K, used 23666K [0x0000000080000000, 0x00000000d5580000, 0x00000000d5580000)
  object space 1398272K, 1% used [0x0000000080000000,0x000000008171cba8,0x00000000d5580000)
 Metaspace       used 57426K, capacity 58848K, committed 59008K, reserved 1101824K
  class space    used 6688K, capacity 6942K, committed 7040K, reserved 1048576K
Event: 11.230 GC heap after
Heap after GC invocations=5 (full 2):
 PSYoungGen      total 611840K, used 27147K [0x00000000d5580000, 0x0000000100000000, 0x0000000100000000)
  eden space 524800K, 0% used [0x00000000d5580000,0x00000000d5580000,0x00000000f5600000)
  from space 87040K, 31% used [0x00000000f5600000,0x00000000f7082da0,0x00000000fab00000)
  to   space 87040K, 0% used [0x00000000fab00000,0x00000000fab00000,0x0000000100000000)
 ParOldGen       total 1398272K, used 23674K [0x0000000080000000, 0x00000000d5580000, 0x00000000d5580000)
  object space 1398272K, 1% used [0x0000000080000000,0x000000008171eba8,0x00000000d5580000)
 Metaspace       used 57426K, capacity 58848K, committed 59008K, reserved 1101824K
  class space    used 6688K, capacity 6942K, committed 7040K, reserved 1048576K
}
Event: 11.230 GC heap before
{Heap before GC invocations=6 (full 3):
 PSYoungGen      total 611840K, used 27147K [0x00000000d5580000, 0x0000000100000000, 0x0000000100000000)
  eden space 524800K, 0% used [0x00000000d5580000,0x00000000d5580000,0x00000000f5600000)
  from space 87040K, 31% used [0x00000000f5600000,0x00000000f7082da0,0x00000000fab00000)
  to   space 87040K, 0% used [0x00000000fab00000,0x00000000fab00000,0x0000000100000000)
 ParOldGen       total 1398272K, used 23674K [0x0000000080000000, 0x00000000d5580000, 0x00000000d5580000)
  object space 1398272K, 1% used [0x0000000080000000,0x000000008171eba8,0x00000000d5580000)
 Metaspace       used 57426K, capacity 58848K, committed 59008K, reserved 1101824K
  class space    used 6688K, capacity 6942K, committed 7040K, reserved 1048576K
Event: 11.438 GC heap after
Heap after GC invocations=6 (full 3):
 PSYoungGen      total 611840K, used 0K [0x00000000d5580000, 0x0000000100000000, 0x0000000100000000)
  eden space 524800K, 0% used [0x00000000d5580000,0x00000000d5580000,0x00000000f5600000)
  from space 87040K, 0% used [0x00000000f5600000,0x00000000f5600000,0x00000000fab00000)
  to   space 87040K, 0% used [0x00000000fab00000,0x00000000fab00000,0x0000000100000000)
 ParOldGen       total 1398272K, used 37817K [0x0000000080000000, 0x00000000d5580000, 0x00000000d5580000)
  object space 1398272K, 2% used [0x0000000080000000,0x00000000824ee600,0x00000000d5580000)
 Metaspace       used 57420K, capacity 58834K, committed 59008K, reserved 1101824K
  class space    used 6685K, capacity 6937K, committed 7040K, reserved 1048576K
}

