# JRE version: OpenJDK Runtime Environment (8.0_212-b04) (build 1.8.0_212-b04)
# Java VM: OpenJDK 64-Bit Server VM (25.212-b04 mixed mode linux-amd64 compressed oops)
Heap:
 PSYoungGen      total 611840K, used 499296K [0x00000000d5580000, 0x0000000100000000, 0x0000000100000000)
  eden space 524800K, 95% used [0x00000000d5580000,0x00000000f3d18208,0x00000000f5600000)
  from space 87040K, 0% used [0x00000000fab00000,0x00000000fab00000,0x0000000100000000)
  to   space 87040K, 0% used [0x00000000f5600000,0x00000000f5600000,0x00000000fab00000)
 ParOldGen       total 1398272K, used 23132K [0x0000000080000000, 0x00000000d5580000, 0x00000000d5580000)
  object space 1398272K, 1% used [0x0000000080000000,0x0000000081697380,0x00000000d5580000)
 Metaspace       used 66632K, capacity 69546K, committed 69888K, reserved 1112064K
  class space    used 7583K, capacity 8103K, committed 8192K, reserved 1048576K
GC Heap History (10 events):
Event: 37.215 GC heap before
{Heap before GC invocations=3 (full 1):
 PSYoungGen      total 611840K, used 451471K [0x00000000d5580000, 0x0000000100000000, 0x0000000100000000)
  eden space 524800K, 86% used [0x00000000d5580000,0x00000000f0e63fc0,0x00000000f5600000)
  from space 87040K, 0% used [0x00000000f5600000,0x00000000f5600000,0x00000000fab00000)
  to   space 87040K, 0% used [0x00000000fab00000,0x00000000fab00000,0x0000000100000000)
 ParOldGen       total 921600K, used 13798K [0x0000000080000000, 0x00000000b8400000, 0x00000000d5580000)
  object space 921600K, 1% used [0x0000000080000000,0x0000000080d79950,0x00000000b8400000)
 Metaspace       used 34790K, capacity 35156K, committed 35416K, reserved 1081344K
  class space    used 3960K, capacity 4060K, committed 4096K, reserved 1048576K
Event: 37.254 GC heap after
Heap after GC invocations=3 (full 1):
 PSYoungGen      total 611840K, used 19297K [0x00000000d5580000, 0x0000000100000000, 0x0000000100000000)
  eden space 524800K, 0% used [0x00000000d5580000,0x00000000d5580000,0x00000000f5600000)
  from space 87040K, 22% used [0x00000000fab00000,0x00000000fbdd8478,0x0000000100000000)
  to   space 87040K, 0% used [0x00000000f5600000,0x00000000f5600000,0x00000000fab00000)
 ParOldGen       total 921600K, used 13798K [0x0000000080000000, 0x00000000b8400000, 0x00000000d5580000)
  object space 921600K, 1% used [0x0000000080000000,0x0000000080d79950,0x00000000b8400000)
 Metaspace       used 34790K, capacity 35156K, committed 35416K, reserved 1081344K
  class space    used 3960K, capacity 4060K, committed 4096K, reserved 1048576K
}
Event: 37.254 GC heap before
{Heap before GC invocations=4 (full 2):
 PSYoungGen      total 611840K, used 19297K [0x00000000d5580000, 0x0000000100000000, 0x0000000100000000)
  eden space 524800K, 0% used [0x00000000d5580000,0x00000000d5580000,0x00000000f5600000)
  from space 87040K, 22% used [0x00000000fab00000,0x00000000fbdd8478,0x0000000100000000)
  to   space 87040K, 0% used [0x00000000f5600000,0x00000000f5600000,0x00000000fab00000)
 ParOldGen       total 921600K, used 13798K [0x0000000080000000, 0x00000000b8400000, 0x00000000d5580000)
  object space 921600K, 1% used [0x0000000080000000,0x0000000080d79950,0x00000000b8400000)
 Metaspace       used 34790K, capacity 35156K, committed 35416K, reserved 1081344K
  class space    used 3960K, capacity 4060K, committed 4096K, reserved 1048576K
Event: 37.360 GC heap after
Heap after GC invocations=4 (full 2):
 PSYoungGen      total 611840K, used 0K [0x00000000d5580000, 0x0000000100000000, 0x0000000100000000)
  eden space 524800K, 0% used [0x00000000d5580000,0x00000000d5580000,0x00000000f5600000)
  from space 87040K, 0% used [0x00000000fab00000,0x00000000fab00000,0x0000000100000000)
  to   space 87040K, 0% used [0x00000000f5600000,0x00000000f5600000,0x00000000fab00000)
 ParOldGen       total 1398272K, used 23680K [0x0000000080000000, 0x00000000d5580000, 0x00000000d5580000)
  object space 1398272K, 1% used [0x0000000080000000,0x00000000817201c0,0x00000000d5580000)
 Metaspace       used 34790K, capacity 35156K, committed 35416K, reserved 1081344K
  class space    used 3960K, capacity 4060K, committed 4096K, reserved 1048576K
}
Event: 44.154 GC heap before
{Heap before GC invocations=5 (full 2):
 PSYoungGen      total 611840K, used 393910K [0x00000000d5580000, 0x0000000100000000, 0x0000000100000000)
  eden space 524800K, 75% used [0x00000000d5580000,0x00000000ed62dbc8,0x00000000f5600000)
  from space 87040K, 0% used [0x00000000fab00000,0x00000000fab00000,0x0000000100000000)
  to   space 87040K, 0% used [0x00000000f5600000,0x00000000f5600000,0x00000000fab00000)
 ParOldGen       total 1398272K, used 23680K [0x0000000080000000, 0x00000000d5580000, 0x00000000d5580000)
  object space 1398272K, 1% used [0x0000000080000000,0x00000000817201c0,0x00000000d5580000)
 Metaspace       used 57468K, capacity 58902K, committed 59264K, reserved 1101824K
  class space    used 6655K, capacity 6931K, committed 7040K, reserved 1048576K
Event: 44.226 GC heap after
Heap after GC invocations=5 (full 2):
 PSYoungGen      total 611840K, used 30244K [0x00000000d5580000, 0x0000000100000000, 0x0000000100000000)
  eden space 524800K, 0% used [0x00000000d5580000,0x00000000d5580000,0x00000000f5600000)
  from space 87040K, 34% used [0x00000000f5600000,0x00000000f7389118,0x00000000fab00000)
  to   space 87040K, 0% used [0x00000000fab00000,0x00000000fab00000,0x0000000100000000)
 ParOldGen       total 1398272K, used 23688K [0x0000000080000000, 0x00000000d5580000, 0x00000000d5580000)
  object space 1398272K, 1% used [0x0000000080000000,0x00000000817221c0,0x00000000d5580000)
 Metaspace       used 57468K, capacity 58902K, committed 59264K, reserved 1101824K
  class space    used 6655K, capacity 6931K, committed 7040K, reserved 1048576K
}
Event: 44.288 GC heap before
{Heap before GC invocations=6 (full 2):
 PSYoungGen      total 611840K, used 52665K [0x00000000d5580000, 0x0000000100000000, 0x0000000100000000)
  eden space 524800K, 4% used [0x00000000d5580000,0x00000000d6b653b8,0x00000000f5600000)
  from space 87040K, 34% used [0x00000000f5600000,0x00000000f7389118,0x00000000fab00000)
  to   space 87040K, 0% used [0x00000000fab00000,0x00000000fab00000,0x0000000100000000)
 ParOldGen       total 1398272K, used 23688K [0x0000000080000000, 0x00000000d5580000, 0x00000000d5580000)
  object space 1398272K, 1% used [0x0000000080000000,0x00000000817221c0,0x00000000d5580000)
 Metaspace       used 57783K, capacity 59230K, committed 59360K, reserved 1101824K
  class space    used 6694K, capacity 6973K, committed 7040K, reserved 1048576K
Event: 44.312 GC heap after
Heap after GC invocations=6 (full 2):
 PSYoungGen      total 611840K, used 11099K [0x00000000d5580000, 0x0000000100000000, 0x0000000100000000)
  eden space 524800K, 0% used [0x00000000d5580000,0x00000000d5580000,0x00000000f5600000)
  from space 87040K, 12% used [0x00000000fab00000,0x00000000fb5d6f10,0x0000000100000000)
  to   space 87040K, 0% used [0x00000000f5600000,0x00000000f5600000,0x00000000fab00000)
 ParOldGen       total 1398272K, used 23688K [0x0000000080000000, 0x00000000d5580000, 0x00000000d5580000)
  object space 1398272K, 1% used [0x0000000080000000,0x00000000817221c0,0x00000000d5580000)
 Metaspace       used 57783K, capacity 59230K, committed 59360K, reserved 1101824K
  class space    used 6694K, capacity 6973K, committed 7040K, reserved 1048576K
}
Event: 44.312 GC heap before
{Heap before GC invocations=7 (full 3):
 PSYoungGen      total 611840K, used 11099K [0x00000000d5580000, 0x0000000100000000, 0x0000000100000000)
  eden space 524800K, 0% used [0x00000000d5580000,0x00000000d5580000,0x00000000f5600000)
  from space 87040K, 12% used [0x00000000fab00000,0x00000000fb5d6f10,0x0000000100000000)
  to   space 87040K, 0% used [0x00000000f5600000,0x00000000f5600000,0x00000000fab00000)
 ParOldGen       total 1398272K, used 23688K [0x0000000080000000, 0x00000000d5580000, 0x00000000d5580000)
  object space 1398272K, 1% used [0x0000000080000000,0x00000000817221c0,0x00000000d5580000)
 Metaspace       used 57783K, capacity 59230K, committed 59360K, reserved 1101824K
  class space    used 6694K, capacity 6973K, committed 7040K, reserved 1048576K
Event: 45.110 GC heap after
Heap after GC invocations=7 (full 3):
 PSYoungGen      total 611840K, used 0K [0x00000000d5580000, 0x0000000100000000, 0x0000000100000000)
  eden space 524800K, 0% used [0x00000000d5580000,0x00000000d5580000,0x00000000f5600000)
  from space 87040K, 0% used [0x00000000fab00000,0x00000000fab00000,0x0000000100000000)
  to   space 87040K, 0% used [0x00000000f5600000,0x00000000f5600000,0x00000000fab00000)
 ParOldGen       total 1398272K, used 23132K [0x0000000080000000, 0x00000000d5580000, 0x00000000d5580000)
  object space 1398272K, 1% used [0x0000000080000000,0x0000000081697380,0x00000000d5580000)
 Metaspace       used 57750K, capacity 59148K, committed 59360K, reserved 1101824K
  class space    used 6683K, capacity 6954K, committed 7040K, reserved 1048576K
}

