# JRE version: OpenJDK Runtime Environment (8.0_212-b04) (build 1.8.0_212-b04)
# Java VM: OpenJDK 64-Bit Server VM (25.212-b04 mixed mode linux-amd64 compressed oops)
Heap:
 PSYoungGen      total 585216K, used 161672K [0x00000000d5580000, 0x0000000100000000, 0x0000000100000000)
  eden space 538112K, 22% used [0x00000000d5580000,0x00000000dcb0e650,0x00000000f6300000)
  from space 47104K, 87% used [0x00000000fa100000,0x00000000fc9539f8,0x00000000fcf00000)
  to   space 63488K, 0% used [0x00000000f6300000,0x00000000f6300000,0x00000000fa100000)
 ParOldGen       total 1398272K, used 32469K [0x0000000080000000, 0x00000000d5580000, 0x00000000d5580000)
  object space 1398272K, 2% used [0x0000000080000000,0x0000000081fb56d8,0x00000000d5580000)
 Metaspace       used 81432K, capacity 85034K, committed 85120K, reserved 1124352K
  class space    used 9219K, capacity 9851K, committed 9856K, reserved 1048576K
GC Heap History (10 events):
Event: 7.811 GC heap before
{Heap before GC invocations=5 (full 2):
 PSYoungGen      total 611840K, used 524800K [0x00000000d5580000, 0x0000000100000000, 0x0000000100000000)
  eden space 524800K, 100% used [0x00000000d5580000,0x00000000f5600000,0x00000000f5600000)
  from space 87040K, 0% used [0x00000000fab00000,0x00000000fab00000,0x0000000100000000)
  to   space 87040K, 0% used [0x00000000f5600000,0x00000000f5600000,0x00000000fab00000)
 ParOldGen       total 1398272K, used 24319K [0x0000000080000000, 0x00000000d5580000, 0x00000000d5580000)
  object space 1398272K, 1% used [0x0000000080000000,0x00000000817bfd80,0x00000000d5580000)
 Metaspace       used 49321K, capacity 50140K, committed 50432K, reserved 1093632K
  class space    used 5881K, capacity 6084K, committed 6144K, reserved 1048576K
Event: 7.845 GC heap after
Heap after GC invocations=5 (full 2):
 PSYoungGen      total 611840K, used 20199K [0x00000000d5580000, 0x0000000100000000, 0x0000000100000000)
  eden space 524800K, 0% used [0x00000000d5580000,0x00000000d5580000,0x00000000f5600000)
  from space 87040K, 23% used [0x00000000f5600000,0x00000000f69b9d28,0x00000000fab00000)
  to   space 87040K, 0% used [0x00000000fab00000,0x00000000fab00000,0x0000000100000000)
 ParOldGen       total 1398272K, used 24327K [0x0000000080000000, 0x00000000d5580000, 0x00000000d5580000)
  object space 1398272K, 1% used [0x0000000080000000,0x00000000817c1d80,0x00000000d5580000)
 Metaspace       used 49321K, capacity 50140K, committed 50432K, reserved 1093632K
  class space    used 5881K, capacity 6084K, committed 6144K, reserved 1048576K
}
Event: 12.141 GC heap before
{Heap before GC invocations=6 (full 2):
 PSYoungGen      total 611840K, used 328416K [0x00000000d5580000, 0x0000000100000000, 0x0000000100000000)
  eden space 524800K, 58% used [0x00000000d5580000,0x00000000e827e418,0x00000000f5600000)
  from space 87040K, 23% used [0x00000000f5600000,0x00000000f69b9d28,0x00000000fab00000)
  to   space 87040K, 0% used [0x00000000fab00000,0x00000000fab00000,0x0000000100000000)
 ParOldGen       total 1398272K, used 24327K [0x0000000080000000, 0x00000000d5580000, 0x00000000d5580000)
  object space 1398272K, 1% used [0x0000000080000000,0x00000000817c1d80,0x00000000d5580000)
 Metaspace       used 57753K, capacity 58880K, committed 59028K, reserved 1101824K
  class space    used 6944K, capacity 7160K, committed 7168K, reserved 1048576K
Event: 12.191 GC heap after
Heap after GC invocations=6 (full 2):
 PSYoungGen      total 611840K, used 19924K [0x00000000d5580000, 0x0000000100000000, 0x0000000100000000)
  eden space 524800K, 0% used [0x00000000d5580000,0x00000000d5580000,0x00000000f5600000)
  from space 87040K, 22% used [0x00000000fab00000,0x00000000fbe75370,0x0000000100000000)
  to   space 87040K, 0% used [0x00000000f5600000,0x00000000f5600000,0x00000000fab00000)
 ParOldGen       total 1398272K, used 24335K [0x0000000080000000, 0x00000000d5580000, 0x00000000d5580000)
  object space 1398272K, 1% used [0x0000000080000000,0x00000000817c3d80,0x00000000d5580000)
 Metaspace       used 57753K, capacity 58880K, committed 59028K, reserved 1101824K
  class space    used 6944K, capacity 7160K, committed 7168K, reserved 1048576K
}
Event: 12.191 GC heap before
{Heap before GC invocations=7 (full 3):
 PSYoungGen      total 611840K, used 19924K [0x00000000d5580000, 0x0000000100000000, 0x0000000100000000)
  eden space 524800K, 0% used [0x00000000d5580000,0x00000000d5580000,0x00000000f5600000)
  from space 87040K, 22% used [0x00000000fab00000,0x00000000fbe75370,0x0000000100000000)
  to   space 87040K, 0% used [0x00000000f5600000,0x00000000f5600000,0x00000000fab00000)
 ParOldGen       total 1398272K, used 24335K [0x0000000080000000, 0x00000000d5580000, 0x00000000d5580000)
  object space 1398272K, 1% used [0x0000000080000000,0x00000000817c3d80,0x00000000d5580000)
 Metaspace       used 57753K, capacity 58880K, committed 59028K, reserved 1101824K
  class space    used 6944K, capacity 7160K, committed 7168K, reserved 1048576K
Event: 12.471 GC heap after
Heap after GC invocations=7 (full 3):
 PSYoungGen      total 611840K, used 0K [0x00000000d5580000, 0x0000000100000000, 0x0000000100000000)
  eden space 524800K, 0% used [0x00000000d5580000,0x00000000d5580000,0x00000000f5600000)
  from space 87040K, 0% used [0x00000000fab00000,0x00000000fab00000,0x0000000100000000)
  to   space 87040K, 0% used [0x00000000f5600000,0x00000000f5600000,0x00000000fab00000)
 ParOldGen       total 1398272K, used 32449K [0x0000000080000000, 0x00000000d5580000, 0x00000000d5580000)
  object space 1398272K, 2% used [0x0000000080000000,0x0000000081fb05a8,0x00000000d5580000)
 Metaspace       used 57696K, capacity 58740K, committed 59028K, reserved 1101824K
  class space    used 6923K, capacity 7124K, committed 7168K, reserved 1048576K
}
Event: 27.637 GC heap before
{Heap before GC invocations=8 (full 3):
 PSYoungGen      total 611840K, used 524800K [0x00000000d5580000, 0x0000000100000000, 0x0000000100000000)
  eden space 524800K, 100% used [0x00000000d5580000,0x00000000f5600000,0x00000000f5600000)
  from space 87040K, 0% used [0x00000000fab00000,0x00000000fab00000,0x0000000100000000)
  to   space 87040K, 0% used [0x00000000f5600000,0x00000000f5600000,0x00000000fab00000)
 ParOldGen       total 1398272K, used 32449K [0x0000000080000000, 0x00000000d5580000, 0x00000000d5580000)
  object space 1398272K, 2% used [0x0000000080000000,0x0000000081fb05a8,0x00000000d5580000)
 Metaspace       used 76253K, capacity 78944K, committed 79104K, reserved 1118208K
  class space    used 8883K, capacity 9394K, committed 9472K, reserved 1048576K
Event: 27.752 GC heap after
Heap after GC invocations=8 (full 3):
 PSYoungGen      total 601600K, used 76652K [0x00000000d5580000, 0x00000000fcf00000, 0x0000000100000000)
  eden space 524800K, 0% used [0x00000000d5580000,0x00000000d5580000,0x00000000f5600000)
  from space 76800K, 99% used [0x00000000f5600000,0x00000000fa0db110,0x00000000fa100000)
  to   space 47104K, 0% used [0x00000000fa100000,0x00000000fa100000,0x00000000fcf00000)
 ParOldGen       total 1398272K, used 32449K [0x0000000080000000, 0x00000000d5580000, 0x00000000d5580000)
  object space 1398272K, 2% used [0x0000000080000000,0x0000000081fb05a8,0x00000000d5580000)
 Metaspace       used 76253K, capacity 78944K, committed 79104K, reserved 1118208K
  class space    used 8883K, capacity 9394K, committed 9472K, reserved 1048576K
}
Event: 36.157 GC heap before
{Heap before GC invocations=9 (full 3):
 PSYoungGen      total 601600K, used 601452K [0x00000000d5580000, 0x00000000fcf00000, 0x0000000100000000)
  eden space 524800K, 100% used [0x00000000d5580000,0x00000000f5600000,0x00000000f5600000)
  from space 76800K, 99% used [0x00000000f5600000,0x00000000fa0db110,0x00000000fa100000)
  to   space 47104K, 0% used [0x00000000fa100000,0x00000000fa100000,0x00000000fcf00000)
 ParOldGen       total 1398272K, used 32449K [0x0000000080000000, 0x00000000d5580000, 0x00000000d5580000)
  object space 1398272K, 2% used [0x0000000080000000,0x0000000081fb05a8,0x00000000d5580000)
 Metaspace       used 81022K, capacity 84536K, committed 84608K, reserved 1124352K
  class space    used 9199K, capacity 9822K, committed 9856K, reserved 1048576K
Event: 36.208 GC heap after
Heap after GC invocations=9 (full 3):
 PSYoungGen      total 585216K, used 41294K [0x00000000d5580000, 0x0000000100000000, 0x0000000100000000)
  eden space 538112K, 0% used [0x00000000d5580000,0x00000000d5580000,0x00000000f6300000)
  from space 47104K, 87% used [0x00000000fa100000,0x00000000fc9539f8,0x00000000fcf00000)
  to   space 63488K, 0% used [0x00000000f6300000,0x00000000f6300000,0x00000000fa100000)
 ParOldGen       total 1398272K, used 32469K [0x0000000080000000, 0x00000000d5580000, 0x00000000d5580000)
  object space 1398272K, 2% used [0x0000000080000000,0x0000000081fb56d8,0x00000000d5580000)
 Metaspace       used 81022K, capacity 84536K, committed 84608K, reserved 1124352K
  class space    used 9199K, capacity 9822K, committed 9856K, reserved 1048576K
}

