# JRE version: OpenJDK Runtime Environment (8.0_212-b04) (build 1.8.0_212-b04)
# Java VM: OpenJDK 64-Bit Server VM (25.212-b04 mixed mode linux-amd64 compressed oops)
Heap:
 PSYoungGen      total 515584K, used 250451K [0x00000000d5580000, 0x0000000100000000, 0x0000000100000000)
  eden space 426496K, 37% used [0x00000000d5580000,0x00000000df31aeb0,0x00000000ef600000)
  from space 89088K, 99% used [0x00000000fa900000,0x00000000ffff9fc8,0x0000000100000000)
  to   space 136192K, 0% used [0x00000000ef600000,0x00000000ef600000,0x00000000f7b00000)
 ParOldGen       total 1398272K, used 74079K [0x0000000080000000, 0x00000000d5580000, 0x00000000d5580000)
  object space 1398272K, 5% used [0x0000000080000000,0x0000000084857f48,0x00000000d5580000)
 Metaspace       used 70941K, capacity 74230K, committed 74368K, reserved 1116160K
  class space    used 7718K, capacity 8313K, committed 8320K, reserved 1048576K
GC Heap History (10 events):
Event: 16.674 GC heap before
{Heap before GC invocations=5 (full 2):
 PSYoungGen      total 611840K, used 380045K [0x00000000d5580000, 0x0000000100000000, 0x0000000100000000)
  eden space 524800K, 72% used [0x00000000d5580000,0x00000000ec8a3418,0x00000000f5600000)
  from space 87040K, 0% used [0x00000000fab00000,0x00000000fab00000,0x0000000100000000)
  to   space 87040K, 0% used [0x00000000f5600000,0x00000000f5600000,0x00000000fab00000)
 ParOldGen       total 1398272K, used 23010K [0x0000000080000000, 0x00000000d5580000, 0x00000000d5580000)
  object space 1398272K, 1% used [0x0000000080000000,0x0000000081678870,0x00000000d5580000)
 Metaspace       used 57027K, capacity 58890K, committed 59028K, reserved 1101824K
  class space    used 6669K, capacity 7009K, committed 7040K, reserved 1048576K
Event: 16.745 GC heap after
Heap after GC invocations=5 (full 2):
 PSYoungGen      total 611840K, used 34210K [0x00000000d5580000, 0x0000000100000000, 0x0000000100000000)
  eden space 524800K, 0% used [0x00000000d5580000,0x00000000d5580000,0x00000000f5600000)
  from space 87040K, 39% used [0x00000000f5600000,0x00000000f77689f0,0x00000000fab00000)
  to   space 87040K, 0% used [0x00000000fab00000,0x00000000fab00000,0x0000000100000000)
 ParOldGen       total 1398272K, used 23018K [0x0000000080000000, 0x00000000d5580000, 0x00000000d5580000)
  object space 1398272K, 1% used [0x0000000080000000,0x000000008167a870,0x00000000d5580000)
 Metaspace       used 57027K, capacity 58890K, committed 59028K, reserved 1101824K
  class space    used 6669K, capacity 7009K, committed 7040K, reserved 1048576K
}
Event: 16.745 GC heap before
{Heap before GC invocations=6 (full 3):
 PSYoungGen      total 611840K, used 34210K [0x00000000d5580000, 0x0000000100000000, 0x0000000100000000)
  eden space 524800K, 0% used [0x00000000d5580000,0x00000000d5580000,0x00000000f5600000)
  from space 87040K, 39% used [0x00000000f5600000,0x00000000f77689f0,0x00000000fab00000)
  to   space 87040K, 0% used [0x00000000fab00000,0x00000000fab00000,0x0000000100000000)
 ParOldGen       total 1398272K, used 23018K [0x0000000080000000, 0x00000000d5580000, 0x00000000d5580000)
  object space 1398272K, 1% used [0x0000000080000000,0x000000008167a870,0x00000000d5580000)
 Metaspace       used 57027K, capacity 58890K, committed 59028K, reserved 1101824K
  class space    used 6669K, capacity 7009K, committed 7040K, reserved 1048576K
Event: 17.006 GC heap after
Heap after GC invocations=6 (full 3):
 PSYoungGen      total 611840K, used 0K [0x00000000d5580000, 0x0000000100000000, 0x0000000100000000)
  eden space 524800K, 0% used [0x00000000d5580000,0x00000000d5580000,0x00000000f5600000)
  from space 87040K, 0% used [0x00000000f5600000,0x00000000f5600000,0x00000000fab00000)
  to   space 87040K, 0% used [0x00000000fab00000,0x00000000fab00000,0x0000000100000000)
 ParOldGen       total 1398272K, used 44358K [0x0000000080000000, 0x00000000d5580000, 0x00000000d5580000)
  object space 1398272K, 3% used [0x0000000080000000,0x0000000082b51a60,0x00000000d5580000)
 Metaspace       used 56921K, capacity 58602K, committed 59028K, reserved 1101824K
  class space    used 6631K, capacity 6941K, committed 7040K, reserved 1048576K
}
Event: 66.791 GC heap before
{Heap before GC invocations=7 (full 3):
 PSYoungGen      total 611840K, used 524800K [0x00000000d5580000, 0x0000000100000000, 0x0000000100000000)
  eden space 524800K, 100% used [0x00000000d5580000,0x00000000f5600000,0x00000000f5600000)
  from space 87040K, 0% used [0x00000000f5600000,0x00000000f5600000,0x00000000fab00000)
  to   space 87040K, 0% used [0x00000000fab00000,0x00000000fab00000,0x0000000100000000)
 ParOldGen       total 1398272K, used 44358K [0x0000000080000000, 0x00000000d5580000, 0x00000000d5580000)
  object space 1398272K, 3% used [0x0000000080000000,0x0000000082b51a60,0x00000000d5580000)
 Metaspace       used 67429K, capacity 70518K, committed 70656K, reserved 1112064K
  class space    used 7619K, capacity 8165K, committed 8192K, reserved 1048576K
Event: 66.991 GC heap after
Heap after GC invocations=7 (full 3):
 PSYoungGen      total 611840K, used 87034K [0x00000000d5580000, 0x0000000100000000, 0x0000000100000000)
  eden space 524800K, 0% used [0x00000000d5580000,0x00000000d5580000,0x00000000f5600000)
  from space 87040K, 99% used [0x00000000fab00000,0x00000000ffffea20,0x0000000100000000)
  to   space 87040K, 0% used [0x00000000f5600000,0x00000000f5600000,0x00000000fab00000)
 ParOldGen       total 1398272K, used 53837K [0x0000000080000000, 0x00000000d5580000, 0x00000000d5580000)
  object space 1398272K, 3% used [0x0000000080000000,0x00000000834936d0,0x00000000d5580000)
 Metaspace       used 67429K, capacity 70518K, committed 70656K, reserved 1112064K
  class space    used 7619K, capacity 8165K, committed 8192K, reserved 1048576K
}
Event: 266.384 GC heap before
{Heap before GC invocations=8 (full 3):
 PSYoungGen      total 611840K, used 611834K [0x00000000d5580000, 0x0000000100000000, 0x0000000100000000)
  eden space 524800K, 100% used [0x00000000d5580000,0x00000000f5600000,0x00000000f5600000)
  from space 87040K, 99% used [0x00000000fab00000,0x00000000ffffea20,0x0000000100000000)
  to   space 87040K, 0% used [0x00000000f5600000,0x00000000f5600000,0x00000000fab00000)
 ParOldGen       total 1398272K, used 53837K [0x0000000080000000, 0x00000000d5580000, 0x00000000d5580000)
  object space 1398272K, 3% used [0x0000000080000000,0x00000000834936d0,0x00000000d5580000)
 Metaspace       used 69494K, capacity 72642K, committed 72832K, reserved 1114112K
  class space    used 7678K, capacity 8229K, committed 8320K, reserved 1048576K
Event: 266.554 GC heap after
Heap after GC invocations=8 (full 3):
 PSYoungGen      total 609792K, used 84533K [0x00000000d5580000, 0x0000000100000000, 0x0000000100000000)
  eden space 524800K, 0% used [0x00000000d5580000,0x00000000d5580000,0x00000000f5600000)
  from space 84992K, 99% used [0x00000000f5600000,0x00000000fa88d760,0x00000000fa900000)
  to   space 89088K, 0% used [0x00000000fa900000,0x00000000fa900000,0x0000000100000000)
 ParOldGen       total 1398272K, used 53845K [0x0000000080000000, 0x00000000d5580000, 0x00000000d5580000)
  object space 1398272K, 3% used [0x0000000080000000,0x00000000834956d0,0x00000000d5580000)
 Metaspace       used 69494K, capacity 72642K, committed 72832K, reserved 1114112K
  class space    used 7678K, capacity 8229K, committed 8320K, reserved 1048576K
}
Event: 362.711 GC heap before
{Heap before GC invocations=9 (full 3):
 PSYoungGen      total 609792K, used 609333K [0x00000000d5580000, 0x0000000100000000, 0x0000000100000000)
  eden space 524800K, 100% used [0x00000000d5580000,0x00000000f5600000,0x00000000f5600000)
  from space 84992K, 99% used [0x00000000f5600000,0x00000000fa88d760,0x00000000fa900000)
  to   space 89088K, 0% used [0x00000000fa900000,0x00000000fa900000,0x0000000100000000)
 ParOldGen       total 1398272K, used 53845K [0x0000000080000000, 0x00000000d5580000, 0x00000000d5580000)
  object space 1398272K, 3% used [0x0000000080000000,0x00000000834956d0,0x00000000d5580000)
 Metaspace       used 70761K, capacity 74070K, committed 74368K, reserved 1116160K
  class space    used 7710K, capacity 8271K, committed 8320K, reserved 1048576K
Event: 362.942 GC heap after
Heap after GC invocations=9 (full 3):
 PSYoungGen      total 515584K, used 89063K [0x00000000d5580000, 0x0000000100000000, 0x0000000100000000)
  eden space 426496K, 0% used [0x00000000d5580000,0x00000000d5580000,0x00000000ef600000)
  from space 89088K, 99% used [0x00000000fa900000,0x00000000ffff9fc8,0x0000000100000000)
  to   space 136192K, 0% used [0x00000000ef600000,0x00000000ef600000,0x00000000f7b00000)
 ParOldGen       total 1398272K, used 74079K [0x0000000080000000, 0x00000000d5580000, 0x00000000d5580000)
  object space 1398272K, 5% used [0x0000000080000000,0x0000000084857f48,0x00000000d5580000)
 Metaspace       used 70761K, capacity 74070K, committed 74368K, reserved 1116160K
  class space    used 7710K, capacity 8271K, committed 8320K, reserved 1048576K
}

