# JRE version: OpenJDK Runtime Environment (8.0_212-b04) (build 1.8.0_212-b04)
# Java VM: OpenJDK 64-Bit Server VM (25.212-b04 mixed mode linux-amd64 compressed oops)
Heap:
 PSYoungGen      total 481792K, used 337735K [0x00000000d5580000, 0x0000000100000000, 0x0000000100000000)
  eden space 394752K, 63% used [0x00000000d5580000,0x00000000e4a58708,0x00000000ed700000)
  from space 87040K, 99% used [0x00000000fab00000,0x00000000ffff96f8,0x0000000100000000)
  to   space 152064K, 0% used [0x00000000ed700000,0x00000000ed700000,0x00000000f6b80000)
 ParOldGen       total 1398272K, used 130922K [0x0000000080000000, 0x00000000d5580000, 0x00000000d5580000)
  object space 1398272K, 9% used [0x0000000080000000,0x0000000087fda950,0x00000000d5580000)
 Metaspace       used 71653K, capacity 75322K, committed 75648K, reserved 1116160K
  class space    used 7814K, capacity 8449K, committed 8576K, reserved 1048576K
GC Heap History (10 events):
Event: 12.617 GC heap before
{Heap before GC invocations=5 (full 2):
 PSYoungGen      total 611840K, used 506726K [0x00000000d5580000, 0x0000000100000000, 0x0000000100000000)
  eden space 524800K, 96% used [0x00000000d5580000,0x00000000f4459ba0,0x00000000f5600000)
  from space 87040K, 0% used [0x00000000fab00000,0x00000000fab00000,0x0000000100000000)
  to   space 87040K, 0% used [0x00000000f5600000,0x00000000f5600000,0x00000000fab00000)
 ParOldGen       total 1398272K, used 23593K [0x0000000080000000, 0x00000000d5580000, 0x00000000d5580000)
  object space 1398272K, 1% used [0x0000000080000000,0x000000008170a5c8,0x00000000d5580000)
 Metaspace       used 57519K, capacity 58912K, committed 59028K, reserved 1101824K
  class space    used 6655K, capacity 6942K, committed 7040K, reserved 1048576K
Event: 12.716 GC heap after
Heap after GC invocations=5 (full 2):
 PSYoungGen      total 611840K, used 33739K [0x00000000d5580000, 0x0000000100000000, 0x0000000100000000)
  eden space 524800K, 0% used [0x00000000d5580000,0x00000000d5580000,0x00000000f5600000)
  from space 87040K, 38% used [0x00000000f5600000,0x00000000f76f2c60,0x00000000fab00000)
  to   space 87040K, 0% used [0x00000000fab00000,0x00000000fab00000,0x0000000100000000)
 ParOldGen       total 1398272K, used 23601K [0x0000000080000000, 0x00000000d5580000, 0x00000000d5580000)
  object space 1398272K, 1% used [0x0000000080000000,0x000000008170c5c8,0x00000000d5580000)
 Metaspace       used 57519K, capacity 58912K, committed 59028K, reserved 1101824K
  class space    used 6655K, capacity 6942K, committed 7040K, reserved 1048576K
}
Event: 12.716 GC heap before
{Heap before GC invocations=6 (full 3):
 PSYoungGen      total 611840K, used 33739K [0x00000000d5580000, 0x0000000100000000, 0x0000000100000000)
  eden space 524800K, 0% used [0x00000000d5580000,0x00000000d5580000,0x00000000f5600000)
  from space 87040K, 38% used [0x00000000f5600000,0x00000000f76f2c60,0x00000000fab00000)
  to   space 87040K, 0% used [0x00000000fab00000,0x00000000fab00000,0x0000000100000000)
 ParOldGen       total 1398272K, used 23601K [0x0000000080000000, 0x00000000d5580000, 0x00000000d5580000)
  object space 1398272K, 1% used [0x0000000080000000,0x000000008170c5c8,0x00000000d5580000)
 Metaspace       used 57519K, capacity 58912K, committed 59028K, reserved 1101824K
  class space    used 6655K, capacity 6942K, committed 7040K, reserved 1048576K
Event: 12.996 GC heap after
Heap after GC invocations=6 (full 3):
 PSYoungGen      total 611840K, used 0K [0x00000000d5580000, 0x0000000100000000, 0x0000000100000000)
  eden space 524800K, 0% used [0x00000000d5580000,0x00000000d5580000,0x00000000f5600000)
  from space 87040K, 0% used [0x00000000f5600000,0x00000000f5600000,0x00000000fab00000)
  to   space 87040K, 0% used [0x00000000fab00000,0x00000000fab00000,0x0000000100000000)
 ParOldGen       total 1398272K, used 44258K [0x0000000080000000, 0x00000000d5580000, 0x00000000d5580000)
  object space 1398272K, 3% used [0x0000000080000000,0x0000000082b38b50,0x00000000d5580000)
 Metaspace       used 57490K, capacity 58844K, committed 59028K, reserved 1101824K
  class space    used 6644K, capacity 6924K, committed 7040K, reserved 1048576K
}
Event: 80.483 GC heap before
{Heap before GC invocations=7 (full 3):
 PSYoungGen      total 611840K, used 524800K [0x00000000d5580000, 0x0000000100000000, 0x0000000100000000)
  eden space 524800K, 100% used [0x00000000d5580000,0x00000000f5600000,0x00000000f5600000)
  from space 87040K, 0% used [0x00000000f5600000,0x00000000f5600000,0x00000000fab00000)
  to   space 87040K, 0% used [0x00000000fab00000,0x00000000fab00000,0x0000000100000000)
 ParOldGen       total 1398272K, used 44258K [0x0000000080000000, 0x00000000d5580000, 0x00000000d5580000)
  object space 1398272K, 3% used [0x0000000080000000,0x0000000082b38b50,0x00000000d5580000)
 Metaspace       used 66907K, capacity 69892K, committed 70144K, reserved 1112064K
  class space    used 7607K, capacity 8114K, committed 8192K, reserved 1048576K
Event: 80.662 GC heap after
Heap after GC invocations=7 (full 3):
 PSYoungGen      total 611840K, used 54849K [0x00000000d5580000, 0x0000000100000000, 0x0000000100000000)
  eden space 524800K, 0% used [0x00000000d5580000,0x00000000d5580000,0x00000000f5600000)
  from space 87040K, 63% used [0x00000000fab00000,0x00000000fe0905e8,0x0000000100000000)
  to   space 87040K, 0% used [0x00000000f5600000,0x00000000f5600000,0x00000000fab00000)
 ParOldGen       total 1398272K, used 44266K [0x0000000080000000, 0x00000000d5580000, 0x00000000d5580000)
  object space 1398272K, 3% used [0x0000000080000000,0x0000000082b3ab50,0x00000000d5580000)
 Metaspace       used 66907K, capacity 69892K, committed 70144K, reserved 1112064K
  class space    used 7607K, capacity 8114K, committed 8192K, reserved 1048576K
}
Event: 525.030 GC heap before
{Heap before GC invocations=8 (full 3):
 PSYoungGen      total 611840K, used 579649K [0x00000000d5580000, 0x0000000100000000, 0x0000000100000000)
  eden space 524800K, 100% used [0x00000000d5580000,0x00000000f5600000,0x00000000f5600000)
  from space 87040K, 63% used [0x00000000fab00000,0x00000000fe0905e8,0x0000000100000000)
  to   space 87040K, 0% used [0x00000000f5600000,0x00000000f5600000,0x00000000fab00000)
 ParOldGen       total 1398272K, used 44266K [0x0000000080000000, 0x00000000d5580000, 0x00000000d5580000)
  object space 1398272K, 3% used [0x0000000080000000,0x0000000082b3ab50,0x00000000d5580000)
 Metaspace       used 69836K, capacity 73186K, committed 73472K, reserved 1114112K
  class space    used 7745K, capacity 8337K, committed 8448K, reserved 1048576K
Event: 525.346 GC heap after
Heap after GC invocations=8 (full 3):
 PSYoungGen      total 611840K, used 87014K [0x00000000d5580000, 0x0000000100000000, 0x0000000100000000)
  eden space 524800K, 0% used [0x00000000d5580000,0x00000000d5580000,0x00000000f5600000)
  from space 87040K, 99% used [0x00000000f5600000,0x00000000faaf9ac8,0x00000000fab00000)
  to   space 87040K, 0% used [0x00000000fab00000,0x00000000fab00000,0x0000000100000000)
 ParOldGen       total 1398272K, used 127978K [0x0000000080000000, 0x00000000d5580000, 0x00000000d5580000)
  object space 1398272K, 9% used [0x0000000080000000,0x0000000087cfa950,0x00000000d5580000)
 Metaspace       used 69836K, capacity 73186K, committed 73472K, reserved 1114112K
  class space    used 7745K, capacity 8337K, committed 8448K, reserved 1048576K
}
Event: 651.217 GC heap before
{Heap before GC invocations=9 (full 3):
 PSYoungGen      total 611840K, used 611814K [0x00000000d5580000, 0x0000000100000000, 0x0000000100000000)
  eden space 524800K, 100% used [0x00000000d5580000,0x00000000f5600000,0x00000000f5600000)
  from space 87040K, 99% used [0x00000000f5600000,0x00000000faaf9ac8,0x00000000fab00000)
  to   space 87040K, 0% used [0x00000000fab00000,0x00000000fab00000,0x0000000100000000)
 ParOldGen       total 1398272K, used 127978K [0x0000000080000000, 0x00000000d5580000, 0x00000000d5580000)
  object space 1398272K, 9% used [0x0000000080000000,0x0000000087cfa950,0x00000000d5580000)
 Metaspace       used 71168K, capacity 74752K, committed 75008K, reserved 1116160K
  class space    used 7797K, capacity 8420K, committed 8448K, reserved 1048576K
Event: 651.430 GC heap after
Heap after GC invocations=9 (full 3):
 PSYoungGen      total 481792K, used 87013K [0x00000000d5580000, 0x0000000100000000, 0x0000000100000000)
  eden space 394752K, 0% used [0x00000000d5580000,0x00000000d5580000,0x00000000ed700000)
  from space 87040K, 99% used [0x00000000fab00000,0x00000000ffff96f8,0x0000000100000000)
  to   space 152064K, 0% used [0x00000000ed700000,0x00000000ed700000,0x00000000f6b80000)
 ParOldGen       total 1398272K, used 130922K [0x0000000080000000, 0x00000000d5580000, 0x00000000d5580000)
  object space 1398272K, 9% used [0x0000000080000000,0x0000000087fda950,0x00000000d5580000)
 Metaspace       used 71168K, capacity 74752K, committed 75008K, reserved 1116160K
  class space    used 7797K, capacity 8420K, committed 8448K, reserved 1048576K
}

