# JRE version: OpenJDK Runtime Environment (8.0_212-b04) (build 1.8.0_212-b04)
# Java VM: OpenJDK 64-Bit Server VM (25.212-b04 mixed mode linux-amd64 compressed oops)
Heap:
 PSYoungGen      total 530944K, used 516617K [0x00000000d5580000, 0x0000000100000000, 0x0000000100000000)
  eden space 397824K, 99% used [0x00000000d5580000,0x00000000ed87a1b8,0x00000000eda00000)
  from space 133120K, 90% used [0x00000000f7e00000,0x00000000ff388460,0x0000000100000000)
  to   space 150528K, 0% used [0x00000000eda00000,0x00000000eda00000,0x00000000f6d00000)
 ParOldGen       total 1398272K, used 56247K [0x0000000080000000, 0x00000000d5580000, 0x00000000d5580000)
  object space 1398272K, 4% used [0x0000000080000000,0x00000000836edce0,0x00000000d5580000)
 Metaspace       used 72445K, capacity 76002K, committed 76032K, reserved 1116160K
  class space    used 7819K, capacity 8433K, committed 8448K, reserved 1048576K
GC Heap History (10 events):
Event: 63.315 GC heap before
{Heap before GC invocations=7 (full 3):
 PSYoungGen      total 611840K, used 524800K [0x00000000d5580000, 0x0000000100000000, 0x0000000100000000)
  eden space 524800K, 100% used [0x00000000d5580000,0x00000000f5600000,0x00000000f5600000)
  from space 87040K, 0% used [0x00000000f5600000,0x00000000f5600000,0x00000000fab00000)
  to   space 87040K, 0% used [0x00000000fab00000,0x00000000fab00000,0x0000000100000000)
 ParOldGen       total 1398272K, used 45210K [0x0000000080000000, 0x00000000d5580000, 0x00000000d5580000)
  object space 1398272K, 3% used [0x0000000080000000,0x0000000082c26a70,0x00000000d5580000)
 Metaspace       used 68246K, capacity 71498K, committed 71552K, reserved 1112064K
  class space    used 7698K, capacity 8269K, committed 8320K, reserved 1048576K
Event: 63.521 GC heap after
Heap after GC invocations=7 (full 3):
 PSYoungGen      total 611840K, used 87029K [0x00000000d5580000, 0x0000000100000000, 0x0000000100000000)
  eden space 524800K, 0% used [0x00000000d5580000,0x00000000d5580000,0x00000000f5600000)
  from space 87040K, 99% used [0x00000000fab00000,0x00000000ffffd760,0x0000000100000000)
  to   space 87040K, 0% used [0x00000000f5600000,0x00000000f5600000,0x00000000fab00000)
 ParOldGen       total 1398272K, used 56223K [0x0000000080000000, 0x00000000d5580000, 0x00000000d5580000)
  object space 1398272K, 4% used [0x0000000080000000,0x00000000836e7ce0,0x00000000d5580000)
 Metaspace       used 68246K, capacity 71498K, committed 71552K, reserved 1112064K
  class space    used 7698K, capacity 8269K, committed 8320K, reserved 1048576K
}
Event: 243.004 GC heap before
{Heap before GC invocations=8 (full 3):
 PSYoungGen      total 611840K, used 611829K [0x00000000d5580000, 0x0000000100000000, 0x0000000100000000)
  eden space 524800K, 100% used [0x00000000d5580000,0x00000000f5600000,0x00000000f5600000)
  from space 87040K, 99% used [0x00000000fab00000,0x00000000ffffd760,0x0000000100000000)
  to   space 87040K, 0% used [0x00000000f5600000,0x00000000f5600000,0x00000000fab00000)
 ParOldGen       total 1398272K, used 56223K [0x0000000080000000, 0x00000000d5580000, 0x00000000d5580000)
  object space 1398272K, 4% used [0x0000000080000000,0x00000000836e7ce0,0x00000000d5580000)
 Metaspace       used 69966K, capacity 73312K, committed 73472K, reserved 1114112K
  class space    used 7746K, capacity 8334K, committed 8448K, reserved 1048576K
Event: 243.178 GC heap after
Heap after GC invocations=8 (full 3):
 PSYoungGen      total 603136K, used 78059K [0x00000000d5580000, 0x0000000100000000, 0x0000000100000000)
  eden space 524800K, 0% used [0x00000000d5580000,0x00000000d5580000,0x00000000f5600000)
  from space 78336K, 99% used [0x00000000f5600000,0x00000000fa23aca0,0x00000000fa280000)
  to   space 95744K, 0% used [0x00000000fa280000,0x00000000fa280000,0x0000000100000000)
 ParOldGen       total 1398272K, used 56231K [0x0000000080000000, 0x00000000d5580000, 0x00000000d5580000)
  object space 1398272K, 4% used [0x0000000080000000,0x00000000836e9ce0,0x00000000d5580000)
 Metaspace       used 69966K, capacity 73312K, committed 73472K, reserved 1114112K
  class space    used 7746K, capacity 8334K, committed 8448K, reserved 1048576K
}
Event: 317.136 GC heap before
{Heap before GC invocations=9 (full 3):
 PSYoungGen      total 603136K, used 602859K [0x00000000d5580000, 0x0000000100000000, 0x0000000100000000)
  eden space 524800K, 100% used [0x00000000d5580000,0x00000000f5600000,0x00000000f5600000)
  from space 78336K, 99% used [0x00000000f5600000,0x00000000fa23aca0,0x00000000fa280000)
  to   space 95744K, 0% used [0x00000000fa280000,0x00000000fa280000,0x0000000100000000)
 ParOldGen       total 1398272K, used 56231K [0x0000000080000000, 0x00000000d5580000, 0x00000000d5580000)
  object space 1398272K, 4% used [0x0000000080000000,0x00000000836e9ce0,0x00000000d5580000)
 Metaspace       used 70919K, capacity 74366K, committed 74496K, reserved 1116160K
  class space    used 7774K, capacity 8367K, committed 8448K, reserved 1048576K
Event: 317.341 GC heap after
Heap after GC invocations=9 (full 3):
 PSYoungGen      total 547840K, used 90815K [0x00000000d5580000, 0x0000000100000000, 0x0000000100000000)
  eden space 452096K, 0% used [0x00000000d5580000,0x00000000d5580000,0x00000000f0f00000)
  from space 95744K, 94% used [0x00000000fa280000,0x00000000ffb2ff80,0x0000000100000000)
  to   space 123392K, 0% used [0x00000000f0f00000,0x00000000f0f00000,0x00000000f8780000)
 ParOldGen       total 1398272K, used 56239K [0x0000000080000000, 0x00000000d5580000, 0x00000000d5580000)
  object space 1398272K, 4% used [0x0000000080000000,0x00000000836ebce0,0x00000000d5580000)
 Metaspace       used 70919K, capacity 74366K, committed 74496K, reserved 1116160K
  class space    used 7774K, capacity 8367K, committed 8448K, reserved 1048576K
}
Event: 367.258 GC heap before
{Heap before GC invocations=10 (full 3):
 PSYoungGen      total 547840K, used 542911K [0x00000000d5580000, 0x0000000100000000, 0x0000000100000000)
  eden space 452096K, 100% used [0x00000000d5580000,0x00000000f0f00000,0x00000000f0f00000)
  from space 95744K, 94% used [0x00000000fa280000,0x00000000ffb2ff80,0x0000000100000000)
  to   space 123392K, 0% used [0x00000000f0f00000,0x00000000f0f00000,0x00000000f8780000)
 ParOldGen       total 1398272K, used 56239K [0x0000000080000000, 0x00000000d5580000, 0x00000000d5580000)
  object space 1398272K, 4% used [0x0000000080000000,0x00000000836ebce0,0x00000000d5580000)
 Metaspace       used 71563K, capacity 75084K, committed 75264K, reserved 1116160K
  class space    used 7805K, capacity 8412K, committed 8448K, reserved 1048576K
Event: 367.453 GC heap after
Heap after GC invocations=10 (full 3):
 PSYoungGen      total 546304K, used 94044K [0x00000000d5580000, 0x0000000100000000, 0x0000000100000000)
  eden space 452096K, 0% used [0x00000000d5580000,0x00000000d5580000,0x00000000f0f00000)
  from space 94208K, 99% used [0x00000000f0f00000,0x00000000f6ad7120,0x00000000f6b00000)
  to   space 133120K, 0% used [0x00000000f7e00000,0x00000000f7e00000,0x0000000100000000)
 ParOldGen       total 1398272K, used 56247K [0x0000000080000000, 0x00000000d5580000, 0x00000000d5580000)
  object space 1398272K, 4% used [0x0000000080000000,0x00000000836edce0,0x00000000d5580000)
 Metaspace       used 71563K, capacity 75084K, committed 75264K, reserved 1116160K
  class space    used 7805K, capacity 8412K, committed 8448K, reserved 1048576K
}
Event: 427.592 GC heap before
{Heap before GC invocations=11 (full 3):
 PSYoungGen      total 546304K, used 546140K [0x00000000d5580000, 0x0000000100000000, 0x0000000100000000)
  eden space 452096K, 100% used [0x00000000d5580000,0x00000000f0f00000,0x00000000f0f00000)
  from space 94208K, 99% used [0x00000000f0f00000,0x00000000f6ad7120,0x00000000f6b00000)
  to   space 133120K, 0% used [0x00000000f7e00000,0x00000000f7e00000,0x0000000100000000)
 ParOldGen       total 1398272K, used 56247K [0x0000000080000000, 0x00000000d5580000, 0x00000000d5580000)
  object space 1398272K, 4% used [0x0000000080000000,0x00000000836edce0,0x00000000d5580000)
 Metaspace       used 72209K, capacity 75756K, committed 76032K, reserved 1116160K
  class space    used 7808K, capacity 8414K, committed 8448K, reserved 1048576K
Event: 427.842 GC heap after
Heap after GC invocations=11 (full 3):
 PSYoungGen      total 530944K, used 120353K [0x00000000d5580000, 0x0000000100000000, 0x0000000100000000)
  eden space 397824K, 0% used [0x00000000d5580000,0x00000000d5580000,0x00000000eda00000)
  from space 133120K, 90% used [0x00000000f7e00000,0x00000000ff388460,0x0000000100000000)
  to   space 150528K, 0% used [0x00000000eda00000,0x00000000eda00000,0x00000000f6d00000)
 ParOldGen       total 1398272K, used 56247K [0x0000000080000000, 0x00000000d5580000, 0x00000000d5580000)
  object space 1398272K, 4% used [0x0000000080000000,0x00000000836edce0,0x00000000d5580000)
 Metaspace       used 72209K, capacity 75756K, committed 76032K, reserved 1116160K
  class space    used 7808K, capacity 8414K, committed 8448K, reserved 1048576K
}

