# JRE version: OpenJDK Runtime Environment (8.0_212-b04) (build 1.8.0_212-b04)
# Java VM: OpenJDK 64-Bit Server VM (25.212-b04 mixed mode linux-amd64 compressed oops)
Heap:
 PSYoungGen      total 611840K, used 242339K [0x00000000d5580000, 0x0000000100000000, 0x0000000100000000)
  eden space 524800K, 46% used [0x00000000d5580000,0x00000000e4228e10,0x00000000f5600000)
  from space 87040K, 0% used [0x00000000f5600000,0x00000000f5600000,0x00000000fab00000)
  to   space 87040K, 0% used [0x00000000fab00000,0x00000000fab00000,0x0000000100000000)
 ParOldGen       total 1398272K, used 44389K [0x0000000080000000, 0x00000000d5580000, 0x00000000d5580000)
  object space 1398272K, 3% used [0x0000000080000000,0x0000000082b59428,0x00000000d5580000)
 Metaspace       used 65457K, capacity 68194K, committed 68480K, reserved 1110016K
  class space    used 7527K, capacity 8013K, committed 8064K, reserved 1048576K
GC Heap History (10 events):
Event: 2.561 GC heap before
{Heap before GC invocations=2 (full 1):
 PSYoungGen      total 611840K, used 14260K [0x00000000d5580000, 0x0000000100000000, 0x0000000100000000)
  eden space 524800K, 0% used [0x00000000d5580000,0x00000000d5580000,0x00000000f5600000)
  from space 87040K, 16% used [0x00000000f5600000,0x00000000f63ed098,0x00000000fab00000)
  to   space 87040K, 0% used [0x00000000fab00000,0x00000000fab00000,0x0000000100000000)
 ParOldGen       total 1398272K, used 72K [0x0000000080000000, 0x00000000d5580000, 0x00000000d5580000)
  object space 1398272K, 0% used [0x0000000080000000,0x0000000080012010,0x00000000d5580000)
 Metaspace       used 20811K, capacity 21106K, committed 21248K, reserved 1069056K
  class space    used 2366K, capacity 2482K, committed 2560K, reserved 1048576K
Event: 2.675 GC heap after
Heap after GC invocations=2 (full 1):
 PSYoungGen      total 611840K, used 0K [0x00000000d5580000, 0x0000000100000000, 0x0000000100000000)
  eden space 524800K, 0% used [0x00000000d5580000,0x00000000d5580000,0x00000000f5600000)
  from space 87040K, 0% used [0x00000000f5600000,0x00000000f5600000,0x00000000fab00000)
  to   space 87040K, 0% used [0x00000000fab00000,0x00000000fab00000,0x0000000100000000)
 ParOldGen       total 893952K, used 13726K [0x0000000080000000, 0x00000000b6900000, 0x00000000d5580000)
  object space 893952K, 1% used [0x0000000080000000,0x0000000080d67bf8,0x00000000b6900000)
 Metaspace       used 20811K, capacity 21106K, committed 21248K, reserved 1069056K
  class space    used 2366K, capacity 2482K, committed 2560K, reserved 1048576K
}
Event: 5.514 GC heap before
{Heap before GC invocations=3 (full 1):
 PSYoungGen      total 611840K, used 434548K [0x00000000d5580000, 0x0000000100000000, 0x0000000100000000)
  eden space 524800K, 82% used [0x00000000d5580000,0x00000000efddd098,0x00000000f5600000)
  from space 87040K, 0% used [0x00000000f5600000,0x00000000f5600000,0x00000000fab00000)
  to   space 87040K, 0% used [0x00000000fab00000,0x00000000fab00000,0x0000000100000000)
 ParOldGen       total 893952K, used 13726K [0x0000000080000000, 0x00000000b6900000, 0x00000000d5580000)
  object space 893952K, 1% used [0x0000000080000000,0x0000000080d67bf8,0x00000000b6900000)
 Metaspace       used 34710K, capacity 35092K, committed 35416K, reserved 1081344K
  class space    used 3958K, capacity 4060K, committed 4096K, reserved 1048576K
Event: 5.559 GC heap after
Heap after GC invocations=3 (full 1):
 PSYoungGen      total 611840K, used 19186K [0x00000000d5580000, 0x0000000100000000, 0x0000000100000000)
  eden space 524800K, 0% used [0x00000000d5580000,0x00000000d5580000,0x00000000f5600000)
  from space 87040K, 22% used [0x00000000fab00000,0x00000000fbdbc8f0,0x0000000100000000)
  to   space 87040K, 0% used [0x00000000f5600000,0x00000000f5600000,0x00000000fab00000)
 ParOldGen       total 893952K, used 13726K [0x0000000080000000, 0x00000000b6900000, 0x00000000d5580000)
  object space 893952K, 1% used [0x0000000080000000,0x0000000080d67bf8,0x00000000b6900000)
 Metaspace       used 34710K, capacity 35092K, committed 35416K, reserved 1081344K
  class space    used 3958K, capacity 4060K, committed 4096K, reserved 1048576K
}
Event: 5.559 GC heap before
{Heap before GC invocations=4 (full 2):
 PSYoungGen      total 611840K, used 19186K [0x00000000d5580000, 0x0000000100000000, 0x0000000100000000)
  eden space 524800K, 0% used [0x00000000d5580000,0x00000000d5580000,0x00000000f5600000)
  from space 87040K, 22% used [0x00000000fab00000,0x00000000fbdbc8f0,0x0000000100000000)
  to   space 87040K, 0% used [0x00000000f5600000,0x00000000f5600000,0x00000000fab00000)
 ParOldGen       total 893952K, used 13726K [0x0000000080000000, 0x00000000b6900000, 0x00000000d5580000)
  object space 893952K, 1% used [0x0000000080000000,0x0000000080d67bf8,0x00000000b6900000)
 Metaspace       used 34710K, capacity 35092K, committed 35416K, reserved 1081344K
  class space    used 3958K, capacity 4060K, committed 4096K, reserved 1048576K
Event: 5.679 GC heap after
Heap after GC invocations=4 (full 2):
 PSYoungGen      total 611840K, used 0K [0x00000000d5580000, 0x0000000100000000, 0x0000000100000000)
  eden space 524800K, 0% used [0x00000000d5580000,0x00000000d5580000,0x00000000f5600000)
  from space 87040K, 0% used [0x00000000fab00000,0x00000000fab00000,0x0000000100000000)
  to   space 87040K, 0% used [0x00000000f5600000,0x00000000f5600000,0x00000000fab00000)
 ParOldGen       total 1398272K, used 23511K [0x0000000080000000, 0x00000000d5580000, 0x00000000d5580000)
  object space 1398272K, 1% used [0x0000000080000000,0x00000000816f5cd8,0x00000000d5580000)
 Metaspace       used 34710K, capacity 35092K, committed 35416K, reserved 1081344K
  class space    used 3958K, capacity 4060K, committed 4096K, reserved 1048576K
}
Event: 12.867 GC heap before
{Heap before GC invocations=5 (full 2):
 PSYoungGen      total 611840K, used 511342K [0x00000000d5580000, 0x0000000100000000, 0x0000000100000000)
  eden space 524800K, 97% used [0x00000000d5580000,0x00000000f48db888,0x00000000f5600000)
  from space 87040K, 0% used [0x00000000fab00000,0x00000000fab00000,0x0000000100000000)
  to   space 87040K, 0% used [0x00000000f5600000,0x00000000f5600000,0x00000000fab00000)
 ParOldGen       total 1398272K, used 23511K [0x0000000080000000, 0x00000000d5580000, 0x00000000d5580000)
  object space 1398272K, 1% used [0x0000000080000000,0x00000000816f5cd8,0x00000000d5580000)
 Metaspace       used 57451K, capacity 58856K, committed 59008K, reserved 1101824K
  class space    used 6635K, capacity 6934K, committed 7040K, reserved 1048576K
Event: 12.964 GC heap after
Heap after GC invocations=5 (full 2):
 PSYoungGen      total 611840K, used 33908K [0x00000000d5580000, 0x0000000100000000, 0x0000000100000000)
  eden space 524800K, 0% used [0x00000000d5580000,0x00000000d5580000,0x00000000f5600000)
  from space 87040K, 38% used [0x00000000f5600000,0x00000000f771d388,0x00000000fab00000)
  to   space 87040K, 0% used [0x00000000fab00000,0x00000000fab00000,0x0000000100000000)
 ParOldGen       total 1398272K, used 23519K [0x0000000080000000, 0x00000000d5580000, 0x00000000d5580000)
  object space 1398272K, 1% used [0x0000000080000000,0x00000000816f7cd8,0x00000000d5580000)
 Metaspace       used 57451K, capacity 58856K, committed 59008K, reserved 1101824K
  class space    used 6635K, capacity 6934K, committed 7040K, reserved 1048576K
}
Event: 12.964 GC heap before
{Heap before GC invocations=6 (full 3):
 PSYoungGen      total 611840K, used 33908K [0x00000000d5580000, 0x0000000100000000, 0x0000000100000000)
  eden space 524800K, 0% used [0x00000000d5580000,0x00000000d5580000,0x00000000f5600000)
  from space 87040K, 38% used [0x00000000f5600000,0x00000000f771d388,0x00000000fab00000)
  to   space 87040K, 0% used [0x00000000fab00000,0x00000000fab00000,0x0000000100000000)
 ParOldGen       total 1398272K, used 23519K [0x0000000080000000, 0x00000000d5580000, 0x00000000d5580000)
  object space 1398272K, 1% used [0x0000000080000000,0x00000000816f7cd8,0x00000000d5580000)
 Metaspace       used 57451K, capacity 58856K, committed 59008K, reserved 1101824K
  class space    used 6635K, capacity 6934K, committed 7040K, reserved 1048576K
Event: 13.257 GC heap after
Heap after GC invocations=6 (full 3):
 PSYoungGen      total 611840K, used 0K [0x00000000d5580000, 0x0000000100000000, 0x0000000100000000)
  eden space 524800K, 0% used [0x00000000d5580000,0x00000000d5580000,0x00000000f5600000)
  from space 87040K, 0% used [0x00000000f5600000,0x00000000f5600000,0x00000000fab00000)
  to   space 87040K, 0% used [0x00000000fab00000,0x00000000fab00000,0x0000000100000000)
 ParOldGen       total 1398272K, used 44389K [0x0000000080000000, 0x00000000d5580000, 0x00000000d5580000)
  object space 1398272K, 3% used [0x0000000080000000,0x0000000082b59428,0x00000000d5580000)
 Metaspace       used 57414K, capacity 58766K, committed 59008K, reserved 1101824K
  class space    used 6623K, capacity 6913K, committed 7040K, reserved 1048576K
}

