# JRE version: OpenJDK Runtime Environment (8.0_212-b04) (build 1.8.0_212-b04)
# Java VM: OpenJDK 64-Bit Server VM (25.212-b04 mixed mode linux-amd64 compressed oops)
Heap:
 PSYoungGen      total 611840K, used 335961K [0x00000000d5580000, 0x0000000100000000, 0x0000000100000000)
  eden space 524800K, 51% used [0x00000000d5580000,0x00000000e5c2c668,0x00000000f5600000)
  from space 87040K, 76% used [0x00000000fab00000,0x00000000fec69fa8,0x0000000100000000)
  to   space 87040K, 0% used [0x00000000f5600000,0x00000000f5600000,0x00000000fab00000)
 ParOldGen       total 1398272K, used 39714K [0x0000000080000000, 0x00000000d5580000, 0x00000000d5580000)
  object space 1398272K, 2% used [0x0000000080000000,0x00000000826c8890,0x00000000d5580000)
 Metaspace       used 67512K, capacity 70212K, committed 70272K, reserved 1112064K
  class space    used 7590K, capacity 8054K, committed 8064K, reserved 1048576K
GC Heap History (10 events):
Event: 5.513 GC heap before
{Heap before GC invocations=3 (full 1):
 PSYoungGen      total 611840K, used 437499K [0x00000000d5580000, 0x0000000100000000, 0x0000000100000000)
  eden space 524800K, 83% used [0x00000000d5580000,0x00000000f00bec20,0x00000000f5600000)
  from space 87040K, 0% used [0x00000000f5600000,0x00000000f5600000,0x00000000fab00000)
  to   space 87040K, 0% used [0x00000000fab00000,0x00000000fab00000,0x0000000100000000)
 ParOldGen       total 885760K, used 13808K [0x0000000080000000, 0x00000000b6100000, 0x00000000d5580000)
  object space 885760K, 1% used [0x0000000080000000,0x0000000080d7c150,0x00000000b6100000)
 Metaspace       used 34826K, capacity 35188K, committed 35416K, reserved 1081344K
  class space    used 3970K, capacity 4092K, committed 4096K, reserved 1048576K
Event: 5.556 GC heap after
Heap after GC invocations=3 (full 1):
 PSYoungGen      total 611840K, used 19239K [0x00000000d5580000, 0x0000000100000000, 0x0000000100000000)
  eden space 524800K, 0% used [0x00000000d5580000,0x00000000d5580000,0x00000000f5600000)
  from space 87040K, 22% used [0x00000000fab00000,0x00000000fbdc9fe0,0x0000000100000000)
  to   space 87040K, 0% used [0x00000000f5600000,0x00000000f5600000,0x00000000fab00000)
 ParOldGen       total 885760K, used 13808K [0x0000000080000000, 0x00000000b6100000, 0x00000000d5580000)
  object space 885760K, 1% used [0x0000000080000000,0x0000000080d7c150,0x00000000b6100000)
 Metaspace       used 34826K, capacity 35188K, committed 35416K, reserved 1081344K
  class space    used 3970K, capacity 4092K, committed 4096K, reserved 1048576K
}
Event: 5.556 GC heap before
{Heap before GC invocations=4 (full 2):
 PSYoungGen      total 611840K, used 19239K [0x00000000d5580000, 0x0000000100000000, 0x0000000100000000)
  eden space 524800K, 0% used [0x00000000d5580000,0x00000000d5580000,0x00000000f5600000)
  from space 87040K, 22% used [0x00000000fab00000,0x00000000fbdc9fe0,0x0000000100000000)
  to   space 87040K, 0% used [0x00000000f5600000,0x00000000f5600000,0x00000000fab00000)
 ParOldGen       total 885760K, used 13808K [0x0000000080000000, 0x00000000b6100000, 0x00000000d5580000)
  object space 885760K, 1% used [0x0000000080000000,0x0000000080d7c150,0x00000000b6100000)
 Metaspace       used 34826K, capacity 35188K, committed 35416K, reserved 1081344K
  class space    used 3970K, capacity 4092K, committed 4096K, reserved 1048576K
Event: 5.671 GC heap after
Heap after GC invocations=4 (full 2):
 PSYoungGen      total 611840K, used 0K [0x00000000d5580000, 0x0000000100000000, 0x0000000100000000)
  eden space 524800K, 0% used [0x00000000d5580000,0x00000000d5580000,0x00000000f5600000)
  from space 87040K, 0% used [0x00000000fab00000,0x00000000fab00000,0x0000000100000000)
  to   space 87040K, 0% used [0x00000000f5600000,0x00000000f5600000,0x00000000fab00000)
 ParOldGen       total 1398272K, used 23592K [0x0000000080000000, 0x00000000d5580000, 0x00000000d5580000)
  object space 1398272K, 1% used [0x0000000080000000,0x000000008170a038,0x00000000d5580000)
 Metaspace       used 34826K, capacity 35188K, committed 35416K, reserved 1081344K
  class space    used 3970K, capacity 4092K, committed 4096K, reserved 1048576K
}
Event: 11.582 GC heap before
{Heap before GC invocations=5 (full 2):
 PSYoungGen      total 611840K, used 415026K [0x00000000d5580000, 0x0000000100000000, 0x0000000100000000)
  eden space 524800K, 79% used [0x00000000d5580000,0x00000000eeacca70,0x00000000f5600000)
  from space 87040K, 0% used [0x00000000fab00000,0x00000000fab00000,0x0000000100000000)
  to   space 87040K, 0% used [0x00000000f5600000,0x00000000f5600000,0x00000000fab00000)
 ParOldGen       total 1398272K, used 23592K [0x0000000080000000, 0x00000000d5580000, 0x00000000d5580000)
  object space 1398272K, 1% used [0x0000000080000000,0x000000008170a038,0x00000000d5580000)
 Metaspace       used 57401K, capacity 58810K, committed 59008K, reserved 1101824K
  class space    used 6667K, capacity 6939K, committed 7040K, reserved 1048576K
Event: 11.638 GC heap after
Heap after GC invocations=5 (full 2):
 PSYoungGen      total 611840K, used 29165K [0x00000000d5580000, 0x0000000100000000, 0x0000000100000000)
  eden space 524800K, 0% used [0x00000000d5580000,0x00000000d5580000,0x00000000f5600000)
  from space 87040K, 33% used [0x00000000f5600000,0x00000000f727b4d0,0x00000000fab00000)
  to   space 87040K, 0% used [0x00000000fab00000,0x00000000fab00000,0x0000000100000000)
 ParOldGen       total 1398272K, used 23600K [0x0000000080000000, 0x00000000d5580000, 0x00000000d5580000)
  object space 1398272K, 1% used [0x0000000080000000,0x000000008170c038,0x00000000d5580000)
 Metaspace       used 57401K, capacity 58810K, committed 59008K, reserved 1101824K
  class space    used 6667K, capacity 6939K, committed 7040K, reserved 1048576K
}
Event: 11.638 GC heap before
{Heap before GC invocations=6 (full 3):
 PSYoungGen      total 611840K, used 29165K [0x00000000d5580000, 0x0000000100000000, 0x0000000100000000)
  eden space 524800K, 0% used [0x00000000d5580000,0x00000000d5580000,0x00000000f5600000)
  from space 87040K, 33% used [0x00000000f5600000,0x00000000f727b4d0,0x00000000fab00000)
  to   space 87040K, 0% used [0x00000000fab00000,0x00000000fab00000,0x0000000100000000)
 ParOldGen       total 1398272K, used 23600K [0x0000000080000000, 0x00000000d5580000, 0x00000000d5580000)
  object space 1398272K, 1% used [0x0000000080000000,0x000000008170c038,0x00000000d5580000)
 Metaspace       used 57401K, capacity 58810K, committed 59008K, reserved 1101824K
  class space    used 6667K, capacity 6939K, committed 7040K, reserved 1048576K
Event: 11.906 GC heap after
Heap after GC invocations=6 (full 3):
 PSYoungGen      total 611840K, used 0K [0x00000000d5580000, 0x0000000100000000, 0x0000000100000000)
  eden space 524800K, 0% used [0x00000000d5580000,0x00000000d5580000,0x00000000f5600000)
  from space 87040K, 0% used [0x00000000f5600000,0x00000000f5600000,0x00000000fab00000)
  to   space 87040K, 0% used [0x00000000fab00000,0x00000000fab00000,0x0000000100000000)
 ParOldGen       total 1398272K, used 39706K [0x0000000080000000, 0x00000000d5580000, 0x00000000d5580000)
  object space 1398272K, 2% used [0x0000000080000000,0x00000000826c6890,0x00000000d5580000)
 Metaspace       used 57367K, capacity 58724K, committed 59008K, reserved 1101824K
  class space    used 6654K, capacity 6918K, committed 7040K, reserved 1048576K
}
Event: 108.957 GC heap before
{Heap before GC invocations=7 (full 3):
 PSYoungGen      total 611840K, used 524800K [0x00000000d5580000, 0x0000000100000000, 0x0000000100000000)
  eden space 524800K, 100% used [0x00000000d5580000,0x00000000f5600000,0x00000000f5600000)
  from space 87040K, 0% used [0x00000000f5600000,0x00000000f5600000,0x00000000fab00000)
  to   space 87040K, 0% used [0x00000000fab00000,0x00000000fab00000,0x0000000100000000)
 ParOldGen       total 1398272K, used 39706K [0x0000000080000000, 0x00000000d5580000, 0x00000000d5580000)
  object space 1398272K, 2% used [0x0000000080000000,0x00000000826c6890,0x00000000d5580000)
 Metaspace       used 67018K, capacity 69680K, committed 69760K, reserved 1112064K
  class space    used 7582K, capacity 8042K, committed 8064K, reserved 1048576K
Event: 109.125 GC heap after
Heap after GC invocations=7 (full 3):
 PSYoungGen      total 611840K, used 66983K [0x00000000d5580000, 0x0000000100000000, 0x0000000100000000)
  eden space 524800K, 0% used [0x00000000d5580000,0x00000000d5580000,0x00000000f5600000)
  from space 87040K, 76% used [0x00000000fab00000,0x00000000fec69fa8,0x0000000100000000)
  to   space 87040K, 0% used [0x00000000f5600000,0x00000000f5600000,0x00000000fab00000)
 ParOldGen       total 1398272K, used 39714K [0x0000000080000000, 0x00000000d5580000, 0x00000000d5580000)
  object space 1398272K, 2% used [0x0000000080000000,0x00000000826c8890,0x00000000d5580000)
 Metaspace       used 67018K, capacity 69680K, committed 69760K, reserved 1112064K
  class space    used 7582K, capacity 8042K, committed 8064K, reserved 1048576K
}

