# JRE version: OpenJDK Runtime Environment (8.0_212-b04) (build 1.8.0_212-b04)
# Java VM: OpenJDK 64-Bit Server VM (25.212-b04 mixed mode linux-amd64 compressed oops)
Heap:
 PSYoungGen      total 611840K, used 206383K [0x00000000d5580000, 0x00000000ffa00000, 0x0000000100000000)
  eden space 530944K, 30% used [0x00000000d5580000,0x00000000df38eda8,0x00000000f5c00000)
  from space 80896K, 55% used [0x00000000fab00000,0x00000000fd67d018,0x00000000ffa00000)
  to   space 80896K, 0% used [0x00000000f5c00000,0x00000000f5c00000,0x00000000fab00000)
 ParOldGen       total 1398272K, used 49470K [0x0000000080000000, 0x00000000d5580000, 0x00000000d5580000)
  object space 1398272K, 3% used [0x0000000080000000,0x000000008304faf0,0x00000000d5580000)
 Metaspace       used 69044K, capacity 72300K, committed 72320K, reserved 1114112K
  class space    used 7715K, capacity 8302K, committed 8320K, reserved 1048576K
GC Heap History (10 events):
Event: 11.496 GC heap before
{Heap before GC invocations=5 (full 2):
 PSYoungGen      total 611840K, used 524800K [0x00000000d5580000, 0x0000000100000000, 0x0000000100000000)
  eden space 524800K, 100% used [0x00000000d5580000,0x00000000f5600000,0x00000000f5600000)
  from space 87040K, 0% used [0x00000000fab00000,0x00000000fab00000,0x0000000100000000)
  to   space 87040K, 0% used [0x00000000f5600000,0x00000000f5600000,0x00000000fab00000)
 ParOldGen       total 1398272K, used 23544K [0x0000000080000000, 0x00000000d5580000, 0x00000000d5580000)
  object space 1398272K, 1% used [0x0000000080000000,0x00000000816fe3b8,0x00000000d5580000)
 Metaspace       used 53098K, capacity 54460K, committed 54656K, reserved 1097728K
  class space    used 6204K, capacity 6476K, committed 6528K, reserved 1048576K
Event: 11.559 GC heap after
Heap after GC invocations=5 (full 2):
 PSYoungGen      total 611840K, used 27687K [0x00000000d5580000, 0x0000000100000000, 0x0000000100000000)
  eden space 524800K, 0% used [0x00000000d5580000,0x00000000d5580000,0x00000000f5600000)
  from space 87040K, 31% used [0x00000000f5600000,0x00000000f7109ca0,0x00000000fab00000)
  to   space 87040K, 0% used [0x00000000fab00000,0x00000000fab00000,0x0000000100000000)
 ParOldGen       total 1398272K, used 23552K [0x0000000080000000, 0x00000000d5580000, 0x00000000d5580000)
  object space 1398272K, 1% used [0x0000000080000000,0x00000000817003b8,0x00000000d5580000)
 Metaspace       used 53098K, capacity 54460K, committed 54656K, reserved 1097728K
  class space    used 6204K, capacity 6476K, committed 6528K, reserved 1048576K
}
Event: 12.270 GC heap before
{Heap before GC invocations=6 (full 2):
 PSYoungGen      total 611840K, used 173921K [0x00000000d5580000, 0x0000000100000000, 0x0000000100000000)
  eden space 524800K, 27% used [0x00000000d5580000,0x00000000de44e9a0,0x00000000f5600000)
  from space 87040K, 31% used [0x00000000f5600000,0x00000000f7109ca0,0x00000000fab00000)
  to   space 87040K, 0% used [0x00000000fab00000,0x00000000fab00000,0x0000000100000000)
 ParOldGen       total 1398272K, used 23552K [0x0000000080000000, 0x00000000d5580000, 0x00000000d5580000)
  object space 1398272K, 1% used [0x0000000080000000,0x00000000817003b8,0x00000000d5580000)
 Metaspace       used 57258K, capacity 58870K, committed 59008K, reserved 1101824K
  class space    used 6620K, capacity 6951K, committed 7040K, reserved 1048576K
Event: 12.301 GC heap after
Heap after GC invocations=6 (full 2):
 PSYoungGen      total 611840K, used 19872K [0x00000000d5580000, 0x0000000100000000, 0x0000000100000000)
  eden space 524800K, 0% used [0x00000000d5580000,0x00000000d5580000,0x00000000f5600000)
  from space 87040K, 22% used [0x00000000fab00000,0x00000000fbe683a8,0x0000000100000000)
  to   space 87040K, 0% used [0x00000000f5600000,0x00000000f5600000,0x00000000fab00000)
 ParOldGen       total 1398272K, used 23560K [0x0000000080000000, 0x00000000d5580000, 0x00000000d5580000)
  object space 1398272K, 1% used [0x0000000080000000,0x00000000817023b8,0x00000000d5580000)
 Metaspace       used 57258K, capacity 58870K, committed 59008K, reserved 1101824K
  class space    used 6620K, capacity 6951K, committed 7040K, reserved 1048576K
}
Event: 12.301 GC heap before
{Heap before GC invocations=7 (full 3):
 PSYoungGen      total 611840K, used 19872K [0x00000000d5580000, 0x0000000100000000, 0x0000000100000000)
  eden space 524800K, 0% used [0x00000000d5580000,0x00000000d5580000,0x00000000f5600000)
  from space 87040K, 22% used [0x00000000fab00000,0x00000000fbe683a8,0x0000000100000000)
  to   space 87040K, 0% used [0x00000000f5600000,0x00000000f5600000,0x00000000fab00000)
 ParOldGen       total 1398272K, used 23560K [0x0000000080000000, 0x00000000d5580000, 0x00000000d5580000)
  object space 1398272K, 1% used [0x0000000080000000,0x00000000817023b8,0x00000000d5580000)
 Metaspace       used 57258K, capacity 58870K, committed 59008K, reserved 1101824K
  class space    used 6620K, capacity 6951K, committed 7040K, reserved 1048576K
Event: 12.555 GC heap after
Heap after GC invocations=7 (full 3):
 PSYoungGen      total 611840K, used 0K [0x00000000d5580000, 0x0000000100000000, 0x0000000100000000)
  eden space 524800K, 0% used [0x00000000d5580000,0x00000000d5580000,0x00000000f5600000)
  from space 87040K, 0% used [0x00000000fab00000,0x00000000fab00000,0x0000000100000000)
  to   space 87040K, 0% used [0x00000000f5600000,0x00000000f5600000,0x00000000fab00000)
 ParOldGen       total 1398272K, used 31524K [0x0000000080000000, 0x00000000d5580000, 0x00000000d5580000)
  object space 1398272K, 2% used [0x0000000080000000,0x0000000081ec9070,0x00000000d5580000)
 Metaspace       used 57166K, capacity 58636K, committed 59008K, reserved 1101824K
  class space    used 6587K, capacity 6894K, committed 7040K, reserved 1048576K
}
Event: 52.408 GC heap before
{Heap before GC invocations=8 (full 3):
 PSYoungGen      total 611840K, used 524800K [0x00000000d5580000, 0x0000000100000000, 0x0000000100000000)
  eden space 524800K, 100% used [0x00000000d5580000,0x00000000f5600000,0x00000000f5600000)
  from space 87040K, 0% used [0x00000000fab00000,0x00000000fab00000,0x0000000100000000)
  to   space 87040K, 0% used [0x00000000f5600000,0x00000000f5600000,0x00000000fab00000)
 ParOldGen       total 1398272K, used 31524K [0x0000000080000000, 0x00000000d5580000, 0x00000000d5580000)
  object space 1398272K, 2% used [0x0000000080000000,0x0000000081ec9070,0x00000000d5580000)
 Metaspace       used 66355K, capacity 69164K, committed 69248K, reserved 1110016K
  class space    used 7531K, capacity 8028K, committed 8064K, reserved 1048576K
Event: 52.611 GC heap after
Heap after GC invocations=8 (full 3):
 PSYoungGen      total 611840K, used 87013K [0x00000000d5580000, 0x00000000ffa00000, 0x0000000100000000)
  eden space 524800K, 0% used [0x00000000d5580000,0x00000000d5580000,0x00000000f5600000)
  from space 87040K, 99% used [0x00000000f5600000,0x00000000faaf9538,0x00000000fab00000)
  to   space 80896K, 0% used [0x00000000fab00000,0x00000000fab00000,0x00000000ffa00000)
 ParOldGen       total 1398272K, used 49462K [0x0000000080000000, 0x00000000d5580000, 0x00000000d5580000)
  object space 1398272K, 3% used [0x0000000080000000,0x000000008304daf0,0x00000000d5580000)
 Metaspace       used 66355K, capacity 69164K, committed 69248K, reserved 1110016K
  class space    used 7531K, capacity 8028K, committed 8064K, reserved 1048576K
}
Event: 86.640 GC heap before
{Heap before GC invocations=9 (full 3):
 PSYoungGen      total 611840K, used 611813K [0x00000000d5580000, 0x00000000ffa00000, 0x0000000100000000)
  eden space 524800K, 100% used [0x00000000d5580000,0x00000000f5600000,0x00000000f5600000)
  from space 87040K, 99% used [0x00000000f5600000,0x00000000faaf9538,0x00000000fab00000)
  to   space 80896K, 0% used [0x00000000fab00000,0x00000000fab00000,0x00000000ffa00000)
 ParOldGen       total 1398272K, used 49462K [0x0000000080000000, 0x00000000d5580000, 0x00000000d5580000)
  object space 1398272K, 3% used [0x0000000080000000,0x000000008304daf0,0x00000000d5580000)
 Metaspace       used 67882K, capacity 70966K, committed 71168K, reserved 1112064K
  class space    used 7624K, capacity 8181K, committed 8192K, reserved 1048576K
Event: 86.738 GC heap after
Heap after GC invocations=9 (full 3):
 PSYoungGen      total 611840K, used 44532K [0x00000000d5580000, 0x00000000ffa00000, 0x0000000100000000)
  eden space 530944K, 0% used [0x00000000d5580000,0x00000000d5580000,0x00000000f5c00000)
  from space 80896K, 55% used [0x00000000fab00000,0x00000000fd67d018,0x00000000ffa00000)
  to   space 80896K, 0% used [0x00000000f5c00000,0x00000000f5c00000,0x00000000fab00000)
 ParOldGen       total 1398272K, used 49470K [0x0000000080000000, 0x00000000d5580000, 0x00000000d5580000)
  object space 1398272K, 3% used [0x0000000080000000,0x000000008304faf0,0x00000000d5580000)
 Metaspace       used 67882K, capacity 70966K, committed 71168K, reserved 1112064K
  class space    used 7624K, capacity 8181K, committed 8192K, reserved 1048576K
}

