# JRE version: OpenJDK Runtime Environment (8.0_212-b04) (build 1.8.0_212-b04)
# Java VM: OpenJDK 64-Bit Server VM (25.212-b04 mixed mode linux-amd64 compressed oops)
Heap:
 PSYoungGen      total 611840K, used 594508K [0x00000000d5580000, 0x00000000fe000000, 0x0000000100000000)
  eden space 524800K, 96% used [0x00000000d5580000,0x00000000f451ac80,0x00000000f5600000)
  from space 87040K, 99% used [0x00000000f5600000,0x00000000faaf85a8,0x00000000fab00000)
  to   space 54272K, 0% used [0x00000000fab00000,0x00000000fab00000,0x00000000fe000000)
 ParOldGen       total 1398272K, used 34167K [0x0000000080000000, 0x00000000d5580000, 0x00000000d5580000)
  object space 1398272K, 2% used [0x0000000080000000,0x000000008215dfb0,0x00000000d5580000)
 Metaspace       used 81192K, capacity 85000K, committed 85248K, reserved 1124352K
  class space    used 9225K, capacity 9880K, committed 9984K, reserved 1048576K
GC Heap History (10 events):
Event: 4.179 GC heap before
{Heap before GC invocations=4 (full 2):
 PSYoungGen      total 611840K, used 19458K [0x00000000d5580000, 0x0000000100000000, 0x0000000100000000)
  eden space 524800K, 0% used [0x00000000d5580000,0x00000000d5580000,0x00000000f5600000)
  from space 87040K, 22% used [0x00000000fab00000,0x00000000fbe00968,0x0000000100000000)
  to   space 87040K, 0% used [0x00000000f5600000,0x00000000f5600000,0x00000000fab00000)
 ParOldGen       total 883200K, used 13509K [0x0000000080000000, 0x00000000b5e80000, 0x00000000d5580000)
  object space 883200K, 1% used [0x0000000080000000,0x0000000080d315f0,0x00000000b5e80000)
 Metaspace       used 34726K, capacity 35018K, committed 35416K, reserved 1081344K
  class space    used 4188K, capacity 4289K, committed 4352K, reserved 1048576K
Event: 4.277 GC heap after
Heap after GC invocations=4 (full 2):
 PSYoungGen      total 611840K, used 0K [0x00000000d5580000, 0x0000000100000000, 0x0000000100000000)
  eden space 524800K, 0% used [0x00000000d5580000,0x00000000d5580000,0x00000000f5600000)
  from space 87040K, 0% used [0x00000000fab00000,0x00000000fab00000,0x0000000100000000)
  to   space 87040K, 0% used [0x00000000f5600000,0x00000000f5600000,0x00000000fab00000)
 ParOldGen       total 1398272K, used 24270K [0x0000000080000000, 0x00000000d5580000, 0x00000000d5580000)
  object space 1398272K, 1% used [0x0000000080000000,0x00000000817b3938,0x00000000d5580000)
 Metaspace       used 34726K, capacity 35018K, committed 35416K, reserved 1081344K
  class space    used 4188K, capacity 4289K, committed 4352K, reserved 1048576K
}
Event: 7.441 GC heap before
{Heap before GC invocations=5 (full 2):
 PSYoungGen      total 611840K, used 524800K [0x00000000d5580000, 0x0000000100000000, 0x0000000100000000)
  eden space 524800K, 100% used [0x00000000d5580000,0x00000000f5600000,0x00000000f5600000)
  from space 87040K, 0% used [0x00000000fab00000,0x00000000fab00000,0x0000000100000000)
  to   space 87040K, 0% used [0x00000000f5600000,0x00000000f5600000,0x00000000fab00000)
 ParOldGen       total 1398272K, used 24270K [0x0000000080000000, 0x00000000d5580000, 0x00000000d5580000)
  object space 1398272K, 1% used [0x0000000080000000,0x00000000817b3938,0x00000000d5580000)
 Metaspace       used 49405K, capacity 50210K, committed 50432K, reserved 1093632K
  class space    used 5884K, capacity 6085K, committed 6144K, reserved 1048576K
Event: 7.474 GC heap after
Heap after GC invocations=5 (full 2):
 PSYoungGen      total 611840K, used 20399K [0x00000000d5580000, 0x0000000100000000, 0x0000000100000000)
  eden space 524800K, 0% used [0x00000000d5580000,0x00000000d5580000,0x00000000f5600000)
  from space 87040K, 23% used [0x00000000f5600000,0x00000000f69ebe58,0x00000000fab00000)
  to   space 87040K, 0% used [0x00000000fab00000,0x00000000fab00000,0x0000000100000000)
 ParOldGen       total 1398272K, used 24278K [0x0000000080000000, 0x00000000d5580000, 0x00000000d5580000)
  object space 1398272K, 1% used [0x0000000080000000,0x00000000817b5938,0x00000000d5580000)
 Metaspace       used 49405K, capacity 50210K, committed 50432K, reserved 1093632K
  class space    used 5884K, capacity 6085K, committed 6144K, reserved 1048576K
}
Event: 11.855 GC heap before
{Heap before GC invocations=6 (full 2):
 PSYoungGen      total 611840K, used 320137K [0x00000000d5580000, 0x0000000100000000, 0x0000000100000000)
  eden space 524800K, 57% used [0x00000000d5580000,0x00000000e7a36620,0x00000000f5600000)
  from space 87040K, 23% used [0x00000000f5600000,0x00000000f69ebe58,0x00000000fab00000)
  to   space 87040K, 0% used [0x00000000fab00000,0x00000000fab00000,0x0000000100000000)
 ParOldGen       total 1398272K, used 24278K [0x0000000080000000, 0x00000000d5580000, 0x00000000d5580000)
  object space 1398272K, 1% used [0x0000000080000000,0x00000000817b5938,0x00000000d5580000)
 Metaspace       used 57802K, capacity 58980K, committed 59028K, reserved 1101824K
  class space    used 6949K, capacity 7168K, committed 7168K, reserved 1048576K
Event: 11.886 GC heap after
Heap after GC invocations=6 (full 2):
 PSYoungGen      total 611840K, used 19987K [0x00000000d5580000, 0x0000000100000000, 0x0000000100000000)
  eden space 524800K, 0% used [0x00000000d5580000,0x00000000d5580000,0x00000000f5600000)
  from space 87040K, 22% used [0x00000000fab00000,0x00000000fbe84c48,0x0000000100000000)
  to   space 87040K, 0% used [0x00000000f5600000,0x00000000f5600000,0x00000000fab00000)
 ParOldGen       total 1398272K, used 24286K [0x0000000080000000, 0x00000000d5580000, 0x00000000d5580000)
  object space 1398272K, 1% used [0x0000000080000000,0x00000000817b7938,0x00000000d5580000)
 Metaspace       used 57802K, capacity 58980K, committed 59028K, reserved 1101824K
  class space    used 6949K, capacity 7168K, committed 7168K, reserved 1048576K
}
Event: 11.887 GC heap before
{Heap before GC invocations=7 (full 3):
 PSYoungGen      total 611840K, used 19987K [0x00000000d5580000, 0x0000000100000000, 0x0000000100000000)
  eden space 524800K, 0% used [0x00000000d5580000,0x00000000d5580000,0x00000000f5600000)
  from space 87040K, 22% used [0x00000000fab00000,0x00000000fbe84c48,0x0000000100000000)
  to   space 87040K, 0% used [0x00000000f5600000,0x00000000f5600000,0x00000000fab00000)
 ParOldGen       total 1398272K, used 24286K [0x0000000080000000, 0x00000000d5580000, 0x00000000d5580000)
  object space 1398272K, 1% used [0x0000000080000000,0x00000000817b7938,0x00000000d5580000)
 Metaspace       used 57802K, capacity 58980K, committed 59028K, reserved 1101824K
  class space    used 6949K, capacity 7168K, committed 7168K, reserved 1048576K
Event: 12.116 GC heap after
Heap after GC invocations=7 (full 3):
 PSYoungGen      total 611840K, used 0K [0x00000000d5580000, 0x0000000100000000, 0x0000000100000000)
  eden space 524800K, 0% used [0x00000000d5580000,0x00000000d5580000,0x00000000f5600000)
  from space 87040K, 0% used [0x00000000fab00000,0x00000000fab00000,0x0000000100000000)
  to   space 87040K, 0% used [0x00000000f5600000,0x00000000f5600000,0x00000000fab00000)
 ParOldGen       total 1398272K, used 32488K [0x0000000080000000, 0x00000000d5580000, 0x00000000d5580000)
  object space 1398272K, 2% used [0x0000000080000000,0x0000000081fba000,0x00000000d5580000)
 Metaspace       used 57736K, capacity 58824K, committed 59028K, reserved 1101824K
  class space    used 6925K, capacity 7126K, committed 7168K, reserved 1048576K
}
Event: 21.853 GC heap before
{Heap before GC invocations=8 (full 3):
 PSYoungGen      total 611840K, used 524704K [0x00000000d5580000, 0x0000000100000000, 0x0000000100000000)
  eden space 524800K, 99% used [0x00000000d5580000,0x00000000f55e8398,0x00000000f5600000)
  from space 87040K, 0% used [0x00000000fab00000,0x00000000fab00000,0x0000000100000000)
  to   space 87040K, 0% used [0x00000000f5600000,0x00000000f5600000,0x00000000fab00000)
 ParOldGen       total 1398272K, used 32488K [0x0000000080000000, 0x00000000d5580000, 0x00000000d5580000)
  object space 1398272K, 2% used [0x0000000080000000,0x0000000081fba000,0x00000000d5580000)
 Metaspace       used 76726K, capacity 79718K, committed 80000K, reserved 1120256K
  class space    used 8941K, capacity 9505K, committed 9600K, reserved 1048576K
Event: 21.955 GC heap after
Heap after GC invocations=8 (full 3):
 PSYoungGen      total 611840K, used 87009K [0x00000000d5580000, 0x00000000fe000000, 0x0000000100000000)
  eden space 524800K, 0% used [0x00000000d5580000,0x00000000d5580000,0x00000000f5600000)
  from space 87040K, 99% used [0x00000000f5600000,0x00000000faaf85a8,0x00000000fab00000)
  to   space 54272K, 0% used [0x00000000fab00000,0x00000000fab00000,0x00000000fe000000)
 ParOldGen       total 1398272K, used 34167K [0x0000000080000000, 0x00000000d5580000, 0x00000000d5580000)
  object space 1398272K, 2% used [0x0000000080000000,0x000000008215dfb0,0x00000000d5580000)
 Metaspace       used 76726K, capacity 79718K, committed 80000K, reserved 1120256K
  class space    used 8941K, capacity 9505K, committed 9600K, reserved 1048576K
}

