# JRE version: OpenJDK Runtime Environment (8.0_212-b04) (build 1.8.0_212-b04)
# Java VM: OpenJDK 64-Bit Server VM (25.212-b04 mixed mode linux-amd64 compressed oops)
Heap:
 PSYoungGen      total 611840K, used 504680K [0x00000000d5580000, 0x0000000100000000, 0x0000000100000000)
  eden space 524800K, 96% used [0x00000000d5580000,0x00000000f425a138,0x00000000f5600000)
  from space 87040K, 0% used [0x00000000fab00000,0x00000000fab00000,0x0000000100000000)
  to   space 87040K, 0% used [0x00000000f5600000,0x00000000f5600000,0x00000000fab00000)
 ParOldGen       total 1086464K, used 25655K [0x0000000080000000, 0x00000000c2500000, 0x00000000d5580000)
  object space 1086464K, 2% used [0x0000000080000000,0x000000008190df48,0x00000000c2500000)
 Metaspace       used 66402K, capacity 69955K, committed 70016K, reserved 1112064K
  class space    used 7669K, capacity 8286K, committed 8320K, reserved 1048576K
GC Heap History (10 events):
Event: 15.071 GC heap before
{Heap before GC invocations=3 (full 1):
 PSYoungGen      total 611840K, used 468838K [0x00000000d5580000, 0x0000000100000000, 0x0000000100000000)
  eden space 524800K, 89% used [0x00000000d5580000,0x00000000f1f598e8,0x00000000f5600000)
  from space 87040K, 0% used [0x00000000f5600000,0x00000000f5600000,0x00000000fab00000)
  to   space 87040K, 0% used [0x00000000fab00000,0x00000000fab00000,0x0000000100000000)
 ParOldGen       total 538624K, used 13750K [0x0000000080000000, 0x00000000a0e00000, 0x00000000d5580000)
  object space 538624K, 2% used [0x0000000080000000,0x0000000080d6d828,0x00000000a0e00000)
 Metaspace       used 34805K, capacity 35188K, committed 35416K, reserved 1081344K
  class space    used 3976K, capacity 4092K, committed 4096K, reserved 1048576K
Event: 15.110 GC heap after
Heap after GC invocations=3 (full 1):
 PSYoungGen      total 611840K, used 19269K [0x00000000d5580000, 0x0000000100000000, 0x0000000100000000)
  eden space 524800K, 0% used [0x00000000d5580000,0x00000000d5580000,0x00000000f5600000)
  from space 87040K, 22% used [0x00000000fab00000,0x00000000fbdd15a0,0x0000000100000000)
  to   space 87040K, 0% used [0x00000000f5600000,0x00000000f5600000,0x00000000fab00000)
 ParOldGen       total 538624K, used 13750K [0x0000000080000000, 0x00000000a0e00000, 0x00000000d5580000)
  object space 538624K, 2% used [0x0000000080000000,0x0000000080d6d828,0x00000000a0e00000)
 Metaspace       used 34805K, capacity 35188K, committed 35416K, reserved 1081344K
  class space    used 3976K, capacity 4092K, committed 4096K, reserved 1048576K
}
Event: 15.110 GC heap before
{Heap before GC invocations=4 (full 2):
 PSYoungGen      total 611840K, used 19269K [0x00000000d5580000, 0x0000000100000000, 0x0000000100000000)
  eden space 524800K, 0% used [0x00000000d5580000,0x00000000d5580000,0x00000000f5600000)
  from space 87040K, 22% used [0x00000000fab00000,0x00000000fbdd15a0,0x0000000100000000)
  to   space 87040K, 0% used [0x00000000f5600000,0x00000000f5600000,0x00000000fab00000)
 ParOldGen       total 538624K, used 13750K [0x0000000080000000, 0x00000000a0e00000, 0x00000000d5580000)
  object space 538624K, 2% used [0x0000000080000000,0x0000000080d6d828,0x00000000a0e00000)
 Metaspace       used 34805K, capacity 35188K, committed 35416K, reserved 1081344K
  class space    used 3976K, capacity 4092K, committed 4096K, reserved 1048576K
Event: 15.228 GC heap after
Heap after GC invocations=4 (full 2):
 PSYoungGen      total 611840K, used 0K [0x00000000d5580000, 0x0000000100000000, 0x0000000100000000)
  eden space 524800K, 0% used [0x00000000d5580000,0x00000000d5580000,0x00000000f5600000)
  from space 87040K, 0% used [0x00000000fab00000,0x00000000fab00000,0x0000000100000000)
  to   space 87040K, 0% used [0x00000000f5600000,0x00000000f5600000,0x00000000fab00000)
 ParOldGen       total 935424K, used 23629K [0x0000000080000000, 0x00000000b9180000, 0x00000000d5580000)
  object space 935424K, 2% used [0x0000000080000000,0x0000000081713438,0x00000000b9180000)
 Metaspace       used 34805K, capacity 35188K, committed 35416K, reserved 1081344K
  class space    used 3976K, capacity 4092K, committed 4096K, reserved 1048576K
}
Event: 22.101 GC heap before
{Heap before GC invocations=5 (full 2):
 PSYoungGen      total 611840K, used 524800K [0x00000000d5580000, 0x0000000100000000, 0x0000000100000000)
  eden space 524800K, 100% used [0x00000000d5580000,0x00000000f5600000,0x00000000f5600000)
  from space 87040K, 0% used [0x00000000fab00000,0x00000000fab00000,0x0000000100000000)
  to   space 87040K, 0% used [0x00000000f5600000,0x00000000f5600000,0x00000000fab00000)
 ParOldGen       total 935424K, used 23629K [0x0000000080000000, 0x00000000b9180000, 0x00000000d5580000)
  object space 935424K, 2% used [0x0000000080000000,0x0000000081713438,0x00000000b9180000)
 Metaspace       used 57100K, capacity 58480K, committed 58880K, reserved 1101824K
  class space    used 6593K, capacity 6856K, committed 6912K, reserved 1048576K
Event: 22.152 GC heap after
Heap after GC invocations=5 (full 2):
 PSYoungGen      total 611840K, used 33789K [0x00000000d5580000, 0x0000000100000000, 0x0000000100000000)
  eden space 524800K, 0% used [0x00000000d5580000,0x00000000d5580000,0x00000000f5600000)
  from space 87040K, 38% used [0x00000000f5600000,0x00000000f76ff460,0x00000000fab00000)
  to   space 87040K, 0% used [0x00000000fab00000,0x00000000fab00000,0x0000000100000000)
 ParOldGen       total 935424K, used 23637K [0x0000000080000000, 0x00000000b9180000, 0x00000000d5580000)
  object space 935424K, 2% used [0x0000000080000000,0x0000000081715438,0x00000000b9180000)
 Metaspace       used 57100K, capacity 58480K, committed 58880K, reserved 1101824K
  class space    used 6593K, capacity 6856K, committed 6912K, reserved 1048576K
}
Event: 22.233 GC heap before
{Heap before GC invocations=6 (full 2):
 PSYoungGen      total 611840K, used 67645K [0x00000000d5580000, 0x0000000100000000, 0x0000000100000000)
  eden space 524800K, 6% used [0x00000000d5580000,0x00000000d768ffe0,0x00000000f5600000)
  from space 87040K, 38% used [0x00000000f5600000,0x00000000f76ff460,0x00000000fab00000)
  to   space 87040K, 0% used [0x00000000fab00000,0x00000000fab00000,0x0000000100000000)
 ParOldGen       total 935424K, used 23637K [0x0000000080000000, 0x00000000b9180000, 0x00000000d5580000)
  object space 935424K, 2% used [0x0000000080000000,0x0000000081715438,0x00000000b9180000)
 Metaspace       used 57376K, capacity 58789K, committed 59028K, reserved 1101824K
  class space    used 6634K, capacity 6912K, committed 6912K, reserved 1048576K
Event: 22.250 GC heap after
Heap after GC invocations=6 (full 2):
 PSYoungGen      total 611840K, used 13607K [0x00000000d5580000, 0x0000000100000000, 0x0000000100000000)
  eden space 524800K, 0% used [0x00000000d5580000,0x00000000d5580000,0x00000000f5600000)
  from space 87040K, 15% used [0x00000000fab00000,0x00000000fb849fb8,0x0000000100000000)
  to   space 87040K, 0% used [0x00000000f5600000,0x00000000f5600000,0x00000000fab00000)
 ParOldGen       total 935424K, used 23645K [0x0000000080000000, 0x00000000b9180000, 0x00000000d5580000)
  object space 935424K, 2% used [0x0000000080000000,0x0000000081717438,0x00000000b9180000)
 Metaspace       used 57376K, capacity 58789K, committed 59028K, reserved 1101824K
  class space    used 6634K, capacity 6912K, committed 6912K, reserved 1048576K
}
Event: 22.250 GC heap before
{Heap before GC invocations=7 (full 3):
 PSYoungGen      total 611840K, used 13607K [0x00000000d5580000, 0x0000000100000000, 0x0000000100000000)
  eden space 524800K, 0% used [0x00000000d5580000,0x00000000d5580000,0x00000000f5600000)
  from space 87040K, 15% used [0x00000000fab00000,0x00000000fb849fb8,0x0000000100000000)
  to   space 87040K, 0% used [0x00000000f5600000,0x00000000f5600000,0x00000000fab00000)
 ParOldGen       total 935424K, used 23645K [0x0000000080000000, 0x00000000b9180000, 0x00000000d5580000)
  object space 935424K, 2% used [0x0000000080000000,0x0000000081717438,0x00000000b9180000)
 Metaspace       used 57376K, capacity 58789K, committed 59028K, reserved 1101824K
  class space    used 6634K, capacity 6912K, committed 6912K, reserved 1048576K
Event: 22.427 GC heap after
Heap after GC invocations=7 (full 3):
 PSYoungGen      total 611840K, used 0K [0x00000000d5580000, 0x0000000100000000, 0x0000000100000000)
  eden space 524800K, 0% used [0x00000000d5580000,0x00000000d5580000,0x00000000f5600000)
  from space 87040K, 0% used [0x00000000fab00000,0x00000000fab00000,0x0000000100000000)
  to   space 87040K, 0% used [0x00000000f5600000,0x00000000f5600000,0x00000000fab00000)
 ParOldGen       total 1086464K, used 25655K [0x0000000080000000, 0x00000000c2500000, 0x00000000d5580000)
  object space 1086464K, 2% used [0x0000000080000000,0x000000008190df48,0x00000000c2500000)
 Metaspace       used 57344K, capacity 58715K, committed 59028K, reserved 1101824K
  class space    used 6623K, capacity 6893K, committed 6912K, reserved 1048576K
}

