# JRE version: OpenJDK Runtime Environment (8.0_212-b04) (build 1.8.0_212-b04)
# Java VM: OpenJDK 64-Bit Server VM (25.212-b04 mixed mode linux-amd64 compressed oops)
Heap:
 PSYoungGen      total 606208K, used 172585K [0x00000000d5580000, 0x0000000100000000, 0x0000000100000000)
  eden space 534016K, 18% used [0x00000000d5580000,0x00000000db7af398,0x00000000f5f00000)
  from space 72192K, 99% used [0x00000000f5f00000,0x00000000fa55b460,0x00000000fa580000)
  to   space 90112K, 0% used [0x00000000fa800000,0x00000000fa800000,0x0000000100000000)
 ParOldGen       total 1398272K, used 34682K [0x0000000080000000, 0x00000000d5580000, 0x00000000d5580000)
  object space 1398272K, 2% used [0x0000000080000000,0x00000000821de990,0x00000000d5580000)
 Metaspace       used 68001K, capacity 71638K, committed 71808K, reserved 1112064K
  class space    used 7673K, capacity 8307K, committed 8320K, reserved 1048576K
GC Heap History (10 events):
Event: 12.800 GC heap before
{Heap before GC invocations=6 (full 2):
 PSYoungGen      total 611840K, used 147938K [0x00000000d5580000, 0x0000000100000000, 0x0000000100000000)
  eden space 524800K, 23% used [0x00000000d5580000,0x00000000dccd3400,0x00000000f5600000)
  from space 87040K, 29% used [0x00000000f5600000,0x00000000f6f25740,0x00000000fab00000)
  to   space 87040K, 0% used [0x00000000fab00000,0x00000000fab00000,0x0000000100000000)
 ParOldGen       total 1398272K, used 23632K [0x0000000080000000, 0x00000000d5580000, 0x00000000d5580000)
  object space 1398272K, 1% used [0x0000000080000000,0x0000000081714210,0x00000000d5580000)
 Metaspace       used 57409K, capacity 58852K, committed 59008K, reserved 1101824K
  class space    used 6647K, capacity 6954K, committed 7040K, reserved 1048576K
Event: 12.825 GC heap after
Heap after GC invocations=6 (full 2):
 PSYoungGen      total 611840K, used 17766K [0x00000000d5580000, 0x0000000100000000, 0x0000000100000000)
  eden space 524800K, 0% used [0x00000000d5580000,0x00000000d5580000,0x00000000f5600000)
  from space 87040K, 20% used [0x00000000fab00000,0x00000000fbc59828,0x0000000100000000)
  to   space 87040K, 0% used [0x00000000f5600000,0x00000000f5600000,0x00000000fab00000)
 ParOldGen       total 1398272K, used 23640K [0x0000000080000000, 0x00000000d5580000, 0x00000000d5580000)
  object space 1398272K, 1% used [0x0000000080000000,0x0000000081716210,0x00000000d5580000)
 Metaspace       used 57409K, capacity 58852K, committed 59008K, reserved 1101824K
  class space    used 6647K, capacity 6954K, committed 7040K, reserved 1048576K
}
Event: 12.825 GC heap before
{Heap before GC invocations=7 (full 3):
 PSYoungGen      total 611840K, used 17766K [0x00000000d5580000, 0x0000000100000000, 0x0000000100000000)
  eden space 524800K, 0% used [0x00000000d5580000,0x00000000d5580000,0x00000000f5600000)
  from space 87040K, 20% used [0x00000000fab00000,0x00000000fbc59828,0x0000000100000000)
  to   space 87040K, 0% used [0x00000000f5600000,0x00000000f5600000,0x00000000fab00000)
 ParOldGen       total 1398272K, used 23640K [0x0000000080000000, 0x00000000d5580000, 0x00000000d5580000)
  object space 1398272K, 1% used [0x0000000080000000,0x0000000081716210,0x00000000d5580000)
 Metaspace       used 57409K, capacity 58852K, committed 59008K, reserved 1101824K
  class space    used 6647K, capacity 6954K, committed 7040K, reserved 1048576K
Event: 13.057 GC heap after
Heap after GC invocations=7 (full 3):
 PSYoungGen      total 611840K, used 0K [0x00000000d5580000, 0x0000000100000000, 0x0000000100000000)
  eden space 524800K, 0% used [0x00000000d5580000,0x00000000d5580000,0x00000000f5600000)
  from space 87040K, 0% used [0x00000000fab00000,0x00000000fab00000,0x0000000100000000)
  to   space 87040K, 0% used [0x00000000f5600000,0x00000000f5600000,0x00000000fab00000)
 ParOldGen       total 1398272K, used 29403K [0x0000000080000000, 0x00000000d5580000, 0x00000000d5580000)
  object space 1398272K, 2% used [0x0000000080000000,0x0000000081cb6f78,0x00000000d5580000)
 Metaspace       used 57378K, capacity 58776K, committed 59008K, reserved 1101824K
  class space    used 6636K, capacity 6934K, committed 7040K, reserved 1048576K
}
Event: 23.079 GC heap before
{Heap before GC invocations=8 (full 3):
 PSYoungGen      total 611840K, used 524800K [0x00000000d5580000, 0x0000000100000000, 0x0000000100000000)
  eden space 524800K, 100% used [0x00000000d5580000,0x00000000f5600000,0x00000000f5600000)
  from space 87040K, 0% used [0x00000000fab00000,0x00000000fab00000,0x0000000100000000)
  to   space 87040K, 0% used [0x00000000f5600000,0x00000000f5600000,0x00000000fab00000)
 ParOldGen       total 1398272K, used 29403K [0x0000000080000000, 0x00000000d5580000, 0x00000000d5580000)
  object space 1398272K, 2% used [0x0000000080000000,0x0000000081cb6f78,0x00000000d5580000)
 Metaspace       used 64892K, capacity 68020K, committed 68224K, reserved 1110016K
  class space    used 7486K, capacity 8016K, committed 8064K, reserved 1048576K
Event: 23.193 GC heap after
Heap after GC invocations=8 (full 3):
 PSYoungGen      total 611840K, used 87022K [0x00000000d5580000, 0x00000000fe900000, 0x0000000100000000)
  eden space 524800K, 0% used [0x00000000d5580000,0x00000000d5580000,0x00000000f5600000)
  from space 87040K, 99% used [0x00000000f5600000,0x00000000faafb8f0,0x00000000fab00000)
  to   space 63488K, 0% used [0x00000000fab00000,0x00000000fab00000,0x00000000fe900000)
 ParOldGen       total 1398272K, used 34674K [0x0000000080000000, 0x00000000d5580000, 0x00000000d5580000)
  object space 1398272K, 2% used [0x0000000080000000,0x00000000821dc990,0x00000000d5580000)
 Metaspace       used 64892K, capacity 68020K, committed 68224K, reserved 1110016K
  class space    used 7486K, capacity 8016K, committed 8064K, reserved 1048576K
}
Event: 32.974 GC heap before
{Heap before GC invocations=9 (full 3):
 PSYoungGen      total 611840K, used 611822K [0x00000000d5580000, 0x00000000fe900000, 0x0000000100000000)
  eden space 524800K, 100% used [0x00000000d5580000,0x00000000f5600000,0x00000000f5600000)
  from space 87040K, 99% used [0x00000000f5600000,0x00000000faafb8f0,0x00000000fab00000)
  to   space 63488K, 0% used [0x00000000fab00000,0x00000000fab00000,0x00000000fe900000)
 ParOldGen       total 1398272K, used 34674K [0x0000000080000000, 0x00000000d5580000, 0x00000000d5580000)
  object space 1398272K, 2% used [0x0000000080000000,0x00000000821dc990,0x00000000d5580000)
 Metaspace       used 66489K, capacity 69928K, committed 70272K, reserved 1112064K
  class space    used 7620K, capacity 8228K, committed 8320K, reserved 1048576K
Event: 33.050 GC heap after
Heap after GC invocations=9 (full 3):
 PSYoungGen      total 597504K, used 50624K [0x00000000d5580000, 0x0000000100000000, 0x0000000100000000)
  eden space 534016K, 0% used [0x00000000d5580000,0x00000000d5580000,0x00000000f5f00000)
  from space 63488K, 79% used [0x00000000fab00000,0x00000000fdc70360,0x00000000fe900000)
  to   space 77824K, 0% used [0x00000000f5f00000,0x00000000f5f00000,0x00000000fab00000)
 ParOldGen       total 1398272K, used 34682K [0x0000000080000000, 0x00000000d5580000, 0x00000000d5580000)
  object space 1398272K, 2% used [0x0000000080000000,0x00000000821de990,0x00000000d5580000)
 Metaspace       used 66489K, capacity 69928K, committed 70272K, reserved 1112064K
  class space    used 7620K, capacity 8228K, committed 8320K, reserved 1048576K
}
Event: 73.856 GC heap before
{Heap before GC invocations=10 (full 3):
 PSYoungGen      total 597504K, used 584019K [0x00000000d5580000, 0x0000000100000000, 0x0000000100000000)
  eden space 534016K, 99% used [0x00000000d5580000,0x00000000f5e64a70,0x00000000f5f00000)
  from space 63488K, 79% used [0x00000000fab00000,0x00000000fdc70360,0x00000000fe900000)
  to   space 77824K, 0% used [0x00000000f5f00000,0x00000000f5f00000,0x00000000fab00000)
 ParOldGen       total 1398272K, used 34682K [0x0000000080000000, 0x00000000d5580000, 0x00000000d5580000)
  object space 1398272K, 2% used [0x0000000080000000,0x00000000821de990,0x00000000d5580000)
 Metaspace       used 67681K, capacity 71324K, committed 71552K, reserved 1112064K
  class space    used 7661K, capacity 8304K, committed 8320K, reserved 1048576K
Event: 73.984 GC heap after
Heap after GC invocations=10 (full 3):
 PSYoungGen      total 606208K, used 72045K [0x00000000d5580000, 0x0000000100000000, 0x0000000100000000)
  eden space 534016K, 0% used [0x00000000d5580000,0x00000000d5580000,0x00000000f5f00000)
  from space 72192K, 99% used [0x00000000f5f00000,0x00000000fa55b460,0x00000000fa580000)
  to   space 90112K, 0% used [0x00000000fa800000,0x00000000fa800000,0x0000000100000000)
 ParOldGen       total 1398272K, used 34682K [0x0000000080000000, 0x00000000d5580000, 0x00000000d5580000)
  object space 1398272K, 2% used [0x0000000080000000,0x00000000821de990,0x00000000d5580000)
 Metaspace       used 67681K, capacity 71324K, committed 71552K, reserved 1112064K
  class space    used 7661K, capacity 8304K, committed 8320K, reserved 1048576K
}

