# JRE version: OpenJDK Runtime Environment (8.0_212-b04) (build 1.8.0_212-b04)
# Java VM: OpenJDK 64-Bit Server VM (25.212-b04 mixed mode linux-amd64 compressed oops)
Heap:
 PSYoungGen      total 581632K, used 193243K [0x00000000d5580000, 0x0000000100000000, 0x0000000100000000)
  eden space 549888K, 35% used [0x00000000d5580000,0x00000000e1236dc0,0x00000000f6e80000)
  from space 31744K, 0% used [0x00000000f6e80000,0x00000000f6e80000,0x00000000f8d80000)
  to   space 117248K, 0% used [0x00000000f8d80000,0x00000000f8d80000,0x0000000100000000)
 ParOldGen       total 1398272K, used 277689K [0x0000000080000000, 0x00000000d5580000, 0x00000000d5580000)
  object space 1398272K, 19% used [0x0000000080000000,0x0000000090f2e4e0,0x00000000d5580000)
 Metaspace       used 65967K, capacity 68560K, committed 68864K, reserved 1110016K
  class space    used 7417K, capacity 7884K, committed 7936K, reserved 1048576K
GC Heap History (10 events):
Event: 20.394 GC heap before
{Heap before GC invocations=8 (full 3):
 PSYoungGen      total 611840K, used 352922K [0x00000000d5580000, 0x0000000100000000, 0x0000000100000000)
  eden space 524800K, 67% used [0x00000000d5580000,0x00000000eae26bb8,0x00000000f5600000)
  from space 87040K, 0% used [0x00000000fab00000,0x00000000fab00000,0x0000000100000000)
  to   space 87040K, 0% used [0x00000000f5600000,0x00000000f5600000,0x00000000fab00000)
 ParOldGen       total 1398272K, used 41563K [0x0000000080000000, 0x00000000d5580000, 0x00000000d5580000)
  object space 1398272K, 2% used [0x0000000080000000,0x0000000082896d30,0x00000000d5580000)
 Metaspace       used 59935K, capacity 61852K, committed 62080K, reserved 1103872K
  class space    used 6945K, capacity 7292K, committed 7296K, reserved 1048576K
Event: 20.659 GC heap after
Heap after GC invocations=8 (full 3):
 PSYoungGen      total 535040K, used 10238K [0x00000000d5580000, 0x00000000fab80000, 0x0000000100000000)
  eden space 524800K, 0% used [0x00000000d5580000,0x00000000d5580000,0x00000000f5600000)
  from space 10240K, 99% used [0x00000000f5600000,0x00000000f5fff8f8,0x00000000f6000000)
  to   space 30720K, 0% used [0x00000000f8d80000,0x00000000f8d80000,0x00000000fab80000)
 ParOldGen       total 1398272K, used 451171K [0x0000000080000000, 0x00000000d5580000, 0x00000000d5580000)
  object space 1398272K, 32% used [0x0000000080000000,0x000000009b898d50,0x00000000d5580000)
 Metaspace       used 59935K, capacity 61852K, committed 62080K, reserved 1103872K
  class space    used 6945K, capacity 7292K, committed 7296K, reserved 1048576K
}
Event: 21.002 GC heap before
{Heap before GC invocations=9 (full 3):
 PSYoungGen      total 535040K, used 535038K [0x00000000d5580000, 0x00000000fab80000, 0x0000000100000000)
  eden space 524800K, 100% used [0x00000000d5580000,0x00000000f5600000,0x00000000f5600000)
  from space 10240K, 99% used [0x00000000f5600000,0x00000000f5fff8f8,0x00000000f6000000)
  to   space 30720K, 0% used [0x00000000f8d80000,0x00000000f8d80000,0x00000000fab80000)
 ParOldGen       total 1398272K, used 451171K [0x0000000080000000, 0x00000000d5580000, 0x00000000d5580000)
  object space 1398272K, 32% used [0x0000000080000000,0x000000009b898d50,0x00000000d5580000)
 Metaspace       used 59936K, capacity 61852K, committed 62080K, reserved 1103872K
  class space    used 6945K, capacity 7292K, committed 7296K, reserved 1048576K
Event: 21.458 GC heap after
Heap after GC invocations=9 (full 3):
 PSYoungGen      total 580608K, used 6864K [0x00000000d5580000, 0x0000000100000000, 0x0000000100000000)
  eden space 549888K, 0% used [0x00000000d5580000,0x00000000d5580000,0x00000000f6e80000)
  from space 30720K, 22% used [0x00000000f8d80000,0x00000000f9434210,0x00000000fab80000)
  to   space 31744K, 0% used [0x00000000f6e80000,0x00000000f6e80000,0x00000000f8d80000)
 ParOldGen       total 1398272K, used 963171K [0x0000000080000000, 0x00000000d5580000, 0x00000000d5580000)
  object space 1398272K, 68% used [0x0000000080000000,0x00000000bac98d70,0x00000000d5580000)
 Metaspace       used 59936K, capacity 61852K, committed 62080K, reserved 1103872K
  class space    used 6945K, capacity 7292K, committed 7296K, reserved 1048576K
}
Event: 21.458 GC heap before
{Heap before GC invocations=10 (full 4):
 PSYoungGen      total 580608K, used 6864K [0x00000000d5580000, 0x0000000100000000, 0x0000000100000000)
  eden space 549888K, 0% used [0x00000000d5580000,0x00000000d5580000,0x00000000f6e80000)
  from space 30720K, 22% used [0x00000000f8d80000,0x00000000f9434210,0x00000000fab80000)
  to   space 31744K, 0% used [0x00000000f6e80000,0x00000000f6e80000,0x00000000f8d80000)
 ParOldGen       total 1398272K, used 963171K [0x0000000080000000, 0x00000000d5580000, 0x00000000d5580000)
  object space 1398272K, 68% used [0x0000000080000000,0x00000000bac98d70,0x00000000d5580000)
 Metaspace       used 59936K, capacity 61852K, committed 62080K, reserved 1103872K
  class space    used 6945K, capacity 7292K, committed 7296K, reserved 1048576K
Event: 21.744 GC heap after
Heap after GC invocations=10 (full 4):
 PSYoungGen      total 580608K, used 0K [0x00000000d5580000, 0x0000000100000000, 0x0000000100000000)
  eden space 549888K, 0% used [0x00000000d5580000,0x00000000d5580000,0x00000000f6e80000)
  from space 30720K, 0% used [0x00000000f8d80000,0x00000000f8d80000,0x00000000fab80000)
  to   space 31744K, 0% used [0x00000000f6e80000,0x00000000f6e80000,0x00000000f8d80000)
 ParOldGen       total 1398272K, used 546573K [0x0000000080000000, 0x00000000d5580000, 0x00000000d5580000)
  object space 1398272K, 39% used [0x0000000080000000,0x00000000a15c3660,0x00000000d5580000)
 Metaspace       used 59857K, capacity 61636K, committed 62080K, reserved 1103872K
  class space    used 6918K, capacity 7242K, committed 7296K, reserved 1048576K
}
Event: 26.109 GC heap before
{Heap before GC invocations=11 (full 4):
 PSYoungGen      total 580608K, used 549653K [0x00000000d5580000, 0x0000000100000000, 0x0000000100000000)
  eden space 549888K, 99% used [0x00000000d5580000,0x00000000f6e455a0,0x00000000f6e80000)
  from space 30720K, 0% used [0x00000000f8d80000,0x00000000f8d80000,0x00000000fab80000)
  to   space 31744K, 0% used [0x00000000f6e80000,0x00000000f6e80000,0x00000000f8d80000)
 ParOldGen       total 1398272K, used 546573K [0x0000000080000000, 0x00000000d5580000, 0x00000000d5580000)
  object space 1398272K, 39% used [0x0000000080000000,0x00000000a15c3660,0x00000000d5580000)
 Metaspace       used 65394K, capacity 67896K, committed 68096K, reserved 1110016K
  class space    used 7394K, capacity 7842K, committed 7936K, reserved 1048576K
Event: 26.241 GC heap after
Heap after GC invocations=11 (full 4):
 PSYoungGen      total 581632K, used 31721K [0x00000000d5580000, 0x0000000100000000, 0x0000000100000000)
  eden space 549888K, 0% used [0x00000000d5580000,0x00000000d5580000,0x00000000f6e80000)
  from space 31744K, 99% used [0x00000000f6e80000,0x00000000f8d7a678,0x00000000f8d80000)
  to   space 117248K, 0% used [0x00000000f8d80000,0x00000000f8d80000,0x0000000100000000)
 ParOldGen       total 1398272K, used 873708K [0x0000000080000000, 0x00000000d5580000, 0x00000000d5580000)
  object space 1398272K, 62% used [0x0000000080000000,0x00000000b553b018,0x00000000d5580000)
 Metaspace       used 65394K, capacity 67896K, committed 68096K, reserved 1110016K
  class space    used 7394K, capacity 7842K, committed 7936K, reserved 1048576K
}
Event: 26.241 GC heap before
{Heap before GC invocations=12 (full 5):
 PSYoungGen      total 581632K, used 31721K [0x00000000d5580000, 0x0000000100000000, 0x0000000100000000)
  eden space 549888K, 0% used [0x00000000d5580000,0x00000000d5580000,0x00000000f6e80000)
  from space 31744K, 99% used [0x00000000f6e80000,0x00000000f8d7a678,0x00000000f8d80000)
  to   space 117248K, 0% used [0x00000000f8d80000,0x00000000f8d80000,0x0000000100000000)
 ParOldGen       total 1398272K, used 873708K [0x0000000080000000, 0x00000000d5580000, 0x00000000d5580000)
  object space 1398272K, 62% used [0x0000000080000000,0x00000000b553b018,0x00000000d5580000)
 Metaspace       used 65394K, capacity 67896K, committed 68096K, reserved 1110016K
  class space    used 7394K, capacity 7842K, committed 7936K, reserved 1048576K
Event: 26.540 GC heap after
Heap after GC invocations=12 (full 5):
 PSYoungGen      total 581632K, used 0K [0x00000000d5580000, 0x0000000100000000, 0x0000000100000000)
  eden space 549888K, 0% used [0x00000000d5580000,0x00000000d5580000,0x00000000f6e80000)
  from space 31744K, 0% used [0x00000000f6e80000,0x00000000f6e80000,0x00000000f8d80000)
  to   space 117248K, 0% used [0x00000000f8d80000,0x00000000f8d80000,0x0000000100000000)
 ParOldGen       total 1398272K, used 277689K [0x0000000080000000, 0x00000000d5580000, 0x00000000d5580000)
  object space 1398272K, 19% used [0x0000000080000000,0x0000000090f2e4e0,0x00000000d5580000)
 Metaspace       used 65359K, capacity 67818K, committed 68096K, reserved 1110016K
  class space    used 7387K, capacity 7829K, committed 7936K, reserved 1048576K
}

