# JRE version: OpenJDK Runtime Environment (8.0_212-b04) (build 1.8.0_212-b04)
# Java VM: OpenJDK 64-Bit Server VM (25.212-b04 mixed mode linux-amd64 compressed oops)
Heap:
 PSYoungGen      total 611840K, used 303266K [0x00000000d5580000, 0x0000000100000000, 0x0000000100000000)
  eden space 524800K, 57% used [0x00000000d5580000,0x00000000e7da8ac0,0x00000000f5600000)
  from space 87040K, 0% used [0x00000000fab00000,0x00000000fab00000,0x0000000100000000)
  to   space 87040K, 0% used [0x00000000f5600000,0x00000000f5600000,0x00000000fab00000)
 ParOldGen       total 1398272K, used 27312K [0x0000000080000000, 0x00000000d5580000, 0x00000000d5580000)
  object space 1398272K, 1% used [0x0000000080000000,0x0000000081aac278,0x00000000d5580000)
 Metaspace       used 65028K, capacity 67846K, committed 67968K, reserved 1110016K
  class space    used 7518K, capacity 8023K, committed 8064K, reserved 1048576K
GC Heap History (10 events):
Event: 5.080 GC heap before
{Heap before GC invocations=3 (full 1):
 PSYoungGen      total 611840K, used 481485K [0x00000000d5580000, 0x0000000100000000, 0x0000000100000000)
  eden space 524800K, 91% used [0x00000000d5580000,0x00000000f2bb3660,0x00000000f5600000)
  from space 87040K, 0% used [0x00000000f5600000,0x00000000f5600000,0x00000000fab00000)
  to   space 87040K, 0% used [0x00000000fab00000,0x00000000fab00000,0x0000000100000000)
 ParOldGen       total 856576K, used 14247K [0x0000000080000000, 0x00000000b4480000, 0x00000000d5580000)
  object space 856576K, 1% used [0x0000000080000000,0x0000000080de9fd0,0x00000000b4480000)
 Metaspace       used 34766K, capacity 35124K, committed 35416K, reserved 1081344K
  class space    used 3970K, capacity 4092K, committed 4096K, reserved 1048576K
Event: 5.123 GC heap after
Heap after GC invocations=3 (full 1):
 PSYoungGen      total 611840K, used 19352K [0x00000000d5580000, 0x0000000100000000, 0x0000000100000000)
  eden space 524800K, 0% used [0x00000000d5580000,0x00000000d5580000,0x00000000f5600000)
  from space 87040K, 22% used [0x00000000fab00000,0x00000000fbde6290,0x0000000100000000)
  to   space 87040K, 0% used [0x00000000f5600000,0x00000000f5600000,0x00000000fab00000)
 ParOldGen       total 856576K, used 14247K [0x0000000080000000, 0x00000000b4480000, 0x00000000d5580000)
  object space 856576K, 1% used [0x0000000080000000,0x0000000080de9fd0,0x00000000b4480000)
 Metaspace       used 34766K, capacity 35124K, committed 35416K, reserved 1081344K
  class space    used 3970K, capacity 4092K, committed 4096K, reserved 1048576K
}
Event: 5.123 GC heap before
{Heap before GC invocations=4 (full 2):
 PSYoungGen      total 611840K, used 19352K [0x00000000d5580000, 0x0000000100000000, 0x0000000100000000)
  eden space 524800K, 0% used [0x00000000d5580000,0x00000000d5580000,0x00000000f5600000)
  from space 87040K, 22% used [0x00000000fab00000,0x00000000fbde6290,0x0000000100000000)
  to   space 87040K, 0% used [0x00000000f5600000,0x00000000f5600000,0x00000000fab00000)
 ParOldGen       total 856576K, used 14247K [0x0000000080000000, 0x00000000b4480000, 0x00000000d5580000)
  object space 856576K, 1% used [0x0000000080000000,0x0000000080de9fd0,0x00000000b4480000)
 Metaspace       used 34766K, capacity 35124K, committed 35416K, reserved 1081344K
  class space    used 3970K, capacity 4092K, committed 4096K, reserved 1048576K
Event: 5.252 GC heap after
Heap after GC invocations=4 (full 2):
 PSYoungGen      total 611840K, used 0K [0x00000000d5580000, 0x0000000100000000, 0x0000000100000000)
  eden space 524800K, 0% used [0x00000000d5580000,0x00000000d5580000,0x00000000f5600000)
  from space 87040K, 0% used [0x00000000fab00000,0x00000000fab00000,0x0000000100000000)
  to   space 87040K, 0% used [0x00000000f5600000,0x00000000f5600000,0x00000000fab00000)
 ParOldGen       total 1398272K, used 23939K [0x0000000080000000, 0x00000000d5580000, 0x00000000d5580000)
  object space 1398272K, 1% used [0x0000000080000000,0x0000000081760df0,0x00000000d5580000)
 Metaspace       used 34766K, capacity 35124K, committed 35416K, reserved 1081344K
  class space    used 3970K, capacity 4092K, committed 4096K, reserved 1048576K
}
Event: 11.990 GC heap before
{Heap before GC invocations=5 (full 2):
 PSYoungGen      total 611840K, used 524800K [0x00000000d5580000, 0x0000000100000000, 0x0000000100000000)
  eden space 524800K, 100% used [0x00000000d5580000,0x00000000f5600000,0x00000000f5600000)
  from space 87040K, 0% used [0x00000000fab00000,0x00000000fab00000,0x0000000100000000)
  to   space 87040K, 0% used [0x00000000f5600000,0x00000000f5600000,0x00000000fab00000)
 ParOldGen       total 1398272K, used 23939K [0x0000000080000000, 0x00000000d5580000, 0x00000000d5580000)
  object space 1398272K, 1% used [0x0000000080000000,0x0000000081760df0,0x00000000d5580000)
 Metaspace       used 54212K, capacity 55538K, committed 55808K, reserved 1097728K
  class space    used 6329K, capacity 6589K, committed 6656K, reserved 1048576K
Event: 12.058 GC heap after
Heap after GC invocations=5 (full 2):
 PSYoungGen      total 611840K, used 28242K [0x00000000d5580000, 0x0000000100000000, 0x0000000100000000)
  eden space 524800K, 0% used [0x00000000d5580000,0x00000000d5580000,0x00000000f5600000)
  from space 87040K, 32% used [0x00000000f5600000,0x00000000f71949a0,0x00000000fab00000)
  to   space 87040K, 0% used [0x00000000fab00000,0x00000000fab00000,0x0000000100000000)
 ParOldGen       total 1398272K, used 23947K [0x0000000080000000, 0x00000000d5580000, 0x00000000d5580000)
  object space 1398272K, 1% used [0x0000000080000000,0x0000000081762df0,0x00000000d5580000)
 Metaspace       used 54212K, capacity 55538K, committed 55808K, reserved 1097728K
  class space    used 6329K, capacity 6589K, committed 6656K, reserved 1048576K
}
Event: 12.493 GC heap before
{Heap before GC invocations=6 (full 2):
 PSYoungGen      total 611840K, used 157430K [0x00000000d5580000, 0x0000000100000000, 0x0000000100000000)
  eden space 524800K, 24% used [0x00000000d5580000,0x00000000dd3a9050,0x00000000f5600000)
  from space 87040K, 32% used [0x00000000f5600000,0x00000000f71949a0,0x00000000fab00000)
  to   space 87040K, 0% used [0x00000000fab00000,0x00000000fab00000,0x0000000100000000)
 ParOldGen       total 1398272K, used 23947K [0x0000000080000000, 0x00000000d5580000, 0x00000000d5580000)
  object space 1398272K, 1% used [0x0000000080000000,0x0000000081762df0,0x00000000d5580000)
 Metaspace       used 57336K, capacity 58728K, committed 59008K, reserved 1101824K
  class space    used 6650K, capacity 6922K, committed 7040K, reserved 1048576K
Event: 12.522 GC heap after
Heap after GC invocations=6 (full 2):
 PSYoungGen      total 611840K, used 15261K [0x00000000d5580000, 0x0000000100000000, 0x0000000100000000)
  eden space 524800K, 0% used [0x00000000d5580000,0x00000000d5580000,0x00000000f5600000)
  from space 87040K, 17% used [0x00000000fab00000,0x00000000fb9e7468,0x0000000100000000)
  to   space 87040K, 0% used [0x00000000f5600000,0x00000000f5600000,0x00000000fab00000)
 ParOldGen       total 1398272K, used 23947K [0x0000000080000000, 0x00000000d5580000, 0x00000000d5580000)
  object space 1398272K, 1% used [0x0000000080000000,0x0000000081762df0,0x00000000d5580000)
 Metaspace       used 57336K, capacity 58728K, committed 59008K, reserved 1101824K
  class space    used 6650K, capacity 6922K, committed 7040K, reserved 1048576K
}
Event: 12.522 GC heap before
{Heap before GC invocations=7 (full 3):
 PSYoungGen      total 611840K, used 15261K [0x00000000d5580000, 0x0000000100000000, 0x0000000100000000)
  eden space 524800K, 0% used [0x00000000d5580000,0x00000000d5580000,0x00000000f5600000)
  from space 87040K, 17% used [0x00000000fab00000,0x00000000fb9e7468,0x0000000100000000)
  to   space 87040K, 0% used [0x00000000f5600000,0x00000000f5600000,0x00000000fab00000)
 ParOldGen       total 1398272K, used 23947K [0x0000000080000000, 0x00000000d5580000, 0x00000000d5580000)
  object space 1398272K, 1% used [0x0000000080000000,0x0000000081762df0,0x00000000d5580000)
 Metaspace       used 57336K, capacity 58728K, committed 59008K, reserved 1101824K
  class space    used 6650K, capacity 6922K, committed 7040K, reserved 1048576K
Event: 12.786 GC heap after
Heap after GC invocations=7 (full 3):
 PSYoungGen      total 611840K, used 0K [0x00000000d5580000, 0x0000000100000000, 0x0000000100000000)
  eden space 524800K, 0% used [0x00000000d5580000,0x00000000d5580000,0x00000000f5600000)
  from space 87040K, 0% used [0x00000000fab00000,0x00000000fab00000,0x0000000100000000)
  to   space 87040K, 0% used [0x00000000f5600000,0x00000000f5600000,0x00000000fab00000)
 ParOldGen       total 1398272K, used 27312K [0x0000000080000000, 0x00000000d5580000, 0x00000000d5580000)
  object space 1398272K, 1% used [0x0000000080000000,0x0000000081aac278,0x00000000d5580000)
 Metaspace       used 57319K, capacity 58686K, committed 59008K, reserved 1101824K
  class space    used 6643K, capacity 6911K, committed 7040K, reserved 1048576K
}

