# JRE version: OpenJDK Runtime Environment (8.0_212-b04) (build 1.8.0_212-b04)
# Java VM: OpenJDK 64-Bit Server VM (25.212-b04 mixed mode linux-amd64 compressed oops)
Heap:
 PSYoungGen      total 611840K, used 157425K [0x00000000d5580000, 0x0000000100000000, 0x0000000100000000)
  eden space 524800K, 29% used [0x00000000d5580000,0x00000000def3c7f8,0x00000000f5600000)
  from space 87040K, 0% used [0x00000000f5600000,0x00000000f5600000,0x00000000fab00000)
  to   space 87040K, 0% used [0x00000000fab00000,0x00000000fab00000,0x0000000100000000)
 ParOldGen       total 897024K, used 14455K [0x0000000080000000, 0x00000000b6c00000, 0x00000000d5580000)
  object space 897024K, 1% used [0x0000000080000000,0x0000000080e1dd08,0x00000000b6c00000)
 Metaspace       used 31462K, capacity 31750K, committed 32128K, reserved 1077248K
  class space    used 3842K, capacity 3948K, committed 3968K, reserved 1048576K
GC Heap History (4 events):
Event: 2.410 GC heap before
{Heap before GC invocations=1 (full 0):
 PSYoungGen      total 611840K, used 293899K [0x00000000d5580000, 0x0000000100000000, 0x0000000100000000)
  eden space 524800K, 56% used [0x00000000d5580000,0x00000000e7482d70,0x00000000f5600000)
  from space 87040K, 0% used [0x00000000fab00000,0x00000000fab00000,0x0000000100000000)
  to   space 87040K, 0% used [0x00000000f5600000,0x00000000f5600000,0x00000000fab00000)
 ParOldGen       total 1398272K, used 0K [0x0000000080000000, 0x00000000d5580000, 0x00000000d5580000)
  object space 1398272K, 0% used [0x0000000080000000,0x0000000080000000,0x00000000d5580000)
 Metaspace       used 20905K, capacity 21100K, committed 21296K, reserved 1069056K
  class space    used 2598K, capacity 2673K, committed 2688K, reserved 1048576K
Event: 2.443 GC heap after
Heap after GC invocations=1 (full 0):
 PSYoungGen      total 611840K, used 15175K [0x00000000d5580000, 0x0000000100000000, 0x0000000100000000)
  eden space 524800K, 0% used [0x00000000d5580000,0x00000000d5580000,0x00000000f5600000)
  from space 87040K, 17% used [0x00000000f5600000,0x00000000f64d1f78,0x00000000fab00000)
  to   space 87040K, 0% used [0x00000000fab00000,0x00000000fab00000,0x0000000100000000)
 ParOldGen       total 1398272K, used 16K [0x0000000080000000, 0x00000000d5580000, 0x00000000d5580000)
  object space 1398272K, 0% used [0x0000000080000000,0x0000000080004000,0x00000000d5580000)
 Metaspace       used 20905K, capacity 21100K, committed 21296K, reserved 1069056K
  class space    used 2598K, capacity 2673K, committed 2688K, reserved 1048576K
}
Event: 2.444 GC heap before
{Heap before GC invocations=2 (full 1):
 PSYoungGen      total 611840K, used 15175K [0x00000000d5580000, 0x0000000100000000, 0x0000000100000000)
  eden space 524800K, 0% used [0x00000000d5580000,0x00000000d5580000,0x00000000f5600000)
  from space 87040K, 17% used [0x00000000f5600000,0x00000000f64d1f78,0x00000000fab00000)
  to   space 87040K, 0% used [0x00000000fab00000,0x00000000fab00000,0x0000000100000000)
 ParOldGen       total 1398272K, used 16K [0x0000000080000000, 0x00000000d5580000, 0x00000000d5580000)
  object space 1398272K, 0% used [0x0000000080000000,0x0000000080004000,0x00000000d5580000)
 Metaspace       used 20905K, capacity 21100K, committed 21296K, reserved 1069056K
  class space    used 2598K, capacity 2673K, committed 2688K, reserved 1048576K
Event: 2.515 GC heap after
Heap after GC invocations=2 (full 1):
 PSYoungGen      total 611840K, used 0K [0x00000000d5580000, 0x0000000100000000, 0x0000000100000000)
  eden space 524800K, 0% used [0x00000000d5580000,0x00000000d5580000,0x00000000f5600000)
  from space 87040K, 0% used [0x00000000f5600000,0x00000000f5600000,0x00000000fab00000)
  to   space 87040K, 0% used [0x00000000fab00000,0x00000000fab00000,0x0000000100000000)
 ParOldGen       total 897024K, used 14455K [0x0000000080000000, 0x00000000b6c00000, 0x00000000d5580000)
  object space 897024K, 1% used [0x0000000080000000,0x0000000080e1dd08,0x00000000b6c00000)
 Metaspace       used 20901K, capacity 21094K, committed 21296K, reserved 1069056K
  class space    used 2597K, capacity 2672K, committed 2688K, reserved 1048576K
}

