# JRE version: OpenJDK Runtime Environment (8.0_212-b04) (build 1.8.0_212-b04)
# Java VM: OpenJDK 64-Bit Server VM (25.212-b04 mixed mode linux-amd64 compressed oops)
Heap:
 PSYoungGen      total 611840K, used 212547K [0x00000000d5580000, 0x0000000100000000, 0x0000000100000000)
  eden space 524800K, 40% used [0x00000000d5580000,0x00000000e2510d28,0x00000000f5600000)
  from space 87040K, 0% used [0x00000000f5600000,0x00000000f5600000,0x00000000fab00000)
  to   space 87040K, 0% used [0x00000000fab00000,0x00000000fab00000,0x0000000100000000)
 ParOldGen       total 537088K, used 12000K [0x0000000080000000, 0x00000000a0c80000, 0x00000000d5580000)
  object space 537088K, 2% used [0x0000000080000000,0x0000000080bb8278,0x00000000a0c80000)
 Metaspace       used 27378K, capacity 27674K, committed 28160K, reserved 1075200K
  class space    used 3122K, capacity 3208K, committed 3328K, reserved 1048576K
GC Heap History (4 events):
Event: 16.623 GC heap before
{Heap before GC invocations=1 (full 0):
 PSYoungGen      total 611840K, used 199425K [0x00000000d5580000, 0x0000000100000000, 0x0000000100000000)
  eden space 524800K, 38% used [0x00000000d5580000,0x00000000e1840750,0x00000000f5600000)
  from space 87040K, 0% used [0x00000000fab00000,0x00000000fab00000,0x0000000100000000)
  to   space 87040K, 0% used [0x00000000f5600000,0x00000000f5600000,0x00000000fab00000)
 ParOldGen       total 1398272K, used 0K [0x0000000080000000, 0x00000000d5580000, 0x00000000d5580000)
  object space 1398272K, 0% used [0x0000000080000000,0x0000000080000000,0x00000000d5580000)
 Metaspace       used 20792K, capacity 21016K, committed 21248K, reserved 1069056K
  class space    used 2362K, capacity 2475K, committed 2560K, reserved 1048576K
Event: 16.655 GC heap after
Heap after GC invocations=1 (full 0):
 PSYoungGen      total 611840K, used 12475K [0x00000000d5580000, 0x0000000100000000, 0x0000000100000000)
  eden space 524800K, 0% used [0x00000000d5580000,0x00000000d5580000,0x00000000f5600000)
  from space 87040K, 14% used [0x00000000f5600000,0x00000000f622ec50,0x00000000fab00000)
  to   space 87040K, 0% used [0x00000000fab00000,0x00000000fab00000,0x0000000100000000)
 ParOldGen       total 1398272K, used 80K [0x0000000080000000, 0x00000000d5580000, 0x00000000d5580000)
  object space 1398272K, 0% used [0x0000000080000000,0x0000000080014010,0x00000000d5580000)
 Metaspace       used 20792K, capacity 21016K, committed 21248K, reserved 1069056K
  class space    used 2362K, capacity 2475K, committed 2560K, reserved 1048576K
}
Event: 16.655 GC heap before
{Heap before GC invocations=2 (full 1):
 PSYoungGen      total 611840K, used 12475K [0x00000000d5580000, 0x0000000100000000, 0x0000000100000000)
  eden space 524800K, 0% used [0x00000000d5580000,0x00000000d5580000,0x00000000f5600000)
  from space 87040K, 14% used [0x00000000f5600000,0x00000000f622ec50,0x00000000fab00000)
  to   space 87040K, 0% used [0x00000000fab00000,0x00000000fab00000,0x0000000100000000)
 ParOldGen       total 1398272K, used 80K [0x0000000080000000, 0x00000000d5580000, 0x00000000d5580000)
  object space 1398272K, 0% used [0x0000000080000000,0x0000000080014010,0x00000000d5580000)
 Metaspace       used 20792K, capacity 21016K, committed 21248K, reserved 1069056K
  class space    used 2362K, capacity 2475K, committed 2560K, reserved 1048576K
Event: 16.729 GC heap after
Heap after GC invocations=2 (full 1):
 PSYoungGen      total 611840K, used 0K [0x00000000d5580000, 0x0000000100000000, 0x0000000100000000)
  eden space 524800K, 0% used [0x00000000d5580000,0x00000000d5580000,0x00000000f5600000)
  from space 87040K, 0% used [0x00000000f5600000,0x00000000f5600000,0x00000000fab00000)
  to   space 87040K, 0% used [0x00000000fab00000,0x00000000fab00000,0x0000000100000000)
 ParOldGen       total 537088K, used 12000K [0x0000000080000000, 0x00000000a0c80000, 0x00000000d5580000)
  object space 537088K, 2% used [0x0000000080000000,0x0000000080bb8278,0x00000000a0c80000)
 Metaspace       used 20792K, capacity 21016K, committed 21248K, reserved 1069056K
  class space    used 2362K, capacity 2475K, committed 2560K, reserved 1048576K
}

