# JRE version: OpenJDK Runtime Environment (8.0_212-b04) (build 1.8.0_212-b04)
# Java VM: OpenJDK 64-Bit Server VM (25.212-b04 mixed mode linux-amd64 compressed oops)
Heap:
 PSYoungGen      total 611840K, used 387185K [0x00000000d5580000, 0x0000000100000000, 0x0000000100000000)
  eden space 524800K, 71% used [0x00000000d5580000,0x00000000ec2f3ec8,0x00000000f5600000)
  from space 87040K, 14% used [0x00000000fab00000,0x00000000fb7bc728,0x0000000100000000)
  to   space 87040K, 0% used [0x00000000f5600000,0x00000000f5600000,0x00000000fab00000)
 ParOldGen       total 1398272K, used 39113K [0x0000000080000000, 0x00000000d5580000, 0x00000000d5580000)
  object space 1398272K, 2% used [0x0000000080000000,0x0000000082632478,0x00000000d5580000)
 Metaspace       used 66832K, capacity 69204K, committed 69504K, reserved 1112064K
  class space    used 7290K, capacity 7740K, committed 7808K, reserved 1048576K
GC Heap History (10 events):
Event: 4.569 GC heap before
{Heap before GC invocations=3 (full 1):
 PSYoungGen      total 611840K, used 437096K [0x00000000d5580000, 0x0000000100000000, 0x0000000100000000)
  eden space 524800K, 83% used [0x00000000d5580000,0x00000000f005a000,0x00000000f5600000)
  from space 87040K, 0% used [0x00000000f5600000,0x00000000f5600000,0x00000000fab00000)
  to   space 87040K, 0% used [0x00000000fab00000,0x00000000fab00000,0x0000000100000000)
 ParOldGen       total 884736K, used 13642K [0x0000000080000000, 0x00000000b6000000, 0x00000000d5580000)
  object space 884736K, 1% used [0x0000000080000000,0x0000000080d52a38,0x00000000b6000000)
 Metaspace       used 34777K, capacity 35188K, committed 35496K, reserved 1081344K
  class space    used 3975K, capacity 4092K, committed 4096K, reserved 1048576K
Event: 4.608 GC heap after
Heap after GC invocations=3 (full 1):
 PSYoungGen      total 611840K, used 19358K [0x00000000d5580000, 0x0000000100000000, 0x0000000100000000)
  eden space 524800K, 0% used [0x00000000d5580000,0x00000000d5580000,0x00000000f5600000)
  from space 87040K, 22% used [0x00000000fab00000,0x00000000fbde79f0,0x0000000100000000)
  to   space 87040K, 0% used [0x00000000f5600000,0x00000000f5600000,0x00000000fab00000)
 ParOldGen       total 884736K, used 13650K [0x0000000080000000, 0x00000000b6000000, 0x00000000d5580000)
  object space 884736K, 1% used [0x0000000080000000,0x0000000080d54a38,0x00000000b6000000)
 Metaspace       used 34777K, capacity 35188K, committed 35496K, reserved 1081344K
  class space    used 3975K, capacity 4092K, committed 4096K, reserved 1048576K
}
Event: 4.609 GC heap before
{Heap before GC invocations=4 (full 2):
 PSYoungGen      total 611840K, used 19358K [0x00000000d5580000, 0x0000000100000000, 0x0000000100000000)
  eden space 524800K, 0% used [0x00000000d5580000,0x00000000d5580000,0x00000000f5600000)
  from space 87040K, 22% used [0x00000000fab00000,0x00000000fbde79f0,0x0000000100000000)
  to   space 87040K, 0% used [0x00000000f5600000,0x00000000f5600000,0x00000000fab00000)
 ParOldGen       total 884736K, used 13650K [0x0000000080000000, 0x00000000b6000000, 0x00000000d5580000)
  object space 884736K, 1% used [0x0000000080000000,0x0000000080d54a38,0x00000000b6000000)
 Metaspace       used 34777K, capacity 35188K, committed 35496K, reserved 1081344K
  class space    used 3975K, capacity 4092K, committed 4096K, reserved 1048576K
Event: 4.698 GC heap after
Heap after GC invocations=4 (full 2):
 PSYoungGen      total 611840K, used 0K [0x00000000d5580000, 0x0000000100000000, 0x0000000100000000)
  eden space 524800K, 0% used [0x00000000d5580000,0x00000000d5580000,0x00000000f5600000)
  from space 87040K, 0% used [0x00000000fab00000,0x00000000fab00000,0x0000000100000000)
  to   space 87040K, 0% used [0x00000000f5600000,0x00000000f5600000,0x00000000fab00000)
 ParOldGen       total 1398272K, used 23578K [0x0000000080000000, 0x00000000d5580000, 0x00000000d5580000)
  object space 1398272K, 1% used [0x0000000080000000,0x0000000081706a18,0x00000000d5580000)
 Metaspace       used 34777K, capacity 35188K, committed 35496K, reserved 1081344K
  class space    used 3975K, capacity 4092K, committed 4096K, reserved 1048576K
}
Event: 22.417 GC heap before
{Heap before GC invocations=5 (full 2):
 PSYoungGen      total 611840K, used 442386K [0x00000000d5580000, 0x0000000100000000, 0x0000000100000000)
  eden space 524800K, 84% used [0x00000000d5580000,0x00000000f05849a0,0x00000000f5600000)
  from space 87040K, 0% used [0x00000000fab00000,0x00000000fab00000,0x0000000100000000)
  to   space 87040K, 0% used [0x00000000f5600000,0x00000000f5600000,0x00000000fab00000)
 ParOldGen       total 1398272K, used 23578K [0x0000000080000000, 0x00000000d5580000, 0x00000000d5580000)
  object space 1398272K, 1% used [0x0000000080000000,0x0000000081706a18,0x00000000d5580000)
 Metaspace       used 57536K, capacity 59060K, committed 59160K, reserved 1101824K
  class space    used 6707K, capacity 7014K, committed 7040K, reserved 1048576K
Event: 22.481 GC heap after
Heap after GC invocations=5 (full 2):
 PSYoungGen      total 611840K, used 29127K [0x00000000d5580000, 0x0000000100000000, 0x0000000100000000)
  eden space 524800K, 0% used [0x00000000d5580000,0x00000000d5580000,0x00000000f5600000)
  from space 87040K, 33% used [0x00000000f5600000,0x00000000f7271fb0,0x00000000fab00000)
  to   space 87040K, 0% used [0x00000000fab00000,0x00000000fab00000,0x0000000100000000)
 ParOldGen       total 1398272K, used 23586K [0x0000000080000000, 0x00000000d5580000, 0x00000000d5580000)
  object space 1398272K, 1% used [0x0000000080000000,0x0000000081708a18,0x00000000d5580000)
 Metaspace       used 57536K, capacity 59060K, committed 59160K, reserved 1101824K
  class space    used 6707K, capacity 7014K, committed 7040K, reserved 1048576K
}
Event: 22.481 GC heap before
{Heap before GC invocations=6 (full 3):
 PSYoungGen      total 611840K, used 29127K [0x00000000d5580000, 0x0000000100000000, 0x0000000100000000)
  eden space 524800K, 0% used [0x00000000d5580000,0x00000000d5580000,0x00000000f5600000)
  from space 87040K, 33% used [0x00000000f5600000,0x00000000f7271fb0,0x00000000fab00000)
  to   space 87040K, 0% used [0x00000000fab00000,0x00000000fab00000,0x0000000100000000)
 ParOldGen       total 1398272K, used 23586K [0x0000000080000000, 0x00000000d5580000, 0x00000000d5580000)
  object space 1398272K, 1% used [0x0000000080000000,0x0000000081708a18,0x00000000d5580000)
 Metaspace       used 57536K, capacity 59060K, committed 59160K, reserved 1101824K
  class space    used 6707K, capacity 7014K, committed 7040K, reserved 1048576K
Event: 22.723 GC heap after
Heap after GC invocations=6 (full 3):
 PSYoungGen      total 611840K, used 0K [0x00000000d5580000, 0x0000000100000000, 0x0000000100000000)
  eden space 524800K, 0% used [0x00000000d5580000,0x00000000d5580000,0x00000000f5600000)
  from space 87040K, 0% used [0x00000000f5600000,0x00000000f5600000,0x00000000fab00000)
  to   space 87040K, 0% used [0x00000000fab00000,0x00000000fab00000,0x0000000100000000)
 ParOldGen       total 1398272K, used 39105K [0x0000000080000000, 0x00000000d5580000, 0x00000000d5580000)
  object space 1398272K, 2% used [0x0000000080000000,0x0000000082630478,0x00000000d5580000)
 Metaspace       used 57536K, capacity 59060K, committed 59160K, reserved 1101824K
  class space    used 6707K, capacity 7014K, committed 7040K, reserved 1048576K
}
Event: 54.491 GC heap before
{Heap before GC invocations=7 (full 3):
 PSYoungGen      total 611840K, used 524800K [0x00000000d5580000, 0x0000000100000000, 0x0000000100000000)
  eden space 524800K, 100% used [0x00000000d5580000,0x00000000f5600000,0x00000000f5600000)
  from space 87040K, 0% used [0x00000000f5600000,0x00000000f5600000,0x00000000fab00000)
  to   space 87040K, 0% used [0x00000000fab00000,0x00000000fab00000,0x0000000100000000)
 ParOldGen       total 1398272K, used 39105K [0x0000000080000000, 0x00000000d5580000, 0x00000000d5580000)
  object space 1398272K, 2% used [0x0000000080000000,0x0000000082630478,0x00000000d5580000)
 Metaspace       used 65547K, capacity 67814K, committed 67968K, reserved 1110016K
  class space    used 7263K, capacity 7691K, committed 7808K, reserved 1048576K
Event: 54.534 GC heap after
Heap after GC invocations=7 (full 3):
 PSYoungGen      total 611840K, used 13041K [0x00000000d5580000, 0x0000000100000000, 0x0000000100000000)
  eden space 524800K, 0% used [0x00000000d5580000,0x00000000d5580000,0x00000000f5600000)
  from space 87040K, 14% used [0x00000000fab00000,0x00000000fb7bc728,0x0000000100000000)
  to   space 87040K, 0% used [0x00000000f5600000,0x00000000f5600000,0x00000000fab00000)
 ParOldGen       total 1398272K, used 39113K [0x0000000080000000, 0x00000000d5580000, 0x00000000d5580000)
  object space 1398272K, 2% used [0x0000000080000000,0x0000000082632478,0x00000000d5580000)
 Metaspace       used 65547K, capacity 67814K, committed 67968K, reserved 1110016K
  class space    used 7263K, capacity 7691K, committed 7808K, reserved 1048576K
}

