# JRE version: OpenJDK Runtime Environment (8.0_212-b04) (build 1.8.0_212-b04)
# Java VM: OpenJDK 64-Bit Server VM (25.212-b04 mixed mode linux-amd64 compressed oops)
Heap:
 PSYoungGen      total 611840K, used 419292K [0x00000000d5580000, 0x0000000100000000, 0x0000000100000000)
  eden space 524800K, 79% used [0x00000000d5580000,0x00000000eeef70b8,0x00000000f5600000)
  from space 87040K, 0% used [0x00000000fab00000,0x00000000fab00000,0x0000000100000000)
  to   space 87040K, 0% used [0x00000000f5600000,0x00000000f5600000,0x00000000fab00000)
 ParOldGen       total 1398272K, used 32704K [0x0000000080000000, 0x00000000d5580000, 0x00000000d5580000)
  object space 1398272K, 2% used [0x0000000080000000,0x0000000081ff0250,0x00000000d5580000)
 Metaspace       used 63897K, capacity 66698K, committed 66816K, reserved 1107968K
  class space    used 7351K, capacity 7833K, committed 7936K, reserved 1048576K
GC Heap History (10 events):
Event: 4.518 GC heap before
{Heap before GC invocations=3 (full 1):
 PSYoungGen      total 611840K, used 434675K [0x00000000d5580000, 0x0000000100000000, 0x0000000100000000)
  eden space 524800K, 82% used [0x00000000d5580000,0x00000000efdfcc00,0x00000000f5600000)
  from space 87040K, 0% used [0x00000000f5600000,0x00000000f5600000,0x00000000fab00000)
  to   space 87040K, 0% used [0x00000000fab00000,0x00000000fab00000,0x0000000100000000)
 ParOldGen       total 910336K, used 13777K [0x0000000080000000, 0x00000000b7900000, 0x00000000d5580000)
  object space 910336K, 1% used [0x0000000080000000,0x0000000080d74790,0x00000000b7900000)
 Metaspace       used 34813K, capacity 35188K, committed 35416K, reserved 1081344K
  class space    used 3976K, capacity 4092K, committed 4096K, reserved 1048576K
Event: 4.564 GC heap after
Heap after GC invocations=3 (full 1):
 PSYoungGen      total 611840K, used 19296K [0x00000000d5580000, 0x0000000100000000, 0x0000000100000000)
  eden space 524800K, 0% used [0x00000000d5580000,0x00000000d5580000,0x00000000f5600000)
  from space 87040K, 22% used [0x00000000fab00000,0x00000000fbdd82d8,0x0000000100000000)
  to   space 87040K, 0% used [0x00000000f5600000,0x00000000f5600000,0x00000000fab00000)
 ParOldGen       total 910336K, used 13777K [0x0000000080000000, 0x00000000b7900000, 0x00000000d5580000)
  object space 910336K, 1% used [0x0000000080000000,0x0000000080d74790,0x00000000b7900000)
 Metaspace       used 34813K, capacity 35188K, committed 35416K, reserved 1081344K
  class space    used 3976K, capacity 4092K, committed 4096K, reserved 1048576K
}
Event: 4.565 GC heap before
{Heap before GC invocations=4 (full 2):
 PSYoungGen      total 611840K, used 19296K [0x00000000d5580000, 0x0000000100000000, 0x0000000100000000)
  eden space 524800K, 0% used [0x00000000d5580000,0x00000000d5580000,0x00000000f5600000)
  from space 87040K, 22% used [0x00000000fab00000,0x00000000fbdd82d8,0x0000000100000000)
  to   space 87040K, 0% used [0x00000000f5600000,0x00000000f5600000,0x00000000fab00000)
 ParOldGen       total 910336K, used 13777K [0x0000000080000000, 0x00000000b7900000, 0x00000000d5580000)
  object space 910336K, 1% used [0x0000000080000000,0x0000000080d74790,0x00000000b7900000)
 Metaspace       used 34813K, capacity 35188K, committed 35416K, reserved 1081344K
  class space    used 3976K, capacity 4092K, committed 4096K, reserved 1048576K
Event: 4.690 GC heap after
Heap after GC invocations=4 (full 2):
 PSYoungGen      total 611840K, used 0K [0x00000000d5580000, 0x0000000100000000, 0x0000000100000000)
  eden space 524800K, 0% used [0x00000000d5580000,0x00000000d5580000,0x00000000f5600000)
  from space 87040K, 0% used [0x00000000fab00000,0x00000000fab00000,0x0000000100000000)
  to   space 87040K, 0% used [0x00000000f5600000,0x00000000f5600000,0x00000000fab00000)
 ParOldGen       total 1398272K, used 23630K [0x0000000080000000, 0x00000000d5580000, 0x00000000d5580000)
  object space 1398272K, 1% used [0x0000000080000000,0x0000000081713918,0x00000000d5580000)
 Metaspace       used 34813K, capacity 35188K, committed 35416K, reserved 1081344K
  class space    used 3976K, capacity 4092K, committed 4096K, reserved 1048576K
}
Event: 11.423 GC heap before
{Heap before GC invocations=5 (full 2):
 PSYoungGen      total 611840K, used 524800K [0x00000000d5580000, 0x0000000100000000, 0x0000000100000000)
  eden space 524800K, 100% used [0x00000000d5580000,0x00000000f5600000,0x00000000f5600000)
  from space 87040K, 0% used [0x00000000fab00000,0x00000000fab00000,0x0000000100000000)
  to   space 87040K, 0% used [0x00000000f5600000,0x00000000f5600000,0x00000000fab00000)
 ParOldGen       total 1398272K, used 23630K [0x0000000080000000, 0x00000000d5580000, 0x00000000d5580000)
  object space 1398272K, 1% used [0x0000000080000000,0x0000000081713918,0x00000000d5580000)
 Metaspace       used 51386K, capacity 52778K, committed 52992K, reserved 1095680K
  class space    used 6040K, capacity 6305K, committed 6400K, reserved 1048576K
Event: 11.476 GC heap after
Heap after GC invocations=5 (full 2):
 PSYoungGen      total 611840K, used 26638K [0x00000000d5580000, 0x0000000100000000, 0x0000000100000000)
  eden space 524800K, 0% used [0x00000000d5580000,0x00000000d5580000,0x00000000f5600000)
  from space 87040K, 30% used [0x00000000f5600000,0x00000000f7003980,0x00000000fab00000)
  to   space 87040K, 0% used [0x00000000fab00000,0x00000000fab00000,0x0000000100000000)
 ParOldGen       total 1398272K, used 23638K [0x0000000080000000, 0x00000000d5580000, 0x00000000d5580000)
  object space 1398272K, 1% used [0x0000000080000000,0x0000000081715918,0x00000000d5580000)
 Metaspace       used 51386K, capacity 52778K, committed 52992K, reserved 1095680K
  class space    used 6040K, capacity 6305K, committed 6400K, reserved 1048576K
}
Event: 12.298 GC heap before
{Heap before GC invocations=6 (full 2):
 PSYoungGen      total 611840K, used 174855K [0x00000000d5580000, 0x0000000100000000, 0x0000000100000000)
  eden space 524800K, 28% used [0x00000000d5580000,0x00000000de63e3d8,0x00000000f5600000)
  from space 87040K, 30% used [0x00000000f5600000,0x00000000f7003980,0x00000000fab00000)
  to   space 87040K, 0% used [0x00000000fab00000,0x00000000fab00000,0x0000000100000000)
 ParOldGen       total 1398272K, used 23638K [0x0000000080000000, 0x00000000d5580000, 0x00000000d5580000)
  object space 1398272K, 1% used [0x0000000080000000,0x0000000081715918,0x00000000d5580000)
 Metaspace       used 57213K, capacity 58846K, committed 59008K, reserved 1101824K
  class space    used 6612K, capacity 6943K, committed 7040K, reserved 1048576K
Event: 12.338 GC heap after
Heap after GC invocations=6 (full 2):
 PSYoungGen      total 611840K, used 21259K [0x00000000d5580000, 0x0000000100000000, 0x0000000100000000)
  eden space 524800K, 0% used [0x00000000d5580000,0x00000000d5580000,0x00000000f5600000)
  from space 87040K, 24% used [0x00000000fab00000,0x00000000fbfc2ee0,0x0000000100000000)
  to   space 87040K, 0% used [0x00000000f5600000,0x00000000f5600000,0x00000000fab00000)
 ParOldGen       total 1398272K, used 23646K [0x0000000080000000, 0x00000000d5580000, 0x00000000d5580000)
  object space 1398272K, 1% used [0x0000000080000000,0x0000000081717918,0x00000000d5580000)
 Metaspace       used 57213K, capacity 58846K, committed 59008K, reserved 1101824K
  class space    used 6612K, capacity 6943K, committed 7040K, reserved 1048576K
}
Event: 12.338 GC heap before
{Heap before GC invocations=7 (full 3):
 PSYoungGen      total 611840K, used 21259K [0x00000000d5580000, 0x0000000100000000, 0x0000000100000000)
  eden space 524800K, 0% used [0x00000000d5580000,0x00000000d5580000,0x00000000f5600000)
  from space 87040K, 24% used [0x00000000fab00000,0x00000000fbfc2ee0,0x0000000100000000)
  to   space 87040K, 0% used [0x00000000f5600000,0x00000000f5600000,0x00000000fab00000)
 ParOldGen       total 1398272K, used 23646K [0x0000000080000000, 0x00000000d5580000, 0x00000000d5580000)
  object space 1398272K, 1% used [0x0000000080000000,0x0000000081717918,0x00000000d5580000)
 Metaspace       used 57213K, capacity 58846K, committed 59008K, reserved 1101824K
  class space    used 6612K, capacity 6943K, committed 7040K, reserved 1048576K
Event: 12.611 GC heap after
Heap after GC invocations=7 (full 3):
 PSYoungGen      total 611840K, used 0K [0x00000000d5580000, 0x0000000100000000, 0x0000000100000000)
  eden space 524800K, 0% used [0x00000000d5580000,0x00000000d5580000,0x00000000f5600000)
  from space 87040K, 0% used [0x00000000fab00000,0x00000000fab00000,0x0000000100000000)
  to   space 87040K, 0% used [0x00000000f5600000,0x00000000f5600000,0x00000000fab00000)
 ParOldGen       total 1398272K, used 32704K [0x0000000080000000, 0x00000000d5580000, 0x00000000d5580000)
  object space 1398272K, 2% used [0x0000000080000000,0x0000000081ff0250,0x00000000d5580000)
 Metaspace       used 57158K, capacity 58698K, committed 59008K, reserved 1101824K
  class space    used 6593K, capacity 6909K, committed 7040K, reserved 1048576K
}

