# JRE version: OpenJDK Runtime Environment (8.0_212-b04) (build 1.8.0_212-b04)
# Java VM: OpenJDK 64-Bit Server VM (25.212-b04 mixed mode linux-amd64 compressed oops)
Heap:
 PSYoungGen      total 611840K, used 118436K [0x00000000d5580000, 0x0000000100000000, 0x0000000100000000)
  eden space 524800K, 15% used [0x00000000d5580000,0x00000000da390530,0x00000000f5600000)
  from space 87040K, 44% used [0x00000000fab00000,0x00000000fd098e08,0x0000000100000000)
  to   space 87040K, 0% used [0x00000000f5600000,0x00000000f5600000,0x00000000fab00000)
 ParOldGen       total 1398272K, used 44502K [0x0000000080000000, 0x00000000d5580000, 0x00000000d5580000)
  object space 1398272K, 3% used [0x0000000080000000,0x0000000082b759e0,0x00000000d5580000)
 Metaspace       used 66694K, capacity 69544K, committed 69888K, reserved 1112064K
  class space    used 7573K, capacity 8094K, committed 8192K, reserved 1048576K
GC Heap History (10 events):
Event: 4.436 GC heap before
{Heap before GC invocations=3 (full 1):
 PSYoungGen      total 611840K, used 434545K [0x00000000d5580000, 0x0000000100000000, 0x0000000100000000)
  eden space 524800K, 82% used [0x00000000d5580000,0x00000000efddc4a8,0x00000000f5600000)
  from space 87040K, 0% used [0x00000000f5600000,0x00000000f5600000,0x00000000fab00000)
  to   space 87040K, 0% used [0x00000000fab00000,0x00000000fab00000,0x0000000100000000)
 ParOldGen       total 902144K, used 13750K [0x0000000080000000, 0x00000000b7100000, 0x00000000d5580000)
  object space 902144K, 1% used [0x0000000080000000,0x0000000080d6db30,0x00000000b7100000)
 Metaspace       used 34848K, capacity 35188K, committed 35416K, reserved 1081344K
  class space    used 3977K, capacity 4092K, committed 4096K, reserved 1048576K
Event: 4.464 GC heap after
Heap after GC invocations=3 (full 1):
 PSYoungGen      total 611840K, used 19233K [0x00000000d5580000, 0x0000000100000000, 0x0000000100000000)
  eden space 524800K, 0% used [0x00000000d5580000,0x00000000d5580000,0x00000000f5600000)
  from space 87040K, 22% used [0x00000000fab00000,0x00000000fbdc8428,0x0000000100000000)
  to   space 87040K, 0% used [0x00000000f5600000,0x00000000f5600000,0x00000000fab00000)
 ParOldGen       total 902144K, used 13758K [0x0000000080000000, 0x00000000b7100000, 0x00000000d5580000)
  object space 902144K, 1% used [0x0000000080000000,0x0000000080d6fb30,0x00000000b7100000)
 Metaspace       used 34848K, capacity 35188K, committed 35416K, reserved 1081344K
  class space    used 3977K, capacity 4092K, committed 4096K, reserved 1048576K
}
Event: 4.464 GC heap before
{Heap before GC invocations=4 (full 2):
 PSYoungGen      total 611840K, used 19233K [0x00000000d5580000, 0x0000000100000000, 0x0000000100000000)
  eden space 524800K, 0% used [0x00000000d5580000,0x00000000d5580000,0x00000000f5600000)
  from space 87040K, 22% used [0x00000000fab00000,0x00000000fbdc8428,0x0000000100000000)
  to   space 87040K, 0% used [0x00000000f5600000,0x00000000f5600000,0x00000000fab00000)
 ParOldGen       total 902144K, used 13758K [0x0000000080000000, 0x00000000b7100000, 0x00000000d5580000)
  object space 902144K, 1% used [0x0000000080000000,0x0000000080d6fb30,0x00000000b7100000)
 Metaspace       used 34848K, capacity 35188K, committed 35416K, reserved 1081344K
  class space    used 3977K, capacity 4092K, committed 4096K, reserved 1048576K
Event: 4.569 GC heap after
Heap after GC invocations=4 (full 2):
 PSYoungGen      total 611840K, used 0K [0x00000000d5580000, 0x0000000100000000, 0x0000000100000000)
  eden space 524800K, 0% used [0x00000000d5580000,0x00000000d5580000,0x00000000f5600000)
  from space 87040K, 0% used [0x00000000fab00000,0x00000000fab00000,0x0000000100000000)
  to   space 87040K, 0% used [0x00000000f5600000,0x00000000f5600000,0x00000000fab00000)
 ParOldGen       total 1398272K, used 23638K [0x0000000080000000, 0x00000000d5580000, 0x00000000d5580000)
  object space 1398272K, 1% used [0x0000000080000000,0x0000000081715ab8,0x00000000d5580000)
 Metaspace       used 34848K, capacity 35188K, committed 35416K, reserved 1081344K
  class space    used 3977K, capacity 4092K, committed 4096K, reserved 1048576K
}
Event: 11.735 GC heap before
{Heap before GC invocations=5 (full 2):
 PSYoungGen      total 611840K, used 495906K [0x00000000d5580000, 0x0000000100000000, 0x0000000100000000)
  eden space 524800K, 94% used [0x00000000d5580000,0x00000000f39c8b08,0x00000000f5600000)
  from space 87040K, 0% used [0x00000000fab00000,0x00000000fab00000,0x0000000100000000)
  to   space 87040K, 0% used [0x00000000f5600000,0x00000000f5600000,0x00000000fab00000)
 ParOldGen       total 1398272K, used 23638K [0x0000000080000000, 0x00000000d5580000, 0x00000000d5580000)
  object space 1398272K, 1% used [0x0000000080000000,0x0000000081715ab8,0x00000000d5580000)
 Metaspace       used 57385K, capacity 58828K, committed 59028K, reserved 1101824K
  class space    used 6633K, capacity 6908K, committed 6912K, reserved 1048576K
Event: 11.800 GC heap after
Heap after GC invocations=5 (full 2):
 PSYoungGen      total 611840K, used 33929K [0x00000000d5580000, 0x0000000100000000, 0x0000000100000000)
  eden space 524800K, 0% used [0x00000000d5580000,0x00000000d5580000,0x00000000f5600000)
  from space 87040K, 38% used [0x00000000f5600000,0x00000000f77227e0,0x00000000fab00000)
  to   space 87040K, 0% used [0x00000000fab00000,0x00000000fab00000,0x0000000100000000)
 ParOldGen       total 1398272K, used 23646K [0x0000000080000000, 0x00000000d5580000, 0x00000000d5580000)
  object space 1398272K, 1% used [0x0000000080000000,0x0000000081717ab8,0x00000000d5580000)
 Metaspace       used 57385K, capacity 58828K, committed 59028K, reserved 1101824K
  class space    used 6633K, capacity 6908K, committed 6912K, reserved 1048576K
}
Event: 11.800 GC heap before
{Heap before GC invocations=6 (full 3):
 PSYoungGen      total 611840K, used 33929K [0x00000000d5580000, 0x0000000100000000, 0x0000000100000000)
  eden space 524800K, 0% used [0x00000000d5580000,0x00000000d5580000,0x00000000f5600000)
  from space 87040K, 38% used [0x00000000f5600000,0x00000000f77227e0,0x00000000fab00000)
  to   space 87040K, 0% used [0x00000000fab00000,0x00000000fab00000,0x0000000100000000)
 ParOldGen       total 1398272K, used 23646K [0x0000000080000000, 0x00000000d5580000, 0x00000000d5580000)
  object space 1398272K, 1% used [0x0000000080000000,0x0000000081717ab8,0x00000000d5580000)
 Metaspace       used 57385K, capacity 58828K, committed 59028K, reserved 1101824K
  class space    used 6633K, capacity 6908K, committed 6912K, reserved 1048576K
Event: 12.102 GC heap after
Heap after GC invocations=6 (full 3):
 PSYoungGen      total 611840K, used 0K [0x00000000d5580000, 0x0000000100000000, 0x0000000100000000)
  eden space 524800K, 0% used [0x00000000d5580000,0x00000000d5580000,0x00000000f5600000)
  from space 87040K, 0% used [0x00000000f5600000,0x00000000f5600000,0x00000000fab00000)
  to   space 87040K, 0% used [0x00000000fab00000,0x00000000fab00000,0x0000000100000000)
 ParOldGen       total 1398272K, used 44494K [0x0000000080000000, 0x00000000d5580000, 0x00000000d5580000)
  object space 1398272K, 3% used [0x0000000080000000,0x0000000082b739e0,0x00000000d5580000)
 Metaspace       used 57366K, capacity 58786K, committed 59028K, reserved 1101824K
  class space    used 6627K, capacity 6897K, committed 6912K, reserved 1048576K
}
Event: 54.556 GC heap before
{Heap before GC invocations=7 (full 3):
 PSYoungGen      total 611840K, used 524800K [0x00000000d5580000, 0x0000000100000000, 0x0000000100000000)
  eden space 524800K, 100% used [0x00000000d5580000,0x00000000f5600000,0x00000000f5600000)
  from space 87040K, 0% used [0x00000000f5600000,0x00000000f5600000,0x00000000fab00000)
  to   space 87040K, 0% used [0x00000000fab00000,0x00000000fab00000,0x0000000100000000)
 ParOldGen       total 1398272K, used 44494K [0x0000000080000000, 0x00000000d5580000, 0x00000000d5580000)
  object space 1398272K, 3% used [0x0000000080000000,0x0000000082b739e0,0x00000000d5580000)
 Metaspace       used 66162K, capacity 68918K, committed 68992K, reserved 1110016K
  class space    used 7552K, capacity 8057K, committed 8064K, reserved 1048576K
Event: 54.680 GC heap after
Heap after GC invocations=7 (full 3):
 PSYoungGen      total 611840K, used 38499K [0x00000000d5580000, 0x0000000100000000, 0x0000000100000000)
  eden space 524800K, 0% used [0x00000000d5580000,0x00000000d5580000,0x00000000f5600000)
  from space 87040K, 44% used [0x00000000fab00000,0x00000000fd098e08,0x0000000100000000)
  to   space 87040K, 0% used [0x00000000f5600000,0x00000000f5600000,0x00000000fab00000)
 ParOldGen       total 1398272K, used 44502K [0x0000000080000000, 0x00000000d5580000, 0x00000000d5580000)
  object space 1398272K, 3% used [0x0000000080000000,0x0000000082b759e0,0x00000000d5580000)
 Metaspace       used 66162K, capacity 68918K, committed 68992K, reserved 1110016K
  class space    used 7552K, capacity 8057K, committed 8064K, reserved 1048576K
}

