# JRE version: OpenJDK Runtime Environment (8.0_212-b04) (build 1.8.0_212-b04)
# Java VM: OpenJDK 64-Bit Server VM (25.212-b04 mixed mode linux-amd64 compressed oops)
Heap:
 PSYoungGen      total 564224K, used 164910K [0x00000000d5580000, 0x0000000100000000, 0x0000000100000000)
  eden space 523264K, 23% used [0x00000000d5580000,0x00000000dce915c8,0x00000000f5480000)
  from space 40960K, 99% used [0x00000000f9000000,0x00000000fb7fa520,0x00000000fb800000)
  to   space 60928K, 0% used [0x00000000f5480000,0x00000000f5480000,0x00000000f9000000)
 ParOldGen       total 1398272K, used 43744K [0x0000000080000000, 0x00000000d5580000, 0x00000000d5580000)
  object space 1398272K, 3% used [0x0000000080000000,0x0000000082ab8130,0x00000000d5580000)
 Metaspace       used 80863K, capacity 84432K, committed 84608K, reserved 1124352K
  class space    used 9182K, capacity 9810K, committed 9856K, reserved 1048576K
GC Heap History (10 events):
Event: 8.406 GC heap before
{Heap before GC invocations=5 (full 2):
 PSYoungGen      total 611840K, used 524800K [0x00000000d5580000, 0x0000000100000000, 0x0000000100000000)
  eden space 524800K, 100% used [0x00000000d5580000,0x00000000f5600000,0x00000000f5600000)
  from space 87040K, 0% used [0x00000000fab00000,0x00000000fab00000,0x0000000100000000)
  to   space 87040K, 0% used [0x00000000f5600000,0x00000000f5600000,0x00000000fab00000)
 ParOldGen       total 1398272K, used 24274K [0x0000000080000000, 0x00000000d5580000, 0x00000000d5580000)
  object space 1398272K, 1% used [0x0000000080000000,0x00000000817b4a20,0x00000000d5580000)
 Metaspace       used 49366K, capacity 50204K, committed 50432K, reserved 1093632K
  class space    used 5883K, capacity 6084K, committed 6144K, reserved 1048576K
Event: 8.447 GC heap after
Heap after GC invocations=5 (full 2):
 PSYoungGen      total 611840K, used 19858K [0x00000000d5580000, 0x0000000100000000, 0x0000000100000000)
  eden space 524800K, 0% used [0x00000000d5580000,0x00000000d5580000,0x00000000f5600000)
  from space 87040K, 22% used [0x00000000f5600000,0x00000000f6964b98,0x00000000fab00000)
  to   space 87040K, 0% used [0x00000000fab00000,0x00000000fab00000,0x0000000100000000)
 ParOldGen       total 1398272K, used 24282K [0x0000000080000000, 0x00000000d5580000, 0x00000000d5580000)
  object space 1398272K, 1% used [0x0000000080000000,0x00000000817b6a20,0x00000000d5580000)
 Metaspace       used 49366K, capacity 50204K, committed 50432K, reserved 1093632K
  class space    used 5883K, capacity 6084K, committed 6144K, reserved 1048576K
}
Event: 12.931 GC heap before
{Heap before GC invocations=6 (full 2):
 PSYoungGen      total 611840K, used 322842K [0x00000000d5580000, 0x0000000100000000, 0x0000000100000000)
  eden space 524800K, 57% used [0x00000000d5580000,0x00000000e7d61fd0,0x00000000f5600000)
  from space 87040K, 22% used [0x00000000f5600000,0x00000000f6964b98,0x00000000fab00000)
  to   space 87040K, 0% used [0x00000000fab00000,0x00000000fab00000,0x0000000100000000)
 ParOldGen       total 1398272K, used 24282K [0x0000000080000000, 0x00000000d5580000, 0x00000000d5580000)
  object space 1398272K, 1% used [0x0000000080000000,0x00000000817b6a20,0x00000000d5580000)
 Metaspace       used 57806K, capacity 58962K, committed 59028K, reserved 1101824K
  class space    used 6945K, capacity 7163K, committed 7168K, reserved 1048576K
Event: 12.977 GC heap after
Heap after GC invocations=6 (full 2):
 PSYoungGen      total 611840K, used 19995K [0x00000000d5580000, 0x0000000100000000, 0x0000000100000000)
  eden space 524800K, 0% used [0x00000000d5580000,0x00000000d5580000,0x00000000f5600000)
  from space 87040K, 22% used [0x00000000fab00000,0x00000000fbe86f80,0x0000000100000000)
  to   space 87040K, 0% used [0x00000000f5600000,0x00000000f5600000,0x00000000fab00000)
 ParOldGen       total 1398272K, used 24290K [0x0000000080000000, 0x00000000d5580000, 0x00000000d5580000)
  object space 1398272K, 1% used [0x0000000080000000,0x00000000817b8a20,0x00000000d5580000)
 Metaspace       used 57806K, capacity 58962K, committed 59028K, reserved 1101824K
  class space    used 6945K, capacity 7163K, committed 7168K, reserved 1048576K
}
Event: 12.977 GC heap before
{Heap before GC invocations=7 (full 3):
 PSYoungGen      total 611840K, used 19995K [0x00000000d5580000, 0x0000000100000000, 0x0000000100000000)
  eden space 524800K, 0% used [0x00000000d5580000,0x00000000d5580000,0x00000000f5600000)
  from space 87040K, 22% used [0x00000000fab00000,0x00000000fbe86f80,0x0000000100000000)
  to   space 87040K, 0% used [0x00000000f5600000,0x00000000f5600000,0x00000000fab00000)
 ParOldGen       total 1398272K, used 24290K [0x0000000080000000, 0x00000000d5580000, 0x00000000d5580000)
  object space 1398272K, 1% used [0x0000000080000000,0x00000000817b8a20,0x00000000d5580000)
 Metaspace       used 57806K, capacity 58962K, committed 59028K, reserved 1101824K
  class space    used 6945K, capacity 7163K, committed 7168K, reserved 1048576K
Event: 13.248 GC heap after
Heap after GC invocations=7 (full 3):
 PSYoungGen      total 611840K, used 0K [0x00000000d5580000, 0x0000000100000000, 0x0000000100000000)
  eden space 524800K, 0% used [0x00000000d5580000,0x00000000d5580000,0x00000000f5600000)
  from space 87040K, 0% used [0x00000000fab00000,0x00000000fab00000,0x0000000100000000)
  to   space 87040K, 0% used [0x00000000f5600000,0x00000000f5600000,0x00000000fab00000)
 ParOldGen       total 1398272K, used 32524K [0x0000000080000000, 0x00000000d5580000, 0x00000000d5580000)
  object space 1398272K, 2% used [0x0000000080000000,0x0000000081fc3280,0x00000000d5580000)
 Metaspace       used 57749K, capacity 58830K, committed 59028K, reserved 1101824K
  class space    used 6924K, capacity 7127K, committed 7168K, reserved 1048576K
}
Event: 31.890 GC heap before
{Heap before GC invocations=8 (full 3):
 PSYoungGen      total 611840K, used 524800K [0x00000000d5580000, 0x0000000100000000, 0x0000000100000000)
  eden space 524800K, 100% used [0x00000000d5580000,0x00000000f5600000,0x00000000f5600000)
  from space 87040K, 0% used [0x00000000fab00000,0x00000000fab00000,0x0000000100000000)
  to   space 87040K, 0% used [0x00000000f5600000,0x00000000f5600000,0x00000000fab00000)
 ParOldGen       total 1398272K, used 32524K [0x0000000080000000, 0x00000000d5580000, 0x00000000d5580000)
  object space 1398272K, 2% used [0x0000000080000000,0x0000000081fc3280,0x00000000d5580000)
 Metaspace       used 75945K, capacity 78484K, committed 78720K, reserved 1118208K
  class space    used 8847K, capacity 9320K, committed 9344K, reserved 1048576K
Event: 31.982 GC heap after
Heap after GC invocations=8 (full 3):
 PSYoungGen      total 584192K, used 59092K [0x00000000d5580000, 0x00000000fb800000, 0x0000000100000000)
  eden space 524800K, 0% used [0x00000000d5580000,0x00000000d5580000,0x00000000f5600000)
  from space 59392K, 99% used [0x00000000f5600000,0x00000000f8fb51b0,0x00000000f9000000)
  to   space 40960K, 0% used [0x00000000f9000000,0x00000000f9000000,0x00000000fb800000)
 ParOldGen       total 1398272K, used 32524K [0x0000000080000000, 0x00000000d5580000, 0x00000000d5580000)
  object space 1398272K, 2% used [0x0000000080000000,0x0000000081fc3280,0x00000000d5580000)
 Metaspace       used 75945K, capacity 78484K, committed 78720K, reserved 1118208K
  class space    used 8847K, capacity 9320K, committed 9344K, reserved 1048576K
}
Event: 40.722 GC heap before
{Heap before GC invocations=9 (full 3):
 PSYoungGen      total 584192K, used 583892K [0x00000000d5580000, 0x00000000fb800000, 0x0000000100000000)
  eden space 524800K, 100% used [0x00000000d5580000,0x00000000f5600000,0x00000000f5600000)
  from space 59392K, 99% used [0x00000000f5600000,0x00000000f8fb51b0,0x00000000f9000000)
  to   space 40960K, 0% used [0x00000000f9000000,0x00000000f9000000,0x00000000fb800000)
 ParOldGen       total 1398272K, used 32524K [0x0000000080000000, 0x00000000d5580000, 0x00000000d5580000)
  object space 1398272K, 2% used [0x0000000080000000,0x0000000081fc3280,0x00000000d5580000)
 Metaspace       used 80418K, capacity 84022K, committed 84096K, reserved 1124352K
  class space    used 9177K, capacity 9807K, committed 9856K, reserved 1048576K
Event: 40.788 GC heap after
Heap after GC invocations=9 (full 3):
 PSYoungGen      total 564224K, used 40937K [0x00000000d5580000, 0x0000000100000000, 0x0000000100000000)
  eden space 523264K, 0% used [0x00000000d5580000,0x00000000d5580000,0x00000000f5480000)
  from space 40960K, 99% used [0x00000000f9000000,0x00000000fb7fa520,0x00000000fb800000)
  to   space 60928K, 0% used [0x00000000f5480000,0x00000000f5480000,0x00000000f9000000)
 ParOldGen       total 1398272K, used 43744K [0x0000000080000000, 0x00000000d5580000, 0x00000000d5580000)
  object space 1398272K, 3% used [0x0000000080000000,0x0000000082ab8130,0x00000000d5580000)
 Metaspace       used 80418K, capacity 84022K, committed 84096K, reserved 1124352K
  class space    used 9177K, capacity 9807K, committed 9856K, reserved 1048576K
}

