# JRE version: OpenJDK Runtime Environment (8.0_212-b04) (build 1.8.0_212-b04)
# Java VM: OpenJDK 64-Bit Server VM (25.212-b04 mixed mode linux-amd64 compressed oops)
Heap:
 PSYoungGen      total 611840K, used 255598K [0x00000000d5580000, 0x0000000100000000, 0x0000000100000000)
  eden space 524800K, 48% used [0x00000000d5580000,0x00000000e4f1bac0,0x00000000f5600000)
  from space 87040K, 0% used [0x00000000fab00000,0x00000000fab00000,0x0000000100000000)
  to   space 87040K, 0% used [0x00000000f5600000,0x00000000f5600000,0x00000000fab00000)
 ParOldGen       total 1398272K, used 29232K [0x0000000080000000, 0x00000000d5580000, 0x00000000d5580000)
  object space 1398272K, 2% used [0x0000000080000000,0x0000000081c8c040,0x00000000d5580000)
 Metaspace       used 64499K, capacity 67036K, committed 67072K, reserved 1107968K
  class space    used 7478K, capacity 7936K, committed 7936K, reserved 1048576K
GC Heap History (10 events):
Event: 4.202 GC heap before
{Heap before GC invocations=3 (full 1):
 PSYoungGen      total 611840K, used 468365K [0x00000000d5580000, 0x0000000100000000, 0x0000000100000000)
  eden space 524800K, 89% used [0x00000000d5580000,0x00000000f1ee34a0,0x00000000f5600000)
  from space 87040K, 0% used [0x00000000f5600000,0x00000000f5600000,0x00000000fab00000)
  to   space 87040K, 0% used [0x00000000fab00000,0x00000000fab00000,0x0000000100000000)
 ParOldGen       total 921600K, used 14263K [0x0000000080000000, 0x00000000b8400000, 0x00000000d5580000)
  object space 921600K, 1% used [0x0000000080000000,0x0000000080dedd00,0x00000000b8400000)
 Metaspace       used 34666K, capacity 35028K, committed 35416K, reserved 1081344K
  class space    used 3963K, capacity 4060K, committed 4096K, reserved 1048576K
Event: 4.247 GC heap after
Heap after GC invocations=3 (full 1):
 PSYoungGen      total 611840K, used 19028K [0x00000000d5580000, 0x0000000100000000, 0x0000000100000000)
  eden space 524800K, 0% used [0x00000000d5580000,0x00000000d5580000,0x00000000f5600000)
  from space 87040K, 21% used [0x00000000fab00000,0x00000000fbd95368,0x0000000100000000)
  to   space 87040K, 0% used [0x00000000f5600000,0x00000000f5600000,0x00000000fab00000)
 ParOldGen       total 921600K, used 14271K [0x0000000080000000, 0x00000000b8400000, 0x00000000d5580000)
  object space 921600K, 1% used [0x0000000080000000,0x0000000080defd00,0x00000000b8400000)
 Metaspace       used 34666K, capacity 35028K, committed 35416K, reserved 1081344K
  class space    used 3963K, capacity 4060K, committed 4096K, reserved 1048576K
}
Event: 4.247 GC heap before
{Heap before GC invocations=4 (full 2):
 PSYoungGen      total 611840K, used 19028K [0x00000000d5580000, 0x0000000100000000, 0x0000000100000000)
  eden space 524800K, 0% used [0x00000000d5580000,0x00000000d5580000,0x00000000f5600000)
  from space 87040K, 21% used [0x00000000fab00000,0x00000000fbd95368,0x0000000100000000)
  to   space 87040K, 0% used [0x00000000f5600000,0x00000000f5600000,0x00000000fab00000)
 ParOldGen       total 921600K, used 14271K [0x0000000080000000, 0x00000000b8400000, 0x00000000d5580000)
  object space 921600K, 1% used [0x0000000080000000,0x0000000080defd00,0x00000000b8400000)
 Metaspace       used 34666K, capacity 35028K, committed 35416K, reserved 1081344K
  class space    used 3963K, capacity 4060K, committed 4096K, reserved 1048576K
Event: 4.379 GC heap after
Heap after GC invocations=4 (full 2):
 PSYoungGen      total 611840K, used 0K [0x00000000d5580000, 0x0000000100000000, 0x0000000100000000)
  eden space 524800K, 0% used [0x00000000d5580000,0x00000000d5580000,0x00000000f5600000)
  from space 87040K, 0% used [0x00000000fab00000,0x00000000fab00000,0x0000000100000000)
  to   space 87040K, 0% used [0x00000000f5600000,0x00000000f5600000,0x00000000fab00000)
 ParOldGen       total 1398272K, used 23581K [0x0000000080000000, 0x00000000d5580000, 0x00000000d5580000)
  object space 1398272K, 1% used [0x0000000080000000,0x0000000081707460,0x00000000d5580000)
 Metaspace       used 34666K, capacity 35028K, committed 35416K, reserved 1081344K
  class space    used 3963K, capacity 4060K, committed 4096K, reserved 1048576K
}
Event: 10.968 GC heap before
{Heap before GC invocations=5 (full 2):
 PSYoungGen      total 611840K, used 524800K [0x00000000d5580000, 0x0000000100000000, 0x0000000100000000)
  eden space 524800K, 100% used [0x00000000d5580000,0x00000000f5600000,0x00000000f5600000)
  from space 87040K, 0% used [0x00000000fab00000,0x00000000fab00000,0x0000000100000000)
  to   space 87040K, 0% used [0x00000000f5600000,0x00000000f5600000,0x00000000fab00000)
 ParOldGen       total 1398272K, used 23581K [0x0000000080000000, 0x00000000d5580000, 0x00000000d5580000)
  object space 1398272K, 1% used [0x0000000080000000,0x0000000081707460,0x00000000d5580000)
 Metaspace       used 52413K, capacity 53778K, committed 53888K, reserved 1097728K
  class space    used 6171K, capacity 6429K, committed 6528K, reserved 1048576K
Event: 11.025 GC heap after
Heap after GC invocations=5 (full 2):
 PSYoungGen      total 611840K, used 24478K [0x00000000d5580000, 0x0000000100000000, 0x0000000100000000)
  eden space 524800K, 0% used [0x00000000d5580000,0x00000000d5580000,0x00000000f5600000)
  from space 87040K, 28% used [0x00000000f5600000,0x00000000f6de7bc8,0x00000000fab00000)
  to   space 87040K, 0% used [0x00000000fab00000,0x00000000fab00000,0x0000000100000000)
 ParOldGen       total 1398272K, used 23589K [0x0000000080000000, 0x00000000d5580000, 0x00000000d5580000)
  object space 1398272K, 1% used [0x0000000080000000,0x0000000081709460,0x00000000d5580000)
 Metaspace       used 52413K, capacity 53778K, committed 53888K, reserved 1097728K
  class space    used 6171K, capacity 6429K, committed 6528K, reserved 1048576K
}
Event: 11.716 GC heap before
{Heap before GC invocations=6 (full 2):
 PSYoungGen      total 611840K, used 182916K [0x00000000d5580000, 0x0000000100000000, 0x0000000100000000)
  eden space 524800K, 30% used [0x00000000d5580000,0x00000000df0396f8,0x00000000f5600000)
  from space 87040K, 28% used [0x00000000f5600000,0x00000000f6de7bc8,0x00000000fab00000)
  to   space 87040K, 0% used [0x00000000fab00000,0x00000000fab00000,0x0000000100000000)
 ParOldGen       total 1398272K, used 23589K [0x0000000080000000, 0x00000000d5580000, 0x00000000d5580000)
  object space 1398272K, 1% used [0x0000000080000000,0x0000000081709460,0x00000000d5580000)
 Metaspace       used 57451K, capacity 58860K, committed 59008K, reserved 1101824K
  class space    used 6673K, capacity 6942K, committed 7040K, reserved 1048576K
Event: 11.740 GC heap after
Heap after GC invocations=6 (full 2):
 PSYoungGen      total 611840K, used 17604K [0x00000000d5580000, 0x0000000100000000, 0x0000000100000000)
  eden space 524800K, 0% used [0x00000000d5580000,0x00000000d5580000,0x00000000f5600000)
  from space 87040K, 20% used [0x00000000fab00000,0x00000000fbc31180,0x0000000100000000)
  to   space 87040K, 0% used [0x00000000f5600000,0x00000000f5600000,0x00000000fab00000)
 ParOldGen       total 1398272K, used 23597K [0x0000000080000000, 0x00000000d5580000, 0x00000000d5580000)
  object space 1398272K, 1% used [0x0000000080000000,0x000000008170b460,0x00000000d5580000)
 Metaspace       used 57451K, capacity 58860K, committed 59008K, reserved 1101824K
  class space    used 6673K, capacity 6942K, committed 7040K, reserved 1048576K
}
Event: 11.740 GC heap before
{Heap before GC invocations=7 (full 3):
 PSYoungGen      total 611840K, used 17604K [0x00000000d5580000, 0x0000000100000000, 0x0000000100000000)
  eden space 524800K, 0% used [0x00000000d5580000,0x00000000d5580000,0x00000000f5600000)
  from space 87040K, 20% used [0x00000000fab00000,0x00000000fbc31180,0x0000000100000000)
  to   space 87040K, 0% used [0x00000000f5600000,0x00000000f5600000,0x00000000fab00000)
 ParOldGen       total 1398272K, used 23597K [0x0000000080000000, 0x00000000d5580000, 0x00000000d5580000)
  object space 1398272K, 1% used [0x0000000080000000,0x000000008170b460,0x00000000d5580000)
 Metaspace       used 57451K, capacity 58860K, committed 59008K, reserved 1101824K
  class space    used 6673K, capacity 6942K, committed 7040K, reserved 1048576K
Event: 11.997 GC heap after
Heap after GC invocations=7 (full 3):
 PSYoungGen      total 611840K, used 0K [0x00000000d5580000, 0x0000000100000000, 0x0000000100000000)
  eden space 524800K, 0% used [0x00000000d5580000,0x00000000d5580000,0x00000000f5600000)
  from space 87040K, 0% used [0x00000000fab00000,0x00000000fab00000,0x0000000100000000)
  to   space 87040K, 0% used [0x00000000f5600000,0x00000000f5600000,0x00000000fab00000)
 ParOldGen       total 1398272K, used 29232K [0x0000000080000000, 0x00000000d5580000, 0x00000000d5580000)
  object space 1398272K, 2% used [0x0000000080000000,0x0000000081c8c040,0x00000000d5580000)
 Metaspace       used 57424K, capacity 58798K, committed 59008K, reserved 1101824K
  class space    used 6664K, capacity 6925K, committed 7040K, reserved 1048576K
}

