# JRE version: OpenJDK Runtime Environment (8.0_212-b04) (build 1.8.0_212-b04)
# Java VM: OpenJDK 64-Bit Server VM (25.212-b04 mixed mode linux-amd64 compressed oops)
Heap:
 PSYoungGen      total 611840K, used 378003K [0x00000000d5580000, 0x0000000100000000, 0x0000000100000000)
  eden space 524800K, 72% used [0x00000000d5580000,0x00000000ec6a4c70,0x00000000f5600000)
  from space 87040K, 0% used [0x00000000fab00000,0x00000000fab00000,0x0000000100000000)
  to   space 87040K, 0% used [0x00000000f5600000,0x00000000f5600000,0x00000000fab00000)
 ParOldGen       total 1398272K, used 33507K [0x0000000080000000, 0x00000000d5580000, 0x00000000d5580000)
  object space 1398272K, 2% used [0x0000000080000000,0x00000000820b8c18,0x00000000d5580000)
 Metaspace       used 64397K, capacity 67236K, committed 67456K, reserved 1107968K
  class space    used 7431K, capacity 7942K, committed 8064K, reserved 1048576K
GC Heap History (10 events):
Event: 4.438 GC heap before
{Heap before GC invocations=3 (full 1):
 PSYoungGen      total 611840K, used 434996K [0x00000000d5580000, 0x0000000100000000, 0x0000000100000000)
  eden space 524800K, 82% used [0x00000000d5580000,0x00000000efe4d0f8,0x00000000f5600000)
  from space 87040K, 0% used [0x00000000f5600000,0x00000000f5600000,0x00000000fab00000)
  to   space 87040K, 0% used [0x00000000fab00000,0x00000000fab00000,0x0000000100000000)
 ParOldGen       total 892928K, used 13720K [0x0000000080000000, 0x00000000b6800000, 0x00000000d5580000)
  object space 892928K, 1% used [0x0000000080000000,0x0000000080d660a8,0x00000000b6800000)
 Metaspace       used 34790K, capacity 35188K, committed 35416K, reserved 1081344K
  class space    used 3969K, capacity 4092K, committed 4096K, reserved 1048576K
Event: 4.479 GC heap after
Heap after GC invocations=3 (full 1):
 PSYoungGen      total 611840K, used 19269K [0x00000000d5580000, 0x0000000100000000, 0x0000000100000000)
  eden space 524800K, 0% used [0x00000000d5580000,0x00000000d5580000,0x00000000f5600000)
  from space 87040K, 22% used [0x00000000fab00000,0x00000000fbdd1490,0x0000000100000000)
  to   space 87040K, 0% used [0x00000000f5600000,0x00000000f5600000,0x00000000fab00000)
 ParOldGen       total 892928K, used 13720K [0x0000000080000000, 0x00000000b6800000, 0x00000000d5580000)
  object space 892928K, 1% used [0x0000000080000000,0x0000000080d660a8,0x00000000b6800000)
 Metaspace       used 34790K, capacity 35188K, committed 35416K, reserved 1081344K
  class space    used 3969K, capacity 4092K, committed 4096K, reserved 1048576K
}
Event: 4.479 GC heap before
{Heap before GC invocations=4 (full 2):
 PSYoungGen      total 611840K, used 19269K [0x00000000d5580000, 0x0000000100000000, 0x0000000100000000)
  eden space 524800K, 0% used [0x00000000d5580000,0x00000000d5580000,0x00000000f5600000)
  from space 87040K, 22% used [0x00000000fab00000,0x00000000fbdd1490,0x0000000100000000)
  to   space 87040K, 0% used [0x00000000f5600000,0x00000000f5600000,0x00000000fab00000)
 ParOldGen       total 892928K, used 13720K [0x0000000080000000, 0x00000000b6800000, 0x00000000d5580000)
  object space 892928K, 1% used [0x0000000080000000,0x0000000080d660a8,0x00000000b6800000)
 Metaspace       used 34790K, capacity 35188K, committed 35416K, reserved 1081344K
  class space    used 3969K, capacity 4092K, committed 4096K, reserved 1048576K
Event: 4.601 GC heap after
Heap after GC invocations=4 (full 2):
 PSYoungGen      total 611840K, used 0K [0x00000000d5580000, 0x0000000100000000, 0x0000000100000000)
  eden space 524800K, 0% used [0x00000000d5580000,0x00000000d5580000,0x00000000f5600000)
  from space 87040K, 0% used [0x00000000fab00000,0x00000000fab00000,0x0000000100000000)
  to   space 87040K, 0% used [0x00000000f5600000,0x00000000f5600000,0x00000000fab00000)
 ParOldGen       total 1398272K, used 23547K [0x0000000080000000, 0x00000000d5580000, 0x00000000d5580000)
  object space 1398272K, 1% used [0x0000000080000000,0x00000000816fec78,0x00000000d5580000)
 Metaspace       used 34790K, capacity 35188K, committed 35416K, reserved 1081344K
  class space    used 3969K, capacity 4092K, committed 4096K, reserved 1048576K
}
Event: 10.856 GC heap before
{Heap before GC invocations=5 (full 2):
 PSYoungGen      total 611840K, used 524800K [0x00000000d5580000, 0x0000000100000000, 0x0000000100000000)
  eden space 524800K, 100% used [0x00000000d5580000,0x00000000f5600000,0x00000000f5600000)
  from space 87040K, 0% used [0x00000000fab00000,0x00000000fab00000,0x0000000100000000)
  to   space 87040K, 0% used [0x00000000f5600000,0x00000000f5600000,0x00000000fab00000)
 ParOldGen       total 1398272K, used 23547K [0x0000000080000000, 0x00000000d5580000, 0x00000000d5580000)
  object space 1398272K, 1% used [0x0000000080000000,0x00000000816fec78,0x00000000d5580000)
 Metaspace       used 51349K, capacity 52820K, committed 52992K, reserved 1095680K
  class space    used 6056K, capacity 6330K, committed 6400K, reserved 1048576K
Event: 10.917 GC heap after
Heap after GC invocations=5 (full 2):
 PSYoungGen      total 611840K, used 24840K [0x00000000d5580000, 0x0000000100000000, 0x0000000100000000)
  eden space 524800K, 0% used [0x00000000d5580000,0x00000000d5580000,0x00000000f5600000)
  from space 87040K, 28% used [0x00000000f5600000,0x00000000f6e42368,0x00000000fab00000)
  to   space 87040K, 0% used [0x00000000fab00000,0x00000000fab00000,0x0000000100000000)
 ParOldGen       total 1398272K, used 23555K [0x0000000080000000, 0x00000000d5580000, 0x00000000d5580000)
  object space 1398272K, 1% used [0x0000000080000000,0x0000000081700c78,0x00000000d5580000)
 Metaspace       used 51349K, capacity 52820K, committed 52992K, reserved 1095680K
  class space    used 6056K, capacity 6330K, committed 6400K, reserved 1048576K
}
Event: 12.175 GC heap before
{Heap before GC invocations=6 (full 2):
 PSYoungGen      total 611840K, used 183520K [0x00000000d5580000, 0x0000000100000000, 0x0000000100000000)
  eden space 524800K, 30% used [0x00000000d5580000,0x00000000df076018,0x00000000f5600000)
  from space 87040K, 28% used [0x00000000f5600000,0x00000000f6e42368,0x00000000fab00000)
  to   space 87040K, 0% used [0x00000000fab00000,0x00000000fab00000,0x0000000100000000)
 ParOldGen       total 1398272K, used 23555K [0x0000000080000000, 0x00000000d5580000, 0x00000000d5580000)
  object space 1398272K, 1% used [0x0000000080000000,0x0000000081700c78,0x00000000d5580000)
 Metaspace       used 57253K, capacity 58870K, committed 59008K, reserved 1101824K
  class space    used 6618K, capacity 6949K, committed 7040K, reserved 1048576K
Event: 12.219 GC heap after
Heap after GC invocations=6 (full 2):
 PSYoungGen      total 611840K, used 22012K [0x00000000d5580000, 0x0000000100000000, 0x0000000100000000)
  eden space 524800K, 0% used [0x00000000d5580000,0x00000000d5580000,0x00000000f5600000)
  from space 87040K, 25% used [0x00000000fab00000,0x00000000fc07f0e0,0x0000000100000000)
  to   space 87040K, 0% used [0x00000000f5600000,0x00000000f5600000,0x00000000fab00000)
 ParOldGen       total 1398272K, used 23563K [0x0000000080000000, 0x00000000d5580000, 0x00000000d5580000)
  object space 1398272K, 1% used [0x0000000080000000,0x0000000081702c78,0x00000000d5580000)
 Metaspace       used 57253K, capacity 58870K, committed 59008K, reserved 1101824K
  class space    used 6618K, capacity 6949K, committed 7040K, reserved 1048576K
}
Event: 12.219 GC heap before
{Heap before GC invocations=7 (full 3):
 PSYoungGen      total 611840K, used 22012K [0x00000000d5580000, 0x0000000100000000, 0x0000000100000000)
  eden space 524800K, 0% used [0x00000000d5580000,0x00000000d5580000,0x00000000f5600000)
  from space 87040K, 25% used [0x00000000fab00000,0x00000000fc07f0e0,0x0000000100000000)
  to   space 87040K, 0% used [0x00000000f5600000,0x00000000f5600000,0x00000000fab00000)
 ParOldGen       total 1398272K, used 23563K [0x0000000080000000, 0x00000000d5580000, 0x00000000d5580000)
  object space 1398272K, 1% used [0x0000000080000000,0x0000000081702c78,0x00000000d5580000)
 Metaspace       used 57253K, capacity 58870K, committed 59008K, reserved 1101824K
  class space    used 6618K, capacity 6949K, committed 7040K, reserved 1048576K
Event: 12.521 GC heap after
Heap after GC invocations=7 (full 3):
 PSYoungGen      total 611840K, used 0K [0x00000000d5580000, 0x0000000100000000, 0x0000000100000000)
  eden space 524800K, 0% used [0x00000000d5580000,0x00000000d5580000,0x00000000f5600000)
  from space 87040K, 0% used [0x00000000fab00000,0x00000000fab00000,0x0000000100000000)
  to   space 87040K, 0% used [0x00000000f5600000,0x00000000f5600000,0x00000000fab00000)
 ParOldGen       total 1398272K, used 33507K [0x0000000080000000, 0x00000000d5580000, 0x00000000d5580000)
  object space 1398272K, 2% used [0x0000000080000000,0x00000000820b8c18,0x00000000d5580000)
 Metaspace       used 57199K, capacity 58734K, committed 59008K, reserved 1101824K
  class space    used 6598K, capacity 6915K, committed 7040K, reserved 1048576K
}

