# JRE version: OpenJDK Runtime Environment (8.0_212-b04) (build 1.8.0_212-b04)
# Java VM: OpenJDK 64-Bit Server VM (25.212-b04 mixed mode linux-amd64 compressed oops)
Heap:
 PSYoungGen      total 611840K, used 234885K [0x00000000d5580000, 0x0000000100000000, 0x0000000100000000)
  eden space 524800K, 44% used [0x00000000d5580000,0x00000000e3ae1508,0x00000000f5600000)
  from space 87040K, 0% used [0x00000000fab00000,0x00000000fab00000,0x0000000100000000)
  to   space 87040K, 0% used [0x00000000f5600000,0x00000000f5600000,0x00000000fab00000)
 ParOldGen       total 1398272K, used 29209K [0x0000000080000000, 0x00000000d5580000, 0x00000000d5580000)
  object space 1398272K, 2% used [0x0000000080000000,0x0000000081c865e8,0x00000000d5580000)
 Metaspace       used 64767K, capacity 67214K, committed 67456K, reserved 1107968K
  class space    used 7492K, capacity 7951K, committed 8064K, reserved 1048576K
GC Heap History (10 events):
Event: 4.951 GC heap before
{Heap before GC invocations=3 (full 1):
 PSYoungGen      total 611840K, used 469964K [0x00000000d5580000, 0x0000000100000000, 0x0000000100000000)
  eden space 524800K, 89% used [0x00000000d5580000,0x00000000f2073200,0x00000000f5600000)
  from space 87040K, 0% used [0x00000000f5600000,0x00000000f5600000,0x00000000fab00000)
  to   space 87040K, 0% used [0x00000000fab00000,0x00000000fab00000,0x0000000100000000)
 ParOldGen       total 860160K, used 14305K [0x0000000080000000, 0x00000000b4800000, 0x00000000d5580000)
  object space 860160K, 1% used [0x0000000080000000,0x0000000080df8528,0x00000000b4800000)
 Metaspace       used 34725K, capacity 35092K, committed 35416K, reserved 1081344K
  class space    used 3953K, capacity 4060K, committed 4096K, reserved 1048576K
Event: 4.991 GC heap after
Heap after GC invocations=3 (full 1):
 PSYoungGen      total 611840K, used 19239K [0x00000000d5580000, 0x0000000100000000, 0x0000000100000000)
  eden space 524800K, 0% used [0x00000000d5580000,0x00000000d5580000,0x00000000f5600000)
  from space 87040K, 22% used [0x00000000fab00000,0x00000000fbdc9ee8,0x0000000100000000)
  to   space 87040K, 0% used [0x00000000f5600000,0x00000000f5600000,0x00000000fab00000)
 ParOldGen       total 860160K, used 14305K [0x0000000080000000, 0x00000000b4800000, 0x00000000d5580000)
  object space 860160K, 1% used [0x0000000080000000,0x0000000080df8528,0x00000000b4800000)
 Metaspace       used 34725K, capacity 35092K, committed 35416K, reserved 1081344K
  class space    used 3953K, capacity 4060K, committed 4096K, reserved 1048576K
}
Event: 4.991 GC heap before
{Heap before GC invocations=4 (full 2):
 PSYoungGen      total 611840K, used 19239K [0x00000000d5580000, 0x0000000100000000, 0x0000000100000000)
  eden space 524800K, 0% used [0x00000000d5580000,0x00000000d5580000,0x00000000f5600000)
  from space 87040K, 22% used [0x00000000fab00000,0x00000000fbdc9ee8,0x0000000100000000)
  to   space 87040K, 0% used [0x00000000f5600000,0x00000000f5600000,0x00000000fab00000)
 ParOldGen       total 860160K, used 14305K [0x0000000080000000, 0x00000000b4800000, 0x00000000d5580000)
  object space 860160K, 1% used [0x0000000080000000,0x0000000080df8528,0x00000000b4800000)
 Metaspace       used 34725K, capacity 35092K, committed 35416K, reserved 1081344K
  class space    used 3953K, capacity 4060K, committed 4096K, reserved 1048576K
Event: 5.117 GC heap after
Heap after GC invocations=4 (full 2):
 PSYoungGen      total 611840K, used 0K [0x00000000d5580000, 0x0000000100000000, 0x0000000100000000)
  eden space 524800K, 0% used [0x00000000d5580000,0x00000000d5580000,0x00000000f5600000)
  from space 87040K, 0% used [0x00000000fab00000,0x00000000fab00000,0x0000000100000000)
  to   space 87040K, 0% used [0x00000000f5600000,0x00000000f5600000,0x00000000fab00000)
 ParOldGen       total 1398272K, used 23735K [0x0000000080000000, 0x00000000d5580000, 0x00000000d5580000)
  object space 1398272K, 1% used [0x0000000080000000,0x000000008172dfe0,0x00000000d5580000)
 Metaspace       used 34725K, capacity 35092K, committed 35416K, reserved 1081344K
  class space    used 3953K, capacity 4060K, committed 4096K, reserved 1048576K
}
Event: 11.453 GC heap before
{Heap before GC invocations=5 (full 2):
 PSYoungGen      total 611840K, used 524788K [0x00000000d5580000, 0x0000000100000000, 0x0000000100000000)
  eden space 524800K, 99% used [0x00000000d5580000,0x00000000f55fd108,0x00000000f5600000)
  from space 87040K, 0% used [0x00000000fab00000,0x00000000fab00000,0x0000000100000000)
  to   space 87040K, 0% used [0x00000000f5600000,0x00000000f5600000,0x00000000fab00000)
 ParOldGen       total 1398272K, used 23735K [0x0000000080000000, 0x00000000d5580000, 0x00000000d5580000)
  object space 1398272K, 1% used [0x0000000080000000,0x000000008172dfe0,0x00000000d5580000)
 Metaspace       used 51614K, capacity 53014K, committed 53248K, reserved 1095680K
  class space    used 6083K, capacity 6339K, committed 6400K, reserved 1048576K
Event: 11.505 GC heap after
Heap after GC invocations=5 (full 2):
 PSYoungGen      total 611840K, used 23867K [0x00000000d5580000, 0x0000000100000000, 0x0000000100000000)
  eden space 524800K, 0% used [0x00000000d5580000,0x00000000d5580000,0x00000000f5600000)
  from space 87040K, 27% used [0x00000000f5600000,0x00000000f6d4efe8,0x00000000fab00000)
  to   space 87040K, 0% used [0x00000000fab00000,0x00000000fab00000,0x0000000100000000)
 ParOldGen       total 1398272K, used 23743K [0x0000000080000000, 0x00000000d5580000, 0x00000000d5580000)
  object space 1398272K, 1% used [0x0000000080000000,0x000000008172ffe0,0x00000000d5580000)
 Metaspace       used 51614K, capacity 53014K, committed 53248K, reserved 1095680K
  class space    used 6083K, capacity 6339K, committed 6400K, reserved 1048576K
}
Event: 12.376 GC heap before
{Heap before GC invocations=6 (full 2):
 PSYoungGen      total 611840K, used 197413K [0x00000000d5580000, 0x0000000100000000, 0x0000000100000000)
  eden space 524800K, 33% used [0x00000000d5580000,0x00000000dfefa7f0,0x00000000f5600000)
  from space 87040K, 27% used [0x00000000f5600000,0x00000000f6d4efe8,0x00000000fab00000)
  to   space 87040K, 0% used [0x00000000fab00000,0x00000000fab00000,0x0000000100000000)
 ParOldGen       total 1398272K, used 23743K [0x0000000080000000, 0x00000000d5580000, 0x00000000d5580000)
  object space 1398272K, 1% used [0x0000000080000000,0x000000008172ffe0,0x00000000d5580000)
 Metaspace       used 57400K, capacity 58828K, committed 59008K, reserved 1101824K
  class space    used 6638K, capacity 6926K, committed 7040K, reserved 1048576K
Event: 12.409 GC heap after
Heap after GC invocations=6 (full 2):
 PSYoungGen      total 611840K, used 17350K [0x00000000d5580000, 0x0000000100000000, 0x0000000100000000)
  eden space 524800K, 0% used [0x00000000d5580000,0x00000000d5580000,0x00000000f5600000)
  from space 87040K, 19% used [0x00000000fab00000,0x00000000fbbf1b88,0x0000000100000000)
  to   space 87040K, 0% used [0x00000000f5600000,0x00000000f5600000,0x00000000fab00000)
 ParOldGen       total 1398272K, used 23751K [0x0000000080000000, 0x00000000d5580000, 0x00000000d5580000)
  object space 1398272K, 1% used [0x0000000080000000,0x0000000081731fe0,0x00000000d5580000)
 Metaspace       used 57400K, capacity 58828K, committed 59008K, reserved 1101824K
  class space    used 6638K, capacity 6926K, committed 7040K, reserved 1048576K
}
Event: 12.409 GC heap before
{Heap before GC invocations=7 (full 3):
 PSYoungGen      total 611840K, used 17350K [0x00000000d5580000, 0x0000000100000000, 0x0000000100000000)
  eden space 524800K, 0% used [0x00000000d5580000,0x00000000d5580000,0x00000000f5600000)
  from space 87040K, 19% used [0x00000000fab00000,0x00000000fbbf1b88,0x0000000100000000)
  to   space 87040K, 0% used [0x00000000f5600000,0x00000000f5600000,0x00000000fab00000)
 ParOldGen       total 1398272K, used 23751K [0x0000000080000000, 0x00000000d5580000, 0x00000000d5580000)
  object space 1398272K, 1% used [0x0000000080000000,0x0000000081731fe0,0x00000000d5580000)
 Metaspace       used 57400K, capacity 58828K, committed 59008K, reserved 1101824K
  class space    used 6638K, capacity 6926K, committed 7040K, reserved 1048576K
Event: 12.680 GC heap after
Heap after GC invocations=7 (full 3):
 PSYoungGen      total 611840K, used 0K [0x00000000d5580000, 0x0000000100000000, 0x0000000100000000)
  eden space 524800K, 0% used [0x00000000d5580000,0x00000000d5580000,0x00000000f5600000)
  from space 87040K, 0% used [0x00000000fab00000,0x00000000fab00000,0x0000000100000000)
  to   space 87040K, 0% used [0x00000000f5600000,0x00000000f5600000,0x00000000fab00000)
 ParOldGen       total 1398272K, used 29209K [0x0000000080000000, 0x00000000d5580000, 0x00000000d5580000)
  object space 1398272K, 2% used [0x0000000080000000,0x0000000081c865e8,0x00000000d5580000)
 Metaspace       used 57377K, capacity 58768K, committed 59008K, reserved 1101824K
  class space    used 6630K, capacity 6912K, committed 7040K, reserved 1048576K
}

