# JRE version: OpenJDK Runtime Environment (8.0_212-b04) (build 1.8.0_212-b04)
# Java VM: OpenJDK 64-Bit Server VM (25.212-b04 mixed mode linux-amd64 compressed oops)
Heap:
 PSYoungGen      total 611840K, used 354035K [0x00000000d5580000, 0x0000000100000000, 0x0000000100000000)
  eden space 524800K, 67% used [0x00000000d5580000,0x00000000eaf3cd08,0x00000000f5600000)
  from space 87040K, 0% used [0x00000000fab00000,0x00000000fab00000,0x0000000100000000)
  to   space 87040K, 0% used [0x00000000f5600000,0x00000000f5600000,0x00000000fab00000)
 ParOldGen       total 1398272K, used 23384K [0x0000000080000000, 0x00000000d5580000, 0x00000000d5580000)
  object space 1398272K, 1% used [0x0000000080000000,0x00000000816d61f8,0x00000000d5580000)
 Metaspace       used 61542K, capacity 63704K, committed 63872K, reserved 1105920K
  class space    used 7123K, capacity 7518K, committed 7552K, reserved 1048576K
GC Heap History (10 events):
Event: 4.718 GC heap before
{Heap before GC invocations=3 (full 1):
 PSYoungGen      total 611840K, used 415909K [0x00000000d5580000, 0x0000000100000000, 0x0000000100000000)
  eden space 524800K, 79% used [0x00000000d5580000,0x00000000eeba97e0,0x00000000f5600000)
  from space 87040K, 0% used [0x00000000f5600000,0x00000000f5600000,0x00000000fab00000)
  to   space 87040K, 0% used [0x00000000fab00000,0x00000000fab00000,0x0000000100000000)
 ParOldGen       total 872448K, used 14246K [0x0000000080000000, 0x00000000b5400000, 0x00000000d5580000)
  object space 872448K, 1% used [0x0000000080000000,0x0000000080de9ad8,0x00000000b5400000)
 Metaspace       used 34794K, capacity 35156K, committed 35416K, reserved 1081344K
  class space    used 3964K, capacity 4060K, committed 4096K, reserved 1048576K
Event: 4.757 GC heap after
Heap after GC invocations=3 (full 1):
 PSYoungGen      total 611840K, used 19330K [0x00000000d5580000, 0x0000000100000000, 0x0000000100000000)
  eden space 524800K, 0% used [0x00000000d5580000,0x00000000d5580000,0x00000000f5600000)
  from space 87040K, 22% used [0x00000000fab00000,0x00000000fbde0b08,0x0000000100000000)
  to   space 87040K, 0% used [0x00000000f5600000,0x00000000f5600000,0x00000000fab00000)
 ParOldGen       total 872448K, used 14254K [0x0000000080000000, 0x00000000b5400000, 0x00000000d5580000)
  object space 872448K, 1% used [0x0000000080000000,0x0000000080debad8,0x00000000b5400000)
 Metaspace       used 34794K, capacity 35156K, committed 35416K, reserved 1081344K
  class space    used 3964K, capacity 4060K, committed 4096K, reserved 1048576K
}
Event: 4.757 GC heap before
{Heap before GC invocations=4 (full 2):
 PSYoungGen      total 611840K, used 19330K [0x00000000d5580000, 0x0000000100000000, 0x0000000100000000)
  eden space 524800K, 0% used [0x00000000d5580000,0x00000000d5580000,0x00000000f5600000)
  from space 87040K, 22% used [0x00000000fab00000,0x00000000fbde0b08,0x0000000100000000)
  to   space 87040K, 0% used [0x00000000f5600000,0x00000000f5600000,0x00000000fab00000)
 ParOldGen       total 872448K, used 14254K [0x0000000080000000, 0x00000000b5400000, 0x00000000d5580000)
  object space 872448K, 1% used [0x0000000080000000,0x0000000080debad8,0x00000000b5400000)
 Metaspace       used 34794K, capacity 35156K, committed 35416K, reserved 1081344K
  class space    used 3964K, capacity 4060K, committed 4096K, reserved 1048576K
Event: 4.878 GC heap after
Heap after GC invocations=4 (full 2):
 PSYoungGen      total 611840K, used 0K [0x00000000d5580000, 0x0000000100000000, 0x0000000100000000)
  eden space 524800K, 0% used [0x00000000d5580000,0x00000000d5580000,0x00000000f5600000)
  from space 87040K, 0% used [0x00000000fab00000,0x00000000fab00000,0x0000000100000000)
  to   space 87040K, 0% used [0x00000000f5600000,0x00000000f5600000,0x00000000fab00000)
 ParOldGen       total 1398272K, used 23766K [0x0000000080000000, 0x00000000d5580000, 0x00000000d5580000)
  object space 1398272K, 1% used [0x0000000080000000,0x0000000081735828,0x00000000d5580000)
 Metaspace       used 34794K, capacity 35156K, committed 35416K, reserved 1081344K
  class space    used 3964K, capacity 4060K, committed 4096K, reserved 1048576K
}
Event: 11.829 GC heap before
{Heap before GC invocations=5 (full 2):
 PSYoungGen      total 611840K, used 524800K [0x00000000d5580000, 0x0000000100000000, 0x0000000100000000)
  eden space 524800K, 100% used [0x00000000d5580000,0x00000000f5600000,0x00000000f5600000)
  from space 87040K, 0% used [0x00000000fab00000,0x00000000fab00000,0x0000000100000000)
  to   space 87040K, 0% used [0x00000000f5600000,0x00000000f5600000,0x00000000fab00000)
 ParOldGen       total 1398272K, used 23766K [0x0000000080000000, 0x00000000d5580000, 0x00000000d5580000)
  object space 1398272K, 1% used [0x0000000080000000,0x0000000081735828,0x00000000d5580000)
 Metaspace       used 56741K, capacity 58112K, committed 58368K, reserved 1101824K
  class space    used 6586K, capacity 6824K, committed 6912K, reserved 1048576K
Event: 11.892 GC heap after
Heap after GC invocations=5 (full 2):
 PSYoungGen      total 611840K, used 29473K [0x00000000d5580000, 0x0000000100000000, 0x0000000100000000)
  eden space 524800K, 0% used [0x00000000d5580000,0x00000000d5580000,0x00000000f5600000)
  from space 87040K, 33% used [0x00000000f5600000,0x00000000f72c8758,0x00000000fab00000)
  to   space 87040K, 0% used [0x00000000fab00000,0x00000000fab00000,0x0000000100000000)
 ParOldGen       total 1398272K, used 23774K [0x0000000080000000, 0x00000000d5580000, 0x00000000d5580000)
  object space 1398272K, 1% used [0x0000000080000000,0x0000000081737828,0x00000000d5580000)
 Metaspace       used 56741K, capacity 58112K, committed 58368K, reserved 1101824K
  class space    used 6586K, capacity 6824K, committed 6912K, reserved 1048576K
}
Event: 11.945 GC heap before
{Heap before GC invocations=6 (full 2):
 PSYoungGen      total 611840K, used 49699K [0x00000000d5580000, 0x0000000100000000, 0x0000000100000000)
  eden space 524800K, 3% used [0x00000000d5580000,0x00000000d6940800,0x00000000f5600000)
  from space 87040K, 33% used [0x00000000f5600000,0x00000000f72c8758,0x00000000fab00000)
  to   space 87040K, 0% used [0x00000000fab00000,0x00000000fab00000,0x0000000100000000)
 ParOldGen       total 1398272K, used 23774K [0x0000000080000000, 0x00000000d5580000, 0x00000000d5580000)
  object space 1398272K, 1% used [0x0000000080000000,0x0000000081737828,0x00000000d5580000)
 Metaspace       used 57309K, capacity 58726K, committed 59008K, reserved 1101824K
  class space    used 6642K, capacity 6921K, committed 7040K, reserved 1048576K
Event: 11.968 GC heap after
Heap after GC invocations=6 (full 2):
 PSYoungGen      total 611840K, used 11070K [0x00000000d5580000, 0x0000000100000000, 0x0000000100000000)
  eden space 524800K, 0% used [0x00000000d5580000,0x00000000d5580000,0x00000000f5600000)
  from space 87040K, 12% used [0x00000000fab00000,0x00000000fb5cf900,0x0000000100000000)
  to   space 87040K, 0% used [0x00000000f5600000,0x00000000f5600000,0x00000000fab00000)
 ParOldGen       total 1398272K, used 23782K [0x0000000080000000, 0x00000000d5580000, 0x00000000d5580000)
  object space 1398272K, 1% used [0x0000000080000000,0x0000000081739828,0x00000000d5580000)
 Metaspace       used 57309K, capacity 58726K, committed 59008K, reserved 1101824K
  class space    used 6642K, capacity 6921K, committed 7040K, reserved 1048576K
}
Event: 11.968 GC heap before
{Heap before GC invocations=7 (full 3):
 PSYoungGen      total 611840K, used 11070K [0x00000000d5580000, 0x0000000100000000, 0x0000000100000000)
  eden space 524800K, 0% used [0x00000000d5580000,0x00000000d5580000,0x00000000f5600000)
  from space 87040K, 12% used [0x00000000fab00000,0x00000000fb5cf900,0x0000000100000000)
  to   space 87040K, 0% used [0x00000000f5600000,0x00000000f5600000,0x00000000fab00000)
 ParOldGen       total 1398272K, used 23782K [0x0000000080000000, 0x00000000d5580000, 0x00000000d5580000)
  object space 1398272K, 1% used [0x0000000080000000,0x0000000081739828,0x00000000d5580000)
 Metaspace       used 57309K, capacity 58726K, committed 59008K, reserved 1101824K
  class space    used 6642K, capacity 6921K, committed 7040K, reserved 1048576K
Event: 12.229 GC heap after
Heap after GC invocations=7 (full 3):
 PSYoungGen      total 611840K, used 0K [0x00000000d5580000, 0x0000000100000000, 0x0000000100000000)
  eden space 524800K, 0% used [0x00000000d5580000,0x00000000d5580000,0x00000000f5600000)
  from space 87040K, 0% used [0x00000000fab00000,0x00000000fab00000,0x0000000100000000)
  to   space 87040K, 0% used [0x00000000f5600000,0x00000000f5600000,0x00000000fab00000)
 ParOldGen       total 1398272K, used 23384K [0x0000000080000000, 0x00000000d5580000, 0x00000000d5580000)
  object space 1398272K, 1% used [0x0000000080000000,0x00000000816d61f8,0x00000000d5580000)
 Metaspace       used 57286K, capacity 58666K, committed 59008K, reserved 1101824K
  class space    used 6634K, capacity 6907K, committed 7040K, reserved 1048576K
}

