# JRE version: OpenJDK Runtime Environment (8.0_212-b04) (build 1.8.0_212-b04)
# Java VM: OpenJDK 64-Bit Server VM (25.212-b04 mixed mode linux-amd64 compressed oops)
Heap:
 PSYoungGen      total 611840K, used 350583K [0x00000000d5580000, 0x0000000100000000, 0x0000000100000000)
  eden space 524800K, 66% used [0x00000000d5580000,0x00000000eabddf60,0x00000000f5600000)
  from space 87040K, 0% used [0x00000000f5600000,0x00000000f5600000,0x00000000fab00000)
  to   space 87040K, 0% used [0x00000000fab00000,0x00000000fab00000,0x0000000100000000)
 ParOldGen       total 1398272K, used 38444K [0x0000000080000000, 0x00000000d5580000, 0x00000000d5580000)
  object space 1398272K, 2% used [0x0000000080000000,0x000000008258b1c0,0x00000000d5580000)
 Metaspace       used 67464K, capacity 70200K, committed 70400K, reserved 1112064K
  class space    used 7693K, capacity 8172K, committed 8192K, reserved 1048576K
GC Heap History (10 events):
Event: 2.230 GC heap before
{Heap before GC invocations=2 (full 1):
 PSYoungGen      total 611840K, used 19113K [0x00000000d5580000, 0x0000000100000000, 0x0000000100000000)
  eden space 524800K, 0% used [0x00000000d5580000,0x00000000d5580000,0x00000000f5600000)
  from space 87040K, 21% used [0x00000000f5600000,0x00000000f68aa698,0x00000000fab00000)
  to   space 87040K, 0% used [0x00000000fab00000,0x00000000fab00000,0x0000000100000000)
 ParOldGen       total 1398272K, used 16K [0x0000000080000000, 0x00000000d5580000, 0x00000000d5580000)
  object space 1398272K, 0% used [0x0000000080000000,0x0000000080004000,0x00000000d5580000)
 Metaspace       used 20884K, capacity 21096K, committed 21248K, reserved 1069056K
  class space    used 2351K, capacity 2446K, committed 2560K, reserved 1048576K
Event: 2.324 GC heap after
Heap after GC invocations=2 (full 1):
 PSYoungGen      total 611840K, used 0K [0x00000000d5580000, 0x0000000100000000, 0x0000000100000000)
  eden space 524800K, 0% used [0x00000000d5580000,0x00000000d5580000,0x00000000f5600000)
  from space 87040K, 0% used [0x00000000f5600000,0x00000000f5600000,0x00000000fab00000)
  to   space 87040K, 0% used [0x00000000fab00000,0x00000000fab00000,0x0000000100000000)
 ParOldGen       total 883200K, used 18407K [0x0000000080000000, 0x00000000b5e80000, 0x00000000d5580000)
  object space 883200K, 2% used [0x0000000080000000,0x00000000811f9f88,0x00000000b5e80000)
 Metaspace       used 20884K, capacity 21096K, committed 21248K, reserved 1069056K
  class space    used 2351K, capacity 2446K, committed 2560K, reserved 1048576K
}
Event: 4.714 GC heap before
{Heap before GC invocations=3 (full 1):
 PSYoungGen      total 611840K, used 419846K [0x00000000d5580000, 0x0000000100000000, 0x0000000100000000)
  eden space 524800K, 80% used [0x00000000d5580000,0x00000000eef81860,0x00000000f5600000)
  from space 87040K, 0% used [0x00000000f5600000,0x00000000f5600000,0x00000000fab00000)
  to   space 87040K, 0% used [0x00000000fab00000,0x00000000fab00000,0x0000000100000000)
 ParOldGen       total 883200K, used 18407K [0x0000000080000000, 0x00000000b5e80000, 0x00000000d5580000)
  object space 883200K, 2% used [0x0000000080000000,0x00000000811f9f88,0x00000000b5e80000)
 Metaspace       used 34753K, capacity 35184K, committed 35416K, reserved 1081344K
  class space    used 3972K, capacity 4070K, committed 4096K, reserved 1048576K
Event: 4.744 GC heap after
Heap after GC invocations=3 (full 1):
 PSYoungGen      total 611840K, used 14412K [0x00000000d5580000, 0x0000000100000000, 0x0000000100000000)
  eden space 524800K, 0% used [0x00000000d5580000,0x00000000d5580000,0x00000000f5600000)
  from space 87040K, 16% used [0x00000000fab00000,0x00000000fb9130f0,0x0000000100000000)
  to   space 87040K, 0% used [0x00000000f5600000,0x00000000f5600000,0x00000000fab00000)
 ParOldGen       total 883200K, used 18479K [0x0000000080000000, 0x00000000b5e80000, 0x00000000d5580000)
  object space 883200K, 2% used [0x0000000080000000,0x000000008120bf98,0x00000000b5e80000)
 Metaspace       used 34753K, capacity 35184K, committed 35416K, reserved 1081344K
  class space    used 3972K, capacity 4070K, committed 4096K, reserved 1048576K
}
Event: 4.744 GC heap before
{Heap before GC invocations=4 (full 2):
 PSYoungGen      total 611840K, used 14412K [0x00000000d5580000, 0x0000000100000000, 0x0000000100000000)
  eden space 524800K, 0% used [0x00000000d5580000,0x00000000d5580000,0x00000000f5600000)
  from space 87040K, 16% used [0x00000000fab00000,0x00000000fb9130f0,0x0000000100000000)
  to   space 87040K, 0% used [0x00000000f5600000,0x00000000f5600000,0x00000000fab00000)
 ParOldGen       total 883200K, used 18479K [0x0000000080000000, 0x00000000b5e80000, 0x00000000d5580000)
  object space 883200K, 2% used [0x0000000080000000,0x000000008120bf98,0x00000000b5e80000)
 Metaspace       used 34753K, capacity 35184K, committed 35416K, reserved 1081344K
  class space    used 3972K, capacity 4070K, committed 4096K, reserved 1048576K
Event: 4.849 GC heap after
Heap after GC invocations=4 (full 2):
 PSYoungGen      total 611840K, used 0K [0x00000000d5580000, 0x0000000100000000, 0x0000000100000000)
  eden space 524800K, 0% used [0x00000000d5580000,0x00000000d5580000,0x00000000f5600000)
  from space 87040K, 0% used [0x00000000fab00000,0x00000000fab00000,0x0000000100000000)
  to   space 87040K, 0% used [0x00000000f5600000,0x00000000f5600000,0x00000000fab00000)
 ParOldGen       total 1398272K, used 22575K [0x0000000080000000, 0x00000000d5580000, 0x00000000d5580000)
  object space 1398272K, 1% used [0x0000000080000000,0x000000008160be50,0x00000000d5580000)
 Metaspace       used 34753K, capacity 35184K, committed 35416K, reserved 1081344K
  class space    used 3972K, capacity 4070K, committed 4096K, reserved 1048576K
}
Event: 11.107 GC heap before
{Heap before GC invocations=5 (full 2):
 PSYoungGen      total 611840K, used 332157K [0x00000000d5580000, 0x0000000100000000, 0x0000000100000000)
  eden space 524800K, 63% used [0x00000000d5580000,0x00000000e99df5b0,0x00000000f5600000)
  from space 87040K, 0% used [0x00000000fab00000,0x00000000fab00000,0x0000000100000000)
  to   space 87040K, 0% used [0x00000000f5600000,0x00000000f5600000,0x00000000fab00000)
 ParOldGen       total 1398272K, used 22575K [0x0000000080000000, 0x00000000d5580000, 0x00000000d5580000)
  object space 1398272K, 1% used [0x0000000080000000,0x000000008160be50,0x00000000d5580000)
 Metaspace       used 57598K, capacity 58918K, committed 59008K, reserved 1101824K
  class space    used 6730K, capacity 6999K, committed 7040K, reserved 1048576K
Event: 11.160 GC heap after
Heap after GC invocations=5 (full 2):
 PSYoungGen      total 611840K, used 27035K [0x00000000d5580000, 0x0000000100000000, 0x0000000100000000)
  eden space 524800K, 0% used [0x00000000d5580000,0x00000000d5580000,0x00000000f5600000)
  from space 87040K, 31% used [0x00000000f5600000,0x00000000f7066d20,0x00000000fab00000)
  to   space 87040K, 0% used [0x00000000fab00000,0x00000000fab00000,0x0000000100000000)
 ParOldGen       total 1398272K, used 22583K [0x0000000080000000, 0x00000000d5580000, 0x00000000d5580000)
  object space 1398272K, 1% used [0x0000000080000000,0x000000008160de50,0x00000000d5580000)
 Metaspace       used 57598K, capacity 58918K, committed 59008K, reserved 1101824K
  class space    used 6730K, capacity 6999K, committed 7040K, reserved 1048576K
}
Event: 11.160 GC heap before
{Heap before GC invocations=6 (full 3):
 PSYoungGen      total 611840K, used 27035K [0x00000000d5580000, 0x0000000100000000, 0x0000000100000000)
  eden space 524800K, 0% used [0x00000000d5580000,0x00000000d5580000,0x00000000f5600000)
  from space 87040K, 31% used [0x00000000f5600000,0x00000000f7066d20,0x00000000fab00000)
  to   space 87040K, 0% used [0x00000000fab00000,0x00000000fab00000,0x0000000100000000)
 ParOldGen       total 1398272K, used 22583K [0x0000000080000000, 0x00000000d5580000, 0x00000000d5580000)
  object space 1398272K, 1% used [0x0000000080000000,0x000000008160de50,0x00000000d5580000)
 Metaspace       used 57598K, capacity 58918K, committed 59008K, reserved 1101824K
  class space    used 6730K, capacity 6999K, committed 7040K, reserved 1048576K
Event: 11.385 GC heap after
Heap after GC invocations=6 (full 3):
 PSYoungGen      total 611840K, used 0K [0x00000000d5580000, 0x0000000100000000, 0x0000000100000000)
  eden space 524800K, 0% used [0x00000000d5580000,0x00000000d5580000,0x00000000f5600000)
  from space 87040K, 0% used [0x00000000f5600000,0x00000000f5600000,0x00000000fab00000)
  to   space 87040K, 0% used [0x00000000fab00000,0x00000000fab00000,0x0000000100000000)
 ParOldGen       total 1398272K, used 38444K [0x0000000080000000, 0x00000000d5580000, 0x00000000d5580000)
  object space 1398272K, 2% used [0x0000000080000000,0x000000008258b1c0,0x00000000d5580000)
 Metaspace       used 57598K, capacity 58918K, committed 59008K, reserved 1101824K
  class space    used 6730K, capacity 6999K, committed 7040K, reserved 1048576K
}

