# JRE version: OpenJDK Runtime Environment (8.0_212-b04) (build 1.8.0_212-b04)
# Java VM: OpenJDK 64-Bit Server VM (25.212-b04 mixed mode linux-amd64 compressed oops)
Heap:
 PSYoungGen      total 551936K, used 115182K [0x00000000d5580000, 0x0000000100000000, 0x0000000100000000)
  eden space 396288K, 16% used [0x00000000d5580000,0x00000000d9473950,0x00000000ed880000)
  from space 155648K, 32% used [0x00000000f6800000,0x00000000f99880b0,0x0000000100000000)
  to   space 146944K, 0% used [0x00000000ed880000,0x00000000ed880000,0x00000000f6800000)
 ParOldGen       total 1398272K, used 126151K [0x0000000080000000, 0x00000000d5580000, 0x00000000d5580000)
  object space 1398272K, 9% used [0x0000000080000000,0x0000000087b31f80,0x00000000d5580000)
 Metaspace       used 69423K, capacity 72882K, committed 73216K, reserved 1114112K
  class space    used 7732K, capacity 8333K, committed 8448K, reserved 1048576K
GC Heap History (10 events):
Event: 11.625 GC heap before
{Heap before GC invocations=7 (full 3):
 PSYoungGen      total 611840K, used 22555K [0x00000000d5580000, 0x0000000100000000, 0x0000000100000000)
  eden space 524800K, 0% used [0x00000000d5580000,0x00000000d5580000,0x00000000f5600000)
  from space 87040K, 25% used [0x00000000fab00000,0x00000000fc106c40,0x0000000100000000)
  to   space 87040K, 0% used [0x00000000f5600000,0x00000000f5600000,0x00000000fab00000)
 ParOldGen       total 1398272K, used 23546K [0x0000000080000000, 0x00000000d5580000, 0x00000000d5580000)
  object space 1398272K, 1% used [0x0000000080000000,0x00000000816feb88,0x00000000d5580000)
 Metaspace       used 57236K, capacity 58790K, committed 59008K, reserved 1101824K
  class space    used 6597K, capacity 6915K, committed 7040K, reserved 1048576K
Event: 11.872 GC heap after
Heap after GC invocations=7 (full 3):
 PSYoungGen      total 611840K, used 0K [0x00000000d5580000, 0x0000000100000000, 0x0000000100000000)
  eden space 524800K, 0% used [0x00000000d5580000,0x00000000d5580000,0x00000000f5600000)
  from space 87040K, 0% used [0x00000000fab00000,0x00000000fab00000,0x0000000100000000)
  to   space 87040K, 0% used [0x00000000f5600000,0x00000000f5600000,0x00000000fab00000)
 ParOldGen       total 1398272K, used 33935K [0x0000000080000000, 0x00000000d5580000, 0x00000000d5580000)
  object space 1398272K, 2% used [0x0000000080000000,0x0000000082123ce0,0x00000000d5580000)
 Metaspace       used 57200K, capacity 58698K, committed 59008K, reserved 1101824K
  class space    used 6585K, capacity 6893K, committed 7040K, reserved 1048576K
}
Event: 30.008 GC heap before
{Heap before GC invocations=8 (full 3):
 PSYoungGen      total 611840K, used 524800K [0x00000000d5580000, 0x0000000100000000, 0x0000000100000000)
  eden space 524800K, 100% used [0x00000000d5580000,0x00000000f5600000,0x00000000f5600000)
  from space 87040K, 0% used [0x00000000fab00000,0x00000000fab00000,0x0000000100000000)
  to   space 87040K, 0% used [0x00000000f5600000,0x00000000f5600000,0x00000000fab00000)
 ParOldGen       total 1398272K, used 33935K [0x0000000080000000, 0x00000000d5580000, 0x00000000d5580000)
  object space 1398272K, 2% used [0x0000000080000000,0x0000000082123ce0,0x00000000d5580000)
 Metaspace       used 65769K, capacity 68762K, committed 68992K, reserved 1110016K
  class space    used 7521K, capacity 8045K, committed 8064K, reserved 1048576K
Event: 30.223 GC heap after
Heap after GC invocations=8 (full 3):
 PSYoungGen      total 611840K, used 87017K [0x00000000d5580000, 0x00000000ff500000, 0x0000000100000000)
  eden space 524800K, 0% used [0x00000000d5580000,0x00000000d5580000,0x00000000f5600000)
  from space 87040K, 99% used [0x00000000f5600000,0x00000000faafa670,0x00000000fab00000)
  to   space 75776K, 0% used [0x00000000fab00000,0x00000000fab00000,0x00000000ff500000)
 ParOldGen       total 1398272K, used 48313K [0x0000000080000000, 0x00000000d5580000, 0x00000000d5580000)
  object space 1398272K, 3% used [0x0000000080000000,0x0000000082f2e5d8,0x00000000d5580000)
 Metaspace       used 65769K, capacity 68762K, committed 68992K, reserved 1110016K
  class space    used 7521K, capacity 8045K, committed 8064K, reserved 1048576K
}
Event: 82.713 GC heap before
{Heap before GC invocations=9 (full 3):
 PSYoungGen      total 611840K, used 611817K [0x00000000d5580000, 0x00000000ff500000, 0x0000000100000000)
  eden space 524800K, 100% used [0x00000000d5580000,0x00000000f5600000,0x00000000f5600000)
  from space 87040K, 99% used [0x00000000f5600000,0x00000000faafa670,0x00000000fab00000)
  to   space 75776K, 0% used [0x00000000fab00000,0x00000000fab00000,0x00000000ff500000)
 ParOldGen       total 1398272K, used 48313K [0x0000000080000000, 0x00000000d5580000, 0x00000000d5580000)
  object space 1398272K, 3% used [0x0000000080000000,0x0000000082f2e5d8,0x00000000d5580000)
 Metaspace       used 67663K, capacity 70700K, committed 70912K, reserved 1112064K
  class space    used 7601K, capacity 8154K, committed 8192K, reserved 1048576K
Event: 82.955 GC heap after
Heap after GC invocations=9 (full 3):
 PSYoungGen      total 494080K, used 75756K [0x00000000d5580000, 0x0000000100000000, 0x0000000100000000)
  eden space 418304K, 0% used [0x00000000d5580000,0x00000000d5580000,0x00000000eee00000)
  from space 75776K, 99% used [0x00000000fab00000,0x00000000ff4fb1f8,0x00000000ff500000)
  to   space 140288K, 0% used [0x00000000eee00000,0x00000000eee00000,0x00000000f7700000)
 ParOldGen       total 1398272K, used 126143K [0x0000000080000000, 0x00000000d5580000, 0x00000000d5580000)
  object space 1398272K, 9% used [0x0000000080000000,0x0000000087b2ff80,0x00000000d5580000)
 Metaspace       used 67663K, capacity 70700K, committed 70912K, reserved 1112064K
  class space    used 7601K, capacity 8154K, committed 8192K, reserved 1048576K
}
Event: 94.710 GC heap before
{Heap before GC invocations=10 (full 3):
 PSYoungGen      total 494080K, used 493120K [0x00000000d5580000, 0x0000000100000000, 0x0000000100000000)
  eden space 418304K, 99% used [0x00000000d5580000,0x00000000eed15038,0x00000000eee00000)
  from space 75776K, 99% used [0x00000000fab00000,0x00000000ff4fb1f8,0x00000000ff500000)
  to   space 140288K, 0% used [0x00000000eee00000,0x00000000eee00000,0x00000000f7700000)
 ParOldGen       total 1398272K, used 126143K [0x0000000080000000, 0x00000000d5580000, 0x00000000d5580000)
  object space 1398272K, 9% used [0x0000000080000000,0x0000000087b2ff80,0x00000000d5580000)
 Metaspace       used 68552K, capacity 71876K, committed 72064K, reserved 1114112K
  class space    used 7686K, capacity 8254K, committed 8320K, reserved 1048576K
Event: 94.817 GC heap after
Heap after GC invocations=10 (full 3):
 PSYoungGen      total 527360K, used 109017K [0x00000000d5580000, 0x0000000100000000, 0x0000000100000000)
  eden space 418304K, 0% used [0x00000000d5580000,0x00000000d5580000,0x00000000eee00000)
  from space 109056K, 99% used [0x00000000eee00000,0x00000000f5876748,0x00000000f5880000)
  to   space 155648K, 0% used [0x00000000f6800000,0x00000000f6800000,0x0000000100000000)
 ParOldGen       total 1398272K, used 126143K [0x0000000080000000, 0x00000000d5580000, 0x00000000d5580000)
  object space 1398272K, 9% used [0x0000000080000000,0x0000000087b2ff80,0x00000000d5580000)
 Metaspace       used 68552K, capacity 71876K, committed 72064K, reserved 1114112K
  class space    used 7686K, capacity 8254K, committed 8320K, reserved 1048576K
}
Event: 121.528 GC heap before
{Heap before GC invocations=11 (full 3):
 PSYoungGen      total 527360K, used 518204K [0x00000000d5580000, 0x0000000100000000, 0x0000000100000000)
  eden space 418304K, 97% used [0x00000000d5580000,0x00000000ee5189d8,0x00000000eee00000)
  from space 109056K, 99% used [0x00000000eee00000,0x00000000f5876748,0x00000000f5880000)
  to   space 155648K, 0% used [0x00000000f6800000,0x00000000f6800000,0x0000000100000000)
 ParOldGen       total 1398272K, used 126143K [0x0000000080000000, 0x00000000d5580000, 0x00000000d5580000)
  object space 1398272K, 9% used [0x0000000080000000,0x0000000087b2ff80,0x00000000d5580000)
 Metaspace       used 69341K, capacity 72810K, committed 72960K, reserved 1114112K
  class space    used 7732K, capacity 8333K, committed 8448K, reserved 1048576K
Event: 121.601 GC heap after
Heap after GC invocations=11 (full 3):
 PSYoungGen      total 551936K, used 50720K [0x00000000d5580000, 0x0000000100000000, 0x0000000100000000)
  eden space 396288K, 0% used [0x00000000d5580000,0x00000000d5580000,0x00000000ed880000)
  from space 155648K, 32% used [0x00000000f6800000,0x00000000f99880b0,0x0000000100000000)
  to   space 146944K, 0% used [0x00000000ed880000,0x00000000ed880000,0x00000000f6800000)
 ParOldGen       total 1398272K, used 126151K [0x0000000080000000, 0x00000000d5580000, 0x00000000d5580000)
  object space 1398272K, 9% used [0x0000000080000000,0x0000000087b31f80,0x00000000d5580000)
 Metaspace       used 69341K, capacity 72810K, committed 72960K, reserved 1114112K
  class space    used 7732K, capacity 8333K, committed 8448K, reserved 1048576K
}

