# JRE version: OpenJDK Runtime Environment (8.0_212-b04) (build 1.8.0_212-b04)
# Java VM: OpenJDK 64-Bit Server VM (25.212-b04 mixed mode linux-amd64 compressed oops)
Heap:
 PSYoungGen      total 535040K, used 281062K [0x00000000d5580000, 0x0000000100000000, 0x0000000100000000)
  eden space 448000K, 43% used [0x00000000d5580000,0x00000000e12fe660,0x00000000f0b00000)
  from space 87040K, 99% used [0x00000000fab00000,0x00000000ffffb2f0,0x0000000100000000)
  to   space 125440K, 0% used [0x00000000f0b00000,0x00000000f0b00000,0x00000000f8580000)
 ParOldGen       total 1398272K, used 78382K [0x0000000080000000, 0x00000000d5580000, 0x00000000d5580000)
  object space 1398272K, 5% used [0x0000000080000000,0x0000000084c8b9f0,0x00000000d5580000)
 Metaspace       used 71585K, capacity 75156K, committed 75392K, reserved 1116160K
  class space    used 7875K, capacity 8496K, committed 8576K, reserved 1048576K
GC Heap History (10 events):
Event: 11.608 GC heap before
{Heap before GC invocations=5 (full 2):
 PSYoungGen      total 611840K, used 488541K [0x00000000d5580000, 0x0000000100000000, 0x0000000100000000)
  eden space 524800K, 93% used [0x00000000d5580000,0x00000000f3297738,0x00000000f5600000)
  from space 87040K, 0% used [0x00000000fab00000,0x00000000fab00000,0x0000000100000000)
  to   space 87040K, 0% used [0x00000000f5600000,0x00000000f5600000,0x00000000fab00000)
 ParOldGen       total 1398272K, used 23546K [0x0000000080000000, 0x00000000d5580000, 0x00000000d5580000)
  object space 1398272K, 1% used [0x0000000080000000,0x00000000816fe9e8,0x00000000d5580000)
 Metaspace       used 57503K, capacity 58894K, committed 59028K, reserved 1101824K
  class space    used 6635K, capacity 6903K, committed 6912K, reserved 1048576K
Event: 11.698 GC heap after
Heap after GC invocations=5 (full 2):
 PSYoungGen      total 611840K, used 34024K [0x00000000d5580000, 0x0000000100000000, 0x0000000100000000)
  eden space 524800K, 0% used [0x00000000d5580000,0x00000000d5580000,0x00000000f5600000)
  from space 87040K, 39% used [0x00000000f5600000,0x00000000f773a1b8,0x00000000fab00000)
  to   space 87040K, 0% used [0x00000000fab00000,0x00000000fab00000,0x0000000100000000)
 ParOldGen       total 1398272K, used 23554K [0x0000000080000000, 0x00000000d5580000, 0x00000000d5580000)
  object space 1398272K, 1% used [0x0000000080000000,0x00000000817009e8,0x00000000d5580000)
 Metaspace       used 57503K, capacity 58894K, committed 59028K, reserved 1101824K
  class space    used 6635K, capacity 6903K, committed 6912K, reserved 1048576K
}
Event: 11.698 GC heap before
{Heap before GC invocations=6 (full 3):
 PSYoungGen      total 611840K, used 34024K [0x00000000d5580000, 0x0000000100000000, 0x0000000100000000)
  eden space 524800K, 0% used [0x00000000d5580000,0x00000000d5580000,0x00000000f5600000)
  from space 87040K, 39% used [0x00000000f5600000,0x00000000f773a1b8,0x00000000fab00000)
  to   space 87040K, 0% used [0x00000000fab00000,0x00000000fab00000,0x0000000100000000)
 ParOldGen       total 1398272K, used 23554K [0x0000000080000000, 0x00000000d5580000, 0x00000000d5580000)
  object space 1398272K, 1% used [0x0000000080000000,0x00000000817009e8,0x00000000d5580000)
 Metaspace       used 57503K, capacity 58894K, committed 59028K, reserved 1101824K
  class space    used 6635K, capacity 6903K, committed 6912K, reserved 1048576K
Event: 12.026 GC heap after
Heap after GC invocations=6 (full 3):
 PSYoungGen      total 611840K, used 0K [0x00000000d5580000, 0x0000000100000000, 0x0000000100000000)
  eden space 524800K, 0% used [0x00000000d5580000,0x00000000d5580000,0x00000000f5600000)
  from space 87040K, 0% used [0x00000000f5600000,0x00000000f5600000,0x00000000fab00000)
  to   space 87040K, 0% used [0x00000000fab00000,0x00000000fab00000,0x0000000100000000)
 ParOldGen       total 1398272K, used 44399K [0x0000000080000000, 0x00000000d5580000, 0x00000000d5580000)
  object space 1398272K, 3% used [0x0000000080000000,0x0000000082b5be00,0x00000000d5580000)
 Metaspace       used 57465K, capacity 58802K, committed 59028K, reserved 1101824K
  class space    used 6622K, capacity 6881K, committed 6912K, reserved 1048576K
}
Event: 89.474 GC heap before
{Heap before GC invocations=7 (full 3):
 PSYoungGen      total 611840K, used 524800K [0x00000000d5580000, 0x0000000100000000, 0x0000000100000000)
  eden space 524800K, 100% used [0x00000000d5580000,0x00000000f5600000,0x00000000f5600000)
  from space 87040K, 0% used [0x00000000f5600000,0x00000000f5600000,0x00000000fab00000)
  to   space 87040K, 0% used [0x00000000fab00000,0x00000000fab00000,0x0000000100000000)
 ParOldGen       total 1398272K, used 44399K [0x0000000080000000, 0x00000000d5580000, 0x00000000d5580000)
  object space 1398272K, 3% used [0x0000000080000000,0x0000000082b5be00,0x00000000d5580000)
 Metaspace       used 67039K, capacity 69980K, committed 70144K, reserved 1112064K
  class space    used 7630K, capacity 8128K, committed 8192K, reserved 1048576K
Event: 89.586 GC heap after
Heap after GC invocations=7 (full 3):
 PSYoungGen      total 611840K, used 46294K [0x00000000d5580000, 0x0000000100000000, 0x0000000100000000)
  eden space 524800K, 0% used [0x00000000d5580000,0x00000000d5580000,0x00000000f5600000)
  from space 87040K, 53% used [0x00000000fab00000,0x00000000fd835920,0x0000000100000000)
  to   space 87040K, 0% used [0x00000000f5600000,0x00000000f5600000,0x00000000fab00000)
 ParOldGen       total 1398272K, used 44407K [0x0000000080000000, 0x00000000d5580000, 0x00000000d5580000)
  object space 1398272K, 3% used [0x0000000080000000,0x0000000082b5de00,0x00000000d5580000)
 Metaspace       used 67039K, capacity 69980K, committed 70144K, reserved 1112064K
  class space    used 7630K, capacity 8128K, committed 8192K, reserved 1048576K
}
Event: 311.483 GC heap before
{Heap before GC invocations=8 (full 3):
 PSYoungGen      total 611840K, used 571094K [0x00000000d5580000, 0x0000000100000000, 0x0000000100000000)
  eden space 524800K, 100% used [0x00000000d5580000,0x00000000f5600000,0x00000000f5600000)
  from space 87040K, 53% used [0x00000000fab00000,0x00000000fd835920,0x0000000100000000)
  to   space 87040K, 0% used [0x00000000f5600000,0x00000000f5600000,0x00000000fab00000)
 ParOldGen       total 1398272K, used 44407K [0x0000000080000000, 0x00000000d5580000, 0x00000000d5580000)
  object space 1398272K, 3% used [0x0000000080000000,0x0000000082b5de00,0x00000000d5580000)
 Metaspace       used 69815K, capacity 73064K, committed 73216K, reserved 1114112K
  class space    used 7787K, capacity 8368K, committed 8448K, reserved 1048576K
Event: 311.657 GC heap after
Heap after GC invocations=8 (full 3):
 PSYoungGen      total 611840K, used 87032K [0x00000000d5580000, 0x0000000100000000, 0x0000000100000000)
  eden space 524800K, 0% used [0x00000000d5580000,0x00000000d5580000,0x00000000f5600000)
  from space 87040K, 99% used [0x00000000f5600000,0x00000000faafe1a8,0x00000000fab00000)
  to   space 87040K, 0% used [0x00000000fab00000,0x00000000fab00000,0x0000000100000000)
 ParOldGen       total 1398272K, used 46301K [0x0000000080000000, 0x00000000d5580000, 0x00000000d5580000)
  object space 1398272K, 3% used [0x0000000080000000,0x0000000082d376c0,0x00000000d5580000)
 Metaspace       used 69815K, capacity 73064K, committed 73216K, reserved 1114112K
  class space    used 7787K, capacity 8368K, committed 8448K, reserved 1048576K
}
Event: 564.695 GC heap before
{Heap before GC invocations=9 (full 3):
 PSYoungGen      total 611840K, used 611832K [0x00000000d5580000, 0x0000000100000000, 0x0000000100000000)
  eden space 524800K, 100% used [0x00000000d5580000,0x00000000f5600000,0x00000000f5600000)
  from space 87040K, 99% used [0x00000000f5600000,0x00000000faafe1a8,0x00000000fab00000)
  to   space 87040K, 0% used [0x00000000fab00000,0x00000000fab00000,0x0000000100000000)
 ParOldGen       total 1398272K, used 46301K [0x0000000080000000, 0x00000000d5580000, 0x00000000d5580000)
  object space 1398272K, 3% used [0x0000000080000000,0x0000000082d376c0,0x00000000d5580000)
 Metaspace       used 71313K, capacity 74884K, committed 75136K, reserved 1116160K
  class space    used 7871K, capacity 8496K, committed 8576K, reserved 1048576K
Event: 564.912 GC heap after
Heap after GC invocations=9 (full 3):
 PSYoungGen      total 535040K, used 87020K [0x00000000d5580000, 0x0000000100000000, 0x0000000100000000)
  eden space 448000K, 0% used [0x00000000d5580000,0x00000000d5580000,0x00000000f0b00000)
  from space 87040K, 99% used [0x00000000fab00000,0x00000000ffffb2f0,0x0000000100000000)
  to   space 125440K, 0% used [0x00000000f0b00000,0x00000000f0b00000,0x00000000f8580000)
 ParOldGen       total 1398272K, used 78382K [0x0000000080000000, 0x00000000d5580000, 0x00000000d5580000)
  object space 1398272K, 5% used [0x0000000080000000,0x0000000084c8b9f0,0x00000000d5580000)
 Metaspace       used 71313K, capacity 74884K, committed 75136K, reserved 1116160K
  class space    used 7871K, capacity 8496K, committed 8576K, reserved 1048576K
}

