<?xml version="1.0" encoding="UTF-8"?>
<testsuite xmlns:xsi="http://www.w3.org/2001/XMLSchema-instance" xsi:noNamespaceSchemaLocation="https://maven.apache.org/surefire/maven-surefire-plugin/xsd/surefire-test-report.xsd" name="org.apache.hadoop.fs.ozone.contract.ITestOzoneContractGetFileStatus" time="214.189" tests="18" errors="7" skipped="0" failures="0">
  <properties>
[...]
</properties>
  <testcase name="testListFilesEmptyDirectoryNonrecursive" classname="org.apache.hadoop.fs.ozone.contract.ITestOzoneContractGetFileStatus" time="0.403">
    <error message="Couldn&apos;t set up IO streams: java.lang.OutOfMemoryError: unable to create new native thread" type="java.io.IOException"><![CDATA[java.io.IOException: Couldn't set up IO streams: java.lang.OutOfMemoryError: unable to create new native thread
	at org.apache.hadoop.ipc.Client$Connection.setupIOstreams(Client.java:866)
	at org.apache.hadoop.ipc.Client$Connection.access$3700(Client.java:411)
	at org.apache.hadoop.ipc.Client.getConnection(Client.java:1572)
	at org.apache.hadoop.ipc.Client.call(Client.java:1403)
	at org.apache.hadoop.ipc.Client.call(Client.java:1367)
	at org.apache.hadoop.ipc.ProtobufRpcEngine$Invoker.invoke(ProtobufRpcEngine.java:228)
	at org.apache.hadoop.ipc.ProtobufRpcEngine$Invoker.invoke(ProtobufRpcEngine.java:116)
	at com.sun.proxy.$Proxy40.submitRequest(Unknown Source)
	at sun.reflect.NativeMethodAccessorImpl.invoke0(Native Method)
	at sun.reflect.NativeMethodAccessorImpl.invoke(NativeMethodAccessorImpl.java:62)
	at sun.reflect.DelegatingMethodAccessorImpl.invoke(DelegatingMethodAccessorImpl.java:43)
	at java.lang.reflect.Method.invoke(Method.java:498)
	at org.apache.hadoop.io.retry.RetryInvocationHandler.invokeMethod(RetryInvocationHandler.java:422)
	at org.apache.hadoop.io.retry.RetryInvocationHandler$Call.invokeMethod(RetryInvocationHandler.java:165)
	at org.apache.hadoop.io.retry.RetryInvocationHandler$Call.invoke(RetryInvocationHandler.java:157)
	at org.apache.hadoop.io.retry.RetryInvocationHandler$Call.invokeOnce(RetryInvocationHandler.java:95)
	at org.apache.hadoop.io.retry.RetryInvocationHandler.invoke(RetryInvocationHandler.java:359)
	at com.sun.proxy.$Proxy40.submitRequest(Unknown Source)
	at org.apache.hadoop.ozone.om.protocolPB.OzoneManagerProtocolClientSideTranslatorPB.submitRequest(OzoneManagerProtocolClientSideTranslatorPB.java:338)
	at org.apache.hadoop.ozone.om.protocolPB.OzoneManagerProtocolClientSideTranslatorPB.getServiceInfo(OzoneManagerProtocolClientSideTranslatorPB.java:1223)
	at sun.reflect.NativeMethodAccessorImpl.invoke0(Native Method)
	at sun.reflect.NativeMethodAccessorImpl.invoke(NativeMethodAccessorImpl.java:62)
	at sun.reflect.DelegatingMethodAccessorImpl.invoke(DelegatingMethodAccessorImpl.java:43)
	at java.lang.reflect.Method.invoke(Method.java:498)
	at org.apache.hadoop.hdds.tracing.TraceAllMethod.invoke(TraceAllMethod.java:66)
	at com.sun.proxy.$Proxy41.getServiceInfo(Unknown Source)
	at org.apache.hadoop.ozone.client.rpc.RpcClient.<init>(RpcClient.java:154)
	at org.apache.hadoop.ozone.client.OzoneClientFactory.getClientProtocol(OzoneClientFactory.java:256)
	at org.apache.hadoop.ozone.client.OzoneClientFactory.getClientProtocol(OzoneClientFactory.java:239)
	at org.apache.hadoop.ozone.client.OzoneClientFactory.getClient(OzoneClientFactory.java:75)
	at org.apache.hadoop.ozone.MiniOzoneClusterImpl.getClient(MiniOzoneClusterImpl.java:212)
	at org.apache.hadoop.ozone.TestDataUtil.createVolumeAndBucket(TestDataUtil.java:51)
	at org.apache.hadoop.ozone.TestDataUtil.createVolumeAndBucket(TestDataUtil.java:93)
	at org.apache.hadoop.fs.ozone.contract.OzoneContract.getTestFileSystem(OzoneContract.java:83)
	at org.apache.hadoop.fs.contract.AbstractFSContractTestBase.setup(AbstractFSContractTestBase.java:181)
	at org.apache.hadoop.fs.contract.AbstractContractGetFileStatusTest.setup(AbstractContractGetFileStatusTest.java:56)
	at sun.reflect.NativeMethodAccessorImpl.invoke0(Native Method)
	at sun.reflect.NativeMethodAccessorImpl.invoke(NativeMethodAccessorImpl.java:62)
	at sun.reflect.DelegatingMethodAccessorImpl.invoke(DelegatingMethodAccessorImpl.java:43)
	at java.lang.reflect.Method.invoke(Method.java:498)
	at org.junit.runners.model.FrameworkMethod$1.runReflectiveCall(FrameworkMethod.java:47)
	at org.junit.internal.runners.model.ReflectiveCallable.run(ReflectiveCallable.java:12)
	at org.junit.runners.model.FrameworkMethod.invokeExplosively(FrameworkMethod.java:44)
	at org.junit.internal.runners.statements.RunBefores.evaluate(RunBefores.java:24)
	at org.junit.internal.runners.statements.RunAfters.evaluate(RunAfters.java:27)
	at org.junit.rules.TestWatcher$1.evaluate(TestWatcher.java:55)
	at org.junit.internal.runners.statements.FailOnTimeout$StatementThread.run(FailOnTimeout.java:74)
Caused by: java.lang.OutOfMemoryError: unable to create new native thread
	at java.lang.Thread.start0(Native Method)
	at java.lang.Thread.start(Thread.java:717)
	at org.apache.hadoop.ipc.Client$Connection.setupIOstreams(Client.java:859)
	... 46 more
]]></error>
    <system-out><![CDATA[2019-10-21 05:00:35,867 [JUnit] WARN  server.ServerUtils (ServerUtils.java:getScmDbDir(145)) - ozone.scm.db.dirs is not configured. We recommend adding this setting. Falling back to ozone.metadata.dirs instead.
2019-10-21 05:00:35,959 [JUnit] WARN  server.ServerUtils (ServerUtils.java:getScmDbDir(145)) - ozone.scm.db.dirs is not configured. We recommend adding this setting. Falling back to ozone.metadata.dirs instead.
2019-10-21 05:00:35,963 [JUnit] WARN  server.ServerUtils (ServerUtils.java:getScmDbDir(145)) - ozone.scm.db.dirs is not configured. We recommend adding this setting. Falling back to ozone.metadata.dirs instead.
2019-10-21 05:00:35,990 [JUnit] INFO  util.log (Log.java:initialized(192)) - Logging initialized @859ms
2019-10-21 05:00:36,123 [JUnit] INFO  db.DBStoreBuilder (DBStoreBuilder.java:addTable(117)) - using custom profile for table: deletedBlocks
2019-10-21 05:00:36,123 [JUnit] INFO  db.DBStoreBuilder (DBStoreBuilder.java:processTables(168)) - Using default column profile:DBProfile.DISK for Table:deletedBlocks
2019-10-21 05:00:36,123 [JUnit] INFO  db.DBStoreBuilder (DBStoreBuilder.java:addTable(117)) - using custom profile for table: validCerts
2019-10-21 05:00:36,124 [JUnit] INFO  db.DBStoreBuilder (DBStoreBuilder.java:processTables(168)) - Using default column profile:DBProfile.DISK for Table:validCerts
2019-10-21 05:00:36,124 [JUnit] INFO  db.DBStoreBuilder (DBStoreBuilder.java:addTable(117)) - using custom profile for table: revokedCerts
2019-10-21 05:00:36,124 [JUnit] INFO  db.DBStoreBuilder (DBStoreBuilder.java:processTables(168)) - Using default column profile:DBProfile.DISK for Table:revokedCerts
2019-10-21 05:00:36,135 [JUnit] INFO  db.DBStoreBuilder (DBStoreBuilder.java:addTable(117)) - using custom profile for table: default
2019-10-21 05:00:36,135 [JUnit] INFO  db.DBStoreBuilder (DBStoreBuilder.java:processTables(174)) - Using default column profile:DBProfile.DISK for Table:default
2019-10-21 05:00:36,137 [JUnit] INFO  db.DBStoreBuilder (DBStoreBuilder.java:getDbProfile(205)) - Using default options. DBProfile.DISK
2019-10-21 05:00:36,336 [JUnit] INFO  net.NodeSchemaLoader (NodeSchemaLoader.java:loadSchemaFromFile(125)) - Loading file from sun.misc.CompoundEnumeration@477b4cdf
2019-10-21 05:00:36,338 [JUnit] INFO  net.NodeSchemaLoader (NodeSchemaLoader.java:loadSchema(171)) - Loading network topology layer schema file
2019-10-21 05:00:36,404 [JUnit] WARN  server.ServerUtils (ServerUtils.java:sanitizeUserArgs(70)) - ozone.scm.stale.node.interval value = 300000 is larger than max = 100000 based on the key value of ozone.scm.heartbeat.thread.interval, reset to the max value 100000.
2019-10-21 05:00:36,406 [JUnit] WARN  server.ServerUtils (ServerUtils.java:sanitizeUserArgs(70)) - ozone.scm.stale.node.interval value = 300000 is larger than max = 100000 based on the key value of ozone.scm.heartbeat.thread.interval, reset to the max value 100000.
2019-10-21 05:00:36,409 [JUnit] INFO  node.SCMNodeManager (SCMNodeManager.java:<init>(116)) - Entering startup safe mode.
2019-10-21 05:00:36,575 [JUnit] INFO  algorithms.ContainerPlacementPolicyFactory (ContainerPlacementPolicyFactory.java:getPolicy(59)) - Create container placement policy of type org.apache.hadoop.hdds.scm.container.placement.algorithms.SCMContainerPlacementRandom
2019-10-21 05:00:36,591 [JUnit] WARN  server.ServerUtils (ServerUtils.java:getScmDbDir(145)) - ozone.scm.db.dirs is not configured. We recommend adding this setting. Falling back to ozone.metadata.dirs instead.
2019-10-21 05:00:37,754 [JUnit] INFO  pipeline.SCMPipelineManager (SCMPipelineManager.java:initializePipelineState(137)) - No pipeline exists in current db
2019-10-21 05:00:37,757 [JUnit] WARN  server.ServerUtils (ServerUtils.java:getScmDbDir(145)) - ozone.scm.db.dirs is not configured. We recommend adding this setting. Falling back to ozone.metadata.dirs instead.
2019-10-21 05:00:37,873 [JUnit] WARN  events.EventQueue (EventQueue.java:fireEvent(183)) - No event handler registered for event TypedEvent{payloadType=SafeModeStatus, name='SafeModeStatus'}
2019-10-21 05:00:38,343 [JUnit] INFO  ipc.CallQueueManager (CallQueueManager.java:<init>(84)) - Using callQueue: class java.util.concurrent.LinkedBlockingQueue, queueCapacity: 2000, scheduler: class org.apache.hadoop.ipc.DefaultRpcScheduler, ipcBackoff: false.
2019-10-21 05:00:38,455 [Socket Reader #1 for port 37127] INFO  ipc.Server (Server.java:run(1074)) - Starting Socket Reader #1 for port 37127
2019-10-21 05:00:38,482 [JUnit] INFO  ipc.CallQueueManager (CallQueueManager.java:<init>(84)) - Using callQueue: class java.util.concurrent.LinkedBlockingQueue, queueCapacity: 2000, scheduler: class org.apache.hadoop.ipc.DefaultRpcScheduler, ipcBackoff: false.
2019-10-21 05:00:38,484 [Socket Reader #1 for port 33530] INFO  ipc.Server (Server.java:run(1074)) - Starting Socket Reader #1 for port 33530
2019-10-21 05:00:38,494 [JUnit] INFO  ipc.CallQueueManager (CallQueueManager.java:<init>(84)) - Using callQueue: class java.util.concurrent.LinkedBlockingQueue, queueCapacity: 2000, scheduler: class org.apache.hadoop.ipc.DefaultRpcScheduler, ipcBackoff: false.
2019-10-21 05:00:38,495 [Socket Reader #1 for port 43536] INFO  ipc.Server (Server.java:run(1074)) - Starting Socket Reader #1 for port 43536
2019-10-21 05:00:38,521 [JUnit] INFO  hdfs.DFSUtil (DFSUtil.java:httpServerTemplateForNNAndJN(1641)) - Starting Web-server for scm at: http://0.0.0.0:0
2019-10-21 05:00:38,643 [JUnit] INFO  server.AuthenticationFilter (AuthenticationFilter.java:constructSecretProvider(240)) - Unable to initialize FileSignerSecretProvider, falling back to use random secrets.
2019-10-21 05:00:38,661 [JUnit] WARN  http.HttpRequestLog (HttpRequestLog.java:getRequestLog(97)) - Jetty request log can only be enabled using Log4j
2019-10-21 05:00:38,672 [JUnit] INFO  http.HttpServer2 (HttpServer2.java:addGlobalFilter(975)) - Added global filter 'safety' (class=org.apache.hadoop.http.HttpServer2$QuotingInputFilter)
2019-10-21 05:00:38,675 [JUnit] INFO  http.HttpServer2 (HttpServer2.java:addFilter(948)) - Added filter static_user_filter (class=org.apache.hadoop.http.lib.StaticUserWebFilter$StaticUserFilter) to context scm
2019-10-21 05:00:38,676 [JUnit] INFO  http.HttpServer2 (HttpServer2.java:addFilter(958)) - Added filter static_user_filter (class=org.apache.hadoop.http.lib.StaticUserWebFilter$StaticUserFilter) to context logs
2019-10-21 05:00:38,676 [JUnit] INFO  http.HttpServer2 (HttpServer2.java:addFilter(958)) - Added filter static_user_filter (class=org.apache.hadoop.http.lib.StaticUserWebFilter$StaticUserFilter) to context static
2019-10-21 05:00:38,709 [JUnit] INFO  server.StorageContainerManager (StorageContainerManager.java:start(772)) - StorageContainerLocationProtocol RPC server is listening at /0.0.0.0:43536
2019-10-21 05:00:38,776 [JUnit] WARN  impl.MetricsConfig (MetricsConfig.java:loadFirst(134)) - Cannot locate configuration: tried hadoop-metrics2-storagecontainermanager.properties,hadoop-metrics2.properties
2019-10-21 05:00:38,788 [JUnit] INFO  impl.MetricsSystemImpl (MetricsSystemImpl.java:startTimer(374)) - Scheduled Metric snapshot period at 10 second(s).
2019-10-21 05:00:38,788 [JUnit] INFO  impl.MetricsSystemImpl (MetricsSystemImpl.java:start(191)) - StorageContainerManager metrics system started
2019-10-21 05:00:39,002 [JUnit] INFO  server.SCMClientProtocolServer (SCMClientProtocolServer.java:start(159)) - RPC server for Client  is listening at /0.0.0.0:43536
2019-10-21 05:00:39,003 [IPC Server Responder] INFO  ipc.Server (Server.java:run(1314)) - IPC Server Responder: starting
2019-10-21 05:00:39,003 [IPC Server listener on 43536] INFO  ipc.Server (Server.java:run(1153)) - IPC Server listener on 43536: starting
2019-10-21 05:00:39,005 [JUnit] INFO  server.StorageContainerManager (StorageContainerManager.java:start(782)) - ScmBlockLocationProtocol RPC server is listening at /0.0.0.0:33530
2019-10-21 05:00:39,006 [JUnit] INFO  server.SCMBlockProtocolServer (SCMBlockProtocolServer.java:start(146)) - RPC server for Block Protocol is listening at /0.0.0.0:33530
2019-10-21 05:00:39,007 [IPC Server Responder] INFO  ipc.Server (Server.java:run(1314)) - IPC Server Responder: starting
2019-10-21 05:00:39,007 [IPC Server listener on 33530] INFO  ipc.Server (Server.java:run(1153)) - IPC Server listener on 33530: starting
2019-10-21 05:00:39,009 [JUnit] INFO  server.StorageContainerManager (StorageContainerManager.java:start(786)) - ScmDatanodeProtocl RPC server is listening at /0.0.0.0:37127
2019-10-21 05:00:39,010 [JUnit] INFO  server.SCMDatanodeProtocolServer (SCMDatanodeProtocolServer.java:start(169)) - RPC server for DataNodes is listening at /0.0.0.0:37127
2019-10-21 05:00:39,011 [IPC Server Responder] INFO  ipc.Server (Server.java:run(1314)) - IPC Server Responder: starting
2019-10-21 05:00:39,011 [IPC Server listener on 37127] INFO  ipc.Server (Server.java:run(1153)) - IPC Server listener on 37127: starting
2019-10-21 05:00:39,015 [JUnit] INFO  http.HttpServer2 (HttpServer2.java:bindListener(1191)) - Jetty bound to port 35949
2019-10-21 05:00:39,016 [JUnit] INFO  server.Server (Server.java:doStart(351)) - jetty-9.3.25.v20180904, build timestamp: 2018-09-04T21:11:46Z, git hash: 3ce520221d0240229c862b122d2b06c12a625732
2019-10-21 05:00:39,048 [JUnit] INFO  handler.ContextHandler (ContextHandler.java:doStart(781)) - Started o.e.j.s.ServletContextHandler@4ba302e0{/logs,file:///workdir/hadoop-ozone/ozonefs/target/log,AVAILABLE}
2019-10-21 05:00:39,049 [JUnit] INFO  handler.ContextHandler (ContextHandler.java:doStart(781)) - Started o.e.j.s.ServletContextHandler@7c098bb3{/static,jar:file:/home/user/.m2/repository/org/apache/hadoop/hadoop-hdds-server-scm/0.5.0-SNAPSHOT/hadoop-hdds-server-scm-0.5.0-SNAPSHOT.jar!/webapps/static,AVAILABLE}
2019-10-21 05:00:39,121 [JUnit] INFO  handler.ContextHandler (ContextHandler.java:doStart(781)) - Started o.e.j.w.WebAppContext@70e659aa{/,file:///tmp/jetty-0.0.0.0-35949-scm-_-any-3959962001662295738.dir/webapp/,AVAILABLE}{/scm}
2019-10-21 05:00:39,126 [JUnit] INFO  server.AbstractConnector (AbstractConnector.java:doStart(278)) - Started ServerConnector@2ef8a8c3{HTTP/1.1,[http/1.1]}{0.0.0.0:35949}
2019-10-21 05:00:39,126 [JUnit] INFO  server.Server (Server.java:doStart(419)) - Started @3995ms
2019-10-21 05:00:39,128 [JUnit] INFO  impl.MetricsSinkAdapter (MetricsSinkAdapter.java:start(204)) - Sink prometheus started
2019-10-21 05:00:39,128 [JUnit] INFO  impl.MetricsSystemImpl (MetricsSystemImpl.java:registerSink(301)) - Registered sink prometheus
2019-10-21 05:00:39,130 [JUnit] INFO  server.BaseHttpServer (BaseHttpServer.java:updateConnectorAddress(215)) - HTTP server of SCM is listening at http://0.0.0.0:35949
2019-10-21 05:00:39,136 [org.apache.hadoop.util.JvmPauseMonitor$Monitor@2102a4d5] INFO  util.JvmPauseMonitor (JvmPauseMonitor.java:run(188)) - Starting JVM pause monitor
2019-10-21 05:00:39,140 [JUnit] WARN  server.ServerUtils (ServerUtils.java:getDBPath(222)) - ozone.om.db.dirs is not configured. We recommend adding this setting. Falling back to ozone.metadata.dirs instead.
2019-10-21 05:00:39,240 [JUnit] INFO  ha.OMHANodeDetails (OMHANodeDetails.java:loadOMHAConfig(190)) - Configuration either no ozone.om.address set. Falling back to the default OM address /127.0.0.1:0
2019-10-21 05:00:39,240 [JUnit] INFO  ha.OMHANodeDetails (OMHANodeDetails.java:getOMNodeDetails(220)) - OM Service ID is not set. Setting it to the default ID: omServiceIdDefault
2019-10-21 05:00:39,242 [JUnit] WARN  server.ServerUtils (ServerUtils.java:getDBPath(222)) - ozone.om.db.dirs is not configured. We recommend adding this setting. Falling back to ozone.metadata.dirs instead.
2019-10-21 05:00:39,242 [JUnit] WARN  server.ServerUtils (ServerUtils.java:getDBPath(222)) - ozone.om.db.dirs is not configured. We recommend adding this setting. Falling back to ozone.metadata.dirs instead.
2019-10-21 05:00:39,889 [JUnit] WARN  server.ServerUtils (ServerUtils.java:getDBPath(222)) - ozone.om.db.dirs is not configured. We recommend adding this setting. Falling back to ozone.metadata.dirs instead.
2019-10-21 05:00:39,899 [JUnit] INFO  db.DBStoreBuilder (DBStoreBuilder.java:addTable(117)) - using custom profile for table: userTable
2019-10-21 05:00:39,900 [JUnit] INFO  db.DBStoreBuilder (DBStoreBuilder.java:processTables(168)) - Using default column profile:DBProfile.DISK for Table:userTable
2019-10-21 05:00:39,900 [JUnit] INFO  db.DBStoreBuilder (DBStoreBuilder.java:addTable(117)) - using custom profile for table: volumeTable
2019-10-21 05:00:39,900 [JUnit] INFO  db.DBStoreBuilder (DBStoreBuilder.java:processTables(168)) - Using default column profile:DBProfile.DISK for Table:volumeTable
2019-10-21 05:00:39,900 [JUnit] INFO  db.DBStoreBuilder (DBStoreBuilder.java:addTable(117)) - using custom profile for table: bucketTable
2019-10-21 05:00:39,901 [JUnit] INFO  db.DBStoreBuilder (DBStoreBuilder.java:processTables(168)) - Using default column profile:DBProfile.DISK for Table:bucketTable
2019-10-21 05:00:39,901 [JUnit] INFO  db.DBStoreBuilder (DBStoreBuilder.java:addTable(117)) - using custom profile for table: keyTable
2019-10-21 05:00:39,901 [JUnit] INFO  db.DBStoreBuilder (DBStoreBuilder.java:processTables(168)) - Using default column profile:DBProfile.DISK for Table:keyTable
2019-10-21 05:00:39,901 [JUnit] INFO  db.DBStoreBuilder (DBStoreBuilder.java:addTable(117)) - using custom profile for table: deletedTable
2019-10-21 05:00:39,902 [JUnit] INFO  db.DBStoreBuilder (DBStoreBuilder.java:processTables(168)) - Using default column profile:DBProfile.DISK for Table:deletedTable
2019-10-21 05:00:39,902 [JUnit] INFO  db.DBStoreBuilder (DBStoreBuilder.java:addTable(117)) - using custom profile for table: openKeyTable
2019-10-21 05:00:39,902 [JUnit] INFO  db.DBStoreBuilder (DBStoreBuilder.java:processTables(168)) - Using default column profile:DBProfile.DISK for Table:openKeyTable
2019-10-21 05:00:39,902 [JUnit] INFO  db.DBStoreBuilder (DBStoreBuilder.java:addTable(117)) - using custom profile for table: s3Table
2019-10-21 05:00:39,902 [JUnit] INFO  db.DBStoreBuilder (DBStoreBuilder.java:processTables(168)) - Using default column profile:DBProfile.DISK for Table:s3Table
2019-10-21 05:00:39,903 [JUnit] INFO  db.DBStoreBuilder (DBStoreBuilder.java:addTable(117)) - using custom profile for table: multipartInfoTable
2019-10-21 05:00:39,903 [JUnit] INFO  db.DBStoreBuilder (DBStoreBuilder.java:processTables(168)) - Using default column profile:DBProfile.DISK for Table:multipartInfoTable
2019-10-21 05:00:39,903 [JUnit] INFO  db.DBStoreBuilder (DBStoreBuilder.java:addTable(117)) - using custom profile for table: dTokenTable
2019-10-21 05:00:39,903 [JUnit] INFO  db.DBStoreBuilder (DBStoreBuilder.java:processTables(168)) - Using default column profile:DBProfile.DISK for Table:dTokenTable
2019-10-21 05:00:39,904 [JUnit] INFO  db.DBStoreBuilder (DBStoreBuilder.java:addTable(117)) - using custom profile for table: s3SecretTable
2019-10-21 05:00:39,904 [JUnit] INFO  db.DBStoreBuilder (DBStoreBuilder.java:processTables(168)) - Using default column profile:DBProfile.DISK for Table:s3SecretTable
2019-10-21 05:00:39,904 [JUnit] INFO  db.DBStoreBuilder (DBStoreBuilder.java:addTable(117)) - using custom profile for table: prefixTable
2019-10-21 05:00:39,904 [JUnit] INFO  db.DBStoreBuilder (DBStoreBuilder.java:processTables(168)) - Using default column profile:DBProfile.DISK for Table:prefixTable
2019-10-21 05:00:39,904 [JUnit] INFO  db.DBStoreBuilder (DBStoreBuilder.java:addTable(117)) - using custom profile for table: default
2019-10-21 05:00:39,905 [JUnit] INFO  db.DBStoreBuilder (DBStoreBuilder.java:processTables(174)) - Using default column profile:DBProfile.DISK for Table:default
2019-10-21 05:00:39,905 [JUnit] INFO  db.DBStoreBuilder (DBStoreBuilder.java:getDbProfile(205)) - Using default options. DBProfile.DISK
2019-10-21 05:00:40,270 [JUnit] INFO  ipc.CallQueueManager (CallQueueManager.java:<init>(84)) - Using callQueue: class java.util.concurrent.LinkedBlockingQueue, queueCapacity: 2000, scheduler: class org.apache.hadoop.ipc.DefaultRpcScheduler, ipcBackoff: false.
2019-10-21 05:00:40,271 [Socket Reader #1 for port 41423] INFO  ipc.Server (Server.java:run(1074)) - Starting Socket Reader #1 for port 41423
2019-10-21 05:00:40,300 [JUnit] INFO  om.OzoneManager (OzoneManager.java:start(1071)) - OzoneManager RPC server is listening at localhost/127.0.0.1:41423
2019-10-21 05:00:40,301 [JUnit] INFO  impl.MetricsSystemImpl (MetricsSystemImpl.java:init(158)) - OzoneManager metrics system started (again)
2019-10-21 05:00:40,310 [IPC Server listener on 41423] INFO  ipc.Server (Server.java:run(1153)) - IPC Server listener on 41423: starting
2019-10-21 05:00:40,310 [IPC Server Responder] INFO  ipc.Server (Server.java:run(1314)) - IPC Server Responder: starting
2019-10-21 05:00:40,315 [JUnit] INFO  hdfs.DFSUtil (DFSUtil.java:httpServerTemplateForNNAndJN(1641)) - Starting Web-server for ozoneManager at: http://0.0.0.0:0
2019-10-21 05:00:40,319 [JUnit] INFO  server.AuthenticationFilter (AuthenticationFilter.java:constructSecretProvider(240)) - Unable to initialize FileSignerSecretProvider, falling back to use random secrets.
2019-10-21 05:00:40,320 [JUnit] WARN  http.HttpRequestLog (HttpRequestLog.java:getRequestLog(97)) - Jetty request log can only be enabled using Log4j
2019-10-21 05:00:40,323 [JUnit] INFO  http.HttpServer2 (HttpServer2.java:addGlobalFilter(975)) - Added global filter 'safety' (class=org.apache.hadoop.http.HttpServer2$QuotingInputFilter)
2019-10-21 05:00:40,326 [JUnit] INFO  http.HttpServer2 (HttpServer2.java:addFilter(948)) - Added filter static_user_filter (class=org.apache.hadoop.http.lib.StaticUserWebFilter$StaticUserFilter) to context ozoneManager
2019-10-21 05:00:40,326 [JUnit] INFO  http.HttpServer2 (HttpServer2.java:addFilter(958)) - Added filter static_user_filter (class=org.apache.hadoop.http.lib.StaticUserWebFilter$StaticUserFilter) to context static
2019-10-21 05:00:40,326 [JUnit] INFO  http.HttpServer2 (HttpServer2.java:addFilter(958)) - Added filter static_user_filter (class=org.apache.hadoop.http.lib.StaticUserWebFilter$StaticUserFilter) to context logs
2019-10-21 05:00:40,329 [JUnit] INFO  http.HttpServer2 (HttpServer2.java:bindListener(1191)) - Jetty bound to port 38704
2019-10-21 05:00:40,329 [JUnit] INFO  server.Server (Server.java:doStart(351)) - jetty-9.3.25.v20180904, build timestamp: 2018-09-04T21:11:46Z, git hash: 3ce520221d0240229c862b122d2b06c12a625732
2019-10-21 05:00:40,331 [JUnit] INFO  handler.ContextHandler (ContextHandler.java:doStart(781)) - Started o.e.j.s.ServletContextHandler@2bcec6a6{/logs,file:///workdir/hadoop-ozone/ozonefs/target/log,AVAILABLE}
2019-10-21 05:00:40,331 [JUnit] INFO  handler.ContextHandler (ContextHandler.java:doStart(781)) - Started o.e.j.s.ServletContextHandler@4912d525{/static,jar:file:/home/user/.m2/repository/org/apache/hadoop/hadoop-ozone-ozone-manager/0.5.0-SNAPSHOT/hadoop-ozone-ozone-manager-0.5.0-SNAPSHOT.jar!/webapps/static,AVAILABLE}
2019-10-21 05:00:40,378 [JUnit] INFO  handler.ContextHandler (ContextHandler.java:doStart(781)) - Started o.e.j.w.WebAppContext@15fa55a6{/,file:///tmp/jetty-0.0.0.0-38704-ozoneManager-_-any-7804221658471405980.dir/webapp/,AVAILABLE}{/ozoneManager}
2019-10-21 05:00:40,379 [JUnit] INFO  server.AbstractConnector (AbstractConnector.java:doStart(278)) - Started ServerConnector@4f186450{HTTP/1.1,[http/1.1]}{0.0.0.0:38704}
2019-10-21 05:00:40,379 [JUnit] INFO  server.Server (Server.java:doStart(419)) - Started @5248ms
2019-10-21 05:00:40,379 [JUnit] WARN  impl.MetricsSystemImpl (MetricsSystemImpl.java:register(276)) - Sink prometheus already exists!
2019-10-21 05:00:40,381 [JUnit] INFO  server.BaseHttpServer (BaseHttpServer.java:updateConnectorAddress(215)) - HTTP server of OZONEMANAGER is listening at http://0.0.0.0:38704
2019-10-21 05:00:40,643 [JUnit] INFO  impl.MetricsSystemImpl (MetricsSystemImpl.java:init(158)) - HddsDatanode metrics system started (again)
2019-10-21 05:00:40,711 [JUnit] INFO  ozone.HddsDatanodeService (HddsDatanodeService.java:start(184)) - HddsDatanodeService host:pr-hdds-1569-252f9-3696506840 ip:192.168.157.255
2019-10-21 05:00:40,750 [JUnit] INFO  volume.HddsVolume (HddsVolume.java:<init>(176)) - Creating Volume: /workdir/hadoop-ozone/ozonefs/target/test-dir/MiniOzoneClusterImpl-b0cbf291-7f28-492a-8767-654aacb91b77/datanode-0/data/containers/hdds of  storage type : DISK and capacity : 1482555576320
2019-10-21 05:00:40,753 [JUnit] INFO  volume.VolumeSet (VolumeSet.java:initializeVolumeSet(170)) - Added Volume : /workdir/hadoop-ozone/ozonefs/target/test-dir/MiniOzoneClusterImpl-b0cbf291-7f28-492a-8767-654aacb91b77/datanode-0/data/containers/hdds to VolumeSet
2019-10-21 05:00:40,757 [JUnit] INFO  volume.ThrottledAsyncChecker (ThrottledAsyncChecker.java:schedule(141)) - Scheduling a check for org.apache.hadoop.ozone.container.common.volume.HddsVolume@7e4d2287
2019-10-21 05:00:40,785 [JUnit] INFO  volume.HddsVolumeChecker (HddsVolumeChecker.java:checkAllVolumes(204)) - Scheduled health check for volume org.apache.hadoop.ozone.container.common.volume.HddsVolume@7e4d2287
2019-10-21 05:00:40,958 [JUnit] INFO  impl.RaftServerProxy (ConfUtils.java:logGet(43)) - raft.rpc.type = GRPC (default)
2019-10-21 05:00:41,046 [JUnit] INFO  grpc.GrpcFactory (GrpcFactory.java:checkPooledByteBufAllocatorUseCacheForAllThreads(45)) - PERFORMANCE WARNING: useCacheForAllThreads is true that may cause Netty to create a lot garbage objects and, as a result, trigger GC.
	It is recommended to disable useCacheForAllThreads by setting -Dorg.apache.ratis.thirdparty.io.netty.allocator.useCacheForAllThreads=false in command line.
2019-10-21 05:00:41,054 [JUnit] INFO  grpc.GrpcConfigKeys$Server (ConfUtils.java:logGet(43)) - raft.grpc.server.port = 0 (default)
2019-10-21 05:00:41,056 [JUnit] INFO  server.GrpcService (ConfUtils.java:logGet(43)) - raft.grpc.message.size.max = 33570816 (custom)
2019-10-21 05:00:41,058 [JUnit] INFO  server.RaftServerConfigKeys (ConfUtils.java:logGet(43)) - raft.server.log.appender.buffer.byte-limit = 33554432 (custom)
2019-10-21 05:00:41,059 [JUnit] INFO  server.GrpcService (ConfUtils.java:logGet(43)) - raft.grpc.flow.control.window = 1MB (=1048576) (default)
2019-10-21 05:00:41,060 [JUnit] INFO  server.RaftServerConfigKeys (ConfUtils.java:logGet(43)) - raft.server.rpc.request.timeout = 3000ms (default)
2019-10-21 05:00:41,254 [JUnit] INFO  server.RaftServerConfigKeys (ConfUtils.java:logGet(43)) - raft.server.storage.dir = [/workdir/hadoop-ozone/ozonefs/target/test-dir/MiniOzoneClusterImpl-b0cbf291-7f28-492a-8767-654aacb91b77/datanode-0/data/ratis] (custom)
2019-10-21 05:00:41,312 [JUnit] INFO  hdfs.DFSUtil (DFSUtil.java:httpServerTemplateForNNAndJN(1641)) - Starting Web-server for hddsDatanode at: http://0.0.0.0:0
2019-10-21 05:00:41,315 [JUnit] INFO  server.AuthenticationFilter (AuthenticationFilter.java:constructSecretProvider(240)) - Unable to initialize FileSignerSecretProvider, falling back to use random secrets.
2019-10-21 05:00:41,315 [JUnit] WARN  http.HttpRequestLog (HttpRequestLog.java:getRequestLog(97)) - Jetty request log can only be enabled using Log4j
2019-10-21 05:00:41,318 [JUnit] INFO  http.HttpServer2 (HttpServer2.java:addGlobalFilter(975)) - Added global filter 'safety' (class=org.apache.hadoop.http.HttpServer2$QuotingInputFilter)
2019-10-21 05:00:41,318 [JUnit] INFO  http.HttpServer2 (HttpServer2.java:addFilter(948)) - Added filter static_user_filter (class=org.apache.hadoop.http.lib.StaticUserWebFilter$StaticUserFilter) to context hddsDatanode
2019-10-21 05:00:41,319 [JUnit] INFO  http.HttpServer2 (HttpServer2.java:addFilter(958)) - Added filter static_user_filter (class=org.apache.hadoop.http.lib.StaticUserWebFilter$StaticUserFilter) to context logs
2019-10-21 05:00:41,319 [JUnit] INFO  http.HttpServer2 (HttpServer2.java:addFilter(958)) - Added filter static_user_filter (class=org.apache.hadoop.http.lib.StaticUserWebFilter$StaticUserFilter) to context static
2019-10-21 05:00:41,320 [JUnit] INFO  http.HttpServer2 (HttpServer2.java:bindListener(1191)) - Jetty bound to port 39737
2019-10-21 05:00:41,320 [JUnit] INFO  server.Server (Server.java:doStart(351)) - jetty-9.3.25.v20180904, build timestamp: 2018-09-04T21:11:46Z, git hash: 3ce520221d0240229c862b122d2b06c12a625732
2019-10-21 05:00:41,323 [JUnit] INFO  handler.ContextHandler (ContextHandler.java:doStart(781)) - Started o.e.j.s.ServletContextHandler@12fcc71f{/logs,file:///workdir/hadoop-ozone/ozonefs/target/log,AVAILABLE}
2019-10-21 05:00:41,323 [JUnit] INFO  handler.ContextHandler (ContextHandler.java:doStart(781)) - Started o.e.j.s.ServletContextHandler@3ed7821{/static,jar:file:/home/user/.m2/repository/org/apache/hadoop/hadoop-hdds-container-service/0.5.0-SNAPSHOT/hadoop-hdds-container-service-0.5.0-SNAPSHOT.jar!/webapps/static,AVAILABLE}
2019-10-21 05:00:41,354 [JUnit] INFO  handler.ContextHandler (ContextHandler.java:doStart(781)) - Started o.e.j.w.WebAppContext@62dbe64e{/,file:///tmp/jetty-0.0.0.0-39737-hddsDatanode-_-any-1755984774866177692.dir/webapp/,AVAILABLE}{/hddsDatanode}
2019-10-21 05:00:41,356 [JUnit] INFO  server.AbstractConnector (AbstractConnector.java:doStart(278)) - Started ServerConnector@6cff61fc{HTTP/1.1,[http/1.1]}{0.0.0.0:39737}
2019-10-21 05:00:41,356 [JUnit] INFO  server.Server (Server.java:doStart(419)) - Started @6225ms
2019-10-21 05:00:41,356 [JUnit] WARN  impl.MetricsSystemImpl (MetricsSystemImpl.java:register(276)) - Sink prometheus already exists!
2019-10-21 05:00:41,357 [JUnit] INFO  server.BaseHttpServer (BaseHttpServer.java:updateConnectorAddress(215)) - HTTP server of HDDSDATANODE is listening at http://0.0.0.0:39737
2019-10-21 05:00:41,359 [JUnit] INFO  impl.MetricsSystemImpl (MetricsSystemImpl.java:init(158)) - HddsDatanode metrics system started (again)
2019-10-21 05:00:41,362 [JUnit] INFO  ozone.HddsDatanodeService (HddsDatanodeService.java:start(184)) - HddsDatanodeService host:pr-hdds-1569-252f9-3696506840 ip:192.168.157.255
2019-10-21 05:00:41,363 [org.apache.hadoop.util.JvmPauseMonitor$Monitor@42e564e1] INFO  util.JvmPauseMonitor (JvmPauseMonitor.java:run(188)) - Starting JVM pause monitor
2019-10-21 05:00:41,370 [JUnit] INFO  volume.HddsVolume (HddsVolume.java:<init>(176)) - Creating Volume: /workdir/hadoop-ozone/ozonefs/target/test-dir/MiniOzoneClusterImpl-b0cbf291-7f28-492a-8767-654aacb91b77/datanode-1/data/containers/hdds of  storage type : DISK and capacity : 1482555576320
2019-10-21 05:00:41,371 [JUnit] INFO  volume.VolumeSet (VolumeSet.java:initializeVolumeSet(170)) - Added Volume : /workdir/hadoop-ozone/ozonefs/target/test-dir/MiniOzoneClusterImpl-b0cbf291-7f28-492a-8767-654aacb91b77/datanode-1/data/containers/hdds to VolumeSet
2019-10-21 05:00:41,372 [JUnit] INFO  volume.ThrottledAsyncChecker (ThrottledAsyncChecker.java:schedule(141)) - Scheduling a check for org.apache.hadoop.ozone.container.common.volume.HddsVolume@4b65d9f4
2019-10-21 05:00:41,372 [JUnit] INFO  volume.HddsVolumeChecker (HddsVolumeChecker.java:checkAllVolumes(204)) - Scheduled health check for volume org.apache.hadoop.ozone.container.common.volume.HddsVolume@4b65d9f4
2019-10-21 05:00:41,398 [JUnit] INFO  impl.RaftServerProxy (ConfUtils.java:logGet(43)) - raft.rpc.type = GRPC (default)
2019-10-21 05:00:41,398 [JUnit] INFO  grpc.GrpcFactory (GrpcFactory.java:checkPooledByteBufAllocatorUseCacheForAllThreads(45)) - PERFORMANCE WARNING: useCacheForAllThreads is true that may cause Netty to create a lot garbage objects and, as a result, trigger GC.
	It is recommended to disable useCacheForAllThreads by setting -Dorg.apache.ratis.thirdparty.io.netty.allocator.useCacheForAllThreads=false in command line.
2019-10-21 05:00:41,399 [JUnit] INFO  grpc.GrpcConfigKeys$Server (ConfUtils.java:logGet(43)) - raft.grpc.server.port = 0 (default)
2019-10-21 05:00:41,399 [JUnit] INFO  server.GrpcService (ConfUtils.java:logGet(43)) - raft.grpc.message.size.max = 33570816 (custom)
2019-10-21 05:00:41,399 [JUnit] INFO  server.RaftServerConfigKeys (ConfUtils.java:logGet(43)) - raft.server.log.appender.buffer.byte-limit = 33554432 (custom)
2019-10-21 05:00:41,399 [JUnit] INFO  server.GrpcService (ConfUtils.java:logGet(43)) - raft.grpc.flow.control.window = 1MB (=1048576) (default)
2019-10-21 05:00:41,400 [JUnit] INFO  server.RaftServerConfigKeys (ConfUtils.java:logGet(43)) - raft.server.rpc.request.timeout = 3000ms (default)
2019-10-21 05:00:41,400 [JUnit] INFO  server.RaftServerConfigKeys (ConfUtils.java:logGet(43)) - raft.server.storage.dir = [/workdir/hadoop-ozone/ozonefs/target/test-dir/MiniOzoneClusterImpl-b0cbf291-7f28-492a-8767-654aacb91b77/datanode-1/data/ratis] (custom)
2019-10-21 05:00:41,402 [JUnit] INFO  hdfs.DFSUtil (DFSUtil.java:httpServerTemplateForNNAndJN(1641)) - Starting Web-server for hddsDatanode at: http://0.0.0.0:0
2019-10-21 05:00:41,404 [JUnit] INFO  server.AuthenticationFilter (AuthenticationFilter.java:constructSecretProvider(240)) - Unable to initialize FileSignerSecretProvider, falling back to use random secrets.
2019-10-21 05:00:41,405 [JUnit] WARN  http.HttpRequestLog (HttpRequestLog.java:getRequestLog(97)) - Jetty request log can only be enabled using Log4j
2019-10-21 05:00:41,407 [JUnit] INFO  http.HttpServer2 (HttpServer2.java:addGlobalFilter(975)) - Added global filter 'safety' (class=org.apache.hadoop.http.HttpServer2$QuotingInputFilter)
2019-10-21 05:00:41,408 [JUnit] INFO  http.HttpServer2 (HttpServer2.java:addFilter(948)) - Added filter static_user_filter (class=org.apache.hadoop.http.lib.StaticUserWebFilter$StaticUserFilter) to context hddsDatanode
2019-10-21 05:00:41,408 [JUnit] INFO  http.HttpServer2 (HttpServer2.java:addFilter(958)) - Added filter static_user_filter (class=org.apache.hadoop.http.lib.StaticUserWebFilter$StaticUserFilter) to context static
2019-10-21 05:00:41,408 [JUnit] INFO  http.HttpServer2 (HttpServer2.java:addFilter(958)) - Added filter static_user_filter (class=org.apache.hadoop.http.lib.StaticUserWebFilter$StaticUserFilter) to context logs
2019-10-21 05:00:41,409 [JUnit] INFO  http.HttpServer2 (HttpServer2.java:bindListener(1191)) - Jetty bound to port 43199
2019-10-21 05:00:41,409 [JUnit] INFO  server.Server (Server.java:doStart(351)) - jetty-9.3.25.v20180904, build timestamp: 2018-09-04T21:11:46Z, git hash: 3ce520221d0240229c862b122d2b06c12a625732
2019-10-21 05:00:41,413 [JUnit] INFO  handler.ContextHandler (ContextHandler.java:doStart(781)) - Started o.e.j.s.ServletContextHandler@56da7487{/logs,file:///workdir/hadoop-ozone/ozonefs/target/log,AVAILABLE}
2019-10-21 05:00:41,414 [JUnit] INFO  handler.ContextHandler (ContextHandler.java:doStart(781)) - Started o.e.j.s.ServletContextHandler@328d044f{/static,jar:file:/home/user/.m2/repository/org/apache/hadoop/hadoop-hdds-container-service/0.5.0-SNAPSHOT/hadoop-hdds-container-service-0.5.0-SNAPSHOT.jar!/webapps/static,AVAILABLE}
2019-10-21 05:00:41,443 [JUnit] INFO  handler.ContextHandler (ContextHandler.java:doStart(781)) - Started o.e.j.w.WebAppContext@5484117b{/,file:///tmp/jetty-0.0.0.0-43199-hddsDatanode-_-any-2132859543611791906.dir/webapp/,AVAILABLE}{/hddsDatanode}
2019-10-21 05:00:41,444 [JUnit] INFO  server.AbstractConnector (AbstractConnector.java:doStart(278)) - Started ServerConnector@37df14d1{HTTP/1.1,[http/1.1]}{0.0.0.0:43199}
2019-10-21 05:00:41,446 [JUnit] INFO  server.Server (Server.java:doStart(419)) - Started @6314ms
2019-10-21 05:00:41,446 [JUnit] WARN  impl.MetricsSystemImpl (MetricsSystemImpl.java:register(276)) - Sink prometheus already exists!
2019-10-21 05:00:41,447 [JUnit] INFO  server.BaseHttpServer (BaseHttpServer.java:updateConnectorAddress(215)) - HTTP server of HDDSDATANODE is listening at http://0.0.0.0:43199
2019-10-21 05:00:41,447 [JUnit] INFO  impl.MetricsSystemImpl (MetricsSystemImpl.java:init(158)) - HddsDatanode metrics system started (again)
2019-10-21 05:00:41,449 [org.apache.hadoop.util.JvmPauseMonitor$Monitor@389c468a] INFO  util.JvmPauseMonitor (JvmPauseMonitor.java:run(188)) - Starting JVM pause monitor
2019-10-21 05:00:41,449 [JUnit] INFO  ozone.HddsDatanodeService (HddsDatanodeService.java:start(184)) - HddsDatanodeService host:pr-hdds-1569-252f9-3696506840 ip:192.168.157.255
2019-10-21 05:00:41,457 [JUnit] INFO  volume.HddsVolume (HddsVolume.java:<init>(176)) - Creating Volume: /workdir/hadoop-ozone/ozonefs/target/test-dir/MiniOzoneClusterImpl-b0cbf291-7f28-492a-8767-654aacb91b77/datanode-2/data/containers/hdds of  storage type : DISK and capacity : 1482555576320
2019-10-21 05:00:41,457 [JUnit] INFO  volume.VolumeSet (VolumeSet.java:initializeVolumeSet(170)) - Added Volume : /workdir/hadoop-ozone/ozonefs/target/test-dir/MiniOzoneClusterImpl-b0cbf291-7f28-492a-8767-654aacb91b77/datanode-2/data/containers/hdds to VolumeSet
2019-10-21 05:00:41,458 [JUnit] INFO  volume.ThrottledAsyncChecker (ThrottledAsyncChecker.java:schedule(141)) - Scheduling a check for org.apache.hadoop.ozone.container.common.volume.HddsVolume@378cfecf
2019-10-21 05:00:41,458 [JUnit] INFO  volume.HddsVolumeChecker (HddsVolumeChecker.java:checkAllVolumes(204)) - Scheduled health check for volume org.apache.hadoop.ozone.container.common.volume.HddsVolume@378cfecf
2019-10-21 05:00:41,462 [Datanode State Machine Thread - 0] INFO  datanode.InitDatanodeState (InitDatanodeState.java:persistContainerDatanodeDetails(140)) - DatanodeDetails is persisted to /workdir/hadoop-ozone/ozonefs/target/test-dir/MiniOzoneClusterImpl-b0cbf291-7f28-492a-8767-654aacb91b77/datanode-0/meta/datanode.id
2019-10-21 05:00:41,465 [Datanode State Machine Thread - 0] INFO  datanode.InitDatanodeState (InitDatanodeState.java:persistContainerDatanodeDetails(140)) - DatanodeDetails is persisted to /workdir/hadoop-ozone/ozonefs/target/test-dir/MiniOzoneClusterImpl-b0cbf291-7f28-492a-8767-654aacb91b77/datanode-1/meta/datanode.id
2019-10-21 05:00:41,487 [JUnit] INFO  impl.RaftServerProxy (ConfUtils.java:logGet(43)) - raft.rpc.type = GRPC (default)
2019-10-21 05:00:41,488 [JUnit] INFO  grpc.GrpcFactory (GrpcFactory.java:checkPooledByteBufAllocatorUseCacheForAllThreads(45)) - PERFORMANCE WARNING: useCacheForAllThreads is true that may cause Netty to create a lot garbage objects and, as a result, trigger GC.
	It is recommended to disable useCacheForAllThreads by setting -Dorg.apache.ratis.thirdparty.io.netty.allocator.useCacheForAllThreads=false in command line.
2019-10-21 05:00:41,488 [JUnit] INFO  grpc.GrpcConfigKeys$Server (ConfUtils.java:logGet(43)) - raft.grpc.server.port = 0 (default)
2019-10-21 05:00:41,488 [JUnit] INFO  server.GrpcService (ConfUtils.java:logGet(43)) - raft.grpc.message.size.max = 33570816 (custom)
2019-10-21 05:00:41,489 [JUnit] INFO  server.RaftServerConfigKeys (ConfUtils.java:logGet(43)) - raft.server.log.appender.buffer.byte-limit = 33554432 (custom)
2019-10-21 05:00:41,489 [JUnit] INFO  server.GrpcService (ConfUtils.java:logGet(43)) - raft.grpc.flow.control.window = 1MB (=1048576) (default)
2019-10-21 05:00:41,489 [JUnit] INFO  server.RaftServerConfigKeys (ConfUtils.java:logGet(43)) - raft.server.rpc.request.timeout = 3000ms (default)
2019-10-21 05:00:41,490 [JUnit] INFO  server.RaftServerConfigKeys (ConfUtils.java:logGet(43)) - raft.server.storage.dir = [/workdir/hadoop-ozone/ozonefs/target/test-dir/MiniOzoneClusterImpl-b0cbf291-7f28-492a-8767-654aacb91b77/datanode-2/data/ratis] (custom)
2019-10-21 05:00:41,493 [JUnit] INFO  hdfs.DFSUtil (DFSUtil.java:httpServerTemplateForNNAndJN(1641)) - Starting Web-server for hddsDatanode at: http://0.0.0.0:0
2019-10-21 05:00:41,495 [JUnit] INFO  server.AuthenticationFilter (AuthenticationFilter.java:constructSecretProvider(240)) - Unable to initialize FileSignerSecretProvider, falling back to use random secrets.
2019-10-21 05:00:41,496 [JUnit] WARN  http.HttpRequestLog (HttpRequestLog.java:getRequestLog(97)) - Jetty request log can only be enabled using Log4j
2019-10-21 05:00:41,498 [JUnit] INFO  http.HttpServer2 (HttpServer2.java:addGlobalFilter(975)) - Added global filter 'safety' (class=org.apache.hadoop.http.HttpServer2$QuotingInputFilter)
2019-10-21 05:00:41,499 [JUnit] INFO  http.HttpServer2 (HttpServer2.java:addFilter(948)) - Added filter static_user_filter (class=org.apache.hadoop.http.lib.StaticUserWebFilter$StaticUserFilter) to context hddsDatanode
2019-10-21 05:00:41,499 [JUnit] INFO  http.HttpServer2 (HttpServer2.java:addFilter(958)) - Added filter static_user_filter (class=org.apache.hadoop.http.lib.StaticUserWebFilter$StaticUserFilter) to context static
2019-10-21 05:00:41,499 [JUnit] INFO  http.HttpServer2 (HttpServer2.java:addFilter(958)) - Added filter static_user_filter (class=org.apache.hadoop.http.lib.StaticUserWebFilter$StaticUserFilter) to context logs
2019-10-21 05:00:41,500 [JUnit] INFO  http.HttpServer2 (HttpServer2.java:bindListener(1191)) - Jetty bound to port 40831
2019-10-21 05:00:41,500 [JUnit] INFO  server.Server (Server.java:doStart(351)) - jetty-9.3.25.v20180904, build timestamp: 2018-09-04T21:11:46Z, git hash: 3ce520221d0240229c862b122d2b06c12a625732
2019-10-21 05:00:41,502 [JUnit] INFO  handler.ContextHandler (ContextHandler.java:doStart(781)) - Started o.e.j.s.ServletContextHandler@1716e8c5{/logs,file:///workdir/hadoop-ozone/ozonefs/target/log,AVAILABLE}
2019-10-21 05:00:41,502 [JUnit] INFO  handler.ContextHandler (ContextHandler.java:doStart(781)) - Started o.e.j.s.ServletContextHandler@4052c8c2{/static,jar:file:/home/user/.m2/repository/org/apache/hadoop/hadoop-hdds-container-service/0.5.0-SNAPSHOT/hadoop-hdds-container-service-0.5.0-SNAPSHOT.jar!/webapps/static,AVAILABLE}
2019-10-21 05:00:41,532 [JUnit] INFO  handler.ContextHandler (ContextHandler.java:doStart(781)) - Started o.e.j.w.WebAppContext@58f39564{/,file:///tmp/jetty-0.0.0.0-40831-hddsDatanode-_-any-3394064609313186780.dir/webapp/,AVAILABLE}{/hddsDatanode}
2019-10-21 05:00:41,533 [JUnit] INFO  server.AbstractConnector (AbstractConnector.java:doStart(278)) - Started ServerConnector@7b948f3e{HTTP/1.1,[http/1.1]}{0.0.0.0:40831}
2019-10-21 05:00:41,534 [JUnit] INFO  server.Server (Server.java:doStart(419)) - Started @6403ms
2019-10-21 05:00:41,535 [JUnit] WARN  impl.MetricsSystemImpl (MetricsSystemImpl.java:register(276)) - Sink prometheus already exists!
2019-10-21 05:00:41,537 [JUnit] INFO  server.BaseHttpServer (BaseHttpServer.java:updateConnectorAddress(215)) - HTTP server of HDDSDATANODE is listening at http://0.0.0.0:40831
2019-10-21 05:00:41,538 [JUnit] INFO  impl.MetricsSystemImpl (MetricsSystemImpl.java:init(158)) - HddsDatanode metrics system started (again)
2019-10-21 05:00:41,540 [org.apache.hadoop.util.JvmPauseMonitor$Monitor@34a154bf] INFO  util.JvmPauseMonitor (JvmPauseMonitor.java:run(188)) - Starting JVM pause monitor
2019-10-21 05:00:41,540 [JUnit] INFO  ozone.HddsDatanodeService (HddsDatanodeService.java:start(184)) - HddsDatanodeService host:pr-hdds-1569-252f9-3696506840 ip:192.168.157.255
2019-10-21 05:00:41,542 [Datanode State Machine Thread - 0] INFO  datanode.InitDatanodeState (InitDatanodeState.java:persistContainerDatanodeDetails(140)) - DatanodeDetails is persisted to /workdir/hadoop-ozone/ozonefs/target/test-dir/MiniOzoneClusterImpl-b0cbf291-7f28-492a-8767-654aacb91b77/datanode-2/meta/datanode.id
2019-10-21 05:00:41,546 [JUnit] INFO  volume.HddsVolume (HddsVolume.java:<init>(176)) - Creating Volume: /workdir/hadoop-ozone/ozonefs/target/test-dir/MiniOzoneClusterImpl-b0cbf291-7f28-492a-8767-654aacb91b77/datanode-3/data/containers/hdds of  storage type : DISK and capacity : 1482555576320
2019-10-21 05:00:41,547 [JUnit] INFO  volume.VolumeSet (VolumeSet.java:initializeVolumeSet(170)) - Added Volume : /workdir/hadoop-ozone/ozonefs/target/test-dir/MiniOzoneClusterImpl-b0cbf291-7f28-492a-8767-654aacb91b77/datanode-3/data/containers/hdds to VolumeSet
2019-10-21 05:00:41,547 [JUnit] INFO  volume.ThrottledAsyncChecker (ThrottledAsyncChecker.java:schedule(141)) - Scheduling a check for org.apache.hadoop.ozone.container.common.volume.HddsVolume@68b9834c
2019-10-21 05:00:41,547 [JUnit] INFO  volume.HddsVolumeChecker (HddsVolumeChecker.java:checkAllVolumes(204)) - Scheduled health check for volume org.apache.hadoop.ozone.container.common.volume.HddsVolume@68b9834c
2019-10-21 05:00:41,566 [JUnit] INFO  impl.RaftServerProxy (ConfUtils.java:logGet(43)) - raft.rpc.type = GRPC (default)
2019-10-21 05:00:41,566 [JUnit] INFO  grpc.GrpcFactory (GrpcFactory.java:checkPooledByteBufAllocatorUseCacheForAllThreads(45)) - PERFORMANCE WARNING: useCacheForAllThreads is true that may cause Netty to create a lot garbage objects and, as a result, trigger GC.
	It is recommended to disable useCacheForAllThreads by setting -Dorg.apache.ratis.thirdparty.io.netty.allocator.useCacheForAllThreads=false in command line.
2019-10-21 05:00:41,567 [JUnit] INFO  grpc.GrpcConfigKeys$Server (ConfUtils.java:logGet(43)) - raft.grpc.server.port = 0 (default)
2019-10-21 05:00:41,567 [JUnit] INFO  server.GrpcService (ConfUtils.java:logGet(43)) - raft.grpc.message.size.max = 33570816 (custom)
2019-10-21 05:00:41,567 [JUnit] INFO  server.RaftServerConfigKeys (ConfUtils.java:logGet(43)) - raft.server.log.appender.buffer.byte-limit = 33554432 (custom)
2019-10-21 05:00:41,567 [JUnit] INFO  server.GrpcService (ConfUtils.java:logGet(43)) - raft.grpc.flow.control.window = 1MB (=1048576) (default)
2019-10-21 05:00:41,567 [JUnit] INFO  server.RaftServerConfigKeys (ConfUtils.java:logGet(43)) - raft.server.rpc.request.timeout = 3000ms (default)
2019-10-21 05:00:41,568 [JUnit] INFO  server.RaftServerConfigKeys (ConfUtils.java:logGet(43)) - raft.server.storage.dir = [/workdir/hadoop-ozone/ozonefs/target/test-dir/MiniOzoneClusterImpl-b0cbf291-7f28-492a-8767-654aacb91b77/datanode-3/data/ratis] (custom)
2019-10-21 05:00:41,570 [JUnit] INFO  hdfs.DFSUtil (DFSUtil.java:httpServerTemplateForNNAndJN(1641)) - Starting Web-server for hddsDatanode at: http://0.0.0.0:0
2019-10-21 05:00:41,571 [JUnit] INFO  server.AuthenticationFilter (AuthenticationFilter.java:constructSecretProvider(240)) - Unable to initialize FileSignerSecretProvider, falling back to use random secrets.
2019-10-21 05:00:41,572 [JUnit] WARN  http.HttpRequestLog (HttpRequestLog.java:getRequestLog(97)) - Jetty request log can only be enabled using Log4j
2019-10-21 05:00:41,573 [JUnit] INFO  http.HttpServer2 (HttpServer2.java:addGlobalFilter(975)) - Added global filter 'safety' (class=org.apache.hadoop.http.HttpServer2$QuotingInputFilter)
2019-10-21 05:00:41,574 [JUnit] INFO  http.HttpServer2 (HttpServer2.java:addFilter(948)) - Added filter static_user_filter (class=org.apache.hadoop.http.lib.StaticUserWebFilter$StaticUserFilter) to context hddsDatanode
2019-10-21 05:00:41,574 [JUnit] INFO  http.HttpServer2 (HttpServer2.java:addFilter(958)) - Added filter static_user_filter (class=org.apache.hadoop.http.lib.StaticUserWebFilter$StaticUserFilter) to context logs
2019-10-21 05:00:41,574 [JUnit] INFO  http.HttpServer2 (HttpServer2.java:addFilter(958)) - Added filter static_user_filter (class=org.apache.hadoop.http.lib.StaticUserWebFilter$StaticUserFilter) to context static
2019-10-21 05:00:41,575 [JUnit] INFO  http.HttpServer2 (HttpServer2.java:bindListener(1191)) - Jetty bound to port 44715
2019-10-21 05:00:41,575 [JUnit] INFO  server.Server (Server.java:doStart(351)) - jetty-9.3.25.v20180904, build timestamp: 2018-09-04T21:11:46Z, git hash: 3ce520221d0240229c862b122d2b06c12a625732
2019-10-21 05:00:41,578 [JUnit] INFO  handler.ContextHandler (ContextHandler.java:doStart(781)) - Started o.e.j.s.ServletContextHandler@53cf9c99{/logs,file:///workdir/hadoop-ozone/ozonefs/target/log,AVAILABLE}
2019-10-21 05:00:41,579 [JUnit] INFO  handler.ContextHandler (ContextHandler.java:doStart(781)) - Started o.e.j.s.ServletContextHandler@142213d5{/static,jar:file:/home/user/.m2/repository/org/apache/hadoop/hadoop-hdds-container-service/0.5.0-SNAPSHOT/hadoop-hdds-container-service-0.5.0-SNAPSHOT.jar!/webapps/static,AVAILABLE}
2019-10-21 05:00:41,628 [JUnit] INFO  handler.ContextHandler (ContextHandler.java:doStart(781)) - Started o.e.j.w.WebAppContext@117d32e{/,file:///tmp/jetty-0.0.0.0-44715-hddsDatanode-_-any-3243034835893916458.dir/webapp/,AVAILABLE}{/hddsDatanode}
2019-10-21 05:00:41,630 [JUnit] INFO  server.AbstractConnector (AbstractConnector.java:doStart(278)) - Started ServerConnector@51d387d3{HTTP/1.1,[http/1.1]}{0.0.0.0:44715}
2019-10-21 05:00:41,630 [JUnit] INFO  server.Server (Server.java:doStart(419)) - Started @6499ms
2019-10-21 05:00:41,630 [JUnit] WARN  impl.MetricsSystemImpl (MetricsSystemImpl.java:register(276)) - Sink prometheus already exists!
2019-10-21 05:00:41,631 [JUnit] INFO  server.BaseHttpServer (BaseHttpServer.java:updateConnectorAddress(215)) - HTTP server of HDDSDATANODE is listening at http://0.0.0.0:44715
2019-10-21 05:00:41,632 [JUnit] INFO  impl.MetricsSystemImpl (MetricsSystemImpl.java:init(158)) - HddsDatanode metrics system started (again)
2019-10-21 05:00:41,635 [org.apache.hadoop.util.JvmPauseMonitor$Monitor@454b415f] INFO  util.JvmPauseMonitor (JvmPauseMonitor.java:run(188)) - Starting JVM pause monitor
2019-10-21 05:00:41,636 [JUnit] INFO  ozone.HddsDatanodeService (HddsDatanodeService.java:start(184)) - HddsDatanodeService host:pr-hdds-1569-252f9-3696506840 ip:192.168.157.255
2019-10-21 05:00:41,640 [Datanode State Machine Thread - 0] INFO  datanode.InitDatanodeState (InitDatanodeState.java:persistContainerDatanodeDetails(140)) - DatanodeDetails is persisted to /workdir/hadoop-ozone/ozonefs/target/test-dir/MiniOzoneClusterImpl-b0cbf291-7f28-492a-8767-654aacb91b77/datanode-3/meta/datanode.id
2019-10-21 05:00:41,645 [JUnit] INFO  volume.HddsVolume (HddsVolume.java:<init>(176)) - Creating Volume: /workdir/hadoop-ozone/ozonefs/target/test-dir/MiniOzoneClusterImpl-b0cbf291-7f28-492a-8767-654aacb91b77/datanode-4/data/containers/hdds of  storage type : DISK and capacity : 1482555576320
2019-10-21 05:00:41,646 [JUnit] INFO  volume.VolumeSet (VolumeSet.java:initializeVolumeSet(170)) - Added Volume : /workdir/hadoop-ozone/ozonefs/target/test-dir/MiniOzoneClusterImpl-b0cbf291-7f28-492a-8767-654aacb91b77/datanode-4/data/containers/hdds to VolumeSet
2019-10-21 05:00:41,646 [JUnit] INFO  volume.ThrottledAsyncChecker (ThrottledAsyncChecker.java:schedule(141)) - Scheduling a check for org.apache.hadoop.ozone.container.common.volume.HddsVolume@3d96fa9e
2019-10-21 05:00:41,647 [JUnit] INFO  volume.HddsVolumeChecker (HddsVolumeChecker.java:checkAllVolumes(204)) - Scheduled health check for volume org.apache.hadoop.ozone.container.common.volume.HddsVolume@3d96fa9e
2019-10-21 05:00:41,675 [JUnit] INFO  impl.RaftServerProxy (ConfUtils.java:logGet(43)) - raft.rpc.type = GRPC (default)
2019-10-21 05:00:41,676 [JUnit] INFO  grpc.GrpcFactory (GrpcFactory.java:checkPooledByteBufAllocatorUseCacheForAllThreads(45)) - PERFORMANCE WARNING: useCacheForAllThreads is true that may cause Netty to create a lot garbage objects and, as a result, trigger GC.
	It is recommended to disable useCacheForAllThreads by setting -Dorg.apache.ratis.thirdparty.io.netty.allocator.useCacheForAllThreads=false in command line.
2019-10-21 05:00:41,676 [JUnit] INFO  grpc.GrpcConfigKeys$Server (ConfUtils.java:logGet(43)) - raft.grpc.server.port = 0 (default)
2019-10-21 05:00:41,676 [JUnit] INFO  server.GrpcService (ConfUtils.java:logGet(43)) - raft.grpc.message.size.max = 33570816 (custom)
2019-10-21 05:00:41,676 [JUnit] INFO  server.RaftServerConfigKeys (ConfUtils.java:logGet(43)) - raft.server.log.appender.buffer.byte-limit = 33554432 (custom)
2019-10-21 05:00:41,677 [JUnit] INFO  server.GrpcService (ConfUtils.java:logGet(43)) - raft.grpc.flow.control.window = 1MB (=1048576) (default)
2019-10-21 05:00:41,677 [JUnit] INFO  server.RaftServerConfigKeys (ConfUtils.java:logGet(43)) - raft.server.rpc.request.timeout = 3000ms (default)
2019-10-21 05:00:41,678 [JUnit] INFO  server.RaftServerConfigKeys (ConfUtils.java:logGet(43)) - raft.server.storage.dir = [/workdir/hadoop-ozone/ozonefs/target/test-dir/MiniOzoneClusterImpl-b0cbf291-7f28-492a-8767-654aacb91b77/datanode-4/data/ratis] (custom)
2019-10-21 05:00:41,680 [JUnit] INFO  hdfs.DFSUtil (DFSUtil.java:httpServerTemplateForNNAndJN(1641)) - Starting Web-server for hddsDatanode at: http://0.0.0.0:0
2019-10-21 05:00:41,682 [JUnit] INFO  server.AuthenticationFilter (AuthenticationFilter.java:constructSecretProvider(240)) - Unable to initialize FileSignerSecretProvider, falling back to use random secrets.
2019-10-21 05:00:41,683 [JUnit] WARN  http.HttpRequestLog (HttpRequestLog.java:getRequestLog(97)) - Jetty request log can only be enabled using Log4j
2019-10-21 05:00:41,685 [JUnit] INFO  http.HttpServer2 (HttpServer2.java:addGlobalFilter(975)) - Added global filter 'safety' (class=org.apache.hadoop.http.HttpServer2$QuotingInputFilter)
2019-10-21 05:00:41,686 [JUnit] INFO  http.HttpServer2 (HttpServer2.java:addFilter(948)) - Added filter static_user_filter (class=org.apache.hadoop.http.lib.StaticUserWebFilter$StaticUserFilter) to context hddsDatanode
2019-10-21 05:00:41,686 [JUnit] INFO  http.HttpServer2 (HttpServer2.java:addFilter(958)) - Added filter static_user_filter (class=org.apache.hadoop.http.lib.StaticUserWebFilter$StaticUserFilter) to context logs
2019-10-21 05:00:41,687 [JUnit] INFO  http.HttpServer2 (HttpServer2.java:addFilter(958)) - Added filter static_user_filter (class=org.apache.hadoop.http.lib.StaticUserWebFilter$StaticUserFilter) to context static
2019-10-21 05:00:41,688 [JUnit] INFO  http.HttpServer2 (HttpServer2.java:bindListener(1191)) - Jetty bound to port 37798
2019-10-21 05:00:41,688 [JUnit] INFO  server.Server (Server.java:doStart(351)) - jetty-9.3.25.v20180904, build timestamp: 2018-09-04T21:11:46Z, git hash: 3ce520221d0240229c862b122d2b06c12a625732
2019-10-21 05:00:41,690 [JUnit] INFO  handler.ContextHandler (ContextHandler.java:doStart(781)) - Started o.e.j.s.ServletContextHandler@3ba46e63{/logs,file:///workdir/hadoop-ozone/ozonefs/target/log,AVAILABLE}
2019-10-21 05:00:41,690 [JUnit] INFO  handler.ContextHandler (ContextHandler.java:doStart(781)) - Started o.e.j.s.ServletContextHandler@2dc3271b{/static,jar:file:/home/user/.m2/repository/org/apache/hadoop/hadoop-hdds-container-service/0.5.0-SNAPSHOT/hadoop-hdds-container-service-0.5.0-SNAPSHOT.jar!/webapps/static,AVAILABLE}
2019-10-21 05:00:41,728 [JUnit] INFO  handler.ContextHandler (ContextHandler.java:doStart(781)) - Started o.e.j.w.WebAppContext@6edf29c1{/,file:///tmp/jetty-0.0.0.0-37798-hddsDatanode-_-any-1609287058690309609.dir/webapp/,AVAILABLE}{/hddsDatanode}
2019-10-21 05:00:41,728 [JUnit] INFO  server.AbstractConnector (AbstractConnector.java:doStart(278)) - Started ServerConnector@79a04e5f{HTTP/1.1,[http/1.1]}{0.0.0.0:37798}
2019-10-21 05:00:41,729 [JUnit] INFO  server.Server (Server.java:doStart(419)) - Started @6598ms
2019-10-21 05:00:41,729 [JUnit] WARN  impl.MetricsSystemImpl (MetricsSystemImpl.java:register(276)) - Sink prometheus already exists!
2019-10-21 05:00:41,730 [JUnit] INFO  server.BaseHttpServer (BaseHttpServer.java:updateConnectorAddress(215)) - HTTP server of HDDSDATANODE is listening at http://0.0.0.0:37798
2019-10-21 05:00:41,732 [JUnit] INFO  ozone.MiniOzoneClusterImpl (MiniOzoneClusterImpl.java:lambda$waitForClusterToBeReady$0(147)) - Waiting for cluster to be ready. Got 0 of 5 DN Heartbeats.
2019-10-21 05:00:41,733 [org.apache.hadoop.util.JvmPauseMonitor$Monitor@51733aaf] INFO  util.JvmPauseMonitor (JvmPauseMonitor.java:run(188)) - Starting JVM pause monitor
2019-10-21 05:00:41,735 [Datanode State Machine Thread - 0] INFO  datanode.InitDatanodeState (InitDatanodeState.java:persistContainerDatanodeDetails(140)) - DatanodeDetails is persisted to /workdir/hadoop-ozone/ozonefs/target/test-dir/MiniOzoneClusterImpl-b0cbf291-7f28-492a-8767-654aacb91b77/datanode-4/meta/datanode.id
2019-10-21 05:00:42,733 [JUnit] INFO  ozone.MiniOzoneClusterImpl (MiniOzoneClusterImpl.java:lambda$waitForClusterToBeReady$0(147)) - Waiting for cluster to be ready. Got 0 of 5 DN Heartbeats.
2019-10-21 05:00:43,427 [Datanode State Machine Thread - 0] INFO  ozoneimpl.OzoneContainer (OzoneContainer.java:start(213)) - Attempting to start container services.
2019-10-21 05:00:43,429 [Datanode State Machine Thread - 0] INFO  ozoneimpl.OzoneContainer (OzoneContainer.java:startContainerScrub(177)) - Background container scanner has been disabled.
2019-10-21 05:00:43,430 [Datanode State Machine Thread - 0] INFO  ratis.XceiverServerRatis (XceiverServerRatis.java:start(418)) - Starting XceiverServerRatis 7d4ba912-917b-4f4e-a880-62fee1b9eb0e at port 0
2019-10-21 05:00:43,446 [Datanode State Machine Thread - 0] INFO  impl.RaftServerProxy (RaftServerProxy.java:lambda$start$3(299)) - 7d4ba912-917b-4f4e-a880-62fee1b9eb0e: start RPC server
2019-10-21 05:00:43,467 [Datanode State Machine Thread - 0] INFO  ozoneimpl.OzoneContainer (OzoneContainer.java:start(213)) - Attempting to start container services.
2019-10-21 05:00:43,471 [Datanode State Machine Thread - 0] INFO  ozoneimpl.OzoneContainer (OzoneContainer.java:startContainerScrub(177)) - Background container scanner has been disabled.
2019-10-21 05:00:43,471 [Datanode State Machine Thread - 0] INFO  ratis.XceiverServerRatis (XceiverServerRatis.java:start(418)) - Starting XceiverServerRatis ea9103f6-20fd-4318-bf9c-fcf624e385d3 at port 0
2019-10-21 05:00:43,479 [Datanode State Machine Thread - 0] INFO  impl.RaftServerProxy (RaftServerProxy.java:lambda$start$3(299)) - ea9103f6-20fd-4318-bf9c-fcf624e385d3: start RPC server
2019-10-21 05:00:43,555 [Datanode State Machine Thread - 0] INFO  ozoneimpl.OzoneContainer (OzoneContainer.java:start(213)) - Attempting to start container services.
2019-10-21 05:00:43,557 [Datanode State Machine Thread - 0] INFO  ozoneimpl.OzoneContainer (OzoneContainer.java:startContainerScrub(177)) - Background container scanner has been disabled.
2019-10-21 05:00:43,557 [Datanode State Machine Thread - 0] INFO  ratis.XceiverServerRatis (XceiverServerRatis.java:start(418)) - Starting XceiverServerRatis bdcd399c-8b73-41dc-8cc1-b33ea43b9a3c at port 0
2019-10-21 05:00:43,567 [Datanode State Machine Thread - 0] INFO  impl.RaftServerProxy (RaftServerProxy.java:lambda$start$3(299)) - bdcd399c-8b73-41dc-8cc1-b33ea43b9a3c: start RPC server
2019-10-21 05:00:43,580 [Datanode State Machine Thread - 0] INFO  server.GrpcService (GrpcService.java:startImpl(158)) - 7d4ba912-917b-4f4e-a880-62fee1b9eb0e: GrpcService started, listening on 0.0.0.0/0.0.0.0:46285
2019-10-21 05:00:43,580 [Datanode State Machine Thread - 0] INFO  server.GrpcService (GrpcService.java:startImpl(158)) - bdcd399c-8b73-41dc-8cc1-b33ea43b9a3c: GrpcService started, listening on 0.0.0.0/0.0.0.0:34640
2019-10-21 05:00:43,580 [Datanode State Machine Thread - 0] INFO  server.GrpcService (GrpcService.java:startImpl(158)) - ea9103f6-20fd-4318-bf9c-fcf624e385d3: GrpcService started, listening on 0.0.0.0/0.0.0.0:44144
2019-10-21 05:00:43,581 [Datanode State Machine Thread - 0] INFO  ratis.XceiverServerRatis (XceiverServerRatis.java:start(428)) - XceiverServerRatis bdcd399c-8b73-41dc-8cc1-b33ea43b9a3c is started using port 34640
2019-10-21 05:00:43,581 [Datanode State Machine Thread - 0] INFO  ratis.XceiverServerRatis (XceiverServerRatis.java:start(428)) - XceiverServerRatis 7d4ba912-917b-4f4e-a880-62fee1b9eb0e is started using port 46285
2019-10-21 05:00:43,581 [Datanode State Machine Thread - 0] INFO  ratis.XceiverServerRatis (XceiverServerRatis.java:start(428)) - XceiverServerRatis ea9103f6-20fd-4318-bf9c-fcf624e385d3 is started using port 44144
2019-10-21 05:00:43,586 [Datanode State Machine Thread - 0] INFO  server.XceiverServerGrpc (XceiverServerGrpc.java:start(149)) - XceiverServerGrpc ea9103f6-20fd-4318-bf9c-fcf624e385d3 is started using port 37845
2019-10-21 05:00:43,586 [Datanode State Machine Thread - 0] INFO  server.XceiverServerGrpc (XceiverServerGrpc.java:start(149)) - XceiverServerGrpc 7d4ba912-917b-4f4e-a880-62fee1b9eb0e is started using port 41243
2019-10-21 05:00:43,586 [Datanode State Machine Thread - 0] INFO  server.XceiverServerGrpc (XceiverServerGrpc.java:start(149)) - XceiverServerGrpc bdcd399c-8b73-41dc-8cc1-b33ea43b9a3c is started using port 40977
2019-10-21 05:00:43,652 [Datanode State Machine Thread - 0] INFO  ozoneimpl.OzoneContainer (OzoneContainer.java:start(213)) - Attempting to start container services.
2019-10-21 05:00:43,654 [Datanode State Machine Thread - 0] INFO  ozoneimpl.OzoneContainer (OzoneContainer.java:startContainerScrub(177)) - Background container scanner has been disabled.
2019-10-21 05:00:43,654 [Datanode State Machine Thread - 0] INFO  ratis.XceiverServerRatis (XceiverServerRatis.java:start(418)) - Starting XceiverServerRatis 7a92ee92-aaf5-44d8-9372-2212979166b2 at port 0
2019-10-21 05:00:43,660 [Datanode State Machine Thread - 0] INFO  impl.RaftServerProxy (RaftServerProxy.java:lambda$start$3(299)) - 7a92ee92-aaf5-44d8-9372-2212979166b2: start RPC server
2019-10-21 05:00:43,663 [Datanode State Machine Thread - 0] INFO  server.GrpcService (GrpcService.java:startImpl(158)) - 7a92ee92-aaf5-44d8-9372-2212979166b2: GrpcService started, listening on 0.0.0.0/0.0.0.0:36899
2019-10-21 05:00:43,663 [Datanode State Machine Thread - 0] INFO  ratis.XceiverServerRatis (XceiverServerRatis.java:start(428)) - XceiverServerRatis 7a92ee92-aaf5-44d8-9372-2212979166b2 is started using port 36899
2019-10-21 05:00:43,664 [Datanode State Machine Thread - 0] INFO  server.XceiverServerGrpc (XceiverServerGrpc.java:start(149)) - XceiverServerGrpc 7a92ee92-aaf5-44d8-9372-2212979166b2 is started using port 39923
2019-10-21 05:00:43,733 [JUnit] INFO  ozone.MiniOzoneClusterImpl (MiniOzoneClusterImpl.java:lambda$waitForClusterToBeReady$0(147)) - Waiting for cluster to be ready. Got 0 of 5 DN Heartbeats.
2019-10-21 05:00:43,743 [Datanode State Machine Thread - 0] INFO  ozoneimpl.OzoneContainer (OzoneContainer.java:start(213)) - Attempting to start container services.
2019-10-21 05:00:43,747 [Datanode State Machine Thread - 0] INFO  ozoneimpl.OzoneContainer (OzoneContainer.java:startContainerScrub(177)) - Background container scanner has been disabled.
2019-10-21 05:00:43,747 [Datanode State Machine Thread - 0] INFO  ratis.XceiverServerRatis (XceiverServerRatis.java:start(418)) - Starting XceiverServerRatis b29d5ac4-f099-47e5-b165-5a7ec59b9adb at port 0
2019-10-21 05:00:43,754 [Datanode State Machine Thread - 0] INFO  impl.RaftServerProxy (RaftServerProxy.java:lambda$start$3(299)) - b29d5ac4-f099-47e5-b165-5a7ec59b9adb: start RPC server
2019-10-21 05:00:43,757 [Datanode State Machine Thread - 0] INFO  server.GrpcService (GrpcService.java:startImpl(158)) - b29d5ac4-f099-47e5-b165-5a7ec59b9adb: GrpcService started, listening on 0.0.0.0/0.0.0.0:41557
2019-10-21 05:00:43,757 [Datanode State Machine Thread - 0] INFO  ratis.XceiverServerRatis (XceiverServerRatis.java:start(428)) - XceiverServerRatis b29d5ac4-f099-47e5-b165-5a7ec59b9adb is started using port 41557
2019-10-21 05:00:43,759 [Datanode State Machine Thread - 0] INFO  server.XceiverServerGrpc (XceiverServerGrpc.java:start(149)) - XceiverServerGrpc b29d5ac4-f099-47e5-b165-5a7ec59b9adb is started using port 35894
2019-10-21 05:00:44,734 [JUnit] INFO  ozone.MiniOzoneClusterImpl (MiniOzoneClusterImpl.java:lambda$waitForClusterToBeReady$0(147)) - Waiting for cluster to be ready. Got 0 of 5 DN Heartbeats.
2019-10-21 05:00:45,392 [IPC Server handler 0 on 37127] INFO  net.NetworkTopology (NetworkTopologyImpl.java:add(111)) - Added a new node: /default-rack/7d4ba912-917b-4f4e-a880-62fee1b9eb0e
2019-10-21 05:00:45,393 [IPC Server handler 0 on 37127] INFO  node.SCMNodeManager (SCMNodeManager.java:register(268)) - Registered Data node : 7d4ba912-917b-4f4e-a880-62fee1b9eb0e{ip: 192.168.157.255, host: pr-hdds-1569-252f9-3696506840, networkLocation: /default-rack, certSerialId: null}
2019-10-21 05:00:45,396 [EventQueue-NodeRegistrationContainerReportForDataNodeSafeModeRule] INFO  safemode.SCMSafeModeManager (DataNodeSafeModeRule.java:process(71)) - SCM in safe mode. 1 DataNodes registered, 1 required.
2019-10-21 05:00:45,396 [EventQueue-NodeRegistrationContainerReportForDataNodeSafeModeRule] INFO  safemode.SCMSafeModeManager (SCMSafeModeManager.java:validateSafeModeExitRules(177)) - ScmSafeModeManager, all rules are successfully validated
2019-10-21 05:00:45,396 [EventQueue-NodeRegistrationContainerReportForDataNodeSafeModeRule] INFO  safemode.SCMSafeModeManager (SCMSafeModeManager.java:exitSafeMode(193)) - SCM exiting safe mode.
2019-10-21 05:00:45,452 [IPC Server handler 1 on 37127] INFO  net.NetworkTopology (NetworkTopologyImpl.java:add(111)) - Added a new node: /default-rack/ea9103f6-20fd-4318-bf9c-fcf624e385d3
2019-10-21 05:00:45,452 [IPC Server handler 1 on 37127] INFO  node.SCMNodeManager (SCMNodeManager.java:register(268)) - Registered Data node : ea9103f6-20fd-4318-bf9c-fcf624e385d3{ip: 192.168.157.255, host: pr-hdds-1569-252f9-3696506840, networkLocation: /default-rack, certSerialId: null}
2019-10-21 05:00:45,542 [IPC Server handler 3 on 37127] INFO  net.NetworkTopology (NetworkTopologyImpl.java:add(111)) - Added a new node: /default-rack/bdcd399c-8b73-41dc-8cc1-b33ea43b9a3c
2019-10-21 05:00:45,543 [IPC Server handler 3 on 37127] INFO  node.SCMNodeManager (SCMNodeManager.java:register(268)) - Registered Data node : bdcd399c-8b73-41dc-8cc1-b33ea43b9a3c{ip: 192.168.157.255, host: pr-hdds-1569-252f9-3696506840, networkLocation: /default-rack, certSerialId: null}
2019-10-21 05:00:45,639 [IPC Server handler 4 on 37127] INFO  net.NetworkTopology (NetworkTopologyImpl.java:add(111)) - Added a new node: /default-rack/7a92ee92-aaf5-44d8-9372-2212979166b2
2019-10-21 05:00:45,639 [IPC Server handler 4 on 37127] INFO  node.SCMNodeManager (SCMNodeManager.java:register(268)) - Registered Data node : 7a92ee92-aaf5-44d8-9372-2212979166b2{ip: 192.168.157.255, host: pr-hdds-1569-252f9-3696506840, networkLocation: /default-rack, certSerialId: null}
2019-10-21 05:00:45,745 [JUnit] INFO  ozone.MiniOzoneClusterImpl (MiniOzoneClusterImpl.java:lambda$waitForClusterToBeReady$0(147)) - Waiting for cluster to be ready. Got 4 of 5 DN Heartbeats.
2019-10-21 05:00:45,750 [IPC Server handler 5 on 37127] INFO  net.NetworkTopology (NetworkTopologyImpl.java:add(111)) - Added a new node: /default-rack/b29d5ac4-f099-47e5-b165-5a7ec59b9adb
2019-10-21 05:00:45,750 [IPC Server handler 5 on 37127] INFO  node.SCMNodeManager (SCMNodeManager.java:register(268)) - Registered Data node : b29d5ac4-f099-47e5-b165-5a7ec59b9adb{ip: 192.168.157.255, host: pr-hdds-1569-252f9-3696506840, networkLocation: /default-rack, certSerialId: null}
2019-10-21 05:00:45,892 [grpc-default-executor-0] INFO  impl.RaftServerProxy (RaftServerProxy.java:addNew(89)) - 7d4ba912-917b-4f4e-a880-62fee1b9eb0e: addNew group-368AAEBBA61E:[7d4ba912-917b-4f4e-a880-62fee1b9eb0e:192.168.157.255:46285] returns group-368AAEBBA61E:java.util.concurrent.CompletableFuture@dd6da42[Not completed]
2019-10-21 05:00:45,915 [pool-27-thread-1] INFO  impl.RaftServerImpl (RaftServerImpl.java:<init>(95)) - 7d4ba912-917b-4f4e-a880-62fee1b9eb0e: new RaftServerImpl for group-368AAEBBA61E:[7d4ba912-917b-4f4e-a880-62fee1b9eb0e:192.168.157.255:46285] with ContainerStateMachine:uninitialized
2019-10-21 05:00:45,918 [pool-27-thread-1] INFO  server.RaftServerConfigKeys (ConfUtils.java:logGet(43)) - raft.server.rpc.timeout.min = 5s (custom)
2019-10-21 05:00:45,919 [pool-27-thread-1] INFO  server.RaftServerConfigKeys (ConfUtils.java:logGet(43)) - raft.server.rpc.timeout.max = 5200ms (custom)
2019-10-21 05:00:45,919 [pool-27-thread-1] INFO  server.RaftServerConfigKeys (ConfUtils.java:logGet(43)) - raft.server.rpcslowness.timeout = 120s (custom)
2019-10-21 05:00:45,920 [pool-27-thread-1] INFO  server.RaftServerConfigKeys (ConfUtils.java:logGet(43)) - raft.server.sleep.deviation.threshold = 300 (default)
2019-10-21 05:00:45,921 [pool-27-thread-1] INFO  server.RaftServerConfigKeys (ConfUtils.java:logGet(43)) - raft.server.log.appender.install.snapshot.enabled = false (custom)
2019-10-21 05:00:45,931 [pool-27-thread-1] INFO  impl.RaftServerImpl (ServerState.java:<init>(103)) - 7d4ba912-917b-4f4e-a880-62fee1b9eb0e@group-368AAEBBA61E: ConfigurationManager, init=-1: [7d4ba912-917b-4f4e-a880-62fee1b9eb0e:192.168.157.255:46285], old=null, confs=<EMPTY_MAP>
2019-10-21 05:00:45,931 [pool-27-thread-1] INFO  server.RaftServerConfigKeys (ConfUtils.java:logGet(43)) - raft.server.storage.dir = [/workdir/hadoop-ozone/ozonefs/target/test-dir/MiniOzoneClusterImpl-b0cbf291-7f28-492a-8767-654aacb91b77/datanode-0/data/ratis] (custom)
2019-10-21 05:00:45,938 [pool-27-thread-1] INFO  server.RaftServerConfigKeys (ConfUtils.java:logGet(43)) - raft.server.log.corruption.policy = EXCEPTION (default)
2019-10-21 05:00:45,940 [pool-27-thread-1] INFO  storage.RaftStorageDirectory (RaftStorageDirectory.java:analyzeStorage(246)) - The storage directory /workdir/hadoop-ozone/ozonefs/target/test-dir/MiniOzoneClusterImpl-b0cbf291-7f28-492a-8767-654aacb91b77/datanode-0/data/ratis/da583af8-f857-4173-b4b3-368aaebba61e does not exist. Creating ...
2019-10-21 05:00:45,967 [pool-27-thread-1] INFO  storage.RaftStorageDirectory (RaftStorageDirectory.java:tryLock(328)) - Lock on /workdir/hadoop-ozone/ozonefs/target/test-dir/MiniOzoneClusterImpl-b0cbf291-7f28-492a-8767-654aacb91b77/datanode-0/data/ratis/da583af8-f857-4173-b4b3-368aaebba61e/in_use.lock acquired by nodename 402@pr-hdds-1569-252f9-3696506840
2019-10-21 05:00:46,041 [pool-27-thread-1] INFO  storage.RaftStorage (RaftStorage.java:format(84)) - Storage directory /workdir/hadoop-ozone/ozonefs/target/test-dir/MiniOzoneClusterImpl-b0cbf291-7f28-492a-8767-654aacb91b77/datanode-0/data/ratis/da583af8-f857-4173-b4b3-368aaebba61e has been successfully formatted.
2019-10-21 05:00:46,044 [pool-27-thread-1] INFO  ratis.ContainerStateMachine (ContainerStateMachine.java:loadSnapshot(231)) - group-368AAEBBA61E: The snapshot info is null. Setting the last applied indexto:(t:0, i:~)
2019-10-21 05:00:46,045 [pool-27-thread-1] INFO  server.RaftServerConfigKeys (ConfUtils.java:logGet(43)) - raft.server.notification.no-leader.timeout = 120s (custom)
2019-10-21 05:00:46,047 [pool-27-thread-1] INFO  server.RaftServerConfigKeys (ConfUtils.java:logGet(43)) - raft.server.log.use.memory = false (default)
2019-10-21 05:00:46,057 [pool-27-thread-1] INFO  server.RaftServerConfigKeys (ConfUtils.java:logGet(43)) - raft.server.log.purge.gap = 1000000 (custom)
2019-10-21 05:00:46,057 [pool-27-thread-1] INFO  server.RaftServerConfigKeys (ConfUtils.java:logGet(43)) - raft.server.log.appender.buffer.byte-limit = 33554432 (custom)
2019-10-21 05:00:46,061 [pool-27-thread-1] INFO  server.RaftServerConfigKeys (ConfUtils.java:logGet(43)) - raft.server.log.segment.size.max = 1048576 (custom)
2019-10-21 05:00:46,064 [pool-27-thread-1] INFO  impl.MetricsSystemImpl (MetricsSystemImpl.java:init(158)) - ratis metrics system started (again)
2019-10-21 05:00:46,071 [pool-27-thread-1] INFO  metrics.MetricRegistries (MetricRegistriesLoader.java:load(64)) - Loaded MetricRegistries class org.apache.ratis.metrics.impl.MetricRegistriesImpl
2019-10-21 05:00:46,112 [pool-27-thread-1] INFO  server.RaftServerConfigKeys (ConfUtils.java:logGet(43)) - raft.server.log.segment.cache.num.max = 2 (custom)
2019-10-21 05:00:46,119 [pool-27-thread-1] INFO  segmented.SegmentedRaftLogWorker (SegmentedRaftLogWorker.java:<init>(173)) - new 7d4ba912-917b-4f4e-a880-62fee1b9eb0e@group-368AAEBBA61E-SegmentedRaftLogWorker for RaftStorage:Storage Directory /workdir/hadoop-ozone/ozonefs/target/test-dir/MiniOzoneClusterImpl-b0cbf291-7f28-492a-8767-654aacb91b77/datanode-0/data/ratis/da583af8-f857-4173-b4b3-368aaebba61e
2019-10-21 05:00:46,120 [pool-27-thread-1] INFO  server.RaftServerConfigKeys (ConfUtils.java:logGet(43)) - raft.server.log.queue.byte-limit = 2147483647 (custom)
2019-10-21 05:00:46,120 [pool-27-thread-1] INFO  server.RaftServerConfigKeys (ConfUtils.java:logGet(43)) - raft.server.log.queue.element-limit = 1024 (custom)
2019-10-21 05:00:46,122 [pool-27-thread-1] INFO  server.RaftServerConfigKeys (ConfUtils.java:logGet(43)) - raft.server.log.segment.size.max = 1048576 (custom)
2019-10-21 05:00:46,122 [pool-27-thread-1] INFO  server.RaftServerConfigKeys (ConfUtils.java:logGet(43)) - raft.server.log.preallocated.size = 16384 (custom)
2019-10-21 05:00:46,122 [pool-27-thread-1] INFO  server.RaftServerConfigKeys (ConfUtils.java:logGet(43)) - raft.server.log.write.buffer.size = 33554432 (custom)
2019-10-21 05:00:46,123 [pool-27-thread-1] INFO  server.RaftServerConfigKeys (ConfUtils.java:logGet(43)) - raft.server.log.force.sync.num = 128 (default)
2019-10-21 05:00:46,124 [pool-27-thread-1] INFO  server.RaftServerConfigKeys (ConfUtils.java:logGet(43)) - raft.server.log.statemachine.data.sync = true (default)
2019-10-21 05:00:46,124 [pool-27-thread-1] INFO  server.RaftServerConfigKeys (ConfUtils.java:logGet(43)) - raft.server.log.statemachine.data.sync.timeout = 10s (default)
2019-10-21 05:00:46,124 [pool-27-thread-1] INFO  server.RaftServerConfigKeys (ConfUtils.java:logGet(43)) - raft.server.log.statemachine.data.sync.timeout.retry = -1 (default)
2019-10-21 05:00:46,138 [pool-27-thread-1] INFO  server.RaftServerConfigKeys (ConfUtils.java:logGet(43)) - raft.server.log.statemachine.data.caching.enabled = true (custom)
2019-10-21 05:00:46,142 [pool-27-thread-1] INFO  segmented.SegmentedRaftLogWorker (SegmentedRaftLogWorker.java:lambda$new$0(128)) - 7d4ba912-917b-4f4e-a880-62fee1b9eb0e@group-368AAEBBA61E-SegmentedRaftLogWorker: flushIndex: setUnconditionally 0 -> -1
2019-10-21 05:00:46,147 [pool-27-thread-1] INFO  server.RaftServerConfigKeys (ConfUtils.java:logGet(43)) - raft.server.snapshot.auto.trigger.enabled = true (custom)
2019-10-21 05:00:46,148 [pool-27-thread-1] INFO  server.RaftServerConfigKeys (ConfUtils.java:logGet(43)) - raft.server.snapshot.auto.trigger.threshold = 10000 (custom)
2019-10-21 05:00:46,149 [pool-27-thread-1] INFO  server.RaftServerConfigKeys (ConfUtils.java:logGet(43)) - raft.server.snapshot.retention.file.num = 5 (custom)
2019-10-21 05:00:46,149 [pool-27-thread-1] INFO  server.RaftServerConfigKeys (ConfUtils.java:logGet(43)) - raft.server.retrycache.expirytime = 600000ms (custom)
2019-10-21 05:00:46,178 [pool-27-thread-1] INFO  impl.RaftServerImpl (RaftServerImpl.java:start(181)) - 7d4ba912-917b-4f4e-a880-62fee1b9eb0e@group-368AAEBBA61E: start as a follower, conf=-1: [7d4ba912-917b-4f4e-a880-62fee1b9eb0e:192.168.157.255:46285], old=null
2019-10-21 05:00:46,179 [pool-27-thread-1] INFO  impl.RaftServerImpl (RaftServerImpl.java:setRole(170)) - 7d4ba912-917b-4f4e-a880-62fee1b9eb0e@group-368AAEBBA61E: changes role from      null to FOLLOWER at term 0 for startAsFollower
2019-10-21 05:00:46,181 [pool-27-thread-1] INFO  impl.RoleInfo (RoleInfo.java:updateAndGet(143)) - 7d4ba912-917b-4f4e-a880-62fee1b9eb0e: start FollowerState
2019-10-21 05:00:46,182 [pool-27-thread-1] INFO  util.JmxRegister (JmxRegister.java:tryRegister(44)) - Successfully registered JMX Bean with object name Ratis:service=RaftServer,group=group-368AAEBBA61E,id=7d4ba912-917b-4f4e-a880-62fee1b9eb0e
2019-10-21 05:00:46,241 [RatisPipelineUtilsThread] INFO  pipeline.PipelineStateManager (PipelineStateManager.java:addPipeline(56)) - Created pipeline Pipeline[ Id: da583af8-f857-4173-b4b3-368aaebba61e, Nodes: 7d4ba912-917b-4f4e-a880-62fee1b9eb0e{ip: 192.168.157.255, host: pr-hdds-1569-252f9-3696506840, networkLocation: /default-rack, certSerialId: null}, Type:RATIS, Factor:ONE, State:OPEN]
2019-10-21 05:00:46,261 [grpc-default-executor-0] INFO  impl.RaftServerProxy (RaftServerProxy.java:addNew(89)) - bdcd399c-8b73-41dc-8cc1-b33ea43b9a3c: addNew group-388AA77EFED8:[bdcd399c-8b73-41dc-8cc1-b33ea43b9a3c:192.168.157.255:34640] returns group-388AA77EFED8:java.util.concurrent.CompletableFuture@2263bb74[Not completed]
2019-10-21 05:00:46,282 [pool-47-thread-1] INFO  impl.RaftServerImpl (RaftServerImpl.java:<init>(95)) - bdcd399c-8b73-41dc-8cc1-b33ea43b9a3c: new RaftServerImpl for group-388AA77EFED8:[bdcd399c-8b73-41dc-8cc1-b33ea43b9a3c:192.168.157.255:34640] with ContainerStateMachine:uninitialized
2019-10-21 05:00:46,284 [pool-47-thread-1] INFO  server.RaftServerConfigKeys (ConfUtils.java:logGet(43)) - raft.server.rpc.timeout.min = 5s (custom)
2019-10-21 05:00:46,284 [pool-47-thread-1] INFO  server.RaftServerConfigKeys (ConfUtils.java:logGet(43)) - raft.server.rpc.timeout.max = 5200ms (custom)
2019-10-21 05:00:46,284 [pool-47-thread-1] INFO  server.RaftServerConfigKeys (ConfUtils.java:logGet(43)) - raft.server.rpcslowness.timeout = 120s (custom)
2019-10-21 05:00:46,284 [pool-47-thread-1] INFO  server.RaftServerConfigKeys (ConfUtils.java:logGet(43)) - raft.server.sleep.deviation.threshold = 300 (default)
2019-10-21 05:00:46,284 [pool-47-thread-1] INFO  server.RaftServerConfigKeys (ConfUtils.java:logGet(43)) - raft.server.log.appender.install.snapshot.enabled = false (custom)
2019-10-21 05:00:46,284 [pool-47-thread-1] INFO  impl.RaftServerImpl (ServerState.java:<init>(103)) - bdcd399c-8b73-41dc-8cc1-b33ea43b9a3c@group-388AA77EFED8: ConfigurationManager, init=-1: [bdcd399c-8b73-41dc-8cc1-b33ea43b9a3c:192.168.157.255:34640], old=null, confs=<EMPTY_MAP>
2019-10-21 05:00:46,285 [pool-47-thread-1] INFO  server.RaftServerConfigKeys (ConfUtils.java:logGet(43)) - raft.server.storage.dir = [/workdir/hadoop-ozone/ozonefs/target/test-dir/MiniOzoneClusterImpl-b0cbf291-7f28-492a-8767-654aacb91b77/datanode-2/data/ratis] (custom)
2019-10-21 05:00:46,285 [pool-47-thread-1] INFO  server.RaftServerConfigKeys (ConfUtils.java:logGet(43)) - raft.server.log.corruption.policy = EXCEPTION (default)
2019-10-21 05:00:46,285 [pool-47-thread-1] INFO  storage.RaftStorageDirectory (RaftStorageDirectory.java:analyzeStorage(246)) - The storage directory /workdir/hadoop-ozone/ozonefs/target/test-dir/MiniOzoneClusterImpl-b0cbf291-7f28-492a-8767-654aacb91b77/datanode-2/data/ratis/ea9aae8f-7362-4fee-a113-388aa77efed8 does not exist. Creating ...
2019-10-21 05:00:46,300 [pool-47-thread-1] INFO  storage.RaftStorageDirectory (RaftStorageDirectory.java:tryLock(328)) - Lock on /workdir/hadoop-ozone/ozonefs/target/test-dir/MiniOzoneClusterImpl-b0cbf291-7f28-492a-8767-654aacb91b77/datanode-2/data/ratis/ea9aae8f-7362-4fee-a113-388aa77efed8/in_use.lock acquired by nodename 402@pr-hdds-1569-252f9-3696506840
2019-10-21 05:00:46,314 [pool-47-thread-1] INFO  storage.RaftStorage (RaftStorage.java:format(84)) - Storage directory /workdir/hadoop-ozone/ozonefs/target/test-dir/MiniOzoneClusterImpl-b0cbf291-7f28-492a-8767-654aacb91b77/datanode-2/data/ratis/ea9aae8f-7362-4fee-a113-388aa77efed8 has been successfully formatted.
2019-10-21 05:00:46,315 [pool-47-thread-1] INFO  ratis.ContainerStateMachine (ContainerStateMachine.java:loadSnapshot(231)) - group-388AA77EFED8: The snapshot info is null. Setting the last applied indexto:(t:0, i:~)
2019-10-21 05:00:46,316 [pool-47-thread-1] INFO  server.RaftServerConfigKeys (ConfUtils.java:logGet(43)) - raft.server.notification.no-leader.timeout = 120s (custom)
[...]
2019-10-21 05:03:42,794 [org.apache.ratis.server.impl.LogAppender$AppenderDaemon$$Lambda$557/744875818@2064f3a4] ERROR ratis.XceiverServerRatis (XceiverServerRatis.java:triggerPipelineClose(582)) - pipeline Action CLOSE  on pipeline PipelineID=5fc34561-5c66-49ae-a9c5-4fd89d25a9d8.Reason : 7d4ba912-917b-4f4e-a880-62fee1b9eb0e has not seen follower/s ea9103f6-20fd-4318-bf9c-fcf624e385d3 for 132548ms bdcd399c-8b73-41dc-8cc1-b33ea43b9a3c for 132548ms
2019-10-21 05:03:42,794 [org.apache.ratis.server.impl.LogAppender$AppenderDaemon$$Lambda$557/744875818@78967e30] ERROR ratis.XceiverServerRatis (XceiverServerRatis.java:triggerPipelineClose(582)) - pipeline Action CLOSE  on pipeline PipelineID=5fc34561-5c66-49ae-a9c5-4fd89d25a9d8.Reason : 7d4ba912-917b-4f4e-a880-62fee1b9eb0e has not seen follower/s ea9103f6-20fd-4318-bf9c-fcf624e385d3 for 132549ms bdcd399c-8b73-41dc-8cc1-b33ea43b9a3c for 132548ms
2019-10-21 05:03:43,293 [java.util.concurrent.ThreadPoolExecutor$Worker@61d3ff50[State = -1, empty queue]] WARN  server.GrpcLogAppender (GrpcLogAppender.java:timeoutAppendRequest(200)) - 7d4ba912-917b-4f4e-a880-62fee1b9eb0e@group-4FD89D25A9D8->bdcd399c-8b73-41dc-8cc1-b33ea43b9a3c-GrpcLogAppender: appendEntries Timeout, request=7d4ba912-917b-4f4e-a880-62fee1b9eb0e->bdcd399c-8b73-41dc-8cc1-b33ea43b9a3c#62-t4, previous=(t:4, i:0), leaderCommit=0, initializing? false, entries: <empty>
2019-10-21 05:03:43,293 [java.util.concurrent.ThreadPoolExecutor$Worker@3b15c9e2[State = -1, empty queue]] WARN  server.GrpcLogAppender (GrpcLogAppender.java:timeoutAppendRequest(200)) - 7d4ba912-917b-4f4e-a880-62fee1b9eb0e@group-4FD89D25A9D8->ea9103f6-20fd-4318-bf9c-fcf624e385d3-GrpcLogAppender: appendEntries Timeout, request=7d4ba912-917b-4f4e-a880-62fee1b9eb0e->ea9103f6-20fd-4318-bf9c-fcf624e385d3#62-t4, previous=(t:4, i:0), leaderCommit=0, initializing? false, entries: <empty>
2019-10-21 05:03:43,379 [EventQueue-PipelineActionsForPipelineActionHandler] ERROR pipeline.PipelineActionHandler (PipelineActionHandler.java:onMessage(60)) - Received pipeline action CLOSE for Pipeline[ Id: 5fc34561-5c66-49ae-a9c5-4fd89d25a9d8, Nodes: 7d4ba912-917b-4f4e-a880-62fee1b9eb0e{ip: 192.168.157.255, host: pr-hdds-1569-252f9-3696506840, networkLocation: /default-rack, certSerialId: null}bdcd399c-8b73-41dc-8cc1-b33ea43b9a3c{ip: 192.168.157.255, host: pr-hdds-1569-252f9-3696506840, networkLocation: /default-rack, certSerialId: null}ea9103f6-20fd-4318-bf9c-fcf624e385d3{ip: 192.168.157.255, host: pr-hdds-1569-252f9-3696506840, networkLocation: /default-rack, certSerialId: null}, Type:RATIS, Factor:THREE, State:CLOSED] from datanode 7d4ba912-917b-4f4e-a880-62fee1b9eb0e{ip: 192.168.157.255, host: pr-hdds-1569-252f9-3696506840, networkLocation: /default-rack, certSerialId: null}. Reason : 7d4ba912-917b-4f4e-a880-62fee1b9eb0e has not seen follower/s ea9103f6-20fd-4318-bf9c-fcf624e385d3 for 132548ms bdcd399c-8b73-41dc-8cc1-b33ea43b9a3c for 132548ms
2019-10-21 05:03:43,379 [EventQueue-PipelineActionsForPipelineActionHandler] INFO  pipeline.SCMPipelineManager (SCMPipelineManager.java:finalizeAndDestroyPipeline(354)) - destroying pipeline:Pipeline[ Id: 5fc34561-5c66-49ae-a9c5-4fd89d25a9d8, Nodes: 7d4ba912-917b-4f4e-a880-62fee1b9eb0e{ip: 192.168.157.255, host: pr-hdds-1569-252f9-3696506840, networkLocation: /default-rack, certSerialId: null}bdcd399c-8b73-41dc-8cc1-b33ea43b9a3c{ip: 192.168.157.255, host: pr-hdds-1569-252f9-3696506840, networkLocation: /default-rack, certSerialId: null}ea9103f6-20fd-4318-bf9c-fcf624e385d3{ip: 192.168.157.255, host: pr-hdds-1569-252f9-3696506840, networkLocation: /default-rack, certSerialId: null}, Type:RATIS, Factor:THREE, State:CLOSED]
2019-10-21 05:03:45,295 [org.apache.ratis.server.impl.LogAppender$AppenderDaemon$$Lambda$557/744875818@2064f3a4] ERROR ratis.XceiverServerRatis (XceiverServerRatis.java:triggerPipelineClose(582)) - pipeline Action CLOSE  on pipeline PipelineID=5fc34561-5c66-49ae-a9c5-4fd89d25a9d8.Reason : 7d4ba912-917b-4f4e-a880-62fee1b9eb0e has not seen follower/s ea9103f6-20fd-4318-bf9c-fcf624e385d3 for 135049ms bdcd399c-8b73-41dc-8cc1-b33ea43b9a3c for 135049ms
2019-10-21 05:03:45,296 [org.apache.ratis.server.impl.LogAppender$AppenderDaemon$$Lambda$557/744875818@78967e30] ERROR ratis.XceiverServerRatis (XceiverServerRatis.java:triggerPipelineClose(582)) - pipeline Action CLOSE  on pipeline PipelineID=5fc34561-5c66-49ae-a9c5-4fd89d25a9d8.Reason : 7d4ba912-917b-4f4e-a880-62fee1b9eb0e has not seen follower/s ea9103f6-20fd-4318-bf9c-fcf624e385d3 for 135051ms bdcd399c-8b73-41dc-8cc1-b33ea43b9a3c for 135050ms
2019-10-21 05:03:45,380 [EventQueue-PipelineActionsForPipelineActionHandler] ERROR pipeline.PipelineActionHandler (PipelineActionHandler.java:onMessage(60)) - Received pipeline action CLOSE for Pipeline[ Id: 5fc34561-5c66-49ae-a9c5-4fd89d25a9d8, Nodes: 7d4ba912-917b-4f4e-a880-62fee1b9eb0e{ip: 192.168.157.255, host: pr-hdds-1569-252f9-3696506840, networkLocation: /default-rack, certSerialId: null}bdcd399c-8b73-41dc-8cc1-b33ea43b9a3c{ip: 192.168.157.255, host: pr-hdds-1569-252f9-3696506840, networkLocation: /default-rack, certSerialId: null}ea9103f6-20fd-4318-bf9c-fcf624e385d3{ip: 192.168.157.255, host: pr-hdds-1569-252f9-3696506840, networkLocation: /default-rack, certSerialId: null}, Type:RATIS, Factor:THREE, State:CLOSED] from datanode 7d4ba912-917b-4f4e-a880-62fee1b9eb0e{ip: 192.168.157.255, host: pr-hdds-1569-252f9-3696506840, networkLocation: /default-rack, certSerialId: null}. Reason : 7d4ba912-917b-4f4e-a880-62fee1b9eb0e has not seen follower/s ea9103f6-20fd-4318-bf9c-fcf624e385d3 for 135049ms bdcd399c-8b73-41dc-8cc1-b33ea43b9a3c for 135049ms
2019-10-21 05:03:45,380 [EventQueue-PipelineActionsForPipelineActionHandler] INFO  pipeline.SCMPipelineManager (SCMPipelineManager.java:finalizeAndDestroyPipeline(354)) - destroying pipeline:Pipeline[ Id: 5fc34561-5c66-49ae-a9c5-4fd89d25a9d8, Nodes: 7d4ba912-917b-4f4e-a880-62fee1b9eb0e{ip: 192.168.157.255, host: pr-hdds-1569-252f9-3696506840, networkLocation: /default-rack, certSerialId: null}bdcd399c-8b73-41dc-8cc1-b33ea43b9a3c{ip: 192.168.157.255, host: pr-hdds-1569-252f9-3696506840, networkLocation: /default-rack, certSerialId: null}ea9103f6-20fd-4318-bf9c-fcf624e385d3{ip: 192.168.157.255, host: pr-hdds-1569-252f9-3696506840, networkLocation: /default-rack, certSerialId: null}, Type:RATIS, Factor:THREE, State:CLOSED]
2019-10-21 05:03:45,794 [java.util.concurrent.ThreadPoolExecutor$Worker@61d3ff50[State = -1, empty queue]] WARN  server.GrpcLogAppender (GrpcLogAppender.java:timeoutAppendRequest(200)) - 7d4ba912-917b-4f4e-a880-62fee1b9eb0e@group-4FD89D25A9D8->bdcd399c-8b73-41dc-8cc1-b33ea43b9a3c-GrpcLogAppender: appendEntries Timeout, request=7d4ba912-917b-4f4e-a880-62fee1b9eb0e->bdcd399c-8b73-41dc-8cc1-b33ea43b9a3c#63-t4, previous=(t:4, i:0), leaderCommit=0, initializing? false, entries: <empty>
2019-10-21 05:03:45,795 [java.util.concurrent.ThreadPoolExecutor$Worker@3b15c9e2[State = -1, empty queue]] WARN  server.GrpcLogAppender (GrpcLogAppender.java:timeoutAppendRequest(200)) - 7d4ba912-917b-4f4e-a880-62fee1b9eb0e@group-4FD89D25A9D8->ea9103f6-20fd-4318-bf9c-fcf624e385d3-GrpcLogAppender: appendEntries Timeout, request=7d4ba912-917b-4f4e-a880-62fee1b9eb0e->ea9103f6-20fd-4318-bf9c-fcf624e385d3#63-t4, previous=(t:4, i:0), leaderCommit=0, initializing? false, entries: <empty>
2019-10-21 05:03:47,796 [org.apache.ratis.server.impl.LogAppender$AppenderDaemon$$Lambda$557/744875818@2064f3a4] ERROR ratis.XceiverServerRatis (XceiverServerRatis.java:triggerPipelineClose(582)) - pipeline Action CLOSE  on pipeline PipelineID=5fc34561-5c66-49ae-a9c5-4fd89d25a9d8.Reason : 7d4ba912-917b-4f4e-a880-62fee1b9eb0e has not seen follower/s ea9103f6-20fd-4318-bf9c-fcf624e385d3 for 137551ms bdcd399c-8b73-41dc-8cc1-b33ea43b9a3c for 137550ms
2019-10-21 05:03:47,798 [org.apache.ratis.server.impl.LogAppender$AppenderDaemon$$Lambda$557/744875818@78967e30] ERROR ratis.XceiverServerRatis (XceiverServerRatis.java:triggerPipelineClose(582)) - pipeline Action CLOSE  on pipeline PipelineID=5fc34561-5c66-49ae-a9c5-4fd89d25a9d8.Reason : 7d4ba912-917b-4f4e-a880-62fee1b9eb0e has not seen follower/s ea9103f6-20fd-4318-bf9c-fcf624e385d3 for 137552ms bdcd399c-8b73-41dc-8cc1-b33ea43b9a3c for 137552ms
2019-10-21 05:03:48,295 [java.util.concurrent.ThreadPoolExecutor$Worker@61d3ff50[State = -1, empty queue]] WARN  server.GrpcLogAppender (GrpcLogAppender.java:timeoutAppendRequest(200)) - 7d4ba912-917b-4f4e-a880-62fee1b9eb0e@group-4FD89D25A9D8->bdcd399c-8b73-41dc-8cc1-b33ea43b9a3c-GrpcLogAppender: appendEntries Timeout, request=7d4ba912-917b-4f4e-a880-62fee1b9eb0e->bdcd399c-8b73-41dc-8cc1-b33ea43b9a3c#64-t4, previous=(t:4, i:0), leaderCommit=0, initializing? false, entries: <empty>
2019-10-21 05:03:48,296 [java.util.concurrent.ThreadPoolExecutor$Worker@3b15c9e2[State = -1, empty queue]] WARN  server.GrpcLogAppender (GrpcLogAppender.java:timeoutAppendRequest(200)) - 7d4ba912-917b-4f4e-a880-62fee1b9eb0e@group-4FD89D25A9D8->ea9103f6-20fd-4318-bf9c-fcf624e385d3-GrpcLogAppender: appendEntries Timeout, request=7d4ba912-917b-4f4e-a880-62fee1b9eb0e->ea9103f6-20fd-4318-bf9c-fcf624e385d3#64-t4, previous=(t:4, i:0), leaderCommit=0, initializing? false, entries: <empty>
2019-10-21 05:03:48,380 [EventQueue-PipelineActionsForPipelineActionHandler] ERROR pipeline.PipelineActionHandler (PipelineActionHandler.java:onMessage(60)) - Received pipeline action CLOSE for Pipeline[ Id: 5fc34561-5c66-49ae-a9c5-4fd89d25a9d8, Nodes: 7d4ba912-917b-4f4e-a880-62fee1b9eb0e{ip: 192.168.157.255, host: pr-hdds-1569-252f9-3696506840, networkLocation: /default-rack, certSerialId: null}bdcd399c-8b73-41dc-8cc1-b33ea43b9a3c{ip: 192.168.157.255, host: pr-hdds-1569-252f9-3696506840, networkLocation: /default-rack, certSerialId: null}ea9103f6-20fd-4318-bf9c-fcf624e385d3{ip: 192.168.157.255, host: pr-hdds-1569-252f9-3696506840, networkLocation: /default-rack, certSerialId: null}, Type:RATIS, Factor:THREE, State:CLOSED] from datanode 7d4ba912-917b-4f4e-a880-62fee1b9eb0e{ip: 192.168.157.255, host: pr-hdds-1569-252f9-3696506840, networkLocation: /default-rack, certSerialId: null}. Reason : 7d4ba912-917b-4f4e-a880-62fee1b9eb0e has not seen follower/s ea9103f6-20fd-4318-bf9c-fcf624e385d3 for 137551ms bdcd399c-8b73-41dc-8cc1-b33ea43b9a3c for 137550ms
2019-10-21 05:03:48,380 [EventQueue-PipelineActionsForPipelineActionHandler] INFO  pipeline.SCMPipelineManager (SCMPipelineManager.java:finalizeAndDestroyPipeline(354)) - destroying pipeline:Pipeline[ Id: 5fc34561-5c66-49ae-a9c5-4fd89d25a9d8, Nodes: 7d4ba912-917b-4f4e-a880-62fee1b9eb0e{ip: 192.168.157.255, host: pr-hdds-1569-252f9-3696506840, networkLocation: /default-rack, certSerialId: null}bdcd399c-8b73-41dc-8cc1-b33ea43b9a3c{ip: 192.168.157.255, host: pr-hdds-1569-252f9-3696506840, networkLocation: /default-rack, certSerialId: null}ea9103f6-20fd-4318-bf9c-fcf624e385d3{ip: 192.168.157.255, host: pr-hdds-1569-252f9-3696506840, networkLocation: /default-rack, certSerialId: null}, Type:RATIS, Factor:THREE, State:CLOSED]
2019-10-21 05:03:50,298 [org.apache.ratis.server.impl.LogAppender$AppenderDaemon$$Lambda$557/744875818@2064f3a4] ERROR ratis.XceiverServerRatis (XceiverServerRatis.java:triggerPipelineClose(582)) - pipeline Action CLOSE  on pipeline PipelineID=5fc34561-5c66-49ae-a9c5-4fd89d25a9d8.Reason : 7d4ba912-917b-4f4e-a880-62fee1b9eb0e has not seen follower/s ea9103f6-20fd-4318-bf9c-fcf624e385d3 for 140052ms bdcd399c-8b73-41dc-8cc1-b33ea43b9a3c for 140052ms
2019-10-21 05:03:50,300 [org.apache.ratis.server.impl.LogAppender$AppenderDaemon$$Lambda$557/744875818@78967e30] ERROR ratis.XceiverServerRatis (XceiverServerRatis.java:triggerPipelineClose(582)) - pipeline Action CLOSE  on pipeline PipelineID=5fc34561-5c66-49ae-a9c5-4fd89d25a9d8.Reason : 7d4ba912-917b-4f4e-a880-62fee1b9eb0e has not seen follower/s ea9103f6-20fd-4318-bf9c-fcf624e385d3 for 140055ms bdcd399c-8b73-41dc-8cc1-b33ea43b9a3c for 140054ms
2019-10-21 05:03:50,379 [EventQueue-PipelineActionsForPipelineActionHandler] ERROR pipeline.PipelineActionHandler (PipelineActionHandler.java:onMessage(60)) - Received pipeline action CLOSE for Pipeline[ Id: 5fc34561-5c66-49ae-a9c5-4fd89d25a9d8, Nodes: 7d4ba912-917b-4f4e-a880-62fee1b9eb0e{ip: 192.168.157.255, host: pr-hdds-1569-252f9-3696506840, networkLocation: /default-rack, certSerialId: null}bdcd399c-8b73-41dc-8cc1-b33ea43b9a3c{ip: 192.168.157.255, host: pr-hdds-1569-252f9-3696506840, networkLocation: /default-rack, certSerialId: null}ea9103f6-20fd-4318-bf9c-fcf624e385d3{ip: 192.168.157.255, host: pr-hdds-1569-252f9-3696506840, networkLocation: /default-rack, certSerialId: null}, Type:RATIS, Factor:THREE, State:CLOSED] from datanode 7d4ba912-917b-4f4e-a880-62fee1b9eb0e{ip: 192.168.157.255, host: pr-hdds-1569-252f9-3696506840, networkLocation: /default-rack, certSerialId: null}. Reason : 7d4ba912-917b-4f4e-a880-62fee1b9eb0e has not seen follower/s ea9103f6-20fd-4318-bf9c-fcf624e385d3 for 140052ms bdcd399c-8b73-41dc-8cc1-b33ea43b9a3c for 140052ms
2019-10-21 05:03:50,379 [EventQueue-PipelineActionsForPipelineActionHandler] INFO  pipeline.SCMPipelineManager (SCMPipelineManager.java:finalizeAndDestroyPipeline(354)) - destroying pipeline:Pipeline[ Id: 5fc34561-5c66-49ae-a9c5-4fd89d25a9d8, Nodes: 7d4ba912-917b-4f4e-a880-62fee1b9eb0e{ip: 192.168.157.255, host: pr-hdds-1569-252f9-3696506840, networkLocation: /default-rack, certSerialId: null}bdcd399c-8b73-41dc-8cc1-b33ea43b9a3c{ip: 192.168.157.255, host: pr-hdds-1569-252f9-3696506840, networkLocation: /default-rack, certSerialId: null}ea9103f6-20fd-4318-bf9c-fcf624e385d3{ip: 192.168.157.255, host: pr-hdds-1569-252f9-3696506840, networkLocation: /default-rack, certSerialId: null}, Type:RATIS, Factor:THREE, State:CLOSED]
2019-10-21 05:03:50,796 [java.util.concurrent.ThreadPoolExecutor$Worker@61d3ff50[State = -1, empty queue]] WARN  server.GrpcLogAppender (GrpcLogAppender.java:timeoutAppendRequest(200)) - 7d4ba912-917b-4f4e-a880-62fee1b9eb0e@group-4FD89D25A9D8->bdcd399c-8b73-41dc-8cc1-b33ea43b9a3c-GrpcLogAppender: appendEntries Timeout, request=7d4ba912-917b-4f4e-a880-62fee1b9eb0e->bdcd399c-8b73-41dc-8cc1-b33ea43b9a3c#65-t4, previous=(t:4, i:0), leaderCommit=0, initializing? false, entries: <empty>
2019-10-21 05:03:50,798 [java.util.concurrent.ThreadPoolExecutor$Worker@3b15c9e2[State = -1, empty queue]] WARN  server.GrpcLogAppender (GrpcLogAppender.java:timeoutAppendRequest(200)) - 7d4ba912-917b-4f4e-a880-62fee1b9eb0e@group-4FD89D25A9D8->ea9103f6-20fd-4318-bf9c-fcf624e385d3-GrpcLogAppender: appendEntries Timeout, request=7d4ba912-917b-4f4e-a880-62fee1b9eb0e->ea9103f6-20fd-4318-bf9c-fcf624e385d3#65-t4, previous=(t:4, i:0), leaderCommit=0, initializing? false, entries: <empty>
2019-10-21 05:03:52,799 [org.apache.ratis.server.impl.LogAppender$AppenderDaemon$$Lambda$557/744875818@2064f3a4] ERROR ratis.XceiverServerRatis (XceiverServerRatis.java:triggerPipelineClose(582)) - pipeline Action CLOSE  on pipeline PipelineID=5fc34561-5c66-49ae-a9c5-4fd89d25a9d8.Reason : 7d4ba912-917b-4f4e-a880-62fee1b9eb0e has not seen follower/s ea9103f6-20fd-4318-bf9c-fcf624e385d3 for 142553ms bdcd399c-8b73-41dc-8cc1-b33ea43b9a3c for 142553ms
2019-10-21 05:03:52,802 [org.apache.ratis.server.impl.LogAppender$AppenderDaemon$$Lambda$557/744875818@78967e30] ERROR ratis.XceiverServerRatis (XceiverServerRatis.java:triggerPipelineClose(582)) - pipeline Action CLOSE  on pipeline PipelineID=5fc34561-5c66-49ae-a9c5-4fd89d25a9d8.Reason : 7d4ba912-917b-4f4e-a880-62fee1b9eb0e has not seen follower/s ea9103f6-20fd-4318-bf9c-fcf624e385d3 for 142556ms bdcd399c-8b73-41dc-8cc1-b33ea43b9a3c for 142556ms
2019-10-21 05:03:53,298 [java.util.concurrent.ThreadPoolExecutor$Worker@61d3ff50[State = -1, empty queue]] WARN  server.GrpcLogAppender (GrpcLogAppender.java:timeoutAppendRequest(200)) - 7d4ba912-917b-4f4e-a880-62fee1b9eb0e@group-4FD89D25A9D8->bdcd399c-8b73-41dc-8cc1-b33ea43b9a3c-GrpcLogAppender: appendEntries Timeout, request=7d4ba912-917b-4f4e-a880-62fee1b9eb0e->bdcd399c-8b73-41dc-8cc1-b33ea43b9a3c#66-t4, previous=(t:4, i:0), leaderCommit=0, initializing? false, entries: <empty>
2019-10-21 05:03:53,300 [java.util.concurrent.ThreadPoolExecutor$Worker@3b15c9e2[State = -1, empty queue]] WARN  server.GrpcLogAppender (GrpcLogAppender.java:timeoutAppendRequest(200)) - 7d4ba912-917b-4f4e-a880-62fee1b9eb0e@group-4FD89D25A9D8->ea9103f6-20fd-4318-bf9c-fcf624e385d3-GrpcLogAppender: appendEntries Timeout, request=7d4ba912-917b-4f4e-a880-62fee1b9eb0e->ea9103f6-20fd-4318-bf9c-fcf624e385d3#66-t4, previous=(t:4, i:0), leaderCommit=0, initializing? false, entries: <empty>
2019-10-21 05:03:53,379 [EventQueue-PipelineActionsForPipelineActionHandler] ERROR pipeline.PipelineActionHandler (PipelineActionHandler.java:onMessage(60)) - Received pipeline action CLOSE for Pipeline[ Id: 5fc34561-5c66-49ae-a9c5-4fd89d25a9d8, Nodes: 7d4ba912-917b-4f4e-a880-62fee1b9eb0e{ip: 192.168.157.255, host: pr-hdds-1569-252f9-3696506840, networkLocation: /default-rack, certSerialId: null}bdcd399c-8b73-41dc-8cc1-b33ea43b9a3c{ip: 192.168.157.255, host: pr-hdds-1569-252f9-3696506840, networkLocation: /default-rack, certSerialId: null}ea9103f6-20fd-4318-bf9c-fcf624e385d3{ip: 192.168.157.255, host: pr-hdds-1569-252f9-3696506840, networkLocation: /default-rack, certSerialId: null}, Type:RATIS, Factor:THREE, State:CLOSED] from datanode 7d4ba912-917b-4f4e-a880-62fee1b9eb0e{ip: 192.168.157.255, host: pr-hdds-1569-252f9-3696506840, networkLocation: /default-rack, certSerialId: null}. Reason : 7d4ba912-917b-4f4e-a880-62fee1b9eb0e has not seen follower/s ea9103f6-20fd-4318-bf9c-fcf624e385d3 for 142553ms bdcd399c-8b73-41dc-8cc1-b33ea43b9a3c for 142553ms
2019-10-21 05:03:53,379 [EventQueue-PipelineActionsForPipelineActionHandler] INFO  pipeline.SCMPipelineManager (SCMPipelineManager.java:finalizeAndDestroyPipeline(354)) - destroying pipeline:Pipeline[ Id: 5fc34561-5c66-49ae-a9c5-4fd89d25a9d8, Nodes: 7d4ba912-917b-4f4e-a880-62fee1b9eb0e{ip: 192.168.157.255, host: pr-hdds-1569-252f9-3696506840, networkLocation: /default-rack, certSerialId: null}bdcd399c-8b73-41dc-8cc1-b33ea43b9a3c{ip: 192.168.157.255, host: pr-hdds-1569-252f9-3696506840, networkLocation: /default-rack, certSerialId: null}ea9103f6-20fd-4318-bf9c-fcf624e385d3{ip: 192.168.157.255, host: pr-hdds-1569-252f9-3696506840, networkLocation: /default-rack, certSerialId: null}, Type:RATIS, Factor:THREE, State:CLOSED]
]]></system-out>
    <system-err><![CDATA[Exception in thread "BlockDeletingService#0" java.lang.OutOfMemoryError: unable to create new native thread
	at java.lang.Thread.start0(Native Method)
	at java.lang.Thread.start(Thread.java:717)
	at java.util.concurrent.ThreadPoolExecutor.addWorker(ThreadPoolExecutor.java:957)
	at java.util.concurrent.ThreadPoolExecutor.processWorkerExit(ThreadPoolExecutor.java:1025)
	at java.util.concurrent.ThreadPoolExecutor.runWorker(ThreadPoolExecutor.java:1167)
	at java.util.concurrent.ThreadPoolExecutor$Worker.run(ThreadPoolExecutor.java:624)
	at java.lang.Thread.run(Thread.java:748)
]]></system-err>
  </testcase>
  <testcase name="testListStatusFile" classname="org.apache.hadoop.fs.ozone.contract.ITestOzoneContractGetFileStatus" time="0.202"/>
  <testcase name="testListStatusNoDir" classname="org.apache.hadoop.fs.ozone.contract.ITestOzoneContractGetFileStatus" time="0.09"/>
  <testcase name="testListStatusFilteredNoDir" classname="org.apache.hadoop.fs.ozone.contract.ITestOzoneContractGetFileStatus" time="0.085"/>
  <testcase name="testListFilesFileRecursive" classname="org.apache.hadoop.fs.ozone.contract.ITestOzoneContractGetFileStatus" time="0.094"/>
  <testcase name="testLocatedStatusNoDir" classname="org.apache.hadoop.fs.ozone.contract.ITestOzoneContractGetFileStatus" time="0.089"/>
  <testcase name="testGetFileStatusNonexistentFile" classname="org.apache.hadoop.fs.ozone.contract.ITestOzoneContractGetFileStatus" time="0.077"/>
</testsuite>