# JRE version: OpenJDK Runtime Environment (8.0_212-b04) (build 1.8.0_212-b04)
# Java VM: OpenJDK 64-Bit Server VM (25.212-b04 mixed mode linux-amd64 compressed oops)
Heap:
 PSYoungGen      total 611840K, used 299529K [0x00000000d5580000, 0x0000000100000000, 0x0000000100000000)
  eden space 524800K, 57% used [0x00000000d5580000,0x00000000e7a02530,0x00000000f5600000)
  from space 87040K, 0% used [0x00000000fab00000,0x00000000fab00000,0x0000000100000000)
  to   space 87040K, 0% used [0x00000000f5600000,0x00000000f5600000,0x00000000fab00000)
 ParOldGen       total 1398272K, used 25931K [0x0000000080000000, 0x00000000d5580000, 0x00000000d5580000)
  object space 1398272K, 1% used [0x0000000080000000,0x0000000081952c48,0x00000000d5580000)
 Metaspace       used 64940K, capacity 67616K, committed 67712K, reserved 1110016K
  class space    used 7498K, capacity 7982K, committed 8064K, reserved 1048576K
GC Heap History (10 events):
Event: 4.829 GC heap before
{Heap before GC invocations=3 (full 1):
 PSYoungGen      total 611840K, used 483256K [0x00000000d5580000, 0x0000000100000000, 0x0000000100000000)
  eden space 524800K, 92% used [0x00000000d5580000,0x00000000f2d6e170,0x00000000f5600000)
  from space 87040K, 0% used [0x00000000f5600000,0x00000000f5600000,0x00000000fab00000)
  to   space 87040K, 0% used [0x00000000fab00000,0x00000000fab00000,0x0000000100000000)
 ParOldGen       total 856576K, used 14221K [0x0000000080000000, 0x00000000b4480000, 0x00000000d5580000)
  object space 856576K, 1% used [0x0000000080000000,0x0000000080de3440,0x00000000b4480000)
 Metaspace       used 34775K, capacity 35124K, committed 35416K, reserved 1081344K
  class space    used 3969K, capacity 4092K, committed 4096K, reserved 1048576K
Event: 4.869 GC heap after
Heap after GC invocations=3 (full 1):
 PSYoungGen      total 611840K, used 19419K [0x00000000d5580000, 0x0000000100000000, 0x0000000100000000)
  eden space 524800K, 0% used [0x00000000d5580000,0x00000000d5580000,0x00000000f5600000)
  from space 87040K, 22% used [0x00000000fab00000,0x00000000fbdf6dc8,0x0000000100000000)
  to   space 87040K, 0% used [0x00000000f5600000,0x00000000f5600000,0x00000000fab00000)
 ParOldGen       total 856576K, used 14221K [0x0000000080000000, 0x00000000b4480000, 0x00000000d5580000)
  object space 856576K, 1% used [0x0000000080000000,0x0000000080de3440,0x00000000b4480000)
 Metaspace       used 34775K, capacity 35124K, committed 35416K, reserved 1081344K
  class space    used 3969K, capacity 4092K, committed 4096K, reserved 1048576K
}
Event: 4.869 GC heap before
{Heap before GC invocations=4 (full 2):
 PSYoungGen      total 611840K, used 19419K [0x00000000d5580000, 0x0000000100000000, 0x0000000100000000)
  eden space 524800K, 0% used [0x00000000d5580000,0x00000000d5580000,0x00000000f5600000)
  from space 87040K, 22% used [0x00000000fab00000,0x00000000fbdf6dc8,0x0000000100000000)
  to   space 87040K, 0% used [0x00000000f5600000,0x00000000f5600000,0x00000000fab00000)
 ParOldGen       total 856576K, used 14221K [0x0000000080000000, 0x00000000b4480000, 0x00000000d5580000)
  object space 856576K, 1% used [0x0000000080000000,0x0000000080de3440,0x00000000b4480000)
 Metaspace       used 34775K, capacity 35124K, committed 35416K, reserved 1081344K
  class space    used 3969K, capacity 4092K, committed 4096K, reserved 1048576K
Event: 4.974 GC heap after
Heap after GC invocations=4 (full 2):
 PSYoungGen      total 611840K, used 0K [0x00000000d5580000, 0x0000000100000000, 0x0000000100000000)
  eden space 524800K, 0% used [0x00000000d5580000,0x00000000d5580000,0x00000000f5600000)
  from space 87040K, 0% used [0x00000000fab00000,0x00000000fab00000,0x0000000100000000)
  to   space 87040K, 0% used [0x00000000f5600000,0x00000000f5600000,0x00000000fab00000)
 ParOldGen       total 1398272K, used 23913K [0x0000000080000000, 0x00000000d5580000, 0x00000000d5580000)
  object space 1398272K, 1% used [0x0000000080000000,0x000000008175a420,0x00000000d5580000)
 Metaspace       used 34775K, capacity 35124K, committed 35416K, reserved 1081344K
  class space    used 3969K, capacity 4092K, committed 4096K, reserved 1048576K
}
Event: 10.849 GC heap before
{Heap before GC invocations=5 (full 2):
 PSYoungGen      total 611840K, used 524800K [0x00000000d5580000, 0x0000000100000000, 0x0000000100000000)
  eden space 524800K, 100% used [0x00000000d5580000,0x00000000f5600000,0x00000000f5600000)
  from space 87040K, 0% used [0x00000000fab00000,0x00000000fab00000,0x0000000100000000)
  to   space 87040K, 0% used [0x00000000f5600000,0x00000000f5600000,0x00000000fab00000)
 ParOldGen       total 1398272K, used 23913K [0x0000000080000000, 0x00000000d5580000, 0x00000000d5580000)
  object space 1398272K, 1% used [0x0000000080000000,0x000000008175a420,0x00000000d5580000)
 Metaspace       used 54405K, capacity 55572K, committed 55808K, reserved 1097728K
  class space    used 6331K, capacity 6570K, committed 6656K, reserved 1048576K
Event: 10.902 GC heap after
Heap after GC invocations=5 (full 2):
 PSYoungGen      total 611840K, used 25439K [0x00000000d5580000, 0x0000000100000000, 0x0000000100000000)
  eden space 524800K, 0% used [0x00000000d5580000,0x00000000d5580000,0x00000000f5600000)
  from space 87040K, 29% used [0x00000000f5600000,0x00000000f6ed7c68,0x00000000fab00000)
  to   space 87040K, 0% used [0x00000000fab00000,0x00000000fab00000,0x0000000100000000)
 ParOldGen       total 1398272K, used 23921K [0x0000000080000000, 0x00000000d5580000, 0x00000000d5580000)
  object space 1398272K, 1% used [0x0000000080000000,0x000000008175c420,0x00000000d5580000)
 Metaspace       used 54405K, capacity 55572K, committed 55808K, reserved 1097728K
  class space    used 6331K, capacity 6570K, committed 6656K, reserved 1048576K
}
Event: 11.365 GC heap before
{Heap before GC invocations=6 (full 2):
 PSYoungGen      total 611840K, used 93640K [0x00000000d5580000, 0x0000000100000000, 0x0000000100000000)
  eden space 524800K, 12% used [0x00000000d5580000,0x00000000d981a420,0x00000000f5600000)
  from space 87040K, 29% used [0x00000000f5600000,0x00000000f6ed7c68,0x00000000fab00000)
  to   space 87040K, 0% used [0x00000000fab00000,0x00000000fab00000,0x0000000100000000)
 ParOldGen       total 1398272K, used 23921K [0x0000000080000000, 0x00000000d5580000, 0x00000000d5580000)
  object space 1398272K, 1% used [0x0000000080000000,0x000000008175c420,0x00000000d5580000)
 Metaspace       used 57515K, capacity 58886K, committed 59008K, reserved 1101824K
  class space    used 6693K, capacity 6965K, committed 7040K, reserved 1048576K
Event: 11.385 GC heap after
Heap after GC invocations=6 (full 2):
 PSYoungGen      total 611840K, used 13789K [0x00000000d5580000, 0x0000000100000000, 0x0000000100000000)
  eden space 524800K, 0% used [0x00000000d5580000,0x00000000d5580000,0x00000000f5600000)
  from space 87040K, 15% used [0x00000000fab00000,0x00000000fb877488,0x0000000100000000)
  to   space 87040K, 0% used [0x00000000f5600000,0x00000000f5600000,0x00000000fab00000)
 ParOldGen       total 1398272K, used 23929K [0x0000000080000000, 0x00000000d5580000, 0x00000000d5580000)
  object space 1398272K, 1% used [0x0000000080000000,0x000000008175e420,0x00000000d5580000)
 Metaspace       used 57515K, capacity 58886K, committed 59008K, reserved 1101824K
  class space    used 6693K, capacity 6965K, committed 7040K, reserved 1048576K
}
Event: 11.385 GC heap before
{Heap before GC invocations=7 (full 3):
 PSYoungGen      total 611840K, used 13789K [0x00000000d5580000, 0x0000000100000000, 0x0000000100000000)
  eden space 524800K, 0% used [0x00000000d5580000,0x00000000d5580000,0x00000000f5600000)
  from space 87040K, 15% used [0x00000000fab00000,0x00000000fb877488,0x0000000100000000)
  to   space 87040K, 0% used [0x00000000f5600000,0x00000000f5600000,0x00000000fab00000)
 ParOldGen       total 1398272K, used 23929K [0x0000000080000000, 0x00000000d5580000, 0x00000000d5580000)
  object space 1398272K, 1% used [0x0000000080000000,0x000000008175e420,0x00000000d5580000)
 Metaspace       used 57515K, capacity 58886K, committed 59008K, reserved 1101824K
  class space    used 6693K, capacity 6965K, committed 7040K, reserved 1048576K
Event: 11.615 GC heap after
Heap after GC invocations=7 (full 3):
 PSYoungGen      total 611840K, used 0K [0x00000000d5580000, 0x0000000100000000, 0x0000000100000000)
  eden space 524800K, 0% used [0x00000000d5580000,0x00000000d5580000,0x00000000f5600000)
  from space 87040K, 0% used [0x00000000fab00000,0x00000000fab00000,0x0000000100000000)
  to   space 87040K, 0% used [0x00000000f5600000,0x00000000f5600000,0x00000000fab00000)
 ParOldGen       total 1398272K, used 25931K [0x0000000080000000, 0x00000000d5580000, 0x00000000d5580000)
  object space 1398272K, 1% used [0x0000000080000000,0x0000000081952c48,0x00000000d5580000)
 Metaspace       used 57488K, capacity 58824K, committed 59008K, reserved 1101824K
  class space    used 6683K, capacity 6948K, committed 7040K, reserved 1048576K
}

