# JRE version: OpenJDK Runtime Environment (8.0_212-b04) (build 1.8.0_212-b04)
# Java VM: OpenJDK 64-Bit Server VM (25.212-b04 mixed mode linux-amd64 compressed oops)
Heap:
 PSYoungGen      total 611840K, used 209498K [0x00000000d5580000, 0x0000000100000000, 0x0000000100000000)
  eden space 524800K, 39% used [0x00000000d5580000,0x00000000e2216980,0x00000000f5600000)
  from space 87040K, 0% used [0x00000000fab00000,0x00000000fab00000,0x0000000100000000)
  to   space 87040K, 0% used [0x00000000f5600000,0x00000000f5600000,0x00000000fab00000)
 ParOldGen       total 1398272K, used 28298K [0x0000000080000000, 0x00000000d5580000, 0x00000000d5580000)
  object space 1398272K, 2% used [0x0000000080000000,0x0000000081ba29b8,0x00000000d5580000)
 Metaspace       used 63535K, capacity 65704K, committed 65920K, reserved 1107968K
  class space    used 7353K, capacity 7756K, committed 7808K, reserved 1048576K
GC Heap History (10 events):
Event: 4.243 GC heap before
{Heap before GC invocations=3 (full 1):
 PSYoungGen      total 611840K, used 470137K [0x00000000d5580000, 0x0000000100000000, 0x0000000100000000)
  eden space 524800K, 89% used [0x00000000d5580000,0x00000000f209e4c8,0x00000000f5600000)
  from space 87040K, 0% used [0x00000000f5600000,0x00000000f5600000,0x00000000fab00000)
  to   space 87040K, 0% used [0x00000000fab00000,0x00000000fab00000,0x0000000100000000)
 ParOldGen       total 865280K, used 14234K [0x0000000080000000, 0x00000000b4d00000, 0x00000000d5580000)
  object space 865280K, 1% used [0x0000000080000000,0x0000000080de6bf0,0x00000000b4d00000)
 Metaspace       used 34763K, capacity 35124K, committed 35416K, reserved 1081344K
  class space    used 3971K, capacity 4092K, committed 4096K, reserved 1048576K
Event: 4.279 GC heap after
Heap after GC invocations=3 (full 1):
 PSYoungGen      total 611840K, used 19431K [0x00000000d5580000, 0x0000000100000000, 0x0000000100000000)
  eden space 524800K, 0% used [0x00000000d5580000,0x00000000d5580000,0x00000000f5600000)
  from space 87040K, 22% used [0x00000000fab00000,0x00000000fbdf9c10,0x0000000100000000)
  to   space 87040K, 0% used [0x00000000f5600000,0x00000000f5600000,0x00000000fab00000)
 ParOldGen       total 865280K, used 14234K [0x0000000080000000, 0x00000000b4d00000, 0x00000000d5580000)
  object space 865280K, 1% used [0x0000000080000000,0x0000000080de6bf0,0x00000000b4d00000)
 Metaspace       used 34763K, capacity 35124K, committed 35416K, reserved 1081344K
  class space    used 3971K, capacity 4092K, committed 4096K, reserved 1048576K
}
Event: 4.279 GC heap before
{Heap before GC invocations=4 (full 2):
 PSYoungGen      total 611840K, used 19431K [0x00000000d5580000, 0x0000000100000000, 0x0000000100000000)
  eden space 524800K, 0% used [0x00000000d5580000,0x00000000d5580000,0x00000000f5600000)
  from space 87040K, 22% used [0x00000000fab00000,0x00000000fbdf9c10,0x0000000100000000)
  to   space 87040K, 0% used [0x00000000f5600000,0x00000000f5600000,0x00000000fab00000)
 ParOldGen       total 865280K, used 14234K [0x0000000080000000, 0x00000000b4d00000, 0x00000000d5580000)
  object space 865280K, 1% used [0x0000000080000000,0x0000000080de6bf0,0x00000000b4d00000)
 Metaspace       used 34763K, capacity 35124K, committed 35416K, reserved 1081344K
  class space    used 3971K, capacity 4092K, committed 4096K, reserved 1048576K
Event: 4.391 GC heap after
Heap after GC invocations=4 (full 2):
 PSYoungGen      total 611840K, used 0K [0x00000000d5580000, 0x0000000100000000, 0x0000000100000000)
  eden space 524800K, 0% used [0x00000000d5580000,0x00000000d5580000,0x00000000f5600000)
  from space 87040K, 0% used [0x00000000fab00000,0x00000000fab00000,0x0000000100000000)
  to   space 87040K, 0% used [0x00000000f5600000,0x00000000f5600000,0x00000000fab00000)
 ParOldGen       total 1398272K, used 23894K [0x0000000080000000, 0x00000000d5580000, 0x00000000d5580000)
  object space 1398272K, 1% used [0x0000000080000000,0x0000000081755840,0x00000000d5580000)
 Metaspace       used 34763K, capacity 35124K, committed 35416K, reserved 1081344K
  class space    used 3971K, capacity 4092K, committed 4096K, reserved 1048576K
}
Event: 10.050 GC heap before
{Heap before GC invocations=5 (full 2):
 PSYoungGen      total 611840K, used 524800K [0x00000000d5580000, 0x0000000100000000, 0x0000000100000000)
  eden space 524800K, 100% used [0x00000000d5580000,0x00000000f5600000,0x00000000f5600000)
  from space 87040K, 0% used [0x00000000fab00000,0x00000000fab00000,0x0000000100000000)
  to   space 87040K, 0% used [0x00000000f5600000,0x00000000f5600000,0x00000000fab00000)
 ParOldGen       total 1398272K, used 23894K [0x0000000080000000, 0x00000000d5580000, 0x00000000d5580000)
  object space 1398272K, 1% used [0x0000000080000000,0x0000000081755840,0x00000000d5580000)
 Metaspace       used 53171K, capacity 54368K, committed 54656K, reserved 1097728K
  class space    used 6209K, capacity 6430K, committed 6528K, reserved 1048576K
Event: 10.103 GC heap after
Heap after GC invocations=5 (full 2):
 PSYoungGen      total 611840K, used 24313K [0x00000000d5580000, 0x0000000100000000, 0x0000000100000000)
  eden space 524800K, 0% used [0x00000000d5580000,0x00000000d5580000,0x00000000f5600000)
  from space 87040K, 27% used [0x00000000f5600000,0x00000000f6dbe5f0,0x00000000fab00000)
  to   space 87040K, 0% used [0x00000000fab00000,0x00000000fab00000,0x0000000100000000)
 ParOldGen       total 1398272K, used 23902K [0x0000000080000000, 0x00000000d5580000, 0x00000000d5580000)
  object space 1398272K, 1% used [0x0000000080000000,0x0000000081757840,0x00000000d5580000)
 Metaspace       used 53171K, capacity 54368K, committed 54656K, reserved 1097728K
  class space    used 6209K, capacity 6430K, committed 6528K, reserved 1048576K
}
Event: 10.819 GC heap before
{Heap before GC invocations=6 (full 2):
 PSYoungGen      total 611840K, used 171770K [0x00000000d5580000, 0x0000000100000000, 0x0000000100000000)
  eden space 524800K, 28% used [0x00000000d5580000,0x00000000de580370,0x00000000f5600000)
  from space 87040K, 27% used [0x00000000f5600000,0x00000000f6dbe5f0,0x00000000fab00000)
  to   space 87040K, 0% used [0x00000000fab00000,0x00000000fab00000,0x0000000100000000)
 ParOldGen       total 1398272K, used 23902K [0x0000000080000000, 0x00000000d5580000, 0x00000000d5580000)
  object space 1398272K, 1% used [0x0000000080000000,0x0000000081757840,0x00000000d5580000)
 Metaspace       used 57530K, capacity 58896K, committed 59008K, reserved 1101824K
  class space    used 6697K, capacity 6966K, committed 7040K, reserved 1048576K
Event: 10.846 GC heap after
Heap after GC invocations=6 (full 2):
 PSYoungGen      total 611840K, used 16311K [0x00000000d5580000, 0x0000000100000000, 0x0000000100000000)
  eden space 524800K, 0% used [0x00000000d5580000,0x00000000d5580000,0x00000000f5600000)
  from space 87040K, 18% used [0x00000000fab00000,0x00000000fbaedcd0,0x0000000100000000)
  to   space 87040K, 0% used [0x00000000f5600000,0x00000000f5600000,0x00000000fab00000)
 ParOldGen       total 1398272K, used 23910K [0x0000000080000000, 0x00000000d5580000, 0x00000000d5580000)
  object space 1398272K, 1% used [0x0000000080000000,0x0000000081759840,0x00000000d5580000)
 Metaspace       used 57530K, capacity 58896K, committed 59008K, reserved 1101824K
  class space    used 6697K, capacity 6966K, committed 7040K, reserved 1048576K
}
Event: 10.846 GC heap before
{Heap before GC invocations=7 (full 3):
 PSYoungGen      total 611840K, used 16311K [0x00000000d5580000, 0x0000000100000000, 0x0000000100000000)
  eden space 524800K, 0% used [0x00000000d5580000,0x00000000d5580000,0x00000000f5600000)
  from space 87040K, 18% used [0x00000000fab00000,0x00000000fbaedcd0,0x0000000100000000)
  to   space 87040K, 0% used [0x00000000f5600000,0x00000000f5600000,0x00000000fab00000)
 ParOldGen       total 1398272K, used 23910K [0x0000000080000000, 0x00000000d5580000, 0x00000000d5580000)
  object space 1398272K, 1% used [0x0000000080000000,0x0000000081759840,0x00000000d5580000)
 Metaspace       used 57530K, capacity 58896K, committed 59008K, reserved 1101824K
  class space    used 6697K, capacity 6966K, committed 7040K, reserved 1048576K
Event: 11.121 GC heap after
Heap after GC invocations=7 (full 3):
 PSYoungGen      total 611840K, used 0K [0x00000000d5580000, 0x0000000100000000, 0x0000000100000000)
  eden space 524800K, 0% used [0x00000000d5580000,0x00000000d5580000,0x00000000f5600000)
  from space 87040K, 0% used [0x00000000fab00000,0x00000000fab00000,0x0000000100000000)
  to   space 87040K, 0% used [0x00000000f5600000,0x00000000f5600000,0x00000000fab00000)
 ParOldGen       total 1398272K, used 28298K [0x0000000080000000, 0x00000000d5580000, 0x00000000d5580000)
  object space 1398272K, 2% used [0x0000000080000000,0x0000000081ba29b8,0x00000000d5580000)
 Metaspace       used 57503K, capacity 58828K, committed 59008K, reserved 1101824K
  class space    used 6686K, capacity 6948K, committed 7040K, reserved 1048576K
}

