# JRE version: OpenJDK Runtime Environment (8.0_212-b04) (build 1.8.0_212-b04)
# Java VM: OpenJDK 64-Bit Server VM (25.212-b04 mixed mode linux-amd64 compressed oops)
Heap:
 PSYoungGen      total 611840K, used 307606K [0x00000000d5580000, 0x0000000100000000, 0x0000000100000000)
  eden space 524800K, 58% used [0x00000000d5580000,0x00000000e81e5a30,0x00000000f5600000)
  from space 87040K, 0% used [0x00000000f5600000,0x00000000f5600000,0x00000000fab00000)
  to   space 87040K, 0% used [0x00000000fab00000,0x00000000fab00000,0x0000000100000000)
 ParOldGen       total 1398272K, used 37896K [0x0000000080000000, 0x00000000d5580000, 0x00000000d5580000)
  object space 1398272K, 2% used [0x0000000080000000,0x00000000825021e8,0x00000000d5580000)
 Metaspace       used 64384K, capacity 66634K, committed 66816K, reserved 1107968K
  class space    used 7425K, capacity 7835K, committed 7936K, reserved 1048576K
GC Heap History (10 events):
Event: 1.937 GC heap before
{Heap before GC invocations=2 (full 1):
 PSYoungGen      total 611840K, used 14284K [0x00000000d5580000, 0x0000000100000000, 0x0000000100000000)
  eden space 524800K, 0% used [0x00000000d5580000,0x00000000d5580000,0x00000000f5600000)
  from space 87040K, 16% used [0x00000000f5600000,0x00000000f63f32f0,0x00000000fab00000)
  to   space 87040K, 0% used [0x00000000fab00000,0x00000000fab00000,0x0000000100000000)
 ParOldGen       total 1398272K, used 80K [0x0000000080000000, 0x00000000d5580000, 0x00000000d5580000)
  object space 1398272K, 0% used [0x0000000080000000,0x0000000080014010,0x00000000d5580000)
 Metaspace       used 20837K, capacity 21106K, committed 21248K, reserved 1069056K
  class space    used 2373K, capacity 2482K, committed 2560K, reserved 1048576K
Event: 2.003 GC heap after
Heap after GC invocations=2 (full 1):
 PSYoungGen      total 611840K, used 0K [0x00000000d5580000, 0x0000000100000000, 0x0000000100000000)
  eden space 524800K, 0% used [0x00000000d5580000,0x00000000d5580000,0x00000000f5600000)
  from space 87040K, 0% used [0x00000000f5600000,0x00000000f5600000,0x00000000fab00000)
  to   space 87040K, 0% used [0x00000000fab00000,0x00000000fab00000,0x0000000100000000)
 ParOldGen       total 894976K, used 13751K [0x0000000080000000, 0x00000000b6a00000, 0x00000000d5580000)
  object space 894976K, 1% used [0x0000000080000000,0x0000000080d6df58,0x00000000b6a00000)
 Metaspace       used 20837K, capacity 21106K, committed 21248K, reserved 1069056K
  class space    used 2373K, capacity 2482K, committed 2560K, reserved 1048576K
}
Event: 4.025 GC heap before
{Heap before GC invocations=3 (full 1):
 PSYoungGen      total 611840K, used 434996K [0x00000000d5580000, 0x0000000100000000, 0x0000000100000000)
  eden space 524800K, 82% used [0x00000000d5580000,0x00000000efe4d348,0x00000000f5600000)
  from space 87040K, 0% used [0x00000000f5600000,0x00000000f5600000,0x00000000fab00000)
  to   space 87040K, 0% used [0x00000000fab00000,0x00000000fab00000,0x0000000100000000)
 ParOldGen       total 894976K, used 13751K [0x0000000080000000, 0x00000000b6a00000, 0x00000000d5580000)
  object space 894976K, 1% used [0x0000000080000000,0x0000000080d6df58,0x00000000b6a00000)
 Metaspace       used 34741K, capacity 35124K, committed 35416K, reserved 1081344K
  class space    used 3974K, capacity 4092K, committed 4096K, reserved 1048576K
Event: 4.056 GC heap after
Heap after GC invocations=3 (full 1):
 PSYoungGen      total 611840K, used 19235K [0x00000000d5580000, 0x0000000100000000, 0x0000000100000000)
  eden space 524800K, 0% used [0x00000000d5580000,0x00000000d5580000,0x00000000f5600000)
  from space 87040K, 22% used [0x00000000fab00000,0x00000000fbdc8e90,0x0000000100000000)
  to   space 87040K, 0% used [0x00000000f5600000,0x00000000f5600000,0x00000000fab00000)
 ParOldGen       total 894976K, used 13759K [0x0000000080000000, 0x00000000b6a00000, 0x00000000d5580000)
  object space 894976K, 1% used [0x0000000080000000,0x0000000080d6ff58,0x00000000b6a00000)
 Metaspace       used 34741K, capacity 35124K, committed 35416K, reserved 1081344K
  class space    used 3974K, capacity 4092K, committed 4096K, reserved 1048576K
}
Event: 4.056 GC heap before
{Heap before GC invocations=4 (full 2):
 PSYoungGen      total 611840K, used 19235K [0x00000000d5580000, 0x0000000100000000, 0x0000000100000000)
  eden space 524800K, 0% used [0x00000000d5580000,0x00000000d5580000,0x00000000f5600000)
  from space 87040K, 22% used [0x00000000fab00000,0x00000000fbdc8e90,0x0000000100000000)
  to   space 87040K, 0% used [0x00000000f5600000,0x00000000f5600000,0x00000000fab00000)
 ParOldGen       total 894976K, used 13759K [0x0000000080000000, 0x00000000b6a00000, 0x00000000d5580000)
  object space 894976K, 1% used [0x0000000080000000,0x0000000080d6ff58,0x00000000b6a00000)
 Metaspace       used 34741K, capacity 35124K, committed 35416K, reserved 1081344K
  class space    used 3974K, capacity 4092K, committed 4096K, reserved 1048576K
Event: 4.159 GC heap after
Heap after GC invocations=4 (full 2):
 PSYoungGen      total 611840K, used 0K [0x00000000d5580000, 0x0000000100000000, 0x0000000100000000)
  eden space 524800K, 0% used [0x00000000d5580000,0x00000000d5580000,0x00000000f5600000)
  from space 87040K, 0% used [0x00000000fab00000,0x00000000fab00000,0x0000000100000000)
  to   space 87040K, 0% used [0x00000000f5600000,0x00000000f5600000,0x00000000fab00000)
 ParOldGen       total 1398272K, used 23553K [0x0000000080000000, 0x00000000d5580000, 0x00000000d5580000)
  object space 1398272K, 1% used [0x0000000080000000,0x0000000081700710,0x00000000d5580000)
 Metaspace       used 34741K, capacity 35124K, committed 35416K, reserved 1081344K
  class space    used 3974K, capacity 4092K, committed 4096K, reserved 1048576K
}
Event: 10.491 GC heap before
{Heap before GC invocations=5 (full 2):
 PSYoungGen      total 611840K, used 326853K [0x00000000d5580000, 0x0000000100000000, 0x0000000100000000)
  eden space 524800K, 62% used [0x00000000d5580000,0x00000000e94b17e8,0x00000000f5600000)
  from space 87040K, 0% used [0x00000000fab00000,0x00000000fab00000,0x0000000100000000)
  to   space 87040K, 0% used [0x00000000f5600000,0x00000000f5600000,0x00000000fab00000)
 ParOldGen       total 1398272K, used 23553K [0x0000000080000000, 0x00000000d5580000, 0x00000000d5580000)
  object space 1398272K, 1% used [0x0000000080000000,0x0000000081700710,0x00000000d5580000)
 Metaspace       used 57514K, capacity 58862K, committed 59008K, reserved 1101824K
  class space    used 6691K, capacity 6967K, committed 7040K, reserved 1048576K
Event: 10.536 GC heap after
Heap after GC invocations=5 (full 2):
 PSYoungGen      total 611840K, used 27106K [0x00000000d5580000, 0x0000000100000000, 0x0000000100000000)
  eden space 524800K, 0% used [0x00000000d5580000,0x00000000d5580000,0x00000000f5600000)
  from space 87040K, 31% used [0x00000000f5600000,0x00000000f7078b08,0x00000000fab00000)
  to   space 87040K, 0% used [0x00000000fab00000,0x00000000fab00000,0x0000000100000000)
 ParOldGen       total 1398272K, used 23561K [0x0000000080000000, 0x00000000d5580000, 0x00000000d5580000)
  object space 1398272K, 1% used [0x0000000080000000,0x0000000081702710,0x00000000d5580000)
 Metaspace       used 57514K, capacity 58862K, committed 59008K, reserved 1101824K
  class space    used 6691K, capacity 6967K, committed 7040K, reserved 1048576K
}
Event: 10.536 GC heap before
{Heap before GC invocations=6 (full 3):
 PSYoungGen      total 611840K, used 27106K [0x00000000d5580000, 0x0000000100000000, 0x0000000100000000)
  eden space 524800K, 0% used [0x00000000d5580000,0x00000000d5580000,0x00000000f5600000)
  from space 87040K, 31% used [0x00000000f5600000,0x00000000f7078b08,0x00000000fab00000)
  to   space 87040K, 0% used [0x00000000fab00000,0x00000000fab00000,0x0000000100000000)
 ParOldGen       total 1398272K, used 23561K [0x0000000080000000, 0x00000000d5580000, 0x00000000d5580000)
  object space 1398272K, 1% used [0x0000000080000000,0x0000000081702710,0x00000000d5580000)
 Metaspace       used 57514K, capacity 58862K, committed 59008K, reserved 1101824K
  class space    used 6691K, capacity 6967K, committed 7040K, reserved 1048576K
Event: 10.745 GC heap after
Heap after GC invocations=6 (full 3):
 PSYoungGen      total 611840K, used 0K [0x00000000d5580000, 0x0000000100000000, 0x0000000100000000)
  eden space 524800K, 0% used [0x00000000d5580000,0x00000000d5580000,0x00000000f5600000)
  from space 87040K, 0% used [0x00000000f5600000,0x00000000f5600000,0x00000000fab00000)
  to   space 87040K, 0% used [0x00000000fab00000,0x00000000fab00000,0x0000000100000000)
 ParOldGen       total 1398272K, used 37896K [0x0000000080000000, 0x00000000d5580000, 0x00000000d5580000)
  object space 1398272K, 2% used [0x0000000080000000,0x00000000825021e8,0x00000000d5580000)
 Metaspace       used 57508K, capacity 58850K, committed 59008K, reserved 1101824K
  class space    used 6689K, capacity 6963K, committed 7040K, reserved 1048576K
}

