# JRE version: OpenJDK Runtime Environment (8.0_212-b04) (build 1.8.0_212-b04)
# Java VM: OpenJDK 64-Bit Server VM (25.212-b04 mixed mode linux-amd64 compressed oops)
Heap:
 PSYoungGen      total 611840K, used 204998K [0x00000000d5580000, 0x0000000100000000, 0x0000000100000000)
  eden space 524800K, 39% used [0x00000000d5580000,0x00000000e1db18b8,0x00000000f5600000)
  from space 87040K, 0% used [0x00000000f5600000,0x00000000f5600000,0x00000000fab00000)
  to   space 87040K, 0% used [0x00000000fab00000,0x00000000fab00000,0x0000000100000000)
 ParOldGen       total 1398272K, used 39757K [0x0000000080000000, 0x00000000d5580000, 0x00000000d5580000)
  object space 1398272K, 2% used [0x0000000080000000,0x00000000826d3768,0x00000000d5580000)
 Metaspace       used 64486K, capacity 68284K, committed 68480K, reserved 1110016K
  class space    used 7602K, capacity 8314K, committed 8320K, reserved 1048576K
GC Heap History (10 events):
Event: 1.999 GC heap before
{Heap before GC invocations=2 (full 1):
 PSYoungGen      total 611840K, used 14269K [0x00000000d5580000, 0x0000000100000000, 0x0000000100000000)
  eden space 524800K, 0% used [0x00000000d5580000,0x00000000d5580000,0x00000000f5600000)
  from space 87040K, 16% used [0x00000000f5600000,0x00000000f63ef4b0,0x00000000fab00000)
  to   space 87040K, 0% used [0x00000000fab00000,0x00000000fab00000,0x0000000100000000)
 ParOldGen       total 1398272K, used 80K [0x0000000080000000, 0x00000000d5580000, 0x00000000d5580000)
  object space 1398272K, 0% used [0x0000000080000000,0x0000000080014010,0x00000000d5580000)
 Metaspace       used 20825K, capacity 21106K, committed 21248K, reserved 1069056K
  class space    used 2368K, capacity 2482K, committed 2560K, reserved 1048576K
Event: 2.072 GC heap after
Heap after GC invocations=2 (full 1):
 PSYoungGen      total 611840K, used 0K [0x00000000d5580000, 0x0000000100000000, 0x0000000100000000)
  eden space 524800K, 0% used [0x00000000d5580000,0x00000000d5580000,0x00000000f5600000)
  from space 87040K, 0% used [0x00000000f5600000,0x00000000f5600000,0x00000000fab00000)
  to   space 87040K, 0% used [0x00000000fab00000,0x00000000fab00000,0x0000000100000000)
 ParOldGen       total 890368K, used 13769K [0x0000000080000000, 0x00000000b6580000, 0x00000000d5580000)
  object space 890368K, 1% used [0x0000000080000000,0x0000000080d72608,0x00000000b6580000)
 Metaspace       used 20825K, capacity 21106K, committed 21248K, reserved 1069056K
  class space    used 2368K, capacity 2482K, committed 2560K, reserved 1048576K
}
Event: 4.363 GC heap before
{Heap before GC invocations=3 (full 1):
 PSYoungGen      total 611840K, used 403487K [0x00000000d5580000, 0x0000000100000000, 0x0000000100000000)
  eden space 524800K, 76% used [0x00000000d5580000,0x00000000edf87d28,0x00000000f5600000)
  from space 87040K, 0% used [0x00000000f5600000,0x00000000f5600000,0x00000000fab00000)
  to   space 87040K, 0% used [0x00000000fab00000,0x00000000fab00000,0x0000000100000000)
 ParOldGen       total 890368K, used 13769K [0x0000000080000000, 0x00000000b6580000, 0x00000000d5580000)
  object space 890368K, 1% used [0x0000000080000000,0x0000000080d72608,0x00000000b6580000)
 Metaspace       used 34822K, capacity 35188K, committed 35416K, reserved 1081344K
  class space    used 3976K, capacity 4092K, committed 4096K, reserved 1048576K
Event: 4.405 GC heap after
Heap after GC invocations=3 (full 1):
 PSYoungGen      total 611840K, used 19311K [0x00000000d5580000, 0x0000000100000000, 0x0000000100000000)
  eden space 524800K, 0% used [0x00000000d5580000,0x00000000d5580000,0x00000000f5600000)
  from space 87040K, 22% used [0x00000000fab00000,0x00000000fbddbdd8,0x0000000100000000)
  to   space 87040K, 0% used [0x00000000f5600000,0x00000000f5600000,0x00000000fab00000)
 ParOldGen       total 890368K, used 13777K [0x0000000080000000, 0x00000000b6580000, 0x00000000d5580000)
  object space 890368K, 1% used [0x0000000080000000,0x0000000080d74608,0x00000000b6580000)
 Metaspace       used 34822K, capacity 35188K, committed 35416K, reserved 1081344K
  class space    used 3976K, capacity 4092K, committed 4096K, reserved 1048576K
}
Event: 4.405 GC heap before
{Heap before GC invocations=4 (full 2):
 PSYoungGen      total 611840K, used 19311K [0x00000000d5580000, 0x0000000100000000, 0x0000000100000000)
  eden space 524800K, 0% used [0x00000000d5580000,0x00000000d5580000,0x00000000f5600000)
  from space 87040K, 22% used [0x00000000fab00000,0x00000000fbddbdd8,0x0000000100000000)
  to   space 87040K, 0% used [0x00000000f5600000,0x00000000f5600000,0x00000000fab00000)
 ParOldGen       total 890368K, used 13777K [0x0000000080000000, 0x00000000b6580000, 0x00000000d5580000)
  object space 890368K, 1% used [0x0000000080000000,0x0000000080d74608,0x00000000b6580000)
 Metaspace       used 34822K, capacity 35188K, committed 35416K, reserved 1081344K
  class space    used 3976K, capacity 4092K, committed 4096K, reserved 1048576K
Event: 4.508 GC heap after
Heap after GC invocations=4 (full 2):
 PSYoungGen      total 611840K, used 0K [0x00000000d5580000, 0x0000000100000000, 0x0000000100000000)
  eden space 524800K, 0% used [0x00000000d5580000,0x00000000d5580000,0x00000000f5600000)
  from space 87040K, 0% used [0x00000000fab00000,0x00000000fab00000,0x0000000100000000)
  to   space 87040K, 0% used [0x00000000f5600000,0x00000000f5600000,0x00000000fab00000)
 ParOldGen       total 1398272K, used 23620K [0x0000000080000000, 0x00000000d5580000, 0x00000000d5580000)
  object space 1398272K, 1% used [0x0000000080000000,0x00000000817112a8,0x00000000d5580000)
 Metaspace       used 34822K, capacity 35188K, committed 35416K, reserved 1081344K
  class space    used 3976K, capacity 4092K, committed 4096K, reserved 1048576K
}
Event: 10.483 GC heap before
{Heap before GC invocations=5 (full 2):
 PSYoungGen      total 611840K, used 408546K [0x00000000d5580000, 0x0000000100000000, 0x0000000100000000)
  eden space 524800K, 77% used [0x00000000d5580000,0x00000000ee478920,0x00000000f5600000)
  from space 87040K, 0% used [0x00000000fab00000,0x00000000fab00000,0x0000000100000000)
  to   space 87040K, 0% used [0x00000000f5600000,0x00000000f5600000,0x00000000fab00000)
 ParOldGen       total 1398272K, used 23620K [0x0000000080000000, 0x00000000d5580000, 0x00000000d5580000)
  object space 1398272K, 1% used [0x0000000080000000,0x00000000817112a8,0x00000000d5580000)
 Metaspace       used 57248K, capacity 59000K, committed 59028K, reserved 1101824K
  class space    used 6687K, capacity 7012K, committed 7040K, reserved 1048576K
Event: 10.535 GC heap after
Heap after GC invocations=5 (full 2):
 PSYoungGen      total 611840K, used 29328K [0x00000000d5580000, 0x0000000100000000, 0x0000000100000000)
  eden space 524800K, 0% used [0x00000000d5580000,0x00000000d5580000,0x00000000f5600000)
  from space 87040K, 33% used [0x00000000f5600000,0x00000000f72a4070,0x00000000fab00000)
  to   space 87040K, 0% used [0x00000000fab00000,0x00000000fab00000,0x0000000100000000)
 ParOldGen       total 1398272K, used 23628K [0x0000000080000000, 0x00000000d5580000, 0x00000000d5580000)
  object space 1398272K, 1% used [0x0000000080000000,0x00000000817132a8,0x00000000d5580000)
 Metaspace       used 57248K, capacity 59000K, committed 59028K, reserved 1101824K
  class space    used 6687K, capacity 7012K, committed 7040K, reserved 1048576K
}
Event: 10.535 GC heap before
{Heap before GC invocations=6 (full 3):
 PSYoungGen      total 611840K, used 29328K [0x00000000d5580000, 0x0000000100000000, 0x0000000100000000)
  eden space 524800K, 0% used [0x00000000d5580000,0x00000000d5580000,0x00000000f5600000)
  from space 87040K, 33% used [0x00000000f5600000,0x00000000f72a4070,0x00000000fab00000)
  to   space 87040K, 0% used [0x00000000fab00000,0x00000000fab00000,0x0000000100000000)
 ParOldGen       total 1398272K, used 23628K [0x0000000080000000, 0x00000000d5580000, 0x00000000d5580000)
  object space 1398272K, 1% used [0x0000000080000000,0x00000000817132a8,0x00000000d5580000)
 Metaspace       used 57248K, capacity 59000K, committed 59028K, reserved 1101824K
  class space    used 6687K, capacity 7012K, committed 7040K, reserved 1048576K
Event: 10.761 GC heap after
Heap after GC invocations=6 (full 3):
 PSYoungGen      total 611840K, used 0K [0x00000000d5580000, 0x0000000100000000, 0x0000000100000000)
  eden space 524800K, 0% used [0x00000000d5580000,0x00000000d5580000,0x00000000f5600000)
  from space 87040K, 0% used [0x00000000f5600000,0x00000000f5600000,0x00000000fab00000)
  to   space 87040K, 0% used [0x00000000fab00000,0x00000000fab00000,0x0000000100000000)
 ParOldGen       total 1398272K, used 39757K [0x0000000080000000, 0x00000000d5580000, 0x00000000d5580000)
  object space 1398272K, 2% used [0x0000000080000000,0x00000000826d3768,0x00000000d5580000)
 Metaspace       used 57037K, capacity 58506K, committed 59028K, reserved 1101824K
  class space    used 6628K, capacity 6907K, committed 7040K, reserved 1048576K
}

