# JRE version: OpenJDK Runtime Environment (8.0_212-b04) (build 1.8.0_212-b04)
# Java VM: OpenJDK 64-Bit Server VM (25.212-b04 mixed mode linux-amd64 compressed oops)
Heap:
 PSYoungGen      total 611840K, used 149177K [0x00000000d5580000, 0x0000000100000000, 0x0000000100000000)
  eden space 524800K, 28% used [0x00000000d5580000,0x00000000de72e6f8,0x00000000f5600000)
  from space 87040K, 0% used [0x00000000f5600000,0x00000000f5600000,0x00000000fab00000)
  to   space 87040K, 0% used [0x00000000fab00000,0x00000000fab00000,0x0000000100000000)
 ParOldGen       total 1398272K, used 40923K [0x0000000080000000, 0x00000000d5580000, 0x00000000d5580000)
  object space 1398272K, 2% used [0x0000000080000000,0x00000000827f6fb8,0x00000000d5580000)
 Metaspace       used 62544K, capacity 64854K, committed 65152K, reserved 1105920K
  class space    used 7272K, capacity 7697K, committed 7808K, reserved 1048576K
GC Heap History (10 events):
Event: 2.063 GC heap before
{Heap before GC invocations=2 (full 1):
 PSYoungGen      total 611840K, used 14310K [0x00000000d5580000, 0x0000000100000000, 0x0000000100000000)
  eden space 524800K, 0% used [0x00000000d5580000,0x00000000d5580000,0x00000000f5600000)
  from space 87040K, 16% used [0x00000000f5600000,0x00000000f63f99b8,0x00000000fab00000)
  to   space 87040K, 0% used [0x00000000fab00000,0x00000000fab00000,0x0000000100000000)
 ParOldGen       total 1398272K, used 80K [0x0000000080000000, 0x00000000d5580000, 0x00000000d5580000)
  object space 1398272K, 0% used [0x0000000080000000,0x0000000080014010,0x00000000d5580000)
 Metaspace       used 20834K, capacity 21098K, committed 21248K, reserved 1069056K
  class space    used 2369K, capacity 2482K, committed 2560K, reserved 1048576K
Event: 2.131 GC heap after
Heap after GC invocations=2 (full 1):
 PSYoungGen      total 611840K, used 0K [0x00000000d5580000, 0x0000000100000000, 0x0000000100000000)
  eden space 524800K, 0% used [0x00000000d5580000,0x00000000d5580000,0x00000000f5600000)
  from space 87040K, 0% used [0x00000000f5600000,0x00000000f5600000,0x00000000fab00000)
  to   space 87040K, 0% used [0x00000000fab00000,0x00000000fab00000,0x0000000100000000)
 ParOldGen       total 893952K, used 13732K [0x0000000080000000, 0x00000000b6900000, 0x00000000d5580000)
  object space 893952K, 1% used [0x0000000080000000,0x0000000080d691b0,0x00000000b6900000)
 Metaspace       used 20834K, capacity 21098K, committed 21248K, reserved 1069056K
  class space    used 2369K, capacity 2482K, committed 2560K, reserved 1048576K
}
Event: 4.497 GC heap before
{Heap before GC invocations=3 (full 1):
 PSYoungGen      total 611840K, used 435250K [0x00000000d5580000, 0x0000000100000000, 0x0000000100000000)
  eden space 524800K, 82% used [0x00000000d5580000,0x00000000efe8cb58,0x00000000f5600000)
  from space 87040K, 0% used [0x00000000f5600000,0x00000000f5600000,0x00000000fab00000)
  to   space 87040K, 0% used [0x00000000fab00000,0x00000000fab00000,0x0000000100000000)
 ParOldGen       total 893952K, used 13732K [0x0000000080000000, 0x00000000b6900000, 0x00000000d5580000)
  object space 893952K, 1% used [0x0000000080000000,0x0000000080d691b0,0x00000000b6900000)
 Metaspace       used 34736K, capacity 35116K, committed 35416K, reserved 1081344K
  class space    used 3974K, capacity 4092K, committed 4096K, reserved 1048576K
Event: 4.530 GC heap after
Heap after GC invocations=3 (full 1):
 PSYoungGen      total 611840K, used 19212K [0x00000000d5580000, 0x0000000100000000, 0x0000000100000000)
  eden space 524800K, 0% used [0x00000000d5580000,0x00000000d5580000,0x00000000f5600000)
  from space 87040K, 22% used [0x00000000fab00000,0x00000000fbdc3260,0x0000000100000000)
  to   space 87040K, 0% used [0x00000000f5600000,0x00000000f5600000,0x00000000fab00000)
 ParOldGen       total 893952K, used 13740K [0x0000000080000000, 0x00000000b6900000, 0x00000000d5580000)
  object space 893952K, 1% used [0x0000000080000000,0x0000000080d6b1b0,0x00000000b6900000)
 Metaspace       used 34736K, capacity 35116K, committed 35416K, reserved 1081344K
  class space    used 3974K, capacity 4092K, committed 4096K, reserved 1048576K
}
Event: 4.530 GC heap before
{Heap before GC invocations=4 (full 2):
 PSYoungGen      total 611840K, used 19212K [0x00000000d5580000, 0x0000000100000000, 0x0000000100000000)
  eden space 524800K, 0% used [0x00000000d5580000,0x00000000d5580000,0x00000000f5600000)
  from space 87040K, 22% used [0x00000000fab00000,0x00000000fbdc3260,0x0000000100000000)
  to   space 87040K, 0% used [0x00000000f5600000,0x00000000f5600000,0x00000000fab00000)
 ParOldGen       total 893952K, used 13740K [0x0000000080000000, 0x00000000b6900000, 0x00000000d5580000)
  object space 893952K, 1% used [0x0000000080000000,0x0000000080d6b1b0,0x00000000b6900000)
 Metaspace       used 34736K, capacity 35116K, committed 35416K, reserved 1081344K
  class space    used 3974K, capacity 4092K, committed 4096K, reserved 1048576K
Event: 4.628 GC heap after
Heap after GC invocations=4 (full 2):
 PSYoungGen      total 611840K, used 0K [0x00000000d5580000, 0x0000000100000000, 0x0000000100000000)
  eden space 524800K, 0% used [0x00000000d5580000,0x00000000d5580000,0x00000000f5600000)
  from space 87040K, 0% used [0x00000000fab00000,0x00000000fab00000,0x0000000100000000)
  to   space 87040K, 0% used [0x00000000f5600000,0x00000000f5600000,0x00000000fab00000)
 ParOldGen       total 1398272K, used 23557K [0x0000000080000000, 0x00000000d5580000, 0x00000000d5580000)
  object space 1398272K, 1% used [0x0000000080000000,0x0000000081701608,0x00000000d5580000)
 Metaspace       used 34736K, capacity 35116K, committed 35416K, reserved 1081344K
  class space    used 3974K, capacity 4092K, committed 4096K, reserved 1048576K
}
Event: 10.510 GC heap before
{Heap before GC invocations=5 (full 2):
 PSYoungGen      total 611840K, used 377920K [0x00000000d5580000, 0x0000000100000000, 0x0000000100000000)
  eden space 524800K, 72% used [0x00000000d5580000,0x00000000ec6902f0,0x00000000f5600000)
  from space 87040K, 0% used [0x00000000fab00000,0x00000000fab00000,0x0000000100000000)
  to   space 87040K, 0% used [0x00000000f5600000,0x00000000f5600000,0x00000000fab00000)
 ParOldGen       total 1398272K, used 23557K [0x0000000080000000, 0x00000000d5580000, 0x00000000d5580000)
  object space 1398272K, 1% used [0x0000000080000000,0x0000000081701608,0x00000000d5580000)
 Metaspace       used 57494K, capacity 58926K, committed 59008K, reserved 1101824K
  class space    used 6680K, capacity 6977K, committed 7040K, reserved 1048576K
Event: 10.569 GC heap after
Heap after GC invocations=5 (full 2):
 PSYoungGen      total 611840K, used 30490K [0x00000000d5580000, 0x0000000100000000, 0x0000000100000000)
  eden space 524800K, 0% used [0x00000000d5580000,0x00000000d5580000,0x00000000f5600000)
  from space 87040K, 35% used [0x00000000f5600000,0x00000000f73c68e8,0x00000000fab00000)
  to   space 87040K, 0% used [0x00000000fab00000,0x00000000fab00000,0x0000000100000000)
 ParOldGen       total 1398272K, used 23565K [0x0000000080000000, 0x00000000d5580000, 0x00000000d5580000)
  object space 1398272K, 1% used [0x0000000080000000,0x0000000081703608,0x00000000d5580000)
 Metaspace       used 57494K, capacity 58926K, committed 59008K, reserved 1101824K
  class space    used 6680K, capacity 6977K, committed 7040K, reserved 1048576K
}
Event: 10.569 GC heap before
{Heap before GC invocations=6 (full 3):
 PSYoungGen      total 611840K, used 30490K [0x00000000d5580000, 0x0000000100000000, 0x0000000100000000)
  eden space 524800K, 0% used [0x00000000d5580000,0x00000000d5580000,0x00000000f5600000)
  from space 87040K, 35% used [0x00000000f5600000,0x00000000f73c68e8,0x00000000fab00000)
  to   space 87040K, 0% used [0x00000000fab00000,0x00000000fab00000,0x0000000100000000)
 ParOldGen       total 1398272K, used 23565K [0x0000000080000000, 0x00000000d5580000, 0x00000000d5580000)
  object space 1398272K, 1% used [0x0000000080000000,0x0000000081703608,0x00000000d5580000)
 Metaspace       used 57494K, capacity 58926K, committed 59008K, reserved 1101824K
  class space    used 6680K, capacity 6977K, committed 7040K, reserved 1048576K
Event: 10.802 GC heap after
Heap after GC invocations=6 (full 3):
 PSYoungGen      total 611840K, used 0K [0x00000000d5580000, 0x0000000100000000, 0x0000000100000000)
  eden space 524800K, 0% used [0x00000000d5580000,0x00000000d5580000,0x00000000f5600000)
  from space 87040K, 0% used [0x00000000f5600000,0x00000000f5600000,0x00000000fab00000)
  to   space 87040K, 0% used [0x00000000fab00000,0x00000000fab00000,0x0000000100000000)
 ParOldGen       total 1398272K, used 40923K [0x0000000080000000, 0x00000000d5580000, 0x00000000d5580000)
  object space 1398272K, 2% used [0x0000000080000000,0x00000000827f6fb8,0x00000000d5580000)
 Metaspace       used 57471K, capacity 58868K, committed 59008K, reserved 1101824K
  class space    used 6672K, capacity 6962K, committed 7040K, reserved 1048576K
}

