# JRE version: OpenJDK Runtime Environment (8.0_212-b04) (build 1.8.0_212-b04)
# Java VM: OpenJDK 64-Bit Server VM (25.212-b04 mixed mode linux-amd64 compressed oops)
Heap:
 PSYoungGen      total 604672K, used 163583K [0x00000000d5580000, 0x00000000fd300000, 0x0000000100000000)
  eden space 524800K, 16% used [0x00000000d5580000,0x00000000da7bd110,0x00000000f5600000)
  from space 79872K, 99% used [0x00000000f5600000,0x00000000fa382bd8,0x00000000fa400000)
  to   space 48128K, 0% used [0x00000000fa400000,0x00000000fa400000,0x00000000fd300000)
 ParOldGen       total 1398272K, used 32459K [0x0000000080000000, 0x00000000d5580000, 0x00000000d5580000)
  object space 1398272K, 2% used [0x0000000080000000,0x0000000081fb2ff0,0x00000000d5580000)
 Metaspace       used 76843K, capacity 79811K, committed 80000K, reserved 1120256K
  class space    used 8962K, capacity 9508K, committed 9600K, reserved 1048576K
GC Heap History (10 events):
Event: 4.799 GC heap before
{Heap before GC invocations=4 (full 2):
 PSYoungGen      total 611840K, used 19448K [0x00000000d5580000, 0x0000000100000000, 0x0000000100000000)
  eden space 524800K, 0% used [0x00000000d5580000,0x00000000d5580000,0x00000000f5600000)
  from space 87040K, 22% used [0x00000000fab00000,0x00000000fbdfe168,0x0000000100000000)
  to   space 87040K, 0% used [0x00000000f5600000,0x00000000f5600000,0x00000000fab00000)
 ParOldGen       total 857088K, used 13516K [0x0000000080000000, 0x00000000b4500000, 0x00000000d5580000)
  object space 857088K, 1% used [0x0000000080000000,0x0000000080d33290,0x00000000b4500000)
 Metaspace       used 34738K, capacity 35018K, committed 35416K, reserved 1081344K
  class space    used 4190K, capacity 4289K, committed 4352K, reserved 1048576K
Event: 4.955 GC heap after
Heap after GC invocations=4 (full 2):
 PSYoungGen      total 611840K, used 0K [0x00000000d5580000, 0x0000000100000000, 0x0000000100000000)
  eden space 524800K, 0% used [0x00000000d5580000,0x00000000d5580000,0x00000000f5600000)
  from space 87040K, 0% used [0x00000000fab00000,0x00000000fab00000,0x0000000100000000)
  to   space 87040K, 0% used [0x00000000f5600000,0x00000000f5600000,0x00000000fab00000)
 ParOldGen       total 1398272K, used 24294K [0x0000000080000000, 0x00000000d5580000, 0x00000000d5580000)
  object space 1398272K, 1% used [0x0000000080000000,0x00000000817b99a8,0x00000000d5580000)
 Metaspace       used 34738K, capacity 35018K, committed 35416K, reserved 1081344K
  class space    used 4190K, capacity 4289K, committed 4352K, reserved 1048576K
}
Event: 7.702 GC heap before
{Heap before GC invocations=5 (full 2):
 PSYoungGen      total 611840K, used 524800K [0x00000000d5580000, 0x0000000100000000, 0x0000000100000000)
  eden space 524800K, 100% used [0x00000000d5580000,0x00000000f5600000,0x00000000f5600000)
  from space 87040K, 0% used [0x00000000fab00000,0x00000000fab00000,0x0000000100000000)
  to   space 87040K, 0% used [0x00000000f5600000,0x00000000f5600000,0x00000000fab00000)
 ParOldGen       total 1398272K, used 24294K [0x0000000080000000, 0x00000000d5580000, 0x00000000d5580000)
  object space 1398272K, 1% used [0x0000000080000000,0x00000000817b99a8,0x00000000d5580000)
 Metaspace       used 49346K, capacity 50208K, committed 50432K, reserved 1093632K
  class space    used 5881K, capacity 6084K, committed 6144K, reserved 1048576K
Event: 7.749 GC heap after
Heap after GC invocations=5 (full 2):
 PSYoungGen      total 611840K, used 20329K [0x00000000d5580000, 0x0000000100000000, 0x0000000100000000)
  eden space 524800K, 0% used [0x00000000d5580000,0x00000000d5580000,0x00000000f5600000)
  from space 87040K, 23% used [0x00000000f5600000,0x00000000f69da4f0,0x00000000fab00000)
  to   space 87040K, 0% used [0x00000000fab00000,0x00000000fab00000,0x0000000100000000)
 ParOldGen       total 1398272K, used 24294K [0x0000000080000000, 0x00000000d5580000, 0x00000000d5580000)
  object space 1398272K, 1% used [0x0000000080000000,0x00000000817b99a8,0x00000000d5580000)
 Metaspace       used 49346K, capacity 50208K, committed 50432K, reserved 1093632K
  class space    used 5881K, capacity 6084K, committed 6144K, reserved 1048576K
}
Event: 12.145 GC heap before
{Heap before GC invocations=6 (full 2):
 PSYoungGen      total 611840K, used 328143K [0x00000000d5580000, 0x0000000100000000, 0x0000000100000000)
  eden space 524800K, 58% used [0x00000000d5580000,0x00000000e8219950,0x00000000f5600000)
  from space 87040K, 23% used [0x00000000f5600000,0x00000000f69da4f0,0x00000000fab00000)
  to   space 87040K, 0% used [0x00000000fab00000,0x00000000fab00000,0x0000000100000000)
 ParOldGen       total 1398272K, used 24294K [0x0000000080000000, 0x00000000d5580000, 0x00000000d5580000)
  object space 1398272K, 1% used [0x0000000080000000,0x00000000817b99a8,0x00000000d5580000)
 Metaspace       used 57797K, capacity 58985K, committed 59028K, reserved 1101824K
  class space    used 6947K, capacity 7168K, committed 7168K, reserved 1048576K
Event: 12.182 GC heap after
Heap after GC invocations=6 (full 2):
 PSYoungGen      total 611840K, used 19931K [0x00000000d5580000, 0x0000000100000000, 0x0000000100000000)
  eden space 524800K, 0% used [0x00000000d5580000,0x00000000d5580000,0x00000000f5600000)
  from space 87040K, 22% used [0x00000000fab00000,0x00000000fbe76c60,0x0000000100000000)
  to   space 87040K, 0% used [0x00000000f5600000,0x00000000f5600000,0x00000000fab00000)
 ParOldGen       total 1398272K, used 24302K [0x0000000080000000, 0x00000000d5580000, 0x00000000d5580000)
  object space 1398272K, 1% used [0x0000000080000000,0x00000000817bb9a8,0x00000000d5580000)
 Metaspace       used 57797K, capacity 58985K, committed 59028K, reserved 1101824K
  class space    used 6947K, capacity 7168K, committed 7168K, reserved 1048576K
}
Event: 12.182 GC heap before
{Heap before GC invocations=7 (full 3):
 PSYoungGen      total 611840K, used 19931K [0x00000000d5580000, 0x0000000100000000, 0x0000000100000000)
  eden space 524800K, 0% used [0x00000000d5580000,0x00000000d5580000,0x00000000f5600000)
  from space 87040K, 22% used [0x00000000fab00000,0x00000000fbe76c60,0x0000000100000000)
  to   space 87040K, 0% used [0x00000000f5600000,0x00000000f5600000,0x00000000fab00000)
 ParOldGen       total 1398272K, used 24302K [0x0000000080000000, 0x00000000d5580000, 0x00000000d5580000)
  object space 1398272K, 1% used [0x0000000080000000,0x00000000817bb9a8,0x00000000d5580000)
 Metaspace       used 57797K, capacity 58985K, committed 59028K, reserved 1101824K
  class space    used 6947K, capacity 7168K, committed 7168K, reserved 1048576K
Event: 12.455 GC heap after
Heap after GC invocations=7 (full 3):
 PSYoungGen      total 611840K, used 0K [0x00000000d5580000, 0x0000000100000000, 0x0000000100000000)
  eden space 524800K, 0% used [0x00000000d5580000,0x00000000d5580000,0x00000000f5600000)
  from space 87040K, 0% used [0x00000000fab00000,0x00000000fab00000,0x0000000100000000)
  to   space 87040K, 0% used [0x00000000f5600000,0x00000000f5600000,0x00000000fab00000)
 ParOldGen       total 1398272K, used 32451K [0x0000000080000000, 0x00000000d5580000, 0x00000000d5580000)
  object space 1398272K, 2% used [0x0000000080000000,0x0000000081fb0ff0,0x00000000d5580000)
 Metaspace       used 57727K, capacity 58817K, committed 59028K, reserved 1101824K
  class space    used 6922K, capacity 7124K, committed 7168K, reserved 1048576K
}
Event: 26.456 GC heap before
{Heap before GC invocations=8 (full 3):
 PSYoungGen      total 611840K, used 524800K [0x00000000d5580000, 0x0000000100000000, 0x0000000100000000)
  eden space 524800K, 100% used [0x00000000d5580000,0x00000000f5600000,0x00000000f5600000)
  from space 87040K, 0% used [0x00000000fab00000,0x00000000fab00000,0x0000000100000000)
  to   space 87040K, 0% used [0x00000000f5600000,0x00000000f5600000,0x00000000fab00000)
 ParOldGen       total 1398272K, used 32451K [0x0000000080000000, 0x00000000d5580000, 0x00000000d5580000)
  object space 1398272K, 2% used [0x0000000080000000,0x0000000081fb0ff0,0x00000000d5580000)
 Metaspace       used 76360K, capacity 79113K, committed 79360K, reserved 1120256K
  class space    used 8912K, capacity 9435K, committed 9472K, reserved 1048576K
Event: 26.579 GC heap after
Heap after GC invocations=8 (full 3):
 PSYoungGen      total 604672K, used 79370K [0x00000000d5580000, 0x00000000fd300000, 0x0000000100000000)
  eden space 524800K, 0% used [0x00000000d5580000,0x00000000d5580000,0x00000000f5600000)
  from space 79872K, 99% used [0x00000000f5600000,0x00000000fa382bd8,0x00000000fa400000)
  to   space 48128K, 0% used [0x00000000fa400000,0x00000000fa400000,0x00000000fd300000)
 ParOldGen       total 1398272K, used 32459K [0x0000000080000000, 0x00000000d5580000, 0x00000000d5580000)
  object space 1398272K, 2% used [0x0000000080000000,0x0000000081fb2ff0,0x00000000d5580000)
 Metaspace       used 76360K, capacity 79113K, committed 79360K, reserved 1120256K
  class space    used 8912K, capacity 9435K, committed 9472K, reserved 1048576K
}

