# JRE version: OpenJDK Runtime Environment (8.0_212-b04) (build 1.8.0_212-b04)
# Java VM: OpenJDK 64-Bit Server VM (25.212-b04 mixed mode linux-amd64 compressed oops)
Heap:
 PSYoungGen      total 611840K, used 228521K [0x00000000d5580000, 0x0000000100000000, 0x0000000100000000)
  eden space 524800K, 43% used [0x00000000d5580000,0x00000000e34aa788,0x00000000f5600000)
  from space 87040K, 0% used [0x00000000f5600000,0x00000000f5600000,0x00000000fab00000)
  to   space 87040K, 0% used [0x00000000fab00000,0x00000000fab00000,0x0000000100000000)
 ParOldGen       total 1398272K, used 40890K [0x0000000080000000, 0x00000000d5580000, 0x00000000d5580000)
  object space 1398272K, 2% used [0x0000000080000000,0x00000000827eeae0,0x00000000d5580000)
 Metaspace       used 63262K, capacity 65700K, committed 65920K, reserved 1107968K
  class space    used 7312K, capacity 7768K, committed 7808K, reserved 1048576K
GC Heap History (10 events):
Event: 2.104 GC heap before
{Heap before GC invocations=2 (full 1):
 PSYoungGen      total 611840K, used 14180K [0x00000000d5580000, 0x0000000100000000, 0x0000000100000000)
  eden space 524800K, 0% used [0x00000000d5580000,0x00000000d5580000,0x00000000f5600000)
  from space 87040K, 16% used [0x00000000f5600000,0x00000000f63d91a0,0x00000000fab00000)
  to   space 87040K, 0% used [0x00000000fab00000,0x00000000fab00000,0x0000000100000000)
 ParOldGen       total 1398272K, used 80K [0x0000000080000000, 0x00000000d5580000, 0x00000000d5580000)
  object space 1398272K, 0% used [0x0000000080000000,0x0000000080014010,0x00000000d5580000)
 Metaspace       used 20742K, capacity 20984K, committed 21248K, reserved 1069056K
  class space    used 2360K, capacity 2443K, committed 2560K, reserved 1048576K
Event: 2.173 GC heap after
Heap after GC invocations=2 (full 1):
 PSYoungGen      total 611840K, used 0K [0x00000000d5580000, 0x0000000100000000, 0x0000000100000000)
  eden space 524800K, 0% used [0x00000000d5580000,0x00000000d5580000,0x00000000f5600000)
  from space 87040K, 0% used [0x00000000f5600000,0x00000000f5600000,0x00000000fab00000)
  to   space 87040K, 0% used [0x00000000fab00000,0x00000000fab00000,0x0000000100000000)
 ParOldGen       total 846336K, used 13685K [0x0000000080000000, 0x00000000b3a80000, 0x00000000d5580000)
  object space 846336K, 1% used [0x0000000080000000,0x0000000080d5d668,0x00000000b3a80000)
 Metaspace       used 20742K, capacity 20984K, committed 21248K, reserved 1069056K
  class space    used 2360K, capacity 2443K, committed 2560K, reserved 1048576K
}
Event: 4.470 GC heap before
{Heap before GC invocations=3 (full 1):
 PSYoungGen      total 611840K, used 467087K [0x00000000d5580000, 0x0000000100000000, 0x0000000100000000)
  eden space 524800K, 89% used [0x00000000d5580000,0x00000000f1da3f40,0x00000000f5600000)
  from space 87040K, 0% used [0x00000000f5600000,0x00000000f5600000,0x00000000fab00000)
  to   space 87040K, 0% used [0x00000000fab00000,0x00000000fab00000,0x0000000100000000)
 ParOldGen       total 846336K, used 13685K [0x0000000080000000, 0x00000000b3a80000, 0x00000000d5580000)
  object space 846336K, 1% used [0x0000000080000000,0x0000000080d5d668,0x00000000b3a80000)
 Metaspace       used 34724K, capacity 35092K, committed 35416K, reserved 1081344K
  class space    used 3967K, capacity 4060K, committed 4096K, reserved 1048576K
Event: 4.513 GC heap after
Heap after GC invocations=3 (full 1):
 PSYoungGen      total 611840K, used 19239K [0x00000000d5580000, 0x0000000100000000, 0x0000000100000000)
  eden space 524800K, 0% used [0x00000000d5580000,0x00000000d5580000,0x00000000f5600000)
  from space 87040K, 22% used [0x00000000fab00000,0x00000000fbdc9d60,0x0000000100000000)
  to   space 87040K, 0% used [0x00000000f5600000,0x00000000f5600000,0x00000000fab00000)
 ParOldGen       total 846336K, used 13693K [0x0000000080000000, 0x00000000b3a80000, 0x00000000d5580000)
  object space 846336K, 1% used [0x0000000080000000,0x0000000080d5f668,0x00000000b3a80000)
 Metaspace       used 34724K, capacity 35092K, committed 35416K, reserved 1081344K
  class space    used 3967K, capacity 4060K, committed 4096K, reserved 1048576K
}
Event: 4.513 GC heap before
{Heap before GC invocations=4 (full 2):
 PSYoungGen      total 611840K, used 19239K [0x00000000d5580000, 0x0000000100000000, 0x0000000100000000)
  eden space 524800K, 0% used [0x00000000d5580000,0x00000000d5580000,0x00000000f5600000)
  from space 87040K, 22% used [0x00000000fab00000,0x00000000fbdc9d60,0x0000000100000000)
  to   space 87040K, 0% used [0x00000000f5600000,0x00000000f5600000,0x00000000fab00000)
 ParOldGen       total 846336K, used 13693K [0x0000000080000000, 0x00000000b3a80000, 0x00000000d5580000)
  object space 846336K, 1% used [0x0000000080000000,0x0000000080d5f668,0x00000000b3a80000)
 Metaspace       used 34724K, capacity 35092K, committed 35416K, reserved 1081344K
  class space    used 3967K, capacity 4060K, committed 4096K, reserved 1048576K
Event: 4.655 GC heap after
Heap after GC invocations=4 (full 2):
 PSYoungGen      total 611840K, used 0K [0x00000000d5580000, 0x0000000100000000, 0x0000000100000000)
  eden space 524800K, 0% used [0x00000000d5580000,0x00000000d5580000,0x00000000f5600000)
  from space 87040K, 0% used [0x00000000fab00000,0x00000000fab00000,0x0000000100000000)
  to   space 87040K, 0% used [0x00000000f5600000,0x00000000f5600000,0x00000000fab00000)
 ParOldGen       total 1398272K, used 23634K [0x0000000080000000, 0x00000000d5580000, 0x00000000d5580000)
  object space 1398272K, 1% used [0x0000000080000000,0x0000000081714af0,0x00000000d5580000)
 Metaspace       used 34724K, capacity 35092K, committed 35416K, reserved 1081344K
  class space    used 3967K, capacity 4060K, committed 4096K, reserved 1048576K
}
Event: 11.458 GC heap before
{Heap before GC invocations=5 (full 2):
 PSYoungGen      total 611840K, used 428256K [0x00000000d5580000, 0x0000000100000000, 0x0000000100000000)
  eden space 524800K, 81% used [0x00000000d5580000,0x00000000ef7b8088,0x00000000f5600000)
  from space 87040K, 0% used [0x00000000fab00000,0x00000000fab00000,0x0000000100000000)
  to   space 87040K, 0% used [0x00000000f5600000,0x00000000f5600000,0x00000000fab00000)
 ParOldGen       total 1398272K, used 23634K [0x0000000080000000, 0x00000000d5580000, 0x00000000d5580000)
  object space 1398272K, 1% used [0x0000000080000000,0x0000000081714af0,0x00000000d5580000)
 Metaspace       used 57457K, capacity 58828K, committed 59008K, reserved 1101824K
  class space    used 6670K, capacity 6940K, committed 7040K, reserved 1048576K
Event: 11.527 GC heap after
Heap after GC invocations=5 (full 2):
 PSYoungGen      total 611840K, used 30200K [0x00000000d5580000, 0x0000000100000000, 0x0000000100000000)
  eden space 524800K, 0% used [0x00000000d5580000,0x00000000d5580000,0x00000000f5600000)
  from space 87040K, 34% used [0x00000000f5600000,0x00000000f737e000,0x00000000fab00000)
  to   space 87040K, 0% used [0x00000000fab00000,0x00000000fab00000,0x0000000100000000)
 ParOldGen       total 1398272K, used 23642K [0x0000000080000000, 0x00000000d5580000, 0x00000000d5580000)
  object space 1398272K, 1% used [0x0000000080000000,0x0000000081716af0,0x00000000d5580000)
 Metaspace       used 57457K, capacity 58828K, committed 59008K, reserved 1101824K
  class space    used 6670K, capacity 6940K, committed 7040K, reserved 1048576K
}
Event: 11.527 GC heap before
{Heap before GC invocations=6 (full 3):
 PSYoungGen      total 611840K, used 30200K [0x00000000d5580000, 0x0000000100000000, 0x0000000100000000)
  eden space 524800K, 0% used [0x00000000d5580000,0x00000000d5580000,0x00000000f5600000)
  from space 87040K, 34% used [0x00000000f5600000,0x00000000f737e000,0x00000000fab00000)
  to   space 87040K, 0% used [0x00000000fab00000,0x00000000fab00000,0x0000000100000000)
 ParOldGen       total 1398272K, used 23642K [0x0000000080000000, 0x00000000d5580000, 0x00000000d5580000)
  object space 1398272K, 1% used [0x0000000080000000,0x0000000081716af0,0x00000000d5580000)
 Metaspace       used 57457K, capacity 58828K, committed 59008K, reserved 1101824K
  class space    used 6670K, capacity 6940K, committed 7040K, reserved 1048576K
Event: 11.801 GC heap after
Heap after GC invocations=6 (full 3):
 PSYoungGen      total 611840K, used 0K [0x00000000d5580000, 0x0000000100000000, 0x0000000100000000)
  eden space 524800K, 0% used [0x00000000d5580000,0x00000000d5580000,0x00000000f5600000)
  from space 87040K, 0% used [0x00000000f5600000,0x00000000f5600000,0x00000000fab00000)
  to   space 87040K, 0% used [0x00000000fab00000,0x00000000fab00000,0x0000000100000000)
 ParOldGen       total 1398272K, used 40890K [0x0000000080000000, 0x00000000d5580000, 0x00000000d5580000)
  object space 1398272K, 2% used [0x0000000080000000,0x00000000827eeae0,0x00000000d5580000)
 Metaspace       used 57431K, capacity 58766K, committed 59008K, reserved 1101824K
  class space    used 6661K, capacity 6923K, committed 7040K, reserved 1048576K
}

