# JRE version: OpenJDK Runtime Environment (8.0_212-b04) (build 1.8.0_212-b04)
# Java VM: OpenJDK 64-Bit Server VM (25.212-b04 mixed mode linux-amd64 compressed oops)
Heap:
 PSYoungGen      total 320000K, used 316129K [0x00000000d5580000, 0x00000000ffb80000, 0x0000000100000000)
  eden space 228352K, 98% used [0x00000000d5580000,0x00000000e30c90d8,0x00000000e3480000)
  from space 91648K, 99% used [0x00000000e3600000,0x00000000e8f6f3f0,0x00000000e8f80000)
  to   space 232960K, 0% used [0x00000000f1800000,0x00000000f1800000,0x00000000ffb80000)
 ParOldGen       total 1398272K, used 234165K [0x0000000080000000, 0x00000000d5580000, 0x00000000d5580000)
  object space 1398272K, 16% used [0x0000000080000000,0x000000008e4ad658,0x00000000d5580000)
 Metaspace       used 70090K, capacity 73030K, committed 73216K, reserved 1114112K
  class space    used 7637K, capacity 8169K, committed 8192K, reserved 1048576K
GC Heap History (10 events):
Event: 612.790 GC heap before
{Heap before GC invocations=12 (full 3):
 PSYoungGen      total 458752K, used 457900K [0x00000000d5580000, 0x0000000100000000, 0x0000000100000000)
  eden space 299520K, 100% used [0x00000000d5580000,0x00000000e7a00000,0x00000000e7a00000)
  from space 159232K, 99% used [0x00000000f6480000,0x00000000fff2b228,0x0000000100000000)
  to   space 199680K, 0% used [0x00000000e7a00000,0x00000000e7a00000,0x00000000f3d00000)
 ParOldGen       total 1398272K, used 108524K [0x0000000080000000, 0x00000000d5580000, 0x00000000d5580000)
  object space 1398272K, 7% used [0x0000000080000000,0x00000000869fb190,0x00000000d5580000)
 Metaspace       used 69366K, capacity 72316K, committed 72448K, reserved 1114112K
  class space    used 7623K, capacity 8130K, committed 8192K, reserved 1048576K
Event: 612.961 GC heap after
Heap after GC invocations=12 (full 3):
 PSYoungGen      total 464384K, used 167261K [0x00000000d5580000, 0x0000000100000000, 0x0000000100000000)
  eden space 296960K, 0% used [0x00000000d5580000,0x00000000d5580000,0x00000000e7780000)
  from space 167424K, 99% used [0x00000000e7a00000,0x00000000f1d577d8,0x00000000f1d80000)
  to   space 221184K, 0% used [0x00000000f2800000,0x00000000f2800000,0x0000000100000000)
 ParOldGen       total 1398272K, used 108524K [0x0000000080000000, 0x00000000d5580000, 0x00000000d5580000)
  object space 1398272K, 7% used [0x0000000080000000,0x00000000869fb190,0x00000000d5580000)
 Metaspace       used 69366K, capacity 72316K, committed 72448K, reserved 1114112K
  class space    used 7623K, capacity 8130K, committed 8192K, reserved 1048576K
}
Event: 682.759 GC heap before
{Heap before GC invocations=13 (full 3):
 PSYoungGen      total 464384K, used 464221K [0x00000000d5580000, 0x0000000100000000, 0x0000000100000000)
  eden space 296960K, 100% used [0x00000000d5580000,0x00000000e7780000,0x00000000e7780000)
  from space 167424K, 99% used [0x00000000e7a00000,0x00000000f1d577d8,0x00000000f1d80000)
  to   space 221184K, 0% used [0x00000000f2800000,0x00000000f2800000,0x0000000100000000)
 ParOldGen       total 1398272K, used 108524K [0x0000000080000000, 0x00000000d5580000, 0x00000000d5580000)
  object space 1398272K, 7% used [0x0000000080000000,0x00000000869fb190,0x00000000d5580000)
 Metaspace       used 69590K, capacity 72564K, committed 72704K, reserved 1114112K
  class space    used 7634K, capacity 8166K, committed 8192K, reserved 1048576K
Event: 682.957 GC heap after
Heap after GC invocations=13 (full 3):
 PSYoungGen      total 454144K, used 191513K [0x00000000d5580000, 0x0000000100000000, 0x0000000100000000)
  eden space 232960K, 0% used [0x00000000d5580000,0x00000000d5580000,0x00000000e3900000)
  from space 221184K, 86% used [0x00000000f2800000,0x00000000fe306420,0x0000000100000000)
  to   space 232960K, 0% used [0x00000000e3900000,0x00000000e3900000,0x00000000f1c80000)
 ParOldGen       total 1398272K, used 108532K [0x0000000080000000, 0x00000000d5580000, 0x00000000d5580000)
  object space 1398272K, 7% used [0x0000000080000000,0x00000000869fd190,0x00000000d5580000)
 Metaspace       used 69590K, capacity 72564K, committed 72704K, reserved 1114112K
  class space    used 7634K, capacity 8166K, committed 8192K, reserved 1048576K
}
Event: 736.984 GC heap before
{Heap before GC invocations=14 (full 3):
 PSYoungGen      total 454144K, used 424472K [0x00000000d5580000, 0x0000000100000000, 0x0000000100000000)
  eden space 232960K, 99% used [0x00000000d5580000,0x00000000e38ffef8,0x00000000e3900000)
  from space 221184K, 86% used [0x00000000f2800000,0x00000000fe306420,0x0000000100000000)
  to   space 232960K, 0% used [0x00000000e3900000,0x00000000e3900000,0x00000000f1c80000)
 ParOldGen       total 1398272K, used 108532K [0x0000000080000000, 0x00000000d5580000, 0x00000000d5580000)
  object space 1398272K, 7% used [0x0000000080000000,0x00000000869fd190,0x00000000d5580000)
 Metaspace       used 69729K, capacity 72692K, committed 72960K, reserved 1114112K
  class space    used 7634K, capacity 8166K, committed 8192K, reserved 1048576K
Event: 737.167 GC heap after
Heap after GC invocations=14 (full 3):
 PSYoungGen      total 402944K, used 171019K [0x00000000d5580000, 0x00000000ffe80000, 0x0000000100000000)
  eden space 231424K, 0% used [0x00000000d5580000,0x00000000d5580000,0x00000000e3780000)
  from space 171520K, 99% used [0x00000000e3900000,0x00000000ee002c50,0x00000000ee080000)
  to   space 232960K, 0% used [0x00000000f1b00000,0x00000000f1b00000,0x00000000ffe80000)
 ParOldGen       total 1398272K, used 130342K [0x0000000080000000, 0x00000000d5580000, 0x00000000d5580000)
  object space 1398272K, 9% used [0x0000000080000000,0x0000000087f49a98,0x00000000d5580000)
 Metaspace       used 69729K, capacity 72692K, committed 72960K, reserved 1114112K
  class space    used 7634K, capacity 8166K, committed 8192K, reserved 1048576K
}
Event: 792.711 GC heap before
{Heap before GC invocations=15 (full 3):
 PSYoungGen      total 402944K, used 402443K [0x00000000d5580000, 0x00000000ffe80000, 0x0000000100000000)
  eden space 231424K, 100% used [0x00000000d5580000,0x00000000e3780000,0x00000000e3780000)
  from space 171520K, 99% used [0x00000000e3900000,0x00000000ee002c50,0x00000000ee080000)
  to   space 232960K, 0% used [0x00000000f1b00000,0x00000000f1b00000,0x00000000ffe80000)
 ParOldGen       total 1398272K, used 130342K [0x0000000080000000, 0x00000000d5580000, 0x00000000d5580000)
  object space 1398272K, 9% used [0x0000000080000000,0x0000000087f49a98,0x00000000d5580000)
 Metaspace       used 69982K, capacity 72966K, committed 73216K, reserved 1114112K
  class space    used 7636K, capacity 8169K, committed 8192K, reserved 1048576K
Event: 792.875 GC heap after
Heap after GC invocations=15 (full 3):
 PSYoungGen      total 461312K, used 126371K [0x00000000d5580000, 0x00000000ffd00000, 0x0000000100000000)
  eden space 229888K, 0% used [0x00000000d5580000,0x00000000d5580000,0x00000000e3600000)
  from space 231424K, 54% used [0x00000000f1b00000,0x00000000f9668c00,0x00000000ffd00000)
  to   space 232960K, 0% used [0x00000000e3600000,0x00000000e3600000,0x00000000f1980000)
 ParOldGen       total 1398272K, used 189541K [0x0000000080000000, 0x00000000d5580000, 0x00000000d5580000)
  object space 1398272K, 13% used [0x0000000080000000,0x000000008b9195d8,0x00000000d5580000)
 Metaspace       used 69982K, capacity 72966K, committed 73216K, reserved 1114112K
  class space    used 7636K, capacity 8169K, committed 8192K, reserved 1048576K
}
Event: 842.730 GC heap before
{Heap before GC invocations=16 (full 3):
 PSYoungGen      total 461312K, used 356259K [0x00000000d5580000, 0x00000000ffd00000, 0x0000000100000000)
  eden space 229888K, 100% used [0x00000000d5580000,0x00000000e3600000,0x00000000e3600000)
  from space 231424K, 54% used [0x00000000f1b00000,0x00000000f9668c00,0x00000000ffd00000)
  to   space 232960K, 0% used [0x00000000e3600000,0x00000000e3600000,0x00000000f1980000)
 ParOldGen       total 1398272K, used 189541K [0x0000000080000000, 0x00000000d5580000, 0x00000000d5580000)
  object space 1398272K, 13% used [0x0000000080000000,0x000000008b9195d8,0x00000000d5580000)
 Metaspace       used 70043K, capacity 73030K, committed 73216K, reserved 1114112K
  class space    used 7637K, capacity 8169K, committed 8192K, reserved 1048576K
Event: 842.837 GC heap after
Heap after GC invocations=16 (full 3):
 PSYoungGen      total 320000K, used 91580K [0x00000000d5580000, 0x00000000ffb80000, 0x0000000100000000)
  eden space 228352K, 0% used [0x00000000d5580000,0x00000000d5580000,0x00000000e3480000)
  from space 91648K, 99% used [0x00000000e3600000,0x00000000e8f6f3f0,0x00000000e8f80000)
  to   space 232960K, 0% used [0x00000000f1800000,0x00000000f1800000,0x00000000ffb80000)
 ParOldGen       total 1398272K, used 234165K [0x0000000080000000, 0x00000000d5580000, 0x00000000d5580000)
  object space 1398272K, 16% used [0x0000000080000000,0x000000008e4ad658,0x00000000d5580000)
 Metaspace       used 70043K, capacity 73030K, committed 73216K, reserved 1114112K
  class space    used 7637K, capacity 8169K, committed 8192K, reserved 1048576K
}

