# JRE version: OpenJDK Runtime Environment (8.0_212-b04) (build 1.8.0_212-b04)
# Java VM: OpenJDK 64-Bit Server VM (25.212-b04 mixed mode linux-amd64 compressed oops)
Heap:
 PSYoungGen      total 611840K, used 499585K [0x00000000d5580000, 0x0000000100000000, 0x0000000100000000)
  eden space 524800K, 92% used [0x00000000d5580000,0x00000000f2fd4eb0,0x00000000f5600000)
  from space 87040K, 15% used [0x00000000fab00000,0x00000000fb88b870,0x0000000100000000)
  to   space 87040K, 0% used [0x00000000f5600000,0x00000000f5600000,0x00000000fab00000)
 ParOldGen       total 1398272K, used 38546K [0x0000000080000000, 0x00000000d5580000, 0x00000000d5580000)
  object space 1398272K, 2% used [0x0000000080000000,0x00000000825a48a0,0x00000000d5580000)
 Metaspace       used 67785K, capacity 70244K, committed 70400K, reserved 1112064K
  class space    used 7373K, capacity 7832K, committed 7936K, reserved 1048576K
GC Heap History (10 events):
Event: 4.944 GC heap before
{Heap before GC invocations=3 (full 1):
 PSYoungGen      total 611840K, used 426151K [0x00000000d5580000, 0x0000000100000000, 0x0000000100000000)
  eden space 524800K, 81% used [0x00000000d5580000,0x00000000ef5a9c30,0x00000000f5600000)
  from space 87040K, 0% used [0x00000000f5600000,0x00000000f5600000,0x00000000fab00000)
  to   space 87040K, 0% used [0x00000000fab00000,0x00000000fab00000,0x0000000100000000)
 ParOldGen       total 853504K, used 13688K [0x0000000080000000, 0x00000000b4180000, 0x00000000d5580000)
  object space 853504K, 1% used [0x0000000080000000,0x0000000080d5e380,0x00000000b4180000)
 Metaspace       used 34807K, capacity 35188K, committed 35416K, reserved 1081344K
  class space    used 3969K, capacity 4092K, committed 4096K, reserved 1048576K
Event: 4.989 GC heap after
Heap after GC invocations=3 (full 1):
 PSYoungGen      total 611840K, used 19284K [0x00000000d5580000, 0x0000000100000000, 0x0000000100000000)
  eden space 524800K, 0% used [0x00000000d5580000,0x00000000d5580000,0x00000000f5600000)
  from space 87040K, 22% used [0x00000000fab00000,0x00000000fbdd52e8,0x0000000100000000)
  to   space 87040K, 0% used [0x00000000f5600000,0x00000000f5600000,0x00000000fab00000)
 ParOldGen       total 853504K, used 13696K [0x0000000080000000, 0x00000000b4180000, 0x00000000d5580000)
  object space 853504K, 1% used [0x0000000080000000,0x0000000080d60380,0x00000000b4180000)
 Metaspace       used 34807K, capacity 35188K, committed 35416K, reserved 1081344K
  class space    used 3969K, capacity 4092K, committed 4096K, reserved 1048576K
}
Event: 4.989 GC heap before
{Heap before GC invocations=4 (full 2):
 PSYoungGen      total 611840K, used 19284K [0x00000000d5580000, 0x0000000100000000, 0x0000000100000000)
  eden space 524800K, 0% used [0x00000000d5580000,0x00000000d5580000,0x00000000f5600000)
  from space 87040K, 22% used [0x00000000fab00000,0x00000000fbdd52e8,0x0000000100000000)
  to   space 87040K, 0% used [0x00000000f5600000,0x00000000f5600000,0x00000000fab00000)
 ParOldGen       total 853504K, used 13696K [0x0000000080000000, 0x00000000b4180000, 0x00000000d5580000)
  object space 853504K, 1% used [0x0000000080000000,0x0000000080d60380,0x00000000b4180000)
 Metaspace       used 34807K, capacity 35188K, committed 35416K, reserved 1081344K
  class space    used 3969K, capacity 4092K, committed 4096K, reserved 1048576K
Event: 5.109 GC heap after
Heap after GC invocations=4 (full 2):
 PSYoungGen      total 611840K, used 0K [0x00000000d5580000, 0x0000000100000000, 0x0000000100000000)
  eden space 524800K, 0% used [0x00000000d5580000,0x00000000d5580000,0x00000000f5600000)
  from space 87040K, 0% used [0x00000000fab00000,0x00000000fab00000,0x0000000100000000)
  to   space 87040K, 0% used [0x00000000f5600000,0x00000000f5600000,0x00000000fab00000)
 ParOldGen       total 1398272K, used 23458K [0x0000000080000000, 0x00000000d5580000, 0x00000000d5580000)
  object space 1398272K, 1% used [0x0000000080000000,0x00000000816e8a18,0x00000000d5580000)
 Metaspace       used 34807K, capacity 35188K, committed 35416K, reserved 1081344K
  class space    used 3969K, capacity 4092K, committed 4096K, reserved 1048576K
}
Event: 22.448 GC heap before
{Heap before GC invocations=5 (full 2):
 PSYoungGen      total 611840K, used 432355K [0x00000000d5580000, 0x0000000100000000, 0x0000000100000000)
  eden space 524800K, 82% used [0x00000000d5580000,0x00000000efbb8e68,0x00000000f5600000)
  from space 87040K, 0% used [0x00000000fab00000,0x00000000fab00000,0x0000000100000000)
  to   space 87040K, 0% used [0x00000000f5600000,0x00000000f5600000,0x00000000fab00000)
 ParOldGen       total 1398272K, used 23458K [0x0000000080000000, 0x00000000d5580000, 0x00000000d5580000)
  object space 1398272K, 1% used [0x0000000080000000,0x00000000816e8a18,0x00000000d5580000)
 Metaspace       used 57238K, capacity 58776K, committed 59008K, reserved 1101824K
  class space    used 6662K, capacity 6956K, committed 7040K, reserved 1048576K
Event: 22.525 GC heap after
Heap after GC invocations=5 (full 2):
 PSYoungGen      total 611840K, used 28560K [0x00000000d5580000, 0x0000000100000000, 0x0000000100000000)
  eden space 524800K, 0% used [0x00000000d5580000,0x00000000d5580000,0x00000000f5600000)
  from space 87040K, 32% used [0x00000000f5600000,0x00000000f71e43a8,0x00000000fab00000)
  to   space 87040K, 0% used [0x00000000fab00000,0x00000000fab00000,0x0000000100000000)
 ParOldGen       total 1398272K, used 23466K [0x0000000080000000, 0x00000000d5580000, 0x00000000d5580000)
  object space 1398272K, 1% used [0x0000000080000000,0x00000000816eaa18,0x00000000d5580000)
 Metaspace       used 57238K, capacity 58776K, committed 59008K, reserved 1101824K
  class space    used 6662K, capacity 6956K, committed 7040K, reserved 1048576K
}
Event: 22.525 GC heap before
{Heap before GC invocations=6 (full 3):
 PSYoungGen      total 611840K, used 28560K [0x00000000d5580000, 0x0000000100000000, 0x0000000100000000)
  eden space 524800K, 0% used [0x00000000d5580000,0x00000000d5580000,0x00000000f5600000)
  from space 87040K, 32% used [0x00000000f5600000,0x00000000f71e43a8,0x00000000fab00000)
  to   space 87040K, 0% used [0x00000000fab00000,0x00000000fab00000,0x0000000100000000)
 ParOldGen       total 1398272K, used 23466K [0x0000000080000000, 0x00000000d5580000, 0x00000000d5580000)
  object space 1398272K, 1% used [0x0000000080000000,0x00000000816eaa18,0x00000000d5580000)
 Metaspace       used 57238K, capacity 58776K, committed 59008K, reserved 1101824K
  class space    used 6662K, capacity 6956K, committed 7040K, reserved 1048576K
Event: 22.785 GC heap after
Heap after GC invocations=6 (full 3):
 PSYoungGen      total 611840K, used 0K [0x00000000d5580000, 0x0000000100000000, 0x0000000100000000)
  eden space 524800K, 0% used [0x00000000d5580000,0x00000000d5580000,0x00000000f5600000)
  from space 87040K, 0% used [0x00000000f5600000,0x00000000f5600000,0x00000000fab00000)
  to   space 87040K, 0% used [0x00000000fab00000,0x00000000fab00000,0x0000000100000000)
 ParOldGen       total 1398272K, used 38538K [0x0000000080000000, 0x00000000d5580000, 0x00000000d5580000)
  object space 1398272K, 2% used [0x0000000080000000,0x00000000825a28a0,0x00000000d5580000)
 Metaspace       used 57238K, capacity 58776K, committed 59008K, reserved 1101824K
  class space    used 6662K, capacity 6956K, committed 7040K, reserved 1048576K
}
Event: 54.795 GC heap before
{Heap before GC invocations=7 (full 3):
 PSYoungGen      total 611840K, used 524800K [0x00000000d5580000, 0x0000000100000000, 0x0000000100000000)
  eden space 524800K, 100% used [0x00000000d5580000,0x00000000f5600000,0x00000000f5600000)
  from space 87040K, 0% used [0x00000000f5600000,0x00000000f5600000,0x00000000fab00000)
  to   space 87040K, 0% used [0x00000000fab00000,0x00000000fab00000,0x0000000100000000)
 ParOldGen       total 1398272K, used 38538K [0x0000000080000000, 0x00000000d5580000, 0x00000000d5580000)
  object space 1398272K, 2% used [0x0000000080000000,0x00000000825a28a0,0x00000000d5580000)
 Metaspace       used 66026K, capacity 68442K, committed 68480K, reserved 1110016K
  class space    used 7321K, capacity 7777K, committed 7808K, reserved 1048576K
Event: 54.848 GC heap after
Heap after GC invocations=7 (full 3):
 PSYoungGen      total 611840K, used 13870K [0x00000000d5580000, 0x0000000100000000, 0x0000000100000000)
  eden space 524800K, 0% used [0x00000000d5580000,0x00000000d5580000,0x00000000f5600000)
  from space 87040K, 15% used [0x00000000fab00000,0x00000000fb88b870,0x0000000100000000)
  to   space 87040K, 0% used [0x00000000f5600000,0x00000000f5600000,0x00000000fab00000)
 ParOldGen       total 1398272K, used 38546K [0x0000000080000000, 0x00000000d5580000, 0x00000000d5580000)
  object space 1398272K, 2% used [0x0000000080000000,0x00000000825a48a0,0x00000000d5580000)
 Metaspace       used 66026K, capacity 68442K, committed 68480K, reserved 1110016K
  class space    used 7321K, capacity 7777K, committed 7808K, reserved 1048576K
}

