# JRE version: OpenJDK Runtime Environment (8.0_212-b04) (build 1.8.0_212-b04)
# Java VM: OpenJDK 64-Bit Server VM (25.212-b04 mixed mode linux-amd64 compressed oops)
Heap:
 PSYoungGen      total 611840K, used 254116K [0x00000000d5580000, 0x0000000100000000, 0x0000000100000000)
  eden space 524800K, 48% used [0x00000000d5580000,0x00000000e4da90e8,0x00000000f5600000)
  from space 87040K, 0% used [0x00000000f5600000,0x00000000f5600000,0x00000000fab00000)
  to   space 87040K, 0% used [0x00000000fab00000,0x00000000fab00000,0x0000000100000000)
 ParOldGen       total 1398272K, used 42039K [0x0000000080000000, 0x00000000d5580000, 0x00000000d5580000)
  object space 1398272K, 3% used [0x0000000080000000,0x000000008290df80,0x00000000d5580000)
 Metaspace       used 63451K, capacity 66090K, committed 66176K, reserved 1107968K
  class space    used 7316K, capacity 7791K, committed 7808K, reserved 1048576K
GC Heap History (10 events):
Event: 2.354 GC heap before
{Heap before GC invocations=2 (full 1):
 PSYoungGen      total 611840K, used 14332K [0x00000000d5580000, 0x0000000100000000, 0x0000000100000000)
  eden space 524800K, 0% used [0x00000000d5580000,0x00000000d5580000,0x00000000f5600000)
  from space 87040K, 16% used [0x00000000f5600000,0x00000000f63ff0d8,0x00000000fab00000)
  to   space 87040K, 0% used [0x00000000fab00000,0x00000000fab00000,0x0000000100000000)
 ParOldGen       total 1398272K, used 80K [0x0000000080000000, 0x00000000d5580000, 0x00000000d5580000)
  object space 1398272K, 0% used [0x0000000080000000,0x0000000080014010,0x00000000d5580000)
 Metaspace       used 20827K, capacity 21106K, committed 21248K, reserved 1069056K
  class space    used 2365K, capacity 2482K, committed 2560K, reserved 1048576K
Event: 2.426 GC heap after
Heap after GC invocations=2 (full 1):
 PSYoungGen      total 611840K, used 0K [0x00000000d5580000, 0x0000000100000000, 0x0000000100000000)
  eden space 524800K, 0% used [0x00000000d5580000,0x00000000d5580000,0x00000000f5600000)
  from space 87040K, 0% used [0x00000000f5600000,0x00000000f5600000,0x00000000fab00000)
  to   space 87040K, 0% used [0x00000000fab00000,0x00000000fab00000,0x0000000100000000)
 ParOldGen       total 857600K, used 13789K [0x0000000080000000, 0x00000000b4580000, 0x00000000d5580000)
  object space 857600K, 1% used [0x0000000080000000,0x0000000080d774c8,0x00000000b4580000)
 Metaspace       used 20827K, capacity 21106K, committed 21248K, reserved 1069056K
  class space    used 2365K, capacity 2482K, committed 2560K, reserved 1048576K
}
Event: 5.043 GC heap before
{Heap before GC invocations=3 (full 1):
 PSYoungGen      total 611840K, used 403059K [0x00000000d5580000, 0x0000000100000000, 0x0000000100000000)
  eden space 524800K, 76% used [0x00000000d5580000,0x00000000edf1cda8,0x00000000f5600000)
  from space 87040K, 0% used [0x00000000f5600000,0x00000000f5600000,0x00000000fab00000)
  to   space 87040K, 0% used [0x00000000fab00000,0x00000000fab00000,0x0000000100000000)
 ParOldGen       total 857600K, used 13789K [0x0000000080000000, 0x00000000b4580000, 0x00000000d5580000)
  object space 857600K, 1% used [0x0000000080000000,0x0000000080d774c8,0x00000000b4580000)
 Metaspace       used 34804K, capacity 35156K, committed 35416K, reserved 1081344K
  class space    used 3962K, capacity 4060K, committed 4096K, reserved 1048576K
Event: 5.090 GC heap after
Heap after GC invocations=3 (full 1):
 PSYoungGen      total 611840K, used 19226K [0x00000000d5580000, 0x0000000100000000, 0x0000000100000000)
  eden space 524800K, 0% used [0x00000000d5580000,0x00000000d5580000,0x00000000f5600000)
  from space 87040K, 22% used [0x00000000fab00000,0x00000000fbdc6bb0,0x0000000100000000)
  to   space 87040K, 0% used [0x00000000f5600000,0x00000000f5600000,0x00000000fab00000)
 ParOldGen       total 857600K, used 13789K [0x0000000080000000, 0x00000000b4580000, 0x00000000d5580000)
  object space 857600K, 1% used [0x0000000080000000,0x0000000080d774c8,0x00000000b4580000)
 Metaspace       used 34804K, capacity 35156K, committed 35416K, reserved 1081344K
  class space    used 3962K, capacity 4060K, committed 4096K, reserved 1048576K
}
Event: 5.090 GC heap before
{Heap before GC invocations=4 (full 2):
 PSYoungGen      total 611840K, used 19226K [0x00000000d5580000, 0x0000000100000000, 0x0000000100000000)
  eden space 524800K, 0% used [0x00000000d5580000,0x00000000d5580000,0x00000000f5600000)
  from space 87040K, 22% used [0x00000000fab00000,0x00000000fbdc6bb0,0x0000000100000000)
  to   space 87040K, 0% used [0x00000000f5600000,0x00000000f5600000,0x00000000fab00000)
 ParOldGen       total 857600K, used 13789K [0x0000000080000000, 0x00000000b4580000, 0x00000000d5580000)
  object space 857600K, 1% used [0x0000000080000000,0x0000000080d774c8,0x00000000b4580000)
 Metaspace       used 34804K, capacity 35156K, committed 35416K, reserved 1081344K
  class space    used 3962K, capacity 4060K, committed 4096K, reserved 1048576K
Event: 5.214 GC heap after
Heap after GC invocations=4 (full 2):
 PSYoungGen      total 611840K, used 0K [0x00000000d5580000, 0x0000000100000000, 0x0000000100000000)
  eden space 524800K, 0% used [0x00000000d5580000,0x00000000d5580000,0x00000000f5600000)
  from space 87040K, 0% used [0x00000000fab00000,0x00000000fab00000,0x0000000100000000)
  to   space 87040K, 0% used [0x00000000f5600000,0x00000000f5600000,0x00000000fab00000)
 ParOldGen       total 1398272K, used 23580K [0x0000000080000000, 0x00000000d5580000, 0x00000000d5580000)
  object space 1398272K, 1% used [0x0000000080000000,0x0000000081707040,0x00000000d5580000)
 Metaspace       used 34804K, capacity 35156K, committed 35416K, reserved 1081344K
  class space    used 3962K, capacity 4060K, committed 4096K, reserved 1048576K
}
Event: 12.362 GC heap before
{Heap before GC invocations=5 (full 2):
 PSYoungGen      total 611840K, used 436698K [0x00000000d5580000, 0x0000000100000000, 0x0000000100000000)
  eden space 524800K, 83% used [0x00000000d5580000,0x00000000efff6bc0,0x00000000f5600000)
  from space 87040K, 0% used [0x00000000fab00000,0x00000000fab00000,0x0000000100000000)
  to   space 87040K, 0% used [0x00000000f5600000,0x00000000f5600000,0x00000000fab00000)
 ParOldGen       total 1398272K, used 23580K [0x0000000080000000, 0x00000000d5580000, 0x00000000d5580000)
  object space 1398272K, 1% used [0x0000000080000000,0x0000000081707040,0x00000000d5580000)
 Metaspace       used 57404K, capacity 58832K, committed 59028K, reserved 1101824K
  class space    used 6631K, capacity 6902K, committed 6912K, reserved 1048576K
Event: 12.434 GC heap after
Heap after GC invocations=5 (full 2):
 PSYoungGen      total 611840K, used 31448K [0x00000000d5580000, 0x0000000100000000, 0x0000000100000000)
  eden space 524800K, 0% used [0x00000000d5580000,0x00000000d5580000,0x00000000f5600000)
  from space 87040K, 36% used [0x00000000f5600000,0x00000000f74b62e8,0x00000000fab00000)
  to   space 87040K, 0% used [0x00000000fab00000,0x00000000fab00000,0x0000000100000000)
 ParOldGen       total 1398272K, used 23588K [0x0000000080000000, 0x00000000d5580000, 0x00000000d5580000)
  object space 1398272K, 1% used [0x0000000080000000,0x0000000081709040,0x00000000d5580000)
 Metaspace       used 57404K, capacity 58832K, committed 59028K, reserved 1101824K
  class space    used 6631K, capacity 6902K, committed 6912K, reserved 1048576K
}
Event: 12.434 GC heap before
{Heap before GC invocations=6 (full 3):
 PSYoungGen      total 611840K, used 31448K [0x00000000d5580000, 0x0000000100000000, 0x0000000100000000)
  eden space 524800K, 0% used [0x00000000d5580000,0x00000000d5580000,0x00000000f5600000)
  from space 87040K, 36% used [0x00000000f5600000,0x00000000f74b62e8,0x00000000fab00000)
  to   space 87040K, 0% used [0x00000000fab00000,0x00000000fab00000,0x0000000100000000)
 ParOldGen       total 1398272K, used 23588K [0x0000000080000000, 0x00000000d5580000, 0x00000000d5580000)
  object space 1398272K, 1% used [0x0000000080000000,0x0000000081709040,0x00000000d5580000)
 Metaspace       used 57404K, capacity 58832K, committed 59028K, reserved 1101824K
  class space    used 6631K, capacity 6902K, committed 6912K, reserved 1048576K
Event: 12.709 GC heap after
Heap after GC invocations=6 (full 3):
 PSYoungGen      total 611840K, used 0K [0x00000000d5580000, 0x0000000100000000, 0x0000000100000000)
  eden space 524800K, 0% used [0x00000000d5580000,0x00000000d5580000,0x00000000f5600000)
  from space 87040K, 0% used [0x00000000f5600000,0x00000000f5600000,0x00000000fab00000)
  to   space 87040K, 0% used [0x00000000fab00000,0x00000000fab00000,0x0000000100000000)
 ParOldGen       total 1398272K, used 42039K [0x0000000080000000, 0x00000000d5580000, 0x00000000d5580000)
  object space 1398272K, 3% used [0x0000000080000000,0x000000008290df80,0x00000000d5580000)
 Metaspace       used 57372K, capacity 58746K, committed 59028K, reserved 1101824K
  class space    used 6620K, capacity 6883K, committed 6912K, reserved 1048576K
}

