# JRE version: OpenJDK Runtime Environment (8.0_212-b04) (build 1.8.0_212-b04)
# Java VM: OpenJDK 64-Bit Server VM (25.212-b04 mixed mode linux-amd64 compressed oops)
Heap:
 PSYoungGen      total 611840K, used 169688K [0x00000000d5580000, 0x0000000100000000, 0x0000000100000000)
  eden space 524800K, 32% used [0x00000000d5580000,0x00000000dfb362c0,0x00000000f5600000)
  from space 87040K, 0% used [0x00000000f5600000,0x00000000f5600000,0x00000000fab00000)
  to   space 87040K, 0% used [0x00000000fab00000,0x00000000fab00000,0x0000000100000000)
 ParOldGen       total 1398272K, used 40769K [0x0000000080000000, 0x00000000d5580000, 0x00000000d5580000)
  object space 1398272K, 2% used [0x0000000080000000,0x00000000827d04d8,0x00000000d5580000)
 Metaspace       used 63004K, capacity 65530K, committed 65664K, reserved 1107968K
  class space    used 7306K, capacity 7769K, committed 7808K, reserved 1048576K
GC Heap History (10 events):
Event: 2.198 GC heap before
{Heap before GC invocations=2 (full 1):
 PSYoungGen      total 611840K, used 14266K [0x00000000d5580000, 0x0000000100000000, 0x0000000100000000)
  eden space 524800K, 0% used [0x00000000d5580000,0x00000000d5580000,0x00000000f5600000)
  from space 87040K, 16% used [0x00000000f5600000,0x00000000f63eeb08,0x00000000fab00000)
  to   space 87040K, 0% used [0x00000000fab00000,0x00000000fab00000,0x0000000100000000)
 ParOldGen       total 1398272K, used 80K [0x0000000080000000, 0x00000000d5580000, 0x00000000d5580000)
  object space 1398272K, 0% used [0x0000000080000000,0x0000000080014010,0x00000000d5580000)
 Metaspace       used 20817K, capacity 21106K, committed 21248K, reserved 1069056K
  class space    used 2366K, capacity 2482K, committed 2560K, reserved 1048576K
Event: 2.264 GC heap after
Heap after GC invocations=2 (full 1):
 PSYoungGen      total 611840K, used 0K [0x00000000d5580000, 0x0000000100000000, 0x0000000100000000)
  eden space 524800K, 0% used [0x00000000d5580000,0x00000000d5580000,0x00000000f5600000)
  from space 87040K, 0% used [0x00000000f5600000,0x00000000f5600000,0x00000000fab00000)
  to   space 87040K, 0% used [0x00000000fab00000,0x00000000fab00000,0x0000000100000000)
 ParOldGen       total 916480K, used 13764K [0x0000000080000000, 0x00000000b7f00000, 0x00000000d5580000)
  object space 916480K, 1% used [0x0000000080000000,0x0000000080d71390,0x00000000b7f00000)
 Metaspace       used 20817K, capacity 21106K, committed 21248K, reserved 1069056K
  class space    used 2366K, capacity 2482K, committed 2560K, reserved 1048576K
}
Event: 4.513 GC heap before
{Heap before GC invocations=3 (full 1):
 PSYoungGen      total 611840K, used 445044K [0x00000000d5580000, 0x0000000100000000, 0x0000000100000000)
  eden space 524800K, 84% used [0x00000000d5580000,0x00000000f081d0c8,0x00000000f5600000)
  from space 87040K, 0% used [0x00000000f5600000,0x00000000f5600000,0x00000000fab00000)
  to   space 87040K, 0% used [0x00000000fab00000,0x00000000fab00000,0x0000000100000000)
 ParOldGen       total 916480K, used 13764K [0x0000000080000000, 0x00000000b7f00000, 0x00000000d5580000)
  object space 916480K, 1% used [0x0000000080000000,0x0000000080d71390,0x00000000b7f00000)
 Metaspace       used 34721K, capacity 35092K, committed 35416K, reserved 1081344K
  class space    used 3955K, capacity 4060K, committed 4096K, reserved 1048576K
Event: 4.545 GC heap after
Heap after GC invocations=3 (full 1):
 PSYoungGen      total 611840K, used 19186K [0x00000000d5580000, 0x0000000100000000, 0x0000000100000000)
  eden space 524800K, 0% used [0x00000000d5580000,0x00000000d5580000,0x00000000f5600000)
  from space 87040K, 22% used [0x00000000fab00000,0x00000000fbdbcad8,0x0000000100000000)
  to   space 87040K, 0% used [0x00000000f5600000,0x00000000f5600000,0x00000000fab00000)
 ParOldGen       total 916480K, used 13772K [0x0000000080000000, 0x00000000b7f00000, 0x00000000d5580000)
  object space 916480K, 1% used [0x0000000080000000,0x0000000080d73390,0x00000000b7f00000)
 Metaspace       used 34721K, capacity 35092K, committed 35416K, reserved 1081344K
  class space    used 3955K, capacity 4060K, committed 4096K, reserved 1048576K
}
Event: 4.545 GC heap before
{Heap before GC invocations=4 (full 2):
 PSYoungGen      total 611840K, used 19186K [0x00000000d5580000, 0x0000000100000000, 0x0000000100000000)
  eden space 524800K, 0% used [0x00000000d5580000,0x00000000d5580000,0x00000000f5600000)
  from space 87040K, 22% used [0x00000000fab00000,0x00000000fbdbcad8,0x0000000100000000)
  to   space 87040K, 0% used [0x00000000f5600000,0x00000000f5600000,0x00000000fab00000)
 ParOldGen       total 916480K, used 13772K [0x0000000080000000, 0x00000000b7f00000, 0x00000000d5580000)
  object space 916480K, 1% used [0x0000000080000000,0x0000000080d73390,0x00000000b7f00000)
 Metaspace       used 34721K, capacity 35092K, committed 35416K, reserved 1081344K
  class space    used 3955K, capacity 4060K, committed 4096K, reserved 1048576K
Event: 4.649 GC heap after
Heap after GC invocations=4 (full 2):
 PSYoungGen      total 611840K, used 0K [0x00000000d5580000, 0x0000000100000000, 0x0000000100000000)
  eden space 524800K, 0% used [0x00000000d5580000,0x00000000d5580000,0x00000000f5600000)
  from space 87040K, 0% used [0x00000000fab00000,0x00000000fab00000,0x0000000100000000)
  to   space 87040K, 0% used [0x00000000f5600000,0x00000000f5600000,0x00000000fab00000)
 ParOldGen       total 1398272K, used 23507K [0x0000000080000000, 0x00000000d5580000, 0x00000000d5580000)
  object space 1398272K, 1% used [0x0000000080000000,0x00000000816f4e18,0x00000000d5580000)
 Metaspace       used 34721K, capacity 35092K, committed 35416K, reserved 1081344K
  class space    used 3955K, capacity 4060K, committed 4096K, reserved 1048576K
}
Event: 11.168 GC heap before
{Heap before GC invocations=5 (full 2):
 PSYoungGen      total 611840K, used 389169K [0x00000000d5580000, 0x0000000100000000, 0x0000000100000000)
  eden space 524800K, 74% used [0x00000000d5580000,0x00000000ed18c500,0x00000000f5600000)
  from space 87040K, 0% used [0x00000000fab00000,0x00000000fab00000,0x0000000100000000)
  to   space 87040K, 0% used [0x00000000f5600000,0x00000000f5600000,0x00000000fab00000)
 ParOldGen       total 1398272K, used 23507K [0x0000000080000000, 0x00000000d5580000, 0x00000000d5580000)
  object space 1398272K, 1% used [0x0000000080000000,0x00000000816f4e18,0x00000000d5580000)
 Metaspace       used 57358K, capacity 58808K, committed 59028K, reserved 1101824K
  class space    used 6657K, capacity 6902K, committed 6912K, reserved 1048576K
Event: 11.215 GC heap after
Heap after GC invocations=5 (full 2):
 PSYoungGen      total 611840K, used 30268K [0x00000000d5580000, 0x0000000100000000, 0x0000000100000000)
  eden space 524800K, 0% used [0x00000000d5580000,0x00000000d5580000,0x00000000f5600000)
  from space 87040K, 34% used [0x00000000f5600000,0x00000000f738f3b8,0x00000000fab00000)
  to   space 87040K, 0% used [0x00000000fab00000,0x00000000fab00000,0x0000000100000000)
 ParOldGen       total 1398272K, used 23515K [0x0000000080000000, 0x00000000d5580000, 0x00000000d5580000)
  object space 1398272K, 1% used [0x0000000080000000,0x00000000816f6e18,0x00000000d5580000)
 Metaspace       used 57358K, capacity 58808K, committed 59028K, reserved 1101824K
  class space    used 6657K, capacity 6902K, committed 6912K, reserved 1048576K
}
Event: 11.215 GC heap before
{Heap before GC invocations=6 (full 3):
 PSYoungGen      total 611840K, used 30268K [0x00000000d5580000, 0x0000000100000000, 0x0000000100000000)
  eden space 524800K, 0% used [0x00000000d5580000,0x00000000d5580000,0x00000000f5600000)
  from space 87040K, 34% used [0x00000000f5600000,0x00000000f738f3b8,0x00000000fab00000)
  to   space 87040K, 0% used [0x00000000fab00000,0x00000000fab00000,0x0000000100000000)
 ParOldGen       total 1398272K, used 23515K [0x0000000080000000, 0x00000000d5580000, 0x00000000d5580000)
  object space 1398272K, 1% used [0x0000000080000000,0x00000000816f6e18,0x00000000d5580000)
 Metaspace       used 57358K, capacity 58808K, committed 59028K, reserved 1101824K
  class space    used 6657K, capacity 6902K, committed 6912K, reserved 1048576K
Event: 11.420 GC heap after
Heap after GC invocations=6 (full 3):
 PSYoungGen      total 611840K, used 0K [0x00000000d5580000, 0x0000000100000000, 0x0000000100000000)
  eden space 524800K, 0% used [0x00000000d5580000,0x00000000d5580000,0x00000000f5600000)
  from space 87040K, 0% used [0x00000000f5600000,0x00000000f5600000,0x00000000fab00000)
  to   space 87040K, 0% used [0x00000000fab00000,0x00000000fab00000,0x0000000100000000)
 ParOldGen       total 1398272K, used 40769K [0x0000000080000000, 0x00000000d5580000, 0x00000000d5580000)
  object space 1398272K, 2% used [0x0000000080000000,0x00000000827d04d8,0x00000000d5580000)
 Metaspace       used 57326K, capacity 58726K, committed 59028K, reserved 1101824K
  class space    used 6646K, capacity 6883K, committed 6912K, reserved 1048576K
}

