# JRE version: OpenJDK Runtime Environment (8.0_212-b04) (build 1.8.0_212-b04)
# Java VM: OpenJDK 64-Bit Server VM (25.212-b04 mixed mode linux-amd64 compressed oops)
Heap:
 PSYoungGen      total 611840K, used 251710K [0x00000000d5580000, 0x0000000100000000, 0x0000000100000000)
  eden space 524800K, 47% used [0x00000000d5580000,0x00000000e4b4f850,0x00000000f5600000)
  from space 87040K, 0% used [0x00000000fab00000,0x00000000fab00000,0x0000000100000000)
  to   space 87040K, 0% used [0x00000000f5600000,0x00000000f5600000,0x00000000fab00000)
 ParOldGen       total 1398272K, used 28639K [0x0000000080000000, 0x00000000d5580000, 0x00000000d5580000)
  object space 1398272K, 2% used [0x0000000080000000,0x0000000081bf7fc0,0x00000000d5580000)
 Metaspace       used 64020K, capacity 66556K, committed 66816K, reserved 1107968K
  class space    used 7419K, capacity 7888K, committed 7936K, reserved 1048576K
GC Heap History (10 events):
Event: 4.695 GC heap before
{Heap before GC invocations=3 (full 1):
 PSYoungGen      total 611840K, used 469772K [0x00000000d5580000, 0x0000000100000000, 0x0000000100000000)
  eden space 524800K, 89% used [0x00000000d5580000,0x00000000f2043130,0x00000000f5600000)
  from space 87040K, 0% used [0x00000000f5600000,0x00000000f5600000,0x00000000fab00000)
  to   space 87040K, 0% used [0x00000000fab00000,0x00000000fab00000,0x0000000100000000)
 ParOldGen       total 876032K, used 14304K [0x0000000080000000, 0x00000000b5780000, 0x00000000d5580000)
  object space 876032K, 1% used [0x0000000080000000,0x0000000080df8050,0x00000000b5780000)
 Metaspace       used 34765K, capacity 35092K, committed 35416K, reserved 1081344K
  class space    used 3961K, capacity 4060K, committed 4096K, reserved 1048576K
Event: 4.729 GC heap after
Heap after GC invocations=3 (full 1):
 PSYoungGen      total 611840K, used 19235K [0x00000000d5580000, 0x0000000100000000, 0x0000000100000000)
  eden space 524800K, 0% used [0x00000000d5580000,0x00000000d5580000,0x00000000f5600000)
  from space 87040K, 22% used [0x00000000fab00000,0x00000000fbdc8ce0,0x0000000100000000)
  to   space 87040K, 0% used [0x00000000f5600000,0x00000000f5600000,0x00000000fab00000)
 ParOldGen       total 876032K, used 14304K [0x0000000080000000, 0x00000000b5780000, 0x00000000d5580000)
  object space 876032K, 1% used [0x0000000080000000,0x0000000080df8050,0x00000000b5780000)
 Metaspace       used 34765K, capacity 35092K, committed 35416K, reserved 1081344K
  class space    used 3961K, capacity 4060K, committed 4096K, reserved 1048576K
}
Event: 4.729 GC heap before
{Heap before GC invocations=4 (full 2):
 PSYoungGen      total 611840K, used 19235K [0x00000000d5580000, 0x0000000100000000, 0x0000000100000000)
  eden space 524800K, 0% used [0x00000000d5580000,0x00000000d5580000,0x00000000f5600000)
  from space 87040K, 22% used [0x00000000fab00000,0x00000000fbdc8ce0,0x0000000100000000)
  to   space 87040K, 0% used [0x00000000f5600000,0x00000000f5600000,0x00000000fab00000)
 ParOldGen       total 876032K, used 14304K [0x0000000080000000, 0x00000000b5780000, 0x00000000d5580000)
  object space 876032K, 1% used [0x0000000080000000,0x0000000080df8050,0x00000000b5780000)
 Metaspace       used 34765K, capacity 35092K, committed 35416K, reserved 1081344K
  class space    used 3961K, capacity 4060K, committed 4096K, reserved 1048576K
Event: 4.816 GC heap after
Heap after GC invocations=4 (full 2):
 PSYoungGen      total 611840K, used 0K [0x00000000d5580000, 0x0000000100000000, 0x0000000100000000)
  eden space 524800K, 0% used [0x00000000d5580000,0x00000000d5580000,0x00000000f5600000)
  from space 87040K, 0% used [0x00000000fab00000,0x00000000fab00000,0x0000000100000000)
  to   space 87040K, 0% used [0x00000000f5600000,0x00000000f5600000,0x00000000fab00000)
 ParOldGen       total 1398272K, used 23806K [0x0000000080000000, 0x00000000d5580000, 0x00000000d5580000)
  object space 1398272K, 1% used [0x0000000080000000,0x000000008173fb40,0x00000000d5580000)
 Metaspace       used 34765K, capacity 35092K, committed 35416K, reserved 1081344K
  class space    used 3961K, capacity 4060K, committed 4096K, reserved 1048576K
}
Event: 11.203 GC heap before
{Heap before GC invocations=5 (full 2):
 PSYoungGen      total 611840K, used 524800K [0x00000000d5580000, 0x0000000100000000, 0x0000000100000000)
  eden space 524800K, 100% used [0x00000000d5580000,0x00000000f5600000,0x00000000f5600000)
  from space 87040K, 0% used [0x00000000fab00000,0x00000000fab00000,0x0000000100000000)
  to   space 87040K, 0% used [0x00000000f5600000,0x00000000f5600000,0x00000000fab00000)
 ParOldGen       total 1398272K, used 23806K [0x0000000080000000, 0x00000000d5580000, 0x00000000d5580000)
  object space 1398272K, 1% used [0x0000000080000000,0x000000008173fb40,0x00000000d5580000)
 Metaspace       used 52154K, capacity 53496K, committed 53760K, reserved 1097728K
  class space    used 6128K, capacity 6372K, committed 6400K, reserved 1048576K
Event: 11.245 GC heap after
Heap after GC invocations=5 (full 2):
 PSYoungGen      total 611840K, used 24490K [0x00000000d5580000, 0x0000000100000000, 0x0000000100000000)
  eden space 524800K, 0% used [0x00000000d5580000,0x00000000d5580000,0x00000000f5600000)
  from space 87040K, 28% used [0x00000000f5600000,0x00000000f6deab90,0x00000000fab00000)
  to   space 87040K, 0% used [0x00000000fab00000,0x00000000fab00000,0x0000000100000000)
 ParOldGen       total 1398272K, used 23814K [0x0000000080000000, 0x00000000d5580000, 0x00000000d5580000)
  object space 1398272K, 1% used [0x0000000080000000,0x0000000081741b40,0x00000000d5580000)
 Metaspace       used 52154K, capacity 53496K, committed 53760K, reserved 1097728K
  class space    used 6128K, capacity 6372K, committed 6400K, reserved 1048576K
}
Event: 11.856 GC heap before
{Heap before GC invocations=6 (full 2):
 PSYoungGen      total 611840K, used 142296K [0x00000000d5580000, 0x0000000100000000, 0x0000000100000000)
  eden space 524800K, 22% used [0x00000000d5580000,0x00000000dc88b5c8,0x00000000f5600000)
  from space 87040K, 28% used [0x00000000f5600000,0x00000000f6deab90,0x00000000fab00000)
  to   space 87040K, 0% used [0x00000000fab00000,0x00000000fab00000,0x0000000100000000)
 ParOldGen       total 1398272K, used 23814K [0x0000000080000000, 0x00000000d5580000, 0x00000000d5580000)
  object space 1398272K, 1% used [0x0000000080000000,0x0000000081741b40,0x00000000d5580000)
 Metaspace       used 57295K, capacity 58734K, committed 59028K, reserved 1101824K
  class space    used 6628K, capacity 6895K, committed 6912K, reserved 1048576K
Event: 11.888 GC heap after
Heap after GC invocations=6 (full 2):
 PSYoungGen      total 611840K, used 16732K [0x00000000d5580000, 0x0000000100000000, 0x0000000100000000)
  eden space 524800K, 0% used [0x00000000d5580000,0x00000000d5580000,0x00000000f5600000)
  from space 87040K, 19% used [0x00000000fab00000,0x00000000fbb57218,0x0000000100000000)
  to   space 87040K, 0% used [0x00000000f5600000,0x00000000f5600000,0x00000000fab00000)
 ParOldGen       total 1398272K, used 23822K [0x0000000080000000, 0x00000000d5580000, 0x00000000d5580000)
  object space 1398272K, 1% used [0x0000000080000000,0x0000000081743b40,0x00000000d5580000)
 Metaspace       used 57295K, capacity 58734K, committed 59028K, reserved 1101824K
  class space    used 6628K, capacity 6895K, committed 6912K, reserved 1048576K
}
Event: 11.888 GC heap before
{Heap before GC invocations=7 (full 3):
 PSYoungGen      total 611840K, used 16732K [0x00000000d5580000, 0x0000000100000000, 0x0000000100000000)
  eden space 524800K, 0% used [0x00000000d5580000,0x00000000d5580000,0x00000000f5600000)
  from space 87040K, 19% used [0x00000000fab00000,0x00000000fbb57218,0x0000000100000000)
  to   space 87040K, 0% used [0x00000000f5600000,0x00000000f5600000,0x00000000fab00000)
 ParOldGen       total 1398272K, used 23822K [0x0000000080000000, 0x00000000d5580000, 0x00000000d5580000)
  object space 1398272K, 1% used [0x0000000080000000,0x0000000081743b40,0x00000000d5580000)
 Metaspace       used 57295K, capacity 58734K, committed 59028K, reserved 1101824K
  class space    used 6628K, capacity 6895K, committed 6912K, reserved 1048576K
Event: 12.124 GC heap after
Heap after GC invocations=7 (full 3):
 PSYoungGen      total 611840K, used 0K [0x00000000d5580000, 0x0000000100000000, 0x0000000100000000)
  eden space 524800K, 0% used [0x00000000d5580000,0x00000000d5580000,0x00000000f5600000)
  from space 87040K, 0% used [0x00000000fab00000,0x00000000fab00000,0x0000000100000000)
  to   space 87040K, 0% used [0x00000000f5600000,0x00000000f5600000,0x00000000fab00000)
 ParOldGen       total 1398272K, used 28639K [0x0000000080000000, 0x00000000d5580000, 0x00000000d5580000)
  object space 1398272K, 2% used [0x0000000080000000,0x0000000081bf7fc0,0x00000000d5580000)
 Metaspace       used 57272K, capacity 58674K, committed 59028K, reserved 1101824K
  class space    used 6620K, capacity 6881K, committed 6912K, reserved 1048576K
}

