# JRE version: OpenJDK Runtime Environment (8.0_212-b04) (build 1.8.0_212-b04)
# Java VM: OpenJDK 64-Bit Server VM (25.212-b04 mixed mode linux-amd64 compressed oops)
Heap:
 PSYoungGen      total 611840K, used 274264K [0x00000000d5580000, 0x0000000100000000, 0x0000000100000000)
  eden space 524800K, 52% used [0x00000000d5580000,0x00000000e6156378,0x00000000f5600000)
  from space 87040K, 0% used [0x00000000fab00000,0x00000000fab00000,0x0000000100000000)
  to   space 87040K, 0% used [0x00000000f5600000,0x00000000f5600000,0x00000000fab00000)
 ParOldGen       total 1398272K, used 28906K [0x0000000080000000, 0x00000000d5580000, 0x00000000d5580000)
  object space 1398272K, 2% used [0x0000000080000000,0x0000000081c3a830,0x00000000d5580000)
 Metaspace       used 65531K, capacity 68400K, committed 68480K, reserved 1110016K
  class space    used 7539K, capacity 8052K, committed 8064K, reserved 1048576K
GC Heap History (10 events):
Event: 6.331 GC heap before
{Heap before GC invocations=3 (full 1):
 PSYoungGen      total 611840K, used 488525K [0x00000000d5580000, 0x0000000100000000, 0x0000000100000000)
  eden space 524800K, 93% used [0x00000000d5580000,0x00000000f3293798,0x00000000f5600000)
  from space 87040K, 0% used [0x00000000f5600000,0x00000000f5600000,0x00000000fab00000)
  to   space 87040K, 0% used [0x00000000fab00000,0x00000000fab00000,0x0000000100000000)
 ParOldGen       total 909824K, used 14307K [0x0000000080000000, 0x00000000b7880000, 0x00000000d5580000)
  object space 909824K, 1% used [0x0000000080000000,0x0000000080df8dd0,0x00000000b7880000)
 Metaspace       used 34730K, capacity 35092K, committed 35416K, reserved 1081344K
  class space    used 3954K, capacity 4060K, committed 4096K, reserved 1048576K
Event: 6.369 GC heap after
Heap after GC invocations=3 (full 1):
 PSYoungGen      total 611840K, used 19230K [0x00000000d5580000, 0x0000000100000000, 0x0000000100000000)
  eden space 524800K, 0% used [0x00000000d5580000,0x00000000d5580000,0x00000000f5600000)
  from space 87040K, 22% used [0x00000000fab00000,0x00000000fbdc7b70,0x0000000100000000)
  to   space 87040K, 0% used [0x00000000f5600000,0x00000000f5600000,0x00000000fab00000)
 ParOldGen       total 909824K, used 14315K [0x0000000080000000, 0x00000000b7880000, 0x00000000d5580000)
  object space 909824K, 1% used [0x0000000080000000,0x0000000080dfadd0,0x00000000b7880000)
 Metaspace       used 34730K, capacity 35092K, committed 35416K, reserved 1081344K
  class space    used 3954K, capacity 4060K, committed 4096K, reserved 1048576K
}
Event: 6.369 GC heap before
{Heap before GC invocations=4 (full 2):
 PSYoungGen      total 611840K, used 19230K [0x00000000d5580000, 0x0000000100000000, 0x0000000100000000)
  eden space 524800K, 0% used [0x00000000d5580000,0x00000000d5580000,0x00000000f5600000)
  from space 87040K, 22% used [0x00000000fab00000,0x00000000fbdc7b70,0x0000000100000000)
  to   space 87040K, 0% used [0x00000000f5600000,0x00000000f5600000,0x00000000fab00000)
 ParOldGen       total 909824K, used 14315K [0x0000000080000000, 0x00000000b7880000, 0x00000000d5580000)
  object space 909824K, 1% used [0x0000000080000000,0x0000000080dfadd0,0x00000000b7880000)
 Metaspace       used 34730K, capacity 35092K, committed 35416K, reserved 1081344K
  class space    used 3954K, capacity 4060K, committed 4096K, reserved 1048576K
Event: 6.487 GC heap after
Heap after GC invocations=4 (full 2):
 PSYoungGen      total 611840K, used 0K [0x00000000d5580000, 0x0000000100000000, 0x0000000100000000)
  eden space 524800K, 0% used [0x00000000d5580000,0x00000000d5580000,0x00000000f5600000)
  from space 87040K, 0% used [0x00000000fab00000,0x00000000fab00000,0x0000000100000000)
  to   space 87040K, 0% used [0x00000000f5600000,0x00000000f5600000,0x00000000fab00000)
 ParOldGen       total 1398272K, used 23737K [0x0000000080000000, 0x00000000d5580000, 0x00000000d5580000)
  object space 1398272K, 1% used [0x0000000080000000,0x000000008172e4e8,0x00000000d5580000)
 Metaspace       used 34730K, capacity 35092K, committed 35416K, reserved 1081344K
  class space    used 3954K, capacity 4060K, committed 4096K, reserved 1048576K
}
Event: 12.953 GC heap before
{Heap before GC invocations=5 (full 2):
 PSYoungGen      total 611840K, used 524800K [0x00000000d5580000, 0x0000000100000000, 0x0000000100000000)
  eden space 524800K, 100% used [0x00000000d5580000,0x00000000f5600000,0x00000000f5600000)
  from space 87040K, 0% used [0x00000000fab00000,0x00000000fab00000,0x0000000100000000)
  to   space 87040K, 0% used [0x00000000f5600000,0x00000000f5600000,0x00000000fab00000)
 ParOldGen       total 1398272K, used 23737K [0x0000000080000000, 0x00000000d5580000, 0x00000000d5580000)
  object space 1398272K, 1% used [0x0000000080000000,0x000000008172e4e8,0x00000000d5580000)
 Metaspace       used 52592K, capacity 53992K, committed 54144K, reserved 1097728K
  class space    used 6180K, capacity 6448K, committed 6528K, reserved 1048576K
Event: 12.991 GC heap after
Heap after GC invocations=5 (full 2):
 PSYoungGen      total 611840K, used 25165K [0x00000000d5580000, 0x0000000100000000, 0x0000000100000000)
  eden space 524800K, 0% used [0x00000000d5580000,0x00000000d5580000,0x00000000f5600000)
  from space 87040K, 28% used [0x00000000f5600000,0x00000000f6e936d0,0x00000000fab00000)
  to   space 87040K, 0% used [0x00000000fab00000,0x00000000fab00000,0x0000000100000000)
 ParOldGen       total 1398272K, used 23745K [0x0000000080000000, 0x00000000d5580000, 0x00000000d5580000)
  object space 1398272K, 1% used [0x0000000080000000,0x00000000817304e8,0x00000000d5580000)
 Metaspace       used 52592K, capacity 53992K, committed 54144K, reserved 1097728K
  class space    used 6180K, capacity 6448K, committed 6528K, reserved 1048576K
}
Event: 13.553 GC heap before
{Heap before GC invocations=6 (full 2):
 PSYoungGen      total 611840K, used 177790K [0x00000000d5580000, 0x0000000100000000, 0x0000000100000000)
  eden space 524800K, 29% used [0x00000000d5580000,0x00000000dea8c240,0x00000000f5600000)
  from space 87040K, 28% used [0x00000000f5600000,0x00000000f6e936d0,0x00000000fab00000)
  to   space 87040K, 0% used [0x00000000fab00000,0x00000000fab00000,0x0000000100000000)
 ParOldGen       total 1398272K, used 23745K [0x0000000080000000, 0x00000000d5580000, 0x00000000d5580000)
  object space 1398272K, 1% used [0x0000000080000000,0x00000000817304e8,0x00000000d5580000)
 Metaspace       used 57371K, capacity 58814K, committed 59008K, reserved 1101824K
  class space    used 6640K, capacity 6939K, committed 7040K, reserved 1048576K
Event: 13.581 GC heap after
Heap after GC invocations=6 (full 2):
 PSYoungGen      total 611840K, used 16924K [0x00000000d5580000, 0x0000000100000000, 0x0000000100000000)
  eden space 524800K, 0% used [0x00000000d5580000,0x00000000d5580000,0x00000000f5600000)
  from space 87040K, 19% used [0x00000000fab00000,0x00000000fbb87128,0x0000000100000000)
  to   space 87040K, 0% used [0x00000000f5600000,0x00000000f5600000,0x00000000fab00000)
 ParOldGen       total 1398272K, used 23753K [0x0000000080000000, 0x00000000d5580000, 0x00000000d5580000)
  object space 1398272K, 1% used [0x0000000080000000,0x00000000817324e8,0x00000000d5580000)
 Metaspace       used 57371K, capacity 58814K, committed 59008K, reserved 1101824K
  class space    used 6640K, capacity 6939K, committed 7040K, reserved 1048576K
}
Event: 13.581 GC heap before
{Heap before GC invocations=7 (full 3):
 PSYoungGen      total 611840K, used 16924K [0x00000000d5580000, 0x0000000100000000, 0x0000000100000000)
  eden space 524800K, 0% used [0x00000000d5580000,0x00000000d5580000,0x00000000f5600000)
  from space 87040K, 19% used [0x00000000fab00000,0x00000000fbb87128,0x0000000100000000)
  to   space 87040K, 0% used [0x00000000f5600000,0x00000000f5600000,0x00000000fab00000)
 ParOldGen       total 1398272K, used 23753K [0x0000000080000000, 0x00000000d5580000, 0x00000000d5580000)
  object space 1398272K, 1% used [0x0000000080000000,0x00000000817324e8,0x00000000d5580000)
 Metaspace       used 57371K, capacity 58814K, committed 59008K, reserved 1101824K
  class space    used 6640K, capacity 6939K, committed 7040K, reserved 1048576K
Event: 13.818 GC heap after
Heap after GC invocations=7 (full 3):
 PSYoungGen      total 611840K, used 0K [0x00000000d5580000, 0x0000000100000000, 0x0000000100000000)
  eden space 524800K, 0% used [0x00000000d5580000,0x00000000d5580000,0x00000000f5600000)
  from space 87040K, 0% used [0x00000000fab00000,0x00000000fab00000,0x0000000100000000)
  to   space 87040K, 0% used [0x00000000f5600000,0x00000000f5600000,0x00000000fab00000)
 ParOldGen       total 1398272K, used 28906K [0x0000000080000000, 0x00000000d5580000, 0x00000000d5580000)
  object space 1398272K, 2% used [0x0000000080000000,0x0000000081c3a830,0x00000000d5580000)
 Metaspace       used 57327K, capacity 58706K, committed 59008K, reserved 1101824K
  class space    used 6625K, capacity 6913K, committed 7040K, reserved 1048576K
}

