# JRE version: OpenJDK Runtime Environment (8.0_212-b04) (build 1.8.0_212-b04)
# Java VM: OpenJDK 64-Bit Server VM (25.212-b04 mixed mode linux-amd64 compressed oops)
Heap:
 PSYoungGen      total 611840K, used 365086K [0x00000000d5580000, 0x0000000100000000, 0x0000000100000000)
  eden space 524800K, 69% used [0x00000000d5580000,0x00000000eba07ae0,0x00000000f5600000)
  from space 87040K, 0% used [0x00000000fab00000,0x00000000fab00000,0x0000000100000000)
  to   space 87040K, 0% used [0x00000000f5600000,0x00000000f5600000,0x00000000fab00000)
 ParOldGen       total 1398272K, used 29115K [0x0000000080000000, 0x00000000d5580000, 0x00000000d5580000)
  object space 1398272K, 2% used [0x0000000080000000,0x0000000081c6ed10,0x00000000d5580000)
 Metaspace       used 67935K, capacity 70444K, committed 70528K, reserved 1112064K
  class space    used 7816K, capacity 8256K, committed 8320K, reserved 1048576K
GC Heap History (10 events):
Event: 4.399 GC heap before
{Heap before GC invocations=3 (full 1):
 PSYoungGen      total 611840K, used 467093K [0x00000000d5580000, 0x0000000100000000, 0x0000000100000000)
  eden space 524800K, 89% used [0x00000000d5580000,0x00000000f1da55c8,0x00000000f5600000)
  from space 87040K, 0% used [0x00000000f5600000,0x00000000f5600000,0x00000000fab00000)
  to   space 87040K, 0% used [0x00000000fab00000,0x00000000fab00000,0x0000000100000000)
 ParOldGen       total 934400K, used 14305K [0x0000000080000000, 0x00000000b9080000, 0x00000000d5580000)
  object space 934400K, 1% used [0x0000000080000000,0x0000000080df8500,0x00000000b9080000)
 Metaspace       used 34736K, capacity 35092K, committed 35416K, reserved 1081344K
  class space    used 3963K, capacity 4060K, committed 4096K, reserved 1048576K
Event: 4.428 GC heap after
Heap after GC invocations=3 (full 1):
 PSYoungGen      total 611840K, used 19050K [0x00000000d5580000, 0x0000000100000000, 0x0000000100000000)
  eden space 524800K, 0% used [0x00000000d5580000,0x00000000d5580000,0x00000000f5600000)
  from space 87040K, 21% used [0x00000000fab00000,0x00000000fbd9a828,0x0000000100000000)
  to   space 87040K, 0% used [0x00000000f5600000,0x00000000f5600000,0x00000000fab00000)
 ParOldGen       total 934400K, used 14305K [0x0000000080000000, 0x00000000b9080000, 0x00000000d5580000)
  object space 934400K, 1% used [0x0000000080000000,0x0000000080df8500,0x00000000b9080000)
 Metaspace       used 34736K, capacity 35092K, committed 35416K, reserved 1081344K
  class space    used 3963K, capacity 4060K, committed 4096K, reserved 1048576K
}
Event: 4.428 GC heap before
{Heap before GC invocations=4 (full 2):
 PSYoungGen      total 611840K, used 19050K [0x00000000d5580000, 0x0000000100000000, 0x0000000100000000)
  eden space 524800K, 0% used [0x00000000d5580000,0x00000000d5580000,0x00000000f5600000)
  from space 87040K, 21% used [0x00000000fab00000,0x00000000fbd9a828,0x0000000100000000)
  to   space 87040K, 0% used [0x00000000f5600000,0x00000000f5600000,0x00000000fab00000)
 ParOldGen       total 934400K, used 14305K [0x0000000080000000, 0x00000000b9080000, 0x00000000d5580000)
  object space 934400K, 1% used [0x0000000080000000,0x0000000080df8500,0x00000000b9080000)
 Metaspace       used 34736K, capacity 35092K, committed 35416K, reserved 1081344K
  class space    used 3963K, capacity 4060K, committed 4096K, reserved 1048576K
Event: 4.508 GC heap after
Heap after GC invocations=4 (full 2):
 PSYoungGen      total 611840K, used 0K [0x00000000d5580000, 0x0000000100000000, 0x0000000100000000)
  eden space 524800K, 0% used [0x00000000d5580000,0x00000000d5580000,0x00000000f5600000)
  from space 87040K, 0% used [0x00000000fab00000,0x00000000fab00000,0x0000000100000000)
  to   space 87040K, 0% used [0x00000000f5600000,0x00000000f5600000,0x00000000fab00000)
 ParOldGen       total 1398272K, used 23552K [0x0000000080000000, 0x00000000d5580000, 0x00000000d5580000)
  object space 1398272K, 1% used [0x0000000080000000,0x0000000081700048,0x00000000d5580000)
 Metaspace       used 34736K, capacity 35092K, committed 35416K, reserved 1081344K
  class space    used 3963K, capacity 4060K, committed 4096K, reserved 1048576K
}
Event: 10.787 GC heap before
{Heap before GC invocations=5 (full 2):
 PSYoungGen      total 611840K, used 524800K [0x00000000d5580000, 0x0000000100000000, 0x0000000100000000)
  eden space 524800K, 100% used [0x00000000d5580000,0x00000000f5600000,0x00000000f5600000)
  from space 87040K, 0% used [0x00000000fab00000,0x00000000fab00000,0x0000000100000000)
  to   space 87040K, 0% used [0x00000000f5600000,0x00000000f5600000,0x00000000fab00000)
 ParOldGen       total 1398272K, used 23552K [0x0000000080000000, 0x00000000d5580000, 0x00000000d5580000)
  object space 1398272K, 1% used [0x0000000080000000,0x0000000081700048,0x00000000d5580000)
 Metaspace       used 52061K, capacity 53336K, committed 53504K, reserved 1095680K
  class space    used 6119K, capacity 6356K, committed 6400K, reserved 1048576K
Event: 10.849 GC heap after
Heap after GC invocations=5 (full 2):
 PSYoungGen      total 611840K, used 25863K [0x00000000d5580000, 0x0000000100000000, 0x0000000100000000)
  eden space 524800K, 0% used [0x00000000d5580000,0x00000000d5580000,0x00000000f5600000)
  from space 87040K, 29% used [0x00000000f5600000,0x00000000f6f41eb0,0x00000000fab00000)
  to   space 87040K, 0% used [0x00000000fab00000,0x00000000fab00000,0x0000000100000000)
 ParOldGen       total 1398272K, used 23560K [0x0000000080000000, 0x00000000d5580000, 0x00000000d5580000)
  object space 1398272K, 1% used [0x0000000080000000,0x0000000081702048,0x00000000d5580000)
 Metaspace       used 52061K, capacity 53336K, committed 53504K, reserved 1095680K
  class space    used 6119K, capacity 6356K, committed 6400K, reserved 1048576K
}
Event: 11.513 GC heap before
{Heap before GC invocations=6 (full 2):
 PSYoungGen      total 611840K, used 140446K [0x00000000d5580000, 0x0000000100000000, 0x0000000100000000)
  eden space 524800K, 21% used [0x00000000d5580000,0x00000000dc565968,0x00000000f5600000)
  from space 87040K, 29% used [0x00000000f5600000,0x00000000f6f41eb0,0x00000000fab00000)
  to   space 87040K, 0% used [0x00000000fab00000,0x00000000fab00000,0x0000000100000000)
 ParOldGen       total 1398272K, used 23560K [0x0000000080000000, 0x00000000d5580000, 0x00000000d5580000)
  object space 1398272K, 1% used [0x0000000080000000,0x0000000081702048,0x00000000d5580000)
 Metaspace       used 57309K, capacity 58670K, committed 59008K, reserved 1101824K
  class space    used 6637K, capacity 6913K, committed 7040K, reserved 1048576K
Event: 11.537 GC heap after
Heap after GC invocations=6 (full 2):
 PSYoungGen      total 611840K, used 17491K [0x00000000d5580000, 0x0000000100000000, 0x0000000100000000)
  eden space 524800K, 0% used [0x00000000d5580000,0x00000000d5580000,0x00000000f5600000)
  from space 87040K, 20% used [0x00000000fab00000,0x00000000fbc14cc0,0x0000000100000000)
  to   space 87040K, 0% used [0x00000000f5600000,0x00000000f5600000,0x00000000fab00000)
 ParOldGen       total 1398272K, used 23568K [0x0000000080000000, 0x00000000d5580000, 0x00000000d5580000)
  object space 1398272K, 1% used [0x0000000080000000,0x0000000081704048,0x00000000d5580000)
 Metaspace       used 57309K, capacity 58670K, committed 59008K, reserved 1101824K
  class space    used 6637K, capacity 6913K, committed 7040K, reserved 1048576K
}
Event: 11.537 GC heap before
{Heap before GC invocations=7 (full 3):
 PSYoungGen      total 611840K, used 17491K [0x00000000d5580000, 0x0000000100000000, 0x0000000100000000)
  eden space 524800K, 0% used [0x00000000d5580000,0x00000000d5580000,0x00000000f5600000)
  from space 87040K, 20% used [0x00000000fab00000,0x00000000fbc14cc0,0x0000000100000000)
  to   space 87040K, 0% used [0x00000000f5600000,0x00000000f5600000,0x00000000fab00000)
 ParOldGen       total 1398272K, used 23568K [0x0000000080000000, 0x00000000d5580000, 0x00000000d5580000)
  object space 1398272K, 1% used [0x0000000080000000,0x0000000081704048,0x00000000d5580000)
 Metaspace       used 57309K, capacity 58670K, committed 59008K, reserved 1101824K
  class space    used 6637K, capacity 6913K, committed 7040K, reserved 1048576K
Event: 11.783 GC heap after
Heap after GC invocations=7 (full 3):
 PSYoungGen      total 611840K, used 0K [0x00000000d5580000, 0x0000000100000000, 0x0000000100000000)
  eden space 524800K, 0% used [0x00000000d5580000,0x00000000d5580000,0x00000000f5600000)
  from space 87040K, 0% used [0x00000000fab00000,0x00000000fab00000,0x0000000100000000)
  to   space 87040K, 0% used [0x00000000f5600000,0x00000000f5600000,0x00000000fab00000)
 ParOldGen       total 1398272K, used 29115K [0x0000000080000000, 0x00000000d5580000, 0x00000000d5580000)
  object space 1398272K, 2% used [0x0000000080000000,0x0000000081c6ed10,0x00000000d5580000)
 Metaspace       used 57279K, capacity 58598K, committed 59008K, reserved 1101824K
  class space    used 6626K, capacity 6895K, committed 7040K, reserved 1048576K
}

