# JRE version: OpenJDK Runtime Environment (8.0_212-b04) (build 1.8.0_212-b04)
# Java VM: OpenJDK 64-Bit Server VM (25.212-b04 mixed mode linux-amd64 compressed oops)
Heap:
 PSYoungGen      total 604672K, used 406298K [0x00000000d5580000, 0x0000000100000000, 0x0000000100000000)
  eden space 517632K, 61% used [0x00000000d5580000,0x00000000e8d49950,0x00000000f4f00000)
  from space 87040K, 99% used [0x00000000f5600000,0x00000000faafd1e8,0x00000000fab00000)
  to   space 87040K, 0% used [0x00000000fab00000,0x00000000fab00000,0x0000000100000000)
 ParOldGen       total 1398272K, used 122881K [0x0000000080000000, 0x00000000d5580000, 0x00000000d5580000)
  object space 1398272K, 8% used [0x0000000080000000,0x00000000878006e8,0x00000000d5580000)
 Metaspace       used 70532K, capacity 73962K, committed 74240K, reserved 1116160K
  class space    used 7764K, capacity 8369K, committed 8448K, reserved 1048576K
GC Heap History (10 events):
Event: 4.809 GC heap before
{Heap before GC invocations=4 (full 2):
 PSYoungGen      total 611840K, used 19269K [0x00000000d5580000, 0x0000000100000000, 0x0000000100000000)
  eden space 524800K, 0% used [0x00000000d5580000,0x00000000d5580000,0x00000000f5600000)
  from space 87040K, 22% used [0x00000000fab00000,0x00000000fbdd14d8,0x0000000100000000)
  to   space 87040K, 0% used [0x00000000f5600000,0x00000000f5600000,0x00000000fab00000)
 ParOldGen       total 899072K, used 13735K [0x0000000080000000, 0x00000000b6e00000, 0x00000000d5580000)
  object space 899072K, 1% used [0x0000000080000000,0x0000000080d69fd0,0x00000000b6e00000)
 Metaspace       used 34778K, capacity 35124K, committed 35416K, reserved 1081344K
  class space    used 3976K, capacity 4092K, committed 4096K, reserved 1048576K
Event: 4.891 GC heap after
Heap after GC invocations=4 (full 2):
 PSYoungGen      total 611840K, used 0K [0x00000000d5580000, 0x0000000100000000, 0x0000000100000000)
  eden space 524800K, 0% used [0x00000000d5580000,0x00000000d5580000,0x00000000f5600000)
  from space 87040K, 0% used [0x00000000fab00000,0x00000000fab00000,0x0000000100000000)
  to   space 87040K, 0% used [0x00000000f5600000,0x00000000f5600000,0x00000000fab00000)
 ParOldGen       total 1398272K, used 23633K [0x0000000080000000, 0x00000000d5580000, 0x00000000d5580000)
  object space 1398272K, 1% used [0x0000000080000000,0x0000000081714690,0x00000000d5580000)
 Metaspace       used 34778K, capacity 35124K, committed 35416K, reserved 1081344K
  class space    used 3976K, capacity 4092K, committed 4096K, reserved 1048576K
}
Event: 11.910 GC heap before
{Heap before GC invocations=5 (full 2):
 PSYoungGen      total 611840K, used 489632K [0x00000000d5580000, 0x0000000100000000, 0x0000000100000000)
  eden space 524800K, 93% used [0x00000000d5580000,0x00000000f33a83b0,0x00000000f5600000)
  from space 87040K, 0% used [0x00000000fab00000,0x00000000fab00000,0x0000000100000000)
  to   space 87040K, 0% used [0x00000000f5600000,0x00000000f5600000,0x00000000fab00000)
 ParOldGen       total 1398272K, used 23633K [0x0000000080000000, 0x00000000d5580000, 0x00000000d5580000)
  object space 1398272K, 1% used [0x0000000080000000,0x0000000081714690,0x00000000d5580000)
 Metaspace       used 57397K, capacity 58806K, committed 59008K, reserved 1101824K
  class space    used 6638K, capacity 6935K, committed 7040K, reserved 1048576K
Event: 11.977 GC heap after
Heap after GC invocations=5 (full 2):
 PSYoungGen      total 611840K, used 33812K [0x00000000d5580000, 0x0000000100000000, 0x0000000100000000)
  eden space 524800K, 0% used [0x00000000d5580000,0x00000000d5580000,0x00000000f5600000)
  from space 87040K, 38% used [0x00000000f5600000,0x00000000f77053c0,0x00000000fab00000)
  to   space 87040K, 0% used [0x00000000fab00000,0x00000000fab00000,0x0000000100000000)
 ParOldGen       total 1398272K, used 23641K [0x0000000080000000, 0x00000000d5580000, 0x00000000d5580000)
  object space 1398272K, 1% used [0x0000000080000000,0x0000000081716690,0x00000000d5580000)
 Metaspace       used 57397K, capacity 58806K, committed 59008K, reserved 1101824K
  class space    used 6638K, capacity 6935K, committed 7040K, reserved 1048576K
}
Event: 11.977 GC heap before
{Heap before GC invocations=6 (full 3):
 PSYoungGen      total 611840K, used 33812K [0x00000000d5580000, 0x0000000100000000, 0x0000000100000000)
  eden space 524800K, 0% used [0x00000000d5580000,0x00000000d5580000,0x00000000f5600000)
  from space 87040K, 38% used [0x00000000f5600000,0x00000000f77053c0,0x00000000fab00000)
  to   space 87040K, 0% used [0x00000000fab00000,0x00000000fab00000,0x0000000100000000)
 ParOldGen       total 1398272K, used 23641K [0x0000000080000000, 0x00000000d5580000, 0x00000000d5580000)
  object space 1398272K, 1% used [0x0000000080000000,0x0000000081716690,0x00000000d5580000)
 Metaspace       used 57397K, capacity 58806K, committed 59008K, reserved 1101824K
  class space    used 6638K, capacity 6935K, committed 7040K, reserved 1048576K
Event: 12.211 GC heap after
Heap after GC invocations=6 (full 3):
 PSYoungGen      total 611840K, used 0K [0x00000000d5580000, 0x0000000100000000, 0x0000000100000000)
  eden space 524800K, 0% used [0x00000000d5580000,0x00000000d5580000,0x00000000f5600000)
  from space 87040K, 0% used [0x00000000f5600000,0x00000000f5600000,0x00000000fab00000)
  to   space 87040K, 0% used [0x00000000fab00000,0x00000000fab00000,0x0000000100000000)
 ParOldGen       total 1398272K, used 44436K [0x0000000080000000, 0x00000000d5580000, 0x00000000d5580000)
  object space 1398272K, 3% used [0x0000000080000000,0x0000000082b65330,0x00000000d5580000)
 Metaspace       used 57367K, capacity 58738K, committed 59008K, reserved 1101824K
  class space    used 6628K, capacity 6917K, committed 7040K, reserved 1048576K
}
Event: 86.883 GC heap before
{Heap before GC invocations=7 (full 3):
 PSYoungGen      total 611840K, used 524800K [0x00000000d5580000, 0x0000000100000000, 0x0000000100000000)
  eden space 524800K, 100% used [0x00000000d5580000,0x00000000f5600000,0x00000000f5600000)
  from space 87040K, 0% used [0x00000000f5600000,0x00000000f5600000,0x00000000fab00000)
  to   space 87040K, 0% used [0x00000000fab00000,0x00000000fab00000,0x0000000100000000)
 ParOldGen       total 1398272K, used 44436K [0x0000000080000000, 0x00000000d5580000, 0x00000000d5580000)
  object space 1398272K, 3% used [0x0000000080000000,0x0000000082b65330,0x00000000d5580000)
 Metaspace       used 66832K, capacity 69690K, committed 69888K, reserved 1112064K
  class space    used 7585K, capacity 8083K, committed 8192K, reserved 1048576K
Event: 87.003 GC heap after
Heap after GC invocations=7 (full 3):
 PSYoungGen      total 611840K, used 56408K [0x00000000d5580000, 0x0000000100000000, 0x0000000100000000)
  eden space 524800K, 0% used [0x00000000d5580000,0x00000000d5580000,0x00000000f5600000)
  from space 87040K, 64% used [0x00000000fab00000,0x00000000fe216288,0x0000000100000000)
  to   space 87040K, 0% used [0x00000000f5600000,0x00000000f5600000,0x00000000fab00000)
 ParOldGen       total 1398272K, used 44444K [0x0000000080000000, 0x00000000d5580000, 0x00000000d5580000)
  object space 1398272K, 3% used [0x0000000080000000,0x0000000082b67330,0x00000000d5580000)
 Metaspace       used 66832K, capacity 69690K, committed 69888K, reserved 1112064K
  class space    used 7585K, capacity 8083K, committed 8192K, reserved 1048576K
}
Event: 503.150 GC heap before
{Heap before GC invocations=8 (full 3):
 PSYoungGen      total 611840K, used 581208K [0x00000000d5580000, 0x0000000100000000, 0x0000000100000000)
  eden space 524800K, 100% used [0x00000000d5580000,0x00000000f5600000,0x00000000f5600000)
  from space 87040K, 64% used [0x00000000fab00000,0x00000000fe216288,0x0000000100000000)
  to   space 87040K, 0% used [0x00000000f5600000,0x00000000f5600000,0x00000000fab00000)
 ParOldGen       total 1398272K, used 44444K [0x0000000080000000, 0x00000000d5580000, 0x00000000d5580000)
  object space 1398272K, 3% used [0x0000000080000000,0x0000000082b67330,0x00000000d5580000)
 Metaspace       used 69584K, capacity 72828K, committed 73088K, reserved 1114112K
  class space    used 7723K, capacity 8310K, committed 8320K, reserved 1048576K
Event: 503.467 GC heap after
Heap after GC invocations=8 (full 3):
 PSYoungGen      total 604672K, used 87028K [0x00000000d5580000, 0x0000000100000000, 0x0000000100000000)
  eden space 517632K, 0% used [0x00000000d5580000,0x00000000d5580000,0x00000000f4f00000)
  from space 87040K, 99% used [0x00000000f5600000,0x00000000faafd1e8,0x00000000fab00000)
  to   space 87040K, 0% used [0x00000000fab00000,0x00000000fab00000,0x0000000100000000)
 ParOldGen       total 1398272K, used 122881K [0x0000000080000000, 0x00000000d5580000, 0x00000000d5580000)
  object space 1398272K, 8% used [0x0000000080000000,0x00000000878006e8,0x00000000d5580000)
 Metaspace       used 69584K, capacity 72828K, committed 73088K, reserved 1114112K
  class space    used 7723K, capacity 8310K, committed 8320K, reserved 1048576K
}

