# JRE version: OpenJDK Runtime Environment (8.0_212-b04) (build 1.8.0_212-b04)
# Java VM: OpenJDK 64-Bit Server VM (25.212-b04 mixed mode linux-amd64 compressed oops)
Heap:
 PSYoungGen      total 611840K, used 286397K [0x00000000d5580000, 0x0000000100000000, 0x0000000100000000)
  eden space 524800K, 45% used [0x00000000d5580000,0x00000000e3e02890,0x00000000f5600000)
  from space 87040K, 55% used [0x00000000fab00000,0x00000000fda2ccc0,0x0000000100000000)
  to   space 87040K, 0% used [0x00000000f5600000,0x00000000f5600000,0x00000000fab00000)
 ParOldGen       total 1391616K, used 40678K [0x0000000080000000, 0x00000000d4f00000, 0x00000000d5580000)
  object space 1391616K, 2% used [0x0000000080000000,0x00000000827b9870,0x00000000d4f00000)
 Metaspace       used 70850K, capacity 74446K, committed 74624K, reserved 1116160K
  class space    used 7839K, capacity 8469K, committed 8576K, reserved 1048576K
GC Heap History (10 events):
Event: 14.252 GC heap before
{Heap before GC invocations=3 (full 1):
 PSYoungGen      total 611840K, used 425350K [0x00000000d5580000, 0x0000000100000000, 0x0000000100000000)
  eden space 524800K, 81% used [0x00000000d5580000,0x00000000ef4e19a8,0x00000000f5600000)
  from space 87040K, 0% used [0x00000000f5600000,0x00000000f5600000,0x00000000fab00000)
  to   space 87040K, 0% used [0x00000000fab00000,0x00000000fab00000,0x0000000100000000)
 ParOldGen       total 538624K, used 13742K [0x0000000080000000, 0x00000000a0e00000, 0x00000000d5580000)
  object space 538624K, 2% used [0x0000000080000000,0x0000000080d6b898,0x00000000a0e00000)
 Metaspace       used 34700K, capacity 35120K, committed 35416K, reserved 1081344K
  class space    used 3955K, capacity 4084K, committed 4096K, reserved 1048576K
Event: 14.277 GC heap after
Heap after GC invocations=3 (full 1):
 PSYoungGen      total 611840K, used 18561K [0x00000000d5580000, 0x0000000100000000, 0x0000000100000000)
  eden space 524800K, 0% used [0x00000000d5580000,0x00000000d5580000,0x00000000f5600000)
  from space 87040K, 21% used [0x00000000fab00000,0x00000000fbd20440,0x0000000100000000)
  to   space 87040K, 0% used [0x00000000f5600000,0x00000000f5600000,0x00000000fab00000)
 ParOldGen       total 538624K, used 13750K [0x0000000080000000, 0x00000000a0e00000, 0x00000000d5580000)
  object space 538624K, 2% used [0x0000000080000000,0x0000000080d6d898,0x00000000a0e00000)
 Metaspace       used 34700K, capacity 35120K, committed 35416K, reserved 1081344K
  class space    used 3955K, capacity 4084K, committed 4096K, reserved 1048576K
}
Event: 14.277 GC heap before
{Heap before GC invocations=4 (full 2):
 PSYoungGen      total 611840K, used 18561K [0x00000000d5580000, 0x0000000100000000, 0x0000000100000000)
  eden space 524800K, 0% used [0x00000000d5580000,0x00000000d5580000,0x00000000f5600000)
  from space 87040K, 21% used [0x00000000fab00000,0x00000000fbd20440,0x0000000100000000)
  to   space 87040K, 0% used [0x00000000f5600000,0x00000000f5600000,0x00000000fab00000)
 ParOldGen       total 538624K, used 13750K [0x0000000080000000, 0x00000000a0e00000, 0x00000000d5580000)
  object space 538624K, 2% used [0x0000000080000000,0x0000000080d6d898,0x00000000a0e00000)
 Metaspace       used 34700K, capacity 35120K, committed 35416K, reserved 1081344K
  class space    used 3955K, capacity 4084K, committed 4096K, reserved 1048576K
Event: 14.351 GC heap after
Heap after GC invocations=4 (full 2):
 PSYoungGen      total 611840K, used 0K [0x00000000d5580000, 0x0000000100000000, 0x0000000100000000)
  eden space 524800K, 0% used [0x00000000d5580000,0x00000000d5580000,0x00000000f5600000)
  from space 87040K, 0% used [0x00000000fab00000,0x00000000fab00000,0x0000000100000000)
  to   space 87040K, 0% used [0x00000000f5600000,0x00000000f5600000,0x00000000fab00000)
 ParOldGen       total 938496K, used 22856K [0x0000000080000000, 0x00000000b9480000, 0x00000000d5580000)
  object space 938496K, 2% used [0x0000000080000000,0x00000000816520b8,0x00000000b9480000)
 Metaspace       used 34700K, capacity 35120K, committed 35416K, reserved 1081344K
  class space    used 3955K, capacity 4084K, committed 4096K, reserved 1048576K
}
Event: 21.247 GC heap before
{Heap before GC invocations=5 (full 2):
 PSYoungGen      total 611840K, used 397691K [0x00000000d5580000, 0x0000000100000000, 0x0000000100000000)
  eden space 524800K, 75% used [0x00000000d5580000,0x00000000ed9dece8,0x00000000f5600000)
  from space 87040K, 0% used [0x00000000fab00000,0x00000000fab00000,0x0000000100000000)
  to   space 87040K, 0% used [0x00000000f5600000,0x00000000f5600000,0x00000000fab00000)
 ParOldGen       total 938496K, used 22856K [0x0000000080000000, 0x00000000b9480000, 0x00000000d5580000)
  object space 938496K, 2% used [0x0000000080000000,0x00000000816520b8,0x00000000b9480000)
 Metaspace       used 57405K, capacity 58852K, committed 59008K, reserved 1101824K
  class space    used 6664K, capacity 6932K, committed 7040K, reserved 1048576K
Event: 21.280 GC heap after
Heap after GC invocations=5 (full 2):
 PSYoungGen      total 611840K, used 30622K [0x00000000d5580000, 0x0000000100000000, 0x0000000100000000)
  eden space 524800K, 0% used [0x00000000d5580000,0x00000000d5580000,0x00000000f5600000)
  from space 87040K, 35% used [0x00000000f5600000,0x00000000f73e7820,0x00000000fab00000)
  to   space 87040K, 0% used [0x00000000fab00000,0x00000000fab00000,0x0000000100000000)
 ParOldGen       total 938496K, used 22864K [0x0000000080000000, 0x00000000b9480000, 0x00000000d5580000)
  object space 938496K, 2% used [0x0000000080000000,0x00000000816540b8,0x00000000b9480000)
 Metaspace       used 57405K, capacity 58852K, committed 59008K, reserved 1101824K
  class space    used 6664K, capacity 6932K, committed 7040K, reserved 1048576K
}
Event: 21.280 GC heap before
{Heap before GC invocations=6 (full 3):
 PSYoungGen      total 611840K, used 30622K [0x00000000d5580000, 0x0000000100000000, 0x0000000100000000)
  eden space 524800K, 0% used [0x00000000d5580000,0x00000000d5580000,0x00000000f5600000)
  from space 87040K, 35% used [0x00000000f5600000,0x00000000f73e7820,0x00000000fab00000)
  to   space 87040K, 0% used [0x00000000fab00000,0x00000000fab00000,0x0000000100000000)
 ParOldGen       total 938496K, used 22864K [0x0000000080000000, 0x00000000b9480000, 0x00000000d5580000)
  object space 938496K, 2% used [0x0000000080000000,0x00000000816540b8,0x00000000b9480000)
 Metaspace       used 57405K, capacity 58852K, committed 59008K, reserved 1101824K
  class space    used 6664K, capacity 6932K, committed 7040K, reserved 1048576K
Event: 21.484 GC heap after
Heap after GC invocations=6 (full 3):
 PSYoungGen      total 611840K, used 0K [0x00000000d5580000, 0x0000000100000000, 0x0000000100000000)
  eden space 524800K, 0% used [0x00000000d5580000,0x00000000d5580000,0x00000000f5600000)
  from space 87040K, 0% used [0x00000000f5600000,0x00000000f5600000,0x00000000fab00000)
  to   space 87040K, 0% used [0x00000000fab00000,0x00000000fab00000,0x0000000100000000)
 ParOldGen       total 1391616K, used 40670K [0x0000000080000000, 0x00000000d4f00000, 0x00000000d5580000)
  object space 1391616K, 2% used [0x0000000080000000,0x00000000827b7870,0x00000000d4f00000)
 Metaspace       used 57405K, capacity 58852K, committed 59008K, reserved 1101824K
  class space    used 6664K, capacity 6932K, committed 7040K, reserved 1048576K
}
Event: 42.930 GC heap before
{Heap before GC invocations=7 (full 3):
 PSYoungGen      total 611840K, used 524800K [0x00000000d5580000, 0x0000000100000000, 0x0000000100000000)
  eden space 524800K, 100% used [0x00000000d5580000,0x00000000f5600000,0x00000000f5600000)
  from space 87040K, 0% used [0x00000000f5600000,0x00000000f5600000,0x00000000fab00000)
  to   space 87040K, 0% used [0x00000000fab00000,0x00000000fab00000,0x0000000100000000)
 ParOldGen       total 1391616K, used 40670K [0x0000000080000000, 0x00000000d4f00000, 0x00000000d5580000)
  object space 1391616K, 2% used [0x0000000080000000,0x00000000827b7870,0x00000000d4f00000)
 Metaspace       used 68360K, capacity 71634K, committed 71808K, reserved 1112064K
  class space    used 7737K, capacity 8277K, committed 8320K, reserved 1048576K
Event: 43.010 GC heap after
Heap after GC invocations=7 (full 3):
 PSYoungGen      total 611840K, used 48307K [0x00000000d5580000, 0x0000000100000000, 0x0000000100000000)
  eden space 524800K, 0% used [0x00000000d5580000,0x00000000d5580000,0x00000000f5600000)
  from space 87040K, 55% used [0x00000000fab00000,0x00000000fda2ccc0,0x0000000100000000)
  to   space 87040K, 0% used [0x00000000f5600000,0x00000000f5600000,0x00000000fab00000)
 ParOldGen       total 1391616K, used 40678K [0x0000000080000000, 0x00000000d4f00000, 0x00000000d5580000)
  object space 1391616K, 2% used [0x0000000080000000,0x00000000827b9870,0x00000000d4f00000)
 Metaspace       used 68360K, capacity 71634K, committed 71808K, reserved 1112064K
  class space    used 7737K, capacity 8277K, committed 8320K, reserved 1048576K
}

