# JRE version: OpenJDK Runtime Environment (8.0_212-b04) (build 1.8.0_212-b04)
# Java VM: OpenJDK 64-Bit Server VM (25.212-b04 mixed mode linux-amd64 compressed oops)
Heap:
 PSYoungGen      total 611840K, used 119345K [0x00000000d5580000, 0x0000000100000000, 0x0000000100000000)
  eden space 524800K, 22% used [0x00000000d5580000,0x00000000dca0c630,0x00000000f5600000)
  from space 87040K, 0% used [0x00000000f5600000,0x00000000f5600000,0x00000000fab00000)
  to   space 87040K, 0% used [0x00000000fab00000,0x00000000fab00000,0x0000000100000000)
 ParOldGen       total 1398272K, used 37878K [0x0000000080000000, 0x00000000d5580000, 0x00000000d5580000)
  object space 1398272K, 2% used [0x0000000080000000,0x00000000824fdbf0,0x00000000d5580000)
 Metaspace       used 60666K, capacity 62282K, committed 62464K, reserved 1103872K
  class space    used 7022K, capacity 7357K, committed 7424K, reserved 1048576K
GC Heap History (10 events):
Event: 2.337 GC heap before
{Heap before GC invocations=2 (full 1):
 PSYoungGen      total 611840K, used 14257K [0x00000000d5580000, 0x0000000100000000, 0x0000000100000000)
  eden space 524800K, 0% used [0x00000000d5580000,0x00000000d5580000,0x00000000f5600000)
  from space 87040K, 16% used [0x00000000f5600000,0x00000000f63ec440,0x00000000fab00000)
  to   space 87040K, 0% used [0x00000000fab00000,0x00000000fab00000,0x0000000100000000)
 ParOldGen       total 1398272K, used 80K [0x0000000080000000, 0x00000000d5580000, 0x00000000d5580000)
  object space 1398272K, 0% used [0x0000000080000000,0x0000000080014010,0x00000000d5580000)
 Metaspace       used 20827K, capacity 21106K, committed 21248K, reserved 1069056K
  class space    used 2367K, capacity 2482K, committed 2560K, reserved 1048576K
Event: 2.408 GC heap after
Heap after GC invocations=2 (full 1):
 PSYoungGen      total 611840K, used 0K [0x00000000d5580000, 0x0000000100000000, 0x0000000100000000)
  eden space 524800K, 0% used [0x00000000d5580000,0x00000000d5580000,0x00000000f5600000)
  from space 87040K, 0% used [0x00000000f5600000,0x00000000f5600000,0x00000000fab00000)
  to   space 87040K, 0% used [0x00000000fab00000,0x00000000fab00000,0x0000000100000000)
 ParOldGen       total 849408K, used 13734K [0x0000000080000000, 0x00000000b3d80000, 0x00000000d5580000)
  object space 849408K, 1% used [0x0000000080000000,0x0000000080d69b18,0x00000000b3d80000)
 Metaspace       used 20827K, capacity 21106K, committed 21248K, reserved 1069056K
  class space    used 2367K, capacity 2482K, committed 2560K, reserved 1048576K
}
Event: 4.839 GC heap before
{Heap before GC invocations=3 (full 1):
 PSYoungGen      total 611840K, used 434547K [0x00000000d5580000, 0x0000000100000000, 0x0000000100000000)
  eden space 524800K, 82% used [0x00000000d5580000,0x00000000efddcfd0,0x00000000f5600000)
  from space 87040K, 0% used [0x00000000f5600000,0x00000000f5600000,0x00000000fab00000)
  to   space 87040K, 0% used [0x00000000fab00000,0x00000000fab00000,0x0000000100000000)
 ParOldGen       total 849408K, used 13734K [0x0000000080000000, 0x00000000b3d80000, 0x00000000d5580000)
  object space 849408K, 1% used [0x0000000080000000,0x0000000080d69b18,0x00000000b3d80000)
 Metaspace       used 34757K, capacity 35124K, committed 35416K, reserved 1081344K
  class space    used 3973K, capacity 4092K, committed 4096K, reserved 1048576K
Event: 4.879 GC heap after
Heap after GC invocations=3 (full 1):
 PSYoungGen      total 611840K, used 19221K [0x00000000d5580000, 0x0000000100000000, 0x0000000100000000)
  eden space 524800K, 0% used [0x00000000d5580000,0x00000000d5580000,0x00000000f5600000)
  from space 87040K, 22% used [0x00000000fab00000,0x00000000fbdc57d8,0x0000000100000000)
  to   space 87040K, 0% used [0x00000000f5600000,0x00000000f5600000,0x00000000fab00000)
 ParOldGen       total 849408K, used 13742K [0x0000000080000000, 0x00000000b3d80000, 0x00000000d5580000)
  object space 849408K, 1% used [0x0000000080000000,0x0000000080d6bb18,0x00000000b3d80000)
 Metaspace       used 34757K, capacity 35124K, committed 35416K, reserved 1081344K
  class space    used 3973K, capacity 4092K, committed 4096K, reserved 1048576K
}
Event: 4.879 GC heap before
{Heap before GC invocations=4 (full 2):
 PSYoungGen      total 611840K, used 19221K [0x00000000d5580000, 0x0000000100000000, 0x0000000100000000)
  eden space 524800K, 0% used [0x00000000d5580000,0x00000000d5580000,0x00000000f5600000)
  from space 87040K, 22% used [0x00000000fab00000,0x00000000fbdc57d8,0x0000000100000000)
  to   space 87040K, 0% used [0x00000000f5600000,0x00000000f5600000,0x00000000fab00000)
 ParOldGen       total 849408K, used 13742K [0x0000000080000000, 0x00000000b3d80000, 0x00000000d5580000)
  object space 849408K, 1% used [0x0000000080000000,0x0000000080d6bb18,0x00000000b3d80000)
 Metaspace       used 34757K, capacity 35124K, committed 35416K, reserved 1081344K
  class space    used 3973K, capacity 4092K, committed 4096K, reserved 1048576K
Event: 4.983 GC heap after
Heap after GC invocations=4 (full 2):
 PSYoungGen      total 611840K, used 0K [0x00000000d5580000, 0x0000000100000000, 0x0000000100000000)
  eden space 524800K, 0% used [0x00000000d5580000,0x00000000d5580000,0x00000000f5600000)
  from space 87040K, 0% used [0x00000000fab00000,0x00000000fab00000,0x0000000100000000)
  to   space 87040K, 0% used [0x00000000f5600000,0x00000000f5600000,0x00000000fab00000)
 ParOldGen       total 1398272K, used 23577K [0x0000000080000000, 0x00000000d5580000, 0x00000000d5580000)
  object space 1398272K, 1% used [0x0000000080000000,0x0000000081706670,0x00000000d5580000)
 Metaspace       used 34757K, capacity 35124K, committed 35416K, reserved 1081344K
  class space    used 3973K, capacity 4092K, committed 4096K, reserved 1048576K
}
Event: 11.468 GC heap before
{Heap before GC invocations=5 (full 2):
 PSYoungGen      total 611840K, used 330286K [0x00000000d5580000, 0x0000000100000000, 0x0000000100000000)
  eden space 524800K, 62% used [0x00000000d5580000,0x00000000e980b8d8,0x00000000f5600000)
  from space 87040K, 0% used [0x00000000fab00000,0x00000000fab00000,0x0000000100000000)
  to   space 87040K, 0% used [0x00000000f5600000,0x00000000f5600000,0x00000000fab00000)
 ParOldGen       total 1398272K, used 23577K [0x0000000080000000, 0x00000000d5580000, 0x00000000d5580000)
  object space 1398272K, 1% used [0x0000000080000000,0x0000000081706670,0x00000000d5580000)
 Metaspace       used 57516K, capacity 58870K, committed 59008K, reserved 1101824K
  class space    used 6690K, capacity 6967K, committed 7040K, reserved 1048576K
Event: 11.532 GC heap after
Heap after GC invocations=5 (full 2):
 PSYoungGen      total 611840K, used 27211K [0x00000000d5580000, 0x0000000100000000, 0x0000000100000000)
  eden space 524800K, 0% used [0x00000000d5580000,0x00000000d5580000,0x00000000f5600000)
  from space 87040K, 31% used [0x00000000f5600000,0x00000000f7092ca0,0x00000000fab00000)
  to   space 87040K, 0% used [0x00000000fab00000,0x00000000fab00000,0x0000000100000000)
 ParOldGen       total 1398272K, used 23585K [0x0000000080000000, 0x00000000d5580000, 0x00000000d5580000)
  object space 1398272K, 1% used [0x0000000080000000,0x0000000081708670,0x00000000d5580000)
 Metaspace       used 57516K, capacity 58870K, committed 59008K, reserved 1101824K
  class space    used 6690K, capacity 6967K, committed 7040K, reserved 1048576K
}
Event: 11.532 GC heap before
{Heap before GC invocations=6 (full 3):
 PSYoungGen      total 611840K, used 27211K [0x00000000d5580000, 0x0000000100000000, 0x0000000100000000)
  eden space 524800K, 0% used [0x00000000d5580000,0x00000000d5580000,0x00000000f5600000)
  from space 87040K, 31% used [0x00000000f5600000,0x00000000f7092ca0,0x00000000fab00000)
  to   space 87040K, 0% used [0x00000000fab00000,0x00000000fab00000,0x0000000100000000)
 ParOldGen       total 1398272K, used 23585K [0x0000000080000000, 0x00000000d5580000, 0x00000000d5580000)
  object space 1398272K, 1% used [0x0000000080000000,0x0000000081708670,0x00000000d5580000)
 Metaspace       used 57516K, capacity 58870K, committed 59008K, reserved 1101824K
  class space    used 6690K, capacity 6967K, committed 7040K, reserved 1048576K
Event: 11.756 GC heap after
Heap after GC invocations=6 (full 3):
 PSYoungGen      total 611840K, used 0K [0x00000000d5580000, 0x0000000100000000, 0x0000000100000000)
  eden space 524800K, 0% used [0x00000000d5580000,0x00000000d5580000,0x00000000f5600000)
  from space 87040K, 0% used [0x00000000f5600000,0x00000000f5600000,0x00000000fab00000)
  to   space 87040K, 0% used [0x00000000fab00000,0x00000000fab00000,0x0000000100000000)
 ParOldGen       total 1398272K, used 37878K [0x0000000080000000, 0x00000000d5580000, 0x00000000d5580000)
  object space 1398272K, 2% used [0x0000000080000000,0x00000000824fdbf0,0x00000000d5580000)
 Metaspace       used 57510K, capacity 58856K, committed 59008K, reserved 1101824K
  class space    used 6688K, capacity 6962K, committed 7040K, reserved 1048576K
}

