# JRE version: OpenJDK Runtime Environment (8.0_212-b04) (build 1.8.0_212-b04)
# Java VM: OpenJDK 64-Bit Server VM (25.212-b04 mixed mode linux-amd64 compressed oops)
Heap:
 PSYoungGen      total 611840K, used 485256K [0x00000000d5580000, 0x0000000100000000, 0x0000000100000000)
  eden space 524800K, 92% used [0x00000000d5580000,0x00000000f2f623a0,0x00000000f5600000)
  from space 87040K, 0% used [0x00000000fab00000,0x00000000fab00000,0x0000000100000000)
  to   space 87040K, 0% used [0x00000000f5600000,0x00000000f5600000,0x00000000fab00000)
 ParOldGen       total 1314304K, used 34200K [0x0000000080000000, 0x00000000d0380000, 0x00000000d5580000)
  object space 1314304K, 2% used [0x0000000080000000,0x00000000821662f8,0x00000000d0380000)
 Metaspace       used 65616K, capacity 68442K, committed 68736K, reserved 1110016K
  class space    used 7476K, capacity 7977K, committed 8064K, reserved 1048576K
GC Heap History (10 events):
Event: 16.036 GC heap before
{Heap before GC invocations=3 (full 1):
 PSYoungGen      total 611840K, used 434548K [0x00000000d5580000, 0x0000000100000000, 0x0000000100000000)
  eden space 524800K, 82% used [0x00000000d5580000,0x00000000efddd198,0x00000000f5600000)
  from space 87040K, 0% used [0x00000000f5600000,0x00000000f5600000,0x00000000fab00000)
  to   space 87040K, 0% used [0x00000000fab00000,0x00000000fab00000,0x0000000100000000)
 ParOldGen       total 538624K, used 13750K [0x0000000080000000, 0x00000000a0e00000, 0x00000000d5580000)
  object space 538624K, 2% used [0x0000000080000000,0x0000000080d6dac0,0x00000000a0e00000)
 Metaspace       used 34821K, capacity 35188K, committed 35416K, reserved 1081344K
  class space    used 3977K, capacity 4092K, committed 4096K, reserved 1048576K
Event: 16.063 GC heap after
Heap after GC invocations=3 (full 1):
 PSYoungGen      total 611840K, used 19266K [0x00000000d5580000, 0x0000000100000000, 0x0000000100000000)
  eden space 524800K, 0% used [0x00000000d5580000,0x00000000d5580000,0x00000000f5600000)
  from space 87040K, 22% used [0x00000000fab00000,0x00000000fbdd08a0,0x0000000100000000)
  to   space 87040K, 0% used [0x00000000f5600000,0x00000000f5600000,0x00000000fab00000)
 ParOldGen       total 538624K, used 13750K [0x0000000080000000, 0x00000000a0e00000, 0x00000000d5580000)
  object space 538624K, 2% used [0x0000000080000000,0x0000000080d6dac0,0x00000000a0e00000)
 Metaspace       used 34821K, capacity 35188K, committed 35416K, reserved 1081344K
  class space    used 3977K, capacity 4092K, committed 4096K, reserved 1048576K
}
Event: 16.063 GC heap before
{Heap before GC invocations=4 (full 2):
 PSYoungGen      total 611840K, used 19266K [0x00000000d5580000, 0x0000000100000000, 0x0000000100000000)
  eden space 524800K, 0% used [0x00000000d5580000,0x00000000d5580000,0x00000000f5600000)
  from space 87040K, 22% used [0x00000000fab00000,0x00000000fbdd08a0,0x0000000100000000)
  to   space 87040K, 0% used [0x00000000f5600000,0x00000000f5600000,0x00000000fab00000)
 ParOldGen       total 538624K, used 13750K [0x0000000080000000, 0x00000000a0e00000, 0x00000000d5580000)
  object space 538624K, 2% used [0x0000000080000000,0x0000000080d6dac0,0x00000000a0e00000)
 Metaspace       used 34821K, capacity 35188K, committed 35416K, reserved 1081344K
  class space    used 3977K, capacity 4092K, committed 4096K, reserved 1048576K
Event: 16.137 GC heap after
Heap after GC invocations=4 (full 2):
 PSYoungGen      total 611840K, used 0K [0x00000000d5580000, 0x0000000100000000, 0x0000000100000000)
  eden space 524800K, 0% used [0x00000000d5580000,0x00000000d5580000,0x00000000f5600000)
  from space 87040K, 0% used [0x00000000fab00000,0x00000000fab00000,0x0000000100000000)
  to   space 87040K, 0% used [0x00000000f5600000,0x00000000f5600000,0x00000000fab00000)
 ParOldGen       total 930816K, used 23622K [0x0000000080000000, 0x00000000b8d00000, 0x00000000d5580000)
  object space 930816K, 2% used [0x0000000080000000,0x0000000081711b90,0x00000000b8d00000)
 Metaspace       used 34821K, capacity 35188K, committed 35416K, reserved 1081344K
  class space    used 3977K, capacity 4092K, committed 4096K, reserved 1048576K
}
Event: 21.612 GC heap before
{Heap before GC invocations=5 (full 2):
 PSYoungGen      total 611840K, used 524800K [0x00000000d5580000, 0x0000000100000000, 0x0000000100000000)
  eden space 524800K, 100% used [0x00000000d5580000,0x00000000f5600000,0x00000000f5600000)
  from space 87040K, 0% used [0x00000000fab00000,0x00000000fab00000,0x0000000100000000)
  to   space 87040K, 0% used [0x00000000f5600000,0x00000000f5600000,0x00000000fab00000)
 ParOldGen       total 930816K, used 23622K [0x0000000080000000, 0x00000000b8d00000, 0x00000000d5580000)
  object space 930816K, 2% used [0x0000000080000000,0x0000000081711b90,0x00000000b8d00000)
 Metaspace       used 50834K, capacity 52146K, committed 52352K, reserved 1095680K
  class space    used 6004K, capacity 6259K, committed 6272K, reserved 1048576K
Event: 21.656 GC heap after
Heap after GC invocations=5 (full 2):
 PSYoungGen      total 611840K, used 23785K [0x00000000d5580000, 0x0000000100000000, 0x0000000100000000)
  eden space 524800K, 0% used [0x00000000d5580000,0x00000000d5580000,0x00000000f5600000)
  from space 87040K, 27% used [0x00000000f5600000,0x00000000f6d3a518,0x00000000fab00000)
  to   space 87040K, 0% used [0x00000000fab00000,0x00000000fab00000,0x0000000100000000)
 ParOldGen       total 930816K, used 23630K [0x0000000080000000, 0x00000000b8d00000, 0x00000000d5580000)
  object space 930816K, 2% used [0x0000000080000000,0x0000000081713b90,0x00000000b8d00000)
 Metaspace       used 50834K, capacity 52146K, committed 52352K, reserved 1095680K
  class space    used 6004K, capacity 6259K, committed 6272K, reserved 1048576K
}
Event: 23.261 GC heap before
{Heap before GC invocations=6 (full 2):
 PSYoungGen      total 611840K, used 170192K [0x00000000d5580000, 0x0000000100000000, 0x0000000100000000)
  eden space 524800K, 27% used [0x00000000d5580000,0x00000000de479d78,0x00000000f5600000)
  from space 87040K, 27% used [0x00000000f5600000,0x00000000f6d3a518,0x00000000fab00000)
  to   space 87040K, 0% used [0x00000000fab00000,0x00000000fab00000,0x0000000100000000)
 ParOldGen       total 930816K, used 23630K [0x0000000080000000, 0x00000000b8d00000, 0x00000000d5580000)
  object space 930816K, 2% used [0x0000000080000000,0x0000000081713b90,0x00000000b8d00000)
 Metaspace       used 57324K, capacity 58860K, committed 59008K, reserved 1101824K
  class space    used 6631K, capacity 6934K, committed 7040K, reserved 1048576K
Event: 23.297 GC heap after
Heap after GC invocations=6 (full 2):
 PSYoungGen      total 611840K, used 22907K [0x00000000d5580000, 0x0000000100000000, 0x0000000100000000)
  eden space 524800K, 0% used [0x00000000d5580000,0x00000000d5580000,0x00000000f5600000)
  from space 87040K, 26% used [0x00000000fab00000,0x00000000fc15ed90,0x0000000100000000)
  to   space 87040K, 0% used [0x00000000f5600000,0x00000000f5600000,0x00000000fab00000)
 ParOldGen       total 930816K, used 23638K [0x0000000080000000, 0x00000000b8d00000, 0x00000000d5580000)
  object space 930816K, 2% used [0x0000000080000000,0x0000000081715b90,0x00000000b8d00000)
 Metaspace       used 57324K, capacity 58860K, committed 59008K, reserved 1101824K
  class space    used 6631K, capacity 6934K, committed 7040K, reserved 1048576K
}
Event: 23.297 GC heap before
{Heap before GC invocations=7 (full 3):
 PSYoungGen      total 611840K, used 22907K [0x00000000d5580000, 0x0000000100000000, 0x0000000100000000)
  eden space 524800K, 0% used [0x00000000d5580000,0x00000000d5580000,0x00000000f5600000)
  from space 87040K, 26% used [0x00000000fab00000,0x00000000fc15ed90,0x0000000100000000)
  to   space 87040K, 0% used [0x00000000f5600000,0x00000000f5600000,0x00000000fab00000)
 ParOldGen       total 930816K, used 23638K [0x0000000080000000, 0x00000000b8d00000, 0x00000000d5580000)
  object space 930816K, 2% used [0x0000000080000000,0x0000000081715b90,0x00000000b8d00000)
 Metaspace       used 57324K, capacity 58860K, committed 59008K, reserved 1101824K
  class space    used 6631K, capacity 6934K, committed 7040K, reserved 1048576K
Event: 23.541 GC heap after
Heap after GC invocations=7 (full 3):
 PSYoungGen      total 611840K, used 0K [0x00000000d5580000, 0x0000000100000000, 0x0000000100000000)
  eden space 524800K, 0% used [0x00000000d5580000,0x00000000d5580000,0x00000000f5600000)
  from space 87040K, 0% used [0x00000000fab00000,0x00000000fab00000,0x0000000100000000)
  to   space 87040K, 0% used [0x00000000f5600000,0x00000000f5600000,0x00000000fab00000)
 ParOldGen       total 1314304K, used 34200K [0x0000000080000000, 0x00000000d0380000, 0x00000000d5580000)
  object space 1314304K, 2% used [0x0000000080000000,0x00000000821662f8,0x00000000d0380000)
 Metaspace       used 57261K, capacity 58694K, committed 59008K, reserved 1101824K
  class space    used 6609K, capacity 6895K, committed 7040K, reserved 1048576K
}

