# JRE version: OpenJDK Runtime Environment (8.0_212-b04) (build 1.8.0_212-b04)
# Java VM: OpenJDK 64-Bit Server VM (25.212-b04 mixed mode linux-amd64 compressed oops)
Heap:
 PSYoungGen      total 611840K, used 54107K [0x00000000d5580000, 0x0000000100000000, 0x0000000100000000)
  eden space 524800K, 5% used [0x00000000d5580000,0x00000000d720cd70,0x00000000f5600000)
  from space 87040K, 28% used [0x00000000fab00000,0x00000000fc349f38,0x0000000100000000)
  to   space 87040K, 0% used [0x00000000f5600000,0x00000000f5600000,0x00000000fab00000)
 ParOldGen       total 876544K, used 11981K [0x0000000080000000, 0x00000000b5800000, 0x00000000d5580000)
  object space 876544K, 1% used [0x0000000080000000,0x0000000080bb3540,0x00000000b5800000)
 Metaspace       used 32166K, capacity 32848K, committed 33152K, reserved 1079296K
  class space    used 3739K, capacity 3893K, committed 3968K, reserved 1048576K
GC Heap History (6 events):
Event: 2.237 GC heap before
{Heap before GC invocations=1 (full 0):
 PSYoungGen      total 611840K, used 209921K [0x00000000d5580000, 0x0000000100000000, 0x0000000100000000)
  eden space 524800K, 40% used [0x00000000d5580000,0x00000000e2280628,0x00000000f5600000)
  from space 87040K, 0% used [0x00000000fab00000,0x00000000fab00000,0x0000000100000000)
  to   space 87040K, 0% used [0x00000000f5600000,0x00000000f5600000,0x00000000fab00000)
 ParOldGen       total 1398272K, used 0K [0x0000000080000000, 0x00000000d5580000, 0x00000000d5580000)
  object space 1398272K, 0% used [0x0000000080000000,0x0000000080000000,0x00000000d5580000)
 Metaspace       used 20781K, capacity 21038K, committed 21248K, reserved 1069056K
  class space    used 2360K, capacity 2484K, committed 2560K, reserved 1048576K
Event: 2.273 GC heap after
Heap after GC invocations=1 (full 0):
 PSYoungGen      total 611840K, used 12458K [0x00000000d5580000, 0x0000000100000000, 0x0000000100000000)
  eden space 524800K, 0% used [0x00000000d5580000,0x00000000d5580000,0x00000000f5600000)
  from space 87040K, 14% used [0x00000000f5600000,0x00000000f622aa28,0x00000000fab00000)
  to   space 87040K, 0% used [0x00000000fab00000,0x00000000fab00000,0x0000000100000000)
 ParOldGen       total 1398272K, used 72K [0x0000000080000000, 0x00000000d5580000, 0x00000000d5580000)
  object space 1398272K, 0% used [0x0000000080000000,0x0000000080012010,0x00000000d5580000)
 Metaspace       used 20781K, capacity 21038K, committed 21248K, reserved 1069056K
  class space    used 2360K, capacity 2484K, committed 2560K, reserved 1048576K
}
Event: 2.273 GC heap before
{Heap before GC invocations=2 (full 1):
 PSYoungGen      total 611840K, used 12458K [0x00000000d5580000, 0x0000000100000000, 0x0000000100000000)
  eden space 524800K, 0% used [0x00000000d5580000,0x00000000d5580000,0x00000000f5600000)
  from space 87040K, 14% used [0x00000000f5600000,0x00000000f622aa28,0x00000000fab00000)
  to   space 87040K, 0% used [0x00000000fab00000,0x00000000fab00000,0x0000000100000000)
 ParOldGen       total 1398272K, used 72K [0x0000000080000000, 0x00000000d5580000, 0x00000000d5580000)
  object space 1398272K, 0% used [0x0000000080000000,0x0000000080012010,0x00000000d5580000)
 Metaspace       used 20781K, capacity 21038K, committed 21248K, reserved 1069056K
  class space    used 2360K, capacity 2484K, committed 2560K, reserved 1048576K
Event: 2.339 GC heap after
Heap after GC invocations=2 (full 1):
 PSYoungGen      total 611840K, used 0K [0x00000000d5580000, 0x0000000100000000, 0x0000000100000000)
  eden space 524800K, 0% used [0x00000000d5580000,0x00000000d5580000,0x00000000f5600000)
  from space 87040K, 0% used [0x00000000f5600000,0x00000000f5600000,0x00000000fab00000)
  to   space 87040K, 0% used [0x00000000fab00000,0x00000000fab00000,0x0000000100000000)
 ParOldGen       total 876544K, used 11981K [0x0000000080000000, 0x00000000b5800000, 0x00000000d5580000)
  object space 876544K, 1% used [0x0000000080000000,0x0000000080bb3540,0x00000000b5800000)
 Metaspace       used 20781K, capacity 21038K, committed 21248K, reserved 1069056K
  class space    used 2360K, capacity 2484K, committed 2560K, reserved 1048576K
}
Event: 21.842 GC heap before
{Heap before GC invocations=3 (full 1):
 PSYoungGen      total 611840K, used 524800K [0x00000000d5580000, 0x0000000100000000, 0x0000000100000000)
  eden space 524800K, 100% used [0x00000000d5580000,0x00000000f5600000,0x00000000f5600000)
  from space 87040K, 0% used [0x00000000f5600000,0x00000000f5600000,0x00000000fab00000)
  to   space 87040K, 0% used [0x00000000fab00000,0x00000000fab00000,0x0000000100000000)
 ParOldGen       total 876544K, used 11981K [0x0000000080000000, 0x00000000b5800000, 0x00000000d5580000)
  object space 876544K, 1% used [0x0000000080000000,0x0000000080bb3540,0x00000000b5800000)
 Metaspace       used 32158K, capacity 32844K, committed 33152K, reserved 1079296K
  class space    used 3739K, capacity 3893K, committed 3968K, reserved 1048576K
Event: 21.908 GC heap after
Heap after GC invocations=3 (full 1):
 PSYoungGen      total 611840K, used 24871K [0x00000000d5580000, 0x0000000100000000, 0x0000000100000000)
  eden space 524800K, 0% used [0x00000000d5580000,0x00000000d5580000,0x00000000f5600000)
  from space 87040K, 28% used [0x00000000fab00000,0x00000000fc349f38,0x0000000100000000)
  to   space 87040K, 0% used [0x00000000f5600000,0x00000000f5600000,0x00000000fab00000)
 ParOldGen       total 876544K, used 11981K [0x0000000080000000, 0x00000000b5800000, 0x00000000d5580000)
  object space 876544K, 1% used [0x0000000080000000,0x0000000080bb3540,0x00000000b5800000)
 Metaspace       used 32158K, capacity 32844K, committed 33152K, reserved 1079296K
  class space    used 3739K, capacity 3893K, committed 3968K, reserved 1048576K
}

