# JRE version: OpenJDK Runtime Environment (8.0_212-b04) (build 1.8.0_212-b04)
# Java VM: OpenJDK 64-Bit Server VM (25.212-b04 mixed mode linux-amd64 compressed oops)
Heap:
 PSYoungGen      total 611840K, used 279229K [0x00000000d5580000, 0x0000000100000000, 0x0000000100000000)
  eden space 524800K, 49% used [0x00000000d5580000,0x00000000e559d6b0,0x00000000f5600000)
  from space 87040K, 19% used [0x00000000f5600000,0x00000000f66920c0,0x00000000fab00000)
  to   space 87040K, 0% used [0x00000000fab00000,0x00000000fab00000,0x0000000100000000)
 ParOldGen       total 906752K, used 12050K [0x0000000080000000, 0x00000000b7580000, 0x00000000d5580000)
  object space 906752K, 1% used [0x0000000080000000,0x0000000080bc4880,0x00000000b7580000)
 Metaspace       used 33487K, capacity 34068K, committed 34176K, reserved 1079296K
  class space    used 3737K, capacity 3867K, committed 3968K, reserved 1048576K
GC Heap History (8 events):
Event: 2.181 GC heap before
{Heap before GC invocations=1 (full 0):
 PSYoungGen      total 611840K, used 209921K [0x00000000d5580000, 0x0000000100000000, 0x0000000100000000)
  eden space 524800K, 40% used [0x00000000d5580000,0x00000000e2280600,0x00000000f5600000)
  from space 87040K, 0% used [0x00000000fab00000,0x00000000fab00000,0x0000000100000000)
  to   space 87040K, 0% used [0x00000000f5600000,0x00000000f5600000,0x00000000fab00000)
 ParOldGen       total 1398272K, used 0K [0x0000000080000000, 0x00000000d5580000, 0x00000000d5580000)
  object space 1398272K, 0% used [0x0000000080000000,0x0000000080000000,0x00000000d5580000)
 Metaspace       used 20803K, capacity 21054K, committed 21248K, reserved 1069056K
  class space    used 2363K, capacity 2484K, committed 2560K, reserved 1048576K
Event: 2.207 GC heap after
Heap after GC invocations=1 (full 0):
 PSYoungGen      total 611840K, used 12512K [0x00000000d5580000, 0x0000000100000000, 0x0000000100000000)
  eden space 524800K, 0% used [0x00000000d5580000,0x00000000d5580000,0x00000000f5600000)
  from space 87040K, 14% used [0x00000000f5600000,0x00000000f62380d0,0x00000000fab00000)
  to   space 87040K, 0% used [0x00000000fab00000,0x00000000fab00000,0x0000000100000000)
 ParOldGen       total 1398272K, used 80K [0x0000000080000000, 0x00000000d5580000, 0x00000000d5580000)
  object space 1398272K, 0% used [0x0000000080000000,0x0000000080014010,0x00000000d5580000)
 Metaspace       used 20803K, capacity 21054K, committed 21248K, reserved 1069056K
  class space    used 2363K, capacity 2484K, committed 2560K, reserved 1048576K
}
Event: 2.207 GC heap before
{Heap before GC invocations=2 (full 1):
 PSYoungGen      total 611840K, used 12512K [0x00000000d5580000, 0x0000000100000000, 0x0000000100000000)
  eden space 524800K, 0% used [0x00000000d5580000,0x00000000d5580000,0x00000000f5600000)
  from space 87040K, 14% used [0x00000000f5600000,0x00000000f62380d0,0x00000000fab00000)
  to   space 87040K, 0% used [0x00000000fab00000,0x00000000fab00000,0x0000000100000000)
 ParOldGen       total 1398272K, used 80K [0x0000000080000000, 0x00000000d5580000, 0x00000000d5580000)
  object space 1398272K, 0% used [0x0000000080000000,0x0000000080014010,0x00000000d5580000)
 Metaspace       used 20803K, capacity 21054K, committed 21248K, reserved 1069056K
  class space    used 2363K, capacity 2484K, committed 2560K, reserved 1048576K
Event: 2.271 GC heap after
Heap after GC invocations=2 (full 1):
 PSYoungGen      total 611840K, used 0K [0x00000000d5580000, 0x0000000100000000, 0x0000000100000000)
  eden space 524800K, 0% used [0x00000000d5580000,0x00000000d5580000,0x00000000f5600000)
  from space 87040K, 0% used [0x00000000f5600000,0x00000000f5600000,0x00000000fab00000)
  to   space 87040K, 0% used [0x00000000fab00000,0x00000000fab00000,0x0000000100000000)
 ParOldGen       total 906752K, used 12042K [0x0000000080000000, 0x00000000b7580000, 0x00000000d5580000)
  object space 906752K, 1% used [0x0000000080000000,0x0000000080bc2880,0x00000000b7580000)
 Metaspace       used 20803K, capacity 21054K, committed 21248K, reserved 1069056K
  class space    used 2363K, capacity 2484K, committed 2560K, reserved 1048576K
}
Event: 16.682 GC heap before
{Heap before GC invocations=3 (full 1):
 PSYoungGen      total 611840K, used 524800K [0x00000000d5580000, 0x0000000100000000, 0x0000000100000000)
  eden space 524800K, 100% used [0x00000000d5580000,0x00000000f5600000,0x00000000f5600000)
  from space 87040K, 0% used [0x00000000f5600000,0x00000000f5600000,0x00000000fab00000)
  to   space 87040K, 0% used [0x00000000fab00000,0x00000000fab00000,0x0000000100000000)
 ParOldGen       total 906752K, used 12042K [0x0000000080000000, 0x00000000b7580000, 0x00000000d5580000)
  object space 906752K, 1% used [0x0000000080000000,0x0000000080bc2880,0x00000000b7580000)
 Metaspace       used 32677K, capacity 33296K, committed 33408K, reserved 1079296K
  class space    used 3729K, capacity 3859K, committed 3968K, reserved 1048576K
Event: 16.719 GC heap after
Heap after GC invocations=3 (full 1):
 PSYoungGen      total 611840K, used 18651K [0x00000000d5580000, 0x0000000100000000, 0x0000000100000000)
  eden space 524800K, 0% used [0x00000000d5580000,0x00000000d5580000,0x00000000f5600000)
  from space 87040K, 21% used [0x00000000fab00000,0x00000000fbd36f70,0x0000000100000000)
  to   space 87040K, 0% used [0x00000000f5600000,0x00000000f5600000,0x00000000fab00000)
 ParOldGen       total 906752K, used 12050K [0x0000000080000000, 0x00000000b7580000, 0x00000000d5580000)
  object space 906752K, 1% used [0x0000000080000000,0x0000000080bc4880,0x00000000b7580000)
 Metaspace       used 32677K, capacity 33296K, committed 33408K, reserved 1079296K
  class space    used 3729K, capacity 3859K, committed 3968K, reserved 1048576K
}
Event: 31.506 GC heap before
{Heap before GC invocations=4 (full 1):
 PSYoungGen      total 611840K, used 543451K [0x00000000d5580000, 0x0000000100000000, 0x0000000100000000)
  eden space 524800K, 100% used [0x00000000d5580000,0x00000000f5600000,0x00000000f5600000)
  from space 87040K, 21% used [0x00000000fab00000,0x00000000fbd36f70,0x0000000100000000)
  to   space 87040K, 0% used [0x00000000f5600000,0x00000000f5600000,0x00000000fab00000)
 ParOldGen       total 906752K, used 12050K [0x0000000080000000, 0x00000000b7580000, 0x00000000d5580000)
  object space 906752K, 1% used [0x0000000080000000,0x0000000080bc4880,0x00000000b7580000)
 Metaspace       used 33356K, capacity 33986K, committed 34176K, reserved 1079296K
  class space    used 3732K, capacity 3864K, committed 3968K, reserved 1048576K
Event: 31.542 GC heap after
Heap after GC invocations=4 (full 1):
 PSYoungGen      total 611840K, used 16968K [0x00000000d5580000, 0x0000000100000000, 0x0000000100000000)
  eden space 524800K, 0% used [0x00000000d5580000,0x00000000d5580000,0x00000000f5600000)
  from space 87040K, 19% used [0x00000000f5600000,0x00000000f66920c0,0x00000000fab00000)
  to   space 87040K, 0% used [0x00000000fab00000,0x00000000fab00000,0x0000000100000000)
 ParOldGen       total 906752K, used 12050K [0x0000000080000000, 0x00000000b7580000, 0x00000000d5580000)
  object space 906752K, 1% used [0x0000000080000000,0x0000000080bc4880,0x00000000b7580000)
 Metaspace       used 33356K, capacity 33986K, committed 34176K, reserved 1079296K
  class space    used 3732K, capacity 3864K, committed 3968K, reserved 1048576K
}

