# JRE version: OpenJDK Runtime Environment (8.0_212-b04) (build 1.8.0_212-b04)
# Java VM: OpenJDK 64-Bit Server VM (25.212-b04 mixed mode linux-amd64 compressed oops)
Heap:
 PSYoungGen      total 611840K, used 376169K [0x00000000d5580000, 0x00000000fec00000, 0x0000000100000000)
  eden space 524800K, 55% used [0x00000000d5580000,0x00000000e6fdabc8,0x00000000f5600000)
  from space 87040K, 99% used [0x00000000f5600000,0x00000000faaffa90,0x00000000fab00000)
  to   space 66560K, 0% used [0x00000000fab00000,0x00000000fab00000,0x00000000fec00000)
 ParOldGen       total 1398272K, used 44758K [0x0000000080000000, 0x00000000d5580000, 0x00000000d5580000)
  object space 1398272K, 3% used [0x0000000080000000,0x0000000082bb58a0,0x00000000d5580000)
 Metaspace       used 66892K, capacity 69785K, committed 72024K, reserved 1112064K
  class space    used 7540K, capacity 8046K, committed 8536K, reserved 1048576K
GC Heap History (10 events):
Event: 4.660 GC heap before
{Heap before GC invocations=4 (full 2):
 PSYoungGen      total 611840K, used 19320K [0x00000000d5580000, 0x0000000100000000, 0x0000000100000000)
  eden space 524800K, 0% used [0x00000000d5580000,0x00000000d5580000,0x00000000f5600000)
  from space 87040K, 22% used [0x00000000fab00000,0x00000000fbdde228,0x0000000100000000)
  to   space 87040K, 0% used [0x00000000f5600000,0x00000000f5600000,0x00000000fab00000)
 ParOldGen       total 900096K, used 13690K [0x0000000080000000, 0x00000000b6f00000, 0x00000000d5580000)
  object space 900096K, 1% used [0x0000000080000000,0x0000000080d5e840,0x00000000b6f00000)
 Metaspace       used 34712K, capacity 35102K, committed 35416K, reserved 1081344K
  class space    used 3961K, capacity 4101K, committed 4184K, reserved 1048576K
Event: 4.781 GC heap after
Heap after GC invocations=4 (full 2):
 PSYoungGen      total 611840K, used 0K [0x00000000d5580000, 0x0000000100000000, 0x0000000100000000)
  eden space 524800K, 0% used [0x00000000d5580000,0x00000000d5580000,0x00000000f5600000)
  from space 87040K, 0% used [0x00000000fab00000,0x00000000fab00000,0x0000000100000000)
  to   space 87040K, 0% used [0x00000000f5600000,0x00000000f5600000,0x00000000fab00000)
 ParOldGen       total 1398272K, used 23479K [0x0000000080000000, 0x00000000d5580000, 0x00000000d5580000)
  object space 1398272K, 1% used [0x0000000080000000,0x00000000816edc10,0x00000000d5580000)
 Metaspace       used 34712K, capacity 35102K, committed 35416K, reserved 1081344K
  class space    used 3961K, capacity 4101K, committed 4184K, reserved 1048576K
}
Event: 13.741 GC heap before
{Heap before GC invocations=5 (full 2):
 PSYoungGen      total 611840K, used 524800K [0x00000000d5580000, 0x0000000100000000, 0x0000000100000000)
  eden space 524800K, 100% used [0x00000000d5580000,0x00000000f5600000,0x00000000f5600000)
  from space 87040K, 0% used [0x00000000fab00000,0x00000000fab00000,0x0000000100000000)
  to   space 87040K, 0% used [0x00000000f5600000,0x00000000f5600000,0x00000000fab00000)
 ParOldGen       total 1398272K, used 23479K [0x0000000080000000, 0x00000000d5580000, 0x00000000d5580000)
  object space 1398272K, 1% used [0x0000000080000000,0x00000000816edc10,0x00000000d5580000)
 Metaspace       used 48320K, capacity 51064K, committed 51288K, reserved 1093632K
  class space    used 5752K, capacity 6194K, committed 6232K, reserved 1048576K
Event: 13.794 GC heap after
Heap after GC invocations=5 (full 2):
 PSYoungGen      total 611840K, used 19887K [0x00000000d5580000, 0x0000000100000000, 0x0000000100000000)
  eden space 524800K, 0% used [0x00000000d5580000,0x00000000d5580000,0x00000000f5600000)
  from space 87040K, 22% used [0x00000000f5600000,0x00000000f696bc30,0x00000000fab00000)
  to   space 87040K, 0% used [0x00000000fab00000,0x00000000fab00000,0x0000000100000000)
 ParOldGen       total 1398272K, used 23487K [0x0000000080000000, 0x00000000d5580000, 0x00000000d5580000)
  object space 1398272K, 1% used [0x0000000080000000,0x00000000816efc10,0x00000000d5580000)
 Metaspace       used 48320K, capacity 51064K, committed 51288K, reserved 1093632K
  class space    used 5752K, capacity 6194K, committed 6232K, reserved 1048576K
}
Event: 17.200 GC heap before
{Heap before GC invocations=6 (full 2):
 PSYoungGen      total 611840K, used 209069K [0x00000000d5580000, 0x0000000100000000, 0x0000000100000000)
  eden space 524800K, 36% used [0x00000000d5580000,0x00000000e0e3f7f8,0x00000000f5600000)
  from space 87040K, 22% used [0x00000000f5600000,0x00000000f696bc30,0x00000000fab00000)
  to   space 87040K, 0% used [0x00000000fab00000,0x00000000fab00000,0x0000000100000000)
 ParOldGen       total 1398272K, used 23487K [0x0000000080000000, 0x00000000d5580000, 0x00000000d5580000)
  object space 1398272K, 1% used [0x0000000080000000,0x00000000816efc10,0x00000000d5580000)
 Metaspace       used 54628K, capacity 58983K, committed 59028K, reserved 1101824K
  class space    used 6703K, capacity 7384K, committed 7384K, reserved 1048576K
Event: 17.247 GC heap after
Heap after GC invocations=6 (full 2):
 PSYoungGen      total 611840K, used 28815K [0x00000000d5580000, 0x0000000100000000, 0x0000000100000000)
  eden space 524800K, 0% used [0x00000000d5580000,0x00000000d5580000,0x00000000f5600000)
  from space 87040K, 33% used [0x00000000fab00000,0x00000000fc723e70,0x0000000100000000)
  to   space 87040K, 0% used [0x00000000f5600000,0x00000000f5600000,0x00000000fab00000)
 ParOldGen       total 1398272K, used 23495K [0x0000000080000000, 0x00000000d5580000, 0x00000000d5580000)
  object space 1398272K, 1% used [0x0000000080000000,0x00000000816f1c10,0x00000000d5580000)
 Metaspace       used 54628K, capacity 58983K, committed 59028K, reserved 1101824K
  class space    used 6703K, capacity 7384K, committed 7384K, reserved 1048576K
}
Event: 17.247 GC heap before
{Heap before GC invocations=7 (full 3):
 PSYoungGen      total 611840K, used 28815K [0x00000000d5580000, 0x0000000100000000, 0x0000000100000000)
  eden space 524800K, 0% used [0x00000000d5580000,0x00000000d5580000,0x00000000f5600000)
  from space 87040K, 33% used [0x00000000fab00000,0x00000000fc723e70,0x0000000100000000)
  to   space 87040K, 0% used [0x00000000f5600000,0x00000000f5600000,0x00000000fab00000)
 ParOldGen       total 1398272K, used 23495K [0x0000000080000000, 0x00000000d5580000, 0x00000000d5580000)
  object space 1398272K, 1% used [0x0000000080000000,0x00000000816f1c10,0x00000000d5580000)
 Metaspace       used 54628K, capacity 58983K, committed 59028K, reserved 1101824K
  class space    used 6703K, capacity 7384K, committed 7384K, reserved 1048576K
Event: 17.560 GC heap after
Heap after GC invocations=7 (full 3):
 PSYoungGen      total 611840K, used 0K [0x00000000d5580000, 0x0000000100000000, 0x0000000100000000)
  eden space 524800K, 0% used [0x00000000d5580000,0x00000000d5580000,0x00000000f5600000)
  from space 87040K, 0% used [0x00000000fab00000,0x00000000fab00000,0x0000000100000000)
  to   space 87040K, 0% used [0x00000000f5600000,0x00000000f5600000,0x00000000fab00000)
 ParOldGen       total 1398272K, used 40049K [0x0000000080000000, 0x00000000d5580000, 0x00000000d5580000)
  object space 1398272K, 2% used [0x0000000080000000,0x000000008271c608,0x00000000d5580000)
 Metaspace       used 53183K, capacity 54923K, committed 59028K, reserved 1101824K
  class space    used 6208K, capacity 6504K, committed 7384K, reserved 1048576K
}
Event: 33.062 GC heap before
{Heap before GC invocations=8 (full 3):
 PSYoungGen      total 611840K, used 524800K [0x00000000d5580000, 0x0000000100000000, 0x0000000100000000)
  eden space 524800K, 100% used [0x00000000d5580000,0x00000000f5600000,0x00000000f5600000)
  from space 87040K, 0% used [0x00000000fab00000,0x00000000fab00000,0x0000000100000000)
  to   space 87040K, 0% used [0x00000000f5600000,0x00000000f5600000,0x00000000fab00000)
 ParOldGen       total 1398272K, used 40049K [0x0000000080000000, 0x00000000d5580000, 0x00000000d5580000)
  object space 1398272K, 2% used [0x0000000080000000,0x000000008271c608,0x00000000d5580000)
 Metaspace       used 66098K, capacity 68969K, committed 71512K, reserved 1112064K
  class space    used 7526K, capacity 8036K, committed 8536K, reserved 1048576K
Event: 33.255 GC heap after
Heap after GC invocations=8 (full 3):
 PSYoungGen      total 611840K, used 87038K [0x00000000d5580000, 0x00000000fec00000, 0x0000000100000000)
  eden space 524800K, 0% used [0x00000000d5580000,0x00000000d5580000,0x00000000f5600000)
  from space 87040K, 99% used [0x00000000f5600000,0x00000000faaffa90,0x00000000fab00000)
  to   space 66560K, 0% used [0x00000000fab00000,0x00000000fab00000,0x00000000fec00000)
 ParOldGen       total 1398272K, used 44758K [0x0000000080000000, 0x00000000d5580000, 0x00000000d5580000)
  object space 1398272K, 3% used [0x0000000080000000,0x0000000082bb58a0,0x00000000d5580000)
 Metaspace       used 66098K, capacity 68969K, committed 71512K, reserved 1112064K
  class space    used 7526K, capacity 8036K, committed 8536K, reserved 1048576K
}

