# JRE version: OpenJDK Runtime Environment (8.0_212-b04) (build 1.8.0_212-b04)
# Java VM: OpenJDK 64-Bit Server VM (25.212-b04 mixed mode linux-amd64 compressed oops)
Heap:
 PSYoungGen      total 611840K, used 120368K [0x00000000d5580000, 0x0000000100000000, 0x0000000100000000)
  eden space 524800K, 22% used [0x00000000d5580000,0x00000000dcb0c340,0x00000000f5600000)
  from space 87040K, 0% used [0x00000000f5600000,0x00000000f5600000,0x00000000fab00000)
  to   space 87040K, 0% used [0x00000000fab00000,0x00000000fab00000,0x0000000100000000)
 ParOldGen       total 1398272K, used 38727K [0x0000000080000000, 0x00000000d5580000, 0x00000000d5580000)
  object space 1398272K, 2% used [0x0000000080000000,0x00000000825d1e10,0x00000000d5580000)
 Metaspace       used 61095K, capacity 62726K, committed 62976K, reserved 1105920K
  class space    used 7036K, capacity 7331K, committed 7424K, reserved 1048576K
GC Heap History (10 events):
Event: 2.089 GC heap before
{Heap before GC invocations=2 (full 1):
 PSYoungGen      total 611840K, used 14414K [0x00000000d5580000, 0x0000000100000000, 0x0000000100000000)
  eden space 524800K, 0% used [0x00000000d5580000,0x00000000d5580000,0x00000000f5600000)
  from space 87040K, 16% used [0x00000000f5600000,0x00000000f6413b00,0x00000000fab00000)
  to   space 87040K, 0% used [0x00000000fab00000,0x00000000fab00000,0x0000000100000000)
 ParOldGen       total 1398272K, used 80K [0x0000000080000000, 0x00000000d5580000, 0x00000000d5580000)
  object space 1398272K, 0% used [0x0000000080000000,0x0000000080014010,0x00000000d5580000)
 Metaspace       used 20852K, capacity 21154K, committed 21248K, reserved 1069056K
  class space    used 2372K, capacity 2494K, committed 2560K, reserved 1048576K
Event: 2.160 GC heap after
Heap after GC invocations=2 (full 1):
 PSYoungGen      total 611840K, used 0K [0x00000000d5580000, 0x0000000100000000, 0x0000000100000000)
  eden space 524800K, 0% used [0x00000000d5580000,0x00000000d5580000,0x00000000f5600000)
  from space 87040K, 0% used [0x00000000f5600000,0x00000000f5600000,0x00000000fab00000)
  to   space 87040K, 0% used [0x00000000fab00000,0x00000000fab00000,0x0000000100000000)
 ParOldGen       total 860160K, used 13871K [0x0000000080000000, 0x00000000b4800000, 0x00000000d5580000)
  object space 860160K, 1% used [0x0000000080000000,0x0000000080d8bee0,0x00000000b4800000)
 Metaspace       used 20852K, capacity 21154K, committed 21248K, reserved 1069056K
  class space    used 2372K, capacity 2494K, committed 2560K, reserved 1048576K
}
Event: 4.384 GC heap before
{Heap before GC invocations=3 (full 1):
 PSYoungGen      total 611840K, used 436647K [0x00000000d5580000, 0x0000000100000000, 0x0000000100000000)
  eden space 524800K, 83% used [0x00000000d5580000,0x00000000effe9cf0,0x00000000f5600000)
  from space 87040K, 0% used [0x00000000f5600000,0x00000000f5600000,0x00000000fab00000)
  to   space 87040K, 0% used [0x00000000fab00000,0x00000000fab00000,0x0000000100000000)
 ParOldGen       total 860160K, used 13871K [0x0000000080000000, 0x00000000b4800000, 0x00000000d5580000)
  object space 860160K, 1% used [0x0000000080000000,0x0000000080d8bee0,0x00000000b4800000)
 Metaspace       used 34731K, capacity 35134K, committed 35416K, reserved 1081344K
  class space    used 3955K, capacity 4069K, committed 4096K, reserved 1048576K
Event: 4.422 GC heap after
Heap after GC invocations=3 (full 1):
 PSYoungGen      total 611840K, used 19099K [0x00000000d5580000, 0x0000000100000000, 0x0000000100000000)
  eden space 524800K, 0% used [0x00000000d5580000,0x00000000d5580000,0x00000000f5600000)
  from space 87040K, 21% used [0x00000000fab00000,0x00000000fbda6d08,0x0000000100000000)
  to   space 87040K, 0% used [0x00000000f5600000,0x00000000f5600000,0x00000000fab00000)
 ParOldGen       total 860160K, used 13871K [0x0000000080000000, 0x00000000b4800000, 0x00000000d5580000)
  object space 860160K, 1% used [0x0000000080000000,0x0000000080d8bee0,0x00000000b4800000)
 Metaspace       used 34731K, capacity 35134K, committed 35416K, reserved 1081344K
  class space    used 3955K, capacity 4069K, committed 4096K, reserved 1048576K
}
Event: 4.422 GC heap before
{Heap before GC invocations=4 (full 2):
 PSYoungGen      total 611840K, used 19099K [0x00000000d5580000, 0x0000000100000000, 0x0000000100000000)
  eden space 524800K, 0% used [0x00000000d5580000,0x00000000d5580000,0x00000000f5600000)
  from space 87040K, 21% used [0x00000000fab00000,0x00000000fbda6d08,0x0000000100000000)
  to   space 87040K, 0% used [0x00000000f5600000,0x00000000f5600000,0x00000000fab00000)
 ParOldGen       total 860160K, used 13871K [0x0000000080000000, 0x00000000b4800000, 0x00000000d5580000)
  object space 860160K, 1% used [0x0000000080000000,0x0000000080d8bee0,0x00000000b4800000)
 Metaspace       used 34731K, capacity 35134K, committed 35416K, reserved 1081344K
  class space    used 3955K, capacity 4069K, committed 4096K, reserved 1048576K
Event: 4.511 GC heap after
Heap after GC invocations=4 (full 2):
 PSYoungGen      total 611840K, used 0K [0x00000000d5580000, 0x0000000100000000, 0x0000000100000000)
  eden space 524800K, 0% used [0x00000000d5580000,0x00000000d5580000,0x00000000f5600000)
  from space 87040K, 0% used [0x00000000fab00000,0x00000000fab00000,0x0000000100000000)
  to   space 87040K, 0% used [0x00000000f5600000,0x00000000f5600000,0x00000000fab00000)
 ParOldGen       total 1398272K, used 23471K [0x0000000080000000, 0x00000000d5580000, 0x00000000d5580000)
  object space 1398272K, 1% used [0x0000000080000000,0x00000000816ebca0,0x00000000d5580000)
 Metaspace       used 34731K, capacity 35134K, committed 35416K, reserved 1081344K
  class space    used 3955K, capacity 4069K, committed 4096K, reserved 1048576K
}
Event: 17.320 GC heap before
{Heap before GC invocations=5 (full 2):
 PSYoungGen      total 611840K, used 348344K [0x00000000d5580000, 0x0000000100000000, 0x0000000100000000)
  eden space 524800K, 66% used [0x00000000d5580000,0x00000000ea9ae318,0x00000000f5600000)
  from space 87040K, 0% used [0x00000000fab00000,0x00000000fab00000,0x0000000100000000)
  to   space 87040K, 0% used [0x00000000f5600000,0x00000000f5600000,0x00000000fab00000)
 ParOldGen       total 1398272K, used 23471K [0x0000000080000000, 0x00000000d5580000, 0x00000000d5580000)
  object space 1398272K, 1% used [0x0000000080000000,0x00000000816ebca0,0x00000000d5580000)
 Metaspace       used 57568K, capacity 58942K, committed 59028K, reserved 1101824K
  class space    used 6593K, capacity 6879K, committed 6912K, reserved 1048576K
Event: 17.365 GC heap after
Heap after GC invocations=5 (full 2):
 PSYoungGen      total 611840K, used 27931K [0x00000000d5580000, 0x0000000100000000, 0x0000000100000000)
  eden space 524800K, 0% used [0x00000000d5580000,0x00000000d5580000,0x00000000f5600000)
  from space 87040K, 32% used [0x00000000f5600000,0x00000000f7146dd8,0x00000000fab00000)
  to   space 87040K, 0% used [0x00000000fab00000,0x00000000fab00000,0x0000000100000000)
 ParOldGen       total 1398272K, used 23479K [0x0000000080000000, 0x00000000d5580000, 0x00000000d5580000)
  object space 1398272K, 1% used [0x0000000080000000,0x00000000816edca0,0x00000000d5580000)
 Metaspace       used 57568K, capacity 58942K, committed 59028K, reserved 1101824K
  class space    used 6593K, capacity 6879K, committed 6912K, reserved 1048576K
}
Event: 17.365 GC heap before
{Heap before GC invocations=6 (full 3):
 PSYoungGen      total 611840K, used 27931K [0x00000000d5580000, 0x0000000100000000, 0x0000000100000000)
  eden space 524800K, 0% used [0x00000000d5580000,0x00000000d5580000,0x00000000f5600000)
  from space 87040K, 32% used [0x00000000f5600000,0x00000000f7146dd8,0x00000000fab00000)
  to   space 87040K, 0% used [0x00000000fab00000,0x00000000fab00000,0x0000000100000000)
 ParOldGen       total 1398272K, used 23479K [0x0000000080000000, 0x00000000d5580000, 0x00000000d5580000)
  object space 1398272K, 1% used [0x0000000080000000,0x00000000816edca0,0x00000000d5580000)
 Metaspace       used 57568K, capacity 58942K, committed 59028K, reserved 1101824K
  class space    used 6593K, capacity 6879K, committed 6912K, reserved 1048576K
Event: 17.558 GC heap after
Heap after GC invocations=6 (full 3):
 PSYoungGen      total 611840K, used 0K [0x00000000d5580000, 0x0000000100000000, 0x0000000100000000)
  eden space 524800K, 0% used [0x00000000d5580000,0x00000000d5580000,0x00000000f5600000)
  from space 87040K, 0% used [0x00000000f5600000,0x00000000f5600000,0x00000000fab00000)
  to   space 87040K, 0% used [0x00000000fab00000,0x00000000fab00000,0x0000000100000000)
 ParOldGen       total 1398272K, used 38727K [0x0000000080000000, 0x00000000d5580000, 0x00000000d5580000)
  object space 1398272K, 2% used [0x0000000080000000,0x00000000825d1e10,0x00000000d5580000)
 Metaspace       used 57561K, capacity 58928K, committed 59028K, reserved 1101824K
  class space    used 6590K, capacity 6874K, committed 6912K, reserved 1048576K
}

