# JRE version: OpenJDK Runtime Environment (8.0_212-b04) (build 1.8.0_212-b04)
# Java VM: OpenJDK 64-Bit Server VM (25.212-b04 mixed mode linux-amd64 compressed oops)
Heap:
 PSYoungGen      total 611840K, used 443997K [0x00000000d5580000, 0x0000000100000000, 0x0000000100000000)
  eden space 524800K, 84% used [0x00000000d5580000,0x00000000f0717748,0x00000000f5600000)
  from space 87040K, 0% used [0x00000000f5600000,0x00000000f5600000,0x00000000fab00000)
  to   space 87040K, 0% used [0x00000000fab00000,0x00000000fab00000,0x0000000100000000)
 ParOldGen       total 1398272K, used 44635K [0x0000000080000000, 0x00000000d5580000, 0x00000000d5580000)
  object space 1398272K, 3% used [0x0000000080000000,0x0000000082b96c28,0x00000000d5580000)
 Metaspace       used 65597K, capacity 68338K, committed 68480K, reserved 1110016K
  class space    used 7488K, capacity 7963K, committed 8064K, reserved 1048576K
GC Heap History (10 events):
Event: 2.026 GC heap before
{Heap before GC invocations=2 (full 1):
 PSYoungGen      total 611840K, used 14273K [0x00000000d5580000, 0x0000000100000000, 0x0000000100000000)
  eden space 524800K, 0% used [0x00000000d5580000,0x00000000d5580000,0x00000000f5600000)
  from space 87040K, 16% used [0x00000000f5600000,0x00000000f63f0760,0x00000000fab00000)
  to   space 87040K, 0% used [0x00000000fab00000,0x00000000fab00000,0x0000000100000000)
 ParOldGen       total 1398272K, used 80K [0x0000000080000000, 0x00000000d5580000, 0x00000000d5580000)
  object space 1398272K, 0% used [0x0000000080000000,0x0000000080014010,0x00000000d5580000)
 Metaspace       used 20830K, capacity 21106K, committed 21248K, reserved 1069056K
  class space    used 2363K, capacity 2482K, committed 2560K, reserved 1048576K
Event: 2.086 GC heap after
Heap after GC invocations=2 (full 1):
 PSYoungGen      total 611840K, used 0K [0x00000000d5580000, 0x0000000100000000, 0x0000000100000000)
  eden space 524800K, 0% used [0x00000000d5580000,0x00000000d5580000,0x00000000f5600000)
  from space 87040K, 0% used [0x00000000f5600000,0x00000000f5600000,0x00000000fab00000)
  to   space 87040K, 0% used [0x00000000fab00000,0x00000000fab00000,0x0000000100000000)
 ParOldGen       total 854528K, used 13724K [0x0000000080000000, 0x00000000b4280000, 0x00000000d5580000)
  object space 854528K, 1% used [0x0000000080000000,0x0000000080d67078,0x00000000b4280000)
 Metaspace       used 20830K, capacity 21106K, committed 21248K, reserved 1069056K
  class space    used 2363K, capacity 2482K, committed 2560K, reserved 1048576K
}
Event: 4.201 GC heap before
{Heap before GC invocations=3 (full 1):
 PSYoungGen      total 611840K, used 434674K [0x00000000d5580000, 0x0000000100000000, 0x0000000100000000)
  eden space 524800K, 82% used [0x00000000d5580000,0x00000000efdfc8e8,0x00000000f5600000)
  from space 87040K, 0% used [0x00000000f5600000,0x00000000f5600000,0x00000000fab00000)
  to   space 87040K, 0% used [0x00000000fab00000,0x00000000fab00000,0x0000000100000000)
 ParOldGen       total 854528K, used 13724K [0x0000000080000000, 0x00000000b4280000, 0x00000000d5580000)
  object space 854528K, 1% used [0x0000000080000000,0x0000000080d67078,0x00000000b4280000)
 Metaspace       used 34835K, capacity 35188K, committed 35416K, reserved 1081344K
  class space    used 3977K, capacity 4092K, committed 4096K, reserved 1048576K
Event: 4.233 GC heap after
Heap after GC invocations=3 (full 1):
 PSYoungGen      total 611840K, used 19255K [0x00000000d5580000, 0x0000000100000000, 0x0000000100000000)
  eden space 524800K, 0% used [0x00000000d5580000,0x00000000d5580000,0x00000000f5600000)
  from space 87040K, 22% used [0x00000000fab00000,0x00000000fbdcdea0,0x0000000100000000)
  to   space 87040K, 0% used [0x00000000f5600000,0x00000000f5600000,0x00000000fab00000)
 ParOldGen       total 854528K, used 13724K [0x0000000080000000, 0x00000000b4280000, 0x00000000d5580000)
  object space 854528K, 1% used [0x0000000080000000,0x0000000080d67078,0x00000000b4280000)
 Metaspace       used 34835K, capacity 35188K, committed 35416K, reserved 1081344K
  class space    used 3977K, capacity 4092K, committed 4096K, reserved 1048576K
}
Event: 4.233 GC heap before
{Heap before GC invocations=4 (full 2):
 PSYoungGen      total 611840K, used 19255K [0x00000000d5580000, 0x0000000100000000, 0x0000000100000000)
  eden space 524800K, 0% used [0x00000000d5580000,0x00000000d5580000,0x00000000f5600000)
  from space 87040K, 22% used [0x00000000fab00000,0x00000000fbdcdea0,0x0000000100000000)
  to   space 87040K, 0% used [0x00000000f5600000,0x00000000f5600000,0x00000000fab00000)
 ParOldGen       total 854528K, used 13724K [0x0000000080000000, 0x00000000b4280000, 0x00000000d5580000)
  object space 854528K, 1% used [0x0000000080000000,0x0000000080d67078,0x00000000b4280000)
 Metaspace       used 34835K, capacity 35188K, committed 35416K, reserved 1081344K
  class space    used 3977K, capacity 4092K, committed 4096K, reserved 1048576K
Event: 4.326 GC heap after
Heap after GC invocations=4 (full 2):
 PSYoungGen      total 611840K, used 0K [0x00000000d5580000, 0x0000000100000000, 0x0000000100000000)
  eden space 524800K, 0% used [0x00000000d5580000,0x00000000d5580000,0x00000000f5600000)
  from space 87040K, 0% used [0x00000000fab00000,0x00000000fab00000,0x0000000100000000)
  to   space 87040K, 0% used [0x00000000f5600000,0x00000000f5600000,0x00000000fab00000)
 ParOldGen       total 1398272K, used 23609K [0x0000000080000000, 0x00000000d5580000, 0x00000000d5580000)
  object space 1398272K, 1% used [0x0000000080000000,0x000000008170e7d8,0x00000000d5580000)
 Metaspace       used 34835K, capacity 35188K, committed 35416K, reserved 1081344K
  class space    used 3977K, capacity 4092K, committed 4096K, reserved 1048576K
}
Event: 11.259 GC heap before
{Heap before GC invocations=5 (full 2):
 PSYoungGen      total 611840K, used 512142K [0x00000000d5580000, 0x0000000100000000, 0x0000000100000000)
  eden space 524800K, 97% used [0x00000000d5580000,0x00000000f49a3af8,0x00000000f5600000)
  from space 87040K, 0% used [0x00000000fab00000,0x00000000fab00000,0x0000000100000000)
  to   space 87040K, 0% used [0x00000000f5600000,0x00000000f5600000,0x00000000fab00000)
 ParOldGen       total 1398272K, used 23609K [0x0000000080000000, 0x00000000d5580000, 0x00000000d5580000)
  object space 1398272K, 1% used [0x0000000080000000,0x000000008170e7d8,0x00000000d5580000)
 Metaspace       used 57398K, capacity 58842K, committed 59008K, reserved 1101824K
  class space    used 6642K, capacity 6941K, committed 7040K, reserved 1048576K
Event: 11.318 GC heap after
Heap after GC invocations=5 (full 2):
 PSYoungGen      total 611840K, used 34008K [0x00000000d5580000, 0x0000000100000000, 0x0000000100000000)
  eden space 524800K, 0% used [0x00000000d5580000,0x00000000d5580000,0x00000000f5600000)
  from space 87040K, 39% used [0x00000000f5600000,0x00000000f77362e8,0x00000000fab00000)
  to   space 87040K, 0% used [0x00000000fab00000,0x00000000fab00000,0x0000000100000000)
 ParOldGen       total 1398272K, used 23617K [0x0000000080000000, 0x00000000d5580000, 0x00000000d5580000)
  object space 1398272K, 1% used [0x0000000080000000,0x00000000817107d8,0x00000000d5580000)
 Metaspace       used 57398K, capacity 58842K, committed 59008K, reserved 1101824K
  class space    used 6642K, capacity 6941K, committed 7040K, reserved 1048576K
}
Event: 11.318 GC heap before
{Heap before GC invocations=6 (full 3):
 PSYoungGen      total 611840K, used 34008K [0x00000000d5580000, 0x0000000100000000, 0x0000000100000000)
  eden space 524800K, 0% used [0x00000000d5580000,0x00000000d5580000,0x00000000f5600000)
  from space 87040K, 39% used [0x00000000f5600000,0x00000000f77362e8,0x00000000fab00000)
  to   space 87040K, 0% used [0x00000000fab00000,0x00000000fab00000,0x0000000100000000)
 ParOldGen       total 1398272K, used 23617K [0x0000000080000000, 0x00000000d5580000, 0x00000000d5580000)
  object space 1398272K, 1% used [0x0000000080000000,0x00000000817107d8,0x00000000d5580000)
 Metaspace       used 57398K, capacity 58842K, committed 59008K, reserved 1101824K
  class space    used 6642K, capacity 6941K, committed 7040K, reserved 1048576K
Event: 11.570 GC heap after
Heap after GC invocations=6 (full 3):
 PSYoungGen      total 611840K, used 0K [0x00000000d5580000, 0x0000000100000000, 0x0000000100000000)
  eden space 524800K, 0% used [0x00000000d5580000,0x00000000d5580000,0x00000000f5600000)
  from space 87040K, 0% used [0x00000000f5600000,0x00000000f5600000,0x00000000fab00000)
  to   space 87040K, 0% used [0x00000000fab00000,0x00000000fab00000,0x0000000100000000)
 ParOldGen       total 1398272K, used 44635K [0x0000000080000000, 0x00000000d5580000, 0x00000000d5580000)
  object space 1398272K, 3% used [0x0000000080000000,0x0000000082b96c28,0x00000000d5580000)
 Metaspace       used 57358K, capacity 58750K, committed 59008K, reserved 1101824K
  class space    used 6628K, capacity 6917K, committed 7040K, reserved 1048576K
}

