# JRE version: OpenJDK Runtime Environment (8.0_212-b04) (build 1.8.0_212-b04)
# Java VM: OpenJDK 64-Bit Server VM (25.212-b04 mixed mode linux-amd64 compressed oops)
Heap:
 PSYoungGen      total 611840K, used 307920K [0x00000000d5580000, 0x0000000100000000, 0x0000000100000000)
  eden space 524800K, 58% used [0x00000000d5580000,0x00000000e82343e8,0x00000000f5600000)
  from space 87040K, 0% used [0x00000000fab00000,0x00000000fab00000,0x0000000100000000)
  to   space 87040K, 0% used [0x00000000f5600000,0x00000000f5600000,0x00000000fab00000)
 ParOldGen       total 1398272K, used 29647K [0x0000000080000000, 0x00000000d5580000, 0x00000000d5580000)
  object space 1398272K, 2% used [0x0000000080000000,0x0000000081cf3dc0,0x00000000d5580000)
 Metaspace       used 65451K, capacity 68130K, committed 68224K, reserved 1110016K
  class space    used 7510K, capacity 7981K, committed 8064K, reserved 1048576K
GC Heap History (10 events):
Event: 4.543 GC heap before
{Heap before GC invocations=3 (full 1):
 PSYoungGen      total 611840K, used 467512K [0x00000000d5580000, 0x0000000100000000, 0x0000000100000000)
  eden space 524800K, 89% used [0x00000000d5580000,0x00000000f1e0e1a0,0x00000000f5600000)
  from space 87040K, 0% used [0x00000000f5600000,0x00000000f5600000,0x00000000fab00000)
  to   space 87040K, 0% used [0x00000000fab00000,0x00000000fab00000,0x0000000100000000)
 ParOldGen       total 883712K, used 14287K [0x0000000080000000, 0x00000000b5f00000, 0x00000000d5580000)
  object space 883712K, 1% used [0x0000000080000000,0x0000000080df3cb8,0x00000000b5f00000)
 Metaspace       used 34671K, capacity 35034K, committed 35416K, reserved 1081344K
  class space    used 3967K, capacity 4061K, committed 4096K, reserved 1048576K
Event: 4.585 GC heap after
Heap after GC invocations=3 (full 1):
 PSYoungGen      total 611840K, used 18923K [0x00000000d5580000, 0x0000000100000000, 0x0000000100000000)
  eden space 524800K, 0% used [0x00000000d5580000,0x00000000d5580000,0x00000000f5600000)
  from space 87040K, 21% used [0x00000000fab00000,0x00000000fbd7ac20,0x0000000100000000)
  to   space 87040K, 0% used [0x00000000f5600000,0x00000000f5600000,0x00000000fab00000)
 ParOldGen       total 883712K, used 14287K [0x0000000080000000, 0x00000000b5f00000, 0x00000000d5580000)
  object space 883712K, 1% used [0x0000000080000000,0x0000000080df3cb8,0x00000000b5f00000)
 Metaspace       used 34671K, capacity 35034K, committed 35416K, reserved 1081344K
  class space    used 3967K, capacity 4061K, committed 4096K, reserved 1048576K
}
Event: 4.585 GC heap before
{Heap before GC invocations=4 (full 2):
 PSYoungGen      total 611840K, used 18923K [0x00000000d5580000, 0x0000000100000000, 0x0000000100000000)
  eden space 524800K, 0% used [0x00000000d5580000,0x00000000d5580000,0x00000000f5600000)
  from space 87040K, 21% used [0x00000000fab00000,0x00000000fbd7ac20,0x0000000100000000)
  to   space 87040K, 0% used [0x00000000f5600000,0x00000000f5600000,0x00000000fab00000)
 ParOldGen       total 883712K, used 14287K [0x0000000080000000, 0x00000000b5f00000, 0x00000000d5580000)
  object space 883712K, 1% used [0x0000000080000000,0x0000000080df3cb8,0x00000000b5f00000)
 Metaspace       used 34671K, capacity 35034K, committed 35416K, reserved 1081344K
  class space    used 3967K, capacity 4061K, committed 4096K, reserved 1048576K
Event: 4.714 GC heap after
Heap after GC invocations=4 (full 2):
 PSYoungGen      total 611840K, used 0K [0x00000000d5580000, 0x0000000100000000, 0x0000000100000000)
  eden space 524800K, 0% used [0x00000000d5580000,0x00000000d5580000,0x00000000f5600000)
  from space 87040K, 0% used [0x00000000fab00000,0x00000000fab00000,0x0000000100000000)
  to   space 87040K, 0% used [0x00000000f5600000,0x00000000f5600000,0x00000000fab00000)
 ParOldGen       total 1398272K, used 23536K [0x0000000080000000, 0x00000000d5580000, 0x00000000d5580000)
  object space 1398272K, 1% used [0x0000000080000000,0x00000000816fc080,0x00000000d5580000)
 Metaspace       used 34671K, capacity 35034K, committed 35416K, reserved 1081344K
  class space    used 3967K, capacity 4061K, committed 4096K, reserved 1048576K
}
Event: 11.246 GC heap before
{Heap before GC invocations=5 (full 2):
 PSYoungGen      total 611840K, used 524800K [0x00000000d5580000, 0x0000000100000000, 0x0000000100000000)
  eden space 524800K, 100% used [0x00000000d5580000,0x00000000f5600000,0x00000000f5600000)
  from space 87040K, 0% used [0x00000000fab00000,0x00000000fab00000,0x0000000100000000)
  to   space 87040K, 0% used [0x00000000f5600000,0x00000000f5600000,0x00000000fab00000)
 ParOldGen       total 1398272K, used 23536K [0x0000000080000000, 0x00000000d5580000, 0x00000000d5580000)
  object space 1398272K, 1% used [0x0000000080000000,0x00000000816fc080,0x00000000d5580000)
 Metaspace       used 51692K, capacity 52958K, committed 53248K, reserved 1095680K
  class space    used 6090K, capacity 6319K, committed 6400K, reserved 1048576K
Event: 11.318 GC heap after
Heap after GC invocations=5 (full 2):
 PSYoungGen      total 611840K, used 23995K [0x00000000d5580000, 0x0000000100000000, 0x0000000100000000)
  eden space 524800K, 0% used [0x00000000d5580000,0x00000000d5580000,0x00000000f5600000)
  from space 87040K, 27% used [0x00000000f5600000,0x00000000f6d6edb8,0x00000000fab00000)
  to   space 87040K, 0% used [0x00000000fab00000,0x00000000fab00000,0x0000000100000000)
 ParOldGen       total 1398272K, used 23544K [0x0000000080000000, 0x00000000d5580000, 0x00000000d5580000)
  object space 1398272K, 1% used [0x0000000080000000,0x00000000816fe080,0x00000000d5580000)
 Metaspace       used 51692K, capacity 52958K, committed 53248K, reserved 1095680K
  class space    used 6090K, capacity 6319K, committed 6400K, reserved 1048576K
}
Event: 12.284 GC heap before
{Heap before GC invocations=6 (full 2):
 PSYoungGen      total 611840K, used 198286K [0x00000000d5580000, 0x0000000100000000, 0x0000000100000000)
  eden space 524800K, 33% used [0x00000000d5580000,0x00000000dffb4d98,0x00000000f5600000)
  from space 87040K, 27% used [0x00000000f5600000,0x00000000f6d6edb8,0x00000000fab00000)
  to   space 87040K, 0% used [0x00000000fab00000,0x00000000fab00000,0x0000000100000000)
 ParOldGen       total 1398272K, used 23544K [0x0000000080000000, 0x00000000d5580000, 0x00000000d5580000)
  object space 1398272K, 1% used [0x0000000080000000,0x00000000816fe080,0x00000000d5580000)
 Metaspace       used 57531K, capacity 58886K, committed 59008K, reserved 1101824K
  class space    used 6681K, capacity 6965K, committed 7040K, reserved 1048576K
Event: 12.321 GC heap after
Heap after GC invocations=6 (full 2):
 PSYoungGen      total 611840K, used 18077K [0x00000000d5580000, 0x0000000100000000, 0x0000000100000000)
  eden space 524800K, 0% used [0x00000000d5580000,0x00000000d5580000,0x00000000f5600000)
  from space 87040K, 20% used [0x00000000fab00000,0x00000000fbca7438,0x0000000100000000)
  to   space 87040K, 0% used [0x00000000f5600000,0x00000000f5600000,0x00000000fab00000)
 ParOldGen       total 1398272K, used 23552K [0x0000000080000000, 0x00000000d5580000, 0x00000000d5580000)
  object space 1398272K, 1% used [0x0000000080000000,0x0000000081700080,0x00000000d5580000)
 Metaspace       used 57531K, capacity 58886K, committed 59008K, reserved 1101824K
  class space    used 6681K, capacity 6965K, committed 7040K, reserved 1048576K
}
Event: 12.321 GC heap before
{Heap before GC invocations=7 (full 3):
 PSYoungGen      total 611840K, used 18077K [0x00000000d5580000, 0x0000000100000000, 0x0000000100000000)
  eden space 524800K, 0% used [0x00000000d5580000,0x00000000d5580000,0x00000000f5600000)
  from space 87040K, 20% used [0x00000000fab00000,0x00000000fbca7438,0x0000000100000000)
  to   space 87040K, 0% used [0x00000000f5600000,0x00000000f5600000,0x00000000fab00000)
 ParOldGen       total 1398272K, used 23552K [0x0000000080000000, 0x00000000d5580000, 0x00000000d5580000)
  object space 1398272K, 1% used [0x0000000080000000,0x0000000081700080,0x00000000d5580000)
 Metaspace       used 57531K, capacity 58886K, committed 59008K, reserved 1101824K
  class space    used 6681K, capacity 6965K, committed 7040K, reserved 1048576K
Event: 12.596 GC heap after
Heap after GC invocations=7 (full 3):
 PSYoungGen      total 611840K, used 0K [0x00000000d5580000, 0x0000000100000000, 0x0000000100000000)
  eden space 524800K, 0% used [0x00000000d5580000,0x00000000d5580000,0x00000000f5600000)
  from space 87040K, 0% used [0x00000000fab00000,0x00000000fab00000,0x0000000100000000)
  to   space 87040K, 0% used [0x00000000f5600000,0x00000000f5600000,0x00000000fab00000)
 ParOldGen       total 1398272K, used 29647K [0x0000000080000000, 0x00000000d5580000, 0x00000000d5580000)
  object space 1398272K, 2% used [0x0000000080000000,0x0000000081cf3dc0,0x00000000d5580000)
 Metaspace       used 57505K, capacity 58824K, committed 59008K, reserved 1101824K
  class space    used 6671K, capacity 6948K, committed 7040K, reserved 1048576K
}

