# JRE version: OpenJDK Runtime Environment (8.0_212-b04) (build 1.8.0_212-b04)
# Java VM: OpenJDK 64-Bit Server VM (25.212-b04 mixed mode linux-amd64 compressed oops)
Heap:
 PSYoungGen      total 601600K, used 370873K [0x00000000d5580000, 0x00000000fd000000, 0x0000000100000000)
  eden space 524800K, 56% used [0x00000000d5580000,0x00000000e74beb50,0x00000000f5600000)
  from space 76800K, 99% used [0x00000000f5600000,0x00000000fa0ef988,0x00000000fa100000)
  to   space 48128K, 0% used [0x00000000fa100000,0x00000000fa100000,0x00000000fd000000)
 ParOldGen       total 1398272K, used 32319K [0x0000000080000000, 0x00000000d5580000, 0x00000000d5580000)
  object space 1398272K, 2% used [0x0000000080000000,0x0000000081f8ffe0,0x00000000d5580000)
 Metaspace       used 79024K, capacity 82466K, committed 82816K, reserved 1122304K
  class space    used 9128K, capacity 9743K, committed 9856K, reserved 1048576K
GC Heap History (10 events):
Event: 4.382 GC heap before
{Heap before GC invocations=4 (full 2):
 PSYoungGen      total 611840K, used 19489K [0x00000000d5580000, 0x0000000100000000, 0x0000000100000000)
  eden space 524800K, 0% used [0x00000000d5580000,0x00000000d5580000,0x00000000f5600000)
  from space 87040K, 22% used [0x00000000fab00000,0x00000000fbe085e0,0x0000000100000000)
  to   space 87040K, 0% used [0x00000000f5600000,0x00000000f5600000,0x00000000fab00000)
 ParOldGen       total 851968K, used 13471K [0x0000000080000000, 0x00000000b4000000, 0x00000000d5580000)
  object space 851968K, 1% used [0x0000000080000000,0x0000000080d27db0,0x00000000b4000000)
 Metaspace       used 34733K, capacity 35018K, committed 35416K, reserved 1081344K
  class space    used 4186K, capacity 4289K, committed 4352K, reserved 1048576K
Event: 4.544 GC heap after
Heap after GC invocations=4 (full 2):
 PSYoungGen      total 611840K, used 0K [0x00000000d5580000, 0x0000000100000000, 0x0000000100000000)
  eden space 524800K, 0% used [0x00000000d5580000,0x00000000d5580000,0x00000000f5600000)
  from space 87040K, 0% used [0x00000000fab00000,0x00000000fab00000,0x0000000100000000)
  to   space 87040K, 0% used [0x00000000f5600000,0x00000000f5600000,0x00000000fab00000)
 ParOldGen       total 1398272K, used 24305K [0x0000000080000000, 0x00000000d5580000, 0x00000000d5580000)
  object space 1398272K, 1% used [0x0000000080000000,0x00000000817bc6b8,0x00000000d5580000)
 Metaspace       used 34733K, capacity 35018K, committed 35416K, reserved 1081344K
  class space    used 4186K, capacity 4289K, committed 4352K, reserved 1048576K
}
Event: 7.179 GC heap before
{Heap before GC invocations=5 (full 2):
 PSYoungGen      total 611840K, used 524800K [0x00000000d5580000, 0x0000000100000000, 0x0000000100000000)
  eden space 524800K, 100% used [0x00000000d5580000,0x00000000f5600000,0x00000000f5600000)
  from space 87040K, 0% used [0x00000000fab00000,0x00000000fab00000,0x0000000100000000)
  to   space 87040K, 0% used [0x00000000f5600000,0x00000000f5600000,0x00000000fab00000)
 ParOldGen       total 1398272K, used 24305K [0x0000000080000000, 0x00000000d5580000, 0x00000000d5580000)
  object space 1398272K, 1% used [0x0000000080000000,0x00000000817bc6b8,0x00000000d5580000)
 Metaspace       used 49345K, capacity 50204K, committed 50432K, reserved 1093632K
  class space    used 5880K, capacity 6084K, committed 6144K, reserved 1048576K
Event: 7.222 GC heap after
Heap after GC invocations=5 (full 2):
 PSYoungGen      total 611840K, used 20353K [0x00000000d5580000, 0x0000000100000000, 0x0000000100000000)
  eden space 524800K, 0% used [0x00000000d5580000,0x00000000d5580000,0x00000000f5600000)
  from space 87040K, 23% used [0x00000000f5600000,0x00000000f69e0638,0x00000000fab00000)
  to   space 87040K, 0% used [0x00000000fab00000,0x00000000fab00000,0x0000000100000000)
 ParOldGen       total 1398272K, used 24305K [0x0000000080000000, 0x00000000d5580000, 0x00000000d5580000)
  object space 1398272K, 1% used [0x0000000080000000,0x00000000817bc6b8,0x00000000d5580000)
 Metaspace       used 49345K, capacity 50204K, committed 50432K, reserved 1093632K
  class space    used 5880K, capacity 6084K, committed 6144K, reserved 1048576K
}
Event: 11.585 GC heap before
{Heap before GC invocations=6 (full 2):
 PSYoungGen      total 611840K, used 310294K [0x00000000d5580000, 0x0000000100000000, 0x0000000100000000)
  eden space 524800K, 55% used [0x00000000d5580000,0x00000000e70a5368,0x00000000f5600000)
  from space 87040K, 23% used [0x00000000f5600000,0x00000000f69e0638,0x00000000fab00000)
  to   space 87040K, 0% used [0x00000000fab00000,0x00000000fab00000,0x0000000100000000)
 ParOldGen       total 1398272K, used 24305K [0x0000000080000000, 0x00000000d5580000, 0x00000000d5580000)
  object space 1398272K, 1% used [0x0000000080000000,0x00000000817bc6b8,0x00000000d5580000)
 Metaspace       used 57685K, capacity 58838K, committed 59008K, reserved 1101824K
  class space    used 6933K, capacity 7169K, committed 7296K, reserved 1048576K
Event: 11.642 GC heap after
Heap after GC invocations=6 (full 2):
 PSYoungGen      total 611840K, used 19836K [0x00000000d5580000, 0x0000000100000000, 0x0000000100000000)
  eden space 524800K, 0% used [0x00000000d5580000,0x00000000d5580000,0x00000000f5600000)
  from space 87040K, 22% used [0x00000000fab00000,0x00000000fbe5f348,0x0000000100000000)
  to   space 87040K, 0% used [0x00000000f5600000,0x00000000f5600000,0x00000000fab00000)
 ParOldGen       total 1398272K, used 24313K [0x0000000080000000, 0x00000000d5580000, 0x00000000d5580000)
  object space 1398272K, 1% used [0x0000000080000000,0x00000000817be6b8,0x00000000d5580000)
 Metaspace       used 57685K, capacity 58838K, committed 59008K, reserved 1101824K
  class space    used 6933K, capacity 7169K, committed 7296K, reserved 1048576K
}
Event: 11.642 GC heap before
{Heap before GC invocations=7 (full 3):
 PSYoungGen      total 611840K, used 19836K [0x00000000d5580000, 0x0000000100000000, 0x0000000100000000)
  eden space 524800K, 0% used [0x00000000d5580000,0x00000000d5580000,0x00000000f5600000)
  from space 87040K, 22% used [0x00000000fab00000,0x00000000fbe5f348,0x0000000100000000)
  to   space 87040K, 0% used [0x00000000f5600000,0x00000000f5600000,0x00000000fab00000)
 ParOldGen       total 1398272K, used 24313K [0x0000000080000000, 0x00000000d5580000, 0x00000000d5580000)
  object space 1398272K, 1% used [0x0000000080000000,0x00000000817be6b8,0x00000000d5580000)
 Metaspace       used 57685K, capacity 58838K, committed 59008K, reserved 1101824K
  class space    used 6933K, capacity 7169K, committed 7296K, reserved 1048576K
Event: 11.890 GC heap after
Heap after GC invocations=7 (full 3):
 PSYoungGen      total 611840K, used 0K [0x00000000d5580000, 0x0000000100000000, 0x0000000100000000)
  eden space 524800K, 0% used [0x00000000d5580000,0x00000000d5580000,0x00000000f5600000)
  from space 87040K, 0% used [0x00000000fab00000,0x00000000fab00000,0x0000000100000000)
  to   space 87040K, 0% used [0x00000000f5600000,0x00000000f5600000,0x00000000fab00000)
 ParOldGen       total 1398272K, used 32319K [0x0000000080000000, 0x00000000d5580000, 0x00000000d5580000)
  object space 1398272K, 2% used [0x0000000080000000,0x0000000081f8ffe0,0x00000000d5580000)
 Metaspace       used 57602K, capacity 58638K, committed 59008K, reserved 1101824K
  class space    used 6903K, capacity 7117K, committed 7296K, reserved 1048576K
}
Event: 25.075 GC heap before
{Heap before GC invocations=8 (full 3):
 PSYoungGen      total 611840K, used 523912K [0x00000000d5580000, 0x0000000100000000, 0x0000000100000000)
  eden space 524800K, 99% used [0x00000000d5580000,0x00000000f5522230,0x00000000f5600000)
  from space 87040K, 0% used [0x00000000fab00000,0x00000000fab00000,0x0000000100000000)
  to   space 87040K, 0% used [0x00000000f5600000,0x00000000f5600000,0x00000000fab00000)
 ParOldGen       total 1398272K, used 32319K [0x0000000080000000, 0x00000000d5580000, 0x00000000d5580000)
  object space 1398272K, 2% used [0x0000000080000000,0x0000000081f8ffe0,0x00000000d5580000)
 Metaspace       used 76235K, capacity 78958K, committed 79104K, reserved 1118208K
  class space    used 8887K, capacity 9411K, committed 9472K, reserved 1048576K
Event: 25.173 GC heap after
Heap after GC invocations=8 (full 3):
 PSYoungGen      total 601600K, used 76734K [0x00000000d5580000, 0x00000000fd000000, 0x0000000100000000)
  eden space 524800K, 0% used [0x00000000d5580000,0x00000000d5580000,0x00000000f5600000)
  from space 76800K, 99% used [0x00000000f5600000,0x00000000fa0ef988,0x00000000fa100000)
  to   space 48128K, 0% used [0x00000000fa100000,0x00000000fa100000,0x00000000fd000000)
 ParOldGen       total 1398272K, used 32319K [0x0000000080000000, 0x00000000d5580000, 0x00000000d5580000)
  object space 1398272K, 2% used [0x0000000080000000,0x0000000081f8ffe0,0x00000000d5580000)
 Metaspace       used 76235K, capacity 78958K, committed 79104K, reserved 1118208K
  class space    used 8887K, capacity 9411K, committed 9472K, reserved 1048576K
}

