# JRE version: OpenJDK Runtime Environment (8.0_212-b04) (build 1.8.0_212-b04)
# Java VM: OpenJDK 64-Bit Server VM (25.212-b04 mixed mode linux-amd64 compressed oops)
Heap:
 PSYoungGen      total 606720K, used 368151K [0x00000000d5580000, 0x00000000fd700000, 0x0000000100000000)
  eden space 524800K, 54% used [0x00000000d5580000,0x00000000e6d406e0,0x00000000f5600000)
  from space 81920K, 99% used [0x00000000f5600000,0x00000000fa5c5768,0x00000000fa600000)
  to   space 50176K, 0% used [0x00000000fa600000,0x00000000fa600000,0x00000000fd700000)
 ParOldGen       total 1398272K, used 32423K [0x0000000080000000, 0x00000000d5580000, 0x00000000d5580000)
  object space 1398272K, 2% used [0x0000000080000000,0x0000000081fa9c10,0x00000000d5580000)
 Metaspace       used 78295K, capacity 81689K, committed 81920K, reserved 1122304K
  class space    used 9055K, capacity 9659K, committed 9728K, reserved 1048576K
GC Heap History (10 events):
Event: 3.988 GC heap before
{Heap before GC invocations=4 (full 2):
 PSYoungGen      total 611840K, used 19475K [0x00000000d5580000, 0x0000000100000000, 0x0000000100000000)
  eden space 524800K, 0% used [0x00000000d5580000,0x00000000d5580000,0x00000000f5600000)
  from space 87040K, 22% used [0x00000000fab00000,0x00000000fbe04d38,0x0000000100000000)
  to   space 87040K, 0% used [0x00000000f5600000,0x00000000f5600000,0x00000000fab00000)
 ParOldGen       total 867328K, used 13521K [0x0000000080000000, 0x00000000b4f00000, 0x00000000d5580000)
  object space 867328K, 1% used [0x0000000080000000,0x0000000080d34660,0x00000000b4f00000)
 Metaspace       used 34841K, capacity 35114K, committed 35416K, reserved 1081344K
  class space    used 4202K, capacity 4321K, committed 4352K, reserved 1048576K
Event: 4.119 GC heap after
Heap after GC invocations=4 (full 2):
 PSYoungGen      total 611840K, used 0K [0x00000000d5580000, 0x0000000100000000, 0x0000000100000000)
  eden space 524800K, 0% used [0x00000000d5580000,0x00000000d5580000,0x00000000f5600000)
  from space 87040K, 0% used [0x00000000fab00000,0x00000000fab00000,0x0000000100000000)
  to   space 87040K, 0% used [0x00000000f5600000,0x00000000f5600000,0x00000000fab00000)
 ParOldGen       total 1398272K, used 24342K [0x0000000080000000, 0x00000000d5580000, 0x00000000d5580000)
  object space 1398272K, 1% used [0x0000000080000000,0x00000000817c5a50,0x00000000d5580000)
 Metaspace       used 34841K, capacity 35114K, committed 35416K, reserved 1081344K
  class space    used 4202K, capacity 4321K, committed 4352K, reserved 1048576K
}
Event: 7.603 GC heap before
{Heap before GC invocations=5 (full 2):
 PSYoungGen      total 611840K, used 524800K [0x00000000d5580000, 0x0000000100000000, 0x0000000100000000)
  eden space 524800K, 100% used [0x00000000d5580000,0x00000000f5600000,0x00000000f5600000)
  from space 87040K, 0% used [0x00000000fab00000,0x00000000fab00000,0x0000000100000000)
  to   space 87040K, 0% used [0x00000000f5600000,0x00000000f5600000,0x00000000fab00000)
 ParOldGen       total 1398272K, used 24342K [0x0000000080000000, 0x00000000d5580000, 0x00000000d5580000)
  object space 1398272K, 1% used [0x0000000080000000,0x00000000817c5a50,0x00000000d5580000)
 Metaspace       used 49379K, capacity 50180K, committed 50432K, reserved 1093632K
  class space    used 5870K, capacity 6054K, committed 6144K, reserved 1048576K
Event: 7.655 GC heap after
Heap after GC invocations=5 (full 2):
 PSYoungGen      total 611840K, used 21143K [0x00000000d5580000, 0x0000000100000000, 0x0000000100000000)
  eden space 524800K, 0% used [0x00000000d5580000,0x00000000d5580000,0x00000000f5600000)
  from space 87040K, 24% used [0x00000000f5600000,0x00000000f6aa5c80,0x00000000fab00000)
  to   space 87040K, 0% used [0x00000000fab00000,0x00000000fab00000,0x0000000100000000)
 ParOldGen       total 1398272K, used 24350K [0x0000000080000000, 0x00000000d5580000, 0x00000000d5580000)
  object space 1398272K, 1% used [0x0000000080000000,0x00000000817c7a50,0x00000000d5580000)
 Metaspace       used 49379K, capacity 50180K, committed 50432K, reserved 1093632K
  class space    used 5870K, capacity 6054K, committed 6144K, reserved 1048576K
}
Event: 11.825 GC heap before
{Heap before GC invocations=6 (full 2):
 PSYoungGen      total 611840K, used 325857K [0x00000000d5580000, 0x0000000100000000, 0x0000000100000000)
  eden space 524800K, 58% used [0x00000000d5580000,0x00000000e7f12a30,0x00000000f5600000)
  from space 87040K, 24% used [0x00000000f5600000,0x00000000f6aa5c80,0x00000000fab00000)
  to   space 87040K, 0% used [0x00000000fab00000,0x00000000fab00000,0x0000000100000000)
 ParOldGen       total 1398272K, used 24350K [0x0000000080000000, 0x00000000d5580000, 0x00000000d5580000)
  object space 1398272K, 1% used [0x0000000080000000,0x00000000817c7a50,0x00000000d5580000)
 Metaspace       used 57774K, capacity 58981K, committed 59028K, reserved 1101824K
  class space    used 6935K, capacity 7168K, committed 7168K, reserved 1048576K
Event: 11.870 GC heap after
Heap after GC invocations=6 (full 2):
 PSYoungGen      total 611840K, used 19893K [0x00000000d5580000, 0x0000000100000000, 0x0000000100000000)
  eden space 524800K, 0% used [0x00000000d5580000,0x00000000d5580000,0x00000000f5600000)
  from space 87040K, 22% used [0x00000000fab00000,0x00000000fbe6d738,0x0000000100000000)
  to   space 87040K, 0% used [0x00000000f5600000,0x00000000f5600000,0x00000000fab00000)
 ParOldGen       total 1398272K, used 24358K [0x0000000080000000, 0x00000000d5580000, 0x00000000d5580000)
  object space 1398272K, 1% used [0x0000000080000000,0x00000000817c9a50,0x00000000d5580000)
 Metaspace       used 57774K, capacity 58981K, committed 59028K, reserved 1101824K
  class space    used 6935K, capacity 7168K, committed 7168K, reserved 1048576K
}
Event: 11.870 GC heap before
{Heap before GC invocations=7 (full 3):
 PSYoungGen      total 611840K, used 19893K [0x00000000d5580000, 0x0000000100000000, 0x0000000100000000)
  eden space 524800K, 0% used [0x00000000d5580000,0x00000000d5580000,0x00000000f5600000)
  from space 87040K, 22% used [0x00000000fab00000,0x00000000fbe6d738,0x0000000100000000)
  to   space 87040K, 0% used [0x00000000f5600000,0x00000000f5600000,0x00000000fab00000)
 ParOldGen       total 1398272K, used 24358K [0x0000000080000000, 0x00000000d5580000, 0x00000000d5580000)
  object space 1398272K, 1% used [0x0000000080000000,0x00000000817c9a50,0x00000000d5580000)
 Metaspace       used 57774K, capacity 58981K, committed 59028K, reserved 1101824K
  class space    used 6935K, capacity 7168K, committed 7168K, reserved 1048576K
Event: 12.139 GC heap after
Heap after GC invocations=7 (full 3):
 PSYoungGen      total 611840K, used 0K [0x00000000d5580000, 0x0000000100000000, 0x0000000100000000)
  eden space 524800K, 0% used [0x00000000d5580000,0x00000000d5580000,0x00000000f5600000)
  from space 87040K, 0% used [0x00000000fab00000,0x00000000fab00000,0x0000000100000000)
  to   space 87040K, 0% used [0x00000000f5600000,0x00000000f5600000,0x00000000fab00000)
 ParOldGen       total 1398272K, used 32423K [0x0000000080000000, 0x00000000d5580000, 0x00000000d5580000)
  object space 1398272K, 2% used [0x0000000080000000,0x0000000081fa9c10,0x00000000d5580000)
 Metaspace       used 57688K, capacity 58765K, committed 59028K, reserved 1101824K
  class space    used 6905K, capacity 7116K, committed 7168K, reserved 1048576K
}
Event: 22.437 GC heap before
{Heap before GC invocations=8 (full 3):
 PSYoungGen      total 611840K, used 524720K [0x00000000d5580000, 0x0000000100000000, 0x0000000100000000)
  eden space 524800K, 99% used [0x00000000d5580000,0x00000000f55ec200,0x00000000f5600000)
  from space 87040K, 0% used [0x00000000fab00000,0x00000000fab00000,0x0000000100000000)
  to   space 87040K, 0% used [0x00000000f5600000,0x00000000f5600000,0x00000000fab00000)
 ParOldGen       total 1398272K, used 32423K [0x0000000080000000, 0x00000000d5580000, 0x00000000d5580000)
  object space 1398272K, 2% used [0x0000000080000000,0x0000000081fa9c10,0x00000000d5580000)
 Metaspace       used 76162K, capacity 79133K, committed 79360K, reserved 1120256K
  class space    used 8876K, capacity 9429K, committed 9472K, reserved 1048576K
Event: 22.521 GC heap after
Heap after GC invocations=8 (full 3):
 PSYoungGen      total 606720K, used 81685K [0x00000000d5580000, 0x00000000fd700000, 0x0000000100000000)
  eden space 524800K, 0% used [0x00000000d5580000,0x00000000d5580000,0x00000000f5600000)
  from space 81920K, 99% used [0x00000000f5600000,0x00000000fa5c5768,0x00000000fa600000)
  to   space 50176K, 0% used [0x00000000fa600000,0x00000000fa600000,0x00000000fd700000)
 ParOldGen       total 1398272K, used 32423K [0x0000000080000000, 0x00000000d5580000, 0x00000000d5580000)
  object space 1398272K, 2% used [0x0000000080000000,0x0000000081fa9c10,0x00000000d5580000)
 Metaspace       used 76162K, capacity 79133K, committed 79360K, reserved 1120256K
  class space    used 8876K, capacity 9429K, committed 9472K, reserved 1048576K
}

