# JRE version: OpenJDK Runtime Environment (8.0_212-b04) (build 1.8.0_212-b04)
# Java VM: OpenJDK 64-Bit Server VM (25.212-b04 mixed mode linux-amd64 compressed oops)
Heap:
 PSYoungGen      total 611840K, used 500547K [0x00000000d5580000, 0x0000000100000000, 0x0000000100000000)
  eden space 524800K, 95% used [0x00000000d5580000,0x00000000f3e50e60,0x00000000f5600000)
  from space 87040K, 0% used [0x00000000fab00000,0x00000000fab00000,0x0000000100000000)
  to   space 87040K, 0% used [0x00000000f5600000,0x00000000f5600000,0x00000000fab00000)
 ParOldGen       total 1398272K, used 40924K [0x0000000080000000, 0x00000000d5580000, 0x00000000d5580000)
  object space 1398272K, 2% used [0x0000000080000000,0x00000000827f7150,0x00000000d5580000)
 Metaspace       used 65527K, capacity 70158K, committed 70400K, reserved 1112064K
  class space    used 7670K, capacity 8421K, committed 8448K, reserved 1048576K
GC Heap History (10 events):
Event: 4.889 GC heap before
{Heap before GC invocations=3 (full 1):
 PSYoungGen      total 611840K, used 434543K [0x00000000d5580000, 0x0000000100000000, 0x0000000100000000)
  eden space 524800K, 82% used [0x00000000d5580000,0x00000000efddbf30,0x00000000f5600000)
  from space 87040K, 0% used [0x00000000f5600000,0x00000000f5600000,0x00000000fab00000)
  to   space 87040K, 0% used [0x00000000fab00000,0x00000000fab00000,0x0000000100000000)
 ParOldGen       total 872960K, used 13733K [0x0000000080000000, 0x00000000b5480000, 0x00000000d5580000)
  object space 872960K, 1% used [0x0000000080000000,0x0000000080d69650,0x00000000b5480000)
 Metaspace       used 34827K, capacity 35188K, committed 35416K, reserved 1081344K
  class space    used 3971K, capacity 4092K, committed 4096K, reserved 1048576K
Event: 4.934 GC heap after
Heap after GC invocations=3 (full 1):
 PSYoungGen      total 611840K, used 19276K [0x00000000d5580000, 0x0000000100000000, 0x0000000100000000)
  eden space 524800K, 0% used [0x00000000d5580000,0x00000000d5580000,0x00000000f5600000)
  from space 87040K, 22% used [0x00000000fab00000,0x00000000fbdd31d8,0x0000000100000000)
  to   space 87040K, 0% used [0x00000000f5600000,0x00000000f5600000,0x00000000fab00000)
 ParOldGen       total 872960K, used 13741K [0x0000000080000000, 0x00000000b5480000, 0x00000000d5580000)
  object space 872960K, 1% used [0x0000000080000000,0x0000000080d6b650,0x00000000b5480000)
 Metaspace       used 34827K, capacity 35188K, committed 35416K, reserved 1081344K
  class space    used 3971K, capacity 4092K, committed 4096K, reserved 1048576K
}
Event: 4.934 GC heap before
{Heap before GC invocations=4 (full 2):
 PSYoungGen      total 611840K, used 19276K [0x00000000d5580000, 0x0000000100000000, 0x0000000100000000)
  eden space 524800K, 0% used [0x00000000d5580000,0x00000000d5580000,0x00000000f5600000)
  from space 87040K, 22% used [0x00000000fab00000,0x00000000fbdd31d8,0x0000000100000000)
  to   space 87040K, 0% used [0x00000000f5600000,0x00000000f5600000,0x00000000fab00000)
 ParOldGen       total 872960K, used 13741K [0x0000000080000000, 0x00000000b5480000, 0x00000000d5580000)
  object space 872960K, 1% used [0x0000000080000000,0x0000000080d6b650,0x00000000b5480000)
 Metaspace       used 34827K, capacity 35188K, committed 35416K, reserved 1081344K
  class space    used 3971K, capacity 4092K, committed 4096K, reserved 1048576K
Event: 5.066 GC heap after
Heap after GC invocations=4 (full 2):
 PSYoungGen      total 611840K, used 0K [0x00000000d5580000, 0x0000000100000000, 0x0000000100000000)
  eden space 524800K, 0% used [0x00000000d5580000,0x00000000d5580000,0x00000000f5600000)
  from space 87040K, 0% used [0x00000000fab00000,0x00000000fab00000,0x0000000100000000)
  to   space 87040K, 0% used [0x00000000f5600000,0x00000000f5600000,0x00000000fab00000)
 ParOldGen       total 1398272K, used 23577K [0x0000000080000000, 0x00000000d5580000, 0x00000000d5580000)
  object space 1398272K, 1% used [0x0000000080000000,0x0000000081706490,0x00000000d5580000)
 Metaspace       used 34827K, capacity 35188K, committed 35416K, reserved 1081344K
  class space    used 3971K, capacity 4092K, committed 4096K, reserved 1048576K
}
Event: 8.430 GC heap before
{Heap before GC invocations=5 (full 2):
 PSYoungGen      total 611840K, used 524800K [0x00000000d5580000, 0x0000000100000000, 0x0000000100000000)
  eden space 524800K, 100% used [0x00000000d5580000,0x00000000f5600000,0x00000000f5600000)
  from space 87040K, 0% used [0x00000000fab00000,0x00000000fab00000,0x0000000100000000)
  to   space 87040K, 0% used [0x00000000f5600000,0x00000000f5600000,0x00000000fab00000)
 ParOldGen       total 1398272K, used 23577K [0x0000000080000000, 0x00000000d5580000, 0x00000000d5580000)
  object space 1398272K, 1% used [0x0000000080000000,0x0000000081706490,0x00000000d5580000)
 Metaspace       used 44937K, capacity 45868K, committed 46208K, reserved 1089536K
  class space    used 5173K, capacity 5398K, committed 5504K, reserved 1048576K
Event: 8.474 GC heap after
Heap after GC invocations=5 (full 2):
 PSYoungGen      total 611840K, used 20500K [0x00000000d5580000, 0x0000000100000000, 0x0000000100000000)
  eden space 524800K, 0% used [0x00000000d5580000,0x00000000d5580000,0x00000000f5600000)
  from space 87040K, 23% used [0x00000000f5600000,0x00000000f6a050d0,0x00000000fab00000)
  to   space 87040K, 0% used [0x00000000fab00000,0x00000000fab00000,0x0000000100000000)
 ParOldGen       total 1398272K, used 23585K [0x0000000080000000, 0x00000000d5580000, 0x00000000d5580000)
  object space 1398272K, 1% used [0x0000000080000000,0x0000000081708490,0x00000000d5580000)
 Metaspace       used 44937K, capacity 45868K, committed 46208K, reserved 1089536K
  class space    used 5173K, capacity 5398K, committed 5504K, reserved 1048576K
}
Event: 13.785 GC heap before
{Heap before GC invocations=6 (full 2):
 PSYoungGen      total 611840K, used 278925K [0x00000000d5580000, 0x0000000100000000, 0x0000000100000000)
  eden space 524800K, 49% used [0x00000000d5580000,0x00000000e51de6c0,0x00000000f5600000)
  from space 87040K, 23% used [0x00000000f5600000,0x00000000f6a050d0,0x00000000fab00000)
  to   space 87040K, 0% used [0x00000000fab00000,0x00000000fab00000,0x0000000100000000)
 ParOldGen       total 1398272K, used 23585K [0x0000000080000000, 0x00000000d5580000, 0x00000000d5580000)
  object space 1398272K, 1% used [0x0000000080000000,0x0000000081708490,0x00000000d5580000)
 Metaspace       used 57382K, capacity 58898K, committed 59028K, reserved 1101824K
  class space    used 6581K, capacity 6869K, committed 6912K, reserved 1048576K
Event: 13.850 GC heap after
Heap after GC invocations=6 (full 2):
 PSYoungGen      total 611840K, used 29710K [0x00000000d5580000, 0x0000000100000000, 0x0000000100000000)
  eden space 524800K, 0% used [0x00000000d5580000,0x00000000d5580000,0x00000000f5600000)
  from space 87040K, 34% used [0x00000000fab00000,0x00000000fc803a00,0x0000000100000000)
  to   space 87040K, 0% used [0x00000000f5600000,0x00000000f5600000,0x00000000fab00000)
 ParOldGen       total 1398272K, used 23593K [0x0000000080000000, 0x00000000d5580000, 0x00000000d5580000)
  object space 1398272K, 1% used [0x0000000080000000,0x000000008170a490,0x00000000d5580000)
 Metaspace       used 57382K, capacity 58898K, committed 59028K, reserved 1101824K
  class space    used 6581K, capacity 6869K, committed 6912K, reserved 1048576K
}
Event: 13.850 GC heap before
{Heap before GC invocations=7 (full 3):
 PSYoungGen      total 611840K, used 29710K [0x00000000d5580000, 0x0000000100000000, 0x0000000100000000)
  eden space 524800K, 0% used [0x00000000d5580000,0x00000000d5580000,0x00000000f5600000)
  from space 87040K, 34% used [0x00000000fab00000,0x00000000fc803a00,0x0000000100000000)
  to   space 87040K, 0% used [0x00000000f5600000,0x00000000f5600000,0x00000000fab00000)
 ParOldGen       total 1398272K, used 23593K [0x0000000080000000, 0x00000000d5580000, 0x00000000d5580000)
  object space 1398272K, 1% used [0x0000000080000000,0x000000008170a490,0x00000000d5580000)
 Metaspace       used 57382K, capacity 58898K, committed 59028K, reserved 1101824K
  class space    used 6581K, capacity 6869K, committed 6912K, reserved 1048576K
Event: 14.201 GC heap after
Heap after GC invocations=7 (full 3):
 PSYoungGen      total 611840K, used 0K [0x00000000d5580000, 0x0000000100000000, 0x0000000100000000)
  eden space 524800K, 0% used [0x00000000d5580000,0x00000000d5580000,0x00000000f5600000)
  from space 87040K, 0% used [0x00000000fab00000,0x00000000fab00000,0x0000000100000000)
  to   space 87040K, 0% used [0x00000000f5600000,0x00000000f5600000,0x00000000fab00000)
 ParOldGen       total 1398272K, used 40924K [0x0000000080000000, 0x00000000d5580000, 0x00000000d5580000)
  object space 1398272K, 2% used [0x0000000080000000,0x00000000827f7150,0x00000000d5580000)
 Metaspace       used 57355K, capacity 58830K, committed 59028K, reserved 1101824K
  class space    used 6572K, capacity 6853K, committed 6912K, reserved 1048576K
}

