# JRE version: OpenJDK Runtime Environment (8.0_212-b04) (build 1.8.0_212-b04)
# Java VM: OpenJDK 64-Bit Server VM (25.212-b04 mixed mode linux-amd64 compressed oops)
Heap:
 PSYoungGen      total 611840K, used 183072K [0x00000000d5580000, 0x0000000100000000, 0x0000000100000000)
  eden space 524800K, 34% used [0x00000000d5580000,0x00000000e08480f8,0x00000000f5600000)
  from space 87040K, 0% used [0x00000000f5600000,0x00000000f5600000,0x00000000fab00000)
  to   space 87040K, 0% used [0x00000000fab00000,0x00000000fab00000,0x0000000100000000)
 ParOldGen       total 1398272K, used 44617K [0x0000000080000000, 0x00000000d5580000, 0x00000000d5580000)
  object space 1398272K, 3% used [0x0000000080000000,0x0000000082b927a8,0x00000000d5580000)
 Metaspace       used 62859K, capacity 65128K, committed 65280K, reserved 1107968K
  class space    used 7257K, capacity 7674K, committed 7680K, reserved 1048576K
GC Heap History (10 events):
Event: 2.300 GC heap before
{Heap before GC invocations=2 (full 1):
 PSYoungGen      total 611840K, used 14257K [0x00000000d5580000, 0x0000000100000000, 0x0000000100000000)
  eden space 524800K, 0% used [0x00000000d5580000,0x00000000d5580000,0x00000000f5600000)
  from space 87040K, 16% used [0x00000000f5600000,0x00000000f63ec700,0x00000000fab00000)
  to   space 87040K, 0% used [0x00000000fab00000,0x00000000fab00000,0x0000000100000000)
 ParOldGen       total 1398272K, used 80K [0x0000000080000000, 0x00000000d5580000, 0x00000000d5580000)
  object space 1398272K, 0% used [0x0000000080000000,0x0000000080014010,0x00000000d5580000)
 Metaspace       used 20831K, capacity 21106K, committed 21248K, reserved 1069056K
  class space    used 2368K, capacity 2482K, committed 2560K, reserved 1048576K
Event: 2.379 GC heap after
Heap after GC invocations=2 (full 1):
 PSYoungGen      total 611840K, used 0K [0x00000000d5580000, 0x0000000100000000, 0x0000000100000000)
  eden space 524800K, 0% used [0x00000000d5580000,0x00000000d5580000,0x00000000f5600000)
  from space 87040K, 0% used [0x00000000f5600000,0x00000000f5600000,0x00000000fab00000)
  to   space 87040K, 0% used [0x00000000fab00000,0x00000000fab00000,0x0000000100000000)
 ParOldGen       total 911872K, used 13739K [0x0000000080000000, 0x00000000b7a80000, 0x00000000d5580000)
  object space 911872K, 1% used [0x0000000080000000,0x0000000080d6adf0,0x00000000b7a80000)
 Metaspace       used 20831K, capacity 21106K, committed 21248K, reserved 1069056K
  class space    used 2368K, capacity 2482K, committed 2560K, reserved 1048576K
}
Event: 5.371 GC heap before
{Heap before GC invocations=3 (full 1):
 PSYoungGen      total 611840K, used 434548K [0x00000000d5580000, 0x0000000100000000, 0x0000000100000000)
  eden space 524800K, 82% used [0x00000000d5580000,0x00000000efddd110,0x00000000f5600000)
  from space 87040K, 0% used [0x00000000f5600000,0x00000000f5600000,0x00000000fab00000)
  to   space 87040K, 0% used [0x00000000fab00000,0x00000000fab00000,0x0000000100000000)
 ParOldGen       total 911872K, used 13739K [0x0000000080000000, 0x00000000b7a80000, 0x00000000d5580000)
  object space 911872K, 1% used [0x0000000080000000,0x0000000080d6adf0,0x00000000b7a80000)
 Metaspace       used 34739K, capacity 35124K, committed 35416K, reserved 1081344K
  class space    used 3973K, capacity 4092K, committed 4096K, reserved 1048576K
Event: 5.412 GC heap after
Heap after GC invocations=3 (full 1):
 PSYoungGen      total 611840K, used 19212K [0x00000000d5580000, 0x0000000100000000, 0x0000000100000000)
  eden space 524800K, 0% used [0x00000000d5580000,0x00000000d5580000,0x00000000f5600000)
  from space 87040K, 22% used [0x00000000fab00000,0x00000000fbdc3340,0x0000000100000000)
  to   space 87040K, 0% used [0x00000000f5600000,0x00000000f5600000,0x00000000fab00000)
 ParOldGen       total 911872K, used 13747K [0x0000000080000000, 0x00000000b7a80000, 0x00000000d5580000)
  object space 911872K, 1% used [0x0000000080000000,0x0000000080d6cdf0,0x00000000b7a80000)
 Metaspace       used 34739K, capacity 35124K, committed 35416K, reserved 1081344K
  class space    used 3973K, capacity 4092K, committed 4096K, reserved 1048576K
}
Event: 5.412 GC heap before
{Heap before GC invocations=4 (full 2):
 PSYoungGen      total 611840K, used 19212K [0x00000000d5580000, 0x0000000100000000, 0x0000000100000000)
  eden space 524800K, 0% used [0x00000000d5580000,0x00000000d5580000,0x00000000f5600000)
  from space 87040K, 22% used [0x00000000fab00000,0x00000000fbdc3340,0x0000000100000000)
  to   space 87040K, 0% used [0x00000000f5600000,0x00000000f5600000,0x00000000fab00000)
 ParOldGen       total 911872K, used 13747K [0x0000000080000000, 0x00000000b7a80000, 0x00000000d5580000)
  object space 911872K, 1% used [0x0000000080000000,0x0000000080d6cdf0,0x00000000b7a80000)
 Metaspace       used 34739K, capacity 35124K, committed 35416K, reserved 1081344K
  class space    used 3973K, capacity 4092K, committed 4096K, reserved 1048576K
Event: 5.534 GC heap after
Heap after GC invocations=4 (full 2):
 PSYoungGen      total 611840K, used 0K [0x00000000d5580000, 0x0000000100000000, 0x0000000100000000)
  eden space 524800K, 0% used [0x00000000d5580000,0x00000000d5580000,0x00000000f5600000)
  from space 87040K, 0% used [0x00000000fab00000,0x00000000fab00000,0x0000000100000000)
  to   space 87040K, 0% used [0x00000000f5600000,0x00000000f5600000,0x00000000fab00000)
 ParOldGen       total 1398272K, used 23586K [0x0000000080000000, 0x00000000d5580000, 0x00000000d5580000)
  object space 1398272K, 1% used [0x0000000080000000,0x0000000081708b98,0x00000000d5580000)
 Metaspace       used 34739K, capacity 35124K, committed 35416K, reserved 1081344K
  class space    used 3973K, capacity 4092K, committed 4096K, reserved 1048576K
}
Event: 12.674 GC heap before
{Heap before GC invocations=5 (full 2):
 PSYoungGen      total 611840K, used 505631K [0x00000000d5580000, 0x0000000100000000, 0x0000000100000000)
  eden space 524800K, 96% used [0x00000000d5580000,0x00000000f4347f80,0x00000000f5600000)
  from space 87040K, 0% used [0x00000000fab00000,0x00000000fab00000,0x0000000100000000)
  to   space 87040K, 0% used [0x00000000f5600000,0x00000000f5600000,0x00000000fab00000)
 ParOldGen       total 1398272K, used 23586K [0x0000000080000000, 0x00000000d5580000, 0x00000000d5580000)
  object space 1398272K, 1% used [0x0000000080000000,0x0000000081708b98,0x00000000d5580000)
 Metaspace       used 57394K, capacity 58794K, committed 59008K, reserved 1101824K
  class space    used 6647K, capacity 6931K, committed 7040K, reserved 1048576K
Event: 12.732 GC heap after
Heap after GC invocations=5 (full 2):
 PSYoungGen      total 611840K, used 34128K [0x00000000d5580000, 0x0000000100000000, 0x0000000100000000)
  eden space 524800K, 0% used [0x00000000d5580000,0x00000000d5580000,0x00000000f5600000)
  from space 87040K, 39% used [0x00000000f5600000,0x00000000f7754248,0x00000000fab00000)
  to   space 87040K, 0% used [0x00000000fab00000,0x00000000fab00000,0x0000000100000000)
 ParOldGen       total 1398272K, used 23594K [0x0000000080000000, 0x00000000d5580000, 0x00000000d5580000)
  object space 1398272K, 1% used [0x0000000080000000,0x000000008170ab98,0x00000000d5580000)
 Metaspace       used 57394K, capacity 58794K, committed 59008K, reserved 1101824K
  class space    used 6647K, capacity 6931K, committed 7040K, reserved 1048576K
}
Event: 12.733 GC heap before
{Heap before GC invocations=6 (full 3):
 PSYoungGen      total 611840K, used 34128K [0x00000000d5580000, 0x0000000100000000, 0x0000000100000000)
  eden space 524800K, 0% used [0x00000000d5580000,0x00000000d5580000,0x00000000f5600000)
  from space 87040K, 39% used [0x00000000f5600000,0x00000000f7754248,0x00000000fab00000)
  to   space 87040K, 0% used [0x00000000fab00000,0x00000000fab00000,0x0000000100000000)
 ParOldGen       total 1398272K, used 23594K [0x0000000080000000, 0x00000000d5580000, 0x00000000d5580000)
  object space 1398272K, 1% used [0x0000000080000000,0x000000008170ab98,0x00000000d5580000)
 Metaspace       used 57394K, capacity 58794K, committed 59008K, reserved 1101824K
  class space    used 6647K, capacity 6931K, committed 7040K, reserved 1048576K
Event: 13.019 GC heap after
Heap after GC invocations=6 (full 3):
 PSYoungGen      total 611840K, used 0K [0x00000000d5580000, 0x0000000100000000, 0x0000000100000000)
  eden space 524800K, 0% used [0x00000000d5580000,0x00000000d5580000,0x00000000f5600000)
  from space 87040K, 0% used [0x00000000f5600000,0x00000000f5600000,0x00000000fab00000)
  to   space 87040K, 0% used [0x00000000fab00000,0x00000000fab00000,0x0000000100000000)
 ParOldGen       total 1398272K, used 44617K [0x0000000080000000, 0x00000000d5580000, 0x00000000d5580000)
  object space 1398272K, 3% used [0x0000000080000000,0x0000000082b927a8,0x00000000d5580000)
 Metaspace       used 57364K, capacity 58726K, committed 59008K, reserved 1101824K
  class space    used 6637K, capacity 6913K, committed 7040K, reserved 1048576K
}

