# JRE version: OpenJDK Runtime Environment (8.0_212-b04) (build 1.8.0_212-b04)
# Java VM: OpenJDK 64-Bit Server VM (25.212-b04 mixed mode linux-amd64 compressed oops)
Heap:
 PSYoungGen      total 611840K, used 152282K [0x00000000d5580000, 0x0000000100000000, 0x0000000100000000)
  eden space 524800K, 29% used [0x00000000d5580000,0x00000000dea36ad0,0x00000000f5600000)
  from space 87040K, 0% used [0x00000000fab00000,0x00000000fab00000,0x0000000100000000)
  to   space 87040K, 0% used [0x00000000f5600000,0x00000000f5600000,0x00000000fab00000)
 ParOldGen       total 1396736K, used 10586K [0x0000000080000000, 0x00000000d5400000, 0x00000000d5580000)
  object space 1396736K, 0% used [0x0000000080000000,0x0000000080a569a8,0x00000000d5400000)
 Metaspace       used 40833K, capacity 41213K, committed 41432K, reserved 1085440K
  class space    used 4454K, capacity 4602K, committed 4624K, reserved 1048576K
GC Heap History (8 events):
Event: 3.252 GC heap before
{Heap before GC invocations=1 (full 0):
 PSYoungGen      total 611840K, used 325378K [0x00000000d5580000, 0x0000000100000000, 0x0000000100000000)
  eden space 524800K, 62% used [0x00000000d5580000,0x00000000e9340ad0,0x00000000f5600000)
  from space 87040K, 0% used [0x00000000fab00000,0x00000000fab00000,0x0000000100000000)
  to   space 87040K, 0% used [0x00000000f5600000,0x00000000f5600000,0x00000000fab00000)
 ParOldGen       total 1398272K, used 0K [0x0000000080000000, 0x00000000d5580000, 0x00000000d5580000)
  object space 1398272K, 0% used [0x0000000080000000,0x0000000080000000,0x00000000d5580000)
 Metaspace       used 20779K, capacity 20970K, committed 21248K, reserved 1067008K
  class space    used 2605K, capacity 2693K, committed 2816K, reserved 1048576K
Event: 3.285 GC heap after
Heap after GC invocations=1 (full 0):
 PSYoungGen      total 611840K, used 14556K [0x00000000d5580000, 0x0000000100000000, 0x0000000100000000)
  eden space 524800K, 0% used [0x00000000d5580000,0x00000000d5580000,0x00000000f5600000)
  from space 87040K, 16% used [0x00000000f5600000,0x00000000f64372f0,0x00000000fab00000)
  to   space 87040K, 0% used [0x00000000fab00000,0x00000000fab00000,0x0000000100000000)
 ParOldGen       total 1398272K, used 24K [0x0000000080000000, 0x00000000d5580000, 0x00000000d5580000)
  object space 1398272K, 0% used [0x0000000080000000,0x0000000080006000,0x00000000d5580000)
 Metaspace       used 20779K, capacity 20970K, committed 21248K, reserved 1067008K
  class space    used 2605K, capacity 2693K, committed 2816K, reserved 1048576K
}
Event: 3.285 GC heap before
{Heap before GC invocations=2 (full 1):
 PSYoungGen      total 611840K, used 14556K [0x00000000d5580000, 0x0000000100000000, 0x0000000100000000)
  eden space 524800K, 0% used [0x00000000d5580000,0x00000000d5580000,0x00000000f5600000)
  from space 87040K, 16% used [0x00000000f5600000,0x00000000f64372f0,0x00000000fab00000)
  to   space 87040K, 0% used [0x00000000fab00000,0x00000000fab00000,0x0000000100000000)
 ParOldGen       total 1398272K, used 24K [0x0000000080000000, 0x00000000d5580000, 0x00000000d5580000)
  object space 1398272K, 0% used [0x0000000080000000,0x0000000080006000,0x00000000d5580000)
 Metaspace       used 20779K, capacity 20970K, committed 21248K, reserved 1067008K
  class space    used 2605K, capacity 2693K, committed 2816K, reserved 1048576K
Event: 3.349 GC heap after
Heap after GC invocations=2 (full 1):
 PSYoungGen      total 611840K, used 0K [0x00000000d5580000, 0x0000000100000000, 0x0000000100000000)
  eden space 524800K, 0% used [0x00000000d5580000,0x00000000d5580000,0x00000000f5600000)
  from space 87040K, 0% used [0x00000000f5600000,0x00000000f5600000,0x00000000fab00000)
  to   space 87040K, 0% used [0x00000000fab00000,0x00000000fab00000,0x0000000100000000)
 ParOldGen       total 886272K, used 13914K [0x0000000080000000, 0x00000000b6180000, 0x00000000d5580000)
  object space 886272K, 1% used [0x0000000080000000,0x0000000080d96a68,0x00000000b6180000)
 Metaspace       used 20776K, capacity 20964K, committed 21248K, reserved 1067008K
  class space    used 2604K, capacity 2692K, committed 2816K, reserved 1048576K
}
Event: 5.357 GC heap before
{Heap before GC invocations=3 (full 1):
 PSYoungGen      total 611840K, used 192163K [0x00000000d5580000, 0x0000000100000000, 0x0000000100000000)
  eden space 524800K, 36% used [0x00000000d5580000,0x00000000e1128d80,0x00000000f5600000)
  from space 87040K, 0% used [0x00000000f5600000,0x00000000f5600000,0x00000000fab00000)
  to   space 87040K, 0% used [0x00000000fab00000,0x00000000fab00000,0x0000000100000000)
 ParOldGen       total 886272K, used 13914K [0x0000000080000000, 0x00000000b6180000, 0x00000000d5580000)
  object space 886272K, 1% used [0x0000000080000000,0x0000000080d96a68,0x00000000b6180000)
 Metaspace       used 34887K, capacity 35197K, committed 35416K, reserved 1081344K
  class space    used 3815K, capacity 3912K, committed 3984K, reserved 1048576K
Event: 5.367 GC heap after
Heap after GC invocations=3 (full 1):
 PSYoungGen      total 611840K, used 6361K [0x00000000d5580000, 0x0000000100000000, 0x0000000100000000)
  eden space 524800K, 0% used [0x00000000d5580000,0x00000000d5580000,0x00000000f5600000)
  from space 87040K, 7% used [0x00000000fab00000,0x00000000fb136720,0x0000000100000000)
  to   space 87040K, 0% used [0x00000000f5600000,0x00000000f5600000,0x00000000fab00000)
 ParOldGen       total 886272K, used 13922K [0x0000000080000000, 0x00000000b6180000, 0x00000000d5580000)
  object space 886272K, 1% used [0x0000000080000000,0x0000000080d98a68,0x00000000b6180000)
 Metaspace       used 34887K, capacity 35197K, committed 35416K, reserved 1081344K
  class space    used 3815K, capacity 3912K, committed 3984K, reserved 1048576K
}
Event: 5.367 GC heap before
{Heap before GC invocations=4 (full 2):
 PSYoungGen      total 611840K, used 6361K [0x00000000d5580000, 0x0000000100000000, 0x0000000100000000)
  eden space 524800K, 0% used [0x00000000d5580000,0x00000000d5580000,0x00000000f5600000)
  from space 87040K, 7% used [0x00000000fab00000,0x00000000fb136720,0x0000000100000000)
  to   space 87040K, 0% used [0x00000000f5600000,0x00000000f5600000,0x00000000fab00000)
 ParOldGen       total 886272K, used 13922K [0x0000000080000000, 0x00000000b6180000, 0x00000000d5580000)
  object space 886272K, 1% used [0x0000000080000000,0x0000000080d98a68,0x00000000b6180000)
 Metaspace       used 34887K, capacity 35197K, committed 35416K, reserved 1081344K
  class space    used 3815K, capacity 3912K, committed 3984K, reserved 1048576K
Event: 5.412 GC heap after
Heap after GC invocations=4 (full 2):
 PSYoungGen      total 611840K, used 0K [0x00000000d5580000, 0x0000000100000000, 0x0000000100000000)
  eden space 524800K, 0% used [0x00000000d5580000,0x00000000d5580000,0x00000000f5600000)
  from space 87040K, 0% used [0x00000000fab00000,0x00000000fab00000,0x0000000100000000)
  to   space 87040K, 0% used [0x00000000f5600000,0x00000000f5600000,0x00000000fab00000)
 ParOldGen       total 1396736K, used 10586K [0x0000000080000000, 0x00000000d5400000, 0x00000000d5580000)
  object space 1396736K, 0% used [0x0000000080000000,0x0000000080a569a8,0x00000000d5400000)
 Metaspace       used 34859K, capacity 35155K, committed 35416K, reserved 1081344K
  class space    used 3811K, capacity 3905K, committed 3984K, reserved 1048576K
}

