# JRE version: OpenJDK Runtime Environment (8.0_212-b04) (build 1.8.0_212-b04)
# Java VM: OpenJDK 64-Bit Server VM (25.212-b04 mixed mode linux-amd64 compressed oops)
Heap:
 PSYoungGen      total 470528K, used 119625K [0x00000000d5580000, 0x0000000100000000, 0x0000000100000000)
  eden space 383488K, 8% used [0x00000000d5580000,0x00000000d7555108,0x00000000ecc00000)
  from space 87040K, 99% used [0x00000000fab00000,0x00000000ffffd2f8,0x0000000100000000)
  to   space 157696K, 0% used [0x00000000ecc00000,0x00000000ecc00000,0x00000000f6600000)
 ParOldGen       total 1398272K, used 163791K [0x0000000080000000, 0x00000000d5580000, 0x00000000d5580000)
  object space 1398272K, 11% used [0x0000000080000000,0x0000000089ff3eb8,0x00000000d5580000)
 Metaspace       used 70735K, capacity 74082K, committed 74240K, reserved 1116160K
  class space    used 7762K, capacity 8357K, committed 8448K, reserved 1048576K
GC Heap History (10 events):
Event: 11.930 GC heap before
{Heap before GC invocations=7 (full 3):
 PSYoungGen      total 611840K, used 22005K [0x00000000d5580000, 0x0000000100000000, 0x0000000100000000)
  eden space 524800K, 0% used [0x00000000d5580000,0x00000000d5580000,0x00000000f5600000)
  from space 87040K, 25% used [0x00000000fab00000,0x00000000fc07d610,0x0000000100000000)
  to   space 87040K, 0% used [0x00000000f5600000,0x00000000f5600000,0x00000000fab00000)
 ParOldGen       total 1398272K, used 23558K [0x0000000080000000, 0x00000000d5580000, 0x00000000d5580000)
  object space 1398272K, 1% used [0x0000000080000000,0x0000000081701868,0x00000000d5580000)
 Metaspace       used 57221K, capacity 58888K, committed 59008K, reserved 1101824K
  class space    used 6610K, capacity 6924K, committed 7040K, reserved 1048576K
Event: 12.201 GC heap after
Heap after GC invocations=7 (full 3):
 PSYoungGen      total 611840K, used 0K [0x00000000d5580000, 0x0000000100000000, 0x0000000100000000)
  eden space 524800K, 0% used [0x00000000d5580000,0x00000000d5580000,0x00000000f5600000)
  from space 87040K, 0% used [0x00000000fab00000,0x00000000fab00000,0x0000000100000000)
  to   space 87040K, 0% used [0x00000000f5600000,0x00000000f5600000,0x00000000fab00000)
 ParOldGen       total 1398272K, used 33498K [0x0000000080000000, 0x00000000d5580000, 0x00000000d5580000)
  object space 1398272K, 2% used [0x0000000080000000,0x00000000820b69a0,0x00000000d5580000)
 Metaspace       used 57156K, capacity 58708K, committed 59008K, reserved 1101824K
  class space    used 6587K, capacity 6884K, committed 7040K, reserved 1048576K
}
Event: 46.998 GC heap before
{Heap before GC invocations=8 (full 3):
 PSYoungGen      total 611840K, used 524800K [0x00000000d5580000, 0x0000000100000000, 0x0000000100000000)
  eden space 524800K, 100% used [0x00000000d5580000,0x00000000f5600000,0x00000000f5600000)
  from space 87040K, 0% used [0x00000000fab00000,0x00000000fab00000,0x0000000100000000)
  to   space 87040K, 0% used [0x00000000f5600000,0x00000000f5600000,0x00000000fab00000)
 ParOldGen       total 1398272K, used 33498K [0x0000000080000000, 0x00000000d5580000, 0x00000000d5580000)
  object space 1398272K, 2% used [0x0000000080000000,0x00000000820b69a0,0x00000000d5580000)
 Metaspace       used 66408K, capacity 69212K, committed 69248K, reserved 1110016K
  class space    used 7526K, capacity 8036K, committed 8064K, reserved 1048576K
Event: 47.228 GC heap after
Heap after GC invocations=8 (full 3):
 PSYoungGen      total 611840K, used 87034K [0x00000000d5580000, 0x00000000ff100000, 0x0000000100000000)
  eden space 524800K, 0% used [0x00000000d5580000,0x00000000d5580000,0x00000000f5600000)
  from space 87040K, 99% used [0x00000000f5600000,0x00000000faafea70,0x00000000fab00000)
  to   space 71680K, 0% used [0x00000000fab00000,0x00000000fab00000,0x00000000ff100000)
 ParOldGen       total 1398272K, used 44894K [0x0000000080000000, 0x00000000d5580000, 0x00000000d5580000)
  object space 1398272K, 3% used [0x0000000080000000,0x0000000082bd79d8,0x00000000d5580000)
 Metaspace       used 66408K, capacity 69212K, committed 69248K, reserved 1110016K
  class space    used 7526K, capacity 8036K, committed 8064K, reserved 1048576K
}
Event: 75.307 GC heap before
{Heap before GC invocations=9 (full 3):
 PSYoungGen      total 611840K, used 611294K [0x00000000d5580000, 0x00000000ff100000, 0x0000000100000000)
  eden space 524800K, 99% used [0x00000000d5580000,0x00000000f5579100,0x00000000f5600000)
  from space 87040K, 99% used [0x00000000f5600000,0x00000000faafea70,0x00000000fab00000)
  to   space 71680K, 0% used [0x00000000fab00000,0x00000000fab00000,0x00000000ff100000)
 ParOldGen       total 1398272K, used 44894K [0x0000000080000000, 0x00000000d5580000, 0x00000000d5580000)
  object space 1398272K, 3% used [0x0000000080000000,0x0000000082bd79d8,0x00000000d5580000)
 Metaspace       used 67940K, capacity 70852K, committed 71168K, reserved 1112064K
  class space    used 7597K, capacity 8130K, committed 8192K, reserved 1048576K
Event: 75.413 GC heap after
Heap after GC invocations=9 (full 3):
 PSYoungGen      total 602624K, used 50501K [0x00000000d5580000, 0x0000000100000000, 0x0000000100000000)
  eden space 530944K, 0% used [0x00000000d5580000,0x00000000d5580000,0x00000000f5c00000)
  from space 71680K, 70% used [0x00000000fab00000,0x00000000fdc515d8,0x00000000ff100000)
  to   space 80896K, 0% used [0x00000000f5c00000,0x00000000f5c00000,0x00000000fab00000)
 ParOldGen       total 1398272K, used 44902K [0x0000000080000000, 0x00000000d5580000, 0x00000000d5580000)
  object space 1398272K, 3% used [0x0000000080000000,0x0000000082bd99d8,0x00000000d5580000)
 Metaspace       used 67940K, capacity 70852K, committed 71168K, reserved 1112064K
  class space    used 7597K, capacity 8130K, committed 8192K, reserved 1048576K
}
Event: 157.416 GC heap before
{Heap before GC invocations=10 (full 3):
 PSYoungGen      total 602624K, used 581445K [0x00000000d5580000, 0x0000000100000000, 0x0000000100000000)
  eden space 530944K, 100% used [0x00000000d5580000,0x00000000f5c00000,0x00000000f5c00000)
  from space 71680K, 70% used [0x00000000fab00000,0x00000000fdc515d8,0x00000000ff100000)
  to   space 80896K, 0% used [0x00000000f5c00000,0x00000000f5c00000,0x00000000fab00000)
 ParOldGen       total 1398272K, used 44902K [0x0000000080000000, 0x00000000d5580000, 0x00000000d5580000)
  object space 1398272K, 3% used [0x0000000080000000,0x0000000082bd99d8,0x00000000d5580000)
 Metaspace       used 69789K, capacity 72858K, committed 73088K, reserved 1114112K
  class space    used 7701K, capacity 8253K, committed 8320K, reserved 1048576K
Event: 157.727 GC heap after
Heap after GC invocations=10 (full 3):
 PSYoungGen      total 611840K, used 80880K [0x00000000d5580000, 0x0000000100000000, 0x0000000100000000)
  eden space 530944K, 0% used [0x00000000d5580000,0x00000000d5580000,0x00000000f5c00000)
  from space 80896K, 99% used [0x00000000f5c00000,0x00000000faafc070,0x00000000fab00000)
  to   space 87040K, 0% used [0x00000000fab00000,0x00000000fab00000,0x0000000100000000)
 ParOldGen       total 1398272K, used 123991K [0x0000000080000000, 0x00000000d5580000, 0x00000000d5580000)
  object space 1398272K, 8% used [0x0000000080000000,0x0000000087915c48,0x00000000d5580000)
 Metaspace       used 69789K, capacity 72858K, committed 73088K, reserved 1114112K
  class space    used 7701K, capacity 8253K, committed 8320K, reserved 1048576K
}
Event: 210.820 GC heap before
{Heap before GC invocations=11 (full 3):
 PSYoungGen      total 611840K, used 610935K [0x00000000d5580000, 0x0000000100000000, 0x0000000100000000)
  eden space 530944K, 99% used [0x00000000d5580000,0x00000000f5b21f48,0x00000000f5c00000)
  from space 80896K, 99% used [0x00000000f5c00000,0x00000000faafc070,0x00000000fab00000)
  to   space 87040K, 0% used [0x00000000fab00000,0x00000000fab00000,0x0000000100000000)
 ParOldGen       total 1398272K, used 123991K [0x0000000080000000, 0x00000000d5580000, 0x00000000d5580000)
  object space 1398272K, 8% used [0x0000000080000000,0x0000000087915c48,0x00000000d5580000)
 Metaspace       used 70709K, capacity 74018K, committed 74240K, reserved 1116160K
  class space    used 7762K, capacity 8357K, committed 8448K, reserved 1048576K
Event: 211.045 GC heap after
Heap after GC invocations=11 (full 3):
 PSYoungGen      total 470528K, used 87028K [0x00000000d5580000, 0x0000000100000000, 0x0000000100000000)
  eden space 383488K, 0% used [0x00000000d5580000,0x00000000d5580000,0x00000000ecc00000)
  from space 87040K, 99% used [0x00000000fab00000,0x00000000ffffd2f8,0x0000000100000000)
  to   space 157696K, 0% used [0x00000000ecc00000,0x00000000ecc00000,0x00000000f6600000)
 ParOldGen       total 1398272K, used 163791K [0x0000000080000000, 0x00000000d5580000, 0x00000000d5580000)
  object space 1398272K, 11% used [0x0000000080000000,0x0000000089ff3eb8,0x00000000d5580000)
 Metaspace       used 70709K, capacity 74018K, committed 74240K, reserved 1116160K
  class space    used 7762K, capacity 8357K, committed 8448K, reserved 1048576K
}

