# JRE version: OpenJDK Runtime Environment (8.0_212-b04) (build 1.8.0_212-b04)
# Java VM: OpenJDK 64-Bit Server VM (25.212-b04 mixed mode linux-amd64 compressed oops)
Heap:
 PSYoungGen      total 611840K, used 483661K [0x00000000d5580000, 0x0000000100000000, 0x0000000100000000)
  eden space 524800K, 75% used [0x00000000d5580000,0x00000000ed8d5d08,0x00000000f5600000)
  from space 87040K, 99% used [0x00000000f5600000,0x00000000faafd8d8,0x00000000fab00000)
  to   space 87040K, 0% used [0x00000000fab00000,0x00000000fab00000,0x0000000100000000)
 ParOldGen       total 1398272K, used 107116K [0x0000000080000000, 0x00000000d5580000, 0x00000000d5580000)
  object space 1398272K, 7% used [0x0000000080000000,0x000000008689b388,0x00000000d5580000)
 Metaspace       used 69208K, capacity 73834K, committed 73984K, reserved 1114112K
  class space    used 7869K, capacity 8659K, committed 8704K, reserved 1048576K
GC Heap History (10 events):
Event: 4.125 GC heap before
{Heap before GC invocations=4 (full 2):
 PSYoungGen      total 611840K, used 19256K [0x00000000d5580000, 0x0000000100000000, 0x0000000100000000)
  eden space 524800K, 0% used [0x00000000d5580000,0x00000000d5580000,0x00000000f5600000)
  from space 87040K, 22% used [0x00000000fab00000,0x00000000fbdce300,0x0000000100000000)
  to   space 87040K, 0% used [0x00000000f5600000,0x00000000f5600000,0x00000000fab00000)
 ParOldGen       total 884224K, used 13732K [0x0000000080000000, 0x00000000b5f80000, 0x00000000d5580000)
  object space 884224K, 1% used [0x0000000080000000,0x0000000080d69088,0x00000000b5f80000)
 Metaspace       used 34816K, capacity 35156K, committed 35416K, reserved 1081344K
  class space    used 3965K, capacity 4060K, committed 4096K, reserved 1048576K
Event: 4.216 GC heap after
Heap after GC invocations=4 (full 2):
 PSYoungGen      total 611840K, used 0K [0x00000000d5580000, 0x0000000100000000, 0x0000000100000000)
  eden space 524800K, 0% used [0x00000000d5580000,0x00000000d5580000,0x00000000f5600000)
  from space 87040K, 0% used [0x00000000fab00000,0x00000000fab00000,0x0000000100000000)
  to   space 87040K, 0% used [0x00000000f5600000,0x00000000f5600000,0x00000000fab00000)
 ParOldGen       total 1398272K, used 23579K [0x0000000080000000, 0x00000000d5580000, 0x00000000d5580000)
  object space 1398272K, 1% used [0x0000000080000000,0x0000000081706f38,0x00000000d5580000)
 Metaspace       used 34816K, capacity 35156K, committed 35416K, reserved 1081344K
  class space    used 3965K, capacity 4060K, committed 4096K, reserved 1048576K
}
Event: 7.540 GC heap before
{Heap before GC invocations=5 (full 2):
 PSYoungGen      total 611840K, used 524800K [0x00000000d5580000, 0x0000000100000000, 0x0000000100000000)
  eden space 524800K, 100% used [0x00000000d5580000,0x00000000f5600000,0x00000000f5600000)
  from space 87040K, 0% used [0x00000000fab00000,0x00000000fab00000,0x0000000100000000)
  to   space 87040K, 0% used [0x00000000f5600000,0x00000000f5600000,0x00000000fab00000)
 ParOldGen       total 1398272K, used 23579K [0x0000000080000000, 0x00000000d5580000, 0x00000000d5580000)
  object space 1398272K, 1% used [0x0000000080000000,0x0000000081706f38,0x00000000d5580000)
 Metaspace       used 44948K, capacity 45964K, committed 46208K, reserved 1089536K
  class space    used 5175K, capacity 5408K, committed 5504K, reserved 1048576K
Event: 7.582 GC heap after
Heap after GC invocations=5 (full 2):
 PSYoungGen      total 611840K, used 20526K [0x00000000d5580000, 0x0000000100000000, 0x0000000100000000)
  eden space 524800K, 0% used [0x00000000d5580000,0x00000000d5580000,0x00000000f5600000)
  from space 87040K, 23% used [0x00000000f5600000,0x00000000f6a0ba28,0x00000000fab00000)
  to   space 87040K, 0% used [0x00000000fab00000,0x00000000fab00000,0x0000000100000000)
 ParOldGen       total 1398272K, used 23587K [0x0000000080000000, 0x00000000d5580000, 0x00000000d5580000)
  object space 1398272K, 1% used [0x0000000080000000,0x0000000081708f38,0x00000000d5580000)
 Metaspace       used 44948K, capacity 45964K, committed 46208K, reserved 1089536K
  class space    used 5175K, capacity 5408K, committed 5504K, reserved 1048576K
}
Event: 11.358 GC heap before
{Heap before GC invocations=6 (full 2):
 PSYoungGen      total 611840K, used 254202K [0x00000000d5580000, 0x0000000100000000, 0x0000000100000000)
  eden space 524800K, 44% used [0x00000000d5580000,0x00000000e39b2e80,0x00000000f5600000)
  from space 87040K, 23% used [0x00000000f5600000,0x00000000f6a0ba28,0x00000000fab00000)
  to   space 87040K, 0% used [0x00000000fab00000,0x00000000fab00000,0x0000000100000000)
 ParOldGen       total 1398272K, used 23587K [0x0000000080000000, 0x00000000d5580000, 0x00000000d5580000)
  object space 1398272K, 1% used [0x0000000080000000,0x0000000081708f38,0x00000000d5580000)
 Metaspace       used 57404K, capacity 58972K, committed 59028K, reserved 1101824K
  class space    used 6591K, capacity 6884K, committed 6912K, reserved 1048576K
Event: 11.400 GC heap after
Heap after GC invocations=6 (full 2):
 PSYoungGen      total 611840K, used 30816K [0x00000000d5580000, 0x0000000100000000, 0x0000000100000000)
  eden space 524800K, 0% used [0x00000000d5580000,0x00000000d5580000,0x00000000f5600000)
  from space 87040K, 35% used [0x00000000fab00000,0x00000000fc918230,0x0000000100000000)
  to   space 87040K, 0% used [0x00000000f5600000,0x00000000f5600000,0x00000000fab00000)
 ParOldGen       total 1398272K, used 23595K [0x0000000080000000, 0x00000000d5580000, 0x00000000d5580000)
  object space 1398272K, 1% used [0x0000000080000000,0x000000008170af38,0x00000000d5580000)
 Metaspace       used 57404K, capacity 58972K, committed 59028K, reserved 1101824K
  class space    used 6591K, capacity 6884K, committed 6912K, reserved 1048576K
}
Event: 11.400 GC heap before
{Heap before GC invocations=7 (full 3):
 PSYoungGen      total 611840K, used 30816K [0x00000000d5580000, 0x0000000100000000, 0x0000000100000000)
  eden space 524800K, 0% used [0x00000000d5580000,0x00000000d5580000,0x00000000f5600000)
  from space 87040K, 35% used [0x00000000fab00000,0x00000000fc918230,0x0000000100000000)
  to   space 87040K, 0% used [0x00000000f5600000,0x00000000f5600000,0x00000000fab00000)
 ParOldGen       total 1398272K, used 23595K [0x0000000080000000, 0x00000000d5580000, 0x00000000d5580000)
  object space 1398272K, 1% used [0x0000000080000000,0x000000008170af38,0x00000000d5580000)
 Metaspace       used 57404K, capacity 58972K, committed 59028K, reserved 1101824K
  class space    used 6591K, capacity 6884K, committed 6912K, reserved 1048576K
Event: 11.668 GC heap after
Heap after GC invocations=7 (full 3):
 PSYoungGen      total 611840K, used 0K [0x00000000d5580000, 0x0000000100000000, 0x0000000100000000)
  eden space 524800K, 0% used [0x00000000d5580000,0x00000000d5580000,0x00000000f5600000)
  from space 87040K, 0% used [0x00000000fab00000,0x00000000fab00000,0x0000000100000000)
  to   space 87040K, 0% used [0x00000000f5600000,0x00000000f5600000,0x00000000fab00000)
 ParOldGen       total 1398272K, used 41937K [0x0000000080000000, 0x00000000d5580000, 0x00000000d5580000)
  object space 1398272K, 2% used [0x0000000080000000,0x00000000828f4738,0x00000000d5580000)
 Metaspace       used 57361K, capacity 58864K, committed 59028K, reserved 1101824K
  class space    used 6576K, capacity 6858K, committed 6912K, reserved 1048576K
}
Event: 20.827 GC heap before
{Heap before GC invocations=8 (full 3):
 PSYoungGen      total 611840K, used 524800K [0x00000000d5580000, 0x0000000100000000, 0x0000000100000000)
  eden space 524800K, 100% used [0x00000000d5580000,0x00000000f5600000,0x00000000f5600000)
  from space 87040K, 0% used [0x00000000fab00000,0x00000000fab00000,0x0000000100000000)
  to   space 87040K, 0% used [0x00000000f5600000,0x00000000f5600000,0x00000000fab00000)
 ParOldGen       total 1398272K, used 41937K [0x0000000080000000, 0x00000000d5580000, 0x00000000d5580000)
  object space 1398272K, 2% used [0x0000000080000000,0x00000000828f4738,0x00000000d5580000)
 Metaspace       used 65713K, capacity 69912K, committed 70144K, reserved 1112064K
  class space    used 7642K, capacity 8360K, committed 8448K, reserved 1048576K
Event: 20.939 GC heap after
Heap after GC invocations=8 (full 3):
 PSYoungGen      total 611840K, used 87030K [0x00000000d5580000, 0x0000000100000000, 0x0000000100000000)
  eden space 524800K, 0% used [0x00000000d5580000,0x00000000d5580000,0x00000000f5600000)
  from space 87040K, 99% used [0x00000000f5600000,0x00000000faafd8d8,0x00000000fab00000)
  to   space 87040K, 0% used [0x00000000fab00000,0x00000000fab00000,0x0000000100000000)
 ParOldGen       total 1398272K, used 107116K [0x0000000080000000, 0x00000000d5580000, 0x00000000d5580000)
  object space 1398272K, 7% used [0x0000000080000000,0x000000008689b388,0x00000000d5580000)
 Metaspace       used 65713K, capacity 69912K, committed 70144K, reserved 1112064K
  class space    used 7642K, capacity 8360K, committed 8448K, reserved 1048576K
}

