# JRE version: OpenJDK Runtime Environment (8.0_212-b04) (build 1.8.0_212-b04)
# Java VM: OpenJDK 64-Bit Server VM (25.212-b04 mixed mode linux-amd64 compressed oops)
Heap:
 PSYoungGen      total 611840K, used 239109K [0x00000000d5580000, 0x0000000100000000, 0x0000000100000000)
  eden space 524800K, 45% used [0x00000000d5580000,0x00000000e3f01528,0x00000000f5600000)
  from space 87040K, 0% used [0x00000000fab00000,0x00000000fab00000,0x0000000100000000)
  to   space 87040K, 0% used [0x00000000f5600000,0x00000000f5600000,0x00000000fab00000)
 ParOldGen       total 1398272K, used 28215K [0x0000000080000000, 0x00000000d5580000, 0x00000000d5580000)
  object space 1398272K, 2% used [0x0000000080000000,0x0000000081b8ddf8,0x00000000d5580000)
 Metaspace       used 63981K, capacity 66480K, committed 66560K, reserved 1107968K
  class space    used 7424K, capacity 7898K, committed 7936K, reserved 1048576K
GC Heap History (10 events):
Event: 4.580 GC heap before
{Heap before GC invocations=3 (full 1):
 PSYoungGen      total 611840K, used 459276K [0x00000000d5580000, 0x0000000100000000, 0x0000000100000000)
  eden space 524800K, 87% used [0x00000000d5580000,0x00000000f1603220,0x00000000f5600000)
  from space 87040K, 0% used [0x00000000f5600000,0x00000000f5600000,0x00000000fab00000)
  to   space 87040K, 0% used [0x00000000fab00000,0x00000000fab00000,0x0000000100000000)
 ParOldGen       total 876032K, used 14305K [0x0000000080000000, 0x00000000b5780000, 0x00000000d5580000)
  object space 876032K, 1% used [0x0000000080000000,0x0000000080df86f0,0x00000000b5780000)
 Metaspace       used 34721K, capacity 35092K, committed 35416K, reserved 1081344K
  class space    used 3954K, capacity 4060K, committed 4096K, reserved 1048576K
Event: 4.620 GC heap after
Heap after GC invocations=3 (full 1):
 PSYoungGen      total 611840K, used 19194K [0x00000000d5580000, 0x0000000100000000, 0x0000000100000000)
  eden space 524800K, 0% used [0x00000000d5580000,0x00000000d5580000,0x00000000f5600000)
  from space 87040K, 22% used [0x00000000fab00000,0x00000000fbdbe968,0x0000000100000000)
  to   space 87040K, 0% used [0x00000000f5600000,0x00000000f5600000,0x00000000fab00000)
 ParOldGen       total 876032K, used 14305K [0x0000000080000000, 0x00000000b5780000, 0x00000000d5580000)
  object space 876032K, 1% used [0x0000000080000000,0x0000000080df86f0,0x00000000b5780000)
 Metaspace       used 34721K, capacity 35092K, committed 35416K, reserved 1081344K
  class space    used 3954K, capacity 4060K, committed 4096K, reserved 1048576K
}
Event: 4.620 GC heap before
{Heap before GC invocations=4 (full 2):
 PSYoungGen      total 611840K, used 19194K [0x00000000d5580000, 0x0000000100000000, 0x0000000100000000)
  eden space 524800K, 0% used [0x00000000d5580000,0x00000000d5580000,0x00000000f5600000)
  from space 87040K, 22% used [0x00000000fab00000,0x00000000fbdbe968,0x0000000100000000)
  to   space 87040K, 0% used [0x00000000f5600000,0x00000000f5600000,0x00000000fab00000)
 ParOldGen       total 876032K, used 14305K [0x0000000080000000, 0x00000000b5780000, 0x00000000d5580000)
  object space 876032K, 1% used [0x0000000080000000,0x0000000080df86f0,0x00000000b5780000)
 Metaspace       used 34721K, capacity 35092K, committed 35416K, reserved 1081344K
  class space    used 3954K, capacity 4060K, committed 4096K, reserved 1048576K
Event: 4.732 GC heap after
Heap after GC invocations=4 (full 2):
 PSYoungGen      total 611840K, used 0K [0x00000000d5580000, 0x0000000100000000, 0x0000000100000000)
  eden space 524800K, 0% used [0x00000000d5580000,0x00000000d5580000,0x00000000f5600000)
  from space 87040K, 0% used [0x00000000fab00000,0x00000000fab00000,0x0000000100000000)
  to   space 87040K, 0% used [0x00000000f5600000,0x00000000f5600000,0x00000000fab00000)
 ParOldGen       total 1398272K, used 23740K [0x0000000080000000, 0x00000000d5580000, 0x00000000d5580000)
  object space 1398272K, 1% used [0x0000000080000000,0x000000008172f358,0x00000000d5580000)
 Metaspace       used 34721K, capacity 35092K, committed 35416K, reserved 1081344K
  class space    used 3954K, capacity 4060K, committed 4096K, reserved 1048576K
}
Event: 11.335 GC heap before
{Heap before GC invocations=5 (full 2):
 PSYoungGen      total 611840K, used 524800K [0x00000000d5580000, 0x0000000100000000, 0x0000000100000000)
  eden space 524800K, 100% used [0x00000000d5580000,0x00000000f5600000,0x00000000f5600000)
  from space 87040K, 0% used [0x00000000fab00000,0x00000000fab00000,0x0000000100000000)
  to   space 87040K, 0% used [0x00000000f5600000,0x00000000f5600000,0x00000000fab00000)
 ParOldGen       total 1398272K, used 23740K [0x0000000080000000, 0x00000000d5580000, 0x00000000d5580000)
  object space 1398272K, 1% used [0x0000000080000000,0x000000008172f358,0x00000000d5580000)
 Metaspace       used 52798K, capacity 54150K, committed 54400K, reserved 1097728K
  class space    used 6195K, capacity 6439K, committed 6528K, reserved 1048576K
Event: 11.404 GC heap after
Heap after GC invocations=5 (full 2):
 PSYoungGen      total 611840K, used 26197K [0x00000000d5580000, 0x0000000100000000, 0x0000000100000000)
  eden space 524800K, 0% used [0x00000000d5580000,0x00000000d5580000,0x00000000f5600000)
  from space 87040K, 30% used [0x00000000f5600000,0x00000000f6f95568,0x00000000fab00000)
  to   space 87040K, 0% used [0x00000000fab00000,0x00000000fab00000,0x0000000100000000)
 ParOldGen       total 1398272K, used 23748K [0x0000000080000000, 0x00000000d5580000, 0x00000000d5580000)
  object space 1398272K, 1% used [0x0000000080000000,0x0000000081731358,0x00000000d5580000)
 Metaspace       used 52798K, capacity 54150K, committed 54400K, reserved 1097728K
  class space    used 6195K, capacity 6439K, committed 6528K, reserved 1048576K
}
Event: 12.018 GC heap before
{Heap before GC invocations=6 (full 2):
 PSYoungGen      total 611840K, used 178890K [0x00000000d5580000, 0x0000000100000000, 0x0000000100000000)
  eden space 524800K, 29% used [0x00000000d5580000,0x00000000dea9d388,0x00000000f5600000)
  from space 87040K, 30% used [0x00000000f5600000,0x00000000f6f95568,0x00000000fab00000)
  to   space 87040K, 0% used [0x00000000fab00000,0x00000000fab00000,0x0000000100000000)
 ParOldGen       total 1398272K, used 23748K [0x0000000080000000, 0x00000000d5580000, 0x00000000d5580000)
  object space 1398272K, 1% used [0x0000000080000000,0x0000000081731358,0x00000000d5580000)
 Metaspace       used 57409K, capacity 58844K, committed 59008K, reserved 1101824K
  class space    used 6642K, capacity 6930K, committed 7040K, reserved 1048576K
Event: 12.046 GC heap after
Heap after GC invocations=6 (full 2):
 PSYoungGen      total 611840K, used 16238K [0x00000000d5580000, 0x0000000100000000, 0x0000000100000000)
  eden space 524800K, 0% used [0x00000000d5580000,0x00000000d5580000,0x00000000f5600000)
  from space 87040K, 18% used [0x00000000fab00000,0x00000000fbadb810,0x0000000100000000)
  to   space 87040K, 0% used [0x00000000f5600000,0x00000000f5600000,0x00000000fab00000)
 ParOldGen       total 1398272K, used 23756K [0x0000000080000000, 0x00000000d5580000, 0x00000000d5580000)
  object space 1398272K, 1% used [0x0000000080000000,0x0000000081733358,0x00000000d5580000)
 Metaspace       used 57409K, capacity 58844K, committed 59008K, reserved 1101824K
  class space    used 6642K, capacity 6930K, committed 7040K, reserved 1048576K
}
Event: 12.046 GC heap before
{Heap before GC invocations=7 (full 3):
 PSYoungGen      total 611840K, used 16238K [0x00000000d5580000, 0x0000000100000000, 0x0000000100000000)
  eden space 524800K, 0% used [0x00000000d5580000,0x00000000d5580000,0x00000000f5600000)
  from space 87040K, 18% used [0x00000000fab00000,0x00000000fbadb810,0x0000000100000000)
  to   space 87040K, 0% used [0x00000000f5600000,0x00000000f5600000,0x00000000fab00000)
 ParOldGen       total 1398272K, used 23756K [0x0000000080000000, 0x00000000d5580000, 0x00000000d5580000)
  object space 1398272K, 1% used [0x0000000080000000,0x0000000081733358,0x00000000d5580000)
 Metaspace       used 57409K, capacity 58844K, committed 59008K, reserved 1101824K
  class space    used 6642K, capacity 6930K, committed 7040K, reserved 1048576K
Event: 12.288 GC heap after
Heap after GC invocations=7 (full 3):
 PSYoungGen      total 611840K, used 0K [0x00000000d5580000, 0x0000000100000000, 0x0000000100000000)
  eden space 524800K, 0% used [0x00000000d5580000,0x00000000d5580000,0x00000000f5600000)
  from space 87040K, 0% used [0x00000000fab00000,0x00000000fab00000,0x0000000100000000)
  to   space 87040K, 0% used [0x00000000f5600000,0x00000000f5600000,0x00000000fab00000)
 ParOldGen       total 1398272K, used 28215K [0x0000000080000000, 0x00000000d5580000, 0x00000000d5580000)
  object space 1398272K, 2% used [0x0000000080000000,0x0000000081b8ddf8,0x00000000d5580000)
 Metaspace       used 57379K, capacity 58764K, committed 59008K, reserved 1101824K
  class space    used 6632K, capacity 6912K, committed 7040K, reserved 1048576K
}

