# JRE version: OpenJDK Runtime Environment (8.0_212-b04) (build 1.8.0_212-b04)
# Java VM: OpenJDK 64-Bit Server VM (25.212-b04 mixed mode linux-amd64 compressed oops)
Heap:
 PSYoungGen      total 611840K, used 446883K [0x00000000d5580000, 0x0000000100000000, 0x0000000100000000)
  eden space 524800K, 79% used [0x00000000d5580000,0x00000000eeb0d798,0x00000000f5600000)
  from space 87040K, 36% used [0x00000000fab00000,0x00000000fc9db4f0,0x0000000100000000)
  to   space 87040K, 0% used [0x00000000f5600000,0x00000000f5600000,0x00000000fab00000)
 ParOldGen       total 1398272K, used 41183K [0x0000000080000000, 0x00000000d5580000, 0x00000000d5580000)
  object space 1398272K, 2% used [0x0000000080000000,0x0000000082837c38,0x00000000d5580000)
 Metaspace       used 64566K, capacity 67224K, committed 67456K, reserved 1110016K
  class space    used 7318K, capacity 7782K, committed 7808K, reserved 1048576K
GC Heap History (10 events):
Event: 4.648 GC heap before
{Heap before GC invocations=3 (full 1):
 PSYoungGen      total 611840K, used 426148K [0x00000000d5580000, 0x0000000100000000, 0x0000000100000000)
  eden space 524800K, 81% used [0x00000000d5580000,0x00000000ef5a9248,0x00000000f5600000)
  from space 87040K, 0% used [0x00000000f5600000,0x00000000f5600000,0x00000000fab00000)
  to   space 87040K, 0% used [0x00000000fab00000,0x00000000fab00000,0x0000000100000000)
 ParOldGen       total 838144K, used 14253K [0x0000000080000000, 0x00000000b3280000, 0x00000000d5580000)
  object space 838144K, 1% used [0x0000000080000000,0x0000000080deb508,0x00000000b3280000)
 Metaspace       used 34811K, capacity 35156K, committed 35416K, reserved 1081344K
  class space    used 3963K, capacity 4060K, committed 4096K, reserved 1048576K
Event: 4.686 GC heap after
Heap after GC invocations=3 (full 1):
 PSYoungGen      total 611840K, used 19302K [0x00000000d5580000, 0x0000000100000000, 0x0000000100000000)
  eden space 524800K, 0% used [0x00000000d5580000,0x00000000d5580000,0x00000000f5600000)
  from space 87040K, 22% used [0x00000000fab00000,0x00000000fbdd99a8,0x0000000100000000)
  to   space 87040K, 0% used [0x00000000f5600000,0x00000000f5600000,0x00000000fab00000)
 ParOldGen       total 838144K, used 14253K [0x0000000080000000, 0x00000000b3280000, 0x00000000d5580000)
  object space 838144K, 1% used [0x0000000080000000,0x0000000080deb508,0x00000000b3280000)
 Metaspace       used 34811K, capacity 35156K, committed 35416K, reserved 1081344K
  class space    used 3963K, capacity 4060K, committed 4096K, reserved 1048576K
}
Event: 4.686 GC heap before
{Heap before GC invocations=4 (full 2):
 PSYoungGen      total 611840K, used 19302K [0x00000000d5580000, 0x0000000100000000, 0x0000000100000000)
  eden space 524800K, 0% used [0x00000000d5580000,0x00000000d5580000,0x00000000f5600000)
  from space 87040K, 22% used [0x00000000fab00000,0x00000000fbdd99a8,0x0000000100000000)
  to   space 87040K, 0% used [0x00000000f5600000,0x00000000f5600000,0x00000000fab00000)
 ParOldGen       total 838144K, used 14253K [0x0000000080000000, 0x00000000b3280000, 0x00000000d5580000)
  object space 838144K, 1% used [0x0000000080000000,0x0000000080deb508,0x00000000b3280000)
 Metaspace       used 34811K, capacity 35156K, committed 35416K, reserved 1081344K
  class space    used 3963K, capacity 4060K, committed 4096K, reserved 1048576K
Event: 4.794 GC heap after
Heap after GC invocations=4 (full 2):
 PSYoungGen      total 611840K, used 0K [0x00000000d5580000, 0x0000000100000000, 0x0000000100000000)
  eden space 524800K, 0% used [0x00000000d5580000,0x00000000d5580000,0x00000000f5600000)
  from space 87040K, 0% used [0x00000000fab00000,0x00000000fab00000,0x0000000100000000)
  to   space 87040K, 0% used [0x00000000f5600000,0x00000000f5600000,0x00000000fab00000)
 ParOldGen       total 1388032K, used 23766K [0x0000000080000000, 0x00000000d4b80000, 0x00000000d5580000)
  object space 1388032K, 1% used [0x0000000080000000,0x0000000081735b28,0x00000000d4b80000)
 Metaspace       used 34811K, capacity 35156K, committed 35416K, reserved 1081344K
  class space    used 3963K, capacity 4060K, committed 4096K, reserved 1048576K
}
Event: 11.492 GC heap before
{Heap before GC invocations=5 (full 2):
 PSYoungGen      total 611840K, used 487790K [0x00000000d5580000, 0x0000000100000000, 0x0000000100000000)
  eden space 524800K, 92% used [0x00000000d5580000,0x00000000f31dbbf8,0x00000000f5600000)
  from space 87040K, 0% used [0x00000000fab00000,0x00000000fab00000,0x0000000100000000)
  to   space 87040K, 0% used [0x00000000f5600000,0x00000000f5600000,0x00000000fab00000)
 ParOldGen       total 1388032K, used 23766K [0x0000000080000000, 0x00000000d4b80000, 0x00000000d5580000)
  object space 1388032K, 1% used [0x0000000080000000,0x0000000081735b28,0x00000000d4b80000)
 Metaspace       used 57403K, capacity 58822K, committed 59008K, reserved 1101824K
  class space    used 6661K, capacity 6929K, committed 7040K, reserved 1048576K
Event: 11.543 GC heap after
Heap after GC invocations=5 (full 2):
 PSYoungGen      total 611840K, used 30263K [0x00000000d5580000, 0x0000000100000000, 0x0000000100000000)
  eden space 524800K, 0% used [0x00000000d5580000,0x00000000d5580000,0x00000000f5600000)
  from space 87040K, 34% used [0x00000000f5600000,0x00000000f738dda0,0x00000000fab00000)
  to   space 87040K, 0% used [0x00000000fab00000,0x00000000fab00000,0x0000000100000000)
 ParOldGen       total 1388032K, used 23774K [0x0000000080000000, 0x00000000d4b80000, 0x00000000d5580000)
  object space 1388032K, 1% used [0x0000000080000000,0x0000000081737b28,0x00000000d4b80000)
 Metaspace       used 57403K, capacity 58822K, committed 59008K, reserved 1101824K
  class space    used 6661K, capacity 6929K, committed 7040K, reserved 1048576K
}
Event: 11.543 GC heap before
{Heap before GC invocations=6 (full 3):
 PSYoungGen      total 611840K, used 30263K [0x00000000d5580000, 0x0000000100000000, 0x0000000100000000)
  eden space 524800K, 0% used [0x00000000d5580000,0x00000000d5580000,0x00000000f5600000)
  from space 87040K, 34% used [0x00000000f5600000,0x00000000f738dda0,0x00000000fab00000)
  to   space 87040K, 0% used [0x00000000fab00000,0x00000000fab00000,0x0000000100000000)
 ParOldGen       total 1388032K, used 23774K [0x0000000080000000, 0x00000000d4b80000, 0x00000000d5580000)
  object space 1388032K, 1% used [0x0000000080000000,0x0000000081737b28,0x00000000d4b80000)
 Metaspace       used 57403K, capacity 58822K, committed 59008K, reserved 1101824K
  class space    used 6661K, capacity 6929K, committed 7040K, reserved 1048576K
Event: 11.745 GC heap after
Heap after GC invocations=6 (full 3):
 PSYoungGen      total 611840K, used 0K [0x00000000d5580000, 0x0000000100000000, 0x0000000100000000)
  eden space 524800K, 0% used [0x00000000d5580000,0x00000000d5580000,0x00000000f5600000)
  from space 87040K, 0% used [0x00000000f5600000,0x00000000f5600000,0x00000000fab00000)
  to   space 87040K, 0% used [0x00000000fab00000,0x00000000fab00000,0x0000000100000000)
 ParOldGen       total 1398272K, used 41175K [0x0000000080000000, 0x00000000d5580000, 0x00000000d5580000)
  object space 1398272K, 2% used [0x0000000080000000,0x0000000082835c38,0x00000000d5580000)
 Metaspace       used 57369K, capacity 58740K, committed 59008K, reserved 1101824K
  class space    used 6648K, capacity 6908K, committed 7040K, reserved 1048576K
}
Event: 61.343 GC heap before
{Heap before GC invocations=7 (full 3):
 PSYoungGen      total 611840K, used 524800K [0x00000000d5580000, 0x0000000100000000, 0x0000000100000000)
  eden space 524800K, 100% used [0x00000000d5580000,0x00000000f5600000,0x00000000f5600000)
  from space 87040K, 0% used [0x00000000f5600000,0x00000000f5600000,0x00000000fab00000)
  to   space 87040K, 0% used [0x00000000fab00000,0x00000000fab00000,0x0000000100000000)
 ParOldGen       total 1398272K, used 41175K [0x0000000080000000, 0x00000000d5580000, 0x00000000d5580000)
  object space 1398272K, 2% used [0x0000000080000000,0x0000000082835c38,0x00000000d5580000)
 Metaspace       used 62706K, capacity 64996K, committed 65280K, reserved 1107968K
  class space    used 7216K, capacity 7650K, committed 7680K, reserved 1048576K
Event: 61.413 GC heap after
Heap after GC invocations=7 (full 3):
 PSYoungGen      total 611840K, used 31597K [0x00000000d5580000, 0x0000000100000000, 0x0000000100000000)
  eden space 524800K, 0% used [0x00000000d5580000,0x00000000d5580000,0x00000000f5600000)
  from space 87040K, 36% used [0x00000000fab00000,0x00000000fc9db4f0,0x0000000100000000)
  to   space 87040K, 0% used [0x00000000f5600000,0x00000000f5600000,0x00000000fab00000)
 ParOldGen       total 1398272K, used 41183K [0x0000000080000000, 0x00000000d5580000, 0x00000000d5580000)
  object space 1398272K, 2% used [0x0000000080000000,0x0000000082837c38,0x00000000d5580000)
 Metaspace       used 62706K, capacity 64996K, committed 65280K, reserved 1107968K
  class space    used 7216K, capacity 7650K, committed 7680K, reserved 1048576K
}

