# JRE version: OpenJDK Runtime Environment (8.0_212-b04) (build 1.8.0_212-b04)
# Java VM: OpenJDK 64-Bit Server VM (25.212-b04 mixed mode linux-amd64 compressed oops)
Heap:
 PSYoungGen      total 611840K, used 377552K [0x00000000d5580000, 0x0000000100000000, 0x0000000100000000)
  eden space 524800K, 71% used [0x00000000d5580000,0x00000000ec634230,0x00000000f5600000)
  from space 87040K, 0% used [0x00000000f5600000,0x00000000f5600000,0x00000000fab00000)
  to   space 87040K, 0% used [0x00000000fab00000,0x00000000fab00000,0x0000000100000000)
 ParOldGen       total 1398272K, used 37823K [0x0000000080000000, 0x00000000d5580000, 0x00000000d5580000)
  object space 1398272K, 2% used [0x0000000080000000,0x00000000824efe80,0x00000000d5580000)
 Metaspace       used 63760K, capacity 66156K, committed 66432K, reserved 1107968K
  class space    used 7269K, capacity 7702K, committed 7808K, reserved 1048576K
GC Heap History (10 events):
Event: 2.254 GC heap before
{Heap before GC invocations=2 (full 1):
 PSYoungGen      total 611840K, used 14451K [0x00000000d5580000, 0x0000000100000000, 0x0000000100000000)
  eden space 524800K, 0% used [0x00000000d5580000,0x00000000d5580000,0x00000000f5600000)
  from space 87040K, 16% used [0x00000000f5600000,0x00000000f641cd78,0x00000000fab00000)
  to   space 87040K, 0% used [0x00000000fab00000,0x00000000fab00000,0x0000000100000000)
 ParOldGen       total 1398272K, used 80K [0x0000000080000000, 0x00000000d5580000, 0x00000000d5580000)
  object space 1398272K, 0% used [0x0000000080000000,0x0000000080014010,0x00000000d5580000)
 Metaspace       used 20846K, capacity 21074K, committed 21248K, reserved 1069056K
  class space    used 2362K, capacity 2450K, committed 2560K, reserved 1048576K
Event: 2.323 GC heap after
Heap after GC invocations=2 (full 1):
 PSYoungGen      total 611840K, used 0K [0x00000000d5580000, 0x0000000100000000, 0x0000000100000000)
  eden space 524800K, 0% used [0x00000000d5580000,0x00000000d5580000,0x00000000f5600000)
  from space 87040K, 0% used [0x00000000f5600000,0x00000000f5600000,0x00000000fab00000)
  to   space 87040K, 0% used [0x00000000fab00000,0x00000000fab00000,0x0000000100000000)
 ParOldGen       total 835584K, used 13922K [0x0000000080000000, 0x00000000b3000000, 0x00000000d5580000)
  object space 835584K, 1% used [0x0000000080000000,0x0000000080d98b10,0x00000000b3000000)
 Metaspace       used 20846K, capacity 21074K, committed 21248K, reserved 1069056K
  class space    used 2362K, capacity 2450K, committed 2560K, reserved 1048576K
}
Event: 4.663 GC heap before
{Heap before GC invocations=3 (full 1):
 PSYoungGen      total 611840K, used 445043K [0x00000000d5580000, 0x0000000100000000, 0x0000000100000000)
  eden space 524800K, 84% used [0x00000000d5580000,0x00000000f081cdd0,0x00000000f5600000)
  from space 87040K, 0% used [0x00000000f5600000,0x00000000f5600000,0x00000000fab00000)
  to   space 87040K, 0% used [0x00000000fab00000,0x00000000fab00000,0x0000000100000000)
 ParOldGen       total 835584K, used 13922K [0x0000000080000000, 0x00000000b3000000, 0x00000000d5580000)
  object space 835584K, 1% used [0x0000000080000000,0x0000000080d98b10,0x00000000b3000000)
 Metaspace       used 34792K, capacity 35156K, committed 35416K, reserved 1081344K
  class space    used 3962K, capacity 4060K, committed 4096K, reserved 1048576K
Event: 4.705 GC heap after
Heap after GC invocations=3 (full 1):
 PSYoungGen      total 611840K, used 19244K [0x00000000d5580000, 0x0000000100000000, 0x0000000100000000)
  eden space 524800K, 0% used [0x00000000d5580000,0x00000000d5580000,0x00000000f5600000)
  from space 87040K, 22% used [0x00000000fab00000,0x00000000fbdcb050,0x0000000100000000)
  to   space 87040K, 0% used [0x00000000f5600000,0x00000000f5600000,0x00000000fab00000)
 ParOldGen       total 835584K, used 13930K [0x0000000080000000, 0x00000000b3000000, 0x00000000d5580000)
  object space 835584K, 1% used [0x0000000080000000,0x0000000080d9ab10,0x00000000b3000000)
 Metaspace       used 34792K, capacity 35156K, committed 35416K, reserved 1081344K
  class space    used 3962K, capacity 4060K, committed 4096K, reserved 1048576K
}
Event: 4.705 GC heap before
{Heap before GC invocations=4 (full 2):
 PSYoungGen      total 611840K, used 19244K [0x00000000d5580000, 0x0000000100000000, 0x0000000100000000)
  eden space 524800K, 0% used [0x00000000d5580000,0x00000000d5580000,0x00000000f5600000)
  from space 87040K, 22% used [0x00000000fab00000,0x00000000fbdcb050,0x0000000100000000)
  to   space 87040K, 0% used [0x00000000f5600000,0x00000000f5600000,0x00000000fab00000)
 ParOldGen       total 835584K, used 13930K [0x0000000080000000, 0x00000000b3000000, 0x00000000d5580000)
  object space 835584K, 1% used [0x0000000080000000,0x0000000080d9ab10,0x00000000b3000000)
 Metaspace       used 34792K, capacity 35156K, committed 35416K, reserved 1081344K
  class space    used 3962K, capacity 4060K, committed 4096K, reserved 1048576K
Event: 4.804 GC heap after
Heap after GC invocations=4 (full 2):
 PSYoungGen      total 611840K, used 0K [0x00000000d5580000, 0x0000000100000000, 0x0000000100000000)
  eden space 524800K, 0% used [0x00000000d5580000,0x00000000d5580000,0x00000000f5600000)
  from space 87040K, 0% used [0x00000000fab00000,0x00000000fab00000,0x0000000100000000)
  to   space 87040K, 0% used [0x00000000f5600000,0x00000000f5600000,0x00000000fab00000)
 ParOldGen       total 1364992K, used 23691K [0x0000000080000000, 0x00000000d3500000, 0x00000000d5580000)
  object space 1364992K, 1% used [0x0000000080000000,0x0000000081722f58,0x00000000d3500000)
 Metaspace       used 34792K, capacity 35156K, committed 35416K, reserved 1081344K
  class space    used 3962K, capacity 4060K, committed 4096K, reserved 1048576K
}
Event: 11.322 GC heap before
{Heap before GC invocations=5 (full 2):
 PSYoungGen      total 611840K, used 325270K [0x00000000d5580000, 0x0000000100000000, 0x0000000100000000)
  eden space 524800K, 61% used [0x00000000d5580000,0x00000000e9325b18,0x00000000f5600000)
  from space 87040K, 0% used [0x00000000fab00000,0x00000000fab00000,0x0000000100000000)
  to   space 87040K, 0% used [0x00000000f5600000,0x00000000f5600000,0x00000000fab00000)
 ParOldGen       total 1364992K, used 23691K [0x0000000080000000, 0x00000000d3500000, 0x00000000d5580000)
  object space 1364992K, 1% used [0x0000000080000000,0x0000000081722f58,0x00000000d3500000)
 Metaspace       used 57492K, capacity 58892K, committed 59008K, reserved 1101824K
  class space    used 6695K, capacity 6976K, committed 7040K, reserved 1048576K
Event: 11.359 GC heap after
Heap after GC invocations=5 (full 2):
 PSYoungGen      total 611840K, used 26891K [0x00000000d5580000, 0x0000000100000000, 0x0000000100000000)
  eden space 524800K, 0% used [0x00000000d5580000,0x00000000d5580000,0x00000000f5600000)
  from space 87040K, 30% used [0x00000000f5600000,0x00000000f7042c20,0x00000000fab00000)
  to   space 87040K, 0% used [0x00000000fab00000,0x00000000fab00000,0x0000000100000000)
 ParOldGen       total 1364992K, used 23699K [0x0000000080000000, 0x00000000d3500000, 0x00000000d5580000)
  object space 1364992K, 1% used [0x0000000080000000,0x0000000081724f58,0x00000000d3500000)
 Metaspace       used 57492K, capacity 58892K, committed 59008K, reserved 1101824K
  class space    used 6695K, capacity 6976K, committed 7040K, reserved 1048576K
}
Event: 11.359 GC heap before
{Heap before GC invocations=6 (full 3):
 PSYoungGen      total 611840K, used 26891K [0x00000000d5580000, 0x0000000100000000, 0x0000000100000000)
  eden space 524800K, 0% used [0x00000000d5580000,0x00000000d5580000,0x00000000f5600000)
  from space 87040K, 30% used [0x00000000f5600000,0x00000000f7042c20,0x00000000fab00000)
  to   space 87040K, 0% used [0x00000000fab00000,0x00000000fab00000,0x0000000100000000)
 ParOldGen       total 1364992K, used 23699K [0x0000000080000000, 0x00000000d3500000, 0x00000000d5580000)
  object space 1364992K, 1% used [0x0000000080000000,0x0000000081724f58,0x00000000d3500000)
 Metaspace       used 57492K, capacity 58892K, committed 59008K, reserved 1101824K
  class space    used 6695K, capacity 6976K, committed 7040K, reserved 1048576K
Event: 11.555 GC heap after
Heap after GC invocations=6 (full 3):
 PSYoungGen      total 611840K, used 0K [0x00000000d5580000, 0x0000000100000000, 0x0000000100000000)
  eden space 524800K, 0% used [0x00000000d5580000,0x00000000d5580000,0x00000000f5600000)
  from space 87040K, 0% used [0x00000000f5600000,0x00000000f5600000,0x00000000fab00000)
  to   space 87040K, 0% used [0x00000000fab00000,0x00000000fab00000,0x0000000100000000)
 ParOldGen       total 1398272K, used 37823K [0x0000000080000000, 0x00000000d5580000, 0x00000000d5580000)
  object space 1398272K, 2% used [0x0000000080000000,0x00000000824efe80,0x00000000d5580000)
 Metaspace       used 57485K, capacity 58878K, committed 59008K, reserved 1101824K
  class space    used 6693K, capacity 6971K, committed 7040K, reserved 1048576K
}

