# JRE version: OpenJDK Runtime Environment (8.0_212-b04) (build 1.8.0_212-b04)
# Java VM: OpenJDK 64-Bit Server VM (25.212-b04 mixed mode linux-amd64 compressed oops)
Heap:
 PSYoungGen      total 611840K, used 292462K [0x00000000d5580000, 0x0000000100000000, 0x0000000100000000)
  eden space 524800K, 55% used [0x00000000d5580000,0x00000000e731ba20,0x00000000f5600000)
  from space 87040K, 0% used [0x00000000f5600000,0x00000000f5600000,0x00000000fab00000)
  to   space 87040K, 0% used [0x00000000fab00000,0x00000000fab00000,0x0000000100000000)
 ParOldGen       total 1398272K, used 41995K [0x0000000080000000, 0x00000000d5580000, 0x00000000d5580000)
  object space 1398272K, 3% used [0x0000000080000000,0x0000000082902dd8,0x00000000d5580000)
 Metaspace       used 63576K, capacity 66208K, committed 66432K, reserved 1107968K
  class space    used 7317K, capacity 7782K, committed 7808K, reserved 1048576K
GC Heap History (10 events):
Event: 1.898 GC heap before
{Heap before GC invocations=2 (full 1):
 PSYoungGen      total 611840K, used 14321K [0x00000000d5580000, 0x0000000100000000, 0x0000000100000000)
  eden space 524800K, 0% used [0x00000000d5580000,0x00000000d5580000,0x00000000f5600000)
  from space 87040K, 16% used [0x00000000f5600000,0x00000000f63fc560,0x00000000fab00000)
  to   space 87040K, 0% used [0x00000000fab00000,0x00000000fab00000,0x0000000100000000)
 ParOldGen       total 1398272K, used 80K [0x0000000080000000, 0x00000000d5580000, 0x00000000d5580000)
  object space 1398272K, 0% used [0x0000000080000000,0x0000000080014010,0x00000000d5580000)
 Metaspace       used 20822K, capacity 21106K, committed 21248K, reserved 1069056K
  class space    used 2372K, capacity 2482K, committed 2560K, reserved 1048576K
Event: 1.966 GC heap after
Heap after GC invocations=2 (full 1):
 PSYoungGen      total 611840K, used 0K [0x00000000d5580000, 0x0000000100000000, 0x0000000100000000)
  eden space 524800K, 0% used [0x00000000d5580000,0x00000000d5580000,0x00000000f5600000)
  from space 87040K, 0% used [0x00000000f5600000,0x00000000f5600000,0x00000000fab00000)
  to   space 87040K, 0% used [0x00000000fab00000,0x00000000fab00000,0x0000000100000000)
 ParOldGen       total 874496K, used 13792K [0x0000000080000000, 0x00000000b5600000, 0x00000000d5580000)
  object space 874496K, 1% used [0x0000000080000000,0x0000000080d78180,0x00000000b5600000)
 Metaspace       used 20822K, capacity 21106K, committed 21248K, reserved 1069056K
  class space    used 2372K, capacity 2482K, committed 2560K, reserved 1048576K
}
Event: 4.033 GC heap before
{Heap before GC invocations=3 (full 1):
 PSYoungGen      total 611840K, used 413555K [0x00000000d5580000, 0x0000000100000000, 0x0000000100000000)
  eden space 524800K, 78% used [0x00000000d5580000,0x00000000ee95ce30,0x00000000f5600000)
  from space 87040K, 0% used [0x00000000f5600000,0x00000000f5600000,0x00000000fab00000)
  to   space 87040K, 0% used [0x00000000fab00000,0x00000000fab00000,0x0000000100000000)
 ParOldGen       total 874496K, used 13792K [0x0000000080000000, 0x00000000b5600000, 0x00000000d5580000)
  object space 874496K, 1% used [0x0000000080000000,0x0000000080d78180,0x00000000b5600000)
 Metaspace       used 34810K, capacity 35188K, committed 35416K, reserved 1081344K
  class space    used 3968K, capacity 4092K, committed 4096K, reserved 1048576K
Event: 4.071 GC heap after
Heap after GC invocations=3 (full 1):
 PSYoungGen      total 611840K, used 19172K [0x00000000d5580000, 0x0000000100000000, 0x0000000100000000)
  eden space 524800K, 0% used [0x00000000d5580000,0x00000000d5580000,0x00000000f5600000)
  from space 87040K, 22% used [0x00000000fab00000,0x00000000fbdb9050,0x0000000100000000)
  to   space 87040K, 0% used [0x00000000f5600000,0x00000000f5600000,0x00000000fab00000)
 ParOldGen       total 874496K, used 13800K [0x0000000080000000, 0x00000000b5600000, 0x00000000d5580000)
  object space 874496K, 1% used [0x0000000080000000,0x0000000080d7a180,0x00000000b5600000)
 Metaspace       used 34810K, capacity 35188K, committed 35416K, reserved 1081344K
  class space    used 3968K, capacity 4092K, committed 4096K, reserved 1048576K
}
Event: 4.071 GC heap before
{Heap before GC invocations=4 (full 2):
 PSYoungGen      total 611840K, used 19172K [0x00000000d5580000, 0x0000000100000000, 0x0000000100000000)
  eden space 524800K, 0% used [0x00000000d5580000,0x00000000d5580000,0x00000000f5600000)
  from space 87040K, 22% used [0x00000000fab00000,0x00000000fbdb9050,0x0000000100000000)
  to   space 87040K, 0% used [0x00000000f5600000,0x00000000f5600000,0x00000000fab00000)
 ParOldGen       total 874496K, used 13800K [0x0000000080000000, 0x00000000b5600000, 0x00000000d5580000)
  object space 874496K, 1% used [0x0000000080000000,0x0000000080d7a180,0x00000000b5600000)
 Metaspace       used 34810K, capacity 35188K, committed 35416K, reserved 1081344K
  class space    used 3968K, capacity 4092K, committed 4096K, reserved 1048576K
Event: 4.160 GC heap after
Heap after GC invocations=4 (full 2):
 PSYoungGen      total 611840K, used 0K [0x00000000d5580000, 0x0000000100000000, 0x0000000100000000)
  eden space 524800K, 0% used [0x00000000d5580000,0x00000000d5580000,0x00000000f5600000)
  from space 87040K, 0% used [0x00000000fab00000,0x00000000fab00000,0x0000000100000000)
  to   space 87040K, 0% used [0x00000000f5600000,0x00000000f5600000,0x00000000fab00000)
 ParOldGen       total 1398272K, used 23578K [0x0000000080000000, 0x00000000d5580000, 0x00000000d5580000)
  object space 1398272K, 1% used [0x0000000080000000,0x0000000081706b80,0x00000000d5580000)
 Metaspace       used 34810K, capacity 35188K, committed 35416K, reserved 1081344K
  class space    used 3968K, capacity 4092K, committed 4096K, reserved 1048576K
}
Event: 11.210 GC heap before
{Heap before GC invocations=5 (full 2):
 PSYoungGen      total 611840K, used 427139K [0x00000000d5580000, 0x0000000100000000, 0x0000000100000000)
  eden space 524800K, 81% used [0x00000000d5580000,0x00000000ef6a0e70,0x00000000f5600000)
  from space 87040K, 0% used [0x00000000fab00000,0x00000000fab00000,0x0000000100000000)
  to   space 87040K, 0% used [0x00000000f5600000,0x00000000f5600000,0x00000000fab00000)
 ParOldGen       total 1398272K, used 23578K [0x0000000080000000, 0x00000000d5580000, 0x00000000d5580000)
  object space 1398272K, 1% used [0x0000000080000000,0x0000000081706b80,0x00000000d5580000)
 Metaspace       used 57404K, capacity 58862K, committed 59028K, reserved 1101824K
  class space    used 6632K, capacity 6895K, committed 6912K, reserved 1048576K
Event: 11.285 GC heap after
Heap after GC invocations=5 (full 2):
 PSYoungGen      total 611840K, used 31253K [0x00000000d5580000, 0x0000000100000000, 0x0000000100000000)
  eden space 524800K, 0% used [0x00000000d5580000,0x00000000d5580000,0x00000000f5600000)
  from space 87040K, 35% used [0x00000000f5600000,0x00000000f74854c8,0x00000000fab00000)
  to   space 87040K, 0% used [0x00000000fab00000,0x00000000fab00000,0x0000000100000000)
 ParOldGen       total 1398272K, used 23586K [0x0000000080000000, 0x00000000d5580000, 0x00000000d5580000)
  object space 1398272K, 1% used [0x0000000080000000,0x0000000081708b80,0x00000000d5580000)
 Metaspace       used 57404K, capacity 58862K, committed 59028K, reserved 1101824K
  class space    used 6632K, capacity 6895K, committed 6912K, reserved 1048576K
}
Event: 11.285 GC heap before
{Heap before GC invocations=6 (full 3):
 PSYoungGen      total 611840K, used 31253K [0x00000000d5580000, 0x0000000100000000, 0x0000000100000000)
  eden space 524800K, 0% used [0x00000000d5580000,0x00000000d5580000,0x00000000f5600000)
  from space 87040K, 35% used [0x00000000f5600000,0x00000000f74854c8,0x00000000fab00000)
  to   space 87040K, 0% used [0x00000000fab00000,0x00000000fab00000,0x0000000100000000)
 ParOldGen       total 1398272K, used 23586K [0x0000000080000000, 0x00000000d5580000, 0x00000000d5580000)
  object space 1398272K, 1% used [0x0000000080000000,0x0000000081708b80,0x00000000d5580000)
 Metaspace       used 57404K, capacity 58862K, committed 59028K, reserved 1101824K
  class space    used 6632K, capacity 6895K, committed 6912K, reserved 1048576K
Event: 11.572 GC heap after
Heap after GC invocations=6 (full 3):
 PSYoungGen      total 611840K, used 0K [0x00000000d5580000, 0x0000000100000000, 0x0000000100000000)
  eden space 524800K, 0% used [0x00000000d5580000,0x00000000d5580000,0x00000000f5600000)
  from space 87040K, 0% used [0x00000000f5600000,0x00000000f5600000,0x00000000fab00000)
  to   space 87040K, 0% used [0x00000000fab00000,0x00000000fab00000,0x0000000100000000)
 ParOldGen       total 1398272K, used 41995K [0x0000000080000000, 0x00000000d5580000, 0x00000000d5580000)
  object space 1398272K, 3% used [0x0000000080000000,0x0000000082902dd8,0x00000000d5580000)
 Metaspace       used 57385K, capacity 58814K, committed 59028K, reserved 1101824K
  class space    used 6625K, capacity 6883K, committed 6912K, reserved 1048576K
}

