# JRE version: OpenJDK Runtime Environment (8.0_212-b04) (build 1.8.0_212-b04)
# Java VM: OpenJDK 64-Bit Server VM (25.212-b04 mixed mode linux-amd64 compressed oops)
Heap:
 PSYoungGen      total 611840K, used 381708K [0x00000000d5580000, 0x0000000100000000, 0x0000000100000000)
  eden space 524800K, 72% used [0x00000000d5580000,0x00000000eca432e0,0x00000000f5600000)
  from space 87040K, 0% used [0x00000000fab00000,0x00000000fab00000,0x0000000100000000)
  to   space 87040K, 0% used [0x00000000f5600000,0x00000000f5600000,0x00000000fab00000)
 ParOldGen       total 1398272K, used 27427K [0x0000000080000000, 0x00000000d5580000, 0x00000000d5580000)
  object space 1398272K, 1% used [0x0000000080000000,0x0000000081ac8ed8,0x00000000d5580000)
 Metaspace       used 68131K, capacity 70844K, committed 71168K, reserved 1112064K
  class space    used 7836K, capacity 8342K, committed 8448K, reserved 1048576K
GC Heap History (10 events):
Event: 4.600 GC heap before
{Heap before GC invocations=3 (full 1):
 PSYoungGen      total 611840K, used 467148K [0x00000000d5580000, 0x0000000100000000, 0x0000000100000000)
  eden space 524800K, 89% used [0x00000000d5580000,0x00000000f1db31e0,0x00000000f5600000)
  from space 87040K, 0% used [0x00000000f5600000,0x00000000f5600000,0x00000000fab00000)
  to   space 87040K, 0% used [0x00000000fab00000,0x00000000fab00000,0x0000000100000000)
 ParOldGen       total 882688K, used 14348K [0x0000000080000000, 0x00000000b5e00000, 0x00000000d5580000)
  object space 882688K, 1% used [0x0000000080000000,0x0000000080e033d8,0x00000000b5e00000)
 Metaspace       used 34763K, capacity 35092K, committed 35416K, reserved 1081344K
  class space    used 3955K, capacity 4060K, committed 4096K, reserved 1048576K
Event: 4.636 GC heap after
Heap after GC invocations=3 (full 1):
 PSYoungGen      total 611840K, used 19022K [0x00000000d5580000, 0x0000000100000000, 0x0000000100000000)
  eden space 524800K, 0% used [0x00000000d5580000,0x00000000d5580000,0x00000000f5600000)
  from space 87040K, 21% used [0x00000000fab00000,0x00000000fbd93908,0x0000000100000000)
  to   space 87040K, 0% used [0x00000000f5600000,0x00000000f5600000,0x00000000fab00000)
 ParOldGen       total 882688K, used 14348K [0x0000000080000000, 0x00000000b5e00000, 0x00000000d5580000)
  object space 882688K, 1% used [0x0000000080000000,0x0000000080e033d8,0x00000000b5e00000)
 Metaspace       used 34763K, capacity 35092K, committed 35416K, reserved 1081344K
  class space    used 3955K, capacity 4060K, committed 4096K, reserved 1048576K
}
Event: 4.636 GC heap before
{Heap before GC invocations=4 (full 2):
 PSYoungGen      total 611840K, used 19022K [0x00000000d5580000, 0x0000000100000000, 0x0000000100000000)
  eden space 524800K, 0% used [0x00000000d5580000,0x00000000d5580000,0x00000000f5600000)
  from space 87040K, 21% used [0x00000000fab00000,0x00000000fbd93908,0x0000000100000000)
  to   space 87040K, 0% used [0x00000000f5600000,0x00000000f5600000,0x00000000fab00000)
 ParOldGen       total 882688K, used 14348K [0x0000000080000000, 0x00000000b5e00000, 0x00000000d5580000)
  object space 882688K, 1% used [0x0000000080000000,0x0000000080e033d8,0x00000000b5e00000)
 Metaspace       used 34763K, capacity 35092K, committed 35416K, reserved 1081344K
  class space    used 3955K, capacity 4060K, committed 4096K, reserved 1048576K
Event: 4.720 GC heap after
Heap after GC invocations=4 (full 2):
 PSYoungGen      total 611840K, used 0K [0x00000000d5580000, 0x0000000100000000, 0x0000000100000000)
  eden space 524800K, 0% used [0x00000000d5580000,0x00000000d5580000,0x00000000f5600000)
  from space 87040K, 0% used [0x00000000fab00000,0x00000000fab00000,0x0000000100000000)
  to   space 87040K, 0% used [0x00000000f5600000,0x00000000f5600000,0x00000000fab00000)
 ParOldGen       total 1398272K, used 23683K [0x0000000080000000, 0x00000000d5580000, 0x00000000d5580000)
  object space 1398272K, 1% used [0x0000000080000000,0x0000000081720d18,0x00000000d5580000)
 Metaspace       used 34763K, capacity 35092K, committed 35416K, reserved 1081344K
  class space    used 3955K, capacity 4060K, committed 4096K, reserved 1048576K
}
Event: 11.526 GC heap before
{Heap before GC invocations=5 (full 2):
 PSYoungGen      total 611840K, used 524800K [0x00000000d5580000, 0x0000000100000000, 0x0000000100000000)
  eden space 524800K, 100% used [0x00000000d5580000,0x00000000f5600000,0x00000000f5600000)
  from space 87040K, 0% used [0x00000000fab00000,0x00000000fab00000,0x0000000100000000)
  to   space 87040K, 0% used [0x00000000f5600000,0x00000000f5600000,0x00000000fab00000)
 ParOldGen       total 1398272K, used 23683K [0x0000000080000000, 0x00000000d5580000, 0x00000000d5580000)
  object space 1398272K, 1% used [0x0000000080000000,0x0000000081720d18,0x00000000d5580000)
 Metaspace       used 53606K, capacity 55048K, committed 55296K, reserved 1097728K
  class space    used 6276K, capacity 6546K, committed 6656K, reserved 1048576K
Event: 11.591 GC heap after
Heap after GC invocations=5 (full 2):
 PSYoungGen      total 611840K, used 27956K [0x00000000d5580000, 0x0000000100000000, 0x0000000100000000)
  eden space 524800K, 0% used [0x00000000d5580000,0x00000000d5580000,0x00000000f5600000)
  from space 87040K, 32% used [0x00000000f5600000,0x00000000f714d060,0x00000000fab00000)
  to   space 87040K, 0% used [0x00000000fab00000,0x00000000fab00000,0x0000000100000000)
 ParOldGen       total 1398272K, used 23691K [0x0000000080000000, 0x00000000d5580000, 0x00000000d5580000)
  object space 1398272K, 1% used [0x0000000080000000,0x0000000081722d18,0x00000000d5580000)
 Metaspace       used 53606K, capacity 55048K, committed 55296K, reserved 1097728K
  class space    used 6276K, capacity 6546K, committed 6656K, reserved 1048576K
}
Event: 12.234 GC heap before
{Heap before GC invocations=6 (full 2):
 PSYoungGen      total 611840K, used 165819K [0x00000000d5580000, 0x0000000100000000, 0x0000000100000000)
  eden space 524800K, 26% used [0x00000000d5580000,0x00000000ddc21ce8,0x00000000f5600000)
  from space 87040K, 32% used [0x00000000f5600000,0x00000000f714d060,0x00000000fab00000)
  to   space 87040K, 0% used [0x00000000fab00000,0x00000000fab00000,0x0000000100000000)
 ParOldGen       total 1398272K, used 23691K [0x0000000080000000, 0x00000000d5580000, 0x00000000d5580000)
  object space 1398272K, 1% used [0x0000000080000000,0x0000000081722d18,0x00000000d5580000)
 Metaspace       used 57405K, capacity 58846K, committed 59028K, reserved 1101824K
  class space    used 6635K, capacity 6909K, committed 6912K, reserved 1048576K
Event: 12.266 GC heap after
Heap after GC invocations=6 (full 2):
 PSYoungGen      total 611840K, used 15587K [0x00000000d5580000, 0x0000000100000000, 0x0000000100000000)
  eden space 524800K, 0% used [0x00000000d5580000,0x00000000d5580000,0x00000000f5600000)
  from space 87040K, 17% used [0x00000000fab00000,0x00000000fba38f00,0x0000000100000000)
  to   space 87040K, 0% used [0x00000000f5600000,0x00000000f5600000,0x00000000fab00000)
 ParOldGen       total 1398272K, used 23691K [0x0000000080000000, 0x00000000d5580000, 0x00000000d5580000)
  object space 1398272K, 1% used [0x0000000080000000,0x0000000081722d18,0x00000000d5580000)
 Metaspace       used 57405K, capacity 58846K, committed 59028K, reserved 1101824K
  class space    used 6635K, capacity 6909K, committed 6912K, reserved 1048576K
}
Event: 12.266 GC heap before
{Heap before GC invocations=7 (full 3):
 PSYoungGen      total 611840K, used 15587K [0x00000000d5580000, 0x0000000100000000, 0x0000000100000000)
  eden space 524800K, 0% used [0x00000000d5580000,0x00000000d5580000,0x00000000f5600000)
  from space 87040K, 17% used [0x00000000fab00000,0x00000000fba38f00,0x0000000100000000)
  to   space 87040K, 0% used [0x00000000f5600000,0x00000000f5600000,0x00000000fab00000)
 ParOldGen       total 1398272K, used 23691K [0x0000000080000000, 0x00000000d5580000, 0x00000000d5580000)
  object space 1398272K, 1% used [0x0000000080000000,0x0000000081722d18,0x00000000d5580000)
 Metaspace       used 57405K, capacity 58846K, committed 59028K, reserved 1101824K
  class space    used 6635K, capacity 6909K, committed 6912K, reserved 1048576K
Event: 12.545 GC heap after
Heap after GC invocations=7 (full 3):
 PSYoungGen      total 611840K, used 0K [0x00000000d5580000, 0x0000000100000000, 0x0000000100000000)
  eden space 524800K, 0% used [0x00000000d5580000,0x00000000d5580000,0x00000000f5600000)
  from space 87040K, 0% used [0x00000000fab00000,0x00000000fab00000,0x0000000100000000)
  to   space 87040K, 0% used [0x00000000f5600000,0x00000000f5600000,0x00000000fab00000)
 ParOldGen       total 1398272K, used 27427K [0x0000000080000000, 0x00000000d5580000, 0x00000000d5580000)
  object space 1398272K, 1% used [0x0000000080000000,0x0000000081ac8ed8,0x00000000d5580000)
 Metaspace       used 57360K, capacity 58738K, committed 59028K, reserved 1101824K
  class space    used 6619K, capacity 6881K, committed 6912K, reserved 1048576K
}

