# JRE version: OpenJDK Runtime Environment (8.0_212-b04) (build 1.8.0_212-b04)
# Java VM: OpenJDK 64-Bit Server VM (25.212-b04 mixed mode linux-amd64 compressed oops)
Heap:
 PSYoungGen      total 611840K, used 465511K [0x00000000d5580000, 0x0000000100000000, 0x0000000100000000)
  eden space 524800K, 88% used [0x00000000d5580000,0x00000000f1c19d58,0x00000000f5600000)
  from space 87040K, 0% used [0x00000000f5600000,0x00000000f5600000,0x00000000fab00000)
  to   space 87040K, 0% used [0x00000000fab00000,0x00000000fab00000,0x0000000100000000)
 ParOldGen       total 1398272K, used 41893K [0x0000000080000000, 0x00000000d5580000, 0x00000000d5580000)
  object space 1398272K, 2% used [0x0000000080000000,0x00000000828e9440,0x00000000d5580000)
 Metaspace       used 65088K, capacity 67994K, committed 68224K, reserved 1110016K
  class space    used 7457K, capacity 7979K, committed 8064K, reserved 1048576K
GC Heap History (10 events):
Event: 2.012 GC heap before
{Heap before GC invocations=2 (full 1):
 PSYoungGen      total 611840K, used 14224K [0x00000000d5580000, 0x0000000100000000, 0x0000000100000000)
  eden space 524800K, 0% used [0x00000000d5580000,0x00000000d5580000,0x00000000f5600000)
  from space 87040K, 16% used [0x00000000f5600000,0x00000000f63e42a0,0x00000000fab00000)
  to   space 87040K, 0% used [0x00000000fab00000,0x00000000fab00000,0x0000000100000000)
 ParOldGen       total 1398272K, used 80K [0x0000000080000000, 0x00000000d5580000, 0x00000000d5580000)
  object space 1398272K, 0% used [0x0000000080000000,0x0000000080014010,0x00000000d5580000)
 Metaspace       used 20813K, capacity 21106K, committed 21248K, reserved 1069056K
  class space    used 2366K, capacity 2482K, committed 2560K, reserved 1048576K
Event: 2.076 GC heap after
Heap after GC invocations=2 (full 1):
 PSYoungGen      total 611840K, used 0K [0x00000000d5580000, 0x0000000100000000, 0x0000000100000000)
  eden space 524800K, 0% used [0x00000000d5580000,0x00000000d5580000,0x00000000f5600000)
  from space 87040K, 0% used [0x00000000f5600000,0x00000000f5600000,0x00000000fab00000)
  to   space 87040K, 0% used [0x00000000fab00000,0x00000000fab00000,0x0000000100000000)
 ParOldGen       total 886272K, used 13704K [0x0000000080000000, 0x00000000b6180000, 0x00000000d5580000)
  object space 886272K, 1% used [0x0000000080000000,0x0000000080d62248,0x00000000b6180000)
 Metaspace       used 20813K, capacity 21106K, committed 21248K, reserved 1069056K
  class space    used 2366K, capacity 2482K, committed 2560K, reserved 1048576K
}
Event: 4.199 GC heap before
{Heap before GC invocations=3 (full 1):
 PSYoungGen      total 611840K, used 434547K [0x00000000d5580000, 0x0000000100000000, 0x0000000100000000)
  eden space 524800K, 82% used [0x00000000d5580000,0x00000000efddcf00,0x00000000f5600000)
  from space 87040K, 0% used [0x00000000f5600000,0x00000000f5600000,0x00000000fab00000)
  to   space 87040K, 0% used [0x00000000fab00000,0x00000000fab00000,0x0000000100000000)
 ParOldGen       total 886272K, used 13704K [0x0000000080000000, 0x00000000b6180000, 0x00000000d5580000)
  object space 886272K, 1% used [0x0000000080000000,0x0000000080d62248,0x00000000b6180000)
 Metaspace       used 34737K, capacity 35124K, committed 35416K, reserved 1081344K
  class space    used 3965K, capacity 4092K, committed 4096K, reserved 1048576K
Event: 4.234 GC heap after
Heap after GC invocations=3 (full 1):
 PSYoungGen      total 611840K, used 19206K [0x00000000d5580000, 0x0000000100000000, 0x0000000100000000)
  eden space 524800K, 0% used [0x00000000d5580000,0x00000000d5580000,0x00000000f5600000)
  from space 87040K, 22% used [0x00000000fab00000,0x00000000fbdc1ba8,0x0000000100000000)
  to   space 87040K, 0% used [0x00000000f5600000,0x00000000f5600000,0x00000000fab00000)
 ParOldGen       total 886272K, used 13704K [0x0000000080000000, 0x00000000b6180000, 0x00000000d5580000)
  object space 886272K, 1% used [0x0000000080000000,0x0000000080d62248,0x00000000b6180000)
 Metaspace       used 34737K, capacity 35124K, committed 35416K, reserved 1081344K
  class space    used 3965K, capacity 4092K, committed 4096K, reserved 1048576K
}
Event: 4.234 GC heap before
{Heap before GC invocations=4 (full 2):
 PSYoungGen      total 611840K, used 19206K [0x00000000d5580000, 0x0000000100000000, 0x0000000100000000)
  eden space 524800K, 0% used [0x00000000d5580000,0x00000000d5580000,0x00000000f5600000)
  from space 87040K, 22% used [0x00000000fab00000,0x00000000fbdc1ba8,0x0000000100000000)
  to   space 87040K, 0% used [0x00000000f5600000,0x00000000f5600000,0x00000000fab00000)
 ParOldGen       total 886272K, used 13704K [0x0000000080000000, 0x00000000b6180000, 0x00000000d5580000)
  object space 886272K, 1% used [0x0000000080000000,0x0000000080d62248,0x00000000b6180000)
 Metaspace       used 34737K, capacity 35124K, committed 35416K, reserved 1081344K
  class space    used 3965K, capacity 4092K, committed 4096K, reserved 1048576K
Event: 4.342 GC heap after
Heap after GC invocations=4 (full 2):
 PSYoungGen      total 611840K, used 0K [0x00000000d5580000, 0x0000000100000000, 0x0000000100000000)
  eden space 524800K, 0% used [0x00000000d5580000,0x00000000d5580000,0x00000000f5600000)
  from space 87040K, 0% used [0x00000000fab00000,0x00000000fab00000,0x0000000100000000)
  to   space 87040K, 0% used [0x00000000f5600000,0x00000000f5600000,0x00000000fab00000)
 ParOldGen       total 1398272K, used 23538K [0x0000000080000000, 0x00000000d5580000, 0x00000000d5580000)
  object space 1398272K, 1% used [0x0000000080000000,0x00000000816fc9a0,0x00000000d5580000)
 Metaspace       used 34737K, capacity 35124K, committed 35416K, reserved 1081344K
  class space    used 3965K, capacity 4092K, committed 4096K, reserved 1048576K
}
Event: 10.405 GC heap before
{Heap before GC invocations=5 (full 2):
 PSYoungGen      total 611840K, used 478458K [0x00000000d5580000, 0x0000000100000000, 0x0000000100000000)
  eden space 524800K, 91% used [0x00000000d5580000,0x00000000f28bea30,0x00000000f5600000)
  from space 87040K, 0% used [0x00000000fab00000,0x00000000fab00000,0x0000000100000000)
  to   space 87040K, 0% used [0x00000000f5600000,0x00000000f5600000,0x00000000fab00000)
 ParOldGen       total 1398272K, used 23538K [0x0000000080000000, 0x00000000d5580000, 0x00000000d5580000)
  object space 1398272K, 1% used [0x0000000080000000,0x00000000816fc9a0,0x00000000d5580000)
 Metaspace       used 57496K, capacity 58864K, committed 59028K, reserved 1101824K
  class space    used 6660K, capacity 6900K, committed 6912K, reserved 1048576K
Event: 10.467 GC heap after
Heap after GC invocations=5 (full 2):
 PSYoungGen      total 611840K, used 31253K [0x00000000d5580000, 0x0000000100000000, 0x0000000100000000)
  eden space 524800K, 0% used [0x00000000d5580000,0x00000000d5580000,0x00000000f5600000)
  from space 87040K, 35% used [0x00000000f5600000,0x00000000f7485688,0x00000000fab00000)
  to   space 87040K, 0% used [0x00000000fab00000,0x00000000fab00000,0x0000000100000000)
 ParOldGen       total 1398272K, used 23546K [0x0000000080000000, 0x00000000d5580000, 0x00000000d5580000)
  object space 1398272K, 1% used [0x0000000080000000,0x00000000816fe9a0,0x00000000d5580000)
 Metaspace       used 57496K, capacity 58864K, committed 59028K, reserved 1101824K
  class space    used 6660K, capacity 6900K, committed 6912K, reserved 1048576K
}
Event: 10.467 GC heap before
{Heap before GC invocations=6 (full 3):
 PSYoungGen      total 611840K, used 31253K [0x00000000d5580000, 0x0000000100000000, 0x0000000100000000)
  eden space 524800K, 0% used [0x00000000d5580000,0x00000000d5580000,0x00000000f5600000)
  from space 87040K, 35% used [0x00000000f5600000,0x00000000f7485688,0x00000000fab00000)
  to   space 87040K, 0% used [0x00000000fab00000,0x00000000fab00000,0x0000000100000000)
 ParOldGen       total 1398272K, used 23546K [0x0000000080000000, 0x00000000d5580000, 0x00000000d5580000)
  object space 1398272K, 1% used [0x0000000080000000,0x00000000816fe9a0,0x00000000d5580000)
 Metaspace       used 57496K, capacity 58864K, committed 59028K, reserved 1101824K
  class space    used 6660K, capacity 6900K, committed 6912K, reserved 1048576K
Event: 10.684 GC heap after
Heap after GC invocations=6 (full 3):
 PSYoungGen      total 611840K, used 0K [0x00000000d5580000, 0x0000000100000000, 0x0000000100000000)
  eden space 524800K, 0% used [0x00000000d5580000,0x00000000d5580000,0x00000000f5600000)
  from space 87040K, 0% used [0x00000000f5600000,0x00000000f5600000,0x00000000fab00000)
  to   space 87040K, 0% used [0x00000000fab00000,0x00000000fab00000,0x0000000100000000)
 ParOldGen       total 1398272K, used 41893K [0x0000000080000000, 0x00000000d5580000, 0x00000000d5580000)
  object space 1398272K, 2% used [0x0000000080000000,0x00000000828e9440,0x00000000d5580000)
 Metaspace       used 57477K, capacity 58816K, committed 59028K, reserved 1101824K
  class space    used 6653K, capacity 6888K, committed 6912K, reserved 1048576K
}

