# JRE version: OpenJDK Runtime Environment (8.0_212-b04) (build 1.8.0_212-b04)
# Java VM: OpenJDK 64-Bit Server VM (25.212-b04 mixed mode linux-amd64 compressed oops)
Heap:
 PSYoungGen      total 611840K, used 468543K [0x00000000d5580000, 0x0000000100000000, 0x0000000100000000)
  eden space 524800K, 89% used [0x00000000d5580000,0x00000000f1f0ff50,0x00000000f5600000)
  from space 87040K, 0% used [0x00000000fab00000,0x00000000fab00000,0x0000000100000000)
  to   space 87040K, 0% used [0x00000000f5600000,0x00000000f5600000,0x00000000fab00000)
 ParOldGen       total 1398272K, used 32474K [0x0000000080000000, 0x00000000d5580000, 0x00000000d5580000)
  object space 1398272K, 2% used [0x0000000080000000,0x0000000081fb69b8,0x00000000d5580000)
 Metaspace       used 75993K, capacity 78769K, committed 78848K, reserved 1118208K
  class space    used 8902K, capacity 9437K, committed 9472K, reserved 1048576K
GC Heap History (10 events):
Event: 4.328 GC heap before
{Heap before GC invocations=3 (full 1):
 PSYoungGen      total 611840K, used 341139K [0x00000000d5580000, 0x0000000100000000, 0x0000000100000000)
  eden space 524800K, 65% used [0x00000000d5580000,0x00000000ea2a4f50,0x00000000f5600000)
  from space 87040K, 0% used [0x00000000f5600000,0x00000000f5600000,0x00000000fab00000)
  to   space 87040K, 0% used [0x00000000fab00000,0x00000000fab00000,0x0000000100000000)
 ParOldGen       total 878592K, used 13608K [0x0000000080000000, 0x00000000b5a00000, 0x00000000d5580000)
  object space 878592K, 1% used [0x0000000080000000,0x0000000080d4a310,0x00000000b5a00000)
 Metaspace       used 34717K, capacity 35018K, committed 35416K, reserved 1081344K
  class space    used 4186K, capacity 4289K, committed 4352K, reserved 1048576K
Event: 4.366 GC heap after
Heap after GC invocations=3 (full 1):
 PSYoungGen      total 611840K, used 19277K [0x00000000d5580000, 0x0000000100000000, 0x0000000100000000)
  eden space 524800K, 0% used [0x00000000d5580000,0x00000000d5580000,0x00000000f5600000)
  from space 87040K, 22% used [0x00000000fab00000,0x00000000fbdd35b8,0x0000000100000000)
  to   space 87040K, 0% used [0x00000000f5600000,0x00000000f5600000,0x00000000fab00000)
 ParOldGen       total 878592K, used 13608K [0x0000000080000000, 0x00000000b5a00000, 0x00000000d5580000)
  object space 878592K, 1% used [0x0000000080000000,0x0000000080d4a310,0x00000000b5a00000)
 Metaspace       used 34717K, capacity 35018K, committed 35416K, reserved 1081344K
  class space    used 4186K, capacity 4289K, committed 4352K, reserved 1048576K
}
Event: 4.366 GC heap before
{Heap before GC invocations=4 (full 2):
 PSYoungGen      total 611840K, used 19277K [0x00000000d5580000, 0x0000000100000000, 0x0000000100000000)
  eden space 524800K, 0% used [0x00000000d5580000,0x00000000d5580000,0x00000000f5600000)
  from space 87040K, 22% used [0x00000000fab00000,0x00000000fbdd35b8,0x0000000100000000)
  to   space 87040K, 0% used [0x00000000f5600000,0x00000000f5600000,0x00000000fab00000)
 ParOldGen       total 878592K, used 13608K [0x0000000080000000, 0x00000000b5a00000, 0x00000000d5580000)
  object space 878592K, 1% used [0x0000000080000000,0x0000000080d4a310,0x00000000b5a00000)
 Metaspace       used 34717K, capacity 35018K, committed 35416K, reserved 1081344K
  class space    used 4186K, capacity 4289K, committed 4352K, reserved 1048576K
Event: 4.488 GC heap after
Heap after GC invocations=4 (full 2):
 PSYoungGen      total 611840K, used 0K [0x00000000d5580000, 0x0000000100000000, 0x0000000100000000)
  eden space 524800K, 0% used [0x00000000d5580000,0x00000000d5580000,0x00000000f5600000)
  from space 87040K, 0% used [0x00000000fab00000,0x00000000fab00000,0x0000000100000000)
  to   space 87040K, 0% used [0x00000000f5600000,0x00000000f5600000,0x00000000fab00000)
 ParOldGen       total 1398272K, used 24176K [0x0000000080000000, 0x00000000d5580000, 0x00000000d5580000)
  object space 1398272K, 1% used [0x0000000080000000,0x000000008179c2b8,0x00000000d5580000)
 Metaspace       used 34717K, capacity 35018K, committed 35416K, reserved 1081344K
  class space    used 4186K, capacity 4289K, committed 4352K, reserved 1048576K
}
Event: 7.588 GC heap before
{Heap before GC invocations=5 (full 2):
 PSYoungGen      total 611840K, used 524800K [0x00000000d5580000, 0x0000000100000000, 0x0000000100000000)
  eden space 524800K, 100% used [0x00000000d5580000,0x00000000f5600000,0x00000000f5600000)
  from space 87040K, 0% used [0x00000000fab00000,0x00000000fab00000,0x0000000100000000)
  to   space 87040K, 0% used [0x00000000f5600000,0x00000000f5600000,0x00000000fab00000)
 ParOldGen       total 1398272K, used 24176K [0x0000000080000000, 0x00000000d5580000, 0x00000000d5580000)
  object space 1398272K, 1% used [0x0000000080000000,0x000000008179c2b8,0x00000000d5580000)
 Metaspace       used 49331K, capacity 50140K, committed 50432K, reserved 1093632K
  class space    used 5880K, capacity 6084K, committed 6144K, reserved 1048576K
Event: 7.643 GC heap after
Heap after GC invocations=5 (full 2):
 PSYoungGen      total 611840K, used 20381K [0x00000000d5580000, 0x0000000100000000, 0x0000000100000000)
  eden space 524800K, 0% used [0x00000000d5580000,0x00000000d5580000,0x00000000f5600000)
  from space 87040K, 23% used [0x00000000f5600000,0x00000000f69e7668,0x00000000fab00000)
  to   space 87040K, 0% used [0x00000000fab00000,0x00000000fab00000,0x0000000100000000)
 ParOldGen       total 1398272K, used 24176K [0x0000000080000000, 0x00000000d5580000, 0x00000000d5580000)
  object space 1398272K, 1% used [0x0000000080000000,0x000000008179c2b8,0x00000000d5580000)
 Metaspace       used 49331K, capacity 50140K, committed 50432K, reserved 1093632K
  class space    used 5880K, capacity 6084K, committed 6144K, reserved 1048576K
}
Event: 12.010 GC heap before
{Heap before GC invocations=6 (full 2):
 PSYoungGen      total 611840K, used 333672K [0x00000000d5580000, 0x0000000100000000, 0x0000000100000000)
  eden space 524800K, 59% used [0x00000000d5580000,0x00000000e8772d08,0x00000000f5600000)
  from space 87040K, 23% used [0x00000000f5600000,0x00000000f69e7668,0x00000000fab00000)
  to   space 87040K, 0% used [0x00000000fab00000,0x00000000fab00000,0x0000000100000000)
 ParOldGen       total 1398272K, used 24176K [0x0000000080000000, 0x00000000d5580000, 0x00000000d5580000)
  object space 1398272K, 1% used [0x0000000080000000,0x000000008179c2b8,0x00000000d5580000)
 Metaspace       used 57772K, capacity 58921K, committed 59028K, reserved 1101824K
  class space    used 6948K, capacity 7168K, committed 7168K, reserved 1048576K
Event: 12.046 GC heap after
Heap after GC invocations=6 (full 2):
 PSYoungGen      total 611840K, used 19947K [0x00000000d5580000, 0x0000000100000000, 0x0000000100000000)
  eden space 524800K, 0% used [0x00000000d5580000,0x00000000d5580000,0x00000000f5600000)
  from space 87040K, 22% used [0x00000000fab00000,0x00000000fbe7af08,0x0000000100000000)
  to   space 87040K, 0% used [0x00000000f5600000,0x00000000f5600000,0x00000000fab00000)
 ParOldGen       total 1398272K, used 24184K [0x0000000080000000, 0x00000000d5580000, 0x00000000d5580000)
  object space 1398272K, 1% used [0x0000000080000000,0x000000008179e2b8,0x00000000d5580000)
 Metaspace       used 57772K, capacity 58921K, committed 59028K, reserved 1101824K
  class space    used 6948K, capacity 7168K, committed 7168K, reserved 1048576K
}
Event: 12.046 GC heap before
{Heap before GC invocations=7 (full 3):
 PSYoungGen      total 611840K, used 19947K [0x00000000d5580000, 0x0000000100000000, 0x0000000100000000)
  eden space 524800K, 0% used [0x00000000d5580000,0x00000000d5580000,0x00000000f5600000)
  from space 87040K, 22% used [0x00000000fab00000,0x00000000fbe7af08,0x0000000100000000)
  to   space 87040K, 0% used [0x00000000f5600000,0x00000000f5600000,0x00000000fab00000)
 ParOldGen       total 1398272K, used 24184K [0x0000000080000000, 0x00000000d5580000, 0x00000000d5580000)
  object space 1398272K, 1% used [0x0000000080000000,0x000000008179e2b8,0x00000000d5580000)
 Metaspace       used 57772K, capacity 58921K, committed 59028K, reserved 1101824K
  class space    used 6948K, capacity 7168K, committed 7168K, reserved 1048576K
Event: 12.321 GC heap after
Heap after GC invocations=7 (full 3):
 PSYoungGen      total 611840K, used 0K [0x00000000d5580000, 0x0000000100000000, 0x0000000100000000)
  eden space 524800K, 0% used [0x00000000d5580000,0x00000000d5580000,0x00000000f5600000)
  from space 87040K, 0% used [0x00000000fab00000,0x00000000fab00000,0x0000000100000000)
  to   space 87040K, 0% used [0x00000000f5600000,0x00000000f5600000,0x00000000fab00000)
 ParOldGen       total 1398272K, used 32474K [0x0000000080000000, 0x00000000d5580000, 0x00000000d5580000)
  object space 1398272K, 2% used [0x0000000080000000,0x0000000081fb69b8,0x00000000d5580000)
 Metaspace       used 57703K, capacity 58755K, committed 59028K, reserved 1101824K
  class space    used 6923K, capacity 7125K, committed 7168K, reserved 1048576K
}

