# JRE version: OpenJDK Runtime Environment (8.0_212-b04) (build 1.8.0_212-b04)
# Java VM: OpenJDK 64-Bit Server VM (25.212-b04 mixed mode linux-amd64 compressed oops)
Heap:
 PSYoungGen      total 580096K, used 524333K [0x00000000d5580000, 0x0000000100000000, 0x0000000100000000)
  eden space 548864K, 95% used [0x00000000d5580000,0x00000000f558b690,0x00000000f6d80000)
  from space 31232K, 0% used [0x00000000f8d00000,0x00000000f8d00000,0x00000000fab80000)
  to   space 32256K, 0% used [0x00000000f6d80000,0x00000000f6d80000,0x00000000f8d00000)
 ParOldGen       total 1398272K, used 544641K [0x0000000080000000, 0x00000000d5580000, 0x00000000d5580000)
  object space 1398272K, 38% used [0x0000000080000000,0x00000000a13e0660,0x00000000d5580000)
 Metaspace       used 65471K, capacity 67954K, committed 68096K, reserved 1110016K
  class space    used 7416K, capacity 7863K, committed 7936K, reserved 1048576K
GC Heap History (10 events):
Event: 12.529 GC heap before
{Heap before GC invocations=6 (full 2):
 PSYoungGen      total 611840K, used 307469K [0x00000000d5580000, 0x0000000100000000, 0x0000000100000000)
  eden space 524800K, 55% used [0x00000000d5580000,0x00000000e707be88,0x00000000f5600000)
  from space 87040K, 20% used [0x00000000f5600000,0x00000000f6747588,0x00000000fab00000)
  to   space 87040K, 0% used [0x00000000fab00000,0x00000000fab00000,0x0000000100000000)
 ParOldGen       total 1398272K, used 23948K [0x0000000080000000, 0x00000000d5580000, 0x00000000d5580000)
  object space 1398272K, 1% used [0x0000000080000000,0x0000000081763278,0x00000000d5580000)
 Metaspace       used 57493K, capacity 58872K, committed 59028K, reserved 1101824K
  class space    used 6630K, capacity 6912K, committed 6912K, reserved 1048576K
Event: 12.599 GC heap after
Heap after GC invocations=6 (full 2):
 PSYoungGen      total 611840K, used 29759K [0x00000000d5580000, 0x0000000100000000, 0x0000000100000000)
  eden space 524800K, 0% used [0x00000000d5580000,0x00000000d5580000,0x00000000f5600000)
  from space 87040K, 34% used [0x00000000fab00000,0x00000000fc80ff88,0x0000000100000000)
  to   space 87040K, 0% used [0x00000000f5600000,0x00000000f5600000,0x00000000fab00000)
 ParOldGen       total 1398272K, used 23956K [0x0000000080000000, 0x00000000d5580000, 0x00000000d5580000)
  object space 1398272K, 1% used [0x0000000080000000,0x0000000081765278,0x00000000d5580000)
 Metaspace       used 57493K, capacity 58872K, committed 59028K, reserved 1101824K
  class space    used 6630K, capacity 6912K, committed 6912K, reserved 1048576K
}
Event: 12.599 GC heap before
{Heap before GC invocations=7 (full 3):
 PSYoungGen      total 611840K, used 29759K [0x00000000d5580000, 0x0000000100000000, 0x0000000100000000)
  eden space 524800K, 0% used [0x00000000d5580000,0x00000000d5580000,0x00000000f5600000)
  from space 87040K, 34% used [0x00000000fab00000,0x00000000fc80ff88,0x0000000100000000)
  to   space 87040K, 0% used [0x00000000f5600000,0x00000000f5600000,0x00000000fab00000)
 ParOldGen       total 1398272K, used 23956K [0x0000000080000000, 0x00000000d5580000, 0x00000000d5580000)
  object space 1398272K, 1% used [0x0000000080000000,0x0000000081765278,0x00000000d5580000)
 Metaspace       used 57493K, capacity 58872K, committed 59028K, reserved 1101824K
  class space    used 6630K, capacity 6912K, committed 6912K, reserved 1048576K
Event: 12.878 GC heap after
Heap after GC invocations=7 (full 3):
 PSYoungGen      total 611840K, used 0K [0x00000000d5580000, 0x0000000100000000, 0x0000000100000000)
  eden space 524800K, 0% used [0x00000000d5580000,0x00000000d5580000,0x00000000f5600000)
  from space 87040K, 0% used [0x00000000fab00000,0x00000000fab00000,0x0000000100000000)
  to   space 87040K, 0% used [0x00000000f5600000,0x00000000f5600000,0x00000000fab00000)
 ParOldGen       total 1398272K, used 40998K [0x0000000080000000, 0x00000000d5580000, 0x00000000d5580000)
  object space 1398272K, 2% used [0x0000000080000000,0x00000000828099f8,0x00000000d5580000)
 Metaspace       used 57473K, capacity 58824K, committed 59028K, reserved 1101824K
  class space    used 6623K, capacity 6900K, committed 6912K, reserved 1048576K
}
Event: 19.417 GC heap before
{Heap before GC invocations=8 (full 3):
 PSYoungGen      total 611840K, used 344853K [0x00000000d5580000, 0x0000000100000000, 0x0000000100000000)
  eden space 524800K, 65% used [0x00000000d5580000,0x00000000ea645558,0x00000000f5600000)
  from space 87040K, 0% used [0x00000000fab00000,0x00000000fab00000,0x0000000100000000)
  to   space 87040K, 0% used [0x00000000f5600000,0x00000000f5600000,0x00000000fab00000)
 ParOldGen       total 1398272K, used 40998K [0x0000000080000000, 0x00000000d5580000, 0x00000000d5580000)
  object space 1398272K, 2% used [0x0000000080000000,0x00000000828099f8,0x00000000d5580000)
 Metaspace       used 59859K, capacity 61766K, committed 61824K, reserved 1103872K
  class space    used 6937K, capacity 7277K, committed 7296K, reserved 1048576K
Event: 19.621 GC heap after
Heap after GC invocations=8 (full 3):
 PSYoungGen      total 533504K, used 8483K [0x00000000d5580000, 0x00000000fab80000, 0x0000000100000000)
  eden space 524800K, 0% used [0x00000000d5580000,0x00000000d5580000,0x00000000f5600000)
  from space 8704K, 97% used [0x00000000f5600000,0x00000000f5e48ea0,0x00000000f5e80000)
  to   space 31232K, 0% used [0x00000000f8d00000,0x00000000f8d00000,0x00000000fab80000)
 ParOldGen       total 1398272K, used 450606K [0x0000000080000000, 0x00000000d5580000, 0x00000000d5580000)
  object space 1398272K, 32% used [0x0000000080000000,0x000000009b80ba18,0x00000000d5580000)
 Metaspace       used 59859K, capacity 61766K, committed 61824K, reserved 1103872K
  class space    used 6937K, capacity 7277K, committed 7296K, reserved 1048576K
}
Event: 19.861 GC heap before
{Heap before GC invocations=9 (full 3):
 PSYoungGen      total 533504K, used 533283K [0x00000000d5580000, 0x00000000fab80000, 0x0000000100000000)
  eden space 524800K, 100% used [0x00000000d5580000,0x00000000f5600000,0x00000000f5600000)
  from space 8704K, 97% used [0x00000000f5600000,0x00000000f5e48ea0,0x00000000f5e80000)
  to   space 31232K, 0% used [0x00000000f8d00000,0x00000000f8d00000,0x00000000fab80000)
 ParOldGen       total 1398272K, used 450606K [0x0000000080000000, 0x00000000d5580000, 0x00000000d5580000)
  object space 1398272K, 32% used [0x0000000080000000,0x000000009b80ba18,0x00000000d5580000)
 Metaspace       used 59860K, capacity 61766K, committed 61824K, reserved 1103872K
  class space    used 6937K, capacity 7277K, committed 7296K, reserved 1048576K
Event: 20.306 GC heap after
Heap after GC invocations=9 (full 3):
 PSYoungGen      total 580096K, used 4830K [0x00000000d5580000, 0x0000000100000000, 0x0000000100000000)
  eden space 548864K, 0% used [0x00000000d5580000,0x00000000d5580000,0x00000000f6d80000)
  from space 31232K, 15% used [0x00000000f8d00000,0x00000000f91b7a08,0x00000000fab80000)
  to   space 32256K, 0% used [0x00000000f6d80000,0x00000000f6d80000,0x00000000f8d00000)
 ParOldGen       total 1398272K, used 962614K [0x0000000080000000, 0x00000000d5580000, 0x00000000d5580000)
  object space 1398272K, 68% used [0x0000000080000000,0x00000000bac0da38,0x00000000d5580000)
 Metaspace       used 59860K, capacity 61766K, committed 61824K, reserved 1103872K
  class space    used 6937K, capacity 7277K, committed 7296K, reserved 1048576K
}
Event: 20.306 GC heap before
{Heap before GC invocations=10 (full 4):
 PSYoungGen      total 580096K, used 4830K [0x00000000d5580000, 0x0000000100000000, 0x0000000100000000)
  eden space 548864K, 0% used [0x00000000d5580000,0x00000000d5580000,0x00000000f6d80000)
  from space 31232K, 15% used [0x00000000f8d00000,0x00000000f91b7a08,0x00000000fab80000)
  to   space 32256K, 0% used [0x00000000f6d80000,0x00000000f6d80000,0x00000000f8d00000)
 ParOldGen       total 1398272K, used 962614K [0x0000000080000000, 0x00000000d5580000, 0x00000000d5580000)
  object space 1398272K, 68% used [0x0000000080000000,0x00000000bac0da38,0x00000000d5580000)
 Metaspace       used 59860K, capacity 61766K, committed 61824K, reserved 1103872K
  class space    used 6937K, capacity 7277K, committed 7296K, reserved 1048576K
Event: 20.554 GC heap after
Heap after GC invocations=10 (full 4):
 PSYoungGen      total 580096K, used 0K [0x00000000d5580000, 0x0000000100000000, 0x0000000100000000)
  eden space 548864K, 0% used [0x00000000d5580000,0x00000000d5580000,0x00000000f6d80000)
  from space 31232K, 0% used [0x00000000f8d00000,0x00000000f8d00000,0x00000000fab80000)
  to   space 32256K, 0% used [0x00000000f6d80000,0x00000000f6d80000,0x00000000f8d00000)
 ParOldGen       total 1398272K, used 544641K [0x0000000080000000, 0x00000000d5580000, 0x00000000d5580000)
  object space 1398272K, 38% used [0x0000000080000000,0x00000000a13e0660,0x00000000d5580000)
 Metaspace       used 59774K, capacity 61530K, committed 61824K, reserved 1103872K
  class space    used 6907K, capacity 7223K, committed 7296K, reserved 1048576K
}

