# JRE version: OpenJDK Runtime Environment (8.0_212-b04) (build 1.8.0_212-b04)
# Java VM: OpenJDK 64-Bit Server VM (25.212-b04 mixed mode linux-amd64 compressed oops)
Heap:
 PSYoungGen      total 606208K, used 137430K [0x00000000d5580000, 0x0000000100000000, 0x0000000100000000)
  eden space 524800K, 10% used [0x00000000d5580000,0x00000000d8c77648,0x00000000f5600000)
  from space 81408K, 99% used [0x00000000f5600000,0x00000000fa53e308,0x00000000fa580000)
  to   space 89600K, 0% used [0x00000000fa880000,0x00000000fa880000,0x0000000100000000)
 ParOldGen       total 1398272K, used 44698K [0x0000000080000000, 0x00000000d5580000, 0x00000000d5580000)
  object space 1398272K, 3% used [0x0000000080000000,0x0000000082ba6910,0x00000000d5580000)
 Metaspace       used 66430K, capacity 69424K, committed 69632K, reserved 1110016K
  class space    used 7545K, capacity 8098K, committed 8192K, reserved 1048576K
GC Heap History (10 events):
Event: 4.816 GC heap before
{Heap before GC invocations=4 (full 2):
 PSYoungGen      total 611840K, used 19213K [0x00000000d5580000, 0x0000000100000000, 0x0000000100000000)
  eden space 524800K, 0% used [0x00000000d5580000,0x00000000d5580000,0x00000000f5600000)
  from space 87040K, 22% used [0x00000000fab00000,0x00000000fbdc37c8,0x0000000100000000)
  to   space 87040K, 0% used [0x00000000f5600000,0x00000000f5600000,0x00000000fab00000)
 ParOldGen       total 877568K, used 13760K [0x0000000080000000, 0x00000000b5900000, 0x00000000d5580000)
  object space 877568K, 1% used [0x0000000080000000,0x0000000080d70208,0x00000000b5900000)
 Metaspace       used 34729K, capacity 35124K, committed 35416K, reserved 1081344K
  class space    used 3973K, capacity 4092K, committed 4096K, reserved 1048576K
Event: 4.919 GC heap after
Heap after GC invocations=4 (full 2):
 PSYoungGen      total 611840K, used 0K [0x00000000d5580000, 0x0000000100000000, 0x0000000100000000)
  eden space 524800K, 0% used [0x00000000d5580000,0x00000000d5580000,0x00000000f5600000)
  from space 87040K, 0% used [0x00000000fab00000,0x00000000fab00000,0x0000000100000000)
  to   space 87040K, 0% used [0x00000000f5600000,0x00000000f5600000,0x00000000fab00000)
 ParOldGen       total 1398272K, used 23608K [0x0000000080000000, 0x00000000d5580000, 0x00000000d5580000)
  object space 1398272K, 1% used [0x0000000080000000,0x000000008170e3e8,0x00000000d5580000)
 Metaspace       used 34729K, capacity 35124K, committed 35416K, reserved 1081344K
  class space    used 3973K, capacity 4092K, committed 4096K, reserved 1048576K
}
Event: 12.111 GC heap before
{Heap before GC invocations=5 (full 2):
 PSYoungGen      total 611840K, used 499570K [0x00000000d5580000, 0x0000000100000000, 0x0000000100000000)
  eden space 524800K, 95% used [0x00000000d5580000,0x00000000f3d5c860,0x00000000f5600000)
  from space 87040K, 0% used [0x00000000fab00000,0x00000000fab00000,0x0000000100000000)
  to   space 87040K, 0% used [0x00000000f5600000,0x00000000f5600000,0x00000000fab00000)
 ParOldGen       total 1398272K, used 23608K [0x0000000080000000, 0x00000000d5580000, 0x00000000d5580000)
  object space 1398272K, 1% used [0x0000000080000000,0x000000008170e3e8,0x00000000d5580000)
 Metaspace       used 57464K, capacity 58822K, committed 59008K, reserved 1101824K
  class space    used 6654K, capacity 6939K, committed 7040K, reserved 1048576K
Event: 12.218 GC heap after
Heap after GC invocations=5 (full 2):
 PSYoungGen      total 611840K, used 34126K [0x00000000d5580000, 0x0000000100000000, 0x0000000100000000)
  eden space 524800K, 0% used [0x00000000d5580000,0x00000000d5580000,0x00000000f5600000)
  from space 87040K, 39% used [0x00000000f5600000,0x00000000f77538d8,0x00000000fab00000)
  to   space 87040K, 0% used [0x00000000fab00000,0x00000000fab00000,0x0000000100000000)
 ParOldGen       total 1398272K, used 23616K [0x0000000080000000, 0x00000000d5580000, 0x00000000d5580000)
  object space 1398272K, 1% used [0x0000000080000000,0x00000000817103e8,0x00000000d5580000)
 Metaspace       used 57464K, capacity 58822K, committed 59008K, reserved 1101824K
  class space    used 6654K, capacity 6939K, committed 7040K, reserved 1048576K
}
Event: 12.218 GC heap before
{Heap before GC invocations=6 (full 3):
 PSYoungGen      total 611840K, used 34126K [0x00000000d5580000, 0x0000000100000000, 0x0000000100000000)
  eden space 524800K, 0% used [0x00000000d5580000,0x00000000d5580000,0x00000000f5600000)
  from space 87040K, 39% used [0x00000000f5600000,0x00000000f77538d8,0x00000000fab00000)
  to   space 87040K, 0% used [0x00000000fab00000,0x00000000fab00000,0x0000000100000000)
 ParOldGen       total 1398272K, used 23616K [0x0000000080000000, 0x00000000d5580000, 0x00000000d5580000)
  object space 1398272K, 1% used [0x0000000080000000,0x00000000817103e8,0x00000000d5580000)
 Metaspace       used 57464K, capacity 58822K, committed 59008K, reserved 1101824K
  class space    used 6654K, capacity 6939K, committed 7040K, reserved 1048576K
Event: 12.500 GC heap after
Heap after GC invocations=6 (full 3):
 PSYoungGen      total 611840K, used 0K [0x00000000d5580000, 0x0000000100000000, 0x0000000100000000)
  eden space 524800K, 0% used [0x00000000d5580000,0x00000000d5580000,0x00000000f5600000)
  from space 87040K, 0% used [0x00000000f5600000,0x00000000f5600000,0x00000000fab00000)
  to   space 87040K, 0% used [0x00000000fab00000,0x00000000fab00000,0x0000000100000000)
 ParOldGen       total 1398272K, used 44690K [0x0000000080000000, 0x00000000d5580000, 0x00000000d5580000)
  object space 1398272K, 3% used [0x0000000080000000,0x0000000082ba4910,0x00000000d5580000)
 Metaspace       used 57428K, capacity 58742K, committed 59008K, reserved 1101824K
  class space    used 6642K, capacity 6917K, committed 7040K, reserved 1048576K
}
Event: 26.365 GC heap before
{Heap before GC invocations=7 (full 3):
 PSYoungGen      total 611840K, used 497786K [0x00000000d5580000, 0x0000000100000000, 0x0000000100000000)
  eden space 524800K, 94% used [0x00000000d5580000,0x00000000f3b9e948,0x00000000f5600000)
  from space 87040K, 0% used [0x00000000f5600000,0x00000000f5600000,0x00000000fab00000)
  to   space 87040K, 0% used [0x00000000fab00000,0x00000000fab00000,0x0000000100000000)
 ParOldGen       total 1398272K, used 44690K [0x0000000080000000, 0x00000000d5580000, 0x00000000d5580000)
  object space 1398272K, 3% used [0x0000000080000000,0x0000000082ba4910,0x00000000d5580000)
 Metaspace       used 65477K, capacity 68292K, committed 68480K, reserved 1110016K
  class space    used 7493K, capacity 8018K, committed 8064K, reserved 1048576K
Event: 26.435 GC heap after
Heap after GC invocations=7 (full 3):
 PSYoungGen      total 611840K, used 57727K [0x00000000d5580000, 0x0000000100000000, 0x0000000100000000)
  eden space 524800K, 0% used [0x00000000d5580000,0x00000000d5580000,0x00000000f5600000)
  from space 87040K, 66% used [0x00000000fab00000,0x00000000fe35fc28,0x0000000100000000)
  to   space 87040K, 0% used [0x00000000f5600000,0x00000000f5600000,0x00000000fab00000)
 ParOldGen       total 1398272K, used 44690K [0x0000000080000000, 0x00000000d5580000, 0x00000000d5580000)
  object space 1398272K, 3% used [0x0000000080000000,0x0000000082ba4910,0x00000000d5580000)
 Metaspace       used 65477K, capacity 68292K, committed 68480K, reserved 1110016K
  class space    used 7493K, capacity 8018K, committed 8064K, reserved 1048576K
}
Event: 31.965 GC heap before
{Heap before GC invocations=8 (full 3):
 PSYoungGen      total 611840K, used 582349K [0x00000000d5580000, 0x0000000100000000, 0x0000000100000000)
  eden space 524800K, 99% used [0x00000000d5580000,0x00000000f55d3808,0x00000000f5600000)
  from space 87040K, 66% used [0x00000000fab00000,0x00000000fe35fc28,0x0000000100000000)
  to   space 87040K, 0% used [0x00000000f5600000,0x00000000f5600000,0x00000000fab00000)
 ParOldGen       total 1398272K, used 44690K [0x0000000080000000, 0x00000000d5580000, 0x00000000d5580000)
  object space 1398272K, 3% used [0x0000000080000000,0x0000000082ba4910,0x00000000d5580000)
 Metaspace       used 66173K, capacity 69094K, committed 69248K, reserved 1110016K
  class space    used 7516K, capacity 8043K, committed 8064K, reserved 1048576K
Event: 32.055 GC heap after
Heap after GC invocations=8 (full 3):
 PSYoungGen      total 606208K, used 81144K [0x00000000d5580000, 0x0000000100000000, 0x0000000100000000)
  eden space 524800K, 0% used [0x00000000d5580000,0x00000000d5580000,0x00000000f5600000)
  from space 81408K, 99% used [0x00000000f5600000,0x00000000fa53e308,0x00000000fa580000)
  to   space 89600K, 0% used [0x00000000fa880000,0x00000000fa880000,0x0000000100000000)
 ParOldGen       total 1398272K, used 44698K [0x0000000080000000, 0x00000000d5580000, 0x00000000d5580000)
  object space 1398272K, 3% used [0x0000000080000000,0x0000000082ba6910,0x00000000d5580000)
 Metaspace       used 66173K, capacity 69094K, committed 69248K, reserved 1110016K
  class space    used 7516K, capacity 8043K, committed 8064K, reserved 1048576K
}

