# JRE version: OpenJDK Runtime Environment (8.0_212-b04) (build 1.8.0_212-b04)
# Java VM: OpenJDK 64-Bit Server VM (25.212-b04 mixed mode linux-amd64 compressed oops)
Heap:
 PSYoungGen      total 611840K, used 441772K [0x00000000d5580000, 0x0000000100000000, 0x0000000100000000)
  eden space 524800K, 80% used [0x00000000d5580000,0x00000000ef246f88,0x00000000f5600000)
  from space 87040K, 21% used [0x00000000fab00000,0x00000000fbda4390,0x0000000100000000)
  to   space 87040K, 0% used [0x00000000f5600000,0x00000000f5600000,0x00000000fab00000)
 ParOldGen       total 903680K, used 12060K [0x0000000080000000, 0x00000000b7280000, 0x00000000d5580000)
  object space 903680K, 1% used [0x0000000080000000,0x0000000080bc70a8,0x00000000b7280000)
 Metaspace       used 33157K, capacity 33802K, committed 33920K, reserved 1079296K
  class space    used 3738K, capacity 3894K, committed 3968K, reserved 1048576K
GC Heap History (6 events):
Event: 2.020 GC heap before
{Heap before GC invocations=1 (full 0):
 PSYoungGen      total 611840K, used 209921K [0x00000000d5580000, 0x0000000100000000, 0x0000000100000000)
  eden space 524800K, 40% used [0x00000000d5580000,0x00000000e22805a8,0x00000000f5600000)
  from space 87040K, 0% used [0x00000000fab00000,0x00000000fab00000,0x0000000100000000)
  to   space 87040K, 0% used [0x00000000f5600000,0x00000000f5600000,0x00000000fab00000)
 ParOldGen       total 1398272K, used 0K [0x0000000080000000, 0x00000000d5580000, 0x00000000d5580000)
  object space 1398272K, 0% used [0x0000000080000000,0x0000000080000000,0x00000000d5580000)
 Metaspace       used 20801K, capacity 21054K, committed 21248K, reserved 1069056K
  class space    used 2364K, capacity 2484K, committed 2560K, reserved 1048576K
Event: 2.055 GC heap after
Heap after GC invocations=1 (full 0):
 PSYoungGen      total 611840K, used 12570K [0x00000000d5580000, 0x0000000100000000, 0x0000000100000000)
  eden space 524800K, 0% used [0x00000000d5580000,0x00000000d5580000,0x00000000f5600000)
  from space 87040K, 14% used [0x00000000f5600000,0x00000000f6246af0,0x00000000fab00000)
  to   space 87040K, 0% used [0x00000000fab00000,0x00000000fab00000,0x0000000100000000)
 ParOldGen       total 1398272K, used 80K [0x0000000080000000, 0x00000000d5580000, 0x00000000d5580000)
  object space 1398272K, 0% used [0x0000000080000000,0x0000000080014010,0x00000000d5580000)
 Metaspace       used 20801K, capacity 21054K, committed 21248K, reserved 1069056K
  class space    used 2364K, capacity 2484K, committed 2560K, reserved 1048576K
}
Event: 2.055 GC heap before
{Heap before GC invocations=2 (full 1):
 PSYoungGen      total 611840K, used 12570K [0x00000000d5580000, 0x0000000100000000, 0x0000000100000000)
  eden space 524800K, 0% used [0x00000000d5580000,0x00000000d5580000,0x00000000f5600000)
  from space 87040K, 14% used [0x00000000f5600000,0x00000000f6246af0,0x00000000fab00000)
  to   space 87040K, 0% used [0x00000000fab00000,0x00000000fab00000,0x0000000100000000)
 ParOldGen       total 1398272K, used 80K [0x0000000080000000, 0x00000000d5580000, 0x00000000d5580000)
  object space 1398272K, 0% used [0x0000000080000000,0x0000000080014010,0x00000000d5580000)
 Metaspace       used 20801K, capacity 21054K, committed 21248K, reserved 1069056K
  class space    used 2364K, capacity 2484K, committed 2560K, reserved 1048576K
Event: 2.139 GC heap after
Heap after GC invocations=2 (full 1):
 PSYoungGen      total 611840K, used 0K [0x00000000d5580000, 0x0000000100000000, 0x0000000100000000)
  eden space 524800K, 0% used [0x00000000d5580000,0x00000000d5580000,0x00000000f5600000)
  from space 87040K, 0% used [0x00000000f5600000,0x00000000f5600000,0x00000000fab00000)
  to   space 87040K, 0% used [0x00000000fab00000,0x00000000fab00000,0x0000000100000000)
 ParOldGen       total 903680K, used 12052K [0x0000000080000000, 0x00000000b7280000, 0x00000000d5580000)
  object space 903680K, 1% used [0x0000000080000000,0x0000000080bc50a8,0x00000000b7280000)
 Metaspace       used 20801K, capacity 21054K, committed 21248K, reserved 1069056K
  class space    used 2364K, capacity 2484K, committed 2560K, reserved 1048576K
}
Event: 16.420 GC heap before
{Heap before GC invocations=3 (full 1):
 PSYoungGen      total 611840K, used 524800K [0x00000000d5580000, 0x0000000100000000, 0x0000000100000000)
  eden space 524800K, 100% used [0x00000000d5580000,0x00000000f5600000,0x00000000f5600000)
  from space 87040K, 0% used [0x00000000f5600000,0x00000000f5600000,0x00000000fab00000)
  to   space 87040K, 0% used [0x00000000fab00000,0x00000000fab00000,0x0000000100000000)
 ParOldGen       total 903680K, used 12052K [0x0000000080000000, 0x00000000b7280000, 0x00000000d5580000)
  object space 903680K, 1% used [0x0000000080000000,0x0000000080bc50a8,0x00000000b7280000)
 Metaspace       used 32771K, capacity 33392K, committed 33664K, reserved 1079296K
  class space    used 3736K, capacity 3891K, committed 3968K, reserved 1048576K
Event: 16.451 GC heap after
Heap after GC invocations=3 (full 1):
 PSYoungGen      total 611840K, used 19088K [0x00000000d5580000, 0x0000000100000000, 0x0000000100000000)
  eden space 524800K, 0% used [0x00000000d5580000,0x00000000d5580000,0x00000000f5600000)
  from space 87040K, 21% used [0x00000000fab00000,0x00000000fbda4390,0x0000000100000000)
  to   space 87040K, 0% used [0x00000000f5600000,0x00000000f5600000,0x00000000fab00000)
 ParOldGen       total 903680K, used 12060K [0x0000000080000000, 0x00000000b7280000, 0x00000000d5580000)
  object space 903680K, 1% used [0x0000000080000000,0x0000000080bc70a8,0x00000000b7280000)
 Metaspace       used 32771K, capacity 33392K, committed 33664K, reserved 1079296K
  class space    used 3736K, capacity 3891K, committed 3968K, reserved 1048576K
}

