# JRE version: OpenJDK Runtime Environment (8.0_212-b04) (build 1.8.0_212-b04)
# Java VM: OpenJDK 64-Bit Server VM (25.212-b04 mixed mode linux-amd64 compressed oops)
Heap:
 PSYoungGen      total 611840K, used 274745K [0x00000000d5580000, 0x0000000100000000, 0x0000000100000000)
  eden space 524800K, 52% used [0x00000000d5580000,0x00000000e61ce6a0,0x00000000f5600000)
  from space 87040K, 0% used [0x00000000f5600000,0x00000000f5600000,0x00000000fab00000)
  to   space 87040K, 0% used [0x00000000fab00000,0x00000000fab00000,0x0000000100000000)
 ParOldGen       total 1398272K, used 41896K [0x0000000080000000, 0x00000000d5580000, 0x00000000d5580000)
  object space 1398272K, 2% used [0x0000000080000000,0x00000000828ea358,0x00000000d5580000)
 Metaspace       used 64136K, capacity 66688K, committed 66816K, reserved 1107968K
  class space    used 7372K, capacity 7822K, committed 7936K, reserved 1048576K
GC Heap History (10 events):
Event: 2.241 GC heap before
{Heap before GC invocations=2 (full 1):
 PSYoungGen      total 611840K, used 14392K [0x00000000d5580000, 0x0000000100000000, 0x0000000100000000)
  eden space 524800K, 0% used [0x00000000d5580000,0x00000000d5580000,0x00000000f5600000)
  from space 87040K, 16% used [0x00000000f5600000,0x00000000f640e1c0,0x00000000fab00000)
  to   space 87040K, 0% used [0x00000000fab00000,0x00000000fab00000,0x0000000100000000)
 ParOldGen       total 1398272K, used 80K [0x0000000080000000, 0x00000000d5580000, 0x00000000d5580000)
  object space 1398272K, 0% used [0x0000000080000000,0x0000000080014010,0x00000000d5580000)
 Metaspace       used 20856K, capacity 21106K, committed 21248K, reserved 1069056K
  class space    used 2376K, capacity 2482K, committed 2560K, reserved 1048576K
Event: 2.312 GC heap after
Heap after GC invocations=2 (full 1):
 PSYoungGen      total 611840K, used 0K [0x00000000d5580000, 0x0000000100000000, 0x0000000100000000)
  eden space 524800K, 0% used [0x00000000d5580000,0x00000000d5580000,0x00000000f5600000)
  from space 87040K, 0% used [0x00000000f5600000,0x00000000f5600000,0x00000000fab00000)
  to   space 87040K, 0% used [0x00000000fab00000,0x00000000fab00000,0x0000000100000000)
 ParOldGen       total 859648K, used 13846K [0x0000000080000000, 0x00000000b4780000, 0x00000000d5580000)
  object space 859648K, 1% used [0x0000000080000000,0x0000000080d85bd0,0x00000000b4780000)
 Metaspace       used 20856K, capacity 21106K, committed 21248K, reserved 1069056K
  class space    used 2376K, capacity 2482K, committed 2560K, reserved 1048576K
}
Event: 4.740 GC heap before
{Heap before GC invocations=3 (full 1):
 PSYoungGen      total 611840K, used 413555K [0x00000000d5580000, 0x0000000100000000, 0x0000000100000000)
  eden space 524800K, 78% used [0x00000000d5580000,0x00000000ee95cd20,0x00000000f5600000)
  from space 87040K, 0% used [0x00000000f5600000,0x00000000f5600000,0x00000000fab00000)
  to   space 87040K, 0% used [0x00000000fab00000,0x00000000fab00000,0x0000000100000000)
 ParOldGen       total 859648K, used 13846K [0x0000000080000000, 0x00000000b4780000, 0x00000000d5580000)
  object space 859648K, 1% used [0x0000000080000000,0x0000000080d85bd0,0x00000000b4780000)
 Metaspace       used 34806K, capacity 35188K, committed 35416K, reserved 1081344K
  class space    used 3968K, capacity 4092K, committed 4096K, reserved 1048576K
Event: 4.773 GC heap after
Heap after GC invocations=3 (full 1):
 PSYoungGen      total 611840K, used 19149K [0x00000000d5580000, 0x0000000100000000, 0x0000000100000000)
  eden space 524800K, 0% used [0x00000000d5580000,0x00000000d5580000,0x00000000f5600000)
  from space 87040K, 22% used [0x00000000fab00000,0x00000000fbdb3440,0x0000000100000000)
  to   space 87040K, 0% used [0x00000000f5600000,0x00000000f5600000,0x00000000fab00000)
 ParOldGen       total 859648K, used 13846K [0x0000000080000000, 0x00000000b4780000, 0x00000000d5580000)
  object space 859648K, 1% used [0x0000000080000000,0x0000000080d85bd0,0x00000000b4780000)
 Metaspace       used 34806K, capacity 35188K, committed 35416K, reserved 1081344K
  class space    used 3968K, capacity 4092K, committed 4096K, reserved 1048576K
}
Event: 4.773 GC heap before
{Heap before GC invocations=4 (full 2):
 PSYoungGen      total 611840K, used 19149K [0x00000000d5580000, 0x0000000100000000, 0x0000000100000000)
  eden space 524800K, 0% used [0x00000000d5580000,0x00000000d5580000,0x00000000f5600000)
  from space 87040K, 22% used [0x00000000fab00000,0x00000000fbdb3440,0x0000000100000000)
  to   space 87040K, 0% used [0x00000000f5600000,0x00000000f5600000,0x00000000fab00000)
 ParOldGen       total 859648K, used 13846K [0x0000000080000000, 0x00000000b4780000, 0x00000000d5580000)
  object space 859648K, 1% used [0x0000000080000000,0x0000000080d85bd0,0x00000000b4780000)
 Metaspace       used 34806K, capacity 35188K, committed 35416K, reserved 1081344K
  class space    used 3968K, capacity 4092K, committed 4096K, reserved 1048576K
Event: 4.865 GC heap after
Heap after GC invocations=4 (full 2):
 PSYoungGen      total 611840K, used 0K [0x00000000d5580000, 0x0000000100000000, 0x0000000100000000)
  eden space 524800K, 0% used [0x00000000d5580000,0x00000000d5580000,0x00000000f5600000)
  from space 87040K, 0% used [0x00000000fab00000,0x00000000fab00000,0x0000000100000000)
  to   space 87040K, 0% used [0x00000000f5600000,0x00000000f5600000,0x00000000fab00000)
 ParOldGen       total 1398272K, used 23542K [0x0000000080000000, 0x00000000d5580000, 0x00000000d5580000)
  object space 1398272K, 1% used [0x0000000080000000,0x00000000816fdb78,0x00000000d5580000)
 Metaspace       used 34806K, capacity 35188K, committed 35416K, reserved 1081344K
  class space    used 3968K, capacity 4092K, committed 4096K, reserved 1048576K
}
Event: 11.744 GC heap before
{Heap before GC invocations=5 (full 2):
 PSYoungGen      total 611840K, used 444241K [0x00000000d5580000, 0x0000000100000000, 0x0000000100000000)
  eden space 524800K, 84% used [0x00000000d5580000,0x00000000f0754418,0x00000000f5600000)
  from space 87040K, 0% used [0x00000000fab00000,0x00000000fab00000,0x0000000100000000)
  to   space 87040K, 0% used [0x00000000f5600000,0x00000000f5600000,0x00000000fab00000)
 ParOldGen       total 1398272K, used 23542K [0x0000000080000000, 0x00000000d5580000, 0x00000000d5580000)
  object space 1398272K, 1% used [0x0000000080000000,0x00000000816fdb78,0x00000000d5580000)
 Metaspace       used 57373K, capacity 58822K, committed 59028K, reserved 1101824K
  class space    used 6634K, capacity 6901K, committed 6912K, reserved 1048576K
Event: 11.829 GC heap after
Heap after GC invocations=5 (full 2):
 PSYoungGen      total 611840K, used 31373K [0x00000000d5580000, 0x0000000100000000, 0x0000000100000000)
  eden space 524800K, 0% used [0x00000000d5580000,0x00000000d5580000,0x00000000f5600000)
  from space 87040K, 36% used [0x00000000f5600000,0x00000000f74a35d0,0x00000000fab00000)
  to   space 87040K, 0% used [0x00000000fab00000,0x00000000fab00000,0x0000000100000000)
 ParOldGen       total 1398272K, used 23550K [0x0000000080000000, 0x00000000d5580000, 0x00000000d5580000)
  object space 1398272K, 1% used [0x0000000080000000,0x00000000816ffb78,0x00000000d5580000)
 Metaspace       used 57373K, capacity 58822K, committed 59028K, reserved 1101824K
  class space    used 6634K, capacity 6901K, committed 6912K, reserved 1048576K
}
Event: 11.829 GC heap before
{Heap before GC invocations=6 (full 3):
 PSYoungGen      total 611840K, used 31373K [0x00000000d5580000, 0x0000000100000000, 0x0000000100000000)
  eden space 524800K, 0% used [0x00000000d5580000,0x00000000d5580000,0x00000000f5600000)
  from space 87040K, 36% used [0x00000000f5600000,0x00000000f74a35d0,0x00000000fab00000)
  to   space 87040K, 0% used [0x00000000fab00000,0x00000000fab00000,0x0000000100000000)
 ParOldGen       total 1398272K, used 23550K [0x0000000080000000, 0x00000000d5580000, 0x00000000d5580000)
  object space 1398272K, 1% used [0x0000000080000000,0x00000000816ffb78,0x00000000d5580000)
 Metaspace       used 57373K, capacity 58822K, committed 59028K, reserved 1101824K
  class space    used 6634K, capacity 6901K, committed 6912K, reserved 1048576K
Event: 12.109 GC heap after
Heap after GC invocations=6 (full 3):
 PSYoungGen      total 611840K, used 0K [0x00000000d5580000, 0x0000000100000000, 0x0000000100000000)
  eden space 524800K, 0% used [0x00000000d5580000,0x00000000d5580000,0x00000000f5600000)
  from space 87040K, 0% used [0x00000000f5600000,0x00000000f5600000,0x00000000fab00000)
  to   space 87040K, 0% used [0x00000000fab00000,0x00000000fab00000,0x0000000100000000)
 ParOldGen       total 1398272K, used 41896K [0x0000000080000000, 0x00000000d5580000, 0x00000000d5580000)
  object space 1398272K, 2% used [0x0000000080000000,0x00000000828ea358,0x00000000d5580000)
 Metaspace       used 57342K, capacity 58740K, committed 59028K, reserved 1101824K
  class space    used 6623K, capacity 6882K, committed 6912K, reserved 1048576K
}

