# JRE version: OpenJDK Runtime Environment (8.0_212-b04) (build 1.8.0_212-b04)
# Java VM: OpenJDK 64-Bit Server VM (25.212-b04 mixed mode linux-amd64 compressed oops)
Heap:
 PSYoungGen      total 611840K, used 248810K [0x00000000d5580000, 0x0000000100000000, 0x0000000100000000)
  eden space 524800K, 47% used [0x00000000d5580000,0x00000000e487a990,0x00000000f5600000)
  from space 87040K, 0% used [0x00000000fab00000,0x00000000fab00000,0x0000000100000000)
  to   space 87040K, 0% used [0x00000000f5600000,0x00000000f5600000,0x00000000fab00000)
 ParOldGen       total 1398272K, used 27696K [0x0000000080000000, 0x00000000d5580000, 0x00000000d5580000)
  object space 1398272K, 1% used [0x0000000080000000,0x0000000081b0c2c0,0x00000000d5580000)
 Metaspace       used 64879K, capacity 67418K, committed 67712K, reserved 1110016K
  class space    used 7501K, capacity 7945K, committed 8064K, reserved 1048576K
GC Heap History (10 events):
Event: 5.015 GC heap before
{Heap before GC invocations=3 (full 1):
 PSYoungGen      total 611840K, used 480206K [0x00000000d5580000, 0x0000000100000000, 0x0000000100000000)
  eden space 524800K, 91% used [0x00000000d5580000,0x00000000f2a73810,0x00000000f5600000)
  from space 87040K, 0% used [0x00000000f5600000,0x00000000f5600000,0x00000000fab00000)
  to   space 87040K, 0% used [0x00000000fab00000,0x00000000fab00000,0x0000000100000000)
 ParOldGen       total 863232K, used 14316K [0x0000000080000000, 0x00000000b4b00000, 0x00000000d5580000)
  object space 863232K, 1% used [0x0000000080000000,0x0000000080dfb3c8,0x00000000b4b00000)
 Metaspace       used 34734K, capacity 35092K, committed 35416K, reserved 1081344K
  class space    used 3958K, capacity 4060K, committed 4096K, reserved 1048576K
Event: 5.057 GC heap after
Heap after GC invocations=3 (full 1):
 PSYoungGen      total 611840K, used 19193K [0x00000000d5580000, 0x0000000100000000, 0x0000000100000000)
  eden space 524800K, 0% used [0x00000000d5580000,0x00000000d5580000,0x00000000f5600000)
  from space 87040K, 22% used [0x00000000fab00000,0x00000000fbdbe760,0x0000000100000000)
  to   space 87040K, 0% used [0x00000000f5600000,0x00000000f5600000,0x00000000fab00000)
 ParOldGen       total 863232K, used 14324K [0x0000000080000000, 0x00000000b4b00000, 0x00000000d5580000)
  object space 863232K, 1% used [0x0000000080000000,0x0000000080dfd3c8,0x00000000b4b00000)
 Metaspace       used 34734K, capacity 35092K, committed 35416K, reserved 1081344K
  class space    used 3958K, capacity 4060K, committed 4096K, reserved 1048576K
}
Event: 5.057 GC heap before
{Heap before GC invocations=4 (full 2):
 PSYoungGen      total 611840K, used 19193K [0x00000000d5580000, 0x0000000100000000, 0x0000000100000000)
  eden space 524800K, 0% used [0x00000000d5580000,0x00000000d5580000,0x00000000f5600000)
  from space 87040K, 22% used [0x00000000fab00000,0x00000000fbdbe760,0x0000000100000000)
  to   space 87040K, 0% used [0x00000000f5600000,0x00000000f5600000,0x00000000fab00000)
 ParOldGen       total 863232K, used 14324K [0x0000000080000000, 0x00000000b4b00000, 0x00000000d5580000)
  object space 863232K, 1% used [0x0000000080000000,0x0000000080dfd3c8,0x00000000b4b00000)
 Metaspace       used 34734K, capacity 35092K, committed 35416K, reserved 1081344K
  class space    used 3958K, capacity 4060K, committed 4096K, reserved 1048576K
Event: 5.195 GC heap after
Heap after GC invocations=4 (full 2):
 PSYoungGen      total 611840K, used 0K [0x00000000d5580000, 0x0000000100000000, 0x0000000100000000)
  eden space 524800K, 0% used [0x00000000d5580000,0x00000000d5580000,0x00000000f5600000)
  from space 87040K, 0% used [0x00000000fab00000,0x00000000fab00000,0x0000000100000000)
  to   space 87040K, 0% used [0x00000000f5600000,0x00000000f5600000,0x00000000fab00000)
 ParOldGen       total 1398272K, used 23966K [0x0000000080000000, 0x00000000d5580000, 0x00000000d5580000)
  object space 1398272K, 1% used [0x0000000080000000,0x0000000081767b68,0x00000000d5580000)
 Metaspace       used 34734K, capacity 35092K, committed 35416K, reserved 1081344K
  class space    used 3958K, capacity 4060K, committed 4096K, reserved 1048576K
}
Event: 11.781 GC heap before
{Heap before GC invocations=5 (full 2):
 PSYoungGen      total 611840K, used 524800K [0x00000000d5580000, 0x0000000100000000, 0x0000000100000000)
  eden space 524800K, 100% used [0x00000000d5580000,0x00000000f5600000,0x00000000f5600000)
  from space 87040K, 0% used [0x00000000fab00000,0x00000000fab00000,0x0000000100000000)
  to   space 87040K, 0% used [0x00000000f5600000,0x00000000f5600000,0x00000000fab00000)
 ParOldGen       total 1398272K, used 23966K [0x0000000080000000, 0x00000000d5580000, 0x00000000d5580000)
  object space 1398272K, 1% used [0x0000000080000000,0x0000000081767b68,0x00000000d5580000)
 Metaspace       used 53159K, capacity 54482K, committed 54656K, reserved 1097728K
  class space    used 6225K, capacity 6467K, committed 6528K, reserved 1048576K
Event: 11.863 GC heap after
Heap after GC invocations=5 (full 2):
 PSYoungGen      total 611840K, used 27167K [0x00000000d5580000, 0x0000000100000000, 0x0000000100000000)
  eden space 524800K, 0% used [0x00000000d5580000,0x00000000d5580000,0x00000000f5600000)
  from space 87040K, 31% used [0x00000000f5600000,0x00000000f7087e48,0x00000000fab00000)
  to   space 87040K, 0% used [0x00000000fab00000,0x00000000fab00000,0x0000000100000000)
 ParOldGen       total 1398272K, used 23974K [0x0000000080000000, 0x00000000d5580000, 0x00000000d5580000)
  object space 1398272K, 1% used [0x0000000080000000,0x0000000081769b68,0x00000000d5580000)
 Metaspace       used 53159K, capacity 54482K, committed 54656K, reserved 1097728K
  class space    used 6225K, capacity 6467K, committed 6528K, reserved 1048576K
}
Event: 12.507 GC heap before
{Heap before GC invocations=6 (full 2):
 PSYoungGen      total 611840K, used 170099K [0x00000000d5580000, 0x0000000100000000, 0x0000000100000000)
  eden space 524800K, 27% used [0x00000000d5580000,0x00000000de114f40,0x00000000f5600000)
  from space 87040K, 31% used [0x00000000f5600000,0x00000000f7087e48,0x00000000fab00000)
  to   space 87040K, 0% used [0x00000000fab00000,0x00000000fab00000,0x0000000100000000)
 ParOldGen       total 1398272K, used 23974K [0x0000000080000000, 0x00000000d5580000, 0x00000000d5580000)
  object space 1398272K, 1% used [0x0000000080000000,0x0000000081769b68,0x00000000d5580000)
 Metaspace       used 57353K, capacity 58792K, committed 59028K, reserved 1101824K
  class space    used 6628K, capacity 6894K, committed 6912K, reserved 1048576K
Event: 12.541 GC heap after
Heap after GC invocations=6 (full 2):
 PSYoungGen      total 611840K, used 15664K [0x00000000d5580000, 0x0000000100000000, 0x0000000100000000)
  eden space 524800K, 0% used [0x00000000d5580000,0x00000000d5580000,0x00000000f5600000)
  from space 87040K, 17% used [0x00000000fab00000,0x00000000fba4c288,0x0000000100000000)
  to   space 87040K, 0% used [0x00000000f5600000,0x00000000f5600000,0x00000000fab00000)
 ParOldGen       total 1398272K, used 23982K [0x0000000080000000, 0x00000000d5580000, 0x00000000d5580000)
  object space 1398272K, 1% used [0x0000000080000000,0x000000008176bb68,0x00000000d5580000)
 Metaspace       used 57353K, capacity 58792K, committed 59028K, reserved 1101824K
  class space    used 6628K, capacity 6894K, committed 6912K, reserved 1048576K
}
Event: 12.541 GC heap before
{Heap before GC invocations=7 (full 3):
 PSYoungGen      total 611840K, used 15664K [0x00000000d5580000, 0x0000000100000000, 0x0000000100000000)
  eden space 524800K, 0% used [0x00000000d5580000,0x00000000d5580000,0x00000000f5600000)
  from space 87040K, 17% used [0x00000000fab00000,0x00000000fba4c288,0x0000000100000000)
  to   space 87040K, 0% used [0x00000000f5600000,0x00000000f5600000,0x00000000fab00000)
 ParOldGen       total 1398272K, used 23982K [0x0000000080000000, 0x00000000d5580000, 0x00000000d5580000)
  object space 1398272K, 1% used [0x0000000080000000,0x000000008176bb68,0x00000000d5580000)
 Metaspace       used 57353K, capacity 58792K, committed 59028K, reserved 1101824K
  class space    used 6628K, capacity 6894K, committed 6912K, reserved 1048576K
Event: 12.797 GC heap after
Heap after GC invocations=7 (full 3):
 PSYoungGen      total 611840K, used 0K [0x00000000d5580000, 0x0000000100000000, 0x0000000100000000)
  eden space 524800K, 0% used [0x00000000d5580000,0x00000000d5580000,0x00000000f5600000)
  from space 87040K, 0% used [0x00000000fab00000,0x00000000fab00000,0x0000000100000000)
  to   space 87040K, 0% used [0x00000000f5600000,0x00000000f5600000,0x00000000fab00000)
 ParOldGen       total 1398272K, used 27696K [0x0000000080000000, 0x00000000d5580000, 0x00000000d5580000)
  object space 1398272K, 1% used [0x0000000080000000,0x0000000081b0c2c0,0x00000000d5580000)
 Metaspace       used 57330K, capacity 58736K, committed 59028K, reserved 1101824K
  class space    used 6620K, capacity 6880K, committed 6912K, reserved 1048576K
}

