# JRE version: OpenJDK Runtime Environment (8.0_212-b04) (build 1.8.0_212-b04)
# Java VM: OpenJDK 64-Bit Server VM (25.212-b04 mixed mode linux-amd64 compressed oops)
Heap:
 PSYoungGen      total 465920K, used 106339K [0x00000000d5580000, 0x0000000100000000, 0x0000000100000000)
  eden space 232960K, 13% used [0x00000000d5580000,0x00000000d74199b0,0x00000000e3900000)
  from space 232960K, 32% used [0x00000000e3900000,0x00000000e823f450,0x00000000f1c80000)
  to   space 232960K, 0% used [0x00000000f1c80000,0x00000000f1c80000,0x0000000100000000)
 ParOldGen       total 1398272K, used 367463K [0x0000000080000000, 0x00000000d5580000, 0x00000000d5580000)
  object space 1398272K, 26% used [0x0000000080000000,0x00000000966d9ef8,0x00000000d5580000)
 Metaspace       used 73514K, capacity 78316K, committed 78336K, reserved 1118208K
  class space    used 8153K, capacity 8950K, committed 8960K, reserved 1048576K
GC Heap History (10 events):
Event: 25.100 GC heap before
{Heap before GC invocations=8 (full 3):
 PSYoungGen      total 611840K, used 524800K [0x00000000d5580000, 0x0000000100000000, 0x0000000100000000)
  eden space 524800K, 100% used [0x00000000d5580000,0x00000000f5600000,0x00000000f5600000)
  from space 87040K, 0% used [0x00000000fab00000,0x00000000fab00000,0x0000000100000000)
  to   space 87040K, 0% used [0x00000000f5600000,0x00000000f5600000,0x00000000fab00000)
 ParOldGen       total 1398272K, used 41999K [0x0000000080000000, 0x00000000d5580000, 0x00000000d5580000)
  object space 1398272K, 3% used [0x0000000080000000,0x0000000082903d68,0x00000000d5580000)
 Metaspace       used 66535K, capacity 70448K, committed 70528K, reserved 1112064K
  class space    used 7636K, capacity 8290K, committed 8320K, reserved 1048576K
Event: 25.216 GC heap after
Heap after GC invocations=8 (full 3):
 PSYoungGen      total 611840K, used 87030K [0x00000000d5580000, 0x0000000100000000, 0x0000000100000000)
  eden space 524800K, 0% used [0x00000000d5580000,0x00000000d5580000,0x00000000f5600000)
  from space 87040K, 99% used [0x00000000f5600000,0x00000000faafd888,0x00000000fab00000)
  to   space 87040K, 0% used [0x00000000fab00000,0x00000000fab00000,0x0000000100000000)
 ParOldGen       total 1398272K, used 71963K [0x0000000080000000, 0x00000000d5580000, 0x00000000d5580000)
  object space 1398272K, 5% used [0x0000000080000000,0x0000000084646c10,0x00000000d5580000)
 Metaspace       used 66535K, capacity 70448K, committed 70528K, reserved 1112064K
  class space    used 7636K, capacity 8290K, committed 8320K, reserved 1048576K
}
Event: 43.045 GC heap before
{Heap before GC invocations=9 (full 3):
 PSYoungGen      total 611840K, used 611830K [0x00000000d5580000, 0x0000000100000000, 0x0000000100000000)
  eden space 524800K, 100% used [0x00000000d5580000,0x00000000f5600000,0x00000000f5600000)
  from space 87040K, 99% used [0x00000000f5600000,0x00000000faafd888,0x00000000fab00000)
  to   space 87040K, 0% used [0x00000000fab00000,0x00000000fab00000,0x0000000100000000)
 ParOldGen       total 1398272K, used 71963K [0x0000000080000000, 0x00000000d5580000, 0x00000000d5580000)
  object space 1398272K, 5% used [0x0000000080000000,0x0000000084646c10,0x00000000d5580000)
 Metaspace       used 70419K, capacity 74814K, committed 75008K, reserved 1116160K
  class space    used 7882K, capacity 8607K, committed 8704K, reserved 1048576K
Event: 43.382 GC heap after
Heap after GC invocations=9 (full 3):
 PSYoungGen      total 344576K, used 87033K [0x00000000d5580000, 0x0000000100000000, 0x0000000100000000)
  eden space 257536K, 0% used [0x00000000d5580000,0x00000000d5580000,0x00000000e5100000)
  from space 87040K, 99% used [0x00000000fab00000,0x00000000ffffe5a8,0x0000000100000000)
  to   space 220672K, 0% used [0x00000000e5100000,0x00000000e5100000,0x00000000f2880000)
 ParOldGen       total 1398272K, used 263671K [0x0000000080000000, 0x00000000d5580000, 0x00000000d5580000)
  object space 1398272K, 18% used [0x0000000080000000,0x000000009017dc80,0x00000000d5580000)
 Metaspace       used 70419K, capacity 74814K, committed 75008K, reserved 1116160K
  class space    used 7882K, capacity 8607K, committed 8704K, reserved 1048576K
}
Event: 53.117 GC heap before
{Heap before GC invocations=10 (full 3):
 PSYoungGen      total 344576K, used 344569K [0x00000000d5580000, 0x0000000100000000, 0x0000000100000000)
  eden space 257536K, 100% used [0x00000000d5580000,0x00000000e5100000,0x00000000e5100000)
  from space 87040K, 99% used [0x00000000fab00000,0x00000000ffffe5a8,0x0000000100000000)
  to   space 220672K, 0% used [0x00000000e5100000,0x00000000e5100000,0x00000000f2880000)
 ParOldGen       total 1398272K, used 263671K [0x0000000080000000, 0x00000000d5580000, 0x00000000d5580000)
  object space 1398272K, 18% used [0x0000000080000000,0x000000009017dc80,0x00000000d5580000)
 Metaspace       used 71601K, capacity 76160K, committed 76416K, reserved 1116160K
  class space    used 7985K, capacity 8756K, committed 8832K, reserved 1048576K
Event: 53.247 GC heap after
Heap after GC invocations=10 (full 3):
 PSYoungGen      total 443904K, used 186152K [0x00000000d5580000, 0x0000000100000000, 0x0000000100000000)
  eden space 257536K, 0% used [0x00000000d5580000,0x00000000d5580000,0x00000000e5100000)
  from space 186368K, 99% used [0x00000000e5100000,0x00000000f06ca380,0x00000000f0700000)
  to   space 232960K, 0% used [0x00000000f1c80000,0x00000000f1c80000,0x0000000100000000)
 ParOldGen       total 1398272K, used 263679K [0x0000000080000000, 0x00000000d5580000, 0x00000000d5580000)
  object space 1398272K, 18% used [0x0000000080000000,0x000000009017fc80,0x00000000d5580000)
 Metaspace       used 71601K, capacity 76160K, committed 76416K, reserved 1116160K
  class space    used 7985K, capacity 8756K, committed 8832K, reserved 1048576K
}
Event: 62.096 GC heap before
{Heap before GC invocations=11 (full 3):
 PSYoungGen      total 443904K, used 443688K [0x00000000d5580000, 0x0000000100000000, 0x0000000100000000)
  eden space 257536K, 99% used [0x00000000d5580000,0x00000000e50ffff8,0x00000000e5100000)
  from space 186368K, 99% used [0x00000000e5100000,0x00000000f06ca380,0x00000000f0700000)
  to   space 232960K, 0% used [0x00000000f1c80000,0x00000000f1c80000,0x0000000100000000)
 ParOldGen       total 1398272K, used 263679K [0x0000000080000000, 0x00000000d5580000, 0x00000000d5580000)
  object space 1398272K, 18% used [0x0000000080000000,0x000000009017fc80,0x00000000d5580000)
 Metaspace       used 72612K, capacity 77384K, committed 77568K, reserved 1118208K
  class space    used 8078K, capacity 8886K, committed 8960K, reserved 1048576K
Event: 62.232 GC heap after
Heap after GC invocations=11 (full 3):
 PSYoungGen      total 465920K, used 197739K [0x00000000d5580000, 0x0000000100000000, 0x0000000100000000)
  eden space 232960K, 0% used [0x00000000d5580000,0x00000000d5580000,0x00000000e3900000)
  from space 232960K, 84% used [0x00000000f1c80000,0x00000000fdd9afe8,0x0000000100000000)
  to   space 232960K, 0% used [0x00000000e3900000,0x00000000e3900000,0x00000000f1c80000)
 ParOldGen       total 1398272K, used 263687K [0x0000000080000000, 0x00000000d5580000, 0x00000000d5580000)
  object space 1398272K, 18% used [0x0000000080000000,0x0000000090181c80,0x00000000d5580000)
 Metaspace       used 72612K, capacity 77384K, committed 77568K, reserved 1118208K
  class space    used 8078K, capacity 8886K, committed 8960K, reserved 1048576K
}
Event: 69.222 GC heap before
{Heap before GC invocations=12 (full 3):
 PSYoungGen      total 465920K, used 430699K [0x00000000d5580000, 0x0000000100000000, 0x0000000100000000)
  eden space 232960K, 100% used [0x00000000d5580000,0x00000000e3900000,0x00000000e3900000)
  from space 232960K, 84% used [0x00000000f1c80000,0x00000000fdd9afe8,0x0000000100000000)
  to   space 232960K, 0% used [0x00000000e3900000,0x00000000e3900000,0x00000000f1c80000)
 ParOldGen       total 1398272K, used 263687K [0x0000000080000000, 0x00000000d5580000, 0x00000000d5580000)
  object space 1398272K, 18% used [0x0000000080000000,0x0000000090181c80,0x00000000d5580000)
 Metaspace       used 73256K, capacity 78118K, committed 78336K, reserved 1118208K
  class space    used 8136K, capacity 8949K, committed 8960K, reserved 1048576K
Event: 69.393 GC heap after
Heap after GC invocations=12 (full 3):
 PSYoungGen      total 465920K, used 75005K [0x00000000d5580000, 0x0000000100000000, 0x0000000100000000)
  eden space 232960K, 0% used [0x00000000d5580000,0x00000000d5580000,0x00000000e3900000)
  from space 232960K, 32% used [0x00000000e3900000,0x00000000e823f450,0x00000000f1c80000)
  to   space 232960K, 0% used [0x00000000f1c80000,0x00000000f1c80000,0x0000000100000000)
 ParOldGen       total 1398272K, used 367463K [0x0000000080000000, 0x00000000d5580000, 0x00000000d5580000)
  object space 1398272K, 26% used [0x0000000080000000,0x00000000966d9ef8,0x00000000d5580000)
 Metaspace       used 73256K, capacity 78118K, committed 78336K, reserved 1118208K
  class space    used 8136K, capacity 8949K, committed 8960K, reserved 1048576K
}

