# JRE version: OpenJDK Runtime Environment (8.0_212-b04) (build 1.8.0_212-b04)
# Java VM: OpenJDK 64-Bit Server VM (25.212-b04 mixed mode linux-amd64 compressed oops)
Heap:
 PSYoungGen      total 610304K, used 510105K [0x00000000d5580000, 0x00000000ffc00000, 0x0000000100000000)
  eden space 530432K, 87% used [0x00000000d5580000,0x00000000f1a40978,0x00000000f5b80000)
  from space 79872K, 58% used [0x00000000fab00000,0x00000000fd865bf0,0x00000000ff900000)
  to   space 81408K, 0% used [0x00000000f5b80000,0x00000000f5b80000,0x00000000fab00000)
 ParOldGen       total 1398272K, used 51083K [0x0000000080000000, 0x00000000d5580000, 0x00000000d5580000)
  object space 1398272K, 3% used [0x0000000080000000,0x00000000831e2eb0,0x00000000d5580000)
 Metaspace       used 69539K, capacity 72478K, committed 72576K, reserved 1114112K
  class space    used 7683K, capacity 8223K, committed 8320K, reserved 1048576K
GC Heap History (10 events):
Event: 11.216 GC heap before
{Heap before GC invocations=5 (full 2):
 PSYoungGen      total 611840K, used 524800K [0x00000000d5580000, 0x0000000100000000, 0x0000000100000000)
  eden space 524800K, 100% used [0x00000000d5580000,0x00000000f5600000,0x00000000f5600000)
  from space 87040K, 0% used [0x00000000fab00000,0x00000000fab00000,0x0000000100000000)
  to   space 87040K, 0% used [0x00000000f5600000,0x00000000f5600000,0x00000000fab00000)
 ParOldGen       total 1398272K, used 23546K [0x0000000080000000, 0x00000000d5580000, 0x00000000d5580000)
  object space 1398272K, 1% used [0x0000000080000000,0x00000000816feb00,0x00000000d5580000)
 Metaspace       used 51315K, capacity 52718K, committed 52992K, reserved 1095680K
  class space    used 6037K, capacity 6307K, committed 6400K, reserved 1048576K
Event: 11.275 GC heap after
Heap after GC invocations=5 (full 2):
 PSYoungGen      total 611840K, used 24853K [0x00000000d5580000, 0x0000000100000000, 0x0000000100000000)
  eden space 524800K, 0% used [0x00000000d5580000,0x00000000d5580000,0x00000000f5600000)
  from space 87040K, 28% used [0x00000000f5600000,0x00000000f6e456f8,0x00000000fab00000)
  to   space 87040K, 0% used [0x00000000fab00000,0x00000000fab00000,0x0000000100000000)
 ParOldGen       total 1398272K, used 23554K [0x0000000080000000, 0x00000000d5580000, 0x00000000d5580000)
  object space 1398272K, 1% used [0x0000000080000000,0x0000000081700b00,0x00000000d5580000)
 Metaspace       used 51315K, capacity 52718K, committed 52992K, reserved 1095680K
  class space    used 6037K, capacity 6307K, committed 6400K, reserved 1048576K
}
Event: 12.505 GC heap before
{Heap before GC invocations=6 (full 2):
 PSYoungGen      total 611840K, used 172549K [0x00000000d5580000, 0x0000000100000000, 0x0000000100000000)
  eden space 524800K, 28% used [0x00000000d5580000,0x00000000de5bbd48,0x00000000f5600000)
  from space 87040K, 28% used [0x00000000f5600000,0x00000000f6e456f8,0x00000000fab00000)
  to   space 87040K, 0% used [0x00000000fab00000,0x00000000fab00000,0x0000000100000000)
 ParOldGen       total 1398272K, used 23554K [0x0000000080000000, 0x00000000d5580000, 0x00000000d5580000)
  object space 1398272K, 1% used [0x0000000080000000,0x0000000081700b00,0x00000000d5580000)
 Metaspace       used 57210K, capacity 58866K, committed 59008K, reserved 1101824K
  class space    used 6616K, capacity 6937K, committed 7040K, reserved 1048576K
Event: 12.545 GC heap after
Heap after GC invocations=6 (full 2):
 PSYoungGen      total 611840K, used 21979K [0x00000000d5580000, 0x0000000100000000, 0x0000000100000000)
  eden space 524800K, 0% used [0x00000000d5580000,0x00000000d5580000,0x00000000f5600000)
  from space 87040K, 25% used [0x00000000fab00000,0x00000000fc076fb0,0x0000000100000000)
  to   space 87040K, 0% used [0x00000000f5600000,0x00000000f5600000,0x00000000fab00000)
 ParOldGen       total 1398272K, used 23562K [0x0000000080000000, 0x00000000d5580000, 0x00000000d5580000)
  object space 1398272K, 1% used [0x0000000080000000,0x0000000081702b00,0x00000000d5580000)
 Metaspace       used 57210K, capacity 58866K, committed 59008K, reserved 1101824K
  class space    used 6616K, capacity 6937K, committed 7040K, reserved 1048576K
}
Event: 12.545 GC heap before
{Heap before GC invocations=7 (full 3):
 PSYoungGen      total 611840K, used 21979K [0x00000000d5580000, 0x0000000100000000, 0x0000000100000000)
  eden space 524800K, 0% used [0x00000000d5580000,0x00000000d5580000,0x00000000f5600000)
  from space 87040K, 25% used [0x00000000fab00000,0x00000000fc076fb0,0x0000000100000000)
  to   space 87040K, 0% used [0x00000000f5600000,0x00000000f5600000,0x00000000fab00000)
 ParOldGen       total 1398272K, used 23562K [0x0000000080000000, 0x00000000d5580000, 0x00000000d5580000)
  object space 1398272K, 1% used [0x0000000080000000,0x0000000081702b00,0x00000000d5580000)
 Metaspace       used 57210K, capacity 58866K, committed 59008K, reserved 1101824K
  class space    used 6616K, capacity 6937K, committed 7040K, reserved 1048576K
Event: 12.828 GC heap after
Heap after GC invocations=7 (full 3):
 PSYoungGen      total 611840K, used 0K [0x00000000d5580000, 0x0000000100000000, 0x0000000100000000)
  eden space 524800K, 0% used [0x00000000d5580000,0x00000000d5580000,0x00000000f5600000)
  from space 87040K, 0% used [0x00000000fab00000,0x00000000fab00000,0x0000000100000000)
  to   space 87040K, 0% used [0x00000000f5600000,0x00000000f5600000,0x00000000fab00000)
 ParOldGen       total 1398272K, used 33490K [0x0000000080000000, 0x00000000d5580000, 0x00000000d5580000)
  object space 1398272K, 2% used [0x0000000080000000,0x00000000820b4a50,0x00000000d5580000)
 Metaspace       used 57122K, capacity 58624K, committed 59008K, reserved 1101824K
  class space    used 6585K, capacity 6882K, committed 7040K, reserved 1048576K
}
Event: 53.009 GC heap before
{Heap before GC invocations=8 (full 3):
 PSYoungGen      total 611840K, used 524800K [0x00000000d5580000, 0x0000000100000000, 0x0000000100000000)
  eden space 524800K, 100% used [0x00000000d5580000,0x00000000f5600000,0x00000000f5600000)
  from space 87040K, 0% used [0x00000000fab00000,0x00000000fab00000,0x0000000100000000)
  to   space 87040K, 0% used [0x00000000f5600000,0x00000000f5600000,0x00000000fab00000)
 ParOldGen       total 1398272K, used 33490K [0x0000000080000000, 0x00000000d5580000, 0x00000000d5580000)
  object space 1398272K, 2% used [0x0000000080000000,0x00000000820b4a50,0x00000000d5580000)
 Metaspace       used 65838K, capacity 68398K, committed 68736K, reserved 1110016K
  class space    used 7453K, capacity 7937K, committed 8064K, reserved 1048576K
Event: 53.241 GC heap after
Heap after GC invocations=8 (full 3):
 PSYoungGen      total 611840K, used 87034K [0x00000000d5580000, 0x00000000ff900000, 0x0000000100000000)
  eden space 524800K, 0% used [0x00000000d5580000,0x00000000d5580000,0x00000000f5600000)
  from space 87040K, 99% used [0x00000000f5600000,0x00000000faafe840,0x00000000fab00000)
  to   space 79872K, 0% used [0x00000000fab00000,0x00000000fab00000,0x00000000ff900000)
 ParOldGen       total 1398272K, used 51083K [0x0000000080000000, 0x00000000d5580000, 0x00000000d5580000)
  object space 1398272K, 3% used [0x0000000080000000,0x00000000831e2eb0,0x00000000d5580000)
 Metaspace       used 65838K, capacity 68398K, committed 68736K, reserved 1110016K
  class space    used 7453K, capacity 7937K, committed 8064K, reserved 1048576K
}
Event: 81.972 GC heap before
{Heap before GC invocations=9 (full 3):
 PSYoungGen      total 611840K, used 611834K [0x00000000d5580000, 0x00000000ff900000, 0x0000000100000000)
  eden space 524800K, 100% used [0x00000000d5580000,0x00000000f5600000,0x00000000f5600000)
  from space 87040K, 99% used [0x00000000f5600000,0x00000000faafe840,0x00000000fab00000)
  to   space 79872K, 0% used [0x00000000fab00000,0x00000000fab00000,0x00000000ff900000)
 ParOldGen       total 1398272K, used 51083K [0x0000000080000000, 0x00000000d5580000, 0x00000000d5580000)
  object space 1398272K, 3% used [0x0000000080000000,0x00000000831e2eb0,0x00000000d5580000)
 Metaspace       used 67575K, capacity 70340K, committed 70656K, reserved 1112064K
  class space    used 7568K, capacity 8082K, committed 8192K, reserved 1048576K
Event: 82.071 GC heap after
Heap after GC invocations=9 (full 3):
 PSYoungGen      total 610304K, used 46486K [0x00000000d5580000, 0x00000000ffc00000, 0x0000000100000000)
  eden space 530432K, 0% used [0x00000000d5580000,0x00000000d5580000,0x00000000f5b80000)
  from space 79872K, 58% used [0x00000000fab00000,0x00000000fd865bf0,0x00000000ff900000)
  to   space 81408K, 0% used [0x00000000f5b80000,0x00000000f5b80000,0x00000000fab00000)
 ParOldGen       total 1398272K, used 51083K [0x0000000080000000, 0x00000000d5580000, 0x00000000d5580000)
  object space 1398272K, 3% used [0x0000000080000000,0x00000000831e2eb0,0x00000000d5580000)
 Metaspace       used 67575K, capacity 70340K, committed 70656K, reserved 1112064K
  class space    used 7568K, capacity 8082K, committed 8192K, reserved 1048576K
}

