# JRE version: OpenJDK Runtime Environment (8.0_212-b04) (build 1.8.0_212-b04)
# Java VM: OpenJDK 64-Bit Server VM (25.212-b04 mixed mode linux-amd64 compressed oops)
Heap:
 PSYoungGen      total 538624K, used 500187K [0x00000000d5580000, 0x00000000fab80000, 0x0000000100000000)
  eden space 524800K, 92% used [0x00000000d5580000,0x00000000f30a7ee0,0x00000000f5600000)
  from space 13824K, 98% used [0x00000000f5600000,0x00000000f634f098,0x00000000f6380000)
  to   space 29184K, 0% used [0x00000000f8f00000,0x00000000f8f00000,0x00000000fab80000)
 ParOldGen       total 1398272K, used 552961K [0x0000000080000000, 0x00000000d5580000, 0x00000000d5580000)
  object space 1398272K, 39% used [0x0000000080000000,0x00000000a1c00668,0x00000000d5580000)
 Metaspace       used 65361K, capacity 68068K, committed 68224K, reserved 1110016K
  class space    used 7510K, capacity 7996K, committed 8064K, reserved 1048576K
GC Heap History (10 events):
Event: 5.164 GC heap before
{Heap before GC invocations=4 (full 2):
 PSYoungGen      total 611840K, used 19413K [0x00000000d5580000, 0x0000000100000000, 0x0000000100000000)
  eden space 524800K, 0% used [0x00000000d5580000,0x00000000d5580000,0x00000000f5600000)
  from space 87040K, 22% used [0x00000000fab00000,0x00000000fbdf5460,0x0000000100000000)
  to   space 87040K, 0% used [0x00000000f5600000,0x00000000f5600000,0x00000000fab00000)
 ParOldGen       total 908288K, used 14204K [0x0000000080000000, 0x00000000b7700000, 0x00000000d5580000)
  object space 908288K, 1% used [0x0000000080000000,0x0000000080ddf338,0x00000000b7700000)
 Metaspace       used 34833K, capacity 35156K, committed 35416K, reserved 1081344K
  class space    used 3967K, capacity 4060K, committed 4096K, reserved 1048576K
Event: 5.292 GC heap after
Heap after GC invocations=4 (full 2):
 PSYoungGen      total 611840K, used 0K [0x00000000d5580000, 0x0000000100000000, 0x0000000100000000)
  eden space 524800K, 0% used [0x00000000d5580000,0x00000000d5580000,0x00000000f5600000)
  from space 87040K, 0% used [0x00000000fab00000,0x00000000fab00000,0x0000000100000000)
  to   space 87040K, 0% used [0x00000000f5600000,0x00000000f5600000,0x00000000fab00000)
 ParOldGen       total 1398272K, used 23886K [0x0000000080000000, 0x00000000d5580000, 0x00000000d5580000)
  object space 1398272K, 1% used [0x0000000080000000,0x0000000081753878,0x00000000d5580000)
 Metaspace       used 34833K, capacity 35156K, committed 35416K, reserved 1081344K
  class space    used 3967K, capacity 4060K, committed 4096K, reserved 1048576K
}
Event: 8.905 GC heap before
{Heap before GC invocations=5 (full 2):
 PSYoungGen      total 611840K, used 524800K [0x00000000d5580000, 0x0000000100000000, 0x0000000100000000)
  eden space 524800K, 100% used [0x00000000d5580000,0x00000000f5600000,0x00000000f5600000)
  from space 87040K, 0% used [0x00000000fab00000,0x00000000fab00000,0x0000000100000000)
  to   space 87040K, 0% used [0x00000000f5600000,0x00000000f5600000,0x00000000fab00000)
 ParOldGen       total 1398272K, used 23886K [0x0000000080000000, 0x00000000d5580000, 0x00000000d5580000)
  object space 1398272K, 1% used [0x0000000080000000,0x0000000081753878,0x00000000d5580000)
 Metaspace       used 44714K, capacity 45624K, committed 45952K, reserved 1089536K
  class space    used 5179K, capacity 5386K, committed 5504K, reserved 1048576K
Event: 8.968 GC heap after
Heap after GC invocations=5 (full 2):
 PSYoungGen      total 611840K, used 17145K [0x00000000d5580000, 0x0000000100000000, 0x0000000100000000)
  eden space 524800K, 0% used [0x00000000d5580000,0x00000000d5580000,0x00000000f5600000)
  from space 87040K, 19% used [0x00000000f5600000,0x00000000f66be768,0x00000000fab00000)
  to   space 87040K, 0% used [0x00000000fab00000,0x00000000fab00000,0x0000000100000000)
 ParOldGen       total 1398272K, used 23894K [0x0000000080000000, 0x00000000d5580000, 0x00000000d5580000)
  object space 1398272K, 1% used [0x0000000080000000,0x0000000081755878,0x00000000d5580000)
 Metaspace       used 44714K, capacity 45624K, committed 45952K, reserved 1089536K
  class space    used 5179K, capacity 5386K, committed 5504K, reserved 1048576K
}
Event: 13.206 GC heap before
{Heap before GC invocations=6 (full 2):
 PSYoungGen      total 611840K, used 323030K [0x00000000d5580000, 0x0000000100000000, 0x0000000100000000)
  eden space 524800K, 58% used [0x00000000d5580000,0x00000000e8037108,0x00000000f5600000)
  from space 87040K, 19% used [0x00000000f5600000,0x00000000f66be768,0x00000000fab00000)
  to   space 87040K, 0% used [0x00000000fab00000,0x00000000fab00000,0x0000000100000000)
 ParOldGen       total 1398272K, used 23894K [0x0000000080000000, 0x00000000d5580000, 0x00000000d5580000)
  object space 1398272K, 1% used [0x0000000080000000,0x0000000081755878,0x00000000d5580000)
 Metaspace       used 57426K, capacity 58930K, committed 59028K, reserved 1101824K
  class space    used 6610K, capacity 6885K, committed 6912K, reserved 1048576K
Event: 13.273 GC heap after
Heap after GC invocations=6 (full 2):
 PSYoungGen      total 611840K, used 29639K [0x00000000d5580000, 0x0000000100000000, 0x0000000100000000)
  eden space 524800K, 0% used [0x00000000d5580000,0x00000000d5580000,0x00000000f5600000)
  from space 87040K, 34% used [0x00000000fab00000,0x00000000fc7f1c00,0x0000000100000000)
  to   space 87040K, 0% used [0x00000000f5600000,0x00000000f5600000,0x00000000fab00000)
 ParOldGen       total 1398272K, used 23902K [0x0000000080000000, 0x00000000d5580000, 0x00000000d5580000)
  object space 1398272K, 1% used [0x0000000080000000,0x0000000081757878,0x00000000d5580000)
 Metaspace       used 57426K, capacity 58930K, committed 59028K, reserved 1101824K
  class space    used 6610K, capacity 6885K, committed 6912K, reserved 1048576K
}
Event: 13.273 GC heap before
{Heap before GC invocations=7 (full 3):
 PSYoungGen      total 611840K, used 29639K [0x00000000d5580000, 0x0000000100000000, 0x0000000100000000)
  eden space 524800K, 0% used [0x00000000d5580000,0x00000000d5580000,0x00000000f5600000)
  from space 87040K, 34% used [0x00000000fab00000,0x00000000fc7f1c00,0x0000000100000000)
  to   space 87040K, 0% used [0x00000000f5600000,0x00000000f5600000,0x00000000fab00000)
 ParOldGen       total 1398272K, used 23902K [0x0000000080000000, 0x00000000d5580000, 0x00000000d5580000)
  object space 1398272K, 1% used [0x0000000080000000,0x0000000081757878,0x00000000d5580000)
 Metaspace       used 57426K, capacity 58930K, committed 59028K, reserved 1101824K
  class space    used 6610K, capacity 6885K, committed 6912K, reserved 1048576K
Event: 13.610 GC heap after
Heap after GC invocations=7 (full 3):
 PSYoungGen      total 611840K, used 0K [0x00000000d5580000, 0x0000000100000000, 0x0000000100000000)
  eden space 524800K, 0% used [0x00000000d5580000,0x00000000d5580000,0x00000000f5600000)
  from space 87040K, 0% used [0x00000000fab00000,0x00000000fab00000,0x0000000100000000)
  to   space 87040K, 0% used [0x00000000f5600000,0x00000000f5600000,0x00000000fab00000)
 ParOldGen       total 1398272K, used 40953K [0x0000000080000000, 0x00000000d5580000, 0x00000000d5580000)
  object space 1398272K, 2% used [0x0000000080000000,0x00000000827fe648,0x00000000d5580000)
 Metaspace       used 57375K, capacity 58806K, committed 59028K, reserved 1101824K
  class space    used 6591K, capacity 6853K, committed 6912K, reserved 1048576K
}
Event: 20.706 GC heap before
{Heap before GC invocations=8 (full 3):
 PSYoungGen      total 611840K, used 371664K [0x00000000d5580000, 0x0000000100000000, 0x0000000100000000)
  eden space 524800K, 70% used [0x00000000d5580000,0x00000000ec0743f8,0x00000000f5600000)
  from space 87040K, 0% used [0x00000000fab00000,0x00000000fab00000,0x0000000100000000)
  to   space 87040K, 0% used [0x00000000f5600000,0x00000000f5600000,0x00000000fab00000)
 ParOldGen       total 1398272K, used 40953K [0x0000000080000000, 0x00000000d5580000, 0x00000000d5580000)
  object space 1398272K, 2% used [0x0000000080000000,0x00000000827fe648,0x00000000d5580000)
 Metaspace       used 60732K, capacity 62948K, committed 63104K, reserved 1105920K
  class space    used 7042K, capacity 7432K, committed 7552K, reserved 1048576K
Event: 20.931 GC heap after
Heap after GC invocations=8 (full 3):
 PSYoungGen      total 538624K, used 13628K [0x00000000d5580000, 0x00000000fab80000, 0x0000000100000000)
  eden space 524800K, 0% used [0x00000000d5580000,0x00000000d5580000,0x00000000f5600000)
  from space 13824K, 98% used [0x00000000f5600000,0x00000000f634f098,0x00000000f6380000)
  to   space 29184K, 0% used [0x00000000f8f00000,0x00000000f8f00000,0x00000000fab80000)
 ParOldGen       total 1398272K, used 245761K [0x0000000080000000, 0x00000000d5580000, 0x00000000d5580000)
  object space 1398272K, 17% used [0x0000000080000000,0x000000008f000658,0x00000000d5580000)
 Metaspace       used 60732K, capacity 62948K, committed 63104K, reserved 1105920K
  class space    used 7042K, capacity 7432K, committed 7552K, reserved 1048576K
}

