# JRE version: OpenJDK Runtime Environment (8.0_212-b04) (build 1.8.0_212-b04)
# Java VM: OpenJDK 64-Bit Server VM (25.212-b04 mixed mode linux-amd64 compressed oops)
Heap:
 PSYoungGen      total 611840K, used 228629K [0x00000000d5580000, 0x0000000100000000, 0x0000000100000000)
  eden space 524800K, 40% used [0x00000000d5580000,0x00000000e276c7a0,0x00000000f5600000)
  from space 87040K, 15% used [0x00000000fab00000,0x00000000fb858fa8,0x0000000100000000)
  to   space 87040K, 0% used [0x00000000f5600000,0x00000000f5600000,0x00000000fab00000)
 ParOldGen       total 1398272K, used 38551K [0x0000000080000000, 0x00000000d5580000, 0x00000000d5580000)
  object space 1398272K, 2% used [0x0000000080000000,0x00000000825a5df0,0x00000000d5580000)
 Metaspace       used 66621K, capacity 69066K, committed 69248K, reserved 1110016K
  class space    used 7335K, capacity 7761K, committed 7808K, reserved 1048576K
GC Heap History (10 events):
Event: 4.926 GC heap before
{Heap before GC invocations=3 (full 1):
 PSYoungGen      total 611840K, used 426151K [0x00000000d5580000, 0x0000000100000000, 0x0000000100000000)
  eden space 524800K, 81% used [0x00000000d5580000,0x00000000ef5a9c78,0x00000000f5600000)
  from space 87040K, 0% used [0x00000000f5600000,0x00000000f5600000,0x00000000fab00000)
  to   space 87040K, 0% used [0x00000000fab00000,0x00000000fab00000,0x0000000100000000)
 ParOldGen       total 846848K, used 13691K [0x0000000080000000, 0x00000000b3b00000, 0x00000000d5580000)
  object space 846848K, 1% used [0x0000000080000000,0x0000000080d5ecd0,0x00000000b3b00000)
 Metaspace       used 34796K, capacity 35188K, committed 35416K, reserved 1081344K
  class space    used 3966K, capacity 4092K, committed 4096K, reserved 1048576K
Event: 4.965 GC heap after
Heap after GC invocations=3 (full 1):
 PSYoungGen      total 611840K, used 19253K [0x00000000d5580000, 0x0000000100000000, 0x0000000100000000)
  eden space 524800K, 0% used [0x00000000d5580000,0x00000000d5580000,0x00000000f5600000)
  from space 87040K, 22% used [0x00000000fab00000,0x00000000fbdcd400,0x0000000100000000)
  to   space 87040K, 0% used [0x00000000f5600000,0x00000000f5600000,0x00000000fab00000)
 ParOldGen       total 846848K, used 13699K [0x0000000080000000, 0x00000000b3b00000, 0x00000000d5580000)
  object space 846848K, 1% used [0x0000000080000000,0x0000000080d60cd0,0x00000000b3b00000)
 Metaspace       used 34796K, capacity 35188K, committed 35416K, reserved 1081344K
  class space    used 3966K, capacity 4092K, committed 4096K, reserved 1048576K
}
Event: 4.965 GC heap before
{Heap before GC invocations=4 (full 2):
 PSYoungGen      total 611840K, used 19253K [0x00000000d5580000, 0x0000000100000000, 0x0000000100000000)
  eden space 524800K, 0% used [0x00000000d5580000,0x00000000d5580000,0x00000000f5600000)
  from space 87040K, 22% used [0x00000000fab00000,0x00000000fbdcd400,0x0000000100000000)
  to   space 87040K, 0% used [0x00000000f5600000,0x00000000f5600000,0x00000000fab00000)
 ParOldGen       total 846848K, used 13699K [0x0000000080000000, 0x00000000b3b00000, 0x00000000d5580000)
  object space 846848K, 1% used [0x0000000080000000,0x0000000080d60cd0,0x00000000b3b00000)
 Metaspace       used 34796K, capacity 35188K, committed 35416K, reserved 1081344K
  class space    used 3966K, capacity 4092K, committed 4096K, reserved 1048576K
Event: 5.087 GC heap after
Heap after GC invocations=4 (full 2):
 PSYoungGen      total 611840K, used 0K [0x00000000d5580000, 0x0000000100000000, 0x0000000100000000)
  eden space 524800K, 0% used [0x00000000d5580000,0x00000000d5580000,0x00000000f5600000)
  from space 87040K, 0% used [0x00000000fab00000,0x00000000fab00000,0x0000000100000000)
  to   space 87040K, 0% used [0x00000000f5600000,0x00000000f5600000,0x00000000fab00000)
 ParOldGen       total 1398272K, used 23442K [0x0000000080000000, 0x00000000d5580000, 0x00000000d5580000)
  object space 1398272K, 1% used [0x0000000080000000,0x00000000816e4bc8,0x00000000d5580000)
 Metaspace       used 34796K, capacity 35188K, committed 35416K, reserved 1081344K
  class space    used 3966K, capacity 4092K, committed 4096K, reserved 1048576K
}
Event: 22.608 GC heap before
{Heap before GC invocations=5 (full 2):
 PSYoungGen      total 611840K, used 432629K [0x00000000d5580000, 0x0000000100000000, 0x0000000100000000)
  eden space 524800K, 82% used [0x00000000d5580000,0x00000000efbfd468,0x00000000f5600000)
  from space 87040K, 0% used [0x00000000fab00000,0x00000000fab00000,0x0000000100000000)
  to   space 87040K, 0% used [0x00000000f5600000,0x00000000f5600000,0x00000000fab00000)
 ParOldGen       total 1398272K, used 23442K [0x0000000080000000, 0x00000000d5580000, 0x00000000d5580000)
  object space 1398272K, 1% used [0x0000000080000000,0x00000000816e4bc8,0x00000000d5580000)
 Metaspace       used 57257K, capacity 58774K, committed 59008K, reserved 1101824K
  class space    used 6659K, capacity 6955K, committed 7040K, reserved 1048576K
Event: 22.682 GC heap after
Heap after GC invocations=5 (full 2):
 PSYoungGen      total 611840K, used 28492K [0x00000000d5580000, 0x0000000100000000, 0x0000000100000000)
  eden space 524800K, 0% used [0x00000000d5580000,0x00000000d5580000,0x00000000f5600000)
  from space 87040K, 32% used [0x00000000f5600000,0x00000000f71d3200,0x00000000fab00000)
  to   space 87040K, 0% used [0x00000000fab00000,0x00000000fab00000,0x0000000100000000)
 ParOldGen       total 1398272K, used 23450K [0x0000000080000000, 0x00000000d5580000, 0x00000000d5580000)
  object space 1398272K, 1% used [0x0000000080000000,0x00000000816e6bc8,0x00000000d5580000)
 Metaspace       used 57257K, capacity 58774K, committed 59008K, reserved 1101824K
  class space    used 6659K, capacity 6955K, committed 7040K, reserved 1048576K
}
Event: 22.682 GC heap before
{Heap before GC invocations=6 (full 3):
 PSYoungGen      total 611840K, used 28492K [0x00000000d5580000, 0x0000000100000000, 0x0000000100000000)
  eden space 524800K, 0% used [0x00000000d5580000,0x00000000d5580000,0x00000000f5600000)
  from space 87040K, 32% used [0x00000000f5600000,0x00000000f71d3200,0x00000000fab00000)
  to   space 87040K, 0% used [0x00000000fab00000,0x00000000fab00000,0x0000000100000000)
 ParOldGen       total 1398272K, used 23450K [0x0000000080000000, 0x00000000d5580000, 0x00000000d5580000)
  object space 1398272K, 1% used [0x0000000080000000,0x00000000816e6bc8,0x00000000d5580000)
 Metaspace       used 57257K, capacity 58774K, committed 59008K, reserved 1101824K
  class space    used 6659K, capacity 6955K, committed 7040K, reserved 1048576K
Event: 22.959 GC heap after
Heap after GC invocations=6 (full 3):
 PSYoungGen      total 611840K, used 0K [0x00000000d5580000, 0x0000000100000000, 0x0000000100000000)
  eden space 524800K, 0% used [0x00000000d5580000,0x00000000d5580000,0x00000000f5600000)
  from space 87040K, 0% used [0x00000000f5600000,0x00000000f5600000,0x00000000fab00000)
  to   space 87040K, 0% used [0x00000000fab00000,0x00000000fab00000,0x0000000100000000)
 ParOldGen       total 1398272K, used 38543K [0x0000000080000000, 0x00000000d5580000, 0x00000000d5580000)
  object space 1398272K, 2% used [0x0000000080000000,0x00000000825a3df0,0x00000000d5580000)
 Metaspace       used 57257K, capacity 58774K, committed 59008K, reserved 1101824K
  class space    used 6659K, capacity 6955K, committed 7040K, reserved 1048576K
}
Event: 54.795 GC heap before
{Heap before GC invocations=7 (full 3):
 PSYoungGen      total 611840K, used 524800K [0x00000000d5580000, 0x0000000100000000, 0x0000000100000000)
  eden space 524800K, 100% used [0x00000000d5580000,0x00000000f5600000,0x00000000f5600000)
  from space 87040K, 0% used [0x00000000f5600000,0x00000000f5600000,0x00000000fab00000)
  to   space 87040K, 0% used [0x00000000fab00000,0x00000000fab00000,0x0000000100000000)
 ParOldGen       total 1398272K, used 38543K [0x0000000080000000, 0x00000000d5580000, 0x00000000d5580000)
  object space 1398272K, 2% used [0x0000000080000000,0x00000000825a3df0,0x00000000d5580000)
 Metaspace       used 66151K, capacity 68510K, committed 68736K, reserved 1110016K
  class space    used 7319K, capacity 7743K, committed 7808K, reserved 1048576K
Event: 54.863 GC heap after
Heap after GC invocations=7 (full 3):
 PSYoungGen      total 611840K, used 13667K [0x00000000d5580000, 0x0000000100000000, 0x0000000100000000)
  eden space 524800K, 0% used [0x00000000d5580000,0x00000000d5580000,0x00000000f5600000)
  from space 87040K, 15% used [0x00000000fab00000,0x00000000fb858fa8,0x0000000100000000)
  to   space 87040K, 0% used [0x00000000f5600000,0x00000000f5600000,0x00000000fab00000)
 ParOldGen       total 1398272K, used 38551K [0x0000000080000000, 0x00000000d5580000, 0x00000000d5580000)
  object space 1398272K, 2% used [0x0000000080000000,0x00000000825a5df0,0x00000000d5580000)
 Metaspace       used 66151K, capacity 68510K, committed 68736K, reserved 1110016K
  class space    used 7319K, capacity 7743K, committed 7808K, reserved 1048576K
}

