# JRE version: OpenJDK Runtime Environment (8.0_212-b04) (build 1.8.0_212-b04)
# Java VM: OpenJDK 64-Bit Server VM (25.212-b04 mixed mode linux-amd64 compressed oops)
Heap:
 PSYoungGen      total 611840K, used 404433K [0x00000000d5580000, 0x0000000100000000, 0x0000000100000000)
  eden space 524800K, 77% used [0x00000000d5580000,0x00000000ee074548,0x00000000f5600000)
  from space 87040K, 0% used [0x00000000fab00000,0x00000000fab00000,0x0000000100000000)
  to   space 87040K, 0% used [0x00000000f5600000,0x00000000f5600000,0x00000000fab00000)
 ParOldGen       total 1398272K, used 30605K [0x0000000080000000, 0x00000000d5580000, 0x00000000d5580000)
  object space 1398272K, 2% used [0x0000000080000000,0x0000000081de3728,0x00000000d5580000)
 Metaspace       used 64500K, capacity 67156K, committed 67328K, reserved 1107968K
  class space    used 7404K, capacity 7876K, committed 7936K, reserved 1048576K
GC Heap History (10 events):
Event: 4.205 GC heap before
{Heap before GC invocations=3 (full 1):
 PSYoungGen      total 611840K, used 424062K [0x00000000d5580000, 0x0000000100000000, 0x0000000100000000)
  eden space 524800K, 80% used [0x00000000d5580000,0x00000000ef39fab0,0x00000000f5600000)
  from space 87040K, 0% used [0x00000000f5600000,0x00000000f5600000,0x00000000fab00000)
  to   space 87040K, 0% used [0x00000000fab00000,0x00000000fab00000,0x0000000100000000)
 ParOldGen       total 857088K, used 13779K [0x0000000080000000, 0x00000000b4500000, 0x00000000d5580000)
  object space 857088K, 1% used [0x0000000080000000,0x0000000080d74eb0,0x00000000b4500000)
 Metaspace       used 34845K, capacity 35188K, committed 35416K, reserved 1081344K
  class space    used 3970K, capacity 4092K, committed 4096K, reserved 1048576K
Event: 4.241 GC heap after
Heap after GC invocations=3 (full 1):
 PSYoungGen      total 611840K, used 19194K [0x00000000d5580000, 0x0000000100000000, 0x0000000100000000)
  eden space 524800K, 0% used [0x00000000d5580000,0x00000000d5580000,0x00000000f5600000)
  from space 87040K, 22% used [0x00000000fab00000,0x00000000fbdbebf8,0x0000000100000000)
  to   space 87040K, 0% used [0x00000000f5600000,0x00000000f5600000,0x00000000fab00000)
 ParOldGen       total 857088K, used 13779K [0x0000000080000000, 0x00000000b4500000, 0x00000000d5580000)
  object space 857088K, 1% used [0x0000000080000000,0x0000000080d74eb0,0x00000000b4500000)
 Metaspace       used 34845K, capacity 35188K, committed 35416K, reserved 1081344K
  class space    used 3970K, capacity 4092K, committed 4096K, reserved 1048576K
}
Event: 4.241 GC heap before
{Heap before GC invocations=4 (full 2):
 PSYoungGen      total 611840K, used 19194K [0x00000000d5580000, 0x0000000100000000, 0x0000000100000000)
  eden space 524800K, 0% used [0x00000000d5580000,0x00000000d5580000,0x00000000f5600000)
  from space 87040K, 22% used [0x00000000fab00000,0x00000000fbdbebf8,0x0000000100000000)
  to   space 87040K, 0% used [0x00000000f5600000,0x00000000f5600000,0x00000000fab00000)
 ParOldGen       total 857088K, used 13779K [0x0000000080000000, 0x00000000b4500000, 0x00000000d5580000)
  object space 857088K, 1% used [0x0000000080000000,0x0000000080d74eb0,0x00000000b4500000)
 Metaspace       used 34845K, capacity 35188K, committed 35416K, reserved 1081344K
  class space    used 3970K, capacity 4092K, committed 4096K, reserved 1048576K
Event: 4.330 GC heap after
Heap after GC invocations=4 (full 2):
 PSYoungGen      total 611840K, used 0K [0x00000000d5580000, 0x0000000100000000, 0x0000000100000000)
  eden space 524800K, 0% used [0x00000000d5580000,0x00000000d5580000,0x00000000f5600000)
  from space 87040K, 0% used [0x00000000fab00000,0x00000000fab00000,0x0000000100000000)
  to   space 87040K, 0% used [0x00000000f5600000,0x00000000f5600000,0x00000000fab00000)
 ParOldGen       total 1398272K, used 23535K [0x0000000080000000, 0x00000000d5580000, 0x00000000d5580000)
  object space 1398272K, 1% used [0x0000000080000000,0x00000000816fbc08,0x00000000d5580000)
 Metaspace       used 34845K, capacity 35188K, committed 35416K, reserved 1081344K
  class space    used 3970K, capacity 4092K, committed 4096K, reserved 1048576K
}
Event: 10.999 GC heap before
{Heap before GC invocations=5 (full 2):
 PSYoungGen      total 611840K, used 524800K [0x00000000d5580000, 0x0000000100000000, 0x0000000100000000)
  eden space 524800K, 100% used [0x00000000d5580000,0x00000000f5600000,0x00000000f5600000)
  from space 87040K, 0% used [0x00000000fab00000,0x00000000fab00000,0x0000000100000000)
  to   space 87040K, 0% used [0x00000000f5600000,0x00000000f5600000,0x00000000fab00000)
 ParOldGen       total 1398272K, used 23535K [0x0000000080000000, 0x00000000d5580000, 0x00000000d5580000)
  object space 1398272K, 1% used [0x0000000080000000,0x00000000816fbc08,0x00000000d5580000)
 Metaspace       used 53091K, capacity 54510K, committed 54656K, reserved 1097728K
  class space    used 6197K, capacity 6445K, committed 6528K, reserved 1048576K
Event: 11.101 GC heap after
Heap after GC invocations=5 (full 2):
 PSYoungGen      total 611840K, used 30394K [0x00000000d5580000, 0x0000000100000000, 0x0000000100000000)
  eden space 524800K, 0% used [0x00000000d5580000,0x00000000d5580000,0x00000000f5600000)
  from space 87040K, 34% used [0x00000000f5600000,0x00000000f73ae9e0,0x00000000fab00000)
  to   space 87040K, 0% used [0x00000000fab00000,0x00000000fab00000,0x0000000100000000)
 ParOldGen       total 1398272K, used 23543K [0x0000000080000000, 0x00000000d5580000, 0x00000000d5580000)
  object space 1398272K, 1% used [0x0000000080000000,0x00000000816fdc08,0x00000000d5580000)
 Metaspace       used 53091K, capacity 54510K, committed 54656K, reserved 1097728K
  class space    used 6197K, capacity 6445K, committed 6528K, reserved 1048576K
}
Event: 11.758 GC heap before
{Heap before GC invocations=6 (full 2):
 PSYoungGen      total 611840K, used 159362K [0x00000000d5580000, 0x0000000100000000, 0x0000000100000000)
  eden space 524800K, 24% used [0x00000000d5580000,0x00000000dd372060,0x00000000f5600000)
  from space 87040K, 34% used [0x00000000f5600000,0x00000000f73ae9e0,0x00000000fab00000)
  to   space 87040K, 0% used [0x00000000fab00000,0x00000000fab00000,0x0000000100000000)
 ParOldGen       total 1398272K, used 23543K [0x0000000080000000, 0x00000000d5580000, 0x00000000d5580000)
  object space 1398272K, 1% used [0x0000000080000000,0x00000000816fdc08,0x00000000d5580000)
 Metaspace       used 57050K, capacity 58928K, committed 59008K, reserved 1101824K
  class space    used 6629K, capacity 6992K, committed 7040K, reserved 1048576K
Event: 11.790 GC heap after
Heap after GC invocations=6 (full 2):
 PSYoungGen      total 611840K, used 18881K [0x00000000d5580000, 0x0000000100000000, 0x0000000100000000)
  eden space 524800K, 0% used [0x00000000d5580000,0x00000000d5580000,0x00000000f5600000)
  from space 87040K, 21% used [0x00000000fab00000,0x00000000fbd70470,0x0000000100000000)
  to   space 87040K, 0% used [0x00000000f5600000,0x00000000f5600000,0x00000000fab00000)
 ParOldGen       total 1398272K, used 23551K [0x0000000080000000, 0x00000000d5580000, 0x00000000d5580000)
  object space 1398272K, 1% used [0x0000000080000000,0x00000000816ffc08,0x00000000d5580000)
 Metaspace       used 57050K, capacity 58928K, committed 59008K, reserved 1101824K
  class space    used 6629K, capacity 6992K, committed 7040K, reserved 1048576K
}
Event: 11.790 GC heap before
{Heap before GC invocations=7 (full 3):
 PSYoungGen      total 611840K, used 18881K [0x00000000d5580000, 0x0000000100000000, 0x0000000100000000)
  eden space 524800K, 0% used [0x00000000d5580000,0x00000000d5580000,0x00000000f5600000)
  from space 87040K, 21% used [0x00000000fab00000,0x00000000fbd70470,0x0000000100000000)
  to   space 87040K, 0% used [0x00000000f5600000,0x00000000f5600000,0x00000000fab00000)
 ParOldGen       total 1398272K, used 23551K [0x0000000080000000, 0x00000000d5580000, 0x00000000d5580000)
  object space 1398272K, 1% used [0x0000000080000000,0x00000000816ffc08,0x00000000d5580000)
 Metaspace       used 57050K, capacity 58928K, committed 59008K, reserved 1101824K
  class space    used 6629K, capacity 6992K, committed 7040K, reserved 1048576K
Event: 12.090 GC heap after
Heap after GC invocations=7 (full 3):
 PSYoungGen      total 611840K, used 0K [0x00000000d5580000, 0x0000000100000000, 0x0000000100000000)
  eden space 524800K, 0% used [0x00000000d5580000,0x00000000d5580000,0x00000000f5600000)
  from space 87040K, 0% used [0x00000000fab00000,0x00000000fab00000,0x0000000100000000)
  to   space 87040K, 0% used [0x00000000f5600000,0x00000000f5600000,0x00000000fab00000)
 ParOldGen       total 1398272K, used 30605K [0x0000000080000000, 0x00000000d5580000, 0x00000000d5580000)
  object space 1398272K, 2% used [0x0000000080000000,0x0000000081de3728,0x00000000d5580000)
 Metaspace       used 56866K, capacity 58444K, committed 59008K, reserved 1101824K
  class space    used 6565K, capacity 6878K, committed 7040K, reserved 1048576K
}

