# JRE version: OpenJDK Runtime Environment (8.0_212-b04) (build 1.8.0_212-b04)
# Java VM: OpenJDK 64-Bit Server VM (25.212-b04 mixed mode linux-amd64 compressed oops)
Heap:
 PSYoungGen      total 611840K, used 214074K [0x00000000d5580000, 0x0000000100000000, 0x0000000100000000)
  eden space 524800K, 40% used [0x00000000d5580000,0x00000000e268e860,0x00000000f5600000)
  from space 87040K, 0% used [0x00000000f5600000,0x00000000f5600000,0x00000000fab00000)
  to   space 87040K, 0% used [0x00000000fab00000,0x00000000fab00000,0x0000000100000000)
 ParOldGen       total 1398272K, used 42030K [0x0000000080000000, 0x00000000d5580000, 0x00000000d5580000)
  object space 1398272K, 3% used [0x0000000080000000,0x000000008290b9f8,0x00000000d5580000)
 Metaspace       used 63614K, capacity 66052K, committed 66176K, reserved 1107968K
  class space    used 7341K, capacity 7800K, committed 7808K, reserved 1048576K
GC Heap History (10 events):
Event: 2.091 GC heap before
{Heap before GC invocations=2 (full 1):
 PSYoungGen      total 611840K, used 14226K [0x00000000d5580000, 0x0000000100000000, 0x0000000100000000)
  eden space 524800K, 0% used [0x00000000d5580000,0x00000000d5580000,0x00000000f5600000)
  from space 87040K, 16% used [0x00000000f5600000,0x00000000f63e49b8,0x00000000fab00000)
  to   space 87040K, 0% used [0x00000000fab00000,0x00000000fab00000,0x0000000100000000)
 ParOldGen       total 1398272K, used 80K [0x0000000080000000, 0x00000000d5580000, 0x00000000d5580000)
  object space 1398272K, 0% used [0x0000000080000000,0x0000000080014010,0x00000000d5580000)
 Metaspace       used 20809K, capacity 21106K, committed 21248K, reserved 1069056K
  class space    used 2366K, capacity 2482K, committed 2560K, reserved 1048576K
Event: 2.173 GC heap after
Heap after GC invocations=2 (full 1):
 PSYoungGen      total 611840K, used 0K [0x00000000d5580000, 0x0000000100000000, 0x0000000100000000)
  eden space 524800K, 0% used [0x00000000d5580000,0x00000000d5580000,0x00000000f5600000)
  from space 87040K, 0% used [0x00000000f5600000,0x00000000f5600000,0x00000000fab00000)
  to   space 87040K, 0% used [0x00000000fab00000,0x00000000fab00000,0x0000000100000000)
 ParOldGen       total 895488K, used 13721K [0x0000000080000000, 0x00000000b6a80000, 0x00000000d5580000)
  object space 895488K, 1% used [0x0000000080000000,0x0000000080d66630,0x00000000b6a80000)
 Metaspace       used 20809K, capacity 21106K, committed 21248K, reserved 1069056K
  class space    used 2366K, capacity 2482K, committed 2560K, reserved 1048576K
}
Event: 4.506 GC heap before
{Heap before GC invocations=3 (full 1):
 PSYoungGen      total 611840K, used 434547K [0x00000000d5580000, 0x0000000100000000, 0x0000000100000000)
  eden space 524800K, 82% used [0x00000000d5580000,0x00000000efddce70,0x00000000f5600000)
  from space 87040K, 0% used [0x00000000f5600000,0x00000000f5600000,0x00000000fab00000)
  to   space 87040K, 0% used [0x00000000fab00000,0x00000000fab00000,0x0000000100000000)
 ParOldGen       total 895488K, used 13721K [0x0000000080000000, 0x00000000b6a80000, 0x00000000d5580000)
  object space 895488K, 1% used [0x0000000080000000,0x0000000080d66630,0x00000000b6a80000)
 Metaspace       used 34817K, capacity 35188K, committed 35416K, reserved 1081344K
  class space    used 3970K, capacity 4092K, committed 4096K, reserved 1048576K
Event: 4.538 GC heap after
Heap after GC invocations=3 (full 1):
 PSYoungGen      total 611840K, used 19215K [0x00000000d5580000, 0x0000000100000000, 0x0000000100000000)
  eden space 524800K, 0% used [0x00000000d5580000,0x00000000d5580000,0x00000000f5600000)
  from space 87040K, 22% used [0x00000000fab00000,0x00000000fbdc3c98,0x0000000100000000)
  to   space 87040K, 0% used [0x00000000f5600000,0x00000000f5600000,0x00000000fab00000)
 ParOldGen       total 895488K, used 13729K [0x0000000080000000, 0x00000000b6a80000, 0x00000000d5580000)
  object space 895488K, 1% used [0x0000000080000000,0x0000000080d68630,0x00000000b6a80000)
 Metaspace       used 34817K, capacity 35188K, committed 35416K, reserved 1081344K
  class space    used 3970K, capacity 4092K, committed 4096K, reserved 1048576K
}
Event: 4.539 GC heap before
{Heap before GC invocations=4 (full 2):
 PSYoungGen      total 611840K, used 19215K [0x00000000d5580000, 0x0000000100000000, 0x0000000100000000)
  eden space 524800K, 0% used [0x00000000d5580000,0x00000000d5580000,0x00000000f5600000)
  from space 87040K, 22% used [0x00000000fab00000,0x00000000fbdc3c98,0x0000000100000000)
  to   space 87040K, 0% used [0x00000000f5600000,0x00000000f5600000,0x00000000fab00000)
 ParOldGen       total 895488K, used 13729K [0x0000000080000000, 0x00000000b6a80000, 0x00000000d5580000)
  object space 895488K, 1% used [0x0000000080000000,0x0000000080d68630,0x00000000b6a80000)
 Metaspace       used 34817K, capacity 35188K, committed 35416K, reserved 1081344K
  class space    used 3970K, capacity 4092K, committed 4096K, reserved 1048576K
Event: 4.626 GC heap after
Heap after GC invocations=4 (full 2):
 PSYoungGen      total 611840K, used 0K [0x00000000d5580000, 0x0000000100000000, 0x0000000100000000)
  eden space 524800K, 0% used [0x00000000d5580000,0x00000000d5580000,0x00000000f5600000)
  from space 87040K, 0% used [0x00000000fab00000,0x00000000fab00000,0x0000000100000000)
  to   space 87040K, 0% used [0x00000000f5600000,0x00000000f5600000,0x00000000fab00000)
 ParOldGen       total 1398272K, used 23551K [0x0000000080000000, 0x00000000d5580000, 0x00000000d5580000)
  object space 1398272K, 1% used [0x0000000080000000,0x00000000816ffd38,0x00000000d5580000)
 Metaspace       used 34817K, capacity 35188K, committed 35416K, reserved 1081344K
  class space    used 3970K, capacity 4092K, committed 4096K, reserved 1048576K
}
Event: 10.887 GC heap before
{Heap before GC invocations=5 (full 2):
 PSYoungGen      total 611840K, used 469061K [0x00000000d5580000, 0x0000000100000000, 0x0000000100000000)
  eden space 524800K, 89% used [0x00000000d5580000,0x00000000f1f91570,0x00000000f5600000)
  from space 87040K, 0% used [0x00000000fab00000,0x00000000fab00000,0x0000000100000000)
  to   space 87040K, 0% used [0x00000000f5600000,0x00000000f5600000,0x00000000fab00000)
 ParOldGen       total 1398272K, used 23551K [0x0000000080000000, 0x00000000d5580000, 0x00000000d5580000)
  object space 1398272K, 1% used [0x0000000080000000,0x00000000816ffd38,0x00000000d5580000)
 Metaspace       used 57461K, capacity 58864K, committed 59028K, reserved 1101824K
  class space    used 6658K, capacity 6938K, committed 7040K, reserved 1048576K
Event: 10.945 GC heap after
Heap after GC invocations=5 (full 2):
 PSYoungGen      total 611840K, used 31427K [0x00000000d5580000, 0x0000000100000000, 0x0000000100000000)
  eden space 524800K, 0% used [0x00000000d5580000,0x00000000d5580000,0x00000000f5600000)
  from space 87040K, 36% used [0x00000000f5600000,0x00000000f74b0fd0,0x00000000fab00000)
  to   space 87040K, 0% used [0x00000000fab00000,0x00000000fab00000,0x0000000100000000)
 ParOldGen       total 1398272K, used 23559K [0x0000000080000000, 0x00000000d5580000, 0x00000000d5580000)
  object space 1398272K, 1% used [0x0000000080000000,0x0000000081701d38,0x00000000d5580000)
 Metaspace       used 57461K, capacity 58864K, committed 59028K, reserved 1101824K
  class space    used 6658K, capacity 6938K, committed 7040K, reserved 1048576K
}
Event: 10.945 GC heap before
{Heap before GC invocations=6 (full 3):
 PSYoungGen      total 611840K, used 31427K [0x00000000d5580000, 0x0000000100000000, 0x0000000100000000)
  eden space 524800K, 0% used [0x00000000d5580000,0x00000000d5580000,0x00000000f5600000)
  from space 87040K, 36% used [0x00000000f5600000,0x00000000f74b0fd0,0x00000000fab00000)
  to   space 87040K, 0% used [0x00000000fab00000,0x00000000fab00000,0x0000000100000000)
 ParOldGen       total 1398272K, used 23559K [0x0000000080000000, 0x00000000d5580000, 0x00000000d5580000)
  object space 1398272K, 1% used [0x0000000080000000,0x0000000081701d38,0x00000000d5580000)
 Metaspace       used 57461K, capacity 58864K, committed 59028K, reserved 1101824K
  class space    used 6658K, capacity 6938K, committed 7040K, reserved 1048576K
Event: 11.205 GC heap after
Heap after GC invocations=6 (full 3):
 PSYoungGen      total 611840K, used 0K [0x00000000d5580000, 0x0000000100000000, 0x0000000100000000)
  eden space 524800K, 0% used [0x00000000d5580000,0x00000000d5580000,0x00000000f5600000)
  from space 87040K, 0% used [0x00000000f5600000,0x00000000f5600000,0x00000000fab00000)
  to   space 87040K, 0% used [0x00000000fab00000,0x00000000fab00000,0x0000000100000000)
 ParOldGen       total 1398272K, used 42030K [0x0000000080000000, 0x00000000d5580000, 0x00000000d5580000)
  object space 1398272K, 3% used [0x0000000080000000,0x000000008290b9f8,0x00000000d5580000)
 Metaspace       used 57427K, capacity 58778K, committed 59028K, reserved 1101824K
  class space    used 6646K, capacity 6917K, committed 7040K, reserved 1048576K
}

