# JRE version: OpenJDK Runtime Environment (8.0_212-b04) (build 1.8.0_212-b04)
# Java VM: OpenJDK 64-Bit Server VM (25.212-b04 mixed mode linux-amd64 compressed oops)
Heap:
 PSYoungGen      total 611840K, used 395157K [0x00000000d5580000, 0x0000000100000000, 0x0000000100000000)
  eden space 524800K, 75% used [0x00000000d5580000,0x00000000ed765758,0x00000000f5600000)
  from space 87040K, 0% used [0x00000000f5600000,0x00000000f5600000,0x00000000fab00000)
  to   space 87040K, 0% used [0x00000000fab00000,0x00000000fab00000,0x0000000100000000)
 ParOldGen       total 1398272K, used 37834K [0x0000000080000000, 0x00000000d5580000, 0x00000000d5580000)
  object space 1398272K, 2% used [0x0000000080000000,0x00000000824f2a80,0x00000000d5580000)
 Metaspace       used 63929K, capacity 66310K, committed 66432K, reserved 1107968K
  class space    used 7266K, capacity 7695K, committed 7808K, reserved 1048576K
GC Heap History (10 events):
Event: 1.979 GC heap before
{Heap before GC invocations=2 (full 1):
 PSYoungGen      total 611840K, used 14339K [0x00000000d5580000, 0x0000000100000000, 0x0000000100000000)
  eden space 524800K, 0% used [0x00000000d5580000,0x00000000d5580000,0x00000000f5600000)
  from space 87040K, 16% used [0x00000000f5600000,0x00000000f6400d38,0x00000000fab00000)
  to   space 87040K, 0% used [0x00000000fab00000,0x00000000fab00000,0x0000000100000000)
 ParOldGen       total 1398272K, used 80K [0x0000000080000000, 0x00000000d5580000, 0x00000000d5580000)
  object space 1398272K, 0% used [0x0000000080000000,0x0000000080014010,0x00000000d5580000)
 Metaspace       used 20829K, capacity 21066K, committed 21248K, reserved 1069056K
  class space    used 2356K, capacity 2450K, committed 2560K, reserved 1048576K
Event: 2.038 GC heap after
Heap after GC invocations=2 (full 1):
 PSYoungGen      total 611840K, used 0K [0x00000000d5580000, 0x0000000100000000, 0x0000000100000000)
  eden space 524800K, 0% used [0x00000000d5580000,0x00000000d5580000,0x00000000f5600000)
  from space 87040K, 0% used [0x00000000f5600000,0x00000000f5600000,0x00000000fab00000)
  to   space 87040K, 0% used [0x00000000fab00000,0x00000000fab00000,0x0000000100000000)
 ParOldGen       total 873984K, used 13778K [0x0000000080000000, 0x00000000b5580000, 0x00000000d5580000)
  object space 873984K, 1% used [0x0000000080000000,0x0000000080d74998,0x00000000b5580000)
 Metaspace       used 20829K, capacity 21066K, committed 21248K, reserved 1069056K
  class space    used 2356K, capacity 2450K, committed 2560K, reserved 1048576K
}
Event: 4.064 GC heap before
{Heap before GC invocations=3 (full 1):
 PSYoungGen      total 611840K, used 436651K [0x00000000d5580000, 0x0000000100000000, 0x0000000100000000)
  eden space 524800K, 83% used [0x00000000d5580000,0x00000000effeaee0,0x00000000f5600000)
  from space 87040K, 0% used [0x00000000f5600000,0x00000000f5600000,0x00000000fab00000)
  to   space 87040K, 0% used [0x00000000fab00000,0x00000000fab00000,0x0000000100000000)
 ParOldGen       total 873984K, used 13778K [0x0000000080000000, 0x00000000b5580000, 0x00000000d5580000)
  object space 873984K, 1% used [0x0000000080000000,0x0000000080d74998,0x00000000b5580000)
 Metaspace       used 34791K, capacity 35148K, committed 35416K, reserved 1081344K
  class space    used 3962K, capacity 4060K, committed 4096K, reserved 1048576K
Event: 4.110 GC heap after
Heap after GC invocations=3 (full 1):
 PSYoungGen      total 611840K, used 19401K [0x00000000d5580000, 0x0000000100000000, 0x0000000100000000)
  eden space 524800K, 0% used [0x00000000d5580000,0x00000000d5580000,0x00000000f5600000)
  from space 87040K, 22% used [0x00000000fab00000,0x00000000fbdf24b8,0x0000000100000000)
  to   space 87040K, 0% used [0x00000000f5600000,0x00000000f5600000,0x00000000fab00000)
 ParOldGen       total 873984K, used 13786K [0x0000000080000000, 0x00000000b5580000, 0x00000000d5580000)
  object space 873984K, 1% used [0x0000000080000000,0x0000000080d76998,0x00000000b5580000)
 Metaspace       used 34791K, capacity 35148K, committed 35416K, reserved 1081344K
  class space    used 3962K, capacity 4060K, committed 4096K, reserved 1048576K
}
Event: 4.110 GC heap before
{Heap before GC invocations=4 (full 2):
 PSYoungGen      total 611840K, used 19401K [0x00000000d5580000, 0x0000000100000000, 0x0000000100000000)
  eden space 524800K, 0% used [0x00000000d5580000,0x00000000d5580000,0x00000000f5600000)
  from space 87040K, 22% used [0x00000000fab00000,0x00000000fbdf24b8,0x0000000100000000)
  to   space 87040K, 0% used [0x00000000f5600000,0x00000000f5600000,0x00000000fab00000)
 ParOldGen       total 873984K, used 13786K [0x0000000080000000, 0x00000000b5580000, 0x00000000d5580000)
  object space 873984K, 1% used [0x0000000080000000,0x0000000080d76998,0x00000000b5580000)
 Metaspace       used 34791K, capacity 35148K, committed 35416K, reserved 1081344K
  class space    used 3962K, capacity 4060K, committed 4096K, reserved 1048576K
Event: 4.201 GC heap after
Heap after GC invocations=4 (full 2):
 PSYoungGen      total 611840K, used 0K [0x00000000d5580000, 0x0000000100000000, 0x0000000100000000)
  eden space 524800K, 0% used [0x00000000d5580000,0x00000000d5580000,0x00000000f5600000)
  from space 87040K, 0% used [0x00000000fab00000,0x00000000fab00000,0x0000000100000000)
  to   space 87040K, 0% used [0x00000000f5600000,0x00000000f5600000,0x00000000fab00000)
 ParOldGen       total 1398272K, used 23681K [0x0000000080000000, 0x00000000d5580000, 0x00000000d5580000)
  object space 1398272K, 1% used [0x0000000080000000,0x0000000081720508,0x00000000d5580000)
 Metaspace       used 34791K, capacity 35148K, committed 35416K, reserved 1081344K
  class space    used 3962K, capacity 4060K, committed 4096K, reserved 1048576K
}
Event: 10.504 GC heap before
{Heap before GC invocations=5 (full 2):
 PSYoungGen      total 611840K, used 314098K [0x00000000d5580000, 0x0000000100000000, 0x0000000100000000)
  eden space 524800K, 59% used [0x00000000d5580000,0x00000000e883cbc0,0x00000000f5600000)
  from space 87040K, 0% used [0x00000000fab00000,0x00000000fab00000,0x0000000100000000)
  to   space 87040K, 0% used [0x00000000f5600000,0x00000000f5600000,0x00000000fab00000)
 ParOldGen       total 1398272K, used 23681K [0x0000000080000000, 0x00000000d5580000, 0x00000000d5580000)
  object space 1398272K, 1% used [0x0000000080000000,0x0000000081720508,0x00000000d5580000)
 Metaspace       used 57446K, capacity 58846K, committed 59008K, reserved 1101824K
  class space    used 6688K, capacity 6967K, committed 7040K, reserved 1048576K
Event: 10.558 GC heap after
Heap after GC invocations=5 (full 2):
 PSYoungGen      total 611840K, used 26972K [0x00000000d5580000, 0x0000000100000000, 0x0000000100000000)
  eden space 524800K, 0% used [0x00000000d5580000,0x00000000d5580000,0x00000000f5600000)
  from space 87040K, 30% used [0x00000000f5600000,0x00000000f7057370,0x00000000fab00000)
  to   space 87040K, 0% used [0x00000000fab00000,0x00000000fab00000,0x0000000100000000)
 ParOldGen       total 1398272K, used 23689K [0x0000000080000000, 0x00000000d5580000, 0x00000000d5580000)
  object space 1398272K, 1% used [0x0000000080000000,0x0000000081722508,0x00000000d5580000)
 Metaspace       used 57446K, capacity 58846K, committed 59008K, reserved 1101824K
  class space    used 6688K, capacity 6967K, committed 7040K, reserved 1048576K
}
Event: 10.558 GC heap before
{Heap before GC invocations=6 (full 3):
 PSYoungGen      total 611840K, used 26972K [0x00000000d5580000, 0x0000000100000000, 0x0000000100000000)
  eden space 524800K, 0% used [0x00000000d5580000,0x00000000d5580000,0x00000000f5600000)
  from space 87040K, 30% used [0x00000000f5600000,0x00000000f7057370,0x00000000fab00000)
  to   space 87040K, 0% used [0x00000000fab00000,0x00000000fab00000,0x0000000100000000)
 ParOldGen       total 1398272K, used 23689K [0x0000000080000000, 0x00000000d5580000, 0x00000000d5580000)
  object space 1398272K, 1% used [0x0000000080000000,0x0000000081722508,0x00000000d5580000)
 Metaspace       used 57446K, capacity 58846K, committed 59008K, reserved 1101824K
  class space    used 6688K, capacity 6967K, committed 7040K, reserved 1048576K
Event: 10.800 GC heap after
Heap after GC invocations=6 (full 3):
 PSYoungGen      total 611840K, used 0K [0x00000000d5580000, 0x0000000100000000, 0x0000000100000000)
  eden space 524800K, 0% used [0x00000000d5580000,0x00000000d5580000,0x00000000f5600000)
  from space 87040K, 0% used [0x00000000f5600000,0x00000000f5600000,0x00000000fab00000)
  to   space 87040K, 0% used [0x00000000fab00000,0x00000000fab00000,0x0000000100000000)
 ParOldGen       total 1398272K, used 37834K [0x0000000080000000, 0x00000000d5580000, 0x00000000d5580000)
  object space 1398272K, 2% used [0x0000000080000000,0x00000000824f2a80,0x00000000d5580000)
 Metaspace       used 57441K, capacity 58834K, committed 59008K, reserved 1101824K
  class space    used 6685K, capacity 6963K, committed 7040K, reserved 1048576K
}

