# JRE version: OpenJDK Runtime Environment (8.0_212-b04) (build 1.8.0_212-b04)
# Java VM: OpenJDK 64-Bit Server VM (25.212-b04 mixed mode linux-amd64 compressed oops)
Heap:
 PSYoungGen      total 585216K, used 383044K [0x00000000d5580000, 0x00000000ffb00000, 0x0000000100000000)
  eden space 524800K, 61% used [0x00000000d5580000,0x00000000e90e5cd8,0x00000000f5600000)
  from space 60416K, 99% used [0x00000000f5600000,0x00000000f90ab4f0,0x00000000f9100000)
  to   space 84480K, 0% used [0x00000000fa880000,0x00000000fa880000,0x00000000ffb00000)
 ParOldGen       total 1398272K, used 41465K [0x0000000080000000, 0x00000000d5580000, 0x00000000d5580000)
  object space 1398272K, 2% used [0x0000000080000000,0x000000008287e618,0x00000000d5580000)
 Metaspace       used 70121K, capacity 73338K, committed 73600K, reserved 1114112K
  class space    used 7752K, capacity 8313K, committed 8320K, reserved 1048576K
GC Heap History (10 events):
Event: 4.043 GC heap before
{Heap before GC invocations=4 (full 2):
 PSYoungGen      total 611840K, used 19199K [0x00000000d5580000, 0x0000000100000000, 0x0000000100000000)
  eden space 524800K, 0% used [0x00000000d5580000,0x00000000d5580000,0x00000000f5600000)
  from space 87040K, 22% used [0x00000000fab00000,0x00000000fbdbfde0,0x0000000100000000)
  to   space 87040K, 0% used [0x00000000f5600000,0x00000000f5600000,0x00000000fab00000)
 ParOldGen       total 905728K, used 13775K [0x0000000080000000, 0x00000000b7480000, 0x00000000d5580000)
  object space 905728K, 1% used [0x0000000080000000,0x0000000080d73dc8,0x00000000b7480000)
 Metaspace       used 34798K, capacity 35188K, committed 35416K, reserved 1081344K
  class space    used 3971K, capacity 4092K, committed 4096K, reserved 1048576K
Event: 4.139 GC heap after
Heap after GC invocations=4 (full 2):
 PSYoungGen      total 611840K, used 0K [0x00000000d5580000, 0x0000000100000000, 0x0000000100000000)
  eden space 524800K, 0% used [0x00000000d5580000,0x00000000d5580000,0x00000000f5600000)
  from space 87040K, 0% used [0x00000000fab00000,0x00000000fab00000,0x0000000100000000)
  to   space 87040K, 0% used [0x00000000f5600000,0x00000000f5600000,0x00000000fab00000)
 ParOldGen       total 1398272K, used 23494K [0x0000000080000000, 0x00000000d5580000, 0x00000000d5580000)
  object space 1398272K, 1% used [0x0000000080000000,0x00000000816f1920,0x00000000d5580000)
 Metaspace       used 34798K, capacity 35188K, committed 35416K, reserved 1081344K
  class space    used 3971K, capacity 4092K, committed 4096K, reserved 1048576K
}
Event: 10.359 GC heap before
{Heap before GC invocations=5 (full 2):
 PSYoungGen      total 611840K, used 484383K [0x00000000d5580000, 0x0000000100000000, 0x0000000100000000)
  eden space 524800K, 92% used [0x00000000d5580000,0x00000000f2e87d90,0x00000000f5600000)
  from space 87040K, 0% used [0x00000000fab00000,0x00000000fab00000,0x0000000100000000)
  to   space 87040K, 0% used [0x00000000f5600000,0x00000000f5600000,0x00000000fab00000)
 ParOldGen       total 1398272K, used 23494K [0x0000000080000000, 0x00000000d5580000, 0x00000000d5580000)
  object space 1398272K, 1% used [0x0000000080000000,0x00000000816f1920,0x00000000d5580000)
 Metaspace       used 57403K, capacity 58834K, committed 59008K, reserved 1101824K
  class space    used 6657K, capacity 6945K, committed 7040K, reserved 1048576K
Event: 10.407 GC heap after
Heap after GC invocations=5 (full 2):
 PSYoungGen      total 611840K, used 30895K [0x00000000d5580000, 0x0000000100000000, 0x0000000100000000)
  eden space 524800K, 0% used [0x00000000d5580000,0x00000000d5580000,0x00000000f5600000)
  from space 87040K, 35% used [0x00000000f5600000,0x00000000f742bfc8,0x00000000fab00000)
  to   space 87040K, 0% used [0x00000000fab00000,0x00000000fab00000,0x0000000100000000)
 ParOldGen       total 1398272K, used 23502K [0x0000000080000000, 0x00000000d5580000, 0x00000000d5580000)
  object space 1398272K, 1% used [0x0000000080000000,0x00000000816f3920,0x00000000d5580000)
 Metaspace       used 57403K, capacity 58834K, committed 59008K, reserved 1101824K
  class space    used 6657K, capacity 6945K, committed 7040K, reserved 1048576K
}
Event: 10.407 GC heap before
{Heap before GC invocations=6 (full 3):
 PSYoungGen      total 611840K, used 30895K [0x00000000d5580000, 0x0000000100000000, 0x0000000100000000)
  eden space 524800K, 0% used [0x00000000d5580000,0x00000000d5580000,0x00000000f5600000)
  from space 87040K, 35% used [0x00000000f5600000,0x00000000f742bfc8,0x00000000fab00000)
  to   space 87040K, 0% used [0x00000000fab00000,0x00000000fab00000,0x0000000100000000)
 ParOldGen       total 1398272K, used 23502K [0x0000000080000000, 0x00000000d5580000, 0x00000000d5580000)
  object space 1398272K, 1% used [0x0000000080000000,0x00000000816f3920,0x00000000d5580000)
 Metaspace       used 57403K, capacity 58834K, committed 59008K, reserved 1101824K
  class space    used 6657K, capacity 6945K, committed 7040K, reserved 1048576K
Event: 10.653 GC heap after
Heap after GC invocations=6 (full 3):
 PSYoungGen      total 611840K, used 0K [0x00000000d5580000, 0x0000000100000000, 0x0000000100000000)
  eden space 524800K, 0% used [0x00000000d5580000,0x00000000d5580000,0x00000000f5600000)
  from space 87040K, 0% used [0x00000000f5600000,0x00000000f5600000,0x00000000fab00000)
  to   space 87040K, 0% used [0x00000000fab00000,0x00000000fab00000,0x0000000100000000)
 ParOldGen       total 1398272K, used 41449K [0x0000000080000000, 0x00000000d5580000, 0x00000000d5580000)
  object space 1398272K, 2% used [0x0000000080000000,0x000000008287a618,0x00000000d5580000)
 Metaspace       used 57359K, capacity 58724K, committed 59008K, reserved 1101824K
  class space    used 6641K, capacity 6918K, committed 7040K, reserved 1048576K
}
Event: 66.501 GC heap before
{Heap before GC invocations=7 (full 3):
 PSYoungGen      total 611840K, used 524800K [0x00000000d5580000, 0x0000000100000000, 0x0000000100000000)
  eden space 524800K, 100% used [0x00000000d5580000,0x00000000f5600000,0x00000000f5600000)
  from space 87040K, 0% used [0x00000000f5600000,0x00000000f5600000,0x00000000fab00000)
  to   space 87040K, 0% used [0x00000000fab00000,0x00000000fab00000,0x0000000100000000)
 ParOldGen       total 1398272K, used 41449K [0x0000000080000000, 0x00000000d5580000, 0x00000000d5580000)
  object space 1398272K, 2% used [0x0000000080000000,0x000000008287a618,0x00000000d5580000)
 Metaspace       used 66995K, capacity 69872K, committed 70144K, reserved 1112064K
  class space    used 7593K, capacity 8104K, committed 8192K, reserved 1048576K
Event: 66.668 GC heap after
Heap after GC invocations=7 (full 3):
 PSYoungGen      total 611840K, used 76962K [0x00000000d5580000, 0x0000000100000000, 0x0000000100000000)
  eden space 524800K, 0% used [0x00000000d5580000,0x00000000d5580000,0x00000000f5600000)
  from space 87040K, 88% used [0x00000000fab00000,0x00000000ff628a20,0x0000000100000000)
  to   space 87040K, 0% used [0x00000000f5600000,0x00000000f5600000,0x00000000fab00000)
 ParOldGen       total 1398272K, used 41457K [0x0000000080000000, 0x00000000d5580000, 0x00000000d5580000)
  object space 1398272K, 2% used [0x0000000080000000,0x000000008287c618,0x00000000d5580000)
 Metaspace       used 66995K, capacity 69872K, committed 70144K, reserved 1112064K
  class space    used 7593K, capacity 8104K, committed 8192K, reserved 1048576K
}
Event: 188.978 GC heap before
{Heap before GC invocations=8 (full 3):
 PSYoungGen      total 611840K, used 601762K [0x00000000d5580000, 0x0000000100000000, 0x0000000100000000)
  eden space 524800K, 100% used [0x00000000d5580000,0x00000000f5600000,0x00000000f5600000)
  from space 87040K, 88% used [0x00000000fab00000,0x00000000ff628a20,0x0000000100000000)
  to   space 87040K, 0% used [0x00000000f5600000,0x00000000f5600000,0x00000000fab00000)
 ParOldGen       total 1398272K, used 41457K [0x0000000080000000, 0x00000000d5580000, 0x00000000d5580000)
  object space 1398272K, 2% used [0x0000000080000000,0x000000008287c618,0x00000000d5580000)
 Metaspace       used 68915K, capacity 71984K, committed 72320K, reserved 1114112K
  class space    used 7658K, capacity 8206K, committed 8320K, reserved 1048576K
Event: 189.149 GC heap after
Heap after GC invocations=8 (full 3):
 PSYoungGen      total 585216K, used 60077K [0x00000000d5580000, 0x00000000ffb00000, 0x0000000100000000)
  eden space 524800K, 0% used [0x00000000d5580000,0x00000000d5580000,0x00000000f5600000)
  from space 60416K, 99% used [0x00000000f5600000,0x00000000f90ab4f0,0x00000000f9100000)
  to   space 84480K, 0% used [0x00000000fa880000,0x00000000fa880000,0x00000000ffb00000)
 ParOldGen       total 1398272K, used 41465K [0x0000000080000000, 0x00000000d5580000, 0x00000000d5580000)
  object space 1398272K, 2% used [0x0000000080000000,0x000000008287e618,0x00000000d5580000)
 Metaspace       used 68915K, capacity 71984K, committed 72320K, reserved 1114112K
  class space    used 7658K, capacity 8206K, committed 8320K, reserved 1048576K
}

