# JRE version: OpenJDK Runtime Environment (8.0_212-b04) (build 1.8.0_212-b04)
# Java VM: OpenJDK 64-Bit Server VM (25.212-b04 mixed mode linux-amd64 compressed oops)
Heap:
 PSYoungGen      total 537600K, used 462837K [0x00000000d5580000, 0x0000000100000000, 0x0000000100000000)
  eden space 448000K, 83% used [0x00000000d5580000,0x00000000ec2035a0,0x00000000f0b00000)
  from space 89600K, 99% used [0x00000000fa880000,0x00000000ffffa168,0x0000000100000000)
  to   space 125440K, 0% used [0x00000000f0b00000,0x00000000f0b00000,0x00000000f8580000)
 ParOldGen       total 1398272K, used 73867K [0x0000000080000000, 0x00000000d5580000, 0x00000000d5580000)
  object space 1398272K, 5% used [0x0000000080000000,0x0000000084822cb0,0x00000000d5580000)
 Metaspace       used 66746K, capacity 70150K, committed 70400K, reserved 1112064K
  class space    used 7554K, capacity 8133K, committed 8192K, reserved 1048576K
GC Heap History (10 events):
Event: 11.556 GC heap before
{Heap before GC invocations=5 (full 2):
 PSYoungGen      total 611840K, used 510692K [0x00000000d5580000, 0x0000000100000000, 0x0000000100000000)
  eden space 524800K, 97% used [0x00000000d5580000,0x00000000f4839380,0x00000000f5600000)
  from space 87040K, 0% used [0x00000000fab00000,0x00000000fab00000,0x0000000100000000)
  to   space 87040K, 0% used [0x00000000f5600000,0x00000000f5600000,0x00000000fab00000)
 ParOldGen       total 1398272K, used 23534K [0x0000000080000000, 0x00000000d5580000, 0x00000000d5580000)
  object space 1398272K, 1% used [0x0000000080000000,0x00000000816fbac0,0x00000000d5580000)
 Metaspace       used 57572K, capacity 58930K, committed 59028K, reserved 1101824K
  class space    used 6639K, capacity 6897K, committed 6912K, reserved 1048576K
Event: 11.660 GC heap after
Heap after GC invocations=5 (full 2):
 PSYoungGen      total 611840K, used 34078K [0x00000000d5580000, 0x0000000100000000, 0x0000000100000000)
  eden space 524800K, 0% used [0x00000000d5580000,0x00000000d5580000,0x00000000f5600000)
  from space 87040K, 39% used [0x00000000f5600000,0x00000000f77479f0,0x00000000fab00000)
  to   space 87040K, 0% used [0x00000000fab00000,0x00000000fab00000,0x0000000100000000)
 ParOldGen       total 1398272K, used 23542K [0x0000000080000000, 0x00000000d5580000, 0x00000000d5580000)
  object space 1398272K, 1% used [0x0000000080000000,0x00000000816fdac0,0x00000000d5580000)
 Metaspace       used 57572K, capacity 58930K, committed 59028K, reserved 1101824K
  class space    used 6639K, capacity 6897K, committed 6912K, reserved 1048576K
}
Event: 11.660 GC heap before
{Heap before GC invocations=6 (full 3):
 PSYoungGen      total 611840K, used 34078K [0x00000000d5580000, 0x0000000100000000, 0x0000000100000000)
  eden space 524800K, 0% used [0x00000000d5580000,0x00000000d5580000,0x00000000f5600000)
  from space 87040K, 39% used [0x00000000f5600000,0x00000000f77479f0,0x00000000fab00000)
  to   space 87040K, 0% used [0x00000000fab00000,0x00000000fab00000,0x0000000100000000)
 ParOldGen       total 1398272K, used 23542K [0x0000000080000000, 0x00000000d5580000, 0x00000000d5580000)
  object space 1398272K, 1% used [0x0000000080000000,0x00000000816fdac0,0x00000000d5580000)
 Metaspace       used 57572K, capacity 58930K, committed 59028K, reserved 1101824K
  class space    used 6639K, capacity 6897K, committed 6912K, reserved 1048576K
Event: 11.910 GC heap after
Heap after GC invocations=6 (full 3):
 PSYoungGen      total 611840K, used 0K [0x00000000d5580000, 0x0000000100000000, 0x0000000100000000)
  eden space 524800K, 0% used [0x00000000d5580000,0x00000000d5580000,0x00000000f5600000)
  from space 87040K, 0% used [0x00000000f5600000,0x00000000f5600000,0x00000000fab00000)
  to   space 87040K, 0% used [0x00000000fab00000,0x00000000fab00000,0x0000000100000000)
 ParOldGen       total 1398272K, used 44531K [0x0000000080000000, 0x00000000d5580000, 0x00000000d5580000)
  object space 1398272K, 3% used [0x0000000080000000,0x0000000082b7cca0,0x00000000d5580000)
 Metaspace       used 57542K, capacity 58856K, committed 59028K, reserved 1101824K
  class space    used 6630K, capacity 6880K, committed 6912K, reserved 1048576K
}
Event: 25.708 GC heap before
{Heap before GC invocations=7 (full 3):
 PSYoungGen      total 611840K, used 491085K [0x00000000d5580000, 0x0000000100000000, 0x0000000100000000)
  eden space 524800K, 93% used [0x00000000d5580000,0x00000000f3513740,0x00000000f5600000)
  from space 87040K, 0% used [0x00000000f5600000,0x00000000f5600000,0x00000000fab00000)
  to   space 87040K, 0% used [0x00000000fab00000,0x00000000fab00000,0x0000000100000000)
 ParOldGen       total 1398272K, used 44531K [0x0000000080000000, 0x00000000d5580000, 0x00000000d5580000)
  object space 1398272K, 3% used [0x0000000080000000,0x0000000082b7cca0,0x00000000d5580000)
 Metaspace       used 65150K, capacity 68232K, committed 68480K, reserved 1110016K
  class space    used 7478K, capacity 8016K, committed 8064K, reserved 1048576K
Event: 25.790 GC heap after
Heap after GC invocations=7 (full 3):
 PSYoungGen      total 611840K, used 58539K [0x00000000d5580000, 0x0000000100000000, 0x0000000100000000)
  eden space 524800K, 0% used [0x00000000d5580000,0x00000000d5580000,0x00000000f5600000)
  from space 87040K, 67% used [0x00000000fab00000,0x00000000fe42aef0,0x0000000100000000)
  to   space 87040K, 0% used [0x00000000f5600000,0x00000000f5600000,0x00000000fab00000)
 ParOldGen       total 1398272K, used 44531K [0x0000000080000000, 0x00000000d5580000, 0x00000000d5580000)
  object space 1398272K, 3% used [0x0000000080000000,0x0000000082b7cca0,0x00000000d5580000)
 Metaspace       used 65150K, capacity 68232K, committed 68480K, reserved 1110016K
  class space    used 7478K, capacity 8016K, committed 8064K, reserved 1048576K
}
Event: 31.578 GC heap before
{Heap before GC invocations=8 (full 3):
 PSYoungGen      total 611840K, used 583339K [0x00000000d5580000, 0x0000000100000000, 0x0000000100000000)
  eden space 524800K, 100% used [0x00000000d5580000,0x00000000f5600000,0x00000000f5600000)
  from space 87040K, 67% used [0x00000000fab00000,0x00000000fe42aef0,0x0000000100000000)
  to   space 87040K, 0% used [0x00000000f5600000,0x00000000f5600000,0x00000000fab00000)
 ParOldGen       total 1398272K, used 44531K [0x0000000080000000, 0x00000000d5580000, 0x00000000d5580000)
  object space 1398272K, 3% used [0x0000000080000000,0x0000000082b7cca0,0x00000000d5580000)
 Metaspace       used 66093K, capacity 69380K, committed 69632K, reserved 1110016K
  class space    used 7532K, capacity 8100K, committed 8192K, reserved 1048576K
Event: 31.680 GC heap after
Heap after GC invocations=8 (full 3):
 PSYoungGen      total 605184K, used 80058K [0x00000000d5580000, 0x0000000100000000, 0x0000000100000000)
  eden space 524800K, 0% used [0x00000000d5580000,0x00000000d5580000,0x00000000f5600000)
  from space 80384K, 99% used [0x00000000f5600000,0x00000000fa42e908,0x00000000fa480000)
  to   space 89600K, 0% used [0x00000000fa880000,0x00000000fa880000,0x0000000100000000)
 ParOldGen       total 1398272K, used 44539K [0x0000000080000000, 0x00000000d5580000, 0x00000000d5580000)
  object space 1398272K, 3% used [0x0000000080000000,0x0000000082b7eca0,0x00000000d5580000)
 Metaspace       used 66093K, capacity 69380K, committed 69632K, reserved 1110016K
  class space    used 7532K, capacity 8100K, committed 8192K, reserved 1048576K
}
Event: 34.937 GC heap before
{Heap before GC invocations=9 (full 3):
 PSYoungGen      total 605184K, used 575329K [0x00000000d5580000, 0x0000000100000000, 0x0000000100000000)
  eden space 524800K, 94% used [0x00000000d5580000,0x00000000f3929c28,0x00000000f5600000)
  from space 80384K, 99% used [0x00000000f5600000,0x00000000fa42e908,0x00000000fa480000)
  to   space 89600K, 0% used [0x00000000fa880000,0x00000000fa880000,0x0000000100000000)
 ParOldGen       total 1398272K, used 44539K [0x0000000080000000, 0x00000000d5580000, 0x00000000d5580000)
  object space 1398272K, 3% used [0x0000000080000000,0x0000000082b7eca0,0x00000000d5580000)
 Metaspace       used 66648K, capacity 70074K, committed 70144K, reserved 1112064K
  class space    used 7550K, capacity 8131K, committed 8192K, reserved 1048576K
Event: 35.017 GC heap after
Heap after GC invocations=9 (full 3):
 PSYoungGen      total 537600K, used 89576K [0x00000000d5580000, 0x0000000100000000, 0x0000000100000000)
  eden space 448000K, 0% used [0x00000000d5580000,0x00000000d5580000,0x00000000f0b00000)
  from space 89600K, 99% used [0x00000000fa880000,0x00000000ffffa168,0x0000000100000000)
  to   space 125440K, 0% used [0x00000000f0b00000,0x00000000f0b00000,0x00000000f8580000)
 ParOldGen       total 1398272K, used 73867K [0x0000000080000000, 0x00000000d5580000, 0x00000000d5580000)
  object space 1398272K, 5% used [0x0000000080000000,0x0000000084822cb0,0x00000000d5580000)
 Metaspace       used 66648K, capacity 70074K, committed 70144K, reserved 1112064K
  class space    used 7550K, capacity 8131K, committed 8192K, reserved 1048576K
}

