# JRE version: OpenJDK Runtime Environment (8.0_212-b04) (build 1.8.0_212-b04)
# Java VM: OpenJDK 64-Bit Server VM (25.212-b04 mixed mode linux-amd64 compressed oops)
Heap:
 PSYoungGen      total 611840K, used 55104K [0x00000000d5580000, 0x0000000100000000, 0x0000000100000000)
  eden space 524800K, 10% used [0x00000000d5580000,0x00000000d8b50198,0x00000000f5600000)
  from space 87040K, 0% used [0x00000000f5600000,0x00000000f5600000,0x00000000fab00000)
  to   space 87040K, 0% used [0x00000000fab00000,0x00000000fab00000,0x0000000100000000)
 ParOldGen       total 863744K, used 17051K [0x0000000080000000, 0x00000000b4b80000, 0x00000000d5580000)
  object space 863744K, 1% used [0x0000000080000000,0x00000000810a6ca8,0x00000000b4b80000)
 Metaspace       used 22547K, capacity 22856K, committed 23296K, reserved 1069056K
  class space    used 2604K, capacity 2706K, committed 2816K, reserved 1048576K
GC Heap History (4 events):
Event: 2.052 GC heap before
{Heap before GC invocations=1 (full 0):
 PSYoungGen      total 611840K, used 209927K [0x00000000d5580000, 0x0000000100000000, 0x0000000100000000)
  eden space 524800K, 40% used [0x00000000d5580000,0x00000000e2281d48,0x00000000f5600000)
  from space 87040K, 0% used [0x00000000fab00000,0x00000000fab00000,0x0000000100000000)
  to   space 87040K, 0% used [0x00000000f5600000,0x00000000f5600000,0x00000000fab00000)
 ParOldGen       total 1398272K, used 0K [0x0000000080000000, 0x00000000d5580000, 0x00000000d5580000)
  object space 1398272K, 0% used [0x0000000080000000,0x0000000080000000,0x00000000d5580000)
 Metaspace       used 20748K, capacity 21002K, committed 21248K, reserved 1069056K
  class space    used 2404K, capacity 2495K, committed 2560K, reserved 1048576K
Event: 2.120 GC heap after
Heap after GC invocations=1 (full 0):
 PSYoungGen      total 611840K, used 17696K [0x00000000d5580000, 0x0000000100000000, 0x0000000100000000)
  eden space 524800K, 0% used [0x00000000d5580000,0x00000000d5580000,0x00000000f5600000)
  from space 87040K, 20% used [0x00000000f5600000,0x00000000f6748158,0x00000000fab00000)
  to   space 87040K, 0% used [0x00000000fab00000,0x00000000fab00000,0x0000000100000000)
 ParOldGen       total 1398272K, used 8K [0x0000000080000000, 0x00000000d5580000, 0x00000000d5580000)
  object space 1398272K, 0% used [0x0000000080000000,0x0000000080002000,0x00000000d5580000)
 Metaspace       used 20748K, capacity 21002K, committed 21248K, reserved 1069056K
  class space    used 2404K, capacity 2495K, committed 2560K, reserved 1048576K
}
Event: 2.120 GC heap before
{Heap before GC invocations=2 (full 1):
 PSYoungGen      total 611840K, used 17696K [0x00000000d5580000, 0x0000000100000000, 0x0000000100000000)
  eden space 524800K, 0% used [0x00000000d5580000,0x00000000d5580000,0x00000000f5600000)
  from space 87040K, 20% used [0x00000000f5600000,0x00000000f6748158,0x00000000fab00000)
  to   space 87040K, 0% used [0x00000000fab00000,0x00000000fab00000,0x0000000100000000)
 ParOldGen       total 1398272K, used 8K [0x0000000080000000, 0x00000000d5580000, 0x00000000d5580000)
  object space 1398272K, 0% used [0x0000000080000000,0x0000000080002000,0x00000000d5580000)
 Metaspace       used 20748K, capacity 21002K, committed 21248K, reserved 1069056K
  class space    used 2404K, capacity 2495K, committed 2560K, reserved 1048576K
Event: 2.233 GC heap after
Heap after GC invocations=2 (full 1):
 PSYoungGen      total 611840K, used 0K [0x00000000d5580000, 0x0000000100000000, 0x0000000100000000)
  eden space 524800K, 0% used [0x00000000d5580000,0x00000000d5580000,0x00000000f5600000)
  from space 87040K, 0% used [0x00000000f5600000,0x00000000f5600000,0x00000000fab00000)
  to   space 87040K, 0% used [0x00000000fab00000,0x00000000fab00000,0x0000000100000000)
 ParOldGen       total 863744K, used 17051K [0x0000000080000000, 0x00000000b4b80000, 0x00000000d5580000)
  object space 863744K, 1% used [0x0000000080000000,0x00000000810a6ca8,0x00000000b4b80000)
 Metaspace       used 20748K, capacity 21002K, committed 21248K, reserved 1069056K
  class space    used 2404K, capacity 2495K, committed 2560K, reserved 1048576K
}

