# JRE version: OpenJDK Runtime Environment (8.0_212-b04) (build 1.8.0_212-b04)
# Java VM: OpenJDK 64-Bit Server VM (25.212-b04 mixed mode linux-amd64 compressed oops)
Heap:
 PSYoungGen      total 611840K, used 165383K [0x00000000d5580000, 0x0000000100000000, 0x0000000100000000)
  eden space 524800K, 31% used [0x00000000d5580000,0x00000000df701df0,0x00000000f5600000)
  from space 87040K, 0% used [0x00000000f5600000,0x00000000f5600000,0x00000000fab00000)
  to   space 87040K, 0% used [0x00000000fab00000,0x00000000fab00000,0x0000000100000000)
 ParOldGen       total 1398272K, used 40247K [0x0000000080000000, 0x00000000d5580000, 0x00000000d5580000)
  object space 1398272K, 2% used [0x0000000080000000,0x000000008274dcd0,0x00000000d5580000)
 Metaspace       used 63757K, capacity 66238K, committed 66560K, reserved 1107968K
  class space    used 7379K, capacity 7844K, committed 7936K, reserved 1048576K
GC Heap History (10 events):
Event: 2.227 GC heap before
{Heap before GC invocations=2 (full 1):
 PSYoungGen      total 611840K, used 14346K [0x00000000d5580000, 0x0000000100000000, 0x0000000100000000)
  eden space 524800K, 0% used [0x00000000d5580000,0x00000000d5580000,0x00000000f5600000)
  from space 87040K, 16% used [0x00000000f5600000,0x00000000f64029f8,0x00000000fab00000)
  to   space 87040K, 0% used [0x00000000fab00000,0x00000000fab00000,0x0000000100000000)
 ParOldGen       total 1398272K, used 72K [0x0000000080000000, 0x00000000d5580000, 0x00000000d5580000)
  object space 1398272K, 0% used [0x0000000080000000,0x0000000080012010,0x00000000d5580000)
 Metaspace       used 20771K, capacity 21016K, committed 21248K, reserved 1069056K
  class space    used 2348K, capacity 2451K, committed 2560K, reserved 1048576K
Event: 2.298 GC heap after
Heap after GC invocations=2 (full 1):
 PSYoungGen      total 611840K, used 0K [0x00000000d5580000, 0x0000000100000000, 0x0000000100000000)
  eden space 524800K, 0% used [0x00000000d5580000,0x00000000d5580000,0x00000000f5600000)
  from space 87040K, 0% used [0x00000000f5600000,0x00000000f5600000,0x00000000fab00000)
  to   space 87040K, 0% used [0x00000000fab00000,0x00000000fab00000,0x0000000100000000)
 ParOldGen       total 868352K, used 13777K [0x0000000080000000, 0x00000000b5000000, 0x00000000d5580000)
  object space 868352K, 1% used [0x0000000080000000,0x0000000080d746d8,0x00000000b5000000)
 Metaspace       used 20771K, capacity 21016K, committed 21248K, reserved 1069056K
  class space    used 2348K, capacity 2451K, committed 2560K, reserved 1048576K
}
Event: 4.733 GC heap before
{Heap before GC invocations=3 (full 1):
 PSYoungGen      total 611840K, used 409351K [0x00000000d5580000, 0x0000000100000000, 0x0000000100000000)
  eden space 524800K, 78% used [0x00000000d5580000,0x00000000ee541d30,0x00000000f5600000)
  from space 87040K, 0% used [0x00000000f5600000,0x00000000f5600000,0x00000000fab00000)
  to   space 87040K, 0% used [0x00000000fab00000,0x00000000fab00000,0x0000000100000000)
 ParOldGen       total 868352K, used 13777K [0x0000000080000000, 0x00000000b5000000, 0x00000000d5580000)
  object space 868352K, 1% used [0x0000000080000000,0x0000000080d746d8,0x00000000b5000000)
 Metaspace       used 34713K, capacity 35204K, committed 35416K, reserved 1081344K
  class space    used 3958K, capacity 4096K, committed 4096K, reserved 1048576K
Event: 4.772 GC heap after
Heap after GC invocations=3 (full 1):
 PSYoungGen      total 611840K, used 18545K [0x00000000d5580000, 0x0000000100000000, 0x0000000100000000)
  eden space 524800K, 0% used [0x00000000d5580000,0x00000000d5580000,0x00000000f5600000)
  from space 87040K, 21% used [0x00000000fab00000,0x00000000fbd1c558,0x0000000100000000)
  to   space 87040K, 0% used [0x00000000f5600000,0x00000000f5600000,0x00000000fab00000)
 ParOldGen       total 868352K, used 13777K [0x0000000080000000, 0x00000000b5000000, 0x00000000d5580000)
  object space 868352K, 1% used [0x0000000080000000,0x0000000080d746d8,0x00000000b5000000)
 Metaspace       used 34713K, capacity 35204K, committed 35416K, reserved 1081344K
  class space    used 3958K, capacity 4096K, committed 4096K, reserved 1048576K
}
Event: 4.772 GC heap before
{Heap before GC invocations=4 (full 2):
 PSYoungGen      total 611840K, used 18545K [0x00000000d5580000, 0x0000000100000000, 0x0000000100000000)
  eden space 524800K, 0% used [0x00000000d5580000,0x00000000d5580000,0x00000000f5600000)
  from space 87040K, 21% used [0x00000000fab00000,0x00000000fbd1c558,0x0000000100000000)
  to   space 87040K, 0% used [0x00000000f5600000,0x00000000f5600000,0x00000000fab00000)
 ParOldGen       total 868352K, used 13777K [0x0000000080000000, 0x00000000b5000000, 0x00000000d5580000)
  object space 868352K, 1% used [0x0000000080000000,0x0000000080d746d8,0x00000000b5000000)
 Metaspace       used 34713K, capacity 35204K, committed 35416K, reserved 1081344K
  class space    used 3958K, capacity 4096K, committed 4096K, reserved 1048576K
Event: 4.860 GC heap after
Heap after GC invocations=4 (full 2):
 PSYoungGen      total 611840K, used 0K [0x00000000d5580000, 0x0000000100000000, 0x0000000100000000)
  eden space 524800K, 0% used [0x00000000d5580000,0x00000000d5580000,0x00000000f5600000)
  from space 87040K, 0% used [0x00000000fab00000,0x00000000fab00000,0x0000000100000000)
  to   space 87040K, 0% used [0x00000000f5600000,0x00000000f5600000,0x00000000fab00000)
 ParOldGen       total 1398272K, used 22858K [0x0000000080000000, 0x00000000d5580000, 0x00000000d5580000)
  object space 1398272K, 1% used [0x0000000080000000,0x0000000081652b70,0x00000000d5580000)
 Metaspace       used 34713K, capacity 35204K, committed 35416K, reserved 1081344K
  class space    used 3958K, capacity 4096K, committed 4096K, reserved 1048576K
}
Event: 11.904 GC heap before
{Heap before GC invocations=5 (full 2):
 PSYoungGen      total 611840K, used 403768K [0x00000000d5580000, 0x0000000100000000, 0x0000000100000000)
  eden space 524800K, 76% used [0x00000000d5580000,0x00000000edfce2d8,0x00000000f5600000)
  from space 87040K, 0% used [0x00000000fab00000,0x00000000fab00000,0x0000000100000000)
  to   space 87040K, 0% used [0x00000000f5600000,0x00000000f5600000,0x00000000fab00000)
 ParOldGen       total 1398272K, used 22858K [0x0000000080000000, 0x00000000d5580000, 0x00000000d5580000)
  object space 1398272K, 1% used [0x0000000080000000,0x0000000081652b70,0x00000000d5580000)
 Metaspace       used 57209K, capacity 58782K, committed 59008K, reserved 1101824K
  class space    used 6635K, capacity 6928K, committed 7040K, reserved 1048576K
Event: 11.973 GC heap after
Heap after GC invocations=5 (full 2):
 PSYoungGen      total 611840K, used 29957K [0x00000000d5580000, 0x0000000100000000, 0x0000000100000000)
  eden space 524800K, 0% used [0x00000000d5580000,0x00000000d5580000,0x00000000f5600000)
  from space 87040K, 34% used [0x00000000f5600000,0x00000000f7341610,0x00000000fab00000)
  to   space 87040K, 0% used [0x00000000fab00000,0x00000000fab00000,0x0000000100000000)
 ParOldGen       total 1398272K, used 22866K [0x0000000080000000, 0x00000000d5580000, 0x00000000d5580000)
  object space 1398272K, 1% used [0x0000000080000000,0x0000000081654b70,0x00000000d5580000)
 Metaspace       used 57209K, capacity 58782K, committed 59008K, reserved 1101824K
  class space    used 6635K, capacity 6928K, committed 7040K, reserved 1048576K
}
Event: 11.973 GC heap before
{Heap before GC invocations=6 (full 3):
 PSYoungGen      total 611840K, used 29957K [0x00000000d5580000, 0x0000000100000000, 0x0000000100000000)
  eden space 524800K, 0% used [0x00000000d5580000,0x00000000d5580000,0x00000000f5600000)
  from space 87040K, 34% used [0x00000000f5600000,0x00000000f7341610,0x00000000fab00000)
  to   space 87040K, 0% used [0x00000000fab00000,0x00000000fab00000,0x0000000100000000)
 ParOldGen       total 1398272K, used 22866K [0x0000000080000000, 0x00000000d5580000, 0x00000000d5580000)
  object space 1398272K, 1% used [0x0000000080000000,0x0000000081654b70,0x00000000d5580000)
 Metaspace       used 57209K, capacity 58782K, committed 59008K, reserved 1101824K
  class space    used 6635K, capacity 6928K, committed 7040K, reserved 1048576K
Event: 12.249 GC heap after
Heap after GC invocations=6 (full 3):
 PSYoungGen      total 611840K, used 0K [0x00000000d5580000, 0x0000000100000000, 0x0000000100000000)
  eden space 524800K, 0% used [0x00000000d5580000,0x00000000d5580000,0x00000000f5600000)
  from space 87040K, 0% used [0x00000000f5600000,0x00000000f5600000,0x00000000fab00000)
  to   space 87040K, 0% used [0x00000000fab00000,0x00000000fab00000,0x0000000100000000)
 ParOldGen       total 1398272K, used 40247K [0x0000000080000000, 0x00000000d5580000, 0x00000000d5580000)
  object space 1398272K, 2% used [0x0000000080000000,0x000000008274dcd0,0x00000000d5580000)
 Metaspace       used 57199K, capacity 58758K, committed 59008K, reserved 1101824K
  class space    used 6632K, capacity 6922K, committed 7040K, reserved 1048576K
}

