# JRE version: OpenJDK Runtime Environment (8.0_212-b04) (build 1.8.0_212-b04)
# Java VM: OpenJDK 64-Bit Server VM (25.212-b04 mixed mode linux-amd64 compressed oops)
Heap:
 PSYoungGen      total 611840K, used 158299K [0x00000000d5580000, 0x0000000100000000, 0x0000000100000000)
  eden space 524800K, 30% used [0x00000000d5580000,0x00000000df016d98,0x00000000f5600000)
  from space 87040K, 0% used [0x00000000f5600000,0x00000000f5600000,0x00000000fab00000)
  to   space 87040K, 0% used [0x00000000fab00000,0x00000000fab00000,0x0000000100000000)
 ParOldGen       total 1398272K, used 38422K [0x0000000080000000, 0x00000000d5580000, 0x00000000d5580000)
  object space 1398272K, 2% used [0x0000000080000000,0x0000000082585b98,0x00000000d5580000)
 Metaspace       used 63844K, capacity 66010K, committed 66304K, reserved 1107968K
  class space    used 7418K, capacity 7833K, committed 7936K, reserved 1048576K
GC Heap History (10 events):
Event: 2.172 GC heap before
{Heap before GC invocations=2 (full 1):
 PSYoungGen      total 611840K, used 19112K [0x00000000d5580000, 0x0000000100000000, 0x0000000100000000)
  eden space 524800K, 0% used [0x00000000d5580000,0x00000000d5580000,0x00000000f5600000)
  from space 87040K, 21% used [0x00000000f5600000,0x00000000f68aa308,0x00000000fab00000)
  to   space 87040K, 0% used [0x00000000fab00000,0x00000000fab00000,0x0000000100000000)
 ParOldGen       total 1398272K, used 8K [0x0000000080000000, 0x00000000d5580000, 0x00000000d5580000)
  object space 1398272K, 0% used [0x0000000080000000,0x0000000080002000,0x00000000d5580000)
 Metaspace       used 20878K, capacity 21096K, committed 21248K, reserved 1069056K
  class space    used 2350K, capacity 2446K, committed 2560K, reserved 1048576K
Event: 2.263 GC heap after
Heap after GC invocations=2 (full 1):
 PSYoungGen      total 611840K, used 0K [0x00000000d5580000, 0x0000000100000000, 0x0000000100000000)
  eden space 524800K, 0% used [0x00000000d5580000,0x00000000d5580000,0x00000000f5600000)
  from space 87040K, 0% used [0x00000000f5600000,0x00000000f5600000,0x00000000fab00000)
  to   space 87040K, 0% used [0x00000000fab00000,0x00000000fab00000,0x0000000100000000)
 ParOldGen       total 853504K, used 18403K [0x0000000080000000, 0x00000000b4180000, 0x00000000d5580000)
  object space 853504K, 2% used [0x0000000080000000,0x00000000811f8f68,0x00000000b4180000)
 Metaspace       used 20878K, capacity 21096K, committed 21248K, reserved 1069056K
  class space    used 2350K, capacity 2446K, committed 2560K, reserved 1048576K
}
Event: 5.111 GC heap before
{Heap before GC invocations=3 (full 1):
 PSYoungGen      total 611840K, used 430345K [0x00000000d5580000, 0x0000000100000000, 0x0000000100000000)
  eden space 524800K, 82% used [0x00000000d5580000,0x00000000ef9c2768,0x00000000f5600000)
  from space 87040K, 0% used [0x00000000f5600000,0x00000000f5600000,0x00000000fab00000)
  to   space 87040K, 0% used [0x00000000fab00000,0x00000000fab00000,0x0000000100000000)
 ParOldGen       total 853504K, used 18403K [0x0000000080000000, 0x00000000b4180000, 0x00000000d5580000)
  object space 853504K, 2% used [0x0000000080000000,0x00000000811f8f68,0x00000000b4180000)
 Metaspace       used 34786K, capacity 35184K, committed 35416K, reserved 1081344K
  class space    used 3972K, capacity 4070K, committed 4096K, reserved 1048576K
Event: 5.143 GC heap after
Heap after GC invocations=3 (full 1):
 PSYoungGen      total 611840K, used 14428K [0x00000000d5580000, 0x0000000100000000, 0x0000000100000000)
  eden space 524800K, 0% used [0x00000000d5580000,0x00000000d5580000,0x00000000f5600000)
  from space 87040K, 16% used [0x00000000fab00000,0x00000000fb917190,0x0000000100000000)
  to   space 87040K, 0% used [0x00000000f5600000,0x00000000f5600000,0x00000000fab00000)
 ParOldGen       total 853504K, used 18475K [0x0000000080000000, 0x00000000b4180000, 0x00000000d5580000)
  object space 853504K, 2% used [0x0000000080000000,0x000000008120af78,0x00000000b4180000)
 Metaspace       used 34786K, capacity 35184K, committed 35416K, reserved 1081344K
  class space    used 3972K, capacity 4070K, committed 4096K, reserved 1048576K
}
Event: 5.143 GC heap before
{Heap before GC invocations=4 (full 2):
 PSYoungGen      total 611840K, used 14428K [0x00000000d5580000, 0x0000000100000000, 0x0000000100000000)
  eden space 524800K, 0% used [0x00000000d5580000,0x00000000d5580000,0x00000000f5600000)
  from space 87040K, 16% used [0x00000000fab00000,0x00000000fb917190,0x0000000100000000)
  to   space 87040K, 0% used [0x00000000f5600000,0x00000000f5600000,0x00000000fab00000)
 ParOldGen       total 853504K, used 18475K [0x0000000080000000, 0x00000000b4180000, 0x00000000d5580000)
  object space 853504K, 2% used [0x0000000080000000,0x000000008120af78,0x00000000b4180000)
 Metaspace       used 34786K, capacity 35184K, committed 35416K, reserved 1081344K
  class space    used 3972K, capacity 4070K, committed 4096K, reserved 1048576K
Event: 5.260 GC heap after
Heap after GC invocations=4 (full 2):
 PSYoungGen      total 611840K, used 0K [0x00000000d5580000, 0x0000000100000000, 0x0000000100000000)
  eden space 524800K, 0% used [0x00000000d5580000,0x00000000d5580000,0x00000000f5600000)
  from space 87040K, 0% used [0x00000000fab00000,0x00000000fab00000,0x0000000100000000)
  to   space 87040K, 0% used [0x00000000f5600000,0x00000000f5600000,0x00000000fab00000)
 ParOldGen       total 1398272K, used 22581K [0x0000000080000000, 0x00000000d5580000, 0x00000000d5580000)
  object space 1398272K, 1% used [0x0000000080000000,0x000000008160d790,0x00000000d5580000)
 Metaspace       used 34786K, capacity 35184K, committed 35416K, reserved 1081344K
  class space    used 3972K, capacity 4070K, committed 4096K, reserved 1048576K
}
Event: 11.662 GC heap before
{Heap before GC invocations=5 (full 2):
 PSYoungGen      total 611840K, used 332276K [0x00000000d5580000, 0x0000000100000000, 0x0000000100000000)
  eden space 524800K, 63% used [0x00000000d5580000,0x00000000e99fd180,0x00000000f5600000)
  from space 87040K, 0% used [0x00000000fab00000,0x00000000fab00000,0x0000000100000000)
  to   space 87040K, 0% used [0x00000000f5600000,0x00000000f5600000,0x00000000fab00000)
 ParOldGen       total 1398272K, used 22581K [0x0000000080000000, 0x00000000d5580000, 0x00000000d5580000)
  object space 1398272K, 1% used [0x0000000080000000,0x000000008160d790,0x00000000d5580000)
 Metaspace       used 57540K, capacity 58834K, committed 59008K, reserved 1101824K
  class space    used 6720K, capacity 6967K, committed 7040K, reserved 1048576K
Event: 11.735 GC heap after
Heap after GC invocations=5 (full 2):
 PSYoungGen      total 611840K, used 26954K [0x00000000d5580000, 0x0000000100000000, 0x0000000100000000)
  eden space 524800K, 0% used [0x00000000d5580000,0x00000000d5580000,0x00000000f5600000)
  from space 87040K, 30% used [0x00000000f5600000,0x00000000f7052bc8,0x00000000fab00000)
  to   space 87040K, 0% used [0x00000000fab00000,0x00000000fab00000,0x0000000100000000)
 ParOldGen       total 1398272K, used 22589K [0x0000000080000000, 0x00000000d5580000, 0x00000000d5580000)
  object space 1398272K, 1% used [0x0000000080000000,0x000000008160f790,0x00000000d5580000)
 Metaspace       used 57540K, capacity 58834K, committed 59008K, reserved 1101824K
  class space    used 6720K, capacity 6967K, committed 7040K, reserved 1048576K
}
Event: 11.735 GC heap before
{Heap before GC invocations=6 (full 3):
 PSYoungGen      total 611840K, used 26954K [0x00000000d5580000, 0x0000000100000000, 0x0000000100000000)
  eden space 524800K, 0% used [0x00000000d5580000,0x00000000d5580000,0x00000000f5600000)
  from space 87040K, 30% used [0x00000000f5600000,0x00000000f7052bc8,0x00000000fab00000)
  to   space 87040K, 0% used [0x00000000fab00000,0x00000000fab00000,0x0000000100000000)
 ParOldGen       total 1398272K, used 22589K [0x0000000080000000, 0x00000000d5580000, 0x00000000d5580000)
  object space 1398272K, 1% used [0x0000000080000000,0x000000008160f790,0x00000000d5580000)
 Metaspace       used 57540K, capacity 58834K, committed 59008K, reserved 1101824K
  class space    used 6720K, capacity 6967K, committed 7040K, reserved 1048576K
Event: 11.953 GC heap after
Heap after GC invocations=6 (full 3):
 PSYoungGen      total 611840K, used 0K [0x00000000d5580000, 0x0000000100000000, 0x0000000100000000)
  eden space 524800K, 0% used [0x00000000d5580000,0x00000000d5580000,0x00000000f5600000)
  from space 87040K, 0% used [0x00000000f5600000,0x00000000f5600000,0x00000000fab00000)
  to   space 87040K, 0% used [0x00000000fab00000,0x00000000fab00000,0x0000000100000000)
 ParOldGen       total 1398272K, used 38422K [0x0000000080000000, 0x00000000d5580000, 0x00000000d5580000)
  object space 1398272K, 2% used [0x0000000080000000,0x0000000082585b98,0x00000000d5580000)
 Metaspace       used 57540K, capacity 58834K, committed 59008K, reserved 1101824K
  class space    used 6720K, capacity 6967K, committed 7040K, reserved 1048576K
}

