# JRE version: OpenJDK Runtime Environment (8.0_212-b04) (build 1.8.0_212-b04)
# Java VM: OpenJDK 64-Bit Server VM (25.212-b04 mixed mode linux-amd64 compressed oops)
Heap:
 PSYoungGen      total 611840K, used 217732K [0x00000000d5580000, 0x0000000100000000, 0x0000000100000000)
  eden space 524800K, 41% used [0x00000000d5580000,0x00000000e2a21060,0x00000000f5600000)
  from space 87040K, 0% used [0x00000000f5600000,0x00000000f5600000,0x00000000fab00000)
  to   space 87040K, 0% used [0x00000000fab00000,0x00000000fab00000,0x0000000100000000)
 ParOldGen       total 1398272K, used 40971K [0x0000000080000000, 0x00000000d5580000, 0x00000000d5580000)
  object space 1398272K, 2% used [0x0000000080000000,0x0000000082802f40,0x00000000d5580000)
 Metaspace       used 62336K, capacity 64934K, committed 65152K, reserved 1105920K
  class space    used 7230K, capacity 7701K, committed 7808K, reserved 1048576K
GC Heap History (10 events):
Event: 2.194 GC heap before
{Heap before GC invocations=2 (full 1):
 PSYoungGen      total 611840K, used 14234K [0x00000000d5580000, 0x0000000100000000, 0x0000000100000000)
  eden space 524800K, 0% used [0x00000000d5580000,0x00000000d5580000,0x00000000f5600000)
  from space 87040K, 16% used [0x00000000f5600000,0x00000000f63e69b8,0x00000000fab00000)
  to   space 87040K, 0% used [0x00000000fab00000,0x00000000fab00000,0x0000000100000000)
 ParOldGen       total 1398272K, used 80K [0x0000000080000000, 0x00000000d5580000, 0x00000000d5580000)
  object space 1398272K, 0% used [0x0000000080000000,0x0000000080014010,0x00000000d5580000)
 Metaspace       used 20768K, capacity 21016K, committed 21248K, reserved 1069056K
  class space    used 2363K, capacity 2475K, committed 2560K, reserved 1048576K
Event: 2.265 GC heap after
Heap after GC invocations=2 (full 1):
 PSYoungGen      total 611840K, used 0K [0x00000000d5580000, 0x0000000100000000, 0x0000000100000000)
  eden space 524800K, 0% used [0x00000000d5580000,0x00000000d5580000,0x00000000f5600000)
  from space 87040K, 0% used [0x00000000f5600000,0x00000000f5600000,0x00000000fab00000)
  to   space 87040K, 0% used [0x00000000fab00000,0x00000000fab00000,0x0000000100000000)
 ParOldGen       total 860672K, used 13724K [0x0000000080000000, 0x00000000b4880000, 0x00000000d5580000)
  object space 860672K, 1% used [0x0000000080000000,0x0000000080d67010,0x00000000b4880000)
 Metaspace       used 20768K, capacity 21016K, committed 21248K, reserved 1069056K
  class space    used 2363K, capacity 2475K, committed 2560K, reserved 1048576K
}
Event: 4.586 GC heap before
{Heap before GC invocations=3 (full 1):
 PSYoungGen      total 611840K, used 456589K [0x00000000d5580000, 0x0000000100000000, 0x0000000100000000)
  eden space 524800K, 87% used [0x00000000d5580000,0x00000000f13635a8,0x00000000f5600000)
  from space 87040K, 0% used [0x00000000f5600000,0x00000000f5600000,0x00000000fab00000)
  to   space 87040K, 0% used [0x00000000fab00000,0x00000000fab00000,0x0000000100000000)
 ParOldGen       total 860672K, used 13724K [0x0000000080000000, 0x00000000b4880000, 0x00000000d5580000)
  object space 860672K, 1% used [0x0000000080000000,0x0000000080d67010,0x00000000b4880000)
 Metaspace       used 34722K, capacity 35092K, committed 35416K, reserved 1081344K
  class space    used 3956K, capacity 4060K, committed 4096K, reserved 1048576K
Event: 4.624 GC heap after
Heap after GC invocations=3 (full 1):
 PSYoungGen      total 611840K, used 19317K [0x00000000d5580000, 0x0000000100000000, 0x0000000100000000)
  eden space 524800K, 0% used [0x00000000d5580000,0x00000000d5580000,0x00000000f5600000)
  from space 87040K, 22% used [0x00000000fab00000,0x00000000fbddd720,0x0000000100000000)
  to   space 87040K, 0% used [0x00000000f5600000,0x00000000f5600000,0x00000000fab00000)
 ParOldGen       total 860672K, used 13732K [0x0000000080000000, 0x00000000b4880000, 0x00000000d5580000)
  object space 860672K, 1% used [0x0000000080000000,0x0000000080d69010,0x00000000b4880000)
 Metaspace       used 34722K, capacity 35092K, committed 35416K, reserved 1081344K
  class space    used 3956K, capacity 4060K, committed 4096K, reserved 1048576K
}
Event: 4.624 GC heap before
{Heap before GC invocations=4 (full 2):
 PSYoungGen      total 611840K, used 19317K [0x00000000d5580000, 0x0000000100000000, 0x0000000100000000)
  eden space 524800K, 0% used [0x00000000d5580000,0x00000000d5580000,0x00000000f5600000)
  from space 87040K, 22% used [0x00000000fab00000,0x00000000fbddd720,0x0000000100000000)
  to   space 87040K, 0% used [0x00000000f5600000,0x00000000f5600000,0x00000000fab00000)
 ParOldGen       total 860672K, used 13732K [0x0000000080000000, 0x00000000b4880000, 0x00000000d5580000)
  object space 860672K, 1% used [0x0000000080000000,0x0000000080d69010,0x00000000b4880000)
 Metaspace       used 34722K, capacity 35092K, committed 35416K, reserved 1081344K
  class space    used 3956K, capacity 4060K, committed 4096K, reserved 1048576K
Event: 4.730 GC heap after
Heap after GC invocations=4 (full 2):
 PSYoungGen      total 611840K, used 0K [0x00000000d5580000, 0x0000000100000000, 0x0000000100000000)
  eden space 524800K, 0% used [0x00000000d5580000,0x00000000d5580000,0x00000000f5600000)
  from space 87040K, 0% used [0x00000000fab00000,0x00000000fab00000,0x0000000100000000)
  to   space 87040K, 0% used [0x00000000f5600000,0x00000000f5600000,0x00000000fab00000)
 ParOldGen       total 1398272K, used 23576K [0x0000000080000000, 0x00000000d5580000, 0x00000000d5580000)
  object space 1398272K, 1% used [0x0000000080000000,0x0000000081706228,0x00000000d5580000)
 Metaspace       used 34722K, capacity 35092K, committed 35416K, reserved 1081344K
  class space    used 3956K, capacity 4060K, committed 4096K, reserved 1048576K
}
Event: 11.411 GC heap before
{Heap before GC invocations=5 (full 2):
 PSYoungGen      total 611840K, used 417779K [0x00000000d5580000, 0x0000000100000000, 0x0000000100000000)
  eden space 524800K, 79% used [0x00000000d5580000,0x00000000eed7ce98,0x00000000f5600000)
  from space 87040K, 0% used [0x00000000fab00000,0x00000000fab00000,0x0000000100000000)
  to   space 87040K, 0% used [0x00000000f5600000,0x00000000f5600000,0x00000000fab00000)
 ParOldGen       total 1398272K, used 23576K [0x0000000080000000, 0x00000000d5580000, 0x00000000d5580000)
  object space 1398272K, 1% used [0x0000000080000000,0x0000000081706228,0x00000000d5580000)
 Metaspace       used 57461K, capacity 58842K, committed 59008K, reserved 1101824K
  class space    used 6669K, capacity 6961K, committed 7040K, reserved 1048576K
Event: 11.475 GC heap after
Heap after GC invocations=5 (full 2):
 PSYoungGen      total 611840K, used 30343K [0x00000000d5580000, 0x0000000100000000, 0x0000000100000000)
  eden space 524800K, 0% used [0x00000000d5580000,0x00000000d5580000,0x00000000f5600000)
  from space 87040K, 34% used [0x00000000f5600000,0x00000000f73a1c90,0x00000000fab00000)
  to   space 87040K, 0% used [0x00000000fab00000,0x00000000fab00000,0x0000000100000000)
 ParOldGen       total 1398272K, used 23584K [0x0000000080000000, 0x00000000d5580000, 0x00000000d5580000)
  object space 1398272K, 1% used [0x0000000080000000,0x0000000081708228,0x00000000d5580000)
 Metaspace       used 57461K, capacity 58842K, committed 59008K, reserved 1101824K
  class space    used 6669K, capacity 6961K, committed 7040K, reserved 1048576K
}
Event: 11.475 GC heap before
{Heap before GC invocations=6 (full 3):
 PSYoungGen      total 611840K, used 30343K [0x00000000d5580000, 0x0000000100000000, 0x0000000100000000)
  eden space 524800K, 0% used [0x00000000d5580000,0x00000000d5580000,0x00000000f5600000)
  from space 87040K, 34% used [0x00000000f5600000,0x00000000f73a1c90,0x00000000fab00000)
  to   space 87040K, 0% used [0x00000000fab00000,0x00000000fab00000,0x0000000100000000)
 ParOldGen       total 1398272K, used 23584K [0x0000000080000000, 0x00000000d5580000, 0x00000000d5580000)
  object space 1398272K, 1% used [0x0000000080000000,0x0000000081708228,0x00000000d5580000)
 Metaspace       used 57461K, capacity 58842K, committed 59008K, reserved 1101824K
  class space    used 6669K, capacity 6961K, committed 7040K, reserved 1048576K
Event: 11.705 GC heap after
Heap after GC invocations=6 (full 3):
 PSYoungGen      total 611840K, used 0K [0x00000000d5580000, 0x0000000100000000, 0x0000000100000000)
  eden space 524800K, 0% used [0x00000000d5580000,0x00000000d5580000,0x00000000f5600000)
  from space 87040K, 0% used [0x00000000f5600000,0x00000000f5600000,0x00000000fab00000)
  to   space 87040K, 0% used [0x00000000fab00000,0x00000000fab00000,0x0000000100000000)
 ParOldGen       total 1398272K, used 40971K [0x0000000080000000, 0x00000000d5580000, 0x00000000d5580000)
  object space 1398272K, 2% used [0x0000000080000000,0x0000000082802f40,0x00000000d5580000)
 Metaspace       used 57441K, capacity 58794K, committed 59008K, reserved 1101824K
  class space    used 6662K, capacity 6949K, committed 7040K, reserved 1048576K
}

