# JRE version: OpenJDK Runtime Environment (8.0_212-b04) (build 1.8.0_212-b04)
# Java VM: OpenJDK 64-Bit Server VM (25.212-b04 mixed mode linux-amd64 compressed oops)
Heap:
 PSYoungGen      total 563712K, used 381371K [0x00000000d5580000, 0x0000000100000000, 0x0000000100000000)
  eden space 450048K, 64% used [0x00000000d5580000,0x00000000e7312c40,0x00000000f0d00000)
  from space 113664K, 78% used [0x00000000f9100000,0x00000000fe7dc2e0,0x0000000100000000)
  to   space 124416K, 0% used [0x00000000f0d00000,0x00000000f0d00000,0x00000000f8680000)
 ParOldGen       total 1398272K, used 90011K [0x0000000080000000, 0x00000000d5580000, 0x00000000d5580000)
  object space 1398272K, 6% used [0x0000000080000000,0x00000000857e6f38,0x00000000d5580000)
 Metaspace       used 72473K, capacity 76282K, committed 76544K, reserved 1118208K
  class space    used 7910K, capacity 8585K, committed 8704K, reserved 1048576K
GC Heap History (10 events):
Event: 11.761 GC heap before
{Heap before GC invocations=7 (full 3):
 PSYoungGen      total 611840K, used 13179K [0x00000000d5580000, 0x0000000100000000, 0x0000000100000000)
  eden space 524800K, 0% used [0x00000000d5580000,0x00000000d5580000,0x00000000f5600000)
  from space 87040K, 15% used [0x00000000fab00000,0x00000000fb7def20,0x0000000100000000)
  to   space 87040K, 0% used [0x00000000f5600000,0x00000000f5600000,0x00000000fab00000)
 ParOldGen       total 1398272K, used 23514K [0x0000000080000000, 0x00000000d5580000, 0x00000000d5580000)
  object space 1398272K, 1% used [0x0000000080000000,0x00000000816f6aa0,0x00000000d5580000)
 Metaspace       used 57513K, capacity 58892K, committed 59028K, reserved 1101824K
  class space    used 6624K, capacity 6888K, committed 6912K, reserved 1048576K
Event: 12.032 GC heap after
Heap after GC invocations=7 (full 3):
 PSYoungGen      total 611840K, used 0K [0x00000000d5580000, 0x0000000100000000, 0x0000000100000000)
  eden space 524800K, 0% used [0x00000000d5580000,0x00000000d5580000,0x00000000f5600000)
  from space 87040K, 0% used [0x00000000fab00000,0x00000000fab00000,0x0000000100000000)
  to   space 87040K, 0% used [0x00000000f5600000,0x00000000f5600000,0x00000000fab00000)
 ParOldGen       total 1398272K, used 25155K [0x0000000080000000, 0x00000000d5580000, 0x00000000d5580000)
  object space 1398272K, 1% used [0x0000000080000000,0x0000000081890f38,0x00000000d5580000)
 Metaspace       used 57499K, capacity 58858K, committed 59028K, reserved 1101824K
  class space    used 6620K, capacity 6881K, committed 6912K, reserved 1048576K
}
Event: 92.598 GC heap before
{Heap before GC invocations=8 (full 3):
 PSYoungGen      total 611840K, used 524800K [0x00000000d5580000, 0x0000000100000000, 0x0000000100000000)
  eden space 524800K, 100% used [0x00000000d5580000,0x00000000f5600000,0x00000000f5600000)
  from space 87040K, 0% used [0x00000000fab00000,0x00000000fab00000,0x0000000100000000)
  to   space 87040K, 0% used [0x00000000f5600000,0x00000000f5600000,0x00000000fab00000)
 ParOldGen       total 1398272K, used 25155K [0x0000000080000000, 0x00000000d5580000, 0x00000000d5580000)
  object space 1398272K, 1% used [0x0000000080000000,0x0000000081890f38,0x00000000d5580000)
 Metaspace       used 67511K, capacity 70542K, committed 70784K, reserved 1112064K
  class space    used 7695K, capacity 8215K, committed 8320K, reserved 1048576K
Event: 92.732 GC heap after
Heap after GC invocations=8 (full 3):
 PSYoungGen      total 570880K, used 46004K [0x00000000d5580000, 0x00000000fb800000, 0x0000000100000000)
  eden space 524800K, 0% used [0x00000000d5580000,0x00000000d5580000,0x00000000f5600000)
  from space 46080K, 99% used [0x00000000f5600000,0x00000000f82ed078,0x00000000f8300000)
  to   space 50176K, 0% used [0x00000000f8700000,0x00000000f8700000,0x00000000fb800000)
 ParOldGen       total 1398272K, used 25163K [0x0000000080000000, 0x00000000d5580000, 0x00000000d5580000)
  object space 1398272K, 1% used [0x0000000080000000,0x0000000081892f38,0x00000000d5580000)
 Metaspace       used 67511K, capacity 70542K, committed 70784K, reserved 1112064K
  class space    used 7695K, capacity 8215K, committed 8320K, reserved 1048576K
}
Event: 330.096 GC heap before
{Heap before GC invocations=9 (full 3):
 PSYoungGen      total 570880K, used 570804K [0x00000000d5580000, 0x00000000fb800000, 0x0000000100000000)
  eden space 524800K, 100% used [0x00000000d5580000,0x00000000f5600000,0x00000000f5600000)
  from space 46080K, 99% used [0x00000000f5600000,0x00000000f82ed078,0x00000000f8300000)
  to   space 50176K, 0% used [0x00000000f8700000,0x00000000f8700000,0x00000000fb800000)
 ParOldGen       total 1398272K, used 25163K [0x0000000080000000, 0x00000000d5580000, 0x00000000d5580000)
  object space 1398272K, 1% used [0x0000000080000000,0x0000000081892f38,0x00000000d5580000)
 Metaspace       used 69829K, capacity 73094K, committed 73216K, reserved 1114112K
  class space    used 7787K, capacity 8369K, committed 8448K, reserved 1048576K
Event: 330.287 GC heap after
Heap after GC invocations=9 (full 3):
 PSYoungGen      total 539136K, used 50170K [0x00000000d5580000, 0x0000000100000000, 0x0000000100000000)
  eden space 488960K, 0% used [0x00000000d5580000,0x00000000d5580000,0x00000000f3300000)
  from space 50176K, 99% used [0x00000000f8700000,0x00000000fb7fe880,0x00000000fb800000)
  to   space 86016K, 0% used [0x00000000f3300000,0x00000000f3300000,0x00000000f8700000)
 ParOldGen       total 1398272K, used 70827K [0x0000000080000000, 0x00000000d5580000, 0x00000000d5580000)
  object space 1398272K, 5% used [0x0000000080000000,0x000000008452af38,0x00000000d5580000)
 Metaspace       used 69829K, capacity 73094K, committed 73216K, reserved 1114112K
  class space    used 7787K, capacity 8369K, committed 8448K, reserved 1048576K
}
Event: 569.492 GC heap before
{Heap before GC invocations=10 (full 3):
 PSYoungGen      total 539136K, used 539130K [0x00000000d5580000, 0x0000000100000000, 0x0000000100000000)
  eden space 488960K, 100% used [0x00000000d5580000,0x00000000f3300000,0x00000000f3300000)
  from space 50176K, 99% used [0x00000000f8700000,0x00000000fb7fe880,0x00000000fb800000)
  to   space 86016K, 0% used [0x00000000f3300000,0x00000000f3300000,0x00000000f8700000)
 ParOldGen       total 1398272K, used 70827K [0x0000000080000000, 0x00000000d5580000, 0x00000000d5580000)
  object space 1398272K, 5% used [0x0000000080000000,0x000000008452af38,0x00000000d5580000)
 Metaspace       used 70751K, capacity 74260K, committed 74496K, reserved 1116160K
  class space    used 7831K, capacity 8442K, committed 8448K, reserved 1048576K
Event: 569.718 GC heap after
Heap after GC invocations=10 (full 3):
 PSYoungGen      total 574976K, used 85987K [0x00000000d5580000, 0x0000000100000000, 0x0000000100000000)
  eden space 488960K, 0% used [0x00000000d5580000,0x00000000d5580000,0x00000000f3300000)
  from space 86016K, 99% used [0x00000000f3300000,0x00000000f86f8d38,0x00000000f8700000)
  to   space 113664K, 0% used [0x00000000f9100000,0x00000000f9100000,0x0000000100000000)
 ParOldGen       total 1398272K, used 90003K [0x0000000080000000, 0x00000000d5580000, 0x00000000d5580000)
  object space 1398272K, 6% used [0x0000000080000000,0x00000000857e4f38,0x00000000d5580000)
 Metaspace       used 70751K, capacity 74260K, committed 74496K, reserved 1116160K
  class space    used 7831K, capacity 8442K, committed 8448K, reserved 1048576K
}
Event: 648.557 GC heap before
{Heap before GC invocations=11 (full 3):
 PSYoungGen      total 574976K, used 574946K [0x00000000d5580000, 0x0000000100000000, 0x0000000100000000)
  eden space 488960K, 99% used [0x00000000d5580000,0x00000000f32ffce0,0x00000000f3300000)
  from space 86016K, 99% used [0x00000000f3300000,0x00000000f86f8d38,0x00000000f8700000)
  to   space 113664K, 0% used [0x00000000f9100000,0x00000000f9100000,0x0000000100000000)
 ParOldGen       total 1398272K, used 90003K [0x0000000080000000, 0x00000000d5580000, 0x00000000d5580000)
  object space 1398272K, 6% used [0x0000000080000000,0x00000000857e4f38,0x00000000d5580000)
 Metaspace       used 71941K, capacity 75712K, committed 75904K, reserved 1116160K
  class space    used 7899K, capacity 8568K, committed 8576K, reserved 1048576K
Event: 648.724 GC heap after
Heap after GC invocations=11 (full 3):
 PSYoungGen      total 563712K, used 88944K [0x00000000d5580000, 0x0000000100000000, 0x0000000100000000)
  eden space 450048K, 0% used [0x00000000d5580000,0x00000000d5580000,0x00000000f0d00000)
  from space 113664K, 78% used [0x00000000f9100000,0x00000000fe7dc2e0,0x0000000100000000)
  to   space 124416K, 0% used [0x00000000f0d00000,0x00000000f0d00000,0x00000000f8680000)
 ParOldGen       total 1398272K, used 90011K [0x0000000080000000, 0x00000000d5580000, 0x00000000d5580000)
  object space 1398272K, 6% used [0x0000000080000000,0x00000000857e6f38,0x00000000d5580000)
 Metaspace       used 71941K, capacity 75712K, committed 75904K, reserved 1116160K
  class space    used 7899K, capacity 8568K, committed 8576K, reserved 1048576K
}

