# JRE version: OpenJDK Runtime Environment (8.0_212-b04) (build 1.8.0_212-b04)
# Java VM: OpenJDK 64-Bit Server VM (25.212-b04 mixed mode linux-amd64 compressed oops)
Heap:
 PSYoungGen      total 611840K, used 436563K [0x00000000d5580000, 0x0000000100000000, 0x0000000100000000)
  eden space 524800K, 71% used [0x00000000d5580000,0x00000000ec1fbfb0,0x00000000f5600000)
  from space 87040K, 72% used [0x00000000fab00000,0x00000000fe8d8fe8,0x0000000100000000)
  to   space 87040K, 0% used [0x00000000f5600000,0x00000000f5600000,0x00000000fab00000)
 ParOldGen       total 1398272K, used 41991K [0x0000000080000000, 0x00000000d5580000, 0x00000000d5580000)
  object space 1398272K, 3% used [0x0000000080000000,0x0000000082901d40,0x00000000d5580000)
 Metaspace       used 65837K, capacity 68916K, committed 69120K, reserved 1110016K
  class space    used 7512K, capacity 8070K, committed 8192K, reserved 1048576K
GC Heap History (10 events):
Event: 4.266 GC heap before
{Heap before GC invocations=3 (full 1):
 PSYoungGen      total 611840K, used 434548K [0x00000000d5580000, 0x0000000100000000, 0x0000000100000000)
  eden space 524800K, 82% used [0x00000000d5580000,0x00000000efddd038,0x00000000f5600000)
  from space 87040K, 0% used [0x00000000f5600000,0x00000000f5600000,0x00000000fab00000)
  to   space 87040K, 0% used [0x00000000fab00000,0x00000000fab00000,0x0000000100000000)
 ParOldGen       total 890880K, used 13727K [0x0000000080000000, 0x00000000b6600000, 0x00000000d5580000)
  object space 890880K, 1% used [0x0000000080000000,0x0000000080d67d68,0x00000000b6600000)
 Metaspace       used 34790K, capacity 35188K, committed 35416K, reserved 1081344K
  class space    used 3967K, capacity 4092K, committed 4096K, reserved 1048576K
Event: 4.294 GC heap after
Heap after GC invocations=3 (full 1):
 PSYoungGen      total 611840K, used 19268K [0x00000000d5580000, 0x0000000100000000, 0x0000000100000000)
  eden space 524800K, 0% used [0x00000000d5580000,0x00000000d5580000,0x00000000f5600000)
  from space 87040K, 22% used [0x00000000fab00000,0x00000000fbdd1088,0x0000000100000000)
  to   space 87040K, 0% used [0x00000000f5600000,0x00000000f5600000,0x00000000fab00000)
 ParOldGen       total 890880K, used 13727K [0x0000000080000000, 0x00000000b6600000, 0x00000000d5580000)
  object space 890880K, 1% used [0x0000000080000000,0x0000000080d67d68,0x00000000b6600000)
 Metaspace       used 34790K, capacity 35188K, committed 35416K, reserved 1081344K
  class space    used 3967K, capacity 4092K, committed 4096K, reserved 1048576K
}
Event: 4.294 GC heap before
{Heap before GC invocations=4 (full 2):
 PSYoungGen      total 611840K, used 19268K [0x00000000d5580000, 0x0000000100000000, 0x0000000100000000)
  eden space 524800K, 0% used [0x00000000d5580000,0x00000000d5580000,0x00000000f5600000)
  from space 87040K, 22% used [0x00000000fab00000,0x00000000fbdd1088,0x0000000100000000)
  to   space 87040K, 0% used [0x00000000f5600000,0x00000000f5600000,0x00000000fab00000)
 ParOldGen       total 890880K, used 13727K [0x0000000080000000, 0x00000000b6600000, 0x00000000d5580000)
  object space 890880K, 1% used [0x0000000080000000,0x0000000080d67d68,0x00000000b6600000)
 Metaspace       used 34790K, capacity 35188K, committed 35416K, reserved 1081344K
  class space    used 3967K, capacity 4092K, committed 4096K, reserved 1048576K
Event: 4.378 GC heap after
Heap after GC invocations=4 (full 2):
 PSYoungGen      total 611840K, used 0K [0x00000000d5580000, 0x0000000100000000, 0x0000000100000000)
  eden space 524800K, 0% used [0x00000000d5580000,0x00000000d5580000,0x00000000f5600000)
  from space 87040K, 0% used [0x00000000fab00000,0x00000000fab00000,0x0000000100000000)
  to   space 87040K, 0% used [0x00000000f5600000,0x00000000f5600000,0x00000000fab00000)
 ParOldGen       total 1398272K, used 23546K [0x0000000080000000, 0x00000000d5580000, 0x00000000d5580000)
  object space 1398272K, 1% used [0x0000000080000000,0x00000000816feb28,0x00000000d5580000)
 Metaspace       used 34790K, capacity 35188K, committed 35416K, reserved 1081344K
  class space    used 3967K, capacity 4092K, committed 4096K, reserved 1048576K
}
Event: 10.300 GC heap before
{Heap before GC invocations=5 (full 2):
 PSYoungGen      total 611840K, used 493991K [0x00000000d5580000, 0x0000000100000000, 0x0000000100000000)
  eden space 524800K, 94% used [0x00000000d5580000,0x00000000f37e9c10,0x00000000f5600000)
  from space 87040K, 0% used [0x00000000fab00000,0x00000000fab00000,0x0000000100000000)
  to   space 87040K, 0% used [0x00000000f5600000,0x00000000f5600000,0x00000000fab00000)
 ParOldGen       total 1398272K, used 23546K [0x0000000080000000, 0x00000000d5580000, 0x00000000d5580000)
  object space 1398272K, 1% used [0x0000000080000000,0x00000000816feb28,0x00000000d5580000)
 Metaspace       used 57399K, capacity 58798K, committed 59008K, reserved 1101824K
  class space    used 6641K, capacity 6923K, committed 7040K, reserved 1048576K
Event: 10.349 GC heap after
Heap after GC invocations=5 (full 2):
 PSYoungGen      total 611840K, used 31478K [0x00000000d5580000, 0x0000000100000000, 0x0000000100000000)
  eden space 524800K, 0% used [0x00000000d5580000,0x00000000d5580000,0x00000000f5600000)
  from space 87040K, 36% used [0x00000000f5600000,0x00000000f74bd948,0x00000000fab00000)
  to   space 87040K, 0% used [0x00000000fab00000,0x00000000fab00000,0x0000000100000000)
 ParOldGen       total 1398272K, used 23554K [0x0000000080000000, 0x00000000d5580000, 0x00000000d5580000)
  object space 1398272K, 1% used [0x0000000080000000,0x0000000081700b28,0x00000000d5580000)
 Metaspace       used 57399K, capacity 58798K, committed 59008K, reserved 1101824K
  class space    used 6641K, capacity 6923K, committed 7040K, reserved 1048576K
}
Event: 10.349 GC heap before
{Heap before GC invocations=6 (full 3):
 PSYoungGen      total 611840K, used 31478K [0x00000000d5580000, 0x0000000100000000, 0x0000000100000000)
  eden space 524800K, 0% used [0x00000000d5580000,0x00000000d5580000,0x00000000f5600000)
  from space 87040K, 36% used [0x00000000f5600000,0x00000000f74bd948,0x00000000fab00000)
  to   space 87040K, 0% used [0x00000000fab00000,0x00000000fab00000,0x0000000100000000)
 ParOldGen       total 1398272K, used 23554K [0x0000000080000000, 0x00000000d5580000, 0x00000000d5580000)
  object space 1398272K, 1% used [0x0000000080000000,0x0000000081700b28,0x00000000d5580000)
 Metaspace       used 57399K, capacity 58798K, committed 59008K, reserved 1101824K
  class space    used 6641K, capacity 6923K, committed 7040K, reserved 1048576K
Event: 10.615 GC heap after
Heap after GC invocations=6 (full 3):
 PSYoungGen      total 611840K, used 0K [0x00000000d5580000, 0x0000000100000000, 0x0000000100000000)
  eden space 524800K, 0% used [0x00000000d5580000,0x00000000d5580000,0x00000000f5600000)
  from space 87040K, 0% used [0x00000000f5600000,0x00000000f5600000,0x00000000fab00000)
  to   space 87040K, 0% used [0x00000000fab00000,0x00000000fab00000,0x0000000100000000)
 ParOldGen       total 1398272K, used 41991K [0x0000000080000000, 0x00000000d5580000, 0x00000000d5580000)
  object space 1398272K, 3% used [0x0000000080000000,0x0000000082901d40,0x00000000d5580000)
 Metaspace       used 57379K, capacity 58750K, committed 59008K, reserved 1101824K
  class space    used 6634K, capacity 6911K, committed 7040K, reserved 1048576K
}
Event: 23.439 GC heap before
{Heap before GC invocations=7 (full 3):
 PSYoungGen      total 611840K, used 494138K [0x00000000d5580000, 0x0000000100000000, 0x0000000100000000)
  eden space 524800K, 94% used [0x00000000d5580000,0x00000000f380e8c8,0x00000000f5600000)
  from space 87040K, 0% used [0x00000000f5600000,0x00000000f5600000,0x00000000fab00000)
  to   space 87040K, 0% used [0x00000000fab00000,0x00000000fab00000,0x0000000100000000)
 ParOldGen       total 1398272K, used 41991K [0x0000000080000000, 0x00000000d5580000, 0x00000000d5580000)
  object space 1398272K, 3% used [0x0000000080000000,0x0000000082901d40,0x00000000d5580000)
 Metaspace       used 65362K, capacity 68342K, committed 68480K, reserved 1110016K
  class space    used 7497K, capacity 8053K, committed 8064K, reserved 1048576K
Event: 23.534 GC heap after
Heap after GC invocations=7 (full 3):
 PSYoungGen      total 611840K, used 63331K [0x00000000d5580000, 0x0000000100000000, 0x0000000100000000)
  eden space 524800K, 0% used [0x00000000d5580000,0x00000000d5580000,0x00000000f5600000)
  from space 87040K, 72% used [0x00000000fab00000,0x00000000fe8d8fe8,0x0000000100000000)
  to   space 87040K, 0% used [0x00000000f5600000,0x00000000f5600000,0x00000000fab00000)
 ParOldGen       total 1398272K, used 41991K [0x0000000080000000, 0x00000000d5580000, 0x00000000d5580000)
  object space 1398272K, 3% used [0x0000000080000000,0x0000000082901d40,0x00000000d5580000)
 Metaspace       used 65362K, capacity 68342K, committed 68480K, reserved 1110016K
  class space    used 7497K, capacity 8053K, committed 8064K, reserved 1048576K
}

