# JRE version: OpenJDK Runtime Environment (8.0_212-b04) (build 1.8.0_212-b04)
# Java VM: OpenJDK 64-Bit Server VM (25.212-b04 mixed mode linux-amd64 compressed oops)
Heap:
 PSYoungGen      total 611840K, used 183900K [0x00000000d5580000, 0x0000000100000000, 0x0000000100000000)
  eden space 524800K, 35% used [0x00000000d5580000,0x00000000e09170e8,0x00000000f5600000)
  from space 87040K, 0% used [0x00000000f5600000,0x00000000f5600000,0x00000000fab00000)
  to   space 87040K, 0% used [0x00000000fab00000,0x00000000fab00000,0x0000000100000000)
 ParOldGen       total 1398272K, used 43953K [0x0000000080000000, 0x00000000d5580000, 0x00000000d5580000)
  object space 1398272K, 3% used [0x0000000080000000,0x0000000082aec7a0,0x00000000d5580000)
 Metaspace       used 61911K, capacity 64390K, committed 64512K, reserved 1105920K
  class space    used 7185K, capacity 7653K, committed 7680K, reserved 1048576K
GC Heap History (10 events):
Event: 2.219 GC heap before
{Heap before GC invocations=2 (full 1):
 PSYoungGen      total 611840K, used 14242K [0x00000000d5580000, 0x0000000100000000, 0x0000000100000000)
  eden space 524800K, 0% used [0x00000000d5580000,0x00000000d5580000,0x00000000f5600000)
  from space 87040K, 16% used [0x00000000f5600000,0x00000000f63e8b88,0x00000000fab00000)
  to   space 87040K, 0% used [0x00000000fab00000,0x00000000fab00000,0x0000000100000000)
 ParOldGen       total 1398272K, used 80K [0x0000000080000000, 0x00000000d5580000, 0x00000000d5580000)
  object space 1398272K, 0% used [0x0000000080000000,0x0000000080014010,0x00000000d5580000)
 Metaspace       used 20825K, capacity 21106K, committed 21248K, reserved 1069056K
  class space    used 2366K, capacity 2482K, committed 2560K, reserved 1048576K
Event: 2.288 GC heap after
Heap after GC invocations=2 (full 1):
 PSYoungGen      total 611840K, used 0K [0x00000000d5580000, 0x0000000100000000, 0x0000000100000000)
  eden space 524800K, 0% used [0x00000000d5580000,0x00000000d5580000,0x00000000f5600000)
  from space 87040K, 0% used [0x00000000f5600000,0x00000000f5600000,0x00000000fab00000)
  to   space 87040K, 0% used [0x00000000fab00000,0x00000000fab00000,0x0000000100000000)
 ParOldGen       total 877056K, used 13767K [0x0000000080000000, 0x00000000b5880000, 0x00000000d5580000)
  object space 877056K, 1% used [0x0000000080000000,0x0000000080d71f48,0x00000000b5880000)
 Metaspace       used 20825K, capacity 21106K, committed 21248K, reserved 1069056K
  class space    used 2366K, capacity 2482K, committed 2560K, reserved 1048576K
}
Event: 4.945 GC heap before
{Heap before GC invocations=3 (full 1):
 PSYoungGen      total 611840K, used 445044K [0x00000000d5580000, 0x0000000100000000, 0x0000000100000000)
  eden space 524800K, 84% used [0x00000000d5580000,0x00000000f081d118,0x00000000f5600000)
  from space 87040K, 0% used [0x00000000f5600000,0x00000000f5600000,0x00000000fab00000)
  to   space 87040K, 0% used [0x00000000fab00000,0x00000000fab00000,0x0000000100000000)
 ParOldGen       total 877056K, used 13767K [0x0000000080000000, 0x00000000b5880000, 0x00000000d5580000)
  object space 877056K, 1% used [0x0000000080000000,0x0000000080d71f48,0x00000000b5880000)
 Metaspace       used 34790K, capacity 35188K, committed 35416K, reserved 1081344K
  class space    used 3967K, capacity 4092K, committed 4096K, reserved 1048576K
Event: 4.988 GC heap after
Heap after GC invocations=3 (full 1):
 PSYoungGen      total 611840K, used 19167K [0x00000000d5580000, 0x0000000100000000, 0x0000000100000000)
  eden space 524800K, 0% used [0x00000000d5580000,0x00000000d5580000,0x00000000f5600000)
  from space 87040K, 22% used [0x00000000fab00000,0x00000000fbdb7de8,0x0000000100000000)
  to   space 87040K, 0% used [0x00000000f5600000,0x00000000f5600000,0x00000000fab00000)
 ParOldGen       total 877056K, used 13767K [0x0000000080000000, 0x00000000b5880000, 0x00000000d5580000)
  object space 877056K, 1% used [0x0000000080000000,0x0000000080d71f48,0x00000000b5880000)
 Metaspace       used 34790K, capacity 35188K, committed 35416K, reserved 1081344K
  class space    used 3967K, capacity 4092K, committed 4096K, reserved 1048576K
}
Event: 4.988 GC heap before
{Heap before GC invocations=4 (full 2):
 PSYoungGen      total 611840K, used 19167K [0x00000000d5580000, 0x0000000100000000, 0x0000000100000000)
  eden space 524800K, 0% used [0x00000000d5580000,0x00000000d5580000,0x00000000f5600000)
  from space 87040K, 22% used [0x00000000fab00000,0x00000000fbdb7de8,0x0000000100000000)
  to   space 87040K, 0% used [0x00000000f5600000,0x00000000f5600000,0x00000000fab00000)
 ParOldGen       total 877056K, used 13767K [0x0000000080000000, 0x00000000b5880000, 0x00000000d5580000)
  object space 877056K, 1% used [0x0000000080000000,0x0000000080d71f48,0x00000000b5880000)
 Metaspace       used 34790K, capacity 35188K, committed 35416K, reserved 1081344K
  class space    used 3967K, capacity 4092K, committed 4096K, reserved 1048576K
Event: 5.111 GC heap after
Heap after GC invocations=4 (full 2):
 PSYoungGen      total 611840K, used 0K [0x00000000d5580000, 0x0000000100000000, 0x0000000100000000)
  eden space 524800K, 0% used [0x00000000d5580000,0x00000000d5580000,0x00000000f5600000)
  from space 87040K, 0% used [0x00000000fab00000,0x00000000fab00000,0x0000000100000000)
  to   space 87040K, 0% used [0x00000000f5600000,0x00000000f5600000,0x00000000fab00000)
 ParOldGen       total 1398272K, used 23486K [0x0000000080000000, 0x00000000d5580000, 0x00000000d5580000)
  object space 1398272K, 1% used [0x0000000080000000,0x00000000816ef9f0,0x00000000d5580000)
 Metaspace       used 34790K, capacity 35188K, committed 35416K, reserved 1081344K
  class space    used 3967K, capacity 4092K, committed 4096K, reserved 1048576K
}
Event: 12.233 GC heap before
{Heap before GC invocations=5 (full 2):
 PSYoungGen      total 611840K, used 514560K [0x00000000d5580000, 0x0000000100000000, 0x0000000100000000)
  eden space 524800K, 98% used [0x00000000d5580000,0x00000000f4c00000,0x00000000f5600000)
  from space 87040K, 0% used [0x00000000fab00000,0x00000000fab00000,0x0000000100000000)
  to   space 87040K, 0% used [0x00000000f5600000,0x00000000f5600000,0x00000000fab00000)
 ParOldGen       total 1398272K, used 23486K [0x0000000080000000, 0x00000000d5580000, 0x00000000d5580000)
  object space 1398272K, 1% used [0x0000000080000000,0x00000000816ef9f0,0x00000000d5580000)
 Metaspace       used 57309K, capacity 58848K, committed 59008K, reserved 1101824K
  class space    used 6625K, capacity 6930K, committed 7040K, reserved 1048576K
Event: 12.304 GC heap after
Heap after GC invocations=5 (full 2):
 PSYoungGen      total 611840K, used 33309K [0x00000000d5580000, 0x0000000100000000, 0x0000000100000000)
  eden space 524800K, 0% used [0x00000000d5580000,0x00000000d5580000,0x00000000f5600000)
  from space 87040K, 38% used [0x00000000f5600000,0x00000000f7687628,0x00000000fab00000)
  to   space 87040K, 0% used [0x00000000fab00000,0x00000000fab00000,0x0000000100000000)
 ParOldGen       total 1398272K, used 23494K [0x0000000080000000, 0x00000000d5580000, 0x00000000d5580000)
  object space 1398272K, 1% used [0x0000000080000000,0x00000000816f19f0,0x00000000d5580000)
 Metaspace       used 57309K, capacity 58848K, committed 59008K, reserved 1101824K
  class space    used 6625K, capacity 6930K, committed 7040K, reserved 1048576K
}
Event: 12.304 GC heap before
{Heap before GC invocations=6 (full 3):
 PSYoungGen      total 611840K, used 33309K [0x00000000d5580000, 0x0000000100000000, 0x0000000100000000)
  eden space 524800K, 0% used [0x00000000d5580000,0x00000000d5580000,0x00000000f5600000)
  from space 87040K, 38% used [0x00000000f5600000,0x00000000f7687628,0x00000000fab00000)
  to   space 87040K, 0% used [0x00000000fab00000,0x00000000fab00000,0x0000000100000000)
 ParOldGen       total 1398272K, used 23494K [0x0000000080000000, 0x00000000d5580000, 0x00000000d5580000)
  object space 1398272K, 1% used [0x0000000080000000,0x00000000816f19f0,0x00000000d5580000)
 Metaspace       used 57309K, capacity 58848K, committed 59008K, reserved 1101824K
  class space    used 6625K, capacity 6930K, committed 7040K, reserved 1048576K
Event: 12.548 GC heap after
Heap after GC invocations=6 (full 3):
 PSYoungGen      total 611840K, used 0K [0x00000000d5580000, 0x0000000100000000, 0x0000000100000000)
  eden space 524800K, 0% used [0x00000000d5580000,0x00000000d5580000,0x00000000f5600000)
  from space 87040K, 0% used [0x00000000f5600000,0x00000000f5600000,0x00000000fab00000)
  to   space 87040K, 0% used [0x00000000fab00000,0x00000000fab00000,0x0000000100000000)
 ParOldGen       total 1398272K, used 43953K [0x0000000080000000, 0x00000000d5580000, 0x00000000d5580000)
  object space 1398272K, 3% used [0x0000000080000000,0x0000000082aec7a0,0x00000000d5580000)
 Metaspace       used 57281K, capacity 58786K, committed 59008K, reserved 1101824K
  class space    used 6615K, capacity 6913K, committed 7040K, reserved 1048576K
}

