# JRE version: OpenJDK Runtime Environment (8.0_212-b04) (build 1.8.0_212-b04)
# Java VM: OpenJDK 64-Bit Server VM (25.212-b04 mixed mode linux-amd64 compressed oops)
Heap:
 PSYoungGen      total 611840K, used 253329K [0x00000000d5580000, 0x0000000100000000, 0x0000000100000000)
  eden space 524800K, 48% used [0x00000000d5580000,0x00000000e4ce4498,0x00000000f5600000)
  from space 87040K, 0% used [0x00000000f5600000,0x00000000f5600000,0x00000000fab00000)
  to   space 87040K, 0% used [0x00000000fab00000,0x00000000fab00000,0x0000000100000000)
 ParOldGen       total 1398272K, used 42021K [0x0000000080000000, 0x00000000d5580000, 0x00000000d5580000)
  object space 1398272K, 3% used [0x0000000080000000,0x0000000082909558,0x00000000d5580000)
 Metaspace       used 64144K, capacity 66718K, committed 66816K, reserved 1107968K
  class space    used 7392K, capacity 7845K, committed 7936K, reserved 1048576K
GC Heap History (10 events):
Event: 2.059 GC heap before
{Heap before GC invocations=2 (full 1):
 PSYoungGen      total 611840K, used 14349K [0x00000000d5580000, 0x0000000100000000, 0x0000000100000000)
  eden space 524800K, 0% used [0x00000000d5580000,0x00000000d5580000,0x00000000f5600000)
  from space 87040K, 16% used [0x00000000f5600000,0x00000000f6403448,0x00000000fab00000)
  to   space 87040K, 0% used [0x00000000fab00000,0x00000000fab00000,0x0000000100000000)
 ParOldGen       total 1398272K, used 80K [0x0000000080000000, 0x00000000d5580000, 0x00000000d5580000)
  object space 1398272K, 0% used [0x0000000080000000,0x0000000080014010,0x00000000d5580000)
 Metaspace       used 20842K, capacity 21106K, committed 21248K, reserved 1069056K
  class space    used 2372K, capacity 2482K, committed 2560K, reserved 1048576K
Event: 2.127 GC heap after
Heap after GC invocations=2 (full 1):
 PSYoungGen      total 611840K, used 0K [0x00000000d5580000, 0x0000000100000000, 0x0000000100000000)
  eden space 524800K, 0% used [0x00000000d5580000,0x00000000d5580000,0x00000000f5600000)
  from space 87040K, 0% used [0x00000000f5600000,0x00000000f5600000,0x00000000fab00000)
  to   space 87040K, 0% used [0x00000000fab00000,0x00000000fab00000,0x0000000100000000)
 ParOldGen       total 861184K, used 13802K [0x0000000080000000, 0x00000000b4900000, 0x00000000d5580000)
  object space 861184K, 1% used [0x0000000080000000,0x0000000080d7ab78,0x00000000b4900000)
 Metaspace       used 20842K, capacity 21106K, committed 21248K, reserved 1069056K
  class space    used 2372K, capacity 2482K, committed 2560K, reserved 1048576K
}
Event: 4.308 GC heap before
{Heap before GC invocations=3 (full 1):
 PSYoungGen      total 611840K, used 413810K [0x00000000d5580000, 0x0000000100000000, 0x0000000100000000)
  eden space 524800K, 78% used [0x00000000d5580000,0x00000000ee99cb60,0x00000000f5600000)
  from space 87040K, 0% used [0x00000000f5600000,0x00000000f5600000,0x00000000fab00000)
  to   space 87040K, 0% used [0x00000000fab00000,0x00000000fab00000,0x0000000100000000)
 ParOldGen       total 861184K, used 13802K [0x0000000080000000, 0x00000000b4900000, 0x00000000d5580000)
  object space 861184K, 1% used [0x0000000080000000,0x0000000080d7ab78,0x00000000b4900000)
 Metaspace       used 34740K, capacity 35092K, committed 35416K, reserved 1081344K
  class space    used 3960K, capacity 4060K, committed 4096K, reserved 1048576K
Event: 4.336 GC heap after
Heap after GC invocations=3 (full 1):
 PSYoungGen      total 611840K, used 19267K [0x00000000d5580000, 0x0000000100000000, 0x0000000100000000)
  eden space 524800K, 0% used [0x00000000d5580000,0x00000000d5580000,0x00000000f5600000)
  from space 87040K, 22% used [0x00000000fab00000,0x00000000fbdd0e88,0x0000000100000000)
  to   space 87040K, 0% used [0x00000000f5600000,0x00000000f5600000,0x00000000fab00000)
 ParOldGen       total 861184K, used 13802K [0x0000000080000000, 0x00000000b4900000, 0x00000000d5580000)
  object space 861184K, 1% used [0x0000000080000000,0x0000000080d7ab78,0x00000000b4900000)
 Metaspace       used 34740K, capacity 35092K, committed 35416K, reserved 1081344K
  class space    used 3960K, capacity 4060K, committed 4096K, reserved 1048576K
}
Event: 4.336 GC heap before
{Heap before GC invocations=4 (full 2):
 PSYoungGen      total 611840K, used 19267K [0x00000000d5580000, 0x0000000100000000, 0x0000000100000000)
  eden space 524800K, 0% used [0x00000000d5580000,0x00000000d5580000,0x00000000f5600000)
  from space 87040K, 22% used [0x00000000fab00000,0x00000000fbdd0e88,0x0000000100000000)
  to   space 87040K, 0% used [0x00000000f5600000,0x00000000f5600000,0x00000000fab00000)
 ParOldGen       total 861184K, used 13802K [0x0000000080000000, 0x00000000b4900000, 0x00000000d5580000)
  object space 861184K, 1% used [0x0000000080000000,0x0000000080d7ab78,0x00000000b4900000)
 Metaspace       used 34740K, capacity 35092K, committed 35416K, reserved 1081344K
  class space    used 3960K, capacity 4060K, committed 4096K, reserved 1048576K
Event: 4.413 GC heap after
Heap after GC invocations=4 (full 2):
 PSYoungGen      total 611840K, used 0K [0x00000000d5580000, 0x0000000100000000, 0x0000000100000000)
  eden space 524800K, 0% used [0x00000000d5580000,0x00000000d5580000,0x00000000f5600000)
  from space 87040K, 0% used [0x00000000fab00000,0x00000000fab00000,0x0000000100000000)
  to   space 87040K, 0% used [0x00000000f5600000,0x00000000f5600000,0x00000000fab00000)
 ParOldGen       total 1398272K, used 23563K [0x0000000080000000, 0x00000000d5580000, 0x00000000d5580000)
  object space 1398272K, 1% used [0x0000000080000000,0x0000000081702d50,0x00000000d5580000)
 Metaspace       used 34740K, capacity 35092K, committed 35416K, reserved 1081344K
  class space    used 3960K, capacity 4060K, committed 4096K, reserved 1048576K
}
Event: 11.067 GC heap before
{Heap before GC invocations=5 (full 2):
 PSYoungGen      total 611840K, used 448392K [0x00000000d5580000, 0x0000000100000000, 0x0000000100000000)
  eden space 524800K, 85% used [0x00000000d5580000,0x00000000f0b620b0,0x00000000f5600000)
  from space 87040K, 0% used [0x00000000fab00000,0x00000000fab00000,0x0000000100000000)
  to   space 87040K, 0% used [0x00000000f5600000,0x00000000f5600000,0x00000000fab00000)
 ParOldGen       total 1398272K, used 23563K [0x0000000080000000, 0x00000000d5580000, 0x00000000d5580000)
  object space 1398272K, 1% used [0x0000000080000000,0x0000000081702d50,0x00000000d5580000)
 Metaspace       used 57388K, capacity 58820K, committed 59008K, reserved 1101824K
  class space    used 6645K, capacity 6926K, committed 7040K, reserved 1048576K
Event: 11.130 GC heap after
Heap after GC invocations=5 (full 2):
 PSYoungGen      total 611840K, used 31488K [0x00000000d5580000, 0x0000000100000000, 0x0000000100000000)
  eden space 524800K, 0% used [0x00000000d5580000,0x00000000d5580000,0x00000000f5600000)
  from space 87040K, 36% used [0x00000000f5600000,0x00000000f74c0108,0x00000000fab00000)
  to   space 87040K, 0% used [0x00000000fab00000,0x00000000fab00000,0x0000000100000000)
 ParOldGen       total 1398272K, used 23571K [0x0000000080000000, 0x00000000d5580000, 0x00000000d5580000)
  object space 1398272K, 1% used [0x0000000080000000,0x0000000081704d50,0x00000000d5580000)
 Metaspace       used 57388K, capacity 58820K, committed 59008K, reserved 1101824K
  class space    used 6645K, capacity 6926K, committed 7040K, reserved 1048576K
}
Event: 11.130 GC heap before
{Heap before GC invocations=6 (full 3):
 PSYoungGen      total 611840K, used 31488K [0x00000000d5580000, 0x0000000100000000, 0x0000000100000000)
  eden space 524800K, 0% used [0x00000000d5580000,0x00000000d5580000,0x00000000f5600000)
  from space 87040K, 36% used [0x00000000f5600000,0x00000000f74c0108,0x00000000fab00000)
  to   space 87040K, 0% used [0x00000000fab00000,0x00000000fab00000,0x0000000100000000)
 ParOldGen       total 1398272K, used 23571K [0x0000000080000000, 0x00000000d5580000, 0x00000000d5580000)
  object space 1398272K, 1% used [0x0000000080000000,0x0000000081704d50,0x00000000d5580000)
 Metaspace       used 57388K, capacity 58820K, committed 59008K, reserved 1101824K
  class space    used 6645K, capacity 6926K, committed 7040K, reserved 1048576K
Event: 11.342 GC heap after
Heap after GC invocations=6 (full 3):
 PSYoungGen      total 611840K, used 0K [0x00000000d5580000, 0x0000000100000000, 0x0000000100000000)
  eden space 524800K, 0% used [0x00000000d5580000,0x00000000d5580000,0x00000000f5600000)
  from space 87040K, 0% used [0x00000000f5600000,0x00000000f5600000,0x00000000fab00000)
  to   space 87040K, 0% used [0x00000000fab00000,0x00000000fab00000,0x0000000100000000)
 ParOldGen       total 1398272K, used 42021K [0x0000000080000000, 0x00000000d5580000, 0x00000000d5580000)
  object space 1398272K, 3% used [0x0000000080000000,0x0000000082909558,0x00000000d5580000)
 Metaspace       used 57363K, capacity 58758K, committed 59008K, reserved 1101824K
  class space    used 6637K, capacity 6911K, committed 7040K, reserved 1048576K
}

