# JRE version: OpenJDK Runtime Environment (8.0_212-b04) (build 1.8.0_212-b04)
# Java VM: OpenJDK 64-Bit Server VM (25.212-b04 mixed mode linux-amd64 compressed oops)
Heap:
 PSYoungGen      total 604672K, used 378859K [0x00000000d5580000, 0x00000000fd400000, 0x0000000100000000)
  eden space 524800K, 56% used [0x00000000d5580000,0x00000000e797c730,0x00000000f5600000)
  from space 79872K, 99% used [0x00000000f5600000,0x00000000fa3fe790,0x00000000fa400000)
  to   space 49152K, 0% used [0x00000000fa400000,0x00000000fa400000,0x00000000fd400000)
 ParOldGen       total 1398272K, used 32275K [0x0000000080000000, 0x00000000d5580000, 0x00000000d5580000)
  object space 1398272K, 2% used [0x0000000080000000,0x0000000081f84c70,0x00000000d5580000)
 Metaspace       used 79375K, capacity 82827K, committed 83072K, reserved 1122304K
  class space    used 9145K, capacity 9758K, committed 9856K, reserved 1048576K
GC Heap History (10 events):
Event: 4.342 GC heap before
{Heap before GC invocations=4 (full 2):
 PSYoungGen      total 611840K, used 19467K [0x00000000d5580000, 0x0000000100000000, 0x0000000100000000)
  eden space 524800K, 0% used [0x00000000d5580000,0x00000000d5580000,0x00000000f5600000)
  from space 87040K, 22% used [0x00000000fab00000,0x00000000fbe02d48,0x0000000100000000)
  to   space 87040K, 0% used [0x00000000f5600000,0x00000000f5600000,0x00000000fab00000)
 ParOldGen       total 924160K, used 13512K [0x0000000080000000, 0x00000000b8680000, 0x00000000d5580000)
  object space 924160K, 1% used [0x0000000080000000,0x0000000080d32228,0x00000000b8680000)
 Metaspace       used 34738K, capacity 35018K, committed 35416K, reserved 1081344K
  class space    used 4190K, capacity 4289K, committed 4352K, reserved 1048576K
Event: 4.483 GC heap after
Heap after GC invocations=4 (full 2):
 PSYoungGen      total 611840K, used 0K [0x00000000d5580000, 0x0000000100000000, 0x0000000100000000)
  eden space 524800K, 0% used [0x00000000d5580000,0x00000000d5580000,0x00000000f5600000)
  from space 87040K, 0% used [0x00000000fab00000,0x00000000fab00000,0x0000000100000000)
  to   space 87040K, 0% used [0x00000000f5600000,0x00000000f5600000,0x00000000fab00000)
 ParOldGen       total 1398272K, used 24294K [0x0000000080000000, 0x00000000d5580000, 0x00000000d5580000)
  object space 1398272K, 1% used [0x0000000080000000,0x00000000817b99b8,0x00000000d5580000)
 Metaspace       used 34738K, capacity 35018K, committed 35416K, reserved 1081344K
  class space    used 4190K, capacity 4289K, committed 4352K, reserved 1048576K
}
Event: 7.593 GC heap before
{Heap before GC invocations=5 (full 2):
 PSYoungGen      total 611840K, used 524800K [0x00000000d5580000, 0x0000000100000000, 0x0000000100000000)
  eden space 524800K, 100% used [0x00000000d5580000,0x00000000f5600000,0x00000000f5600000)
  from space 87040K, 0% used [0x00000000fab00000,0x00000000fab00000,0x0000000100000000)
  to   space 87040K, 0% used [0x00000000f5600000,0x00000000f5600000,0x00000000fab00000)
 ParOldGen       total 1398272K, used 24294K [0x0000000080000000, 0x00000000d5580000, 0x00000000d5580000)
  object space 1398272K, 1% used [0x0000000080000000,0x00000000817b99b8,0x00000000d5580000)
 Metaspace       used 49451K, capacity 50208K, committed 50432K, reserved 1093632K
  class space    used 5883K, capacity 6084K, committed 6144K, reserved 1048576K
Event: 7.621 GC heap after
Heap after GC invocations=5 (full 2):
 PSYoungGen      total 611840K, used 21465K [0x00000000d5580000, 0x0000000100000000, 0x0000000100000000)
  eden space 524800K, 0% used [0x00000000d5580000,0x00000000d5580000,0x00000000f5600000)
  from space 87040K, 24% used [0x00000000f5600000,0x00000000f6af6458,0x00000000fab00000)
  to   space 87040K, 0% used [0x00000000fab00000,0x00000000fab00000,0x0000000100000000)
 ParOldGen       total 1398272K, used 24302K [0x0000000080000000, 0x00000000d5580000, 0x00000000d5580000)
  object space 1398272K, 1% used [0x0000000080000000,0x00000000817bb9b8,0x00000000d5580000)
 Metaspace       used 49451K, capacity 50208K, committed 50432K, reserved 1093632K
  class space    used 5883K, capacity 6084K, committed 6144K, reserved 1048576K
}
Event: 11.837 GC heap before
{Heap before GC invocations=6 (full 2):
 PSYoungGen      total 611840K, used 316472K [0x00000000d5580000, 0x0000000100000000, 0x0000000100000000)
  eden space 524800K, 56% used [0x00000000d5580000,0x00000000e7597db0,0x00000000f5600000)
  from space 87040K, 24% used [0x00000000f5600000,0x00000000f6af6458,0x00000000fab00000)
  to   space 87040K, 0% used [0x00000000fab00000,0x00000000fab00000,0x0000000100000000)
 ParOldGen       total 1398272K, used 24302K [0x0000000080000000, 0x00000000d5580000, 0x00000000d5580000)
  object space 1398272K, 1% used [0x0000000080000000,0x00000000817bb9b8,0x00000000d5580000)
 Metaspace       used 57747K, capacity 58973K, committed 59028K, reserved 1101824K
  class space    used 6946K, capacity 7168K, committed 7168K, reserved 1048576K
Event: 11.874 GC heap after
Heap after GC invocations=6 (full 2):
 PSYoungGen      total 611840K, used 19756K [0x00000000d5580000, 0x0000000100000000, 0x0000000100000000)
  eden space 524800K, 0% used [0x00000000d5580000,0x00000000d5580000,0x00000000f5600000)
  from space 87040K, 22% used [0x00000000fab00000,0x00000000fbe4b178,0x0000000100000000)
  to   space 87040K, 0% used [0x00000000f5600000,0x00000000f5600000,0x00000000fab00000)
 ParOldGen       total 1398272K, used 24310K [0x0000000080000000, 0x00000000d5580000, 0x00000000d5580000)
  object space 1398272K, 1% used [0x0000000080000000,0x00000000817bd9b8,0x00000000d5580000)
 Metaspace       used 57747K, capacity 58973K, committed 59028K, reserved 1101824K
  class space    used 6946K, capacity 7168K, committed 7168K, reserved 1048576K
}
Event: 11.874 GC heap before
{Heap before GC invocations=7 (full 3):
 PSYoungGen      total 611840K, used 19756K [0x00000000d5580000, 0x0000000100000000, 0x0000000100000000)
  eden space 524800K, 0% used [0x00000000d5580000,0x00000000d5580000,0x00000000f5600000)
  from space 87040K, 22% used [0x00000000fab00000,0x00000000fbe4b178,0x0000000100000000)
  to   space 87040K, 0% used [0x00000000f5600000,0x00000000f5600000,0x00000000fab00000)
 ParOldGen       total 1398272K, used 24310K [0x0000000080000000, 0x00000000d5580000, 0x00000000d5580000)
  object space 1398272K, 1% used [0x0000000080000000,0x00000000817bd9b8,0x00000000d5580000)
 Metaspace       used 57747K, capacity 58973K, committed 59028K, reserved 1101824K
  class space    used 6946K, capacity 7168K, committed 7168K, reserved 1048576K
Event: 12.118 GC heap after
Heap after GC invocations=7 (full 3):
 PSYoungGen      total 611840K, used 0K [0x00000000d5580000, 0x0000000100000000, 0x0000000100000000)
  eden space 524800K, 0% used [0x00000000d5580000,0x00000000d5580000,0x00000000f5600000)
  from space 87040K, 0% used [0x00000000fab00000,0x00000000fab00000,0x0000000100000000)
  to   space 87040K, 0% used [0x00000000f5600000,0x00000000f5600000,0x00000000fab00000)
 ParOldGen       total 1398272K, used 32267K [0x0000000080000000, 0x00000000d5580000, 0x00000000d5580000)
  object space 1398272K, 2% used [0x0000000080000000,0x0000000081f82c70,0x00000000d5580000)
 Metaspace       used 57669K, capacity 58779K, committed 59028K, reserved 1101824K
  class space    used 6918K, capacity 7119K, committed 7168K, reserved 1048576K
}
Event: 26.404 GC heap before
{Heap before GC invocations=8 (full 3):
 PSYoungGen      total 611840K, used 524044K [0x00000000d5580000, 0x0000000100000000, 0x0000000100000000)
  eden space 524800K, 99% used [0x00000000d5580000,0x00000000f5543328,0x00000000f5600000)
  from space 87040K, 0% used [0x00000000fab00000,0x00000000fab00000,0x0000000100000000)
  to   space 87040K, 0% used [0x00000000f5600000,0x00000000f5600000,0x00000000fab00000)
 ParOldGen       total 1398272K, used 32267K [0x0000000080000000, 0x00000000d5580000, 0x00000000d5580000)
  object space 1398272K, 2% used [0x0000000080000000,0x0000000081f82c70,0x00000000d5580000)
 Metaspace       used 76228K, capacity 78975K, committed 79104K, reserved 1118208K
  class space    used 8889K, capacity 9404K, committed 9472K, reserved 1048576K
Event: 26.515 GC heap after
Heap after GC invocations=8 (full 3):
 PSYoungGen      total 604672K, used 79865K [0x00000000d5580000, 0x00000000fd400000, 0x0000000100000000)
  eden space 524800K, 0% used [0x00000000d5580000,0x00000000d5580000,0x00000000f5600000)
  from space 79872K, 99% used [0x00000000f5600000,0x00000000fa3fe790,0x00000000fa400000)
  to   space 49152K, 0% used [0x00000000fa400000,0x00000000fa400000,0x00000000fd400000)
 ParOldGen       total 1398272K, used 32275K [0x0000000080000000, 0x00000000d5580000, 0x00000000d5580000)
  object space 1398272K, 2% used [0x0000000080000000,0x0000000081f84c70,0x00000000d5580000)
 Metaspace       used 76228K, capacity 78975K, committed 79104K, reserved 1118208K
  class space    used 8889K, capacity 9404K, committed 9472K, reserved 1048576K
}

