# JRE version: OpenJDK Runtime Environment (8.0_212-b04) (build 1.8.0_212-b04)
# Java VM: OpenJDK 64-Bit Server VM (25.212-b04 mixed mode linux-amd64 compressed oops)
Heap:
 PSYoungGen      total 611840K, used 57297K [0x00000000d5580000, 0x0000000100000000, 0x0000000100000000)
  eden space 524800K, 5% used [0x00000000d5580000,0x00000000d7243600,0x00000000f5600000)
  from space 87040K, 31% used [0x00000000f5600000,0x00000000f7131020,0x00000000fab00000)
  to   space 87040K, 0% used [0x00000000fab00000,0x00000000fab00000,0x0000000100000000)
 ParOldGen       total 1328640K, used 23630K [0x0000000080000000, 0x00000000d1180000, 0x00000000d5580000)
  object space 1328640K, 1% used [0x0000000080000000,0x0000000081713b18,0x00000000d1180000)
 Metaspace       used 53048K, capacity 54662K, committed 54784K, reserved 1097728K
  class space    used 6254K, capacity 6577K, committed 6656K, reserved 1048576K
GC Heap History (10 events):
Event: 2.253 GC heap before
{Heap before GC invocations=1 (full 0):
 PSYoungGen      total 611840K, used 199424K [0x00000000d5580000, 0x0000000100000000, 0x0000000100000000)
  eden space 524800K, 38% used [0x00000000d5580000,0x00000000e1840330,0x00000000f5600000)
  from space 87040K, 0% used [0x00000000fab00000,0x00000000fab00000,0x0000000100000000)
  to   space 87040K, 0% used [0x00000000f5600000,0x00000000f5600000,0x00000000fab00000)
 ParOldGen       total 1398272K, used 0K [0x0000000080000000, 0x00000000d5580000, 0x00000000d5580000)
  object space 1398272K, 0% used [0x0000000080000000,0x0000000080000000,0x00000000d5580000)
 Metaspace       used 20824K, capacity 21106K, committed 21248K, reserved 1069056K
  class space    used 2367K, capacity 2482K, committed 2560K, reserved 1048576K
Event: 2.307 GC heap after
Heap after GC invocations=1 (full 0):
 PSYoungGen      total 611840K, used 14274K [0x00000000d5580000, 0x0000000100000000, 0x0000000100000000)
  eden space 524800K, 0% used [0x00000000d5580000,0x00000000d5580000,0x00000000f5600000)
  from space 87040K, 16% used [0x00000000f5600000,0x00000000f63f08d0,0x00000000fab00000)
  to   space 87040K, 0% used [0x00000000fab00000,0x00000000fab00000,0x0000000100000000)
 ParOldGen       total 1398272K, used 80K [0x0000000080000000, 0x00000000d5580000, 0x00000000d5580000)
  object space 1398272K, 0% used [0x0000000080000000,0x0000000080014010,0x00000000d5580000)
 Metaspace       used 20824K, capacity 21106K, committed 21248K, reserved 1069056K
  class space    used 2367K, capacity 2482K, committed 2560K, reserved 1048576K
}
Event: 2.307 GC heap before
{Heap before GC invocations=2 (full 1):
 PSYoungGen      total 611840K, used 14274K [0x00000000d5580000, 0x0000000100000000, 0x0000000100000000)
  eden space 524800K, 0% used [0x00000000d5580000,0x00000000d5580000,0x00000000f5600000)
  from space 87040K, 16% used [0x00000000f5600000,0x00000000f63f08d0,0x00000000fab00000)
  to   space 87040K, 0% used [0x00000000fab00000,0x00000000fab00000,0x0000000100000000)
 ParOldGen       total 1398272K, used 80K [0x0000000080000000, 0x00000000d5580000, 0x00000000d5580000)
  object space 1398272K, 0% used [0x0000000080000000,0x0000000080014010,0x00000000d5580000)
 Metaspace       used 20824K, capacity 21106K, committed 21248K, reserved 1069056K
  class space    used 2367K, capacity 2482K, committed 2560K, reserved 1048576K
Event: 2.370 GC heap after
Heap after GC invocations=2 (full 1):
 PSYoungGen      total 611840K, used 0K [0x00000000d5580000, 0x0000000100000000, 0x0000000100000000)
  eden space 524800K, 0% used [0x00000000d5580000,0x00000000d5580000,0x00000000f5600000)
  from space 87040K, 0% used [0x00000000f5600000,0x00000000f5600000,0x00000000fab00000)
  to   space 87040K, 0% used [0x00000000fab00000,0x00000000fab00000,0x0000000100000000)
 ParOldGen       total 818688K, used 13732K [0x0000000080000000, 0x00000000b1f80000, 0x00000000d5580000)
  object space 818688K, 1% used [0x0000000080000000,0x0000000080d69148,0x00000000b1f80000)
 Metaspace       used 20824K, capacity 21106K, committed 21248K, reserved 1069056K
  class space    used 2367K, capacity 2482K, committed 2560K, reserved 1048576K
}
Event: 4.666 GC heap before
{Heap before GC invocations=3 (full 1):
 PSYoungGen      total 611840K, used 424755K [0x00000000d5580000, 0x0000000100000000, 0x0000000100000000)
  eden space 524800K, 80% used [0x00000000d5580000,0x00000000ef44ce68,0x00000000f5600000)
  from space 87040K, 0% used [0x00000000f5600000,0x00000000f5600000,0x00000000fab00000)
  to   space 87040K, 0% used [0x00000000fab00000,0x00000000fab00000,0x0000000100000000)
 ParOldGen       total 818688K, used 13732K [0x0000000080000000, 0x00000000b1f80000, 0x00000000d5580000)
  object space 818688K, 1% used [0x0000000080000000,0x0000000080d69148,0x00000000b1f80000)
 Metaspace       used 34794K, capacity 35188K, committed 35416K, reserved 1081344K
  class space    used 3978K, capacity 4092K, committed 4096K, reserved 1048576K
Event: 4.704 GC heap after
Heap after GC invocations=3 (full 1):
 PSYoungGen      total 611840K, used 19346K [0x00000000d5580000, 0x0000000100000000, 0x0000000100000000)
  eden space 524800K, 0% used [0x00000000d5580000,0x00000000d5580000,0x00000000f5600000)
  from space 87040K, 22% used [0x00000000fab00000,0x00000000fbde48b8,0x0000000100000000)
  to   space 87040K, 0% used [0x00000000f5600000,0x00000000f5600000,0x00000000fab00000)
 ParOldGen       total 818688K, used 13732K [0x0000000080000000, 0x00000000b1f80000, 0x00000000d5580000)
  object space 818688K, 1% used [0x0000000080000000,0x0000000080d69148,0x00000000b1f80000)
 Metaspace       used 34794K, capacity 35188K, committed 35416K, reserved 1081344K
  class space    used 3978K, capacity 4092K, committed 4096K, reserved 1048576K
}
Event: 4.704 GC heap before
{Heap before GC invocations=4 (full 2):
 PSYoungGen      total 611840K, used 19346K [0x00000000d5580000, 0x0000000100000000, 0x0000000100000000)
  eden space 524800K, 0% used [0x00000000d5580000,0x00000000d5580000,0x00000000f5600000)
  from space 87040K, 22% used [0x00000000fab00000,0x00000000fbde48b8,0x0000000100000000)
  to   space 87040K, 0% used [0x00000000f5600000,0x00000000f5600000,0x00000000fab00000)
 ParOldGen       total 818688K, used 13732K [0x0000000080000000, 0x00000000b1f80000, 0x00000000d5580000)
  object space 818688K, 1% used [0x0000000080000000,0x0000000080d69148,0x00000000b1f80000)
 Metaspace       used 34794K, capacity 35188K, committed 35416K, reserved 1081344K
  class space    used 3978K, capacity 4092K, committed 4096K, reserved 1048576K
Event: 4.796 GC heap after
Heap after GC invocations=4 (full 2):
 PSYoungGen      total 611840K, used 0K [0x00000000d5580000, 0x0000000100000000, 0x0000000100000000)
  eden space 524800K, 0% used [0x00000000d5580000,0x00000000d5580000,0x00000000f5600000)
  from space 87040K, 0% used [0x00000000fab00000,0x00000000fab00000,0x0000000100000000)
  to   space 87040K, 0% used [0x00000000f5600000,0x00000000f5600000,0x00000000fab00000)
 ParOldGen       total 1328640K, used 23622K [0x0000000080000000, 0x00000000d1180000, 0x00000000d5580000)
  object space 1328640K, 1% used [0x0000000080000000,0x0000000081711b18,0x00000000d1180000)
 Metaspace       used 34794K, capacity 35188K, committed 35416K, reserved 1081344K
  class space    used 3978K, capacity 4092K, committed 4096K, reserved 1048576K
}
Event: 47.384 GC heap before
{Heap before GC invocations=5 (full 2):
 PSYoungGen      total 611840K, used 524800K [0x00000000d5580000, 0x0000000100000000, 0x0000000100000000)
  eden space 524800K, 100% used [0x00000000d5580000,0x00000000f5600000,0x00000000f5600000)
  from space 87040K, 0% used [0x00000000fab00000,0x00000000fab00000,0x0000000100000000)
  to   space 87040K, 0% used [0x00000000f5600000,0x00000000f5600000,0x00000000fab00000)
 ParOldGen       total 1328640K, used 23622K [0x0000000080000000, 0x00000000d1180000, 0x00000000d5580000)
  object space 1328640K, 1% used [0x0000000080000000,0x0000000081711b18,0x00000000d1180000)
 Metaspace       used 53013K, capacity 54660K, committed 54784K, reserved 1097728K
  class space    used 6253K, capacity 6576K, committed 6656K, reserved 1048576K
Event: 47.462 GC heap after
Heap after GC invocations=5 (full 2):
 PSYoungGen      total 611840K, used 27844K [0x00000000d5580000, 0x0000000100000000, 0x0000000100000000)
  eden space 524800K, 0% used [0x00000000d5580000,0x00000000d5580000,0x00000000f5600000)
  from space 87040K, 31% used [0x00000000f5600000,0x00000000f7131020,0x00000000fab00000)
  to   space 87040K, 0% used [0x00000000fab00000,0x00000000fab00000,0x0000000100000000)
 ParOldGen       total 1328640K, used 23630K [0x0000000080000000, 0x00000000d1180000, 0x00000000d5580000)
  object space 1328640K, 1% used [0x0000000080000000,0x0000000081713b18,0x00000000d1180000)
 Metaspace       used 53013K, capacity 54660K, committed 54784K, reserved 1097728K
  class space    used 6253K, capacity 6576K, committed 6656K, reserved 1048576K
}

