# JRE version: OpenJDK Runtime Environment (8.0_212-b04) (build 1.8.0_212-b04)
# Java VM: OpenJDK 64-Bit Server VM (25.212-b04 mixed mode linux-amd64 compressed oops)
Heap:
 PSYoungGen      total 611840K, used 119575K [0x00000000d5580000, 0x0000000100000000, 0x0000000100000000)
  eden space 524800K, 22% used [0x00000000d5580000,0x00000000dca45c20,0x00000000f5600000)
  from space 87040K, 0% used [0x00000000f5600000,0x00000000f5600000,0x00000000fab00000)
  to   space 87040K, 0% used [0x00000000fab00000,0x00000000fab00000,0x0000000100000000)
 ParOldGen       total 1398272K, used 37899K [0x0000000080000000, 0x00000000d5580000, 0x00000000d5580000)
  object space 1398272K, 2% used [0x0000000080000000,0x0000000082502dd8,0x00000000d5580000)
 Metaspace       used 60661K, capacity 62282K, committed 62464K, reserved 1103872K
  class space    used 7022K, capacity 7357K, committed 7424K, reserved 1048576K
GC Heap History (10 events):
Event: 2.233 GC heap before
{Heap before GC invocations=2 (full 1):
 PSYoungGen      total 611840K, used 14281K [0x00000000d5580000, 0x0000000100000000, 0x0000000100000000)
  eden space 524800K, 0% used [0x00000000d5580000,0x00000000d5580000,0x00000000f5600000)
  from space 87040K, 16% used [0x00000000f5600000,0x00000000f63f2410,0x00000000fab00000)
  to   space 87040K, 0% used [0x00000000fab00000,0x00000000fab00000,0x0000000100000000)
 ParOldGen       total 1398272K, used 80K [0x0000000080000000, 0x00000000d5580000, 0x00000000d5580000)
  object space 1398272K, 0% used [0x0000000080000000,0x0000000080014010,0x00000000d5580000)
 Metaspace       used 20835K, capacity 21106K, committed 21248K, reserved 1069056K
  class space    used 2367K, capacity 2482K, committed 2560K, reserved 1048576K
Event: 2.296 GC heap after
Heap after GC invocations=2 (full 1):
 PSYoungGen      total 611840K, used 0K [0x00000000d5580000, 0x0000000100000000, 0x0000000100000000)
  eden space 524800K, 0% used [0x00000000d5580000,0x00000000d5580000,0x00000000f5600000)
  from space 87040K, 0% used [0x00000000f5600000,0x00000000f5600000,0x00000000fab00000)
  to   space 87040K, 0% used [0x00000000fab00000,0x00000000fab00000,0x0000000100000000)
 ParOldGen       total 887296K, used 13771K [0x0000000080000000, 0x00000000b6280000, 0x00000000d5580000)
  object space 887296K, 1% used [0x0000000080000000,0x0000000080d72d88,0x00000000b6280000)
 Metaspace       used 20835K, capacity 21106K, committed 21248K, reserved 1069056K
  class space    used 2367K, capacity 2482K, committed 2560K, reserved 1048576K
}
Event: 4.960 GC heap before
{Heap before GC invocations=3 (full 1):
 PSYoungGen      total 611840K, used 424052K [0x00000000d5580000, 0x0000000100000000, 0x0000000100000000)
  eden space 524800K, 80% used [0x00000000d5580000,0x00000000ef39d298,0x00000000f5600000)
  from space 87040K, 0% used [0x00000000f5600000,0x00000000f5600000,0x00000000fab00000)
  to   space 87040K, 0% used [0x00000000fab00000,0x00000000fab00000,0x0000000100000000)
 ParOldGen       total 887296K, used 13771K [0x0000000080000000, 0x00000000b6280000, 0x00000000d5580000)
  object space 887296K, 1% used [0x0000000080000000,0x0000000080d72d88,0x00000000b6280000)
 Metaspace       used 34781K, capacity 35188K, committed 35416K, reserved 1081344K
  class space    used 3974K, capacity 4092K, committed 4096K, reserved 1048576K
Event: 5.003 GC heap after
Heap after GC invocations=3 (full 1):
 PSYoungGen      total 611840K, used 19252K [0x00000000d5580000, 0x0000000100000000, 0x0000000100000000)
  eden space 524800K, 0% used [0x00000000d5580000,0x00000000d5580000,0x00000000f5600000)
  from space 87040K, 22% used [0x00000000fab00000,0x00000000fbdcd3b0,0x0000000100000000)
  to   space 87040K, 0% used [0x00000000f5600000,0x00000000f5600000,0x00000000fab00000)
 ParOldGen       total 887296K, used 13771K [0x0000000080000000, 0x00000000b6280000, 0x00000000d5580000)
  object space 887296K, 1% used [0x0000000080000000,0x0000000080d72d88,0x00000000b6280000)
 Metaspace       used 34781K, capacity 35188K, committed 35416K, reserved 1081344K
  class space    used 3974K, capacity 4092K, committed 4096K, reserved 1048576K
}
Event: 5.003 GC heap before
{Heap before GC invocations=4 (full 2):
 PSYoungGen      total 611840K, used 19252K [0x00000000d5580000, 0x0000000100000000, 0x0000000100000000)
  eden space 524800K, 0% used [0x00000000d5580000,0x00000000d5580000,0x00000000f5600000)
  from space 87040K, 22% used [0x00000000fab00000,0x00000000fbdcd3b0,0x0000000100000000)
  to   space 87040K, 0% used [0x00000000f5600000,0x00000000f5600000,0x00000000fab00000)
 ParOldGen       total 887296K, used 13771K [0x0000000080000000, 0x00000000b6280000, 0x00000000d5580000)
  object space 887296K, 1% used [0x0000000080000000,0x0000000080d72d88,0x00000000b6280000)
 Metaspace       used 34781K, capacity 35188K, committed 35416K, reserved 1081344K
  class space    used 3974K, capacity 4092K, committed 4096K, reserved 1048576K
Event: 5.123 GC heap after
Heap after GC invocations=4 (full 2):
 PSYoungGen      total 611840K, used 0K [0x00000000d5580000, 0x0000000100000000, 0x0000000100000000)
  eden space 524800K, 0% used [0x00000000d5580000,0x00000000d5580000,0x00000000f5600000)
  from space 87040K, 0% used [0x00000000fab00000,0x00000000fab00000,0x0000000100000000)
  to   space 87040K, 0% used [0x00000000f5600000,0x00000000f5600000,0x00000000fab00000)
 ParOldGen       total 1398272K, used 23577K [0x0000000080000000, 0x00000000d5580000, 0x00000000d5580000)
  object space 1398272K, 1% used [0x0000000080000000,0x0000000081706680,0x00000000d5580000)
 Metaspace       used 34781K, capacity 35188K, committed 35416K, reserved 1081344K
  class space    used 3974K, capacity 4092K, committed 4096K, reserved 1048576K
}
Event: 11.636 GC heap before
{Heap before GC invocations=5 (full 2):
 PSYoungGen      total 611840K, used 323966K [0x00000000d5580000, 0x0000000100000000, 0x0000000100000000)
  eden space 524800K, 61% used [0x00000000d5580000,0x00000000e91df878,0x00000000f5600000)
  from space 87040K, 0% used [0x00000000fab00000,0x00000000fab00000,0x0000000100000000)
  to   space 87040K, 0% used [0x00000000f5600000,0x00000000f5600000,0x00000000fab00000)
 ParOldGen       total 1398272K, used 23577K [0x0000000080000000, 0x00000000d5580000, 0x00000000d5580000)
  object space 1398272K, 1% used [0x0000000080000000,0x0000000081706680,0x00000000d5580000)
 Metaspace       used 57522K, capacity 58866K, committed 59008K, reserved 1101824K
  class space    used 6690K, capacity 6965K, committed 7040K, reserved 1048576K
Event: 11.681 GC heap after
Heap after GC invocations=5 (full 2):
 PSYoungGen      total 611840K, used 27186K [0x00000000d5580000, 0x0000000100000000, 0x0000000100000000)
  eden space 524800K, 0% used [0x00000000d5580000,0x00000000d5580000,0x00000000f5600000)
  from space 87040K, 31% used [0x00000000f5600000,0x00000000f708c8e0,0x00000000fab00000)
  to   space 87040K, 0% used [0x00000000fab00000,0x00000000fab00000,0x0000000100000000)
 ParOldGen       total 1398272K, used 23585K [0x0000000080000000, 0x00000000d5580000, 0x00000000d5580000)
  object space 1398272K, 1% used [0x0000000080000000,0x0000000081708680,0x00000000d5580000)
 Metaspace       used 57522K, capacity 58866K, committed 59008K, reserved 1101824K
  class space    used 6690K, capacity 6965K, committed 7040K, reserved 1048576K
}
Event: 11.681 GC heap before
{Heap before GC invocations=6 (full 3):
 PSYoungGen      total 611840K, used 27186K [0x00000000d5580000, 0x0000000100000000, 0x0000000100000000)
  eden space 524800K, 0% used [0x00000000d5580000,0x00000000d5580000,0x00000000f5600000)
  from space 87040K, 31% used [0x00000000f5600000,0x00000000f708c8e0,0x00000000fab00000)
  to   space 87040K, 0% used [0x00000000fab00000,0x00000000fab00000,0x0000000100000000)
 ParOldGen       total 1398272K, used 23585K [0x0000000080000000, 0x00000000d5580000, 0x00000000d5580000)
  object space 1398272K, 1% used [0x0000000080000000,0x0000000081708680,0x00000000d5580000)
 Metaspace       used 57522K, capacity 58866K, committed 59008K, reserved 1101824K
  class space    used 6690K, capacity 6965K, committed 7040K, reserved 1048576K
Event: 11.888 GC heap after
Heap after GC invocations=6 (full 3):
 PSYoungGen      total 611840K, used 0K [0x00000000d5580000, 0x0000000100000000, 0x0000000100000000)
  eden space 524800K, 0% used [0x00000000d5580000,0x00000000d5580000,0x00000000f5600000)
  from space 87040K, 0% used [0x00000000f5600000,0x00000000f5600000,0x00000000fab00000)
  to   space 87040K, 0% used [0x00000000fab00000,0x00000000fab00000,0x0000000100000000)
 ParOldGen       total 1398272K, used 37899K [0x0000000080000000, 0x00000000d5580000, 0x00000000d5580000)
  object space 1398272K, 2% used [0x0000000080000000,0x0000000082502dd8,0x00000000d5580000)
 Metaspace       used 57518K, capacity 58856K, committed 59008K, reserved 1101824K
  class space    used 6689K, capacity 6962K, committed 7040K, reserved 1048576K
}

