# JRE version: OpenJDK Runtime Environment (8.0_212-b04) (build 1.8.0_212-b04)
# Java VM: OpenJDK 64-Bit Server VM (25.212-b04 mixed mode linux-amd64 compressed oops)
Heap:
 PSYoungGen      total 608256K, used 550269K [0x00000000d5580000, 0x00000000fd800000, 0x0000000100000000)
  eden space 524800K, 89% used [0x00000000d5580000,0x00000000f1dadcb8,0x00000000f5600000)
  from space 83456K, 99% used [0x00000000f5600000,0x00000000fa731828,0x00000000fa780000)
  to   space 49664K, 0% used [0x00000000fa780000,0x00000000fa780000,0x00000000fd800000)
 ParOldGen       total 1398272K, used 32562K [0x0000000080000000, 0x00000000d5580000, 0x00000000d5580000)
  object space 1398272K, 2% used [0x0000000080000000,0x0000000081fcc970,0x00000000d5580000)
 Metaspace       used 80450K, capacity 84153K, committed 84352K, reserved 1124352K
  class space    used 9150K, capacity 9793K, committed 9856K, reserved 1048576K
GC Heap History (10 events):
Event: 4.527 GC heap before
{Heap before GC invocations=4 (full 2):
 PSYoungGen      total 611840K, used 19334K [0x00000000d5580000, 0x0000000100000000, 0x0000000100000000)
  eden space 524800K, 0% used [0x00000000d5580000,0x00000000d5580000,0x00000000f5600000)
  from space 87040K, 22% used [0x00000000fab00000,0x00000000fbde1a30,0x0000000100000000)
  to   space 87040K, 0% used [0x00000000f5600000,0x00000000f5600000,0x00000000fab00000)
 ParOldGen       total 876032K, used 13635K [0x0000000080000000, 0x00000000b5780000, 0x00000000d5580000)
  object space 876032K, 1% used [0x0000000080000000,0x0000000080d50ea8,0x00000000b5780000)
 Metaspace       used 34716K, capacity 35018K, committed 35416K, reserved 1081344K
  class space    used 4189K, capacity 4289K, committed 4352K, reserved 1048576K
Event: 4.676 GC heap after
Heap after GC invocations=4 (full 2):
 PSYoungGen      total 611840K, used 0K [0x00000000d5580000, 0x0000000100000000, 0x0000000100000000)
  eden space 524800K, 0% used [0x00000000d5580000,0x00000000d5580000,0x00000000f5600000)
  from space 87040K, 0% used [0x00000000fab00000,0x00000000fab00000,0x0000000100000000)
  to   space 87040K, 0% used [0x00000000f5600000,0x00000000f5600000,0x00000000fab00000)
 ParOldGen       total 1398272K, used 24198K [0x0000000080000000, 0x00000000d5580000, 0x00000000d5580000)
  object space 1398272K, 1% used [0x0000000080000000,0x00000000817a19b0,0x00000000d5580000)
 Metaspace       used 34716K, capacity 35018K, committed 35416K, reserved 1081344K
  class space    used 4189K, capacity 4289K, committed 4352K, reserved 1048576K
}
Event: 7.381 GC heap before
{Heap before GC invocations=5 (full 2):
 PSYoungGen      total 611840K, used 524800K [0x00000000d5580000, 0x0000000100000000, 0x0000000100000000)
  eden space 524800K, 100% used [0x00000000d5580000,0x00000000f5600000,0x00000000f5600000)
  from space 87040K, 0% used [0x00000000fab00000,0x00000000fab00000,0x0000000100000000)
  to   space 87040K, 0% used [0x00000000f5600000,0x00000000f5600000,0x00000000fab00000)
 ParOldGen       total 1398272K, used 24198K [0x0000000080000000, 0x00000000d5580000, 0x00000000d5580000)
  object space 1398272K, 1% used [0x0000000080000000,0x00000000817a19b0,0x00000000d5580000)
 Metaspace       used 49308K, capacity 50054K, committed 50432K, reserved 1093632K
  class space    used 5869K, capacity 6053K, committed 6144K, reserved 1048576K
Event: 7.427 GC heap after
Heap after GC invocations=5 (full 2):
 PSYoungGen      total 611840K, used 20200K [0x00000000d5580000, 0x0000000100000000, 0x0000000100000000)
  eden space 524800K, 0% used [0x00000000d5580000,0x00000000d5580000,0x00000000f5600000)
  from space 87040K, 23% used [0x00000000f5600000,0x00000000f69ba348,0x00000000fab00000)
  to   space 87040K, 0% used [0x00000000fab00000,0x00000000fab00000,0x0000000100000000)
 ParOldGen       total 1398272K, used 24198K [0x0000000080000000, 0x00000000d5580000, 0x00000000d5580000)
  object space 1398272K, 1% used [0x0000000080000000,0x00000000817a19b0,0x00000000d5580000)
 Metaspace       used 49308K, capacity 50054K, committed 50432K, reserved 1093632K
  class space    used 5869K, capacity 6053K, committed 6144K, reserved 1048576K
}
Event: 11.709 GC heap before
{Heap before GC invocations=6 (full 2):
 PSYoungGen      total 611840K, used 327358K [0x00000000d5580000, 0x0000000100000000, 0x0000000100000000)
  eden space 524800K, 58% used [0x00000000d5580000,0x00000000e8175590,0x00000000f5600000)
  from space 87040K, 23% used [0x00000000f5600000,0x00000000f69ba348,0x00000000fab00000)
  to   space 87040K, 0% used [0x00000000fab00000,0x00000000fab00000,0x0000000100000000)
 ParOldGen       total 1398272K, used 24198K [0x0000000080000000, 0x00000000d5580000, 0x00000000d5580000)
  object space 1398272K, 1% used [0x0000000080000000,0x00000000817a19b0,0x00000000d5580000)
 Metaspace       used 57803K, capacity 58977K, committed 59028K, reserved 1101824K
  class space    used 6938K, capacity 7168K, committed 7168K, reserved 1048576K
Event: 11.749 GC heap after
Heap after GC invocations=6 (full 2):
 PSYoungGen      total 611840K, used 20017K [0x00000000d5580000, 0x0000000100000000, 0x0000000100000000)
  eden space 524800K, 0% used [0x00000000d5580000,0x00000000d5580000,0x00000000f5600000)
  from space 87040K, 22% used [0x00000000fab00000,0x00000000fbe8c690,0x0000000100000000)
  to   space 87040K, 0% used [0x00000000f5600000,0x00000000f5600000,0x00000000fab00000)
 ParOldGen       total 1398272K, used 24206K [0x0000000080000000, 0x00000000d5580000, 0x00000000d5580000)
  object space 1398272K, 1% used [0x0000000080000000,0x00000000817a39b0,0x00000000d5580000)
 Metaspace       used 57803K, capacity 58977K, committed 59028K, reserved 1101824K
  class space    used 6938K, capacity 7168K, committed 7168K, reserved 1048576K
}
Event: 11.749 GC heap before
{Heap before GC invocations=7 (full 3):
 PSYoungGen      total 611840K, used 20017K [0x00000000d5580000, 0x0000000100000000, 0x0000000100000000)
  eden space 524800K, 0% used [0x00000000d5580000,0x00000000d5580000,0x00000000f5600000)
  from space 87040K, 22% used [0x00000000fab00000,0x00000000fbe8c690,0x0000000100000000)
  to   space 87040K, 0% used [0x00000000f5600000,0x00000000f5600000,0x00000000fab00000)
 ParOldGen       total 1398272K, used 24206K [0x0000000080000000, 0x00000000d5580000, 0x00000000d5580000)
  object space 1398272K, 1% used [0x0000000080000000,0x00000000817a39b0,0x00000000d5580000)
 Metaspace       used 57803K, capacity 58977K, committed 59028K, reserved 1101824K
  class space    used 6938K, capacity 7168K, committed 7168K, reserved 1048576K
Event: 12.035 GC heap after
Heap after GC invocations=7 (full 3):
 PSYoungGen      total 611840K, used 0K [0x00000000d5580000, 0x0000000100000000, 0x0000000100000000)
  eden space 524800K, 0% used [0x00000000d5580000,0x00000000d5580000,0x00000000f5600000)
  from space 87040K, 0% used [0x00000000fab00000,0x00000000fab00000,0x0000000100000000)
  to   space 87040K, 0% used [0x00000000f5600000,0x00000000f5600000,0x00000000fab00000)
 ParOldGen       total 1398272K, used 32562K [0x0000000080000000, 0x00000000d5580000, 0x00000000d5580000)
  object space 1398272K, 2% used [0x0000000080000000,0x0000000081fcc970,0x00000000d5580000)
 Metaspace       used 57716K, capacity 58771K, committed 59028K, reserved 1101824K
  class space    used 6909K, capacity 7117K, committed 7168K, reserved 1048576K
}
Event: 21.969 GC heap before
{Heap before GC invocations=8 (full 3):
 PSYoungGen      total 611840K, used 523848K [0x00000000d5580000, 0x0000000100000000, 0x0000000100000000)
  eden space 524800K, 99% used [0x00000000d5580000,0x00000000f55123b0,0x00000000f5600000)
  from space 87040K, 0% used [0x00000000fab00000,0x00000000fab00000,0x0000000100000000)
  to   space 87040K, 0% used [0x00000000f5600000,0x00000000f5600000,0x00000000fab00000)
 ParOldGen       total 1398272K, used 32562K [0x0000000080000000, 0x00000000d5580000, 0x00000000d5580000)
  object space 1398272K, 2% used [0x0000000080000000,0x0000000081fcc970,0x00000000d5580000)
 Metaspace       used 76197K, capacity 79307K, committed 79360K, reserved 1120256K
  class space    used 8903K, capacity 9472K, committed 9472K, reserved 1048576K
Event: 22.100 GC heap after
Heap after GC invocations=8 (full 3):
 PSYoungGen      total 608256K, used 83142K [0x00000000d5580000, 0x00000000fd800000, 0x0000000100000000)
  eden space 524800K, 0% used [0x00000000d5580000,0x00000000d5580000,0x00000000f5600000)
  from space 83456K, 99% used [0x00000000f5600000,0x00000000fa731828,0x00000000fa780000)
  to   space 49664K, 0% used [0x00000000fa780000,0x00000000fa780000,0x00000000fd800000)
 ParOldGen       total 1398272K, used 32562K [0x0000000080000000, 0x00000000d5580000, 0x00000000d5580000)
  object space 1398272K, 2% used [0x0000000080000000,0x0000000081fcc970,0x00000000d5580000)
 Metaspace       used 76197K, capacity 79307K, committed 79360K, reserved 1120256K
  class space    used 8903K, capacity 9472K, committed 9472K, reserved 1048576K
}

