# JRE version: OpenJDK Runtime Environment (8.0_212-b04) (build 1.8.0_212-b04)
# Java VM: OpenJDK 64-Bit Server VM (25.212-b04 mixed mode linux-amd64 compressed oops)
Heap:
 PSYoungGen      total 584704K, used 105406K [0x00000000d5580000, 0x00000000fbd00000, 0x0000000100000000)
  eden space 524800K, 8% used [0x00000000d5580000,0x00000000d8248b58,0x00000000f5600000)
  from space 59904K, 99% used [0x00000000f5600000,0x00000000f9026cd0,0x00000000f9080000)
  to   space 45568K, 0% used [0x00000000f9080000,0x00000000f9080000,0x00000000fbd00000)
 ParOldGen       total 1398272K, used 33089K [0x0000000080000000, 0x00000000d5580000, 0x00000000d5580000)
  object space 1398272K, 2% used [0x0000000080000000,0x0000000082050768,0x00000000d5580000)
 Metaspace       used 67943K, capacity 71230K, committed 71424K, reserved 1112064K
  class space    used 7735K, capacity 8325K, committed 8448K, reserved 1048576K
GC Heap History (10 events):
Event: 5.124 GC heap before
{Heap before GC invocations=4 (full 2):
 PSYoungGen      total 611840K, used 14246K [0x00000000d5580000, 0x0000000100000000, 0x0000000100000000)
  eden space 524800K, 0% used [0x00000000d5580000,0x00000000d5580000,0x00000000f5600000)
  from space 87040K, 16% used [0x00000000fab00000,0x00000000fb8e9a80,0x0000000100000000)
  to   space 87040K, 0% used [0x00000000f5600000,0x00000000f5600000,0x00000000fab00000)
 ParOldGen       total 887808K, used 18701K [0x0000000080000000, 0x00000000b6300000, 0x00000000d5580000)
  object space 887808K, 2% used [0x0000000080000000,0x0000000081243790,0x00000000b6300000)
 Metaspace       used 34746K, capacity 35154K, committed 35456K, reserved 1081344K
  class space    used 3967K, capacity 4101K, committed 4224K, reserved 1048576K
Event: 5.244 GC heap after
Heap after GC invocations=4 (full 2):
 PSYoungGen      total 611840K, used 0K [0x00000000d5580000, 0x0000000100000000, 0x0000000100000000)
  eden space 524800K, 0% used [0x00000000d5580000,0x00000000d5580000,0x00000000f5600000)
  from space 87040K, 0% used [0x00000000fab00000,0x00000000fab00000,0x0000000100000000)
  to   space 87040K, 0% used [0x00000000f5600000,0x00000000f5600000,0x00000000fab00000)
 ParOldGen       total 1398272K, used 22486K [0x0000000080000000, 0x00000000d5580000, 0x00000000d5580000)
  object space 1398272K, 1% used [0x0000000080000000,0x00000000815f5af8,0x00000000d5580000)
 Metaspace       used 34746K, capacity 35154K, committed 35456K, reserved 1081344K
  class space    used 3967K, capacity 4101K, committed 4224K, reserved 1048576K
}
Event: 11.369 GC heap before
{Heap before GC invocations=5 (full 2):
 PSYoungGen      total 611840K, used 524800K [0x00000000d5580000, 0x0000000100000000, 0x0000000100000000)
  eden space 524800K, 100% used [0x00000000d5580000,0x00000000f5600000,0x00000000f5600000)
  from space 87040K, 0% used [0x00000000fab00000,0x00000000fab00000,0x0000000100000000)
  to   space 87040K, 0% used [0x00000000f5600000,0x00000000f5600000,0x00000000fab00000)
 ParOldGen       total 1398272K, used 22486K [0x0000000080000000, 0x00000000d5580000, 0x00000000d5580000)
  object space 1398272K, 1% used [0x0000000080000000,0x00000000815f5af8,0x00000000d5580000)
 Metaspace       used 52512K, capacity 53928K, committed 54144K, reserved 1097728K
  class space    used 6207K, capacity 6480K, committed 6528K, reserved 1048576K
Event: 11.432 GC heap after
Heap after GC invocations=5 (full 2):
 PSYoungGen      total 611840K, used 26273K [0x00000000d5580000, 0x0000000100000000, 0x0000000100000000)
  eden space 524800K, 0% used [0x00000000d5580000,0x00000000d5580000,0x00000000f5600000)
  from space 87040K, 30% used [0x00000000f5600000,0x00000000f6fa8448,0x00000000fab00000)
  to   space 87040K, 0% used [0x00000000fab00000,0x00000000fab00000,0x0000000100000000)
 ParOldGen       total 1398272K, used 22494K [0x0000000080000000, 0x00000000d5580000, 0x00000000d5580000)
  object space 1398272K, 1% used [0x0000000080000000,0x00000000815f7af8,0x00000000d5580000)
 Metaspace       used 52512K, capacity 53928K, committed 54144K, reserved 1097728K
  class space    used 6207K, capacity 6480K, committed 6528K, reserved 1048576K
}
Event: 12.398 GC heap before
{Heap before GC invocations=6 (full 2):
 PSYoungGen      total 611840K, used 171739K [0x00000000d5580000, 0x0000000100000000, 0x0000000100000000)
  eden space 524800K, 27% used [0x00000000d5580000,0x00000000de38e828,0x00000000f5600000)
  from space 87040K, 30% used [0x00000000f5600000,0x00000000f6fa8448,0x00000000fab00000)
  to   space 87040K, 0% used [0x00000000fab00000,0x00000000fab00000,0x0000000100000000)
 ParOldGen       total 1398272K, used 22494K [0x0000000080000000, 0x00000000d5580000, 0x00000000d5580000)
  object space 1398272K, 1% used [0x0000000080000000,0x00000000815f7af8,0x00000000d5580000)
 Metaspace       used 57394K, capacity 58910K, committed 59096K, reserved 1101824K
  class space    used 6647K, capacity 6935K, committed 7040K, reserved 1048576K
Event: 12.437 GC heap after
Heap after GC invocations=6 (full 2):
 PSYoungGen      total 611840K, used 20670K [0x00000000d5580000, 0x0000000100000000, 0x0000000100000000)
  eden space 524800K, 0% used [0x00000000d5580000,0x00000000d5580000,0x00000000f5600000)
  from space 87040K, 23% used [0x00000000fab00000,0x00000000fbf2fac0,0x0000000100000000)
  to   space 87040K, 0% used [0x00000000f5600000,0x00000000f5600000,0x00000000fab00000)
 ParOldGen       total 1398272K, used 22502K [0x0000000080000000, 0x00000000d5580000, 0x00000000d5580000)
  object space 1398272K, 1% used [0x0000000080000000,0x00000000815f9af8,0x00000000d5580000)
 Metaspace       used 57394K, capacity 58910K, committed 59096K, reserved 1101824K
  class space    used 6647K, capacity 6935K, committed 7040K, reserved 1048576K
}
Event: 12.437 GC heap before
{Heap before GC invocations=7 (full 3):
 PSYoungGen      total 611840K, used 20670K [0x00000000d5580000, 0x0000000100000000, 0x0000000100000000)
  eden space 524800K, 0% used [0x00000000d5580000,0x00000000d5580000,0x00000000f5600000)
  from space 87040K, 23% used [0x00000000fab00000,0x00000000fbf2fac0,0x0000000100000000)
  to   space 87040K, 0% used [0x00000000f5600000,0x00000000f5600000,0x00000000fab00000)
 ParOldGen       total 1398272K, used 22502K [0x0000000080000000, 0x00000000d5580000, 0x00000000d5580000)
  object space 1398272K, 1% used [0x0000000080000000,0x00000000815f9af8,0x00000000d5580000)
 Metaspace       used 57394K, capacity 58910K, committed 59096K, reserved 1101824K
  class space    used 6647K, capacity 6935K, committed 7040K, reserved 1048576K
Event: 12.717 GC heap after
Heap after GC invocations=7 (full 3):
 PSYoungGen      total 611840K, used 0K [0x00000000d5580000, 0x0000000100000000, 0x0000000100000000)
  eden space 524800K, 0% used [0x00000000d5580000,0x00000000d5580000,0x00000000f5600000)
  from space 87040K, 0% used [0x00000000fab00000,0x00000000fab00000,0x0000000100000000)
  to   space 87040K, 0% used [0x00000000f5600000,0x00000000f5600000,0x00000000fab00000)
 ParOldGen       total 1398272K, used 33069K [0x0000000080000000, 0x00000000d5580000, 0x00000000d5580000)
  object space 1398272K, 2% used [0x0000000080000000,0x000000008204b638,0x00000000d5580000)
 Metaspace       used 57296K, capacity 58680K, committed 59096K, reserved 1101824K
  class space    used 6615K, capacity 6878K, committed 7040K, reserved 1048576K
}
Event: 25.456 GC heap before
{Heap before GC invocations=8 (full 3):
 PSYoungGen      total 611840K, used 524800K [0x00000000d5580000, 0x0000000100000000, 0x0000000100000000)
  eden space 524800K, 100% used [0x00000000d5580000,0x00000000f5600000,0x00000000f5600000)
  from space 87040K, 0% used [0x00000000fab00000,0x00000000fab00000,0x0000000100000000)
  to   space 87040K, 0% used [0x00000000f5600000,0x00000000f5600000,0x00000000fab00000)
 ParOldGen       total 1398272K, used 33069K [0x0000000080000000, 0x00000000d5580000, 0x00000000d5580000)
  object space 1398272K, 2% used [0x0000000080000000,0x000000008204b638,0x00000000d5580000)
 Metaspace       used 67683K, capacity 71014K, committed 71168K, reserved 1112064K
  class space    used 7722K, capacity 8321K, committed 8448K, reserved 1048576K
Event: 25.539 GC heap after
Heap after GC invocations=8 (full 3):
 PSYoungGen      total 584704K, used 59547K [0x00000000d5580000, 0x00000000fbd00000, 0x0000000100000000)
  eden space 524800K, 0% used [0x00000000d5580000,0x00000000d5580000,0x00000000f5600000)
  from space 59904K, 99% used [0x00000000f5600000,0x00000000f9026cd0,0x00000000f9080000)
  to   space 45568K, 0% used [0x00000000f9080000,0x00000000f9080000,0x00000000fbd00000)
 ParOldGen       total 1398272K, used 33089K [0x0000000080000000, 0x00000000d5580000, 0x00000000d5580000)
  object space 1398272K, 2% used [0x0000000080000000,0x0000000082050768,0x00000000d5580000)
 Metaspace       used 67683K, capacity 71014K, committed 71168K, reserved 1112064K
  class space    used 7722K, capacity 8321K, committed 8448K, reserved 1048576K
}

