# JRE version: OpenJDK Runtime Environment (8.0_212-b04) (build 1.8.0_212-b04)
# Java VM: OpenJDK 64-Bit Server VM (25.212-b04 mixed mode linux-amd64 compressed oops)
Heap:
 PSYoungGen      total 489984K, used 231871K [0x00000000d5580000, 0x00000000ffa80000, 0x0000000100000000)
  eden space 408576K, 36% used [0x00000000d5580000,0x00000000de8ac618,0x00000000ee480000)
  from space 81408K, 99% used [0x00000000ee900000,0x00000000f38438e0,0x00000000f3880000)
  to   space 142336K, 0% used [0x00000000f6f80000,0x00000000f6f80000,0x00000000ffa80000)
 ParOldGen       total 1398272K, used 109196K [0x0000000080000000, 0x00000000d5580000, 0x00000000d5580000)
  object space 1398272K, 7% used [0x0000000080000000,0x0000000086aa3230,0x00000000d5580000)
 Metaspace       used 71522K, capacity 74984K, committed 75264K, reserved 1116160K
  class space    used 7779K, capacity 8384K, committed 8448K, reserved 1048576K
GC Heap History (10 events):
Event: 11.094 GC heap before
{Heap before GC invocations=6 (full 3):
 PSYoungGen      total 611840K, used 33875K [0x00000000d5580000, 0x0000000100000000, 0x0000000100000000)
  eden space 524800K, 0% used [0x00000000d5580000,0x00000000d5580000,0x00000000f5600000)
  from space 87040K, 38% used [0x00000000f5600000,0x00000000f7714ce0,0x00000000fab00000)
  to   space 87040K, 0% used [0x00000000fab00000,0x00000000fab00000,0x0000000100000000)
 ParOldGen       total 1398272K, used 23651K [0x0000000080000000, 0x00000000d5580000, 0x00000000d5580000)
  object space 1398272K, 1% used [0x0000000080000000,0x0000000081718fe8,0x00000000d5580000)
 Metaspace       used 57395K, capacity 58808K, committed 59008K, reserved 1101824K
  class space    used 6640K, capacity 6936K, committed 7040K, reserved 1048576K
Event: 11.320 GC heap after
Heap after GC invocations=6 (full 3):
 PSYoungGen      total 611840K, used 0K [0x00000000d5580000, 0x0000000100000000, 0x0000000100000000)
  eden space 524800K, 0% used [0x00000000d5580000,0x00000000d5580000,0x00000000f5600000)
  from space 87040K, 0% used [0x00000000f5600000,0x00000000f5600000,0x00000000fab00000)
  to   space 87040K, 0% used [0x00000000fab00000,0x00000000fab00000,0x0000000100000000)
 ParOldGen       total 1398272K, used 44484K [0x0000000080000000, 0x00000000d5580000, 0x00000000d5580000)
  object space 1398272K, 3% used [0x0000000080000000,0x0000000082b71200,0x00000000d5580000)
 Metaspace       used 57365K, capacity 58740K, committed 59008K, reserved 1101824K
  class space    used 6630K, capacity 6918K, committed 7040K, reserved 1048576K
}
Event: 105.104 GC heap before
{Heap before GC invocations=7 (full 3):
 PSYoungGen      total 611840K, used 524800K [0x00000000d5580000, 0x0000000100000000, 0x0000000100000000)
  eden space 524800K, 100% used [0x00000000d5580000,0x00000000f5600000,0x00000000f5600000)
  from space 87040K, 0% used [0x00000000f5600000,0x00000000f5600000,0x00000000fab00000)
  to   space 87040K, 0% used [0x00000000fab00000,0x00000000fab00000,0x0000000100000000)
 ParOldGen       total 1398272K, used 44484K [0x0000000080000000, 0x00000000d5580000, 0x00000000d5580000)
  object space 1398272K, 3% used [0x0000000080000000,0x0000000082b71200,0x00000000d5580000)
 Metaspace       used 66605K, capacity 69334K, committed 69504K, reserved 1110016K
  class space    used 7564K, capacity 8047K, committed 8064K, reserved 1048576K
Event: 105.227 GC heap after
Heap after GC invocations=7 (full 3):
 PSYoungGen      total 611840K, used 48410K [0x00000000d5580000, 0x0000000100000000, 0x0000000100000000)
  eden space 524800K, 0% used [0x00000000d5580000,0x00000000d5580000,0x00000000f5600000)
  from space 87040K, 55% used [0x00000000fab00000,0x00000000fda46a68,0x0000000100000000)
  to   space 87040K, 0% used [0x00000000f5600000,0x00000000f5600000,0x00000000fab00000)
 ParOldGen       total 1398272K, used 44492K [0x0000000080000000, 0x00000000d5580000, 0x00000000d5580000)
  object space 1398272K, 3% used [0x0000000080000000,0x0000000082b73200,0x00000000d5580000)
 Metaspace       used 66605K, capacity 69334K, committed 69504K, reserved 1110016K
  class space    used 7564K, capacity 8047K, committed 8064K, reserved 1048576K
}
Event: 342.561 GC heap before
{Heap before GC invocations=8 (full 3):
 PSYoungGen      total 611840K, used 573210K [0x00000000d5580000, 0x0000000100000000, 0x0000000100000000)
  eden space 524800K, 100% used [0x00000000d5580000,0x00000000f5600000,0x00000000f5600000)
  from space 87040K, 55% used [0x00000000fab00000,0x00000000fda46a68,0x0000000100000000)
  to   space 87040K, 0% used [0x00000000f5600000,0x00000000f5600000,0x00000000fab00000)
 ParOldGen       total 1398272K, used 44492K [0x0000000080000000, 0x00000000d5580000, 0x00000000d5580000)
  object space 1398272K, 3% used [0x0000000080000000,0x0000000082b73200,0x00000000d5580000)
 Metaspace       used 69106K, capacity 72282K, committed 72576K, reserved 1114112K
  class space    used 7682K, capacity 8255K, committed 8320K, reserved 1048576K
Event: 342.748 GC heap after
Heap after GC invocations=8 (full 3):
 PSYoungGen      total 611840K, used 87015K [0x00000000d5580000, 0x0000000100000000, 0x0000000100000000)
  eden space 524800K, 0% used [0x00000000d5580000,0x00000000d5580000,0x00000000f5600000)
  from space 87040K, 99% used [0x00000000f5600000,0x00000000faaf9d80,0x00000000fab00000)
  to   space 87040K, 0% used [0x00000000fab00000,0x00000000fab00000,0x0000000100000000)
 ParOldGen       total 1398272K, used 56436K [0x0000000080000000, 0x00000000d5580000, 0x00000000d5580000)
  object space 1398272K, 4% used [0x0000000080000000,0x000000008371d200,0x00000000d5580000)
 Metaspace       used 69106K, capacity 72282K, committed 72576K, reserved 1114112K
  class space    used 7682K, capacity 8255K, committed 8320K, reserved 1048576K
}
Event: 607.263 GC heap before
{Heap before GC invocations=9 (full 3):
 PSYoungGen      total 611840K, used 611815K [0x00000000d5580000, 0x0000000100000000, 0x0000000100000000)
  eden space 524800K, 100% used [0x00000000d5580000,0x00000000f5600000,0x00000000f5600000)
  from space 87040K, 99% used [0x00000000f5600000,0x00000000faaf9d80,0x00000000fab00000)
  to   space 87040K, 0% used [0x00000000fab00000,0x00000000fab00000,0x0000000100000000)
 ParOldGen       total 1398272K, used 56436K [0x0000000080000000, 0x00000000d5580000, 0x00000000d5580000)
  object space 1398272K, 4% used [0x0000000080000000,0x000000008371d200,0x00000000d5580000)
 Metaspace       used 70508K, capacity 73912K, committed 74240K, reserved 1116160K
  class space    used 7751K, capacity 8350K, committed 8448K, reserved 1048576K
Event: 607.504 GC heap after
Heap after GC invocations=9 (full 3):
 PSYoungGen      total 500224K, used 87020K [0x00000000d5580000, 0x0000000100000000, 0x0000000100000000)
  eden space 413184K, 0% used [0x00000000d5580000,0x00000000d5580000,0x00000000ee900000)
  from space 87040K, 99% used [0x00000000fab00000,0x00000000ffffb3c0,0x0000000100000000)
  to   space 142848K, 0% used [0x00000000ee900000,0x00000000ee900000,0x00000000f7480000)
 ParOldGen       total 1398272K, used 109196K [0x0000000080000000, 0x00000000d5580000, 0x00000000d5580000)
  object space 1398272K, 7% used [0x0000000080000000,0x0000000086aa3230,0x00000000d5580000)
 Metaspace       used 70508K, capacity 73912K, committed 74240K, reserved 1116160K
  class space    used 7751K, capacity 8350K, committed 8448K, reserved 1048576K
}
Event: 696.019 GC heap before
{Heap before GC invocations=10 (full 3):
 PSYoungGen      total 500224K, used 500204K [0x00000000d5580000, 0x0000000100000000, 0x0000000100000000)
  eden space 413184K, 100% used [0x00000000d5580000,0x00000000ee900000,0x00000000ee900000)
  from space 87040K, 99% used [0x00000000fab00000,0x00000000ffffb3c0,0x0000000100000000)
  to   space 142848K, 0% used [0x00000000ee900000,0x00000000ee900000,0x00000000f7480000)
 ParOldGen       total 1398272K, used 109196K [0x0000000080000000, 0x00000000d5580000, 0x00000000d5580000)
  object space 1398272K, 7% used [0x0000000080000000,0x0000000086aa3230,0x00000000d5580000)
 Metaspace       used 71340K, capacity 74800K, committed 75008K, reserved 1116160K
  class space    used 7774K, capacity 8376K, committed 8448K, reserved 1048576K
Event: 696.234 GC heap after
Heap after GC invocations=10 (full 3):
 PSYoungGen      total 489984K, used 81166K [0x00000000d5580000, 0x00000000ffa80000, 0x0000000100000000)
  eden space 408576K, 0% used [0x00000000d5580000,0x00000000d5580000,0x00000000ee480000)
  from space 81408K, 99% used [0x00000000ee900000,0x00000000f38438e0,0x00000000f3880000)
  to   space 142336K, 0% used [0x00000000f6f80000,0x00000000f6f80000,0x00000000ffa80000)
 ParOldGen       total 1398272K, used 109196K [0x0000000080000000, 0x00000000d5580000, 0x00000000d5580000)
  object space 1398272K, 7% used [0x0000000080000000,0x0000000086aa3230,0x00000000d5580000)
 Metaspace       used 71340K, capacity 74800K, committed 75008K, reserved 1116160K
  class space    used 7774K, capacity 8376K, committed 8448K, reserved 1048576K
}

