# JRE version: OpenJDK Runtime Environment (8.0_212-b04) (build 1.8.0_212-b04)
# Java VM: OpenJDK 64-Bit Server VM (25.212-b04 mixed mode linux-amd64 compressed oops)
Heap:
 PSYoungGen      total 579584K, used 499642K [0x00000000d5580000, 0x0000000100000000, 0x0000000100000000)
  eden space 547840K, 91% used [0x00000000d5580000,0x00000000f3d6eb48,0x00000000f6c80000)
  from space 31744K, 0% used [0x00000000f8c80000,0x00000000f8c80000,0x00000000fab80000)
  to   space 32768K, 0% used [0x00000000f6c80000,0x00000000f6c80000,0x00000000f8c80000)
 ParOldGen       total 1398272K, used 544443K [0x0000000080000000, 0x00000000d5580000, 0x00000000d5580000)
  object space 1398272K, 38% used [0x0000000080000000,0x00000000a13aeda0,0x00000000d5580000)
 Metaspace       used 65282K, capacity 67756K, committed 68096K, reserved 1110016K
  class space    used 7403K, capacity 7854K, committed 7936K, reserved 1048576K
GC Heap History (10 events):
Event: 12.145 GC heap before
{Heap before GC invocations=6 (full 2):
 PSYoungGen      total 611840K, used 319163K [0x00000000d5580000, 0x0000000100000000, 0x0000000100000000)
  eden space 524800K, 57% used [0x00000000d5580000,0x00000000e7ca7378,0x00000000f5600000)
  from space 87040K, 19% used [0x00000000f5600000,0x00000000f6687a98,0x00000000fab00000)
  to   space 87040K, 0% used [0x00000000fab00000,0x00000000fab00000,0x0000000100000000)
 ParOldGen       total 1398272K, used 23973K [0x0000000080000000, 0x00000000d5580000, 0x00000000d5580000)
  object space 1398272K, 1% used [0x0000000080000000,0x0000000081769498,0x00000000d5580000)
 Metaspace       used 57558K, capacity 58926K, committed 59028K, reserved 1101824K
  class space    used 6635K, capacity 6885K, committed 6912K, reserved 1048576K
Event: 12.212 GC heap after
Heap after GC invocations=6 (full 2):
 PSYoungGen      total 611840K, used 30367K [0x00000000d5580000, 0x0000000100000000, 0x0000000100000000)
  eden space 524800K, 0% used [0x00000000d5580000,0x00000000d5580000,0x00000000f5600000)
  from space 87040K, 34% used [0x00000000fab00000,0x00000000fc8a7e98,0x0000000100000000)
  to   space 87040K, 0% used [0x00000000f5600000,0x00000000f5600000,0x00000000fab00000)
 ParOldGen       total 1398272K, used 23981K [0x0000000080000000, 0x00000000d5580000, 0x00000000d5580000)
  object space 1398272K, 1% used [0x0000000080000000,0x000000008176b498,0x00000000d5580000)
 Metaspace       used 57558K, capacity 58926K, committed 59028K, reserved 1101824K
  class space    used 6635K, capacity 6885K, committed 6912K, reserved 1048576K
}
Event: 12.212 GC heap before
{Heap before GC invocations=7 (full 3):
 PSYoungGen      total 611840K, used 30367K [0x00000000d5580000, 0x0000000100000000, 0x0000000100000000)
  eden space 524800K, 0% used [0x00000000d5580000,0x00000000d5580000,0x00000000f5600000)
  from space 87040K, 34% used [0x00000000fab00000,0x00000000fc8a7e98,0x0000000100000000)
  to   space 87040K, 0% used [0x00000000f5600000,0x00000000f5600000,0x00000000fab00000)
 ParOldGen       total 1398272K, used 23981K [0x0000000080000000, 0x00000000d5580000, 0x00000000d5580000)
  object space 1398272K, 1% used [0x0000000080000000,0x000000008176b498,0x00000000d5580000)
 Metaspace       used 57558K, capacity 58926K, committed 59028K, reserved 1101824K
  class space    used 6635K, capacity 6885K, committed 6912K, reserved 1048576K
Event: 12.546 GC heap after
Heap after GC invocations=7 (full 3):
 PSYoungGen      total 611840K, used 0K [0x00000000d5580000, 0x0000000100000000, 0x0000000100000000)
  eden space 524800K, 0% used [0x00000000d5580000,0x00000000d5580000,0x00000000f5600000)
  from space 87040K, 0% used [0x00000000fab00000,0x00000000fab00000,0x0000000100000000)
  to   space 87040K, 0% used [0x00000000f5600000,0x00000000f5600000,0x00000000fab00000)
 ParOldGen       total 1398272K, used 41659K [0x0000000080000000, 0x00000000d5580000, 0x00000000d5580000)
  object space 1398272K, 2% used [0x0000000080000000,0x00000000828aed20,0x00000000d5580000)
 Metaspace       used 57533K, capacity 58860K, committed 59028K, reserved 1101824K
  class space    used 6626K, capacity 6870K, committed 6912K, reserved 1048576K
}
Event: 19.016 GC heap before
{Heap before GC invocations=8 (full 3):
 PSYoungGen      total 611840K, used 343294K [0x00000000d5580000, 0x0000000100000000, 0x0000000100000000)
  eden space 524800K, 65% used [0x00000000d5580000,0x00000000ea4bf850,0x00000000f5600000)
  from space 87040K, 0% used [0x00000000fab00000,0x00000000fab00000,0x0000000100000000)
  to   space 87040K, 0% used [0x00000000f5600000,0x00000000f5600000,0x00000000fab00000)
 ParOldGen       total 1398272K, used 41659K [0x0000000080000000, 0x00000000d5580000, 0x00000000d5580000)
  object space 1398272K, 2% used [0x0000000080000000,0x00000000828aed20,0x00000000d5580000)
 Metaspace       used 59936K, capacity 61904K, committed 62208K, reserved 1103872K
  class space    used 6959K, capacity 7328K, committed 7424K, reserved 1048576K
Event: 19.262 GC heap after
Heap after GC invocations=8 (full 3):
 PSYoungGen      total 532992K, used 8017K [0x00000000d5580000, 0x00000000fab80000, 0x0000000100000000)
  eden space 524800K, 0% used [0x00000000d5580000,0x00000000d5580000,0x00000000f5600000)
  from space 8192K, 97% used [0x00000000f5600000,0x00000000f5dd46c8,0x00000000f5e00000)
  to   space 31744K, 0% used [0x00000000f8c80000,0x00000000f8c80000,0x00000000fab80000)
 ParOldGen       total 1398272K, used 451259K [0x0000000080000000, 0x00000000d5580000, 0x00000000d5580000)
  object space 1398272K, 32% used [0x0000000080000000,0x000000009b8aed40,0x00000000d5580000)
 Metaspace       used 59936K, capacity 61904K, committed 62208K, reserved 1103872K
  class space    used 6959K, capacity 7328K, committed 7424K, reserved 1048576K
}
Event: 19.494 GC heap before
{Heap before GC invocations=9 (full 3):
 PSYoungGen      total 532992K, used 532817K [0x00000000d5580000, 0x00000000fab80000, 0x0000000100000000)
  eden space 524800K, 100% used [0x00000000d5580000,0x00000000f5600000,0x00000000f5600000)
  from space 8192K, 97% used [0x00000000f5600000,0x00000000f5dd46c8,0x00000000f5e00000)
  to   space 31744K, 0% used [0x00000000f8c80000,0x00000000f8c80000,0x00000000fab80000)
 ParOldGen       total 1398272K, used 451259K [0x0000000080000000, 0x00000000d5580000, 0x00000000d5580000)
  object space 1398272K, 32% used [0x0000000080000000,0x000000009b8aed40,0x00000000d5580000)
 Metaspace       used 59937K, capacity 61904K, committed 62208K, reserved 1103872K
  class space    used 6959K, capacity 7328K, committed 7424K, reserved 1048576K
Event: 19.988 GC heap after
Heap after GC invocations=9 (full 3):
 PSYoungGen      total 579584K, used 3824K [0x00000000d5580000, 0x0000000100000000, 0x0000000100000000)
  eden space 547840K, 0% used [0x00000000d5580000,0x00000000d5580000,0x00000000f6c80000)
  from space 31744K, 12% used [0x00000000f8c80000,0x00000000f903c060,0x00000000fab80000)
  to   space 32768K, 0% used [0x00000000f6c80000,0x00000000f6c80000,0x00000000f8c80000)
 ParOldGen       total 1398272K, used 963259K [0x0000000080000000, 0x00000000d5580000, 0x00000000d5580000)
  object space 1398272K, 68% used [0x0000000080000000,0x00000000bacaed60,0x00000000d5580000)
 Metaspace       used 59937K, capacity 61904K, committed 62208K, reserved 1103872K
  class space    used 6959K, capacity 7328K, committed 7424K, reserved 1048576K
}
Event: 19.988 GC heap before
{Heap before GC invocations=10 (full 4):
 PSYoungGen      total 579584K, used 3824K [0x00000000d5580000, 0x0000000100000000, 0x0000000100000000)
  eden space 547840K, 0% used [0x00000000d5580000,0x00000000d5580000,0x00000000f6c80000)
  from space 31744K, 12% used [0x00000000f8c80000,0x00000000f903c060,0x00000000fab80000)
  to   space 32768K, 0% used [0x00000000f6c80000,0x00000000f6c80000,0x00000000f8c80000)
 ParOldGen       total 1398272K, used 963259K [0x0000000080000000, 0x00000000d5580000, 0x00000000d5580000)
  object space 1398272K, 68% used [0x0000000080000000,0x00000000bacaed60,0x00000000d5580000)
 Metaspace       used 59937K, capacity 61904K, committed 62208K, reserved 1103872K
  class space    used 6959K, capacity 7328K, committed 7424K, reserved 1048576K
Event: 20.273 GC heap after
Heap after GC invocations=10 (full 4):
 PSYoungGen      total 579584K, used 0K [0x00000000d5580000, 0x0000000100000000, 0x0000000100000000)
  eden space 547840K, 0% used [0x00000000d5580000,0x00000000d5580000,0x00000000f6c80000)
  from space 31744K, 0% used [0x00000000f8c80000,0x00000000f8c80000,0x00000000fab80000)
  to   space 32768K, 0% used [0x00000000f6c80000,0x00000000f6c80000,0x00000000f8c80000)
 ParOldGen       total 1398272K, used 544443K [0x0000000080000000, 0x00000000d5580000, 0x00000000d5580000)
  object space 1398272K, 38% used [0x0000000080000000,0x00000000a13aeda0,0x00000000d5580000)
 Metaspace       used 59774K, capacity 61472K, committed 62208K, reserved 1103872K
  class space    used 6902K, capacity 7224K, committed 7424K, reserved 1048576K
}

