# JRE version: OpenJDK Runtime Environment (8.0_212-b04) (build 1.8.0_212-b04)
# Java VM: OpenJDK 64-Bit Server VM (25.212-b04 mixed mode linux-amd64 compressed oops)
Heap:
 PSYoungGen      total 611840K, used 571952K [0x00000000d5580000, 0x0000000100000000, 0x0000000100000000)
  eden space 524800K, 93% used [0x00000000d5580000,0x00000000f3608cc8,0x00000000f5600000)
  from space 87040K, 91% used [0x00000000fab00000,0x00000000ff9033a8,0x0000000100000000)
  to   space 87040K, 0% used [0x00000000f5600000,0x00000000f5600000,0x00000000fab00000)
 ParOldGen       total 1398272K, used 44403K [0x0000000080000000, 0x00000000d5580000, 0x00000000d5580000)
  object space 1398272K, 3% used [0x0000000080000000,0x0000000082b5cc18,0x00000000d5580000)
 Metaspace       used 68512K, capacity 71652K, committed 71680K, reserved 1112064K
  class space    used 7631K, capacity 8190K, committed 8192K, reserved 1048576K
GC Heap History (10 events):
Event: 4.451 GC heap before
{Heap before GC invocations=3 (full 1):
 PSYoungGen      total 611840K, used 445170K [0x00000000d5580000, 0x0000000100000000, 0x0000000100000000)
  eden space 524800K, 84% used [0x00000000d5580000,0x00000000f083ca68,0x00000000f5600000)
  from space 87040K, 0% used [0x00000000f5600000,0x00000000f5600000,0x00000000fab00000)
  to   space 87040K, 0% used [0x00000000fab00000,0x00000000fab00000,0x0000000100000000)
 ParOldGen       total 949248K, used 13775K [0x0000000080000000, 0x00000000b9f00000, 0x00000000d5580000)
  object space 949248K, 1% used [0x0000000080000000,0x0000000080d73d88,0x00000000b9f00000)
 Metaspace       used 34842K, capacity 35188K, committed 35416K, reserved 1081344K
  class space    used 3976K, capacity 4092K, committed 4096K, reserved 1048576K
Event: 4.493 GC heap after
Heap after GC invocations=3 (full 1):
 PSYoungGen      total 611840K, used 19264K [0x00000000d5580000, 0x0000000100000000, 0x0000000100000000)
  eden space 524800K, 0% used [0x00000000d5580000,0x00000000d5580000,0x00000000f5600000)
  from space 87040K, 22% used [0x00000000fab00000,0x00000000fbdd0268,0x0000000100000000)
  to   space 87040K, 0% used [0x00000000f5600000,0x00000000f5600000,0x00000000fab00000)
 ParOldGen       total 949248K, used 13775K [0x0000000080000000, 0x00000000b9f00000, 0x00000000d5580000)
  object space 949248K, 1% used [0x0000000080000000,0x0000000080d73d88,0x00000000b9f00000)
 Metaspace       used 34842K, capacity 35188K, committed 35416K, reserved 1081344K
  class space    used 3976K, capacity 4092K, committed 4096K, reserved 1048576K
}
Event: 4.493 GC heap before
{Heap before GC invocations=4 (full 2):
 PSYoungGen      total 611840K, used 19264K [0x00000000d5580000, 0x0000000100000000, 0x0000000100000000)
  eden space 524800K, 0% used [0x00000000d5580000,0x00000000d5580000,0x00000000f5600000)
  from space 87040K, 22% used [0x00000000fab00000,0x00000000fbdd0268,0x0000000100000000)
  to   space 87040K, 0% used [0x00000000f5600000,0x00000000f5600000,0x00000000fab00000)
 ParOldGen       total 949248K, used 13775K [0x0000000080000000, 0x00000000b9f00000, 0x00000000d5580000)
  object space 949248K, 1% used [0x0000000080000000,0x0000000080d73d88,0x00000000b9f00000)
 Metaspace       used 34842K, capacity 35188K, committed 35416K, reserved 1081344K
  class space    used 3976K, capacity 4092K, committed 4096K, reserved 1048576K
Event: 4.596 GC heap after
Heap after GC invocations=4 (full 2):
 PSYoungGen      total 611840K, used 0K [0x00000000d5580000, 0x0000000100000000, 0x0000000100000000)
  eden space 524800K, 0% used [0x00000000d5580000,0x00000000d5580000,0x00000000f5600000)
  from space 87040K, 0% used [0x00000000fab00000,0x00000000fab00000,0x0000000100000000)
  to   space 87040K, 0% used [0x00000000f5600000,0x00000000f5600000,0x00000000fab00000)
 ParOldGen       total 1398272K, used 23596K [0x0000000080000000, 0x00000000d5580000, 0x00000000d5580000)
  object space 1398272K, 1% used [0x0000000080000000,0x000000008170b318,0x00000000d5580000)
 Metaspace       used 34842K, capacity 35188K, committed 35416K, reserved 1081344K
  class space    used 3976K, capacity 4092K, committed 4096K, reserved 1048576K
}
Event: 11.925 GC heap before
{Heap before GC invocations=5 (full 2):
 PSYoungGen      total 611840K, used 512453K [0x00000000d5580000, 0x0000000100000000, 0x0000000100000000)
  eden space 524800K, 97% used [0x00000000d5580000,0x00000000f49f1630,0x00000000f5600000)
  from space 87040K, 0% used [0x00000000fab00000,0x00000000fab00000,0x0000000100000000)
  to   space 87040K, 0% used [0x00000000f5600000,0x00000000f5600000,0x00000000fab00000)
 ParOldGen       total 1398272K, used 23596K [0x0000000080000000, 0x00000000d5580000, 0x00000000d5580000)
  object space 1398272K, 1% used [0x0000000080000000,0x000000008170b318,0x00000000d5580000)
 Metaspace       used 57402K, capacity 58906K, committed 59028K, reserved 1101824K
  class space    used 6646K, capacity 6921K, committed 7040K, reserved 1048576K
Event: 11.995 GC heap after
Heap after GC invocations=5 (full 2):
 PSYoungGen      total 611840K, used 33823K [0x00000000d5580000, 0x0000000100000000, 0x0000000100000000)
  eden space 524800K, 0% used [0x00000000d5580000,0x00000000d5580000,0x00000000f5600000)
  from space 87040K, 38% used [0x00000000f5600000,0x00000000f7707f90,0x00000000fab00000)
  to   space 87040K, 0% used [0x00000000fab00000,0x00000000fab00000,0x0000000100000000)
 ParOldGen       total 1398272K, used 23604K [0x0000000080000000, 0x00000000d5580000, 0x00000000d5580000)
  object space 1398272K, 1% used [0x0000000080000000,0x000000008170d318,0x00000000d5580000)
 Metaspace       used 57402K, capacity 58906K, committed 59028K, reserved 1101824K
  class space    used 6646K, capacity 6921K, committed 7040K, reserved 1048576K
}
Event: 11.995 GC heap before
{Heap before GC invocations=6 (full 3):
 PSYoungGen      total 611840K, used 33823K [0x00000000d5580000, 0x0000000100000000, 0x0000000100000000)
  eden space 524800K, 0% used [0x00000000d5580000,0x00000000d5580000,0x00000000f5600000)
  from space 87040K, 38% used [0x00000000f5600000,0x00000000f7707f90,0x00000000fab00000)
  to   space 87040K, 0% used [0x00000000fab00000,0x00000000fab00000,0x0000000100000000)
 ParOldGen       total 1398272K, used 23604K [0x0000000080000000, 0x00000000d5580000, 0x00000000d5580000)
  object space 1398272K, 1% used [0x0000000080000000,0x000000008170d318,0x00000000d5580000)
 Metaspace       used 57402K, capacity 58906K, committed 59028K, reserved 1101824K
  class space    used 6646K, capacity 6921K, committed 7040K, reserved 1048576K
Event: 12.309 GC heap after
Heap after GC invocations=6 (full 3):
 PSYoungGen      total 611840K, used 0K [0x00000000d5580000, 0x0000000100000000, 0x0000000100000000)
  eden space 524800K, 0% used [0x00000000d5580000,0x00000000d5580000,0x00000000f5600000)
  from space 87040K, 0% used [0x00000000f5600000,0x00000000f5600000,0x00000000fab00000)
  to   space 87040K, 0% used [0x00000000fab00000,0x00000000fab00000,0x0000000100000000)
 ParOldGen       total 1398272K, used 44395K [0x0000000080000000, 0x00000000d5580000, 0x00000000d5580000)
  object space 1398272K, 3% used [0x0000000080000000,0x0000000082b5ac18,0x00000000d5580000)
 Metaspace       used 57327K, capacity 58724K, committed 59028K, reserved 1101824K
  class space    used 6620K, capacity 6876K, committed 7040K, reserved 1048576K
}
Event: 78.415 GC heap before
{Heap before GC invocations=7 (full 3):
 PSYoungGen      total 611840K, used 524800K [0x00000000d5580000, 0x0000000100000000, 0x0000000100000000)
  eden space 524800K, 100% used [0x00000000d5580000,0x00000000f5600000,0x00000000f5600000)
  from space 87040K, 0% used [0x00000000f5600000,0x00000000f5600000,0x00000000fab00000)
  to   space 87040K, 0% used [0x00000000fab00000,0x00000000fab00000,0x0000000100000000)
 ParOldGen       total 1398272K, used 44395K [0x0000000080000000, 0x00000000d5580000, 0x00000000d5580000)
  object space 1398272K, 3% used [0x0000000080000000,0x0000000082b5ac18,0x00000000d5580000)
 Metaspace       used 66734K, capacity 69658K, committed 69888K, reserved 1112064K
  class space    used 7580K, capacity 8093K, committed 8192K, reserved 1048576K
Event: 78.576 GC heap after
Heap after GC invocations=7 (full 3):
 PSYoungGen      total 611840K, used 79884K [0x00000000d5580000, 0x0000000100000000, 0x0000000100000000)
  eden space 524800K, 0% used [0x00000000d5580000,0x00000000d5580000,0x00000000f5600000)
  from space 87040K, 91% used [0x00000000fab00000,0x00000000ff9033a8,0x0000000100000000)
  to   space 87040K, 0% used [0x00000000f5600000,0x00000000f5600000,0x00000000fab00000)
 ParOldGen       total 1398272K, used 44403K [0x0000000080000000, 0x00000000d5580000, 0x00000000d5580000)
  object space 1398272K, 3% used [0x0000000080000000,0x0000000082b5cc18,0x00000000d5580000)
 Metaspace       used 66734K, capacity 69658K, committed 69888K, reserved 1112064K
  class space    used 7580K, capacity 8093K, committed 8192K, reserved 1048576K
}

