# JRE version: OpenJDK Runtime Environment (8.0_212-b04) (build 1.8.0_212-b04)
# Java VM: OpenJDK 64-Bit Server VM (25.212-b04 mixed mode linux-amd64 compressed oops)
Heap:
 PSYoungGen      total 611840K, used 325302K [0x00000000d5580000, 0x0000000100000000, 0x0000000100000000)
  eden space 524800K, 61% used [0x00000000d5580000,0x00000000e932db38,0x00000000f5600000)
  from space 87040K, 0% used [0x00000000fab00000,0x00000000fab00000,0x0000000100000000)
  to   space 87040K, 0% used [0x00000000f5600000,0x00000000f5600000,0x00000000fab00000)
 ParOldGen       total 1398272K, used 30034K [0x0000000080000000, 0x00000000d5580000, 0x00000000d5580000)
  object space 1398272K, 2% used [0x0000000080000000,0x0000000081d54868,0x00000000d5580000)
 Metaspace       used 65619K, capacity 68458K, committed 68736K, reserved 1110016K
  class space    used 7533K, capacity 8029K, committed 8064K, reserved 1048576K
GC Heap History (10 events):
Event: 4.149 GC heap before
{Heap before GC invocations=3 (full 1):
 PSYoungGen      total 611840K, used 397515K [0x00000000d5580000, 0x0000000100000000, 0x0000000100000000)
  eden space 524800K, 75% used [0x00000000d5580000,0x00000000ed9b2cb0,0x00000000f5600000)
  from space 87040K, 0% used [0x00000000f5600000,0x00000000f5600000,0x00000000fab00000)
  to   space 87040K, 0% used [0x00000000fab00000,0x00000000fab00000,0x0000000100000000)
 ParOldGen       total 899072K, used 14305K [0x0000000080000000, 0x00000000b6e00000, 0x00000000d5580000)
  object space 899072K, 1% used [0x0000000080000000,0x0000000080df8450,0x00000000b6e00000)
 Metaspace       used 34608K, capacity 34970K, committed 35416K, reserved 1081344K
  class space    used 3958K, capacity 4061K, committed 4096K, reserved 1048576K
Event: 4.188 GC heap after
Heap after GC invocations=3 (full 1):
 PSYoungGen      total 611840K, used 18730K [0x00000000d5580000, 0x0000000100000000, 0x0000000100000000)
  eden space 524800K, 0% used [0x00000000d5580000,0x00000000d5580000,0x00000000f5600000)
  from space 87040K, 21% used [0x00000000fab00000,0x00000000fbd4a948,0x0000000100000000)
  to   space 87040K, 0% used [0x00000000f5600000,0x00000000f5600000,0x00000000fab00000)
 ParOldGen       total 899072K, used 14305K [0x0000000080000000, 0x00000000b6e00000, 0x00000000d5580000)
  object space 899072K, 1% used [0x0000000080000000,0x0000000080df8450,0x00000000b6e00000)
 Metaspace       used 34608K, capacity 34970K, committed 35416K, reserved 1081344K
  class space    used 3958K, capacity 4061K, committed 4096K, reserved 1048576K
}
Event: 4.188 GC heap before
{Heap before GC invocations=4 (full 2):
 PSYoungGen      total 611840K, used 18730K [0x00000000d5580000, 0x0000000100000000, 0x0000000100000000)
  eden space 524800K, 0% used [0x00000000d5580000,0x00000000d5580000,0x00000000f5600000)
  from space 87040K, 21% used [0x00000000fab00000,0x00000000fbd4a948,0x0000000100000000)
  to   space 87040K, 0% used [0x00000000f5600000,0x00000000f5600000,0x00000000fab00000)
 ParOldGen       total 899072K, used 14305K [0x0000000080000000, 0x00000000b6e00000, 0x00000000d5580000)
  object space 899072K, 1% used [0x0000000080000000,0x0000000080df8450,0x00000000b6e00000)
 Metaspace       used 34608K, capacity 34970K, committed 35416K, reserved 1081344K
  class space    used 3958K, capacity 4061K, committed 4096K, reserved 1048576K
Event: 4.318 GC heap after
Heap after GC invocations=4 (full 2):
 PSYoungGen      total 611840K, used 0K [0x00000000d5580000, 0x0000000100000000, 0x0000000100000000)
  eden space 524800K, 0% used [0x00000000d5580000,0x00000000d5580000,0x00000000f5600000)
  from space 87040K, 0% used [0x00000000fab00000,0x00000000fab00000,0x0000000100000000)
  to   space 87040K, 0% used [0x00000000f5600000,0x00000000f5600000,0x00000000fab00000)
 ParOldGen       total 1398272K, used 23286K [0x0000000080000000, 0x00000000d5580000, 0x00000000d5580000)
  object space 1398272K, 1% used [0x0000000080000000,0x00000000816bdb80,0x00000000d5580000)
 Metaspace       used 34608K, capacity 34970K, committed 35416K, reserved 1081344K
  class space    used 3958K, capacity 4061K, committed 4096K, reserved 1048576K
}
Event: 10.556 GC heap before
{Heap before GC invocations=5 (full 2):
 PSYoungGen      total 611840K, used 524800K [0x00000000d5580000, 0x0000000100000000, 0x0000000100000000)
  eden space 524800K, 100% used [0x00000000d5580000,0x00000000f5600000,0x00000000f5600000)
  from space 87040K, 0% used [0x00000000fab00000,0x00000000fab00000,0x0000000100000000)
  to   space 87040K, 0% used [0x00000000f5600000,0x00000000f5600000,0x00000000fab00000)
 ParOldGen       total 1398272K, used 23286K [0x0000000080000000, 0x00000000d5580000, 0x00000000d5580000)
  object space 1398272K, 1% used [0x0000000080000000,0x00000000816bdb80,0x00000000d5580000)
 Metaspace       used 51241K, capacity 52552K, committed 52736K, reserved 1095680K
  class space    used 6069K, capacity 6326K, committed 6400K, reserved 1048576K
Event: 10.614 GC heap after
Heap after GC invocations=5 (full 2):
 PSYoungGen      total 611840K, used 23345K [0x00000000d5580000, 0x0000000100000000, 0x0000000100000000)
  eden space 524800K, 0% used [0x00000000d5580000,0x00000000d5580000,0x00000000f5600000)
  from space 87040K, 26% used [0x00000000f5600000,0x00000000f6ccc4f0,0x00000000fab00000)
  to   space 87040K, 0% used [0x00000000fab00000,0x00000000fab00000,0x0000000100000000)
 ParOldGen       total 1398272K, used 23294K [0x0000000080000000, 0x00000000d5580000, 0x00000000d5580000)
  object space 1398272K, 1% used [0x0000000080000000,0x00000000816bfb80,0x00000000d5580000)
 Metaspace       used 51241K, capacity 52552K, committed 52736K, reserved 1095680K
  class space    used 6069K, capacity 6326K, committed 6400K, reserved 1048576K
}
Event: 11.636 GC heap before
{Heap before GC invocations=6 (full 2):
 PSYoungGen      total 611840K, used 190438K [0x00000000d5580000, 0x0000000100000000, 0x0000000100000000)
  eden space 524800K, 31% used [0x00000000d5580000,0x00000000df8ad4d0,0x00000000f5600000)
  from space 87040K, 26% used [0x00000000f5600000,0x00000000f6ccc4f0,0x00000000fab00000)
  to   space 87040K, 0% used [0x00000000fab00000,0x00000000fab00000,0x0000000100000000)
 ParOldGen       total 1398272K, used 23294K [0x0000000080000000, 0x00000000d5580000, 0x00000000d5580000)
  object space 1398272K, 1% used [0x0000000080000000,0x00000000816bfb80,0x00000000d5580000)
 Metaspace       used 57456K, capacity 58852K, committed 59008K, reserved 1101824K
  class space    used 6676K, capacity 6968K, committed 7040K, reserved 1048576K
Event: 11.667 GC heap after
Heap after GC invocations=6 (full 2):
 PSYoungGen      total 611840K, used 18510K [0x00000000d5580000, 0x0000000100000000, 0x0000000100000000)
  eden space 524800K, 0% used [0x00000000d5580000,0x00000000d5580000,0x00000000f5600000)
  from space 87040K, 21% used [0x00000000fab00000,0x00000000fbd13ba0,0x0000000100000000)
  to   space 87040K, 0% used [0x00000000f5600000,0x00000000f5600000,0x00000000fab00000)
 ParOldGen       total 1398272K, used 23302K [0x0000000080000000, 0x00000000d5580000, 0x00000000d5580000)
  object space 1398272K, 1% used [0x0000000080000000,0x00000000816c1b80,0x00000000d5580000)
 Metaspace       used 57456K, capacity 58852K, committed 59008K, reserved 1101824K
  class space    used 6676K, capacity 6968K, committed 7040K, reserved 1048576K
}
Event: 11.667 GC heap before
{Heap before GC invocations=7 (full 3):
 PSYoungGen      total 611840K, used 18510K [0x00000000d5580000, 0x0000000100000000, 0x0000000100000000)
  eden space 524800K, 0% used [0x00000000d5580000,0x00000000d5580000,0x00000000f5600000)
  from space 87040K, 21% used [0x00000000fab00000,0x00000000fbd13ba0,0x0000000100000000)
  to   space 87040K, 0% used [0x00000000f5600000,0x00000000f5600000,0x00000000fab00000)
 ParOldGen       total 1398272K, used 23302K [0x0000000080000000, 0x00000000d5580000, 0x00000000d5580000)
  object space 1398272K, 1% used [0x0000000080000000,0x00000000816c1b80,0x00000000d5580000)
 Metaspace       used 57456K, capacity 58852K, committed 59008K, reserved 1101824K
  class space    used 6676K, capacity 6968K, committed 7040K, reserved 1048576K
Event: 11.922 GC heap after
Heap after GC invocations=7 (full 3):
 PSYoungGen      total 611840K, used 0K [0x00000000d5580000, 0x0000000100000000, 0x0000000100000000)
  eden space 524800K, 0% used [0x00000000d5580000,0x00000000d5580000,0x00000000f5600000)
  from space 87040K, 0% used [0x00000000fab00000,0x00000000fab00000,0x0000000100000000)
  to   space 87040K, 0% used [0x00000000f5600000,0x00000000f5600000,0x00000000fab00000)
 ParOldGen       total 1398272K, used 30034K [0x0000000080000000, 0x00000000d5580000, 0x00000000d5580000)
  object space 1398272K, 2% used [0x0000000080000000,0x0000000081d54868,0x00000000d5580000)
 Metaspace       used 57420K, capacity 58766K, committed 59008K, reserved 1101824K
  class space    used 6663K, capacity 6945K, committed 7040K, reserved 1048576K
}

