# JRE version: OpenJDK Runtime Environment (8.0_212-b04) (build 1.8.0_212-b04)
# Java VM: OpenJDK 64-Bit Server VM (25.212-b04 mixed mode linux-amd64 compressed oops)
Heap:
 PSYoungGen      total 611840K, used 184946K [0x00000000d5580000, 0x0000000100000000, 0x0000000100000000)
  eden space 524800K, 35% used [0x00000000d5580000,0x00000000e0a1c8c0,0x00000000f5600000)
  from space 87040K, 0% used [0x00000000f5600000,0x00000000f5600000,0x00000000fab00000)
  to   space 87040K, 0% used [0x00000000fab00000,0x00000000fab00000,0x0000000100000000)
 ParOldGen       total 1398272K, used 44261K [0x0000000080000000, 0x00000000d5580000, 0x00000000d5580000)
  object space 1398272K, 3% used [0x0000000080000000,0x0000000082b396e8,0x00000000d5580000)
 Metaspace       used 63949K, capacity 67056K, committed 67200K, reserved 1107968K
  class space    used 7452K, capacity 7998K, committed 8064K, reserved 1048576K
GC Heap History (10 events):
Event: 2.741 GC heap before
{Heap before GC invocations=2 (full 1):
 PSYoungGen      total 611840K, used 14288K [0x00000000d5580000, 0x0000000100000000, 0x0000000100000000)
  eden space 524800K, 0% used [0x00000000d5580000,0x00000000d5580000,0x00000000f5600000)
  from space 87040K, 16% used [0x00000000f5600000,0x00000000f63f4060,0x00000000fab00000)
  to   space 87040K, 0% used [0x00000000fab00000,0x00000000fab00000,0x0000000100000000)
 ParOldGen       total 1398272K, used 72K [0x0000000080000000, 0x00000000d5580000, 0x00000000d5580000)
  object space 1398272K, 0% used [0x0000000080000000,0x0000000080012010,0x00000000d5580000)
 Metaspace       used 20846K, capacity 21106K, committed 21248K, reserved 1069056K
  class space    used 2369K, capacity 2482K, committed 2560K, reserved 1048576K
Event: 2.800 GC heap after
Heap after GC invocations=2 (full 1):
 PSYoungGen      total 611840K, used 0K [0x00000000d5580000, 0x0000000100000000, 0x0000000100000000)
  eden space 524800K, 0% used [0x00000000d5580000,0x00000000d5580000,0x00000000f5600000)
  from space 87040K, 0% used [0x00000000f5600000,0x00000000f5600000,0x00000000fab00000)
  to   space 87040K, 0% used [0x00000000fab00000,0x00000000fab00000,0x0000000100000000)
 ParOldGen       total 885248K, used 13769K [0x0000000080000000, 0x00000000b6080000, 0x00000000d5580000)
  object space 885248K, 1% used [0x0000000080000000,0x0000000080d72780,0x00000000b6080000)
 Metaspace       used 20846K, capacity 21106K, committed 21248K, reserved 1069056K
  class space    used 2369K, capacity 2482K, committed 2560K, reserved 1048576K
}
Event: 5.174 GC heap before
{Heap before GC invocations=3 (full 1):
 PSYoungGen      total 611840K, used 445044K [0x00000000d5580000, 0x0000000100000000, 0x0000000100000000)
  eden space 524800K, 84% used [0x00000000d5580000,0x00000000f081d0d0,0x00000000f5600000)
  from space 87040K, 0% used [0x00000000f5600000,0x00000000f5600000,0x00000000fab00000)
  to   space 87040K, 0% used [0x00000000fab00000,0x00000000fab00000,0x0000000100000000)
 ParOldGen       total 885248K, used 13769K [0x0000000080000000, 0x00000000b6080000, 0x00000000d5580000)
  object space 885248K, 1% used [0x0000000080000000,0x0000000080d72780,0x00000000b6080000)
 Metaspace       used 34847K, capacity 35168K, committed 35416K, reserved 1081344K
  class space    used 3971K, capacity 4062K, committed 4096K, reserved 1048576K
Event: 5.201 GC heap after
Heap after GC invocations=3 (full 1):
 PSYoungGen      total 611840K, used 19291K [0x00000000d5580000, 0x0000000100000000, 0x0000000100000000)
  eden space 524800K, 0% used [0x00000000d5580000,0x00000000d5580000,0x00000000f5600000)
  from space 87040K, 22% used [0x00000000fab00000,0x00000000fbdd6fc0,0x0000000100000000)
  to   space 87040K, 0% used [0x00000000f5600000,0x00000000f5600000,0x00000000fab00000)
 ParOldGen       total 885248K, used 13769K [0x0000000080000000, 0x00000000b6080000, 0x00000000d5580000)
  object space 885248K, 1% used [0x0000000080000000,0x0000000080d72780,0x00000000b6080000)
 Metaspace       used 34847K, capacity 35168K, committed 35416K, reserved 1081344K
  class space    used 3971K, capacity 4062K, committed 4096K, reserved 1048576K
}
Event: 5.201 GC heap before
{Heap before GC invocations=4 (full 2):
 PSYoungGen      total 611840K, used 19291K [0x00000000d5580000, 0x0000000100000000, 0x0000000100000000)
  eden space 524800K, 0% used [0x00000000d5580000,0x00000000d5580000,0x00000000f5600000)
  from space 87040K, 22% used [0x00000000fab00000,0x00000000fbdd6fc0,0x0000000100000000)
  to   space 87040K, 0% used [0x00000000f5600000,0x00000000f5600000,0x00000000fab00000)
 ParOldGen       total 885248K, used 13769K [0x0000000080000000, 0x00000000b6080000, 0x00000000d5580000)
  object space 885248K, 1% used [0x0000000080000000,0x0000000080d72780,0x00000000b6080000)
 Metaspace       used 34847K, capacity 35168K, committed 35416K, reserved 1081344K
  class space    used 3971K, capacity 4062K, committed 4096K, reserved 1048576K
Event: 5.281 GC heap after
Heap after GC invocations=4 (full 2):
 PSYoungGen      total 611840K, used 0K [0x00000000d5580000, 0x0000000100000000, 0x0000000100000000)
  eden space 524800K, 0% used [0x00000000d5580000,0x00000000d5580000,0x00000000f5600000)
  from space 87040K, 0% used [0x00000000fab00000,0x00000000fab00000,0x0000000100000000)
  to   space 87040K, 0% used [0x00000000f5600000,0x00000000f5600000,0x00000000fab00000)
 ParOldGen       total 1398272K, used 23494K [0x0000000080000000, 0x00000000d5580000, 0x00000000d5580000)
  object space 1398272K, 1% used [0x0000000080000000,0x00000000816f1a68,0x00000000d5580000)
 Metaspace       used 34847K, capacity 35168K, committed 35416K, reserved 1081344K
  class space    used 3971K, capacity 4062K, committed 4096K, reserved 1048576K
}
Event: 18.157 GC heap before
{Heap before GC invocations=5 (full 2):
 PSYoungGen      total 611840K, used 510753K [0x00000000d5580000, 0x0000000100000000, 0x0000000100000000)
  eden space 524800K, 97% used [0x00000000d5580000,0x00000000f4848450,0x00000000f5600000)
  from space 87040K, 0% used [0x00000000fab00000,0x00000000fab00000,0x0000000100000000)
  to   space 87040K, 0% used [0x00000000f5600000,0x00000000f5600000,0x00000000fab00000)
 ParOldGen       total 1398272K, used 23494K [0x0000000080000000, 0x00000000d5580000, 0x00000000d5580000)
  object space 1398272K, 1% used [0x0000000080000000,0x00000000816f1a68,0x00000000d5580000)
 Metaspace       used 57306K, capacity 58838K, committed 59028K, reserved 1101824K
  class space    used 6626K, capacity 6911K, committed 6912K, reserved 1048576K
Event: 18.216 GC heap after
Heap after GC invocations=5 (full 2):
 PSYoungGen      total 611840K, used 33619K [0x00000000d5580000, 0x0000000100000000, 0x0000000100000000)
  eden space 524800K, 0% used [0x00000000d5580000,0x00000000d5580000,0x00000000f5600000)
  from space 87040K, 38% used [0x00000000f5600000,0x00000000f76d4ed0,0x00000000fab00000)
  to   space 87040K, 0% used [0x00000000fab00000,0x00000000fab00000,0x0000000100000000)
 ParOldGen       total 1398272K, used 23502K [0x0000000080000000, 0x00000000d5580000, 0x00000000d5580000)
  object space 1398272K, 1% used [0x0000000080000000,0x00000000816f3a68,0x00000000d5580000)
 Metaspace       used 57306K, capacity 58838K, committed 59028K, reserved 1101824K
  class space    used 6626K, capacity 6911K, committed 6912K, reserved 1048576K
}
Event: 18.216 GC heap before
{Heap before GC invocations=6 (full 3):
 PSYoungGen      total 611840K, used 33619K [0x00000000d5580000, 0x0000000100000000, 0x0000000100000000)
  eden space 524800K, 0% used [0x00000000d5580000,0x00000000d5580000,0x00000000f5600000)
  from space 87040K, 38% used [0x00000000f5600000,0x00000000f76d4ed0,0x00000000fab00000)
  to   space 87040K, 0% used [0x00000000fab00000,0x00000000fab00000,0x0000000100000000)
 ParOldGen       total 1398272K, used 23502K [0x0000000080000000, 0x00000000d5580000, 0x00000000d5580000)
  object space 1398272K, 1% used [0x0000000080000000,0x00000000816f3a68,0x00000000d5580000)
 Metaspace       used 57306K, capacity 58838K, committed 59028K, reserved 1101824K
  class space    used 6626K, capacity 6911K, committed 6912K, reserved 1048576K
Event: 18.467 GC heap after
Heap after GC invocations=6 (full 3):
 PSYoungGen      total 611840K, used 0K [0x00000000d5580000, 0x0000000100000000, 0x0000000100000000)
  eden space 524800K, 0% used [0x00000000d5580000,0x00000000d5580000,0x00000000f5600000)
  from space 87040K, 0% used [0x00000000f5600000,0x00000000f5600000,0x00000000fab00000)
  to   space 87040K, 0% used [0x00000000fab00000,0x00000000fab00000,0x0000000100000000)
 ParOldGen       total 1398272K, used 44261K [0x0000000080000000, 0x00000000d5580000, 0x00000000d5580000)
  object space 1398272K, 3% used [0x0000000080000000,0x0000000082b396e8,0x00000000d5580000)
 Metaspace       used 57207K, capacity 58600K, committed 59028K, reserved 1101824K
  class space    used 6592K, capacity 6852K, committed 6912K, reserved 1048576K
}

