# JRE version: OpenJDK Runtime Environment (8.0_212-b04) (build 1.8.0_212-b04)
# Java VM: OpenJDK 64-Bit Server VM (25.212-b04 mixed mode linux-amd64 compressed oops)
Heap:
 PSYoungGen      total 611840K, used 558159K [0x00000000d5580000, 0x0000000100000000, 0x0000000100000000)
  eden space 524800K, 95% used [0x00000000d5580000,0x00000000f40a1098,0x00000000f5600000)
  from space 87040K, 63% used [0x00000000fab00000,0x00000000fe0f2b88,0x0000000100000000)
  to   space 87040K, 0% used [0x00000000f5600000,0x00000000f5600000,0x00000000fab00000)
 ParOldGen       total 1398272K, used 41132K [0x0000000080000000, 0x00000000d5580000, 0x00000000d5580000)
  object space 1398272K, 2% used [0x0000000080000000,0x000000008282b2b0,0x00000000d5580000)
 Metaspace       used 67007K, capacity 69992K, committed 70144K, reserved 1112064K
  class space    used 7589K, capacity 8126K, committed 8192K, reserved 1048576K
GC Heap History (10 events):
Event: 4.623 GC heap before
{Heap before GC invocations=3 (full 1):
 PSYoungGen      total 611840K, used 445044K [0x00000000d5580000, 0x0000000100000000, 0x0000000100000000)
  eden space 524800K, 84% used [0x00000000d5580000,0x00000000f081d158,0x00000000f5600000)
  from space 87040K, 0% used [0x00000000f5600000,0x00000000f5600000,0x00000000fab00000)
  to   space 87040K, 0% used [0x00000000fab00000,0x00000000fab00000,0x0000000100000000)
 ParOldGen       total 858624K, used 13718K [0x0000000080000000, 0x00000000b4680000, 0x00000000d5580000)
  object space 858624K, 1% used [0x0000000080000000,0x0000000080d65a98,0x00000000b4680000)
 Metaspace       used 34852K, capacity 35200K, committed 35416K, reserved 1081344K
  class space    used 3975K, capacity 4094K, committed 4096K, reserved 1048576K
Event: 4.654 GC heap after
Heap after GC invocations=3 (full 1):
 PSYoungGen      total 611840K, used 19340K [0x00000000d5580000, 0x0000000100000000, 0x0000000100000000)
  eden space 524800K, 0% used [0x00000000d5580000,0x00000000d5580000,0x00000000f5600000)
  from space 87040K, 22% used [0x00000000fab00000,0x00000000fbde31d8,0x0000000100000000)
  to   space 87040K, 0% used [0x00000000f5600000,0x00000000f5600000,0x00000000fab00000)
 ParOldGen       total 858624K, used 13718K [0x0000000080000000, 0x00000000b4680000, 0x00000000d5580000)
  object space 858624K, 1% used [0x0000000080000000,0x0000000080d65a98,0x00000000b4680000)
 Metaspace       used 34852K, capacity 35200K, committed 35416K, reserved 1081344K
  class space    used 3975K, capacity 4094K, committed 4096K, reserved 1048576K
}
Event: 4.654 GC heap before
{Heap before GC invocations=4 (full 2):
 PSYoungGen      total 611840K, used 19340K [0x00000000d5580000, 0x0000000100000000, 0x0000000100000000)
  eden space 524800K, 0% used [0x00000000d5580000,0x00000000d5580000,0x00000000f5600000)
  from space 87040K, 22% used [0x00000000fab00000,0x00000000fbde31d8,0x0000000100000000)
  to   space 87040K, 0% used [0x00000000f5600000,0x00000000f5600000,0x00000000fab00000)
 ParOldGen       total 858624K, used 13718K [0x0000000080000000, 0x00000000b4680000, 0x00000000d5580000)
  object space 858624K, 1% used [0x0000000080000000,0x0000000080d65a98,0x00000000b4680000)
 Metaspace       used 34852K, capacity 35200K, committed 35416K, reserved 1081344K
  class space    used 3975K, capacity 4094K, committed 4096K, reserved 1048576K
Event: 4.763 GC heap after
Heap after GC invocations=4 (full 2):
 PSYoungGen      total 611840K, used 0K [0x00000000d5580000, 0x0000000100000000, 0x0000000100000000)
  eden space 524800K, 0% used [0x00000000d5580000,0x00000000d5580000,0x00000000f5600000)
  from space 87040K, 0% used [0x00000000fab00000,0x00000000fab00000,0x0000000100000000)
  to   space 87040K, 0% used [0x00000000f5600000,0x00000000f5600000,0x00000000fab00000)
 ParOldGen       total 1398272K, used 23571K [0x0000000080000000, 0x00000000d5580000, 0x00000000d5580000)
  object space 1398272K, 1% used [0x0000000080000000,0x0000000081704d80,0x00000000d5580000)
 Metaspace       used 34852K, capacity 35200K, committed 35416K, reserved 1081344K
  class space    used 3975K, capacity 4094K, committed 4096K, reserved 1048576K
}
Event: 10.807 GC heap before
{Heap before GC invocations=5 (full 2):
 PSYoungGen      total 611840K, used 481324K [0x00000000d5580000, 0x0000000100000000, 0x0000000100000000)
  eden space 524800K, 91% used [0x00000000d5580000,0x00000000f2b8b230,0x00000000f5600000)
  from space 87040K, 0% used [0x00000000fab00000,0x00000000fab00000,0x0000000100000000)
  to   space 87040K, 0% used [0x00000000f5600000,0x00000000f5600000,0x00000000fab00000)
 ParOldGen       total 1398272K, used 23571K [0x0000000080000000, 0x00000000d5580000, 0x00000000d5580000)
  object space 1398272K, 1% used [0x0000000080000000,0x0000000081704d80,0x00000000d5580000)
 Metaspace       used 57515K, capacity 58882K, committed 59008K, reserved 1101824K
  class space    used 6657K, capacity 6925K, committed 7040K, reserved 1048576K
Event: 10.849 GC heap after
Heap after GC invocations=5 (full 2):
 PSYoungGen      total 611840K, used 30615K [0x00000000d5580000, 0x0000000100000000, 0x0000000100000000)
  eden space 524800K, 0% used [0x00000000d5580000,0x00000000d5580000,0x00000000f5600000)
  from space 87040K, 35% used [0x00000000f5600000,0x00000000f73e5dc8,0x00000000fab00000)
  to   space 87040K, 0% used [0x00000000fab00000,0x00000000fab00000,0x0000000100000000)
 ParOldGen       total 1398272K, used 23579K [0x0000000080000000, 0x00000000d5580000, 0x00000000d5580000)
  object space 1398272K, 1% used [0x0000000080000000,0x0000000081706d80,0x00000000d5580000)
 Metaspace       used 57515K, capacity 58882K, committed 59008K, reserved 1101824K
  class space    used 6657K, capacity 6925K, committed 7040K, reserved 1048576K
}
Event: 10.850 GC heap before
{Heap before GC invocations=6 (full 3):
 PSYoungGen      total 611840K, used 30615K [0x00000000d5580000, 0x0000000100000000, 0x0000000100000000)
  eden space 524800K, 0% used [0x00000000d5580000,0x00000000d5580000,0x00000000f5600000)
  from space 87040K, 35% used [0x00000000f5600000,0x00000000f73e5dc8,0x00000000fab00000)
  to   space 87040K, 0% used [0x00000000fab00000,0x00000000fab00000,0x0000000100000000)
 ParOldGen       total 1398272K, used 23579K [0x0000000080000000, 0x00000000d5580000, 0x00000000d5580000)
  object space 1398272K, 1% used [0x0000000080000000,0x0000000081706d80,0x00000000d5580000)
 Metaspace       used 57515K, capacity 58882K, committed 59008K, reserved 1101824K
  class space    used 6657K, capacity 6925K, committed 7040K, reserved 1048576K
Event: 11.089 GC heap after
Heap after GC invocations=6 (full 3):
 PSYoungGen      total 611840K, used 0K [0x00000000d5580000, 0x0000000100000000, 0x0000000100000000)
  eden space 524800K, 0% used [0x00000000d5580000,0x00000000d5580000,0x00000000f5600000)
  from space 87040K, 0% used [0x00000000f5600000,0x00000000f5600000,0x00000000fab00000)
  to   space 87040K, 0% used [0x00000000fab00000,0x00000000fab00000,0x0000000100000000)
 ParOldGen       total 1398272K, used 41132K [0x0000000080000000, 0x00000000d5580000, 0x00000000d5580000)
  object space 1398272K, 2% used [0x0000000080000000,0x000000008282b2b0,0x00000000d5580000)
 Metaspace       used 57495K, capacity 58834K, committed 59008K, reserved 1101824K
  class space    used 6650K, capacity 6913K, committed 7040K, reserved 1048576K
}
Event: 25.720 GC heap before
{Heap before GC invocations=7 (full 3):
 PSYoungGen      total 611840K, used 515443K [0x00000000d5580000, 0x0000000100000000, 0x0000000100000000)
  eden space 524800K, 98% used [0x00000000d5580000,0x00000000f4cdcde0,0x00000000f5600000)
  from space 87040K, 0% used [0x00000000f5600000,0x00000000f5600000,0x00000000fab00000)
  to   space 87040K, 0% used [0x00000000fab00000,0x00000000fab00000,0x0000000100000000)
 ParOldGen       total 1398272K, used 41132K [0x0000000080000000, 0x00000000d5580000, 0x00000000d5580000)
  object space 1398272K, 2% used [0x0000000080000000,0x000000008282b2b0,0x00000000d5580000)
 Metaspace       used 66386K, capacity 69246K, committed 69376K, reserved 1110016K
  class space    used 7570K, capacity 8101K, committed 8192K, reserved 1048576K
Event: 25.804 GC heap after
Heap after GC invocations=7 (full 3):
 PSYoungGen      total 611840K, used 55242K [0x00000000d5580000, 0x0000000100000000, 0x0000000100000000)
  eden space 524800K, 0% used [0x00000000d5580000,0x00000000d5580000,0x00000000f5600000)
  from space 87040K, 63% used [0x00000000fab00000,0x00000000fe0f2b88,0x0000000100000000)
  to   space 87040K, 0% used [0x00000000f5600000,0x00000000f5600000,0x00000000fab00000)
 ParOldGen       total 1398272K, used 41132K [0x0000000080000000, 0x00000000d5580000, 0x00000000d5580000)
  object space 1398272K, 2% used [0x0000000080000000,0x000000008282b2b0,0x00000000d5580000)
 Metaspace       used 66386K, capacity 69246K, committed 69376K, reserved 1110016K
  class space    used 7570K, capacity 8101K, committed 8192K, reserved 1048576K
}

