# JRE version: OpenJDK Runtime Environment (8.0_212-b04) (build 1.8.0_212-b04)
# Java VM: OpenJDK 64-Bit Server VM (25.212-b04 mixed mode linux-amd64 compressed oops)
Heap:
 PSYoungGen      total 611840K, used 179042K [0x00000000d5580000, 0x0000000100000000, 0x0000000100000000)
  eden space 524800K, 34% used [0x00000000d5580000,0x00000000e0458ab8,0x00000000f5600000)
  from space 87040K, 0% used [0x00000000f5600000,0x00000000f5600000,0x00000000fab00000)
  to   space 87040K, 0% used [0x00000000fab00000,0x00000000fab00000,0x0000000100000000)
 ParOldGen       total 1398272K, used 44363K [0x0000000080000000, 0x00000000d5580000, 0x00000000d5580000)
  object space 1398272K, 3% used [0x0000000080000000,0x0000000082b52d70,0x00000000d5580000)
 Metaspace       used 62551K, capacity 64786K, committed 65024K, reserved 1105920K
  class space    used 7219K, capacity 7617K, committed 7680K, reserved 1048576K
GC Heap History (10 events):
Event: 2.321 GC heap before
{Heap before GC invocations=2 (full 1):
 PSYoungGen      total 611840K, used 14247K [0x00000000d5580000, 0x0000000100000000, 0x0000000100000000)
  eden space 524800K, 0% used [0x00000000d5580000,0x00000000d5580000,0x00000000f5600000)
  from space 87040K, 16% used [0x00000000f5600000,0x00000000f63e9d40,0x00000000fab00000)
  to   space 87040K, 0% used [0x00000000fab00000,0x00000000fab00000,0x0000000100000000)
 ParOldGen       total 1398272K, used 80K [0x0000000080000000, 0x00000000d5580000, 0x00000000d5580000)
  object space 1398272K, 0% used [0x0000000080000000,0x0000000080014010,0x00000000d5580000)
 Metaspace       used 20812K, capacity 21106K, committed 21248K, reserved 1069056K
  class space    used 2366K, capacity 2482K, committed 2560K, reserved 1048576K
Event: 2.405 GC heap after
Heap after GC invocations=2 (full 1):
 PSYoungGen      total 611840K, used 0K [0x00000000d5580000, 0x0000000100000000, 0x0000000100000000)
  eden space 524800K, 0% used [0x00000000d5580000,0x00000000d5580000,0x00000000f5600000)
  from space 87040K, 0% used [0x00000000f5600000,0x00000000f5600000,0x00000000fab00000)
  to   space 87040K, 0% used [0x00000000fab00000,0x00000000fab00000,0x0000000100000000)
 ParOldGen       total 911360K, used 13749K [0x0000000080000000, 0x00000000b7a00000, 0x00000000d5580000)
  object space 911360K, 1% used [0x0000000080000000,0x0000000080d6d6a8,0x00000000b7a00000)
 Metaspace       used 20812K, capacity 21106K, committed 21248K, reserved 1069056K
  class space    used 2366K, capacity 2482K, committed 2560K, reserved 1048576K
}
Event: 4.733 GC heap before
{Heap before GC invocations=3 (full 1):
 PSYoungGen      total 611840K, used 434547K [0x00000000d5580000, 0x0000000100000000, 0x0000000100000000)
  eden space 524800K, 82% used [0x00000000d5580000,0x00000000efddcf50,0x00000000f5600000)
  from space 87040K, 0% used [0x00000000f5600000,0x00000000f5600000,0x00000000fab00000)
  to   space 87040K, 0% used [0x00000000fab00000,0x00000000fab00000,0x0000000100000000)
 ParOldGen       total 911360K, used 13749K [0x0000000080000000, 0x00000000b7a00000, 0x00000000d5580000)
  object space 911360K, 1% used [0x0000000080000000,0x0000000080d6d6a8,0x00000000b7a00000)
 Metaspace       used 34833K, capacity 35188K, committed 35416K, reserved 1081344K
  class space    used 3963K, capacity 4092K, committed 4096K, reserved 1048576K
Event: 4.775 GC heap after
Heap after GC invocations=3 (full 1):
 PSYoungGen      total 611840K, used 19188K [0x00000000d5580000, 0x0000000100000000, 0x0000000100000000)
  eden space 524800K, 0% used [0x00000000d5580000,0x00000000d5580000,0x00000000f5600000)
  from space 87040K, 22% used [0x00000000fab00000,0x00000000fbdbd270,0x0000000100000000)
  to   space 87040K, 0% used [0x00000000f5600000,0x00000000f5600000,0x00000000fab00000)
 ParOldGen       total 911360K, used 13749K [0x0000000080000000, 0x00000000b7a00000, 0x00000000d5580000)
  object space 911360K, 1% used [0x0000000080000000,0x0000000080d6d6a8,0x00000000b7a00000)
 Metaspace       used 34833K, capacity 35188K, committed 35416K, reserved 1081344K
  class space    used 3963K, capacity 4092K, committed 4096K, reserved 1048576K
}
Event: 4.775 GC heap before
{Heap before GC invocations=4 (full 2):
 PSYoungGen      total 611840K, used 19188K [0x00000000d5580000, 0x0000000100000000, 0x0000000100000000)
  eden space 524800K, 0% used [0x00000000d5580000,0x00000000d5580000,0x00000000f5600000)
  from space 87040K, 22% used [0x00000000fab00000,0x00000000fbdbd270,0x0000000100000000)
  to   space 87040K, 0% used [0x00000000f5600000,0x00000000f5600000,0x00000000fab00000)
 ParOldGen       total 911360K, used 13749K [0x0000000080000000, 0x00000000b7a00000, 0x00000000d5580000)
  object space 911360K, 1% used [0x0000000080000000,0x0000000080d6d6a8,0x00000000b7a00000)
 Metaspace       used 34833K, capacity 35188K, committed 35416K, reserved 1081344K
  class space    used 3963K, capacity 4092K, committed 4096K, reserved 1048576K
Event: 4.876 GC heap after
Heap after GC invocations=4 (full 2):
 PSYoungGen      total 611840K, used 0K [0x00000000d5580000, 0x0000000100000000, 0x0000000100000000)
  eden space 524800K, 0% used [0x00000000d5580000,0x00000000d5580000,0x00000000f5600000)
  from space 87040K, 0% used [0x00000000fab00000,0x00000000fab00000,0x0000000100000000)
  to   space 87040K, 0% used [0x00000000f5600000,0x00000000f5600000,0x00000000fab00000)
 ParOldGen       total 1398272K, used 23509K [0x0000000080000000, 0x00000000d5580000, 0x00000000d5580000)
  object space 1398272K, 1% used [0x0000000080000000,0x00000000816f5528,0x00000000d5580000)
 Metaspace       used 34833K, capacity 35188K, committed 35416K, reserved 1081344K
  class space    used 3963K, capacity 4092K, committed 4096K, reserved 1048576K
}
Event: 11.938 GC heap before
{Heap before GC invocations=5 (full 2):
 PSYoungGen      total 611840K, used 504055K [0x00000000d5580000, 0x0000000100000000, 0x0000000100000000)
  eden space 524800K, 96% used [0x00000000d5580000,0x00000000f41bde00,0x00000000f5600000)
  from space 87040K, 0% used [0x00000000fab00000,0x00000000fab00000,0x0000000100000000)
  to   space 87040K, 0% used [0x00000000f5600000,0x00000000f5600000,0x00000000fab00000)
 ParOldGen       total 1398272K, used 23509K [0x0000000080000000, 0x00000000d5580000, 0x00000000d5580000)
  object space 1398272K, 1% used [0x0000000080000000,0x00000000816f5528,0x00000000d5580000)
 Metaspace       used 57457K, capacity 58884K, committed 59028K, reserved 1101824K
  class space    used 6630K, capacity 6876K, committed 6912K, reserved 1048576K
Event: 12.015 GC heap after
Heap after GC invocations=5 (full 2):
 PSYoungGen      total 611840K, used 33785K [0x00000000d5580000, 0x0000000100000000, 0x0000000100000000)
  eden space 524800K, 0% used [0x00000000d5580000,0x00000000d5580000,0x00000000f5600000)
  from space 87040K, 38% used [0x00000000f5600000,0x00000000f76fe720,0x00000000fab00000)
  to   space 87040K, 0% used [0x00000000fab00000,0x00000000fab00000,0x0000000100000000)
 ParOldGen       total 1398272K, used 23517K [0x0000000080000000, 0x00000000d5580000, 0x00000000d5580000)
  object space 1398272K, 1% used [0x0000000080000000,0x00000000816f7528,0x00000000d5580000)
 Metaspace       used 57457K, capacity 58884K, committed 59028K, reserved 1101824K
  class space    used 6630K, capacity 6876K, committed 6912K, reserved 1048576K
}
Event: 12.015 GC heap before
{Heap before GC invocations=6 (full 3):
 PSYoungGen      total 611840K, used 33785K [0x00000000d5580000, 0x0000000100000000, 0x0000000100000000)
  eden space 524800K, 0% used [0x00000000d5580000,0x00000000d5580000,0x00000000f5600000)
  from space 87040K, 38% used [0x00000000f5600000,0x00000000f76fe720,0x00000000fab00000)
  to   space 87040K, 0% used [0x00000000fab00000,0x00000000fab00000,0x0000000100000000)
 ParOldGen       total 1398272K, used 23517K [0x0000000080000000, 0x00000000d5580000, 0x00000000d5580000)
  object space 1398272K, 1% used [0x0000000080000000,0x00000000816f7528,0x00000000d5580000)
 Metaspace       used 57457K, capacity 58884K, committed 59028K, reserved 1101824K
  class space    used 6630K, capacity 6876K, committed 6912K, reserved 1048576K
Event: 12.312 GC heap after
Heap after GC invocations=6 (full 3):
 PSYoungGen      total 611840K, used 0K [0x00000000d5580000, 0x0000000100000000, 0x0000000100000000)
  eden space 524800K, 0% used [0x00000000d5580000,0x00000000d5580000,0x00000000f5600000)
  from space 87040K, 0% used [0x00000000f5600000,0x00000000f5600000,0x00000000fab00000)
  to   space 87040K, 0% used [0x00000000fab00000,0x00000000fab00000,0x0000000100000000)
 ParOldGen       total 1398272K, used 44363K [0x0000000080000000, 0x00000000d5580000, 0x00000000d5580000)
  object space 1398272K, 3% used [0x0000000080000000,0x0000000082b52d70,0x00000000d5580000)
 Metaspace       used 57410K, capacity 58768K, committed 59028K, reserved 1101824K
  class space    used 6614K, capacity 6848K, committed 6912K, reserved 1048576K
}

