# JRE version: OpenJDK Runtime Environment (8.0_212-b04) (build 1.8.0_212-b04)
# Java VM: OpenJDK 64-Bit Server VM (25.212-b04 mixed mode linux-amd64 compressed oops)
Heap:
 PSYoungGen      total 611840K, used 519697K [0x00000000d5580000, 0x0000000100000000, 0x0000000100000000)
  eden space 524800K, 99% used [0x00000000d5580000,0x00000000f51047d0,0x00000000f5600000)
  from space 87040K, 0% used [0x00000000fab00000,0x00000000fab00000,0x0000000100000000)
  to   space 87040K, 0% used [0x00000000f5600000,0x00000000f5600000,0x00000000fab00000)
 ParOldGen       total 1398272K, used 31212K [0x0000000080000000, 0x00000000d5580000, 0x00000000d5580000)
  object space 1398272K, 2% used [0x0000000080000000,0x0000000081e7b130,0x00000000d5580000)
 Metaspace       used 46047K, capacity 46714K, committed 47064K, reserved 1091584K
  class space    used 5185K, capacity 5369K, committed 5376K, reserved 1048576K
GC Heap History (8 events):
Event: 3.059 GC heap before
{Heap before GC invocations=1 (full 0):
 PSYoungGen      total 611840K, used 262406K [0x00000000d5580000, 0x0000000100000000, 0x0000000100000000)
  eden space 524800K, 50% used [0x00000000d5580000,0x00000000e55c1bc8,0x00000000f5600000)
  from space 87040K, 0% used [0x00000000fab00000,0x00000000fab00000,0x0000000100000000)
  to   space 87040K, 0% used [0x00000000f5600000,0x00000000f5600000,0x00000000fab00000)
 ParOldGen       total 1398272K, used 0K [0x0000000080000000, 0x00000000d5580000, 0x00000000d5580000)
  object space 1398272K, 0% used [0x0000000080000000,0x0000000080000000,0x00000000d5580000)
 Metaspace       used 20784K, capacity 21016K, committed 21248K, reserved 1069056K
  class space    used 2369K, capacity 2482K, committed 2560K, reserved 1048576K
Event: 3.112 GC heap after
Heap after GC invocations=1 (full 0):
 PSYoungGen      total 611840K, used 21782K [0x00000000d5580000, 0x0000000100000000, 0x0000000100000000)
  eden space 524800K, 0% used [0x00000000d5580000,0x00000000d5580000,0x00000000f5600000)
  from space 87040K, 25% used [0x00000000f5600000,0x00000000f6b45bf0,0x00000000fab00000)
  to   space 87040K, 0% used [0x00000000fab00000,0x00000000fab00000,0x0000000100000000)
 ParOldGen       total 1398272K, used 24K [0x0000000080000000, 0x00000000d5580000, 0x00000000d5580000)
  object space 1398272K, 0% used [0x0000000080000000,0x0000000080006000,0x00000000d5580000)
 Metaspace       used 20784K, capacity 21016K, committed 21248K, reserved 1069056K
  class space    used 2369K, capacity 2482K, committed 2560K, reserved 1048576K
}
Event: 3.112 GC heap before
{Heap before GC invocations=2 (full 1):
 PSYoungGen      total 611840K, used 21782K [0x00000000d5580000, 0x0000000100000000, 0x0000000100000000)
  eden space 524800K, 0% used [0x00000000d5580000,0x00000000d5580000,0x00000000f5600000)
  from space 87040K, 25% used [0x00000000f5600000,0x00000000f6b45bf0,0x00000000fab00000)
  to   space 87040K, 0% used [0x00000000fab00000,0x00000000fab00000,0x0000000100000000)
 ParOldGen       total 1398272K, used 24K [0x0000000080000000, 0x00000000d5580000, 0x00000000d5580000)
  object space 1398272K, 0% used [0x0000000080000000,0x0000000080006000,0x00000000d5580000)
 Metaspace       used 20784K, capacity 21016K, committed 21248K, reserved 1069056K
  class space    used 2369K, capacity 2482K, committed 2560K, reserved 1048576K
Event: 3.213 GC heap after
Heap after GC invocations=2 (full 1):
 PSYoungGen      total 611840K, used 0K [0x00000000d5580000, 0x0000000100000000, 0x0000000100000000)
  eden space 524800K, 0% used [0x00000000d5580000,0x00000000d5580000,0x00000000f5600000)
  from space 87040K, 0% used [0x00000000f5600000,0x00000000f5600000,0x00000000fab00000)
  to   space 87040K, 0% used [0x00000000fab00000,0x00000000fab00000,0x0000000100000000)
 ParOldGen       total 889856K, used 21284K [0x0000000080000000, 0x00000000b6500000, 0x00000000d5580000)
  object space 889856K, 2% used [0x0000000080000000,0x00000000814c9030,0x00000000b6500000)
 Metaspace       used 20784K, capacity 21016K, committed 21248K, reserved 1069056K
  class space    used 2369K, capacity 2482K, committed 2560K, reserved 1048576K
}
Event: 4.690 GC heap before
{Heap before GC invocations=3 (full 1):
 PSYoungGen      total 611840K, used 302606K [0x00000000d5580000, 0x0000000100000000, 0x0000000100000000)
  eden space 524800K, 57% used [0x00000000d5580000,0x00000000e7d038c0,0x00000000f5600000)
  from space 87040K, 0% used [0x00000000f5600000,0x00000000f5600000,0x00000000fab00000)
  to   space 87040K, 0% used [0x00000000fab00000,0x00000000fab00000,0x0000000100000000)
 ParOldGen       total 889856K, used 21284K [0x0000000080000000, 0x00000000b6500000, 0x00000000d5580000)
  object space 889856K, 2% used [0x0000000080000000,0x00000000814c9030,0x00000000b6500000)
 Metaspace       used 34561K, capacity 34988K, committed 35416K, reserved 1081344K
  class space    used 4052K, capacity 4174K, committed 4224K, reserved 1048576K
Event: 4.724 GC heap after
Heap after GC invocations=3 (full 1):
 PSYoungGen      total 611840K, used 22747K [0x00000000d5580000, 0x0000000100000000, 0x0000000100000000)
  eden space 524800K, 0% used [0x00000000d5580000,0x00000000d5580000,0x00000000f5600000)
  from space 87040K, 26% used [0x00000000fab00000,0x00000000fc136e80,0x0000000100000000)
  to   space 87040K, 0% used [0x00000000f5600000,0x00000000f5600000,0x00000000fab00000)
 ParOldGen       total 889856K, used 21356K [0x0000000080000000, 0x00000000b6500000, 0x00000000d5580000)
  object space 889856K, 2% used [0x0000000080000000,0x00000000814db040,0x00000000b6500000)
 Metaspace       used 34561K, capacity 34988K, committed 35416K, reserved 1081344K
  class space    used 4052K, capacity 4174K, committed 4224K, reserved 1048576K
}
Event: 4.724 GC heap before
{Heap before GC invocations=4 (full 2):
 PSYoungGen      total 611840K, used 22747K [0x00000000d5580000, 0x0000000100000000, 0x0000000100000000)
  eden space 524800K, 0% used [0x00000000d5580000,0x00000000d5580000,0x00000000f5600000)
  from space 87040K, 26% used [0x00000000fab00000,0x00000000fc136e80,0x0000000100000000)
  to   space 87040K, 0% used [0x00000000f5600000,0x00000000f5600000,0x00000000fab00000)
 ParOldGen       total 889856K, used 21356K [0x0000000080000000, 0x00000000b6500000, 0x00000000d5580000)
  object space 889856K, 2% used [0x0000000080000000,0x00000000814db040,0x00000000b6500000)
 Metaspace       used 34561K, capacity 34988K, committed 35416K, reserved 1081344K
  class space    used 4052K, capacity 4174K, committed 4224K, reserved 1048576K
Event: 4.812 GC heap after
Heap after GC invocations=4 (full 2):
 PSYoungGen      total 611840K, used 0K [0x00000000d5580000, 0x0000000100000000, 0x0000000100000000)
  eden space 524800K, 0% used [0x00000000d5580000,0x00000000d5580000,0x00000000f5600000)
  from space 87040K, 0% used [0x00000000fab00000,0x00000000fab00000,0x0000000100000000)
  to   space 87040K, 0% used [0x00000000f5600000,0x00000000f5600000,0x00000000fab00000)
 ParOldGen       total 1398272K, used 31212K [0x0000000080000000, 0x00000000d5580000, 0x00000000d5580000)
  object space 1398272K, 2% used [0x0000000080000000,0x0000000081e7b130,0x00000000d5580000)
 Metaspace       used 34561K, capacity 34988K, committed 35416K, reserved 1081344K
  class space    used 4052K, capacity 4174K, committed 4224K, reserved 1048576K
}

