# JRE version: OpenJDK Runtime Environment (8.0_212-b04) (build 1.8.0_212-b04)
# Java VM: OpenJDK 64-Bit Server VM (25.212-b04 mixed mode linux-amd64 compressed oops)
Heap:
 PSYoungGen      total 529408K, used 418454K [0x00000000d5580000, 0x0000000100000000, 0x0000000100000000)
  eden space 385536K, 78% used [0x00000000d5580000,0x00000000e7cbd440,0x00000000ece00000)
  from space 143872K, 80% used [0x00000000f7380000,0x00000000fe4e8500,0x0000000100000000)
  to   space 156672K, 0% used [0x00000000ece00000,0x00000000ece00000,0x00000000f6700000)
 ParOldGen       total 1398272K, used 73021K [0x0000000080000000, 0x00000000d5580000, 0x00000000d5580000)
  object space 1398272K, 5% used [0x0000000080000000,0x000000008474f640,0x00000000d5580000)
 Metaspace       used 72528K, capacity 76134K, committed 76288K, reserved 1118208K
  class space    used 7814K, capacity 8441K, committed 8448K, reserved 1048576K
GC Heap History (10 events):
Event: 55.443 GC heap before
{Heap before GC invocations=7 (full 3):
 PSYoungGen      total 611840K, used 524800K [0x00000000d5580000, 0x0000000100000000, 0x0000000100000000)
  eden space 524800K, 100% used [0x00000000d5580000,0x00000000f5600000,0x00000000f5600000)
  from space 87040K, 0% used [0x00000000f5600000,0x00000000f5600000,0x00000000fab00000)
  to   space 87040K, 0% used [0x00000000fab00000,0x00000000fab00000,0x0000000100000000)
 ParOldGen       total 1398272K, used 43894K [0x0000000080000000, 0x00000000d5580000, 0x00000000d5580000)
  object space 1398272K, 3% used [0x0000000080000000,0x0000000082add9e8,0x00000000d5580000)
 Metaspace       used 67712K, capacity 70840K, committed 71040K, reserved 1112064K
  class space    used 7658K, capacity 8208K, committed 8320K, reserved 1048576K
Event: 55.635 GC heap after
Heap after GC invocations=7 (full 3):
 PSYoungGen      total 611840K, used 87022K [0x00000000d5580000, 0x0000000100000000, 0x0000000100000000)
  eden space 524800K, 0% used [0x00000000d5580000,0x00000000d5580000,0x00000000f5600000)
  from space 87040K, 99% used [0x00000000fab00000,0x00000000ffffbac0,0x0000000100000000)
  to   space 87040K, 0% used [0x00000000f5600000,0x00000000f5600000,0x00000000fab00000)
 ParOldGen       total 1398272K, used 51345K [0x0000000080000000, 0x00000000d5580000, 0x00000000d5580000)
  object space 1398272K, 3% used [0x0000000080000000,0x00000000832247f0,0x00000000d5580000)
 Metaspace       used 67712K, capacity 70840K, committed 71040K, reserved 1112064K
  class space    used 7658K, capacity 8208K, committed 8320K, reserved 1048576K
}
Event: 236.059 GC heap before
{Heap before GC invocations=8 (full 3):
 PSYoungGen      total 611840K, used 611822K [0x00000000d5580000, 0x0000000100000000, 0x0000000100000000)
  eden space 524800K, 100% used [0x00000000d5580000,0x00000000f5600000,0x00000000f5600000)
  from space 87040K, 99% used [0x00000000fab00000,0x00000000ffffbac0,0x0000000100000000)
  to   space 87040K, 0% used [0x00000000f5600000,0x00000000f5600000,0x00000000fab00000)
 ParOldGen       total 1398272K, used 51345K [0x0000000080000000, 0x00000000d5580000, 0x00000000d5580000)
  object space 1398272K, 3% used [0x0000000080000000,0x00000000832247f0,0x00000000d5580000)
 Metaspace       used 70082K, capacity 73288K, committed 73344K, reserved 1114112K
  class space    used 7725K, capacity 8282K, committed 8320K, reserved 1048576K
Event: 236.210 GC heap after
Heap after GC invocations=8 (full 3):
 PSYoungGen      total 611840K, used 87038K [0x00000000d5580000, 0x0000000100000000, 0x0000000100000000)
  eden space 524800K, 0% used [0x00000000d5580000,0x00000000d5580000,0x00000000f5600000)
  from space 87040K, 99% used [0x00000000f5600000,0x00000000faaff920,0x00000000fab00000)
  to   space 87040K, 0% used [0x00000000fab00000,0x00000000fab00000,0x0000000100000000)
 ParOldGen       total 1398272K, used 51385K [0x0000000080000000, 0x00000000d5580000, 0x00000000d5580000)
  object space 1398272K, 3% used [0x0000000080000000,0x000000008322e7f0,0x00000000d5580000)
 Metaspace       used 70082K, capacity 73288K, committed 73344K, reserved 1114112K
  class space    used 7725K, capacity 8282K, committed 8320K, reserved 1048576K
}
Event: 308.514 GC heap before
{Heap before GC invocations=9 (full 3):
 PSYoungGen      total 611840K, used 611838K [0x00000000d5580000, 0x0000000100000000, 0x0000000100000000)
  eden space 524800K, 100% used [0x00000000d5580000,0x00000000f5600000,0x00000000f5600000)
  from space 87040K, 99% used [0x00000000f5600000,0x00000000faaff920,0x00000000fab00000)
  to   space 87040K, 0% used [0x00000000fab00000,0x00000000fab00000,0x0000000100000000)
 ParOldGen       total 1398272K, used 51385K [0x0000000080000000, 0x00000000d5580000, 0x00000000d5580000)
  object space 1398272K, 3% used [0x0000000080000000,0x000000008322e7f0,0x00000000d5580000)
 Metaspace       used 71097K, capacity 74444K, committed 74752K, reserved 1116160K
  class space    used 7757K, capacity 8348K, committed 8448K, reserved 1048576K
Event: 308.706 GC heap after
Heap after GC invocations=9 (full 3):
 PSYoungGen      total 513536K, used 87017K [0x00000000d5580000, 0x0000000100000000, 0x0000000100000000)
  eden space 426496K, 0% used [0x00000000d5580000,0x00000000d5580000,0x00000000ef600000)
  from space 87040K, 99% used [0x00000000fab00000,0x00000000ffffa6c8,0x0000000100000000)
  to   space 136192K, 0% used [0x00000000ef600000,0x00000000ef600000,0x00000000f7b00000)
 ParOldGen       total 1398272K, used 73005K [0x0000000080000000, 0x00000000d5580000, 0x00000000d5580000)
  object space 1398272K, 5% used [0x0000000080000000,0x000000008474b640,0x00000000d5580000)
 Metaspace       used 71097K, capacity 74444K, committed 74752K, reserved 1116160K
  class space    used 7757K, capacity 8348K, committed 8448K, reserved 1048576K
}
Event: 354.154 GC heap before
{Heap before GC invocations=10 (full 3):
 PSYoungGen      total 513536K, used 513512K [0x00000000d5580000, 0x0000000100000000, 0x0000000100000000)
  eden space 426496K, 99% used [0x00000000d5580000,0x00000000ef5ffae8,0x00000000ef600000)
  from space 87040K, 99% used [0x00000000fab00000,0x00000000ffffa6c8,0x0000000100000000)
  to   space 136192K, 0% used [0x00000000ef600000,0x00000000ef600000,0x00000000f7b00000)
 ParOldGen       total 1398272K, used 73005K [0x0000000080000000, 0x00000000d5580000, 0x00000000d5580000)
  object space 1398272K, 5% used [0x0000000080000000,0x000000008474b640,0x00000000d5580000)
 Metaspace       used 71702K, capacity 75164K, committed 75264K, reserved 1116160K
  class space    used 7786K, capacity 8392K, committed 8448K, reserved 1048576K
Event: 354.351 GC heap after
Heap after GC invocations=10 (full 3):
 PSYoungGen      total 522240K, used 95315K [0x00000000d5580000, 0x0000000100000000, 0x0000000100000000)
  eden space 426496K, 0% used [0x00000000d5580000,0x00000000d5580000,0x00000000ef600000)
  from space 95744K, 99% used [0x00000000ef600000,0x00000000f5314f00,0x00000000f5380000)
  to   space 143872K, 0% used [0x00000000f7380000,0x00000000f7380000,0x0000000100000000)
 ParOldGen       total 1398272K, used 73013K [0x0000000080000000, 0x00000000d5580000, 0x00000000d5580000)
  object space 1398272K, 5% used [0x0000000080000000,0x000000008474d640,0x00000000d5580000)
 Metaspace       used 71702K, capacity 75164K, committed 75264K, reserved 1116160K
  class space    used 7786K, capacity 8392K, committed 8448K, reserved 1048576K
}
Event: 400.950 GC heap before
{Heap before GC invocations=11 (full 3):
 PSYoungGen      total 522240K, used 521811K [0x00000000d5580000, 0x0000000100000000, 0x0000000100000000)
  eden space 426496K, 100% used [0x00000000d5580000,0x00000000ef600000,0x00000000ef600000)
  from space 95744K, 99% used [0x00000000ef600000,0x00000000f5314f00,0x00000000f5380000)
  to   space 143872K, 0% used [0x00000000f7380000,0x00000000f7380000,0x0000000100000000)
 ParOldGen       total 1398272K, used 73013K [0x0000000080000000, 0x00000000d5580000, 0x00000000d5580000)
  object space 1398272K, 5% used [0x0000000080000000,0x000000008474d640,0x00000000d5580000)
 Metaspace       used 72246K, capacity 75828K, committed 76032K, reserved 1116160K
  class space    used 7803K, capacity 8422K, committed 8448K, reserved 1048576K
Event: 401.213 GC heap after
Heap after GC invocations=11 (full 3):
 PSYoungGen      total 529408K, used 116129K [0x00000000d5580000, 0x0000000100000000, 0x0000000100000000)
  eden space 385536K, 0% used [0x00000000d5580000,0x00000000d5580000,0x00000000ece00000)
  from space 143872K, 80% used [0x00000000f7380000,0x00000000fe4e8500,0x0000000100000000)
  to   space 156672K, 0% used [0x00000000ece00000,0x00000000ece00000,0x00000000f6700000)
 ParOldGen       total 1398272K, used 73021K [0x0000000080000000, 0x00000000d5580000, 0x00000000d5580000)
  object space 1398272K, 5% used [0x0000000080000000,0x000000008474f640,0x00000000d5580000)
 Metaspace       used 72246K, capacity 75828K, committed 76032K, reserved 1116160K
  class space    used 7803K, capacity 8422K, committed 8448K, reserved 1048576K
}

