# JRE version: OpenJDK Runtime Environment (8.0_212-b04) (build 1.8.0_212-b04)
# Java VM: OpenJDK 64-Bit Server VM (25.212-b04 mixed mode linux-amd64 compressed oops)
Heap:
 PSYoungGen      total 579072K, used 103843K [0x00000000d5580000, 0x0000000100000000, 0x0000000100000000)
  eden space 529408K, 10% used [0x00000000d5580000,0x00000000d8a6f580,0x00000000f5a80000)
  from space 49664K, 99% used [0x00000000f5a80000,0x00000000f8af9718,0x00000000f8b00000)
  to   space 65024K, 0% used [0x00000000fc080000,0x00000000fc080000,0x0000000100000000)
 ParOldGen       total 1398272K, used 54962K [0x0000000080000000, 0x00000000d5580000, 0x00000000d5580000)
  object space 1398272K, 3% used [0x0000000080000000,0x00000000835ac808,0x00000000d5580000)
 Metaspace       used 68972K, capacity 72070K, committed 72320K, reserved 1114112K
  class space    used 7750K, capacity 8301K, committed 8320K, reserved 1048576K
GC Heap History (10 events):
Event: 12.122 GC heap before
{Heap before GC invocations=6 (full 2):
 PSYoungGen      total 611840K, used 44594K [0x00000000d5580000, 0x0000000100000000, 0x0000000100000000)
  eden space 524800K, 2% used [0x00000000d5580000,0x00000000d641b3a0,0x00000000f5600000)
  from space 87040K, 34% used [0x00000000f5600000,0x00000000f72f1580,0x00000000fab00000)
  to   space 87040K, 0% used [0x00000000fab00000,0x00000000fab00000,0x0000000100000000)
 ParOldGen       total 1398272K, used 23803K [0x0000000080000000, 0x00000000d5580000, 0x00000000d5580000)
  object space 1398272K, 1% used [0x0000000080000000,0x000000008173ef68,0x00000000d5580000)
 Metaspace       used 57489K, capacity 58870K, committed 59008K, reserved 1101824K
  class space    used 6666K, capacity 6949K, committed 7040K, reserved 1048576K
Event: 12.142 GC heap after
Heap after GC invocations=6 (full 2):
 PSYoungGen      total 611840K, used 11168K [0x00000000d5580000, 0x0000000100000000, 0x0000000100000000)
  eden space 524800K, 0% used [0x00000000d5580000,0x00000000d5580000,0x00000000f5600000)
  from space 87040K, 12% used [0x00000000fab00000,0x00000000fb5e83d8,0x0000000100000000)
  to   space 87040K, 0% used [0x00000000f5600000,0x00000000f5600000,0x00000000fab00000)
 ParOldGen       total 1398272K, used 23803K [0x0000000080000000, 0x00000000d5580000, 0x00000000d5580000)
  object space 1398272K, 1% used [0x0000000080000000,0x000000008173ef68,0x00000000d5580000)
 Metaspace       used 57489K, capacity 58870K, committed 59008K, reserved 1101824K
  class space    used 6666K, capacity 6949K, committed 7040K, reserved 1048576K
}
Event: 12.142 GC heap before
{Heap before GC invocations=7 (full 3):
 PSYoungGen      total 611840K, used 11168K [0x00000000d5580000, 0x0000000100000000, 0x0000000100000000)
  eden space 524800K, 0% used [0x00000000d5580000,0x00000000d5580000,0x00000000f5600000)
  from space 87040K, 12% used [0x00000000fab00000,0x00000000fb5e83d8,0x0000000100000000)
  to   space 87040K, 0% used [0x00000000f5600000,0x00000000f5600000,0x00000000fab00000)
 ParOldGen       total 1398272K, used 23803K [0x0000000080000000, 0x00000000d5580000, 0x00000000d5580000)
  object space 1398272K, 1% used [0x0000000080000000,0x000000008173ef68,0x00000000d5580000)
 Metaspace       used 57489K, capacity 58870K, committed 59008K, reserved 1101824K
  class space    used 6666K, capacity 6949K, committed 7040K, reserved 1048576K
Event: 12.375 GC heap after
Heap after GC invocations=7 (full 3):
 PSYoungGen      total 611840K, used 0K [0x00000000d5580000, 0x0000000100000000, 0x0000000100000000)
  eden space 524800K, 0% used [0x00000000d5580000,0x00000000d5580000,0x00000000f5600000)
  from space 87040K, 0% used [0x00000000fab00000,0x00000000fab00000,0x0000000100000000)
  to   space 87040K, 0% used [0x00000000f5600000,0x00000000f5600000,0x00000000fab00000)
 ParOldGen       total 1398272K, used 23432K [0x0000000080000000, 0x00000000d5580000, 0x00000000d5580000)
  object space 1398272K, 1% used [0x0000000080000000,0x00000000816e2308,0x00000000d5580000)
 Metaspace       used 57475K, capacity 58832K, committed 59008K, reserved 1101824K
  class space    used 6661K, capacity 6940K, committed 7040K, reserved 1048576K
}
Event: 92.958 GC heap before
{Heap before GC invocations=8 (full 3):
 PSYoungGen      total 611840K, used 524800K [0x00000000d5580000, 0x0000000100000000, 0x0000000100000000)
  eden space 524800K, 100% used [0x00000000d5580000,0x00000000f5600000,0x00000000f5600000)
  from space 87040K, 0% used [0x00000000fab00000,0x00000000fab00000,0x0000000100000000)
  to   space 87040K, 0% used [0x00000000f5600000,0x00000000f5600000,0x00000000fab00000)
 ParOldGen       total 1398272K, used 23432K [0x0000000080000000, 0x00000000d5580000, 0x00000000d5580000)
  object space 1398272K, 1% used [0x0000000080000000,0x00000000816e2308,0x00000000d5580000)
 Metaspace       used 62488K, capacity 64748K, committed 65024K, reserved 1105920K
  class space    used 7199K, capacity 7604K, committed 7680K, reserved 1048576K
Event: 93.014 GC heap after
Heap after GC invocations=8 (full 3):
 PSYoungGen      total 548864K, used 23974K [0x00000000d5580000, 0x00000000fab80000, 0x0000000100000000)
  eden space 524800K, 0% used [0x00000000d5580000,0x00000000d5580000,0x00000000f5600000)
  from space 24064K, 99% used [0x00000000f5600000,0x00000000f6d69a10,0x00000000f6d80000)
  to   space 33280K, 0% used [0x00000000f8b00000,0x00000000f8b00000,0x00000000fab80000)
 ParOldGen       total 1398272K, used 23440K [0x0000000080000000, 0x00000000d5580000, 0x00000000d5580000)
  object space 1398272K, 1% used [0x0000000080000000,0x00000000816e4308,0x00000000d5580000)
 Metaspace       used 62488K, capacity 64748K, committed 65024K, reserved 1105920K
  class space    used 7199K, capacity 7604K, committed 7680K, reserved 1048576K
}
Event: 165.266 GC heap before
{Heap before GC invocations=9 (full 3):
 PSYoungGen      total 548864K, used 548774K [0x00000000d5580000, 0x00000000fab80000, 0x0000000100000000)
  eden space 524800K, 100% used [0x00000000d5580000,0x00000000f5600000,0x00000000f5600000)
  from space 24064K, 99% used [0x00000000f5600000,0x00000000f6d69a10,0x00000000f6d80000)
  to   space 33280K, 0% used [0x00000000f8b00000,0x00000000f8b00000,0x00000000fab80000)
 ParOldGen       total 1398272K, used 23440K [0x0000000080000000, 0x00000000d5580000, 0x00000000d5580000)
  object space 1398272K, 1% used [0x0000000080000000,0x00000000816e4308,0x00000000d5580000)
 Metaspace       used 68136K, capacity 71142K, committed 71296K, reserved 1112064K
  class space    used 7739K, capacity 8281K, committed 8320K, reserved 1048576K
Event: 165.381 GC heap after
Heap after GC invocations=9 (full 3):
 PSYoungGen      total 562688K, used 33273K [0x00000000d5580000, 0x0000000100000000, 0x0000000100000000)
  eden space 529408K, 0% used [0x00000000d5580000,0x00000000d5580000,0x00000000f5a80000)
  from space 33280K, 99% used [0x00000000f8b00000,0x00000000fab7e5b8,0x00000000fab80000)
  to   space 49664K, 0% used [0x00000000f5a80000,0x00000000f5a80000,0x00000000f8b00000)
 ParOldGen       total 1398272K, used 42336K [0x0000000080000000, 0x00000000d5580000, 0x00000000d5580000)
  object space 1398272K, 3% used [0x0000000080000000,0x0000000082958108,0x00000000d5580000)
 Metaspace       used 68136K, capacity 71142K, committed 71296K, reserved 1112064K
  class space    used 7739K, capacity 8281K, committed 8320K, reserved 1048576K
}
Event: 228.470 GC heap before
{Heap before GC invocations=10 (full 3):
 PSYoungGen      total 562688K, used 562681K [0x00000000d5580000, 0x0000000100000000, 0x0000000100000000)
  eden space 529408K, 100% used [0x00000000d5580000,0x00000000f5a80000,0x00000000f5a80000)
  from space 33280K, 99% used [0x00000000f8b00000,0x00000000fab7e5b8,0x00000000fab80000)
  to   space 49664K, 0% used [0x00000000f5a80000,0x00000000f5a80000,0x00000000f8b00000)
 ParOldGen       total 1398272K, used 42336K [0x0000000080000000, 0x00000000d5580000, 0x00000000d5580000)
  object space 1398272K, 3% used [0x0000000080000000,0x0000000082958108,0x00000000d5580000)
 Metaspace       used 68930K, capacity 71978K, committed 72064K, reserved 1114112K
  class space    used 7749K, capacity 8299K, committed 8320K, reserved 1048576K
Event: 228.609 GC heap after
Heap after GC invocations=10 (full 3):
 PSYoungGen      total 579072K, used 49637K [0x00000000d5580000, 0x0000000100000000, 0x0000000100000000)
  eden space 529408K, 0% used [0x00000000d5580000,0x00000000d5580000,0x00000000f5a80000)
  from space 49664K, 99% used [0x00000000f5a80000,0x00000000f8af9718,0x00000000f8b00000)
  to   space 65024K, 0% used [0x00000000fc080000,0x00000000fc080000,0x0000000100000000)
 ParOldGen       total 1398272K, used 54962K [0x0000000080000000, 0x00000000d5580000, 0x00000000d5580000)
  object space 1398272K, 3% used [0x0000000080000000,0x00000000835ac808,0x00000000d5580000)
 Metaspace       used 68930K, capacity 71978K, committed 72064K, reserved 1114112K
  class space    used 7749K, capacity 8299K, committed 8320K, reserved 1048576K
}

