# JRE version: OpenJDK Runtime Environment (8.0_212-b04) (build 1.8.0_212-b04)
# Java VM: OpenJDK 64-Bit Server VM (25.212-b04 mixed mode linux-amd64 compressed oops)
Heap:
 PSYoungGen      total 555520K, used 259795K [0x00000000d5580000, 0x00000000fab80000, 0x0000000100000000)
  eden space 524800K, 43% used [0x00000000d5580000,0x00000000e35adab0,0x00000000f5600000)
  from space 30720K, 98% used [0x00000000f5600000,0x00000000f7387480,0x00000000f7400000)
  to   space 37888K, 0% used [0x00000000f8680000,0x00000000f8680000,0x00000000fab80000)
 ParOldGen       total 1398272K, used 23238K [0x0000000080000000, 0x00000000d5580000, 0x00000000d5580000)
  object space 1398272K, 1% used [0x0000000080000000,0x00000000816b1bb0,0x00000000d5580000)
 Metaspace       used 63818K, capacity 66458K, committed 66688K, reserved 1107968K
  class space    used 7300K, capacity 7771K, committed 7808K, reserved 1048576K
GC Heap History (10 events):
Event: 4.827 GC heap before
{Heap before GC invocations=4 (full 2):
 PSYoungGen      total 611840K, used 19178K [0x00000000d5580000, 0x0000000100000000, 0x0000000100000000)
  eden space 524800K, 0% used [0x00000000d5580000,0x00000000d5580000,0x00000000f5600000)
  from space 87040K, 22% used [0x00000000fab00000,0x00000000fbdba910,0x0000000100000000)
  to   space 87040K, 0% used [0x00000000f5600000,0x00000000f5600000,0x00000000fab00000)
 ParOldGen       total 856064K, used 14259K [0x0000000080000000, 0x00000000b4400000, 0x00000000d5580000)
  object space 856064K, 1% used [0x0000000080000000,0x0000000080decfe0,0x00000000b4400000)
 Metaspace       used 34737K, capacity 35092K, committed 35416K, reserved 1081344K
  class space    used 3952K, capacity 4060K, committed 4096K, reserved 1048576K
Event: 4.936 GC heap after
Heap after GC invocations=4 (full 2):
 PSYoungGen      total 611840K, used 0K [0x00000000d5580000, 0x0000000100000000, 0x0000000100000000)
  eden space 524800K, 0% used [0x00000000d5580000,0x00000000d5580000,0x00000000f5600000)
  from space 87040K, 0% used [0x00000000fab00000,0x00000000fab00000,0x0000000100000000)
  to   space 87040K, 0% used [0x00000000f5600000,0x00000000f5600000,0x00000000fab00000)
 ParOldGen       total 1398272K, used 23698K [0x0000000080000000, 0x00000000d5580000, 0x00000000d5580000)
  object space 1398272K, 1% used [0x0000000080000000,0x0000000081724a90,0x00000000d5580000)
 Metaspace       used 34737K, capacity 35092K, committed 35416K, reserved 1081344K
  class space    used 3952K, capacity 4060K, committed 4096K, reserved 1048576K
}
Event: 11.665 GC heap before
{Heap before GC invocations=5 (full 2):
 PSYoungGen      total 611840K, used 524800K [0x00000000d5580000, 0x0000000100000000, 0x0000000100000000)
  eden space 524800K, 100% used [0x00000000d5580000,0x00000000f5600000,0x00000000f5600000)
  from space 87040K, 0% used [0x00000000fab00000,0x00000000fab00000,0x0000000100000000)
  to   space 87040K, 0% used [0x00000000f5600000,0x00000000f5600000,0x00000000fab00000)
 ParOldGen       total 1398272K, used 23698K [0x0000000080000000, 0x00000000d5580000, 0x00000000d5580000)
  object space 1398272K, 1% used [0x0000000080000000,0x0000000081724a90,0x00000000d5580000)
 Metaspace       used 57102K, capacity 58462K, committed 58624K, reserved 1101824K
  class space    used 6620K, capacity 6855K, committed 6912K, reserved 1048576K
Event: 11.719 GC heap after
Heap after GC invocations=5 (full 2):
 PSYoungGen      total 611840K, used 30135K [0x00000000d5580000, 0x0000000100000000, 0x0000000100000000)
  eden space 524800K, 0% used [0x00000000d5580000,0x00000000d5580000,0x00000000f5600000)
  from space 87040K, 34% used [0x00000000f5600000,0x00000000f736ded0,0x00000000fab00000)
  to   space 87040K, 0% used [0x00000000fab00000,0x00000000fab00000,0x0000000100000000)
 ParOldGen       total 1398272K, used 23706K [0x0000000080000000, 0x00000000d5580000, 0x00000000d5580000)
  object space 1398272K, 1% used [0x0000000080000000,0x0000000081726a90,0x00000000d5580000)
 Metaspace       used 57102K, capacity 58462K, committed 58624K, reserved 1101824K
  class space    used 6620K, capacity 6855K, committed 6912K, reserved 1048576K
}
Event: 11.752 GC heap before
{Heap before GC invocations=6 (full 2):
 PSYoungGen      total 611840K, used 51396K [0x00000000d5580000, 0x0000000100000000, 0x0000000100000000)
  eden space 524800K, 4% used [0x00000000d5580000,0x00000000d6a43450,0x00000000f5600000)
  from space 87040K, 34% used [0x00000000f5600000,0x00000000f736ded0,0x00000000fab00000)
  to   space 87040K, 0% used [0x00000000fab00000,0x00000000fab00000,0x0000000100000000)
 ParOldGen       total 1398272K, used 23706K [0x0000000080000000, 0x00000000d5580000, 0x00000000d5580000)
  object space 1398272K, 1% used [0x0000000080000000,0x0000000081726a90,0x00000000d5580000)
 Metaspace       used 57477K, capacity 58846K, committed 59008K, reserved 1101824K
  class space    used 6663K, capacity 6919K, committed 7040K, reserved 1048576K
Event: 11.768 GC heap after
Heap after GC invocations=6 (full 2):
 PSYoungGen      total 611840K, used 10944K [0x00000000d5580000, 0x0000000100000000, 0x0000000100000000)
  eden space 524800K, 0% used [0x00000000d5580000,0x00000000d5580000,0x00000000f5600000)
  from space 87040K, 12% used [0x00000000fab00000,0x00000000fb5b0208,0x0000000100000000)
  to   space 87040K, 0% used [0x00000000f5600000,0x00000000f5600000,0x00000000fab00000)
 ParOldGen       total 1398272K, used 23706K [0x0000000080000000, 0x00000000d5580000, 0x00000000d5580000)
  object space 1398272K, 1% used [0x0000000080000000,0x0000000081726a90,0x00000000d5580000)
 Metaspace       used 57477K, capacity 58846K, committed 59008K, reserved 1101824K
  class space    used 6663K, capacity 6919K, committed 7040K, reserved 1048576K
}
Event: 11.768 GC heap before
{Heap before GC invocations=7 (full 3):
 PSYoungGen      total 611840K, used 10944K [0x00000000d5580000, 0x0000000100000000, 0x0000000100000000)
  eden space 524800K, 0% used [0x00000000d5580000,0x00000000d5580000,0x00000000f5600000)
  from space 87040K, 12% used [0x00000000fab00000,0x00000000fb5b0208,0x0000000100000000)
  to   space 87040K, 0% used [0x00000000f5600000,0x00000000f5600000,0x00000000fab00000)
 ParOldGen       total 1398272K, used 23706K [0x0000000080000000, 0x00000000d5580000, 0x00000000d5580000)
  object space 1398272K, 1% used [0x0000000080000000,0x0000000081726a90,0x00000000d5580000)
 Metaspace       used 57477K, capacity 58846K, committed 59008K, reserved 1101824K
  class space    used 6663K, capacity 6919K, committed 7040K, reserved 1048576K
Event: 11.983 GC heap after
Heap after GC invocations=7 (full 3):
 PSYoungGen      total 611840K, used 0K [0x00000000d5580000, 0x0000000100000000, 0x0000000100000000)
  eden space 524800K, 0% used [0x00000000d5580000,0x00000000d5580000,0x00000000f5600000)
  from space 87040K, 0% used [0x00000000fab00000,0x00000000fab00000,0x0000000100000000)
  to   space 87040K, 0% used [0x00000000f5600000,0x00000000f5600000,0x00000000fab00000)
 ParOldGen       total 1398272K, used 23238K [0x0000000080000000, 0x00000000d5580000, 0x00000000d5580000)
  object space 1398272K, 1% used [0x0000000080000000,0x00000000816b1bb0,0x00000000d5580000)
 Metaspace       used 57457K, capacity 58798K, committed 59008K, reserved 1101824K
  class space    used 6656K, capacity 6907K, committed 7040K, reserved 1048576K
}
Event: 60.198 GC heap before
{Heap before GC invocations=8 (full 3):
 PSYoungGen      total 611840K, used 524800K [0x00000000d5580000, 0x0000000100000000, 0x0000000100000000)
  eden space 524800K, 100% used [0x00000000d5580000,0x00000000f5600000,0x00000000f5600000)
  from space 87040K, 0% used [0x00000000fab00000,0x00000000fab00000,0x0000000100000000)
  to   space 87040K, 0% used [0x00000000f5600000,0x00000000f5600000,0x00000000fab00000)
 ParOldGen       total 1398272K, used 23238K [0x0000000080000000, 0x00000000d5580000, 0x00000000d5580000)
  object space 1398272K, 1% used [0x0000000080000000,0x00000000816b1bb0,0x00000000d5580000)
 Metaspace       used 62780K, capacity 65088K, committed 65280K, reserved 1107968K
  class space    used 7228K, capacity 7644K, committed 7680K, reserved 1048576K
Event: 60.286 GC heap after
Heap after GC invocations=8 (full 3):
 PSYoungGen      total 555520K, used 30237K [0x00000000d5580000, 0x00000000fab80000, 0x0000000100000000)
  eden space 524800K, 0% used [0x00000000d5580000,0x00000000d5580000,0x00000000f5600000)
  from space 30720K, 98% used [0x00000000f5600000,0x00000000f7387480,0x00000000f7400000)
  to   space 37888K, 0% used [0x00000000f8680000,0x00000000f8680000,0x00000000fab80000)
 ParOldGen       total 1398272K, used 23238K [0x0000000080000000, 0x00000000d5580000, 0x00000000d5580000)
  object space 1398272K, 1% used [0x0000000080000000,0x00000000816b1bb0,0x00000000d5580000)
 Metaspace       used 62780K, capacity 65088K, committed 65280K, reserved 1107968K
  class space    used 7228K, capacity 7644K, committed 7680K, reserved 1048576K
}

