# JRE version: OpenJDK Runtime Environment (8.0_212-b04) (build 1.8.0_212-b04)
# Java VM: OpenJDK 64-Bit Server VM (25.212-b04 mixed mode linux-amd64 compressed oops)
Heap:
 PSYoungGen      total 603648K, used 505803K [0x00000000d5580000, 0x0000000100000000, 0x0000000100000000)
  eden space 524800K, 81% used [0x00000000d5580000,0x00000000ef699580,0x00000000f5600000)
  from space 78848K, 99% used [0x00000000f5600000,0x00000000fa2d9758,0x00000000fa300000)
  to   space 95232K, 0% used [0x00000000fa300000,0x00000000fa300000,0x0000000100000000)
 ParOldGen       total 1398272K, used 52697K [0x0000000080000000, 0x00000000d5580000, 0x00000000d5580000)
  object space 1398272K, 3% used [0x0000000080000000,0x00000000833767d8,0x00000000d5580000)
 Metaspace       used 70317K, capacity 73517K, committed 73600K, reserved 1114112K
  class space    used 7699K, capacity 8262K, committed 8320K, reserved 1048576K
GC Heap History (10 events):
Event: 4.573 GC heap before
{Heap before GC invocations=4 (full 2):
 PSYoungGen      total 611840K, used 18698K [0x00000000d5580000, 0x0000000100000000, 0x0000000100000000)
  eden space 524800K, 0% used [0x00000000d5580000,0x00000000d5580000,0x00000000f5600000)
  from space 87040K, 21% used [0x00000000fab00000,0x00000000fbd42998,0x0000000100000000)
  to   space 87040K, 0% used [0x00000000f5600000,0x00000000f5600000,0x00000000fab00000)
 ParOldGen       total 858112K, used 13701K [0x0000000080000000, 0x00000000b4600000, 0x00000000d5580000)
  object space 858112K, 1% used [0x0000000080000000,0x0000000080d61468,0x00000000b4600000)
 Metaspace       used 34643K, capacity 35075K, committed 35416K, reserved 1081344K
  class space    used 3954K, capacity 4059K, committed 4096K, reserved 1048576K
Event: 4.673 GC heap after
Heap after GC invocations=4 (full 2):
 PSYoungGen      total 611840K, used 0K [0x00000000d5580000, 0x0000000100000000, 0x0000000100000000)
  eden space 524800K, 0% used [0x00000000d5580000,0x00000000d5580000,0x00000000f5600000)
  from space 87040K, 0% used [0x00000000fab00000,0x00000000fab00000,0x0000000100000000)
  to   space 87040K, 0% used [0x00000000f5600000,0x00000000f5600000,0x00000000fab00000)
 ParOldGen       total 1398272K, used 22891K [0x0000000080000000, 0x00000000d5580000, 0x00000000d5580000)
  object space 1398272K, 1% used [0x0000000080000000,0x000000008165aea0,0x00000000d5580000)
 Metaspace       used 34643K, capacity 35075K, committed 35416K, reserved 1081344K
  class space    used 3954K, capacity 4059K, committed 4096K, reserved 1048576K
}
Event: 12.738 GC heap before
{Heap before GC invocations=5 (full 2):
 PSYoungGen      total 611840K, used 372243K [0x00000000d5580000, 0x0000000100000000, 0x0000000100000000)
  eden space 524800K, 70% used [0x00000000d5580000,0x00000000ec104e80,0x00000000f5600000)
  from space 87040K, 0% used [0x00000000fab00000,0x00000000fab00000,0x0000000100000000)
  to   space 87040K, 0% used [0x00000000f5600000,0x00000000f5600000,0x00000000fab00000)
 ParOldGen       total 1398272K, used 22891K [0x0000000080000000, 0x00000000d5580000, 0x00000000d5580000)
  object space 1398272K, 1% used [0x0000000080000000,0x000000008165aea0,0x00000000d5580000)
 Metaspace       used 57050K, capacity 58887K, committed 59008K, reserved 1101824K
  class space    used 6650K, capacity 6983K, committed 7040K, reserved 1048576K
Event: 12.814 GC heap after
Heap after GC invocations=5 (full 2):
 PSYoungGen      total 611840K, used 34605K [0x00000000d5580000, 0x0000000100000000, 0x0000000100000000)
  eden space 524800K, 0% used [0x00000000d5580000,0x00000000d5580000,0x00000000f5600000)
  from space 87040K, 39% used [0x00000000f5600000,0x00000000f77cb6d0,0x00000000fab00000)
  to   space 87040K, 0% used [0x00000000fab00000,0x00000000fab00000,0x0000000100000000)
 ParOldGen       total 1398272K, used 22899K [0x0000000080000000, 0x00000000d5580000, 0x00000000d5580000)
  object space 1398272K, 1% used [0x0000000080000000,0x000000008165cea0,0x00000000d5580000)
 Metaspace       used 57050K, capacity 58887K, committed 59008K, reserved 1101824K
  class space    used 6650K, capacity 6983K, committed 7040K, reserved 1048576K
}
Event: 12.814 GC heap before
{Heap before GC invocations=6 (full 3):
 PSYoungGen      total 611840K, used 34605K [0x00000000d5580000, 0x0000000100000000, 0x0000000100000000)
  eden space 524800K, 0% used [0x00000000d5580000,0x00000000d5580000,0x00000000f5600000)
  from space 87040K, 39% used [0x00000000f5600000,0x00000000f77cb6d0,0x00000000fab00000)
  to   space 87040K, 0% used [0x00000000fab00000,0x00000000fab00000,0x0000000100000000)
 ParOldGen       total 1398272K, used 22899K [0x0000000080000000, 0x00000000d5580000, 0x00000000d5580000)
  object space 1398272K, 1% used [0x0000000080000000,0x000000008165cea0,0x00000000d5580000)
 Metaspace       used 57050K, capacity 58887K, committed 59008K, reserved 1101824K
  class space    used 6650K, capacity 6983K, committed 7040K, reserved 1048576K
Event: 13.006 GC heap after
Heap after GC invocations=6 (full 3):
 PSYoungGen      total 611840K, used 0K [0x00000000d5580000, 0x0000000100000000, 0x0000000100000000)
  eden space 524800K, 0% used [0x00000000d5580000,0x00000000d5580000,0x00000000f5600000)
  from space 87040K, 0% used [0x00000000f5600000,0x00000000f5600000,0x00000000fab00000)
  to   space 87040K, 0% used [0x00000000fab00000,0x00000000fab00000,0x0000000100000000)
 ParOldGen       total 1398272K, used 44742K [0x0000000080000000, 0x00000000d5580000, 0x00000000d5580000)
  object space 1398272K, 3% used [0x0000000080000000,0x0000000082bb19d0,0x00000000d5580000)
 Metaspace       used 57014K, capacity 58787K, committed 59008K, reserved 1101824K
  class space    used 6638K, capacity 6963K, committed 7040K, reserved 1048576K
}
Event: 58.887 GC heap before
{Heap before GC invocations=7 (full 3):
 PSYoungGen      total 611840K, used 524800K [0x00000000d5580000, 0x0000000100000000, 0x0000000100000000)
  eden space 524800K, 100% used [0x00000000d5580000,0x00000000f5600000,0x00000000f5600000)
  from space 87040K, 0% used [0x00000000f5600000,0x00000000f5600000,0x00000000fab00000)
  to   space 87040K, 0% used [0x00000000fab00000,0x00000000fab00000,0x0000000100000000)
 ParOldGen       total 1398272K, used 44742K [0x0000000080000000, 0x00000000d5580000, 0x00000000d5580000)
  object space 1398272K, 3% used [0x0000000080000000,0x0000000082bb19d0,0x00000000d5580000)
 Metaspace       used 67749K, capacity 70793K, committed 71040K, reserved 1112064K
  class space    used 7638K, capacity 8194K, committed 8320K, reserved 1048576K
Event: 59.087 GC heap after
Heap after GC invocations=7 (full 3):
 PSYoungGen      total 611840K, used 87037K [0x00000000d5580000, 0x0000000100000000, 0x0000000100000000)
  eden space 524800K, 0% used [0x00000000d5580000,0x00000000d5580000,0x00000000f5600000)
  from space 87040K, 99% used [0x00000000fab00000,0x00000000fffff6e0,0x0000000100000000)
  to   space 87040K, 0% used [0x00000000f5600000,0x00000000f5600000,0x00000000fab00000)
 ParOldGen       total 1398272K, used 52689K [0x0000000080000000, 0x00000000d5580000, 0x00000000d5580000)
  object space 1398272K, 3% used [0x0000000080000000,0x00000000833747d8,0x00000000d5580000)
 Metaspace       used 67749K, capacity 70793K, committed 71040K, reserved 1112064K
  class space    used 7638K, capacity 8194K, committed 8320K, reserved 1048576K
}
Event: 261.988 GC heap before
{Heap before GC invocations=8 (full 3):
 PSYoungGen      total 611840K, used 611837K [0x00000000d5580000, 0x0000000100000000, 0x0000000100000000)
  eden space 524800K, 100% used [0x00000000d5580000,0x00000000f5600000,0x00000000f5600000)
  from space 87040K, 99% used [0x00000000fab00000,0x00000000fffff6e0,0x0000000100000000)
  to   space 87040K, 0% used [0x00000000f5600000,0x00000000f5600000,0x00000000fab00000)
 ParOldGen       total 1398272K, used 52689K [0x0000000080000000, 0x00000000d5580000, 0x00000000d5580000)
  object space 1398272K, 3% used [0x0000000080000000,0x00000000833747d8,0x00000000d5580000)
 Metaspace       used 69591K, capacity 72783K, committed 73088K, reserved 1114112K
  class space    used 7688K, capacity 8257K, committed 8320K, reserved 1048576K
Event: 262.156 GC heap after
Heap after GC invocations=8 (full 3):
 PSYoungGen      total 603648K, used 78693K [0x00000000d5580000, 0x0000000100000000, 0x0000000100000000)
  eden space 524800K, 0% used [0x00000000d5580000,0x00000000d5580000,0x00000000f5600000)
  from space 78848K, 99% used [0x00000000f5600000,0x00000000fa2d9758,0x00000000fa300000)
  to   space 95232K, 0% used [0x00000000fa300000,0x00000000fa300000,0x0000000100000000)
 ParOldGen       total 1398272K, used 52697K [0x0000000080000000, 0x00000000d5580000, 0x00000000d5580000)
  object space 1398272K, 3% used [0x0000000080000000,0x00000000833767d8,0x00000000d5580000)
 Metaspace       used 69591K, capacity 72783K, committed 73088K, reserved 1114112K
  class space    used 7688K, capacity 8257K, committed 8320K, reserved 1048576K
}

