# JRE version: OpenJDK Runtime Environment (8.0_212-b04) (build 1.8.0_212-b04)
# Java VM: OpenJDK 64-Bit Server VM (25.212-b04 mixed mode linux-amd64 compressed oops)
Heap:
 PSYoungGen      total 531968K, used 217339K [0x00000000d5580000, 0x0000000100000000, 0x0000000100000000)
  eden space 365056K, 49% used [0x00000000d5580000,0x00000000e066afc8,0x00000000eba00000)
  from space 166912K, 21% used [0x00000000eba00000,0x00000000edd53ca8,0x00000000f5d00000)
  to   space 157696K, 0% used [0x00000000f6600000,0x00000000f6600000,0x0000000100000000)
 ParOldGen       total 1398272K, used 182973K [0x0000000080000000, 0x00000000d5580000, 0x00000000d5580000)
  object space 1398272K, 13% used [0x0000000080000000,0x000000008b2af688,0x00000000d5580000)
 Metaspace       used 68307K, capacity 71398K, committed 71552K, reserved 1112064K
  class space    used 7632K, capacity 8199K, committed 8320K, reserved 1048576K
GC Heap History (10 events):
Event: 12.134 GC heap before
{Heap before GC invocations=6 (full 2):
 PSYoungGen      total 611840K, used 172634K [0x00000000d5580000, 0x0000000100000000, 0x0000000100000000)
  eden space 524800K, 27% used [0x00000000d5580000,0x00000000de4ce6c0,0x00000000f5600000)
  from space 87040K, 29% used [0x00000000f5600000,0x00000000f6f481a0,0x00000000fab00000)
  to   space 87040K, 0% used [0x00000000fab00000,0x00000000fab00000,0x0000000100000000)
 ParOldGen       total 1398272K, used 23555K [0x0000000080000000, 0x00000000d5580000, 0x00000000d5580000)
  object space 1398272K, 1% used [0x0000000080000000,0x0000000081700d60,0x00000000d5580000)
 Metaspace       used 57273K, capacity 58908K, committed 59008K, reserved 1101824K
  class space    used 6623K, capacity 6956K, committed 7040K, reserved 1048576K
Event: 12.159 GC heap after
Heap after GC invocations=6 (full 2):
 PSYoungGen      total 611840K, used 21556K [0x00000000d5580000, 0x0000000100000000, 0x0000000100000000)
  eden space 524800K, 0% used [0x00000000d5580000,0x00000000d5580000,0x00000000f5600000)
  from space 87040K, 24% used [0x00000000fab00000,0x00000000fc00d140,0x0000000100000000)
  to   space 87040K, 0% used [0x00000000f5600000,0x00000000f5600000,0x00000000fab00000)
 ParOldGen       total 1398272K, used 23563K [0x0000000080000000, 0x00000000d5580000, 0x00000000d5580000)
  object space 1398272K, 1% used [0x0000000080000000,0x0000000081702d60,0x00000000d5580000)
 Metaspace       used 57273K, capacity 58908K, committed 59008K, reserved 1101824K
  class space    used 6623K, capacity 6956K, committed 7040K, reserved 1048576K
}
Event: 12.159 GC heap before
{Heap before GC invocations=7 (full 3):
 PSYoungGen      total 611840K, used 21556K [0x00000000d5580000, 0x0000000100000000, 0x0000000100000000)
  eden space 524800K, 0% used [0x00000000d5580000,0x00000000d5580000,0x00000000f5600000)
  from space 87040K, 24% used [0x00000000fab00000,0x00000000fc00d140,0x0000000100000000)
  to   space 87040K, 0% used [0x00000000f5600000,0x00000000f5600000,0x00000000fab00000)
 ParOldGen       total 1398272K, used 23563K [0x0000000080000000, 0x00000000d5580000, 0x00000000d5580000)
  object space 1398272K, 1% used [0x0000000080000000,0x0000000081702d60,0x00000000d5580000)
 Metaspace       used 57273K, capacity 58908K, committed 59008K, reserved 1101824K
  class space    used 6623K, capacity 6956K, committed 7040K, reserved 1048576K
Event: 12.408 GC heap after
Heap after GC invocations=7 (full 3):
 PSYoungGen      total 611840K, used 0K [0x00000000d5580000, 0x0000000100000000, 0x0000000100000000)
  eden space 524800K, 0% used [0x00000000d5580000,0x00000000d5580000,0x00000000f5600000)
  from space 87040K, 0% used [0x00000000fab00000,0x00000000fab00000,0x0000000100000000)
  to   space 87040K, 0% used [0x00000000f5600000,0x00000000f5600000,0x00000000fab00000)
 ParOldGen       total 1398272K, used 32986K [0x0000000080000000, 0x00000000d5580000, 0x00000000d5580000)
  object space 1398272K, 2% used [0x0000000080000000,0x0000000082036ad8,0x00000000d5580000)
 Metaspace       used 57209K, capacity 58740K, committed 59008K, reserved 1101824K
  class space    used 6600K, capacity 6916K, committed 7040K, reserved 1048576K
}
Event: 25.006 GC heap before
{Heap before GC invocations=8 (full 3):
 PSYoungGen      total 611840K, used 524800K [0x00000000d5580000, 0x0000000100000000, 0x0000000100000000)
  eden space 524800K, 100% used [0x00000000d5580000,0x00000000f5600000,0x00000000f5600000)
  from space 87040K, 0% used [0x00000000fab00000,0x00000000fab00000,0x0000000100000000)
  to   space 87040K, 0% used [0x00000000f5600000,0x00000000f5600000,0x00000000fab00000)
 ParOldGen       total 1398272K, used 32986K [0x0000000080000000, 0x00000000d5580000, 0x00000000d5580000)
  object space 1398272K, 2% used [0x0000000080000000,0x0000000082036ad8,0x00000000d5580000)
 Metaspace       used 65438K, capacity 68328K, committed 68480K, reserved 1110016K
  class space    used 7482K, capacity 8000K, committed 8064K, reserved 1048576K
Event: 25.145 GC heap after
Heap after GC invocations=8 (full 3):
 PSYoungGen      total 611840K, used 87009K [0x00000000d5580000, 0x00000000fe900000, 0x0000000100000000)
  eden space 524800K, 0% used [0x00000000d5580000,0x00000000d5580000,0x00000000f5600000)
  from space 87040K, 99% used [0x00000000f5600000,0x00000000faaf86b8,0x00000000fab00000)
  to   space 63488K, 0% used [0x00000000fab00000,0x00000000fab00000,0x00000000fe900000)
 ParOldGen       total 1398272K, used 37993K [0x0000000080000000, 0x00000000d5580000, 0x00000000d5580000)
  object space 1398272K, 2% used [0x0000000080000000,0x000000008251a668,0x00000000d5580000)
 Metaspace       used 65438K, capacity 68328K, committed 68480K, reserved 1110016K
  class space    used 7482K, capacity 8000K, committed 8064K, reserved 1048576K
}
Event: 53.577 GC heap before
{Heap before GC invocations=9 (full 3):
 PSYoungGen      total 611840K, used 598081K [0x00000000d5580000, 0x00000000fe900000, 0x0000000100000000)
  eden space 524800K, 97% used [0x00000000d5580000,0x00000000f4897e50,0x00000000f5600000)
  from space 87040K, 99% used [0x00000000f5600000,0x00000000faaf86b8,0x00000000fab00000)
  to   space 63488K, 0% used [0x00000000fab00000,0x00000000fab00000,0x00000000fe900000)
 ParOldGen       total 1398272K, used 37993K [0x0000000080000000, 0x00000000d5580000, 0x00000000d5580000)
  object space 1398272K, 2% used [0x0000000080000000,0x000000008251a668,0x00000000d5580000)
 Metaspace       used 67179K, capacity 70218K, committed 70400K, reserved 1112064K
  class space    used 7572K, capacity 8121K, committed 8192K, reserved 1048576K
Event: 53.788 GC heap after
Heap after GC invocations=9 (full 3):
 PSYoungGen      total 428544K, used 63476K [0x00000000d5580000, 0x0000000100000000, 0x0000000100000000)
  eden space 365056K, 0% used [0x00000000d5580000,0x00000000d5580000,0x00000000eba00000)
  from space 63488K, 99% used [0x00000000fab00000,0x00000000fe8fd1c0,0x00000000fe900000)
  to   space 166912K, 0% used [0x00000000eba00000,0x00000000eba00000,0x00000000f5d00000)
 ParOldGen       total 1398272K, used 182965K [0x0000000080000000, 0x00000000d5580000, 0x00000000d5580000)
  object space 1398272K, 13% used [0x0000000080000000,0x000000008b2ad688,0x00000000d5580000)
 Metaspace       used 67179K, capacity 70218K, committed 70400K, reserved 1112064K
  class space    used 7572K, capacity 8121K, committed 8192K, reserved 1048576K
}
Event: 76.125 GC heap before
{Heap before GC invocations=10 (full 3):
 PSYoungGen      total 428544K, used 428532K [0x00000000d5580000, 0x0000000100000000, 0x0000000100000000)
  eden space 365056K, 100% used [0x00000000d5580000,0x00000000eba00000,0x00000000eba00000)
  from space 63488K, 99% used [0x00000000fab00000,0x00000000fe8fd1c0,0x00000000fe900000)
  to   space 166912K, 0% used [0x00000000eba00000,0x00000000eba00000,0x00000000f5d00000)
 ParOldGen       total 1398272K, used 182965K [0x0000000080000000, 0x00000000d5580000, 0x00000000d5580000)
  object space 1398272K, 13% used [0x0000000080000000,0x000000008b2ad688,0x00000000d5580000)
 Metaspace       used 67966K, capacity 71032K, committed 71168K, reserved 1112064K
  class space    used 7616K, capacity 8170K, committed 8192K, reserved 1048576K
Event: 76.178 GC heap after
Heap after GC invocations=10 (full 3):
 PSYoungGen      total 531968K, used 36175K [0x00000000d5580000, 0x0000000100000000, 0x0000000100000000)
  eden space 365056K, 0% used [0x00000000d5580000,0x00000000d5580000,0x00000000eba00000)
  from space 166912K, 21% used [0x00000000eba00000,0x00000000edd53ca8,0x00000000f5d00000)
  to   space 157696K, 0% used [0x00000000f6600000,0x00000000f6600000,0x0000000100000000)
 ParOldGen       total 1398272K, used 182973K [0x0000000080000000, 0x00000000d5580000, 0x00000000d5580000)
  object space 1398272K, 13% used [0x0000000080000000,0x000000008b2af688,0x00000000d5580000)
 Metaspace       used 67966K, capacity 71032K, committed 71168K, reserved 1112064K
  class space    used 7616K, capacity 8170K, committed 8192K, reserved 1048576K
}

