# JRE version: OpenJDK Runtime Environment (8.0_212-b04) (build 1.8.0_212-b04)
# Java VM: OpenJDK 64-Bit Server VM (25.212-b04 mixed mode linux-amd64 compressed oops)
Heap:
 PSYoungGen      total 453632K, used 334181K [0x00000000d5580000, 0x0000000100000000, 0x0000000100000000)
  eden space 296448K, 59% used [0x00000000d5580000,0x00000000e025e4b8,0x00000000e7700000)
  from space 157184K, 99% used [0x00000000f6680000,0x00000000ffffafc8,0x0000000100000000)
  to   space 201216K, 0% used [0x00000000e7700000,0x00000000e7700000,0x00000000f3b80000)
 ParOldGen       total 1398272K, used 111973K [0x0000000080000000, 0x00000000d5580000, 0x00000000d5580000)
  object space 1398272K, 8% used [0x0000000080000000,0x0000000086d594c8,0x00000000d5580000)
 Metaspace       used 69284K, capacity 72160K, committed 72448K, reserved 1114112K
  class space    used 7607K, capacity 8092K, committed 8192K, reserved 1048576K
GC Heap History (10 events):
Event: 102.814 GC heap before
{Heap before GC invocations=7 (full 3):
 PSYoungGen      total 611840K, used 524800K [0x00000000d5580000, 0x0000000100000000, 0x0000000100000000)
  eden space 524800K, 100% used [0x00000000d5580000,0x00000000f5600000,0x00000000f5600000)
  from space 87040K, 0% used [0x00000000f5600000,0x00000000f5600000,0x00000000fab00000)
  to   space 87040K, 0% used [0x00000000fab00000,0x00000000fab00000,0x0000000100000000)
 ParOldGen       total 1398272K, used 41954K [0x0000000080000000, 0x00000000d5580000, 0x00000000d5580000)
  object space 1398272K, 3% used [0x0000000080000000,0x00000000828f8a38,0x00000000d5580000)
 Metaspace       used 66573K, capacity 69272K, committed 69504K, reserved 1110016K
  class space    used 7543K, capacity 8014K, committed 8064K, reserved 1048576K
Event: 102.911 GC heap after
Heap after GC invocations=7 (full 3):
 PSYoungGen      total 611840K, used 62136K [0x00000000d5580000, 0x0000000100000000, 0x0000000100000000)
  eden space 524800K, 0% used [0x00000000d5580000,0x00000000d5580000,0x00000000f5600000)
  from space 87040K, 71% used [0x00000000fab00000,0x00000000fe7ae0d0,0x0000000100000000)
  to   space 87040K, 0% used [0x00000000f5600000,0x00000000f5600000,0x00000000fab00000)
 ParOldGen       total 1398272K, used 41962K [0x0000000080000000, 0x00000000d5580000, 0x00000000d5580000)
  object space 1398272K, 3% used [0x0000000080000000,0x00000000828faa38,0x00000000d5580000)
 Metaspace       used 66573K, capacity 69272K, committed 69504K, reserved 1110016K
  class space    used 7543K, capacity 8014K, committed 8064K, reserved 1048576K
}
Event: 232.789 GC heap before
{Heap before GC invocations=8 (full 3):
 PSYoungGen      total 611840K, used 586936K [0x00000000d5580000, 0x0000000100000000, 0x0000000100000000)
  eden space 524800K, 100% used [0x00000000d5580000,0x00000000f5600000,0x00000000f5600000)
  from space 87040K, 71% used [0x00000000fab00000,0x00000000fe7ae0d0,0x0000000100000000)
  to   space 87040K, 0% used [0x00000000f5600000,0x00000000f5600000,0x00000000fab00000)
 ParOldGen       total 1398272K, used 41962K [0x0000000080000000, 0x00000000d5580000, 0x00000000d5580000)
  object space 1398272K, 3% used [0x0000000080000000,0x00000000828faa38,0x00000000d5580000)
 Metaspace       used 67900K, capacity 70704K, committed 70912K, reserved 1112064K
  class space    used 7591K, capacity 8068K, committed 8192K, reserved 1048576K
Event: 232.920 GC heap after
Heap after GC invocations=8 (full 3):
 PSYoungGen      total 611840K, used 87036K [0x00000000d5580000, 0x0000000100000000, 0x0000000100000000)
  eden space 524800K, 0% used [0x00000000d5580000,0x00000000d5580000,0x00000000f5600000)
  from space 87040K, 99% used [0x00000000f5600000,0x00000000faaff290,0x00000000fab00000)
  to   space 87040K, 0% used [0x00000000fab00000,0x00000000fab00000,0x0000000100000000)
 ParOldGen       total 1398272K, used 56842K [0x0000000080000000, 0x00000000d5580000, 0x00000000d5580000)
  object space 1398272K, 4% used [0x0000000080000000,0x0000000083782a38,0x00000000d5580000)
 Metaspace       used 67900K, capacity 70704K, committed 70912K, reserved 1112064K
  class space    used 7591K, capacity 8068K, committed 8192K, reserved 1048576K
}
Event: 354.829 GC heap before
{Heap before GC invocations=9 (full 3):
 PSYoungGen      total 611840K, used 611836K [0x00000000d5580000, 0x0000000100000000, 0x0000000100000000)
  eden space 524800K, 100% used [0x00000000d5580000,0x00000000f5600000,0x00000000f5600000)
  from space 87040K, 99% used [0x00000000f5600000,0x00000000faaff290,0x00000000fab00000)
  to   space 87040K, 0% used [0x00000000fab00000,0x00000000fab00000,0x0000000100000000)
 ParOldGen       total 1398272K, used 56842K [0x0000000080000000, 0x00000000d5580000, 0x00000000d5580000)
  object space 1398272K, 4% used [0x0000000080000000,0x0000000083782a38,0x00000000d5580000)
 Metaspace       used 68433K, capacity 71276K, committed 71424K, reserved 1112064K
  class space    used 7603K, capacity 8086K, committed 8192K, reserved 1048576K
Event: 354.963 GC heap after
Heap after GC invocations=9 (full 3):
 PSYoungGen      total 491008K, used 87039K [0x00000000d5580000, 0x0000000100000000, 0x0000000100000000)
  eden space 403968K, 0% used [0x00000000d5580000,0x00000000d5580000,0x00000000ee000000)
  from space 87040K, 99% used [0x00000000fab00000,0x00000000ffffff48,0x0000000100000000)
  to   space 147456K, 0% used [0x00000000ee000000,0x00000000ee000000,0x00000000f7000000)
 ParOldGen       total 1398272K, used 107397K [0x0000000080000000, 0x00000000d5580000, 0x00000000d5580000)
  object space 1398272K, 7% used [0x0000000080000000,0x00000000868e14c8,0x00000000d5580000)
 Metaspace       used 68433K, capacity 71276K, committed 71424K, reserved 1112064K
  class space    used 7603K, capacity 8086K, committed 8192K, reserved 1048576K
}
Event: 452.806 GC heap before
{Heap before GC invocations=10 (full 3):
 PSYoungGen      total 491008K, used 491007K [0x00000000d5580000, 0x0000000100000000, 0x0000000100000000)
  eden space 403968K, 100% used [0x00000000d5580000,0x00000000ee000000,0x00000000ee000000)
  from space 87040K, 99% used [0x00000000fab00000,0x00000000ffffff48,0x0000000100000000)
  to   space 147456K, 0% used [0x00000000ee000000,0x00000000ee000000,0x00000000f7000000)
 ParOldGen       total 1398272K, used 107397K [0x0000000080000000, 0x00000000d5580000, 0x00000000d5580000)
  object space 1398272K, 7% used [0x0000000080000000,0x00000000868e14c8,0x00000000d5580000)
 Metaspace       used 68918K, capacity 71808K, committed 71936K, reserved 1114112K
  class space    used 7607K, capacity 8092K, committed 8192K, reserved 1048576K
Event: 452.945 GC heap after
Heap after GC invocations=10 (full 3):
 PSYoungGen      total 537600K, used 137367K [0x00000000d5580000, 0x0000000100000000, 0x0000000100000000)
  eden space 399872K, 0% used [0x00000000d5580000,0x00000000d5580000,0x00000000edc00000)
  from space 137728K, 99% used [0x00000000ee000000,0x00000000f6625c98,0x00000000f6680000)
  to   space 157184K, 0% used [0x00000000f6680000,0x00000000f6680000,0x0000000100000000)
 ParOldGen       total 1398272K, used 107405K [0x0000000080000000, 0x00000000d5580000, 0x00000000d5580000)
  object space 1398272K, 7% used [0x0000000080000000,0x00000000868e34c8,0x00000000d5580000)
 Metaspace       used 68918K, capacity 71808K, committed 71936K, reserved 1114112K
  class space    used 7607K, capacity 8092K, committed 8192K, reserved 1048576K
}
Event: 551.149 GC heap before
{Heap before GC invocations=11 (full 3):
 PSYoungGen      total 537600K, used 537056K [0x00000000d5580000, 0x0000000100000000, 0x0000000100000000)
  eden space 399872K, 99% used [0x00000000d5580000,0x00000000edbd2628,0x00000000edc00000)
  from space 137728K, 99% used [0x00000000ee000000,0x00000000f6625c98,0x00000000f6680000)
  to   space 157184K, 0% used [0x00000000f6680000,0x00000000f6680000,0x0000000100000000)
 ParOldGen       total 1398272K, used 107405K [0x0000000080000000, 0x00000000d5580000, 0x00000000d5580000)
  object space 1398272K, 7% used [0x0000000080000000,0x00000000868e34c8,0x00000000d5580000)
 Metaspace       used 69173K, capacity 72088K, committed 72192K, reserved 1114112K
  class space    used 7607K, capacity 8092K, committed 8192K, reserved 1048576K
Event: 551.318 GC heap after
Heap after GC invocations=11 (full 3):
 PSYoungGen      total 453632K, used 157163K [0x00000000d5580000, 0x0000000100000000, 0x0000000100000000)
  eden space 296448K, 0% used [0x00000000d5580000,0x00000000d5580000,0x00000000e7700000)
  from space 157184K, 99% used [0x00000000f6680000,0x00000000ffffafc8,0x0000000100000000)
  to   space 201216K, 0% used [0x00000000e7700000,0x00000000e7700000,0x00000000f3b80000)
 ParOldGen       total 1398272K, used 111973K [0x0000000080000000, 0x00000000d5580000, 0x00000000d5580000)
  object space 1398272K, 8% used [0x0000000080000000,0x0000000086d594c8,0x00000000d5580000)
 Metaspace       used 69173K, capacity 72088K, committed 72192K, reserved 1114112K
  class space    used 7607K, capacity 8092K, committed 8192K, reserved 1048576K
}

