# JRE version: OpenJDK Runtime Environment (8.0_212-b04) (build 1.8.0_212-b04)
# Java VM: OpenJDK 64-Bit Server VM (25.212-b04 mixed mode linux-amd64 compressed oops)
Heap:
 PSYoungGen      total 611840K, used 176235K [0x00000000d5580000, 0x0000000100000000, 0x0000000100000000)
  eden space 524800K, 28% used [0x00000000d5580000,0x00000000de7aec18,0x00000000f5600000)
  from space 87040K, 30% used [0x00000000fab00000,0x00000000fc4ec378,0x0000000100000000)
  to   space 87040K, 0% used [0x00000000f5600000,0x00000000f5600000,0x00000000fab00000)
 ParOldGen       total 887296K, used 12032K [0x0000000080000000, 0x00000000b6280000, 0x00000000d5580000)
  object space 887296K, 1% used [0x0000000080000000,0x0000000080bc0070,0x00000000b6280000)
 Metaspace       used 33512K, capacity 34124K, committed 34432K, reserved 1079296K
  class space    used 3740K, capacity 3901K, committed 3968K, reserved 1048576K
GC Heap History (10 events):
Event: 2.397 GC heap before
{Heap before GC invocations=1 (full 0):
 PSYoungGen      total 611840K, used 209921K [0x00000000d5580000, 0x0000000100000000, 0x0000000100000000)
  eden space 524800K, 40% used [0x00000000d5580000,0x00000000e22806a8,0x00000000f5600000)
  from space 87040K, 0% used [0x00000000fab00000,0x00000000fab00000,0x0000000100000000)
  to   space 87040K, 0% used [0x00000000f5600000,0x00000000f5600000,0x00000000fab00000)
 ParOldGen       total 1398272K, used 0K [0x0000000080000000, 0x00000000d5580000, 0x00000000d5580000)
  object space 1398272K, 0% used [0x0000000080000000,0x0000000080000000,0x00000000d5580000)
 Metaspace       used 20793K, capacity 21054K, committed 21248K, reserved 1069056K
  class space    used 2362K, capacity 2484K, committed 2560K, reserved 1048576K
Event: 2.429 GC heap after
Heap after GC invocations=1 (full 0):
 PSYoungGen      total 611840K, used 12530K [0x00000000d5580000, 0x0000000100000000, 0x0000000100000000)
  eden space 524800K, 0% used [0x00000000d5580000,0x00000000d5580000,0x00000000f5600000)
  from space 87040K, 14% used [0x00000000f5600000,0x00000000f623c8c8,0x00000000fab00000)
  to   space 87040K, 0% used [0x00000000fab00000,0x00000000fab00000,0x0000000100000000)
 ParOldGen       total 1398272K, used 80K [0x0000000080000000, 0x00000000d5580000, 0x00000000d5580000)
  object space 1398272K, 0% used [0x0000000080000000,0x0000000080014010,0x00000000d5580000)
 Metaspace       used 20793K, capacity 21054K, committed 21248K, reserved 1069056K
  class space    used 2362K, capacity 2484K, committed 2560K, reserved 1048576K
}
Event: 2.429 GC heap before
{Heap before GC invocations=2 (full 1):
 PSYoungGen      total 611840K, used 12530K [0x00000000d5580000, 0x0000000100000000, 0x0000000100000000)
  eden space 524800K, 0% used [0x00000000d5580000,0x00000000d5580000,0x00000000f5600000)
  from space 87040K, 14% used [0x00000000f5600000,0x00000000f623c8c8,0x00000000fab00000)
  to   space 87040K, 0% used [0x00000000fab00000,0x00000000fab00000,0x0000000100000000)
 ParOldGen       total 1398272K, used 80K [0x0000000080000000, 0x00000000d5580000, 0x00000000d5580000)
  object space 1398272K, 0% used [0x0000000080000000,0x0000000080014010,0x00000000d5580000)
 Metaspace       used 20793K, capacity 21054K, committed 21248K, reserved 1069056K
  class space    used 2362K, capacity 2484K, committed 2560K, reserved 1048576K
Event: 2.494 GC heap after
Heap after GC invocations=2 (full 1):
 PSYoungGen      total 611840K, used 0K [0x00000000d5580000, 0x0000000100000000, 0x0000000100000000)
  eden space 524800K, 0% used [0x00000000d5580000,0x00000000d5580000,0x00000000f5600000)
  from space 87040K, 0% used [0x00000000f5600000,0x00000000f5600000,0x00000000fab00000)
  to   space 87040K, 0% used [0x00000000fab00000,0x00000000fab00000,0x0000000100000000)
 ParOldGen       total 887296K, used 12008K [0x0000000080000000, 0x00000000b6280000, 0x00000000d5580000)
  object space 887296K, 1% used [0x0000000080000000,0x0000000080bba070,0x00000000b6280000)
 Metaspace       used 20793K, capacity 21054K, committed 21248K, reserved 1069056K
  class space    used 2362K, capacity 2484K, committed 2560K, reserved 1048576K
}
Event: 16.761 GC heap before
{Heap before GC invocations=3 (full 1):
 PSYoungGen      total 611840K, used 524800K [0x00000000d5580000, 0x0000000100000000, 0x0000000100000000)
  eden space 524800K, 100% used [0x00000000d5580000,0x00000000f5600000,0x00000000f5600000)
  from space 87040K, 0% used [0x00000000f5600000,0x00000000f5600000,0x00000000fab00000)
  to   space 87040K, 0% used [0x00000000fab00000,0x00000000fab00000,0x0000000100000000)
 ParOldGen       total 887296K, used 12008K [0x0000000080000000, 0x00000000b6280000, 0x00000000d5580000)
  object space 887296K, 1% used [0x0000000080000000,0x0000000080bba070,0x00000000b6280000)
 Metaspace       used 33050K, capacity 33660K, committed 33920K, reserved 1079296K
  class space    used 3735K, capacity 3893K, committed 3968K, reserved 1048576K
Event: 16.789 GC heap after
Heap after GC invocations=3 (full 1):
 PSYoungGen      total 611840K, used 18616K [0x00000000d5580000, 0x0000000100000000, 0x0000000100000000)
  eden space 524800K, 0% used [0x00000000d5580000,0x00000000d5580000,0x00000000f5600000)
  from space 87040K, 21% used [0x00000000fab00000,0x00000000fbd2e158,0x0000000100000000)
  to   space 87040K, 0% used [0x00000000f5600000,0x00000000f5600000,0x00000000fab00000)
 ParOldGen       total 887296K, used 12016K [0x0000000080000000, 0x00000000b6280000, 0x00000000d5580000)
  object space 887296K, 1% used [0x0000000080000000,0x0000000080bbc070,0x00000000b6280000)
 Metaspace       used 33050K, capacity 33660K, committed 33920K, reserved 1079296K
  class space    used 3735K, capacity 3893K, committed 3968K, reserved 1048576K
}
Event: 40.611 GC heap before
{Heap before GC invocations=4 (full 1):
 PSYoungGen      total 611840K, used 543416K [0x00000000d5580000, 0x0000000100000000, 0x0000000100000000)
  eden space 524800K, 100% used [0x00000000d5580000,0x00000000f5600000,0x00000000f5600000)
  from space 87040K, 21% used [0x00000000fab00000,0x00000000fbd2e158,0x0000000100000000)
  to   space 87040K, 0% used [0x00000000f5600000,0x00000000f5600000,0x00000000fab00000)
 ParOldGen       total 887296K, used 12016K [0x0000000080000000, 0x00000000b6280000, 0x00000000d5580000)
  object space 887296K, 1% used [0x0000000080000000,0x0000000080bbc070,0x00000000b6280000)
 Metaspace       used 33433K, capacity 34106K, committed 34176K, reserved 1079296K
  class space    used 3738K, capacity 3898K, committed 3968K, reserved 1048576K
Event: 40.707 GC heap after
Heap after GC invocations=4 (full 1):
 PSYoungGen      total 611840K, used 18504K [0x00000000d5580000, 0x0000000100000000, 0x0000000100000000)
  eden space 524800K, 0% used [0x00000000d5580000,0x00000000d5580000,0x00000000f5600000)
  from space 87040K, 21% used [0x00000000f5600000,0x00000000f6812180,0x00000000fab00000)
  to   space 87040K, 0% used [0x00000000fab00000,0x00000000fab00000,0x0000000100000000)
 ParOldGen       total 887296K, used 12024K [0x0000000080000000, 0x00000000b6280000, 0x00000000d5580000)
  object space 887296K, 1% used [0x0000000080000000,0x0000000080bbe070,0x00000000b6280000)
 Metaspace       used 33433K, capacity 34106K, committed 34176K, reserved 1079296K
  class space    used 3738K, capacity 3898K, committed 3968K, reserved 1048576K
}
Event: 42.570 GC heap before
{Heap before GC invocations=5 (full 1):
 PSYoungGen      total 611840K, used 543304K [0x00000000d5580000, 0x0000000100000000, 0x0000000100000000)
  eden space 524800K, 100% used [0x00000000d5580000,0x00000000f5600000,0x00000000f5600000)
  from space 87040K, 21% used [0x00000000f5600000,0x00000000f6812180,0x00000000fab00000)
  to   space 87040K, 0% used [0x00000000fab00000,0x00000000fab00000,0x0000000100000000)
 ParOldGen       total 887296K, used 12024K [0x0000000080000000, 0x00000000b6280000, 0x00000000d5580000)
  object space 887296K, 1% used [0x0000000080000000,0x0000000080bbe070,0x00000000b6280000)
 Metaspace       used 33452K, capacity 34106K, committed 34176K, reserved 1079296K
  class space    used 3739K, capacity 3898K, committed 3968K, reserved 1048576K
Event: 42.620 GC heap after
Heap after GC invocations=5 (full 1):
 PSYoungGen      total 611840K, used 26544K [0x00000000d5580000, 0x0000000100000000, 0x0000000100000000)
  eden space 524800K, 0% used [0x00000000d5580000,0x00000000d5580000,0x00000000f5600000)
  from space 87040K, 30% used [0x00000000fab00000,0x00000000fc4ec378,0x0000000100000000)
  to   space 87040K, 0% used [0x00000000f5600000,0x00000000f5600000,0x00000000fab00000)
 ParOldGen       total 887296K, used 12032K [0x0000000080000000, 0x00000000b6280000, 0x00000000d5580000)
  object space 887296K, 1% used [0x0000000080000000,0x0000000080bc0070,0x00000000b6280000)
 Metaspace       used 33452K, capacity 34106K, committed 34176K, reserved 1079296K
  class space    used 3739K, capacity 3898K, committed 3968K, reserved 1048576K
}

