# JRE version: OpenJDK Runtime Environment (8.0_212-b04) (build 1.8.0_212-b04)
# Java VM: OpenJDK 64-Bit Server VM (25.212-b04 mixed mode linux-amd64 compressed oops)
Heap:
 PSYoungGen      total 611840K, used 292947K [0x00000000d5580000, 0x0000000100000000, 0x0000000100000000)
  eden space 524800K, 50% used [0x00000000d5580000,0x00000000e598aa60,0x00000000f5600000)
  from space 87040K, 30% used [0x00000000fab00000,0x00000000fc50a1e0,0x0000000100000000)
  to   space 87040K, 0% used [0x00000000f5600000,0x00000000f5600000,0x00000000fab00000)
 ParOldGen       total 924160K, used 12070K [0x0000000080000000, 0x00000000b8680000, 0x00000000d5580000)
  object space 924160K, 1% used [0x0000000080000000,0x0000000080bc9960,0x00000000b8680000)
 Metaspace       used 33921K, capacity 34684K, committed 34944K, reserved 1081344K
  class space    used 3778K, capacity 3957K, committed 3968K, reserved 1048576K
GC Heap History (10 events):
Event: 2.455 GC heap before
{Heap before GC invocations=1 (full 0):
 PSYoungGen      total 611840K, used 209923K [0x00000000d5580000, 0x0000000100000000, 0x0000000100000000)
  eden space 524800K, 40% used [0x00000000d5580000,0x00000000e2280c10,0x00000000f5600000)
  from space 87040K, 0% used [0x00000000fab00000,0x00000000fab00000,0x0000000100000000)
  to   space 87040K, 0% used [0x00000000f5600000,0x00000000f5600000,0x00000000fab00000)
 ParOldGen       total 1398272K, used 0K [0x0000000080000000, 0x00000000d5580000, 0x00000000d5580000)
  object space 1398272K, 0% used [0x0000000080000000,0x0000000080000000,0x00000000d5580000)
 Metaspace       used 20812K, capacity 21054K, committed 21248K, reserved 1069056K
  class space    used 2365K, capacity 2484K, committed 2560K, reserved 1048576K
Event: 2.482 GC heap after
Heap after GC invocations=1 (full 0):
 PSYoungGen      total 611840K, used 12507K [0x00000000d5580000, 0x0000000100000000, 0x0000000100000000)
  eden space 524800K, 0% used [0x00000000d5580000,0x00000000d5580000,0x00000000f5600000)
  from space 87040K, 14% used [0x00000000f5600000,0x00000000f6236e28,0x00000000fab00000)
  to   space 87040K, 0% used [0x00000000fab00000,0x00000000fab00000,0x0000000100000000)
 ParOldGen       total 1398272K, used 80K [0x0000000080000000, 0x00000000d5580000, 0x00000000d5580000)
  object space 1398272K, 0% used [0x0000000080000000,0x0000000080014010,0x00000000d5580000)
 Metaspace       used 20812K, capacity 21054K, committed 21248K, reserved 1069056K
  class space    used 2365K, capacity 2484K, committed 2560K, reserved 1048576K
}
Event: 2.482 GC heap before
{Heap before GC invocations=2 (full 1):
 PSYoungGen      total 611840K, used 12507K [0x00000000d5580000, 0x0000000100000000, 0x0000000100000000)
  eden space 524800K, 0% used [0x00000000d5580000,0x00000000d5580000,0x00000000f5600000)
  from space 87040K, 14% used [0x00000000f5600000,0x00000000f6236e28,0x00000000fab00000)
  to   space 87040K, 0% used [0x00000000fab00000,0x00000000fab00000,0x0000000100000000)
 ParOldGen       total 1398272K, used 80K [0x0000000080000000, 0x00000000d5580000, 0x00000000d5580000)
  object space 1398272K, 0% used [0x0000000080000000,0x0000000080014010,0x00000000d5580000)
 Metaspace       used 20812K, capacity 21054K, committed 21248K, reserved 1069056K
  class space    used 2365K, capacity 2484K, committed 2560K, reserved 1048576K
Event: 2.561 GC heap after
Heap after GC invocations=2 (full 1):
 PSYoungGen      total 611840K, used 0K [0x00000000d5580000, 0x0000000100000000, 0x0000000100000000)
  eden space 524800K, 0% used [0x00000000d5580000,0x00000000d5580000,0x00000000f5600000)
  from space 87040K, 0% used [0x00000000f5600000,0x00000000f5600000,0x00000000fab00000)
  to   space 87040K, 0% used [0x00000000fab00000,0x00000000fab00000,0x0000000100000000)
 ParOldGen       total 924160K, used 12046K [0x0000000080000000, 0x00000000b8680000, 0x00000000d5580000)
  object space 924160K, 1% used [0x0000000080000000,0x0000000080bc3960,0x00000000b8680000)
 Metaspace       used 20812K, capacity 21054K, committed 21248K, reserved 1069056K
  class space    used 2365K, capacity 2484K, committed 2560K, reserved 1048576K
}
Event: 17.004 GC heap before
{Heap before GC invocations=3 (full 1):
 PSYoungGen      total 611840K, used 524800K [0x00000000d5580000, 0x0000000100000000, 0x0000000100000000)
  eden space 524800K, 100% used [0x00000000d5580000,0x00000000f5600000,0x00000000f5600000)
  from space 87040K, 0% used [0x00000000f5600000,0x00000000f5600000,0x00000000fab00000)
  to   space 87040K, 0% used [0x00000000fab00000,0x00000000fab00000,0x0000000100000000)
 ParOldGen       total 924160K, used 12046K [0x0000000080000000, 0x00000000b8680000, 0x00000000d5580000)
  object space 924160K, 1% used [0x0000000080000000,0x0000000080bc3960,0x00000000b8680000)
 Metaspace       used 32610K, capacity 33288K, committed 33408K, reserved 1079296K
  class space    used 3740K, capacity 3895K, committed 3968K, reserved 1048576K
Event: 17.044 GC heap after
Heap after GC invocations=3 (full 1):
 PSYoungGen      total 611840K, used 18594K [0x00000000d5580000, 0x0000000100000000, 0x0000000100000000)
  eden space 524800K, 0% used [0x00000000d5580000,0x00000000d5580000,0x00000000f5600000)
  from space 87040K, 21% used [0x00000000fab00000,0x00000000fbd288f0,0x0000000100000000)
  to   space 87040K, 0% used [0x00000000f5600000,0x00000000f5600000,0x00000000fab00000)
 ParOldGen       total 924160K, used 12054K [0x0000000080000000, 0x00000000b8680000, 0x00000000d5580000)
  object space 924160K, 1% used [0x0000000080000000,0x0000000080bc5960,0x00000000b8680000)
 Metaspace       used 32610K, capacity 33288K, committed 33408K, reserved 1079296K
  class space    used 3740K, capacity 3895K, committed 3968K, reserved 1048576K
}
Event: 39.380 GC heap before
{Heap before GC invocations=4 (full 1):
 PSYoungGen      total 611840K, used 543394K [0x00000000d5580000, 0x0000000100000000, 0x0000000100000000)
  eden space 524800K, 100% used [0x00000000d5580000,0x00000000f5600000,0x00000000f5600000)
  from space 87040K, 21% used [0x00000000fab00000,0x00000000fbd288f0,0x0000000100000000)
  to   space 87040K, 0% used [0x00000000f5600000,0x00000000f5600000,0x00000000fab00000)
 ParOldGen       total 924160K, used 12054K [0x0000000080000000, 0x00000000b8680000, 0x00000000d5580000)
  object space 924160K, 1% used [0x0000000080000000,0x0000000080bc5960,0x00000000b8680000)
 Metaspace       used 33447K, capacity 34114K, committed 34432K, reserved 1079296K
  class space    used 3743K, capacity 3900K, committed 3968K, reserved 1048576K
Event: 39.413 GC heap after
Heap after GC invocations=4 (full 1):
 PSYoungGen      total 611840K, used 18680K [0x00000000d5580000, 0x0000000100000000, 0x0000000100000000)
  eden space 524800K, 0% used [0x00000000d5580000,0x00000000d5580000,0x00000000f5600000)
  from space 87040K, 21% used [0x00000000f5600000,0x00000000f683e170,0x00000000fab00000)
  to   space 87040K, 0% used [0x00000000fab00000,0x00000000fab00000,0x0000000100000000)
 ParOldGen       total 924160K, used 12062K [0x0000000080000000, 0x00000000b8680000, 0x00000000d5580000)
  object space 924160K, 1% used [0x0000000080000000,0x0000000080bc7960,0x00000000b8680000)
 Metaspace       used 33447K, capacity 34114K, committed 34432K, reserved 1079296K
  class space    used 3743K, capacity 3900K, committed 3968K, reserved 1048576K
}
Event: 41.027 GC heap before
{Heap before GC invocations=5 (full 1):
 PSYoungGen      total 611840K, used 543480K [0x00000000d5580000, 0x0000000100000000, 0x0000000100000000)
  eden space 524800K, 100% used [0x00000000d5580000,0x00000000f5600000,0x00000000f5600000)
  from space 87040K, 21% used [0x00000000f5600000,0x00000000f683e170,0x00000000fab00000)
  to   space 87040K, 0% used [0x00000000fab00000,0x00000000fab00000,0x0000000100000000)
 ParOldGen       total 924160K, used 12062K [0x0000000080000000, 0x00000000b8680000, 0x00000000d5580000)
  object space 924160K, 1% used [0x0000000080000000,0x0000000080bc7960,0x00000000b8680000)
 Metaspace       used 33458K, capacity 34122K, committed 34432K, reserved 1079296K
  class space    used 3743K, capacity 3900K, committed 3968K, reserved 1048576K
Event: 41.082 GC heap after
Heap after GC invocations=5 (full 1):
 PSYoungGen      total 611840K, used 26664K [0x00000000d5580000, 0x0000000100000000, 0x0000000100000000)
  eden space 524800K, 0% used [0x00000000d5580000,0x00000000d5580000,0x00000000f5600000)
  from space 87040K, 30% used [0x00000000fab00000,0x00000000fc50a1e0,0x0000000100000000)
  to   space 87040K, 0% used [0x00000000f5600000,0x00000000f5600000,0x00000000fab00000)
 ParOldGen       total 924160K, used 12070K [0x0000000080000000, 0x00000000b8680000, 0x00000000d5580000)
  object space 924160K, 1% used [0x0000000080000000,0x0000000080bc9960,0x00000000b8680000)
 Metaspace       used 33458K, capacity 34122K, committed 34432K, reserved 1079296K
  class space    used 3743K, capacity 3900K, committed 3968K, reserved 1048576K
}

