# JRE version: OpenJDK Runtime Environment (8.0_212-b04) (build 1.8.0_212-b04)
# Java VM: OpenJDK 64-Bit Server VM (25.212-b04 mixed mode linux-amd64 compressed oops)
Heap:
 PSYoungGen      total 538624K, used 164480K [0x00000000d5580000, 0x00000000fab80000, 0x0000000100000000)
  eden space 524800K, 31% used [0x00000000d5580000,0x00000000df620120,0x00000000f5600000)
  from space 13824K, 0% used [0x00000000f5600000,0x00000000f5600000,0x00000000f6380000)
  to   space 35328K, 0% used [0x00000000f8900000,0x00000000f8900000,0x00000000fab80000)
 ParOldGen       total 1047040K, used 25818K [0x0000000080000000, 0x00000000bfe80000, 0x00000000d5580000)
  object space 1047040K, 2% used [0x0000000080000000,0x0000000081936a68,0x00000000bfe80000)
 Metaspace       used 61882K, capacity 64292K, committed 64432K, reserved 1105920K
  class space    used 7165K, capacity 7606K, committed 7648K, reserved 1048576K
GC Heap History (10 events):
Event: 4.806 GC heap before
{Heap before GC invocations=4 (full 1):
 PSYoungGen      total 611840K, used 411456K [0x00000000d5580000, 0x0000000100000000, 0x0000000100000000)
  eden space 524800K, 78% used [0x00000000d5580000,0x00000000ee750060,0x00000000f5600000)
  from space 87040K, 0% used [0x00000000fab00000,0x00000000fab00000,0x0000000100000000)
  to   space 87040K, 0% used [0x00000000f5600000,0x00000000f5600000,0x00000000fab00000)
 ParOldGen       total 641024K, used 6074K [0x0000000080000000, 0x00000000a7200000, 0x00000000d5580000)
  object space 641024K, 0% used [0x0000000080000000,0x00000000805eeb20,0x00000000a7200000)
 Metaspace       used 35257K, capacity 35640K, committed 36048K, reserved 1081344K
  class space    used 3999K, capacity 4094K, committed 4096K, reserved 1048576K
Event: 4.852 GC heap after
Heap after GC invocations=4 (full 1):
 PSYoungGen      total 611840K, used 18278K [0x00000000d5580000, 0x0000000100000000, 0x0000000100000000)
  eden space 524800K, 0% used [0x00000000d5580000,0x00000000d5580000,0x00000000f5600000)
  from space 87040K, 21% used [0x00000000f5600000,0x00000000f67d9aa8,0x00000000fab00000)
  to   space 87040K, 0% used [0x00000000fab00000,0x00000000fab00000,0x0000000100000000)
 ParOldGen       total 641024K, used 6074K [0x0000000080000000, 0x00000000a7200000, 0x00000000d5580000)
  object space 641024K, 0% used [0x0000000080000000,0x00000000805eeb20,0x00000000a7200000)
 Metaspace       used 35257K, capacity 35640K, committed 36048K, reserved 1081344K
  class space    used 3999K, capacity 4094K, committed 4096K, reserved 1048576K
}
Event: 4.852 GC heap before
{Heap before GC invocations=5 (full 2):
 PSYoungGen      total 611840K, used 18278K [0x00000000d5580000, 0x0000000100000000, 0x0000000100000000)
  eden space 524800K, 0% used [0x00000000d5580000,0x00000000d5580000,0x00000000f5600000)
  from space 87040K, 21% used [0x00000000f5600000,0x00000000f67d9aa8,0x00000000fab00000)
  to   space 87040K, 0% used [0x00000000fab00000,0x00000000fab00000,0x0000000100000000)
 ParOldGen       total 641024K, used 6074K [0x0000000080000000, 0x00000000a7200000, 0x00000000d5580000)
  object space 641024K, 0% used [0x0000000080000000,0x00000000805eeb20,0x00000000a7200000)
 Metaspace       used 35257K, capacity 35640K, committed 36048K, reserved 1081344K
  class space    used 3999K, capacity 4094K, committed 4096K, reserved 1048576K
Event: 5.005 GC heap after
Heap after GC invocations=5 (full 2):
 PSYoungGen      total 611840K, used 0K [0x00000000d5580000, 0x0000000100000000, 0x0000000100000000)
  eden space 524800K, 0% used [0x00000000d5580000,0x00000000d5580000,0x00000000f5600000)
  from space 87040K, 0% used [0x00000000f5600000,0x00000000f5600000,0x00000000fab00000)
  to   space 87040K, 0% used [0x00000000fab00000,0x00000000fab00000,0x0000000100000000)
 ParOldGen       total 894976K, used 22955K [0x0000000080000000, 0x00000000b6a00000, 0x00000000d5580000)
  object space 894976K, 2% used [0x0000000080000000,0x000000008166acf0,0x00000000b6a00000)
 Metaspace       used 35257K, capacity 35640K, committed 36048K, reserved 1081344K
  class space    used 3999K, capacity 4094K, committed 4096K, reserved 1048576K
}
Event: 11.746 GC heap before
{Heap before GC invocations=6 (full 2):
 PSYoungGen      total 611840K, used 524800K [0x00000000d5580000, 0x0000000100000000, 0x0000000100000000)
  eden space 524800K, 100% used [0x00000000d5580000,0x00000000f5600000,0x00000000f5600000)
  from space 87040K, 0% used [0x00000000f5600000,0x00000000f5600000,0x00000000fab00000)
  to   space 87040K, 0% used [0x00000000fab00000,0x00000000fab00000,0x0000000100000000)
 ParOldGen       total 894976K, used 22955K [0x0000000080000000, 0x00000000b6a00000, 0x00000000d5580000)
  object space 894976K, 2% used [0x0000000080000000,0x000000008166acf0,0x00000000b6a00000)
 Metaspace       used 58231K, capacity 59820K, committed 60080K, reserved 1101824K
  class space    used 6734K, capacity 7048K, committed 7136K, reserved 1048576K
Event: 11.838 GC heap after
Heap after GC invocations=6 (full 2):
 PSYoungGen      total 611840K, used 34759K [0x00000000d5580000, 0x0000000100000000, 0x0000000100000000)
  eden space 524800K, 0% used [0x00000000d5580000,0x00000000d5580000,0x00000000f5600000)
  from space 87040K, 39% used [0x00000000fab00000,0x00000000fccf1d98,0x0000000100000000)
  to   space 87040K, 0% used [0x00000000f5600000,0x00000000f5600000,0x00000000fab00000)
 ParOldGen       total 894976K, used 22963K [0x0000000080000000, 0x00000000b6a00000, 0x00000000d5580000)
  object space 894976K, 2% used [0x0000000080000000,0x000000008166ccf0,0x00000000b6a00000)
 Metaspace       used 58231K, capacity 59820K, committed 60080K, reserved 1101824K
  class space    used 6734K, capacity 7048K, committed 7136K, reserved 1048576K
}
Event: 11.916 GC heap before
{Heap before GC invocations=7 (full 2):
 PSYoungGen      total 611840K, used 60150K [0x00000000d5580000, 0x0000000100000000, 0x0000000100000000)
  eden space 524800K, 4% used [0x00000000d5580000,0x00000000d6e4bdd0,0x00000000f5600000)
  from space 87040K, 39% used [0x00000000fab00000,0x00000000fccf1d98,0x0000000100000000)
  to   space 87040K, 0% used [0x00000000f5600000,0x00000000f5600000,0x00000000fab00000)
 ParOldGen       total 894976K, used 22963K [0x0000000080000000, 0x00000000b6a00000, 0x00000000d5580000)
  object space 894976K, 2% used [0x0000000080000000,0x000000008166ccf0,0x00000000b6a00000)
 Metaspace       used 58451K, capacity 59962K, committed 60080K, reserved 1101824K
  class space    used 6751K, capacity 7051K, committed 7136K, reserved 1048576K
Event: 11.944 GC heap after
Heap after GC invocations=7 (full 2):
 PSYoungGen      total 538624K, used 13730K [0x00000000d5580000, 0x00000000fab80000, 0x0000000100000000)
  eden space 524800K, 0% used [0x00000000d5580000,0x00000000d5580000,0x00000000f5600000)
  from space 13824K, 99% used [0x00000000f5600000,0x00000000f6368918,0x00000000f6380000)
  to   space 35328K, 0% used [0x00000000f8900000,0x00000000f8900000,0x00000000fab80000)
 ParOldGen       total 894976K, used 22963K [0x0000000080000000, 0x00000000b6a00000, 0x00000000d5580000)
  object space 894976K, 2% used [0x0000000080000000,0x000000008166ccf0,0x00000000b6a00000)
 Metaspace       used 58451K, capacity 59962K, committed 60080K, reserved 1101824K
  class space    used 6751K, capacity 7051K, committed 7136K, reserved 1048576K
}
Event: 11.944 GC heap before
{Heap before GC invocations=8 (full 3):
 PSYoungGen      total 538624K, used 13730K [0x00000000d5580000, 0x00000000fab80000, 0x0000000100000000)
  eden space 524800K, 0% used [0x00000000d5580000,0x00000000d5580000,0x00000000f5600000)
  from space 13824K, 99% used [0x00000000f5600000,0x00000000f6368918,0x00000000f6380000)
  to   space 35328K, 0% used [0x00000000f8900000,0x00000000f8900000,0x00000000fab80000)
 ParOldGen       total 894976K, used 22963K [0x0000000080000000, 0x00000000b6a00000, 0x00000000d5580000)
  object space 894976K, 2% used [0x0000000080000000,0x000000008166ccf0,0x00000000b6a00000)
 Metaspace       used 58451K, capacity 59962K, committed 60080K, reserved 1101824K
  class space    used 6751K, capacity 7051K, committed 7136K, reserved 1048576K
Event: 12.174 GC heap after
Heap after GC invocations=8 (full 3):
 PSYoungGen      total 538624K, used 0K [0x00000000d5580000, 0x00000000fab80000, 0x0000000100000000)
  eden space 524800K, 0% used [0x00000000d5580000,0x00000000d5580000,0x00000000f5600000)
  from space 13824K, 0% used [0x00000000f5600000,0x00000000f5600000,0x00000000f6380000)
  to   space 35328K, 0% used [0x00000000f8900000,0x00000000f8900000,0x00000000fab80000)
 ParOldGen       total 1047040K, used 25818K [0x0000000080000000, 0x00000000bfe80000, 0x00000000d5580000)
  object space 1047040K, 2% used [0x0000000080000000,0x0000000081936a68,0x00000000bfe80000)
 Metaspace       used 58400K, capacity 59840K, committed 60080K, reserved 1101824K
  class space    used 6733K, capacity 7020K, committed 7136K, reserved 1048576K
}

