# JRE version: OpenJDK Runtime Environment (8.0_212-b04) (build 1.8.0_212-b04)
# Java VM: OpenJDK 64-Bit Server VM (25.212-b04 mixed mode linux-amd64 compressed oops)
Heap:
 PSYoungGen      total 545792K, used 400783K [0x00000000d5580000, 0x0000000100000000, 0x0000000100000000)
  eden space 392704K, 93% used [0x00000000d5580000,0x00000000ebd38b80,0x00000000ed500000)
  from space 153088K, 21% used [0x00000000ed500000,0x00000000ef4ab130,0x00000000f6a80000)
  to   space 145920K, 0% used [0x00000000f7180000,0x00000000f7180000,0x0000000100000000)
 ParOldGen       total 1398272K, used 161462K [0x0000000080000000, 0x00000000d5580000, 0x00000000d5580000)
  object space 1398272K, 11% used [0x0000000080000000,0x0000000089dad8d8,0x00000000d5580000)
 Metaspace       used 69180K, capacity 72374K, committed 72576K, reserved 1114112K
  class space    used 7675K, capacity 8243K, committed 8320K, reserved 1048576K
GC Heap History (10 events):
Event: 12.379 GC heap before
{Heap before GC invocations=6 (full 2):
 PSYoungGen      total 611840K, used 167258K [0x00000000d5580000, 0x0000000100000000, 0x0000000100000000)
  eden space 524800K, 27% used [0x00000000d5580000,0x00000000de029c08,0x00000000f5600000)
  from space 87040K, 29% used [0x00000000f5600000,0x00000000f6eacf58,0x00000000fab00000)
  to   space 87040K, 0% used [0x00000000fab00000,0x00000000fab00000,0x0000000100000000)
 ParOldGen       total 1398272K, used 23548K [0x0000000080000000, 0x00000000d5580000, 0x00000000d5580000)
  object space 1398272K, 1% used [0x0000000080000000,0x00000000816ff2e8,0x00000000d5580000)
 Metaspace       used 57251K, capacity 58868K, committed 59008K, reserved 1101824K
  class space    used 6618K, capacity 6942K, committed 7040K, reserved 1048576K
Event: 12.411 GC heap after
Heap after GC invocations=6 (full 2):
 PSYoungGen      total 611840K, used 21159K [0x00000000d5580000, 0x0000000100000000, 0x0000000100000000)
  eden space 524800K, 0% used [0x00000000d5580000,0x00000000d5580000,0x00000000f5600000)
  from space 87040K, 24% used [0x00000000fab00000,0x00000000fbfa9e20,0x0000000100000000)
  to   space 87040K, 0% used [0x00000000f5600000,0x00000000f5600000,0x00000000fab00000)
 ParOldGen       total 1398272K, used 23556K [0x0000000080000000, 0x00000000d5580000, 0x00000000d5580000)
  object space 1398272K, 1% used [0x0000000080000000,0x00000000817012e8,0x00000000d5580000)
 Metaspace       used 57251K, capacity 58868K, committed 59008K, reserved 1101824K
  class space    used 6618K, capacity 6942K, committed 7040K, reserved 1048576K
}
Event: 12.412 GC heap before
{Heap before GC invocations=7 (full 3):
 PSYoungGen      total 611840K, used 21159K [0x00000000d5580000, 0x0000000100000000, 0x0000000100000000)
  eden space 524800K, 0% used [0x00000000d5580000,0x00000000d5580000,0x00000000f5600000)
  from space 87040K, 24% used [0x00000000fab00000,0x00000000fbfa9e20,0x0000000100000000)
  to   space 87040K, 0% used [0x00000000f5600000,0x00000000f5600000,0x00000000fab00000)
 ParOldGen       total 1398272K, used 23556K [0x0000000080000000, 0x00000000d5580000, 0x00000000d5580000)
  object space 1398272K, 1% used [0x0000000080000000,0x00000000817012e8,0x00000000d5580000)
 Metaspace       used 57251K, capacity 58868K, committed 59008K, reserved 1101824K
  class space    used 6618K, capacity 6942K, committed 7040K, reserved 1048576K
Event: 12.680 GC heap after
Heap after GC invocations=7 (full 3):
 PSYoungGen      total 611840K, used 0K [0x00000000d5580000, 0x0000000100000000, 0x0000000100000000)
  eden space 524800K, 0% used [0x00000000d5580000,0x00000000d5580000,0x00000000f5600000)
  from space 87040K, 0% used [0x00000000fab00000,0x00000000fab00000,0x0000000100000000)
  to   space 87040K, 0% used [0x00000000f5600000,0x00000000f5600000,0x00000000fab00000)
 ParOldGen       total 1398272K, used 32755K [0x0000000080000000, 0x00000000d5580000, 0x00000000d5580000)
  object space 1398272K, 2% used [0x0000000080000000,0x0000000081ffcf68,0x00000000d5580000)
 Metaspace       used 57201K, capacity 58724K, committed 59008K, reserved 1101824K
  class space    used 6601K, capacity 6912K, committed 7040K, reserved 1048576K
}
Event: 25.112 GC heap before
{Heap before GC invocations=8 (full 3):
 PSYoungGen      total 611840K, used 524800K [0x00000000d5580000, 0x0000000100000000, 0x0000000100000000)
  eden space 524800K, 100% used [0x00000000d5580000,0x00000000f5600000,0x00000000f5600000)
  from space 87040K, 0% used [0x00000000fab00000,0x00000000fab00000,0x0000000100000000)
  to   space 87040K, 0% used [0x00000000f5600000,0x00000000f5600000,0x00000000fab00000)
 ParOldGen       total 1398272K, used 32755K [0x0000000080000000, 0x00000000d5580000, 0x00000000d5580000)
  object space 1398272K, 2% used [0x0000000080000000,0x0000000081ffcf68,0x00000000d5580000)
 Metaspace       used 65732K, capacity 68438K, committed 68736K, reserved 1110016K
  class space    used 7504K, capacity 7993K, committed 8064K, reserved 1048576K
Event: 25.286 GC heap after
Heap after GC invocations=8 (full 3):
 PSYoungGen      total 611840K, used 87011K [0x00000000d5580000, 0x00000000fe700000, 0x0000000100000000)
  eden space 524800K, 0% used [0x00000000d5580000,0x00000000d5580000,0x00000000f5600000)
  from space 87040K, 99% used [0x00000000f5600000,0x00000000faaf8c48,0x00000000fab00000)
  to   space 61440K, 0% used [0x00000000fab00000,0x00000000fab00000,0x00000000fe700000)
 ParOldGen       total 1398272K, used 37213K [0x0000000080000000, 0x00000000d5580000, 0x00000000d5580000)
  object space 1398272K, 2% used [0x0000000080000000,0x0000000082457428,0x00000000d5580000)
 Metaspace       used 65732K, capacity 68438K, committed 68736K, reserved 1110016K
  class space    used 7504K, capacity 7993K, committed 8064K, reserved 1048576K
}
Event: 55.793 GC heap before
{Heap before GC invocations=9 (full 3):
 PSYoungGen      total 611840K, used 567230K [0x00000000d5580000, 0x00000000fe700000, 0x0000000100000000)
  eden space 524800K, 91% used [0x00000000d5580000,0x00000000f2a76c28,0x00000000f5600000)
  from space 87040K, 99% used [0x00000000f5600000,0x00000000faaf8c48,0x00000000fab00000)
  to   space 61440K, 0% used [0x00000000fab00000,0x00000000fab00000,0x00000000fe700000)
 ParOldGen       total 1398272K, used 37213K [0x0000000080000000, 0x00000000d5580000, 0x00000000d5580000)
  object space 1398272K, 2% used [0x0000000080000000,0x0000000082457428,0x00000000d5580000)
 Metaspace       used 67518K, capacity 70532K, committed 70656K, reserved 1112064K
  class space    used 7589K, capacity 8122K, committed 8192K, reserved 1048576K
Event: 56.016 GC heap after
Heap after GC invocations=9 (full 3):
 PSYoungGen      total 454144K, used 61423K [0x00000000d5580000, 0x0000000100000000, 0x0000000100000000)
  eden space 392704K, 0% used [0x00000000d5580000,0x00000000d5580000,0x00000000ed500000)
  from space 61440K, 99% used [0x00000000fab00000,0x00000000fe6fbf88,0x00000000fe700000)
  to   space 153088K, 0% used [0x00000000ed500000,0x00000000ed500000,0x00000000f6a80000)
 ParOldGen       total 1398272K, used 161454K [0x0000000080000000, 0x00000000d5580000, 0x00000000d5580000)
  object space 1398272K, 11% used [0x0000000080000000,0x0000000089dab8d8,0x00000000d5580000)
 Metaspace       used 67518K, capacity 70532K, committed 70656K, reserved 1112064K
  class space    used 7589K, capacity 8122K, committed 8192K, reserved 1048576K
}
Event: 76.219 GC heap before
{Heap before GC invocations=10 (full 3):
 PSYoungGen      total 454144K, used 454127K [0x00000000d5580000, 0x0000000100000000, 0x0000000100000000)
  eden space 392704K, 100% used [0x00000000d5580000,0x00000000ed500000,0x00000000ed500000)
  from space 61440K, 99% used [0x00000000fab00000,0x00000000fe6fbf88,0x00000000fe700000)
  to   space 153088K, 0% used [0x00000000ed500000,0x00000000ed500000,0x00000000f6a80000)
 ParOldGen       total 1398272K, used 161454K [0x0000000080000000, 0x00000000d5580000, 0x00000000d5580000)
  object space 1398272K, 11% used [0x0000000080000000,0x0000000089dab8d8,0x00000000d5580000)
 Metaspace       used 68268K, capacity 71354K, committed 71424K, reserved 1112064K
  class space    used 7639K, capacity 8175K, committed 8192K, reserved 1048576K
Event: 76.328 GC heap after
Heap after GC invocations=10 (full 3):
 PSYoungGen      total 545792K, used 32428K [0x00000000d5580000, 0x0000000100000000, 0x0000000100000000)
  eden space 392704K, 0% used [0x00000000d5580000,0x00000000d5580000,0x00000000ed500000)
  from space 153088K, 21% used [0x00000000ed500000,0x00000000ef4ab130,0x00000000f6a80000)
  to   space 145920K, 0% used [0x00000000f7180000,0x00000000f7180000,0x0000000100000000)
 ParOldGen       total 1398272K, used 161462K [0x0000000080000000, 0x00000000d5580000, 0x00000000d5580000)
  object space 1398272K, 11% used [0x0000000080000000,0x0000000089dad8d8,0x00000000d5580000)
 Metaspace       used 68268K, capacity 71354K, committed 71424K, reserved 1112064K
  class space    used 7639K, capacity 8175K, committed 8192K, reserved 1048576K
}

