# JRE version: OpenJDK Runtime Environment (8.0_212-b04) (build 1.8.0_212-b04)
# Java VM: OpenJDK 64-Bit Server VM (25.212-b04 mixed mode linux-amd64 compressed oops)
Heap:
 PSYoungGen      total 525312K, used 121958K [0x00000000d5580000, 0x0000000100000000, 0x0000000100000000)
  eden space 426496K, 5% used [0x00000000d5580000,0x00000000d6c72680,0x00000000ef600000)
  from space 98816K, 99% used [0x00000000ef600000,0x00000000f5627530,0x00000000f5680000)
  to   space 145408K, 0% used [0x00000000f7200000,0x00000000f7200000,0x0000000100000000)
 ParOldGen       total 1398272K, used 75571K [0x0000000080000000, 0x00000000d5580000, 0x00000000d5580000)
  object space 1398272K, 5% used [0x0000000080000000,0x00000000849cccf8,0x00000000d5580000)
 Metaspace       used 67023K, capacity 70314K, committed 70400K, reserved 1112064K
  class space    used 7541K, capacity 8121K, committed 8192K, reserved 1048576K
GC Heap History (10 events):
Event: 11.950 GC heap before
{Heap before GC invocations=6 (full 3):
 PSYoungGen      total 611840K, used 33853K [0x00000000d5580000, 0x0000000100000000, 0x0000000100000000)
  eden space 524800K, 0% used [0x00000000d5580000,0x00000000d5580000,0x00000000f5600000)
  from space 87040K, 38% used [0x00000000f5600000,0x00000000f770f658,0x00000000fab00000)
  to   space 87040K, 0% used [0x00000000fab00000,0x00000000fab00000,0x0000000100000000)
 ParOldGen       total 1398272K, used 23556K [0x0000000080000000, 0x00000000d5580000, 0x00000000d5580000)
  object space 1398272K, 1% used [0x0000000080000000,0x0000000081701350,0x00000000d5580000)
 Metaspace       used 57477K, capacity 58898K, committed 59028K, reserved 1101824K
  class space    used 6626K, capacity 6903K, committed 6912K, reserved 1048576K
Event: 12.236 GC heap after
Heap after GC invocations=6 (full 3):
 PSYoungGen      total 611840K, used 0K [0x00000000d5580000, 0x0000000100000000, 0x0000000100000000)
  eden space 524800K, 0% used [0x00000000d5580000,0x00000000d5580000,0x00000000f5600000)
  from space 87040K, 0% used [0x00000000f5600000,0x00000000f5600000,0x00000000fab00000)
  to   space 87040K, 0% used [0x00000000fab00000,0x00000000fab00000,0x0000000100000000)
 ParOldGen       total 1398272K, used 44363K [0x0000000080000000, 0x00000000d5580000, 0x00000000d5580000)
  object space 1398272K, 3% used [0x0000000080000000,0x0000000082b52ce8,0x00000000d5580000)
 Metaspace       used 57440K, capacity 58806K, committed 59028K, reserved 1101824K
  class space    used 6614K, capacity 6881K, committed 6912K, reserved 1048576K
}
Event: 25.598 GC heap before
{Heap before GC invocations=7 (full 3):
 PSYoungGen      total 611840K, used 489964K [0x00000000d5580000, 0x0000000100000000, 0x0000000100000000)
  eden space 524800K, 93% used [0x00000000d5580000,0x00000000f33fb088,0x00000000f5600000)
  from space 87040K, 0% used [0x00000000f5600000,0x00000000f5600000,0x00000000fab00000)
  to   space 87040K, 0% used [0x00000000fab00000,0x00000000fab00000,0x0000000100000000)
 ParOldGen       total 1398272K, used 44363K [0x0000000080000000, 0x00000000d5580000, 0x00000000d5580000)
  object space 1398272K, 3% used [0x0000000080000000,0x0000000082b52ce8,0x00000000d5580000)
 Metaspace       used 65068K, capacity 67948K, committed 68224K, reserved 1110016K
  class space    used 7437K, capacity 7940K, committed 8064K, reserved 1048576K
Event: 25.677 GC heap after
Heap after GC invocations=7 (full 3):
 PSYoungGen      total 611840K, used 78628K [0x00000000d5580000, 0x0000000100000000, 0x0000000100000000)
  eden space 524800K, 0% used [0x00000000d5580000,0x00000000d5580000,0x00000000f5600000)
  from space 87040K, 90% used [0x00000000fab00000,0x00000000ff7c9160,0x0000000100000000)
  to   space 87040K, 0% used [0x00000000f5600000,0x00000000f5600000,0x00000000fab00000)
 ParOldGen       total 1398272K, used 44371K [0x0000000080000000, 0x00000000d5580000, 0x00000000d5580000)
  object space 1398272K, 3% used [0x0000000080000000,0x0000000082b54ce8,0x00000000d5580000)
 Metaspace       used 65068K, capacity 67948K, committed 68224K, reserved 1110016K
  class space    used 7437K, capacity 7940K, committed 8064K, reserved 1048576K
}
Event: 31.229 GC heap before
{Heap before GC invocations=8 (full 3):
 PSYoungGen      total 611840K, used 603428K [0x00000000d5580000, 0x0000000100000000, 0x0000000100000000)
  eden space 524800K, 100% used [0x00000000d5580000,0x00000000f5600000,0x00000000f5600000)
  from space 87040K, 90% used [0x00000000fab00000,0x00000000ff7c9160,0x0000000100000000)
  to   space 87040K, 0% used [0x00000000f5600000,0x00000000f5600000,0x00000000fab00000)
 ParOldGen       total 1398272K, used 44371K [0x0000000080000000, 0x00000000d5580000, 0x00000000d5580000)
  object space 1398272K, 3% used [0x0000000080000000,0x0000000082b54ce8,0x00000000d5580000)
 Metaspace       used 66300K, capacity 69416K, committed 69632K, reserved 1110016K
  class space    used 7521K, capacity 8088K, committed 8192K, reserved 1048576K
Event: 31.329 GC heap after
Heap after GC invocations=8 (full 3):
 PSYoungGen      total 605696K, used 80429K [0x00000000d5580000, 0x0000000100000000, 0x0000000100000000)
  eden space 524800K, 0% used [0x00000000d5580000,0x00000000d5580000,0x00000000f5600000)
  from space 80896K, 99% used [0x00000000f5600000,0x00000000fa48b738,0x00000000fa500000)
  to   space 93184K, 0% used [0x00000000fa500000,0x00000000fa500000,0x0000000100000000)
 ParOldGen       total 1398272K, used 44379K [0x0000000080000000, 0x00000000d5580000, 0x00000000d5580000)
  object space 1398272K, 3% used [0x0000000080000000,0x0000000082b56ce8,0x00000000d5580000)
 Metaspace       used 66300K, capacity 69416K, committed 69632K, reserved 1110016K
  class space    used 7521K, capacity 8088K, committed 8192K, reserved 1048576K
}
Event: 35.553 GC heap before
{Heap before GC invocations=9 (full 3):
 PSYoungGen      total 605696K, used 577769K [0x00000000d5580000, 0x0000000100000000, 0x0000000100000000)
  eden space 524800K, 94% used [0x00000000d5580000,0x00000000f3b2ecd8,0x00000000f5600000)
  from space 80896K, 99% used [0x00000000f5600000,0x00000000fa48b738,0x00000000fa500000)
  to   space 93184K, 0% used [0x00000000fa500000,0x00000000fa500000,0x0000000100000000)
 ParOldGen       total 1398272K, used 44379K [0x0000000080000000, 0x00000000d5580000, 0x00000000d5580000)
  object space 1398272K, 3% used [0x0000000080000000,0x0000000082b56ce8,0x00000000d5580000)
 Metaspace       used 66850K, capacity 70104K, committed 70400K, reserved 1112064K
  class space    used 7540K, capacity 8120K, committed 8192K, reserved 1048576K
Event: 35.628 GC heap after
Heap after GC invocations=9 (full 3):
 PSYoungGen      total 519680K, used 93164K [0x00000000d5580000, 0x0000000100000000, 0x0000000100000000)
  eden space 426496K, 0% used [0x00000000d5580000,0x00000000d5580000,0x00000000ef600000)
  from space 93184K, 99% used [0x00000000fa500000,0x00000000ffffb170,0x0000000100000000)
  to   space 136192K, 0% used [0x00000000ef600000,0x00000000ef600000,0x00000000f7b00000)
 ParOldGen       total 1398272K, used 75571K [0x0000000080000000, 0x00000000d5580000, 0x00000000d5580000)
  object space 1398272K, 5% used [0x0000000080000000,0x00000000849cccf8,0x00000000d5580000)
 Metaspace       used 66850K, capacity 70104K, committed 70400K, reserved 1112064K
  class space    used 7540K, capacity 8120K, committed 8192K, reserved 1048576K
}
Event: 36.605 GC heap before
{Heap before GC invocations=10 (full 3):
 PSYoungGen      total 519680K, used 519660K [0x00000000d5580000, 0x0000000100000000, 0x0000000100000000)
  eden space 426496K, 100% used [0x00000000d5580000,0x00000000ef600000,0x00000000ef600000)
  from space 93184K, 99% used [0x00000000fa500000,0x00000000ffffb170,0x0000000100000000)
  to   space 136192K, 0% used [0x00000000ef600000,0x00000000ef600000,0x00000000f7b00000)
 ParOldGen       total 1398272K, used 75571K [0x0000000080000000, 0x00000000d5580000, 0x00000000d5580000)
  object space 1398272K, 5% used [0x0000000080000000,0x00000000849cccf8,0x00000000d5580000)
 Metaspace       used 67013K, capacity 70314K, committed 70400K, reserved 1112064K
  class space    used 7541K, capacity 8121K, committed 8192K, reserved 1048576K
Event: 36.654 GC heap after
Heap after GC invocations=10 (full 3):
 PSYoungGen      total 525312K, used 98461K [0x00000000d5580000, 0x0000000100000000, 0x0000000100000000)
  eden space 426496K, 0% used [0x00000000d5580000,0x00000000d5580000,0x00000000ef600000)
  from space 98816K, 99% used [0x00000000ef600000,0x00000000f5627530,0x00000000f5680000)
  to   space 145408K, 0% used [0x00000000f7200000,0x00000000f7200000,0x0000000100000000)
 ParOldGen       total 1398272K, used 75571K [0x0000000080000000, 0x00000000d5580000, 0x00000000d5580000)
  object space 1398272K, 5% used [0x0000000080000000,0x00000000849cccf8,0x00000000d5580000)
 Metaspace       used 67013K, capacity 70314K, committed 70400K, reserved 1112064K
  class space    used 7541K, capacity 8121K, committed 8192K, reserved 1048576K
}

