# JRE version: OpenJDK Runtime Environment (8.0_212-b04) (build 1.8.0_212-b04)
# Java VM: OpenJDK 64-Bit Server VM (25.212-b04 mixed mode linux-amd64 compressed oops)
Heap:
 PSYoungGen      total 611840K, used 254565K [0x00000000d5580000, 0x0000000100000000, 0x0000000100000000)
  eden space 524800K, 48% used [0x00000000d5580000,0x00000000e4e196d0,0x00000000f5600000)
  from space 87040K, 0% used [0x00000000fab00000,0x00000000fab00000,0x0000000100000000)
  to   space 87040K, 0% used [0x00000000f5600000,0x00000000f5600000,0x00000000fab00000)
 ParOldGen       total 1398272K, used 31233K [0x0000000080000000, 0x00000000d5580000, 0x00000000d5580000)
  object space 1398272K, 2% used [0x0000000080000000,0x0000000081e806f8,0x00000000d5580000)
 Metaspace       used 62413K, capacity 64812K, committed 65024K, reserved 1105920K
  class space    used 7185K, capacity 7598K, committed 7680K, reserved 1048576K
GC Heap History (10 events):
Event: 4.718 GC heap before
{Heap before GC invocations=3 (full 1):
 PSYoungGen      total 611840K, used 490702K [0x00000000d5580000, 0x0000000100000000, 0x0000000100000000)
  eden space 524800K, 93% used [0x00000000d5580000,0x00000000f34b3950,0x00000000f5600000)
  from space 87040K, 0% used [0x00000000f5600000,0x00000000f5600000,0x00000000fab00000)
  to   space 87040K, 0% used [0x00000000fab00000,0x00000000fab00000,0x0000000100000000)
 ParOldGen       total 889856K, used 13729K [0x0000000080000000, 0x00000000b6500000, 0x00000000d5580000)
  object space 889856K, 1% used [0x0000000080000000,0x0000000080d68588,0x00000000b6500000)
 Metaspace       used 34876K, capacity 35252K, committed 35496K, reserved 1081344K
  class space    used 3968K, capacity 4092K, committed 4096K, reserved 1048576K
Event: 4.754 GC heap after
Heap after GC invocations=3 (full 1):
 PSYoungGen      total 611840K, used 19287K [0x00000000d5580000, 0x0000000100000000, 0x0000000100000000)
  eden space 524800K, 0% used [0x00000000d5580000,0x00000000d5580000,0x00000000f5600000)
  from space 87040K, 22% used [0x00000000fab00000,0x00000000fbdd5f38,0x0000000100000000)
  to   space 87040K, 0% used [0x00000000f5600000,0x00000000f5600000,0x00000000fab00000)
 ParOldGen       total 889856K, used 13729K [0x0000000080000000, 0x00000000b6500000, 0x00000000d5580000)
  object space 889856K, 1% used [0x0000000080000000,0x0000000080d68588,0x00000000b6500000)
 Metaspace       used 34876K, capacity 35252K, committed 35496K, reserved 1081344K
  class space    used 3968K, capacity 4092K, committed 4096K, reserved 1048576K
}
Event: 4.754 GC heap before
{Heap before GC invocations=4 (full 2):
 PSYoungGen      total 611840K, used 19287K [0x00000000d5580000, 0x0000000100000000, 0x0000000100000000)
  eden space 524800K, 0% used [0x00000000d5580000,0x00000000d5580000,0x00000000f5600000)
  from space 87040K, 22% used [0x00000000fab00000,0x00000000fbdd5f38,0x0000000100000000)
  to   space 87040K, 0% used [0x00000000f5600000,0x00000000f5600000,0x00000000fab00000)
 ParOldGen       total 889856K, used 13729K [0x0000000080000000, 0x00000000b6500000, 0x00000000d5580000)
  object space 889856K, 1% used [0x0000000080000000,0x0000000080d68588,0x00000000b6500000)
 Metaspace       used 34876K, capacity 35252K, committed 35496K, reserved 1081344K
  class space    used 3968K, capacity 4092K, committed 4096K, reserved 1048576K
Event: 4.843 GC heap after
Heap after GC invocations=4 (full 2):
 PSYoungGen      total 611840K, used 0K [0x00000000d5580000, 0x0000000100000000, 0x0000000100000000)
  eden space 524800K, 0% used [0x00000000d5580000,0x00000000d5580000,0x00000000f5600000)
  from space 87040K, 0% used [0x00000000fab00000,0x00000000fab00000,0x0000000100000000)
  to   space 87040K, 0% used [0x00000000f5600000,0x00000000f5600000,0x00000000fab00000)
 ParOldGen       total 1398272K, used 23490K [0x0000000080000000, 0x00000000d5580000, 0x00000000d5580000)
  object space 1398272K, 1% used [0x0000000080000000,0x00000000816f0bd0,0x00000000d5580000)
 Metaspace       used 34876K, capacity 35252K, committed 35496K, reserved 1081344K
  class space    used 3968K, capacity 4092K, committed 4096K, reserved 1048576K
}
Event: 11.827 GC heap before
{Heap before GC invocations=5 (full 2):
 PSYoungGen      total 611840K, used 524800K [0x00000000d5580000, 0x0000000100000000, 0x0000000100000000)
  eden space 524800K, 100% used [0x00000000d5580000,0x00000000f5600000,0x00000000f5600000)
  from space 87040K, 0% used [0x00000000fab00000,0x00000000fab00000,0x0000000100000000)
  to   space 87040K, 0% used [0x00000000f5600000,0x00000000f5600000,0x00000000fab00000)
 ParOldGen       total 1398272K, used 23490K [0x0000000080000000, 0x00000000d5580000, 0x00000000d5580000)
  object space 1398272K, 1% used [0x0000000080000000,0x00000000816f0bd0,0x00000000d5580000)
 Metaspace       used 54221K, capacity 55632K, committed 55808K, reserved 1097728K
  class space    used 6283K, capacity 6544K, committed 6656K, reserved 1048576K
Event: 11.913 GC heap after
Heap after GC invocations=5 (full 2):
 PSYoungGen      total 611840K, used 29381K [0x00000000d5580000, 0x0000000100000000, 0x0000000100000000)
  eden space 524800K, 0% used [0x00000000d5580000,0x00000000d5580000,0x00000000f5600000)
  from space 87040K, 33% used [0x00000000f5600000,0x00000000f72b1730,0x00000000fab00000)
  to   space 87040K, 0% used [0x00000000fab00000,0x00000000fab00000,0x0000000100000000)
 ParOldGen       total 1398272K, used 23498K [0x0000000080000000, 0x00000000d5580000, 0x00000000d5580000)
  object space 1398272K, 1% used [0x0000000080000000,0x00000000816f2bd0,0x00000000d5580000)
 Metaspace       used 54221K, capacity 55632K, committed 55808K, reserved 1097728K
  class space    used 6283K, capacity 6544K, committed 6656K, reserved 1048576K
}
Event: 12.634 GC heap before
{Heap before GC invocations=6 (full 2):
 PSYoungGen      total 611840K, used 155625K [0x00000000d5580000, 0x0000000100000000, 0x0000000100000000)
  eden space 524800K, 24% used [0x00000000d5580000,0x00000000dd0c8db0,0x00000000f5600000)
  from space 87040K, 33% used [0x00000000f5600000,0x00000000f72b1730,0x00000000fab00000)
  to   space 87040K, 0% used [0x00000000fab00000,0x00000000fab00000,0x0000000100000000)
 ParOldGen       total 1398272K, used 23498K [0x0000000080000000, 0x00000000d5580000, 0x00000000d5580000)
  object space 1398272K, 1% used [0x0000000080000000,0x00000000816f2bd0,0x00000000d5580000)
 Metaspace       used 57617K, capacity 59016K, committed 59136K, reserved 1101824K
  class space    used 6627K, capacity 6874K, committed 6912K, reserved 1048576K
Event: 12.667 GC heap after
Heap after GC invocations=6 (full 2):
 PSYoungGen      total 611840K, used 19563K [0x00000000d5580000, 0x0000000100000000, 0x0000000100000000)
  eden space 524800K, 0% used [0x00000000d5580000,0x00000000d5580000,0x00000000f5600000)
  from space 87040K, 22% used [0x00000000fab00000,0x00000000fbe1acf0,0x0000000100000000)
  to   space 87040K, 0% used [0x00000000f5600000,0x00000000f5600000,0x00000000fab00000)
 ParOldGen       total 1398272K, used 23506K [0x0000000080000000, 0x00000000d5580000, 0x00000000d5580000)
  object space 1398272K, 1% used [0x0000000080000000,0x00000000816f4bd0,0x00000000d5580000)
 Metaspace       used 57617K, capacity 59016K, committed 59136K, reserved 1101824K
  class space    used 6627K, capacity 6874K, committed 6912K, reserved 1048576K
}
Event: 12.667 GC heap before
{Heap before GC invocations=7 (full 3):
 PSYoungGen      total 611840K, used 19563K [0x00000000d5580000, 0x0000000100000000, 0x0000000100000000)
  eden space 524800K, 0% used [0x00000000d5580000,0x00000000d5580000,0x00000000f5600000)
  from space 87040K, 22% used [0x00000000fab00000,0x00000000fbe1acf0,0x0000000100000000)
  to   space 87040K, 0% used [0x00000000f5600000,0x00000000f5600000,0x00000000fab00000)
 ParOldGen       total 1398272K, used 23506K [0x0000000080000000, 0x00000000d5580000, 0x00000000d5580000)
  object space 1398272K, 1% used [0x0000000080000000,0x00000000816f4bd0,0x00000000d5580000)
 Metaspace       used 57617K, capacity 59016K, committed 59136K, reserved 1101824K
  class space    used 6627K, capacity 6874K, committed 6912K, reserved 1048576K
Event: 12.923 GC heap after
Heap after GC invocations=7 (full 3):
 PSYoungGen      total 611840K, used 0K [0x00000000d5580000, 0x0000000100000000, 0x0000000100000000)
  eden space 524800K, 0% used [0x00000000d5580000,0x00000000d5580000,0x00000000f5600000)
  from space 87040K, 0% used [0x00000000fab00000,0x00000000fab00000,0x0000000100000000)
  to   space 87040K, 0% used [0x00000000f5600000,0x00000000f5600000,0x00000000fab00000)
 ParOldGen       total 1398272K, used 31233K [0x0000000080000000, 0x00000000d5580000, 0x00000000d5580000)
  object space 1398272K, 2% used [0x0000000080000000,0x0000000081e806f8,0x00000000d5580000)
 Metaspace       used 57583K, capacity 58930K, committed 59136K, reserved 1101824K
  class space    used 6615K, capacity 6853K, committed 6912K, reserved 1048576K
}

