# JRE version: OpenJDK Runtime Environment (8.0_212-b04) (build 1.8.0_212-b04)
# Java VM: OpenJDK 64-Bit Server VM (25.212-b04 mixed mode linux-amd64 compressed oops)
Heap:
 PSYoungGen      total 450560K, used 348194K [0x00000000d5580000, 0x0000000100000000, 0x0000000100000000)
  eden space 232960K, 76% used [0x00000000d5580000,0x00000000e03e8a40,0x00000000e3900000)
  from space 217600K, 77% used [0x00000000f2b80000,0x00000000fd120028,0x0000000100000000)
  to   space 232960K, 0% used [0x00000000e3900000,0x00000000e3900000,0x00000000f1c80000)
 ParOldGen       total 1398272K, used 133209K [0x0000000080000000, 0x00000000d5580000, 0x00000000d5580000)
  object space 1398272K, 9% used [0x0000000080000000,0x00000000882167d8,0x00000000d5580000)
 Metaspace       used 69782K, capacity 72838K, committed 72960K, reserved 1114112K
  class space    used 7649K, capacity 8187K, committed 8192K, reserved 1048576K
GC Heap History (10 events):
Event: 362.893 GC heap before
{Heap before GC invocations=9 (full 3):
 PSYoungGen      total 611840K, used 611808K [0x00000000d5580000, 0x0000000100000000, 0x0000000100000000)
  eden space 524800K, 100% used [0x00000000d5580000,0x00000000f5600000,0x00000000f5600000)
  from space 87040K, 99% used [0x00000000f5600000,0x00000000faaf8258,0x00000000fab00000)
  to   space 87040K, 0% used [0x00000000fab00000,0x00000000fab00000,0x0000000100000000)
 ParOldGen       total 1398272K, used 58458K [0x0000000080000000, 0x00000000d5580000, 0x00000000d5580000)
  object space 1398272K, 4% used [0x0000000080000000,0x00000000839169a8,0x00000000d5580000)
 Metaspace       used 68182K, capacity 71054K, committed 71424K, reserved 1112064K
  class space    used 7588K, capacity 8069K, committed 8192K, reserved 1048576K
Event: 363.091 GC heap after
Heap after GC invocations=9 (full 3):
 PSYoungGen      total 486912K, used 87024K [0x00000000d5580000, 0x0000000100000000, 0x0000000100000000)
  eden space 399872K, 0% used [0x00000000d5580000,0x00000000d5580000,0x00000000edc00000)
  from space 87040K, 99% used [0x00000000fab00000,0x00000000ffffc018,0x0000000100000000)
  to   space 149504K, 0% used [0x00000000edc00000,0x00000000edc00000,0x00000000f6e00000)
 ParOldGen       total 1398272K, used 110873K [0x0000000080000000, 0x00000000d5580000, 0x00000000d5580000)
  object space 1398272K, 7% used [0x0000000080000000,0x0000000086c46760,0x00000000d5580000)
 Metaspace       used 68182K, capacity 71054K, committed 71424K, reserved 1112064K
  class space    used 7588K, capacity 8069K, committed 8192K, reserved 1048576K
}
Event: 452.860 GC heap before
{Heap before GC invocations=10 (full 3):
 PSYoungGen      total 486912K, used 486896K [0x00000000d5580000, 0x0000000100000000, 0x0000000100000000)
  eden space 399872K, 100% used [0x00000000d5580000,0x00000000edc00000,0x00000000edc00000)
  from space 87040K, 99% used [0x00000000fab00000,0x00000000ffffc018,0x0000000100000000)
  to   space 149504K, 0% used [0x00000000edc00000,0x00000000edc00000,0x00000000f6e00000)
 ParOldGen       total 1398272K, used 110873K [0x0000000080000000, 0x00000000d5580000, 0x00000000d5580000)
  object space 1398272K, 7% used [0x0000000080000000,0x0000000086c46760,0x00000000d5580000)
 Metaspace       used 68635K, capacity 71598K, committed 71936K, reserved 1114112K
  class space    used 7591K, capacity 8075K, committed 8192K, reserved 1048576K
Event: 453.087 GC heap after
Heap after GC invocations=10 (full 3):
 PSYoungGen      total 542720K, used 146467K [0x00000000d5580000, 0x0000000100000000, 0x0000000100000000)
  eden space 395776K, 0% used [0x00000000d5580000,0x00000000d5580000,0x00000000ed800000)
  from space 146944K, 99% used [0x00000000edc00000,0x00000000f6b08f08,0x00000000f6b80000)
  to   space 152064K, 0% used [0x00000000f6b80000,0x00000000f6b80000,0x0000000100000000)
 ParOldGen       total 1398272K, used 110881K [0x0000000080000000, 0x00000000d5580000, 0x00000000d5580000)
  object space 1398272K, 7% used [0x0000000080000000,0x0000000086c48760,0x00000000d5580000)
 Metaspace       used 68635K, capacity 71598K, committed 71936K, reserved 1114112K
  class space    used 7591K, capacity 8075K, committed 8192K, reserved 1048576K
}
Event: 543.185 GC heap before
{Heap before GC invocations=11 (full 3):
 PSYoungGen      total 542720K, used 542243K [0x00000000d5580000, 0x0000000100000000, 0x0000000100000000)
  eden space 395776K, 100% used [0x00000000d5580000,0x00000000ed800000,0x00000000ed800000)
  from space 146944K, 99% used [0x00000000edc00000,0x00000000f6b08f08,0x00000000f6b80000)
  to   space 152064K, 0% used [0x00000000f6b80000,0x00000000f6b80000,0x0000000100000000)
 ParOldGen       total 1398272K, used 110881K [0x0000000080000000, 0x00000000d5580000, 0x00000000d5580000)
  object space 1398272K, 7% used [0x0000000080000000,0x0000000086c48760,0x00000000d5580000)
 Metaspace       used 69184K, capacity 72098K, committed 72192K, reserved 1114112K
  class space    used 7620K, capacity 8107K, committed 8192K, reserved 1048576K
Event: 543.359 GC heap after
Heap after GC invocations=11 (full 3):
 PSYoungGen      total 443392K, used 152055K [0x00000000d5580000, 0x0000000100000000, 0x0000000100000000)
  eden space 291328K, 0% used [0x00000000d5580000,0x00000000d5580000,0x00000000e7200000)
  from space 152064K, 99% used [0x00000000f6b80000,0x00000000ffffddf0,0x0000000100000000)
  to   space 203776K, 0% used [0x00000000e7200000,0x00000000e7200000,0x00000000f3900000)
 ParOldGen       total 1398272K, used 115473K [0x0000000080000000, 0x00000000d5580000, 0x00000000d5580000)
  object space 1398272K, 8% used [0x0000000080000000,0x00000000870c4760,0x00000000d5580000)
 Metaspace       used 69184K, capacity 72098K, committed 72192K, reserved 1114112K
  class space    used 7620K, capacity 8107K, committed 8192K, reserved 1048576K
}
Event: 612.937 GC heap before
{Heap before GC invocations=12 (full 3):
 PSYoungGen      total 443392K, used 443383K [0x00000000d5580000, 0x0000000100000000, 0x0000000100000000)
  eden space 291328K, 100% used [0x00000000d5580000,0x00000000e7200000,0x00000000e7200000)
  from space 152064K, 99% used [0x00000000f6b80000,0x00000000ffffddf0,0x0000000100000000)
  to   space 203776K, 0% used [0x00000000e7200000,0x00000000e7200000,0x00000000f3900000)
 ParOldGen       total 1398272K, used 115473K [0x0000000080000000, 0x00000000d5580000, 0x00000000d5580000)
  object space 1398272K, 8% used [0x0000000080000000,0x00000000870c4760,0x00000000d5580000)
 Metaspace       used 69357K, capacity 72276K, committed 72448K, reserved 1114112K
  class space    used 7629K, capacity 8116K, committed 8192K, reserved 1048576K
Event: 613.115 GC heap after
Heap after GC invocations=12 (full 3):
 PSYoungGen      total 439808K, used 150086K [0x00000000d5580000, 0x0000000100000000, 0x0000000100000000)
  eden space 289280K, 0% used [0x00000000d5580000,0x00000000d5580000,0x00000000e7000000)
  from space 150528K, 99% used [0x00000000e7200000,0x00000000f04918f0,0x00000000f0500000)
  to   space 217600K, 0% used [0x00000000f2b80000,0x00000000f2b80000,0x0000000100000000)
 ParOldGen       total 1398272K, used 133201K [0x0000000080000000, 0x00000000d5580000, 0x00000000d5580000)
  object space 1398272K, 9% used [0x0000000080000000,0x00000000882147d8,0x00000000d5580000)
 Metaspace       used 69357K, capacity 72276K, committed 72448K, reserved 1114112K
  class space    used 7629K, capacity 8116K, committed 8192K, reserved 1048576K
}
Event: 682.865 GC heap before
{Heap before GC invocations=13 (full 3):
 PSYoungGen      total 439808K, used 439366K [0x00000000d5580000, 0x0000000100000000, 0x0000000100000000)
  eden space 289280K, 100% used [0x00000000d5580000,0x00000000e7000000,0x00000000e7000000)
  from space 150528K, 99% used [0x00000000e7200000,0x00000000f04918f0,0x00000000f0500000)
  to   space 217600K, 0% used [0x00000000f2b80000,0x00000000f2b80000,0x0000000100000000)
 ParOldGen       total 1398272K, used 133201K [0x0000000080000000, 0x00000000d5580000, 0x00000000d5580000)
  object space 1398272K, 9% used [0x0000000080000000,0x00000000882147d8,0x00000000d5580000)
 Metaspace       used 69589K, capacity 72592K, committed 72704K, reserved 1114112K
  class space    used 7639K, capacity 8152K, committed 8192K, reserved 1048576K
Event: 683.033 GC heap after
Heap after GC invocations=13 (full 3):
 PSYoungGen      total 450560K, used 169600K [0x00000000d5580000, 0x0000000100000000, 0x0000000100000000)
  eden space 232960K, 0% used [0x00000000d5580000,0x00000000d5580000,0x00000000e3900000)
  from space 217600K, 77% used [0x00000000f2b80000,0x00000000fd120028,0x0000000100000000)
  to   space 232960K, 0% used [0x00000000e3900000,0x00000000e3900000,0x00000000f1c80000)
 ParOldGen       total 1398272K, used 133209K [0x0000000080000000, 0x00000000d5580000, 0x00000000d5580000)
  object space 1398272K, 9% used [0x0000000080000000,0x00000000882167d8,0x00000000d5580000)
 Metaspace       used 69589K, capacity 72592K, committed 72704K, reserved 1114112K
  class space    used 7639K, capacity 8152K, committed 8192K, reserved 1048576K
}

