# JRE version: OpenJDK Runtime Environment (8.0_212-b04) (build 1.8.0_212-b04)
# Java VM: OpenJDK 64-Bit Server VM (25.212-b04 mixed mode linux-amd64 compressed oops)
Heap:
 PSYoungGen      total 611840K, used 104645K [0x00000000d5580000, 0x0000000100000000, 0x0000000100000000)
  eden space 524800K, 11% used [0x00000000d5580000,0x00000000d916f620,0x00000000f5600000)
  from space 87040K, 49% used [0x00000000fab00000,0x00000000fd5421c8,0x0000000100000000)
  to   space 87040K, 0% used [0x00000000f5600000,0x00000000f5600000,0x00000000fab00000)
 ParOldGen       total 1398272K, used 41319K [0x0000000080000000, 0x00000000d5580000, 0x00000000d5580000)
  object space 1398272K, 2% used [0x0000000080000000,0x0000000082859c38,0x00000000d5580000)
 Metaspace       used 66927K, capacity 69740K, committed 69888K, reserved 1112064K
  class space    used 7603K, capacity 8088K, committed 8192K, reserved 1048576K
GC Heap History (10 events):
Event: 4.833 GC heap before
{Heap before GC invocations=3 (full 1):
 PSYoungGen      total 611840K, used 434548K [0x00000000d5580000, 0x0000000100000000, 0x0000000100000000)
  eden space 524800K, 82% used [0x00000000d5580000,0x00000000efddd110,0x00000000f5600000)
  from space 87040K, 0% used [0x00000000f5600000,0x00000000f5600000,0x00000000fab00000)
  to   space 87040K, 0% used [0x00000000fab00000,0x00000000fab00000,0x0000000100000000)
 ParOldGen       total 903680K, used 13836K [0x0000000080000000, 0x00000000b7280000, 0x00000000d5580000)
  object space 903680K, 1% used [0x0000000080000000,0x0000000080d83110,0x00000000b7280000)
 Metaspace       used 34803K, capacity 35156K, committed 35416K, reserved 1081344K
  class space    used 3964K, capacity 4060K, committed 4096K, reserved 1048576K
Event: 4.875 GC heap after
Heap after GC invocations=3 (full 1):
 PSYoungGen      total 611840K, used 19118K [0x00000000d5580000, 0x0000000100000000, 0x0000000100000000)
  eden space 524800K, 0% used [0x00000000d5580000,0x00000000d5580000,0x00000000f5600000)
  from space 87040K, 21% used [0x00000000fab00000,0x00000000fbdabab0,0x0000000100000000)
  to   space 87040K, 0% used [0x00000000f5600000,0x00000000f5600000,0x00000000fab00000)
 ParOldGen       total 903680K, used 13836K [0x0000000080000000, 0x00000000b7280000, 0x00000000d5580000)
  object space 903680K, 1% used [0x0000000080000000,0x0000000080d83110,0x00000000b7280000)
 Metaspace       used 34803K, capacity 35156K, committed 35416K, reserved 1081344K
  class space    used 3964K, capacity 4060K, committed 4096K, reserved 1048576K
}
Event: 4.875 GC heap before
{Heap before GC invocations=4 (full 2):
 PSYoungGen      total 611840K, used 19118K [0x00000000d5580000, 0x0000000100000000, 0x0000000100000000)
  eden space 524800K, 0% used [0x00000000d5580000,0x00000000d5580000,0x00000000f5600000)
  from space 87040K, 21% used [0x00000000fab00000,0x00000000fbdabab0,0x0000000100000000)
  to   space 87040K, 0% used [0x00000000f5600000,0x00000000f5600000,0x00000000fab00000)
 ParOldGen       total 903680K, used 13836K [0x0000000080000000, 0x00000000b7280000, 0x00000000d5580000)
  object space 903680K, 1% used [0x0000000080000000,0x0000000080d83110,0x00000000b7280000)
 Metaspace       used 34803K, capacity 35156K, committed 35416K, reserved 1081344K
  class space    used 3964K, capacity 4060K, committed 4096K, reserved 1048576K
Event: 5.009 GC heap after
Heap after GC invocations=4 (full 2):
 PSYoungGen      total 611840K, used 0K [0x00000000d5580000, 0x0000000100000000, 0x0000000100000000)
  eden space 524800K, 0% used [0x00000000d5580000,0x00000000d5580000,0x00000000f5600000)
  from space 87040K, 0% used [0x00000000fab00000,0x00000000fab00000,0x0000000100000000)
  to   space 87040K, 0% used [0x00000000f5600000,0x00000000f5600000,0x00000000fab00000)
 ParOldGen       total 1398272K, used 23468K [0x0000000080000000, 0x00000000d5580000, 0x00000000d5580000)
  object space 1398272K, 1% used [0x0000000080000000,0x00000000816eb310,0x00000000d5580000)
 Metaspace       used 34803K, capacity 35156K, committed 35416K, reserved 1081344K
  class space    used 3964K, capacity 4060K, committed 4096K, reserved 1048576K
}
Event: 11.173 GC heap before
{Heap before GC invocations=5 (full 2):
 PSYoungGen      total 611840K, used 492007K [0x00000000d5580000, 0x0000000100000000, 0x0000000100000000)
  eden space 524800K, 93% used [0x00000000d5580000,0x00000000f35f9d18,0x00000000f5600000)
  from space 87040K, 0% used [0x00000000fab00000,0x00000000fab00000,0x0000000100000000)
  to   space 87040K, 0% used [0x00000000f5600000,0x00000000f5600000,0x00000000fab00000)
 ParOldGen       total 1398272K, used 23468K [0x0000000080000000, 0x00000000d5580000, 0x00000000d5580000)
  object space 1398272K, 1% used [0x0000000080000000,0x00000000816eb310,0x00000000d5580000)
 Metaspace       used 57497K, capacity 58906K, committed 59028K, reserved 1101824K
  class space    used 6659K, capacity 6907K, committed 6912K, reserved 1048576K
Event: 11.237 GC heap after
Heap after GC invocations=5 (full 2):
 PSYoungGen      total 611840K, used 30614K [0x00000000d5580000, 0x0000000100000000, 0x0000000100000000)
  eden space 524800K, 0% used [0x00000000d5580000,0x00000000d5580000,0x00000000f5600000)
  from space 87040K, 35% used [0x00000000f5600000,0x00000000f73e59b8,0x00000000fab00000)
  to   space 87040K, 0% used [0x00000000fab00000,0x00000000fab00000,0x0000000100000000)
 ParOldGen       total 1398272K, used 23476K [0x0000000080000000, 0x00000000d5580000, 0x00000000d5580000)
  object space 1398272K, 1% used [0x0000000080000000,0x00000000816ed310,0x00000000d5580000)
 Metaspace       used 57497K, capacity 58906K, committed 59028K, reserved 1101824K
  class space    used 6659K, capacity 6907K, committed 6912K, reserved 1048576K
}
Event: 11.237 GC heap before
{Heap before GC invocations=6 (full 3):
 PSYoungGen      total 611840K, used 30614K [0x00000000d5580000, 0x0000000100000000, 0x0000000100000000)
  eden space 524800K, 0% used [0x00000000d5580000,0x00000000d5580000,0x00000000f5600000)
  from space 87040K, 35% used [0x00000000f5600000,0x00000000f73e59b8,0x00000000fab00000)
  to   space 87040K, 0% used [0x00000000fab00000,0x00000000fab00000,0x0000000100000000)
 ParOldGen       total 1398272K, used 23476K [0x0000000080000000, 0x00000000d5580000, 0x00000000d5580000)
  object space 1398272K, 1% used [0x0000000080000000,0x00000000816ed310,0x00000000d5580000)
 Metaspace       used 57497K, capacity 58906K, committed 59028K, reserved 1101824K
  class space    used 6659K, capacity 6907K, committed 6912K, reserved 1048576K
Event: 11.504 GC heap after
Heap after GC invocations=6 (full 3):
 PSYoungGen      total 611840K, used 0K [0x00000000d5580000, 0x0000000100000000, 0x0000000100000000)
  eden space 524800K, 0% used [0x00000000d5580000,0x00000000d5580000,0x00000000f5600000)
  from space 87040K, 0% used [0x00000000f5600000,0x00000000f5600000,0x00000000fab00000)
  to   space 87040K, 0% used [0x00000000fab00000,0x00000000fab00000,0x0000000100000000)
 ParOldGen       total 1398272K, used 41311K [0x0000000080000000, 0x00000000d5580000, 0x00000000d5580000)
  object space 1398272K, 2% used [0x0000000080000000,0x0000000082857c38,0x00000000d5580000)
 Metaspace       used 57468K, capacity 58834K, committed 59028K, reserved 1101824K
  class space    used 6649K, capacity 6889K, committed 6912K, reserved 1048576K
}
Event: 52.532 GC heap before
{Heap before GC invocations=7 (full 3):
 PSYoungGen      total 611840K, used 524800K [0x00000000d5580000, 0x0000000100000000, 0x0000000100000000)
  eden space 524800K, 100% used [0x00000000d5580000,0x00000000f5600000,0x00000000f5600000)
  from space 87040K, 0% used [0x00000000f5600000,0x00000000f5600000,0x00000000fab00000)
  to   space 87040K, 0% used [0x00000000fab00000,0x00000000fab00000,0x0000000100000000)
 ParOldGen       total 1398272K, used 41311K [0x0000000080000000, 0x00000000d5580000, 0x00000000d5580000)
  object space 1398272K, 2% used [0x0000000080000000,0x0000000082857c38,0x00000000d5580000)
 Metaspace       used 66526K, capacity 69366K, committed 69632K, reserved 1110016K
  class space    used 7595K, capacity 8075K, committed 8192K, reserved 1048576K
Event: 52.634 GC heap after
Heap after GC invocations=7 (full 3):
 PSYoungGen      total 611840K, used 43272K [0x00000000d5580000, 0x0000000100000000, 0x0000000100000000)
  eden space 524800K, 0% used [0x00000000d5580000,0x00000000d5580000,0x00000000f5600000)
  from space 87040K, 49% used [0x00000000fab00000,0x00000000fd5421c8,0x0000000100000000)
  to   space 87040K, 0% used [0x00000000f5600000,0x00000000f5600000,0x00000000fab00000)
 ParOldGen       total 1398272K, used 41319K [0x0000000080000000, 0x00000000d5580000, 0x00000000d5580000)
  object space 1398272K, 2% used [0x0000000080000000,0x0000000082859c38,0x00000000d5580000)
 Metaspace       used 66526K, capacity 69366K, committed 69632K, reserved 1110016K
  class space    used 7595K, capacity 8075K, committed 8192K, reserved 1048576K
}

