# JRE version: OpenJDK Runtime Environment (8.0_212-b04) (build 1.8.0_212-b04)
# Java VM: OpenJDK 64-Bit Server VM (25.212-b04 mixed mode linux-amd64 compressed oops)
Heap:
 PSYoungGen      total 611840K, used 456779K [0x00000000d5580000, 0x0000000100000000, 0x0000000100000000)
  eden space 524800K, 70% used [0x00000000d5580000,0x00000000ebe97a70,0x00000000f5600000)
  from space 87040K, 99% used [0x00000000f5600000,0x00000000faafb430,0x00000000fab00000)
  to   space 87040K, 0% used [0x00000000fab00000,0x00000000fab00000,0x0000000100000000)
 ParOldGen       total 1398272K, used 82391K [0x0000000080000000, 0x00000000d5580000, 0x00000000d5580000)
  object space 1398272K, 5% used [0x0000000080000000,0x0000000085075ed8,0x00000000d5580000)
 Metaspace       used 70786K, capacity 74444K, committed 74624K, reserved 1116160K
  class space    used 7880K, capacity 8494K, committed 8576K, reserved 1048576K
GC Heap History (10 events):
Event: 5.381 GC heap before
{Heap before GC invocations=4 (full 2):
 PSYoungGen      total 611840K, used 14227K [0x00000000d5580000, 0x0000000100000000, 0x0000000100000000)
  eden space 524800K, 0% used [0x00000000d5580000,0x00000000d5580000,0x00000000f5600000)
  from space 87040K, 16% used [0x00000000fab00000,0x00000000fb8e4e20,0x0000000100000000)
  to   space 87040K, 0% used [0x00000000f5600000,0x00000000f5600000,0x00000000fab00000)
 ParOldGen       total 840192K, used 18741K [0x0000000080000000, 0x00000000b3480000, 0x00000000d5580000)
  object space 840192K, 2% used [0x0000000080000000,0x000000008124d468,0x00000000b3480000)
 Metaspace       used 34754K, capacity 35154K, committed 35456K, reserved 1081344K
  class space    used 3966K, capacity 4101K, committed 4224K, reserved 1048576K
Event: 5.507 GC heap after
Heap after GC invocations=4 (full 2):
 PSYoungGen      total 611840K, used 0K [0x00000000d5580000, 0x0000000100000000, 0x0000000100000000)
  eden space 524800K, 0% used [0x00000000d5580000,0x00000000d5580000,0x00000000f5600000)
  from space 87040K, 0% used [0x00000000fab00000,0x00000000fab00000,0x0000000100000000)
  to   space 87040K, 0% used [0x00000000f5600000,0x00000000f5600000,0x00000000fab00000)
 ParOldGen       total 1392640K, used 22511K [0x0000000080000000, 0x00000000d5000000, 0x00000000d5580000)
  object space 1392640K, 1% used [0x0000000080000000,0x00000000815fbc38,0x00000000d5000000)
 Metaspace       used 34754K, capacity 35154K, committed 35456K, reserved 1081344K
  class space    used 3966K, capacity 4101K, committed 4224K, reserved 1048576K
}
Event: 10.896 GC heap before
{Heap before GC invocations=5 (full 2):
 PSYoungGen      total 611840K, used 524800K [0x00000000d5580000, 0x0000000100000000, 0x0000000100000000)
  eden space 524800K, 100% used [0x00000000d5580000,0x00000000f5600000,0x00000000f5600000)
  from space 87040K, 0% used [0x00000000fab00000,0x00000000fab00000,0x0000000100000000)
  to   space 87040K, 0% used [0x00000000f5600000,0x00000000f5600000,0x00000000fab00000)
 ParOldGen       total 1392640K, used 22511K [0x0000000080000000, 0x00000000d5000000, 0x00000000d5580000)
  object space 1392640K, 1% used [0x0000000080000000,0x00000000815fbc38,0x00000000d5000000)
 Metaspace       used 50647K, capacity 51816K, committed 52096K, reserved 1095680K
  class space    used 5960K, capacity 6194K, committed 6272K, reserved 1048576K
Event: 10.960 GC heap after
Heap after GC invocations=5 (full 2):
 PSYoungGen      total 611840K, used 23303K [0x00000000d5580000, 0x0000000100000000, 0x0000000100000000)
  eden space 524800K, 0% used [0x00000000d5580000,0x00000000d5580000,0x00000000f5600000)
  from space 87040K, 26% used [0x00000000f5600000,0x00000000f6cc1e58,0x00000000fab00000)
  to   space 87040K, 0% used [0x00000000fab00000,0x00000000fab00000,0x0000000100000000)
 ParOldGen       total 1392640K, used 22519K [0x0000000080000000, 0x00000000d5000000, 0x00000000d5580000)
  object space 1392640K, 1% used [0x0000000080000000,0x00000000815fdc38,0x00000000d5000000)
 Metaspace       used 50647K, capacity 51816K, committed 52096K, reserved 1095680K
  class space    used 5960K, capacity 6194K, committed 6272K, reserved 1048576K
}
Event: 11.869 GC heap before
{Heap before GC invocations=6 (full 2):
 PSYoungGen      total 611840K, used 158957K [0x00000000d5580000, 0x0000000100000000, 0x0000000100000000)
  eden space 524800K, 25% used [0x00000000d5580000,0x00000000dd9f9740,0x00000000f5600000)
  from space 87040K, 26% used [0x00000000f5600000,0x00000000f6cc1e58,0x00000000fab00000)
  to   space 87040K, 0% used [0x00000000fab00000,0x00000000fab00000,0x0000000100000000)
 ParOldGen       total 1392640K, used 22519K [0x0000000080000000, 0x00000000d5000000, 0x00000000d5580000)
  object space 1392640K, 1% used [0x0000000080000000,0x00000000815fdc38,0x00000000d5000000)
 Metaspace       used 57511K, capacity 59026K, committed 59096K, reserved 1101824K
  class space    used 6700K, capacity 6983K, committed 7040K, reserved 1048576K
Event: 11.910 GC heap after
Heap after GC invocations=6 (full 2):
 PSYoungGen      total 611840K, used 17325K [0x00000000d5580000, 0x0000000100000000, 0x0000000100000000)
  eden space 524800K, 0% used [0x00000000d5580000,0x00000000d5580000,0x00000000f5600000)
  from space 87040K, 19% used [0x00000000fab00000,0x00000000fbbeb618,0x0000000100000000)
  to   space 87040K, 0% used [0x00000000f5600000,0x00000000f5600000,0x00000000fab00000)
 ParOldGen       total 1392640K, used 22527K [0x0000000080000000, 0x00000000d5000000, 0x00000000d5580000)
  object space 1392640K, 1% used [0x0000000080000000,0x00000000815ffc38,0x00000000d5000000)
 Metaspace       used 57511K, capacity 59026K, committed 59096K, reserved 1101824K
  class space    used 6700K, capacity 6983K, committed 7040K, reserved 1048576K
}
Event: 11.910 GC heap before
{Heap before GC invocations=7 (full 3):
 PSYoungGen      total 611840K, used 17325K [0x00000000d5580000, 0x0000000100000000, 0x0000000100000000)
  eden space 524800K, 0% used [0x00000000d5580000,0x00000000d5580000,0x00000000f5600000)
  from space 87040K, 19% used [0x00000000fab00000,0x00000000fbbeb618,0x0000000100000000)
  to   space 87040K, 0% used [0x00000000f5600000,0x00000000f5600000,0x00000000fab00000)
 ParOldGen       total 1392640K, used 22527K [0x0000000080000000, 0x00000000d5000000, 0x00000000d5580000)
  object space 1392640K, 1% used [0x0000000080000000,0x00000000815ffc38,0x00000000d5000000)
 Metaspace       used 57511K, capacity 59026K, committed 59096K, reserved 1101824K
  class space    used 6700K, capacity 6983K, committed 7040K, reserved 1048576K
Event: 12.214 GC heap after
Heap after GC invocations=7 (full 3):
 PSYoungGen      total 611840K, used 0K [0x00000000d5580000, 0x0000000100000000, 0x0000000100000000)
  eden space 524800K, 0% used [0x00000000d5580000,0x00000000d5580000,0x00000000f5600000)
  from space 87040K, 0% used [0x00000000fab00000,0x00000000fab00000,0x0000000100000000)
  to   space 87040K, 0% used [0x00000000f5600000,0x00000000f5600000,0x00000000fab00000)
 ParOldGen       total 1398272K, used 29601K [0x0000000080000000, 0x00000000d5580000, 0x00000000d5580000)
  object space 1398272K, 2% used [0x0000000080000000,0x0000000081ce8430,0x00000000d5580000)
 Metaspace       used 57390K, capacity 58742K, committed 59096K, reserved 1101824K
  class space    used 6659K, capacity 6911K, committed 7040K, reserved 1048576K
}
Event: 25.559 GC heap before
{Heap before GC invocations=8 (full 3):
 PSYoungGen      total 611840K, used 518421K [0x00000000d5580000, 0x0000000100000000, 0x0000000100000000)
  eden space 524800K, 98% used [0x00000000d5580000,0x00000000f4fc5420,0x00000000f5600000)
  from space 87040K, 0% used [0x00000000fab00000,0x00000000fab00000,0x0000000100000000)
  to   space 87040K, 0% used [0x00000000f5600000,0x00000000f5600000,0x00000000fab00000)
 ParOldGen       total 1398272K, used 29601K [0x0000000080000000, 0x00000000d5580000, 0x00000000d5580000)
  object space 1398272K, 2% used [0x0000000080000000,0x0000000081ce8430,0x00000000d5580000)
 Metaspace       used 66651K, capacity 69904K, committed 70272K, reserved 1112064K
  class space    used 7639K, capacity 8204K, committed 8320K, reserved 1048576K
Event: 25.684 GC heap after
Heap after GC invocations=8 (full 3):
 PSYoungGen      total 611840K, used 87021K [0x00000000d5580000, 0x0000000100000000, 0x0000000100000000)
  eden space 524800K, 0% used [0x00000000d5580000,0x00000000d5580000,0x00000000f5600000)
  from space 87040K, 99% used [0x00000000f5600000,0x00000000faafb430,0x00000000fab00000)
  to   space 87040K, 0% used [0x00000000fab00000,0x00000000fab00000,0x0000000100000000)
 ParOldGen       total 1398272K, used 82391K [0x0000000080000000, 0x00000000d5580000, 0x00000000d5580000)
  object space 1398272K, 5% used [0x0000000080000000,0x0000000085075ed8,0x00000000d5580000)
 Metaspace       used 66651K, capacity 69904K, committed 70272K, reserved 1112064K
  class space    used 7639K, capacity 8204K, committed 8320K, reserved 1048576K
}

