# JRE version: OpenJDK Runtime Environment (8.0_212-b04) (build 1.8.0_212-b04)
# Java VM: OpenJDK 64-Bit Server VM (25.212-b04 mixed mode linux-amd64 compressed oops)
Heap:
 PSYoungGen      total 611840K, used 221699K [0x00000000d5580000, 0x0000000100000000, 0x0000000100000000)
  eden space 524800K, 42% used [0x00000000d5580000,0x00000000e2e00cb0,0x00000000f5600000)
  from space 87040K, 0% used [0x00000000fab00000,0x00000000fab00000,0x0000000100000000)
  to   space 87040K, 0% used [0x00000000f5600000,0x00000000f5600000,0x00000000fab00000)
 ParOldGen       total 1398272K, used 28749K [0x0000000080000000, 0x00000000d5580000, 0x00000000d5580000)
  object space 1398272K, 2% used [0x0000000080000000,0x0000000081c13470,0x00000000d5580000)
 Metaspace       used 63477K, capacity 66192K, committed 66304K, reserved 1107968K
  class space    used 7360K, capacity 7844K, committed 7936K, reserved 1048576K
GC Heap History (10 events):
Event: 5.085 GC heap before
{Heap before GC invocations=3 (full 1):
 PSYoungGen      total 611840K, used 462286K [0x00000000d5580000, 0x0000000100000000, 0x0000000100000000)
  eden space 524800K, 88% used [0x00000000d5580000,0x00000000f18f38b0,0x00000000f5600000)
  from space 87040K, 0% used [0x00000000f5600000,0x00000000f5600000,0x00000000fab00000)
  to   space 87040K, 0% used [0x00000000fab00000,0x00000000fab00000,0x0000000100000000)
 ParOldGen       total 884736K, used 14307K [0x0000000080000000, 0x00000000b6000000, 0x00000000d5580000)
  object space 884736K, 1% used [0x0000000080000000,0x0000000080df8de0,0x00000000b6000000)
 Metaspace       used 34709K, capacity 35092K, committed 35416K, reserved 1081344K
  class space    used 3952K, capacity 4060K, committed 4096K, reserved 1048576K
Event: 5.116 GC heap after
Heap after GC invocations=3 (full 1):
 PSYoungGen      total 611840K, used 19253K [0x00000000d5580000, 0x0000000100000000, 0x0000000100000000)
  eden space 524800K, 0% used [0x00000000d5580000,0x00000000d5580000,0x00000000f5600000)
  from space 87040K, 22% used [0x00000000fab00000,0x00000000fbdcd4f8,0x0000000100000000)
  to   space 87040K, 0% used [0x00000000f5600000,0x00000000f5600000,0x00000000fab00000)
 ParOldGen       total 884736K, used 14307K [0x0000000080000000, 0x00000000b6000000, 0x00000000d5580000)
  object space 884736K, 1% used [0x0000000080000000,0x0000000080df8de0,0x00000000b6000000)
 Metaspace       used 34709K, capacity 35092K, committed 35416K, reserved 1081344K
  class space    used 3952K, capacity 4060K, committed 4096K, reserved 1048576K
}
Event: 5.116 GC heap before
{Heap before GC invocations=4 (full 2):
 PSYoungGen      total 611840K, used 19253K [0x00000000d5580000, 0x0000000100000000, 0x0000000100000000)
  eden space 524800K, 0% used [0x00000000d5580000,0x00000000d5580000,0x00000000f5600000)
  from space 87040K, 22% used [0x00000000fab00000,0x00000000fbdcd4f8,0x0000000100000000)
  to   space 87040K, 0% used [0x00000000f5600000,0x00000000f5600000,0x00000000fab00000)
 ParOldGen       total 884736K, used 14307K [0x0000000080000000, 0x00000000b6000000, 0x00000000d5580000)
  object space 884736K, 1% used [0x0000000080000000,0x0000000080df8de0,0x00000000b6000000)
 Metaspace       used 34709K, capacity 35092K, committed 35416K, reserved 1081344K
  class space    used 3952K, capacity 4060K, committed 4096K, reserved 1048576K
Event: 5.246 GC heap after
Heap after GC invocations=4 (full 2):
 PSYoungGen      total 611840K, used 0K [0x00000000d5580000, 0x0000000100000000, 0x0000000100000000)
  eden space 524800K, 0% used [0x00000000d5580000,0x00000000d5580000,0x00000000f5600000)
  from space 87040K, 0% used [0x00000000fab00000,0x00000000fab00000,0x0000000100000000)
  to   space 87040K, 0% used [0x00000000f5600000,0x00000000f5600000,0x00000000fab00000)
 ParOldGen       total 1398272K, used 23739K [0x0000000080000000, 0x00000000d5580000, 0x00000000d5580000)
  object space 1398272K, 1% used [0x0000000080000000,0x000000008172ee20,0x00000000d5580000)
 Metaspace       used 34709K, capacity 35092K, committed 35416K, reserved 1081344K
  class space    used 3952K, capacity 4060K, committed 4096K, reserved 1048576K
}
Event: 11.493 GC heap before
{Heap before GC invocations=5 (full 2):
 PSYoungGen      total 611840K, used 524800K [0x00000000d5580000, 0x0000000100000000, 0x0000000100000000)
  eden space 524800K, 100% used [0x00000000d5580000,0x00000000f5600000,0x00000000f5600000)
  from space 87040K, 0% used [0x00000000fab00000,0x00000000fab00000,0x0000000100000000)
  to   space 87040K, 0% used [0x00000000f5600000,0x00000000f5600000,0x00000000fab00000)
 ParOldGen       total 1398272K, used 23739K [0x0000000080000000, 0x00000000d5580000, 0x00000000d5580000)
  object space 1398272K, 1% used [0x0000000080000000,0x000000008172ee20,0x00000000d5580000)
 Metaspace       used 52431K, capacity 53850K, committed 54144K, reserved 1097728K
  class space    used 6157K, capacity 6407K, committed 6528K, reserved 1048576K
Event: 11.541 GC heap after
Heap after GC invocations=5 (full 2):
 PSYoungGen      total 611840K, used 24586K [0x00000000d5580000, 0x0000000100000000, 0x0000000100000000)
  eden space 524800K, 0% used [0x00000000d5580000,0x00000000d5580000,0x00000000f5600000)
  from space 87040K, 28% used [0x00000000f5600000,0x00000000f6e02910,0x00000000fab00000)
  to   space 87040K, 0% used [0x00000000fab00000,0x00000000fab00000,0x0000000100000000)
 ParOldGen       total 1398272K, used 23747K [0x0000000080000000, 0x00000000d5580000, 0x00000000d5580000)
  object space 1398272K, 1% used [0x0000000080000000,0x0000000081730e20,0x00000000d5580000)
 Metaspace       used 52431K, capacity 53850K, committed 54144K, reserved 1097728K
  class space    used 6157K, capacity 6407K, committed 6528K, reserved 1048576K
}
Event: 12.315 GC heap before
{Heap before GC invocations=6 (full 2):
 PSYoungGen      total 611840K, used 197305K [0x00000000d5580000, 0x0000000100000000, 0x0000000100000000)
  eden space 524800K, 32% used [0x00000000d5580000,0x00000000dfe2bbc0,0x00000000f5600000)
  from space 87040K, 28% used [0x00000000f5600000,0x00000000f6e02910,0x00000000fab00000)
  to   space 87040K, 0% used [0x00000000fab00000,0x00000000fab00000,0x0000000100000000)
 ParOldGen       total 1398272K, used 23747K [0x0000000080000000, 0x00000000d5580000, 0x00000000d5580000)
  object space 1398272K, 1% used [0x0000000080000000,0x0000000081730e20,0x00000000d5580000)
 Metaspace       used 57450K, capacity 58832K, committed 59008K, reserved 1101824K
  class space    used 6643K, capacity 6930K, committed 7040K, reserved 1048576K
Event: 12.348 GC heap after
Heap after GC invocations=6 (full 2):
 PSYoungGen      total 611840K, used 16902K [0x00000000d5580000, 0x0000000100000000, 0x0000000100000000)
  eden space 524800K, 0% used [0x00000000d5580000,0x00000000d5580000,0x00000000f5600000)
  from space 87040K, 19% used [0x00000000fab00000,0x00000000fbb81890,0x0000000100000000)
  to   space 87040K, 0% used [0x00000000f5600000,0x00000000f5600000,0x00000000fab00000)
 ParOldGen       total 1398272K, used 23755K [0x0000000080000000, 0x00000000d5580000, 0x00000000d5580000)
  object space 1398272K, 1% used [0x0000000080000000,0x0000000081732e20,0x00000000d5580000)
 Metaspace       used 57450K, capacity 58832K, committed 59008K, reserved 1101824K
  class space    used 6643K, capacity 6930K, committed 7040K, reserved 1048576K
}
Event: 12.348 GC heap before
{Heap before GC invocations=7 (full 3):
 PSYoungGen      total 611840K, used 16902K [0x00000000d5580000, 0x0000000100000000, 0x0000000100000000)
  eden space 524800K, 0% used [0x00000000d5580000,0x00000000d5580000,0x00000000f5600000)
  from space 87040K, 19% used [0x00000000fab00000,0x00000000fbb81890,0x0000000100000000)
  to   space 87040K, 0% used [0x00000000f5600000,0x00000000f5600000,0x00000000fab00000)
 ParOldGen       total 1398272K, used 23755K [0x0000000080000000, 0x00000000d5580000, 0x00000000d5580000)
  object space 1398272K, 1% used [0x0000000080000000,0x0000000081732e20,0x00000000d5580000)
 Metaspace       used 57450K, capacity 58832K, committed 59008K, reserved 1101824K
  class space    used 6643K, capacity 6930K, committed 7040K, reserved 1048576K
Event: 12.626 GC heap after
Heap after GC invocations=7 (full 3):
 PSYoungGen      total 611840K, used 0K [0x00000000d5580000, 0x0000000100000000, 0x0000000100000000)
  eden space 524800K, 0% used [0x00000000d5580000,0x00000000d5580000,0x00000000f5600000)
  from space 87040K, 0% used [0x00000000fab00000,0x00000000fab00000,0x0000000100000000)
  to   space 87040K, 0% used [0x00000000f5600000,0x00000000f5600000,0x00000000fab00000)
 ParOldGen       total 1398272K, used 28749K [0x0000000080000000, 0x00000000d5580000, 0x00000000d5580000)
  object space 1398272K, 2% used [0x0000000080000000,0x0000000081c13470,0x00000000d5580000)
 Metaspace       used 57420K, capacity 58760K, committed 59008K, reserved 1101824K
  class space    used 6632K, capacity 6912K, committed 7040K, reserved 1048576K
}

