# JRE version: OpenJDK Runtime Environment (8.0_212-b04) (build 1.8.0_212-b04)
# Java VM: OpenJDK 64-Bit Server VM (25.212-b04 mixed mode linux-amd64 compressed oops)
Heap:
 PSYoungGen      total 611840K, used 426571K [0x00000000d5580000, 0x0000000100000000, 0x0000000100000000)
  eden space 524800K, 81% used [0x00000000d5580000,0x00000000ef612fa8,0x00000000f5600000)
  from space 87040K, 0% used [0x00000000fab00000,0x00000000fab00000,0x0000000100000000)
  to   space 87040K, 0% used [0x00000000f5600000,0x00000000f5600000,0x00000000fab00000)
 ParOldGen       total 1398272K, used 33800K [0x0000000080000000, 0x00000000d5580000, 0x00000000d5580000)
  object space 1398272K, 2% used [0x0000000080000000,0x0000000082102110,0x00000000d5580000)
 Metaspace       used 65016K, capacity 67430K, committed 67712K, reserved 1110016K
  class space    used 7365K, capacity 7801K, committed 7808K, reserved 1048576K
GC Heap History (10 events):
Event: 4.518 GC heap before
{Heap before GC invocations=3 (full 1):
 PSYoungGen      total 611840K, used 434547K [0x00000000d5580000, 0x0000000100000000, 0x0000000100000000)
  eden space 524800K, 82% used [0x00000000d5580000,0x00000000efddce08,0x00000000f5600000)
  from space 87040K, 0% used [0x00000000f5600000,0x00000000f5600000,0x00000000fab00000)
  to   space 87040K, 0% used [0x00000000fab00000,0x00000000fab00000,0x0000000100000000)
 ParOldGen       total 869888K, used 13758K [0x0000000080000000, 0x00000000b5180000, 0x00000000d5580000)
  object space 869888K, 1% used [0x0000000080000000,0x0000000080d6fa10,0x00000000b5180000)
 Metaspace       used 34742K, capacity 35092K, committed 35416K, reserved 1081344K
  class space    used 3969K, capacity 4060K, committed 4096K, reserved 1048576K
Event: 4.562 GC heap after
Heap after GC invocations=3 (full 1):
 PSYoungGen      total 611840K, used 19203K [0x00000000d5580000, 0x0000000100000000, 0x0000000100000000)
  eden space 524800K, 0% used [0x00000000d5580000,0x00000000d5580000,0x00000000f5600000)
  from space 87040K, 22% used [0x00000000fab00000,0x00000000fbdc0fd0,0x0000000100000000)
  to   space 87040K, 0% used [0x00000000f5600000,0x00000000f5600000,0x00000000fab00000)
 ParOldGen       total 869888K, used 13758K [0x0000000080000000, 0x00000000b5180000, 0x00000000d5580000)
  object space 869888K, 1% used [0x0000000080000000,0x0000000080d6fa10,0x00000000b5180000)
 Metaspace       used 34742K, capacity 35092K, committed 35416K, reserved 1081344K
  class space    used 3969K, capacity 4060K, committed 4096K, reserved 1048576K
}
Event: 4.562 GC heap before
{Heap before GC invocations=4 (full 2):
 PSYoungGen      total 611840K, used 19203K [0x00000000d5580000, 0x0000000100000000, 0x0000000100000000)
  eden space 524800K, 0% used [0x00000000d5580000,0x00000000d5580000,0x00000000f5600000)
  from space 87040K, 22% used [0x00000000fab00000,0x00000000fbdc0fd0,0x0000000100000000)
  to   space 87040K, 0% used [0x00000000f5600000,0x00000000f5600000,0x00000000fab00000)
 ParOldGen       total 869888K, used 13758K [0x0000000080000000, 0x00000000b5180000, 0x00000000d5580000)
  object space 869888K, 1% used [0x0000000080000000,0x0000000080d6fa10,0x00000000b5180000)
 Metaspace       used 34742K, capacity 35092K, committed 35416K, reserved 1081344K
  class space    used 3969K, capacity 4060K, committed 4096K, reserved 1048576K
Event: 4.681 GC heap after
Heap after GC invocations=4 (full 2):
 PSYoungGen      total 611840K, used 0K [0x00000000d5580000, 0x0000000100000000, 0x0000000100000000)
  eden space 524800K, 0% used [0x00000000d5580000,0x00000000d5580000,0x00000000f5600000)
  from space 87040K, 0% used [0x00000000fab00000,0x00000000fab00000,0x0000000100000000)
  to   space 87040K, 0% used [0x00000000f5600000,0x00000000f5600000,0x00000000fab00000)
 ParOldGen       total 1398272K, used 23581K [0x0000000080000000, 0x00000000d5580000, 0x00000000d5580000)
  object space 1398272K, 1% used [0x0000000080000000,0x0000000081707688,0x00000000d5580000)
 Metaspace       used 34742K, capacity 35092K, committed 35416K, reserved 1081344K
  class space    used 3969K, capacity 4060K, committed 4096K, reserved 1048576K
}
Event: 10.969 GC heap before
{Heap before GC invocations=5 (full 2):
 PSYoungGen      total 611840K, used 524800K [0x00000000d5580000, 0x0000000100000000, 0x0000000100000000)
  eden space 524800K, 100% used [0x00000000d5580000,0x00000000f5600000,0x00000000f5600000)
  from space 87040K, 0% used [0x00000000fab00000,0x00000000fab00000,0x0000000100000000)
  to   space 87040K, 0% used [0x00000000f5600000,0x00000000f5600000,0x00000000fab00000)
 ParOldGen       total 1398272K, used 23581K [0x0000000080000000, 0x00000000d5580000, 0x00000000d5580000)
  object space 1398272K, 1% used [0x0000000080000000,0x0000000081707688,0x00000000d5580000)
 Metaspace       used 51218K, capacity 52606K, committed 52736K, reserved 1095680K
  class space    used 6039K, capacity 6283K, committed 6400K, reserved 1048576K
Event: 11.028 GC heap after
Heap after GC invocations=5 (full 2):
 PSYoungGen      total 611840K, used 24814K [0x00000000d5580000, 0x0000000100000000, 0x0000000100000000)
  eden space 524800K, 0% used [0x00000000d5580000,0x00000000d5580000,0x00000000f5600000)
  from space 87040K, 28% used [0x00000000f5600000,0x00000000f6e3bbe8,0x00000000fab00000)
  to   space 87040K, 0% used [0x00000000fab00000,0x00000000fab00000,0x0000000100000000)
 ParOldGen       total 1398272K, used 23589K [0x0000000080000000, 0x00000000d5580000, 0x00000000d5580000)
  object space 1398272K, 1% used [0x0000000080000000,0x0000000081709688,0x00000000d5580000)
 Metaspace       used 51218K, capacity 52606K, committed 52736K, reserved 1095680K
  class space    used 6039K, capacity 6283K, committed 6400K, reserved 1048576K
}
Event: 12.157 GC heap before
{Heap before GC invocations=6 (full 2):
 PSYoungGen      total 611840K, used 173601K [0x00000000d5580000, 0x0000000100000000, 0x0000000100000000)
  eden space 524800K, 28% used [0x00000000d5580000,0x00000000de6ccab8,0x00000000f5600000)
  from space 87040K, 28% used [0x00000000f5600000,0x00000000f6e3bbe8,0x00000000fab00000)
  to   space 87040K, 0% used [0x00000000fab00000,0x00000000fab00000,0x0000000100000000)
 ParOldGen       total 1398272K, used 23589K [0x0000000080000000, 0x00000000d5580000, 0x00000000d5580000)
  object space 1398272K, 1% used [0x0000000080000000,0x0000000081709688,0x00000000d5580000)
 Metaspace       used 57206K, capacity 58906K, committed 59008K, reserved 1101824K
  class space    used 6628K, capacity 6943K, committed 7040K, reserved 1048576K
Event: 12.201 GC heap after
Heap after GC invocations=6 (full 2):
 PSYoungGen      total 611840K, used 22387K [0x00000000d5580000, 0x0000000100000000, 0x0000000100000000)
  eden space 524800K, 0% used [0x00000000d5580000,0x00000000d5580000,0x00000000f5600000)
  from space 87040K, 25% used [0x00000000fab00000,0x00000000fc0dcdc0,0x0000000100000000)
  to   space 87040K, 0% used [0x00000000f5600000,0x00000000f5600000,0x00000000fab00000)
 ParOldGen       total 1398272K, used 23597K [0x0000000080000000, 0x00000000d5580000, 0x00000000d5580000)
  object space 1398272K, 1% used [0x0000000080000000,0x000000008170b688,0x00000000d5580000)
 Metaspace       used 57206K, capacity 58906K, committed 59008K, reserved 1101824K
  class space    used 6628K, capacity 6943K, committed 7040K, reserved 1048576K
}
Event: 12.201 GC heap before
{Heap before GC invocations=7 (full 3):
 PSYoungGen      total 611840K, used 22387K [0x00000000d5580000, 0x0000000100000000, 0x0000000100000000)
  eden space 524800K, 0% used [0x00000000d5580000,0x00000000d5580000,0x00000000f5600000)
  from space 87040K, 25% used [0x00000000fab00000,0x00000000fc0dcdc0,0x0000000100000000)
  to   space 87040K, 0% used [0x00000000f5600000,0x00000000f5600000,0x00000000fab00000)
 ParOldGen       total 1398272K, used 23597K [0x0000000080000000, 0x00000000d5580000, 0x00000000d5580000)
  object space 1398272K, 1% used [0x0000000080000000,0x000000008170b688,0x00000000d5580000)
 Metaspace       used 57206K, capacity 58906K, committed 59008K, reserved 1101824K
  class space    used 6628K, capacity 6943K, committed 7040K, reserved 1048576K
Event: 12.498 GC heap after
Heap after GC invocations=7 (full 3):
 PSYoungGen      total 611840K, used 0K [0x00000000d5580000, 0x0000000100000000, 0x0000000100000000)
  eden space 524800K, 0% used [0x00000000d5580000,0x00000000d5580000,0x00000000f5600000)
  from space 87040K, 0% used [0x00000000fab00000,0x00000000fab00000,0x0000000100000000)
  to   space 87040K, 0% used [0x00000000f5600000,0x00000000f5600000,0x00000000fab00000)
 ParOldGen       total 1398272K, used 33800K [0x0000000080000000, 0x00000000d5580000, 0x00000000d5580000)
  object space 1398272K, 2% used [0x0000000080000000,0x0000000082102110,0x00000000d5580000)
 Metaspace       used 57099K, capacity 58606K, committed 59008K, reserved 1101824K
  class space    used 6590K, capacity 6877K, committed 7040K, reserved 1048576K
}

