# JRE version: OpenJDK Runtime Environment (8.0_212-b04) (build 1.8.0_212-b04)
# Java VM: OpenJDK 64-Bit Server VM (25.212-b04 mixed mode linux-amd64 compressed oops)
Heap:
 PSYoungGen      total 592896K, used 208633K [0x00000000d5580000, 0x00000000ffc00000, 0x0000000100000000)
  eden space 514560K, 27% used [0x00000000d5580000,0x00000000ddf44ee0,0x00000000f4c00000)
  from space 78336K, 86% used [0x00000000fa280000,0x00000000fe479758,0x00000000fef00000)
  to   space 88576K, 0% used [0x00000000f4c00000,0x00000000f4c00000,0x00000000fa280000)
 ParOldGen       total 1398272K, used 40932K [0x0000000080000000, 0x00000000d5580000, 0x00000000d5580000)
  object space 1398272K, 2% used [0x0000000080000000,0x00000000827f93d0,0x00000000d5580000)
 Metaspace       used 67967K, capacity 70852K, committed 71040K, reserved 1112064K
  class space    used 7512K, capacity 8014K, committed 8064K, reserved 1048576K
GC Heap History (10 events):
Event: 11.196 GC heap before
{Heap before GC invocations=5 (full 2):
 PSYoungGen      total 611840K, used 390833K [0x00000000d5580000, 0x0000000100000000, 0x0000000100000000)
  eden space 524800K, 74% used [0x00000000d5580000,0x00000000ed32c710,0x00000000f5600000)
  from space 87040K, 0% used [0x00000000fab00000,0x00000000fab00000,0x0000000100000000)
  to   space 87040K, 0% used [0x00000000f5600000,0x00000000f5600000,0x00000000fab00000)
 ParOldGen       total 1398272K, used 23591K [0x0000000080000000, 0x00000000d5580000, 0x00000000d5580000)
  object space 1398272K, 1% used [0x0000000080000000,0x0000000081709fd0,0x00000000d5580000)
 Metaspace       used 57445K, capacity 58900K, committed 59008K, reserved 1101824K
  class space    used 6676K, capacity 6952K, committed 7040K, reserved 1048576K
Event: 11.261 GC heap after
Heap after GC invocations=5 (full 2):
 PSYoungGen      total 611840K, used 30350K [0x00000000d5580000, 0x0000000100000000, 0x0000000100000000)
  eden space 524800K, 0% used [0x00000000d5580000,0x00000000d5580000,0x00000000f5600000)
  from space 87040K, 34% used [0x00000000f5600000,0x00000000f73a3a40,0x00000000fab00000)
  to   space 87040K, 0% used [0x00000000fab00000,0x00000000fab00000,0x0000000100000000)
 ParOldGen       total 1398272K, used 23599K [0x0000000080000000, 0x00000000d5580000, 0x00000000d5580000)
  object space 1398272K, 1% used [0x0000000080000000,0x000000008170bfd0,0x00000000d5580000)
 Metaspace       used 57445K, capacity 58900K, committed 59008K, reserved 1101824K
  class space    used 6676K, capacity 6952K, committed 7040K, reserved 1048576K
}
Event: 11.261 GC heap before
{Heap before GC invocations=6 (full 3):
 PSYoungGen      total 611840K, used 30350K [0x00000000d5580000, 0x0000000100000000, 0x0000000100000000)
  eden space 524800K, 0% used [0x00000000d5580000,0x00000000d5580000,0x00000000f5600000)
  from space 87040K, 34% used [0x00000000f5600000,0x00000000f73a3a40,0x00000000fab00000)
  to   space 87040K, 0% used [0x00000000fab00000,0x00000000fab00000,0x0000000100000000)
 ParOldGen       total 1398272K, used 23599K [0x0000000080000000, 0x00000000d5580000, 0x00000000d5580000)
  object space 1398272K, 1% used [0x0000000080000000,0x000000008170bfd0,0x00000000d5580000)
 Metaspace       used 57445K, capacity 58900K, committed 59008K, reserved 1101824K
  class space    used 6676K, capacity 6952K, committed 7040K, reserved 1048576K
Event: 11.536 GC heap after
Heap after GC invocations=6 (full 3):
 PSYoungGen      total 611840K, used 0K [0x00000000d5580000, 0x0000000100000000, 0x0000000100000000)
  eden space 524800K, 0% used [0x00000000d5580000,0x00000000d5580000,0x00000000f5600000)
  from space 87040K, 0% used [0x00000000f5600000,0x00000000f5600000,0x00000000fab00000)
  to   space 87040K, 0% used [0x00000000fab00000,0x00000000fab00000,0x0000000100000000)
 ParOldGen       total 1398272K, used 40908K [0x0000000080000000, 0x00000000d5580000, 0x00000000d5580000)
  object space 1398272K, 2% used [0x0000000080000000,0x00000000827f33d0,0x00000000d5580000)
 Metaspace       used 57421K, capacity 58842K, committed 59008K, reserved 1101824K
  class space    used 6667K, capacity 6937K, committed 7040K, reserved 1048576K
}
Event: 172.534 GC heap before
{Heap before GC invocations=7 (full 3):
 PSYoungGen      total 611840K, used 524800K [0x00000000d5580000, 0x0000000100000000, 0x0000000100000000)
  eden space 524800K, 100% used [0x00000000d5580000,0x00000000f5600000,0x00000000f5600000)
  from space 87040K, 0% used [0x00000000f5600000,0x00000000f5600000,0x00000000fab00000)
  to   space 87040K, 0% used [0x00000000fab00000,0x00000000fab00000,0x0000000100000000)
 ParOldGen       total 1398272K, used 40908K [0x0000000080000000, 0x00000000d5580000, 0x00000000d5580000)
  object space 1398272K, 2% used [0x0000000080000000,0x00000000827f33d0,0x00000000d5580000)
 Metaspace       used 66243K, capacity 68866K, committed 68992K, reserved 1110016K
  class space    used 7483K, capacity 7941K, committed 8064K, reserved 1048576K
Event: 172.671 GC heap after
Heap after GC invocations=7 (full 3):
 PSYoungGen      total 611840K, used 58702K [0x00000000d5580000, 0x0000000100000000, 0x0000000100000000)
  eden space 524800K, 0% used [0x00000000d5580000,0x00000000d5580000,0x00000000f5600000)
  from space 87040K, 67% used [0x00000000fab00000,0x00000000fe453ba8,0x0000000100000000)
  to   space 87040K, 0% used [0x00000000f5600000,0x00000000f5600000,0x00000000fab00000)
 ParOldGen       total 1398272K, used 40916K [0x0000000080000000, 0x00000000d5580000, 0x00000000d5580000)
  object space 1398272K, 2% used [0x0000000080000000,0x00000000827f53d0,0x00000000d5580000)
 Metaspace       used 66243K, capacity 68866K, committed 68992K, reserved 1110016K
  class space    used 7483K, capacity 7941K, committed 8064K, reserved 1048576K
}
Event: 366.105 GC heap before
{Heap before GC invocations=8 (full 3):
 PSYoungGen      total 611840K, used 583502K [0x00000000d5580000, 0x0000000100000000, 0x0000000100000000)
  eden space 524800K, 100% used [0x00000000d5580000,0x00000000f5600000,0x00000000f5600000)
  from space 87040K, 67% used [0x00000000fab00000,0x00000000fe453ba8,0x0000000100000000)
  to   space 87040K, 0% used [0x00000000f5600000,0x00000000f5600000,0x00000000fab00000)
 ParOldGen       total 1398272K, used 40916K [0x0000000080000000, 0x00000000d5580000, 0x00000000d5580000)
  object space 1398272K, 2% used [0x0000000080000000,0x00000000827f53d0,0x00000000d5580000)
 Metaspace       used 67263K, capacity 70060K, committed 70272K, reserved 1112064K
  class space    used 7507K, capacity 8012K, committed 8064K, reserved 1048576K
Event: 366.272 GC heap after
Heap after GC invocations=8 (full 3):
 PSYoungGen      total 590336K, used 65298K [0x00000000d5580000, 0x00000000fef00000, 0x0000000100000000)
  eden space 524800K, 0% used [0x00000000d5580000,0x00000000d5580000,0x00000000f5600000)
  from space 65536K, 99% used [0x00000000f5600000,0x00000000f95c4928,0x00000000f9600000)
  to   space 78336K, 0% used [0x00000000fa280000,0x00000000fa280000,0x00000000fef00000)
 ParOldGen       total 1398272K, used 40924K [0x0000000080000000, 0x00000000d5580000, 0x00000000d5580000)
  object space 1398272K, 2% used [0x0000000080000000,0x00000000827f73d0,0x00000000d5580000)
 Metaspace       used 67263K, capacity 70060K, committed 70272K, reserved 1112064K
  class space    used 7507K, capacity 8012K, committed 8064K, reserved 1048576K
}
Event: 542.580 GC heap before
{Heap before GC invocations=9 (full 3):
 PSYoungGen      total 590336K, used 590098K [0x00000000d5580000, 0x00000000fef00000, 0x0000000100000000)
  eden space 524800K, 100% used [0x00000000d5580000,0x00000000f5600000,0x00000000f5600000)
  from space 65536K, 99% used [0x00000000f5600000,0x00000000f95c4928,0x00000000f9600000)
  to   space 78336K, 0% used [0x00000000fa280000,0x00000000fa280000,0x00000000fef00000)
 ParOldGen       total 1398272K, used 40924K [0x0000000080000000, 0x00000000d5580000, 0x00000000d5580000)
  object space 1398272K, 2% used [0x0000000080000000,0x00000000827f73d0,0x00000000d5580000)
 Metaspace       used 67827K, capacity 70716K, committed 70784K, reserved 1112064K
  class space    used 7508K, capacity 8014K, committed 8064K, reserved 1048576K
Event: 542.730 GC heap after
Heap after GC invocations=9 (full 3):
 PSYoungGen      total 592896K, used 67557K [0x00000000d5580000, 0x00000000ffc00000, 0x0000000100000000)
  eden space 514560K, 0% used [0x00000000d5580000,0x00000000d5580000,0x00000000f4c00000)
  from space 78336K, 86% used [0x00000000fa280000,0x00000000fe479758,0x00000000fef00000)
  to   space 88576K, 0% used [0x00000000f4c00000,0x00000000f4c00000,0x00000000fa280000)
 ParOldGen       total 1398272K, used 40932K [0x0000000080000000, 0x00000000d5580000, 0x00000000d5580000)
  object space 1398272K, 2% used [0x0000000080000000,0x00000000827f93d0,0x00000000d5580000)
 Metaspace       used 67827K, capacity 70716K, committed 70784K, reserved 1112064K
  class space    used 7508K, capacity 8014K, committed 8064K, reserved 1048576K
}

