# JRE version: OpenJDK Runtime Environment (8.0_212-b04) (build 1.8.0_212-b04)
# Java VM: OpenJDK 64-Bit Server VM (25.212-b04 mixed mode linux-amd64 compressed oops)
Heap:
 PSYoungGen      total 563712K, used 378420K [0x00000000d5580000, 0x0000000100000000, 0x0000000100000000)
  eden space 439808K, 66% used [0x00000000d5580000,0x00000000e717c388,0x00000000f0300000)
  from space 123904K, 70% used [0x00000000f8700000,0x00000000fdc91068,0x0000000100000000)
  to   space 129536K, 0% used [0x00000000f0300000,0x00000000f0300000,0x00000000f8180000)
 ParOldGen       total 1398272K, used 65066K [0x0000000080000000, 0x00000000d5580000, 0x00000000d5580000)
  object space 1398272K, 4% used [0x0000000080000000,0x0000000083f8a920,0x00000000d5580000)
 Metaspace       used 71092K, capacity 74380K, committed 74496K, reserved 1116160K
  class space    used 7775K, capacity 8360K, committed 8448K, reserved 1048576K
GC Heap History (10 events):
Event: 235.631 GC heap before
{Heap before GC invocations=9 (full 3):
 PSYoungGen      total 597504K, used 597067K [0x00000000d5580000, 0x00000000fcc00000, 0x0000000100000000)
  eden space 524800K, 100% used [0x00000000d5580000,0x00000000f5600000,0x00000000f5600000)
  from space 72704K, 99% used [0x00000000f5600000,0x00000000f9c92f40,0x00000000f9d00000)
  to   space 48128K, 0% used [0x00000000f9d00000,0x00000000f9d00000,0x00000000fcc00000)
 ParOldGen       total 1398272K, used 29341K [0x0000000080000000, 0x00000000d5580000, 0x00000000d5580000)
  object space 1398272K, 2% used [0x0000000080000000,0x0000000081ca77f8,0x00000000d5580000)
 Metaspace       used 68677K, capacity 71706K, committed 71808K, reserved 1112064K
  class space    used 7706K, capacity 8227K, committed 8320K, reserved 1048576K
Event: 235.788 GC heap after
Heap after GC invocations=9 (full 3):
 PSYoungGen      total 561664K, used 48119K [0x00000000d5580000, 0x0000000100000000, 0x0000000100000000)
  eden space 513536K, 0% used [0x00000000d5580000,0x00000000d5580000,0x00000000f4b00000)
  from space 48128K, 99% used [0x00000000f9d00000,0x00000000fcbfddf8,0x00000000fcc00000)
  to   space 83968K, 0% used [0x00000000f4b00000,0x00000000f4b00000,0x00000000f9d00000)
 ParOldGen       total 1398272K, used 61162K [0x0000000080000000, 0x00000000d5580000, 0x00000000d5580000)
  object space 1398272K, 4% used [0x0000000080000000,0x0000000083bba920,0x00000000d5580000)
 Metaspace       used 68677K, capacity 71706K, committed 71808K, reserved 1112064K
  class space    used 7706K, capacity 8227K, committed 8320K, reserved 1048576K
}
Event: 372.692 GC heap before
{Heap before GC invocations=10 (full 3):
 PSYoungGen      total 561664K, used 561655K [0x00000000d5580000, 0x0000000100000000, 0x0000000100000000)
  eden space 513536K, 100% used [0x00000000d5580000,0x00000000f4b00000,0x00000000f4b00000)
  from space 48128K, 99% used [0x00000000f9d00000,0x00000000fcbfddf8,0x00000000fcc00000)
  to   space 83968K, 0% used [0x00000000f4b00000,0x00000000f4b00000,0x00000000f9d00000)
 ParOldGen       total 1398272K, used 61162K [0x0000000080000000, 0x00000000d5580000, 0x00000000d5580000)
  object space 1398272K, 4% used [0x0000000080000000,0x0000000083bba920,0x00000000d5580000)
 Metaspace       used 69538K, capacity 72680K, committed 72832K, reserved 1114112K
  class space    used 7735K, capacity 8294K, committed 8320K, reserved 1048576K
Event: 372.808 GC heap after
Heap after GC invocations=10 (full 3):
 PSYoungGen      total 597504K, used 83941K [0x00000000d5580000, 0x0000000100000000, 0x0000000100000000)
  eden space 513536K, 0% used [0x00000000d5580000,0x00000000d5580000,0x00000000f4b00000)
  from space 83968K, 99% used [0x00000000f4b00000,0x00000000f9cf9740,0x00000000f9d00000)
  to   space 101376K, 0% used [0x00000000f9d00000,0x00000000f9d00000,0x0000000100000000)
 ParOldGen       total 1398272K, used 65042K [0x0000000080000000, 0x00000000d5580000, 0x00000000d5580000)
  object space 1398272K, 4% used [0x0000000080000000,0x0000000083f84920,0x00000000d5580000)
 Metaspace       used 69538K, capacity 72680K, committed 72832K, reserved 1114112K
  class space    used 7735K, capacity 8294K, committed 8320K, reserved 1048576K
}
Event: 512.585 GC heap before
{Heap before GC invocations=11 (full 3):
 PSYoungGen      total 597504K, used 597477K [0x00000000d5580000, 0x0000000100000000, 0x0000000100000000)
  eden space 513536K, 100% used [0x00000000d5580000,0x00000000f4b00000,0x00000000f4b00000)
  from space 83968K, 99% used [0x00000000f4b00000,0x00000000f9cf9740,0x00000000f9d00000)
  to   space 101376K, 0% used [0x00000000f9d00000,0x00000000f9d00000,0x0000000100000000)
 ParOldGen       total 1398272K, used 65042K [0x0000000080000000, 0x00000000d5580000, 0x00000000d5580000)
  object space 1398272K, 4% used [0x0000000080000000,0x0000000083f84920,0x00000000d5580000)
 Metaspace       used 70030K, capacity 73202K, committed 73344K, reserved 1114112K
  class space    used 7737K, capacity 8297K, committed 8320K, reserved 1048576K
Event: 512.741 GC heap after
Heap after GC invocations=11 (full 3):
 PSYoungGen      total 572928K, used 86116K [0x00000000d5580000, 0x0000000100000000, 0x0000000100000000)
  eden space 471552K, 0% used [0x00000000d5580000,0x00000000d5580000,0x00000000f2200000)
  from space 101376K, 84% used [0x00000000f9d00000,0x00000000ff119038,0x0000000100000000)
  to   space 113664K, 0% used [0x00000000f2200000,0x00000000f2200000,0x00000000f9100000)
 ParOldGen       total 1398272K, used 65050K [0x0000000080000000, 0x00000000d5580000, 0x00000000d5580000)
  object space 1398272K, 4% used [0x0000000080000000,0x0000000083f86920,0x00000000d5580000)
 Metaspace       used 70030K, capacity 73202K, committed 73344K, reserved 1114112K
  class space    used 7737K, capacity 8297K, committed 8320K, reserved 1048576K
}
Event: 623.400 GC heap before
{Heap before GC invocations=12 (full 3):
 PSYoungGen      total 572928K, used 557668K [0x00000000d5580000, 0x0000000100000000, 0x0000000100000000)
  eden space 471552K, 100% used [0x00000000d5580000,0x00000000f2200000,0x00000000f2200000)
  from space 101376K, 84% used [0x00000000f9d00000,0x00000000ff119038,0x0000000100000000)
  to   space 113664K, 0% used [0x00000000f2200000,0x00000000f2200000,0x00000000f9100000)
 ParOldGen       total 1398272K, used 65050K [0x0000000080000000, 0x00000000d5580000, 0x00000000d5580000)
  object space 1398272K, 4% used [0x0000000080000000,0x0000000083f86920,0x00000000d5580000)
 Metaspace       used 70472K, capacity 73760K, committed 73984K, reserved 1114112K
  class space    used 7766K, capacity 8354K, committed 8448K, reserved 1048576K
Event: 623.520 GC heap after
Heap after GC invocations=12 (full 3):
 PSYoungGen      total 558592K, used 92329K [0x00000000d5580000, 0x0000000100000000, 0x0000000100000000)
  eden space 465920K, 0% used [0x00000000d5580000,0x00000000d5580000,0x00000000f1c80000)
  from space 92672K, 99% used [0x00000000f2200000,0x00000000f7c2a520,0x00000000f7c80000)
  to   space 123904K, 0% used [0x00000000f8700000,0x00000000f8700000,0x0000000100000000)
 ParOldGen       total 1398272K, used 65058K [0x0000000080000000, 0x00000000d5580000, 0x00000000d5580000)
  object space 1398272K, 4% used [0x0000000080000000,0x0000000083f88920,0x00000000d5580000)
 Metaspace       used 70472K, capacity 73760K, committed 73984K, reserved 1114112K
  class space    used 7766K, capacity 8354K, committed 8448K, reserved 1048576K
}
Event: 742.502 GC heap before
{Heap before GC invocations=13 (full 3):
 PSYoungGen      total 558592K, used 558249K [0x00000000d5580000, 0x0000000100000000, 0x0000000100000000)
  eden space 465920K, 100% used [0x00000000d5580000,0x00000000f1c80000,0x00000000f1c80000)
  from space 92672K, 99% used [0x00000000f2200000,0x00000000f7c2a520,0x00000000f7c80000)
  to   space 123904K, 0% used [0x00000000f8700000,0x00000000f8700000,0x0000000100000000)
 ParOldGen       total 1398272K, used 65058K [0x0000000080000000, 0x00000000d5580000, 0x00000000d5580000)
  object space 1398272K, 4% used [0x0000000080000000,0x0000000083f88920,0x00000000d5580000)
 Metaspace       used 71015K, capacity 74316K, committed 74496K, reserved 1116160K
  class space    used 7775K, capacity 8360K, committed 8448K, reserved 1048576K
Event: 742.656 GC heap after
Heap after GC invocations=13 (full 3):
 PSYoungGen      total 563712K, used 87620K [0x00000000d5580000, 0x0000000100000000, 0x0000000100000000)
  eden space 439808K, 0% used [0x00000000d5580000,0x00000000d5580000,0x00000000f0300000)
  from space 123904K, 70% used [0x00000000f8700000,0x00000000fdc91068,0x0000000100000000)
  to   space 129536K, 0% used [0x00000000f0300000,0x00000000f0300000,0x00000000f8180000)
 ParOldGen       total 1398272K, used 65066K [0x0000000080000000, 0x00000000d5580000, 0x00000000d5580000)
  object space 1398272K, 4% used [0x0000000080000000,0x0000000083f8a920,0x00000000d5580000)
 Metaspace       used 71015K, capacity 74316K, committed 74496K, reserved 1116160K
  class space    used 7775K, capacity 8360K, committed 8448K, reserved 1048576K
}

