# JRE version: OpenJDK Runtime Environment (8.0_212-b04) (build 1.8.0_212-b04)
# Java VM: OpenJDK 64-Bit Server VM (25.212-b04 mixed mode linux-amd64 compressed oops)
Heap:
 PSYoungGen      total 580096K, used 99574K [0x00000000d5580000, 0x00000000fed00000, 0x0000000100000000)
  eden space 488960K, 7% used [0x00000000d5580000,0x00000000d770cf10,0x00000000f3300000)
  from space 91136K, 71% used [0x00000000f9400000,0x00000000fd3b0938,0x00000000fed00000)
  to   space 95232K, 0% used [0x00000000f3300000,0x00000000f3300000,0x00000000f9000000)
 ParOldGen       total 1398272K, used 44637K [0x0000000080000000, 0x00000000d5580000, 0x00000000d5580000)
  object space 1398272K, 3% used [0x0000000080000000,0x0000000082b976d8,0x00000000d5580000)
 Metaspace       used 68883K, capacity 71812K, committed 72064K, reserved 1114112K
  class space    used 7532K, capacity 8054K, committed 8064K, reserved 1048576K
GC Heap History (10 events):
Event: 332.324 GC heap before
{Heap before GC invocations=9 (full 3):
 PSYoungGen      total 585216K, used 584866K [0x00000000d5580000, 0x00000000fe400000, 0x0000000100000000)
  eden space 524800K, 100% used [0x00000000d5580000,0x00000000f5600000,0x00000000f5600000)
  from space 60416K, 99% used [0x00000000f5600000,0x00000000f90a8908,0x00000000f9100000)
  to   space 72704K, 0% used [0x00000000f9d00000,0x00000000f9d00000,0x00000000fe400000)
 ParOldGen       total 1398272K, used 44597K [0x0000000080000000, 0x00000000d5580000, 0x00000000d5580000)
  object space 1398272K, 3% used [0x0000000080000000,0x0000000082b8d6d8,0x00000000d5580000)
 Metaspace       used 67466K, capacity 70300K, committed 70528K, reserved 1112064K
  class space    used 7509K, capacity 8008K, committed 8064K, reserved 1048576K
Event: 332.466 GC heap after
Heap after GC invocations=9 (full 3):
 PSYoungGen      total 587776K, used 63063K [0x00000000d5580000, 0x0000000100000000, 0x0000000100000000)
  eden space 515072K, 0% used [0x00000000d5580000,0x00000000d5580000,0x00000000f4c80000)
  from space 72704K, 86% used [0x00000000f9d00000,0x00000000fda95d28,0x00000000fe400000)
  to   space 82432K, 0% used [0x00000000f4c80000,0x00000000f4c80000,0x00000000f9d00000)
 ParOldGen       total 1398272K, used 44605K [0x0000000080000000, 0x00000000d5580000, 0x00000000d5580000)
  object space 1398272K, 3% used [0x0000000080000000,0x0000000082b8f6d8,0x00000000d5580000)
 Metaspace       used 67466K, capacity 70300K, committed 70528K, reserved 1112064K
  class space    used 7509K, capacity 8008K, committed 8064K, reserved 1048576K
}
Event: 442.387 GC heap before
{Heap before GC invocations=10 (full 3):
 PSYoungGen      total 587776K, used 578135K [0x00000000d5580000, 0x0000000100000000, 0x0000000100000000)
  eden space 515072K, 100% used [0x00000000d5580000,0x00000000f4c80000,0x00000000f4c80000)
  from space 72704K, 86% used [0x00000000f9d00000,0x00000000fda95d28,0x00000000fe400000)
  to   space 82432K, 0% used [0x00000000f4c80000,0x00000000f4c80000,0x00000000f9d00000)
 ParOldGen       total 1398272K, used 44605K [0x0000000080000000, 0x00000000d5580000, 0x00000000d5580000)
  object space 1398272K, 3% used [0x0000000080000000,0x0000000082b8f6d8,0x00000000d5580000)
 Metaspace       used 67855K, capacity 70644K, committed 70784K, reserved 1112064K
  class space    used 7509K, capacity 8008K, committed 8064K, reserved 1048576K
Event: 442.535 GC heap after
Heap after GC invocations=10 (full 3):
 PSYoungGen      total 590848K, used 68658K [0x00000000d5580000, 0x00000000ff700000, 0x0000000100000000)
  eden space 508416K, 0% used [0x00000000d5580000,0x00000000d5580000,0x00000000f4600000)
  from space 82432K, 83% used [0x00000000f4c80000,0x00000000f8f8c948,0x00000000f9d00000)
  to   space 90624K, 0% used [0x00000000f9e80000,0x00000000f9e80000,0x00000000ff700000)
 ParOldGen       total 1398272K, used 44613K [0x0000000080000000, 0x00000000d5580000, 0x00000000d5580000)
  object space 1398272K, 3% used [0x0000000080000000,0x0000000082b916d8,0x00000000d5580000)
 Metaspace       used 67855K, capacity 70644K, committed 70784K, reserved 1112064K
  class space    used 7509K, capacity 8008K, committed 8064K, reserved 1048576K
}
Event: 562.328 GC heap before
{Heap before GC invocations=11 (full 3):
 PSYoungGen      total 590848K, used 577074K [0x00000000d5580000, 0x00000000ff700000, 0x0000000100000000)
  eden space 508416K, 100% used [0x00000000d5580000,0x00000000f4600000,0x00000000f4600000)
  from space 82432K, 83% used [0x00000000f4c80000,0x00000000f8f8c948,0x00000000f9d00000)
  to   space 90624K, 0% used [0x00000000f9e80000,0x00000000f9e80000,0x00000000ff700000)
 ParOldGen       total 1398272K, used 44613K [0x0000000080000000, 0x00000000d5580000, 0x00000000d5580000)
  object space 1398272K, 3% used [0x0000000080000000,0x0000000082b916d8,0x00000000d5580000)
 Metaspace       used 68143K, capacity 70996K, committed 71296K, reserved 1112064K
  class space    used 7509K, capacity 8008K, committed 8064K, reserved 1048576K
Event: 562.482 GC heap after
Heap after GC invocations=11 (full 3):
 PSYoungGen      total 588800K, used 60083K [0x00000000d5580000, 0x00000000ff380000, 0x0000000100000000)
  eden space 501760K, 0% used [0x00000000d5580000,0x00000000d5580000,0x00000000f3f80000)
  from space 87040K, 69% used [0x00000000f9e80000,0x00000000fd92cf28,0x00000000ff380000)
  to   space 92160K, 0% used [0x00000000f3f80000,0x00000000f3f80000,0x00000000f9980000)
 ParOldGen       total 1398272K, used 44621K [0x0000000080000000, 0x00000000d5580000, 0x00000000d5580000)
  object space 1398272K, 3% used [0x0000000080000000,0x0000000082b936d8,0x00000000d5580000)
 Metaspace       used 68143K, capacity 70996K, committed 71296K, reserved 1112064K
  class space    used 7509K, capacity 8008K, committed 8064K, reserved 1048576K
}
Event: 668.541 GC heap before
{Heap before GC invocations=12 (full 3):
 PSYoungGen      total 588800K, used 561843K [0x00000000d5580000, 0x00000000ff380000, 0x0000000100000000)
  eden space 501760K, 100% used [0x00000000d5580000,0x00000000f3f80000,0x00000000f3f80000)
  from space 87040K, 69% used [0x00000000f9e80000,0x00000000fd92cf28,0x00000000ff380000)
  to   space 92160K, 0% used [0x00000000f3f80000,0x00000000f3f80000,0x00000000f9980000)
 ParOldGen       total 1398272K, used 44621K [0x0000000080000000, 0x00000000d5580000, 0x00000000d5580000)
  object space 1398272K, 3% used [0x0000000080000000,0x0000000082b936d8,0x00000000d5580000)
 Metaspace       used 68465K, capacity 71360K, committed 71552K, reserved 1112064K
  class space    used 7530K, capacity 8054K, committed 8064K, reserved 1048576K
Event: 668.700 GC heap after
Heap after GC invocations=12 (full 3):
 PSYoungGen      total 557056K, used 61693K [0x00000000d5580000, 0x00000000fef00000, 0x0000000100000000)
  eden space 495104K, 0% used [0x00000000d5580000,0x00000000d5580000,0x00000000f3900000)
  from space 61952K, 99% used [0x00000000f3f80000,0x00000000f7bbf7f0,0x00000000f7c00000)
  to   space 93184K, 0% used [0x00000000f9400000,0x00000000f9400000,0x00000000fef00000)
 ParOldGen       total 1398272K, used 44629K [0x0000000080000000, 0x00000000d5580000, 0x00000000d5580000)
  object space 1398272K, 3% used [0x0000000080000000,0x0000000082b956d8,0x00000000d5580000)
 Metaspace       used 68465K, capacity 71360K, committed 71552K, reserved 1112064K
  class space    used 7530K, capacity 8054K, committed 8064K, reserved 1048576K
}
Event: 772.365 GC heap before
{Heap before GC invocations=13 (full 3):
 PSYoungGen      total 557056K, used 556797K [0x00000000d5580000, 0x00000000fef00000, 0x0000000100000000)
  eden space 495104K, 100% used [0x00000000d5580000,0x00000000f3900000,0x00000000f3900000)
  from space 61952K, 99% used [0x00000000f3f80000,0x00000000f7bbf7f0,0x00000000f7c00000)
  to   space 93184K, 0% used [0x00000000f9400000,0x00000000f9400000,0x00000000fef00000)
 ParOldGen       total 1398272K, used 44629K [0x0000000080000000, 0x00000000d5580000, 0x00000000d5580000)
  object space 1398272K, 3% used [0x0000000080000000,0x0000000082b956d8,0x00000000d5580000)
 Metaspace       used 68876K, capacity 71748K, committed 71808K, reserved 1114112K
  class space    used 7532K, capacity 8054K, committed 8064K, reserved 1048576K
Event: 772.560 GC heap after
Heap after GC invocations=13 (full 3):
 PSYoungGen      total 580096K, used 65218K [0x00000000d5580000, 0x00000000fed00000, 0x0000000100000000)
  eden space 488960K, 0% used [0x00000000d5580000,0x00000000d5580000,0x00000000f3300000)
  from space 91136K, 71% used [0x00000000f9400000,0x00000000fd3b0938,0x00000000fed00000)
  to   space 95232K, 0% used [0x00000000f3300000,0x00000000f3300000,0x00000000f9000000)
 ParOldGen       total 1398272K, used 44637K [0x0000000080000000, 0x00000000d5580000, 0x00000000d5580000)
  object space 1398272K, 3% used [0x0000000080000000,0x0000000082b976d8,0x00000000d5580000)
 Metaspace       used 68876K, capacity 71748K, committed 71808K, reserved 1114112K
  class space    used 7532K, capacity 8054K, committed 8064K, reserved 1048576K
}

