# JRE version: OpenJDK Runtime Environment (8.0_212-b04) (build 1.8.0_212-b04)
# Java VM: OpenJDK 64-Bit Server VM (25.212-b04 mixed mode linux-amd64 compressed oops)
Heap:
 PSYoungGen      total 611840K, used 138171K [0x00000000d5580000, 0x0000000100000000, 0x0000000100000000)
  eden space 524800K, 22% used [0x00000000d5580000,0x00000000dc91afc8,0x00000000f5600000)
  from space 87040K, 22% used [0x00000000fab00000,0x00000000fbe53e48,0x0000000100000000)
  to   space 87040K, 0% used [0x00000000f5600000,0x00000000f5600000,0x00000000fab00000)
 ParOldGen       total 1398272K, used 37871K [0x0000000080000000, 0x00000000d5580000, 0x00000000d5580000)
  object space 1398272K, 2% used [0x0000000080000000,0x00000000824fbe18,0x00000000d5580000)
 Metaspace       used 65783K, capacity 68164K, committed 68352K, reserved 1110016K
  class space    used 7451K, capacity 7876K, committed 7936K, reserved 1048576K
GC Heap History (10 events):
Event: 4.190 GC heap before
{Heap before GC invocations=3 (full 1):
 PSYoungGen      total 611840K, used 434802K [0x00000000d5580000, 0x0000000100000000, 0x0000000100000000)
  eden space 524800K, 82% used [0x00000000d5580000,0x00000000efe1ca18,0x00000000f5600000)
  from space 87040K, 0% used [0x00000000f5600000,0x00000000f5600000,0x00000000fab00000)
  to   space 87040K, 0% used [0x00000000fab00000,0x00000000fab00000,0x0000000100000000)
 ParOldGen       total 811008K, used 13875K [0x0000000080000000, 0x00000000b1800000, 0x00000000d5580000)
  object space 811008K, 1% used [0x0000000080000000,0x0000000080d8cf50,0x00000000b1800000)
 Metaspace       used 34751K, capacity 35124K, committed 35416K, reserved 1081344K
  class space    used 3968K, capacity 4092K, committed 4096K, reserved 1048576K
Event: 4.229 GC heap after
Heap after GC invocations=3 (full 1):
 PSYoungGen      total 611840K, used 19233K [0x00000000d5580000, 0x0000000100000000, 0x0000000100000000)
  eden space 524800K, 0% used [0x00000000d5580000,0x00000000d5580000,0x00000000f5600000)
  from space 87040K, 22% used [0x00000000fab00000,0x00000000fbdc85b0,0x0000000100000000)
  to   space 87040K, 0% used [0x00000000f5600000,0x00000000f5600000,0x00000000fab00000)
 ParOldGen       total 811008K, used 13883K [0x0000000080000000, 0x00000000b1800000, 0x00000000d5580000)
  object space 811008K, 1% used [0x0000000080000000,0x0000000080d8ef50,0x00000000b1800000)
 Metaspace       used 34751K, capacity 35124K, committed 35416K, reserved 1081344K
  class space    used 3968K, capacity 4092K, committed 4096K, reserved 1048576K
}
Event: 4.229 GC heap before
{Heap before GC invocations=4 (full 2):
 PSYoungGen      total 611840K, used 19233K [0x00000000d5580000, 0x0000000100000000, 0x0000000100000000)
  eden space 524800K, 0% used [0x00000000d5580000,0x00000000d5580000,0x00000000f5600000)
  from space 87040K, 22% used [0x00000000fab00000,0x00000000fbdc85b0,0x0000000100000000)
  to   space 87040K, 0% used [0x00000000f5600000,0x00000000f5600000,0x00000000fab00000)
 ParOldGen       total 811008K, used 13883K [0x0000000080000000, 0x00000000b1800000, 0x00000000d5580000)
  object space 811008K, 1% used [0x0000000080000000,0x0000000080d8ef50,0x00000000b1800000)
 Metaspace       used 34751K, capacity 35124K, committed 35416K, reserved 1081344K
  class space    used 3968K, capacity 4092K, committed 4096K, reserved 1048576K
Event: 4.336 GC heap after
Heap after GC invocations=4 (full 2):
 PSYoungGen      total 611840K, used 0K [0x00000000d5580000, 0x0000000100000000, 0x0000000100000000)
  eden space 524800K, 0% used [0x00000000d5580000,0x00000000d5580000,0x00000000f5600000)
  from space 87040K, 0% used [0x00000000fab00000,0x00000000fab00000,0x0000000100000000)
  to   space 87040K, 0% used [0x00000000f5600000,0x00000000f5600000,0x00000000fab00000)
 ParOldGen       total 1321984K, used 23723K [0x0000000080000000, 0x00000000d0b00000, 0x00000000d5580000)
  object space 1321984K, 1% used [0x0000000080000000,0x000000008172ae08,0x00000000d0b00000)
 Metaspace       used 34751K, capacity 35124K, committed 35416K, reserved 1081344K
  class space    used 3968K, capacity 4092K, committed 4096K, reserved 1048576K
}
Event: 10.774 GC heap before
{Heap before GC invocations=5 (full 2):
 PSYoungGen      total 611840K, used 333058K [0x00000000d5580000, 0x0000000100000000, 0x0000000100000000)
  eden space 524800K, 63% used [0x00000000d5580000,0x00000000e9ac0800,0x00000000f5600000)
  from space 87040K, 0% used [0x00000000fab00000,0x00000000fab00000,0x0000000100000000)
  to   space 87040K, 0% used [0x00000000f5600000,0x00000000f5600000,0x00000000fab00000)
 ParOldGen       total 1321984K, used 23723K [0x0000000080000000, 0x00000000d0b00000, 0x00000000d5580000)
  object space 1321984K, 1% used [0x0000000080000000,0x000000008172ae08,0x00000000d0b00000)
 Metaspace       used 57431K, capacity 58888K, committed 59008K, reserved 1101824K
  class space    used 6687K, capacity 6978K, committed 7040K, reserved 1048576K
Event: 10.824 GC heap after
Heap after GC invocations=5 (full 2):
 PSYoungGen      total 611840K, used 27034K [0x00000000d5580000, 0x0000000100000000, 0x0000000100000000)
  eden space 524800K, 0% used [0x00000000d5580000,0x00000000d5580000,0x00000000f5600000)
  from space 87040K, 31% used [0x00000000f5600000,0x00000000f7066a98,0x00000000fab00000)
  to   space 87040K, 0% used [0x00000000fab00000,0x00000000fab00000,0x0000000100000000)
 ParOldGen       total 1321984K, used 23731K [0x0000000080000000, 0x00000000d0b00000, 0x00000000d5580000)
  object space 1321984K, 1% used [0x0000000080000000,0x000000008172ce08,0x00000000d0b00000)
 Metaspace       used 57431K, capacity 58888K, committed 59008K, reserved 1101824K
  class space    used 6687K, capacity 6978K, committed 7040K, reserved 1048576K
}
Event: 10.824 GC heap before
{Heap before GC invocations=6 (full 3):
 PSYoungGen      total 611840K, used 27034K [0x00000000d5580000, 0x0000000100000000, 0x0000000100000000)
  eden space 524800K, 0% used [0x00000000d5580000,0x00000000d5580000,0x00000000f5600000)
  from space 87040K, 31% used [0x00000000f5600000,0x00000000f7066a98,0x00000000fab00000)
  to   space 87040K, 0% used [0x00000000fab00000,0x00000000fab00000,0x0000000100000000)
 ParOldGen       total 1321984K, used 23731K [0x0000000080000000, 0x00000000d0b00000, 0x00000000d5580000)
  object space 1321984K, 1% used [0x0000000080000000,0x000000008172ce08,0x00000000d0b00000)
 Metaspace       used 57431K, capacity 58888K, committed 59008K, reserved 1101824K
  class space    used 6687K, capacity 6978K, committed 7040K, reserved 1048576K
Event: 11.081 GC heap after
Heap after GC invocations=6 (full 3):
 PSYoungGen      total 611840K, used 0K [0x00000000d5580000, 0x0000000100000000, 0x0000000100000000)
  eden space 524800K, 0% used [0x00000000d5580000,0x00000000d5580000,0x00000000f5600000)
  from space 87040K, 0% used [0x00000000f5600000,0x00000000f5600000,0x00000000fab00000)
  to   space 87040K, 0% used [0x00000000fab00000,0x00000000fab00000,0x0000000100000000)
 ParOldGen       total 1398272K, used 37863K [0x0000000080000000, 0x00000000d5580000, 0x00000000d5580000)
  object space 1398272K, 2% used [0x0000000080000000,0x00000000824f9e18,0x00000000d5580000)
 Metaspace       used 57424K, capacity 58874K, committed 59008K, reserved 1101824K
  class space    used 6685K, capacity 6973K, committed 7040K, reserved 1048576K
}
Event: 92.653 GC heap before
{Heap before GC invocations=7 (full 3):
 PSYoungGen      total 611840K, used 524800K [0x00000000d5580000, 0x0000000100000000, 0x0000000100000000)
  eden space 524800K, 100% used [0x00000000d5580000,0x00000000f5600000,0x00000000f5600000)
  from space 87040K, 0% used [0x00000000f5600000,0x00000000f5600000,0x00000000fab00000)
  to   space 87040K, 0% used [0x00000000fab00000,0x00000000fab00000,0x0000000100000000)
 ParOldGen       total 1398272K, used 37863K [0x0000000080000000, 0x00000000d5580000, 0x00000000d5580000)
  object space 1398272K, 2% used [0x0000000080000000,0x00000000824f9e18,0x00000000d5580000)
 Metaspace       used 65454K, capacity 67908K, committed 68096K, reserved 1110016K
  class space    used 7433K, capacity 7876K, committed 7936K, reserved 1048576K
Event: 92.723 GC heap after
Heap after GC invocations=7 (full 3):
 PSYoungGen      total 611840K, used 19791K [0x00000000d5580000, 0x0000000100000000, 0x0000000100000000)
  eden space 524800K, 0% used [0x00000000d5580000,0x00000000d5580000,0x00000000f5600000)
  from space 87040K, 22% used [0x00000000fab00000,0x00000000fbe53e48,0x0000000100000000)
  to   space 87040K, 0% used [0x00000000f5600000,0x00000000f5600000,0x00000000fab00000)
 ParOldGen       total 1398272K, used 37871K [0x0000000080000000, 0x00000000d5580000, 0x00000000d5580000)
  object space 1398272K, 2% used [0x0000000080000000,0x00000000824fbe18,0x00000000d5580000)
 Metaspace       used 65454K, capacity 67908K, committed 68096K, reserved 1110016K
  class space    used 7433K, capacity 7876K, committed 7936K, reserved 1048576K
}

