# JRE version: OpenJDK Runtime Environment (8.0_212-b04) (build 1.8.0_212-b04)
# Java VM: OpenJDK 64-Bit Server VM (25.212-b04 mixed mode linux-amd64 compressed oops)
Heap:
 PSYoungGen      total 502784K, used 308695K [0x00000000d5580000, 0x00000000ffe00000, 0x0000000100000000)
  eden space 308224K, 46% used [0x00000000d5580000,0x00000000de27f5d0,0x00000000e8280000)
  from space 194560K, 84% used [0x00000000f3f80000,0x00000000fdff66c0,0x00000000ffd80000)
  to   space 193536K, 0% used [0x00000000e8280000,0x00000000e8280000,0x00000000f3f80000)
 ParOldGen       total 1398272K, used 346492K [0x0000000080000000, 0x00000000d5580000, 0x00000000d5580000)
  object space 1398272K, 24% used [0x0000000080000000,0x000000009525f2a0,0x00000000d5580000)
 Metaspace       used 70292K, capacity 73510K, committed 73728K, reserved 1114112K
  class space    used 7599K, capacity 8159K, committed 8192K, reserved 1048576K
GC Heap History (10 events):
Event: 753.113 GC heap before
{Heap before GC invocations=41 (full 3):
 PSYoungGen      total 443392K, used 443049K [0x00000000d5580000, 0x00000000ffa00000, 0x0000000100000000)
  eden space 285184K, 100% used [0x00000000d5580000,0x00000000e6c00000,0x00000000e6c00000)
  from space 158208K, 99% used [0x00000000e6c00000,0x00000000f062a620,0x00000000f0680000)
  to   space 203264K, 0% used [0x00000000f3380000,0x00000000f3380000,0x00000000ffa00000)
 ParOldGen       total 1398272K, used 325560K [0x0000000080000000, 0x00000000d5580000, 0x00000000d5580000)
  object space 1398272K, 23% used [0x0000000080000000,0x0000000093dee3d0,0x00000000d5580000)
 Metaspace       used 70201K, capacity 73430K, committed 73472K, reserved 1114112K
  class space    used 7598K, capacity 8159K, committed 8192K, reserved 1048576K
Event: 753.399 GC heap after
Heap after GC invocations=41 (full 3):
 PSYoungGen      total 491520K, used 161705K [0x00000000d5580000, 0x0000000100000000, 0x0000000100000000)
  eden space 288256K, 0% used [0x00000000d5580000,0x00000000d5580000,0x00000000e6f00000)
  from space 203264K, 79% used [0x00000000f3380000,0x00000000fd16a590,0x00000000ffa00000)
  to   space 201216K, 0% used [0x00000000e6f00000,0x00000000e6f00000,0x00000000f3380000)
 ParOldGen       total 1398272K, used 329861K [0x0000000080000000, 0x00000000d5580000, 0x00000000d5580000)
  object space 1398272K, 23% used [0x0000000080000000,0x00000000942216d0,0x00000000d5580000)
 Metaspace       used 70201K, capacity 73430K, committed 73472K, reserved 1114112K
  class space    used 7598K, capacity 8159K, committed 8192K, reserved 1048576K
}
Event: 773.236 GC heap before
{Heap before GC invocations=42 (full 3):
 PSYoungGen      total 491520K, used 449961K [0x00000000d5580000, 0x0000000100000000, 0x0000000100000000)
  eden space 288256K, 100% used [0x00000000d5580000,0x00000000e6f00000,0x00000000e6f00000)
  from space 203264K, 79% used [0x00000000f3380000,0x00000000fd16a590,0x00000000ffa00000)
  to   space 201216K, 0% used [0x00000000e6f00000,0x00000000e6f00000,0x00000000f3380000)
 ParOldGen       total 1398272K, used 329861K [0x0000000080000000, 0x00000000d5580000, 0x00000000d5580000)
  object space 1398272K, 23% used [0x0000000080000000,0x00000000942216d0,0x00000000d5580000)
 Metaspace       used 70238K, capacity 73506K, committed 73728K, reserved 1114112K
  class space    used 7599K, capacity 8159K, committed 8192K, reserved 1048576K
Event: 773.472 GC heap after
Heap after GC invocations=42 (full 3):
 PSYoungGen      total 489472K, used 151225K [0x00000000d5580000, 0x00000000ff600000, 0x0000000100000000)
  eden space 288256K, 0% used [0x00000000d5580000,0x00000000d5580000,0x00000000e6f00000)
  from space 201216K, 75% used [0x00000000e6f00000,0x00000000f02ae630,0x00000000f3380000)
  to   space 197120K, 0% used [0x00000000f3580000,0x00000000f3580000,0x00000000ff600000)
 ParOldGen       total 1398272K, used 333162K [0x0000000080000000, 0x00000000d5580000, 0x00000000d5580000)
  object space 1398272K, 23% used [0x0000000080000000,0x000000009455a950,0x00000000d5580000)
 Metaspace       used 70238K, capacity 73506K, committed 73728K, reserved 1114112K
  class space    used 7599K, capacity 8159K, committed 8192K, reserved 1048576K
}
Event: 795.457 GC heap before
{Heap before GC invocations=43 (full 3):
 PSYoungGen      total 489472K, used 439480K [0x00000000d5580000, 0x00000000ff600000, 0x0000000100000000)
  eden space 288256K, 99% used [0x00000000d5580000,0x00000000e6effda8,0x00000000e6f00000)
  from space 201216K, 75% used [0x00000000e6f00000,0x00000000f02ae630,0x00000000f3380000)
  to   space 197120K, 0% used [0x00000000f3580000,0x00000000f3580000,0x00000000ff600000)
 ParOldGen       total 1398272K, used 333162K [0x0000000080000000, 0x00000000d5580000, 0x00000000d5580000)
  object space 1398272K, 23% used [0x0000000080000000,0x000000009455a950,0x00000000d5580000)
 Metaspace       used 70248K, capacity 73506K, committed 73728K, reserved 1114112K
  class space    used 7599K, capacity 8159K, committed 8192K, reserved 1048576K
Event: 795.689 GC heap after
Heap after GC invocations=43 (full 3):
 PSYoungGen      total 494080K, used 158809K [0x00000000d5580000, 0x00000000ff700000, 0x0000000100000000)
  eden space 296960K, 0% used [0x00000000d5580000,0x00000000d5580000,0x00000000e7780000)
  from space 197120K, 80% used [0x00000000f3580000,0x00000000fd096700,0x00000000ff600000)
  to   space 194560K, 0% used [0x00000000e7780000,0x00000000e7780000,0x00000000f3580000)
 ParOldGen       total 1398272K, used 336767K [0x0000000080000000, 0x00000000d5580000, 0x00000000d5580000)
  object space 1398272K, 24% used [0x0000000080000000,0x00000000948dfc00,0x00000000d5580000)
 Metaspace       used 70248K, capacity 73506K, committed 73728K, reserved 1114112K
  class space    used 7599K, capacity 8159K, committed 8192K, reserved 1048576K
}
Event: 818.925 GC heap before
{Heap before GC invocations=44 (full 3):
 PSYoungGen      total 494080K, used 455538K [0x00000000d5580000, 0x00000000ff700000, 0x0000000100000000)
  eden space 296960K, 99% used [0x00000000d5580000,0x00000000e7746270,0x00000000e7780000)
  from space 197120K, 80% used [0x00000000f3580000,0x00000000fd096700,0x00000000ff600000)
  to   space 194560K, 0% used [0x00000000e7780000,0x00000000e7780000,0x00000000f3580000)
 ParOldGen       total 1398272K, used 336767K [0x0000000080000000, 0x00000000d5580000, 0x00000000d5580000)
  object space 1398272K, 24% used [0x0000000080000000,0x00000000948dfc00,0x00000000d5580000)
 Metaspace       used 70259K, capacity 73506K, committed 73728K, reserved 1114112K
  class space    used 7599K, capacity 8159K, committed 8192K, reserved 1048576K
Event: 819.182 GC heap after
Heap after GC invocations=44 (full 3):
 PSYoungGen      total 491520K, used 164921K [0x00000000d5580000, 0x00000000ffd80000, 0x0000000100000000)
  eden space 296960K, 0% used [0x00000000d5580000,0x00000000d5580000,0x00000000e7780000)
  from space 194560K, 84% used [0x00000000e7780000,0x00000000f188e7f0,0x00000000f3580000)
  to   space 194560K, 0% used [0x00000000f3f80000,0x00000000f3f80000,0x00000000ffd80000)
 ParOldGen       total 1398272K, used 341015K [0x0000000080000000, 0x00000000d5580000, 0x00000000d5580000)
  object space 1398272K, 24% used [0x0000000080000000,0x0000000094d05f10,0x00000000d5580000)
 Metaspace       used 70259K, capacity 73506K, committed 73728K, reserved 1114112K
  class space    used 7599K, capacity 8159K, committed 8192K, reserved 1048576K
}
Event: 842.325 GC heap before
{Heap before GC invocations=45 (full 3):
 PSYoungGen      total 491520K, used 461880K [0x00000000d5580000, 0x00000000ffd80000, 0x0000000100000000)
  eden space 296960K, 99% used [0x00000000d5580000,0x00000000e777f848,0x00000000e7780000)
  from space 194560K, 84% used [0x00000000e7780000,0x00000000f188e7f0,0x00000000f3580000)
  to   space 194560K, 0% used [0x00000000f3f80000,0x00000000f3f80000,0x00000000ffd80000)
 ParOldGen       total 1398272K, used 341015K [0x0000000080000000, 0x00000000d5580000, 0x00000000d5580000)
  object space 1398272K, 24% used [0x0000000080000000,0x0000000094d05f10,0x00000000d5580000)
 Metaspace       used 70275K, capacity 73506K, committed 73728K, reserved 1114112K
  class space    used 7599K, capacity 8159K, committed 8192K, reserved 1048576K
Event: 842.586 GC heap after
Heap after GC invocations=45 (full 3):
 PSYoungGen      total 502784K, used 164313K [0x00000000d5580000, 0x00000000ffe00000, 0x0000000100000000)
  eden space 308224K, 0% used [0x00000000d5580000,0x00000000d5580000,0x00000000e8280000)
  from space 194560K, 84% used [0x00000000f3f80000,0x00000000fdff66c0,0x00000000ffd80000)
  to   space 193536K, 0% used [0x00000000e8280000,0x00000000e8280000,0x00000000f3f80000)
 ParOldGen       total 1398272K, used 346492K [0x0000000080000000, 0x00000000d5580000, 0x00000000d5580000)
  object space 1398272K, 24% used [0x0000000080000000,0x000000009525f2a0,0x00000000d5580000)
 Metaspace       used 70275K, capacity 73506K, committed 73728K, reserved 1114112K
  class space    used 7599K, capacity 8159K, committed 8192K, reserved 1048576K
}

