# JRE version: OpenJDK Runtime Environment (8.0_212-b04) (build 1.8.0_212-b04)
# Java VM: OpenJDK 64-Bit Server VM (25.212-b04 mixed mode linux-amd64 compressed oops)
Heap:
 PSYoungGen      total 548352K, used 358667K [0x00000000d5580000, 0x0000000100000000, 0x0000000100000000)
  eden space 461312K, 58% used [0x00000000d5580000,0x00000000e5ec89b0,0x00000000f1800000)
  from space 87040K, 99% used [0x00000000fab00000,0x00000000ffffa2d8,0x0000000100000000)
  to   space 118784K, 0% used [0x00000000f1800000,0x00000000f1800000,0x00000000f8c00000)
 ParOldGen       total 1398272K, used 67106K [0x0000000080000000, 0x00000000d5580000, 0x00000000d5580000)
  object space 1398272K, 4% used [0x0000000080000000,0x00000000841889f0,0x00000000d5580000)
 Metaspace       used 71766K, capacity 75324K, committed 75648K, reserved 1116160K
  class space    used 7858K, capacity 8494K, committed 8576K, reserved 1048576K
GC Heap History (10 events):
Event: 12.650 GC heap before
{Heap before GC invocations=5 (full 2):
 PSYoungGen      total 611840K, used 513686K [0x00000000d5580000, 0x0000000100000000, 0x0000000100000000)
  eden space 524800K, 97% used [0x00000000d5580000,0x00000000f4b25878,0x00000000f5600000)
  from space 87040K, 0% used [0x00000000fab00000,0x00000000fab00000,0x0000000100000000)
  to   space 87040K, 0% used [0x00000000f5600000,0x00000000f5600000,0x00000000fab00000)
 ParOldGen       total 1398272K, used 23541K [0x0000000080000000, 0x00000000d5580000, 0x00000000d5580000)
  object space 1398272K, 1% used [0x0000000080000000,0x00000000816fd438,0x00000000d5580000)
 Metaspace       used 57520K, capacity 58896K, committed 59028K, reserved 1101824K
  class space    used 6637K, capacity 6902K, committed 6912K, reserved 1048576K
Event: 12.745 GC heap after
Heap after GC invocations=5 (full 2):
 PSYoungGen      total 611840K, used 33992K [0x00000000d5580000, 0x0000000100000000, 0x0000000100000000)
  eden space 524800K, 0% used [0x00000000d5580000,0x00000000d5580000,0x00000000f5600000)
  from space 87040K, 39% used [0x00000000f5600000,0x00000000f7732190,0x00000000fab00000)
  to   space 87040K, 0% used [0x00000000fab00000,0x00000000fab00000,0x0000000100000000)
 ParOldGen       total 1398272K, used 23549K [0x0000000080000000, 0x00000000d5580000, 0x00000000d5580000)
  object space 1398272K, 1% used [0x0000000080000000,0x00000000816ff438,0x00000000d5580000)
 Metaspace       used 57520K, capacity 58896K, committed 59028K, reserved 1101824K
  class space    used 6637K, capacity 6902K, committed 6912K, reserved 1048576K
}
Event: 12.745 GC heap before
{Heap before GC invocations=6 (full 3):
 PSYoungGen      total 611840K, used 33992K [0x00000000d5580000, 0x0000000100000000, 0x0000000100000000)
  eden space 524800K, 0% used [0x00000000d5580000,0x00000000d5580000,0x00000000f5600000)
  from space 87040K, 39% used [0x00000000f5600000,0x00000000f7732190,0x00000000fab00000)
  to   space 87040K, 0% used [0x00000000fab00000,0x00000000fab00000,0x0000000100000000)
 ParOldGen       total 1398272K, used 23549K [0x0000000080000000, 0x00000000d5580000, 0x00000000d5580000)
  object space 1398272K, 1% used [0x0000000080000000,0x00000000816ff438,0x00000000d5580000)
 Metaspace       used 57520K, capacity 58896K, committed 59028K, reserved 1101824K
  class space    used 6637K, capacity 6902K, committed 6912K, reserved 1048576K
Event: 13.016 GC heap after
Heap after GC invocations=6 (full 3):
 PSYoungGen      total 611840K, used 0K [0x00000000d5580000, 0x0000000100000000, 0x0000000100000000)
  eden space 524800K, 0% used [0x00000000d5580000,0x00000000d5580000,0x00000000f5600000)
  from space 87040K, 0% used [0x00000000f5600000,0x00000000f5600000,0x00000000fab00000)
  to   space 87040K, 0% used [0x00000000fab00000,0x00000000fab00000,0x0000000100000000)
 ParOldGen       total 1398272K, used 44450K [0x0000000080000000, 0x00000000d5580000, 0x00000000d5580000)
  object space 1398272K, 3% used [0x0000000080000000,0x0000000082b68840,0x00000000d5580000)
 Metaspace       used 57483K, capacity 58806K, committed 59028K, reserved 1101824K
  class space    used 6625K, capacity 6881K, committed 6912K, reserved 1048576K
}
Event: 93.013 GC heap before
{Heap before GC invocations=7 (full 3):
 PSYoungGen      total 611840K, used 524800K [0x00000000d5580000, 0x0000000100000000, 0x0000000100000000)
  eden space 524800K, 100% used [0x00000000d5580000,0x00000000f5600000,0x00000000f5600000)
  from space 87040K, 0% used [0x00000000f5600000,0x00000000f5600000,0x00000000fab00000)
  to   space 87040K, 0% used [0x00000000fab00000,0x00000000fab00000,0x0000000100000000)
 ParOldGen       total 1398272K, used 44450K [0x0000000080000000, 0x00000000d5580000, 0x00000000d5580000)
  object space 1398272K, 3% used [0x0000000080000000,0x0000000082b68840,0x00000000d5580000)
 Metaspace       used 67417K, capacity 70300K, committed 70400K, reserved 1112064K
  class space    used 7665K, capacity 8162K, committed 8192K, reserved 1048576K
Event: 93.129 GC heap after
Heap after GC invocations=7 (full 3):
 PSYoungGen      total 611840K, used 45281K [0x00000000d5580000, 0x0000000100000000, 0x0000000100000000)
  eden space 524800K, 0% used [0x00000000d5580000,0x00000000d5580000,0x00000000f5600000)
  from space 87040K, 52% used [0x00000000fab00000,0x00000000fd7386e8,0x0000000100000000)
  to   space 87040K, 0% used [0x00000000f5600000,0x00000000f5600000,0x00000000fab00000)
 ParOldGen       total 1398272K, used 44458K [0x0000000080000000, 0x00000000d5580000, 0x00000000d5580000)
  object space 1398272K, 3% used [0x0000000080000000,0x0000000082b6a840,0x00000000d5580000)
 Metaspace       used 67417K, capacity 70300K, committed 70400K, reserved 1112064K
  class space    used 7665K, capacity 8162K, committed 8192K, reserved 1048576K
}
Event: 329.925 GC heap before
{Heap before GC invocations=8 (full 3):
 PSYoungGen      total 611840K, used 570081K [0x00000000d5580000, 0x0000000100000000, 0x0000000100000000)
  eden space 524800K, 100% used [0x00000000d5580000,0x00000000f5600000,0x00000000f5600000)
  from space 87040K, 52% used [0x00000000fab00000,0x00000000fd7386e8,0x0000000100000000)
  to   space 87040K, 0% used [0x00000000f5600000,0x00000000f5600000,0x00000000fab00000)
 ParOldGen       total 1398272K, used 44458K [0x0000000080000000, 0x00000000d5580000, 0x00000000d5580000)
  object space 1398272K, 3% used [0x0000000080000000,0x0000000082b6a840,0x00000000d5580000)
 Metaspace       used 69795K, capacity 72914K, committed 73088K, reserved 1114112K
  class space    used 7756K, capacity 8317K, committed 8320K, reserved 1048576K
Event: 330.106 GC heap after
Heap after GC invocations=8 (full 3):
 PSYoungGen      total 611840K, used 86796K [0x00000000d5580000, 0x0000000100000000, 0x0000000100000000)
  eden space 524800K, 0% used [0x00000000d5580000,0x00000000d5580000,0x00000000f5600000)
  from space 87040K, 99% used [0x00000000f5600000,0x00000000faac3030,0x00000000fab00000)
  to   space 87040K, 0% used [0x00000000fab00000,0x00000000fab00000,0x0000000100000000)
 ParOldGen       total 1398272K, used 44466K [0x0000000080000000, 0x00000000d5580000, 0x00000000d5580000)
  object space 1398272K, 3% used [0x0000000080000000,0x0000000082b6c840,0x00000000d5580000)
 Metaspace       used 69795K, capacity 72914K, committed 73088K, reserved 1114112K
  class space    used 7756K, capacity 8317K, committed 8320K, reserved 1048576K
}
Event: 565.947 GC heap before
{Heap before GC invocations=9 (full 3):
 PSYoungGen      total 611840K, used 611596K [0x00000000d5580000, 0x0000000100000000, 0x0000000100000000)
  eden space 524800K, 100% used [0x00000000d5580000,0x00000000f5600000,0x00000000f5600000)
  from space 87040K, 99% used [0x00000000f5600000,0x00000000faac3030,0x00000000fab00000)
  to   space 87040K, 0% used [0x00000000fab00000,0x00000000fab00000,0x0000000100000000)
 ParOldGen       total 1398272K, used 44466K [0x0000000080000000, 0x00000000d5580000, 0x00000000d5580000)
  object space 1398272K, 3% used [0x0000000080000000,0x0000000082b6c840,0x00000000d5580000)
 Metaspace       used 71106K, capacity 74608K, committed 74752K, reserved 1116160K
  class space    used 7831K, capacity 8446K, committed 8448K, reserved 1048576K
Event: 566.183 GC heap after
Heap after GC invocations=9 (full 3):
 PSYoungGen      total 548352K, used 87016K [0x00000000d5580000, 0x0000000100000000, 0x0000000100000000)
  eden space 461312K, 0% used [0x00000000d5580000,0x00000000d5580000,0x00000000f1800000)
  from space 87040K, 99% used [0x00000000fab00000,0x00000000ffffa2d8,0x0000000100000000)
  to   space 118784K, 0% used [0x00000000f1800000,0x00000000f1800000,0x00000000f8c00000)
 ParOldGen       total 1398272K, used 67106K [0x0000000080000000, 0x00000000d5580000, 0x00000000d5580000)
  object space 1398272K, 4% used [0x0000000080000000,0x00000000841889f0,0x00000000d5580000)
 Metaspace       used 71106K, capacity 74608K, committed 74752K, reserved 1116160K
  class space    used 7831K, capacity 8446K, committed 8448K, reserved 1048576K
}

