# JRE version: OpenJDK Runtime Environment (8.0_212-b04) (build 1.8.0_212-b04)
# Java VM: OpenJDK 64-Bit Server VM (25.212-b04 mixed mode linux-amd64 compressed oops)
Heap:
 PSYoungGen      total 611840K, used 345496K [0x00000000d5580000, 0x0000000100000000, 0x0000000100000000)
  eden space 524800K, 65% used [0x00000000d5580000,0x00000000ea6e6350,0x00000000f5600000)
  from space 87040K, 0% used [0x00000000fab00000,0x00000000fab00000,0x0000000100000000)
  to   space 87040K, 0% used [0x00000000f5600000,0x00000000f5600000,0x00000000fab00000)
 ParOldGen       total 1398272K, used 28437K [0x0000000080000000, 0x00000000d5580000, 0x00000000d5580000)
  object space 1398272K, 2% used [0x0000000080000000,0x0000000081bc5568,0x00000000d5580000)
 Metaspace       used 68350K, capacity 70842K, committed 71040K, reserved 1112064K
  class space    used 7851K, capacity 8305K, committed 8320K, reserved 1048576K
GC Heap History (10 events):
Event: 4.627 GC heap before
{Heap before GC invocations=3 (full 1):
 PSYoungGen      total 611840K, used 456589K [0x00000000d5580000, 0x0000000100000000, 0x0000000100000000)
  eden space 524800K, 87% used [0x00000000d5580000,0x00000000f1363588,0x00000000f5600000)
  from space 87040K, 0% used [0x00000000f5600000,0x00000000f5600000,0x00000000fab00000)
  to   space 87040K, 0% used [0x00000000fab00000,0x00000000fab00000,0x0000000100000000)
 ParOldGen       total 936960K, used 14401K [0x0000000080000000, 0x00000000b9300000, 0x00000000d5580000)
  object space 936960K, 1% used [0x0000000080000000,0x0000000080e10610,0x00000000b9300000)
 Metaspace       used 34681K, capacity 35028K, committed 35416K, reserved 1081344K
  class space    used 3945K, capacity 4060K, committed 4096K, reserved 1048576K
Event: 4.665 GC heap after
Heap after GC invocations=3 (full 1):
 PSYoungGen      total 611840K, used 18859K [0x00000000d5580000, 0x0000000100000000, 0x0000000100000000)
  eden space 524800K, 0% used [0x00000000d5580000,0x00000000d5580000,0x00000000f5600000)
  from space 87040K, 21% used [0x00000000fab00000,0x00000000fbd6afc0,0x0000000100000000)
  to   space 87040K, 0% used [0x00000000f5600000,0x00000000f5600000,0x00000000fab00000)
 ParOldGen       total 936960K, used 14401K [0x0000000080000000, 0x00000000b9300000, 0x00000000d5580000)
  object space 936960K, 1% used [0x0000000080000000,0x0000000080e10610,0x00000000b9300000)
 Metaspace       used 34681K, capacity 35028K, committed 35416K, reserved 1081344K
  class space    used 3945K, capacity 4060K, committed 4096K, reserved 1048576K
}
Event: 4.665 GC heap before
{Heap before GC invocations=4 (full 2):
 PSYoungGen      total 611840K, used 18859K [0x00000000d5580000, 0x0000000100000000, 0x0000000100000000)
  eden space 524800K, 0% used [0x00000000d5580000,0x00000000d5580000,0x00000000f5600000)
  from space 87040K, 21% used [0x00000000fab00000,0x00000000fbd6afc0,0x0000000100000000)
  to   space 87040K, 0% used [0x00000000f5600000,0x00000000f5600000,0x00000000fab00000)
 ParOldGen       total 936960K, used 14401K [0x0000000080000000, 0x00000000b9300000, 0x00000000d5580000)
  object space 936960K, 1% used [0x0000000080000000,0x0000000080e10610,0x00000000b9300000)
 Metaspace       used 34681K, capacity 35028K, committed 35416K, reserved 1081344K
  class space    used 3945K, capacity 4060K, committed 4096K, reserved 1048576K
Event: 4.792 GC heap after
Heap after GC invocations=4 (full 2):
 PSYoungGen      total 611840K, used 0K [0x00000000d5580000, 0x0000000100000000, 0x0000000100000000)
  eden space 524800K, 0% used [0x00000000d5580000,0x00000000d5580000,0x00000000f5600000)
  from space 87040K, 0% used [0x00000000fab00000,0x00000000fab00000,0x0000000100000000)
  to   space 87040K, 0% used [0x00000000f5600000,0x00000000f5600000,0x00000000fab00000)
 ParOldGen       total 1398272K, used 23567K [0x0000000080000000, 0x00000000d5580000, 0x00000000d5580000)
  object space 1398272K, 1% used [0x0000000080000000,0x0000000081703ce0,0x00000000d5580000)
 Metaspace       used 34681K, capacity 35028K, committed 35416K, reserved 1081344K
  class space    used 3945K, capacity 4060K, committed 4096K, reserved 1048576K
}
Event: 11.252 GC heap before
{Heap before GC invocations=5 (full 2):
 PSYoungGen      total 611840K, used 524800K [0x00000000d5580000, 0x0000000100000000, 0x0000000100000000)
  eden space 524800K, 100% used [0x00000000d5580000,0x00000000f5600000,0x00000000f5600000)
  from space 87040K, 0% used [0x00000000fab00000,0x00000000fab00000,0x0000000100000000)
  to   space 87040K, 0% used [0x00000000f5600000,0x00000000f5600000,0x00000000fab00000)
 ParOldGen       total 1398272K, used 23567K [0x0000000080000000, 0x00000000d5580000, 0x00000000d5580000)
  object space 1398272K, 1% used [0x0000000080000000,0x0000000081703ce0,0x00000000d5580000)
 Metaspace       used 52431K, capacity 53826K, committed 54016K, reserved 1097728K
  class space    used 6142K, capacity 6399K, committed 6400K, reserved 1048576K
Event: 11.300 GC heap after
Heap after GC invocations=5 (full 2):
 PSYoungGen      total 611840K, used 26839K [0x00000000d5580000, 0x0000000100000000, 0x0000000100000000)
  eden space 524800K, 0% used [0x00000000d5580000,0x00000000d5580000,0x00000000f5600000)
  from space 87040K, 30% used [0x00000000f5600000,0x00000000f7035e88,0x00000000fab00000)
  to   space 87040K, 0% used [0x00000000fab00000,0x00000000fab00000,0x0000000100000000)
 ParOldGen       total 1398272K, used 23575K [0x0000000080000000, 0x00000000d5580000, 0x00000000d5580000)
  object space 1398272K, 1% used [0x0000000080000000,0x0000000081705ce0,0x00000000d5580000)
 Metaspace       used 52431K, capacity 53826K, committed 54016K, reserved 1097728K
  class space    used 6142K, capacity 6399K, committed 6400K, reserved 1048576K
}
Event: 11.991 GC heap before
{Heap before GC invocations=6 (full 2):
 PSYoungGen      total 611840K, used 180573K [0x00000000d5580000, 0x0000000100000000, 0x0000000100000000)
  eden space 524800K, 29% used [0x00000000d5580000,0x00000000deba1718,0x00000000f5600000)
  from space 87040K, 30% used [0x00000000f5600000,0x00000000f7035e88,0x00000000fab00000)
  to   space 87040K, 0% used [0x00000000fab00000,0x00000000fab00000,0x0000000100000000)
 ParOldGen       total 1398272K, used 23575K [0x0000000080000000, 0x00000000d5580000, 0x00000000d5580000)
  object space 1398272K, 1% used [0x0000000080000000,0x0000000081705ce0,0x00000000d5580000)
 Metaspace       used 57415K, capacity 58776K, committed 59028K, reserved 1101824K
  class space    used 6625K, capacity 6890K, committed 6912K, reserved 1048576K
Event: 12.023 GC heap after
Heap after GC invocations=6 (full 2):
 PSYoungGen      total 611840K, used 16875K [0x00000000d5580000, 0x0000000100000000, 0x0000000100000000)
  eden space 524800K, 0% used [0x00000000d5580000,0x00000000d5580000,0x00000000f5600000)
  from space 87040K, 19% used [0x00000000fab00000,0x00000000fbb7ad58,0x0000000100000000)
  to   space 87040K, 0% used [0x00000000f5600000,0x00000000f5600000,0x00000000fab00000)
 ParOldGen       total 1398272K, used 23575K [0x0000000080000000, 0x00000000d5580000, 0x00000000d5580000)
  object space 1398272K, 1% used [0x0000000080000000,0x0000000081705ce0,0x00000000d5580000)
 Metaspace       used 57415K, capacity 58776K, committed 59028K, reserved 1101824K
  class space    used 6625K, capacity 6890K, committed 6912K, reserved 1048576K
}
Event: 12.023 GC heap before
{Heap before GC invocations=7 (full 3):
 PSYoungGen      total 611840K, used 16875K [0x00000000d5580000, 0x0000000100000000, 0x0000000100000000)
  eden space 524800K, 0% used [0x00000000d5580000,0x00000000d5580000,0x00000000f5600000)
  from space 87040K, 19% used [0x00000000fab00000,0x00000000fbb7ad58,0x0000000100000000)
  to   space 87040K, 0% used [0x00000000f5600000,0x00000000f5600000,0x00000000fab00000)
 ParOldGen       total 1398272K, used 23575K [0x0000000080000000, 0x00000000d5580000, 0x00000000d5580000)
  object space 1398272K, 1% used [0x0000000080000000,0x0000000081705ce0,0x00000000d5580000)
 Metaspace       used 57415K, capacity 58776K, committed 59028K, reserved 1101824K
  class space    used 6625K, capacity 6890K, committed 6912K, reserved 1048576K
Event: 12.261 GC heap after
Heap after GC invocations=7 (full 3):
 PSYoungGen      total 611840K, used 0K [0x00000000d5580000, 0x0000000100000000, 0x0000000100000000)
  eden space 524800K, 0% used [0x00000000d5580000,0x00000000d5580000,0x00000000f5600000)
  from space 87040K, 0% used [0x00000000fab00000,0x00000000fab00000,0x0000000100000000)
  to   space 87040K, 0% used [0x00000000f5600000,0x00000000f5600000,0x00000000fab00000)
 ParOldGen       total 1398272K, used 28437K [0x0000000080000000, 0x00000000d5580000, 0x00000000d5580000)
  object space 1398272K, 2% used [0x0000000080000000,0x0000000081bc5568,0x00000000d5580000)
 Metaspace       used 57397K, capacity 58730K, committed 59028K, reserved 1101824K
  class space    used 6618K, capacity 6879K, committed 6912K, reserved 1048576K
}

