# JRE version: OpenJDK Runtime Environment (8.0_212-b04) (build 1.8.0_212-b04)
# Java VM: OpenJDK 64-Bit Server VM (25.212-b04 mixed mode linux-amd64 compressed oops)
Heap:
 PSYoungGen      total 611840K, used 269636K [0x00000000d5580000, 0x0000000100000000, 0x0000000100000000)
  eden space 524800K, 51% used [0x00000000d5580000,0x00000000e5cd1910,0x00000000f5600000)
  from space 87040K, 0% used [0x00000000f5600000,0x00000000f5600000,0x00000000fab00000)
  to   space 87040K, 0% used [0x00000000fab00000,0x00000000fab00000,0x0000000100000000)
 ParOldGen       total 1398272K, used 42034K [0x0000000080000000, 0x00000000d5580000, 0x00000000d5580000)
  object space 1398272K, 3% used [0x0000000080000000,0x000000008290cb78,0x00000000d5580000)
 Metaspace       used 64218K, capacity 66842K, committed 67072K, reserved 1107968K
  class space    used 7379K, capacity 7837K, committed 7936K, reserved 1048576K
GC Heap History (10 events):
Event: 2.030 GC heap before
{Heap before GC invocations=2 (full 1):
 PSYoungGen      total 611840K, used 14291K [0x00000000d5580000, 0x0000000100000000, 0x0000000100000000)
  eden space 524800K, 0% used [0x00000000d5580000,0x00000000d5580000,0x00000000f5600000)
  from space 87040K, 16% used [0x00000000f5600000,0x00000000f63f4c78,0x00000000fab00000)
  to   space 87040K, 0% used [0x00000000fab00000,0x00000000fab00000,0x0000000100000000)
 ParOldGen       total 1398272K, used 80K [0x0000000080000000, 0x00000000d5580000, 0x00000000d5580000)
  object space 1398272K, 0% used [0x0000000080000000,0x0000000080014010,0x00000000d5580000)
 Metaspace       used 20836K, capacity 21106K, committed 21248K, reserved 1069056K
  class space    used 2369K, capacity 2482K, committed 2560K, reserved 1048576K
Event: 2.093 GC heap after
Heap after GC invocations=2 (full 1):
 PSYoungGen      total 611840K, used 0K [0x00000000d5580000, 0x0000000100000000, 0x0000000100000000)
  eden space 524800K, 0% used [0x00000000d5580000,0x00000000d5580000,0x00000000f5600000)
  from space 87040K, 0% used [0x00000000f5600000,0x00000000f5600000,0x00000000fab00000)
  to   space 87040K, 0% used [0x00000000fab00000,0x00000000fab00000,0x0000000100000000)
 ParOldGen       total 870912K, used 13794K [0x0000000080000000, 0x00000000b5280000, 0x00000000d5580000)
  object space 870912K, 1% used [0x0000000080000000,0x0000000080d78a80,0x00000000b5280000)
 Metaspace       used 20836K, capacity 21106K, committed 21248K, reserved 1069056K
  class space    used 2369K, capacity 2482K, committed 2560K, reserved 1048576K
}
Event: 4.379 GC heap before
{Heap before GC invocations=3 (full 1):
 PSYoungGen      total 611840K, used 403059K [0x00000000d5580000, 0x0000000100000000, 0x0000000100000000)
  eden space 524800K, 76% used [0x00000000d5580000,0x00000000edf1cd78,0x00000000f5600000)
  from space 87040K, 0% used [0x00000000f5600000,0x00000000f5600000,0x00000000fab00000)
  to   space 87040K, 0% used [0x00000000fab00000,0x00000000fab00000,0x0000000100000000)
 ParOldGen       total 870912K, used 13794K [0x0000000080000000, 0x00000000b5280000, 0x00000000d5580000)
  object space 870912K, 1% used [0x0000000080000000,0x0000000080d78a80,0x00000000b5280000)
 Metaspace       used 34806K, capacity 35188K, committed 35416K, reserved 1081344K
  class space    used 3966K, capacity 4092K, committed 4096K, reserved 1048576K
Event: 4.418 GC heap after
Heap after GC invocations=3 (full 1):
 PSYoungGen      total 611840K, used 19208K [0x00000000d5580000, 0x0000000100000000, 0x0000000100000000)
  eden space 524800K, 0% used [0x00000000d5580000,0x00000000d5580000,0x00000000f5600000)
  from space 87040K, 22% used [0x00000000fab00000,0x00000000fbdc2160,0x0000000100000000)
  to   space 87040K, 0% used [0x00000000f5600000,0x00000000f5600000,0x00000000fab00000)
 ParOldGen       total 870912K, used 13802K [0x0000000080000000, 0x00000000b5280000, 0x00000000d5580000)
  object space 870912K, 1% used [0x0000000080000000,0x0000000080d7aa80,0x00000000b5280000)
 Metaspace       used 34806K, capacity 35188K, committed 35416K, reserved 1081344K
  class space    used 3966K, capacity 4092K, committed 4096K, reserved 1048576K
}
Event: 4.418 GC heap before
{Heap before GC invocations=4 (full 2):
 PSYoungGen      total 611840K, used 19208K [0x00000000d5580000, 0x0000000100000000, 0x0000000100000000)
  eden space 524800K, 0% used [0x00000000d5580000,0x00000000d5580000,0x00000000f5600000)
  from space 87040K, 22% used [0x00000000fab00000,0x00000000fbdc2160,0x0000000100000000)
  to   space 87040K, 0% used [0x00000000f5600000,0x00000000f5600000,0x00000000fab00000)
 ParOldGen       total 870912K, used 13802K [0x0000000080000000, 0x00000000b5280000, 0x00000000d5580000)
  object space 870912K, 1% used [0x0000000080000000,0x0000000080d7aa80,0x00000000b5280000)
 Metaspace       used 34806K, capacity 35188K, committed 35416K, reserved 1081344K
  class space    used 3966K, capacity 4092K, committed 4096K, reserved 1048576K
Event: 4.527 GC heap after
Heap after GC invocations=4 (full 2):
 PSYoungGen      total 611840K, used 0K [0x00000000d5580000, 0x0000000100000000, 0x0000000100000000)
  eden space 524800K, 0% used [0x00000000d5580000,0x00000000d5580000,0x00000000f5600000)
  from space 87040K, 0% used [0x00000000fab00000,0x00000000fab00000,0x0000000100000000)
  to   space 87040K, 0% used [0x00000000f5600000,0x00000000f5600000,0x00000000fab00000)
 ParOldGen       total 1398272K, used 23572K [0x0000000080000000, 0x00000000d5580000, 0x00000000d5580000)
  object space 1398272K, 1% used [0x0000000080000000,0x0000000081705120,0x00000000d5580000)
 Metaspace       used 34806K, capacity 35188K, committed 35416K, reserved 1081344K
  class space    used 3966K, capacity 4092K, committed 4096K, reserved 1048576K
}
Event: 11.266 GC heap before
{Heap before GC invocations=5 (full 2):
 PSYoungGen      total 611840K, used 425144K [0x00000000d5580000, 0x0000000100000000, 0x0000000100000000)
  eden space 524800K, 81% used [0x00000000d5580000,0x00000000ef4ae2c0,0x00000000f5600000)
  from space 87040K, 0% used [0x00000000fab00000,0x00000000fab00000,0x0000000100000000)
  to   space 87040K, 0% used [0x00000000f5600000,0x00000000f5600000,0x00000000fab00000)
 ParOldGen       total 1398272K, used 23572K [0x0000000080000000, 0x00000000d5580000, 0x00000000d5580000)
  object space 1398272K, 1% used [0x0000000080000000,0x0000000081705120,0x00000000d5580000)
 Metaspace       used 57413K, capacity 58844K, committed 59008K, reserved 1101824K
  class space    used 6645K, capacity 6932K, committed 7040K, reserved 1048576K
Event: 11.331 GC heap after
Heap after GC invocations=5 (full 2):
 PSYoungGen      total 611840K, used 31433K [0x00000000d5580000, 0x0000000100000000, 0x0000000100000000)
  eden space 524800K, 0% used [0x00000000d5580000,0x00000000d5580000,0x00000000f5600000)
  from space 87040K, 36% used [0x00000000f5600000,0x00000000f74b26f0,0x00000000fab00000)
  to   space 87040K, 0% used [0x00000000fab00000,0x00000000fab00000,0x0000000100000000)
 ParOldGen       total 1398272K, used 23580K [0x0000000080000000, 0x00000000d5580000, 0x00000000d5580000)
  object space 1398272K, 1% used [0x0000000080000000,0x0000000081707120,0x00000000d5580000)
 Metaspace       used 57413K, capacity 58844K, committed 59008K, reserved 1101824K
  class space    used 6645K, capacity 6932K, committed 7040K, reserved 1048576K
}
Event: 11.331 GC heap before
{Heap before GC invocations=6 (full 3):
 PSYoungGen      total 611840K, used 31433K [0x00000000d5580000, 0x0000000100000000, 0x0000000100000000)
  eden space 524800K, 0% used [0x00000000d5580000,0x00000000d5580000,0x00000000f5600000)
  from space 87040K, 36% used [0x00000000f5600000,0x00000000f74b26f0,0x00000000fab00000)
  to   space 87040K, 0% used [0x00000000fab00000,0x00000000fab00000,0x0000000100000000)
 ParOldGen       total 1398272K, used 23580K [0x0000000080000000, 0x00000000d5580000, 0x00000000d5580000)
  object space 1398272K, 1% used [0x0000000080000000,0x0000000081707120,0x00000000d5580000)
 Metaspace       used 57413K, capacity 58844K, committed 59008K, reserved 1101824K
  class space    used 6645K, capacity 6932K, committed 7040K, reserved 1048576K
Event: 11.562 GC heap after
Heap after GC invocations=6 (full 3):
 PSYoungGen      total 611840K, used 0K [0x00000000d5580000, 0x0000000100000000, 0x0000000100000000)
  eden space 524800K, 0% used [0x00000000d5580000,0x00000000d5580000,0x00000000f5600000)
  from space 87040K, 0% used [0x00000000f5600000,0x00000000f5600000,0x00000000fab00000)
  to   space 87040K, 0% used [0x00000000fab00000,0x00000000fab00000,0x0000000100000000)
 ParOldGen       total 1398272K, used 42034K [0x0000000080000000, 0x00000000d5580000, 0x00000000d5580000)
  object space 1398272K, 3% used [0x0000000080000000,0x000000008290cb78,0x00000000d5580000)
 Metaspace       used 57379K, capacity 58758K, committed 59008K, reserved 1101824K
  class space    used 6633K, capacity 6911K, committed 7040K, reserved 1048576K
}

