# JRE version: OpenJDK Runtime Environment (8.0_212-b04) (build 1.8.0_212-b04)
# Java VM: OpenJDK 64-Bit Server VM (25.212-b04 mixed mode linux-amd64 compressed oops)
Heap:
 PSYoungGen      total 611840K, used 240687K [0x00000000d5580000, 0x0000000100000000, 0x0000000100000000)
  eden space 524800K, 45% used [0x00000000d5580000,0x00000000e408bd00,0x00000000f5600000)
  from space 87040K, 0% used [0x00000000f5600000,0x00000000f5600000,0x00000000fab00000)
  to   space 87040K, 0% used [0x00000000fab00000,0x00000000fab00000,0x0000000100000000)
 ParOldGen       total 1398272K, used 45224K [0x0000000080000000, 0x00000000d5580000, 0x00000000d5580000)
  object space 1398272K, 3% used [0x0000000080000000,0x0000000082c2a1c0,0x00000000d5580000)
 Metaspace       used 65463K, capacity 70022K, committed 70272K, reserved 1112064K
  class space    used 7745K, capacity 8541K, committed 8576K, reserved 1048576K
GC Heap History (10 events):
Event: 2.065 GC heap before
{Heap before GC invocations=2 (full 1):
 PSYoungGen      total 611840K, used 14303K [0x00000000d5580000, 0x0000000100000000, 0x0000000100000000)
  eden space 524800K, 0% used [0x00000000d5580000,0x00000000d5580000,0x00000000f5600000)
  from space 87040K, 16% used [0x00000000f5600000,0x00000000f63f7f28,0x00000000fab00000)
  to   space 87040K, 0% used [0x00000000fab00000,0x00000000fab00000,0x0000000100000000)
 ParOldGen       total 1398272K, used 80K [0x0000000080000000, 0x00000000d5580000, 0x00000000d5580000)
  object space 1398272K, 0% used [0x0000000080000000,0x0000000080014010,0x00000000d5580000)
 Metaspace       used 20822K, capacity 21106K, committed 21248K, reserved 1069056K
  class space    used 2371K, capacity 2482K, committed 2560K, reserved 1048576K
Event: 2.135 GC heap after
Heap after GC invocations=2 (full 1):
 PSYoungGen      total 611840K, used 0K [0x00000000d5580000, 0x0000000100000000, 0x0000000100000000)
  eden space 524800K, 0% used [0x00000000d5580000,0x00000000d5580000,0x00000000f5600000)
  from space 87040K, 0% used [0x00000000f5600000,0x00000000f5600000,0x00000000fab00000)
  to   space 87040K, 0% used [0x00000000fab00000,0x00000000fab00000,0x0000000100000000)
 ParOldGen       total 868352K, used 13775K [0x0000000080000000, 0x00000000b5000000, 0x00000000d5580000)
  object space 868352K, 1% used [0x0000000080000000,0x0000000080d73f38,0x00000000b5000000)
 Metaspace       used 20822K, capacity 21106K, committed 21248K, reserved 1069056K
  class space    used 2371K, capacity 2482K, committed 2560K, reserved 1048576K
}
Event: 5.386 GC heap before
{Heap before GC invocations=3 (full 1):
 PSYoungGen      total 611840K, used 413981K [0x00000000d5580000, 0x0000000100000000, 0x0000000100000000)
  eden space 524800K, 78% used [0x00000000d5580000,0x00000000ee9c77f8,0x00000000f5600000)
  from space 87040K, 0% used [0x00000000f5600000,0x00000000f5600000,0x00000000fab00000)
  to   space 87040K, 0% used [0x00000000fab00000,0x00000000fab00000,0x0000000100000000)
 ParOldGen       total 868352K, used 13775K [0x0000000080000000, 0x00000000b5000000, 0x00000000d5580000)
  object space 868352K, 1% used [0x0000000080000000,0x0000000080d73f38,0x00000000b5000000)
 Metaspace       used 34809K, capacity 35182K, committed 35416K, reserved 1081344K
  class space    used 3973K, capacity 4091K, committed 4096K, reserved 1048576K
Event: 5.434 GC heap after
Heap after GC invocations=3 (full 1):
 PSYoungGen      total 611840K, used 19174K [0x00000000d5580000, 0x0000000100000000, 0x0000000100000000)
  eden space 524800K, 0% used [0x00000000d5580000,0x00000000d5580000,0x00000000f5600000)
  from space 87040K, 22% used [0x00000000fab00000,0x00000000fbdb9968,0x0000000100000000)
  to   space 87040K, 0% used [0x00000000f5600000,0x00000000f5600000,0x00000000fab00000)
 ParOldGen       total 868352K, used 13783K [0x0000000080000000, 0x00000000b5000000, 0x00000000d5580000)
  object space 868352K, 1% used [0x0000000080000000,0x0000000080d75f38,0x00000000b5000000)
 Metaspace       used 34809K, capacity 35182K, committed 35416K, reserved 1081344K
  class space    used 3973K, capacity 4091K, committed 4096K, reserved 1048576K
}
Event: 5.434 GC heap before
{Heap before GC invocations=4 (full 2):
 PSYoungGen      total 611840K, used 19174K [0x00000000d5580000, 0x0000000100000000, 0x0000000100000000)
  eden space 524800K, 0% used [0x00000000d5580000,0x00000000d5580000,0x00000000f5600000)
  from space 87040K, 22% used [0x00000000fab00000,0x00000000fbdb9968,0x0000000100000000)
  to   space 87040K, 0% used [0x00000000f5600000,0x00000000f5600000,0x00000000fab00000)
 ParOldGen       total 868352K, used 13783K [0x0000000080000000, 0x00000000b5000000, 0x00000000d5580000)
  object space 868352K, 1% used [0x0000000080000000,0x0000000080d75f38,0x00000000b5000000)
 Metaspace       used 34809K, capacity 35182K, committed 35416K, reserved 1081344K
  class space    used 3973K, capacity 4091K, committed 4096K, reserved 1048576K
Event: 5.571 GC heap after
Heap after GC invocations=4 (full 2):
 PSYoungGen      total 611840K, used 0K [0x00000000d5580000, 0x0000000100000000, 0x0000000100000000)
  eden space 524800K, 0% used [0x00000000d5580000,0x00000000d5580000,0x00000000f5600000)
  from space 87040K, 0% used [0x00000000fab00000,0x00000000fab00000,0x0000000100000000)
  to   space 87040K, 0% used [0x00000000f5600000,0x00000000f5600000,0x00000000fab00000)
 ParOldGen       total 1398272K, used 23614K [0x0000000080000000, 0x00000000d5580000, 0x00000000d5580000)
  object space 1398272K, 1% used [0x0000000080000000,0x000000008170f8c0,0x00000000d5580000)
 Metaspace       used 34809K, capacity 35182K, committed 35416K, reserved 1081344K
  class space    used 3973K, capacity 4091K, committed 4096K, reserved 1048576K
}
Event: 12.527 GC heap before
{Heap before GC invocations=5 (full 2):
 PSYoungGen      total 611840K, used 466783K [0x00000000d5580000, 0x0000000100000000, 0x0000000100000000)
  eden space 524800K, 88% used [0x00000000d5580000,0x00000000f1d57ff8,0x00000000f5600000)
  from space 87040K, 0% used [0x00000000fab00000,0x00000000fab00000,0x0000000100000000)
  to   space 87040K, 0% used [0x00000000f5600000,0x00000000f5600000,0x00000000fab00000)
 ParOldGen       total 1398272K, used 23614K [0x0000000080000000, 0x00000000d5580000, 0x00000000d5580000)
  object space 1398272K, 1% used [0x0000000080000000,0x000000008170f8c0,0x00000000d5580000)
 Metaspace       used 57332K, capacity 58888K, committed 59008K, reserved 1101824K
  class space    used 6641K, capacity 6936K, committed 7040K, reserved 1048576K
Event: 12.598 GC heap after
Heap after GC invocations=5 (full 2):
 PSYoungGen      total 611840K, used 34784K [0x00000000d5580000, 0x0000000100000000, 0x0000000100000000)
  eden space 524800K, 0% used [0x00000000d5580000,0x00000000d5580000,0x00000000f5600000)
  from space 87040K, 39% used [0x00000000f5600000,0x00000000f77f80b8,0x00000000fab00000)
  to   space 87040K, 0% used [0x00000000fab00000,0x00000000fab00000,0x0000000100000000)
 ParOldGen       total 1398272K, used 23622K [0x0000000080000000, 0x00000000d5580000, 0x00000000d5580000)
  object space 1398272K, 1% used [0x0000000080000000,0x00000000817118c0,0x00000000d5580000)
 Metaspace       used 57332K, capacity 58888K, committed 59008K, reserved 1101824K
  class space    used 6641K, capacity 6936K, committed 7040K, reserved 1048576K
}
Event: 12.598 GC heap before
{Heap before GC invocations=6 (full 3):
 PSYoungGen      total 611840K, used 34784K [0x00000000d5580000, 0x0000000100000000, 0x0000000100000000)
  eden space 524800K, 0% used [0x00000000d5580000,0x00000000d5580000,0x00000000f5600000)
  from space 87040K, 39% used [0x00000000f5600000,0x00000000f77f80b8,0x00000000fab00000)
  to   space 87040K, 0% used [0x00000000fab00000,0x00000000fab00000,0x0000000100000000)
 ParOldGen       total 1398272K, used 23622K [0x0000000080000000, 0x00000000d5580000, 0x00000000d5580000)
  object space 1398272K, 1% used [0x0000000080000000,0x00000000817118c0,0x00000000d5580000)
 Metaspace       used 57332K, capacity 58888K, committed 59008K, reserved 1101824K
  class space    used 6641K, capacity 6936K, committed 7040K, reserved 1048576K
Event: 12.841 GC heap after
Heap after GC invocations=6 (full 3):
 PSYoungGen      total 611840K, used 0K [0x00000000d5580000, 0x0000000100000000, 0x0000000100000000)
  eden space 524800K, 0% used [0x00000000d5580000,0x00000000d5580000,0x00000000f5600000)
  from space 87040K, 0% used [0x00000000f5600000,0x00000000f5600000,0x00000000fab00000)
  to   space 87040K, 0% used [0x00000000fab00000,0x00000000fab00000,0x0000000100000000)
 ParOldGen       total 1398272K, used 45224K [0x0000000080000000, 0x00000000d5580000, 0x00000000d5580000)
  object space 1398272K, 3% used [0x0000000080000000,0x0000000082c2a1c0,0x00000000d5580000)
 Metaspace       used 57224K, capacity 58614K, committed 59008K, reserved 1101824K
  class space    used 6610K, capacity 6881K, committed 7040K, reserved 1048576K
}

