# JRE version: OpenJDK Runtime Environment (8.0_212-b04) (build 1.8.0_212-b04)
# Java VM: OpenJDK 64-Bit Server VM (25.212-b04 mixed mode linux-amd64 compressed oops)
Heap:
 PSYoungGen      total 611840K, used 487696K [0x00000000d5580000, 0x00000000fdf00000, 0x0000000100000000)
  eden space 524800K, 76% used [0x00000000d5580000,0x00000000edccbd18,0x00000000f5600000)
  from space 87040K, 99% used [0x00000000f5600000,0x00000000faaf8608,0x00000000fab00000)
  to   space 53248K, 0% used [0x00000000fab00000,0x00000000fab00000,0x00000000fdf00000)
 ParOldGen       total 1398272K, used 33909K [0x0000000080000000, 0x00000000d5580000, 0x00000000d5580000)
  object space 1398272K, 2% used [0x0000000080000000,0x000000008211d760,0x00000000d5580000)
 Metaspace       used 79476K, capacity 83067K, committed 83328K, reserved 1122304K
  class space    used 9178K, capacity 9826K, committed 9856K, reserved 1048576K
GC Heap History (10 events):
Event: 4.465 GC heap before
{Heap before GC invocations=4 (full 2):
 PSYoungGen      total 611840K, used 19422K [0x00000000d5580000, 0x0000000100000000, 0x0000000100000000)
  eden space 524800K, 0% used [0x00000000d5580000,0x00000000d5580000,0x00000000f5600000)
  from space 87040K, 22% used [0x00000000fab00000,0x00000000fbdf7ba0,0x0000000100000000)
  to   space 87040K, 0% used [0x00000000f5600000,0x00000000f5600000,0x00000000fab00000)
 ParOldGen       total 883712K, used 13513K [0x0000000080000000, 0x00000000b5f00000, 0x00000000d5580000)
  object space 883712K, 1% used [0x0000000080000000,0x0000000080d324a8,0x00000000b5f00000)
 Metaspace       used 34733K, capacity 35018K, committed 35416K, reserved 1081344K
  class space    used 4189K, capacity 4289K, committed 4352K, reserved 1048576K
Event: 4.612 GC heap after
Heap after GC invocations=4 (full 2):
 PSYoungGen      total 611840K, used 0K [0x00000000d5580000, 0x0000000100000000, 0x0000000100000000)
  eden space 524800K, 0% used [0x00000000d5580000,0x00000000d5580000,0x00000000f5600000)
  from space 87040K, 0% used [0x00000000fab00000,0x00000000fab00000,0x0000000100000000)
  to   space 87040K, 0% used [0x00000000f5600000,0x00000000f5600000,0x00000000fab00000)
 ParOldGen       total 1398272K, used 24281K [0x0000000080000000, 0x00000000d5580000, 0x00000000d5580000)
  object space 1398272K, 1% used [0x0000000080000000,0x00000000817b67b0,0x00000000d5580000)
 Metaspace       used 34733K, capacity 35018K, committed 35416K, reserved 1081344K
  class space    used 4189K, capacity 4289K, committed 4352K, reserved 1048576K
}
Event: 7.320 GC heap before
{Heap before GC invocations=5 (full 2):
 PSYoungGen      total 611840K, used 524800K [0x00000000d5580000, 0x0000000100000000, 0x0000000100000000)
  eden space 524800K, 100% used [0x00000000d5580000,0x00000000f5600000,0x00000000f5600000)
  from space 87040K, 0% used [0x00000000fab00000,0x00000000fab00000,0x0000000100000000)
  to   space 87040K, 0% used [0x00000000f5600000,0x00000000f5600000,0x00000000fab00000)
 ParOldGen       total 1398272K, used 24281K [0x0000000080000000, 0x00000000d5580000, 0x00000000d5580000)
  object space 1398272K, 1% used [0x0000000080000000,0x00000000817b67b0,0x00000000d5580000)
 Metaspace       used 49331K, capacity 50144K, committed 50432K, reserved 1093632K
  class space    used 5879K, capacity 6084K, committed 6144K, reserved 1048576K
Event: 7.362 GC heap after
Heap after GC invocations=5 (full 2):
 PSYoungGen      total 611840K, used 20247K [0x00000000d5580000, 0x0000000100000000, 0x0000000100000000)
  eden space 524800K, 0% used [0x00000000d5580000,0x00000000d5580000,0x00000000f5600000)
  from space 87040K, 23% used [0x00000000f5600000,0x00000000f69c5e38,0x00000000fab00000)
  to   space 87040K, 0% used [0x00000000fab00000,0x00000000fab00000,0x0000000100000000)
 ParOldGen       total 1398272K, used 24289K [0x0000000080000000, 0x00000000d5580000, 0x00000000d5580000)
  object space 1398272K, 1% used [0x0000000080000000,0x00000000817b87b0,0x00000000d5580000)
 Metaspace       used 49331K, capacity 50144K, committed 50432K, reserved 1093632K
  class space    used 5879K, capacity 6084K, committed 6144K, reserved 1048576K
}
Event: 11.773 GC heap before
{Heap before GC invocations=6 (full 2):
 PSYoungGen      total 611840K, used 325433K [0x00000000d5580000, 0x0000000100000000, 0x0000000100000000)
  eden space 524800K, 58% used [0x00000000d5580000,0x00000000e7f88610,0x00000000f5600000)
  from space 87040K, 23% used [0x00000000f5600000,0x00000000f69c5e38,0x00000000fab00000)
  to   space 87040K, 0% used [0x00000000fab00000,0x00000000fab00000,0x0000000100000000)
 ParOldGen       total 1398272K, used 24289K [0x0000000080000000, 0x00000000d5580000, 0x00000000d5580000)
  object space 1398272K, 1% used [0x0000000080000000,0x00000000817b87b0,0x00000000d5580000)
 Metaspace       used 57719K, capacity 58917K, committed 59028K, reserved 1101824K
  class space    used 6942K, capacity 7168K, committed 7168K, reserved 1048576K
Event: 11.855 GC heap after
Heap after GC invocations=6 (full 2):
 PSYoungGen      total 611840K, used 19857K [0x00000000d5580000, 0x0000000100000000, 0x0000000100000000)
  eden space 524800K, 0% used [0x00000000d5580000,0x00000000d5580000,0x00000000f5600000)
  from space 87040K, 22% used [0x00000000fab00000,0x00000000fbe64620,0x0000000100000000)
  to   space 87040K, 0% used [0x00000000f5600000,0x00000000f5600000,0x00000000fab00000)
 ParOldGen       total 1398272K, used 24297K [0x0000000080000000, 0x00000000d5580000, 0x00000000d5580000)
  object space 1398272K, 1% used [0x0000000080000000,0x00000000817ba7b0,0x00000000d5580000)
 Metaspace       used 57719K, capacity 58917K, committed 59028K, reserved 1101824K
  class space    used 6942K, capacity 7168K, committed 7168K, reserved 1048576K
}
Event: 11.855 GC heap before
{Heap before GC invocations=7 (full 3):
 PSYoungGen      total 611840K, used 19857K [0x00000000d5580000, 0x0000000100000000, 0x0000000100000000)
  eden space 524800K, 0% used [0x00000000d5580000,0x00000000d5580000,0x00000000f5600000)
  from space 87040K, 22% used [0x00000000fab00000,0x00000000fbe64620,0x0000000100000000)
  to   space 87040K, 0% used [0x00000000f5600000,0x00000000f5600000,0x00000000fab00000)
 ParOldGen       total 1398272K, used 24297K [0x0000000080000000, 0x00000000d5580000, 0x00000000d5580000)
  object space 1398272K, 1% used [0x0000000080000000,0x00000000817ba7b0,0x00000000d5580000)
 Metaspace       used 57719K, capacity 58917K, committed 59028K, reserved 1101824K
  class space    used 6942K, capacity 7168K, committed 7168K, reserved 1048576K
Event: 12.171 GC heap after
Heap after GC invocations=7 (full 3):
 PSYoungGen      total 611840K, used 0K [0x00000000d5580000, 0x0000000100000000, 0x0000000100000000)
  eden space 524800K, 0% used [0x00000000d5580000,0x00000000d5580000,0x00000000f5600000)
  from space 87040K, 0% used [0x00000000fab00000,0x00000000fab00000,0x0000000100000000)
  to   space 87040K, 0% used [0x00000000f5600000,0x00000000f5600000,0x00000000fab00000)
 ParOldGen       total 1398272K, used 32397K [0x0000000080000000, 0x00000000d5580000, 0x00000000d5580000)
  object space 1398272K, 2% used [0x0000000080000000,0x0000000081fa3760,0x00000000d5580000)
 Metaspace       used 57641K, capacity 58727K, committed 59028K, reserved 1101824K
  class space    used 6914K, capacity 7119K, committed 7168K, reserved 1048576K
}
Event: 21.824 GC heap before
{Heap before GC invocations=8 (full 3):
 PSYoungGen      total 611840K, used 524800K [0x00000000d5580000, 0x0000000100000000, 0x0000000100000000)
  eden space 524800K, 100% used [0x00000000d5580000,0x00000000f5600000,0x00000000f5600000)
  from space 87040K, 0% used [0x00000000fab00000,0x00000000fab00000,0x0000000100000000)
  to   space 87040K, 0% used [0x00000000f5600000,0x00000000f5600000,0x00000000fab00000)
 ParOldGen       total 1398272K, used 32397K [0x0000000080000000, 0x00000000d5580000, 0x00000000d5580000)
  object space 1398272K, 2% used [0x0000000080000000,0x0000000081fa3760,0x00000000d5580000)
 Metaspace       used 76413K, capacity 79341K, committed 79488K, reserved 1120256K
  class space    used 8932K, capacity 9485K, committed 9600K, reserved 1048576K
Event: 21.948 GC heap after
Heap after GC invocations=8 (full 3):
 PSYoungGen      total 611840K, used 87009K [0x00000000d5580000, 0x00000000fdf00000, 0x0000000100000000)
  eden space 524800K, 0% used [0x00000000d5580000,0x00000000d5580000,0x00000000f5600000)
  from space 87040K, 99% used [0x00000000f5600000,0x00000000faaf8608,0x00000000fab00000)
  to   space 53248K, 0% used [0x00000000fab00000,0x00000000fab00000,0x00000000fdf00000)
 ParOldGen       total 1398272K, used 33909K [0x0000000080000000, 0x00000000d5580000, 0x00000000d5580000)
  object space 1398272K, 2% used [0x0000000080000000,0x000000008211d760,0x00000000d5580000)
 Metaspace       used 76413K, capacity 79341K, committed 79488K, reserved 1120256K
  class space    used 8932K, capacity 9485K, committed 9600K, reserved 1048576K
}

