# JRE version: OpenJDK Runtime Environment (8.0_212-b04) (build 1.8.0_212-b04)
# Java VM: OpenJDK 64-Bit Server VM (25.212-b04 mixed mode linux-amd64 compressed oops)
Heap:
 PSYoungGen      total 611840K, used 423776K [0x00000000d5580000, 0x0000000100000000, 0x0000000100000000)
  eden space 524800K, 64% used [0x00000000d5580000,0x00000000e9e5d380,0x00000000f5600000)
  from space 87040K, 99% used [0x00000000fab00000,0x00000000ffffad80,0x0000000100000000)
  to   space 87040K, 0% used [0x00000000f5600000,0x00000000f5600000,0x00000000fab00000)
 ParOldGen       total 1398272K, used 56458K [0x0000000080000000, 0x00000000d5580000, 0x00000000d5580000)
  object space 1398272K, 4% used [0x0000000080000000,0x0000000083722ba8,0x00000000d5580000)
 Metaspace       used 67484K, capacity 71370K, committed 71680K, reserved 1112064K
  class space    used 7661K, capacity 8347K, committed 8448K, reserved 1048576K
GC Heap History (10 events):
Event: 4.570 GC heap before
{Heap before GC invocations=3 (full 1):
 PSYoungGen      total 611840K, used 413682K [0x00000000d5580000, 0x0000000100000000, 0x0000000100000000)
  eden space 524800K, 78% used [0x00000000d5580000,0x00000000ee97c888,0x00000000f5600000)
  from space 87040K, 0% used [0x00000000f5600000,0x00000000f5600000,0x00000000fab00000)
  to   space 87040K, 0% used [0x00000000fab00000,0x00000000fab00000,0x0000000100000000)
 ParOldGen       total 891904K, used 13782K [0x0000000080000000, 0x00000000b6700000, 0x00000000d5580000)
  object space 891904K, 1% used [0x0000000080000000,0x0000000080d75a48,0x00000000b6700000)
 Metaspace       used 34845K, capacity 35182K, committed 35416K, reserved 1081344K
  class space    used 3974K, capacity 4091K, committed 4096K, reserved 1048576K
Event: 4.611 GC heap after
Heap after GC invocations=3 (full 1):
 PSYoungGen      total 611840K, used 19237K [0x00000000d5580000, 0x0000000100000000, 0x0000000100000000)
  eden space 524800K, 0% used [0x00000000d5580000,0x00000000d5580000,0x00000000f5600000)
  from space 87040K, 22% used [0x00000000fab00000,0x00000000fbdc9580,0x0000000100000000)
  to   space 87040K, 0% used [0x00000000f5600000,0x00000000f5600000,0x00000000fab00000)
 ParOldGen       total 891904K, used 13790K [0x0000000080000000, 0x00000000b6700000, 0x00000000d5580000)
  object space 891904K, 1% used [0x0000000080000000,0x0000000080d77a48,0x00000000b6700000)
 Metaspace       used 34845K, capacity 35182K, committed 35416K, reserved 1081344K
  class space    used 3974K, capacity 4091K, committed 4096K, reserved 1048576K
}
Event: 4.612 GC heap before
{Heap before GC invocations=4 (full 2):
 PSYoungGen      total 611840K, used 19237K [0x00000000d5580000, 0x0000000100000000, 0x0000000100000000)
  eden space 524800K, 0% used [0x00000000d5580000,0x00000000d5580000,0x00000000f5600000)
  from space 87040K, 22% used [0x00000000fab00000,0x00000000fbdc9580,0x0000000100000000)
  to   space 87040K, 0% used [0x00000000f5600000,0x00000000f5600000,0x00000000fab00000)
 ParOldGen       total 891904K, used 13790K [0x0000000080000000, 0x00000000b6700000, 0x00000000d5580000)
  object space 891904K, 1% used [0x0000000080000000,0x0000000080d77a48,0x00000000b6700000)
 Metaspace       used 34845K, capacity 35182K, committed 35416K, reserved 1081344K
  class space    used 3974K, capacity 4091K, committed 4096K, reserved 1048576K
Event: 4.731 GC heap after
Heap after GC invocations=4 (full 2):
 PSYoungGen      total 611840K, used 0K [0x00000000d5580000, 0x0000000100000000, 0x0000000100000000)
  eden space 524800K, 0% used [0x00000000d5580000,0x00000000d5580000,0x00000000f5600000)
  from space 87040K, 0% used [0x00000000fab00000,0x00000000fab00000,0x0000000100000000)
  to   space 87040K, 0% used [0x00000000f5600000,0x00000000f5600000,0x00000000fab00000)
 ParOldGen       total 1398272K, used 23625K [0x0000000080000000, 0x00000000d5580000, 0x00000000d5580000)
  object space 1398272K, 1% used [0x0000000080000000,0x0000000081712610,0x00000000d5580000)
 Metaspace       used 34845K, capacity 35182K, committed 35416K, reserved 1081344K
  class space    used 3974K, capacity 4091K, committed 4096K, reserved 1048576K
}
Event: 11.639 GC heap before
{Heap before GC invocations=5 (full 2):
 PSYoungGen      total 611840K, used 489475K [0x00000000d5580000, 0x0000000100000000, 0x0000000100000000)
  eden space 524800K, 93% used [0x00000000d5580000,0x00000000f3380fc8,0x00000000f5600000)
  from space 87040K, 0% used [0x00000000fab00000,0x00000000fab00000,0x0000000100000000)
  to   space 87040K, 0% used [0x00000000f5600000,0x00000000f5600000,0x00000000fab00000)
 ParOldGen       total 1398272K, used 23625K [0x0000000080000000, 0x00000000d5580000, 0x00000000d5580000)
  object space 1398272K, 1% used [0x0000000080000000,0x0000000081712610,0x00000000d5580000)
 Metaspace       used 57422K, capacity 58834K, committed 59008K, reserved 1101824K
  class space    used 6641K, capacity 6937K, committed 7040K, reserved 1048576K
Event: 11.702 GC heap after
Heap after GC invocations=5 (full 2):
 PSYoungGen      total 611840K, used 34837K [0x00000000d5580000, 0x0000000100000000, 0x0000000100000000)
  eden space 524800K, 0% used [0x00000000d5580000,0x00000000d5580000,0x00000000f5600000)
  from space 87040K, 40% used [0x00000000f5600000,0x00000000f7805688,0x00000000fab00000)
  to   space 87040K, 0% used [0x00000000fab00000,0x00000000fab00000,0x0000000100000000)
 ParOldGen       total 1398272K, used 23633K [0x0000000080000000, 0x00000000d5580000, 0x00000000d5580000)
  object space 1398272K, 1% used [0x0000000080000000,0x0000000081714610,0x00000000d5580000)
 Metaspace       used 57422K, capacity 58834K, committed 59008K, reserved 1101824K
  class space    used 6641K, capacity 6937K, committed 7040K, reserved 1048576K
}
Event: 11.702 GC heap before
{Heap before GC invocations=6 (full 3):
 PSYoungGen      total 611840K, used 34837K [0x00000000d5580000, 0x0000000100000000, 0x0000000100000000)
  eden space 524800K, 0% used [0x00000000d5580000,0x00000000d5580000,0x00000000f5600000)
  from space 87040K, 40% used [0x00000000f5600000,0x00000000f7805688,0x00000000fab00000)
  to   space 87040K, 0% used [0x00000000fab00000,0x00000000fab00000,0x0000000100000000)
 ParOldGen       total 1398272K, used 23633K [0x0000000080000000, 0x00000000d5580000, 0x00000000d5580000)
  object space 1398272K, 1% used [0x0000000080000000,0x0000000081714610,0x00000000d5580000)
 Metaspace       used 57422K, capacity 58834K, committed 59008K, reserved 1101824K
  class space    used 6641K, capacity 6937K, committed 7040K, reserved 1048576K
Event: 11.945 GC heap after
Heap after GC invocations=6 (full 3):
 PSYoungGen      total 611840K, used 0K [0x00000000d5580000, 0x0000000100000000, 0x0000000100000000)
  eden space 524800K, 0% used [0x00000000d5580000,0x00000000d5580000,0x00000000f5600000)
  from space 87040K, 0% used [0x00000000f5600000,0x00000000f5600000,0x00000000fab00000)
  to   space 87040K, 0% used [0x00000000fab00000,0x00000000fab00000,0x0000000100000000)
 ParOldGen       total 1398272K, used 45265K [0x0000000080000000, 0x00000000d5580000, 0x00000000d5580000)
  object space 1398272K, 3% used [0x0000000080000000,0x0000000082c346c8,0x00000000d5580000)
 Metaspace       used 57388K, capacity 58760K, committed 59008K, reserved 1101824K
  class space    used 6630K, capacity 6918K, committed 7040K, reserved 1048576K
}
Event: 29.099 GC heap before
{Heap before GC invocations=7 (full 3):
 PSYoungGen      total 611840K, used 524527K [0x00000000d5580000, 0x0000000100000000, 0x0000000100000000)
  eden space 524800K, 99% used [0x00000000d5580000,0x00000000f55bbe60,0x00000000f5600000)
  from space 87040K, 0% used [0x00000000f5600000,0x00000000f5600000,0x00000000fab00000)
  to   space 87040K, 0% used [0x00000000fab00000,0x00000000fab00000,0x0000000100000000)
 ParOldGen       total 1398272K, used 45265K [0x0000000080000000, 0x00000000d5580000, 0x00000000d5580000)
  object space 1398272K, 3% used [0x0000000080000000,0x0000000082c346c8,0x00000000d5580000)
 Metaspace       used 65663K, capacity 68754K, committed 68992K, reserved 1110016K
  class space    used 7486K, capacity 8025K, committed 8064K, reserved 1048576K
Event: 29.206 GC heap after
Heap after GC invocations=7 (full 3):
 PSYoungGen      total 611840K, used 87019K [0x00000000d5580000, 0x0000000100000000, 0x0000000100000000)
  eden space 524800K, 0% used [0x00000000d5580000,0x00000000d5580000,0x00000000f5600000)
  from space 87040K, 99% used [0x00000000fab00000,0x00000000ffffad80,0x0000000100000000)
  to   space 87040K, 0% used [0x00000000f5600000,0x00000000f5600000,0x00000000fab00000)
 ParOldGen       total 1398272K, used 56458K [0x0000000080000000, 0x00000000d5580000, 0x00000000d5580000)
  object space 1398272K, 4% used [0x0000000080000000,0x0000000083722ba8,0x00000000d5580000)
 Metaspace       used 65663K, capacity 68754K, committed 68992K, reserved 1110016K
  class space    used 7486K, capacity 8025K, committed 8064K, reserved 1048576K
}

