# JRE version: OpenJDK Runtime Environment (8.0_212-b04) (build 1.8.0_212-b04)
# Java VM: OpenJDK 64-Bit Server VM (25.212-b04 mixed mode linux-amd64 compressed oops)
Heap:
 PSYoungGen      total 611840K, used 456184K [0x00000000d5580000, 0x0000000100000000, 0x0000000100000000)
  eden space 524800K, 70% used [0x00000000d5580000,0x00000000ebe027d0,0x00000000f5600000)
  from space 87040K, 99% used [0x00000000fab00000,0x00000000ffffb928,0x0000000100000000)
  to   space 87040K, 0% used [0x00000000f5600000,0x00000000f5600000,0x00000000fab00000)
 ParOldGen       total 1398272K, used 51524K [0x0000000080000000, 0x00000000d5580000, 0x00000000d5580000)
  object space 1398272K, 3% used [0x0000000080000000,0x0000000083251038,0x00000000d5580000)
 Metaspace       used 68855K, capacity 71959K, committed 72320K, reserved 1114112K
  class space    used 7649K, capacity 8214K, committed 8320K, reserved 1048576K
GC Heap History (10 events):
Event: 4.487 GC heap before
{Heap before GC invocations=3 (full 1):
 PSYoungGen      total 611840K, used 374117K [0x00000000d5580000, 0x0000000100000000, 0x0000000100000000)
  eden space 524800K, 71% used [0x00000000d5580000,0x00000000ec2d94b0,0x00000000f5600000)
  from space 87040K, 0% used [0x00000000f5600000,0x00000000f5600000,0x00000000fab00000)
  to   space 87040K, 0% used [0x00000000fab00000,0x00000000fab00000,0x0000000100000000)
 ParOldGen       total 856064K, used 13632K [0x0000000080000000, 0x00000000b4400000, 0x00000000d5580000)
  object space 856064K, 1% used [0x0000000080000000,0x0000000080d500e0,0x00000000b4400000)
 Metaspace       used 34744K, capacity 35201K, committed 35416K, reserved 1081344K
  class space    used 3974K, capacity 4096K, committed 4096K, reserved 1048576K
Event: 4.529 GC heap after
Heap after GC invocations=3 (full 1):
 PSYoungGen      total 611840K, used 18805K [0x00000000d5580000, 0x0000000100000000, 0x0000000100000000)
  eden space 524800K, 0% used [0x00000000d5580000,0x00000000d5580000,0x00000000f5600000)
  from space 87040K, 21% used [0x00000000fab00000,0x00000000fbd5d6b8,0x0000000100000000)
  to   space 87040K, 0% used [0x00000000f5600000,0x00000000f5600000,0x00000000fab00000)
 ParOldGen       total 856064K, used 13632K [0x0000000080000000, 0x00000000b4400000, 0x00000000d5580000)
  object space 856064K, 1% used [0x0000000080000000,0x0000000080d500e0,0x00000000b4400000)
 Metaspace       used 34744K, capacity 35201K, committed 35416K, reserved 1081344K
  class space    used 3974K, capacity 4096K, committed 4096K, reserved 1048576K
}
Event: 4.529 GC heap before
{Heap before GC invocations=4 (full 2):
 PSYoungGen      total 611840K, used 18805K [0x00000000d5580000, 0x0000000100000000, 0x0000000100000000)
  eden space 524800K, 0% used [0x00000000d5580000,0x00000000d5580000,0x00000000f5600000)
  from space 87040K, 21% used [0x00000000fab00000,0x00000000fbd5d6b8,0x0000000100000000)
  to   space 87040K, 0% used [0x00000000f5600000,0x00000000f5600000,0x00000000fab00000)
 ParOldGen       total 856064K, used 13632K [0x0000000080000000, 0x00000000b4400000, 0x00000000d5580000)
  object space 856064K, 1% used [0x0000000080000000,0x0000000080d500e0,0x00000000b4400000)
 Metaspace       used 34744K, capacity 35201K, committed 35416K, reserved 1081344K
  class space    used 3974K, capacity 4096K, committed 4096K, reserved 1048576K
Event: 4.633 GC heap after
Heap after GC invocations=4 (full 2):
 PSYoungGen      total 611840K, used 0K [0x00000000d5580000, 0x0000000100000000, 0x0000000100000000)
  eden space 524800K, 0% used [0x00000000d5580000,0x00000000d5580000,0x00000000f5600000)
  from space 87040K, 0% used [0x00000000fab00000,0x00000000fab00000,0x0000000100000000)
  to   space 87040K, 0% used [0x00000000f5600000,0x00000000f5600000,0x00000000fab00000)
 ParOldGen       total 1398272K, used 22994K [0x0000000080000000, 0x00000000d5580000, 0x00000000d5580000)
  object space 1398272K, 1% used [0x0000000080000000,0x0000000081674a18,0x00000000d5580000)
 Metaspace       used 34744K, capacity 35201K, committed 35416K, reserved 1081344K
  class space    used 3974K, capacity 4096K, committed 4096K, reserved 1048576K
}
Event: 12.696 GC heap before
{Heap before GC invocations=5 (full 2):
 PSYoungGen      total 611840K, used 367265K [0x00000000d5580000, 0x0000000100000000, 0x0000000100000000)
  eden space 524800K, 69% used [0x00000000d5580000,0x00000000ebc285c8,0x00000000f5600000)
  from space 87040K, 0% used [0x00000000fab00000,0x00000000fab00000,0x0000000100000000)
  to   space 87040K, 0% used [0x00000000f5600000,0x00000000f5600000,0x00000000fab00000)
 ParOldGen       total 1398272K, used 22994K [0x0000000080000000, 0x00000000d5580000, 0x00000000d5580000)
  object space 1398272K, 1% used [0x0000000080000000,0x0000000081674a18,0x00000000d5580000)
 Metaspace       used 56981K, capacity 58857K, committed 59008K, reserved 1101824K
  class space    used 6672K, capacity 7017K, committed 7040K, reserved 1048576K
Event: 12.775 GC heap after
Heap after GC invocations=5 (full 2):
 PSYoungGen      total 611840K, used 33622K [0x00000000d5580000, 0x0000000100000000, 0x0000000100000000)
  eden space 524800K, 0% used [0x00000000d5580000,0x00000000d5580000,0x00000000f5600000)
  from space 87040K, 38% used [0x00000000f5600000,0x00000000f76d5a90,0x00000000fab00000)
  to   space 87040K, 0% used [0x00000000fab00000,0x00000000fab00000,0x0000000100000000)
 ParOldGen       total 1398272K, used 23002K [0x0000000080000000, 0x00000000d5580000, 0x00000000d5580000)
  object space 1398272K, 1% used [0x0000000080000000,0x0000000081676a18,0x00000000d5580000)
 Metaspace       used 56981K, capacity 58857K, committed 59008K, reserved 1101824K
  class space    used 6672K, capacity 7017K, committed 7040K, reserved 1048576K
}
Event: 12.775 GC heap before
{Heap before GC invocations=6 (full 3):
 PSYoungGen      total 611840K, used 33622K [0x00000000d5580000, 0x0000000100000000, 0x0000000100000000)
  eden space 524800K, 0% used [0x00000000d5580000,0x00000000d5580000,0x00000000f5600000)
  from space 87040K, 38% used [0x00000000f5600000,0x00000000f76d5a90,0x00000000fab00000)
  to   space 87040K, 0% used [0x00000000fab00000,0x00000000fab00000,0x0000000100000000)
 ParOldGen       total 1398272K, used 23002K [0x0000000080000000, 0x00000000d5580000, 0x00000000d5580000)
  object space 1398272K, 1% used [0x0000000080000000,0x0000000081676a18,0x00000000d5580000)
 Metaspace       used 56981K, capacity 58857K, committed 59008K, reserved 1101824K
  class space    used 6672K, capacity 7017K, committed 7040K, reserved 1048576K
Event: 13.028 GC heap after
Heap after GC invocations=6 (full 3):
 PSYoungGen      total 611840K, used 0K [0x00000000d5580000, 0x0000000100000000, 0x0000000100000000)
  eden space 524800K, 0% used [0x00000000d5580000,0x00000000d5580000,0x00000000f5600000)
  from space 87040K, 0% used [0x00000000f5600000,0x00000000f5600000,0x00000000fab00000)
  to   space 87040K, 0% used [0x00000000fab00000,0x00000000fab00000,0x0000000100000000)
 ParOldGen       total 1398272K, used 43664K [0x0000000080000000, 0x00000000d5580000, 0x00000000d5580000)
  object space 1398272K, 3% used [0x0000000080000000,0x0000000082aa4290,0x00000000d5580000)
 Metaspace       used 56861K, capacity 58531K, committed 59008K, reserved 1101824K
  class space    used 6631K, capacity 6944K, committed 7040K, reserved 1048576K
}
Event: 55.547 GC heap before
{Heap before GC invocations=7 (full 3):
 PSYoungGen      total 611840K, used 524800K [0x00000000d5580000, 0x0000000100000000, 0x0000000100000000)
  eden space 524800K, 100% used [0x00000000d5580000,0x00000000f5600000,0x00000000f5600000)
  from space 87040K, 0% used [0x00000000f5600000,0x00000000f5600000,0x00000000fab00000)
  to   space 87040K, 0% used [0x00000000fab00000,0x00000000fab00000,0x0000000100000000)
 ParOldGen       total 1398272K, used 43664K [0x0000000080000000, 0x00000000d5580000, 0x00000000d5580000)
  object space 1398272K, 3% used [0x0000000080000000,0x0000000082aa4290,0x00000000d5580000)
 Metaspace       used 67400K, capacity 70447K, committed 70656K, reserved 1112064K
  class space    used 7611K, capacity 8156K, committed 8192K, reserved 1048576K
Event: 55.775 GC heap after
Heap after GC invocations=7 (full 3):
 PSYoungGen      total 611840K, used 87022K [0x00000000d5580000, 0x0000000100000000, 0x0000000100000000)
  eden space 524800K, 0% used [0x00000000d5580000,0x00000000d5580000,0x00000000f5600000)
  from space 87040K, 99% used [0x00000000fab00000,0x00000000ffffb928,0x0000000100000000)
  to   space 87040K, 0% used [0x00000000f5600000,0x00000000f5600000,0x00000000fab00000)
 ParOldGen       total 1398272K, used 51524K [0x0000000080000000, 0x00000000d5580000, 0x00000000d5580000)
  object space 1398272K, 3% used [0x0000000080000000,0x0000000083251038,0x00000000d5580000)
 Metaspace       used 67400K, capacity 70447K, committed 70656K, reserved 1112064K
  class space    used 7611K, capacity 8156K, committed 8192K, reserved 1048576K
}

