# JRE version: OpenJDK Runtime Environment (8.0_212-b04) (build 1.8.0_212-b04)
# Java VM: OpenJDK 64-Bit Server VM (25.212-b04 mixed mode linux-amd64 compressed oops)
Heap:
 PSYoungGen      total 518656K, used 295136K [0x00000000d5580000, 0x0000000100000000, 0x0000000100000000)
  eden space 415232K, 46% used [0x00000000d5580000,0x00000000e11331d8,0x00000000eeb00000)
  from space 103424K, 99% used [0x00000000eeb00000,0x00000000f4f84e48,0x00000000f5000000)
  to   space 152064K, 0% used [0x00000000f6b80000,0x00000000f6b80000,0x0000000100000000)
 ParOldGen       total 1398272K, used 93145K [0x0000000080000000, 0x00000000d5580000, 0x00000000d5580000)
  object space 1398272K, 6% used [0x0000000080000000,0x0000000085af65e0,0x00000000d5580000)
 Metaspace       used 67832K, capacity 71100K, committed 71168K, reserved 1112064K
  class space    used 7586K, capacity 8140K, committed 8192K, reserved 1048576K
GC Heap History (10 events):
Event: 12.835 GC heap before
{Heap before GC invocations=6 (full 3):
 PSYoungGen      total 611840K, used 32723K [0x00000000d5580000, 0x0000000100000000, 0x0000000100000000)
  eden space 524800K, 0% used [0x00000000d5580000,0x00000000d5580000,0x00000000f5600000)
  from space 87040K, 37% used [0x00000000f5600000,0x00000000f75f4ff8,0x00000000fab00000)
  to   space 87040K, 0% used [0x00000000fab00000,0x00000000fab00000,0x0000000100000000)
 ParOldGen       total 1398272K, used 23550K [0x0000000080000000, 0x00000000d5580000, 0x00000000d5580000)
  object space 1398272K, 1% used [0x0000000080000000,0x00000000816ff920,0x00000000d5580000)
 Metaspace       used 57431K, capacity 58860K, committed 59008K, reserved 1101824K
  class space    used 6653K, capacity 6944K, committed 7040K, reserved 1048576K
Event: 13.127 GC heap after
Heap after GC invocations=6 (full 3):
 PSYoungGen      total 611840K, used 0K [0x00000000d5580000, 0x0000000100000000, 0x0000000100000000)
  eden space 524800K, 0% used [0x00000000d5580000,0x00000000d5580000,0x00000000f5600000)
  from space 87040K, 0% used [0x00000000f5600000,0x00000000f5600000,0x00000000fab00000)
  to   space 87040K, 0% used [0x00000000fab00000,0x00000000fab00000,0x0000000100000000)
 ParOldGen       total 1398272K, used 43257K [0x0000000080000000, 0x00000000d5580000, 0x00000000d5580000)
  object space 1398272K, 3% used [0x0000000080000000,0x0000000082a3e5c0,0x00000000d5580000)
 Metaspace       used 57403K, capacity 58794K, committed 59008K, reserved 1101824K
  class space    used 6644K, capacity 6927K, committed 7040K, reserved 1048576K
}
Event: 28.770 GC heap before
{Heap before GC invocations=7 (full 3):
 PSYoungGen      total 611840K, used 524528K [0x00000000d5580000, 0x0000000100000000, 0x0000000100000000)
  eden space 524800K, 99% used [0x00000000d5580000,0x00000000f55bc0c8,0x00000000f5600000)
  from space 87040K, 0% used [0x00000000f5600000,0x00000000f5600000,0x00000000fab00000)
  to   space 87040K, 0% used [0x00000000fab00000,0x00000000fab00000,0x0000000100000000)
 ParOldGen       total 1398272K, used 43257K [0x0000000080000000, 0x00000000d5580000, 0x00000000d5580000)
  object space 1398272K, 3% used [0x0000000080000000,0x0000000082a3e5c0,0x00000000d5580000)
 Metaspace       used 65799K, capacity 68582K, committed 68736K, reserved 1110016K
  class space    used 7488K, capacity 7979K, committed 8064K, reserved 1048576K
Event: 28.897 GC heap after
Heap after GC invocations=7 (full 3):
 PSYoungGen      total 611840K, used 66368K [0x00000000d5580000, 0x0000000100000000, 0x0000000100000000)
  eden space 524800K, 0% used [0x00000000d5580000,0x00000000d5580000,0x00000000f5600000)
  from space 87040K, 76% used [0x00000000fab00000,0x00000000febd03a0,0x0000000100000000)
  to   space 87040K, 0% used [0x00000000f5600000,0x00000000f5600000,0x00000000fab00000)
 ParOldGen       total 1398272K, used 43265K [0x0000000080000000, 0x00000000d5580000, 0x00000000d5580000)
  object space 1398272K, 3% used [0x0000000080000000,0x0000000082a405c0,0x00000000d5580000)
 Metaspace       used 65799K, capacity 68582K, committed 68736K, reserved 1110016K
  class space    used 7488K, capacity 7979K, committed 8064K, reserved 1048576K
}
Event: 34.083 GC heap before
{Heap before GC invocations=8 (full 3):
 PSYoungGen      total 611840K, used 591168K [0x00000000d5580000, 0x0000000100000000, 0x0000000100000000)
  eden space 524800K, 100% used [0x00000000d5580000,0x00000000f5600000,0x00000000f5600000)
  from space 87040K, 76% used [0x00000000fab00000,0x00000000febd03a0,0x0000000100000000)
  to   space 87040K, 0% used [0x00000000f5600000,0x00000000f5600000,0x00000000fab00000)
 ParOldGen       total 1398272K, used 43265K [0x0000000080000000, 0x00000000d5580000, 0x00000000d5580000)
  object space 1398272K, 3% used [0x0000000080000000,0x0000000082a405c0,0x00000000d5580000)
 Metaspace       used 66435K, capacity 69336K, committed 69504K, reserved 1110016K
  class space    used 7509K, capacity 8008K, committed 8064K, reserved 1048576K
Event: 34.169 GC heap after
Heap after GC invocations=8 (full 3):
 PSYoungGen      total 609792K, used 84644K [0x00000000d5580000, 0x0000000100000000, 0x0000000100000000)
  eden space 524800K, 0% used [0x00000000d5580000,0x00000000d5580000,0x00000000f5600000)
  from space 84992K, 99% used [0x00000000f5600000,0x00000000fa8a9180,0x00000000fa900000)
  to   space 89088K, 0% used [0x00000000fa900000,0x00000000fa900000,0x0000000100000000)
 ParOldGen       total 1398272K, used 43265K [0x0000000080000000, 0x00000000d5580000, 0x00000000d5580000)
  object space 1398272K, 3% used [0x0000000080000000,0x0000000082a405c0,0x00000000d5580000)
 Metaspace       used 66435K, capacity 69336K, committed 69504K, reserved 1110016K
  class space    used 7509K, capacity 8008K, committed 8064K, reserved 1048576K
}
Event: 37.886 GC heap before
{Heap before GC invocations=9 (full 3):
 PSYoungGen      total 609792K, used 598389K [0x00000000d5580000, 0x0000000100000000, 0x0000000100000000)
  eden space 524800K, 97% used [0x00000000d5580000,0x00000000f4b34678,0x00000000f5600000)
  from space 84992K, 99% used [0x00000000f5600000,0x00000000fa8a9180,0x00000000fa900000)
  to   space 89088K, 0% used [0x00000000fa900000,0x00000000fa900000,0x0000000100000000)
 ParOldGen       total 1398272K, used 43265K [0x0000000080000000, 0x00000000d5580000, 0x00000000d5580000)
  object space 1398272K, 3% used [0x0000000080000000,0x0000000082a405c0,0x00000000d5580000)
 Metaspace       used 67340K, capacity 70546K, committed 70656K, reserved 1112064K
  class space    used 7575K, capacity 8119K, committed 8192K, reserved 1048576K
Event: 37.989 GC heap after
Heap after GC invocations=9 (full 3):
 PSYoungGen      total 504320K, used 89081K [0x00000000d5580000, 0x0000000100000000, 0x0000000100000000)
  eden space 415232K, 0% used [0x00000000d5580000,0x00000000d5580000,0x00000000eeb00000)
  from space 89088K, 99% used [0x00000000fa900000,0x00000000ffffe7e8,0x0000000100000000)
  to   space 141824K, 0% used [0x00000000eeb00000,0x00000000eeb00000,0x00000000f7580000)
 ParOldGen       total 1398272K, used 93145K [0x0000000080000000, 0x00000000d5580000, 0x00000000d5580000)
  object space 1398272K, 6% used [0x0000000080000000,0x0000000085af65e0,0x00000000d5580000)
 Metaspace       used 67340K, capacity 70546K, committed 70656K, reserved 1112064K
  class space    used 7575K, capacity 8119K, committed 8192K, reserved 1048576K
}
Event: 38.431 GC heap before
{Heap before GC invocations=10 (full 3):
 PSYoungGen      total 504320K, used 502261K [0x00000000d5580000, 0x0000000100000000, 0x0000000100000000)
  eden space 415232K, 99% used [0x00000000d5580000,0x00000000ee8ff010,0x00000000eeb00000)
  from space 89088K, 99% used [0x00000000fa900000,0x00000000ffffe7e8,0x0000000100000000)
  to   space 141824K, 0% used [0x00000000eeb00000,0x00000000eeb00000,0x00000000f7580000)
 ParOldGen       total 1398272K, used 93145K [0x0000000080000000, 0x00000000d5580000, 0x00000000d5580000)
  object space 1398272K, 6% used [0x0000000080000000,0x0000000085af65e0,0x00000000d5580000)
 Metaspace       used 67499K, capacity 70736K, committed 70912K, reserved 1112064K
  class space    used 7586K, capacity 8140K, committed 8192K, reserved 1048576K
Event: 38.471 GC heap after
Heap after GC invocations=10 (full 3):
 PSYoungGen      total 518656K, used 102931K [0x00000000d5580000, 0x0000000100000000, 0x0000000100000000)
  eden space 415232K, 0% used [0x00000000d5580000,0x00000000d5580000,0x00000000eeb00000)
  from space 103424K, 99% used [0x00000000eeb00000,0x00000000f4f84e48,0x00000000f5000000)
  to   space 152064K, 0% used [0x00000000f6b80000,0x00000000f6b80000,0x0000000100000000)
 ParOldGen       total 1398272K, used 93145K [0x0000000080000000, 0x00000000d5580000, 0x00000000d5580000)
  object space 1398272K, 6% used [0x0000000080000000,0x0000000085af65e0,0x00000000d5580000)
 Metaspace       used 67499K, capacity 70736K, committed 70912K, reserved 1112064K
  class space    used 7586K, capacity 8140K, committed 8192K, reserved 1048576K
}

