# JRE version: OpenJDK Runtime Environment (8.0_212-b04) (build 1.8.0_212-b04)
# Java VM: OpenJDK 64-Bit Server VM (25.212-b04 mixed mode linux-amd64 compressed oops)
Heap:
 PSYoungGen      total 611840K, used 489998K [0x00000000d5580000, 0x0000000100000000, 0x0000000100000000)
  eden space 524800K, 93% used [0x00000000d5580000,0x00000000f3403af8,0x00000000f5600000)
  from space 87040K, 0% used [0x00000000fab00000,0x00000000fab00000,0x0000000100000000)
  to   space 87040K, 0% used [0x00000000f5600000,0x00000000f5600000,0x00000000fab00000)
 ParOldGen       total 1398272K, used 31993K [0x0000000080000000, 0x00000000d5580000, 0x00000000d5580000)
  object space 1398272K, 2% used [0x0000000080000000,0x0000000081f3e710,0x00000000d5580000)
 Metaspace       used 66902K, capacity 69821K, committed 69888K, reserved 1112064K
  class space    used 7634K, capacity 8161K, committed 8192K, reserved 1048576K
GC Heap History (10 events):
Event: 4.622 GC heap before
{Heap before GC invocations=3 (full 1):
 PSYoungGen      total 611840K, used 469717K [0x00000000d5580000, 0x0000000100000000, 0x0000000100000000)
  eden space 524800K, 89% used [0x00000000d5580000,0x00000000f2035578,0x00000000f5600000)
  from space 87040K, 0% used [0x00000000f5600000,0x00000000f5600000,0x00000000fab00000)
  to   space 87040K, 0% used [0x00000000fab00000,0x00000000fab00000,0x0000000100000000)
 ParOldGen       total 884224K, used 14247K [0x0000000080000000, 0x00000000b5f80000, 0x00000000d5580000)
  object space 884224K, 1% used [0x0000000080000000,0x0000000080de9c00,0x00000000b5f80000)
 Metaspace       used 34763K, capacity 35086K, committed 35416K, reserved 1081344K
  class space    used 3969K, capacity 4059K, committed 4096K, reserved 1048576K
Event: 4.658 GC heap after
Heap after GC invocations=3 (full 1):
 PSYoungGen      total 611840K, used 19359K [0x00000000d5580000, 0x0000000100000000, 0x0000000100000000)
  eden space 524800K, 0% used [0x00000000d5580000,0x00000000d5580000,0x00000000f5600000)
  from space 87040K, 22% used [0x00000000fab00000,0x00000000fbde7c70,0x0000000100000000)
  to   space 87040K, 0% used [0x00000000f5600000,0x00000000f5600000,0x00000000fab00000)
 ParOldGen       total 884224K, used 14247K [0x0000000080000000, 0x00000000b5f80000, 0x00000000d5580000)
  object space 884224K, 1% used [0x0000000080000000,0x0000000080de9c00,0x00000000b5f80000)
 Metaspace       used 34763K, capacity 35086K, committed 35416K, reserved 1081344K
  class space    used 3969K, capacity 4059K, committed 4096K, reserved 1048576K
}
Event: 4.658 GC heap before
{Heap before GC invocations=4 (full 2):
 PSYoungGen      total 611840K, used 19359K [0x00000000d5580000, 0x0000000100000000, 0x0000000100000000)
  eden space 524800K, 0% used [0x00000000d5580000,0x00000000d5580000,0x00000000f5600000)
  from space 87040K, 22% used [0x00000000fab00000,0x00000000fbde7c70,0x0000000100000000)
  to   space 87040K, 0% used [0x00000000f5600000,0x00000000f5600000,0x00000000fab00000)
 ParOldGen       total 884224K, used 14247K [0x0000000080000000, 0x00000000b5f80000, 0x00000000d5580000)
  object space 884224K, 1% used [0x0000000080000000,0x0000000080de9c00,0x00000000b5f80000)
 Metaspace       used 34763K, capacity 35086K, committed 35416K, reserved 1081344K
  class space    used 3969K, capacity 4059K, committed 4096K, reserved 1048576K
Event: 4.753 GC heap after
Heap after GC invocations=4 (full 2):
 PSYoungGen      total 611840K, used 0K [0x00000000d5580000, 0x0000000100000000, 0x0000000100000000)
  eden space 524800K, 0% used [0x00000000d5580000,0x00000000d5580000,0x00000000f5600000)
  from space 87040K, 0% used [0x00000000fab00000,0x00000000fab00000,0x0000000100000000)
  to   space 87040K, 0% used [0x00000000f5600000,0x00000000f5600000,0x00000000fab00000)
 ParOldGen       total 1398272K, used 23898K [0x0000000080000000, 0x00000000d5580000, 0x00000000d5580000)
  object space 1398272K, 1% used [0x0000000080000000,0x0000000081756ad0,0x00000000d5580000)
 Metaspace       used 34763K, capacity 35086K, committed 35416K, reserved 1081344K
  class space    used 3969K, capacity 4059K, committed 4096K, reserved 1048576K
}
Event: 11.115 GC heap before
{Heap before GC invocations=5 (full 2):
 PSYoungGen      total 611840K, used 524800K [0x00000000d5580000, 0x0000000100000000, 0x0000000100000000)
  eden space 524800K, 100% used [0x00000000d5580000,0x00000000f5600000,0x00000000f5600000)
  from space 87040K, 0% used [0x00000000fab00000,0x00000000fab00000,0x0000000100000000)
  to   space 87040K, 0% used [0x00000000f5600000,0x00000000f5600000,0x00000000fab00000)
 ParOldGen       total 1398272K, used 23898K [0x0000000080000000, 0x00000000d5580000, 0x00000000d5580000)
  object space 1398272K, 1% used [0x0000000080000000,0x0000000081756ad0,0x00000000d5580000)
 Metaspace       used 52140K, capacity 53428K, committed 53504K, reserved 1095680K
  class space    used 6137K, capacity 6386K, committed 6400K, reserved 1048576K
Event: 11.175 GC heap after
Heap after GC invocations=5 (full 2):
 PSYoungGen      total 611840K, used 25383K [0x00000000d5580000, 0x0000000100000000, 0x0000000100000000)
  eden space 524800K, 0% used [0x00000000d5580000,0x00000000d5580000,0x00000000f5600000)
  from space 87040K, 29% used [0x00000000f5600000,0x00000000f6ec9d10,0x00000000fab00000)
  to   space 87040K, 0% used [0x00000000fab00000,0x00000000fab00000,0x0000000100000000)
 ParOldGen       total 1398272K, used 23906K [0x0000000080000000, 0x00000000d5580000, 0x00000000d5580000)
  object space 1398272K, 1% used [0x0000000080000000,0x0000000081758ad0,0x00000000d5580000)
 Metaspace       used 52140K, capacity 53428K, committed 53504K, reserved 1095680K
  class space    used 6137K, capacity 6386K, committed 6400K, reserved 1048576K
}
Event: 11.828 GC heap before
{Heap before GC invocations=6 (full 2):
 PSYoungGen      total 611840K, used 154287K [0x00000000d5580000, 0x0000000100000000, 0x0000000100000000)
  eden space 524800K, 24% used [0x00000000d5580000,0x00000000dd361ff8,0x00000000f5600000)
  from space 87040K, 29% used [0x00000000f5600000,0x00000000f6ec9d10,0x00000000fab00000)
  to   space 87040K, 0% used [0x00000000fab00000,0x00000000fab00000,0x0000000100000000)
 ParOldGen       total 1398272K, used 23906K [0x0000000080000000, 0x00000000d5580000, 0x00000000d5580000)
  object space 1398272K, 1% used [0x0000000080000000,0x0000000081758ad0,0x00000000d5580000)
 Metaspace       used 57343K, capacity 58745K, committed 59028K, reserved 1101824K
  class space    used 6636K, capacity 6912K, committed 6912K, reserved 1048576K
Event: 11.862 GC heap after
Heap after GC invocations=6 (full 2):
 PSYoungGen      total 611840K, used 20139K [0x00000000d5580000, 0x0000000100000000, 0x0000000100000000)
  eden space 524800K, 0% used [0x00000000d5580000,0x00000000d5580000,0x00000000f5600000)
  from space 87040K, 23% used [0x00000000fab00000,0x00000000fbeaafb0,0x0000000100000000)
  to   space 87040K, 0% used [0x00000000f5600000,0x00000000f5600000,0x00000000fab00000)
 ParOldGen       total 1398272K, used 23914K [0x0000000080000000, 0x00000000d5580000, 0x00000000d5580000)
  object space 1398272K, 1% used [0x0000000080000000,0x000000008175aad0,0x00000000d5580000)
 Metaspace       used 57343K, capacity 58745K, committed 59028K, reserved 1101824K
  class space    used 6636K, capacity 6912K, committed 6912K, reserved 1048576K
}
Event: 11.862 GC heap before
{Heap before GC invocations=7 (full 3):
 PSYoungGen      total 611840K, used 20139K [0x00000000d5580000, 0x0000000100000000, 0x0000000100000000)
  eden space 524800K, 0% used [0x00000000d5580000,0x00000000d5580000,0x00000000f5600000)
  from space 87040K, 23% used [0x00000000fab00000,0x00000000fbeaafb0,0x0000000100000000)
  to   space 87040K, 0% used [0x00000000f5600000,0x00000000f5600000,0x00000000fab00000)
 ParOldGen       total 1398272K, used 23914K [0x0000000080000000, 0x00000000d5580000, 0x00000000d5580000)
  object space 1398272K, 1% used [0x0000000080000000,0x000000008175aad0,0x00000000d5580000)
 Metaspace       used 57343K, capacity 58745K, committed 59028K, reserved 1101824K
  class space    used 6636K, capacity 6912K, committed 6912K, reserved 1048576K
Event: 12.123 GC heap after
Heap after GC invocations=7 (full 3):
 PSYoungGen      total 611840K, used 0K [0x00000000d5580000, 0x0000000100000000, 0x0000000100000000)
  eden space 524800K, 0% used [0x00000000d5580000,0x00000000d5580000,0x00000000f5600000)
  from space 87040K, 0% used [0x00000000fab00000,0x00000000fab00000,0x0000000100000000)
  to   space 87040K, 0% used [0x00000000f5600000,0x00000000f5600000,0x00000000fab00000)
 ParOldGen       total 1398272K, used 31993K [0x0000000080000000, 0x00000000d5580000, 0x00000000d5580000)
  object space 1398272K, 2% used [0x0000000080000000,0x0000000081f3e710,0x00000000d5580000)
 Metaspace       used 57318K, capacity 58685K, committed 59028K, reserved 1101824K
  class space    used 6627K, capacity 6898K, committed 6912K, reserved 1048576K
}

