# JRE version: OpenJDK Runtime Environment (8.0_212-b04) (build 1.8.0_212-b04)
# Java VM: OpenJDK 64-Bit Server VM (25.212-b04 mixed mode linux-amd64 compressed oops)
Heap:
 PSYoungGen      total 611840K, used 248349K [0x00000000d5580000, 0x00000000ff100000, 0x0000000100000000)
  eden space 524800K, 30% used [0x00000000d5580000,0x00000000df30b2a8,0x00000000f5600000)
  from space 87040K, 99% used [0x00000000f5600000,0x00000000faafc2c8,0x00000000fab00000)
  to   space 71680K, 0% used [0x00000000fab00000,0x00000000fab00000,0x00000000ff100000)
 ParOldGen       total 1398272K, used 45161K [0x0000000080000000, 0x00000000d5580000, 0x00000000d5580000)
  object space 1398272K, 3% used [0x0000000080000000,0x0000000082c1a620,0x00000000d5580000)
 Metaspace       used 65889K, capacity 68523K, committed 68608K, reserved 1110016K
  class space    used 7458K, capacity 7910K, committed 7936K, reserved 1048576K
GC Heap History (10 events):
Event: 4.487 GC heap before
{Heap before GC invocations=4 (full 2):
 PSYoungGen      total 611840K, used 19223K [0x00000000d5580000, 0x0000000100000000, 0x0000000100000000)
  eden space 524800K, 0% used [0x00000000d5580000,0x00000000d5580000,0x00000000f5600000)
  from space 87040K, 22% used [0x00000000fab00000,0x00000000fbdc5e30,0x0000000100000000)
  to   space 87040K, 0% used [0x00000000f5600000,0x00000000f5600000,0x00000000fab00000)
 ParOldGen       total 900608K, used 13732K [0x0000000080000000, 0x00000000b6f80000, 0x00000000d5580000)
  object space 900608K, 1% used [0x0000000080000000,0x0000000080d69300,0x00000000b6f80000)
 Metaspace       used 34733K, capacity 35092K, committed 35416K, reserved 1081344K
  class space    used 3959K, capacity 4060K, committed 4096K, reserved 1048576K
Event: 4.590 GC heap after
Heap after GC invocations=4 (full 2):
 PSYoungGen      total 611840K, used 0K [0x00000000d5580000, 0x0000000100000000, 0x0000000100000000)
  eden space 524800K, 0% used [0x00000000d5580000,0x00000000d5580000,0x00000000f5600000)
  from space 87040K, 0% used [0x00000000fab00000,0x00000000fab00000,0x0000000100000000)
  to   space 87040K, 0% used [0x00000000f5600000,0x00000000f5600000,0x00000000fab00000)
 ParOldGen       total 1398272K, used 23541K [0x0000000080000000, 0x00000000d5580000, 0x00000000d5580000)
  object space 1398272K, 1% used [0x0000000080000000,0x00000000816fd500,0x00000000d5580000)
 Metaspace       used 34733K, capacity 35092K, committed 35416K, reserved 1081344K
  class space    used 3959K, capacity 4060K, committed 4096K, reserved 1048576K
}
Event: 10.597 GC heap before
{Heap before GC invocations=5 (full 2):
 PSYoungGen      total 611840K, used 524800K [0x00000000d5580000, 0x0000000100000000, 0x0000000100000000)
  eden space 524800K, 100% used [0x00000000d5580000,0x00000000f5600000,0x00000000f5600000)
  from space 87040K, 0% used [0x00000000fab00000,0x00000000fab00000,0x0000000100000000)
  to   space 87040K, 0% used [0x00000000f5600000,0x00000000f5600000,0x00000000fab00000)
 ParOldGen       total 1398272K, used 23541K [0x0000000080000000, 0x00000000d5580000, 0x00000000d5580000)
  object space 1398272K, 1% used [0x0000000080000000,0x00000000816fd500,0x00000000d5580000)
 Metaspace       used 51303K, capacity 52726K, committed 52992K, reserved 1095680K
  class space    used 6038K, capacity 6307K, committed 6400K, reserved 1048576K
Event: 10.642 GC heap after
Heap after GC invocations=5 (full 2):
 PSYoungGen      total 611840K, used 24740K [0x00000000d5580000, 0x0000000100000000, 0x0000000100000000)
  eden space 524800K, 0% used [0x00000000d5580000,0x00000000d5580000,0x00000000f5600000)
  from space 87040K, 28% used [0x00000000f5600000,0x00000000f6e29268,0x00000000fab00000)
  to   space 87040K, 0% used [0x00000000fab00000,0x00000000fab00000,0x0000000100000000)
 ParOldGen       total 1398272K, used 23549K [0x0000000080000000, 0x00000000d5580000, 0x00000000d5580000)
  object space 1398272K, 1% used [0x0000000080000000,0x00000000816ff500,0x00000000d5580000)
 Metaspace       used 51303K, capacity 52726K, committed 52992K, reserved 1095680K
  class space    used 6038K, capacity 6307K, committed 6400K, reserved 1048576K
}
Event: 12.015 GC heap before
{Heap before GC invocations=6 (full 2):
 PSYoungGen      total 611840K, used 174035K [0x00000000d5580000, 0x0000000100000000, 0x0000000100000000)
  eden space 524800K, 28% used [0x00000000d5580000,0x00000000de74bb38,0x00000000f5600000)
  from space 87040K, 28% used [0x00000000f5600000,0x00000000f6e29268,0x00000000fab00000)
  to   space 87040K, 0% used [0x00000000fab00000,0x00000000fab00000,0x0000000100000000)
 ParOldGen       total 1398272K, used 23549K [0x0000000080000000, 0x00000000d5580000, 0x00000000d5580000)
  object space 1398272K, 1% used [0x0000000080000000,0x00000000816ff500,0x00000000d5580000)
 Metaspace       used 57169K, capacity 58837K, committed 59028K, reserved 1101824K
  class space    used 6598K, capacity 6912K, committed 6912K, reserved 1048576K
Event: 12.048 GC heap after
Heap after GC invocations=6 (full 2):
 PSYoungGen      total 611840K, used 21878K [0x00000000d5580000, 0x0000000100000000, 0x0000000100000000)
  eden space 524800K, 0% used [0x00000000d5580000,0x00000000d5580000,0x00000000f5600000)
  from space 87040K, 25% used [0x00000000fab00000,0x00000000fc05da98,0x0000000100000000)
  to   space 87040K, 0% used [0x00000000f5600000,0x00000000f5600000,0x00000000fab00000)
 ParOldGen       total 1398272K, used 23557K [0x0000000080000000, 0x00000000d5580000, 0x00000000d5580000)
  object space 1398272K, 1% used [0x0000000080000000,0x0000000081701500,0x00000000d5580000)
 Metaspace       used 57169K, capacity 58837K, committed 59028K, reserved 1101824K
  class space    used 6598K, capacity 6912K, committed 6912K, reserved 1048576K
}
Event: 12.048 GC heap before
{Heap before GC invocations=7 (full 3):
 PSYoungGen      total 611840K, used 21878K [0x00000000d5580000, 0x0000000100000000, 0x0000000100000000)
  eden space 524800K, 0% used [0x00000000d5580000,0x00000000d5580000,0x00000000f5600000)
  from space 87040K, 25% used [0x00000000fab00000,0x00000000fc05da98,0x0000000100000000)
  to   space 87040K, 0% used [0x00000000f5600000,0x00000000f5600000,0x00000000fab00000)
 ParOldGen       total 1398272K, used 23557K [0x0000000080000000, 0x00000000d5580000, 0x00000000d5580000)
  object space 1398272K, 1% used [0x0000000080000000,0x0000000081701500,0x00000000d5580000)
 Metaspace       used 57169K, capacity 58837K, committed 59028K, reserved 1101824K
  class space    used 6598K, capacity 6912K, committed 6912K, reserved 1048576K
Event: 12.281 GC heap after
Heap after GC invocations=7 (full 3):
 PSYoungGen      total 611840K, used 0K [0x00000000d5580000, 0x0000000100000000, 0x0000000100000000)
  eden space 524800K, 0% used [0x00000000d5580000,0x00000000d5580000,0x00000000f5600000)
  from space 87040K, 0% used [0x00000000fab00000,0x00000000fab00000,0x0000000100000000)
  to   space 87040K, 0% used [0x00000000f5600000,0x00000000f5600000,0x00000000fab00000)
 ParOldGen       total 1398272K, used 33434K [0x0000000080000000, 0x00000000d5580000, 0x00000000d5580000)
  object space 1398272K, 2% used [0x0000000080000000,0x00000000820a6a88,0x00000000d5580000)
 Metaspace       used 57117K, capacity 58697K, committed 59028K, reserved 1101824K
  class space    used 6580K, capacity 6880K, committed 6912K, reserved 1048576K
}
Event: 28.309 GC heap before
{Heap before GC invocations=8 (full 3):
 PSYoungGen      total 611840K, used 524800K [0x00000000d5580000, 0x0000000100000000, 0x0000000100000000)
  eden space 524800K, 100% used [0x00000000d5580000,0x00000000f5600000,0x00000000f5600000)
  from space 87040K, 0% used [0x00000000fab00000,0x00000000fab00000,0x0000000100000000)
  to   space 87040K, 0% used [0x00000000f5600000,0x00000000f5600000,0x00000000fab00000)
 ParOldGen       total 1398272K, used 33434K [0x0000000080000000, 0x00000000d5580000, 0x00000000d5580000)
  object space 1398272K, 2% used [0x0000000080000000,0x00000000820a6a88,0x00000000d5580000)
 Metaspace       used 65390K, capacity 67991K, committed 68096K, reserved 1110016K
  class space    used 7442K, capacity 7896K, committed 7936K, reserved 1048576K
Event: 28.482 GC heap after
Heap after GC invocations=8 (full 3):
 PSYoungGen      total 611840K, used 87024K [0x00000000d5580000, 0x00000000ff100000, 0x0000000100000000)
  eden space 524800K, 0% used [0x00000000d5580000,0x00000000d5580000,0x00000000f5600000)
  from space 87040K, 99% used [0x00000000f5600000,0x00000000faafc2c8,0x00000000fab00000)
  to   space 71680K, 0% used [0x00000000fab00000,0x00000000fab00000,0x00000000ff100000)
 ParOldGen       total 1398272K, used 45161K [0x0000000080000000, 0x00000000d5580000, 0x00000000d5580000)
  object space 1398272K, 3% used [0x0000000080000000,0x0000000082c1a620,0x00000000d5580000)
 Metaspace       used 65390K, capacity 67991K, committed 68096K, reserved 1110016K
  class space    used 7442K, capacity 7896K, committed 7936K, reserved 1048576K
}

