# JRE version: OpenJDK Runtime Environment (8.0_212-b04) (build 1.8.0_212-b04)
# Java VM: OpenJDK 64-Bit Server VM (25.212-b04 mixed mode linux-amd64 compressed oops)
Heap:
 PSYoungGen      total 611840K, used 376384K [0x00000000d5580000, 0x0000000100000000, 0x0000000100000000)
  eden space 524800K, 71% used [0x00000000d5580000,0x00000000ec510358,0x00000000f5600000)
  from space 87040K, 0% used [0x00000000f5600000,0x00000000f5600000,0x00000000fab00000)
  to   space 87040K, 0% used [0x00000000fab00000,0x00000000fab00000,0x0000000100000000)
 ParOldGen       total 1398272K, used 37823K [0x0000000080000000, 0x00000000d5580000, 0x00000000d5580000)
  object space 1398272K, 2% used [0x0000000080000000,0x00000000824eff28,0x00000000d5580000)
 Metaspace       used 66035K, capacity 68450K, committed 68736K, reserved 1110016K
  class space    used 7540K, capacity 7977K, committed 8064K, reserved 1048576K
GC Heap History (10 events):
Event: 1.951 GC heap before
{Heap before GC invocations=2 (full 1):
 PSYoungGen      total 611840K, used 14266K [0x00000000d5580000, 0x0000000100000000, 0x0000000100000000)
  eden space 524800K, 0% used [0x00000000d5580000,0x00000000d5580000,0x00000000f5600000)
  from space 87040K, 16% used [0x00000000f5600000,0x00000000f63eebc8,0x00000000fab00000)
  to   space 87040K, 0% used [0x00000000fab00000,0x00000000fab00000,0x0000000100000000)
 ParOldGen       total 1398272K, used 80K [0x0000000080000000, 0x00000000d5580000, 0x00000000d5580000)
  object space 1398272K, 0% used [0x0000000080000000,0x0000000080014010,0x00000000d5580000)
 Metaspace       used 20817K, capacity 21106K, committed 21248K, reserved 1069056K
  class space    used 2366K, capacity 2482K, committed 2560K, reserved 1048576K
Event: 2.008 GC heap after
Heap after GC invocations=2 (full 1):
 PSYoungGen      total 611840K, used 0K [0x00000000d5580000, 0x0000000100000000, 0x0000000100000000)
  eden space 524800K, 0% used [0x00000000d5580000,0x00000000d5580000,0x00000000f5600000)
  from space 87040K, 0% used [0x00000000f5600000,0x00000000f5600000,0x00000000fab00000)
  to   space 87040K, 0% used [0x00000000fab00000,0x00000000fab00000,0x0000000100000000)
 ParOldGen       total 904192K, used 13725K [0x0000000080000000, 0x00000000b7300000, 0x00000000d5580000)
  object space 904192K, 1% used [0x0000000080000000,0x0000000080d677f8,0x00000000b7300000)
 Metaspace       used 20817K, capacity 21106K, committed 21248K, reserved 1069056K
  class space    used 2366K, capacity 2482K, committed 2560K, reserved 1048576K
}
Event: 4.347 GC heap before
{Heap before GC invocations=3 (full 1):
 PSYoungGen      total 611840K, used 434548K [0x00000000d5580000, 0x0000000100000000, 0x0000000100000000)
  eden space 524800K, 82% used [0x00000000d5580000,0x00000000efddd0d8,0x00000000f5600000)
  from space 87040K, 0% used [0x00000000f5600000,0x00000000f5600000,0x00000000fab00000)
  to   space 87040K, 0% used [0x00000000fab00000,0x00000000fab00000,0x0000000100000000)
 ParOldGen       total 904192K, used 13725K [0x0000000080000000, 0x00000000b7300000, 0x00000000d5580000)
  object space 904192K, 1% used [0x0000000080000000,0x0000000080d677f8,0x00000000b7300000)
 Metaspace       used 34792K, capacity 35188K, committed 35416K, reserved 1081344K
  class space    used 3964K, capacity 4092K, committed 4096K, reserved 1048576K
Event: 4.382 GC heap after
Heap after GC invocations=3 (full 1):
 PSYoungGen      total 611840K, used 19168K [0x00000000d5580000, 0x0000000100000000, 0x0000000100000000)
  eden space 524800K, 0% used [0x00000000d5580000,0x00000000d5580000,0x00000000f5600000)
  from space 87040K, 22% used [0x00000000fab00000,0x00000000fbdb8180,0x0000000100000000)
  to   space 87040K, 0% used [0x00000000f5600000,0x00000000f5600000,0x00000000fab00000)
 ParOldGen       total 904192K, used 13725K [0x0000000080000000, 0x00000000b7300000, 0x00000000d5580000)
  object space 904192K, 1% used [0x0000000080000000,0x0000000080d677f8,0x00000000b7300000)
 Metaspace       used 34792K, capacity 35188K, committed 35416K, reserved 1081344K
  class space    used 3964K, capacity 4092K, committed 4096K, reserved 1048576K
}
Event: 4.382 GC heap before
{Heap before GC invocations=4 (full 2):
 PSYoungGen      total 611840K, used 19168K [0x00000000d5580000, 0x0000000100000000, 0x0000000100000000)
  eden space 524800K, 0% used [0x00000000d5580000,0x00000000d5580000,0x00000000f5600000)
  from space 87040K, 22% used [0x00000000fab00000,0x00000000fbdb8180,0x0000000100000000)
  to   space 87040K, 0% used [0x00000000f5600000,0x00000000f5600000,0x00000000fab00000)
 ParOldGen       total 904192K, used 13725K [0x0000000080000000, 0x00000000b7300000, 0x00000000d5580000)
  object space 904192K, 1% used [0x0000000080000000,0x0000000080d677f8,0x00000000b7300000)
 Metaspace       used 34792K, capacity 35188K, committed 35416K, reserved 1081344K
  class space    used 3964K, capacity 4092K, committed 4096K, reserved 1048576K
Event: 4.470 GC heap after
Heap after GC invocations=4 (full 2):
 PSYoungGen      total 611840K, used 0K [0x00000000d5580000, 0x0000000100000000, 0x0000000100000000)
  eden space 524800K, 0% used [0x00000000d5580000,0x00000000d5580000,0x00000000f5600000)
  from space 87040K, 0% used [0x00000000fab00000,0x00000000fab00000,0x0000000100000000)
  to   space 87040K, 0% used [0x00000000f5600000,0x00000000f5600000,0x00000000fab00000)
 ParOldGen       total 1398272K, used 23538K [0x0000000080000000, 0x00000000d5580000, 0x00000000d5580000)
  object space 1398272K, 1% used [0x0000000080000000,0x00000000816fc960,0x00000000d5580000)
 Metaspace       used 34792K, capacity 35188K, committed 35416K, reserved 1081344K
  class space    used 3964K, capacity 4092K, committed 4096K, reserved 1048576K
}
Event: 10.889 GC heap before
{Heap before GC invocations=5 (full 2):
 PSYoungGen      total 611840K, used 336338K [0x00000000d5580000, 0x0000000100000000, 0x0000000100000000)
  eden space 524800K, 64% used [0x00000000d5580000,0x00000000e9df48b8,0x00000000f5600000)
  from space 87040K, 0% used [0x00000000fab00000,0x00000000fab00000,0x0000000100000000)
  to   space 87040K, 0% used [0x00000000f5600000,0x00000000f5600000,0x00000000fab00000)
 ParOldGen       total 1398272K, used 23538K [0x0000000080000000, 0x00000000d5580000, 0x00000000d5580000)
  object space 1398272K, 1% used [0x0000000080000000,0x00000000816fc960,0x00000000d5580000)
 Metaspace       used 57467K, capacity 58862K, committed 59008K, reserved 1101824K
  class space    used 6692K, capacity 6969K, committed 7040K, reserved 1048576K
Event: 10.928 GC heap after
Heap after GC invocations=5 (full 2):
 PSYoungGen      total 611840K, used 27200K [0x00000000d5580000, 0x0000000100000000, 0x0000000100000000)
  eden space 524800K, 0% used [0x00000000d5580000,0x00000000d5580000,0x00000000f5600000)
  from space 87040K, 31% used [0x00000000f5600000,0x00000000f7090018,0x00000000fab00000)
  to   space 87040K, 0% used [0x00000000fab00000,0x00000000fab00000,0x0000000100000000)
 ParOldGen       total 1398272K, used 23546K [0x0000000080000000, 0x00000000d5580000, 0x00000000d5580000)
  object space 1398272K, 1% used [0x0000000080000000,0x00000000816fe960,0x00000000d5580000)
 Metaspace       used 57467K, capacity 58862K, committed 59008K, reserved 1101824K
  class space    used 6692K, capacity 6969K, committed 7040K, reserved 1048576K
}
Event: 10.928 GC heap before
{Heap before GC invocations=6 (full 3):
 PSYoungGen      total 611840K, used 27200K [0x00000000d5580000, 0x0000000100000000, 0x0000000100000000)
  eden space 524800K, 0% used [0x00000000d5580000,0x00000000d5580000,0x00000000f5600000)
  from space 87040K, 31% used [0x00000000f5600000,0x00000000f7090018,0x00000000fab00000)
  to   space 87040K, 0% used [0x00000000fab00000,0x00000000fab00000,0x0000000100000000)
 ParOldGen       total 1398272K, used 23546K [0x0000000080000000, 0x00000000d5580000, 0x00000000d5580000)
  object space 1398272K, 1% used [0x0000000080000000,0x00000000816fe960,0x00000000d5580000)
 Metaspace       used 57467K, capacity 58862K, committed 59008K, reserved 1101824K
  class space    used 6692K, capacity 6969K, committed 7040K, reserved 1048576K
Event: 11.155 GC heap after
Heap after GC invocations=6 (full 3):
 PSYoungGen      total 611840K, used 0K [0x00000000d5580000, 0x0000000100000000, 0x0000000100000000)
  eden space 524800K, 0% used [0x00000000d5580000,0x00000000d5580000,0x00000000f5600000)
  from space 87040K, 0% used [0x00000000f5600000,0x00000000f5600000,0x00000000fab00000)
  to   space 87040K, 0% used [0x00000000fab00000,0x00000000fab00000,0x0000000100000000)
 ParOldGen       total 1398272K, used 37823K [0x0000000080000000, 0x00000000d5580000, 0x00000000d5580000)
  object space 1398272K, 2% used [0x0000000080000000,0x00000000824eff28,0x00000000d5580000)
 Metaspace       used 57461K, capacity 58848K, committed 59008K, reserved 1101824K
  class space    used 6689K, capacity 6964K, committed 7040K, reserved 1048576K
}

