# JRE version: OpenJDK Runtime Environment (8.0_212-b04) (build 1.8.0_212-b04)
# Java VM: OpenJDK 64-Bit Server VM (25.212-b04 mixed mode linux-amd64 compressed oops)
Heap:
 PSYoungGen      total 611840K, used 384241K [0x00000000d5580000, 0x0000000100000000, 0x0000000100000000)
  eden space 524800K, 73% used [0x00000000d5580000,0x00000000eccbc668,0x00000000f5600000)
  from space 87040K, 0% used [0x00000000f5600000,0x00000000f5600000,0x00000000fab00000)
  to   space 87040K, 0% used [0x00000000fab00000,0x00000000fab00000,0x0000000100000000)
 ParOldGen       total 1398272K, used 44526K [0x0000000080000000, 0x00000000d5580000, 0x00000000d5580000)
  object space 1398272K, 3% used [0x0000000080000000,0x0000000082b7b860,0x00000000d5580000)
 Metaspace       used 65817K, capacity 68582K, committed 68736K, reserved 1110016K
  class space    used 7534K, capacity 8009K, committed 8064K, reserved 1048576K
GC Heap History (10 events):
Event: 1.882 GC heap before
{Heap before GC invocations=2 (full 1):
 PSYoungGen      total 611840K, used 14259K [0x00000000d5580000, 0x0000000100000000, 0x0000000100000000)
  eden space 524800K, 0% used [0x00000000d5580000,0x00000000d5580000,0x00000000f5600000)
  from space 87040K, 16% used [0x00000000f5600000,0x00000000f63ecd50,0x00000000fab00000)
  to   space 87040K, 0% used [0x00000000fab00000,0x00000000fab00000,0x0000000100000000)
 ParOldGen       total 1398272K, used 80K [0x0000000080000000, 0x00000000d5580000, 0x00000000d5580000)
  object space 1398272K, 0% used [0x0000000080000000,0x0000000080014010,0x00000000d5580000)
 Metaspace       used 20813K, capacity 21106K, committed 21248K, reserved 1069056K
  class space    used 2362K, capacity 2482K, committed 2560K, reserved 1048576K
Event: 1.948 GC heap after
Heap after GC invocations=2 (full 1):
 PSYoungGen      total 611840K, used 0K [0x00000000d5580000, 0x0000000100000000, 0x0000000100000000)
  eden space 524800K, 0% used [0x00000000d5580000,0x00000000d5580000,0x00000000f5600000)
  from space 87040K, 0% used [0x00000000f5600000,0x00000000f5600000,0x00000000fab00000)
  to   space 87040K, 0% used [0x00000000fab00000,0x00000000fab00000,0x0000000100000000)
 ParOldGen       total 883200K, used 13724K [0x0000000080000000, 0x00000000b5e80000, 0x00000000d5580000)
  object space 883200K, 1% used [0x0000000080000000,0x0000000080d67280,0x00000000b5e80000)
 Metaspace       used 20813K, capacity 21106K, committed 21248K, reserved 1069056K
  class space    used 2362K, capacity 2482K, committed 2560K, reserved 1048576K
}
Event: 4.061 GC heap before
{Heap before GC invocations=3 (full 1):
 PSYoungGen      total 611840K, used 434547K [0x00000000d5580000, 0x0000000100000000, 0x0000000100000000)
  eden space 524800K, 82% used [0x00000000d5580000,0x00000000efddcfb0,0x00000000f5600000)
  from space 87040K, 0% used [0x00000000f5600000,0x00000000f5600000,0x00000000fab00000)
  to   space 87040K, 0% used [0x00000000fab00000,0x00000000fab00000,0x0000000100000000)
 ParOldGen       total 883200K, used 13724K [0x0000000080000000, 0x00000000b5e80000, 0x00000000d5580000)
  object space 883200K, 1% used [0x0000000080000000,0x0000000080d67280,0x00000000b5e80000)
 Metaspace       used 34722K, capacity 35092K, committed 35416K, reserved 1081344K
  class space    used 3953K, capacity 4060K, committed 4096K, reserved 1048576K
Event: 4.092 GC heap after
Heap after GC invocations=3 (full 1):
 PSYoungGen      total 611840K, used 19295K [0x00000000d5580000, 0x0000000100000000, 0x0000000100000000)
  eden space 524800K, 0% used [0x00000000d5580000,0x00000000d5580000,0x00000000f5600000)
  from space 87040K, 22% used [0x00000000fab00000,0x00000000fbdd7ea8,0x0000000100000000)
  to   space 87040K, 0% used [0x00000000f5600000,0x00000000f5600000,0x00000000fab00000)
 ParOldGen       total 883200K, used 13732K [0x0000000080000000, 0x00000000b5e80000, 0x00000000d5580000)
  object space 883200K, 1% used [0x0000000080000000,0x0000000080d69280,0x00000000b5e80000)
 Metaspace       used 34722K, capacity 35092K, committed 35416K, reserved 1081344K
  class space    used 3953K, capacity 4060K, committed 4096K, reserved 1048576K
}
Event: 4.092 GC heap before
{Heap before GC invocations=4 (full 2):
 PSYoungGen      total 611840K, used 19295K [0x00000000d5580000, 0x0000000100000000, 0x0000000100000000)
  eden space 524800K, 0% used [0x00000000d5580000,0x00000000d5580000,0x00000000f5600000)
  from space 87040K, 22% used [0x00000000fab00000,0x00000000fbdd7ea8,0x0000000100000000)
  to   space 87040K, 0% used [0x00000000f5600000,0x00000000f5600000,0x00000000fab00000)
 ParOldGen       total 883200K, used 13732K [0x0000000080000000, 0x00000000b5e80000, 0x00000000d5580000)
  object space 883200K, 1% used [0x0000000080000000,0x0000000080d69280,0x00000000b5e80000)
 Metaspace       used 34722K, capacity 35092K, committed 35416K, reserved 1081344K
  class space    used 3953K, capacity 4060K, committed 4096K, reserved 1048576K
Event: 4.192 GC heap after
Heap after GC invocations=4 (full 2):
 PSYoungGen      total 611840K, used 0K [0x00000000d5580000, 0x0000000100000000, 0x0000000100000000)
  eden space 524800K, 0% used [0x00000000d5580000,0x00000000d5580000,0x00000000f5600000)
  from space 87040K, 0% used [0x00000000fab00000,0x00000000fab00000,0x0000000100000000)
  to   space 87040K, 0% used [0x00000000f5600000,0x00000000f5600000,0x00000000fab00000)
 ParOldGen       total 1398272K, used 23542K [0x0000000080000000, 0x00000000d5580000, 0x00000000d5580000)
  object space 1398272K, 1% used [0x0000000080000000,0x00000000816fda68,0x00000000d5580000)
 Metaspace       used 34722K, capacity 35092K, committed 35416K, reserved 1081344K
  class space    used 3953K, capacity 4060K, committed 4096K, reserved 1048576K
}
Event: 11.164 GC heap before
{Heap before GC invocations=5 (full 2):
 PSYoungGen      total 611840K, used 511360K [0x00000000d5580000, 0x0000000100000000, 0x0000000100000000)
  eden space 524800K, 97% used [0x00000000d5580000,0x00000000f48e0168,0x00000000f5600000)
  from space 87040K, 0% used [0x00000000fab00000,0x00000000fab00000,0x0000000100000000)
  to   space 87040K, 0% used [0x00000000f5600000,0x00000000f5600000,0x00000000fab00000)
 ParOldGen       total 1398272K, used 23542K [0x0000000080000000, 0x00000000d5580000, 0x00000000d5580000)
  object space 1398272K, 1% used [0x0000000080000000,0x00000000816fda68,0x00000000d5580000)
 Metaspace       used 57567K, capacity 58910K, committed 59028K, reserved 1101824K
  class space    used 6635K, capacity 6893K, committed 6912K, reserved 1048576K
Event: 11.223 GC heap after
Heap after GC invocations=5 (full 2):
 PSYoungGen      total 611840K, used 34026K [0x00000000d5580000, 0x0000000100000000, 0x0000000100000000)
  eden space 524800K, 0% used [0x00000000d5580000,0x00000000d5580000,0x00000000f5600000)
  from space 87040K, 39% used [0x00000000f5600000,0x00000000f773aa70,0x00000000fab00000)
  to   space 87040K, 0% used [0x00000000fab00000,0x00000000fab00000,0x0000000100000000)
 ParOldGen       total 1398272K, used 23550K [0x0000000080000000, 0x00000000d5580000, 0x00000000d5580000)
  object space 1398272K, 1% used [0x0000000080000000,0x00000000816ffa68,0x00000000d5580000)
 Metaspace       used 57567K, capacity 58910K, committed 59028K, reserved 1101824K
  class space    used 6635K, capacity 6893K, committed 6912K, reserved 1048576K
}
Event: 11.223 GC heap before
{Heap before GC invocations=6 (full 3):
 PSYoungGen      total 611840K, used 34026K [0x00000000d5580000, 0x0000000100000000, 0x0000000100000000)
  eden space 524800K, 0% used [0x00000000d5580000,0x00000000d5580000,0x00000000f5600000)
  from space 87040K, 39% used [0x00000000f5600000,0x00000000f773aa70,0x00000000fab00000)
  to   space 87040K, 0% used [0x00000000fab00000,0x00000000fab00000,0x0000000100000000)
 ParOldGen       total 1398272K, used 23550K [0x0000000080000000, 0x00000000d5580000, 0x00000000d5580000)
  object space 1398272K, 1% used [0x0000000080000000,0x00000000816ffa68,0x00000000d5580000)
 Metaspace       used 57567K, capacity 58910K, committed 59028K, reserved 1101824K
  class space    used 6635K, capacity 6893K, committed 6912K, reserved 1048576K
Event: 11.481 GC heap after
Heap after GC invocations=6 (full 3):
 PSYoungGen      total 611840K, used 0K [0x00000000d5580000, 0x0000000100000000, 0x0000000100000000)
  eden space 524800K, 0% used [0x00000000d5580000,0x00000000d5580000,0x00000000f5600000)
  from space 87040K, 0% used [0x00000000f5600000,0x00000000f5600000,0x00000000fab00000)
  to   space 87040K, 0% used [0x00000000fab00000,0x00000000fab00000,0x0000000100000000)
 ParOldGen       total 1398272K, used 44526K [0x0000000080000000, 0x00000000d5580000, 0x00000000d5580000)
  object space 1398272K, 3% used [0x0000000080000000,0x0000000082b7b860,0x00000000d5580000)
 Metaspace       used 57543K, capacity 58856K, committed 59028K, reserved 1101824K
  class space    used 6628K, capacity 6880K, committed 6912K, reserved 1048576K
}

