# JRE version: OpenJDK Runtime Environment (8.0_212-b04) (build 1.8.0_212-b04)
# Java VM: OpenJDK 64-Bit Server VM (25.212-b04 mixed mode linux-amd64 compressed oops)
Heap:
 PSYoungGen      total 611840K, used 230351K [0x00000000d5580000, 0x0000000100000000, 0x0000000100000000)
  eden space 524800K, 39% used [0x00000000d5580000,0x00000000e1fb6a88,0x00000000f5600000)
  from space 87040K, 26% used [0x00000000f5600000,0x00000000f6cbd288,0x00000000fab00000)
  to   space 87040K, 0% used [0x00000000fab00000,0x00000000fab00000,0x0000000100000000)
 ParOldGen       total 1398272K, used 31275K [0x0000000080000000, 0x00000000d5580000, 0x00000000d5580000)
  object space 1398272K, 2% used [0x0000000080000000,0x0000000081e8ac60,0x00000000d5580000)
 Metaspace       used 46384K, capacity 47060K, committed 47576K, reserved 1091584K
  class space    used 5196K, capacity 5374K, committed 5376K, reserved 1048576K
GC Heap History (10 events):
Event: 3.275 GC heap before
{Heap before GC invocations=1 (full 0):
 PSYoungGen      total 611840K, used 293890K [0x00000000d5580000, 0x0000000100000000, 0x0000000100000000)
  eden space 524800K, 56% used [0x00000000d5580000,0x00000000e7480958,0x00000000f5600000)
  from space 87040K, 0% used [0x00000000fab00000,0x00000000fab00000,0x0000000100000000)
  to   space 87040K, 0% used [0x00000000f5600000,0x00000000f5600000,0x00000000fab00000)
 ParOldGen       total 1398272K, used 0K [0x0000000080000000, 0x00000000d5580000, 0x00000000d5580000)
  object space 1398272K, 0% used [0x0000000080000000,0x0000000080000000,0x00000000d5580000)
 Metaspace       used 20734K, capacity 21016K, committed 21248K, reserved 1069056K
  class space    used 2362K, capacity 2482K, committed 2560K, reserved 1048576K
Event: 3.324 GC heap after
Heap after GC invocations=1 (full 0):
 PSYoungGen      total 611840K, used 21631K [0x00000000d5580000, 0x0000000100000000, 0x0000000100000000)
  eden space 524800K, 0% used [0x00000000d5580000,0x00000000d5580000,0x00000000f5600000)
  from space 87040K, 24% used [0x00000000f5600000,0x00000000f6b1fcf8,0x00000000fab00000)
  to   space 87040K, 0% used [0x00000000fab00000,0x00000000fab00000,0x0000000100000000)
 ParOldGen       total 1398272K, used 0K [0x0000000080000000, 0x00000000d5580000, 0x00000000d5580000)
  object space 1398272K, 0% used [0x0000000080000000,0x0000000080000000,0x00000000d5580000)
 Metaspace       used 20734K, capacity 21016K, committed 21248K, reserved 1069056K
  class space    used 2362K, capacity 2482K, committed 2560K, reserved 1048576K
}
Event: 3.324 GC heap before
{Heap before GC invocations=2 (full 1):
 PSYoungGen      total 611840K, used 21631K [0x00000000d5580000, 0x0000000100000000, 0x0000000100000000)
  eden space 524800K, 0% used [0x00000000d5580000,0x00000000d5580000,0x00000000f5600000)
  from space 87040K, 24% used [0x00000000f5600000,0x00000000f6b1fcf8,0x00000000fab00000)
  to   space 87040K, 0% used [0x00000000fab00000,0x00000000fab00000,0x0000000100000000)
 ParOldGen       total 1398272K, used 0K [0x0000000080000000, 0x00000000d5580000, 0x00000000d5580000)
  object space 1398272K, 0% used [0x0000000080000000,0x0000000080000000,0x00000000d5580000)
 Metaspace       used 20734K, capacity 21016K, committed 21248K, reserved 1069056K
  class space    used 2362K, capacity 2482K, committed 2560K, reserved 1048576K
Event: 3.413 GC heap after
Heap after GC invocations=2 (full 1):
 PSYoungGen      total 611840K, used 0K [0x00000000d5580000, 0x0000000100000000, 0x0000000100000000)
  eden space 524800K, 0% used [0x00000000d5580000,0x00000000d5580000,0x00000000f5600000)
  from space 87040K, 0% used [0x00000000f5600000,0x00000000f5600000,0x00000000fab00000)
  to   space 87040K, 0% used [0x00000000fab00000,0x00000000fab00000,0x0000000100000000)
 ParOldGen       total 881664K, used 21126K [0x0000000080000000, 0x00000000b5d00000, 0x00000000d5580000)
  object space 881664K, 2% used [0x0000000080000000,0x00000000814a18e8,0x00000000b5d00000)
 Metaspace       used 20734K, capacity 21016K, committed 21248K, reserved 1069056K
  class space    used 2362K, capacity 2482K, committed 2560K, reserved 1048576K
}
Event: 5.275 GC heap before
{Heap before GC invocations=3 (full 1):
 PSYoungGen      total 611840K, used 276162K [0x00000000d5580000, 0x0000000100000000, 0x0000000100000000)
  eden space 524800K, 52% used [0x00000000d5580000,0x00000000e6330870,0x00000000f5600000)
  from space 87040K, 0% used [0x00000000f5600000,0x00000000f5600000,0x00000000fab00000)
  to   space 87040K, 0% used [0x00000000fab00000,0x00000000fab00000,0x0000000100000000)
 ParOldGen       total 881664K, used 21126K [0x0000000080000000, 0x00000000b5d00000, 0x00000000d5580000)
  object space 881664K, 2% used [0x0000000080000000,0x00000000814a18e8,0x00000000b5d00000)
 Metaspace       used 34554K, capacity 34988K, committed 35416K, reserved 1081344K
  class space    used 4051K, capacity 4174K, committed 4224K, reserved 1048576K
Event: 5.303 GC heap after
Heap after GC invocations=3 (full 1):
 PSYoungGen      total 611840K, used 22908K [0x00000000d5580000, 0x0000000100000000, 0x0000000100000000)
  eden space 524800K, 0% used [0x00000000d5580000,0x00000000d5580000,0x00000000f5600000)
  from space 87040K, 26% used [0x00000000fab00000,0x00000000fc15f2a8,0x0000000100000000)
  to   space 87040K, 0% used [0x00000000f5600000,0x00000000f5600000,0x00000000fab00000)
 ParOldGen       total 881664K, used 21198K [0x0000000080000000, 0x00000000b5d00000, 0x00000000d5580000)
  object space 881664K, 2% used [0x0000000080000000,0x00000000814b38f8,0x00000000b5d00000)
 Metaspace       used 34554K, capacity 34988K, committed 35416K, reserved 1081344K
  class space    used 4051K, capacity 4174K, committed 4224K, reserved 1048576K
}
Event: 5.303 GC heap before
{Heap before GC invocations=4 (full 2):
 PSYoungGen      total 611840K, used 22908K [0x00000000d5580000, 0x0000000100000000, 0x0000000100000000)
  eden space 524800K, 0% used [0x00000000d5580000,0x00000000d5580000,0x00000000f5600000)
  from space 87040K, 26% used [0x00000000fab00000,0x00000000fc15f2a8,0x0000000100000000)
  to   space 87040K, 0% used [0x00000000f5600000,0x00000000f5600000,0x00000000fab00000)
 ParOldGen       total 881664K, used 21198K [0x0000000080000000, 0x00000000b5d00000, 0x00000000d5580000)
  object space 881664K, 2% used [0x0000000080000000,0x00000000814b38f8,0x00000000b5d00000)
 Metaspace       used 34554K, capacity 34988K, committed 35416K, reserved 1081344K
  class space    used 4051K, capacity 4174K, committed 4224K, reserved 1048576K
Event: 5.402 GC heap after
Heap after GC invocations=4 (full 2):
 PSYoungGen      total 611840K, used 0K [0x00000000d5580000, 0x0000000100000000, 0x0000000100000000)
  eden space 524800K, 0% used [0x00000000d5580000,0x00000000d5580000,0x00000000f5600000)
  from space 87040K, 0% used [0x00000000fab00000,0x00000000fab00000,0x0000000100000000)
  to   space 87040K, 0% used [0x00000000f5600000,0x00000000f5600000,0x00000000fab00000)
 ParOldGen       total 1398272K, used 31267K [0x0000000080000000, 0x00000000d5580000, 0x00000000d5580000)
  object space 1398272K, 2% used [0x0000000080000000,0x0000000081e88c60,0x00000000d5580000)
 Metaspace       used 34554K, capacity 34988K, committed 35416K, reserved 1081344K
  class space    used 4051K, capacity 4174K, committed 4224K, reserved 1048576K
}
Event: 23.595 GC heap before
{Heap before GC invocations=5 (full 2):
 PSYoungGen      total 611840K, used 524800K [0x00000000d5580000, 0x0000000100000000, 0x0000000100000000)
  eden space 524800K, 100% used [0x00000000d5580000,0x00000000f5600000,0x00000000f5600000)
  from space 87040K, 0% used [0x00000000fab00000,0x00000000fab00000,0x0000000100000000)
  to   space 87040K, 0% used [0x00000000f5600000,0x00000000f5600000,0x00000000fab00000)
 ParOldGen       total 1398272K, used 31267K [0x0000000080000000, 0x00000000d5580000, 0x00000000d5580000)
  object space 1398272K, 2% used [0x0000000080000000,0x0000000081e88c60,0x00000000d5580000)
 Metaspace       used 46084K, capacity 46718K, committed 47064K, reserved 1091584K
  class space    used 5190K, capacity 5371K, committed 5376K, reserved 1048576K
Event: 23.654 GC heap after
Heap after GC invocations=5 (full 2):
 PSYoungGen      total 611840K, used 23284K [0x00000000d5580000, 0x0000000100000000, 0x0000000100000000)
  eden space 524800K, 0% used [0x00000000d5580000,0x00000000d5580000,0x00000000f5600000)
  from space 87040K, 26% used [0x00000000f5600000,0x00000000f6cbd288,0x00000000fab00000)
  to   space 87040K, 0% used [0x00000000fab00000,0x00000000fab00000,0x0000000100000000)
 ParOldGen       total 1398272K, used 31275K [0x0000000080000000, 0x00000000d5580000, 0x00000000d5580000)
  object space 1398272K, 2% used [0x0000000080000000,0x0000000081e8ac60,0x00000000d5580000)
 Metaspace       used 46084K, capacity 46718K, committed 47064K, reserved 1091584K
  class space    used 5190K, capacity 5371K, committed 5376K, reserved 1048576K
}

