# JRE version: OpenJDK Runtime Environment (8.0_212-b04) (build 1.8.0_212-b04)
# Java VM: OpenJDK 64-Bit Server VM (25.212-b04 mixed mode linux-amd64 compressed oops)
Heap:
 PSYoungGen      total 577024K, used 178499K [0x00000000d5580000, 0x0000000100000000, 0x0000000100000000)
  eden space 455168K, 29% used [0x00000000d5580000,0x00000000dd9e6260,0x00000000f1200000)
  from space 121856K, 35% used [0x00000000f1200000,0x00000000f3beabc0,0x00000000f8900000)
  to   space 113152K, 0% used [0x00000000f9180000,0x00000000f9180000,0x0000000100000000)
 ParOldGen       total 1398272K, used 99981K [0x0000000080000000, 0x00000000d5580000, 0x00000000d5580000)
  object space 1398272K, 7% used [0x0000000080000000,0x00000000861a37c0,0x00000000d5580000)
 Metaspace       used 68524K, capacity 71612K, committed 71808K, reserved 1112064K
  class space    used 7653K, capacity 8214K, committed 8320K, reserved 1048576K
GC Heap History (10 events):
Event: 12.303 GC heap before
{Heap before GC invocations=6 (full 2):
 PSYoungGen      total 611840K, used 170183K [0x00000000d5580000, 0x0000000100000000, 0x0000000100000000)
  eden space 524800K, 27% used [0x00000000d5580000,0x00000000de0023b8,0x00000000f5600000)
  from space 87040K, 32% used [0x00000000f5600000,0x00000000f71afae8,0x00000000fab00000)
  to   space 87040K, 0% used [0x00000000fab00000,0x00000000fab00000,0x0000000100000000)
 ParOldGen       total 1398272K, used 23547K [0x0000000080000000, 0x00000000d5580000, 0x00000000d5580000)
  object space 1398272K, 1% used [0x0000000080000000,0x00000000816fecb8,0x00000000d5580000)
 Metaspace       used 57092K, capacity 58896K, committed 59008K, reserved 1101824K
  class space    used 6628K, capacity 6972K, committed 7040K, reserved 1048576K
Event: 12.330 GC heap after
Heap after GC invocations=6 (full 2):
 PSYoungGen      total 611840K, used 19342K [0x00000000d5580000, 0x0000000100000000, 0x0000000100000000)
  eden space 524800K, 0% used [0x00000000d5580000,0x00000000d5580000,0x00000000f5600000)
  from space 87040K, 22% used [0x00000000fab00000,0x00000000fbde3ad0,0x0000000100000000)
  to   space 87040K, 0% used [0x00000000f5600000,0x00000000f5600000,0x00000000fab00000)
 ParOldGen       total 1398272K, used 23555K [0x0000000080000000, 0x00000000d5580000, 0x00000000d5580000)
  object space 1398272K, 1% used [0x0000000080000000,0x0000000081700cb8,0x00000000d5580000)
 Metaspace       used 57092K, capacity 58896K, committed 59008K, reserved 1101824K
  class space    used 6628K, capacity 6972K, committed 7040K, reserved 1048576K
}
Event: 12.330 GC heap before
{Heap before GC invocations=7 (full 3):
 PSYoungGen      total 611840K, used 19342K [0x00000000d5580000, 0x0000000100000000, 0x0000000100000000)
  eden space 524800K, 0% used [0x00000000d5580000,0x00000000d5580000,0x00000000f5600000)
  from space 87040K, 22% used [0x00000000fab00000,0x00000000fbde3ad0,0x0000000100000000)
  to   space 87040K, 0% used [0x00000000f5600000,0x00000000f5600000,0x00000000fab00000)
 ParOldGen       total 1398272K, used 23555K [0x0000000080000000, 0x00000000d5580000, 0x00000000d5580000)
  object space 1398272K, 1% used [0x0000000080000000,0x0000000081700cb8,0x00000000d5580000)
 Metaspace       used 57092K, capacity 58896K, committed 59008K, reserved 1101824K
  class space    used 6628K, capacity 6972K, committed 7040K, reserved 1048576K
Event: 12.582 GC heap after
Heap after GC invocations=7 (full 3):
 PSYoungGen      total 611840K, used 0K [0x00000000d5580000, 0x0000000100000000, 0x0000000100000000)
  eden space 524800K, 0% used [0x00000000d5580000,0x00000000d5580000,0x00000000f5600000)
  from space 87040K, 0% used [0x00000000fab00000,0x00000000fab00000,0x0000000100000000)
  to   space 87040K, 0% used [0x00000000f5600000,0x00000000f5600000,0x00000000fab00000)
 ParOldGen       total 1398272K, used 30980K [0x0000000080000000, 0x00000000d5580000, 0x00000000d5580000)
  object space 1398272K, 2% used [0x0000000080000000,0x0000000081e41210,0x00000000d5580000)
 Metaspace       used 56943K, capacity 58494K, committed 59008K, reserved 1101824K
  class space    used 6576K, capacity 6879K, committed 7040K, reserved 1048576K
}
Event: 25.834 GC heap before
{Heap before GC invocations=8 (full 3):
 PSYoungGen      total 611840K, used 524800K [0x00000000d5580000, 0x0000000100000000, 0x0000000100000000)
  eden space 524800K, 100% used [0x00000000d5580000,0x00000000f5600000,0x00000000f5600000)
  from space 87040K, 0% used [0x00000000fab00000,0x00000000fab00000,0x0000000100000000)
  to   space 87040K, 0% used [0x00000000f5600000,0x00000000f5600000,0x00000000fab00000)
 ParOldGen       total 1398272K, used 30980K [0x0000000080000000, 0x00000000d5580000, 0x00000000d5580000)
  object space 1398272K, 2% used [0x0000000080000000,0x0000000081e41210,0x00000000d5580000)
 Metaspace       used 65338K, capacity 68044K, committed 68096K, reserved 1110016K
  class space    used 7449K, capacity 7932K, committed 7936K, reserved 1048576K
Event: 26.014 GC heap after
Heap after GC invocations=8 (full 3):
 PSYoungGen      total 611840K, used 87019K [0x00000000d5580000, 0x00000000fe900000, 0x0000000100000000)
  eden space 524800K, 0% used [0x00000000d5580000,0x00000000d5580000,0x00000000f5600000)
  from space 87040K, 99% used [0x00000000f5600000,0x00000000faafaf50,0x00000000fab00000)
  to   space 63488K, 0% used [0x00000000fab00000,0x00000000fab00000,0x00000000fe900000)
 ParOldGen       total 1398272K, used 35067K [0x0000000080000000, 0x00000000d5580000, 0x00000000d5580000)
  object space 1398272K, 2% used [0x0000000080000000,0x000000008223efb8,0x00000000d5580000)
 Metaspace       used 65338K, capacity 68044K, committed 68096K, reserved 1110016K
  class space    used 7449K, capacity 7932K, committed 7936K, reserved 1048576K
}
Event: 44.610 GC heap before
{Heap before GC invocations=9 (full 3):
 PSYoungGen      total 611840K, used 611801K [0x00000000d5580000, 0x00000000fe900000, 0x0000000100000000)
  eden space 524800K, 99% used [0x00000000d5580000,0x00000000f55fb600,0x00000000f5600000)
  from space 87040K, 99% used [0x00000000f5600000,0x00000000faafaf50,0x00000000fab00000)
  to   space 63488K, 0% used [0x00000000fab00000,0x00000000fab00000,0x00000000fe900000)
 ParOldGen       total 1398272K, used 35067K [0x0000000080000000, 0x00000000d5580000, 0x00000000d5580000)
  object space 1398272K, 2% used [0x0000000080000000,0x000000008223efb8,0x00000000d5580000)
 Metaspace       used 67146K, capacity 69996K, committed 70400K, reserved 1112064K
  class space    used 7580K, capacity 8092K, committed 8192K, reserved 1048576K
Event: 44.788 GC heap after
Heap after GC invocations=9 (full 3):
 PSYoungGen      total 518656K, used 63478K [0x00000000d5580000, 0x0000000100000000, 0x0000000100000000)
  eden space 455168K, 0% used [0x00000000d5580000,0x00000000d5580000,0x00000000f1200000)
  from space 63488K, 99% used [0x00000000fab00000,0x00000000fe8fdb18,0x00000000fe900000)
  to   space 121856K, 0% used [0x00000000f1200000,0x00000000f1200000,0x00000000f8900000)
 ParOldGen       total 1398272K, used 99981K [0x0000000080000000, 0x00000000d5580000, 0x00000000d5580000)
  object space 1398272K, 7% used [0x0000000080000000,0x00000000861a37c0,0x00000000d5580000)
 Metaspace       used 67146K, capacity 69996K, committed 70400K, reserved 1112064K
  class space    used 7580K, capacity 8092K, committed 8192K, reserved 1048576K
}
Event: 71.466 GC heap before
{Heap before GC invocations=10 (full 3):
 PSYoungGen      total 518656K, used 511411K [0x00000000d5580000, 0x0000000100000000, 0x0000000100000000)
  eden space 455168K, 98% used [0x00000000d5580000,0x00000000f0aef1a8,0x00000000f1200000)
  from space 63488K, 99% used [0x00000000fab00000,0x00000000fe8fdb18,0x00000000fe900000)
  to   space 121856K, 0% used [0x00000000f1200000,0x00000000f1200000,0x00000000f8900000)
 ParOldGen       total 1398272K, used 99981K [0x0000000080000000, 0x00000000d5580000, 0x00000000d5580000)
  object space 1398272K, 7% used [0x0000000080000000,0x00000000861a37c0,0x00000000d5580000)
 Metaspace       used 68358K, capacity 71432K, committed 71680K, reserved 1112064K
  class space    used 7649K, capacity 8180K, committed 8192K, reserved 1048576K
Event: 71.556 GC heap after
Heap after GC invocations=10 (full 3):
 PSYoungGen      total 577024K, used 42922K [0x00000000d5580000, 0x0000000100000000, 0x0000000100000000)
  eden space 455168K, 0% used [0x00000000d5580000,0x00000000d5580000,0x00000000f1200000)
  from space 121856K, 35% used [0x00000000f1200000,0x00000000f3beabc0,0x00000000f8900000)
  to   space 113152K, 0% used [0x00000000f9180000,0x00000000f9180000,0x0000000100000000)
 ParOldGen       total 1398272K, used 99981K [0x0000000080000000, 0x00000000d5580000, 0x00000000d5580000)
  object space 1398272K, 7% used [0x0000000080000000,0x00000000861a37c0,0x00000000d5580000)
 Metaspace       used 68358K, capacity 71432K, committed 71680K, reserved 1112064K
  class space    used 7649K, capacity 8180K, committed 8192K, reserved 1048576K
}

