# JRE version: OpenJDK Runtime Environment (8.0_212-b04) (build 1.8.0_212-b04)
# Java VM: OpenJDK 64-Bit Server VM (25.212-b04 mixed mode linux-amd64 compressed oops)
Heap:
 PSYoungGen      total 611840K, used 270924K [0x00000000d5580000, 0x0000000100000000, 0x0000000100000000)
  eden space 524800K, 51% used [0x00000000d5580000,0x00000000e5e132d0,0x00000000f5600000)
  from space 87040K, 0% used [0x00000000fab00000,0x00000000fab00000,0x0000000100000000)
  to   space 87040K, 0% used [0x00000000f5600000,0x00000000f5600000,0x00000000fab00000)
 ParOldGen       total 1398272K, used 29009K [0x0000000080000000, 0x00000000d5580000, 0x00000000d5580000)
  object space 1398272K, 2% used [0x0000000080000000,0x0000000081c54548,0x00000000d5580000)
 Metaspace       used 65535K, capacity 68420K, committed 68608K, reserved 1110016K
  class space    used 7592K, capacity 8110K, committed 8192K, reserved 1048576K
GC Heap History (10 events):
Event: 4.419 GC heap before
{Heap before GC invocations=3 (full 1):
 PSYoungGen      total 611840K, used 459662K [0x00000000d5580000, 0x0000000100000000, 0x0000000100000000)
  eden space 524800K, 87% used [0x00000000d5580000,0x00000000f1663818,0x00000000f5600000)
  from space 87040K, 0% used [0x00000000f5600000,0x00000000f5600000,0x00000000fab00000)
  to   space 87040K, 0% used [0x00000000fab00000,0x00000000fab00000,0x0000000100000000)
 ParOldGen       total 896000K, used 14297K [0x0000000080000000, 0x00000000b6b00000, 0x00000000d5580000)
  object space 896000K, 1% used [0x0000000080000000,0x0000000080df6738,0x00000000b6b00000)
 Metaspace       used 34774K, capacity 35092K, committed 35416K, reserved 1081344K
  class space    used 3961K, capacity 4060K, committed 4096K, reserved 1048576K
Event: 4.456 GC heap after
Heap after GC invocations=3 (full 1):
 PSYoungGen      total 611840K, used 19241K [0x00000000d5580000, 0x0000000100000000, 0x0000000100000000)
  eden space 524800K, 0% used [0x00000000d5580000,0x00000000d5580000,0x00000000f5600000)
  from space 87040K, 22% used [0x00000000fab00000,0x00000000fbdca670,0x0000000100000000)
  to   space 87040K, 0% used [0x00000000f5600000,0x00000000f5600000,0x00000000fab00000)
 ParOldGen       total 896000K, used 14305K [0x0000000080000000, 0x00000000b6b00000, 0x00000000d5580000)
  object space 896000K, 1% used [0x0000000080000000,0x0000000080df8738,0x00000000b6b00000)
 Metaspace       used 34774K, capacity 35092K, committed 35416K, reserved 1081344K
  class space    used 3961K, capacity 4060K, committed 4096K, reserved 1048576K
}
Event: 4.456 GC heap before
{Heap before GC invocations=4 (full 2):
 PSYoungGen      total 611840K, used 19241K [0x00000000d5580000, 0x0000000100000000, 0x0000000100000000)
  eden space 524800K, 0% used [0x00000000d5580000,0x00000000d5580000,0x00000000f5600000)
  from space 87040K, 22% used [0x00000000fab00000,0x00000000fbdca670,0x0000000100000000)
  to   space 87040K, 0% used [0x00000000f5600000,0x00000000f5600000,0x00000000fab00000)
 ParOldGen       total 896000K, used 14305K [0x0000000080000000, 0x00000000b6b00000, 0x00000000d5580000)
  object space 896000K, 1% used [0x0000000080000000,0x0000000080df8738,0x00000000b6b00000)
 Metaspace       used 34774K, capacity 35092K, committed 35416K, reserved 1081344K
  class space    used 3961K, capacity 4060K, committed 4096K, reserved 1048576K
Event: 4.560 GC heap after
Heap after GC invocations=4 (full 2):
 PSYoungGen      total 611840K, used 0K [0x00000000d5580000, 0x0000000100000000, 0x0000000100000000)
  eden space 524800K, 0% used [0x00000000d5580000,0x00000000d5580000,0x00000000f5600000)
  from space 87040K, 0% used [0x00000000fab00000,0x00000000fab00000,0x0000000100000000)
  to   space 87040K, 0% used [0x00000000f5600000,0x00000000f5600000,0x00000000fab00000)
 ParOldGen       total 1398272K, used 23802K [0x0000000080000000, 0x00000000d5580000, 0x00000000d5580000)
  object space 1398272K, 1% used [0x0000000080000000,0x000000008173eb68,0x00000000d5580000)
 Metaspace       used 34774K, capacity 35092K, committed 35416K, reserved 1081344K
  class space    used 3961K, capacity 4060K, committed 4096K, reserved 1048576K
}
Event: 10.679 GC heap before
{Heap before GC invocations=5 (full 2):
 PSYoungGen      total 611840K, used 524800K [0x00000000d5580000, 0x0000000100000000, 0x0000000100000000)
  eden space 524800K, 100% used [0x00000000d5580000,0x00000000f5600000,0x00000000f5600000)
  from space 87040K, 0% used [0x00000000fab00000,0x00000000fab00000,0x0000000100000000)
  to   space 87040K, 0% used [0x00000000f5600000,0x00000000f5600000,0x00000000fab00000)
 ParOldGen       total 1398272K, used 23802K [0x0000000080000000, 0x00000000d5580000, 0x00000000d5580000)
  object space 1398272K, 1% used [0x0000000080000000,0x000000008173eb68,0x00000000d5580000)
 Metaspace       used 51481K, capacity 52866K, committed 52992K, reserved 1095680K
  class space    used 6068K, capacity 6335K, committed 6400K, reserved 1048576K
Event: 10.717 GC heap after
Heap after GC invocations=5 (full 2):
 PSYoungGen      total 611840K, used 24871K [0x00000000d5580000, 0x0000000100000000, 0x0000000100000000)
  eden space 524800K, 0% used [0x00000000d5580000,0x00000000d5580000,0x00000000f5600000)
  from space 87040K, 28% used [0x00000000f5600000,0x00000000f6e49dd0,0x00000000fab00000)
  to   space 87040K, 0% used [0x00000000fab00000,0x00000000fab00000,0x0000000100000000)
 ParOldGen       total 1398272K, used 23810K [0x0000000080000000, 0x00000000d5580000, 0x00000000d5580000)
  object space 1398272K, 1% used [0x0000000080000000,0x0000000081740b68,0x00000000d5580000)
 Metaspace       used 51481K, capacity 52866K, committed 52992K, reserved 1095680K
  class space    used 6068K, capacity 6335K, committed 6400K, reserved 1048576K
}
Event: 11.410 GC heap before
{Heap before GC invocations=6 (full 2):
 PSYoungGen      total 611840K, used 195793K [0x00000000d5580000, 0x0000000100000000, 0x0000000100000000)
  eden space 524800K, 32% used [0x00000000d5580000,0x00000000dfc6a688,0x00000000f5600000)
  from space 87040K, 28% used [0x00000000f5600000,0x00000000f6e49dd0,0x00000000fab00000)
  to   space 87040K, 0% used [0x00000000fab00000,0x00000000fab00000,0x0000000100000000)
 ParOldGen       total 1398272K, used 23810K [0x0000000080000000, 0x00000000d5580000, 0x00000000d5580000)
  object space 1398272K, 1% used [0x0000000080000000,0x0000000081740b68,0x00000000d5580000)
 Metaspace       used 57310K, capacity 58738K, committed 59008K, reserved 1101824K
  class space    used 6628K, capacity 6921K, committed 7040K, reserved 1048576K
Event: 11.438 GC heap after
Heap after GC invocations=6 (full 2):
 PSYoungGen      total 611840K, used 17125K [0x00000000d5580000, 0x0000000100000000, 0x0000000100000000)
  eden space 524800K, 0% used [0x00000000d5580000,0x00000000d5580000,0x00000000f5600000)
  from space 87040K, 19% used [0x00000000fab00000,0x00000000fbbb95b0,0x0000000100000000)
  to   space 87040K, 0% used [0x00000000f5600000,0x00000000f5600000,0x00000000fab00000)
 ParOldGen       total 1398272K, used 23810K [0x0000000080000000, 0x00000000d5580000, 0x00000000d5580000)
  object space 1398272K, 1% used [0x0000000080000000,0x0000000081740b68,0x00000000d5580000)
 Metaspace       used 57310K, capacity 58738K, committed 59008K, reserved 1101824K
  class space    used 6628K, capacity 6921K, committed 7040K, reserved 1048576K
}
Event: 11.438 GC heap before
{Heap before GC invocations=7 (full 3):
 PSYoungGen      total 611840K, used 17125K [0x00000000d5580000, 0x0000000100000000, 0x0000000100000000)
  eden space 524800K, 0% used [0x00000000d5580000,0x00000000d5580000,0x00000000f5600000)
  from space 87040K, 19% used [0x00000000fab00000,0x00000000fbbb95b0,0x0000000100000000)
  to   space 87040K, 0% used [0x00000000f5600000,0x00000000f5600000,0x00000000fab00000)
 ParOldGen       total 1398272K, used 23810K [0x0000000080000000, 0x00000000d5580000, 0x00000000d5580000)
  object space 1398272K, 1% used [0x0000000080000000,0x0000000081740b68,0x00000000d5580000)
 Metaspace       used 57310K, capacity 58738K, committed 59008K, reserved 1101824K
  class space    used 6628K, capacity 6921K, committed 7040K, reserved 1048576K
Event: 11.673 GC heap after
Heap after GC invocations=7 (full 3):
 PSYoungGen      total 611840K, used 0K [0x00000000d5580000, 0x0000000100000000, 0x0000000100000000)
  eden space 524800K, 0% used [0x00000000d5580000,0x00000000d5580000,0x00000000f5600000)
  from space 87040K, 0% used [0x00000000fab00000,0x00000000fab00000,0x0000000100000000)
  to   space 87040K, 0% used [0x00000000f5600000,0x00000000f5600000,0x00000000fab00000)
 ParOldGen       total 1398272K, used 29009K [0x0000000080000000, 0x00000000d5580000, 0x00000000d5580000)
  object space 1398272K, 2% used [0x0000000080000000,0x0000000081c54548,0x00000000d5580000)
 Metaspace       used 57292K, capacity 58692K, committed 59008K, reserved 1101824K
  class space    used 6621K, capacity 6910K, committed 7040K, reserved 1048576K
}

