# JRE version: OpenJDK Runtime Environment (8.0_212-b04) (build 1.8.0_212-b04)
# Java VM: OpenJDK 64-Bit Server VM (25.212-b04 mixed mode linux-amd64 compressed oops)
Heap:
 PSYoungGen      total 611840K, used 476493K [0x00000000d5580000, 0x0000000100000000, 0x0000000100000000)
  eden space 524800K, 90% used [0x00000000d5580000,0x00000000f26d3760,0x00000000f5600000)
  from space 87040K, 0% used [0x00000000f5600000,0x00000000f5600000,0x00000000fab00000)
  to   space 87040K, 0% used [0x00000000fab00000,0x00000000fab00000,0x0000000100000000)
 ParOldGen       total 1398272K, used 41014K [0x0000000080000000, 0x00000000d5580000, 0x00000000d5580000)
  object space 1398272K, 2% used [0x0000000080000000,0x000000008280d970,0x00000000d5580000)
 Metaspace       used 66590K, capacity 69556K, committed 69632K, reserved 1110016K
  class space    used 7587K, capacity 8128K, committed 8192K, reserved 1048576K
GC Heap History (10 events):
Event: 2.003 GC heap before
{Heap before GC invocations=2 (full 1):
 PSYoungGen      total 611840K, used 14344K [0x00000000d5580000, 0x0000000100000000, 0x0000000100000000)
  eden space 524800K, 0% used [0x00000000d5580000,0x00000000d5580000,0x00000000f5600000)
  from space 87040K, 16% used [0x00000000f5600000,0x00000000f6402100,0x00000000fab00000)
  to   space 87040K, 0% used [0x00000000fab00000,0x00000000fab00000,0x0000000100000000)
 ParOldGen       total 1398272K, used 80K [0x0000000080000000, 0x00000000d5580000, 0x00000000d5580000)
  object space 1398272K, 0% used [0x0000000080000000,0x0000000080014010,0x00000000d5580000)
 Metaspace       used 20798K, capacity 21016K, committed 21248K, reserved 1069056K
  class space    used 2366K, capacity 2475K, committed 2560K, reserved 1048576K
Event: 2.097 GC heap after
Heap after GC invocations=2 (full 1):
 PSYoungGen      total 611840K, used 0K [0x00000000d5580000, 0x0000000100000000, 0x0000000100000000)
  eden space 524800K, 0% used [0x00000000d5580000,0x00000000d5580000,0x00000000f5600000)
  from space 87040K, 0% used [0x00000000f5600000,0x00000000f5600000,0x00000000fab00000)
  to   space 87040K, 0% used [0x00000000fab00000,0x00000000fab00000,0x0000000100000000)
 ParOldGen       total 901120K, used 13805K [0x0000000080000000, 0x00000000b7000000, 0x00000000d5580000)
  object space 901120K, 1% used [0x0000000080000000,0x0000000080d7b720,0x00000000b7000000)
 Metaspace       used 20798K, capacity 21016K, committed 21248K, reserved 1069056K
  class space    used 2366K, capacity 2475K, committed 2560K, reserved 1048576K
}
Event: 4.533 GC heap before
{Heap before GC invocations=3 (full 1):
 PSYoungGen      total 611840K, used 467085K [0x00000000d5580000, 0x0000000100000000, 0x0000000100000000)
  eden space 524800K, 89% used [0x00000000d5580000,0x00000000f1da36e0,0x00000000f5600000)
  from space 87040K, 0% used [0x00000000f5600000,0x00000000f5600000,0x00000000fab00000)
  to   space 87040K, 0% used [0x00000000fab00000,0x00000000fab00000,0x0000000100000000)
 ParOldGen       total 901120K, used 13805K [0x0000000080000000, 0x00000000b7000000, 0x00000000d5580000)
  object space 901120K, 1% used [0x0000000080000000,0x0000000080d7b720,0x00000000b7000000)
 Metaspace       used 34688K, capacity 35028K, committed 35416K, reserved 1081344K
  class space    used 3955K, capacity 4060K, committed 4096K, reserved 1048576K
Event: 4.570 GC heap after
Heap after GC invocations=3 (full 1):
 PSYoungGen      total 611840K, used 19114K [0x00000000d5580000, 0x0000000100000000, 0x0000000100000000)
  eden space 524800K, 0% used [0x00000000d5580000,0x00000000d5580000,0x00000000f5600000)
  from space 87040K, 21% used [0x00000000fab00000,0x00000000fbdaab08,0x0000000100000000)
  to   space 87040K, 0% used [0x00000000f5600000,0x00000000f5600000,0x00000000fab00000)
 ParOldGen       total 901120K, used 13813K [0x0000000080000000, 0x00000000b7000000, 0x00000000d5580000)
  object space 901120K, 1% used [0x0000000080000000,0x0000000080d7d720,0x00000000b7000000)
 Metaspace       used 34688K, capacity 35028K, committed 35416K, reserved 1081344K
  class space    used 3955K, capacity 4060K, committed 4096K, reserved 1048576K
}
Event: 4.570 GC heap before
{Heap before GC invocations=4 (full 2):
 PSYoungGen      total 611840K, used 19114K [0x00000000d5580000, 0x0000000100000000, 0x0000000100000000)
  eden space 524800K, 0% used [0x00000000d5580000,0x00000000d5580000,0x00000000f5600000)
  from space 87040K, 21% used [0x00000000fab00000,0x00000000fbdaab08,0x0000000100000000)
  to   space 87040K, 0% used [0x00000000f5600000,0x00000000f5600000,0x00000000fab00000)
 ParOldGen       total 901120K, used 13813K [0x0000000080000000, 0x00000000b7000000, 0x00000000d5580000)
  object space 901120K, 1% used [0x0000000080000000,0x0000000080d7d720,0x00000000b7000000)
 Metaspace       used 34688K, capacity 35028K, committed 35416K, reserved 1081344K
  class space    used 3955K, capacity 4060K, committed 4096K, reserved 1048576K
Event: 4.673 GC heap after
Heap after GC invocations=4 (full 2):
 PSYoungGen      total 611840K, used 0K [0x00000000d5580000, 0x0000000100000000, 0x0000000100000000)
  eden space 524800K, 0% used [0x00000000d5580000,0x00000000d5580000,0x00000000f5600000)
  from space 87040K, 0% used [0x00000000fab00000,0x00000000fab00000,0x0000000100000000)
  to   space 87040K, 0% used [0x00000000f5600000,0x00000000f5600000,0x00000000fab00000)
 ParOldGen       total 1398272K, used 23523K [0x0000000080000000, 0x00000000d5580000, 0x00000000d5580000)
  object space 1398272K, 1% used [0x0000000080000000,0x00000000816f8d68,0x00000000d5580000)
 Metaspace       used 34688K, capacity 35028K, committed 35416K, reserved 1081344K
  class space    used 3955K, capacity 4060K, committed 4096K, reserved 1048576K
}
Event: 11.487 GC heap before
{Heap before GC invocations=5 (full 2):
 PSYoungGen      total 611840K, used 408315K [0x00000000d5580000, 0x0000000100000000, 0x0000000100000000)
  eden space 524800K, 77% used [0x00000000d5580000,0x00000000ee43ef90,0x00000000f5600000)
  from space 87040K, 0% used [0x00000000fab00000,0x00000000fab00000,0x0000000100000000)
  to   space 87040K, 0% used [0x00000000f5600000,0x00000000f5600000,0x00000000fab00000)
 ParOldGen       total 1398272K, used 23523K [0x0000000080000000, 0x00000000d5580000, 0x00000000d5580000)
  object space 1398272K, 1% used [0x0000000080000000,0x00000000816f8d68,0x00000000d5580000)
 Metaspace       used 57466K, capacity 58878K, committed 59028K, reserved 1101824K
  class space    used 6658K, capacity 6927K, committed 7040K, reserved 1048576K
Event: 11.568 GC heap after
Heap after GC invocations=5 (full 2):
 PSYoungGen      total 611840K, used 30434K [0x00000000d5580000, 0x0000000100000000, 0x0000000100000000)
  eden space 524800K, 0% used [0x00000000d5580000,0x00000000d5580000,0x00000000f5600000)
  from space 87040K, 34% used [0x00000000f5600000,0x00000000f73b8950,0x00000000fab00000)
  to   space 87040K, 0% used [0x00000000fab00000,0x00000000fab00000,0x0000000100000000)
 ParOldGen       total 1398272K, used 23531K [0x0000000080000000, 0x00000000d5580000, 0x00000000d5580000)
  object space 1398272K, 1% used [0x0000000080000000,0x00000000816fad68,0x00000000d5580000)
 Metaspace       used 57466K, capacity 58878K, committed 59028K, reserved 1101824K
  class space    used 6658K, capacity 6927K, committed 7040K, reserved 1048576K
}
Event: 11.568 GC heap before
{Heap before GC invocations=6 (full 3):
 PSYoungGen      total 611840K, used 30434K [0x00000000d5580000, 0x0000000100000000, 0x0000000100000000)
  eden space 524800K, 0% used [0x00000000d5580000,0x00000000d5580000,0x00000000f5600000)
  from space 87040K, 34% used [0x00000000f5600000,0x00000000f73b8950,0x00000000fab00000)
  to   space 87040K, 0% used [0x00000000fab00000,0x00000000fab00000,0x0000000100000000)
 ParOldGen       total 1398272K, used 23531K [0x0000000080000000, 0x00000000d5580000, 0x00000000d5580000)
  object space 1398272K, 1% used [0x0000000080000000,0x00000000816fad68,0x00000000d5580000)
 Metaspace       used 57466K, capacity 58878K, committed 59028K, reserved 1101824K
  class space    used 6658K, capacity 6927K, committed 7040K, reserved 1048576K
Event: 11.816 GC heap after
Heap after GC invocations=6 (full 3):
 PSYoungGen      total 611840K, used 0K [0x00000000d5580000, 0x0000000100000000, 0x0000000100000000)
  eden space 524800K, 0% used [0x00000000d5580000,0x00000000d5580000,0x00000000f5600000)
  from space 87040K, 0% used [0x00000000f5600000,0x00000000f5600000,0x00000000fab00000)
  to   space 87040K, 0% used [0x00000000fab00000,0x00000000fab00000,0x0000000100000000)
 ParOldGen       total 1398272K, used 41014K [0x0000000080000000, 0x00000000d5580000, 0x00000000d5580000)
  object space 1398272K, 2% used [0x0000000080000000,0x000000008280d970,0x00000000d5580000)
 Metaspace       used 57444K, capacity 58824K, committed 59028K, reserved 1101824K
  class space    used 6650K, capacity 6914K, committed 7040K, reserved 1048576K
}

