# JRE version: OpenJDK Runtime Environment (8.0_212-b04) (build 1.8.0_212-b04)
# Java VM: OpenJDK 64-Bit Server VM (25.212-b04 mixed mode linux-amd64 compressed oops)
Heap:
 PSYoungGen      total 611840K, used 352590K [0x00000000d5580000, 0x0000000100000000, 0x0000000100000000)
  eden space 524800K, 61% used [0x00000000d5580000,0x00000000e91d86f8,0x00000000f5600000)
  from space 87040K, 32% used [0x00000000fab00000,0x00000000fc6fb230,0x0000000100000000)
  to   space 87040K, 0% used [0x00000000f5600000,0x00000000f5600000,0x00000000fab00000)
 ParOldGen       total 1398272K, used 41279K [0x0000000080000000, 0x00000000d5580000, 0x00000000d5580000)
  object space 1398272K, 2% used [0x0000000080000000,0x000000008284fca0,0x00000000d5580000)
 Metaspace       used 66706K, capacity 69522K, committed 69888K, reserved 1112064K
  class space    used 7588K, capacity 8075K, committed 8192K, reserved 1048576K
GC Heap History (10 events):
Event: 4.107 GC heap before
{Heap before GC invocations=3 (full 1):
 PSYoungGen      total 611840K, used 480298K [0x00000000d5580000, 0x0000000100000000, 0x0000000100000000)
  eden space 524800K, 91% used [0x00000000d5580000,0x00000000f2a8a968,0x00000000f5600000)
  from space 87040K, 0% used [0x00000000f5600000,0x00000000f5600000,0x00000000fab00000)
  to   space 87040K, 0% used [0x00000000fab00000,0x00000000fab00000,0x0000000100000000)
 ParOldGen       total 866304K, used 14271K [0x0000000080000000, 0x00000000b4e00000, 0x00000000d5580000)
  object space 866304K, 1% used [0x0000000080000000,0x0000000080deff28,0x00000000b4e00000)
 Metaspace       used 34796K, capacity 35156K, committed 35416K, reserved 1081344K
  class space    used 3964K, capacity 4060K, committed 4096K, reserved 1048576K
Event: 4.138 GC heap after
Heap after GC invocations=3 (full 1):
 PSYoungGen      total 611840K, used 19373K [0x00000000d5580000, 0x0000000100000000, 0x0000000100000000)
  eden space 524800K, 0% used [0x00000000d5580000,0x00000000d5580000,0x00000000f5600000)
  from space 87040K, 22% used [0x00000000fab00000,0x00000000fbdeb6c8,0x0000000100000000)
  to   space 87040K, 0% used [0x00000000f5600000,0x00000000f5600000,0x00000000fab00000)
 ParOldGen       total 866304K, used 14271K [0x0000000080000000, 0x00000000b4e00000, 0x00000000d5580000)
  object space 866304K, 1% used [0x0000000080000000,0x0000000080deff28,0x00000000b4e00000)
 Metaspace       used 34796K, capacity 35156K, committed 35416K, reserved 1081344K
  class space    used 3964K, capacity 4060K, committed 4096K, reserved 1048576K
}
Event: 4.138 GC heap before
{Heap before GC invocations=4 (full 2):
 PSYoungGen      total 611840K, used 19373K [0x00000000d5580000, 0x0000000100000000, 0x0000000100000000)
  eden space 524800K, 0% used [0x00000000d5580000,0x00000000d5580000,0x00000000f5600000)
  from space 87040K, 22% used [0x00000000fab00000,0x00000000fbdeb6c8,0x0000000100000000)
  to   space 87040K, 0% used [0x00000000f5600000,0x00000000f5600000,0x00000000fab00000)
 ParOldGen       total 866304K, used 14271K [0x0000000080000000, 0x00000000b4e00000, 0x00000000d5580000)
  object space 866304K, 1% used [0x0000000080000000,0x0000000080deff28,0x00000000b4e00000)
 Metaspace       used 34796K, capacity 35156K, committed 35416K, reserved 1081344K
  class space    used 3964K, capacity 4060K, committed 4096K, reserved 1048576K
Event: 4.222 GC heap after
Heap after GC invocations=4 (full 2):
 PSYoungGen      total 611840K, used 0K [0x00000000d5580000, 0x0000000100000000, 0x0000000100000000)
  eden space 524800K, 0% used [0x00000000d5580000,0x00000000d5580000,0x00000000f5600000)
  from space 87040K, 0% used [0x00000000fab00000,0x00000000fab00000,0x0000000100000000)
  to   space 87040K, 0% used [0x00000000f5600000,0x00000000f5600000,0x00000000fab00000)
 ParOldGen       total 1398272K, used 23830K [0x0000000080000000, 0x00000000d5580000, 0x00000000d5580000)
  object space 1398272K, 1% used [0x0000000080000000,0x0000000081745bf0,0x00000000d5580000)
 Metaspace       used 34796K, capacity 35156K, committed 35416K, reserved 1081344K
  class space    used 3964K, capacity 4060K, committed 4096K, reserved 1048576K
}
Event: 10.884 GC heap before
{Heap before GC invocations=5 (full 2):
 PSYoungGen      total 611840K, used 516273K [0x00000000d5580000, 0x0000000100000000, 0x0000000100000000)
  eden space 524800K, 98% used [0x00000000d5580000,0x00000000f4dac740,0x00000000f5600000)
  from space 87040K, 0% used [0x00000000fab00000,0x00000000fab00000,0x0000000100000000)
  to   space 87040K, 0% used [0x00000000f5600000,0x00000000f5600000,0x00000000fab00000)
 ParOldGen       total 1398272K, used 23830K [0x0000000080000000, 0x00000000d5580000, 0x00000000d5580000)
  object space 1398272K, 1% used [0x0000000080000000,0x0000000081745bf0,0x00000000d5580000)
 Metaspace       used 57423K, capacity 58826K, committed 59008K, reserved 1101824K
  class space    used 6666K, capacity 6953K, committed 7040K, reserved 1048576K
Event: 10.928 GC heap after
Heap after GC invocations=5 (full 2):
 PSYoungGen      total 611840K, used 30311K [0x00000000d5580000, 0x0000000100000000, 0x0000000100000000)
  eden space 524800K, 0% used [0x00000000d5580000,0x00000000d5580000,0x00000000f5600000)
  from space 87040K, 34% used [0x00000000f5600000,0x00000000f7399fa0,0x00000000fab00000)
  to   space 87040K, 0% used [0x00000000fab00000,0x00000000fab00000,0x0000000100000000)
 ParOldGen       total 1398272K, used 23838K [0x0000000080000000, 0x00000000d5580000, 0x00000000d5580000)
  object space 1398272K, 1% used [0x0000000080000000,0x0000000081747bf0,0x00000000d5580000)
 Metaspace       used 57423K, capacity 58826K, committed 59008K, reserved 1101824K
  class space    used 6666K, capacity 6953K, committed 7040K, reserved 1048576K
}
Event: 10.928 GC heap before
{Heap before GC invocations=6 (full 3):
 PSYoungGen      total 611840K, used 30311K [0x00000000d5580000, 0x0000000100000000, 0x0000000100000000)
  eden space 524800K, 0% used [0x00000000d5580000,0x00000000d5580000,0x00000000f5600000)
  from space 87040K, 34% used [0x00000000f5600000,0x00000000f7399fa0,0x00000000fab00000)
  to   space 87040K, 0% used [0x00000000fab00000,0x00000000fab00000,0x0000000100000000)
 ParOldGen       total 1398272K, used 23838K [0x0000000080000000, 0x00000000d5580000, 0x00000000d5580000)
  object space 1398272K, 1% used [0x0000000080000000,0x0000000081747bf0,0x00000000d5580000)
 Metaspace       used 57423K, capacity 58826K, committed 59008K, reserved 1101824K
  class space    used 6666K, capacity 6953K, committed 7040K, reserved 1048576K
Event: 11.146 GC heap after
Heap after GC invocations=6 (full 3):
 PSYoungGen      total 611840K, used 0K [0x00000000d5580000, 0x0000000100000000, 0x0000000100000000)
  eden space 524800K, 0% used [0x00000000d5580000,0x00000000d5580000,0x00000000f5600000)
  from space 87040K, 0% used [0x00000000f5600000,0x00000000f5600000,0x00000000fab00000)
  to   space 87040K, 0% used [0x00000000fab00000,0x00000000fab00000,0x0000000100000000)
 ParOldGen       total 1398272K, used 41271K [0x0000000080000000, 0x00000000d5580000, 0x00000000d5580000)
  object space 1398272K, 2% used [0x0000000080000000,0x000000008284dca0,0x00000000d5580000)
 Metaspace       used 57398K, capacity 58764K, committed 59008K, reserved 1101824K
  class space    used 6657K, capacity 6938K, committed 7040K, reserved 1048576K
}
Event: 56.483 GC heap before
{Heap before GC invocations=7 (full 3):
 PSYoungGen      total 611840K, used 524800K [0x00000000d5580000, 0x0000000100000000, 0x0000000100000000)
  eden space 524800K, 100% used [0x00000000d5580000,0x00000000f5600000,0x00000000f5600000)
  from space 87040K, 0% used [0x00000000f5600000,0x00000000f5600000,0x00000000fab00000)
  to   space 87040K, 0% used [0x00000000fab00000,0x00000000fab00000,0x0000000100000000)
 ParOldGen       total 1398272K, used 41271K [0x0000000080000000, 0x00000000d5580000, 0x00000000d5580000)
  object space 1398272K, 2% used [0x0000000080000000,0x000000008284dca0,0x00000000d5580000)
 Metaspace       used 62148K, capacity 64384K, committed 64512K, reserved 1105920K
  class space    used 7166K, capacity 7574K, committed 7680K, reserved 1048576K
Event: 56.555 GC heap after
Heap after GC invocations=7 (full 3):
 PSYoungGen      total 611840K, used 28652K [0x00000000d5580000, 0x0000000100000000, 0x0000000100000000)
  eden space 524800K, 0% used [0x00000000d5580000,0x00000000d5580000,0x00000000f5600000)
  from space 87040K, 32% used [0x00000000fab00000,0x00000000fc6fb230,0x0000000100000000)
  to   space 87040K, 0% used [0x00000000f5600000,0x00000000f5600000,0x00000000fab00000)
 ParOldGen       total 1398272K, used 41279K [0x0000000080000000, 0x00000000d5580000, 0x00000000d5580000)
  object space 1398272K, 2% used [0x0000000080000000,0x000000008284fca0,0x00000000d5580000)
 Metaspace       used 62148K, capacity 64384K, committed 64512K, reserved 1105920K
  class space    used 7166K, capacity 7574K, committed 7680K, reserved 1048576K
}

