# JRE version: OpenJDK Runtime Environment (8.0_212-b04) (build 1.8.0_212-b04)
# Java VM: OpenJDK 64-Bit Server VM (25.212-b04 mixed mode linux-amd64 compressed oops)
Heap:
 PSYoungGen      total 611840K, used 231820K [0x00000000d5580000, 0x0000000100000000, 0x0000000100000000)
  eden space 524800K, 44% used [0x00000000d5580000,0x00000000e37e3328,0x00000000f5600000)
  from space 87040K, 0% used [0x00000000f5600000,0x00000000f5600000,0x00000000fab00000)
  to   space 87040K, 0% used [0x00000000fab00000,0x00000000fab00000,0x0000000100000000)
 ParOldGen       total 1398272K, used 44469K [0x0000000080000000, 0x00000000d5580000, 0x00000000d5580000)
  object space 1398272K, 3% used [0x0000000080000000,0x0000000082b6d720,0x00000000d5580000)
 Metaspace       used 64361K, capacity 66904K, committed 67072K, reserved 1107968K
  class space    used 7424K, capacity 7876K, committed 7936K, reserved 1048576K
GC Heap History (10 events):
Event: 2.493 GC heap before
{Heap before GC invocations=2 (full 1):
 PSYoungGen      total 611840K, used 14266K [0x00000000d5580000, 0x0000000100000000, 0x0000000100000000)
  eden space 524800K, 0% used [0x00000000d5580000,0x00000000d5580000,0x00000000f5600000)
  from space 87040K, 16% used [0x00000000f5600000,0x00000000f63ee9a0,0x00000000fab00000)
  to   space 87040K, 0% used [0x00000000fab00000,0x00000000fab00000,0x0000000100000000)
 ParOldGen       total 1398272K, used 80K [0x0000000080000000, 0x00000000d5580000, 0x00000000d5580000)
  object space 1398272K, 0% used [0x0000000080000000,0x0000000080014010,0x00000000d5580000)
 Metaspace       used 20819K, capacity 21106K, committed 21248K, reserved 1069056K
  class space    used 2364K, capacity 2482K, committed 2560K, reserved 1048576K
Event: 2.561 GC heap after
Heap after GC invocations=2 (full 1):
 PSYoungGen      total 611840K, used 0K [0x00000000d5580000, 0x0000000100000000, 0x0000000100000000)
  eden space 524800K, 0% used [0x00000000d5580000,0x00000000d5580000,0x00000000f5600000)
  from space 87040K, 0% used [0x00000000f5600000,0x00000000f5600000,0x00000000fab00000)
  to   space 87040K, 0% used [0x00000000fab00000,0x00000000fab00000,0x0000000100000000)
 ParOldGen       total 856576K, used 13767K [0x0000000080000000, 0x00000000b4480000, 0x00000000d5580000)
  object space 856576K, 1% used [0x0000000080000000,0x0000000080d71e28,0x00000000b4480000)
 Metaspace       used 20819K, capacity 21106K, committed 21248K, reserved 1069056K
  class space    used 2364K, capacity 2482K, committed 2560K, reserved 1048576K
}
Event: 4.932 GC heap before
{Heap before GC invocations=3 (full 1):
 PSYoungGen      total 611840K, used 434997K [0x00000000d5580000, 0x0000000100000000, 0x0000000100000000)
  eden space 524800K, 82% used [0x00000000d5580000,0x00000000efe4d480,0x00000000f5600000)
  from space 87040K, 0% used [0x00000000f5600000,0x00000000f5600000,0x00000000fab00000)
  to   space 87040K, 0% used [0x00000000fab00000,0x00000000fab00000,0x0000000100000000)
 ParOldGen       total 856576K, used 13767K [0x0000000080000000, 0x00000000b4480000, 0x00000000d5580000)
  object space 856576K, 1% used [0x0000000080000000,0x0000000080d71e28,0x00000000b4480000)
 Metaspace       used 34839K, capacity 35182K, committed 35416K, reserved 1081344K
  class space    used 3975K, capacity 4091K, committed 4096K, reserved 1048576K
Event: 4.975 GC heap after
Heap after GC invocations=3 (full 1):
 PSYoungGen      total 611840K, used 19236K [0x00000000d5580000, 0x0000000100000000, 0x0000000100000000)
  eden space 524800K, 0% used [0x00000000d5580000,0x00000000d5580000,0x00000000f5600000)
  from space 87040K, 22% used [0x00000000fab00000,0x00000000fbdc9080,0x0000000100000000)
  to   space 87040K, 0% used [0x00000000f5600000,0x00000000f5600000,0x00000000fab00000)
 ParOldGen       total 856576K, used 13767K [0x0000000080000000, 0x00000000b4480000, 0x00000000d5580000)
  object space 856576K, 1% used [0x0000000080000000,0x0000000080d71e28,0x00000000b4480000)
 Metaspace       used 34839K, capacity 35182K, committed 35416K, reserved 1081344K
  class space    used 3975K, capacity 4091K, committed 4096K, reserved 1048576K
}
Event: 4.976 GC heap before
{Heap before GC invocations=4 (full 2):
 PSYoungGen      total 611840K, used 19236K [0x00000000d5580000, 0x0000000100000000, 0x0000000100000000)
  eden space 524800K, 0% used [0x00000000d5580000,0x00000000d5580000,0x00000000f5600000)
  from space 87040K, 22% used [0x00000000fab00000,0x00000000fbdc9080,0x0000000100000000)
  to   space 87040K, 0% used [0x00000000f5600000,0x00000000f5600000,0x00000000fab00000)
 ParOldGen       total 856576K, used 13767K [0x0000000080000000, 0x00000000b4480000, 0x00000000d5580000)
  object space 856576K, 1% used [0x0000000080000000,0x0000000080d71e28,0x00000000b4480000)
 Metaspace       used 34839K, capacity 35182K, committed 35416K, reserved 1081344K
  class space    used 3975K, capacity 4091K, committed 4096K, reserved 1048576K
Event: 5.094 GC heap after
Heap after GC invocations=4 (full 2):
 PSYoungGen      total 611840K, used 0K [0x00000000d5580000, 0x0000000100000000, 0x0000000100000000)
  eden space 524800K, 0% used [0x00000000d5580000,0x00000000d5580000,0x00000000f5600000)
  from space 87040K, 0% used [0x00000000fab00000,0x00000000fab00000,0x0000000100000000)
  to   space 87040K, 0% used [0x00000000f5600000,0x00000000f5600000,0x00000000fab00000)
 ParOldGen       total 1398272K, used 23590K [0x0000000080000000, 0x00000000d5580000, 0x00000000d5580000)
  object space 1398272K, 1% used [0x0000000080000000,0x0000000081709a60,0x00000000d5580000)
 Metaspace       used 34839K, capacity 35182K, committed 35416K, reserved 1081344K
  class space    used 3975K, capacity 4091K, committed 4096K, reserved 1048576K
}
Event: 12.118 GC heap before
{Heap before GC invocations=5 (full 2):
 PSYoungGen      total 611840K, used 488420K [0x00000000d5580000, 0x0000000100000000, 0x0000000100000000)
  eden space 524800K, 93% used [0x00000000d5580000,0x00000000f32792d8,0x00000000f5600000)
  from space 87040K, 0% used [0x00000000fab00000,0x00000000fab00000,0x0000000100000000)
  to   space 87040K, 0% used [0x00000000f5600000,0x00000000f5600000,0x00000000fab00000)
 ParOldGen       total 1398272K, used 23590K [0x0000000080000000, 0x00000000d5580000, 0x00000000d5580000)
  object space 1398272K, 1% used [0x0000000080000000,0x0000000081709a60,0x00000000d5580000)
 Metaspace       used 57387K, capacity 58780K, committed 59008K, reserved 1101824K
  class space    used 6641K, capacity 6942K, committed 7040K, reserved 1048576K
Event: 12.183 GC heap after
Heap after GC invocations=5 (full 2):
 PSYoungGen      total 611840K, used 33941K [0x00000000d5580000, 0x0000000100000000, 0x0000000100000000)
  eden space 524800K, 0% used [0x00000000d5580000,0x00000000d5580000,0x00000000f5600000)
  from space 87040K, 38% used [0x00000000f5600000,0x00000000f7725760,0x00000000fab00000)
  to   space 87040K, 0% used [0x00000000fab00000,0x00000000fab00000,0x0000000100000000)
 ParOldGen       total 1398272K, used 23598K [0x0000000080000000, 0x00000000d5580000, 0x00000000d5580000)
  object space 1398272K, 1% used [0x0000000080000000,0x000000008170ba60,0x00000000d5580000)
 Metaspace       used 57387K, capacity 58780K, committed 59008K, reserved 1101824K
  class space    used 6641K, capacity 6942K, committed 7040K, reserved 1048576K
}
Event: 12.183 GC heap before
{Heap before GC invocations=6 (full 3):
 PSYoungGen      total 611840K, used 33941K [0x00000000d5580000, 0x0000000100000000, 0x0000000100000000)
  eden space 524800K, 0% used [0x00000000d5580000,0x00000000d5580000,0x00000000f5600000)
  from space 87040K, 38% used [0x00000000f5600000,0x00000000f7725760,0x00000000fab00000)
  to   space 87040K, 0% used [0x00000000fab00000,0x00000000fab00000,0x0000000100000000)
 ParOldGen       total 1398272K, used 23598K [0x0000000080000000, 0x00000000d5580000, 0x00000000d5580000)
  object space 1398272K, 1% used [0x0000000080000000,0x000000008170ba60,0x00000000d5580000)
 Metaspace       used 57387K, capacity 58780K, committed 59008K, reserved 1101824K
  class space    used 6641K, capacity 6942K, committed 7040K, reserved 1048576K
Event: 12.461 GC heap after
Heap after GC invocations=6 (full 3):
 PSYoungGen      total 611840K, used 0K [0x00000000d5580000, 0x0000000100000000, 0x0000000100000000)
  eden space 524800K, 0% used [0x00000000d5580000,0x00000000d5580000,0x00000000f5600000)
  from space 87040K, 0% used [0x00000000f5600000,0x00000000f5600000,0x00000000fab00000)
  to   space 87040K, 0% used [0x00000000fab00000,0x00000000fab00000,0x0000000100000000)
 ParOldGen       total 1398272K, used 44469K [0x0000000080000000, 0x00000000d5580000, 0x00000000d5580000)
  object space 1398272K, 3% used [0x0000000080000000,0x0000000082b6d720,0x00000000d5580000)
 Metaspace       used 57342K, capacity 58674K, committed 59008K, reserved 1101824K
  class space    used 6625K, capacity 6915K, committed 7040K, reserved 1048576K
}

