# JRE version: OpenJDK Runtime Environment (8.0_212-b04) (build 1.8.0_212-b04)
# Java VM: OpenJDK 64-Bit Server VM (25.212-b04 mixed mode linux-amd64 compressed oops)
Heap:
 PSYoungGen      total 611840K, used 219374K [0x00000000d5580000, 0x0000000100000000, 0x0000000100000000)
  eden space 524800K, 41% used [0x00000000d5580000,0x00000000e2bbbb58,0x00000000f5600000)
  from space 87040K, 0% used [0x00000000f5600000,0x00000000f5600000,0x00000000fab00000)
  to   space 87040K, 0% used [0x00000000fab00000,0x00000000fab00000,0x0000000100000000)
 ParOldGen       total 1398272K, used 44594K [0x0000000080000000, 0x00000000d5580000, 0x00000000d5580000)
  object space 1398272K, 3% used [0x0000000080000000,0x0000000082b8ca98,0x00000000d5580000)
 Metaspace       used 64172K, capacity 66794K, committed 67032K, reserved 1107968K
  class space    used 7398K, capacity 7877K, committed 7896K, reserved 1048576K
GC Heap History (10 events):
Event: 2.371 GC heap before
{Heap before GC invocations=2 (full 1):
 PSYoungGen      total 611840K, used 14264K [0x00000000d5580000, 0x0000000100000000, 0x0000000100000000)
  eden space 524800K, 0% used [0x00000000d5580000,0x00000000d5580000,0x00000000f5600000)
  from space 87040K, 16% used [0x00000000f5600000,0x00000000f63ee088,0x00000000fab00000)
  to   space 87040K, 0% used [0x00000000fab00000,0x00000000fab00000,0x0000000100000000)
 ParOldGen       total 1398272K, used 80K [0x0000000080000000, 0x00000000d5580000, 0x00000000d5580000)
  object space 1398272K, 0% used [0x0000000080000000,0x0000000080014010,0x00000000d5580000)
 Metaspace       used 20829K, capacity 21106K, committed 21248K, reserved 1069056K
  class space    used 2370K, capacity 2482K, committed 2560K, reserved 1048576K
Event: 2.462 GC heap after
Heap after GC invocations=2 (full 1):
 PSYoungGen      total 611840K, used 0K [0x00000000d5580000, 0x0000000100000000, 0x0000000100000000)
  eden space 524800K, 0% used [0x00000000d5580000,0x00000000d5580000,0x00000000f5600000)
  from space 87040K, 0% used [0x00000000f5600000,0x00000000f5600000,0x00000000fab00000)
  to   space 87040K, 0% used [0x00000000fab00000,0x00000000fab00000,0x0000000100000000)
 ParOldGen       total 872960K, used 13741K [0x0000000080000000, 0x00000000b5480000, 0x00000000d5580000)
  object space 872960K, 1% used [0x0000000080000000,0x0000000080d6b448,0x00000000b5480000)
 Metaspace       used 20829K, capacity 21106K, committed 21248K, reserved 1069056K
  class space    used 2370K, capacity 2482K, committed 2560K, reserved 1048576K
}
Event: 4.856 GC heap before
{Heap before GC invocations=3 (full 1):
 PSYoungGen      total 611840K, used 445492K [0x00000000d5580000, 0x0000000100000000, 0x0000000100000000)
  eden space 524800K, 84% used [0x00000000d5580000,0x00000000f088d358,0x00000000f5600000)
  from space 87040K, 0% used [0x00000000f5600000,0x00000000f5600000,0x00000000fab00000)
  to   space 87040K, 0% used [0x00000000fab00000,0x00000000fab00000,0x0000000100000000)
 ParOldGen       total 872960K, used 13741K [0x0000000080000000, 0x00000000b5480000, 0x00000000d5580000)
  object space 872960K, 1% used [0x0000000080000000,0x0000000080d6b448,0x00000000b5480000)
 Metaspace       used 34744K, capacity 35150K, committed 35416K, reserved 1081344K
  class space    used 3974K, capacity 4123K, committed 4184K, reserved 1048576K
Event: 4.891 GC heap after
Heap after GC invocations=3 (full 1):
 PSYoungGen      total 611840K, used 19218K [0x00000000d5580000, 0x0000000100000000, 0x0000000100000000)
  eden space 524800K, 0% used [0x00000000d5580000,0x00000000d5580000,0x00000000f5600000)
  from space 87040K, 22% used [0x00000000fab00000,0x00000000fbdc4a60,0x0000000100000000)
  to   space 87040K, 0% used [0x00000000f5600000,0x00000000f5600000,0x00000000fab00000)
 ParOldGen       total 872960K, used 13749K [0x0000000080000000, 0x00000000b5480000, 0x00000000d5580000)
  object space 872960K, 1% used [0x0000000080000000,0x0000000080d6d448,0x00000000b5480000)
 Metaspace       used 34744K, capacity 35150K, committed 35416K, reserved 1081344K
  class space    used 3974K, capacity 4123K, committed 4184K, reserved 1048576K
}
Event: 4.891 GC heap before
{Heap before GC invocations=4 (full 2):
 PSYoungGen      total 611840K, used 19218K [0x00000000d5580000, 0x0000000100000000, 0x0000000100000000)
  eden space 524800K, 0% used [0x00000000d5580000,0x00000000d5580000,0x00000000f5600000)
  from space 87040K, 22% used [0x00000000fab00000,0x00000000fbdc4a60,0x0000000100000000)
  to   space 87040K, 0% used [0x00000000f5600000,0x00000000f5600000,0x00000000fab00000)
 ParOldGen       total 872960K, used 13749K [0x0000000080000000, 0x00000000b5480000, 0x00000000d5580000)
  object space 872960K, 1% used [0x0000000080000000,0x0000000080d6d448,0x00000000b5480000)
 Metaspace       used 34744K, capacity 35150K, committed 35416K, reserved 1081344K
  class space    used 3974K, capacity 4123K, committed 4184K, reserved 1048576K
Event: 5.014 GC heap after
Heap after GC invocations=4 (full 2):
 PSYoungGen      total 611840K, used 0K [0x00000000d5580000, 0x0000000100000000, 0x0000000100000000)
  eden space 524800K, 0% used [0x00000000d5580000,0x00000000d5580000,0x00000000f5600000)
  from space 87040K, 0% used [0x00000000fab00000,0x00000000fab00000,0x0000000100000000)
  to   space 87040K, 0% used [0x00000000f5600000,0x00000000f5600000,0x00000000fab00000)
 ParOldGen       total 1398272K, used 23564K [0x0000000080000000, 0x00000000d5580000, 0x00000000d5580000)
  object space 1398272K, 1% used [0x0000000080000000,0x0000000081703190,0x00000000d5580000)
 Metaspace       used 34744K, capacity 35150K, committed 35416K, reserved 1081344K
  class space    used 3974K, capacity 4123K, committed 4184K, reserved 1048576K
}
Event: 12.236 GC heap before
{Heap before GC invocations=5 (full 2):
 PSYoungGen      total 611840K, used 510275K [0x00000000d5580000, 0x0000000100000000, 0x0000000100000000)
  eden space 524800K, 97% used [0x00000000d5580000,0x00000000f47d0d88,0x00000000f5600000)
  from space 87040K, 0% used [0x00000000fab00000,0x00000000fab00000,0x0000000100000000)
  to   space 87040K, 0% used [0x00000000f5600000,0x00000000f5600000,0x00000000fab00000)
 ParOldGen       total 1398272K, used 23564K [0x0000000080000000, 0x00000000d5580000, 0x00000000d5580000)
  object space 1398272K, 1% used [0x0000000080000000,0x0000000081703190,0x00000000d5580000)
 Metaspace       used 57429K, capacity 58842K, committed 58968K, reserved 1101824K
  class space    used 6648K, capacity 6941K, committed 7000K, reserved 1048576K
Event: 12.308 GC heap after
Heap after GC invocations=5 (full 2):
 PSYoungGen      total 611840K, used 34054K [0x00000000d5580000, 0x0000000100000000, 0x0000000100000000)
  eden space 524800K, 0% used [0x00000000d5580000,0x00000000d5580000,0x00000000f5600000)
  from space 87040K, 39% used [0x00000000f5600000,0x00000000f7741890,0x00000000fab00000)
  to   space 87040K, 0% used [0x00000000fab00000,0x00000000fab00000,0x0000000100000000)
 ParOldGen       total 1398272K, used 23572K [0x0000000080000000, 0x00000000d5580000, 0x00000000d5580000)
  object space 1398272K, 1% used [0x0000000080000000,0x0000000081705190,0x00000000d5580000)
 Metaspace       used 57429K, capacity 58842K, committed 58968K, reserved 1101824K
  class space    used 6648K, capacity 6941K, committed 7000K, reserved 1048576K
}
Event: 12.309 GC heap before
{Heap before GC invocations=6 (full 3):
 PSYoungGen      total 611840K, used 34054K [0x00000000d5580000, 0x0000000100000000, 0x0000000100000000)
  eden space 524800K, 0% used [0x00000000d5580000,0x00000000d5580000,0x00000000f5600000)
  from space 87040K, 39% used [0x00000000f5600000,0x00000000f7741890,0x00000000fab00000)
  to   space 87040K, 0% used [0x00000000fab00000,0x00000000fab00000,0x0000000100000000)
 ParOldGen       total 1398272K, used 23572K [0x0000000080000000, 0x00000000d5580000, 0x00000000d5580000)
  object space 1398272K, 1% used [0x0000000080000000,0x0000000081705190,0x00000000d5580000)
 Metaspace       used 57429K, capacity 58842K, committed 58968K, reserved 1101824K
  class space    used 6648K, capacity 6941K, committed 7000K, reserved 1048576K
Event: 12.566 GC heap after
Heap after GC invocations=6 (full 3):
 PSYoungGen      total 611840K, used 0K [0x00000000d5580000, 0x0000000100000000, 0x0000000100000000)
  eden space 524800K, 0% used [0x00000000d5580000,0x00000000d5580000,0x00000000f5600000)
  from space 87040K, 0% used [0x00000000f5600000,0x00000000f5600000,0x00000000fab00000)
  to   space 87040K, 0% used [0x00000000fab00000,0x00000000fab00000,0x0000000100000000)
 ParOldGen       total 1398272K, used 44594K [0x0000000080000000, 0x00000000d5580000, 0x00000000d5580000)
  object space 1398272K, 3% used [0x0000000080000000,0x0000000082b8ca98,0x00000000d5580000)
 Metaspace       used 57386K, capacity 58738K, committed 58968K, reserved 1101824K
  class space    used 6633K, capacity 6915K, committed 7000K, reserved 1048576K
}

