# JRE version: OpenJDK Runtime Environment (8.0_212-b04) (build 1.8.0_212-b04)
# Java VM: OpenJDK 64-Bit Server VM (25.212-b04 mixed mode linux-amd64 compressed oops)
Heap:
 PSYoungGen      total 579584K, used 527219K [0x00000000d5580000, 0x0000000100000000, 0x0000000100000000)
  eden space 547840K, 96% used [0x00000000d5580000,0x00000000f585cfa8,0x00000000f6c80000)
  from space 31744K, 0% used [0x00000000f8c80000,0x00000000f8c80000,0x00000000fab80000)
  to   space 32768K, 0% used [0x00000000f6c80000,0x00000000f6c80000,0x00000000f8c80000)
 ParOldGen       total 1398272K, used 544500K [0x0000000080000000, 0x00000000d5580000, 0x00000000d5580000)
  object space 1398272K, 38% used [0x0000000080000000,0x00000000a13bd278,0x00000000d5580000)
 Metaspace       used 65772K, capacity 68246K, committed 68352K, reserved 1110016K
  class space    used 7440K, capacity 7883K, committed 7936K, reserved 1048576K
GC Heap History (10 events):
Event: 12.878 GC heap before
{Heap before GC invocations=6 (full 2):
 PSYoungGen      total 611840K, used 312854K [0x00000000d5580000, 0x0000000100000000, 0x0000000100000000)
  eden space 524800K, 56% used [0x00000000d5580000,0x00000000e768d480,0x00000000f5600000)
  from space 87040K, 19% used [0x00000000f5600000,0x00000000f66786f0,0x00000000fab00000)
  to   space 87040K, 0% used [0x00000000fab00000,0x00000000fab00000,0x0000000100000000)
 ParOldGen       total 1398272K, used 23935K [0x0000000080000000, 0x00000000d5580000, 0x00000000d5580000)
  object space 1398272K, 1% used [0x0000000080000000,0x000000008175ffe8,0x00000000d5580000)
 Metaspace       used 57438K, capacity 58796K, committed 59028K, reserved 1101824K
  class space    used 6624K, capacity 6884K, committed 6912K, reserved 1048576K
Event: 12.948 GC heap after
Heap after GC invocations=6 (full 2):
 PSYoungGen      total 611840K, used 30314K [0x00000000d5580000, 0x0000000100000000, 0x0000000100000000)
  eden space 524800K, 0% used [0x00000000d5580000,0x00000000d5580000,0x00000000f5600000)
  from space 87040K, 34% used [0x00000000fab00000,0x00000000fc89a8f0,0x0000000100000000)
  to   space 87040K, 0% used [0x00000000f5600000,0x00000000f5600000,0x00000000fab00000)
 ParOldGen       total 1398272K, used 23943K [0x0000000080000000, 0x00000000d5580000, 0x00000000d5580000)
  object space 1398272K, 1% used [0x0000000080000000,0x0000000081761fe8,0x00000000d5580000)
 Metaspace       used 57438K, capacity 58796K, committed 59028K, reserved 1101824K
  class space    used 6624K, capacity 6884K, committed 6912K, reserved 1048576K
}
Event: 12.948 GC heap before
{Heap before GC invocations=7 (full 3):
 PSYoungGen      total 611840K, used 30314K [0x00000000d5580000, 0x0000000100000000, 0x0000000100000000)
  eden space 524800K, 0% used [0x00000000d5580000,0x00000000d5580000,0x00000000f5600000)
  from space 87040K, 34% used [0x00000000fab00000,0x00000000fc89a8f0,0x0000000100000000)
  to   space 87040K, 0% used [0x00000000f5600000,0x00000000f5600000,0x00000000fab00000)
 ParOldGen       total 1398272K, used 23943K [0x0000000080000000, 0x00000000d5580000, 0x00000000d5580000)
  object space 1398272K, 1% used [0x0000000080000000,0x0000000081761fe8,0x00000000d5580000)
 Metaspace       used 57438K, capacity 58796K, committed 59028K, reserved 1101824K
  class space    used 6624K, capacity 6884K, committed 6912K, reserved 1048576K
Event: 13.255 GC heap after
Heap after GC invocations=7 (full 3):
 PSYoungGen      total 611840K, used 0K [0x00000000d5580000, 0x0000000100000000, 0x0000000100000000)
  eden space 524800K, 0% used [0x00000000d5580000,0x00000000d5580000,0x00000000f5600000)
  from space 87040K, 0% used [0x00000000fab00000,0x00000000fab00000,0x0000000100000000)
  to   space 87040K, 0% used [0x00000000f5600000,0x00000000f5600000,0x00000000fab00000)
 ParOldGen       total 1398272K, used 41512K [0x0000000080000000, 0x00000000d5580000, 0x00000000d5580000)
  object space 1398272K, 2% used [0x0000000080000000,0x000000008288a278,0x00000000d5580000)
 Metaspace       used 57409K, capacity 58724K, committed 59028K, reserved 1101824K
  class space    used 6614K, capacity 6866K, committed 6912K, reserved 1048576K
}
Event: 20.348 GC heap before
{Heap before GC invocations=8 (full 3):
 PSYoungGen      total 611840K, used 345542K [0x00000000d5580000, 0x0000000100000000, 0x0000000100000000)
  eden space 524800K, 65% used [0x00000000d5580000,0x00000000ea6f1b98,0x00000000f5600000)
  from space 87040K, 0% used [0x00000000fab00000,0x00000000fab00000,0x0000000100000000)
  to   space 87040K, 0% used [0x00000000f5600000,0x00000000f5600000,0x00000000fab00000)
 ParOldGen       total 1398272K, used 41512K [0x0000000080000000, 0x00000000d5580000, 0x00000000d5580000)
  object space 1398272K, 2% used [0x0000000080000000,0x000000008288a278,0x00000000d5580000)
 Metaspace       used 59924K, capacity 61896K, committed 62208K, reserved 1103872K
  class space    used 6953K, capacity 7306K, committed 7424K, reserved 1048576K
Event: 20.565 GC heap after
Heap after GC invocations=8 (full 3):
 PSYoungGen      total 532480K, used 7419K [0x00000000d5580000, 0x00000000fab80000, 0x0000000100000000)
  eden space 524800K, 0% used [0x00000000d5580000,0x00000000d5580000,0x00000000f5600000)
  from space 7680K, 96% used [0x00000000f5600000,0x00000000f5d3ede8,0x00000000f5d80000)
  to   space 31744K, 0% used [0x00000000f8c80000,0x00000000f8c80000,0x00000000fab80000)
 ParOldGen       total 1398272K, used 451112K [0x0000000080000000, 0x00000000d5580000, 0x00000000d5580000)
  object space 1398272K, 32% used [0x0000000080000000,0x000000009b88a298,0x00000000d5580000)
 Metaspace       used 59924K, capacity 61896K, committed 62208K, reserved 1103872K
  class space    used 6953K, capacity 7306K, committed 7424K, reserved 1048576K
}
Event: 20.808 GC heap before
{Heap before GC invocations=9 (full 3):
 PSYoungGen      total 532480K, used 532219K [0x00000000d5580000, 0x00000000fab80000, 0x0000000100000000)
  eden space 524800K, 100% used [0x00000000d5580000,0x00000000f5600000,0x00000000f5600000)
  from space 7680K, 96% used [0x00000000f5600000,0x00000000f5d3ede8,0x00000000f5d80000)
  to   space 31744K, 0% used [0x00000000f8c80000,0x00000000f8c80000,0x00000000fab80000)
 ParOldGen       total 1398272K, used 451112K [0x0000000080000000, 0x00000000d5580000, 0x00000000d5580000)
  object space 1398272K, 32% used [0x0000000080000000,0x000000009b88a298,0x00000000d5580000)
 Metaspace       used 59925K, capacity 61896K, committed 62208K, reserved 1103872K
  class space    used 6953K, capacity 7306K, committed 7424K, reserved 1048576K
Event: 21.291 GC heap after
Heap after GC invocations=9 (full 3):
 PSYoungGen      total 579584K, used 4190K [0x00000000d5580000, 0x0000000100000000, 0x0000000100000000)
  eden space 547840K, 0% used [0x00000000d5580000,0x00000000d5580000,0x00000000f6c80000)
  from space 31744K, 13% used [0x00000000f8c80000,0x00000000f90979f8,0x00000000fab80000)
  to   space 32768K, 0% used [0x00000000f6c80000,0x00000000f6c80000,0x00000000f8c80000)
 ParOldGen       total 1398272K, used 963112K [0x0000000080000000, 0x00000000d5580000, 0x00000000d5580000)
  object space 1398272K, 68% used [0x0000000080000000,0x00000000bac8a2b8,0x00000000d5580000)
 Metaspace       used 59925K, capacity 61896K, committed 62208K, reserved 1103872K
  class space    used 6953K, capacity 7306K, committed 7424K, reserved 1048576K
}
Event: 21.291 GC heap before
{Heap before GC invocations=10 (full 4):
 PSYoungGen      total 579584K, used 4190K [0x00000000d5580000, 0x0000000100000000, 0x0000000100000000)
  eden space 547840K, 0% used [0x00000000d5580000,0x00000000d5580000,0x00000000f6c80000)
  from space 31744K, 13% used [0x00000000f8c80000,0x00000000f90979f8,0x00000000fab80000)
  to   space 32768K, 0% used [0x00000000f6c80000,0x00000000f6c80000,0x00000000f8c80000)
 ParOldGen       total 1398272K, used 963112K [0x0000000080000000, 0x00000000d5580000, 0x00000000d5580000)
  object space 1398272K, 68% used [0x0000000080000000,0x00000000bac8a2b8,0x00000000d5580000)
 Metaspace       used 59925K, capacity 61896K, committed 62208K, reserved 1103872K
  class space    used 6953K, capacity 7306K, committed 7424K, reserved 1048576K
Event: 21.566 GC heap after
Heap after GC invocations=10 (full 4):
 PSYoungGen      total 579584K, used 0K [0x00000000d5580000, 0x0000000100000000, 0x0000000100000000)
  eden space 547840K, 0% used [0x00000000d5580000,0x00000000d5580000,0x00000000f6c80000)
  from space 31744K, 0% used [0x00000000f8c80000,0x00000000f8c80000,0x00000000fab80000)
  to   space 32768K, 0% used [0x00000000f6c80000,0x00000000f6c80000,0x00000000f8c80000)
 ParOldGen       total 1398272K, used 544500K [0x0000000080000000, 0x00000000d5580000, 0x00000000d5580000)
  object space 1398272K, 38% used [0x0000000080000000,0x00000000a13bd278,0x00000000d5580000)
 Metaspace       used 59802K, capacity 61558K, committed 62208K, reserved 1103872K
  class space    used 6910K, capacity 7229K, committed 7424K, reserved 1048576K
}

