# JRE version: OpenJDK Runtime Environment (8.0_212-b04) (build 1.8.0_212-b04)
# Java VM: OpenJDK 64-Bit Server VM (25.212-b04 mixed mode linux-amd64 compressed oops)
Heap:
 PSYoungGen      total 611840K, used 249594K [0x00000000d5580000, 0x0000000100000000, 0x0000000100000000)
  eden space 524800K, 47% used [0x00000000d5580000,0x00000000e493e968,0x00000000f5600000)
  from space 87040K, 0% used [0x00000000fab00000,0x00000000fab00000,0x0000000100000000)
  to   space 87040K, 0% used [0x00000000f5600000,0x00000000f5600000,0x00000000fab00000)
 ParOldGen       total 1275392K, used 28858K [0x0000000080000000, 0x00000000cdd80000, 0x00000000d5580000)
  object space 1275392K, 2% used [0x0000000080000000,0x0000000081c2eba0,0x00000000cdd80000)
 Metaspace       used 65037K, capacity 67588K, committed 67712K, reserved 1110016K
  class space    used 7515K, capacity 7960K, committed 8064K, reserved 1048576K
GC Heap History (10 events):
Event: 37.891 GC heap before
{Heap before GC invocations=3 (full 1):
 PSYoungGen      total 611840K, used 477580K [0x00000000d5580000, 0x0000000100000000, 0x0000000100000000)
  eden space 524800K, 91% used [0x00000000d5580000,0x00000000f27e3368,0x00000000f5600000)
  from space 87040K, 0% used [0x00000000f5600000,0x00000000f5600000,0x00000000fab00000)
  to   space 87040K, 0% used [0x00000000fab00000,0x00000000fab00000,0x0000000100000000)
 ParOldGen       total 539648K, used 14326K [0x0000000080000000, 0x00000000a0f00000, 0x00000000d5580000)
  object space 539648K, 2% used [0x0000000080000000,0x0000000080dfd808,0x00000000a0f00000)
 Metaspace       used 34666K, capacity 35028K, committed 35416K, reserved 1081344K
  class space    used 3950K, capacity 4060K, committed 4096K, reserved 1048576K
Event: 37.920 GC heap after
Heap after GC invocations=3 (full 1):
 PSYoungGen      total 611840K, used 18881K [0x00000000d5580000, 0x0000000100000000, 0x0000000100000000)
  eden space 524800K, 0% used [0x00000000d5580000,0x00000000d5580000,0x00000000f5600000)
  from space 87040K, 21% used [0x00000000fab00000,0x00000000fbd70640,0x0000000100000000)
  to   space 87040K, 0% used [0x00000000f5600000,0x00000000f5600000,0x00000000fab00000)
 ParOldGen       total 539648K, used 14334K [0x0000000080000000, 0x00000000a0f00000, 0x00000000d5580000)
  object space 539648K, 2% used [0x0000000080000000,0x0000000080dff808,0x00000000a0f00000)
 Metaspace       used 34666K, capacity 35028K, committed 35416K, reserved 1081344K
  class space    used 3950K, capacity 4060K, committed 4096K, reserved 1048576K
}
Event: 37.920 GC heap before
{Heap before GC invocations=4 (full 2):
 PSYoungGen      total 611840K, used 18881K [0x00000000d5580000, 0x0000000100000000, 0x0000000100000000)
  eden space 524800K, 0% used [0x00000000d5580000,0x00000000d5580000,0x00000000f5600000)
  from space 87040K, 21% used [0x00000000fab00000,0x00000000fbd70640,0x0000000100000000)
  to   space 87040K, 0% used [0x00000000f5600000,0x00000000f5600000,0x00000000fab00000)
 ParOldGen       total 539648K, used 14334K [0x0000000080000000, 0x00000000a0f00000, 0x00000000d5580000)
  object space 539648K, 2% used [0x0000000080000000,0x0000000080dff808,0x00000000a0f00000)
 Metaspace       used 34666K, capacity 35028K, committed 35416K, reserved 1081344K
  class space    used 3950K, capacity 4060K, committed 4096K, reserved 1048576K
Event: 38.003 GC heap after
Heap after GC invocations=4 (full 2):
 PSYoungGen      total 611840K, used 0K [0x00000000d5580000, 0x0000000100000000, 0x0000000100000000)
  eden space 524800K, 0% used [0x00000000d5580000,0x00000000d5580000,0x00000000f5600000)
  from space 87040K, 0% used [0x00000000fab00000,0x00000000fab00000,0x0000000100000000)
  to   space 87040K, 0% used [0x00000000f5600000,0x00000000f5600000,0x00000000fab00000)
 ParOldGen       total 932864K, used 23602K [0x0000000080000000, 0x00000000b8f00000, 0x00000000d5580000)
  object space 932864K, 2% used [0x0000000080000000,0x000000008170c968,0x00000000b8f00000)
 Metaspace       used 34666K, capacity 35028K, committed 35416K, reserved 1081344K
  class space    used 3950K, capacity 4060K, committed 4096K, reserved 1048576K
}
Event: 44.288 GC heap before
{Heap before GC invocations=5 (full 2):
 PSYoungGen      total 611840K, used 524800K [0x00000000d5580000, 0x0000000100000000, 0x0000000100000000)
  eden space 524800K, 100% used [0x00000000d5580000,0x00000000f5600000,0x00000000f5600000)
  from space 87040K, 0% used [0x00000000fab00000,0x00000000fab00000,0x0000000100000000)
  to   space 87040K, 0% used [0x00000000f5600000,0x00000000f5600000,0x00000000fab00000)
 ParOldGen       total 932864K, used 23602K [0x0000000080000000, 0x00000000b8f00000, 0x00000000d5580000)
  object space 932864K, 2% used [0x0000000080000000,0x000000008170c968,0x00000000b8f00000)
 Metaspace       used 52094K, capacity 53504K, committed 53760K, reserved 1097728K
  class space    used 6117K, capacity 6376K, committed 6400K, reserved 1048576K
Event: 44.327 GC heap after
Heap after GC invocations=5 (full 2):
 PSYoungGen      total 611840K, used 24546K [0x00000000d5580000, 0x0000000100000000, 0x0000000100000000)
  eden space 524800K, 0% used [0x00000000d5580000,0x00000000d5580000,0x00000000f5600000)
  from space 87040K, 28% used [0x00000000f5600000,0x00000000f6df8bb8,0x00000000fab00000)
  to   space 87040K, 0% used [0x00000000fab00000,0x00000000fab00000,0x0000000100000000)
 ParOldGen       total 932864K, used 23610K [0x0000000080000000, 0x00000000b8f00000, 0x00000000d5580000)
  object space 932864K, 2% used [0x0000000080000000,0x000000008170e968,0x00000000b8f00000)
 Metaspace       used 52094K, capacity 53504K, committed 53760K, reserved 1097728K
  class space    used 6117K, capacity 6376K, committed 6400K, reserved 1048576K
}
Event: 44.935 GC heap before
{Heap before GC invocations=6 (full 2):
 PSYoungGen      total 611840K, used 192436K [0x00000000d5580000, 0x0000000100000000, 0x0000000100000000)
  eden space 524800K, 31% used [0x00000000d5580000,0x00000000df9746e8,0x00000000f5600000)
  from space 87040K, 28% used [0x00000000f5600000,0x00000000f6df8bb8,0x00000000fab00000)
  to   space 87040K, 0% used [0x00000000fab00000,0x00000000fab00000,0x0000000100000000)
 ParOldGen       total 932864K, used 23610K [0x0000000080000000, 0x00000000b8f00000, 0x00000000d5580000)
  object space 932864K, 2% used [0x0000000080000000,0x000000008170e968,0x00000000b8f00000)
 Metaspace       used 57364K, capacity 58800K, committed 59028K, reserved 1101824K
  class space    used 6630K, capacity 6898K, committed 6912K, reserved 1048576K
Event: 44.958 GC heap after
Heap after GC invocations=6 (full 2):
 PSYoungGen      total 611840K, used 17256K [0x00000000d5580000, 0x0000000100000000, 0x0000000100000000)
  eden space 524800K, 0% used [0x00000000d5580000,0x00000000d5580000,0x00000000f5600000)
  from space 87040K, 19% used [0x00000000fab00000,0x00000000fbbda238,0x0000000100000000)
  to   space 87040K, 0% used [0x00000000f5600000,0x00000000f5600000,0x00000000fab00000)
 ParOldGen       total 932864K, used 23618K [0x0000000080000000, 0x00000000b8f00000, 0x00000000d5580000)
  object space 932864K, 2% used [0x0000000080000000,0x0000000081710968,0x00000000b8f00000)
 Metaspace       used 57364K, capacity 58800K, committed 59028K, reserved 1101824K
  class space    used 6630K, capacity 6898K, committed 6912K, reserved 1048576K
}
Event: 44.958 GC heap before
{Heap before GC invocations=7 (full 3):
 PSYoungGen      total 611840K, used 17256K [0x00000000d5580000, 0x0000000100000000, 0x0000000100000000)
  eden space 524800K, 0% used [0x00000000d5580000,0x00000000d5580000,0x00000000f5600000)
  from space 87040K, 19% used [0x00000000fab00000,0x00000000fbbda238,0x0000000100000000)
  to   space 87040K, 0% used [0x00000000f5600000,0x00000000f5600000,0x00000000fab00000)
 ParOldGen       total 932864K, used 23618K [0x0000000080000000, 0x00000000b8f00000, 0x00000000d5580000)
  object space 932864K, 2% used [0x0000000080000000,0x0000000081710968,0x00000000b8f00000)
 Metaspace       used 57364K, capacity 58800K, committed 59028K, reserved 1101824K
  class space    used 6630K, capacity 6898K, committed 6912K, reserved 1048576K
Event: 45.170 GC heap after
Heap after GC invocations=7 (full 3):
 PSYoungGen      total 611840K, used 0K [0x00000000d5580000, 0x0000000100000000, 0x0000000100000000)
  eden space 524800K, 0% used [0x00000000d5580000,0x00000000d5580000,0x00000000f5600000)
  from space 87040K, 0% used [0x00000000fab00000,0x00000000fab00000,0x0000000100000000)
  to   space 87040K, 0% used [0x00000000f5600000,0x00000000f5600000,0x00000000fab00000)
 ParOldGen       total 1275392K, used 28858K [0x0000000080000000, 0x00000000cdd80000, 0x00000000d5580000)
  object space 1275392K, 2% used [0x0000000080000000,0x0000000081c2eba0,0x00000000cdd80000)
 Metaspace       used 57331K, capacity 58716K, committed 59028K, reserved 1101824K
  class space    used 6619K, capacity 6878K, committed 6912K, reserved 1048576K
}

