# JRE version: OpenJDK Runtime Environment (8.0_212-b04) (build 1.8.0_212-b04)
# Java VM: OpenJDK 64-Bit Server VM (25.212-b04 mixed mode linux-amd64 compressed oops)
Heap:
 PSYoungGen      total 611840K, used 230692K [0x00000000d5580000, 0x0000000100000000, 0x0000000100000000)
  eden space 524800K, 43% used [0x00000000d5580000,0x00000000e36c91a8,0x00000000f5600000)
  from space 87040K, 0% used [0x00000000fab00000,0x00000000fab00000,0x0000000100000000)
  to   space 87040K, 0% used [0x00000000f5600000,0x00000000f5600000,0x00000000fab00000)
 ParOldGen       total 1398272K, used 27338K [0x0000000080000000, 0x00000000d5580000, 0x00000000d5580000)
  object space 1398272K, 1% used [0x0000000080000000,0x0000000081ab2900,0x00000000d5580000)
 Metaspace       used 64464K, capacity 66962K, committed 67072K, reserved 1107968K
  class space    used 7458K, capacity 7911K, committed 7936K, reserved 1048576K
GC Heap History (10 events):
Event: 4.740 GC heap before
{Heap before GC invocations=3 (full 1):
 PSYoungGen      total 611840K, used 459222K [0x00000000d5580000, 0x0000000100000000, 0x0000000100000000)
  eden space 524800K, 87% used [0x00000000d5580000,0x00000000f15f5870,0x00000000f5600000)
  from space 87040K, 0% used [0x00000000f5600000,0x00000000f5600000,0x00000000fab00000)
  to   space 87040K, 0% used [0x00000000fab00000,0x00000000fab00000,0x0000000100000000)
 ParOldGen       total 898048K, used 14290K [0x0000000080000000, 0x00000000b6d00000, 0x00000000d5580000)
  object space 898048K, 1% used [0x0000000080000000,0x0000000080df4a78,0x00000000b6d00000)
 Metaspace       used 34704K, capacity 35092K, committed 35416K, reserved 1081344K
  class space    used 3952K, capacity 4060K, committed 4096K, reserved 1048576K
Event: 4.774 GC heap after
Heap after GC invocations=3 (full 1):
 PSYoungGen      total 611840K, used 19220K [0x00000000d5580000, 0x0000000100000000, 0x0000000100000000)
  eden space 524800K, 0% used [0x00000000d5580000,0x00000000d5580000,0x00000000f5600000)
  from space 87040K, 22% used [0x00000000fab00000,0x00000000fbdc5310,0x0000000100000000)
  to   space 87040K, 0% used [0x00000000f5600000,0x00000000f5600000,0x00000000fab00000)
 ParOldGen       total 898048K, used 14290K [0x0000000080000000, 0x00000000b6d00000, 0x00000000d5580000)
  object space 898048K, 1% used [0x0000000080000000,0x0000000080df4a78,0x00000000b6d00000)
 Metaspace       used 34704K, capacity 35092K, committed 35416K, reserved 1081344K
  class space    used 3952K, capacity 4060K, committed 4096K, reserved 1048576K
}
Event: 4.774 GC heap before
{Heap before GC invocations=4 (full 2):
 PSYoungGen      total 611840K, used 19220K [0x00000000d5580000, 0x0000000100000000, 0x0000000100000000)
  eden space 524800K, 0% used [0x00000000d5580000,0x00000000d5580000,0x00000000f5600000)
  from space 87040K, 22% used [0x00000000fab00000,0x00000000fbdc5310,0x0000000100000000)
  to   space 87040K, 0% used [0x00000000f5600000,0x00000000f5600000,0x00000000fab00000)
 ParOldGen       total 898048K, used 14290K [0x0000000080000000, 0x00000000b6d00000, 0x00000000d5580000)
  object space 898048K, 1% used [0x0000000080000000,0x0000000080df4a78,0x00000000b6d00000)
 Metaspace       used 34704K, capacity 35092K, committed 35416K, reserved 1081344K
  class space    used 3952K, capacity 4060K, committed 4096K, reserved 1048576K
Event: 4.871 GC heap after
Heap after GC invocations=4 (full 2):
 PSYoungGen      total 611840K, used 0K [0x00000000d5580000, 0x0000000100000000, 0x0000000100000000)
  eden space 524800K, 0% used [0x00000000d5580000,0x00000000d5580000,0x00000000f5600000)
  from space 87040K, 0% used [0x00000000fab00000,0x00000000fab00000,0x0000000100000000)
  to   space 87040K, 0% used [0x00000000f5600000,0x00000000f5600000,0x00000000fab00000)
 ParOldGen       total 1398272K, used 23723K [0x0000000080000000, 0x00000000d5580000, 0x00000000d5580000)
  object space 1398272K, 1% used [0x0000000080000000,0x000000008172ad70,0x00000000d5580000)
 Metaspace       used 34704K, capacity 35092K, committed 35416K, reserved 1081344K
  class space    used 3952K, capacity 4060K, committed 4096K, reserved 1048576K
}
Event: 11.425 GC heap before
{Heap before GC invocations=5 (full 2):
 PSYoungGen      total 611840K, used 524800K [0x00000000d5580000, 0x0000000100000000, 0x0000000100000000)
  eden space 524800K, 100% used [0x00000000d5580000,0x00000000f5600000,0x00000000f5600000)
  from space 87040K, 0% used [0x00000000fab00000,0x00000000fab00000,0x0000000100000000)
  to   space 87040K, 0% used [0x00000000f5600000,0x00000000f5600000,0x00000000fab00000)
 ParOldGen       total 1398272K, used 23723K [0x0000000080000000, 0x00000000d5580000, 0x00000000d5580000)
  object space 1398272K, 1% used [0x0000000080000000,0x000000008172ad70,0x00000000d5580000)
 Metaspace       used 53516K, capacity 54898K, committed 55040K, reserved 1097728K
  class space    used 6271K, capacity 6537K, committed 6656K, reserved 1048576K
Event: 11.470 GC heap after
Heap after GC invocations=5 (full 2):
 PSYoungGen      total 611840K, used 27447K [0x00000000d5580000, 0x0000000100000000, 0x0000000100000000)
  eden space 524800K, 0% used [0x00000000d5580000,0x00000000d5580000,0x00000000f5600000)
  from space 87040K, 31% used [0x00000000f5600000,0x00000000f70cdc90,0x00000000fab00000)
  to   space 87040K, 0% used [0x00000000fab00000,0x00000000fab00000,0x0000000100000000)
 ParOldGen       total 1398272K, used 23731K [0x0000000080000000, 0x00000000d5580000, 0x00000000d5580000)
  object space 1398272K, 1% used [0x0000000080000000,0x000000008172cd70,0x00000000d5580000)
 Metaspace       used 53516K, capacity 54898K, committed 55040K, reserved 1097728K
  class space    used 6271K, capacity 6537K, committed 6656K, reserved 1048576K
}
Event: 11.958 GC heap before
{Heap before GC invocations=6 (full 2):
 PSYoungGen      total 611840K, used 165235K [0x00000000d5580000, 0x0000000100000000, 0x0000000100000000)
  eden space 524800K, 26% used [0x00000000d5580000,0x00000000ddc0f280,0x00000000f5600000)
  from space 87040K, 31% used [0x00000000f5600000,0x00000000f70cdc90,0x00000000fab00000)
  to   space 87040K, 0% used [0x00000000fab00000,0x00000000fab00000,0x0000000100000000)
 ParOldGen       total 1398272K, used 23731K [0x0000000080000000, 0x00000000d5580000, 0x00000000d5580000)
  object space 1398272K, 1% used [0x0000000080000000,0x000000008172cd70,0x00000000d5580000)
 Metaspace       used 57364K, capacity 58824K, committed 59028K, reserved 1101824K
  class space    used 6631K, capacity 6900K, committed 6912K, reserved 1048576K
Event: 11.979 GC heap after
Heap after GC invocations=6 (full 2):
 PSYoungGen      total 611840K, used 15260K [0x00000000d5580000, 0x0000000100000000, 0x0000000100000000)
  eden space 524800K, 0% used [0x00000000d5580000,0x00000000d5580000,0x00000000f5600000)
  from space 87040K, 17% used [0x00000000fab00000,0x00000000fb9e73d0,0x0000000100000000)
  to   space 87040K, 0% used [0x00000000f5600000,0x00000000f5600000,0x00000000fab00000)
 ParOldGen       total 1398272K, used 23731K [0x0000000080000000, 0x00000000d5580000, 0x00000000d5580000)
  object space 1398272K, 1% used [0x0000000080000000,0x000000008172cd70,0x00000000d5580000)
 Metaspace       used 57364K, capacity 58824K, committed 59028K, reserved 1101824K
  class space    used 6631K, capacity 6900K, committed 6912K, reserved 1048576K
}
Event: 11.979 GC heap before
{Heap before GC invocations=7 (full 3):
 PSYoungGen      total 611840K, used 15260K [0x00000000d5580000, 0x0000000100000000, 0x0000000100000000)
  eden space 524800K, 0% used [0x00000000d5580000,0x00000000d5580000,0x00000000f5600000)
  from space 87040K, 17% used [0x00000000fab00000,0x00000000fb9e73d0,0x0000000100000000)
  to   space 87040K, 0% used [0x00000000f5600000,0x00000000f5600000,0x00000000fab00000)
 ParOldGen       total 1398272K, used 23731K [0x0000000080000000, 0x00000000d5580000, 0x00000000d5580000)
  object space 1398272K, 1% used [0x0000000080000000,0x000000008172cd70,0x00000000d5580000)
 Metaspace       used 57364K, capacity 58824K, committed 59028K, reserved 1101824K
  class space    used 6631K, capacity 6900K, committed 6912K, reserved 1048576K
Event: 12.178 GC heap after
Heap after GC invocations=7 (full 3):
 PSYoungGen      total 611840K, used 0K [0x00000000d5580000, 0x0000000100000000, 0x0000000100000000)
  eden space 524800K, 0% used [0x00000000d5580000,0x00000000d5580000,0x00000000f5600000)
  from space 87040K, 0% used [0x00000000fab00000,0x00000000fab00000,0x0000000100000000)
  to   space 87040K, 0% used [0x00000000f5600000,0x00000000f5600000,0x00000000fab00000)
 ParOldGen       total 1398272K, used 27338K [0x0000000080000000, 0x00000000d5580000, 0x00000000d5580000)
  object space 1398272K, 1% used [0x0000000080000000,0x0000000081ab2900,0x00000000d5580000)
 Metaspace       used 57332K, capacity 58740K, committed 59028K, reserved 1101824K
  class space    used 6619K, capacity 6880K, committed 6912K, reserved 1048576K
}

