# JRE version: OpenJDK Runtime Environment (8.0_212-b04) (build 1.8.0_212-b04)
# Java VM: OpenJDK 64-Bit Server VM (25.212-b04 mixed mode linux-amd64 compressed oops)
Heap:
 PSYoungGen      total 611840K, used 492289K [0x00000000d5580000, 0x0000000100000000, 0x0000000100000000)
  eden space 524800K, 93% used [0x00000000d5580000,0x00000000f36406c0,0x00000000f5600000)
  from space 87040K, 0% used [0x00000000fab00000,0x00000000fab00000,0x0000000100000000)
  to   space 87040K, 0% used [0x00000000f5600000,0x00000000f5600000,0x00000000fab00000)
 ParOldGen       total 1397248K, used 23240K [0x0000000080000000, 0x00000000d5480000, 0x00000000d5580000)
  object space 1397248K, 1% used [0x0000000080000000,0x00000000816b21b0,0x00000000d5480000)
 Metaspace       used 55829K, capacity 57402K, committed 57600K, reserved 1099776K
  class space    used 6495K, capacity 6787K, committed 6912K, reserved 1048576K
GC Heap History (8 events):
Event: 2.153 GC heap before
{Heap before GC invocations=1 (full 0):
 PSYoungGen      total 611840K, used 220423K [0x00000000d5580000, 0x0000000100000000, 0x0000000100000000)
  eden space 524800K, 42% used [0x00000000d5580000,0x00000000e2cc1db0,0x00000000f5600000)
  from space 87040K, 0% used [0x00000000fab00000,0x00000000fab00000,0x0000000100000000)
  to   space 87040K, 0% used [0x00000000f5600000,0x00000000f5600000,0x00000000fab00000)
 ParOldGen       total 1398272K, used 0K [0x0000000080000000, 0x00000000d5580000, 0x00000000d5580000)
  object space 1398272K, 0% used [0x0000000080000000,0x0000000080000000,0x00000000d5580000)
 Metaspace       used 20744K, capacity 21002K, committed 21248K, reserved 1069056K
  class space    used 2402K, capacity 2495K, committed 2560K, reserved 1048576K
Event: 2.220 GC heap after
Heap after GC invocations=1 (full 0):
 PSYoungGen      total 611840K, used 17654K [0x00000000d5580000, 0x0000000100000000, 0x0000000100000000)
  eden space 524800K, 0% used [0x00000000d5580000,0x00000000d5580000,0x00000000f5600000)
  from space 87040K, 20% used [0x00000000f5600000,0x00000000f673da28,0x00000000fab00000)
  to   space 87040K, 0% used [0x00000000fab00000,0x00000000fab00000,0x0000000100000000)
 ParOldGen       total 1398272K, used 8K [0x0000000080000000, 0x00000000d5580000, 0x00000000d5580000)
  object space 1398272K, 0% used [0x0000000080000000,0x0000000080002000,0x00000000d5580000)
 Metaspace       used 20744K, capacity 21002K, committed 21248K, reserved 1069056K
  class space    used 2402K, capacity 2495K, committed 2560K, reserved 1048576K
}
Event: 2.220 GC heap before
{Heap before GC invocations=2 (full 1):
 PSYoungGen      total 611840K, used 17654K [0x00000000d5580000, 0x0000000100000000, 0x0000000100000000)
  eden space 524800K, 0% used [0x00000000d5580000,0x00000000d5580000,0x00000000f5600000)
  from space 87040K, 20% used [0x00000000f5600000,0x00000000f673da28,0x00000000fab00000)
  to   space 87040K, 0% used [0x00000000fab00000,0x00000000fab00000,0x0000000100000000)
 ParOldGen       total 1398272K, used 8K [0x0000000080000000, 0x00000000d5580000, 0x00000000d5580000)
  object space 1398272K, 0% used [0x0000000080000000,0x0000000080002000,0x00000000d5580000)
 Metaspace       used 20744K, capacity 21002K, committed 21248K, reserved 1069056K
  class space    used 2402K, capacity 2495K, committed 2560K, reserved 1048576K
Event: 2.317 GC heap after
Heap after GC invocations=2 (full 1):
 PSYoungGen      total 611840K, used 0K [0x00000000d5580000, 0x0000000100000000, 0x0000000100000000)
  eden space 524800K, 0% used [0x00000000d5580000,0x00000000d5580000,0x00000000f5600000)
  from space 87040K, 0% used [0x00000000f5600000,0x00000000f5600000,0x00000000fab00000)
  to   space 87040K, 0% used [0x00000000fab00000,0x00000000fab00000,0x0000000100000000)
 ParOldGen       total 847872K, used 17051K [0x0000000080000000, 0x00000000b3c00000, 0x00000000d5580000)
  object space 847872K, 2% used [0x0000000080000000,0x00000000810a6f78,0x00000000b3c00000)
 Metaspace       used 20744K, capacity 21002K, committed 21248K, reserved 1069056K
  class space    used 2402K, capacity 2495K, committed 2560K, reserved 1048576K
}
Event: 4.502 GC heap before
{Heap before GC invocations=3 (full 1):
 PSYoungGen      total 611840K, used 438218K [0x00000000d5580000, 0x0000000100000000, 0x0000000100000000)
  eden space 524800K, 83% used [0x00000000d5580000,0x00000000f01729c8,0x00000000f5600000)
  from space 87040K, 0% used [0x00000000f5600000,0x00000000f5600000,0x00000000fab00000)
  to   space 87040K, 0% used [0x00000000fab00000,0x00000000fab00000,0x0000000100000000)
 ParOldGen       total 847872K, used 17051K [0x0000000080000000, 0x00000000b3c00000, 0x00000000d5580000)
  object space 847872K, 2% used [0x0000000080000000,0x00000000810a6f78,0x00000000b3c00000)
 Metaspace       used 34592K, capacity 34962K, committed 35416K, reserved 1081344K
  class space    used 3940K, capacity 4061K, committed 4096K, reserved 1048576K
Event: 4.525 GC heap after
Heap after GC invocations=3 (full 1):
 PSYoungGen      total 611840K, used 15590K [0x00000000d5580000, 0x0000000100000000, 0x0000000100000000)
  eden space 524800K, 0% used [0x00000000d5580000,0x00000000d5580000,0x00000000f5600000)
  from space 87040K, 17% used [0x00000000fab00000,0x00000000fba39820,0x0000000100000000)
  to   space 87040K, 0% used [0x00000000f5600000,0x00000000f5600000,0x00000000fab00000)
 ParOldGen       total 847872K, used 17123K [0x0000000080000000, 0x00000000b3c00000, 0x00000000d5580000)
  object space 847872K, 2% used [0x0000000080000000,0x00000000810b8f88,0x00000000b3c00000)
 Metaspace       used 34592K, capacity 34962K, committed 35416K, reserved 1081344K
  class space    used 3940K, capacity 4061K, committed 4096K, reserved 1048576K
}
Event: 4.525 GC heap before
{Heap before GC invocations=4 (full 2):
 PSYoungGen      total 611840K, used 15590K [0x00000000d5580000, 0x0000000100000000, 0x0000000100000000)
  eden space 524800K, 0% used [0x00000000d5580000,0x00000000d5580000,0x00000000f5600000)
  from space 87040K, 17% used [0x00000000fab00000,0x00000000fba39820,0x0000000100000000)
  to   space 87040K, 0% used [0x00000000f5600000,0x00000000f5600000,0x00000000fab00000)
 ParOldGen       total 847872K, used 17123K [0x0000000080000000, 0x00000000b3c00000, 0x00000000d5580000)
  object space 847872K, 2% used [0x0000000080000000,0x00000000810b8f88,0x00000000b3c00000)
 Metaspace       used 34592K, capacity 34962K, committed 35416K, reserved 1081344K
  class space    used 3940K, capacity 4061K, committed 4096K, reserved 1048576K
Event: 4.601 GC heap after
Heap after GC invocations=4 (full 2):
 PSYoungGen      total 611840K, used 0K [0x00000000d5580000, 0x0000000100000000, 0x0000000100000000)
  eden space 524800K, 0% used [0x00000000d5580000,0x00000000d5580000,0x00000000f5600000)
  from space 87040K, 0% used [0x00000000fab00000,0x00000000fab00000,0x0000000100000000)
  to   space 87040K, 0% used [0x00000000f5600000,0x00000000f5600000,0x00000000fab00000)
 ParOldGen       total 1397248K, used 23240K [0x0000000080000000, 0x00000000d5480000, 0x00000000d5580000)
  object space 1397248K, 1% used [0x0000000080000000,0x00000000816b21b0,0x00000000d5480000)
 Metaspace       used 34592K, capacity 34962K, committed 35416K, reserved 1081344K
  class space    used 3940K, capacity 4061K, committed 4096K, reserved 1048576K
}

