# JRE version: OpenJDK Runtime Environment (8.0_212-b04) (build 1.8.0_212-b04)
# Java VM: OpenJDK 64-Bit Server VM (25.212-b04 mixed mode linux-amd64 compressed oops)
Heap:
 PSYoungGen      total 611840K, used 398131K [0x00000000d5580000, 0x0000000100000000, 0x0000000100000000)
  eden space 524800K, 75% used [0x00000000d5580000,0x00000000eda4ce10,0x00000000f5600000)
  from space 87040K, 0% used [0x00000000fab00000,0x00000000fab00000,0x0000000100000000)
  to   space 87040K, 0% used [0x00000000f5600000,0x00000000f5600000,0x00000000fab00000)
 ParOldGen       total 1398272K, used 29206K [0x0000000080000000, 0x00000000d5580000, 0x00000000d5580000)
  object space 1398272K, 2% used [0x0000000080000000,0x0000000081c85be0,0x00000000d5580000)
 Metaspace       used 67907K, capacity 71120K, committed 71424K, reserved 1112064K
  class space    used 7766K, capacity 8336K, committed 8448K, reserved 1048576K
GC Heap History (10 events):
Event: 4.816 GC heap before
{Heap before GC invocations=3 (full 1):
 PSYoungGen      total 611840K, used 403457K [0x00000000d5580000, 0x0000000100000000, 0x0000000100000000)
  eden space 524800K, 76% used [0x00000000d5580000,0x00000000edf80550,0x00000000f5600000)
  from space 87040K, 0% used [0x00000000f5600000,0x00000000f5600000,0x00000000fab00000)
  to   space 87040K, 0% used [0x00000000fab00000,0x00000000fab00000,0x0000000100000000)
 ParOldGen       total 887808K, used 18633K [0x0000000080000000, 0x00000000b6300000, 0x00000000d5580000)
  object space 887808K, 2% used [0x0000000080000000,0x0000000081232560,0x00000000b6300000)
 Metaspace       used 34759K, capacity 35154K, committed 35456K, reserved 1081344K
  class space    used 3969K, capacity 4101K, committed 4224K, reserved 1048576K
Event: 4.850 GC heap after
Heap after GC invocations=3 (full 1):
 PSYoungGen      total 611840K, used 14232K [0x00000000d5580000, 0x0000000100000000, 0x0000000100000000)
  eden space 524800K, 0% used [0x00000000d5580000,0x00000000d5580000,0x00000000f5600000)
  from space 87040K, 16% used [0x00000000fab00000,0x00000000fb8e60f8,0x0000000100000000)
  to   space 87040K, 0% used [0x00000000f5600000,0x00000000f5600000,0x00000000fab00000)
 ParOldGen       total 887808K, used 18705K [0x0000000080000000, 0x00000000b6300000, 0x00000000d5580000)
  object space 887808K, 2% used [0x0000000080000000,0x0000000081244570,0x00000000b6300000)
 Metaspace       used 34759K, capacity 35154K, committed 35456K, reserved 1081344K
  class space    used 3969K, capacity 4101K, committed 4224K, reserved 1048576K
}
Event: 4.850 GC heap before
{Heap before GC invocations=4 (full 2):
 PSYoungGen      total 611840K, used 14232K [0x00000000d5580000, 0x0000000100000000, 0x0000000100000000)
  eden space 524800K, 0% used [0x00000000d5580000,0x00000000d5580000,0x00000000f5600000)
  from space 87040K, 16% used [0x00000000fab00000,0x00000000fb8e60f8,0x0000000100000000)
  to   space 87040K, 0% used [0x00000000f5600000,0x00000000f5600000,0x00000000fab00000)
 ParOldGen       total 887808K, used 18705K [0x0000000080000000, 0x00000000b6300000, 0x00000000d5580000)
  object space 887808K, 2% used [0x0000000080000000,0x0000000081244570,0x00000000b6300000)
 Metaspace       used 34759K, capacity 35154K, committed 35456K, reserved 1081344K
  class space    used 3969K, capacity 4101K, committed 4224K, reserved 1048576K
Event: 4.962 GC heap after
Heap after GC invocations=4 (full 2):
 PSYoungGen      total 611840K, used 0K [0x00000000d5580000, 0x0000000100000000, 0x0000000100000000)
  eden space 524800K, 0% used [0x00000000d5580000,0x00000000d5580000,0x00000000f5600000)
  from space 87040K, 0% used [0x00000000fab00000,0x00000000fab00000,0x0000000100000000)
  to   space 87040K, 0% used [0x00000000f5600000,0x00000000f5600000,0x00000000fab00000)
 ParOldGen       total 1398272K, used 22474K [0x0000000080000000, 0x00000000d5580000, 0x00000000d5580000)
  object space 1398272K, 1% used [0x0000000080000000,0x00000000815f28d8,0x00000000d5580000)
 Metaspace       used 34759K, capacity 35154K, committed 35456K, reserved 1081344K
  class space    used 3969K, capacity 4101K, committed 4224K, reserved 1048576K
}
Event: 10.534 GC heap before
{Heap before GC invocations=5 (full 2):
 PSYoungGen      total 611840K, used 524800K [0x00000000d5580000, 0x0000000100000000, 0x0000000100000000)
  eden space 524800K, 100% used [0x00000000d5580000,0x00000000f5600000,0x00000000f5600000)
  from space 87040K, 0% used [0x00000000fab00000,0x00000000fab00000,0x0000000100000000)
  to   space 87040K, 0% used [0x00000000f5600000,0x00000000f5600000,0x00000000fab00000)
 ParOldGen       total 1398272K, used 22474K [0x0000000080000000, 0x00000000d5580000, 0x00000000d5580000)
  object space 1398272K, 1% used [0x0000000080000000,0x00000000815f28d8,0x00000000d5580000)
 Metaspace       used 51947K, capacity 53224K, committed 53248K, reserved 1095680K
  class space    used 6116K, capacity 6390K, committed 6400K, reserved 1048576K
Event: 10.590 GC heap after
Heap after GC invocations=5 (full 2):
 PSYoungGen      total 611840K, used 24661K [0x00000000d5580000, 0x0000000100000000, 0x0000000100000000)
  eden space 524800K, 0% used [0x00000000d5580000,0x00000000d5580000,0x00000000f5600000)
  from space 87040K, 28% used [0x00000000f5600000,0x00000000f6e154e0,0x00000000fab00000)
  to   space 87040K, 0% used [0x00000000fab00000,0x00000000fab00000,0x0000000100000000)
 ParOldGen       total 1398272K, used 22482K [0x0000000080000000, 0x00000000d5580000, 0x00000000d5580000)
  object space 1398272K, 1% used [0x0000000080000000,0x00000000815f48d8,0x00000000d5580000)
 Metaspace       used 51947K, capacity 53224K, committed 53248K, reserved 1095680K
  class space    used 6116K, capacity 6390K, committed 6400K, reserved 1048576K
}
Event: 11.503 GC heap before
{Heap before GC invocations=6 (full 2):
 PSYoungGen      total 611840K, used 157561K [0x00000000d5580000, 0x0000000100000000, 0x0000000100000000)
  eden space 524800K, 25% used [0x00000000d5580000,0x00000000dd749268,0x00000000f5600000)
  from space 87040K, 28% used [0x00000000f5600000,0x00000000f6e154e0,0x00000000fab00000)
  to   space 87040K, 0% used [0x00000000fab00000,0x00000000fab00000,0x0000000100000000)
 ParOldGen       total 1398272K, used 22482K [0x0000000080000000, 0x00000000d5580000, 0x00000000d5580000)
  object space 1398272K, 1% used [0x0000000080000000,0x00000000815f48d8,0x00000000d5580000)
 Metaspace       used 57490K, capacity 58980K, committed 59096K, reserved 1101824K
  class space    used 6688K, capacity 6968K, committed 7040K, reserved 1048576K
Event: 11.538 GC heap after
Heap after GC invocations=6 (full 2):
 PSYoungGen      total 611840K, used 16691K [0x00000000d5580000, 0x0000000100000000, 0x0000000100000000)
  eden space 524800K, 0% used [0x00000000d5580000,0x00000000d5580000,0x00000000f5600000)
  from space 87040K, 19% used [0x00000000fab00000,0x00000000fbb4cc90,0x0000000100000000)
  to   space 87040K, 0% used [0x00000000f5600000,0x00000000f5600000,0x00000000fab00000)
 ParOldGen       total 1398272K, used 22490K [0x0000000080000000, 0x00000000d5580000, 0x00000000d5580000)
  object space 1398272K, 1% used [0x0000000080000000,0x00000000815f68d8,0x00000000d5580000)
 Metaspace       used 57490K, capacity 58980K, committed 59096K, reserved 1101824K
  class space    used 6688K, capacity 6968K, committed 7040K, reserved 1048576K
}
Event: 11.538 GC heap before
{Heap before GC invocations=7 (full 3):
 PSYoungGen      total 611840K, used 16691K [0x00000000d5580000, 0x0000000100000000, 0x0000000100000000)
  eden space 524800K, 0% used [0x00000000d5580000,0x00000000d5580000,0x00000000f5600000)
  from space 87040K, 19% used [0x00000000fab00000,0x00000000fbb4cc90,0x0000000100000000)
  to   space 87040K, 0% used [0x00000000f5600000,0x00000000f5600000,0x00000000fab00000)
 ParOldGen       total 1398272K, used 22490K [0x0000000080000000, 0x00000000d5580000, 0x00000000d5580000)
  object space 1398272K, 1% used [0x0000000080000000,0x00000000815f68d8,0x00000000d5580000)
 Metaspace       used 57490K, capacity 58980K, committed 59096K, reserved 1101824K
  class space    used 6688K, capacity 6968K, committed 7040K, reserved 1048576K
Event: 11.809 GC heap after
Heap after GC invocations=7 (full 3):
 PSYoungGen      total 611840K, used 0K [0x00000000d5580000, 0x0000000100000000, 0x0000000100000000)
  eden space 524800K, 0% used [0x00000000d5580000,0x00000000d5580000,0x00000000f5600000)
  from space 87040K, 0% used [0x00000000fab00000,0x00000000fab00000,0x0000000100000000)
  to   space 87040K, 0% used [0x00000000f5600000,0x00000000f5600000,0x00000000fab00000)
 ParOldGen       total 1398272K, used 29206K [0x0000000080000000, 0x00000000d5580000, 0x00000000d5580000)
  object space 1398272K, 2% used [0x0000000080000000,0x0000000081c85be0,0x00000000d5580000)
 Metaspace       used 57400K, capacity 58762K, committed 59096K, reserved 1101824K
  class space    used 6655K, capacity 6911K, committed 7040K, reserved 1048576K
}

