# JRE version: OpenJDK Runtime Environment (8.0_212-b04) (build 1.8.0_212-b04)
# Java VM: OpenJDK 64-Bit Server VM (25.212-b04 mixed mode linux-amd64 compressed oops)
Heap:
 PSYoungGen      total 423424K, used 148245K [0x00000000d5580000, 0x0000000100000000, 0x0000000100000000)
  eden space 392704K, 29% used [0x00000000d5580000,0x00000000dc84a460,0x00000000ed500000)
  from space 30720K, 99% used [0x00000000f8d80000,0x00000000fab7b198,0x00000000fab80000)
  to   space 153088K, 0% used [0x00000000ed500000,0x00000000ed500000,0x00000000f6a80000)
 ParOldGen       total 1398272K, used 966488K [0x0000000080000000, 0x00000000d5580000, 0x00000000d5580000)
  object space 1398272K, 69% used [0x0000000080000000,0x00000000bafd62d8,0x00000000d5580000)
 Metaspace       used 66457K, capacity 70254K, committed 70400K, reserved 1112064K
  class space    used 7736K, capacity 8381K, committed 8448K, reserved 1048576K
GC Heap History (10 events):
Event: 8.763 GC heap before
{Heap before GC invocations=5 (full 2):
 PSYoungGen      total 611840K, used 524800K [0x00000000d5580000, 0x0000000100000000, 0x0000000100000000)
  eden space 524800K, 100% used [0x00000000d5580000,0x00000000f5600000,0x00000000f5600000)
  from space 87040K, 0% used [0x00000000fab00000,0x00000000fab00000,0x0000000100000000)
  to   space 87040K, 0% used [0x00000000f5600000,0x00000000f5600000,0x00000000fab00000)
 ParOldGen       total 1398272K, used 23873K [0x0000000080000000, 0x00000000d5580000, 0x00000000d5580000)
  object space 1398272K, 1% used [0x0000000080000000,0x00000000817507a8,0x00000000d5580000)
 Metaspace       used 44722K, capacity 45644K, committed 45824K, reserved 1089536K
  class space    used 5171K, capacity 5374K, committed 5376K, reserved 1048576K
Event: 8.794 GC heap after
Heap after GC invocations=5 (full 2):
 PSYoungGen      total 611840K, used 17157K [0x00000000d5580000, 0x0000000100000000, 0x0000000100000000)
  eden space 524800K, 0% used [0x00000000d5580000,0x00000000d5580000,0x00000000f5600000)
  from space 87040K, 19% used [0x00000000f5600000,0x00000000f66c1678,0x00000000fab00000)
  to   space 87040K, 0% used [0x00000000fab00000,0x00000000fab00000,0x0000000100000000)
 ParOldGen       total 1398272K, used 23881K [0x0000000080000000, 0x00000000d5580000, 0x00000000d5580000)
  object space 1398272K, 1% used [0x0000000080000000,0x00000000817527a8,0x00000000d5580000)
 Metaspace       used 44722K, capacity 45644K, committed 45824K, reserved 1089536K
  class space    used 5171K, capacity 5374K, committed 5376K, reserved 1048576K
}
Event: 12.778 GC heap before
{Heap before GC invocations=6 (full 2):
 PSYoungGen      total 611840K, used 326270K [0x00000000d5580000, 0x0000000100000000, 0x0000000100000000)
  eden space 524800K, 58% used [0x00000000d5580000,0x00000000e835e570,0x00000000f5600000)
  from space 87040K, 19% used [0x00000000f5600000,0x00000000f66c1678,0x00000000fab00000)
  to   space 87040K, 0% used [0x00000000fab00000,0x00000000fab00000,0x0000000100000000)
 ParOldGen       total 1398272K, used 23881K [0x0000000080000000, 0x00000000d5580000, 0x00000000d5580000)
  object space 1398272K, 1% used [0x0000000080000000,0x00000000817527a8,0x00000000d5580000)
 Metaspace       used 57573K, capacity 58964K, committed 59028K, reserved 1101824K
  class space    used 6625K, capacity 6904K, committed 6912K, reserved 1048576K
Event: 12.833 GC heap after
Heap after GC invocations=6 (full 2):
 PSYoungGen      total 611840K, used 29838K [0x00000000d5580000, 0x0000000100000000, 0x0000000100000000)
  eden space 524800K, 0% used [0x00000000d5580000,0x00000000d5580000,0x00000000f5600000)
  from space 87040K, 34% used [0x00000000fab00000,0x00000000fc823af0,0x0000000100000000)
  to   space 87040K, 0% used [0x00000000f5600000,0x00000000f5600000,0x00000000fab00000)
 ParOldGen       total 1398272K, used 23889K [0x0000000080000000, 0x00000000d5580000, 0x00000000d5580000)
  object space 1398272K, 1% used [0x0000000080000000,0x00000000817547a8,0x00000000d5580000)
 Metaspace       used 57573K, capacity 58964K, committed 59028K, reserved 1101824K
  class space    used 6625K, capacity 6904K, committed 6912K, reserved 1048576K
}
Event: 12.833 GC heap before
{Heap before GC invocations=7 (full 3):
 PSYoungGen      total 611840K, used 29838K [0x00000000d5580000, 0x0000000100000000, 0x0000000100000000)
  eden space 524800K, 0% used [0x00000000d5580000,0x00000000d5580000,0x00000000f5600000)
  from space 87040K, 34% used [0x00000000fab00000,0x00000000fc823af0,0x0000000100000000)
  to   space 87040K, 0% used [0x00000000f5600000,0x00000000f5600000,0x00000000fab00000)
 ParOldGen       total 1398272K, used 23889K [0x0000000080000000, 0x00000000d5580000, 0x00000000d5580000)
  object space 1398272K, 1% used [0x0000000080000000,0x00000000817547a8,0x00000000d5580000)
 Metaspace       used 57573K, capacity 58964K, committed 59028K, reserved 1101824K
  class space    used 6625K, capacity 6904K, committed 6912K, reserved 1048576K
Event: 13.129 GC heap after
Heap after GC invocations=7 (full 3):
 PSYoungGen      total 611840K, used 0K [0x00000000d5580000, 0x0000000100000000, 0x0000000100000000)
  eden space 524800K, 0% used [0x00000000d5580000,0x00000000d5580000,0x00000000f5600000)
  from space 87040K, 0% used [0x00000000fab00000,0x00000000fab00000,0x0000000100000000)
  to   space 87040K, 0% used [0x00000000f5600000,0x00000000f5600000,0x00000000fab00000)
 ParOldGen       total 1398272K, used 41203K [0x0000000080000000, 0x00000000d5580000, 0x00000000d5580000)
  object space 1398272K, 2% used [0x0000000080000000,0x000000008283cea8,0x00000000d5580000)
 Metaspace       used 57540K, capacity 58884K, committed 59028K, reserved 1101824K
  class space    used 6613K, capacity 6884K, committed 6912K, reserved 1048576K
}
Event: 19.574 GC heap before
{Heap before GC invocations=8 (full 3):
 PSYoungGen      total 611840K, used 369216K [0x00000000d5580000, 0x0000000100000000, 0x0000000100000000)
  eden space 524800K, 70% used [0x00000000d5580000,0x00000000ebe101f0,0x00000000f5600000)
  from space 87040K, 0% used [0x00000000fab00000,0x00000000fab00000,0x0000000100000000)
  to   space 87040K, 0% used [0x00000000f5600000,0x00000000f5600000,0x00000000fab00000)
 ParOldGen       total 1398272K, used 41203K [0x0000000080000000, 0x00000000d5580000, 0x00000000d5580000)
  object space 1398272K, 2% used [0x0000000080000000,0x000000008283cea8,0x00000000d5580000)
 Metaspace       used 60755K, capacity 63394K, committed 63488K, reserved 1105920K
  class space    used 7124K, capacity 7595K, committed 7680K, reserved 1048576K
Event: 19.842 GC heap after
Heap after GC invocations=8 (full 3):
 PSYoungGen      total 535552K, used 10272K [0x00000000d5580000, 0x00000000fab80000, 0x0000000100000000)
  eden space 524800K, 0% used [0x00000000d5580000,0x00000000d5580000,0x00000000f5600000)
  from space 10752K, 95% used [0x00000000f5600000,0x00000000f6008318,0x00000000f6080000)
  to   space 30720K, 0% used [0x00000000f8d80000,0x00000000f8d80000,0x00000000fab80000)
 ParOldGen       total 1398272K, used 450811K [0x0000000080000000, 0x00000000d5580000, 0x00000000d5580000)
  object space 1398272K, 32% used [0x0000000080000000,0x000000009b83eec8,0x00000000d5580000)
 Metaspace       used 60755K, capacity 63394K, committed 63488K, reserved 1105920K
  class space    used 7124K, capacity 7595K, committed 7680K, reserved 1048576K
}
Event: 30.815 GC heap before
{Heap before GC invocations=9 (full 3):
 PSYoungGen      total 535552K, used 534088K [0x00000000d5580000, 0x00000000fab80000, 0x0000000100000000)
  eden space 524800K, 99% used [0x00000000d5580000,0x00000000f5509e00,0x00000000f5600000)
  from space 10752K, 95% used [0x00000000f5600000,0x00000000f6008318,0x00000000f6080000)
  to   space 30720K, 0% used [0x00000000f8d80000,0x00000000f8d80000,0x00000000fab80000)
 ParOldGen       total 1398272K, used 758011K [0x0000000080000000, 0x00000000d5580000, 0x00000000d5580000)
  object space 1398272K, 54% used [0x0000000080000000,0x00000000ae43eed8,0x00000000d5580000)
 Metaspace       used 66122K, capacity 69826K, committed 70144K, reserved 1112064K
  class space    used 7732K, capacity 8373K, committed 8448K, reserved 1048576K
Event: 30.953 GC heap after
Heap after GC invocations=9 (full 3):
 PSYoungGen      total 423424K, used 30700K [0x00000000d5580000, 0x0000000100000000, 0x0000000100000000)
  eden space 392704K, 0% used [0x00000000d5580000,0x00000000d5580000,0x00000000ed500000)
  from space 30720K, 99% used [0x00000000f8d80000,0x00000000fab7b198,0x00000000fab80000)
  to   space 153088K, 0% used [0x00000000ed500000,0x00000000ed500000,0x00000000f6a80000)
 ParOldGen       total 1398272K, used 966488K [0x0000000080000000, 0x00000000d5580000, 0x00000000d5580000)
  object space 1398272K, 69% used [0x0000000080000000,0x00000000bafd62d8,0x00000000d5580000)
 Metaspace       used 66122K, capacity 69826K, committed 70144K, reserved 1112064K
  class space    used 7732K, capacity 8373K, committed 8448K, reserved 1048576K
}

