# JRE version: OpenJDK Runtime Environment (8.0_212-b04) (build 1.8.0_212-b04)
# Java VM: OpenJDK 64-Bit Server VM (25.212-b04 mixed mode linux-amd64 compressed oops)
Heap:
 PSYoungGen      total 611840K, used 343831K [0x00000000d5580000, 0x0000000100000000, 0x0000000100000000)
  eden space 524800K, 65% used [0x00000000d5580000,0x00000000ea545d78,0x00000000f5600000)
  from space 87040K, 0% used [0x00000000fab00000,0x00000000fab00000,0x0000000100000000)
  to   space 87040K, 0% used [0x00000000f5600000,0x00000000f5600000,0x00000000fab00000)
 ParOldGen       total 1398272K, used 28863K [0x0000000080000000, 0x00000000d5580000, 0x00000000d5580000)
  object space 1398272K, 2% used [0x0000000080000000,0x0000000081c2fcd8,0x00000000d5580000)
 Metaspace       used 66422K, capacity 69268K, committed 69376K, reserved 1110016K
  class space    used 7580K, capacity 8100K, committed 8192K, reserved 1048576K
GC Heap History (10 events):
Event: 4.541 GC heap before
{Heap before GC invocations=3 (full 1):
 PSYoungGen      total 611840K, used 404103K [0x00000000d5580000, 0x0000000100000000, 0x0000000100000000)
  eden space 524800K, 77% used [0x00000000d5580000,0x00000000ee021f08,0x00000000f5600000)
  from space 87040K, 0% used [0x00000000f5600000,0x00000000f5600000,0x00000000fab00000)
  to   space 87040K, 0% used [0x00000000fab00000,0x00000000fab00000,0x0000000100000000)
 ParOldGen       total 888320K, used 14363K [0x0000000080000000, 0x00000000b6380000, 0x00000000d5580000)
  object space 888320K, 1% used [0x0000000080000000,0x0000000080e06de8,0x00000000b6380000)
 Metaspace       used 34596K, capacity 34962K, committed 35416K, reserved 1081344K
  class space    used 3942K, capacity 4059K, committed 4096K, reserved 1048576K
Event: 4.569 GC heap after
Heap after GC invocations=3 (full 1):
 PSYoungGen      total 611840K, used 18784K [0x00000000d5580000, 0x0000000100000000, 0x0000000100000000)
  eden space 524800K, 0% used [0x00000000d5580000,0x00000000d5580000,0x00000000f5600000)
  from space 87040K, 21% used [0x00000000fab00000,0x00000000fbd580f0,0x0000000100000000)
  to   space 87040K, 0% used [0x00000000f5600000,0x00000000f5600000,0x00000000fab00000)
 ParOldGen       total 888320K, used 14363K [0x0000000080000000, 0x00000000b6380000, 0x00000000d5580000)
  object space 888320K, 1% used [0x0000000080000000,0x0000000080e06de8,0x00000000b6380000)
 Metaspace       used 34596K, capacity 34962K, committed 35416K, reserved 1081344K
  class space    used 3942K, capacity 4059K, committed 4096K, reserved 1048576K
}
Event: 4.569 GC heap before
{Heap before GC invocations=4 (full 2):
 PSYoungGen      total 611840K, used 18784K [0x00000000d5580000, 0x0000000100000000, 0x0000000100000000)
  eden space 524800K, 0% used [0x00000000d5580000,0x00000000d5580000,0x00000000f5600000)
  from space 87040K, 21% used [0x00000000fab00000,0x00000000fbd580f0,0x0000000100000000)
  to   space 87040K, 0% used [0x00000000f5600000,0x00000000f5600000,0x00000000fab00000)
 ParOldGen       total 888320K, used 14363K [0x0000000080000000, 0x00000000b6380000, 0x00000000d5580000)
  object space 888320K, 1% used [0x0000000080000000,0x0000000080e06de8,0x00000000b6380000)
 Metaspace       used 34596K, capacity 34962K, committed 35416K, reserved 1081344K
  class space    used 3942K, capacity 4059K, committed 4096K, reserved 1048576K
Event: 4.666 GC heap after
Heap after GC invocations=4 (full 2):
 PSYoungGen      total 611840K, used 0K [0x00000000d5580000, 0x0000000100000000, 0x0000000100000000)
  eden space 524800K, 0% used [0x00000000d5580000,0x00000000d5580000,0x00000000f5600000)
  from space 87040K, 0% used [0x00000000fab00000,0x00000000fab00000,0x0000000100000000)
  to   space 87040K, 0% used [0x00000000f5600000,0x00000000f5600000,0x00000000fab00000)
 ParOldGen       total 1398272K, used 23470K [0x0000000080000000, 0x00000000d5580000, 0x00000000d5580000)
  object space 1398272K, 1% used [0x0000000080000000,0x00000000816eb9a0,0x00000000d5580000)
 Metaspace       used 34596K, capacity 34962K, committed 35416K, reserved 1081344K
  class space    used 3942K, capacity 4059K, committed 4096K, reserved 1048576K
}
Event: 11.118 GC heap before
{Heap before GC invocations=5 (full 2):
 PSYoungGen      total 611840K, used 524800K [0x00000000d5580000, 0x0000000100000000, 0x0000000100000000)
  eden space 524800K, 100% used [0x00000000d5580000,0x00000000f5600000,0x00000000f5600000)
  from space 87040K, 0% used [0x00000000fab00000,0x00000000fab00000,0x0000000100000000)
  to   space 87040K, 0% used [0x00000000f5600000,0x00000000f5600000,0x00000000fab00000)
 ParOldGen       total 1398272K, used 23470K [0x0000000080000000, 0x00000000d5580000, 0x00000000d5580000)
  object space 1398272K, 1% used [0x0000000080000000,0x00000000816eb9a0,0x00000000d5580000)
 Metaspace       used 52108K, capacity 53486K, committed 53760K, reserved 1097728K
  class space    used 6117K, capacity 6369K, committed 6400K, reserved 1048576K
Event: 11.157 GC heap after
Heap after GC invocations=5 (full 2):
 PSYoungGen      total 611840K, used 24773K [0x00000000d5580000, 0x0000000100000000, 0x0000000100000000)
  eden space 524800K, 0% used [0x00000000d5580000,0x00000000d5580000,0x00000000f5600000)
  from space 87040K, 28% used [0x00000000f5600000,0x00000000f6e316c8,0x00000000fab00000)
  to   space 87040K, 0% used [0x00000000fab00000,0x00000000fab00000,0x0000000100000000)
 ParOldGen       total 1398272K, used 23478K [0x0000000080000000, 0x00000000d5580000, 0x00000000d5580000)
  object space 1398272K, 1% used [0x0000000080000000,0x00000000816ed9a0,0x00000000d5580000)
 Metaspace       used 52108K, capacity 53486K, committed 53760K, reserved 1097728K
  class space    used 6117K, capacity 6369K, committed 6400K, reserved 1048576K
}
Event: 11.801 GC heap before
{Heap before GC invocations=6 (full 2):
 PSYoungGen      total 611840K, used 142528K [0x00000000d5580000, 0x0000000100000000, 0x0000000100000000)
  eden space 524800K, 22% used [0x00000000d5580000,0x00000000dc87ea60,0x00000000f5600000)
  from space 87040K, 28% used [0x00000000f5600000,0x00000000f6e316c8,0x00000000fab00000)
  to   space 87040K, 0% used [0x00000000fab00000,0x00000000fab00000,0x0000000100000000)
 ParOldGen       total 1398272K, used 23478K [0x0000000080000000, 0x00000000d5580000, 0x00000000d5580000)
  object space 1398272K, 1% used [0x0000000080000000,0x00000000816ed9a0,0x00000000d5580000)
 Metaspace       used 57407K, capacity 58820K, committed 59008K, reserved 1101824K
  class space    used 6641K, capacity 6924K, committed 7040K, reserved 1048576K
Event: 11.825 GC heap after
Heap after GC invocations=6 (full 2):
 PSYoungGen      total 611840K, used 17296K [0x00000000d5580000, 0x0000000100000000, 0x0000000100000000)
  eden space 524800K, 0% used [0x00000000d5580000,0x00000000d5580000,0x00000000f5600000)
  from space 87040K, 19% used [0x00000000fab00000,0x00000000fbbe4290,0x0000000100000000)
  to   space 87040K, 0% used [0x00000000f5600000,0x00000000f5600000,0x00000000fab00000)
 ParOldGen       total 1398272K, used 23486K [0x0000000080000000, 0x00000000d5580000, 0x00000000d5580000)
  object space 1398272K, 1% used [0x0000000080000000,0x00000000816ef9a0,0x00000000d5580000)
 Metaspace       used 57407K, capacity 58820K, committed 59008K, reserved 1101824K
  class space    used 6641K, capacity 6924K, committed 7040K, reserved 1048576K
}
Event: 11.825 GC heap before
{Heap before GC invocations=7 (full 3):
 PSYoungGen      total 611840K, used 17296K [0x00000000d5580000, 0x0000000100000000, 0x0000000100000000)
  eden space 524800K, 0% used [0x00000000d5580000,0x00000000d5580000,0x00000000f5600000)
  from space 87040K, 19% used [0x00000000fab00000,0x00000000fbbe4290,0x0000000100000000)
  to   space 87040K, 0% used [0x00000000f5600000,0x00000000f5600000,0x00000000fab00000)
 ParOldGen       total 1398272K, used 23486K [0x0000000080000000, 0x00000000d5580000, 0x00000000d5580000)
  object space 1398272K, 1% used [0x0000000080000000,0x00000000816ef9a0,0x00000000d5580000)
 Metaspace       used 57407K, capacity 58820K, committed 59008K, reserved 1101824K
  class space    used 6641K, capacity 6924K, committed 7040K, reserved 1048576K
Event: 12.033 GC heap after
Heap after GC invocations=7 (full 3):
 PSYoungGen      total 611840K, used 0K [0x00000000d5580000, 0x0000000100000000, 0x0000000100000000)
  eden space 524800K, 0% used [0x00000000d5580000,0x00000000d5580000,0x00000000f5600000)
  from space 87040K, 0% used [0x00000000fab00000,0x00000000fab00000,0x0000000100000000)
  to   space 87040K, 0% used [0x00000000f5600000,0x00000000f5600000,0x00000000fab00000)
 ParOldGen       total 1398272K, used 28863K [0x0000000080000000, 0x00000000d5580000, 0x00000000d5580000)
  object space 1398272K, 2% used [0x0000000080000000,0x0000000081c2fcd8,0x00000000d5580000)
 Metaspace       used 57387K, capacity 58768K, committed 59008K, reserved 1101824K
  class space    used 6634K, capacity 6912K, committed 7040K, reserved 1048576K
}

