# JRE version: OpenJDK Runtime Environment (8.0_212-b04) (build 1.8.0_212-b04)
# Java VM: OpenJDK 64-Bit Server VM (25.212-b04 mixed mode linux-amd64 compressed oops)
Heap:
 PSYoungGen      total 611840K, used 362786K [0x00000000d5580000, 0x0000000100000000, 0x0000000100000000)
  eden space 524800K, 69% used [0x00000000d5580000,0x00000000eb7c8ba0,0x00000000f5600000)
  from space 87040K, 0% used [0x00000000f5600000,0x00000000f5600000,0x00000000fab00000)
  to   space 87040K, 0% used [0x00000000fab00000,0x00000000fab00000,0x0000000100000000)
 ParOldGen       total 1398272K, used 41552K [0x0000000080000000, 0x00000000d5580000, 0x00000000d5580000)
  object space 1398272K, 2% used [0x0000000080000000,0x00000000828941b0,0x00000000d5580000)
 Metaspace       used 65374K, capacity 68074K, committed 68224K, reserved 1110016K
  class space    used 7496K, capacity 7981K, committed 8064K, reserved 1048576K
GC Heap History (10 events):
Event: 1.846 GC heap before
{Heap before GC invocations=2 (full 1):
 PSYoungGen      total 611840K, used 14255K [0x00000000d5580000, 0x0000000100000000, 0x0000000100000000)
  eden space 524800K, 0% used [0x00000000d5580000,0x00000000d5580000,0x00000000f5600000)
  from space 87040K, 16% used [0x00000000f5600000,0x00000000f63ebf08,0x00000000fab00000)
  to   space 87040K, 0% used [0x00000000fab00000,0x00000000fab00000,0x0000000100000000)
 ParOldGen       total 1398272K, used 80K [0x0000000080000000, 0x00000000d5580000, 0x00000000d5580000)
  object space 1398272K, 0% used [0x0000000080000000,0x0000000080014010,0x00000000d5580000)
 Metaspace       used 20816K, capacity 21106K, committed 21248K, reserved 1069056K
  class space    used 2364K, capacity 2482K, committed 2560K, reserved 1048576K
Event: 1.901 GC heap after
Heap after GC invocations=2 (full 1):
 PSYoungGen      total 611840K, used 0K [0x00000000d5580000, 0x0000000100000000, 0x0000000100000000)
  eden space 524800K, 0% used [0x00000000d5580000,0x00000000d5580000,0x00000000f5600000)
  from space 87040K, 0% used [0x00000000f5600000,0x00000000f5600000,0x00000000fab00000)
  to   space 87040K, 0% used [0x00000000fab00000,0x00000000fab00000,0x0000000100000000)
 ParOldGen       total 852480K, used 13745K [0x0000000080000000, 0x00000000b4080000, 0x00000000d5580000)
  object space 852480K, 1% used [0x0000000080000000,0x0000000080d6c410,0x00000000b4080000)
 Metaspace       used 20816K, capacity 21106K, committed 21248K, reserved 1069056K
  class space    used 2364K, capacity 2482K, committed 2560K, reserved 1048576K
}
Event: 3.824 GC heap before
{Heap before GC invocations=3 (full 1):
 PSYoungGen      total 611840K, used 424062K [0x00000000d5580000, 0x0000000100000000, 0x0000000100000000)
  eden space 524800K, 80% used [0x00000000d5580000,0x00000000ef39fb58,0x00000000f5600000)
  from space 87040K, 0% used [0x00000000f5600000,0x00000000f5600000,0x00000000fab00000)
  to   space 87040K, 0% used [0x00000000fab00000,0x00000000fab00000,0x0000000100000000)
 ParOldGen       total 852480K, used 13745K [0x0000000080000000, 0x00000000b4080000, 0x00000000d5580000)
  object space 852480K, 1% used [0x0000000080000000,0x0000000080d6c410,0x00000000b4080000)
 Metaspace       used 34742K, capacity 35092K, committed 35416K, reserved 1081344K
  class space    used 3957K, capacity 4060K, committed 4096K, reserved 1048576K
Event: 3.850 GC heap after
Heap after GC invocations=3 (full 1):
 PSYoungGen      total 611840K, used 19174K [0x00000000d5580000, 0x0000000100000000, 0x0000000100000000)
  eden space 524800K, 0% used [0x00000000d5580000,0x00000000d5580000,0x00000000f5600000)
  from space 87040K, 22% used [0x00000000fab00000,0x00000000fbdb9a18,0x0000000100000000)
  to   space 87040K, 0% used [0x00000000f5600000,0x00000000f5600000,0x00000000fab00000)
 ParOldGen       total 852480K, used 13753K [0x0000000080000000, 0x00000000b4080000, 0x00000000d5580000)
  object space 852480K, 1% used [0x0000000080000000,0x0000000080d6e410,0x00000000b4080000)
 Metaspace       used 34742K, capacity 35092K, committed 35416K, reserved 1081344K
  class space    used 3957K, capacity 4060K, committed 4096K, reserved 1048576K
}
Event: 3.850 GC heap before
{Heap before GC invocations=4 (full 2):
 PSYoungGen      total 611840K, used 19174K [0x00000000d5580000, 0x0000000100000000, 0x0000000100000000)
  eden space 524800K, 0% used [0x00000000d5580000,0x00000000d5580000,0x00000000f5600000)
  from space 87040K, 22% used [0x00000000fab00000,0x00000000fbdb9a18,0x0000000100000000)
  to   space 87040K, 0% used [0x00000000f5600000,0x00000000f5600000,0x00000000fab00000)
 ParOldGen       total 852480K, used 13753K [0x0000000080000000, 0x00000000b4080000, 0x00000000d5580000)
  object space 852480K, 1% used [0x0000000080000000,0x0000000080d6e410,0x00000000b4080000)
 Metaspace       used 34742K, capacity 35092K, committed 35416K, reserved 1081344K
  class space    used 3957K, capacity 4060K, committed 4096K, reserved 1048576K
Event: 3.931 GC heap after
Heap after GC invocations=4 (full 2):
 PSYoungGen      total 611840K, used 0K [0x00000000d5580000, 0x0000000100000000, 0x0000000100000000)
  eden space 524800K, 0% used [0x00000000d5580000,0x00000000d5580000,0x00000000f5600000)
  from space 87040K, 0% used [0x00000000fab00000,0x00000000fab00000,0x0000000100000000)
  to   space 87040K, 0% used [0x00000000f5600000,0x00000000f5600000,0x00000000fab00000)
 ParOldGen       total 1398272K, used 23463K [0x0000000080000000, 0x00000000d5580000, 0x00000000d5580000)
  object space 1398272K, 1% used [0x0000000080000000,0x00000000816e9f48,0x00000000d5580000)
 Metaspace       used 34742K, capacity 35092K, committed 35416K, reserved 1081344K
  class space    used 3957K, capacity 4060K, committed 4096K, reserved 1048576K
}
Event: 9.917 GC heap before
{Heap before GC invocations=5 (full 2):
 PSYoungGen      total 611840K, used 505823K [0x00000000d5580000, 0x0000000100000000, 0x0000000100000000)
  eden space 524800K, 96% used [0x00000000d5580000,0x00000000f4377d38,0x00000000f5600000)
  from space 87040K, 0% used [0x00000000fab00000,0x00000000fab00000,0x0000000100000000)
  to   space 87040K, 0% used [0x00000000f5600000,0x00000000f5600000,0x00000000fab00000)
 ParOldGen       total 1398272K, used 23463K [0x0000000080000000, 0x00000000d5580000, 0x00000000d5580000)
  object space 1398272K, 1% used [0x0000000080000000,0x00000000816e9f48,0x00000000d5580000)
 Metaspace       used 57534K, capacity 58910K, committed 59008K, reserved 1101824K
  class space    used 6664K, capacity 6943K, committed 7040K, reserved 1048576K
Event: 9.960 GC heap after
Heap after GC invocations=5 (full 2):
 PSYoungGen      total 611840K, used 31010K [0x00000000d5580000, 0x0000000100000000, 0x0000000100000000)
  eden space 524800K, 0% used [0x00000000d5580000,0x00000000d5580000,0x00000000f5600000)
  from space 87040K, 35% used [0x00000000f5600000,0x00000000f7448bb0,0x00000000fab00000)
  to   space 87040K, 0% used [0x00000000fab00000,0x00000000fab00000,0x0000000100000000)
 ParOldGen       total 1398272K, used 23471K [0x0000000080000000, 0x00000000d5580000, 0x00000000d5580000)
  object space 1398272K, 1% used [0x0000000080000000,0x00000000816ebf48,0x00000000d5580000)
 Metaspace       used 57534K, capacity 58910K, committed 59008K, reserved 1101824K
  class space    used 6664K, capacity 6943K, committed 7040K, reserved 1048576K
}
Event: 9.960 GC heap before
{Heap before GC invocations=6 (full 3):
 PSYoungGen      total 611840K, used 31010K [0x00000000d5580000, 0x0000000100000000, 0x0000000100000000)
  eden space 524800K, 0% used [0x00000000d5580000,0x00000000d5580000,0x00000000f5600000)
  from space 87040K, 35% used [0x00000000f5600000,0x00000000f7448bb0,0x00000000fab00000)
  to   space 87040K, 0% used [0x00000000fab00000,0x00000000fab00000,0x0000000100000000)
 ParOldGen       total 1398272K, used 23471K [0x0000000080000000, 0x00000000d5580000, 0x00000000d5580000)
  object space 1398272K, 1% used [0x0000000080000000,0x00000000816ebf48,0x00000000d5580000)
 Metaspace       used 57534K, capacity 58910K, committed 59008K, reserved 1101824K
  class space    used 6664K, capacity 6943K, committed 7040K, reserved 1048576K
Event: 10.168 GC heap after
Heap after GC invocations=6 (full 3):
 PSYoungGen      total 611840K, used 0K [0x00000000d5580000, 0x0000000100000000, 0x0000000100000000)
  eden space 524800K, 0% used [0x00000000d5580000,0x00000000d5580000,0x00000000f5600000)
  from space 87040K, 0% used [0x00000000f5600000,0x00000000f5600000,0x00000000fab00000)
  to   space 87040K, 0% used [0x00000000fab00000,0x00000000fab00000,0x0000000100000000)
 ParOldGen       total 1398272K, used 41552K [0x0000000080000000, 0x00000000d5580000, 0x00000000d5580000)
  object space 1398272K, 2% used [0x0000000080000000,0x00000000828941b0,0x00000000d5580000)
 Metaspace       used 57494K, capacity 58812K, committed 59008K, reserved 1101824K
  class space    used 6649K, capacity 6918K, committed 7040K, reserved 1048576K
}

