# JRE version: OpenJDK Runtime Environment (8.0_212-b04) (build 1.8.0_212-b04)
# Java VM: OpenJDK 64-Bit Server VM (25.212-b04 mixed mode linux-amd64 compressed oops)
Heap:
 PSYoungGen      total 611840K, used 323752K [0x00000000d5580000, 0x0000000100000000, 0x0000000100000000)
  eden space 524800K, 61% used [0x00000000d5580000,0x00000000e91aa258,0x00000000f5600000)
  from space 87040K, 0% used [0x00000000fab00000,0x00000000fab00000,0x0000000100000000)
  to   space 87040K, 0% used [0x00000000f5600000,0x00000000f5600000,0x00000000fab00000)
 ParOldGen       total 1342976K, used 23440K [0x0000000080000000, 0x00000000d1f80000, 0x00000000d5580000)
  object space 1342976K, 1% used [0x0000000080000000,0x00000000816e4388,0x00000000d1f80000)
 Metaspace       used 51325K, capacity 52736K, committed 52864K, reserved 1095680K
  class space    used 6097K, capacity 6406K, committed 6528K, reserved 1048576K
GC Heap History (8 events):
Event: 1.872 GC heap before
{Heap before GC invocations=1 (full 0):
 PSYoungGen      total 611840K, used 199425K [0x00000000d5580000, 0x0000000100000000, 0x0000000100000000)
  eden space 524800K, 38% used [0x00000000d5580000,0x00000000e1840778,0x00000000f5600000)
  from space 87040K, 0% used [0x00000000fab00000,0x00000000fab00000,0x0000000100000000)
  to   space 87040K, 0% used [0x00000000f5600000,0x00000000f5600000,0x00000000fab00000)
 ParOldGen       total 1398272K, used 0K [0x0000000080000000, 0x00000000d5580000, 0x00000000d5580000)
  object space 1398272K, 0% used [0x0000000080000000,0x0000000080000000,0x00000000d5580000)
 Metaspace       used 20832K, capacity 21106K, committed 21296K, reserved 1069056K
  class space    used 2352K, capacity 2418K, committed 2432K, reserved 1048576K
Event: 1.918 GC heap after
Heap after GC invocations=1 (full 0):
 PSYoungGen      total 611840K, used 14151K [0x00000000d5580000, 0x0000000100000000, 0x0000000100000000)
  eden space 524800K, 0% used [0x00000000d5580000,0x00000000d5580000,0x00000000f5600000)
  from space 87040K, 16% used [0x00000000f5600000,0x00000000f63d1d08,0x00000000fab00000)
  to   space 87040K, 0% used [0x00000000fab00000,0x00000000fab00000,0x0000000100000000)
 ParOldGen       total 1398272K, used 80K [0x0000000080000000, 0x00000000d5580000, 0x00000000d5580000)
  object space 1398272K, 0% used [0x0000000080000000,0x0000000080014010,0x00000000d5580000)
 Metaspace       used 20832K, capacity 21106K, committed 21296K, reserved 1069056K
  class space    used 2352K, capacity 2418K, committed 2432K, reserved 1048576K
}
Event: 1.918 GC heap before
{Heap before GC invocations=2 (full 1):
 PSYoungGen      total 611840K, used 14151K [0x00000000d5580000, 0x0000000100000000, 0x0000000100000000)
  eden space 524800K, 0% used [0x00000000d5580000,0x00000000d5580000,0x00000000f5600000)
  from space 87040K, 16% used [0x00000000f5600000,0x00000000f63d1d08,0x00000000fab00000)
  to   space 87040K, 0% used [0x00000000fab00000,0x00000000fab00000,0x0000000100000000)
 ParOldGen       total 1398272K, used 80K [0x0000000080000000, 0x00000000d5580000, 0x00000000d5580000)
  object space 1398272K, 0% used [0x0000000080000000,0x0000000080014010,0x00000000d5580000)
 Metaspace       used 20832K, capacity 21106K, committed 21296K, reserved 1069056K
  class space    used 2352K, capacity 2418K, committed 2432K, reserved 1048576K
Event: 1.976 GC heap after
Heap after GC invocations=2 (full 1):
 PSYoungGen      total 611840K, used 0K [0x00000000d5580000, 0x0000000100000000, 0x0000000100000000)
  eden space 524800K, 0% used [0x00000000d5580000,0x00000000d5580000,0x00000000f5600000)
  from space 87040K, 0% used [0x00000000f5600000,0x00000000f5600000,0x00000000fab00000)
  to   space 87040K, 0% used [0x00000000fab00000,0x00000000fab00000,0x0000000100000000)
 ParOldGen       total 829952K, used 13616K [0x0000000080000000, 0x00000000b2a80000, 0x00000000d5580000)
  object space 829952K, 1% used [0x0000000080000000,0x0000000080d4c388,0x00000000b2a80000)
 Metaspace       used 20832K, capacity 21106K, committed 21296K, reserved 1069056K
  class space    used 2352K, capacity 2418K, committed 2432K, reserved 1048576K
}
Event: 4.191 GC heap before
{Heap before GC invocations=3 (full 1):
 PSYoungGen      total 611840K, used 426158K [0x00000000d5580000, 0x0000000100000000, 0x0000000100000000)
  eden space 524800K, 81% used [0x00000000d5580000,0x00000000ef5ab978,0x00000000f5600000)
  from space 87040K, 0% used [0x00000000f5600000,0x00000000f5600000,0x00000000fab00000)
  to   space 87040K, 0% used [0x00000000fab00000,0x00000000fab00000,0x0000000100000000)
 ParOldGen       total 829952K, used 13616K [0x0000000080000000, 0x00000000b2a80000, 0x00000000d5580000)
  object space 829952K, 1% used [0x0000000080000000,0x0000000080d4c388,0x00000000b2a80000)
 Metaspace       used 34826K, capacity 35188K, committed 35496K, reserved 1081344K
  class space    used 3959K, capacity 4092K, committed 4096K, reserved 1048576K
Event: 4.229 GC heap after
Heap after GC invocations=3 (full 1):
 PSYoungGen      total 611840K, used 19312K [0x00000000d5580000, 0x0000000100000000, 0x0000000100000000)
  eden space 524800K, 0% used [0x00000000d5580000,0x00000000d5580000,0x00000000f5600000)
  from space 87040K, 22% used [0x00000000fab00000,0x00000000fbddc190,0x0000000100000000)
  to   space 87040K, 0% used [0x00000000f5600000,0x00000000f5600000,0x00000000fab00000)
 ParOldGen       total 829952K, used 13616K [0x0000000080000000, 0x00000000b2a80000, 0x00000000d5580000)
  object space 829952K, 1% used [0x0000000080000000,0x0000000080d4c388,0x00000000b2a80000)
 Metaspace       used 34826K, capacity 35188K, committed 35496K, reserved 1081344K
  class space    used 3959K, capacity 4092K, committed 4096K, reserved 1048576K
}
Event: 4.229 GC heap before
{Heap before GC invocations=4 (full 2):
 PSYoungGen      total 611840K, used 19312K [0x00000000d5580000, 0x0000000100000000, 0x0000000100000000)
  eden space 524800K, 0% used [0x00000000d5580000,0x00000000d5580000,0x00000000f5600000)
  from space 87040K, 22% used [0x00000000fab00000,0x00000000fbddc190,0x0000000100000000)
  to   space 87040K, 0% used [0x00000000f5600000,0x00000000f5600000,0x00000000fab00000)
 ParOldGen       total 829952K, used 13616K [0x0000000080000000, 0x00000000b2a80000, 0x00000000d5580000)
  object space 829952K, 1% used [0x0000000080000000,0x0000000080d4c388,0x00000000b2a80000)
 Metaspace       used 34826K, capacity 35188K, committed 35496K, reserved 1081344K
  class space    used 3959K, capacity 4092K, committed 4096K, reserved 1048576K
Event: 4.311 GC heap after
Heap after GC invocations=4 (full 2):
 PSYoungGen      total 611840K, used 0K [0x00000000d5580000, 0x0000000100000000, 0x0000000100000000)
  eden space 524800K, 0% used [0x00000000d5580000,0x00000000d5580000,0x00000000f5600000)
  from space 87040K, 0% used [0x00000000fab00000,0x00000000fab00000,0x0000000100000000)
  to   space 87040K, 0% used [0x00000000f5600000,0x00000000f5600000,0x00000000fab00000)
 ParOldGen       total 1342976K, used 23440K [0x0000000080000000, 0x00000000d1f80000, 0x00000000d5580000)
  object space 1342976K, 1% used [0x0000000080000000,0x00000000816e4388,0x00000000d1f80000)
 Metaspace       used 34826K, capacity 35188K, committed 35496K, reserved 1081344K
  class space    used 3959K, capacity 4092K, committed 4096K, reserved 1048576K
}

