# JRE version: OpenJDK Runtime Environment (8.0_212-b04) (build 1.8.0_212-b04)
# Java VM: OpenJDK 64-Bit Server VM (25.212-b04 mixed mode linux-amd64 compressed oops)
Heap:
 PSYoungGen      total 611840K, used 506514K [0x00000000d5580000, 0x0000000100000000, 0x0000000100000000)
  eden space 524800K, 96% used [0x00000000d5580000,0x00000000f4424868,0x00000000f5600000)
  from space 87040K, 0% used [0x00000000f5600000,0x00000000f5600000,0x00000000fab00000)
  to   space 87040K, 0% used [0x00000000fab00000,0x00000000fab00000,0x0000000100000000)
 ParOldGen       total 1398272K, used 44785K [0x0000000080000000, 0x00000000d5580000, 0x00000000d5580000)
  object space 1398272K, 3% used [0x0000000080000000,0x0000000082bbc4d0,0x00000000d5580000)
 Metaspace       used 66895K, capacity 69904K, committed 70144K, reserved 1112064K
  class space    used 7657K, capacity 8190K, committed 8192K, reserved 1048576K
GC Heap History (10 events):
Event: 2.192 GC heap before
{Heap before GC invocations=2 (full 1):
 PSYoungGen      total 611840K, used 14277K [0x00000000d5580000, 0x0000000100000000, 0x0000000100000000)
  eden space 524800K, 0% used [0x00000000d5580000,0x00000000d5580000,0x00000000f5600000)
  from space 87040K, 16% used [0x00000000f5600000,0x00000000f63f14e0,0x00000000fab00000)
  to   space 87040K, 0% used [0x00000000fab00000,0x00000000fab00000,0x0000000100000000)
 ParOldGen       total 1398272K, used 80K [0x0000000080000000, 0x00000000d5580000, 0x00000000d5580000)
  object space 1398272K, 0% used [0x0000000080000000,0x0000000080014010,0x00000000d5580000)
 Metaspace       used 20825K, capacity 21106K, committed 21248K, reserved 1069056K
  class space    used 2363K, capacity 2482K, committed 2560K, reserved 1048576K
Event: 2.256 GC heap after
Heap after GC invocations=2 (full 1):
 PSYoungGen      total 611840K, used 0K [0x00000000d5580000, 0x0000000100000000, 0x0000000100000000)
  eden space 524800K, 0% used [0x00000000d5580000,0x00000000d5580000,0x00000000f5600000)
  from space 87040K, 0% used [0x00000000f5600000,0x00000000f5600000,0x00000000fab00000)
  to   space 87040K, 0% used [0x00000000fab00000,0x00000000fab00000,0x0000000100000000)
 ParOldGen       total 843776K, used 13760K [0x0000000080000000, 0x00000000b3800000, 0x00000000d5580000)
  object space 843776K, 1% used [0x0000000080000000,0x0000000080d70278,0x00000000b3800000)
 Metaspace       used 20825K, capacity 21106K, committed 21248K, reserved 1069056K
  class space    used 2363K, capacity 2482K, committed 2560K, reserved 1048576K
}
Event: 4.385 GC heap before
{Heap before GC invocations=3 (full 1):
 PSYoungGen      total 611840K, used 434547K [0x00000000d5580000, 0x0000000100000000, 0x0000000100000000)
  eden space 524800K, 82% used [0x00000000d5580000,0x00000000efddce50,0x00000000f5600000)
  from space 87040K, 0% used [0x00000000f5600000,0x00000000f5600000,0x00000000fab00000)
  to   space 87040K, 0% used [0x00000000fab00000,0x00000000fab00000,0x0000000100000000)
 ParOldGen       total 843776K, used 13760K [0x0000000080000000, 0x00000000b3800000, 0x00000000d5580000)
  object space 843776K, 1% used [0x0000000080000000,0x0000000080d70278,0x00000000b3800000)
 Metaspace       used 34827K, capacity 35188K, committed 35416K, reserved 1081344K
  class space    used 3963K, capacity 4092K, committed 4096K, reserved 1048576K
Event: 4.419 GC heap after
Heap after GC invocations=3 (full 1):
 PSYoungGen      total 611840K, used 19131K [0x00000000d5580000, 0x0000000100000000, 0x0000000100000000)
  eden space 524800K, 0% used [0x00000000d5580000,0x00000000d5580000,0x00000000f5600000)
  from space 87040K, 21% used [0x00000000fab00000,0x00000000fbdaefe0,0x0000000100000000)
  to   space 87040K, 0% used [0x00000000f5600000,0x00000000f5600000,0x00000000fab00000)
 ParOldGen       total 843776K, used 13760K [0x0000000080000000, 0x00000000b3800000, 0x00000000d5580000)
  object space 843776K, 1% used [0x0000000080000000,0x0000000080d70278,0x00000000b3800000)
 Metaspace       used 34827K, capacity 35188K, committed 35416K, reserved 1081344K
  class space    used 3963K, capacity 4092K, committed 4096K, reserved 1048576K
}
Event: 4.419 GC heap before
{Heap before GC invocations=4 (full 2):
 PSYoungGen      total 611840K, used 19131K [0x00000000d5580000, 0x0000000100000000, 0x0000000100000000)
  eden space 524800K, 0% used [0x00000000d5580000,0x00000000d5580000,0x00000000f5600000)
  from space 87040K, 21% used [0x00000000fab00000,0x00000000fbdaefe0,0x0000000100000000)
  to   space 87040K, 0% used [0x00000000f5600000,0x00000000f5600000,0x00000000fab00000)
 ParOldGen       total 843776K, used 13760K [0x0000000080000000, 0x00000000b3800000, 0x00000000d5580000)
  object space 843776K, 1% used [0x0000000080000000,0x0000000080d70278,0x00000000b3800000)
 Metaspace       used 34827K, capacity 35188K, committed 35416K, reserved 1081344K
  class space    used 3963K, capacity 4092K, committed 4096K, reserved 1048576K
Event: 4.522 GC heap after
Heap after GC invocations=4 (full 2):
 PSYoungGen      total 611840K, used 0K [0x00000000d5580000, 0x0000000100000000, 0x0000000100000000)
  eden space 524800K, 0% used [0x00000000d5580000,0x00000000d5580000,0x00000000f5600000)
  from space 87040K, 0% used [0x00000000fab00000,0x00000000fab00000,0x0000000100000000)
  to   space 87040K, 0% used [0x00000000f5600000,0x00000000f5600000,0x00000000fab00000)
 ParOldGen       total 1398272K, used 23480K [0x0000000080000000, 0x00000000d5580000, 0x00000000d5580000)
  object space 1398272K, 1% used [0x0000000080000000,0x00000000816ee188,0x00000000d5580000)
 Metaspace       used 34827K, capacity 35188K, committed 35416K, reserved 1081344K
  class space    used 3963K, capacity 4092K, committed 4096K, reserved 1048576K
}
Event: 11.722 GC heap before
{Heap before GC invocations=5 (full 2):
 PSYoungGen      total 611840K, used 504104K [0x00000000d5580000, 0x0000000100000000, 0x0000000100000000)
  eden space 524800K, 96% used [0x00000000d5580000,0x00000000f41ca1d0,0x00000000f5600000)
  from space 87040K, 0% used [0x00000000fab00000,0x00000000fab00000,0x0000000100000000)
  to   space 87040K, 0% used [0x00000000f5600000,0x00000000f5600000,0x00000000fab00000)
 ParOldGen       total 1398272K, used 23480K [0x0000000080000000, 0x00000000d5580000, 0x00000000d5580000)
  object space 1398272K, 1% used [0x0000000080000000,0x00000000816ee188,0x00000000d5580000)
 Metaspace       used 57594K, capacity 58904K, committed 59028K, reserved 1101824K
  class space    used 6646K, capacity 6880K, committed 6912K, reserved 1048576K
Event: 11.804 GC heap after
Heap after GC invocations=5 (full 2):
 PSYoungGen      total 611840K, used 34307K [0x00000000d5580000, 0x0000000100000000, 0x0000000100000000)
  eden space 524800K, 0% used [0x00000000d5580000,0x00000000d5580000,0x00000000f5600000)
  from space 87040K, 39% used [0x00000000f5600000,0x00000000f7780fb8,0x00000000fab00000)
  to   space 87040K, 0% used [0x00000000fab00000,0x00000000fab00000,0x0000000100000000)
 ParOldGen       total 1398272K, used 23488K [0x0000000080000000, 0x00000000d5580000, 0x00000000d5580000)
  object space 1398272K, 1% used [0x0000000080000000,0x00000000816f0188,0x00000000d5580000)
 Metaspace       used 57594K, capacity 58904K, committed 59028K, reserved 1101824K
  class space    used 6646K, capacity 6880K, committed 6912K, reserved 1048576K
}
Event: 11.804 GC heap before
{Heap before GC invocations=6 (full 3):
 PSYoungGen      total 611840K, used 34307K [0x00000000d5580000, 0x0000000100000000, 0x0000000100000000)
  eden space 524800K, 0% used [0x00000000d5580000,0x00000000d5580000,0x00000000f5600000)
  from space 87040K, 39% used [0x00000000f5600000,0x00000000f7780fb8,0x00000000fab00000)
  to   space 87040K, 0% used [0x00000000fab00000,0x00000000fab00000,0x0000000100000000)
 ParOldGen       total 1398272K, used 23488K [0x0000000080000000, 0x00000000d5580000, 0x00000000d5580000)
  object space 1398272K, 1% used [0x0000000080000000,0x00000000816f0188,0x00000000d5580000)
 Metaspace       used 57594K, capacity 58904K, committed 59028K, reserved 1101824K
  class space    used 6646K, capacity 6880K, committed 6912K, reserved 1048576K
Event: 12.057 GC heap after
Heap after GC invocations=6 (full 3):
 PSYoungGen      total 611840K, used 0K [0x00000000d5580000, 0x0000000100000000, 0x0000000100000000)
  eden space 524800K, 0% used [0x00000000d5580000,0x00000000d5580000,0x00000000f5600000)
  from space 87040K, 0% used [0x00000000f5600000,0x00000000f5600000,0x00000000fab00000)
  to   space 87040K, 0% used [0x00000000fab00000,0x00000000fab00000,0x0000000100000000)
 ParOldGen       total 1398272K, used 44785K [0x0000000080000000, 0x00000000d5580000, 0x00000000d5580000)
  object space 1398272K, 3% used [0x0000000080000000,0x0000000082bbc4d0,0x00000000d5580000)
 Metaspace       used 57572K, capacity 58852K, committed 59028K, reserved 1101824K
  class space    used 6639K, capacity 6868K, committed 6912K, reserved 1048576K
}

