# JRE version: OpenJDK Runtime Environment (8.0_212-b04) (build 1.8.0_212-b04)
# Java VM: OpenJDK 64-Bit Server VM (25.212-b04 mixed mode linux-amd64 compressed oops)
Heap:
 PSYoungGen      total 601088K, used 569257K [0x00000000d5580000, 0x00000000fcf00000, 0x0000000100000000)
  eden space 524800K, 94% used [0x00000000d5580000,0x00000000f37605e0,0x00000000f5600000)
  from space 76288K, 99% used [0x00000000f5600000,0x00000000fa00a020,0x00000000fa080000)
  to   space 47616K, 0% used [0x00000000fa080000,0x00000000fa080000,0x00000000fcf00000)
 ParOldGen       total 1398272K, used 32328K [0x0000000080000000, 0x00000000d5580000, 0x00000000d5580000)
  object space 1398272K, 2% used [0x0000000080000000,0x0000000081f92300,0x00000000d5580000)
 Metaspace       used 81581K, capacity 85286K, committed 85504K, reserved 1124352K
  class space    used 9263K, capacity 9909K, committed 9984K, reserved 1048576K
GC Heap History (10 events):
Event: 4.169 GC heap before
{Heap before GC invocations=4 (full 2):
 PSYoungGen      total 611840K, used 19482K [0x00000000d5580000, 0x0000000100000000, 0x0000000100000000)
  eden space 524800K, 0% used [0x00000000d5580000,0x00000000d5580000,0x00000000f5600000)
  from space 87040K, 22% used [0x00000000fab00000,0x00000000fbe06ac8,0x0000000100000000)
  to   space 87040K, 0% used [0x00000000f5600000,0x00000000f5600000,0x00000000fab00000)
 ParOldGen       total 850432K, used 13525K [0x0000000080000000, 0x00000000b3e80000, 0x00000000d5580000)
  object space 850432K, 1% used [0x0000000080000000,0x0000000080d35478,0x00000000b3e80000)
 Metaspace       used 34730K, capacity 35018K, committed 35416K, reserved 1081344K
  class space    used 4187K, capacity 4289K, committed 4352K, reserved 1048576K
Event: 4.317 GC heap after
Heap after GC invocations=4 (full 2):
 PSYoungGen      total 611840K, used 0K [0x00000000d5580000, 0x0000000100000000, 0x0000000100000000)
  eden space 524800K, 0% used [0x00000000d5580000,0x00000000d5580000,0x00000000f5600000)
  from space 87040K, 0% used [0x00000000fab00000,0x00000000fab00000,0x0000000100000000)
  to   space 87040K, 0% used [0x00000000f5600000,0x00000000f5600000,0x00000000fab00000)
 ParOldGen       total 1398272K, used 24256K [0x0000000080000000, 0x00000000d5580000, 0x00000000d5580000)
  object space 1398272K, 1% used [0x0000000080000000,0x00000000817b02c8,0x00000000d5580000)
 Metaspace       used 34730K, capacity 35018K, committed 35416K, reserved 1081344K
  class space    used 4187K, capacity 4289K, committed 4352K, reserved 1048576K
}
Event: 7.019 GC heap before
{Heap before GC invocations=5 (full 2):
 PSYoungGen      total 611840K, used 524800K [0x00000000d5580000, 0x0000000100000000, 0x0000000100000000)
  eden space 524800K, 100% used [0x00000000d5580000,0x00000000f5600000,0x00000000f5600000)
  from space 87040K, 0% used [0x00000000fab00000,0x00000000fab00000,0x0000000100000000)
  to   space 87040K, 0% used [0x00000000f5600000,0x00000000f5600000,0x00000000fab00000)
 ParOldGen       total 1398272K, used 24256K [0x0000000080000000, 0x00000000d5580000, 0x00000000d5580000)
  object space 1398272K, 1% used [0x0000000080000000,0x00000000817b02c8,0x00000000d5580000)
 Metaspace       used 49364K, capacity 50176K, committed 50432K, reserved 1093632K
  class space    used 5864K, capacity 6052K, committed 6144K, reserved 1048576K
Event: 7.063 GC heap after
Heap after GC invocations=5 (full 2):
 PSYoungGen      total 611840K, used 21791K [0x00000000d5580000, 0x0000000100000000, 0x0000000100000000)
  eden space 524800K, 0% used [0x00000000d5580000,0x00000000d5580000,0x00000000f5600000)
  from space 87040K, 25% used [0x00000000f5600000,0x00000000f6b47e10,0x00000000fab00000)
  to   space 87040K, 0% used [0x00000000fab00000,0x00000000fab00000,0x0000000100000000)
 ParOldGen       total 1398272K, used 24264K [0x0000000080000000, 0x00000000d5580000, 0x00000000d5580000)
  object space 1398272K, 1% used [0x0000000080000000,0x00000000817b22c8,0x00000000d5580000)
 Metaspace       used 49364K, capacity 50176K, committed 50432K, reserved 1093632K
  class space    used 5864K, capacity 6052K, committed 6144K, reserved 1048576K
}
Event: 11.090 GC heap before
{Heap before GC invocations=6 (full 2):
 PSYoungGen      total 611840K, used 315436K [0x00000000d5580000, 0x0000000100000000, 0x0000000100000000)
  eden space 524800K, 55% used [0x00000000d5580000,0x00000000e74432f0,0x00000000f5600000)
  from space 87040K, 25% used [0x00000000f5600000,0x00000000f6b47e10,0x00000000fab00000)
  to   space 87040K, 0% used [0x00000000fab00000,0x00000000fab00000,0x0000000100000000)
 ParOldGen       total 1398272K, used 24264K [0x0000000080000000, 0x00000000d5580000, 0x00000000d5580000)
  object space 1398272K, 1% used [0x0000000080000000,0x00000000817b22c8,0x00000000d5580000)
 Metaspace       used 57742K, capacity 58894K, committed 59028K, reserved 1101824K
  class space    used 6939K, capacity 7177K, committed 7296K, reserved 1048576K
Event: 11.122 GC heap after
Heap after GC invocations=6 (full 2):
 PSYoungGen      total 611840K, used 19783K [0x00000000d5580000, 0x0000000100000000, 0x0000000100000000)
  eden space 524800K, 0% used [0x00000000d5580000,0x00000000d5580000,0x00000000f5600000)
  from space 87040K, 22% used [0x00000000fab00000,0x00000000fbe51c60,0x0000000100000000)
  to   space 87040K, 0% used [0x00000000f5600000,0x00000000f5600000,0x00000000fab00000)
 ParOldGen       total 1398272K, used 24272K [0x0000000080000000, 0x00000000d5580000, 0x00000000d5580000)
  object space 1398272K, 1% used [0x0000000080000000,0x00000000817b42c8,0x00000000d5580000)
 Metaspace       used 57742K, capacity 58894K, committed 59028K, reserved 1101824K
  class space    used 6939K, capacity 7177K, committed 7296K, reserved 1048576K
}
Event: 11.122 GC heap before
{Heap before GC invocations=7 (full 3):
 PSYoungGen      total 611840K, used 19783K [0x00000000d5580000, 0x0000000100000000, 0x0000000100000000)
  eden space 524800K, 0% used [0x00000000d5580000,0x00000000d5580000,0x00000000f5600000)
  from space 87040K, 22% used [0x00000000fab00000,0x00000000fbe51c60,0x0000000100000000)
  to   space 87040K, 0% used [0x00000000f5600000,0x00000000f5600000,0x00000000fab00000)
 ParOldGen       total 1398272K, used 24272K [0x0000000080000000, 0x00000000d5580000, 0x00000000d5580000)
  object space 1398272K, 1% used [0x0000000080000000,0x00000000817b42c8,0x00000000d5580000)
 Metaspace       used 57742K, capacity 58894K, committed 59028K, reserved 1101824K
  class space    used 6939K, capacity 7177K, committed 7296K, reserved 1048576K
Event: 11.360 GC heap after
Heap after GC invocations=7 (full 3):
 PSYoungGen      total 611840K, used 0K [0x00000000d5580000, 0x0000000100000000, 0x0000000100000000)
  eden space 524800K, 0% used [0x00000000d5580000,0x00000000d5580000,0x00000000f5600000)
  from space 87040K, 0% used [0x00000000fab00000,0x00000000fab00000,0x0000000100000000)
  to   space 87040K, 0% used [0x00000000f5600000,0x00000000f5600000,0x00000000fab00000)
 ParOldGen       total 1398272K, used 32320K [0x0000000080000000, 0x00000000d5580000, 0x00000000d5580000)
  object space 1398272K, 2% used [0x0000000080000000,0x0000000081f90300,0x00000000d5580000)
 Metaspace       used 57663K, capacity 58702K, committed 59028K, reserved 1101824K
  class space    used 6910K, capacity 7127K, committed 7296K, reserved 1048576K
}
Event: 23.734 GC heap before
{Heap before GC invocations=8 (full 3):
 PSYoungGen      total 611840K, used 523977K [0x00000000d5580000, 0x0000000100000000, 0x0000000100000000)
  eden space 524800K, 99% used [0x00000000d5580000,0x00000000f5532730,0x00000000f5600000)
  from space 87040K, 0% used [0x00000000fab00000,0x00000000fab00000,0x0000000100000000)
  to   space 87040K, 0% used [0x00000000f5600000,0x00000000f5600000,0x00000000fab00000)
 ParOldGen       total 1398272K, used 32320K [0x0000000080000000, 0x00000000d5580000, 0x00000000d5580000)
  object space 1398272K, 2% used [0x0000000080000000,0x0000000081f90300,0x00000000d5580000)
 Metaspace       used 76609K, capacity 79364K, committed 79616K, reserved 1120256K
  class space    used 8929K, capacity 9458K, committed 9472K, reserved 1048576K
Event: 23.851 GC heap after
Heap after GC invocations=8 (full 3):
 PSYoungGen      total 601088K, used 75816K [0x00000000d5580000, 0x00000000fcf00000, 0x0000000100000000)
  eden space 524800K, 0% used [0x00000000d5580000,0x00000000d5580000,0x00000000f5600000)
  from space 76288K, 99% used [0x00000000f5600000,0x00000000fa00a020,0x00000000fa080000)
  to   space 47616K, 0% used [0x00000000fa080000,0x00000000fa080000,0x00000000fcf00000)
 ParOldGen       total 1398272K, used 32328K [0x0000000080000000, 0x00000000d5580000, 0x00000000d5580000)
  object space 1398272K, 2% used [0x0000000080000000,0x0000000081f92300,0x00000000d5580000)
 Metaspace       used 76609K, capacity 79364K, committed 79616K, reserved 1120256K
  class space    used 8929K, capacity 9458K, committed 9472K, reserved 1048576K
}

