# JRE version: OpenJDK Runtime Environment (8.0_212-b04) (build 1.8.0_212-b04)
# Java VM: OpenJDK 64-Bit Server VM (25.212-b04 mixed mode linux-amd64 compressed oops)
Heap:
 PSYoungGen      total 576512K, used 109499K [0x00000000d5580000, 0x0000000100000000, 0x0000000100000000)
  eden space 521216K, 10% used [0x00000000d5580000,0x00000000d8a75470,0x00000000f5280000)
  from space 55296K, 99% used [0x00000000f5280000,0x00000000f8879818,0x00000000f8880000)
  to   space 68608K, 0% used [0x00000000fbd00000,0x00000000fbd00000,0x0000000100000000)
 ParOldGen       total 1398272K, used 52389K [0x0000000080000000, 0x00000000d5580000, 0x00000000d5580000)
  object space 1398272K, 3% used [0x0000000080000000,0x0000000083329550,0x00000000d5580000)
 Metaspace       used 68769K, capacity 71784K, committed 72064K, reserved 1114112K
  class space    used 7697K, capacity 8240K, committed 8320K, reserved 1048576K
GC Heap History (10 events):
Event: 11.791 GC heap before
{Heap before GC invocations=6 (full 2):
 PSYoungGen      total 611840K, used 48162K [0x00000000d5580000, 0x0000000100000000, 0x0000000100000000)
  eden space 524800K, 3% used [0x00000000d5580000,0x00000000d6739098,0x00000000f5600000)
  from space 87040K, 34% used [0x00000000f5600000,0x00000000f734f8a8,0x00000000fab00000)
  to   space 87040K, 0% used [0x00000000fab00000,0x00000000fab00000,0x0000000100000000)
 ParOldGen       total 1398272K, used 23845K [0x0000000080000000, 0x00000000d5580000, 0x00000000d5580000)
  object space 1398272K, 1% used [0x0000000080000000,0x00000000817496b8,0x00000000d5580000)
 Metaspace       used 57488K, capacity 58766K, committed 59008K, reserved 1101824K
  class space    used 6663K, capacity 6935K, committed 7040K, reserved 1048576K
Event: 11.815 GC heap after
Heap after GC invocations=6 (full 2):
 PSYoungGen      total 611840K, used 11021K [0x00000000d5580000, 0x0000000100000000, 0x0000000100000000)
  eden space 524800K, 0% used [0x00000000d5580000,0x00000000d5580000,0x00000000f5600000)
  from space 87040K, 12% used [0x00000000fab00000,0x00000000fb5c35b8,0x0000000100000000)
  to   space 87040K, 0% used [0x00000000f5600000,0x00000000f5600000,0x00000000fab00000)
 ParOldGen       total 1398272K, used 23845K [0x0000000080000000, 0x00000000d5580000, 0x00000000d5580000)
  object space 1398272K, 1% used [0x0000000080000000,0x00000000817496b8,0x00000000d5580000)
 Metaspace       used 57488K, capacity 58766K, committed 59008K, reserved 1101824K
  class space    used 6663K, capacity 6935K, committed 7040K, reserved 1048576K
}
Event: 11.815 GC heap before
{Heap before GC invocations=7 (full 3):
 PSYoungGen      total 611840K, used 11021K [0x00000000d5580000, 0x0000000100000000, 0x0000000100000000)
  eden space 524800K, 0% used [0x00000000d5580000,0x00000000d5580000,0x00000000f5600000)
  from space 87040K, 12% used [0x00000000fab00000,0x00000000fb5c35b8,0x0000000100000000)
  to   space 87040K, 0% used [0x00000000f5600000,0x00000000f5600000,0x00000000fab00000)
 ParOldGen       total 1398272K, used 23845K [0x0000000080000000, 0x00000000d5580000, 0x00000000d5580000)
  object space 1398272K, 1% used [0x0000000080000000,0x00000000817496b8,0x00000000d5580000)
 Metaspace       used 57488K, capacity 58766K, committed 59008K, reserved 1101824K
  class space    used 6663K, capacity 6935K, committed 7040K, reserved 1048576K
Event: 12.054 GC heap after
Heap after GC invocations=7 (full 3):
 PSYoungGen      total 611840K, used 0K [0x00000000d5580000, 0x0000000100000000, 0x0000000100000000)
  eden space 524800K, 0% used [0x00000000d5580000,0x00000000d5580000,0x00000000f5600000)
  from space 87040K, 0% used [0x00000000fab00000,0x00000000fab00000,0x0000000100000000)
  to   space 87040K, 0% used [0x00000000f5600000,0x00000000f5600000,0x00000000fab00000)
 ParOldGen       total 1398272K, used 23372K [0x0000000080000000, 0x00000000d5580000, 0x00000000d5580000)
  object space 1398272K, 1% used [0x0000000080000000,0x00000000816d3120,0x00000000d5580000)
 Metaspace       used 57471K, capacity 58724K, committed 59008K, reserved 1101824K
  class space    used 6657K, capacity 6924K, committed 7040K, reserved 1048576K
}
Event: 57.374 GC heap before
{Heap before GC invocations=8 (full 3):
 PSYoungGen      total 611840K, used 524800K [0x00000000d5580000, 0x0000000100000000, 0x0000000100000000)
  eden space 524800K, 100% used [0x00000000d5580000,0x00000000f5600000,0x00000000f5600000)
  from space 87040K, 0% used [0x00000000fab00000,0x00000000fab00000,0x0000000100000000)
  to   space 87040K, 0% used [0x00000000f5600000,0x00000000f5600000,0x00000000fab00000)
 ParOldGen       total 1398272K, used 23372K [0x0000000080000000, 0x00000000d5580000, 0x00000000d5580000)
  object space 1398272K, 1% used [0x0000000080000000,0x00000000816d3120,0x00000000d5580000)
 Metaspace       used 61883K, capacity 64036K, committed 64128K, reserved 1105920K
  class space    used 7126K, capacity 7530K, committed 7552K, reserved 1048576K
Event: 57.454 GC heap after
Heap after GC invocations=8 (full 3):
 PSYoungGen      total 552448K, used 27219K [0x00000000d5580000, 0x00000000fab80000, 0x0000000100000000)
  eden space 524800K, 0% used [0x00000000d5580000,0x00000000d5580000,0x00000000f5600000)
  from space 27648K, 98% used [0x00000000f5600000,0x00000000f7094e48,0x00000000f7100000)
  to   space 35840K, 0% used [0x00000000f8880000,0x00000000f8880000,0x00000000fab80000)
 ParOldGen       total 1398272K, used 23380K [0x0000000080000000, 0x00000000d5580000, 0x00000000d5580000)
  object space 1398272K, 1% used [0x0000000080000000,0x00000000816d5120,0x00000000d5580000)
 Metaspace       used 61883K, capacity 64036K, committed 64128K, reserved 1105920K
  class space    used 7126K, capacity 7530K, committed 7552K, reserved 1048576K
}
Event: 129.500 GC heap before
{Heap before GC invocations=9 (full 3):
 PSYoungGen      total 552448K, used 552019K [0x00000000d5580000, 0x00000000fab80000, 0x0000000100000000)
  eden space 524800K, 100% used [0x00000000d5580000,0x00000000f5600000,0x00000000f5600000)
  from space 27648K, 98% used [0x00000000f5600000,0x00000000f7094e48,0x00000000f7100000)
  to   space 35840K, 0% used [0x00000000f8880000,0x00000000f8880000,0x00000000fab80000)
 ParOldGen       total 1398272K, used 23380K [0x0000000080000000, 0x00000000d5580000, 0x00000000d5580000)
  object space 1398272K, 1% used [0x0000000080000000,0x00000000816d5120,0x00000000d5580000)
 Metaspace       used 67872K, capacity 70768K, committed 71040K, reserved 1112064K
  class space    used 7689K, capacity 8228K, committed 8320K, reserved 1048576K
Event: 129.640 GC heap after
Heap after GC invocations=9 (full 3):
 PSYoungGen      total 557056K, used 35815K [0x00000000d5580000, 0x0000000100000000, 0x0000000100000000)
  eden space 521216K, 0% used [0x00000000d5580000,0x00000000d5580000,0x00000000f5280000)
  from space 35840K, 99% used [0x00000000f8880000,0x00000000fab79c28,0x00000000fab80000)
  to   space 55296K, 0% used [0x00000000f5280000,0x00000000f5280000,0x00000000f8880000)
 ParOldGen       total 1398272K, used 46724K [0x0000000080000000, 0x00000000d5580000, 0x00000000d5580000)
  object space 1398272K, 3% used [0x0000000080000000,0x0000000082da12b0,0x00000000d5580000)
 Metaspace       used 67872K, capacity 70768K, committed 71040K, reserved 1112064K
  class space    used 7689K, capacity 8228K, committed 8320K, reserved 1048576K
}
Event: 196.442 GC heap before
{Heap before GC invocations=10 (full 3):
 PSYoungGen      total 557056K, used 557031K [0x00000000d5580000, 0x0000000100000000, 0x0000000100000000)
  eden space 521216K, 100% used [0x00000000d5580000,0x00000000f5280000,0x00000000f5280000)
  from space 35840K, 99% used [0x00000000f8880000,0x00000000fab79c28,0x00000000fab80000)
  to   space 55296K, 0% used [0x00000000f5280000,0x00000000f5280000,0x00000000f8880000)
 ParOldGen       total 1398272K, used 46724K [0x0000000080000000, 0x00000000d5580000, 0x00000000d5580000)
  object space 1398272K, 3% used [0x0000000080000000,0x0000000082da12b0,0x00000000d5580000)
 Metaspace       used 68642K, capacity 71566K, committed 71808K, reserved 1112064K
  class space    used 7697K, capacity 8239K, committed 8320K, reserved 1048576K
Event: 196.571 GC heap after
Heap after GC invocations=10 (full 3):
 PSYoungGen      total 576512K, used 55270K [0x00000000d5580000, 0x0000000100000000, 0x0000000100000000)
  eden space 521216K, 0% used [0x00000000d5580000,0x00000000d5580000,0x00000000f5280000)
  from space 55296K, 99% used [0x00000000f5280000,0x00000000f8879818,0x00000000f8880000)
  to   space 68608K, 0% used [0x00000000fbd00000,0x00000000fbd00000,0x0000000100000000)
 ParOldGen       total 1398272K, used 52389K [0x0000000080000000, 0x00000000d5580000, 0x00000000d5580000)
  object space 1398272K, 3% used [0x0000000080000000,0x0000000083329550,0x00000000d5580000)
 Metaspace       used 68642K, capacity 71566K, committed 71808K, reserved 1112064K
  class space    used 7697K, capacity 8239K, committed 8320K, reserved 1048576K
}

