# JRE version: OpenJDK Runtime Environment (8.0_212-b04) (build 1.8.0_212-b04)
# Java VM: OpenJDK 64-Bit Server VM (25.212-b04 mixed mode linux-amd64 compressed oops)
Heap:
 PSYoungGen      total 492032K, used 276063K [0x00000000d5580000, 0x0000000100000000, 0x0000000100000000)
  eden space 404992K, 46% used [0x00000000d5580000,0x00000000e0e1cfa0,0x00000000ee100000)
  from space 87040K, 99% used [0x00000000fab00000,0x00000000ffffaf88,0x0000000100000000)
  to   space 146944K, 0% used [0x00000000ee100000,0x00000000ee100000,0x00000000f7080000)
 ParOldGen       total 1398272K, used 118555K [0x0000000080000000, 0x00000000d5580000, 0x00000000d5580000)
  object space 1398272K, 8% used [0x0000000080000000,0x00000000873c6cf0,0x00000000d5580000)
 Metaspace       used 72092K, capacity 75882K, committed 76160K, reserved 1116160K
  class space    used 7888K, capacity 8553K, committed 8576K, reserved 1048576K
GC Heap History (10 events):
Event: 11.652 GC heap before
{Heap before GC invocations=5 (full 2):
 PSYoungGen      total 611840K, used 515860K [0x00000000d5580000, 0x0000000100000000, 0x0000000100000000)
  eden space 524800K, 98% used [0x00000000d5580000,0x00000000f4d45278,0x00000000f5600000)
  from space 87040K, 0% used [0x00000000fab00000,0x00000000fab00000,0x0000000100000000)
  to   space 87040K, 0% used [0x00000000f5600000,0x00000000f5600000,0x00000000fab00000)
 ParOldGen       total 1398272K, used 23474K [0x0000000080000000, 0x00000000d5580000, 0x00000000d5580000)
  object space 1398272K, 1% used [0x0000000080000000,0x00000000816ec990,0x00000000d5580000)
 Metaspace       used 57590K, capacity 58906K, committed 59028K, reserved 1101824K
  class space    used 6646K, capacity 6881K, committed 6912K, reserved 1048576K
Event: 11.735 GC heap after
Heap after GC invocations=5 (full 2):
 PSYoungGen      total 611840K, used 34261K [0x00000000d5580000, 0x0000000100000000, 0x0000000100000000)
  eden space 524800K, 0% used [0x00000000d5580000,0x00000000d5580000,0x00000000f5600000)
  from space 87040K, 39% used [0x00000000f5600000,0x00000000f77754f8,0x00000000fab00000)
  to   space 87040K, 0% used [0x00000000fab00000,0x00000000fab00000,0x0000000100000000)
 ParOldGen       total 1398272K, used 23482K [0x0000000080000000, 0x00000000d5580000, 0x00000000d5580000)
  object space 1398272K, 1% used [0x0000000080000000,0x00000000816ee990,0x00000000d5580000)
 Metaspace       used 57590K, capacity 58906K, committed 59028K, reserved 1101824K
  class space    used 6646K, capacity 6881K, committed 6912K, reserved 1048576K
}
Event: 11.735 GC heap before
{Heap before GC invocations=6 (full 3):
 PSYoungGen      total 611840K, used 34261K [0x00000000d5580000, 0x0000000100000000, 0x0000000100000000)
  eden space 524800K, 0% used [0x00000000d5580000,0x00000000d5580000,0x00000000f5600000)
  from space 87040K, 39% used [0x00000000f5600000,0x00000000f77754f8,0x00000000fab00000)
  to   space 87040K, 0% used [0x00000000fab00000,0x00000000fab00000,0x0000000100000000)
 ParOldGen       total 1398272K, used 23482K [0x0000000080000000, 0x00000000d5580000, 0x00000000d5580000)
  object space 1398272K, 1% used [0x0000000080000000,0x00000000816ee990,0x00000000d5580000)
 Metaspace       used 57590K, capacity 58906K, committed 59028K, reserved 1101824K
  class space    used 6646K, capacity 6881K, committed 6912K, reserved 1048576K
Event: 11.994 GC heap after
Heap after GC invocations=6 (full 3):
 PSYoungGen      total 611840K, used 0K [0x00000000d5580000, 0x0000000100000000, 0x0000000100000000)
  eden space 524800K, 0% used [0x00000000d5580000,0x00000000d5580000,0x00000000f5600000)
  from space 87040K, 0% used [0x00000000f5600000,0x00000000f5600000,0x00000000fab00000)
  to   space 87040K, 0% used [0x00000000fab00000,0x00000000fab00000,0x0000000100000000)
 ParOldGen       total 1398272K, used 44794K [0x0000000080000000, 0x00000000d5580000, 0x00000000d5580000)
  object space 1398272K, 3% used [0x0000000080000000,0x0000000082bbea20,0x00000000d5580000)
 Metaspace       used 57567K, capacity 58852K, committed 59028K, reserved 1101824K
  class space    used 6639K, capacity 6868K, committed 6912K, reserved 1048576K
}
Event: 91.306 GC heap before
{Heap before GC invocations=7 (full 3):
 PSYoungGen      total 611840K, used 524800K [0x00000000d5580000, 0x0000000100000000, 0x0000000100000000)
  eden space 524800K, 100% used [0x00000000d5580000,0x00000000f5600000,0x00000000f5600000)
  from space 87040K, 0% used [0x00000000f5600000,0x00000000f5600000,0x00000000fab00000)
  to   space 87040K, 0% used [0x00000000fab00000,0x00000000fab00000,0x0000000100000000)
 ParOldGen       total 1398272K, used 44794K [0x0000000080000000, 0x00000000d5580000, 0x00000000d5580000)
  object space 1398272K, 3% used [0x0000000080000000,0x0000000082bbea20,0x00000000d5580000)
 Metaspace       used 67500K, capacity 70494K, committed 70784K, reserved 1112064K
  class space    used 7657K, capacity 8203K, committed 8320K, reserved 1048576K
Event: 91.509 GC heap after
Heap after GC invocations=7 (full 3):
 PSYoungGen      total 611840K, used 57619K [0x00000000d5580000, 0x0000000100000000, 0x0000000100000000)
  eden space 524800K, 0% used [0x00000000d5580000,0x00000000d5580000,0x00000000f5600000)
  from space 87040K, 66% used [0x00000000fab00000,0x00000000fe344c30,0x0000000100000000)
  to   space 87040K, 0% used [0x00000000f5600000,0x00000000f5600000,0x00000000fab00000)
 ParOldGen       total 1398272K, used 44802K [0x0000000080000000, 0x00000000d5580000, 0x00000000d5580000)
  object space 1398272K, 3% used [0x0000000080000000,0x0000000082bc0a20,0x00000000d5580000)
 Metaspace       used 67500K, capacity 70494K, committed 70784K, reserved 1112064K
  class space    used 7657K, capacity 8203K, committed 8320K, reserved 1048576K
}
Event: 490.313 GC heap before
{Heap before GC invocations=8 (full 3):
 PSYoungGen      total 611840K, used 582419K [0x00000000d5580000, 0x0000000100000000, 0x0000000100000000)
  eden space 524800K, 100% used [0x00000000d5580000,0x00000000f5600000,0x00000000f5600000)
  from space 87040K, 66% used [0x00000000fab00000,0x00000000fe344c30,0x0000000100000000)
  to   space 87040K, 0% used [0x00000000f5600000,0x00000000f5600000,0x00000000fab00000)
 ParOldGen       total 1398272K, used 44802K [0x0000000080000000, 0x00000000d5580000, 0x00000000d5580000)
  object space 1398272K, 3% used [0x0000000080000000,0x0000000082bc0a20,0x00000000d5580000)
 Metaspace       used 70060K, capacity 73464K, committed 73728K, reserved 1114112K
  class space    used 7778K, capacity 8386K, committed 8448K, reserved 1048576K
Event: 490.638 GC heap after
Heap after GC invocations=8 (full 3):
 PSYoungGen      total 611840K, used 87026K [0x00000000d5580000, 0x0000000100000000, 0x0000000100000000)
  eden space 524800K, 0% used [0x00000000d5580000,0x00000000d5580000,0x00000000f5600000)
  from space 87040K, 99% used [0x00000000f5600000,0x00000000faafc858,0x00000000fab00000)
  to   space 87040K, 0% used [0x00000000fab00000,0x00000000fab00000,0x0000000100000000)
 ParOldGen       total 1398272K, used 114642K [0x0000000080000000, 0x00000000d5580000, 0x00000000d5580000)
  object space 1398272K, 8% used [0x0000000080000000,0x0000000086ff4b70,0x00000000d5580000)
 Metaspace       used 70060K, capacity 73464K, committed 73728K, reserved 1114112K
  class space    used 7778K, capacity 8386K, committed 8448K, reserved 1048576K
}
Event: 589.241 GC heap before
{Heap before GC invocations=9 (full 3):
 PSYoungGen      total 611840K, used 611826K [0x00000000d5580000, 0x0000000100000000, 0x0000000100000000)
  eden space 524800K, 100% used [0x00000000d5580000,0x00000000f5600000,0x00000000f5600000)
  from space 87040K, 99% used [0x00000000f5600000,0x00000000faafc858,0x00000000fab00000)
  to   space 87040K, 0% used [0x00000000fab00000,0x00000000fab00000,0x0000000100000000)
 ParOldGen       total 1398272K, used 114642K [0x0000000080000000, 0x00000000d5580000, 0x00000000d5580000)
  object space 1398272K, 8% used [0x0000000080000000,0x0000000086ff4b70,0x00000000d5580000)
 Metaspace       used 71780K, capacity 75552K, committed 75648K, reserved 1116160K
  class space    used 7886K, capacity 8552K, committed 8576K, reserved 1048576K
Event: 589.472 GC heap after
Heap after GC invocations=9 (full 3):
 PSYoungGen      total 492032K, used 87019K [0x00000000d5580000, 0x0000000100000000, 0x0000000100000000)
  eden space 404992K, 0% used [0x00000000d5580000,0x00000000d5580000,0x00000000ee100000)
  from space 87040K, 99% used [0x00000000fab00000,0x00000000ffffaf88,0x0000000100000000)
  to   space 146944K, 0% used [0x00000000ee100000,0x00000000ee100000,0x00000000f7080000)
 ParOldGen       total 1398272K, used 118555K [0x0000000080000000, 0x00000000d5580000, 0x00000000d5580000)
  object space 1398272K, 8% used [0x0000000080000000,0x00000000873c6cf0,0x00000000d5580000)
 Metaspace       used 71780K, capacity 75552K, committed 75648K, reserved 1116160K
  class space    used 7886K, capacity 8552K, committed 8576K, reserved 1048576K
}

