# JRE version: OpenJDK Runtime Environment (8.0_212-b04) (build 1.8.0_212-b04)
# Java VM: OpenJDK 64-Bit Server VM (25.212-b04 mixed mode linux-amd64 compressed oops)
Heap:
 PSYoungGen      total 611840K, used 155184K [0x00000000d5580000, 0x0000000100000000, 0x0000000100000000)
  eden space 526336K, 13% used [0x00000000d5580000,0x00000000d99933b8,0x00000000f5780000)
  from space 85504K, 99% used [0x00000000f5780000,0x00000000faaf8fc8,0x00000000fab00000)
  to   space 87040K, 0% used [0x00000000fab00000,0x00000000fab00000,0x0000000100000000)
 ParOldGen       total 1398272K, used 83200K [0x0000000080000000, 0x00000000d5580000, 0x00000000d5580000)
  object space 1398272K, 5% used [0x0000000080000000,0x0000000085140058,0x00000000d5580000)
 Metaspace       used 73458K, capacity 77150K, committed 77312K, reserved 1118208K
  class space    used 8023K, capacity 8649K, committed 8704K, reserved 1048576K
GC Heap History (10 events):
Event: 11.358 GC heap before
{Heap before GC invocations=6 (full 2):
 PSYoungGen      total 611840K, used 165359K [0x00000000d5580000, 0x0000000100000000, 0x0000000100000000)
  eden space 524800K, 27% used [0x00000000d5580000,0x00000000de0f9310,0x00000000f5600000)
  from space 87040K, 25% used [0x00000000f5600000,0x00000000f6c02a68,0x00000000fab00000)
  to   space 87040K, 0% used [0x00000000fab00000,0x00000000fab00000,0x0000000100000000)
 ParOldGen       total 1398272K, used 22474K [0x0000000080000000, 0x00000000d5580000, 0x00000000d5580000)
  object space 1398272K, 1% used [0x0000000080000000,0x00000000815f2b78,0x00000000d5580000)
 Metaspace       used 57472K, capacity 58940K, committed 59096K, reserved 1101824K
  class space    used 6676K, capacity 6956K, committed 7040K, reserved 1048576K
Event: 11.400 GC heap after
Heap after GC invocations=6 (full 2):
 PSYoungGen      total 611840K, used 18223K [0x00000000d5580000, 0x0000000100000000, 0x0000000100000000)
  eden space 524800K, 0% used [0x00000000d5580000,0x00000000d5580000,0x00000000f5600000)
  from space 87040K, 20% used [0x00000000fab00000,0x00000000fbccbdb0,0x0000000100000000)
  to   space 87040K, 0% used [0x00000000f5600000,0x00000000f5600000,0x00000000fab00000)
 ParOldGen       total 1398272K, used 22482K [0x0000000080000000, 0x00000000d5580000, 0x00000000d5580000)
  object space 1398272K, 1% used [0x0000000080000000,0x00000000815f4b78,0x00000000d5580000)
 Metaspace       used 57472K, capacity 58940K, committed 59096K, reserved 1101824K
  class space    used 6676K, capacity 6956K, committed 7040K, reserved 1048576K
}
Event: 11.400 GC heap before
{Heap before GC invocations=7 (full 3):
 PSYoungGen      total 611840K, used 18223K [0x00000000d5580000, 0x0000000100000000, 0x0000000100000000)
  eden space 524800K, 0% used [0x00000000d5580000,0x00000000d5580000,0x00000000f5600000)
  from space 87040K, 20% used [0x00000000fab00000,0x00000000fbccbdb0,0x0000000100000000)
  to   space 87040K, 0% used [0x00000000f5600000,0x00000000f5600000,0x00000000fab00000)
 ParOldGen       total 1398272K, used 22482K [0x0000000080000000, 0x00000000d5580000, 0x00000000d5580000)
  object space 1398272K, 1% used [0x0000000080000000,0x00000000815f4b78,0x00000000d5580000)
 Metaspace       used 57472K, capacity 58940K, committed 59096K, reserved 1101824K
  class space    used 6676K, capacity 6956K, committed 7040K, reserved 1048576K
Event: 11.695 GC heap after
Heap after GC invocations=7 (full 3):
 PSYoungGen      total 611840K, used 0K [0x00000000d5580000, 0x0000000100000000, 0x0000000100000000)
  eden space 524800K, 0% used [0x00000000d5580000,0x00000000d5580000,0x00000000f5600000)
  from space 87040K, 0% used [0x00000000fab00000,0x00000000fab00000,0x0000000100000000)
  to   space 87040K, 0% used [0x00000000f5600000,0x00000000f5600000,0x00000000fab00000)
 ParOldGen       total 1398272K, used 30601K [0x0000000080000000, 0x00000000d5580000, 0x00000000d5580000)
  object space 1398272K, 2% used [0x0000000080000000,0x0000000081de2600,0x00000000d5580000)
 Metaspace       used 57402K, capacity 58760K, committed 59096K, reserved 1101824K
  class space    used 6651K, capacity 6912K, committed 7040K, reserved 1048576K
}
Event: 24.825 GC heap before
{Heap before GC invocations=8 (full 3):
 PSYoungGen      total 611840K, used 514792K [0x00000000d5580000, 0x0000000100000000, 0x0000000100000000)
  eden space 524800K, 98% used [0x00000000d5580000,0x00000000f4c3a088,0x00000000f5600000)
  from space 87040K, 0% used [0x00000000fab00000,0x00000000fab00000,0x0000000100000000)
  to   space 87040K, 0% used [0x00000000f5600000,0x00000000f5600000,0x00000000fab00000)
 ParOldGen       total 1398272K, used 30601K [0x0000000080000000, 0x00000000d5580000, 0x00000000d5580000)
  object space 1398272K, 2% used [0x0000000080000000,0x0000000081de2600,0x00000000d5580000)
 Metaspace       used 68131K, capacity 71430K, committed 71680K, reserved 1112064K
  class space    used 7772K, capacity 8371K, committed 8448K, reserved 1048576K
Event: 24.969 GC heap after
Heap after GC invocations=8 (full 3):
 PSYoungGen      total 611840K, used 87022K [0x00000000d5580000, 0x00000000ff200000, 0x0000000100000000)
  eden space 524800K, 0% used [0x00000000d5580000,0x00000000d5580000,0x00000000f5600000)
  from space 87040K, 99% used [0x00000000f5600000,0x00000000faafb850,0x00000000fab00000)
  to   space 72704K, 0% used [0x00000000fab00000,0x00000000fab00000,0x00000000ff200000)
 ParOldGen       total 1398272K, used 45969K [0x0000000080000000, 0x00000000d5580000, 0x00000000d5580000)
  object space 1398272K, 3% used [0x0000000080000000,0x0000000082ce46d8,0x00000000d5580000)
 Metaspace       used 68131K, capacity 71430K, committed 71680K, reserved 1112064K
  class space    used 7772K, capacity 8371K, committed 8448K, reserved 1048576K
}
Event: 29.612 GC heap before
{Heap before GC invocations=9 (full 3):
 PSYoungGen      total 611840K, used 611820K [0x00000000d5580000, 0x00000000ff200000, 0x0000000100000000)
  eden space 524800K, 99% used [0x00000000d5580000,0x00000000f55ff838,0x00000000f5600000)
  from space 87040K, 99% used [0x00000000f5600000,0x00000000faafb850,0x00000000fab00000)
  to   space 72704K, 0% used [0x00000000fab00000,0x00000000fab00000,0x00000000ff200000)
 ParOldGen       total 1398272K, used 45969K [0x0000000080000000, 0x00000000d5580000, 0x00000000d5580000)
  object space 1398272K, 3% used [0x0000000080000000,0x0000000082ce46d8,0x00000000d5580000)
 Metaspace       used 72509K, capacity 76258K, committed 76544K, reserved 1118208K
  class space    used 8013K, capacity 8647K, committed 8704K, reserved 1048576K
Event: 29.674 GC heap after
Heap after GC invocations=9 (full 3):
 PSYoungGen      total 599040K, used 57893K [0x00000000d5580000, 0x0000000100000000, 0x0000000100000000)
  eden space 526336K, 0% used [0x00000000d5580000,0x00000000d5580000,0x00000000f5780000)
  from space 72704K, 79% used [0x00000000fab00000,0x00000000fe389548,0x00000000ff200000)
  to   space 85504K, 0% used [0x00000000f5780000,0x00000000f5780000,0x00000000fab00000)
 ParOldGen       total 1398272K, used 45969K [0x0000000080000000, 0x00000000d5580000, 0x00000000d5580000)
  object space 1398272K, 3% used [0x0000000080000000,0x0000000082ce46d8,0x00000000d5580000)
 Metaspace       used 72509K, capacity 76258K, committed 76544K, reserved 1118208K
  class space    used 8013K, capacity 8647K, committed 8704K, reserved 1048576K
}
Event: 31.342 GC heap before
{Heap before GC invocations=10 (full 3):
 PSYoungGen      total 599040K, used 584229K [0x00000000d5580000, 0x0000000100000000, 0x0000000100000000)
  eden space 526336K, 100% used [0x00000000d5580000,0x00000000f5780000,0x00000000f5780000)
  from space 72704K, 79% used [0x00000000fab00000,0x00000000fe389548,0x00000000ff200000)
  to   space 85504K, 0% used [0x00000000f5780000,0x00000000f5780000,0x00000000fab00000)
 ParOldGen       total 1398272K, used 45969K [0x0000000080000000, 0x00000000d5580000, 0x00000000d5580000)
  object space 1398272K, 3% used [0x0000000080000000,0x0000000082ce46d8,0x00000000d5580000)
 Metaspace       used 73141K, capacity 76862K, committed 77056K, reserved 1118208K
  class space    used 8023K, capacity 8649K, committed 8704K, reserved 1048576K
Event: 31.427 GC heap after
Heap after GC invocations=10 (full 3):
 PSYoungGen      total 611840K, used 85475K [0x00000000d5580000, 0x0000000100000000, 0x0000000100000000)
  eden space 526336K, 0% used [0x00000000d5580000,0x00000000d5580000,0x00000000f5780000)
  from space 85504K, 99% used [0x00000000f5780000,0x00000000faaf8fc8,0x00000000fab00000)
  to   space 87040K, 0% used [0x00000000fab00000,0x00000000fab00000,0x0000000100000000)
 ParOldGen       total 1398272K, used 83200K [0x0000000080000000, 0x00000000d5580000, 0x00000000d5580000)
  object space 1398272K, 5% used [0x0000000080000000,0x0000000085140058,0x00000000d5580000)
 Metaspace       used 73141K, capacity 76862K, committed 77056K, reserved 1118208K
  class space    used 8023K, capacity 8649K, committed 8704K, reserved 1048576K
}

