# JRE version: OpenJDK Runtime Environment (8.0_212-b04) (build 1.8.0_212-b04)
# Java VM: OpenJDK 64-Bit Server VM (25.212-b04 mixed mode linux-amd64 compressed oops)
Heap:
 PSYoungGen      total 611840K, used 275310K [0x00000000d5580000, 0x0000000100000000, 0x0000000100000000)
  eden space 524800K, 52% used [0x00000000d5580000,0x00000000e625bb60,0x00000000f5600000)
  from space 87040K, 0% used [0x00000000fab00000,0x00000000fab00000,0x0000000100000000)
  to   space 87040K, 0% used [0x00000000f5600000,0x00000000f5600000,0x00000000fab00000)
 ParOldGen       total 1398272K, used 28683K [0x0000000080000000, 0x00000000d5580000, 0x00000000d5580000)
  object space 1398272K, 2% used [0x0000000080000000,0x0000000081c02e70,0x00000000d5580000)
 Metaspace       used 65477K, capacity 68294K, committed 68608K, reserved 1110016K
  class space    used 7568K, capacity 8081K, committed 8192K, reserved 1048576K
GC Heap History (10 events):
Event: 4.350 GC heap before
{Heap before GC invocations=3 (full 1):
 PSYoungGen      total 611840K, used 469964K [0x00000000d5580000, 0x0000000100000000, 0x0000000100000000)
  eden space 524800K, 89% used [0x00000000d5580000,0x00000000f2073020,0x00000000f5600000)
  from space 87040K, 0% used [0x00000000f5600000,0x00000000f5600000,0x00000000fab00000)
  to   space 87040K, 0% used [0x00000000fab00000,0x00000000fab00000,0x0000000100000000)
 ParOldGen       total 881664K, used 14296K [0x0000000080000000, 0x00000000b5d00000, 0x00000000d5580000)
  object space 881664K, 1% used [0x0000000080000000,0x0000000080df6198,0x00000000b5d00000)
 Metaspace       used 34774K, capacity 35092K, committed 35416K, reserved 1081344K
  class space    used 3964K, capacity 4060K, committed 4096K, reserved 1048576K
Event: 4.394 GC heap after
Heap after GC invocations=3 (full 1):
 PSYoungGen      total 611840K, used 19351K [0x00000000d5580000, 0x0000000100000000, 0x0000000100000000)
  eden space 524800K, 0% used [0x00000000d5580000,0x00000000d5580000,0x00000000f5600000)
  from space 87040K, 22% used [0x00000000fab00000,0x00000000fbde5dc8,0x0000000100000000)
  to   space 87040K, 0% used [0x00000000f5600000,0x00000000f5600000,0x00000000fab00000)
 ParOldGen       total 881664K, used 14304K [0x0000000080000000, 0x00000000b5d00000, 0x00000000d5580000)
  object space 881664K, 1% used [0x0000000080000000,0x0000000080df8198,0x00000000b5d00000)
 Metaspace       used 34774K, capacity 35092K, committed 35416K, reserved 1081344K
  class space    used 3964K, capacity 4060K, committed 4096K, reserved 1048576K
}
Event: 4.394 GC heap before
{Heap before GC invocations=4 (full 2):
 PSYoungGen      total 611840K, used 19351K [0x00000000d5580000, 0x0000000100000000, 0x0000000100000000)
  eden space 524800K, 0% used [0x00000000d5580000,0x00000000d5580000,0x00000000f5600000)
  from space 87040K, 22% used [0x00000000fab00000,0x00000000fbde5dc8,0x0000000100000000)
  to   space 87040K, 0% used [0x00000000f5600000,0x00000000f5600000,0x00000000fab00000)
 ParOldGen       total 881664K, used 14304K [0x0000000080000000, 0x00000000b5d00000, 0x00000000d5580000)
  object space 881664K, 1% used [0x0000000080000000,0x0000000080df8198,0x00000000b5d00000)
 Metaspace       used 34774K, capacity 35092K, committed 35416K, reserved 1081344K
  class space    used 3964K, capacity 4060K, committed 4096K, reserved 1048576K
Event: 4.491 GC heap after
Heap after GC invocations=4 (full 2):
 PSYoungGen      total 611840K, used 0K [0x00000000d5580000, 0x0000000100000000, 0x0000000100000000)
  eden space 524800K, 0% used [0x00000000d5580000,0x00000000d5580000,0x00000000f5600000)
  from space 87040K, 0% used [0x00000000fab00000,0x00000000fab00000,0x0000000100000000)
  to   space 87040K, 0% used [0x00000000f5600000,0x00000000f5600000,0x00000000fab00000)
 ParOldGen       total 1398272K, used 23912K [0x0000000080000000, 0x00000000d5580000, 0x00000000d5580000)
  object space 1398272K, 1% used [0x0000000080000000,0x000000008175a1c0,0x00000000d5580000)
 Metaspace       used 34774K, capacity 35092K, committed 35416K, reserved 1081344K
  class space    used 3964K, capacity 4060K, committed 4096K, reserved 1048576K
}
Event: 10.919 GC heap before
{Heap before GC invocations=5 (full 2):
 PSYoungGen      total 611840K, used 524800K [0x00000000d5580000, 0x0000000100000000, 0x0000000100000000)
  eden space 524800K, 100% used [0x00000000d5580000,0x00000000f5600000,0x00000000f5600000)
  from space 87040K, 0% used [0x00000000fab00000,0x00000000fab00000,0x0000000100000000)
  to   space 87040K, 0% used [0x00000000f5600000,0x00000000f5600000,0x00000000fab00000)
 ParOldGen       total 1398272K, used 23912K [0x0000000080000000, 0x00000000d5580000, 0x00000000d5580000)
  object space 1398272K, 1% used [0x0000000080000000,0x000000008175a1c0,0x00000000d5580000)
 Metaspace       used 52077K, capacity 53436K, committed 53504K, reserved 1095680K
  class space    used 6123K, capacity 6374K, committed 6400K, reserved 1048576K
Event: 10.989 GC heap after
Heap after GC invocations=5 (full 2):
 PSYoungGen      total 611840K, used 24776K [0x00000000d5580000, 0x0000000100000000, 0x0000000100000000)
  eden space 524800K, 0% used [0x00000000d5580000,0x00000000d5580000,0x00000000f5600000)
  from space 87040K, 28% used [0x00000000f5600000,0x00000000f6e322b0,0x00000000fab00000)
  to   space 87040K, 0% used [0x00000000fab00000,0x00000000fab00000,0x0000000100000000)
 ParOldGen       total 1398272K, used 23920K [0x0000000080000000, 0x00000000d5580000, 0x00000000d5580000)
  object space 1398272K, 1% used [0x0000000080000000,0x000000008175c1c0,0x00000000d5580000)
 Metaspace       used 52077K, capacity 53436K, committed 53504K, reserved 1095680K
  class space    used 6123K, capacity 6374K, committed 6400K, reserved 1048576K
}
Event: 11.683 GC heap before
{Heap before GC invocations=6 (full 2):
 PSYoungGen      total 611840K, used 146124K [0x00000000d5580000, 0x0000000100000000, 0x0000000100000000)
  eden space 524800K, 23% used [0x00000000d5580000,0x00000000dcc01110,0x00000000f5600000)
  from space 87040K, 28% used [0x00000000f5600000,0x00000000f6e322b0,0x00000000fab00000)
  to   space 87040K, 0% used [0x00000000fab00000,0x00000000fab00000,0x0000000100000000)
 ParOldGen       total 1398272K, used 23920K [0x0000000080000000, 0x00000000d5580000, 0x00000000d5580000)
  object space 1398272K, 1% used [0x0000000080000000,0x000000008175c1c0,0x00000000d5580000)
 Metaspace       used 57324K, capacity 58770K, committed 59008K, reserved 1101824K
  class space    used 6635K, capacity 6929K, committed 7040K, reserved 1048576K
Event: 11.714 GC heap after
Heap after GC invocations=6 (full 2):
 PSYoungGen      total 611840K, used 16821K [0x00000000d5580000, 0x0000000100000000, 0x0000000100000000)
  eden space 524800K, 0% used [0x00000000d5580000,0x00000000d5580000,0x00000000f5600000)
  from space 87040K, 19% used [0x00000000fab00000,0x00000000fbb6d458,0x0000000100000000)
  to   space 87040K, 0% used [0x00000000f5600000,0x00000000f5600000,0x00000000fab00000)
 ParOldGen       total 1398272K, used 23928K [0x0000000080000000, 0x00000000d5580000, 0x00000000d5580000)
  object space 1398272K, 1% used [0x0000000080000000,0x000000008175e1c0,0x00000000d5580000)
 Metaspace       used 57324K, capacity 58770K, committed 59008K, reserved 1101824K
  class space    used 6635K, capacity 6929K, committed 7040K, reserved 1048576K
}
Event: 11.714 GC heap before
{Heap before GC invocations=7 (full 3):
 PSYoungGen      total 611840K, used 16821K [0x00000000d5580000, 0x0000000100000000, 0x0000000100000000)
  eden space 524800K, 0% used [0x00000000d5580000,0x00000000d5580000,0x00000000f5600000)
  from space 87040K, 19% used [0x00000000fab00000,0x00000000fbb6d458,0x0000000100000000)
  to   space 87040K, 0% used [0x00000000f5600000,0x00000000f5600000,0x00000000fab00000)
 ParOldGen       total 1398272K, used 23928K [0x0000000080000000, 0x00000000d5580000, 0x00000000d5580000)
  object space 1398272K, 1% used [0x0000000080000000,0x000000008175e1c0,0x00000000d5580000)
 Metaspace       used 57324K, capacity 58770K, committed 59008K, reserved 1101824K
  class space    used 6635K, capacity 6929K, committed 7040K, reserved 1048576K
Event: 11.974 GC heap after
Heap after GC invocations=7 (full 3):
 PSYoungGen      total 611840K, used 0K [0x00000000d5580000, 0x0000000100000000, 0x0000000100000000)
  eden space 524800K, 0% used [0x00000000d5580000,0x00000000d5580000,0x00000000f5600000)
  from space 87040K, 0% used [0x00000000fab00000,0x00000000fab00000,0x0000000100000000)
  to   space 87040K, 0% used [0x00000000f5600000,0x00000000f5600000,0x00000000fab00000)
 ParOldGen       total 1398272K, used 28683K [0x0000000080000000, 0x00000000d5580000, 0x00000000d5580000)
  object space 1398272K, 2% used [0x0000000080000000,0x0000000081c02e70,0x00000000d5580000)
 Metaspace       used 57295K, capacity 58698K, committed 59008K, reserved 1101824K
  class space    used 6624K, capacity 6911K, committed 7040K, reserved 1048576K
}

