# JRE version: OpenJDK Runtime Environment (8.0_212-b04) (build 1.8.0_212-b04)
# Java VM: OpenJDK 64-Bit Server VM (25.212-b04 mixed mode linux-amd64 compressed oops)
Heap:
 PSYoungGen      total 611840K, used 306721K [0x00000000d5580000, 0x0000000100000000, 0x0000000100000000)
  eden space 524800K, 58% used [0x00000000d5580000,0x00000000e8108638,0x00000000f5600000)
  from space 87040K, 0% used [0x00000000fab00000,0x00000000fab00000,0x0000000100000000)
  to   space 87040K, 0% used [0x00000000f5600000,0x00000000f5600000,0x00000000fab00000)
 ParOldGen       total 1398272K, used 28219K [0x0000000080000000, 0x00000000d5580000, 0x00000000d5580000)
  object space 1398272K, 2% used [0x0000000080000000,0x0000000081b8ef00,0x00000000d5580000)
 Metaspace       used 65737K, capacity 68560K, committed 68736K, reserved 1110016K
  class space    used 7545K, capacity 8042K, committed 8064K, reserved 1048576K
GC Heap History (10 events):
Event: 4.368 GC heap before
{Heap before GC invocations=3 (full 1):
 PSYoungGen      total 611840K, used 467082K [0x00000000d5580000, 0x0000000100000000, 0x0000000100000000)
  eden space 524800K, 89% used [0x00000000d5580000,0x00000000f1da2b10,0x00000000f5600000)
  from space 87040K, 0% used [0x00000000f5600000,0x00000000f5600000,0x00000000fab00000)
  to   space 87040K, 0% used [0x00000000fab00000,0x00000000fab00000,0x0000000100000000)
 ParOldGen       total 907776K, used 14366K [0x0000000080000000, 0x00000000b7680000, 0x00000000d5580000)
  object space 907776K, 1% used [0x0000000080000000,0x0000000080e079e8,0x00000000b7680000)
 Metaspace       used 34692K, capacity 35034K, committed 35416K, reserved 1081344K
  class space    used 3958K, capacity 4061K, committed 4096K, reserved 1048576K
Event: 4.410 GC heap after
Heap after GC invocations=3 (full 1):
 PSYoungGen      total 611840K, used 19037K [0x00000000d5580000, 0x0000000100000000, 0x0000000100000000)
  eden space 524800K, 0% used [0x00000000d5580000,0x00000000d5580000,0x00000000f5600000)
  from space 87040K, 21% used [0x00000000fab00000,0x00000000fbd97518,0x0000000100000000)
  to   space 87040K, 0% used [0x00000000f5600000,0x00000000f5600000,0x00000000fab00000)
 ParOldGen       total 907776K, used 14374K [0x0000000080000000, 0x00000000b7680000, 0x00000000d5580000)
  object space 907776K, 1% used [0x0000000080000000,0x0000000080e099e8,0x00000000b7680000)
 Metaspace       used 34692K, capacity 35034K, committed 35416K, reserved 1081344K
  class space    used 3958K, capacity 4061K, committed 4096K, reserved 1048576K
}
Event: 4.410 GC heap before
{Heap before GC invocations=4 (full 2):
 PSYoungGen      total 611840K, used 19037K [0x00000000d5580000, 0x0000000100000000, 0x0000000100000000)
  eden space 524800K, 0% used [0x00000000d5580000,0x00000000d5580000,0x00000000f5600000)
  from space 87040K, 21% used [0x00000000fab00000,0x00000000fbd97518,0x0000000100000000)
  to   space 87040K, 0% used [0x00000000f5600000,0x00000000f5600000,0x00000000fab00000)
 ParOldGen       total 907776K, used 14374K [0x0000000080000000, 0x00000000b7680000, 0x00000000d5580000)
  object space 907776K, 1% used [0x0000000080000000,0x0000000080e099e8,0x00000000b7680000)
 Metaspace       used 34692K, capacity 35034K, committed 35416K, reserved 1081344K
  class space    used 3958K, capacity 4061K, committed 4096K, reserved 1048576K
Event: 4.552 GC heap after
Heap after GC invocations=4 (full 2):
 PSYoungGen      total 611840K, used 0K [0x00000000d5580000, 0x0000000100000000, 0x0000000100000000)
  eden space 524800K, 0% used [0x00000000d5580000,0x00000000d5580000,0x00000000f5600000)
  from space 87040K, 0% used [0x00000000fab00000,0x00000000fab00000,0x0000000100000000)
  to   space 87040K, 0% used [0x00000000f5600000,0x00000000f5600000,0x00000000fab00000)
 ParOldGen       total 1398272K, used 23613K [0x0000000080000000, 0x00000000d5580000, 0x00000000d5580000)
  object space 1398272K, 1% used [0x0000000080000000,0x000000008170f440,0x00000000d5580000)
 Metaspace       used 34692K, capacity 35034K, committed 35416K, reserved 1081344K
  class space    used 3958K, capacity 4061K, committed 4096K, reserved 1048576K
}
Event: 11.082 GC heap before
{Heap before GC invocations=5 (full 2):
 PSYoungGen      total 611840K, used 524800K [0x00000000d5580000, 0x0000000100000000, 0x0000000100000000)
  eden space 524800K, 100% used [0x00000000d5580000,0x00000000f5600000,0x00000000f5600000)
  from space 87040K, 0% used [0x00000000fab00000,0x00000000fab00000,0x0000000100000000)
  to   space 87040K, 0% used [0x00000000f5600000,0x00000000f5600000,0x00000000fab00000)
 ParOldGen       total 1398272K, used 23613K [0x0000000080000000, 0x00000000d5580000, 0x00000000d5580000)
  object space 1398272K, 1% used [0x0000000080000000,0x000000008170f440,0x00000000d5580000)
 Metaspace       used 52612K, capacity 54014K, committed 54144K, reserved 1097728K
  class space    used 6179K, capacity 6439K, committed 6528K, reserved 1048576K
Event: 11.149 GC heap after
Heap after GC invocations=5 (full 2):
 PSYoungGen      total 611840K, used 26937K [0x00000000d5580000, 0x0000000100000000, 0x0000000100000000)
  eden space 524800K, 0% used [0x00000000d5580000,0x00000000d5580000,0x00000000f5600000)
  from space 87040K, 30% used [0x00000000f5600000,0x00000000f704e4f0,0x00000000fab00000)
  to   space 87040K, 0% used [0x00000000fab00000,0x00000000fab00000,0x0000000100000000)
 ParOldGen       total 1398272K, used 23621K [0x0000000080000000, 0x00000000d5580000, 0x00000000d5580000)
  object space 1398272K, 1% used [0x0000000080000000,0x0000000081711440,0x00000000d5580000)
 Metaspace       used 52612K, capacity 54014K, committed 54144K, reserved 1097728K
  class space    used 6179K, capacity 6439K, committed 6528K, reserved 1048576K
}
Event: 11.859 GC heap before
{Heap before GC invocations=6 (full 2):
 PSYoungGen      total 611840K, used 180723K [0x00000000d5580000, 0x0000000100000000, 0x0000000100000000)
  eden space 524800K, 29% used [0x00000000d5580000,0x00000000debaea18,0x00000000f5600000)
  from space 87040K, 30% used [0x00000000f5600000,0x00000000f704e4f0,0x00000000fab00000)
  to   space 87040K, 0% used [0x00000000fab00000,0x00000000fab00000,0x0000000100000000)
 ParOldGen       total 1398272K, used 23621K [0x0000000080000000, 0x00000000d5580000, 0x00000000d5580000)
  object space 1398272K, 1% used [0x0000000080000000,0x0000000081711440,0x00000000d5580000)
 Metaspace       used 57410K, capacity 58836K, committed 59008K, reserved 1101824K
  class space    used 6647K, capacity 6930K, committed 7040K, reserved 1048576K
Event: 11.889 GC heap after
Heap after GC invocations=6 (full 2):
 PSYoungGen      total 611840K, used 16518K [0x00000000d5580000, 0x0000000100000000, 0x0000000100000000)
  eden space 524800K, 0% used [0x00000000d5580000,0x00000000d5580000,0x00000000f5600000)
  from space 87040K, 18% used [0x00000000fab00000,0x00000000fbb21a38,0x0000000100000000)
  to   space 87040K, 0% used [0x00000000f5600000,0x00000000f5600000,0x00000000fab00000)
 ParOldGen       total 1398272K, used 23629K [0x0000000080000000, 0x00000000d5580000, 0x00000000d5580000)
  object space 1398272K, 1% used [0x0000000080000000,0x0000000081713440,0x00000000d5580000)
 Metaspace       used 57410K, capacity 58836K, committed 59008K, reserved 1101824K
  class space    used 6647K, capacity 6930K, committed 7040K, reserved 1048576K
}
Event: 11.889 GC heap before
{Heap before GC invocations=7 (full 3):
 PSYoungGen      total 611840K, used 16518K [0x00000000d5580000, 0x0000000100000000, 0x0000000100000000)
  eden space 524800K, 0% used [0x00000000d5580000,0x00000000d5580000,0x00000000f5600000)
  from space 87040K, 18% used [0x00000000fab00000,0x00000000fbb21a38,0x0000000100000000)
  to   space 87040K, 0% used [0x00000000f5600000,0x00000000f5600000,0x00000000fab00000)
 ParOldGen       total 1398272K, used 23629K [0x0000000080000000, 0x00000000d5580000, 0x00000000d5580000)
  object space 1398272K, 1% used [0x0000000080000000,0x0000000081713440,0x00000000d5580000)
 Metaspace       used 57410K, capacity 58836K, committed 59008K, reserved 1101824K
  class space    used 6647K, capacity 6930K, committed 7040K, reserved 1048576K
Event: 12.145 GC heap after
Heap after GC invocations=7 (full 3):
 PSYoungGen      total 611840K, used 0K [0x00000000d5580000, 0x0000000100000000, 0x0000000100000000)
  eden space 524800K, 0% used [0x00000000d5580000,0x00000000d5580000,0x00000000f5600000)
  from space 87040K, 0% used [0x00000000fab00000,0x00000000fab00000,0x0000000100000000)
  to   space 87040K, 0% used [0x00000000f5600000,0x00000000f5600000,0x00000000fab00000)
 ParOldGen       total 1398272K, used 28219K [0x0000000080000000, 0x00000000d5580000, 0x00000000d5580000)
  object space 1398272K, 2% used [0x0000000080000000,0x0000000081b8ef00,0x00000000d5580000)
 Metaspace       used 57381K, capacity 58764K, committed 59008K, reserved 1101824K
  class space    used 6636K, capacity 6912K, committed 7040K, reserved 1048576K
}

