# JRE version: OpenJDK Runtime Environment (8.0_212-b04) (build 1.8.0_212-b04)
# Java VM: OpenJDK 64-Bit Server VM (25.212-b04 mixed mode linux-amd64 compressed oops)
Heap:
 PSYoungGen      total 611840K, used 236879K [0x00000000d5580000, 0x0000000100000000, 0x0000000100000000)
  eden space 524800K, 45% used [0x00000000d5580000,0x00000000e3cd3df8,0x00000000f5600000)
  from space 87040K, 0% used [0x00000000f5600000,0x00000000f5600000,0x00000000fab00000)
  to   space 87040K, 0% used [0x00000000fab00000,0x00000000fab00000,0x0000000100000000)
 ParOldGen       total 1398272K, used 44378K [0x0000000080000000, 0x00000000d5580000, 0x00000000d5580000)
  object space 1398272K, 3% used [0x0000000080000000,0x0000000082b56a40,0x00000000d5580000)
 Metaspace       used 65204K, capacity 68016K, committed 68224K, reserved 1110016K
  class space    used 7468K, capacity 7976K, committed 8064K, reserved 1048576K
GC Heap History (10 events):
Event: 1.933 GC heap before
{Heap before GC invocations=2 (full 1):
 PSYoungGen      total 611840K, used 14246K [0x00000000d5580000, 0x0000000100000000, 0x0000000100000000)
  eden space 524800K, 0% used [0x00000000d5580000,0x00000000d5580000,0x00000000f5600000)
  from space 87040K, 16% used [0x00000000f5600000,0x00000000f63e9968,0x00000000fab00000)
  to   space 87040K, 0% used [0x00000000fab00000,0x00000000fab00000,0x0000000100000000)
 ParOldGen       total 1398272K, used 80K [0x0000000080000000, 0x00000000d5580000, 0x00000000d5580000)
  object space 1398272K, 0% used [0x0000000080000000,0x0000000080014010,0x00000000d5580000)
 Metaspace       used 20821K, capacity 21106K, committed 21248K, reserved 1069056K
  class space    used 2362K, capacity 2482K, committed 2560K, reserved 1048576K
Event: 2.011 GC heap after
Heap after GC invocations=2 (full 1):
 PSYoungGen      total 611840K, used 0K [0x00000000d5580000, 0x0000000100000000, 0x0000000100000000)
  eden space 524800K, 0% used [0x00000000d5580000,0x00000000d5580000,0x00000000f5600000)
  from space 87040K, 0% used [0x00000000f5600000,0x00000000f5600000,0x00000000fab00000)
  to   space 87040K, 0% used [0x00000000fab00000,0x00000000fab00000,0x0000000100000000)
 ParOldGen       total 917504K, used 13725K [0x0000000080000000, 0x00000000b8000000, 0x00000000d5580000)
  object space 917504K, 1% used [0x0000000080000000,0x0000000080d67588,0x00000000b8000000)
 Metaspace       used 20821K, capacity 21106K, committed 21248K, reserved 1069056K
  class space    used 2362K, capacity 2482K, committed 2560K, reserved 1048576K
}
Event: 4.105 GC heap before
{Heap before GC invocations=3 (full 1):
 PSYoungGen      total 611840K, used 445043K [0x00000000d5580000, 0x0000000100000000, 0x0000000100000000)
  eden space 524800K, 84% used [0x00000000d5580000,0x00000000f081cfb8,0x00000000f5600000)
  from space 87040K, 0% used [0x00000000f5600000,0x00000000f5600000,0x00000000fab00000)
  to   space 87040K, 0% used [0x00000000fab00000,0x00000000fab00000,0x0000000100000000)
 ParOldGen       total 917504K, used 13725K [0x0000000080000000, 0x00000000b8000000, 0x00000000d5580000)
  object space 917504K, 1% used [0x0000000080000000,0x0000000080d67588,0x00000000b8000000)
 Metaspace       used 34708K, capacity 35092K, committed 35416K, reserved 1081344K
  class space    used 3954K, capacity 4060K, committed 4096K, reserved 1048576K
Event: 4.143 GC heap after
Heap after GC invocations=3 (full 1):
 PSYoungGen      total 611840K, used 19228K [0x00000000d5580000, 0x0000000100000000, 0x0000000100000000)
  eden space 524800K, 0% used [0x00000000d5580000,0x00000000d5580000,0x00000000f5600000)
  from space 87040K, 22% used [0x00000000fab00000,0x00000000fbdc7058,0x0000000100000000)
  to   space 87040K, 0% used [0x00000000f5600000,0x00000000f5600000,0x00000000fab00000)
 ParOldGen       total 917504K, used 13725K [0x0000000080000000, 0x00000000b8000000, 0x00000000d5580000)
  object space 917504K, 1% used [0x0000000080000000,0x0000000080d67588,0x00000000b8000000)
 Metaspace       used 34708K, capacity 35092K, committed 35416K, reserved 1081344K
  class space    used 3954K, capacity 4060K, committed 4096K, reserved 1048576K
}
Event: 4.143 GC heap before
{Heap before GC invocations=4 (full 2):
 PSYoungGen      total 611840K, used 19228K [0x00000000d5580000, 0x0000000100000000, 0x0000000100000000)
  eden space 524800K, 0% used [0x00000000d5580000,0x00000000d5580000,0x00000000f5600000)
  from space 87040K, 22% used [0x00000000fab00000,0x00000000fbdc7058,0x0000000100000000)
  to   space 87040K, 0% used [0x00000000f5600000,0x00000000f5600000,0x00000000fab00000)
 ParOldGen       total 917504K, used 13725K [0x0000000080000000, 0x00000000b8000000, 0x00000000d5580000)
  object space 917504K, 1% used [0x0000000080000000,0x0000000080d67588,0x00000000b8000000)
 Metaspace       used 34708K, capacity 35092K, committed 35416K, reserved 1081344K
  class space    used 3954K, capacity 4060K, committed 4096K, reserved 1048576K
Event: 4.247 GC heap after
Heap after GC invocations=4 (full 2):
 PSYoungGen      total 611840K, used 0K [0x00000000d5580000, 0x0000000100000000, 0x0000000100000000)
  eden space 524800K, 0% used [0x00000000d5580000,0x00000000d5580000,0x00000000f5600000)
  from space 87040K, 0% used [0x00000000fab00000,0x00000000fab00000,0x0000000100000000)
  to   space 87040K, 0% used [0x00000000f5600000,0x00000000f5600000,0x00000000fab00000)
 ParOldGen       total 1398272K, used 23538K [0x0000000080000000, 0x00000000d5580000, 0x00000000d5580000)
  object space 1398272K, 1% used [0x0000000080000000,0x00000000816fcb00,0x00000000d5580000)
 Metaspace       used 34708K, capacity 35092K, committed 35416K, reserved 1081344K
  class space    used 3954K, capacity 4060K, committed 4096K, reserved 1048576K
}
Event: 11.181 GC heap before
{Heap before GC invocations=5 (full 2):
 PSYoungGen      total 611840K, used 510762K [0x00000000d5580000, 0x0000000100000000, 0x0000000100000000)
  eden space 524800K, 97% used [0x00000000d5580000,0x00000000f484a8c0,0x00000000f5600000)
  from space 87040K, 0% used [0x00000000fab00000,0x00000000fab00000,0x0000000100000000)
  to   space 87040K, 0% used [0x00000000f5600000,0x00000000f5600000,0x00000000fab00000)
 ParOldGen       total 1398272K, used 23538K [0x0000000080000000, 0x00000000d5580000, 0x00000000d5580000)
  object space 1398272K, 1% used [0x0000000080000000,0x00000000816fcb00,0x00000000d5580000)
 Metaspace       used 57450K, capacity 58866K, committed 59028K, reserved 1101824K
  class space    used 6625K, capacity 6871K, committed 6912K, reserved 1048576K
Event: 11.255 GC heap after
Heap after GC invocations=5 (full 2):
 PSYoungGen      total 611840K, used 33777K [0x00000000d5580000, 0x0000000100000000, 0x0000000100000000)
  eden space 524800K, 0% used [0x00000000d5580000,0x00000000d5580000,0x00000000f5600000)
  from space 87040K, 38% used [0x00000000f5600000,0x00000000f76fc538,0x00000000fab00000)
  to   space 87040K, 0% used [0x00000000fab00000,0x00000000fab00000,0x0000000100000000)
 ParOldGen       total 1398272K, used 23546K [0x0000000080000000, 0x00000000d5580000, 0x00000000d5580000)
  object space 1398272K, 1% used [0x0000000080000000,0x00000000816feb00,0x00000000d5580000)
 Metaspace       used 57450K, capacity 58866K, committed 59028K, reserved 1101824K
  class space    used 6625K, capacity 6871K, committed 6912K, reserved 1048576K
}
Event: 11.255 GC heap before
{Heap before GC invocations=6 (full 3):
 PSYoungGen      total 611840K, used 33777K [0x00000000d5580000, 0x0000000100000000, 0x0000000100000000)
  eden space 524800K, 0% used [0x00000000d5580000,0x00000000d5580000,0x00000000f5600000)
  from space 87040K, 38% used [0x00000000f5600000,0x00000000f76fc538,0x00000000fab00000)
  to   space 87040K, 0% used [0x00000000fab00000,0x00000000fab00000,0x0000000100000000)
 ParOldGen       total 1398272K, used 23546K [0x0000000080000000, 0x00000000d5580000, 0x00000000d5580000)
  object space 1398272K, 1% used [0x0000000080000000,0x00000000816feb00,0x00000000d5580000)
 Metaspace       used 57450K, capacity 58866K, committed 59028K, reserved 1101824K
  class space    used 6625K, capacity 6871K, committed 6912K, reserved 1048576K
Event: 11.544 GC heap after
Heap after GC invocations=6 (full 3):
 PSYoungGen      total 611840K, used 0K [0x00000000d5580000, 0x0000000100000000, 0x0000000100000000)
  eden space 524800K, 0% used [0x00000000d5580000,0x00000000d5580000,0x00000000f5600000)
  from space 87040K, 0% used [0x00000000f5600000,0x00000000f5600000,0x00000000fab00000)
  to   space 87040K, 0% used [0x00000000fab00000,0x00000000fab00000,0x0000000100000000)
 ParOldGen       total 1398272K, used 44378K [0x0000000080000000, 0x00000000d5580000, 0x00000000d5580000)
  object space 1398272K, 3% used [0x0000000080000000,0x0000000082b56a40,0x00000000d5580000)
 Metaspace       used 57412K, capacity 58774K, committed 59028K, reserved 1101824K
  class space    used 6612K, capacity 6849K, committed 6912K, reserved 1048576K
}

