# JRE version: OpenJDK Runtime Environment (8.0_212-b04) (build 1.8.0_212-b04)
# Java VM: OpenJDK 64-Bit Server VM (25.212-b04 mixed mode linux-amd64 compressed oops)
Heap:
 PSYoungGen      total 611840K, used 256975K [0x00000000d5580000, 0x0000000100000000, 0x0000000100000000)
  eden space 524800K, 48% used [0x00000000d5580000,0x00000000e5073ce8,0x00000000f5600000)
  from space 87040K, 0% used [0x00000000f5600000,0x00000000f5600000,0x00000000fab00000)
  to   space 87040K, 0% used [0x00000000fab00000,0x00000000fab00000,0x0000000100000000)
 ParOldGen       total 1398272K, used 40947K [0x0000000080000000, 0x00000000d5580000, 0x00000000d5580000)
  object space 1398272K, 2% used [0x0000000080000000,0x00000000827fcf68,0x00000000d5580000)
 Metaspace       used 63489K, capacity 66214K, committed 66560K, reserved 1107968K
  class space    used 7341K, capacity 7837K, committed 7936K, reserved 1048576K
GC Heap History (10 events):
Event: 2.235 GC heap before
{Heap before GC invocations=2 (full 1):
 PSYoungGen      total 611840K, used 14258K [0x00000000d5580000, 0x0000000100000000, 0x0000000100000000)
  eden space 524800K, 0% used [0x00000000d5580000,0x00000000d5580000,0x00000000f5600000)
  from space 87040K, 16% used [0x00000000f5600000,0x00000000f63eca60,0x00000000fab00000)
  to   space 87040K, 0% used [0x00000000fab00000,0x00000000fab00000,0x0000000100000000)
 ParOldGen       total 1398272K, used 72K [0x0000000080000000, 0x00000000d5580000, 0x00000000d5580000)
  object space 1398272K, 0% used [0x0000000080000000,0x0000000080012010,0x00000000d5580000)
 Metaspace       used 20784K, capacity 21016K, committed 21248K, reserved 1069056K
  class space    used 2363K, capacity 2475K, committed 2560K, reserved 1048576K
Event: 2.319 GC heap after
Heap after GC invocations=2 (full 1):
 PSYoungGen      total 611840K, used 0K [0x00000000d5580000, 0x0000000100000000, 0x0000000100000000)
  eden space 524800K, 0% used [0x00000000d5580000,0x00000000d5580000,0x00000000f5600000)
  from space 87040K, 0% used [0x00000000f5600000,0x00000000f5600000,0x00000000fab00000)
  to   space 87040K, 0% used [0x00000000fab00000,0x00000000fab00000,0x0000000100000000)
 ParOldGen       total 873472K, used 13727K [0x0000000080000000, 0x00000000b5500000, 0x00000000d5580000)
  object space 873472K, 1% used [0x0000000080000000,0x0000000080d67d70,0x00000000b5500000)
 Metaspace       used 20784K, capacity 21016K, committed 21248K, reserved 1069056K
  class space    used 2363K, capacity 2475K, committed 2560K, reserved 1048576K
}
Event: 4.645 GC heap before
{Heap before GC invocations=3 (full 1):
 PSYoungGen      total 611840K, used 456588K [0x00000000d5580000, 0x0000000100000000, 0x0000000100000000)
  eden space 524800K, 87% used [0x00000000d5580000,0x00000000f13633d0,0x00000000f5600000)
  from space 87040K, 0% used [0x00000000f5600000,0x00000000f5600000,0x00000000fab00000)
  to   space 87040K, 0% used [0x00000000fab00000,0x00000000fab00000,0x0000000100000000)
 ParOldGen       total 873472K, used 13727K [0x0000000080000000, 0x00000000b5500000, 0x00000000d5580000)
  object space 873472K, 1% used [0x0000000080000000,0x0000000080d67d70,0x00000000b5500000)
 Metaspace       used 34595K, capacity 34964K, committed 35416K, reserved 1081344K
  class space    used 3937K, capacity 4060K, committed 4096K, reserved 1048576K
Event: 4.689 GC heap after
Heap after GC invocations=3 (full 1):
 PSYoungGen      total 611840K, used 19143K [0x00000000d5580000, 0x0000000100000000, 0x0000000100000000)
  eden space 524800K, 0% used [0x00000000d5580000,0x00000000d5580000,0x00000000f5600000)
  from space 87040K, 21% used [0x00000000fab00000,0x00000000fbdb1da8,0x0000000100000000)
  to   space 87040K, 0% used [0x00000000f5600000,0x00000000f5600000,0x00000000fab00000)
 ParOldGen       total 873472K, used 13735K [0x0000000080000000, 0x00000000b5500000, 0x00000000d5580000)
  object space 873472K, 1% used [0x0000000080000000,0x0000000080d69d70,0x00000000b5500000)
 Metaspace       used 34595K, capacity 34964K, committed 35416K, reserved 1081344K
  class space    used 3937K, capacity 4060K, committed 4096K, reserved 1048576K
}
Event: 4.689 GC heap before
{Heap before GC invocations=4 (full 2):
 PSYoungGen      total 611840K, used 19143K [0x00000000d5580000, 0x0000000100000000, 0x0000000100000000)
  eden space 524800K, 0% used [0x00000000d5580000,0x00000000d5580000,0x00000000f5600000)
  from space 87040K, 21% used [0x00000000fab00000,0x00000000fbdb1da8,0x0000000100000000)
  to   space 87040K, 0% used [0x00000000f5600000,0x00000000f5600000,0x00000000fab00000)
 ParOldGen       total 873472K, used 13735K [0x0000000080000000, 0x00000000b5500000, 0x00000000d5580000)
  object space 873472K, 1% used [0x0000000080000000,0x0000000080d69d70,0x00000000b5500000)
 Metaspace       used 34595K, capacity 34964K, committed 35416K, reserved 1081344K
  class space    used 3937K, capacity 4060K, committed 4096K, reserved 1048576K
Event: 4.832 GC heap after
Heap after GC invocations=4 (full 2):
 PSYoungGen      total 611840K, used 0K [0x00000000d5580000, 0x0000000100000000, 0x0000000100000000)
  eden space 524800K, 0% used [0x00000000d5580000,0x00000000d5580000,0x00000000f5600000)
  from space 87040K, 0% used [0x00000000fab00000,0x00000000fab00000,0x0000000100000000)
  to   space 87040K, 0% used [0x00000000f5600000,0x00000000f5600000,0x00000000fab00000)
 ParOldGen       total 1398272K, used 23465K [0x0000000080000000, 0x00000000d5580000, 0x00000000d5580000)
  object space 1398272K, 1% used [0x0000000080000000,0x00000000816ea5a0,0x00000000d5580000)
 Metaspace       used 34595K, capacity 34964K, committed 35416K, reserved 1081344K
  class space    used 3937K, capacity 4060K, committed 4096K, reserved 1048576K
}
Event: 11.642 GC heap before
{Heap before GC invocations=5 (full 2):
 PSYoungGen      total 611840K, used 426789K [0x00000000d5580000, 0x0000000100000000, 0x0000000100000000)
  eden space 524800K, 81% used [0x00000000d5580000,0x00000000ef6496b0,0x00000000f5600000)
  from space 87040K, 0% used [0x00000000fab00000,0x00000000fab00000,0x0000000100000000)
  to   space 87040K, 0% used [0x00000000f5600000,0x00000000f5600000,0x00000000fab00000)
 ParOldGen       total 1398272K, used 23465K [0x0000000080000000, 0x00000000d5580000, 0x00000000d5580000)
  object space 1398272K, 1% used [0x0000000080000000,0x00000000816ea5a0,0x00000000d5580000)
 Metaspace       used 57408K, capacity 58812K, committed 59008K, reserved 1101824K
  class space    used 6655K, capacity 6926K, committed 7040K, reserved 1048576K
Event: 11.698 GC heap after
Heap after GC invocations=5 (full 2):
 PSYoungGen      total 611840K, used 30391K [0x00000000d5580000, 0x0000000100000000, 0x0000000100000000)
  eden space 524800K, 0% used [0x00000000d5580000,0x00000000d5580000,0x00000000f5600000)
  from space 87040K, 34% used [0x00000000f5600000,0x00000000f73add18,0x00000000fab00000)
  to   space 87040K, 0% used [0x00000000fab00000,0x00000000fab00000,0x0000000100000000)
 ParOldGen       total 1398272K, used 23473K [0x0000000080000000, 0x00000000d5580000, 0x00000000d5580000)
  object space 1398272K, 1% used [0x0000000080000000,0x00000000816ec5a0,0x00000000d5580000)
 Metaspace       used 57408K, capacity 58812K, committed 59008K, reserved 1101824K
  class space    used 6655K, capacity 6926K, committed 7040K, reserved 1048576K
}
Event: 11.698 GC heap before
{Heap before GC invocations=6 (full 3):
 PSYoungGen      total 611840K, used 30391K [0x00000000d5580000, 0x0000000100000000, 0x0000000100000000)
  eden space 524800K, 0% used [0x00000000d5580000,0x00000000d5580000,0x00000000f5600000)
  from space 87040K, 34% used [0x00000000f5600000,0x00000000f73add18,0x00000000fab00000)
  to   space 87040K, 0% used [0x00000000fab00000,0x00000000fab00000,0x0000000100000000)
 ParOldGen       total 1398272K, used 23473K [0x0000000080000000, 0x00000000d5580000, 0x00000000d5580000)
  object space 1398272K, 1% used [0x0000000080000000,0x00000000816ec5a0,0x00000000d5580000)
 Metaspace       used 57408K, capacity 58812K, committed 59008K, reserved 1101824K
  class space    used 6655K, capacity 6926K, committed 7040K, reserved 1048576K
Event: 11.940 GC heap after
Heap after GC invocations=6 (full 3):
 PSYoungGen      total 611840K, used 0K [0x00000000d5580000, 0x0000000100000000, 0x0000000100000000)
  eden space 524800K, 0% used [0x00000000d5580000,0x00000000d5580000,0x00000000f5600000)
  from space 87040K, 0% used [0x00000000f5600000,0x00000000f5600000,0x00000000fab00000)
  to   space 87040K, 0% used [0x00000000fab00000,0x00000000fab00000,0x0000000100000000)
 ParOldGen       total 1398272K, used 40947K [0x0000000080000000, 0x00000000d5580000, 0x00000000d5580000)
  object space 1398272K, 2% used [0x0000000080000000,0x00000000827fcf68,0x00000000d5580000)
 Metaspace       used 57384K, capacity 58750K, committed 59008K, reserved 1101824K
  class space    used 6646K, capacity 6911K, committed 7040K, reserved 1048576K
}

