# JRE version: OpenJDK Runtime Environment (8.0_212-b04) (build 1.8.0_212-b04)
# Java VM: OpenJDK 64-Bit Server VM (25.212-b04 mixed mode linux-amd64 compressed oops)
Heap:
 PSYoungGen      total 535040K, used 522730K [0x00000000d5580000, 0x0000000100000000, 0x0000000100000000)
  eden space 448000K, 97% used [0x00000000d5580000,0x00000000efefcc70,0x00000000f0b00000)
  from space 87040K, 99% used [0x00000000fab00000,0x00000000ffffde48,0x0000000100000000)
  to   space 125440K, 0% used [0x00000000f0b00000,0x00000000f0b00000,0x00000000f8580000)
 ParOldGen       total 1398272K, used 80318K [0x0000000080000000, 0x00000000d5580000, 0x00000000d5580000)
  object space 1398272K, 5% used [0x0000000080000000,0x0000000084e6fa88,0x00000000d5580000)
 Metaspace       used 71847K, capacity 75410K, committed 75648K, reserved 1116160K
  class space    used 7861K, capacity 8493K, committed 8576K, reserved 1048576K
GC Heap History (10 events):
Event: 11.022 GC heap before
{Heap before GC invocations=5 (full 2):
 PSYoungGen      total 611840K, used 457104K [0x00000000d5580000, 0x0000000100000000, 0x0000000100000000)
  eden space 524800K, 87% used [0x00000000d5580000,0x00000000f13e4158,0x00000000f5600000)
  from space 87040K, 0% used [0x00000000fab00000,0x00000000fab00000,0x0000000100000000)
  to   space 87040K, 0% used [0x00000000f5600000,0x00000000f5600000,0x00000000fab00000)
 ParOldGen       total 1397760K, used 23574K [0x0000000080000000, 0x00000000d5500000, 0x00000000d5580000)
  object space 1397760K, 1% used [0x0000000080000000,0x0000000081705b20,0x00000000d5500000)
 Metaspace       used 57478K, capacity 58900K, committed 59028K, reserved 1101824K
  class space    used 6659K, capacity 6906K, committed 6912K, reserved 1048576K
Event: 11.098 GC heap after
Heap after GC invocations=5 (full 2):
 PSYoungGen      total 611840K, used 30860K [0x00000000d5580000, 0x0000000100000000, 0x0000000100000000)
  eden space 524800K, 0% used [0x00000000d5580000,0x00000000d5580000,0x00000000f5600000)
  from space 87040K, 35% used [0x00000000f5600000,0x00000000f74233b8,0x00000000fab00000)
  to   space 87040K, 0% used [0x00000000fab00000,0x00000000fab00000,0x0000000100000000)
 ParOldGen       total 1397760K, used 23582K [0x0000000080000000, 0x00000000d5500000, 0x00000000d5580000)
  object space 1397760K, 1% used [0x0000000080000000,0x0000000081707b20,0x00000000d5500000)
 Metaspace       used 57478K, capacity 58900K, committed 59028K, reserved 1101824K
  class space    used 6659K, capacity 6906K, committed 6912K, reserved 1048576K
}
Event: 11.098 GC heap before
{Heap before GC invocations=6 (full 3):
 PSYoungGen      total 611840K, used 30860K [0x00000000d5580000, 0x0000000100000000, 0x0000000100000000)
  eden space 524800K, 0% used [0x00000000d5580000,0x00000000d5580000,0x00000000f5600000)
  from space 87040K, 35% used [0x00000000f5600000,0x00000000f74233b8,0x00000000fab00000)
  to   space 87040K, 0% used [0x00000000fab00000,0x00000000fab00000,0x0000000100000000)
 ParOldGen       total 1397760K, used 23582K [0x0000000080000000, 0x00000000d5500000, 0x00000000d5580000)
  object space 1397760K, 1% used [0x0000000080000000,0x0000000081707b20,0x00000000d5500000)
 Metaspace       used 57478K, capacity 58900K, committed 59028K, reserved 1101824K
  class space    used 6659K, capacity 6906K, committed 6912K, reserved 1048576K
Event: 11.368 GC heap after
Heap after GC invocations=6 (full 3):
 PSYoungGen      total 611840K, used 0K [0x00000000d5580000, 0x0000000100000000, 0x0000000100000000)
  eden space 524800K, 0% used [0x00000000d5580000,0x00000000d5580000,0x00000000f5600000)
  from space 87040K, 0% used [0x00000000f5600000,0x00000000f5600000,0x00000000fab00000)
  to   space 87040K, 0% used [0x00000000fab00000,0x00000000fab00000,0x0000000100000000)
 ParOldGen       total 1398272K, used 41541K [0x0000000080000000, 0x00000000d5580000, 0x00000000d5580000)
  object space 1398272K, 2% used [0x0000000080000000,0x0000000082891758,0x00000000d5580000)
 Metaspace       used 57445K, capacity 58816K, committed 59028K, reserved 1101824K
  class space    used 6647K, capacity 6886K, committed 6912K, reserved 1048576K
}
Event: 92.757 GC heap before
{Heap before GC invocations=7 (full 3):
 PSYoungGen      total 611840K, used 524800K [0x00000000d5580000, 0x0000000100000000, 0x0000000100000000)
  eden space 524800K, 100% used [0x00000000d5580000,0x00000000f5600000,0x00000000f5600000)
  from space 87040K, 0% used [0x00000000f5600000,0x00000000f5600000,0x00000000fab00000)
  to   space 87040K, 0% used [0x00000000fab00000,0x00000000fab00000,0x0000000100000000)
 ParOldGen       total 1398272K, used 41541K [0x0000000080000000, 0x00000000d5580000, 0x00000000d5580000)
  object space 1398272K, 2% used [0x0000000080000000,0x0000000082891758,0x00000000d5580000)
 Metaspace       used 65667K, capacity 68344K, committed 68480K, reserved 1110016K
  class space    used 7480K, capacity 7944K, committed 8064K, reserved 1048576K
Event: 92.889 GC heap after
Heap after GC invocations=7 (full 3):
 PSYoungGen      total 611840K, used 42620K [0x00000000d5580000, 0x0000000100000000, 0x0000000100000000)
  eden space 524800K, 0% used [0x00000000d5580000,0x00000000d5580000,0x00000000f5600000)
  from space 87040K, 48% used [0x00000000fab00000,0x00000000fd49f348,0x0000000100000000)
  to   space 87040K, 0% used [0x00000000f5600000,0x00000000f5600000,0x00000000fab00000)
 ParOldGen       total 1398272K, used 41549K [0x0000000080000000, 0x00000000d5580000, 0x00000000d5580000)
  object space 1398272K, 2% used [0x0000000080000000,0x0000000082893758,0x00000000d5580000)
 Metaspace       used 65667K, capacity 68344K, committed 68480K, reserved 1110016K
  class space    used 7480K, capacity 7944K, committed 8064K, reserved 1048576K
}
Event: 310.885 GC heap before
{Heap before GC invocations=8 (full 3):
 PSYoungGen      total 611840K, used 567420K [0x00000000d5580000, 0x0000000100000000, 0x0000000100000000)
  eden space 524800K, 100% used [0x00000000d5580000,0x00000000f5600000,0x00000000f5600000)
  from space 87040K, 48% used [0x00000000fab00000,0x00000000fd49f348,0x0000000100000000)
  to   space 87040K, 0% used [0x00000000f5600000,0x00000000f5600000,0x00000000fab00000)
 ParOldGen       total 1398272K, used 41549K [0x0000000080000000, 0x00000000d5580000, 0x00000000d5580000)
  object space 1398272K, 2% used [0x0000000080000000,0x0000000082893758,0x00000000d5580000)
 Metaspace       used 69287K, capacity 72260K, committed 72576K, reserved 1114112K
  class space    used 7707K, capacity 8244K, committed 8320K, reserved 1048576K
Event: 311.135 GC heap after
Heap after GC invocations=8 (full 3):
 PSYoungGen      total 611840K, used 87039K [0x00000000d5580000, 0x0000000100000000, 0x0000000100000000)
  eden space 524800K, 0% used [0x00000000d5580000,0x00000000d5580000,0x00000000f5600000)
  from space 87040K, 99% used [0x00000000f5600000,0x00000000faafff90,0x00000000fab00000)
  to   space 87040K, 0% used [0x00000000fab00000,0x00000000fab00000,0x0000000100000000)
 ParOldGen       total 1398272K, used 51813K [0x0000000080000000, 0x00000000d5580000, 0x00000000d5580000)
  object space 1398272K, 3% used [0x0000000080000000,0x0000000083299758,0x00000000d5580000)
 Metaspace       used 69287K, capacity 72260K, committed 72576K, reserved 1114112K
  class space    used 7707K, capacity 8244K, committed 8320K, reserved 1048576K
}
Event: 567.035 GC heap before
{Heap before GC invocations=9 (full 3):
 PSYoungGen      total 611840K, used 611839K [0x00000000d5580000, 0x0000000100000000, 0x0000000100000000)
  eden space 524800K, 100% used [0x00000000d5580000,0x00000000f5600000,0x00000000f5600000)
  from space 87040K, 99% used [0x00000000f5600000,0x00000000faafff90,0x00000000fab00000)
  to   space 87040K, 0% used [0x00000000fab00000,0x00000000fab00000,0x0000000100000000)
 ParOldGen       total 1398272K, used 51813K [0x0000000080000000, 0x00000000d5580000, 0x00000000d5580000)
  object space 1398272K, 3% used [0x0000000080000000,0x0000000083299758,0x00000000d5580000)
 Metaspace       used 70809K, capacity 74174K, committed 74240K, reserved 1116160K
  class space    used 7807K, capacity 8403K, committed 8448K, reserved 1048576K
Event: 567.267 GC heap after
Heap after GC invocations=9 (full 3):
 PSYoungGen      total 535040K, used 87031K [0x00000000d5580000, 0x0000000100000000, 0x0000000100000000)
  eden space 448000K, 0% used [0x00000000d5580000,0x00000000d5580000,0x00000000f0b00000)
  from space 87040K, 99% used [0x00000000fab00000,0x00000000ffffde48,0x0000000100000000)
  to   space 125440K, 0% used [0x00000000f0b00000,0x00000000f0b00000,0x00000000f8580000)
 ParOldGen       total 1398272K, used 80318K [0x0000000080000000, 0x00000000d5580000, 0x00000000d5580000)
  object space 1398272K, 5% used [0x0000000080000000,0x0000000084e6fa88,0x00000000d5580000)
 Metaspace       used 70809K, capacity 74174K, committed 74240K, reserved 1116160K
  class space    used 7807K, capacity 8403K, committed 8448K, reserved 1048576K
}

