# JRE version: OpenJDK Runtime Environment (8.0_212-b04) (build 1.8.0_212-b04)
# Java VM: OpenJDK 64-Bit Server VM (25.212-b04 mixed mode linux-amd64 compressed oops)
Heap:
 PSYoungGen      total 611840K, used 247448K [0x00000000d5580000, 0x0000000100000000, 0x0000000100000000)
  eden space 524800K, 47% used [0x00000000d5580000,0x00000000e4726058,0x00000000f5600000)
  from space 87040K, 0% used [0x00000000f5600000,0x00000000f5600000,0x00000000fab00000)
  to   space 87040K, 0% used [0x00000000fab00000,0x00000000fab00000,0x0000000100000000)
 ParOldGen       total 1398272K, used 44391K [0x0000000080000000, 0x00000000d5580000, 0x00000000d5580000)
  object space 1398272K, 3% used [0x0000000080000000,0x0000000082b59eb8,0x00000000d5580000)
 Metaspace       used 63909K, capacity 66580K, committed 66816K, reserved 1107968K
  class space    used 7388K, capacity 7900K, committed 7936K, reserved 1048576K
GC Heap History (10 events):
Event: 2.096 GC heap before
{Heap before GC invocations=2 (full 1):
 PSYoungGen      total 611840K, used 14266K [0x00000000d5580000, 0x0000000100000000, 0x0000000100000000)
  eden space 524800K, 0% used [0x00000000d5580000,0x00000000d5580000,0x00000000f5600000)
  from space 87040K, 16% used [0x00000000f5600000,0x00000000f63eeb50,0x00000000fab00000)
  to   space 87040K, 0% used [0x00000000fab00000,0x00000000fab00000,0x0000000100000000)
 ParOldGen       total 1398272K, used 80K [0x0000000080000000, 0x00000000d5580000, 0x00000000d5580000)
  object space 1398272K, 0% used [0x0000000080000000,0x0000000080014010,0x00000000d5580000)
 Metaspace       used 20819K, capacity 21106K, committed 21248K, reserved 1069056K
  class space    used 2369K, capacity 2482K, committed 2560K, reserved 1048576K
Event: 2.157 GC heap after
Heap after GC invocations=2 (full 1):
 PSYoungGen      total 611840K, used 0K [0x00000000d5580000, 0x0000000100000000, 0x0000000100000000)
  eden space 524800K, 0% used [0x00000000d5580000,0x00000000d5580000,0x00000000f5600000)
  from space 87040K, 0% used [0x00000000f5600000,0x00000000f5600000,0x00000000fab00000)
  to   space 87040K, 0% used [0x00000000fab00000,0x00000000fab00000,0x0000000100000000)
 ParOldGen       total 844288K, used 13735K [0x0000000080000000, 0x00000000b3880000, 0x00000000d5580000)
  object space 844288K, 1% used [0x0000000080000000,0x0000000080d69d48,0x00000000b3880000)
 Metaspace       used 20819K, capacity 21106K, committed 21248K, reserved 1069056K
  class space    used 2369K, capacity 2482K, committed 2560K, reserved 1048576K
}
Event: 4.248 GC heap before
{Heap before GC invocations=3 (full 1):
 PSYoungGen      total 611840K, used 434547K [0x00000000d5580000, 0x0000000100000000, 0x0000000100000000)
  eden space 524800K, 82% used [0x00000000d5580000,0x00000000efddcc60,0x00000000f5600000)
  from space 87040K, 0% used [0x00000000f5600000,0x00000000f5600000,0x00000000fab00000)
  to   space 87040K, 0% used [0x00000000fab00000,0x00000000fab00000,0x0000000100000000)
 ParOldGen       total 844288K, used 13735K [0x0000000080000000, 0x00000000b3880000, 0x00000000d5580000)
  object space 844288K, 1% used [0x0000000080000000,0x0000000080d69d48,0x00000000b3880000)
 Metaspace       used 34795K, capacity 35188K, committed 35416K, reserved 1081344K
  class space    used 3968K, capacity 4092K, committed 4096K, reserved 1048576K
Event: 4.284 GC heap after
Heap after GC invocations=3 (full 1):
 PSYoungGen      total 611840K, used 19293K [0x00000000d5580000, 0x0000000100000000, 0x0000000100000000)
  eden space 524800K, 0% used [0x00000000d5580000,0x00000000d5580000,0x00000000f5600000)
  from space 87040K, 22% used [0x00000000fab00000,0x00000000fbdd75b8,0x0000000100000000)
  to   space 87040K, 0% used [0x00000000f5600000,0x00000000f5600000,0x00000000fab00000)
 ParOldGen       total 844288K, used 13743K [0x0000000080000000, 0x00000000b3880000, 0x00000000d5580000)
  object space 844288K, 1% used [0x0000000080000000,0x0000000080d6bd48,0x00000000b3880000)
 Metaspace       used 34795K, capacity 35188K, committed 35416K, reserved 1081344K
  class space    used 3968K, capacity 4092K, committed 4096K, reserved 1048576K
}
Event: 4.284 GC heap before
{Heap before GC invocations=4 (full 2):
 PSYoungGen      total 611840K, used 19293K [0x00000000d5580000, 0x0000000100000000, 0x0000000100000000)
  eden space 524800K, 0% used [0x00000000d5580000,0x00000000d5580000,0x00000000f5600000)
  from space 87040K, 22% used [0x00000000fab00000,0x00000000fbdd75b8,0x0000000100000000)
  to   space 87040K, 0% used [0x00000000f5600000,0x00000000f5600000,0x00000000fab00000)
 ParOldGen       total 844288K, used 13743K [0x0000000080000000, 0x00000000b3880000, 0x00000000d5580000)
  object space 844288K, 1% used [0x0000000080000000,0x0000000080d6bd48,0x00000000b3880000)
 Metaspace       used 34795K, capacity 35188K, committed 35416K, reserved 1081344K
  class space    used 3968K, capacity 4092K, committed 4096K, reserved 1048576K
Event: 4.393 GC heap after
Heap after GC invocations=4 (full 2):
 PSYoungGen      total 611840K, used 0K [0x00000000d5580000, 0x0000000100000000, 0x0000000100000000)
  eden space 524800K, 0% used [0x00000000d5580000,0x00000000d5580000,0x00000000f5600000)
  from space 87040K, 0% used [0x00000000fab00000,0x00000000fab00000,0x0000000100000000)
  to   space 87040K, 0% used [0x00000000f5600000,0x00000000f5600000,0x00000000fab00000)
 ParOldGen       total 1398272K, used 23555K [0x0000000080000000, 0x00000000d5580000, 0x00000000d5580000)
  object space 1398272K, 1% used [0x0000000080000000,0x0000000081700f58,0x00000000d5580000)
 Metaspace       used 34795K, capacity 35188K, committed 35416K, reserved 1081344K
  class space    used 3968K, capacity 4092K, committed 4096K, reserved 1048576K
}
Event: 11.561 GC heap before
{Heap before GC invocations=5 (full 2):
 PSYoungGen      total 611840K, used 487777K [0x00000000d5580000, 0x0000000100000000, 0x0000000100000000)
  eden space 524800K, 92% used [0x00000000d5580000,0x00000000f31d8720,0x00000000f5600000)
  from space 87040K, 0% used [0x00000000fab00000,0x00000000fab00000,0x0000000100000000)
  to   space 87040K, 0% used [0x00000000f5600000,0x00000000f5600000,0x00000000fab00000)
 ParOldGen       total 1398272K, used 23555K [0x0000000080000000, 0x00000000d5580000, 0x00000000d5580000)
  object space 1398272K, 1% used [0x0000000080000000,0x0000000081700f58,0x00000000d5580000)
 Metaspace       used 57452K, capacity 58890K, committed 59028K, reserved 1101824K
  class space    used 6629K, capacity 6901K, committed 6912K, reserved 1048576K
Event: 11.629 GC heap after
Heap after GC invocations=5 (full 2):
 PSYoungGen      total 611840K, used 33841K [0x00000000d5580000, 0x0000000100000000, 0x0000000100000000)
  eden space 524800K, 0% used [0x00000000d5580000,0x00000000d5580000,0x00000000f5600000)
  from space 87040K, 38% used [0x00000000f5600000,0x00000000f770c520,0x00000000fab00000)
  to   space 87040K, 0% used [0x00000000fab00000,0x00000000fab00000,0x0000000100000000)
 ParOldGen       total 1398272K, used 23563K [0x0000000080000000, 0x00000000d5580000, 0x00000000d5580000)
  object space 1398272K, 1% used [0x0000000080000000,0x0000000081702f58,0x00000000d5580000)
 Metaspace       used 57452K, capacity 58890K, committed 59028K, reserved 1101824K
  class space    used 6629K, capacity 6901K, committed 6912K, reserved 1048576K
}
Event: 11.629 GC heap before
{Heap before GC invocations=6 (full 3):
 PSYoungGen      total 611840K, used 33841K [0x00000000d5580000, 0x0000000100000000, 0x0000000100000000)
  eden space 524800K, 0% used [0x00000000d5580000,0x00000000d5580000,0x00000000f5600000)
  from space 87040K, 38% used [0x00000000f5600000,0x00000000f770c520,0x00000000fab00000)
  to   space 87040K, 0% used [0x00000000fab00000,0x00000000fab00000,0x0000000100000000)
 ParOldGen       total 1398272K, used 23563K [0x0000000080000000, 0x00000000d5580000, 0x00000000d5580000)
  object space 1398272K, 1% used [0x0000000080000000,0x0000000081702f58,0x00000000d5580000)
 Metaspace       used 57452K, capacity 58890K, committed 59028K, reserved 1101824K
  class space    used 6629K, capacity 6901K, committed 6912K, reserved 1048576K
Event: 11.886 GC heap after
Heap after GC invocations=6 (full 3):
 PSYoungGen      total 611840K, used 0K [0x00000000d5580000, 0x0000000100000000, 0x0000000100000000)
  eden space 524800K, 0% used [0x00000000d5580000,0x00000000d5580000,0x00000000f5600000)
  from space 87040K, 0% used [0x00000000f5600000,0x00000000f5600000,0x00000000fab00000)
  to   space 87040K, 0% used [0x00000000fab00000,0x00000000fab00000,0x0000000100000000)
 ParOldGen       total 1398272K, used 44391K [0x0000000080000000, 0x00000000d5580000, 0x00000000d5580000)
  object space 1398272K, 3% used [0x0000000080000000,0x0000000082b59eb8,0x00000000d5580000)
 Metaspace       used 57419K, capacity 58804K, committed 59028K, reserved 1101824K
  class space    used 6618K, capacity 6882K, committed 6912K, reserved 1048576K
}

