# JRE version: OpenJDK Runtime Environment (8.0_212-b04) (build 1.8.0_212-b04)
# Java VM: OpenJDK 64-Bit Server VM (25.212-b04 mixed mode linux-amd64 compressed oops)
Heap:
 PSYoungGen      total 611840K, used 216862K [0x00000000d5580000, 0x0000000100000000, 0x0000000100000000)
  eden space 524800K, 41% used [0x00000000d5580000,0x00000000e2947888,0x00000000f5600000)
  from space 87040K, 0% used [0x00000000f5600000,0x00000000f5600000,0x00000000fab00000)
  to   space 87040K, 0% used [0x00000000fab00000,0x00000000fab00000,0x0000000100000000)
 ParOldGen       total 1398272K, used 44400K [0x0000000080000000, 0x00000000d5580000, 0x00000000d5580000)
  object space 1398272K, 3% used [0x0000000080000000,0x0000000082b5c220,0x00000000d5580000)
 Metaspace       used 63765K, capacity 66526K, committed 66816K, reserved 1107968K
  class space    used 7366K, capacity 7861K, committed 7936K, reserved 1048576K
GC Heap History (10 events):
Event: 2.221 GC heap before
{Heap before GC invocations=2 (full 1):
 PSYoungGen      total 611840K, used 14396K [0x00000000d5580000, 0x0000000100000000, 0x0000000100000000)
  eden space 524800K, 0% used [0x00000000d5580000,0x00000000d5580000,0x00000000f5600000)
  from space 87040K, 16% used [0x00000000f5600000,0x00000000f640f3d0,0x00000000fab00000)
  to   space 87040K, 0% used [0x00000000fab00000,0x00000000fab00000,0x0000000100000000)
 ParOldGen       total 1398272K, used 80K [0x0000000080000000, 0x00000000d5580000, 0x00000000d5580000)
  object space 1398272K, 0% used [0x0000000080000000,0x0000000080014010,0x00000000d5580000)
 Metaspace       used 20878K, capacity 21106K, committed 21248K, reserved 1069056K
  class space    used 2379K, capacity 2482K, committed 2560K, reserved 1048576K
Event: 2.309 GC heap after
Heap after GC invocations=2 (full 1):
 PSYoungGen      total 611840K, used 0K [0x00000000d5580000, 0x0000000100000000, 0x0000000100000000)
  eden space 524800K, 0% used [0x00000000d5580000,0x00000000d5580000,0x00000000f5600000)
  from space 87040K, 0% used [0x00000000f5600000,0x00000000f5600000,0x00000000fab00000)
  to   space 87040K, 0% used [0x00000000fab00000,0x00000000fab00000,0x0000000100000000)
 ParOldGen       total 866816K, used 13830K [0x0000000080000000, 0x00000000b4e80000, 0x00000000d5580000)
  object space 866816K, 1% used [0x0000000080000000,0x0000000080d81b60,0x00000000b4e80000)
 Metaspace       used 20878K, capacity 21106K, committed 21248K, reserved 1069056K
  class space    used 2379K, capacity 2482K, committed 2560K, reserved 1048576K
}
Event: 4.679 GC heap before
{Heap before GC invocations=3 (full 1):
 PSYoungGen      total 611840K, used 424051K [0x00000000d5580000, 0x0000000100000000, 0x0000000100000000)
  eden space 524800K, 80% used [0x00000000d5580000,0x00000000ef39cd98,0x00000000f5600000)
  from space 87040K, 0% used [0x00000000f5600000,0x00000000f5600000,0x00000000fab00000)
  to   space 87040K, 0% used [0x00000000fab00000,0x00000000fab00000,0x0000000100000000)
 ParOldGen       total 866816K, used 13830K [0x0000000080000000, 0x00000000b4e80000, 0x00000000d5580000)
  object space 866816K, 1% used [0x0000000080000000,0x0000000080d81b60,0x00000000b4e80000)
 Metaspace       used 34723K, capacity 35124K, committed 35416K, reserved 1081344K
  class space    used 3965K, capacity 4092K, committed 4096K, reserved 1048576K
Event: 4.714 GC heap after
Heap after GC invocations=3 (full 1):
 PSYoungGen      total 611840K, used 19115K [0x00000000d5580000, 0x0000000100000000, 0x0000000100000000)
  eden space 524800K, 0% used [0x00000000d5580000,0x00000000d5580000,0x00000000f5600000)
  from space 87040K, 21% used [0x00000000fab00000,0x00000000fbdaade0,0x0000000100000000)
  to   space 87040K, 0% used [0x00000000f5600000,0x00000000f5600000,0x00000000fab00000)
 ParOldGen       total 866816K, used 13838K [0x0000000080000000, 0x00000000b4e80000, 0x00000000d5580000)
  object space 866816K, 1% used [0x0000000080000000,0x0000000080d83b60,0x00000000b4e80000)
 Metaspace       used 34723K, capacity 35124K, committed 35416K, reserved 1081344K
  class space    used 3965K, capacity 4092K, committed 4096K, reserved 1048576K
}
Event: 4.714 GC heap before
{Heap before GC invocations=4 (full 2):
 PSYoungGen      total 611840K, used 19115K [0x00000000d5580000, 0x0000000100000000, 0x0000000100000000)
  eden space 524800K, 0% used [0x00000000d5580000,0x00000000d5580000,0x00000000f5600000)
  from space 87040K, 21% used [0x00000000fab00000,0x00000000fbdaade0,0x0000000100000000)
  to   space 87040K, 0% used [0x00000000f5600000,0x00000000f5600000,0x00000000fab00000)
 ParOldGen       total 866816K, used 13838K [0x0000000080000000, 0x00000000b4e80000, 0x00000000d5580000)
  object space 866816K, 1% used [0x0000000080000000,0x0000000080d83b60,0x00000000b4e80000)
 Metaspace       used 34723K, capacity 35124K, committed 35416K, reserved 1081344K
  class space    used 3965K, capacity 4092K, committed 4096K, reserved 1048576K
Event: 4.821 GC heap after
Heap after GC invocations=4 (full 2):
 PSYoungGen      total 611840K, used 0K [0x00000000d5580000, 0x0000000100000000, 0x0000000100000000)
  eden space 524800K, 0% used [0x00000000d5580000,0x00000000d5580000,0x00000000f5600000)
  from space 87040K, 0% used [0x00000000fab00000,0x00000000fab00000,0x0000000100000000)
  to   space 87040K, 0% used [0x00000000f5600000,0x00000000f5600000,0x00000000fab00000)
 ParOldGen       total 1398272K, used 23478K [0x0000000080000000, 0x00000000d5580000, 0x00000000d5580000)
  object space 1398272K, 1% used [0x0000000080000000,0x00000000816ed948,0x00000000d5580000)
 Metaspace       used 34723K, capacity 35124K, committed 35416K, reserved 1081344K
  class space    used 3965K, capacity 4092K, committed 4096K, reserved 1048576K
}
Event: 12.028 GC heap before
{Heap before GC invocations=5 (full 2):
 PSYoungGen      total 611840K, used 519215K [0x00000000d5580000, 0x0000000100000000, 0x0000000100000000)
  eden space 524800K, 98% used [0x00000000d5580000,0x00000000f508bca0,0x00000000f5600000)
  from space 87040K, 0% used [0x00000000fab00000,0x00000000fab00000,0x0000000100000000)
  to   space 87040K, 0% used [0x00000000f5600000,0x00000000f5600000,0x00000000fab00000)
 ParOldGen       total 1398272K, used 23478K [0x0000000080000000, 0x00000000d5580000, 0x00000000d5580000)
  object space 1398272K, 1% used [0x0000000080000000,0x00000000816ed948,0x00000000d5580000)
 Metaspace       used 57487K, capacity 58932K, committed 59028K, reserved 1101824K
  class space    used 6639K, capacity 6912K, committed 6912K, reserved 1048576K
Event: 12.116 GC heap after
Heap after GC invocations=5 (full 2):
 PSYoungGen      total 611840K, used 33895K [0x00000000d5580000, 0x0000000100000000, 0x0000000100000000)
  eden space 524800K, 0% used [0x00000000d5580000,0x00000000d5580000,0x00000000f5600000)
  from space 87040K, 38% used [0x00000000f5600000,0x00000000f7719e70,0x00000000fab00000)
  to   space 87040K, 0% used [0x00000000fab00000,0x00000000fab00000,0x0000000100000000)
 ParOldGen       total 1398272K, used 23486K [0x0000000080000000, 0x00000000d5580000, 0x00000000d5580000)
  object space 1398272K, 1% used [0x0000000080000000,0x00000000816ef948,0x00000000d5580000)
 Metaspace       used 57487K, capacity 58932K, committed 59028K, reserved 1101824K
  class space    used 6639K, capacity 6912K, committed 6912K, reserved 1048576K
}
Event: 12.116 GC heap before
{Heap before GC invocations=6 (full 3):
 PSYoungGen      total 611840K, used 33895K [0x00000000d5580000, 0x0000000100000000, 0x0000000100000000)
  eden space 524800K, 0% used [0x00000000d5580000,0x00000000d5580000,0x00000000f5600000)
  from space 87040K, 38% used [0x00000000f5600000,0x00000000f7719e70,0x00000000fab00000)
  to   space 87040K, 0% used [0x00000000fab00000,0x00000000fab00000,0x0000000100000000)
 ParOldGen       total 1398272K, used 23486K [0x0000000080000000, 0x00000000d5580000, 0x00000000d5580000)
  object space 1398272K, 1% used [0x0000000080000000,0x00000000816ef948,0x00000000d5580000)
 Metaspace       used 57487K, capacity 58932K, committed 59028K, reserved 1101824K
  class space    used 6639K, capacity 6912K, committed 6912K, reserved 1048576K
Event: 12.419 GC heap after
Heap after GC invocations=6 (full 3):
 PSYoungGen      total 611840K, used 0K [0x00000000d5580000, 0x0000000100000000, 0x0000000100000000)
  eden space 524800K, 0% used [0x00000000d5580000,0x00000000d5580000,0x00000000f5600000)
  from space 87040K, 0% used [0x00000000f5600000,0x00000000f5600000,0x00000000fab00000)
  to   space 87040K, 0% used [0x00000000fab00000,0x00000000fab00000,0x0000000100000000)
 ParOldGen       total 1398272K, used 44400K [0x0000000080000000, 0x00000000d5580000, 0x00000000d5580000)
  object space 1398272K, 3% used [0x0000000080000000,0x0000000082b5c220,0x00000000d5580000)
 Metaspace       used 57437K, capacity 58808K, committed 59028K, reserved 1101824K
  class space    used 6621K, capacity 6882K, committed 6912K, reserved 1048576K
}

