# JRE version: OpenJDK Runtime Environment (8.0_212-b04) (build 1.8.0_212-b04)
# Java VM: OpenJDK 64-Bit Server VM (25.212-b04 mixed mode linux-amd64 compressed oops)
Heap:
 PSYoungGen      total 465920K, used 346692K [0x00000000d5580000, 0x0000000100000000, 0x0000000100000000)
  eden space 295936K, 59% used [0x00000000d5580000,0x00000000e0244df8,0x00000000e7680000)
  from space 169984K, 99% used [0x00000000e7900000,0x00000000f1ecc5f0,0x00000000f1f00000)
  to   space 222720K, 0% used [0x00000000f2680000,0x00000000f2680000,0x0000000100000000)
 ParOldGen       total 1398272K, used 110117K [0x0000000080000000, 0x00000000d5580000, 0x00000000d5580000)
  object space 1398272K, 7% used [0x0000000080000000,0x0000000086b89680,0x00000000d5580000)
 Metaspace       used 69650K, capacity 72680K, committed 72704K, reserved 1114112K
  class space    used 7654K, capacity 8176K, committed 8192K, reserved 1048576K
GC Heap History (10 events):
Event: 232.739 GC heap before
{Heap before GC invocations=8 (full 3):
 PSYoungGen      total 611840K, used 587033K [0x00000000d5580000, 0x0000000100000000, 0x0000000100000000)
  eden space 524800K, 100% used [0x00000000d5580000,0x00000000f5600000,0x00000000f5600000)
  from space 87040K, 71% used [0x00000000fab00000,0x00000000fe7c6568,0x0000000100000000)
  to   space 87040K, 0% used [0x00000000f5600000,0x00000000f5600000,0x00000000fab00000)
 ParOldGen       total 1398272K, used 41937K [0x0000000080000000, 0x00000000d5580000, 0x00000000d5580000)
  object space 1398272K, 2% used [0x0000000080000000,0x00000000828f44a0,0x00000000d5580000)
 Metaspace       used 67953K, capacity 70882K, committed 71168K, reserved 1112064K
  class space    used 7618K, capacity 8109K, committed 8192K, reserved 1048576K
Event: 232.899 GC heap after
Heap after GC invocations=8 (full 3):
 PSYoungGen      total 611840K, used 87020K [0x00000000d5580000, 0x0000000100000000, 0x0000000100000000)
  eden space 524800K, 0% used [0x00000000d5580000,0x00000000d5580000,0x00000000f5600000)
  from space 87040K, 99% used [0x00000000f5600000,0x00000000faafb270,0x00000000fab00000)
  to   space 87040K, 0% used [0x00000000fab00000,0x00000000fab00000,0x0000000100000000)
 ParOldGen       total 1398272K, used 56734K [0x0000000080000000, 0x00000000d5580000, 0x00000000d5580000)
  object space 1398272K, 4% used [0x0000000080000000,0x00000000837679a8,0x00000000d5580000)
 Metaspace       used 67953K, capacity 70882K, committed 71168K, reserved 1112064K
  class space    used 7618K, capacity 8109K, committed 8192K, reserved 1048576K
}
Event: 362.729 GC heap before
{Heap before GC invocations=9 (full 3):
 PSYoungGen      total 611840K, used 611820K [0x00000000d5580000, 0x0000000100000000, 0x0000000100000000)
  eden space 524800K, 100% used [0x00000000d5580000,0x00000000f5600000,0x00000000f5600000)
  from space 87040K, 99% used [0x00000000f5600000,0x00000000faafb270,0x00000000fab00000)
  to   space 87040K, 0% used [0x00000000fab00000,0x00000000fab00000,0x0000000100000000)
 ParOldGen       total 1398272K, used 56734K [0x0000000080000000, 0x00000000d5580000, 0x00000000d5580000)
  object space 1398272K, 4% used [0x0000000080000000,0x00000000837679a8,0x00000000d5580000)
 Metaspace       used 68500K, capacity 71434K, committed 71680K, reserved 1112064K
  class space    used 7628K, capacity 8125K, committed 8192K, reserved 1048576K
Event: 362.908 GC heap after
Heap after GC invocations=9 (full 3):
 PSYoungGen      total 487936K, used 87023K [0x00000000d5580000, 0x0000000100000000, 0x0000000100000000)
  eden space 400896K, 0% used [0x00000000d5580000,0x00000000d5580000,0x00000000edd00000)
  from space 87040K, 99% used [0x00000000fab00000,0x00000000ffffbf68,0x0000000100000000)
  to   space 148992K, 0% used [0x00000000edd00000,0x00000000edd00000,0x00000000f6e80000)
 ParOldGen       total 1398272K, used 110093K [0x0000000080000000, 0x00000000d5580000, 0x00000000d5580000)
  object space 1398272K, 7% used [0x0000000080000000,0x0000000086b83680,0x00000000d5580000)
 Metaspace       used 68500K, capacity 71434K, committed 71680K, reserved 1112064K
  class space    used 7628K, capacity 8125K, committed 8192K, reserved 1048576K
}
Event: 452.745 GC heap before
{Heap before GC invocations=10 (full 3):
 PSYoungGen      total 487936K, used 487919K [0x00000000d5580000, 0x0000000100000000, 0x0000000100000000)
  eden space 400896K, 100% used [0x00000000d5580000,0x00000000edd00000,0x00000000edd00000)
  from space 87040K, 99% used [0x00000000fab00000,0x00000000ffffbf68,0x0000000100000000)
  to   space 148992K, 0% used [0x00000000edd00000,0x00000000edd00000,0x00000000f6e80000)
 ParOldGen       total 1398272K, used 110093K [0x0000000080000000, 0x00000000d5580000, 0x00000000d5580000)
  object space 1398272K, 7% used [0x0000000080000000,0x0000000086b83680,0x00000000d5580000)
 Metaspace       used 69020K, capacity 72034K, committed 72192K, reserved 1114112K
  class space    used 7635K, capacity 8131K, committed 8192K, reserved 1048576K
Event: 452.890 GC heap after
Heap after GC invocations=10 (full 3):
 PSYoungGen      total 531456K, used 134467K [0x00000000d5580000, 0x0000000100000000, 0x0000000100000000)
  eden space 396800K, 0% used [0x00000000d5580000,0x00000000d5580000,0x00000000ed900000)
  from space 134656K, 99% used [0x00000000edd00000,0x00000000f6050da8,0x00000000f6080000)
  to   space 163328K, 0% used [0x00000000f6080000,0x00000000f6080000,0x0000000100000000)
 ParOldGen       total 1398272K, used 110101K [0x0000000080000000, 0x00000000d5580000, 0x00000000d5580000)
  object space 1398272K, 7% used [0x0000000080000000,0x0000000086b85680,0x00000000d5580000)
 Metaspace       used 69020K, capacity 72034K, committed 72192K, reserved 1114112K
  class space    used 7635K, capacity 8131K, committed 8192K, reserved 1048576K
}
Event: 552.706 GC heap before
{Heap before GC invocations=11 (full 3):
 PSYoungGen      total 531456K, used 531267K [0x00000000d5580000, 0x0000000100000000, 0x0000000100000000)
  eden space 396800K, 100% used [0x00000000d5580000,0x00000000ed900000,0x00000000ed900000)
  from space 134656K, 99% used [0x00000000edd00000,0x00000000f6050da8,0x00000000f6080000)
  to   space 163328K, 0% used [0x00000000f6080000,0x00000000f6080000,0x0000000100000000)
 ParOldGen       total 1398272K, used 110101K [0x0000000080000000, 0x00000000d5580000, 0x00000000d5580000)
  object space 1398272K, 7% used [0x0000000080000000,0x0000000086b85680,0x00000000d5580000)
 Metaspace       used 69318K, capacity 72314K, committed 72448K, reserved 1114112K
  class space    used 7635K, capacity 8131K, committed 8192K, reserved 1048576K
Event: 552.888 GC heap after
Heap after GC invocations=11 (full 3):
 PSYoungGen      total 461824K, used 160455K [0x00000000d5580000, 0x0000000100000000, 0x0000000100000000)
  eden space 298496K, 0% used [0x00000000d5580000,0x00000000d5580000,0x00000000e7900000)
  from space 163328K, 98% used [0x00000000f6080000,0x00000000ffd31f98,0x0000000100000000)
  to   space 200192K, 0% used [0x00000000e7900000,0x00000000e7900000,0x00000000f3c80000)
 ParOldGen       total 1398272K, used 110109K [0x0000000080000000, 0x00000000d5580000, 0x00000000d5580000)
  object space 1398272K, 7% used [0x0000000080000000,0x0000000086b87680,0x00000000d5580000)
 Metaspace       used 69318K, capacity 72314K, committed 72448K, reserved 1114112K
  class space    used 7635K, capacity 8131K, committed 8192K, reserved 1048576K
}
Event: 619.670 GC heap before
{Heap before GC invocations=12 (full 3):
 PSYoungGen      total 461824K, used 458138K [0x00000000d5580000, 0x0000000100000000, 0x0000000100000000)
  eden space 298496K, 99% used [0x00000000d5580000,0x00000000e7834a10,0x00000000e7900000)
  from space 163328K, 98% used [0x00000000f6080000,0x00000000ffd31f98,0x0000000100000000)
  to   space 200192K, 0% used [0x00000000e7900000,0x00000000e7900000,0x00000000f3c80000)
 ParOldGen       total 1398272K, used 110109K [0x0000000080000000, 0x00000000d5580000, 0x00000000d5580000)
  object space 1398272K, 7% used [0x0000000080000000,0x0000000086b87680,0x00000000d5580000)
 Metaspace       used 69596K, capacity 72604K, committed 72704K, reserved 1114112K
  class space    used 7653K, capacity 8174K, committed 8192K, reserved 1048576K
Event: 619.863 GC heap after
Heap after GC invocations=12 (full 3):
 PSYoungGen      total 465920K, used 169777K [0x00000000d5580000, 0x0000000100000000, 0x0000000100000000)
  eden space 295936K, 0% used [0x00000000d5580000,0x00000000d5580000,0x00000000e7680000)
  from space 169984K, 99% used [0x00000000e7900000,0x00000000f1ecc5f0,0x00000000f1f00000)
  to   space 222720K, 0% used [0x00000000f2680000,0x00000000f2680000,0x0000000100000000)
 ParOldGen       total 1398272K, used 110117K [0x0000000080000000, 0x00000000d5580000, 0x00000000d5580000)
  object space 1398272K, 7% used [0x0000000080000000,0x0000000086b89680,0x00000000d5580000)
 Metaspace       used 69596K, capacity 72604K, committed 72704K, reserved 1114112K
  class space    used 7653K, capacity 8174K, committed 8192K, reserved 1048576K
}

