# JRE version: OpenJDK Runtime Environment (8.0_212-b04) (build 1.8.0_212-b04)
# Java VM: OpenJDK 64-Bit Server VM (25.212-b04 mixed mode linux-amd64 compressed oops)
Heap:
 PSYoungGen      total 593920K, used 109974K [0x00000000d5580000, 0x0000000100000000, 0x0000000100000000)
  eden space 524800K, 7% used [0x00000000d5580000,0x00000000d7de3cd0,0x00000000f5600000)
  from space 69120K, 99% used [0x00000000f5600000,0x00000000f9901b50,0x00000000f9980000)
  to   space 93696K, 0% used [0x00000000fa480000,0x00000000fa480000,0x0000000100000000)
 ParOldGen       total 1398272K, used 44449K [0x0000000080000000, 0x00000000d5580000, 0x00000000d5580000)
  object space 1398272K, 3% used [0x0000000080000000,0x0000000082b68690,0x00000000d5580000)
 Metaspace       used 65989K, capacity 69076K, committed 69248K, reserved 1110016K
  class space    used 7487K, capacity 8018K, committed 8064K, reserved 1048576K
GC Heap History (10 events):
Event: 4.895 GC heap before
{Heap before GC invocations=4 (full 2):
 PSYoungGen      total 611840K, used 19243K [0x00000000d5580000, 0x0000000100000000, 0x0000000100000000)
  eden space 524800K, 0% used [0x00000000d5580000,0x00000000d5580000,0x00000000f5600000)
  from space 87040K, 22% used [0x00000000fab00000,0x00000000fbdcaf20,0x0000000100000000)
  to   space 87040K, 0% used [0x00000000f5600000,0x00000000f5600000,0x00000000fab00000)
 ParOldGen       total 906752K, used 13725K [0x0000000080000000, 0x00000000b7580000, 0x00000000d5580000)
  object space 906752K, 1% used [0x0000000080000000,0x0000000080d67608,0x00000000b7580000)
 Metaspace       used 34791K, capacity 35156K, committed 35416K, reserved 1081344K
  class space    used 3962K, capacity 4060K, committed 4096K, reserved 1048576K
Event: 5.021 GC heap after
Heap after GC invocations=4 (full 2):
 PSYoungGen      total 611840K, used 0K [0x00000000d5580000, 0x0000000100000000, 0x0000000100000000)
  eden space 524800K, 0% used [0x00000000d5580000,0x00000000d5580000,0x00000000f5600000)
  from space 87040K, 0% used [0x00000000fab00000,0x00000000fab00000,0x0000000100000000)
  to   space 87040K, 0% used [0x00000000f5600000,0x00000000f5600000,0x00000000fab00000)
 ParOldGen       total 1398272K, used 23548K [0x0000000080000000, 0x00000000d5580000, 0x00000000d5580000)
  object space 1398272K, 1% used [0x0000000080000000,0x00000000816ff040,0x00000000d5580000)
 Metaspace       used 34791K, capacity 35156K, committed 35416K, reserved 1081344K
  class space    used 3962K, capacity 4060K, committed 4096K, reserved 1048576K
}
Event: 12.208 GC heap before
{Heap before GC invocations=5 (full 2):
 PSYoungGen      total 611840K, used 520110K [0x00000000d5580000, 0x0000000100000000, 0x0000000100000000)
  eden space 524800K, 99% used [0x00000000d5580000,0x00000000f516bab8,0x00000000f5600000)
  from space 87040K, 0% used [0x00000000fab00000,0x00000000fab00000,0x0000000100000000)
  to   space 87040K, 0% used [0x00000000f5600000,0x00000000f5600000,0x00000000fab00000)
 ParOldGen       total 1398272K, used 23548K [0x0000000080000000, 0x00000000d5580000, 0x00000000d5580000)
  object space 1398272K, 1% used [0x0000000080000000,0x00000000816ff040,0x00000000d5580000)
 Metaspace       used 57517K, capacity 58922K, committed 59028K, reserved 1101824K
  class space    used 6641K, capacity 6909K, committed 6912K, reserved 1048576K
Event: 12.293 GC heap after
Heap after GC invocations=5 (full 2):
 PSYoungGen      total 611840K, used 33930K [0x00000000d5580000, 0x0000000100000000, 0x0000000100000000)
  eden space 524800K, 0% used [0x00000000d5580000,0x00000000d5580000,0x00000000f5600000)
  from space 87040K, 38% used [0x00000000f5600000,0x00000000f77229d0,0x00000000fab00000)
  to   space 87040K, 0% used [0x00000000fab00000,0x00000000fab00000,0x0000000100000000)
 ParOldGen       total 1398272K, used 23556K [0x0000000080000000, 0x00000000d5580000, 0x00000000d5580000)
  object space 1398272K, 1% used [0x0000000080000000,0x0000000081701040,0x00000000d5580000)
 Metaspace       used 57517K, capacity 58922K, committed 59028K, reserved 1101824K
  class space    used 6641K, capacity 6909K, committed 6912K, reserved 1048576K
}
Event: 12.293 GC heap before
{Heap before GC invocations=6 (full 3):
 PSYoungGen      total 611840K, used 33930K [0x00000000d5580000, 0x0000000100000000, 0x0000000100000000)
  eden space 524800K, 0% used [0x00000000d5580000,0x00000000d5580000,0x00000000f5600000)
  from space 87040K, 38% used [0x00000000f5600000,0x00000000f77229d0,0x00000000fab00000)
  to   space 87040K, 0% used [0x00000000fab00000,0x00000000fab00000,0x0000000100000000)
 ParOldGen       total 1398272K, used 23556K [0x0000000080000000, 0x00000000d5580000, 0x00000000d5580000)
  object space 1398272K, 1% used [0x0000000080000000,0x0000000081701040,0x00000000d5580000)
 Metaspace       used 57517K, capacity 58922K, committed 59028K, reserved 1101824K
  class space    used 6641K, capacity 6909K, committed 6912K, reserved 1048576K
Event: 12.530 GC heap after
Heap after GC invocations=6 (full 3):
 PSYoungGen      total 611840K, used 0K [0x00000000d5580000, 0x0000000100000000, 0x0000000100000000)
  eden space 524800K, 0% used [0x00000000d5580000,0x00000000d5580000,0x00000000f5600000)
  from space 87040K, 0% used [0x00000000f5600000,0x00000000f5600000,0x00000000fab00000)
  to   space 87040K, 0% used [0x00000000fab00000,0x00000000fab00000,0x0000000100000000)
 ParOldGen       total 1398272K, used 44449K [0x0000000080000000, 0x00000000d5580000, 0x00000000d5580000)
  object space 1398272K, 3% used [0x0000000080000000,0x0000000082b68690,0x00000000d5580000)
 Metaspace       used 57471K, capacity 58808K, committed 59028K, reserved 1101824K
  class space    used 6625K, capacity 6882K, committed 6912K, reserved 1048576K
}
Event: 28.412 GC heap before
{Heap before GC invocations=7 (full 3):
 PSYoungGen      total 611840K, used 494417K [0x00000000d5580000, 0x0000000100000000, 0x0000000100000000)
  eden space 524800K, 94% used [0x00000000d5580000,0x00000000f3854620,0x00000000f5600000)
  from space 87040K, 0% used [0x00000000f5600000,0x00000000f5600000,0x00000000fab00000)
  to   space 87040K, 0% used [0x00000000fab00000,0x00000000fab00000,0x0000000100000000)
 ParOldGen       total 1398272K, used 44449K [0x0000000080000000, 0x00000000d5580000, 0x00000000d5580000)
  object space 1398272K, 3% used [0x0000000080000000,0x0000000082b68690,0x00000000d5580000)
 Metaspace       used 65047K, capacity 67864K, committed 68096K, reserved 1110016K
  class space    used 7433K, capacity 7934K, committed 7936K, reserved 1048576K
Event: 28.503 GC heap after
Heap after GC invocations=7 (full 3):
 PSYoungGen      total 611840K, used 81049K [0x00000000d5580000, 0x0000000100000000, 0x0000000100000000)
  eden space 524800K, 0% used [0x00000000d5580000,0x00000000d5580000,0x00000000f5600000)
  from space 87040K, 93% used [0x00000000fab00000,0x00000000ffa265d0,0x0000000100000000)
  to   space 87040K, 0% used [0x00000000f5600000,0x00000000f5600000,0x00000000fab00000)
 ParOldGen       total 1398272K, used 44449K [0x0000000080000000, 0x00000000d5580000, 0x00000000d5580000)
  object space 1398272K, 3% used [0x0000000080000000,0x0000000082b68690,0x00000000d5580000)
 Metaspace       used 65047K, capacity 67864K, committed 68096K, reserved 1110016K
  class space    used 7433K, capacity 7934K, committed 7936K, reserved 1048576K
}
Event: 34.555 GC heap before
{Heap before GC invocations=8 (full 3):
 PSYoungGen      total 611840K, used 605849K [0x00000000d5580000, 0x0000000100000000, 0x0000000100000000)
  eden space 524800K, 99% used [0x00000000d5580000,0x00000000f55fff60,0x00000000f5600000)
  from space 87040K, 93% used [0x00000000fab00000,0x00000000ffa265d0,0x0000000100000000)
  to   space 87040K, 0% used [0x00000000f5600000,0x00000000f5600000,0x00000000fab00000)
 ParOldGen       total 1398272K, used 44449K [0x0000000080000000, 0x00000000d5580000, 0x00000000d5580000)
  object space 1398272K, 3% used [0x0000000080000000,0x0000000082b68690,0x00000000d5580000)
 Metaspace       used 65754K, capacity 68618K, committed 68736K, reserved 1110016K
  class space    used 7457K, capacity 7963K, committed 8064K, reserved 1048576K
Event: 34.651 GC heap after
Heap after GC invocations=8 (full 3):
 PSYoungGen      total 593920K, used 68614K [0x00000000d5580000, 0x0000000100000000, 0x0000000100000000)
  eden space 524800K, 0% used [0x00000000d5580000,0x00000000d5580000,0x00000000f5600000)
  from space 69120K, 99% used [0x00000000f5600000,0x00000000f9901b50,0x00000000f9980000)
  to   space 93696K, 0% used [0x00000000fa480000,0x00000000fa480000,0x0000000100000000)
 ParOldGen       total 1398272K, used 44449K [0x0000000080000000, 0x00000000d5580000, 0x00000000d5580000)
  object space 1398272K, 3% used [0x0000000080000000,0x0000000082b68690,0x00000000d5580000)
 Metaspace       used 65754K, capacity 68618K, committed 68736K, reserved 1110016K
  class space    used 7457K, capacity 7963K, committed 8064K, reserved 1048576K
}

