# JRE version: OpenJDK Runtime Environment (8.0_212-b04) (build 1.8.0_212-b04)
# Java VM: OpenJDK 64-Bit Server VM (25.212-b04 mixed mode linux-amd64 compressed oops)
Heap:
 PSYoungGen      total 611840K, used 369453K [0x00000000d5580000, 0x0000000100000000, 0x0000000100000000)
  eden space 524800K, 70% used [0x00000000d5580000,0x00000000ebe4b790,0x00000000f5600000)
  from space 87040K, 0% used [0x00000000fab00000,0x00000000fab00000,0x0000000100000000)
  to   space 87040K, 0% used [0x00000000f5600000,0x00000000f5600000,0x00000000fab00000)
 ParOldGen       total 1398272K, used 29423K [0x0000000080000000, 0x00000000d5580000, 0x00000000d5580000)
  object space 1398272K, 2% used [0x0000000080000000,0x0000000081cbbe50,0x00000000d5580000)
 Metaspace       used 66092K, capacity 69118K, committed 69376K, reserved 1110016K
  class space    used 7585K, capacity 8135K, committed 8192K, reserved 1048576K
GC Heap History (10 events):
Event: 4.617 GC heap before
{Heap before GC invocations=3 (full 1):
 PSYoungGen      total 611840K, used 430344K [0x00000000d5580000, 0x0000000100000000, 0x0000000100000000)
  eden space 524800K, 82% used [0x00000000d5580000,0x00000000ef9c2228,0x00000000f5600000)
  from space 87040K, 0% used [0x00000000f5600000,0x00000000f5600000,0x00000000fab00000)
  to   space 87040K, 0% used [0x00000000fab00000,0x00000000fab00000,0x0000000100000000)
 ParOldGen       total 869888K, used 14365K [0x0000000080000000, 0x00000000b5180000, 0x00000000d5580000)
  object space 869888K, 1% used [0x0000000080000000,0x0000000080e075a8,0x00000000b5180000)
 Metaspace       used 34597K, capacity 34970K, committed 35416K, reserved 1081344K
  class space    used 3944K, capacity 4061K, committed 4096K, reserved 1048576K
Event: 4.658 GC heap after
Heap after GC invocations=3 (full 1):
 PSYoungGen      total 611840K, used 18840K [0x00000000d5580000, 0x0000000100000000, 0x0000000100000000)
  eden space 524800K, 0% used [0x00000000d5580000,0x00000000d5580000,0x00000000f5600000)
  from space 87040K, 21% used [0x00000000fab00000,0x00000000fbd66300,0x0000000100000000)
  to   space 87040K, 0% used [0x00000000f5600000,0x00000000f5600000,0x00000000fab00000)
 ParOldGen       total 869888K, used 14365K [0x0000000080000000, 0x00000000b5180000, 0x00000000d5580000)
  object space 869888K, 1% used [0x0000000080000000,0x0000000080e075a8,0x00000000b5180000)
 Metaspace       used 34597K, capacity 34970K, committed 35416K, reserved 1081344K
  class space    used 3944K, capacity 4061K, committed 4096K, reserved 1048576K
}
Event: 4.658 GC heap before
{Heap before GC invocations=4 (full 2):
 PSYoungGen      total 611840K, used 18840K [0x00000000d5580000, 0x0000000100000000, 0x0000000100000000)
  eden space 524800K, 0% used [0x00000000d5580000,0x00000000d5580000,0x00000000f5600000)
  from space 87040K, 21% used [0x00000000fab00000,0x00000000fbd66300,0x0000000100000000)
  to   space 87040K, 0% used [0x00000000f5600000,0x00000000f5600000,0x00000000fab00000)
 ParOldGen       total 869888K, used 14365K [0x0000000080000000, 0x00000000b5180000, 0x00000000d5580000)
  object space 869888K, 1% used [0x0000000080000000,0x0000000080e075a8,0x00000000b5180000)
 Metaspace       used 34597K, capacity 34970K, committed 35416K, reserved 1081344K
  class space    used 3944K, capacity 4061K, committed 4096K, reserved 1048576K
Event: 4.772 GC heap after
Heap after GC invocations=4 (full 2):
 PSYoungGen      total 611840K, used 0K [0x00000000d5580000, 0x0000000100000000, 0x0000000100000000)
  eden space 524800K, 0% used [0x00000000d5580000,0x00000000d5580000,0x00000000f5600000)
  from space 87040K, 0% used [0x00000000fab00000,0x00000000fab00000,0x0000000100000000)
  to   space 87040K, 0% used [0x00000000f5600000,0x00000000f5600000,0x00000000fab00000)
 ParOldGen       total 1398272K, used 23498K [0x0000000080000000, 0x00000000d5580000, 0x00000000d5580000)
  object space 1398272K, 1% used [0x0000000080000000,0x00000000816f2870,0x00000000d5580000)
 Metaspace       used 34597K, capacity 34970K, committed 35416K, reserved 1081344K
  class space    used 3944K, capacity 4061K, committed 4096K, reserved 1048576K
}
Event: 10.935 GC heap before
{Heap before GC invocations=5 (full 2):
 PSYoungGen      total 611840K, used 524800K [0x00000000d5580000, 0x0000000100000000, 0x0000000100000000)
  eden space 524800K, 100% used [0x00000000d5580000,0x00000000f5600000,0x00000000f5600000)
  from space 87040K, 0% used [0x00000000fab00000,0x00000000fab00000,0x0000000100000000)
  to   space 87040K, 0% used [0x00000000f5600000,0x00000000f5600000,0x00000000fab00000)
 ParOldGen       total 1398272K, used 23498K [0x0000000080000000, 0x00000000d5580000, 0x00000000d5580000)
  object space 1398272K, 1% used [0x0000000080000000,0x00000000816f2870,0x00000000d5580000)
 Metaspace       used 51408K, capacity 52830K, committed 52992K, reserved 1095680K
  class space    used 6081K, capacity 6343K, committed 6400K, reserved 1048576K
Event: 11.001 GC heap after
Heap after GC invocations=5 (full 2):
 PSYoungGen      total 611840K, used 23394K [0x00000000d5580000, 0x0000000100000000, 0x0000000100000000)
  eden space 524800K, 0% used [0x00000000d5580000,0x00000000d5580000,0x00000000f5600000)
  from space 87040K, 26% used [0x00000000f5600000,0x00000000f6cd88b0,0x00000000fab00000)
  to   space 87040K, 0% used [0x00000000fab00000,0x00000000fab00000,0x0000000100000000)
 ParOldGen       total 1398272K, used 23506K [0x0000000080000000, 0x00000000d5580000, 0x00000000d5580000)
  object space 1398272K, 1% used [0x0000000080000000,0x00000000816f4870,0x00000000d5580000)
 Metaspace       used 51408K, capacity 52830K, committed 52992K, reserved 1095680K
  class space    used 6081K, capacity 6343K, committed 6400K, reserved 1048576K
}
Event: 12.032 GC heap before
{Heap before GC invocations=6 (full 2):
 PSYoungGen      total 611840K, used 197002K [0x00000000d5580000, 0x0000000100000000, 0x0000000100000000)
  eden space 524800K, 33% used [0x00000000d5580000,0x00000000dff0a138,0x00000000f5600000)
  from space 87040K, 26% used [0x00000000f5600000,0x00000000f6cd88b0,0x00000000fab00000)
  to   space 87040K, 0% used [0x00000000fab00000,0x00000000fab00000,0x0000000100000000)
 ParOldGen       total 1398272K, used 23506K [0x0000000080000000, 0x00000000d5580000, 0x00000000d5580000)
  object space 1398272K, 1% used [0x0000000080000000,0x00000000816f4870,0x00000000d5580000)
 Metaspace       used 57299K, capacity 58746K, committed 59028K, reserved 1101824K
  class space    used 6634K, capacity 6899K, committed 6912K, reserved 1048576K
Event: 12.062 GC heap after
Heap after GC invocations=6 (full 2):
 PSYoungGen      total 611840K, used 17875K [0x00000000d5580000, 0x0000000100000000, 0x0000000100000000)
  eden space 524800K, 0% used [0x00000000d5580000,0x00000000d5580000,0x00000000f5600000)
  from space 87040K, 20% used [0x00000000fab00000,0x00000000fbc74c40,0x0000000100000000)
  to   space 87040K, 0% used [0x00000000f5600000,0x00000000f5600000,0x00000000fab00000)
 ParOldGen       total 1398272K, used 23514K [0x0000000080000000, 0x00000000d5580000, 0x00000000d5580000)
  object space 1398272K, 1% used [0x0000000080000000,0x00000000816f6870,0x00000000d5580000)
 Metaspace       used 57299K, capacity 58746K, committed 59028K, reserved 1101824K
  class space    used 6634K, capacity 6899K, committed 6912K, reserved 1048576K
}
Event: 12.062 GC heap before
{Heap before GC invocations=7 (full 3):
 PSYoungGen      total 611840K, used 17875K [0x00000000d5580000, 0x0000000100000000, 0x0000000100000000)
  eden space 524800K, 0% used [0x00000000d5580000,0x00000000d5580000,0x00000000f5600000)
  from space 87040K, 20% used [0x00000000fab00000,0x00000000fbc74c40,0x0000000100000000)
  to   space 87040K, 0% used [0x00000000f5600000,0x00000000f5600000,0x00000000fab00000)
 ParOldGen       total 1398272K, used 23514K [0x0000000080000000, 0x00000000d5580000, 0x00000000d5580000)
  object space 1398272K, 1% used [0x0000000080000000,0x00000000816f6870,0x00000000d5580000)
 Metaspace       used 57299K, capacity 58746K, committed 59028K, reserved 1101824K
  class space    used 6634K, capacity 6899K, committed 6912K, reserved 1048576K
Event: 12.325 GC heap after
Heap after GC invocations=7 (full 3):
 PSYoungGen      total 611840K, used 0K [0x00000000d5580000, 0x0000000100000000, 0x0000000100000000)
  eden space 524800K, 0% used [0x00000000d5580000,0x00000000d5580000,0x00000000f5600000)
  from space 87040K, 0% used [0x00000000fab00000,0x00000000fab00000,0x0000000100000000)
  to   space 87040K, 0% used [0x00000000f5600000,0x00000000f5600000,0x00000000fab00000)
 ParOldGen       total 1398272K, used 29423K [0x0000000080000000, 0x00000000d5580000, 0x00000000d5580000)
  object space 1398272K, 2% used [0x0000000080000000,0x0000000081cbbe50,0x00000000d5580000)
 Metaspace       used 57269K, capacity 58670K, committed 59028K, reserved 1101824K
  class space    used 6623K, capacity 6881K, committed 6912K, reserved 1048576K
}

