# JRE version: OpenJDK Runtime Environment (8.0_212-b04) (build 1.8.0_212-b04)
# Java VM: OpenJDK 64-Bit Server VM (25.212-b04 mixed mode linux-amd64 compressed oops)
Heap:
 PSYoungGen      total 611840K, used 366210K [0x00000000d5580000, 0x0000000100000000, 0x0000000100000000)
  eden space 524800K, 69% used [0x00000000d5580000,0x00000000ebb208a8,0x00000000f5600000)
  from space 87040K, 0% used [0x00000000fab00000,0x00000000fab00000,0x0000000100000000)
  to   space 87040K, 0% used [0x00000000f5600000,0x00000000f5600000,0x00000000fab00000)
 ParOldGen       total 1398272K, used 28863K [0x0000000080000000, 0x00000000d5580000, 0x00000000d5580000)
  object space 1398272K, 2% used [0x0000000080000000,0x0000000081c2fd88,0x00000000d5580000)
 Metaspace       used 67764K, capacity 70502K, committed 70528K, reserved 1112064K
  class space    used 7821K, capacity 8317K, committed 8320K, reserved 1048576K
GC Heap History (10 events):
Event: 4.742 GC heap before
{Heap before GC invocations=3 (full 1):
 PSYoungGen      total 611840K, used 469709K [0x00000000d5580000, 0x0000000100000000, 0x0000000100000000)
  eden space 524800K, 89% used [0x00000000d5580000,0x00000000f2033660,0x00000000f5600000)
  from space 87040K, 0% used [0x00000000f5600000,0x00000000f5600000,0x00000000fab00000)
  to   space 87040K, 0% used [0x00000000fab00000,0x00000000fab00000,0x0000000100000000)
 ParOldGen       total 869376K, used 14405K [0x0000000080000000, 0x00000000b5100000, 0x00000000d5580000)
  object space 869376K, 1% used [0x0000000080000000,0x0000000080e11798,0x00000000b5100000)
 Metaspace       used 34760K, capacity 35092K, committed 35416K, reserved 1081344K
  class space    used 3953K, capacity 4060K, committed 4096K, reserved 1048576K
Event: 4.782 GC heap after
Heap after GC invocations=3 (full 1):
 PSYoungGen      total 611840K, used 19318K [0x00000000d5580000, 0x0000000100000000, 0x0000000100000000)
  eden space 524800K, 0% used [0x00000000d5580000,0x00000000d5580000,0x00000000f5600000)
  from space 87040K, 22% used [0x00000000fab00000,0x00000000fbdddb58,0x0000000100000000)
  to   space 87040K, 0% used [0x00000000f5600000,0x00000000f5600000,0x00000000fab00000)
 ParOldGen       total 869376K, used 14405K [0x0000000080000000, 0x00000000b5100000, 0x00000000d5580000)
  object space 869376K, 1% used [0x0000000080000000,0x0000000080e11798,0x00000000b5100000)
 Metaspace       used 34760K, capacity 35092K, committed 35416K, reserved 1081344K
  class space    used 3953K, capacity 4060K, committed 4096K, reserved 1048576K
}
Event: 4.782 GC heap before
{Heap before GC invocations=4 (full 2):
 PSYoungGen      total 611840K, used 19318K [0x00000000d5580000, 0x0000000100000000, 0x0000000100000000)
  eden space 524800K, 0% used [0x00000000d5580000,0x00000000d5580000,0x00000000f5600000)
  from space 87040K, 22% used [0x00000000fab00000,0x00000000fbdddb58,0x0000000100000000)
  to   space 87040K, 0% used [0x00000000f5600000,0x00000000f5600000,0x00000000fab00000)
 ParOldGen       total 869376K, used 14405K [0x0000000080000000, 0x00000000b5100000, 0x00000000d5580000)
  object space 869376K, 1% used [0x0000000080000000,0x0000000080e11798,0x00000000b5100000)
 Metaspace       used 34760K, capacity 35092K, committed 35416K, reserved 1081344K
  class space    used 3953K, capacity 4060K, committed 4096K, reserved 1048576K
Event: 4.907 GC heap after
Heap after GC invocations=4 (full 2):
 PSYoungGen      total 611840K, used 0K [0x00000000d5580000, 0x0000000100000000, 0x0000000100000000)
  eden space 524800K, 0% used [0x00000000d5580000,0x00000000d5580000,0x00000000f5600000)
  from space 87040K, 0% used [0x00000000fab00000,0x00000000fab00000,0x0000000100000000)
  to   space 87040K, 0% used [0x00000000f5600000,0x00000000f5600000,0x00000000fab00000)
 ParOldGen       total 1398272K, used 23960K [0x0000000080000000, 0x00000000d5580000, 0x00000000d5580000)
  object space 1398272K, 1% used [0x0000000080000000,0x0000000081766320,0x00000000d5580000)
 Metaspace       used 34760K, capacity 35092K, committed 35416K, reserved 1081344K
  class space    used 3953K, capacity 4060K, committed 4096K, reserved 1048576K
}
Event: 11.377 GC heap before
{Heap before GC invocations=5 (full 2):
 PSYoungGen      total 611840K, used 524800K [0x00000000d5580000, 0x0000000100000000, 0x0000000100000000)
  eden space 524800K, 100% used [0x00000000d5580000,0x00000000f5600000,0x00000000f5600000)
  from space 87040K, 0% used [0x00000000fab00000,0x00000000fab00000,0x0000000100000000)
  to   space 87040K, 0% used [0x00000000f5600000,0x00000000f5600000,0x00000000fab00000)
 ParOldGen       total 1398272K, used 23960K [0x0000000080000000, 0x00000000d5580000, 0x00000000d5580000)
  object space 1398272K, 1% used [0x0000000080000000,0x0000000081766320,0x00000000d5580000)
 Metaspace       used 52145K, capacity 53490K, committed 53760K, reserved 1097728K
  class space    used 6113K, capacity 6371K, committed 6400K, reserved 1048576K
Event: 11.436 GC heap after
Heap after GC invocations=5 (full 2):
 PSYoungGen      total 611840K, used 25618K [0x00000000d5580000, 0x0000000100000000, 0x0000000100000000)
  eden space 524800K, 0% used [0x00000000d5580000,0x00000000d5580000,0x00000000f5600000)
  from space 87040K, 29% used [0x00000000f5600000,0x00000000f6f04ba0,0x00000000fab00000)
  to   space 87040K, 0% used [0x00000000fab00000,0x00000000fab00000,0x0000000100000000)
 ParOldGen       total 1398272K, used 23968K [0x0000000080000000, 0x00000000d5580000, 0x00000000d5580000)
  object space 1398272K, 1% used [0x0000000080000000,0x0000000081768320,0x00000000d5580000)
 Metaspace       used 52145K, capacity 53490K, committed 53760K, reserved 1097728K
  class space    used 6113K, capacity 6371K, committed 6400K, reserved 1048576K
}
Event: 12.236 GC heap before
{Heap before GC invocations=6 (full 2):
 PSYoungGen      total 611840K, used 191770K [0x00000000d5580000, 0x0000000100000000, 0x0000000100000000)
  eden space 524800K, 31% used [0x00000000d5580000,0x00000000df7c1cc8,0x00000000f5600000)
  from space 87040K, 29% used [0x00000000f5600000,0x00000000f6f04ba0,0x00000000fab00000)
  to   space 87040K, 0% used [0x00000000fab00000,0x00000000fab00000,0x0000000100000000)
 ParOldGen       total 1398272K, used 23968K [0x0000000080000000, 0x00000000d5580000, 0x00000000d5580000)
  object space 1398272K, 1% used [0x0000000080000000,0x0000000081768320,0x00000000d5580000)
 Metaspace       used 57366K, capacity 58792K, committed 59028K, reserved 1101824K
  class space    used 6628K, capacity 6894K, committed 6912K, reserved 1048576K
Event: 12.262 GC heap after
Heap after GC invocations=6 (full 2):
 PSYoungGen      total 611840K, used 16879K [0x00000000d5580000, 0x0000000100000000, 0x0000000100000000)
  eden space 524800K, 0% used [0x00000000d5580000,0x00000000d5580000,0x00000000f5600000)
  from space 87040K, 19% used [0x00000000fab00000,0x00000000fbb7be08,0x0000000100000000)
  to   space 87040K, 0% used [0x00000000f5600000,0x00000000f5600000,0x00000000fab00000)
 ParOldGen       total 1398272K, used 23976K [0x0000000080000000, 0x00000000d5580000, 0x00000000d5580000)
  object space 1398272K, 1% used [0x0000000080000000,0x000000008176a320,0x00000000d5580000)
 Metaspace       used 57366K, capacity 58792K, committed 59028K, reserved 1101824K
  class space    used 6628K, capacity 6894K, committed 6912K, reserved 1048576K
}
Event: 12.262 GC heap before
{Heap before GC invocations=7 (full 3):
 PSYoungGen      total 611840K, used 16879K [0x00000000d5580000, 0x0000000100000000, 0x0000000100000000)
  eden space 524800K, 0% used [0x00000000d5580000,0x00000000d5580000,0x00000000f5600000)
  from space 87040K, 19% used [0x00000000fab00000,0x00000000fbb7be08,0x0000000100000000)
  to   space 87040K, 0% used [0x00000000f5600000,0x00000000f5600000,0x00000000fab00000)
 ParOldGen       total 1398272K, used 23976K [0x0000000080000000, 0x00000000d5580000, 0x00000000d5580000)
  object space 1398272K, 1% used [0x0000000080000000,0x000000008176a320,0x00000000d5580000)
 Metaspace       used 57366K, capacity 58792K, committed 59028K, reserved 1101824K
  class space    used 6628K, capacity 6894K, committed 6912K, reserved 1048576K
Event: 12.508 GC heap after
Heap after GC invocations=7 (full 3):
 PSYoungGen      total 611840K, used 0K [0x00000000d5580000, 0x0000000100000000, 0x0000000100000000)
  eden space 524800K, 0% used [0x00000000d5580000,0x00000000d5580000,0x00000000f5600000)
  from space 87040K, 0% used [0x00000000fab00000,0x00000000fab00000,0x0000000100000000)
  to   space 87040K, 0% used [0x00000000f5600000,0x00000000f5600000,0x00000000fab00000)
 ParOldGen       total 1398272K, used 28863K [0x0000000080000000, 0x00000000d5580000, 0x00000000d5580000)
  object space 1398272K, 2% used [0x0000000080000000,0x0000000081c2fd88,0x00000000d5580000)
 Metaspace       used 57343K, capacity 58732K, committed 59028K, reserved 1101824K
  class space    used 6620K, capacity 6880K, committed 6912K, reserved 1048576K
}

