# JRE version: OpenJDK Runtime Environment (8.0_212-b04) (build 1.8.0_212-b04)
# Java VM: OpenJDK 64-Bit Server VM (25.212-b04 mixed mode linux-amd64 compressed oops)
Heap:
 PSYoungGen      total 532992K, used 503913K [0x00000000d5580000, 0x0000000100000000, 0x0000000100000000)
  eden space 445952K, 93% used [0x00000000d5580000,0x00000000eeca23a8,0x00000000f0900000)
  from space 87040K, 99% used [0x00000000fab00000,0x00000000ffff80c0,0x0000000100000000)
  to   space 126464K, 0% used [0x00000000f0900000,0x00000000f0900000,0x00000000f8480000)
 ParOldGen       total 1398272K, used 79951K [0x0000000080000000, 0x00000000d5580000, 0x00000000d5580000)
  object space 1398272K, 5% used [0x0000000080000000,0x0000000084e13f98,0x00000000d5580000)
 Metaspace       used 71839K, capacity 75342K, committed 75648K, reserved 1116160K
  class space    used 7863K, capacity 8479K, committed 8576K, reserved 1048576K
GC Heap History (10 events):
Event: 12.005 GC heap before
{Heap before GC invocations=5 (full 2):
 PSYoungGen      total 611840K, used 518028K [0x00000000d5580000, 0x0000000100000000, 0x0000000100000000)
  eden space 524800K, 98% used [0x00000000d5580000,0x00000000f4f630f8,0x00000000f5600000)
  from space 87040K, 0% used [0x00000000fab00000,0x00000000fab00000,0x0000000100000000)
  to   space 87040K, 0% used [0x00000000f5600000,0x00000000f5600000,0x00000000fab00000)
 ParOldGen       total 1398272K, used 23542K [0x0000000080000000, 0x00000000d5580000, 0x00000000d5580000)
  object space 1398272K, 1% used [0x0000000080000000,0x00000000816fdab0,0x00000000d5580000)
 Metaspace       used 57491K, capacity 58854K, committed 59028K, reserved 1101824K
  class space    used 6631K, capacity 6893K, committed 6912K, reserved 1048576K
Event: 12.080 GC heap after
Heap after GC invocations=5 (full 2):
 PSYoungGen      total 611840K, used 33883K [0x00000000d5580000, 0x0000000100000000, 0x0000000100000000)
  eden space 524800K, 0% used [0x00000000d5580000,0x00000000d5580000,0x00000000f5600000)
  from space 87040K, 38% used [0x00000000f5600000,0x00000000f7716e00,0x00000000fab00000)
  to   space 87040K, 0% used [0x00000000fab00000,0x00000000fab00000,0x0000000100000000)
 ParOldGen       total 1398272K, used 23550K [0x0000000080000000, 0x00000000d5580000, 0x00000000d5580000)
  object space 1398272K, 1% used [0x0000000080000000,0x00000000816ffab0,0x00000000d5580000)
 Metaspace       used 57491K, capacity 58854K, committed 59028K, reserved 1101824K
  class space    used 6631K, capacity 6893K, committed 6912K, reserved 1048576K
}
Event: 12.080 GC heap before
{Heap before GC invocations=6 (full 3):
 PSYoungGen      total 611840K, used 33883K [0x00000000d5580000, 0x0000000100000000, 0x0000000100000000)
  eden space 524800K, 0% used [0x00000000d5580000,0x00000000d5580000,0x00000000f5600000)
  from space 87040K, 38% used [0x00000000f5600000,0x00000000f7716e00,0x00000000fab00000)
  to   space 87040K, 0% used [0x00000000fab00000,0x00000000fab00000,0x0000000100000000)
 ParOldGen       total 1398272K, used 23550K [0x0000000080000000, 0x00000000d5580000, 0x00000000d5580000)
  object space 1398272K, 1% used [0x0000000080000000,0x00000000816ffab0,0x00000000d5580000)
 Metaspace       used 57491K, capacity 58854K, committed 59028K, reserved 1101824K
  class space    used 6631K, capacity 6893K, committed 6912K, reserved 1048576K
Event: 12.340 GC heap after
Heap after GC invocations=6 (full 3):
 PSYoungGen      total 611840K, used 0K [0x00000000d5580000, 0x0000000100000000, 0x0000000100000000)
  eden space 524800K, 0% used [0x00000000d5580000,0x00000000d5580000,0x00000000f5600000)
  from space 87040K, 0% used [0x00000000f5600000,0x00000000f5600000,0x00000000fab00000)
  to   space 87040K, 0% used [0x00000000fab00000,0x00000000fab00000,0x0000000100000000)
 ParOldGen       total 1398272K, used 44439K [0x0000000080000000, 0x00000000d5580000, 0x00000000d5580000)
  object space 1398272K, 3% used [0x0000000080000000,0x0000000082b65c08,0x00000000d5580000)
 Metaspace       used 57468K, capacity 58800K, committed 59028K, reserved 1101824K
  class space    used 6623K, capacity 6880K, committed 6912K, reserved 1048576K
}
Event: 91.892 GC heap before
{Heap before GC invocations=7 (full 3):
 PSYoungGen      total 611840K, used 524800K [0x00000000d5580000, 0x0000000100000000, 0x0000000100000000)
  eden space 524800K, 100% used [0x00000000d5580000,0x00000000f5600000,0x00000000f5600000)
  from space 87040K, 0% used [0x00000000f5600000,0x00000000f5600000,0x00000000fab00000)
  to   space 87040K, 0% used [0x00000000fab00000,0x00000000fab00000,0x0000000100000000)
 ParOldGen       total 1398272K, used 44439K [0x0000000080000000, 0x00000000d5580000, 0x00000000d5580000)
  object space 1398272K, 3% used [0x0000000080000000,0x0000000082b65c08,0x00000000d5580000)
 Metaspace       used 67354K, capacity 70216K, committed 70400K, reserved 1112064K
  class space    used 7646K, capacity 8138K, committed 8192K, reserved 1048576K
Event: 92.000 GC heap after
Heap after GC invocations=7 (full 3):
 PSYoungGen      total 611840K, used 47882K [0x00000000d5580000, 0x0000000100000000, 0x0000000100000000)
  eden space 524800K, 0% used [0x00000000d5580000,0x00000000d5580000,0x00000000f5600000)
  from space 87040K, 55% used [0x00000000fab00000,0x00000000fd9c2ae0,0x0000000100000000)
  to   space 87040K, 0% used [0x00000000f5600000,0x00000000f5600000,0x00000000fab00000)
 ParOldGen       total 1398272K, used 44447K [0x0000000080000000, 0x00000000d5580000, 0x00000000d5580000)
  object space 1398272K, 3% used [0x0000000080000000,0x0000000082b67c08,0x00000000d5580000)
 Metaspace       used 67354K, capacity 70216K, committed 70400K, reserved 1112064K
  class space    used 7646K, capacity 8138K, committed 8192K, reserved 1048576K
}
Event: 317.749 GC heap before
{Heap before GC invocations=8 (full 3):
 PSYoungGen      total 611840K, used 572682K [0x00000000d5580000, 0x0000000100000000, 0x0000000100000000)
  eden space 524800K, 100% used [0x00000000d5580000,0x00000000f5600000,0x00000000f5600000)
  from space 87040K, 55% used [0x00000000fab00000,0x00000000fd9c2ae0,0x0000000100000000)
  to   space 87040K, 0% used [0x00000000f5600000,0x00000000f5600000,0x00000000fab00000)
 ParOldGen       total 1398272K, used 44447K [0x0000000080000000, 0x00000000d5580000, 0x00000000d5580000)
  object space 1398272K, 3% used [0x0000000080000000,0x0000000082b67c08,0x00000000d5580000)
 Metaspace       used 69834K, capacity 72998K, committed 73216K, reserved 1114112K
  class space    used 7766K, capacity 8341K, committed 8448K, reserved 1048576K
Event: 317.962 GC heap after
Heap after GC invocations=8 (full 3):
 PSYoungGen      total 611840K, used 87027K [0x00000000d5580000, 0x0000000100000000, 0x0000000100000000)
  eden space 524800K, 0% used [0x00000000d5580000,0x00000000d5580000,0x00000000f5600000)
  from space 87040K, 99% used [0x00000000f5600000,0x00000000faafcde8,0x00000000fab00000)
  to   space 87040K, 0% used [0x00000000fab00000,0x00000000fab00000,0x0000000100000000)
 ParOldGen       total 1398272K, used 48815K [0x0000000080000000, 0x00000000d5580000, 0x00000000d5580000)
  object space 1398272K, 3% used [0x0000000080000000,0x0000000082fabf98,0x00000000d5580000)
 Metaspace       used 69834K, capacity 72998K, committed 73216K, reserved 1114112K
  class space    used 7766K, capacity 8341K, committed 8448K, reserved 1048576K
}
Event: 568.302 GC heap before
{Heap before GC invocations=9 (full 3):
 PSYoungGen      total 611840K, used 611827K [0x00000000d5580000, 0x0000000100000000, 0x0000000100000000)
  eden space 524800K, 100% used [0x00000000d5580000,0x00000000f5600000,0x00000000f5600000)
  from space 87040K, 99% used [0x00000000f5600000,0x00000000faafcde8,0x00000000fab00000)
  to   space 87040K, 0% used [0x00000000fab00000,0x00000000fab00000,0x0000000100000000)
 ParOldGen       total 1398272K, used 48815K [0x0000000080000000, 0x00000000d5580000, 0x00000000d5580000)
  object space 1398272K, 3% used [0x0000000080000000,0x0000000082fabf98,0x00000000d5580000)
 Metaspace       used 71236K, capacity 74690K, committed 74880K, reserved 1116160K
  class space    used 7851K, capacity 8469K, committed 8576K, reserved 1048576K
Event: 568.637 GC heap after
Heap after GC invocations=9 (full 3):
 PSYoungGen      total 532992K, used 87008K [0x00000000d5580000, 0x0000000100000000, 0x0000000100000000)
  eden space 445952K, 0% used [0x00000000d5580000,0x00000000d5580000,0x00000000f0900000)
  from space 87040K, 99% used [0x00000000fab00000,0x00000000ffff80c0,0x0000000100000000)
  to   space 126464K, 0% used [0x00000000f0900000,0x00000000f0900000,0x00000000f8480000)
 ParOldGen       total 1398272K, used 79951K [0x0000000080000000, 0x00000000d5580000, 0x00000000d5580000)
  object space 1398272K, 5% used [0x0000000080000000,0x0000000084e13f98,0x00000000d5580000)
 Metaspace       used 71236K, capacity 74690K, committed 74880K, reserved 1116160K
  class space    used 7851K, capacity 8469K, committed 8576K, reserved 1048576K
}

