# JRE version: OpenJDK Runtime Environment (8.0_212-b04) (build 1.8.0_212-b04)
# Java VM: OpenJDK 64-Bit Server VM (25.212-b04 mixed mode linux-amd64 compressed oops)
Heap:
 PSYoungGen      total 406016K, used 112722K [0x00000000d5580000, 0x0000000100000000, 0x0000000100000000)
  eden space 376320K, 22% used [0x00000000d5580000,0x00000000da69a7a8,0x00000000ec500000)
  from space 29696K, 99% used [0x00000000f8e80000,0x00000000fab7a258,0x00000000fab80000)
  to   space 161280K, 0% used [0x00000000ec500000,0x00000000ec500000,0x00000000f6280000)
 ParOldGen       total 1398272K, used 982880K [0x0000000080000000, 0x00000000d5580000, 0x00000000d5580000)
  object space 1398272K, 70% used [0x0000000080000000,0x00000000bbfd8278,0x00000000d5580000)
 Metaspace       used 65563K, capacity 68550K, committed 68736K, reserved 1110016K
  class space    used 7506K, capacity 8015K, committed 8064K, reserved 1048576K
GC Heap History (10 events):
Event: 8.402 GC heap before
{Heap before GC invocations=5 (full 2):
 PSYoungGen      total 611840K, used 524800K [0x00000000d5580000, 0x0000000100000000, 0x0000000100000000)
  eden space 524800K, 100% used [0x00000000d5580000,0x00000000f5600000,0x00000000f5600000)
  from space 87040K, 0% used [0x00000000fab00000,0x00000000fab00000,0x0000000100000000)
  to   space 87040K, 0% used [0x00000000f5600000,0x00000000f5600000,0x00000000fab00000)
 ParOldGen       total 1398272K, used 23799K [0x0000000080000000, 0x00000000d5580000, 0x00000000d5580000)
  object space 1398272K, 1% used [0x0000000080000000,0x000000008173de40,0x00000000d5580000)
 Metaspace       used 44886K, capacity 45790K, committed 45952K, reserved 1089536K
  class space    used 5189K, capacity 5377K, committed 5504K, reserved 1048576K
Event: 8.433 GC heap after
Heap after GC invocations=5 (full 2):
 PSYoungGen      total 611840K, used 17328K [0x00000000d5580000, 0x0000000100000000, 0x0000000100000000)
  eden space 524800K, 0% used [0x00000000d5580000,0x00000000d5580000,0x00000000f5600000)
  from space 87040K, 19% used [0x00000000f5600000,0x00000000f66ec000,0x00000000fab00000)
  to   space 87040K, 0% used [0x00000000fab00000,0x00000000fab00000,0x0000000100000000)
 ParOldGen       total 1398272K, used 23807K [0x0000000080000000, 0x00000000d5580000, 0x00000000d5580000)
  object space 1398272K, 1% used [0x0000000080000000,0x000000008173fe40,0x00000000d5580000)
 Metaspace       used 44886K, capacity 45790K, committed 45952K, reserved 1089536K
  class space    used 5189K, capacity 5377K, committed 5504K, reserved 1048576K
}
Event: 12.316 GC heap before
{Heap before GC invocations=6 (full 2):
 PSYoungGen      total 611840K, used 316645K [0x00000000d5580000, 0x0000000100000000, 0x0000000100000000)
  eden space 524800K, 57% used [0x00000000d5580000,0x00000000e79cd750,0x00000000f5600000)
  from space 87040K, 19% used [0x00000000f5600000,0x00000000f66ec000,0x00000000fab00000)
  to   space 87040K, 0% used [0x00000000fab00000,0x00000000fab00000,0x0000000100000000)
 ParOldGen       total 1398272K, used 23807K [0x0000000080000000, 0x00000000d5580000, 0x00000000d5580000)
  object space 1398272K, 1% used [0x0000000080000000,0x000000008173fe40,0x00000000d5580000)
 Metaspace       used 57382K, capacity 58838K, committed 59028K, reserved 1101824K
  class space    used 6604K, capacity 6875K, committed 6912K, reserved 1048576K
Event: 12.385 GC heap after
Heap after GC invocations=6 (full 2):
 PSYoungGen      total 611840K, used 29105K [0x00000000d5580000, 0x0000000100000000, 0x0000000100000000)
  eden space 524800K, 0% used [0x00000000d5580000,0x00000000d5580000,0x00000000f5600000)
  from space 87040K, 33% used [0x00000000fab00000,0x00000000fc76c438,0x0000000100000000)
  to   space 87040K, 0% used [0x00000000f5600000,0x00000000f5600000,0x00000000fab00000)
 ParOldGen       total 1398272K, used 23815K [0x0000000080000000, 0x00000000d5580000, 0x00000000d5580000)
  object space 1398272K, 1% used [0x0000000080000000,0x0000000081741e40,0x00000000d5580000)
 Metaspace       used 57382K, capacity 58838K, committed 59028K, reserved 1101824K
  class space    used 6604K, capacity 6875K, committed 6912K, reserved 1048576K
}
Event: 12.385 GC heap before
{Heap before GC invocations=7 (full 3):
 PSYoungGen      total 611840K, used 29105K [0x00000000d5580000, 0x0000000100000000, 0x0000000100000000)
  eden space 524800K, 0% used [0x00000000d5580000,0x00000000d5580000,0x00000000f5600000)
  from space 87040K, 33% used [0x00000000fab00000,0x00000000fc76c438,0x0000000100000000)
  to   space 87040K, 0% used [0x00000000f5600000,0x00000000f5600000,0x00000000fab00000)
 ParOldGen       total 1398272K, used 23815K [0x0000000080000000, 0x00000000d5580000, 0x00000000d5580000)
  object space 1398272K, 1% used [0x0000000080000000,0x0000000081741e40,0x00000000d5580000)
 Metaspace       used 57382K, capacity 58838K, committed 59028K, reserved 1101824K
  class space    used 6604K, capacity 6875K, committed 6912K, reserved 1048576K
Event: 12.680 GC heap after
Heap after GC invocations=7 (full 3):
 PSYoungGen      total 611840K, used 0K [0x00000000d5580000, 0x0000000100000000, 0x0000000100000000)
  eden space 524800K, 0% used [0x00000000d5580000,0x00000000d5580000,0x00000000f5600000)
  from space 87040K, 0% used [0x00000000fab00000,0x00000000fab00000,0x0000000100000000)
  to   space 87040K, 0% used [0x00000000f5600000,0x00000000f5600000,0x00000000fab00000)
 ParOldGen       total 1398272K, used 40552K [0x0000000080000000, 0x00000000d5580000, 0x00000000d5580000)
  object space 1398272K, 2% used [0x0000000080000000,0x000000008279a190,0x00000000d5580000)
 Metaspace       used 57351K, capacity 58756K, committed 59028K, reserved 1101824K
  class space    used 6593K, capacity 6856K, committed 6912K, reserved 1048576K
}
Event: 18.588 GC heap before
{Heap before GC invocations=8 (full 3):
 PSYoungGen      total 611840K, used 365140K [0x00000000d5580000, 0x0000000100000000, 0x0000000100000000)
  eden space 524800K, 69% used [0x00000000d5580000,0x00000000eba15288,0x00000000f5600000)
  from space 87040K, 0% used [0x00000000fab00000,0x00000000fab00000,0x0000000100000000)
  to   space 87040K, 0% used [0x00000000f5600000,0x00000000f5600000,0x00000000fab00000)
 ParOldGen       total 1398272K, used 40552K [0x0000000080000000, 0x00000000d5580000, 0x00000000d5580000)
  object space 1398272K, 2% used [0x0000000080000000,0x000000008279a190,0x00000000d5580000)
 Metaspace       used 61005K, capacity 63314K, committed 63616K, reserved 1105920K
  class space    used 7091K, capacity 7487K, committed 7552K, reserved 1048576K
Event: 18.810 GC heap after
Heap after GC invocations=8 (full 3):
 PSYoungGen      total 536576K, used 11355K [0x00000000d5580000, 0x00000000fab80000, 0x0000000100000000)
  eden space 524800K, 0% used [0x00000000d5580000,0x00000000d5580000,0x00000000f5600000)
  from space 11776K, 96% used [0x00000000f5600000,0x00000000f6116e20,0x00000000f6180000)
  to   space 29696K, 0% used [0x00000000f8e80000,0x00000000f8e80000,0x00000000fab80000)
 ParOldGen       total 1398272K, used 450160K [0x0000000080000000, 0x00000000d5580000, 0x00000000d5580000)
  object space 1398272K, 32% used [0x0000000080000000,0x000000009b79c1b0,0x00000000d5580000)
 Metaspace       used 61005K, capacity 63314K, committed 63616K, reserved 1105920K
  class space    used 7091K, capacity 7487K, committed 7552K, reserved 1048576K
}
Event: 29.283 GC heap before
{Heap before GC invocations=9 (full 3):
 PSYoungGen      total 536576K, used 536155K [0x00000000d5580000, 0x00000000fab80000, 0x0000000100000000)
  eden space 524800K, 100% used [0x00000000d5580000,0x00000000f5600000,0x00000000f5600000)
  from space 11776K, 96% used [0x00000000f5600000,0x00000000f6116e20,0x00000000f6180000)
  to   space 29696K, 0% used [0x00000000f8e80000,0x00000000f8e80000,0x00000000fab80000)
 ParOldGen       total 1398272K, used 757360K [0x0000000080000000, 0x00000000d5580000, 0x00000000d5580000)
  object space 1398272K, 54% used [0x0000000080000000,0x00000000ae39c1c0,0x00000000d5580000)
 Metaspace       used 65276K, capacity 68186K, committed 68480K, reserved 1110016K
  class space    used 7506K, capacity 8015K, committed 8064K, reserved 1048576K
Event: 29.432 GC heap after
Heap after GC invocations=9 (full 3):
 PSYoungGen      total 406016K, used 29672K [0x00000000d5580000, 0x0000000100000000, 0x0000000100000000)
  eden space 376320K, 0% used [0x00000000d5580000,0x00000000d5580000,0x00000000ec500000)
  from space 29696K, 99% used [0x00000000f8e80000,0x00000000fab7a258,0x00000000fab80000)
  to   space 161280K, 0% used [0x00000000ec500000,0x00000000ec500000,0x00000000f6280000)
 ParOldGen       total 1398272K, used 982880K [0x0000000080000000, 0x00000000d5580000, 0x00000000d5580000)
  object space 1398272K, 70% used [0x0000000080000000,0x00000000bbfd8278,0x00000000d5580000)
 Metaspace       used 65276K, capacity 68186K, committed 68480K, reserved 1110016K
  class space    used 7506K, capacity 8015K, committed 8064K, reserved 1048576K
}

