# JRE version: OpenJDK Runtime Environment (8.0_212-b04) (build 1.8.0_212-b04)
# Java VM: OpenJDK 64-Bit Server VM (25.212-b04 mixed mode linux-amd64 compressed oops)
Heap:
 PSYoungGen      total 611840K, used 146434K [0x00000000d5580000, 0x0000000100000000, 0x0000000100000000)
  eden space 524800K, 27% used [0x00000000d5580000,0x00000000de480a18,0x00000000f5600000)
  from space 87040K, 0% used [0x00000000fab00000,0x00000000fab00000,0x0000000100000000)
  to   space 87040K, 0% used [0x00000000f5600000,0x00000000f5600000,0x00000000fab00000)
 ParOldGen       total 1396224K, used 10683K [0x0000000080000000, 0x00000000d5380000, 0x00000000d5580000)
  object space 1396224K, 0% used [0x0000000080000000,0x0000000080a6ed70,0x00000000d5380000)
 Metaspace       used 40878K, capacity 41253K, committed 41432K, reserved 1085440K
  class space    used 4458K, capacity 4572K, committed 4624K, reserved 1048576K
GC Heap History (8 events):
Event: 4.528 GC heap before
{Heap before GC invocations=1 (full 0):
 PSYoungGen      total 611840K, used 325430K [0x00000000d5580000, 0x0000000100000000, 0x0000000100000000)
  eden space 524800K, 62% used [0x00000000d5580000,0x00000000e934db68,0x00000000f5600000)
  from space 87040K, 0% used [0x00000000fab00000,0x00000000fab00000,0x0000000100000000)
  to   space 87040K, 0% used [0x00000000f5600000,0x00000000f5600000,0x00000000fab00000)
 ParOldGen       total 1398272K, used 0K [0x0000000080000000, 0x00000000d5580000, 0x00000000d5580000)
  object space 1398272K, 0% used [0x0000000080000000,0x0000000080000000,0x00000000d5580000)
 Metaspace       used 20821K, capacity 21042K, committed 21248K, reserved 1067008K
  class space    used 2612K, capacity 2695K, committed 2816K, reserved 1048576K
Event: 4.563 GC heap after
Heap after GC invocations=1 (full 0):
 PSYoungGen      total 611840K, used 14457K [0x00000000d5580000, 0x0000000100000000, 0x0000000100000000)
  eden space 524800K, 0% used [0x00000000d5580000,0x00000000d5580000,0x00000000f5600000)
  from space 87040K, 16% used [0x00000000f5600000,0x00000000f641e7f8,0x00000000fab00000)
  to   space 87040K, 0% used [0x00000000fab00000,0x00000000fab00000,0x0000000100000000)
 ParOldGen       total 1398272K, used 24K [0x0000000080000000, 0x00000000d5580000, 0x00000000d5580000)
  object space 1398272K, 0% used [0x0000000080000000,0x0000000080006000,0x00000000d5580000)
 Metaspace       used 20821K, capacity 21042K, committed 21248K, reserved 1067008K
  class space    used 2612K, capacity 2695K, committed 2816K, reserved 1048576K
}
Event: 4.564 GC heap before
{Heap before GC invocations=2 (full 1):
 PSYoungGen      total 611840K, used 14457K [0x00000000d5580000, 0x0000000100000000, 0x0000000100000000)
  eden space 524800K, 0% used [0x00000000d5580000,0x00000000d5580000,0x00000000f5600000)
  from space 87040K, 16% used [0x00000000f5600000,0x00000000f641e7f8,0x00000000fab00000)
  to   space 87040K, 0% used [0x00000000fab00000,0x00000000fab00000,0x0000000100000000)
 ParOldGen       total 1398272K, used 24K [0x0000000080000000, 0x00000000d5580000, 0x00000000d5580000)
  object space 1398272K, 0% used [0x0000000080000000,0x0000000080006000,0x00000000d5580000)
 Metaspace       used 20821K, capacity 21042K, committed 21248K, reserved 1067008K
  class space    used 2612K, capacity 2695K, committed 2816K, reserved 1048576K
Event: 4.637 GC heap after
Heap after GC invocations=2 (full 1):
 PSYoungGen      total 611840K, used 0K [0x00000000d5580000, 0x0000000100000000, 0x0000000100000000)
  eden space 524800K, 0% used [0x00000000d5580000,0x00000000d5580000,0x00000000f5600000)
  from space 87040K, 0% used [0x00000000f5600000,0x00000000f5600000,0x00000000fab00000)
  to   space 87040K, 0% used [0x00000000fab00000,0x00000000fab00000,0x0000000100000000)
 ParOldGen       total 894464K, used 13899K [0x0000000080000000, 0x00000000b6980000, 0x00000000d5580000)
  object space 894464K, 1% used [0x0000000080000000,0x0000000080d92fc0,0x00000000b6980000)
 Metaspace       used 20817K, capacity 21036K, committed 21248K, reserved 1067008K
  class space    used 2612K, capacity 2694K, committed 2816K, reserved 1048576K
}
Event: 7.511 GC heap before
{Heap before GC invocations=3 (full 1):
 PSYoungGen      total 611840K, used 197387K [0x00000000d5580000, 0x0000000100000000, 0x0000000100000000)
  eden space 524800K, 37% used [0x00000000d5580000,0x00000000e1642e90,0x00000000f5600000)
  from space 87040K, 0% used [0x00000000f5600000,0x00000000f5600000,0x00000000fab00000)
  to   space 87040K, 0% used [0x00000000fab00000,0x00000000fab00000,0x0000000100000000)
 ParOldGen       total 894464K, used 13899K [0x0000000080000000, 0x00000000b6980000, 0x00000000d5580000)
  object space 894464K, 1% used [0x0000000080000000,0x0000000080d92fc0,0x00000000b6980000)
 Metaspace       used 34971K, capacity 35301K, committed 35416K, reserved 1081344K
  class space    used 3837K, capacity 3946K, committed 3984K, reserved 1048576K
Event: 7.528 GC heap after
Heap after GC invocations=3 (full 1):
 PSYoungGen      total 611840K, used 6437K [0x00000000d5580000, 0x0000000100000000, 0x0000000100000000)
  eden space 524800K, 0% used [0x00000000d5580000,0x00000000d5580000,0x00000000f5600000)
  from space 87040K, 7% used [0x00000000fab00000,0x00000000fb149728,0x0000000100000000)
  to   space 87040K, 0% used [0x00000000f5600000,0x00000000f5600000,0x00000000fab00000)
 ParOldGen       total 894464K, used 13907K [0x0000000080000000, 0x00000000b6980000, 0x00000000d5580000)
  object space 894464K, 1% used [0x0000000080000000,0x0000000080d94fc0,0x00000000b6980000)
 Metaspace       used 34971K, capacity 35301K, committed 35416K, reserved 1081344K
  class space    used 3837K, capacity 3946K, committed 3984K, reserved 1048576K
}
Event: 7.528 GC heap before
{Heap before GC invocations=4 (full 2):
 PSYoungGen      total 611840K, used 6437K [0x00000000d5580000, 0x0000000100000000, 0x0000000100000000)
  eden space 524800K, 0% used [0x00000000d5580000,0x00000000d5580000,0x00000000f5600000)
  from space 87040K, 7% used [0x00000000fab00000,0x00000000fb149728,0x0000000100000000)
  to   space 87040K, 0% used [0x00000000f5600000,0x00000000f5600000,0x00000000fab00000)
 ParOldGen       total 894464K, used 13907K [0x0000000080000000, 0x00000000b6980000, 0x00000000d5580000)
  object space 894464K, 1% used [0x0000000080000000,0x0000000080d94fc0,0x00000000b6980000)
 Metaspace       used 34971K, capacity 35301K, committed 35416K, reserved 1081344K
  class space    used 3837K, capacity 3946K, committed 3984K, reserved 1048576K
Event: 7.597 GC heap after
Heap after GC invocations=4 (full 2):
 PSYoungGen      total 611840K, used 0K [0x00000000d5580000, 0x0000000100000000, 0x0000000100000000)
  eden space 524800K, 0% used [0x00000000d5580000,0x00000000d5580000,0x00000000f5600000)
  from space 87040K, 0% used [0x00000000fab00000,0x00000000fab00000,0x0000000100000000)
  to   space 87040K, 0% used [0x00000000f5600000,0x00000000f5600000,0x00000000fab00000)
 ParOldGen       total 1396224K, used 10683K [0x0000000080000000, 0x00000000d5380000, 0x00000000d5580000)
  object space 1396224K, 0% used [0x0000000080000000,0x0000000080a6ed70,0x00000000d5380000)
 Metaspace       used 34944K, capacity 35259K, committed 35416K, reserved 1081344K
  class space    used 3833K, capacity 3939K, committed 3984K, reserved 1048576K
}

