<?xml version="1.0" encoding="UTF-8"?>
<testsuite xmlns:xsi="http://www.w3.org/2001/XMLSchema-instance" xsi:noNamespaceSchemaLocation="https://maven.apache.org/surefire/maven-surefire-plugin/xsd/surefire-test-report.xsd" name="org.apache.hadoop.ozone.container.common.transport.server.ratis.TestCSMMetrics" time="183.893" tests="1" errors="1" skipped="0" failures="0">
  <properties>
[...]
</properties>
  <testcase name="testContainerStateMachineMetrics" classname="org.apache.hadoop.ozone.container.common.transport.server.ratis.TestCSMMetrics" time="183.828">
    <error message="Failed to command cmdType: WriteChunk&#10;containerID: 1571076307083&#10;datanodeUuid: &quot;1af49d8a-7783-4123-9ce9-cd27128ae3a0&quot;&#10;writeChunk {&#10;  blockID {&#10;    containerID: 1571076307083&#10;    localID: 1571076307086&#10;    blockCommitSequenceId: 0&#10;  }&#10;  chunkData {&#10;    chunkName: &quot;1571076307086.data.0&quot;&#10;    offset: 0&#10;    len: 1024&#10;    checksumData {&#10;      type: CRC32&#10;      bytesPerChecksum: 1048576&#10;      checksums: &quot;\000\000\000\000\216\321\036K&quot;&#10;    }&#10;  }&#10;  data: &quot;d\0248\t\024\333S:\372\310S\240\204\376\317)\370v`\236q\301\333\&quot;\255\207^\352\216c\n\266\267\264\234\307\224\240\233{\224?\251\247\305\373U5\\Mi\320;zNd\237\004\237\211\353wG\250{A\322\207G\334\363\266ct\347j\344N\202\020.\2320\360\216\371\217fe\300\357\370\2554\373-\363FF\314\357\373\223\343\231\230\2030\214\214v\230\324u\237t\245\343\260\344%\272\253\r\210J?*\310\311\356\004\340\207(lj&amp; v\034\370\345\237Y\023\214l\221\214\325\026CF\370}\&apos;\320\236\221\206o\223\205\205a\\\034\217}#\000%&amp;\321(\352\360\234u\265\236\204\244\354\362\3303\244\214\331N\0357\343\017\333Q\333\205\306\217\325\205\360n#\\Y\2301-H\021\264J\217|+\344\020\022\326O`\301XH\364\347\247\264O\235\326\275\3660\234K\235\357r\240\327n\016q_\322}\330\361\247\314\343\211)/\213v\247\336kp\001\001we\343\255\355P\031\355\002\300k*\037\322*\360\006\276\005\365\352\263m\351&lt;\032\207@m\363\016\b\032\242\370&lt;N0\345T\275\267\314\256_%(\225\ae\335@W_g.\340-\277\036\177\243\374eh\301\220h\242\236\320Z\270E\235\234$\325\f\0023\3065\355$\360S\373\360\022\350\201\375\322\341j\215\017\374\306\310\&quot;\227\255\241D\2669-\&apos;\000\001:6\225\364@/\355n\303\275h\246\304\326\302~\236\211\r\300\302\345R\216\313d\224UC\241b\227\322\375\373\253\312\307\021\257j95(,\207\255\350wb=\357\3365-\2301\252~\342b\2172\322\252\330\256\024\275\312\375\252\372$\335w\233\303\345\254{\201\233\267\237\005\237\235\037\354\374\034\004\177\200\n\256w\321\254S*\023\274M.\352r\371\353!T\030\000\222s\344jA\275\361V\236\273\315\305\363\223\315\000\321\310mA2g\325\236\2169\332c\327\255%\256w\352~\037.\020g\347\017\341i\370^\a\352\212\236\277\312J\242\300\343\314\243\233\327\025\227\337\025\216\362\365)\002\360\223\n\364\202\312\025sd\233.\243\271s8\345\2114I\250\370\266\361\357yS\261V*\201\311\224\0032H\245ct\311\325*=,\313\n\003\265\227\367\265\0302\360\240.`\235W\224\361\312K\367}\347\006\336s_\257\201\201![F\367\215\247\023Gz\226\342\377o5\361\337\257\200\355\376\326\032#\006\275J|\261\273_L\037\325\223\217\017\315\022\354\303I\210\274\273\036e\250d\215!\fNJA\370\236x}\220\000\374\3403\031\324\272\bp*\316z9\377\214\373\241\362\234\211\355\353i&amp;i\214\252MV\242\270j\330\330\307\v\037\243\345Pj\373i\240\276\335\322\232\005\020!\002\373\027\376^\n\263\320\240d\246H&amp;\006\206|n\243\301r9\302r\205\\\312\252\302\350\313\367tl\022\301\031z\237\224H\377\244\265\357\000(Ig\360^\276&lt;]2[\371\370\272\026\3009\355\005+`=\326\217\342\312\252\315M\0226t\0263`\251\252\311[k\316\345\241\257\230M\265^\016\370?\265\243\207r9\227\342\304\367\016Q\303\\\310\3567\234\304\245\304\224*\373\260\361\004(\206\rQ\217s\021a\202\331\245Ys\212\004\&apos;\&apos;\277\373st\362\220\220t\320 \351\v\2327cR\r{\r\347\244j\277\304\203\035\377\272\315^\235\377q,{\266=\212%\375W \204\234\020\302\364\270\3733JJ\315\tmf;J\025)\256\315\ae\273c\016\367y\352\034\314\231\n0\2524\211 \252g&gt;{\224\351/\366\204H\026$\351\212u\036\216R\366\230N0P@\257\256\0223(-J\317\\\225\263Z\271X\263\376\277\255\224\266S\305\024\363\315\226\266*\&apos;\331\032\201:\016\a\221x\222\275\220&quot;&#10;}&#10;" type="java.io.IOException"><![CDATA[java.io.IOException: 
Failed to command cmdType: WriteChunk
containerID: 1571076307083
datanodeUuid: "1af49d8a-7783-4123-9ce9-cd27128ae3a0"
writeChunk {
  blockID {
    containerID: 1571076307083
    localID: 1571076307086
    blockCommitSequenceId: 0
  }
  chunkData {
    chunkName: "1571076307086.data.0"
    offset: 0
    len: 1024
    checksumData {
      type: CRC32
      bytesPerChecksum: 1048576
      checksums: "\000\000\000\000\216\321\036K"
    }
  }
  data: "d\0248\t\024\333S:\372\310S\240\204\376\317)\370v`\236q\301\333\"\255\207^\352\216c\n\266\267\264\234\307\224\240\233{\224?\251\247\305\373U5\\Mi\320;zNd\237\004\237\211\353wG\250{A\322\207G\334\363\266ct\347j\344N\202\020.\2320\360\216\371\217fe\300\357\370\2554\373-\363FF\314\357\373\223\343\231\230\2030\214\214v\230\324u\237t\245\343\260\344%\272\253\r\210J?*\310\311\356\004\340\207(lj& v\034\370\345\237Y\023\214l\221\214\325\026CF\370}\'\320\236\221\206o\223\205\205a\\\034\217}#\000%&\321(\352\360\234u\265\236\204\244\354\362\3303\244\214\331N\0357\343\017\333Q\333\205\306\217\325\205\360n#\\Y\2301-H\021\264J\217|+\344\020\022\326O`\301XH\364\347\247\264O\235\326\275\3660\234K\235\357r\240\327n\016q_\322}\330\361\247\314\343\211)/\213v\247\336kp\001\001we\343\255\355P\031\355\002\300k*\037\322*\360\006\276\005\365\352\263m\351<\032\207@m\363\016\b\032\242\370<N0\345T\275\267\314\256_%(\225\ae\335@W_g.\340-\277\036\177\243\374eh\301\220h\242\236\320Z\270E\235\234$\325\f\0023\3065\355$\360S\373\360\022\350\201\375\322\341j\215\017\374\306\310\"\227\255\241D\2669-\'\000\001:6\225\364@/\355n\303\275h\246\304\326\302~\236\211\r\300\302\345R\216\313d\224UC\241b\227\322\375\373\253\312\307\021\257j95(,\207\255\350wb=\357\3365-\2301\252~\342b\2172\322\252\330\256\024\275\312\375\252\372$\335w\233\303\345\254{\201\233\267\237\005\237\235\037\354\374\034\004\177\200\n\256w\321\254S*\023\274M.\352r\371\353!T\030\000\222s\344jA\275\361V\236\273\315\305\363\223\315\000\321\310mA2g\325\236\2169\332c\327\255%\256w\352~\037.\020g\347\017\341i\370^\a\352\212\236\277\312J\242\300\343\314\243\233\327\025\227\337\025\216\362\365)\002\360\223\n\364\202\312\025sd\233.\243\271s8\345\2114I\250\370\266\361\357yS\261V*\201\311\224\0032H\245ct\311\325*=,\313\n\003\265\227\367\265\0302\360\240.`\235W\224\361\312K\367}\347\006\336s_\257\201\201![F\367\215\247\023Gz\226\342\377o5\361\337\257\200\355\376\326\032#\006\275J|\261\273_L\037\325\223\217\017\315\022\354\303I\210\274\273\036e\250d\215!\fNJA\370\236x}\220\000\374\3403\031\324\272\bp*\316z9\377\214\373\241\362\234\211\355\353i&i\214\252MV\242\270j\330\330\307\v\037\243\345Pj\373i\240\276\335\322\232\005\020!\002\373\027\376^\n\263\320\240d\246H&\006\206|n\243\301r9\302r\205\\\312\252\302\350\313\367tl\022\301\031z\237\224H\377\244\265\357\000(Ig\360^\276<]2[\371\370\272\026\3009\355\005+`=\326\217\342\312\252\315M\0226t\0263`\251\252\311[k\316\345\241\257\230M\265^\016\370?\265\243\207r9\227\342\304\367\016Q\303\\\310\3567\234\304\245\304\224*\373\260\361\004(\206\rQ\217s\021a\202\331\245Ys\212\004\'\'\277\373st\362\220\220t\320 \351\v\2327cR\r{\r\347\244j\277\304\203\035\377\272\315^\235\377q,{\266=\212%\375W \204\234\020\302\364\270\3733JJ\315\tmf;J\025)\256\315\ae\273c\016\367y\352\034\314\231\n0\2524\211 \252g>{\224\351/\366\204H\026$\351\212u\036\216R\366\230N0P@\257\256\0223(-J\317\\\225\263Z\271X\263\376\277\255\224\266S\305\024\363\315\226\266*\'\331\032\201:\016\a\221x\222\275\220"
}

	at org.apache.hadoop.hdds.scm.XceiverClientSpi.sendCommand(XceiverClientSpi.java:113)
	at org.apache.hadoop.ozone.container.common.transport.server.ratis.TestCSMMetrics.runContainerStateMachineMetrics(TestCSMMetrics.java:141)
	at org.apache.hadoop.ozone.container.common.transport.server.ratis.TestCSMMetrics.testContainerStateMachineMetrics(TestCSMMetrics.java:81)
	at sun.reflect.NativeMethodAccessorImpl.invoke0(Native Method)
	at sun.reflect.NativeMethodAccessorImpl.invoke(NativeMethodAccessorImpl.java:62)
	at sun.reflect.DelegatingMethodAccessorImpl.invoke(DelegatingMethodAccessorImpl.java:43)
	at java.lang.reflect.Method.invoke(Method.java:498)
	at org.junit.runners.model.FrameworkMethod$1.runReflectiveCall(FrameworkMethod.java:47)
	at org.junit.internal.runners.model.ReflectiveCallable.run(ReflectiveCallable.java:12)
	at org.junit.runners.model.FrameworkMethod.invokeExplosively(FrameworkMethod.java:44)
	at org.junit.internal.runners.statements.InvokeMethod.evaluate(InvokeMethod.java:17)
	at org.junit.runners.ParentRunner.runLeaf(ParentRunner.java:271)
	at org.junit.runners.BlockJUnit4ClassRunner.runChild(BlockJUnit4ClassRunner.java:70)
	at org.junit.runners.BlockJUnit4ClassRunner.runChild(BlockJUnit4ClassRunner.java:50)
	at org.junit.runners.ParentRunner$3.run(ParentRunner.java:238)
	at org.junit.runners.ParentRunner$1.schedule(ParentRunner.java:63)
	at org.junit.runners.ParentRunner.runChildren(ParentRunner.java:236)
	at org.junit.runners.ParentRunner.access$000(ParentRunner.java:53)
	at org.junit.runners.ParentRunner$2.evaluate(ParentRunner.java:229)
	at org.junit.runners.ParentRunner.run(ParentRunner.java:309)
	at org.apache.maven.surefire.junit4.JUnit4Provider.execute(JUnit4Provider.java:365)
	at org.apache.maven.surefire.junit4.JUnit4Provider.executeWithRerun(JUnit4Provider.java:273)
	at org.apache.maven.surefire.junit4.JUnit4Provider.executeTestSet(JUnit4Provider.java:238)
	at org.apache.maven.surefire.junit4.JUnit4Provider.invoke(JUnit4Provider.java:159)
	at org.apache.maven.surefire.booter.ForkedBooter.invokeProviderInSameClassLoader(ForkedBooter.java:384)
	at org.apache.maven.surefire.booter.ForkedBooter.runSuitesInProcess(ForkedBooter.java:345)
	at org.apache.maven.surefire.booter.ForkedBooter.execute(ForkedBooter.java:126)
	at org.apache.maven.surefire.booter.ForkedBooter.main(ForkedBooter.java:418)
Caused by: java.util.concurrent.ExecutionException: org.apache.ratis.protocol.RaftRetryFailureException: Failed RaftClientRequest:client-E46048FD67EC->1af49d8a-7783-4123-9ce9-cd27128ae3a0@group-AC692B896D12, cid=1, seq=1*, RW, cmdType: WriteChunk
traceID: ""
containerID: 1571076307083
datanodeUuid: "1af49d8a-7783-4123-9ce9-cd27128ae3a0"
writeChunk {
  blockID {
    containerID: 1571076307083
    localID: 1571076307086
    blockCommitSequenceId: 0
  }
  chunkData {
    chunkName: "1571076307086.data.0"
    offset: 0
    len: 1024
    checksumData {
      type: CRC32
      bytesPerChecksum: 1048576
      checksums: "\000\000\000\000\216\321\036K"
    }
  }
}
, data.size=1024 for 180 attempts with RetryLimited(maxAttempts=180, sleepTime=1000ms)
	at java.util.concurrent.CompletableFuture.reportGet(CompletableFuture.java:357)
	at java.util.concurrent.CompletableFuture.get(CompletableFuture.java:1895)
	at org.apache.hadoop.hdds.scm.XceiverClientSpi.sendCommand(XceiverClientSpi.java:110)
	... 27 more
Caused by: org.apache.ratis.protocol.RaftRetryFailureException: Failed RaftClientRequest:client-E46048FD67EC->1af49d8a-7783-4123-9ce9-cd27128ae3a0@group-AC692B896D12, cid=1, seq=1*, RW, cmdType: WriteChunk
traceID: ""
containerID: 1571076307083
datanodeUuid: "1af49d8a-7783-4123-9ce9-cd27128ae3a0"
writeChunk {
  blockID {
    containerID: 1571076307083
    localID: 1571076307086
    blockCommitSequenceId: 0
  }
  chunkData {
    chunkName: "1571076307086.data.0"
    offset: 0
    len: 1024
    checksumData {
      type: CRC32
      bytesPerChecksum: 1048576
      checksums: "\000\000\000\000\216\321\036K"
    }
  }
}
, data.size=1024 for 180 attempts with RetryLimited(maxAttempts=180, sleepTime=1000ms)
	at org.apache.ratis.client.impl.RaftClientImpl.noMoreRetries(RaftClientImpl.java:271)
	at org.apache.ratis.client.impl.OrderedAsync.handleAsyncRetryFailure(OrderedAsync.java:138)
	at org.apache.ratis.client.impl.OrderedAsync.lambda$sendRequest$10(OrderedAsync.java:230)
	at java.util.concurrent.CompletableFuture.uniExceptionally(CompletableFuture.java:870)
	at java.util.concurrent.CompletableFuture.uniExceptionallyStage(CompletableFuture.java:884)
	at java.util.concurrent.CompletableFuture.exceptionally(CompletableFuture.java:2196)
	at org.apache.ratis.client.impl.OrderedAsync.sendRequest(OrderedAsync.java:221)
	at org.apache.ratis.client.impl.OrderedAsync.sendRequestWithRetry(OrderedAsync.java:169)
	at org.apache.ratis.util.SlidingWindow$Client.sendOrDelayRequest(SlidingWindow.java:278)
	at org.apache.ratis.util.SlidingWindow$Client.retry(SlidingWindow.java:294)
	at org.apache.ratis.client.impl.OrderedAsync.lambda$scheduleWithTimeout$7(OrderedAsync.java:195)
	at org.apache.ratis.util.TimeoutScheduler.lambda$onTimeout$0(TimeoutScheduler.java:113)
	at org.apache.ratis.util.TimeoutScheduler.lambda$onTimeout$1(TimeoutScheduler.java:133)
	at org.apache.ratis.util.LogUtils.runAndLog(LogUtils.java:50)
	at org.apache.ratis.util.LogUtils$1.run(LogUtils.java:91)
	at java.util.concurrent.Executors$RunnableAdapter.call(Executors.java:511)
	at java.util.concurrent.FutureTask.run(FutureTask.java:266)
	at java.util.concurrent.ScheduledThreadPoolExecutor$ScheduledFutureTask.access$201(ScheduledThreadPoolExecutor.java:180)
	at java.util.concurrent.ScheduledThreadPoolExecutor$ScheduledFutureTask.run(ScheduledThreadPoolExecutor.java:293)
	at java.util.concurrent.ThreadPoolExecutor.runWorker(ThreadPoolExecutor.java:1149)
	at java.util.concurrent.ThreadPoolExecutor$Worker.run(ThreadPoolExecutor.java:624)
	at java.lang.Thread.run(Thread.java:748)
Caused by: org.apache.ratis.protocol.AlreadyClosedException: client-E46048FD67EC->1af49d8a-7783-4123-9ce9-cd27128ae3a0 is closed.
	at org.apache.ratis.grpc.client.GrpcClientProtocolClient$AsyncStreamObservers.onNext(GrpcClientProtocolClient.java:307)
	at org.apache.ratis.grpc.client.GrpcClientRpc.sendRequestAsync(GrpcClientRpc.java:68)
	at org.apache.ratis.client.impl.OrderedAsync.sendRequest(OrderedAsync.java:208)
	... 15 more
]]></error>
    <system-out><![CDATA[2019-10-14 18:05:04,642 [main] INFO  ozone.RatisTestHelper (RatisTestHelper.java:initRatisConf(107)) - dfs.container.ratis.rpc.type = GRPC
2019-10-14 18:05:05,194 [main] INFO  impl.RaftServerProxy (ConfUtils.java:logGet(43)) - raft.rpc.type = GRPC (default)
2019-10-14 18:05:05,262 [main] INFO  grpc.GrpcFactory (GrpcFactory.java:checkPooledByteBufAllocatorUseCacheForAllThreads(45)) - PERFORMANCE WARNING: useCacheForAllThreads is true that may cause Netty to create a lot garbage objects and, as a result, trigger GC.
	It is recommended to disable useCacheForAllThreads by setting -Dorg.apache.ratis.thirdparty.io.netty.allocator.useCacheForAllThreads=false in command line.
2019-10-14 18:05:05,267 [main] INFO  grpc.GrpcConfigKeys$Server (ConfUtils.java:logGet(43)) - raft.grpc.server.port = 34193 (custom)
2019-10-14 18:05:05,268 [main] INFO  server.GrpcService (ConfUtils.java:logGet(43)) - raft.grpc.message.size.max = 33570816 (custom)
2019-10-14 18:05:05,271 [main] INFO  server.RaftServerConfigKeys (ConfUtils.java:logGet(43)) - raft.server.log.appender.buffer.byte-limit = 33554432 (custom)
2019-10-14 18:05:05,272 [main] INFO  server.GrpcService (ConfUtils.java:logGet(43)) - raft.grpc.flow.control.window = 1MB (=1048576) (default)
2019-10-14 18:05:05,272 [main] INFO  server.RaftServerConfigKeys (ConfUtils.java:logGet(43)) - raft.server.rpc.request.timeout = 3000ms (default)
2019-10-14 18:05:05,450 [main] INFO  server.RaftServerConfigKeys (ConfUtils.java:logGet(43)) - raft.server.storage.dir = [/workdir/hadoop-ozone/integration-test/target/test-dir/dfs/1af49d8a-7783-4123-9ce9-cd27128ae3a0] (custom)
2019-10-14 18:05:05,459 [main] INFO  ratis.XceiverServerRatis (XceiverServerRatis.java:start(425)) - Starting XceiverServerRatis 1af49d8a-7783-4123-9ce9-cd27128ae3a0 at port 34193
2019-10-14 18:05:05,473 [main] INFO  impl.RaftServerProxy (RaftServerProxy.java:lambda$start$3(299)) - 1af49d8a-7783-4123-9ce9-cd27128ae3a0: start RPC server
2019-10-14 18:05:05,584 [main] INFO  server.GrpcService (GrpcService.java:startImpl(158)) - 1af49d8a-7783-4123-9ce9-cd27128ae3a0: GrpcService started, listening on 0.0.0.0/0.0.0.0:34193
2019-10-14 18:05:06,211 [grpc-default-executor-0] INFO  impl.RaftServerProxy (RaftServerProxy.java:addNew(89)) - 1af49d8a-7783-4123-9ce9-cd27128ae3a0: addNew group-AC692B896D12:[1af49d8a-7783-4123-9ce9-cd27128ae3a0:0.0.0.0:34193] returns group-AC692B896D12:java.util.concurrent.CompletableFuture@1c1120f8[Not completed]
2019-10-14 18:05:06,255 [pool-2-thread-1] INFO  impl.RaftServerImpl (RaftServerImpl.java:<init>(95)) - 1af49d8a-7783-4123-9ce9-cd27128ae3a0: new RaftServerImpl for group-AC692B896D12:[1af49d8a-7783-4123-9ce9-cd27128ae3a0:0.0.0.0:34193] with ContainerStateMachine:uninitialized
2019-10-14 18:05:06,257 [pool-2-thread-1] INFO  server.RaftServerConfigKeys (ConfUtils.java:logGet(43)) - raft.server.rpc.timeout.min = 5s (custom)
2019-10-14 18:05:06,257 [pool-2-thread-1] INFO  server.RaftServerConfigKeys (ConfUtils.java:logGet(43)) - raft.server.rpc.timeout.max = 5200ms (custom)
2019-10-14 18:05:06,259 [pool-2-thread-1] INFO  server.RaftServerConfigKeys (ConfUtils.java:logGet(43)) - raft.server.rpcslowness.timeout = 120s (custom)
2019-10-14 18:05:06,259 [pool-2-thread-1] INFO  server.RaftServerConfigKeys (ConfUtils.java:logGet(43)) - raft.server.sleep.deviation.threshold = 300 (default)
2019-10-14 18:05:06,260 [pool-2-thread-1] INFO  server.RaftServerConfigKeys (ConfUtils.java:logGet(43)) - raft.server.log.appender.install.snapshot.enabled = false (custom)
2019-10-14 18:05:06,266 [pool-2-thread-1] INFO  impl.RaftServerImpl (ServerState.java:<init>(103)) - 1af49d8a-7783-4123-9ce9-cd27128ae3a0@group-AC692B896D12: ConfigurationManager, init=-1: [1af49d8a-7783-4123-9ce9-cd27128ae3a0:0.0.0.0:34193], old=null, confs=<EMPTY_MAP>
2019-10-14 18:05:06,267 [pool-2-thread-1] INFO  server.RaftServerConfigKeys (ConfUtils.java:logGet(43)) - raft.server.storage.dir = [/workdir/hadoop-ozone/integration-test/target/test-dir/dfs/1af49d8a-7783-4123-9ce9-cd27128ae3a0] (custom)
2019-10-14 18:05:06,274 [pool-2-thread-1] INFO  server.RaftServerConfigKeys (ConfUtils.java:logGet(43)) - raft.server.log.corruption.policy = EXCEPTION (default)
2019-10-14 18:05:06,275 [pool-2-thread-1] INFO  storage.RaftStorageDirectory (RaftStorageDirectory.java:analyzeStorage(246)) - The storage directory /workdir/hadoop-ozone/integration-test/target/test-dir/dfs/1af49d8a-7783-4123-9ce9-cd27128ae3a0/30b26b8f-b947-40bd-bad5-ac692b896d12 does not exist. Creating ...
2019-10-14 18:05:06,306 [pool-2-thread-1] INFO  storage.RaftStorageDirectory (RaftStorageDirectory.java:tryLock(328)) - Lock on /workdir/hadoop-ozone/integration-test/target/test-dir/dfs/1af49d8a-7783-4123-9ce9-cd27128ae3a0/30b26b8f-b947-40bd-bad5-ac692b896d12/in_use.lock acquired by nodename 12217@pr-hdds-1868-bw92q-2561037059
2019-10-14 18:05:06,336 [pool-2-thread-1] INFO  storage.RaftStorage (RaftStorage.java:format(84)) - Storage directory /workdir/hadoop-ozone/integration-test/target/test-dir/dfs/1af49d8a-7783-4123-9ce9-cd27128ae3a0/30b26b8f-b947-40bd-bad5-ac692b896d12 has been successfully formatted.
2019-10-14 18:05:06,340 [pool-2-thread-1] INFO  ratis.ContainerStateMachine (ContainerStateMachine.java:loadSnapshot(233)) - group-AC692B896D12: The snapshot info is null. Setting the last applied indexto:(t:0, i:~)
2019-10-14 18:05:06,340 [pool-2-thread-1] INFO  server.RaftServerConfigKeys (ConfUtils.java:logGet(43)) - raft.server.notification.no-leader.timeout = 120s (custom)
2019-10-14 18:05:06,343 [pool-2-thread-1] INFO  server.RaftServerConfigKeys (ConfUtils.java:logGet(43)) - raft.server.log.use.memory = false (default)
2019-10-14 18:05:06,350 [pool-2-thread-1] INFO  server.RaftServerConfigKeys (ConfUtils.java:logGet(43)) - raft.server.log.purge.gap = 1000000 (custom)
2019-10-14 18:05:06,350 [pool-2-thread-1] INFO  server.RaftServerConfigKeys (ConfUtils.java:logGet(43)) - raft.server.log.appender.buffer.byte-limit = 33554432 (custom)
2019-10-14 18:05:06,353 [pool-2-thread-1] INFO  server.RaftServerConfigKeys (ConfUtils.java:logGet(43)) - raft.server.log.segment.size.max = 1048576 (custom)
2019-10-14 18:05:06,738 [pool-2-thread-1] WARN  impl.MetricsConfig (MetricsConfig.java:loadFirst(134)) - Cannot locate configuration: tried hadoop-metrics2-ratis.properties,hadoop-metrics2.properties
2019-10-14 18:05:06,752 [pool-2-thread-1] INFO  impl.MetricsSystemImpl (MetricsSystemImpl.java:startTimer(374)) - Scheduled Metric snapshot period at 10 second(s).
2019-10-14 18:05:06,752 [pool-2-thread-1] INFO  impl.MetricsSystemImpl (MetricsSystemImpl.java:start(191)) - ratis metrics system started
2019-10-14 18:05:06,758 [pool-2-thread-1] INFO  metrics.MetricRegistries (MetricRegistriesLoader.java:load(64)) - Loaded MetricRegistries class org.apache.ratis.metrics.impl.MetricRegistriesImpl
2019-10-14 18:05:06,790 [pool-2-thread-1] INFO  server.RaftServerConfigKeys (ConfUtils.java:logGet(43)) - raft.server.log.segment.cache.num.max = 2 (custom)
2019-10-14 18:05:06,795 [pool-2-thread-1] INFO  segmented.SegmentedRaftLogWorker (SegmentedRaftLogWorker.java:<init>(173)) - new 1af49d8a-7783-4123-9ce9-cd27128ae3a0@group-AC692B896D12-SegmentedRaftLogWorker for RaftStorage:Storage Directory /workdir/hadoop-ozone/integration-test/target/test-dir/dfs/1af49d8a-7783-4123-9ce9-cd27128ae3a0/30b26b8f-b947-40bd-bad5-ac692b896d12
2019-10-14 18:05:06,795 [pool-2-thread-1] INFO  server.RaftServerConfigKeys (ConfUtils.java:logGet(43)) - raft.server.log.queue.byte-limit = 2147483647 (custom)
2019-10-14 18:05:06,796 [pool-2-thread-1] INFO  server.RaftServerConfigKeys (ConfUtils.java:logGet(43)) - raft.server.log.queue.element-limit = 1024 (custom)
2019-10-14 18:05:06,797 [pool-2-thread-1] INFO  server.RaftServerConfigKeys (ConfUtils.java:logGet(43)) - raft.server.log.segment.size.max = 1048576 (custom)
2019-10-14 18:05:06,798 [pool-2-thread-1] INFO  server.RaftServerConfigKeys (ConfUtils.java:logGet(43)) - raft.server.log.preallocated.size = 16384 (custom)
2019-10-14 18:05:06,798 [pool-2-thread-1] INFO  server.RaftServerConfigKeys (ConfUtils.java:logGet(43)) - raft.server.log.write.buffer.size = 33554432 (custom)
2019-10-14 18:05:06,799 [pool-2-thread-1] INFO  server.RaftServerConfigKeys (ConfUtils.java:logGet(43)) - raft.server.log.force.sync.num = 128 (default)
2019-10-14 18:05:06,799 [pool-2-thread-1] INFO  server.RaftServerConfigKeys (ConfUtils.java:logGet(43)) - raft.server.log.statemachine.data.sync = true (default)
2019-10-14 18:05:06,800 [pool-2-thread-1] INFO  server.RaftServerConfigKeys (ConfUtils.java:logGet(43)) - raft.server.log.statemachine.data.sync.timeout = 10s (default)
2019-10-14 18:05:06,800 [pool-2-thread-1] INFO  server.RaftServerConfigKeys (ConfUtils.java:logGet(43)) - raft.server.log.statemachine.data.sync.timeout.retry = -1 (default)
2019-10-14 18:05:06,810 [pool-2-thread-1] INFO  server.RaftServerConfigKeys (ConfUtils.java:logGet(43)) - raft.server.log.statemachine.data.caching.enabled = true (custom)
2019-10-14 18:05:06,814 [pool-2-thread-1] INFO  segmented.SegmentedRaftLogWorker (SegmentedRaftLogWorker.java:lambda$new$0(128)) - 1af49d8a-7783-4123-9ce9-cd27128ae3a0@group-AC692B896D12-SegmentedRaftLogWorker: flushIndex: setUnconditionally 0 -> -1
2019-10-14 18:05:06,818 [pool-2-thread-1] INFO  server.RaftServerConfigKeys (ConfUtils.java:logGet(43)) - raft.server.snapshot.auto.trigger.enabled = true (custom)
2019-10-14 18:05:06,819 [pool-2-thread-1] INFO  server.RaftServerConfigKeys (ConfUtils.java:logGet(43)) - raft.server.snapshot.auto.trigger.threshold = 10000 (custom)
2019-10-14 18:05:06,820 [pool-2-thread-1] INFO  server.RaftServerConfigKeys (ConfUtils.java:logGet(43)) - raft.server.snapshot.retention.file.num = 5 (custom)
2019-10-14 18:05:06,820 [pool-2-thread-1] INFO  server.RaftServerConfigKeys (ConfUtils.java:logGet(43)) - raft.server.retrycache.expirytime = 600000ms (custom)
2019-10-14 18:05:06,844 [pool-2-thread-1] INFO  impl.RaftServerImpl (RaftServerImpl.java:start(181)) - 1af49d8a-7783-4123-9ce9-cd27128ae3a0@group-AC692B896D12: start as a follower, conf=-1: [1af49d8a-7783-4123-9ce9-cd27128ae3a0:0.0.0.0:34193], old=null
2019-10-14 18:05:06,845 [pool-2-thread-1] INFO  impl.RaftServerImpl (RaftServerImpl.java:setRole(170)) - 1af49d8a-7783-4123-9ce9-cd27128ae3a0@group-AC692B896D12: changes role from      null to FOLLOWER at term 0 for startAsFollower
2019-10-14 18:05:06,847 [pool-2-thread-1] INFO  impl.RoleInfo (RoleInfo.java:updateAndGet(143)) - 1af49d8a-7783-4123-9ce9-cd27128ae3a0: start FollowerState
2019-10-14 18:05:06,848 [pool-2-thread-1] INFO  util.JmxRegister (JmxRegister.java:tryRegister(44)) - Successfully registered JMX Bean with object name Ratis:service=RaftServer,group=group-AC692B896D12,id=1af49d8a-7783-4123-9ce9-cd27128ae3a0
2019-10-14 18:05:06,901 [main] WARN  impl.MetricsSystemImpl (MetricsSystemImpl.java:init(151)) - ratis metrics system already initialized!
2019-10-14 18:05:11,861 [Thread-4] INFO  impl.FollowerState (FollowerState.java:run(108)) - 1af49d8a-7783-4123-9ce9-cd27128ae3a0@group-AC692B896D12-FollowerState: change to CANDIDATE, lastRpcTime:5015ms, electionTimeout:5014ms
2019-10-14 18:05:11,867 [Thread-4] INFO  impl.RoleInfo (RoleInfo.java:shutdownFollowerState(121)) - 1af49d8a-7783-4123-9ce9-cd27128ae3a0: shutdown FollowerState
2019-10-14 18:05:11,868 [Thread-4] INFO  impl.RaftServerImpl (RaftServerImpl.java:setRole(170)) - 1af49d8a-7783-4123-9ce9-cd27128ae3a0@group-AC692B896D12: changes role from  FOLLOWER to CANDIDATE at term 0 for changeToCandidate
2019-10-14 18:05:11,872 [Thread-4] INFO  impl.RoleInfo (RoleInfo.java:updateAndGet(143)) - 1af49d8a-7783-4123-9ce9-cd27128ae3a0: start LeaderElection
2019-10-14 18:05:11,933 [1af49d8a-7783-4123-9ce9-cd27128ae3a0@group-AC692B896D12-LeaderElection1] INFO  impl.LeaderElection (LeaderElection.java:askForVotes(178)) - 1af49d8a-7783-4123-9ce9-cd27128ae3a0@group-AC692B896D12-LeaderElection1: begin an election at term 1 for -1: [1af49d8a-7783-4123-9ce9-cd27128ae3a0:0.0.0.0:34193], old=null
2019-10-14 18:05:11,935 [1af49d8a-7783-4123-9ce9-cd27128ae3a0@group-AC692B896D12-LeaderElection1] INFO  impl.RoleInfo (RoleInfo.java:shutdownLeaderElection(134)) - 1af49d8a-7783-4123-9ce9-cd27128ae3a0: shutdown LeaderElection
2019-10-14 18:05:11,936 [1af49d8a-7783-4123-9ce9-cd27128ae3a0@group-AC692B896D12-LeaderElection1] INFO  impl.RaftServerImpl (RaftServerImpl.java:setRole(170)) - 1af49d8a-7783-4123-9ce9-cd27128ae3a0@group-AC692B896D12: changes role from CANDIDATE to LEADER at term 1 for changeToLeader
2019-10-14 18:05:11,936 [1af49d8a-7783-4123-9ce9-cd27128ae3a0@group-AC692B896D12-LeaderElection1] INFO  ratis.XceiverServerRatis (XceiverServerRatis.java:handleLeaderChangedNotification(702)) - Leader change notification received for group: group-AC692B896D12 with new leaderId: 1af49d8a-7783-4123-9ce9-cd27128ae3a0
2019-10-14 18:05:11,941 [1af49d8a-7783-4123-9ce9-cd27128ae3a0@group-AC692B896D12-LeaderElection1] INFO  impl.LeaderElection (LeaderElection.java:run(137)) - 1af49d8a-7783-4123-9ce9-cd27128ae3a0@group-AC692B896D12-LeaderElection1: NullPointerException is safely ignored since this is already CLOSING
java.lang.NullPointerException
	at org.apache.hadoop.ozone.container.common.transport.server.ratis.XceiverServerRatis.handleLeaderChangedNotification(XceiverServerRatis.java:707)
	at org.apache.hadoop.ozone.container.common.transport.server.ratis.ContainerStateMachine.notifyLeaderChanged(ContainerStateMachine.java:877)
	at org.apache.ratis.server.impl.ServerState.setLeader(ServerState.java:253)
	at org.apache.ratis.server.impl.ServerState.becomeLeader(ServerState.java:274)
	at org.apache.ratis.server.impl.RaftServerImpl.changeToLeader(RaftServerImpl.java:342)
	at org.apache.ratis.server.impl.LeaderElection.askForVotes(LeaderElection.java:210)
	at org.apache.ratis.server.impl.LeaderElection.run(LeaderElection.java:133)
	at java.lang.Thread.run(Thread.java:748)
2019-10-14 18:08:08,062 [main] INFO  impl.RaftServerProxy (RaftServerProxy.java:lambda$close$4(314)) - 1af49d8a-7783-4123-9ce9-cd27128ae3a0: close
2019-10-14 18:08:08,064 [main] INFO  impl.RaftServerImpl (RaftServerImpl.java:lambda$shutdown$3(247)) - 1af49d8a-7783-4123-9ce9-cd27128ae3a0@group-AC692B896D12: shutdown
2019-10-14 18:08:08,065 [main] INFO  util.JmxRegister (JmxRegister.java:unregister(73)) - Successfully un-registered JMX Bean with object name Ratis:service=RaftServer,group=group-AC692B896D12,id=1af49d8a-7783-4123-9ce9-cd27128ae3a0
2019-10-14 18:08:08,065 [main] INFO  impl.StateMachineUpdater (StateMachineUpdater.java:stopAndJoin(136)) - 1af49d8a-7783-4123-9ce9-cd27128ae3a0@group-AC692B896D12-StateMachineUpdater: set stopIndex = -1
2019-10-14 18:08:08,066 [main] INFO  impl.RaftServerImpl (ServerState.java:close(387)) - 1af49d8a-7783-4123-9ce9-cd27128ae3a0@group-AC692B896D12: closes. applyIndex: -1
2019-10-14 18:08:08,069 [1af49d8a-7783-4123-9ce9-cd27128ae3a0@group-AC692B896D12-SegmentedRaftLogWorker] INFO  segmented.SegmentedRaftLogWorker (SegmentedRaftLogWorker.java:run(316)) - 1af49d8a-7783-4123-9ce9-cd27128ae3a0@group-AC692B896D12-SegmentedRaftLogWorker was interrupted, exiting. There are 0 tasks remaining in the queue.
2019-10-14 18:08:08,070 [main] INFO  segmented.SegmentedRaftLogWorker (SegmentedRaftLogWorker.java:close(224)) - 1af49d8a-7783-4123-9ce9-cd27128ae3a0@group-AC692B896D12-SegmentedRaftLogWorker close()
2019-10-14 18:08:08,072 [main] INFO  server.GrpcService (GrpcService.java:closeImpl(164)) - 1af49d8a-7783-4123-9ce9-cd27128ae3a0: shutdown server with port 34193 now
2019-10-14 18:08:08,074 [main] INFO  server.GrpcService (GrpcService.java:closeImpl(172)) - 1af49d8a-7783-4123-9ce9-cd27128ae3a0: shutdown server with port 34193 successfully
]]></system-out>
    <system-err><![CDATA[ERROR StatusLogger No Log4j 2 configuration file found. Using default configuration (logging only errors to the console), or user programmatically provided configurations. Set system property 'log4j2.debug' to show Log4j 2 internal initialization logging. See https://logging.apache.org/log4j/2.x/manual/configuration.html for instructions on how to configure Log4j 2
Oct 14, 2019 6:06:21 PM org.apache.ratis.thirdparty.io.grpc.internal.ManagedChannelOrphanWrapper$ManagedChannelReference cleanQueue
SEVERE: *~*~*~ Channel ManagedChannelImpl{logId=4, target=0.0.0.0:34193} was not shutdown properly!!! ~*~*~*
    Make sure to call shutdown()/shutdownNow() and wait until awaitTermination() returns true.
java.lang.RuntimeException: ManagedChannel allocation site
	at org.apache.ratis.thirdparty.io.grpc.internal.ManagedChannelOrphanWrapper$ManagedChannelReference.<init>(ManagedChannelOrphanWrapper.java:103)
	at org.apache.ratis.thirdparty.io.grpc.internal.ManagedChannelOrphanWrapper.<init>(ManagedChannelOrphanWrapper.java:53)
	at org.apache.ratis.thirdparty.io.grpc.internal.ManagedChannelOrphanWrapper.<init>(ManagedChannelOrphanWrapper.java:44)
	at org.apache.ratis.thirdparty.io.grpc.internal.AbstractManagedChannelImplBuilder.build(AbstractManagedChannelImplBuilder.java:411)
	at org.apache.ratis.grpc.client.GrpcClientProtocolClient.<init>(GrpcClientProtocolClient.java:128)
	at org.apache.ratis.grpc.client.GrpcClientRpc.lambda$new$0(GrpcClientRpc.java:55)
	at org.apache.ratis.util.PeerProxyMap$PeerAndProxy.lambda$getProxy$0(PeerProxyMap.java:61)
	at org.apache.ratis.util.LifeCycle.startAndTransition(LifeCycle.java:202)
	at org.apache.ratis.util.PeerProxyMap$PeerAndProxy.getProxy(PeerProxyMap.java:60)
	at org.apache.ratis.util.PeerProxyMap.getProxy(PeerProxyMap.java:108)
	at org.apache.ratis.grpc.client.GrpcClientRpc.sendRequest(GrpcClientRpc.java:91)
	at org.apache.ratis.client.impl.RaftClientImpl.sendRequest(RaftClientImpl.java:278)
	at org.apache.ratis.client.impl.RaftClientImpl.groupAdd(RaftClientImpl.java:205)
	at org.apache.hadoop.ozone.RatisTestHelper.initXceiverServerRatis(RatisTestHelper.java:133)
	at org.apache.hadoop.ozone.container.common.transport.server.ratis.TestCSMMetrics.lambda$testContainerStateMachineMetrics$1(TestCSMMetrics.java:85)
	at org.apache.hadoop.ozone.container.common.transport.server.ratis.TestCSMMetrics.runContainerStateMachineMetrics(TestCSMMetrics.java:110)
	at org.apache.hadoop.ozone.container.common.transport.server.ratis.TestCSMMetrics.testContainerStateMachineMetrics(TestCSMMetrics.java:81)
	at sun.reflect.NativeMethodAccessorImpl.invoke0(Native Method)
	at sun.reflect.NativeMethodAccessorImpl.invoke(NativeMethodAccessorImpl.java:62)
	at sun.reflect.DelegatingMethodAccessorImpl.invoke(DelegatingMethodAccessorImpl.java:43)
	at java.lang.reflect.Method.invoke(Method.java:498)
	at org.junit.runners.model.FrameworkMethod$1.runReflectiveCall(FrameworkMethod.java:47)
	at org.junit.internal.runners.model.ReflectiveCallable.run(ReflectiveCallable.java:12)
	at org.junit.runners.model.FrameworkMethod.invokeExplosively(FrameworkMethod.java:44)
	at org.junit.internal.runners.statements.InvokeMethod.evaluate(InvokeMethod.java:17)
	at org.junit.runners.ParentRunner.runLeaf(ParentRunner.java:271)
	at org.junit.runners.BlockJUnit4ClassRunner.runChild(BlockJUnit4ClassRunner.java:70)
	at org.junit.runners.BlockJUnit4ClassRunner.runChild(BlockJUnit4ClassRunner.java:50)
	at org.junit.runners.ParentRunner$3.run(ParentRunner.java:238)
	at org.junit.runners.ParentRunner$1.schedule(ParentRunner.java:63)
	at org.junit.runners.ParentRunner.runChildren(ParentRunner.java:236)
	at org.junit.runners.ParentRunner.access$000(ParentRunner.java:53)
	at org.junit.runners.ParentRunner$2.evaluate(ParentRunner.java:229)
	at org.junit.runners.ParentRunner.run(ParentRunner.java:309)
	at org.apache.maven.surefire.junit4.JUnit4Provider.execute(JUnit4Provider.java:365)
	at org.apache.maven.surefire.junit4.JUnit4Provider.executeWithRerun(JUnit4Provider.java:273)
	at org.apache.maven.surefire.junit4.JUnit4Provider.executeTestSet(JUnit4Provider.java:238)
	at org.apache.maven.surefire.junit4.JUnit4Provider.invoke(JUnit4Provider.java:159)
	at org.apache.maven.surefire.booter.ForkedBooter.invokeProviderInSameClassLoader(ForkedBooter.java:384)
	at org.apache.maven.surefire.booter.ForkedBooter.runSuitesInProcess(ForkedBooter.java:345)
	at org.apache.maven.surefire.booter.ForkedBooter.execute(ForkedBooter.java:126)
	at org.apache.maven.surefire.booter.ForkedBooter.main(ForkedBooter.java:418)

]]></system-err>
  </testcase>
</testsuite>