# JRE version: OpenJDK Runtime Environment (8.0_212-b04) (build 1.8.0_212-b04)
# Java VM: OpenJDK 64-Bit Server VM (25.212-b04 mixed mode linux-amd64 compressed oops)
Heap:
 PSYoungGen      total 611840K, used 311737K [0x00000000d5580000, 0x0000000100000000, 0x0000000100000000)
  eden space 524800K, 59% used [0x00000000d5580000,0x00000000e85ee710,0x00000000f5600000)
  from space 87040K, 0% used [0x00000000fab00000,0x00000000fab00000,0x0000000100000000)
  to   space 87040K, 0% used [0x00000000f5600000,0x00000000f5600000,0x00000000fab00000)
 ParOldGen       total 1398272K, used 29101K [0x0000000080000000, 0x00000000d5580000, 0x00000000d5580000)
  object space 1398272K, 2% used [0x0000000080000000,0x0000000081c6b568,0x00000000d5580000)
 Metaspace       used 63729K, capacity 66384K, committed 66560K, reserved 1107968K
  class space    used 7362K, capacity 7846K, committed 7936K, reserved 1048576K
GC Heap History (10 events):
Event: 5.164 GC heap before
{Heap before GC invocations=3 (full 1):
 PSYoungGen      total 611840K, used 468134K [0x00000000d5580000, 0x0000000100000000, 0x0000000100000000)
  eden space 524800K, 89% used [0x00000000d5580000,0x00000000f1ea99e0,0x00000000f5600000)
  from space 87040K, 0% used [0x00000000f5600000,0x00000000f5600000,0x00000000fab00000)
  to   space 87040K, 0% used [0x00000000fab00000,0x00000000fab00000,0x0000000100000000)
 ParOldGen       total 862720K, used 13719K [0x0000000080000000, 0x00000000b4a80000, 0x00000000d5580000)
  object space 862720K, 1% used [0x0000000080000000,0x0000000080d65cc8,0x00000000b4a80000)
 Metaspace       used 34801K, capacity 35188K, committed 35416K, reserved 1081344K
  class space    used 3969K, capacity 4092K, committed 4096K, reserved 1048576K
Event: 5.216 GC heap after
Heap after GC invocations=3 (full 1):
 PSYoungGen      total 611840K, used 19245K [0x00000000d5580000, 0x0000000100000000, 0x0000000100000000)
  eden space 524800K, 0% used [0x00000000d5580000,0x00000000d5580000,0x00000000f5600000)
  from space 87040K, 22% used [0x00000000fab00000,0x00000000fbdcb790,0x0000000100000000)
  to   space 87040K, 0% used [0x00000000f5600000,0x00000000f5600000,0x00000000fab00000)
 ParOldGen       total 862720K, used 13719K [0x0000000080000000, 0x00000000b4a80000, 0x00000000d5580000)
  object space 862720K, 1% used [0x0000000080000000,0x0000000080d65cc8,0x00000000b4a80000)
 Metaspace       used 34801K, capacity 35188K, committed 35416K, reserved 1081344K
  class space    used 3969K, capacity 4092K, committed 4096K, reserved 1048576K
}
Event: 5.216 GC heap before
{Heap before GC invocations=4 (full 2):
 PSYoungGen      total 611840K, used 19245K [0x00000000d5580000, 0x0000000100000000, 0x0000000100000000)
  eden space 524800K, 0% used [0x00000000d5580000,0x00000000d5580000,0x00000000f5600000)
  from space 87040K, 22% used [0x00000000fab00000,0x00000000fbdcb790,0x0000000100000000)
  to   space 87040K, 0% used [0x00000000f5600000,0x00000000f5600000,0x00000000fab00000)
 ParOldGen       total 862720K, used 13719K [0x0000000080000000, 0x00000000b4a80000, 0x00000000d5580000)
  object space 862720K, 1% used [0x0000000080000000,0x0000000080d65cc8,0x00000000b4a80000)
 Metaspace       used 34801K, capacity 35188K, committed 35416K, reserved 1081344K
  class space    used 3969K, capacity 4092K, committed 4096K, reserved 1048576K
Event: 5.369 GC heap after
Heap after GC invocations=4 (full 2):
 PSYoungGen      total 611840K, used 0K [0x00000000d5580000, 0x0000000100000000, 0x0000000100000000)
  eden space 524800K, 0% used [0x00000000d5580000,0x00000000d5580000,0x00000000f5600000)
  from space 87040K, 0% used [0x00000000fab00000,0x00000000fab00000,0x0000000100000000)
  to   space 87040K, 0% used [0x00000000f5600000,0x00000000f5600000,0x00000000fab00000)
 ParOldGen       total 1398272K, used 23533K [0x0000000080000000, 0x00000000d5580000, 0x00000000d5580000)
  object space 1398272K, 1% used [0x0000000080000000,0x00000000816fb6f8,0x00000000d5580000)
 Metaspace       used 34801K, capacity 35188K, committed 35416K, reserved 1081344K
  class space    used 3969K, capacity 4092K, committed 4096K, reserved 1048576K
}
Event: 12.293 GC heap before
{Heap before GC invocations=5 (full 2):
 PSYoungGen      total 611840K, used 524800K [0x00000000d5580000, 0x0000000100000000, 0x0000000100000000)
  eden space 524800K, 100% used [0x00000000d5580000,0x00000000f5600000,0x00000000f5600000)
  from space 87040K, 0% used [0x00000000fab00000,0x00000000fab00000,0x0000000100000000)
  to   space 87040K, 0% used [0x00000000f5600000,0x00000000f5600000,0x00000000fab00000)
 ParOldGen       total 1398272K, used 23533K [0x0000000080000000, 0x00000000d5580000, 0x00000000d5580000)
  object space 1398272K, 1% used [0x0000000080000000,0x00000000816fb6f8,0x00000000d5580000)
 Metaspace       used 53947K, capacity 55354K, committed 55552K, reserved 1097728K
  class space    used 6276K, capacity 6539K, committed 6656K, reserved 1048576K
Event: 12.401 GC heap after
Heap after GC invocations=5 (full 2):
 PSYoungGen      total 611840K, used 29018K [0x00000000d5580000, 0x0000000100000000, 0x0000000100000000)
  eden space 524800K, 0% used [0x00000000d5580000,0x00000000d5580000,0x00000000f5600000)
  from space 87040K, 33% used [0x00000000f5600000,0x00000000f7256a68,0x00000000fab00000)
  to   space 87040K, 0% used [0x00000000fab00000,0x00000000fab00000,0x0000000100000000)
 ParOldGen       total 1398272K, used 23541K [0x0000000080000000, 0x00000000d5580000, 0x00000000d5580000)
  object space 1398272K, 1% used [0x0000000080000000,0x00000000816fd6f8,0x00000000d5580000)
 Metaspace       used 53947K, capacity 55354K, committed 55552K, reserved 1097728K
  class space    used 6276K, capacity 6539K, committed 6656K, reserved 1048576K
}
Event: 13.211 GC heap before
{Heap before GC invocations=6 (full 2):
 PSYoungGen      total 611840K, used 164891K [0x00000000d5580000, 0x0000000100000000, 0x0000000100000000)
  eden space 524800K, 25% used [0x00000000d5580000,0x00000000dda30410,0x00000000f5600000)
  from space 87040K, 33% used [0x00000000f5600000,0x00000000f7256a68,0x00000000fab00000)
  to   space 87040K, 0% used [0x00000000fab00000,0x00000000fab00000,0x0000000100000000)
 ParOldGen       total 1398272K, used 23541K [0x0000000080000000, 0x00000000d5580000, 0x00000000d5580000)
  object space 1398272K, 1% used [0x0000000080000000,0x00000000816fd6f8,0x00000000d5580000)
 Metaspace       used 57176K, capacity 58872K, committed 59008K, reserved 1101824K
  class space    used 6620K, capacity 6936K, committed 7040K, reserved 1048576K
Event: 13.240 GC heap after
Heap after GC invocations=6 (full 2):
 PSYoungGen      total 611840K, used 17319K [0x00000000d5580000, 0x0000000100000000, 0x0000000100000000)
  eden space 524800K, 0% used [0x00000000d5580000,0x00000000d5580000,0x00000000f5600000)
  from space 87040K, 19% used [0x00000000fab00000,0x00000000fbbe9e18,0x0000000100000000)
  to   space 87040K, 0% used [0x00000000f5600000,0x00000000f5600000,0x00000000fab00000)
 ParOldGen       total 1398272K, used 23549K [0x0000000080000000, 0x00000000d5580000, 0x00000000d5580000)
  object space 1398272K, 1% used [0x0000000080000000,0x00000000816ff6f8,0x00000000d5580000)
 Metaspace       used 57176K, capacity 58872K, committed 59008K, reserved 1101824K
  class space    used 6620K, capacity 6936K, committed 7040K, reserved 1048576K
}
Event: 13.240 GC heap before
{Heap before GC invocations=7 (full 3):
 PSYoungGen      total 611840K, used 17319K [0x00000000d5580000, 0x0000000100000000, 0x0000000100000000)
  eden space 524800K, 0% used [0x00000000d5580000,0x00000000d5580000,0x00000000f5600000)
  from space 87040K, 19% used [0x00000000fab00000,0x00000000fbbe9e18,0x0000000100000000)
  to   space 87040K, 0% used [0x00000000f5600000,0x00000000f5600000,0x00000000fab00000)
 ParOldGen       total 1398272K, used 23549K [0x0000000080000000, 0x00000000d5580000, 0x00000000d5580000)
  object space 1398272K, 1% used [0x0000000080000000,0x00000000816ff6f8,0x00000000d5580000)
 Metaspace       used 57176K, capacity 58872K, committed 59008K, reserved 1101824K
  class space    used 6620K, capacity 6936K, committed 7040K, reserved 1048576K
Event: 13.507 GC heap after
Heap after GC invocations=7 (full 3):
 PSYoungGen      total 611840K, used 0K [0x00000000d5580000, 0x0000000100000000, 0x0000000100000000)
  eden space 524800K, 0% used [0x00000000d5580000,0x00000000d5580000,0x00000000f5600000)
  from space 87040K, 0% used [0x00000000fab00000,0x00000000fab00000,0x0000000100000000)
  to   space 87040K, 0% used [0x00000000f5600000,0x00000000f5600000,0x00000000fab00000)
 ParOldGen       total 1398272K, used 29101K [0x0000000080000000, 0x00000000d5580000, 0x00000000d5580000)
  object space 1398272K, 2% used [0x0000000080000000,0x0000000081c6b568,0x00000000d5580000)
 Metaspace       used 57062K, capacity 58572K, committed 59008K, reserved 1101824K
  class space    used 6580K, capacity 6866K, committed 7040K, reserved 1048576K
}

