# JRE version: OpenJDK Runtime Environment (8.0_212-b04) (build 1.8.0_212-b04)
# Java VM: OpenJDK 64-Bit Server VM (25.212-b04 mixed mode linux-amd64 compressed oops)
Heap:
 PSYoungGen      total 611840K, used 197664K [0x00000000d5580000, 0x0000000100000000, 0x0000000100000000)
  eden space 524800K, 37% used [0x00000000d5580000,0x00000000e1688108,0x00000000f5600000)
  from space 87040K, 0% used [0x00000000f5600000,0x00000000f5600000,0x00000000fab00000)
  to   space 87040K, 0% used [0x00000000fab00000,0x00000000fab00000,0x0000000100000000)
 ParOldGen       total 1398272K, used 41643K [0x0000000080000000, 0x00000000d5580000, 0x00000000d5580000)
  object space 1398272K, 2% used [0x0000000080000000,0x00000000828aaed0,0x00000000d5580000)
 Metaspace       used 63022K, capacity 65472K, committed 65664K, reserved 1107968K
  class space    used 7283K, capacity 7716K, committed 7808K, reserved 1048576K
GC Heap History (10 events):
Event: 2.426 GC heap before
{Heap before GC invocations=2 (full 1):
 PSYoungGen      total 611840K, used 14328K [0x00000000d5580000, 0x0000000100000000, 0x0000000100000000)
  eden space 524800K, 0% used [0x00000000d5580000,0x00000000d5580000,0x00000000f5600000)
  from space 87040K, 16% used [0x00000000f5600000,0x00000000f63fe0c8,0x00000000fab00000)
  to   space 87040K, 0% used [0x00000000fab00000,0x00000000fab00000,0x0000000100000000)
 ParOldGen       total 1398272K, used 80K [0x0000000080000000, 0x00000000d5580000, 0x00000000d5580000)
  object space 1398272K, 0% used [0x0000000080000000,0x0000000080014010,0x00000000d5580000)
 Metaspace       used 20875K, capacity 21106K, committed 21248K, reserved 1069056K
  class space    used 2370K, capacity 2482K, committed 2560K, reserved 1048576K
Event: 2.517 GC heap after
Heap after GC invocations=2 (full 1):
 PSYoungGen      total 611840K, used 0K [0x00000000d5580000, 0x0000000100000000, 0x0000000100000000)
  eden space 524800K, 0% used [0x00000000d5580000,0x00000000d5580000,0x00000000f5600000)
  from space 87040K, 0% used [0x00000000f5600000,0x00000000f5600000,0x00000000fab00000)
  to   space 87040K, 0% used [0x00000000fab00000,0x00000000fab00000,0x0000000100000000)
 ParOldGen       total 868864K, used 13829K [0x0000000080000000, 0x00000000b5080000, 0x00000000d5580000)
  object space 868864K, 1% used [0x0000000080000000,0x0000000080d814c8,0x00000000b5080000)
 Metaspace       used 20875K, capacity 21106K, committed 21248K, reserved 1069056K
  class space    used 2370K, capacity 2482K, committed 2560K, reserved 1048576K
}
Event: 5.180 GC heap before
{Heap before GC invocations=3 (full 1):
 PSYoungGen      total 611840K, used 424051K [0x00000000d5580000, 0x0000000100000000, 0x0000000100000000)
  eden space 524800K, 80% used [0x00000000d5580000,0x00000000ef39cf70,0x00000000f5600000)
  from space 87040K, 0% used [0x00000000f5600000,0x00000000f5600000,0x00000000fab00000)
  to   space 87040K, 0% used [0x00000000fab00000,0x00000000fab00000,0x0000000100000000)
 ParOldGen       total 868864K, used 13829K [0x0000000080000000, 0x00000000b5080000, 0x00000000d5580000)
  object space 868864K, 1% used [0x0000000080000000,0x0000000080d814c8,0x00000000b5080000)
 Metaspace       used 34709K, capacity 35092K, committed 35416K, reserved 1081344K
  class space    used 3954K, capacity 4060K, committed 4096K, reserved 1048576K
Event: 5.222 GC heap after
Heap after GC invocations=3 (full 1):
 PSYoungGen      total 611840K, used 19099K [0x00000000d5580000, 0x0000000100000000, 0x0000000100000000)
  eden space 524800K, 0% used [0x00000000d5580000,0x00000000d5580000,0x00000000f5600000)
  from space 87040K, 21% used [0x00000000fab00000,0x00000000fbda6c00,0x0000000100000000)
  to   space 87040K, 0% used [0x00000000f5600000,0x00000000f5600000,0x00000000fab00000)
 ParOldGen       total 868864K, used 13837K [0x0000000080000000, 0x00000000b5080000, 0x00000000d5580000)
  object space 868864K, 1% used [0x0000000080000000,0x0000000080d834c8,0x00000000b5080000)
 Metaspace       used 34709K, capacity 35092K, committed 35416K, reserved 1081344K
  class space    used 3954K, capacity 4060K, committed 4096K, reserved 1048576K
}
Event: 5.222 GC heap before
{Heap before GC invocations=4 (full 2):
 PSYoungGen      total 611840K, used 19099K [0x00000000d5580000, 0x0000000100000000, 0x0000000100000000)
  eden space 524800K, 0% used [0x00000000d5580000,0x00000000d5580000,0x00000000f5600000)
  from space 87040K, 21% used [0x00000000fab00000,0x00000000fbda6c00,0x0000000100000000)
  to   space 87040K, 0% used [0x00000000f5600000,0x00000000f5600000,0x00000000fab00000)
 ParOldGen       total 868864K, used 13837K [0x0000000080000000, 0x00000000b5080000, 0x00000000d5580000)
  object space 868864K, 1% used [0x0000000080000000,0x0000000080d834c8,0x00000000b5080000)
 Metaspace       used 34709K, capacity 35092K, committed 35416K, reserved 1081344K
  class space    used 3954K, capacity 4060K, committed 4096K, reserved 1048576K
Event: 5.361 GC heap after
Heap after GC invocations=4 (full 2):
 PSYoungGen      total 611840K, used 0K [0x00000000d5580000, 0x0000000100000000, 0x0000000100000000)
  eden space 524800K, 0% used [0x00000000d5580000,0x00000000d5580000,0x00000000f5600000)
  from space 87040K, 0% used [0x00000000fab00000,0x00000000fab00000,0x0000000100000000)
  to   space 87040K, 0% used [0x00000000f5600000,0x00000000f5600000,0x00000000fab00000)
 ParOldGen       total 1398272K, used 23457K [0x0000000080000000, 0x00000000d5580000, 0x00000000d5580000)
  object space 1398272K, 1% used [0x0000000080000000,0x00000000816e8688,0x00000000d5580000)
 Metaspace       used 34709K, capacity 35092K, committed 35416K, reserved 1081344K
  class space    used 3954K, capacity 4060K, committed 4096K, reserved 1048576K
}
Event: 12.054 GC heap before
{Heap before GC invocations=5 (full 2):
 PSYoungGen      total 611840K, used 422079K [0x00000000d5580000, 0x0000000100000000, 0x0000000100000000)
  eden space 524800K, 80% used [0x00000000d5580000,0x00000000ef1aff78,0x00000000f5600000)
  from space 87040K, 0% used [0x00000000fab00000,0x00000000fab00000,0x0000000100000000)
  to   space 87040K, 0% used [0x00000000f5600000,0x00000000f5600000,0x00000000fab00000)
 ParOldGen       total 1398272K, used 23457K [0x0000000080000000, 0x00000000d5580000, 0x00000000d5580000)
  object space 1398272K, 1% used [0x0000000080000000,0x00000000816e8688,0x00000000d5580000)
 Metaspace       used 57425K, capacity 58820K, committed 59028K, reserved 1101824K
  class space    used 6660K, capacity 6902K, committed 6912K, reserved 1048576K
Event: 12.128 GC heap after
Heap after GC invocations=5 (full 2):
 PSYoungGen      total 611840K, used 31189K [0x00000000d5580000, 0x0000000100000000, 0x0000000100000000)
  eden space 524800K, 0% used [0x00000000d5580000,0x00000000d5580000,0x00000000f5600000)
  from space 87040K, 35% used [0x00000000f5600000,0x00000000f74755f0,0x00000000fab00000)
  to   space 87040K, 0% used [0x00000000fab00000,0x00000000fab00000,0x0000000100000000)
 ParOldGen       total 1398272K, used 23465K [0x0000000080000000, 0x00000000d5580000, 0x00000000d5580000)
  object space 1398272K, 1% used [0x0000000080000000,0x00000000816ea688,0x00000000d5580000)
 Metaspace       used 57425K, capacity 58820K, committed 59028K, reserved 1101824K
  class space    used 6660K, capacity 6902K, committed 6912K, reserved 1048576K
}
Event: 12.128 GC heap before
{Heap before GC invocations=6 (full 3):
 PSYoungGen      total 611840K, used 31189K [0x00000000d5580000, 0x0000000100000000, 0x0000000100000000)
  eden space 524800K, 0% used [0x00000000d5580000,0x00000000d5580000,0x00000000f5600000)
  from space 87040K, 35% used [0x00000000f5600000,0x00000000f74755f0,0x00000000fab00000)
  to   space 87040K, 0% used [0x00000000fab00000,0x00000000fab00000,0x0000000100000000)
 ParOldGen       total 1398272K, used 23465K [0x0000000080000000, 0x00000000d5580000, 0x00000000d5580000)
  object space 1398272K, 1% used [0x0000000080000000,0x00000000816ea688,0x00000000d5580000)
 Metaspace       used 57425K, capacity 58820K, committed 59028K, reserved 1101824K
  class space    used 6660K, capacity 6902K, committed 6912K, reserved 1048576K
Event: 12.416 GC heap after
Heap after GC invocations=6 (full 3):
 PSYoungGen      total 611840K, used 0K [0x00000000d5580000, 0x0000000100000000, 0x0000000100000000)
  eden space 524800K, 0% used [0x00000000d5580000,0x00000000d5580000,0x00000000f5600000)
  from space 87040K, 0% used [0x00000000f5600000,0x00000000f5600000,0x00000000fab00000)
  to   space 87040K, 0% used [0x00000000fab00000,0x00000000fab00000,0x0000000100000000)
 ParOldGen       total 1398272K, used 41643K [0x0000000080000000, 0x00000000d5580000, 0x00000000d5580000)
  object space 1398272K, 2% used [0x0000000080000000,0x00000000828aaed0,0x00000000d5580000)
 Metaspace       used 57394K, capacity 58738K, committed 59028K, reserved 1101824K
  class space    used 6649K, capacity 6883K, committed 6912K, reserved 1048576K
}

