# JRE version: OpenJDK Runtime Environment (8.0_212-b04) (build 1.8.0_212-b04)
# Java VM: OpenJDK 64-Bit Server VM (25.212-b04 mixed mode linux-amd64 compressed oops)
Heap:
 PSYoungGen      total 578048K, used 104448K [0x00000000d5580000, 0x0000000100000000, 0x0000000100000000)
  eden space 547328K, 13% used [0x00000000d5580000,0x00000000da04c5b0,0x00000000f6c00000)
  from space 30720K, 90% used [0x00000000f8d80000,0x00000000fa8b3c30,0x00000000fab80000)
  to   space 34304K, 0% used [0x00000000f6c00000,0x00000000f6c00000,0x00000000f8d80000)
 ParOldGen       total 1398272K, used 962750K [0x0000000080000000, 0x00000000d5580000, 0x00000000d5580000)
  object space 1398272K, 68% used [0x0000000080000000,0x00000000bac2faa0,0x00000000d5580000)
 Metaspace       used 65640K, capacity 68270K, committed 68480K, reserved 1110016K
  class space    used 7498K, capacity 7949K, committed 8064K, reserved 1048576K
GC Heap History (10 events):
Event: 8.580 GC heap before
{Heap before GC invocations=5 (full 2):
 PSYoungGen      total 611840K, used 524800K [0x00000000d5580000, 0x0000000100000000, 0x0000000100000000)
  eden space 524800K, 100% used [0x00000000d5580000,0x00000000f5600000,0x00000000f5600000)
  from space 87040K, 0% used [0x00000000fab00000,0x00000000fab00000,0x0000000100000000)
  to   space 87040K, 0% used [0x00000000f5600000,0x00000000f5600000,0x00000000fab00000)
 ParOldGen       total 1398272K, used 23813K [0x0000000080000000, 0x00000000d5580000, 0x00000000d5580000)
  object space 1398272K, 1% used [0x0000000080000000,0x0000000081741688,0x00000000d5580000)
 Metaspace       used 44694K, capacity 45590K, committed 45824K, reserved 1089536K
  class space    used 5174K, capacity 5375K, committed 5376K, reserved 1048576K
Event: 8.636 GC heap after
Heap after GC invocations=5 (full 2):
 PSYoungGen      total 611840K, used 17203K [0x00000000d5580000, 0x0000000100000000, 0x0000000100000000)
  eden space 524800K, 0% used [0x00000000d5580000,0x00000000d5580000,0x00000000f5600000)
  from space 87040K, 19% used [0x00000000f5600000,0x00000000f66ccf50,0x00000000fab00000)
  to   space 87040K, 0% used [0x00000000fab00000,0x00000000fab00000,0x0000000100000000)
 ParOldGen       total 1398272K, used 23821K [0x0000000080000000, 0x00000000d5580000, 0x00000000d5580000)
  object space 1398272K, 1% used [0x0000000080000000,0x0000000081743688,0x00000000d5580000)
 Metaspace       used 44694K, capacity 45590K, committed 45824K, reserved 1089536K
  class space    used 5174K, capacity 5375K, committed 5376K, reserved 1048576K
}
Event: 12.753 GC heap before
{Heap before GC invocations=6 (full 2):
 PSYoungGen      total 611840K, used 322454K [0x00000000d5580000, 0x0000000100000000, 0x0000000100000000)
  eden space 524800K, 58% used [0x00000000d5580000,0x00000000e7f98998,0x00000000f5600000)
  from space 87040K, 19% used [0x00000000f5600000,0x00000000f66ccf50,0x00000000fab00000)
  to   space 87040K, 0% used [0x00000000fab00000,0x00000000fab00000,0x0000000100000000)
 ParOldGen       total 1398272K, used 23821K [0x0000000080000000, 0x00000000d5580000, 0x00000000d5580000)
  object space 1398272K, 1% used [0x0000000080000000,0x0000000081743688,0x00000000d5580000)
 Metaspace       used 57558K, capacity 58976K, committed 59028K, reserved 1101824K
  class space    used 6624K, capacity 6904K, committed 6912K, reserved 1048576K
Event: 12.836 GC heap after
Heap after GC invocations=6 (full 2):
 PSYoungGen      total 611840K, used 29786K [0x00000000d5580000, 0x0000000100000000, 0x0000000100000000)
  eden space 524800K, 0% used [0x00000000d5580000,0x00000000d5580000,0x00000000f5600000)
  from space 87040K, 34% used [0x00000000fab00000,0x00000000fc816b80,0x0000000100000000)
  to   space 87040K, 0% used [0x00000000f5600000,0x00000000f5600000,0x00000000fab00000)
 ParOldGen       total 1398272K, used 23829K [0x0000000080000000, 0x00000000d5580000, 0x00000000d5580000)
  object space 1398272K, 1% used [0x0000000080000000,0x0000000081745688,0x00000000d5580000)
 Metaspace       used 57558K, capacity 58976K, committed 59028K, reserved 1101824K
  class space    used 6624K, capacity 6904K, committed 6912K, reserved 1048576K
}
Event: 12.836 GC heap before
{Heap before GC invocations=7 (full 3):
 PSYoungGen      total 611840K, used 29786K [0x00000000d5580000, 0x0000000100000000, 0x0000000100000000)
  eden space 524800K, 0% used [0x00000000d5580000,0x00000000d5580000,0x00000000f5600000)
  from space 87040K, 34% used [0x00000000fab00000,0x00000000fc816b80,0x0000000100000000)
  to   space 87040K, 0% used [0x00000000f5600000,0x00000000f5600000,0x00000000fab00000)
 ParOldGen       total 1398272K, used 23829K [0x0000000080000000, 0x00000000d5580000, 0x00000000d5580000)
  object space 1398272K, 1% used [0x0000000080000000,0x0000000081745688,0x00000000d5580000)
 Metaspace       used 57558K, capacity 58976K, committed 59028K, reserved 1101824K
  class space    used 6624K, capacity 6904K, committed 6912K, reserved 1048576K
Event: 13.145 GC heap after
Heap after GC invocations=7 (full 3):
 PSYoungGen      total 611840K, used 0K [0x00000000d5580000, 0x0000000100000000, 0x0000000100000000)
  eden space 524800K, 0% used [0x00000000d5580000,0x00000000d5580000,0x00000000f5600000)
  from space 87040K, 0% used [0x00000000fab00000,0x00000000fab00000,0x0000000100000000)
  to   space 87040K, 0% used [0x00000000f5600000,0x00000000f5600000,0x00000000fab00000)
 ParOldGen       total 1398272K, used 41134K [0x0000000080000000, 0x00000000d5580000, 0x00000000d5580000)
  object space 1398272K, 2% used [0x0000000080000000,0x000000008282ba50,0x00000000d5580000)
 Metaspace       used 57526K, capacity 58892K, committed 59028K, reserved 1101824K
  class space    used 6613K, capacity 6884K, committed 6912K, reserved 1048576K
}
Event: 19.526 GC heap before
{Heap before GC invocations=8 (full 3):
 PSYoungGen      total 611840K, used 360319K [0x00000000d5580000, 0x0000000100000000, 0x0000000100000000)
  eden space 524800K, 68% used [0x00000000d5580000,0x00000000eb55fd78,0x00000000f5600000)
  from space 87040K, 0% used [0x00000000fab00000,0x00000000fab00000,0x0000000100000000)
  to   space 87040K, 0% used [0x00000000f5600000,0x00000000f5600000,0x00000000fab00000)
 ParOldGen       total 1398272K, used 41134K [0x0000000080000000, 0x00000000d5580000, 0x00000000d5580000)
  object space 1398272K, 2% used [0x0000000080000000,0x000000008282ba50,0x00000000d5580000)
 Metaspace       used 60516K, capacity 62492K, committed 62720K, reserved 1103872K
  class space    used 6996K, capacity 7356K, committed 7424K, reserved 1048576K
Event: 19.778 GC heap after
Heap after GC invocations=8 (full 3):
 PSYoungGen      total 535040K, used 9928K [0x00000000d5580000, 0x00000000fab80000, 0x0000000100000000)
  eden space 524800K, 0% used [0x00000000d5580000,0x00000000d5580000,0x00000000f5600000)
  from space 10240K, 96% used [0x00000000f5600000,0x00000000f5fb2290,0x00000000f6000000)
  to   space 30720K, 0% used [0x00000000f8d80000,0x00000000f8d80000,0x00000000fab80000)
 ParOldGen       total 1398272K, used 450742K [0x0000000080000000, 0x00000000d5580000, 0x00000000d5580000)
  object space 1398272K, 32% used [0x0000000080000000,0x000000009b82da70,0x00000000d5580000)
 Metaspace       used 60516K, capacity 62492K, committed 62720K, reserved 1103872K
  class space    used 6996K, capacity 7356K, committed 7424K, reserved 1048576K
}
Event: 34.306 GC heap before
{Heap before GC invocations=9 (full 3):
 PSYoungGen      total 535040K, used 534298K [0x00000000d5580000, 0x00000000fab80000, 0x0000000100000000)
  eden space 524800K, 99% used [0x00000000d5580000,0x00000000f55946a0,0x00000000f5600000)
  from space 10240K, 96% used [0x00000000f5600000,0x00000000f5fb2290,0x00000000f6000000)
  to   space 30720K, 0% used [0x00000000f8d80000,0x00000000f8d80000,0x00000000fab80000)
 ParOldGen       total 1398272K, used 757942K [0x0000000080000000, 0x00000000d5580000, 0x00000000d5580000)
  object space 1398272K, 54% used [0x0000000080000000,0x00000000ae42da80,0x00000000d5580000)
 Metaspace       used 64648K, capacity 67010K, committed 67200K, reserved 1107968K
  class space    used 7378K, capacity 7801K, committed 7808K, reserved 1048576K
Event: 34.617 GC heap after
Heap after GC invocations=9 (full 3):
 PSYoungGen      total 578048K, used 27855K [0x00000000d5580000, 0x0000000100000000, 0x0000000100000000)
  eden space 547328K, 0% used [0x00000000d5580000,0x00000000d5580000,0x00000000f6c00000)
  from space 30720K, 90% used [0x00000000f8d80000,0x00000000fa8b3c30,0x00000000fab80000)
  to   space 34304K, 0% used [0x00000000f6c00000,0x00000000f6c00000,0x00000000f8d80000)
 ParOldGen       total 1398272K, used 962750K [0x0000000080000000, 0x00000000d5580000, 0x00000000d5580000)
  object space 1398272K, 68% used [0x0000000080000000,0x00000000bac2faa0,0x00000000d5580000)
 Metaspace       used 64648K, capacity 67010K, committed 67200K, reserved 1107968K
  class space    used 7378K, capacity 7801K, committed 7808K, reserved 1048576K
}

