# JRE version: OpenJDK Runtime Environment (8.0_212-b04) (build 1.8.0_212-b04)
# Java VM: OpenJDK 64-Bit Server VM (25.212-b04 mixed mode linux-amd64 compressed oops)
Heap:
 PSYoungGen      total 461312K, used 189061K [0x00000000d5580000, 0x00000000ffd00000, 0x0000000100000000)
  eden space 229888K, 27% used [0x00000000d5580000,0x00000000d929cc28,0x00000000e3600000)
  from space 231424K, 54% used [0x00000000f1b00000,0x00000000f9684820,0x00000000ffd00000)
  to   space 232960K, 0% used [0x00000000e3600000,0x00000000e3600000,0x00000000f1980000)
 ParOldGen       total 1398272K, used 193929K [0x0000000080000000, 0x00000000d5580000, 0x00000000d5580000)
  object space 1398272K, 13% used [0x0000000080000000,0x000000008bd624d0,0x00000000d5580000)
 Metaspace       used 69993K, capacity 72990K, committed 73216K, reserved 1114112K
  class space    used 7630K, capacity 8135K, committed 8192K, reserved 1048576K
GC Heap History (10 events):
Event: 550.802 GC heap before
{Heap before GC invocations=11 (full 3):
 PSYoungGen      total 536064K, used 535827K [0x00000000d5580000, 0x0000000100000000, 0x0000000100000000)
  eden space 399872K, 100% used [0x00000000d5580000,0x00000000edc00000,0x00000000edc00000)
  from space 136192K, 99% used [0x00000000edc00000,0x00000000f60c4e48,0x00000000f6100000)
  to   space 162816K, 0% used [0x00000000f6100000,0x00000000f6100000,0x0000000100000000)
 ParOldGen       total 1398272K, used 110701K [0x0000000080000000, 0x00000000d5580000, 0x00000000d5580000)
  object space 1398272K, 7% used [0x0000000080000000,0x0000000086c1b4e8,0x00000000d5580000)
 Metaspace       used 69207K, capacity 72090K, committed 72448K, reserved 1114112K
  class space    used 7607K, capacity 8087K, committed 8192K, reserved 1048576K
Event: 551.055 GC heap after
Heap after GC invocations=11 (full 3):
 PSYoungGen      total 459264K, used 160331K [0x00000000d5580000, 0x0000000100000000, 0x0000000100000000)
  eden space 296448K, 0% used [0x00000000d5580000,0x00000000d5580000,0x00000000e7700000)
  from space 162816K, 98% used [0x00000000f6100000,0x00000000ffd92e58,0x0000000100000000)
  to   space 201216K, 0% used [0x00000000e7700000,0x00000000e7700000,0x00000000f3b80000)
 ParOldGen       total 1398272K, used 110709K [0x0000000080000000, 0x00000000d5580000, 0x00000000d5580000)
  object space 1398272K, 7% used [0x0000000080000000,0x0000000086c1d4e8,0x00000000d5580000)
 Metaspace       used 69207K, capacity 72090K, committed 72448K, reserved 1114112K
  class space    used 7607K, capacity 8087K, committed 8192K, reserved 1048576K
}
Event: 613.796 GC heap before
{Heap before GC invocations=12 (full 3):
 PSYoungGen      total 459264K, used 456779K [0x00000000d5580000, 0x0000000100000000, 0x0000000100000000)
  eden space 296448K, 100% used [0x00000000d5580000,0x00000000e7700000,0x00000000e7700000)
  from space 162816K, 98% used [0x00000000f6100000,0x00000000ffd92e58,0x0000000100000000)
  to   space 201216K, 0% used [0x00000000e7700000,0x00000000e7700000,0x00000000f3b80000)
 ParOldGen       total 1398272K, used 110709K [0x0000000080000000, 0x00000000d5580000, 0x00000000d5580000)
  object space 1398272K, 7% used [0x0000000080000000,0x0000000086c1d4e8,0x00000000d5580000)
 Metaspace       used 69424K, capacity 72332K, committed 72448K, reserved 1114112K
  class space    used 7616K, capacity 8096K, committed 8192K, reserved 1048576K
Event: 613.964 GC heap after
Heap after GC invocations=12 (full 3):
 PSYoungGen      total 460800K, used 166449K [0x00000000d5580000, 0x0000000100000000, 0x0000000100000000)
  eden space 293888K, 0% used [0x00000000d5580000,0x00000000d5580000,0x00000000e7480000)
  from space 166912K, 99% used [0x00000000e7700000,0x00000000f198c4d0,0x00000000f1a00000)
  to   space 222208K, 0% used [0x00000000f2700000,0x00000000f2700000,0x0000000100000000)
 ParOldGen       total 1398272K, used 110709K [0x0000000080000000, 0x00000000d5580000, 0x00000000d5580000)
  object space 1398272K, 7% used [0x0000000080000000,0x0000000086c1d4e8,0x00000000d5580000)
 Metaspace       used 69424K, capacity 72332K, committed 72448K, reserved 1114112K
  class space    used 7616K, capacity 8096K, committed 8192K, reserved 1048576K
}
Event: 682.821 GC heap before
{Heap before GC invocations=13 (full 3):
 PSYoungGen      total 460800K, used 460337K [0x00000000d5580000, 0x0000000100000000, 0x0000000100000000)
  eden space 293888K, 100% used [0x00000000d5580000,0x00000000e7480000,0x00000000e7480000)
  from space 166912K, 99% used [0x00000000e7700000,0x00000000f198c4d0,0x00000000f1a00000)
  to   space 222208K, 0% used [0x00000000f2700000,0x00000000f2700000,0x0000000100000000)
 ParOldGen       total 1398272K, used 110709K [0x0000000080000000, 0x00000000d5580000, 0x00000000d5580000)
  object space 1398272K, 7% used [0x0000000080000000,0x0000000086c1d4e8,0x00000000d5580000)
 Metaspace       used 69629K, capacity 72584K, committed 72704K, reserved 1114112K
  class space    used 7626K, capacity 8132K, committed 8192K, reserved 1048576K
Event: 683.014 GC heap after
Heap after GC invocations=13 (full 3):
 PSYoungGen      total 455168K, used 188305K [0x00000000d5580000, 0x0000000100000000, 0x0000000100000000)
  eden space 232960K, 0% used [0x00000000d5580000,0x00000000d5580000,0x00000000e3900000)
  from space 222208K, 84% used [0x00000000f2700000,0x00000000fdee44d8,0x0000000100000000)
  to   space 232960K, 0% used [0x00000000e3900000,0x00000000e3900000,0x00000000f1c80000)
 ParOldGen       total 1398272K, used 110709K [0x0000000080000000, 0x00000000d5580000, 0x00000000d5580000)
  object space 1398272K, 7% used [0x0000000080000000,0x0000000086c1d4e8,0x00000000d5580000)
 Metaspace       used 69629K, capacity 72584K, committed 72704K, reserved 1114112K
  class space    used 7626K, capacity 8132K, committed 8192K, reserved 1048576K
}
Event: 732.872 GC heap before
{Heap before GC invocations=14 (full 3):
 PSYoungGen      total 455168K, used 421265K [0x00000000d5580000, 0x0000000100000000, 0x0000000100000000)
  eden space 232960K, 100% used [0x00000000d5580000,0x00000000e3900000,0x00000000e3900000)
  from space 222208K, 84% used [0x00000000f2700000,0x00000000fdee44d8,0x0000000100000000)
  to   space 232960K, 0% used [0x00000000e3900000,0x00000000e3900000,0x00000000f1c80000)
 ParOldGen       total 1398272K, used 110709K [0x0000000080000000, 0x00000000d5580000, 0x00000000d5580000)
  object space 1398272K, 7% used [0x0000000080000000,0x0000000086c1d4e8,0x00000000d5580000)
 Metaspace       used 69772K, capacity 72734K, committed 72960K, reserved 1114112K
  class space    used 7629K, capacity 8135K, committed 8192K, reserved 1048576K
Event: 733.130 GC heap after
Heap after GC invocations=14 (full 3):
 PSYoungGen      total 404480K, used 172682K [0x00000000d5580000, 0x00000000ffe80000, 0x0000000100000000)
  eden space 231424K, 0% used [0x00000000d5580000,0x00000000d5580000,0x00000000e3780000)
  from space 173056K, 99% used [0x00000000e3900000,0x00000000ee1a2bb0,0x00000000ee200000)
  to   space 232960K, 0% used [0x00000000f1b00000,0x00000000f1b00000,0x00000000ffe80000)
 ParOldGen       total 1398272K, used 130325K [0x0000000080000000, 0x00000000d5580000, 0x00000000d5580000)
  object space 1398272K, 9% used [0x0000000080000000,0x0000000087f456e0,0x00000000d5580000)
 Metaspace       used 69772K, capacity 72734K, committed 72960K, reserved 1114112K
  class space    used 7629K, capacity 8135K, committed 8192K, reserved 1048576K
}
Event: 783.017 GC heap before
{Heap before GC invocations=15 (full 3):
 PSYoungGen      total 404480K, used 404106K [0x00000000d5580000, 0x00000000ffe80000, 0x0000000100000000)
  eden space 231424K, 100% used [0x00000000d5580000,0x00000000e3780000,0x00000000e3780000)
  from space 173056K, 99% used [0x00000000e3900000,0x00000000ee1a2bb0,0x00000000ee200000)
  to   space 232960K, 0% used [0x00000000f1b00000,0x00000000f1b00000,0x00000000ffe80000)
 ParOldGen       total 1398272K, used 130325K [0x0000000080000000, 0x00000000d5580000, 0x00000000d5580000)
  object space 1398272K, 9% used [0x0000000080000000,0x0000000087f456e0,0x00000000d5580000)
 Metaspace       used 69965K, capacity 72926K, committed 73216K, reserved 1114112K
  class space    used 7630K, capacity 8135K, committed 8192K, reserved 1048576K
Event: 783.247 GC heap after
Heap after GC invocations=15 (full 3):
 PSYoungGen      total 461312K, used 126482K [0x00000000d5580000, 0x00000000ffd00000, 0x0000000100000000)
  eden space 229888K, 0% used [0x00000000d5580000,0x00000000d5580000,0x00000000e3600000)
  from space 231424K, 54% used [0x00000000f1b00000,0x00000000f9684820,0x00000000ffd00000)
  to   space 232960K, 0% used [0x00000000e3600000,0x00000000e3600000,0x00000000f1980000)
 ParOldGen       total 1398272K, used 193929K [0x0000000080000000, 0x00000000d5580000, 0x00000000d5580000)
  object space 1398272K, 13% used [0x0000000080000000,0x000000008bd624d0,0x00000000d5580000)
 Metaspace       used 69965K, capacity 72926K, committed 73216K, reserved 1114112K
  class space    used 7630K, capacity 8135K, committed 8192K, reserved 1048576K
}

