# JRE version: OpenJDK Runtime Environment (8.0_212-b04) (build 1.8.0_212-b04)
# Java VM: OpenJDK 64-Bit Server VM (25.212-b04 mixed mode linux-amd64 compressed oops)
Heap:
 PSYoungGen      total 565248K, used 559882K [0x00000000d5580000, 0x0000000100000000, 0x0000000100000000)
  eden space 523264K, 98% used [0x00000000d5580000,0x00000000f4f44878,0x00000000f5480000)
  from space 41984K, 99% used [0x00000000f9100000,0x00000000fb9fdf88,0x00000000fba00000)
  to   space 61952K, 0% used [0x00000000f5480000,0x00000000f5480000,0x00000000f9100000)
 ParOldGen       total 1398272K, used 42991K [0x0000000080000000, 0x00000000d5580000, 0x00000000d5580000)
  object space 1398272K, 3% used [0x0000000080000000,0x00000000829fbe18,0x00000000d5580000)
 Metaspace       used 82661K, capacity 86349K, committed 86528K, reserved 1126400K
  class space    used 9289K, capacity 9919K, committed 9984K, reserved 1048576K
GC Heap History (10 events):
Event: 7.972 GC heap before
{Heap before GC invocations=5 (full 2):
 PSYoungGen      total 611840K, used 524800K [0x00000000d5580000, 0x0000000100000000, 0x0000000100000000)
  eden space 524800K, 100% used [0x00000000d5580000,0x00000000f5600000,0x00000000f5600000)
  from space 87040K, 0% used [0x00000000fab00000,0x00000000fab00000,0x0000000100000000)
  to   space 87040K, 0% used [0x00000000f5600000,0x00000000f5600000,0x00000000fab00000)
 ParOldGen       total 1398272K, used 24295K [0x0000000080000000, 0x00000000d5580000, 0x00000000d5580000)
  object space 1398272K, 1% used [0x0000000080000000,0x00000000817b9c10,0x00000000d5580000)
 Metaspace       used 49382K, capacity 50184K, committed 50432K, reserved 1093632K
  class space    used 5868K, capacity 6054K, committed 6144K, reserved 1048576K
Event: 8.014 GC heap after
Heap after GC invocations=5 (full 2):
 PSYoungGen      total 611840K, used 20912K [0x00000000d5580000, 0x0000000100000000, 0x0000000100000000)
  eden space 524800K, 0% used [0x00000000d5580000,0x00000000d5580000,0x00000000f5600000)
  from space 87040K, 24% used [0x00000000f5600000,0x00000000f6a6c0c8,0x00000000fab00000)
  to   space 87040K, 0% used [0x00000000fab00000,0x00000000fab00000,0x0000000100000000)
 ParOldGen       total 1398272K, used 24303K [0x0000000080000000, 0x00000000d5580000, 0x00000000d5580000)
  object space 1398272K, 1% used [0x0000000080000000,0x00000000817bbc10,0x00000000d5580000)
 Metaspace       used 49382K, capacity 50184K, committed 50432K, reserved 1093632K
  class space    used 5868K, capacity 6054K, committed 6144K, reserved 1048576K
}
Event: 12.131 GC heap before
{Heap before GC invocations=6 (full 2):
 PSYoungGen      total 611840K, used 323610K [0x00000000d5580000, 0x0000000100000000, 0x0000000100000000)
  eden space 524800K, 57% used [0x00000000d5580000,0x00000000e7d1a828,0x00000000f5600000)
  from space 87040K, 24% used [0x00000000f5600000,0x00000000f6a6c0c8,0x00000000fab00000)
  to   space 87040K, 0% used [0x00000000fab00000,0x00000000fab00000,0x0000000100000000)
 ParOldGen       total 1398272K, used 24303K [0x0000000080000000, 0x00000000d5580000, 0x00000000d5580000)
  object space 1398272K, 1% used [0x0000000080000000,0x00000000817bbc10,0x00000000d5580000)
 Metaspace       used 57810K, capacity 58977K, committed 59028K, reserved 1101824K
  class space    used 6934K, capacity 7168K, committed 7168K, reserved 1048576K
Event: 12.164 GC heap after
Heap after GC invocations=6 (full 2):
 PSYoungGen      total 611840K, used 19931K [0x00000000d5580000, 0x0000000100000000, 0x0000000100000000)
  eden space 524800K, 0% used [0x00000000d5580000,0x00000000d5580000,0x00000000f5600000)
  from space 87040K, 22% used [0x00000000fab00000,0x00000000fbe76cc8,0x0000000100000000)
  to   space 87040K, 0% used [0x00000000f5600000,0x00000000f5600000,0x00000000fab00000)
 ParOldGen       total 1398272K, used 24311K [0x0000000080000000, 0x00000000d5580000, 0x00000000d5580000)
  object space 1398272K, 1% used [0x0000000080000000,0x00000000817bdc10,0x00000000d5580000)
 Metaspace       used 57810K, capacity 58977K, committed 59028K, reserved 1101824K
  class space    used 6934K, capacity 7168K, committed 7168K, reserved 1048576K
}
Event: 12.164 GC heap before
{Heap before GC invocations=7 (full 3):
 PSYoungGen      total 611840K, used 19931K [0x00000000d5580000, 0x0000000100000000, 0x0000000100000000)
  eden space 524800K, 0% used [0x00000000d5580000,0x00000000d5580000,0x00000000f5600000)
  from space 87040K, 22% used [0x00000000fab00000,0x00000000fbe76cc8,0x0000000100000000)
  to   space 87040K, 0% used [0x00000000f5600000,0x00000000f5600000,0x00000000fab00000)
 ParOldGen       total 1398272K, used 24311K [0x0000000080000000, 0x00000000d5580000, 0x00000000d5580000)
  object space 1398272K, 1% used [0x0000000080000000,0x00000000817bdc10,0x00000000d5580000)
 Metaspace       used 57810K, capacity 58977K, committed 59028K, reserved 1101824K
  class space    used 6934K, capacity 7168K, committed 7168K, reserved 1048576K
Event: 12.398 GC heap after
Heap after GC invocations=7 (full 3):
 PSYoungGen      total 611840K, used 0K [0x00000000d5580000, 0x0000000100000000, 0x0000000100000000)
  eden space 524800K, 0% used [0x00000000d5580000,0x00000000d5580000,0x00000000f5600000)
  from space 87040K, 0% used [0x00000000fab00000,0x00000000fab00000,0x0000000100000000)
  to   space 87040K, 0% used [0x00000000f5600000,0x00000000f5600000,0x00000000fab00000)
 ParOldGen       total 1398272K, used 32453K [0x0000000080000000, 0x00000000d5580000, 0x00000000d5580000)
  object space 1398272K, 2% used [0x0000000080000000,0x0000000081fb1600,0x00000000d5580000)
 Metaspace       used 57716K, capacity 58755K, committed 59028K, reserved 1101824K
  class space    used 6903K, capacity 7113K, committed 7168K, reserved 1048576K
}
Event: 31.662 GC heap before
{Heap before GC invocations=8 (full 3):
 PSYoungGen      total 611840K, used 524800K [0x00000000d5580000, 0x0000000100000000, 0x0000000100000000)
  eden space 524800K, 100% used [0x00000000d5580000,0x00000000f5600000,0x00000000f5600000)
  from space 87040K, 0% used [0x00000000fab00000,0x00000000fab00000,0x0000000100000000)
  to   space 87040K, 0% used [0x00000000f5600000,0x00000000f5600000,0x00000000fab00000)
 ParOldGen       total 1398272K, used 32453K [0x0000000080000000, 0x00000000d5580000, 0x00000000d5580000)
  object space 1398272K, 2% used [0x0000000080000000,0x0000000081fb1600,0x00000000d5580000)
 Metaspace       used 75852K, capacity 78655K, committed 78848K, reserved 1118208K
  class space    used 8845K, capacity 9368K, committed 9472K, reserved 1048576K
Event: 31.811 GC heap after
Heap after GC invocations=8 (full 3):
 PSYoungGen      total 585216K, used 60086K [0x00000000d5580000, 0x00000000fba00000, 0x0000000100000000)
  eden space 524800K, 0% used [0x00000000d5580000,0x00000000d5580000,0x00000000f5600000)
  from space 60416K, 99% used [0x00000000f5600000,0x00000000f90adbf0,0x00000000f9100000)
  to   space 41984K, 0% used [0x00000000f9100000,0x00000000f9100000,0x00000000fba00000)
 ParOldGen       total 1398272K, used 32453K [0x0000000080000000, 0x00000000d5580000, 0x00000000d5580000)
  object space 1398272K, 2% used [0x0000000080000000,0x0000000081fb1600,0x00000000d5580000)
 Metaspace       used 75852K, capacity 78655K, committed 78848K, reserved 1118208K
  class space    used 8845K, capacity 9368K, committed 9472K, reserved 1048576K
}
Event: 41.600 GC heap before
{Heap before GC invocations=9 (full 3):
 PSYoungGen      total 585216K, used 584886K [0x00000000d5580000, 0x00000000fba00000, 0x0000000100000000)
  eden space 524800K, 100% used [0x00000000d5580000,0x00000000f5600000,0x00000000f5600000)
  from space 60416K, 99% used [0x00000000f5600000,0x00000000f90adbf0,0x00000000f9100000)
  to   space 41984K, 0% used [0x00000000f9100000,0x00000000f9100000,0x00000000fba00000)
 ParOldGen       total 1398272K, used 32453K [0x0000000080000000, 0x00000000d5580000, 0x00000000d5580000)
  object space 1398272K, 2% used [0x0000000080000000,0x0000000081fb1600,0x00000000d5580000)
 Metaspace       used 80033K, capacity 83645K, committed 83840K, reserved 1124352K
  class space    used 9123K, capacity 9741K, committed 9856K, reserved 1048576K
Event: 41.674 GC heap after
Heap after GC invocations=9 (full 3):
 PSYoungGen      total 565248K, used 41975K [0x00000000d5580000, 0x0000000100000000, 0x0000000100000000)
  eden space 523264K, 0% used [0x00000000d5580000,0x00000000d5580000,0x00000000f5480000)
  from space 41984K, 99% used [0x00000000f9100000,0x00000000fb9fdf88,0x00000000fba00000)
  to   space 61952K, 0% used [0x00000000f5480000,0x00000000f5480000,0x00000000f9100000)
 ParOldGen       total 1398272K, used 42991K [0x0000000080000000, 0x00000000d5580000, 0x00000000d5580000)
  object space 1398272K, 3% used [0x0000000080000000,0x00000000829fbe18,0x00000000d5580000)
 Metaspace       used 80033K, capacity 83645K, committed 83840K, reserved 1124352K
  class space    used 9123K, capacity 9741K, committed 9856K, reserved 1048576K
}

