# JRE version: OpenJDK Runtime Environment (8.0_212-b04) (build 1.8.0_212-b04)
# Java VM: OpenJDK 64-Bit Server VM (25.212-b04 mixed mode linux-amd64 compressed oops)
Heap:
 PSYoungGen      total 537600K, used 423192K [0x00000000d5580000, 0x00000000fab80000, 0x0000000100000000)
  eden space 524800K, 78% used [0x00000000d5580000,0x00000000ee69cac0,0x00000000f5600000)
  from space 12800K, 97% used [0x00000000f5600000,0x00000000f6229760,0x00000000f6280000)
  to   space 29696K, 0% used [0x00000000f8e80000,0x00000000f8e80000,0x00000000fab80000)
 ParOldGen       total 1398272K, used 757423K [0x0000000080000000, 0x00000000d5580000, 0x00000000d5580000)
  object space 1398272K, 54% used [0x0000000080000000,0x00000000ae3abed0,0x00000000d5580000)
 Metaspace       used 63961K, capacity 66424K, committed 66432K, reserved 1107968K
  class space    used 7359K, capacity 7800K, committed 7808K, reserved 1048576K
GC Heap History (10 events):
Event: 5.089 GC heap before
{Heap before GC invocations=4 (full 2):
 PSYoungGen      total 611840K, used 19361K [0x00000000d5580000, 0x0000000100000000, 0x0000000100000000)
  eden space 524800K, 0% used [0x00000000d5580000,0x00000000d5580000,0x00000000f5600000)
  from space 87040K, 22% used [0x00000000fab00000,0x00000000fbde8750,0x0000000100000000)
  to   space 87040K, 0% used [0x00000000f5600000,0x00000000f5600000,0x00000000fab00000)
 ParOldGen       total 855040K, used 14216K [0x0000000080000000, 0x00000000b4300000, 0x00000000d5580000)
  object space 855040K, 1% used [0x0000000080000000,0x0000000080de21c8,0x00000000b4300000)
 Metaspace       used 34749K, capacity 35092K, committed 35416K, reserved 1081344K
  class space    used 3953K, capacity 4060K, committed 4096K, reserved 1048576K
Event: 5.202 GC heap after
Heap after GC invocations=4 (full 2):
 PSYoungGen      total 611840K, used 0K [0x00000000d5580000, 0x0000000100000000, 0x0000000100000000)
  eden space 524800K, 0% used [0x00000000d5580000,0x00000000d5580000,0x00000000f5600000)
  from space 87040K, 0% used [0x00000000fab00000,0x00000000fab00000,0x0000000100000000)
  to   space 87040K, 0% used [0x00000000f5600000,0x00000000f5600000,0x00000000fab00000)
 ParOldGen       total 1398272K, used 23862K [0x0000000080000000, 0x00000000d5580000, 0x00000000d5580000)
  object space 1398272K, 1% used [0x0000000080000000,0x000000008174d9c8,0x00000000d5580000)
 Metaspace       used 34749K, capacity 35092K, committed 35416K, reserved 1081344K
  class space    used 3953K, capacity 4060K, committed 4096K, reserved 1048576K
}
Event: 8.783 GC heap before
{Heap before GC invocations=5 (full 2):
 PSYoungGen      total 611840K, used 524800K [0x00000000d5580000, 0x0000000100000000, 0x0000000100000000)
  eden space 524800K, 100% used [0x00000000d5580000,0x00000000f5600000,0x00000000f5600000)
  from space 87040K, 0% used [0x00000000fab00000,0x00000000fab00000,0x0000000100000000)
  to   space 87040K, 0% used [0x00000000f5600000,0x00000000f5600000,0x00000000fab00000)
 ParOldGen       total 1398272K, used 23862K [0x0000000080000000, 0x00000000d5580000, 0x00000000d5580000)
  object space 1398272K, 1% used [0x0000000080000000,0x000000008174d9c8,0x00000000d5580000)
 Metaspace       used 44707K, capacity 45576K, committed 45824K, reserved 1089536K
  class space    used 5172K, capacity 5372K, committed 5376K, reserved 1048576K
Event: 8.840 GC heap after
Heap after GC invocations=5 (full 2):
 PSYoungGen      total 611840K, used 17244K [0x00000000d5580000, 0x0000000100000000, 0x0000000100000000)
  eden space 524800K, 0% used [0x00000000d5580000,0x00000000d5580000,0x00000000f5600000)
  from space 87040K, 19% used [0x00000000f5600000,0x00000000f66d70a8,0x00000000fab00000)
  to   space 87040K, 0% used [0x00000000fab00000,0x00000000fab00000,0x0000000100000000)
 ParOldGen       total 1398272K, used 23870K [0x0000000080000000, 0x00000000d5580000, 0x00000000d5580000)
  object space 1398272K, 1% used [0x0000000080000000,0x000000008174f9c8,0x00000000d5580000)
 Metaspace       used 44707K, capacity 45576K, committed 45824K, reserved 1089536K
  class space    used 5172K, capacity 5372K, committed 5376K, reserved 1048576K
}
Event: 12.939 GC heap before
{Heap before GC invocations=6 (full 2):
 PSYoungGen      total 611840K, used 311313K [0x00000000d5580000, 0x0000000100000000, 0x0000000100000000)
  eden space 524800K, 56% used [0x00000000d5580000,0x00000000e74ad6f0,0x00000000f5600000)
  from space 87040K, 19% used [0x00000000f5600000,0x00000000f66d70a8,0x00000000fab00000)
  to   space 87040K, 0% used [0x00000000fab00000,0x00000000fab00000,0x0000000100000000)
 ParOldGen       total 1398272K, used 23870K [0x0000000080000000, 0x00000000d5580000, 0x00000000d5580000)
  object space 1398272K, 1% used [0x0000000080000000,0x000000008174f9c8,0x00000000d5580000)
 Metaspace       used 57553K, capacity 58968K, committed 59028K, reserved 1101824K
  class space    used 6628K, capacity 6902K, committed 6912K, reserved 1048576K
Event: 12.990 GC heap after
Heap after GC invocations=6 (full 2):
 PSYoungGen      total 611840K, used 29274K [0x00000000d5580000, 0x0000000100000000, 0x0000000100000000)
  eden space 524800K, 0% used [0x00000000d5580000,0x00000000d5580000,0x00000000f5600000)
  from space 87040K, 33% used [0x00000000fab00000,0x00000000fc796a20,0x0000000100000000)
  to   space 87040K, 0% used [0x00000000f5600000,0x00000000f5600000,0x00000000fab00000)
 ParOldGen       total 1398272K, used 23878K [0x0000000080000000, 0x00000000d5580000, 0x00000000d5580000)
  object space 1398272K, 1% used [0x0000000080000000,0x00000000817519c8,0x00000000d5580000)
 Metaspace       used 57553K, capacity 58968K, committed 59028K, reserved 1101824K
  class space    used 6628K, capacity 6902K, committed 6912K, reserved 1048576K
}
Event: 12.990 GC heap before
{Heap before GC invocations=7 (full 3):
 PSYoungGen      total 611840K, used 29274K [0x00000000d5580000, 0x0000000100000000, 0x0000000100000000)
  eden space 524800K, 0% used [0x00000000d5580000,0x00000000d5580000,0x00000000f5600000)
  from space 87040K, 33% used [0x00000000fab00000,0x00000000fc796a20,0x0000000100000000)
  to   space 87040K, 0% used [0x00000000f5600000,0x00000000f5600000,0x00000000fab00000)
 ParOldGen       total 1398272K, used 23878K [0x0000000080000000, 0x00000000d5580000, 0x00000000d5580000)
  object space 1398272K, 1% used [0x0000000080000000,0x00000000817519c8,0x00000000d5580000)
 Metaspace       used 57553K, capacity 58968K, committed 59028K, reserved 1101824K
  class space    used 6628K, capacity 6902K, committed 6912K, reserved 1048576K
Event: 13.294 GC heap after
Heap after GC invocations=7 (full 3):
 PSYoungGen      total 611840K, used 0K [0x00000000d5580000, 0x0000000100000000, 0x0000000100000000)
  eden space 524800K, 0% used [0x00000000d5580000,0x00000000d5580000,0x00000000f5600000)
  from space 87040K, 0% used [0x00000000fab00000,0x00000000fab00000,0x0000000100000000)
  to   space 87040K, 0% used [0x00000000f5600000,0x00000000f5600000,0x00000000fab00000)
 ParOldGen       total 1398272K, used 40623K [0x0000000080000000, 0x00000000d5580000, 0x00000000d5580000)
  object space 1398272K, 2% used [0x0000000080000000,0x00000000827abea0,0x00000000d5580000)
 Metaspace       used 57525K, capacity 58894K, committed 59028K, reserved 1101824K
  class space    used 6618K, capacity 6885K, committed 6912K, reserved 1048576K
}
Event: 20.022 GC heap before
{Heap before GC invocations=8 (full 3):
 PSYoungGen      total 611840K, used 368333K [0x00000000d5580000, 0x0000000100000000, 0x0000000100000000)
  eden space 524800K, 70% used [0x00000000d5580000,0x00000000ebd33518,0x00000000f5600000)
  from space 87040K, 0% used [0x00000000fab00000,0x00000000fab00000,0x0000000100000000)
  to   space 87040K, 0% used [0x00000000f5600000,0x00000000f5600000,0x00000000fab00000)
 ParOldGen       total 1398272K, used 40623K [0x0000000080000000, 0x00000000d5580000, 0x00000000d5580000)
  object space 1398272K, 2% used [0x0000000080000000,0x00000000827abea0,0x00000000d5580000)
 Metaspace       used 60541K, capacity 62538K, committed 62720K, reserved 1103872K
  class space    used 7002K, capacity 7367K, committed 7424K, reserved 1048576K
Event: 20.241 GC heap after
Heap after GC invocations=8 (full 3):
 PSYoungGen      total 537600K, used 12453K [0x00000000d5580000, 0x00000000fab80000, 0x0000000100000000)
  eden space 524800K, 0% used [0x00000000d5580000,0x00000000d5580000,0x00000000f5600000)
  from space 12800K, 97% used [0x00000000f5600000,0x00000000f6229760,0x00000000f6280000)
  to   space 29696K, 0% used [0x00000000f8e80000,0x00000000f8e80000,0x00000000fab80000)
 ParOldGen       total 1398272K, used 450223K [0x0000000080000000, 0x00000000d5580000, 0x00000000d5580000)
  object space 1398272K, 32% used [0x0000000080000000,0x000000009b7abec0,0x00000000d5580000)
 Metaspace       used 60541K, capacity 62538K, committed 62720K, reserved 1103872K
  class space    used 7002K, capacity 7367K, committed 7424K, reserved 1048576K
}

