# JRE version: OpenJDK Runtime Environment (8.0_212-b04) (build 1.8.0_212-b04)
# Java VM: OpenJDK 64-Bit Server VM (25.212-b04 mixed mode linux-amd64 compressed oops)
Heap:
 PSYoungGen      total 495616K, used 487421K [0x00000000d5580000, 0x0000000100000000, 0x0000000100000000)
  eden space 411136K, 98% used [0x00000000d5580000,0x00000000edf011e0,0x00000000ee700000)
  from space 84480K, 99% used [0x00000000fa880000,0x00000000ffafe288,0x00000000ffb00000)
  to   space 143872K, 0% used [0x00000000ee700000,0x00000000ee700000,0x00000000f7380000)
 ParOldGen       total 1398272K, used 117932K [0x0000000080000000, 0x00000000d5580000, 0x00000000d5580000)
  object space 1398272K, 8% used [0x0000000080000000,0x000000008732b3e8,0x00000000d5580000)
 Metaspace       used 67166K, capacity 70376K, committed 70656K, reserved 1112064K
  class space    used 7545K, capacity 8116K, committed 8192K, reserved 1048576K
GC Heap History (10 events):
Event: 12.360 GC heap before
{Heap before GC invocations=5 (full 2):
 PSYoungGen      total 611840K, used 468961K [0x00000000d5580000, 0x0000000100000000, 0x0000000100000000)
  eden space 524800K, 89% used [0x00000000d5580000,0x00000000f1f784e0,0x00000000f5600000)
  from space 87040K, 0% used [0x00000000fab00000,0x00000000fab00000,0x0000000100000000)
  to   space 87040K, 0% used [0x00000000f5600000,0x00000000f5600000,0x00000000fab00000)
 ParOldGen       total 1398272K, used 23545K [0x0000000080000000, 0x00000000d5580000, 0x00000000d5580000)
  object space 1398272K, 1% used [0x0000000080000000,0x00000000816fe648,0x00000000d5580000)
 Metaspace       used 57463K, capacity 58900K, committed 59028K, reserved 1101824K
  class space    used 6630K, capacity 6904K, committed 6912K, reserved 1048576K
Event: 12.436 GC heap after
Heap after GC invocations=5 (full 2):
 PSYoungGen      total 611840K, used 33861K [0x00000000d5580000, 0x0000000100000000, 0x0000000100000000)
  eden space 524800K, 0% used [0x00000000d5580000,0x00000000d5580000,0x00000000f5600000)
  from space 87040K, 38% used [0x00000000f5600000,0x00000000f7711510,0x00000000fab00000)
  to   space 87040K, 0% used [0x00000000fab00000,0x00000000fab00000,0x0000000100000000)
 ParOldGen       total 1398272K, used 23553K [0x0000000080000000, 0x00000000d5580000, 0x00000000d5580000)
  object space 1398272K, 1% used [0x0000000080000000,0x0000000081700648,0x00000000d5580000)
 Metaspace       used 57463K, capacity 58900K, committed 59028K, reserved 1101824K
  class space    used 6630K, capacity 6904K, committed 6912K, reserved 1048576K
}
Event: 12.436 GC heap before
{Heap before GC invocations=6 (full 3):
 PSYoungGen      total 611840K, used 33861K [0x00000000d5580000, 0x0000000100000000, 0x0000000100000000)
  eden space 524800K, 0% used [0x00000000d5580000,0x00000000d5580000,0x00000000f5600000)
  from space 87040K, 38% used [0x00000000f5600000,0x00000000f7711510,0x00000000fab00000)
  to   space 87040K, 0% used [0x00000000fab00000,0x00000000fab00000,0x0000000100000000)
 ParOldGen       total 1398272K, used 23553K [0x0000000080000000, 0x00000000d5580000, 0x00000000d5580000)
  object space 1398272K, 1% used [0x0000000080000000,0x0000000081700648,0x00000000d5580000)
 Metaspace       used 57463K, capacity 58900K, committed 59028K, reserved 1101824K
  class space    used 6630K, capacity 6904K, committed 6912K, reserved 1048576K
Event: 12.714 GC heap after
Heap after GC invocations=6 (full 3):
 PSYoungGen      total 611840K, used 0K [0x00000000d5580000, 0x0000000100000000, 0x0000000100000000)
  eden space 524800K, 0% used [0x00000000d5580000,0x00000000d5580000,0x00000000f5600000)
  from space 87040K, 0% used [0x00000000f5600000,0x00000000f5600000,0x00000000fab00000)
  to   space 87040K, 0% used [0x00000000fab00000,0x00000000fab00000,0x0000000100000000)
 ParOldGen       total 1398272K, used 44377K [0x0000000080000000, 0x00000000d5580000, 0x00000000d5580000)
  object space 1398272K, 3% used [0x0000000080000000,0x0000000082b56508,0x00000000d5580000)
 Metaspace       used 57425K, capacity 58808K, committed 59028K, reserved 1101824K
  class space    used 6617K, capacity 6882K, committed 6912K, reserved 1048576K
}
Event: 25.847 GC heap before
{Heap before GC invocations=7 (full 3):
 PSYoungGen      total 611840K, used 499000K [0x00000000d5580000, 0x0000000100000000, 0x0000000100000000)
  eden space 524800K, 95% used [0x00000000d5580000,0x00000000f3cce308,0x00000000f5600000)
  from space 87040K, 0% used [0x00000000f5600000,0x00000000f5600000,0x00000000fab00000)
  to   space 87040K, 0% used [0x00000000fab00000,0x00000000fab00000,0x0000000100000000)
 ParOldGen       total 1398272K, used 44377K [0x0000000080000000, 0x00000000d5580000, 0x00000000d5580000)
  object space 1398272K, 3% used [0x0000000080000000,0x0000000082b56508,0x00000000d5580000)
 Metaspace       used 65064K, capacity 67942K, committed 68224K, reserved 1110016K
  class space    used 7441K, capacity 7971K, committed 8064K, reserved 1048576K
Event: 25.943 GC heap after
Heap after GC invocations=7 (full 3):
 PSYoungGen      total 611840K, used 62528K [0x00000000d5580000, 0x0000000100000000, 0x0000000100000000)
  eden space 524800K, 0% used [0x00000000d5580000,0x00000000d5580000,0x00000000f5600000)
  from space 87040K, 71% used [0x00000000fab00000,0x00000000fe810290,0x0000000100000000)
  to   space 87040K, 0% used [0x00000000f5600000,0x00000000f5600000,0x00000000fab00000)
 ParOldGen       total 1398272K, used 44377K [0x0000000080000000, 0x00000000d5580000, 0x00000000d5580000)
  object space 1398272K, 3% used [0x0000000080000000,0x0000000082b56508,0x00000000d5580000)
 Metaspace       used 65064K, capacity 67942K, committed 68224K, reserved 1110016K
  class space    used 7441K, capacity 7971K, committed 8064K, reserved 1048576K
}
Event: 33.694 GC heap before
{Heap before GC invocations=8 (full 3):
 PSYoungGen      total 611840K, used 587328K [0x00000000d5580000, 0x0000000100000000, 0x0000000100000000)
  eden space 524800K, 100% used [0x00000000d5580000,0x00000000f5600000,0x00000000f5600000)
  from space 87040K, 71% used [0x00000000fab00000,0x00000000fe810290,0x0000000100000000)
  to   space 87040K, 0% used [0x00000000f5600000,0x00000000f5600000,0x00000000fab00000)
 ParOldGen       total 1398272K, used 44377K [0x0000000080000000, 0x00000000d5580000, 0x00000000d5580000)
  object space 1398272K, 3% used [0x0000000080000000,0x0000000082b56508,0x00000000d5580000)
 Metaspace       used 65848K, capacity 68900K, committed 68992K, reserved 1110016K
  class space    used 7466K, capacity 8000K, committed 8064K, reserved 1048576K
Event: 33.801 GC heap after
Heap after GC invocations=8 (full 3):
 PSYoungGen      total 594432K, used 69546K [0x00000000d5580000, 0x00000000ffb00000, 0x0000000100000000)
  eden space 524800K, 0% used [0x00000000d5580000,0x00000000d5580000,0x00000000f5600000)
  from space 69632K, 99% used [0x00000000f5600000,0x00000000f99ea820,0x00000000f9a00000)
  to   space 84480K, 0% used [0x00000000fa880000,0x00000000fa880000,0x00000000ffb00000)
 ParOldGen       total 1398272K, used 44377K [0x0000000080000000, 0x00000000d5580000, 0x00000000d5580000)
  object space 1398272K, 3% used [0x0000000080000000,0x0000000082b56508,0x00000000d5580000)
 Metaspace       used 65848K, capacity 68900K, committed 68992K, reserved 1110016K
  class space    used 7466K, capacity 8000K, committed 8064K, reserved 1048576K
}
Event: 38.054 GC heap before
{Heap before GC invocations=9 (full 3):
 PSYoungGen      total 594432K, used 591372K [0x00000000d5580000, 0x00000000ffb00000, 0x0000000100000000)
  eden space 524800K, 99% used [0x00000000d5580000,0x00000000f5318ad8,0x00000000f5600000)
  from space 69632K, 99% used [0x00000000f5600000,0x00000000f99ea820,0x00000000f9a00000)
  to   space 84480K, 0% used [0x00000000fa880000,0x00000000fa880000,0x00000000ffb00000)
 ParOldGen       total 1398272K, used 44377K [0x0000000080000000, 0x00000000d5580000, 0x00000000d5580000)
  object space 1398272K, 3% used [0x0000000080000000,0x0000000082b56508,0x00000000d5580000)
 Metaspace       used 66850K, capacity 70038K, committed 70144K, reserved 1112064K
  class space    used 7544K, capacity 8115K, committed 8192K, reserved 1048576K
Event: 38.148 GC heap after
Heap after GC invocations=9 (full 3):
 PSYoungGen      total 495616K, used 84472K [0x00000000d5580000, 0x0000000100000000, 0x0000000100000000)
  eden space 411136K, 0% used [0x00000000d5580000,0x00000000d5580000,0x00000000ee700000)
  from space 84480K, 99% used [0x00000000fa880000,0x00000000ffafe288,0x00000000ffb00000)
  to   space 143872K, 0% used [0x00000000ee700000,0x00000000ee700000,0x00000000f7380000)
 ParOldGen       total 1398272K, used 117932K [0x0000000080000000, 0x00000000d5580000, 0x00000000d5580000)
  object space 1398272K, 8% used [0x0000000080000000,0x000000008732b3e8,0x00000000d5580000)
 Metaspace       used 66850K, capacity 70038K, committed 70144K, reserved 1112064K
  class space    used 7544K, capacity 8115K, committed 8192K, reserved 1048576K
}

