# JRE version: OpenJDK Runtime Environment (8.0_212-b04) (build 1.8.0_212-b04)
# Java VM: OpenJDK 64-Bit Server VM (25.212-b04 mixed mode linux-amd64 compressed oops)
Heap:
 PSYoungGen      total 570880K, used 394742K [0x00000000d5580000, 0x0000000100000000, 0x0000000100000000)
  eden space 442880K, 82% used [0x00000000d5580000,0x00000000eb8fe3e8,0x00000000f0600000)
  from space 128000K, 23% used [0x00000000f0600000,0x00000000f23ff440,0x00000000f8300000)
  to   space 121856K, 0% used [0x00000000f8900000,0x00000000f8900000,0x0000000100000000)
 ParOldGen       total 1398272K, used 116979K [0x0000000080000000, 0x00000000d5580000, 0x00000000d5580000)
  object space 1398272K, 8% used [0x0000000080000000,0x000000008723ceb8,0x00000000d5580000)
 Metaspace       used 69131K, capacity 72348K, committed 72576K, reserved 1114112K
  class space    used 7660K, capacity 8228K, committed 8320K, reserved 1048576K
GC Heap History (10 events):
Event: 12.621 GC heap before
{Heap before GC invocations=6 (full 2):
 PSYoungGen      total 611840K, used 182107K [0x00000000d5580000, 0x0000000100000000, 0x0000000100000000)
  eden space 524800K, 29% used [0x00000000d5580000,0x00000000deeec2e8,0x00000000f5600000)
  from space 87040K, 28% used [0x00000000f5600000,0x00000000f6e6ac08,0x00000000fab00000)
  to   space 87040K, 0% used [0x00000000fab00000,0x00000000fab00000,0x0000000100000000)
 ParOldGen       total 1398272K, used 23554K [0x0000000080000000, 0x00000000d5580000, 0x00000000d5580000)
  object space 1398272K, 1% used [0x0000000080000000,0x00000000817008d8,0x00000000d5580000)
 Metaspace       used 57294K, capacity 58808K, committed 59008K, reserved 1101824K
  class space    used 6610K, capacity 6918K, committed 7040K, reserved 1048576K
Event: 12.648 GC heap after
Heap after GC invocations=6 (full 2):
 PSYoungGen      total 611840K, used 22227K [0x00000000d5580000, 0x0000000100000000, 0x0000000100000000)
  eden space 524800K, 0% used [0x00000000d5580000,0x00000000d5580000,0x00000000f5600000)
  from space 87040K, 25% used [0x00000000fab00000,0x00000000fc0b4e18,0x0000000100000000)
  to   space 87040K, 0% used [0x00000000f5600000,0x00000000f5600000,0x00000000fab00000)
 ParOldGen       total 1398272K, used 23562K [0x0000000080000000, 0x00000000d5580000, 0x00000000d5580000)
  object space 1398272K, 1% used [0x0000000080000000,0x00000000817028d8,0x00000000d5580000)
 Metaspace       used 57294K, capacity 58808K, committed 59008K, reserved 1101824K
  class space    used 6610K, capacity 6918K, committed 7040K, reserved 1048576K
}
Event: 12.648 GC heap before
{Heap before GC invocations=7 (full 3):
 PSYoungGen      total 611840K, used 22227K [0x00000000d5580000, 0x0000000100000000, 0x0000000100000000)
  eden space 524800K, 0% used [0x00000000d5580000,0x00000000d5580000,0x00000000f5600000)
  from space 87040K, 25% used [0x00000000fab00000,0x00000000fc0b4e18,0x0000000100000000)
  to   space 87040K, 0% used [0x00000000f5600000,0x00000000f5600000,0x00000000fab00000)
 ParOldGen       total 1398272K, used 23562K [0x0000000080000000, 0x00000000d5580000, 0x00000000d5580000)
  object space 1398272K, 1% used [0x0000000080000000,0x00000000817028d8,0x00000000d5580000)
 Metaspace       used 57294K, capacity 58808K, committed 59008K, reserved 1101824K
  class space    used 6610K, capacity 6918K, committed 7040K, reserved 1048576K
Event: 12.863 GC heap after
Heap after GC invocations=7 (full 3):
 PSYoungGen      total 611840K, used 0K [0x00000000d5580000, 0x0000000100000000, 0x0000000100000000)
  eden space 524800K, 0% used [0x00000000d5580000,0x00000000d5580000,0x00000000f5600000)
  from space 87040K, 0% used [0x00000000fab00000,0x00000000fab00000,0x0000000100000000)
  to   space 87040K, 0% used [0x00000000f5600000,0x00000000f5600000,0x00000000fab00000)
 ParOldGen       total 1398272K, used 33691K [0x0000000080000000, 0x00000000d5580000, 0x00000000d5580000)
  object space 1398272K, 2% used [0x0000000080000000,0x00000000820e6d70,0x00000000d5580000)
 Metaspace       used 57291K, capacity 58796K, committed 59008K, reserved 1101824K
  class space    used 6609K, capacity 6916K, committed 7040K, reserved 1048576K
}
Event: 26.979 GC heap before
{Heap before GC invocations=8 (full 3):
 PSYoungGen      total 611840K, used 524742K [0x00000000d5580000, 0x0000000100000000, 0x0000000100000000)
  eden space 524800K, 99% used [0x00000000d5580000,0x00000000f55f1a60,0x00000000f5600000)
  from space 87040K, 0% used [0x00000000fab00000,0x00000000fab00000,0x0000000100000000)
  to   space 87040K, 0% used [0x00000000f5600000,0x00000000f5600000,0x00000000fab00000)
 ParOldGen       total 1398272K, used 33691K [0x0000000080000000, 0x00000000d5580000, 0x00000000d5580000)
  object space 1398272K, 2% used [0x0000000080000000,0x00000000820e6d70,0x00000000d5580000)
 Metaspace       used 65340K, capacity 68088K, committed 68480K, reserved 1110016K
  class space    used 7456K, capacity 7940K, committed 8064K, reserved 1048576K
Event: 27.099 GC heap after
Heap after GC invocations=8 (full 3):
 PSYoungGen      total 611840K, used 87037K [0x00000000d5580000, 0x00000000fe700000, 0x0000000100000000)
  eden space 524800K, 0% used [0x00000000d5580000,0x00000000d5580000,0x00000000f5600000)
  from space 87040K, 99% used [0x00000000f5600000,0x00000000faaff738,0x00000000fab00000)
  to   space 61440K, 0% used [0x00000000fab00000,0x00000000fab00000,0x00000000fe700000)
 ParOldGen       total 1398272K, used 37420K [0x0000000080000000, 0x00000000d5580000, 0x00000000d5580000)
  object space 1398272K, 2% used [0x0000000080000000,0x000000008248b100,0x00000000d5580000)
 Metaspace       used 65340K, capacity 68088K, committed 68480K, reserved 1110016K
  class space    used 7456K, capacity 7940K, committed 8064K, reserved 1048576K
}
Event: 55.084 GC heap before
{Heap before GC invocations=9 (full 3):
 PSYoungGen      total 611840K, used 567699K [0x00000000d5580000, 0x00000000fe700000, 0x0000000100000000)
  eden space 524800K, 91% used [0x00000000d5580000,0x00000000f2ae56b0,0x00000000f5600000)
  from space 87040K, 99% used [0x00000000f5600000,0x00000000faaff738,0x00000000fab00000)
  to   space 61440K, 0% used [0x00000000fab00000,0x00000000fab00000,0x00000000fe700000)
 ParOldGen       total 1398272K, used 37420K [0x0000000080000000, 0x00000000d5580000, 0x00000000d5580000)
  object space 1398272K, 2% used [0x0000000080000000,0x000000008248b100,0x00000000d5580000)
 Metaspace       used 67177K, capacity 70122K, committed 70400K, reserved 1112064K
  class space    used 7559K, capacity 8095K, committed 8192K, reserved 1048576K
Event: 55.283 GC heap after
Heap after GC invocations=9 (full 3):
 PSYoungGen      total 504320K, used 61416K [0x00000000d5580000, 0x0000000100000000, 0x0000000100000000)
  eden space 442880K, 0% used [0x00000000d5580000,0x00000000d5580000,0x00000000f0600000)
  from space 61440K, 99% used [0x00000000fab00000,0x00000000fe6fa398,0x00000000fe700000)
  to   space 128000K, 0% used [0x00000000f0600000,0x00000000f0600000,0x00000000f8300000)
 ParOldGen       total 1398272K, used 116971K [0x0000000080000000, 0x00000000d5580000, 0x00000000d5580000)
  object space 1398272K, 8% used [0x0000000080000000,0x000000008723aeb8,0x00000000d5580000)
 Metaspace       used 67177K, capacity 70122K, committed 70400K, reserved 1112064K
  class space    used 7559K, capacity 8095K, committed 8192K, reserved 1048576K
}
Event: 77.387 GC heap before
{Heap before GC invocations=10 (full 3):
 PSYoungGen      total 504320K, used 504296K [0x00000000d5580000, 0x0000000100000000, 0x0000000100000000)
  eden space 442880K, 100% used [0x00000000d5580000,0x00000000f0600000,0x00000000f0600000)
  from space 61440K, 99% used [0x00000000fab00000,0x00000000fe6fa398,0x00000000fe700000)
  to   space 128000K, 0% used [0x00000000f0600000,0x00000000f0600000,0x00000000f8300000)
 ParOldGen       total 1398272K, used 116971K [0x0000000080000000, 0x00000000d5580000, 0x00000000d5580000)
  object space 1398272K, 8% used [0x0000000080000000,0x000000008723aeb8,0x00000000d5580000)
 Metaspace       used 68104K, capacity 71134K, committed 71424K, reserved 1112064K
  class space    used 7612K, capacity 8157K, committed 8192K, reserved 1048576K
Event: 77.463 GC heap after
Heap after GC invocations=10 (full 3):
 PSYoungGen      total 570880K, used 30717K [0x00000000d5580000, 0x0000000100000000, 0x0000000100000000)
  eden space 442880K, 0% used [0x00000000d5580000,0x00000000d5580000,0x00000000f0600000)
  from space 128000K, 23% used [0x00000000f0600000,0x00000000f23ff440,0x00000000f8300000)
  to   space 121856K, 0% used [0x00000000f8900000,0x00000000f8900000,0x0000000100000000)
 ParOldGen       total 1398272K, used 116979K [0x0000000080000000, 0x00000000d5580000, 0x00000000d5580000)
  object space 1398272K, 8% used [0x0000000080000000,0x000000008723ceb8,0x00000000d5580000)
 Metaspace       used 68104K, capacity 71134K, committed 71424K, reserved 1112064K
  class space    used 7612K, capacity 8157K, committed 8192K, reserved 1048576K
}

