# JRE version: OpenJDK Runtime Environment (8.0_212-b04) (build 1.8.0_212-b04)
# Java VM: OpenJDK 64-Bit Server VM (25.212-b04 mixed mode linux-amd64 compressed oops)
Heap:
 PSYoungGen      total 544256K, used 339194K [0x00000000d5580000, 0x00000000fab80000, 0x0000000100000000)
  eden space 524800K, 64% used [0x00000000d5580000,0x00000000ea0be858,0x00000000f5600000)
  from space 19456K, 0% used [0x00000000f5600000,0x00000000f5600000,0x00000000f6900000)
  to   space 26112K, 0% used [0x00000000f9200000,0x00000000f9200000,0x00000000fab80000)
 ParOldGen       total 1398272K, used 31037K [0x0000000080000000, 0x00000000d5580000, 0x00000000d5580000)
  object space 1398272K, 2% used [0x0000000080000000,0x0000000081e4f560,0x00000000d5580000)
 Metaspace       used 67911K, capacity 70398K, committed 70528K, reserved 1112064K
  class space    used 7803K, capacity 8249K, committed 8320K, reserved 1048576K
GC Heap History (10 events):
Event: 4.503 GC heap before
{Heap before GC invocations=4 (full 1):
 PSYoungGen      total 611840K, used 42961K [0x00000000d5580000, 0x0000000100000000, 0x0000000100000000)
  eden space 524800K, 4% used [0x00000000d5580000,0x00000000d6cf20f0,0x00000000f5600000)
  from space 87040K, 21% used [0x00000000fab00000,0x00000000fbd823c8,0x0000000100000000)
  to   space 87040K, 0% used [0x00000000f5600000,0x00000000f5600000,0x00000000fab00000)
 ParOldGen       total 877568K, used 14349K [0x0000000080000000, 0x00000000b5900000, 0x00000000d5580000)
  object space 877568K, 1% used [0x0000000080000000,0x0000000080e03460,0x00000000b5900000)
 Metaspace       used 35099K, capacity 35444K, committed 35748K, reserved 1081344K
  class space    used 3990K, capacity 4092K, committed 4096K, reserved 1048576K
Event: 4.530 GC heap after
Heap after GC invocations=4 (full 1):
 PSYoungGen      total 611840K, used 8093K [0x00000000d5580000, 0x0000000100000000, 0x0000000100000000)
  eden space 524800K, 0% used [0x00000000d5580000,0x00000000d5580000,0x00000000f5600000)
  from space 87040K, 9% used [0x00000000f5600000,0x00000000f5de7620,0x00000000fab00000)
  to   space 87040K, 0% used [0x00000000fab00000,0x00000000fab00000,0x0000000100000000)
 ParOldGen       total 877568K, used 14349K [0x0000000080000000, 0x00000000b5900000, 0x00000000d5580000)
  object space 877568K, 1% used [0x0000000080000000,0x0000000080e03460,0x00000000b5900000)
 Metaspace       used 35099K, capacity 35444K, committed 35748K, reserved 1081344K
  class space    used 3990K, capacity 4092K, committed 4096K, reserved 1048576K
}
Event: 4.530 GC heap before
{Heap before GC invocations=5 (full 2):
 PSYoungGen      total 611840K, used 8093K [0x00000000d5580000, 0x0000000100000000, 0x0000000100000000)
  eden space 524800K, 0% used [0x00000000d5580000,0x00000000d5580000,0x00000000f5600000)
  from space 87040K, 9% used [0x00000000f5600000,0x00000000f5de7620,0x00000000fab00000)
  to   space 87040K, 0% used [0x00000000fab00000,0x00000000fab00000,0x0000000100000000)
 ParOldGen       total 877568K, used 14349K [0x0000000080000000, 0x00000000b5900000, 0x00000000d5580000)
  object space 877568K, 1% used [0x0000000080000000,0x0000000080e03460,0x00000000b5900000)
 Metaspace       used 35099K, capacity 35444K, committed 35748K, reserved 1081344K
  class space    used 3990K, capacity 4092K, committed 4096K, reserved 1048576K
Event: 4.627 GC heap after
Heap after GC invocations=5 (full 2):
 PSYoungGen      total 611840K, used 0K [0x00000000d5580000, 0x0000000100000000, 0x0000000100000000)
  eden space 524800K, 0% used [0x00000000d5580000,0x00000000d5580000,0x00000000f5600000)
  from space 87040K, 0% used [0x00000000f5600000,0x00000000f5600000,0x00000000fab00000)
  to   space 87040K, 0% used [0x00000000fab00000,0x00000000fab00000,0x0000000100000000)
 ParOldGen       total 1159168K, used 13623K [0x0000000080000000, 0x00000000c6c00000, 0x00000000d5580000)
  object space 1159168K, 1% used [0x0000000080000000,0x0000000080d4de20,0x00000000c6c00000)
 Metaspace       used 35099K, capacity 35444K, committed 35748K, reserved 1081344K
  class space    used 3990K, capacity 4092K, committed 4096K, reserved 1048576K
}
Event: 10.211 GC heap before
{Heap before GC invocations=6 (full 2):
 PSYoungGen      total 611840K, used 524800K [0x00000000d5580000, 0x0000000100000000, 0x0000000100000000)
  eden space 524800K, 100% used [0x00000000d5580000,0x00000000f5600000,0x00000000f5600000)
  from space 87040K, 0% used [0x00000000f5600000,0x00000000f5600000,0x00000000fab00000)
  to   space 87040K, 0% used [0x00000000fab00000,0x00000000fab00000,0x0000000100000000)
 ParOldGen       total 1159168K, used 13623K [0x0000000080000000, 0x00000000c6c00000, 0x00000000d5580000)
  object space 1159168K, 1% used [0x0000000080000000,0x0000000080d4de20,0x00000000c6c00000)
 Metaspace       used 50324K, capacity 51474K, committed 51712K, reserved 1095680K
  class space    used 5916K, capacity 6135K, committed 6144K, reserved 1048576K
Event: 10.245 GC heap after
Heap after GC invocations=6 (full 2):
 PSYoungGen      total 611840K, used 20852K [0x00000000d5580000, 0x0000000100000000, 0x0000000100000000)
  eden space 524800K, 0% used [0x00000000d5580000,0x00000000d5580000,0x00000000f5600000)
  from space 87040K, 23% used [0x00000000fab00000,0x00000000fbf5d270,0x0000000100000000)
  to   space 87040K, 0% used [0x00000000f5600000,0x00000000f5600000,0x00000000fab00000)
 ParOldGen       total 1159168K, used 13631K [0x0000000080000000, 0x00000000c6c00000, 0x00000000d5580000)
  object space 1159168K, 1% used [0x0000000080000000,0x0000000080d4fe20,0x00000000c6c00000)
 Metaspace       used 50324K, capacity 51474K, committed 51712K, reserved 1095680K
  class space    used 5916K, capacity 6135K, committed 6144K, reserved 1048576K
}
Event: 11.706 GC heap before
{Heap before GC invocations=7 (full 2):
 PSYoungGen      total 611840K, used 224544K [0x00000000d5580000, 0x0000000100000000, 0x0000000100000000)
  eden space 524800K, 38% used [0x00000000d5580000,0x00000000e1c6ada0,0x00000000f5600000)
  from space 87040K, 23% used [0x00000000fab00000,0x00000000fbf5d270,0x0000000100000000)
  to   space 87040K, 0% used [0x00000000f5600000,0x00000000f5600000,0x00000000fab00000)
 ParOldGen       total 1159168K, used 13631K [0x0000000080000000, 0x00000000c6c00000, 0x00000000d5580000)
  object space 1159168K, 1% used [0x0000000080000000,0x0000000080d4fe20,0x00000000c6c00000)
 Metaspace       used 57886K, capacity 59292K, committed 59520K, reserved 1101824K
  class space    used 6691K, capacity 6956K, committed 7040K, reserved 1048576K
Event: 11.747 GC heap after
Heap after GC invocations=7 (full 2):
 PSYoungGen      total 544256K, used 19298K [0x00000000d5580000, 0x00000000fab80000, 0x0000000100000000)
  eden space 524800K, 0% used [0x00000000d5580000,0x00000000d5580000,0x00000000f5600000)
  from space 19456K, 99% used [0x00000000f5600000,0x00000000f68d8af8,0x00000000f6900000)
  to   space 26112K, 0% used [0x00000000f9200000,0x00000000f9200000,0x00000000fab80000)
 ParOldGen       total 1159168K, used 13639K [0x0000000080000000, 0x00000000c6c00000, 0x00000000d5580000)
  object space 1159168K, 1% used [0x0000000080000000,0x0000000080d51e20,0x00000000c6c00000)
 Metaspace       used 57886K, capacity 59292K, committed 59520K, reserved 1101824K
  class space    used 6691K, capacity 6956K, committed 7040K, reserved 1048576K
}
Event: 11.747 GC heap before
{Heap before GC invocations=8 (full 3):
 PSYoungGen      total 544256K, used 19298K [0x00000000d5580000, 0x00000000fab80000, 0x0000000100000000)
  eden space 524800K, 0% used [0x00000000d5580000,0x00000000d5580000,0x00000000f5600000)
  from space 19456K, 99% used [0x00000000f5600000,0x00000000f68d8af8,0x00000000f6900000)
  to   space 26112K, 0% used [0x00000000f9200000,0x00000000f9200000,0x00000000fab80000)
 ParOldGen       total 1159168K, used 13639K [0x0000000080000000, 0x00000000c6c00000, 0x00000000d5580000)
  object space 1159168K, 1% used [0x0000000080000000,0x0000000080d51e20,0x00000000c6c00000)
 Metaspace       used 57886K, capacity 59292K, committed 59520K, reserved 1101824K
  class space    used 6691K, capacity 6956K, committed 7040K, reserved 1048576K
Event: 12.000 GC heap after
Heap after GC invocations=8 (full 3):
 PSYoungGen      total 544256K, used 0K [0x00000000d5580000, 0x00000000fab80000, 0x0000000100000000)
  eden space 524800K, 0% used [0x00000000d5580000,0x00000000d5580000,0x00000000f5600000)
  from space 19456K, 0% used [0x00000000f5600000,0x00000000f5600000,0x00000000f6900000)
  to   space 26112K, 0% used [0x00000000f9200000,0x00000000f9200000,0x00000000fab80000)
 ParOldGen       total 1398272K, used 31037K [0x0000000080000000, 0x00000000d5580000, 0x00000000d5580000)
  object space 1398272K, 2% used [0x0000000080000000,0x0000000081e4f560,0x00000000d5580000)
 Metaspace       used 57866K, capacity 59244K, committed 59520K, reserved 1101824K
  class space    used 6683K, capacity 6944K, committed 7040K, reserved 1048576K
}

