# JRE version: OpenJDK Runtime Environment (8.0_212-b04) (build 1.8.0_212-b04)
# Java VM: OpenJDK 64-Bit Server VM (25.212-b04 mixed mode linux-amd64 compressed oops)
Heap:
 PSYoungGen      total 577024K, used 246347K [0x00000000d5580000, 0x0000000100000000, 0x0000000100000000)
  eden space 530944K, 37% used [0x00000000d5580000,0x00000000e1917d48,0x00000000f5c00000)
  from space 46080K, 99% used [0x00000000f9f00000,0x00000000fcbfaeb8,0x00000000fcc00000)
  to   space 68608K, 0% used [0x00000000f5c00000,0x00000000f5c00000,0x00000000f9f00000)
 ParOldGen       total 1398272K, used 38458K [0x0000000080000000, 0x00000000d5580000, 0x00000000d5580000)
  object space 1398272K, 2% used [0x0000000080000000,0x000000008258e8d8,0x00000000d5580000)
 Metaspace       used 82211K, capacity 85823K, committed 86016K, reserved 1126400K
  class space    used 9281K, capacity 9914K, committed 9984K, reserved 1048576K
GC Heap History (10 events):
Event: 7.394 GC heap before
{Heap before GC invocations=5 (full 2):
 PSYoungGen      total 611840K, used 524800K [0x00000000d5580000, 0x0000000100000000, 0x0000000100000000)
  eden space 524800K, 100% used [0x00000000d5580000,0x00000000f5600000,0x00000000f5600000)
  from space 87040K, 0% used [0x00000000fab00000,0x00000000fab00000,0x0000000100000000)
  to   space 87040K, 0% used [0x00000000f5600000,0x00000000f5600000,0x00000000fab00000)
 ParOldGen       total 1398272K, used 24282K [0x0000000080000000, 0x00000000d5580000, 0x00000000d5580000)
  object space 1398272K, 1% used [0x0000000080000000,0x00000000817b6b20,0x00000000d5580000)
 Metaspace       used 49328K, capacity 50120K, committed 50432K, reserved 1093632K
  class space    used 5871K, capacity 6054K, committed 6144K, reserved 1048576K
Event: 7.442 GC heap after
Heap after GC invocations=5 (full 2):
 PSYoungGen      total 611840K, used 20284K [0x00000000d5580000, 0x0000000100000000, 0x0000000100000000)
  eden space 524800K, 0% used [0x00000000d5580000,0x00000000d5580000,0x00000000f5600000)
  from space 87040K, 23% used [0x00000000f5600000,0x00000000f69cf138,0x00000000fab00000)
  to   space 87040K, 0% used [0x00000000fab00000,0x00000000fab00000,0x0000000100000000)
 ParOldGen       total 1398272K, used 24290K [0x0000000080000000, 0x00000000d5580000, 0x00000000d5580000)
  object space 1398272K, 1% used [0x0000000080000000,0x00000000817b8b20,0x00000000d5580000)
 Metaspace       used 49328K, capacity 50120K, committed 50432K, reserved 1093632K
  class space    used 5871K, capacity 6054K, committed 6144K, reserved 1048576K
}
Event: 11.915 GC heap before
{Heap before GC invocations=6 (full 2):
 PSYoungGen      total 611840K, used 316276K [0x00000000d5580000, 0x0000000100000000, 0x0000000100000000)
  eden space 524800K, 56% used [0x00000000d5580000,0x00000000e768e210,0x00000000f5600000)
  from space 87040K, 23% used [0x00000000f5600000,0x00000000f69cf138,0x00000000fab00000)
  to   space 87040K, 0% used [0x00000000fab00000,0x00000000fab00000,0x0000000100000000)
 ParOldGen       total 1398272K, used 24290K [0x0000000080000000, 0x00000000d5580000, 0x00000000d5580000)
  object space 1398272K, 1% used [0x0000000080000000,0x00000000817b8b20,0x00000000d5580000)
 Metaspace       used 57680K, capacity 58833K, committed 59028K, reserved 1101824K
  class space    used 6927K, capacity 7168K, committed 7168K, reserved 1048576K
Event: 11.957 GC heap after
Heap after GC invocations=6 (full 2):
 PSYoungGen      total 611840K, used 19917K [0x00000000d5580000, 0x0000000100000000, 0x0000000100000000)
  eden space 524800K, 0% used [0x00000000d5580000,0x00000000d5580000,0x00000000f5600000)
  from space 87040K, 22% used [0x00000000fab00000,0x00000000fbe735e0,0x0000000100000000)
  to   space 87040K, 0% used [0x00000000f5600000,0x00000000f5600000,0x00000000fab00000)
 ParOldGen       total 1398272K, used 24298K [0x0000000080000000, 0x00000000d5580000, 0x00000000d5580000)
  object space 1398272K, 1% used [0x0000000080000000,0x00000000817bab20,0x00000000d5580000)
 Metaspace       used 57680K, capacity 58833K, committed 59028K, reserved 1101824K
  class space    used 6927K, capacity 7168K, committed 7168K, reserved 1048576K
}
Event: 11.957 GC heap before
{Heap before GC invocations=7 (full 3):
 PSYoungGen      total 611840K, used 19917K [0x00000000d5580000, 0x0000000100000000, 0x0000000100000000)
  eden space 524800K, 0% used [0x00000000d5580000,0x00000000d5580000,0x00000000f5600000)
  from space 87040K, 22% used [0x00000000fab00000,0x00000000fbe735e0,0x0000000100000000)
  to   space 87040K, 0% used [0x00000000f5600000,0x00000000f5600000,0x00000000fab00000)
 ParOldGen       total 1398272K, used 24298K [0x0000000080000000, 0x00000000d5580000, 0x00000000d5580000)
  object space 1398272K, 1% used [0x0000000080000000,0x00000000817bab20,0x00000000d5580000)
 Metaspace       used 57680K, capacity 58833K, committed 59028K, reserved 1101824K
  class space    used 6927K, capacity 7168K, committed 7168K, reserved 1048576K
Event: 12.256 GC heap after
Heap after GC invocations=7 (full 3):
 PSYoungGen      total 611840K, used 0K [0x00000000d5580000, 0x0000000100000000, 0x0000000100000000)
  eden space 524800K, 0% used [0x00000000d5580000,0x00000000d5580000,0x00000000f5600000)
  from space 87040K, 0% used [0x00000000fab00000,0x00000000fab00000,0x0000000100000000)
  to   space 87040K, 0% used [0x00000000f5600000,0x00000000f5600000,0x00000000fab00000)
 ParOldGen       total 1398272K, used 32412K [0x0000000080000000, 0x00000000d5580000, 0x00000000d5580000)
  object space 1398272K, 2% used [0x0000000080000000,0x0000000081fa71b0,0x00000000d5580000)
 Metaspace       used 57585K, capacity 58611K, committed 59028K, reserved 1101824K
  class space    used 6894K, capacity 7111K, committed 7168K, reserved 1048576K
}
Event: 26.466 GC heap before
{Heap before GC invocations=8 (full 3):
 PSYoungGen      total 611840K, used 523834K [0x00000000d5580000, 0x0000000100000000, 0x0000000100000000)
  eden space 524800K, 99% used [0x00000000d5580000,0x00000000f550e900,0x00000000f5600000)
  from space 87040K, 0% used [0x00000000fab00000,0x00000000fab00000,0x0000000100000000)
  to   space 87040K, 0% used [0x00000000f5600000,0x00000000f5600000,0x00000000fab00000)
 ParOldGen       total 1398272K, used 32412K [0x0000000080000000, 0x00000000d5580000, 0x00000000d5580000)
  object space 1398272K, 2% used [0x0000000080000000,0x0000000081fa71b0,0x00000000d5580000)
 Metaspace       used 75867K, capacity 78681K, committed 78848K, reserved 1118208K
  class space    used 8845K, capacity 9373K, committed 9472K, reserved 1048576K
Event: 26.564 GC heap after
Heap after GC invocations=8 (full 3):
 PSYoungGen      total 599552K, used 74435K [0x00000000d5580000, 0x00000000fcc00000, 0x0000000100000000)
  eden space 524800K, 0% used [0x00000000d5580000,0x00000000d5580000,0x00000000f5600000)
  from space 74752K, 99% used [0x00000000f5600000,0x00000000f9eb0cd0,0x00000000f9f00000)
  to   space 46080K, 0% used [0x00000000f9f00000,0x00000000f9f00000,0x00000000fcc00000)
 ParOldGen       total 1398272K, used 32420K [0x0000000080000000, 0x00000000d5580000, 0x00000000d5580000)
  object space 1398272K, 2% used [0x0000000080000000,0x0000000081fa91b0,0x00000000d5580000)
 Metaspace       used 75867K, capacity 78681K, committed 78848K, reserved 1118208K
  class space    used 8845K, capacity 9373K, committed 9472K, reserved 1048576K
}
Event: 32.767 GC heap before
{Heap before GC invocations=9 (full 3):
 PSYoungGen      total 599552K, used 599235K [0x00000000d5580000, 0x00000000fcc00000, 0x0000000100000000)
  eden space 524800K, 100% used [0x00000000d5580000,0x00000000f5600000,0x00000000f5600000)
  from space 74752K, 99% used [0x00000000f5600000,0x00000000f9eb0cd0,0x00000000f9f00000)
  to   space 46080K, 0% used [0x00000000f9f00000,0x00000000f9f00000,0x00000000fcc00000)
 ParOldGen       total 1398272K, used 32420K [0x0000000080000000, 0x00000000d5580000, 0x00000000d5580000)
  object space 1398272K, 2% used [0x0000000080000000,0x0000000081fa91b0,0x00000000d5580000)
 Metaspace       used 80674K, capacity 84279K, committed 84608K, reserved 1124352K
  class space    used 9147K, capacity 9768K, committed 9856K, reserved 1048576K
Event: 32.824 GC heap after
Heap after GC invocations=9 (full 3):
 PSYoungGen      total 577024K, used 46059K [0x00000000d5580000, 0x0000000100000000, 0x0000000100000000)
  eden space 530944K, 0% used [0x00000000d5580000,0x00000000d5580000,0x00000000f5c00000)
  from space 46080K, 99% used [0x00000000f9f00000,0x00000000fcbfaeb8,0x00000000fcc00000)
  to   space 68608K, 0% used [0x00000000f5c00000,0x00000000f5c00000,0x00000000f9f00000)
 ParOldGen       total 1398272K, used 38458K [0x0000000080000000, 0x00000000d5580000, 0x00000000d5580000)
  object space 1398272K, 2% used [0x0000000080000000,0x000000008258e8d8,0x00000000d5580000)
 Metaspace       used 80674K, capacity 84279K, committed 84608K, reserved 1124352K
  class space    used 9147K, capacity 9768K, committed 9856K, reserved 1048576K
}

