# JRE version: OpenJDK Runtime Environment (8.0_212-b04) (build 1.8.0_212-b04)
# Java VM: OpenJDK 64-Bit Server VM (25.212-b04 mixed mode linux-amd64 compressed oops)
Heap:
 PSYoungGen      total 467968K, used 343704K [0x00000000d5580000, 0x0000000100000000, 0x0000000100000000)
  eden space 295936K, 58% used [0x00000000d5580000,0x00000000dfd59d98,0x00000000e7680000)
  from space 172032K, 99% used [0x00000000e7900000,0x00000000f20cc5c0,0x00000000f2100000)
  to   space 223232K, 0% used [0x00000000f2600000,0x00000000f2600000,0x0000000100000000)
 ParOldGen       total 1398272K, used 111433K [0x0000000080000000, 0x00000000d5580000, 0x00000000d5580000)
  object space 1398272K, 7% used [0x0000000080000000,0x0000000086cd26c8,0x00000000d5580000)
 Metaspace       used 69547K, capacity 72526K, committed 72704K, reserved 1114112K
  class space    used 7626K, capacity 8109K, committed 8192K, reserved 1048576K
GC Heap History (10 events):
Event: 232.493 GC heap before
{Heap before GC invocations=8 (full 3):
 PSYoungGen      total 611840K, used 586120K [0x00000000d5580000, 0x0000000100000000, 0x0000000100000000)
  eden space 524800K, 100% used [0x00000000d5580000,0x00000000f5600000,0x00000000f5600000)
  from space 87040K, 70% used [0x00000000fab00000,0x00000000fe6e2138,0x0000000100000000)
  to   space 87040K, 0% used [0x00000000f5600000,0x00000000f5600000,0x00000000fab00000)
 ParOldGen       total 1398272K, used 41979K [0x0000000080000000, 0x00000000d5580000, 0x00000000d5580000)
  object space 1398272K, 3% used [0x0000000080000000,0x00000000828fef30,0x00000000d5580000)
 Metaspace       used 67672K, capacity 70464K, committed 70528K, reserved 1112064K
  class space    used 7564K, capacity 8042K, committed 8064K, reserved 1048576K
Event: 232.653 GC heap after
Heap after GC invocations=8 (full 3):
 PSYoungGen      total 611840K, used 87024K [0x00000000d5580000, 0x0000000100000000, 0x0000000100000000)
  eden space 524800K, 0% used [0x00000000d5580000,0x00000000d5580000,0x00000000f5600000)
  from space 87040K, 99% used [0x00000000f5600000,0x00000000faafc1a8,0x00000000fab00000)
  to   space 87040K, 0% used [0x00000000fab00000,0x00000000fab00000,0x0000000100000000)
 ParOldGen       total 1398272K, used 56811K [0x0000000080000000, 0x00000000d5580000, 0x00000000d5580000)
  object space 1398272K, 4% used [0x0000000080000000,0x000000008377af30,0x00000000d5580000)
 Metaspace       used 67672K, capacity 70464K, committed 70528K, reserved 1112064K
  class space    used 7564K, capacity 8042K, committed 8064K, reserved 1048576K
}
Event: 362.492 GC heap before
{Heap before GC invocations=9 (full 3):
 PSYoungGen      total 611840K, used 611824K [0x00000000d5580000, 0x0000000100000000, 0x0000000100000000)
  eden space 524800K, 100% used [0x00000000d5580000,0x00000000f5600000,0x00000000f5600000)
  from space 87040K, 99% used [0x00000000f5600000,0x00000000faafc1a8,0x00000000fab00000)
  to   space 87040K, 0% used [0x00000000fab00000,0x00000000fab00000,0x0000000100000000)
 ParOldGen       total 1398272K, used 56811K [0x0000000080000000, 0x00000000d5580000, 0x00000000d5580000)
  object space 1398272K, 4% used [0x0000000080000000,0x000000008377af30,0x00000000d5580000)
 Metaspace       used 68261K, capacity 71096K, committed 71296K, reserved 1112064K
  class space    used 7575K, capacity 8058K, committed 8064K, reserved 1048576K
Event: 362.682 GC heap after
Heap after GC invocations=9 (full 3):
 PSYoungGen      total 486912K, used 87023K [0x00000000d5580000, 0x0000000100000000, 0x0000000100000000)
  eden space 399872K, 0% used [0x00000000d5580000,0x00000000d5580000,0x00000000edc00000)
  from space 87040K, 99% used [0x00000000fab00000,0x00000000ffffbf58,0x0000000100000000)
  to   space 149504K, 0% used [0x00000000edc00000,0x00000000edc00000,0x00000000f6e00000)
 ParOldGen       total 1398272K, used 111409K [0x0000000080000000, 0x00000000d5580000, 0x00000000d5580000)
  object space 1398272K, 7% used [0x0000000080000000,0x0000000086ccc6c8,0x00000000d5580000)
 Metaspace       used 68261K, capacity 71096K, committed 71296K, reserved 1112064K
  class space    used 7575K, capacity 8058K, committed 8064K, reserved 1048576K
}
Event: 452.523 GC heap before
{Heap before GC invocations=10 (full 3):
 PSYoungGen      total 486912K, used 486895K [0x00000000d5580000, 0x0000000100000000, 0x0000000100000000)
  eden space 399872K, 100% used [0x00000000d5580000,0x00000000edc00000,0x00000000edc00000)
  from space 87040K, 99% used [0x00000000fab00000,0x00000000ffffbf58,0x0000000100000000)
  to   space 149504K, 0% used [0x00000000edc00000,0x00000000edc00000,0x00000000f6e00000)
 ParOldGen       total 1398272K, used 111409K [0x0000000080000000, 0x00000000d5580000, 0x00000000d5580000)
  object space 1398272K, 7% used [0x0000000080000000,0x0000000086ccc6c8,0x00000000d5580000)
 Metaspace       used 68891K, capacity 71844K, committed 72192K, reserved 1114112K
  class space    used 7599K, capacity 8096K, committed 8192K, reserved 1048576K
Event: 452.658 GC heap after
Heap after GC invocations=10 (full 3):
 PSYoungGen      total 529920K, used 134026K [0x00000000d5580000, 0x0000000100000000, 0x0000000100000000)
  eden space 395776K, 0% used [0x00000000d5580000,0x00000000d5580000,0x00000000ed800000)
  from space 134144K, 99% used [0x00000000edc00000,0x00000000f5ee2bc8,0x00000000f5f00000)
  to   space 164864K, 0% used [0x00000000f5f00000,0x00000000f5f00000,0x0000000100000000)
 ParOldGen       total 1398272K, used 111417K [0x0000000080000000, 0x00000000d5580000, 0x00000000d5580000)
  object space 1398272K, 7% used [0x0000000080000000,0x0000000086cce6c8,0x00000000d5580000)
 Metaspace       used 68891K, capacity 71844K, committed 72192K, reserved 1114112K
  class space    used 7599K, capacity 8096K, committed 8192K, reserved 1048576K
}
Event: 552.470 GC heap before
{Heap before GC invocations=11 (full 3):
 PSYoungGen      total 529920K, used 529802K [0x00000000d5580000, 0x0000000100000000, 0x0000000100000000)
  eden space 395776K, 100% used [0x00000000d5580000,0x00000000ed800000,0x00000000ed800000)
  from space 134144K, 99% used [0x00000000edc00000,0x00000000f5ee2bc8,0x00000000f5f00000)
  to   space 164864K, 0% used [0x00000000f5f00000,0x00000000f5f00000,0x0000000100000000)
 ParOldGen       total 1398272K, used 111417K [0x0000000080000000, 0x00000000d5580000, 0x00000000d5580000)
  object space 1398272K, 7% used [0x0000000080000000,0x0000000086cce6c8,0x00000000d5580000)
 Metaspace       used 69183K, capacity 72124K, committed 72448K, reserved 1114112K
  class space    used 7607K, capacity 8096K, committed 8192K, reserved 1048576K
Event: 552.638 GC heap after
Heap after GC invocations=11 (full 3):
 PSYoungGen      total 463360K, used 159337K [0x00000000d5580000, 0x0000000100000000, 0x0000000100000000)
  eden space 298496K, 0% used [0x00000000d5580000,0x00000000d5580000,0x00000000e7900000)
  from space 164864K, 96% used [0x00000000f5f00000,0x00000000ffa9a4e8,0x0000000100000000)
  to   space 200192K, 0% used [0x00000000e7900000,0x00000000e7900000,0x00000000f3c80000)
 ParOldGen       total 1398272K, used 111425K [0x0000000080000000, 0x00000000d5580000, 0x00000000d5580000)
  object space 1398272K, 7% used [0x0000000080000000,0x0000000086cd06c8,0x00000000d5580000)
 Metaspace       used 69183K, capacity 72124K, committed 72448K, reserved 1114112K
  class space    used 7607K, capacity 8096K, committed 8192K, reserved 1048576K
}
Event: 622.253 GC heap before
{Heap before GC invocations=12 (full 3):
 PSYoungGen      total 463360K, used 457833K [0x00000000d5580000, 0x0000000100000000, 0x0000000100000000)
  eden space 298496K, 100% used [0x00000000d5580000,0x00000000e7900000,0x00000000e7900000)
  from space 164864K, 96% used [0x00000000f5f00000,0x00000000ffa9a4e8,0x0000000100000000)
  to   space 200192K, 0% used [0x00000000e7900000,0x00000000e7900000,0x00000000f3c80000)
 ParOldGen       total 1398272K, used 111425K [0x0000000080000000, 0x00000000d5580000, 0x00000000d5580000)
  object space 1398272K, 7% used [0x0000000080000000,0x0000000086cd06c8,0x00000000d5580000)
 Metaspace       used 69455K, capacity 72386K, committed 72704K, reserved 1114112K
  class space    used 7625K, capacity 8107K, committed 8192K, reserved 1048576K
Event: 622.424 GC heap after
Heap after GC invocations=12 (full 3):
 PSYoungGen      total 467968K, used 171825K [0x00000000d5580000, 0x0000000100000000, 0x0000000100000000)
  eden space 295936K, 0% used [0x00000000d5580000,0x00000000d5580000,0x00000000e7680000)
  from space 172032K, 99% used [0x00000000e7900000,0x00000000f20cc5c0,0x00000000f2100000)
  to   space 223232K, 0% used [0x00000000f2600000,0x00000000f2600000,0x0000000100000000)
 ParOldGen       total 1398272K, used 111433K [0x0000000080000000, 0x00000000d5580000, 0x00000000d5580000)
  object space 1398272K, 7% used [0x0000000080000000,0x0000000086cd26c8,0x00000000d5580000)
 Metaspace       used 69455K, capacity 72386K, committed 72704K, reserved 1114112K
  class space    used 7625K, capacity 8107K, committed 8192K, reserved 1048576K
}

