# JRE version: OpenJDK Runtime Environment (8.0_212-b04) (build 1.8.0_212-b04)
# Java VM: OpenJDK 64-Bit Server VM (25.212-b04 mixed mode linux-amd64 compressed oops)
Heap:
 PSYoungGen      total 611840K, used 208167K [0x00000000d5580000, 0x0000000100000000, 0x0000000100000000)
  eden space 524800K, 39% used [0x00000000d5580000,0x00000000e20c9e18,0x00000000f5600000)
  from space 87040K, 0% used [0x00000000f5600000,0x00000000f5600000,0x00000000fab00000)
  to   space 87040K, 0% used [0x00000000fab00000,0x00000000fab00000,0x0000000100000000)
 ParOldGen       total 906752K, used 14547K [0x0000000080000000, 0x00000000b7580000, 0x00000000d5580000)
  object space 906752K, 1% used [0x0000000080000000,0x0000000080e34ff8,0x00000000b7580000)
 Metaspace       used 34286K, capacity 35238K, committed 35328K, reserved 1079296K
  class space    used 4345K, capacity 4546K, committed 4608K, reserved 1048576K
GC Heap History (4 events):
Event: 2.663 GC heap before
{Heap before GC invocations=1 (full 0):
 PSYoungGen      total 611840K, used 283394K [0x00000000d5580000, 0x0000000100000000, 0x0000000100000000)
  eden space 524800K, 54% used [0x00000000d5580000,0x00000000e6a40bf8,0x00000000f5600000)
  from space 87040K, 0% used [0x00000000fab00000,0x00000000fab00000,0x0000000100000000)
  to   space 87040K, 0% used [0x00000000f5600000,0x00000000f5600000,0x00000000fab00000)
 ParOldGen       total 1398272K, used 0K [0x0000000080000000, 0x00000000d5580000, 0x00000000d5580000)
  object space 1398272K, 0% used [0x0000000080000000,0x0000000080000000,0x00000000d5580000)
 Metaspace       used 20897K, capacity 21096K, committed 21296K, reserved 1069056K
  class space    used 2602K, capacity 2671K, committed 2688K, reserved 1048576K
Event: 2.696 GC heap after
Heap after GC invocations=1 (full 0):
 PSYoungGen      total 611840K, used 15242K [0x00000000d5580000, 0x0000000100000000, 0x0000000100000000)
  eden space 524800K, 0% used [0x00000000d5580000,0x00000000d5580000,0x00000000f5600000)
  from space 87040K, 17% used [0x00000000f5600000,0x00000000f64e2b70,0x00000000fab00000)
  to   space 87040K, 0% used [0x00000000fab00000,0x00000000fab00000,0x0000000100000000)
 ParOldGen       total 1398272K, used 16K [0x0000000080000000, 0x00000000d5580000, 0x00000000d5580000)
  object space 1398272K, 0% used [0x0000000080000000,0x0000000080004000,0x00000000d5580000)
 Metaspace       used 20897K, capacity 21096K, committed 21296K, reserved 1069056K
  class space    used 2602K, capacity 2671K, committed 2688K, reserved 1048576K
}
Event: 2.696 GC heap before
{Heap before GC invocations=2 (full 1):
 PSYoungGen      total 611840K, used 15242K [0x00000000d5580000, 0x0000000100000000, 0x0000000100000000)
  eden space 524800K, 0% used [0x00000000d5580000,0x00000000d5580000,0x00000000f5600000)
  from space 87040K, 17% used [0x00000000f5600000,0x00000000f64e2b70,0x00000000fab00000)
  to   space 87040K, 0% used [0x00000000fab00000,0x00000000fab00000,0x0000000100000000)
 ParOldGen       total 1398272K, used 16K [0x0000000080000000, 0x00000000d5580000, 0x00000000d5580000)
  object space 1398272K, 0% used [0x0000000080000000,0x0000000080004000,0x00000000d5580000)
 Metaspace       used 20897K, capacity 21096K, committed 21296K, reserved 1069056K
  class space    used 2602K, capacity 2671K, committed 2688K, reserved 1048576K
Event: 2.771 GC heap after
Heap after GC invocations=2 (full 1):
 PSYoungGen      total 611840K, used 0K [0x00000000d5580000, 0x0000000100000000, 0x0000000100000000)
  eden space 524800K, 0% used [0x00000000d5580000,0x00000000d5580000,0x00000000f5600000)
  from space 87040K, 0% used [0x00000000f5600000,0x00000000f5600000,0x00000000fab00000)
  to   space 87040K, 0% used [0x00000000fab00000,0x00000000fab00000,0x0000000100000000)
 ParOldGen       total 906752K, used 14547K [0x0000000080000000, 0x00000000b7580000, 0x00000000d5580000)
  object space 906752K, 1% used [0x0000000080000000,0x0000000080e34ff8,0x00000000b7580000)
 Metaspace       used 20893K, capacity 21090K, committed 21296K, reserved 1069056K
  class space    used 2601K, capacity 2670K, committed 2688K, reserved 1048576K
}

