# JRE version: OpenJDK Runtime Environment (8.0_212-b04) (build 1.8.0_212-b04)
# Java VM: OpenJDK 64-Bit Server VM (25.212-b04 mixed mode linux-amd64 compressed oops)
Heap:
 PSYoungGen      total 605184K, used 153216K [0x00000000d5580000, 0x0000000100000000, 0x0000000100000000)
  eden space 528896K, 14% used [0x00000000d5580000,0x00000000da0a6778,0x00000000f5a00000)
  from space 76288K, 99% used [0x00000000f5a00000,0x00000000fa479a48,0x00000000fa480000)
  to   space 93696K, 0% used [0x00000000fa480000,0x00000000fa480000,0x0000000100000000)
 ParOldGen       total 1398272K, used 67071K [0x0000000080000000, 0x00000000d5580000, 0x00000000d5580000)
  object space 1398272K, 4% used [0x0000000080000000,0x000000008417fc70,0x00000000d5580000)
 Metaspace       used 82690K, capacity 86431K, committed 86528K, reserved 1126400K
  class space    used 9295K, capacity 9950K, committed 9984K, reserved 1048576K
GC Heap History (10 events):
Event: 12.776 GC heap before
{Heap before GC invocations=6 (full 2):
 PSYoungGen      total 611840K, used 332065K [0x00000000d5580000, 0x0000000100000000, 0x0000000100000000)
  eden space 524800K, 59% used [0x00000000d5580000,0x00000000e860a4e8,0x00000000f5600000)
  from space 87040K, 23% used [0x00000000f5600000,0x00000000f69bdfd0,0x00000000fab00000)
  to   space 87040K, 0% used [0x00000000fab00000,0x00000000fab00000,0x0000000100000000)
 ParOldGen       total 1398272K, used 24251K [0x0000000080000000, 0x00000000d5580000, 0x00000000d5580000)
  object space 1398272K, 1% used [0x0000000080000000,0x00000000817aec98,0x00000000d5580000)
 Metaspace       used 57808K, capacity 58969K, committed 59028K, reserved 1101824K
  class space    used 6933K, capacity 7168K, committed 7168K, reserved 1048576K
Event: 12.840 GC heap after
Heap after GC invocations=6 (full 2):
 PSYoungGen      total 611840K, used 20015K [0x00000000d5580000, 0x0000000100000000, 0x0000000100000000)
  eden space 524800K, 0% used [0x00000000d5580000,0x00000000d5580000,0x00000000f5600000)
  from space 87040K, 22% used [0x00000000fab00000,0x00000000fbe8be08,0x0000000100000000)
  to   space 87040K, 0% used [0x00000000f5600000,0x00000000f5600000,0x00000000fab00000)
 ParOldGen       total 1398272K, used 24251K [0x0000000080000000, 0x00000000d5580000, 0x00000000d5580000)
  object space 1398272K, 1% used [0x0000000080000000,0x00000000817aec98,0x00000000d5580000)
 Metaspace       used 57808K, capacity 58969K, committed 59028K, reserved 1101824K
  class space    used 6933K, capacity 7168K, committed 7168K, reserved 1048576K
}
Event: 12.840 GC heap before
{Heap before GC invocations=7 (full 3):
 PSYoungGen      total 611840K, used 20015K [0x00000000d5580000, 0x0000000100000000, 0x0000000100000000)
  eden space 524800K, 0% used [0x00000000d5580000,0x00000000d5580000,0x00000000f5600000)
  from space 87040K, 22% used [0x00000000fab00000,0x00000000fbe8be08,0x0000000100000000)
  to   space 87040K, 0% used [0x00000000f5600000,0x00000000f5600000,0x00000000fab00000)
 ParOldGen       total 1398272K, used 24251K [0x0000000080000000, 0x00000000d5580000, 0x00000000d5580000)
  object space 1398272K, 1% used [0x0000000080000000,0x00000000817aec98,0x00000000d5580000)
 Metaspace       used 57808K, capacity 58969K, committed 59028K, reserved 1101824K
  class space    used 6933K, capacity 7168K, committed 7168K, reserved 1048576K
Event: 13.135 GC heap after
Heap after GC invocations=7 (full 3):
 PSYoungGen      total 611840K, used 0K [0x00000000d5580000, 0x0000000100000000, 0x0000000100000000)
  eden space 524800K, 0% used [0x00000000d5580000,0x00000000d5580000,0x00000000f5600000)
  from space 87040K, 0% used [0x00000000fab00000,0x00000000fab00000,0x0000000100000000)
  to   space 87040K, 0% used [0x00000000f5600000,0x00000000f5600000,0x00000000fab00000)
 ParOldGen       total 1398272K, used 32541K [0x0000000080000000, 0x00000000d5580000, 0x00000000d5580000)
  object space 1398272K, 2% used [0x0000000080000000,0x0000000081fc7518,0x00000000d5580000)
 Metaspace       used 57719K, capacity 58753K, committed 59028K, reserved 1101824K
  class space    used 6901K, capacity 7112K, committed 7168K, reserved 1048576K
}
Event: 22.824 GC heap before
{Heap before GC invocations=8 (full 3):
 PSYoungGen      total 611840K, used 523433K [0x00000000d5580000, 0x0000000100000000, 0x0000000100000000)
  eden space 524800K, 99% used [0x00000000d5580000,0x00000000f54aa590,0x00000000f5600000)
  from space 87040K, 0% used [0x00000000fab00000,0x00000000fab00000,0x0000000100000000)
  to   space 87040K, 0% used [0x00000000f5600000,0x00000000f5600000,0x00000000fab00000)
 ParOldGen       total 1398272K, used 32541K [0x0000000080000000, 0x00000000d5580000, 0x00000000d5580000)
  object space 1398272K, 2% used [0x0000000080000000,0x0000000081fc7518,0x00000000d5580000)
 Metaspace       used 76277K, capacity 79363K, committed 79616K, reserved 1120256K
  class space    used 8899K, capacity 9472K, committed 9472K, reserved 1048576K
Event: 22.903 GC heap after
Heap after GC invocations=8 (full 3):
 PSYoungGen      total 605184K, used 80340K [0x00000000d5580000, 0x00000000fd400000, 0x0000000100000000)
  eden space 524800K, 0% used [0x00000000d5580000,0x00000000d5580000,0x00000000f5600000)
  from space 80384K, 99% used [0x00000000f5600000,0x00000000fa475180,0x00000000fa480000)
  to   space 48640K, 0% used [0x00000000fa480000,0x00000000fa480000,0x00000000fd400000)
 ParOldGen       total 1398272K, used 32541K [0x0000000080000000, 0x00000000d5580000, 0x00000000d5580000)
  object space 1398272K, 2% used [0x0000000080000000,0x0000000081fc7518,0x00000000d5580000)
 Metaspace       used 76277K, capacity 79363K, committed 79616K, reserved 1120256K
  class space    used 8899K, capacity 9472K, committed 9472K, reserved 1048576K
}
Event: 30.926 GC heap before
{Heap before GC invocations=9 (full 3):
 PSYoungGen      total 605184K, used 604453K [0x00000000d5580000, 0x00000000fd400000, 0x0000000100000000)
  eden space 524800K, 99% used [0x00000000d5580000,0x00000000f5554458,0x00000000f5600000)
  from space 80384K, 99% used [0x00000000f5600000,0x00000000fa475180,0x00000000fa480000)
  to   space 48640K, 0% used [0x00000000fa480000,0x00000000fa480000,0x00000000fd400000)
 ParOldGen       total 1398272K, used 32541K [0x0000000080000000, 0x00000000d5580000, 0x00000000d5580000)
  object space 1398272K, 2% used [0x0000000080000000,0x0000000081fc7518,0x00000000d5580000)
 Metaspace       used 80634K, capacity 84355K, committed 84608K, reserved 1124352K
  class space    used 9148K, capacity 9810K, committed 9856K, reserved 1048576K
Event: 31.006 GC heap after
Heap after GC invocations=9 (full 3):
 PSYoungGen      total 577536K, used 48618K [0x00000000d5580000, 0x0000000100000000, 0x0000000100000000)
  eden space 528896K, 0% used [0x00000000d5580000,0x00000000d5580000,0x00000000f5a00000)
  from space 48640K, 99% used [0x00000000fa480000,0x00000000fd3fa8c0,0x00000000fd400000)
  to   space 76288K, 0% used [0x00000000f5a00000,0x00000000f5a00000,0x00000000fa480000)
 ParOldGen       total 1398272K, used 44711K [0x0000000080000000, 0x00000000d5580000, 0x00000000d5580000)
  object space 1398272K, 3% used [0x0000000080000000,0x0000000082ba9f00,0x00000000d5580000)
 Metaspace       used 80634K, capacity 84355K, committed 84608K, reserved 1124352K
  class space    used 9148K, capacity 9810K, committed 9856K, reserved 1048576K
}
Event: 33.593 GC heap before
{Heap before GC invocations=10 (full 3):
 PSYoungGen      total 577536K, used 577514K [0x00000000d5580000, 0x0000000100000000, 0x0000000100000000)
  eden space 528896K, 100% used [0x00000000d5580000,0x00000000f5a00000,0x00000000f5a00000)
  from space 48640K, 99% used [0x00000000fa480000,0x00000000fd3fa8c0,0x00000000fd400000)
  to   space 76288K, 0% used [0x00000000f5a00000,0x00000000f5a00000,0x00000000fa480000)
 ParOldGen       total 1398272K, used 44711K [0x0000000080000000, 0x00000000d5580000, 0x00000000d5580000)
  object space 1398272K, 3% used [0x0000000080000000,0x0000000082ba9f00,0x00000000d5580000)
 Metaspace       used 82576K, capacity 86343K, committed 86528K, reserved 1126400K
  class space    used 9293K, capacity 9946K, committed 9984K, reserved 1048576K
Event: 33.685 GC heap after
Heap after GC invocations=10 (full 3):
 PSYoungGen      total 605184K, used 76262K [0x00000000d5580000, 0x0000000100000000, 0x0000000100000000)
  eden space 528896K, 0% used [0x00000000d5580000,0x00000000d5580000,0x00000000f5a00000)
  from space 76288K, 99% used [0x00000000f5a00000,0x00000000fa479a48,0x00000000fa480000)
  to   space 93696K, 0% used [0x00000000fa480000,0x00000000fa480000,0x0000000100000000)
 ParOldGen       total 1398272K, used 67071K [0x0000000080000000, 0x00000000d5580000, 0x00000000d5580000)
  object space 1398272K, 4% used [0x0000000080000000,0x000000008417fc70,0x00000000d5580000)
 Metaspace       used 82576K, capacity 86343K, committed 86528K, reserved 1126400K
  class space    used 9293K, capacity 9946K, committed 9984K, reserved 1048576K
}

