# JRE version: OpenJDK Runtime Environment (8.0_212-b04) (build 1.8.0_212-b04)
# Java VM: OpenJDK 64-Bit Server VM (25.212-b04 mixed mode linux-amd64 compressed oops)
Heap:
 PSYoungGen      total 611840K, used 166653K [0x00000000d5580000, 0x0000000100000000, 0x0000000100000000)
  eden space 524800K, 31% used [0x00000000d5580000,0x00000000df83f508,0x00000000f5600000)
  from space 87040K, 0% used [0x00000000f5600000,0x00000000f5600000,0x00000000fab00000)
  to   space 87040K, 0% used [0x00000000fab00000,0x00000000fab00000,0x0000000100000000)
 ParOldGen       total 1398272K, used 44147K [0x0000000080000000, 0x00000000d5580000, 0x00000000d5580000)
  object space 1398272K, 3% used [0x0000000080000000,0x0000000082b1cdf0,0x00000000d5580000)
 Metaspace       used 60858K, capacity 63172K, committed 63360K, reserved 1105920K
  class space    used 7065K, capacity 7462K, committed 7552K, reserved 1048576K
GC Heap History (10 events):
Event: 2.389 GC heap before
{Heap before GC invocations=2 (full 1):
 PSYoungGen      total 611840K, used 14309K [0x00000000d5580000, 0x0000000100000000, 0x0000000100000000)
  eden space 524800K, 0% used [0x00000000d5580000,0x00000000d5580000,0x00000000f5600000)
  from space 87040K, 16% used [0x00000000f5600000,0x00000000f63f9668,0x00000000fab00000)
  to   space 87040K, 0% used [0x00000000fab00000,0x00000000fab00000,0x0000000100000000)
 ParOldGen       total 1398272K, used 72K [0x0000000080000000, 0x00000000d5580000, 0x00000000d5580000)
  object space 1398272K, 0% used [0x0000000080000000,0x0000000080012010,0x00000000d5580000)
 Metaspace       used 20811K, capacity 21106K, committed 21248K, reserved 1069056K
  class space    used 2365K, capacity 2482K, committed 2560K, reserved 1048576K
Event: 2.498 GC heap after
Heap after GC invocations=2 (full 1):
 PSYoungGen      total 611840K, used 0K [0x00000000d5580000, 0x0000000100000000, 0x0000000100000000)
  eden space 524800K, 0% used [0x00000000d5580000,0x00000000d5580000,0x00000000f5600000)
  from space 87040K, 0% used [0x00000000f5600000,0x00000000f5600000,0x00000000fab00000)
  to   space 87040K, 0% used [0x00000000fab00000,0x00000000fab00000,0x0000000100000000)
 ParOldGen       total 910336K, used 13755K [0x0000000080000000, 0x00000000b7900000, 0x00000000d5580000)
  object space 910336K, 1% used [0x0000000080000000,0x0000000080d6efa8,0x00000000b7900000)
 Metaspace       used 20811K, capacity 21106K, committed 21248K, reserved 1069056K
  class space    used 2365K, capacity 2482K, committed 2560K, reserved 1048576K
}
Event: 4.936 GC heap before
{Heap before GC invocations=3 (full 1):
 PSYoungGen      total 611840K, used 455540K [0x00000000d5580000, 0x0000000100000000, 0x0000000100000000)
  eden space 524800K, 86% used [0x00000000d5580000,0x00000000f125d050,0x00000000f5600000)
  from space 87040K, 0% used [0x00000000f5600000,0x00000000f5600000,0x00000000fab00000)
  to   space 87040K, 0% used [0x00000000fab00000,0x00000000fab00000,0x0000000100000000)
 ParOldGen       total 910336K, used 13755K [0x0000000080000000, 0x00000000b7900000, 0x00000000d5580000)
  object space 910336K, 1% used [0x0000000080000000,0x0000000080d6efa8,0x00000000b7900000)
 Metaspace       used 34796K, capacity 35188K, committed 35416K, reserved 1081344K
  class space    used 3966K, capacity 4092K, committed 4096K, reserved 1048576K
Event: 4.979 GC heap after
Heap after GC invocations=3 (full 1):
 PSYoungGen      total 611840K, used 19239K [0x00000000d5580000, 0x0000000100000000, 0x0000000100000000)
  eden space 524800K, 0% used [0x00000000d5580000,0x00000000d5580000,0x00000000f5600000)
  from space 87040K, 22% used [0x00000000fab00000,0x00000000fbdc9da8,0x0000000100000000)
  to   space 87040K, 0% used [0x00000000f5600000,0x00000000f5600000,0x00000000fab00000)
 ParOldGen       total 910336K, used 13763K [0x0000000080000000, 0x00000000b7900000, 0x00000000d5580000)
  object space 910336K, 1% used [0x0000000080000000,0x0000000080d70fa8,0x00000000b7900000)
 Metaspace       used 34796K, capacity 35188K, committed 35416K, reserved 1081344K
  class space    used 3966K, capacity 4092K, committed 4096K, reserved 1048576K
}
Event: 4.979 GC heap before
{Heap before GC invocations=4 (full 2):
 PSYoungGen      total 611840K, used 19239K [0x00000000d5580000, 0x0000000100000000, 0x0000000100000000)
  eden space 524800K, 0% used [0x00000000d5580000,0x00000000d5580000,0x00000000f5600000)
  from space 87040K, 22% used [0x00000000fab00000,0x00000000fbdc9da8,0x0000000100000000)
  to   space 87040K, 0% used [0x00000000f5600000,0x00000000f5600000,0x00000000fab00000)
 ParOldGen       total 910336K, used 13763K [0x0000000080000000, 0x00000000b7900000, 0x00000000d5580000)
  object space 910336K, 1% used [0x0000000080000000,0x0000000080d70fa8,0x00000000b7900000)
 Metaspace       used 34796K, capacity 35188K, committed 35416K, reserved 1081344K
  class space    used 3966K, capacity 4092K, committed 4096K, reserved 1048576K
Event: 5.105 GC heap after
Heap after GC invocations=4 (full 2):
 PSYoungGen      total 611840K, used 0K [0x00000000d5580000, 0x0000000100000000, 0x0000000100000000)
  eden space 524800K, 0% used [0x00000000d5580000,0x00000000d5580000,0x00000000f5600000)
  from space 87040K, 0% used [0x00000000fab00000,0x00000000fab00000,0x0000000100000000)
  to   space 87040K, 0% used [0x00000000f5600000,0x00000000f5600000,0x00000000fab00000)
 ParOldGen       total 1398272K, used 23487K [0x0000000080000000, 0x00000000d5580000, 0x00000000d5580000)
  object space 1398272K, 1% used [0x0000000080000000,0x00000000816efc20,0x00000000d5580000)
 Metaspace       used 34796K, capacity 35188K, committed 35416K, reserved 1081344K
  class space    used 3966K, capacity 4092K, committed 4096K, reserved 1048576K
}
Event: 12.008 GC heap before
{Heap before GC invocations=5 (full 2):
 PSYoungGen      total 611840K, used 517170K [0x00000000d5580000, 0x0000000100000000, 0x0000000100000000)
  eden space 524800K, 98% used [0x00000000d5580000,0x00000000f4e8c8f0,0x00000000f5600000)
  from space 87040K, 0% used [0x00000000fab00000,0x00000000fab00000,0x0000000100000000)
  to   space 87040K, 0% used [0x00000000f5600000,0x00000000f5600000,0x00000000fab00000)
 ParOldGen       total 1398272K, used 23487K [0x0000000080000000, 0x00000000d5580000, 0x00000000d5580000)
  object space 1398272K, 1% used [0x0000000080000000,0x00000000816efc20,0x00000000d5580000)
 Metaspace       used 57439K, capacity 58812K, committed 59028K, reserved 1101824K
  class space    used 6630K, capacity 6898K, committed 6912K, reserved 1048576K
Event: 12.077 GC heap after
Heap after GC invocations=5 (full 2):
 PSYoungGen      total 611840K, used 33559K [0x00000000d5580000, 0x0000000100000000, 0x0000000100000000)
  eden space 524800K, 0% used [0x00000000d5580000,0x00000000d5580000,0x00000000f5600000)
  from space 87040K, 38% used [0x00000000f5600000,0x00000000f76c5ff8,0x00000000fab00000)
  to   space 87040K, 0% used [0x00000000fab00000,0x00000000fab00000,0x0000000100000000)
 ParOldGen       total 1398272K, used 23495K [0x0000000080000000, 0x00000000d5580000, 0x00000000d5580000)
  object space 1398272K, 1% used [0x0000000080000000,0x00000000816f1c20,0x00000000d5580000)
 Metaspace       used 57439K, capacity 58812K, committed 59028K, reserved 1101824K
  class space    used 6630K, capacity 6898K, committed 6912K, reserved 1048576K
}
Event: 12.077 GC heap before
{Heap before GC invocations=6 (full 3):
 PSYoungGen      total 611840K, used 33559K [0x00000000d5580000, 0x0000000100000000, 0x0000000100000000)
  eden space 524800K, 0% used [0x00000000d5580000,0x00000000d5580000,0x00000000f5600000)
  from space 87040K, 38% used [0x00000000f5600000,0x00000000f76c5ff8,0x00000000fab00000)
  to   space 87040K, 0% used [0x00000000fab00000,0x00000000fab00000,0x0000000100000000)
 ParOldGen       total 1398272K, used 23495K [0x0000000080000000, 0x00000000d5580000, 0x00000000d5580000)
  object space 1398272K, 1% used [0x0000000080000000,0x00000000816f1c20,0x00000000d5580000)
 Metaspace       used 57439K, capacity 58812K, committed 59028K, reserved 1101824K
  class space    used 6630K, capacity 6898K, committed 6912K, reserved 1048576K
Event: 12.334 GC heap after
Heap after GC invocations=6 (full 3):
 PSYoungGen      total 611840K, used 0K [0x00000000d5580000, 0x0000000100000000, 0x0000000100000000)
  eden space 524800K, 0% used [0x00000000d5580000,0x00000000d5580000,0x00000000f5600000)
  from space 87040K, 0% used [0x00000000f5600000,0x00000000f5600000,0x00000000fab00000)
  to   space 87040K, 0% used [0x00000000fab00000,0x00000000fab00000,0x0000000100000000)
 ParOldGen       total 1398272K, used 44147K [0x0000000080000000, 0x00000000d5580000, 0x00000000d5580000)
  object space 1398272K, 3% used [0x0000000080000000,0x0000000082b1cdf0,0x00000000d5580000)
 Metaspace       used 57409K, capacity 58738K, committed 59028K, reserved 1101824K
  class space    used 6620K, capacity 6881K, committed 6912K, reserved 1048576K
}

