# JRE version: OpenJDK Runtime Environment (8.0_212-b04) (build 1.8.0_212-b04)
# Java VM: OpenJDK 64-Bit Server VM (25.212-b04 mixed mode linux-amd64 compressed oops)
Heap:
 PSYoungGen      total 611840K, used 236163K [0x00000000d5580000, 0x0000000100000000, 0x0000000100000000)
  eden space 524800K, 45% used [0x00000000d5580000,0x00000000e3c20fb8,0x00000000f5600000)
  from space 87040K, 0% used [0x00000000f5600000,0x00000000f5600000,0x00000000fab00000)
  to   space 87040K, 0% used [0x00000000fab00000,0x00000000fab00000,0x0000000100000000)
 ParOldGen       total 873984K, used 11915K [0x0000000080000000, 0x00000000b5580000, 0x00000000d5580000)
  object space 873984K, 1% used [0x0000000080000000,0x0000000080ba2d10,0x00000000b5580000)
 Metaspace       used 27487K, capacity 27806K, committed 28160K, reserved 1075200K
  class space    used 3123K, capacity 3210K, committed 3328K, reserved 1048576K
GC Heap History (4 events):
Event: 2.232 GC heap before
{Heap before GC invocations=1 (full 0):
 PSYoungGen      total 611840K, used 199425K [0x00000000d5580000, 0x0000000100000000, 0x0000000100000000)
  eden space 524800K, 38% used [0x00000000d5580000,0x00000000e1840528,0x00000000f5600000)
  from space 87040K, 0% used [0x00000000fab00000,0x00000000fab00000,0x0000000100000000)
  to   space 87040K, 0% used [0x00000000f5600000,0x00000000f5600000,0x00000000fab00000)
 ParOldGen       total 1398272K, used 0K [0x0000000080000000, 0x00000000d5580000, 0x00000000d5580000)
  object space 1398272K, 0% used [0x0000000080000000,0x0000000080000000,0x00000000d5580000)
 Metaspace       used 20730K, capacity 20984K, committed 21248K, reserved 1069056K
  class space    used 2355K, capacity 2443K, committed 2560K, reserved 1048576K
Event: 2.269 GC heap after
Heap after GC invocations=1 (full 0):
 PSYoungGen      total 611840K, used 12370K [0x00000000d5580000, 0x0000000100000000, 0x0000000100000000)
  eden space 524800K, 0% used [0x00000000d5580000,0x00000000d5580000,0x00000000f5600000)
  from space 87040K, 14% used [0x00000000f5600000,0x00000000f6214958,0x00000000fab00000)
  to   space 87040K, 0% used [0x00000000fab00000,0x00000000fab00000,0x0000000100000000)
 ParOldGen       total 1398272K, used 80K [0x0000000080000000, 0x00000000d5580000, 0x00000000d5580000)
  object space 1398272K, 0% used [0x0000000080000000,0x0000000080014010,0x00000000d5580000)
 Metaspace       used 20730K, capacity 20984K, committed 21248K, reserved 1069056K
  class space    used 2355K, capacity 2443K, committed 2560K, reserved 1048576K
}
Event: 2.269 GC heap before
{Heap before GC invocations=2 (full 1):
 PSYoungGen      total 611840K, used 12370K [0x00000000d5580000, 0x0000000100000000, 0x0000000100000000)
  eden space 524800K, 0% used [0x00000000d5580000,0x00000000d5580000,0x00000000f5600000)
  from space 87040K, 14% used [0x00000000f5600000,0x00000000f6214958,0x00000000fab00000)
  to   space 87040K, 0% used [0x00000000fab00000,0x00000000fab00000,0x0000000100000000)
 ParOldGen       total 1398272K, used 80K [0x0000000080000000, 0x00000000d5580000, 0x00000000d5580000)
  object space 1398272K, 0% used [0x0000000080000000,0x0000000080014010,0x00000000d5580000)
 Metaspace       used 20730K, capacity 20984K, committed 21248K, reserved 1069056K
  class space    used 2355K, capacity 2443K, committed 2560K, reserved 1048576K
Event: 2.335 GC heap after
Heap after GC invocations=2 (full 1):
 PSYoungGen      total 611840K, used 0K [0x00000000d5580000, 0x0000000100000000, 0x0000000100000000)
  eden space 524800K, 0% used [0x00000000d5580000,0x00000000d5580000,0x00000000f5600000)
  from space 87040K, 0% used [0x00000000f5600000,0x00000000f5600000,0x00000000fab00000)
  to   space 87040K, 0% used [0x00000000fab00000,0x00000000fab00000,0x0000000100000000)
 ParOldGen       total 873984K, used 11915K [0x0000000080000000, 0x00000000b5580000, 0x00000000d5580000)
  object space 873984K, 1% used [0x0000000080000000,0x0000000080ba2d10,0x00000000b5580000)
 Metaspace       used 20730K, capacity 20984K, committed 21248K, reserved 1069056K
  class space    used 2355K, capacity 2443K, committed 2560K, reserved 1048576K
}

