# JRE version: OpenJDK Runtime Environment (8.0_212-b04) (build 1.8.0_212-b04)
# Java VM: OpenJDK 64-Bit Server VM (25.212-b04 mixed mode linux-amd64 compressed oops)
Heap:
 PSYoungGen      total 611840K, used 492470K [0x00000000d5580000, 0x00000000fe700000, 0x0000000100000000)
  eden space 524800K, 77% used [0x00000000d5580000,0x00000000ee173e98,0x00000000f5600000)
  from space 87040K, 99% used [0x00000000f5600000,0x00000000faaf9ba0,0x00000000fab00000)
  to   space 61440K, 0% used [0x00000000fab00000,0x00000000fab00000,0x00000000fe700000)
 ParOldGen       total 1398272K, used 36247K [0x0000000080000000, 0x00000000d5580000, 0x00000000d5580000)
  object space 1398272K, 2% used [0x0000000080000000,0x0000000082365fd8,0x00000000d5580000)
 Metaspace       used 67271K, capacity 70004K, committed 70272K, reserved 1112064K
  class space    used 7544K, capacity 8024K, committed 8064K, reserved 1048576K
GC Heap History (10 events):
Event: 4.230 GC heap before
{Heap before GC invocations=4 (full 2):
 PSYoungGen      total 611840K, used 19162K [0x00000000d5580000, 0x0000000100000000, 0x0000000100000000)
  eden space 524800K, 0% used [0x00000000d5580000,0x00000000d5580000,0x00000000f5600000)
  from space 87040K, 22% used [0x00000000fab00000,0x00000000fbdb6b50,0x0000000100000000)
  to   space 87040K, 0% used [0x00000000f5600000,0x00000000f5600000,0x00000000fab00000)
 ParOldGen       total 885248K, used 13759K [0x0000000080000000, 0x00000000b6080000, 0x00000000d5580000)
  object space 885248K, 1% used [0x0000000080000000,0x0000000080d6fc30,0x00000000b6080000)
 Metaspace       used 34774K, capacity 35182K, committed 35416K, reserved 1081344K
  class space    used 3974K, capacity 4091K, committed 4096K, reserved 1048576K
Event: 4.328 GC heap after
Heap after GC invocations=4 (full 2):
 PSYoungGen      total 611840K, used 0K [0x00000000d5580000, 0x0000000100000000, 0x0000000100000000)
  eden space 524800K, 0% used [0x00000000d5580000,0x00000000d5580000,0x00000000f5600000)
  from space 87040K, 0% used [0x00000000fab00000,0x00000000fab00000,0x0000000100000000)
  to   space 87040K, 0% used [0x00000000f5600000,0x00000000f5600000,0x00000000fab00000)
 ParOldGen       total 1398272K, used 23582K [0x0000000080000000, 0x00000000d5580000, 0x00000000d5580000)
  object space 1398272K, 1% used [0x0000000080000000,0x0000000081707850,0x00000000d5580000)
 Metaspace       used 34774K, capacity 35182K, committed 35416K, reserved 1081344K
  class space    used 3974K, capacity 4091K, committed 4096K, reserved 1048576K
}
Event: 11.044 GC heap before
{Heap before GC invocations=5 (full 2):
 PSYoungGen      total 611840K, used 524800K [0x00000000d5580000, 0x0000000100000000, 0x0000000100000000)
  eden space 524800K, 100% used [0x00000000d5580000,0x00000000f5600000,0x00000000f5600000)
  from space 87040K, 0% used [0x00000000fab00000,0x00000000fab00000,0x0000000100000000)
  to   space 87040K, 0% used [0x00000000f5600000,0x00000000f5600000,0x00000000fab00000)
 ParOldGen       total 1398272K, used 23582K [0x0000000080000000, 0x00000000d5580000, 0x00000000d5580000)
  object space 1398272K, 1% used [0x0000000080000000,0x0000000081707850,0x00000000d5580000)
 Metaspace       used 51717K, capacity 53046K, committed 53248K, reserved 1095680K
  class space    used 6059K, capacity 6321K, committed 6400K, reserved 1048576K
Event: 11.108 GC heap after
Heap after GC invocations=5 (full 2):
 PSYoungGen      total 611840K, used 26555K [0x00000000d5580000, 0x0000000100000000, 0x0000000100000000)
  eden space 524800K, 0% used [0x00000000d5580000,0x00000000d5580000,0x00000000f5600000)
  from space 87040K, 30% used [0x00000000f5600000,0x00000000f6feeee0,0x00000000fab00000)
  to   space 87040K, 0% used [0x00000000fab00000,0x00000000fab00000,0x0000000100000000)
 ParOldGen       total 1398272K, used 23590K [0x0000000080000000, 0x00000000d5580000, 0x00000000d5580000)
  object space 1398272K, 1% used [0x0000000080000000,0x0000000081709850,0x00000000d5580000)
 Metaspace       used 51717K, capacity 53046K, committed 53248K, reserved 1095680K
  class space    used 6059K, capacity 6321K, committed 6400K, reserved 1048576K
}
Event: 12.171 GC heap before
{Heap before GC invocations=6 (full 2):
 PSYoungGen      total 611840K, used 194824K [0x00000000d5580000, 0x0000000100000000, 0x0000000100000000)
  eden space 524800K, 32% used [0x00000000d5580000,0x00000000df9d3398,0x00000000f5600000)
  from space 87040K, 30% used [0x00000000f5600000,0x00000000f6feeee0,0x00000000fab00000)
  to   space 87040K, 0% used [0x00000000fab00000,0x00000000fab00000,0x0000000100000000)
 ParOldGen       total 1398272K, used 23590K [0x0000000080000000, 0x00000000d5580000, 0x00000000d5580000)
  object space 1398272K, 1% used [0x0000000080000000,0x0000000081709850,0x00000000d5580000)
 Metaspace       used 57227K, capacity 58856K, committed 59008K, reserved 1101824K
  class space    used 6624K, capacity 6948K, committed 7040K, reserved 1048576K
Event: 12.210 GC heap after
Heap after GC invocations=6 (full 2):
 PSYoungGen      total 611840K, used 21344K [0x00000000d5580000, 0x0000000100000000, 0x0000000100000000)
  eden space 524800K, 0% used [0x00000000d5580000,0x00000000d5580000,0x00000000f5600000)
  from space 87040K, 24% used [0x00000000fab00000,0x00000000fbfd8318,0x0000000100000000)
  to   space 87040K, 0% used [0x00000000f5600000,0x00000000f5600000,0x00000000fab00000)
 ParOldGen       total 1398272K, used 23598K [0x0000000080000000, 0x00000000d5580000, 0x00000000d5580000)
  object space 1398272K, 1% used [0x0000000080000000,0x000000008170b850,0x00000000d5580000)
 Metaspace       used 57227K, capacity 58856K, committed 59008K, reserved 1101824K
  class space    used 6624K, capacity 6948K, committed 7040K, reserved 1048576K
}
Event: 12.210 GC heap before
{Heap before GC invocations=7 (full 3):
 PSYoungGen      total 611840K, used 21344K [0x00000000d5580000, 0x0000000100000000, 0x0000000100000000)
  eden space 524800K, 0% used [0x00000000d5580000,0x00000000d5580000,0x00000000f5600000)
  from space 87040K, 24% used [0x00000000fab00000,0x00000000fbfd8318,0x0000000100000000)
  to   space 87040K, 0% used [0x00000000f5600000,0x00000000f5600000,0x00000000fab00000)
 ParOldGen       total 1398272K, used 23598K [0x0000000080000000, 0x00000000d5580000, 0x00000000d5580000)
  object space 1398272K, 1% used [0x0000000080000000,0x000000008170b850,0x00000000d5580000)
 Metaspace       used 57227K, capacity 58856K, committed 59008K, reserved 1101824K
  class space    used 6624K, capacity 6948K, committed 7040K, reserved 1048576K
Event: 12.516 GC heap after
Heap after GC invocations=7 (full 3):
 PSYoungGen      total 611840K, used 0K [0x00000000d5580000, 0x0000000100000000, 0x0000000100000000)
  eden space 524800K, 0% used [0x00000000d5580000,0x00000000d5580000,0x00000000f5600000)
  from space 87040K, 0% used [0x00000000fab00000,0x00000000fab00000,0x0000000100000000)
  to   space 87040K, 0% used [0x00000000f5600000,0x00000000f5600000,0x00000000fab00000)
 ParOldGen       total 1398272K, used 32720K [0x0000000080000000, 0x00000000d5580000, 0x00000000d5580000)
  object space 1398272K, 2% used [0x0000000080000000,0x0000000081ff43d8,0x00000000d5580000)
 Metaspace       used 57140K, capacity 58616K, committed 59008K, reserved 1101824K
  class space    used 6593K, capacity 6894K, committed 7040K, reserved 1048576K
}
Event: 46.376 GC heap before
{Heap before GC invocations=8 (full 3):
 PSYoungGen      total 611840K, used 524800K [0x00000000d5580000, 0x0000000100000000, 0x0000000100000000)
  eden space 524800K, 100% used [0x00000000d5580000,0x00000000f5600000,0x00000000f5600000)
  from space 87040K, 0% used [0x00000000fab00000,0x00000000fab00000,0x0000000100000000)
  to   space 87040K, 0% used [0x00000000f5600000,0x00000000f5600000,0x00000000fab00000)
 ParOldGen       total 1398272K, used 32720K [0x0000000080000000, 0x00000000d5580000, 0x00000000d5580000)
  object space 1398272K, 2% used [0x0000000080000000,0x0000000081ff43d8,0x00000000d5580000)
 Metaspace       used 66110K, capacity 68730K, committed 68992K, reserved 1110016K
  class space    used 7497K, capacity 7971K, committed 8064K, reserved 1048576K
Event: 46.580 GC heap after
Heap after GC invocations=8 (full 3):
 PSYoungGen      total 611840K, used 87014K [0x00000000d5580000, 0x00000000fe700000, 0x0000000100000000)
  eden space 524800K, 0% used [0x00000000d5580000,0x00000000d5580000,0x00000000f5600000)
  from space 87040K, 99% used [0x00000000f5600000,0x00000000faaf9ba0,0x00000000fab00000)
  to   space 61440K, 0% used [0x00000000fab00000,0x00000000fab00000,0x00000000fe700000)
 ParOldGen       total 1398272K, used 36247K [0x0000000080000000, 0x00000000d5580000, 0x00000000d5580000)
  object space 1398272K, 2% used [0x0000000080000000,0x0000000082365fd8,0x00000000d5580000)
 Metaspace       used 66110K, capacity 68730K, committed 68992K, reserved 1110016K
  class space    used 7497K, capacity 7971K, committed 8064K, reserved 1048576K
}

