# JRE version: OpenJDK Runtime Environment (8.0_212-b04) (build 1.8.0_212-b04)
# Java VM: OpenJDK 64-Bit Server VM (25.212-b04 mixed mode linux-amd64 compressed oops)
Heap:
 PSYoungGen      total 611840K, used 284781K [0x00000000d5580000, 0x0000000100000000, 0x0000000100000000)
  eden space 524800K, 54% used [0x00000000d5580000,0x00000000e6b9b4d8,0x00000000f5600000)
  from space 87040K, 0% used [0x00000000f5600000,0x00000000f5600000,0x00000000fab00000)
  to   space 87040K, 0% used [0x00000000fab00000,0x00000000fab00000,0x0000000100000000)
 ParOldGen       total 1398272K, used 44544K [0x0000000080000000, 0x00000000d5580000, 0x00000000d5580000)
  object space 1398272K, 3% used [0x0000000080000000,0x0000000082b80080,0x00000000d5580000)
 Metaspace       used 64942K, capacity 67712K, committed 67928K, reserved 1110016K
  class space    used 7486K, capacity 7988K, committed 8024K, reserved 1048576K
GC Heap History (10 events):
Event: 2.196 GC heap before
{Heap before GC invocations=2 (full 1):
 PSYoungGen      total 611840K, used 14299K [0x00000000d5580000, 0x0000000100000000, 0x0000000100000000)
  eden space 524800K, 0% used [0x00000000d5580000,0x00000000d5580000,0x00000000f5600000)
  from space 87040K, 16% used [0x00000000f5600000,0x00000000f63f6f60,0x00000000fab00000)
  to   space 87040K, 0% used [0x00000000fab00000,0x00000000fab00000,0x0000000100000000)
 ParOldGen       total 1398272K, used 80K [0x0000000080000000, 0x00000000d5580000, 0x00000000d5580000)
  object space 1398272K, 0% used [0x0000000080000000,0x0000000080014010,0x00000000d5580000)
 Metaspace       used 20810K, capacity 21106K, committed 21248K, reserved 1069056K
  class space    used 2369K, capacity 2482K, committed 2560K, reserved 1048576K
Event: 2.276 GC heap after
Heap after GC invocations=2 (full 1):
 PSYoungGen      total 611840K, used 0K [0x00000000d5580000, 0x0000000100000000, 0x0000000100000000)
  eden space 524800K, 0% used [0x00000000d5580000,0x00000000d5580000,0x00000000f5600000)
  from space 87040K, 0% used [0x00000000f5600000,0x00000000f5600000,0x00000000fab00000)
  to   space 87040K, 0% used [0x00000000fab00000,0x00000000fab00000,0x0000000100000000)
 ParOldGen       total 909312K, used 13755K [0x0000000080000000, 0x00000000b7800000, 0x00000000d5580000)
  object space 909312K, 1% used [0x0000000080000000,0x0000000080d6eec0,0x00000000b7800000)
 Metaspace       used 20810K, capacity 21106K, committed 21248K, reserved 1069056K
  class space    used 2369K, capacity 2482K, committed 2560K, reserved 1048576K
}
Event: 4.635 GC heap before
{Heap before GC invocations=3 (full 1):
 PSYoungGen      total 611840K, used 434803K [0x00000000d5580000, 0x0000000100000000, 0x0000000100000000)
  eden space 524800K, 82% used [0x00000000d5580000,0x00000000efe1ccf8,0x00000000f5600000)
  from space 87040K, 0% used [0x00000000f5600000,0x00000000f5600000,0x00000000fab00000)
  to   space 87040K, 0% used [0x00000000fab00000,0x00000000fab00000,0x0000000100000000)
 ParOldGen       total 909312K, used 13755K [0x0000000080000000, 0x00000000b7800000, 0x00000000d5580000)
  object space 909312K, 1% used [0x0000000080000000,0x0000000080d6eec0,0x00000000b7800000)
 Metaspace       used 34752K, capacity 35150K, committed 35416K, reserved 1081344K
  class space    used 3976K, capacity 4123K, committed 4184K, reserved 1048576K
Event: 4.666 GC heap after
Heap after GC invocations=3 (full 1):
 PSYoungGen      total 611840K, used 19243K [0x00000000d5580000, 0x0000000100000000, 0x0000000100000000)
  eden space 524800K, 0% used [0x00000000d5580000,0x00000000d5580000,0x00000000f5600000)
  from space 87040K, 22% used [0x00000000fab00000,0x00000000fbdcadc8,0x0000000100000000)
  to   space 87040K, 0% used [0x00000000f5600000,0x00000000f5600000,0x00000000fab00000)
 ParOldGen       total 909312K, used 13755K [0x0000000080000000, 0x00000000b7800000, 0x00000000d5580000)
  object space 909312K, 1% used [0x0000000080000000,0x0000000080d6eec0,0x00000000b7800000)
 Metaspace       used 34752K, capacity 35150K, committed 35416K, reserved 1081344K
  class space    used 3976K, capacity 4123K, committed 4184K, reserved 1048576K
}
Event: 4.666 GC heap before
{Heap before GC invocations=4 (full 2):
 PSYoungGen      total 611840K, used 19243K [0x00000000d5580000, 0x0000000100000000, 0x0000000100000000)
  eden space 524800K, 0% used [0x00000000d5580000,0x00000000d5580000,0x00000000f5600000)
  from space 87040K, 22% used [0x00000000fab00000,0x00000000fbdcadc8,0x0000000100000000)
  to   space 87040K, 0% used [0x00000000f5600000,0x00000000f5600000,0x00000000fab00000)
 ParOldGen       total 909312K, used 13755K [0x0000000080000000, 0x00000000b7800000, 0x00000000d5580000)
  object space 909312K, 1% used [0x0000000080000000,0x0000000080d6eec0,0x00000000b7800000)
 Metaspace       used 34752K, capacity 35150K, committed 35416K, reserved 1081344K
  class space    used 3976K, capacity 4123K, committed 4184K, reserved 1048576K
Event: 4.750 GC heap after
Heap after GC invocations=4 (full 2):
 PSYoungGen      total 611840K, used 0K [0x00000000d5580000, 0x0000000100000000, 0x0000000100000000)
  eden space 524800K, 0% used [0x00000000d5580000,0x00000000d5580000,0x00000000f5600000)
  from space 87040K, 0% used [0x00000000fab00000,0x00000000fab00000,0x0000000100000000)
  to   space 87040K, 0% used [0x00000000f5600000,0x00000000f5600000,0x00000000fab00000)
 ParOldGen       total 1398272K, used 23579K [0x0000000080000000, 0x00000000d5580000, 0x00000000d5580000)
  object space 1398272K, 1% used [0x0000000080000000,0x0000000081706c00,0x00000000d5580000)
 Metaspace       used 34752K, capacity 35150K, committed 35416K, reserved 1081344K
  class space    used 3976K, capacity 4123K, committed 4184K, reserved 1048576K
}
Event: 11.875 GC heap before
{Heap before GC invocations=5 (full 2):
 PSYoungGen      total 611840K, used 511472K [0x00000000d5580000, 0x0000000100000000, 0x0000000100000000)
  eden space 524800K, 97% used [0x00000000d5580000,0x00000000f48fc358,0x00000000f5600000)
  from space 87040K, 0% used [0x00000000fab00000,0x00000000fab00000,0x0000000100000000)
  to   space 87040K, 0% used [0x00000000f5600000,0x00000000f5600000,0x00000000fab00000)
 ParOldGen       total 1398272K, used 23579K [0x0000000080000000, 0x00000000d5580000, 0x00000000d5580000)
  object space 1398272K, 1% used [0x0000000080000000,0x0000000081706c00,0x00000000d5580000)
 Metaspace       used 57396K, capacity 58792K, committed 58968K, reserved 1101824K
  class space    used 6645K, capacity 6932K, committed 7000K, reserved 1048576K
Event: 11.943 GC heap after
Heap after GC invocations=5 (full 2):
 PSYoungGen      total 611840K, used 34110K [0x00000000d5580000, 0x0000000100000000, 0x0000000100000000)
  eden space 524800K, 0% used [0x00000000d5580000,0x00000000d5580000,0x00000000f5600000)
  from space 87040K, 39% used [0x00000000f5600000,0x00000000f774f8a8,0x00000000fab00000)
  to   space 87040K, 0% used [0x00000000fab00000,0x00000000fab00000,0x0000000100000000)
 ParOldGen       total 1398272K, used 23587K [0x0000000080000000, 0x00000000d5580000, 0x00000000d5580000)
  object space 1398272K, 1% used [0x0000000080000000,0x0000000081708c00,0x00000000d5580000)
 Metaspace       used 57396K, capacity 58792K, committed 58968K, reserved 1101824K
  class space    used 6645K, capacity 6932K, committed 7000K, reserved 1048576K
}
Event: 11.943 GC heap before
{Heap before GC invocations=6 (full 3):
 PSYoungGen      total 611840K, used 34110K [0x00000000d5580000, 0x0000000100000000, 0x0000000100000000)
  eden space 524800K, 0% used [0x00000000d5580000,0x00000000d5580000,0x00000000f5600000)
  from space 87040K, 39% used [0x00000000f5600000,0x00000000f774f8a8,0x00000000fab00000)
  to   space 87040K, 0% used [0x00000000fab00000,0x00000000fab00000,0x0000000100000000)
 ParOldGen       total 1398272K, used 23587K [0x0000000080000000, 0x00000000d5580000, 0x00000000d5580000)
  object space 1398272K, 1% used [0x0000000080000000,0x0000000081708c00,0x00000000d5580000)
 Metaspace       used 57396K, capacity 58792K, committed 58968K, reserved 1101824K
  class space    used 6645K, capacity 6932K, committed 7000K, reserved 1048576K
Event: 12.242 GC heap after
Heap after GC invocations=6 (full 3):
 PSYoungGen      total 611840K, used 0K [0x00000000d5580000, 0x0000000100000000, 0x0000000100000000)
  eden space 524800K, 0% used [0x00000000d5580000,0x00000000d5580000,0x00000000f5600000)
  from space 87040K, 0% used [0x00000000f5600000,0x00000000f5600000,0x00000000fab00000)
  to   space 87040K, 0% used [0x00000000fab00000,0x00000000fab00000,0x0000000100000000)
 ParOldGen       total 1398272K, used 44544K [0x0000000080000000, 0x00000000d5580000, 0x00000000d5580000)
  object space 1398272K, 3% used [0x0000000080000000,0x0000000082b80080,0x00000000d5580000)
 Metaspace       used 57369K, capacity 58732K, committed 58968K, reserved 1101824K
  class space    used 6636K, capacity 6916K, committed 7000K, reserved 1048576K
}

