# JRE version: OpenJDK Runtime Environment (8.0_212-b04) (build 1.8.0_212-b04)
# Java VM: OpenJDK 64-Bit Server VM (25.212-b04 mixed mode linux-amd64 compressed oops)
Heap:
 PSYoungGen      total 611840K, used 314654K [0x00000000d5580000, 0x0000000100000000, 0x0000000100000000)
  eden space 532480K, 44% used [0x00000000d5580000,0x00000000e3b49ec8,0x00000000f5d80000)
  from space 79360K, 99% used [0x00000000f5d80000,0x00000000faafdc48,0x00000000fab00000)
  to   space 87040K, 0% used [0x00000000fab00000,0x00000000fab00000,0x0000000100000000)
 ParOldGen       total 1398272K, used 120921K [0x0000000080000000, 0x00000000d5580000, 0x00000000d5580000)
  object space 1398272K, 8% used [0x0000000080000000,0x0000000087616630,0x00000000d5580000)
 Metaspace       used 69437K, capacity 72624K, committed 72832K, reserved 1114112K
  class space    used 7663K, capacity 8248K, committed 8320K, reserved 1048576K
GC Heap History (10 events):
Event: 12.295 GC heap before
{Heap before GC invocations=6 (full 2):
 PSYoungGen      total 611840K, used 178960K [0x00000000d5580000, 0x0000000100000000, 0x0000000100000000)
  eden space 524800K, 29% used [0x00000000d5580000,0x00000000deb28778,0x00000000f5600000)
  from space 87040K, 29% used [0x00000000f5600000,0x00000000f6f1b9f8,0x00000000fab00000)
  to   space 87040K, 0% used [0x00000000fab00000,0x00000000fab00000,0x0000000100000000)
 ParOldGen       total 1398272K, used 23634K [0x0000000080000000, 0x00000000d5580000, 0x00000000d5580000)
  object space 1398272K, 1% used [0x0000000080000000,0x0000000081714bb8,0x00000000d5580000)
 Metaspace       used 57189K, capacity 58868K, committed 59008K, reserved 1101824K
  class space    used 6623K, capacity 6936K, committed 7040K, reserved 1048576K
Event: 12.332 GC heap after
Heap after GC invocations=6 (full 2):
 PSYoungGen      total 611840K, used 22064K [0x00000000d5580000, 0x0000000100000000, 0x0000000100000000)
  eden space 524800K, 0% used [0x00000000d5580000,0x00000000d5580000,0x00000000f5600000)
  from space 87040K, 25% used [0x00000000fab00000,0x00000000fc08c378,0x0000000100000000)
  to   space 87040K, 0% used [0x00000000f5600000,0x00000000f5600000,0x00000000fab00000)
 ParOldGen       total 1398272K, used 23642K [0x0000000080000000, 0x00000000d5580000, 0x00000000d5580000)
  object space 1398272K, 1% used [0x0000000080000000,0x0000000081716bb8,0x00000000d5580000)
 Metaspace       used 57189K, capacity 58868K, committed 59008K, reserved 1101824K
  class space    used 6623K, capacity 6936K, committed 7040K, reserved 1048576K
}
Event: 12.332 GC heap before
{Heap before GC invocations=7 (full 3):
 PSYoungGen      total 611840K, used 22064K [0x00000000d5580000, 0x0000000100000000, 0x0000000100000000)
  eden space 524800K, 0% used [0x00000000d5580000,0x00000000d5580000,0x00000000f5600000)
  from space 87040K, 25% used [0x00000000fab00000,0x00000000fc08c378,0x0000000100000000)
  to   space 87040K, 0% used [0x00000000f5600000,0x00000000f5600000,0x00000000fab00000)
 ParOldGen       total 1398272K, used 23642K [0x0000000080000000, 0x00000000d5580000, 0x00000000d5580000)
  object space 1398272K, 1% used [0x0000000080000000,0x0000000081716bb8,0x00000000d5580000)
 Metaspace       used 57189K, capacity 58868K, committed 59008K, reserved 1101824K
  class space    used 6623K, capacity 6936K, committed 7040K, reserved 1048576K
Event: 12.586 GC heap after
Heap after GC invocations=7 (full 3):
 PSYoungGen      total 611840K, used 0K [0x00000000d5580000, 0x0000000100000000, 0x0000000100000000)
  eden space 524800K, 0% used [0x00000000d5580000,0x00000000d5580000,0x00000000f5600000)
  from space 87040K, 0% used [0x00000000fab00000,0x00000000fab00000,0x0000000100000000)
  to   space 87040K, 0% used [0x00000000f5600000,0x00000000f5600000,0x00000000fab00000)
 ParOldGen       total 1398272K, used 33468K [0x0000000080000000, 0x00000000d5580000, 0x00000000d5580000)
  object space 1398272K, 2% used [0x0000000080000000,0x00000000820af2a0,0x00000000d5580000)
 Metaspace       used 57094K, capacity 58614K, committed 59008K, reserved 1101824K
  class space    used 6590K, capacity 6877K, committed 7040K, reserved 1048576K
}
Event: 47.862 GC heap before
{Heap before GC invocations=8 (full 3):
 PSYoungGen      total 611840K, used 524800K [0x00000000d5580000, 0x0000000100000000, 0x0000000100000000)
  eden space 524800K, 100% used [0x00000000d5580000,0x00000000f5600000,0x00000000f5600000)
  from space 87040K, 0% used [0x00000000fab00000,0x00000000fab00000,0x0000000100000000)
  to   space 87040K, 0% used [0x00000000f5600000,0x00000000f5600000,0x00000000fab00000)
 ParOldGen       total 1398272K, used 33468K [0x0000000080000000, 0x00000000d5580000, 0x00000000d5580000)
  object space 1398272K, 2% used [0x0000000080000000,0x00000000820af2a0,0x00000000d5580000)
 Metaspace       used 65303K, capacity 67954K, committed 68096K, reserved 1110016K
  class space    used 7416K, capacity 7893K, committed 7936K, reserved 1048576K
Event: 48.015 GC heap after
Heap after GC invocations=8 (full 3):
 PSYoungGen      total 611840K, used 87034K [0x00000000d5580000, 0x00000000ff100000, 0x0000000100000000)
  eden space 524800K, 0% used [0x00000000d5580000,0x00000000d5580000,0x00000000f5600000)
  from space 87040K, 99% used [0x00000000f5600000,0x00000000faafe898,0x00000000fab00000)
  to   space 71680K, 0% used [0x00000000fab00000,0x00000000fab00000,0x00000000ff100000)
 ParOldGen       total 1398272K, used 44167K [0x0000000080000000, 0x00000000d5580000, 0x00000000d5580000)
  object space 1398272K, 3% used [0x0000000080000000,0x0000000082b21c90,0x00000000d5580000)
 Metaspace       used 65303K, capacity 67954K, committed 68096K, reserved 1110016K
  class space    used 7416K, capacity 7893K, committed 7936K, reserved 1048576K
}
Event: 76.113 GC heap before
{Heap before GC invocations=9 (full 3):
 PSYoungGen      total 611840K, used 611784K [0x00000000d5580000, 0x00000000ff100000, 0x0000000100000000)
  eden space 524800K, 99% used [0x00000000d5580000,0x00000000f55f38a8,0x00000000f5600000)
  from space 87040K, 99% used [0x00000000f5600000,0x00000000faafe898,0x00000000fab00000)
  to   space 71680K, 0% used [0x00000000fab00000,0x00000000fab00000,0x00000000ff100000)
 ParOldGen       total 1398272K, used 44167K [0x0000000080000000, 0x00000000d5580000, 0x00000000d5580000)
  object space 1398272K, 3% used [0x0000000080000000,0x0000000082b21c90,0x00000000d5580000)
 Metaspace       used 67128K, capacity 69956K, committed 70016K, reserved 1112064K
  class space    used 7518K, capacity 8020K, committed 8064K, reserved 1048576K
Event: 76.208 GC heap after
Heap after GC invocations=9 (full 3):
 PSYoungGen      total 604160K, used 48299K [0x00000000d5580000, 0x0000000100000000, 0x0000000100000000)
  eden space 532480K, 0% used [0x00000000d5580000,0x00000000d5580000,0x00000000f5d80000)
  from space 71680K, 67% used [0x00000000fab00000,0x00000000fda2add0,0x00000000ff100000)
  to   space 79360K, 0% used [0x00000000f5d80000,0x00000000f5d80000,0x00000000fab00000)
 ParOldGen       total 1398272K, used 44175K [0x0000000080000000, 0x00000000d5580000, 0x00000000d5580000)
  object space 1398272K, 3% used [0x0000000080000000,0x0000000082b23c90,0x00000000d5580000)
 Metaspace       used 67128K, capacity 69956K, committed 70016K, reserved 1112064K
  class space    used 7518K, capacity 8020K, committed 8064K, reserved 1048576K
}
Event: 170.116 GC heap before
{Heap before GC invocations=10 (full 3):
 PSYoungGen      total 604160K, used 580779K [0x00000000d5580000, 0x0000000100000000, 0x0000000100000000)
  eden space 532480K, 100% used [0x00000000d5580000,0x00000000f5d80000,0x00000000f5d80000)
  from space 71680K, 67% used [0x00000000fab00000,0x00000000fda2add0,0x00000000ff100000)
  to   space 79360K, 0% used [0x00000000f5d80000,0x00000000f5d80000,0x00000000fab00000)
 ParOldGen       total 1398272K, used 44175K [0x0000000080000000, 0x00000000d5580000, 0x00000000d5580000)
  object space 1398272K, 3% used [0x0000000080000000,0x0000000082b23c90,0x00000000d5580000)
 Metaspace       used 68929K, capacity 72038K, committed 72192K, reserved 1114112K
  class space    used 7621K, capacity 8159K, committed 8192K, reserved 1048576K
Event: 170.380 GC heap after
Heap after GC invocations=10 (full 3):
 PSYoungGen      total 611840K, used 79351K [0x00000000d5580000, 0x0000000100000000, 0x0000000100000000)
  eden space 532480K, 0% used [0x00000000d5580000,0x00000000d5580000,0x00000000f5d80000)
  from space 79360K, 99% used [0x00000000f5d80000,0x00000000faafdc48,0x00000000fab00000)
  to   space 87040K, 0% used [0x00000000fab00000,0x00000000fab00000,0x0000000100000000)
 ParOldGen       total 1398272K, used 120921K [0x0000000080000000, 0x00000000d5580000, 0x00000000d5580000)
  object space 1398272K, 8% used [0x0000000080000000,0x0000000087616630,0x00000000d5580000)
 Metaspace       used 68929K, capacity 72038K, committed 72192K, reserved 1114112K
  class space    used 7621K, capacity 8159K, committed 8192K, reserved 1048576K
}

