# JRE version: OpenJDK Runtime Environment (8.0_212-b04) (build 1.8.0_212-b04)
# Java VM: OpenJDK 64-Bit Server VM (25.212-b04 mixed mode linux-amd64 compressed oops)
Heap:
 PSYoungGen      total 611328K, used 360044K [0x00000000d5580000, 0x0000000100000000, 0x0000000100000000)
  eden space 524800K, 52% used [0x00000000d5580000,0x00000000e60ac980,0x00000000f5600000)
  from space 86528K, 99% used [0x00000000f5600000,0x00000000faa6e958,0x00000000faa80000)
  to   space 87552K, 0% used [0x00000000faa80000,0x00000000faa80000,0x0000000100000000)
 ParOldGen       total 1398272K, used 54717K [0x0000000080000000, 0x00000000d5580000, 0x00000000d5580000)
  object space 1398272K, 3% used [0x0000000080000000,0x000000008356f540,0x00000000d5580000)
 Metaspace       used 69790K, capacity 72928K, committed 73088K, reserved 1114112K
  class space    used 7675K, capacity 8227K, committed 8320K, reserved 1048576K
GC Heap History (10 events):
Event: 4.283 GC heap before
{Heap before GC invocations=4 (full 2):
 PSYoungGen      total 611840K, used 18843K [0x00000000d5580000, 0x0000000100000000, 0x0000000100000000)
  eden space 524800K, 0% used [0x00000000d5580000,0x00000000d5580000,0x00000000f5600000)
  from space 87040K, 21% used [0x00000000fab00000,0x00000000fbd66dd8,0x0000000100000000)
  to   space 87040K, 0% used [0x00000000f5600000,0x00000000f5600000,0x00000000fab00000)
 ParOldGen       total 884224K, used 13639K [0x0000000080000000, 0x00000000b5f80000, 0x00000000d5580000)
  object space 884224K, 1% used [0x0000000080000000,0x0000000080d51c30,0x00000000b5f80000)
 Metaspace       used 34749K, capacity 35204K, committed 35416K, reserved 1081344K
  class space    used 3976K, capacity 4096K, committed 4096K, reserved 1048576K
Event: 4.388 GC heap after
Heap after GC invocations=4 (full 2):
 PSYoungGen      total 611840K, used 0K [0x00000000d5580000, 0x0000000100000000, 0x0000000100000000)
  eden space 524800K, 0% used [0x00000000d5580000,0x00000000d5580000,0x00000000f5600000)
  from space 87040K, 0% used [0x00000000fab00000,0x00000000fab00000,0x0000000100000000)
  to   space 87040K, 0% used [0x00000000f5600000,0x00000000f5600000,0x00000000fab00000)
 ParOldGen       total 1398272K, used 23039K [0x0000000080000000, 0x00000000d5580000, 0x00000000d5580000)
  object space 1398272K, 1% used [0x0000000080000000,0x000000008167ffb0,0x00000000d5580000)
 Metaspace       used 34749K, capacity 35204K, committed 35416K, reserved 1081344K
  class space    used 3976K, capacity 4096K, committed 4096K, reserved 1048576K
}
Event: 12.357 GC heap before
{Heap before GC invocations=5 (full 2):
 PSYoungGen      total 611840K, used 364651K [0x00000000d5580000, 0x0000000100000000, 0x0000000100000000)
  eden space 524800K, 69% used [0x00000000d5580000,0x00000000eb99aee0,0x00000000f5600000)
  from space 87040K, 0% used [0x00000000fab00000,0x00000000fab00000,0x0000000100000000)
  to   space 87040K, 0% used [0x00000000f5600000,0x00000000f5600000,0x00000000fab00000)
 ParOldGen       total 1398272K, used 23039K [0x0000000080000000, 0x00000000d5580000, 0x00000000d5580000)
  object space 1398272K, 1% used [0x0000000080000000,0x000000008167ffb0,0x00000000d5580000)
 Metaspace       used 57032K, capacity 58834K, committed 59008K, reserved 1101824K
  class space    used 6662K, capacity 7014K, committed 7040K, reserved 1048576K
Event: 12.414 GC heap after
Heap after GC invocations=5 (full 2):
 PSYoungGen      total 611840K, used 33169K [0x00000000d5580000, 0x0000000100000000, 0x0000000100000000)
  eden space 524800K, 0% used [0x00000000d5580000,0x00000000d5580000,0x00000000f5600000)
  from space 87040K, 38% used [0x00000000f5600000,0x00000000f7664600,0x00000000fab00000)
  to   space 87040K, 0% used [0x00000000fab00000,0x00000000fab00000,0x0000000100000000)
 ParOldGen       total 1398272K, used 23047K [0x0000000080000000, 0x00000000d5580000, 0x00000000d5580000)
  object space 1398272K, 1% used [0x0000000080000000,0x0000000081681fb0,0x00000000d5580000)
 Metaspace       used 57032K, capacity 58834K, committed 59008K, reserved 1101824K
  class space    used 6662K, capacity 7014K, committed 7040K, reserved 1048576K
}
Event: 12.414 GC heap before
{Heap before GC invocations=6 (full 3):
 PSYoungGen      total 611840K, used 33169K [0x00000000d5580000, 0x0000000100000000, 0x0000000100000000)
  eden space 524800K, 0% used [0x00000000d5580000,0x00000000d5580000,0x00000000f5600000)
  from space 87040K, 38% used [0x00000000f5600000,0x00000000f7664600,0x00000000fab00000)
  to   space 87040K, 0% used [0x00000000fab00000,0x00000000fab00000,0x0000000100000000)
 ParOldGen       total 1398272K, used 23047K [0x0000000080000000, 0x00000000d5580000, 0x00000000d5580000)
  object space 1398272K, 1% used [0x0000000080000000,0x0000000081681fb0,0x00000000d5580000)
 Metaspace       used 57032K, capacity 58834K, committed 59008K, reserved 1101824K
  class space    used 6662K, capacity 7014K, committed 7040K, reserved 1048576K
Event: 12.646 GC heap after
Heap after GC invocations=6 (full 3):
 PSYoungGen      total 611840K, used 0K [0x00000000d5580000, 0x0000000100000000, 0x0000000100000000)
  eden space 524800K, 0% used [0x00000000d5580000,0x00000000d5580000,0x00000000f5600000)
  from space 87040K, 0% used [0x00000000f5600000,0x00000000f5600000,0x00000000fab00000)
  to   space 87040K, 0% used [0x00000000fab00000,0x00000000fab00000,0x0000000100000000)
 ParOldGen       total 1398272K, used 43429K [0x0000000080000000, 0x00000000d5580000, 0x00000000d5580000)
  object space 1398272K, 3% used [0x0000000080000000,0x0000000082a69430,0x00000000d5580000)
 Metaspace       used 56998K, capacity 58742K, committed 59008K, reserved 1101824K
  class space    used 6651K, capacity 6994K, committed 7040K, reserved 1048576K
}
Event: 51.780 GC heap before
{Heap before GC invocations=7 (full 3):
 PSYoungGen      total 611840K, used 524800K [0x00000000d5580000, 0x0000000100000000, 0x0000000100000000)
  eden space 524800K, 100% used [0x00000000d5580000,0x00000000f5600000,0x00000000f5600000)
  from space 87040K, 0% used [0x00000000f5600000,0x00000000f5600000,0x00000000fab00000)
  to   space 87040K, 0% used [0x00000000fab00000,0x00000000fab00000,0x0000000100000000)
 ParOldGen       total 1398272K, used 43429K [0x0000000080000000, 0x00000000d5580000, 0x00000000d5580000)
  object space 1398272K, 3% used [0x0000000080000000,0x0000000082a69430,0x00000000d5580000)
 Metaspace       used 67358K, capacity 70408K, committed 70656K, reserved 1112064K
  class space    used 7622K, capacity 8161K, committed 8192K, reserved 1048576K
Event: 51.966 GC heap after
Heap after GC invocations=7 (full 3):
 PSYoungGen      total 611840K, used 87029K [0x00000000d5580000, 0x0000000100000000, 0x0000000100000000)
  eden space 524800K, 0% used [0x00000000d5580000,0x00000000d5580000,0x00000000f5600000)
  from space 87040K, 99% used [0x00000000fab00000,0x00000000ffffd690,0x0000000100000000)
  to   space 87040K, 0% used [0x00000000f5600000,0x00000000f5600000,0x00000000fab00000)
 ParOldGen       total 1398272K, used 54709K [0x0000000080000000, 0x00000000d5580000, 0x00000000d5580000)
  object space 1398272K, 3% used [0x0000000080000000,0x000000008356d540,0x00000000d5580000)
 Metaspace       used 67358K, capacity 70408K, committed 70656K, reserved 1112064K
  class space    used 7622K, capacity 8161K, committed 8192K, reserved 1048576K
}
Event: 236.283 GC heap before
{Heap before GC invocations=8 (full 3):
 PSYoungGen      total 611840K, used 611829K [0x00000000d5580000, 0x0000000100000000, 0x0000000100000000)
  eden space 524800K, 100% used [0x00000000d5580000,0x00000000f5600000,0x00000000f5600000)
  from space 87040K, 99% used [0x00000000fab00000,0x00000000ffffd690,0x0000000100000000)
  to   space 87040K, 0% used [0x00000000f5600000,0x00000000f5600000,0x00000000fab00000)
 ParOldGen       total 1398272K, used 54709K [0x0000000080000000, 0x00000000d5580000, 0x00000000d5580000)
  object space 1398272K, 3% used [0x0000000080000000,0x000000008356d540,0x00000000d5580000)
 Metaspace       used 69322K, capacity 72406K, committed 72576K, reserved 1114112K
  class space    used 7673K, capacity 8226K, committed 8320K, reserved 1048576K
Event: 236.445 GC heap after
Heap after GC invocations=8 (full 3):
 PSYoungGen      total 611328K, used 86458K [0x00000000d5580000, 0x0000000100000000, 0x0000000100000000)
  eden space 524800K, 0% used [0x00000000d5580000,0x00000000d5580000,0x00000000f5600000)
  from space 86528K, 99% used [0x00000000f5600000,0x00000000faa6e958,0x00000000faa80000)
  to   space 87552K, 0% used [0x00000000faa80000,0x00000000faa80000,0x0000000100000000)
 ParOldGen       total 1398272K, used 54717K [0x0000000080000000, 0x00000000d5580000, 0x00000000d5580000)
  object space 1398272K, 3% used [0x0000000080000000,0x000000008356f540,0x00000000d5580000)
 Metaspace       used 69322K, capacity 72406K, committed 72576K, reserved 1114112K
  class space    used 7673K, capacity 8226K, committed 8320K, reserved 1048576K
}

