# JRE version: OpenJDK Runtime Environment (8.0_212-b04) (build 1.8.0_212-b04)
# Java VM: OpenJDK 64-Bit Server VM (25.212-b04 mixed mode linux-amd64 compressed oops)
Heap:
 PSYoungGen      total 611840K, used 260483K [0x00000000d5580000, 0x0000000100000000, 0x0000000100000000)
  eden space 524800K, 49% used [0x00000000d5580000,0x00000000e53e0de0,0x00000000f5600000)
  from space 87040K, 0% used [0x00000000fab00000,0x00000000fab00000,0x0000000100000000)
  to   space 87040K, 0% used [0x00000000f5600000,0x00000000f5600000,0x00000000fab00000)
 ParOldGen       total 1398272K, used 29837K [0x0000000080000000, 0x00000000d5580000, 0x00000000d5580000)
  object space 1398272K, 2% used [0x0000000080000000,0x0000000081d23408,0x00000000d5580000)
 Metaspace       used 64362K, capacity 66838K, committed 67072K, reserved 1107968K
  class space    used 7449K, capacity 7909K, committed 7936K, reserved 1048576K
GC Heap History (10 events):
Event: 4.622 GC heap before
{Heap before GC invocations=3 (full 1):
 PSYoungGen      total 611840K, used 467521K [0x00000000d5580000, 0x0000000100000000, 0x0000000100000000)
  eden space 524800K, 89% used [0x00000000d5580000,0x00000000f1e10478,0x00000000f5600000)
  from space 87040K, 0% used [0x00000000f5600000,0x00000000f5600000,0x00000000fab00000)
  to   space 87040K, 0% used [0x00000000fab00000,0x00000000fab00000,0x0000000100000000)
 ParOldGen       total 876544K, used 14270K [0x0000000080000000, 0x00000000b5800000, 0x00000000d5580000)
  object space 876544K, 1% used [0x0000000080000000,0x0000000080defb68,0x00000000b5800000)
 Metaspace       used 34694K, capacity 35034K, committed 35416K, reserved 1081344K
  class space    used 3959K, capacity 4061K, committed 4096K, reserved 1048576K
Event: 4.652 GC heap after
Heap after GC invocations=3 (full 1):
 PSYoungGen      total 611840K, used 18989K [0x00000000d5580000, 0x0000000100000000, 0x0000000100000000)
  eden space 524800K, 0% used [0x00000000d5580000,0x00000000d5580000,0x00000000f5600000)
  from space 87040K, 21% used [0x00000000fab00000,0x00000000fbd8b6e8,0x0000000100000000)
  to   space 87040K, 0% used [0x00000000f5600000,0x00000000f5600000,0x00000000fab00000)
 ParOldGen       total 876544K, used 14278K [0x0000000080000000, 0x00000000b5800000, 0x00000000d5580000)
  object space 876544K, 1% used [0x0000000080000000,0x0000000080df1b68,0x00000000b5800000)
 Metaspace       used 34694K, capacity 35034K, committed 35416K, reserved 1081344K
  class space    used 3959K, capacity 4061K, committed 4096K, reserved 1048576K
}
Event: 4.652 GC heap before
{Heap before GC invocations=4 (full 2):
 PSYoungGen      total 611840K, used 18989K [0x00000000d5580000, 0x0000000100000000, 0x0000000100000000)
  eden space 524800K, 0% used [0x00000000d5580000,0x00000000d5580000,0x00000000f5600000)
  from space 87040K, 21% used [0x00000000fab00000,0x00000000fbd8b6e8,0x0000000100000000)
  to   space 87040K, 0% used [0x00000000f5600000,0x00000000f5600000,0x00000000fab00000)
 ParOldGen       total 876544K, used 14278K [0x0000000080000000, 0x00000000b5800000, 0x00000000d5580000)
  object space 876544K, 1% used [0x0000000080000000,0x0000000080df1b68,0x00000000b5800000)
 Metaspace       used 34694K, capacity 35034K, committed 35416K, reserved 1081344K
  class space    used 3959K, capacity 4061K, committed 4096K, reserved 1048576K
Event: 4.736 GC heap after
Heap after GC invocations=4 (full 2):
 PSYoungGen      total 611840K, used 0K [0x00000000d5580000, 0x0000000100000000, 0x0000000100000000)
  eden space 524800K, 0% used [0x00000000d5580000,0x00000000d5580000,0x00000000f5600000)
  from space 87040K, 0% used [0x00000000fab00000,0x00000000fab00000,0x0000000100000000)
  to   space 87040K, 0% used [0x00000000f5600000,0x00000000f5600000,0x00000000fab00000)
 ParOldGen       total 1398272K, used 23539K [0x0000000080000000, 0x00000000d5580000, 0x00000000d5580000)
  object space 1398272K, 1% used [0x0000000080000000,0x00000000816fcf90,0x00000000d5580000)
 Metaspace       used 34694K, capacity 35034K, committed 35416K, reserved 1081344K
  class space    used 3959K, capacity 4061K, committed 4096K, reserved 1048576K
}
Event: 11.086 GC heap before
{Heap before GC invocations=5 (full 2):
 PSYoungGen      total 611840K, used 524800K [0x00000000d5580000, 0x0000000100000000, 0x0000000100000000)
  eden space 524800K, 100% used [0x00000000d5580000,0x00000000f5600000,0x00000000f5600000)
  from space 87040K, 0% used [0x00000000fab00000,0x00000000fab00000,0x0000000100000000)
  to   space 87040K, 0% used [0x00000000f5600000,0x00000000f5600000,0x00000000fab00000)
 ParOldGen       total 1398272K, used 23539K [0x0000000080000000, 0x00000000d5580000, 0x00000000d5580000)
  object space 1398272K, 1% used [0x0000000080000000,0x00000000816fcf90,0x00000000d5580000)
 Metaspace       used 51329K, capacity 52700K, committed 52992K, reserved 1095680K
  class space    used 6064K, capacity 6302K, committed 6400K, reserved 1048576K
Event: 11.160 GC heap after
Heap after GC invocations=5 (full 2):
 PSYoungGen      total 611840K, used 23781K [0x00000000d5580000, 0x0000000100000000, 0x0000000100000000)
  eden space 524800K, 0% used [0x00000000d5580000,0x00000000d5580000,0x00000000f5600000)
  from space 87040K, 27% used [0x00000000f5600000,0x00000000f6d39790,0x00000000fab00000)
  to   space 87040K, 0% used [0x00000000fab00000,0x00000000fab00000,0x0000000100000000)
 ParOldGen       total 1398272K, used 23539K [0x0000000080000000, 0x00000000d5580000, 0x00000000d5580000)
  object space 1398272K, 1% used [0x0000000080000000,0x00000000816fcf90,0x00000000d5580000)
 Metaspace       used 51329K, capacity 52700K, committed 52992K, reserved 1095680K
  class space    used 6064K, capacity 6302K, committed 6400K, reserved 1048576K
}
Event: 11.986 GC heap before
{Heap before GC invocations=6 (full 2):
 PSYoungGen      total 611840K, used 204354K [0x00000000d5580000, 0x0000000100000000, 0x0000000100000000)
  eden space 524800K, 34% used [0x00000000d5580000,0x00000000e05d7310,0x00000000f5600000)
  from space 87040K, 27% used [0x00000000f5600000,0x00000000f6d39790,0x00000000fab00000)
  to   space 87040K, 0% used [0x00000000fab00000,0x00000000fab00000,0x0000000100000000)
 ParOldGen       total 1398272K, used 23539K [0x0000000080000000, 0x00000000d5580000, 0x00000000d5580000)
  object space 1398272K, 1% used [0x0000000080000000,0x00000000816fcf90,0x00000000d5580000)
 Metaspace       used 57338K, capacity 58738K, committed 59008K, reserved 1101824K
  class space    used 6645K, capacity 6923K, committed 7040K, reserved 1048576K
Event: 12.017 GC heap after
Heap after GC invocations=6 (full 2):
 PSYoungGen      total 611840K, used 18277K [0x00000000d5580000, 0x0000000100000000, 0x0000000100000000)
  eden space 524800K, 0% used [0x00000000d5580000,0x00000000d5580000,0x00000000f5600000)
  from space 87040K, 20% used [0x00000000fab00000,0x00000000fbcd97f0,0x0000000100000000)
  to   space 87040K, 0% used [0x00000000f5600000,0x00000000f5600000,0x00000000fab00000)
 ParOldGen       total 1398272K, used 23547K [0x0000000080000000, 0x00000000d5580000, 0x00000000d5580000)
  object space 1398272K, 1% used [0x0000000080000000,0x00000000816fef90,0x00000000d5580000)
 Metaspace       used 57338K, capacity 58738K, committed 59008K, reserved 1101824K
  class space    used 6645K, capacity 6923K, committed 7040K, reserved 1048576K
}
Event: 12.017 GC heap before
{Heap before GC invocations=7 (full 3):
 PSYoungGen      total 611840K, used 18277K [0x00000000d5580000, 0x0000000100000000, 0x0000000100000000)
  eden space 524800K, 0% used [0x00000000d5580000,0x00000000d5580000,0x00000000f5600000)
  from space 87040K, 20% used [0x00000000fab00000,0x00000000fbcd97f0,0x0000000100000000)
  to   space 87040K, 0% used [0x00000000f5600000,0x00000000f5600000,0x00000000fab00000)
 ParOldGen       total 1398272K, used 23547K [0x0000000080000000, 0x00000000d5580000, 0x00000000d5580000)
  object space 1398272K, 1% used [0x0000000080000000,0x00000000816fef90,0x00000000d5580000)
 Metaspace       used 57338K, capacity 58738K, committed 59008K, reserved 1101824K
  class space    used 6645K, capacity 6923K, committed 7040K, reserved 1048576K
Event: 12.252 GC heap after
Heap after GC invocations=7 (full 3):
 PSYoungGen      total 611840K, used 0K [0x00000000d5580000, 0x0000000100000000, 0x0000000100000000)
  eden space 524800K, 0% used [0x00000000d5580000,0x00000000d5580000,0x00000000f5600000)
  from space 87040K, 0% used [0x00000000fab00000,0x00000000fab00000,0x0000000100000000)
  to   space 87040K, 0% used [0x00000000f5600000,0x00000000f5600000,0x00000000fab00000)
 ParOldGen       total 1398272K, used 29837K [0x0000000080000000, 0x00000000d5580000, 0x00000000d5580000)
  object space 1398272K, 2% used [0x0000000080000000,0x0000000081d23408,0x00000000d5580000)
 Metaspace       used 57319K, capacity 58690K, committed 59008K, reserved 1101824K
  class space    used 6638K, capacity 6911K, committed 7040K, reserved 1048576K
}

