# JRE version: OpenJDK Runtime Environment (8.0_212-b04) (build 1.8.0_212-b04)
# Java VM: OpenJDK 64-Bit Server VM (25.212-b04 mixed mode linux-amd64 compressed oops)
Heap:
 PSYoungGen      total 611840K, used 192823K [0x00000000d5580000, 0x0000000100000000, 0x0000000100000000)
  eden space 524800K, 21% used [0x00000000d5580000,0x00000000dc559560,0x00000000f5600000)
  from space 87040K, 89% used [0x00000000fab00000,0x00000000ff774a70,0x0000000100000000)
  to   space 87040K, 0% used [0x00000000f5600000,0x00000000f5600000,0x00000000fab00000)
 ParOldGen       total 1398272K, used 42029K [0x0000000080000000, 0x00000000d5580000, 0x00000000d5580000)
  object space 1398272K, 3% used [0x0000000080000000,0x000000008290b638,0x00000000d5580000)
 Metaspace       used 66484K, capacity 69364K, committed 69504K, reserved 1110016K
  class space    used 7529K, capacity 8052K, committed 8064K, reserved 1048576K
GC Heap History (10 events):
Event: 4.913 GC heap before
{Heap before GC invocations=3 (full 1):
 PSYoungGen      total 611840K, used 434548K [0x00000000d5580000, 0x0000000100000000, 0x0000000100000000)
  eden space 524800K, 82% used [0x00000000d5580000,0x00000000efddd350,0x00000000f5600000)
  from space 87040K, 0% used [0x00000000f5600000,0x00000000f5600000,0x00000000fab00000)
  to   space 87040K, 0% used [0x00000000fab00000,0x00000000fab00000,0x0000000100000000)
 ParOldGen       total 869376K, used 13778K [0x0000000080000000, 0x00000000b5100000, 0x00000000d5580000)
  object space 869376K, 1% used [0x0000000080000000,0x0000000080d748c0,0x00000000b5100000)
 Metaspace       used 34837K, capacity 35188K, committed 35416K, reserved 1081344K
  class space    used 3975K, capacity 4092K, committed 4096K, reserved 1048576K
Event: 4.944 GC heap after
Heap after GC invocations=3 (full 1):
 PSYoungGen      total 611840K, used 19140K [0x00000000d5580000, 0x0000000100000000, 0x0000000100000000)
  eden space 524800K, 0% used [0x00000000d5580000,0x00000000d5580000,0x00000000f5600000)
  from space 87040K, 21% used [0x00000000fab00000,0x00000000fbdb12c8,0x0000000100000000)
  to   space 87040K, 0% used [0x00000000f5600000,0x00000000f5600000,0x00000000fab00000)
 ParOldGen       total 869376K, used 13778K [0x0000000080000000, 0x00000000b5100000, 0x00000000d5580000)
  object space 869376K, 1% used [0x0000000080000000,0x0000000080d748c0,0x00000000b5100000)
 Metaspace       used 34837K, capacity 35188K, committed 35416K, reserved 1081344K
  class space    used 3975K, capacity 4092K, committed 4096K, reserved 1048576K
}
Event: 4.944 GC heap before
{Heap before GC invocations=4 (full 2):
 PSYoungGen      total 611840K, used 19140K [0x00000000d5580000, 0x0000000100000000, 0x0000000100000000)
  eden space 524800K, 0% used [0x00000000d5580000,0x00000000d5580000,0x00000000f5600000)
  from space 87040K, 21% used [0x00000000fab00000,0x00000000fbdb12c8,0x0000000100000000)
  to   space 87040K, 0% used [0x00000000f5600000,0x00000000f5600000,0x00000000fab00000)
 ParOldGen       total 869376K, used 13778K [0x0000000080000000, 0x00000000b5100000, 0x00000000d5580000)
  object space 869376K, 1% used [0x0000000080000000,0x0000000080d748c0,0x00000000b5100000)
 Metaspace       used 34837K, capacity 35188K, committed 35416K, reserved 1081344K
  class space    used 3975K, capacity 4092K, committed 4096K, reserved 1048576K
Event: 5.027 GC heap after
Heap after GC invocations=4 (full 2):
 PSYoungGen      total 611840K, used 0K [0x00000000d5580000, 0x0000000100000000, 0x0000000100000000)
  eden space 524800K, 0% used [0x00000000d5580000,0x00000000d5580000,0x00000000f5600000)
  from space 87040K, 0% used [0x00000000fab00000,0x00000000fab00000,0x0000000100000000)
  to   space 87040K, 0% used [0x00000000f5600000,0x00000000f5600000,0x00000000fab00000)
 ParOldGen       total 1398272K, used 23601K [0x0000000080000000, 0x00000000d5580000, 0x00000000d5580000)
  object space 1398272K, 1% used [0x0000000080000000,0x000000008170c5e8,0x00000000d5580000)
 Metaspace       used 34837K, capacity 35188K, committed 35416K, reserved 1081344K
  class space    used 3975K, capacity 4092K, committed 4096K, reserved 1048576K
}
Event: 11.121 GC heap before
{Heap before GC invocations=5 (full 2):
 PSYoungGen      total 611840K, used 502467K [0x00000000d5580000, 0x0000000100000000, 0x0000000100000000)
  eden space 524800K, 95% used [0x00000000d5580000,0x00000000f4030ca0,0x00000000f5600000)
  from space 87040K, 0% used [0x00000000fab00000,0x00000000fab00000,0x0000000100000000)
  to   space 87040K, 0% used [0x00000000f5600000,0x00000000f5600000,0x00000000fab00000)
 ParOldGen       total 1398272K, used 23601K [0x0000000080000000, 0x00000000d5580000, 0x00000000d5580000)
  object space 1398272K, 1% used [0x0000000080000000,0x000000008170c5e8,0x00000000d5580000)
 Metaspace       used 57436K, capacity 58912K, committed 59008K, reserved 1101824K
  class space    used 6655K, capacity 6954K, committed 7040K, reserved 1048576K
Event: 11.164 GC heap after
Heap after GC invocations=5 (full 2):
 PSYoungGen      total 611840K, used 31398K [0x00000000d5580000, 0x0000000100000000, 0x0000000100000000)
  eden space 524800K, 0% used [0x00000000d5580000,0x00000000d5580000,0x00000000f5600000)
  from space 87040K, 36% used [0x00000000f5600000,0x00000000f74a9bc0,0x00000000fab00000)
  to   space 87040K, 0% used [0x00000000fab00000,0x00000000fab00000,0x0000000100000000)
 ParOldGen       total 1398272K, used 23609K [0x0000000080000000, 0x00000000d5580000, 0x00000000d5580000)
  object space 1398272K, 1% used [0x0000000080000000,0x000000008170e5e8,0x00000000d5580000)
 Metaspace       used 57436K, capacity 58912K, committed 59008K, reserved 1101824K
  class space    used 6655K, capacity 6954K, committed 7040K, reserved 1048576K
}
Event: 11.164 GC heap before
{Heap before GC invocations=6 (full 3):
 PSYoungGen      total 611840K, used 31398K [0x00000000d5580000, 0x0000000100000000, 0x0000000100000000)
  eden space 524800K, 0% used [0x00000000d5580000,0x00000000d5580000,0x00000000f5600000)
  from space 87040K, 36% used [0x00000000f5600000,0x00000000f74a9bc0,0x00000000fab00000)
  to   space 87040K, 0% used [0x00000000fab00000,0x00000000fab00000,0x0000000100000000)
 ParOldGen       total 1398272K, used 23609K [0x0000000080000000, 0x00000000d5580000, 0x00000000d5580000)
  object space 1398272K, 1% used [0x0000000080000000,0x000000008170e5e8,0x00000000d5580000)
 Metaspace       used 57436K, capacity 58912K, committed 59008K, reserved 1101824K
  class space    used 6655K, capacity 6954K, committed 7040K, reserved 1048576K
Event: 11.381 GC heap after
Heap after GC invocations=6 (full 3):
 PSYoungGen      total 611840K, used 0K [0x00000000d5580000, 0x0000000100000000, 0x0000000100000000)
  eden space 524800K, 0% used [0x00000000d5580000,0x00000000d5580000,0x00000000f5600000)
  from space 87040K, 0% used [0x00000000f5600000,0x00000000f5600000,0x00000000fab00000)
  to   space 87040K, 0% used [0x00000000fab00000,0x00000000fab00000,0x0000000100000000)
 ParOldGen       total 1398272K, used 42021K [0x0000000080000000, 0x00000000d5580000, 0x00000000d5580000)
  object space 1398272K, 3% used [0x0000000080000000,0x0000000082909618,0x00000000d5580000)
 Metaspace       used 57410K, capacity 58850K, committed 59008K, reserved 1101824K
  class space    used 6645K, capacity 6937K, committed 7040K, reserved 1048576K
}
Event: 70.648 GC heap before
{Heap before GC invocations=7 (full 3):
 PSYoungGen      total 611840K, used 524800K [0x00000000d5580000, 0x0000000100000000, 0x0000000100000000)
  eden space 524800K, 100% used [0x00000000d5580000,0x00000000f5600000,0x00000000f5600000)
  from space 87040K, 0% used [0x00000000f5600000,0x00000000f5600000,0x00000000fab00000)
  to   space 87040K, 0% used [0x00000000fab00000,0x00000000fab00000,0x0000000100000000)
 ParOldGen       total 1398272K, used 42021K [0x0000000080000000, 0x00000000d5580000, 0x00000000d5580000)
  object space 1398272K, 3% used [0x0000000080000000,0x0000000082909638,0x00000000d5580000)
 Metaspace       used 66288K, capacity 69206K, committed 69248K, reserved 1110016K
  class space    used 7513K, capacity 8045K, committed 8064K, reserved 1048576K
Event: 70.787 GC heap after
Heap after GC invocations=7 (full 3):
 PSYoungGen      total 611840K, used 78290K [0x00000000d5580000, 0x0000000100000000, 0x0000000100000000)
  eden space 524800K, 0% used [0x00000000d5580000,0x00000000d5580000,0x00000000f5600000)
  from space 87040K, 89% used [0x00000000fab00000,0x00000000ff774a70,0x0000000100000000)
  to   space 87040K, 0% used [0x00000000f5600000,0x00000000f5600000,0x00000000fab00000)
 ParOldGen       total 1398272K, used 42029K [0x0000000080000000, 0x00000000d5580000, 0x00000000d5580000)
  object space 1398272K, 3% used [0x0000000080000000,0x000000008290b638,0x00000000d5580000)
 Metaspace       used 66288K, capacity 69206K, committed 69248K, reserved 1110016K
  class space    used 7513K, capacity 8045K, committed 8064K, reserved 1048576K
}

