# JRE version: OpenJDK Runtime Environment (8.0_212-b04) (build 1.8.0_212-b04)
# Java VM: OpenJDK 64-Bit Server VM (25.212-b04 mixed mode linux-amd64 compressed oops)
Heap:
 PSYoungGen      total 611840K, used 406957K [0x00000000d5580000, 0x0000000100000000, 0x0000000100000000)
  eden space 524800K, 60% used [0x00000000d5580000,0x00000000e8deca30,0x00000000f5600000)
  from space 87040K, 99% used [0x00000000fab00000,0x00000000ffffebe0,0x0000000100000000)
  to   space 87040K, 0% used [0x00000000f5600000,0x00000000f5600000,0x00000000fab00000)
 ParOldGen       total 1398272K, used 55414K [0x0000000080000000, 0x00000000d5580000, 0x00000000d5580000)
  object space 1398272K, 3% used [0x0000000080000000,0x000000008361db08,0x00000000d5580000)
 Metaspace       used 68699K, capacity 71848K, committed 72064K, reserved 1114112K
  class space    used 7659K, capacity 8222K, committed 8320K, reserved 1048576K
GC Heap History (10 events):
Event: 5.134 GC heap before
{Heap before GC invocations=3 (full 1):
 PSYoungGen      total 611840K, used 384165K [0x00000000d5580000, 0x0000000100000000, 0x0000000100000000)
  eden space 524800K, 73% used [0x00000000d5580000,0x00000000ecca96d0,0x00000000f5600000)
  from space 87040K, 0% used [0x00000000f5600000,0x00000000f5600000,0x00000000fab00000)
  to   space 87040K, 0% used [0x00000000fab00000,0x00000000fab00000,0x0000000100000000)
 ParOldGen       total 856576K, used 13640K [0x0000000080000000, 0x00000000b4480000, 0x00000000d5580000)
  object space 856576K, 1% used [0x0000000080000000,0x0000000080d52118,0x00000000b4480000)
 Metaspace       used 34590K, capacity 34994K, committed 35416K, reserved 1081344K
  class space    used 3948K, capacity 4067K, committed 4096K, reserved 1048576K
Event: 5.168 GC heap after
Heap after GC invocations=3 (full 1):
 PSYoungGen      total 611840K, used 18599K [0x00000000d5580000, 0x0000000100000000, 0x0000000100000000)
  eden space 524800K, 0% used [0x00000000d5580000,0x00000000d5580000,0x00000000f5600000)
  from space 87040K, 21% used [0x00000000fab00000,0x00000000fbd29f10,0x0000000100000000)
  to   space 87040K, 0% used [0x00000000f5600000,0x00000000f5600000,0x00000000fab00000)
 ParOldGen       total 856576K, used 13640K [0x0000000080000000, 0x00000000b4480000, 0x00000000d5580000)
  object space 856576K, 1% used [0x0000000080000000,0x0000000080d52118,0x00000000b4480000)
 Metaspace       used 34590K, capacity 34994K, committed 35416K, reserved 1081344K
  class space    used 3948K, capacity 4067K, committed 4096K, reserved 1048576K
}
Event: 5.168 GC heap before
{Heap before GC invocations=4 (full 2):
 PSYoungGen      total 611840K, used 18599K [0x00000000d5580000, 0x0000000100000000, 0x0000000100000000)
  eden space 524800K, 0% used [0x00000000d5580000,0x00000000d5580000,0x00000000f5600000)
  from space 87040K, 21% used [0x00000000fab00000,0x00000000fbd29f10,0x0000000100000000)
  to   space 87040K, 0% used [0x00000000f5600000,0x00000000f5600000,0x00000000fab00000)
 ParOldGen       total 856576K, used 13640K [0x0000000080000000, 0x00000000b4480000, 0x00000000d5580000)
  object space 856576K, 1% used [0x0000000080000000,0x0000000080d52118,0x00000000b4480000)
 Metaspace       used 34590K, capacity 34994K, committed 35416K, reserved 1081344K
  class space    used 3948K, capacity 4067K, committed 4096K, reserved 1048576K
Event: 5.266 GC heap after
Heap after GC invocations=4 (full 2):
 PSYoungGen      total 611840K, used 0K [0x00000000d5580000, 0x0000000100000000, 0x0000000100000000)
  eden space 524800K, 0% used [0x00000000d5580000,0x00000000d5580000,0x00000000f5600000)
  from space 87040K, 0% used [0x00000000fab00000,0x00000000fab00000,0x0000000100000000)
  to   space 87040K, 0% used [0x00000000f5600000,0x00000000f5600000,0x00000000fab00000)
 ParOldGen       total 1398272K, used 22884K [0x0000000080000000, 0x00000000d5580000, 0x00000000d5580000)
  object space 1398272K, 1% used [0x0000000080000000,0x0000000081659170,0x00000000d5580000)
 Metaspace       used 34590K, capacity 34994K, committed 35416K, reserved 1081344K
  class space    used 3948K, capacity 4067K, committed 4096K, reserved 1048576K
}
Event: 13.700 GC heap before
{Heap before GC invocations=5 (full 2):
 PSYoungGen      total 611840K, used 380182K [0x00000000d5580000, 0x0000000100000000, 0x0000000100000000)
  eden space 524800K, 72% used [0x00000000d5580000,0x00000000ec8c5960,0x00000000f5600000)
  from space 87040K, 0% used [0x00000000fab00000,0x00000000fab00000,0x0000000100000000)
  to   space 87040K, 0% used [0x00000000f5600000,0x00000000f5600000,0x00000000fab00000)
 ParOldGen       total 1398272K, used 22884K [0x0000000080000000, 0x00000000d5580000, 0x00000000d5580000)
  object space 1398272K, 1% used [0x0000000080000000,0x0000000081659170,0x00000000d5580000)
 Metaspace       used 57008K, capacity 58812K, committed 59008K, reserved 1101824K
  class space    used 6654K, capacity 6982K, committed 7040K, reserved 1048576K
Event: 13.760 GC heap after
Heap after GC invocations=5 (full 2):
 PSYoungGen      total 611840K, used 34695K [0x00000000d5580000, 0x0000000100000000, 0x0000000100000000)
  eden space 524800K, 0% used [0x00000000d5580000,0x00000000d5580000,0x00000000f5600000)
  from space 87040K, 39% used [0x00000000f5600000,0x00000000f77e1c90,0x00000000fab00000)
  to   space 87040K, 0% used [0x00000000fab00000,0x00000000fab00000,0x0000000100000000)
 ParOldGen       total 1398272K, used 22892K [0x0000000080000000, 0x00000000d5580000, 0x00000000d5580000)
  object space 1398272K, 1% used [0x0000000080000000,0x000000008165b170,0x00000000d5580000)
 Metaspace       used 57008K, capacity 58812K, committed 59008K, reserved 1101824K
  class space    used 6654K, capacity 6982K, committed 7040K, reserved 1048576K
}
Event: 13.760 GC heap before
{Heap before GC invocations=6 (full 3):
 PSYoungGen      total 611840K, used 34695K [0x00000000d5580000, 0x0000000100000000, 0x0000000100000000)
  eden space 524800K, 0% used [0x00000000d5580000,0x00000000d5580000,0x00000000f5600000)
  from space 87040K, 39% used [0x00000000f5600000,0x00000000f77e1c90,0x00000000fab00000)
  to   space 87040K, 0% used [0x00000000fab00000,0x00000000fab00000,0x0000000100000000)
 ParOldGen       total 1398272K, used 22892K [0x0000000080000000, 0x00000000d5580000, 0x00000000d5580000)
  object space 1398272K, 1% used [0x0000000080000000,0x000000008165b170,0x00000000d5580000)
 Metaspace       used 57008K, capacity 58812K, committed 59008K, reserved 1101824K
  class space    used 6654K, capacity 6982K, committed 7040K, reserved 1048576K
Event: 13.983 GC heap after
Heap after GC invocations=6 (full 3):
 PSYoungGen      total 611840K, used 0K [0x00000000d5580000, 0x0000000100000000, 0x0000000100000000)
  eden space 524800K, 0% used [0x00000000d5580000,0x00000000d5580000,0x00000000f5600000)
  from space 87040K, 0% used [0x00000000f5600000,0x00000000f5600000,0x00000000fab00000)
  to   space 87040K, 0% used [0x00000000fab00000,0x00000000fab00000,0x0000000100000000)
 ParOldGen       total 1398272K, used 44710K [0x0000000080000000, 0x00000000d5580000, 0x00000000d5580000)
  object space 1398272K, 3% used [0x0000000080000000,0x0000000082ba9a68,0x00000000d5580000)
 Metaspace       used 56969K, capacity 58706K, committed 59008K, reserved 1101824K
  class space    used 6641K, capacity 6959K, committed 7040K, reserved 1048576K
}
Event: 60.364 GC heap before
{Heap before GC invocations=7 (full 3):
 PSYoungGen      total 611840K, used 524800K [0x00000000d5580000, 0x0000000100000000, 0x0000000100000000)
  eden space 524800K, 100% used [0x00000000d5580000,0x00000000f5600000,0x00000000f5600000)
  from space 87040K, 0% used [0x00000000f5600000,0x00000000f5600000,0x00000000fab00000)
  to   space 87040K, 0% used [0x00000000fab00000,0x00000000fab00000,0x0000000100000000)
 ParOldGen       total 1398272K, used 44710K [0x0000000080000000, 0x00000000d5580000, 0x00000000d5580000)
  object space 1398272K, 3% used [0x0000000080000000,0x0000000082ba9a68,0x00000000d5580000)
 Metaspace       used 67548K, capacity 70644K, committed 70912K, reserved 1112064K
  class space    used 7624K, capacity 8166K, committed 8192K, reserved 1048576K
Event: 60.587 GC heap after
Heap after GC invocations=7 (full 3):
 PSYoungGen      total 611840K, used 87034K [0x00000000d5580000, 0x0000000100000000, 0x0000000100000000)
  eden space 524800K, 0% used [0x00000000d5580000,0x00000000d5580000,0x00000000f5600000)
  from space 87040K, 99% used [0x00000000fab00000,0x00000000ffffebe0,0x0000000100000000)
  to   space 87040K, 0% used [0x00000000f5600000,0x00000000f5600000,0x00000000fab00000)
 ParOldGen       total 1398272K, used 55414K [0x0000000080000000, 0x00000000d5580000, 0x00000000d5580000)
  object space 1398272K, 3% used [0x0000000080000000,0x000000008361db08,0x00000000d5580000)
 Metaspace       used 67548K, capacity 70644K, committed 70912K, reserved 1112064K
  class space    used 7624K, capacity 8166K, committed 8192K, reserved 1048576K
}

