# JRE version: OpenJDK Runtime Environment (8.0_212-b04) (build 1.8.0_212-b04)
# Java VM: OpenJDK 64-Bit Server VM (25.212-b04 mixed mode linux-amd64 compressed oops)
Heap:
 PSYoungGen      total 611840K, used 279987K [0x00000000d5580000, 0x0000000100000000, 0x0000000100000000)
  eden space 524800K, 36% used [0x00000000d5580000,0x00000000e11ef0f8,0x00000000f5600000)
  from space 87040K, 99% used [0x00000000f5600000,0x00000000faafdb28,0x00000000fab00000)
  to   space 87040K, 0% used [0x00000000fab00000,0x00000000fab00000,0x0000000100000000)
 ParOldGen       total 1398272K, used 67501K [0x0000000080000000, 0x00000000d5580000, 0x00000000d5580000)
  object space 1398272K, 4% used [0x0000000080000000,0x00000000841eb7c8,0x00000000d5580000)
 Metaspace       used 69652K, capacity 72996K, committed 73216K, reserved 1114112K
  class space    used 7872K, capacity 8438K, committed 8448K, reserved 1048576K
GC Heap History (10 events):
Event: 5.430 GC heap before
{Heap before GC invocations=4 (full 2):
 PSYoungGen      total 611840K, used 14385K [0x00000000d5580000, 0x0000000100000000, 0x0000000100000000)
  eden space 524800K, 0% used [0x00000000d5580000,0x00000000d5580000,0x00000000f5600000)
  from space 87040K, 16% used [0x00000000fab00000,0x00000000fb90c538,0x0000000100000000)
  to   space 87040K, 0% used [0x00000000f5600000,0x00000000f5600000,0x00000000fab00000)
 ParOldGen       total 895488K, used 18685K [0x0000000080000000, 0x00000000b6a80000, 0x00000000d5580000)
  object space 895488K, 2% used [0x0000000080000000,0x000000008123f6a0,0x00000000b6a80000)
 Metaspace       used 34807K, capacity 35154K, committed 35456K, reserved 1081344K
  class space    used 3977K, capacity 4101K, committed 4224K, reserved 1048576K
Event: 5.524 GC heap after
Heap after GC invocations=4 (full 2):
 PSYoungGen      total 611840K, used 0K [0x00000000d5580000, 0x0000000100000000, 0x0000000100000000)
  eden space 524800K, 0% used [0x00000000d5580000,0x00000000d5580000,0x00000000f5600000)
  from space 87040K, 0% used [0x00000000fab00000,0x00000000fab00000,0x0000000100000000)
  to   space 87040K, 0% used [0x00000000f5600000,0x00000000f5600000,0x00000000fab00000)
 ParOldGen       total 1398272K, used 22590K [0x0000000080000000, 0x00000000d5580000, 0x00000000d5580000)
  object space 1398272K, 1% used [0x0000000080000000,0x000000008160f908,0x00000000d5580000)
 Metaspace       used 34807K, capacity 35154K, committed 35456K, reserved 1081344K
  class space    used 3977K, capacity 4101K, committed 4224K, reserved 1048576K
}
Event: 10.397 GC heap before
{Heap before GC invocations=5 (full 2):
 PSYoungGen      total 611840K, used 524800K [0x00000000d5580000, 0x0000000100000000, 0x0000000100000000)
  eden space 524800K, 100% used [0x00000000d5580000,0x00000000f5600000,0x00000000f5600000)
  from space 87040K, 0% used [0x00000000fab00000,0x00000000fab00000,0x0000000100000000)
  to   space 87040K, 0% used [0x00000000f5600000,0x00000000f5600000,0x00000000fab00000)
 ParOldGen       total 1398272K, used 22590K [0x0000000080000000, 0x00000000d5580000, 0x00000000d5580000)
  object space 1398272K, 1% used [0x0000000080000000,0x000000008160f908,0x00000000d5580000)
 Metaspace       used 47705K, capacity 48812K, committed 48896K, reserved 1091584K
  class space    used 5573K, capacity 5804K, committed 5888K, reserved 1048576K
Event: 10.425 GC heap after
Heap after GC invocations=5 (full 2):
 PSYoungGen      total 611840K, used 19284K [0x00000000d5580000, 0x0000000100000000, 0x0000000100000000)
  eden space 524800K, 0% used [0x00000000d5580000,0x00000000d5580000,0x00000000f5600000)
  from space 87040K, 22% used [0x00000000f5600000,0x00000000f68d5168,0x00000000fab00000)
  to   space 87040K, 0% used [0x00000000fab00000,0x00000000fab00000,0x0000000100000000)
 ParOldGen       total 1398272K, used 22598K [0x0000000080000000, 0x00000000d5580000, 0x00000000d5580000)
  object space 1398272K, 1% used [0x0000000080000000,0x0000000081611908,0x00000000d5580000)
 Metaspace       used 47705K, capacity 48812K, committed 48896K, reserved 1091584K
  class space    used 5573K, capacity 5804K, committed 5888K, reserved 1048576K
}
Event: 11.615 GC heap before
{Heap before GC invocations=6 (full 2):
 PSYoungGen      total 611840K, used 175900K [0x00000000d5580000, 0x0000000100000000, 0x0000000100000000)
  eden space 524800K, 29% used [0x00000000d5580000,0x00000000dee72280,0x00000000f5600000)
  from space 87040K, 22% used [0x00000000f5600000,0x00000000f68d5168,0x00000000fab00000)
  to   space 87040K, 0% used [0x00000000fab00000,0x00000000fab00000,0x0000000100000000)
 ParOldGen       total 1398272K, used 22598K [0x0000000080000000, 0x00000000d5580000, 0x00000000d5580000)
  object space 1398272K, 1% used [0x0000000080000000,0x0000000081611908,0x00000000d5580000)
 Metaspace       used 57535K, capacity 58992K, committed 59096K, reserved 1101824K
  class space    used 6699K, capacity 6982K, committed 7040K, reserved 1048576K
Event: 11.652 GC heap after
Heap after GC invocations=6 (full 2):
 PSYoungGen      total 611840K, used 20717K [0x00000000d5580000, 0x0000000100000000, 0x0000000100000000)
  eden space 524800K, 0% used [0x00000000d5580000,0x00000000d5580000,0x00000000f5600000)
  from space 87040K, 23% used [0x00000000fab00000,0x00000000fbf3b6d8,0x0000000100000000)
  to   space 87040K, 0% used [0x00000000f5600000,0x00000000f5600000,0x00000000fab00000)
 ParOldGen       total 1398272K, used 22606K [0x0000000080000000, 0x00000000d5580000, 0x00000000d5580000)
  object space 1398272K, 1% used [0x0000000080000000,0x0000000081613908,0x00000000d5580000)
 Metaspace       used 57535K, capacity 58992K, committed 59096K, reserved 1101824K
  class space    used 6699K, capacity 6982K, committed 7040K, reserved 1048576K
}
Event: 11.652 GC heap before
{Heap before GC invocations=7 (full 3):
 PSYoungGen      total 611840K, used 20717K [0x00000000d5580000, 0x0000000100000000, 0x0000000100000000)
  eden space 524800K, 0% used [0x00000000d5580000,0x00000000d5580000,0x00000000f5600000)
  from space 87040K, 23% used [0x00000000fab00000,0x00000000fbf3b6d8,0x0000000100000000)
  to   space 87040K, 0% used [0x00000000f5600000,0x00000000f5600000,0x00000000fab00000)
 ParOldGen       total 1398272K, used 22606K [0x0000000080000000, 0x00000000d5580000, 0x00000000d5580000)
  object space 1398272K, 1% used [0x0000000080000000,0x0000000081613908,0x00000000d5580000)
 Metaspace       used 57535K, capacity 58992K, committed 59096K, reserved 1101824K
  class space    used 6699K, capacity 6982K, committed 7040K, reserved 1048576K
Event: 11.866 GC heap after
Heap after GC invocations=7 (full 3):
 PSYoungGen      total 611840K, used 0K [0x00000000d5580000, 0x0000000100000000, 0x0000000100000000)
  eden space 524800K, 0% used [0x00000000d5580000,0x00000000d5580000,0x00000000f5600000)
  from space 87040K, 0% used [0x00000000fab00000,0x00000000fab00000,0x0000000100000000)
  to   space 87040K, 0% used [0x00000000f5600000,0x00000000f5600000,0x00000000fab00000)
 ParOldGen       total 1398272K, used 32876K [0x0000000080000000, 0x00000000d5580000, 0x00000000d5580000)
  object space 1398272K, 2% used [0x0000000080000000,0x000000008201b388,0x00000000d5580000)
 Metaspace       used 57466K, capacity 58824K, committed 59096K, reserved 1101824K
  class space    used 6674K, capacity 6938K, committed 7040K, reserved 1048576K
}
Event: 24.816 GC heap before
{Heap before GC invocations=8 (full 3):
 PSYoungGen      total 611840K, used 520384K [0x00000000d5580000, 0x0000000100000000, 0x0000000100000000)
  eden space 524800K, 99% used [0x00000000d5580000,0x00000000f51b0360,0x00000000f5600000)
  from space 87040K, 0% used [0x00000000fab00000,0x00000000fab00000,0x0000000100000000)
  to   space 87040K, 0% used [0x00000000f5600000,0x00000000f5600000,0x00000000fab00000)
 ParOldGen       total 1398272K, used 32876K [0x0000000080000000, 0x00000000d5580000, 0x00000000d5580000)
  object space 1398272K, 2% used [0x0000000080000000,0x000000008201b388,0x00000000d5580000)
 Metaspace       used 67295K, capacity 70422K, committed 70528K, reserved 1112064K
  class space    used 7672K, capacity 8231K, committed 8320K, reserved 1048576K
Event: 24.923 GC heap after
Heap after GC invocations=8 (full 3):
 PSYoungGen      total 611840K, used 87030K [0x00000000d5580000, 0x0000000100000000, 0x0000000100000000)
  eden space 524800K, 0% used [0x00000000d5580000,0x00000000d5580000,0x00000000f5600000)
  from space 87040K, 99% used [0x00000000f5600000,0x00000000faafdb28,0x00000000fab00000)
  to   space 87040K, 0% used [0x00000000fab00000,0x00000000fab00000,0x0000000100000000)
 ParOldGen       total 1398272K, used 67501K [0x0000000080000000, 0x00000000d5580000, 0x00000000d5580000)
  object space 1398272K, 4% used [0x0000000080000000,0x00000000841eb7c8,0x00000000d5580000)
 Metaspace       used 67295K, capacity 70422K, committed 70528K, reserved 1112064K
  class space    used 7672K, capacity 8231K, committed 8320K, reserved 1048576K
}

