# JRE version: OpenJDK Runtime Environment (8.0_212-b04) (build 1.8.0_212-b04)
# Java VM: OpenJDK 64-Bit Server VM (25.212-b04 mixed mode linux-amd64 compressed oops)
Heap:
 PSYoungGen      total 611840K, used 462361K [0x00000000d5580000, 0x0000000100000000, 0x0000000100000000)
  eden space 524800K, 88% used [0x00000000d5580000,0x00000000f1906760,0x00000000f5600000)
  from space 87040K, 0% used [0x00000000fab00000,0x00000000fab00000,0x0000000100000000)
  to   space 87040K, 0% used [0x00000000f5600000,0x00000000f5600000,0x00000000fab00000)
 ParOldGen       total 1398272K, used 32467K [0x0000000080000000, 0x00000000d5580000, 0x00000000d5580000)
  object space 1398272K, 2% used [0x0000000080000000,0x0000000081fb4fc8,0x00000000d5580000)
 Metaspace       used 76035K, capacity 78753K, committed 78848K, reserved 1118208K
  class space    used 8891K, capacity 9389K, committed 9472K, reserved 1048576K
GC Heap History (10 events):
Event: 4.921 GC heap before
{Heap before GC invocations=3 (full 1):
 PSYoungGen      total 611840K, used 354251K [0x00000000d5580000, 0x0000000100000000, 0x0000000100000000)
  eden space 524800K, 67% used [0x00000000d5580000,0x00000000eaf72f80,0x00000000f5600000)
  from space 87040K, 0% used [0x00000000f5600000,0x00000000f5600000,0x00000000fab00000)
  to   space 87040K, 0% used [0x00000000fab00000,0x00000000fab00000,0x0000000100000000)
 ParOldGen       total 880128K, used 13511K [0x0000000080000000, 0x00000000b5b80000, 0x00000000d5580000)
  object space 880128K, 1% used [0x0000000080000000,0x0000000080d31e00,0x00000000b5b80000)
 Metaspace       used 34743K, capacity 35018K, committed 35416K, reserved 1081344K
  class space    used 4190K, capacity 4289K, committed 4352K, reserved 1048576K
Event: 4.962 GC heap after
Heap after GC invocations=3 (full 1):
 PSYoungGen      total 611840K, used 19507K [0x00000000d5580000, 0x0000000100000000, 0x0000000100000000)
  eden space 524800K, 0% used [0x00000000d5580000,0x00000000d5580000,0x00000000f5600000)
  from space 87040K, 22% used [0x00000000fab00000,0x00000000fbe0cdc0,0x0000000100000000)
  to   space 87040K, 0% used [0x00000000f5600000,0x00000000f5600000,0x00000000fab00000)
 ParOldGen       total 880128K, used 13519K [0x0000000080000000, 0x00000000b5b80000, 0x00000000d5580000)
  object space 880128K, 1% used [0x0000000080000000,0x0000000080d33e00,0x00000000b5b80000)
 Metaspace       used 34743K, capacity 35018K, committed 35416K, reserved 1081344K
  class space    used 4190K, capacity 4289K, committed 4352K, reserved 1048576K
}
Event: 4.962 GC heap before
{Heap before GC invocations=4 (full 2):
 PSYoungGen      total 611840K, used 19507K [0x00000000d5580000, 0x0000000100000000, 0x0000000100000000)
  eden space 524800K, 0% used [0x00000000d5580000,0x00000000d5580000,0x00000000f5600000)
  from space 87040K, 22% used [0x00000000fab00000,0x00000000fbe0cdc0,0x0000000100000000)
  to   space 87040K, 0% used [0x00000000f5600000,0x00000000f5600000,0x00000000fab00000)
 ParOldGen       total 880128K, used 13519K [0x0000000080000000, 0x00000000b5b80000, 0x00000000d5580000)
  object space 880128K, 1% used [0x0000000080000000,0x0000000080d33e00,0x00000000b5b80000)
 Metaspace       used 34743K, capacity 35018K, committed 35416K, reserved 1081344K
  class space    used 4190K, capacity 4289K, committed 4352K, reserved 1048576K
Event: 5.094 GC heap after
Heap after GC invocations=4 (full 2):
 PSYoungGen      total 611840K, used 0K [0x00000000d5580000, 0x0000000100000000, 0x0000000100000000)
  eden space 524800K, 0% used [0x00000000d5580000,0x00000000d5580000,0x00000000f5600000)
  from space 87040K, 0% used [0x00000000fab00000,0x00000000fab00000,0x0000000100000000)
  to   space 87040K, 0% used [0x00000000f5600000,0x00000000f5600000,0x00000000fab00000)
 ParOldGen       total 1398272K, used 24295K [0x0000000080000000, 0x00000000d5580000, 0x00000000d5580000)
  object space 1398272K, 1% used [0x0000000080000000,0x00000000817b9da0,0x00000000d5580000)
 Metaspace       used 34743K, capacity 35018K, committed 35416K, reserved 1081344K
  class space    used 4190K, capacity 4289K, committed 4352K, reserved 1048576K
}
Event: 8.189 GC heap before
{Heap before GC invocations=5 (full 2):
 PSYoungGen      total 611840K, used 524800K [0x00000000d5580000, 0x0000000100000000, 0x0000000100000000)
  eden space 524800K, 100% used [0x00000000d5580000,0x00000000f5600000,0x00000000f5600000)
  from space 87040K, 0% used [0x00000000fab00000,0x00000000fab00000,0x0000000100000000)
  to   space 87040K, 0% used [0x00000000f5600000,0x00000000f5600000,0x00000000fab00000)
 ParOldGen       total 1398272K, used 24295K [0x0000000080000000, 0x00000000d5580000, 0x00000000d5580000)
  object space 1398272K, 1% used [0x0000000080000000,0x00000000817b9da0,0x00000000d5580000)
 Metaspace       used 49359K, capacity 50202K, committed 50432K, reserved 1093632K
  class space    used 5884K, capacity 6085K, committed 6144K, reserved 1048576K
Event: 8.230 GC heap after
Heap after GC invocations=5 (full 2):
 PSYoungGen      total 611840K, used 20122K [0x00000000d5580000, 0x0000000100000000, 0x0000000100000000)
  eden space 524800K, 0% used [0x00000000d5580000,0x00000000d5580000,0x00000000f5600000)
  from space 87040K, 23% used [0x00000000f5600000,0x00000000f69a6a20,0x00000000fab00000)
  to   space 87040K, 0% used [0x00000000fab00000,0x00000000fab00000,0x0000000100000000)
 ParOldGen       total 1398272K, used 24295K [0x0000000080000000, 0x00000000d5580000, 0x00000000d5580000)
  object space 1398272K, 1% used [0x0000000080000000,0x00000000817b9da0,0x00000000d5580000)
 Metaspace       used 49359K, capacity 50202K, committed 50432K, reserved 1093632K
  class space    used 5884K, capacity 6085K, committed 6144K, reserved 1048576K
}
Event: 12.715 GC heap before
{Heap before GC invocations=6 (full 2):
 PSYoungGen      total 611840K, used 319826K [0x00000000d5580000, 0x0000000100000000, 0x0000000100000000)
  eden space 524800K, 57% used [0x00000000d5580000,0x00000000e7a2ddf8,0x00000000f5600000)
  from space 87040K, 23% used [0x00000000f5600000,0x00000000f69a6a20,0x00000000fab00000)
  to   space 87040K, 0% used [0x00000000fab00000,0x00000000fab00000,0x0000000100000000)
 ParOldGen       total 1398272K, used 24295K [0x0000000080000000, 0x00000000d5580000, 0x00000000d5580000)
  object space 1398272K, 1% used [0x0000000080000000,0x00000000817b9da0,0x00000000d5580000)
 Metaspace       used 57791K, capacity 58981K, committed 59028K, reserved 1101824K
  class space    used 6946K, capacity 7168K, committed 7168K, reserved 1048576K
Event: 12.760 GC heap after
Heap after GC invocations=6 (full 2):
 PSYoungGen      total 611840K, used 19914K [0x00000000d5580000, 0x0000000100000000, 0x0000000100000000)
  eden space 524800K, 0% used [0x00000000d5580000,0x00000000d5580000,0x00000000f5600000)
  from space 87040K, 22% used [0x00000000fab00000,0x00000000fbe72ac8,0x0000000100000000)
  to   space 87040K, 0% used [0x00000000f5600000,0x00000000f5600000,0x00000000fab00000)
 ParOldGen       total 1398272K, used 24303K [0x0000000080000000, 0x00000000d5580000, 0x00000000d5580000)
  object space 1398272K, 1% used [0x0000000080000000,0x00000000817bbda0,0x00000000d5580000)
 Metaspace       used 57791K, capacity 58981K, committed 59028K, reserved 1101824K
  class space    used 6946K, capacity 7168K, committed 7168K, reserved 1048576K
}
Event: 12.760 GC heap before
{Heap before GC invocations=7 (full 3):
 PSYoungGen      total 611840K, used 19914K [0x00000000d5580000, 0x0000000100000000, 0x0000000100000000)
  eden space 524800K, 0% used [0x00000000d5580000,0x00000000d5580000,0x00000000f5600000)
  from space 87040K, 22% used [0x00000000fab00000,0x00000000fbe72ac8,0x0000000100000000)
  to   space 87040K, 0% used [0x00000000f5600000,0x00000000f5600000,0x00000000fab00000)
 ParOldGen       total 1398272K, used 24303K [0x0000000080000000, 0x00000000d5580000, 0x00000000d5580000)
  object space 1398272K, 1% used [0x0000000080000000,0x00000000817bbda0,0x00000000d5580000)
 Metaspace       used 57791K, capacity 58981K, committed 59028K, reserved 1101824K
  class space    used 6946K, capacity 7168K, committed 7168K, reserved 1048576K
Event: 13.002 GC heap after
Heap after GC invocations=7 (full 3):
 PSYoungGen      total 611840K, used 0K [0x00000000d5580000, 0x0000000100000000, 0x0000000100000000)
  eden space 524800K, 0% used [0x00000000d5580000,0x00000000d5580000,0x00000000f5600000)
  from space 87040K, 0% used [0x00000000fab00000,0x00000000fab00000,0x0000000100000000)
  to   space 87040K, 0% used [0x00000000f5600000,0x00000000f5600000,0x00000000fab00000)
 ParOldGen       total 1398272K, used 32467K [0x0000000080000000, 0x00000000d5580000, 0x00000000d5580000)
  object space 1398272K, 2% used [0x0000000080000000,0x0000000081fb4fc8,0x00000000d5580000)
 Metaspace       used 57716K, capacity 58799K, committed 59028K, reserved 1101824K
  class space    used 6919K, capacity 7121K, committed 7168K, reserved 1048576K
}

