# JRE version: OpenJDK Runtime Environment (8.0_212-b04) (build 1.8.0_212-b04)
# Java VM: OpenJDK 64-Bit Server VM (25.212-b04 mixed mode linux-amd64 compressed oops)
Heap:
 PSYoungGen      total 611840K, used 112769K [0x00000000d5580000, 0x0000000100000000, 0x0000000100000000)
  eden space 524800K, 19% used [0x00000000d5580000,0x00000000db6e4978,0x00000000f5600000)
  from space 87040K, 14% used [0x00000000fab00000,0x00000000fb7bbc10,0x0000000100000000)
  to   space 87040K, 0% used [0x00000000f5600000,0x00000000f5600000,0x00000000fab00000)
 ParOldGen       total 1398272K, used 38948K [0x0000000080000000, 0x00000000d5580000, 0x00000000d5580000)
  object space 1398272K, 2% used [0x0000000080000000,0x0000000082609010,0x00000000d5580000)
 Metaspace       used 65784K, capacity 68136K, committed 68480K, reserved 1110016K
  class space    used 7270K, capacity 7700K, committed 7808K, reserved 1048576K
GC Heap History (10 events):
Event: 4.723 GC heap before
{Heap before GC invocations=3 (full 1):
 PSYoungGen      total 611840K, used 447143K [0x00000000d5580000, 0x0000000100000000, 0x0000000100000000)
  eden space 524800K, 85% used [0x00000000d5580000,0x00000000f0a29c60,0x00000000f5600000)
  from space 87040K, 0% used [0x00000000f5600000,0x00000000f5600000,0x00000000fab00000)
  to   space 87040K, 0% used [0x00000000fab00000,0x00000000fab00000,0x0000000100000000)
 ParOldGen       total 819200K, used 13635K [0x0000000080000000, 0x00000000b2000000, 0x00000000d5580000)
  object space 819200K, 1% used [0x0000000080000000,0x0000000080d50f20,0x00000000b2000000)
 Metaspace       used 34766K, capacity 35124K, committed 35416K, reserved 1081344K
  class space    used 3971K, capacity 4092K, committed 4096K, reserved 1048576K
Event: 4.762 GC heap after
Heap after GC invocations=3 (full 1):
 PSYoungGen      total 611840K, used 19393K [0x00000000d5580000, 0x0000000100000000, 0x0000000100000000)
  eden space 524800K, 0% used [0x00000000d5580000,0x00000000d5580000,0x00000000f5600000)
  from space 87040K, 22% used [0x00000000fab00000,0x00000000fbdf04b0,0x0000000100000000)
  to   space 87040K, 0% used [0x00000000f5600000,0x00000000f5600000,0x00000000fab00000)
 ParOldGen       total 819200K, used 13635K [0x0000000080000000, 0x00000000b2000000, 0x00000000d5580000)
  object space 819200K, 1% used [0x0000000080000000,0x0000000080d50f20,0x00000000b2000000)
 Metaspace       used 34766K, capacity 35124K, committed 35416K, reserved 1081344K
  class space    used 3971K, capacity 4092K, committed 4096K, reserved 1048576K
}
Event: 4.762 GC heap before
{Heap before GC invocations=4 (full 2):
 PSYoungGen      total 611840K, used 19393K [0x00000000d5580000, 0x0000000100000000, 0x0000000100000000)
  eden space 524800K, 0% used [0x00000000d5580000,0x00000000d5580000,0x00000000f5600000)
  from space 87040K, 22% used [0x00000000fab00000,0x00000000fbdf04b0,0x0000000100000000)
  to   space 87040K, 0% used [0x00000000f5600000,0x00000000f5600000,0x00000000fab00000)
 ParOldGen       total 819200K, used 13635K [0x0000000080000000, 0x00000000b2000000, 0x00000000d5580000)
  object space 819200K, 1% used [0x0000000080000000,0x0000000080d50f20,0x00000000b2000000)
 Metaspace       used 34766K, capacity 35124K, committed 35416K, reserved 1081344K
  class space    used 3971K, capacity 4092K, committed 4096K, reserved 1048576K
Event: 4.856 GC heap after
Heap after GC invocations=4 (full 2):
 PSYoungGen      total 611840K, used 0K [0x00000000d5580000, 0x0000000100000000, 0x0000000100000000)
  eden space 524800K, 0% used [0x00000000d5580000,0x00000000d5580000,0x00000000f5600000)
  from space 87040K, 0% used [0x00000000fab00000,0x00000000fab00000,0x0000000100000000)
  to   space 87040K, 0% used [0x00000000f5600000,0x00000000f5600000,0x00000000fab00000)
 ParOldGen       total 1329664K, used 23584K [0x0000000080000000, 0x00000000d1280000, 0x00000000d5580000)
  object space 1329664K, 1% used [0x0000000080000000,0x0000000081708010,0x00000000d1280000)
 Metaspace       used 34766K, capacity 35124K, committed 35416K, reserved 1081344K
  class space    used 3971K, capacity 4092K, committed 4096K, reserved 1048576K
}
Event: 22.234 GC heap before
{Heap before GC invocations=5 (full 2):
 PSYoungGen      total 611840K, used 427595K [0x00000000d5580000, 0x0000000100000000, 0x0000000100000000)
  eden space 524800K, 81% used [0x00000000d5580000,0x00000000ef712e00,0x00000000f5600000)
  from space 87040K, 0% used [0x00000000fab00000,0x00000000fab00000,0x0000000100000000)
  to   space 87040K, 0% used [0x00000000f5600000,0x00000000f5600000,0x00000000fab00000)
 ParOldGen       total 1329664K, used 23584K [0x0000000080000000, 0x00000000d1280000, 0x00000000d5580000)
  object space 1329664K, 1% used [0x0000000080000000,0x0000000081708010,0x00000000d1280000)
 Metaspace       used 57398K, capacity 58904K, committed 59008K, reserved 1101824K
  class space    used 6688K, capacity 6982K, committed 7040K, reserved 1048576K
Event: 22.289 GC heap after
Heap after GC invocations=5 (full 2):
 PSYoungGen      total 611840K, used 28997K [0x00000000d5580000, 0x0000000100000000, 0x0000000100000000)
  eden space 524800K, 0% used [0x00000000d5580000,0x00000000d5580000,0x00000000f5600000)
  from space 87040K, 33% used [0x00000000f5600000,0x00000000f7251410,0x00000000fab00000)
  to   space 87040K, 0% used [0x00000000fab00000,0x00000000fab00000,0x0000000100000000)
 ParOldGen       total 1329664K, used 23592K [0x0000000080000000, 0x00000000d1280000, 0x00000000d5580000)
  object space 1329664K, 1% used [0x0000000080000000,0x000000008170a010,0x00000000d1280000)
 Metaspace       used 57398K, capacity 58904K, committed 59008K, reserved 1101824K
  class space    used 6688K, capacity 6982K, committed 7040K, reserved 1048576K
}
Event: 22.289 GC heap before
{Heap before GC invocations=6 (full 3):
 PSYoungGen      total 611840K, used 28997K [0x00000000d5580000, 0x0000000100000000, 0x0000000100000000)
  eden space 524800K, 0% used [0x00000000d5580000,0x00000000d5580000,0x00000000f5600000)
  from space 87040K, 33% used [0x00000000f5600000,0x00000000f7251410,0x00000000fab00000)
  to   space 87040K, 0% used [0x00000000fab00000,0x00000000fab00000,0x0000000100000000)
 ParOldGen       total 1329664K, used 23592K [0x0000000080000000, 0x00000000d1280000, 0x00000000d5580000)
  object space 1329664K, 1% used [0x0000000080000000,0x000000008170a010,0x00000000d1280000)
 Metaspace       used 57398K, capacity 58904K, committed 59008K, reserved 1101824K
  class space    used 6688K, capacity 6982K, committed 7040K, reserved 1048576K
Event: 22.530 GC heap after
Heap after GC invocations=6 (full 3):
 PSYoungGen      total 611840K, used 0K [0x00000000d5580000, 0x0000000100000000, 0x0000000100000000)
  eden space 524800K, 0% used [0x00000000d5580000,0x00000000d5580000,0x00000000f5600000)
  from space 87040K, 0% used [0x00000000f5600000,0x00000000f5600000,0x00000000fab00000)
  to   space 87040K, 0% used [0x00000000fab00000,0x00000000fab00000,0x0000000100000000)
 ParOldGen       total 1398272K, used 38940K [0x0000000080000000, 0x00000000d5580000, 0x00000000d5580000)
  object space 1398272K, 2% used [0x0000000080000000,0x0000000082607010,0x00000000d5580000)
 Metaspace       used 57398K, capacity 58904K, committed 59008K, reserved 1101824K
  class space    used 6688K, capacity 6982K, committed 7040K, reserved 1048576K
}
Event: 54.148 GC heap before
{Heap before GC invocations=7 (full 3):
 PSYoungGen      total 611840K, used 524800K [0x00000000d5580000, 0x0000000100000000, 0x0000000100000000)
  eden space 524800K, 100% used [0x00000000d5580000,0x00000000f5600000,0x00000000f5600000)
  from space 87040K, 0% used [0x00000000f5600000,0x00000000f5600000,0x00000000fab00000)
  to   space 87040K, 0% used [0x00000000fab00000,0x00000000fab00000,0x0000000100000000)
 ParOldGen       total 1398272K, used 38940K [0x0000000080000000, 0x00000000d5580000, 0x00000000d5580000)
  object space 1398272K, 2% used [0x0000000080000000,0x0000000082607010,0x00000000d5580000)
 Metaspace       used 65575K, capacity 67878K, committed 68224K, reserved 1110016K
  class space    used 7262K, capacity 7689K, committed 7808K, reserved 1048576K
Event: 54.202 GC heap after
Heap after GC invocations=7 (full 3):
 PSYoungGen      total 611840K, used 13039K [0x00000000d5580000, 0x0000000100000000, 0x0000000100000000)
  eden space 524800K, 0% used [0x00000000d5580000,0x00000000d5580000,0x00000000f5600000)
  from space 87040K, 14% used [0x00000000fab00000,0x00000000fb7bbc10,0x0000000100000000)
  to   space 87040K, 0% used [0x00000000f5600000,0x00000000f5600000,0x00000000fab00000)
 ParOldGen       total 1398272K, used 38948K [0x0000000080000000, 0x00000000d5580000, 0x00000000d5580000)
  object space 1398272K, 2% used [0x0000000080000000,0x0000000082609010,0x00000000d5580000)
 Metaspace       used 65575K, capacity 67878K, committed 68224K, reserved 1110016K
  class space    used 7262K, capacity 7689K, committed 7808K, reserved 1048576K
}

