# JRE version: OpenJDK Runtime Environment (8.0_212-b04) (build 1.8.0_212-b04)
# Java VM: OpenJDK 64-Bit Server VM (25.212-b04 mixed mode linux-amd64 compressed oops)
Heap:
 PSYoungGen      total 526336K, used 130238K [0x00000000d5580000, 0x00000000ffc80000, 0x0000000100000000)
  eden space 452608K, 12% used [0x00000000d5580000,0x00000000d8cd94c8,0x00000000f0f80000)
  from space 73728K, 99% used [0x00000000f1500000,0x00000000f5cd6598,0x00000000f5d00000)
  to   space 121344K, 0% used [0x00000000f8600000,0x00000000f8600000,0x00000000ffc80000)
 ParOldGen       total 1398272K, used 118025K [0x0000000080000000, 0x00000000d5580000, 0x00000000d5580000)
  object space 1398272K, 8% used [0x0000000080000000,0x00000000873427e8,0x00000000d5580000)
 Metaspace       used 72408K, capacity 75820K, committed 76032K, reserved 1116160K
  class space    used 7833K, capacity 8448K, committed 8448K, reserved 1048576K
GC Heap History (10 events):
Event: 96.151 GC heap before
{Heap before GC invocations=8 (full 3):
 PSYoungGen      total 611840K, used 524800K [0x00000000d5580000, 0x0000000100000000, 0x0000000100000000)
  eden space 524800K, 100% used [0x00000000d5580000,0x00000000f5600000,0x00000000f5600000)
  from space 87040K, 0% used [0x00000000fab00000,0x00000000fab00000,0x0000000100000000)
  to   space 87040K, 0% used [0x00000000f5600000,0x00000000f5600000,0x00000000fab00000)
 ParOldGen       total 1398272K, used 34828K [0x0000000080000000, 0x00000000d5580000, 0x00000000d5580000)
  object space 1398272K, 2% used [0x0000000080000000,0x0000000082203238,0x00000000d5580000)
 Metaspace       used 66505K, capacity 69178K, committed 69248K, reserved 1110016K
  class space    used 7520K, capacity 7997K, committed 8064K, reserved 1048576K
Event: 96.268 GC heap after
Heap after GC invocations=8 (full 3):
 PSYoungGen      total 565760K, used 40538K [0x00000000d5580000, 0x00000000fab80000, 0x0000000100000000)
  eden space 524800K, 0% used [0x00000000d5580000,0x00000000d5580000,0x00000000f5600000)
  from space 40960K, 98% used [0x00000000f5600000,0x00000000f7d96a48,0x00000000f7e00000)
  to   space 43520K, 0% used [0x00000000f8100000,0x00000000f8100000,0x00000000fab80000)
 ParOldGen       total 1398272K, used 34836K [0x0000000080000000, 0x00000000d5580000, 0x00000000d5580000)
  object space 1398272K, 2% used [0x0000000080000000,0x0000000082205238,0x00000000d5580000)
 Metaspace       used 66505K, capacity 69178K, committed 69248K, reserved 1110016K
  class space    used 7520K, capacity 7997K, committed 8064K, reserved 1048576K
}
Event: 315.924 GC heap before
{Heap before GC invocations=9 (full 3):
 PSYoungGen      total 565760K, used 565338K [0x00000000d5580000, 0x00000000fab80000, 0x0000000100000000)
  eden space 524800K, 100% used [0x00000000d5580000,0x00000000f5600000,0x00000000f5600000)
  from space 40960K, 98% used [0x00000000f5600000,0x00000000f7d96a48,0x00000000f7e00000)
  to   space 43520K, 0% used [0x00000000f8100000,0x00000000f8100000,0x00000000fab80000)
 ParOldGen       total 1398272K, used 34836K [0x0000000080000000, 0x00000000d5580000, 0x00000000d5580000)
  object space 1398272K, 2% used [0x0000000080000000,0x0000000082205238,0x00000000d5580000)
 Metaspace       used 69673K, capacity 72594K, committed 72832K, reserved 1114112K
  class space    used 7713K, capacity 8237K, committed 8320K, reserved 1048576K
Event: 316.143 GC heap after
Heap after GC invocations=9 (full 3):
 PSYoungGen      total 530432K, used 43509K [0x00000000d5580000, 0x0000000100000000, 0x0000000100000000)
  eden space 486912K, 0% used [0x00000000d5580000,0x00000000d5580000,0x00000000f3100000)
  from space 43520K, 99% used [0x00000000f8100000,0x00000000fab7d648,0x00000000fab80000)
  to   space 81920K, 0% used [0x00000000f3100000,0x00000000f3100000,0x00000000f8100000)
 ParOldGen       total 1398272K, used 90161K [0x0000000080000000, 0x00000000d5580000, 0x00000000d5580000)
  object space 1398272K, 6% used [0x0000000080000000,0x000000008580c7b8,0x00000000d5580000)
 Metaspace       used 69673K, capacity 72594K, committed 72832K, reserved 1114112K
  class space    used 7713K, capacity 8237K, committed 8320K, reserved 1048576K
}
Event: 576.731 GC heap before
{Heap before GC invocations=10 (full 3):
 PSYoungGen      total 530432K, used 530421K [0x00000000d5580000, 0x0000000100000000, 0x0000000100000000)
  eden space 486912K, 100% used [0x00000000d5580000,0x00000000f3100000,0x00000000f3100000)
  from space 43520K, 99% used [0x00000000f8100000,0x00000000fab7d648,0x00000000fab80000)
  to   space 81920K, 0% used [0x00000000f3100000,0x00000000f3100000,0x00000000f8100000)
 ParOldGen       total 1398272K, used 90161K [0x0000000080000000, 0x00000000d5580000, 0x00000000d5580000)
  object space 1398272K, 6% used [0x0000000080000000,0x000000008580c7b8,0x00000000d5580000)
 Metaspace       used 70577K, capacity 73696K, committed 73856K, reserved 1114112K
  class space    used 7754K, capacity 8310K, committed 8320K, reserved 1048576K
Event: 577.013 GC heap after
Heap after GC invocations=10 (full 3):
 PSYoungGen      total 562688K, used 81911K [0x00000000d5580000, 0x0000000100000000, 0x0000000100000000)
  eden space 480768K, 0% used [0x00000000d5580000,0x00000000d5580000,0x00000000f2b00000)
  from space 81920K, 99% used [0x00000000f3100000,0x00000000f80fdd38,0x00000000f8100000)
  to   space 111616K, 0% used [0x00000000f9300000,0x00000000f9300000,0x0000000100000000)
 ParOldGen       total 1398272K, used 118009K [0x0000000080000000, 0x00000000d5580000, 0x00000000d5580000)
  object space 1398272K, 8% used [0x0000000080000000,0x000000008733e7e8,0x00000000d5580000)
 Metaspace       used 70577K, capacity 73696K, committed 73856K, reserved 1114112K
  class space    used 7754K, capacity 8310K, committed 8320K, reserved 1048576K
}
Event: 665.351 GC heap before
{Heap before GC invocations=11 (full 3):
 PSYoungGen      total 562688K, used 562679K [0x00000000d5580000, 0x0000000100000000, 0x0000000100000000)
  eden space 480768K, 100% used [0x00000000d5580000,0x00000000f2b00000,0x00000000f2b00000)
  from space 81920K, 99% used [0x00000000f3100000,0x00000000f80fdd38,0x00000000f8100000)
  to   space 111616K, 0% used [0x00000000f9300000,0x00000000f9300000,0x0000000100000000)
 ParOldGen       total 1398272K, used 118009K [0x0000000080000000, 0x00000000d5580000, 0x00000000d5580000)
  object space 1398272K, 8% used [0x0000000080000000,0x000000008733e7e8,0x00000000d5580000)
 Metaspace       used 71796K, capacity 75122K, committed 75264K, reserved 1116160K
  class space    used 7812K, capacity 8411K, committed 8448K, reserved 1048576K
Event: 665.560 GC heap after
Heap after GC invocations=11 (full 3):
 PSYoungGen      total 569856K, used 84577K [0x00000000d5580000, 0x0000000100000000, 0x0000000100000000)
  eden space 458240K, 0% used [0x00000000d5580000,0x00000000d5580000,0x00000000f1500000)
  from space 111616K, 75% used [0x00000000f9300000,0x00000000fe598780,0x0000000100000000)
  to   space 120320K, 0% used [0x00000000f1500000,0x00000000f1500000,0x00000000f8a80000)
 ParOldGen       total 1398272K, used 118017K [0x0000000080000000, 0x00000000d5580000, 0x00000000d5580000)
  object space 1398272K, 8% used [0x0000000080000000,0x00000000873407e8,0x00000000d5580000)
 Metaspace       used 71796K, capacity 75122K, committed 75264K, reserved 1116160K
  class space    used 7812K, capacity 8411K, committed 8448K, reserved 1048576K
}
Event: 713.751 GC heap before
{Heap before GC invocations=12 (full 3):
 PSYoungGen      total 569856K, used 542817K [0x00000000d5580000, 0x0000000100000000, 0x0000000100000000)
  eden space 458240K, 100% used [0x00000000d5580000,0x00000000f1500000,0x00000000f1500000)
  from space 111616K, 75% used [0x00000000f9300000,0x00000000fe598780,0x0000000100000000)
  to   space 120320K, 0% used [0x00000000f1500000,0x00000000f1500000,0x00000000f8a80000)
 ParOldGen       total 1398272K, used 118017K [0x0000000080000000, 0x00000000d5580000, 0x00000000d5580000)
  object space 1398272K, 8% used [0x0000000080000000,0x00000000873407e8,0x00000000d5580000)
 Metaspace       used 72341K, capacity 75804K, committed 76032K, reserved 1116160K
  class space    used 7833K, capacity 8448K, committed 8448K, reserved 1048576K
Event: 713.987 GC heap after
Heap after GC invocations=12 (full 3):
 PSYoungGen      total 526336K, used 73561K [0x00000000d5580000, 0x00000000ffc80000, 0x0000000100000000)
  eden space 452608K, 0% used [0x00000000d5580000,0x00000000d5580000,0x00000000f0f80000)
  from space 73728K, 99% used [0x00000000f1500000,0x00000000f5cd6598,0x00000000f5d00000)
  to   space 121344K, 0% used [0x00000000f8600000,0x00000000f8600000,0x00000000ffc80000)
 ParOldGen       total 1398272K, used 118025K [0x0000000080000000, 0x00000000d5580000, 0x00000000d5580000)
  object space 1398272K, 8% used [0x0000000080000000,0x00000000873427e8,0x00000000d5580000)
 Metaspace       used 72341K, capacity 75804K, committed 76032K, reserved 1116160K
  class space    used 7833K, capacity 8448K, committed 8448K, reserved 1048576K
}

