# JRE version: OpenJDK Runtime Environment (8.0_212-b04) (build 1.8.0_212-b04)
# Java VM: OpenJDK 64-Bit Server VM (25.212-b04 mixed mode linux-amd64 compressed oops)
Heap:
 PSYoungGen      total 611840K, used 305623K [0x00000000d5580000, 0x0000000100000000, 0x0000000100000000)
  eden space 524800K, 58% used [0x00000000d5580000,0x00000000e7ff5e88,0x00000000f5600000)
  from space 87040K, 0% used [0x00000000fab00000,0x00000000fab00000,0x0000000100000000)
  to   space 87040K, 0% used [0x00000000f5600000,0x00000000f5600000,0x00000000fab00000)
 ParOldGen       total 1398272K, used 35396K [0x0000000080000000, 0x00000000d5580000, 0x00000000d5580000)
  object space 1398272K, 2% used [0x0000000080000000,0x0000000082291170,0x00000000d5580000)
 Metaspace       used 65179K, capacity 67972K, committed 68224K, reserved 1110016K
  class space    used 7452K, capacity 7944K, committed 8064K, reserved 1048576K
GC Heap History (10 events):
Event: 5.164 GC heap before
{Heap before GC invocations=3 (full 1):
 PSYoungGen      total 611840K, used 456585K [0x00000000d5580000, 0x0000000100000000, 0x0000000100000000)
  eden space 524800K, 87% used [0x00000000d5580000,0x00000000f1362418,0x00000000f5600000)
  from space 87040K, 0% used [0x00000000f5600000,0x00000000f5600000,0x00000000fab00000)
  to   space 87040K, 0% used [0x00000000fab00000,0x00000000fab00000,0x0000000100000000)
 ParOldGen       total 864256K, used 14368K [0x0000000080000000, 0x00000000b4c00000, 0x00000000d5580000)
  object space 864256K, 1% used [0x0000000080000000,0x0000000080e082d8,0x00000000b4c00000)
 Metaspace       used 34680K, capacity 35034K, committed 35416K, reserved 1081344K
  class space    used 3949K, capacity 4061K, committed 4096K, reserved 1048576K
Event: 5.202 GC heap after
Heap after GC invocations=3 (full 1):
 PSYoungGen      total 611840K, used 18944K [0x00000000d5580000, 0x0000000100000000, 0x0000000100000000)
  eden space 524800K, 0% used [0x00000000d5580000,0x00000000d5580000,0x00000000f5600000)
  from space 87040K, 21% used [0x00000000fab00000,0x00000000fbd80120,0x0000000100000000)
  to   space 87040K, 0% used [0x00000000f5600000,0x00000000f5600000,0x00000000fab00000)
 ParOldGen       total 864256K, used 14376K [0x0000000080000000, 0x00000000b4c00000, 0x00000000d5580000)
  object space 864256K, 1% used [0x0000000080000000,0x0000000080e0a2d8,0x00000000b4c00000)
 Metaspace       used 34680K, capacity 35034K, committed 35416K, reserved 1081344K
  class space    used 3949K, capacity 4061K, committed 4096K, reserved 1048576K
}
Event: 5.202 GC heap before
{Heap before GC invocations=4 (full 2):
 PSYoungGen      total 611840K, used 18944K [0x00000000d5580000, 0x0000000100000000, 0x0000000100000000)
  eden space 524800K, 0% used [0x00000000d5580000,0x00000000d5580000,0x00000000f5600000)
  from space 87040K, 21% used [0x00000000fab00000,0x00000000fbd80120,0x0000000100000000)
  to   space 87040K, 0% used [0x00000000f5600000,0x00000000f5600000,0x00000000fab00000)
 ParOldGen       total 864256K, used 14376K [0x0000000080000000, 0x00000000b4c00000, 0x00000000d5580000)
  object space 864256K, 1% used [0x0000000080000000,0x0000000080e0a2d8,0x00000000b4c00000)
 Metaspace       used 34680K, capacity 35034K, committed 35416K, reserved 1081344K
  class space    used 3949K, capacity 4061K, committed 4096K, reserved 1048576K
Event: 5.299 GC heap after
Heap after GC invocations=4 (full 2):
 PSYoungGen      total 611840K, used 0K [0x00000000d5580000, 0x0000000100000000, 0x0000000100000000)
  eden space 524800K, 0% used [0x00000000d5580000,0x00000000d5580000,0x00000000f5600000)
  from space 87040K, 0% used [0x00000000fab00000,0x00000000fab00000,0x0000000100000000)
  to   space 87040K, 0% used [0x00000000f5600000,0x00000000f5600000,0x00000000fab00000)
 ParOldGen       total 1398272K, used 23429K [0x0000000080000000, 0x00000000d5580000, 0x00000000d5580000)
  object space 1398272K, 1% used [0x0000000080000000,0x00000000816e17a0,0x00000000d5580000)
 Metaspace       used 34680K, capacity 35034K, committed 35416K, reserved 1081344K
  class space    used 3949K, capacity 4061K, committed 4096K, reserved 1048576K
}
Event: 12.089 GC heap before
{Heap before GC invocations=5 (full 2):
 PSYoungGen      total 611840K, used 524800K [0x00000000d5580000, 0x0000000100000000, 0x0000000100000000)
  eden space 524800K, 100% used [0x00000000d5580000,0x00000000f5600000,0x00000000f5600000)
  from space 87040K, 0% used [0x00000000fab00000,0x00000000fab00000,0x0000000100000000)
  to   space 87040K, 0% used [0x00000000f5600000,0x00000000f5600000,0x00000000fab00000)
 ParOldGen       total 1398272K, used 23429K [0x0000000080000000, 0x00000000d5580000, 0x00000000d5580000)
  object space 1398272K, 1% used [0x0000000080000000,0x00000000816e17a0,0x00000000d5580000)
 Metaspace       used 51636K, capacity 53030K, committed 53248K, reserved 1095680K
  class space    used 6090K, capacity 6361K, committed 6400K, reserved 1048576K
Event: 12.155 GC heap after
Heap after GC invocations=5 (full 2):
 PSYoungGen      total 611840K, used 25584K [0x00000000d5580000, 0x0000000100000000, 0x0000000100000000)
  eden space 524800K, 0% used [0x00000000d5580000,0x00000000d5580000,0x00000000f5600000)
  from space 87040K, 29% used [0x00000000f5600000,0x00000000f6efc360,0x00000000fab00000)
  to   space 87040K, 0% used [0x00000000fab00000,0x00000000fab00000,0x0000000100000000)
 ParOldGen       total 1398272K, used 23437K [0x0000000080000000, 0x00000000d5580000, 0x00000000d5580000)
  object space 1398272K, 1% used [0x0000000080000000,0x00000000816e37a0,0x00000000d5580000)
 Metaspace       used 51636K, capacity 53030K, committed 53248K, reserved 1095680K
  class space    used 6090K, capacity 6361K, committed 6400K, reserved 1048576K
}
Event: 20.753 GC heap before
{Heap before GC invocations=6 (full 2):
 PSYoungGen      total 611840K, used 249464K [0x00000000d5580000, 0x0000000100000000, 0x0000000100000000)
  eden space 524800K, 42% used [0x00000000d5580000,0x00000000e3021fb0,0x00000000f5600000)
  from space 87040K, 29% used [0x00000000f5600000,0x00000000f6efc360,0x00000000fab00000)
  to   space 87040K, 0% used [0x00000000fab00000,0x00000000fab00000,0x0000000100000000)
 ParOldGen       total 1398272K, used 23437K [0x0000000080000000, 0x00000000d5580000, 0x00000000d5580000)
  object space 1398272K, 1% used [0x0000000080000000,0x00000000816e37a0,0x00000000d5580000)
 Metaspace       used 57158K, capacity 58944K, committed 59008K, reserved 1101824K
  class space    used 6642K, capacity 6980K, committed 7040K, reserved 1048576K
Event: 20.810 GC heap after
Heap after GC invocations=6 (full 2):
 PSYoungGen      total 611840K, used 23854K [0x00000000d5580000, 0x0000000100000000, 0x0000000100000000)
  eden space 524800K, 0% used [0x00000000d5580000,0x00000000d5580000,0x00000000f5600000)
  from space 87040K, 27% used [0x00000000fab00000,0x00000000fc24b8e8,0x0000000100000000)
  to   space 87040K, 0% used [0x00000000f5600000,0x00000000f5600000,0x00000000fab00000)
 ParOldGen       total 1398272K, used 23445K [0x0000000080000000, 0x00000000d5580000, 0x00000000d5580000)
  object space 1398272K, 1% used [0x0000000080000000,0x00000000816e57a0,0x00000000d5580000)
 Metaspace       used 57158K, capacity 58944K, committed 59008K, reserved 1101824K
  class space    used 6642K, capacity 6980K, committed 7040K, reserved 1048576K
}
Event: 20.810 GC heap before
{Heap before GC invocations=7 (full 3):
 PSYoungGen      total 611840K, used 23854K [0x00000000d5580000, 0x0000000100000000, 0x0000000100000000)
  eden space 524800K, 0% used [0x00000000d5580000,0x00000000d5580000,0x00000000f5600000)
  from space 87040K, 27% used [0x00000000fab00000,0x00000000fc24b8e8,0x0000000100000000)
  to   space 87040K, 0% used [0x00000000f5600000,0x00000000f5600000,0x00000000fab00000)
 ParOldGen       total 1398272K, used 23445K [0x0000000080000000, 0x00000000d5580000, 0x00000000d5580000)
  object space 1398272K, 1% used [0x0000000080000000,0x00000000816e57a0,0x00000000d5580000)
 Metaspace       used 57158K, capacity 58944K, committed 59008K, reserved 1101824K
  class space    used 6642K, capacity 6980K, committed 7040K, reserved 1048576K
Event: 21.104 GC heap after
Heap after GC invocations=7 (full 3):
 PSYoungGen      total 611840K, used 0K [0x00000000d5580000, 0x0000000100000000, 0x0000000100000000)
  eden space 524800K, 0% used [0x00000000d5580000,0x00000000d5580000,0x00000000f5600000)
  from space 87040K, 0% used [0x00000000fab00000,0x00000000fab00000,0x0000000100000000)
  to   space 87040K, 0% used [0x00000000f5600000,0x00000000f5600000,0x00000000fab00000)
 ParOldGen       total 1398272K, used 35396K [0x0000000080000000, 0x00000000d5580000, 0x00000000d5580000)
  object space 1398272K, 2% used [0x0000000080000000,0x0000000082291170,0x00000000d5580000)
 Metaspace       used 57053K, capacity 58674K, committed 59008K, reserved 1101824K
  class space    used 6605K, capacity 6915K, committed 7040K, reserved 1048576K
}

