# JRE version: OpenJDK Runtime Environment (8.0_212-b04) (build 1.8.0_212-b04)
# Java VM: OpenJDK 64-Bit Server VM (25.212-b04 mixed mode linux-amd64 compressed oops)
Heap:
 PSYoungGen      total 556544K, used 356757K [0x00000000d5580000, 0x0000000100000000, 0x0000000100000000)
  eden space 414208K, 77% used [0x00000000d5580000,0x00000000e9002658,0x00000000eea00000)
  from space 142336K, 24% used [0x00000000eea00000,0x00000000f0be30b0,0x00000000f7500000)
  to   space 135680K, 0% used [0x00000000f7b80000,0x00000000f7b80000,0x0000000100000000)
 ParOldGen       total 1398272K, used 127131K [0x0000000080000000, 0x00000000d5580000, 0x00000000d5580000)
  object space 1398272K, 9% used [0x0000000080000000,0x0000000087c26c38,0x00000000d5580000)
 Metaspace       used 69130K, capacity 72260K, committed 72448K, reserved 1114112K
  class space    used 7635K, capacity 8188K, committed 8192K, reserved 1048576K
GC Heap History (10 events):
Event: 18.965 GC heap before
{Heap before GC invocations=6 (full 2):
 PSYoungGen      total 611840K, used 306783K [0x00000000d5580000, 0x0000000100000000, 0x0000000100000000)
  eden space 524800K, 53% used [0x00000000d5580000,0x00000000e6837730,0x00000000f5600000)
  from space 87040K, 29% used [0x00000000f5600000,0x00000000f6ee0560,0x00000000fab00000)
  to   space 87040K, 0% used [0x00000000fab00000,0x00000000fab00000,0x0000000100000000)
 ParOldGen       total 1398272K, used 23486K [0x0000000080000000, 0x00000000d5580000, 0x00000000d5580000)
  object space 1398272K, 1% used [0x0000000080000000,0x00000000816ef970,0x00000000d5580000)
 Metaspace       used 56796K, capacity 58846K, committed 59008K, reserved 1101824K
  class space    used 6548K, capacity 6917K, committed 7040K, reserved 1048576K
Event: 19.057 GC heap after
Heap after GC invocations=6 (full 2):
 PSYoungGen      total 611840K, used 47727K [0x00000000d5580000, 0x0000000100000000, 0x0000000100000000)
  eden space 524800K, 0% used [0x00000000d5580000,0x00000000d5580000,0x00000000f5600000)
  from space 87040K, 54% used [0x00000000fab00000,0x00000000fd99be40,0x0000000100000000)
  to   space 87040K, 0% used [0x00000000f5600000,0x00000000f5600000,0x00000000fab00000)
 ParOldGen       total 1398272K, used 23494K [0x0000000080000000, 0x00000000d5580000, 0x00000000d5580000)
  object space 1398272K, 1% used [0x0000000080000000,0x00000000816f1970,0x00000000d5580000)
 Metaspace       used 56796K, capacity 58846K, committed 59008K, reserved 1101824K
  class space    used 6548K, capacity 6917K, committed 7040K, reserved 1048576K
}
Event: 19.057 GC heap before
{Heap before GC invocations=7 (full 3):
 PSYoungGen      total 611840K, used 47727K [0x00000000d5580000, 0x0000000100000000, 0x0000000100000000)
  eden space 524800K, 0% used [0x00000000d5580000,0x00000000d5580000,0x00000000f5600000)
  from space 87040K, 54% used [0x00000000fab00000,0x00000000fd99be40,0x0000000100000000)
  to   space 87040K, 0% used [0x00000000f5600000,0x00000000f5600000,0x00000000fab00000)
 ParOldGen       total 1398272K, used 23494K [0x0000000080000000, 0x00000000d5580000, 0x00000000d5580000)
  object space 1398272K, 1% used [0x0000000080000000,0x00000000816f1970,0x00000000d5580000)
 Metaspace       used 56796K, capacity 58846K, committed 59008K, reserved 1101824K
  class space    used 6548K, capacity 6917K, committed 7040K, reserved 1048576K
Event: 19.407 GC heap after
Heap after GC invocations=7 (full 3):
 PSYoungGen      total 611840K, used 0K [0x00000000d5580000, 0x0000000100000000, 0x0000000100000000)
  eden space 524800K, 0% used [0x00000000d5580000,0x00000000d5580000,0x00000000f5600000)
  from space 87040K, 0% used [0x00000000fab00000,0x00000000fab00000,0x0000000100000000)
  to   space 87040K, 0% used [0x00000000f5600000,0x00000000f5600000,0x00000000fab00000)
 ParOldGen       total 1398272K, used 58706K [0x0000000080000000, 0x00000000d5580000, 0x00000000d5580000)
  object space 1398272K, 4% used [0x0000000080000000,0x0000000083954b30,0x00000000d5580000)
 Metaspace       used 56661K, capacity 58478K, committed 59008K, reserved 1101824K
  class space    used 6501K, capacity 6833K, committed 7040K, reserved 1048576K
}
Event: 38.178 GC heap before
{Heap before GC invocations=8 (full 3):
 PSYoungGen      total 611840K, used 524800K [0x00000000d5580000, 0x0000000100000000, 0x0000000100000000)
  eden space 524800K, 100% used [0x00000000d5580000,0x00000000f5600000,0x00000000f5600000)
  from space 87040K, 0% used [0x00000000fab00000,0x00000000fab00000,0x0000000100000000)
  to   space 87040K, 0% used [0x00000000f5600000,0x00000000f5600000,0x00000000fab00000)
 ParOldGen       total 1398272K, used 58706K [0x0000000080000000, 0x00000000d5580000, 0x00000000d5580000)
  object space 1398272K, 4% used [0x0000000080000000,0x0000000083954b30,0x00000000d5580000)
 Metaspace       used 66109K, capacity 68746K, committed 68992K, reserved 1110016K
  class space    used 7460K, capacity 7941K, committed 8064K, reserved 1048576K
Event: 38.342 GC heap after
Heap after GC invocations=8 (full 3):
 PSYoungGen      total 611840K, used 87018K [0x00000000d5580000, 0x0000000100000000, 0x0000000100000000)
  eden space 524800K, 0% used [0x00000000d5580000,0x00000000d5580000,0x00000000f5600000)
  from space 87040K, 99% used [0x00000000f5600000,0x00000000faafab18,0x00000000fab00000)
  to   space 87040K, 0% used [0x00000000fab00000,0x00000000fab00000,0x0000000100000000)
 ParOldGen       total 1398272K, used 76896K [0x0000000080000000, 0x00000000d5580000, 0x00000000d5580000)
  object space 1398272K, 5% used [0x0000000080000000,0x0000000084b18158,0x00000000d5580000)
 Metaspace       used 66109K, capacity 68746K, committed 68992K, reserved 1110016K
  class space    used 7460K, capacity 7941K, committed 8064K, reserved 1048576K
}
Event: 75.567 GC heap before
{Heap before GC invocations=9 (full 3):
 PSYoungGen      total 611840K, used 585854K [0x00000000d5580000, 0x0000000100000000, 0x0000000100000000)
  eden space 524800K, 95% used [0x00000000d5580000,0x00000000f3ca4e00,0x00000000f5600000)
  from space 87040K, 99% used [0x00000000f5600000,0x00000000faafab18,0x00000000fab00000)
  to   space 87040K, 0% used [0x00000000fab00000,0x00000000fab00000,0x0000000100000000)
 ParOldGen       total 1398272K, used 76896K [0x0000000080000000, 0x00000000d5580000, 0x00000000d5580000)
  object space 1398272K, 5% used [0x0000000080000000,0x0000000084b18158,0x00000000d5580000)
 Metaspace       used 67810K, capacity 70694K, committed 70784K, reserved 1112064K
  class space    used 7554K, capacity 8061K, committed 8064K, reserved 1048576K
Event: 75.733 GC heap after
Heap after GC invocations=9 (full 3):
 PSYoungGen      total 501248K, used 87016K [0x00000000d5580000, 0x0000000100000000, 0x0000000100000000)
  eden space 414208K, 0% used [0x00000000d5580000,0x00000000d5580000,0x00000000eea00000)
  from space 87040K, 99% used [0x00000000fab00000,0x00000000ffffa228,0x0000000100000000)
  to   space 142336K, 0% used [0x00000000eea00000,0x00000000eea00000,0x00000000f7500000)
 ParOldGen       total 1398272K, used 127123K [0x0000000080000000, 0x00000000d5580000, 0x00000000d5580000)
  object space 1398272K, 9% used [0x0000000080000000,0x0000000087c24c38,0x00000000d5580000)
 Metaspace       used 67810K, capacity 70694K, committed 70784K, reserved 1112064K
  class space    used 7554K, capacity 8061K, committed 8064K, reserved 1048576K
}
Event: 92.884 GC heap before
{Heap before GC invocations=10 (full 3):
 PSYoungGen      total 501248K, used 501224K [0x00000000d5580000, 0x0000000100000000, 0x0000000100000000)
  eden space 414208K, 100% used [0x00000000d5580000,0x00000000eea00000,0x00000000eea00000)
  from space 87040K, 99% used [0x00000000fab00000,0x00000000ffffa228,0x0000000100000000)
  to   space 142336K, 0% used [0x00000000eea00000,0x00000000eea00000,0x00000000f7500000)
 ParOldGen       total 1398272K, used 127123K [0x0000000080000000, 0x00000000d5580000, 0x00000000d5580000)
  object space 1398272K, 9% used [0x0000000080000000,0x0000000087c24c38,0x00000000d5580000)
 Metaspace       used 68450K, capacity 71420K, committed 71680K, reserved 1112064K
  class space    used 7598K, capacity 8146K, committed 8192K, reserved 1048576K
Event: 92.971 GC heap after
Heap after GC invocations=10 (full 3):
 PSYoungGen      total 556544K, used 34700K [0x00000000d5580000, 0x0000000100000000, 0x0000000100000000)
  eden space 414208K, 0% used [0x00000000d5580000,0x00000000d5580000,0x00000000eea00000)
  from space 142336K, 24% used [0x00000000eea00000,0x00000000f0be30b0,0x00000000f7500000)
  to   space 135680K, 0% used [0x00000000f7b80000,0x00000000f7b80000,0x0000000100000000)
 ParOldGen       total 1398272K, used 127131K [0x0000000080000000, 0x00000000d5580000, 0x00000000d5580000)
  object space 1398272K, 9% used [0x0000000080000000,0x0000000087c26c38,0x00000000d5580000)
 Metaspace       used 68450K, capacity 71420K, committed 71680K, reserved 1112064K
  class space    used 7598K, capacity 8146K, committed 8192K, reserved 1048576K
}

