# JRE version: OpenJDK Runtime Environment (8.0_212-b04) (build 1.8.0_212-b04)
# Java VM: OpenJDK 64-Bit Server VM (25.212-b04 mixed mode linux-amd64 compressed oops)
Heap:
 PSYoungGen      total 611840K, used 503629K [0x00000000d5580000, 0x0000000100000000, 0x0000000100000000)
  eden space 524800K, 95% used [0x00000000d5580000,0x00000000f41536f8,0x00000000f5600000)
  from space 87040K, 0% used [0x00000000fab00000,0x00000000fab00000,0x0000000100000000)
  to   space 87040K, 0% used [0x00000000f5600000,0x00000000f5600000,0x00000000fab00000)
 ParOldGen       total 1398272K, used 28305K [0x0000000080000000, 0x00000000d5580000, 0x00000000d5580000)
  object space 1398272K, 2% used [0x0000000080000000,0x0000000081ba4608,0x00000000d5580000)
 Metaspace       used 68116K, capacity 71018K, committed 71296K, reserved 1112064K
  class space    used 7704K, capacity 8207K, committed 8320K, reserved 1048576K
GC Heap History (10 events):
Event: 4.190 GC heap before
{Heap before GC invocations=3 (full 1):
 PSYoungGen      total 611840K, used 467512K [0x00000000d5580000, 0x0000000100000000, 0x0000000100000000)
  eden space 524800K, 89% used [0x00000000d5580000,0x00000000f1e0e090,0x00000000f5600000)
  from space 87040K, 0% used [0x00000000f5600000,0x00000000f5600000,0x00000000fab00000)
  to   space 87040K, 0% used [0x00000000fab00000,0x00000000fab00000,0x0000000100000000)
 ParOldGen       total 908800K, used 14295K [0x0000000080000000, 0x00000000b7780000, 0x00000000d5580000)
  object space 908800K, 1% used [0x0000000080000000,0x0000000080df5fc0,0x00000000b7780000)
 Metaspace       used 34704K, capacity 35066K, committed 35416K, reserved 1081344K
  class space    used 3969K, capacity 4093K, committed 4096K, reserved 1048576K
Event: 4.219 GC heap after
Heap after GC invocations=3 (full 1):
 PSYoungGen      total 611840K, used 19089K [0x00000000d5580000, 0x0000000100000000, 0x0000000100000000)
  eden space 524800K, 0% used [0x00000000d5580000,0x00000000d5580000,0x00000000f5600000)
  from space 87040K, 21% used [0x00000000fab00000,0x00000000fbda44c0,0x0000000100000000)
  to   space 87040K, 0% used [0x00000000f5600000,0x00000000f5600000,0x00000000fab00000)
 ParOldGen       total 908800K, used 14295K [0x0000000080000000, 0x00000000b7780000, 0x00000000d5580000)
  object space 908800K, 1% used [0x0000000080000000,0x0000000080df5fc0,0x00000000b7780000)
 Metaspace       used 34704K, capacity 35066K, committed 35416K, reserved 1081344K
  class space    used 3969K, capacity 4093K, committed 4096K, reserved 1048576K
}
Event: 4.219 GC heap before
{Heap before GC invocations=4 (full 2):
 PSYoungGen      total 611840K, used 19089K [0x00000000d5580000, 0x0000000100000000, 0x0000000100000000)
  eden space 524800K, 0% used [0x00000000d5580000,0x00000000d5580000,0x00000000f5600000)
  from space 87040K, 21% used [0x00000000fab00000,0x00000000fbda44c0,0x0000000100000000)
  to   space 87040K, 0% used [0x00000000f5600000,0x00000000f5600000,0x00000000fab00000)
 ParOldGen       total 908800K, used 14295K [0x0000000080000000, 0x00000000b7780000, 0x00000000d5580000)
  object space 908800K, 1% used [0x0000000080000000,0x0000000080df5fc0,0x00000000b7780000)
 Metaspace       used 34704K, capacity 35066K, committed 35416K, reserved 1081344K
  class space    used 3969K, capacity 4093K, committed 4096K, reserved 1048576K
Event: 4.306 GC heap after
Heap after GC invocations=4 (full 2):
 PSYoungGen      total 611840K, used 0K [0x00000000d5580000, 0x0000000100000000, 0x0000000100000000)
  eden space 524800K, 0% used [0x00000000d5580000,0x00000000d5580000,0x00000000f5600000)
  from space 87040K, 0% used [0x00000000fab00000,0x00000000fab00000,0x0000000100000000)
  to   space 87040K, 0% used [0x00000000f5600000,0x00000000f5600000,0x00000000fab00000)
 ParOldGen       total 1398272K, used 23675K [0x0000000080000000, 0x00000000d5580000, 0x00000000d5580000)
  object space 1398272K, 1% used [0x0000000080000000,0x000000008171ee60,0x00000000d5580000)
 Metaspace       used 34704K, capacity 35066K, committed 35416K, reserved 1081344K
  class space    used 3969K, capacity 4093K, committed 4096K, reserved 1048576K
}
Event: 10.721 GC heap before
{Heap before GC invocations=5 (full 2):
 PSYoungGen      total 611840K, used 524791K [0x00000000d5580000, 0x0000000100000000, 0x0000000100000000)
  eden space 524800K, 99% used [0x00000000d5580000,0x00000000f55fdd90,0x00000000f5600000)
  from space 87040K, 0% used [0x00000000fab00000,0x00000000fab00000,0x0000000100000000)
  to   space 87040K, 0% used [0x00000000f5600000,0x00000000f5600000,0x00000000fab00000)
 ParOldGen       total 1398272K, used 23675K [0x0000000080000000, 0x00000000d5580000, 0x00000000d5580000)
  object space 1398272K, 1% used [0x0000000080000000,0x000000008171ee60,0x00000000d5580000)
 Metaspace       used 52717K, capacity 54012K, committed 54144K, reserved 1097728K
  class space    used 6195K, capacity 6452K, committed 6528K, reserved 1048576K
Event: 10.779 GC heap after
Heap after GC invocations=5 (full 2):
 PSYoungGen      total 611840K, used 26909K [0x00000000d5580000, 0x0000000100000000, 0x0000000100000000)
  eden space 524800K, 0% used [0x00000000d5580000,0x00000000d5580000,0x00000000f5600000)
  from space 87040K, 30% used [0x00000000f5600000,0x00000000f7047758,0x00000000fab00000)
  to   space 87040K, 0% used [0x00000000fab00000,0x00000000fab00000,0x0000000100000000)
 ParOldGen       total 1398272K, used 23683K [0x0000000080000000, 0x00000000d5580000, 0x00000000d5580000)
  object space 1398272K, 1% used [0x0000000080000000,0x0000000081720e60,0x00000000d5580000)
 Metaspace       used 52717K, capacity 54012K, committed 54144K, reserved 1097728K
  class space    used 6195K, capacity 6452K, committed 6528K, reserved 1048576K
}
Event: 11.342 GC heap before
{Heap before GC invocations=6 (full 2):
 PSYoungGen      total 611840K, used 127143K [0x00000000d5580000, 0x0000000100000000, 0x0000000100000000)
  eden space 524800K, 19% used [0x00000000d5580000,0x00000000db762608,0x00000000f5600000)
  from space 87040K, 30% used [0x00000000f5600000,0x00000000f7047758,0x00000000fab00000)
  to   space 87040K, 0% used [0x00000000fab00000,0x00000000fab00000,0x0000000100000000)
 ParOldGen       total 1398272K, used 23683K [0x0000000080000000, 0x00000000d5580000, 0x00000000d5580000)
  object space 1398272K, 1% used [0x0000000080000000,0x0000000081720e60,0x00000000d5580000)
 Metaspace       used 57334K, capacity 58680K, committed 59008K, reserved 1101824K
  class space    used 6654K, capacity 6914K, committed 7040K, reserved 1048576K
Event: 11.367 GC heap after
Heap after GC invocations=6 (full 2):
 PSYoungGen      total 611840K, used 16627K [0x00000000d5580000, 0x0000000100000000, 0x0000000100000000)
  eden space 524800K, 0% used [0x00000000d5580000,0x00000000d5580000,0x00000000f5600000)
  from space 87040K, 19% used [0x00000000fab00000,0x00000000fbb3cf38,0x0000000100000000)
  to   space 87040K, 0% used [0x00000000f5600000,0x00000000f5600000,0x00000000fab00000)
 ParOldGen       total 1398272K, used 23683K [0x0000000080000000, 0x00000000d5580000, 0x00000000d5580000)
  object space 1398272K, 1% used [0x0000000080000000,0x0000000081720e60,0x00000000d5580000)
 Metaspace       used 57334K, capacity 58680K, committed 59008K, reserved 1101824K
  class space    used 6654K, capacity 6914K, committed 7040K, reserved 1048576K
}
Event: 11.367 GC heap before
{Heap before GC invocations=7 (full 3):
 PSYoungGen      total 611840K, used 16627K [0x00000000d5580000, 0x0000000100000000, 0x0000000100000000)
  eden space 524800K, 0% used [0x00000000d5580000,0x00000000d5580000,0x00000000f5600000)
  from space 87040K, 19% used [0x00000000fab00000,0x00000000fbb3cf38,0x0000000100000000)
  to   space 87040K, 0% used [0x00000000f5600000,0x00000000f5600000,0x00000000fab00000)
 ParOldGen       total 1398272K, used 23683K [0x0000000080000000, 0x00000000d5580000, 0x00000000d5580000)
  object space 1398272K, 1% used [0x0000000080000000,0x0000000081720e60,0x00000000d5580000)
 Metaspace       used 57334K, capacity 58680K, committed 59008K, reserved 1101824K
  class space    used 6654K, capacity 6914K, committed 7040K, reserved 1048576K
Event: 11.587 GC heap after
Heap after GC invocations=7 (full 3):
 PSYoungGen      total 611840K, used 0K [0x00000000d5580000, 0x0000000100000000, 0x0000000100000000)
  eden space 524800K, 0% used [0x00000000d5580000,0x00000000d5580000,0x00000000f5600000)
  from space 87040K, 0% used [0x00000000fab00000,0x00000000fab00000,0x0000000100000000)
  to   space 87040K, 0% used [0x00000000f5600000,0x00000000f5600000,0x00000000fab00000)
 ParOldGen       total 1398272K, used 28305K [0x0000000080000000, 0x00000000d5580000, 0x00000000d5580000)
  object space 1398272K, 2% used [0x0000000080000000,0x0000000081ba4608,0x00000000d5580000)
 Metaspace       used 57306K, capacity 58610K, committed 59008K, reserved 1101824K
  class space    used 6644K, capacity 6897K, committed 7040K, reserved 1048576K
}

