# JRE version: OpenJDK Runtime Environment (8.0_212-b04) (build 1.8.0_212-b04)
# Java VM: OpenJDK 64-Bit Server VM (25.212-b04 mixed mode linux-amd64 compressed oops)
Heap:
 PSYoungGen      total 481280K, used 179120K [0x00000000d5580000, 0x00000000ffb80000, 0x0000000100000000)
  eden space 270336K, 10% used [0x00000000d5580000,0x00000000d70ca9c0,0x00000000e5d80000)
  from space 210944K, 71% used [0x00000000e5d80000,0x00000000ef1219e0,0x00000000f2b80000)
  to   space 209408K, 0% used [0x00000000f2f00000,0x00000000f2f00000,0x00000000ffb80000)
 ParOldGen       total 1329152K, used 182371K [0x0000000080000000, 0x00000000d1200000, 0x00000000d5580000)
  object space 1329152K, 13% used [0x0000000080000000,0x000000008b218f70,0x00000000d1200000)
 Metaspace       used 70345K, capacity 73350K, committed 73856K, reserved 1114112K
  class space    used 7612K, capacity 8135K, committed 8320K, reserved 1048576K
GC Heap History (10 events):
Event: 460.896 GC heap before
{Heap before GC invocations=27 (full 4):
 PSYoungGen      total 476160K, used 429620K [0x00000000d5580000, 0x0000000100000000, 0x0000000100000000)
  eden space 265728K, 100% used [0x00000000d5580000,0x00000000e5900000,0x00000000e5900000)
  from space 210432K, 77% used [0x00000000f3280000,0x00000000fd28d040,0x0000000100000000)
  to   space 216576K, 0% used [0x00000000e5900000,0x00000000e5900000,0x00000000f2c80000)
 ParOldGen       total 1329152K, used 182339K [0x0000000080000000, 0x00000000d1200000, 0x00000000d5580000)
  object space 1329152K, 13% used [0x0000000080000000,0x000000008b210f70,0x00000000d1200000)
 Metaspace       used 70072K, capacity 73138K, committed 73600K, reserved 1114112K
  class space    used 7610K, capacity 8135K, committed 8320K, reserved 1048576K
Event: 461.126 GC heap after
Heap after GC invocations=27 (full 4):
 PSYoungGen      total 482304K, used 147652K [0x00000000d5580000, 0x0000000100000000, 0x0000000100000000)
  eden space 265728K, 0% used [0x00000000d5580000,0x00000000d5580000,0x00000000e5900000)
  from space 216576K, 68% used [0x00000000e5900000,0x00000000ee9311b0,0x00000000f2c80000)
  to   space 215040K, 0% used [0x00000000f2e00000,0x00000000f2e00000,0x0000000100000000)
 ParOldGen       total 1329152K, used 182347K [0x0000000080000000, 0x00000000d1200000, 0x00000000d5580000)
  object space 1329152K, 13% used [0x0000000080000000,0x000000008b212f70,0x00000000d1200000)
 Metaspace       used 70072K, capacity 73138K, committed 73600K, reserved 1114112K
  class space    used 7610K, capacity 8135K, committed 8320K, reserved 1048576K
}
Event: 481.090 GC heap before
{Heap before GC invocations=28 (full 4):
 PSYoungGen      total 482304K, used 413380K [0x00000000d5580000, 0x0000000100000000, 0x0000000100000000)
  eden space 265728K, 100% used [0x00000000d5580000,0x00000000e5900000,0x00000000e5900000)
  from space 216576K, 68% used [0x00000000e5900000,0x00000000ee9311b0,0x00000000f2c80000)
  to   space 215040K, 0% used [0x00000000f2e00000,0x00000000f2e00000,0x0000000100000000)
 ParOldGen       total 1329152K, used 182347K [0x0000000080000000, 0x00000000d1200000, 0x00000000d5580000)
  object space 1329152K, 13% used [0x0000000080000000,0x000000008b212f70,0x00000000d1200000)
 Metaspace       used 70166K, capacity 73202K, committed 73600K, reserved 1114112K
  class space    used 7611K, capacity 8135K, committed 8320K, reserved 1048576K
Event: 481.332 GC heap after
Heap after GC invocations=28 (full 4):
 PSYoungGen      total 481792K, used 154148K [0x00000000d5580000, 0x00000000fff80000, 0x0000000100000000)
  eden space 267264K, 0% used [0x00000000d5580000,0x00000000d5580000,0x00000000e5a80000)
  from space 214528K, 71% used [0x00000000f2e00000,0x00000000fc4893a0,0x00000000fff80000)
  to   space 215552K, 0% used [0x00000000e5a80000,0x00000000e5a80000,0x00000000f2d00000)
 ParOldGen       total 1329152K, used 182355K [0x0000000080000000, 0x00000000d1200000, 0x00000000d5580000)
  object space 1329152K, 13% used [0x0000000080000000,0x000000008b214f70,0x00000000d1200000)
 Metaspace       used 70166K, capacity 73202K, committed 73600K, reserved 1114112K
  class space    used 7611K, capacity 8135K, committed 8320K, reserved 1048576K
}
Event: 501.135 GC heap before
{Heap before GC invocations=29 (full 4):
 PSYoungGen      total 481792K, used 421412K [0x00000000d5580000, 0x00000000fff80000, 0x0000000100000000)
  eden space 267264K, 100% used [0x00000000d5580000,0x00000000e5a80000,0x00000000e5a80000)
  from space 214528K, 71% used [0x00000000f2e00000,0x00000000fc4893a0,0x00000000fff80000)
  to   space 215552K, 0% used [0x00000000e5a80000,0x00000000e5a80000,0x00000000f2d00000)
 ParOldGen       total 1329152K, used 182355K [0x0000000080000000, 0x00000000d1200000, 0x00000000d5580000)
  object space 1329152K, 13% used [0x0000000080000000,0x000000008b214f70,0x00000000d1200000)
 Metaspace       used 70232K, capacity 73266K, committed 73856K, reserved 1114112K
  class space    used 7611K, capacity 8135K, committed 8320K, reserved 1048576K
Event: 501.381 GC heap after
Heap after GC invocations=29 (full 4):
 PSYoungGen      total 414208K, used 146501K [0x00000000d5580000, 0x00000000ffb00000, 0x0000000100000000)
  eden space 267264K, 0% used [0x00000000d5580000,0x00000000d5580000,0x00000000e5a80000)
  from space 146944K, 99% used [0x00000000e5a80000,0x00000000ee9915d0,0x00000000eea00000)
  to   space 212480K, 0% used [0x00000000f2b80000,0x00000000f2b80000,0x00000000ffb00000)
 ParOldGen       total 1329152K, used 182355K [0x0000000080000000, 0x00000000d1200000, 0x00000000d5580000)
  object space 1329152K, 13% used [0x0000000080000000,0x000000008b214f70,0x00000000d1200000)
 Metaspace       used 70232K, capacity 73266K, committed 73856K, reserved 1114112K
  class space    used 7611K, capacity 8135K, committed 8320K, reserved 1048576K
}
Event: 521.147 GC heap before
{Heap before GC invocations=30 (full 4):
 PSYoungGen      total 414208K, used 413765K [0x00000000d5580000, 0x00000000ffb00000, 0x0000000100000000)
  eden space 267264K, 100% used [0x00000000d5580000,0x00000000e5a80000,0x00000000e5a80000)
  from space 146944K, 99% used [0x00000000e5a80000,0x00000000ee9915d0,0x00000000eea00000)
  to   space 212480K, 0% used [0x00000000f2b80000,0x00000000f2b80000,0x00000000ffb00000)
 ParOldGen       total 1329152K, used 182355K [0x0000000080000000, 0x00000000d1200000, 0x00000000d5580000)
  object space 1329152K, 13% used [0x0000000080000000,0x000000008b214f70,0x00000000d1200000)
 Metaspace       used 70278K, capacity 73282K, committed 73856K, reserved 1114112K
  class space    used 7611K, capacity 8135K, committed 8320K, reserved 1048576K
Event: 521.343 GC heap after
Heap after GC invocations=30 (full 4):
 PSYoungGen      total 482816K, used 151957K [0x00000000d5580000, 0x0000000100000000, 0x0000000100000000)
  eden space 270336K, 0% used [0x00000000d5580000,0x00000000d5580000,0x00000000e5d80000)
  from space 212480K, 71% used [0x00000000f2b80000,0x00000000fbfe57e0,0x00000000ffb00000)
  to   space 210944K, 0% used [0x00000000e5d80000,0x00000000e5d80000,0x00000000f2b80000)
 ParOldGen       total 1329152K, used 182363K [0x0000000080000000, 0x00000000d1200000, 0x00000000d5580000)
  object space 1329152K, 13% used [0x0000000080000000,0x000000008b216f70,0x00000000d1200000)
 Metaspace       used 70278K, capacity 73282K, committed 73856K, reserved 1114112K
  class space    used 7611K, capacity 8135K, committed 8320K, reserved 1048576K
}
Event: 541.476 GC heap before
{Heap before GC invocations=31 (full 4):
 PSYoungGen      total 482816K, used 422293K [0x00000000d5580000, 0x0000000100000000, 0x0000000100000000)
  eden space 270336K, 100% used [0x00000000d5580000,0x00000000e5d80000,0x00000000e5d80000)
  from space 212480K, 71% used [0x00000000f2b80000,0x00000000fbfe57e0,0x00000000ffb00000)
  to   space 210944K, 0% used [0x00000000e5d80000,0x00000000e5d80000,0x00000000f2b80000)
 ParOldGen       total 1329152K, used 182363K [0x0000000080000000, 0x00000000d1200000, 0x00000000d5580000)
  object space 1329152K, 13% used [0x0000000080000000,0x000000008b216f70,0x00000000d1200000)
 Metaspace       used 70328K, capacity 73350K, committed 73856K, reserved 1114112K
  class space    used 7612K, capacity 8135K, committed 8320K, reserved 1048576K
Event: 541.692 GC heap after
Heap after GC invocations=31 (full 4):
 PSYoungGen      total 481280K, used 151174K [0x00000000d5580000, 0x00000000ffb80000, 0x0000000100000000)
  eden space 270336K, 0% used [0x00000000d5580000,0x00000000d5580000,0x00000000e5d80000)
  from space 210944K, 71% used [0x00000000e5d80000,0x00000000ef1219e0,0x00000000f2b80000)
  to   space 209408K, 0% used [0x00000000f2f00000,0x00000000f2f00000,0x00000000ffb80000)
 ParOldGen       total 1329152K, used 182371K [0x0000000080000000, 0x00000000d1200000, 0x00000000d5580000)
  object space 1329152K, 13% used [0x0000000080000000,0x000000008b218f70,0x00000000d1200000)
 Metaspace       used 70328K, capacity 73350K, committed 73856K, reserved 1114112K
  class space    used 7612K, capacity 8135K, committed 8320K, reserved 1048576K
}

