# JRE version: OpenJDK Runtime Environment (8.0_212-b04) (build 1.8.0_212-b04)
# Java VM: OpenJDK 64-Bit Server VM (25.212-b04 mixed mode linux-amd64 compressed oops)
Heap:
 PSYoungGen      total 611840K, used 275230K [0x00000000d5580000, 0x0000000100000000, 0x0000000100000000)
  eden space 524800K, 47% used [0x00000000d5580000,0x00000000e4a4af90,0x00000000f5600000)
  from space 87040K, 28% used [0x00000000fab00000,0x00000000fc2fcc20,0x0000000100000000)
  to   space 87040K, 0% used [0x00000000f5600000,0x00000000f5600000,0x00000000fab00000)
 ParOldGen       total 1398272K, used 37647K [0x0000000080000000, 0x00000000d5580000, 0x00000000d5580000)
  object space 1398272K, 2% used [0x0000000080000000,0x00000000824c3f40,0x00000000d5580000)
 Metaspace       used 67797K, capacity 70756K, committed 71040K, reserved 1112064K
  class space    used 7663K, capacity 8198K, committed 8320K, reserved 1048576K
GC Heap History (10 events):
Event: 5.241 GC heap before
{Heap before GC invocations=3 (full 1):
 PSYoungGen      total 611840K, used 478638K [0x00000000d5580000, 0x0000000100000000, 0x0000000100000000)
  eden space 524800K, 91% used [0x00000000d5580000,0x00000000f28eb868,0x00000000f5600000)
  from space 87040K, 0% used [0x00000000f5600000,0x00000000f5600000,0x00000000fab00000)
  to   space 87040K, 0% used [0x00000000fab00000,0x00000000fab00000,0x0000000100000000)
 ParOldGen       total 855040K, used 13930K [0x0000000080000000, 0x00000000b4300000, 0x00000000d5580000)
  object space 855040K, 1% used [0x0000000080000000,0x0000000080d9aab8,0x00000000b4300000)
 Metaspace       used 34795K, capacity 35160K, committed 35416K, reserved 1081344K
  class space    used 3967K, capacity 4060K, committed 4096K, reserved 1048576K
Event: 5.289 GC heap after
Heap after GC invocations=3 (full 1):
 PSYoungGen      total 611840K, used 19241K [0x00000000d5580000, 0x0000000100000000, 0x0000000100000000)
  eden space 524800K, 0% used [0x00000000d5580000,0x00000000d5580000,0x00000000f5600000)
  from space 87040K, 22% used [0x00000000fab00000,0x00000000fbdca7b0,0x0000000100000000)
  to   space 87040K, 0% used [0x00000000f5600000,0x00000000f5600000,0x00000000fab00000)
 ParOldGen       total 855040K, used 13938K [0x0000000080000000, 0x00000000b4300000, 0x00000000d5580000)
  object space 855040K, 1% used [0x0000000080000000,0x0000000080d9cab8,0x00000000b4300000)
 Metaspace       used 34795K, capacity 35160K, committed 35416K, reserved 1081344K
  class space    used 3967K, capacity 4060K, committed 4096K, reserved 1048576K
}
Event: 5.289 GC heap before
{Heap before GC invocations=4 (full 2):
 PSYoungGen      total 611840K, used 19241K [0x00000000d5580000, 0x0000000100000000, 0x0000000100000000)
  eden space 524800K, 0% used [0x00000000d5580000,0x00000000d5580000,0x00000000f5600000)
  from space 87040K, 22% used [0x00000000fab00000,0x00000000fbdca7b0,0x0000000100000000)
  to   space 87040K, 0% used [0x00000000f5600000,0x00000000f5600000,0x00000000fab00000)
 ParOldGen       total 855040K, used 13938K [0x0000000080000000, 0x00000000b4300000, 0x00000000d5580000)
  object space 855040K, 1% used [0x0000000080000000,0x0000000080d9cab8,0x00000000b4300000)
 Metaspace       used 34795K, capacity 35160K, committed 35416K, reserved 1081344K
  class space    used 3967K, capacity 4060K, committed 4096K, reserved 1048576K
Event: 5.413 GC heap after
Heap after GC invocations=4 (full 2):
 PSYoungGen      total 611840K, used 0K [0x00000000d5580000, 0x0000000100000000, 0x0000000100000000)
  eden space 524800K, 0% used [0x00000000d5580000,0x00000000d5580000,0x00000000f5600000)
  from space 87040K, 0% used [0x00000000fab00000,0x00000000fab00000,0x0000000100000000)
  to   space 87040K, 0% used [0x00000000f5600000,0x00000000f5600000,0x00000000fab00000)
 ParOldGen       total 1398272K, used 23680K [0x0000000080000000, 0x00000000d5580000, 0x00000000d5580000)
  object space 1398272K, 1% used [0x0000000080000000,0x0000000081720278,0x00000000d5580000)
 Metaspace       used 34795K, capacity 35160K, committed 35416K, reserved 1081344K
  class space    used 3967K, capacity 4060K, committed 4096K, reserved 1048576K
}
Event: 21.564 GC heap before
{Heap before GC invocations=5 (full 2):
 PSYoungGen      total 611840K, used 339099K [0x00000000d5580000, 0x0000000100000000, 0x0000000100000000)
  eden space 524800K, 64% used [0x00000000d5580000,0x00000000ea0a6e08,0x00000000f5600000)
  from space 87040K, 0% used [0x00000000fab00000,0x00000000fab00000,0x0000000100000000)
  to   space 87040K, 0% used [0x00000000f5600000,0x00000000f5600000,0x00000000fab00000)
 ParOldGen       total 1398272K, used 23680K [0x0000000080000000, 0x00000000d5580000, 0x00000000d5580000)
  object space 1398272K, 1% used [0x0000000080000000,0x0000000081720278,0x00000000d5580000)
 Metaspace       used 57203K, capacity 58810K, committed 59008K, reserved 1101824K
  class space    used 6642K, capacity 6935K, committed 7040K, reserved 1048576K
Event: 21.611 GC heap after
Heap after GC invocations=5 (full 2):
 PSYoungGen      total 611840K, used 26839K [0x00000000d5580000, 0x0000000100000000, 0x0000000100000000)
  eden space 524800K, 0% used [0x00000000d5580000,0x00000000d5580000,0x00000000f5600000)
  from space 87040K, 30% used [0x00000000f5600000,0x00000000f7035e58,0x00000000fab00000)
  to   space 87040K, 0% used [0x00000000fab00000,0x00000000fab00000,0x0000000100000000)
 ParOldGen       total 1398272K, used 23688K [0x0000000080000000, 0x00000000d5580000, 0x00000000d5580000)
  object space 1398272K, 1% used [0x0000000080000000,0x0000000081722278,0x00000000d5580000)
 Metaspace       used 57203K, capacity 58810K, committed 59008K, reserved 1101824K
  class space    used 6642K, capacity 6935K, committed 7040K, reserved 1048576K
}
Event: 21.611 GC heap before
{Heap before GC invocations=6 (full 3):
 PSYoungGen      total 611840K, used 26839K [0x00000000d5580000, 0x0000000100000000, 0x0000000100000000)
  eden space 524800K, 0% used [0x00000000d5580000,0x00000000d5580000,0x00000000f5600000)
  from space 87040K, 30% used [0x00000000f5600000,0x00000000f7035e58,0x00000000fab00000)
  to   space 87040K, 0% used [0x00000000fab00000,0x00000000fab00000,0x0000000100000000)
 ParOldGen       total 1398272K, used 23688K [0x0000000080000000, 0x00000000d5580000, 0x00000000d5580000)
  object space 1398272K, 1% used [0x0000000080000000,0x0000000081722278,0x00000000d5580000)
 Metaspace       used 57203K, capacity 58810K, committed 59008K, reserved 1101824K
  class space    used 6642K, capacity 6935K, committed 7040K, reserved 1048576K
Event: 21.851 GC heap after
Heap after GC invocations=6 (full 3):
 PSYoungGen      total 611840K, used 0K [0x00000000d5580000, 0x0000000100000000, 0x0000000100000000)
  eden space 524800K, 0% used [0x00000000d5580000,0x00000000d5580000,0x00000000f5600000)
  from space 87040K, 0% used [0x00000000f5600000,0x00000000f5600000,0x00000000fab00000)
  to   space 87040K, 0% used [0x00000000fab00000,0x00000000fab00000,0x0000000100000000)
 ParOldGen       total 1398272K, used 37639K [0x0000000080000000, 0x00000000d5580000, 0x00000000d5580000)
  object space 1398272K, 2% used [0x0000000080000000,0x00000000824c1f40,0x00000000d5580000)
 Metaspace       used 57203K, capacity 58810K, committed 59008K, reserved 1101824K
  class space    used 6642K, capacity 6935K, committed 7040K, reserved 1048576K
}
Event: 135.997 GC heap before
{Heap before GC invocations=7 (full 3):
 PSYoungGen      total 611840K, used 524800K [0x00000000d5580000, 0x0000000100000000, 0x0000000100000000)
  eden space 524800K, 100% used [0x00000000d5580000,0x00000000f5600000,0x00000000f5600000)
  from space 87040K, 0% used [0x00000000f5600000,0x00000000f5600000,0x00000000fab00000)
  to   space 87040K, 0% used [0x00000000fab00000,0x00000000fab00000,0x0000000100000000)
 ParOldGen       total 1398272K, used 37639K [0x0000000080000000, 0x00000000d5580000, 0x00000000d5580000)
  object space 1398272K, 2% used [0x0000000080000000,0x00000000824c1f40,0x00000000d5580000)
 Metaspace       used 66373K, capacity 68854K, committed 68992K, reserved 1110016K
  class space    used 7513K, capacity 7983K, committed 8064K, reserved 1048576K
Event: 136.064 GC heap after
Heap after GC invocations=7 (full 3):
 PSYoungGen      total 611840K, used 24563K [0x00000000d5580000, 0x0000000100000000, 0x0000000100000000)
  eden space 524800K, 0% used [0x00000000d5580000,0x00000000d5580000,0x00000000f5600000)
  from space 87040K, 28% used [0x00000000fab00000,0x00000000fc2fcc20,0x0000000100000000)
  to   space 87040K, 0% used [0x00000000f5600000,0x00000000f5600000,0x00000000fab00000)
 ParOldGen       total 1398272K, used 37647K [0x0000000080000000, 0x00000000d5580000, 0x00000000d5580000)
  object space 1398272K, 2% used [0x0000000080000000,0x00000000824c3f40,0x00000000d5580000)
 Metaspace       used 66373K, capacity 68854K, committed 68992K, reserved 1110016K
  class space    used 7513K, capacity 7983K, committed 8064K, reserved 1048576K
}

