# JRE version: OpenJDK Runtime Environment (8.0_212-b04) (build 1.8.0_212-b04)
# Java VM: OpenJDK 64-Bit Server VM (25.212-b04 mixed mode linux-amd64 compressed oops)
Heap:
 PSYoungGen      total 545280K, used 236427K [0x00000000d5580000, 0x00000000fab80000, 0x0000000100000000)
  eden space 524800K, 45% used [0x00000000d5580000,0x00000000e3c62f30,0x00000000f5600000)
  from space 20480K, 0% used [0x00000000f5600000,0x00000000f5600000,0x00000000f6a00000)
  to   space 26624K, 0% used [0x00000000f9180000,0x00000000f9180000,0x00000000fab80000)
 ParOldGen       total 1398272K, used 31897K [0x0000000080000000, 0x00000000d5580000, 0x00000000d5580000)
  object space 1398272K, 2% used [0x0000000080000000,0x0000000081f26670,0x00000000d5580000)
 Metaspace       used 64324K, capacity 66814K, committed 67072K, reserved 1107968K
  class space    used 7451K, capacity 7909K, committed 7936K, reserved 1048576K
GC Heap History (10 events):
Event: 4.409 GC heap before
{Heap before GC invocations=4 (full 1):
 PSYoungGen      total 611840K, used 46854K [0x00000000d5580000, 0x0000000100000000, 0x0000000100000000)
  eden space 524800K, 5% used [0x00000000d5580000,0x00000000d70a1d90,0x00000000f5600000)
  from space 87040K, 21% used [0x00000000fab00000,0x00000000fbd9fb48,0x0000000100000000)
  to   space 87040K, 0% used [0x00000000f5600000,0x00000000f5600000,0x00000000fab00000)
 ParOldGen       total 881664K, used 14249K [0x0000000080000000, 0x00000000b5d00000, 0x00000000d5580000)
  object space 881664K, 1% used [0x0000000080000000,0x0000000080dea530,0x00000000b5d00000)
 Metaspace       used 35018K, capacity 35380K, committed 35748K, reserved 1081344K
  class space    used 4003K, capacity 4092K, committed 4096K, reserved 1048576K
Event: 4.422 GC heap after
Heap after GC invocations=4 (full 1):
 PSYoungGen      total 611840K, used 8046K [0x00000000d5580000, 0x0000000100000000, 0x0000000100000000)
  eden space 524800K, 0% used [0x00000000d5580000,0x00000000d5580000,0x00000000f5600000)
  from space 87040K, 9% used [0x00000000f5600000,0x00000000f5ddb958,0x00000000fab00000)
  to   space 87040K, 0% used [0x00000000fab00000,0x00000000fab00000,0x0000000100000000)
 ParOldGen       total 881664K, used 14249K [0x0000000080000000, 0x00000000b5d00000, 0x00000000d5580000)
  object space 881664K, 1% used [0x0000000080000000,0x0000000080dea530,0x00000000b5d00000)
 Metaspace       used 35018K, capacity 35380K, committed 35748K, reserved 1081344K
  class space    used 4003K, capacity 4092K, committed 4096K, reserved 1048576K
}
Event: 4.422 GC heap before
{Heap before GC invocations=5 (full 2):
 PSYoungGen      total 611840K, used 8046K [0x00000000d5580000, 0x0000000100000000, 0x0000000100000000)
  eden space 524800K, 0% used [0x00000000d5580000,0x00000000d5580000,0x00000000f5600000)
  from space 87040K, 9% used [0x00000000f5600000,0x00000000f5ddb958,0x00000000fab00000)
  to   space 87040K, 0% used [0x00000000fab00000,0x00000000fab00000,0x0000000100000000)
 ParOldGen       total 881664K, used 14249K [0x0000000080000000, 0x00000000b5d00000, 0x00000000d5580000)
  object space 881664K, 1% used [0x0000000080000000,0x0000000080dea530,0x00000000b5d00000)
 Metaspace       used 35018K, capacity 35380K, committed 35748K, reserved 1081344K
  class space    used 4003K, capacity 4092K, committed 4096K, reserved 1048576K
Event: 4.502 GC heap after
Heap after GC invocations=5 (full 2):
 PSYoungGen      total 611840K, used 0K [0x00000000d5580000, 0x0000000100000000, 0x0000000100000000)
  eden space 524800K, 0% used [0x00000000d5580000,0x00000000d5580000,0x00000000f5600000)
  from space 87040K, 0% used [0x00000000f5600000,0x00000000f5600000,0x00000000fab00000)
  to   space 87040K, 0% used [0x00000000fab00000,0x00000000fab00000,0x0000000100000000)
 ParOldGen       total 1233920K, used 13400K [0x0000000080000000, 0x00000000cb500000, 0x00000000d5580000)
  object space 1233920K, 1% used [0x0000000080000000,0x0000000080d161d8,0x00000000cb500000)
 Metaspace       used 35018K, capacity 35380K, committed 35748K, reserved 1081344K
  class space    used 4003K, capacity 4092K, committed 4096K, reserved 1048576K
}
Event: 10.060 GC heap before
{Heap before GC invocations=6 (full 2):
 PSYoungGen      total 611840K, used 524800K [0x00000000d5580000, 0x0000000100000000, 0x0000000100000000)
  eden space 524800K, 100% used [0x00000000d5580000,0x00000000f5600000,0x00000000f5600000)
  from space 87040K, 0% used [0x00000000f5600000,0x00000000f5600000,0x00000000fab00000)
  to   space 87040K, 0% used [0x00000000fab00000,0x00000000fab00000,0x0000000100000000)
 ParOldGen       total 1233920K, used 13400K [0x0000000080000000, 0x00000000cb500000, 0x00000000d5580000)
  object space 1233920K, 1% used [0x0000000080000000,0x0000000080d161d8,0x00000000cb500000)
 Metaspace       used 49629K, capacity 50674K, committed 50944K, reserved 1093632K
  class space    used 5839K, capacity 6053K, committed 6144K, reserved 1048576K
Event: 10.086 GC heap after
Heap after GC invocations=6 (full 2):
 PSYoungGen      total 611840K, used 20156K [0x00000000d5580000, 0x0000000100000000, 0x0000000100000000)
  eden space 524800K, 0% used [0x00000000d5580000,0x00000000d5580000,0x00000000f5600000)
  from space 87040K, 23% used [0x00000000fab00000,0x00000000fbeaf210,0x0000000100000000)
  to   space 87040K, 0% used [0x00000000f5600000,0x00000000f5600000,0x00000000fab00000)
 ParOldGen       total 1233920K, used 13408K [0x0000000080000000, 0x00000000cb500000, 0x00000000d5580000)
  object space 1233920K, 1% used [0x0000000080000000,0x0000000080d181d8,0x00000000cb500000)
 Metaspace       used 49629K, capacity 50674K, committed 50944K, reserved 1093632K
  class space    used 5839K, capacity 6053K, committed 6144K, reserved 1048576K
}
Event: 11.596 GC heap before
{Heap before GC invocations=7 (full 2):
 PSYoungGen      total 611840K, used 239524K [0x00000000d5580000, 0x0000000100000000, 0x0000000100000000)
  eden space 524800K, 41% used [0x00000000d5580000,0x00000000e2bb9f78,0x00000000f5600000)
  from space 87040K, 23% used [0x00000000fab00000,0x00000000fbeaf210,0x0000000100000000)
  to   space 87040K, 0% used [0x00000000f5600000,0x00000000f5600000,0x00000000fab00000)
 ParOldGen       total 1233920K, used 13408K [0x0000000080000000, 0x00000000cb500000, 0x00000000d5580000)
  object space 1233920K, 1% used [0x0000000080000000,0x0000000080d181d8,0x00000000cb500000)
 Metaspace       used 58093K, capacity 59476K, committed 59520K, reserved 1101824K
  class space    used 6742K, capacity 7030K, committed 7040K, reserved 1048576K
Event: 11.633 GC heap after
Heap after GC invocations=7 (full 2):
 PSYoungGen      total 545280K, used 20147K [0x00000000d5580000, 0x00000000fab80000, 0x0000000100000000)
  eden space 524800K, 0% used [0x00000000d5580000,0x00000000d5580000,0x00000000f5600000)
  from space 20480K, 98% used [0x00000000f5600000,0x00000000f69acca0,0x00000000f6a00000)
  to   space 26624K, 0% used [0x00000000f9180000,0x00000000f9180000,0x00000000fab80000)
 ParOldGen       total 1233920K, used 13416K [0x0000000080000000, 0x00000000cb500000, 0x00000000d5580000)
  object space 1233920K, 1% used [0x0000000080000000,0x0000000080d1a1d8,0x00000000cb500000)
 Metaspace       used 58093K, capacity 59476K, committed 59520K, reserved 1101824K
  class space    used 6742K, capacity 7030K, committed 7040K, reserved 1048576K
}
Event: 11.633 GC heap before
{Heap before GC invocations=8 (full 3):
 PSYoungGen      total 545280K, used 20147K [0x00000000d5580000, 0x00000000fab80000, 0x0000000100000000)
  eden space 524800K, 0% used [0x00000000d5580000,0x00000000d5580000,0x00000000f5600000)
  from space 20480K, 98% used [0x00000000f5600000,0x00000000f69acca0,0x00000000f6a00000)
  to   space 26624K, 0% used [0x00000000f9180000,0x00000000f9180000,0x00000000fab80000)
 ParOldGen       total 1233920K, used 13416K [0x0000000080000000, 0x00000000cb500000, 0x00000000d5580000)
  object space 1233920K, 1% used [0x0000000080000000,0x0000000080d1a1d8,0x00000000cb500000)
 Metaspace       used 58093K, capacity 59476K, committed 59520K, reserved 1101824K
  class space    used 6742K, capacity 7030K, committed 7040K, reserved 1048576K
Event: 11.883 GC heap after
Heap after GC invocations=8 (full 3):
 PSYoungGen      total 545280K, used 0K [0x00000000d5580000, 0x00000000fab80000, 0x0000000100000000)
  eden space 524800K, 0% used [0x00000000d5580000,0x00000000d5580000,0x00000000f5600000)
  from space 20480K, 0% used [0x00000000f5600000,0x00000000f5600000,0x00000000f6a00000)
  to   space 26624K, 0% used [0x00000000f9180000,0x00000000f9180000,0x00000000fab80000)
 ParOldGen       total 1398272K, used 31897K [0x0000000080000000, 0x00000000d5580000, 0x00000000d5580000)
  object space 1398272K, 2% used [0x0000000080000000,0x0000000081f26670,0x00000000d5580000)
 Metaspace       used 58067K, capacity 59414K, committed 59520K, reserved 1101824K
  class space    used 6732K, capacity 7013K, committed 7040K, reserved 1048576K
}

