# JRE version: OpenJDK Runtime Environment (8.0_212-b04) (build 1.8.0_212-b04)
# Java VM: OpenJDK 64-Bit Server VM (25.212-b04 mixed mode linux-amd64 compressed oops)
Heap:
 PSYoungGen      total 611840K, used 463006K [0x00000000d5580000, 0x0000000100000000, 0x0000000100000000)
  eden space 524800K, 88% used [0x00000000d5580000,0x00000000f19a79b8,0x00000000f5600000)
  from space 87040K, 0% used [0x00000000fab00000,0x00000000fab00000,0x0000000100000000)
  to   space 87040K, 0% used [0x00000000f5600000,0x00000000f5600000,0x00000000fab00000)
 ParOldGen       total 1398272K, used 24554K [0x0000000080000000, 0x00000000d5580000, 0x00000000d5580000)
  object space 1398272K, 1% used [0x0000000080000000,0x00000000817fabb8,0x00000000d5580000)
 Metaspace       used 61270K, capacity 63420K, committed 63616K, reserved 1105920K
  class space    used 7077K, capacity 7480K, committed 7552K, reserved 1048576K
GC Heap History (10 events):
Event: 4.290 GC heap before
{Heap before GC invocations=3 (full 1):
 PSYoungGen      total 611840K, used 469965K [0x00000000d5580000, 0x0000000100000000, 0x0000000100000000)
  eden space 524800K, 89% used [0x00000000d5580000,0x00000000f2073480,0x00000000f5600000)
  from space 87040K, 0% used [0x00000000f5600000,0x00000000f5600000,0x00000000fab00000)
  to   space 87040K, 0% used [0x00000000fab00000,0x00000000fab00000,0x0000000100000000)
 ParOldGen       total 889344K, used 14263K [0x0000000080000000, 0x00000000b6480000, 0x00000000d5580000)
  object space 889344K, 1% used [0x0000000080000000,0x0000000080dedff8,0x00000000b6480000)
 Metaspace       used 34807K, capacity 35188K, committed 35416K, reserved 1081344K
  class space    used 3977K, capacity 4092K, committed 4096K, reserved 1048576K
Event: 4.318 GC heap after
Heap after GC invocations=3 (full 1):
 PSYoungGen      total 611840K, used 19418K [0x00000000d5580000, 0x0000000100000000, 0x0000000100000000)
  eden space 524800K, 0% used [0x00000000d5580000,0x00000000d5580000,0x00000000f5600000)
  from space 87040K, 22% used [0x00000000fab00000,0x00000000fbdf69c0,0x0000000100000000)
  to   space 87040K, 0% used [0x00000000f5600000,0x00000000f5600000,0x00000000fab00000)
 ParOldGen       total 889344K, used 14271K [0x0000000080000000, 0x00000000b6480000, 0x00000000d5580000)
  object space 889344K, 1% used [0x0000000080000000,0x0000000080defff8,0x00000000b6480000)
 Metaspace       used 34807K, capacity 35188K, committed 35416K, reserved 1081344K
  class space    used 3977K, capacity 4092K, committed 4096K, reserved 1048576K
}
Event: 4.318 GC heap before
{Heap before GC invocations=4 (full 2):
 PSYoungGen      total 611840K, used 19418K [0x00000000d5580000, 0x0000000100000000, 0x0000000100000000)
  eden space 524800K, 0% used [0x00000000d5580000,0x00000000d5580000,0x00000000f5600000)
  from space 87040K, 22% used [0x00000000fab00000,0x00000000fbdf69c0,0x0000000100000000)
  to   space 87040K, 0% used [0x00000000f5600000,0x00000000f5600000,0x00000000fab00000)
 ParOldGen       total 889344K, used 14271K [0x0000000080000000, 0x00000000b6480000, 0x00000000d5580000)
  object space 889344K, 1% used [0x0000000080000000,0x0000000080defff8,0x00000000b6480000)
 Metaspace       used 34807K, capacity 35188K, committed 35416K, reserved 1081344K
  class space    used 3977K, capacity 4092K, committed 4096K, reserved 1048576K
Event: 4.404 GC heap after
Heap after GC invocations=4 (full 2):
 PSYoungGen      total 611840K, used 0K [0x00000000d5580000, 0x0000000100000000, 0x0000000100000000)
  eden space 524800K, 0% used [0x00000000d5580000,0x00000000d5580000,0x00000000f5600000)
  from space 87040K, 0% used [0x00000000fab00000,0x00000000fab00000,0x0000000100000000)
  to   space 87040K, 0% used [0x00000000f5600000,0x00000000f5600000,0x00000000fab00000)
 ParOldGen       total 1398272K, used 23894K [0x0000000080000000, 0x00000000d5580000, 0x00000000d5580000)
  object space 1398272K, 1% used [0x0000000080000000,0x0000000081755b70,0x00000000d5580000)
 Metaspace       used 34807K, capacity 35188K, committed 35416K, reserved 1081344K
  class space    used 3977K, capacity 4092K, committed 4096K, reserved 1048576K
}
Event: 10.909 GC heap before
{Heap before GC invocations=5 (full 2):
 PSYoungGen      total 611840K, used 524800K [0x00000000d5580000, 0x0000000100000000, 0x0000000100000000)
  eden space 524800K, 100% used [0x00000000d5580000,0x00000000f5600000,0x00000000f5600000)
  from space 87040K, 0% used [0x00000000fab00000,0x00000000fab00000,0x0000000100000000)
  to   space 87040K, 0% used [0x00000000f5600000,0x00000000f5600000,0x00000000fab00000)
 ParOldGen       total 1398272K, used 23894K [0x0000000080000000, 0x00000000d5580000, 0x00000000d5580000)
  object space 1398272K, 1% used [0x0000000080000000,0x0000000081755b70,0x00000000d5580000)
 Metaspace       used 55987K, capacity 57294K, committed 57472K, reserved 1099776K
  class space    used 6507K, capacity 6739K, committed 6784K, reserved 1048576K
Event: 10.946 GC heap after
Heap after GC invocations=5 (full 2):
 PSYoungGen      total 611840K, used 28488K [0x00000000d5580000, 0x0000000100000000, 0x0000000100000000)
  eden space 524800K, 0% used [0x00000000d5580000,0x00000000d5580000,0x00000000f5600000)
  from space 87040K, 32% used [0x00000000f5600000,0x00000000f71d2110,0x00000000fab00000)
  to   space 87040K, 0% used [0x00000000fab00000,0x00000000fab00000,0x0000000100000000)
 ParOldGen       total 1398272K, used 23902K [0x0000000080000000, 0x00000000d5580000, 0x00000000d5580000)
  object space 1398272K, 1% used [0x0000000080000000,0x0000000081757b70,0x00000000d5580000)
 Metaspace       used 55987K, capacity 57294K, committed 57472K, reserved 1099776K
  class space    used 6507K, capacity 6739K, committed 6784K, reserved 1048576K
}
Event: 11.180 GC heap before
{Heap before GC invocations=6 (full 2):
 PSYoungGen      total 611840K, used 66666K [0x00000000d5580000, 0x0000000100000000, 0x0000000100000000)
  eden space 524800K, 7% used [0x00000000d5580000,0x00000000d7ac8a28,0x00000000f5600000)
  from space 87040K, 32% used [0x00000000f5600000,0x00000000f71d2110,0x00000000fab00000)
  to   space 87040K, 0% used [0x00000000fab00000,0x00000000fab00000,0x0000000100000000)
 ParOldGen       total 1398272K, used 23902K [0x0000000080000000, 0x00000000d5580000, 0x00000000d5580000)
  object space 1398272K, 1% used [0x0000000080000000,0x0000000081757b70,0x00000000d5580000)
 Metaspace       used 57539K, capacity 58876K, committed 59008K, reserved 1101824K
  class space    used 6697K, capacity 6962K, committed 7040K, reserved 1048576K
Event: 11.195 GC heap after
Heap after GC invocations=6 (full 2):
 PSYoungGen      total 611840K, used 12323K [0x00000000d5580000, 0x0000000100000000, 0x0000000100000000)
  eden space 524800K, 0% used [0x00000000d5580000,0x00000000d5580000,0x00000000f5600000)
  from space 87040K, 14% used [0x00000000fab00000,0x00000000fb708c78,0x0000000100000000)
  to   space 87040K, 0% used [0x00000000f5600000,0x00000000f5600000,0x00000000fab00000)
 ParOldGen       total 1398272K, used 23902K [0x0000000080000000, 0x00000000d5580000, 0x00000000d5580000)
  object space 1398272K, 1% used [0x0000000080000000,0x0000000081757b70,0x00000000d5580000)
 Metaspace       used 57539K, capacity 58876K, committed 59008K, reserved 1101824K
  class space    used 6697K, capacity 6962K, committed 7040K, reserved 1048576K
}
Event: 11.195 GC heap before
{Heap before GC invocations=7 (full 3):
 PSYoungGen      total 611840K, used 12323K [0x00000000d5580000, 0x0000000100000000, 0x0000000100000000)
  eden space 524800K, 0% used [0x00000000d5580000,0x00000000d5580000,0x00000000f5600000)
  from space 87040K, 14% used [0x00000000fab00000,0x00000000fb708c78,0x0000000100000000)
  to   space 87040K, 0% used [0x00000000f5600000,0x00000000f5600000,0x00000000fab00000)
 ParOldGen       total 1398272K, used 23902K [0x0000000080000000, 0x00000000d5580000, 0x00000000d5580000)
  object space 1398272K, 1% used [0x0000000080000000,0x0000000081757b70,0x00000000d5580000)
 Metaspace       used 57539K, capacity 58876K, committed 59008K, reserved 1101824K
  class space    used 6697K, capacity 6962K, committed 7040K, reserved 1048576K
Event: 11.364 GC heap after
Heap after GC invocations=7 (full 3):
 PSYoungGen      total 611840K, used 0K [0x00000000d5580000, 0x0000000100000000, 0x0000000100000000)
  eden space 524800K, 0% used [0x00000000d5580000,0x00000000d5580000,0x00000000f5600000)
  from space 87040K, 0% used [0x00000000fab00000,0x00000000fab00000,0x0000000100000000)
  to   space 87040K, 0% used [0x00000000f5600000,0x00000000f5600000,0x00000000fab00000)
 ParOldGen       total 1398272K, used 24554K [0x0000000080000000, 0x00000000d5580000, 0x00000000d5580000)
  object space 1398272K, 1% used [0x0000000080000000,0x00000000817fabb8,0x00000000d5580000)
 Metaspace       used 57514K, capacity 58816K, committed 59008K, reserved 1101824K
  class space    used 6688K, capacity 6946K, committed 7040K, reserved 1048576K
}

