# JRE version: OpenJDK Runtime Environment (8.0_212-b04) (build 1.8.0_212-b04)
# Java VM: OpenJDK 64-Bit Server VM (25.212-b04 mixed mode linux-amd64 compressed oops)
Heap:
 PSYoungGen      total 599552K, used 107965K [0x00000000d5580000, 0x00000000ff800000, 0x0000000100000000)
  eden space 545280K, 13% used [0x00000000d5580000,0x00000000d9b9db80,0x00000000f6a00000)
  from space 54272K, 66% used [0x00000000fab00000,0x00000000fce51940,0x00000000fe000000)
  to   space 66560K, 0% used [0x00000000f6a00000,0x00000000f6a00000,0x00000000fab00000)
 ParOldGen       total 1398272K, used 34499K [0x0000000080000000, 0x00000000d5580000, 0x00000000d5580000)
  object space 1398272K, 2% used [0x0000000080000000,0x00000000821b0db8,0x00000000d5580000)
 Metaspace       used 81200K, capacity 84868K, committed 85120K, reserved 1124352K
  class space    used 9202K, capacity 9852K, committed 9856K, reserved 1048576K
GC Heap History (10 events):
Event: 7.161 GC heap before
{Heap before GC invocations=5 (full 2):
 PSYoungGen      total 611840K, used 524800K [0x00000000d5580000, 0x0000000100000000, 0x0000000100000000)
  eden space 524800K, 100% used [0x00000000d5580000,0x00000000f5600000,0x00000000f5600000)
  from space 87040K, 0% used [0x00000000fab00000,0x00000000fab00000,0x0000000100000000)
  to   space 87040K, 0% used [0x00000000f5600000,0x00000000f5600000,0x00000000fab00000)
 ParOldGen       total 1398272K, used 24291K [0x0000000080000000, 0x00000000d5580000, 0x00000000d5580000)
  object space 1398272K, 1% used [0x0000000080000000,0x00000000817b8e38,0x00000000d5580000)
 Metaspace       used 49385K, capacity 50210K, committed 50432K, reserved 1093632K
  class space    used 5882K, capacity 6085K, committed 6144K, reserved 1048576K
Event: 7.199 GC heap after
Heap after GC invocations=5 (full 2):
 PSYoungGen      total 611840K, used 20417K [0x00000000d5580000, 0x0000000100000000, 0x0000000100000000)
  eden space 524800K, 0% used [0x00000000d5580000,0x00000000d5580000,0x00000000f5600000)
  from space 87040K, 23% used [0x00000000f5600000,0x00000000f69f0408,0x00000000fab00000)
  to   space 87040K, 0% used [0x00000000fab00000,0x00000000fab00000,0x0000000100000000)
 ParOldGen       total 1398272K, used 24291K [0x0000000080000000, 0x00000000d5580000, 0x00000000d5580000)
  object space 1398272K, 1% used [0x0000000080000000,0x00000000817b8e38,0x00000000d5580000)
 Metaspace       used 49385K, capacity 50210K, committed 50432K, reserved 1093632K
  class space    used 5882K, capacity 6085K, committed 6144K, reserved 1048576K
}
Event: 11.632 GC heap before
{Heap before GC invocations=6 (full 2):
 PSYoungGen      total 611840K, used 329400K [0x00000000d5580000, 0x0000000100000000, 0x0000000100000000)
  eden space 524800K, 58% used [0x00000000d5580000,0x00000000e833dfa8,0x00000000f5600000)
  from space 87040K, 23% used [0x00000000f5600000,0x00000000f69f0408,0x00000000fab00000)
  to   space 87040K, 0% used [0x00000000fab00000,0x00000000fab00000,0x0000000100000000)
 ParOldGen       total 1398272K, used 24291K [0x0000000080000000, 0x00000000d5580000, 0x00000000d5580000)
  object space 1398272K, 1% used [0x0000000080000000,0x00000000817b8e38,0x00000000d5580000)
 Metaspace       used 57786K, capacity 58988K, committed 59028K, reserved 1101824K
  class space    used 6948K, capacity 7168K, committed 7168K, reserved 1048576K
Event: 11.663 GC heap after
Heap after GC invocations=6 (full 2):
 PSYoungGen      total 611840K, used 19972K [0x00000000d5580000, 0x0000000100000000, 0x0000000100000000)
  eden space 524800K, 0% used [0x00000000d5580000,0x00000000d5580000,0x00000000f5600000)
  from space 87040K, 22% used [0x00000000fab00000,0x00000000fbe81398,0x0000000100000000)
  to   space 87040K, 0% used [0x00000000f5600000,0x00000000f5600000,0x00000000fab00000)
 ParOldGen       total 1398272K, used 24299K [0x0000000080000000, 0x00000000d5580000, 0x00000000d5580000)
  object space 1398272K, 1% used [0x0000000080000000,0x00000000817bae38,0x00000000d5580000)
 Metaspace       used 57786K, capacity 58988K, committed 59028K, reserved 1101824K
  class space    used 6948K, capacity 7168K, committed 7168K, reserved 1048576K
}
Event: 11.663 GC heap before
{Heap before GC invocations=7 (full 3):
 PSYoungGen      total 611840K, used 19972K [0x00000000d5580000, 0x0000000100000000, 0x0000000100000000)
  eden space 524800K, 0% used [0x00000000d5580000,0x00000000d5580000,0x00000000f5600000)
  from space 87040K, 22% used [0x00000000fab00000,0x00000000fbe81398,0x0000000100000000)
  to   space 87040K, 0% used [0x00000000f5600000,0x00000000f5600000,0x00000000fab00000)
 ParOldGen       total 1398272K, used 24299K [0x0000000080000000, 0x00000000d5580000, 0x00000000d5580000)
  object space 1398272K, 1% used [0x0000000080000000,0x00000000817bae38,0x00000000d5580000)
 Metaspace       used 57786K, capacity 58988K, committed 59028K, reserved 1101824K
  class space    used 6948K, capacity 7168K, committed 7168K, reserved 1048576K
Event: 11.927 GC heap after
Heap after GC invocations=7 (full 3):
 PSYoungGen      total 611840K, used 0K [0x00000000d5580000, 0x0000000100000000, 0x0000000100000000)
  eden space 524800K, 0% used [0x00000000d5580000,0x00000000d5580000,0x00000000f5600000)
  from space 87040K, 0% used [0x00000000fab00000,0x00000000fab00000,0x0000000100000000)
  to   space 87040K, 0% used [0x00000000f5600000,0x00000000f5600000,0x00000000fab00000)
 ParOldGen       total 1398272K, used 32484K [0x0000000080000000, 0x00000000d5580000, 0x00000000d5580000)
  object space 1398272K, 2% used [0x0000000080000000,0x0000000081fb9140,0x00000000d5580000)
 Metaspace       used 57719K, capacity 58824K, committed 59028K, reserved 1101824K
  class space    used 6924K, capacity 7126K, committed 7168K, reserved 1048576K
}
Event: 21.465 GC heap before
{Heap before GC invocations=8 (full 3):
 PSYoungGen      total 611840K, used 524800K [0x00000000d5580000, 0x0000000100000000, 0x0000000100000000)
  eden space 524800K, 100% used [0x00000000d5580000,0x00000000f5600000,0x00000000f5600000)
  from space 87040K, 0% used [0x00000000fab00000,0x00000000fab00000,0x0000000100000000)
  to   space 87040K, 0% used [0x00000000f5600000,0x00000000f5600000,0x00000000fab00000)
 ParOldGen       total 1398272K, used 32484K [0x0000000080000000, 0x00000000d5580000, 0x00000000d5580000)
  object space 1398272K, 2% used [0x0000000080000000,0x0000000081fb9140,0x00000000d5580000)
 Metaspace       used 76539K, capacity 79394K, committed 79616K, reserved 1120256K
  class space    used 8917K, capacity 9455K, committed 9472K, reserved 1048576K
Event: 21.560 GC heap after
Heap after GC invocations=8 (full 3):
 PSYoungGen      total 611840K, used 87019K [0x00000000d5580000, 0x00000000fe000000, 0x0000000100000000)
  eden space 524800K, 0% used [0x00000000d5580000,0x00000000d5580000,0x00000000f5600000)
  from space 87040K, 99% used [0x00000000f5600000,0x00000000faafae88,0x00000000fab00000)
  to   space 54272K, 0% used [0x00000000fab00000,0x00000000fab00000,0x00000000fe000000)
 ParOldGen       total 1398272K, used 34475K [0x0000000080000000, 0x00000000d5580000, 0x00000000d5580000)
  object space 1398272K, 2% used [0x0000000080000000,0x00000000821aac98,0x00000000d5580000)
 Metaspace       used 76539K, capacity 79394K, committed 79616K, reserved 1120256K
  class space    used 8917K, capacity 9455K, committed 9472K, reserved 1048576K
}
Event: 27.329 GC heap before
{Heap before GC invocations=9 (full 3):
 PSYoungGen      total 611840K, used 609020K [0x00000000d5580000, 0x00000000fe000000, 0x0000000100000000)
  eden space 524800K, 99% used [0x00000000d5580000,0x00000000f53442b0,0x00000000f5600000)
  from space 87040K, 99% used [0x00000000f5600000,0x00000000faafae88,0x00000000fab00000)
  to   space 54272K, 0% used [0x00000000fab00000,0x00000000fab00000,0x00000000fe000000)
 ParOldGen       total 1398272K, used 34475K [0x0000000080000000, 0x00000000d5580000, 0x00000000d5580000)
  object space 1398272K, 2% used [0x0000000080000000,0x00000000821aac98,0x00000000d5580000)
 Metaspace       used 81077K, capacity 84732K, committed 84864K, reserved 1124352K
  class space    used 9194K, capacity 9814K, committed 9856K, reserved 1048576K
Event: 27.376 GC heap after
Heap after GC invocations=9 (full 3):
 PSYoungGen      total 599552K, used 36166K [0x00000000d5580000, 0x00000000ff800000, 0x0000000100000000)
  eden space 545280K, 0% used [0x00000000d5580000,0x00000000d5580000,0x00000000f6a00000)
  from space 54272K, 66% used [0x00000000fab00000,0x00000000fce51940,0x00000000fe000000)
  to   space 66560K, 0% used [0x00000000f6a00000,0x00000000f6a00000,0x00000000fab00000)
 ParOldGen       total 1398272K, used 34499K [0x0000000080000000, 0x00000000d5580000, 0x00000000d5580000)
  object space 1398272K, 2% used [0x0000000080000000,0x00000000821b0db8,0x00000000d5580000)
 Metaspace       used 81077K, capacity 84732K, committed 84864K, reserved 1124352K
  class space    used 9194K, capacity 9814K, committed 9856K, reserved 1048576K
}

