# JRE version: OpenJDK Runtime Environment (8.0_212-b04) (build 1.8.0_212-b04)
# Java VM: OpenJDK 64-Bit Server VM (25.212-b04 mixed mode linux-amd64 compressed oops)
Heap:
 PSYoungGen      total 611840K, used 401613K [0x00000000d5580000, 0x0000000100000000, 0x0000000100000000)
  eden space 524800K, 59% used [0x00000000d5580000,0x00000000e88b9758,0x00000000f5600000)
  from space 87040K, 99% used [0x00000000f5600000,0x00000000faafa058,0x00000000fab00000)
  to   space 87040K, 0% used [0x00000000fab00000,0x00000000fab00000,0x0000000100000000)
 ParOldGen       total 1398272K, used 119129K [0x0000000080000000, 0x00000000d5580000, 0x00000000d5580000)
  object space 1398272K, 8% used [0x0000000080000000,0x0000000087456728,0x00000000d5580000)
 Metaspace       used 70362K, capacity 73714K, committed 73984K, reserved 1114112K
  class space    used 7743K, capacity 8355K, committed 8448K, reserved 1048576K
GC Heap History (10 events):
Event: 3.942 GC heap before
{Heap before GC invocations=4 (full 2):
 PSYoungGen      total 611840K, used 19278K [0x00000000d5580000, 0x0000000100000000, 0x0000000100000000)
  eden space 524800K, 0% used [0x00000000d5580000,0x00000000d5580000,0x00000000f5600000)
  from space 87040K, 22% used [0x00000000fab00000,0x00000000fbdd3a00,0x0000000100000000)
  to   space 87040K, 0% used [0x00000000f5600000,0x00000000f5600000,0x00000000fab00000)
 ParOldGen       total 881664K, used 13750K [0x0000000080000000, 0x00000000b5d00000, 0x00000000d5580000)
  object space 881664K, 1% used [0x0000000080000000,0x0000000080d6dbb8,0x00000000b5d00000)
 Metaspace       used 34825K, capacity 35188K, committed 35416K, reserved 1081344K
  class space    used 3979K, capacity 4092K, committed 4096K, reserved 1048576K
Event: 4.040 GC heap after
Heap after GC invocations=4 (full 2):
 PSYoungGen      total 611840K, used 0K [0x00000000d5580000, 0x0000000100000000, 0x0000000100000000)
  eden space 524800K, 0% used [0x00000000d5580000,0x00000000d5580000,0x00000000f5600000)
  from space 87040K, 0% used [0x00000000fab00000,0x00000000fab00000,0x0000000100000000)
  to   space 87040K, 0% used [0x00000000f5600000,0x00000000f5600000,0x00000000fab00000)
 ParOldGen       total 1398272K, used 23645K [0x0000000080000000, 0x00000000d5580000, 0x00000000d5580000)
  object space 1398272K, 1% used [0x0000000080000000,0x0000000081717740,0x00000000d5580000)
 Metaspace       used 34825K, capacity 35188K, committed 35416K, reserved 1081344K
  class space    used 3979K, capacity 4092K, committed 4096K, reserved 1048576K
}
Event: 11.016 GC heap before
{Heap before GC invocations=5 (full 2):
 PSYoungGen      total 611840K, used 489356K [0x00000000d5580000, 0x0000000100000000, 0x0000000100000000)
  eden space 524800K, 93% used [0x00000000d5580000,0x00000000f3363218,0x00000000f5600000)
  from space 87040K, 0% used [0x00000000fab00000,0x00000000fab00000,0x0000000100000000)
  to   space 87040K, 0% used [0x00000000f5600000,0x00000000f5600000,0x00000000fab00000)
 ParOldGen       total 1398272K, used 23645K [0x0000000080000000, 0x00000000d5580000, 0x00000000d5580000)
  object space 1398272K, 1% used [0x0000000080000000,0x0000000081717740,0x00000000d5580000)
 Metaspace       used 57456K, capacity 58820K, committed 59008K, reserved 1101824K
  class space    used 6646K, capacity 6936K, committed 7040K, reserved 1048576K
Event: 11.098 GC heap after
Heap after GC invocations=5 (full 2):
 PSYoungGen      total 611840K, used 34128K [0x00000000d5580000, 0x0000000100000000, 0x0000000100000000)
  eden space 524800K, 0% used [0x00000000d5580000,0x00000000d5580000,0x00000000f5600000)
  from space 87040K, 39% used [0x00000000f5600000,0x00000000f7754358,0x00000000fab00000)
  to   space 87040K, 0% used [0x00000000fab00000,0x00000000fab00000,0x0000000100000000)
 ParOldGen       total 1398272K, used 23653K [0x0000000080000000, 0x00000000d5580000, 0x00000000d5580000)
  object space 1398272K, 1% used [0x0000000080000000,0x0000000081719740,0x00000000d5580000)
 Metaspace       used 57456K, capacity 58820K, committed 59008K, reserved 1101824K
  class space    used 6646K, capacity 6936K, committed 7040K, reserved 1048576K
}
Event: 11.098 GC heap before
{Heap before GC invocations=6 (full 3):
 PSYoungGen      total 611840K, used 34128K [0x00000000d5580000, 0x0000000100000000, 0x0000000100000000)
  eden space 524800K, 0% used [0x00000000d5580000,0x00000000d5580000,0x00000000f5600000)
  from space 87040K, 39% used [0x00000000f5600000,0x00000000f7754358,0x00000000fab00000)
  to   space 87040K, 0% used [0x00000000fab00000,0x00000000fab00000,0x0000000100000000)
 ParOldGen       total 1398272K, used 23653K [0x0000000080000000, 0x00000000d5580000, 0x00000000d5580000)
  object space 1398272K, 1% used [0x0000000080000000,0x0000000081719740,0x00000000d5580000)
 Metaspace       used 57456K, capacity 58820K, committed 59008K, reserved 1101824K
  class space    used 6646K, capacity 6936K, committed 7040K, reserved 1048576K
Event: 11.395 GC heap after
Heap after GC invocations=6 (full 3):
 PSYoungGen      total 611840K, used 0K [0x00000000d5580000, 0x0000000100000000, 0x0000000100000000)
  eden space 524800K, 0% used [0x00000000d5580000,0x00000000d5580000,0x00000000f5600000)
  from space 87040K, 0% used [0x00000000f5600000,0x00000000f5600000,0x00000000fab00000)
  to   space 87040K, 0% used [0x00000000fab00000,0x00000000fab00000,0x0000000100000000)
 ParOldGen       total 1398272K, used 44719K [0x0000000080000000, 0x00000000d5580000, 0x00000000d5580000)
  object space 1398272K, 3% used [0x0000000080000000,0x0000000082babd48,0x00000000d5580000)
 Metaspace       used 57426K, capacity 58752K, committed 59008K, reserved 1101824K
  class space    used 6636K, capacity 6918K, committed 7040K, reserved 1048576K
}
Event: 80.253 GC heap before
{Heap before GC invocations=7 (full 3):
 PSYoungGen      total 611840K, used 524800K [0x00000000d5580000, 0x0000000100000000, 0x0000000100000000)
  eden space 524800K, 100% used [0x00000000d5580000,0x00000000f5600000,0x00000000f5600000)
  from space 87040K, 0% used [0x00000000f5600000,0x00000000f5600000,0x00000000fab00000)
  to   space 87040K, 0% used [0x00000000fab00000,0x00000000fab00000,0x0000000100000000)
 ParOldGen       total 1398272K, used 44719K [0x0000000080000000, 0x00000000d5580000, 0x00000000d5580000)
  object space 1398272K, 3% used [0x0000000080000000,0x0000000082babd48,0x00000000d5580000)
 Metaspace       used 66783K, capacity 69572K, committed 69888K, reserved 1112064K
  class space    used 7576K, capacity 8068K, committed 8192K, reserved 1048576K
Event: 80.411 GC heap after
Heap after GC invocations=7 (full 3):
 PSYoungGen      total 611840K, used 56160K [0x00000000d5580000, 0x0000000100000000, 0x0000000100000000)
  eden space 524800K, 0% used [0x00000000d5580000,0x00000000d5580000,0x00000000f5600000)
  from space 87040K, 64% used [0x00000000fab00000,0x00000000fe1d81d0,0x0000000100000000)
  to   space 87040K, 0% used [0x00000000f5600000,0x00000000f5600000,0x00000000fab00000)
 ParOldGen       total 1398272K, used 44727K [0x0000000080000000, 0x00000000d5580000, 0x00000000d5580000)
  object space 1398272K, 3% used [0x0000000080000000,0x0000000082badd48,0x00000000d5580000)
 Metaspace       used 66783K, capacity 69572K, committed 69888K, reserved 1112064K
  class space    used 7576K, capacity 8068K, committed 8192K, reserved 1048576K
}
Event: 486.813 GC heap before
{Heap before GC invocations=8 (full 3):
 PSYoungGen      total 611840K, used 580960K [0x00000000d5580000, 0x0000000100000000, 0x0000000100000000)
  eden space 524800K, 100% used [0x00000000d5580000,0x00000000f5600000,0x00000000f5600000)
  from space 87040K, 64% used [0x00000000fab00000,0x00000000fe1d81d0,0x0000000100000000)
  to   space 87040K, 0% used [0x00000000f5600000,0x00000000f5600000,0x00000000fab00000)
 ParOldGen       total 1398272K, used 44727K [0x0000000080000000, 0x00000000d5580000, 0x00000000d5580000)
  object space 1398272K, 3% used [0x0000000080000000,0x0000000082badd48,0x00000000d5580000)
 Metaspace       used 69385K, capacity 72656K, committed 72832K, reserved 1114112K
  class space    used 7701K, capacity 8288K, committed 8320K, reserved 1048576K
Event: 487.098 GC heap after
Heap after GC invocations=8 (full 3):
 PSYoungGen      total 611840K, used 87016K [0x00000000d5580000, 0x0000000100000000, 0x0000000100000000)
  eden space 524800K, 0% used [0x00000000d5580000,0x00000000d5580000,0x00000000f5600000)
  from space 87040K, 99% used [0x00000000f5600000,0x00000000faafa058,0x00000000fab00000)
  to   space 87040K, 0% used [0x00000000fab00000,0x00000000fab00000,0x0000000100000000)
 ParOldGen       total 1398272K, used 119129K [0x0000000080000000, 0x00000000d5580000, 0x00000000d5580000)
  object space 1398272K, 8% used [0x0000000080000000,0x0000000087456728,0x00000000d5580000)
 Metaspace       used 69385K, capacity 72656K, committed 72832K, reserved 1114112K
  class space    used 7701K, capacity 8288K, committed 8320K, reserved 1048576K
}

