# JRE version: OpenJDK Runtime Environment (8.0_212-b04) (build 1.8.0_212-b04)
# Java VM: OpenJDK 64-Bit Server VM (25.212-b04 mixed mode linux-amd64 compressed oops)
Heap:
 PSYoungGen      total 495104K, used 112755K [0x00000000d5580000, 0x00000000ffd80000, 0x0000000100000000)
  eden space 410624K, 6% used [0x00000000d5580000,0x00000000d7143ca0,0x00000000ee680000)
  from space 84480K, 99% used [0x00000000eeb00000,0x00000000f3d591f8,0x00000000f3d80000)
  to   space 142848K, 0% used [0x00000000f7200000,0x00000000f7200000,0x00000000ffd80000)
 ParOldGen       total 1398272K, used 119003K [0x0000000080000000, 0x00000000d5580000, 0x00000000d5580000)
  object space 1398272K, 8% used [0x0000000080000000,0x0000000087436d08,0x00000000d5580000)
 Metaspace       used 72462K, capacity 76148K, committed 76416K, reserved 1118208K
  class space    used 7877K, capacity 8506K, committed 8576K, reserved 1048576K
GC Heap History (10 events):
Event: 11.586 GC heap before
{Heap before GC invocations=6 (full 3):
 PSYoungGen      total 611840K, used 33768K [0x00000000d5580000, 0x0000000100000000, 0x0000000100000000)
  eden space 524800K, 0% used [0x00000000d5580000,0x00000000d5580000,0x00000000f5600000)
  from space 87040K, 38% used [0x00000000f5600000,0x00000000f76fa088,0x00000000fab00000)
  to   space 87040K, 0% used [0x00000000fab00000,0x00000000fab00000,0x0000000100000000)
 ParOldGen       total 1398272K, used 23563K [0x0000000080000000, 0x00000000d5580000, 0x00000000d5580000)
  object space 1398272K, 1% used [0x0000000080000000,0x0000000081702c98,0x00000000d5580000)
 Metaspace       used 57502K, capacity 58892K, committed 59028K, reserved 1101824K
  class space    used 6633K, capacity 6902K, committed 6912K, reserved 1048576K
Event: 11.858 GC heap after
Heap after GC invocations=6 (full 3):
 PSYoungGen      total 611840K, used 0K [0x00000000d5580000, 0x0000000100000000, 0x0000000100000000)
  eden space 524800K, 0% used [0x00000000d5580000,0x00000000d5580000,0x00000000f5600000)
  from space 87040K, 0% used [0x00000000f5600000,0x00000000f5600000,0x00000000fab00000)
  to   space 87040K, 0% used [0x00000000fab00000,0x00000000fab00000,0x0000000100000000)
 ParOldGen       total 1398272K, used 44435K [0x0000000080000000, 0x00000000d5580000, 0x00000000d5580000)
  object space 1398272K, 3% used [0x0000000080000000,0x0000000082b64c20,0x00000000d5580000)
 Metaspace       used 57464K, capacity 58800K, committed 59028K, reserved 1101824K
  class space    used 6620K, capacity 6880K, committed 6912K, reserved 1048576K
}
Event: 48.215 GC heap before
{Heap before GC invocations=7 (full 3):
 PSYoungGen      total 611840K, used 524800K [0x00000000d5580000, 0x0000000100000000, 0x0000000100000000)
  eden space 524800K, 100% used [0x00000000d5580000,0x00000000f5600000,0x00000000f5600000)
  from space 87040K, 0% used [0x00000000f5600000,0x00000000f5600000,0x00000000fab00000)
  to   space 87040K, 0% used [0x00000000fab00000,0x00000000fab00000,0x0000000100000000)
 ParOldGen       total 1398272K, used 44435K [0x0000000080000000, 0x00000000d5580000, 0x00000000d5580000)
  object space 1398272K, 3% used [0x0000000080000000,0x0000000082b64c20,0x00000000d5580000)
 Metaspace       used 66896K, capacity 69904K, committed 70144K, reserved 1112064K
  class space    used 7645K, capacity 8180K, committed 8192K, reserved 1048576K
Event: 48.336 GC heap after
Heap after GC invocations=7 (full 3):
 PSYoungGen      total 611840K, used 40698K [0x00000000d5580000, 0x0000000100000000, 0x0000000100000000)
  eden space 524800K, 0% used [0x00000000d5580000,0x00000000d5580000,0x00000000f5600000)
  from space 87040K, 46% used [0x00000000fab00000,0x00000000fd2be8b0,0x0000000100000000)
  to   space 87040K, 0% used [0x00000000f5600000,0x00000000f5600000,0x00000000fab00000)
 ParOldGen       total 1398272K, used 44443K [0x0000000080000000, 0x00000000d5580000, 0x00000000d5580000)
  object space 1398272K, 3% used [0x0000000080000000,0x0000000082b66c20,0x00000000d5580000)
 Metaspace       used 66896K, capacity 69904K, committed 70144K, reserved 1112064K
  class space    used 7645K, capacity 8180K, committed 8192K, reserved 1048576K
}
Event: 414.664 GC heap before
{Heap before GC invocations=8 (full 3):
 PSYoungGen      total 611840K, used 565498K [0x00000000d5580000, 0x0000000100000000, 0x0000000100000000)
  eden space 524800K, 100% used [0x00000000d5580000,0x00000000f5600000,0x00000000f5600000)
  from space 87040K, 46% used [0x00000000fab00000,0x00000000fd2be8b0,0x0000000100000000)
  to   space 87040K, 0% used [0x00000000f5600000,0x00000000f5600000,0x00000000fab00000)
 ParOldGen       total 1398272K, used 44443K [0x0000000080000000, 0x00000000d5580000, 0x00000000d5580000)
  object space 1398272K, 3% used [0x0000000080000000,0x0000000082b66c20,0x00000000d5580000)
 Metaspace       used 70360K, capacity 73656K, committed 73984K, reserved 1114112K
  class space    used 7784K, capacity 8356K, committed 8448K, reserved 1048576K
Event: 415.000 GC heap after
Heap after GC invocations=8 (full 3):
 PSYoungGen      total 611840K, used 87031K [0x00000000d5580000, 0x0000000100000000, 0x0000000100000000)
  eden space 524800K, 0% used [0x00000000d5580000,0x00000000d5580000,0x00000000f5600000)
  from space 87040K, 99% used [0x00000000f5600000,0x00000000faafdf28,0x00000000fab00000)
  to   space 87040K, 0% used [0x00000000fab00000,0x00000000fab00000,0x0000000100000000)
 ParOldGen       total 1398272K, used 108475K [0x0000000080000000, 0x00000000d5580000, 0x00000000d5580000)
  object space 1398272K, 7% used [0x0000000080000000,0x00000000869eec78,0x00000000d5580000)
 Metaspace       used 70360K, capacity 73656K, committed 73984K, reserved 1114112K
  class space    used 7784K, capacity 8356K, committed 8448K, reserved 1048576K
}
Event: 568.121 GC heap before
{Heap before GC invocations=9 (full 3):
 PSYoungGen      total 611840K, used 611831K [0x00000000d5580000, 0x0000000100000000, 0x0000000100000000)
  eden space 524800K, 100% used [0x00000000d5580000,0x00000000f5600000,0x00000000f5600000)
  from space 87040K, 99% used [0x00000000f5600000,0x00000000faafdf28,0x00000000fab00000)
  to   space 87040K, 0% used [0x00000000fab00000,0x00000000fab00000,0x0000000100000000)
 ParOldGen       total 1398272K, used 108475K [0x0000000080000000, 0x00000000d5580000, 0x00000000d5580000)
  object space 1398272K, 7% used [0x0000000080000000,0x00000000869eec78,0x00000000d5580000)
 Metaspace       used 71666K, capacity 75162K, committed 75392K, reserved 1116160K
  class space    used 7853K, capacity 8465K, committed 8576K, reserved 1048576K
Event: 568.317 GC heap after
Heap after GC invocations=9 (full 3):
 PSYoungGen      total 502272K, used 87017K [0x00000000d5580000, 0x0000000100000000, 0x0000000100000000)
  eden space 415232K, 0% used [0x00000000d5580000,0x00000000d5580000,0x00000000eeb00000)
  from space 87040K, 99% used [0x00000000fab00000,0x00000000ffffa748,0x0000000100000000)
  to   space 141824K, 0% used [0x00000000eeb00000,0x00000000eeb00000,0x00000000f7580000)
 ParOldGen       total 1398272K, used 118995K [0x0000000080000000, 0x00000000d5580000, 0x00000000d5580000)
  object space 1398272K, 8% used [0x0000000080000000,0x0000000087434d08,0x00000000d5580000)
 Metaspace       used 71666K, capacity 75162K, committed 75392K, reserved 1116160K
  class space    used 7853K, capacity 8465K, committed 8576K, reserved 1048576K
}
Event: 628.231 GC heap before
{Heap before GC invocations=10 (full 3):
 PSYoungGen      total 502272K, used 502249K [0x00000000d5580000, 0x0000000100000000, 0x0000000100000000)
  eden space 415232K, 100% used [0x00000000d5580000,0x00000000eeb00000,0x00000000eeb00000)
  from space 87040K, 99% used [0x00000000fab00000,0x00000000ffffa748,0x0000000100000000)
  to   space 141824K, 0% used [0x00000000eeb00000,0x00000000eeb00000,0x00000000f7580000)
 ParOldGen       total 1398272K, used 118995K [0x0000000080000000, 0x00000000d5580000, 0x00000000d5580000)
  object space 1398272K, 8% used [0x0000000080000000,0x0000000087434d08,0x00000000d5580000)
 Metaspace       used 72453K, capacity 76148K, committed 76416K, reserved 1118208K
  class space    used 7877K, capacity 8506K, committed 8576K, reserved 1048576K
Event: 628.366 GC heap after
Heap after GC invocations=10 (full 3):
 PSYoungGen      total 495104K, used 84324K [0x00000000d5580000, 0x00000000ffd80000, 0x0000000100000000)
  eden space 410624K, 0% used [0x00000000d5580000,0x00000000d5580000,0x00000000ee680000)
  from space 84480K, 99% used [0x00000000eeb00000,0x00000000f3d591f8,0x00000000f3d80000)
  to   space 142848K, 0% used [0x00000000f7200000,0x00000000f7200000,0x00000000ffd80000)
 ParOldGen       total 1398272K, used 119003K [0x0000000080000000, 0x00000000d5580000, 0x00000000d5580000)
  object space 1398272K, 8% used [0x0000000080000000,0x0000000087436d08,0x00000000d5580000)
 Metaspace       used 72453K, capacity 76148K, committed 76416K, reserved 1118208K
  class space    used 7877K, capacity 8506K, committed 8576K, reserved 1048576K
}

