# JRE version: OpenJDK Runtime Environment (8.0_212-b04) (build 1.8.0_212-b04)
# Java VM: OpenJDK 64-Bit Server VM (25.212-b04 mixed mode linux-amd64 compressed oops)
Heap:
 PSYoungGen      total 578048K, used 563100K [0x00000000d5580000, 0x0000000100000000, 0x0000000100000000)
  eden space 533504K, 97% used [0x00000000d5580000,0x00000000f523f1a8,0x00000000f5e80000)
  from space 44544K, 94% used [0x00000000f9880000,0x00000000fc1a80c8,0x00000000fc400000)
  to   space 59392K, 0% used [0x00000000f5e80000,0x00000000f5e80000,0x00000000f9880000)
 ParOldGen       total 1398272K, used 32607K [0x0000000080000000, 0x00000000d5580000, 0x00000000d5580000)
  object space 1398272K, 2% used [0x0000000080000000,0x0000000081fd7ea8,0x00000000d5580000)
 Metaspace       used 82690K, capacity 86575K, committed 86912K, reserved 1126400K
  class space    used 9317K, capacity 9990K, committed 10112K, reserved 1048576K
GC Heap History (10 events):
Event: 6.962 GC heap before
{Heap before GC invocations=5 (full 2):
 PSYoungGen      total 611840K, used 524800K [0x00000000d5580000, 0x0000000100000000, 0x0000000100000000)
  eden space 524800K, 100% used [0x00000000d5580000,0x00000000f5600000,0x00000000f5600000)
  from space 87040K, 0% used [0x00000000fab00000,0x00000000fab00000,0x0000000100000000)
  to   space 87040K, 0% used [0x00000000f5600000,0x00000000f5600000,0x00000000fab00000)
 ParOldGen       total 1398272K, used 24281K [0x0000000080000000, 0x00000000d5580000, 0x00000000d5580000)
  object space 1398272K, 1% used [0x0000000080000000,0x00000000817b6778,0x00000000d5580000)
 Metaspace       used 49297K, capacity 50114K, committed 50432K, reserved 1093632K
  class space    used 5864K, capacity 6053K, committed 6144K, reserved 1048576K
Event: 6.990 GC heap after
Heap after GC invocations=5 (full 2):
 PSYoungGen      total 611840K, used 20325K [0x00000000d5580000, 0x0000000100000000, 0x0000000100000000)
  eden space 524800K, 0% used [0x00000000d5580000,0x00000000d5580000,0x00000000f5600000)
  from space 87040K, 23% used [0x00000000f5600000,0x00000000f69d9408,0x00000000fab00000)
  to   space 87040K, 0% used [0x00000000fab00000,0x00000000fab00000,0x0000000100000000)
 ParOldGen       total 1398272K, used 24289K [0x0000000080000000, 0x00000000d5580000, 0x00000000d5580000)
  object space 1398272K, 1% used [0x0000000080000000,0x00000000817b8778,0x00000000d5580000)
 Metaspace       used 49297K, capacity 50114K, committed 50432K, reserved 1093632K
  class space    used 5864K, capacity 6053K, committed 6144K, reserved 1048576K
}
Event: 11.354 GC heap before
{Heap before GC invocations=6 (full 2):
 PSYoungGen      total 611840K, used 324153K [0x00000000d5580000, 0x0000000100000000, 0x0000000100000000)
  eden space 524800K, 57% used [0x00000000d5580000,0x00000000e7e35260,0x00000000f5600000)
  from space 87040K, 23% used [0x00000000f5600000,0x00000000f69d9408,0x00000000fab00000)
  to   space 87040K, 0% used [0x00000000fab00000,0x00000000fab00000,0x0000000100000000)
 ParOldGen       total 1398272K, used 24289K [0x0000000080000000, 0x00000000d5580000, 0x00000000d5580000)
  object space 1398272K, 1% used [0x0000000080000000,0x00000000817b8778,0x00000000d5580000)
 Metaspace       used 57843K, capacity 58973K, committed 59028K, reserved 1101824K
  class space    used 6944K, capacity 7168K, committed 7168K, reserved 1048576K
Event: 11.387 GC heap after
Heap after GC invocations=6 (full 2):
 PSYoungGen      total 611840K, used 20037K [0x00000000d5580000, 0x0000000100000000, 0x0000000100000000)
  eden space 524800K, 0% used [0x00000000d5580000,0x00000000d5580000,0x00000000f5600000)
  from space 87040K, 23% used [0x00000000fab00000,0x00000000fbe91578,0x0000000100000000)
  to   space 87040K, 0% used [0x00000000f5600000,0x00000000f5600000,0x00000000fab00000)
 ParOldGen       total 1398272K, used 24297K [0x0000000080000000, 0x00000000d5580000, 0x00000000d5580000)
  object space 1398272K, 1% used [0x0000000080000000,0x00000000817ba778,0x00000000d5580000)
 Metaspace       used 57843K, capacity 58973K, committed 59028K, reserved 1101824K
  class space    used 6944K, capacity 7168K, committed 7168K, reserved 1048576K
}
Event: 11.387 GC heap before
{Heap before GC invocations=7 (full 3):
 PSYoungGen      total 611840K, used 20037K [0x00000000d5580000, 0x0000000100000000, 0x0000000100000000)
  eden space 524800K, 0% used [0x00000000d5580000,0x00000000d5580000,0x00000000f5600000)
  from space 87040K, 23% used [0x00000000fab00000,0x00000000fbe91578,0x0000000100000000)
  to   space 87040K, 0% used [0x00000000f5600000,0x00000000f5600000,0x00000000fab00000)
 ParOldGen       total 1398272K, used 24297K [0x0000000080000000, 0x00000000d5580000, 0x00000000d5580000)
  object space 1398272K, 1% used [0x0000000080000000,0x00000000817ba778,0x00000000d5580000)
 Metaspace       used 57843K, capacity 58973K, committed 59028K, reserved 1101824K
  class space    used 6944K, capacity 7168K, committed 7168K, reserved 1048576K
Event: 11.627 GC heap after
Heap after GC invocations=7 (full 3):
 PSYoungGen      total 611840K, used 0K [0x00000000d5580000, 0x0000000100000000, 0x0000000100000000)
  eden space 524800K, 0% used [0x00000000d5580000,0x00000000d5580000,0x00000000f5600000)
  from space 87040K, 0% used [0x00000000fab00000,0x00000000fab00000,0x0000000100000000)
  to   space 87040K, 0% used [0x00000000f5600000,0x00000000f5600000,0x00000000fab00000)
 ParOldGen       total 1398272K, used 32579K [0x0000000080000000, 0x00000000d5580000, 0x00000000d5580000)
  object space 1398272K, 2% used [0x0000000080000000,0x0000000081fd0d78,0x00000000d5580000)
 Metaspace       used 57770K, capacity 58797K, committed 59028K, reserved 1101824K
  class space    used 6917K, capacity 7122K, committed 7168K, reserved 1048576K
}
Event: 23.224 GC heap before
{Heap before GC invocations=8 (full 3):
 PSYoungGen      total 611840K, used 524800K [0x00000000d5580000, 0x0000000100000000, 0x0000000100000000)
  eden space 524800K, 100% used [0x00000000d5580000,0x00000000f5600000,0x00000000f5600000)
  from space 87040K, 0% used [0x00000000fab00000,0x00000000fab00000,0x0000000100000000)
  to   space 87040K, 0% used [0x00000000f5600000,0x00000000f5600000,0x00000000fab00000)
 ParOldGen       total 1398272K, used 32579K [0x0000000080000000, 0x00000000d5580000, 0x00000000d5580000)
  object space 1398272K, 2% used [0x0000000080000000,0x0000000081fd0d78,0x00000000d5580000)
 Metaspace       used 76789K, capacity 79659K, committed 80000K, reserved 1120256K
  class space    used 8955K, capacity 9492K, committed 9600K, reserved 1048576K
Event: 23.317 GC heap after
Heap after GC invocations=8 (full 3):
 PSYoungGen      total 592896K, used 67804K [0x00000000d5580000, 0x00000000fc400000, 0x0000000100000000)
  eden space 524800K, 0% used [0x00000000d5580000,0x00000000d5580000,0x00000000f5600000)
  from space 68096K, 99% used [0x00000000f5600000,0x00000000f9837340,0x00000000f9880000)
  to   space 44544K, 0% used [0x00000000f9880000,0x00000000f9880000,0x00000000fc400000)
 ParOldGen       total 1398272K, used 32587K [0x0000000080000000, 0x00000000d5580000, 0x00000000d5580000)
  object space 1398272K, 2% used [0x0000000080000000,0x0000000081fd2d78,0x00000000d5580000)
 Metaspace       used 76789K, capacity 79659K, committed 80000K, reserved 1120256K
  class space    used 8955K, capacity 9492K, committed 9600K, reserved 1048576K
}
Event: 32.514 GC heap before
{Heap before GC invocations=9 (full 3):
 PSYoungGen      total 592896K, used 592604K [0x00000000d5580000, 0x00000000fc400000, 0x0000000100000000)
  eden space 524800K, 100% used [0x00000000d5580000,0x00000000f5600000,0x00000000f5600000)
  from space 68096K, 99% used [0x00000000f5600000,0x00000000f9837340,0x00000000f9880000)
  to   space 44544K, 0% used [0x00000000f9880000,0x00000000f9880000,0x00000000fc400000)
 ParOldGen       total 1398272K, used 32587K [0x0000000080000000, 0x00000000d5580000, 0x00000000d5580000)
  object space 1398272K, 2% used [0x0000000080000000,0x0000000081fd2d78,0x00000000d5580000)
 Metaspace       used 81023K, capacity 84723K, committed 84992K, reserved 1124352K
  class space    used 9241K, capacity 9880K, committed 9984K, reserved 1048576K
Event: 32.581 GC heap after
Heap after GC invocations=9 (full 3):
 PSYoungGen      total 578048K, used 42144K [0x00000000d5580000, 0x0000000100000000, 0x0000000100000000)
  eden space 533504K, 0% used [0x00000000d5580000,0x00000000d5580000,0x00000000f5e80000)
  from space 44544K, 94% used [0x00000000f9880000,0x00000000fc1a80c8,0x00000000fc400000)
  to   space 59392K, 0% used [0x00000000f5e80000,0x00000000f5e80000,0x00000000f9880000)
 ParOldGen       total 1398272K, used 32607K [0x0000000080000000, 0x00000000d5580000, 0x00000000d5580000)
  object space 1398272K, 2% used [0x0000000080000000,0x0000000081fd7ea8,0x00000000d5580000)
 Metaspace       used 81023K, capacity 84723K, committed 84992K, reserved 1124352K
  class space    used 9241K, capacity 9880K, committed 9984K, reserved 1048576K
}

