# JRE version: OpenJDK Runtime Environment (8.0_212-b04) (build 1.8.0_212-b04)
# Java VM: OpenJDK 64-Bit Server VM (25.212-b04 mixed mode linux-amd64 compressed oops)
Heap:
 PSYoungGen      total 611840K, used 120968K [0x00000000d5580000, 0x0000000100000000, 0x0000000100000000)
  eden space 524800K, 23% used [0x00000000d5580000,0x00000000dcba2040,0x00000000f5600000)
  from space 87040K, 0% used [0x00000000f5600000,0x00000000f5600000,0x00000000fab00000)
  to   space 87040K, 0% used [0x00000000fab00000,0x00000000fab00000,0x0000000100000000)
 ParOldGen       total 1398272K, used 47953K [0x0000000080000000, 0x00000000d5580000, 0x00000000d5580000)
  object space 1398272K, 3% used [0x0000000080000000,0x0000000082ed4558,0x00000000d5580000)
 Metaspace       used 60337K, capacity 61856K, committed 62080K, reserved 1103872K
  class space    used 6946K, capacity 7234K, committed 7296K, reserved 1048576K
GC Heap History (10 events):
Event: 2.240 GC heap before
{Heap before GC invocations=2 (full 1):
 PSYoungGen      total 611840K, used 14166K [0x00000000d5580000, 0x0000000100000000, 0x0000000100000000)
  eden space 524800K, 0% used [0x00000000d5580000,0x00000000d5580000,0x00000000f5600000)
  from space 87040K, 16% used [0x00000000f5600000,0x00000000f63d5a88,0x00000000fab00000)
  to   space 87040K, 0% used [0x00000000fab00000,0x00000000fab00000,0x0000000100000000)
 ParOldGen       total 1398272K, used 80K [0x0000000080000000, 0x00000000d5580000, 0x00000000d5580000)
  object space 1398272K, 0% used [0x0000000080000000,0x0000000080014010,0x00000000d5580000)
 Metaspace       used 20829K, capacity 21106K, committed 21296K, reserved 1069056K
  class space    used 2353K, capacity 2418K, committed 2432K, reserved 1048576K
Event: 2.316 GC heap after
Heap after GC invocations=2 (full 1):
 PSYoungGen      total 611840K, used 0K [0x00000000d5580000, 0x0000000100000000, 0x0000000100000000)
  eden space 524800K, 0% used [0x00000000d5580000,0x00000000d5580000,0x00000000f5600000)
  from space 87040K, 0% used [0x00000000f5600000,0x00000000f5600000,0x00000000fab00000)
  to   space 87040K, 0% used [0x00000000fab00000,0x00000000fab00000,0x0000000100000000)
 ParOldGen       total 891392K, used 13642K [0x0000000080000000, 0x00000000b6680000, 0x00000000d5580000)
  object space 891392K, 1% used [0x0000000080000000,0x0000000080d52958,0x00000000b6680000)
 Metaspace       used 20829K, capacity 21106K, committed 21296K, reserved 1069056K
  class space    used 2353K, capacity 2418K, committed 2432K, reserved 1048576K
}
Event: 4.653 GC heap before
{Heap before GC invocations=3 (full 1):
 PSYoungGen      total 611840K, used 459213K [0x00000000d5580000, 0x0000000100000000, 0x0000000100000000)
  eden space 524800K, 87% used [0x00000000d5580000,0x00000000f15f36e0,0x00000000f5600000)
  from space 87040K, 0% used [0x00000000f5600000,0x00000000f5600000,0x00000000fab00000)
  to   space 87040K, 0% used [0x00000000fab00000,0x00000000fab00000,0x0000000100000000)
 ParOldGen       total 891392K, used 13642K [0x0000000080000000, 0x00000000b6680000, 0x00000000d5580000)
  object space 891392K, 1% used [0x0000000080000000,0x0000000080d52958,0x00000000b6680000)
 Metaspace       used 34874K, capacity 35252K, committed 35496K, reserved 1081344K
  class space    used 3967K, capacity 4092K, committed 4096K, reserved 1048576K
Event: 4.689 GC heap after
Heap after GC invocations=3 (full 1):
 PSYoungGen      total 611840K, used 19384K [0x00000000d5580000, 0x0000000100000000, 0x0000000100000000)
  eden space 524800K, 0% used [0x00000000d5580000,0x00000000d5580000,0x00000000f5600000)
  from space 87040K, 22% used [0x00000000fab00000,0x00000000fbdee068,0x0000000100000000)
  to   space 87040K, 0% used [0x00000000f5600000,0x00000000f5600000,0x00000000fab00000)
 ParOldGen       total 891392K, used 13650K [0x0000000080000000, 0x00000000b6680000, 0x00000000d5580000)
  object space 891392K, 1% used [0x0000000080000000,0x0000000080d54958,0x00000000b6680000)
 Metaspace       used 34874K, capacity 35252K, committed 35496K, reserved 1081344K
  class space    used 3967K, capacity 4092K, committed 4096K, reserved 1048576K
}
Event: 4.689 GC heap before
{Heap before GC invocations=4 (full 2):
 PSYoungGen      total 611840K, used 19384K [0x00000000d5580000, 0x0000000100000000, 0x0000000100000000)
  eden space 524800K, 0% used [0x00000000d5580000,0x00000000d5580000,0x00000000f5600000)
  from space 87040K, 22% used [0x00000000fab00000,0x00000000fbdee068,0x0000000100000000)
  to   space 87040K, 0% used [0x00000000f5600000,0x00000000f5600000,0x00000000fab00000)
 ParOldGen       total 891392K, used 13650K [0x0000000080000000, 0x00000000b6680000, 0x00000000d5580000)
  object space 891392K, 1% used [0x0000000080000000,0x0000000080d54958,0x00000000b6680000)
 Metaspace       used 34874K, capacity 35252K, committed 35496K, reserved 1081344K
  class space    used 3967K, capacity 4092K, committed 4096K, reserved 1048576K
Event: 4.798 GC heap after
Heap after GC invocations=4 (full 2):
 PSYoungGen      total 611840K, used 0K [0x00000000d5580000, 0x0000000100000000, 0x0000000100000000)
  eden space 524800K, 0% used [0x00000000d5580000,0x00000000d5580000,0x00000000f5600000)
  from space 87040K, 0% used [0x00000000fab00000,0x00000000fab00000,0x0000000100000000)
  to   space 87040K, 0% used [0x00000000f5600000,0x00000000f5600000,0x00000000fab00000)
 ParOldGen       total 1398272K, used 23551K [0x0000000080000000, 0x00000000d5580000, 0x00000000d5580000)
  object space 1398272K, 1% used [0x0000000080000000,0x00000000816ffcf0,0x00000000d5580000)
 Metaspace       used 34874K, capacity 35252K, committed 35496K, reserved 1081344K
  class space    used 3967K, capacity 4092K, committed 4096K, reserved 1048576K
}
Event: 11.246 GC heap before
{Heap before GC invocations=5 (full 2):
 PSYoungGen      total 611840K, used 346955K [0x00000000d5580000, 0x0000000100000000, 0x0000000100000000)
  eden space 524800K, 66% used [0x00000000d5580000,0x00000000ea852d38,0x00000000f5600000)
  from space 87040K, 0% used [0x00000000fab00000,0x00000000fab00000,0x0000000100000000)
  to   space 87040K, 0% used [0x00000000f5600000,0x00000000f5600000,0x00000000fab00000)
 ParOldGen       total 1398272K, used 23551K [0x0000000080000000, 0x00000000d5580000, 0x00000000d5580000)
  object space 1398272K, 1% used [0x0000000080000000,0x00000000816ffcf0,0x00000000d5580000)
 Metaspace       used 57485K, capacity 58916K, committed 59160K, reserved 1101824K
  class space    used 6686K, capacity 6966K, committed 7040K, reserved 1048576K
Event: 11.310 GC heap after
Heap after GC invocations=5 (full 2):
 PSYoungGen      total 611840K, used 37289K [0x00000000d5580000, 0x0000000100000000, 0x0000000100000000)
  eden space 524800K, 0% used [0x00000000d5580000,0x00000000d5580000,0x00000000f5600000)
  from space 87040K, 42% used [0x00000000f5600000,0x00000000f7a6a590,0x00000000fab00000)
  to   space 87040K, 0% used [0x00000000fab00000,0x00000000fab00000,0x0000000100000000)
 ParOldGen       total 1398272K, used 23551K [0x0000000080000000, 0x00000000d5580000, 0x00000000d5580000)
  object space 1398272K, 1% used [0x0000000080000000,0x00000000816ffcf0,0x00000000d5580000)
 Metaspace       used 57485K, capacity 58916K, committed 59160K, reserved 1101824K
  class space    used 6686K, capacity 6966K, committed 7040K, reserved 1048576K
}
Event: 11.310 GC heap before
{Heap before GC invocations=6 (full 3):
 PSYoungGen      total 611840K, used 37289K [0x00000000d5580000, 0x0000000100000000, 0x0000000100000000)
  eden space 524800K, 0% used [0x00000000d5580000,0x00000000d5580000,0x00000000f5600000)
  from space 87040K, 42% used [0x00000000f5600000,0x00000000f7a6a590,0x00000000fab00000)
  to   space 87040K, 0% used [0x00000000fab00000,0x00000000fab00000,0x0000000100000000)
 ParOldGen       total 1398272K, used 23551K [0x0000000080000000, 0x00000000d5580000, 0x00000000d5580000)
  object space 1398272K, 1% used [0x0000000080000000,0x00000000816ffcf0,0x00000000d5580000)
 Metaspace       used 57485K, capacity 58916K, committed 59160K, reserved 1101824K
  class space    used 6686K, capacity 6966K, committed 7040K, reserved 1048576K
Event: 11.565 GC heap after
Heap after GC invocations=6 (full 3):
 PSYoungGen      total 611840K, used 0K [0x00000000d5580000, 0x0000000100000000, 0x0000000100000000)
  eden space 524800K, 0% used [0x00000000d5580000,0x00000000d5580000,0x00000000f5600000)
  from space 87040K, 0% used [0x00000000f5600000,0x00000000f5600000,0x00000000fab00000)
  to   space 87040K, 0% used [0x00000000fab00000,0x00000000fab00000,0x0000000100000000)
 ParOldGen       total 1398272K, used 47953K [0x0000000080000000, 0x00000000d5580000, 0x00000000d5580000)
  object space 1398272K, 3% used [0x0000000080000000,0x0000000082ed4558,0x00000000d5580000)
 Metaspace       used 57480K, capacity 58904K, committed 59160K, reserved 1101824K
  class space    used 6684K, capacity 6962K, committed 7040K, reserved 1048576K
}

