# JRE version: OpenJDK Runtime Environment (8.0_212-b04) (build 1.8.0_212-b04)
# Java VM: OpenJDK 64-Bit Server VM (25.212-b04 mixed mode linux-amd64 compressed oops)
Heap:
 PSYoungGen      total 578560K, used 219553K [0x00000000d5580000, 0x0000000100000000, 0x0000000100000000)
  eden space 532992K, 34% used [0x00000000d5580000,0x00000000e09a0978,0x00000000f5e00000)
  from space 45568K, 77% used [0x00000000f9280000,0x00000000fb4c7b90,0x00000000fbf00000)
  to   space 53760K, 0% used [0x00000000f5e00000,0x00000000f5e00000,0x00000000f9280000)
 ParOldGen       total 1398272K, used 33672K [0x0000000080000000, 0x00000000d5580000, 0x00000000d5580000)
  object space 1398272K, 2% used [0x0000000080000000,0x00000000820e2058,0x00000000d5580000)
 Metaspace       used 72199K, capacity 75890K, committed 76160K, reserved 1116160K
  class space    used 7969K, capacity 8561K, committed 8576K, reserved 1048576K
GC Heap History (10 events):
Event: 10.239 GC heap before
{Heap before GC invocations=5 (full 2):
 PSYoungGen      total 611840K, used 524800K [0x00000000d5580000, 0x0000000100000000, 0x0000000100000000)
  eden space 524800K, 100% used [0x00000000d5580000,0x00000000f5600000,0x00000000f5600000)
  from space 87040K, 0% used [0x00000000fab00000,0x00000000fab00000,0x0000000100000000)
  to   space 87040K, 0% used [0x00000000f5600000,0x00000000f5600000,0x00000000fab00000)
 ParOldGen       total 1398272K, used 22463K [0x0000000080000000, 0x00000000d5580000, 0x00000000d5580000)
  object space 1398272K, 1% used [0x0000000080000000,0x00000000815efdd8,0x00000000d5580000)
 Metaspace       used 51790K, capacity 53228K, committed 53376K, reserved 1095680K
  class space    used 6135K, capacity 6416K, committed 6528K, reserved 1048576K
Event: 10.283 GC heap after
Heap after GC invocations=5 (full 2):
 PSYoungGen      total 611840K, used 24673K [0x00000000d5580000, 0x0000000100000000, 0x0000000100000000)
  eden space 524800K, 0% used [0x00000000d5580000,0x00000000d5580000,0x00000000f5600000)
  from space 87040K, 28% used [0x00000000f5600000,0x00000000f6e18540,0x00000000fab00000)
  to   space 87040K, 0% used [0x00000000fab00000,0x00000000fab00000,0x0000000100000000)
 ParOldGen       total 1398272K, used 22471K [0x0000000080000000, 0x00000000d5580000, 0x00000000d5580000)
  object space 1398272K, 1% used [0x0000000080000000,0x00000000815f1dd8,0x00000000d5580000)
 Metaspace       used 51790K, capacity 53228K, committed 53376K, reserved 1095680K
  class space    used 6135K, capacity 6416K, committed 6528K, reserved 1048576K
}
Event: 11.825 GC heap before
{Heap before GC invocations=6 (full 2):
 PSYoungGen      total 611840K, used 178573K [0x00000000d5580000, 0x0000000100000000, 0x0000000100000000)
  eden space 524800K, 29% used [0x00000000d5580000,0x00000000debcb038,0x00000000f5600000)
  from space 87040K, 28% used [0x00000000f5600000,0x00000000f6e18540,0x00000000fab00000)
  to   space 87040K, 0% used [0x00000000fab00000,0x00000000fab00000,0x0000000100000000)
 ParOldGen       total 1398272K, used 22471K [0x0000000080000000, 0x00000000d5580000, 0x00000000d5580000)
  object space 1398272K, 1% used [0x0000000080000000,0x00000000815f1dd8,0x00000000d5580000)
 Metaspace       used 57437K, capacity 58882K, committed 59096K, reserved 1101824K
  class space    used 6658K, capacity 6933K, committed 7040K, reserved 1048576K
Event: 11.853 GC heap after
Heap after GC invocations=6 (full 2):
 PSYoungGen      total 611840K, used 21279K [0x00000000d5580000, 0x0000000100000000, 0x0000000100000000)
  eden space 524800K, 0% used [0x00000000d5580000,0x00000000d5580000,0x00000000f5600000)
  from space 87040K, 24% used [0x00000000fab00000,0x00000000fbfc7c78,0x0000000100000000)
  to   space 87040K, 0% used [0x00000000f5600000,0x00000000f5600000,0x00000000fab00000)
 ParOldGen       total 1398272K, used 22479K [0x0000000080000000, 0x00000000d5580000, 0x00000000d5580000)
  object space 1398272K, 1% used [0x0000000080000000,0x00000000815f3dd8,0x00000000d5580000)
 Metaspace       used 57437K, capacity 58882K, committed 59096K, reserved 1101824K
  class space    used 6658K, capacity 6933K, committed 7040K, reserved 1048576K
}
Event: 11.853 GC heap before
{Heap before GC invocations=7 (full 3):
 PSYoungGen      total 611840K, used 21279K [0x00000000d5580000, 0x0000000100000000, 0x0000000100000000)
  eden space 524800K, 0% used [0x00000000d5580000,0x00000000d5580000,0x00000000f5600000)
  from space 87040K, 24% used [0x00000000fab00000,0x00000000fbfc7c78,0x0000000100000000)
  to   space 87040K, 0% used [0x00000000f5600000,0x00000000f5600000,0x00000000fab00000)
 ParOldGen       total 1398272K, used 22479K [0x0000000080000000, 0x00000000d5580000, 0x00000000d5580000)
  object space 1398272K, 1% used [0x0000000080000000,0x00000000815f3dd8,0x00000000d5580000)
 Metaspace       used 57437K, capacity 58882K, committed 59096K, reserved 1101824K
  class space    used 6658K, capacity 6933K, committed 7040K, reserved 1048576K
Event: 12.075 GC heap after
Heap after GC invocations=7 (full 3):
 PSYoungGen      total 611840K, used 0K [0x00000000d5580000, 0x0000000100000000, 0x0000000100000000)
  eden space 524800K, 0% used [0x00000000d5580000,0x00000000d5580000,0x00000000f5600000)
  from space 87040K, 0% used [0x00000000fab00000,0x00000000fab00000,0x0000000100000000)
  to   space 87040K, 0% used [0x00000000f5600000,0x00000000f5600000,0x00000000fab00000)
 ParOldGen       total 1398272K, used 33643K [0x0000000080000000, 0x00000000d5580000, 0x00000000d5580000)
  object space 1398272K, 2% used [0x0000000080000000,0x00000000820daf28,0x00000000d5580000)
 Metaspace       used 57348K, capacity 58658K, committed 59096K, reserved 1101824K
  class space    used 6626K, capacity 6877K, committed 7040K, reserved 1048576K
}
Event: 19.284 GC heap before
{Heap before GC invocations=8 (full 3):
 PSYoungGen      total 611840K, used 524800K [0x00000000d5580000, 0x0000000100000000, 0x0000000100000000)
  eden space 524800K, 100% used [0x00000000d5580000,0x00000000f5600000,0x00000000f5600000)
  from space 87040K, 0% used [0x00000000fab00000,0x00000000fab00000,0x0000000100000000)
  to   space 87040K, 0% used [0x00000000f5600000,0x00000000f5600000,0x00000000fab00000)
 ParOldGen       total 1398272K, used 33643K [0x0000000080000000, 0x00000000d5580000, 0x00000000d5580000)
  object space 1398272K, 2% used [0x0000000080000000,0x00000000820daf28,0x00000000d5580000)
 Metaspace       used 68310K, capacity 71624K, committed 71936K, reserved 1112064K
  class space    used 7786K, capacity 8368K, committed 8448K, reserved 1048576K
Event: 19.349 GC heap after
Heap after GC invocations=8 (full 3):
 PSYoungGen      total 586752K, used 61560K [0x00000000d5580000, 0x00000000fbf00000, 0x0000000100000000)
  eden space 524800K, 0% used [0x00000000d5580000,0x00000000d5580000,0x00000000f5600000)
  from space 61952K, 99% used [0x00000000f5600000,0x00000000f921e2e8,0x00000000f9280000)
  to   space 45568K, 0% used [0x00000000f9280000,0x00000000f9280000,0x00000000fbf00000)
 ParOldGen       total 1398272K, used 33664K [0x0000000080000000, 0x00000000d5580000, 0x00000000d5580000)
  object space 1398272K, 2% used [0x0000000080000000,0x00000000820e0058,0x00000000d5580000)
 Metaspace       used 68310K, capacity 71624K, committed 71936K, reserved 1112064K
  class space    used 7786K, capacity 8368K, committed 8448K, reserved 1048576K
}
Event: 23.569 GC heap before
{Heap before GC invocations=9 (full 3):
 PSYoungGen      total 586752K, used 586360K [0x00000000d5580000, 0x00000000fbf00000, 0x0000000100000000)
  eden space 524800K, 100% used [0x00000000d5580000,0x00000000f5600000,0x00000000f5600000)
  from space 61952K, 99% used [0x00000000f5600000,0x00000000f921e2e8,0x00000000f9280000)
  to   space 45568K, 0% used [0x00000000f9280000,0x00000000f9280000,0x00000000fbf00000)
 ParOldGen       total 1398272K, used 33664K [0x0000000080000000, 0x00000000d5580000, 0x00000000d5580000)
  object space 1398272K, 2% used [0x0000000080000000,0x00000000820e0058,0x00000000d5580000)
 Metaspace       used 71704K, capacity 75340K, committed 75392K, reserved 1116160K
  class space    used 7936K, capacity 8546K, committed 8576K, reserved 1048576K
Event: 23.624 GC heap after
Heap after GC invocations=9 (full 3):
 PSYoungGen      total 578560K, used 35102K [0x00000000d5580000, 0x0000000100000000, 0x0000000100000000)
  eden space 532992K, 0% used [0x00000000d5580000,0x00000000d5580000,0x00000000f5e00000)
  from space 45568K, 77% used [0x00000000f9280000,0x00000000fb4c7b90,0x00000000fbf00000)
  to   space 53760K, 0% used [0x00000000f5e00000,0x00000000f5e00000,0x00000000f9280000)
 ParOldGen       total 1398272K, used 33672K [0x0000000080000000, 0x00000000d5580000, 0x00000000d5580000)
  object space 1398272K, 2% used [0x0000000080000000,0x00000000820e2058,0x00000000d5580000)
 Metaspace       used 71704K, capacity 75340K, committed 75392K, reserved 1116160K
  class space    used 7936K, capacity 8546K, committed 8576K, reserved 1048576K
}

