# JRE version: OpenJDK Runtime Environment (8.0_212-b04) (build 1.8.0_212-b04)
# Java VM: OpenJDK 64-Bit Server VM (25.212-b04 mixed mode linux-amd64 compressed oops)
Heap:
 PSYoungGen      total 611840K, used 243433K [0x00000000d5580000, 0x0000000100000000, 0x0000000100000000)
  eden space 524800K, 46% used [0x00000000d5580000,0x00000000e433a4d0,0x00000000f5600000)
  from space 87040K, 0% used [0x00000000f5600000,0x00000000f5600000,0x00000000fab00000)
  to   space 87040K, 0% used [0x00000000fab00000,0x00000000fab00000,0x0000000100000000)
 ParOldGen       total 1398272K, used 44412K [0x0000000080000000, 0x00000000d5580000, 0x00000000d5580000)
  object space 1398272K, 3% used [0x0000000080000000,0x0000000082b5f028,0x00000000d5580000)
 Metaspace       used 65077K, capacity 67698K, committed 67968K, reserved 1110016K
  class space    used 7501K, capacity 7981K, committed 8064K, reserved 1048576K
GC Heap History (10 events):
Event: 2.261 GC heap before
{Heap before GC invocations=2 (full 1):
 PSYoungGen      total 611840K, used 14230K [0x00000000d5580000, 0x0000000100000000, 0x0000000100000000)
  eden space 524800K, 0% used [0x00000000d5580000,0x00000000d5580000,0x00000000f5600000)
  from space 87040K, 16% used [0x00000000f5600000,0x00000000f63e5a00,0x00000000fab00000)
  to   space 87040K, 0% used [0x00000000fab00000,0x00000000fab00000,0x0000000100000000)
 ParOldGen       total 1398272K, used 72K [0x0000000080000000, 0x00000000d5580000, 0x00000000d5580000)
  object space 1398272K, 0% used [0x0000000080000000,0x0000000080012010,0x00000000d5580000)
 Metaspace       used 20813K, capacity 21106K, committed 21248K, reserved 1069056K
  class space    used 2370K, capacity 2482K, committed 2560K, reserved 1048576K
Event: 2.334 GC heap after
Heap after GC invocations=2 (full 1):
 PSYoungGen      total 611840K, used 0K [0x00000000d5580000, 0x0000000100000000, 0x0000000100000000)
  eden space 524800K, 0% used [0x00000000d5580000,0x00000000d5580000,0x00000000f5600000)
  from space 87040K, 0% used [0x00000000f5600000,0x00000000f5600000,0x00000000fab00000)
  to   space 87040K, 0% used [0x00000000fab00000,0x00000000fab00000,0x0000000100000000)
 ParOldGen       total 893440K, used 13711K [0x0000000080000000, 0x00000000b6880000, 0x00000000d5580000)
  object space 893440K, 1% used [0x0000000080000000,0x0000000080d63dc8,0x00000000b6880000)
 Metaspace       used 20813K, capacity 21106K, committed 21248K, reserved 1069056K
  class space    used 2370K, capacity 2482K, committed 2560K, reserved 1048576K
}
Event: 4.940 GC heap before
{Heap before GC invocations=3 (full 1):
 PSYoungGen      total 611840K, used 434547K [0x00000000d5580000, 0x0000000100000000, 0x0000000100000000)
  eden space 524800K, 82% used [0x00000000d5580000,0x00000000efddcd18,0x00000000f5600000)
  from space 87040K, 0% used [0x00000000f5600000,0x00000000f5600000,0x00000000fab00000)
  to   space 87040K, 0% used [0x00000000fab00000,0x00000000fab00000,0x0000000100000000)
 ParOldGen       total 893440K, used 13711K [0x0000000080000000, 0x00000000b6880000, 0x00000000d5580000)
  object space 893440K, 1% used [0x0000000080000000,0x0000000080d63dc8,0x00000000b6880000)
 Metaspace       used 34781K, capacity 35124K, committed 35416K, reserved 1081344K
  class space    used 3969K, capacity 4092K, committed 4096K, reserved 1048576K
Event: 4.983 GC heap after
Heap after GC invocations=3 (full 1):
 PSYoungGen      total 611840K, used 19225K [0x00000000d5580000, 0x0000000100000000, 0x0000000100000000)
  eden space 524800K, 0% used [0x00000000d5580000,0x00000000d5580000,0x00000000f5600000)
  from space 87040K, 22% used [0x00000000fab00000,0x00000000fbdc6700,0x0000000100000000)
  to   space 87040K, 0% used [0x00000000f5600000,0x00000000f5600000,0x00000000fab00000)
 ParOldGen       total 893440K, used 13711K [0x0000000080000000, 0x00000000b6880000, 0x00000000d5580000)
  object space 893440K, 1% used [0x0000000080000000,0x0000000080d63dc8,0x00000000b6880000)
 Metaspace       used 34781K, capacity 35124K, committed 35416K, reserved 1081344K
  class space    used 3969K, capacity 4092K, committed 4096K, reserved 1048576K
}
Event: 4.983 GC heap before
{Heap before GC invocations=4 (full 2):
 PSYoungGen      total 611840K, used 19225K [0x00000000d5580000, 0x0000000100000000, 0x0000000100000000)
  eden space 524800K, 0% used [0x00000000d5580000,0x00000000d5580000,0x00000000f5600000)
  from space 87040K, 22% used [0x00000000fab00000,0x00000000fbdc6700,0x0000000100000000)
  to   space 87040K, 0% used [0x00000000f5600000,0x00000000f5600000,0x00000000fab00000)
 ParOldGen       total 893440K, used 13711K [0x0000000080000000, 0x00000000b6880000, 0x00000000d5580000)
  object space 893440K, 1% used [0x0000000080000000,0x0000000080d63dc8,0x00000000b6880000)
 Metaspace       used 34781K, capacity 35124K, committed 35416K, reserved 1081344K
  class space    used 3969K, capacity 4092K, committed 4096K, reserved 1048576K
Event: 5.145 GC heap after
Heap after GC invocations=4 (full 2):
 PSYoungGen      total 611840K, used 0K [0x00000000d5580000, 0x0000000100000000, 0x0000000100000000)
  eden space 524800K, 0% used [0x00000000d5580000,0x00000000d5580000,0x00000000f5600000)
  from space 87040K, 0% used [0x00000000fab00000,0x00000000fab00000,0x0000000100000000)
  to   space 87040K, 0% used [0x00000000f5600000,0x00000000f5600000,0x00000000fab00000)
 ParOldGen       total 1398272K, used 23526K [0x0000000080000000, 0x00000000d5580000, 0x00000000d5580000)
  object space 1398272K, 1% used [0x0000000080000000,0x00000000816f98f8,0x00000000d5580000)
 Metaspace       used 34781K, capacity 35124K, committed 35416K, reserved 1081344K
  class space    used 3969K, capacity 4092K, committed 4096K, reserved 1048576K
}
Event: 12.212 GC heap before
{Heap before GC invocations=5 (full 2):
 PSYoungGen      total 611840K, used 488697K [0x00000000d5580000, 0x0000000100000000, 0x0000000100000000)
  eden space 524800K, 93% used [0x00000000d5580000,0x00000000f32be578,0x00000000f5600000)
  from space 87040K, 0% used [0x00000000fab00000,0x00000000fab00000,0x0000000100000000)
  to   space 87040K, 0% used [0x00000000f5600000,0x00000000f5600000,0x00000000fab00000)
 ParOldGen       total 1398272K, used 23526K [0x0000000080000000, 0x00000000d5580000, 0x00000000d5580000)
  object space 1398272K, 1% used [0x0000000080000000,0x00000000816f98f8,0x00000000d5580000)
 Metaspace       used 57453K, capacity 58868K, committed 59028K, reserved 1101824K
  class space    used 6639K, capacity 6910K, committed 6912K, reserved 1048576K
Event: 12.277 GC heap after
Heap after GC invocations=5 (full 2):
 PSYoungGen      total 611840K, used 33780K [0x00000000d5580000, 0x0000000100000000, 0x0000000100000000)
  eden space 524800K, 0% used [0x00000000d5580000,0x00000000d5580000,0x00000000f5600000)
  from space 87040K, 38% used [0x00000000f5600000,0x00000000f76fd3b8,0x00000000fab00000)
  to   space 87040K, 0% used [0x00000000fab00000,0x00000000fab00000,0x0000000100000000)
 ParOldGen       total 1398272K, used 23534K [0x0000000080000000, 0x00000000d5580000, 0x00000000d5580000)
  object space 1398272K, 1% used [0x0000000080000000,0x00000000816fb8f8,0x00000000d5580000)
 Metaspace       used 57453K, capacity 58868K, committed 59028K, reserved 1101824K
  class space    used 6639K, capacity 6910K, committed 6912K, reserved 1048576K
}
Event: 12.277 GC heap before
{Heap before GC invocations=6 (full 3):
 PSYoungGen      total 611840K, used 33780K [0x00000000d5580000, 0x0000000100000000, 0x0000000100000000)
  eden space 524800K, 0% used [0x00000000d5580000,0x00000000d5580000,0x00000000f5600000)
  from space 87040K, 38% used [0x00000000f5600000,0x00000000f76fd3b8,0x00000000fab00000)
  to   space 87040K, 0% used [0x00000000fab00000,0x00000000fab00000,0x0000000100000000)
 ParOldGen       total 1398272K, used 23534K [0x0000000080000000, 0x00000000d5580000, 0x00000000d5580000)
  object space 1398272K, 1% used [0x0000000080000000,0x00000000816fb8f8,0x00000000d5580000)
 Metaspace       used 57453K, capacity 58868K, committed 59028K, reserved 1101824K
  class space    used 6639K, capacity 6910K, committed 6912K, reserved 1048576K
Event: 12.572 GC heap after
Heap after GC invocations=6 (full 3):
 PSYoungGen      total 611840K, used 0K [0x00000000d5580000, 0x0000000100000000, 0x0000000100000000)
  eden space 524800K, 0% used [0x00000000d5580000,0x00000000d5580000,0x00000000f5600000)
  from space 87040K, 0% used [0x00000000f5600000,0x00000000f5600000,0x00000000fab00000)
  to   space 87040K, 0% used [0x00000000fab00000,0x00000000fab00000,0x0000000100000000)
 ParOldGen       total 1398272K, used 44412K [0x0000000080000000, 0x00000000d5580000, 0x00000000d5580000)
  object space 1398272K, 3% used [0x0000000080000000,0x0000000082b5f028,0x00000000d5580000)
 Metaspace       used 57402K, capacity 58740K, committed 59028K, reserved 1101824K
  class space    used 6622K, capacity 6880K, committed 6912K, reserved 1048576K
}

