# JRE version: OpenJDK Runtime Environment (8.0_212-b04) (build 1.8.0_212-b04)
# Java VM: OpenJDK 64-Bit Server VM (25.212-b04 mixed mode linux-amd64 compressed oops)
Heap:
 PSYoungGen      total 611840K, used 238194K [0x00000000d5580000, 0x0000000100000000, 0x0000000100000000)
  eden space 524800K, 45% used [0x00000000d5580000,0x00000000e3e1caf8,0x00000000f5600000)
  from space 87040K, 0% used [0x00000000fab00000,0x00000000fab00000,0x0000000100000000)
  to   space 87040K, 0% used [0x00000000f5600000,0x00000000f5600000,0x00000000fab00000)
 ParOldGen       total 1398272K, used 28861K [0x0000000080000000, 0x00000000d5580000, 0x00000000d5580000)
  object space 1398272K, 2% used [0x0000000080000000,0x0000000081c2f500,0x00000000d5580000)
 Metaspace       used 64822K, capacity 67414K, committed 67712K, reserved 1110016K
  class space    used 7477K, capacity 7947K, committed 8064K, reserved 1048576K
GC Heap History (10 events):
Event: 5.330 GC heap before
{Heap before GC invocations=3 (full 1):
 PSYoungGen      total 611840K, used 469709K [0x00000000d5580000, 0x0000000100000000, 0x0000000100000000)
  eden space 524800K, 89% used [0x00000000d5580000,0x00000000f2033630,0x00000000f5600000)
  from space 87040K, 0% used [0x00000000f5600000,0x00000000f5600000,0x00000000fab00000)
  to   space 87040K, 0% used [0x00000000fab00000,0x00000000fab00000,0x0000000100000000)
 ParOldGen       total 877568K, used 14275K [0x0000000080000000, 0x00000000b5900000, 0x00000000d5580000)
  object space 877568K, 1% used [0x0000000080000000,0x0000000080df0d58,0x00000000b5900000)
 Metaspace       used 34740K, capacity 35092K, committed 35416K, reserved 1081344K
  class space    used 3961K, capacity 4060K, committed 4096K, reserved 1048576K
Event: 5.364 GC heap after
Heap after GC invocations=3 (full 1):
 PSYoungGen      total 611840K, used 19421K [0x00000000d5580000, 0x0000000100000000, 0x0000000100000000)
  eden space 524800K, 0% used [0x00000000d5580000,0x00000000d5580000,0x00000000f5600000)
  from space 87040K, 22% used [0x00000000fab00000,0x00000000fbdf76e8,0x0000000100000000)
  to   space 87040K, 0% used [0x00000000f5600000,0x00000000f5600000,0x00000000fab00000)
 ParOldGen       total 877568K, used 14283K [0x0000000080000000, 0x00000000b5900000, 0x00000000d5580000)
  object space 877568K, 1% used [0x0000000080000000,0x0000000080df2d58,0x00000000b5900000)
 Metaspace       used 34740K, capacity 35092K, committed 35416K, reserved 1081344K
  class space    used 3961K, capacity 4060K, committed 4096K, reserved 1048576K
}
Event: 5.364 GC heap before
{Heap before GC invocations=4 (full 2):
 PSYoungGen      total 611840K, used 19421K [0x00000000d5580000, 0x0000000100000000, 0x0000000100000000)
  eden space 524800K, 0% used [0x00000000d5580000,0x00000000d5580000,0x00000000f5600000)
  from space 87040K, 22% used [0x00000000fab00000,0x00000000fbdf76e8,0x0000000100000000)
  to   space 87040K, 0% used [0x00000000f5600000,0x00000000f5600000,0x00000000fab00000)
 ParOldGen       total 877568K, used 14283K [0x0000000080000000, 0x00000000b5900000, 0x00000000d5580000)
  object space 877568K, 1% used [0x0000000080000000,0x0000000080df2d58,0x00000000b5900000)
 Metaspace       used 34740K, capacity 35092K, committed 35416K, reserved 1081344K
  class space    used 3961K, capacity 4060K, committed 4096K, reserved 1048576K
Event: 5.469 GC heap after
Heap after GC invocations=4 (full 2):
 PSYoungGen      total 611840K, used 0K [0x00000000d5580000, 0x0000000100000000, 0x0000000100000000)
  eden space 524800K, 0% used [0x00000000d5580000,0x00000000d5580000,0x00000000f5600000)
  from space 87040K, 0% used [0x00000000fab00000,0x00000000fab00000,0x0000000100000000)
  to   space 87040K, 0% used [0x00000000f5600000,0x00000000f5600000,0x00000000fab00000)
 ParOldGen       total 1398272K, used 23903K [0x0000000080000000, 0x00000000d5580000, 0x00000000d5580000)
  object space 1398272K, 1% used [0x0000000080000000,0x0000000081757e60,0x00000000d5580000)
 Metaspace       used 34740K, capacity 35092K, committed 35416K, reserved 1081344K
  class space    used 3961K, capacity 4060K, committed 4096K, reserved 1048576K
}
Event: 11.864 GC heap before
{Heap before GC invocations=5 (full 2):
 PSYoungGen      total 611840K, used 524800K [0x00000000d5580000, 0x0000000100000000, 0x0000000100000000)
  eden space 524800K, 100% used [0x00000000d5580000,0x00000000f5600000,0x00000000f5600000)
  from space 87040K, 0% used [0x00000000fab00000,0x00000000fab00000,0x0000000100000000)
  to   space 87040K, 0% used [0x00000000f5600000,0x00000000f5600000,0x00000000fab00000)
 ParOldGen       total 1398272K, used 23903K [0x0000000080000000, 0x00000000d5580000, 0x00000000d5580000)
  object space 1398272K, 1% used [0x0000000080000000,0x0000000081757e60,0x00000000d5580000)
 Metaspace       used 52210K, capacity 53562K, committed 53760K, reserved 1097728K
  class space    used 6134K, capacity 6399K, committed 6400K, reserved 1048576K
Event: 11.929 GC heap after
Heap after GC invocations=5 (full 2):
 PSYoungGen      total 611840K, used 24251K [0x00000000d5580000, 0x0000000100000000, 0x0000000100000000)
  eden space 524800K, 0% used [0x00000000d5580000,0x00000000d5580000,0x00000000f5600000)
  from space 87040K, 27% used [0x00000000f5600000,0x00000000f6daefc0,0x00000000fab00000)
  to   space 87040K, 0% used [0x00000000fab00000,0x00000000fab00000,0x0000000100000000)
 ParOldGen       total 1398272K, used 23911K [0x0000000080000000, 0x00000000d5580000, 0x00000000d5580000)
  object space 1398272K, 1% used [0x0000000080000000,0x0000000081759e60,0x00000000d5580000)
 Metaspace       used 52210K, capacity 53562K, committed 53760K, reserved 1097728K
  class space    used 6134K, capacity 6399K, committed 6400K, reserved 1048576K
}
Event: 12.744 GC heap before
{Heap before GC invocations=6 (full 2):
 PSYoungGen      total 611840K, used 190495K [0x00000000d5580000, 0x0000000100000000, 0x0000000100000000)
  eden space 524800K, 31% used [0x00000000d5580000,0x00000000df7d8e68,0x00000000f5600000)
  from space 87040K, 27% used [0x00000000f5600000,0x00000000f6daefc0,0x00000000fab00000)
  to   space 87040K, 0% used [0x00000000fab00000,0x00000000fab00000,0x0000000100000000)
 ParOldGen       total 1398272K, used 23911K [0x0000000080000000, 0x00000000d5580000, 0x00000000d5580000)
  object space 1398272K, 1% used [0x0000000080000000,0x0000000081759e60,0x00000000d5580000)
 Metaspace       used 57385K, capacity 58800K, committed 59008K, reserved 1101824K
  class space    used 6634K, capacity 6922K, committed 7040K, reserved 1048576K
Event: 12.774 GC heap after
Heap after GC invocations=6 (full 2):
 PSYoungGen      total 611840K, used 16949K [0x00000000d5580000, 0x0000000100000000, 0x0000000100000000)
  eden space 524800K, 0% used [0x00000000d5580000,0x00000000d5580000,0x00000000f5600000)
  from space 87040K, 19% used [0x00000000fab00000,0x00000000fbb8d460,0x0000000100000000)
  to   space 87040K, 0% used [0x00000000f5600000,0x00000000f5600000,0x00000000fab00000)
 ParOldGen       total 1398272K, used 23919K [0x0000000080000000, 0x00000000d5580000, 0x00000000d5580000)
  object space 1398272K, 1% used [0x0000000080000000,0x000000008175be60,0x00000000d5580000)
 Metaspace       used 57385K, capacity 58800K, committed 59008K, reserved 1101824K
  class space    used 6634K, capacity 6922K, committed 7040K, reserved 1048576K
}
Event: 12.774 GC heap before
{Heap before GC invocations=7 (full 3):
 PSYoungGen      total 611840K, used 16949K [0x00000000d5580000, 0x0000000100000000, 0x0000000100000000)
  eden space 524800K, 0% used [0x00000000d5580000,0x00000000d5580000,0x00000000f5600000)
  from space 87040K, 19% used [0x00000000fab00000,0x00000000fbb8d460,0x0000000100000000)
  to   space 87040K, 0% used [0x00000000f5600000,0x00000000f5600000,0x00000000fab00000)
 ParOldGen       total 1398272K, used 23919K [0x0000000080000000, 0x00000000d5580000, 0x00000000d5580000)
  object space 1398272K, 1% used [0x0000000080000000,0x000000008175be60,0x00000000d5580000)
 Metaspace       used 57385K, capacity 58800K, committed 59008K, reserved 1101824K
  class space    used 6634K, capacity 6922K, committed 7040K, reserved 1048576K
Event: 13.044 GC heap after
Heap after GC invocations=7 (full 3):
 PSYoungGen      total 611840K, used 0K [0x00000000d5580000, 0x0000000100000000, 0x0000000100000000)
  eden space 524800K, 0% used [0x00000000d5580000,0x00000000d5580000,0x00000000f5600000)
  from space 87040K, 0% used [0x00000000fab00000,0x00000000fab00000,0x0000000100000000)
  to   space 87040K, 0% used [0x00000000f5600000,0x00000000f5600000,0x00000000fab00000)
 ParOldGen       total 1398272K, used 28861K [0x0000000080000000, 0x00000000d5580000, 0x00000000d5580000)
  object space 1398272K, 2% used [0x0000000080000000,0x0000000081c2f500,0x00000000d5580000)
 Metaspace       used 57367K, capacity 58754K, committed 59008K, reserved 1101824K
  class space    used 6628K, capacity 6911K, committed 7040K, reserved 1048576K
}

