# JRE version: OpenJDK Runtime Environment (8.0_212-b04) (build 1.8.0_212-b04)
# Java VM: OpenJDK 64-Bit Server VM (25.212-b04 mixed mode linux-amd64 compressed oops)
Heap:
 PSYoungGen      total 574464K, used 224232K [0x00000000d5580000, 0x0000000100000000, 0x0000000100000000)
  eden space 450048K, 34% used [0x00000000d5580000,0x00000000ded8c680,0x00000000f0d00000)
  from space 124416K, 55% used [0x00000000f0d00000,0x00000000f4fedd00,0x00000000f8680000)
  to   space 122368K, 0% used [0x00000000f8880000,0x00000000f8880000,0x0000000100000000)
 ParOldGen       total 1398272K, used 85402K [0x0000000080000000, 0x00000000d5580000, 0x00000000d5580000)
  object space 1398272K, 6% used [0x0000000080000000,0x0000000085366b08,0x00000000d5580000)
 Metaspace       used 68276K, capacity 71676K, committed 71808K, reserved 1112064K
  class space    used 7645K, capacity 8210K, committed 8320K, reserved 1048576K
GC Heap History (10 events):
Event: 12.455 GC heap before
{Heap before GC invocations=6 (full 3):
 PSYoungGen      total 611840K, used 33942K [0x00000000d5580000, 0x0000000100000000, 0x0000000100000000)
  eden space 524800K, 0% used [0x00000000d5580000,0x00000000d5580000,0x00000000f5600000)
  from space 87040K, 38% used [0x00000000f5600000,0x00000000f7725ba8,0x00000000fab00000)
  to   space 87040K, 0% used [0x00000000fab00000,0x00000000fab00000,0x0000000100000000)
 ParOldGen       total 1398272K, used 23493K [0x0000000080000000, 0x00000000d5580000, 0x00000000d5580000)
  object space 1398272K, 1% used [0x0000000080000000,0x00000000816f16d0,0x00000000d5580000)
 Metaspace       used 57499K, capacity 58858K, committed 59028K, reserved 1101824K
  class space    used 6630K, capacity 6895K, committed 6912K, reserved 1048576K
Event: 12.743 GC heap after
Heap after GC invocations=6 (full 3):
 PSYoungGen      total 611840K, used 0K [0x00000000d5580000, 0x0000000100000000, 0x0000000100000000)
  eden space 524800K, 0% used [0x00000000d5580000,0x00000000d5580000,0x00000000f5600000)
  from space 87040K, 0% used [0x00000000f5600000,0x00000000f5600000,0x00000000fab00000)
  to   space 87040K, 0% used [0x00000000fab00000,0x00000000fab00000,0x0000000100000000)
 ParOldGen       total 1398272K, used 44442K [0x0000000080000000, 0x00000000d5580000, 0x00000000d5580000)
  object space 1398272K, 3% used [0x0000000080000000,0x0000000082b66af8,0x00000000d5580000)
 Metaspace       used 57472K, capacity 58792K, committed 59028K, reserved 1101824K
  class space    used 6621K, capacity 6880K, committed 6912K, reserved 1048576K
}
Event: 33.869 GC heap before
{Heap before GC invocations=7 (full 3):
 PSYoungGen      total 611840K, used 524404K [0x00000000d5580000, 0x0000000100000000, 0x0000000100000000)
  eden space 524800K, 99% used [0x00000000d5580000,0x00000000f559d268,0x00000000f5600000)
  from space 87040K, 0% used [0x00000000f5600000,0x00000000f5600000,0x00000000fab00000)
  to   space 87040K, 0% used [0x00000000fab00000,0x00000000fab00000,0x0000000100000000)
 ParOldGen       total 1398272K, used 44442K [0x0000000080000000, 0x00000000d5580000, 0x00000000d5580000)
  object space 1398272K, 3% used [0x0000000080000000,0x0000000082b66af8,0x00000000d5580000)
 Metaspace       used 66158K, capacity 69002K, committed 69248K, reserved 1110016K
  class space    used 7533K, capacity 8021K, committed 8064K, reserved 1048576K
Event: 33.995 GC heap after
Heap after GC invocations=7 (full 3):
 PSYoungGen      total 611840K, used 54838K [0x00000000d5580000, 0x0000000100000000, 0x0000000100000000)
  eden space 524800K, 0% used [0x00000000d5580000,0x00000000d5580000,0x00000000f5600000)
  from space 87040K, 63% used [0x00000000fab00000,0x00000000fe08da30,0x0000000100000000)
  to   space 87040K, 0% used [0x00000000f5600000,0x00000000f5600000,0x00000000fab00000)
 ParOldGen       total 1398272K, used 44450K [0x0000000080000000, 0x00000000d5580000, 0x00000000d5580000)
  object space 1398272K, 3% used [0x0000000080000000,0x0000000082b68af8,0x00000000d5580000)
 Metaspace       used 66158K, capacity 69002K, committed 69248K, reserved 1110016K
  class space    used 7533K, capacity 8021K, committed 8064K, reserved 1048576K
}
Event: 37.994 GC heap before
{Heap before GC invocations=8 (full 3):
 PSYoungGen      total 611840K, used 574460K [0x00000000d5580000, 0x0000000100000000, 0x0000000100000000)
  eden space 524800K, 99% used [0x00000000d5580000,0x00000000f50f1998,0x00000000f5600000)
  from space 87040K, 63% used [0x00000000fab00000,0x00000000fe08da30,0x0000000100000000)
  to   space 87040K, 0% used [0x00000000f5600000,0x00000000f5600000,0x00000000fab00000)
 ParOldGen       total 1398272K, used 44450K [0x0000000080000000, 0x00000000d5580000, 0x00000000d5580000)
  object space 1398272K, 3% used [0x0000000080000000,0x0000000082b68af8,0x00000000d5580000)
 Metaspace       used 66836K, capacity 69794K, committed 70144K, reserved 1112064K
  class space    used 7571K, capacity 8079K, committed 8192K, reserved 1048576K
Event: 38.078 GC heap after
Heap after GC invocations=8 (full 3):
 PSYoungGen      total 599552K, used 74457K [0x00000000d5580000, 0x00000000ff900000, 0x0000000100000000)
  eden space 524800K, 0% used [0x00000000d5580000,0x00000000d5580000,0x00000000f5600000)
  from space 74752K, 99% used [0x00000000f5600000,0x00000000f9eb6578,0x00000000f9f00000)
  to   space 83456K, 0% used [0x00000000fa780000,0x00000000fa780000,0x00000000ff900000)
 ParOldGen       total 1398272K, used 44458K [0x0000000080000000, 0x00000000d5580000, 0x00000000d5580000)
  object space 1398272K, 3% used [0x0000000080000000,0x0000000082b6aaf8,0x00000000d5580000)
 Metaspace       used 66836K, capacity 69794K, committed 70144K, reserved 1112064K
  class space    used 7571K, capacity 8079K, committed 8192K, reserved 1048576K
}
Event: 44.310 GC heap before
{Heap before GC invocations=9 (full 3):
 PSYoungGen      total 599552K, used 585752K [0x00000000d5580000, 0x00000000ff900000, 0x0000000100000000)
  eden space 524800K, 97% used [0x00000000d5580000,0x00000000f48cfbf8,0x00000000f5600000)
  from space 74752K, 99% used [0x00000000f5600000,0x00000000f9eb6578,0x00000000f9f00000)
  to   space 83456K, 0% used [0x00000000fa780000,0x00000000fa780000,0x00000000ff900000)
 ParOldGen       total 1398272K, used 44458K [0x0000000080000000, 0x00000000d5580000, 0x00000000d5580000)
  object space 1398272K, 3% used [0x0000000080000000,0x0000000082b6aaf8,0x00000000d5580000)
 Metaspace       used 67951K, capacity 71254K, committed 71424K, reserved 1112064K
  class space    used 7633K, capacity 8189K, committed 8192K, reserved 1048576K
Event: 44.395 GC heap after
Heap after GC invocations=9 (full 3):
 PSYoungGen      total 533504K, used 83446K [0x00000000d5580000, 0x0000000100000000, 0x0000000100000000)
  eden space 450048K, 0% used [0x00000000d5580000,0x00000000d5580000,0x00000000f0d00000)
  from space 83456K, 99% used [0x00000000fa780000,0x00000000ff8fd9b8,0x00000000ff900000)
  to   space 124416K, 0% used [0x00000000f0d00000,0x00000000f0d00000,0x00000000f8680000)
 ParOldGen       total 1398272K, used 85402K [0x0000000080000000, 0x00000000d5580000, 0x00000000d5580000)
  object space 1398272K, 6% used [0x0000000080000000,0x0000000085366b08,0x00000000d5580000)
 Metaspace       used 67951K, capacity 71254K, committed 71424K, reserved 1112064K
  class space    used 7633K, capacity 8189K, committed 8192K, reserved 1048576K
}
Event: 44.867 GC heap before
{Heap before GC invocations=10 (full 3):
 PSYoungGen      total 533504K, used 529101K [0x00000000d5580000, 0x0000000100000000, 0x0000000100000000)
  eden space 450048K, 99% used [0x00000000d5580000,0x00000000f08b5d58,0x00000000f0d00000)
  from space 83456K, 99% used [0x00000000fa780000,0x00000000ff8fd9b8,0x00000000ff900000)
  to   space 124416K, 0% used [0x00000000f0d00000,0x00000000f0d00000,0x00000000f8680000)
 ParOldGen       total 1398272K, used 85402K [0x0000000080000000, 0x00000000d5580000, 0x00000000d5580000)
  object space 1398272K, 6% used [0x0000000080000000,0x0000000085366b08,0x00000000d5580000)
 Metaspace       used 68103K, capacity 71448K, committed 71808K, reserved 1112064K
  class space    used 7645K, capacity 8210K, committed 8320K, reserved 1048576K
Event: 44.905 GC heap after
Heap after GC invocations=10 (full 3):
 PSYoungGen      total 574464K, used 68535K [0x00000000d5580000, 0x0000000100000000, 0x0000000100000000)
  eden space 450048K, 0% used [0x00000000d5580000,0x00000000d5580000,0x00000000f0d00000)
  from space 124416K, 55% used [0x00000000f0d00000,0x00000000f4fedd00,0x00000000f8680000)
  to   space 122368K, 0% used [0x00000000f8880000,0x00000000f8880000,0x0000000100000000)
 ParOldGen       total 1398272K, used 85402K [0x0000000080000000, 0x00000000d5580000, 0x00000000d5580000)
  object space 1398272K, 6% used [0x0000000080000000,0x0000000085366b08,0x00000000d5580000)
 Metaspace       used 68103K, capacity 71448K, committed 71808K, reserved 1112064K
  class space    used 7645K, capacity 8210K, committed 8320K, reserved 1048576K
}

