# JRE version: OpenJDK Runtime Environment (8.0_212-b04) (build 1.8.0_212-b04)
# Java VM: OpenJDK 64-Bit Server VM (25.212-b04 mixed mode linux-amd64 compressed oops)
Heap:
 PSYoungGen      total 562688K, used 111182K [0x00000000d5580000, 0x0000000100000000, 0x0000000100000000)
  eden space 427520K, 7% used [0x00000000d5580000,0x00000000d73d3160,0x00000000ef700000)
  from space 135168K, 59% used [0x00000000f7c00000,0x00000000fca406f8,0x0000000100000000)
  to   space 135680K, 0% used [0x00000000ef700000,0x00000000ef700000,0x00000000f7b80000)
 ParOldGen       total 1398272K, used 84096K [0x0000000080000000, 0x00000000d5580000, 0x00000000d5580000)
  object space 1398272K, 6% used [0x0000000080000000,0x00000000852201f0,0x00000000d5580000)
 Metaspace       used 72766K, capacity 76398K, committed 76672K, reserved 1118208K
  class space    used 7886K, capacity 8523K, committed 8576K, reserved 1048576K
GC Heap History (10 events):
Event: 93.126 GC heap before
{Heap before GC invocations=7 (full 3):
 PSYoungGen      total 611840K, used 524800K [0x00000000d5580000, 0x0000000100000000, 0x0000000100000000)
  eden space 524800K, 100% used [0x00000000d5580000,0x00000000f5600000,0x00000000f5600000)
  from space 87040K, 0% used [0x00000000f5600000,0x00000000f5600000,0x00000000fab00000)
  to   space 87040K, 0% used [0x00000000fab00000,0x00000000fab00000,0x0000000100000000)
 ParOldGen       total 1398272K, used 44356K [0x0000000080000000, 0x00000000d5580000, 0x00000000d5580000)
  object space 1398272K, 3% used [0x0000000080000000,0x0000000082b512c0,0x00000000d5580000)
 Metaspace       used 65930K, capacity 68508K, committed 68736K, reserved 1110016K
  class space    used 7497K, capacity 7954K, committed 8064K, reserved 1048576K
Event: 93.251 GC heap after
Heap after GC invocations=7 (full 3):
 PSYoungGen      total 611840K, used 41034K [0x00000000d5580000, 0x0000000100000000, 0x0000000100000000)
  eden space 524800K, 0% used [0x00000000d5580000,0x00000000d5580000,0x00000000f5600000)
  from space 87040K, 47% used [0x00000000fab00000,0x00000000fd312a78,0x0000000100000000)
  to   space 87040K, 0% used [0x00000000f5600000,0x00000000f5600000,0x00000000fab00000)
 ParOldGen       total 1398272K, used 44364K [0x0000000080000000, 0x00000000d5580000, 0x00000000d5580000)
  object space 1398272K, 3% used [0x0000000080000000,0x0000000082b532c0,0x00000000d5580000)
 Metaspace       used 65930K, capacity 68508K, committed 68736K, reserved 1110016K
  class space    used 7497K, capacity 7954K, committed 8064K, reserved 1048576K
}
Event: 324.253 GC heap before
{Heap before GC invocations=8 (full 3):
 PSYoungGen      total 611840K, used 565834K [0x00000000d5580000, 0x0000000100000000, 0x0000000100000000)
  eden space 524800K, 100% used [0x00000000d5580000,0x00000000f5600000,0x00000000f5600000)
  from space 87040K, 47% used [0x00000000fab00000,0x00000000fd312a78,0x0000000100000000)
  to   space 87040K, 0% used [0x00000000f5600000,0x00000000f5600000,0x00000000fab00000)
 ParOldGen       total 1398272K, used 44364K [0x0000000080000000, 0x00000000d5580000, 0x00000000d5580000)
  object space 1398272K, 3% used [0x0000000080000000,0x0000000082b532c0,0x00000000d5580000)
 Metaspace       used 69805K, capacity 72938K, committed 73088K, reserved 1114112K
  class space    used 7755K, capacity 8307K, committed 8320K, reserved 1048576K
Event: 324.486 GC heap after
Heap after GC invocations=8 (full 3):
 PSYoungGen      total 611840K, used 87034K [0x00000000d5580000, 0x0000000100000000, 0x0000000100000000)
  eden space 524800K, 0% used [0x00000000d5580000,0x00000000d5580000,0x00000000f5600000)
  from space 87040K, 99% used [0x00000000f5600000,0x00000000faafe860,0x00000000fab00000)
  to   space 87040K, 0% used [0x00000000fab00000,0x00000000fab00000,0x0000000100000000)
 ParOldGen       total 1398272K, used 53951K [0x0000000080000000, 0x00000000d5580000, 0x00000000d5580000)
  object space 1398272K, 3% used [0x0000000080000000,0x00000000834aff40,0x00000000d5580000)
 Metaspace       used 69805K, capacity 72938K, committed 73088K, reserved 1114112K
  class space    used 7755K, capacity 8307K, committed 8320K, reserved 1048576K
}
Event: 572.178 GC heap before
{Heap before GC invocations=9 (full 3):
 PSYoungGen      total 611840K, used 611833K [0x00000000d5580000, 0x0000000100000000, 0x0000000100000000)
  eden space 524800K, 99% used [0x00000000d5580000,0x00000000f55ffd90,0x00000000f5600000)
  from space 87040K, 99% used [0x00000000f5600000,0x00000000faafe860,0x00000000fab00000)
  to   space 87040K, 0% used [0x00000000fab00000,0x00000000fab00000,0x0000000100000000)
 ParOldGen       total 1398272K, used 53951K [0x0000000080000000, 0x00000000d5580000, 0x00000000d5580000)
  object space 1398272K, 3% used [0x0000000080000000,0x00000000834aff40,0x00000000d5580000)
 Metaspace       used 71239K, capacity 74628K, committed 74752K, reserved 1116160K
  class space    used 7842K, capacity 8438K, committed 8448K, reserved 1048576K
Event: 572.461 GC heap after
Heap after GC invocations=9 (full 3):
 PSYoungGen      total 534016K, used 87019K [0x00000000d5580000, 0x0000000100000000, 0x0000000100000000)
  eden space 446976K, 0% used [0x00000000d5580000,0x00000000d5580000,0x00000000f0a00000)
  from space 87040K, 99% used [0x00000000fab00000,0x00000000ffffaf20,0x0000000100000000)
  to   space 125952K, 0% used [0x00000000f0a00000,0x00000000f0a00000,0x00000000f8500000)
 ParOldGen       total 1398272K, used 84072K [0x0000000080000000, 0x00000000d5580000, 0x00000000d5580000)
  object space 1398272K, 6% used [0x0000000080000000,0x000000008521a1f0,0x00000000d5580000)
 Metaspace       used 71239K, capacity 74628K, committed 74752K, reserved 1116160K
  class space    used 7842K, capacity 8438K, committed 8448K, reserved 1048576K
}
Event: 663.379 GC heap before
{Heap before GC invocations=10 (full 3):
 PSYoungGen      total 534016K, used 533995K [0x00000000d5580000, 0x0000000100000000, 0x0000000100000000)
  eden space 446976K, 100% used [0x00000000d5580000,0x00000000f0a00000,0x00000000f0a00000)
  from space 87040K, 99% used [0x00000000fab00000,0x00000000ffffaf20,0x0000000100000000)
  to   space 125952K, 0% used [0x00000000f0a00000,0x00000000f0a00000,0x00000000f8500000)
 ParOldGen       total 1398272K, used 84072K [0x0000000080000000, 0x00000000d5580000, 0x00000000d5580000)
  object space 1398272K, 6% used [0x0000000080000000,0x000000008521a1f0,0x00000000d5580000)
 Metaspace       used 72101K, capacity 75646K, committed 75904K, reserved 1116160K
  class space    used 7872K, capacity 8481K, committed 8576K, reserved 1048576K
Event: 663.619 GC heap after
Heap after GC invocations=10 (full 3):
 PSYoungGen      total 533504K, used 91487K [0x00000000d5580000, 0x0000000100000000, 0x0000000100000000)
  eden space 441856K, 0% used [0x00000000d5580000,0x00000000d5580000,0x00000000f0500000)
  from space 91648K, 99% used [0x00000000f0a00000,0x00000000f6357d40,0x00000000f6380000)
  to   space 135168K, 0% used [0x00000000f7c00000,0x00000000f7c00000,0x0000000100000000)
 ParOldGen       total 1398272K, used 84088K [0x0000000080000000, 0x00000000d5580000, 0x00000000d5580000)
  object space 1398272K, 6% used [0x0000000080000000,0x000000008521e1f0,0x00000000d5580000)
 Metaspace       used 72101K, capacity 75646K, committed 75904K, reserved 1116160K
  class space    used 7872K, capacity 8481K, committed 8576K, reserved 1048576K
}
Event: 728.004 GC heap before
{Heap before GC invocations=11 (full 3):
 PSYoungGen      total 533504K, used 533343K [0x00000000d5580000, 0x0000000100000000, 0x0000000100000000)
  eden space 441856K, 100% used [0x00000000d5580000,0x00000000f0500000,0x00000000f0500000)
  from space 91648K, 99% used [0x00000000f0a00000,0x00000000f6357d40,0x00000000f6380000)
  to   space 135168K, 0% used [0x00000000f7c00000,0x00000000f7c00000,0x0000000100000000)
 ParOldGen       total 1398272K, used 84088K [0x0000000080000000, 0x00000000d5580000, 0x00000000d5580000)
  object space 1398272K, 6% used [0x0000000080000000,0x000000008521e1f0,0x00000000d5580000)
 Metaspace       used 72664K, capacity 76306K, committed 76416K, reserved 1118208K
  class space    used 7884K, capacity 8519K, committed 8576K, reserved 1048576K
Event: 728.195 GC heap after
Heap after GC invocations=11 (full 3):
 PSYoungGen      total 562688K, used 80129K [0x00000000d5580000, 0x0000000100000000, 0x0000000100000000)
  eden space 427520K, 0% used [0x00000000d5580000,0x00000000d5580000,0x00000000ef700000)
  from space 135168K, 59% used [0x00000000f7c00000,0x00000000fca406f8,0x0000000100000000)
  to   space 135680K, 0% used [0x00000000ef700000,0x00000000ef700000,0x00000000f7b80000)
 ParOldGen       total 1398272K, used 84096K [0x0000000080000000, 0x00000000d5580000, 0x00000000d5580000)
  object space 1398272K, 6% used [0x0000000080000000,0x00000000852201f0,0x00000000d5580000)
 Metaspace       used 72664K, capacity 76306K, committed 76416K, reserved 1118208K
  class space    used 7884K, capacity 8519K, committed 8576K, reserved 1048576K
}

