# JRE version: OpenJDK Runtime Environment (8.0_212-b04) (build 1.8.0_212-b04)
# Java VM: OpenJDK 64-Bit Server VM (25.212-b04 mixed mode linux-amd64 compressed oops)
Heap:
 PSYoungGen      total 611840K, used 306800K [0x00000000d5580000, 0x0000000100000000, 0x0000000100000000)
  eden space 524800K, 58% used [0x00000000d5580000,0x00000000e811c130,0x00000000f5600000)
  from space 87040K, 0% used [0x00000000fab00000,0x00000000fab00000,0x0000000100000000)
  to   space 87040K, 0% used [0x00000000f5600000,0x00000000f5600000,0x00000000fab00000)
 ParOldGen       total 1398272K, used 31647K [0x0000000080000000, 0x00000000d5580000, 0x00000000d5580000)
  object space 1398272K, 2% used [0x0000000080000000,0x0000000081ee7c88,0x00000000d5580000)
 Metaspace       used 63280K, capacity 65650K, committed 65920K, reserved 1107968K
  class space    used 7272K, capacity 7693K, committed 7808K, reserved 1048576K
GC Heap History (10 events):
Event: 4.982 GC heap before
{Heap before GC invocations=3 (full 1):
 PSYoungGen      total 611840K, used 434547K [0x00000000d5580000, 0x0000000100000000, 0x0000000100000000)
  eden space 524800K, 82% used [0x00000000d5580000,0x00000000efddcf78,0x00000000f5600000)
  from space 87040K, 0% used [0x00000000f5600000,0x00000000f5600000,0x00000000fab00000)
  to   space 87040K, 0% used [0x00000000fab00000,0x00000000fab00000,0x0000000100000000)
 ParOldGen       total 891392K, used 13764K [0x0000000080000000, 0x00000000b6680000, 0x00000000d5580000)
  object space 891392K, 1% used [0x0000000080000000,0x0000000080d71268,0x00000000b6680000)
 Metaspace       used 34833K, capacity 35188K, committed 35416K, reserved 1081344K
  class space    used 3969K, capacity 4092K, committed 4096K, reserved 1048576K
Event: 5.020 GC heap after
Heap after GC invocations=3 (full 1):
 PSYoungGen      total 611840K, used 19221K [0x00000000d5580000, 0x0000000100000000, 0x0000000100000000)
  eden space 524800K, 0% used [0x00000000d5580000,0x00000000d5580000,0x00000000f5600000)
  from space 87040K, 22% used [0x00000000fab00000,0x00000000fbdc5500,0x0000000100000000)
  to   space 87040K, 0% used [0x00000000f5600000,0x00000000f5600000,0x00000000fab00000)
 ParOldGen       total 891392K, used 13772K [0x0000000080000000, 0x00000000b6680000, 0x00000000d5580000)
  object space 891392K, 1% used [0x0000000080000000,0x0000000080d73268,0x00000000b6680000)
 Metaspace       used 34833K, capacity 35188K, committed 35416K, reserved 1081344K
  class space    used 3969K, capacity 4092K, committed 4096K, reserved 1048576K
}
Event: 5.020 GC heap before
{Heap before GC invocations=4 (full 2):
 PSYoungGen      total 611840K, used 19221K [0x00000000d5580000, 0x0000000100000000, 0x0000000100000000)
  eden space 524800K, 0% used [0x00000000d5580000,0x00000000d5580000,0x00000000f5600000)
  from space 87040K, 22% used [0x00000000fab00000,0x00000000fbdc5500,0x0000000100000000)
  to   space 87040K, 0% used [0x00000000f5600000,0x00000000f5600000,0x00000000fab00000)
 ParOldGen       total 891392K, used 13772K [0x0000000080000000, 0x00000000b6680000, 0x00000000d5580000)
  object space 891392K, 1% used [0x0000000080000000,0x0000000080d73268,0x00000000b6680000)
 Metaspace       used 34833K, capacity 35188K, committed 35416K, reserved 1081344K
  class space    used 3969K, capacity 4092K, committed 4096K, reserved 1048576K
Event: 5.142 GC heap after
Heap after GC invocations=4 (full 2):
 PSYoungGen      total 611840K, used 0K [0x00000000d5580000, 0x0000000100000000, 0x0000000100000000)
  eden space 524800K, 0% used [0x00000000d5580000,0x00000000d5580000,0x00000000f5600000)
  from space 87040K, 0% used [0x00000000fab00000,0x00000000fab00000,0x0000000100000000)
  to   space 87040K, 0% used [0x00000000f5600000,0x00000000f5600000,0x00000000fab00000)
 ParOldGen       total 1398272K, used 23523K [0x0000000080000000, 0x00000000d5580000, 0x00000000d5580000)
  object space 1398272K, 1% used [0x0000000080000000,0x00000000816f8f18,0x00000000d5580000)
 Metaspace       used 34833K, capacity 35188K, committed 35416K, reserved 1081344K
  class space    used 3969K, capacity 4092K, committed 4096K, reserved 1048576K
}
Event: 11.703 GC heap before
{Heap before GC invocations=5 (full 2):
 PSYoungGen      total 611840K, used 524800K [0x00000000d5580000, 0x0000000100000000, 0x0000000100000000)
  eden space 524800K, 100% used [0x00000000d5580000,0x00000000f5600000,0x00000000f5600000)
  from space 87040K, 0% used [0x00000000fab00000,0x00000000fab00000,0x0000000100000000)
  to   space 87040K, 0% used [0x00000000f5600000,0x00000000f5600000,0x00000000fab00000)
 ParOldGen       total 1398272K, used 23523K [0x0000000080000000, 0x00000000d5580000, 0x00000000d5580000)
  object space 1398272K, 1% used [0x0000000080000000,0x00000000816f8f18,0x00000000d5580000)
 Metaspace       used 51730K, capacity 53078K, committed 53248K, reserved 1095680K
  class space    used 6062K, capacity 6313K, committed 6400K, reserved 1048576K
Event: 11.790 GC heap after
Heap after GC invocations=5 (full 2):
 PSYoungGen      total 611840K, used 25991K [0x00000000d5580000, 0x0000000100000000, 0x0000000100000000)
  eden space 524800K, 0% used [0x00000000d5580000,0x00000000d5580000,0x00000000f5600000)
  from space 87040K, 29% used [0x00000000f5600000,0x00000000f6f61ef0,0x00000000fab00000)
  to   space 87040K, 0% used [0x00000000fab00000,0x00000000fab00000,0x0000000100000000)
 ParOldGen       total 1398272K, used 23531K [0x0000000080000000, 0x00000000d5580000, 0x00000000d5580000)
  object space 1398272K, 1% used [0x0000000080000000,0x00000000816faf18,0x00000000d5580000)
 Metaspace       used 51730K, capacity 53078K, committed 53248K, reserved 1095680K
  class space    used 6062K, capacity 6313K, committed 6400K, reserved 1048576K
}
Event: 12.911 GC heap before
{Heap before GC invocations=6 (full 2):
 PSYoungGen      total 611840K, used 170206K [0x00000000d5580000, 0x0000000100000000, 0x0000000100000000)
  eden space 524800K, 27% used [0x00000000d5580000,0x00000000de255d08,0x00000000f5600000)
  from space 87040K, 29% used [0x00000000f5600000,0x00000000f6f61ef0,0x00000000fab00000)
  to   space 87040K, 0% used [0x00000000fab00000,0x00000000fab00000,0x0000000100000000)
 ParOldGen       total 1398272K, used 23531K [0x0000000080000000, 0x00000000d5580000, 0x00000000d5580000)
  object space 1398272K, 1% used [0x0000000080000000,0x00000000816faf18,0x00000000d5580000)
 Metaspace       used 57225K, capacity 58902K, committed 59008K, reserved 1101824K
  class space    used 6624K, capacity 6953K, committed 7040K, reserved 1048576K
Event: 12.959 GC heap after
Heap after GC invocations=6 (full 2):
 PSYoungGen      total 611840K, used 20104K [0x00000000d5580000, 0x0000000100000000, 0x0000000100000000)
  eden space 524800K, 0% used [0x00000000d5580000,0x00000000d5580000,0x00000000f5600000)
  from space 87040K, 23% used [0x00000000fab00000,0x00000000fbea22f8,0x0000000100000000)
  to   space 87040K, 0% used [0x00000000f5600000,0x00000000f5600000,0x00000000fab00000)
 ParOldGen       total 1398272K, used 23539K [0x0000000080000000, 0x00000000d5580000, 0x00000000d5580000)
  object space 1398272K, 1% used [0x0000000080000000,0x00000000816fcf18,0x00000000d5580000)
 Metaspace       used 57225K, capacity 58902K, committed 59008K, reserved 1101824K
  class space    used 6624K, capacity 6953K, committed 7040K, reserved 1048576K
}
Event: 12.959 GC heap before
{Heap before GC invocations=7 (full 3):
 PSYoungGen      total 611840K, used 20104K [0x00000000d5580000, 0x0000000100000000, 0x0000000100000000)
  eden space 524800K, 0% used [0x00000000d5580000,0x00000000d5580000,0x00000000f5600000)
  from space 87040K, 23% used [0x00000000fab00000,0x00000000fbea22f8,0x0000000100000000)
  to   space 87040K, 0% used [0x00000000f5600000,0x00000000f5600000,0x00000000fab00000)
 ParOldGen       total 1398272K, used 23539K [0x0000000080000000, 0x00000000d5580000, 0x00000000d5580000)
  object space 1398272K, 1% used [0x0000000080000000,0x00000000816fcf18,0x00000000d5580000)
 Metaspace       used 57225K, capacity 58902K, committed 59008K, reserved 1101824K
  class space    used 6624K, capacity 6953K, committed 7040K, reserved 1048576K
Event: 13.260 GC heap after
Heap after GC invocations=7 (full 3):
 PSYoungGen      total 611840K, used 0K [0x00000000d5580000, 0x0000000100000000, 0x0000000100000000)
  eden space 524800K, 0% used [0x00000000d5580000,0x00000000d5580000,0x00000000f5600000)
  from space 87040K, 0% used [0x00000000fab00000,0x00000000fab00000,0x0000000100000000)
  to   space 87040K, 0% used [0x00000000f5600000,0x00000000f5600000,0x00000000fab00000)
 ParOldGen       total 1398272K, used 31647K [0x0000000080000000, 0x00000000d5580000, 0x00000000d5580000)
  object space 1398272K, 2% used [0x0000000080000000,0x0000000081ee7c88,0x00000000d5580000)
 Metaspace       used 57164K, capacity 58734K, committed 59008K, reserved 1101824K
  class space    used 6603K, capacity 6915K, committed 7040K, reserved 1048576K
}

