# JRE version: OpenJDK Runtime Environment (8.0_212-b04) (build 1.8.0_212-b04)
# Java VM: OpenJDK 64-Bit Server VM (25.212-b04 mixed mode linux-amd64 compressed oops)
Heap:
 PSYoungGen      total 530944K, used 116666K [0x00000000d5580000, 0x0000000100000000, 0x0000000100000000)
  eden space 375296K, 1% used [0x00000000d5580000,0x00000000d5aea518,0x00000000ec400000)
  from space 155648K, 71% used [0x00000000f6800000,0x00000000fd4842e8,0x0000000100000000)
  to   space 161792K, 0% used [0x00000000ec400000,0x00000000ec400000,0x00000000f6200000)
 ParOldGen       total 1398272K, used 54757K [0x0000000080000000, 0x00000000d5580000, 0x00000000d5580000)
  object space 1398272K, 3% used [0x0000000080000000,0x0000000083579558,0x00000000d5580000)
 Metaspace       used 72665K, capacity 76155K, committed 76288K, reserved 1118208K
  class space    used 7811K, capacity 8414K, committed 8448K, reserved 1048576K
GC Heap History (10 events):
Event: 307.416 GC heap before
{Heap before GC invocations=9 (full 3):
 PSYoungGen      total 601088K, used 601082K [0x00000000d5580000, 0x0000000100000000, 0x0000000100000000)
  eden space 524800K, 99% used [0x00000000d5580000,0x00000000f55ffa58,0x00000000f5600000)
  from space 76288K, 99% used [0x00000000f5600000,0x00000000fa07f0d0,0x00000000fa080000)
  to   space 97792K, 0% used [0x00000000fa080000,0x00000000fa080000,0x0000000100000000)
 ParOldGen       total 1398272K, used 54725K [0x0000000080000000, 0x00000000d5580000, 0x00000000d5580000)
  object space 1398272K, 3% used [0x0000000080000000,0x0000000083571558,0x00000000d5580000)
 Metaspace       used 70964K, capacity 74297K, committed 74496K, reserved 1116160K
  class space    used 7765K, capacity 8345K, committed 8448K, reserved 1048576K
Event: 307.595 GC heap after
Heap after GC invocations=9 (full 3):
 PSYoungGen      total 549888K, used 92918K [0x00000000d5580000, 0x0000000100000000, 0x0000000100000000)
  eden space 452096K, 0% used [0x00000000d5580000,0x00000000d5580000,0x00000000f0f00000)
  from space 97792K, 95% used [0x00000000fa080000,0x00000000ffb3daf0,0x0000000100000000)
  to   space 123392K, 0% used [0x00000000f0f00000,0x00000000f0f00000,0x00000000f8780000)
 ParOldGen       total 1398272K, used 54733K [0x0000000080000000, 0x00000000d5580000, 0x00000000d5580000)
  object space 1398272K, 3% used [0x0000000080000000,0x0000000083573558,0x00000000d5580000)
 Metaspace       used 70964K, capacity 74297K, committed 74496K, reserved 1116160K
  class space    used 7765K, capacity 8345K, committed 8448K, reserved 1048576K
}
Event: 360.728 GC heap before
{Heap before GC invocations=10 (full 3):
 PSYoungGen      total 549888K, used 545014K [0x00000000d5580000, 0x0000000100000000, 0x0000000100000000)
  eden space 452096K, 100% used [0x00000000d5580000,0x00000000f0f00000,0x00000000f0f00000)
  from space 97792K, 95% used [0x00000000fa080000,0x00000000ffb3daf0,0x0000000100000000)
  to   space 123392K, 0% used [0x00000000f0f00000,0x00000000f0f00000,0x00000000f8780000)
 ParOldGen       total 1398272K, used 54733K [0x0000000080000000, 0x00000000d5580000, 0x00000000d5580000)
  object space 1398272K, 3% used [0x0000000080000000,0x0000000083573558,0x00000000d5580000)
 Metaspace       used 71675K, capacity 75147K, committed 75264K, reserved 1116160K
  class space    used 7796K, capacity 8390K, committed 8448K, reserved 1048576K
Event: 360.948 GC heap after
Heap after GC invocations=10 (full 3):
 PSYoungGen      total 550912K, used 98692K [0x00000000d5580000, 0x0000000100000000, 0x0000000100000000)
  eden space 452096K, 0% used [0x00000000d5580000,0x00000000d5580000,0x00000000f0f00000)
  from space 98816K, 99% used [0x00000000f0f00000,0x00000000f6f61030,0x00000000f6f80000)
  to   space 135680K, 0% used [0x00000000f7b80000,0x00000000f7b80000,0x0000000100000000)
 ParOldGen       total 1398272K, used 54741K [0x0000000080000000, 0x00000000d5580000, 0x00000000d5580000)
  object space 1398272K, 3% used [0x0000000080000000,0x0000000083575558,0x00000000d5580000)
 Metaspace       used 71675K, capacity 75147K, committed 75264K, reserved 1116160K
  class space    used 7796K, capacity 8390K, committed 8448K, reserved 1048576K
}
Event: 405.058 GC heap before
{Heap before GC invocations=11 (full 3):
 PSYoungGen      total 550912K, used 550788K [0x00000000d5580000, 0x0000000100000000, 0x0000000100000000)
  eden space 452096K, 100% used [0x00000000d5580000,0x00000000f0f00000,0x00000000f0f00000)
  from space 98816K, 99% used [0x00000000f0f00000,0x00000000f6f61030,0x00000000f6f80000)
  to   space 135680K, 0% used [0x00000000f7b80000,0x00000000f7b80000,0x0000000100000000)
 ParOldGen       total 1398272K, used 54741K [0x0000000080000000, 0x00000000d5580000, 0x00000000d5580000)
  object space 1398272K, 3% used [0x0000000080000000,0x0000000083575558,0x00000000d5580000)
 Metaspace       used 72145K, capacity 75635K, committed 75776K, reserved 1116160K
  class space    used 7799K, capacity 8392K, committed 8448K, reserved 1048576K
Event: 405.289 GC heap after
Heap after GC invocations=11 (full 3):
 PSYoungGen      total 537600K, used 111444K [0x00000000d5580000, 0x0000000100000000, 0x0000000100000000)
  eden space 401920K, 0% used [0x00000000d5580000,0x00000000d5580000,0x00000000ede00000)
  from space 135680K, 82% used [0x00000000f7b80000,0x00000000fe855330,0x0000000100000000)
  to   space 148480K, 0% used [0x00000000ede00000,0x00000000ede00000,0x00000000f6f00000)
 ParOldGen       total 1398272K, used 54749K [0x0000000080000000, 0x00000000d5580000, 0x00000000d5580000)
  object space 1398272K, 3% used [0x0000000080000000,0x0000000083577558,0x00000000d5580000)
 Metaspace       used 72145K, capacity 75635K, committed 75776K, reserved 1116160K
  class space    used 7799K, capacity 8392K, committed 8448K, reserved 1048576K
}
Event: 469.860 GC heap before
{Heap before GC invocations=12 (full 3):
 PSYoungGen      total 537600K, used 513364K [0x00000000d5580000, 0x0000000100000000, 0x0000000100000000)
  eden space 401920K, 100% used [0x00000000d5580000,0x00000000ede00000,0x00000000ede00000)
  from space 135680K, 82% used [0x00000000f7b80000,0x00000000fe855330,0x0000000100000000)
  to   space 148480K, 0% used [0x00000000ede00000,0x00000000ede00000,0x00000000f6f00000)
 ParOldGen       total 1398272K, used 54749K [0x0000000080000000, 0x00000000d5580000, 0x00000000d5580000)
  object space 1398272K, 3% used [0x0000000080000000,0x0000000083577558,0x00000000d5580000)
 Metaspace       used 72463K, capacity 76009K, committed 76288K, reserved 1118208K
  class space    used 7810K, capacity 8411K, committed 8448K, reserved 1048576K
Event: 470.082 GC heap after
Heap after GC invocations=12 (full 3):
 PSYoungGen      total 504832K, used 106801K [0x00000000d5580000, 0x0000000100000000, 0x0000000100000000)
  eden space 397824K, 0% used [0x00000000d5580000,0x00000000d5580000,0x00000000eda00000)
  from space 107008K, 99% used [0x00000000ede00000,0x00000000f464c538,0x00000000f4680000)
  to   space 155648K, 0% used [0x00000000f6800000,0x00000000f6800000,0x0000000100000000)
 ParOldGen       total 1398272K, used 54749K [0x0000000080000000, 0x00000000d5580000, 0x00000000d5580000)
  object space 1398272K, 3% used [0x0000000080000000,0x0000000083577558,0x00000000d5580000)
 Metaspace       used 72463K, capacity 76009K, committed 76288K, reserved 1118208K
  class space    used 7810K, capacity 8411K, committed 8448K, reserved 1048576K
}
Event: 616.049 GC heap before
{Heap before GC invocations=13 (full 3):
 PSYoungGen      total 504832K, used 504625K [0x00000000d5580000, 0x0000000100000000, 0x0000000100000000)
  eden space 397824K, 100% used [0x00000000d5580000,0x00000000eda00000,0x00000000eda00000)
  from space 107008K, 99% used [0x00000000ede00000,0x00000000f464c538,0x00000000f4680000)
  to   space 155648K, 0% used [0x00000000f6800000,0x00000000f6800000,0x0000000100000000)
 ParOldGen       total 1398272K, used 54749K [0x0000000080000000, 0x00000000d5580000, 0x00000000d5580000)
  object space 1398272K, 3% used [0x0000000080000000,0x0000000083577558,0x00000000d5580000)
 Metaspace       used 72664K, capacity 76155K, committed 76288K, reserved 1118208K
  class space    used 7811K, capacity 8414K, committed 8448K, reserved 1048576K
Event: 616.270 GC heap after
Heap after GC invocations=13 (full 3):
 PSYoungGen      total 530944K, used 111120K [0x00000000d5580000, 0x0000000100000000, 0x0000000100000000)
  eden space 375296K, 0% used [0x00000000d5580000,0x00000000d5580000,0x00000000ec400000)
  from space 155648K, 71% used [0x00000000f6800000,0x00000000fd4842e8,0x0000000100000000)
  to   space 161792K, 0% used [0x00000000ec400000,0x00000000ec400000,0x00000000f6200000)
 ParOldGen       total 1398272K, used 54757K [0x0000000080000000, 0x00000000d5580000, 0x00000000d5580000)
  object space 1398272K, 3% used [0x0000000080000000,0x0000000083579558,0x00000000d5580000)
 Metaspace       used 72664K, capacity 76155K, committed 76288K, reserved 1118208K
  class space    used 7811K, capacity 8414K, committed 8448K, reserved 1048576K
}

