# JRE version: OpenJDK Runtime Environment (8.0_212-b04) (build 1.8.0_212-b04)
# Java VM: OpenJDK 64-Bit Server VM (25.212-b04 mixed mode linux-amd64 compressed oops)
Heap:
 PSYoungGen      total 611840K, used 384664K [0x00000000d5580000, 0x0000000100000000, 0x0000000100000000)
  eden space 524800K, 73% used [0x00000000d5580000,0x00000000ecd26108,0x00000000f5600000)
  from space 87040K, 0% used [0x00000000f5600000,0x00000000f5600000,0x00000000fab00000)
  to   space 87040K, 0% used [0x00000000fab00000,0x00000000fab00000,0x0000000100000000)
 ParOldGen       total 1398272K, used 37807K [0x0000000080000000, 0x00000000d5580000, 0x00000000d5580000)
  object space 1398272K, 2% used [0x0000000080000000,0x00000000824ebcb8,0x00000000d5580000)
 Metaspace       used 64126K, capacity 66512K, committed 66688K, reserved 1107968K
  class space    used 7298K, capacity 7734K, committed 7808K, reserved 1048576K
GC Heap History (10 events):
Event: 2.195 GC heap before
{Heap before GC invocations=2 (full 1):
 PSYoungGen      total 611840K, used 14462K [0x00000000d5580000, 0x0000000100000000, 0x0000000100000000)
  eden space 524800K, 0% used [0x00000000d5580000,0x00000000d5580000,0x00000000f5600000)
  from space 87040K, 16% used [0x00000000f5600000,0x00000000f641f9d8,0x00000000fab00000)
  to   space 87040K, 0% used [0x00000000fab00000,0x00000000fab00000,0x0000000100000000)
 ParOldGen       total 1398272K, used 80K [0x0000000080000000, 0x00000000d5580000, 0x00000000d5580000)
  object space 1398272K, 0% used [0x0000000080000000,0x0000000080014010,0x00000000d5580000)
 Metaspace       used 20849K, capacity 21074K, committed 21248K, reserved 1069056K
  class space    used 2362K, capacity 2450K, committed 2560K, reserved 1048576K
Event: 2.266 GC heap after
Heap after GC invocations=2 (full 1):
 PSYoungGen      total 611840K, used 0K [0x00000000d5580000, 0x0000000100000000, 0x0000000100000000)
  eden space 524800K, 0% used [0x00000000d5580000,0x00000000d5580000,0x00000000f5600000)
  from space 87040K, 0% used [0x00000000f5600000,0x00000000f5600000,0x00000000fab00000)
  to   space 87040K, 0% used [0x00000000fab00000,0x00000000fab00000,0x0000000100000000)
 ParOldGen       total 806400K, used 13904K [0x0000000080000000, 0x00000000b1380000, 0x00000000d5580000)
  object space 806400K, 1% used [0x0000000080000000,0x0000000080d94198,0x00000000b1380000)
 Metaspace       used 20849K, capacity 21074K, committed 21248K, reserved 1069056K
  class space    used 2362K, capacity 2450K, committed 2560K, reserved 1048576K
}
Event: 4.163 GC heap before
{Heap before GC invocations=3 (full 1):
 PSYoungGen      total 611840K, used 466035K [0x00000000d5580000, 0x0000000100000000, 0x0000000100000000)
  eden space 524800K, 88% used [0x00000000d5580000,0x00000000f1c9cca0,0x00000000f5600000)
  from space 87040K, 0% used [0x00000000f5600000,0x00000000f5600000,0x00000000fab00000)
  to   space 87040K, 0% used [0x00000000fab00000,0x00000000fab00000,0x0000000100000000)
 ParOldGen       total 806400K, used 13904K [0x0000000080000000, 0x00000000b1380000, 0x00000000d5580000)
  object space 806400K, 1% used [0x0000000080000000,0x0000000080d94198,0x00000000b1380000)
 Metaspace       used 34790K, capacity 35156K, committed 35416K, reserved 1081344K
  class space    used 3964K, capacity 4060K, committed 4096K, reserved 1048576K
Event: 4.216 GC heap after
Heap after GC invocations=3 (full 1):
 PSYoungGen      total 611840K, used 19226K [0x00000000d5580000, 0x0000000100000000, 0x0000000100000000)
  eden space 524800K, 0% used [0x00000000d5580000,0x00000000d5580000,0x00000000f5600000)
  from space 87040K, 22% used [0x00000000fab00000,0x00000000fbdc6ad8,0x0000000100000000)
  to   space 87040K, 0% used [0x00000000f5600000,0x00000000f5600000,0x00000000fab00000)
 ParOldGen       total 806400K, used 13912K [0x0000000080000000, 0x00000000b1380000, 0x00000000d5580000)
  object space 806400K, 1% used [0x0000000080000000,0x0000000080d96198,0x00000000b1380000)
 Metaspace       used 34790K, capacity 35156K, committed 35416K, reserved 1081344K
  class space    used 3964K, capacity 4060K, committed 4096K, reserved 1048576K
}
Event: 4.216 GC heap before
{Heap before GC invocations=4 (full 2):
 PSYoungGen      total 611840K, used 19226K [0x00000000d5580000, 0x0000000100000000, 0x0000000100000000)
  eden space 524800K, 0% used [0x00000000d5580000,0x00000000d5580000,0x00000000f5600000)
  from space 87040K, 22% used [0x00000000fab00000,0x00000000fbdc6ad8,0x0000000100000000)
  to   space 87040K, 0% used [0x00000000f5600000,0x00000000f5600000,0x00000000fab00000)
 ParOldGen       total 806400K, used 13912K [0x0000000080000000, 0x00000000b1380000, 0x00000000d5580000)
  object space 806400K, 1% used [0x0000000080000000,0x0000000080d96198,0x00000000b1380000)
 Metaspace       used 34790K, capacity 35156K, committed 35416K, reserved 1081344K
  class space    used 3964K, capacity 4060K, committed 4096K, reserved 1048576K
Event: 4.321 GC heap after
Heap after GC invocations=4 (full 2):
 PSYoungGen      total 611840K, used 0K [0x00000000d5580000, 0x0000000100000000, 0x0000000100000000)
  eden space 524800K, 0% used [0x00000000d5580000,0x00000000d5580000,0x00000000f5600000)
  from space 87040K, 0% used [0x00000000fab00000,0x00000000fab00000,0x0000000100000000)
  to   space 87040K, 0% used [0x00000000f5600000,0x00000000f5600000,0x00000000fab00000)
 ParOldGen       total 1285632K, used 23679K [0x0000000080000000, 0x00000000ce780000, 0x00000000d5580000)
  object space 1285632K, 1% used [0x0000000080000000,0x000000008171ff08,0x00000000ce780000)
 Metaspace       used 34790K, capacity 35156K, committed 35416K, reserved 1081344K
  class space    used 3964K, capacity 4060K, committed 4096K, reserved 1048576K
}
Event: 10.746 GC heap before
{Heap before GC invocations=5 (full 2):
 PSYoungGen      total 611840K, used 312161K [0x00000000d5580000, 0x0000000100000000, 0x0000000100000000)
  eden space 524800K, 59% used [0x00000000d5580000,0x00000000e8658678,0x00000000f5600000)
  from space 87040K, 0% used [0x00000000fab00000,0x00000000fab00000,0x0000000100000000)
  to   space 87040K, 0% used [0x00000000f5600000,0x00000000f5600000,0x00000000fab00000)
 ParOldGen       total 1285632K, used 23679K [0x0000000080000000, 0x00000000ce780000, 0x00000000d5580000)
  object space 1285632K, 1% used [0x0000000080000000,0x000000008171ff08,0x00000000ce780000)
 Metaspace       used 57432K, capacity 58878K, committed 59008K, reserved 1101824K
  class space    used 6690K, capacity 6973K, committed 7040K, reserved 1048576K
Event: 10.788 GC heap after
Heap after GC invocations=5 (full 2):
 PSYoungGen      total 611840K, used 27172K [0x00000000d5580000, 0x0000000100000000, 0x0000000100000000)
  eden space 524800K, 0% used [0x00000000d5580000,0x00000000d5580000,0x00000000f5600000)
  from space 87040K, 31% used [0x00000000f5600000,0x00000000f70893b0,0x00000000fab00000)
  to   space 87040K, 0% used [0x00000000fab00000,0x00000000fab00000,0x0000000100000000)
 ParOldGen       total 1285632K, used 23687K [0x0000000080000000, 0x00000000ce780000, 0x00000000d5580000)
  object space 1285632K, 1% used [0x0000000080000000,0x0000000081721f08,0x00000000ce780000)
 Metaspace       used 57432K, capacity 58878K, committed 59008K, reserved 1101824K
  class space    used 6690K, capacity 6973K, committed 7040K, reserved 1048576K
}
Event: 10.788 GC heap before
{Heap before GC invocations=6 (full 3):
 PSYoungGen      total 611840K, used 27172K [0x00000000d5580000, 0x0000000100000000, 0x0000000100000000)
  eden space 524800K, 0% used [0x00000000d5580000,0x00000000d5580000,0x00000000f5600000)
  from space 87040K, 31% used [0x00000000f5600000,0x00000000f70893b0,0x00000000fab00000)
  to   space 87040K, 0% used [0x00000000fab00000,0x00000000fab00000,0x0000000100000000)
 ParOldGen       total 1285632K, used 23687K [0x0000000080000000, 0x00000000ce780000, 0x00000000d5580000)
  object space 1285632K, 1% used [0x0000000080000000,0x0000000081721f08,0x00000000ce780000)
 Metaspace       used 57432K, capacity 58878K, committed 59008K, reserved 1101824K
  class space    used 6690K, capacity 6973K, committed 7040K, reserved 1048576K
Event: 11.030 GC heap after
Heap after GC invocations=6 (full 3):
 PSYoungGen      total 611840K, used 0K [0x00000000d5580000, 0x0000000100000000, 0x0000000100000000)
  eden space 524800K, 0% used [0x00000000d5580000,0x00000000d5580000,0x00000000f5600000)
  from space 87040K, 0% used [0x00000000f5600000,0x00000000f5600000,0x00000000fab00000)
  to   space 87040K, 0% used [0x00000000fab00000,0x00000000fab00000,0x0000000100000000)
 ParOldGen       total 1398272K, used 37807K [0x0000000080000000, 0x00000000d5580000, 0x00000000d5580000)
  object space 1398272K, 2% used [0x0000000080000000,0x00000000824ebcb8,0x00000000d5580000)
 Metaspace       used 57426K, capacity 58866K, committed 59008K, reserved 1101824K
  class space    used 6688K, capacity 6969K, committed 7040K, reserved 1048576K
}

