# JRE version: OpenJDK Runtime Environment (8.0_212-b04) (build 1.8.0_212-b04)
# Java VM: OpenJDK 64-Bit Server VM (25.212-b04 mixed mode linux-amd64 compressed oops)
Heap:
 PSYoungGen      total 611840K, used 305323K [0x00000000d5580000, 0x0000000100000000, 0x0000000100000000)
  eden space 524800K, 58% used [0x00000000d5580000,0x00000000e7faadb0,0x00000000f5600000)
  from space 87040K, 0% used [0x00000000fab00000,0x00000000fab00000,0x0000000100000000)
  to   space 87040K, 0% used [0x00000000f5600000,0x00000000f5600000,0x00000000fab00000)
 ParOldGen       total 1398272K, used 23505K [0x0000000080000000, 0x00000000d5580000, 0x00000000d5580000)
  object space 1398272K, 1% used [0x0000000080000000,0x00000000816f45d8,0x00000000d5580000)
 Metaspace       used 54657K, capacity 56012K, committed 56320K, reserved 1099776K
  class space    used 6386K, capacity 6620K, committed 6656K, reserved 1048576K
GC Heap History (8 events):
Event: 2.300 GC heap before
{Heap before GC invocations=1 (full 0):
 PSYoungGen      total 611840K, used 199426K [0x00000000d5580000, 0x0000000100000000, 0x0000000100000000)
  eden space 524800K, 38% used [0x00000000d5580000,0x00000000e1840a20,0x00000000f5600000)
  from space 87040K, 0% used [0x00000000fab00000,0x00000000fab00000,0x0000000100000000)
  to   space 87040K, 0% used [0x00000000f5600000,0x00000000f5600000,0x00000000fab00000)
 ParOldGen       total 1398272K, used 0K [0x0000000080000000, 0x00000000d5580000, 0x00000000d5580000)
  object space 1398272K, 0% used [0x0000000080000000,0x0000000080000000,0x00000000d5580000)
 Metaspace       used 20814K, capacity 21074K, committed 21248K, reserved 1069056K
  class space    used 2363K, capacity 2450K, committed 2560K, reserved 1048576K
Event: 2.353 GC heap after
Heap after GC invocations=1 (full 0):
 PSYoungGen      total 611840K, used 14259K [0x00000000d5580000, 0x0000000100000000, 0x0000000100000000)
  eden space 524800K, 0% used [0x00000000d5580000,0x00000000d5580000,0x00000000f5600000)
  from space 87040K, 16% used [0x00000000f5600000,0x00000000f63ecc70,0x00000000fab00000)
  to   space 87040K, 0% used [0x00000000fab00000,0x00000000fab00000,0x0000000100000000)
 ParOldGen       total 1398272K, used 80K [0x0000000080000000, 0x00000000d5580000, 0x00000000d5580000)
  object space 1398272K, 0% used [0x0000000080000000,0x0000000080014010,0x00000000d5580000)
 Metaspace       used 20814K, capacity 21074K, committed 21248K, reserved 1069056K
  class space    used 2363K, capacity 2450K, committed 2560K, reserved 1048576K
}
Event: 2.353 GC heap before
{Heap before GC invocations=2 (full 1):
 PSYoungGen      total 611840K, used 14259K [0x00000000d5580000, 0x0000000100000000, 0x0000000100000000)
  eden space 524800K, 0% used [0x00000000d5580000,0x00000000d5580000,0x00000000f5600000)
  from space 87040K, 16% used [0x00000000f5600000,0x00000000f63ecc70,0x00000000fab00000)
  to   space 87040K, 0% used [0x00000000fab00000,0x00000000fab00000,0x0000000100000000)
 ParOldGen       total 1398272K, used 80K [0x0000000080000000, 0x00000000d5580000, 0x00000000d5580000)
  object space 1398272K, 0% used [0x0000000080000000,0x0000000080014010,0x00000000d5580000)
 Metaspace       used 20814K, capacity 21074K, committed 21248K, reserved 1069056K
  class space    used 2363K, capacity 2450K, committed 2560K, reserved 1048576K
Event: 2.439 GC heap after
Heap after GC invocations=2 (full 1):
 PSYoungGen      total 611840K, used 0K [0x00000000d5580000, 0x0000000100000000, 0x0000000100000000)
  eden space 524800K, 0% used [0x00000000d5580000,0x00000000d5580000,0x00000000f5600000)
  from space 87040K, 0% used [0x00000000f5600000,0x00000000f5600000,0x00000000fab00000)
  to   space 87040K, 0% used [0x00000000fab00000,0x00000000fab00000,0x0000000100000000)
 ParOldGen       total 861184K, used 13750K [0x0000000080000000, 0x00000000b4900000, 0x00000000d5580000)
  object space 861184K, 1% used [0x0000000080000000,0x0000000080d6db30,0x00000000b4900000)
 Metaspace       used 20814K, capacity 21074K, committed 21248K, reserved 1069056K
  class space    used 2363K, capacity 2450K, committed 2560K, reserved 1048576K
}
Event: 4.871 GC heap before
{Heap before GC invocations=3 (full 1):
 PSYoungGen      total 611840K, used 445043K [0x00000000d5580000, 0x0000000100000000, 0x0000000100000000)
  eden space 524800K, 84% used [0x00000000d5580000,0x00000000f081cf58,0x00000000f5600000)
  from space 87040K, 0% used [0x00000000f5600000,0x00000000f5600000,0x00000000fab00000)
  to   space 87040K, 0% used [0x00000000fab00000,0x00000000fab00000,0x0000000100000000)
 ParOldGen       total 861184K, used 13750K [0x0000000080000000, 0x00000000b4900000, 0x00000000d5580000)
  object space 861184K, 1% used [0x0000000080000000,0x0000000080d6db30,0x00000000b4900000)
 Metaspace       used 34788K, capacity 35188K, committed 35416K, reserved 1081344K
  class space    used 3970K, capacity 4092K, committed 4096K, reserved 1048576K
Event: 4.913 GC heap after
Heap after GC invocations=3 (full 1):
 PSYoungGen      total 611840K, used 19174K [0x00000000d5580000, 0x0000000100000000, 0x0000000100000000)
  eden space 524800K, 0% used [0x00000000d5580000,0x00000000d5580000,0x00000000f5600000)
  from space 87040K, 22% used [0x00000000fab00000,0x00000000fbdb9850,0x0000000100000000)
  to   space 87040K, 0% used [0x00000000f5600000,0x00000000f5600000,0x00000000fab00000)
 ParOldGen       total 861184K, used 13750K [0x0000000080000000, 0x00000000b4900000, 0x00000000d5580000)
  object space 861184K, 1% used [0x0000000080000000,0x0000000080d6db30,0x00000000b4900000)
 Metaspace       used 34788K, capacity 35188K, committed 35416K, reserved 1081344K
  class space    used 3970K, capacity 4092K, committed 4096K, reserved 1048576K
}
Event: 4.914 GC heap before
{Heap before GC invocations=4 (full 2):
 PSYoungGen      total 611840K, used 19174K [0x00000000d5580000, 0x0000000100000000, 0x0000000100000000)
  eden space 524800K, 0% used [0x00000000d5580000,0x00000000d5580000,0x00000000f5600000)
  from space 87040K, 22% used [0x00000000fab00000,0x00000000fbdb9850,0x0000000100000000)
  to   space 87040K, 0% used [0x00000000f5600000,0x00000000f5600000,0x00000000fab00000)
 ParOldGen       total 861184K, used 13750K [0x0000000080000000, 0x00000000b4900000, 0x00000000d5580000)
  object space 861184K, 1% used [0x0000000080000000,0x0000000080d6db30,0x00000000b4900000)
 Metaspace       used 34788K, capacity 35188K, committed 35416K, reserved 1081344K
  class space    used 3970K, capacity 4092K, committed 4096K, reserved 1048576K
Event: 5.043 GC heap after
Heap after GC invocations=4 (full 2):
 PSYoungGen      total 611840K, used 0K [0x00000000d5580000, 0x0000000100000000, 0x0000000100000000)
  eden space 524800K, 0% used [0x00000000d5580000,0x00000000d5580000,0x00000000f5600000)
  from space 87040K, 0% used [0x00000000fab00000,0x00000000fab00000,0x0000000100000000)
  to   space 87040K, 0% used [0x00000000f5600000,0x00000000f5600000,0x00000000fab00000)
 ParOldGen       total 1398272K, used 23505K [0x0000000080000000, 0x00000000d5580000, 0x00000000d5580000)
  object space 1398272K, 1% used [0x0000000080000000,0x00000000816f45d8,0x00000000d5580000)
 Metaspace       used 34788K, capacity 35188K, committed 35416K, reserved 1081344K
  class space    used 3970K, capacity 4092K, committed 4096K, reserved 1048576K
}

