# JRE version: OpenJDK Runtime Environment (8.0_212-b04) (build 1.8.0_212-b04)
# Java VM: OpenJDK 64-Bit Server VM (25.212-b04 mixed mode linux-amd64 compressed oops)
Heap:
 PSYoungGen      total 455168K, used 222281K [0x00000000d5580000, 0x0000000100000000, 0x0000000100000000)
  eden space 322048K, 27% used [0x00000000d5580000,0x00000000dacbc108,0x00000000e9000000)
  from space 133120K, 99% used [0x00000000e9000000,0x00000000f11d66e8,0x00000000f1200000)
  to   space 203264K, 0% used [0x00000000f3980000,0x00000000f3980000,0x0000000100000000)
 ParOldGen       total 1398272K, used 209703K [0x0000000080000000, 0x00000000d5580000, 0x00000000d5580000)
  object space 1398272K, 14% used [0x0000000080000000,0x000000008ccc9f40,0x00000000d5580000)
 Metaspace       used 72274K, capacity 77078K, committed 77312K, reserved 1118208K
  class space    used 8090K, capacity 8899K, committed 8960K, reserved 1048576K
GC Heap History (10 events):
Event: 11.776 GC heap before
{Heap before GC invocations=6 (full 2):
 PSYoungGen      total 611840K, used 261546K [0x00000000d5580000, 0x0000000100000000, 0x0000000100000000)
  eden space 524800K, 45% used [0x00000000d5580000,0x00000000e40df7b8,0x00000000f5600000)
  from space 87040K, 23% used [0x00000000f5600000,0x00000000f6a0b430,0x00000000fab00000)
  to   space 87040K, 0% used [0x00000000fab00000,0x00000000fab00000,0x0000000100000000)
 ParOldGen       total 1398272K, used 23602K [0x0000000080000000, 0x00000000d5580000, 0x00000000d5580000)
  object space 1398272K, 1% used [0x0000000080000000,0x000000008170c950,0x00000000d5580000)
 Metaspace       used 57404K, capacity 58968K, committed 59028K, reserved 1101824K
  class space    used 6592K, capacity 6884K, committed 6912K, reserved 1048576K
Event: 11.834 GC heap after
Heap after GC invocations=6 (full 2):
 PSYoungGen      total 611840K, used 30629K [0x00000000d5580000, 0x0000000100000000, 0x0000000100000000)
  eden space 524800K, 0% used [0x00000000d5580000,0x00000000d5580000,0x00000000f5600000)
  from space 87040K, 35% used [0x00000000fab00000,0x00000000fc8e96d0,0x0000000100000000)
  to   space 87040K, 0% used [0x00000000f5600000,0x00000000f5600000,0x00000000fab00000)
 ParOldGen       total 1398272K, used 23610K [0x0000000080000000, 0x00000000d5580000, 0x00000000d5580000)
  object space 1398272K, 1% used [0x0000000080000000,0x000000008170e950,0x00000000d5580000)
 Metaspace       used 57404K, capacity 58968K, committed 59028K, reserved 1101824K
  class space    used 6592K, capacity 6884K, committed 6912K, reserved 1048576K
}
Event: 11.834 GC heap before
{Heap before GC invocations=7 (full 3):
 PSYoungGen      total 611840K, used 30629K [0x00000000d5580000, 0x0000000100000000, 0x0000000100000000)
  eden space 524800K, 0% used [0x00000000d5580000,0x00000000d5580000,0x00000000f5600000)
  from space 87040K, 35% used [0x00000000fab00000,0x00000000fc8e96d0,0x0000000100000000)
  to   space 87040K, 0% used [0x00000000f5600000,0x00000000f5600000,0x00000000fab00000)
 ParOldGen       total 1398272K, used 23610K [0x0000000080000000, 0x00000000d5580000, 0x00000000d5580000)
  object space 1398272K, 1% used [0x0000000080000000,0x000000008170e950,0x00000000d5580000)
 Metaspace       used 57404K, capacity 58968K, committed 59028K, reserved 1101824K
  class space    used 6592K, capacity 6884K, committed 6912K, reserved 1048576K
Event: 12.121 GC heap after
Heap after GC invocations=7 (full 3):
 PSYoungGen      total 611840K, used 0K [0x00000000d5580000, 0x0000000100000000, 0x0000000100000000)
  eden space 524800K, 0% used [0x00000000d5580000,0x00000000d5580000,0x00000000f5600000)
  from space 87040K, 0% used [0x00000000fab00000,0x00000000fab00000,0x0000000100000000)
  to   space 87040K, 0% used [0x00000000f5600000,0x00000000f5600000,0x00000000fab00000)
 ParOldGen       total 1398272K, used 41704K [0x0000000080000000, 0x00000000d5580000, 0x00000000d5580000)
  object space 1398272K, 2% used [0x0000000080000000,0x00000000828ba0c8,0x00000000d5580000)
 Metaspace       used 57352K, capacity 58840K, committed 59028K, reserved 1101824K
  class space    used 6575K, capacity 6854K, committed 6912K, reserved 1048576K
}
Event: 22.811 GC heap before
{Heap before GC invocations=8 (full 3):
 PSYoungGen      total 611840K, used 524800K [0x00000000d5580000, 0x0000000100000000, 0x0000000100000000)
  eden space 524800K, 100% used [0x00000000d5580000,0x00000000f5600000,0x00000000f5600000)
  from space 87040K, 0% used [0x00000000fab00000,0x00000000fab00000,0x0000000100000000)
  to   space 87040K, 0% used [0x00000000f5600000,0x00000000f5600000,0x00000000fab00000)
 ParOldGen       total 1398272K, used 41704K [0x0000000080000000, 0x00000000d5580000, 0x00000000d5580000)
  object space 1398272K, 2% used [0x0000000080000000,0x00000000828ba0c8,0x00000000d5580000)
 Metaspace       used 66023K, capacity 70274K, committed 70400K, reserved 1112064K
  class space    used 7680K, capacity 8409K, committed 8448K, reserved 1048576K
Event: 23.057 GC heap after
Heap after GC invocations=8 (full 3):
 PSYoungGen      total 611840K, used 87018K [0x00000000d5580000, 0x0000000100000000, 0x0000000100000000)
  eden space 524800K, 0% used [0x00000000d5580000,0x00000000d5580000,0x00000000f5600000)
  from space 87040K, 99% used [0x00000000f5600000,0x00000000faafabf0,0x00000000fab00000)
  to   space 87040K, 0% used [0x00000000fab00000,0x00000000fab00000,0x0000000100000000)
 ParOldGen       total 1398272K, used 101125K [0x0000000080000000, 0x00000000d5580000, 0x00000000d5580000)
  object space 1398272K, 7% used [0x0000000080000000,0x00000000862c15b8,0x00000000d5580000)
 Metaspace       used 66023K, capacity 70274K, committed 70400K, reserved 1112064K
  class space    used 7680K, capacity 8409K, committed 8448K, reserved 1048576K
}
Event: 36.232 GC heap before
{Heap before GC invocations=9 (full 3):
 PSYoungGen      total 611840K, used 611818K [0x00000000d5580000, 0x0000000100000000, 0x0000000100000000)
  eden space 524800K, 100% used [0x00000000d5580000,0x00000000f5600000,0x00000000f5600000)
  from space 87040K, 99% used [0x00000000f5600000,0x00000000faafabf0,0x00000000fab00000)
  to   space 87040K, 0% used [0x00000000fab00000,0x00000000fab00000,0x0000000100000000)
 ParOldGen       total 1398272K, used 101125K [0x0000000080000000, 0x00000000d5580000, 0x00000000d5580000)
  object space 1398272K, 7% used [0x0000000080000000,0x00000000862c15b8,0x00000000d5580000)
 Metaspace       used 70888K, capacity 75574K, committed 75776K, reserved 1116160K
  class space    used 8037K, capacity 8847K, committed 8960K, reserved 1048576K
Event: 36.479 GC heap after
Heap after GC invocations=9 (full 3):
 PSYoungGen      total 409088K, used 87026K [0x00000000d5580000, 0x0000000100000000, 0x0000000100000000)
  eden space 322048K, 0% used [0x00000000d5580000,0x00000000d5580000,0x00000000e9000000)
  from space 87040K, 99% used [0x00000000fab00000,0x00000000ffffca60,0x0000000100000000)
  to   space 188416K, 0% used [0x00000000e9000000,0x00000000e9000000,0x00000000f4800000)
 ParOldGen       total 1398272K, used 209695K [0x0000000080000000, 0x00000000d5580000, 0x00000000d5580000)
  object space 1398272K, 14% used [0x0000000080000000,0x000000008ccc7f40,0x00000000d5580000)
 Metaspace       used 70888K, capacity 75574K, committed 75776K, reserved 1116160K
  class space    used 8037K, capacity 8847K, committed 8960K, reserved 1048576K
}
Event: 46.593 GC heap before
{Heap before GC invocations=10 (full 3):
 PSYoungGen      total 409088K, used 409074K [0x00000000d5580000, 0x0000000100000000, 0x0000000100000000)
  eden space 322048K, 100% used [0x00000000d5580000,0x00000000e9000000,0x00000000e9000000)
  from space 87040K, 99% used [0x00000000fab00000,0x00000000ffffca60,0x0000000100000000)
  to   space 188416K, 0% used [0x00000000e9000000,0x00000000e9000000,0x00000000f4800000)
 ParOldGen       total 1398272K, used 209695K [0x0000000080000000, 0x00000000d5580000, 0x00000000d5580000)
  object space 1398272K, 14% used [0x0000000080000000,0x000000008ccc7f40,0x00000000d5580000)
 Metaspace       used 72023K, capacity 76934K, committed 77056K, reserved 1118208K
  class space    used 8090K, capacity 8899K, committed 8960K, reserved 1048576K
Event: 46.730 GC heap after
Heap after GC invocations=10 (full 3):
 PSYoungGen      total 455168K, used 132953K [0x00000000d5580000, 0x0000000100000000, 0x0000000100000000)
  eden space 322048K, 0% used [0x00000000d5580000,0x00000000d5580000,0x00000000e9000000)
  from space 133120K, 99% used [0x00000000e9000000,0x00000000f11d66e8,0x00000000f1200000)
  to   space 203264K, 0% used [0x00000000f3980000,0x00000000f3980000,0x0000000100000000)
 ParOldGen       total 1398272K, used 209703K [0x0000000080000000, 0x00000000d5580000, 0x00000000d5580000)
  object space 1398272K, 14% used [0x0000000080000000,0x000000008ccc9f40,0x00000000d5580000)
 Metaspace       used 72023K, capacity 76934K, committed 77056K, reserved 1118208K
  class space    used 8090K, capacity 8899K, committed 8960K, reserved 1048576K
}

