# JRE version: OpenJDK Runtime Environment (8.0_212-b04) (build 1.8.0_212-b04)
# Java VM: OpenJDK 64-Bit Server VM (25.212-b04 mixed mode linux-amd64 compressed oops)
Heap:
 PSYoungGen      total 459264K, used 417555K [0x00000000d5580000, 0x0000000100000000, 0x0000000100000000)
  eden space 372224K, 88% used [0x00000000d5580000,0x00000000e984a498,0x00000000ec100000)
  from space 87040K, 99% used [0x00000000fab00000,0x00000000ffffab10,0x0000000100000000)
  to   space 163328K, 0% used [0x00000000ec100000,0x00000000ec100000,0x00000000f6080000)
 ParOldGen       total 1398272K, used 119704K [0x0000000080000000, 0x00000000d5580000, 0x00000000d5580000)
  object space 1398272K, 8% used [0x0000000080000000,0x00000000874e6060,0x00000000d5580000)
 Metaspace       used 67841K, capacity 71976K, committed 72024K, reserved 1112064K
  class space    used 7768K, capacity 8498K, committed 8536K, reserved 1048576K
GC Heap History (10 events):
Event: 14.916 GC heap before
{Heap before GC invocations=5 (full 2):
 PSYoungGen      total 611840K, used 521878K [0x00000000d5580000, 0x0000000100000000, 0x0000000100000000)
  eden space 524800K, 99% used [0x00000000d5580000,0x00000000f5325a08,0x00000000f5600000)
  from space 87040K, 0% used [0x00000000fab00000,0x00000000fab00000,0x0000000100000000)
  to   space 87040K, 0% used [0x00000000f5600000,0x00000000f5600000,0x00000000fab00000)
 ParOldGen       total 1398272K, used 23454K [0x0000000080000000, 0x00000000d5580000, 0x00000000d5580000)
  object space 1398272K, 1% used [0x0000000080000000,0x00000000816e7a08,0x00000000d5580000)
 Metaspace       used 56787K, capacity 58756K, committed 58968K, reserved 1101824K
  class space    used 6520K, capacity 6884K, committed 7000K, reserved 1048576K
Event: 14.974 GC heap after
Heap after GC invocations=5 (full 2):
 PSYoungGen      total 611840K, used 32891K [0x00000000d5580000, 0x0000000100000000, 0x0000000100000000)
  eden space 524800K, 0% used [0x00000000d5580000,0x00000000d5580000,0x00000000f5600000)
  from space 87040K, 37% used [0x00000000f5600000,0x00000000f761efb8,0x00000000fab00000)
  to   space 87040K, 0% used [0x00000000fab00000,0x00000000fab00000,0x0000000100000000)
 ParOldGen       total 1398272K, used 23462K [0x0000000080000000, 0x00000000d5580000, 0x00000000d5580000)
  object space 1398272K, 1% used [0x0000000080000000,0x00000000816e9a08,0x00000000d5580000)
 Metaspace       used 56787K, capacity 58756K, committed 58968K, reserved 1101824K
  class space    used 6520K, capacity 6884K, committed 7000K, reserved 1048576K
}
Event: 14.974 GC heap before
{Heap before GC invocations=6 (full 3):
 PSYoungGen      total 611840K, used 32891K [0x00000000d5580000, 0x0000000100000000, 0x0000000100000000)
  eden space 524800K, 0% used [0x00000000d5580000,0x00000000d5580000,0x00000000f5600000)
  from space 87040K, 37% used [0x00000000f5600000,0x00000000f761efb8,0x00000000fab00000)
  to   space 87040K, 0% used [0x00000000fab00000,0x00000000fab00000,0x0000000100000000)
 ParOldGen       total 1398272K, used 23462K [0x0000000080000000, 0x00000000d5580000, 0x00000000d5580000)
  object space 1398272K, 1% used [0x0000000080000000,0x00000000816e9a08,0x00000000d5580000)
 Metaspace       used 56787K, capacity 58756K, committed 58968K, reserved 1101824K
  class space    used 6520K, capacity 6884K, committed 7000K, reserved 1048576K
Event: 15.286 GC heap after
Heap after GC invocations=6 (full 3):
 PSYoungGen      total 611840K, used 0K [0x00000000d5580000, 0x0000000100000000, 0x0000000100000000)
  eden space 524800K, 0% used [0x00000000d5580000,0x00000000d5580000,0x00000000f5600000)
  from space 87040K, 0% used [0x00000000f5600000,0x00000000f5600000,0x00000000fab00000)
  to   space 87040K, 0% used [0x00000000fab00000,0x00000000fab00000,0x0000000100000000)
 ParOldGen       total 1398272K, used 43569K [0x0000000080000000, 0x00000000d5580000, 0x00000000d5580000)
  object space 1398272K, 3% used [0x0000000080000000,0x0000000082a8c630,0x00000000d5580000)
 Metaspace       used 56458K, capacity 57858K, committed 58968K, reserved 1101824K
  class space    used 6409K, capacity 6687K, committed 7000K, reserved 1048576K
}
Event: 32.791 GC heap before
{Heap before GC invocations=7 (full 3):
 PSYoungGen      total 611840K, used 522709K [0x00000000d5580000, 0x0000000100000000, 0x0000000100000000)
  eden space 524800K, 99% used [0x00000000d5580000,0x00000000f53f5410,0x00000000f5600000)
  from space 87040K, 0% used [0x00000000f5600000,0x00000000f5600000,0x00000000fab00000)
  to   space 87040K, 0% used [0x00000000fab00000,0x00000000fab00000,0x0000000100000000)
 ParOldGen       total 1398272K, used 43569K [0x0000000080000000, 0x00000000d5580000, 0x00000000d5580000)
  object space 1398272K, 3% used [0x0000000080000000,0x0000000082a8c630,0x00000000d5580000)
 Metaspace       used 66082K, capacity 69706K, committed 69848K, reserved 1110016K
  class space    used 7675K, capacity 8309K, committed 8408K, reserved 1048576K
Event: 32.890 GC heap after
Heap after GC invocations=7 (full 3):
 PSYoungGen      total 611840K, used 87020K [0x00000000d5580000, 0x0000000100000000, 0x0000000100000000)
  eden space 524800K, 0% used [0x00000000d5580000,0x00000000d5580000,0x00000000f5600000)
  from space 87040K, 99% used [0x00000000fab00000,0x00000000ffffb3f8,0x0000000100000000)
  to   space 87040K, 0% used [0x00000000f5600000,0x00000000f5600000,0x00000000fab00000)
 ParOldGen       total 1398272K, used 44280K [0x0000000080000000, 0x00000000d5580000, 0x00000000d5580000)
  object space 1398272K, 3% used [0x0000000080000000,0x0000000082b3e030,0x00000000d5580000)
 Metaspace       used 66082K, capacity 69706K, committed 69848K, reserved 1110016K
  class space    used 7675K, capacity 8309K, committed 8408K, reserved 1048576K
}
Event: 38.241 GC heap before
{Heap before GC invocations=8 (full 3):
 PSYoungGen      total 611840K, used 611015K [0x00000000d5580000, 0x0000000100000000, 0x0000000100000000)
  eden space 524800K, 99% used [0x00000000d5580000,0x00000000f5536808,0x00000000f5600000)
  from space 87040K, 99% used [0x00000000fab00000,0x00000000ffffb3f8,0x0000000100000000)
  to   space 87040K, 0% used [0x00000000f5600000,0x00000000f5600000,0x00000000fab00000)
 ParOldGen       total 1398272K, used 44280K [0x0000000080000000, 0x00000000d5580000, 0x00000000d5580000)
  object space 1398272K, 3% used [0x0000000080000000,0x0000000082b3e030,0x00000000d5580000)
 Metaspace       used 66993K, capacity 70856K, committed 71128K, reserved 1112064K
  class space    used 7725K, capacity 8390K, committed 8408K, reserved 1048576K
Event: 38.336 GC heap after
Heap after GC invocations=8 (full 3):
 PSYoungGen      total 611840K, used 87033K [0x00000000d5580000, 0x0000000100000000, 0x0000000100000000)
  eden space 524800K, 0% used [0x00000000d5580000,0x00000000d5580000,0x00000000f5600000)
  from space 87040K, 99% used [0x00000000f5600000,0x00000000faafe598,0x00000000fab00000)
  to   space 87040K, 0% used [0x00000000fab00000,0x00000000fab00000,0x0000000100000000)
 ParOldGen       total 1398272K, used 50448K [0x0000000080000000, 0x00000000d5580000, 0x00000000d5580000)
  object space 1398272K, 3% used [0x0000000080000000,0x0000000083144030,0x00000000d5580000)
 Metaspace       used 66993K, capacity 70856K, committed 71128K, reserved 1112064K
  class space    used 7725K, capacity 8390K, committed 8408K, reserved 1048576K
}
Event: 40.593 GC heap before
{Heap before GC invocations=9 (full 3):
 PSYoungGen      total 611840K, used 609793K [0x00000000d5580000, 0x0000000100000000, 0x0000000100000000)
  eden space 524800K, 99% used [0x00000000d5580000,0x00000000f54020a8,0x00000000f5600000)
  from space 87040K, 99% used [0x00000000f5600000,0x00000000faafe598,0x00000000fab00000)
  to   space 87040K, 0% used [0x00000000fab00000,0x00000000fab00000,0x0000000100000000)
 ParOldGen       total 1398272K, used 50448K [0x0000000080000000, 0x00000000d5580000, 0x00000000d5580000)
  object space 1398272K, 3% used [0x0000000080000000,0x0000000083144030,0x00000000d5580000)
 Metaspace       used 67678K, capacity 71690K, committed 72024K, reserved 1112064K
  class space    used 7755K, capacity 8445K, committed 8536K, reserved 1048576K
Event: 40.691 GC heap after
Heap after GC invocations=9 (full 3):
 PSYoungGen      total 459264K, used 87018K [0x00000000d5580000, 0x0000000100000000, 0x0000000100000000)
  eden space 372224K, 0% used [0x00000000d5580000,0x00000000d5580000,0x00000000ec100000)
  from space 87040K, 99% used [0x00000000fab00000,0x00000000ffffab10,0x0000000100000000)
  to   space 163328K, 0% used [0x00000000ec100000,0x00000000ec100000,0x00000000f6080000)
 ParOldGen       total 1398272K, used 119704K [0x0000000080000000, 0x00000000d5580000, 0x00000000d5580000)
  object space 1398272K, 8% used [0x0000000080000000,0x00000000874e6060,0x00000000d5580000)
 Metaspace       used 67678K, capacity 71690K, committed 72024K, reserved 1112064K
  class space    used 7755K, capacity 8445K, committed 8536K, reserved 1048576K
}

