# JRE version: OpenJDK Runtime Environment (8.0_212-b04) (build 1.8.0_212-b04)
# Java VM: OpenJDK 64-Bit Server VM (25.212-b04 mixed mode linux-amd64 compressed oops)
Heap:
 PSYoungGen      total 611840K, used 187675K [0x00000000d5580000, 0x0000000100000000, 0x0000000100000000)
  eden space 524800K, 35% used [0x00000000d5580000,0x00000000e0cc6cd8,0x00000000f5600000)
  from space 87040K, 0% used [0x00000000f5600000,0x00000000f5600000,0x00000000fab00000)
  to   space 87040K, 0% used [0x00000000fab00000,0x00000000fab00000,0x0000000100000000)
 ParOldGen       total 1398272K, used 39819K [0x0000000080000000, 0x00000000d5580000, 0x00000000d5580000)
  object space 1398272K, 2% used [0x0000000080000000,0x00000000826e2d00,0x00000000d5580000)
 Metaspace       used 64262K, capacity 67206K, committed 67416K, reserved 1107968K
  class space    used 7482K, capacity 8017K, committed 8024K, reserved 1048576K
GC Heap History (10 events):
Event: 2.094 GC heap before
{Heap before GC invocations=2 (full 1):
 PSYoungGen      total 611840K, used 14185K [0x00000000d5580000, 0x0000000100000000, 0x0000000100000000)
  eden space 524800K, 0% used [0x00000000d5580000,0x00000000d5580000,0x00000000f5600000)
  from space 87040K, 16% used [0x00000000f5600000,0x00000000f63da518,0x00000000fab00000)
  to   space 87040K, 0% used [0x00000000fab00000,0x00000000fab00000,0x0000000100000000)
 ParOldGen       total 1398272K, used 80K [0x0000000080000000, 0x00000000d5580000, 0x00000000d5580000)
  object space 1398272K, 0% used [0x0000000080000000,0x0000000080014010,0x00000000d5580000)
 Metaspace       used 20880K, capacity 21122K, committed 21248K, reserved 1069056K
  class space    used 2372K, capacity 2462K, committed 2560K, reserved 1048576K
Event: 2.180 GC heap after
Heap after GC invocations=2 (full 1):
 PSYoungGen      total 611840K, used 0K [0x00000000d5580000, 0x0000000100000000, 0x0000000100000000)
  eden space 524800K, 0% used [0x00000000d5580000,0x00000000d5580000,0x00000000f5600000)
  from space 87040K, 0% used [0x00000000f5600000,0x00000000f5600000,0x00000000fab00000)
  to   space 87040K, 0% used [0x00000000fab00000,0x00000000fab00000,0x0000000100000000)
 ParOldGen       total 936960K, used 13598K [0x0000000080000000, 0x00000000b9300000, 0x00000000d5580000)
  object space 936960K, 1% used [0x0000000080000000,0x0000000080d479c8,0x00000000b9300000)
 Metaspace       used 20880K, capacity 21122K, committed 21248K, reserved 1069056K
  class space    used 2372K, capacity 2462K, committed 2560K, reserved 1048576K
}
Event: 4.539 GC heap before
{Heap before GC invocations=3 (full 1):
 PSYoungGen      total 611840K, used 436647K [0x00000000d5580000, 0x0000000100000000, 0x0000000100000000)
  eden space 524800K, 83% used [0x00000000d5580000,0x00000000effe9d18,0x00000000f5600000)
  from space 87040K, 0% used [0x00000000f5600000,0x00000000f5600000,0x00000000fab00000)
  to   space 87040K, 0% used [0x00000000fab00000,0x00000000fab00000,0x0000000100000000)
 ParOldGen       total 936960K, used 13598K [0x0000000080000000, 0x00000000b9300000, 0x00000000d5580000)
  object space 936960K, 1% used [0x0000000080000000,0x0000000080d479c8,0x00000000b9300000)
 Metaspace       used 34725K, capacity 35092K, committed 35416K, reserved 1081344K
  class space    used 3967K, capacity 4100K, committed 4184K, reserved 1048576K
Event: 4.579 GC heap after
Heap after GC invocations=3 (full 1):
 PSYoungGen      total 611840K, used 19251K [0x00000000d5580000, 0x0000000100000000, 0x0000000100000000)
  eden space 524800K, 0% used [0x00000000d5580000,0x00000000d5580000,0x00000000f5600000)
  from space 87040K, 22% used [0x00000000fab00000,0x00000000fbdcce90,0x0000000100000000)
  to   space 87040K, 0% used [0x00000000f5600000,0x00000000f5600000,0x00000000fab00000)
 ParOldGen       total 936960K, used 13606K [0x0000000080000000, 0x00000000b9300000, 0x00000000d5580000)
  object space 936960K, 1% used [0x0000000080000000,0x0000000080d499c8,0x00000000b9300000)
 Metaspace       used 34725K, capacity 35092K, committed 35416K, reserved 1081344K
  class space    used 3967K, capacity 4100K, committed 4184K, reserved 1048576K
}
Event: 4.579 GC heap before
{Heap before GC invocations=4 (full 2):
 PSYoungGen      total 611840K, used 19251K [0x00000000d5580000, 0x0000000100000000, 0x0000000100000000)
  eden space 524800K, 0% used [0x00000000d5580000,0x00000000d5580000,0x00000000f5600000)
  from space 87040K, 22% used [0x00000000fab00000,0x00000000fbdcce90,0x0000000100000000)
  to   space 87040K, 0% used [0x00000000f5600000,0x00000000f5600000,0x00000000fab00000)
 ParOldGen       total 936960K, used 13606K [0x0000000080000000, 0x00000000b9300000, 0x00000000d5580000)
  object space 936960K, 1% used [0x0000000080000000,0x0000000080d499c8,0x00000000b9300000)
 Metaspace       used 34725K, capacity 35092K, committed 35416K, reserved 1081344K
  class space    used 3967K, capacity 4100K, committed 4184K, reserved 1048576K
Event: 4.703 GC heap after
Heap after GC invocations=4 (full 2):
 PSYoungGen      total 611840K, used 0K [0x00000000d5580000, 0x0000000100000000, 0x0000000100000000)
  eden space 524800K, 0% used [0x00000000d5580000,0x00000000d5580000,0x00000000f5600000)
  from space 87040K, 0% used [0x00000000fab00000,0x00000000fab00000,0x0000000100000000)
  to   space 87040K, 0% used [0x00000000f5600000,0x00000000f5600000,0x00000000fab00000)
 ParOldGen       total 1398272K, used 23542K [0x0000000080000000, 0x00000000d5580000, 0x00000000d5580000)
  object space 1398272K, 1% used [0x0000000080000000,0x00000000816fdb10,0x00000000d5580000)
 Metaspace       used 34725K, capacity 35092K, committed 35416K, reserved 1081344K
  class space    used 3967K, capacity 4100K, committed 4184K, reserved 1048576K
}
Event: 14.894 GC heap before
{Heap before GC invocations=5 (full 2):
 PSYoungGen      total 611840K, used 507581K [0x00000000d5580000, 0x0000000100000000, 0x0000000100000000)
  eden space 524800K, 96% used [0x00000000d5580000,0x00000000f452f708,0x00000000f5600000)
  from space 87040K, 0% used [0x00000000fab00000,0x00000000fab00000,0x0000000100000000)
  to   space 87040K, 0% used [0x00000000f5600000,0x00000000f5600000,0x00000000fab00000)
 ParOldGen       total 1398272K, used 23542K [0x0000000080000000, 0x00000000d5580000, 0x00000000d5580000)
  object space 1398272K, 1% used [0x0000000080000000,0x00000000816fdb10,0x00000000d5580000)
 Metaspace       used 56796K, capacity 58892K, committed 58968K, reserved 1101824K
  class space    used 6541K, capacity 6932K, committed 7000K, reserved 1048576K
Event: 14.964 GC heap after
Heap after GC invocations=5 (full 2):
 PSYoungGen      total 611840K, used 29169K [0x00000000d5580000, 0x0000000100000000, 0x0000000100000000)
  eden space 524800K, 0% used [0x00000000d5580000,0x00000000d5580000,0x00000000f5600000)
  from space 87040K, 33% used [0x00000000f5600000,0x00000000f727c670,0x00000000fab00000)
  to   space 87040K, 0% used [0x00000000fab00000,0x00000000fab00000,0x0000000100000000)
 ParOldGen       total 1398272K, used 23550K [0x0000000080000000, 0x00000000d5580000, 0x00000000d5580000)
  object space 1398272K, 1% used [0x0000000080000000,0x00000000816ffb10,0x00000000d5580000)
 Metaspace       used 56796K, capacity 58892K, committed 58968K, reserved 1101824K
  class space    used 6541K, capacity 6932K, committed 7000K, reserved 1048576K
}
Event: 14.964 GC heap before
{Heap before GC invocations=6 (full 3):
 PSYoungGen      total 611840K, used 29169K [0x00000000d5580000, 0x0000000100000000, 0x0000000100000000)
  eden space 524800K, 0% used [0x00000000d5580000,0x00000000d5580000,0x00000000f5600000)
  from space 87040K, 33% used [0x00000000f5600000,0x00000000f727c670,0x00000000fab00000)
  to   space 87040K, 0% used [0x00000000fab00000,0x00000000fab00000,0x0000000100000000)
 ParOldGen       total 1398272K, used 23550K [0x0000000080000000, 0x00000000d5580000, 0x00000000d5580000)
  object space 1398272K, 1% used [0x0000000080000000,0x00000000816ffb10,0x00000000d5580000)
 Metaspace       used 56796K, capacity 58892K, committed 58968K, reserved 1101824K
  class space    used 6541K, capacity 6932K, committed 7000K, reserved 1048576K
Event: 15.251 GC heap after
Heap after GC invocations=6 (full 3):
 PSYoungGen      total 611840K, used 0K [0x00000000d5580000, 0x0000000100000000, 0x0000000100000000)
  eden space 524800K, 0% used [0x00000000d5580000,0x00000000d5580000,0x00000000f5600000)
  from space 87040K, 0% used [0x00000000f5600000,0x00000000f5600000,0x00000000fab00000)
  to   space 87040K, 0% used [0x00000000fab00000,0x00000000fab00000,0x0000000100000000)
 ParOldGen       total 1398272K, used 39819K [0x0000000080000000, 0x00000000d5580000, 0x00000000d5580000)
  object space 1398272K, 2% used [0x0000000080000000,0x00000000826e2d00,0x00000000d5580000)
 Metaspace       used 56389K, capacity 57790K, committed 58968K, reserved 1101824K
  class space    used 6403K, capacity 6687K, committed 7000K, reserved 1048576K
}

