# JRE version: OpenJDK Runtime Environment (8.0_212-b04) (build 1.8.0_212-b04)
# Java VM: OpenJDK 64-Bit Server VM (25.212-b04 mixed mode linux-amd64 compressed oops)
Heap:
 PSYoungGen      total 494080K, used 179968K [0x00000000d5580000, 0x0000000100000000, 0x0000000100000000)
  eden space 401920K, 21% used [0x00000000d5580000,0x00000000dabb9de8,0x00000000ede00000)
  from space 92160K, 99% used [0x00000000ede00000,0x00000000f37864a0,0x00000000f3800000)
  to   space 152064K, 0% used [0x00000000f6b80000,0x00000000f6b80000,0x0000000100000000)
 ParOldGen       total 1398272K, used 116631K [0x0000000080000000, 0x00000000d5580000, 0x00000000d5580000)
  object space 1398272K, 8% used [0x0000000080000000,0x00000000871e5fe8,0x00000000d5580000)
 Metaspace       used 67156K, capacity 70418K, committed 70656K, reserved 1112064K
  class space    used 7526K, capacity 8105K, committed 8192K, reserved 1048576K
GC Heap History (10 events):
Event: 12.464 GC heap before
{Heap before GC invocations=6 (full 3):
 PSYoungGen      total 611840K, used 33784K [0x00000000d5580000, 0x0000000100000000, 0x0000000100000000)
  eden space 524800K, 0% used [0x00000000d5580000,0x00000000d5580000,0x00000000f5600000)
  from space 87040K, 38% used [0x00000000f5600000,0x00000000f76fe138,0x00000000fab00000)
  to   space 87040K, 0% used [0x00000000fab00000,0x00000000fab00000,0x0000000100000000)
 ParOldGen       total 1398272K, used 23543K [0x0000000080000000, 0x00000000d5580000, 0x00000000d5580000)
  object space 1398272K, 1% used [0x0000000080000000,0x00000000816fdf20,0x00000000d5580000)
 Metaspace       used 57491K, capacity 58882K, committed 59028K, reserved 1101824K
  class space    used 6633K, capacity 6901K, committed 6912K, reserved 1048576K
Event: 12.743 GC heap after
Heap after GC invocations=6 (full 3):
 PSYoungGen      total 611840K, used 0K [0x00000000d5580000, 0x0000000100000000, 0x0000000100000000)
  eden space 524800K, 0% used [0x00000000d5580000,0x00000000d5580000,0x00000000f5600000)
  from space 87040K, 0% used [0x00000000f5600000,0x00000000f5600000,0x00000000fab00000)
  to   space 87040K, 0% used [0x00000000fab00000,0x00000000fab00000,0x0000000100000000)
 ParOldGen       total 1398272K, used 44331K [0x0000000080000000, 0x00000000d5580000, 0x00000000d5580000)
  object space 1398272K, 3% used [0x0000000080000000,0x0000000082b4ae20,0x00000000d5580000)
 Metaspace       used 57458K, capacity 58800K, committed 59028K, reserved 1101824K
  class space    used 6622K, capacity 6882K, committed 6912K, reserved 1048576K
}
Event: 31.458 GC heap before
{Heap before GC invocations=7 (full 3):
 PSYoungGen      total 611840K, used 510256K [0x00000000d5580000, 0x0000000100000000, 0x0000000100000000)
  eden space 524800K, 97% used [0x00000000d5580000,0x00000000f47cc070,0x00000000f5600000)
  from space 87040K, 0% used [0x00000000f5600000,0x00000000f5600000,0x00000000fab00000)
  to   space 87040K, 0% used [0x00000000fab00000,0x00000000fab00000,0x0000000100000000)
 ParOldGen       total 1398272K, used 44331K [0x0000000080000000, 0x00000000d5580000, 0x00000000d5580000)
  object space 1398272K, 3% used [0x0000000080000000,0x0000000082b4ae20,0x00000000d5580000)
 Metaspace       used 65200K, capacity 68100K, committed 68224K, reserved 1110016K
  class space    used 7455K, capacity 7992K, committed 8064K, reserved 1048576K
Event: 31.563 GC heap after
Heap after GC invocations=7 (full 3):
 PSYoungGen      total 611840K, used 65148K [0x00000000d5580000, 0x0000000100000000, 0x0000000100000000)
  eden space 524800K, 0% used [0x00000000d5580000,0x00000000d5580000,0x00000000f5600000)
  from space 87040K, 74% used [0x00000000fab00000,0x00000000fea9f2a8,0x0000000100000000)
  to   space 87040K, 0% used [0x00000000f5600000,0x00000000f5600000,0x00000000fab00000)
 ParOldGen       total 1398272K, used 44331K [0x0000000080000000, 0x00000000d5580000, 0x00000000d5580000)
  object space 1398272K, 3% used [0x0000000080000000,0x0000000082b4ae20,0x00000000d5580000)
 Metaspace       used 65200K, capacity 68100K, committed 68224K, reserved 1110016K
  class space    used 7455K, capacity 7992K, committed 8064K, reserved 1048576K
}
Event: 38.018 GC heap before
{Heap before GC invocations=8 (full 3):
 PSYoungGen      total 611840K, used 585517K [0x00000000d5580000, 0x0000000100000000, 0x0000000100000000)
  eden space 524800K, 99% used [0x00000000d5580000,0x00000000f51ac310,0x00000000f5600000)
  from space 87040K, 74% used [0x00000000fab00000,0x00000000fea9f2a8,0x0000000100000000)
  to   space 87040K, 0% used [0x00000000f5600000,0x00000000f5600000,0x00000000fab00000)
 ParOldGen       total 1398272K, used 44331K [0x0000000080000000, 0x00000000d5580000, 0x00000000d5580000)
  object space 1398272K, 3% used [0x0000000080000000,0x0000000082b4ae20,0x00000000d5580000)
 Metaspace       used 65918K, capacity 69000K, committed 69248K, reserved 1110016K
  class space    used 7477K, capacity 8022K, committed 8064K, reserved 1048576K
Event: 38.086 GC heap after
Heap after GC invocations=8 (full 3):
 PSYoungGen      total 599040K, used 73914K [0x00000000d5580000, 0x0000000100000000, 0x0000000100000000)
  eden space 524800K, 0% used [0x00000000d5580000,0x00000000d5580000,0x00000000f5600000)
  from space 74240K, 99% used [0x00000000f5600000,0x00000000f9e2e810,0x00000000f9e80000)
  to   space 88576K, 0% used [0x00000000fa980000,0x00000000fa980000,0x0000000100000000)
 ParOldGen       total 1398272K, used 44339K [0x0000000080000000, 0x00000000d5580000, 0x00000000d5580000)
  object space 1398272K, 3% used [0x0000000080000000,0x0000000082b4ce20,0x00000000d5580000)
 Metaspace       used 65918K, capacity 69000K, committed 69248K, reserved 1110016K
  class space    used 7477K, capacity 8022K, committed 8064K, reserved 1048576K
}
Event: 41.685 GC heap before
{Heap before GC invocations=9 (full 3):
 PSYoungGen      total 599040K, used 593698K [0x00000000d5580000, 0x0000000100000000, 0x0000000100000000)
  eden space 524800K, 99% used [0x00000000d5580000,0x00000000f511a040,0x00000000f5600000)
  from space 74240K, 99% used [0x00000000f5600000,0x00000000f9e2e810,0x00000000f9e80000)
  to   space 88576K, 0% used [0x00000000fa980000,0x00000000fa980000,0x0000000100000000)
 ParOldGen       total 1398272K, used 44339K [0x0000000080000000, 0x00000000d5580000, 0x00000000d5580000)
  object space 1398272K, 3% used [0x0000000080000000,0x0000000082b4ce20,0x00000000d5580000)
 Metaspace       used 66746K, capacity 70004K, committed 70144K, reserved 1112064K
  class space    used 7523K, capacity 8104K, committed 8192K, reserved 1048576K
Event: 41.775 GC heap after
Heap after GC invocations=9 (full 3):
 PSYoungGen      total 490496K, used 88568K [0x00000000d5580000, 0x0000000100000000, 0x0000000100000000)
  eden space 401920K, 0% used [0x00000000d5580000,0x00000000d5580000,0x00000000ede00000)
  from space 88576K, 99% used [0x00000000fa980000,0x00000000ffffe298,0x0000000100000000)
  to   space 148480K, 0% used [0x00000000ede00000,0x00000000ede00000,0x00000000f6f00000)
 ParOldGen       total 1398272K, used 116631K [0x0000000080000000, 0x00000000d5580000, 0x00000000d5580000)
  object space 1398272K, 8% used [0x0000000080000000,0x00000000871e5fe8,0x00000000d5580000)
 Metaspace       used 66746K, capacity 70004K, committed 70144K, reserved 1112064K
  class space    used 7523K, capacity 8104K, committed 8192K, reserved 1048576K
}
Event: 43.209 GC heap before
{Heap before GC invocations=10 (full 3):
 PSYoungGen      total 490496K, used 490488K [0x00000000d5580000, 0x0000000100000000, 0x0000000100000000)
  eden space 401920K, 100% used [0x00000000d5580000,0x00000000ede00000,0x00000000ede00000)
  from space 88576K, 99% used [0x00000000fa980000,0x00000000ffffe298,0x0000000100000000)
  to   space 148480K, 0% used [0x00000000ede00000,0x00000000ede00000,0x00000000f6f00000)
 ParOldGen       total 1398272K, used 116631K [0x0000000080000000, 0x00000000d5580000, 0x00000000d5580000)
  object space 1398272K, 8% used [0x0000000080000000,0x00000000871e5fe8,0x00000000d5580000)
 Metaspace       used 66988K, capacity 70282K, committed 70400K, reserved 1112064K
  class space    used 7526K, capacity 8105K, committed 8192K, reserved 1048576K
Event: 43.248 GC heap after
Heap after GC invocations=10 (full 3):
 PSYoungGen      total 494080K, used 91673K [0x00000000d5580000, 0x0000000100000000, 0x0000000100000000)
  eden space 401920K, 0% used [0x00000000d5580000,0x00000000d5580000,0x00000000ede00000)
  from space 92160K, 99% used [0x00000000ede00000,0x00000000f37864a0,0x00000000f3800000)
  to   space 152064K, 0% used [0x00000000f6b80000,0x00000000f6b80000,0x0000000100000000)
 ParOldGen       total 1398272K, used 116631K [0x0000000080000000, 0x00000000d5580000, 0x00000000d5580000)
  object space 1398272K, 8% used [0x0000000080000000,0x00000000871e5fe8,0x00000000d5580000)
 Metaspace       used 66988K, capacity 70282K, committed 70400K, reserved 1112064K
  class space    used 7526K, capacity 8105K, committed 8192K, reserved 1048576K
}

