# JRE version: OpenJDK Runtime Environment (8.0_212-b04) (build 1.8.0_212-b04)
# Java VM: OpenJDK 64-Bit Server VM (25.212-b04 mixed mode linux-amd64 compressed oops)
Heap:
 PSYoungGen      total 576512K, used 192441K [0x00000000d5580000, 0x0000000100000000, 0x0000000100000000)
  eden space 454144K, 33% used [0x00000000d5580000,0x00000000debb6e28,0x00000000f1100000)
  from space 122368K, 31% used [0x00000000f1100000,0x00000000f36b79d0,0x00000000f8880000)
  to   space 114688K, 0% used [0x00000000f9000000,0x00000000f9000000,0x0000000100000000)
 ParOldGen       total 1398272K, used 102253K [0x0000000080000000, 0x00000000d5580000, 0x00000000d5580000)
  object space 1398272K, 7% used [0x0000000080000000,0x00000000863db670,0x00000000d5580000)
 Metaspace       used 68401K, capacity 71600K, committed 71808K, reserved 1112064K
  class space    used 7635K, capacity 8198K, committed 8320K, reserved 1048576K
GC Heap History (10 events):
Event: 12.641 GC heap before
{Heap before GC invocations=6 (full 2):
 PSYoungGen      total 611840K, used 174504K [0x00000000d5580000, 0x0000000100000000, 0x0000000100000000)
  eden space 524800K, 28% used [0x00000000d5580000,0x00000000de685a20,0x00000000f5600000)
  from space 87040K, 29% used [0x00000000f5600000,0x00000000f6f646a8,0x00000000fab00000)
  to   space 87040K, 0% used [0x00000000fab00000,0x00000000fab00000,0x0000000100000000)
 ParOldGen       total 1398272K, used 23548K [0x0000000080000000, 0x00000000d5580000, 0x00000000d5580000)
  object space 1398272K, 1% used [0x0000000080000000,0x00000000816ff110,0x00000000d5580000)
 Metaspace       used 57211K, capacity 58870K, committed 59008K, reserved 1101824K
  class space    used 6614K, capacity 6923K, committed 7040K, reserved 1048576K
Event: 12.679 GC heap after
Heap after GC invocations=6 (full 2):
 PSYoungGen      total 611840K, used 21320K [0x00000000d5580000, 0x0000000100000000, 0x0000000100000000)
  eden space 524800K, 0% used [0x00000000d5580000,0x00000000d5580000,0x00000000f5600000)
  from space 87040K, 24% used [0x00000000fab00000,0x00000000fbfd2358,0x0000000100000000)
  to   space 87040K, 0% used [0x00000000f5600000,0x00000000f5600000,0x00000000fab00000)
 ParOldGen       total 1398272K, used 23556K [0x0000000080000000, 0x00000000d5580000, 0x00000000d5580000)
  object space 1398272K, 1% used [0x0000000080000000,0x0000000081701110,0x00000000d5580000)
 Metaspace       used 57211K, capacity 58870K, committed 59008K, reserved 1101824K
  class space    used 6614K, capacity 6923K, committed 7040K, reserved 1048576K
}
Event: 12.679 GC heap before
{Heap before GC invocations=7 (full 3):
 PSYoungGen      total 611840K, used 21320K [0x00000000d5580000, 0x0000000100000000, 0x0000000100000000)
  eden space 524800K, 0% used [0x00000000d5580000,0x00000000d5580000,0x00000000f5600000)
  from space 87040K, 24% used [0x00000000fab00000,0x00000000fbfd2358,0x0000000100000000)
  to   space 87040K, 0% used [0x00000000f5600000,0x00000000f5600000,0x00000000fab00000)
 ParOldGen       total 1398272K, used 23556K [0x0000000080000000, 0x00000000d5580000, 0x00000000d5580000)
  object space 1398272K, 1% used [0x0000000080000000,0x0000000081701110,0x00000000d5580000)
 Metaspace       used 57211K, capacity 58870K, committed 59008K, reserved 1101824K
  class space    used 6614K, capacity 6923K, committed 7040K, reserved 1048576K
Event: 12.922 GC heap after
Heap after GC invocations=7 (full 3):
 PSYoungGen      total 611840K, used 0K [0x00000000d5580000, 0x0000000100000000, 0x0000000100000000)
  eden space 524800K, 0% used [0x00000000d5580000,0x00000000d5580000,0x00000000f5600000)
  from space 87040K, 0% used [0x00000000fab00000,0x00000000fab00000,0x0000000100000000)
  to   space 87040K, 0% used [0x00000000f5600000,0x00000000f5600000,0x00000000fab00000)
 ParOldGen       total 1398272K, used 32859K [0x0000000080000000, 0x00000000d5580000, 0x00000000d5580000)
  object space 1398272K, 2% used [0x0000000080000000,0x0000000082016fb0,0x00000000d5580000)
 Metaspace       used 57147K, capacity 58698K, committed 59008K, reserved 1101824K
  class space    used 6591K, capacity 6883K, committed 7040K, reserved 1048576K
}
Event: 29.670 GC heap before
{Heap before GC invocations=8 (full 3):
 PSYoungGen      total 611840K, used 524800K [0x00000000d5580000, 0x0000000100000000, 0x0000000100000000)
  eden space 524800K, 100% used [0x00000000d5580000,0x00000000f5600000,0x00000000f5600000)
  from space 87040K, 0% used [0x00000000fab00000,0x00000000fab00000,0x0000000100000000)
  to   space 87040K, 0% used [0x00000000f5600000,0x00000000f5600000,0x00000000fab00000)
 ParOldGen       total 1398272K, used 32859K [0x0000000080000000, 0x00000000d5580000, 0x00000000d5580000)
  object space 1398272K, 2% used [0x0000000080000000,0x0000000082016fb0,0x00000000d5580000)
 Metaspace       used 65637K, capacity 68480K, committed 68736K, reserved 1110016K
  class space    used 7499K, capacity 7998K, committed 8064K, reserved 1048576K
Event: 29.882 GC heap after
Heap after GC invocations=8 (full 3):
 PSYoungGen      total 611840K, used 87032K [0x00000000d5580000, 0x00000000feb00000, 0x0000000100000000)
  eden space 524800K, 0% used [0x00000000d5580000,0x00000000d5580000,0x00000000f5600000)
  from space 87040K, 99% used [0x00000000f5600000,0x00000000faafe010,0x00000000fab00000)
  to   space 65536K, 0% used [0x00000000fab00000,0x00000000fab00000,0x00000000feb00000)
 ParOldGen       total 1398272K, used 39311K [0x0000000080000000, 0x00000000d5580000, 0x00000000d5580000)
  object space 1398272K, 2% used [0x0000000080000000,0x0000000082663e80,0x00000000d5580000)
 Metaspace       used 65637K, capacity 68480K, committed 68736K, reserved 1110016K
  class space    used 7499K, capacity 7998K, committed 8064K, reserved 1048576K
}
Event: 47.304 GC heap before
{Heap before GC invocations=9 (full 3):
 PSYoungGen      total 611840K, used 611481K [0x00000000d5580000, 0x00000000feb00000, 0x0000000100000000)
  eden space 524800K, 99% used [0x00000000d5580000,0x00000000f55a8660,0x00000000f5600000)
  from space 87040K, 99% used [0x00000000f5600000,0x00000000faafe010,0x00000000fab00000)
  to   space 65536K, 0% used [0x00000000fab00000,0x00000000fab00000,0x00000000feb00000)
 ParOldGen       total 1398272K, used 39311K [0x0000000080000000, 0x00000000d5580000, 0x00000000d5580000)
  object space 1398272K, 2% used [0x0000000080000000,0x0000000082663e80,0x00000000d5580000)
 Metaspace       used 67097K, capacity 70152K, committed 70400K, reserved 1112064K
  class space    used 7586K, capacity 8122K, committed 8192K, reserved 1048576K
Event: 47.452 GC heap after
Heap after GC invocations=9 (full 3):
 PSYoungGen      total 519680K, used 65513K [0x00000000d5580000, 0x0000000100000000, 0x0000000100000000)
  eden space 454144K, 0% used [0x00000000d5580000,0x00000000d5580000,0x00000000f1100000)
  from space 65536K, 99% used [0x00000000fab00000,0x00000000feafa6c8,0x00000000feb00000)
  to   space 122368K, 0% used [0x00000000f1100000,0x00000000f1100000,0x00000000f8880000)
 ParOldGen       total 1398272K, used 102245K [0x0000000080000000, 0x00000000d5580000, 0x00000000d5580000)
  object space 1398272K, 7% used [0x0000000080000000,0x00000000863d9670,0x00000000d5580000)
 Metaspace       used 67097K, capacity 70152K, committed 70400K, reserved 1112064K
  class space    used 7586K, capacity 8122K, committed 8192K, reserved 1048576K
}
Event: 81.047 GC heap before
{Heap before GC invocations=10 (full 3):
 PSYoungGen      total 519680K, used 519657K [0x00000000d5580000, 0x0000000100000000, 0x0000000100000000)
  eden space 454144K, 100% used [0x00000000d5580000,0x00000000f1100000,0x00000000f1100000)
  from space 65536K, 99% used [0x00000000fab00000,0x00000000feafa6c8,0x00000000feb00000)
  to   space 122368K, 0% used [0x00000000f1100000,0x00000000f1100000,0x00000000f8880000)
 ParOldGen       total 1398272K, used 102245K [0x0000000080000000, 0x00000000d5580000, 0x00000000d5580000)
  object space 1398272K, 7% used [0x0000000080000000,0x00000000863d9670,0x00000000d5580000)
 Metaspace       used 68136K, capacity 71318K, committed 71552K, reserved 1112064K
  class space    used 7628K, capacity 8195K, committed 8320K, reserved 1048576K
Event: 81.125 GC heap after
Heap after GC invocations=10 (full 3):
 PSYoungGen      total 576512K, used 38622K [0x00000000d5580000, 0x0000000100000000, 0x0000000100000000)
  eden space 454144K, 0% used [0x00000000d5580000,0x00000000d5580000,0x00000000f1100000)
  from space 122368K, 31% used [0x00000000f1100000,0x00000000f36b79d0,0x00000000f8880000)
  to   space 114688K, 0% used [0x00000000f9000000,0x00000000f9000000,0x0000000100000000)
 ParOldGen       total 1398272K, used 102253K [0x0000000080000000, 0x00000000d5580000, 0x00000000d5580000)
  object space 1398272K, 7% used [0x0000000080000000,0x00000000863db670,0x00000000d5580000)
 Metaspace       used 68136K, capacity 71318K, committed 71552K, reserved 1112064K
  class space    used 7628K, capacity 8195K, committed 8320K, reserved 1048576K
}

