# JRE version: OpenJDK Runtime Environment (8.0_212-b04) (build 1.8.0_212-b04)
# Java VM: OpenJDK 64-Bit Server VM (25.212-b04 mixed mode linux-amd64 compressed oops)
Heap:
 PSYoungGen      total 611840K, used 424279K [0x00000000d5580000, 0x0000000100000000, 0x0000000100000000)
  eden space 524800K, 77% used [0x00000000d5580000,0x00000000ee1a4100,0x00000000f5600000)
  from space 87040K, 21% used [0x00000000fab00000,0x00000000fbd31b58,0x0000000100000000)
  to   space 87040K, 0% used [0x00000000f5600000,0x00000000f5600000,0x00000000fab00000)
 ParOldGen       total 858624K, used 11997K [0x0000000080000000, 0x00000000b4680000, 0x00000000d5580000)
  object space 858624K, 1% used [0x0000000080000000,0x0000000080bb7430,0x00000000b4680000)
 Metaspace       used 33318K, capacity 33962K, committed 34176K, reserved 1079296K
  class space    used 3739K, capacity 3896K, committed 3968K, reserved 1048576K
GC Heap History (6 events):
Event: 2.692 GC heap before
{Heap before GC invocations=1 (full 0):
 PSYoungGen      total 611840K, used 209921K [0x00000000d5580000, 0x0000000100000000, 0x0000000100000000)
  eden space 524800K, 40% used [0x00000000d5580000,0x00000000e22805a0,0x00000000f5600000)
  from space 87040K, 0% used [0x00000000fab00000,0x00000000fab00000,0x0000000100000000)
  to   space 87040K, 0% used [0x00000000f5600000,0x00000000f5600000,0x00000000fab00000)
 ParOldGen       total 1398272K, used 0K [0x0000000080000000, 0x00000000d5580000, 0x00000000d5580000)
  object space 1398272K, 0% used [0x0000000080000000,0x0000000080000000,0x00000000d5580000)
 Metaspace       used 20786K, capacity 21054K, committed 21248K, reserved 1069056K
  class space    used 2361K, capacity 2484K, committed 2560K, reserved 1048576K
Event: 2.731 GC heap after
Heap after GC invocations=1 (full 0):
 PSYoungGen      total 611840K, used 12446K [0x00000000d5580000, 0x0000000100000000, 0x0000000100000000)
  eden space 524800K, 0% used [0x00000000d5580000,0x00000000d5580000,0x00000000f5600000)
  from space 87040K, 14% used [0x00000000f5600000,0x00000000f6227860,0x00000000fab00000)
  to   space 87040K, 0% used [0x00000000fab00000,0x00000000fab00000,0x0000000100000000)
 ParOldGen       total 1398272K, used 72K [0x0000000080000000, 0x00000000d5580000, 0x00000000d5580000)
  object space 1398272K, 0% used [0x0000000080000000,0x0000000080012010,0x00000000d5580000)
 Metaspace       used 20786K, capacity 21054K, committed 21248K, reserved 1069056K
  class space    used 2361K, capacity 2484K, committed 2560K, reserved 1048576K
}
Event: 2.731 GC heap before
{Heap before GC invocations=2 (full 1):
 PSYoungGen      total 611840K, used 12446K [0x00000000d5580000, 0x0000000100000000, 0x0000000100000000)
  eden space 524800K, 0% used [0x00000000d5580000,0x00000000d5580000,0x00000000f5600000)
  from space 87040K, 14% used [0x00000000f5600000,0x00000000f6227860,0x00000000fab00000)
  to   space 87040K, 0% used [0x00000000fab00000,0x00000000fab00000,0x0000000100000000)
 ParOldGen       total 1398272K, used 72K [0x0000000080000000, 0x00000000d5580000, 0x00000000d5580000)
  object space 1398272K, 0% used [0x0000000080000000,0x0000000080012010,0x00000000d5580000)
 Metaspace       used 20786K, capacity 21054K, committed 21248K, reserved 1069056K
  class space    used 2361K, capacity 2484K, committed 2560K, reserved 1048576K
Event: 2.794 GC heap after
Heap after GC invocations=2 (full 1):
 PSYoungGen      total 611840K, used 0K [0x00000000d5580000, 0x0000000100000000, 0x0000000100000000)
  eden space 524800K, 0% used [0x00000000d5580000,0x00000000d5580000,0x00000000f5600000)
  from space 87040K, 0% used [0x00000000f5600000,0x00000000f5600000,0x00000000fab00000)
  to   space 87040K, 0% used [0x00000000fab00000,0x00000000fab00000,0x0000000100000000)
 ParOldGen       total 858624K, used 11989K [0x0000000080000000, 0x00000000b4680000, 0x00000000d5580000)
  object space 858624K, 1% used [0x0000000080000000,0x0000000080bb5430,0x00000000b4680000)
 Metaspace       used 20786K, capacity 21054K, committed 21248K, reserved 1069056K
  class space    used 2361K, capacity 2484K, committed 2560K, reserved 1048576K
}
Event: 16.975 GC heap before
{Heap before GC invocations=3 (full 1):
 PSYoungGen      total 611840K, used 524800K [0x00000000d5580000, 0x0000000100000000, 0x0000000100000000)
  eden space 524800K, 100% used [0x00000000d5580000,0x00000000f5600000,0x00000000f5600000)
  from space 87040K, 0% used [0x00000000f5600000,0x00000000f5600000,0x00000000fab00000)
  to   space 87040K, 0% used [0x00000000fab00000,0x00000000fab00000,0x0000000100000000)
 ParOldGen       total 858624K, used 11989K [0x0000000080000000, 0x00000000b4680000, 0x00000000d5580000)
  object space 858624K, 1% used [0x0000000080000000,0x0000000080bb5430,0x00000000b4680000)
 Metaspace       used 32585K, capacity 33196K, committed 33408K, reserved 1079296K
  class space    used 3737K, capacity 3893K, committed 3968K, reserved 1048576K
Event: 17.011 GC heap after
Heap after GC invocations=3 (full 1):
 PSYoungGen      total 611840K, used 18630K [0x00000000d5580000, 0x0000000100000000, 0x0000000100000000)
  eden space 524800K, 0% used [0x00000000d5580000,0x00000000d5580000,0x00000000f5600000)
  from space 87040K, 21% used [0x00000000fab00000,0x00000000fbd31b58,0x0000000100000000)
  to   space 87040K, 0% used [0x00000000f5600000,0x00000000f5600000,0x00000000fab00000)
 ParOldGen       total 858624K, used 11997K [0x0000000080000000, 0x00000000b4680000, 0x00000000d5580000)
  object space 858624K, 1% used [0x0000000080000000,0x0000000080bb7430,0x00000000b4680000)
 Metaspace       used 32585K, capacity 33196K, committed 33408K, reserved 1079296K
  class space    used 3737K, capacity 3893K, committed 3968K, reserved 1048576K
}

