# JRE version: OpenJDK Runtime Environment (8.0_212-b04) (build 1.8.0_212-b04)
# Java VM: OpenJDK 64-Bit Server VM (25.212-b04 mixed mode linux-amd64 compressed oops)
Heap:
 PSYoungGen      total 611840K, used 505543K [0x00000000d5580000, 0x0000000100000000, 0x0000000100000000)
  eden space 524800K, 84% used [0x00000000d5580000,0x00000000f06f5208,0x00000000f5600000)
  from space 87040K, 70% used [0x00000000fab00000,0x00000000fe73cd00,0x0000000100000000)
  to   space 87040K, 0% used [0x00000000f5600000,0x00000000f5600000,0x00000000fab00000)
 ParOldGen       total 1398272K, used 44362K [0x0000000080000000, 0x00000000d5580000, 0x00000000d5580000)
  object space 1398272K, 3% used [0x0000000080000000,0x0000000082b52a98,0x00000000d5580000)
 Metaspace       used 65648K, capacity 68668K, committed 68992K, reserved 1110016K
  class space    used 7466K, capacity 7982K, committed 8064K, reserved 1048576K
GC Heap History (10 events):
Event: 4.010 GC heap before
{Heap before GC invocations=3 (full 1):
 PSYoungGen      total 611840K, used 434547K [0x00000000d5580000, 0x0000000100000000, 0x0000000100000000)
  eden space 524800K, 82% used [0x00000000d5580000,0x00000000efddceb0,0x00000000f5600000)
  from space 87040K, 0% used [0x00000000f5600000,0x00000000f5600000,0x00000000fab00000)
  to   space 87040K, 0% used [0x00000000fab00000,0x00000000fab00000,0x0000000100000000)
 ParOldGen       total 907264K, used 13784K [0x0000000080000000, 0x00000000b7600000, 0x00000000d5580000)
  object space 907264K, 1% used [0x0000000080000000,0x0000000080d760a0,0x00000000b7600000)
 Metaspace       used 34794K, capacity 35156K, committed 35416K, reserved 1081344K
  class space    used 3964K, capacity 4060K, committed 4096K, reserved 1048576K
Event: 4.041 GC heap after
Heap after GC invocations=3 (full 1):
 PSYoungGen      total 611840K, used 19154K [0x00000000d5580000, 0x0000000100000000, 0x0000000100000000)
  eden space 524800K, 0% used [0x00000000d5580000,0x00000000d5580000,0x00000000f5600000)
  from space 87040K, 22% used [0x00000000fab00000,0x00000000fbdb4b68,0x0000000100000000)
  to   space 87040K, 0% used [0x00000000f5600000,0x00000000f5600000,0x00000000fab00000)
 ParOldGen       total 907264K, used 13792K [0x0000000080000000, 0x00000000b7600000, 0x00000000d5580000)
  object space 907264K, 1% used [0x0000000080000000,0x0000000080d780a0,0x00000000b7600000)
 Metaspace       used 34794K, capacity 35156K, committed 35416K, reserved 1081344K
  class space    used 3964K, capacity 4060K, committed 4096K, reserved 1048576K
}
Event: 4.041 GC heap before
{Heap before GC invocations=4 (full 2):
 PSYoungGen      total 611840K, used 19154K [0x00000000d5580000, 0x0000000100000000, 0x0000000100000000)
  eden space 524800K, 0% used [0x00000000d5580000,0x00000000d5580000,0x00000000f5600000)
  from space 87040K, 22% used [0x00000000fab00000,0x00000000fbdb4b68,0x0000000100000000)
  to   space 87040K, 0% used [0x00000000f5600000,0x00000000f5600000,0x00000000fab00000)
 ParOldGen       total 907264K, used 13792K [0x0000000080000000, 0x00000000b7600000, 0x00000000d5580000)
  object space 907264K, 1% used [0x0000000080000000,0x0000000080d780a0,0x00000000b7600000)
 Metaspace       used 34794K, capacity 35156K, committed 35416K, reserved 1081344K
  class space    used 3964K, capacity 4060K, committed 4096K, reserved 1048576K
Event: 4.138 GC heap after
Heap after GC invocations=4 (full 2):
 PSYoungGen      total 611840K, used 0K [0x00000000d5580000, 0x0000000100000000, 0x0000000100000000)
  eden space 524800K, 0% used [0x00000000d5580000,0x00000000d5580000,0x00000000f5600000)
  from space 87040K, 0% used [0x00000000fab00000,0x00000000fab00000,0x0000000100000000)
  to   space 87040K, 0% used [0x00000000f5600000,0x00000000f5600000,0x00000000fab00000)
 ParOldGen       total 1398272K, used 23529K [0x0000000080000000, 0x00000000d5580000, 0x00000000d5580000)
  object space 1398272K, 1% used [0x0000000080000000,0x00000000816fa518,0x00000000d5580000)
 Metaspace       used 34794K, capacity 35156K, committed 35416K, reserved 1081344K
  class space    used 3964K, capacity 4060K, committed 4096K, reserved 1048576K
}
Event: 11.283 GC heap before
{Heap before GC invocations=5 (full 2):
 PSYoungGen      total 611840K, used 505950K [0x00000000d5580000, 0x0000000100000000, 0x0000000100000000)
  eden space 524800K, 96% used [0x00000000d5580000,0x00000000f4397ac0,0x00000000f5600000)
  from space 87040K, 0% used [0x00000000fab00000,0x00000000fab00000,0x0000000100000000)
  to   space 87040K, 0% used [0x00000000f5600000,0x00000000f5600000,0x00000000fab00000)
 ParOldGen       total 1398272K, used 23529K [0x0000000080000000, 0x00000000d5580000, 0x00000000d5580000)
  object space 1398272K, 1% used [0x0000000080000000,0x00000000816fa518,0x00000000d5580000)
 Metaspace       used 57457K, capacity 58882K, committed 59028K, reserved 1101824K
  class space    used 6628K, capacity 6875K, committed 6912K, reserved 1048576K
Event: 11.366 GC heap after
Heap after GC invocations=5 (full 2):
 PSYoungGen      total 611840K, used 33796K [0x00000000d5580000, 0x0000000100000000, 0x0000000100000000)
  eden space 524800K, 0% used [0x00000000d5580000,0x00000000d5580000,0x00000000f5600000)
  from space 87040K, 38% used [0x00000000f5600000,0x00000000f7701090,0x00000000fab00000)
  to   space 87040K, 0% used [0x00000000fab00000,0x00000000fab00000,0x0000000100000000)
 ParOldGen       total 1398272K, used 23537K [0x0000000080000000, 0x00000000d5580000, 0x00000000d5580000)
  object space 1398272K, 1% used [0x0000000080000000,0x00000000816fc518,0x00000000d5580000)
 Metaspace       used 57457K, capacity 58882K, committed 59028K, reserved 1101824K
  class space    used 6628K, capacity 6875K, committed 6912K, reserved 1048576K
}
Event: 11.366 GC heap before
{Heap before GC invocations=6 (full 3):
 PSYoungGen      total 611840K, used 33796K [0x00000000d5580000, 0x0000000100000000, 0x0000000100000000)
  eden space 524800K, 0% used [0x00000000d5580000,0x00000000d5580000,0x00000000f5600000)
  from space 87040K, 38% used [0x00000000f5600000,0x00000000f7701090,0x00000000fab00000)
  to   space 87040K, 0% used [0x00000000fab00000,0x00000000fab00000,0x0000000100000000)
 ParOldGen       total 1398272K, used 23537K [0x0000000080000000, 0x00000000d5580000, 0x00000000d5580000)
  object space 1398272K, 1% used [0x0000000080000000,0x00000000816fc518,0x00000000d5580000)
 Metaspace       used 57457K, capacity 58882K, committed 59028K, reserved 1101824K
  class space    used 6628K, capacity 6875K, committed 6912K, reserved 1048576K
Event: 11.663 GC heap after
Heap after GC invocations=6 (full 3):
 PSYoungGen      total 611840K, used 0K [0x00000000d5580000, 0x0000000100000000, 0x0000000100000000)
  eden space 524800K, 0% used [0x00000000d5580000,0x00000000d5580000,0x00000000f5600000)
  from space 87040K, 0% used [0x00000000f5600000,0x00000000f5600000,0x00000000fab00000)
  to   space 87040K, 0% used [0x00000000fab00000,0x00000000fab00000,0x0000000100000000)
 ParOldGen       total 1398272K, used 44362K [0x0000000080000000, 0x00000000d5580000, 0x00000000d5580000)
  object space 1398272K, 3% used [0x0000000080000000,0x0000000082b52a98,0x00000000d5580000)
 Metaspace       used 57414K, capacity 58780K, committed 59028K, reserved 1101824K
  class space    used 6614K, capacity 6850K, committed 6912K, reserved 1048576K
}
Event: 23.857 GC heap before
{Heap before GC invocations=7 (full 3):
 PSYoungGen      total 611840K, used 493386K [0x00000000d5580000, 0x0000000100000000, 0x0000000100000000)
  eden space 524800K, 94% used [0x00000000d5580000,0x00000000f3752ad8,0x00000000f5600000)
  from space 87040K, 0% used [0x00000000f5600000,0x00000000f5600000,0x00000000fab00000)
  to   space 87040K, 0% used [0x00000000fab00000,0x00000000fab00000,0x0000000100000000)
 ParOldGen       total 1398272K, used 44362K [0x0000000080000000, 0x00000000d5580000, 0x00000000d5580000)
  object space 1398272K, 3% used [0x0000000080000000,0x0000000082b52a98,0x00000000d5580000)
 Metaspace       used 65063K, capacity 67990K, committed 68224K, reserved 1110016K
  class space    used 7447K, capacity 7957K, committed 8064K, reserved 1048576K
Event: 23.950 GC heap after
Heap after GC invocations=7 (full 3):
 PSYoungGen      total 611840K, used 61683K [0x00000000d5580000, 0x0000000100000000, 0x0000000100000000)
  eden space 524800K, 0% used [0x00000000d5580000,0x00000000d5580000,0x00000000f5600000)
  from space 87040K, 70% used [0x00000000fab00000,0x00000000fe73cd00,0x0000000100000000)
  to   space 87040K, 0% used [0x00000000f5600000,0x00000000f5600000,0x00000000fab00000)
 ParOldGen       total 1398272K, used 44362K [0x0000000080000000, 0x00000000d5580000, 0x00000000d5580000)
  object space 1398272K, 3% used [0x0000000080000000,0x0000000082b52a98,0x00000000d5580000)
 Metaspace       used 65063K, capacity 67990K, committed 68224K, reserved 1110016K
  class space    used 7447K, capacity 7957K, committed 8064K, reserved 1048576K
}

