# JRE version: OpenJDK Runtime Environment (8.0_212-b04) (build 1.8.0_212-b04)
# Java VM: OpenJDK 64-Bit Server VM (25.212-b04 mixed mode linux-amd64 compressed oops)
Heap:
 PSYoungGen      total 502272K, used 288489K [0x00000000d5580000, 0x0000000100000000, 0x0000000100000000)
  eden space 415232K, 48% used [0x00000000d5580000,0x00000000e1a3e6a0,0x00000000eeb00000)
  from space 87040K, 99% used [0x00000000fab00000,0x00000000ffffbd88,0x0000000100000000)
  to   space 141824K, 0% used [0x00000000eeb00000,0x00000000eeb00000,0x00000000f7580000)
 ParOldGen       total 1398272K, used 116758K [0x0000000080000000, 0x00000000d5580000, 0x00000000d5580000)
  object space 1398272K, 8% used [0x0000000080000000,0x0000000087205a10,0x00000000d5580000)
 Metaspace       used 72664K, capacity 76282K, committed 76544K, reserved 1118208K
  class space    used 7953K, capacity 8585K, committed 8704K, reserved 1048576K
GC Heap History (10 events):
Event: 12.030 GC heap before
{Heap before GC invocations=5 (full 2):
 PSYoungGen      total 611840K, used 510425K [0x00000000d5580000, 0x0000000100000000, 0x0000000100000000)
  eden space 524800K, 97% used [0x00000000d5580000,0x00000000f47f6730,0x00000000f5600000)
  from space 87040K, 0% used [0x00000000fab00000,0x00000000fab00000,0x0000000100000000)
  to   space 87040K, 0% used [0x00000000f5600000,0x00000000f5600000,0x00000000fab00000)
 ParOldGen       total 1398272K, used 23557K [0x0000000080000000, 0x00000000d5580000, 0x00000000d5580000)
  object space 1398272K, 1% used [0x0000000080000000,0x00000000817017a8,0x00000000d5580000)
 Metaspace       used 57456K, capacity 58880K, committed 59028K, reserved 1101824K
  class space    used 6630K, capacity 6900K, committed 6912K, reserved 1048576K
Event: 12.117 GC heap after
Heap after GC invocations=5 (full 2):
 PSYoungGen      total 611840K, used 33778K [0x00000000d5580000, 0x0000000100000000, 0x0000000100000000)
  eden space 524800K, 0% used [0x00000000d5580000,0x00000000d5580000,0x00000000f5600000)
  from space 87040K, 38% used [0x00000000f5600000,0x00000000f76fc928,0x00000000fab00000)
  to   space 87040K, 0% used [0x00000000fab00000,0x00000000fab00000,0x0000000100000000)
 ParOldGen       total 1398272K, used 23565K [0x0000000080000000, 0x00000000d5580000, 0x00000000d5580000)
  object space 1398272K, 1% used [0x0000000080000000,0x00000000817037a8,0x00000000d5580000)
 Metaspace       used 57456K, capacity 58880K, committed 59028K, reserved 1101824K
  class space    used 6630K, capacity 6900K, committed 6912K, reserved 1048576K
}
Event: 12.117 GC heap before
{Heap before GC invocations=6 (full 3):
 PSYoungGen      total 611840K, used 33778K [0x00000000d5580000, 0x0000000100000000, 0x0000000100000000)
  eden space 524800K, 0% used [0x00000000d5580000,0x00000000d5580000,0x00000000f5600000)
  from space 87040K, 38% used [0x00000000f5600000,0x00000000f76fc928,0x00000000fab00000)
  to   space 87040K, 0% used [0x00000000fab00000,0x00000000fab00000,0x0000000100000000)
 ParOldGen       total 1398272K, used 23565K [0x0000000080000000, 0x00000000d5580000, 0x00000000d5580000)
  object space 1398272K, 1% used [0x0000000080000000,0x00000000817037a8,0x00000000d5580000)
 Metaspace       used 57456K, capacity 58880K, committed 59028K, reserved 1101824K
  class space    used 6630K, capacity 6900K, committed 6912K, reserved 1048576K
Event: 12.417 GC heap after
Heap after GC invocations=6 (full 3):
 PSYoungGen      total 611840K, used 0K [0x00000000d5580000, 0x0000000100000000, 0x0000000100000000)
  eden space 524800K, 0% used [0x00000000d5580000,0x00000000d5580000,0x00000000f5600000)
  from space 87040K, 0% used [0x00000000f5600000,0x00000000f5600000,0x00000000fab00000)
  to   space 87040K, 0% used [0x00000000fab00000,0x00000000fab00000,0x0000000100000000)
 ParOldGen       total 1398272K, used 44333K [0x0000000080000000, 0x00000000d5580000, 0x00000000d5580000)
  object space 1398272K, 3% used [0x0000000080000000,0x0000000082b4b6e0,0x00000000d5580000)
 Metaspace       used 57421K, capacity 58792K, committed 59028K, reserved 1101824K
  class space    used 6618K, capacity 6880K, committed 6912K, reserved 1048576K
}
Event: 54.872 GC heap before
{Heap before GC invocations=7 (full 3):
 PSYoungGen      total 611840K, used 524800K [0x00000000d5580000, 0x0000000100000000, 0x0000000100000000)
  eden space 524800K, 100% used [0x00000000d5580000,0x00000000f5600000,0x00000000f5600000)
  from space 87040K, 0% used [0x00000000f5600000,0x00000000f5600000,0x00000000fab00000)
  to   space 87040K, 0% used [0x00000000fab00000,0x00000000fab00000,0x0000000100000000)
 ParOldGen       total 1398272K, used 44333K [0x0000000080000000, 0x00000000d5580000, 0x00000000d5580000)
  object space 1398272K, 3% used [0x0000000080000000,0x0000000082b4b6e0,0x00000000d5580000)
 Metaspace       used 66909K, capacity 69800K, committed 69888K, reserved 1112064K
  class space    used 7632K, capacity 8144K, committed 8192K, reserved 1048576K
Event: 55.004 GC heap after
Heap after GC invocations=7 (full 3):
 PSYoungGen      total 611840K, used 44466K [0x00000000d5580000, 0x0000000100000000, 0x0000000100000000)
  eden space 524800K, 0% used [0x00000000d5580000,0x00000000d5580000,0x00000000f5600000)
  from space 87040K, 51% used [0x00000000fab00000,0x00000000fd66cba8,0x0000000100000000)
  to   space 87040K, 0% used [0x00000000f5600000,0x00000000f5600000,0x00000000fab00000)
 ParOldGen       total 1398272K, used 44341K [0x0000000080000000, 0x00000000d5580000, 0x00000000d5580000)
  object space 1398272K, 3% used [0x0000000080000000,0x0000000082b4d6e0,0x00000000d5580000)
 Metaspace       used 66909K, capacity 69800K, committed 69888K, reserved 1112064K
  class space    used 7632K, capacity 8144K, committed 8192K, reserved 1048576K
}
Event: 429.114 GC heap before
{Heap before GC invocations=8 (full 3):
 PSYoungGen      total 611840K, used 569266K [0x00000000d5580000, 0x0000000100000000, 0x0000000100000000)
  eden space 524800K, 100% used [0x00000000d5580000,0x00000000f5600000,0x00000000f5600000)
  from space 87040K, 51% used [0x00000000fab00000,0x00000000fd66cba8,0x0000000100000000)
  to   space 87040K, 0% used [0x00000000f5600000,0x00000000f5600000,0x00000000fab00000)
 ParOldGen       total 1398272K, used 44341K [0x0000000080000000, 0x00000000d5580000, 0x00000000d5580000)
  object space 1398272K, 3% used [0x0000000080000000,0x0000000082b4d6e0,0x00000000d5580000)
 Metaspace       used 70235K, capacity 73414K, committed 73728K, reserved 1114112K
  class space    used 7777K, capacity 8343K, committed 8448K, reserved 1048576K
Event: 429.479 GC heap after
Heap after GC invocations=8 (full 3):
 PSYoungGen      total 611840K, used 87032K [0x00000000d5580000, 0x0000000100000000, 0x0000000100000000)
  eden space 524800K, 0% used [0x00000000d5580000,0x00000000d5580000,0x00000000f5600000)
  from space 87040K, 99% used [0x00000000f5600000,0x00000000faafe278,0x00000000fab00000)
  to   space 87040K, 0% used [0x00000000fab00000,0x00000000fab00000,0x0000000100000000)
 ParOldGen       total 1398272K, used 111014K [0x0000000080000000, 0x00000000d5580000, 0x00000000d5580000)
  object space 1398272K, 7% used [0x0000000080000000,0x0000000086c69a10,0x00000000d5580000)
 Metaspace       used 70235K, capacity 73414K, committed 73728K, reserved 1114112K
  class space    used 7777K, capacity 8343K, committed 8448K, reserved 1048576K
}
Event: 570.861 GC heap before
{Heap before GC invocations=9 (full 3):
 PSYoungGen      total 611840K, used 611832K [0x00000000d5580000, 0x0000000100000000, 0x0000000100000000)
  eden space 524800K, 100% used [0x00000000d5580000,0x00000000f5600000,0x00000000f5600000)
  from space 87040K, 99% used [0x00000000f5600000,0x00000000faafe278,0x00000000fab00000)
  to   space 87040K, 0% used [0x00000000fab00000,0x00000000fab00000,0x0000000100000000)
 ParOldGen       total 1398272K, used 111014K [0x0000000080000000, 0x00000000d5580000, 0x00000000d5580000)
  object space 1398272K, 7% used [0x0000000080000000,0x0000000086c69a10,0x00000000d5580000)
 Metaspace       used 71546K, capacity 74980K, committed 75008K, reserved 1116160K
  class space    used 7847K, capacity 8442K, committed 8448K, reserved 1048576K
Event: 571.081 GC heap after
Heap after GC invocations=9 (full 3):
 PSYoungGen      total 502272K, used 87023K [0x00000000d5580000, 0x0000000100000000, 0x0000000100000000)
  eden space 415232K, 0% used [0x00000000d5580000,0x00000000d5580000,0x00000000eeb00000)
  from space 87040K, 99% used [0x00000000fab00000,0x00000000ffffbd88,0x0000000100000000)
  to   space 141824K, 0% used [0x00000000eeb00000,0x00000000eeb00000,0x00000000f7580000)
 ParOldGen       total 1398272K, used 116758K [0x0000000080000000, 0x00000000d5580000, 0x00000000d5580000)
  object space 1398272K, 8% used [0x0000000080000000,0x0000000087205a10,0x00000000d5580000)
 Metaspace       used 71546K, capacity 74980K, committed 75008K, reserved 1116160K
  class space    used 7847K, capacity 8442K, committed 8448K, reserved 1048576K
}

