# JRE version: OpenJDK Runtime Environment (8.0_212-b04) (build 1.8.0_212-b04)
# Java VM: OpenJDK 64-Bit Server VM (25.212-b04 mixed mode linux-amd64 compressed oops)
Heap:
 PSYoungGen      total 611840K, used 202537K [0x00000000d5580000, 0x0000000100000000, 0x0000000100000000)
  eden space 524800K, 33% used [0x00000000d5580000,0x00000000e00652a8,0x00000000f5600000)
  from space 87040K, 31% used [0x00000000fab00000,0x00000000fc5e51d0,0x0000000100000000)
  to   space 87040K, 0% used [0x00000000f5600000,0x00000000f5600000,0x00000000fab00000)
 ParOldGen       total 887296K, used 12018K [0x0000000080000000, 0x00000000b6280000, 0x00000000d5580000)
  object space 887296K, 1% used [0x0000000080000000,0x0000000080bbcbe0,0x00000000b6280000)
 Metaspace       used 33812K, capacity 34474K, committed 34688K, reserved 1079296K
  class space    used 3765K, capacity 3906K, committed 3968K, reserved 1048576K
GC Heap History (10 events):
Event: 2.158 GC heap before
{Heap before GC invocations=1 (full 0):
 PSYoungGen      total 611840K, used 209921K [0x00000000d5580000, 0x0000000100000000, 0x0000000100000000)
  eden space 524800K, 40% used [0x00000000d5580000,0x00000000e2280528,0x00000000f5600000)
  from space 87040K, 0% used [0x00000000fab00000,0x00000000fab00000,0x0000000100000000)
  to   space 87040K, 0% used [0x00000000f5600000,0x00000000f5600000,0x00000000fab00000)
 ParOldGen       total 1398272K, used 0K [0x0000000080000000, 0x00000000d5580000, 0x00000000d5580000)
  object space 1398272K, 0% used [0x0000000080000000,0x0000000080000000,0x00000000d5580000)
 Metaspace       used 20800K, capacity 21054K, committed 21248K, reserved 1069056K
  class space    used 2362K, capacity 2484K, committed 2560K, reserved 1048576K
Event: 2.191 GC heap after
Heap after GC invocations=1 (full 0):
 PSYoungGen      total 611840K, used 12444K [0x00000000d5580000, 0x0000000100000000, 0x0000000100000000)
  eden space 524800K, 0% used [0x00000000d5580000,0x00000000d5580000,0x00000000f5600000)
  from space 87040K, 14% used [0x00000000f5600000,0x00000000f6227188,0x00000000fab00000)
  to   space 87040K, 0% used [0x00000000fab00000,0x00000000fab00000,0x0000000100000000)
 ParOldGen       total 1398272K, used 80K [0x0000000080000000, 0x00000000d5580000, 0x00000000d5580000)
  object space 1398272K, 0% used [0x0000000080000000,0x0000000080014010,0x00000000d5580000)
 Metaspace       used 20800K, capacity 21054K, committed 21248K, reserved 1069056K
  class space    used 2362K, capacity 2484K, committed 2560K, reserved 1048576K
}
Event: 2.191 GC heap before
{Heap before GC invocations=2 (full 1):
 PSYoungGen      total 611840K, used 12444K [0x00000000d5580000, 0x0000000100000000, 0x0000000100000000)
  eden space 524800K, 0% used [0x00000000d5580000,0x00000000d5580000,0x00000000f5600000)
  from space 87040K, 14% used [0x00000000f5600000,0x00000000f6227188,0x00000000fab00000)
  to   space 87040K, 0% used [0x00000000fab00000,0x00000000fab00000,0x0000000100000000)
 ParOldGen       total 1398272K, used 80K [0x0000000080000000, 0x00000000d5580000, 0x00000000d5580000)
  object space 1398272K, 0% used [0x0000000080000000,0x0000000080014010,0x00000000d5580000)
 Metaspace       used 20800K, capacity 21054K, committed 21248K, reserved 1069056K
  class space    used 2362K, capacity 2484K, committed 2560K, reserved 1048576K
Event: 2.260 GC heap after
Heap after GC invocations=2 (full 1):
 PSYoungGen      total 611840K, used 0K [0x00000000d5580000, 0x0000000100000000, 0x0000000100000000)
  eden space 524800K, 0% used [0x00000000d5580000,0x00000000d5580000,0x00000000f5600000)
  from space 87040K, 0% used [0x00000000f5600000,0x00000000f5600000,0x00000000fab00000)
  to   space 87040K, 0% used [0x00000000fab00000,0x00000000fab00000,0x0000000100000000)
 ParOldGen       total 887296K, used 12002K [0x0000000080000000, 0x00000000b6280000, 0x00000000d5580000)
  object space 887296K, 1% used [0x0000000080000000,0x0000000080bb8be0,0x00000000b6280000)
 Metaspace       used 20800K, capacity 21054K, committed 21248K, reserved 1069056K
  class space    used 2362K, capacity 2484K, committed 2560K, reserved 1048576K
}
Event: 16.545 GC heap before
{Heap before GC invocations=3 (full 1):
 PSYoungGen      total 611840K, used 524800K [0x00000000d5580000, 0x0000000100000000, 0x0000000100000000)
  eden space 524800K, 100% used [0x00000000d5580000,0x00000000f5600000,0x00000000f5600000)
  from space 87040K, 0% used [0x00000000f5600000,0x00000000f5600000,0x00000000fab00000)
  to   space 87040K, 0% used [0x00000000fab00000,0x00000000fab00000,0x0000000100000000)
 ParOldGen       total 887296K, used 12002K [0x0000000080000000, 0x00000000b6280000, 0x00000000d5580000)
  object space 887296K, 1% used [0x0000000080000000,0x0000000080bb8be0,0x00000000b6280000)
 Metaspace       used 32723K, capacity 33330K, committed 33408K, reserved 1079296K
  class space    used 3736K, capacity 3892K, committed 3968K, reserved 1048576K
Event: 16.575 GC heap after
Heap after GC invocations=3 (full 1):
 PSYoungGen      total 611840K, used 19056K [0x00000000d5580000, 0x0000000100000000, 0x0000000100000000)
  eden space 524800K, 0% used [0x00000000d5580000,0x00000000d5580000,0x00000000f5600000)
  from space 87040K, 21% used [0x00000000fab00000,0x00000000fbd9c100,0x0000000100000000)
  to   space 87040K, 0% used [0x00000000f5600000,0x00000000f5600000,0x00000000fab00000)
 ParOldGen       total 887296K, used 12002K [0x0000000080000000, 0x00000000b6280000, 0x00000000d5580000)
  object space 887296K, 1% used [0x0000000080000000,0x0000000080bb8be0,0x00000000b6280000)
 Metaspace       used 32723K, capacity 33330K, committed 33408K, reserved 1079296K
  class space    used 3736K, capacity 3892K, committed 3968K, reserved 1048576K
}
Event: 38.084 GC heap before
{Heap before GC invocations=4 (full 1):
 PSYoungGen      total 611840K, used 543856K [0x00000000d5580000, 0x0000000100000000, 0x0000000100000000)
  eden space 524800K, 100% used [0x00000000d5580000,0x00000000f5600000,0x00000000f5600000)
  from space 87040K, 21% used [0x00000000fab00000,0x00000000fbd9c100,0x0000000100000000)
  to   space 87040K, 0% used [0x00000000f5600000,0x00000000f5600000,0x00000000fab00000)
 ParOldGen       total 887296K, used 12002K [0x0000000080000000, 0x00000000b6280000, 0x00000000d5580000)
  object space 887296K, 1% used [0x0000000080000000,0x0000000080bb8be0,0x00000000b6280000)
 Metaspace       used 33432K, capacity 34104K, committed 34176K, reserved 1079296K
  class space    used 3739K, capacity 3897K, committed 3968K, reserved 1048576K
Event: 38.131 GC heap after
Heap after GC invocations=4 (full 1):
 PSYoungGen      total 611840K, used 18900K [0x00000000d5580000, 0x0000000100000000, 0x0000000100000000)
  eden space 524800K, 0% used [0x00000000d5580000,0x00000000d5580000,0x00000000f5600000)
  from space 87040K, 21% used [0x00000000f5600000,0x00000000f6875170,0x00000000fab00000)
  to   space 87040K, 0% used [0x00000000fab00000,0x00000000fab00000,0x0000000100000000)
 ParOldGen       total 887296K, used 12010K [0x0000000080000000, 0x00000000b6280000, 0x00000000d5580000)
  object space 887296K, 1% used [0x0000000080000000,0x0000000080bbabe0,0x00000000b6280000)
 Metaspace       used 33432K, capacity 34104K, committed 34176K, reserved 1079296K
  class space    used 3739K, capacity 3897K, committed 3968K, reserved 1048576K
}
Event: 40.033 GC heap before
{Heap before GC invocations=5 (full 1):
 PSYoungGen      total 611840K, used 543700K [0x00000000d5580000, 0x0000000100000000, 0x0000000100000000)
  eden space 524800K, 100% used [0x00000000d5580000,0x00000000f5600000,0x00000000f5600000)
  from space 87040K, 21% used [0x00000000f5600000,0x00000000f6875170,0x00000000fab00000)
  to   space 87040K, 0% used [0x00000000fab00000,0x00000000fab00000,0x0000000100000000)
 ParOldGen       total 887296K, used 12010K [0x0000000080000000, 0x00000000b6280000, 0x00000000d5580000)
  object space 887296K, 1% used [0x0000000080000000,0x0000000080bbabe0,0x00000000b6280000)
 Metaspace       used 33466K, capacity 34168K, committed 34432K, reserved 1079296K
  class space    used 3741K, capacity 3897K, committed 3968K, reserved 1048576K
Event: 40.081 GC heap after
Heap after GC invocations=5 (full 1):
 PSYoungGen      total 611840K, used 27540K [0x00000000d5580000, 0x0000000100000000, 0x0000000100000000)
  eden space 524800K, 0% used [0x00000000d5580000,0x00000000d5580000,0x00000000f5600000)
  from space 87040K, 31% used [0x00000000fab00000,0x00000000fc5e51d0,0x0000000100000000)
  to   space 87040K, 0% used [0x00000000f5600000,0x00000000f5600000,0x00000000fab00000)
 ParOldGen       total 887296K, used 12018K [0x0000000080000000, 0x00000000b6280000, 0x00000000d5580000)
  object space 887296K, 1% used [0x0000000080000000,0x0000000080bbcbe0,0x00000000b6280000)
 Metaspace       used 33466K, capacity 34168K, committed 34432K, reserved 1079296K
  class space    used 3741K, capacity 3897K, committed 3968K, reserved 1048576K
}

