# JRE version: OpenJDK Runtime Environment (8.0_212-b04) (build 1.8.0_212-b04)
# Java VM: OpenJDK 64-Bit Server VM (25.212-b04 mixed mode linux-amd64 compressed oops)
Heap:
 PSYoungGen      total 611840K, used 189428K [0x00000000d5580000, 0x0000000100000000, 0x0000000100000000)
  eden space 524800K, 36% used [0x00000000d5580000,0x00000000e0e7d1c8,0x00000000f5600000)
  from space 87040K, 0% used [0x00000000f5600000,0x00000000f5600000,0x00000000fab00000)
  to   space 87040K, 0% used [0x00000000fab00000,0x00000000fab00000,0x0000000100000000)
 ParOldGen       total 1398272K, used 42265K [0x0000000080000000, 0x00000000d5580000, 0x00000000d5580000)
  object space 1398272K, 3% used [0x0000000080000000,0x0000000082946480,0x00000000d5580000)
 Metaspace       used 62092K, capacity 64350K, committed 64512K, reserved 1105920K
  class space    used 7179K, capacity 7601K, committed 7680K, reserved 1048576K
GC Heap History (10 events):
Event: 2.704 GC heap before
{Heap before GC invocations=2 (full 1):
 PSYoungGen      total 611840K, used 14318K [0x00000000d5580000, 0x0000000100000000, 0x0000000100000000)
  eden space 524800K, 0% used [0x00000000d5580000,0x00000000d5580000,0x00000000f5600000)
  from space 87040K, 16% used [0x00000000f5600000,0x00000000f63fb888,0x00000000fab00000)
  to   space 87040K, 0% used [0x00000000fab00000,0x00000000fab00000,0x0000000100000000)
 ParOldGen       total 1398272K, used 80K [0x0000000080000000, 0x00000000d5580000, 0x00000000d5580000)
  object space 1398272K, 0% used [0x0000000080000000,0x0000000080014010,0x00000000d5580000)
 Metaspace       used 20826K, capacity 21106K, committed 21248K, reserved 1069056K
  class space    used 2371K, capacity 2482K, committed 2560K, reserved 1048576K
Event: 2.780 GC heap after
Heap after GC invocations=2 (full 1):
 PSYoungGen      total 611840K, used 0K [0x00000000d5580000, 0x0000000100000000, 0x0000000100000000)
  eden space 524800K, 0% used [0x00000000d5580000,0x00000000d5580000,0x00000000f5600000)
  from space 87040K, 0% used [0x00000000f5600000,0x00000000f5600000,0x00000000fab00000)
  to   space 87040K, 0% used [0x00000000fab00000,0x00000000fab00000,0x0000000100000000)
 ParOldGen       total 855552K, used 13794K [0x0000000080000000, 0x00000000b4380000, 0x00000000d5580000)
  object space 855552K, 1% used [0x0000000080000000,0x0000000080d78b00,0x00000000b4380000)
 Metaspace       used 20826K, capacity 21106K, committed 21248K, reserved 1069056K
  class space    used 2371K, capacity 2482K, committed 2560K, reserved 1048576K
}
Event: 5.545 GC heap before
{Heap before GC invocations=3 (full 1):
 PSYoungGen      total 611840K, used 414424K [0x00000000d5580000, 0x0000000100000000, 0x0000000100000000)
  eden space 524800K, 78% used [0x00000000d5580000,0x00000000eea363e8,0x00000000f5600000)
  from space 87040K, 0% used [0x00000000f5600000,0x00000000f5600000,0x00000000fab00000)
  to   space 87040K, 0% used [0x00000000fab00000,0x00000000fab00000,0x0000000100000000)
 ParOldGen       total 855552K, used 13794K [0x0000000080000000, 0x00000000b4380000, 0x00000000d5580000)
  object space 855552K, 1% used [0x0000000080000000,0x0000000080d78b00,0x00000000b4380000)
 Metaspace       used 34774K, capacity 35188K, committed 35416K, reserved 1081344K
  class space    used 3973K, capacity 4092K, committed 4096K, reserved 1048576K
Event: 5.588 GC heap after
Heap after GC invocations=3 (full 1):
 PSYoungGen      total 611840K, used 19255K [0x00000000d5580000, 0x0000000100000000, 0x0000000100000000)
  eden space 524800K, 0% used [0x00000000d5580000,0x00000000d5580000,0x00000000f5600000)
  from space 87040K, 22% used [0x00000000fab00000,0x00000000fbdcddd0,0x0000000100000000)
  to   space 87040K, 0% used [0x00000000f5600000,0x00000000f5600000,0x00000000fab00000)
 ParOldGen       total 855552K, used 13794K [0x0000000080000000, 0x00000000b4380000, 0x00000000d5580000)
  object space 855552K, 1% used [0x0000000080000000,0x0000000080d78b00,0x00000000b4380000)
 Metaspace       used 34774K, capacity 35188K, committed 35416K, reserved 1081344K
  class space    used 3973K, capacity 4092K, committed 4096K, reserved 1048576K
}
Event: 5.588 GC heap before
{Heap before GC invocations=4 (full 2):
 PSYoungGen      total 611840K, used 19255K [0x00000000d5580000, 0x0000000100000000, 0x0000000100000000)
  eden space 524800K, 0% used [0x00000000d5580000,0x00000000d5580000,0x00000000f5600000)
  from space 87040K, 22% used [0x00000000fab00000,0x00000000fbdcddd0,0x0000000100000000)
  to   space 87040K, 0% used [0x00000000f5600000,0x00000000f5600000,0x00000000fab00000)
 ParOldGen       total 855552K, used 13794K [0x0000000080000000, 0x00000000b4380000, 0x00000000d5580000)
  object space 855552K, 1% used [0x0000000080000000,0x0000000080d78b00,0x00000000b4380000)
 Metaspace       used 34774K, capacity 35188K, committed 35416K, reserved 1081344K
  class space    used 3973K, capacity 4092K, committed 4096K, reserved 1048576K
Event: 5.726 GC heap after
Heap after GC invocations=4 (full 2):
 PSYoungGen      total 611840K, used 0K [0x00000000d5580000, 0x0000000100000000, 0x0000000100000000)
  eden space 524800K, 0% used [0x00000000d5580000,0x00000000d5580000,0x00000000f5600000)
  from space 87040K, 0% used [0x00000000fab00000,0x00000000fab00000,0x0000000100000000)
  to   space 87040K, 0% used [0x00000000f5600000,0x00000000f5600000,0x00000000fab00000)
 ParOldGen       total 1398272K, used 23617K [0x0000000080000000, 0x00000000d5580000, 0x00000000d5580000)
  object space 1398272K, 1% used [0x0000000080000000,0x0000000081710688,0x00000000d5580000)
 Metaspace       used 34774K, capacity 35188K, committed 35416K, reserved 1081344K
  class space    used 3973K, capacity 4092K, committed 4096K, reserved 1048576K
}
Event: 12.913 GC heap before
{Heap before GC invocations=5 (full 2):
 PSYoungGen      total 611840K, used 431043K [0x00000000d5580000, 0x0000000100000000, 0x0000000100000000)
  eden space 524800K, 82% used [0x00000000d5580000,0x00000000efa70e00,0x00000000f5600000)
  from space 87040K, 0% used [0x00000000fab00000,0x00000000fab00000,0x0000000100000000)
  to   space 87040K, 0% used [0x00000000f5600000,0x00000000f5600000,0x00000000fab00000)
 ParOldGen       total 1398272K, used 23617K [0x0000000080000000, 0x00000000d5580000, 0x00000000d5580000)
  object space 1398272K, 1% used [0x0000000080000000,0x0000000081710688,0x00000000d5580000)
 Metaspace       used 57464K, capacity 58892K, committed 59008K, reserved 1101824K
  class space    used 6662K, capacity 6948K, committed 7040K, reserved 1048576K
Event: 12.991 GC heap after
Heap after GC invocations=5 (full 2):
 PSYoungGen      total 611840K, used 31774K [0x00000000d5580000, 0x0000000100000000, 0x0000000100000000)
  eden space 524800K, 0% used [0x00000000d5580000,0x00000000d5580000,0x00000000f5600000)
  from space 87040K, 36% used [0x00000000f5600000,0x00000000f7507990,0x00000000fab00000)
  to   space 87040K, 0% used [0x00000000fab00000,0x00000000fab00000,0x0000000100000000)
 ParOldGen       total 1398272K, used 23625K [0x0000000080000000, 0x00000000d5580000, 0x00000000d5580000)
  object space 1398272K, 1% used [0x0000000080000000,0x0000000081712688,0x00000000d5580000)
 Metaspace       used 57464K, capacity 58892K, committed 59008K, reserved 1101824K
  class space    used 6662K, capacity 6948K, committed 7040K, reserved 1048576K
}
Event: 12.991 GC heap before
{Heap before GC invocations=6 (full 3):
 PSYoungGen      total 611840K, used 31774K [0x00000000d5580000, 0x0000000100000000, 0x0000000100000000)
  eden space 524800K, 0% used [0x00000000d5580000,0x00000000d5580000,0x00000000f5600000)
  from space 87040K, 36% used [0x00000000f5600000,0x00000000f7507990,0x00000000fab00000)
  to   space 87040K, 0% used [0x00000000fab00000,0x00000000fab00000,0x0000000100000000)
 ParOldGen       total 1398272K, used 23625K [0x0000000080000000, 0x00000000d5580000, 0x00000000d5580000)
  object space 1398272K, 1% used [0x0000000080000000,0x0000000081712688,0x00000000d5580000)
 Metaspace       used 57464K, capacity 58892K, committed 59008K, reserved 1101824K
  class space    used 6662K, capacity 6948K, committed 7040K, reserved 1048576K
Event: 13.273 GC heap after
Heap after GC invocations=6 (full 3):
 PSYoungGen      total 611840K, used 0K [0x00000000d5580000, 0x0000000100000000, 0x0000000100000000)
  eden space 524800K, 0% used [0x00000000d5580000,0x00000000d5580000,0x00000000f5600000)
  from space 87040K, 0% used [0x00000000f5600000,0x00000000f5600000,0x00000000fab00000)
  to   space 87040K, 0% used [0x00000000fab00000,0x00000000fab00000,0x0000000100000000)
 ParOldGen       total 1398272K, used 42265K [0x0000000080000000, 0x00000000d5580000, 0x00000000d5580000)
  object space 1398272K, 3% used [0x0000000080000000,0x0000000082946480,0x00000000d5580000)
 Metaspace       used 57441K, capacity 58838K, committed 59008K, reserved 1101824K
  class space    used 6654K, capacity 6933K, committed 7040K, reserved 1048576K
}

