# JRE version: OpenJDK Runtime Environment (8.0_212-b04) (build 1.8.0_212-b04)
# Java VM: OpenJDK 64-Bit Server VM (25.212-b04 mixed mode linux-amd64 compressed oops)
Heap:
 PSYoungGen      total 543744K, used 271971K [0x00000000d5580000, 0x00000000fab80000, 0x0000000100000000)
  eden space 524800K, 51% used [0x00000000d5580000,0x00000000e5f18c48,0x00000000f5600000)
  from space 18944K, 0% used [0x00000000f5600000,0x00000000f5600000,0x00000000f6880000)
  to   space 26624K, 0% used [0x00000000f9180000,0x00000000f9180000,0x00000000fab80000)
 ParOldGen       total 1398272K, used 30591K [0x0000000080000000, 0x00000000d5580000, 0x00000000d5580000)
  object space 1398272K, 2% used [0x0000000080000000,0x0000000081ddfd40,0x00000000d5580000)
 Metaspace       used 64747K, capacity 67366K, committed 67644K, reserved 1110016K
  class space    used 7494K, capacity 7973K, committed 7996K, reserved 1048576K
GC Heap History (10 events):
Event: 5.556 GC heap before
{Heap before GC invocations=4 (full 1):
 PSYoungGen      total 611840K, used 44311K [0x00000000d5580000, 0x0000000100000000, 0x0000000100000000)
  eden space 524800K, 4% used [0x00000000d5580000,0x00000000d6e2bb58,0x00000000f5600000)
  from space 87040K, 21% used [0x00000000fab00000,0x00000000fbd9a3d8,0x0000000100000000)
  to   space 87040K, 0% used [0x00000000f5600000,0x00000000f5600000,0x00000000fab00000)
 ParOldGen       total 872960K, used 14254K [0x0000000080000000, 0x00000000b5480000, 0x00000000d5580000)
  object space 872960K, 1% used [0x0000000080000000,0x0000000080debae8,0x00000000b5480000)
 Metaspace       used 35050K, capacity 35412K, committed 35748K, reserved 1081344K
  class space    used 4005K, capacity 4124K, committed 4172K, reserved 1048576K
Event: 5.572 GC heap after
Heap after GC invocations=4 (full 1):
 PSYoungGen      total 611840K, used 8110K [0x00000000d5580000, 0x0000000100000000, 0x0000000100000000)
  eden space 524800K, 0% used [0x00000000d5580000,0x00000000d5580000,0x00000000f5600000)
  from space 87040K, 9% used [0x00000000f5600000,0x00000000f5deb8d8,0x00000000fab00000)
  to   space 87040K, 0% used [0x00000000fab00000,0x00000000fab00000,0x0000000100000000)
 ParOldGen       total 872960K, used 14262K [0x0000000080000000, 0x00000000b5480000, 0x00000000d5580000)
  object space 872960K, 1% used [0x0000000080000000,0x0000000080dedae8,0x00000000b5480000)
 Metaspace       used 35050K, capacity 35412K, committed 35748K, reserved 1081344K
  class space    used 4005K, capacity 4124K, committed 4172K, reserved 1048576K
}
Event: 5.572 GC heap before
{Heap before GC invocations=5 (full 2):
 PSYoungGen      total 611840K, used 8110K [0x00000000d5580000, 0x0000000100000000, 0x0000000100000000)
  eden space 524800K, 0% used [0x00000000d5580000,0x00000000d5580000,0x00000000f5600000)
  from space 87040K, 9% used [0x00000000f5600000,0x00000000f5deb8d8,0x00000000fab00000)
  to   space 87040K, 0% used [0x00000000fab00000,0x00000000fab00000,0x0000000100000000)
 ParOldGen       total 872960K, used 14262K [0x0000000080000000, 0x00000000b5480000, 0x00000000d5580000)
  object space 872960K, 1% used [0x0000000080000000,0x0000000080dedae8,0x00000000b5480000)
 Metaspace       used 35050K, capacity 35412K, committed 35748K, reserved 1081344K
  class space    used 4005K, capacity 4124K, committed 4172K, reserved 1048576K
Event: 5.665 GC heap after
Heap after GC invocations=5 (full 2):
 PSYoungGen      total 611840K, used 0K [0x00000000d5580000, 0x0000000100000000, 0x0000000100000000)
  eden space 524800K, 0% used [0x00000000d5580000,0x00000000d5580000,0x00000000f5600000)
  from space 87040K, 0% used [0x00000000f5600000,0x00000000f5600000,0x00000000fab00000)
  to   space 87040K, 0% used [0x00000000fab00000,0x00000000fab00000,0x0000000100000000)
 ParOldGen       total 1187328K, used 13439K [0x0000000080000000, 0x00000000c8780000, 0x00000000d5580000)
  object space 1187328K, 1% used [0x0000000080000000,0x0000000080d1fdb8,0x00000000c8780000)
 Metaspace       used 35050K, capacity 35412K, committed 35748K, reserved 1081344K
  class space    used 4005K, capacity 4124K, committed 4172K, reserved 1048576K
}
Event: 11.929 GC heap before
{Heap before GC invocations=6 (full 2):
 PSYoungGen      total 611840K, used 524800K [0x00000000d5580000, 0x0000000100000000, 0x0000000100000000)
  eden space 524800K, 100% used [0x00000000d5580000,0x00000000f5600000,0x00000000f5600000)
  from space 87040K, 0% used [0x00000000f5600000,0x00000000f5600000,0x00000000fab00000)
  to   space 87040K, 0% used [0x00000000fab00000,0x00000000fab00000,0x0000000100000000)
 ParOldGen       total 1187328K, used 13439K [0x0000000080000000, 0x00000000c8780000, 0x00000000d5580000)
  object space 1187328K, 1% used [0x0000000080000000,0x0000000080d1fe48,0x00000000c8780000)
 Metaspace       used 51333K, capacity 52720K, committed 52940K, reserved 1095680K
  class space    used 6069K, capacity 6332K, committed 6348K, reserved 1048576K
Event: 12.012 GC heap after
Heap after GC invocations=6 (full 2):
 PSYoungGen      total 611840K, used 22674K [0x00000000d5580000, 0x0000000100000000, 0x0000000100000000)
  eden space 524800K, 0% used [0x00000000d5580000,0x00000000d5580000,0x00000000f5600000)
  from space 87040K, 26% used [0x00000000fab00000,0x00000000fc124800,0x0000000100000000)
  to   space 87040K, 0% used [0x00000000f5600000,0x00000000f5600000,0x00000000fab00000)
 ParOldGen       total 1187328K, used 13447K [0x0000000080000000, 0x00000000c8780000, 0x00000000d5580000)
  object space 1187328K, 1% used [0x0000000080000000,0x0000000080d21e48,0x00000000c8780000)
 Metaspace       used 51333K, capacity 52720K, committed 52940K, reserved 1095680K
  class space    used 6069K, capacity 6332K, committed 6348K, reserved 1048576K
}
Event: 13.052 GC heap before
{Heap before GC invocations=7 (full 2):
 PSYoungGen      total 611840K, used 205481K [0x00000000d5580000, 0x0000000100000000, 0x0000000100000000)
  eden space 524800K, 34% used [0x00000000d5580000,0x00000000e0805f08,0x00000000f5600000)
  from space 87040K, 26% used [0x00000000fab00000,0x00000000fc124800,0x0000000100000000)
  to   space 87040K, 0% used [0x00000000f5600000,0x00000000f5600000,0x00000000fab00000)
 ParOldGen       total 1187328K, used 13447K [0x0000000080000000, 0x00000000c8780000, 0x00000000d5580000)
  object space 1187328K, 1% used [0x0000000080000000,0x0000000080d21e48,0x00000000c8780000)
 Metaspace       used 57986K, capacity 59386K, committed 59580K, reserved 1101824K
  class space    used 6729K, capacity 7009K, committed 7100K, reserved 1048576K
Event: 13.103 GC heap after
Heap after GC invocations=7 (full 2):
 PSYoungGen      total 543744K, used 18767K [0x00000000d5580000, 0x00000000fab80000, 0x0000000100000000)
  eden space 524800K, 0% used [0x00000000d5580000,0x00000000d5580000,0x00000000f5600000)
  from space 18944K, 99% used [0x00000000f5600000,0x00000000f6853f28,0x00000000f6880000)
  to   space 26624K, 0% used [0x00000000f9180000,0x00000000f9180000,0x00000000fab80000)
 ParOldGen       total 1187328K, used 13455K [0x0000000080000000, 0x00000000c8780000, 0x00000000d5580000)
  object space 1187328K, 1% used [0x0000000080000000,0x0000000080d23e48,0x00000000c8780000)
 Metaspace       used 57986K, capacity 59386K, committed 59580K, reserved 1101824K
  class space    used 6729K, capacity 7009K, committed 7100K, reserved 1048576K
}
Event: 13.103 GC heap before
{Heap before GC invocations=8 (full 3):
 PSYoungGen      total 543744K, used 18767K [0x00000000d5580000, 0x00000000fab80000, 0x0000000100000000)
  eden space 524800K, 0% used [0x00000000d5580000,0x00000000d5580000,0x00000000f5600000)
  from space 18944K, 99% used [0x00000000f5600000,0x00000000f6853f28,0x00000000f6880000)
  to   space 26624K, 0% used [0x00000000f9180000,0x00000000f9180000,0x00000000fab80000)
 ParOldGen       total 1187328K, used 13455K [0x0000000080000000, 0x00000000c8780000, 0x00000000d5580000)
  object space 1187328K, 1% used [0x0000000080000000,0x0000000080d23e48,0x00000000c8780000)
 Metaspace       used 57986K, capacity 59386K, committed 59580K, reserved 1101824K
  class space    used 6729K, capacity 7009K, committed 7100K, reserved 1048576K
Event: 13.356 GC heap after
Heap after GC invocations=8 (full 3):
 PSYoungGen      total 543744K, used 0K [0x00000000d5580000, 0x00000000fab80000, 0x0000000100000000)
  eden space 524800K, 0% used [0x00000000d5580000,0x00000000d5580000,0x00000000f5600000)
  from space 18944K, 0% used [0x00000000f5600000,0x00000000f5600000,0x00000000f6880000)
  to   space 26624K, 0% used [0x00000000f9180000,0x00000000f9180000,0x00000000fab80000)
 ParOldGen       total 1398272K, used 30591K [0x0000000080000000, 0x00000000d5580000, 0x00000000d5580000)
  object space 1398272K, 2% used [0x0000000080000000,0x0000000081ddfd40,0x00000000d5580000)
 Metaspace       used 57962K, capacity 59328K, committed 59580K, reserved 1101824K
  class space    used 6721K, capacity 6994K, committed 7100K, reserved 1048576K
}

