# JRE version: OpenJDK Runtime Environment (8.0_212-b04) (build 1.8.0_212-b04)
# Java VM: OpenJDK 64-Bit Server VM (25.212-b04 mixed mode linux-amd64 compressed oops)
Heap:
 PSYoungGen      total 611840K, used 206351K [0x00000000d5580000, 0x0000000100000000, 0x0000000100000000)
  eden space 524800K, 39% used [0x00000000d5580000,0x00000000e1f03f00,0x00000000f5600000)
  from space 87040K, 0% used [0x00000000fab00000,0x00000000fab00000,0x0000000100000000)
  to   space 87040K, 0% used [0x00000000f5600000,0x00000000f5600000,0x00000000fab00000)
 ParOldGen       total 1398272K, used 29765K [0x0000000080000000, 0x00000000d5580000, 0x00000000d5580000)
  object space 1398272K, 2% used [0x0000000080000000,0x0000000081d116a8,0x00000000d5580000)
 Metaspace       used 62801K, capacity 65136K, committed 65408K, reserved 1107968K
  class space    used 7298K, capacity 7718K, committed 7808K, reserved 1048576K
GC Heap History (10 events):
Event: 5.265 GC heap before
{Heap before GC invocations=3 (full 1):
 PSYoungGen      total 611840K, used 470633K [0x00000000d5580000, 0x0000000100000000, 0x0000000100000000)
  eden space 524800K, 89% used [0x00000000d5580000,0x00000000f211a720,0x00000000f5600000)
  from space 87040K, 0% used [0x00000000f5600000,0x00000000f5600000,0x00000000fab00000)
  to   space 87040K, 0% used [0x00000000fab00000,0x00000000fab00000,0x0000000100000000)
 ParOldGen       total 873984K, used 14240K [0x0000000080000000, 0x00000000b5580000, 0x00000000d5580000)
  object space 873984K, 1% used [0x0000000080000000,0x0000000080de8278,0x00000000b5580000)
 Metaspace       used 34763K, capacity 35124K, committed 35416K, reserved 1081344K
  class space    used 3967K, capacity 4092K, committed 4096K, reserved 1048576K
Event: 5.308 GC heap after
Heap after GC invocations=3 (full 1):
 PSYoungGen      total 611840K, used 19378K [0x00000000d5580000, 0x0000000100000000, 0x0000000100000000)
  eden space 524800K, 0% used [0x00000000d5580000,0x00000000d5580000,0x00000000f5600000)
  from space 87040K, 22% used [0x00000000fab00000,0x00000000fbdecbb0,0x0000000100000000)
  to   space 87040K, 0% used [0x00000000f5600000,0x00000000f5600000,0x00000000fab00000)
 ParOldGen       total 873984K, used 14248K [0x0000000080000000, 0x00000000b5580000, 0x00000000d5580000)
  object space 873984K, 1% used [0x0000000080000000,0x0000000080dea278,0x00000000b5580000)
 Metaspace       used 34763K, capacity 35124K, committed 35416K, reserved 1081344K
  class space    used 3967K, capacity 4092K, committed 4096K, reserved 1048576K
}
Event: 5.308 GC heap before
{Heap before GC invocations=4 (full 2):
 PSYoungGen      total 611840K, used 19378K [0x00000000d5580000, 0x0000000100000000, 0x0000000100000000)
  eden space 524800K, 0% used [0x00000000d5580000,0x00000000d5580000,0x00000000f5600000)
  from space 87040K, 22% used [0x00000000fab00000,0x00000000fbdecbb0,0x0000000100000000)
  to   space 87040K, 0% used [0x00000000f5600000,0x00000000f5600000,0x00000000fab00000)
 ParOldGen       total 873984K, used 14248K [0x0000000080000000, 0x00000000b5580000, 0x00000000d5580000)
  object space 873984K, 1% used [0x0000000080000000,0x0000000080dea278,0x00000000b5580000)
 Metaspace       used 34763K, capacity 35124K, committed 35416K, reserved 1081344K
  class space    used 3967K, capacity 4092K, committed 4096K, reserved 1048576K
Event: 5.425 GC heap after
Heap after GC invocations=4 (full 2):
 PSYoungGen      total 611840K, used 0K [0x00000000d5580000, 0x0000000100000000, 0x0000000100000000)
  eden space 524800K, 0% used [0x00000000d5580000,0x00000000d5580000,0x00000000f5600000)
  from space 87040K, 0% used [0x00000000fab00000,0x00000000fab00000,0x0000000100000000)
  to   space 87040K, 0% used [0x00000000f5600000,0x00000000f5600000,0x00000000fab00000)
 ParOldGen       total 1398272K, used 23927K [0x0000000080000000, 0x00000000d5580000, 0x00000000d5580000)
  object space 1398272K, 1% used [0x0000000080000000,0x000000008175de90,0x00000000d5580000)
 Metaspace       used 34763K, capacity 35124K, committed 35416K, reserved 1081344K
  class space    used 3967K, capacity 4092K, committed 4096K, reserved 1048576K
}
Event: 11.760 GC heap before
{Heap before GC invocations=5 (full 2):
 PSYoungGen      total 611840K, used 524800K [0x00000000d5580000, 0x0000000100000000, 0x0000000100000000)
  eden space 524800K, 100% used [0x00000000d5580000,0x00000000f5600000,0x00000000f5600000)
  from space 87040K, 0% used [0x00000000fab00000,0x00000000fab00000,0x0000000100000000)
  to   space 87040K, 0% used [0x00000000f5600000,0x00000000f5600000,0x00000000fab00000)
 ParOldGen       total 1398272K, used 23927K [0x0000000080000000, 0x00000000d5580000, 0x00000000d5580000)
  object space 1398272K, 1% used [0x0000000080000000,0x000000008175de90,0x00000000d5580000)
 Metaspace       used 51773K, capacity 53138K, committed 53248K, reserved 1095680K
  class space    used 6101K, capacity 6355K, committed 6400K, reserved 1048576K
Event: 11.825 GC heap after
Heap after GC invocations=5 (full 2):
 PSYoungGen      total 611840K, used 23599K [0x00000000d5580000, 0x0000000100000000, 0x0000000100000000)
  eden space 524800K, 0% used [0x00000000d5580000,0x00000000d5580000,0x00000000f5600000)
  from space 87040K, 27% used [0x00000000f5600000,0x00000000f6d0be18,0x00000000fab00000)
  to   space 87040K, 0% used [0x00000000fab00000,0x00000000fab00000,0x0000000100000000)
 ParOldGen       total 1398272K, used 23935K [0x0000000080000000, 0x00000000d5580000, 0x00000000d5580000)
  object space 1398272K, 1% used [0x0000000080000000,0x000000008175fe90,0x00000000d5580000)
 Metaspace       used 51773K, capacity 53138K, committed 53248K, reserved 1095680K
  class space    used 6101K, capacity 6355K, committed 6400K, reserved 1048576K
}
Event: 12.777 GC heap before
{Heap before GC invocations=6 (full 2):
 PSYoungGen      total 611840K, used 195819K [0x00000000d5580000, 0x0000000100000000, 0x0000000100000000)
  eden space 524800K, 32% used [0x00000000d5580000,0x00000000dfdaf038,0x00000000f5600000)
  from space 87040K, 27% used [0x00000000f5600000,0x00000000f6d0be18,0x00000000fab00000)
  to   space 87040K, 0% used [0x00000000fab00000,0x00000000fab00000,0x0000000100000000)
 ParOldGen       total 1398272K, used 23935K [0x0000000080000000, 0x00000000d5580000, 0x00000000d5580000)
  object space 1398272K, 1% used [0x0000000080000000,0x000000008175fe90,0x00000000d5580000)
 Metaspace       used 57431K, capacity 58836K, committed 59008K, reserved 1101824K
  class space    used 6672K, capacity 6968K, committed 7040K, reserved 1048576K
Event: 12.814 GC heap after
Heap after GC invocations=6 (full 2):
 PSYoungGen      total 611840K, used 17962K [0x00000000d5580000, 0x0000000100000000, 0x0000000100000000)
  eden space 524800K, 0% used [0x00000000d5580000,0x00000000d5580000,0x00000000f5600000)
  from space 87040K, 20% used [0x00000000fab00000,0x00000000fbc8a948,0x0000000100000000)
  to   space 87040K, 0% used [0x00000000f5600000,0x00000000f5600000,0x00000000fab00000)
 ParOldGen       total 1398272K, used 23943K [0x0000000080000000, 0x00000000d5580000, 0x00000000d5580000)
  object space 1398272K, 1% used [0x0000000080000000,0x0000000081761e90,0x00000000d5580000)
 Metaspace       used 57431K, capacity 58836K, committed 59008K, reserved 1101824K
  class space    used 6672K, capacity 6968K, committed 7040K, reserved 1048576K
}
Event: 12.814 GC heap before
{Heap before GC invocations=7 (full 3):
 PSYoungGen      total 611840K, used 17962K [0x00000000d5580000, 0x0000000100000000, 0x0000000100000000)
  eden space 524800K, 0% used [0x00000000d5580000,0x00000000d5580000,0x00000000f5600000)
  from space 87040K, 20% used [0x00000000fab00000,0x00000000fbc8a948,0x0000000100000000)
  to   space 87040K, 0% used [0x00000000f5600000,0x00000000f5600000,0x00000000fab00000)
 ParOldGen       total 1398272K, used 23943K [0x0000000080000000, 0x00000000d5580000, 0x00000000d5580000)
  object space 1398272K, 1% used [0x0000000080000000,0x0000000081761e90,0x00000000d5580000)
 Metaspace       used 57431K, capacity 58836K, committed 59008K, reserved 1101824K
  class space    used 6672K, capacity 6968K, committed 7040K, reserved 1048576K
Event: 13.088 GC heap after
Heap after GC invocations=7 (full 3):
 PSYoungGen      total 611840K, used 0K [0x00000000d5580000, 0x0000000100000000, 0x0000000100000000)
  eden space 524800K, 0% used [0x00000000d5580000,0x00000000d5580000,0x00000000f5600000)
  from space 87040K, 0% used [0x00000000fab00000,0x00000000fab00000,0x0000000100000000)
  to   space 87040K, 0% used [0x00000000f5600000,0x00000000f5600000,0x00000000fab00000)
 ParOldGen       total 1398272K, used 29765K [0x0000000080000000, 0x00000000d5580000, 0x00000000d5580000)
  object space 1398272K, 2% used [0x0000000080000000,0x0000000081d116a8,0x00000000d5580000)
 Metaspace       used 57397K, capacity 58756K, committed 59008K, reserved 1101824K
  class space    used 6660K, capacity 6946K, committed 7040K, reserved 1048576K
}

