# JRE version: OpenJDK Runtime Environment (8.0_212-b04) (build 1.8.0_212-b04)
# Java VM: OpenJDK 64-Bit Server VM (25.212-b04 mixed mode linux-amd64 compressed oops)
Heap:
 PSYoungGen      total 488960K, used 191355K [0x00000000d5580000, 0x0000000100000000, 0x0000000100000000)
  eden space 419328K, 29% used [0x00000000d5580000,0x00000000dcc64c80,0x00000000eef00000)
  from space 69632K, 99% used [0x00000000fab00000,0x00000000feefa128,0x00000000fef00000)
  to   space 139776K, 0% used [0x00000000eef00000,0x00000000eef00000,0x00000000f7780000)
 ParOldGen       total 1398272K, used 130619K [0x0000000080000000, 0x00000000d5580000, 0x00000000d5580000)
  object space 1398272K, 9% used [0x0000000080000000,0x0000000087f8ece8,0x00000000d5580000)
 Metaspace       used 66659K, capacity 69412K, committed 69760K, reserved 1112064K
  class space    used 7469K, capacity 7950K, committed 8064K, reserved 1048576K
GC Heap History (10 events):
Event: 10.407 GC heap before
{Heap before GC invocations=5 (full 2):
 PSYoungGen      total 611840K, used 524800K [0x00000000d5580000, 0x0000000100000000, 0x0000000100000000)
  eden space 524800K, 100% used [0x00000000d5580000,0x00000000f5600000,0x00000000f5600000)
  from space 87040K, 0% used [0x00000000fab00000,0x00000000fab00000,0x0000000100000000)
  to   space 87040K, 0% used [0x00000000f5600000,0x00000000f5600000,0x00000000fab00000)
 ParOldGen       total 1398272K, used 23573K [0x0000000080000000, 0x00000000d5580000, 0x00000000d5580000)
  object space 1398272K, 1% used [0x0000000080000000,0x00000000817055a8,0x00000000d5580000)
 Metaspace       used 50888K, capacity 52278K, committed 52352K, reserved 1095680K
  class space    used 6009K, capacity 6267K, committed 6272K, reserved 1048576K
Event: 10.449 GC heap after
Heap after GC invocations=5 (full 2):
 PSYoungGen      total 611840K, used 23863K [0x00000000d5580000, 0x0000000100000000, 0x0000000100000000)
  eden space 524800K, 0% used [0x00000000d5580000,0x00000000d5580000,0x00000000f5600000)
  from space 87040K, 27% used [0x00000000f5600000,0x00000000f6d4dcd8,0x00000000fab00000)
  to   space 87040K, 0% used [0x00000000fab00000,0x00000000fab00000,0x0000000100000000)
 ParOldGen       total 1398272K, used 23581K [0x0000000080000000, 0x00000000d5580000, 0x00000000d5580000)
  object space 1398272K, 1% used [0x0000000080000000,0x00000000817075a8,0x00000000d5580000)
 Metaspace       used 50888K, capacity 52278K, committed 52352K, reserved 1095680K
  class space    used 6009K, capacity 6267K, committed 6272K, reserved 1048576K
}
Event: 12.077 GC heap before
{Heap before GC invocations=6 (full 2):
 PSYoungGen      total 611840K, used 181636K [0x00000000d5580000, 0x0000000100000000, 0x0000000100000000)
  eden space 524800K, 30% used [0x00000000d5580000,0x00000000def93538,0x00000000f5600000)
  from space 87040K, 27% used [0x00000000f5600000,0x00000000f6d4dcd8,0x00000000fab00000)
  to   space 87040K, 0% used [0x00000000fab00000,0x00000000fab00000,0x0000000100000000)
 ParOldGen       total 1398272K, used 23581K [0x0000000080000000, 0x00000000d5580000, 0x00000000d5580000)
  object space 1398272K, 1% used [0x0000000080000000,0x00000000817075a8,0x00000000d5580000)
 Metaspace       used 57269K, capacity 58886K, committed 59008K, reserved 1101824K
  class space    used 6624K, capacity 6949K, committed 7040K, reserved 1048576K
Event: 12.116 GC heap after
Heap after GC invocations=6 (full 2):
 PSYoungGen      total 611840K, used 22708K [0x00000000d5580000, 0x0000000100000000, 0x0000000100000000)
  eden space 524800K, 0% used [0x00000000d5580000,0x00000000d5580000,0x00000000f5600000)
  from space 87040K, 26% used [0x00000000fab00000,0x00000000fc12d388,0x0000000100000000)
  to   space 87040K, 0% used [0x00000000f5600000,0x00000000f5600000,0x00000000fab00000)
 ParOldGen       total 1398272K, used 23589K [0x0000000080000000, 0x00000000d5580000, 0x00000000d5580000)
  object space 1398272K, 1% used [0x0000000080000000,0x00000000817095a8,0x00000000d5580000)
 Metaspace       used 57269K, capacity 58886K, committed 59008K, reserved 1101824K
  class space    used 6624K, capacity 6949K, committed 7040K, reserved 1048576K
}
Event: 12.116 GC heap before
{Heap before GC invocations=7 (full 3):
 PSYoungGen      total 611840K, used 22708K [0x00000000d5580000, 0x0000000100000000, 0x0000000100000000)
  eden space 524800K, 0% used [0x00000000d5580000,0x00000000d5580000,0x00000000f5600000)
  from space 87040K, 26% used [0x00000000fab00000,0x00000000fc12d388,0x0000000100000000)
  to   space 87040K, 0% used [0x00000000f5600000,0x00000000f5600000,0x00000000fab00000)
 ParOldGen       total 1398272K, used 23589K [0x0000000080000000, 0x00000000d5580000, 0x00000000d5580000)
  object space 1398272K, 1% used [0x0000000080000000,0x00000000817095a8,0x00000000d5580000)
 Metaspace       used 57269K, capacity 58886K, committed 59008K, reserved 1101824K
  class space    used 6624K, capacity 6949K, committed 7040K, reserved 1048576K
Event: 12.406 GC heap after
Heap after GC invocations=7 (full 3):
 PSYoungGen      total 611840K, used 0K [0x00000000d5580000, 0x0000000100000000, 0x0000000100000000)
  eden space 524800K, 0% used [0x00000000d5580000,0x00000000d5580000,0x00000000f5600000)
  from space 87040K, 0% used [0x00000000fab00000,0x00000000fab00000,0x0000000100000000)
  to   space 87040K, 0% used [0x00000000f5600000,0x00000000f5600000,0x00000000fab00000)
 ParOldGen       total 1398272K, used 34073K [0x0000000080000000, 0x00000000d5580000, 0x00000000d5580000)
  object space 1398272K, 2% used [0x0000000080000000,0x00000000821465d8,0x00000000d5580000)
 Metaspace       used 57205K, capacity 58714K, committed 59008K, reserved 1101824K
  class space    used 6601K, capacity 6909K, committed 7040K, reserved 1048576K
}
Event: 29.089 GC heap before
{Heap before GC invocations=8 (full 3):
 PSYoungGen      total 611840K, used 524799K [0x00000000d5580000, 0x0000000100000000, 0x0000000100000000)
  eden space 524800K, 99% used [0x00000000d5580000,0x00000000f55fff28,0x00000000f5600000)
  from space 87040K, 0% used [0x00000000fab00000,0x00000000fab00000,0x0000000100000000)
  to   space 87040K, 0% used [0x00000000f5600000,0x00000000f5600000,0x00000000fab00000)
 ParOldGen       total 1398272K, used 34073K [0x0000000080000000, 0x00000000d5580000, 0x00000000d5580000)
  object space 1398272K, 2% used [0x0000000080000000,0x00000000821465d8,0x00000000d5580000)
 Metaspace       used 65091K, capacity 67724K, committed 67840K, reserved 1110016K
  class space    used 7419K, capacity 7892K, committed 7936K, reserved 1048576K
Event: 29.247 GC heap after
Heap after GC invocations=8 (full 3):
 PSYoungGen      total 611840K, used 87018K [0x00000000d5580000, 0x00000000fef00000, 0x0000000100000000)
  eden space 524800K, 0% used [0x00000000d5580000,0x00000000d5580000,0x00000000f5600000)
  from space 87040K, 99% used [0x00000000f5600000,0x00000000faafaa70,0x00000000fab00000)
  to   space 69632K, 0% used [0x00000000fab00000,0x00000000fab00000,0x00000000fef00000)
 ParOldGen       total 1398272K, used 43587K [0x0000000080000000, 0x00000000d5580000, 0x00000000d5580000)
  object space 1398272K, 3% used [0x0000000080000000,0x0000000082a90df8,0x00000000d5580000)
 Metaspace       used 65091K, capacity 67724K, committed 67840K, reserved 1110016K
  class space    used 7419K, capacity 7892K, committed 7936K, reserved 1048576K
}
Event: 85.066 GC heap before
{Heap before GC invocations=9 (full 3):
 PSYoungGen      total 611840K, used 611818K [0x00000000d5580000, 0x00000000fef00000, 0x0000000100000000)
  eden space 524800K, 100% used [0x00000000d5580000,0x00000000f5600000,0x00000000f5600000)
  from space 87040K, 99% used [0x00000000f5600000,0x00000000faafaa70,0x00000000fab00000)
  to   space 69632K, 0% used [0x00000000fab00000,0x00000000fab00000,0x00000000fef00000)
 ParOldGen       total 1398272K, used 43587K [0x0000000080000000, 0x00000000d5580000, 0x00000000d5580000)
  object space 1398272K, 3% used [0x0000000080000000,0x0000000082a90df8,0x00000000d5580000)
 Metaspace       used 66476K, capacity 69200K, committed 69504K, reserved 1110016K
  class space    used 7458K, capacity 7946K, committed 8064K, reserved 1048576K
Event: 85.269 GC heap after
Heap after GC invocations=9 (full 3):
 PSYoungGen      total 488960K, used 69608K [0x00000000d5580000, 0x0000000100000000, 0x0000000100000000)
  eden space 419328K, 0% used [0x00000000d5580000,0x00000000d5580000,0x00000000eef00000)
  from space 69632K, 99% used [0x00000000fab00000,0x00000000feefa128,0x00000000fef00000)
  to   space 139776K, 0% used [0x00000000eef00000,0x00000000eef00000,0x00000000f7780000)
 ParOldGen       total 1398272K, used 130619K [0x0000000080000000, 0x00000000d5580000, 0x00000000d5580000)
  object space 1398272K, 9% used [0x0000000080000000,0x0000000087f8ece8,0x00000000d5580000)
 Metaspace       used 66476K, capacity 69200K, committed 69504K, reserved 1110016K
  class space    used 7458K, capacity 7946K, committed 8064K, reserved 1048576K
}

