# JRE version: OpenJDK Runtime Environment (8.0_212-b04) (build 1.8.0_212-b04)
# Java VM: OpenJDK 64-Bit Server VM (25.212-b04 mixed mode linux-amd64 compressed oops)
Heap:
 PSYoungGen      total 611840K, used 257382K [0x00000000d5580000, 0x0000000100000000, 0x0000000100000000)
  eden space 524800K, 36% used [0x00000000d5580000,0x00000000e1283e38,0x00000000f5600000)
  from space 87040K, 73% used [0x00000000fab00000,0x00000000fe955a38,0x0000000100000000)
  to   space 87040K, 0% used [0x00000000f5600000,0x00000000f5600000,0x00000000fab00000)
 ParOldGen       total 1398272K, used 44579K [0x0000000080000000, 0x00000000d5580000, 0x00000000d5580000)
  object space 1398272K, 3% used [0x0000000080000000,0x0000000082b88d80,0x00000000d5580000)
 Metaspace       used 65459K, capacity 68240K, committed 68440K, reserved 1110016K
  class space    used 7482K, capacity 8008K, committed 8024K, reserved 1048576K
GC Heap History (10 events):
Event: 4.308 GC heap before
{Heap before GC invocations=3 (full 1):
 PSYoungGen      total 611840K, used 445298K [0x00000000d5580000, 0x0000000100000000, 0x0000000100000000)
  eden space 524800K, 84% used [0x00000000d5580000,0x00000000f085ca90,0x00000000f5600000)
  from space 87040K, 0% used [0x00000000f5600000,0x00000000f5600000,0x00000000fab00000)
  to   space 87040K, 0% used [0x00000000fab00000,0x00000000fab00000,0x0000000100000000)
 ParOldGen       total 930816K, used 13768K [0x0000000080000000, 0x00000000b8d00000, 0x00000000d5580000)
  object space 930816K, 1% used [0x0000000080000000,0x0000000080d72288,0x00000000b8d00000)
 Metaspace       used 34751K, capacity 35156K, committed 35416K, reserved 1081344K
  class space    used 3976K, capacity 4124K, committed 4184K, reserved 1048576K
Event: 4.335 GC heap after
Heap after GC invocations=3 (full 1):
 PSYoungGen      total 611840K, used 19181K [0x00000000d5580000, 0x0000000100000000, 0x0000000100000000)
  eden space 524800K, 0% used [0x00000000d5580000,0x00000000d5580000,0x00000000f5600000)
  from space 87040K, 22% used [0x00000000fab00000,0x00000000fbdbb520,0x0000000100000000)
  to   space 87040K, 0% used [0x00000000f5600000,0x00000000f5600000,0x00000000fab00000)
 ParOldGen       total 930816K, used 13776K [0x0000000080000000, 0x00000000b8d00000, 0x00000000d5580000)
  object space 930816K, 1% used [0x0000000080000000,0x0000000080d74288,0x00000000b8d00000)
 Metaspace       used 34751K, capacity 35156K, committed 35416K, reserved 1081344K
  class space    used 3976K, capacity 4124K, committed 4184K, reserved 1048576K
}
Event: 4.335 GC heap before
{Heap before GC invocations=4 (full 2):
 PSYoungGen      total 611840K, used 19181K [0x00000000d5580000, 0x0000000100000000, 0x0000000100000000)
  eden space 524800K, 0% used [0x00000000d5580000,0x00000000d5580000,0x00000000f5600000)
  from space 87040K, 22% used [0x00000000fab00000,0x00000000fbdbb520,0x0000000100000000)
  to   space 87040K, 0% used [0x00000000f5600000,0x00000000f5600000,0x00000000fab00000)
 ParOldGen       total 930816K, used 13776K [0x0000000080000000, 0x00000000b8d00000, 0x00000000d5580000)
  object space 930816K, 1% used [0x0000000080000000,0x0000000080d74288,0x00000000b8d00000)
 Metaspace       used 34751K, capacity 35156K, committed 35416K, reserved 1081344K
  class space    used 3976K, capacity 4124K, committed 4184K, reserved 1048576K
Event: 4.426 GC heap after
Heap after GC invocations=4 (full 2):
 PSYoungGen      total 611840K, used 0K [0x00000000d5580000, 0x0000000100000000, 0x0000000100000000)
  eden space 524800K, 0% used [0x00000000d5580000,0x00000000d5580000,0x00000000f5600000)
  from space 87040K, 0% used [0x00000000fab00000,0x00000000fab00000,0x0000000100000000)
  to   space 87040K, 0% used [0x00000000f5600000,0x00000000f5600000,0x00000000fab00000)
 ParOldGen       total 1398272K, used 23619K [0x0000000080000000, 0x00000000d5580000, 0x00000000d5580000)
  object space 1398272K, 1% used [0x0000000080000000,0x0000000081710ed8,0x00000000d5580000)
 Metaspace       used 34751K, capacity 35156K, committed 35416K, reserved 1081344K
  class space    used 3976K, capacity 4124K, committed 4184K, reserved 1048576K
}
Event: 11.466 GC heap before
{Heap before GC invocations=5 (full 2):
 PSYoungGen      total 611840K, used 510804K [0x00000000d5580000, 0x0000000100000000, 0x0000000100000000)
  eden space 524800K, 97% used [0x00000000d5580000,0x00000000f4855108,0x00000000f5600000)
  from space 87040K, 0% used [0x00000000fab00000,0x00000000fab00000,0x0000000100000000)
  to   space 87040K, 0% used [0x00000000f5600000,0x00000000f5600000,0x00000000fab00000)
 ParOldGen       total 1398272K, used 23619K [0x0000000080000000, 0x00000000d5580000, 0x00000000d5580000)
  object space 1398272K, 1% used [0x0000000080000000,0x0000000081710ed8,0x00000000d5580000)
 Metaspace       used 57387K, capacity 58800K, committed 58968K, reserved 1101824K
  class space    used 6651K, capacity 6950K, committed 7000K, reserved 1048576K
Event: 11.520 GC heap after
Heap after GC invocations=5 (full 2):
 PSYoungGen      total 611840K, used 34014K [0x00000000d5580000, 0x0000000100000000, 0x0000000100000000)
  eden space 524800K, 0% used [0x00000000d5580000,0x00000000d5580000,0x00000000f5600000)
  from space 87040K, 39% used [0x00000000f5600000,0x00000000f77378b0,0x00000000fab00000)
  to   space 87040K, 0% used [0x00000000fab00000,0x00000000fab00000,0x0000000100000000)
 ParOldGen       total 1398272K, used 23627K [0x0000000080000000, 0x00000000d5580000, 0x00000000d5580000)
  object space 1398272K, 1% used [0x0000000080000000,0x0000000081712ed8,0x00000000d5580000)
 Metaspace       used 57387K, capacity 58800K, committed 58968K, reserved 1101824K
  class space    used 6651K, capacity 6950K, committed 7000K, reserved 1048576K
}
Event: 11.520 GC heap before
{Heap before GC invocations=6 (full 3):
 PSYoungGen      total 611840K, used 34014K [0x00000000d5580000, 0x0000000100000000, 0x0000000100000000)
  eden space 524800K, 0% used [0x00000000d5580000,0x00000000d5580000,0x00000000f5600000)
  from space 87040K, 39% used [0x00000000f5600000,0x00000000f77378b0,0x00000000fab00000)
  to   space 87040K, 0% used [0x00000000fab00000,0x00000000fab00000,0x0000000100000000)
 ParOldGen       total 1398272K, used 23627K [0x0000000080000000, 0x00000000d5580000, 0x00000000d5580000)
  object space 1398272K, 1% used [0x0000000080000000,0x0000000081712ed8,0x00000000d5580000)
 Metaspace       used 57387K, capacity 58800K, committed 58968K, reserved 1101824K
  class space    used 6651K, capacity 6950K, committed 7000K, reserved 1048576K
Event: 11.820 GC heap after
Heap after GC invocations=6 (full 3):
 PSYoungGen      total 611840K, used 0K [0x00000000d5580000, 0x0000000100000000, 0x0000000100000000)
  eden space 524800K, 0% used [0x00000000d5580000,0x00000000d5580000,0x00000000f5600000)
  from space 87040K, 0% used [0x00000000f5600000,0x00000000f5600000,0x00000000fab00000)
  to   space 87040K, 0% used [0x00000000fab00000,0x00000000fab00000,0x0000000100000000)
 ParOldGen       total 1398272K, used 44579K [0x0000000080000000, 0x00000000d5580000, 0x00000000d5580000)
  object space 1398272K, 3% used [0x0000000080000000,0x0000000082b88d80,0x00000000d5580000)
 Metaspace       used 57333K, capacity 58670K, committed 58968K, reserved 1101824K
  class space    used 6632K, capacity 6917K, committed 7000K, reserved 1048576K
}
Event: 25.299 GC heap before
{Heap before GC invocations=7 (full 3):
 PSYoungGen      total 611840K, used 494586K [0x00000000d5580000, 0x0000000100000000, 0x0000000100000000)
  eden space 524800K, 94% used [0x00000000d5580000,0x00000000f387eb30,0x00000000f5600000)
  from space 87040K, 0% used [0x00000000f5600000,0x00000000f5600000,0x00000000fab00000)
  to   space 87040K, 0% used [0x00000000fab00000,0x00000000fab00000,0x0000000100000000)
 ParOldGen       total 1398272K, used 44579K [0x0000000080000000, 0x00000000d5580000, 0x00000000d5580000)
  object space 1398272K, 3% used [0x0000000080000000,0x0000000082b88d80,0x00000000d5580000)
 Metaspace       used 65438K, capacity 68240K, committed 68440K, reserved 1110016K
  class space    used 7482K, capacity 8008K, committed 8024K, reserved 1048576K
Event: 25.342 GC heap after
Heap after GC invocations=7 (full 3):
 PSYoungGen      total 611840K, used 63830K [0x00000000d5580000, 0x0000000100000000, 0x0000000100000000)
  eden space 524800K, 0% used [0x00000000d5580000,0x00000000d5580000,0x00000000f5600000)
  from space 87040K, 73% used [0x00000000fab00000,0x00000000fe955a38,0x0000000100000000)
  to   space 87040K, 0% used [0x00000000f5600000,0x00000000f5600000,0x00000000fab00000)
 ParOldGen       total 1398272K, used 44579K [0x0000000080000000, 0x00000000d5580000, 0x00000000d5580000)
  object space 1398272K, 3% used [0x0000000080000000,0x0000000082b88d80,0x00000000d5580000)
 Metaspace       used 65438K, capacity 68240K, committed 68440K, reserved 1110016K
  class space    used 7482K, capacity 8008K, committed 8024K, reserved 1048576K
}

