# JRE version: OpenJDK Runtime Environment (8.0_212-b04) (build 1.8.0_212-b04)
# Java VM: OpenJDK 64-Bit Server VM (25.212-b04 mixed mode linux-amd64 compressed oops)
Heap:
 PSYoungGen      total 596992K, used 166883K [0x00000000d5580000, 0x00000000fca00000, 0x0000000100000000)
  eden space 524800K, 18% used [0x00000000d5580000,0x00000000db2332d0,0x00000000f5600000)
  from space 72192K, 99% used [0x00000000f5600000,0x00000000f9c45ca8,0x00000000f9c80000)
  to   space 46592K, 0% used [0x00000000f9c80000,0x00000000f9c80000,0x00000000fca00000)
 ParOldGen       total 1398272K, used 32214K [0x0000000080000000, 0x00000000d5580000, 0x00000000d5580000)
  object space 1398272K, 2% used [0x0000000080000000,0x0000000081f759b8,0x00000000d5580000)
 Metaspace       used 76740K, capacity 79702K, committed 80000K, reserved 1120256K
  class space    used 8954K, capacity 9505K, committed 9600K, reserved 1048576K
GC Heap History (10 events):
Event: 4.250 GC heap before
{Heap before GC invocations=4 (full 2):
 PSYoungGen      total 611840K, used 19483K [0x00000000d5580000, 0x0000000100000000, 0x0000000100000000)
  eden space 524800K, 0% used [0x00000000d5580000,0x00000000d5580000,0x00000000f5600000)
  from space 87040K, 22% used [0x00000000fab00000,0x00000000fbe06fd8,0x0000000100000000)
  to   space 87040K, 0% used [0x00000000f5600000,0x00000000f5600000,0x00000000fab00000)
 ParOldGen       total 943616K, used 13506K [0x0000000080000000, 0x00000000b9980000, 0x00000000d5580000)
  object space 943616K, 1% used [0x0000000080000000,0x0000000080d30a78,0x00000000b9980000)
 Metaspace       used 34835K, capacity 35114K, committed 35416K, reserved 1081344K
  class space    used 4201K, capacity 4321K, committed 4352K, reserved 1048576K
Event: 4.425 GC heap after
Heap after GC invocations=4 (full 2):
 PSYoungGen      total 611840K, used 0K [0x00000000d5580000, 0x0000000100000000, 0x0000000100000000)
  eden space 524800K, 0% used [0x00000000d5580000,0x00000000d5580000,0x00000000f5600000)
  from space 87040K, 0% used [0x00000000fab00000,0x00000000fab00000,0x0000000100000000)
  to   space 87040K, 0% used [0x00000000f5600000,0x00000000f5600000,0x00000000fab00000)
 ParOldGen       total 1398272K, used 24333K [0x0000000080000000, 0x00000000d5580000, 0x00000000d5580000)
  object space 1398272K, 1% used [0x0000000080000000,0x00000000817c3670,0x00000000d5580000)
 Metaspace       used 34835K, capacity 35114K, committed 35416K, reserved 1081344K
  class space    used 4201K, capacity 4321K, committed 4352K, reserved 1048576K
}
Event: 7.375 GC heap before
{Heap before GC invocations=5 (full 2):
 PSYoungGen      total 611840K, used 524800K [0x00000000d5580000, 0x0000000100000000, 0x0000000100000000)
  eden space 524800K, 100% used [0x00000000d5580000,0x00000000f5600000,0x00000000f5600000)
  from space 87040K, 0% used [0x00000000fab00000,0x00000000fab00000,0x0000000100000000)
  to   space 87040K, 0% used [0x00000000f5600000,0x00000000f5600000,0x00000000fab00000)
 ParOldGen       total 1398272K, used 24333K [0x0000000080000000, 0x00000000d5580000, 0x00000000d5580000)
  object space 1398272K, 1% used [0x0000000080000000,0x00000000817c3670,0x00000000d5580000)
 Metaspace       used 49449K, capacity 50272K, committed 50432K, reserved 1093632K
  class space    used 5883K, capacity 6084K, committed 6144K, reserved 1048576K
Event: 7.408 GC heap after
Heap after GC invocations=5 (full 2):
 PSYoungGen      total 611840K, used 21543K [0x00000000d5580000, 0x0000000100000000, 0x0000000100000000)
  eden space 524800K, 0% used [0x00000000d5580000,0x00000000d5580000,0x00000000f5600000)
  from space 87040K, 24% used [0x00000000f5600000,0x00000000f6b09f90,0x00000000fab00000)
  to   space 87040K, 0% used [0x00000000fab00000,0x00000000fab00000,0x0000000100000000)
 ParOldGen       total 1398272K, used 24341K [0x0000000080000000, 0x00000000d5580000, 0x00000000d5580000)
  object space 1398272K, 1% used [0x0000000080000000,0x00000000817c5670,0x00000000d5580000)
 Metaspace       used 49449K, capacity 50272K, committed 50432K, reserved 1093632K
  class space    used 5883K, capacity 6084K, committed 6144K, reserved 1048576K
}
Event: 11.629 GC heap before
{Heap before GC invocations=6 (full 2):
 PSYoungGen      total 611840K, used 317641K [0x00000000d5580000, 0x0000000100000000, 0x0000000100000000)
  eden space 524800K, 56% used [0x00000000d5580000,0x00000000e76a8630,0x00000000f5600000)
  from space 87040K, 24% used [0x00000000f5600000,0x00000000f6b09f90,0x00000000fab00000)
  to   space 87040K, 0% used [0x00000000fab00000,0x00000000fab00000,0x0000000100000000)
 ParOldGen       total 1398272K, used 24341K [0x0000000080000000, 0x00000000d5580000, 0x00000000d5580000)
  object space 1398272K, 1% used [0x0000000080000000,0x00000000817c5670,0x00000000d5580000)
 Metaspace       used 57719K, capacity 58884K, committed 59008K, reserved 1101824K
  class space    used 6941K, capacity 7178K, committed 7296K, reserved 1048576K
Event: 11.673 GC heap after
Heap after GC invocations=6 (full 2):
 PSYoungGen      total 611840K, used 19665K [0x00000000d5580000, 0x0000000100000000, 0x0000000100000000)
  eden space 524800K, 0% used [0x00000000d5580000,0x00000000d5580000,0x00000000f5600000)
  from space 87040K, 22% used [0x00000000fab00000,0x00000000fbe345a8,0x0000000100000000)
  to   space 87040K, 0% used [0x00000000f5600000,0x00000000f5600000,0x00000000fab00000)
 ParOldGen       total 1398272K, used 24349K [0x0000000080000000, 0x00000000d5580000, 0x00000000d5580000)
  object space 1398272K, 1% used [0x0000000080000000,0x00000000817c7670,0x00000000d5580000)
 Metaspace       used 57719K, capacity 58884K, committed 59008K, reserved 1101824K
  class space    used 6941K, capacity 7178K, committed 7296K, reserved 1048576K
}
Event: 11.673 GC heap before
{Heap before GC invocations=7 (full 3):
 PSYoungGen      total 611840K, used 19665K [0x00000000d5580000, 0x0000000100000000, 0x0000000100000000)
  eden space 524800K, 0% used [0x00000000d5580000,0x00000000d5580000,0x00000000f5600000)
  from space 87040K, 22% used [0x00000000fab00000,0x00000000fbe345a8,0x0000000100000000)
  to   space 87040K, 0% used [0x00000000f5600000,0x00000000f5600000,0x00000000fab00000)
 ParOldGen       total 1398272K, used 24349K [0x0000000080000000, 0x00000000d5580000, 0x00000000d5580000)
  object space 1398272K, 1% used [0x0000000080000000,0x00000000817c7670,0x00000000d5580000)
 Metaspace       used 57719K, capacity 58884K, committed 59008K, reserved 1101824K
  class space    used 6941K, capacity 7178K, committed 7296K, reserved 1048576K
Event: 11.965 GC heap after
Heap after GC invocations=7 (full 3):
 PSYoungGen      total 611840K, used 0K [0x00000000d5580000, 0x0000000100000000, 0x0000000100000000)
  eden space 524800K, 0% used [0x00000000d5580000,0x00000000d5580000,0x00000000f5600000)
  from space 87040K, 0% used [0x00000000fab00000,0x00000000fab00000,0x0000000100000000)
  to   space 87040K, 0% used [0x00000000f5600000,0x00000000f5600000,0x00000000fab00000)
 ParOldGen       total 1398272K, used 32206K [0x0000000080000000, 0x00000000d5580000, 0x00000000d5580000)
  object space 1398272K, 2% used [0x0000000080000000,0x0000000081f739b8,0x00000000d5580000)
 Metaspace       used 57622K, capacity 58646K, committed 59008K, reserved 1101824K
  class space    used 6906K, capacity 7117K, committed 7296K, reserved 1048576K
}
Event: 25.076 GC heap before
{Heap before GC invocations=8 (full 3):
 PSYoungGen      total 611840K, used 524791K [0x00000000d5580000, 0x0000000100000000, 0x0000000100000000)
  eden space 524800K, 99% used [0x00000000d5580000,0x00000000f55fdc90,0x00000000f5600000)
  from space 87040K, 0% used [0x00000000fab00000,0x00000000fab00000,0x0000000100000000)
  to   space 87040K, 0% used [0x00000000f5600000,0x00000000f5600000,0x00000000fab00000)
 ParOldGen       total 1398272K, used 32206K [0x0000000080000000, 0x00000000d5580000, 0x00000000d5580000)
  object space 1398272K, 2% used [0x0000000080000000,0x0000000081f739b8,0x00000000d5580000)
 Metaspace       used 76251K, capacity 79006K, committed 79104K, reserved 1118208K
  class space    used 8905K, capacity 9433K, committed 9472K, reserved 1048576K
Event: 25.150 GC heap after
Heap after GC invocations=8 (full 3):
 PSYoungGen      total 596992K, used 71959K [0x00000000d5580000, 0x00000000fca00000, 0x0000000100000000)
  eden space 524800K, 0% used [0x00000000d5580000,0x00000000d5580000,0x00000000f5600000)
  from space 72192K, 99% used [0x00000000f5600000,0x00000000f9c45ca8,0x00000000f9c80000)
  to   space 46592K, 0% used [0x00000000f9c80000,0x00000000f9c80000,0x00000000fca00000)
 ParOldGen       total 1398272K, used 32214K [0x0000000080000000, 0x00000000d5580000, 0x00000000d5580000)
  object space 1398272K, 2% used [0x0000000080000000,0x0000000081f759b8,0x00000000d5580000)
 Metaspace       used 76251K, capacity 79006K, committed 79104K, reserved 1118208K
  class space    used 8905K, capacity 9433K, committed 9472K, reserved 1048576K
}

