# JRE version: OpenJDK Runtime Environment (8.0_212-b04) (build 1.8.0_212-b04)
# Java VM: OpenJDK 64-Bit Server VM (25.212-b04 mixed mode linux-amd64 compressed oops)
Heap:
 PSYoungGen      total 611840K, used 278154K [0x00000000d5580000, 0x0000000100000000, 0x0000000100000000)
  eden space 524800K, 53% used [0x00000000d5580000,0x00000000e6522940,0x00000000f5600000)
  from space 87040K, 0% used [0x00000000f5600000,0x00000000f5600000,0x00000000fab00000)
  to   space 87040K, 0% used [0x00000000fab00000,0x00000000fab00000,0x0000000100000000)
 ParOldGen       total 900608K, used 11914K [0x0000000080000000, 0x00000000b6f80000, 0x00000000d5580000)
  object space 900608K, 1% used [0x0000000080000000,0x0000000080ba2bb8,0x00000000b6f80000)
 Metaspace       used 26635K, capacity 27034K, committed 27520K, reserved 1073152K
  class space    used 2993K, capacity 3120K, committed 3200K, reserved 1048576K
GC Heap History (4 events):
Event: 2.587 GC heap before
{Heap before GC invocations=1 (full 0):
 PSYoungGen      total 611840K, used 199425K [0x00000000d5580000, 0x0000000100000000, 0x0000000100000000)
  eden space 524800K, 38% used [0x00000000d5580000,0x00000000e18406a0,0x00000000f5600000)
  from space 87040K, 0% used [0x00000000fab00000,0x00000000fab00000,0x0000000100000000)
  to   space 87040K, 0% used [0x00000000f5600000,0x00000000f5600000,0x00000000fab00000)
 ParOldGen       total 1398272K, used 0K [0x0000000080000000, 0x00000000d5580000, 0x00000000d5580000)
  object space 1398272K, 0% used [0x0000000080000000,0x0000000080000000,0x00000000d5580000)
 Metaspace       used 20756K, capacity 20984K, committed 21248K, reserved 1069056K
  class space    used 2349K, capacity 2443K, committed 2560K, reserved 1048576K
Event: 2.625 GC heap after
Heap after GC invocations=1 (full 0):
 PSYoungGen      total 611840K, used 12350K [0x00000000d5580000, 0x0000000100000000, 0x0000000100000000)
  eden space 524800K, 0% used [0x00000000d5580000,0x00000000d5580000,0x00000000f5600000)
  from space 87040K, 14% used [0x00000000f5600000,0x00000000f620f988,0x00000000fab00000)
  to   space 87040K, 0% used [0x00000000fab00000,0x00000000fab00000,0x0000000100000000)
 ParOldGen       total 1398272K, used 80K [0x0000000080000000, 0x00000000d5580000, 0x00000000d5580000)
  object space 1398272K, 0% used [0x0000000080000000,0x0000000080014010,0x00000000d5580000)
 Metaspace       used 20756K, capacity 20984K, committed 21248K, reserved 1069056K
  class space    used 2349K, capacity 2443K, committed 2560K, reserved 1048576K
}
Event: 2.625 GC heap before
{Heap before GC invocations=2 (full 1):
 PSYoungGen      total 611840K, used 12350K [0x00000000d5580000, 0x0000000100000000, 0x0000000100000000)
  eden space 524800K, 0% used [0x00000000d5580000,0x00000000d5580000,0x00000000f5600000)
  from space 87040K, 14% used [0x00000000f5600000,0x00000000f620f988,0x00000000fab00000)
  to   space 87040K, 0% used [0x00000000fab00000,0x00000000fab00000,0x0000000100000000)
 ParOldGen       total 1398272K, used 80K [0x0000000080000000, 0x00000000d5580000, 0x00000000d5580000)
  object space 1398272K, 0% used [0x0000000080000000,0x0000000080014010,0x00000000d5580000)
 Metaspace       used 20756K, capacity 20984K, committed 21248K, reserved 1069056K
  class space    used 2349K, capacity 2443K, committed 2560K, reserved 1048576K
Event: 2.712 GC heap after
Heap after GC invocations=2 (full 1):
 PSYoungGen      total 611840K, used 0K [0x00000000d5580000, 0x0000000100000000, 0x0000000100000000)
  eden space 524800K, 0% used [0x00000000d5580000,0x00000000d5580000,0x00000000f5600000)
  from space 87040K, 0% used [0x00000000f5600000,0x00000000f5600000,0x00000000fab00000)
  to   space 87040K, 0% used [0x00000000fab00000,0x00000000fab00000,0x0000000100000000)
 ParOldGen       total 900608K, used 11914K [0x0000000080000000, 0x00000000b6f80000, 0x00000000d5580000)
  object space 900608K, 1% used [0x0000000080000000,0x0000000080ba2bb8,0x00000000b6f80000)
 Metaspace       used 20756K, capacity 20984K, committed 21248K, reserved 1069056K
  class space    used 2349K, capacity 2443K, committed 2560K, reserved 1048576K
}

