# JRE version: OpenJDK Runtime Environment (8.0_212-b04) (build 1.8.0_212-b04)
# Java VM: OpenJDK 64-Bit Server VM (25.212-b04 mixed mode linux-amd64 compressed oops)
Heap:
 PSYoungGen      total 581120K, used 422824K [0x00000000d5580000, 0x0000000100000000, 0x0000000100000000)
  eden space 551424K, 76% used [0x00000000d5580000,0x00000000ef26a238,0x00000000f7000000)
  from space 29696K, 0% used [0x00000000f8e80000,0x00000000f8e80000,0x00000000fab80000)
  to   space 31232K, 0% used [0x00000000f7000000,0x00000000f7000000,0x00000000f8e80000)
 ParOldGen       total 1398272K, used 545636K [0x0000000080000000, 0x00000000d5580000, 0x00000000d5580000)
  object space 1398272K, 39% used [0x0000000080000000,0x00000000a14d9098,0x00000000d5580000)
 Metaspace       used 65215K, capacity 67716K, committed 67840K, reserved 1110016K
  class space    used 7387K, capacity 7834K, committed 7936K, reserved 1048576K
GC Heap History (10 events):
Event: 13.090 GC heap before
{Heap before GC invocations=6 (full 2):
 PSYoungGen      total 611840K, used 321441K [0x00000000d5580000, 0x0000000100000000, 0x0000000100000000)
  eden space 524800K, 57% used [0x00000000d5580000,0x00000000e7e9bf58,0x00000000f5600000)
  from space 87040K, 19% used [0x00000000f5600000,0x00000000f66cc538,0x00000000fab00000)
  to   space 87040K, 0% used [0x00000000fab00000,0x00000000fab00000,0x0000000100000000)
 ParOldGen       total 1398272K, used 23890K [0x0000000080000000, 0x00000000d5580000, 0x00000000d5580000)
  object space 1398272K, 1% used [0x0000000080000000,0x0000000081754a38,0x00000000d5580000)
 Metaspace       used 57387K, capacity 58858K, committed 59028K, reserved 1101824K
  class space    used 6600K, capacity 6879K, committed 6912K, reserved 1048576K
Event: 13.156 GC heap after
Heap after GC invocations=6 (full 2):
 PSYoungGen      total 611840K, used 29489K [0x00000000d5580000, 0x0000000100000000, 0x0000000100000000)
  eden space 524800K, 0% used [0x00000000d5580000,0x00000000d5580000,0x00000000f5600000)
  from space 87040K, 33% used [0x00000000fab00000,0x00000000fc7cc760,0x0000000100000000)
  to   space 87040K, 0% used [0x00000000f5600000,0x00000000f5600000,0x00000000fab00000)
 ParOldGen       total 1398272K, used 23898K [0x0000000080000000, 0x00000000d5580000, 0x00000000d5580000)
  object space 1398272K, 1% used [0x0000000080000000,0x0000000081756a38,0x00000000d5580000)
 Metaspace       used 57387K, capacity 58858K, committed 59028K, reserved 1101824K
  class space    used 6600K, capacity 6879K, committed 6912K, reserved 1048576K
}
Event: 13.156 GC heap before
{Heap before GC invocations=7 (full 3):
 PSYoungGen      total 611840K, used 29489K [0x00000000d5580000, 0x0000000100000000, 0x0000000100000000)
  eden space 524800K, 0% used [0x00000000d5580000,0x00000000d5580000,0x00000000f5600000)
  from space 87040K, 33% used [0x00000000fab00000,0x00000000fc7cc760,0x0000000100000000)
  to   space 87040K, 0% used [0x00000000f5600000,0x00000000f5600000,0x00000000fab00000)
 ParOldGen       total 1398272K, used 23898K [0x0000000080000000, 0x00000000d5580000, 0x00000000d5580000)
  object space 1398272K, 1% used [0x0000000080000000,0x0000000081756a38,0x00000000d5580000)
 Metaspace       used 57387K, capacity 58858K, committed 59028K, reserved 1101824K
  class space    used 6600K, capacity 6879K, committed 6912K, reserved 1048576K
Event: 13.438 GC heap after
Heap after GC invocations=7 (full 3):
 PSYoungGen      total 611840K, used 0K [0x00000000d5580000, 0x0000000100000000, 0x0000000100000000)
  eden space 524800K, 0% used [0x00000000d5580000,0x00000000d5580000,0x00000000f5600000)
  from space 87040K, 0% used [0x00000000fab00000,0x00000000fab00000,0x0000000100000000)
  to   space 87040K, 0% used [0x00000000f5600000,0x00000000f5600000,0x00000000fab00000)
 ParOldGen       total 1398272K, used 40888K [0x0000000080000000, 0x00000000d5580000, 0x00000000d5580000)
  object space 1398272K, 2% used [0x0000000080000000,0x00000000827ee0e0,0x00000000d5580000)
 Metaspace       used 57344K, capacity 58750K, committed 59028K, reserved 1101824K
  class space    used 6585K, capacity 6853K, committed 6912K, reserved 1048576K
}
Event: 20.020 GC heap before
{Heap before GC invocations=8 (full 3):
 PSYoungGen      total 611840K, used 360341K [0x00000000d5580000, 0x0000000100000000, 0x0000000100000000)
  eden space 524800K, 68% used [0x00000000d5580000,0x00000000eb565568,0x00000000f5600000)
  from space 87040K, 0% used [0x00000000fab00000,0x00000000fab00000,0x0000000100000000)
  to   space 87040K, 0% used [0x00000000f5600000,0x00000000f5600000,0x00000000fab00000)
 ParOldGen       total 1398272K, used 40888K [0x0000000080000000, 0x00000000d5580000, 0x00000000d5580000)
  object space 1398272K, 2% used [0x0000000080000000,0x00000000827ee0e0,0x00000000d5580000)
 Metaspace       used 60675K, capacity 62812K, committed 62976K, reserved 1105920K
  class space    used 7029K, capacity 7416K, committed 7424K, reserved 1048576K
Event: 20.293 GC heap after
Heap after GC invocations=8 (full 3):
 PSYoungGen      total 537088K, used 11793K [0x00000000d5580000, 0x00000000fab80000, 0x0000000100000000)
  eden space 524800K, 0% used [0x00000000d5580000,0x00000000d5580000,0x00000000f5600000)
  from space 12288K, 95% used [0x00000000f5600000,0x00000000f61845f0,0x00000000f6200000)
  to   space 29696K, 0% used [0x00000000f8e80000,0x00000000f8e80000,0x00000000fab80000)
 ParOldGen       total 1398272K, used 450496K [0x0000000080000000, 0x00000000d5580000, 0x00000000d5580000)
  object space 1398272K, 32% used [0x0000000080000000,0x000000009b7f0100,0x00000000d5580000)
 Metaspace       used 60675K, capacity 62812K, committed 62976K, reserved 1105920K
  class space    used 7029K, capacity 7416K, committed 7424K, reserved 1048576K
}
Event: 20.555 GC heap before
{Heap before GC invocations=9 (full 3):
 PSYoungGen      total 537088K, used 536593K [0x00000000d5580000, 0x00000000fab80000, 0x0000000100000000)
  eden space 524800K, 100% used [0x00000000d5580000,0x00000000f5600000,0x00000000f5600000)
  from space 12288K, 95% used [0x00000000f5600000,0x00000000f61845f0,0x00000000f6200000)
  to   space 29696K, 0% used [0x00000000f8e80000,0x00000000f8e80000,0x00000000fab80000)
 ParOldGen       total 1398272K, used 450496K [0x0000000080000000, 0x00000000d5580000, 0x00000000d5580000)
  object space 1398272K, 32% used [0x0000000080000000,0x000000009b7f0100,0x00000000d5580000)
 Metaspace       used 60734K, capacity 62940K, committed 63104K, reserved 1105920K
  class space    used 7040K, capacity 7432K, committed 7552K, reserved 1048576K
Event: 21.029 GC heap after
Heap after GC invocations=9 (full 3):
 PSYoungGen      total 581120K, used 6000K [0x00000000d5580000, 0x0000000100000000, 0x0000000100000000)
  eden space 551424K, 0% used [0x00000000d5580000,0x00000000d5580000,0x00000000f7000000)
  from space 29696K, 20% used [0x00000000f8e80000,0x00000000f945c060,0x00000000fab80000)
  to   space 31232K, 0% used [0x00000000f7000000,0x00000000f7000000,0x00000000f8e80000)
 ParOldGen       total 1398272K, used 962496K [0x0000000080000000, 0x00000000d5580000, 0x00000000d5580000)
  object space 1398272K, 68% used [0x0000000080000000,0x00000000babf0120,0x00000000d5580000)
 Metaspace       used 60734K, capacity 62940K, committed 63104K, reserved 1105920K
  class space    used 7040K, capacity 7432K, committed 7552K, reserved 1048576K
}
Event: 21.030 GC heap before
{Heap before GC invocations=10 (full 4):
 PSYoungGen      total 581120K, used 6000K [0x00000000d5580000, 0x0000000100000000, 0x0000000100000000)
  eden space 551424K, 0% used [0x00000000d5580000,0x00000000d5580000,0x00000000f7000000)
  from space 29696K, 20% used [0x00000000f8e80000,0x00000000f945c060,0x00000000fab80000)
  to   space 31232K, 0% used [0x00000000f7000000,0x00000000f7000000,0x00000000f8e80000)
 ParOldGen       total 1398272K, used 962496K [0x0000000080000000, 0x00000000d5580000, 0x00000000d5580000)
  object space 1398272K, 68% used [0x0000000080000000,0x00000000babf0120,0x00000000d5580000)
 Metaspace       used 60734K, capacity 62940K, committed 63104K, reserved 1105920K
  class space    used 7040K, capacity 7432K, committed 7552K, reserved 1048576K
Event: 21.342 GC heap after
Heap after GC invocations=10 (full 4):
 PSYoungGen      total 581120K, used 0K [0x00000000d5580000, 0x0000000100000000, 0x0000000100000000)
  eden space 551424K, 0% used [0x00000000d5580000,0x00000000d5580000,0x00000000f7000000)
  from space 29696K, 0% used [0x00000000f8e80000,0x00000000f8e80000,0x00000000fab80000)
  to   space 31232K, 0% used [0x00000000f7000000,0x00000000f7000000,0x00000000f8e80000)
 ParOldGen       total 1398272K, used 545636K [0x0000000080000000, 0x00000000d5580000, 0x00000000d5580000)
  object space 1398272K, 39% used [0x0000000080000000,0x00000000a14d9098,0x00000000d5580000)
 Metaspace       used 60557K, capacity 62468K, committed 63104K, reserved 1105920K
  class space    used 6978K, capacity 7320K, committed 7552K, reserved 1048576K
}

