# JRE version: OpenJDK Runtime Environment (8.0_212-b04) (build 1.8.0_212-b04)
# Java VM: OpenJDK 64-Bit Server VM (25.212-b04 mixed mode linux-amd64 compressed oops)
Heap:
 PSYoungGen      total 582656K, used 231827K [0x00000000d5580000, 0x0000000100000000, 0x0000000100000000)
  eden space 506368K, 30% used [0x00000000d5580000,0x00000000ded679f8,0x00000000f4400000)
  from space 76288K, 99% used [0x00000000fa080000,0x00000000feafd248,0x00000000feb00000)
  to   space 94720K, 0% used [0x00000000f4400000,0x00000000f4400000,0x00000000fa080000)
 ParOldGen       total 1398272K, used 48597K [0x0000000080000000, 0x00000000d5580000, 0x00000000d5580000)
  object space 1398272K, 3% used [0x0000000080000000,0x0000000082f755f0,0x00000000d5580000)
 Metaspace       used 68746K, capacity 72110K, committed 72320K, reserved 1114112K
  class space    used 7692K, capacity 8279K, committed 8320K, reserved 1048576K
GC Heap History (10 events):
Event: 11.400 GC heap before
{Heap before GC invocations=5 (full 2):
 PSYoungGen      total 611840K, used 513558K [0x00000000d5580000, 0x0000000100000000, 0x0000000100000000)
  eden space 524800K, 97% used [0x00000000d5580000,0x00000000f4b05920,0x00000000f5600000)
  from space 87040K, 0% used [0x00000000fab00000,0x00000000fab00000,0x0000000100000000)
  to   space 87040K, 0% used [0x00000000f5600000,0x00000000f5600000,0x00000000fab00000)
 ParOldGen       total 1331200K, used 23542K [0x0000000080000000, 0x00000000d1400000, 0x00000000d5580000)
  object space 1331200K, 1% used [0x0000000080000000,0x00000000816fd940,0x00000000d1400000)
 Metaspace       used 57491K, capacity 58880K, committed 59028K, reserved 1101824K
  class space    used 6633K, capacity 6900K, committed 6912K, reserved 1048576K
Event: 11.474 GC heap after
Heap after GC invocations=5 (full 2):
 PSYoungGen      total 611840K, used 33929K [0x00000000d5580000, 0x0000000100000000, 0x0000000100000000)
  eden space 524800K, 0% used [0x00000000d5580000,0x00000000d5580000,0x00000000f5600000)
  from space 87040K, 38% used [0x00000000f5600000,0x00000000f7722680,0x00000000fab00000)
  to   space 87040K, 0% used [0x00000000fab00000,0x00000000fab00000,0x0000000100000000)
 ParOldGen       total 1331200K, used 23550K [0x0000000080000000, 0x00000000d1400000, 0x00000000d5580000)
  object space 1331200K, 1% used [0x0000000080000000,0x00000000816ff940,0x00000000d1400000)
 Metaspace       used 57491K, capacity 58880K, committed 59028K, reserved 1101824K
  class space    used 6633K, capacity 6900K, committed 6912K, reserved 1048576K
}
Event: 11.474 GC heap before
{Heap before GC invocations=6 (full 3):
 PSYoungGen      total 611840K, used 33929K [0x00000000d5580000, 0x0000000100000000, 0x0000000100000000)
  eden space 524800K, 0% used [0x00000000d5580000,0x00000000d5580000,0x00000000f5600000)
  from space 87040K, 38% used [0x00000000f5600000,0x00000000f7722680,0x00000000fab00000)
  to   space 87040K, 0% used [0x00000000fab00000,0x00000000fab00000,0x0000000100000000)
 ParOldGen       total 1331200K, used 23550K [0x0000000080000000, 0x00000000d1400000, 0x00000000d5580000)
  object space 1331200K, 1% used [0x0000000080000000,0x00000000816ff940,0x00000000d1400000)
 Metaspace       used 57491K, capacity 58880K, committed 59028K, reserved 1101824K
  class space    used 6633K, capacity 6900K, committed 6912K, reserved 1048576K
Event: 11.762 GC heap after
Heap after GC invocations=6 (full 3):
 PSYoungGen      total 611840K, used 0K [0x00000000d5580000, 0x0000000100000000, 0x0000000100000000)
  eden space 524800K, 0% used [0x00000000d5580000,0x00000000d5580000,0x00000000f5600000)
  from space 87040K, 0% used [0x00000000f5600000,0x00000000f5600000,0x00000000fab00000)
  to   space 87040K, 0% used [0x00000000fab00000,0x00000000fab00000,0x0000000100000000)
 ParOldGen       total 1398272K, used 44416K [0x0000000080000000, 0x00000000d5580000, 0x00000000d5580000)
  object space 1398272K, 3% used [0x0000000080000000,0x0000000082b600e8,0x00000000d5580000)
 Metaspace       used 57458K, capacity 58802K, committed 59028K, reserved 1101824K
  class space    used 6622K, capacity 6881K, committed 6912K, reserved 1048576K
}
Event: 42.613 GC heap before
{Heap before GC invocations=7 (full 3):
 PSYoungGen      total 611840K, used 524800K [0x00000000d5580000, 0x0000000100000000, 0x0000000100000000)
  eden space 524800K, 100% used [0x00000000d5580000,0x00000000f5600000,0x00000000f5600000)
  from space 87040K, 0% used [0x00000000f5600000,0x00000000f5600000,0x00000000fab00000)
  to   space 87040K, 0% used [0x00000000fab00000,0x00000000fab00000,0x0000000100000000)
 ParOldGen       total 1398272K, used 44416K [0x0000000080000000, 0x00000000d5580000, 0x00000000d5580000)
  object space 1398272K, 3% used [0x0000000080000000,0x0000000082b600e8,0x00000000d5580000)
 Metaspace       used 66411K, capacity 69314K, committed 69632K, reserved 1110016K
  class space    used 7569K, capacity 8087K, committed 8192K, reserved 1048576K
Event: 42.720 GC heap after
Heap after GC invocations=7 (full 3):
 PSYoungGen      total 611840K, used 48278K [0x00000000d5580000, 0x0000000100000000, 0x0000000100000000)
  eden space 524800K, 0% used [0x00000000d5580000,0x00000000d5580000,0x00000000f5600000)
  from space 87040K, 55% used [0x00000000fab00000,0x00000000fda25830,0x0000000100000000)
  to   space 87040K, 0% used [0x00000000f5600000,0x00000000f5600000,0x00000000fab00000)
 ParOldGen       total 1398272K, used 44424K [0x0000000080000000, 0x00000000d5580000, 0x00000000d5580000)
  object space 1398272K, 3% used [0x0000000080000000,0x0000000082b620e8,0x00000000d5580000)
 Metaspace       used 66411K, capacity 69314K, committed 69632K, reserved 1110016K
  class space    used 7569K, capacity 8087K, committed 8192K, reserved 1048576K
}
Event: 62.796 GC heap before
{Heap before GC invocations=8 (full 3):
 PSYoungGen      total 611840K, used 573078K [0x00000000d5580000, 0x0000000100000000, 0x0000000100000000)
  eden space 524800K, 100% used [0x00000000d5580000,0x00000000f5600000,0x00000000f5600000)
  from space 87040K, 55% used [0x00000000fab00000,0x00000000fda25830,0x0000000100000000)
  to   space 87040K, 0% used [0x00000000f5600000,0x00000000f5600000,0x00000000fab00000)
 ParOldGen       total 1398272K, used 44424K [0x0000000080000000, 0x00000000d5580000, 0x00000000d5580000)
  object space 1398272K, 3% used [0x0000000080000000,0x0000000082b620e8,0x00000000d5580000)
 Metaspace       used 67348K, capacity 70458K, committed 70656K, reserved 1112064K
  class space    used 7613K, capacity 8177K, committed 8192K, reserved 1048576K
Event: 62.944 GC heap after
Heap after GC invocations=8 (full 3):
 PSYoungGen      total 593920K, used 69114K [0x00000000d5580000, 0x00000000feb00000, 0x0000000100000000)
  eden space 524800K, 0% used [0x00000000d5580000,0x00000000d5580000,0x00000000f5600000)
  from space 69120K, 99% used [0x00000000f5600000,0x00000000f997ea00,0x00000000f9980000)
  to   space 76288K, 0% used [0x00000000fa080000,0x00000000fa080000,0x00000000feb00000)
 ParOldGen       total 1398272K, used 44424K [0x0000000080000000, 0x00000000d5580000, 0x00000000d5580000)
  object space 1398272K, 3% used [0x0000000080000000,0x0000000082b620e8,0x00000000d5580000)
 Metaspace       used 67348K, capacity 70458K, committed 70656K, reserved 1112064K
  class space    used 7613K, capacity 8177K, committed 8192K, reserved 1048576K
}
Event: 92.608 GC heap before
{Heap before GC invocations=9 (full 3):
 PSYoungGen      total 593920K, used 593914K [0x00000000d5580000, 0x00000000feb00000, 0x0000000100000000)
  eden space 524800K, 100% used [0x00000000d5580000,0x00000000f5600000,0x00000000f5600000)
  from space 69120K, 99% used [0x00000000f5600000,0x00000000f997ea00,0x00000000f9980000)
  to   space 76288K, 0% used [0x00000000fa080000,0x00000000fa080000,0x00000000feb00000)
 ParOldGen       total 1398272K, used 44424K [0x0000000080000000, 0x00000000d5580000, 0x00000000d5580000)
  object space 1398272K, 3% used [0x0000000080000000,0x0000000082b620e8,0x00000000d5580000)
 Metaspace       used 68602K, capacity 71978K, committed 72064K, reserved 1114112K
  class space    used 7692K, capacity 8279K, committed 8320K, reserved 1048576K
Event: 92.752 GC heap after
Heap after GC invocations=9 (full 3):
 PSYoungGen      total 582656K, used 76276K [0x00000000d5580000, 0x0000000100000000, 0x0000000100000000)
  eden space 506368K, 0% used [0x00000000d5580000,0x00000000d5580000,0x00000000f4400000)
  from space 76288K, 99% used [0x00000000fa080000,0x00000000feafd248,0x00000000feb00000)
  to   space 94720K, 0% used [0x00000000f4400000,0x00000000f4400000,0x00000000fa080000)
 ParOldGen       total 1398272K, used 48597K [0x0000000080000000, 0x00000000d5580000, 0x00000000d5580000)
  object space 1398272K, 3% used [0x0000000080000000,0x0000000082f755f0,0x00000000d5580000)
 Metaspace       used 68602K, capacity 71978K, committed 72064K, reserved 1114112K
  class space    used 7692K, capacity 8279K, committed 8320K, reserved 1048576K
}

