# JRE version: OpenJDK Runtime Environment (8.0_212-b04) (build 1.8.0_212-b04)
# Java VM: OpenJDK 64-Bit Server VM (25.212-b04 mixed mode linux-amd64 compressed oops)
Heap:
 PSYoungGen      total 611840K, used 481856K [0x00000000d5580000, 0x0000000100000000, 0x0000000100000000)
  eden space 524800K, 91% used [0x00000000d5580000,0x00000000f2c101f0,0x00000000f5600000)
  from space 87040K, 0% used [0x00000000f5600000,0x00000000f5600000,0x00000000fab00000)
  to   space 87040K, 0% used [0x00000000fab00000,0x00000000fab00000,0x0000000100000000)
 ParOldGen       total 1398272K, used 42098K [0x0000000080000000, 0x00000000d5580000, 0x00000000d5580000)
  object space 1398272K, 3% used [0x0000000080000000,0x000000008291c858,0x00000000d5580000)
 Metaspace       used 66594K, capacity 69242K, committed 69504K, reserved 1110016K
  class space    used 7544K, capacity 8007K, committed 8064K, reserved 1048576K
GC Heap History (10 events):
Event: 2.175 GC heap before
{Heap before GC invocations=2 (full 1):
 PSYoungGen      total 611840K, used 14407K [0x00000000d5580000, 0x0000000100000000, 0x0000000100000000)
  eden space 524800K, 0% used [0x00000000d5580000,0x00000000d5580000,0x00000000f5600000)
  from space 87040K, 16% used [0x00000000f5600000,0x00000000f6411cb0,0x00000000fab00000)
  to   space 87040K, 0% used [0x00000000fab00000,0x00000000fab00000,0x0000000100000000)
 ParOldGen       total 1398272K, used 8K [0x0000000080000000, 0x00000000d5580000, 0x00000000d5580000)
  object space 1398272K, 0% used [0x0000000080000000,0x0000000080002000,0x00000000d5580000)
 Metaspace       used 20829K, capacity 21106K, committed 21248K, reserved 1069056K
  class space    used 2366K, capacity 2482K, committed 2560K, reserved 1048576K
Event: 2.253 GC heap after
Heap after GC invocations=2 (full 1):
 PSYoungGen      total 611840K, used 0K [0x00000000d5580000, 0x0000000100000000, 0x0000000100000000)
  eden space 524800K, 0% used [0x00000000d5580000,0x00000000d5580000,0x00000000f5600000)
  from space 87040K, 0% used [0x00000000f5600000,0x00000000f5600000,0x00000000fab00000)
  to   space 87040K, 0% used [0x00000000fab00000,0x00000000fab00000,0x0000000100000000)
 ParOldGen       total 874496K, used 13806K [0x0000000080000000, 0x00000000b5600000, 0x00000000d5580000)
  object space 874496K, 1% used [0x0000000080000000,0x0000000080d7ba28,0x00000000b5600000)
 Metaspace       used 20829K, capacity 21106K, committed 21248K, reserved 1069056K
  class space    used 2366K, capacity 2482K, committed 2560K, reserved 1048576K
}
Event: 4.411 GC heap before
{Heap before GC invocations=3 (full 1):
 PSYoungGen      total 611840K, used 403913K [0x00000000d5580000, 0x0000000100000000, 0x0000000100000000)
  eden space 524800K, 76% used [0x00000000d5580000,0x00000000edff24c8,0x00000000f5600000)
  from space 87040K, 0% used [0x00000000f5600000,0x00000000f5600000,0x00000000fab00000)
  to   space 87040K, 0% used [0x00000000fab00000,0x00000000fab00000,0x0000000100000000)
 ParOldGen       total 874496K, used 13806K [0x0000000080000000, 0x00000000b5600000, 0x00000000d5580000)
  object space 874496K, 1% used [0x0000000080000000,0x0000000080d7ba28,0x00000000b5600000)
 Metaspace       used 34810K, capacity 35156K, committed 35416K, reserved 1081344K
  class space    used 3963K, capacity 4060K, committed 4096K, reserved 1048576K
Event: 4.451 GC heap after
Heap after GC invocations=3 (full 1):
 PSYoungGen      total 611840K, used 19173K [0x00000000d5580000, 0x0000000100000000, 0x0000000100000000)
  eden space 524800K, 0% used [0x00000000d5580000,0x00000000d5580000,0x00000000f5600000)
  from space 87040K, 22% used [0x00000000fab00000,0x00000000fbdb94a0,0x0000000100000000)
  to   space 87040K, 0% used [0x00000000f5600000,0x00000000f5600000,0x00000000fab00000)
 ParOldGen       total 874496K, used 13814K [0x0000000080000000, 0x00000000b5600000, 0x00000000d5580000)
  object space 874496K, 1% used [0x0000000080000000,0x0000000080d7da28,0x00000000b5600000)
 Metaspace       used 34810K, capacity 35156K, committed 35416K, reserved 1081344K
  class space    used 3963K, capacity 4060K, committed 4096K, reserved 1048576K
}
Event: 4.451 GC heap before
{Heap before GC invocations=4 (full 2):
 PSYoungGen      total 611840K, used 19173K [0x00000000d5580000, 0x0000000100000000, 0x0000000100000000)
  eden space 524800K, 0% used [0x00000000d5580000,0x00000000d5580000,0x00000000f5600000)
  from space 87040K, 22% used [0x00000000fab00000,0x00000000fbdb94a0,0x0000000100000000)
  to   space 87040K, 0% used [0x00000000f5600000,0x00000000f5600000,0x00000000fab00000)
 ParOldGen       total 874496K, used 13814K [0x0000000080000000, 0x00000000b5600000, 0x00000000d5580000)
  object space 874496K, 1% used [0x0000000080000000,0x0000000080d7da28,0x00000000b5600000)
 Metaspace       used 34810K, capacity 35156K, committed 35416K, reserved 1081344K
  class space    used 3963K, capacity 4060K, committed 4096K, reserved 1048576K
Event: 4.575 GC heap after
Heap after GC invocations=4 (full 2):
 PSYoungGen      total 611840K, used 0K [0x00000000d5580000, 0x0000000100000000, 0x0000000100000000)
  eden space 524800K, 0% used [0x00000000d5580000,0x00000000d5580000,0x00000000f5600000)
  from space 87040K, 0% used [0x00000000fab00000,0x00000000fab00000,0x0000000100000000)
  to   space 87040K, 0% used [0x00000000f5600000,0x00000000f5600000,0x00000000fab00000)
 ParOldGen       total 1398272K, used 23583K [0x0000000080000000, 0x00000000d5580000, 0x00000000d5580000)
  object space 1398272K, 1% used [0x0000000080000000,0x0000000081707ff8,0x00000000d5580000)
 Metaspace       used 34810K, capacity 35156K, committed 35416K, reserved 1081344K
  class space    used 3963K, capacity 4060K, committed 4096K, reserved 1048576K
}
Event: 11.474 GC heap before
{Heap before GC invocations=5 (full 2):
 PSYoungGen      total 611840K, used 444159K [0x00000000d5580000, 0x0000000100000000, 0x0000000100000000)
  eden space 524800K, 84% used [0x00000000d5580000,0x00000000f073ff18,0x00000000f5600000)
  from space 87040K, 0% used [0x00000000fab00000,0x00000000fab00000,0x0000000100000000)
  to   space 87040K, 0% used [0x00000000f5600000,0x00000000f5600000,0x00000000fab00000)
 ParOldGen       total 1398272K, used 23583K [0x0000000080000000, 0x00000000d5580000, 0x00000000d5580000)
  object space 1398272K, 1% used [0x0000000080000000,0x0000000081707ff8,0x00000000d5580000)
 Metaspace       used 57537K, capacity 58958K, committed 59028K, reserved 1101824K
  class space    used 6646K, capacity 6903K, committed 6912K, reserved 1048576K
Event: 11.550 GC heap after
Heap after GC invocations=5 (full 2):
 PSYoungGen      total 611840K, used 31537K [0x00000000d5580000, 0x0000000100000000, 0x0000000100000000)
  eden space 524800K, 0% used [0x00000000d5580000,0x00000000d5580000,0x00000000f5600000)
  from space 87040K, 36% used [0x00000000f5600000,0x00000000f74cc7a8,0x00000000fab00000)
  to   space 87040K, 0% used [0x00000000fab00000,0x00000000fab00000,0x0000000100000000)
 ParOldGen       total 1398272K, used 23591K [0x0000000080000000, 0x00000000d5580000, 0x00000000d5580000)
  object space 1398272K, 1% used [0x0000000080000000,0x0000000081709ff8,0x00000000d5580000)
 Metaspace       used 57537K, capacity 58958K, committed 59028K, reserved 1101824K
  class space    used 6646K, capacity 6903K, committed 6912K, reserved 1048576K
}
Event: 11.550 GC heap before
{Heap before GC invocations=6 (full 3):
 PSYoungGen      total 611840K, used 31537K [0x00000000d5580000, 0x0000000100000000, 0x0000000100000000)
  eden space 524800K, 0% used [0x00000000d5580000,0x00000000d5580000,0x00000000f5600000)
  from space 87040K, 36% used [0x00000000f5600000,0x00000000f74cc7a8,0x00000000fab00000)
  to   space 87040K, 0% used [0x00000000fab00000,0x00000000fab00000,0x0000000100000000)
 ParOldGen       total 1398272K, used 23591K [0x0000000080000000, 0x00000000d5580000, 0x00000000d5580000)
  object space 1398272K, 1% used [0x0000000080000000,0x0000000081709ff8,0x00000000d5580000)
 Metaspace       used 57537K, capacity 58958K, committed 59028K, reserved 1101824K
  class space    used 6646K, capacity 6903K, committed 6912K, reserved 1048576K
Event: 11.810 GC heap after
Heap after GC invocations=6 (full 3):
 PSYoungGen      total 611840K, used 0K [0x00000000d5580000, 0x0000000100000000, 0x0000000100000000)
  eden space 524800K, 0% used [0x00000000d5580000,0x00000000d5580000,0x00000000f5600000)
  from space 87040K, 0% used [0x00000000f5600000,0x00000000f5600000,0x00000000fab00000)
  to   space 87040K, 0% used [0x00000000fab00000,0x00000000fab00000,0x0000000100000000)
 ParOldGen       total 1398272K, used 42098K [0x0000000080000000, 0x00000000d5580000, 0x00000000d5580000)
  object space 1398272K, 3% used [0x0000000080000000,0x000000008291c858,0x00000000d5580000)
 Metaspace       used 57503K, capacity 58872K, committed 59028K, reserved 1101824K
  class space    used 6634K, capacity 6882K, committed 6912K, reserved 1048576K
}

