# JRE version: OpenJDK Runtime Environment (8.0_212-b04) (build 1.8.0_212-b04)
# Java VM: OpenJDK 64-Bit Server VM (25.212-b04 mixed mode linux-amd64 compressed oops)
Heap:
 PSYoungGen      total 611840K, used 517351K [0x00000000d5580000, 0x0000000100000000, 0x0000000100000000)
  eden space 524800K, 98% used [0x00000000d5580000,0x00000000f4eb9cf0,0x00000000f5600000)
  from space 87040K, 0% used [0x00000000f5600000,0x00000000f5600000,0x00000000fab00000)
  to   space 87040K, 0% used [0x00000000fab00000,0x00000000fab00000,0x0000000100000000)
 ParOldGen       total 1398272K, used 39506K [0x0000000080000000, 0x00000000d5580000, 0x00000000d5580000)
  object space 1398272K, 2% used [0x0000000080000000,0x0000000082694890,0x00000000d5580000)
 Metaspace       used 65503K, capacity 67800K, committed 67840K, reserved 1110016K
  class space    used 7255K, capacity 7678K, committed 7680K, reserved 1048576K
GC Heap History (10 events):
Event: 2.067 GC heap before
{Heap before GC invocations=2 (full 1):
 PSYoungGen      total 611840K, used 14132K [0x00000000d5580000, 0x0000000100000000, 0x0000000100000000)
  eden space 524800K, 0% used [0x00000000d5580000,0x00000000d5580000,0x00000000f5600000)
  from space 87040K, 16% used [0x00000000f5600000,0x00000000f63cd170,0x00000000fab00000)
  to   space 87040K, 0% used [0x00000000fab00000,0x00000000fab00000,0x0000000100000000)
 ParOldGen       total 1398272K, used 80K [0x0000000080000000, 0x00000000d5580000, 0x00000000d5580000)
  object space 1398272K, 0% used [0x0000000080000000,0x0000000080014010,0x00000000d5580000)
 Metaspace       used 20819K, capacity 21106K, committed 21296K, reserved 1069056K
  class space    used 2351K, capacity 2418K, committed 2432K, reserved 1048576K
Event: 2.120 GC heap after
Heap after GC invocations=2 (full 1):
 PSYoungGen      total 611840K, used 0K [0x00000000d5580000, 0x0000000100000000, 0x0000000100000000)
  eden space 524800K, 0% used [0x00000000d5580000,0x00000000d5580000,0x00000000f5600000)
  from space 87040K, 0% used [0x00000000f5600000,0x00000000f5600000,0x00000000fab00000)
  to   space 87040K, 0% used [0x00000000fab00000,0x00000000fab00000,0x0000000100000000)
 ParOldGen       total 892928K, used 13603K [0x0000000080000000, 0x00000000b6800000, 0x00000000d5580000)
  object space 892928K, 1% used [0x0000000080000000,0x0000000080d48dc8,0x00000000b6800000)
 Metaspace       used 20819K, capacity 21106K, committed 21296K, reserved 1069056K
  class space    used 2351K, capacity 2418K, committed 2432K, reserved 1048576K
}
Event: 4.110 GC heap before
{Heap before GC invocations=3 (full 1):
 PSYoungGen      total 611840K, used 458087K [0x00000000d5580000, 0x0000000100000000, 0x0000000100000000)
  eden space 524800K, 87% used [0x00000000d5580000,0x00000000f14d9d90,0x00000000f5600000)
  from space 87040K, 0% used [0x00000000f5600000,0x00000000f5600000,0x00000000fab00000)
  to   space 87040K, 0% used [0x00000000fab00000,0x00000000fab00000,0x0000000100000000)
 ParOldGen       total 892928K, used 13603K [0x0000000080000000, 0x00000000b6800000, 0x00000000d5580000)
  object space 892928K, 1% used [0x0000000080000000,0x0000000080d48dc8,0x00000000b6800000)
 Metaspace       used 34782K, capacity 35188K, committed 35496K, reserved 1081344K
  class space    used 3971K, capacity 4092K, committed 4096K, reserved 1048576K
Event: 4.139 GC heap after
Heap after GC invocations=3 (full 1):
 PSYoungGen      total 611840K, used 19419K [0x00000000d5580000, 0x0000000100000000, 0x0000000100000000)
  eden space 524800K, 0% used [0x00000000d5580000,0x00000000d5580000,0x00000000f5600000)
  from space 87040K, 22% used [0x00000000fab00000,0x00000000fbdf6c88,0x0000000100000000)
  to   space 87040K, 0% used [0x00000000f5600000,0x00000000f5600000,0x00000000fab00000)
 ParOldGen       total 892928K, used 13603K [0x0000000080000000, 0x00000000b6800000, 0x00000000d5580000)
  object space 892928K, 1% used [0x0000000080000000,0x0000000080d48dc8,0x00000000b6800000)
 Metaspace       used 34782K, capacity 35188K, committed 35496K, reserved 1081344K
  class space    used 3971K, capacity 4092K, committed 4096K, reserved 1048576K
}
Event: 4.139 GC heap before
{Heap before GC invocations=4 (full 2):
 PSYoungGen      total 611840K, used 19419K [0x00000000d5580000, 0x0000000100000000, 0x0000000100000000)
  eden space 524800K, 0% used [0x00000000d5580000,0x00000000d5580000,0x00000000f5600000)
  from space 87040K, 22% used [0x00000000fab00000,0x00000000fbdf6c88,0x0000000100000000)
  to   space 87040K, 0% used [0x00000000f5600000,0x00000000f5600000,0x00000000fab00000)
 ParOldGen       total 892928K, used 13603K [0x0000000080000000, 0x00000000b6800000, 0x00000000d5580000)
  object space 892928K, 1% used [0x0000000080000000,0x0000000080d48dc8,0x00000000b6800000)
 Metaspace       used 34782K, capacity 35188K, committed 35496K, reserved 1081344K
  class space    used 3971K, capacity 4092K, committed 4096K, reserved 1048576K
Event: 4.219 GC heap after
Heap after GC invocations=4 (full 2):
 PSYoungGen      total 611840K, used 0K [0x00000000d5580000, 0x0000000100000000, 0x0000000100000000)
  eden space 524800K, 0% used [0x00000000d5580000,0x00000000d5580000,0x00000000f5600000)
  from space 87040K, 0% used [0x00000000fab00000,0x00000000fab00000,0x0000000100000000)
  to   space 87040K, 0% used [0x00000000f5600000,0x00000000f5600000,0x00000000fab00000)
 ParOldGen       total 1398272K, used 23579K [0x0000000080000000, 0x00000000d5580000, 0x00000000d5580000)
  object space 1398272K, 1% used [0x0000000080000000,0x0000000081706c08,0x00000000d5580000)
 Metaspace       used 34782K, capacity 35188K, committed 35496K, reserved 1081344K
  class space    used 3971K, capacity 4092K, committed 4096K, reserved 1048576K
}
Event: 21.631 GC heap before
{Heap before GC invocations=5 (full 2):
 PSYoungGen      total 611840K, used 421861K [0x00000000d5580000, 0x0000000100000000, 0x0000000100000000)
  eden space 524800K, 80% used [0x00000000d5580000,0x00000000ef179490,0x00000000f5600000)
  from space 87040K, 0% used [0x00000000fab00000,0x00000000fab00000,0x0000000100000000)
  to   space 87040K, 0% used [0x00000000f5600000,0x00000000f5600000,0x00000000fab00000)
 ParOldGen       total 1398272K, used 23579K [0x0000000080000000, 0x00000000d5580000, 0x00000000d5580000)
  object space 1398272K, 1% used [0x0000000080000000,0x0000000081706c08,0x00000000d5580000)
 Metaspace       used 57577K, capacity 59048K, committed 59160K, reserved 1101824K
  class space    used 6708K, capacity 7000K, committed 7040K, reserved 1048576K
Event: 21.725 GC heap after
Heap after GC invocations=5 (full 2):
 PSYoungGen      total 611840K, used 29612K [0x00000000d5580000, 0x0000000100000000, 0x0000000100000000)
  eden space 524800K, 0% used [0x00000000d5580000,0x00000000d5580000,0x00000000f5600000)
  from space 87040K, 34% used [0x00000000f5600000,0x00000000f72eb330,0x00000000fab00000)
  to   space 87040K, 0% used [0x00000000fab00000,0x00000000fab00000,0x0000000100000000)
 ParOldGen       total 1398272K, used 23587K [0x0000000080000000, 0x00000000d5580000, 0x00000000d5580000)
  object space 1398272K, 1% used [0x0000000080000000,0x0000000081708c08,0x00000000d5580000)
 Metaspace       used 57577K, capacity 59048K, committed 59160K, reserved 1101824K
  class space    used 6708K, capacity 7000K, committed 7040K, reserved 1048576K
}
Event: 21.725 GC heap before
{Heap before GC invocations=6 (full 3):
 PSYoungGen      total 611840K, used 29612K [0x00000000d5580000, 0x0000000100000000, 0x0000000100000000)
  eden space 524800K, 0% used [0x00000000d5580000,0x00000000d5580000,0x00000000f5600000)
  from space 87040K, 34% used [0x00000000f5600000,0x00000000f72eb330,0x00000000fab00000)
  to   space 87040K, 0% used [0x00000000fab00000,0x00000000fab00000,0x0000000100000000)
 ParOldGen       total 1398272K, used 23587K [0x0000000080000000, 0x00000000d5580000, 0x00000000d5580000)
  object space 1398272K, 1% used [0x0000000080000000,0x0000000081708c08,0x00000000d5580000)
 Metaspace       used 57577K, capacity 59048K, committed 59160K, reserved 1101824K
  class space    used 6708K, capacity 7000K, committed 7040K, reserved 1048576K
Event: 21.938 GC heap after
Heap after GC invocations=6 (full 3):
 PSYoungGen      total 611840K, used 0K [0x00000000d5580000, 0x0000000100000000, 0x0000000100000000)
  eden space 524800K, 0% used [0x00000000d5580000,0x00000000d5580000,0x00000000f5600000)
  from space 87040K, 0% used [0x00000000f5600000,0x00000000f5600000,0x00000000fab00000)
  to   space 87040K, 0% used [0x00000000fab00000,0x00000000fab00000,0x0000000100000000)
 ParOldGen       total 1398272K, used 39506K [0x0000000080000000, 0x00000000d5580000, 0x00000000d5580000)
  object space 1398272K, 2% used [0x0000000080000000,0x0000000082694890,0x00000000d5580000)
 Metaspace       used 57577K, capacity 59048K, committed 59160K, reserved 1101824K
  class space    used 6708K, capacity 7000K, committed 7040K, reserved 1048576K
}

