# JRE version: OpenJDK Runtime Environment (8.0_212-b04) (build 1.8.0_212-b04)
# Java VM: OpenJDK 64-Bit Server VM (25.212-b04 mixed mode linux-amd64 compressed oops)
Heap:
 PSYoungGen      total 611840K, used 193743K [0x00000000d5580000, 0x0000000100000000, 0x0000000100000000)
  eden space 524800K, 36% used [0x00000000d5580000,0x00000000e12b3c78,0x00000000f5600000)
  from space 87040K, 0% used [0x00000000f5600000,0x00000000f5600000,0x00000000fab00000)
  to   space 87040K, 0% used [0x00000000fab00000,0x00000000fab00000,0x0000000100000000)
 ParOldGen       total 1398272K, used 44309K [0x0000000080000000, 0x00000000d5580000, 0x00000000d5580000)
  object space 1398272K, 3% used [0x0000000080000000,0x0000000082b45678,0x00000000d5580000)
 Metaspace       used 63070K, capacity 65712K, committed 66048K, reserved 1107968K
  class space    used 7319K, capacity 7810K, committed 7936K, reserved 1048576K
GC Heap History (10 events):
Event: 2.095 GC heap before
{Heap before GC invocations=2 (full 1):
 PSYoungGen      total 611840K, used 14303K [0x00000000d5580000, 0x0000000100000000, 0x0000000100000000)
  eden space 524800K, 0% used [0x00000000d5580000,0x00000000d5580000,0x00000000f5600000)
  from space 87040K, 16% used [0x00000000f5600000,0x00000000f63f7d80,0x00000000fab00000)
  to   space 87040K, 0% used [0x00000000fab00000,0x00000000fab00000,0x0000000100000000)
 ParOldGen       total 1398272K, used 80K [0x0000000080000000, 0x00000000d5580000, 0x00000000d5580000)
  object space 1398272K, 0% used [0x0000000080000000,0x0000000080014010,0x00000000d5580000)
 Metaspace       used 20820K, capacity 21106K, committed 21248K, reserved 1069056K
  class space    used 2363K, capacity 2482K, committed 2560K, reserved 1048576K
Event: 2.172 GC heap after
Heap after GC invocations=2 (full 1):
 PSYoungGen      total 611840K, used 0K [0x00000000d5580000, 0x0000000100000000, 0x0000000100000000)
  eden space 524800K, 0% used [0x00000000d5580000,0x00000000d5580000,0x00000000f5600000)
  from space 87040K, 0% used [0x00000000f5600000,0x00000000f5600000,0x00000000fab00000)
  to   space 87040K, 0% used [0x00000000fab00000,0x00000000fab00000,0x0000000100000000)
 ParOldGen       total 859136K, used 13752K [0x0000000080000000, 0x00000000b4700000, 0x00000000d5580000)
  object space 859136K, 1% used [0x0000000080000000,0x0000000080d6e1a0,0x00000000b4700000)
 Metaspace       used 20820K, capacity 21106K, committed 21248K, reserved 1069056K
  class space    used 2363K, capacity 2482K, committed 2560K, reserved 1048576K
}
Event: 4.489 GC heap before
{Heap before GC invocations=3 (full 1):
 PSYoungGen      total 611840K, used 435251K [0x00000000d5580000, 0x0000000100000000, 0x0000000100000000)
  eden space 524800K, 82% used [0x00000000d5580000,0x00000000efe8ce18,0x00000000f5600000)
  from space 87040K, 0% used [0x00000000f5600000,0x00000000f5600000,0x00000000fab00000)
  to   space 87040K, 0% used [0x00000000fab00000,0x00000000fab00000,0x0000000100000000)
 ParOldGen       total 859136K, used 13752K [0x0000000080000000, 0x00000000b4700000, 0x00000000d5580000)
  object space 859136K, 1% used [0x0000000080000000,0x0000000080d6e1a0,0x00000000b4700000)
 Metaspace       used 34818K, capacity 35188K, committed 35416K, reserved 1081344K
  class space    used 3975K, capacity 4092K, committed 4096K, reserved 1048576K
Event: 4.525 GC heap after
Heap after GC invocations=3 (full 1):
 PSYoungGen      total 611840K, used 19207K [0x00000000d5580000, 0x0000000100000000, 0x0000000100000000)
  eden space 524800K, 0% used [0x00000000d5580000,0x00000000d5580000,0x00000000f5600000)
  from space 87040K, 22% used [0x00000000fab00000,0x00000000fbdc1d48,0x0000000100000000)
  to   space 87040K, 0% used [0x00000000f5600000,0x00000000f5600000,0x00000000fab00000)
 ParOldGen       total 859136K, used 13752K [0x0000000080000000, 0x00000000b4700000, 0x00000000d5580000)
  object space 859136K, 1% used [0x0000000080000000,0x0000000080d6e1a0,0x00000000b4700000)
 Metaspace       used 34818K, capacity 35188K, committed 35416K, reserved 1081344K
  class space    used 3975K, capacity 4092K, committed 4096K, reserved 1048576K
}
Event: 4.525 GC heap before
{Heap before GC invocations=4 (full 2):
 PSYoungGen      total 611840K, used 19207K [0x00000000d5580000, 0x0000000100000000, 0x0000000100000000)
  eden space 524800K, 0% used [0x00000000d5580000,0x00000000d5580000,0x00000000f5600000)
  from space 87040K, 22% used [0x00000000fab00000,0x00000000fbdc1d48,0x0000000100000000)
  to   space 87040K, 0% used [0x00000000f5600000,0x00000000f5600000,0x00000000fab00000)
 ParOldGen       total 859136K, used 13752K [0x0000000080000000, 0x00000000b4700000, 0x00000000d5580000)
  object space 859136K, 1% used [0x0000000080000000,0x0000000080d6e1a0,0x00000000b4700000)
 Metaspace       used 34818K, capacity 35188K, committed 35416K, reserved 1081344K
  class space    used 3975K, capacity 4092K, committed 4096K, reserved 1048576K
Event: 4.613 GC heap after
Heap after GC invocations=4 (full 2):
 PSYoungGen      total 611840K, used 0K [0x00000000d5580000, 0x0000000100000000, 0x0000000100000000)
  eden space 524800K, 0% used [0x00000000d5580000,0x00000000d5580000,0x00000000f5600000)
  from space 87040K, 0% used [0x00000000fab00000,0x00000000fab00000,0x0000000100000000)
  to   space 87040K, 0% used [0x00000000f5600000,0x00000000f5600000,0x00000000fab00000)
 ParOldGen       total 1398272K, used 23571K [0x0000000080000000, 0x00000000d5580000, 0x00000000d5580000)
  object space 1398272K, 1% used [0x0000000080000000,0x0000000081704d28,0x00000000d5580000)
 Metaspace       used 34818K, capacity 35188K, committed 35416K, reserved 1081344K
  class space    used 3975K, capacity 4092K, committed 4096K, reserved 1048576K
}
Event: 11.708 GC heap before
{Heap before GC invocations=5 (full 2):
 PSYoungGen      total 611840K, used 485081K [0x00000000d5580000, 0x0000000100000000, 0x0000000100000000)
  eden space 524800K, 92% used [0x00000000d5580000,0x00000000f2f36690,0x00000000f5600000)
  from space 87040K, 0% used [0x00000000fab00000,0x00000000fab00000,0x0000000100000000)
  to   space 87040K, 0% used [0x00000000f5600000,0x00000000f5600000,0x00000000fab00000)
 ParOldGen       total 1398272K, used 23571K [0x0000000080000000, 0x00000000d5580000, 0x00000000d5580000)
  object space 1398272K, 1% used [0x0000000080000000,0x0000000081704d28,0x00000000d5580000)
 Metaspace       used 57445K, capacity 58932K, committed 59028K, reserved 1101824K
  class space    used 6652K, capacity 6910K, committed 6912K, reserved 1048576K
Event: 11.791 GC heap after
Heap after GC invocations=5 (full 2):
 PSYoungGen      total 611840K, used 33838K [0x00000000d5580000, 0x0000000100000000, 0x0000000100000000)
  eden space 524800K, 0% used [0x00000000d5580000,0x00000000d5580000,0x00000000f5600000)
  from space 87040K, 38% used [0x00000000f5600000,0x00000000f770bb30,0x00000000fab00000)
  to   space 87040K, 0% used [0x00000000fab00000,0x00000000fab00000,0x0000000100000000)
 ParOldGen       total 1398272K, used 23579K [0x0000000080000000, 0x00000000d5580000, 0x00000000d5580000)
  object space 1398272K, 1% used [0x0000000080000000,0x0000000081706d28,0x00000000d5580000)
 Metaspace       used 57445K, capacity 58932K, committed 59028K, reserved 1101824K
  class space    used 6652K, capacity 6910K, committed 6912K, reserved 1048576K
}
Event: 11.791 GC heap before
{Heap before GC invocations=6 (full 3):
 PSYoungGen      total 611840K, used 33838K [0x00000000d5580000, 0x0000000100000000, 0x0000000100000000)
  eden space 524800K, 0% used [0x00000000d5580000,0x00000000d5580000,0x00000000f5600000)
  from space 87040K, 38% used [0x00000000f5600000,0x00000000f770bb30,0x00000000fab00000)
  to   space 87040K, 0% used [0x00000000fab00000,0x00000000fab00000,0x0000000100000000)
 ParOldGen       total 1398272K, used 23579K [0x0000000080000000, 0x00000000d5580000, 0x00000000d5580000)
  object space 1398272K, 1% used [0x0000000080000000,0x0000000081706d28,0x00000000d5580000)
 Metaspace       used 57445K, capacity 58932K, committed 59028K, reserved 1101824K
  class space    used 6652K, capacity 6910K, committed 6912K, reserved 1048576K
Event: 12.085 GC heap after
Heap after GC invocations=6 (full 3):
 PSYoungGen      total 611840K, used 0K [0x00000000d5580000, 0x0000000100000000, 0x0000000100000000)
  eden space 524800K, 0% used [0x00000000d5580000,0x00000000d5580000,0x00000000f5600000)
  from space 87040K, 0% used [0x00000000f5600000,0x00000000f5600000,0x00000000fab00000)
  to   space 87040K, 0% used [0x00000000fab00000,0x00000000fab00000,0x0000000100000000)
 ParOldGen       total 1398272K, used 44309K [0x0000000080000000, 0x00000000d5580000, 0x00000000d5580000)
  object space 1398272K, 3% used [0x0000000080000000,0x0000000082b45678,0x00000000d5580000)
 Metaspace       used 57387K, capacity 58784K, committed 59028K, reserved 1101824K
  class space    used 6632K, capacity 6876K, committed 6912K, reserved 1048576K
}

