# JRE version: OpenJDK Runtime Environment (8.0_212-b04) (build 1.8.0_212-b04)
# Java VM: OpenJDK 64-Bit Server VM (25.212-b04 mixed mode linux-amd64 compressed oops)
Heap:
 PSYoungGen      total 611840K, used 329072K [0x00000000d5580000, 0x00000000fde00000, 0x0000000100000000)
  eden space 524800K, 46% used [0x00000000d5580000,0x00000000e41e1400,0x00000000f5600000)
  from space 87040K, 99% used [0x00000000f5600000,0x00000000faafadf8,0x00000000fab00000)
  to   space 52224K, 0% used [0x00000000fab00000,0x00000000fab00000,0x00000000fde00000)
 ParOldGen       total 1398272K, used 33035K [0x0000000080000000, 0x00000000d5580000, 0x00000000d5580000)
  object space 1398272K, 2% used [0x0000000080000000,0x0000000082042d20,0x00000000d5580000)
 Metaspace       used 78771K, capacity 82108K, committed 82176K, reserved 1122304K
  class space    used 9115K, capacity 9722K, committed 9728K, reserved 1048576K
GC Heap History (10 events):
Event: 4.172 GC heap before
{Heap before GC invocations=4 (full 2):
 PSYoungGen      total 611840K, used 19488K [0x00000000d5580000, 0x0000000100000000, 0x0000000100000000)
  eden space 524800K, 0% used [0x00000000d5580000,0x00000000d5580000,0x00000000f5600000)
  from space 87040K, 22% used [0x00000000fab00000,0x00000000fbe080d8,0x0000000100000000)
  to   space 87040K, 0% used [0x00000000f5600000,0x00000000f5600000,0x00000000fab00000)
 ParOldGen       total 848384K, used 13512K [0x0000000080000000, 0x00000000b3c80000, 0x00000000d5580000)
  object space 848384K, 1% used [0x0000000080000000,0x0000000080d32138,0x00000000b3c80000)
 Metaspace       used 34723K, capacity 35018K, committed 35416K, reserved 1081344K
  class space    used 4187K, capacity 4289K, committed 4352K, reserved 1048576K
Event: 4.274 GC heap after
Heap after GC invocations=4 (full 2):
 PSYoungGen      total 611840K, used 0K [0x00000000d5580000, 0x0000000100000000, 0x0000000100000000)
  eden space 524800K, 0% used [0x00000000d5580000,0x00000000d5580000,0x00000000f5600000)
  from space 87040K, 0% used [0x00000000fab00000,0x00000000fab00000,0x0000000100000000)
  to   space 87040K, 0% used [0x00000000f5600000,0x00000000f5600000,0x00000000fab00000)
 ParOldGen       total 1398272K, used 24285K [0x0000000080000000, 0x00000000d5580000, 0x00000000d5580000)
  object space 1398272K, 1% used [0x0000000080000000,0x00000000817b74b8,0x00000000d5580000)
 Metaspace       used 34723K, capacity 35018K, committed 35416K, reserved 1081344K
  class space    used 4187K, capacity 4289K, committed 4352K, reserved 1048576K
}
Event: 7.041 GC heap before
{Heap before GC invocations=5 (full 2):
 PSYoungGen      total 611840K, used 524800K [0x00000000d5580000, 0x0000000100000000, 0x0000000100000000)
  eden space 524800K, 100% used [0x00000000d5580000,0x00000000f5600000,0x00000000f5600000)
  from space 87040K, 0% used [0x00000000fab00000,0x00000000fab00000,0x0000000100000000)
  to   space 87040K, 0% used [0x00000000f5600000,0x00000000f5600000,0x00000000fab00000)
 ParOldGen       total 1398272K, used 24285K [0x0000000080000000, 0x00000000d5580000, 0x00000000d5580000)
  object space 1398272K, 1% used [0x0000000080000000,0x00000000817b74b8,0x00000000d5580000)
 Metaspace       used 49385K, capacity 50204K, committed 50432K, reserved 1093632K
  class space    used 5880K, capacity 6084K, committed 6144K, reserved 1048576K
Event: 7.086 GC heap after
Heap after GC invocations=5 (full 2):
 PSYoungGen      total 611840K, used 20358K [0x00000000d5580000, 0x0000000100000000, 0x0000000100000000)
  eden space 524800K, 0% used [0x00000000d5580000,0x00000000d5580000,0x00000000f5600000)
  from space 87040K, 23% used [0x00000000f5600000,0x00000000f69e18a8,0x00000000fab00000)
  to   space 87040K, 0% used [0x00000000fab00000,0x00000000fab00000,0x0000000100000000)
 ParOldGen       total 1398272K, used 24293K [0x0000000080000000, 0x00000000d5580000, 0x00000000d5580000)
  object space 1398272K, 1% used [0x0000000080000000,0x00000000817b94b8,0x00000000d5580000)
 Metaspace       used 49385K, capacity 50204K, committed 50432K, reserved 1093632K
  class space    used 5880K, capacity 6084K, committed 6144K, reserved 1048576K
}
Event: 11.335 GC heap before
{Heap before GC invocations=6 (full 2):
 PSYoungGen      total 611840K, used 332088K [0x00000000d5580000, 0x0000000100000000, 0x0000000100000000)
  eden space 524800K, 59% used [0x00000000d5580000,0x00000000e85eca60,0x00000000f5600000)
  from space 87040K, 23% used [0x00000000f5600000,0x00000000f69e18a8,0x00000000fab00000)
  to   space 87040K, 0% used [0x00000000fab00000,0x00000000fab00000,0x0000000100000000)
 ParOldGen       total 1398272K, used 24293K [0x0000000080000000, 0x00000000d5580000, 0x00000000d5580000)
  object space 1398272K, 1% used [0x0000000080000000,0x00000000817b94b8,0x00000000d5580000)
 Metaspace       used 57800K, capacity 58962K, committed 59028K, reserved 1101824K
  class space    used 6946K, capacity 7163K, committed 7168K, reserved 1048576K
Event: 11.384 GC heap after
Heap after GC invocations=6 (full 2):
 PSYoungGen      total 611840K, used 19968K [0x00000000d5580000, 0x0000000100000000, 0x0000000100000000)
  eden space 524800K, 0% used [0x00000000d5580000,0x00000000d5580000,0x00000000f5600000)
  from space 87040K, 22% used [0x00000000fab00000,0x00000000fbe803b8,0x0000000100000000)
  to   space 87040K, 0% used [0x00000000f5600000,0x00000000f5600000,0x00000000fab00000)
 ParOldGen       total 1398272K, used 24301K [0x0000000080000000, 0x00000000d5580000, 0x00000000d5580000)
  object space 1398272K, 1% used [0x0000000080000000,0x00000000817bb4b8,0x00000000d5580000)
 Metaspace       used 57800K, capacity 58962K, committed 59028K, reserved 1101824K
  class space    used 6946K, capacity 7163K, committed 7168K, reserved 1048576K
}
Event: 11.384 GC heap before
{Heap before GC invocations=7 (full 3):
 PSYoungGen      total 611840K, used 19968K [0x00000000d5580000, 0x0000000100000000, 0x0000000100000000)
  eden space 524800K, 0% used [0x00000000d5580000,0x00000000d5580000,0x00000000f5600000)
  from space 87040K, 22% used [0x00000000fab00000,0x00000000fbe803b8,0x0000000100000000)
  to   space 87040K, 0% used [0x00000000f5600000,0x00000000f5600000,0x00000000fab00000)
 ParOldGen       total 1398272K, used 24301K [0x0000000080000000, 0x00000000d5580000, 0x00000000d5580000)
  object space 1398272K, 1% used [0x0000000080000000,0x00000000817bb4b8,0x00000000d5580000)
 Metaspace       used 57800K, capacity 58962K, committed 59028K, reserved 1101824K
  class space    used 6946K, capacity 7163K, committed 7168K, reserved 1048576K
Event: 11.662 GC heap after
Heap after GC invocations=7 (full 3):
 PSYoungGen      total 611840K, used 0K [0x00000000d5580000, 0x0000000100000000, 0x0000000100000000)
  eden space 524800K, 0% used [0x00000000d5580000,0x00000000d5580000,0x00000000f5600000)
  from space 87040K, 0% used [0x00000000fab00000,0x00000000fab00000,0x0000000100000000)
  to   space 87040K, 0% used [0x00000000f5600000,0x00000000f5600000,0x00000000fab00000)
 ParOldGen       total 1398272K, used 32451K [0x0000000080000000, 0x00000000d5580000, 0x00000000d5580000)
  object space 1398272K, 2% used [0x0000000080000000,0x0000000081fb0eb8,0x00000000d5580000)
 Metaspace       used 57741K, capacity 58816K, committed 59028K, reserved 1101824K
  class space    used 6925K, capacity 7126K, committed 7168K, reserved 1048576K
}
Event: 19.922 GC heap before
{Heap before GC invocations=8 (full 3):
 PSYoungGen      total 611840K, used 524560K [0x00000000d5580000, 0x0000000100000000, 0x0000000100000000)
  eden space 524800K, 99% used [0x00000000d5580000,0x00000000f55c4358,0x00000000f5600000)
  from space 87040K, 0% used [0x00000000fab00000,0x00000000fab00000,0x0000000100000000)
  to   space 87040K, 0% used [0x00000000f5600000,0x00000000f5600000,0x00000000fab00000)
 ParOldGen       total 1398272K, used 32451K [0x0000000080000000, 0x00000000d5580000, 0x00000000d5580000)
  object space 1398272K, 2% used [0x0000000080000000,0x0000000081fb0eb8,0x00000000d5580000)
 Metaspace       used 76512K, capacity 79368K, committed 79616K, reserved 1120256K
  class space    used 8919K, capacity 9462K, committed 9472K, reserved 1048576K
Event: 20.028 GC heap after
Heap after GC invocations=8 (full 3):
 PSYoungGen      total 611840K, used 87019K [0x00000000d5580000, 0x00000000fde00000, 0x0000000100000000)
  eden space 524800K, 0% used [0x00000000d5580000,0x00000000d5580000,0x00000000f5600000)
  from space 87040K, 99% used [0x00000000f5600000,0x00000000faafadf8,0x00000000fab00000)
  to   space 52224K, 0% used [0x00000000fab00000,0x00000000fab00000,0x00000000fde00000)
 ParOldGen       total 1398272K, used 33035K [0x0000000080000000, 0x00000000d5580000, 0x00000000d5580000)
  object space 1398272K, 2% used [0x0000000080000000,0x0000000082042d20,0x00000000d5580000)
 Metaspace       used 76512K, capacity 79368K, committed 79616K, reserved 1120256K
  class space    used 8919K, capacity 9462K, committed 9472K, reserved 1048576K
}

