# JRE version: OpenJDK Runtime Environment (8.0_212-b04) (build 1.8.0_212-b04)
# Java VM: OpenJDK 64-Bit Server VM (25.212-b04 mixed mode linux-amd64 compressed oops)
Heap:
 PSYoungGen      total 611840K, used 257068K [0x00000000d5580000, 0x0000000100000000, 0x0000000100000000)
  eden space 524800K, 37% used [0x00000000d5580000,0x00000000e146ff08,0x00000000f5600000)
  from space 87040K, 70% used [0x00000000fab00000,0x00000000fe71b210,0x0000000100000000)
  to   space 87040K, 0% used [0x00000000f5600000,0x00000000f5600000,0x00000000fab00000)
 ParOldGen       total 1398272K, used 43362K [0x0000000080000000, 0x00000000d5580000, 0x00000000d5580000)
  object space 1398272K, 3% used [0x0000000080000000,0x0000000082a58870,0x00000000d5580000)
 Metaspace       used 68401K, capacity 71348K, committed 71552K, reserved 1112064K
  class space    used 7652K, capacity 8202K, committed 8320K, reserved 1048576K
GC Heap History (10 events):
Event: 4.090 GC heap before
{Heap before GC invocations=3 (full 1):
 PSYoungGen      total 611840K, used 435011K [0x00000000d5580000, 0x0000000100000000, 0x0000000100000000)
  eden space 524800K, 82% used [0x00000000d5580000,0x00000000efe50c20,0x00000000f5600000)
  from space 87040K, 0% used [0x00000000f5600000,0x00000000f5600000,0x00000000fab00000)
  to   space 87040K, 0% used [0x00000000fab00000,0x00000000fab00000,0x0000000100000000)
 ParOldGen       total 868352K, used 13727K [0x0000000080000000, 0x00000000b5000000, 0x00000000d5580000)
  object space 868352K, 1% used [0x0000000080000000,0x0000000080d67c38,0x00000000b5000000)
 Metaspace       used 34829K, capacity 35188K, committed 35416K, reserved 1081344K
  class space    used 3977K, capacity 4092K, committed 4096K, reserved 1048576K
Event: 4.130 GC heap after
Heap after GC invocations=3 (full 1):
 PSYoungGen      total 611840K, used 19207K [0x00000000d5580000, 0x0000000100000000, 0x0000000100000000)
  eden space 524800K, 0% used [0x00000000d5580000,0x00000000d5580000,0x00000000f5600000)
  from space 87040K, 22% used [0x00000000fab00000,0x00000000fbdc1f50,0x0000000100000000)
  to   space 87040K, 0% used [0x00000000f5600000,0x00000000f5600000,0x00000000fab00000)
 ParOldGen       total 868352K, used 13735K [0x0000000080000000, 0x00000000b5000000, 0x00000000d5580000)
  object space 868352K, 1% used [0x0000000080000000,0x0000000080d69c38,0x00000000b5000000)
 Metaspace       used 34829K, capacity 35188K, committed 35416K, reserved 1081344K
  class space    used 3977K, capacity 4092K, committed 4096K, reserved 1048576K
}
Event: 4.130 GC heap before
{Heap before GC invocations=4 (full 2):
 PSYoungGen      total 611840K, used 19207K [0x00000000d5580000, 0x0000000100000000, 0x0000000100000000)
  eden space 524800K, 0% used [0x00000000d5580000,0x00000000d5580000,0x00000000f5600000)
  from space 87040K, 22% used [0x00000000fab00000,0x00000000fbdc1f50,0x0000000100000000)
  to   space 87040K, 0% used [0x00000000f5600000,0x00000000f5600000,0x00000000fab00000)
 ParOldGen       total 868352K, used 13735K [0x0000000080000000, 0x00000000b5000000, 0x00000000d5580000)
  object space 868352K, 1% used [0x0000000080000000,0x0000000080d69c38,0x00000000b5000000)
 Metaspace       used 34829K, capacity 35188K, committed 35416K, reserved 1081344K
  class space    used 3977K, capacity 4092K, committed 4096K, reserved 1048576K
Event: 4.228 GC heap after
Heap after GC invocations=4 (full 2):
 PSYoungGen      total 611840K, used 0K [0x00000000d5580000, 0x0000000100000000, 0x0000000100000000)
  eden space 524800K, 0% used [0x00000000d5580000,0x00000000d5580000,0x00000000f5600000)
  from space 87040K, 0% used [0x00000000fab00000,0x00000000fab00000,0x0000000100000000)
  to   space 87040K, 0% used [0x00000000f5600000,0x00000000f5600000,0x00000000fab00000)
 ParOldGen       total 1398272K, used 23618K [0x0000000080000000, 0x00000000d5580000, 0x00000000d5580000)
  object space 1398272K, 1% used [0x0000000080000000,0x0000000081710a88,0x00000000d5580000)
 Metaspace       used 34829K, capacity 35188K, committed 35416K, reserved 1081344K
  class space    used 3977K, capacity 4092K, committed 4096K, reserved 1048576K
}
Event: 10.572 GC heap before
{Heap before GC invocations=5 (full 2):
 PSYoungGen      total 611840K, used 517391K [0x00000000d5580000, 0x0000000100000000, 0x0000000100000000)
  eden space 524800K, 98% used [0x00000000d5580000,0x00000000f4ec3f48,0x00000000f5600000)
  from space 87040K, 0% used [0x00000000fab00000,0x00000000fab00000,0x0000000100000000)
  to   space 87040K, 0% used [0x00000000f5600000,0x00000000f5600000,0x00000000fab00000)
 ParOldGen       total 1398272K, used 23618K [0x0000000080000000, 0x00000000d5580000, 0x00000000d5580000)
  object space 1398272K, 1% used [0x0000000080000000,0x0000000081710a88,0x00000000d5580000)
 Metaspace       used 57445K, capacity 58886K, committed 59008K, reserved 1101824K
  class space    used 6654K, capacity 6951K, committed 7040K, reserved 1048576K
Event: 10.653 GC heap after
Heap after GC invocations=5 (full 2):
 PSYoungGen      total 611840K, used 32780K [0x00000000d5580000, 0x0000000100000000, 0x0000000100000000)
  eden space 524800K, 0% used [0x00000000d5580000,0x00000000d5580000,0x00000000f5600000)
  from space 87040K, 37% used [0x00000000f5600000,0x00000000f7603240,0x00000000fab00000)
  to   space 87040K, 0% used [0x00000000fab00000,0x00000000fab00000,0x0000000100000000)
 ParOldGen       total 1398272K, used 23626K [0x0000000080000000, 0x00000000d5580000, 0x00000000d5580000)
  object space 1398272K, 1% used [0x0000000080000000,0x0000000081712a88,0x00000000d5580000)
 Metaspace       used 57445K, capacity 58886K, committed 59008K, reserved 1101824K
  class space    used 6654K, capacity 6951K, committed 7040K, reserved 1048576K
}
Event: 10.653 GC heap before
{Heap before GC invocations=6 (full 3):
 PSYoungGen      total 611840K, used 32780K [0x00000000d5580000, 0x0000000100000000, 0x0000000100000000)
  eden space 524800K, 0% used [0x00000000d5580000,0x00000000d5580000,0x00000000f5600000)
  from space 87040K, 37% used [0x00000000f5600000,0x00000000f7603240,0x00000000fab00000)
  to   space 87040K, 0% used [0x00000000fab00000,0x00000000fab00000,0x0000000100000000)
 ParOldGen       total 1398272K, used 23626K [0x0000000080000000, 0x00000000d5580000, 0x00000000d5580000)
  object space 1398272K, 1% used [0x0000000080000000,0x0000000081712a88,0x00000000d5580000)
 Metaspace       used 57445K, capacity 58886K, committed 59008K, reserved 1101824K
  class space    used 6654K, capacity 6951K, committed 7040K, reserved 1048576K
Event: 10.964 GC heap after
Heap after GC invocations=6 (full 3):
 PSYoungGen      total 611840K, used 0K [0x00000000d5580000, 0x0000000100000000, 0x0000000100000000)
  eden space 524800K, 0% used [0x00000000d5580000,0x00000000d5580000,0x00000000f5600000)
  from space 87040K, 0% used [0x00000000f5600000,0x00000000f5600000,0x00000000fab00000)
  to   space 87040K, 0% used [0x00000000fab00000,0x00000000fab00000,0x0000000100000000)
 ParOldGen       total 1398272K, used 43354K [0x0000000080000000, 0x00000000d5580000, 0x00000000d5580000)
  object space 1398272K, 3% used [0x0000000080000000,0x0000000082a56870,0x00000000d5580000)
 Metaspace       used 57401K, capacity 58780K, committed 59008K, reserved 1101824K
  class space    used 6639K, capacity 6924K, committed 7040K, reserved 1048576K
}
Event: 92.419 GC heap before
{Heap before GC invocations=7 (full 3):
 PSYoungGen      total 611840K, used 524800K [0x00000000d5580000, 0x0000000100000000, 0x0000000100000000)
  eden space 524800K, 100% used [0x00000000d5580000,0x00000000f5600000,0x00000000f5600000)
  from space 87040K, 0% used [0x00000000f5600000,0x00000000f5600000,0x00000000fab00000)
  to   space 87040K, 0% used [0x00000000fab00000,0x00000000fab00000,0x0000000100000000)
 ParOldGen       total 1398272K, used 43354K [0x0000000080000000, 0x00000000d5580000, 0x00000000d5580000)
  object space 1398272K, 3% used [0x0000000080000000,0x0000000082a56870,0x00000000d5580000)
 Metaspace       used 66820K, capacity 69600K, committed 69760K, reserved 1112064K
  class space    used 7570K, capacity 8060K, committed 8064K, reserved 1048576K
Event: 92.599 GC heap after
Heap after GC invocations=7 (full 3):
 PSYoungGen      total 611840K, used 61548K [0x00000000d5580000, 0x0000000100000000, 0x0000000100000000)
  eden space 524800K, 0% used [0x00000000d5580000,0x00000000d5580000,0x00000000f5600000)
  from space 87040K, 70% used [0x00000000fab00000,0x00000000fe71b210,0x0000000100000000)
  to   space 87040K, 0% used [0x00000000f5600000,0x00000000f5600000,0x00000000fab00000)
 ParOldGen       total 1398272K, used 43362K [0x0000000080000000, 0x00000000d5580000, 0x00000000d5580000)
  object space 1398272K, 3% used [0x0000000080000000,0x0000000082a58870,0x00000000d5580000)
 Metaspace       used 66820K, capacity 69600K, committed 69760K, reserved 1112064K
  class space    used 7570K, capacity 8060K, committed 8064K, reserved 1048576K
}

