# JRE version: OpenJDK Runtime Environment (8.0_212-b04) (build 1.8.0_212-b04)
# Java VM: OpenJDK 64-Bit Server VM (25.212-b04 mixed mode linux-amd64 compressed oops)
Heap:
 PSYoungGen      total 611840K, used 233370K [0x00000000d5580000, 0x0000000100000000, 0x0000000100000000)
  eden space 524800K, 44% used [0x00000000d5580000,0x00000000e3966b90,0x00000000f5600000)
  from space 87040K, 0% used [0x00000000f5600000,0x00000000f5600000,0x00000000fab00000)
  to   space 87040K, 0% used [0x00000000fab00000,0x00000000fab00000,0x0000000100000000)
 ParOldGen       total 1398272K, used 44909K [0x0000000080000000, 0x00000000d5580000, 0x00000000d5580000)
  object space 1398272K, 3% used [0x0000000080000000,0x0000000082bdb588,0x00000000d5580000)
 Metaspace       used 65287K, capacity 67830K, committed 67968K, reserved 1110016K
  class space    used 7544K, capacity 8021K, committed 8064K, reserved 1048576K
GC Heap History (10 events):
Event: 2.256 GC heap before
{Heap before GC invocations=2 (full 1):
 PSYoungGen      total 611840K, used 14217K [0x00000000d5580000, 0x0000000100000000, 0x0000000100000000)
  eden space 524800K, 0% used [0x00000000d5580000,0x00000000d5580000,0x00000000f5600000)
  from space 87040K, 16% used [0x00000000f5600000,0x00000000f63e25f8,0x00000000fab00000)
  to   space 87040K, 0% used [0x00000000fab00000,0x00000000fab00000,0x0000000100000000)
 ParOldGen       total 1398272K, used 80K [0x0000000080000000, 0x00000000d5580000, 0x00000000d5580000)
  object space 1398272K, 0% used [0x0000000080000000,0x0000000080014010,0x00000000d5580000)
 Metaspace       used 20762K, capacity 21016K, committed 21248K, reserved 1069056K
  class space    used 2352K, capacity 2451K, committed 2560K, reserved 1048576K
Event: 2.340 GC heap after
Heap after GC invocations=2 (full 1):
 PSYoungGen      total 611840K, used 0K [0x00000000d5580000, 0x0000000100000000, 0x0000000100000000)
  eden space 524800K, 0% used [0x00000000d5580000,0x00000000d5580000,0x00000000f5600000)
  from space 87040K, 0% used [0x00000000f5600000,0x00000000f5600000,0x00000000fab00000)
  to   space 87040K, 0% used [0x00000000fab00000,0x00000000fab00000,0x0000000100000000)
 ParOldGen       total 849408K, used 13686K [0x0000000080000000, 0x00000000b3d80000, 0x00000000d5580000)
  object space 849408K, 1% used [0x0000000080000000,0x0000000080d5dbe8,0x00000000b3d80000)
 Metaspace       used 20762K, capacity 21016K, committed 21248K, reserved 1069056K
  class space    used 2352K, capacity 2451K, committed 2560K, reserved 1048576K
}
Event: 4.830 GC heap before
{Heap before GC invocations=3 (full 1):
 PSYoungGen      total 611840K, used 373665K [0x00000000d5580000, 0x0000000100000000, 0x0000000100000000)
  eden space 524800K, 71% used [0x00000000d5580000,0x00000000ec268438,0x00000000f5600000)
  from space 87040K, 0% used [0x00000000f5600000,0x00000000f5600000,0x00000000fab00000)
  to   space 87040K, 0% used [0x00000000fab00000,0x00000000fab00000,0x0000000100000000)
 ParOldGen       total 849408K, used 13686K [0x0000000080000000, 0x00000000b3d80000, 0x00000000d5580000)
  object space 849408K, 1% used [0x0000000080000000,0x0000000080d5dbe8,0x00000000b3d80000)
 Metaspace       used 34639K, capacity 35092K, committed 35416K, reserved 1081344K
  class space    used 3956K, capacity 4088K, committed 4096K, reserved 1048576K
Event: 4.865 GC heap after
Heap after GC invocations=3 (full 1):
 PSYoungGen      total 611840K, used 18634K [0x00000000d5580000, 0x0000000100000000, 0x0000000100000000)
  eden space 524800K, 0% used [0x00000000d5580000,0x00000000d5580000,0x00000000f5600000)
  from space 87040K, 21% used [0x00000000fab00000,0x00000000fbd329e8,0x0000000100000000)
  to   space 87040K, 0% used [0x00000000f5600000,0x00000000f5600000,0x00000000fab00000)
 ParOldGen       total 849408K, used 13686K [0x0000000080000000, 0x00000000b3d80000, 0x00000000d5580000)
  object space 849408K, 1% used [0x0000000080000000,0x0000000080d5dbe8,0x00000000b3d80000)
 Metaspace       used 34639K, capacity 35092K, committed 35416K, reserved 1081344K
  class space    used 3956K, capacity 4088K, committed 4096K, reserved 1048576K
}
Event: 4.866 GC heap before
{Heap before GC invocations=4 (full 2):
 PSYoungGen      total 611840K, used 18634K [0x00000000d5580000, 0x0000000100000000, 0x0000000100000000)
  eden space 524800K, 0% used [0x00000000d5580000,0x00000000d5580000,0x00000000f5600000)
  from space 87040K, 21% used [0x00000000fab00000,0x00000000fbd329e8,0x0000000100000000)
  to   space 87040K, 0% used [0x00000000f5600000,0x00000000f5600000,0x00000000fab00000)
 ParOldGen       total 849408K, used 13686K [0x0000000080000000, 0x00000000b3d80000, 0x00000000d5580000)
  object space 849408K, 1% used [0x0000000080000000,0x0000000080d5dbe8,0x00000000b3d80000)
 Metaspace       used 34639K, capacity 35092K, committed 35416K, reserved 1081344K
  class space    used 3956K, capacity 4088K, committed 4096K, reserved 1048576K
Event: 4.962 GC heap after
Heap after GC invocations=4 (full 2):
 PSYoungGen      total 611840K, used 0K [0x00000000d5580000, 0x0000000100000000, 0x0000000100000000)
  eden space 524800K, 0% used [0x00000000d5580000,0x00000000d5580000,0x00000000f5600000)
  from space 87040K, 0% used [0x00000000fab00000,0x00000000fab00000,0x0000000100000000)
  to   space 87040K, 0% used [0x00000000f5600000,0x00000000f5600000,0x00000000fab00000)
 ParOldGen       total 1398272K, used 22890K [0x0000000080000000, 0x00000000d5580000, 0x00000000d5580000)
  object space 1398272K, 1% used [0x0000000080000000,0x000000008165a958,0x00000000d5580000)
 Metaspace       used 34639K, capacity 35092K, committed 35416K, reserved 1081344K
  class space    used 3956K, capacity 4088K, committed 4096K, reserved 1048576K
}
Event: 13.153 GC heap before
{Heap before GC invocations=5 (full 2):
 PSYoungGen      total 611840K, used 387843K [0x00000000d5580000, 0x0000000100000000, 0x0000000100000000)
  eden space 524800K, 73% used [0x00000000d5580000,0x00000000ed040c40,0x00000000f5600000)
  from space 87040K, 0% used [0x00000000fab00000,0x00000000fab00000,0x0000000100000000)
  to   space 87040K, 0% used [0x00000000f5600000,0x00000000f5600000,0x00000000fab00000)
 ParOldGen       total 1398272K, used 22890K [0x0000000080000000, 0x00000000d5580000, 0x00000000d5580000)
  object space 1398272K, 1% used [0x0000000080000000,0x000000008165a958,0x00000000d5580000)
 Metaspace       used 57070K, capacity 58940K, committed 59008K, reserved 1101824K
  class space    used 6660K, capacity 7020K, committed 7040K, reserved 1048576K
Event: 13.228 GC heap after
Heap after GC invocations=5 (full 2):
 PSYoungGen      total 611840K, used 34725K [0x00000000d5580000, 0x0000000100000000, 0x0000000100000000)
  eden space 524800K, 0% used [0x00000000d5580000,0x00000000d5580000,0x00000000f5600000)
  from space 87040K, 39% used [0x00000000f5600000,0x00000000f77e9750,0x00000000fab00000)
  to   space 87040K, 0% used [0x00000000fab00000,0x00000000fab00000,0x0000000100000000)
 ParOldGen       total 1398272K, used 22898K [0x0000000080000000, 0x00000000d5580000, 0x00000000d5580000)
  object space 1398272K, 1% used [0x0000000080000000,0x000000008165c958,0x00000000d5580000)
 Metaspace       used 57070K, capacity 58940K, committed 59008K, reserved 1101824K
  class space    used 6660K, capacity 7020K, committed 7040K, reserved 1048576K
}
Event: 13.228 GC heap before
{Heap before GC invocations=6 (full 3):
 PSYoungGen      total 611840K, used 34725K [0x00000000d5580000, 0x0000000100000000, 0x0000000100000000)
  eden space 524800K, 0% used [0x00000000d5580000,0x00000000d5580000,0x00000000f5600000)
  from space 87040K, 39% used [0x00000000f5600000,0x00000000f77e9750,0x00000000fab00000)
  to   space 87040K, 0% used [0x00000000fab00000,0x00000000fab00000,0x0000000100000000)
 ParOldGen       total 1398272K, used 22898K [0x0000000080000000, 0x00000000d5580000, 0x00000000d5580000)
  object space 1398272K, 1% used [0x0000000080000000,0x000000008165c958,0x00000000d5580000)
 Metaspace       used 57070K, capacity 58940K, committed 59008K, reserved 1101824K
  class space    used 6660K, capacity 7020K, committed 7040K, reserved 1048576K
Event: 13.486 GC heap after
Heap after GC invocations=6 (full 3):
 PSYoungGen      total 611840K, used 0K [0x00000000d5580000, 0x0000000100000000, 0x0000000100000000)
  eden space 524800K, 0% used [0x00000000d5580000,0x00000000d5580000,0x00000000f5600000)
  from space 87040K, 0% used [0x00000000f5600000,0x00000000f5600000,0x00000000fab00000)
  to   space 87040K, 0% used [0x00000000fab00000,0x00000000fab00000,0x0000000100000000)
 ParOldGen       total 1398272K, used 44909K [0x0000000080000000, 0x00000000d5580000, 0x00000000d5580000)
  object space 1398272K, 3% used [0x0000000080000000,0x0000000082bdb588,0x00000000d5580000)
 Metaspace       used 57027K, capacity 58820K, committed 59008K, reserved 1101824K
  class space    used 6646K, capacity 6994K, committed 7040K, reserved 1048576K
}

