# JRE version: OpenJDK Runtime Environment (8.0_212-b04) (build 1.8.0_212-b04)
# Java VM: OpenJDK 64-Bit Server VM (25.212-b04 mixed mode linux-amd64 compressed oops)
Heap:
 PSYoungGen      total 611840K, used 206792K [0x00000000d5580000, 0x0000000100000000, 0x0000000100000000)
  eden space 524800K, 24% used [0x00000000d5580000,0x00000000dd4cfc20,0x00000000f5600000)
  from space 87040K, 87% used [0x00000000fab00000,0x00000000ff5a2770,0x0000000100000000)
  to   space 87040K, 0% used [0x00000000f5600000,0x00000000f5600000,0x00000000fab00000)
 ParOldGen       total 1398272K, used 43981K [0x0000000080000000, 0x00000000d5580000, 0x00000000d5580000)
  object space 1398272K, 3% used [0x0000000080000000,0x0000000082af3428,0x00000000d5580000)
 Metaspace       used 67367K, capacity 70470K, committed 70656K, reserved 1112064K
  class space    used 7631K, capacity 8163K, committed 8192K, reserved 1048576K
GC Heap History (10 events):
Event: 4.580 GC heap before
{Heap before GC invocations=3 (full 1):
 PSYoungGen      total 611840K, used 445492K [0x00000000d5580000, 0x0000000100000000, 0x0000000100000000)
  eden space 524800K, 84% used [0x00000000d5580000,0x00000000f088d1f0,0x00000000f5600000)
  from space 87040K, 0% used [0x00000000f5600000,0x00000000f5600000,0x00000000fab00000)
  to   space 87040K, 0% used [0x00000000fab00000,0x00000000fab00000,0x0000000100000000)
 ParOldGen       total 835584K, used 13751K [0x0000000080000000, 0x00000000b3000000, 0x00000000d5580000)
  object space 835584K, 1% used [0x0000000080000000,0x0000000080d6def8,0x00000000b3000000)
 Metaspace       used 34821K, capacity 35182K, committed 35416K, reserved 1081344K
  class space    used 3975K, capacity 4091K, committed 4096K, reserved 1048576K
Event: 4.614 GC heap after
Heap after GC invocations=3 (full 1):
 PSYoungGen      total 611840K, used 19301K [0x00000000d5580000, 0x0000000100000000, 0x0000000100000000)
  eden space 524800K, 0% used [0x00000000d5580000,0x00000000d5580000,0x00000000f5600000)
  from space 87040K, 22% used [0x00000000fab00000,0x00000000fbdd94d8,0x0000000100000000)
  to   space 87040K, 0% used [0x00000000f5600000,0x00000000f5600000,0x00000000fab00000)
 ParOldGen       total 835584K, used 13759K [0x0000000080000000, 0x00000000b3000000, 0x00000000d5580000)
  object space 835584K, 1% used [0x0000000080000000,0x0000000080d6fef8,0x00000000b3000000)
 Metaspace       used 34821K, capacity 35182K, committed 35416K, reserved 1081344K
  class space    used 3975K, capacity 4091K, committed 4096K, reserved 1048576K
}
Event: 4.614 GC heap before
{Heap before GC invocations=4 (full 2):
 PSYoungGen      total 611840K, used 19301K [0x00000000d5580000, 0x0000000100000000, 0x0000000100000000)
  eden space 524800K, 0% used [0x00000000d5580000,0x00000000d5580000,0x00000000f5600000)
  from space 87040K, 22% used [0x00000000fab00000,0x00000000fbdd94d8,0x0000000100000000)
  to   space 87040K, 0% used [0x00000000f5600000,0x00000000f5600000,0x00000000fab00000)
 ParOldGen       total 835584K, used 13759K [0x0000000080000000, 0x00000000b3000000, 0x00000000d5580000)
  object space 835584K, 1% used [0x0000000080000000,0x0000000080d6fef8,0x00000000b3000000)
 Metaspace       used 34821K, capacity 35182K, committed 35416K, reserved 1081344K
  class space    used 3975K, capacity 4091K, committed 4096K, reserved 1048576K
Event: 4.715 GC heap after
Heap after GC invocations=4 (full 2):
 PSYoungGen      total 611840K, used 0K [0x00000000d5580000, 0x0000000100000000, 0x0000000100000000)
  eden space 524800K, 0% used [0x00000000d5580000,0x00000000d5580000,0x00000000f5600000)
  from space 87040K, 0% used [0x00000000fab00000,0x00000000fab00000,0x0000000100000000)
  to   space 87040K, 0% used [0x00000000f5600000,0x00000000f5600000,0x00000000fab00000)
 ParOldGen       total 1383936K, used 23570K [0x0000000080000000, 0x00000000d4780000, 0x00000000d5580000)
  object space 1383936K, 1% used [0x0000000080000000,0x0000000081704840,0x00000000d4780000)
 Metaspace       used 34821K, capacity 35182K, committed 35416K, reserved 1081344K
  class space    used 3975K, capacity 4091K, committed 4096K, reserved 1048576K
}
Event: 11.479 GC heap before
{Heap before GC invocations=5 (full 2):
 PSYoungGen      total 611840K, used 506881K [0x00000000d5580000, 0x0000000100000000, 0x0000000100000000)
  eden space 524800K, 96% used [0x00000000d5580000,0x00000000f44807d0,0x00000000f5600000)
  from space 87040K, 0% used [0x00000000fab00000,0x00000000fab00000,0x0000000100000000)
  to   space 87040K, 0% used [0x00000000f5600000,0x00000000f5600000,0x00000000fab00000)
 ParOldGen       total 1383936K, used 23570K [0x0000000080000000, 0x00000000d4780000, 0x00000000d5580000)
  object space 1383936K, 1% used [0x0000000080000000,0x0000000081704840,0x00000000d4780000)
 Metaspace       used 57439K, capacity 58872K, committed 59008K, reserved 1101824K
  class space    used 6649K, capacity 6948K, committed 7040K, reserved 1048576K
Event: 11.557 GC heap after
Heap after GC invocations=5 (full 2):
 PSYoungGen      total 611840K, used 33492K [0x00000000d5580000, 0x0000000100000000, 0x0000000100000000)
  eden space 524800K, 0% used [0x00000000d5580000,0x00000000d5580000,0x00000000f5600000)
  from space 87040K, 38% used [0x00000000f5600000,0x00000000f76b5098,0x00000000fab00000)
  to   space 87040K, 0% used [0x00000000fab00000,0x00000000fab00000,0x0000000100000000)
 ParOldGen       total 1383936K, used 23578K [0x0000000080000000, 0x00000000d4780000, 0x00000000d5580000)
  object space 1383936K, 1% used [0x0000000080000000,0x0000000081706840,0x00000000d4780000)
 Metaspace       used 57439K, capacity 58872K, committed 59008K, reserved 1101824K
  class space    used 6649K, capacity 6948K, committed 7040K, reserved 1048576K
}
Event: 11.557 GC heap before
{Heap before GC invocations=6 (full 3):
 PSYoungGen      total 611840K, used 33492K [0x00000000d5580000, 0x0000000100000000, 0x0000000100000000)
  eden space 524800K, 0% used [0x00000000d5580000,0x00000000d5580000,0x00000000f5600000)
  from space 87040K, 38% used [0x00000000f5600000,0x00000000f76b5098,0x00000000fab00000)
  to   space 87040K, 0% used [0x00000000fab00000,0x00000000fab00000,0x0000000100000000)
 ParOldGen       total 1383936K, used 23578K [0x0000000080000000, 0x00000000d4780000, 0x00000000d5580000)
  object space 1383936K, 1% used [0x0000000080000000,0x0000000081706840,0x00000000d4780000)
 Metaspace       used 57439K, capacity 58872K, committed 59008K, reserved 1101824K
  class space    used 6649K, capacity 6948K, committed 7040K, reserved 1048576K
Event: 11.865 GC heap after
Heap after GC invocations=6 (full 3):
 PSYoungGen      total 611840K, used 0K [0x00000000d5580000, 0x0000000100000000, 0x0000000100000000)
  eden space 524800K, 0% used [0x00000000d5580000,0x00000000d5580000,0x00000000f5600000)
  from space 87040K, 0% used [0x00000000f5600000,0x00000000f5600000,0x00000000fab00000)
  to   space 87040K, 0% used [0x00000000fab00000,0x00000000fab00000,0x0000000100000000)
 ParOldGen       total 1398272K, used 43973K [0x0000000080000000, 0x00000000d5580000, 0x00000000d5580000)
  object space 1398272K, 3% used [0x0000000080000000,0x0000000082af1428,0x00000000d5580000)
 Metaspace       used 57396K, capacity 58768K, committed 59008K, reserved 1101824K
  class space    used 6634K, capacity 6922K, committed 7040K, reserved 1048576K
}
Event: 75.303 GC heap before
{Heap before GC invocations=7 (full 3):
 PSYoungGen      total 611840K, used 524800K [0x00000000d5580000, 0x0000000100000000, 0x0000000100000000)
  eden space 524800K, 100% used [0x00000000d5580000,0x00000000f5600000,0x00000000f5600000)
  from space 87040K, 0% used [0x00000000f5600000,0x00000000f5600000,0x00000000fab00000)
  to   space 87040K, 0% used [0x00000000fab00000,0x00000000fab00000,0x0000000100000000)
 ParOldGen       total 1398272K, used 43973K [0x0000000080000000, 0x00000000d5580000, 0x00000000d5580000)
  object space 1398272K, 3% used [0x0000000080000000,0x0000000082af1428,0x00000000d5580000)
 Metaspace       used 66880K, capacity 69964K, committed 70144K, reserved 1112064K
  class space    used 7614K, capacity 8146K, committed 8192K, reserved 1048576K
Event: 75.505 GC heap after
Heap after GC invocations=7 (full 3):
 PSYoungGen      total 611840K, used 76425K [0x00000000d5580000, 0x0000000100000000, 0x0000000100000000)
  eden space 524800K, 0% used [0x00000000d5580000,0x00000000d5580000,0x00000000f5600000)
  from space 87040K, 87% used [0x00000000fab00000,0x00000000ff5a2770,0x0000000100000000)
  to   space 87040K, 0% used [0x00000000f5600000,0x00000000f5600000,0x00000000fab00000)
 ParOldGen       total 1398272K, used 43981K [0x0000000080000000, 0x00000000d5580000, 0x00000000d5580000)
  object space 1398272K, 3% used [0x0000000080000000,0x0000000082af3428,0x00000000d5580000)
 Metaspace       used 66880K, capacity 69964K, committed 70144K, reserved 1112064K
  class space    used 7614K, capacity 8146K, committed 8192K, reserved 1048576K
}

