# JRE version: OpenJDK Runtime Environment (8.0_212-b04) (build 1.8.0_212-b04)
# Java VM: OpenJDK 64-Bit Server VM (25.212-b04 mixed mode linux-amd64 compressed oops)
Heap:
 PSYoungGen      total 611840K, used 214021K [0x00000000d5580000, 0x0000000100000000, 0x0000000100000000)
  eden space 524800K, 40% used [0x00000000d5580000,0x00000000e26814c8,0x00000000f5600000)
  from space 87040K, 0% used [0x00000000f5600000,0x00000000f5600000,0x00000000fab00000)
  to   space 87040K, 0% used [0x00000000fab00000,0x00000000fab00000,0x0000000100000000)
 ParOldGen       total 1398272K, used 44748K [0x0000000080000000, 0x00000000d5580000, 0x00000000d5580000)
  object space 1398272K, 3% used [0x0000000080000000,0x0000000082bb31b8,0x00000000d5580000)
 Metaspace       used 62170K, capacity 64274K, committed 64512K, reserved 1105920K
  class space    used 7162K, capacity 7553K, committed 7680K, reserved 1048576K
GC Heap History (10 events):
Event: 2.354 GC heap before
{Heap before GC invocations=2 (full 1):
 PSYoungGen      total 611840K, used 14370K [0x00000000d5580000, 0x0000000100000000, 0x0000000100000000)
  eden space 524800K, 0% used [0x00000000d5580000,0x00000000d5580000,0x00000000f5600000)
  from space 87040K, 16% used [0x00000000f5600000,0x00000000f6408ad8,0x00000000fab00000)
  to   space 87040K, 0% used [0x00000000fab00000,0x00000000fab00000,0x0000000100000000)
 ParOldGen       total 1398272K, used 8K [0x0000000080000000, 0x00000000d5580000, 0x00000000d5580000)
  object space 1398272K, 0% used [0x0000000080000000,0x0000000080002000,0x00000000d5580000)
 Metaspace       used 20848K, capacity 21090K, committed 21296K, reserved 1069056K
  class space    used 2352K, capacity 2418K, committed 2432K, reserved 1048576K
Event: 2.457 GC heap after
Heap after GC invocations=2 (full 1):
 PSYoungGen      total 611840K, used 0K [0x00000000d5580000, 0x0000000100000000, 0x0000000100000000)
  eden space 524800K, 0% used [0x00000000d5580000,0x00000000d5580000,0x00000000f5600000)
  from space 87040K, 0% used [0x00000000f5600000,0x00000000f5600000,0x00000000fab00000)
  to   space 87040K, 0% used [0x00000000fab00000,0x00000000fab00000,0x0000000100000000)
 ParOldGen       total 902656K, used 13762K [0x0000000080000000, 0x00000000b7180000, 0x00000000d5580000)
  object space 902656K, 1% used [0x0000000080000000,0x0000000080d708f8,0x00000000b7180000)
 Metaspace       used 20848K, capacity 21090K, committed 21296K, reserved 1069056K
  class space    used 2352K, capacity 2418K, committed 2432K, reserved 1048576K
}
Event: 4.894 GC heap before
{Heap before GC invocations=3 (full 1):
 PSYoungGen      total 611840K, used 490829K [0x00000000d5580000, 0x0000000100000000, 0x0000000100000000)
  eden space 524800K, 93% used [0x00000000d5580000,0x00000000f34d3648,0x00000000f5600000)
  from space 87040K, 0% used [0x00000000f5600000,0x00000000f5600000,0x00000000fab00000)
  to   space 87040K, 0% used [0x00000000fab00000,0x00000000fab00000,0x0000000100000000)
 ParOldGen       total 902656K, used 13762K [0x0000000080000000, 0x00000000b7180000, 0x00000000d5580000)
  object space 902656K, 1% used [0x0000000080000000,0x0000000080d708f8,0x00000000b7180000)
 Metaspace       used 34838K, capacity 35230K, committed 35496K, reserved 1081344K
  class space    used 3971K, capacity 4091K, committed 4096K, reserved 1048576K
Event: 4.936 GC heap after
Heap after GC invocations=3 (full 1):
 PSYoungGen      total 611840K, used 19365K [0x00000000d5580000, 0x0000000100000000, 0x0000000100000000)
  eden space 524800K, 0% used [0x00000000d5580000,0x00000000d5580000,0x00000000f5600000)
  from space 87040K, 22% used [0x00000000fab00000,0x00000000fbde9590,0x0000000100000000)
  to   space 87040K, 0% used [0x00000000f5600000,0x00000000f5600000,0x00000000fab00000)
 ParOldGen       total 902656K, used 13770K [0x0000000080000000, 0x00000000b7180000, 0x00000000d5580000)
  object space 902656K, 1% used [0x0000000080000000,0x0000000080d728f8,0x00000000b7180000)
 Metaspace       used 34838K, capacity 35230K, committed 35496K, reserved 1081344K
  class space    used 3971K, capacity 4091K, committed 4096K, reserved 1048576K
}
Event: 4.936 GC heap before
{Heap before GC invocations=4 (full 2):
 PSYoungGen      total 611840K, used 19365K [0x00000000d5580000, 0x0000000100000000, 0x0000000100000000)
  eden space 524800K, 0% used [0x00000000d5580000,0x00000000d5580000,0x00000000f5600000)
  from space 87040K, 22% used [0x00000000fab00000,0x00000000fbde9590,0x0000000100000000)
  to   space 87040K, 0% used [0x00000000f5600000,0x00000000f5600000,0x00000000fab00000)
 ParOldGen       total 902656K, used 13770K [0x0000000080000000, 0x00000000b7180000, 0x00000000d5580000)
  object space 902656K, 1% used [0x0000000080000000,0x0000000080d728f8,0x00000000b7180000)
 Metaspace       used 34838K, capacity 35230K, committed 35496K, reserved 1081344K
  class space    used 3971K, capacity 4091K, committed 4096K, reserved 1048576K
Event: 5.051 GC heap after
Heap after GC invocations=4 (full 2):
 PSYoungGen      total 611840K, used 0K [0x00000000d5580000, 0x0000000100000000, 0x0000000100000000)
  eden space 524800K, 0% used [0x00000000d5580000,0x00000000d5580000,0x00000000f5600000)
  from space 87040K, 0% used [0x00000000fab00000,0x00000000fab00000,0x0000000100000000)
  to   space 87040K, 0% used [0x00000000f5600000,0x00000000f5600000,0x00000000fab00000)
 ParOldGen       total 1398272K, used 23572K [0x0000000080000000, 0x00000000d5580000, 0x00000000d5580000)
  object space 1398272K, 1% used [0x0000000080000000,0x0000000081705348,0x00000000d5580000)
 Metaspace       used 34838K, capacity 35230K, committed 35496K, reserved 1081344K
  class space    used 3971K, capacity 4091K, committed 4096K, reserved 1048576K
}
Event: 11.809 GC heap before
{Heap before GC invocations=5 (full 2):
 PSYoungGen      total 611840K, used 520828K [0x00000000d5580000, 0x0000000100000000, 0x0000000100000000)
  eden space 524800K, 99% used [0x00000000d5580000,0x00000000f521f050,0x00000000f5600000)
  from space 87040K, 0% used [0x00000000fab00000,0x00000000fab00000,0x0000000100000000)
  to   space 87040K, 0% used [0x00000000f5600000,0x00000000f5600000,0x00000000fab00000)
 ParOldGen       total 1398272K, used 23572K [0x0000000080000000, 0x00000000d5580000, 0x00000000d5580000)
  object space 1398272K, 1% used [0x0000000080000000,0x0000000081705348,0x00000000d5580000)
 Metaspace       used 57626K, capacity 59002K, committed 59160K, reserved 1101824K
  class space    used 6664K, capacity 6941K, committed 7040K, reserved 1048576K
Event: 11.918 GC heap after
Heap after GC invocations=5 (full 2):
 PSYoungGen      total 611840K, used 34229K [0x00000000d5580000, 0x0000000100000000, 0x0000000100000000)
  eden space 524800K, 0% used [0x00000000d5580000,0x00000000d5580000,0x00000000f5600000)
  from space 87040K, 39% used [0x00000000f5600000,0x00000000f776d630,0x00000000fab00000)
  to   space 87040K, 0% used [0x00000000fab00000,0x00000000fab00000,0x0000000100000000)
 ParOldGen       total 1398272K, used 23580K [0x0000000080000000, 0x00000000d5580000, 0x00000000d5580000)
  object space 1398272K, 1% used [0x0000000080000000,0x0000000081707348,0x00000000d5580000)
 Metaspace       used 57626K, capacity 59002K, committed 59160K, reserved 1101824K
  class space    used 6664K, capacity 6941K, committed 7040K, reserved 1048576K
}
Event: 11.918 GC heap before
{Heap before GC invocations=6 (full 3):
 PSYoungGen      total 611840K, used 34229K [0x00000000d5580000, 0x0000000100000000, 0x0000000100000000)
  eden space 524800K, 0% used [0x00000000d5580000,0x00000000d5580000,0x00000000f5600000)
  from space 87040K, 39% used [0x00000000f5600000,0x00000000f776d630,0x00000000fab00000)
  to   space 87040K, 0% used [0x00000000fab00000,0x00000000fab00000,0x0000000100000000)
 ParOldGen       total 1398272K, used 23580K [0x0000000080000000, 0x00000000d5580000, 0x00000000d5580000)
  object space 1398272K, 1% used [0x0000000080000000,0x0000000081707348,0x00000000d5580000)
 Metaspace       used 57626K, capacity 59002K, committed 59160K, reserved 1101824K
  class space    used 6664K, capacity 6941K, committed 7040K, reserved 1048576K
Event: 12.211 GC heap after
Heap after GC invocations=6 (full 3):
 PSYoungGen      total 611840K, used 0K [0x00000000d5580000, 0x0000000100000000, 0x0000000100000000)
  eden space 524800K, 0% used [0x00000000d5580000,0x00000000d5580000,0x00000000f5600000)
  from space 87040K, 0% used [0x00000000f5600000,0x00000000f5600000,0x00000000fab00000)
  to   space 87040K, 0% used [0x00000000fab00000,0x00000000fab00000,0x0000000100000000)
 ParOldGen       total 1398272K, used 44748K [0x0000000080000000, 0x00000000d5580000, 0x00000000d5580000)
  object space 1398272K, 3% used [0x0000000080000000,0x0000000082bb31b8,0x00000000d5580000)
 Metaspace       used 57586K, capacity 58910K, committed 59160K, reserved 1101824K
  class space    used 6650K, capacity 6917K, committed 7040K, reserved 1048576K
}

