# JRE version: OpenJDK Runtime Environment (8.0_212-b04) (build 1.8.0_212-b04)
# Java VM: OpenJDK 64-Bit Server VM (25.212-b04 mixed mode linux-amd64 compressed oops)
Heap:
 PSYoungGen      total 611840K, used 331251K [0x00000000d5580000, 0x0000000100000000, 0x0000000100000000)
  eden space 524800K, 63% used [0x00000000d5580000,0x00000000e98fcdc8,0x00000000f5600000)
  from space 87040K, 0% used [0x00000000fab00000,0x00000000fab00000,0x0000000100000000)
  to   space 87040K, 0% used [0x00000000f5600000,0x00000000f5600000,0x00000000fab00000)
 ParOldGen       total 1398272K, used 29065K [0x0000000080000000, 0x00000000d5580000, 0x00000000d5580000)
  object space 1398272K, 2% used [0x0000000080000000,0x0000000081c62760,0x00000000d5580000)
 Metaspace       used 65755K, capacity 68578K, committed 68736K, reserved 1110016K
  class space    used 7550K, capacity 8053K, committed 8064K, reserved 1048576K
GC Heap History (10 events):
Event: 5.147 GC heap before
{Heap before GC invocations=3 (full 1):
 PSYoungGen      total 611840K, used 470136K [0x00000000d5580000, 0x0000000100000000, 0x0000000100000000)
  eden space 524800K, 89% used [0x00000000d5580000,0x00000000f209e288,0x00000000f5600000)
  from space 87040K, 0% used [0x00000000f5600000,0x00000000f5600000,0x00000000fab00000)
  to   space 87040K, 0% used [0x00000000fab00000,0x00000000fab00000,0x0000000100000000)
 ParOldGen       total 848896K, used 14286K [0x0000000080000000, 0x00000000b3d00000, 0x00000000d5580000)
  object space 848896K, 1% used [0x0000000080000000,0x0000000080df38e0,0x00000000b3d00000)
 Metaspace       used 34747K, capacity 35124K, committed 35416K, reserved 1081344K
  class space    used 3967K, capacity 4092K, committed 4096K, reserved 1048576K
Event: 5.188 GC heap after
Heap after GC invocations=3 (full 1):
 PSYoungGen      total 611840K, used 19309K [0x00000000d5580000, 0x0000000100000000, 0x0000000100000000)
  eden space 524800K, 0% used [0x00000000d5580000,0x00000000d5580000,0x00000000f5600000)
  from space 87040K, 22% used [0x00000000fab00000,0x00000000fbddb400,0x0000000100000000)
  to   space 87040K, 0% used [0x00000000f5600000,0x00000000f5600000,0x00000000fab00000)
 ParOldGen       total 848896K, used 14294K [0x0000000080000000, 0x00000000b3d00000, 0x00000000d5580000)
  object space 848896K, 1% used [0x0000000080000000,0x0000000080df58e0,0x00000000b3d00000)
 Metaspace       used 34747K, capacity 35124K, committed 35416K, reserved 1081344K
  class space    used 3967K, capacity 4092K, committed 4096K, reserved 1048576K
}
Event: 5.188 GC heap before
{Heap before GC invocations=4 (full 2):
 PSYoungGen      total 611840K, used 19309K [0x00000000d5580000, 0x0000000100000000, 0x0000000100000000)
  eden space 524800K, 0% used [0x00000000d5580000,0x00000000d5580000,0x00000000f5600000)
  from space 87040K, 22% used [0x00000000fab00000,0x00000000fbddb400,0x0000000100000000)
  to   space 87040K, 0% used [0x00000000f5600000,0x00000000f5600000,0x00000000fab00000)
 ParOldGen       total 848896K, used 14294K [0x0000000080000000, 0x00000000b3d00000, 0x00000000d5580000)
  object space 848896K, 1% used [0x0000000080000000,0x0000000080df58e0,0x00000000b3d00000)
 Metaspace       used 34747K, capacity 35124K, committed 35416K, reserved 1081344K
  class space    used 3967K, capacity 4092K, committed 4096K, reserved 1048576K
Event: 5.325 GC heap after
Heap after GC invocations=4 (full 2):
 PSYoungGen      total 611840K, used 0K [0x00000000d5580000, 0x0000000100000000, 0x0000000100000000)
  eden space 524800K, 0% used [0x00000000d5580000,0x00000000d5580000,0x00000000f5600000)
  from space 87040K, 0% used [0x00000000fab00000,0x00000000fab00000,0x0000000100000000)
  to   space 87040K, 0% used [0x00000000f5600000,0x00000000f5600000,0x00000000fab00000)
 ParOldGen       total 1398272K, used 23790K [0x0000000080000000, 0x00000000d5580000, 0x00000000d5580000)
  object space 1398272K, 1% used [0x0000000080000000,0x000000008173bae8,0x00000000d5580000)
 Metaspace       used 34747K, capacity 35124K, committed 35416K, reserved 1081344K
  class space    used 3967K, capacity 4092K, committed 4096K, reserved 1048576K
}
Event: 11.766 GC heap before
{Heap before GC invocations=5 (full 2):
 PSYoungGen      total 611840K, used 524800K [0x00000000d5580000, 0x0000000100000000, 0x0000000100000000)
  eden space 524800K, 100% used [0x00000000d5580000,0x00000000f5600000,0x00000000f5600000)
  from space 87040K, 0% used [0x00000000fab00000,0x00000000fab00000,0x0000000100000000)
  to   space 87040K, 0% used [0x00000000f5600000,0x00000000f5600000,0x00000000fab00000)
 ParOldGen       total 1398272K, used 23790K [0x0000000080000000, 0x00000000d5580000, 0x00000000d5580000)
  object space 1398272K, 1% used [0x0000000080000000,0x000000008173bae8,0x00000000d5580000)
 Metaspace       used 52330K, capacity 53630K, committed 53888K, reserved 1097728K
  class space    used 6154K, capacity 6413K, committed 6528K, reserved 1048576K
Event: 11.826 GC heap after
Heap after GC invocations=5 (full 2):
 PSYoungGen      total 611840K, used 25601K [0x00000000d5580000, 0x0000000100000000, 0x0000000100000000)
  eden space 524800K, 0% used [0x00000000d5580000,0x00000000d5580000,0x00000000f5600000)
  from space 87040K, 29% used [0x00000000f5600000,0x00000000f6f004a0,0x00000000fab00000)
  to   space 87040K, 0% used [0x00000000fab00000,0x00000000fab00000,0x0000000100000000)
 ParOldGen       total 1398272K, used 23798K [0x0000000080000000, 0x00000000d5580000, 0x00000000d5580000)
  object space 1398272K, 1% used [0x0000000080000000,0x000000008173dae8,0x00000000d5580000)
 Metaspace       used 52330K, capacity 53630K, committed 53888K, reserved 1097728K
  class space    used 6154K, capacity 6413K, committed 6528K, reserved 1048576K
}
Event: 12.564 GC heap before
{Heap before GC invocations=6 (full 2):
 PSYoungGen      total 611840K, used 181801K [0x00000000d5580000, 0x0000000100000000, 0x0000000100000000)
  eden space 524800K, 29% used [0x00000000d5580000,0x00000000dee0a180,0x00000000f5600000)
  from space 87040K, 29% used [0x00000000f5600000,0x00000000f6f004a0,0x00000000fab00000)
  to   space 87040K, 0% used [0x00000000fab00000,0x00000000fab00000,0x0000000100000000)
 ParOldGen       total 1398272K, used 23798K [0x0000000080000000, 0x00000000d5580000, 0x00000000d5580000)
  object space 1398272K, 1% used [0x0000000080000000,0x000000008173dae8,0x00000000d5580000)
 Metaspace       used 57504K, capacity 58868K, committed 59008K, reserved 1101824K
  class space    used 6677K, capacity 6958K, committed 7040K, reserved 1048576K
Event: 12.593 GC heap after
Heap after GC invocations=6 (full 2):
 PSYoungGen      total 611840K, used 17152K [0x00000000d5580000, 0x0000000100000000, 0x0000000100000000)
  eden space 524800K, 0% used [0x00000000d5580000,0x00000000d5580000,0x00000000f5600000)
  from space 87040K, 19% used [0x00000000fab00000,0x00000000fbbc00d8,0x0000000100000000)
  to   space 87040K, 0% used [0x00000000f5600000,0x00000000f5600000,0x00000000fab00000)
 ParOldGen       total 1398272K, used 23806K [0x0000000080000000, 0x00000000d5580000, 0x00000000d5580000)
  object space 1398272K, 1% used [0x0000000080000000,0x000000008173fae8,0x00000000d5580000)
 Metaspace       used 57504K, capacity 58868K, committed 59008K, reserved 1101824K
  class space    used 6677K, capacity 6958K, committed 7040K, reserved 1048576K
}
Event: 12.593 GC heap before
{Heap before GC invocations=7 (full 3):
 PSYoungGen      total 611840K, used 17152K [0x00000000d5580000, 0x0000000100000000, 0x0000000100000000)
  eden space 524800K, 0% used [0x00000000d5580000,0x00000000d5580000,0x00000000f5600000)
  from space 87040K, 19% used [0x00000000fab00000,0x00000000fbbc00d8,0x0000000100000000)
  to   space 87040K, 0% used [0x00000000f5600000,0x00000000f5600000,0x00000000fab00000)
 ParOldGen       total 1398272K, used 23806K [0x0000000080000000, 0x00000000d5580000, 0x00000000d5580000)
  object space 1398272K, 1% used [0x0000000080000000,0x000000008173fae8,0x00000000d5580000)
 Metaspace       used 57504K, capacity 58868K, committed 59008K, reserved 1101824K
  class space    used 6677K, capacity 6958K, committed 7040K, reserved 1048576K
Event: 12.858 GC heap after
Heap after GC invocations=7 (full 3):
 PSYoungGen      total 611840K, used 0K [0x00000000d5580000, 0x0000000100000000, 0x0000000100000000)
  eden space 524800K, 0% used [0x00000000d5580000,0x00000000d5580000,0x00000000f5600000)
  from space 87040K, 0% used [0x00000000fab00000,0x00000000fab00000,0x0000000100000000)
  to   space 87040K, 0% used [0x00000000f5600000,0x00000000f5600000,0x00000000fab00000)
 ParOldGen       total 1398272K, used 29065K [0x0000000080000000, 0x00000000d5580000, 0x00000000d5580000)
  object space 1398272K, 2% used [0x0000000080000000,0x0000000081c62760,0x00000000d5580000)
 Metaspace       used 57479K, capacity 58808K, committed 59008K, reserved 1101824K
  class space    used 6668K, capacity 6942K, committed 7040K, reserved 1048576K
}

