# JRE version: OpenJDK Runtime Environment (8.0_212-b04) (build 1.8.0_212-b04)
# Java VM: OpenJDK 64-Bit Server VM (25.212-b04 mixed mode linux-amd64 compressed oops)
Heap:
 PSYoungGen      total 611840K, used 234696K [0x00000000d5580000, 0x0000000100000000, 0x0000000100000000)
  eden space 524800K, 44% used [0x00000000d5580000,0x00000000e3ab23f0,0x00000000f5600000)
  from space 87040K, 0% used [0x00000000f5600000,0x00000000f5600000,0x00000000fab00000)
  to   space 87040K, 0% used [0x00000000fab00000,0x00000000fab00000,0x0000000100000000)
 ParOldGen       total 1398272K, used 45191K [0x0000000080000000, 0x00000000d5580000, 0x00000000d5580000)
  object space 1398272K, 3% used [0x0000000080000000,0x0000000082c21f90,0x00000000d5580000)
 Metaspace       used 64929K, capacity 69350K, committed 69504K, reserved 1110016K
  class space    used 7704K, capacity 8477K, committed 8576K, reserved 1048576K
GC Heap History (10 events):
Event: 1.988 GC heap before
{Heap before GC invocations=2 (full 1):
 PSYoungGen      total 611840K, used 14316K [0x00000000d5580000, 0x0000000100000000, 0x0000000100000000)
  eden space 524800K, 0% used [0x00000000d5580000,0x00000000d5580000,0x00000000f5600000)
  from space 87040K, 16% used [0x00000000f5600000,0x00000000f63fb3f8,0x00000000fab00000)
  to   space 87040K, 0% used [0x00000000fab00000,0x00000000fab00000,0x0000000100000000)
 ParOldGen       total 1398272K, used 80K [0x0000000080000000, 0x00000000d5580000, 0x00000000d5580000)
  object space 1398272K, 0% used [0x0000000080000000,0x0000000080014010,0x00000000d5580000)
 Metaspace       used 20822K, capacity 21106K, committed 21248K, reserved 1069056K
  class space    used 2371K, capacity 2482K, committed 2560K, reserved 1048576K
Event: 2.043 GC heap after
Heap after GC invocations=2 (full 1):
 PSYoungGen      total 611840K, used 0K [0x00000000d5580000, 0x0000000100000000, 0x0000000100000000)
  eden space 524800K, 0% used [0x00000000d5580000,0x00000000d5580000,0x00000000f5600000)
  from space 87040K, 0% used [0x00000000f5600000,0x00000000f5600000,0x00000000fab00000)
  to   space 87040K, 0% used [0x00000000fab00000,0x00000000fab00000,0x0000000100000000)
 ParOldGen       total 853504K, used 13777K [0x0000000080000000, 0x00000000b4180000, 0x00000000d5580000)
  object space 853504K, 1% used [0x0000000080000000,0x0000000080d74688,0x00000000b4180000)
 Metaspace       used 20822K, capacity 21106K, committed 21248K, reserved 1069056K
  class space    used 2371K, capacity 2482K, committed 2560K, reserved 1048576K
}
Event: 4.152 GC heap before
{Heap before GC invocations=3 (full 1):
 PSYoungGen      total 611840K, used 424114K [0x00000000d5580000, 0x0000000100000000, 0x0000000100000000)
  eden space 524800K, 80% used [0x00000000d5580000,0x00000000ef3ac978,0x00000000f5600000)
  from space 87040K, 0% used [0x00000000f5600000,0x00000000f5600000,0x00000000fab00000)
  to   space 87040K, 0% used [0x00000000fab00000,0x00000000fab00000,0x0000000100000000)
 ParOldGen       total 853504K, used 13777K [0x0000000080000000, 0x00000000b4180000, 0x00000000d5580000)
  object space 853504K, 1% used [0x0000000080000000,0x0000000080d74688,0x00000000b4180000)
 Metaspace       used 34813K, capacity 35182K, committed 35416K, reserved 1081344K
  class space    used 3973K, capacity 4091K, committed 4096K, reserved 1048576K
Event: 4.183 GC heap after
Heap after GC invocations=3 (full 1):
 PSYoungGen      total 611840K, used 19230K [0x00000000d5580000, 0x0000000100000000, 0x0000000100000000)
  eden space 524800K, 0% used [0x00000000d5580000,0x00000000d5580000,0x00000000f5600000)
  from space 87040K, 22% used [0x00000000fab00000,0x00000000fbdc7af8,0x0000000100000000)
  to   space 87040K, 0% used [0x00000000f5600000,0x00000000f5600000,0x00000000fab00000)
 ParOldGen       total 853504K, used 13785K [0x0000000080000000, 0x00000000b4180000, 0x00000000d5580000)
  object space 853504K, 1% used [0x0000000080000000,0x0000000080d76688,0x00000000b4180000)
 Metaspace       used 34813K, capacity 35182K, committed 35416K, reserved 1081344K
  class space    used 3973K, capacity 4091K, committed 4096K, reserved 1048576K
}
Event: 4.183 GC heap before
{Heap before GC invocations=4 (full 2):
 PSYoungGen      total 611840K, used 19230K [0x00000000d5580000, 0x0000000100000000, 0x0000000100000000)
  eden space 524800K, 0% used [0x00000000d5580000,0x00000000d5580000,0x00000000f5600000)
  from space 87040K, 22% used [0x00000000fab00000,0x00000000fbdc7af8,0x0000000100000000)
  to   space 87040K, 0% used [0x00000000f5600000,0x00000000f5600000,0x00000000fab00000)
 ParOldGen       total 853504K, used 13785K [0x0000000080000000, 0x00000000b4180000, 0x00000000d5580000)
  object space 853504K, 1% used [0x0000000080000000,0x0000000080d76688,0x00000000b4180000)
 Metaspace       used 34813K, capacity 35182K, committed 35416K, reserved 1081344K
  class space    used 3973K, capacity 4091K, committed 4096K, reserved 1048576K
Event: 4.260 GC heap after
Heap after GC invocations=4 (full 2):
 PSYoungGen      total 611840K, used 0K [0x00000000d5580000, 0x0000000100000000, 0x0000000100000000)
  eden space 524800K, 0% used [0x00000000d5580000,0x00000000d5580000,0x00000000f5600000)
  from space 87040K, 0% used [0x00000000fab00000,0x00000000fab00000,0x0000000100000000)
  to   space 87040K, 0% used [0x00000000f5600000,0x00000000f5600000,0x00000000fab00000)
 ParOldGen       total 1398272K, used 23632K [0x0000000080000000, 0x00000000d5580000, 0x00000000d5580000)
  object space 1398272K, 1% used [0x0000000080000000,0x00000000817140a8,0x00000000d5580000)
 Metaspace       used 34813K, capacity 35182K, committed 35416K, reserved 1081344K
  class space    used 3973K, capacity 4091K, committed 4096K, reserved 1048576K
}
Event: 10.912 GC heap before
{Heap before GC invocations=5 (full 2):
 PSYoungGen      total 611840K, used 455046K [0x00000000d5580000, 0x0000000100000000, 0x0000000100000000)
  eden space 524800K, 86% used [0x00000000d5580000,0x00000000f11e1990,0x00000000f5600000)
  from space 87040K, 0% used [0x00000000fab00000,0x00000000fab00000,0x0000000100000000)
  to   space 87040K, 0% used [0x00000000f5600000,0x00000000f5600000,0x00000000fab00000)
 ParOldGen       total 1398272K, used 23632K [0x0000000080000000, 0x00000000d5580000, 0x00000000d5580000)
  object space 1398272K, 1% used [0x0000000080000000,0x00000000817140a8,0x00000000d5580000)
 Metaspace       used 57386K, capacity 58930K, committed 59008K, reserved 1101824K
  class space    used 6670K, capacity 6967K, committed 7040K, reserved 1048576K
Event: 10.970 GC heap after
Heap after GC invocations=5 (full 2):
 PSYoungGen      total 611840K, used 34702K [0x00000000d5580000, 0x0000000100000000, 0x0000000100000000)
  eden space 524800K, 0% used [0x00000000d5580000,0x00000000d5580000,0x00000000f5600000)
  from space 87040K, 39% used [0x00000000f5600000,0x00000000f77e3b08,0x00000000fab00000)
  to   space 87040K, 0% used [0x00000000fab00000,0x00000000fab00000,0x0000000100000000)
 ParOldGen       total 1398272K, used 23640K [0x0000000080000000, 0x00000000d5580000, 0x00000000d5580000)
  object space 1398272K, 1% used [0x0000000080000000,0x00000000817160a8,0x00000000d5580000)
 Metaspace       used 57386K, capacity 58930K, committed 59008K, reserved 1101824K
  class space    used 6670K, capacity 6967K, committed 7040K, reserved 1048576K
}
Event: 10.970 GC heap before
{Heap before GC invocations=6 (full 3):
 PSYoungGen      total 611840K, used 34702K [0x00000000d5580000, 0x0000000100000000, 0x0000000100000000)
  eden space 524800K, 0% used [0x00000000d5580000,0x00000000d5580000,0x00000000f5600000)
  from space 87040K, 39% used [0x00000000f5600000,0x00000000f77e3b08,0x00000000fab00000)
  to   space 87040K, 0% used [0x00000000fab00000,0x00000000fab00000,0x0000000100000000)
 ParOldGen       total 1398272K, used 23640K [0x0000000080000000, 0x00000000d5580000, 0x00000000d5580000)
  object space 1398272K, 1% used [0x0000000080000000,0x00000000817160a8,0x00000000d5580000)
 Metaspace       used 57386K, capacity 58930K, committed 59008K, reserved 1101824K
  class space    used 6670K, capacity 6967K, committed 7040K, reserved 1048576K
Event: 11.176 GC heap after
Heap after GC invocations=6 (full 3):
 PSYoungGen      total 611840K, used 0K [0x00000000d5580000, 0x0000000100000000, 0x0000000100000000)
  eden space 524800K, 0% used [0x00000000d5580000,0x00000000d5580000,0x00000000f5600000)
  from space 87040K, 0% used [0x00000000f5600000,0x00000000f5600000,0x00000000fab00000)
  to   space 87040K, 0% used [0x00000000fab00000,0x00000000fab00000,0x0000000100000000)
 ParOldGen       total 1398272K, used 45191K [0x0000000080000000, 0x00000000d5580000, 0x00000000d5580000)
  object space 1398272K, 3% used [0x0000000080000000,0x0000000082c21f90,0x00000000d5580000)
 Metaspace       used 57244K, capacity 58590K, committed 59008K, reserved 1101824K
  class space    used 6630K, capacity 6895K, committed 7040K, reserved 1048576K
}

