# JRE version: OpenJDK Runtime Environment (8.0_212-b04) (build 1.8.0_212-b04)
# Java VM: OpenJDK 64-Bit Server VM (25.212-b04 mixed mode linux-amd64 compressed oops)
Heap:
 PSYoungGen      total 611840K, used 337264K [0x00000000d5580000, 0x0000000100000000, 0x0000000100000000)
  eden space 524800K, 64% used [0x00000000d5580000,0x00000000e9edc0b8,0x00000000f5600000)
  from space 87040K, 0% used [0x00000000fab00000,0x00000000fab00000,0x0000000100000000)
  to   space 87040K, 0% used [0x00000000f5600000,0x00000000f5600000,0x00000000fab00000)
 ParOldGen       total 1398272K, used 32319K [0x0000000080000000, 0x00000000d5580000, 0x00000000d5580000)
  object space 1398272K, 2% used [0x0000000080000000,0x0000000081f8fd90,0x00000000d5580000)
 Metaspace       used 65496K, capacity 68403K, committed 68480K, reserved 1110016K
  class space    used 7551K, capacity 8060K, committed 8064K, reserved 1048576K
GC Heap History (10 events):
Event: 4.176 GC heap before
{Heap before GC invocations=3 (full 1):
 PSYoungGen      total 611840K, used 477854K [0x00000000d5580000, 0x0000000100000000, 0x0000000100000000)
  eden space 524800K, 91% used [0x00000000d5580000,0x00000000f28279a8,0x00000000f5600000)
  from space 87040K, 0% used [0x00000000f5600000,0x00000000f5600000,0x00000000fab00000)
  to   space 87040K, 0% used [0x00000000fab00000,0x00000000fab00000,0x0000000100000000)
 ParOldGen       total 872448K, used 14248K [0x0000000080000000, 0x00000000b5400000, 0x00000000d5580000)
  object space 872448K, 1% used [0x0000000080000000,0x0000000080dea030,0x00000000b5400000)
 Metaspace       used 34721K, capacity 35086K, committed 35416K, reserved 1081344K
  class space    used 3962K, capacity 4059K, committed 4096K, reserved 1048576K
Event: 4.207 GC heap after
Heap after GC invocations=3 (full 1):
 PSYoungGen      total 611840K, used 19001K [0x00000000d5580000, 0x0000000100000000, 0x0000000100000000)
  eden space 524800K, 0% used [0x00000000d5580000,0x00000000d5580000,0x00000000f5600000)
  from space 87040K, 21% used [0x00000000fab00000,0x00000000fbd8e740,0x0000000100000000)
  to   space 87040K, 0% used [0x00000000f5600000,0x00000000f5600000,0x00000000fab00000)
 ParOldGen       total 872448K, used 14248K [0x0000000080000000, 0x00000000b5400000, 0x00000000d5580000)
  object space 872448K, 1% used [0x0000000080000000,0x0000000080dea030,0x00000000b5400000)
 Metaspace       used 34721K, capacity 35086K, committed 35416K, reserved 1081344K
  class space    used 3962K, capacity 4059K, committed 4096K, reserved 1048576K
}
Event: 4.207 GC heap before
{Heap before GC invocations=4 (full 2):
 PSYoungGen      total 611840K, used 19001K [0x00000000d5580000, 0x0000000100000000, 0x0000000100000000)
  eden space 524800K, 0% used [0x00000000d5580000,0x00000000d5580000,0x00000000f5600000)
  from space 87040K, 21% used [0x00000000fab00000,0x00000000fbd8e740,0x0000000100000000)
  to   space 87040K, 0% used [0x00000000f5600000,0x00000000f5600000,0x00000000fab00000)
 ParOldGen       total 872448K, used 14248K [0x0000000080000000, 0x00000000b5400000, 0x00000000d5580000)
  object space 872448K, 1% used [0x0000000080000000,0x0000000080dea030,0x00000000b5400000)
 Metaspace       used 34721K, capacity 35086K, committed 35416K, reserved 1081344K
  class space    used 3962K, capacity 4059K, committed 4096K, reserved 1048576K
Event: 4.293 GC heap after
Heap after GC invocations=4 (full 2):
 PSYoungGen      total 611840K, used 0K [0x00000000d5580000, 0x0000000100000000, 0x0000000100000000)
  eden space 524800K, 0% used [0x00000000d5580000,0x00000000d5580000,0x00000000f5600000)
  from space 87040K, 0% used [0x00000000fab00000,0x00000000fab00000,0x0000000100000000)
  to   space 87040K, 0% used [0x00000000f5600000,0x00000000f5600000,0x00000000fab00000)
 ParOldGen       total 1398272K, used 23538K [0x0000000080000000, 0x00000000d5580000, 0x00000000d5580000)
  object space 1398272K, 1% used [0x0000000080000000,0x00000000816fcbf0,0x00000000d5580000)
 Metaspace       used 34721K, capacity 35086K, committed 35416K, reserved 1081344K
  class space    used 3962K, capacity 4059K, committed 4096K, reserved 1048576K
}
Event: 10.414 GC heap before
{Heap before GC invocations=5 (full 2):
 PSYoungGen      total 611840K, used 524800K [0x00000000d5580000, 0x0000000100000000, 0x0000000100000000)
  eden space 524800K, 100% used [0x00000000d5580000,0x00000000f5600000,0x00000000f5600000)
  from space 87040K, 0% used [0x00000000fab00000,0x00000000fab00000,0x0000000100000000)
  to   space 87040K, 0% used [0x00000000f5600000,0x00000000f5600000,0x00000000fab00000)
 ParOldGen       total 1398272K, used 23538K [0x0000000080000000, 0x00000000d5580000, 0x00000000d5580000)
  object space 1398272K, 1% used [0x0000000080000000,0x00000000816fcbf0,0x00000000d5580000)
 Metaspace       used 51375K, capacity 52652K, committed 52736K, reserved 1095680K
  class space    used 6060K, capacity 6320K, committed 6400K, reserved 1048576K
Event: 10.470 GC heap after
Heap after GC invocations=5 (full 2):
 PSYoungGen      total 611840K, used 25911K [0x00000000d5580000, 0x0000000100000000, 0x0000000100000000)
  eden space 524800K, 0% used [0x00000000d5580000,0x00000000d5580000,0x00000000f5600000)
  from space 87040K, 29% used [0x00000000f5600000,0x00000000f6f4df90,0x00000000fab00000)
  to   space 87040K, 0% used [0x00000000fab00000,0x00000000fab00000,0x0000000100000000)
 ParOldGen       total 1398272K, used 23546K [0x0000000080000000, 0x00000000d5580000, 0x00000000d5580000)
  object space 1398272K, 1% used [0x0000000080000000,0x00000000816febf0,0x00000000d5580000)
 Metaspace       used 51375K, capacity 52652K, committed 52736K, reserved 1095680K
  class space    used 6060K, capacity 6320K, committed 6400K, reserved 1048576K
}
Event: 11.153 GC heap before
{Heap before GC invocations=6 (full 2):
 PSYoungGen      total 611840K, used 205241K [0x00000000d5580000, 0x0000000100000000, 0x0000000100000000)
  eden space 524800K, 34% used [0x00000000d5580000,0x00000000e04a04c8,0x00000000f5600000)
  from space 87040K, 29% used [0x00000000f5600000,0x00000000f6f4df90,0x00000000fab00000)
  to   space 87040K, 0% used [0x00000000fab00000,0x00000000fab00000,0x0000000100000000)
 ParOldGen       total 1398272K, used 23546K [0x0000000080000000, 0x00000000d5580000, 0x00000000d5580000)
  object space 1398272K, 1% used [0x0000000080000000,0x00000000816febf0,0x00000000d5580000)
 Metaspace       used 57447K, capacity 58805K, committed 59028K, reserved 1101824K
  class space    used 6647K, capacity 6912K, committed 6912K, reserved 1048576K
Event: 11.184 GC heap after
Heap after GC invocations=6 (full 2):
 PSYoungGen      total 611840K, used 20811K [0x00000000d5580000, 0x0000000100000000, 0x0000000100000000)
  eden space 524800K, 0% used [0x00000000d5580000,0x00000000d5580000,0x00000000f5600000)
  from space 87040K, 23% used [0x00000000fab00000,0x00000000fbf52c90,0x0000000100000000)
  to   space 87040K, 0% used [0x00000000f5600000,0x00000000f5600000,0x00000000fab00000)
 ParOldGen       total 1398272K, used 23554K [0x0000000080000000, 0x00000000d5580000, 0x00000000d5580000)
  object space 1398272K, 1% used [0x0000000080000000,0x0000000081700bf0,0x00000000d5580000)
 Metaspace       used 57447K, capacity 58805K, committed 59028K, reserved 1101824K
  class space    used 6647K, capacity 6912K, committed 6912K, reserved 1048576K
}
Event: 11.185 GC heap before
{Heap before GC invocations=7 (full 3):
 PSYoungGen      total 611840K, used 20811K [0x00000000d5580000, 0x0000000100000000, 0x0000000100000000)
  eden space 524800K, 0% used [0x00000000d5580000,0x00000000d5580000,0x00000000f5600000)
  from space 87040K, 23% used [0x00000000fab00000,0x00000000fbf52c90,0x0000000100000000)
  to   space 87040K, 0% used [0x00000000f5600000,0x00000000f5600000,0x00000000fab00000)
 ParOldGen       total 1398272K, used 23554K [0x0000000080000000, 0x00000000d5580000, 0x00000000d5580000)
  object space 1398272K, 1% used [0x0000000080000000,0x0000000081700bf0,0x00000000d5580000)
 Metaspace       used 57447K, capacity 58805K, committed 59028K, reserved 1101824K
  class space    used 6647K, capacity 6912K, committed 6912K, reserved 1048576K
Event: 11.415 GC heap after
Heap after GC invocations=7 (full 3):
 PSYoungGen      total 611840K, used 0K [0x00000000d5580000, 0x0000000100000000, 0x0000000100000000)
  eden space 524800K, 0% used [0x00000000d5580000,0x00000000d5580000,0x00000000f5600000)
  from space 87040K, 0% used [0x00000000fab00000,0x00000000fab00000,0x0000000100000000)
  to   space 87040K, 0% used [0x00000000f5600000,0x00000000f5600000,0x00000000fab00000)
 ParOldGen       total 1398272K, used 32319K [0x0000000080000000, 0x00000000d5580000, 0x00000000d5580000)
  object space 1398272K, 2% used [0x0000000080000000,0x0000000081f8fd90,0x00000000d5580000)
 Metaspace       used 57420K, capacity 58745K, committed 59028K, reserved 1101824K
  class space    used 6639K, capacity 6898K, committed 6912K, reserved 1048576K
}

