# JRE version: OpenJDK Runtime Environment (8.0_212-b04) (build 1.8.0_212-b04)
# Java VM: OpenJDK 64-Bit Server VM (25.212-b04 mixed mode linux-amd64 compressed oops)
Heap:
 PSYoungGen      total 611840K, used 209957K [0x00000000d5580000, 0x0000000100000000, 0x0000000100000000)
  eden space 524800K, 40% used [0x00000000d5580000,0x00000000e22895c0,0x00000000f5600000)
  from space 87040K, 0% used [0x00000000f5600000,0x00000000f5600000,0x00000000fab00000)
  to   space 87040K, 0% used [0x00000000fab00000,0x00000000fab00000,0x0000000100000000)
 ParOldGen       total 1398272K, used 37877K [0x0000000080000000, 0x00000000d5580000, 0x00000000d5580000)
  object space 1398272K, 2% used [0x0000000080000000,0x00000000824fd560,0x00000000d5580000)
 Metaspace       used 63539K, capacity 65714K, committed 65920K, reserved 1107968K
  class space    used 7374K, capacity 7783K, committed 7808K, reserved 1048576K
GC Heap History (10 events):
Event: 2.398 GC heap before
{Heap before GC invocations=2 (full 1):
 PSYoungGen      total 611840K, used 14332K [0x00000000d5580000, 0x0000000100000000, 0x0000000100000000)
  eden space 524800K, 0% used [0x00000000d5580000,0x00000000d5580000,0x00000000f5600000)
  from space 87040K, 16% used [0x00000000f5600000,0x00000000f63ff180,0x00000000fab00000)
  to   space 87040K, 0% used [0x00000000fab00000,0x00000000fab00000,0x0000000100000000)
 ParOldGen       total 1398272K, used 80K [0x0000000080000000, 0x00000000d5580000, 0x00000000d5580000)
  object space 1398272K, 0% used [0x0000000080000000,0x0000000080014010,0x00000000d5580000)
 Metaspace       used 20848K, capacity 21106K, committed 21248K, reserved 1069056K
  class space    used 2369K, capacity 2482K, committed 2560K, reserved 1048576K
Event: 2.464 GC heap after
Heap after GC invocations=2 (full 1):
 PSYoungGen      total 611840K, used 0K [0x00000000d5580000, 0x0000000100000000, 0x0000000100000000)
  eden space 524800K, 0% used [0x00000000d5580000,0x00000000d5580000,0x00000000f5600000)
  from space 87040K, 0% used [0x00000000f5600000,0x00000000f5600000,0x00000000fab00000)
  to   space 87040K, 0% used [0x00000000fab00000,0x00000000fab00000,0x0000000100000000)
 ParOldGen       total 871424K, used 13770K [0x0000000080000000, 0x00000000b5300000, 0x00000000d5580000)
  object space 871424K, 1% used [0x0000000080000000,0x0000000080d72bb0,0x00000000b5300000)
 Metaspace       used 20848K, capacity 21106K, committed 21248K, reserved 1069056K
  class space    used 2369K, capacity 2482K, committed 2560K, reserved 1048576K
}
Event: 5.037 GC heap before
{Heap before GC invocations=3 (full 1):
 PSYoungGen      total 611840K, used 434996K [0x00000000d5580000, 0x0000000100000000, 0x0000000100000000)
  eden space 524800K, 82% used [0x00000000d5580000,0x00000000efe4d2e8,0x00000000f5600000)
  from space 87040K, 0% used [0x00000000f5600000,0x00000000f5600000,0x00000000fab00000)
  to   space 87040K, 0% used [0x00000000fab00000,0x00000000fab00000,0x0000000100000000)
 ParOldGen       total 871424K, used 13770K [0x0000000080000000, 0x00000000b5300000, 0x00000000d5580000)
  object space 871424K, 1% used [0x0000000080000000,0x0000000080d72bb0,0x00000000b5300000)
 Metaspace       used 34825K, capacity 35182K, committed 35416K, reserved 1081344K
  class space    used 3973K, capacity 4091K, committed 4096K, reserved 1048576K
Event: 5.078 GC heap after
Heap after GC invocations=3 (full 1):
 PSYoungGen      total 611840K, used 19170K [0x00000000d5580000, 0x0000000100000000, 0x0000000100000000)
  eden space 524800K, 0% used [0x00000000d5580000,0x00000000d5580000,0x00000000f5600000)
  from space 87040K, 22% used [0x00000000fab00000,0x00000000fbdb8860,0x0000000100000000)
  to   space 87040K, 0% used [0x00000000f5600000,0x00000000f5600000,0x00000000fab00000)
 ParOldGen       total 871424K, used 13770K [0x0000000080000000, 0x00000000b5300000, 0x00000000d5580000)
  object space 871424K, 1% used [0x0000000080000000,0x0000000080d72bb0,0x00000000b5300000)
 Metaspace       used 34825K, capacity 35182K, committed 35416K, reserved 1081344K
  class space    used 3973K, capacity 4091K, committed 4096K, reserved 1048576K
}
Event: 5.078 GC heap before
{Heap before GC invocations=4 (full 2):
 PSYoungGen      total 611840K, used 19170K [0x00000000d5580000, 0x0000000100000000, 0x0000000100000000)
  eden space 524800K, 0% used [0x00000000d5580000,0x00000000d5580000,0x00000000f5600000)
  from space 87040K, 22% used [0x00000000fab00000,0x00000000fbdb8860,0x0000000100000000)
  to   space 87040K, 0% used [0x00000000f5600000,0x00000000f5600000,0x00000000fab00000)
 ParOldGen       total 871424K, used 13770K [0x0000000080000000, 0x00000000b5300000, 0x00000000d5580000)
  object space 871424K, 1% used [0x0000000080000000,0x0000000080d72bb0,0x00000000b5300000)
 Metaspace       used 34825K, capacity 35182K, committed 35416K, reserved 1081344K
  class space    used 3973K, capacity 4091K, committed 4096K, reserved 1048576K
Event: 5.165 GC heap after
Heap after GC invocations=4 (full 2):
 PSYoungGen      total 611840K, used 0K [0x00000000d5580000, 0x0000000100000000, 0x0000000100000000)
  eden space 524800K, 0% used [0x00000000d5580000,0x00000000d5580000,0x00000000f5600000)
  from space 87040K, 0% used [0x00000000fab00000,0x00000000fab00000,0x0000000100000000)
  to   space 87040K, 0% used [0x00000000f5600000,0x00000000f5600000,0x00000000fab00000)
 ParOldGen       total 1398272K, used 23547K [0x0000000080000000, 0x00000000d5580000, 0x00000000d5580000)
  object space 1398272K, 1% used [0x0000000080000000,0x00000000816feda8,0x00000000d5580000)
 Metaspace       used 34825K, capacity 35182K, committed 35416K, reserved 1081344K
  class space    used 3973K, capacity 4091K, committed 4096K, reserved 1048576K
}
Event: 11.771 GC heap before
{Heap before GC invocations=5 (full 2):
 PSYoungGen      total 611840K, used 314231K [0x00000000d5580000, 0x0000000100000000, 0x0000000100000000)
  eden space 524800K, 59% used [0x00000000d5580000,0x00000000e885dff8,0x00000000f5600000)
  from space 87040K, 0% used [0x00000000fab00000,0x00000000fab00000,0x0000000100000000)
  to   space 87040K, 0% used [0x00000000f5600000,0x00000000f5600000,0x00000000fab00000)
 ParOldGen       total 1398272K, used 23547K [0x0000000080000000, 0x00000000d5580000, 0x00000000d5580000)
  object space 1398272K, 1% used [0x0000000080000000,0x00000000816feda8,0x00000000d5580000)
 Metaspace       used 57515K, capacity 58862K, committed 59008K, reserved 1101824K
  class space    used 6687K, capacity 6965K, committed 7040K, reserved 1048576K
Event: 11.806 GC heap after
Heap after GC invocations=5 (full 2):
 PSYoungGen      total 611840K, used 27232K [0x00000000d5580000, 0x0000000100000000, 0x0000000100000000)
  eden space 524800K, 0% used [0x00000000d5580000,0x00000000d5580000,0x00000000f5600000)
  from space 87040K, 31% used [0x00000000f5600000,0x00000000f7098338,0x00000000fab00000)
  to   space 87040K, 0% used [0x00000000fab00000,0x00000000fab00000,0x0000000100000000)
 ParOldGen       total 1398272K, used 23555K [0x0000000080000000, 0x00000000d5580000, 0x00000000d5580000)
  object space 1398272K, 1% used [0x0000000080000000,0x0000000081700da8,0x00000000d5580000)
 Metaspace       used 57515K, capacity 58862K, committed 59008K, reserved 1101824K
  class space    used 6687K, capacity 6965K, committed 7040K, reserved 1048576K
}
Event: 11.806 GC heap before
{Heap before GC invocations=6 (full 3):
 PSYoungGen      total 611840K, used 27232K [0x00000000d5580000, 0x0000000100000000, 0x0000000100000000)
  eden space 524800K, 0% used [0x00000000d5580000,0x00000000d5580000,0x00000000f5600000)
  from space 87040K, 31% used [0x00000000f5600000,0x00000000f7098338,0x00000000fab00000)
  to   space 87040K, 0% used [0x00000000fab00000,0x00000000fab00000,0x0000000100000000)
 ParOldGen       total 1398272K, used 23555K [0x0000000080000000, 0x00000000d5580000, 0x00000000d5580000)
  object space 1398272K, 1% used [0x0000000080000000,0x0000000081700da8,0x00000000d5580000)
 Metaspace       used 57515K, capacity 58862K, committed 59008K, reserved 1101824K
  class space    used 6687K, capacity 6965K, committed 7040K, reserved 1048576K
Event: 11.989 GC heap after
Heap after GC invocations=6 (full 3):
 PSYoungGen      total 611840K, used 0K [0x00000000d5580000, 0x0000000100000000, 0x0000000100000000)
  eden space 524800K, 0% used [0x00000000d5580000,0x00000000d5580000,0x00000000f5600000)
  from space 87040K, 0% used [0x00000000f5600000,0x00000000f5600000,0x00000000fab00000)
  to   space 87040K, 0% used [0x00000000fab00000,0x00000000fab00000,0x0000000100000000)
 ParOldGen       total 1398272K, used 37877K [0x0000000080000000, 0x00000000d5580000, 0x00000000d5580000)
  object space 1398272K, 2% used [0x0000000080000000,0x00000000824fd560,0x00000000d5580000)
 Metaspace       used 57511K, capacity 58852K, committed 59008K, reserved 1101824K
  class space    used 6686K, capacity 6962K, committed 7040K, reserved 1048576K
}

