# JRE version: OpenJDK Runtime Environment (8.0_212-b04) (build 1.8.0_212-b04)
# Java VM: OpenJDK 64-Bit Server VM (25.212-b04 mixed mode linux-amd64 compressed oops)
Heap:
 PSYoungGen      total 578560K, used 437738K [0x00000000d5580000, 0x0000000100000000, 0x0000000100000000)
  eden space 546816K, 80% used [0x00000000d5580000,0x00000000f00fa878,0x00000000f6b80000)
  from space 31744K, 0% used [0x00000000f8c80000,0x00000000f8c80000,0x00000000fab80000)
  to   space 33792K, 0% used [0x00000000f6b80000,0x00000000f6b80000,0x00000000f8c80000)
 ParOldGen       total 1398272K, used 548074K [0x0000000080000000, 0x00000000d5580000, 0x00000000d5580000)
  object space 1398272K, 39% used [0x0000000080000000,0x00000000a173a930,0x00000000d5580000)
 Metaspace       used 65353K, capacity 67826K, committed 68096K, reserved 1110016K
  class space    used 7428K, capacity 7869K, committed 7936K, reserved 1048576K
GC Heap History (10 events):
Event: 12.121 GC heap before
{Heap before GC invocations=6 (full 2):
 PSYoungGen      total 611840K, used 332559K [0x00000000d5580000, 0x0000000100000000, 0x0000000100000000)
  eden space 524800K, 60% used [0x00000000d5580000,0x00000000e89a44f8,0x00000000f5600000)
  from space 87040K, 19% used [0x00000000f5600000,0x00000000f669f978,0x00000000fab00000)
  to   space 87040K, 0% used [0x00000000fab00000,0x00000000fab00000,0x0000000100000000)
 ParOldGen       total 1398272K, used 23848K [0x0000000080000000, 0x00000000d5580000, 0x00000000d5580000)
  object space 1398272K, 1% used [0x0000000080000000,0x000000008174a1d8,0x00000000d5580000)
 Metaspace       used 57536K, capacity 58856K, committed 59028K, reserved 1101824K
  class space    used 6605K, capacity 6880K, committed 6912K, reserved 1048576K
Event: 12.179 GC heap after
Heap after GC invocations=6 (full 2):
 PSYoungGen      total 611840K, used 35430K [0x00000000d5580000, 0x0000000100000000, 0x0000000100000000)
  eden space 524800K, 0% used [0x00000000d5580000,0x00000000d5580000,0x00000000f5600000)
  from space 87040K, 40% used [0x00000000fab00000,0x00000000fcd99a90,0x0000000100000000)
  to   space 87040K, 0% used [0x00000000f5600000,0x00000000f5600000,0x00000000fab00000)
 ParOldGen       total 1398272K, used 23856K [0x0000000080000000, 0x00000000d5580000, 0x00000000d5580000)
  object space 1398272K, 1% used [0x0000000080000000,0x000000008174c1d8,0x00000000d5580000)
 Metaspace       used 57536K, capacity 58856K, committed 59028K, reserved 1101824K
  class space    used 6605K, capacity 6880K, committed 6912K, reserved 1048576K
}
Event: 12.179 GC heap before
{Heap before GC invocations=7 (full 3):
 PSYoungGen      total 611840K, used 35430K [0x00000000d5580000, 0x0000000100000000, 0x0000000100000000)
  eden space 524800K, 0% used [0x00000000d5580000,0x00000000d5580000,0x00000000f5600000)
  from space 87040K, 40% used [0x00000000fab00000,0x00000000fcd99a90,0x0000000100000000)
  to   space 87040K, 0% used [0x00000000f5600000,0x00000000f5600000,0x00000000fab00000)
 ParOldGen       total 1398272K, used 23856K [0x0000000080000000, 0x00000000d5580000, 0x00000000d5580000)
  object space 1398272K, 1% used [0x0000000080000000,0x000000008174c1d8,0x00000000d5580000)
 Metaspace       used 57536K, capacity 58856K, committed 59028K, reserved 1101824K
  class space    used 6605K, capacity 6880K, committed 6912K, reserved 1048576K
Event: 12.435 GC heap after
Heap after GC invocations=7 (full 3):
 PSYoungGen      total 611840K, used 0K [0x00000000d5580000, 0x0000000100000000, 0x0000000100000000)
  eden space 524800K, 0% used [0x00000000d5580000,0x00000000d5580000,0x00000000f5600000)
  from space 87040K, 0% used [0x00000000fab00000,0x00000000fab00000,0x0000000100000000)
  to   space 87040K, 0% used [0x00000000f5600000,0x00000000f5600000,0x00000000fab00000)
 ParOldGen       total 1398272K, used 46514K [0x0000000080000000, 0x00000000d5580000, 0x00000000d5580000)
  object space 1398272K, 3% used [0x0000000080000000,0x0000000082d6c940,0x00000000d5580000)
 Metaspace       used 57517K, capacity 58808K, committed 59028K, reserved 1101824K
  class space    used 6598K, capacity 6868K, committed 6912K, reserved 1048576K
}
Event: 19.098 GC heap before
{Heap before GC invocations=8 (full 3):
 PSYoungGen      total 611840K, used 379974K [0x00000000d5580000, 0x0000000100000000, 0x0000000100000000)
  eden space 524800K, 72% used [0x00000000d5580000,0x00000000ec891990,0x00000000f5600000)
  from space 87040K, 0% used [0x00000000fab00000,0x00000000fab00000,0x0000000100000000)
  to   space 87040K, 0% used [0x00000000f5600000,0x00000000f5600000,0x00000000fab00000)
 ParOldGen       total 1398272K, used 46514K [0x0000000080000000, 0x00000000d5580000, 0x00000000d5580000)
  object space 1398272K, 3% used [0x0000000080000000,0x0000000082d6c940,0x00000000d5580000)
 Metaspace       used 60446K, capacity 62574K, committed 62720K, reserved 1103872K
  class space    used 7006K, capacity 7401K, committed 7424K, reserved 1048576K
Event: 19.305 GC heap after
Heap after GC invocations=8 (full 3):
 PSYoungGen      total 545280K, used 20443K [0x00000000d5580000, 0x00000000fab80000, 0x0000000100000000)
  eden space 524800K, 0% used [0x00000000d5580000,0x00000000d5580000,0x00000000f5600000)
  from space 20480K, 99% used [0x00000000f5600000,0x00000000f69f6df8,0x00000000f6a00000)
  to   space 31744K, 0% used [0x00000000f8c80000,0x00000000f8c80000,0x00000000fab80000)
 ParOldGen       total 1398272K, used 456122K [0x0000000080000000, 0x00000000d5580000, 0x00000000d5580000)
  object space 1398272K, 32% used [0x0000000080000000,0x000000009bd6e960,0x00000000d5580000)
 Metaspace       used 60446K, capacity 62574K, committed 62720K, reserved 1103872K
  class space    used 7006K, capacity 7401K, committed 7424K, reserved 1048576K
}
Event: 19.466 GC heap before
{Heap before GC invocations=9 (full 3):
 PSYoungGen      total 545280K, used 545243K [0x00000000d5580000, 0x00000000fab80000, 0x0000000100000000)
  eden space 524800K, 100% used [0x00000000d5580000,0x00000000f5600000,0x00000000f5600000)
  from space 20480K, 99% used [0x00000000f5600000,0x00000000f69f6df8,0x00000000f6a00000)
  to   space 31744K, 0% used [0x00000000f8c80000,0x00000000f8c80000,0x00000000fab80000)
 ParOldGen       total 1398272K, used 456122K [0x0000000080000000, 0x00000000d5580000, 0x00000000d5580000)
  object space 1398272K, 32% used [0x0000000080000000,0x000000009bd6e960,0x00000000d5580000)
 Metaspace       used 60481K, capacity 62610K, committed 62848K, reserved 1103872K
  class space    used 7010K, capacity 7435K, committed 7552K, reserved 1048576K
Event: 19.893 GC heap after
Heap after GC invocations=9 (full 3):
 PSYoungGen      total 578560K, used 7376K [0x00000000d5580000, 0x0000000100000000, 0x0000000100000000)
  eden space 546816K, 0% used [0x00000000d5580000,0x00000000d5580000,0x00000000f6b80000)
  from space 31744K, 23% used [0x00000000f8c80000,0x00000000f93b40b0,0x00000000fab80000)
  to   space 33792K, 0% used [0x00000000f6b80000,0x00000000f6b80000,0x00000000f8c80000)
 ParOldGen       total 1398272K, used 968130K [0x0000000080000000, 0x00000000d5580000, 0x00000000d5580000)
  object space 1398272K, 69% used [0x0000000080000000,0x00000000bb170980,0x00000000d5580000)
 Metaspace       used 60481K, capacity 62610K, committed 62848K, reserved 1103872K
  class space    used 7010K, capacity 7435K, committed 7552K, reserved 1048576K
}
Event: 19.893 GC heap before
{Heap before GC invocations=10 (full 4):
 PSYoungGen      total 578560K, used 7376K [0x00000000d5580000, 0x0000000100000000, 0x0000000100000000)
  eden space 546816K, 0% used [0x00000000d5580000,0x00000000d5580000,0x00000000f6b80000)
  from space 31744K, 23% used [0x00000000f8c80000,0x00000000f93b40b0,0x00000000fab80000)
  to   space 33792K, 0% used [0x00000000f6b80000,0x00000000f6b80000,0x00000000f8c80000)
 ParOldGen       total 1398272K, used 968130K [0x0000000080000000, 0x00000000d5580000, 0x00000000d5580000)
  object space 1398272K, 69% used [0x0000000080000000,0x00000000bb170980,0x00000000d5580000)
 Metaspace       used 60481K, capacity 62610K, committed 62848K, reserved 1103872K
  class space    used 7010K, capacity 7435K, committed 7552K, reserved 1048576K
Event: 20.099 GC heap after
Heap after GC invocations=10 (full 4):
 PSYoungGen      total 578560K, used 0K [0x00000000d5580000, 0x0000000100000000, 0x0000000100000000)
  eden space 546816K, 0% used [0x00000000d5580000,0x00000000d5580000,0x00000000f6b80000)
  from space 31744K, 0% used [0x00000000f8c80000,0x00000000f8c80000,0x00000000fab80000)
  to   space 33792K, 0% used [0x00000000f6b80000,0x00000000f6b80000,0x00000000f8c80000)
 ParOldGen       total 1398272K, used 548074K [0x0000000080000000, 0x00000000d5580000, 0x00000000d5580000)
  object space 1398272K, 39% used [0x0000000080000000,0x00000000a173a930,0x00000000d5580000)
 Metaspace       used 60281K, capacity 62078K, committed 62848K, reserved 1103872K
  class space    used 6940K, capacity 7307K, committed 7552K, reserved 1048576K
}

