# JRE version: OpenJDK Runtime Environment (8.0_212-b04) (build 1.8.0_212-b04)
# Java VM: OpenJDK 64-Bit Server VM (25.212-b04 mixed mode linux-amd64 compressed oops)
Heap:
 PSYoungGen      total 564224K, used 309255K [0x00000000d5580000, 0x00000000fab80000, 0x0000000100000000)
  eden space 524800K, 51% used [0x00000000d5580000,0x00000000e5d5f0f8,0x00000000f5600000)
  from space 39424K, 99% used [0x00000000f5600000,0x00000000f7c22e20,0x00000000f7c80000)
  to   space 42496K, 0% used [0x00000000f8200000,0x00000000f8200000,0x00000000fab80000)
 ParOldGen       total 1398272K, used 25788K [0x0000000080000000, 0x00000000d5580000, 0x00000000d5580000)
  object space 1398272K, 1% used [0x0000000080000000,0x000000008192f1f0,0x00000000d5580000)
 Metaspace       used 62494K, capacity 64814K, committed 65024K, reserved 1105920K
  class space    used 7128K, capacity 7557K, committed 7680K, reserved 1048576K
GC Heap History (10 events):
Event: 4.644 GC heap before
{Heap before GC invocations=4 (full 2):
 PSYoungGen      total 611840K, used 19318K [0x00000000d5580000, 0x0000000100000000, 0x0000000100000000)
  eden space 524800K, 0% used [0x00000000d5580000,0x00000000d5580000,0x00000000f5600000)
  from space 87040K, 22% used [0x00000000fab00000,0x00000000fbddd908,0x0000000100000000)
  to   space 87040K, 0% used [0x00000000f5600000,0x00000000f5600000,0x00000000fab00000)
 ParOldGen       total 872960K, used 14266K [0x0000000080000000, 0x00000000b5480000, 0x00000000d5580000)
  object space 872960K, 1% used [0x0000000080000000,0x0000000080deea30,0x00000000b5480000)
 Metaspace       used 34821K, capacity 35182K, committed 35416K, reserved 1081344K
  class space    used 3973K, capacity 4091K, committed 4096K, reserved 1048576K
Event: 4.730 GC heap after
Heap after GC invocations=4 (full 2):
 PSYoungGen      total 611840K, used 0K [0x00000000d5580000, 0x0000000100000000, 0x0000000100000000)
  eden space 524800K, 0% used [0x00000000d5580000,0x00000000d5580000,0x00000000f5600000)
  from space 87040K, 0% used [0x00000000fab00000,0x00000000fab00000,0x0000000100000000)
  to   space 87040K, 0% used [0x00000000f5600000,0x00000000f5600000,0x00000000fab00000)
 ParOldGen       total 1398272K, used 23794K [0x0000000080000000, 0x00000000d5580000, 0x00000000d5580000)
  object space 1398272K, 1% used [0x0000000080000000,0x000000008173c8f0,0x00000000d5580000)
 Metaspace       used 34821K, capacity 35182K, committed 35416K, reserved 1081344K
  class space    used 3973K, capacity 4091K, committed 4096K, reserved 1048576K
}
Event: 11.228 GC heap before
{Heap before GC invocations=5 (full 2):
 PSYoungGen      total 611840K, used 524800K [0x00000000d5580000, 0x0000000100000000, 0x0000000100000000)
  eden space 524800K, 100% used [0x00000000d5580000,0x00000000f5600000,0x00000000f5600000)
  from space 87040K, 0% used [0x00000000fab00000,0x00000000fab00000,0x0000000100000000)
  to   space 87040K, 0% used [0x00000000f5600000,0x00000000f5600000,0x00000000fab00000)
 ParOldGen       total 1398272K, used 23794K [0x0000000080000000, 0x00000000d5580000, 0x00000000d5580000)
  object space 1398272K, 1% used [0x0000000080000000,0x000000008173c8f0,0x00000000d5580000)
 Metaspace       used 55569K, capacity 56852K, committed 56960K, reserved 1099776K
  class space    used 6458K, capacity 6702K, committed 6784K, reserved 1048576K
Event: 11.273 GC heap after
Heap after GC invocations=5 (full 2):
 PSYoungGen      total 611840K, used 29233K [0x00000000d5580000, 0x0000000100000000, 0x0000000100000000)
  eden space 524800K, 0% used [0x00000000d5580000,0x00000000d5580000,0x00000000f5600000)
  from space 87040K, 33% used [0x00000000f5600000,0x00000000f728c6e0,0x00000000fab00000)
  to   space 87040K, 0% used [0x00000000fab00000,0x00000000fab00000,0x0000000100000000)
 ParOldGen       total 1398272K, used 23802K [0x0000000080000000, 0x00000000d5580000, 0x00000000d5580000)
  object space 1398272K, 1% used [0x0000000080000000,0x000000008173e8f0,0x00000000d5580000)
 Metaspace       used 55569K, capacity 56852K, committed 56960K, reserved 1099776K
  class space    used 6458K, capacity 6702K, committed 6784K, reserved 1048576K
}
Event: 11.516 GC heap before
{Heap before GC invocations=6 (full 2):
 PSYoungGen      total 611840K, used 103148K [0x00000000d5580000, 0x0000000100000000, 0x0000000100000000)
  eden space 524800K, 14% used [0x00000000d5580000,0x00000000d9daebc8,0x00000000f5600000)
  from space 87040K, 33% used [0x00000000f5600000,0x00000000f728c6e0,0x00000000fab00000)
  to   space 87040K, 0% used [0x00000000fab00000,0x00000000fab00000,0x0000000100000000)
 ParOldGen       total 1398272K, used 23802K [0x0000000080000000, 0x00000000d5580000, 0x00000000d5580000)
  object space 1398272K, 1% used [0x0000000080000000,0x000000008173e8f0,0x00000000d5580000)
 Metaspace       used 57511K, capacity 58862K, committed 59008K, reserved 1101824K
  class space    used 6679K, capacity 6961K, committed 7040K, reserved 1048576K
Event: 11.531 GC heap after
Heap after GC invocations=6 (full 2):
 PSYoungGen      total 611840K, used 13614K [0x00000000d5580000, 0x0000000100000000, 0x0000000100000000)
  eden space 524800K, 0% used [0x00000000d5580000,0x00000000d5580000,0x00000000f5600000)
  from space 87040K, 15% used [0x00000000fab00000,0x00000000fb84b920,0x0000000100000000)
  to   space 87040K, 0% used [0x00000000f5600000,0x00000000f5600000,0x00000000fab00000)
 ParOldGen       total 1398272K, used 23802K [0x0000000080000000, 0x00000000d5580000, 0x00000000d5580000)
  object space 1398272K, 1% used [0x0000000080000000,0x000000008173e8f0,0x00000000d5580000)
 Metaspace       used 57511K, capacity 58862K, committed 59008K, reserved 1101824K
  class space    used 6679K, capacity 6961K, committed 7040K, reserved 1048576K
}
Event: 11.531 GC heap before
{Heap before GC invocations=7 (full 3):
 PSYoungGen      total 611840K, used 13614K [0x00000000d5580000, 0x0000000100000000, 0x0000000100000000)
  eden space 524800K, 0% used [0x00000000d5580000,0x00000000d5580000,0x00000000f5600000)
  from space 87040K, 15% used [0x00000000fab00000,0x00000000fb84b920,0x0000000100000000)
  to   space 87040K, 0% used [0x00000000f5600000,0x00000000f5600000,0x00000000fab00000)
 ParOldGen       total 1398272K, used 23802K [0x0000000080000000, 0x00000000d5580000, 0x00000000d5580000)
  object space 1398272K, 1% used [0x0000000080000000,0x000000008173e8f0,0x00000000d5580000)
 Metaspace       used 57511K, capacity 58862K, committed 59008K, reserved 1101824K
  class space    used 6679K, capacity 6961K, committed 7040K, reserved 1048576K
Event: 11.729 GC heap after
Heap after GC invocations=7 (full 3):
 PSYoungGen      total 611840K, used 0K [0x00000000d5580000, 0x0000000100000000, 0x0000000100000000)
  eden space 524800K, 0% used [0x00000000d5580000,0x00000000d5580000,0x00000000f5600000)
  from space 87040K, 0% used [0x00000000fab00000,0x00000000fab00000,0x0000000100000000)
  to   space 87040K, 0% used [0x00000000f5600000,0x00000000f5600000,0x00000000fab00000)
 ParOldGen       total 1398272K, used 25780K [0x0000000080000000, 0x00000000d5580000, 0x00000000d5580000)
  object space 1398272K, 1% used [0x0000000080000000,0x000000008192d1f0,0x00000000d5580000)
 Metaspace       used 57485K, capacity 58802K, committed 59008K, reserved 1101824K
  class space    used 6670K, capacity 6945K, committed 7040K, reserved 1048576K
}
Event: 56.245 GC heap before
{Heap before GC invocations=8 (full 3):
 PSYoungGen      total 611840K, used 524800K [0x00000000d5580000, 0x0000000100000000, 0x0000000100000000)
  eden space 524800K, 100% used [0x00000000d5580000,0x00000000f5600000,0x00000000f5600000)
  from space 87040K, 0% used [0x00000000fab00000,0x00000000fab00000,0x0000000100000000)
  to   space 87040K, 0% used [0x00000000f5600000,0x00000000f5600000,0x00000000fab00000)
 ParOldGen       total 1398272K, used 25780K [0x0000000080000000, 0x00000000d5580000, 0x00000000d5580000)
  object space 1398272K, 1% used [0x0000000080000000,0x000000008192d1f0,0x00000000d5580000)
 Metaspace       used 61710K, capacity 63952K, committed 64128K, reserved 1105920K
  class space    used 7116K, capacity 7544K, committed 7552K, reserved 1048576K
Event: 56.314 GC heap after
Heap after GC invocations=8 (full 3):
 PSYoungGen      total 564224K, used 39051K [0x00000000d5580000, 0x00000000fab80000, 0x0000000100000000)
  eden space 524800K, 0% used [0x00000000d5580000,0x00000000d5580000,0x00000000f5600000)
  from space 39424K, 99% used [0x00000000f5600000,0x00000000f7c22e20,0x00000000f7c80000)
  to   space 42496K, 0% used [0x00000000f8200000,0x00000000f8200000,0x00000000fab80000)
 ParOldGen       total 1398272K, used 25788K [0x0000000080000000, 0x00000000d5580000, 0x00000000d5580000)
  object space 1398272K, 1% used [0x0000000080000000,0x000000008192f1f0,0x00000000d5580000)
 Metaspace       used 61710K, capacity 63952K, committed 64128K, reserved 1105920K
  class space    used 7116K, capacity 7544K, committed 7552K, reserved 1048576K
}

