# JRE version: OpenJDK Runtime Environment (8.0_212-b04) (build 1.8.0_212-b04)
# Java VM: OpenJDK 64-Bit Server VM (25.212-b04 mixed mode linux-amd64 compressed oops)
Heap:
 PSYoungGen      total 611840K, used 264517K [0x00000000d5580000, 0x0000000100000000, 0x0000000100000000)
  eden space 524800K, 50% used [0x00000000d5580000,0x00000000e57d15b8,0x00000000f5600000)
  from space 87040K, 0% used [0x00000000fab00000,0x00000000fab00000,0x0000000100000000)
  to   space 87040K, 0% used [0x00000000f5600000,0x00000000f5600000,0x00000000fab00000)
 ParOldGen       total 1398272K, used 31539K [0x0000000080000000, 0x00000000d5580000, 0x00000000d5580000)
  object space 1398272K, 2% used [0x0000000080000000,0x0000000081eccf40,0x00000000d5580000)
 Metaspace       used 65379K, capacity 68122K, committed 68224K, reserved 1110016K
  class space    used 7556K, capacity 8053K, committed 8064K, reserved 1048576K
GC Heap History (10 events):
Event: 4.294 GC heap before
{Heap before GC invocations=3 (full 1):
 PSYoungGen      total 611840K, used 478318K [0x00000000d5580000, 0x0000000100000000, 0x0000000100000000)
  eden space 524800K, 91% used [0x00000000d5580000,0x00000000f289baa0,0x00000000f5600000)
  from space 87040K, 0% used [0x00000000f5600000,0x00000000f5600000,0x00000000fab00000)
  to   space 87040K, 0% used [0x00000000fab00000,0x00000000fab00000,0x0000000100000000)
 ParOldGen       total 860160K, used 14246K [0x0000000080000000, 0x00000000b4800000, 0x00000000d5580000)
  object space 860160K, 1% used [0x0000000080000000,0x0000000080de98a0,0x00000000b4800000)
 Metaspace       used 34680K, capacity 35022K, committed 35416K, reserved 1081344K
  class space    used 3961K, capacity 4059K, committed 4096K, reserved 1048576K
Event: 4.322 GC heap after
Heap after GC invocations=3 (full 1):
 PSYoungGen      total 611840K, used 19004K [0x00000000d5580000, 0x0000000100000000, 0x0000000100000000)
  eden space 524800K, 0% used [0x00000000d5580000,0x00000000d5580000,0x00000000f5600000)
  from space 87040K, 21% used [0x00000000fab00000,0x00000000fbd8f398,0x0000000100000000)
  to   space 87040K, 0% used [0x00000000f5600000,0x00000000f5600000,0x00000000fab00000)
 ParOldGen       total 860160K, used 14254K [0x0000000080000000, 0x00000000b4800000, 0x00000000d5580000)
  object space 860160K, 1% used [0x0000000080000000,0x0000000080deb8a0,0x00000000b4800000)
 Metaspace       used 34680K, capacity 35022K, committed 35416K, reserved 1081344K
  class space    used 3961K, capacity 4059K, committed 4096K, reserved 1048576K
}
Event: 4.322 GC heap before
{Heap before GC invocations=4 (full 2):
 PSYoungGen      total 611840K, used 19004K [0x00000000d5580000, 0x0000000100000000, 0x0000000100000000)
  eden space 524800K, 0% used [0x00000000d5580000,0x00000000d5580000,0x00000000f5600000)
  from space 87040K, 21% used [0x00000000fab00000,0x00000000fbd8f398,0x0000000100000000)
  to   space 87040K, 0% used [0x00000000f5600000,0x00000000f5600000,0x00000000fab00000)
 ParOldGen       total 860160K, used 14254K [0x0000000080000000, 0x00000000b4800000, 0x00000000d5580000)
  object space 860160K, 1% used [0x0000000080000000,0x0000000080deb8a0,0x00000000b4800000)
 Metaspace       used 34680K, capacity 35022K, committed 35416K, reserved 1081344K
  class space    used 3961K, capacity 4059K, committed 4096K, reserved 1048576K
Event: 4.404 GC heap after
Heap after GC invocations=4 (full 2):
 PSYoungGen      total 611840K, used 0K [0x00000000d5580000, 0x0000000100000000, 0x0000000100000000)
  eden space 524800K, 0% used [0x00000000d5580000,0x00000000d5580000,0x00000000f5600000)
  from space 87040K, 0% used [0x00000000fab00000,0x00000000fab00000,0x0000000100000000)
  to   space 87040K, 0% used [0x00000000f5600000,0x00000000f5600000,0x00000000fab00000)
 ParOldGen       total 1398272K, used 23511K [0x0000000080000000, 0x00000000d5580000, 0x00000000d5580000)
  object space 1398272K, 1% used [0x0000000080000000,0x00000000816f5ce0,0x00000000d5580000)
 Metaspace       used 34680K, capacity 35022K, committed 35416K, reserved 1081344K
  class space    used 3961K, capacity 4059K, committed 4096K, reserved 1048576K
}
Event: 10.626 GC heap before
{Heap before GC invocations=5 (full 2):
 PSYoungGen      total 611840K, used 524737K [0x00000000d5580000, 0x0000000100000000, 0x0000000100000000)
  eden space 524800K, 99% used [0x00000000d5580000,0x00000000f55f0410,0x00000000f5600000)
  from space 87040K, 0% used [0x00000000fab00000,0x00000000fab00000,0x0000000100000000)
  to   space 87040K, 0% used [0x00000000f5600000,0x00000000f5600000,0x00000000fab00000)
 ParOldGen       total 1398272K, used 23511K [0x0000000080000000, 0x00000000d5580000, 0x00000000d5580000)
  object space 1398272K, 1% used [0x0000000080000000,0x00000000816f5ce0,0x00000000d5580000)
 Metaspace       used 51562K, capacity 52922K, committed 53248K, reserved 1095680K
  class space    used 6075K, capacity 6323K, committed 6400K, reserved 1048576K
Event: 10.664 GC heap after
Heap after GC invocations=5 (full 2):
 PSYoungGen      total 611840K, used 26846K [0x00000000d5580000, 0x0000000100000000, 0x0000000100000000)
  eden space 524800K, 0% used [0x00000000d5580000,0x00000000d5580000,0x00000000f5600000)
  from space 87040K, 30% used [0x00000000f5600000,0x00000000f70379e8,0x00000000fab00000)
  to   space 87040K, 0% used [0x00000000fab00000,0x00000000fab00000,0x0000000100000000)
 ParOldGen       total 1398272K, used 23519K [0x0000000080000000, 0x00000000d5580000, 0x00000000d5580000)
  object space 1398272K, 1% used [0x0000000080000000,0x00000000816f7ce0,0x00000000d5580000)
 Metaspace       used 51562K, capacity 52922K, committed 53248K, reserved 1095680K
  class space    used 6075K, capacity 6323K, committed 6400K, reserved 1048576K
}
Event: 11.272 GC heap before
{Heap before GC invocations=6 (full 2):
 PSYoungGen      total 611840K, used 193174K [0x00000000d5580000, 0x0000000100000000, 0x0000000100000000)
  eden space 524800K, 31% used [0x00000000d5580000,0x00000000df7ee120,0x00000000f5600000)
  from space 87040K, 30% used [0x00000000f5600000,0x00000000f70379e8,0x00000000fab00000)
  to   space 87040K, 0% used [0x00000000fab00000,0x00000000fab00000,0x0000000100000000)
 ParOldGen       total 1398272K, used 23519K [0x0000000080000000, 0x00000000d5580000, 0x00000000d5580000)
  object space 1398272K, 1% used [0x0000000080000000,0x00000000816f7ce0,0x00000000d5580000)
 Metaspace       used 57432K, capacity 58742K, committed 59008K, reserved 1101824K
  class space    used 6642K, capacity 6913K, committed 7040K, reserved 1048576K
Event: 11.294 GC heap after
Heap after GC invocations=6 (full 2):
 PSYoungGen      total 611840K, used 20018K [0x00000000d5580000, 0x0000000100000000, 0x0000000100000000)
  eden space 524800K, 0% used [0x00000000d5580000,0x00000000d5580000,0x00000000f5600000)
  from space 87040K, 22% used [0x00000000fab00000,0x00000000fbe8ca40,0x0000000100000000)
  to   space 87040K, 0% used [0x00000000f5600000,0x00000000f5600000,0x00000000fab00000)
 ParOldGen       total 1398272K, used 23527K [0x0000000080000000, 0x00000000d5580000, 0x00000000d5580000)
  object space 1398272K, 1% used [0x0000000080000000,0x00000000816f9ce0,0x00000000d5580000)
 Metaspace       used 57432K, capacity 58742K, committed 59008K, reserved 1101824K
  class space    used 6642K, capacity 6913K, committed 7040K, reserved 1048576K
}
Event: 11.294 GC heap before
{Heap before GC invocations=7 (full 3):
 PSYoungGen      total 611840K, used 20018K [0x00000000d5580000, 0x0000000100000000, 0x0000000100000000)
  eden space 524800K, 0% used [0x00000000d5580000,0x00000000d5580000,0x00000000f5600000)
  from space 87040K, 22% used [0x00000000fab00000,0x00000000fbe8ca40,0x0000000100000000)
  to   space 87040K, 0% used [0x00000000f5600000,0x00000000f5600000,0x00000000fab00000)
 ParOldGen       total 1398272K, used 23527K [0x0000000080000000, 0x00000000d5580000, 0x00000000d5580000)
  object space 1398272K, 1% used [0x0000000080000000,0x00000000816f9ce0,0x00000000d5580000)
 Metaspace       used 57432K, capacity 58742K, committed 59008K, reserved 1101824K
  class space    used 6642K, capacity 6913K, committed 7040K, reserved 1048576K
Event: 11.489 GC heap after
Heap after GC invocations=7 (full 3):
 PSYoungGen      total 611840K, used 0K [0x00000000d5580000, 0x0000000100000000, 0x0000000100000000)
  eden space 524800K, 0% used [0x00000000d5580000,0x00000000d5580000,0x00000000f5600000)
  from space 87040K, 0% used [0x00000000fab00000,0x00000000fab00000,0x0000000100000000)
  to   space 87040K, 0% used [0x00000000f5600000,0x00000000f5600000,0x00000000fab00000)
 ParOldGen       total 1398272K, used 31539K [0x0000000080000000, 0x00000000d5580000, 0x00000000d5580000)
  object space 1398272K, 2% used [0x0000000080000000,0x0000000081eccf40,0x00000000d5580000)
 Metaspace       used 57404K, capacity 58676K, committed 59008K, reserved 1101824K
  class space    used 6634K, capacity 6898K, committed 7040K, reserved 1048576K
}

