# JRE version: OpenJDK Runtime Environment (8.0_212-b04) (build 1.8.0_212-b04)
# Java VM: OpenJDK 64-Bit Server VM (25.212-b04 mixed mode linux-amd64 compressed oops)
Heap:
 PSYoungGen      total 611840K, used 199039K [0x00000000d5580000, 0x0000000100000000, 0x0000000100000000)
  eden space 524800K, 21% used [0x00000000d5580000,0x00000000dc2e6d68,0x00000000f5600000)
  from space 87040K, 99% used [0x00000000fab00000,0x00000000ffff90d0,0x0000000100000000)
  to   space 87040K, 0% used [0x00000000f5600000,0x00000000f5600000,0x00000000fab00000)
 ParOldGen       total 1398272K, used 52843K [0x0000000080000000, 0x00000000d5580000, 0x00000000d5580000)
  object space 1398272K, 3% used [0x0000000080000000,0x000000008339aeb8,0x00000000d5580000)
 Metaspace       used 65815K, capacity 69034K, committed 69376K, reserved 1110016K
  class space    used 7528K, capacity 8103K, committed 8192K, reserved 1048576K
GC Heap History (10 events):
Event: 4.006 GC heap before
{Heap before GC invocations=3 (full 1):
 PSYoungGen      total 611840K, used 413988K [0x00000000d5580000, 0x0000000100000000, 0x0000000100000000)
  eden space 524800K, 78% used [0x00000000d5580000,0x00000000ee9c91b8,0x00000000f5600000)
  from space 87040K, 0% used [0x00000000f5600000,0x00000000f5600000,0x00000000fab00000)
  to   space 87040K, 0% used [0x00000000fab00000,0x00000000fab00000,0x0000000100000000)
 ParOldGen       total 861184K, used 13776K [0x0000000080000000, 0x00000000b4900000, 0x00000000d5580000)
  object space 861184K, 1% used [0x0000000080000000,0x0000000080d74320,0x00000000b4900000)
 Metaspace       used 34809K, capacity 35182K, committed 35416K, reserved 1081344K
  class space    used 3968K, capacity 4091K, committed 4096K, reserved 1048576K
Event: 4.037 GC heap after
Heap after GC invocations=3 (full 1):
 PSYoungGen      total 611840K, used 19288K [0x00000000d5580000, 0x0000000100000000, 0x0000000100000000)
  eden space 524800K, 0% used [0x00000000d5580000,0x00000000d5580000,0x00000000f5600000)
  from space 87040K, 22% used [0x00000000fab00000,0x00000000fbdd62a0,0x0000000100000000)
  to   space 87040K, 0% used [0x00000000f5600000,0x00000000f5600000,0x00000000fab00000)
 ParOldGen       total 861184K, used 13776K [0x0000000080000000, 0x00000000b4900000, 0x00000000d5580000)
  object space 861184K, 1% used [0x0000000080000000,0x0000000080d74320,0x00000000b4900000)
 Metaspace       used 34809K, capacity 35182K, committed 35416K, reserved 1081344K
  class space    used 3968K, capacity 4091K, committed 4096K, reserved 1048576K
}
Event: 4.037 GC heap before
{Heap before GC invocations=4 (full 2):
 PSYoungGen      total 611840K, used 19288K [0x00000000d5580000, 0x0000000100000000, 0x0000000100000000)
  eden space 524800K, 0% used [0x00000000d5580000,0x00000000d5580000,0x00000000f5600000)
  from space 87040K, 22% used [0x00000000fab00000,0x00000000fbdd62a0,0x0000000100000000)
  to   space 87040K, 0% used [0x00000000f5600000,0x00000000f5600000,0x00000000fab00000)
 ParOldGen       total 861184K, used 13776K [0x0000000080000000, 0x00000000b4900000, 0x00000000d5580000)
  object space 861184K, 1% used [0x0000000080000000,0x0000000080d74320,0x00000000b4900000)
 Metaspace       used 34809K, capacity 35182K, committed 35416K, reserved 1081344K
  class space    used 3968K, capacity 4091K, committed 4096K, reserved 1048576K
Event: 4.120 GC heap after
Heap after GC invocations=4 (full 2):
 PSYoungGen      total 611840K, used 0K [0x00000000d5580000, 0x0000000100000000, 0x0000000100000000)
  eden space 524800K, 0% used [0x00000000d5580000,0x00000000d5580000,0x00000000f5600000)
  from space 87040K, 0% used [0x00000000fab00000,0x00000000fab00000,0x0000000100000000)
  to   space 87040K, 0% used [0x00000000f5600000,0x00000000f5600000,0x00000000fab00000)
 ParOldGen       total 1398272K, used 23631K [0x0000000080000000, 0x00000000d5580000, 0x00000000d5580000)
  object space 1398272K, 1% used [0x0000000080000000,0x0000000081713e18,0x00000000d5580000)
 Metaspace       used 34809K, capacity 35182K, committed 35416K, reserved 1081344K
  class space    used 3968K, capacity 4091K, committed 4096K, reserved 1048576K
}
Event: 9.935 GC heap before
{Heap before GC invocations=5 (full 2):
 PSYoungGen      total 611840K, used 424034K [0x00000000d5580000, 0x0000000100000000, 0x0000000100000000)
  eden space 524800K, 80% used [0x00000000d5580000,0x00000000ef398bf0,0x00000000f5600000)
  from space 87040K, 0% used [0x00000000fab00000,0x00000000fab00000,0x0000000100000000)
  to   space 87040K, 0% used [0x00000000f5600000,0x00000000f5600000,0x00000000fab00000)
 ParOldGen       total 1398272K, used 23631K [0x0000000080000000, 0x00000000d5580000, 0x00000000d5580000)
  object space 1398272K, 1% used [0x0000000080000000,0x0000000081713e18,0x00000000d5580000)
 Metaspace       used 57429K, capacity 58876K, committed 59008K, reserved 1101824K
  class space    used 6661K, capacity 6948K, committed 7040K, reserved 1048576K
Event: 9.992 GC heap after
Heap after GC invocations=5 (full 2):
 PSYoungGen      total 611840K, used 29857K [0x00000000d5580000, 0x0000000100000000, 0x0000000100000000)
  eden space 524800K, 0% used [0x00000000d5580000,0x00000000d5580000,0x00000000f5600000)
  from space 87040K, 34% used [0x00000000f5600000,0x00000000f73285b0,0x00000000fab00000)
  to   space 87040K, 0% used [0x00000000fab00000,0x00000000fab00000,0x0000000100000000)
 ParOldGen       total 1398272K, used 23639K [0x0000000080000000, 0x00000000d5580000, 0x00000000d5580000)
  object space 1398272K, 1% used [0x0000000080000000,0x0000000081715e18,0x00000000d5580000)
 Metaspace       used 57429K, capacity 58876K, committed 59008K, reserved 1101824K
  class space    used 6661K, capacity 6948K, committed 7040K, reserved 1048576K
}
Event: 9.993 GC heap before
{Heap before GC invocations=6 (full 3):
 PSYoungGen      total 611840K, used 29857K [0x00000000d5580000, 0x0000000100000000, 0x0000000100000000)
  eden space 524800K, 0% used [0x00000000d5580000,0x00000000d5580000,0x00000000f5600000)
  from space 87040K, 34% used [0x00000000f5600000,0x00000000f73285b0,0x00000000fab00000)
  to   space 87040K, 0% used [0x00000000fab00000,0x00000000fab00000,0x0000000100000000)
 ParOldGen       total 1398272K, used 23639K [0x0000000080000000, 0x00000000d5580000, 0x00000000d5580000)
  object space 1398272K, 1% used [0x0000000080000000,0x0000000081715e18,0x00000000d5580000)
 Metaspace       used 57429K, capacity 58876K, committed 59008K, reserved 1101824K
  class space    used 6661K, capacity 6948K, committed 7040K, reserved 1048576K
Event: 10.194 GC heap after
Heap after GC invocations=6 (full 3):
 PSYoungGen      total 611840K, used 0K [0x00000000d5580000, 0x0000000100000000, 0x0000000100000000)
  eden space 524800K, 0% used [0x00000000d5580000,0x00000000d5580000,0x00000000f5600000)
  from space 87040K, 0% used [0x00000000f5600000,0x00000000f5600000,0x00000000fab00000)
  to   space 87040K, 0% used [0x00000000fab00000,0x00000000fab00000,0x0000000100000000)
 ParOldGen       total 1398272K, used 40421K [0x0000000080000000, 0x00000000d5580000, 0x00000000d5580000)
  object space 1398272K, 2% used [0x0000000080000000,0x0000000082779538,0x00000000d5580000)
 Metaspace       used 57393K, capacity 58790K, committed 59008K, reserved 1101824K
  class space    used 6648K, capacity 6925K, committed 7040K, reserved 1048576K
}
Event: 23.604 GC heap before
{Heap before GC invocations=7 (full 3):
 PSYoungGen      total 611840K, used 524686K [0x00000000d5580000, 0x0000000100000000, 0x0000000100000000)
  eden space 524800K, 99% used [0x00000000d5580000,0x00000000f55e39e8,0x00000000f5600000)
  from space 87040K, 0% used [0x00000000f5600000,0x00000000f5600000,0x00000000fab00000)
  to   space 87040K, 0% used [0x00000000fab00000,0x00000000fab00000,0x0000000100000000)
 ParOldGen       total 1398272K, used 40421K [0x0000000080000000, 0x00000000d5580000, 0x00000000d5580000)
  object space 1398272K, 2% used [0x0000000080000000,0x0000000082779538,0x00000000d5580000)
 Metaspace       used 65544K, capacity 68684K, committed 68864K, reserved 1110016K
  class space    used 7508K, capacity 8068K, committed 8192K, reserved 1048576K
Event: 23.751 GC heap after
Heap after GC invocations=7 (full 3):
 PSYoungGen      total 611840K, used 87012K [0x00000000d5580000, 0x0000000100000000, 0x0000000100000000)
  eden space 524800K, 0% used [0x00000000d5580000,0x00000000d5580000,0x00000000f5600000)
  from space 87040K, 99% used [0x00000000fab00000,0x00000000ffff90d0,0x0000000100000000)
  to   space 87040K, 0% used [0x00000000f5600000,0x00000000f5600000,0x00000000fab00000)
 ParOldGen       total 1398272K, used 52843K [0x0000000080000000, 0x00000000d5580000, 0x00000000d5580000)
  object space 1398272K, 3% used [0x0000000080000000,0x000000008339aeb8,0x00000000d5580000)
 Metaspace       used 65544K, capacity 68684K, committed 68864K, reserved 1110016K
  class space    used 7508K, capacity 8068K, committed 8192K, reserved 1048576K
}

