# JRE version: OpenJDK Runtime Environment (8.0_212-b04) (build 1.8.0_212-b04)
# Java VM: OpenJDK 64-Bit Server VM (25.212-b04 mixed mode linux-amd64 compressed oops)
Heap:
 PSYoungGen      total 607232K, used 400822K [0x00000000d5580000, 0x00000000fe300000, 0x0000000100000000)
  eden space 524800K, 60% used [0x00000000d5580000,0x00000000e8c93c38,0x00000000f5600000)
  from space 82432K, 99% used [0x00000000f5600000,0x00000000fa659d20,0x00000000fa680000)
  to   space 61952K, 0% used [0x00000000fa680000,0x00000000fa680000,0x00000000fe300000)
 ParOldGen       total 1398272K, used 31637K [0x0000000080000000, 0x00000000d5580000, 0x00000000d5580000)
  object space 1398272K, 2% used [0x0000000080000000,0x0000000081ee5598,0x00000000d5580000)
 Metaspace       used 66071K, capacity 68836K, committed 68992K, reserved 1110016K
  class space    used 7496K, capacity 8003K, committed 8064K, reserved 1048576K
GC Heap History (10 events):
Event: 4.983 GC heap before
{Heap before GC invocations=4 (full 2):
 PSYoungGen      total 611840K, used 19215K [0x00000000d5580000, 0x0000000100000000, 0x0000000100000000)
  eden space 524800K, 0% used [0x00000000d5580000,0x00000000d5580000,0x00000000f5600000)
  from space 87040K, 22% used [0x00000000fab00000,0x00000000fbdc3c28,0x0000000100000000)
  to   space 87040K, 0% used [0x00000000f5600000,0x00000000f5600000,0x00000000fab00000)
 ParOldGen       total 883200K, used 13729K [0x0000000080000000, 0x00000000b5e80000, 0x00000000d5580000)
  object space 883200K, 1% used [0x0000000080000000,0x0000000080d687a8,0x00000000b5e80000)
 Metaspace       used 34763K, capacity 35182K, committed 35416K, reserved 1081344K
  class space    used 3972K, capacity 4091K, committed 4096K, reserved 1048576K
Event: 5.072 GC heap after
Heap after GC invocations=4 (full 2):
 PSYoungGen      total 611840K, used 0K [0x00000000d5580000, 0x0000000100000000, 0x0000000100000000)
  eden space 524800K, 0% used [0x00000000d5580000,0x00000000d5580000,0x00000000f5600000)
  from space 87040K, 0% used [0x00000000fab00000,0x00000000fab00000,0x0000000100000000)
  to   space 87040K, 0% used [0x00000000f5600000,0x00000000f5600000,0x00000000fab00000)
 ParOldGen       total 1398272K, used 23584K [0x0000000080000000, 0x00000000d5580000, 0x00000000d5580000)
  object space 1398272K, 1% used [0x0000000080000000,0x00000000817080f0,0x00000000d5580000)
 Metaspace       used 34763K, capacity 35182K, committed 35416K, reserved 1081344K
  class space    used 3972K, capacity 4091K, committed 4096K, reserved 1048576K
}
Event: 13.141 GC heap before
{Heap before GC invocations=5 (full 2):
 PSYoungGen      total 611840K, used 524800K [0x00000000d5580000, 0x0000000100000000, 0x0000000100000000)
  eden space 524800K, 100% used [0x00000000d5580000,0x00000000f5600000,0x00000000f5600000)
  from space 87040K, 0% used [0x00000000fab00000,0x00000000fab00000,0x0000000100000000)
  to   space 87040K, 0% used [0x00000000f5600000,0x00000000f5600000,0x00000000fab00000)
 ParOldGen       total 1398272K, used 23584K [0x0000000080000000, 0x00000000d5580000, 0x00000000d5580000)
  object space 1398272K, 1% used [0x0000000080000000,0x00000000817080f0,0x00000000d5580000)
 Metaspace       used 51772K, capacity 53120K, committed 53248K, reserved 1095680K
  class space    used 6050K, capacity 6318K, committed 6400K, reserved 1048576K
Event: 13.205 GC heap after
Heap after GC invocations=5 (full 2):
 PSYoungGen      total 611840K, used 33611K [0x00000000d5580000, 0x0000000100000000, 0x0000000100000000)
  eden space 524800K, 0% used [0x00000000d5580000,0x00000000d5580000,0x00000000f5600000)
  from space 87040K, 38% used [0x00000000f5600000,0x00000000f76d2db8,0x00000000fab00000)
  to   space 87040K, 0% used [0x00000000fab00000,0x00000000fab00000,0x0000000100000000)
 ParOldGen       total 1398272K, used 23592K [0x0000000080000000, 0x00000000d5580000, 0x00000000d5580000)
  object space 1398272K, 1% used [0x0000000080000000,0x000000008170a0f0,0x00000000d5580000)
 Metaspace       used 51772K, capacity 53120K, committed 53248K, reserved 1095680K
  class space    used 6050K, capacity 6318K, committed 6400K, reserved 1048576K
}
Event: 14.488 GC heap before
{Heap before GC invocations=6 (full 2):
 PSYoungGen      total 611840K, used 172088K [0x00000000d5580000, 0x0000000100000000, 0x0000000100000000)
  eden space 524800K, 26% used [0x00000000d5580000,0x00000000ddcbb4b0,0x00000000f5600000)
  from space 87040K, 38% used [0x00000000f5600000,0x00000000f76d2db8,0x00000000fab00000)
  to   space 87040K, 0% used [0x00000000fab00000,0x00000000fab00000,0x0000000100000000)
 ParOldGen       total 1398272K, used 23592K [0x0000000080000000, 0x00000000d5580000, 0x00000000d5580000)
  object space 1398272K, 1% used [0x0000000080000000,0x000000008170a0f0,0x00000000d5580000)
 Metaspace       used 57603K, capacity 58950K, committed 59028K, reserved 1101824K
  class space    used 6627K, capacity 6912K, committed 6912K, reserved 1048576K
Event: 14.522 GC heap after
Heap after GC invocations=6 (full 2):
 PSYoungGen      total 611840K, used 20323K [0x00000000d5580000, 0x0000000100000000, 0x0000000100000000)
  eden space 524800K, 0% used [0x00000000d5580000,0x00000000d5580000,0x00000000f5600000)
  from space 87040K, 23% used [0x00000000fab00000,0x00000000fbed8d78,0x0000000100000000)
  to   space 87040K, 0% used [0x00000000f5600000,0x00000000f5600000,0x00000000fab00000)
 ParOldGen       total 1398272K, used 23592K [0x0000000080000000, 0x00000000d5580000, 0x00000000d5580000)
  object space 1398272K, 1% used [0x0000000080000000,0x000000008170a0f0,0x00000000d5580000)
 Metaspace       used 57603K, capacity 58950K, committed 59028K, reserved 1101824K
  class space    used 6627K, capacity 6912K, committed 6912K, reserved 1048576K
}
Event: 14.522 GC heap before
{Heap before GC invocations=7 (full 3):
 PSYoungGen      total 611840K, used 20323K [0x00000000d5580000, 0x0000000100000000, 0x0000000100000000)
  eden space 524800K, 0% used [0x00000000d5580000,0x00000000d5580000,0x00000000f5600000)
  from space 87040K, 23% used [0x00000000fab00000,0x00000000fbed8d78,0x0000000100000000)
  to   space 87040K, 0% used [0x00000000f5600000,0x00000000f5600000,0x00000000fab00000)
 ParOldGen       total 1398272K, used 23592K [0x0000000080000000, 0x00000000d5580000, 0x00000000d5580000)
  object space 1398272K, 1% used [0x0000000080000000,0x000000008170a0f0,0x00000000d5580000)
 Metaspace       used 57603K, capacity 58950K, committed 59028K, reserved 1101824K
  class space    used 6627K, capacity 6912K, committed 6912K, reserved 1048576K
Event: 14.768 GC heap after
Heap after GC invocations=7 (full 3):
 PSYoungGen      total 611840K, used 0K [0x00000000d5580000, 0x0000000100000000, 0x0000000100000000)
  eden space 524800K, 0% used [0x00000000d5580000,0x00000000d5580000,0x00000000f5600000)
  from space 87040K, 0% used [0x00000000fab00000,0x00000000fab00000,0x0000000100000000)
  to   space 87040K, 0% used [0x00000000f5600000,0x00000000f5600000,0x00000000fab00000)
 ParOldGen       total 1398272K, used 31629K [0x0000000080000000, 0x00000000d5580000, 0x00000000d5580000)
  object space 1398272K, 2% used [0x0000000080000000,0x0000000081ee3598,0x00000000d5580000)
 Metaspace       used 57596K, capacity 58938K, committed 59028K, reserved 1101824K
  class space    used 6626K, capacity 6910K, committed 6912K, reserved 1048576K
}
Event: 29.178 GC heap before
{Heap before GC invocations=8 (full 3):
 PSYoungGen      total 611840K, used 522646K [0x00000000d5580000, 0x0000000100000000, 0x0000000100000000)
  eden space 524800K, 99% used [0x00000000d5580000,0x00000000f53e5aa8,0x00000000f5600000)
  from space 87040K, 0% used [0x00000000fab00000,0x00000000fab00000,0x0000000100000000)
  to   space 87040K, 0% used [0x00000000f5600000,0x00000000f5600000,0x00000000fab00000)
 ParOldGen       total 1398272K, used 31629K [0x0000000080000000, 0x00000000d5580000, 0x00000000d5580000)
  object space 1398272K, 2% used [0x0000000080000000,0x0000000081ee3598,0x00000000d5580000)
 Metaspace       used 65770K, capacity 68446K, committed 68736K, reserved 1110016K
  class space    used 7477K, capacity 7978K, committed 8064K, reserved 1048576K
Event: 29.346 GC heap after
Heap after GC invocations=8 (full 3):
 PSYoungGen      total 607232K, used 82279K [0x00000000d5580000, 0x00000000fe300000, 0x0000000100000000)
  eden space 524800K, 0% used [0x00000000d5580000,0x00000000d5580000,0x00000000f5600000)
  from space 82432K, 99% used [0x00000000f5600000,0x00000000fa659d20,0x00000000fa680000)
  to   space 61952K, 0% used [0x00000000fa680000,0x00000000fa680000,0x00000000fe300000)
 ParOldGen       total 1398272K, used 31637K [0x0000000080000000, 0x00000000d5580000, 0x00000000d5580000)
  object space 1398272K, 2% used [0x0000000080000000,0x0000000081ee5598,0x00000000d5580000)
 Metaspace       used 65770K, capacity 68446K, committed 68736K, reserved 1110016K
  class space    used 7477K, capacity 7978K, committed 8064K, reserved 1048576K
}

