# JRE version: OpenJDK Runtime Environment (8.0_212-b04) (build 1.8.0_212-b04)
# Java VM: OpenJDK 64-Bit Server VM (25.212-b04 mixed mode linux-amd64 compressed oops)
Heap:
 PSYoungGen      total 611840K, used 265289K [0x00000000d5580000, 0x0000000100000000, 0x0000000100000000)
  eden space 524800K, 50% used [0x00000000d5580000,0x00000000e5892450,0x00000000f5600000)
  from space 87040K, 0% used [0x00000000fab00000,0x00000000fab00000,0x0000000100000000)
  to   space 87040K, 0% used [0x00000000f5600000,0x00000000f5600000,0x00000000fab00000)
 ParOldGen       total 1398272K, used 32576K [0x0000000080000000, 0x00000000d5580000, 0x00000000d5580000)
  object space 1398272K, 2% used [0x0000000080000000,0x0000000081fd0050,0x00000000d5580000)
 Metaspace       used 64711K, capacity 67165K, committed 67328K, reserved 1107968K
  class space    used 7469K, capacity 7917K, committed 7936K, reserved 1048576K
GC Heap History (10 events):
Event: 4.231 GC heap before
{Heap before GC invocations=3 (full 1):
 PSYoungGen      total 611840K, used 467148K [0x00000000d5580000, 0x0000000100000000, 0x0000000100000000)
  eden space 524800K, 89% used [0x00000000d5580000,0x00000000f1db3360,0x00000000f5600000)
  from space 87040K, 0% used [0x00000000f5600000,0x00000000f5600000,0x00000000fab00000)
  to   space 87040K, 0% used [0x00000000fab00000,0x00000000fab00000,0x0000000100000000)
 ParOldGen       total 879616K, used 14254K [0x0000000080000000, 0x00000000b5b00000, 0x00000000d5580000)
  object space 879616K, 1% used [0x0000000080000000,0x0000000080deb910,0x00000000b5b00000)
 Metaspace       used 34713K, capacity 35086K, committed 35416K, reserved 1081344K
  class space    used 3960K, capacity 4059K, committed 4096K, reserved 1048576K
Event: 4.257 GC heap after
Heap after GC invocations=3 (full 1):
 PSYoungGen      total 611840K, used 18918K [0x00000000d5580000, 0x0000000100000000, 0x0000000100000000)
  eden space 524800K, 0% used [0x00000000d5580000,0x00000000d5580000,0x00000000f5600000)
  from space 87040K, 21% used [0x00000000fab00000,0x00000000fbd79a40,0x0000000100000000)
  to   space 87040K, 0% used [0x00000000f5600000,0x00000000f5600000,0x00000000fab00000)
 ParOldGen       total 879616K, used 14254K [0x0000000080000000, 0x00000000b5b00000, 0x00000000d5580000)
  object space 879616K, 1% used [0x0000000080000000,0x0000000080deb910,0x00000000b5b00000)
 Metaspace       used 34713K, capacity 35086K, committed 35416K, reserved 1081344K
  class space    used 3960K, capacity 4059K, committed 4096K, reserved 1048576K
}
Event: 4.257 GC heap before
{Heap before GC invocations=4 (full 2):
 PSYoungGen      total 611840K, used 18918K [0x00000000d5580000, 0x0000000100000000, 0x0000000100000000)
  eden space 524800K, 0% used [0x00000000d5580000,0x00000000d5580000,0x00000000f5600000)
  from space 87040K, 21% used [0x00000000fab00000,0x00000000fbd79a40,0x0000000100000000)
  to   space 87040K, 0% used [0x00000000f5600000,0x00000000f5600000,0x00000000fab00000)
 ParOldGen       total 879616K, used 14254K [0x0000000080000000, 0x00000000b5b00000, 0x00000000d5580000)
  object space 879616K, 1% used [0x0000000080000000,0x0000000080deb910,0x00000000b5b00000)
 Metaspace       used 34713K, capacity 35086K, committed 35416K, reserved 1081344K
  class space    used 3960K, capacity 4059K, committed 4096K, reserved 1048576K
Event: 4.331 GC heap after
Heap after GC invocations=4 (full 2):
 PSYoungGen      total 611840K, used 0K [0x00000000d5580000, 0x0000000100000000, 0x0000000100000000)
  eden space 524800K, 0% used [0x00000000d5580000,0x00000000d5580000,0x00000000f5600000)
  from space 87040K, 0% used [0x00000000fab00000,0x00000000fab00000,0x0000000100000000)
  to   space 87040K, 0% used [0x00000000f5600000,0x00000000f5600000,0x00000000fab00000)
 ParOldGen       total 1398272K, used 23537K [0x0000000080000000, 0x00000000d5580000, 0x00000000d5580000)
  object space 1398272K, 1% used [0x0000000080000000,0x00000000816fc6c0,0x00000000d5580000)
 Metaspace       used 34713K, capacity 35086K, committed 35416K, reserved 1081344K
  class space    used 3960K, capacity 4059K, committed 4096K, reserved 1048576K
}
Event: 10.443 GC heap before
{Heap before GC invocations=5 (full 2):
 PSYoungGen      total 611840K, used 524800K [0x00000000d5580000, 0x0000000100000000, 0x0000000100000000)
  eden space 524800K, 100% used [0x00000000d5580000,0x00000000f5600000,0x00000000f5600000)
  from space 87040K, 0% used [0x00000000fab00000,0x00000000fab00000,0x0000000100000000)
  to   space 87040K, 0% used [0x00000000f5600000,0x00000000f5600000,0x00000000fab00000)
 ParOldGen       total 1398272K, used 23537K [0x0000000080000000, 0x00000000d5580000, 0x00000000d5580000)
  object space 1398272K, 1% used [0x0000000080000000,0x00000000816fc6c0,0x00000000d5580000)
 Metaspace       used 51353K, capacity 52648K, committed 52736K, reserved 1095680K
  class space    used 6060K, capacity 6320K, committed 6400K, reserved 1048576K
Event: 10.507 GC heap after
Heap after GC invocations=5 (full 2):
 PSYoungGen      total 611840K, used 24933K [0x00000000d5580000, 0x0000000100000000, 0x0000000100000000)
  eden space 524800K, 0% used [0x00000000d5580000,0x00000000d5580000,0x00000000f5600000)
  from space 87040K, 28% used [0x00000000f5600000,0x00000000f6e59648,0x00000000fab00000)
  to   space 87040K, 0% used [0x00000000fab00000,0x00000000fab00000,0x0000000100000000)
 ParOldGen       total 1398272K, used 23545K [0x0000000080000000, 0x00000000d5580000, 0x00000000d5580000)
  object space 1398272K, 1% used [0x0000000080000000,0x00000000816fe6c0,0x00000000d5580000)
 Metaspace       used 51353K, capacity 52648K, committed 52736K, reserved 1095680K
  class space    used 6060K, capacity 6320K, committed 6400K, reserved 1048576K
}
Event: 11.266 GC heap before
{Heap before GC invocations=6 (full 2):
 PSYoungGen      total 611840K, used 212172K [0x00000000d5580000, 0x0000000100000000, 0x0000000100000000)
  eden space 524800K, 35% used [0x00000000d5580000,0x00000000e0c59ae0,0x00000000f5600000)
  from space 87040K, 28% used [0x00000000f5600000,0x00000000f6e59648,0x00000000fab00000)
  to   space 87040K, 0% used [0x00000000fab00000,0x00000000fab00000,0x0000000100000000)
 ParOldGen       total 1398272K, used 23545K [0x0000000080000000, 0x00000000d5580000, 0x00000000d5580000)
  object space 1398272K, 1% used [0x0000000080000000,0x00000000816fe6c0,0x00000000d5580000)
 Metaspace       used 57465K, capacity 58801K, committed 59028K, reserved 1101824K
  class space    used 6647K, capacity 6912K, committed 6912K, reserved 1048576K
Event: 11.293 GC heap after
Heap after GC invocations=6 (full 2):
 PSYoungGen      total 611840K, used 21044K [0x00000000d5580000, 0x0000000100000000, 0x0000000100000000)
  eden space 524800K, 0% used [0x00000000d5580000,0x00000000d5580000,0x00000000f5600000)
  from space 87040K, 24% used [0x00000000fab00000,0x00000000fbf8d3f8,0x0000000100000000)
  to   space 87040K, 0% used [0x00000000f5600000,0x00000000f5600000,0x00000000fab00000)
 ParOldGen       total 1398272K, used 23553K [0x0000000080000000, 0x00000000d5580000, 0x00000000d5580000)
  object space 1398272K, 1% used [0x0000000080000000,0x00000000817006c0,0x00000000d5580000)
 Metaspace       used 57465K, capacity 58801K, committed 59028K, reserved 1101824K
  class space    used 6647K, capacity 6912K, committed 6912K, reserved 1048576K
}
Event: 11.293 GC heap before
{Heap before GC invocations=7 (full 3):
 PSYoungGen      total 611840K, used 21044K [0x00000000d5580000, 0x0000000100000000, 0x0000000100000000)
  eden space 524800K, 0% used [0x00000000d5580000,0x00000000d5580000,0x00000000f5600000)
  from space 87040K, 24% used [0x00000000fab00000,0x00000000fbf8d3f8,0x0000000100000000)
  to   space 87040K, 0% used [0x00000000f5600000,0x00000000f5600000,0x00000000fab00000)
 ParOldGen       total 1398272K, used 23553K [0x0000000080000000, 0x00000000d5580000, 0x00000000d5580000)
  object space 1398272K, 1% used [0x0000000080000000,0x00000000817006c0,0x00000000d5580000)
 Metaspace       used 57465K, capacity 58801K, committed 59028K, reserved 1101824K
  class space    used 6647K, capacity 6912K, committed 6912K, reserved 1048576K
Event: 11.501 GC heap after
Heap after GC invocations=7 (full 3):
 PSYoungGen      total 611840K, used 0K [0x00000000d5580000, 0x0000000100000000, 0x0000000100000000)
  eden space 524800K, 0% used [0x00000000d5580000,0x00000000d5580000,0x00000000f5600000)
  from space 87040K, 0% used [0x00000000fab00000,0x00000000fab00000,0x0000000100000000)
  to   space 87040K, 0% used [0x00000000f5600000,0x00000000f5600000,0x00000000fab00000)
 ParOldGen       total 1398272K, used 32576K [0x0000000080000000, 0x00000000d5580000, 0x00000000d5580000)
  object space 1398272K, 2% used [0x0000000080000000,0x0000000081fd0050,0x00000000d5580000)
 Metaspace       used 57440K, capacity 58741K, committed 59028K, reserved 1101824K
  class space    used 6639K, capacity 6898K, committed 6912K, reserved 1048576K
}

