# JRE version: OpenJDK Runtime Environment (8.0_212-b04) (build 1.8.0_212-b04)
# Java VM: OpenJDK 64-Bit Server VM (25.212-b04 mixed mode linux-amd64 compressed oops)
Heap:
 PSYoungGen      total 611840K, used 245792K [0x00000000d5580000, 0x0000000100000000, 0x0000000100000000)
  eden space 524800K, 46% used [0x00000000d5580000,0x00000000e45883a0,0x00000000f5600000)
  from space 87040K, 0% used [0x00000000fab00000,0x00000000fab00000,0x0000000100000000)
  to   space 87040K, 0% used [0x00000000f5600000,0x00000000f5600000,0x00000000fab00000)
 ParOldGen       total 1398272K, used 31770K [0x0000000080000000, 0x00000000d5580000, 0x00000000d5580000)
  object space 1398272K, 2% used [0x0000000080000000,0x0000000081f06980,0x00000000d5580000)
 Metaspace       used 63365K, capacity 65732K, committed 65920K, reserved 1107968K
  class space    used 7282K, capacity 7720K, committed 7808K, reserved 1048576K
GC Heap History (10 events):
Event: 5.438 GC heap before
{Heap before GC invocations=3 (full 1):
 PSYoungGen      total 611840K, used 436710K [0x00000000d5580000, 0x0000000100000000, 0x0000000100000000)
  eden space 524800K, 83% used [0x00000000d5580000,0x00000000efff9a40,0x00000000f5600000)
  from space 87040K, 0% used [0x00000000f5600000,0x00000000f5600000,0x00000000fab00000)
  to   space 87040K, 0% used [0x00000000fab00000,0x00000000fab00000,0x0000000100000000)
 ParOldGen       total 895488K, used 13737K [0x0000000080000000, 0x00000000b6a80000, 0x00000000d5580000)
  object space 895488K, 1% used [0x0000000080000000,0x0000000080d6a5e8,0x00000000b6a80000)
 Metaspace       used 34811K, capacity 35182K, committed 35416K, reserved 1081344K
  class space    used 3975K, capacity 4091K, committed 4096K, reserved 1048576K
Event: 5.477 GC heap after
Heap after GC invocations=3 (full 1):
 PSYoungGen      total 611840K, used 19166K [0x00000000d5580000, 0x0000000100000000, 0x0000000100000000)
  eden space 524800K, 0% used [0x00000000d5580000,0x00000000d5580000,0x00000000f5600000)
  from space 87040K, 22% used [0x00000000fab00000,0x00000000fbdb78c8,0x0000000100000000)
  to   space 87040K, 0% used [0x00000000f5600000,0x00000000f5600000,0x00000000fab00000)
 ParOldGen       total 895488K, used 13745K [0x0000000080000000, 0x00000000b6a80000, 0x00000000d5580000)
  object space 895488K, 1% used [0x0000000080000000,0x0000000080d6c5e8,0x00000000b6a80000)
 Metaspace       used 34811K, capacity 35182K, committed 35416K, reserved 1081344K
  class space    used 3975K, capacity 4091K, committed 4096K, reserved 1048576K
}
Event: 5.477 GC heap before
{Heap before GC invocations=4 (full 2):
 PSYoungGen      total 611840K, used 19166K [0x00000000d5580000, 0x0000000100000000, 0x0000000100000000)
  eden space 524800K, 0% used [0x00000000d5580000,0x00000000d5580000,0x00000000f5600000)
  from space 87040K, 22% used [0x00000000fab00000,0x00000000fbdb78c8,0x0000000100000000)
  to   space 87040K, 0% used [0x00000000f5600000,0x00000000f5600000,0x00000000fab00000)
 ParOldGen       total 895488K, used 13745K [0x0000000080000000, 0x00000000b6a80000, 0x00000000d5580000)
  object space 895488K, 1% used [0x0000000080000000,0x0000000080d6c5e8,0x00000000b6a80000)
 Metaspace       used 34811K, capacity 35182K, committed 35416K, reserved 1081344K
  class space    used 3975K, capacity 4091K, committed 4096K, reserved 1048576K
Event: 5.584 GC heap after
Heap after GC invocations=4 (full 2):
 PSYoungGen      total 611840K, used 0K [0x00000000d5580000, 0x0000000100000000, 0x0000000100000000)
  eden space 524800K, 0% used [0x00000000d5580000,0x00000000d5580000,0x00000000f5600000)
  from space 87040K, 0% used [0x00000000fab00000,0x00000000fab00000,0x0000000100000000)
  to   space 87040K, 0% used [0x00000000f5600000,0x00000000f5600000,0x00000000fab00000)
 ParOldGen       total 1398272K, used 23602K [0x0000000080000000, 0x00000000d5580000, 0x00000000d5580000)
  object space 1398272K, 1% used [0x0000000080000000,0x000000008170cb40,0x00000000d5580000)
 Metaspace       used 34811K, capacity 35182K, committed 35416K, reserved 1081344K
  class space    used 3975K, capacity 4091K, committed 4096K, reserved 1048576K
}
Event: 12.329 GC heap before
{Heap before GC invocations=5 (full 2):
 PSYoungGen      total 611840K, used 524800K [0x00000000d5580000, 0x0000000100000000, 0x0000000100000000)
  eden space 524800K, 100% used [0x00000000d5580000,0x00000000f5600000,0x00000000f5600000)
  from space 87040K, 0% used [0x00000000fab00000,0x00000000fab00000,0x0000000100000000)
  to   space 87040K, 0% used [0x00000000f5600000,0x00000000f5600000,0x00000000fab00000)
 ParOldGen       total 1398272K, used 23602K [0x0000000080000000, 0x00000000d5580000, 0x00000000d5580000)
  object space 1398272K, 1% used [0x0000000080000000,0x000000008170cb40,0x00000000d5580000)
 Metaspace       used 49825K, capacity 50964K, committed 51200K, reserved 1093632K
  class space    used 5843K, capacity 6070K, committed 6144K, reserved 1048576K
Event: 12.399 GC heap after
Heap after GC invocations=5 (full 2):
 PSYoungGen      total 611840K, used 22403K [0x00000000d5580000, 0x0000000100000000, 0x0000000100000000)
  eden space 524800K, 0% used [0x00000000d5580000,0x00000000d5580000,0x00000000f5600000)
  from space 87040K, 25% used [0x00000000f5600000,0x00000000f6be0e70,0x00000000fab00000)
  to   space 87040K, 0% used [0x00000000fab00000,0x00000000fab00000,0x0000000100000000)
 ParOldGen       total 1398272K, used 23610K [0x0000000080000000, 0x00000000d5580000, 0x00000000d5580000)
  object space 1398272K, 1% used [0x0000000080000000,0x000000008170eb40,0x00000000d5580000)
 Metaspace       used 49825K, capacity 50964K, committed 51200K, reserved 1093632K
  class space    used 5843K, capacity 6070K, committed 6144K, reserved 1048576K
}
Event: 14.096 GC heap before
{Heap before GC invocations=6 (full 2):
 PSYoungGen      total 611840K, used 180918K [0x00000000d5580000, 0x0000000100000000, 0x0000000100000000)
  eden space 524800K, 30% used [0x00000000d5580000,0x00000000df04ca90,0x00000000f5600000)
  from space 87040K, 25% used [0x00000000f5600000,0x00000000f6be0e70,0x00000000fab00000)
  to   space 87040K, 0% used [0x00000000fab00000,0x00000000fab00000,0x0000000100000000)
 ParOldGen       total 1398272K, used 23610K [0x0000000080000000, 0x00000000d5580000, 0x00000000d5580000)
  object space 1398272K, 1% used [0x0000000080000000,0x000000008170eb40,0x00000000d5580000)
 Metaspace       used 57460K, capacity 58868K, committed 59008K, reserved 1101824K
  class space    used 6645K, capacity 6946K, committed 7040K, reserved 1048576K
Event: 14.130 GC heap after
Heap after GC invocations=6 (full 2):
 PSYoungGen      total 611840K, used 20489K [0x00000000d5580000, 0x0000000100000000, 0x0000000100000000)
  eden space 524800K, 0% used [0x00000000d5580000,0x00000000d5580000,0x00000000f5600000)
  from space 87040K, 23% used [0x00000000fab00000,0x00000000fbf02690,0x0000000100000000)
  to   space 87040K, 0% used [0x00000000f5600000,0x00000000f5600000,0x00000000fab00000)
 ParOldGen       total 1398272K, used 23618K [0x0000000080000000, 0x00000000d5580000, 0x00000000d5580000)
  object space 1398272K, 1% used [0x0000000080000000,0x0000000081710b40,0x00000000d5580000)
 Metaspace       used 57460K, capacity 58868K, committed 59008K, reserved 1101824K
  class space    used 6645K, capacity 6946K, committed 7040K, reserved 1048576K
}
Event: 14.130 GC heap before
{Heap before GC invocations=7 (full 3):
 PSYoungGen      total 611840K, used 20489K [0x00000000d5580000, 0x0000000100000000, 0x0000000100000000)
  eden space 524800K, 0% used [0x00000000d5580000,0x00000000d5580000,0x00000000f5600000)
  from space 87040K, 23% used [0x00000000fab00000,0x00000000fbf02690,0x0000000100000000)
  to   space 87040K, 0% used [0x00000000f5600000,0x00000000f5600000,0x00000000fab00000)
 ParOldGen       total 1398272K, used 23618K [0x0000000080000000, 0x00000000d5580000, 0x00000000d5580000)
  object space 1398272K, 1% used [0x0000000080000000,0x0000000081710b40,0x00000000d5580000)
 Metaspace       used 57460K, capacity 58868K, committed 59008K, reserved 1101824K
  class space    used 6645K, capacity 6946K, committed 7040K, reserved 1048576K
Event: 14.377 GC heap after
Heap after GC invocations=7 (full 3):
 PSYoungGen      total 611840K, used 0K [0x00000000d5580000, 0x0000000100000000, 0x0000000100000000)
  eden space 524800K, 0% used [0x00000000d5580000,0x00000000d5580000,0x00000000f5600000)
  from space 87040K, 0% used [0x00000000fab00000,0x00000000fab00000,0x0000000100000000)
  to   space 87040K, 0% used [0x00000000f5600000,0x00000000f5600000,0x00000000fab00000)
 ParOldGen       total 1398272K, used 31770K [0x0000000080000000, 0x00000000d5580000, 0x00000000d5580000)
  object space 1398272K, 2% used [0x0000000080000000,0x0000000081f06980,0x00000000d5580000)
 Metaspace       used 57441K, capacity 58820K, committed 59008K, reserved 1101824K
  class space    used 6638K, capacity 6934K, committed 7040K, reserved 1048576K
}

