# JRE version: OpenJDK Runtime Environment (8.0_212-b04) (build 1.8.0_212-b04)
# Java VM: OpenJDK 64-Bit Server VM (25.212-b04 mixed mode linux-amd64 compressed oops)
Heap:
 PSYoungGen      total 611840K, used 92550K [0x00000000d5580000, 0x0000000100000000, 0x0000000100000000)
  eden space 524800K, 17% used [0x00000000d5580000,0x00000000dafe1ab0,0x00000000f5600000)
  from space 87040K, 0% used [0x00000000f5600000,0x00000000f5600000,0x00000000fab00000)
  to   space 87040K, 0% used [0x00000000fab00000,0x00000000fab00000,0x0000000100000000)
 ParOldGen       total 1398272K, used 37887K [0x0000000080000000, 0x00000000d5580000, 0x00000000d5580000)
  object space 1398272K, 2% used [0x0000000080000000,0x00000000824ffe18,0x00000000d5580000)
 Metaspace       used 59361K, capacity 60736K, committed 60928K, reserved 1103872K
  class space    used 6865K, capacity 7138K, committed 7168K, reserved 1048576K
GC Heap History (10 events):
Event: 2.206 GC heap before
{Heap before GC invocations=2 (full 1):
 PSYoungGen      total 611840K, used 14265K [0x00000000d5580000, 0x0000000100000000, 0x0000000100000000)
  eden space 524800K, 0% used [0x00000000d5580000,0x00000000d5580000,0x00000000f5600000)
  from space 87040K, 16% used [0x00000000f5600000,0x00000000f63ee798,0x00000000fab00000)
  to   space 87040K, 0% used [0x00000000fab00000,0x00000000fab00000,0x0000000100000000)
 ParOldGen       total 1398272K, used 80K [0x0000000080000000, 0x00000000d5580000, 0x00000000d5580000)
  object space 1398272K, 0% used [0x0000000080000000,0x0000000080014010,0x00000000d5580000)
 Metaspace       used 20825K, capacity 21106K, committed 21248K, reserved 1069056K
  class space    used 2367K, capacity 2482K, committed 2560K, reserved 1048576K
Event: 2.280 GC heap after
Heap after GC invocations=2 (full 1):
 PSYoungGen      total 611840K, used 0K [0x00000000d5580000, 0x0000000100000000, 0x0000000100000000)
  eden space 524800K, 0% used [0x00000000d5580000,0x00000000d5580000,0x00000000f5600000)
  from space 87040K, 0% used [0x00000000f5600000,0x00000000f5600000,0x00000000fab00000)
  to   space 87040K, 0% used [0x00000000fab00000,0x00000000fab00000,0x0000000100000000)
 ParOldGen       total 921600K, used 13711K [0x0000000080000000, 0x00000000b8400000, 0x00000000d5580000)
  object space 921600K, 1% used [0x0000000080000000,0x0000000080d63ef8,0x00000000b8400000)
 Metaspace       used 20825K, capacity 21106K, committed 21248K, reserved 1069056K
  class space    used 2367K, capacity 2482K, committed 2560K, reserved 1048576K
}
Event: 4.964 GC heap before
{Heap before GC invocations=3 (full 1):
 PSYoungGen      total 611840K, used 434803K [0x00000000d5580000, 0x0000000100000000, 0x0000000100000000)
  eden space 524800K, 82% used [0x00000000d5580000,0x00000000efe1cc88,0x00000000f5600000)
  from space 87040K, 0% used [0x00000000f5600000,0x00000000f5600000,0x00000000fab00000)
  to   space 87040K, 0% used [0x00000000fab00000,0x00000000fab00000,0x0000000100000000)
 ParOldGen       total 921600K, used 13711K [0x0000000080000000, 0x00000000b8400000, 0x00000000d5580000)
  object space 921600K, 1% used [0x0000000080000000,0x0000000080d63ef8,0x00000000b8400000)
 Metaspace       used 34779K, capacity 35182K, committed 35416K, reserved 1081344K
  class space    used 3973K, capacity 4091K, committed 4096K, reserved 1048576K
Event: 5.001 GC heap after
Heap after GC invocations=3 (full 1):
 PSYoungGen      total 611840K, used 19194K [0x00000000d5580000, 0x0000000100000000, 0x0000000100000000)
  eden space 524800K, 0% used [0x00000000d5580000,0x00000000d5580000,0x00000000f5600000)
  from space 87040K, 22% used [0x00000000fab00000,0x00000000fbdbea10,0x0000000100000000)
  to   space 87040K, 0% used [0x00000000f5600000,0x00000000f5600000,0x00000000fab00000)
 ParOldGen       total 921600K, used 13711K [0x0000000080000000, 0x00000000b8400000, 0x00000000d5580000)
  object space 921600K, 1% used [0x0000000080000000,0x0000000080d63ef8,0x00000000b8400000)
 Metaspace       used 34779K, capacity 35182K, committed 35416K, reserved 1081344K
  class space    used 3973K, capacity 4091K, committed 4096K, reserved 1048576K
}
Event: 5.001 GC heap before
{Heap before GC invocations=4 (full 2):
 PSYoungGen      total 611840K, used 19194K [0x00000000d5580000, 0x0000000100000000, 0x0000000100000000)
  eden space 524800K, 0% used [0x00000000d5580000,0x00000000d5580000,0x00000000f5600000)
  from space 87040K, 22% used [0x00000000fab00000,0x00000000fbdbea10,0x0000000100000000)
  to   space 87040K, 0% used [0x00000000f5600000,0x00000000f5600000,0x00000000fab00000)
 ParOldGen       total 921600K, used 13711K [0x0000000080000000, 0x00000000b8400000, 0x00000000d5580000)
  object space 921600K, 1% used [0x0000000080000000,0x0000000080d63ef8,0x00000000b8400000)
 Metaspace       used 34779K, capacity 35182K, committed 35416K, reserved 1081344K
  class space    used 3973K, capacity 4091K, committed 4096K, reserved 1048576K
Event: 5.092 GC heap after
Heap after GC invocations=4 (full 2):
 PSYoungGen      total 611840K, used 0K [0x00000000d5580000, 0x0000000100000000, 0x0000000100000000)
  eden space 524800K, 0% used [0x00000000d5580000,0x00000000d5580000,0x00000000f5600000)
  from space 87040K, 0% used [0x00000000fab00000,0x00000000fab00000,0x0000000100000000)
  to   space 87040K, 0% used [0x00000000f5600000,0x00000000f5600000,0x00000000fab00000)
 ParOldGen       total 1398272K, used 23571K [0x0000000080000000, 0x00000000d5580000, 0x00000000d5580000)
  object space 1398272K, 1% used [0x0000000080000000,0x0000000081704fd0,0x00000000d5580000)
 Metaspace       used 34779K, capacity 35182K, committed 35416K, reserved 1081344K
  class space    used 3973K, capacity 4091K, committed 4096K, reserved 1048576K
}
Event: 11.429 GC heap before
{Heap before GC invocations=5 (full 2):
 PSYoungGen      total 611840K, used 322059K [0x00000000d5580000, 0x0000000100000000, 0x0000000100000000)
  eden space 524800K, 61% used [0x00000000d5580000,0x00000000e9002c98,0x00000000f5600000)
  from space 87040K, 0% used [0x00000000fab00000,0x00000000fab00000,0x0000000100000000)
  to   space 87040K, 0% used [0x00000000f5600000,0x00000000f5600000,0x00000000fab00000)
 ParOldGen       total 1398272K, used 23571K [0x0000000080000000, 0x00000000d5580000, 0x00000000d5580000)
  object space 1398272K, 1% used [0x0000000080000000,0x0000000081704fd0,0x00000000d5580000)
 Metaspace       used 57516K, capacity 58864K, committed 59008K, reserved 1101824K
  class space    used 6693K, capacity 6966K, committed 7040K, reserved 1048576K
Event: 11.472 GC heap after
Heap after GC invocations=5 (full 2):
 PSYoungGen      total 611840K, used 27289K [0x00000000d5580000, 0x0000000100000000, 0x0000000100000000)
  eden space 524800K, 0% used [0x00000000d5580000,0x00000000d5580000,0x00000000f5600000)
  from space 87040K, 31% used [0x00000000f5600000,0x00000000f70a6538,0x00000000fab00000)
  to   space 87040K, 0% used [0x00000000fab00000,0x00000000fab00000,0x0000000100000000)
 ParOldGen       total 1398272K, used 23579K [0x0000000080000000, 0x00000000d5580000, 0x00000000d5580000)
  object space 1398272K, 1% used [0x0000000080000000,0x0000000081706fd0,0x00000000d5580000)
 Metaspace       used 57516K, capacity 58864K, committed 59008K, reserved 1101824K
  class space    used 6693K, capacity 6966K, committed 7040K, reserved 1048576K
}
Event: 11.472 GC heap before
{Heap before GC invocations=6 (full 3):
 PSYoungGen      total 611840K, used 27289K [0x00000000d5580000, 0x0000000100000000, 0x0000000100000000)
  eden space 524800K, 0% used [0x00000000d5580000,0x00000000d5580000,0x00000000f5600000)
  from space 87040K, 31% used [0x00000000f5600000,0x00000000f70a6538,0x00000000fab00000)
  to   space 87040K, 0% used [0x00000000fab00000,0x00000000fab00000,0x0000000100000000)
 ParOldGen       total 1398272K, used 23579K [0x0000000080000000, 0x00000000d5580000, 0x00000000d5580000)
  object space 1398272K, 1% used [0x0000000080000000,0x0000000081706fd0,0x00000000d5580000)
 Metaspace       used 57516K, capacity 58864K, committed 59008K, reserved 1101824K
  class space    used 6693K, capacity 6966K, committed 7040K, reserved 1048576K
Event: 11.668 GC heap after
Heap after GC invocations=6 (full 3):
 PSYoungGen      total 611840K, used 0K [0x00000000d5580000, 0x0000000100000000, 0x0000000100000000)
  eden space 524800K, 0% used [0x00000000d5580000,0x00000000d5580000,0x00000000f5600000)
  from space 87040K, 0% used [0x00000000f5600000,0x00000000f5600000,0x00000000fab00000)
  to   space 87040K, 0% used [0x00000000fab00000,0x00000000fab00000,0x0000000100000000)
 ParOldGen       total 1398272K, used 37887K [0x0000000080000000, 0x00000000d5580000, 0x00000000d5580000)
  object space 1398272K, 2% used [0x0000000080000000,0x00000000824ffe18,0x00000000d5580000)
 Metaspace       used 57510K, capacity 58850K, committed 59008K, reserved 1101824K
  class space    used 6690K, capacity 6961K, committed 7040K, reserved 1048576K
}

