# JRE version: OpenJDK Runtime Environment (8.0_212-b04) (build 1.8.0_212-b04)
# Java VM: OpenJDK 64-Bit Server VM (25.212-b04 mixed mode linux-amd64 compressed oops)
Heap:
 PSYoungGen      total 521728K, used 378853K [0x00000000d5580000, 0x0000000100000000, 0x0000000100000000)
  eden space 434688K, 67% used [0x00000000d5580000,0x00000000e727fe20,0x00000000efe00000)
  from space 87040K, 99% used [0x00000000fab00000,0x00000000ffff9978,0x0000000100000000)
  to   space 132096K, 0% used [0x00000000efe00000,0x00000000efe00000,0x00000000f7f00000)
 ParOldGen       total 1398272K, used 66627K [0x0000000080000000, 0x00000000d5580000, 0x00000000d5580000)
  object space 1398272K, 4% used [0x0000000080000000,0x0000000084110c30,0x00000000d5580000)
 Metaspace       used 70868K, capacity 74143K, committed 74368K, reserved 1116160K
  class space    used 7715K, capacity 8286K, committed 8320K, reserved 1048576K
GC Heap History (10 events):
Event: 13.125 GC heap before
{Heap before GC invocations=5 (full 2):
 PSYoungGen      total 611840K, used 380422K [0x00000000d5580000, 0x0000000100000000, 0x0000000100000000)
  eden space 524800K, 72% used [0x00000000d5580000,0x00000000ec901988,0x00000000f5600000)
  from space 87040K, 0% used [0x00000000fab00000,0x00000000fab00000,0x0000000100000000)
  to   space 87040K, 0% used [0x00000000f5600000,0x00000000f5600000,0x00000000fab00000)
 ParOldGen       total 1398272K, used 22996K [0x0000000080000000, 0x00000000d5580000, 0x00000000d5580000)
  object space 1398272K, 1% used [0x0000000080000000,0x0000000081675050,0x00000000d5580000)
 Metaspace       used 57078K, capacity 58835K, committed 59008K, reserved 1101824K
  class space    used 6670K, capacity 7006K, committed 7040K, reserved 1048576K
Event: 13.186 GC heap after
Heap after GC invocations=5 (full 2):
 PSYoungGen      total 611840K, used 34007K [0x00000000d5580000, 0x0000000100000000, 0x0000000100000000)
  eden space 524800K, 0% used [0x00000000d5580000,0x00000000d5580000,0x00000000f5600000)
  from space 87040K, 39% used [0x00000000f5600000,0x00000000f7735f28,0x00000000fab00000)
  to   space 87040K, 0% used [0x00000000fab00000,0x00000000fab00000,0x0000000100000000)
 ParOldGen       total 1398272K, used 23004K [0x0000000080000000, 0x00000000d5580000, 0x00000000d5580000)
  object space 1398272K, 1% used [0x0000000080000000,0x0000000081677050,0x00000000d5580000)
 Metaspace       used 57078K, capacity 58835K, committed 59008K, reserved 1101824K
  class space    used 6670K, capacity 7006K, committed 7040K, reserved 1048576K
}
Event: 13.186 GC heap before
{Heap before GC invocations=6 (full 3):
 PSYoungGen      total 611840K, used 34007K [0x00000000d5580000, 0x0000000100000000, 0x0000000100000000)
  eden space 524800K, 0% used [0x00000000d5580000,0x00000000d5580000,0x00000000f5600000)
  from space 87040K, 39% used [0x00000000f5600000,0x00000000f7735f28,0x00000000fab00000)
  to   space 87040K, 0% used [0x00000000fab00000,0x00000000fab00000,0x0000000100000000)
 ParOldGen       total 1398272K, used 23004K [0x0000000080000000, 0x00000000d5580000, 0x00000000d5580000)
  object space 1398272K, 1% used [0x0000000080000000,0x0000000081677050,0x00000000d5580000)
 Metaspace       used 57078K, capacity 58835K, committed 59008K, reserved 1101824K
  class space    used 6670K, capacity 7006K, committed 7040K, reserved 1048576K
Event: 13.423 GC heap after
Heap after GC invocations=6 (full 3):
 PSYoungGen      total 611840K, used 0K [0x00000000d5580000, 0x0000000100000000, 0x0000000100000000)
  eden space 524800K, 0% used [0x00000000d5580000,0x00000000d5580000,0x00000000f5600000)
  from space 87040K, 0% used [0x00000000f5600000,0x00000000f5600000,0x00000000fab00000)
  to   space 87040K, 0% used [0x00000000fab00000,0x00000000fab00000,0x0000000100000000)
 ParOldGen       total 1398272K, used 44126K [0x0000000080000000, 0x00000000d5580000, 0x00000000d5580000)
  object space 1398272K, 3% used [0x0000000080000000,0x0000000082b17900,0x00000000d5580000)
 Metaspace       used 57035K, capacity 58719K, committed 59008K, reserved 1101824K
  class space    used 6656K, capacity 6980K, committed 7040K, reserved 1048576K
}
Event: 61.697 GC heap before
{Heap before GC invocations=7 (full 3):
 PSYoungGen      total 611840K, used 524800K [0x00000000d5580000, 0x0000000100000000, 0x0000000100000000)
  eden space 524800K, 100% used [0x00000000d5580000,0x00000000f5600000,0x00000000f5600000)
  from space 87040K, 0% used [0x00000000f5600000,0x00000000f5600000,0x00000000fab00000)
  to   space 87040K, 0% used [0x00000000fab00000,0x00000000fab00000,0x0000000100000000)
 ParOldGen       total 1398272K, used 44126K [0x0000000080000000, 0x00000000d5580000, 0x00000000d5580000)
  object space 1398272K, 3% used [0x0000000080000000,0x0000000082b17900,0x00000000d5580000)
 Metaspace       used 67537K, capacity 70533K, committed 70656K, reserved 1112064K
  class space    used 7616K, capacity 8159K, committed 8192K, reserved 1048576K
Event: 61.894 GC heap after
Heap after GC invocations=7 (full 3):
 PSYoungGen      total 611840K, used 87035K [0x00000000d5580000, 0x0000000100000000, 0x0000000100000000)
  eden space 524800K, 0% used [0x00000000d5580000,0x00000000d5580000,0x00000000f5600000)
  from space 87040K, 99% used [0x00000000fab00000,0x00000000ffffec68,0x0000000100000000)
  to   space 87040K, 0% used [0x00000000f5600000,0x00000000f5600000,0x00000000fab00000)
 ParOldGen       total 1398272K, used 53106K [0x0000000080000000, 0x00000000d5580000, 0x00000000d5580000)
  object space 1398272K, 3% used [0x0000000080000000,0x00000000833dc9f0,0x00000000d5580000)
 Metaspace       used 67537K, capacity 70533K, committed 70656K, reserved 1112064K
  class space    used 7616K, capacity 8159K, committed 8192K, reserved 1048576K
}
Event: 251.072 GC heap before
{Heap before GC invocations=8 (full 3):
 PSYoungGen      total 611840K, used 611835K [0x00000000d5580000, 0x0000000100000000, 0x0000000100000000)
  eden space 524800K, 100% used [0x00000000d5580000,0x00000000f5600000,0x00000000f5600000)
  from space 87040K, 99% used [0x00000000fab00000,0x00000000ffffec68,0x0000000100000000)
  to   space 87040K, 0% used [0x00000000f5600000,0x00000000f5600000,0x00000000fab00000)
 ParOldGen       total 1398272K, used 53106K [0x0000000080000000, 0x00000000d5580000, 0x00000000d5580000)
  object space 1398272K, 3% used [0x0000000080000000,0x00000000833dc9f0,0x00000000d5580000)
 Metaspace       used 69426K, capacity 72467K, committed 72576K, reserved 1114112K
  class space    used 7660K, capacity 8212K, committed 8320K, reserved 1048576K
Event: 251.267 GC heap after
Heap after GC invocations=8 (full 3):
 PSYoungGen      total 611840K, used 87022K [0x00000000d5580000, 0x0000000100000000, 0x0000000100000000)
  eden space 524800K, 0% used [0x00000000d5580000,0x00000000d5580000,0x00000000f5600000)
  from space 87040K, 99% used [0x00000000f5600000,0x00000000faafbb70,0x00000000fab00000)
  to   space 87040K, 0% used [0x00000000fab00000,0x00000000fab00000,0x0000000100000000)
 ParOldGen       total 1398272K, used 53570K [0x0000000080000000, 0x00000000d5580000, 0x00000000d5580000)
  object space 1398272K, 3% used [0x0000000080000000,0x0000000083450a50,0x00000000d5580000)
 Metaspace       used 69426K, capacity 72467K, committed 72576K, reserved 1114112K
  class space    used 7660K, capacity 8212K, committed 8320K, reserved 1048576K
}
Event: 320.875 GC heap before
{Heap before GC invocations=9 (full 3):
 PSYoungGen      total 611840K, used 611822K [0x00000000d5580000, 0x0000000100000000, 0x0000000100000000)
  eden space 524800K, 100% used [0x00000000d5580000,0x00000000f5600000,0x00000000f5600000)
  from space 87040K, 99% used [0x00000000f5600000,0x00000000faafbb70,0x00000000fab00000)
  to   space 87040K, 0% used [0x00000000fab00000,0x00000000fab00000,0x0000000100000000)
 ParOldGen       total 1398272K, used 53570K [0x0000000080000000, 0x00000000d5580000, 0x00000000d5580000)
  object space 1398272K, 3% used [0x0000000080000000,0x0000000083450a50,0x00000000d5580000)
 Metaspace       used 70439K, capacity 73665K, committed 73856K, reserved 1114112K
  class space    used 7690K, capacity 8249K, committed 8320K, reserved 1048576K
Event: 321.032 GC heap after
Heap after GC invocations=9 (full 3):
 PSYoungGen      total 521728K, used 87014K [0x00000000d5580000, 0x0000000100000000, 0x0000000100000000)
  eden space 434688K, 0% used [0x00000000d5580000,0x00000000d5580000,0x00000000efe00000)
  from space 87040K, 99% used [0x00000000fab00000,0x00000000ffff9978,0x0000000100000000)
  to   space 132096K, 0% used [0x00000000efe00000,0x00000000efe00000,0x00000000f7f00000)
 ParOldGen       total 1398272K, used 66627K [0x0000000080000000, 0x00000000d5580000, 0x00000000d5580000)
  object space 1398272K, 4% used [0x0000000080000000,0x0000000084110c30,0x00000000d5580000)
 Metaspace       used 70439K, capacity 73665K, committed 73856K, reserved 1114112K
  class space    used 7690K, capacity 8249K, committed 8320K, reserved 1048576K
}

