# JRE version: OpenJDK Runtime Environment (8.0_212-b04) (build 1.8.0_212-b04)
# Java VM: OpenJDK 64-Bit Server VM (25.212-b04 mixed mode linux-amd64 compressed oops)
Heap:
 PSYoungGen      total 611840K, used 403681K [0x00000000d5580000, 0x0000000100000000, 0x0000000100000000)
  eden space 524800K, 76% used [0x00000000d5580000,0x00000000edfb8690,0x00000000f5600000)
  from space 87040K, 0% used [0x00000000fab00000,0x00000000fab00000,0x0000000100000000)
  to   space 87040K, 0% used [0x00000000f5600000,0x00000000f5600000,0x00000000fab00000)
 ParOldGen       total 1398272K, used 31349K [0x0000000080000000, 0x00000000d5580000, 0x00000000d5580000)
  object space 1398272K, 2% used [0x0000000080000000,0x0000000081e9d4b0,0x00000000d5580000)
 Metaspace       used 68539K, capacity 71267K, committed 71424K, reserved 1112064K
  class space    used 7866K, capacity 8368K, committed 8448K, reserved 1048576K
GC Heap History (10 events):
Event: 4.039 GC heap before
{Heap before GC invocations=3 (full 1):
 PSYoungGen      total 611840K, used 478286K [0x00000000d5580000, 0x0000000100000000, 0x0000000100000000)
  eden space 524800K, 91% used [0x00000000d5580000,0x00000000f28939b0,0x00000000f5600000)
  from space 87040K, 0% used [0x00000000f5600000,0x00000000f5600000,0x00000000fab00000)
  to   space 87040K, 0% used [0x00000000fab00000,0x00000000fab00000,0x0000000100000000)
 ParOldGen       total 876032K, used 14359K [0x0000000080000000, 0x00000000b5780000, 0x00000000d5580000)
  object space 876032K, 1% used [0x0000000080000000,0x0000000080e05e90,0x00000000b5780000)
 Metaspace       used 34742K, capacity 35086K, committed 35416K, reserved 1081344K
  class space    used 3963K, capacity 4059K, committed 4096K, reserved 1048576K
Event: 4.069 GC heap after
Heap after GC invocations=3 (full 1):
 PSYoungGen      total 611840K, used 18983K [0x00000000d5580000, 0x0000000100000000, 0x0000000100000000)
  eden space 524800K, 0% used [0x00000000d5580000,0x00000000d5580000,0x00000000f5600000)
  from space 87040K, 21% used [0x00000000fab00000,0x00000000fbd89c98,0x0000000100000000)
  to   space 87040K, 0% used [0x00000000f5600000,0x00000000f5600000,0x00000000fab00000)
 ParOldGen       total 876032K, used 14367K [0x0000000080000000, 0x00000000b5780000, 0x00000000d5580000)
  object space 876032K, 1% used [0x0000000080000000,0x0000000080e07e90,0x00000000b5780000)
 Metaspace       used 34742K, capacity 35086K, committed 35416K, reserved 1081344K
  class space    used 3963K, capacity 4059K, committed 4096K, reserved 1048576K
}
Event: 4.069 GC heap before
{Heap before GC invocations=4 (full 2):
 PSYoungGen      total 611840K, used 18983K [0x00000000d5580000, 0x0000000100000000, 0x0000000100000000)
  eden space 524800K, 0% used [0x00000000d5580000,0x00000000d5580000,0x00000000f5600000)
  from space 87040K, 21% used [0x00000000fab00000,0x00000000fbd89c98,0x0000000100000000)
  to   space 87040K, 0% used [0x00000000f5600000,0x00000000f5600000,0x00000000fab00000)
 ParOldGen       total 876032K, used 14367K [0x0000000080000000, 0x00000000b5780000, 0x00000000d5580000)
  object space 876032K, 1% used [0x0000000080000000,0x0000000080e07e90,0x00000000b5780000)
 Metaspace       used 34742K, capacity 35086K, committed 35416K, reserved 1081344K
  class space    used 3963K, capacity 4059K, committed 4096K, reserved 1048576K
Event: 4.147 GC heap after
Heap after GC invocations=4 (full 2):
 PSYoungGen      total 611840K, used 0K [0x00000000d5580000, 0x0000000100000000, 0x0000000100000000)
  eden space 524800K, 0% used [0x00000000d5580000,0x00000000d5580000,0x00000000f5600000)
  from space 87040K, 0% used [0x00000000fab00000,0x00000000fab00000,0x0000000100000000)
  to   space 87040K, 0% used [0x00000000f5600000,0x00000000f5600000,0x00000000fab00000)
 ParOldGen       total 1398272K, used 23807K [0x0000000080000000, 0x00000000d5580000, 0x00000000d5580000)
  object space 1398272K, 1% used [0x0000000080000000,0x000000008173fea8,0x00000000d5580000)
 Metaspace       used 34742K, capacity 35086K, committed 35416K, reserved 1081344K
  class space    used 3963K, capacity 4059K, committed 4096K, reserved 1048576K
}
Event: 10.414 GC heap before
{Heap before GC invocations=5 (full 2):
 PSYoungGen      total 611840K, used 524800K [0x00000000d5580000, 0x0000000100000000, 0x0000000100000000)
  eden space 524800K, 100% used [0x00000000d5580000,0x00000000f5600000,0x00000000f5600000)
  from space 87040K, 0% used [0x00000000fab00000,0x00000000fab00000,0x0000000100000000)
  to   space 87040K, 0% used [0x00000000f5600000,0x00000000f5600000,0x00000000fab00000)
 ParOldGen       total 1398272K, used 23807K [0x0000000080000000, 0x00000000d5580000, 0x00000000d5580000)
  object space 1398272K, 1% used [0x0000000080000000,0x000000008173fea8,0x00000000d5580000)
 Metaspace       used 51551K, capacity 52926K, committed 53248K, reserved 1095680K
  class space    used 6074K, capacity 6325K, committed 6400K, reserved 1048576K
Event: 10.478 GC heap after
Heap after GC invocations=5 (full 2):
 PSYoungGen      total 611840K, used 27452K [0x00000000d5580000, 0x0000000100000000, 0x0000000100000000)
  eden space 524800K, 0% used [0x00000000d5580000,0x00000000d5580000,0x00000000f5600000)
  from space 87040K, 31% used [0x00000000f5600000,0x00000000f70cf038,0x00000000fab00000)
  to   space 87040K, 0% used [0x00000000fab00000,0x00000000fab00000,0x0000000100000000)
 ParOldGen       total 1398272K, used 23815K [0x0000000080000000, 0x00000000d5580000, 0x00000000d5580000)
  object space 1398272K, 1% used [0x0000000080000000,0x0000000081741ea8,0x00000000d5580000)
 Metaspace       used 51551K, capacity 52926K, committed 53248K, reserved 1095680K
  class space    used 6074K, capacity 6325K, committed 6400K, reserved 1048576K
}
Event: 11.144 GC heap before
{Heap before GC invocations=6 (full 2):
 PSYoungGen      total 611840K, used 214916K [0x00000000d5580000, 0x0000000100000000, 0x0000000100000000)
  eden space 524800K, 35% used [0x00000000d5580000,0x00000000e0c922d8,0x00000000f5600000)
  from space 87040K, 31% used [0x00000000f5600000,0x00000000f70cf038,0x00000000fab00000)
  to   space 87040K, 0% used [0x00000000fab00000,0x00000000fab00000,0x0000000100000000)
 ParOldGen       total 1398272K, used 23815K [0x0000000080000000, 0x00000000d5580000, 0x00000000d5580000)
  object space 1398272K, 1% used [0x0000000080000000,0x0000000081741ea8,0x00000000d5580000)
 Metaspace       used 57481K, capacity 58793K, committed 59028K, reserved 1101824K
  class space    used 6642K, capacity 6912K, committed 6912K, reserved 1048576K
Event: 11.171 GC heap after
Heap after GC invocations=6 (full 2):
 PSYoungGen      total 611840K, used 19933K [0x00000000d5580000, 0x0000000100000000, 0x0000000100000000)
  eden space 524800K, 0% used [0x00000000d5580000,0x00000000d5580000,0x00000000f5600000)
  from space 87040K, 22% used [0x00000000fab00000,0x00000000fbe775d0,0x0000000100000000)
  to   space 87040K, 0% used [0x00000000f5600000,0x00000000f5600000,0x00000000fab00000)
 ParOldGen       total 1398272K, used 23823K [0x0000000080000000, 0x00000000d5580000, 0x00000000d5580000)
  object space 1398272K, 1% used [0x0000000080000000,0x0000000081743ea8,0x00000000d5580000)
 Metaspace       used 57481K, capacity 58793K, committed 59028K, reserved 1101824K
  class space    used 6642K, capacity 6912K, committed 6912K, reserved 1048576K
}
Event: 11.171 GC heap before
{Heap before GC invocations=7 (full 3):
 PSYoungGen      total 611840K, used 19933K [0x00000000d5580000, 0x0000000100000000, 0x0000000100000000)
  eden space 524800K, 0% used [0x00000000d5580000,0x00000000d5580000,0x00000000f5600000)
  from space 87040K, 22% used [0x00000000fab00000,0x00000000fbe775d0,0x0000000100000000)
  to   space 87040K, 0% used [0x00000000f5600000,0x00000000f5600000,0x00000000fab00000)
 ParOldGen       total 1398272K, used 23823K [0x0000000080000000, 0x00000000d5580000, 0x00000000d5580000)
  object space 1398272K, 1% used [0x0000000080000000,0x0000000081743ea8,0x00000000d5580000)
 Metaspace       used 57481K, capacity 58793K, committed 59028K, reserved 1101824K
  class space    used 6642K, capacity 6912K, committed 6912K, reserved 1048576K
Event: 11.386 GC heap after
Heap after GC invocations=7 (full 3):
 PSYoungGen      total 611840K, used 0K [0x00000000d5580000, 0x0000000100000000, 0x0000000100000000)
  eden space 524800K, 0% used [0x00000000d5580000,0x00000000d5580000,0x00000000f5600000)
  from space 87040K, 0% used [0x00000000fab00000,0x00000000fab00000,0x0000000100000000)
  to   space 87040K, 0% used [0x00000000f5600000,0x00000000f5600000,0x00000000fab00000)
 ParOldGen       total 1398272K, used 31349K [0x0000000080000000, 0x00000000d5580000, 0x00000000d5580000)
  object space 1398272K, 2% used [0x0000000080000000,0x0000000081e9d4b0,0x00000000d5580000)
 Metaspace       used 57456K, capacity 58733K, committed 59028K, reserved 1101824K
  class space    used 6634K, capacity 6898K, committed 6912K, reserved 1048576K
}

