# JRE version: OpenJDK Runtime Environment (8.0_212-b04) (build 1.8.0_212-b04)
# Java VM: OpenJDK 64-Bit Server VM (25.212-b04 mixed mode linux-amd64 compressed oops)
Heap:
 PSYoungGen      total 611840K, used 237990K [0x00000000d5580000, 0x0000000100000000, 0x0000000100000000)
  eden space 524800K, 45% used [0x00000000d5580000,0x00000000e3de9b48,0x00000000f5600000)
  from space 87040K, 0% used [0x00000000f5600000,0x00000000f5600000,0x00000000fab00000)
  to   space 87040K, 0% used [0x00000000fab00000,0x00000000fab00000,0x0000000100000000)
 ParOldGen       total 1398272K, used 44697K [0x0000000080000000, 0x00000000d5580000, 0x00000000d5580000)
  object space 1398272K, 3% used [0x0000000080000000,0x0000000082ba64a8,0x00000000d5580000)
 Metaspace       used 64485K, capacity 66952K, committed 67072K, reserved 1107968K
  class space    used 7421K, capacity 7876K, committed 7936K, reserved 1048576K
GC Heap History (10 events):
Event: 3.231 GC heap before
{Heap before GC invocations=2 (full 1):
 PSYoungGen      total 611840K, used 14279K [0x00000000d5580000, 0x0000000100000000, 0x0000000100000000)
  eden space 524800K, 0% used [0x00000000d5580000,0x00000000d5580000,0x00000000f5600000)
  from space 87040K, 16% used [0x00000000f5600000,0x00000000f63f1d58,0x00000000fab00000)
  to   space 87040K, 0% used [0x00000000fab00000,0x00000000fab00000,0x0000000100000000)
 ParOldGen       total 1398272K, used 80K [0x0000000080000000, 0x00000000d5580000, 0x00000000d5580000)
  object space 1398272K, 0% used [0x0000000080000000,0x0000000080014010,0x00000000d5580000)
 Metaspace       used 20832K, capacity 21074K, committed 21248K, reserved 1069056K
  class space    used 2365K, capacity 2450K, committed 2560K, reserved 1048576K
Event: 3.289 GC heap after
Heap after GC invocations=2 (full 1):
 PSYoungGen      total 611840K, used 0K [0x00000000d5580000, 0x0000000100000000, 0x0000000100000000)
  eden space 524800K, 0% used [0x00000000d5580000,0x00000000d5580000,0x00000000f5600000)
  from space 87040K, 0% used [0x00000000f5600000,0x00000000f5600000,0x00000000fab00000)
  to   space 87040K, 0% used [0x00000000fab00000,0x00000000fab00000,0x0000000100000000)
 ParOldGen       total 898560K, used 13735K [0x0000000080000000, 0x00000000b6d80000, 0x00000000d5580000)
  object space 898560K, 1% used [0x0000000080000000,0x0000000080d69ee8,0x00000000b6d80000)
 Metaspace       used 20832K, capacity 21074K, committed 21248K, reserved 1069056K
  class space    used 2365K, capacity 2450K, committed 2560K, reserved 1048576K
}
Event: 5.641 GC heap before
{Heap before GC invocations=3 (full 1):
 PSYoungGen      total 611840K, used 434548K [0x00000000d5580000, 0x0000000100000000, 0x0000000100000000)
  eden space 524800K, 82% used [0x00000000d5580000,0x00000000efddd140,0x00000000f5600000)
  from space 87040K, 0% used [0x00000000f5600000,0x00000000f5600000,0x00000000fab00000)
  to   space 87040K, 0% used [0x00000000fab00000,0x00000000fab00000,0x0000000100000000)
 ParOldGen       total 898560K, used 13735K [0x0000000080000000, 0x00000000b6d80000, 0x00000000d5580000)
  object space 898560K, 1% used [0x0000000080000000,0x0000000080d69ee8,0x00000000b6d80000)
 Metaspace       used 34778K, capacity 35118K, committed 35416K, reserved 1081344K
  class space    used 3973K, capacity 4091K, committed 4096K, reserved 1048576K
Event: 5.670 GC heap after
Heap after GC invocations=3 (full 1):
 PSYoungGen      total 611840K, used 19197K [0x00000000d5580000, 0x0000000100000000, 0x0000000100000000)
  eden space 524800K, 0% used [0x00000000d5580000,0x00000000d5580000,0x00000000f5600000)
  from space 87040K, 22% used [0x00000000fab00000,0x00000000fbdbf688,0x0000000100000000)
  to   space 87040K, 0% used [0x00000000f5600000,0x00000000f5600000,0x00000000fab00000)
 ParOldGen       total 898560K, used 13743K [0x0000000080000000, 0x00000000b6d80000, 0x00000000d5580000)
  object space 898560K, 1% used [0x0000000080000000,0x0000000080d6bee8,0x00000000b6d80000)
 Metaspace       used 34778K, capacity 35118K, committed 35416K, reserved 1081344K
  class space    used 3973K, capacity 4091K, committed 4096K, reserved 1048576K
}
Event: 5.670 GC heap before
{Heap before GC invocations=4 (full 2):
 PSYoungGen      total 611840K, used 19197K [0x00000000d5580000, 0x0000000100000000, 0x0000000100000000)
  eden space 524800K, 0% used [0x00000000d5580000,0x00000000d5580000,0x00000000f5600000)
  from space 87040K, 22% used [0x00000000fab00000,0x00000000fbdbf688,0x0000000100000000)
  to   space 87040K, 0% used [0x00000000f5600000,0x00000000f5600000,0x00000000fab00000)
 ParOldGen       total 898560K, used 13743K [0x0000000080000000, 0x00000000b6d80000, 0x00000000d5580000)
  object space 898560K, 1% used [0x0000000080000000,0x0000000080d6bee8,0x00000000b6d80000)
 Metaspace       used 34778K, capacity 35118K, committed 35416K, reserved 1081344K
  class space    used 3973K, capacity 4091K, committed 4096K, reserved 1048576K
Event: 5.765 GC heap after
Heap after GC invocations=4 (full 2):
 PSYoungGen      total 611840K, used 0K [0x00000000d5580000, 0x0000000100000000, 0x0000000100000000)
  eden space 524800K, 0% used [0x00000000d5580000,0x00000000d5580000,0x00000000f5600000)
  from space 87040K, 0% used [0x00000000fab00000,0x00000000fab00000,0x0000000100000000)
  to   space 87040K, 0% used [0x00000000f5600000,0x00000000f5600000,0x00000000fab00000)
 ParOldGen       total 1398272K, used 23590K [0x0000000080000000, 0x00000000d5580000, 0x00000000d5580000)
  object space 1398272K, 1% used [0x0000000080000000,0x0000000081709ac0,0x00000000d5580000)
 Metaspace       used 34778K, capacity 35118K, committed 35416K, reserved 1081344K
  class space    used 3973K, capacity 4091K, committed 4096K, reserved 1048576K
}
Event: 12.554 GC heap before
{Heap before GC invocations=5 (full 2):
 PSYoungGen      total 611840K, used 523532K [0x00000000d5580000, 0x0000000100000000, 0x0000000100000000)
  eden space 524800K, 99% used [0x00000000d5580000,0x00000000f54c3020,0x00000000f5600000)
  from space 87040K, 0% used [0x00000000fab00000,0x00000000fab00000,0x0000000100000000)
  to   space 87040K, 0% used [0x00000000f5600000,0x00000000f5600000,0x00000000fab00000)
 ParOldGen       total 1398272K, used 23590K [0x0000000080000000, 0x00000000d5580000, 0x00000000d5580000)
  object space 1398272K, 1% used [0x0000000080000000,0x0000000081709ac0,0x00000000d5580000)
 Metaspace       used 57498K, capacity 58902K, committed 59008K, reserved 1101824K
  class space    used 6654K, capacity 6939K, committed 7040K, reserved 1048576K
Event: 12.627 GC heap after
Heap after GC invocations=5 (full 2):
 PSYoungGen      total 611840K, used 34150K [0x00000000d5580000, 0x0000000100000000, 0x0000000100000000)
  eden space 524800K, 0% used [0x00000000d5580000,0x00000000d5580000,0x00000000f5600000)
  from space 87040K, 39% used [0x00000000f5600000,0x00000000f7759a28,0x00000000fab00000)
  to   space 87040K, 0% used [0x00000000fab00000,0x00000000fab00000,0x0000000100000000)
 ParOldGen       total 1398272K, used 23598K [0x0000000080000000, 0x00000000d5580000, 0x00000000d5580000)
  object space 1398272K, 1% used [0x0000000080000000,0x000000008170bac0,0x00000000d5580000)
 Metaspace       used 57498K, capacity 58902K, committed 59008K, reserved 1101824K
  class space    used 6654K, capacity 6939K, committed 7040K, reserved 1048576K
}
Event: 12.627 GC heap before
{Heap before GC invocations=6 (full 3):
 PSYoungGen      total 611840K, used 34150K [0x00000000d5580000, 0x0000000100000000, 0x0000000100000000)
  eden space 524800K, 0% used [0x00000000d5580000,0x00000000d5580000,0x00000000f5600000)
  from space 87040K, 39% used [0x00000000f5600000,0x00000000f7759a28,0x00000000fab00000)
  to   space 87040K, 0% used [0x00000000fab00000,0x00000000fab00000,0x0000000100000000)
 ParOldGen       total 1398272K, used 23598K [0x0000000080000000, 0x00000000d5580000, 0x00000000d5580000)
  object space 1398272K, 1% used [0x0000000080000000,0x000000008170bac0,0x00000000d5580000)
 Metaspace       used 57498K, capacity 58902K, committed 59008K, reserved 1101824K
  class space    used 6654K, capacity 6939K, committed 7040K, reserved 1048576K
Event: 12.872 GC heap after
Heap after GC invocations=6 (full 3):
 PSYoungGen      total 611840K, used 0K [0x00000000d5580000, 0x0000000100000000, 0x0000000100000000)
  eden space 524800K, 0% used [0x00000000d5580000,0x00000000d5580000,0x00000000f5600000)
  from space 87040K, 0% used [0x00000000f5600000,0x00000000f5600000,0x00000000fab00000)
  to   space 87040K, 0% used [0x00000000fab00000,0x00000000fab00000,0x0000000100000000)
 ParOldGen       total 1398272K, used 44697K [0x0000000080000000, 0x00000000d5580000, 0x00000000d5580000)
  object space 1398272K, 3% used [0x0000000080000000,0x0000000082ba64a8,0x00000000d5580000)
 Metaspace       used 57480K, capacity 58858K, committed 59008K, reserved 1101824K
  class space    used 6647K, capacity 6927K, committed 7040K, reserved 1048576K
}

