# JRE version: OpenJDK Runtime Environment (8.0_212-b04) (build 1.8.0_212-b04)
# Java VM: OpenJDK 64-Bit Server VM (25.212-b04 mixed mode linux-amd64 compressed oops)
Heap:
 PSYoungGen      total 611840K, used 256806K [0x00000000d5580000, 0x0000000100000000, 0x0000000100000000)
  eden space 524800K, 32% used [0x00000000d5580000,0x00000000dfb4c938,0x00000000f5600000)
  from space 87040K, 99% used [0x00000000fab00000,0x00000000ffffd0f0,0x0000000100000000)
  to   space 87040K, 0% used [0x00000000f5600000,0x00000000f5600000,0x00000000fab00000)
 ParOldGen       total 1398272K, used 56529K [0x0000000080000000, 0x00000000d5580000, 0x00000000d5580000)
  object space 1398272K, 4% used [0x0000000080000000,0x00000000837347e8,0x00000000d5580000)
 Metaspace       used 65915K, capacity 68850K, committed 68992K, reserved 1110016K
  class space    used 7457K, capacity 7973K, committed 8064K, reserved 1048576K
GC Heap History (10 events):
Event: 4.301 GC heap before
{Heap before GC invocations=3 (full 1):
 PSYoungGen      total 611840K, used 403497K [0x00000000d5580000, 0x0000000100000000, 0x0000000100000000)
  eden space 524800K, 76% used [0x00000000d5580000,0x00000000edf8a6f0,0x00000000f5600000)
  from space 87040K, 0% used [0x00000000f5600000,0x00000000f5600000,0x00000000fab00000)
  to   space 87040K, 0% used [0x00000000fab00000,0x00000000fab00000,0x0000000100000000)
 ParOldGen       total 868864K, used 13776K [0x0000000080000000, 0x00000000b5080000, 0x00000000d5580000)
  object space 868864K, 1% used [0x0000000080000000,0x0000000080d74200,0x00000000b5080000)
 Metaspace       used 34828K, capacity 35182K, committed 35416K, reserved 1081344K
  class space    used 3971K, capacity 4091K, committed 4096K, reserved 1048576K
Event: 4.328 GC heap after
Heap after GC invocations=3 (full 1):
 PSYoungGen      total 611840K, used 19258K [0x00000000d5580000, 0x0000000100000000, 0x0000000100000000)
  eden space 524800K, 0% used [0x00000000d5580000,0x00000000d5580000,0x00000000f5600000)
  from space 87040K, 22% used [0x00000000fab00000,0x00000000fbdceaf0,0x0000000100000000)
  to   space 87040K, 0% used [0x00000000f5600000,0x00000000f5600000,0x00000000fab00000)
 ParOldGen       total 868864K, used 13784K [0x0000000080000000, 0x00000000b5080000, 0x00000000d5580000)
  object space 868864K, 1% used [0x0000000080000000,0x0000000080d76200,0x00000000b5080000)
 Metaspace       used 34828K, capacity 35182K, committed 35416K, reserved 1081344K
  class space    used 3971K, capacity 4091K, committed 4096K, reserved 1048576K
}
Event: 4.328 GC heap before
{Heap before GC invocations=4 (full 2):
 PSYoungGen      total 611840K, used 19258K [0x00000000d5580000, 0x0000000100000000, 0x0000000100000000)
  eden space 524800K, 0% used [0x00000000d5580000,0x00000000d5580000,0x00000000f5600000)
  from space 87040K, 22% used [0x00000000fab00000,0x00000000fbdceaf0,0x0000000100000000)
  to   space 87040K, 0% used [0x00000000f5600000,0x00000000f5600000,0x00000000fab00000)
 ParOldGen       total 868864K, used 13784K [0x0000000080000000, 0x00000000b5080000, 0x00000000d5580000)
  object space 868864K, 1% used [0x0000000080000000,0x0000000080d76200,0x00000000b5080000)
 Metaspace       used 34828K, capacity 35182K, committed 35416K, reserved 1081344K
  class space    used 3971K, capacity 4091K, committed 4096K, reserved 1048576K
Event: 4.406 GC heap after
Heap after GC invocations=4 (full 2):
 PSYoungGen      total 611840K, used 0K [0x00000000d5580000, 0x0000000100000000, 0x0000000100000000)
  eden space 524800K, 0% used [0x00000000d5580000,0x00000000d5580000,0x00000000f5600000)
  from space 87040K, 0% used [0x00000000fab00000,0x00000000fab00000,0x0000000100000000)
  to   space 87040K, 0% used [0x00000000f5600000,0x00000000f5600000,0x00000000fab00000)
 ParOldGen       total 1398272K, used 23606K [0x0000000080000000, 0x00000000d5580000, 0x00000000d5580000)
  object space 1398272K, 1% used [0x0000000080000000,0x000000008170dab8,0x00000000d5580000)
 Metaspace       used 34828K, capacity 35182K, committed 35416K, reserved 1081344K
  class space    used 3971K, capacity 4091K, committed 4096K, reserved 1048576K
}
Event: 11.082 GC heap before
{Heap before GC invocations=5 (full 2):
 PSYoungGen      total 611840K, used 475911K [0x00000000d5580000, 0x0000000100000000, 0x0000000100000000)
  eden space 524800K, 90% used [0x00000000d5580000,0x00000000f2641d20,0x00000000f5600000)
  from space 87040K, 0% used [0x00000000fab00000,0x00000000fab00000,0x0000000100000000)
  to   space 87040K, 0% used [0x00000000f5600000,0x00000000f5600000,0x00000000fab00000)
 ParOldGen       total 1398272K, used 23606K [0x0000000080000000, 0x00000000d5580000, 0x00000000d5580000)
  object space 1398272K, 1% used [0x0000000080000000,0x000000008170dab8,0x00000000d5580000)
 Metaspace       used 57406K, capacity 58830K, committed 59008K, reserved 1101824K
  class space    used 6638K, capacity 6937K, committed 7040K, reserved 1048576K
Event: 11.134 GC heap after
Heap after GC invocations=5 (full 2):
 PSYoungGen      total 611840K, used 34870K [0x00000000d5580000, 0x0000000100000000, 0x0000000100000000)
  eden space 524800K, 0% used [0x00000000d5580000,0x00000000d5580000,0x00000000f5600000)
  from space 87040K, 40% used [0x00000000f5600000,0x00000000f780daa0,0x00000000fab00000)
  to   space 87040K, 0% used [0x00000000fab00000,0x00000000fab00000,0x0000000100000000)
 ParOldGen       total 1398272K, used 23614K [0x0000000080000000, 0x00000000d5580000, 0x00000000d5580000)
  object space 1398272K, 1% used [0x0000000080000000,0x000000008170fab8,0x00000000d5580000)
 Metaspace       used 57406K, capacity 58830K, committed 59008K, reserved 1101824K
  class space    used 6638K, capacity 6937K, committed 7040K, reserved 1048576K
}
Event: 11.134 GC heap before
{Heap before GC invocations=6 (full 3):
 PSYoungGen      total 611840K, used 34870K [0x00000000d5580000, 0x0000000100000000, 0x0000000100000000)
  eden space 524800K, 0% used [0x00000000d5580000,0x00000000d5580000,0x00000000f5600000)
  from space 87040K, 40% used [0x00000000f5600000,0x00000000f780daa0,0x00000000fab00000)
  to   space 87040K, 0% used [0x00000000fab00000,0x00000000fab00000,0x0000000100000000)
 ParOldGen       total 1398272K, used 23614K [0x0000000080000000, 0x00000000d5580000, 0x00000000d5580000)
  object space 1398272K, 1% used [0x0000000080000000,0x000000008170fab8,0x00000000d5580000)
 Metaspace       used 57406K, capacity 58830K, committed 59008K, reserved 1101824K
  class space    used 6638K, capacity 6937K, committed 7040K, reserved 1048576K
Event: 11.344 GC heap after
Heap after GC invocations=6 (full 3):
 PSYoungGen      total 611840K, used 0K [0x00000000d5580000, 0x0000000100000000, 0x0000000100000000)
  eden space 524800K, 0% used [0x00000000d5580000,0x00000000d5580000,0x00000000f5600000)
  from space 87040K, 0% used [0x00000000f5600000,0x00000000f5600000,0x00000000fab00000)
  to   space 87040K, 0% used [0x00000000fab00000,0x00000000fab00000,0x0000000100000000)
 ParOldGen       total 1398272K, used 45341K [0x0000000080000000, 0x00000000d5580000, 0x00000000d5580000)
  object space 1398272K, 3% used [0x0000000080000000,0x0000000082c47470,0x00000000d5580000)
 Metaspace       used 57374K, capacity 58756K, committed 59008K, reserved 1101824K
  class space    used 6627K, capacity 6918K, committed 7040K, reserved 1048576K
}
Event: 27.731 GC heap before
{Heap before GC invocations=7 (full 3):
 PSYoungGen      total 611840K, used 524410K [0x00000000d5580000, 0x0000000100000000, 0x0000000100000000)
  eden space 524800K, 99% used [0x00000000d5580000,0x00000000f559e928,0x00000000f5600000)
  from space 87040K, 0% used [0x00000000f5600000,0x00000000f5600000,0x00000000fab00000)
  to   space 87040K, 0% used [0x00000000fab00000,0x00000000fab00000,0x0000000100000000)
 ParOldGen       total 1398272K, used 45341K [0x0000000080000000, 0x00000000d5580000, 0x00000000d5580000)
  object space 1398272K, 3% used [0x0000000080000000,0x0000000082c47470,0x00000000d5580000)
 Metaspace       used 65597K, capacity 68502K, committed 68736K, reserved 1110016K
  class space    used 7457K, capacity 7973K, committed 8064K, reserved 1048576K
Event: 27.897 GC heap after
Heap after GC invocations=7 (full 3):
 PSYoungGen      total 611840K, used 87028K [0x00000000d5580000, 0x0000000100000000, 0x0000000100000000)
  eden space 524800K, 0% used [0x00000000d5580000,0x00000000d5580000,0x00000000f5600000)
  from space 87040K, 99% used [0x00000000fab00000,0x00000000ffffd0f0,0x0000000100000000)
  to   space 87040K, 0% used [0x00000000f5600000,0x00000000f5600000,0x00000000fab00000)
 ParOldGen       total 1398272K, used 56529K [0x0000000080000000, 0x00000000d5580000, 0x00000000d5580000)
  object space 1398272K, 4% used [0x0000000080000000,0x00000000837347e8,0x00000000d5580000)
 Metaspace       used 65597K, capacity 68502K, committed 68736K, reserved 1110016K
  class space    used 7457K, capacity 7973K, committed 8064K, reserved 1048576K
}

