# JRE version: OpenJDK Runtime Environment (8.0_212-b04) (build 1.8.0_212-b04)
# Java VM: OpenJDK 64-Bit Server VM (25.212-b04 mixed mode linux-amd64 compressed oops)
Heap:
 PSYoungGen      total 611840K, used 114513K [0x00000000d5580000, 0x0000000100000000, 0x0000000100000000)
  eden space 524800K, 12% used [0x00000000d5580000,0x00000000d966a020,0x00000000f5600000)
  from space 87040K, 55% used [0x00000000fab00000,0x00000000fd9ea5c0,0x0000000100000000)
  to   space 87040K, 0% used [0x00000000f5600000,0x00000000f5600000,0x00000000fab00000)
 ParOldGen       total 1398272K, used 44520K [0x0000000080000000, 0x00000000d5580000, 0x00000000d5580000)
  object space 1398272K, 3% used [0x0000000080000000,0x0000000082b7a148,0x00000000d5580000)
 Metaspace       used 67062K, capacity 69962K, committed 70144K, reserved 1112064K
  class space    used 7599K, capacity 8131K, committed 8192K, reserved 1048576K
GC Heap History (10 events):
Event: 4.472 GC heap before
{Heap before GC invocations=3 (full 1):
 PSYoungGen      total 611840K, used 434610K [0x00000000d5580000, 0x0000000100000000, 0x0000000100000000)
  eden space 524800K, 82% used [0x00000000d5580000,0x00000000efdeca40,0x00000000f5600000)
  from space 87040K, 0% used [0x00000000f5600000,0x00000000f5600000,0x00000000fab00000)
  to   space 87040K, 0% used [0x00000000fab00000,0x00000000fab00000,0x0000000100000000)
 ParOldGen       total 878080K, used 13733K [0x0000000080000000, 0x00000000b5980000, 0x00000000d5580000)
  object space 878080K, 1% used [0x0000000080000000,0x0000000080d69608,0x00000000b5980000)
 Metaspace       used 34776K, capacity 35188K, committed 35416K, reserved 1081344K
  class space    used 3978K, capacity 4092K, committed 4096K, reserved 1048576K
Event: 4.512 GC heap after
Heap after GC invocations=3 (full 1):
 PSYoungGen      total 611840K, used 19161K [0x00000000d5580000, 0x0000000100000000, 0x0000000100000000)
  eden space 524800K, 0% used [0x00000000d5580000,0x00000000d5580000,0x00000000f5600000)
  from space 87040K, 22% used [0x00000000fab00000,0x00000000fbdb6680,0x0000000100000000)
  to   space 87040K, 0% used [0x00000000f5600000,0x00000000f5600000,0x00000000fab00000)
 ParOldGen       total 878080K, used 13741K [0x0000000080000000, 0x00000000b5980000, 0x00000000d5580000)
  object space 878080K, 1% used [0x0000000080000000,0x0000000080d6b608,0x00000000b5980000)
 Metaspace       used 34776K, capacity 35188K, committed 35416K, reserved 1081344K
  class space    used 3978K, capacity 4092K, committed 4096K, reserved 1048576K
}
Event: 4.512 GC heap before
{Heap before GC invocations=4 (full 2):
 PSYoungGen      total 611840K, used 19161K [0x00000000d5580000, 0x0000000100000000, 0x0000000100000000)
  eden space 524800K, 0% used [0x00000000d5580000,0x00000000d5580000,0x00000000f5600000)
  from space 87040K, 22% used [0x00000000fab00000,0x00000000fbdb6680,0x0000000100000000)
  to   space 87040K, 0% used [0x00000000f5600000,0x00000000f5600000,0x00000000fab00000)
 ParOldGen       total 878080K, used 13741K [0x0000000080000000, 0x00000000b5980000, 0x00000000d5580000)
  object space 878080K, 1% used [0x0000000080000000,0x0000000080d6b608,0x00000000b5980000)
 Metaspace       used 34776K, capacity 35188K, committed 35416K, reserved 1081344K
  class space    used 3978K, capacity 4092K, committed 4096K, reserved 1048576K
Event: 4.613 GC heap after
Heap after GC invocations=4 (full 2):
 PSYoungGen      total 611840K, used 0K [0x00000000d5580000, 0x0000000100000000, 0x0000000100000000)
  eden space 524800K, 0% used [0x00000000d5580000,0x00000000d5580000,0x00000000f5600000)
  from space 87040K, 0% used [0x00000000fab00000,0x00000000fab00000,0x0000000100000000)
  to   space 87040K, 0% used [0x00000000f5600000,0x00000000f5600000,0x00000000fab00000)
 ParOldGen       total 1398272K, used 23584K [0x0000000080000000, 0x00000000d5580000, 0x00000000d5580000)
  object space 1398272K, 1% used [0x0000000080000000,0x00000000817081d8,0x00000000d5580000)
 Metaspace       used 34776K, capacity 35188K, committed 35416K, reserved 1081344K
  class space    used 3978K, capacity 4092K, committed 4096K, reserved 1048576K
}
Event: 11.936 GC heap before
{Heap before GC invocations=5 (full 2):
 PSYoungGen      total 611840K, used 504449K [0x00000000d5580000, 0x0000000100000000, 0x0000000100000000)
  eden space 524800K, 96% used [0x00000000d5580000,0x00000000f42205a0,0x00000000f5600000)
  from space 87040K, 0% used [0x00000000fab00000,0x00000000fab00000,0x0000000100000000)
  to   space 87040K, 0% used [0x00000000f5600000,0x00000000f5600000,0x00000000fab00000)
 ParOldGen       total 1398272K, used 23584K [0x0000000080000000, 0x00000000d5580000, 0x00000000d5580000)
  object space 1398272K, 1% used [0x0000000080000000,0x00000000817081d8,0x00000000d5580000)
 Metaspace       used 57433K, capacity 58848K, committed 59008K, reserved 1101824K
  class space    used 6648K, capacity 6944K, committed 7040K, reserved 1048576K
Event: 12.014 GC heap after
Heap after GC invocations=5 (full 2):
 PSYoungGen      total 611840K, used 34089K [0x00000000d5580000, 0x0000000100000000, 0x0000000100000000)
  eden space 524800K, 0% used [0x00000000d5580000,0x00000000d5580000,0x00000000f5600000)
  from space 87040K, 39% used [0x00000000f5600000,0x00000000f774a720,0x00000000fab00000)
  to   space 87040K, 0% used [0x00000000fab00000,0x00000000fab00000,0x0000000100000000)
 ParOldGen       total 1398272K, used 23592K [0x0000000080000000, 0x00000000d5580000, 0x00000000d5580000)
  object space 1398272K, 1% used [0x0000000080000000,0x000000008170a1d8,0x00000000d5580000)
 Metaspace       used 57433K, capacity 58848K, committed 59008K, reserved 1101824K
  class space    used 6648K, capacity 6944K, committed 7040K, reserved 1048576K
}
Event: 12.014 GC heap before
{Heap before GC invocations=6 (full 3):
 PSYoungGen      total 611840K, used 34089K [0x00000000d5580000, 0x0000000100000000, 0x0000000100000000)
  eden space 524800K, 0% used [0x00000000d5580000,0x00000000d5580000,0x00000000f5600000)
  from space 87040K, 39% used [0x00000000f5600000,0x00000000f774a720,0x00000000fab00000)
  to   space 87040K, 0% used [0x00000000fab00000,0x00000000fab00000,0x0000000100000000)
 ParOldGen       total 1398272K, used 23592K [0x0000000080000000, 0x00000000d5580000, 0x00000000d5580000)
  object space 1398272K, 1% used [0x0000000080000000,0x000000008170a1d8,0x00000000d5580000)
 Metaspace       used 57433K, capacity 58848K, committed 59008K, reserved 1101824K
  class space    used 6648K, capacity 6944K, committed 7040K, reserved 1048576K
Event: 12.292 GC heap after
Heap after GC invocations=6 (full 3):
 PSYoungGen      total 611840K, used 0K [0x00000000d5580000, 0x0000000100000000, 0x0000000100000000)
  eden space 524800K, 0% used [0x00000000d5580000,0x00000000d5580000,0x00000000f5600000)
  from space 87040K, 0% used [0x00000000f5600000,0x00000000f5600000,0x00000000fab00000)
  to   space 87040K, 0% used [0x00000000fab00000,0x00000000fab00000,0x0000000100000000)
 ParOldGen       total 1398272K, used 44512K [0x0000000080000000, 0x00000000d5580000, 0x00000000d5580000)
  object space 1398272K, 3% used [0x0000000080000000,0x0000000082b78148,0x00000000d5580000)
 Metaspace       used 57389K, capacity 58742K, committed 59008K, reserved 1101824K
  class space    used 6632K, capacity 6917K, committed 7040K, reserved 1048576K
}
Event: 64.951 GC heap before
{Heap before GC invocations=7 (full 3):
 PSYoungGen      total 611840K, used 524800K [0x00000000d5580000, 0x0000000100000000, 0x0000000100000000)
  eden space 524800K, 100% used [0x00000000d5580000,0x00000000f5600000,0x00000000f5600000)
  from space 87040K, 0% used [0x00000000f5600000,0x00000000f5600000,0x00000000fab00000)
  to   space 87040K, 0% used [0x00000000fab00000,0x00000000fab00000,0x0000000100000000)
 ParOldGen       total 1398272K, used 44512K [0x0000000080000000, 0x00000000d5580000, 0x00000000d5580000)
  object space 1398272K, 3% used [0x0000000080000000,0x0000000082b78148,0x00000000d5580000)
 Metaspace       used 66560K, capacity 69388K, committed 69632K, reserved 1110016K
  class space    used 7584K, capacity 8106K, committed 8192K, reserved 1048576K
Event: 65.113 GC heap after
Heap after GC invocations=7 (full 3):
 PSYoungGen      total 611840K, used 48041K [0x00000000d5580000, 0x0000000100000000, 0x0000000100000000)
  eden space 524800K, 0% used [0x00000000d5580000,0x00000000d5580000,0x00000000f5600000)
  from space 87040K, 55% used [0x00000000fab00000,0x00000000fd9ea5c0,0x0000000100000000)
  to   space 87040K, 0% used [0x00000000f5600000,0x00000000f5600000,0x00000000fab00000)
 ParOldGen       total 1398272K, used 44520K [0x0000000080000000, 0x00000000d5580000, 0x00000000d5580000)
  object space 1398272K, 3% used [0x0000000080000000,0x0000000082b7a148,0x00000000d5580000)
 Metaspace       used 66560K, capacity 69388K, committed 69632K, reserved 1110016K
  class space    used 7584K, capacity 8106K, committed 8192K, reserved 1048576K
}

