# JRE version: OpenJDK Runtime Environment (8.0_212-b04) (build 1.8.0_212-b04)
# Java VM: OpenJDK 64-Bit Server VM (25.212-b04 mixed mode linux-amd64 compressed oops)
Heap:
 PSYoungGen      total 611840K, used 356833K [0x00000000d5580000, 0x0000000100000000, 0x0000000100000000)
  eden space 524800K, 67% used [0x00000000d5580000,0x00000000eb1f87f0,0x00000000f5600000)
  from space 87040K, 0% used [0x00000000fab00000,0x00000000fab00000,0x0000000100000000)
  to   space 87040K, 0% used [0x00000000f5600000,0x00000000f5600000,0x00000000fab00000)
 ParOldGen       total 1398272K, used 29392K [0x0000000080000000, 0x00000000d5580000, 0x00000000d5580000)
  object space 1398272K, 2% used [0x0000000080000000,0x0000000081cb42b0,0x00000000d5580000)
 Metaspace       used 67860K, capacity 70274K, committed 70528K, reserved 1112064K
  class space    used 7802K, capacity 8253K, committed 8320K, reserved 1048576K
GC Heap History (10 events):
Event: 4.995 GC heap before
{Heap before GC invocations=3 (full 1):
 PSYoungGen      total 611840K, used 467509K [0x00000000d5580000, 0x0000000100000000, 0x0000000100000000)
  eden space 524800K, 89% used [0x00000000d5580000,0x00000000f1e0d4f8,0x00000000f5600000)
  from space 87040K, 0% used [0x00000000f5600000,0x00000000f5600000,0x00000000fab00000)
  to   space 87040K, 0% used [0x00000000fab00000,0x00000000fab00000,0x0000000100000000)
 ParOldGen       total 927744K, used 14301K [0x0000000080000000, 0x00000000b8a00000, 0x00000000d5580000)
  object space 927744K, 1% used [0x0000000080000000,0x0000000080df7778,0x00000000b8a00000)
 Metaspace       used 34743K, capacity 35092K, committed 35416K, reserved 1081344K
  class space    used 3965K, capacity 4060K, committed 4096K, reserved 1048576K
Event: 5.039 GC heap after
Heap after GC invocations=3 (full 1):
 PSYoungGen      total 611840K, used 19036K [0x00000000d5580000, 0x0000000100000000, 0x0000000100000000)
  eden space 524800K, 0% used [0x00000000d5580000,0x00000000d5580000,0x00000000f5600000)
  from space 87040K, 21% used [0x00000000fab00000,0x00000000fbd97020,0x0000000100000000)
  to   space 87040K, 0% used [0x00000000f5600000,0x00000000f5600000,0x00000000fab00000)
 ParOldGen       total 927744K, used 14301K [0x0000000080000000, 0x00000000b8a00000, 0x00000000d5580000)
  object space 927744K, 1% used [0x0000000080000000,0x0000000080df7778,0x00000000b8a00000)
 Metaspace       used 34743K, capacity 35092K, committed 35416K, reserved 1081344K
  class space    used 3965K, capacity 4060K, committed 4096K, reserved 1048576K
}
Event: 5.039 GC heap before
{Heap before GC invocations=4 (full 2):
 PSYoungGen      total 611840K, used 19036K [0x00000000d5580000, 0x0000000100000000, 0x0000000100000000)
  eden space 524800K, 0% used [0x00000000d5580000,0x00000000d5580000,0x00000000f5600000)
  from space 87040K, 21% used [0x00000000fab00000,0x00000000fbd97020,0x0000000100000000)
  to   space 87040K, 0% used [0x00000000f5600000,0x00000000f5600000,0x00000000fab00000)
 ParOldGen       total 927744K, used 14301K [0x0000000080000000, 0x00000000b8a00000, 0x00000000d5580000)
  object space 927744K, 1% used [0x0000000080000000,0x0000000080df7778,0x00000000b8a00000)
 Metaspace       used 34743K, capacity 35092K, committed 35416K, reserved 1081344K
  class space    used 3965K, capacity 4060K, committed 4096K, reserved 1048576K
Event: 5.168 GC heap after
Heap after GC invocations=4 (full 2):
 PSYoungGen      total 611840K, used 0K [0x00000000d5580000, 0x0000000100000000, 0x0000000100000000)
  eden space 524800K, 0% used [0x00000000d5580000,0x00000000d5580000,0x00000000f5600000)
  from space 87040K, 0% used [0x00000000fab00000,0x00000000fab00000,0x0000000100000000)
  to   space 87040K, 0% used [0x00000000f5600000,0x00000000f5600000,0x00000000fab00000)
 ParOldGen       total 1398272K, used 23555K [0x0000000080000000, 0x00000000d5580000, 0x00000000d5580000)
  object space 1398272K, 1% used [0x0000000080000000,0x0000000081700e08,0x00000000d5580000)
 Metaspace       used 34743K, capacity 35092K, committed 35416K, reserved 1081344K
  class space    used 3965K, capacity 4060K, committed 4096K, reserved 1048576K
}
Event: 11.685 GC heap before
{Heap before GC invocations=5 (full 2):
 PSYoungGen      total 611840K, used 524800K [0x00000000d5580000, 0x0000000100000000, 0x0000000100000000)
  eden space 524800K, 100% used [0x00000000d5580000,0x00000000f5600000,0x00000000f5600000)
  from space 87040K, 0% used [0x00000000fab00000,0x00000000fab00000,0x0000000100000000)
  to   space 87040K, 0% used [0x00000000f5600000,0x00000000f5600000,0x00000000fab00000)
 ParOldGen       total 1398272K, used 23555K [0x0000000080000000, 0x00000000d5580000, 0x00000000d5580000)
  object space 1398272K, 1% used [0x0000000080000000,0x0000000081700e08,0x00000000d5580000)
 Metaspace       used 51919K, capacity 53246K, committed 53504K, reserved 1095680K
  class space    used 6099K, capacity 6349K, committed 6400K, reserved 1048576K
Event: 11.745 GC heap after
Heap after GC invocations=5 (full 2):
 PSYoungGen      total 611840K, used 25685K [0x00000000d5580000, 0x0000000100000000, 0x0000000100000000)
  eden space 524800K, 0% used [0x00000000d5580000,0x00000000d5580000,0x00000000f5600000)
  from space 87040K, 29% used [0x00000000f5600000,0x00000000f6f15720,0x00000000fab00000)
  to   space 87040K, 0% used [0x00000000fab00000,0x00000000fab00000,0x0000000100000000)
 ParOldGen       total 1398272K, used 23563K [0x0000000080000000, 0x00000000d5580000, 0x00000000d5580000)
  object space 1398272K, 1% used [0x0000000080000000,0x0000000081702e08,0x00000000d5580000)
 Metaspace       used 51919K, capacity 53246K, committed 53504K, reserved 1095680K
  class space    used 6099K, capacity 6349K, committed 6400K, reserved 1048576K
}
Event: 12.592 GC heap before
{Heap before GC invocations=6 (full 2):
 PSYoungGen      total 611840K, used 190605K [0x00000000d5580000, 0x0000000100000000, 0x0000000100000000)
  eden space 524800K, 31% used [0x00000000d5580000,0x00000000df68e078,0x00000000f5600000)
  from space 87040K, 29% used [0x00000000f5600000,0x00000000f6f15720,0x00000000fab00000)
  to   space 87040K, 0% used [0x00000000fab00000,0x00000000fab00000,0x0000000100000000)
 ParOldGen       total 1398272K, used 23563K [0x0000000080000000, 0x00000000d5580000, 0x00000000d5580000)
  object space 1398272K, 1% used [0x0000000080000000,0x0000000081702e08,0x00000000d5580000)
 Metaspace       used 57513K, capacity 58874K, committed 59008K, reserved 1101824K
  class space    used 6666K, capacity 6959K, committed 7040K, reserved 1048576K
Event: 12.623 GC heap after
Heap after GC invocations=6 (full 2):
 PSYoungGen      total 611840K, used 17790K [0x00000000d5580000, 0x0000000100000000, 0x0000000100000000)
  eden space 524800K, 0% used [0x00000000d5580000,0x00000000d5580000,0x00000000f5600000)
  from space 87040K, 20% used [0x00000000fab00000,0x00000000fbc5f820,0x0000000100000000)
  to   space 87040K, 0% used [0x00000000f5600000,0x00000000f5600000,0x00000000fab00000)
 ParOldGen       total 1398272K, used 23571K [0x0000000080000000, 0x00000000d5580000, 0x00000000d5580000)
  object space 1398272K, 1% used [0x0000000080000000,0x0000000081704e08,0x00000000d5580000)
 Metaspace       used 57513K, capacity 58874K, committed 59008K, reserved 1101824K
  class space    used 6666K, capacity 6959K, committed 7040K, reserved 1048576K
}
Event: 12.623 GC heap before
{Heap before GC invocations=7 (full 3):
 PSYoungGen      total 611840K, used 17790K [0x00000000d5580000, 0x0000000100000000, 0x0000000100000000)
  eden space 524800K, 0% used [0x00000000d5580000,0x00000000d5580000,0x00000000f5600000)
  from space 87040K, 20% used [0x00000000fab00000,0x00000000fbc5f820,0x0000000100000000)
  to   space 87040K, 0% used [0x00000000f5600000,0x00000000f5600000,0x00000000fab00000)
 ParOldGen       total 1398272K, used 23571K [0x0000000080000000, 0x00000000d5580000, 0x00000000d5580000)
  object space 1398272K, 1% used [0x0000000080000000,0x0000000081704e08,0x00000000d5580000)
 Metaspace       used 57513K, capacity 58874K, committed 59008K, reserved 1101824K
  class space    used 6666K, capacity 6959K, committed 7040K, reserved 1048576K
Event: 12.900 GC heap after
Heap after GC invocations=7 (full 3):
 PSYoungGen      total 611840K, used 0K [0x00000000d5580000, 0x0000000100000000, 0x0000000100000000)
  eden space 524800K, 0% used [0x00000000d5580000,0x00000000d5580000,0x00000000f5600000)
  from space 87040K, 0% used [0x00000000fab00000,0x00000000fab00000,0x0000000100000000)
  to   space 87040K, 0% used [0x00000000f5600000,0x00000000f5600000,0x00000000fab00000)
 ParOldGen       total 1398272K, used 29392K [0x0000000080000000, 0x00000000d5580000, 0x00000000d5580000)
  object space 1398272K, 2% used [0x0000000080000000,0x0000000081cb42b0,0x00000000d5580000)
 Metaspace       used 57489K, capacity 58818K, committed 59008K, reserved 1101824K
  class space    used 6657K, capacity 6943K, committed 7040K, reserved 1048576K
}

