# JRE version: OpenJDK Runtime Environment (8.0_212-b04) (build 1.8.0_212-b04)
# Java VM: OpenJDK 64-Bit Server VM (25.212-b04 mixed mode linux-amd64 compressed oops)
Heap:
 PSYoungGen      total 611840K, used 245108K [0x00000000d5580000, 0x0000000100000000, 0x0000000100000000)
  eden space 524800K, 46% used [0x00000000d5580000,0x00000000e44dd308,0x00000000f5600000)
  from space 87040K, 0% used [0x00000000f5600000,0x00000000f5600000,0x00000000fab00000)
  to   space 87040K, 0% used [0x00000000fab00000,0x00000000fab00000,0x0000000100000000)
 ParOldGen       total 1398272K, used 44434K [0x0000000080000000, 0x00000000d5580000, 0x00000000d5580000)
  object space 1398272K, 3% used [0x0000000080000000,0x0000000082b649c8,0x00000000d5580000)
 Metaspace       used 63909K, capacity 66736K, committed 66816K, reserved 1107968K
  class space    used 7377K, capacity 7878K, committed 7936K, reserved 1048576K
GC Heap History (10 events):
Event: 2.070 GC heap before
{Heap before GC invocations=2 (full 1):
 PSYoungGen      total 611840K, used 14246K [0x00000000d5580000, 0x0000000100000000, 0x0000000100000000)
  eden space 524800K, 0% used [0x00000000d5580000,0x00000000d5580000,0x00000000f5600000)
  from space 87040K, 16% used [0x00000000f5600000,0x00000000f63e9888,0x00000000fab00000)
  to   space 87040K, 0% used [0x00000000fab00000,0x00000000fab00000,0x0000000100000000)
 ParOldGen       total 1398272K, used 72K [0x0000000080000000, 0x00000000d5580000, 0x00000000d5580000)
  object space 1398272K, 0% used [0x0000000080000000,0x0000000080012010,0x00000000d5580000)
 Metaspace       used 20816K, capacity 21106K, committed 21248K, reserved 1069056K
  class space    used 2362K, capacity 2482K, committed 2560K, reserved 1048576K
Event: 2.147 GC heap after
Heap after GC invocations=2 (full 1):
 PSYoungGen      total 611840K, used 0K [0x00000000d5580000, 0x0000000100000000, 0x0000000100000000)
  eden space 524800K, 0% used [0x00000000d5580000,0x00000000d5580000,0x00000000f5600000)
  from space 87040K, 0% used [0x00000000f5600000,0x00000000f5600000,0x00000000fab00000)
  to   space 87040K, 0% used [0x00000000fab00000,0x00000000fab00000,0x0000000100000000)
 ParOldGen       total 860160K, used 13728K [0x0000000080000000, 0x00000000b4800000, 0x00000000d5580000)
  object space 860160K, 1% used [0x0000000080000000,0x0000000080d68160,0x00000000b4800000)
 Metaspace       used 20816K, capacity 21106K, committed 21248K, reserved 1069056K
  class space    used 2362K, capacity 2482K, committed 2560K, reserved 1048576K
}
Event: 4.472 GC heap before
{Heap before GC invocations=3 (full 1):
 PSYoungGen      total 611840K, used 434547K [0x00000000d5580000, 0x0000000100000000, 0x0000000100000000)
  eden space 524800K, 82% used [0x00000000d5580000,0x00000000efddcf58,0x00000000f5600000)
  from space 87040K, 0% used [0x00000000f5600000,0x00000000f5600000,0x00000000fab00000)
  to   space 87040K, 0% used [0x00000000fab00000,0x00000000fab00000,0x0000000100000000)
 ParOldGen       total 860160K, used 13728K [0x0000000080000000, 0x00000000b4800000, 0x00000000d5580000)
  object space 860160K, 1% used [0x0000000080000000,0x0000000080d68160,0x00000000b4800000)
 Metaspace       used 34792K, capacity 35188K, committed 35416K, reserved 1081344K
  class space    used 3964K, capacity 4092K, committed 4096K, reserved 1048576K
Event: 4.513 GC heap after
Heap after GC invocations=3 (full 1):
 PSYoungGen      total 611840K, used 19252K [0x00000000d5580000, 0x0000000100000000, 0x0000000100000000)
  eden space 524800K, 0% used [0x00000000d5580000,0x00000000d5580000,0x00000000f5600000)
  from space 87040K, 22% used [0x00000000fab00000,0x00000000fbdcd2d0,0x0000000100000000)
  to   space 87040K, 0% used [0x00000000f5600000,0x00000000f5600000,0x00000000fab00000)
 ParOldGen       total 860160K, used 13728K [0x0000000080000000, 0x00000000b4800000, 0x00000000d5580000)
  object space 860160K, 1% used [0x0000000080000000,0x0000000080d68160,0x00000000b4800000)
 Metaspace       used 34792K, capacity 35188K, committed 35416K, reserved 1081344K
  class space    used 3964K, capacity 4092K, committed 4096K, reserved 1048576K
}
Event: 4.513 GC heap before
{Heap before GC invocations=4 (full 2):
 PSYoungGen      total 611840K, used 19252K [0x00000000d5580000, 0x0000000100000000, 0x0000000100000000)
  eden space 524800K, 0% used [0x00000000d5580000,0x00000000d5580000,0x00000000f5600000)
  from space 87040K, 22% used [0x00000000fab00000,0x00000000fbdcd2d0,0x0000000100000000)
  to   space 87040K, 0% used [0x00000000f5600000,0x00000000f5600000,0x00000000fab00000)
 ParOldGen       total 860160K, used 13728K [0x0000000080000000, 0x00000000b4800000, 0x00000000d5580000)
  object space 860160K, 1% used [0x0000000080000000,0x0000000080d68160,0x00000000b4800000)
 Metaspace       used 34792K, capacity 35188K, committed 35416K, reserved 1081344K
  class space    used 3964K, capacity 4092K, committed 4096K, reserved 1048576K
Event: 4.622 GC heap after
Heap after GC invocations=4 (full 2):
 PSYoungGen      total 611840K, used 0K [0x00000000d5580000, 0x0000000100000000, 0x0000000100000000)
  eden space 524800K, 0% used [0x00000000d5580000,0x00000000d5580000,0x00000000f5600000)
  from space 87040K, 0% used [0x00000000fab00000,0x00000000fab00000,0x0000000100000000)
  to   space 87040K, 0% used [0x00000000f5600000,0x00000000f5600000,0x00000000fab00000)
 ParOldGen       total 1398272K, used 23558K [0x0000000080000000, 0x00000000d5580000, 0x00000000d5580000)
  object space 1398272K, 1% used [0x0000000080000000,0x0000000081701978,0x00000000d5580000)
 Metaspace       used 34792K, capacity 35188K, committed 35416K, reserved 1081344K
  class space    used 3964K, capacity 4092K, committed 4096K, reserved 1048576K
}
Event: 11.838 GC heap before
{Heap before GC invocations=5 (full 2):
 PSYoungGen      total 611840K, used 512017K [0x00000000d5580000, 0x0000000100000000, 0x0000000100000000)
  eden space 524800K, 97% used [0x00000000d5580000,0x00000000f4984678,0x00000000f5600000)
  from space 87040K, 0% used [0x00000000fab00000,0x00000000fab00000,0x0000000100000000)
  to   space 87040K, 0% used [0x00000000f5600000,0x00000000f5600000,0x00000000fab00000)
 ParOldGen       total 1398272K, used 23558K [0x0000000080000000, 0x00000000d5580000, 0x00000000d5580000)
  object space 1398272K, 1% used [0x0000000080000000,0x0000000081701978,0x00000000d5580000)
 Metaspace       used 57480K, capacity 58926K, committed 59028K, reserved 1101824K
  class space    used 6639K, capacity 6909K, committed 6912K, reserved 1048576K
Event: 11.927 GC heap after
Heap after GC invocations=5 (full 2):
 PSYoungGen      total 611840K, used 33955K [0x00000000d5580000, 0x0000000100000000, 0x0000000100000000)
  eden space 524800K, 0% used [0x00000000d5580000,0x00000000d5580000,0x00000000f5600000)
  from space 87040K, 39% used [0x00000000f5600000,0x00000000f7728f90,0x00000000fab00000)
  to   space 87040K, 0% used [0x00000000fab00000,0x00000000fab00000,0x0000000100000000)
 ParOldGen       total 1398272K, used 23566K [0x0000000080000000, 0x00000000d5580000, 0x00000000d5580000)
  object space 1398272K, 1% used [0x0000000080000000,0x0000000081703978,0x00000000d5580000)
 Metaspace       used 57480K, capacity 58926K, committed 59028K, reserved 1101824K
  class space    used 6639K, capacity 6909K, committed 6912K, reserved 1048576K
}
Event: 11.927 GC heap before
{Heap before GC invocations=6 (full 3):
 PSYoungGen      total 611840K, used 33955K [0x00000000d5580000, 0x0000000100000000, 0x0000000100000000)
  eden space 524800K, 0% used [0x00000000d5580000,0x00000000d5580000,0x00000000f5600000)
  from space 87040K, 39% used [0x00000000f5600000,0x00000000f7728f90,0x00000000fab00000)
  to   space 87040K, 0% used [0x00000000fab00000,0x00000000fab00000,0x0000000100000000)
 ParOldGen       total 1398272K, used 23566K [0x0000000080000000, 0x00000000d5580000, 0x00000000d5580000)
  object space 1398272K, 1% used [0x0000000080000000,0x0000000081703978,0x00000000d5580000)
 Metaspace       used 57480K, capacity 58926K, committed 59028K, reserved 1101824K
  class space    used 6639K, capacity 6909K, committed 6912K, reserved 1048576K
Event: 12.234 GC heap after
Heap after GC invocations=6 (full 3):
 PSYoungGen      total 611840K, used 0K [0x00000000d5580000, 0x0000000100000000, 0x0000000100000000)
  eden space 524800K, 0% used [0x00000000d5580000,0x00000000d5580000,0x00000000f5600000)
  from space 87040K, 0% used [0x00000000f5600000,0x00000000f5600000,0x00000000fab00000)
  to   space 87040K, 0% used [0x00000000fab00000,0x00000000fab00000,0x0000000100000000)
 ParOldGen       total 1398272K, used 44434K [0x0000000080000000, 0x00000000d5580000, 0x00000000d5580000)
  object space 1398272K, 3% used [0x0000000080000000,0x0000000082b649c8,0x00000000d5580000)
 Metaspace       used 57434K, capacity 58808K, committed 59028K, reserved 1101824K
  class space    used 6623K, capacity 6882K, committed 6912K, reserved 1048576K
}

