# JRE version: OpenJDK Runtime Environment (8.0_212-b04) (build 1.8.0_212-b04)
# Java VM: OpenJDK 64-Bit Server VM (25.212-b04 mixed mode linux-amd64 compressed oops)
Heap:
 PSYoungGen      total 538624K, used 417183K [0x00000000d5580000, 0x0000000100000000, 0x0000000100000000)
  eden space 401920K, 69% used [0x00000000d5580000,0x00000000e67bb148,0x00000000ede00000)
  from space 136704K, 99% used [0x00000000ede00000,0x00000000f632ce78,0x00000000f6380000)
  to   space 160256K, 0% used [0x00000000f6380000,0x00000000f6380000,0x0000000100000000)
 ParOldGen       total 1398272K, used 109309K [0x0000000080000000, 0x00000000d5580000, 0x00000000d5580000)
  object space 1398272K, 7% used [0x0000000080000000,0x0000000086abf570,0x00000000d5580000)
 Metaspace       used 69175K, capacity 72084K, committed 72192K, reserved 1114112K
  class space    used 7621K, capacity 8102K, committed 8192K, reserved 1048576K
GC Heap History (10 events):
Event: 11.854 GC heap before
{Heap before GC invocations=6 (full 3):
 PSYoungGen      total 611840K, used 31386K [0x00000000d5580000, 0x0000000100000000, 0x0000000100000000)
  eden space 524800K, 0% used [0x00000000d5580000,0x00000000d5580000,0x00000000f5600000)
  from space 87040K, 36% used [0x00000000f5600000,0x00000000f74a69b0,0x00000000fab00000)
  to   space 87040K, 0% used [0x00000000fab00000,0x00000000fab00000,0x0000000100000000)
 ParOldGen       total 1398272K, used 23587K [0x0000000080000000, 0x00000000d5580000, 0x00000000d5580000)
  object space 1398272K, 1% used [0x0000000080000000,0x0000000081708ec8,0x00000000d5580000)
 Metaspace       used 57398K, capacity 58866K, committed 59008K, reserved 1101824K
  class space    used 6644K, capacity 6935K, committed 7040K, reserved 1048576K
Event: 12.134 GC heap after
Heap after GC invocations=6 (full 3):
 PSYoungGen      total 611840K, used 0K [0x00000000d5580000, 0x0000000100000000, 0x0000000100000000)
  eden space 524800K, 0% used [0x00000000d5580000,0x00000000d5580000,0x00000000f5600000)
  from space 87040K, 0% used [0x00000000f5600000,0x00000000f5600000,0x00000000fab00000)
  to   space 87040K, 0% used [0x00000000fab00000,0x00000000fab00000,0x0000000100000000)
 ParOldGen       total 1398272K, used 41977K [0x0000000080000000, 0x00000000d5580000, 0x00000000d5580000)
  object space 1398272K, 3% used [0x0000000080000000,0x00000000828fe788,0x00000000d5580000)
 Metaspace       used 57365K, capacity 58782K, committed 59008K, reserved 1101824K
  class space    used 6632K, capacity 6915K, committed 7040K, reserved 1048576K
}
Event: 104.146 GC heap before
{Heap before GC invocations=7 (full 3):
 PSYoungGen      total 611840K, used 524800K [0x00000000d5580000, 0x0000000100000000, 0x0000000100000000)
  eden space 524800K, 100% used [0x00000000d5580000,0x00000000f5600000,0x00000000f5600000)
  from space 87040K, 0% used [0x00000000f5600000,0x00000000f5600000,0x00000000fab00000)
  to   space 87040K, 0% used [0x00000000fab00000,0x00000000fab00000,0x0000000100000000)
 ParOldGen       total 1398272K, used 41977K [0x0000000080000000, 0x00000000d5580000, 0x00000000d5580000)
  object space 1398272K, 3% used [0x0000000080000000,0x00000000828fe788,0x00000000d5580000)
 Metaspace       used 66707K, capacity 69478K, committed 69760K, reserved 1112064K
  class space    used 7561K, capacity 8025K, committed 8064K, reserved 1048576K
Event: 104.306 GC heap after
Heap after GC invocations=7 (full 3):
 PSYoungGen      total 611840K, used 61550K [0x00000000d5580000, 0x0000000100000000, 0x0000000100000000)
  eden space 524800K, 0% used [0x00000000d5580000,0x00000000d5580000,0x00000000f5600000)
  from space 87040K, 70% used [0x00000000fab00000,0x00000000fe71b800,0x0000000100000000)
  to   space 87040K, 0% used [0x00000000f5600000,0x00000000f5600000,0x00000000fab00000)
 ParOldGen       total 1398272K, used 41985K [0x0000000080000000, 0x00000000d5580000, 0x00000000d5580000)
  object space 1398272K, 3% used [0x0000000080000000,0x0000000082900788,0x00000000d5580000)
 Metaspace       used 66707K, capacity 69478K, committed 69760K, reserved 1112064K
  class space    used 7561K, capacity 8025K, committed 8064K, reserved 1048576K
}
Event: 232.979 GC heap before
{Heap before GC invocations=8 (full 3):
 PSYoungGen      total 611840K, used 586350K [0x00000000d5580000, 0x0000000100000000, 0x0000000100000000)
  eden space 524800K, 100% used [0x00000000d5580000,0x00000000f5600000,0x00000000f5600000)
  from space 87040K, 70% used [0x00000000fab00000,0x00000000fe71b800,0x0000000100000000)
  to   space 87040K, 0% used [0x00000000f5600000,0x00000000f5600000,0x00000000fab00000)
 ParOldGen       total 1398272K, used 41985K [0x0000000080000000, 0x00000000d5580000, 0x00000000d5580000)
  object space 1398272K, 3% used [0x0000000080000000,0x0000000082900788,0x00000000d5580000)
 Metaspace       used 67690K, capacity 70500K, committed 70528K, reserved 1112064K
  class space    used 7574K, capacity 8048K, committed 8064K, reserved 1048576K
Event: 233.178 GC heap after
Heap after GC invocations=8 (full 3):
 PSYoungGen      total 611840K, used 87024K [0x00000000d5580000, 0x0000000100000000, 0x0000000100000000)
  eden space 524800K, 0% used [0x00000000d5580000,0x00000000d5580000,0x00000000f5600000)
  from space 87040K, 99% used [0x00000000f5600000,0x00000000faafc1c8,0x00000000fab00000)
  to   space 87040K, 0% used [0x00000000fab00000,0x00000000fab00000,0x0000000100000000)
 ParOldGen       total 1398272K, used 57137K [0x0000000080000000, 0x00000000d5580000, 0x00000000d5580000)
  object space 1398272K, 4% used [0x0000000080000000,0x00000000837cc788,0x00000000d5580000)
 Metaspace       used 67690K, capacity 70500K, committed 70528K, reserved 1112064K
  class space    used 7574K, capacity 8048K, committed 8064K, reserved 1048576K
}
Event: 361.376 GC heap before
{Heap before GC invocations=9 (full 3):
 PSYoungGen      total 611840K, used 611824K [0x00000000d5580000, 0x0000000100000000, 0x0000000100000000)
  eden space 524800K, 100% used [0x00000000d5580000,0x00000000f5600000,0x00000000f5600000)
  from space 87040K, 99% used [0x00000000f5600000,0x00000000faafc1c8,0x00000000fab00000)
  to   space 87040K, 0% used [0x00000000fab00000,0x00000000fab00000,0x0000000100000000)
 ParOldGen       total 1398272K, used 57137K [0x0000000080000000, 0x00000000d5580000, 0x00000000d5580000)
  object space 1398272K, 4% used [0x0000000080000000,0x00000000837cc788,0x00000000d5580000)
 Metaspace       used 68476K, capacity 71340K, committed 71680K, reserved 1112064K
  class space    used 7613K, capacity 8096K, committed 8192K, reserved 1048576K
Event: 361.597 GC heap after
Heap after GC invocations=9 (full 3):
 PSYoungGen      total 488960K, used 87024K [0x00000000d5580000, 0x0000000100000000, 0x0000000100000000)
  eden space 401920K, 0% used [0x00000000d5580000,0x00000000d5580000,0x00000000ede00000)
  from space 87040K, 99% used [0x00000000fab00000,0x00000000ffffc018,0x0000000100000000)
  to   space 148480K, 0% used [0x00000000ede00000,0x00000000ede00000,0x00000000f6f00000)
 ParOldGen       total 1398272K, used 109309K [0x0000000080000000, 0x00000000d5580000, 0x00000000d5580000)
  object space 1398272K, 7% used [0x0000000080000000,0x0000000086abf570,0x00000000d5580000)
 Metaspace       used 68476K, capacity 71340K, committed 71680K, reserved 1112064K
  class space    used 7613K, capacity 8096K, committed 8192K, reserved 1048576K
}
Event: 452.825 GC heap before
{Heap before GC invocations=10 (full 3):
 PSYoungGen      total 488960K, used 488944K [0x00000000d5580000, 0x0000000100000000, 0x0000000100000000)
  eden space 401920K, 100% used [0x00000000d5580000,0x00000000ede00000,0x00000000ede00000)
  from space 87040K, 99% used [0x00000000fab00000,0x00000000ffffc018,0x0000000100000000)
  to   space 148480K, 0% used [0x00000000ede00000,0x00000000ede00000,0x00000000f6f00000)
 ParOldGen       total 1398272K, used 109309K [0x0000000080000000, 0x00000000d5580000, 0x00000000d5580000)
  object space 1398272K, 7% used [0x0000000080000000,0x0000000086abf570,0x00000000d5580000)
 Metaspace       used 68996K, capacity 71940K, committed 72192K, reserved 1114112K
  class space    used 7621K, capacity 8102K, committed 8192K, reserved 1048576K
Event: 453.029 GC heap after
Heap after GC invocations=10 (full 3):
 PSYoungGen      total 538624K, used 136371K [0x00000000d5580000, 0x0000000100000000, 0x0000000100000000)
  eden space 401920K, 0% used [0x00000000d5580000,0x00000000d5580000,0x00000000ede00000)
  from space 136704K, 99% used [0x00000000ede00000,0x00000000f632ce78,0x00000000f6380000)
  to   space 160256K, 0% used [0x00000000f6380000,0x00000000f6380000,0x0000000100000000)
 ParOldGen       total 1398272K, used 109309K [0x0000000080000000, 0x00000000d5580000, 0x00000000d5580000)
  object space 1398272K, 7% used [0x0000000080000000,0x0000000086abf570,0x00000000d5580000)
 Metaspace       used 68996K, capacity 71940K, committed 72192K, reserved 1114112K
  class space    used 7621K, capacity 8102K, committed 8192K, reserved 1048576K
}

