# JRE version: OpenJDK Runtime Environment (8.0_212-b04) (build 1.8.0_212-b04)
# Java VM: OpenJDK 64-Bit Server VM (25.212-b04 mixed mode linux-amd64 compressed oops)
Heap:
 PSYoungGen      total 611840K, used 265741K [0x00000000d5580000, 0x0000000100000000, 0x0000000100000000)
  eden space 524800K, 50% used [0x00000000d5580000,0x00000000e59034c0,0x00000000f5600000)
  from space 87040K, 0% used [0x00000000fab00000,0x00000000fab00000,0x0000000100000000)
  to   space 87040K, 0% used [0x00000000f5600000,0x00000000f5600000,0x00000000fab00000)
 ParOldGen       total 1398272K, used 26812K [0x0000000080000000, 0x00000000d5580000, 0x00000000d5580000)
  object space 1398272K, 1% used [0x0000000080000000,0x0000000081a2f240,0x00000000d5580000)
 Metaspace       used 64960K, capacity 67722K, committed 67968K, reserved 1110016K
  class space    used 7528K, capacity 8029K, committed 8064K, reserved 1048576K
GC Heap History (10 events):
Event: 4.520 GC heap before
{Heap before GC invocations=3 (full 1):
 PSYoungGen      total 611840K, used 457038K [0x00000000d5580000, 0x0000000100000000, 0x0000000100000000)
  eden space 524800K, 87% used [0x00000000d5580000,0x00000000f13d3860,0x00000000f5600000)
  from space 87040K, 0% used [0x00000000f5600000,0x00000000f5600000,0x00000000fab00000)
  to   space 87040K, 0% used [0x00000000fab00000,0x00000000fab00000,0x0000000100000000)
 ParOldGen       total 877056K, used 14293K [0x0000000080000000, 0x00000000b5880000, 0x00000000d5580000)
  object space 877056K, 1% used [0x0000000080000000,0x0000000080df5490,0x00000000b5880000)
 Metaspace       used 34670K, capacity 35028K, committed 35416K, reserved 1081344K
  class space    used 3950K, capacity 4060K, committed 4096K, reserved 1048576K
Event: 4.560 GC heap after
Heap after GC invocations=3 (full 1):
 PSYoungGen      total 611840K, used 18903K [0x00000000d5580000, 0x0000000100000000, 0x0000000100000000)
  eden space 524800K, 0% used [0x00000000d5580000,0x00000000d5580000,0x00000000f5600000)
  from space 87040K, 21% used [0x00000000fab00000,0x00000000fbd75ce8,0x0000000100000000)
  to   space 87040K, 0% used [0x00000000f5600000,0x00000000f5600000,0x00000000fab00000)
 ParOldGen       total 877056K, used 14293K [0x0000000080000000, 0x00000000b5880000, 0x00000000d5580000)
  object space 877056K, 1% used [0x0000000080000000,0x0000000080df5490,0x00000000b5880000)
 Metaspace       used 34670K, capacity 35028K, committed 35416K, reserved 1081344K
  class space    used 3950K, capacity 4060K, committed 4096K, reserved 1048576K
}
Event: 4.561 GC heap before
{Heap before GC invocations=4 (full 2):
 PSYoungGen      total 611840K, used 18903K [0x00000000d5580000, 0x0000000100000000, 0x0000000100000000)
  eden space 524800K, 0% used [0x00000000d5580000,0x00000000d5580000,0x00000000f5600000)
  from space 87040K, 21% used [0x00000000fab00000,0x00000000fbd75ce8,0x0000000100000000)
  to   space 87040K, 0% used [0x00000000f5600000,0x00000000f5600000,0x00000000fab00000)
 ParOldGen       total 877056K, used 14293K [0x0000000080000000, 0x00000000b5880000, 0x00000000d5580000)
  object space 877056K, 1% used [0x0000000080000000,0x0000000080df5490,0x00000000b5880000)
 Metaspace       used 34670K, capacity 35028K, committed 35416K, reserved 1081344K
  class space    used 3950K, capacity 4060K, committed 4096K, reserved 1048576K
Event: 4.675 GC heap after
Heap after GC invocations=4 (full 2):
 PSYoungGen      total 611840K, used 0K [0x00000000d5580000, 0x0000000100000000, 0x0000000100000000)
  eden space 524800K, 0% used [0x00000000d5580000,0x00000000d5580000,0x00000000f5600000)
  from space 87040K, 0% used [0x00000000fab00000,0x00000000fab00000,0x0000000100000000)
  to   space 87040K, 0% used [0x00000000f5600000,0x00000000f5600000,0x00000000fab00000)
 ParOldGen       total 1398272K, used 23423K [0x0000000080000000, 0x00000000d5580000, 0x00000000d5580000)
  object space 1398272K, 1% used [0x0000000080000000,0x00000000816dff70,0x00000000d5580000)
 Metaspace       used 34670K, capacity 35028K, committed 35416K, reserved 1081344K
  class space    used 3950K, capacity 4060K, committed 4096K, reserved 1048576K
}
Event: 10.512 GC heap before
{Heap before GC invocations=5 (full 2):
 PSYoungGen      total 611840K, used 524800K [0x00000000d5580000, 0x0000000100000000, 0x0000000100000000)
  eden space 524800K, 100% used [0x00000000d5580000,0x00000000f5600000,0x00000000f5600000)
  from space 87040K, 0% used [0x00000000fab00000,0x00000000fab00000,0x0000000100000000)
  to   space 87040K, 0% used [0x00000000f5600000,0x00000000f5600000,0x00000000fab00000)
 ParOldGen       total 1398272K, used 23423K [0x0000000080000000, 0x00000000d5580000, 0x00000000d5580000)
  object space 1398272K, 1% used [0x0000000080000000,0x00000000816dff70,0x00000000d5580000)
 Metaspace       used 52363K, capacity 53438K, committed 53760K, reserved 1097728K
  class space    used 6070K, capacity 6313K, committed 6400K, reserved 1048576K
Event: 10.564 GC heap after
Heap after GC invocations=5 (full 2):
 PSYoungGen      total 611840K, used 23644K [0x00000000d5580000, 0x0000000100000000, 0x0000000100000000)
  eden space 524800K, 0% used [0x00000000d5580000,0x00000000d5580000,0x00000000f5600000)
  from space 87040K, 27% used [0x00000000f5600000,0x00000000f6d17080,0x00000000fab00000)
  to   space 87040K, 0% used [0x00000000fab00000,0x00000000fab00000,0x0000000100000000)
 ParOldGen       total 1398272K, used 23431K [0x0000000080000000, 0x00000000d5580000, 0x00000000d5580000)
  object space 1398272K, 1% used [0x0000000080000000,0x00000000816e1f70,0x00000000d5580000)
 Metaspace       used 52363K, capacity 53438K, committed 53760K, reserved 1097728K
  class space    used 6070K, capacity 6313K, committed 6400K, reserved 1048576K
}
Event: 11.175 GC heap before
{Heap before GC invocations=6 (full 2):
 PSYoungGen      total 611840K, used 158630K [0x00000000d5580000, 0x0000000100000000, 0x0000000100000000)
  eden space 524800K, 25% used [0x00000000d5580000,0x00000000dd952b40,0x00000000f5600000)
  from space 87040K, 27% used [0x00000000f5600000,0x00000000f6d17080,0x00000000fab00000)
  to   space 87040K, 0% used [0x00000000fab00000,0x00000000fab00000,0x0000000100000000)
 ParOldGen       total 1398272K, used 23431K [0x0000000080000000, 0x00000000d5580000, 0x00000000d5580000)
  object space 1398272K, 1% used [0x0000000080000000,0x00000000816e1f70,0x00000000d5580000)
 Metaspace       used 57539K, capacity 58896K, committed 59008K, reserved 1101824K
  class space    used 6678K, capacity 6930K, committed 7040K, reserved 1048576K
Event: 11.199 GC heap after
Heap after GC invocations=6 (full 2):
 PSYoungGen      total 611840K, used 15157K [0x00000000d5580000, 0x0000000100000000, 0x0000000100000000)
  eden space 524800K, 0% used [0x00000000d5580000,0x00000000d5580000,0x00000000f5600000)
  from space 87040K, 17% used [0x00000000fab00000,0x00000000fb9cd530,0x0000000100000000)
  to   space 87040K, 0% used [0x00000000f5600000,0x00000000f5600000,0x00000000fab00000)
 ParOldGen       total 1398272K, used 23439K [0x0000000080000000, 0x00000000d5580000, 0x00000000d5580000)
  object space 1398272K, 1% used [0x0000000080000000,0x00000000816e3f70,0x00000000d5580000)
 Metaspace       used 57539K, capacity 58896K, committed 59008K, reserved 1101824K
  class space    used 6678K, capacity 6930K, committed 7040K, reserved 1048576K
}
Event: 11.199 GC heap before
{Heap before GC invocations=7 (full 3):
 PSYoungGen      total 611840K, used 15157K [0x00000000d5580000, 0x0000000100000000, 0x0000000100000000)
  eden space 524800K, 0% used [0x00000000d5580000,0x00000000d5580000,0x00000000f5600000)
  from space 87040K, 17% used [0x00000000fab00000,0x00000000fb9cd530,0x0000000100000000)
  to   space 87040K, 0% used [0x00000000f5600000,0x00000000f5600000,0x00000000fab00000)
 ParOldGen       total 1398272K, used 23439K [0x0000000080000000, 0x00000000d5580000, 0x00000000d5580000)
  object space 1398272K, 1% used [0x0000000080000000,0x00000000816e3f70,0x00000000d5580000)
 Metaspace       used 57539K, capacity 58896K, committed 59008K, reserved 1101824K
  class space    used 6678K, capacity 6930K, committed 7040K, reserved 1048576K
Event: 11.454 GC heap after
Heap after GC invocations=7 (full 3):
 PSYoungGen      total 611840K, used 0K [0x00000000d5580000, 0x0000000100000000, 0x0000000100000000)
  eden space 524800K, 0% used [0x00000000d5580000,0x00000000d5580000,0x00000000f5600000)
  from space 87040K, 0% used [0x00000000fab00000,0x00000000fab00000,0x0000000100000000)
  to   space 87040K, 0% used [0x00000000f5600000,0x00000000f5600000,0x00000000fab00000)
 ParOldGen       total 1398272K, used 26812K [0x0000000080000000, 0x00000000d5580000, 0x00000000d5580000)
  object space 1398272K, 1% used [0x0000000080000000,0x0000000081a2f240,0x00000000d5580000)
 Metaspace       used 57505K, capacity 58810K, committed 59008K, reserved 1101824K
  class space    used 6666K, capacity 6909K, committed 7040K, reserved 1048576K
}

