# JRE version: OpenJDK Runtime Environment (8.0_212-b04) (build 1.8.0_212-b04)
# Java VM: OpenJDK 64-Bit Server VM (25.212-b04 mixed mode linux-amd64 compressed oops)
Heap:
 PSYoungGen      total 611840K, used 80560K [0x00000000d5580000, 0x0000000100000000, 0x0000000100000000)
  eden space 524800K, 15% used [0x00000000d5580000,0x00000000da42c018,0x00000000f5600000)
  from space 87040K, 0% used [0x00000000f5600000,0x00000000f5600000,0x00000000fab00000)
  to   space 87040K, 0% used [0x00000000fab00000,0x00000000fab00000,0x0000000100000000)
 ParOldGen       total 878080K, used 14453K [0x0000000080000000, 0x00000000b5980000, 0x00000000d5580000)
  object space 878080K, 1% used [0x0000000080000000,0x0000000080e1d768,0x00000000b5980000)
 Metaspace       used 24442K, capacity 24622K, committed 24832K, reserved 1071104K
  class space    used 2991K, capacity 3058K, committed 3072K, reserved 1048576K
GC Heap History (4 events):
Event: 2.502 GC heap before
{Heap before GC invocations=1 (full 0):
 PSYoungGen      total 611840K, used 304419K [0x00000000d5580000, 0x0000000100000000, 0x0000000100000000)
  eden space 524800K, 58% used [0x00000000d5580000,0x00000000e7ec8c30,0x00000000f5600000)
  from space 87040K, 0% used [0x00000000fab00000,0x00000000fab00000,0x0000000100000000)
  to   space 87040K, 0% used [0x00000000f5600000,0x00000000f5600000,0x00000000fab00000)
 ParOldGen       total 1398272K, used 0K [0x0000000080000000, 0x00000000d5580000, 0x00000000d5580000)
  object space 1398272K, 0% used [0x0000000080000000,0x0000000080000000,0x00000000d5580000)
 Metaspace       used 20907K, capacity 21100K, committed 21296K, reserved 1069056K
  class space    used 2580K, capacity 2673K, committed 2688K, reserved 1048576K
Event: 2.542 GC heap after
Heap after GC invocations=1 (full 0):
 PSYoungGen      total 611840K, used 15163K [0x00000000d5580000, 0x0000000100000000, 0x0000000100000000)
  eden space 524800K, 0% used [0x00000000d5580000,0x00000000d5580000,0x00000000f5600000)
  from space 87040K, 17% used [0x00000000f5600000,0x00000000f64cecc8,0x00000000fab00000)
  to   space 87040K, 0% used [0x00000000fab00000,0x00000000fab00000,0x0000000100000000)
 ParOldGen       total 1398272K, used 24K [0x0000000080000000, 0x00000000d5580000, 0x00000000d5580000)
  object space 1398272K, 0% used [0x0000000080000000,0x0000000080006000,0x00000000d5580000)
 Metaspace       used 20907K, capacity 21100K, committed 21296K, reserved 1069056K
  class space    used 2580K, capacity 2673K, committed 2688K, reserved 1048576K
}
Event: 2.542 GC heap before
{Heap before GC invocations=2 (full 1):
 PSYoungGen      total 611840K, used 15163K [0x00000000d5580000, 0x0000000100000000, 0x0000000100000000)
  eden space 524800K, 0% used [0x00000000d5580000,0x00000000d5580000,0x00000000f5600000)
  from space 87040K, 17% used [0x00000000f5600000,0x00000000f64cecc8,0x00000000fab00000)
  to   space 87040K, 0% used [0x00000000fab00000,0x00000000fab00000,0x0000000100000000)
 ParOldGen       total 1398272K, used 24K [0x0000000080000000, 0x00000000d5580000, 0x00000000d5580000)
  object space 1398272K, 0% used [0x0000000080000000,0x0000000080006000,0x00000000d5580000)
 Metaspace       used 20907K, capacity 21100K, committed 21296K, reserved 1069056K
  class space    used 2580K, capacity 2673K, committed 2688K, reserved 1048576K
Event: 2.616 GC heap after
Heap after GC invocations=2 (full 1):
 PSYoungGen      total 611840K, used 0K [0x00000000d5580000, 0x0000000100000000, 0x0000000100000000)
  eden space 524800K, 0% used [0x00000000d5580000,0x00000000d5580000,0x00000000f5600000)
  from space 87040K, 0% used [0x00000000f5600000,0x00000000f5600000,0x00000000fab00000)
  to   space 87040K, 0% used [0x00000000fab00000,0x00000000fab00000,0x0000000100000000)
 ParOldGen       total 878080K, used 14453K [0x0000000080000000, 0x00000000b5980000, 0x00000000d5580000)
  object space 878080K, 1% used [0x0000000080000000,0x0000000080e1d768,0x00000000b5980000)
 Metaspace       used 20903K, capacity 21094K, committed 21296K, reserved 1069056K
  class space    used 2580K, capacity 2672K, committed 2688K, reserved 1048576K
}

