# JRE version: OpenJDK Runtime Environment (8.0_212-b04) (build 1.8.0_212-b04)
# Java VM: OpenJDK 64-Bit Server VM (25.212-b04 mixed mode linux-amd64 compressed oops)
Heap:
 PSYoungGen      total 601088K, used 350314K [0x00000000d5580000, 0x00000000ff800000, 0x0000000100000000)
  eden space 524800K, 52% used [0x00000000d5580000,0x00000000e6137b60,0x00000000f5600000)
  from space 76288K, 99% used [0x00000000f5600000,0x00000000fa063060,0x00000000fa080000)
  to   space 82944K, 0% used [0x00000000fa700000,0x00000000fa700000,0x00000000ff800000)
 ParOldGen       total 1398272K, used 44334K [0x0000000080000000, 0x00000000d5580000, 0x00000000d5580000)
  object space 1398272K, 3% used [0x0000000080000000,0x0000000082b4b848,0x00000000d5580000)
 Metaspace       used 67627K, capacity 70876K, committed 70912K, reserved 1112064K
  class space    used 7624K, capacity 8188K, committed 8192K, reserved 1048576K
GC Heap History (10 events):
Event: 4.813 GC heap before
{Heap before GC invocations=4 (full 2):
 PSYoungGen      total 611840K, used 19254K [0x00000000d5580000, 0x0000000100000000, 0x0000000100000000)
  eden space 524800K, 0% used [0x00000000d5580000,0x00000000d5580000,0x00000000f5600000)
  from space 87040K, 22% used [0x00000000fab00000,0x00000000fbdcdb60,0x0000000100000000)
  to   space 87040K, 0% used [0x00000000f5600000,0x00000000f5600000,0x00000000fab00000)
 ParOldGen       total 871424K, used 13726K [0x0000000080000000, 0x00000000b5300000, 0x00000000d5580000)
  object space 871424K, 1% used [0x0000000080000000,0x0000000080d67a70,0x00000000b5300000)
 Metaspace       used 34790K, capacity 35188K, committed 35416K, reserved 1081344K
  class space    used 3968K, capacity 4092K, committed 4096K, reserved 1048576K
Event: 4.914 GC heap after
Heap after GC invocations=4 (full 2):
 PSYoungGen      total 611840K, used 0K [0x00000000d5580000, 0x0000000100000000, 0x0000000100000000)
  eden space 524800K, 0% used [0x00000000d5580000,0x00000000d5580000,0x00000000f5600000)
  from space 87040K, 0% used [0x00000000fab00000,0x00000000fab00000,0x0000000100000000)
  to   space 87040K, 0% used [0x00000000f5600000,0x00000000f5600000,0x00000000fab00000)
 ParOldGen       total 1398272K, used 23558K [0x0000000080000000, 0x00000000d5580000, 0x00000000d5580000)
  object space 1398272K, 1% used [0x0000000080000000,0x0000000081701b98,0x00000000d5580000)
 Metaspace       used 34790K, capacity 35188K, committed 35416K, reserved 1081344K
  class space    used 3968K, capacity 4092K, committed 4096K, reserved 1048576K
}
Event: 12.089 GC heap before
{Heap before GC invocations=5 (full 2):
 PSYoungGen      total 611840K, used 486131K [0x00000000d5580000, 0x0000000100000000, 0x0000000100000000)
  eden space 524800K, 92% used [0x00000000d5580000,0x00000000f303cd98,0x00000000f5600000)
  from space 87040K, 0% used [0x00000000fab00000,0x00000000fab00000,0x0000000100000000)
  to   space 87040K, 0% used [0x00000000f5600000,0x00000000f5600000,0x00000000fab00000)
 ParOldGen       total 1398272K, used 23558K [0x0000000080000000, 0x00000000d5580000, 0x00000000d5580000)
  object space 1398272K, 1% used [0x0000000080000000,0x0000000081701b98,0x00000000d5580000)
 Metaspace       used 57447K, capacity 58870K, committed 59028K, reserved 1101824K
  class space    used 6624K, capacity 6897K, committed 6912K, reserved 1048576K
Event: 12.157 GC heap after
Heap after GC invocations=5 (full 2):
 PSYoungGen      total 611840K, used 33755K [0x00000000d5580000, 0x0000000100000000, 0x0000000100000000)
  eden space 524800K, 0% used [0x00000000d5580000,0x00000000d5580000,0x00000000f5600000)
  from space 87040K, 38% used [0x00000000f5600000,0x00000000f76f6e20,0x00000000fab00000)
  to   space 87040K, 0% used [0x00000000fab00000,0x00000000fab00000,0x0000000100000000)
 ParOldGen       total 1398272K, used 23566K [0x0000000080000000, 0x00000000d5580000, 0x00000000d5580000)
  object space 1398272K, 1% used [0x0000000080000000,0x0000000081703b98,0x00000000d5580000)
 Metaspace       used 57447K, capacity 58870K, committed 59028K, reserved 1101824K
  class space    used 6624K, capacity 6897K, committed 6912K, reserved 1048576K
}
Event: 12.157 GC heap before
{Heap before GC invocations=6 (full 3):
 PSYoungGen      total 611840K, used 33755K [0x00000000d5580000, 0x0000000100000000, 0x0000000100000000)
  eden space 524800K, 0% used [0x00000000d5580000,0x00000000d5580000,0x00000000f5600000)
  from space 87040K, 38% used [0x00000000f5600000,0x00000000f76f6e20,0x00000000fab00000)
  to   space 87040K, 0% used [0x00000000fab00000,0x00000000fab00000,0x0000000100000000)
 ParOldGen       total 1398272K, used 23566K [0x0000000080000000, 0x00000000d5580000, 0x00000000d5580000)
  object space 1398272K, 1% used [0x0000000080000000,0x0000000081703b98,0x00000000d5580000)
 Metaspace       used 57447K, capacity 58870K, committed 59028K, reserved 1101824K
  class space    used 6624K, capacity 6897K, committed 6912K, reserved 1048576K
Event: 12.422 GC heap after
Heap after GC invocations=6 (full 3):
 PSYoungGen      total 611840K, used 0K [0x00000000d5580000, 0x0000000100000000, 0x0000000100000000)
  eden space 524800K, 0% used [0x00000000d5580000,0x00000000d5580000,0x00000000f5600000)
  from space 87040K, 0% used [0x00000000f5600000,0x00000000f5600000,0x00000000fab00000)
  to   space 87040K, 0% used [0x00000000fab00000,0x00000000fab00000,0x0000000100000000)
 ParOldGen       total 1398272K, used 44326K [0x0000000080000000, 0x00000000d5580000, 0x00000000d5580000)
  object space 1398272K, 3% used [0x0000000080000000,0x0000000082b49848,0x00000000d5580000)
 Metaspace       used 57418K, capacity 58800K, committed 59028K, reserved 1101824K
  class space    used 6614K, capacity 6880K, committed 6912K, reserved 1048576K
}
Event: 34.280 GC heap before
{Heap before GC invocations=7 (full 3):
 PSYoungGen      total 611840K, used 520588K [0x00000000d5580000, 0x0000000100000000, 0x0000000100000000)
  eden space 524800K, 99% used [0x00000000d5580000,0x00000000f51e3178,0x00000000f5600000)
  from space 87040K, 0% used [0x00000000f5600000,0x00000000f5600000,0x00000000fab00000)
  to   space 87040K, 0% used [0x00000000fab00000,0x00000000fab00000,0x0000000100000000)
 ParOldGen       total 1398272K, used 44326K [0x0000000080000000, 0x00000000d5580000, 0x00000000d5580000)
  object space 1398272K, 3% used [0x0000000080000000,0x0000000082b49848,0x00000000d5580000)
 Metaspace       used 66349K, capacity 69176K, committed 69248K, reserved 1110016K
  class space    used 7542K, capacity 8052K, committed 8064K, reserved 1048576K
Event: 34.364 GC heap after
Heap after GC invocations=7 (full 3):
 PSYoungGen      total 611840K, used 51214K [0x00000000d5580000, 0x0000000100000000, 0x0000000100000000)
  eden space 524800K, 0% used [0x00000000d5580000,0x00000000d5580000,0x00000000f5600000)
  from space 87040K, 58% used [0x00000000fab00000,0x00000000fdd03a28,0x0000000100000000)
  to   space 87040K, 0% used [0x00000000f5600000,0x00000000f5600000,0x00000000fab00000)
 ParOldGen       total 1398272K, used 44326K [0x0000000080000000, 0x00000000d5580000, 0x00000000d5580000)
  object space 1398272K, 3% used [0x0000000080000000,0x0000000082b49848,0x00000000d5580000)
 Metaspace       used 66349K, capacity 69176K, committed 69248K, reserved 1110016K
  class space    used 7542K, capacity 8052K, committed 8064K, reserved 1048576K
}
Event: 40.155 GC heap before
{Heap before GC invocations=8 (full 3):
 PSYoungGen      total 611840K, used 573997K [0x00000000d5580000, 0x0000000100000000, 0x0000000100000000)
  eden space 524800K, 99% used [0x00000000d5580000,0x00000000f5407a30,0x00000000f5600000)
  from space 87040K, 58% used [0x00000000fab00000,0x00000000fdd03a28,0x0000000100000000)
  to   space 87040K, 0% used [0x00000000f5600000,0x00000000f5600000,0x00000000fab00000)
 ParOldGen       total 1398272K, used 44326K [0x0000000080000000, 0x00000000d5580000, 0x00000000d5580000)
  object space 1398272K, 3% used [0x0000000080000000,0x0000000082b49848,0x00000000d5580000)
 Metaspace       used 67031K, capacity 69940K, committed 70144K, reserved 1112064K
  class space    used 7563K, capacity 8078K, committed 8192K, reserved 1048576K
Event: 40.229 GC heap after
Heap after GC invocations=8 (full 3):
 PSYoungGen      total 601088K, used 76172K [0x00000000d5580000, 0x00000000ff800000, 0x0000000100000000)
  eden space 524800K, 0% used [0x00000000d5580000,0x00000000d5580000,0x00000000f5600000)
  from space 76288K, 99% used [0x00000000f5600000,0x00000000fa063060,0x00000000fa080000)
  to   space 82944K, 0% used [0x00000000fa700000,0x00000000fa700000,0x00000000ff800000)
 ParOldGen       total 1398272K, used 44334K [0x0000000080000000, 0x00000000d5580000, 0x00000000d5580000)
  object space 1398272K, 3% used [0x0000000080000000,0x0000000082b4b848,0x00000000d5580000)
 Metaspace       used 67031K, capacity 69940K, committed 70144K, reserved 1112064K
  class space    used 7563K, capacity 8078K, committed 8192K, reserved 1048576K
}

