# JRE version: OpenJDK Runtime Environment (8.0_212-b04) (build 1.8.0_212-b04)
# Java VM: OpenJDK 64-Bit Server VM (25.212-b04 mixed mode linux-amd64 compressed oops)
Heap:
 PSYoungGen      total 611840K, used 197072K [0x00000000d5580000, 0x0000000100000000, 0x0000000100000000)
  eden space 524800K, 37% used [0x00000000d5580000,0x00000000e15f4398,0x00000000f5600000)
  from space 87040K, 0% used [0x00000000fab00000,0x00000000fab00000,0x0000000100000000)
  to   space 87040K, 0% used [0x00000000f5600000,0x00000000f5600000,0x00000000fab00000)
 ParOldGen       total 1398272K, used 25481K [0x0000000080000000, 0x00000000d5580000, 0x00000000d5580000)
  object space 1398272K, 1% used [0x0000000080000000,0x00000000818e2710,0x00000000d5580000)
 Metaspace       used 57216K, capacity 59108K, committed 59540K, reserved 1101824K
  class space    used 6618K, capacity 6976K, committed 7060K, reserved 1048576K
GC Heap History (10 events):
Event: 4.395 GC heap before
{Heap before GC invocations=3 (full 1):
 PSYoungGen      total 611840K, used 498573K [0x00000000d5580000, 0x0000000100000000, 0x0000000100000000)
  eden space 524800K, 95% used [0x00000000d5580000,0x00000000f3c636e0,0x00000000f5600000)
  from space 87040K, 0% used [0x00000000f5600000,0x00000000f5600000,0x00000000fab00000)
  to   space 87040K, 0% used [0x00000000fab00000,0x00000000fab00000,0x0000000100000000)
 ParOldGen       total 907776K, used 13751K [0x0000000080000000, 0x00000000b7680000, 0x00000000d5580000)
  object space 907776K, 1% used [0x0000000080000000,0x0000000080d6dd40,0x00000000b7680000)
 Metaspace       used 34802K, capacity 35156K, committed 35416K, reserved 1081344K
  class space    used 3965K, capacity 4060K, committed 4096K, reserved 1048576K
Event: 4.424 GC heap after
Heap after GC invocations=3 (full 1):
 PSYoungGen      total 611840K, used 19242K [0x00000000d5580000, 0x0000000100000000, 0x0000000100000000)
  eden space 524800K, 0% used [0x00000000d5580000,0x00000000d5580000,0x00000000f5600000)
  from space 87040K, 22% used [0x00000000fab00000,0x00000000fbdca8d0,0x0000000100000000)
  to   space 87040K, 0% used [0x00000000f5600000,0x00000000f5600000,0x00000000fab00000)
 ParOldGen       total 907776K, used 13751K [0x0000000080000000, 0x00000000b7680000, 0x00000000d5580000)
  object space 907776K, 1% used [0x0000000080000000,0x0000000080d6dd40,0x00000000b7680000)
 Metaspace       used 34802K, capacity 35156K, committed 35416K, reserved 1081344K
  class space    used 3965K, capacity 4060K, committed 4096K, reserved 1048576K
}
Event: 4.424 GC heap before
{Heap before GC invocations=4 (full 2):
 PSYoungGen      total 611840K, used 19242K [0x00000000d5580000, 0x0000000100000000, 0x0000000100000000)
  eden space 524800K, 0% used [0x00000000d5580000,0x00000000d5580000,0x00000000f5600000)
  from space 87040K, 22% used [0x00000000fab00000,0x00000000fbdca8d0,0x0000000100000000)
  to   space 87040K, 0% used [0x00000000f5600000,0x00000000f5600000,0x00000000fab00000)
 ParOldGen       total 907776K, used 13751K [0x0000000080000000, 0x00000000b7680000, 0x00000000d5580000)
  object space 907776K, 1% used [0x0000000080000000,0x0000000080d6dd40,0x00000000b7680000)
 Metaspace       used 34802K, capacity 35156K, committed 35416K, reserved 1081344K
  class space    used 3965K, capacity 4060K, committed 4096K, reserved 1048576K
Event: 4.515 GC heap after
Heap after GC invocations=4 (full 2):
 PSYoungGen      total 611840K, used 0K [0x00000000d5580000, 0x0000000100000000, 0x0000000100000000)
  eden space 524800K, 0% used [0x00000000d5580000,0x00000000d5580000,0x00000000f5600000)
  from space 87040K, 0% used [0x00000000fab00000,0x00000000fab00000,0x0000000100000000)
  to   space 87040K, 0% used [0x00000000f5600000,0x00000000f5600000,0x00000000fab00000)
 ParOldGen       total 1398272K, used 23492K [0x0000000080000000, 0x00000000d5580000, 0x00000000d5580000)
  object space 1398272K, 1% used [0x0000000080000000,0x00000000816f1038,0x00000000d5580000)
 Metaspace       used 34802K, capacity 35156K, committed 35416K, reserved 1081344K
  class space    used 3965K, capacity 4060K, committed 4096K, reserved 1048576K
}
Event: 26.632 GC heap before
{Heap before GC invocations=5 (full 2):
 PSYoungGen      total 611840K, used 524800K [0x00000000d5580000, 0x0000000100000000, 0x0000000100000000)
  eden space 524800K, 100% used [0x00000000d5580000,0x00000000f5600000,0x00000000f5600000)
  from space 87040K, 0% used [0x00000000fab00000,0x00000000fab00000,0x0000000100000000)
  to   space 87040K, 0% used [0x00000000f5600000,0x00000000f5600000,0x00000000fab00000)
 ParOldGen       total 1398272K, used 23492K [0x0000000080000000, 0x00000000d5580000, 0x00000000d5580000)
  object space 1398272K, 1% used [0x0000000080000000,0x00000000816f1038,0x00000000d5580000)
 Metaspace       used 56645K, capacity 58682K, committed 58752K, reserved 1101824K
  class space    used 6647K, capacity 7035K, committed 7040K, reserved 1048576K
Event: 26.727 GC heap after
Heap after GC invocations=5 (full 2):
 PSYoungGen      total 611840K, used 31559K [0x00000000d5580000, 0x0000000100000000, 0x0000000100000000)
  eden space 524800K, 0% used [0x00000000d5580000,0x00000000d5580000,0x00000000f5600000)
  from space 87040K, 36% used [0x00000000f5600000,0x00000000f74d1c38,0x00000000fab00000)
  to   space 87040K, 0% used [0x00000000fab00000,0x00000000fab00000,0x0000000100000000)
 ParOldGen       total 1398272K, used 23500K [0x0000000080000000, 0x00000000d5580000, 0x00000000d5580000)
  object space 1398272K, 1% used [0x0000000080000000,0x00000000816f3038,0x00000000d5580000)
 Metaspace       used 56645K, capacity 58682K, committed 58752K, reserved 1101824K
  class space    used 6647K, capacity 7035K, committed 7040K, reserved 1048576K
}
Event: 40.851 GC heap before
{Heap before GC invocations=6 (full 2):
 PSYoungGen      total 611840K, used 159744K [0x00000000d5580000, 0x0000000100000000, 0x0000000100000000)
  eden space 524800K, 24% used [0x00000000d5580000,0x00000000dd2ae450,0x00000000f5600000)
  from space 87040K, 36% used [0x00000000f5600000,0x00000000f74d1c38,0x00000000fab00000)
  to   space 87040K, 0% used [0x00000000fab00000,0x00000000fab00000,0x0000000100000000)
 ParOldGen       total 1398272K, used 23500K [0x0000000080000000, 0x00000000d5580000, 0x00000000d5580000)
  object space 1398272K, 1% used [0x0000000080000000,0x00000000816f3038,0x00000000d5580000)
 Metaspace       used 56934K, capacity 59016K, committed 59028K, reserved 1101824K
  class space    used 6655K, capacity 7048K, committed 7060K, reserved 1048576K
Event: 40.890 GC heap after
Heap after GC invocations=6 (full 2):
 PSYoungGen      total 611840K, used 14378K [0x00000000d5580000, 0x0000000100000000, 0x0000000100000000)
  eden space 524800K, 0% used [0x00000000d5580000,0x00000000d5580000,0x00000000f5600000)
  from space 87040K, 16% used [0x00000000fab00000,0x00000000fb90a950,0x0000000100000000)
  to   space 87040K, 0% used [0x00000000f5600000,0x00000000f5600000,0x00000000fab00000)
 ParOldGen       total 1398272K, used 23508K [0x0000000080000000, 0x00000000d5580000, 0x00000000d5580000)
  object space 1398272K, 1% used [0x0000000080000000,0x00000000816f5038,0x00000000d5580000)
 Metaspace       used 56934K, capacity 59016K, committed 59028K, reserved 1101824K
  class space    used 6655K, capacity 7048K, committed 7060K, reserved 1048576K
}
Event: 40.890 GC heap before
{Heap before GC invocations=7 (full 3):
 PSYoungGen      total 611840K, used 14378K [0x00000000d5580000, 0x0000000100000000, 0x0000000100000000)
  eden space 524800K, 0% used [0x00000000d5580000,0x00000000d5580000,0x00000000f5600000)
  from space 87040K, 16% used [0x00000000fab00000,0x00000000fb90a950,0x0000000100000000)
  to   space 87040K, 0% used [0x00000000f5600000,0x00000000f5600000,0x00000000fab00000)
 ParOldGen       total 1398272K, used 23508K [0x0000000080000000, 0x00000000d5580000, 0x00000000d5580000)
  object space 1398272K, 1% used [0x0000000080000000,0x00000000816f5038,0x00000000d5580000)
 Metaspace       used 56934K, capacity 59016K, committed 59028K, reserved 1101824K
  class space    used 6655K, capacity 7048K, committed 7060K, reserved 1048576K
Event: 41.108 GC heap after
Heap after GC invocations=7 (full 3):
 PSYoungGen      total 611840K, used 0K [0x00000000d5580000, 0x0000000100000000, 0x0000000100000000)
  eden space 524800K, 0% used [0x00000000d5580000,0x00000000d5580000,0x00000000f5600000)
  from space 87040K, 0% used [0x00000000fab00000,0x00000000fab00000,0x0000000100000000)
  to   space 87040K, 0% used [0x00000000f5600000,0x00000000f5600000,0x00000000fab00000)
 ParOldGen       total 1398272K, used 25481K [0x0000000080000000, 0x00000000d5580000, 0x00000000d5580000)
  object space 1398272K, 1% used [0x0000000080000000,0x00000000818e2710,0x00000000d5580000)
 Metaspace       used 56805K, capacity 58672K, committed 59028K, reserved 1101824K
  class space    used 6612K, capacity 6970K, committed 7060K, reserved 1048576K
}

