# JRE version: OpenJDK Runtime Environment (8.0_212-b04) (build 1.8.0_212-b04)
# Java VM: OpenJDK 64-Bit Server VM (25.212-b04 mixed mode linux-amd64 compressed oops)
Heap:
 PSYoungGen      total 611840K, used 387561K [0x00000000d5580000, 0x0000000100000000, 0x0000000100000000)
  eden space 524800K, 73% used [0x00000000d5580000,0x00000000ecffa790,0x00000000f5600000)
  from space 87040K, 0% used [0x00000000fab00000,0x00000000fab00000,0x0000000100000000)
  to   space 87040K, 0% used [0x00000000f5600000,0x00000000f5600000,0x00000000fab00000)
 ParOldGen       total 1398272K, used 28769K [0x0000000080000000, 0x00000000d5580000, 0x00000000d5580000)
  object space 1398272K, 2% used [0x0000000080000000,0x0000000081c18440,0x00000000d5580000)
 Metaspace       used 65975K, capacity 68714K, committed 68992K, reserved 1110016K
  class space    used 7506K, capacity 8001K, committed 8064K, reserved 1048576K
GC Heap History (10 events):
Event: 4.276 GC heap before
{Heap before GC invocations=3 (full 1):
 PSYoungGen      total 611840K, used 467080K [0x00000000d5580000, 0x0000000100000000, 0x0000000100000000)
  eden space 524800K, 89% used [0x00000000d5580000,0x00000000f1da22e0,0x00000000f5600000)
  from space 87040K, 0% used [0x00000000f5600000,0x00000000f5600000,0x00000000fab00000)
  to   space 87040K, 0% used [0x00000000fab00000,0x00000000fab00000,0x0000000100000000)
 ParOldGen       total 927744K, used 14360K [0x0000000080000000, 0x00000000b8a00000, 0x00000000d5580000)
  object space 927744K, 1% used [0x0000000080000000,0x0000000080e06120,0x00000000b8a00000)
 Metaspace       used 34660K, capacity 35034K, committed 35416K, reserved 1081344K
  class space    used 3952K, capacity 4061K, committed 4096K, reserved 1048576K
Event: 4.305 GC heap after
Heap after GC invocations=3 (full 1):
 PSYoungGen      total 611840K, used 18894K [0x00000000d5580000, 0x0000000100000000, 0x0000000100000000)
  eden space 524800K, 0% used [0x00000000d5580000,0x00000000d5580000,0x00000000f5600000)
  from space 87040K, 21% used [0x00000000fab00000,0x00000000fbd73be0,0x0000000100000000)
  to   space 87040K, 0% used [0x00000000f5600000,0x00000000f5600000,0x00000000fab00000)
 ParOldGen       total 927744K, used 14360K [0x0000000080000000, 0x00000000b8a00000, 0x00000000d5580000)
  object space 927744K, 1% used [0x0000000080000000,0x0000000080e06120,0x00000000b8a00000)
 Metaspace       used 34660K, capacity 35034K, committed 35416K, reserved 1081344K
  class space    used 3952K, capacity 4061K, committed 4096K, reserved 1048576K
}
Event: 4.305 GC heap before
{Heap before GC invocations=4 (full 2):
 PSYoungGen      total 611840K, used 18894K [0x00000000d5580000, 0x0000000100000000, 0x0000000100000000)
  eden space 524800K, 0% used [0x00000000d5580000,0x00000000d5580000,0x00000000f5600000)
  from space 87040K, 21% used [0x00000000fab00000,0x00000000fbd73be0,0x0000000100000000)
  to   space 87040K, 0% used [0x00000000f5600000,0x00000000f5600000,0x00000000fab00000)
 ParOldGen       total 927744K, used 14360K [0x0000000080000000, 0x00000000b8a00000, 0x00000000d5580000)
  object space 927744K, 1% used [0x0000000080000000,0x0000000080e06120,0x00000000b8a00000)
 Metaspace       used 34660K, capacity 35034K, committed 35416K, reserved 1081344K
  class space    used 3952K, capacity 4061K, committed 4096K, reserved 1048576K
Event: 4.399 GC heap after
Heap after GC invocations=4 (full 2):
 PSYoungGen      total 611840K, used 0K [0x00000000d5580000, 0x0000000100000000, 0x0000000100000000)
  eden space 524800K, 0% used [0x00000000d5580000,0x00000000d5580000,0x00000000f5600000)
  from space 87040K, 0% used [0x00000000fab00000,0x00000000fab00000,0x0000000100000000)
  to   space 87040K, 0% used [0x00000000f5600000,0x00000000f5600000,0x00000000fab00000)
 ParOldGen       total 1398272K, used 23632K [0x0000000080000000, 0x00000000d5580000, 0x00000000d5580000)
  object space 1398272K, 1% used [0x0000000080000000,0x0000000081714380,0x00000000d5580000)
 Metaspace       used 34660K, capacity 35034K, committed 35416K, reserved 1081344K
  class space    used 3952K, capacity 4061K, committed 4096K, reserved 1048576K
}
Event: 10.754 GC heap before
{Heap before GC invocations=5 (full 2):
 PSYoungGen      total 611840K, used 524800K [0x00000000d5580000, 0x0000000100000000, 0x0000000100000000)
  eden space 524800K, 100% used [0x00000000d5580000,0x00000000f5600000,0x00000000f5600000)
  from space 87040K, 0% used [0x00000000fab00000,0x00000000fab00000,0x0000000100000000)
  to   space 87040K, 0% used [0x00000000f5600000,0x00000000f5600000,0x00000000fab00000)
 ParOldGen       total 1398272K, used 23632K [0x0000000080000000, 0x00000000d5580000, 0x00000000d5580000)
  object space 1398272K, 1% used [0x0000000080000000,0x0000000081714380,0x00000000d5580000)
 Metaspace       used 52144K, capacity 53482K, committed 53760K, reserved 1097728K
  class space    used 6123K, capacity 6369K, committed 6400K, reserved 1048576K
Event: 10.790 GC heap after
Heap after GC invocations=5 (full 2):
 PSYoungGen      total 611840K, used 25837K [0x00000000d5580000, 0x0000000100000000, 0x0000000100000000)
  eden space 524800K, 0% used [0x00000000d5580000,0x00000000d5580000,0x00000000f5600000)
  from space 87040K, 29% used [0x00000000f5600000,0x00000000f6f3b548,0x00000000fab00000)
  to   space 87040K, 0% used [0x00000000fab00000,0x00000000fab00000,0x0000000100000000)
 ParOldGen       total 1398272K, used 23640K [0x0000000080000000, 0x00000000d5580000, 0x00000000d5580000)
  object space 1398272K, 1% used [0x0000000080000000,0x0000000081716380,0x00000000d5580000)
 Metaspace       used 52144K, capacity 53482K, committed 53760K, reserved 1097728K
  class space    used 6123K, capacity 6369K, committed 6400K, reserved 1048576K
}
Event: 11.448 GC heap before
{Heap before GC invocations=6 (full 2):
 PSYoungGen      total 611840K, used 139614K [0x00000000d5580000, 0x0000000100000000, 0x0000000100000000)
  eden space 524800K, 21% used [0x00000000d5580000,0x00000000dc49c3f8,0x00000000f5600000)
  from space 87040K, 29% used [0x00000000f5600000,0x00000000f6f3b548,0x00000000fab00000)
  to   space 87040K, 0% used [0x00000000fab00000,0x00000000fab00000,0x0000000100000000)
 ParOldGen       total 1398272K, used 23640K [0x0000000080000000, 0x00000000d5580000, 0x00000000d5580000)
  object space 1398272K, 1% used [0x0000000080000000,0x0000000081716380,0x00000000d5580000)
 Metaspace       used 57390K, capacity 58816K, committed 59008K, reserved 1101824K
  class space    used 6638K, capacity 6924K, committed 7040K, reserved 1048576K
Event: 11.473 GC heap after
Heap after GC invocations=6 (full 2):
 PSYoungGen      total 611840K, used 17139K [0x00000000d5580000, 0x0000000100000000, 0x0000000100000000)
  eden space 524800K, 0% used [0x00000000d5580000,0x00000000d5580000,0x00000000f5600000)
  from space 87040K, 19% used [0x00000000fab00000,0x00000000fbbbcd30,0x0000000100000000)
  to   space 87040K, 0% used [0x00000000f5600000,0x00000000f5600000,0x00000000fab00000)
 ParOldGen       total 1398272K, used 23648K [0x0000000080000000, 0x00000000d5580000, 0x00000000d5580000)
  object space 1398272K, 1% used [0x0000000080000000,0x0000000081718380,0x00000000d5580000)
 Metaspace       used 57390K, capacity 58816K, committed 59008K, reserved 1101824K
  class space    used 6638K, capacity 6924K, committed 7040K, reserved 1048576K
}
Event: 11.473 GC heap before
{Heap before GC invocations=7 (full 3):
 PSYoungGen      total 611840K, used 17139K [0x00000000d5580000, 0x0000000100000000, 0x0000000100000000)
  eden space 524800K, 0% used [0x00000000d5580000,0x00000000d5580000,0x00000000f5600000)
  from space 87040K, 19% used [0x00000000fab00000,0x00000000fbbbcd30,0x0000000100000000)
  to   space 87040K, 0% used [0x00000000f5600000,0x00000000f5600000,0x00000000fab00000)
 ParOldGen       total 1398272K, used 23648K [0x0000000080000000, 0x00000000d5580000, 0x00000000d5580000)
  object space 1398272K, 1% used [0x0000000080000000,0x0000000081718380,0x00000000d5580000)
 Metaspace       used 57390K, capacity 58816K, committed 59008K, reserved 1101824K
  class space    used 6638K, capacity 6924K, committed 7040K, reserved 1048576K
Event: 11.704 GC heap after
Heap after GC invocations=7 (full 3):
 PSYoungGen      total 611840K, used 0K [0x00000000d5580000, 0x0000000100000000, 0x0000000100000000)
  eden space 524800K, 0% used [0x00000000d5580000,0x00000000d5580000,0x00000000f5600000)
  from space 87040K, 0% used [0x00000000fab00000,0x00000000fab00000,0x0000000100000000)
  to   space 87040K, 0% used [0x00000000f5600000,0x00000000f5600000,0x00000000fab00000)
 ParOldGen       total 1398272K, used 28769K [0x0000000080000000, 0x00000000d5580000, 0x00000000d5580000)
  object space 1398272K, 2% used [0x0000000080000000,0x0000000081c18440,0x00000000d5580000)
 Metaspace       used 57371K, capacity 58768K, committed 59008K, reserved 1101824K
  class space    used 6631K, capacity 6912K, committed 7040K, reserved 1048576K
}

