# JRE version: OpenJDK Runtime Environment (8.0_212-b04) (build 1.8.0_212-b04)
# Java VM: OpenJDK 64-Bit Server VM (25.212-b04 mixed mode linux-amd64 compressed oops)
Heap:
 PSYoungGen      total 460288K, used 177805K [0x00000000d5580000, 0x0000000100000000, 0x0000000100000000)
  eden space 323072K, 40% used [0x00000000d5580000,0x00000000dd64ccd0,0x00000000e9100000)
  from space 137216K, 33% used [0x00000000f7a00000,0x00000000fa6d68d8,0x0000000100000000)
  to   space 187904K, 0% used [0x00000000e9100000,0x00000000e9100000,0x00000000f4880000)
 ParOldGen       total 1398272K, used 196352K [0x0000000080000000, 0x00000000d5580000, 0x00000000d5580000)
  object space 1398272K, 14% used [0x0000000080000000,0x000000008bfc0288,0x00000000d5580000)
 Metaspace       used 68373K, capacity 71872K, committed 72064K, reserved 1114112K
  class space    used 7639K, capacity 8240K, committed 8320K, reserved 1048576K
GC Heap History (10 events):
Event: 12.024 GC heap before
{Heap before GC invocations=7 (full 3):
 PSYoungGen      total 611840K, used 22396K [0x00000000d5580000, 0x0000000100000000, 0x0000000100000000)
  eden space 524800K, 0% used [0x00000000d5580000,0x00000000d5580000,0x00000000f5600000)
  from space 87040K, 25% used [0x00000000fab00000,0x00000000fc0df1b8,0x0000000100000000)
  to   space 87040K, 0% used [0x00000000f5600000,0x00000000f5600000,0x00000000fab00000)
 ParOldGen       total 1398272K, used 23646K [0x0000000080000000, 0x00000000d5580000, 0x00000000d5580000)
  object space 1398272K, 1% used [0x0000000080000000,0x0000000081717940,0x00000000d5580000)
 Metaspace       used 57246K, capacity 58936K, committed 59028K, reserved 1101824K
  class space    used 6625K, capacity 6962K, committed 7040K, reserved 1048576K
Event: 12.327 GC heap after
Heap after GC invocations=7 (full 3):
 PSYoungGen      total 611840K, used 0K [0x00000000d5580000, 0x0000000100000000, 0x0000000100000000)
  eden space 524800K, 0% used [0x00000000d5580000,0x00000000d5580000,0x00000000f5600000)
  from space 87040K, 0% used [0x00000000fab00000,0x00000000fab00000,0x0000000100000000)
  to   space 87040K, 0% used [0x00000000f5600000,0x00000000f5600000,0x00000000fab00000)
 ParOldGen       total 1398272K, used 33821K [0x0000000080000000, 0x00000000d5580000, 0x00000000d5580000)
  object space 1398272K, 2% used [0x0000000080000000,0x0000000082107558,0x00000000d5580000)
 Metaspace       used 57142K, capacity 58664K, committed 59028K, reserved 1101824K
  class space    used 6590K, capacity 6900K, committed 7040K, reserved 1048576K
}
Event: 24.733 GC heap before
{Heap before GC invocations=8 (full 3):
 PSYoungGen      total 611840K, used 524800K [0x00000000d5580000, 0x0000000100000000, 0x0000000100000000)
  eden space 524800K, 100% used [0x00000000d5580000,0x00000000f5600000,0x00000000f5600000)
  from space 87040K, 0% used [0x00000000fab00000,0x00000000fab00000,0x0000000100000000)
  to   space 87040K, 0% used [0x00000000f5600000,0x00000000f5600000,0x00000000fab00000)
 ParOldGen       total 1398272K, used 33821K [0x0000000080000000, 0x00000000d5580000, 0x00000000d5580000)
  object space 1398272K, 2% used [0x0000000080000000,0x0000000082107558,0x00000000d5580000)
 Metaspace       used 64832K, capacity 67706K, committed 67968K, reserved 1110016K
  class space    used 7444K, capacity 7941K, committed 8064K, reserved 1048576K
Event: 24.881 GC heap after
Heap after GC invocations=8 (full 3):
 PSYoungGen      total 611840K, used 87031K [0x00000000d5580000, 0x00000000fe300000, 0x0000000100000000)
  eden space 524800K, 0% used [0x00000000d5580000,0x00000000d5580000,0x00000000f5600000)
  from space 87040K, 99% used [0x00000000f5600000,0x00000000faafdcc8,0x00000000fab00000)
  to   space 57344K, 0% used [0x00000000fab00000,0x00000000fab00000,0x00000000fe300000)
 ParOldGen       total 1398272K, used 34336K [0x0000000080000000, 0x00000000d5580000, 0x00000000d5580000)
  object space 1398272K, 2% used [0x0000000080000000,0x0000000082188388,0x00000000d5580000)
 Metaspace       used 64832K, capacity 67706K, committed 67968K, reserved 1110016K
  class space    used 7444K, capacity 7941K, committed 8064K, reserved 1048576K
}
Event: 76.881 GC heap before
{Heap before GC invocations=9 (full 3):
 PSYoungGen      total 611840K, used 611831K [0x00000000d5580000, 0x00000000fe300000, 0x0000000100000000)
  eden space 524800K, 100% used [0x00000000d5580000,0x00000000f5600000,0x00000000f5600000)
  from space 87040K, 99% used [0x00000000f5600000,0x00000000faafdcc8,0x00000000fab00000)
  to   space 57344K, 0% used [0x00000000fab00000,0x00000000fab00000,0x00000000fe300000)
 ParOldGen       total 1398272K, used 34336K [0x0000000080000000, 0x00000000d5580000, 0x00000000d5580000)
  object space 1398272K, 2% used [0x0000000080000000,0x0000000082188388,0x00000000d5580000)
 Metaspace       used 66297K, capacity 69328K, committed 69504K, reserved 1110016K
  class space    used 7483K, capacity 8024K, committed 8064K, reserved 1048576K
Event: 77.177 GC heap after
Heap after GC invocations=9 (full 3):
 PSYoungGen      total 481792K, used 57318K [0x00000000d5580000, 0x0000000100000000, 0x0000000100000000)
  eden space 424448K, 0% used [0x00000000d5580000,0x00000000d5580000,0x00000000ef400000)
  from space 57344K, 99% used [0x00000000fab00000,0x00000000fe2f9a48,0x00000000fe300000)
  to   space 137216K, 0% used [0x00000000ef400000,0x00000000ef400000,0x00000000f7a00000)
 ParOldGen       total 1398272K, used 136776K [0x0000000080000000, 0x00000000d5580000, 0x00000000d5580000)
  object space 1398272K, 9% used [0x0000000080000000,0x0000000088592278,0x00000000d5580000)
 Metaspace       used 66297K, capacity 69328K, committed 69504K, reserved 1110016K
  class space    used 7483K, capacity 8024K, committed 8064K, reserved 1048576K
}
Event: 99.972 GC heap before
{Heap before GC invocations=10 (full 3):
 PSYoungGen      total 481792K, used 469433K [0x00000000d5580000, 0x0000000100000000, 0x0000000100000000)
  eden space 424448K, 97% used [0x00000000d5580000,0x00000000ee7f4b90,0x00000000ef400000)
  from space 57344K, 99% used [0x00000000fab00000,0x00000000fe2f9a48,0x00000000fe300000)
  to   space 137216K, 0% used [0x00000000ef400000,0x00000000ef400000,0x00000000f7a00000)
 ParOldGen       total 1398272K, used 136776K [0x0000000080000000, 0x00000000d5580000, 0x00000000d5580000)
  object space 1398272K, 9% used [0x0000000080000000,0x0000000088592278,0x00000000d5580000)
 Metaspace       used 66905K, capacity 70084K, committed 70400K, reserved 1112064K
  class space    used 7524K, capacity 8102K, committed 8192K, reserved 1048576K
Event: 100.199 GC heap after
Heap after GC invocations=10 (full 3):
 PSYoungGen      total 561664K, used 137209K [0x00000000d5580000, 0x0000000100000000, 0x0000000100000000)
  eden space 424448K, 0% used [0x00000000d5580000,0x00000000d5580000,0x00000000ef400000)
  from space 137216K, 99% used [0x00000000ef400000,0x00000000f79fe628,0x00000000f7a00000)
  to   space 137216K, 0% used [0x00000000f7a00000,0x00000000f7a00000,0x0000000100000000)
 ParOldGen       total 1398272K, used 196336K [0x0000000080000000, 0x00000000d5580000, 0x00000000d5580000)
  object space 1398272K, 14% used [0x0000000080000000,0x000000008bfbc288,0x00000000d5580000)
 Metaspace       used 66905K, capacity 70084K, committed 70400K, reserved 1112064K
  class space    used 7524K, capacity 8102K, committed 8192K, reserved 1048576K
}
Event: 127.026 GC heap before
{Heap before GC invocations=11 (full 3):
 PSYoungGen      total 561664K, used 561657K [0x00000000d5580000, 0x0000000100000000, 0x0000000100000000)
  eden space 424448K, 100% used [0x00000000d5580000,0x00000000ef400000,0x00000000ef400000)
  from space 137216K, 99% used [0x00000000ef400000,0x00000000f79fe628,0x00000000f7a00000)
  to   space 137216K, 0% used [0x00000000f7a00000,0x00000000f7a00000,0x0000000100000000)
 ParOldGen       total 1398272K, used 196336K [0x0000000080000000, 0x00000000d5580000, 0x00000000d5580000)
  object space 1398272K, 14% used [0x0000000080000000,0x000000008bfbc288,0x00000000d5580000)
 Metaspace       used 68303K, capacity 71726K, committed 72064K, reserved 1114112K
  class space    used 7637K, capacity 8237K, committed 8320K, reserved 1048576K
Event: 127.132 GC heap after
Heap after GC invocations=11 (full 3):
 PSYoungGen      total 460288K, used 45914K [0x00000000d5580000, 0x0000000100000000, 0x0000000100000000)
  eden space 323072K, 0% used [0x00000000d5580000,0x00000000d5580000,0x00000000e9100000)
  from space 137216K, 33% used [0x00000000f7a00000,0x00000000fa6d68d8,0x0000000100000000)
  to   space 187904K, 0% used [0x00000000e9100000,0x00000000e9100000,0x00000000f4880000)
 ParOldGen       total 1398272K, used 196352K [0x0000000080000000, 0x00000000d5580000, 0x00000000d5580000)
  object space 1398272K, 14% used [0x0000000080000000,0x000000008bfc0288,0x00000000d5580000)
 Metaspace       used 68303K, capacity 71726K, committed 72064K, reserved 1114112K
  class space    used 7637K, capacity 8237K, committed 8320K, reserved 1048576K
}

