# JRE version: OpenJDK Runtime Environment (8.0_212-b04) (build 1.8.0_212-b04)
# Java VM: OpenJDK 64-Bit Server VM (25.212-b04 mixed mode linux-amd64 compressed oops)
Heap:
 PSYoungGen      total 611840K, used 188250K [0x00000000d5580000, 0x0000000100000000, 0x0000000100000000)
  eden space 524800K, 26% used [0x00000000d5580000,0x00000000dddb5e00,0x00000000f5600000)
  from space 87040K, 56% used [0x00000000fab00000,0x00000000fdaa0c60,0x0000000100000000)
  to   space 87040K, 0% used [0x00000000f5600000,0x00000000f5600000,0x00000000fab00000)
 ParOldGen       total 1393152K, used 44516K [0x0000000080000000, 0x00000000d5080000, 0x00000000d5580000)
  object space 1393152K, 3% used [0x0000000080000000,0x0000000082b79218,0x00000000d5080000)
 Metaspace       used 66016K, capacity 68820K, committed 68992K, reserved 1110016K
  class space    used 7498K, capacity 8002K, committed 8064K, reserved 1048576K
GC Heap History (10 events):
Event: 28.329 GC heap before
{Heap before GC invocations=3 (full 1):
 PSYoungGen      total 611840K, used 434682K [0x00000000d5580000, 0x0000000100000000, 0x0000000100000000)
  eden space 524800K, 82% used [0x00000000d5580000,0x00000000efdfeb48,0x00000000f5600000)
  from space 87040K, 0% used [0x00000000f5600000,0x00000000f5600000,0x00000000fab00000)
  to   space 87040K, 0% used [0x00000000fab00000,0x00000000fab00000,0x0000000100000000)
 ParOldGen       total 539136K, used 13758K [0x0000000080000000, 0x00000000a0e80000, 0x00000000d5580000)
  object space 539136K, 2% used [0x0000000080000000,0x0000000080d6f8b8,0x00000000a0e80000)
 Metaspace       used 34751K, capacity 35188K, committed 35416K, reserved 1081344K
  class space    used 3973K, capacity 4092K, committed 4096K, reserved 1048576K
Event: 28.358 GC heap after
Heap after GC invocations=3 (full 1):
 PSYoungGen      total 611840K, used 19271K [0x00000000d5580000, 0x0000000100000000, 0x0000000100000000)
  eden space 524800K, 0% used [0x00000000d5580000,0x00000000d5580000,0x00000000f5600000)
  from space 87040K, 22% used [0x00000000fab00000,0x00000000fbdd1f98,0x0000000100000000)
  to   space 87040K, 0% used [0x00000000f5600000,0x00000000f5600000,0x00000000fab00000)
 ParOldGen       total 539136K, used 13758K [0x0000000080000000, 0x00000000a0e80000, 0x00000000d5580000)
  object space 539136K, 2% used [0x0000000080000000,0x0000000080d6f8b8,0x00000000a0e80000)
 Metaspace       used 34751K, capacity 35188K, committed 35416K, reserved 1081344K
  class space    used 3973K, capacity 4092K, committed 4096K, reserved 1048576K
}
Event: 28.358 GC heap before
{Heap before GC invocations=4 (full 2):
 PSYoungGen      total 611840K, used 19271K [0x00000000d5580000, 0x0000000100000000, 0x0000000100000000)
  eden space 524800K, 0% used [0x00000000d5580000,0x00000000d5580000,0x00000000f5600000)
  from space 87040K, 22% used [0x00000000fab00000,0x00000000fbdd1f98,0x0000000100000000)
  to   space 87040K, 0% used [0x00000000f5600000,0x00000000f5600000,0x00000000fab00000)
 ParOldGen       total 539136K, used 13758K [0x0000000080000000, 0x00000000a0e80000, 0x00000000d5580000)
  object space 539136K, 2% used [0x0000000080000000,0x0000000080d6f8b8,0x00000000a0e80000)
 Metaspace       used 34751K, capacity 35188K, committed 35416K, reserved 1081344K
  class space    used 3973K, capacity 4092K, committed 4096K, reserved 1048576K
Event: 28.451 GC heap after
Heap after GC invocations=4 (full 2):
 PSYoungGen      total 611840K, used 0K [0x00000000d5580000, 0x0000000100000000, 0x0000000100000000)
  eden space 524800K, 0% used [0x00000000d5580000,0x00000000d5580000,0x00000000f5600000)
  from space 87040K, 0% used [0x00000000fab00000,0x00000000fab00000,0x0000000100000000)
  to   space 87040K, 0% used [0x00000000f5600000,0x00000000f5600000,0x00000000fab00000)
 ParOldGen       total 946688K, used 23625K [0x0000000080000000, 0x00000000b9c80000, 0x00000000d5580000)
  object space 946688K, 2% used [0x0000000080000000,0x00000000817124c0,0x00000000b9c80000)
 Metaspace       used 34751K, capacity 35188K, committed 35416K, reserved 1081344K
  class space    used 3973K, capacity 4092K, committed 4096K, reserved 1048576K
}
Event: 36.038 GC heap before
{Heap before GC invocations=5 (full 2):
 PSYoungGen      total 611840K, used 522602K [0x00000000d5580000, 0x0000000100000000, 0x0000000100000000)
  eden space 524800K, 99% used [0x00000000d5580000,0x00000000f53da868,0x00000000f5600000)
  from space 87040K, 0% used [0x00000000fab00000,0x00000000fab00000,0x0000000100000000)
  to   space 87040K, 0% used [0x00000000f5600000,0x00000000f5600000,0x00000000fab00000)
 ParOldGen       total 946688K, used 23625K [0x0000000080000000, 0x00000000b9c80000, 0x00000000d5580000)
  object space 946688K, 2% used [0x0000000080000000,0x00000000817124c0,0x00000000b9c80000)
 Metaspace       used 57404K, capacity 58792K, committed 59008K, reserved 1101824K
  class space    used 6641K, capacity 6914K, committed 7040K, reserved 1048576K
Event: 36.101 GC heap after
Heap after GC invocations=5 (full 2):
 PSYoungGen      total 611840K, used 33987K [0x00000000d5580000, 0x0000000100000000, 0x0000000100000000)
  eden space 524800K, 0% used [0x00000000d5580000,0x00000000d5580000,0x00000000f5600000)
  from space 87040K, 39% used [0x00000000f5600000,0x00000000f7730c88,0x00000000fab00000)
  to   space 87040K, 0% used [0x00000000fab00000,0x00000000fab00000,0x0000000100000000)
 ParOldGen       total 946688K, used 23633K [0x0000000080000000, 0x00000000b9c80000, 0x00000000d5580000)
  object space 946688K, 2% used [0x0000000080000000,0x00000000817144c0,0x00000000b9c80000)
 Metaspace       used 57404K, capacity 58792K, committed 59008K, reserved 1101824K
  class space    used 6641K, capacity 6914K, committed 7040K, reserved 1048576K
}
Event: 36.101 GC heap before
{Heap before GC invocations=6 (full 3):
 PSYoungGen      total 611840K, used 33987K [0x00000000d5580000, 0x0000000100000000, 0x0000000100000000)
  eden space 524800K, 0% used [0x00000000d5580000,0x00000000d5580000,0x00000000f5600000)
  from space 87040K, 39% used [0x00000000f5600000,0x00000000f7730c88,0x00000000fab00000)
  to   space 87040K, 0% used [0x00000000fab00000,0x00000000fab00000,0x0000000100000000)
 ParOldGen       total 946688K, used 23633K [0x0000000080000000, 0x00000000b9c80000, 0x00000000d5580000)
  object space 946688K, 2% used [0x0000000080000000,0x00000000817144c0,0x00000000b9c80000)
 Metaspace       used 57404K, capacity 58792K, committed 59008K, reserved 1101824K
  class space    used 6641K, capacity 6914K, committed 7040K, reserved 1048576K
Event: 36.332 GC heap after
Heap after GC invocations=6 (full 3):
 PSYoungGen      total 611840K, used 0K [0x00000000d5580000, 0x0000000100000000, 0x0000000100000000)
  eden space 524800K, 0% used [0x00000000d5580000,0x00000000d5580000,0x00000000f5600000)
  from space 87040K, 0% used [0x00000000f5600000,0x00000000f5600000,0x00000000fab00000)
  to   space 87040K, 0% used [0x00000000fab00000,0x00000000fab00000,0x0000000100000000)
 ParOldGen       total 1393152K, used 44516K [0x0000000080000000, 0x00000000d5080000, 0x00000000d5580000)
  object space 1393152K, 3% used [0x0000000080000000,0x0000000082b79218,0x00000000d5080000)
 Metaspace       used 57375K, capacity 58726K, committed 59008K, reserved 1101824K
  class space    used 6631K, capacity 6897K, committed 7040K, reserved 1048576K
}
Event: 75.383 GC heap before
{Heap before GC invocations=7 (full 3):
 PSYoungGen      total 611840K, used 522498K [0x00000000d5580000, 0x0000000100000000, 0x0000000100000000)
  eden space 524800K, 99% used [0x00000000d5580000,0x00000000f53c08c0,0x00000000f5600000)
  from space 87040K, 0% used [0x00000000f5600000,0x00000000f5600000,0x00000000fab00000)
  to   space 87040K, 0% used [0x00000000fab00000,0x00000000fab00000,0x0000000100000000)
 ParOldGen       total 1393152K, used 44516K [0x0000000080000000, 0x00000000d5080000, 0x00000000d5580000)
  object space 1393152K, 3% used [0x0000000080000000,0x0000000082b79218,0x00000000d5080000)
 Metaspace       used 65857K, capacity 68616K, committed 68736K, reserved 1110016K
  class space    used 7497K, capacity 8000K, committed 8064K, reserved 1048576K
Event: 75.471 GC heap after
Heap after GC invocations=7 (full 3):
 PSYoungGen      total 611840K, used 48771K [0x00000000d5580000, 0x0000000100000000, 0x0000000100000000)
  eden space 524800K, 0% used [0x00000000d5580000,0x00000000d5580000,0x00000000f5600000)
  from space 87040K, 56% used [0x00000000fab00000,0x00000000fdaa0c60,0x0000000100000000)
  to   space 87040K, 0% used [0x00000000f5600000,0x00000000f5600000,0x00000000fab00000)
 ParOldGen       total 1393152K, used 44516K [0x0000000080000000, 0x00000000d5080000, 0x00000000d5580000)
  object space 1393152K, 3% used [0x0000000080000000,0x0000000082b79218,0x00000000d5080000)
 Metaspace       used 65857K, capacity 68616K, committed 68736K, reserved 1110016K
  class space    used 7497K, capacity 8000K, committed 8064K, reserved 1048576K
}

