# JRE version: OpenJDK Runtime Environment (8.0_212-b04) (build 1.8.0_212-b04)
# Java VM: OpenJDK 64-Bit Server VM (25.212-b04 mixed mode linux-amd64 compressed oops)
Heap:
 PSYoungGen      total 611840K, used 142605K [0x00000000d5580000, 0x0000000100000000, 0x0000000100000000)
  eden space 524800K, 22% used [0x00000000d5580000,0x00000000dc6c4ef8,0x00000000f5600000)
  from space 87040K, 30% used [0x00000000f5600000,0x00000000f6ffe8d0,0x00000000fab00000)
  to   space 87040K, 0% used [0x00000000fab00000,0x00000000fab00000,0x0000000100000000)
 ParOldGen       total 1398272K, used 22926K [0x0000000080000000, 0x00000000d5580000, 0x00000000d5580000)
  object space 1398272K, 1% used [0x0000000080000000,0x0000000081663950,0x00000000d5580000)
 Metaspace       used 53054K, capacity 54666K, committed 55000K, reserved 1097728K
  class space    used 6223K, capacity 6529K, committed 6616K, reserved 1048576K
GC Heap History (10 events):
Event: 2.073 GC heap before
{Heap before GC invocations=1 (full 0):
 PSYoungGen      total 611840K, used 188985K [0x00000000d5580000, 0x0000000100000000, 0x0000000100000000)
  eden space 524800K, 36% used [0x00000000d5580000,0x00000000e0e0e7a8,0x00000000f5600000)
  from space 87040K, 0% used [0x00000000fab00000,0x00000000fab00000,0x0000000100000000)
  to   space 87040K, 0% used [0x00000000f5600000,0x00000000f5600000,0x00000000fab00000)
 ParOldGen       total 1398272K, used 0K [0x0000000080000000, 0x00000000d5580000, 0x00000000d5580000)
  object space 1398272K, 0% used [0x0000000080000000,0x0000000080000000,0x00000000d5580000)
 Metaspace       used 20883K, capacity 21138K, committed 21248K, reserved 1069056K
  class space    used 2354K, capacity 2450K, committed 2560K, reserved 1048576K
Event: 2.102 GC heap after
Heap after GC invocations=1 (full 0):
 PSYoungGen      total 611840K, used 14202K [0x00000000d5580000, 0x0000000100000000, 0x0000000100000000)
  eden space 524800K, 0% used [0x00000000d5580000,0x00000000d5580000,0x00000000f5600000)
  from space 87040K, 16% used [0x00000000f5600000,0x00000000f63de8e0,0x00000000fab00000)
  to   space 87040K, 0% used [0x00000000fab00000,0x00000000fab00000,0x0000000100000000)
 ParOldGen       total 1398272K, used 80K [0x0000000080000000, 0x00000000d5580000, 0x00000000d5580000)
  object space 1398272K, 0% used [0x0000000080000000,0x0000000080014010,0x00000000d5580000)
 Metaspace       used 20883K, capacity 21138K, committed 21248K, reserved 1069056K
  class space    used 2354K, capacity 2450K, committed 2560K, reserved 1048576K
}
Event: 2.102 GC heap before
{Heap before GC invocations=2 (full 1):
 PSYoungGen      total 611840K, used 14202K [0x00000000d5580000, 0x0000000100000000, 0x0000000100000000)
  eden space 524800K, 0% used [0x00000000d5580000,0x00000000d5580000,0x00000000f5600000)
  from space 87040K, 16% used [0x00000000f5600000,0x00000000f63de8e0,0x00000000fab00000)
  to   space 87040K, 0% used [0x00000000fab00000,0x00000000fab00000,0x0000000100000000)
 ParOldGen       total 1398272K, used 80K [0x0000000080000000, 0x00000000d5580000, 0x00000000d5580000)
  object space 1398272K, 0% used [0x0000000080000000,0x0000000080014010,0x00000000d5580000)
 Metaspace       used 20883K, capacity 21138K, committed 21248K, reserved 1069056K
  class space    used 2354K, capacity 2450K, committed 2560K, reserved 1048576K
Event: 2.157 GC heap after
Heap after GC invocations=2 (full 1):
 PSYoungGen      total 611840K, used 0K [0x00000000d5580000, 0x0000000100000000, 0x0000000100000000)
  eden space 524800K, 0% used [0x00000000d5580000,0x00000000d5580000,0x00000000f5600000)
  from space 87040K, 0% used [0x00000000f5600000,0x00000000f5600000,0x00000000fab00000)
  to   space 87040K, 0% used [0x00000000fab00000,0x00000000fab00000,0x0000000100000000)
 ParOldGen       total 880128K, used 13674K [0x0000000080000000, 0x00000000b5b80000, 0x00000000d5580000)
  object space 880128K, 1% used [0x0000000080000000,0x0000000080d5a980,0x00000000b5b80000)
 Metaspace       used 20883K, capacity 21138K, committed 21248K, reserved 1069056K
  class space    used 2354K, capacity 2450K, committed 2560K, reserved 1048576K
}
Event: 4.796 GC heap before
{Heap before GC invocations=3 (full 1):
 PSYoungGen      total 611840K, used 414731K [0x00000000d5580000, 0x0000000100000000, 0x0000000100000000)
  eden space 524800K, 79% used [0x00000000d5580000,0x00000000eea82df8,0x00000000f5600000)
  from space 87040K, 0% used [0x00000000f5600000,0x00000000f5600000,0x00000000fab00000)
  to   space 87040K, 0% used [0x00000000fab00000,0x00000000fab00000,0x0000000100000000)
 ParOldGen       total 880128K, used 13674K [0x0000000080000000, 0x00000000b5b80000, 0x00000000d5580000)
  object space 880128K, 1% used [0x0000000080000000,0x0000000080d5a980,0x00000000b5b80000)
 Metaspace       used 34715K, capacity 35206K, committed 35416K, reserved 1081344K
  class space    used 3967K, capacity 4097K, committed 4184K, reserved 1048576K
Event: 4.826 GC heap after
Heap after GC invocations=3 (full 1):
 PSYoungGen      total 611840K, used 18673K [0x00000000d5580000, 0x0000000100000000, 0x0000000100000000)
  eden space 524800K, 0% used [0x00000000d5580000,0x00000000d5580000,0x00000000f5600000)
  from space 87040K, 21% used [0x00000000fab00000,0x00000000fbd3c5f0,0x0000000100000000)
  to   space 87040K, 0% used [0x00000000f5600000,0x00000000f5600000,0x00000000fab00000)
 ParOldGen       total 880128K, used 13674K [0x0000000080000000, 0x00000000b5b80000, 0x00000000d5580000)
  object space 880128K, 1% used [0x0000000080000000,0x0000000080d5a980,0x00000000b5b80000)
 Metaspace       used 34715K, capacity 35206K, committed 35416K, reserved 1081344K
  class space    used 3967K, capacity 4097K, committed 4184K, reserved 1048576K
}
Event: 4.826 GC heap before
{Heap before GC invocations=4 (full 2):
 PSYoungGen      total 611840K, used 18673K [0x00000000d5580000, 0x0000000100000000, 0x0000000100000000)
  eden space 524800K, 0% used [0x00000000d5580000,0x00000000d5580000,0x00000000f5600000)
  from space 87040K, 21% used [0x00000000fab00000,0x00000000fbd3c5f0,0x0000000100000000)
  to   space 87040K, 0% used [0x00000000f5600000,0x00000000f5600000,0x00000000fab00000)
 ParOldGen       total 880128K, used 13674K [0x0000000080000000, 0x00000000b5b80000, 0x00000000d5580000)
  object space 880128K, 1% used [0x0000000080000000,0x0000000080d5a980,0x00000000b5b80000)
 Metaspace       used 34715K, capacity 35206K, committed 35416K, reserved 1081344K
  class space    used 3967K, capacity 4097K, committed 4184K, reserved 1048576K
Event: 4.905 GC heap after
Heap after GC invocations=4 (full 2):
 PSYoungGen      total 611840K, used 0K [0x00000000d5580000, 0x0000000100000000, 0x0000000100000000)
  eden space 524800K, 0% used [0x00000000d5580000,0x00000000d5580000,0x00000000f5600000)
  from space 87040K, 0% used [0x00000000fab00000,0x00000000fab00000,0x0000000100000000)
  to   space 87040K, 0% used [0x00000000f5600000,0x00000000f5600000,0x00000000fab00000)
 ParOldGen       total 1398272K, used 22918K [0x0000000080000000, 0x00000000d5580000, 0x00000000d5580000)
  object space 1398272K, 1% used [0x0000000080000000,0x0000000081661950,0x00000000d5580000)
 Metaspace       used 34715K, capacity 35206K, committed 35416K, reserved 1081344K
  class space    used 3967K, capacity 4097K, committed 4184K, reserved 1048576K
}
Event: 54.059 GC heap before
{Heap before GC invocations=5 (full 2):
 PSYoungGen      total 611840K, used 524800K [0x00000000d5580000, 0x0000000100000000, 0x0000000100000000)
  eden space 524800K, 100% used [0x00000000d5580000,0x00000000f5600000,0x00000000f5600000)
  from space 87040K, 0% used [0x00000000fab00000,0x00000000fab00000,0x0000000100000000)
  to   space 87040K, 0% used [0x00000000f5600000,0x00000000f5600000,0x00000000fab00000)
 ParOldGen       total 1398272K, used 22918K [0x0000000080000000, 0x00000000d5580000, 0x00000000d5580000)
  object space 1398272K, 1% used [0x0000000080000000,0x0000000081661950,0x00000000d5580000)
 Metaspace       used 52879K, capacity 54468K, committed 54744K, reserved 1097728K
  class space    used 6222K, capacity 6528K, committed 6616K, reserved 1048576K
Event: 54.126 GC heap after
Heap after GC invocations=5 (full 2):
 PSYoungGen      total 611840K, used 26618K [0x00000000d5580000, 0x0000000100000000, 0x0000000100000000)
  eden space 524800K, 0% used [0x00000000d5580000,0x00000000d5580000,0x00000000f5600000)
  from space 87040K, 30% used [0x00000000f5600000,0x00000000f6ffe8d0,0x00000000fab00000)
  to   space 87040K, 0% used [0x00000000fab00000,0x00000000fab00000,0x0000000100000000)
 ParOldGen       total 1398272K, used 22926K [0x0000000080000000, 0x00000000d5580000, 0x00000000d5580000)
  object space 1398272K, 1% used [0x0000000080000000,0x0000000081663950,0x00000000d5580000)
 Metaspace       used 52879K, capacity 54468K, committed 54744K, reserved 1097728K
  class space    used 6222K, capacity 6528K, committed 6616K, reserved 1048576K
}

