# JRE version: OpenJDK Runtime Environment (8.0_212-b04) (build 1.8.0_212-b04)
# Java VM: OpenJDK 64-Bit Server VM (25.212-b04 mixed mode linux-amd64 compressed oops)
Heap:
 PSYoungGen      total 611840K, used 151898K [0x00000000d5580000, 0x0000000100000000, 0x0000000100000000)
  eden space 524800K, 28% used [0x00000000d5580000,0x00000000de9d6860,0x00000000f5600000)
  from space 87040K, 0% used [0x00000000fab00000,0x00000000fab00000,0x0000000100000000)
  to   space 87040K, 0% used [0x00000000f5600000,0x00000000f5600000,0x00000000fab00000)
 ParOldGen       total 919040K, used 23103K [0x0000000080000000, 0x00000000b8180000, 0x00000000d5580000)
  object space 919040K, 2% used [0x0000000080000000,0x000000008168ff10,0x00000000b8180000)
 Metaspace       used 41116K, capacity 42172K, committed 42456K, reserved 1087488K
  class space    used 4845K, capacity 5078K, committed 5080K, reserved 1048576K
GC Heap History (8 events):
Event: 23.158 GC heap before
{Heap before GC invocations=1 (full 0):
 PSYoungGen      total 611840K, used 209921K [0x00000000d5580000, 0x0000000100000000, 0x0000000100000000)
  eden space 524800K, 40% used [0x00000000d5580000,0x00000000e2280638,0x00000000f5600000)
  from space 87040K, 0% used [0x00000000fab00000,0x00000000fab00000,0x0000000100000000)
  to   space 87040K, 0% used [0x00000000f5600000,0x00000000f5600000,0x00000000fab00000)
 ParOldGen       total 1398272K, used 0K [0x0000000080000000, 0x00000000d5580000, 0x00000000d5580000)
  object space 1398272K, 0% used [0x0000000080000000,0x0000000080000000,0x00000000d5580000)
 Metaspace       used 20836K, capacity 21074K, committed 21248K, reserved 1069056K
  class space    used 2364K, capacity 2450K, committed 2560K, reserved 1048576K
Event: 23.194 GC heap after
Heap after GC invocations=1 (full 0):
 PSYoungGen      total 611840K, used 14247K [0x00000000d5580000, 0x0000000100000000, 0x0000000100000000)
  eden space 524800K, 0% used [0x00000000d5580000,0x00000000d5580000,0x00000000f5600000)
  from space 87040K, 16% used [0x00000000f5600000,0x00000000f63e9fe8,0x00000000fab00000)
  to   space 87040K, 0% used [0x00000000fab00000,0x00000000fab00000,0x0000000100000000)
 ParOldGen       total 1398272K, used 80K [0x0000000080000000, 0x00000000d5580000, 0x00000000d5580000)
  object space 1398272K, 0% used [0x0000000080000000,0x0000000080014010,0x00000000d5580000)
 Metaspace       used 20836K, capacity 21074K, committed 21248K, reserved 1069056K
  class space    used 2364K, capacity 2450K, committed 2560K, reserved 1048576K
}
Event: 23.194 GC heap before
{Heap before GC invocations=2 (full 1):
 PSYoungGen      total 611840K, used 14247K [0x00000000d5580000, 0x0000000100000000, 0x0000000100000000)
  eden space 524800K, 0% used [0x00000000d5580000,0x00000000d5580000,0x00000000f5600000)
  from space 87040K, 16% used [0x00000000f5600000,0x00000000f63e9fe8,0x00000000fab00000)
  to   space 87040K, 0% used [0x00000000fab00000,0x00000000fab00000,0x0000000100000000)
 ParOldGen       total 1398272K, used 80K [0x0000000080000000, 0x00000000d5580000, 0x00000000d5580000)
  object space 1398272K, 0% used [0x0000000080000000,0x0000000080014010,0x00000000d5580000)
 Metaspace       used 20836K, capacity 21074K, committed 21248K, reserved 1069056K
  class space    used 2364K, capacity 2450K, committed 2560K, reserved 1048576K
Event: 23.265 GC heap after
Heap after GC invocations=2 (full 1):
 PSYoungGen      total 611840K, used 0K [0x00000000d5580000, 0x0000000100000000, 0x0000000100000000)
  eden space 524800K, 0% used [0x00000000d5580000,0x00000000d5580000,0x00000000f5600000)
  from space 87040K, 0% used [0x00000000f5600000,0x00000000f5600000,0x00000000fab00000)
  to   space 87040K, 0% used [0x00000000fab00000,0x00000000fab00000,0x0000000100000000)
 ParOldGen       total 538624K, used 13708K [0x0000000080000000, 0x00000000a0e00000, 0x00000000d5580000)
  object space 538624K, 2% used [0x0000000080000000,0x0000000080d63058,0x00000000a0e00000)
 Metaspace       used 20836K, capacity 21074K, committed 21248K, reserved 1069056K
  class space    used 2364K, capacity 2450K, committed 2560K, reserved 1048576K
}
Event: 25.581 GC heap before
{Heap before GC invocations=3 (full 1):
 PSYoungGen      total 611840K, used 372018K [0x00000000d5580000, 0x0000000100000000, 0x0000000100000000)
  eden space 524800K, 70% used [0x00000000d5580000,0x00000000ec0ccb08,0x00000000f5600000)
  from space 87040K, 0% used [0x00000000f5600000,0x00000000f5600000,0x00000000fab00000)
  to   space 87040K, 0% used [0x00000000fab00000,0x00000000fab00000,0x0000000100000000)
 ParOldGen       total 538624K, used 13708K [0x0000000080000000, 0x00000000a0e00000, 0x00000000d5580000)
  object space 538624K, 2% used [0x0000000080000000,0x0000000080d63058,0x00000000a0e00000)
 Metaspace       used 34772K, capacity 35240K, committed 35416K, reserved 1081344K
  class space    used 3982K, capacity 4130K, committed 4184K, reserved 1048576K
Event: 25.612 GC heap after
Heap after GC invocations=3 (full 1):
 PSYoungGen      total 611840K, used 18722K [0x00000000d5580000, 0x0000000100000000, 0x0000000100000000)
  eden space 524800K, 0% used [0x00000000d5580000,0x00000000d5580000,0x00000000f5600000)
  from space 87040K, 21% used [0x00000000fab00000,0x00000000fbd489a8,0x0000000100000000)
  to   space 87040K, 0% used [0x00000000f5600000,0x00000000f5600000,0x00000000fab00000)
 ParOldGen       total 538624K, used 13708K [0x0000000080000000, 0x00000000a0e00000, 0x00000000d5580000)
  object space 538624K, 2% used [0x0000000080000000,0x0000000080d63058,0x00000000a0e00000)
 Metaspace       used 34772K, capacity 35240K, committed 35416K, reserved 1081344K
  class space    used 3982K, capacity 4130K, committed 4184K, reserved 1048576K
}
Event: 25.612 GC heap before
{Heap before GC invocations=4 (full 2):
 PSYoungGen      total 611840K, used 18722K [0x00000000d5580000, 0x0000000100000000, 0x0000000100000000)
  eden space 524800K, 0% used [0x00000000d5580000,0x00000000d5580000,0x00000000f5600000)
  from space 87040K, 21% used [0x00000000fab00000,0x00000000fbd489a8,0x0000000100000000)
  to   space 87040K, 0% used [0x00000000f5600000,0x00000000f5600000,0x00000000fab00000)
 ParOldGen       total 538624K, used 13708K [0x0000000080000000, 0x00000000a0e00000, 0x00000000d5580000)
  object space 538624K, 2% used [0x0000000080000000,0x0000000080d63058,0x00000000a0e00000)
 Metaspace       used 34772K, capacity 35240K, committed 35416K, reserved 1081344K
  class space    used 3982K, capacity 4130K, committed 4184K, reserved 1048576K
Event: 25.690 GC heap after
Heap after GC invocations=4 (full 2):
 PSYoungGen      total 611840K, used 0K [0x00000000d5580000, 0x0000000100000000, 0x0000000100000000)
  eden space 524800K, 0% used [0x00000000d5580000,0x00000000d5580000,0x00000000f5600000)
  from space 87040K, 0% used [0x00000000fab00000,0x00000000fab00000,0x0000000100000000)
  to   space 87040K, 0% used [0x00000000f5600000,0x00000000f5600000,0x00000000fab00000)
 ParOldGen       total 919040K, used 23103K [0x0000000080000000, 0x00000000b8180000, 0x00000000d5580000)
  object space 919040K, 2% used [0x0000000080000000,0x000000008168ff10,0x00000000b8180000)
 Metaspace       used 34772K, capacity 35240K, committed 35416K, reserved 1081344K
  class space    used 3982K, capacity 4130K, committed 4184K, reserved 1048576K
}

