# JRE version: OpenJDK Runtime Environment (8.0_212-b04) (build 1.8.0_212-b04)
# Java VM: OpenJDK 64-Bit Server VM (25.212-b04 mixed mode linux-amd64 compressed oops)
Heap:
 PSYoungGen      total 611840K, used 252386K [0x00000000d5580000, 0x0000000100000000, 0x0000000100000000)
  eden space 524800K, 48% used [0x00000000d5580000,0x00000000e4bf8a98,0x00000000f5600000)
  from space 87040K, 0% used [0x00000000f5600000,0x00000000f5600000,0x00000000fab00000)
  to   space 87040K, 0% used [0x00000000fab00000,0x00000000fab00000,0x0000000100000000)
 ParOldGen       total 1398272K, used 37799K [0x0000000080000000, 0x00000000d5580000, 0x00000000d5580000)
  object space 1398272K, 2% used [0x0000000080000000,0x00000000824e9c10,0x00000000d5580000)
 Metaspace       used 62494K, capacity 64538K, committed 64768K, reserved 1105920K
  class space    used 7203K, capacity 7595K, committed 7680K, reserved 1048576K
GC Heap History (10 events):
Event: 2.595 GC heap before
{Heap before GC invocations=2 (full 1):
 PSYoungGen      total 611840K, used 14453K [0x00000000d5580000, 0x0000000100000000, 0x0000000100000000)
  eden space 524800K, 0% used [0x00000000d5580000,0x00000000d5580000,0x00000000f5600000)
  from space 87040K, 16% used [0x00000000f5600000,0x00000000f641d738,0x00000000fab00000)
  to   space 87040K, 0% used [0x00000000fab00000,0x00000000fab00000,0x0000000100000000)
 ParOldGen       total 1398272K, used 80K [0x0000000080000000, 0x00000000d5580000, 0x00000000d5580000)
  object space 1398272K, 0% used [0x0000000080000000,0x0000000080014010,0x00000000d5580000)
 Metaspace       used 20859K, capacity 21106K, committed 21248K, reserved 1069056K
  class space    used 2363K, capacity 2482K, committed 2560K, reserved 1048576K
Event: 2.671 GC heap after
Heap after GC invocations=2 (full 1):
 PSYoungGen      total 611840K, used 0K [0x00000000d5580000, 0x0000000100000000, 0x0000000100000000)
  eden space 524800K, 0% used [0x00000000d5580000,0x00000000d5580000,0x00000000f5600000)
  from space 87040K, 0% used [0x00000000f5600000,0x00000000f5600000,0x00000000fab00000)
  to   space 87040K, 0% used [0x00000000fab00000,0x00000000fab00000,0x0000000100000000)
 ParOldGen       total 828416K, used 13921K [0x0000000080000000, 0x00000000b2900000, 0x00000000d5580000)
  object space 828416K, 1% used [0x0000000080000000,0x0000000080d98768,0x00000000b2900000)
 Metaspace       used 20859K, capacity 21106K, committed 21248K, reserved 1069056K
  class space    used 2363K, capacity 2482K, committed 2560K, reserved 1048576K
}
Event: 5.284 GC heap before
{Heap before GC invocations=3 (full 1):
 PSYoungGen      total 611840K, used 424052K [0x00000000d5580000, 0x0000000100000000, 0x0000000100000000)
  eden space 524800K, 80% used [0x00000000d5580000,0x00000000ef39d0d8,0x00000000f5600000)
  from space 87040K, 0% used [0x00000000f5600000,0x00000000f5600000,0x00000000fab00000)
  to   space 87040K, 0% used [0x00000000fab00000,0x00000000fab00000,0x0000000100000000)
 ParOldGen       total 828416K, used 13921K [0x0000000080000000, 0x00000000b2900000, 0x00000000d5580000)
  object space 828416K, 1% used [0x0000000080000000,0x0000000080d98768,0x00000000b2900000)
 Metaspace       used 34795K, capacity 35156K, committed 35416K, reserved 1081344K
  class space    used 3968K, capacity 4060K, committed 4096K, reserved 1048576K
Event: 5.329 GC heap after
Heap after GC invocations=3 (full 1):
 PSYoungGen      total 611840K, used 19199K [0x00000000d5580000, 0x0000000100000000, 0x0000000100000000)
  eden space 524800K, 0% used [0x00000000d5580000,0x00000000d5580000,0x00000000f5600000)
  from space 87040K, 22% used [0x00000000fab00000,0x00000000fbdbfd40,0x0000000100000000)
  to   space 87040K, 0% used [0x00000000f5600000,0x00000000f5600000,0x00000000fab00000)
 ParOldGen       total 828416K, used 13921K [0x0000000080000000, 0x00000000b2900000, 0x00000000d5580000)
  object space 828416K, 1% used [0x0000000080000000,0x0000000080d98768,0x00000000b2900000)
 Metaspace       used 34795K, capacity 35156K, committed 35416K, reserved 1081344K
  class space    used 3968K, capacity 4060K, committed 4096K, reserved 1048576K
}
Event: 5.329 GC heap before
{Heap before GC invocations=4 (full 2):
 PSYoungGen      total 611840K, used 19199K [0x00000000d5580000, 0x0000000100000000, 0x0000000100000000)
  eden space 524800K, 0% used [0x00000000d5580000,0x00000000d5580000,0x00000000f5600000)
  from space 87040K, 22% used [0x00000000fab00000,0x00000000fbdbfd40,0x0000000100000000)
  to   space 87040K, 0% used [0x00000000f5600000,0x00000000f5600000,0x00000000fab00000)
 ParOldGen       total 828416K, used 13921K [0x0000000080000000, 0x00000000b2900000, 0x00000000d5580000)
  object space 828416K, 1% used [0x0000000080000000,0x0000000080d98768,0x00000000b2900000)
 Metaspace       used 34795K, capacity 35156K, committed 35416K, reserved 1081344K
  class space    used 3968K, capacity 4060K, committed 4096K, reserved 1048576K
Event: 5.457 GC heap after
Heap after GC invocations=4 (full 2):
 PSYoungGen      total 611840K, used 0K [0x00000000d5580000, 0x0000000100000000, 0x0000000100000000)
  eden space 524800K, 0% used [0x00000000d5580000,0x00000000d5580000,0x00000000f5600000)
  from space 87040K, 0% used [0x00000000fab00000,0x00000000fab00000,0x0000000100000000)
  to   space 87040K, 0% used [0x00000000f5600000,0x00000000f5600000,0x00000000fab00000)
 ParOldGen       total 1368064K, used 23677K [0x0000000080000000, 0x00000000d3800000, 0x00000000d5580000)
  object space 1368064K, 1% used [0x0000000080000000,0x000000008171f798,0x00000000d3800000)
 Metaspace       used 34795K, capacity 35156K, committed 35416K, reserved 1081344K
  class space    used 3968K, capacity 4060K, committed 4096K, reserved 1048576K
}
Event: 11.910 GC heap before
{Heap before GC invocations=5 (full 2):
 PSYoungGen      total 611840K, used 329461K [0x00000000d5580000, 0x0000000100000000, 0x0000000100000000)
  eden space 524800K, 62% used [0x00000000d5580000,0x00000000e973d6e8,0x00000000f5600000)
  from space 87040K, 0% used [0x00000000fab00000,0x00000000fab00000,0x0000000100000000)
  to   space 87040K, 0% used [0x00000000f5600000,0x00000000f5600000,0x00000000fab00000)
 ParOldGen       total 1368064K, used 23677K [0x0000000080000000, 0x00000000d3800000, 0x00000000d5580000)
  object space 1368064K, 1% used [0x0000000080000000,0x000000008171f798,0x00000000d3800000)
 Metaspace       used 57480K, capacity 58862K, committed 59008K, reserved 1101824K
  class space    used 6690K, capacity 6969K, committed 7040K, reserved 1048576K
Event: 11.963 GC heap after
Heap after GC invocations=5 (full 2):
 PSYoungGen      total 611840K, used 26971K [0x00000000d5580000, 0x0000000100000000, 0x0000000100000000)
  eden space 524800K, 0% used [0x00000000d5580000,0x00000000d5580000,0x00000000f5600000)
  from space 87040K, 30% used [0x00000000f5600000,0x00000000f7056ee8,0x00000000fab00000)
  to   space 87040K, 0% used [0x00000000fab00000,0x00000000fab00000,0x0000000100000000)
 ParOldGen       total 1368064K, used 23685K [0x0000000080000000, 0x00000000d3800000, 0x00000000d5580000)
  object space 1368064K, 1% used [0x0000000080000000,0x0000000081721798,0x00000000d3800000)
 Metaspace       used 57480K, capacity 58862K, committed 59008K, reserved 1101824K
  class space    used 6690K, capacity 6969K, committed 7040K, reserved 1048576K
}
Event: 11.963 GC heap before
{Heap before GC invocations=6 (full 3):
 PSYoungGen      total 611840K, used 26971K [0x00000000d5580000, 0x0000000100000000, 0x0000000100000000)
  eden space 524800K, 0% used [0x00000000d5580000,0x00000000d5580000,0x00000000f5600000)
  from space 87040K, 30% used [0x00000000f5600000,0x00000000f7056ee8,0x00000000fab00000)
  to   space 87040K, 0% used [0x00000000fab00000,0x00000000fab00000,0x0000000100000000)
 ParOldGen       total 1368064K, used 23685K [0x0000000080000000, 0x00000000d3800000, 0x00000000d5580000)
  object space 1368064K, 1% used [0x0000000080000000,0x0000000081721798,0x00000000d3800000)
 Metaspace       used 57480K, capacity 58862K, committed 59008K, reserved 1101824K
  class space    used 6690K, capacity 6969K, committed 7040K, reserved 1048576K
Event: 12.218 GC heap after
Heap after GC invocations=6 (full 3):
 PSYoungGen      total 611840K, used 0K [0x00000000d5580000, 0x0000000100000000, 0x0000000100000000)
  eden space 524800K, 0% used [0x00000000d5580000,0x00000000d5580000,0x00000000f5600000)
  from space 87040K, 0% used [0x00000000f5600000,0x00000000f5600000,0x00000000fab00000)
  to   space 87040K, 0% used [0x00000000fab00000,0x00000000fab00000,0x0000000100000000)
 ParOldGen       total 1398272K, used 37799K [0x0000000080000000, 0x00000000d5580000, 0x00000000d5580000)
  object space 1398272K, 2% used [0x0000000080000000,0x00000000824e9c10,0x00000000d5580000)
 Metaspace       used 57474K, capacity 58848K, committed 59008K, reserved 1101824K
  class space    used 6688K, capacity 6964K, committed 7040K, reserved 1048576K
}

