# JRE version: OpenJDK Runtime Environment (8.0_212-b04) (build 1.8.0_212-b04)
# Java VM: OpenJDK 64-Bit Server VM (25.212-b04 mixed mode linux-amd64 compressed oops)
Heap:
 PSYoungGen      total 611840K, used 262161K [0x00000000d5580000, 0x0000000100000000, 0x0000000100000000)
  eden space 524800K, 49% used [0x00000000d5580000,0x00000000e5584740,0x00000000f5600000)
  from space 87040K, 0% used [0x00000000fab00000,0x00000000fab00000,0x0000000100000000)
  to   space 87040K, 0% used [0x00000000f5600000,0x00000000f5600000,0x00000000fab00000)
 ParOldGen       total 1398272K, used 28203K [0x0000000080000000, 0x00000000d5580000, 0x00000000d5580000)
  object space 1398272K, 2% used [0x0000000080000000,0x0000000081b8ad80,0x00000000d5580000)
 Metaspace       used 65015K, capacity 67574K, committed 67712K, reserved 1110016K
  class space    used 7518K, capacity 7969K, committed 8064K, reserved 1048576K
GC Heap History (10 events):
Event: 4.913 GC heap before
{Heap before GC invocations=3 (full 1):
 PSYoungGen      total 611840K, used 449161K [0x00000000d5580000, 0x0000000100000000, 0x0000000100000000)
  eden space 524800K, 85% used [0x00000000d5580000,0x00000000f0c224f0,0x00000000f5600000)
  from space 87040K, 0% used [0x00000000f5600000,0x00000000f5600000,0x00000000fab00000)
  to   space 87040K, 0% used [0x00000000fab00000,0x00000000fab00000,0x0000000100000000)
 ParOldGen       total 890368K, used 14316K [0x0000000080000000, 0x00000000b6580000, 0x00000000d5580000)
  object space 890368K, 1% used [0x0000000080000000,0x0000000080dfb2a0,0x00000000b6580000)
 Metaspace       used 34586K, capacity 34970K, committed 35416K, reserved 1081344K
  class space    used 3947K, capacity 4061K, committed 4096K, reserved 1048576K
Event: 4.953 GC heap after
Heap after GC invocations=3 (full 1):
 PSYoungGen      total 611840K, used 18803K [0x00000000d5580000, 0x0000000100000000, 0x0000000100000000)
  eden space 524800K, 0% used [0x00000000d5580000,0x00000000d5580000,0x00000000f5600000)
  from space 87040K, 21% used [0x00000000fab00000,0x00000000fbd5cf08,0x0000000100000000)
  to   space 87040K, 0% used [0x00000000f5600000,0x00000000f5600000,0x00000000fab00000)
 ParOldGen       total 890368K, used 14316K [0x0000000080000000, 0x00000000b6580000, 0x00000000d5580000)
  object space 890368K, 1% used [0x0000000080000000,0x0000000080dfb2a0,0x00000000b6580000)
 Metaspace       used 34586K, capacity 34970K, committed 35416K, reserved 1081344K
  class space    used 3947K, capacity 4061K, committed 4096K, reserved 1048576K
}
Event: 4.953 GC heap before
{Heap before GC invocations=4 (full 2):
 PSYoungGen      total 611840K, used 18803K [0x00000000d5580000, 0x0000000100000000, 0x0000000100000000)
  eden space 524800K, 0% used [0x00000000d5580000,0x00000000d5580000,0x00000000f5600000)
  from space 87040K, 21% used [0x00000000fab00000,0x00000000fbd5cf08,0x0000000100000000)
  to   space 87040K, 0% used [0x00000000f5600000,0x00000000f5600000,0x00000000fab00000)
 ParOldGen       total 890368K, used 14316K [0x0000000080000000, 0x00000000b6580000, 0x00000000d5580000)
  object space 890368K, 1% used [0x0000000080000000,0x0000000080dfb2a0,0x00000000b6580000)
 Metaspace       used 34586K, capacity 34970K, committed 35416K, reserved 1081344K
  class space    used 3947K, capacity 4061K, committed 4096K, reserved 1048576K
Event: 5.043 GC heap after
Heap after GC invocations=4 (full 2):
 PSYoungGen      total 611840K, used 0K [0x00000000d5580000, 0x0000000100000000, 0x0000000100000000)
  eden space 524800K, 0% used [0x00000000d5580000,0x00000000d5580000,0x00000000f5600000)
  from space 87040K, 0% used [0x00000000fab00000,0x00000000fab00000,0x0000000100000000)
  to   space 87040K, 0% used [0x00000000f5600000,0x00000000f5600000,0x00000000fab00000)
 ParOldGen       total 1398272K, used 23340K [0x0000000080000000, 0x00000000d5580000, 0x00000000d5580000)
  object space 1398272K, 1% used [0x0000000080000000,0x00000000816cb358,0x00000000d5580000)
 Metaspace       used 34586K, capacity 34970K, committed 35416K, reserved 1081344K
  class space    used 3947K, capacity 4061K, committed 4096K, reserved 1048576K
}
Event: 11.692 GC heap before
{Heap before GC invocations=5 (full 2):
 PSYoungGen      total 611840K, used 524800K [0x00000000d5580000, 0x0000000100000000, 0x0000000100000000)
  eden space 524800K, 100% used [0x00000000d5580000,0x00000000f5600000,0x00000000f5600000)
  from space 87040K, 0% used [0x00000000fab00000,0x00000000fab00000,0x0000000100000000)
  to   space 87040K, 0% used [0x00000000f5600000,0x00000000f5600000,0x00000000fab00000)
 ParOldGen       total 1398272K, used 23340K [0x0000000080000000, 0x00000000d5580000, 0x00000000d5580000)
  object space 1398272K, 1% used [0x0000000080000000,0x00000000816cb358,0x00000000d5580000)
 Metaspace       used 53156K, capacity 54590K, committed 54656K, reserved 1097728K
  class space    used 6236K, capacity 6501K, committed 6528K, reserved 1048576K
Event: 11.793 GC heap after
Heap after GC invocations=5 (full 2):
 PSYoungGen      total 611840K, used 25814K [0x00000000d5580000, 0x0000000100000000, 0x0000000100000000)
  eden space 524800K, 0% used [0x00000000d5580000,0x00000000d5580000,0x00000000f5600000)
  from space 87040K, 29% used [0x00000000f5600000,0x00000000f6f35a00,0x00000000fab00000)
  to   space 87040K, 0% used [0x00000000fab00000,0x00000000fab00000,0x0000000100000000)
 ParOldGen       total 1398272K, used 23348K [0x0000000080000000, 0x00000000d5580000, 0x00000000d5580000)
  object space 1398272K, 1% used [0x0000000080000000,0x00000000816cd358,0x00000000d5580000)
 Metaspace       used 53156K, capacity 54590K, committed 54656K, reserved 1097728K
  class space    used 6236K, capacity 6501K, committed 6528K, reserved 1048576K
}
Event: 12.543 GC heap before
{Heap before GC invocations=6 (full 2):
 PSYoungGen      total 611840K, used 178481K [0x00000000d5580000, 0x0000000100000000, 0x0000000100000000)
  eden space 524800K, 29% used [0x00000000d5580000,0x00000000dea96b78,0x00000000f5600000)
  from space 87040K, 29% used [0x00000000f5600000,0x00000000f6f35a00,0x00000000fab00000)
  to   space 87040K, 0% used [0x00000000fab00000,0x00000000fab00000,0x0000000100000000)
 ParOldGen       total 1398272K, used 23348K [0x0000000080000000, 0x00000000d5580000, 0x00000000d5580000)
  object space 1398272K, 1% used [0x0000000080000000,0x00000000816cd358,0x00000000d5580000)
 Metaspace       used 57397K, capacity 58836K, committed 59008K, reserved 1101824K
  class space    used 6643K, capacity 6928K, committed 7040K, reserved 1048576K
Event: 12.582 GC heap after
Heap after GC invocations=6 (full 2):
 PSYoungGen      total 611840K, used 16510K [0x00000000d5580000, 0x0000000100000000, 0x0000000100000000)
  eden space 524800K, 0% used [0x00000000d5580000,0x00000000d5580000,0x00000000f5600000)
  from space 87040K, 18% used [0x00000000fab00000,0x00000000fbb1f990,0x0000000100000000)
  to   space 87040K, 0% used [0x00000000f5600000,0x00000000f5600000,0x00000000fab00000)
 ParOldGen       total 1398272K, used 23356K [0x0000000080000000, 0x00000000d5580000, 0x00000000d5580000)
  object space 1398272K, 1% used [0x0000000080000000,0x00000000816cf358,0x00000000d5580000)
 Metaspace       used 57397K, capacity 58836K, committed 59008K, reserved 1101824K
  class space    used 6643K, capacity 6928K, committed 7040K, reserved 1048576K
}
Event: 12.583 GC heap before
{Heap before GC invocations=7 (full 3):
 PSYoungGen      total 611840K, used 16510K [0x00000000d5580000, 0x0000000100000000, 0x0000000100000000)
  eden space 524800K, 0% used [0x00000000d5580000,0x00000000d5580000,0x00000000f5600000)
  from space 87040K, 18% used [0x00000000fab00000,0x00000000fbb1f990,0x0000000100000000)
  to   space 87040K, 0% used [0x00000000f5600000,0x00000000f5600000,0x00000000fab00000)
 ParOldGen       total 1398272K, used 23356K [0x0000000080000000, 0x00000000d5580000, 0x00000000d5580000)
  object space 1398272K, 1% used [0x0000000080000000,0x00000000816cf358,0x00000000d5580000)
 Metaspace       used 57397K, capacity 58836K, committed 59008K, reserved 1101824K
  class space    used 6643K, capacity 6928K, committed 7040K, reserved 1048576K
Event: 12.852 GC heap after
Heap after GC invocations=7 (full 3):
 PSYoungGen      total 611840K, used 0K [0x00000000d5580000, 0x0000000100000000, 0x0000000100000000)
  eden space 524800K, 0% used [0x00000000d5580000,0x00000000d5580000,0x00000000f5600000)
  from space 87040K, 0% used [0x00000000fab00000,0x00000000fab00000,0x0000000100000000)
  to   space 87040K, 0% used [0x00000000f5600000,0x00000000f5600000,0x00000000fab00000)
 ParOldGen       total 1398272K, used 28203K [0x0000000080000000, 0x00000000d5580000, 0x00000000d5580000)
  object space 1398272K, 2% used [0x0000000080000000,0x0000000081b8ad80,0x00000000d5580000)
 Metaspace       used 57373K, capacity 58774K, committed 59008K, reserved 1101824K
  class space    used 6634K, capacity 6913K, committed 7040K, reserved 1048576K
}

