# JRE version: OpenJDK Runtime Environment (8.0_212-b04) (build 1.8.0_212-b04)
# Java VM: OpenJDK 64-Bit Server VM (25.212-b04 mixed mode linux-amd64 compressed oops)
Heap:
 PSYoungGen      total 611840K, used 245487K [0x00000000d5580000, 0x0000000100000000, 0x0000000100000000)
  eden space 524800K, 46% used [0x00000000d5580000,0x00000000e453bdb8,0x00000000f5600000)
  from space 87040K, 0% used [0x00000000f5600000,0x00000000f5600000,0x00000000fab00000)
  to   space 87040K, 0% used [0x00000000fab00000,0x00000000fab00000,0x0000000100000000)
 ParOldGen       total 1398272K, used 44448K [0x0000000080000000, 0x00000000d5580000, 0x00000000d5580000)
  object space 1398272K, 3% used [0x0000000080000000,0x0000000082b68118,0x00000000d5580000)
 Metaspace       used 64750K, capacity 67294K, committed 67328K, reserved 1107968K
  class space    used 7425K, capacity 7909K, committed 7936K, reserved 1048576K
GC Heap History (10 events):
Event: 2.310 GC heap before
{Heap before GC invocations=2 (full 1):
 PSYoungGen      total 611840K, used 14269K [0x00000000d5580000, 0x0000000100000000, 0x0000000100000000)
  eden space 524800K, 0% used [0x00000000d5580000,0x00000000d5580000,0x00000000f5600000)
  from space 87040K, 16% used [0x00000000f5600000,0x00000000f63ef538,0x00000000fab00000)
  to   space 87040K, 0% used [0x00000000fab00000,0x00000000fab00000,0x0000000100000000)
 ParOldGen       total 1398272K, used 80K [0x0000000080000000, 0x00000000d5580000, 0x00000000d5580000)
  object space 1398272K, 0% used [0x0000000080000000,0x0000000080014010,0x00000000d5580000)
 Metaspace       used 20820K, capacity 21106K, committed 21248K, reserved 1069056K
  class space    used 2362K, capacity 2482K, committed 2560K, reserved 1048576K
Event: 2.385 GC heap after
Heap after GC invocations=2 (full 1):
 PSYoungGen      total 611840K, used 0K [0x00000000d5580000, 0x0000000100000000, 0x0000000100000000)
  eden space 524800K, 0% used [0x00000000d5580000,0x00000000d5580000,0x00000000f5600000)
  from space 87040K, 0% used [0x00000000f5600000,0x00000000f5600000,0x00000000fab00000)
  to   space 87040K, 0% used [0x00000000fab00000,0x00000000fab00000,0x0000000100000000)
 ParOldGen       total 854528K, used 13720K [0x0000000080000000, 0x00000000b4280000, 0x00000000d5580000)
  object space 854528K, 1% used [0x0000000080000000,0x0000000080d66108,0x00000000b4280000)
 Metaspace       used 20820K, capacity 21106K, committed 21248K, reserved 1069056K
  class space    used 2362K, capacity 2482K, committed 2560K, reserved 1048576K
}
Event: 4.810 GC heap before
{Heap before GC invocations=3 (full 1):
 PSYoungGen      total 611840K, used 434547K [0x00000000d5580000, 0x0000000100000000, 0x0000000100000000)
  eden space 524800K, 82% used [0x00000000d5580000,0x00000000efddcdd8,0x00000000f5600000)
  from space 87040K, 0% used [0x00000000f5600000,0x00000000f5600000,0x00000000fab00000)
  to   space 87040K, 0% used [0x00000000fab00000,0x00000000fab00000,0x0000000100000000)
 ParOldGen       total 854528K, used 13720K [0x0000000080000000, 0x00000000b4280000, 0x00000000d5580000)
  object space 854528K, 1% used [0x0000000080000000,0x0000000080d66108,0x00000000b4280000)
 Metaspace       used 34840K, capacity 35188K, committed 35416K, reserved 1081344K
  class space    used 3964K, capacity 4092K, committed 4096K, reserved 1048576K
Event: 4.849 GC heap after
Heap after GC invocations=3 (full 1):
 PSYoungGen      total 611840K, used 19341K [0x00000000d5580000, 0x0000000100000000, 0x0000000100000000)
  eden space 524800K, 0% used [0x00000000d5580000,0x00000000d5580000,0x00000000f5600000)
  from space 87040K, 22% used [0x00000000fab00000,0x00000000fbde3780,0x0000000100000000)
  to   space 87040K, 0% used [0x00000000f5600000,0x00000000f5600000,0x00000000fab00000)
 ParOldGen       total 854528K, used 13720K [0x0000000080000000, 0x00000000b4280000, 0x00000000d5580000)
  object space 854528K, 1% used [0x0000000080000000,0x0000000080d66108,0x00000000b4280000)
 Metaspace       used 34840K, capacity 35188K, committed 35416K, reserved 1081344K
  class space    used 3964K, capacity 4092K, committed 4096K, reserved 1048576K
}
Event: 4.850 GC heap before
{Heap before GC invocations=4 (full 2):
 PSYoungGen      total 611840K, used 19341K [0x00000000d5580000, 0x0000000100000000, 0x0000000100000000)
  eden space 524800K, 0% used [0x00000000d5580000,0x00000000d5580000,0x00000000f5600000)
  from space 87040K, 22% used [0x00000000fab00000,0x00000000fbde3780,0x0000000100000000)
  to   space 87040K, 0% used [0x00000000f5600000,0x00000000f5600000,0x00000000fab00000)
 ParOldGen       total 854528K, used 13720K [0x0000000080000000, 0x00000000b4280000, 0x00000000d5580000)
  object space 854528K, 1% used [0x0000000080000000,0x0000000080d66108,0x00000000b4280000)
 Metaspace       used 34840K, capacity 35188K, committed 35416K, reserved 1081344K
  class space    used 3964K, capacity 4092K, committed 4096K, reserved 1048576K
Event: 4.956 GC heap after
Heap after GC invocations=4 (full 2):
 PSYoungGen      total 611840K, used 0K [0x00000000d5580000, 0x0000000100000000, 0x0000000100000000)
  eden space 524800K, 0% used [0x00000000d5580000,0x00000000d5580000,0x00000000f5600000)
  from space 87040K, 0% used [0x00000000fab00000,0x00000000fab00000,0x0000000100000000)
  to   space 87040K, 0% used [0x00000000f5600000,0x00000000f5600000,0x00000000fab00000)
 ParOldGen       total 1398272K, used 23557K [0x0000000080000000, 0x00000000d5580000, 0x00000000d5580000)
  object space 1398272K, 1% used [0x0000000080000000,0x0000000081701510,0x00000000d5580000)
 Metaspace       used 34840K, capacity 35188K, committed 35416K, reserved 1081344K
  class space    used 3964K, capacity 4092K, committed 4096K, reserved 1048576K
}
Event: 12.120 GC heap before
{Heap before GC invocations=5 (full 2):
 PSYoungGen      total 611840K, used 510725K [0x00000000d5580000, 0x0000000100000000, 0x0000000100000000)
  eden space 524800K, 97% used [0x00000000d5580000,0x00000000f4841470,0x00000000f5600000)
  from space 87040K, 0% used [0x00000000fab00000,0x00000000fab00000,0x0000000100000000)
  to   space 87040K, 0% used [0x00000000f5600000,0x00000000f5600000,0x00000000fab00000)
 ParOldGen       total 1398272K, used 23557K [0x0000000080000000, 0x00000000d5580000, 0x00000000d5580000)
  object space 1398272K, 1% used [0x0000000080000000,0x0000000081701510,0x00000000d5580000)
 Metaspace       used 57505K, capacity 58902K, committed 59028K, reserved 1101824K
  class space    used 6635K, capacity 6903K, committed 6912K, reserved 1048576K
Event: 12.188 GC heap after
Heap after GC invocations=5 (full 2):
 PSYoungGen      total 611840K, used 33866K [0x00000000d5580000, 0x0000000100000000, 0x0000000100000000)
  eden space 524800K, 0% used [0x00000000d5580000,0x00000000d5580000,0x00000000f5600000)
  from space 87040K, 38% used [0x00000000f5600000,0x00000000f7712b78,0x00000000fab00000)
  to   space 87040K, 0% used [0x00000000fab00000,0x00000000fab00000,0x0000000100000000)
 ParOldGen       total 1398272K, used 23565K [0x0000000080000000, 0x00000000d5580000, 0x00000000d5580000)
  object space 1398272K, 1% used [0x0000000080000000,0x0000000081703510,0x00000000d5580000)
 Metaspace       used 57505K, capacity 58902K, committed 59028K, reserved 1101824K
  class space    used 6635K, capacity 6903K, committed 6912K, reserved 1048576K
}
Event: 12.188 GC heap before
{Heap before GC invocations=6 (full 3):
 PSYoungGen      total 611840K, used 33866K [0x00000000d5580000, 0x0000000100000000, 0x0000000100000000)
  eden space 524800K, 0% used [0x00000000d5580000,0x00000000d5580000,0x00000000f5600000)
  from space 87040K, 38% used [0x00000000f5600000,0x00000000f7712b78,0x00000000fab00000)
  to   space 87040K, 0% used [0x00000000fab00000,0x00000000fab00000,0x0000000100000000)
 ParOldGen       total 1398272K, used 23565K [0x0000000080000000, 0x00000000d5580000, 0x00000000d5580000)
  object space 1398272K, 1% used [0x0000000080000000,0x0000000081703510,0x00000000d5580000)
 Metaspace       used 57505K, capacity 58902K, committed 59028K, reserved 1101824K
  class space    used 6635K, capacity 6903K, committed 6912K, reserved 1048576K
Event: 12.436 GC heap after
Heap after GC invocations=6 (full 3):
 PSYoungGen      total 611840K, used 0K [0x00000000d5580000, 0x0000000100000000, 0x0000000100000000)
  eden space 524800K, 0% used [0x00000000d5580000,0x00000000d5580000,0x00000000f5600000)
  from space 87040K, 0% used [0x00000000f5600000,0x00000000f5600000,0x00000000fab00000)
  to   space 87040K, 0% used [0x00000000fab00000,0x00000000fab00000,0x0000000100000000)
 ParOldGen       total 1398272K, used 44448K [0x0000000080000000, 0x00000000d5580000, 0x00000000d5580000)
  object space 1398272K, 3% used [0x0000000080000000,0x0000000082b68118,0x00000000d5580000)
 Metaspace       used 57467K, capacity 58810K, committed 59028K, reserved 1101824K
  class space    used 6622K, capacity 6881K, committed 6912K, reserved 1048576K
}

