# JRE version: OpenJDK Runtime Environment (8.0_212-b04) (build 1.8.0_212-b04)
# Java VM: OpenJDK 64-Bit Server VM (25.212-b04 mixed mode linux-amd64 compressed oops)
Heap:
 PSYoungGen      total 611840K, used 545452K [0x00000000d5580000, 0x00000000fe900000, 0x0000000100000000)
  eden space 524800K, 87% used [0x00000000d5580000,0x00000000f152eea8,0x00000000f5600000)
  from space 87040K, 99% used [0x00000000f5600000,0x00000000faafc360,0x00000000fab00000)
  to   space 63488K, 0% used [0x00000000fab00000,0x00000000fab00000,0x00000000fe900000)
 ParOldGen       total 1398272K, used 38391K [0x0000000080000000, 0x00000000d5580000, 0x00000000d5580000)
  object space 1398272K, 2% used [0x0000000080000000,0x000000008257df50,0x00000000d5580000)
 Metaspace       used 66551K, capacity 69262K, committed 69504K, reserved 1110016K
  class space    used 7476K, capacity 7961K, committed 8064K, reserved 1048576K
GC Heap History (10 events):
Event: 4.896 GC heap before
{Heap before GC invocations=4 (full 2):
 PSYoungGen      total 611840K, used 19266K [0x00000000d5580000, 0x0000000100000000, 0x0000000100000000)
  eden space 524800K, 0% used [0x00000000d5580000,0x00000000d5580000,0x00000000f5600000)
  from space 87040K, 22% used [0x00000000fab00000,0x00000000fbdd0810,0x0000000100000000)
  to   space 87040K, 0% used [0x00000000f5600000,0x00000000f5600000,0x00000000fab00000)
 ParOldGen       total 898560K, used 13764K [0x0000000080000000, 0x00000000b6d80000, 0x00000000d5580000)
  object space 898560K, 1% used [0x0000000080000000,0x0000000080d71138,0x00000000b6d80000)
 Metaspace       used 34834K, capacity 35188K, committed 35416K, reserved 1081344K
  class space    used 3978K, capacity 4092K, committed 4096K, reserved 1048576K
Event: 5.016 GC heap after
Heap after GC invocations=4 (full 2):
 PSYoungGen      total 611840K, used 0K [0x00000000d5580000, 0x0000000100000000, 0x0000000100000000)
  eden space 524800K, 0% used [0x00000000d5580000,0x00000000d5580000,0x00000000f5600000)
  from space 87040K, 0% used [0x00000000fab00000,0x00000000fab00000,0x0000000100000000)
  to   space 87040K, 0% used [0x00000000f5600000,0x00000000f5600000,0x00000000fab00000)
 ParOldGen       total 1398272K, used 23636K [0x0000000080000000, 0x00000000d5580000, 0x00000000d5580000)
  object space 1398272K, 1% used [0x0000000080000000,0x0000000081715358,0x00000000d5580000)
 Metaspace       used 34834K, capacity 35188K, committed 35416K, reserved 1081344K
  class space    used 3978K, capacity 4092K, committed 4096K, reserved 1048576K
}
Event: 11.142 GC heap before
{Heap before GC invocations=5 (full 2):
 PSYoungGen      total 611840K, used 524800K [0x00000000d5580000, 0x0000000100000000, 0x0000000100000000)
  eden space 524800K, 100% used [0x00000000d5580000,0x00000000f5600000,0x00000000f5600000)
  from space 87040K, 0% used [0x00000000fab00000,0x00000000fab00000,0x0000000100000000)
  to   space 87040K, 0% used [0x00000000f5600000,0x00000000f5600000,0x00000000fab00000)
 ParOldGen       total 1398272K, used 23636K [0x0000000080000000, 0x00000000d5580000, 0x00000000d5580000)
  object space 1398272K, 1% used [0x0000000080000000,0x0000000081715358,0x00000000d5580000)
 Metaspace       used 51340K, capacity 52756K, committed 52992K, reserved 1095680K
  class space    used 6056K, capacity 6316K, committed 6400K, reserved 1048576K
Event: 11.220 GC heap after
Heap after GC invocations=5 (full 2):
 PSYoungGen      total 611840K, used 24644K [0x00000000d5580000, 0x0000000100000000, 0x0000000100000000)
  eden space 524800K, 0% used [0x00000000d5580000,0x00000000d5580000,0x00000000f5600000)
  from space 87040K, 28% used [0x00000000f5600000,0x00000000f6e113f0,0x00000000fab00000)
  to   space 87040K, 0% used [0x00000000fab00000,0x00000000fab00000,0x0000000100000000)
 ParOldGen       total 1398272K, used 23644K [0x0000000080000000, 0x00000000d5580000, 0x00000000d5580000)
  object space 1398272K, 1% used [0x0000000080000000,0x0000000081717358,0x00000000d5580000)
 Metaspace       used 51340K, capacity 52756K, committed 52992K, reserved 1095680K
  class space    used 6056K, capacity 6316K, committed 6400K, reserved 1048576K
}
Event: 12.418 GC heap before
{Heap before GC invocations=6 (full 2):
 PSYoungGen      total 611840K, used 173140K [0x00000000d5580000, 0x0000000100000000, 0x0000000100000000)
  eden space 524800K, 28% used [0x00000000d5580000,0x00000000de683d08,0x00000000f5600000)
  from space 87040K, 28% used [0x00000000f5600000,0x00000000f6e113f0,0x00000000fab00000)
  to   space 87040K, 0% used [0x00000000fab00000,0x00000000fab00000,0x0000000100000000)
 ParOldGen       total 1398272K, used 23644K [0x0000000080000000, 0x00000000d5580000, 0x00000000d5580000)
  object space 1398272K, 1% used [0x0000000080000000,0x0000000081717358,0x00000000d5580000)
 Metaspace       used 57177K, capacity 58884K, committed 59008K, reserved 1101824K
  class space    used 6621K, capacity 6942K, committed 7040K, reserved 1048576K
Event: 12.481 GC heap after
Heap after GC invocations=6 (full 2):
 PSYoungGen      total 611840K, used 22246K [0x00000000d5580000, 0x0000000100000000, 0x0000000100000000)
  eden space 524800K, 0% used [0x00000000d5580000,0x00000000d5580000,0x00000000f5600000)
  from space 87040K, 25% used [0x00000000fab00000,0x00000000fc0b98a0,0x0000000100000000)
  to   space 87040K, 0% used [0x00000000f5600000,0x00000000f5600000,0x00000000fab00000)
 ParOldGen       total 1398272K, used 23652K [0x0000000080000000, 0x00000000d5580000, 0x00000000d5580000)
  object space 1398272K, 1% used [0x0000000080000000,0x0000000081719358,0x00000000d5580000)
 Metaspace       used 57177K, capacity 58884K, committed 59008K, reserved 1101824K
  class space    used 6621K, capacity 6942K, committed 7040K, reserved 1048576K
}
Event: 12.481 GC heap before
{Heap before GC invocations=7 (full 3):
 PSYoungGen      total 611840K, used 22246K [0x00000000d5580000, 0x0000000100000000, 0x0000000100000000)
  eden space 524800K, 0% used [0x00000000d5580000,0x00000000d5580000,0x00000000f5600000)
  from space 87040K, 25% used [0x00000000fab00000,0x00000000fc0b98a0,0x0000000100000000)
  to   space 87040K, 0% used [0x00000000f5600000,0x00000000f5600000,0x00000000fab00000)
 ParOldGen       total 1398272K, used 23652K [0x0000000080000000, 0x00000000d5580000, 0x00000000d5580000)
  object space 1398272K, 1% used [0x0000000080000000,0x0000000081719358,0x00000000d5580000)
 Metaspace       used 57177K, capacity 58884K, committed 59008K, reserved 1101824K
  class space    used 6621K, capacity 6942K, committed 7040K, reserved 1048576K
Event: 12.774 GC heap after
Heap after GC invocations=7 (full 3):
 PSYoungGen      total 611840K, used 0K [0x00000000d5580000, 0x0000000100000000, 0x0000000100000000)
  eden space 524800K, 0% used [0x00000000d5580000,0x00000000d5580000,0x00000000f5600000)
  from space 87040K, 0% used [0x00000000fab00000,0x00000000fab00000,0x0000000100000000)
  to   space 87040K, 0% used [0x00000000f5600000,0x00000000f5600000,0x00000000fab00000)
 ParOldGen       total 1398272K, used 33634K [0x0000000080000000, 0x00000000d5580000, 0x00000000d5580000)
  object space 1398272K, 2% used [0x0000000080000000,0x00000000820d8a90,0x00000000d5580000)
 Metaspace       used 57078K, capacity 58618K, committed 59008K, reserved 1101824K
  class space    used 6587K, capacity 6881K, committed 7040K, reserved 1048576K
}
Event: 23.153 GC heap before
{Heap before GC invocations=8 (full 3):
 PSYoungGen      total 611840K, used 524800K [0x00000000d5580000, 0x0000000100000000, 0x0000000100000000)
  eden space 524800K, 100% used [0x00000000d5580000,0x00000000f5600000,0x00000000f5600000)
  from space 87040K, 0% used [0x00000000fab00000,0x00000000fab00000,0x0000000100000000)
  to   space 87040K, 0% used [0x00000000f5600000,0x00000000f5600000,0x00000000fab00000)
 ParOldGen       total 1398272K, used 33634K [0x0000000080000000, 0x00000000d5580000, 0x00000000d5580000)
  object space 1398272K, 2% used [0x0000000080000000,0x00000000820d8a90,0x00000000d5580000)
 Metaspace       used 64809K, capacity 67454K, committed 67584K, reserved 1110016K
  class space    used 7406K, capacity 7877K, committed 7936K, reserved 1048576K
Event: 23.261 GC heap after
Heap after GC invocations=8 (full 3):
 PSYoungGen      total 611840K, used 87024K [0x00000000d5580000, 0x00000000fe900000, 0x0000000100000000)
  eden space 524800K, 0% used [0x00000000d5580000,0x00000000d5580000,0x00000000f5600000)
  from space 87040K, 99% used [0x00000000f5600000,0x00000000faafc360,0x00000000fab00000)
  to   space 63488K, 0% used [0x00000000fab00000,0x00000000fab00000,0x00000000fe900000)
 ParOldGen       total 1398272K, used 38391K [0x0000000080000000, 0x00000000d5580000, 0x00000000d5580000)
  object space 1398272K, 2% used [0x0000000080000000,0x000000008257df50,0x00000000d5580000)
 Metaspace       used 64809K, capacity 67454K, committed 67584K, reserved 1110016K
  class space    used 7406K, capacity 7877K, committed 7936K, reserved 1048576K
}

