# JRE version: OpenJDK Runtime Environment (8.0_212-b04) (build 1.8.0_212-b04)
# Java VM: OpenJDK 64-Bit Server VM (25.212-b04 mixed mode linux-amd64 compressed oops)
Heap:
 PSYoungGen      total 595456K, used 404769K [0x00000000d5580000, 0x00000000ffb00000, 0x0000000100000000)
  eden space 524800K, 63% used [0x00000000d5580000,0x00000000e9c455a8,0x00000000f5600000)
  from space 70656K, 99% used [0x00000000f5600000,0x00000000f9a83018,0x00000000f9b00000)
  to   space 84480K, 0% used [0x00000000fa880000,0x00000000fa880000,0x00000000ffb00000)
 ParOldGen       total 1398272K, used 44532K [0x0000000080000000, 0x00000000d5580000, 0x00000000d5580000)
  object space 1398272K, 3% used [0x0000000080000000,0x0000000082b7d3a0,0x00000000d5580000)
 Metaspace       used 67454K, capacity 70774K, committed 71040K, reserved 1112064K
  class space    used 7632K, capacity 8221K, committed 8320K, reserved 1048576K
GC Heap History (10 events):
Event: 4.797 GC heap before
{Heap before GC invocations=4 (full 2):
 PSYoungGen      total 611840K, used 19190K [0x00000000d5580000, 0x0000000100000000, 0x0000000100000000)
  eden space 524800K, 0% used [0x00000000d5580000,0x00000000d5580000,0x00000000f5600000)
  from space 87040K, 22% used [0x00000000fab00000,0x00000000fbdbdb28,0x0000000100000000)
  to   space 87040K, 0% used [0x00000000f5600000,0x00000000f5600000,0x00000000fab00000)
 ParOldGen       total 860672K, used 13762K [0x0000000080000000, 0x00000000b4880000, 0x00000000d5580000)
  object space 860672K, 1% used [0x0000000080000000,0x0000000080d70820,0x00000000b4880000)
 Metaspace       used 34751K, capacity 35188K, committed 35416K, reserved 1081344K
  class space    used 3973K, capacity 4092K, committed 4096K, reserved 1048576K
Event: 4.934 GC heap after
Heap after GC invocations=4 (full 2):
 PSYoungGen      total 611840K, used 0K [0x00000000d5580000, 0x0000000100000000, 0x0000000100000000)
  eden space 524800K, 0% used [0x00000000d5580000,0x00000000d5580000,0x00000000f5600000)
  from space 87040K, 0% used [0x00000000fab00000,0x00000000fab00000,0x0000000100000000)
  to   space 87040K, 0% used [0x00000000f5600000,0x00000000f5600000,0x00000000fab00000)
 ParOldGen       total 1398272K, used 23606K [0x0000000080000000, 0x00000000d5580000, 0x00000000d5580000)
  object space 1398272K, 1% used [0x0000000080000000,0x000000008170db38,0x00000000d5580000)
 Metaspace       used 34751K, capacity 35188K, committed 35416K, reserved 1081344K
  class space    used 3973K, capacity 4092K, committed 4096K, reserved 1048576K
}
Event: 11.994 GC heap before
{Heap before GC invocations=5 (full 2):
 PSYoungGen      total 611840K, used 492113K [0x00000000d5580000, 0x0000000100000000, 0x0000000100000000)
  eden space 524800K, 93% used [0x00000000d5580000,0x00000000f3614438,0x00000000f5600000)
  from space 87040K, 0% used [0x00000000fab00000,0x00000000fab00000,0x0000000100000000)
  to   space 87040K, 0% used [0x00000000f5600000,0x00000000f5600000,0x00000000fab00000)
 ParOldGen       total 1398272K, used 23606K [0x0000000080000000, 0x00000000d5580000, 0x00000000d5580000)
  object space 1398272K, 1% used [0x0000000080000000,0x000000008170db38,0x00000000d5580000)
 Metaspace       used 57285K, capacity 58778K, committed 59028K, reserved 1101824K
  class space    used 6636K, capacity 6923K, committed 7040K, reserved 1048576K
Event: 12.074 GC heap after
Heap after GC invocations=5 (full 2):
 PSYoungGen      total 611840K, used 33974K [0x00000000d5580000, 0x0000000100000000, 0x0000000100000000)
  eden space 524800K, 0% used [0x00000000d5580000,0x00000000d5580000,0x00000000f5600000)
  from space 87040K, 39% used [0x00000000f5600000,0x00000000f772d858,0x00000000fab00000)
  to   space 87040K, 0% used [0x00000000fab00000,0x00000000fab00000,0x0000000100000000)
 ParOldGen       total 1398272K, used 23614K [0x0000000080000000, 0x00000000d5580000, 0x00000000d5580000)
  object space 1398272K, 1% used [0x0000000080000000,0x000000008170fb38,0x00000000d5580000)
 Metaspace       used 57285K, capacity 58778K, committed 59028K, reserved 1101824K
  class space    used 6636K, capacity 6923K, committed 7040K, reserved 1048576K
}
Event: 12.074 GC heap before
{Heap before GC invocations=6 (full 3):
 PSYoungGen      total 611840K, used 33974K [0x00000000d5580000, 0x0000000100000000, 0x0000000100000000)
  eden space 524800K, 0% used [0x00000000d5580000,0x00000000d5580000,0x00000000f5600000)
  from space 87040K, 39% used [0x00000000f5600000,0x00000000f772d858,0x00000000fab00000)
  to   space 87040K, 0% used [0x00000000fab00000,0x00000000fab00000,0x0000000100000000)
 ParOldGen       total 1398272K, used 23614K [0x0000000080000000, 0x00000000d5580000, 0x00000000d5580000)
  object space 1398272K, 1% used [0x0000000080000000,0x000000008170fb38,0x00000000d5580000)
 Metaspace       used 57285K, capacity 58778K, committed 59028K, reserved 1101824K
  class space    used 6636K, capacity 6923K, committed 7040K, reserved 1048576K
Event: 12.369 GC heap after
Heap after GC invocations=6 (full 3):
 PSYoungGen      total 611840K, used 0K [0x00000000d5580000, 0x0000000100000000, 0x0000000100000000)
  eden space 524800K, 0% used [0x00000000d5580000,0x00000000d5580000,0x00000000f5600000)
  from space 87040K, 0% used [0x00000000f5600000,0x00000000f5600000,0x00000000fab00000)
  to   space 87040K, 0% used [0x00000000fab00000,0x00000000fab00000,0x0000000100000000)
 ParOldGen       total 1398272K, used 44524K [0x0000000080000000, 0x00000000d5580000, 0x00000000d5580000)
  object space 1398272K, 3% used [0x0000000080000000,0x0000000082b7b3a0,0x00000000d5580000)
 Metaspace       used 57218K, capacity 58614K, committed 59028K, reserved 1101824K
  class space    used 6613K, capacity 6883K, committed 7040K, reserved 1048576K
}
Event: 29.428 GC heap before
{Heap before GC invocations=7 (full 3):
 PSYoungGen      total 611840K, used 521241K [0x00000000d5580000, 0x0000000100000000, 0x0000000100000000)
  eden space 524800K, 99% used [0x00000000d5580000,0x00000000f5286728,0x00000000f5600000)
  from space 87040K, 0% used [0x00000000f5600000,0x00000000f5600000,0x00000000fab00000)
  to   space 87040K, 0% used [0x00000000fab00000,0x00000000fab00000,0x0000000100000000)
 ParOldGen       total 1398272K, used 44524K [0x0000000080000000, 0x00000000d5580000, 0x00000000d5580000)
  object space 1398272K, 3% used [0x0000000080000000,0x0000000082b7b3a0,0x00000000d5580000)
 Metaspace       used 65865K, capacity 68778K, committed 68992K, reserved 1110016K
  class space    used 7521K, capacity 8049K, committed 8064K, reserved 1048576K
Event: 29.567 GC heap after
Heap after GC invocations=7 (full 3):
 PSYoungGen      total 611840K, used 62335K [0x00000000d5580000, 0x0000000100000000, 0x0000000100000000)
  eden space 524800K, 0% used [0x00000000d5580000,0x00000000d5580000,0x00000000f5600000)
  from space 87040K, 71% used [0x00000000fab00000,0x00000000fe7dff98,0x0000000100000000)
  to   space 87040K, 0% used [0x00000000f5600000,0x00000000f5600000,0x00000000fab00000)
 ParOldGen       total 1398272K, used 44524K [0x0000000080000000, 0x00000000d5580000, 0x00000000d5580000)
  object space 1398272K, 3% used [0x0000000080000000,0x0000000082b7b3a0,0x00000000d5580000)
 Metaspace       used 65865K, capacity 68778K, committed 68992K, reserved 1110016K
  class space    used 7521K, capacity 8049K, committed 8064K, reserved 1048576K
}
Event: 35.797 GC heap before
{Heap before GC invocations=8 (full 3):
 PSYoungGen      total 611840K, used 587135K [0x00000000d5580000, 0x0000000100000000, 0x0000000100000000)
  eden space 524800K, 100% used [0x00000000d5580000,0x00000000f5600000,0x00000000f5600000)
  from space 87040K, 71% used [0x00000000fab00000,0x00000000fe7dff98,0x0000000100000000)
  to   space 87040K, 0% used [0x00000000f5600000,0x00000000f5600000,0x00000000fab00000)
 ParOldGen       total 1398272K, used 44524K [0x0000000080000000, 0x00000000d5580000, 0x00000000d5580000)
  object space 1398272K, 3% used [0x0000000080000000,0x0000000082b7b3a0,0x00000000d5580000)
 Metaspace       used 66863K, capacity 69906K, committed 70144K, reserved 1112064K
  class space    used 7572K, capacity 8111K, committed 8192K, reserved 1048576K
Event: 35.910 GC heap after
Heap after GC invocations=8 (full 3):
 PSYoungGen      total 595456K, used 70156K [0x00000000d5580000, 0x00000000ffb00000, 0x0000000100000000)
  eden space 524800K, 0% used [0x00000000d5580000,0x00000000d5580000,0x00000000f5600000)
  from space 70656K, 99% used [0x00000000f5600000,0x00000000f9a83018,0x00000000f9b00000)
  to   space 84480K, 0% used [0x00000000fa880000,0x00000000fa880000,0x00000000ffb00000)
 ParOldGen       total 1398272K, used 44532K [0x0000000080000000, 0x00000000d5580000, 0x00000000d5580000)
  object space 1398272K, 3% used [0x0000000080000000,0x0000000082b7d3a0,0x00000000d5580000)
 Metaspace       used 66863K, capacity 69906K, committed 70144K, reserved 1112064K
  class space    used 7572K, capacity 8111K, committed 8192K, reserved 1048576K
}

