# JRE version: OpenJDK Runtime Environment (8.0_212-b04) (build 1.8.0_212-b04)
# Java VM: OpenJDK 64-Bit Server VM (25.212-b04 mixed mode linux-amd64 compressed oops)
Heap:
 PSYoungGen      total 611840K, used 303197K [0x00000000d5580000, 0x0000000100000000, 0x0000000100000000)
  eden space 524800K, 57% used [0x00000000d5580000,0x00000000e7d97480,0x00000000f5600000)
  from space 87040K, 0% used [0x00000000fab00000,0x00000000fab00000,0x0000000100000000)
  to   space 87040K, 0% used [0x00000000f5600000,0x00000000f5600000,0x00000000fab00000)
 ParOldGen       total 1398272K, used 23910K [0x0000000080000000, 0x00000000d5580000, 0x00000000d5580000)
  object space 1398272K, 1% used [0x0000000080000000,0x00000000817598f8,0x00000000d5580000)
 Metaspace       used 63924K, capacity 66568K, committed 66816K, reserved 1107968K
  class space    used 7353K, capacity 7822K, committed 7936K, reserved 1048576K
GC Heap History (10 events):
Event: 4.967 GC heap before
{Heap before GC invocations=3 (full 1):
 PSYoungGen      total 611840K, used 424052K [0x00000000d5580000, 0x0000000100000000, 0x0000000100000000)
  eden space 524800K, 80% used [0x00000000d5580000,0x00000000ef39d228,0x00000000f5600000)
  from space 87040K, 0% used [0x00000000f5600000,0x00000000f5600000,0x00000000fab00000)
  to   space 87040K, 0% used [0x00000000fab00000,0x00000000fab00000,0x0000000100000000)
 ParOldGen       total 898560K, used 13813K [0x0000000080000000, 0x00000000b6d80000, 0x00000000d5580000)
  object space 898560K, 1% used [0x0000000080000000,0x0000000080d7d6d8,0x00000000b6d80000)
 Metaspace       used 34807K, capacity 35188K, committed 35416K, reserved 1081344K
  class space    used 3971K, capacity 4092K, committed 4096K, reserved 1048576K
Event: 5.010 GC heap after
Heap after GC invocations=3 (full 1):
 PSYoungGen      total 611840K, used 19285K [0x00000000d5580000, 0x0000000100000000, 0x0000000100000000)
  eden space 524800K, 0% used [0x00000000d5580000,0x00000000d5580000,0x00000000f5600000)
  from space 87040K, 22% used [0x00000000fab00000,0x00000000fbdd5450,0x0000000100000000)
  to   space 87040K, 0% used [0x00000000f5600000,0x00000000f5600000,0x00000000fab00000)
 ParOldGen       total 898560K, used 13821K [0x0000000080000000, 0x00000000b6d80000, 0x00000000d5580000)
  object space 898560K, 1% used [0x0000000080000000,0x0000000080d7f6d8,0x00000000b6d80000)
 Metaspace       used 34807K, capacity 35188K, committed 35416K, reserved 1081344K
  class space    used 3971K, capacity 4092K, committed 4096K, reserved 1048576K
}
Event: 5.010 GC heap before
{Heap before GC invocations=4 (full 2):
 PSYoungGen      total 611840K, used 19285K [0x00000000d5580000, 0x0000000100000000, 0x0000000100000000)
  eden space 524800K, 0% used [0x00000000d5580000,0x00000000d5580000,0x00000000f5600000)
  from space 87040K, 22% used [0x00000000fab00000,0x00000000fbdd5450,0x0000000100000000)
  to   space 87040K, 0% used [0x00000000f5600000,0x00000000f5600000,0x00000000fab00000)
 ParOldGen       total 898560K, used 13821K [0x0000000080000000, 0x00000000b6d80000, 0x00000000d5580000)
  object space 898560K, 1% used [0x0000000080000000,0x0000000080d7f6d8,0x00000000b6d80000)
 Metaspace       used 34807K, capacity 35188K, committed 35416K, reserved 1081344K
  class space    used 3971K, capacity 4092K, committed 4096K, reserved 1048576K
Event: 5.126 GC heap after
Heap after GC invocations=4 (full 2):
 PSYoungGen      total 611840K, used 0K [0x00000000d5580000, 0x0000000100000000, 0x0000000100000000)
  eden space 524800K, 0% used [0x00000000d5580000,0x00000000d5580000,0x00000000f5600000)
  from space 87040K, 0% used [0x00000000fab00000,0x00000000fab00000,0x0000000100000000)
  to   space 87040K, 0% used [0x00000000f5600000,0x00000000f5600000,0x00000000fab00000)
 ParOldGen       total 1398272K, used 23695K [0x0000000080000000, 0x00000000d5580000, 0x00000000d5580000)
  object space 1398272K, 1% used [0x0000000080000000,0x0000000081723cc0,0x00000000d5580000)
 Metaspace       used 34807K, capacity 35188K, committed 35416K, reserved 1081344K
  class space    used 3971K, capacity 4092K, committed 4096K, reserved 1048576K
}
Event: 12.041 GC heap before
{Heap before GC invocations=5 (full 2):
 PSYoungGen      total 611840K, used 431425K [0x00000000d5580000, 0x0000000100000000, 0x0000000100000000)
  eden space 524800K, 82% used [0x00000000d5580000,0x00000000efad0630,0x00000000f5600000)
  from space 87040K, 0% used [0x00000000fab00000,0x00000000fab00000,0x0000000100000000)
  to   space 87040K, 0% used [0x00000000f5600000,0x00000000f5600000,0x00000000fab00000)
 ParOldGen       total 1398272K, used 23695K [0x0000000080000000, 0x00000000d5580000, 0x00000000d5580000)
  object space 1398272K, 1% used [0x0000000080000000,0x0000000081723cc0,0x00000000d5580000)
 Metaspace       used 57306K, capacity 58810K, committed 59264K, reserved 1101824K
  class space    used 6643K, capacity 6937K, committed 7040K, reserved 1048576K
Event: 12.134 GC heap after
Heap after GC invocations=5 (full 2):
 PSYoungGen      total 611840K, used 31417K [0x00000000d5580000, 0x0000000100000000, 0x0000000100000000)
  eden space 524800K, 0% used [0x00000000d5580000,0x00000000d5580000,0x00000000f5600000)
  from space 87040K, 36% used [0x00000000f5600000,0x00000000f74ae7a0,0x00000000fab00000)
  to   space 87040K, 0% used [0x00000000fab00000,0x00000000fab00000,0x0000000100000000)
 ParOldGen       total 1398272K, used 23703K [0x0000000080000000, 0x00000000d5580000, 0x00000000d5580000)
  object space 1398272K, 1% used [0x0000000080000000,0x0000000081725cc0,0x00000000d5580000)
 Metaspace       used 57306K, capacity 58810K, committed 59264K, reserved 1101824K
  class space    used 6643K, capacity 6937K, committed 7040K, reserved 1048576K
}
Event: 12.295 GC heap before
{Heap before GC invocations=6 (full 2):
 PSYoungGen      total 611840K, used 92920K [0x00000000d5580000, 0x0000000100000000, 0x0000000100000000)
  eden space 524800K, 11% used [0x00000000d5580000,0x00000000d918fb30,0x00000000f5600000)
  from space 87040K, 36% used [0x00000000f5600000,0x00000000f74ae7a0,0x00000000fab00000)
  to   space 87040K, 0% used [0x00000000fab00000,0x00000000fab00000,0x0000000100000000)
 ParOldGen       total 1398272K, used 23703K [0x0000000080000000, 0x00000000d5580000, 0x00000000d5580000)
  object space 1398272K, 1% used [0x0000000080000000,0x0000000081725cc0,0x00000000d5580000)
 Metaspace       used 57785K, capacity 59250K, committed 59360K, reserved 1101824K
  class space    used 6693K, capacity 6995K, committed 7040K, reserved 1048576K
Event: 12.324 GC heap after
Heap after GC invocations=6 (full 2):
 PSYoungGen      total 611840K, used 11887K [0x00000000d5580000, 0x0000000100000000, 0x0000000100000000)
  eden space 524800K, 0% used [0x00000000d5580000,0x00000000d5580000,0x00000000f5600000)
  from space 87040K, 13% used [0x00000000fab00000,0x00000000fb69bf78,0x0000000100000000)
  to   space 87040K, 0% used [0x00000000f5600000,0x00000000f5600000,0x00000000fab00000)
 ParOldGen       total 1398272K, used 23703K [0x0000000080000000, 0x00000000d5580000, 0x00000000d5580000)
  object space 1398272K, 1% used [0x0000000080000000,0x0000000081725cc0,0x00000000d5580000)
 Metaspace       used 57785K, capacity 59250K, committed 59360K, reserved 1101824K
  class space    used 6693K, capacity 6995K, committed 7040K, reserved 1048576K
}
Event: 12.324 GC heap before
{Heap before GC invocations=7 (full 3):
 PSYoungGen      total 611840K, used 11887K [0x00000000d5580000, 0x0000000100000000, 0x0000000100000000)
  eden space 524800K, 0% used [0x00000000d5580000,0x00000000d5580000,0x00000000f5600000)
  from space 87040K, 13% used [0x00000000fab00000,0x00000000fb69bf78,0x0000000100000000)
  to   space 87040K, 0% used [0x00000000f5600000,0x00000000f5600000,0x00000000fab00000)
 ParOldGen       total 1398272K, used 23703K [0x0000000080000000, 0x00000000d5580000, 0x00000000d5580000)
  object space 1398272K, 1% used [0x0000000080000000,0x0000000081725cc0,0x00000000d5580000)
 Metaspace       used 57785K, capacity 59250K, committed 59360K, reserved 1101824K
  class space    used 6693K, capacity 6995K, committed 7040K, reserved 1048576K
Event: 12.525 GC heap after
Heap after GC invocations=7 (full 3):
 PSYoungGen      total 611840K, used 0K [0x00000000d5580000, 0x0000000100000000, 0x0000000100000000)
  eden space 524800K, 0% used [0x00000000d5580000,0x00000000d5580000,0x00000000f5600000)
  from space 87040K, 0% used [0x00000000fab00000,0x00000000fab00000,0x0000000100000000)
  to   space 87040K, 0% used [0x00000000f5600000,0x00000000f5600000,0x00000000fab00000)
 ParOldGen       total 1398272K, used 23910K [0x0000000080000000, 0x00000000d5580000, 0x00000000d5580000)
  object space 1398272K, 1% used [0x0000000080000000,0x00000000817598f8,0x00000000d5580000)
 Metaspace       used 57746K, capacity 59152K, committed 59360K, reserved 1101824K
  class space    used 6679K, capacity 6970K, committed 7040K, reserved 1048576K
}

