# JRE version: OpenJDK Runtime Environment (8.0_212-b04) (build 1.8.0_212-b04)
# Java VM: OpenJDK 64-Bit Server VM (25.212-b04 mixed mode linux-amd64 compressed oops)
Heap:
 PSYoungGen      total 611840K, used 323564K [0x00000000d5580000, 0x0000000100000000, 0x0000000100000000)
  eden space 524800K, 61% used [0x00000000d5580000,0x00000000e917b1e0,0x00000000f5600000)
  from space 87040K, 0% used [0x00000000fab00000,0x00000000fab00000,0x0000000100000000)
  to   space 87040K, 0% used [0x00000000f5600000,0x00000000f5600000,0x00000000fab00000)
 ParOldGen       total 1398272K, used 36094K [0x0000000080000000, 0x00000000d5580000, 0x00000000d5580000)
  object space 1398272K, 2% used [0x0000000080000000,0x000000008233faf8,0x00000000d5580000)
 Metaspace       used 67222K, capacity 70358K, committed 70528K, reserved 1112064K
  class space    used 7702K, capacity 8257K, committed 8320K, reserved 1048576K
GC Heap History (10 events):
Event: 5.117 GC heap before
{Heap before GC invocations=3 (full 1):
 PSYoungGen      total 611840K, used 419849K [0x00000000d5580000, 0x0000000100000000, 0x0000000100000000)
  eden space 524800K, 80% used [0x00000000d5580000,0x00000000eef824c0,0x00000000f5600000)
  from space 87040K, 0% used [0x00000000f5600000,0x00000000f5600000,0x00000000fab00000)
  to   space 87040K, 0% used [0x00000000fab00000,0x00000000fab00000,0x0000000100000000)
 ParOldGen       total 830976K, used 18607K [0x0000000080000000, 0x00000000b2b80000, 0x00000000d5580000)
  object space 830976K, 2% used [0x0000000080000000,0x000000008122be78,0x00000000b2b80000)
 Metaspace       used 34739K, capacity 35154K, committed 35456K, reserved 1081344K
  class space    used 3970K, capacity 4101K, committed 4224K, reserved 1048576K
Event: 5.155 GC heap after
Heap after GC invocations=3 (full 1):
 PSYoungGen      total 611840K, used 14360K [0x00000000d5580000, 0x0000000100000000, 0x0000000100000000)
  eden space 524800K, 0% used [0x00000000d5580000,0x00000000d5580000,0x00000000f5600000)
  from space 87040K, 16% used [0x00000000fab00000,0x00000000fb9063f0,0x0000000100000000)
  to   space 87040K, 0% used [0x00000000f5600000,0x00000000f5600000,0x00000000fab00000)
 ParOldGen       total 830976K, used 18679K [0x0000000080000000, 0x00000000b2b80000, 0x00000000d5580000)
  object space 830976K, 2% used [0x0000000080000000,0x000000008123de88,0x00000000b2b80000)
 Metaspace       used 34739K, capacity 35154K, committed 35456K, reserved 1081344K
  class space    used 3970K, capacity 4101K, committed 4224K, reserved 1048576K
}
Event: 5.155 GC heap before
{Heap before GC invocations=4 (full 2):
 PSYoungGen      total 611840K, used 14360K [0x00000000d5580000, 0x0000000100000000, 0x0000000100000000)
  eden space 524800K, 0% used [0x00000000d5580000,0x00000000d5580000,0x00000000f5600000)
  from space 87040K, 16% used [0x00000000fab00000,0x00000000fb9063f0,0x0000000100000000)
  to   space 87040K, 0% used [0x00000000f5600000,0x00000000f5600000,0x00000000fab00000)
 ParOldGen       total 830976K, used 18679K [0x0000000080000000, 0x00000000b2b80000, 0x00000000d5580000)
  object space 830976K, 2% used [0x0000000080000000,0x000000008123de88,0x00000000b2b80000)
 Metaspace       used 34739K, capacity 35154K, committed 35456K, reserved 1081344K
  class space    used 3970K, capacity 4101K, committed 4224K, reserved 1048576K
Event: 5.263 GC heap after
Heap after GC invocations=4 (full 2):
 PSYoungGen      total 611840K, used 0K [0x00000000d5580000, 0x0000000100000000, 0x0000000100000000)
  eden space 524800K, 0% used [0x00000000d5580000,0x00000000d5580000,0x00000000f5600000)
  from space 87040K, 0% used [0x00000000fab00000,0x00000000fab00000,0x0000000100000000)
  to   space 87040K, 0% used [0x00000000f5600000,0x00000000f5600000,0x00000000fab00000)
 ParOldGen       total 1344512K, used 22608K [0x0000000080000000, 0x00000000d2100000, 0x00000000d5580000)
  object space 1344512K, 1% used [0x0000000080000000,0x0000000081614340,0x00000000d2100000)
 Metaspace       used 34739K, capacity 35154K, committed 35456K, reserved 1081344K
  class space    used 3970K, capacity 4101K, committed 4224K, reserved 1048576K
}
Event: 10.369 GC heap before
{Heap before GC invocations=5 (full 2):
 PSYoungGen      total 611840K, used 524800K [0x00000000d5580000, 0x0000000100000000, 0x0000000100000000)
  eden space 524800K, 100% used [0x00000000d5580000,0x00000000f5600000,0x00000000f5600000)
  from space 87040K, 0% used [0x00000000fab00000,0x00000000fab00000,0x0000000100000000)
  to   space 87040K, 0% used [0x00000000f5600000,0x00000000f5600000,0x00000000fab00000)
 ParOldGen       total 1344512K, used 22608K [0x0000000080000000, 0x00000000d2100000, 0x00000000d5580000)
  object space 1344512K, 1% used [0x0000000080000000,0x0000000081614340,0x00000000d2100000)
 Metaspace       used 48873K, capacity 49992K, committed 50304K, reserved 1093632K
  class space    used 5726K, capacity 5952K, committed 6016K, reserved 1048576K
Event: 10.425 GC heap after
Heap after GC invocations=5 (full 2):
 PSYoungGen      total 611840K, used 20622K [0x00000000d5580000, 0x0000000100000000, 0x0000000100000000)
  eden space 524800K, 0% used [0x00000000d5580000,0x00000000d5580000,0x00000000f5600000)
  from space 87040K, 23% used [0x00000000f5600000,0x00000000f6a23b88,0x00000000fab00000)
  to   space 87040K, 0% used [0x00000000fab00000,0x00000000fab00000,0x0000000100000000)
 ParOldGen       total 1344512K, used 22616K [0x0000000080000000, 0x00000000d2100000, 0x00000000d5580000)
  object space 1344512K, 1% used [0x0000000080000000,0x0000000081616340,0x00000000d2100000)
 Metaspace       used 48873K, capacity 49992K, committed 50304K, reserved 1093632K
  class space    used 5726K, capacity 5952K, committed 6016K, reserved 1048576K
}
Event: 12.549 GC heap before
{Heap before GC invocations=6 (full 2):
 PSYoungGen      total 611840K, used 212984K [0x00000000d5580000, 0x0000000100000000, 0x0000000100000000)
  eden space 524800K, 36% used [0x00000000d5580000,0x00000000e115a630,0x00000000f5600000)
  from space 87040K, 23% used [0x00000000f5600000,0x00000000f6a23b88,0x00000000fab00000)
  to   space 87040K, 0% used [0x00000000fab00000,0x00000000fab00000,0x0000000100000000)
 ParOldGen       total 1344512K, used 22616K [0x0000000080000000, 0x00000000d2100000, 0x00000000d5580000)
  object space 1344512K, 1% used [0x0000000080000000,0x0000000081616340,0x00000000d2100000)
 Metaspace       used 57456K, capacity 58926K, committed 59096K, reserved 1101824K
  class space    used 6664K, capacity 6941K, committed 7040K, reserved 1048576K
Event: 12.589 GC heap after
Heap after GC invocations=6 (full 2):
 PSYoungGen      total 611840K, used 23879K [0x00000000d5580000, 0x0000000100000000, 0x0000000100000000)
  eden space 524800K, 0% used [0x00000000d5580000,0x00000000d5580000,0x00000000f5600000)
  from space 87040K, 27% used [0x00000000fab00000,0x00000000fc251d70,0x0000000100000000)
  to   space 87040K, 0% used [0x00000000f5600000,0x00000000f5600000,0x00000000fab00000)
 ParOldGen       total 1344512K, used 22624K [0x0000000080000000, 0x00000000d2100000, 0x00000000d5580000)
  object space 1344512K, 1% used [0x0000000080000000,0x0000000081618340,0x00000000d2100000)
 Metaspace       used 57456K, capacity 58926K, committed 59096K, reserved 1101824K
  class space    used 6664K, capacity 6941K, committed 7040K, reserved 1048576K
}
Event: 12.589 GC heap before
{Heap before GC invocations=7 (full 3):
 PSYoungGen      total 611840K, used 23879K [0x00000000d5580000, 0x0000000100000000, 0x0000000100000000)
  eden space 524800K, 0% used [0x00000000d5580000,0x00000000d5580000,0x00000000f5600000)
  from space 87040K, 27% used [0x00000000fab00000,0x00000000fc251d70,0x0000000100000000)
  to   space 87040K, 0% used [0x00000000f5600000,0x00000000f5600000,0x00000000fab00000)
 ParOldGen       total 1344512K, used 22624K [0x0000000080000000, 0x00000000d2100000, 0x00000000d5580000)
  object space 1344512K, 1% used [0x0000000080000000,0x0000000081618340,0x00000000d2100000)
 Metaspace       used 57456K, capacity 58926K, committed 59096K, reserved 1101824K
  class space    used 6664K, capacity 6941K, committed 7040K, reserved 1048576K
Event: 12.855 GC heap after
Heap after GC invocations=7 (full 3):
 PSYoungGen      total 611840K, used 0K [0x00000000d5580000, 0x0000000100000000, 0x0000000100000000)
  eden space 524800K, 0% used [0x00000000d5580000,0x00000000d5580000,0x00000000f5600000)
  from space 87040K, 0% used [0x00000000fab00000,0x00000000fab00000,0x0000000100000000)
  to   space 87040K, 0% used [0x00000000f5600000,0x00000000f5600000,0x00000000fab00000)
 ParOldGen       total 1398272K, used 36094K [0x0000000080000000, 0x00000000d5580000, 0x00000000d5580000)
  object space 1398272K, 2% used [0x0000000080000000,0x000000008233faf8,0x00000000d5580000)
 Metaspace       used 57359K, capacity 58680K, committed 59096K, reserved 1101824K
  class space    used 6629K, capacity 6880K, committed 7040K, reserved 1048576K
}

