# JRE version: OpenJDK Runtime Environment (8.0_212-b04) (build 1.8.0_212-b04)
# Java VM: OpenJDK 64-Bit Server VM (25.212-b04 mixed mode linux-amd64 compressed oops)
Heap:
 PSYoungGen      total 611840K, used 270453K [0x00000000d5580000, 0x0000000100000000, 0x0000000100000000)
  eden space 524800K, 51% used [0x00000000d5580000,0x00000000e5d9d428,0x00000000f5600000)
  from space 87040K, 0% used [0x00000000f5600000,0x00000000f5600000,0x00000000fab00000)
  to   space 87040K, 0% used [0x00000000fab00000,0x00000000fab00000,0x0000000100000000)
 ParOldGen       total 1398272K, used 44331K [0x0000000080000000, 0x00000000d5580000, 0x00000000d5580000)
  object space 1398272K, 3% used [0x0000000080000000,0x0000000082b4acc8,0x00000000d5580000)
 Metaspace       used 63400K, capacity 65950K, committed 66176K, reserved 1107968K
  class space    used 7310K, capacity 7769K, committed 7808K, reserved 1048576K
GC Heap History (10 events):
Event: 1.945 GC heap before
{Heap before GC invocations=2 (full 1):
 PSYoungGen      total 611840K, used 14309K [0x00000000d5580000, 0x0000000100000000, 0x0000000100000000)
  eden space 524800K, 0% used [0x00000000d5580000,0x00000000d5580000,0x00000000f5600000)
  from space 87040K, 16% used [0x00000000f5600000,0x00000000f63f9678,0x00000000fab00000)
  to   space 87040K, 0% used [0x00000000fab00000,0x00000000fab00000,0x0000000100000000)
 ParOldGen       total 1398272K, used 72K [0x0000000080000000, 0x00000000d5580000, 0x00000000d5580000)
  object space 1398272K, 0% used [0x0000000080000000,0x0000000080012010,0x00000000d5580000)
 Metaspace       used 20848K, capacity 21074K, committed 21248K, reserved 1069056K
  class space    used 2351K, capacity 2450K, committed 2560K, reserved 1048576K
Event: 2.018 GC heap after
Heap after GC invocations=2 (full 1):
 PSYoungGen      total 611840K, used 0K [0x00000000d5580000, 0x0000000100000000, 0x0000000100000000)
  eden space 524800K, 0% used [0x00000000d5580000,0x00000000d5580000,0x00000000f5600000)
  from space 87040K, 0% used [0x00000000f5600000,0x00000000f5600000,0x00000000fab00000)
  to   space 87040K, 0% used [0x00000000fab00000,0x00000000fab00000,0x0000000100000000)
 ParOldGen       total 889856K, used 13781K [0x0000000080000000, 0x00000000b6500000, 0x00000000d5580000)
  object space 889856K, 1% used [0x0000000080000000,0x0000000080d75748,0x00000000b6500000)
 Metaspace       used 20848K, capacity 21074K, committed 21248K, reserved 1069056K
  class space    used 2351K, capacity 2450K, committed 2560K, reserved 1048576K
}
Event: 4.309 GC heap before
{Heap before GC invocations=3 (full 1):
 PSYoungGen      total 611840K, used 480206K [0x00000000d5580000, 0x0000000100000000, 0x0000000100000000)
  eden space 524800K, 91% used [0x00000000d5580000,0x00000000f2a73828,0x00000000f5600000)
  from space 87040K, 0% used [0x00000000f5600000,0x00000000f5600000,0x00000000fab00000)
  to   space 87040K, 0% used [0x00000000fab00000,0x00000000fab00000,0x0000000100000000)
 ParOldGen       total 889856K, used 13781K [0x0000000080000000, 0x00000000b6500000, 0x00000000d5580000)
  object space 889856K, 1% used [0x0000000080000000,0x0000000080d75748,0x00000000b6500000)
 Metaspace       used 34803K, capacity 35156K, committed 35416K, reserved 1081344K
  class space    used 3956K, capacity 4060K, committed 4096K, reserved 1048576K
Event: 4.341 GC heap after
Heap after GC invocations=3 (full 1):
 PSYoungGen      total 611840K, used 19335K [0x00000000d5580000, 0x0000000100000000, 0x0000000100000000)
  eden space 524800K, 0% used [0x00000000d5580000,0x00000000d5580000,0x00000000f5600000)
  from space 87040K, 22% used [0x00000000fab00000,0x00000000fbde1d38,0x0000000100000000)
  to   space 87040K, 0% used [0x00000000f5600000,0x00000000f5600000,0x00000000fab00000)
 ParOldGen       total 889856K, used 13789K [0x0000000080000000, 0x00000000b6500000, 0x00000000d5580000)
  object space 889856K, 1% used [0x0000000080000000,0x0000000080d77748,0x00000000b6500000)
 Metaspace       used 34803K, capacity 35156K, committed 35416K, reserved 1081344K
  class space    used 3956K, capacity 4060K, committed 4096K, reserved 1048576K
}
Event: 4.341 GC heap before
{Heap before GC invocations=4 (full 2):
 PSYoungGen      total 611840K, used 19335K [0x00000000d5580000, 0x0000000100000000, 0x0000000100000000)
  eden space 524800K, 0% used [0x00000000d5580000,0x00000000d5580000,0x00000000f5600000)
  from space 87040K, 22% used [0x00000000fab00000,0x00000000fbde1d38,0x0000000100000000)
  to   space 87040K, 0% used [0x00000000f5600000,0x00000000f5600000,0x00000000fab00000)
 ParOldGen       total 889856K, used 13789K [0x0000000080000000, 0x00000000b6500000, 0x00000000d5580000)
  object space 889856K, 1% used [0x0000000080000000,0x0000000080d77748,0x00000000b6500000)
 Metaspace       used 34803K, capacity 35156K, committed 35416K, reserved 1081344K
  class space    used 3956K, capacity 4060K, committed 4096K, reserved 1048576K
Event: 4.429 GC heap after
Heap after GC invocations=4 (full 2):
 PSYoungGen      total 611840K, used 0K [0x00000000d5580000, 0x0000000100000000, 0x0000000100000000)
  eden space 524800K, 0% used [0x00000000d5580000,0x00000000d5580000,0x00000000f5600000)
  from space 87040K, 0% used [0x00000000fab00000,0x00000000fab00000,0x0000000100000000)
  to   space 87040K, 0% used [0x00000000f5600000,0x00000000f5600000,0x00000000fab00000)
 ParOldGen       total 1398272K, used 23458K [0x0000000080000000, 0x00000000d5580000, 0x00000000d5580000)
  object space 1398272K, 1% used [0x0000000080000000,0x00000000816e8a30,0x00000000d5580000)
 Metaspace       used 34803K, capacity 35156K, committed 35416K, reserved 1081344K
  class space    used 3956K, capacity 4060K, committed 4096K, reserved 1048576K
}
Event: 11.544 GC heap before
{Heap before GC invocations=5 (full 2):
 PSYoungGen      total 611840K, used 513742K [0x00000000d5580000, 0x0000000100000000, 0x0000000100000000)
  eden space 524800K, 97% used [0x00000000d5580000,0x00000000f4b33938,0x00000000f5600000)
  from space 87040K, 0% used [0x00000000fab00000,0x00000000fab00000,0x0000000100000000)
  to   space 87040K, 0% used [0x00000000f5600000,0x00000000f5600000,0x00000000fab00000)
 ParOldGen       total 1398272K, used 23458K [0x0000000080000000, 0x00000000d5580000, 0x00000000d5580000)
  object space 1398272K, 1% used [0x0000000080000000,0x00000000816e8a30,0x00000000d5580000)
 Metaspace       used 57506K, capacity 58918K, committed 59028K, reserved 1101824K
  class space    used 6625K, capacity 6893K, committed 6912K, reserved 1048576K
Event: 11.618 GC heap after
Heap after GC invocations=5 (full 2):
 PSYoungGen      total 611840K, used 33867K [0x00000000d5580000, 0x0000000100000000, 0x0000000100000000)
  eden space 524800K, 0% used [0x00000000d5580000,0x00000000d5580000,0x00000000f5600000)
  from space 87040K, 38% used [0x00000000f5600000,0x00000000f7712c90,0x00000000fab00000)
  to   space 87040K, 0% used [0x00000000fab00000,0x00000000fab00000,0x0000000100000000)
 ParOldGen       total 1398272K, used 23466K [0x0000000080000000, 0x00000000d5580000, 0x00000000d5580000)
  object space 1398272K, 1% used [0x0000000080000000,0x00000000816eaa30,0x00000000d5580000)
 Metaspace       used 57506K, capacity 58918K, committed 59028K, reserved 1101824K
  class space    used 6625K, capacity 6893K, committed 6912K, reserved 1048576K
}
Event: 11.618 GC heap before
{Heap before GC invocations=6 (full 3):
 PSYoungGen      total 611840K, used 33867K [0x00000000d5580000, 0x0000000100000000, 0x0000000100000000)
  eden space 524800K, 0% used [0x00000000d5580000,0x00000000d5580000,0x00000000f5600000)
  from space 87040K, 38% used [0x00000000f5600000,0x00000000f7712c90,0x00000000fab00000)
  to   space 87040K, 0% used [0x00000000fab00000,0x00000000fab00000,0x0000000100000000)
 ParOldGen       total 1398272K, used 23466K [0x0000000080000000, 0x00000000d5580000, 0x00000000d5580000)
  object space 1398272K, 1% used [0x0000000080000000,0x00000000816eaa30,0x00000000d5580000)
 Metaspace       used 57506K, capacity 58918K, committed 59028K, reserved 1101824K
  class space    used 6625K, capacity 6893K, committed 6912K, reserved 1048576K
Event: 11.904 GC heap after
Heap after GC invocations=6 (full 3):
 PSYoungGen      total 611840K, used 0K [0x00000000d5580000, 0x0000000100000000, 0x0000000100000000)
  eden space 524800K, 0% used [0x00000000d5580000,0x00000000d5580000,0x00000000f5600000)
  from space 87040K, 0% used [0x00000000f5600000,0x00000000f5600000,0x00000000fab00000)
  to   space 87040K, 0% used [0x00000000fab00000,0x00000000fab00000,0x0000000100000000)
 ParOldGen       total 1398272K, used 44331K [0x0000000080000000, 0x00000000d5580000, 0x00000000d5580000)
  object space 1398272K, 3% used [0x0000000080000000,0x0000000082b4acc8,0x00000000d5580000)
 Metaspace       used 57483K, capacity 58864K, committed 59028K, reserved 1101824K
  class space    used 6618K, capacity 6880K, committed 6912K, reserved 1048576K
}

