# JRE version: OpenJDK Runtime Environment (8.0_212-b04) (build 1.8.0_212-b04)
# Java VM: OpenJDK 64-Bit Server VM (25.212-b04 mixed mode linux-amd64 compressed oops)
Heap:
 PSYoungGen      total 580096K, used 482582K [0x00000000d5580000, 0x0000000100000000, 0x0000000100000000)
  eden space 534528K, 81% used [0x00000000d5580000,0x00000000f010b900,0x00000000f5f80000)
  from space 45568K, 98% used [0x00000000f9d80000,0x00000000fc93a2c8,0x00000000fca00000)
  to   space 63488K, 0% used [0x00000000f5f80000,0x00000000f5f80000,0x00000000f9d80000)
 ParOldGen       total 1398272K, used 32591K [0x0000000080000000, 0x00000000d5580000, 0x00000000d5580000)
  object space 1398272K, 2% used [0x0000000080000000,0x0000000081fd3ce0,0x00000000d5580000)
 Metaspace       used 82731K, capacity 86709K, committed 86912K, reserved 1126400K
  class space    used 9341K, capacity 10029K, committed 10112K, reserved 1048576K
GC Heap History (10 events):
Event: 7.422 GC heap before
{Heap before GC invocations=5 (full 2):
 PSYoungGen      total 611840K, used 524800K [0x00000000d5580000, 0x0000000100000000, 0x0000000100000000)
  eden space 524800K, 100% used [0x00000000d5580000,0x00000000f5600000,0x00000000f5600000)
  from space 87040K, 0% used [0x00000000fab00000,0x00000000fab00000,0x0000000100000000)
  to   space 87040K, 0% used [0x00000000f5600000,0x00000000f5600000,0x00000000fab00000)
 ParOldGen       total 1398272K, used 24271K [0x0000000080000000, 0x00000000d5580000, 0x00000000d5580000)
  object space 1398272K, 1% used [0x0000000080000000,0x00000000817b3e48,0x00000000d5580000)
 Metaspace       used 49305K, capacity 50118K, committed 50432K, reserved 1093632K
  class space    used 5867K, capacity 6053K, committed 6144K, reserved 1048576K
Event: 7.471 GC heap after
Heap after GC invocations=5 (full 2):
 PSYoungGen      total 611840K, used 20192K [0x00000000d5580000, 0x0000000100000000, 0x0000000100000000)
  eden space 524800K, 0% used [0x00000000d5580000,0x00000000d5580000,0x00000000f5600000)
  from space 87040K, 23% used [0x00000000f5600000,0x00000000f69b82a8,0x00000000fab00000)
  to   space 87040K, 0% used [0x00000000fab00000,0x00000000fab00000,0x0000000100000000)
 ParOldGen       total 1398272K, used 24271K [0x0000000080000000, 0x00000000d5580000, 0x00000000d5580000)
  object space 1398272K, 1% used [0x0000000080000000,0x00000000817b3e48,0x00000000d5580000)
 Metaspace       used 49305K, capacity 50118K, committed 50432K, reserved 1093632K
  class space    used 5867K, capacity 6053K, committed 6144K, reserved 1048576K
}
Event: 11.804 GC heap before
{Heap before GC invocations=6 (full 2):
 PSYoungGen      total 611840K, used 333577K [0x00000000d5580000, 0x0000000100000000, 0x0000000100000000)
  eden space 524800K, 59% used [0x00000000d5580000,0x00000000e878a340,0x00000000f5600000)
  from space 87040K, 23% used [0x00000000f5600000,0x00000000f69b82a8,0x00000000fab00000)
  to   space 87040K, 0% used [0x00000000fab00000,0x00000000fab00000,0x0000000100000000)
 ParOldGen       total 1398272K, used 24271K [0x0000000080000000, 0x00000000d5580000, 0x00000000d5580000)
  object space 1398272K, 1% used [0x0000000080000000,0x00000000817b3e48,0x00000000d5580000)
 Metaspace       used 57835K, capacity 58981K, committed 59028K, reserved 1101824K
  class space    used 6941K, capacity 7168K, committed 7168K, reserved 1048576K
Event: 11.847 GC heap after
Heap after GC invocations=6 (full 2):
 PSYoungGen      total 611840K, used 20095K [0x00000000d5580000, 0x0000000100000000, 0x0000000100000000)
  eden space 524800K, 0% used [0x00000000d5580000,0x00000000d5580000,0x00000000f5600000)
  from space 87040K, 23% used [0x00000000fab00000,0x00000000fbe9fca8,0x0000000100000000)
  to   space 87040K, 0% used [0x00000000f5600000,0x00000000f5600000,0x00000000fab00000)
 ParOldGen       total 1398272K, used 24279K [0x0000000080000000, 0x00000000d5580000, 0x00000000d5580000)
  object space 1398272K, 1% used [0x0000000080000000,0x00000000817b5e48,0x00000000d5580000)
 Metaspace       used 57835K, capacity 58981K, committed 59028K, reserved 1101824K
  class space    used 6941K, capacity 7168K, committed 7168K, reserved 1048576K
}
Event: 11.847 GC heap before
{Heap before GC invocations=7 (full 3):
 PSYoungGen      total 611840K, used 20095K [0x00000000d5580000, 0x0000000100000000, 0x0000000100000000)
  eden space 524800K, 0% used [0x00000000d5580000,0x00000000d5580000,0x00000000f5600000)
  from space 87040K, 23% used [0x00000000fab00000,0x00000000fbe9fca8,0x0000000100000000)
  to   space 87040K, 0% used [0x00000000f5600000,0x00000000f5600000,0x00000000fab00000)
 ParOldGen       total 1398272K, used 24279K [0x0000000080000000, 0x00000000d5580000, 0x00000000d5580000)
  object space 1398272K, 1% used [0x0000000080000000,0x00000000817b5e48,0x00000000d5580000)
 Metaspace       used 57835K, capacity 58981K, committed 59028K, reserved 1101824K
  class space    used 6941K, capacity 7168K, committed 7168K, reserved 1048576K
Event: 12.134 GC heap after
Heap after GC invocations=7 (full 3):
 PSYoungGen      total 611840K, used 0K [0x00000000d5580000, 0x0000000100000000, 0x0000000100000000)
  eden space 524800K, 0% used [0x00000000d5580000,0x00000000d5580000,0x00000000f5600000)
  from space 87040K, 0% used [0x00000000fab00000,0x00000000fab00000,0x0000000100000000)
  to   space 87040K, 0% used [0x00000000f5600000,0x00000000f5600000,0x00000000fab00000)
 ParOldGen       total 1398272K, used 32583K [0x0000000080000000, 0x00000000d5580000, 0x00000000d5580000)
  object space 1398272K, 2% used [0x0000000080000000,0x0000000081fd1ce0,0x00000000d5580000)
 Metaspace       used 57761K, capacity 58801K, committed 59028K, reserved 1101824K
  class space    used 6914K, capacity 7122K, committed 7168K, reserved 1048576K
}
Event: 26.222 GC heap before
{Heap before GC invocations=8 (full 3):
 PSYoungGen      total 611840K, used 524492K [0x00000000d5580000, 0x0000000100000000, 0x0000000100000000)
  eden space 524800K, 99% used [0x00000000d5580000,0x00000000f55b3140,0x00000000f5600000)
  from space 87040K, 0% used [0x00000000fab00000,0x00000000fab00000,0x0000000100000000)
  to   space 87040K, 0% used [0x00000000f5600000,0x00000000f5600000,0x00000000fab00000)
 ParOldGen       total 1398272K, used 32583K [0x0000000080000000, 0x00000000d5580000, 0x00000000d5580000)
  object space 1398272K, 2% used [0x0000000080000000,0x0000000081fd1ce0,0x00000000d5580000)
 Metaspace       used 76879K, capacity 79807K, committed 80000K, reserved 1120256K
  class space    used 8983K, capacity 9532K, committed 9600K, reserved 1048576K
Event: 26.368 GC heap after
Heap after GC invocations=8 (full 3):
 PSYoungGen      total 598016K, used 72761K [0x00000000d5580000, 0x00000000fca00000, 0x0000000100000000)
  eden space 524800K, 0% used [0x00000000d5580000,0x00000000d5580000,0x00000000f5600000)
  from space 73216K, 99% used [0x00000000f5600000,0x00000000f9d0e748,0x00000000f9d80000)
  to   space 45568K, 0% used [0x00000000f9d80000,0x00000000f9d80000,0x00000000fca00000)
 ParOldGen       total 1398272K, used 32591K [0x0000000080000000, 0x00000000d5580000, 0x00000000d5580000)
  object space 1398272K, 2% used [0x0000000080000000,0x0000000081fd3ce0,0x00000000d5580000)
 Metaspace       used 76879K, capacity 79807K, committed 80000K, reserved 1120256K
  class space    used 8983K, capacity 9532K, committed 9600K, reserved 1048576K
}
Event: 31.706 GC heap before
{Heap before GC invocations=9 (full 3):
 PSYoungGen      total 598016K, used 597561K [0x00000000d5580000, 0x00000000fca00000, 0x0000000100000000)
  eden space 524800K, 100% used [0x00000000d5580000,0x00000000f5600000,0x00000000f5600000)
  from space 73216K, 99% used [0x00000000f5600000,0x00000000f9d0e748,0x00000000f9d80000)
  to   space 45568K, 0% used [0x00000000f9d80000,0x00000000f9d80000,0x00000000fca00000)
 ParOldGen       total 1398272K, used 32591K [0x0000000080000000, 0x00000000d5580000, 0x00000000d5580000)
  object space 1398272K, 2% used [0x0000000080000000,0x0000000081fd3ce0,0x00000000d5580000)
 Metaspace       used 81912K, capacity 85839K, committed 86016K, reserved 1126400K
  class space    used 9310K, capacity 9976K, committed 9984K, reserved 1048576K
Event: 31.782 GC heap after
Heap after GC invocations=9 (full 3):
 PSYoungGen      total 580096K, used 44776K [0x00000000d5580000, 0x0000000100000000, 0x0000000100000000)
  eden space 534528K, 0% used [0x00000000d5580000,0x00000000d5580000,0x00000000f5f80000)
  from space 45568K, 98% used [0x00000000f9d80000,0x00000000fc93a2c8,0x00000000fca00000)
  to   space 63488K, 0% used [0x00000000f5f80000,0x00000000f5f80000,0x00000000f9d80000)
 ParOldGen       total 1398272K, used 32591K [0x0000000080000000, 0x00000000d5580000, 0x00000000d5580000)
  object space 1398272K, 2% used [0x0000000080000000,0x0000000081fd3ce0,0x00000000d5580000)
 Metaspace       used 81912K, capacity 85839K, committed 86016K, reserved 1126400K
  class space    used 9310K, capacity 9976K, committed 9984K, reserved 1048576K
}

