# JRE version: OpenJDK Runtime Environment (8.0_212-b04) (build 1.8.0_212-b04)
# Java VM: OpenJDK 64-Bit Server VM (25.212-b04 mixed mode linux-amd64 compressed oops)
Heap:
 PSYoungGen      total 611840K, used 502454K [0x00000000d5580000, 0x0000000100000000, 0x0000000100000000)
  eden space 524800K, 95% used [0x00000000d5580000,0x00000000f402d958,0x00000000f5600000)
  from space 87040K, 0% used [0x00000000fab00000,0x00000000fab00000,0x0000000100000000)
  to   space 87040K, 0% used [0x00000000f5600000,0x00000000f5600000,0x00000000fab00000)
 ParOldGen       total 1398272K, used 32552K [0x0000000080000000, 0x00000000d5580000, 0x00000000d5580000)
  object space 1398272K, 2% used [0x0000000080000000,0x0000000081fca3c0,0x00000000d5580000)
 Metaspace       used 76710K, capacity 79480K, committed 79616K, reserved 1120256K
  class space    used 8937K, capacity 9452K, committed 9472K, reserved 1048576K
GC Heap History (10 events):
Event: 4.305 GC heap before
{Heap before GC invocations=3 (full 1):
 PSYoungGen      total 611840K, used 333291K [0x00000000d5580000, 0x0000000100000000, 0x0000000100000000)
  eden space 524800K, 63% used [0x00000000d5580000,0x00000000e9afaf48,0x00000000f5600000)
  from space 87040K, 0% used [0x00000000f5600000,0x00000000f5600000,0x00000000fab00000)
  to   space 87040K, 0% used [0x00000000fab00000,0x00000000fab00000,0x0000000100000000)
 ParOldGen       total 900608K, used 13520K [0x0000000080000000, 0x00000000b6f80000, 0x00000000d5580000)
  object space 900608K, 1% used [0x0000000080000000,0x0000000080d34248,0x00000000b6f80000)
 Metaspace       used 34750K, capacity 35018K, committed 35416K, reserved 1081344K
  class space    used 4185K, capacity 4289K, committed 4352K, reserved 1048576K
Event: 4.350 GC heap after
Heap after GC invocations=3 (full 1):
 PSYoungGen      total 611840K, used 19480K [0x00000000d5580000, 0x0000000100000000, 0x0000000100000000)
  eden space 524800K, 0% used [0x00000000d5580000,0x00000000d5580000,0x00000000f5600000)
  from space 87040K, 22% used [0x00000000fab00000,0x00000000fbe06350,0x0000000100000000)
  to   space 87040K, 0% used [0x00000000f5600000,0x00000000f5600000,0x00000000fab00000)
 ParOldGen       total 900608K, used 13520K [0x0000000080000000, 0x00000000b6f80000, 0x00000000d5580000)
  object space 900608K, 1% used [0x0000000080000000,0x0000000080d34248,0x00000000b6f80000)
 Metaspace       used 34750K, capacity 35018K, committed 35416K, reserved 1081344K
  class space    used 4185K, capacity 4289K, committed 4352K, reserved 1048576K
}
Event: 4.350 GC heap before
{Heap before GC invocations=4 (full 2):
 PSYoungGen      total 611840K, used 19480K [0x00000000d5580000, 0x0000000100000000, 0x0000000100000000)
  eden space 524800K, 0% used [0x00000000d5580000,0x00000000d5580000,0x00000000f5600000)
  from space 87040K, 22% used [0x00000000fab00000,0x00000000fbe06350,0x0000000100000000)
  to   space 87040K, 0% used [0x00000000f5600000,0x00000000f5600000,0x00000000fab00000)
 ParOldGen       total 900608K, used 13520K [0x0000000080000000, 0x00000000b6f80000, 0x00000000d5580000)
  object space 900608K, 1% used [0x0000000080000000,0x0000000080d34248,0x00000000b6f80000)
 Metaspace       used 34750K, capacity 35018K, committed 35416K, reserved 1081344K
  class space    used 4185K, capacity 4289K, committed 4352K, reserved 1048576K
Event: 4.499 GC heap after
Heap after GC invocations=4 (full 2):
 PSYoungGen      total 611840K, used 0K [0x00000000d5580000, 0x0000000100000000, 0x0000000100000000)
  eden space 524800K, 0% used [0x00000000d5580000,0x00000000d5580000,0x00000000f5600000)
  from space 87040K, 0% used [0x00000000fab00000,0x00000000fab00000,0x0000000100000000)
  to   space 87040K, 0% used [0x00000000f5600000,0x00000000f5600000,0x00000000fab00000)
 ParOldGen       total 1398272K, used 24285K [0x0000000080000000, 0x00000000d5580000, 0x00000000d5580000)
  object space 1398272K, 1% used [0x0000000080000000,0x00000000817b7648,0x00000000d5580000)
 Metaspace       used 34750K, capacity 35018K, committed 35416K, reserved 1081344K
  class space    used 4185K, capacity 4289K, committed 4352K, reserved 1048576K
}
Event: 7.626 GC heap before
{Heap before GC invocations=5 (full 2):
 PSYoungGen      total 611840K, used 524800K [0x00000000d5580000, 0x0000000100000000, 0x0000000100000000)
  eden space 524800K, 100% used [0x00000000d5580000,0x00000000f5600000,0x00000000f5600000)
  from space 87040K, 0% used [0x00000000fab00000,0x00000000fab00000,0x0000000100000000)
  to   space 87040K, 0% used [0x00000000f5600000,0x00000000f5600000,0x00000000fab00000)
 ParOldGen       total 1398272K, used 24285K [0x0000000080000000, 0x00000000d5580000, 0x00000000d5580000)
  object space 1398272K, 1% used [0x0000000080000000,0x00000000817b7648,0x00000000d5580000)
 Metaspace       used 49341K, capacity 50114K, committed 50432K, reserved 1093632K
  class space    used 5864K, capacity 6053K, committed 6144K, reserved 1048576K
Event: 7.675 GC heap after
Heap after GC invocations=5 (full 2):
 PSYoungGen      total 611840K, used 21411K [0x00000000d5580000, 0x0000000100000000, 0x0000000100000000)
  eden space 524800K, 0% used [0x00000000d5580000,0x00000000d5580000,0x00000000f5600000)
  from space 87040K, 24% used [0x00000000f5600000,0x00000000f6ae8c90,0x00000000fab00000)
  to   space 87040K, 0% used [0x00000000fab00000,0x00000000fab00000,0x0000000100000000)
 ParOldGen       total 1398272K, used 24293K [0x0000000080000000, 0x00000000d5580000, 0x00000000d5580000)
  object space 1398272K, 1% used [0x0000000080000000,0x00000000817b9648,0x00000000d5580000)
 Metaspace       used 49341K, capacity 50114K, committed 50432K, reserved 1093632K
  class space    used 5864K, capacity 6053K, committed 6144K, reserved 1048576K
}
Event: 11.765 GC heap before
{Heap before GC invocations=6 (full 2):
 PSYoungGen      total 611840K, used 328288K [0x00000000d5580000, 0x0000000100000000, 0x0000000100000000)
  eden space 524800K, 58% used [0x00000000d5580000,0x00000000e812f398,0x00000000f5600000)
  from space 87040K, 24% used [0x00000000f5600000,0x00000000f6ae8c90,0x00000000fab00000)
  to   space 87040K, 0% used [0x00000000fab00000,0x00000000fab00000,0x0000000100000000)
 ParOldGen       total 1398272K, used 24293K [0x0000000080000000, 0x00000000d5580000, 0x00000000d5580000)
  object space 1398272K, 1% used [0x0000000080000000,0x00000000817b9648,0x00000000d5580000)
 Metaspace       used 57848K, capacity 58964K, committed 59028K, reserved 1101824K
  class space    used 6942K, capacity 7166K, committed 7168K, reserved 1048576K
Event: 11.793 GC heap after
Heap after GC invocations=6 (full 2):
 PSYoungGen      total 611840K, used 20015K [0x00000000d5580000, 0x0000000100000000, 0x0000000100000000)
  eden space 524800K, 0% used [0x00000000d5580000,0x00000000d5580000,0x00000000f5600000)
  from space 87040K, 22% used [0x00000000fab00000,0x00000000fbe8bff8,0x0000000100000000)
  to   space 87040K, 0% used [0x00000000f5600000,0x00000000f5600000,0x00000000fab00000)
 ParOldGen       total 1398272K, used 24301K [0x0000000080000000, 0x00000000d5580000, 0x00000000d5580000)
  object space 1398272K, 1% used [0x0000000080000000,0x00000000817bb648,0x00000000d5580000)
 Metaspace       used 57848K, capacity 58964K, committed 59028K, reserved 1101824K
  class space    used 6942K, capacity 7166K, committed 7168K, reserved 1048576K
}
Event: 11.793 GC heap before
{Heap before GC invocations=7 (full 3):
 PSYoungGen      total 611840K, used 20015K [0x00000000d5580000, 0x0000000100000000, 0x0000000100000000)
  eden space 524800K, 0% used [0x00000000d5580000,0x00000000d5580000,0x00000000f5600000)
  from space 87040K, 22% used [0x00000000fab00000,0x00000000fbe8bff8,0x0000000100000000)
  to   space 87040K, 0% used [0x00000000f5600000,0x00000000f5600000,0x00000000fab00000)
 ParOldGen       total 1398272K, used 24301K [0x0000000080000000, 0x00000000d5580000, 0x00000000d5580000)
  object space 1398272K, 1% used [0x0000000080000000,0x00000000817bb648,0x00000000d5580000)
 Metaspace       used 57848K, capacity 58964K, committed 59028K, reserved 1101824K
  class space    used 6942K, capacity 7166K, committed 7168K, reserved 1048576K
Event: 12.041 GC heap after
Heap after GC invocations=7 (full 3):
 PSYoungGen      total 611840K, used 0K [0x00000000d5580000, 0x0000000100000000, 0x0000000100000000)
  eden space 524800K, 0% used [0x00000000d5580000,0x00000000d5580000,0x00000000f5600000)
  from space 87040K, 0% used [0x00000000fab00000,0x00000000fab00000,0x0000000100000000)
  to   space 87040K, 0% used [0x00000000f5600000,0x00000000f5600000,0x00000000fab00000)
 ParOldGen       total 1398272K, used 32552K [0x0000000080000000, 0x00000000d5580000, 0x00000000d5580000)
  object space 1398272K, 2% used [0x0000000080000000,0x0000000081fca3c0,0x00000000d5580000)
 Metaspace       used 57779K, capacity 58798K, committed 59028K, reserved 1101824K
  class space    used 6917K, capacity 7123K, committed 7168K, reserved 1048576K
}

