# JRE version: OpenJDK Runtime Environment (8.0_212-b04) (build 1.8.0_212-b04)
# Java VM: OpenJDK 64-Bit Server VM (25.212-b04 mixed mode linux-amd64 compressed oops)
Heap:
 PSYoungGen      total 540160K, used 103218K [0x00000000d5580000, 0x0000000100000000, 0x0000000100000000)
  eden space 457216K, 4% used [0x00000000d5580000,0x00000000d6976818,0x00000000f1400000)
  from space 82944K, 99% used [0x00000000f1400000,0x00000000f64d6108,0x00000000f6500000)
  to   space 126464K, 0% used [0x00000000f8480000,0x00000000f8480000,0x0000000100000000)
 ParOldGen       total 1398272K, used 83920K [0x0000000080000000, 0x00000000d5580000, 0x00000000d5580000)
  object space 1398272K, 6% used [0x0000000080000000,0x00000000851f4358,0x00000000d5580000)
 Metaspace       used 72691K, capacity 76338K, committed 76416K, reserved 1118208K
  class space    used 7890K, capacity 8539K, committed 8576K, reserved 1048576K
GC Heap History (10 events):
Event: 92.704 GC heap before
{Heap before GC invocations=8 (full 3):
 PSYoungGen      total 611840K, used 524800K [0x00000000d5580000, 0x0000000100000000, 0x0000000100000000)
  eden space 524800K, 100% used [0x00000000d5580000,0x00000000f5600000,0x00000000f5600000)
  from space 87040K, 0% used [0x00000000fab00000,0x00000000fab00000,0x0000000100000000)
  to   space 87040K, 0% used [0x00000000f5600000,0x00000000f5600000,0x00000000fab00000)
 ParOldGen       total 1398272K, used 25188K [0x0000000080000000, 0x00000000d5580000, 0x00000000d5580000)
  object space 1398272K, 1% used [0x0000000080000000,0x00000000818991e0,0x00000000d5580000)
 Metaspace       used 67197K, capacity 70106K, committed 70400K, reserved 1112064K
  class space    used 7631K, capacity 8137K, committed 8192K, reserved 1048576K
Event: 92.797 GC heap after
Heap after GC invocations=8 (full 3):
 PSYoungGen      total 570880K, used 45613K [0x00000000d5580000, 0x00000000fb700000, 0x0000000100000000)
  eden space 524800K, 0% used [0x00000000d5580000,0x00000000d5580000,0x00000000f5600000)
  from space 46080K, 98% used [0x00000000f5600000,0x00000000f828b7f0,0x00000000f8300000)
  to   space 49664K, 0% used [0x00000000f8680000,0x00000000f8680000,0x00000000fb700000)
 ParOldGen       total 1398272K, used 25196K [0x0000000080000000, 0x00000000d5580000, 0x00000000d5580000)
  object space 1398272K, 1% used [0x0000000080000000,0x000000008189b1e0,0x00000000d5580000)
 Metaspace       used 67197K, capacity 70106K, committed 70400K, reserved 1112064K
  class space    used 7631K, capacity 8137K, committed 8192K, reserved 1048576K
}
Event: 330.167 GC heap before
{Heap before GC invocations=9 (full 3):
 PSYoungGen      total 570880K, used 570413K [0x00000000d5580000, 0x00000000fb700000, 0x0000000100000000)
  eden space 524800K, 100% used [0x00000000d5580000,0x00000000f5600000,0x00000000f5600000)
  from space 46080K, 98% used [0x00000000f5600000,0x00000000f828b7f0,0x00000000f8300000)
  to   space 49664K, 0% used [0x00000000f8680000,0x00000000f8680000,0x00000000fb700000)
 ParOldGen       total 1398272K, used 25196K [0x0000000080000000, 0x00000000d5580000, 0x00000000d5580000)
  object space 1398272K, 1% used [0x0000000080000000,0x000000008189b1e0,0x00000000d5580000)
 Metaspace       used 69810K, capacity 72886K, committed 73088K, reserved 1114112K
  class space    used 7758K, capacity 8309K, committed 8320K, reserved 1048576K
Event: 330.374 GC heap after
Heap after GC invocations=9 (full 3):
 PSYoungGen      total 540672K, used 49635K [0x00000000d5580000, 0x0000000100000000, 0x0000000100000000)
  eden space 491008K, 0% used [0x00000000d5580000,0x00000000d5580000,0x00000000f3500000)
  from space 49664K, 99% used [0x00000000f8680000,0x00000000fb6f8f68,0x00000000fb700000)
  to   space 83456K, 0% used [0x00000000f3500000,0x00000000f3500000,0x00000000f8680000)
 ParOldGen       total 1398272K, used 67880K [0x0000000080000000, 0x00000000d5580000, 0x00000000d5580000)
  object space 1398272K, 4% used [0x0000000080000000,0x000000008424a1a8,0x00000000d5580000)
 Metaspace       used 69810K, capacity 72886K, committed 73088K, reserved 1114112K
  class space    used 7758K, capacity 8309K, committed 8320K, reserved 1048576K
}
Event: 557.461 GC heap before
{Heap before GC invocations=10 (full 3):
 PSYoungGen      total 540672K, used 540643K [0x00000000d5580000, 0x0000000100000000, 0x0000000100000000)
  eden space 491008K, 100% used [0x00000000d5580000,0x00000000f3500000,0x00000000f3500000)
  from space 49664K, 99% used [0x00000000f8680000,0x00000000fb6f8f68,0x00000000fb700000)
  to   space 83456K, 0% used [0x00000000f3500000,0x00000000f3500000,0x00000000f8680000)
 ParOldGen       total 1398272K, used 67880K [0x0000000080000000, 0x00000000d5580000, 0x00000000d5580000)
  object space 1398272K, 4% used [0x0000000080000000,0x000000008424a1a8,0x00000000d5580000)
 Metaspace       used 70701K, capacity 74046K, committed 74240K, reserved 1116160K
  class space    used 7803K, capacity 8381K, committed 8448K, reserved 1048576K
Event: 557.662 GC heap after
Heap after GC invocations=10 (full 3):
 PSYoungGen      total 574464K, used 83430K [0x00000000d5580000, 0x0000000100000000, 0x0000000100000000)
  eden space 491008K, 0% used [0x00000000d5580000,0x00000000d5580000,0x00000000f3500000)
  from space 83456K, 99% used [0x00000000f3500000,0x00000000f8679b98,0x00000000f8680000)
  to   space 109056K, 0% used [0x00000000f9580000,0x00000000f9580000,0x0000000100000000)
 ParOldGen       total 1398272K, used 83904K [0x0000000080000000, 0x00000000d5580000, 0x00000000d5580000)
  object space 1398272K, 6% used [0x0000000080000000,0x00000000851f0358,0x00000000d5580000)
 Metaspace       used 70701K, capacity 74046K, committed 74240K, reserved 1116160K
  class space    used 7803K, capacity 8381K, committed 8448K, reserved 1048576K
}
Event: 643.723 GC heap before
{Heap before GC invocations=11 (full 3):
 PSYoungGen      total 574464K, used 574438K [0x00000000d5580000, 0x0000000100000000, 0x0000000100000000)
  eden space 491008K, 100% used [0x00000000d5580000,0x00000000f3500000,0x00000000f3500000)
  from space 83456K, 99% used [0x00000000f3500000,0x00000000f8679b98,0x00000000f8680000)
  to   space 109056K, 0% used [0x00000000f9580000,0x00000000f9580000,0x0000000100000000)
 ParOldGen       total 1398272K, used 83904K [0x0000000080000000, 0x00000000d5580000, 0x00000000d5580000)
  object space 1398272K, 6% used [0x0000000080000000,0x00000000851f0358,0x00000000d5580000)
 Metaspace       used 72155K, capacity 75820K, committed 75904K, reserved 1116160K
  class space    used 7884K, capacity 8530K, committed 8576K, reserved 1048576K
Event: 643.928 GC heap after
Heap after GC invocations=11 (full 3):
 PSYoungGen      total 566272K, used 90068K [0x00000000d5580000, 0x0000000100000000, 0x0000000100000000)
  eden space 457216K, 0% used [0x00000000d5580000,0x00000000d5580000,0x00000000f1400000)
  from space 109056K, 82% used [0x00000000f9580000,0x00000000fed75318,0x0000000100000000)
  to   space 120832K, 0% used [0x00000000f1400000,0x00000000f1400000,0x00000000f8a00000)
 ParOldGen       total 1398272K, used 83912K [0x0000000080000000, 0x00000000d5580000, 0x00000000d5580000)
  object space 1398272K, 6% used [0x0000000080000000,0x00000000851f2358,0x00000000d5580000)
 Metaspace       used 72155K, capacity 75820K, committed 75904K, reserved 1116160K
  class space    used 7884K, capacity 8530K, committed 8576K, reserved 1048576K
}
Event: 702.856 GC heap before
{Heap before GC invocations=12 (full 3):
 PSYoungGen      total 566272K, used 547284K [0x00000000d5580000, 0x0000000100000000, 0x0000000100000000)
  eden space 457216K, 100% used [0x00000000d5580000,0x00000000f1400000,0x00000000f1400000)
  from space 109056K, 82% used [0x00000000f9580000,0x00000000fed75318,0x0000000100000000)
  to   space 120832K, 0% used [0x00000000f1400000,0x00000000f1400000,0x00000000f8a00000)
 ParOldGen       total 1398272K, used 83912K [0x0000000080000000, 0x00000000d5580000, 0x00000000d5580000)
  object space 1398272K, 6% used [0x0000000080000000,0x00000000851f2358,0x00000000d5580000)
 Metaspace       used 72624K, capacity 76332K, committed 76416K, reserved 1118208K
  class space    used 7889K, capacity 8538K, committed 8576K, reserved 1048576K
Event: 703.028 GC heap after
Heap after GC invocations=12 (full 3):
 PSYoungGen      total 540160K, used 82776K [0x00000000d5580000, 0x0000000100000000, 0x0000000100000000)
  eden space 457216K, 0% used [0x00000000d5580000,0x00000000d5580000,0x00000000f1400000)
  from space 82944K, 99% used [0x00000000f1400000,0x00000000f64d6108,0x00000000f6500000)
  to   space 126464K, 0% used [0x00000000f8480000,0x00000000f8480000,0x0000000100000000)
 ParOldGen       total 1398272K, used 83920K [0x0000000080000000, 0x00000000d5580000, 0x00000000d5580000)
  object space 1398272K, 6% used [0x0000000080000000,0x00000000851f4358,0x00000000d5580000)
 Metaspace       used 72624K, capacity 76332K, committed 76416K, reserved 1118208K
  class space    used 7889K, capacity 8538K, committed 8576K, reserved 1048576K
}

