# JRE version: OpenJDK Runtime Environment (8.0_212-b04) (build 1.8.0_212-b04)
# Java VM: OpenJDK 64-Bit Server VM (25.212-b04 mixed mode linux-amd64 compressed oops)
Heap:
 PSYoungGen      total 611840K, used 363765K [0x00000000d5580000, 0x0000000100000000, 0x0000000100000000)
  eden space 524800K, 69% used [0x00000000d5580000,0x00000000eb8bd720,0x00000000f5600000)
  from space 87040K, 0% used [0x00000000fab00000,0x00000000fab00000,0x0000000100000000)
  to   space 87040K, 0% used [0x00000000f5600000,0x00000000f5600000,0x00000000fab00000)
 ParOldGen       total 1398272K, used 33428K [0x0000000080000000, 0x00000000d5580000, 0x00000000d5580000)
  object space 1398272K, 2% used [0x0000000080000000,0x00000000820a53b0,0x00000000d5580000)
 Metaspace       used 64294K, capacity 67018K, committed 67072K, reserved 1107968K
  class space    used 7406K, capacity 7893K, committed 7936K, reserved 1048576K
GC Heap History (10 events):
Event: 4.392 GC heap before
{Heap before GC invocations=3 (full 1):
 PSYoungGen      total 611840K, used 434547K [0x00000000d5580000, 0x0000000100000000, 0x0000000100000000)
  eden space 524800K, 82% used [0x00000000d5580000,0x00000000efddce50,0x00000000f5600000)
  from space 87040K, 0% used [0x00000000f5600000,0x00000000f5600000,0x00000000fab00000)
  to   space 87040K, 0% used [0x00000000fab00000,0x00000000fab00000,0x0000000100000000)
 ParOldGen       total 849408K, used 13756K [0x0000000080000000, 0x00000000b3d80000, 0x00000000d5580000)
  object space 849408K, 1% used [0x0000000080000000,0x0000000080d6f110,0x00000000b3d80000)
 Metaspace       used 34835K, capacity 35188K, committed 35416K, reserved 1081344K
  class space    used 3967K, capacity 4092K, committed 4096K, reserved 1048576K
Event: 4.422 GC heap after
Heap after GC invocations=3 (full 1):
 PSYoungGen      total 611840K, used 19122K [0x00000000d5580000, 0x0000000100000000, 0x0000000100000000)
  eden space 524800K, 0% used [0x00000000d5580000,0x00000000d5580000,0x00000000f5600000)
  from space 87040K, 21% used [0x00000000fab00000,0x00000000fbdaca08,0x0000000100000000)
  to   space 87040K, 0% used [0x00000000f5600000,0x00000000f5600000,0x00000000fab00000)
 ParOldGen       total 849408K, used 13756K [0x0000000080000000, 0x00000000b3d80000, 0x00000000d5580000)
  object space 849408K, 1% used [0x0000000080000000,0x0000000080d6f110,0x00000000b3d80000)
 Metaspace       used 34835K, capacity 35188K, committed 35416K, reserved 1081344K
  class space    used 3967K, capacity 4092K, committed 4096K, reserved 1048576K
}
Event: 4.422 GC heap before
{Heap before GC invocations=4 (full 2):
 PSYoungGen      total 611840K, used 19122K [0x00000000d5580000, 0x0000000100000000, 0x0000000100000000)
  eden space 524800K, 0% used [0x00000000d5580000,0x00000000d5580000,0x00000000f5600000)
  from space 87040K, 21% used [0x00000000fab00000,0x00000000fbdaca08,0x0000000100000000)
  to   space 87040K, 0% used [0x00000000f5600000,0x00000000f5600000,0x00000000fab00000)
 ParOldGen       total 849408K, used 13756K [0x0000000080000000, 0x00000000b3d80000, 0x00000000d5580000)
  object space 849408K, 1% used [0x0000000080000000,0x0000000080d6f110,0x00000000b3d80000)
 Metaspace       used 34835K, capacity 35188K, committed 35416K, reserved 1081344K
  class space    used 3967K, capacity 4092K, committed 4096K, reserved 1048576K
Event: 4.510 GC heap after
Heap after GC invocations=4 (full 2):
 PSYoungGen      total 611840K, used 0K [0x00000000d5580000, 0x0000000100000000, 0x0000000100000000)
  eden space 524800K, 0% used [0x00000000d5580000,0x00000000d5580000,0x00000000f5600000)
  from space 87040K, 0% used [0x00000000fab00000,0x00000000fab00000,0x0000000100000000)
  to   space 87040K, 0% used [0x00000000f5600000,0x00000000f5600000,0x00000000fab00000)
 ParOldGen       total 1398272K, used 23537K [0x0000000080000000, 0x00000000d5580000, 0x00000000d5580000)
  object space 1398272K, 1% used [0x0000000080000000,0x00000000816fc790,0x00000000d5580000)
 Metaspace       used 34835K, capacity 35188K, committed 35416K, reserved 1081344K
  class space    used 3967K, capacity 4092K, committed 4096K, reserved 1048576K
}
Event: 10.464 GC heap before
{Heap before GC invocations=5 (full 2):
 PSYoungGen      total 611840K, used 524800K [0x00000000d5580000, 0x0000000100000000, 0x0000000100000000)
  eden space 524800K, 100% used [0x00000000d5580000,0x00000000f5600000,0x00000000f5600000)
  from space 87040K, 0% used [0x00000000fab00000,0x00000000fab00000,0x0000000100000000)
  to   space 87040K, 0% used [0x00000000f5600000,0x00000000f5600000,0x00000000fab00000)
 ParOldGen       total 1398272K, used 23537K [0x0000000080000000, 0x00000000d5580000, 0x00000000d5580000)
  object space 1398272K, 1% used [0x0000000080000000,0x00000000816fc790,0x00000000d5580000)
 Metaspace       used 51300K, capacity 52666K, committed 52992K, reserved 1095680K
  class space    used 6040K, capacity 6283K, committed 6400K, reserved 1048576K
Event: 10.520 GC heap after
Heap after GC invocations=5 (full 2):
 PSYoungGen      total 611840K, used 24860K [0x00000000d5580000, 0x0000000100000000, 0x0000000100000000)
  eden space 524800K, 0% used [0x00000000d5580000,0x00000000d5580000,0x00000000f5600000)
  from space 87040K, 28% used [0x00000000f5600000,0x00000000f6e47308,0x00000000fab00000)
  to   space 87040K, 0% used [0x00000000fab00000,0x00000000fab00000,0x0000000100000000)
 ParOldGen       total 1398272K, used 23545K [0x0000000080000000, 0x00000000d5580000, 0x00000000d5580000)
  object space 1398272K, 1% used [0x0000000080000000,0x00000000816fe790,0x00000000d5580000)
 Metaspace       used 51300K, capacity 52666K, committed 52992K, reserved 1095680K
  class space    used 6040K, capacity 6283K, committed 6400K, reserved 1048576K
}
Event: 11.707 GC heap before
{Heap before GC invocations=6 (full 2):
 PSYoungGen      total 611840K, used 170909K [0x00000000d5580000, 0x0000000100000000, 0x0000000100000000)
  eden space 524800K, 27% used [0x00000000d5580000,0x00000000de4204a0,0x00000000f5600000)
  from space 87040K, 28% used [0x00000000f5600000,0x00000000f6e47308,0x00000000fab00000)
  to   space 87040K, 0% used [0x00000000fab00000,0x00000000fab00000,0x0000000100000000)
 ParOldGen       total 1398272K, used 23545K [0x0000000080000000, 0x00000000d5580000, 0x00000000d5580000)
  object space 1398272K, 1% used [0x0000000080000000,0x00000000816fe790,0x00000000d5580000)
 Metaspace       used 57140K, capacity 58812K, committed 59008K, reserved 1101824K
  class space    used 6604K, capacity 6922K, committed 7040K, reserved 1048576K
Event: 11.742 GC heap after
Heap after GC invocations=6 (full 2):
 PSYoungGen      total 611840K, used 21984K [0x00000000d5580000, 0x0000000100000000, 0x0000000100000000)
  eden space 524800K, 0% used [0x00000000d5580000,0x00000000d5580000,0x00000000f5600000)
  from space 87040K, 25% used [0x00000000fab00000,0x00000000fc0782c8,0x0000000100000000)
  to   space 87040K, 0% used [0x00000000f5600000,0x00000000f5600000,0x00000000fab00000)
 ParOldGen       total 1398272K, used 23553K [0x0000000080000000, 0x00000000d5580000, 0x00000000d5580000)
  object space 1398272K, 1% used [0x0000000080000000,0x0000000081700790,0x00000000d5580000)
 Metaspace       used 57140K, capacity 58812K, committed 59008K, reserved 1101824K
  class space    used 6604K, capacity 6922K, committed 7040K, reserved 1048576K
}
Event: 11.742 GC heap before
{Heap before GC invocations=7 (full 3):
 PSYoungGen      total 611840K, used 21984K [0x00000000d5580000, 0x0000000100000000, 0x0000000100000000)
  eden space 524800K, 0% used [0x00000000d5580000,0x00000000d5580000,0x00000000f5600000)
  from space 87040K, 25% used [0x00000000fab00000,0x00000000fc0782c8,0x0000000100000000)
  to   space 87040K, 0% used [0x00000000f5600000,0x00000000f5600000,0x00000000fab00000)
 ParOldGen       total 1398272K, used 23553K [0x0000000080000000, 0x00000000d5580000, 0x00000000d5580000)
  object space 1398272K, 1% used [0x0000000080000000,0x0000000081700790,0x00000000d5580000)
 Metaspace       used 57140K, capacity 58812K, committed 59008K, reserved 1101824K
  class space    used 6604K, capacity 6922K, committed 7040K, reserved 1048576K
Event: 12.018 GC heap after
Heap after GC invocations=7 (full 3):
 PSYoungGen      total 611840K, used 0K [0x00000000d5580000, 0x0000000100000000, 0x0000000100000000)
  eden space 524800K, 0% used [0x00000000d5580000,0x00000000d5580000,0x00000000f5600000)
  from space 87040K, 0% used [0x00000000fab00000,0x00000000fab00000,0x0000000100000000)
  to   space 87040K, 0% used [0x00000000f5600000,0x00000000f5600000,0x00000000fab00000)
 ParOldGen       total 1398272K, used 33428K [0x0000000080000000, 0x00000000d5580000, 0x00000000d5580000)
  object space 1398272K, 2% used [0x0000000080000000,0x00000000820a53b0,0x00000000d5580000)
 Metaspace       used 57072K, capacity 58628K, committed 59008K, reserved 1101824K
  class space    used 6580K, capacity 6880K, committed 7040K, reserved 1048576K
}

