# JRE version: OpenJDK Runtime Environment (8.0_212-b04) (build 1.8.0_212-b04)
# Java VM: OpenJDK 64-Bit Server VM (25.212-b04 mixed mode linux-amd64 compressed oops)
Heap:
 PSYoungGen      total 553472K, used 377282K [0x00000000d5580000, 0x00000000fab80000, 0x0000000100000000)
  eden space 524800K, 66% used [0x00000000d5580000,0x00000000eaa2dbc8,0x00000000f5600000)
  from space 28672K, 99% used [0x00000000f5600000,0x00000000f71c2ee8,0x00000000f7200000)
  to   space 34304K, 0% used [0x00000000f8a00000,0x00000000f8a00000,0x00000000fab80000)
 ParOldGen       total 1398272K, used 24864K [0x0000000080000000, 0x00000000d5580000, 0x00000000d5580000)
  object space 1398272K, 1% used [0x0000000080000000,0x0000000081848358,0x00000000d5580000)
 Metaspace       used 67502K, capacity 70558K, committed 70784K, reserved 1112064K
  class space    used 7684K, capacity 8241K, committed 8320K, reserved 1048576K
GC Heap History (10 events):
Event: 4.704 GC heap before
{Heap before GC invocations=4 (full 2):
 PSYoungGen      total 611840K, used 19281K [0x00000000d5580000, 0x0000000100000000, 0x0000000100000000)
  eden space 524800K, 0% used [0x00000000d5580000,0x00000000d5580000,0x00000000f5600000)
  from space 87040K, 22% used [0x00000000fab00000,0x00000000fbdd44e0,0x0000000100000000)
  to   space 87040K, 0% used [0x00000000f5600000,0x00000000f5600000,0x00000000fab00000)
 ParOldGen       total 857600K, used 14280K [0x0000000080000000, 0x00000000b4580000, 0x00000000d5580000)
  object space 857600K, 1% used [0x0000000080000000,0x0000000080df2258,0x00000000b4580000)
 Metaspace       used 34818K, capacity 35156K, committed 35416K, reserved 1081344K
  class space    used 3961K, capacity 4060K, committed 4096K, reserved 1048576K
Event: 4.796 GC heap after
Heap after GC invocations=4 (full 2):
 PSYoungGen      total 611840K, used 0K [0x00000000d5580000, 0x0000000100000000, 0x0000000100000000)
  eden space 524800K, 0% used [0x00000000d5580000,0x00000000d5580000,0x00000000f5600000)
  from space 87040K, 0% used [0x00000000fab00000,0x00000000fab00000,0x0000000100000000)
  to   space 87040K, 0% used [0x00000000f5600000,0x00000000f5600000,0x00000000fab00000)
 ParOldGen       total 1398272K, used 23771K [0x0000000080000000, 0x00000000d5580000, 0x00000000d5580000)
  object space 1398272K, 1% used [0x0000000080000000,0x0000000081736f78,0x00000000d5580000)
 Metaspace       used 34818K, capacity 35156K, committed 35416K, reserved 1081344K
  class space    used 3961K, capacity 4060K, committed 4096K, reserved 1048576K
}
Event: 11.471 GC heap before
{Heap before GC invocations=5 (full 2):
 PSYoungGen      total 611840K, used 524800K [0x00000000d5580000, 0x0000000100000000, 0x0000000100000000)
  eden space 524800K, 100% used [0x00000000d5580000,0x00000000f5600000,0x00000000f5600000)
  from space 87040K, 0% used [0x00000000fab00000,0x00000000fab00000,0x0000000100000000)
  to   space 87040K, 0% used [0x00000000f5600000,0x00000000f5600000,0x00000000fab00000)
 ParOldGen       total 1398272K, used 23771K [0x0000000080000000, 0x00000000d5580000, 0x00000000d5580000)
  object space 1398272K, 1% used [0x0000000080000000,0x0000000081736f78,0x00000000d5580000)
 Metaspace       used 55450K, capacity 56860K, committed 56960K, reserved 1099776K
  class space    used 6444K, capacity 6690K, committed 6784K, reserved 1048576K
Event: 11.539 GC heap after
Heap after GC invocations=5 (full 2):
 PSYoungGen      total 611840K, used 27516K [0x00000000d5580000, 0x0000000100000000, 0x0000000100000000)
  eden space 524800K, 0% used [0x00000000d5580000,0x00000000d5580000,0x00000000f5600000)
  from space 87040K, 31% used [0x00000000f5600000,0x00000000f70df080,0x00000000fab00000)
  to   space 87040K, 0% used [0x00000000fab00000,0x00000000fab00000,0x0000000100000000)
 ParOldGen       total 1398272K, used 23779K [0x0000000080000000, 0x00000000d5580000, 0x00000000d5580000)
  object space 1398272K, 1% used [0x0000000080000000,0x0000000081738f78,0x00000000d5580000)
 Metaspace       used 55450K, capacity 56860K, committed 56960K, reserved 1099776K
  class space    used 6444K, capacity 6690K, committed 6784K, reserved 1048576K
}
Event: 11.869 GC heap before
{Heap before GC invocations=6 (full 2):
 PSYoungGen      total 611840K, used 98862K [0x00000000d5580000, 0x0000000100000000, 0x0000000100000000)
  eden space 524800K, 13% used [0x00000000d5580000,0x00000000d9b2c9b8,0x00000000f5600000)
  from space 87040K, 31% used [0x00000000f5600000,0x00000000f70df080,0x00000000fab00000)
  to   space 87040K, 0% used [0x00000000fab00000,0x00000000fab00000,0x0000000100000000)
 ParOldGen       total 1398272K, used 23779K [0x0000000080000000, 0x00000000d5580000, 0x00000000d5580000)
  object space 1398272K, 1% used [0x0000000080000000,0x0000000081738f78,0x00000000d5580000)
 Metaspace       used 57455K, capacity 58848K, committed 59008K, reserved 1101824K
  class space    used 6651K, capacity 6922K, committed 7040K, reserved 1048576K
Event: 11.891 GC heap after
Heap after GC invocations=6 (full 2):
 PSYoungGen      total 611840K, used 12737K [0x00000000d5580000, 0x0000000100000000, 0x0000000100000000)
  eden space 524800K, 0% used [0x00000000d5580000,0x00000000d5580000,0x00000000f5600000)
  from space 87040K, 14% used [0x00000000fab00000,0x00000000fb770510,0x0000000100000000)
  to   space 87040K, 0% used [0x00000000f5600000,0x00000000f5600000,0x00000000fab00000)
 ParOldGen       total 1398272K, used 23779K [0x0000000080000000, 0x00000000d5580000, 0x00000000d5580000)
  object space 1398272K, 1% used [0x0000000080000000,0x0000000081738f78,0x00000000d5580000)
 Metaspace       used 57455K, capacity 58848K, committed 59008K, reserved 1101824K
  class space    used 6651K, capacity 6922K, committed 7040K, reserved 1048576K
}
Event: 11.891 GC heap before
{Heap before GC invocations=7 (full 3):
 PSYoungGen      total 611840K, used 12737K [0x00000000d5580000, 0x0000000100000000, 0x0000000100000000)
  eden space 524800K, 0% used [0x00000000d5580000,0x00000000d5580000,0x00000000f5600000)
  from space 87040K, 14% used [0x00000000fab00000,0x00000000fb770510,0x0000000100000000)
  to   space 87040K, 0% used [0x00000000f5600000,0x00000000f5600000,0x00000000fab00000)
 ParOldGen       total 1398272K, used 23779K [0x0000000080000000, 0x00000000d5580000, 0x00000000d5580000)
  object space 1398272K, 1% used [0x0000000080000000,0x0000000081738f78,0x00000000d5580000)
 Metaspace       used 57455K, capacity 58848K, committed 59008K, reserved 1101824K
  class space    used 6651K, capacity 6922K, committed 7040K, reserved 1048576K
Event: 12.150 GC heap after
Heap after GC invocations=7 (full 3):
 PSYoungGen      total 611840K, used 0K [0x00000000d5580000, 0x0000000100000000, 0x0000000100000000)
  eden space 524800K, 0% used [0x00000000d5580000,0x00000000d5580000,0x00000000f5600000)
  from space 87040K, 0% used [0x00000000fab00000,0x00000000fab00000,0x0000000100000000)
  to   space 87040K, 0% used [0x00000000f5600000,0x00000000f5600000,0x00000000fab00000)
 ParOldGen       total 1398272K, used 24856K [0x0000000080000000, 0x00000000d5580000, 0x00000000d5580000)
  object space 1398272K, 1% used [0x0000000080000000,0x0000000081846358,0x00000000d5580000)
 Metaspace       used 57431K, capacity 58786K, committed 59008K, reserved 1101824K
  class space    used 6642K, capacity 6907K, committed 7040K, reserved 1048576K
}
Event: 57.338 GC heap before
{Heap before GC invocations=8 (full 3):
 PSYoungGen      total 611840K, used 524800K [0x00000000d5580000, 0x0000000100000000, 0x0000000100000000)
  eden space 524800K, 100% used [0x00000000d5580000,0x00000000f5600000,0x00000000f5600000)
  from space 87040K, 0% used [0x00000000fab00000,0x00000000fab00000,0x0000000100000000)
  to   space 87040K, 0% used [0x00000000f5600000,0x00000000f5600000,0x00000000fab00000)
 ParOldGen       total 1398272K, used 24856K [0x0000000080000000, 0x00000000d5580000, 0x00000000d5580000)
  object space 1398272K, 1% used [0x0000000080000000,0x0000000081846358,0x00000000d5580000)
 Metaspace       used 62272K, capacity 64558K, committed 64768K, reserved 1105920K
  class space    used 7174K, capacity 7585K, committed 7680K, reserved 1048576K
Event: 57.414 GC heap after
Heap after GC invocations=8 (full 3):
 PSYoungGen      total 553472K, used 28427K [0x00000000d5580000, 0x00000000fab80000, 0x0000000100000000)
  eden space 524800K, 0% used [0x00000000d5580000,0x00000000d5580000,0x00000000f5600000)
  from space 28672K, 99% used [0x00000000f5600000,0x00000000f71c2ee8,0x00000000f7200000)
  to   space 34304K, 0% used [0x00000000f8a00000,0x00000000f8a00000,0x00000000fab80000)
 ParOldGen       total 1398272K, used 24864K [0x0000000080000000, 0x00000000d5580000, 0x00000000d5580000)
  object space 1398272K, 1% used [0x0000000080000000,0x0000000081848358,0x00000000d5580000)
 Metaspace       used 62272K, capacity 64558K, committed 64768K, reserved 1105920K
  class space    used 7174K, capacity 7585K, committed 7680K, reserved 1048576K
}

