# JRE version: OpenJDK Runtime Environment (8.0_212-b04) (build 1.8.0_212-b04)
# Java VM: OpenJDK 64-Bit Server VM (25.212-b04 mixed mode linux-amd64 compressed oops)
Heap:
 PSYoungGen      total 609792K, used 499024K [0x00000000d5580000, 0x0000000100000000, 0x0000000100000000)
  eden space 520704K, 78% used [0x00000000d5580000,0x00000000ee5d9e40,0x00000000f5200000)
  from space 89088K, 99% used [0x00000000f5200000,0x00000000fa8fa3c8,0x00000000fa900000)
  to   space 89088K, 0% used [0x00000000fa900000,0x00000000fa900000,0x0000000100000000)
 ParOldGen       total 1398272K, used 72064K [0x0000000080000000, 0x00000000d5580000, 0x00000000d5580000)
  object space 1398272K, 5% used [0x0000000080000000,0x00000000846603e0,0x00000000d5580000)
 Metaspace       used 70242K, capacity 73534K, committed 73728K, reserved 1114112K
  class space    used 7721K, capacity 8333K, committed 8448K, reserved 1048576K
GC Heap History (10 events):
Event: 14.485 GC heap before
{Heap before GC invocations=6 (full 2):
 PSYoungGen      total 611840K, used 175766K [0x00000000d5580000, 0x0000000100000000, 0x0000000100000000)
  eden space 524800K, 28% used [0x00000000d5580000,0x00000000de7f44a8,0x00000000f5600000)
  from space 87040K, 29% used [0x00000000f5600000,0x00000000f6f31650,0x00000000fab00000)
  to   space 87040K, 0% used [0x00000000fab00000,0x00000000fab00000,0x0000000100000000)
 ParOldGen       total 1398272K, used 23628K [0x0000000080000000, 0x00000000d5580000, 0x00000000d5580000)
  object space 1398272K, 1% used [0x0000000080000000,0x00000000817133b8,0x00000000d5580000)
 Metaspace       used 57270K, capacity 58862K, committed 59008K, reserved 1101824K
  class space    used 6630K, capacity 6939K, committed 7040K, reserved 1048576K
Event: 14.511 GC heap after
Heap after GC invocations=6 (full 2):
 PSYoungGen      total 611840K, used 20356K [0x00000000d5580000, 0x0000000100000000, 0x0000000100000000)
  eden space 524800K, 0% used [0x00000000d5580000,0x00000000d5580000,0x00000000f5600000)
  from space 87040K, 23% used [0x00000000fab00000,0x00000000fbee1278,0x0000000100000000)
  to   space 87040K, 0% used [0x00000000f5600000,0x00000000f5600000,0x00000000fab00000)
 ParOldGen       total 1398272K, used 23636K [0x0000000080000000, 0x00000000d5580000, 0x00000000d5580000)
  object space 1398272K, 1% used [0x0000000080000000,0x00000000817153b8,0x00000000d5580000)
 Metaspace       used 57270K, capacity 58862K, committed 59008K, reserved 1101824K
  class space    used 6630K, capacity 6939K, committed 7040K, reserved 1048576K
}
Event: 14.511 GC heap before
{Heap before GC invocations=7 (full 3):
 PSYoungGen      total 611840K, used 20356K [0x00000000d5580000, 0x0000000100000000, 0x0000000100000000)
  eden space 524800K, 0% used [0x00000000d5580000,0x00000000d5580000,0x00000000f5600000)
  from space 87040K, 23% used [0x00000000fab00000,0x00000000fbee1278,0x0000000100000000)
  to   space 87040K, 0% used [0x00000000f5600000,0x00000000f5600000,0x00000000fab00000)
 ParOldGen       total 1398272K, used 23636K [0x0000000080000000, 0x00000000d5580000, 0x00000000d5580000)
  object space 1398272K, 1% used [0x0000000080000000,0x00000000817153b8,0x00000000d5580000)
 Metaspace       used 57270K, capacity 58862K, committed 59008K, reserved 1101824K
  class space    used 6630K, capacity 6939K, committed 7040K, reserved 1048576K
Event: 14.772 GC heap after
Heap after GC invocations=7 (full 3):
 PSYoungGen      total 611840K, used 0K [0x00000000d5580000, 0x0000000100000000, 0x0000000100000000)
  eden space 524800K, 0% used [0x00000000d5580000,0x00000000d5580000,0x00000000f5600000)
  from space 87040K, 0% used [0x00000000fab00000,0x00000000fab00000,0x0000000100000000)
  to   space 87040K, 0% used [0x00000000f5600000,0x00000000f5600000,0x00000000fab00000)
 ParOldGen       total 1398272K, used 31842K [0x0000000080000000, 0x00000000d5580000, 0x00000000d5580000)
  object space 1398272K, 2% used [0x0000000080000000,0x0000000081f18bc0,0x00000000d5580000)
 Metaspace       used 57199K, capacity 58674K, committed 59008K, reserved 1101824K
  class space    used 6606K, capacity 6895K, committed 7040K, reserved 1048576K
}
Event: 48.354 GC heap before
{Heap before GC invocations=8 (full 3):
 PSYoungGen      total 611840K, used 524800K [0x00000000d5580000, 0x0000000100000000, 0x0000000100000000)
  eden space 524800K, 100% used [0x00000000d5580000,0x00000000f5600000,0x00000000f5600000)
  from space 87040K, 0% used [0x00000000fab00000,0x00000000fab00000,0x0000000100000000)
  to   space 87040K, 0% used [0x00000000f5600000,0x00000000f5600000,0x00000000fab00000)
 ParOldGen       total 1398272K, used 31842K [0x0000000080000000, 0x00000000d5580000, 0x00000000d5580000)
  object space 1398272K, 2% used [0x0000000080000000,0x0000000081f18bc0,0x00000000d5580000)
 Metaspace       used 65645K, capacity 68210K, committed 68480K, reserved 1110016K
  class space    used 7468K, capacity 7945K, committed 8064K, reserved 1048576K
Event: 48.553 GC heap after
Heap after GC invocations=8 (full 3):
 PSYoungGen      total 610816K, used 85796K [0x00000000d5580000, 0x00000000fdf00000, 0x0000000100000000)
  eden space 524800K, 0% used [0x00000000d5580000,0x00000000d5580000,0x00000000f5600000)
  from space 86016K, 99% used [0x00000000f5600000,0x00000000fa9c9358,0x00000000faa00000)
  to   space 54272K, 0% used [0x00000000faa00000,0x00000000faa00000,0x00000000fdf00000)
 ParOldGen       total 1398272K, used 31850K [0x0000000080000000, 0x00000000d5580000, 0x00000000d5580000)
  object space 1398272K, 2% used [0x0000000080000000,0x0000000081f1abc0,0x00000000d5580000)
 Metaspace       used 65645K, capacity 68210K, committed 68480K, reserved 1110016K
  class space    used 7468K, capacity 7945K, committed 8064K, reserved 1048576K
}
Event: 99.265 GC heap before
{Heap before GC invocations=9 (full 3):
 PSYoungGen      total 610816K, used 610596K [0x00000000d5580000, 0x00000000fdf00000, 0x0000000100000000)
  eden space 524800K, 100% used [0x00000000d5580000,0x00000000f5600000,0x00000000f5600000)
  from space 86016K, 99% used [0x00000000f5600000,0x00000000fa9c9358,0x00000000faa00000)
  to   space 54272K, 0% used [0x00000000faa00000,0x00000000faa00000,0x00000000fdf00000)
 ParOldGen       total 1398272K, used 31850K [0x0000000080000000, 0x00000000d5580000, 0x00000000d5580000)
  object space 1398272K, 2% used [0x0000000080000000,0x0000000081f1abc0,0x00000000d5580000)
 Metaspace       used 68144K, capacity 70928K, committed 71168K, reserved 1112064K
  class space    used 7620K, capacity 8110K, committed 8192K, reserved 1048576K
Event: 99.444 GC heap after
Heap after GC invocations=9 (full 3):
 PSYoungGen      total 574976K, used 54259K [0x00000000d5580000, 0x0000000100000000, 0x0000000100000000)
  eden space 520704K, 0% used [0x00000000d5580000,0x00000000d5580000,0x00000000f5200000)
  from space 54272K, 99% used [0x00000000faa00000,0x00000000fdefcca8,0x00000000fdf00000)
  to   space 89088K, 0% used [0x00000000f5200000,0x00000000f5200000,0x00000000fa900000)
 ParOldGen       total 1398272K, used 54624K [0x0000000080000000, 0x00000000d5580000, 0x00000000d5580000)
  object space 1398272K, 3% used [0x0000000080000000,0x0000000083558140,0x00000000d5580000)
 Metaspace       used 68144K, capacity 70928K, committed 71168K, reserved 1112064K
  class space    used 7620K, capacity 8110K, committed 8192K, reserved 1048576K
}
Event: 156.859 GC heap before
{Heap before GC invocations=10 (full 3):
 PSYoungGen      total 574976K, used 574963K [0x00000000d5580000, 0x0000000100000000, 0x0000000100000000)
  eden space 520704K, 100% used [0x00000000d5580000,0x00000000f5200000,0x00000000f5200000)
  from space 54272K, 99% used [0x00000000faa00000,0x00000000fdefcca8,0x00000000fdf00000)
  to   space 89088K, 0% used [0x00000000f5200000,0x00000000f5200000,0x00000000fa900000)
 ParOldGen       total 1398272K, used 54624K [0x0000000080000000, 0x00000000d5580000, 0x00000000d5580000)
  object space 1398272K, 3% used [0x0000000080000000,0x0000000083558140,0x00000000d5580000)
 Metaspace       used 69398K, capacity 72508K, committed 72832K, reserved 1114112K
  class space    used 7673K, capacity 8208K, committed 8320K, reserved 1048576K
Event: 157.078 GC heap after
Heap after GC invocations=10 (full 3):
 PSYoungGen      total 609792K, used 89064K [0x00000000d5580000, 0x0000000100000000, 0x0000000100000000)
  eden space 520704K, 0% used [0x00000000d5580000,0x00000000d5580000,0x00000000f5200000)
  from space 89088K, 99% used [0x00000000f5200000,0x00000000fa8fa3c8,0x00000000fa900000)
  to   space 89088K, 0% used [0x00000000fa900000,0x00000000fa900000,0x0000000100000000)
 ParOldGen       total 1398272K, used 72064K [0x0000000080000000, 0x00000000d5580000, 0x00000000d5580000)
  object space 1398272K, 5% used [0x0000000080000000,0x00000000846603e0,0x00000000d5580000)
 Metaspace       used 69398K, capacity 72508K, committed 72832K, reserved 1114112K
  class space    used 7673K, capacity 8208K, committed 8320K, reserved 1048576K
}

