# JRE version: OpenJDK Runtime Environment (8.0_212-b04) (build 1.8.0_212-b04)
# Java VM: OpenJDK 64-Bit Server VM (25.212-b04 mixed mode linux-amd64 compressed oops)
Heap:
 PSYoungGen      total 611840K, used 156696K [0x00000000d5580000, 0x0000000100000000, 0x0000000100000000)
  eden space 524800K, 29% used [0x00000000d5580000,0x00000000dee86128,0x00000000f5600000)
  from space 87040K, 0% used [0x00000000f5600000,0x00000000f5600000,0x00000000fab00000)
  to   space 87040K, 0% used [0x00000000fab00000,0x00000000fab00000,0x0000000100000000)
 ParOldGen       total 1398272K, used 40665K [0x0000000080000000, 0x00000000d5580000, 0x00000000d5580000)
  object space 1398272K, 2% used [0x0000000080000000,0x00000000827b6510,0x00000000d5580000)
 Metaspace       used 63507K, capacity 65968K, committed 66176K, reserved 1107968K
  class space    used 7364K, capacity 7804K, committed 7808K, reserved 1048576K
GC Heap History (10 events):
Event: 2.580 GC heap before
{Heap before GC invocations=2 (full 1):
 PSYoungGen      total 611840K, used 14276K [0x00000000d5580000, 0x0000000100000000, 0x0000000100000000)
  eden space 524800K, 0% used [0x00000000d5580000,0x00000000d5580000,0x00000000f5600000)
  from space 87040K, 16% used [0x00000000f5600000,0x00000000f63f10f8,0x00000000fab00000)
  to   space 87040K, 0% used [0x00000000fab00000,0x00000000fab00000,0x0000000100000000)
 ParOldGen       total 1398272K, used 80K [0x0000000080000000, 0x00000000d5580000, 0x00000000d5580000)
  object space 1398272K, 0% used [0x0000000080000000,0x0000000080014010,0x00000000d5580000)
 Metaspace       used 20769K, capacity 21016K, committed 21248K, reserved 1069056K
  class space    used 2342K, capacity 2451K, committed 2560K, reserved 1048576K
Event: 2.642 GC heap after
Heap after GC invocations=2 (full 1):
 PSYoungGen      total 611840K, used 0K [0x00000000d5580000, 0x0000000100000000, 0x0000000100000000)
  eden space 524800K, 0% used [0x00000000d5580000,0x00000000d5580000,0x00000000f5600000)
  from space 87040K, 0% used [0x00000000f5600000,0x00000000f5600000,0x00000000fab00000)
  to   space 87040K, 0% used [0x00000000fab00000,0x00000000fab00000,0x0000000100000000)
 ParOldGen       total 909312K, used 13741K [0x0000000080000000, 0x00000000b7800000, 0x00000000d5580000)
  object space 909312K, 1% used [0x0000000080000000,0x0000000080d6b738,0x00000000b7800000)
 Metaspace       used 20769K, capacity 21016K, committed 21248K, reserved 1069056K
  class space    used 2342K, capacity 2451K, committed 2560K, reserved 1048576K
}
Event: 5.215 GC heap before
{Heap before GC invocations=3 (full 1):
 PSYoungGen      total 611840K, used 435846K [0x00000000d5580000, 0x0000000100000000, 0x0000000100000000)
  eden space 524800K, 83% used [0x00000000d5580000,0x00000000eff21ac0,0x00000000f5600000)
  from space 87040K, 0% used [0x00000000f5600000,0x00000000f5600000,0x00000000fab00000)
  to   space 87040K, 0% used [0x00000000fab00000,0x00000000fab00000,0x0000000100000000)
 ParOldGen       total 909312K, used 13741K [0x0000000080000000, 0x00000000b7800000, 0x00000000d5580000)
  object space 909312K, 1% used [0x0000000080000000,0x0000000080d6b738,0x00000000b7800000)
 Metaspace       used 34694K, capacity 35136K, committed 35416K, reserved 1081344K
  class space    used 3959K, capacity 4084K, committed 4096K, reserved 1048576K
Event: 5.243 GC heap after
Heap after GC invocations=3 (full 1):
 PSYoungGen      total 611840K, used 18648K [0x00000000d5580000, 0x0000000100000000, 0x0000000100000000)
  eden space 524800K, 0% used [0x00000000d5580000,0x00000000d5580000,0x00000000f5600000)
  from space 87040K, 21% used [0x00000000fab00000,0x00000000fbd362c8,0x0000000100000000)
  to   space 87040K, 0% used [0x00000000f5600000,0x00000000f5600000,0x00000000fab00000)
 ParOldGen       total 909312K, used 13741K [0x0000000080000000, 0x00000000b7800000, 0x00000000d5580000)
  object space 909312K, 1% used [0x0000000080000000,0x0000000080d6b738,0x00000000b7800000)
 Metaspace       used 34694K, capacity 35136K, committed 35416K, reserved 1081344K
  class space    used 3959K, capacity 4084K, committed 4096K, reserved 1048576K
}
Event: 5.243 GC heap before
{Heap before GC invocations=4 (full 2):
 PSYoungGen      total 611840K, used 18648K [0x00000000d5580000, 0x0000000100000000, 0x0000000100000000)
  eden space 524800K, 0% used [0x00000000d5580000,0x00000000d5580000,0x00000000f5600000)
  from space 87040K, 21% used [0x00000000fab00000,0x00000000fbd362c8,0x0000000100000000)
  to   space 87040K, 0% used [0x00000000f5600000,0x00000000f5600000,0x00000000fab00000)
 ParOldGen       total 909312K, used 13741K [0x0000000080000000, 0x00000000b7800000, 0x00000000d5580000)
  object space 909312K, 1% used [0x0000000080000000,0x0000000080d6b738,0x00000000b7800000)
 Metaspace       used 34694K, capacity 35136K, committed 35416K, reserved 1081344K
  class space    used 3959K, capacity 4084K, committed 4096K, reserved 1048576K
Event: 5.318 GC heap after
Heap after GC invocations=4 (full 2):
 PSYoungGen      total 611840K, used 0K [0x00000000d5580000, 0x0000000100000000, 0x0000000100000000)
  eden space 524800K, 0% used [0x00000000d5580000,0x00000000d5580000,0x00000000f5600000)
  from space 87040K, 0% used [0x00000000fab00000,0x00000000fab00000,0x0000000100000000)
  to   space 87040K, 0% used [0x00000000f5600000,0x00000000f5600000,0x00000000fab00000)
 ParOldGen       total 1398272K, used 22865K [0x0000000080000000, 0x00000000d5580000, 0x00000000d5580000)
  object space 1398272K, 1% used [0x0000000080000000,0x00000000816546a8,0x00000000d5580000)
 Metaspace       used 34694K, capacity 35136K, committed 35416K, reserved 1081344K
  class space    used 3959K, capacity 4084K, committed 4096K, reserved 1048576K
}
Event: 12.063 GC heap before
{Heap before GC invocations=5 (full 2):
 PSYoungGen      total 611840K, used 396916K [0x00000000d5580000, 0x0000000100000000, 0x0000000100000000)
  eden space 524800K, 75% used [0x00000000d5580000,0x00000000ed91d0a8,0x00000000f5600000)
  from space 87040K, 0% used [0x00000000fab00000,0x00000000fab00000,0x0000000100000000)
  to   space 87040K, 0% used [0x00000000f5600000,0x00000000f5600000,0x00000000fab00000)
 ParOldGen       total 1398272K, used 22865K [0x0000000080000000, 0x00000000d5580000, 0x00000000d5580000)
  object space 1398272K, 1% used [0x0000000080000000,0x00000000816546a8,0x00000000d5580000)
 Metaspace       used 57341K, capacity 58808K, committed 59008K, reserved 1101824K
  class space    used 6660K, capacity 6932K, committed 7040K, reserved 1048576K
Event: 12.107 GC heap after
Heap after GC invocations=5 (full 2):
 PSYoungGen      total 611840K, used 30545K [0x00000000d5580000, 0x0000000100000000, 0x0000000100000000)
  eden space 524800K, 0% used [0x00000000d5580000,0x00000000d5580000,0x00000000f5600000)
  from space 87040K, 35% used [0x00000000f5600000,0x00000000f73d45c0,0x00000000fab00000)
  to   space 87040K, 0% used [0x00000000fab00000,0x00000000fab00000,0x0000000100000000)
 ParOldGen       total 1398272K, used 22873K [0x0000000080000000, 0x00000000d5580000, 0x00000000d5580000)
  object space 1398272K, 1% used [0x0000000080000000,0x00000000816566a8,0x00000000d5580000)
 Metaspace       used 57341K, capacity 58808K, committed 59008K, reserved 1101824K
  class space    used 6660K, capacity 6932K, committed 7040K, reserved 1048576K
}
Event: 12.107 GC heap before
{Heap before GC invocations=6 (full 3):
 PSYoungGen      total 611840K, used 30545K [0x00000000d5580000, 0x0000000100000000, 0x0000000100000000)
  eden space 524800K, 0% used [0x00000000d5580000,0x00000000d5580000,0x00000000f5600000)
  from space 87040K, 35% used [0x00000000f5600000,0x00000000f73d45c0,0x00000000fab00000)
  to   space 87040K, 0% used [0x00000000fab00000,0x00000000fab00000,0x0000000100000000)
 ParOldGen       total 1398272K, used 22873K [0x0000000080000000, 0x00000000d5580000, 0x00000000d5580000)
  object space 1398272K, 1% used [0x0000000080000000,0x00000000816566a8,0x00000000d5580000)
 Metaspace       used 57341K, capacity 58808K, committed 59008K, reserved 1101824K
  class space    used 6660K, capacity 6932K, committed 7040K, reserved 1048576K
Event: 12.304 GC heap after
Heap after GC invocations=6 (full 3):
 PSYoungGen      total 611840K, used 0K [0x00000000d5580000, 0x0000000100000000, 0x0000000100000000)
  eden space 524800K, 0% used [0x00000000d5580000,0x00000000d5580000,0x00000000f5600000)
  from space 87040K, 0% used [0x00000000f5600000,0x00000000f5600000,0x00000000fab00000)
  to   space 87040K, 0% used [0x00000000fab00000,0x00000000fab00000,0x0000000100000000)
 ParOldGen       total 1398272K, used 40665K [0x0000000080000000, 0x00000000d5580000, 0x00000000d5580000)
  object space 1398272K, 2% used [0x0000000080000000,0x00000000827b6510,0x00000000d5580000)
 Metaspace       used 57341K, capacity 58808K, committed 59008K, reserved 1101824K
  class space    used 6660K, capacity 6932K, committed 7040K, reserved 1048576K
}

