# JRE version: OpenJDK Runtime Environment (8.0_212-b04) (build 1.8.0_212-b04)
# Java VM: OpenJDK 64-Bit Server VM (25.212-b04 mixed mode linux-amd64 compressed oops)
Heap:
 PSYoungGen      total 611840K, used 305394K [0x00000000d5580000, 0x00000000ff000000, 0x0000000100000000)
  eden space 524800K, 41% used [0x00000000d5580000,0x00000000e2ade9a0,0x00000000f5600000)
  from space 87040K, 99% used [0x00000000f5600000,0x00000000faafe258,0x00000000fab00000)
  to   space 70656K, 0% used [0x00000000fab00000,0x00000000fab00000,0x00000000ff000000)
 ParOldGen       total 1398272K, used 35161K [0x0000000080000000, 0x00000000d5580000, 0x00000000d5580000)
  object space 1398272K, 2% used [0x0000000080000000,0x0000000082256788,0x00000000d5580000)
 Metaspace       used 65737K, capacity 68412K, committed 68608K, reserved 1110016K
  class space    used 7460K, capacity 7926K, committed 7936K, reserved 1048576K
GC Heap History (10 events):
Event: 5.231 GC heap before
{Heap before GC invocations=4 (full 2):
 PSYoungGen      total 611840K, used 19200K [0x00000000d5580000, 0x0000000100000000, 0x0000000100000000)
  eden space 524800K, 0% used [0x00000000d5580000,0x00000000d5580000,0x00000000f5600000)
  from space 87040K, 22% used [0x00000000fab00000,0x00000000fbdc0240,0x0000000100000000)
  to   space 87040K, 0% used [0x00000000f5600000,0x00000000f5600000,0x00000000fab00000)
 ParOldGen       total 892928K, used 13770K [0x0000000080000000, 0x00000000b6800000, 0x00000000d5580000)
  object space 892928K, 1% used [0x0000000080000000,0x0000000080d72a08,0x00000000b6800000)
 Metaspace       used 34742K, capacity 35188K, committed 35416K, reserved 1081344K
  class space    used 3973K, capacity 4092K, committed 4096K, reserved 1048576K
Event: 5.310 GC heap after
Heap after GC invocations=4 (full 2):
 PSYoungGen      total 611840K, used 0K [0x00000000d5580000, 0x0000000100000000, 0x0000000100000000)
  eden space 524800K, 0% used [0x00000000d5580000,0x00000000d5580000,0x00000000f5600000)
  from space 87040K, 0% used [0x00000000fab00000,0x00000000fab00000,0x0000000100000000)
  to   space 87040K, 0% used [0x00000000f5600000,0x00000000f5600000,0x00000000fab00000)
 ParOldGen       total 1398272K, used 23588K [0x0000000080000000, 0x00000000d5580000, 0x00000000d5580000)
  object space 1398272K, 1% used [0x0000000080000000,0x0000000081709310,0x00000000d5580000)
 Metaspace       used 34742K, capacity 35188K, committed 35416K, reserved 1081344K
  class space    used 3973K, capacity 4092K, committed 4096K, reserved 1048576K
}
Event: 12.132 GC heap before
{Heap before GC invocations=5 (full 2):
 PSYoungGen      total 611840K, used 524800K [0x00000000d5580000, 0x0000000100000000, 0x0000000100000000)
  eden space 524800K, 100% used [0x00000000d5580000,0x00000000f5600000,0x00000000f5600000)
  from space 87040K, 0% used [0x00000000fab00000,0x00000000fab00000,0x0000000100000000)
  to   space 87040K, 0% used [0x00000000f5600000,0x00000000f5600000,0x00000000fab00000)
 ParOldGen       total 1398272K, used 23588K [0x0000000080000000, 0x00000000d5580000, 0x00000000d5580000)
  object space 1398272K, 1% used [0x0000000080000000,0x0000000081709310,0x00000000d5580000)
 Metaspace       used 54492K, capacity 55698K, committed 55808K, reserved 1097728K
  class space    used 6333K, capacity 6555K, committed 6656K, reserved 1048576K
Event: 12.201 GC heap after
Heap after GC invocations=5 (full 2):
 PSYoungGen      total 611840K, used 27467K [0x00000000d5580000, 0x0000000100000000, 0x0000000100000000)
  eden space 524800K, 0% used [0x00000000d5580000,0x00000000d5580000,0x00000000f5600000)
  from space 87040K, 31% used [0x00000000f5600000,0x00000000f70d2c28,0x00000000fab00000)
  to   space 87040K, 0% used [0x00000000fab00000,0x00000000fab00000,0x0000000100000000)
 ParOldGen       total 1398272K, used 23596K [0x0000000080000000, 0x00000000d5580000, 0x00000000d5580000)
  object space 1398272K, 1% used [0x0000000080000000,0x000000008170b310,0x00000000d5580000)
 Metaspace       used 54492K, capacity 55698K, committed 55808K, reserved 1097728K
  class space    used 6333K, capacity 6555K, committed 6656K, reserved 1048576K
}
Event: 12.854 GC heap before
{Heap before GC invocations=6 (full 2):
 PSYoungGen      total 611840K, used 132765K [0x00000000d5580000, 0x0000000100000000, 0x0000000100000000)
  eden space 524800K, 20% used [0x00000000d5580000,0x00000000dbc54958,0x00000000f5600000)
  from space 87040K, 31% used [0x00000000f5600000,0x00000000f70d2c28,0x00000000fab00000)
  to   space 87040K, 0% used [0x00000000fab00000,0x00000000fab00000,0x0000000100000000)
 ParOldGen       total 1398272K, used 23596K [0x0000000080000000, 0x00000000d5580000, 0x00000000d5580000)
  object space 1398272K, 1% used [0x0000000080000000,0x000000008170b310,0x00000000d5580000)
 Metaspace       used 57523K, capacity 58906K, committed 59008K, reserved 1101824K
  class space    used 6665K, capacity 6943K, committed 7040K, reserved 1048576K
Event: 12.875 GC heap after
Heap after GC invocations=6 (full 2):
 PSYoungGen      total 611840K, used 15405K [0x00000000d5580000, 0x0000000100000000, 0x0000000100000000)
  eden space 524800K, 0% used [0x00000000d5580000,0x00000000d5580000,0x00000000f5600000)
  from space 87040K, 17% used [0x00000000fab00000,0x00000000fba0b668,0x0000000100000000)
  to   space 87040K, 0% used [0x00000000f5600000,0x00000000f5600000,0x00000000fab00000)
 ParOldGen       total 1398272K, used 23604K [0x0000000080000000, 0x00000000d5580000, 0x00000000d5580000)
  object space 1398272K, 1% used [0x0000000080000000,0x000000008170d310,0x00000000d5580000)
 Metaspace       used 57523K, capacity 58906K, committed 59008K, reserved 1101824K
  class space    used 6665K, capacity 6943K, committed 7040K, reserved 1048576K
}
Event: 12.875 GC heap before
{Heap before GC invocations=7 (full 3):
 PSYoungGen      total 611840K, used 15405K [0x00000000d5580000, 0x0000000100000000, 0x0000000100000000)
  eden space 524800K, 0% used [0x00000000d5580000,0x00000000d5580000,0x00000000f5600000)
  from space 87040K, 17% used [0x00000000fab00000,0x00000000fba0b668,0x0000000100000000)
  to   space 87040K, 0% used [0x00000000f5600000,0x00000000f5600000,0x00000000fab00000)
 ParOldGen       total 1398272K, used 23604K [0x0000000080000000, 0x00000000d5580000, 0x00000000d5580000)
  object space 1398272K, 1% used [0x0000000080000000,0x000000008170d310,0x00000000d5580000)
 Metaspace       used 57523K, capacity 58906K, committed 59008K, reserved 1101824K
  class space    used 6665K, capacity 6943K, committed 7040K, reserved 1048576K
Event: 13.110 GC heap after
Heap after GC invocations=7 (full 3):
 PSYoungGen      total 611840K, used 0K [0x00000000d5580000, 0x0000000100000000, 0x0000000100000000)
  eden space 524800K, 0% used [0x00000000d5580000,0x00000000d5580000,0x00000000f5600000)
  from space 87040K, 0% used [0x00000000fab00000,0x00000000fab00000,0x0000000100000000)
  to   space 87040K, 0% used [0x00000000f5600000,0x00000000f5600000,0x00000000fab00000)
 ParOldGen       total 1398272K, used 27188K [0x0000000080000000, 0x00000000d5580000, 0x00000000d5580000)
  object space 1398272K, 1% used [0x0000000080000000,0x0000000081a8d3e0,0x00000000d5580000)
 Metaspace       used 57484K, capacity 58808K, committed 59008K, reserved 1101824K
  class space    used 6651K, capacity 6918K, committed 7040K, reserved 1048576K
}
Event: 25.026 GC heap before
{Heap before GC invocations=8 (full 3):
 PSYoungGen      total 611840K, used 524527K [0x00000000d5580000, 0x0000000100000000, 0x0000000100000000)
  eden space 524800K, 99% used [0x00000000d5580000,0x00000000f55bbe78,0x00000000f5600000)
  from space 87040K, 0% used [0x00000000fab00000,0x00000000fab00000,0x0000000100000000)
  to   space 87040K, 0% used [0x00000000f5600000,0x00000000f5600000,0x00000000fab00000)
 ParOldGen       total 1398272K, used 27188K [0x0000000080000000, 0x00000000d5580000, 0x00000000d5580000)
  object space 1398272K, 1% used [0x0000000080000000,0x0000000081a8d3e0,0x00000000d5580000)
 Metaspace       used 64596K, capacity 67240K, committed 67328K, reserved 1107968K
  class space    used 7392K, capacity 7862K, committed 7936K, reserved 1048576K
Event: 25.163 GC heap after
Heap after GC invocations=8 (full 3):
 PSYoungGen      total 611840K, used 87032K [0x00000000d5580000, 0x00000000ff000000, 0x0000000100000000)
  eden space 524800K, 0% used [0x00000000d5580000,0x00000000d5580000,0x00000000f5600000)
  from space 87040K, 99% used [0x00000000f5600000,0x00000000faafe258,0x00000000fab00000)
  to   space 70656K, 0% used [0x00000000fab00000,0x00000000fab00000,0x00000000ff000000)
 ParOldGen       total 1398272K, used 35161K [0x0000000080000000, 0x00000000d5580000, 0x00000000d5580000)
  object space 1398272K, 2% used [0x0000000080000000,0x0000000082256788,0x00000000d5580000)
 Metaspace       used 64596K, capacity 67240K, committed 67328K, reserved 1107968K
  class space    used 7392K, capacity 7862K, committed 7936K, reserved 1048576K
}

