-------------------------------------------------------------------------------
Test set: org.apache.hadoop.ozone.TestSecureOzoneCluster
-------------------------------------------------------------------------------
Tests run: 10, Failures: 0, Errors: 1, Skipped: 0, Time elapsed: 419.769 s <<< FAILURE! - in org.apache.hadoop.ozone.TestSecureOzoneCluster
testSecureOmInitSuccess(org.apache.hadoop.ozone.TestSecureOzoneCluster)  Time elapsed: 80.286 s  <<< ERROR!
java.lang.Exception: test timed out after 80000 milliseconds
	at org.rocksdb.RocksDB.closeDatabase(Native Method)
	at org.rocksdb.RocksDB.close(RocksDB.java:464)
	at org.apache.hadoop.hdds.utils.db.RDBStore.close(RDBStore.java:182)
	at org.apache.hadoop.ozone.om.OmMetadataManagerImpl.stop(OmMetadataManagerImpl.java:340)
	at org.apache.hadoop.ozone.om.OzoneManager.stop(OzoneManager.java:1294)
	at org.apache.hadoop.ozone.TestSecureOzoneCluster.testSecureOmInitSuccess(TestSecureOzoneCluster.java:840)
	at sun.reflect.NativeMethodAccessorImpl.invoke0(Native Method)
	at sun.reflect.NativeMethodAccessorImpl.invoke(NativeMethodAccessorImpl.java:62)
	at sun.reflect.DelegatingMethodAccessorImpl.invoke(DelegatingMethodAccessorImpl.java:43)
	at java.lang.reflect.Method.invoke(Method.java:498)
	at org.junit.runners.model.FrameworkMethod$1.runReflectiveCall(FrameworkMethod.java:47)
	at org.junit.internal.runners.model.ReflectiveCallable.run(ReflectiveCallable.java:12)
	at org.junit.runners.model.FrameworkMethod.invokeExplosively(FrameworkMethod.java:44)
	at org.junit.internal.runners.statements.InvokeMethod.evaluate(InvokeMethod.java:17)
	at org.junit.internal.runners.statements.RunBefores.evaluate(RunBefores.java:26)
	at org.junit.internal.runners.statements.RunAfters.evaluate(RunAfters.java:27)
	at org.junit.internal.runners.statements.FailOnTimeout$StatementThread.run(FailOnTimeout.java:74)

