# JRE version: OpenJDK Runtime Environment (8.0_212-b04) (build 1.8.0_212-b04)
# Java VM: OpenJDK 64-Bit Server VM (25.212-b04 mixed mode linux-amd64 compressed oops)
Heap:
 PSYoungGen      total 581632K, used 137268K [0x00000000d5580000, 0x0000000100000000, 0x0000000100000000)
  eden space 549888K, 19% used [0x00000000d5580000,0x00000000dbc8fb60,0x00000000f6e80000)
  from space 31744K, 99% used [0x00000000f6e80000,0x00000000f8d7d5f8,0x00000000f8d80000)
  to   space 117248K, 0% used [0x00000000f8d80000,0x00000000f8d80000,0x0000000100000000)
 ParOldGen       total 1398272K, used 864250K [0x0000000080000000, 0x00000000d5580000, 0x00000000d5580000)
  object space 1398272K, 61% used [0x0000000080000000,0x00000000b4bfeb10,0x00000000d5580000)
 Metaspace       used 65682K, capacity 68244K, committed 68352K, reserved 1110016K
  class space    used 7405K, capacity 7860K, committed 7936K, reserved 1048576K
GC Heap History (10 events):
Event: 12.169 GC heap before
{Heap before GC invocations=7 (full 3):
 PSYoungGen      total 611840K, used 30105K [0x00000000d5580000, 0x0000000100000000, 0x0000000100000000)
  eden space 524800K, 0% used [0x00000000d5580000,0x00000000d5580000,0x00000000f5600000)
  from space 87040K, 34% used [0x00000000fab00000,0x00000000fc8665b0,0x0000000100000000)
  to   space 87040K, 0% used [0x00000000f5600000,0x00000000f5600000,0x00000000fab00000)
 ParOldGen       total 1381376K, used 23980K [0x0000000080000000, 0x00000000d4500000, 0x00000000d5580000)
  object space 1381376K, 1% used [0x0000000080000000,0x000000008176b128,0x00000000d4500000)
 Metaspace       used 57520K, capacity 58954K, committed 59028K, reserved 1101824K
  class space    used 6628K, capacity 6899K, committed 6912K, reserved 1048576K
Event: 12.453 GC heap after
Heap after GC invocations=7 (full 3):
 PSYoungGen      total 611840K, used 0K [0x00000000d5580000, 0x0000000100000000, 0x0000000100000000)
  eden space 524800K, 0% used [0x00000000d5580000,0x00000000d5580000,0x00000000f5600000)
  from space 87040K, 0% used [0x00000000fab00000,0x00000000fab00000,0x0000000100000000)
  to   space 87040K, 0% used [0x00000000f5600000,0x00000000f5600000,0x00000000fab00000)
 ParOldGen       total 1398272K, used 41437K [0x0000000080000000, 0x00000000d5580000, 0x00000000d5580000)
  object space 1398272K, 2% used [0x0000000080000000,0x00000000828774a8,0x00000000d5580000)
 Metaspace       used 57492K, capacity 58880K, committed 59028K, reserved 1101824K
  class space    used 6618K, capacity 6882K, committed 6912K, reserved 1048576K
}
Event: 18.950 GC heap before
{Heap before GC invocations=8 (full 3):
 PSYoungGen      total 611840K, used 358829K [0x00000000d5580000, 0x0000000100000000, 0x0000000100000000)
  eden space 524800K, 68% used [0x00000000d5580000,0x00000000eb3eb428,0x00000000f5600000)
  from space 87040K, 0% used [0x00000000fab00000,0x00000000fab00000,0x0000000100000000)
  to   space 87040K, 0% used [0x00000000f5600000,0x00000000f5600000,0x00000000fab00000)
 ParOldGen       total 1398272K, used 41437K [0x0000000080000000, 0x00000000d5580000, 0x00000000d5580000)
  object space 1398272K, 2% used [0x0000000080000000,0x00000000828774a8,0x00000000d5580000)
 Metaspace       used 59999K, capacity 62048K, committed 62208K, reserved 1103872K
  class space    used 6950K, capacity 7306K, committed 7424K, reserved 1048576K
Event: 19.225 GC heap after
Heap after GC invocations=8 (full 3):
 PSYoungGen      total 535552K, used 10399K [0x00000000d5580000, 0x00000000fab80000, 0x0000000100000000)
  eden space 524800K, 0% used [0x00000000d5580000,0x00000000d5580000,0x00000000f5600000)
  from space 10752K, 96% used [0x00000000f5600000,0x00000000f6027f00,0x00000000f6080000)
  to   space 30720K, 0% used [0x00000000f8d80000,0x00000000f8d80000,0x00000000fab80000)
 ParOldGen       total 1398272K, used 451045K [0x0000000080000000, 0x00000000d5580000, 0x00000000d5580000)
  object space 1398272K, 32% used [0x0000000080000000,0x000000009b8794c8,0x00000000d5580000)
 Metaspace       used 59999K, capacity 62048K, committed 62208K, reserved 1103872K
  class space    used 6950K, capacity 7306K, committed 7424K, reserved 1048576K
}
Event: 19.494 GC heap before
{Heap before GC invocations=9 (full 3):
 PSYoungGen      total 535552K, used 535199K [0x00000000d5580000, 0x00000000fab80000, 0x0000000100000000)
  eden space 524800K, 100% used [0x00000000d5580000,0x00000000f5600000,0x00000000f5600000)
  from space 10752K, 96% used [0x00000000f5600000,0x00000000f6027f00,0x00000000f6080000)
  to   space 30720K, 0% used [0x00000000f8d80000,0x00000000f8d80000,0x00000000fab80000)
 ParOldGen       total 1398272K, used 451045K [0x0000000080000000, 0x00000000d5580000, 0x00000000d5580000)
  object space 1398272K, 32% used [0x0000000080000000,0x000000009b8794c8,0x00000000d5580000)
 Metaspace       used 60000K, capacity 62048K, committed 62208K, reserved 1103872K
  class space    used 6950K, capacity 7306K, committed 7424K, reserved 1048576K
Event: 20.082 GC heap after
Heap after GC invocations=9 (full 3):
 PSYoungGen      total 580608K, used 5392K [0x00000000d5580000, 0x0000000100000000, 0x0000000100000000)
  eden space 549888K, 0% used [0x00000000d5580000,0x00000000d5580000,0x00000000f6e80000)
  from space 30720K, 17% used [0x00000000f8d80000,0x00000000f92c40a0,0x00000000fab80000)
  to   space 31744K, 0% used [0x00000000f6e80000,0x00000000f6e80000,0x00000000f8d80000)
 ParOldGen       total 1398272K, used 963053K [0x0000000080000000, 0x00000000d5580000, 0x00000000d5580000)
  object space 1398272K, 68% used [0x0000000080000000,0x00000000bac7b4e8,0x00000000d5580000)
 Metaspace       used 60000K, capacity 62048K, committed 62208K, reserved 1103872K
  class space    used 6950K, capacity 7306K, committed 7424K, reserved 1048576K
}
Event: 20.082 GC heap before
{Heap before GC invocations=10 (full 4):
 PSYoungGen      total 580608K, used 5392K [0x00000000d5580000, 0x0000000100000000, 0x0000000100000000)
  eden space 549888K, 0% used [0x00000000d5580000,0x00000000d5580000,0x00000000f6e80000)
  from space 30720K, 17% used [0x00000000f8d80000,0x00000000f92c40a0,0x00000000fab80000)
  to   space 31744K, 0% used [0x00000000f6e80000,0x00000000f6e80000,0x00000000f8d80000)
 ParOldGen       total 1398272K, used 963053K [0x0000000080000000, 0x00000000d5580000, 0x00000000d5580000)
  object space 1398272K, 68% used [0x0000000080000000,0x00000000bac7b4e8,0x00000000d5580000)
 Metaspace       used 60000K, capacity 62048K, committed 62208K, reserved 1103872K
  class space    used 6950K, capacity 7306K, committed 7424K, reserved 1048576K
Event: 20.379 GC heap after
Heap after GC invocations=10 (full 4):
 PSYoungGen      total 580608K, used 0K [0x00000000d5580000, 0x0000000100000000, 0x0000000100000000)
  eden space 549888K, 0% used [0x00000000d5580000,0x00000000d5580000,0x00000000f6e80000)
  from space 30720K, 0% used [0x00000000f8d80000,0x00000000f8d80000,0x00000000fab80000)
  to   space 31744K, 0% used [0x00000000f6e80000,0x00000000f6e80000,0x00000000f8d80000)
 ParOldGen       total 1398272K, used 545926K [0x0000000080000000, 0x00000000d5580000, 0x00000000d5580000)
  object space 1398272K, 39% used [0x0000000080000000,0x00000000a1521ae8,0x00000000d5580000)
 Metaspace       used 59891K, capacity 61750K, committed 62208K, reserved 1103872K
  class space    used 6912K, capacity 7237K, committed 7424K, reserved 1048576K
}
Event: 24.041 GC heap before
{Heap before GC invocations=11 (full 4):
 PSYoungGen      total 580608K, used 548943K [0x00000000d5580000, 0x0000000100000000, 0x0000000100000000)
  eden space 549888K, 99% used [0x00000000d5580000,0x00000000f6d93d18,0x00000000f6e80000)
  from space 30720K, 0% used [0x00000000f8d80000,0x00000000f8d80000,0x00000000fab80000)
  to   space 31744K, 0% used [0x00000000f6e80000,0x00000000f6e80000,0x00000000f8d80000)
 ParOldGen       total 1398272K, used 545926K [0x0000000080000000, 0x00000000d5580000, 0x00000000d5580000)
  object space 1398272K, 39% used [0x0000000080000000,0x00000000a1521ae8,0x00000000d5580000)
 Metaspace       used 65491K, capacity 68036K, committed 68352K, reserved 1110016K
  class space    used 7404K, capacity 7860K, committed 7936K, reserved 1048576K
Event: 24.173 GC heap after
Heap after GC invocations=11 (full 4):
 PSYoungGen      total 581632K, used 31733K [0x00000000d5580000, 0x0000000100000000, 0x0000000100000000)
  eden space 549888K, 0% used [0x00000000d5580000,0x00000000d5580000,0x00000000f6e80000)
  from space 31744K, 99% used [0x00000000f6e80000,0x00000000f8d7d5f8,0x00000000f8d80000)
  to   space 117248K, 0% used [0x00000000f8d80000,0x00000000f8d80000,0x0000000100000000)
 ParOldGen       total 1398272K, used 864250K [0x0000000080000000, 0x00000000d5580000, 0x00000000d5580000)
  object space 1398272K, 61% used [0x0000000080000000,0x00000000b4bfeb10,0x00000000d5580000)
 Metaspace       used 65491K, capacity 68036K, committed 68352K, reserved 1110016K
  class space    used 7404K, capacity 7860K, committed 7936K, reserved 1048576K
}

