# JRE version: OpenJDK Runtime Environment (8.0_212-b04) (build 1.8.0_212-b04)
# Java VM: OpenJDK 64-Bit Server VM (25.212-b04 mixed mode linux-amd64 compressed oops)
Heap:
 PSYoungGen      total 611840K, used 286777K [0x00000000d5580000, 0x0000000100000000, 0x0000000100000000)
  eden space 532480K, 38% used [0x00000000d5580000,0x00000000e2010598,0x00000000f5d80000)
  from space 79360K, 99% used [0x00000000f5d80000,0x00000000faafdf60,0x00000000fab00000)
  to   space 87040K, 0% used [0x00000000fab00000,0x00000000fab00000,0x0000000100000000)
 ParOldGen       total 1398272K, used 115636K [0x0000000080000000, 0x00000000d5580000, 0x00000000d5580000)
  object space 1398272K, 8% used [0x0000000080000000,0x00000000870ed2a0,0x00000000d5580000)
 Metaspace       used 69310K, capacity 72386K, committed 72576K, reserved 1114112K
  class space    used 7640K, capacity 8193K, committed 8320K, reserved 1048576K
GC Heap History (10 events):
Event: 12.400 GC heap before
{Heap before GC invocations=6 (full 2):
 PSYoungGen      total 611840K, used 184353K [0x00000000d5580000, 0x0000000100000000, 0x0000000100000000)
  eden space 524800K, 30% used [0x00000000d5580000,0x00000000def50a28,0x00000000f5600000)
  from space 87040K, 30% used [0x00000000f5600000,0x00000000f7037ca0,0x00000000fab00000)
  to   space 87040K, 0% used [0x00000000fab00000,0x00000000fab00000,0x0000000100000000)
 ParOldGen       total 1398272K, used 23654K [0x0000000080000000, 0x00000000d5580000, 0x00000000d5580000)
  object space 1398272K, 1% used [0x0000000080000000,0x0000000081719ad8,0x00000000d5580000)
 Metaspace       used 57183K, capacity 58832K, committed 59008K, reserved 1101824K
  class space    used 6619K, capacity 6932K, committed 7040K, reserved 1048576K
Event: 12.442 GC heap after
Heap after GC invocations=6 (full 2):
 PSYoungGen      total 611840K, used 20916K [0x00000000d5580000, 0x0000000100000000, 0x0000000100000000)
  eden space 524800K, 0% used [0x00000000d5580000,0x00000000d5580000,0x00000000f5600000)
  from space 87040K, 24% used [0x00000000fab00000,0x00000000fbf6d128,0x0000000100000000)
  to   space 87040K, 0% used [0x00000000f5600000,0x00000000f5600000,0x00000000fab00000)
 ParOldGen       total 1398272K, used 23662K [0x0000000080000000, 0x00000000d5580000, 0x00000000d5580000)
  object space 1398272K, 1% used [0x0000000080000000,0x000000008171bad8,0x00000000d5580000)
 Metaspace       used 57183K, capacity 58832K, committed 59008K, reserved 1101824K
  class space    used 6619K, capacity 6932K, committed 7040K, reserved 1048576K
}
Event: 12.442 GC heap before
{Heap before GC invocations=7 (full 3):
 PSYoungGen      total 611840K, used 20916K [0x00000000d5580000, 0x0000000100000000, 0x0000000100000000)
  eden space 524800K, 0% used [0x00000000d5580000,0x00000000d5580000,0x00000000f5600000)
  from space 87040K, 24% used [0x00000000fab00000,0x00000000fbf6d128,0x0000000100000000)
  to   space 87040K, 0% used [0x00000000f5600000,0x00000000f5600000,0x00000000fab00000)
 ParOldGen       total 1398272K, used 23662K [0x0000000080000000, 0x00000000d5580000, 0x00000000d5580000)
  object space 1398272K, 1% used [0x0000000080000000,0x000000008171bad8,0x00000000d5580000)
 Metaspace       used 57183K, capacity 58832K, committed 59008K, reserved 1101824K
  class space    used 6619K, capacity 6932K, committed 7040K, reserved 1048576K
Event: 12.745 GC heap after
Heap after GC invocations=7 (full 3):
 PSYoungGen      total 611840K, used 0K [0x00000000d5580000, 0x0000000100000000, 0x0000000100000000)
  eden space 524800K, 0% used [0x00000000d5580000,0x00000000d5580000,0x00000000f5600000)
  from space 87040K, 0% used [0x00000000fab00000,0x00000000fab00000,0x0000000100000000)
  to   space 87040K, 0% used [0x00000000f5600000,0x00000000f5600000,0x00000000fab00000)
 ParOldGen       total 1398272K, used 32397K [0x0000000080000000, 0x00000000d5580000, 0x00000000d5580000)
  object space 1398272K, 2% used [0x0000000080000000,0x0000000081fa37d0,0x00000000d5580000)
 Metaspace       used 57094K, capacity 58606K, committed 59008K, reserved 1101824K
  class space    used 6588K, capacity 6877K, committed 7040K, reserved 1048576K
}
Event: 47.196 GC heap before
{Heap before GC invocations=8 (full 3):
 PSYoungGen      total 611840K, used 524380K [0x00000000d5580000, 0x0000000100000000, 0x0000000100000000)
  eden space 524800K, 99% used [0x00000000d5580000,0x00000000f5597190,0x00000000f5600000)
  from space 87040K, 0% used [0x00000000fab00000,0x00000000fab00000,0x0000000100000000)
  to   space 87040K, 0% used [0x00000000f5600000,0x00000000f5600000,0x00000000fab00000)
 ParOldGen       total 1398272K, used 32397K [0x0000000080000000, 0x00000000d5580000, 0x00000000d5580000)
  object space 1398272K, 2% used [0x0000000080000000,0x0000000081fa37d0,0x00000000d5580000)
 Metaspace       used 65318K, capacity 67924K, committed 68096K, reserved 1110016K
  class space    used 7412K, capacity 7882K, committed 7936K, reserved 1048576K
Event: 47.377 GC heap after
Heap after GC invocations=8 (full 3):
 PSYoungGen      total 611840K, used 87019K [0x00000000d5580000, 0x00000000ff100000, 0x0000000100000000)
  eden space 524800K, 0% used [0x00000000d5580000,0x00000000d5580000,0x00000000f5600000)
  from space 87040K, 99% used [0x00000000f5600000,0x00000000faafaf80,0x00000000fab00000)
  to   space 71680K, 0% used [0x00000000fab00000,0x00000000fab00000,0x00000000ff100000)
 ParOldGen       total 1398272K, used 43603K [0x0000000080000000, 0x00000000d5580000, 0x00000000d5580000)
  object space 1398272K, 3% used [0x0000000080000000,0x0000000082a94ee0,0x00000000d5580000)
 Metaspace       used 65318K, capacity 67924K, committed 68096K, reserved 1110016K
  class space    used 7412K, capacity 7882K, committed 7936K, reserved 1048576K
}
Event: 75.434 GC heap before
{Heap before GC invocations=9 (full 3):
 PSYoungGen      total 611840K, used 610817K [0x00000000d5580000, 0x00000000ff100000, 0x0000000100000000)
  eden space 524800K, 99% used [0x00000000d5580000,0x00000000f5505758,0x00000000f5600000)
  from space 87040K, 99% used [0x00000000f5600000,0x00000000faafaf80,0x00000000fab00000)
  to   space 71680K, 0% used [0x00000000fab00000,0x00000000fab00000,0x00000000ff100000)
 ParOldGen       total 1398272K, used 43603K [0x0000000080000000, 0x00000000d5580000, 0x00000000d5580000)
  object space 1398272K, 3% used [0x0000000080000000,0x0000000082a94ee0,0x00000000d5580000)
 Metaspace       used 67054K, capacity 69890K, committed 70016K, reserved 1112064K
  class space    used 7514K, capacity 8017K, committed 8064K, reserved 1048576K
Event: 75.506 GC heap after
Heap after GC invocations=9 (full 3):
 PSYoungGen      total 604160K, used 48411K [0x00000000d5580000, 0x0000000100000000, 0x0000000100000000)
  eden space 532480K, 0% used [0x00000000d5580000,0x00000000d5580000,0x00000000f5d80000)
  from space 71680K, 67% used [0x00000000fab00000,0x00000000fda46d00,0x00000000ff100000)
  to   space 79360K, 0% used [0x00000000f5d80000,0x00000000f5d80000,0x00000000fab00000)
 ParOldGen       total 1398272K, used 43611K [0x0000000080000000, 0x00000000d5580000, 0x00000000d5580000)
  object space 1398272K, 3% used [0x0000000080000000,0x0000000082a96ee0,0x00000000d5580000)
 Metaspace       used 67054K, capacity 69890K, committed 70016K, reserved 1112064K
  class space    used 7514K, capacity 8017K, committed 8064K, reserved 1048576K
}
Event: 159.021 GC heap before
{Heap before GC invocations=10 (full 3):
 PSYoungGen      total 604160K, used 580891K [0x00000000d5580000, 0x0000000100000000, 0x0000000100000000)
  eden space 532480K, 100% used [0x00000000d5580000,0x00000000f5d80000,0x00000000f5d80000)
  from space 71680K, 67% used [0x00000000fab00000,0x00000000fda46d00,0x00000000ff100000)
  to   space 79360K, 0% used [0x00000000f5d80000,0x00000000f5d80000,0x00000000fab00000)
 ParOldGen       total 1398272K, used 43611K [0x0000000080000000, 0x00000000d5580000, 0x00000000d5580000)
  object space 1398272K, 3% used [0x0000000080000000,0x0000000082a96ee0,0x00000000d5580000)
 Metaspace       used 68834K, capacity 71744K, committed 71936K, reserved 1114112K
  class space    used 7606K, capacity 8104K, committed 8192K, reserved 1048576K
Event: 159.363 GC heap after
Heap after GC invocations=10 (full 3):
 PSYoungGen      total 611840K, used 79351K [0x00000000d5580000, 0x0000000100000000, 0x0000000100000000)
  eden space 532480K, 0% used [0x00000000d5580000,0x00000000d5580000,0x00000000f5d80000)
  from space 79360K, 99% used [0x00000000f5d80000,0x00000000faafdf60,0x00000000fab00000)
  to   space 87040K, 0% used [0x00000000fab00000,0x00000000fab00000,0x0000000100000000)
 ParOldGen       total 1398272K, used 115636K [0x0000000080000000, 0x00000000d5580000, 0x00000000d5580000)
  object space 1398272K, 8% used [0x0000000080000000,0x00000000870ed2a0,0x00000000d5580000)
 Metaspace       used 68834K, capacity 71744K, committed 71936K, reserved 1114112K
  class space    used 7606K, capacity 8104K, committed 8192K, reserved 1048576K
}

