# JRE version: OpenJDK Runtime Environment (8.0_212-b04) (build 1.8.0_212-b04)
# Java VM: OpenJDK 64-Bit Server VM (25.212-b04 mixed mode linux-amd64 compressed oops)
Heap:
 PSYoungGen      total 611840K, used 416558K [0x00000000d5580000, 0x0000000100000000, 0x0000000100000000)
  eden space 524800K, 79% used [0x00000000d5580000,0x00000000eec4b820,0x00000000f5600000)
  from space 87040K, 0% used [0x00000000f5600000,0x00000000f5600000,0x00000000fab00000)
  to   space 87040K, 0% used [0x00000000fab00000,0x00000000fab00000,0x0000000100000000)
 ParOldGen       total 1398272K, used 44910K [0x0000000080000000, 0x00000000d5580000, 0x00000000d5580000)
  object space 1398272K, 3% used [0x0000000080000000,0x0000000082bdb880,0x00000000d5580000)
 Metaspace       used 66597K, capacity 69608K, committed 69888K, reserved 1112064K
  class space    used 7591K, capacity 8116K, committed 8192K, reserved 1048576K
GC Heap History (10 events):
Event: 2.101 GC heap before
{Heap before GC invocations=2 (full 1):
 PSYoungGen      total 611840K, used 14193K [0x00000000d5580000, 0x0000000100000000, 0x0000000100000000)
  eden space 524800K, 0% used [0x00000000d5580000,0x00000000d5580000,0x00000000f5600000)
  from space 87040K, 16% used [0x00000000f5600000,0x00000000f63dc6f0,0x00000000fab00000)
  to   space 87040K, 0% used [0x00000000fab00000,0x00000000fab00000,0x0000000100000000)
 ParOldGen       total 1398272K, used 80K [0x0000000080000000, 0x00000000d5580000, 0x00000000d5580000)
  object space 1398272K, 0% used [0x0000000080000000,0x0000000080014010,0x00000000d5580000)
 Metaspace       used 20725K, capacity 21016K, committed 21248K, reserved 1069056K
  class space    used 2343K, capacity 2451K, committed 2560K, reserved 1048576K
Event: 2.171 GC heap after
Heap after GC invocations=2 (full 1):
 PSYoungGen      total 611840K, used 0K [0x00000000d5580000, 0x0000000100000000, 0x0000000100000000)
  eden space 524800K, 0% used [0x00000000d5580000,0x00000000d5580000,0x00000000f5600000)
  from space 87040K, 0% used [0x00000000f5600000,0x00000000f5600000,0x00000000fab00000)
  to   space 87040K, 0% used [0x00000000fab00000,0x00000000fab00000,0x0000000100000000)
 ParOldGen       total 833536K, used 13641K [0x0000000080000000, 0x00000000b2e00000, 0x00000000d5580000)
  object space 833536K, 1% used [0x0000000080000000,0x0000000080d52578,0x00000000b2e00000)
 Metaspace       used 20725K, capacity 21016K, committed 21248K, reserved 1069056K
  class space    used 2343K, capacity 2451K, committed 2560K, reserved 1048576K
}
Event: 4.468 GC heap before
{Heap before GC invocations=3 (full 1):
 PSYoungGen      total 611840K, used 384420K [0x00000000d5580000, 0x0000000100000000, 0x0000000100000000)
  eden space 524800K, 73% used [0x00000000d5580000,0x00000000ecce9220,0x00000000f5600000)
  from space 87040K, 0% used [0x00000000f5600000,0x00000000f5600000,0x00000000fab00000)
  to   space 87040K, 0% used [0x00000000fab00000,0x00000000fab00000,0x0000000100000000)
 ParOldGen       total 833536K, used 13641K [0x0000000080000000, 0x00000000b2e00000, 0x00000000d5580000)
  object space 833536K, 1% used [0x0000000080000000,0x0000000080d52578,0x00000000b2e00000)
 Metaspace       used 34601K, capacity 34994K, committed 35416K, reserved 1081344K
  class space    used 3949K, capacity 4067K, committed 4096K, reserved 1048576K
Event: 4.510 GC heap after
Heap after GC invocations=3 (full 1):
 PSYoungGen      total 611840K, used 18628K [0x00000000d5580000, 0x0000000100000000, 0x0000000100000000)
  eden space 524800K, 0% used [0x00000000d5580000,0x00000000d5580000,0x00000000f5600000)
  from space 87040K, 21% used [0x00000000fab00000,0x00000000fbd31200,0x0000000100000000)
  to   space 87040K, 0% used [0x00000000f5600000,0x00000000f5600000,0x00000000fab00000)
 ParOldGen       total 833536K, used 13641K [0x0000000080000000, 0x00000000b2e00000, 0x00000000d5580000)
  object space 833536K, 1% used [0x0000000080000000,0x0000000080d52578,0x00000000b2e00000)
 Metaspace       used 34601K, capacity 34994K, committed 35416K, reserved 1081344K
  class space    used 3949K, capacity 4067K, committed 4096K, reserved 1048576K
}
Event: 4.510 GC heap before
{Heap before GC invocations=4 (full 2):
 PSYoungGen      total 611840K, used 18628K [0x00000000d5580000, 0x0000000100000000, 0x0000000100000000)
  eden space 524800K, 0% used [0x00000000d5580000,0x00000000d5580000,0x00000000f5600000)
  from space 87040K, 21% used [0x00000000fab00000,0x00000000fbd31200,0x0000000100000000)
  to   space 87040K, 0% used [0x00000000f5600000,0x00000000f5600000,0x00000000fab00000)
 ParOldGen       total 833536K, used 13641K [0x0000000080000000, 0x00000000b2e00000, 0x00000000d5580000)
  object space 833536K, 1% used [0x0000000080000000,0x0000000080d52578,0x00000000b2e00000)
 Metaspace       used 34601K, capacity 34994K, committed 35416K, reserved 1081344K
  class space    used 3949K, capacity 4067K, committed 4096K, reserved 1048576K
Event: 4.615 GC heap after
Heap after GC invocations=4 (full 2):
 PSYoungGen      total 611840K, used 0K [0x00000000d5580000, 0x0000000100000000, 0x0000000100000000)
  eden space 524800K, 0% used [0x00000000d5580000,0x00000000d5580000,0x00000000f5600000)
  from space 87040K, 0% used [0x00000000fab00000,0x00000000fab00000,0x0000000100000000)
  to   space 87040K, 0% used [0x00000000f5600000,0x00000000f5600000,0x00000000fab00000)
 ParOldGen       total 1364480K, used 22882K [0x0000000080000000, 0x00000000d3480000, 0x00000000d5580000)
  object space 1364480K, 1% used [0x0000000080000000,0x0000000081658940,0x00000000d3480000)
 Metaspace       used 34601K, capacity 34994K, committed 35416K, reserved 1081344K
  class space    used 3949K, capacity 4067K, committed 4096K, reserved 1048576K
}
Event: 12.817 GC heap before
{Heap before GC invocations=5 (full 2):
 PSYoungGen      total 611840K, used 362041K [0x00000000d5580000, 0x0000000100000000, 0x0000000100000000)
  eden space 524800K, 68% used [0x00000000d5580000,0x00000000eb70e400,0x00000000f5600000)
  from space 87040K, 0% used [0x00000000fab00000,0x00000000fab00000,0x0000000100000000)
  to   space 87040K, 0% used [0x00000000f5600000,0x00000000f5600000,0x00000000fab00000)
 ParOldGen       total 1364480K, used 22882K [0x0000000080000000, 0x00000000d3480000, 0x00000000d5580000)
  object space 1364480K, 1% used [0x0000000080000000,0x0000000081658940,0x00000000d3480000)
 Metaspace       used 57039K, capacity 58852K, committed 59008K, reserved 1101824K
  class space    used 6668K, capacity 7018K, committed 7040K, reserved 1048576K
Event: 12.894 GC heap after
Heap after GC invocations=5 (full 2):
 PSYoungGen      total 611840K, used 34867K [0x00000000d5580000, 0x0000000100000000, 0x0000000100000000)
  eden space 524800K, 0% used [0x00000000d5580000,0x00000000d5580000,0x00000000f5600000)
  from space 87040K, 40% used [0x00000000f5600000,0x00000000f780cc58,0x00000000fab00000)
  to   space 87040K, 0% used [0x00000000fab00000,0x00000000fab00000,0x0000000100000000)
 ParOldGen       total 1364480K, used 22890K [0x0000000080000000, 0x00000000d3480000, 0x00000000d5580000)
  object space 1364480K, 1% used [0x0000000080000000,0x000000008165a940,0x00000000d3480000)
 Metaspace       used 57039K, capacity 58852K, committed 59008K, reserved 1101824K
  class space    used 6668K, capacity 7018K, committed 7040K, reserved 1048576K
}
Event: 12.894 GC heap before
{Heap before GC invocations=6 (full 3):
 PSYoungGen      total 611840K, used 34867K [0x00000000d5580000, 0x0000000100000000, 0x0000000100000000)
  eden space 524800K, 0% used [0x00000000d5580000,0x00000000d5580000,0x00000000f5600000)
  from space 87040K, 40% used [0x00000000f5600000,0x00000000f780cc58,0x00000000fab00000)
  to   space 87040K, 0% used [0x00000000fab00000,0x00000000fab00000,0x0000000100000000)
 ParOldGen       total 1364480K, used 22890K [0x0000000080000000, 0x00000000d3480000, 0x00000000d5580000)
  object space 1364480K, 1% used [0x0000000080000000,0x000000008165a940,0x00000000d3480000)
 Metaspace       used 57039K, capacity 58852K, committed 59008K, reserved 1101824K
  class space    used 6668K, capacity 7018K, committed 7040K, reserved 1048576K
Event: 13.132 GC heap after
Heap after GC invocations=6 (full 3):
 PSYoungGen      total 611840K, used 0K [0x00000000d5580000, 0x0000000100000000, 0x0000000100000000)
  eden space 524800K, 0% used [0x00000000d5580000,0x00000000d5580000,0x00000000f5600000)
  from space 87040K, 0% used [0x00000000f5600000,0x00000000f5600000,0x00000000fab00000)
  to   space 87040K, 0% used [0x00000000fab00000,0x00000000fab00000,0x0000000100000000)
 ParOldGen       total 1398272K, used 44910K [0x0000000080000000, 0x00000000d5580000, 0x00000000d5580000)
  object space 1398272K, 3% used [0x0000000080000000,0x0000000082bdb880,0x00000000d5580000)
 Metaspace       used 56997K, capacity 58738K, committed 59008K, reserved 1101824K
  class space    used 6654K, capacity 6993K, committed 7040K, reserved 1048576K
}

