# JRE version: OpenJDK Runtime Environment (8.0_212-b04) (build 1.8.0_212-b04)
# Java VM: OpenJDK 64-Bit Server VM (25.212-b04 mixed mode linux-amd64 compressed oops)
Heap:
 PSYoungGen      total 611840K, used 327267K [0x00000000d5580000, 0x0000000100000000, 0x0000000100000000)
  eden space 524800K, 62% used [0x00000000d5580000,0x00000000e9518ce0,0x00000000f5600000)
  from space 87040K, 0% used [0x00000000fab00000,0x00000000fab00000,0x0000000100000000)
  to   space 87040K, 0% used [0x00000000f5600000,0x00000000f5600000,0x00000000fab00000)
 ParOldGen       total 1398272K, used 28961K [0x0000000080000000, 0x00000000d5580000, 0x00000000d5580000)
  object space 1398272K, 2% used [0x0000000080000000,0x0000000081c487f8,0x00000000d5580000)
 Metaspace       used 66731K, capacity 69746K, committed 70016K, reserved 1112064K
  class space    used 7672K, capacity 8235K, committed 8320K, reserved 1048576K
GC Heap History (10 events):
Event: 4.385 GC heap before
{Heap before GC invocations=3 (full 1):
 PSYoungGen      total 611840K, used 430345K [0x00000000d5580000, 0x0000000100000000, 0x0000000100000000)
  eden space 524800K, 82% used [0x00000000d5580000,0x00000000ef9c2738,0x00000000f5600000)
  from space 87040K, 0% used [0x00000000f5600000,0x00000000f5600000,0x00000000fab00000)
  to   space 87040K, 0% used [0x00000000fab00000,0x00000000fab00000,0x0000000100000000)
 ParOldGen       total 905216K, used 18614K [0x0000000080000000, 0x00000000b7400000, 0x00000000d5580000)
  object space 905216K, 2% used [0x0000000080000000,0x000000008122d948,0x00000000b7400000)
 Metaspace       used 34737K, capacity 35154K, committed 35456K, reserved 1081344K
  class space    used 3966K, capacity 4101K, committed 4224K, reserved 1048576K
Event: 4.411 GC heap after
Heap after GC invocations=3 (full 1):
 PSYoungGen      total 611840K, used 14344K [0x00000000d5580000, 0x0000000100000000, 0x0000000100000000)
  eden space 524800K, 0% used [0x00000000d5580000,0x00000000d5580000,0x00000000f5600000)
  from space 87040K, 16% used [0x00000000fab00000,0x00000000fb9022a8,0x0000000100000000)
  to   space 87040K, 0% used [0x00000000f5600000,0x00000000f5600000,0x00000000fab00000)
 ParOldGen       total 905216K, used 18686K [0x0000000080000000, 0x00000000b7400000, 0x00000000d5580000)
  object space 905216K, 2% used [0x0000000080000000,0x000000008123f958,0x00000000b7400000)
 Metaspace       used 34737K, capacity 35154K, committed 35456K, reserved 1081344K
  class space    used 3966K, capacity 4101K, committed 4224K, reserved 1048576K
}
Event: 4.411 GC heap before
{Heap before GC invocations=4 (full 2):
 PSYoungGen      total 611840K, used 14344K [0x00000000d5580000, 0x0000000100000000, 0x0000000100000000)
  eden space 524800K, 0% used [0x00000000d5580000,0x00000000d5580000,0x00000000f5600000)
  from space 87040K, 16% used [0x00000000fab00000,0x00000000fb9022a8,0x0000000100000000)
  to   space 87040K, 0% used [0x00000000f5600000,0x00000000f5600000,0x00000000fab00000)
 ParOldGen       total 905216K, used 18686K [0x0000000080000000, 0x00000000b7400000, 0x00000000d5580000)
  object space 905216K, 2% used [0x0000000080000000,0x000000008123f958,0x00000000b7400000)
 Metaspace       used 34737K, capacity 35154K, committed 35456K, reserved 1081344K
  class space    used 3966K, capacity 4101K, committed 4224K, reserved 1048576K
Event: 4.489 GC heap after
Heap after GC invocations=4 (full 2):
 PSYoungGen      total 611840K, used 0K [0x00000000d5580000, 0x0000000100000000, 0x0000000100000000)
  eden space 524800K, 0% used [0x00000000d5580000,0x00000000d5580000,0x00000000f5600000)
  from space 87040K, 0% used [0x00000000fab00000,0x00000000fab00000,0x0000000100000000)
  to   space 87040K, 0% used [0x00000000f5600000,0x00000000f5600000,0x00000000fab00000)
 ParOldGen       total 1398272K, used 22581K [0x0000000080000000, 0x00000000d5580000, 0x00000000d5580000)
  object space 1398272K, 1% used [0x0000000080000000,0x000000008160d7c8,0x00000000d5580000)
 Metaspace       used 34737K, capacity 35154K, committed 35456K, reserved 1081344K
  class space    used 3966K, capacity 4101K, committed 4224K, reserved 1048576K
}
Event: 10.025 GC heap before
{Heap before GC invocations=5 (full 2):
 PSYoungGen      total 611840K, used 524800K [0x00000000d5580000, 0x0000000100000000, 0x0000000100000000)
  eden space 524800K, 100% used [0x00000000d5580000,0x00000000f5600000,0x00000000f5600000)
  from space 87040K, 0% used [0x00000000fab00000,0x00000000fab00000,0x0000000100000000)
  to   space 87040K, 0% used [0x00000000f5600000,0x00000000f5600000,0x00000000fab00000)
 ParOldGen       total 1398272K, used 22581K [0x0000000080000000, 0x00000000d5580000, 0x00000000d5580000)
  object space 1398272K, 1% used [0x0000000080000000,0x000000008160d7c8,0x00000000d5580000)
 Metaspace       used 52935K, capacity 54342K, committed 54400K, reserved 1097728K
  class space    used 6241K, capacity 6507K, committed 6528K, reserved 1048576K
Event: 10.075 GC heap after
Heap after GC invocations=5 (full 2):
 PSYoungGen      total 611840K, used 25694K [0x00000000d5580000, 0x0000000100000000, 0x0000000100000000)
  eden space 524800K, 0% used [0x00000000d5580000,0x00000000d5580000,0x00000000f5600000)
  from space 87040K, 29% used [0x00000000f5600000,0x00000000f6f179b0,0x00000000fab00000)
  to   space 87040K, 0% used [0x00000000fab00000,0x00000000fab00000,0x0000000100000000)
 ParOldGen       total 1398272K, used 22589K [0x0000000080000000, 0x00000000d5580000, 0x00000000d5580000)
  object space 1398272K, 1% used [0x0000000080000000,0x000000008160f7c8,0x00000000d5580000)
 Metaspace       used 52935K, capacity 54342K, committed 54400K, reserved 1097728K
  class space    used 6241K, capacity 6507K, committed 6528K, reserved 1048576K
}
Event: 10.941 GC heap before
{Heap before GC invocations=6 (full 2):
 PSYoungGen      total 611840K, used 159548K [0x00000000d5580000, 0x0000000100000000, 0x0000000100000000)
  eden space 524800K, 25% used [0x00000000d5580000,0x00000000dd837960,0x00000000f5600000)
  from space 87040K, 29% used [0x00000000f5600000,0x00000000f6f179b0,0x00000000fab00000)
  to   space 87040K, 0% used [0x00000000fab00000,0x00000000fab00000,0x0000000100000000)
 ParOldGen       total 1398272K, used 22589K [0x0000000080000000, 0x00000000d5580000, 0x00000000d5580000)
  object space 1398272K, 1% used [0x0000000080000000,0x000000008160f7c8,0x00000000d5580000)
 Metaspace       used 57488K, capacity 58940K, committed 59096K, reserved 1101824K
  class space    used 6686K, capacity 6958K, committed 7040K, reserved 1048576K
Event: 10.964 GC heap after
Heap after GC invocations=6 (full 2):
 PSYoungGen      total 611840K, used 16407K [0x00000000d5580000, 0x0000000100000000, 0x0000000100000000)
  eden space 524800K, 0% used [0x00000000d5580000,0x00000000d5580000,0x00000000f5600000)
  from space 87040K, 18% used [0x00000000fab00000,0x00000000fbb05fd8,0x0000000100000000)
  to   space 87040K, 0% used [0x00000000f5600000,0x00000000f5600000,0x00000000fab00000)
 ParOldGen       total 1398272K, used 22597K [0x0000000080000000, 0x00000000d5580000, 0x00000000d5580000)
  object space 1398272K, 1% used [0x0000000080000000,0x00000000816117c8,0x00000000d5580000)
 Metaspace       used 57488K, capacity 58940K, committed 59096K, reserved 1101824K
  class space    used 6686K, capacity 6958K, committed 7040K, reserved 1048576K
}
Event: 10.964 GC heap before
{Heap before GC invocations=7 (full 3):
 PSYoungGen      total 611840K, used 16407K [0x00000000d5580000, 0x0000000100000000, 0x0000000100000000)
  eden space 524800K, 0% used [0x00000000d5580000,0x00000000d5580000,0x00000000f5600000)
  from space 87040K, 18% used [0x00000000fab00000,0x00000000fbb05fd8,0x0000000100000000)
  to   space 87040K, 0% used [0x00000000f5600000,0x00000000f5600000,0x00000000fab00000)
 ParOldGen       total 1398272K, used 22597K [0x0000000080000000, 0x00000000d5580000, 0x00000000d5580000)
  object space 1398272K, 1% used [0x0000000080000000,0x00000000816117c8,0x00000000d5580000)
 Metaspace       used 57488K, capacity 58940K, committed 59096K, reserved 1101824K
  class space    used 6686K, capacity 6958K, committed 7040K, reserved 1048576K
Event: 11.213 GC heap after
Heap after GC invocations=7 (full 3):
 PSYoungGen      total 611840K, used 0K [0x00000000d5580000, 0x0000000100000000, 0x0000000100000000)
  eden space 524800K, 0% used [0x00000000d5580000,0x00000000d5580000,0x00000000f5600000)
  from space 87040K, 0% used [0x00000000fab00000,0x00000000fab00000,0x0000000100000000)
  to   space 87040K, 0% used [0x00000000f5600000,0x00000000f5600000,0x00000000fab00000)
 ParOldGen       total 1398272K, used 28961K [0x0000000080000000, 0x00000000d5580000, 0x00000000d5580000)
  object space 1398272K, 2% used [0x0000000080000000,0x0000000081c487f8,0x00000000d5580000)
 Metaspace       used 57406K, capacity 58740K, committed 59096K, reserved 1101824K
  class space    used 6656K, capacity 6906K, committed 7040K, reserved 1048576K
}

