# JRE version: OpenJDK Runtime Environment (8.0_212-b04) (build 1.8.0_212-b04)
# Java VM: OpenJDK 64-Bit Server VM (25.212-b04 mixed mode linux-amd64 compressed oops)
Heap:
 PSYoungGen      total 611840K, used 230355K [0x00000000d5580000, 0x0000000100000000, 0x0000000100000000)
  eden space 524800K, 43% used [0x00000000d5580000,0x00000000e3674c08,0x00000000f5600000)
  from space 87040K, 0% used [0x00000000fab00000,0x00000000fab00000,0x0000000100000000)
  to   space 87040K, 0% used [0x00000000f5600000,0x00000000f5600000,0x00000000fab00000)
 ParOldGen       total 1398272K, used 28161K [0x0000000080000000, 0x00000000d5580000, 0x00000000d5580000)
  object space 1398272K, 2% used [0x0000000080000000,0x0000000081b80798,0x00000000d5580000)
 Metaspace       used 64808K, capacity 67546K, committed 67712K, reserved 1110016K
  class space    used 7503K, capacity 8013K, committed 8064K, reserved 1048576K
GC Heap History (10 events):
Event: 5.932 GC heap before
{Heap before GC invocations=3 (full 1):
 PSYoungGen      total 611840K, used 509132K [0x00000000d5580000, 0x0000000100000000, 0x0000000100000000)
  eden space 524800K, 97% used [0x00000000d5580000,0x00000000f46b3328,0x00000000f5600000)
  from space 87040K, 0% used [0x00000000f5600000,0x00000000f5600000,0x00000000fab00000)
  to   space 87040K, 0% used [0x00000000fab00000,0x00000000fab00000,0x0000000100000000)
 ParOldGen       total 913408K, used 14332K [0x0000000080000000, 0x00000000b7c00000, 0x00000000d5580000)
  object space 913408K, 1% used [0x0000000080000000,0x0000000080dff3b0,0x00000000b7c00000)
 Metaspace       used 34725K, capacity 35092K, committed 35416K, reserved 1081344K
  class space    used 3954K, capacity 4060K, committed 4096K, reserved 1048576K
Event: 5.973 GC heap after
Heap after GC invocations=3 (full 1):
 PSYoungGen      total 611840K, used 19237K [0x00000000d5580000, 0x0000000100000000, 0x0000000100000000)
  eden space 524800K, 0% used [0x00000000d5580000,0x00000000d5580000,0x00000000f5600000)
  from space 87040K, 22% used [0x00000000fab00000,0x00000000fbdc9610,0x0000000100000000)
  to   space 87040K, 0% used [0x00000000f5600000,0x00000000f5600000,0x00000000fab00000)
 ParOldGen       total 913408K, used 14340K [0x0000000080000000, 0x00000000b7c00000, 0x00000000d5580000)
  object space 913408K, 1% used [0x0000000080000000,0x0000000080e013b0,0x00000000b7c00000)
 Metaspace       used 34725K, capacity 35092K, committed 35416K, reserved 1081344K
  class space    used 3954K, capacity 4060K, committed 4096K, reserved 1048576K
}
Event: 5.973 GC heap before
{Heap before GC invocations=4 (full 2):
 PSYoungGen      total 611840K, used 19237K [0x00000000d5580000, 0x0000000100000000, 0x0000000100000000)
  eden space 524800K, 0% used [0x00000000d5580000,0x00000000d5580000,0x00000000f5600000)
  from space 87040K, 22% used [0x00000000fab00000,0x00000000fbdc9610,0x0000000100000000)
  to   space 87040K, 0% used [0x00000000f5600000,0x00000000f5600000,0x00000000fab00000)
 ParOldGen       total 913408K, used 14340K [0x0000000080000000, 0x00000000b7c00000, 0x00000000d5580000)
  object space 913408K, 1% used [0x0000000080000000,0x0000000080e013b0,0x00000000b7c00000)
 Metaspace       used 34725K, capacity 35092K, committed 35416K, reserved 1081344K
  class space    used 3954K, capacity 4060K, committed 4096K, reserved 1048576K
Event: 6.087 GC heap after
Heap after GC invocations=4 (full 2):
 PSYoungGen      total 611840K, used 0K [0x00000000d5580000, 0x0000000100000000, 0x0000000100000000)
  eden space 524800K, 0% used [0x00000000d5580000,0x00000000d5580000,0x00000000f5600000)
  from space 87040K, 0% used [0x00000000fab00000,0x00000000fab00000,0x0000000100000000)
  to   space 87040K, 0% used [0x00000000f5600000,0x00000000f5600000,0x00000000fab00000)
 ParOldGen       total 1398272K, used 23956K [0x0000000080000000, 0x00000000d5580000, 0x00000000d5580000)
  object space 1398272K, 1% used [0x0000000080000000,0x0000000081765210,0x00000000d5580000)
 Metaspace       used 34725K, capacity 35092K, committed 35416K, reserved 1081344K
  class space    used 3954K, capacity 4060K, committed 4096K, reserved 1048576K
}
Event: 12.748 GC heap before
{Heap before GC invocations=5 (full 2):
 PSYoungGen      total 611840K, used 524800K [0x00000000d5580000, 0x0000000100000000, 0x0000000100000000)
  eden space 524800K, 100% used [0x00000000d5580000,0x00000000f5600000,0x00000000f5600000)
  from space 87040K, 0% used [0x00000000fab00000,0x00000000fab00000,0x0000000100000000)
  to   space 87040K, 0% used [0x00000000f5600000,0x00000000f5600000,0x00000000fab00000)
 ParOldGen       total 1398272K, used 23957K [0x0000000080000000, 0x00000000d5580000, 0x00000000d5580000)
  object space 1398272K, 1% used [0x0000000080000000,0x0000000081765700,0x00000000d5580000)
 Metaspace       used 54187K, capacity 55580K, committed 55808K, reserved 1097728K
  class space    used 6313K, capacity 6572K, committed 6656K, reserved 1048576K
Event: 12.847 GC heap after
Heap after GC invocations=5 (full 2):
 PSYoungGen      total 611840K, used 26769K [0x00000000d5580000, 0x0000000100000000, 0x0000000100000000)
  eden space 524800K, 0% used [0x00000000d5580000,0x00000000d5580000,0x00000000f5600000)
  from space 87040K, 30% used [0x00000000f5600000,0x00000000f7024430,0x00000000fab00000)
  to   space 87040K, 0% used [0x00000000fab00000,0x00000000fab00000,0x0000000100000000)
 ParOldGen       total 1398272K, used 23965K [0x0000000080000000, 0x00000000d5580000, 0x00000000d5580000)
  object space 1398272K, 1% used [0x0000000080000000,0x0000000081767700,0x00000000d5580000)
 Metaspace       used 54187K, capacity 55580K, committed 55808K, reserved 1097728K
  class space    used 6313K, capacity 6572K, committed 6656K, reserved 1048576K
}
Event: 13.449 GC heap before
{Heap before GC invocations=6 (full 2):
 PSYoungGen      total 611840K, used 135825K [0x00000000d5580000, 0x0000000100000000, 0x0000000100000000)
  eden space 524800K, 20% used [0x00000000d5580000,0x00000000dc0002e8,0x00000000f5600000)
  from space 87040K, 30% used [0x00000000f5600000,0x00000000f7024430,0x00000000fab00000)
  to   space 87040K, 0% used [0x00000000fab00000,0x00000000fab00000,0x0000000100000000)
 ParOldGen       total 1398272K, used 23965K [0x0000000080000000, 0x00000000d5580000, 0x00000000d5580000)
  object space 1398272K, 1% used [0x0000000080000000,0x0000000081767700,0x00000000d5580000)
 Metaspace       used 57429K, capacity 58860K, committed 59008K, reserved 1101824K
  class space    used 6643K, capacity 6934K, committed 7040K, reserved 1048576K
Event: 13.488 GC heap after
Heap after GC invocations=6 (full 2):
 PSYoungGen      total 611840K, used 15984K [0x00000000d5580000, 0x0000000100000000, 0x0000000100000000)
  eden space 524800K, 0% used [0x00000000d5580000,0x00000000d5580000,0x00000000f5600000)
  from space 87040K, 18% used [0x00000000fab00000,0x00000000fba9c198,0x0000000100000000)
  to   space 87040K, 0% used [0x00000000f5600000,0x00000000f5600000,0x00000000fab00000)
 ParOldGen       total 1398272K, used 23973K [0x0000000080000000, 0x00000000d5580000, 0x00000000d5580000)
  object space 1398272K, 1% used [0x0000000080000000,0x0000000081769700,0x00000000d5580000)
 Metaspace       used 57429K, capacity 58860K, committed 59008K, reserved 1101824K
  class space    used 6643K, capacity 6934K, committed 7040K, reserved 1048576K
}
Event: 13.488 GC heap before
{Heap before GC invocations=7 (full 3):
 PSYoungGen      total 611840K, used 15984K [0x00000000d5580000, 0x0000000100000000, 0x0000000100000000)
  eden space 524800K, 0% used [0x00000000d5580000,0x00000000d5580000,0x00000000f5600000)
  from space 87040K, 18% used [0x00000000fab00000,0x00000000fba9c198,0x0000000100000000)
  to   space 87040K, 0% used [0x00000000f5600000,0x00000000f5600000,0x00000000fab00000)
 ParOldGen       total 1398272K, used 23973K [0x0000000080000000, 0x00000000d5580000, 0x00000000d5580000)
  object space 1398272K, 1% used [0x0000000080000000,0x0000000081769700,0x00000000d5580000)
 Metaspace       used 57429K, capacity 58860K, committed 59008K, reserved 1101824K
  class space    used 6643K, capacity 6934K, committed 7040K, reserved 1048576K
Event: 13.728 GC heap after
Heap after GC invocations=7 (full 3):
 PSYoungGen      total 611840K, used 0K [0x00000000d5580000, 0x0000000100000000, 0x0000000100000000)
  eden space 524800K, 0% used [0x00000000d5580000,0x00000000d5580000,0x00000000f5600000)
  from space 87040K, 0% used [0x00000000fab00000,0x00000000fab00000,0x0000000100000000)
  to   space 87040K, 0% used [0x00000000f5600000,0x00000000f5600000,0x00000000fab00000)
 ParOldGen       total 1398272K, used 28161K [0x0000000080000000, 0x00000000d5580000, 0x00000000d5580000)
  object space 1398272K, 2% used [0x0000000080000000,0x0000000081b80798,0x00000000d5580000)
 Metaspace       used 57395K, capacity 58774K, committed 59008K, reserved 1101824K
  class space    used 6631K, capacity 6913K, committed 7040K, reserved 1048576K
}

