# JRE version: OpenJDK Runtime Environment (8.0_212-b04) (build 1.8.0_212-b04)
# Java VM: OpenJDK 64-Bit Server VM (25.212-b04 mixed mode linux-amd64 compressed oops)
Heap:
 PSYoungGen      total 611840K, used 367379K [0x00000000d5580000, 0x0000000100000000, 0x0000000100000000)
  eden space 524800K, 70% used [0x00000000d5580000,0x00000000ebc44c60,0x00000000f5600000)
  from space 87040K, 0% used [0x00000000f5600000,0x00000000f5600000,0x00000000fab00000)
  to   space 87040K, 0% used [0x00000000fab00000,0x00000000fab00000,0x0000000100000000)
 ParOldGen       total 840192K, used 13697K [0x0000000080000000, 0x00000000b3480000, 0x00000000d5580000)
  object space 840192K, 1% used [0x0000000080000000,0x0000000080d604b0,0x00000000b3480000)
 Metaspace       used 33731K, capacity 34096K, committed 34560K, reserved 1079296K
  class space    used 3873K, capacity 3988K, committed 4096K, reserved 1048576K
GC Heap History (4 events):
Event: 2.601 GC heap before
{Heap before GC invocations=1 (full 0):
 PSYoungGen      total 611840K, used 188933K [0x00000000d5580000, 0x0000000100000000, 0x0000000100000000)
  eden space 524800K, 36% used [0x00000000d5580000,0x00000000e0e01500,0x00000000f5600000)
  from space 87040K, 0% used [0x00000000fab00000,0x00000000fab00000,0x0000000100000000)
  to   space 87040K, 0% used [0x00000000f5600000,0x00000000f5600000,0x00000000fab00000)
 ParOldGen       total 1398272K, used 0K [0x0000000080000000, 0x00000000d5580000, 0x00000000d5580000)
  object space 1398272K, 0% used [0x0000000080000000,0x0000000080000000,0x00000000d5580000)
 Metaspace       used 20797K, capacity 21016K, committed 21248K, reserved 1069056K
  class space    used 2364K, capacity 2475K, committed 2560K, reserved 1048576K
Event: 2.653 GC heap after
Heap after GC invocations=1 (full 0):
 PSYoungGen      total 611840K, used 14213K [0x00000000d5580000, 0x0000000100000000, 0x0000000100000000)
  eden space 524800K, 0% used [0x00000000d5580000,0x00000000d5580000,0x00000000f5600000)
  from space 87040K, 16% used [0x00000000f5600000,0x00000000f63e16e0,0x00000000fab00000)
  to   space 87040K, 0% used [0x00000000fab00000,0x00000000fab00000,0x0000000100000000)
 ParOldGen       total 1398272K, used 80K [0x0000000080000000, 0x00000000d5580000, 0x00000000d5580000)
  object space 1398272K, 0% used [0x0000000080000000,0x0000000080014010,0x00000000d5580000)
 Metaspace       used 20797K, capacity 21016K, committed 21248K, reserved 1069056K
  class space    used 2364K, capacity 2475K, committed 2560K, reserved 1048576K
}
Event: 2.653 GC heap before
{Heap before GC invocations=2 (full 1):
 PSYoungGen      total 611840K, used 14213K [0x00000000d5580000, 0x0000000100000000, 0x0000000100000000)
  eden space 524800K, 0% used [0x00000000d5580000,0x00000000d5580000,0x00000000f5600000)
  from space 87040K, 16% used [0x00000000f5600000,0x00000000f63e16e0,0x00000000fab00000)
  to   space 87040K, 0% used [0x00000000fab00000,0x00000000fab00000,0x0000000100000000)
 ParOldGen       total 1398272K, used 80K [0x0000000080000000, 0x00000000d5580000, 0x00000000d5580000)
  object space 1398272K, 0% used [0x0000000080000000,0x0000000080014010,0x00000000d5580000)
 Metaspace       used 20797K, capacity 21016K, committed 21248K, reserved 1069056K
  class space    used 2364K, capacity 2475K, committed 2560K, reserved 1048576K
Event: 2.724 GC heap after
Heap after GC invocations=2 (full 1):
 PSYoungGen      total 611840K, used 0K [0x00000000d5580000, 0x0000000100000000, 0x0000000100000000)
  eden space 524800K, 0% used [0x00000000d5580000,0x00000000d5580000,0x00000000f5600000)
  from space 87040K, 0% used [0x00000000f5600000,0x00000000f5600000,0x00000000fab00000)
  to   space 87040K, 0% used [0x00000000fab00000,0x00000000fab00000,0x0000000100000000)
 ParOldGen       total 840192K, used 13697K [0x0000000080000000, 0x00000000b3480000, 0x00000000d5580000)
  object space 840192K, 1% used [0x0000000080000000,0x0000000080d604b0,0x00000000b3480000)
 Metaspace       used 20797K, capacity 21016K, committed 21248K, reserved 1069056K
  class space    used 2364K, capacity 2475K, committed 2560K, reserved 1048576K
}

