# JRE version: OpenJDK Runtime Environment (8.0_212-b04) (build 1.8.0_212-b04)
# Java VM: OpenJDK 64-Bit Server VM (25.212-b04 mixed mode linux-amd64 compressed oops)
Heap:
 PSYoungGen      total 611840K, used 114677K [0x00000000d5580000, 0x0000000100000000, 0x0000000100000000)
  eden space 524800K, 21% used [0x00000000d5580000,0x00000000dc57d6f0,0x00000000f5600000)
  from space 87040K, 0% used [0x00000000f5600000,0x00000000f5600000,0x00000000fab00000)
  to   space 87040K, 0% used [0x00000000fab00000,0x00000000fab00000,0x0000000100000000)
 ParOldGen       total 1398272K, used 37825K [0x0000000080000000, 0x00000000d5580000, 0x00000000d5580000)
  object space 1398272K, 2% used [0x0000000080000000,0x00000000824f0500,0x00000000d5580000)
 Metaspace       used 60194K, capacity 61702K, committed 61824K, reserved 1103872K
  class space    used 6949K, capacity 7239K, committed 7296K, reserved 1048576K
GC Heap History (10 events):
Event: 2.762 GC heap before
{Heap before GC invocations=2 (full 1):
 PSYoungGen      total 611840K, used 14430K [0x00000000d5580000, 0x0000000100000000, 0x0000000100000000)
  eden space 524800K, 0% used [0x00000000d5580000,0x00000000d5580000,0x00000000f5600000)
  from space 87040K, 16% used [0x00000000f5600000,0x00000000f6417808,0x00000000fab00000)
  to   space 87040K, 0% used [0x00000000fab00000,0x00000000fab00000,0x0000000100000000)
 ParOldGen       total 1398272K, used 72K [0x0000000080000000, 0x00000000d5580000, 0x00000000d5580000)
  object space 1398272K, 0% used [0x0000000080000000,0x0000000080012010,0x00000000d5580000)
 Metaspace       used 20849K, capacity 21074K, committed 21248K, reserved 1069056K
  class space    used 2361K, capacity 2450K, committed 2560K, reserved 1048576K
Event: 2.832 GC heap after
Heap after GC invocations=2 (full 1):
 PSYoungGen      total 611840K, used 0K [0x00000000d5580000, 0x0000000100000000, 0x0000000100000000)
  eden space 524800K, 0% used [0x00000000d5580000,0x00000000d5580000,0x00000000f5600000)
  from space 87040K, 0% used [0x00000000f5600000,0x00000000f5600000,0x00000000fab00000)
  to   space 87040K, 0% used [0x00000000fab00000,0x00000000fab00000,0x0000000100000000)
 ParOldGen       total 837120K, used 13914K [0x0000000080000000, 0x00000000b3180000, 0x00000000d5580000)
  object space 837120K, 1% used [0x0000000080000000,0x0000000080d969c8,0x00000000b3180000)
 Metaspace       used 20849K, capacity 21074K, committed 21248K, reserved 1069056K
  class space    used 2361K, capacity 2450K, committed 2560K, reserved 1048576K
}
Event: 5.608 GC heap before
{Heap before GC invocations=3 (full 1):
 PSYoungGen      total 611840K, used 445043K [0x00000000d5580000, 0x0000000100000000, 0x0000000100000000)
  eden space 524800K, 84% used [0x00000000d5580000,0x00000000f081ced0,0x00000000f5600000)
  from space 87040K, 0% used [0x00000000f5600000,0x00000000f5600000,0x00000000fab00000)
  to   space 87040K, 0% used [0x00000000fab00000,0x00000000fab00000,0x0000000100000000)
 ParOldGen       total 837120K, used 13914K [0x0000000080000000, 0x00000000b3180000, 0x00000000d5580000)
  object space 837120K, 1% used [0x0000000080000000,0x0000000080d969c8,0x00000000b3180000)
 Metaspace       used 34784K, capacity 35160K, committed 35416K, reserved 1081344K
  class space    used 3967K, capacity 4060K, committed 4096K, reserved 1048576K
Event: 5.650 GC heap after
Heap after GC invocations=3 (full 1):
 PSYoungGen      total 611840K, used 19237K [0x00000000d5580000, 0x0000000100000000, 0x0000000100000000)
  eden space 524800K, 0% used [0x00000000d5580000,0x00000000d5580000,0x00000000f5600000)
  from space 87040K, 22% used [0x00000000fab00000,0x00000000fbdc9728,0x0000000100000000)
  to   space 87040K, 0% used [0x00000000f5600000,0x00000000f5600000,0x00000000fab00000)
 ParOldGen       total 837120K, used 13914K [0x0000000080000000, 0x00000000b3180000, 0x00000000d5580000)
  object space 837120K, 1% used [0x0000000080000000,0x0000000080d969c8,0x00000000b3180000)
 Metaspace       used 34784K, capacity 35160K, committed 35416K, reserved 1081344K
  class space    used 3967K, capacity 4060K, committed 4096K, reserved 1048576K
}
Event: 5.650 GC heap before
{Heap before GC invocations=4 (full 2):
 PSYoungGen      total 611840K, used 19237K [0x00000000d5580000, 0x0000000100000000, 0x0000000100000000)
  eden space 524800K, 0% used [0x00000000d5580000,0x00000000d5580000,0x00000000f5600000)
  from space 87040K, 22% used [0x00000000fab00000,0x00000000fbdc9728,0x0000000100000000)
  to   space 87040K, 0% used [0x00000000f5600000,0x00000000f5600000,0x00000000fab00000)
 ParOldGen       total 837120K, used 13914K [0x0000000080000000, 0x00000000b3180000, 0x00000000d5580000)
  object space 837120K, 1% used [0x0000000080000000,0x0000000080d969c8,0x00000000b3180000)
 Metaspace       used 34784K, capacity 35160K, committed 35416K, reserved 1081344K
  class space    used 3967K, capacity 4060K, committed 4096K, reserved 1048576K
Event: 5.762 GC heap after
Heap after GC invocations=4 (full 2):
 PSYoungGen      total 611840K, used 0K [0x00000000d5580000, 0x0000000100000000, 0x0000000100000000)
  eden space 524800K, 0% used [0x00000000d5580000,0x00000000d5580000,0x00000000f5600000)
  from space 87040K, 0% used [0x00000000fab00000,0x00000000fab00000,0x0000000100000000)
  to   space 87040K, 0% used [0x00000000f5600000,0x00000000f5600000,0x00000000fab00000)
 ParOldGen       total 1383936K, used 23683K [0x0000000080000000, 0x00000000d4780000, 0x00000000d5580000)
  object space 1383936K, 1% used [0x0000000080000000,0x0000000081720fd0,0x00000000d4780000)
 Metaspace       used 34784K, capacity 35160K, committed 35416K, reserved 1081344K
  class space    used 3967K, capacity 4060K, committed 4096K, reserved 1048576K
}
Event: 12.147 GC heap before
{Heap before GC invocations=5 (full 2):
 PSYoungGen      total 611840K, used 325151K [0x00000000d5580000, 0x0000000100000000, 0x0000000100000000)
  eden space 524800K, 61% used [0x00000000d5580000,0x00000000e9307cc0,0x00000000f5600000)
  from space 87040K, 0% used [0x00000000fab00000,0x00000000fab00000,0x0000000100000000)
  to   space 87040K, 0% used [0x00000000f5600000,0x00000000f5600000,0x00000000fab00000)
 ParOldGen       total 1383936K, used 23683K [0x0000000080000000, 0x00000000d4780000, 0x00000000d5580000)
  object space 1383936K, 1% used [0x0000000080000000,0x0000000081720fd0,0x00000000d4780000)
 Metaspace       used 57428K, capacity 58850K, committed 59008K, reserved 1101824K
  class space    used 6689K, capacity 6941K, committed 7040K, reserved 1048576K
Event: 12.211 GC heap after
Heap after GC invocations=5 (full 2):
 PSYoungGen      total 611840K, used 27012K [0x00000000d5580000, 0x0000000100000000, 0x0000000100000000)
  eden space 524800K, 0% used [0x00000000d5580000,0x00000000d5580000,0x00000000f5600000)
  from space 87040K, 31% used [0x00000000f5600000,0x00000000f70611b0,0x00000000fab00000)
  to   space 87040K, 0% used [0x00000000fab00000,0x00000000fab00000,0x0000000100000000)
 ParOldGen       total 1383936K, used 23691K [0x0000000080000000, 0x00000000d4780000, 0x00000000d5580000)
  object space 1383936K, 1% used [0x0000000080000000,0x0000000081722fd0,0x00000000d4780000)
 Metaspace       used 57428K, capacity 58850K, committed 59008K, reserved 1101824K
  class space    used 6689K, capacity 6941K, committed 7040K, reserved 1048576K
}
Event: 12.211 GC heap before
{Heap before GC invocations=6 (full 3):
 PSYoungGen      total 611840K, used 27012K [0x00000000d5580000, 0x0000000100000000, 0x0000000100000000)
  eden space 524800K, 0% used [0x00000000d5580000,0x00000000d5580000,0x00000000f5600000)
  from space 87040K, 31% used [0x00000000f5600000,0x00000000f70611b0,0x00000000fab00000)
  to   space 87040K, 0% used [0x00000000fab00000,0x00000000fab00000,0x0000000100000000)
 ParOldGen       total 1383936K, used 23691K [0x0000000080000000, 0x00000000d4780000, 0x00000000d5580000)
  object space 1383936K, 1% used [0x0000000080000000,0x0000000081722fd0,0x00000000d4780000)
 Metaspace       used 57428K, capacity 58850K, committed 59008K, reserved 1101824K
  class space    used 6689K, capacity 6941K, committed 7040K, reserved 1048576K
Event: 12.457 GC heap after
Heap after GC invocations=6 (full 3):
 PSYoungGen      total 611840K, used 0K [0x00000000d5580000, 0x0000000100000000, 0x0000000100000000)
  eden space 524800K, 0% used [0x00000000d5580000,0x00000000d5580000,0x00000000f5600000)
  from space 87040K, 0% used [0x00000000f5600000,0x00000000f5600000,0x00000000fab00000)
  to   space 87040K, 0% used [0x00000000fab00000,0x00000000fab00000,0x0000000100000000)
 ParOldGen       total 1398272K, used 37825K [0x0000000080000000, 0x00000000d5580000, 0x00000000d5580000)
  object space 1398272K, 2% used [0x0000000080000000,0x00000000824f0500,0x00000000d5580000)
 Metaspace       used 57424K, capacity 58840K, committed 59008K, reserved 1101824K
  class space    used 6688K, capacity 6938K, committed 7040K, reserved 1048576K
}

