# JRE version: OpenJDK Runtime Environment (8.0_212-b04) (build 1.8.0_212-b04)
# Java VM: OpenJDK 64-Bit Server VM (25.212-b04 mixed mode linux-amd64 compressed oops)
Heap:
 PSYoungGen      total 417280K, used 155669K [0x00000000d5580000, 0x0000000100000000, 0x0000000100000000)
  eden space 330240K, 20% used [0x00000000d5580000,0x00000000d988b888,0x00000000e9800000)
  from space 87040K, 99% used [0x00000000fab00000,0x00000000ffff9f28,0x0000000100000000)
  to   space 184320K, 0% used [0x00000000e9800000,0x00000000e9800000,0x00000000f4c00000)
 ParOldGen       total 1398272K, used 198758K [0x0000000080000000, 0x00000000d5580000, 0x00000000d5580000)
  object space 1398272K, 14% used [0x0000000080000000,0x000000008c2198e8,0x00000000d5580000)
 Metaspace       used 71706K, capacity 77346K, committed 77568K, reserved 1118208K
  class space    used 8233K, capacity 9183K, committed 9216K, reserved 1048576K
GC Heap History (10 events):
Event: 9.313 GC heap before
{Heap before GC invocations=5 (full 2):
 PSYoungGen      total 611840K, used 524800K [0x00000000d5580000, 0x0000000100000000, 0x0000000100000000)
  eden space 524800K, 100% used [0x00000000d5580000,0x00000000f5600000,0x00000000f5600000)
  from space 87040K, 0% used [0x00000000fab00000,0x00000000fab00000,0x0000000100000000)
  to   space 87040K, 0% used [0x00000000f5600000,0x00000000f5600000,0x00000000fab00000)
 ParOldGen       total 1398272K, used 23580K [0x0000000080000000, 0x00000000d5580000, 0x00000000d5580000)
  object space 1398272K, 1% used [0x0000000080000000,0x00000000817071e8,0x00000000d5580000)
 Metaspace       used 43687K, capacity 44558K, committed 44672K, reserved 1089536K
  class space    used 4982K, capacity 5183K, committed 5248K, reserved 1048576K
Event: 9.362 GC heap after
Heap after GC invocations=5 (full 2):
 PSYoungGen      total 611840K, used 18951K [0x00000000d5580000, 0x0000000100000000, 0x0000000100000000)
  eden space 524800K, 0% used [0x00000000d5580000,0x00000000d5580000,0x00000000f5600000)
  from space 87040K, 21% used [0x00000000f5600000,0x00000000f6881ce0,0x00000000fab00000)
  to   space 87040K, 0% used [0x00000000fab00000,0x00000000fab00000,0x0000000100000000)
 ParOldGen       total 1398272K, used 23588K [0x0000000080000000, 0x00000000d5580000, 0x00000000d5580000)
  object space 1398272K, 1% used [0x0000000080000000,0x00000000817091e8,0x00000000d5580000)
 Metaspace       used 43687K, capacity 44558K, committed 44672K, reserved 1089536K
  class space    used 4982K, capacity 5183K, committed 5248K, reserved 1048576K
}
Event: 13.563 GC heap before
{Heap before GC invocations=6 (full 2):
 PSYoungGen      total 611840K, used 274785K [0x00000000d5580000, 0x0000000100000000, 0x0000000100000000)
  eden space 524800K, 48% used [0x00000000d5580000,0x00000000e4f56a68,0x00000000f5600000)
  from space 87040K, 21% used [0x00000000f5600000,0x00000000f6881ce0,0x00000000fab00000)
  to   space 87040K, 0% used [0x00000000fab00000,0x00000000fab00000,0x0000000100000000)
 ParOldGen       total 1398272K, used 23588K [0x0000000080000000, 0x00000000d5580000, 0x00000000d5580000)
  object space 1398272K, 1% used [0x0000000080000000,0x00000000817091e8,0x00000000d5580000)
 Metaspace       used 57336K, capacity 58906K, committed 59028K, reserved 1101824K
  class space    used 6576K, capacity 6879K, committed 6912K, reserved 1048576K
Event: 13.610 GC heap after
Heap after GC invocations=6 (full 2):
 PSYoungGen      total 611840K, used 31458K [0x00000000d5580000, 0x0000000100000000, 0x0000000100000000)
  eden space 524800K, 0% used [0x00000000d5580000,0x00000000d5580000,0x00000000f5600000)
  from space 87040K, 36% used [0x00000000fab00000,0x00000000fc9b88f0,0x0000000100000000)
  to   space 87040K, 0% used [0x00000000f5600000,0x00000000f5600000,0x00000000fab00000)
 ParOldGen       total 1398272K, used 23596K [0x0000000080000000, 0x00000000d5580000, 0x00000000d5580000)
  object space 1398272K, 1% used [0x0000000080000000,0x000000008170b1e8,0x00000000d5580000)
 Metaspace       used 57336K, capacity 58906K, committed 59028K, reserved 1101824K
  class space    used 6576K, capacity 6879K, committed 6912K, reserved 1048576K
}
Event: 13.610 GC heap before
{Heap before GC invocations=7 (full 3):
 PSYoungGen      total 611840K, used 31458K [0x00000000d5580000, 0x0000000100000000, 0x0000000100000000)
  eden space 524800K, 0% used [0x00000000d5580000,0x00000000d5580000,0x00000000f5600000)
  from space 87040K, 36% used [0x00000000fab00000,0x00000000fc9b88f0,0x0000000100000000)
  to   space 87040K, 0% used [0x00000000f5600000,0x00000000f5600000,0x00000000fab00000)
 ParOldGen       total 1398272K, used 23596K [0x0000000080000000, 0x00000000d5580000, 0x00000000d5580000)
  object space 1398272K, 1% used [0x0000000080000000,0x000000008170b1e8,0x00000000d5580000)
 Metaspace       used 57336K, capacity 58906K, committed 59028K, reserved 1101824K
  class space    used 6576K, capacity 6879K, committed 6912K, reserved 1048576K
Event: 13.934 GC heap after
Heap after GC invocations=7 (full 3):
 PSYoungGen      total 611840K, used 0K [0x00000000d5580000, 0x0000000100000000, 0x0000000100000000)
  eden space 524800K, 0% used [0x00000000d5580000,0x00000000d5580000,0x00000000f5600000)
  from space 87040K, 0% used [0x00000000fab00000,0x00000000fab00000,0x0000000100000000)
  to   space 87040K, 0% used [0x00000000f5600000,0x00000000f5600000,0x00000000fab00000)
 ParOldGen       total 1398272K, used 42599K [0x0000000080000000, 0x00000000d5580000, 0x00000000d5580000)
  object space 1398272K, 3% used [0x0000000080000000,0x0000000082999c68,0x00000000d5580000)
 Metaspace       used 57284K, capacity 58776K, committed 59028K, reserved 1101824K
  class space    used 6562K, capacity 6854K, committed 6912K, reserved 1048576K
}
Event: 24.630 GC heap before
{Heap before GC invocations=8 (full 3):
 PSYoungGen      total 611840K, used 524800K [0x00000000d5580000, 0x0000000100000000, 0x0000000100000000)
  eden space 524800K, 100% used [0x00000000d5580000,0x00000000f5600000,0x00000000f5600000)
  from space 87040K, 0% used [0x00000000fab00000,0x00000000fab00000,0x0000000100000000)
  to   space 87040K, 0% used [0x00000000f5600000,0x00000000f5600000,0x00000000fab00000)
 ParOldGen       total 1398272K, used 42599K [0x0000000080000000, 0x00000000d5580000, 0x00000000d5580000)
  object space 1398272K, 3% used [0x0000000080000000,0x0000000082999c68,0x00000000d5580000)
 Metaspace       used 66696K, capacity 71626K, committed 71680K, reserved 1112064K
  class space    used 7849K, capacity 8683K, committed 8704K, reserved 1048576K
Event: 24.750 GC heap after
Heap after GC invocations=8 (full 3):
 PSYoungGen      total 611840K, used 87018K [0x00000000d5580000, 0x0000000100000000, 0x0000000100000000)
  eden space 524800K, 0% used [0x00000000d5580000,0x00000000d5580000,0x00000000f5600000)
  from space 87040K, 99% used [0x00000000f5600000,0x00000000faafa978,0x00000000fab00000)
  to   space 87040K, 0% used [0x00000000fab00000,0x00000000fab00000,0x0000000100000000)
 ParOldGen       total 1398272K, used 69076K [0x0000000080000000, 0x00000000d5580000, 0x00000000d5580000)
  object space 1398272K, 4% used [0x0000000080000000,0x00000000843752c0,0x00000000d5580000)
 Metaspace       used 66696K, capacity 71626K, committed 71680K, reserved 1112064K
  class space    used 7849K, capacity 8683K, committed 8704K, reserved 1048576K
}
Event: 50.102 GC heap before
{Heap before GC invocations=9 (full 3):
 PSYoungGen      total 611840K, used 611818K [0x00000000d5580000, 0x0000000100000000, 0x0000000100000000)
  eden space 524800K, 100% used [0x00000000d5580000,0x00000000f5600000,0x00000000f5600000)
  from space 87040K, 99% used [0x00000000f5600000,0x00000000faafa978,0x00000000fab00000)
  to   space 87040K, 0% used [0x00000000fab00000,0x00000000fab00000,0x0000000100000000)
 ParOldGen       total 1398272K, used 69076K [0x0000000080000000, 0x00000000d5580000, 0x00000000d5580000)
  object space 1398272K, 4% used [0x0000000080000000,0x00000000843752c0,0x00000000d5580000)
 Metaspace       used 71603K, capacity 77274K, committed 77312K, reserved 1118208K
  class space    used 8233K, capacity 9183K, committed 9216K, reserved 1048576K
Event: 50.365 GC heap after
Heap after GC invocations=9 (full 3):
 PSYoungGen      total 417280K, used 87015K [0x00000000d5580000, 0x0000000100000000, 0x0000000100000000)
  eden space 330240K, 0% used [0x00000000d5580000,0x00000000d5580000,0x00000000e9800000)
  from space 87040K, 99% used [0x00000000fab00000,0x00000000ffff9f28,0x0000000100000000)
  to   space 184320K, 0% used [0x00000000e9800000,0x00000000e9800000,0x00000000f4c00000)
 ParOldGen       total 1398272K, used 198758K [0x0000000080000000, 0x00000000d5580000, 0x00000000d5580000)
  object space 1398272K, 14% used [0x0000000080000000,0x000000008c2198e8,0x00000000d5580000)
 Metaspace       used 71603K, capacity 77274K, committed 77312K, reserved 1118208K
  class space    used 8233K, capacity 9183K, committed 9216K, reserved 1048576K
}

