# JRE version: OpenJDK Runtime Environment (8.0_212-b04) (build 1.8.0_212-b04)
# Java VM: OpenJDK 64-Bit Server VM (25.212-b04 mixed mode linux-amd64 compressed oops)
Heap:
 PSYoungGen      total 611840K, used 291315K [0x00000000d5580000, 0x0000000100000000, 0x0000000100000000)
  eden space 524800K, 55% used [0x00000000d5580000,0x00000000e71fcdd8,0x00000000f5600000)
  from space 87040K, 0% used [0x00000000f5600000,0x00000000f5600000,0x00000000fab00000)
  to   space 87040K, 0% used [0x00000000fab00000,0x00000000fab00000,0x0000000100000000)
 ParOldGen       total 1398272K, used 44345K [0x0000000080000000, 0x00000000d5580000, 0x00000000d5580000)
  object space 1398272K, 3% used [0x0000000080000000,0x0000000082b4e5f8,0x00000000d5580000)
 Metaspace       used 64050K, capacity 66690K, committed 66816K, reserved 1107968K
  class space    used 7373K, capacity 7865K, committed 7936K, reserved 1048576K
GC Heap History (10 events):
Event: 1.989 GC heap before
{Heap before GC invocations=2 (full 1):
 PSYoungGen      total 611840K, used 14260K [0x00000000d5580000, 0x0000000100000000, 0x0000000100000000)
  eden space 524800K, 0% used [0x00000000d5580000,0x00000000d5580000,0x00000000f5600000)
  from space 87040K, 16% used [0x00000000f5600000,0x00000000f63ed070,0x00000000fab00000)
  to   space 87040K, 0% used [0x00000000fab00000,0x00000000fab00000,0x0000000100000000)
 ParOldGen       total 1398272K, used 80K [0x0000000080000000, 0x00000000d5580000, 0x00000000d5580000)
  object space 1398272K, 0% used [0x0000000080000000,0x0000000080014010,0x00000000d5580000)
 Metaspace       used 20824K, capacity 21106K, committed 21248K, reserved 1069056K
  class space    used 2366K, capacity 2482K, committed 2560K, reserved 1048576K
Event: 2.046 GC heap after
Heap after GC invocations=2 (full 1):
 PSYoungGen      total 611840K, used 0K [0x00000000d5580000, 0x0000000100000000, 0x0000000100000000)
  eden space 524800K, 0% used [0x00000000d5580000,0x00000000d5580000,0x00000000f5600000)
  from space 87040K, 0% used [0x00000000f5600000,0x00000000f5600000,0x00000000fab00000)
  to   space 87040K, 0% used [0x00000000fab00000,0x00000000fab00000,0x0000000100000000)
 ParOldGen       total 901632K, used 13719K [0x0000000080000000, 0x00000000b7080000, 0x00000000d5580000)
  object space 901632K, 1% used [0x0000000080000000,0x0000000080d65d40,0x00000000b7080000)
 Metaspace       used 20824K, capacity 21106K, committed 21248K, reserved 1069056K
  class space    used 2366K, capacity 2482K, committed 2560K, reserved 1048576K
}
Event: 4.176 GC heap before
{Heap before GC invocations=3 (full 1):
 PSYoungGen      total 611840K, used 434548K [0x00000000d5580000, 0x0000000100000000, 0x0000000100000000)
  eden space 524800K, 82% used [0x00000000d5580000,0x00000000efddd248,0x00000000f5600000)
  from space 87040K, 0% used [0x00000000f5600000,0x00000000f5600000,0x00000000fab00000)
  to   space 87040K, 0% used [0x00000000fab00000,0x00000000fab00000,0x0000000100000000)
 ParOldGen       total 901632K, used 13719K [0x0000000080000000, 0x00000000b7080000, 0x00000000d5580000)
  object space 901632K, 1% used [0x0000000080000000,0x0000000080d65d40,0x00000000b7080000)
 Metaspace       used 34730K, capacity 35092K, committed 35416K, reserved 1081344K
  class space    used 3959K, capacity 4060K, committed 4096K, reserved 1048576K
Event: 4.211 GC heap after
Heap after GC invocations=3 (full 1):
 PSYoungGen      total 611840K, used 19245K [0x00000000d5580000, 0x0000000100000000, 0x0000000100000000)
  eden space 524800K, 0% used [0x00000000d5580000,0x00000000d5580000,0x00000000f5600000)
  from space 87040K, 22% used [0x00000000fab00000,0x00000000fbdcb530,0x0000000100000000)
  to   space 87040K, 0% used [0x00000000f5600000,0x00000000f5600000,0x00000000fab00000)
 ParOldGen       total 901632K, used 13727K [0x0000000080000000, 0x00000000b7080000, 0x00000000d5580000)
  object space 901632K, 1% used [0x0000000080000000,0x0000000080d67d40,0x00000000b7080000)
 Metaspace       used 34730K, capacity 35092K, committed 35416K, reserved 1081344K
  class space    used 3959K, capacity 4060K, committed 4096K, reserved 1048576K
}
Event: 4.211 GC heap before
{Heap before GC invocations=4 (full 2):
 PSYoungGen      total 611840K, used 19245K [0x00000000d5580000, 0x0000000100000000, 0x0000000100000000)
  eden space 524800K, 0% used [0x00000000d5580000,0x00000000d5580000,0x00000000f5600000)
  from space 87040K, 22% used [0x00000000fab00000,0x00000000fbdcb530,0x0000000100000000)
  to   space 87040K, 0% used [0x00000000f5600000,0x00000000f5600000,0x00000000fab00000)
 ParOldGen       total 901632K, used 13727K [0x0000000080000000, 0x00000000b7080000, 0x00000000d5580000)
  object space 901632K, 1% used [0x0000000080000000,0x0000000080d67d40,0x00000000b7080000)
 Metaspace       used 34730K, capacity 35092K, committed 35416K, reserved 1081344K
  class space    used 3959K, capacity 4060K, committed 4096K, reserved 1048576K
Event: 4.308 GC heap after
Heap after GC invocations=4 (full 2):
 PSYoungGen      total 611840K, used 0K [0x00000000d5580000, 0x0000000100000000, 0x0000000100000000)
  eden space 524800K, 0% used [0x00000000d5580000,0x00000000d5580000,0x00000000f5600000)
  from space 87040K, 0% used [0x00000000fab00000,0x00000000fab00000,0x0000000100000000)
  to   space 87040K, 0% used [0x00000000f5600000,0x00000000f5600000,0x00000000fab00000)
 ParOldGen       total 1398272K, used 23529K [0x0000000080000000, 0x00000000d5580000, 0x00000000d5580000)
  object space 1398272K, 1% used [0x0000000080000000,0x00000000816fa768,0x00000000d5580000)
 Metaspace       used 34730K, capacity 35092K, committed 35416K, reserved 1081344K
  class space    used 3959K, capacity 4060K, committed 4096K, reserved 1048576K
}
Event: 11.440 GC heap before
{Heap before GC invocations=5 (full 2):
 PSYoungGen      total 611840K, used 505485K [0x00000000d5580000, 0x0000000100000000, 0x0000000100000000)
  eden space 524800K, 96% used [0x00000000d5580000,0x00000000f4323438,0x00000000f5600000)
  from space 87040K, 0% used [0x00000000fab00000,0x00000000fab00000,0x0000000100000000)
  to   space 87040K, 0% used [0x00000000f5600000,0x00000000f5600000,0x00000000fab00000)
 ParOldGen       total 1398272K, used 23529K [0x0000000080000000, 0x00000000d5580000, 0x00000000d5580000)
  object space 1398272K, 1% used [0x0000000080000000,0x00000000816fa768,0x00000000d5580000)
 Metaspace       used 57464K, capacity 58876K, committed 59028K, reserved 1101824K
  class space    used 6627K, capacity 6900K, committed 6912K, reserved 1048576K
Event: 11.521 GC heap after
Heap after GC invocations=5 (full 2):
 PSYoungGen      total 611840K, used 33902K [0x00000000d5580000, 0x0000000100000000, 0x0000000100000000)
  eden space 524800K, 0% used [0x00000000d5580000,0x00000000d5580000,0x00000000f5600000)
  from space 87040K, 38% used [0x00000000f5600000,0x00000000f771bab0,0x00000000fab00000)
  to   space 87040K, 0% used [0x00000000fab00000,0x00000000fab00000,0x0000000100000000)
 ParOldGen       total 1398272K, used 23537K [0x0000000080000000, 0x00000000d5580000, 0x00000000d5580000)
  object space 1398272K, 1% used [0x0000000080000000,0x00000000816fc768,0x00000000d5580000)
 Metaspace       used 57464K, capacity 58876K, committed 59028K, reserved 1101824K
  class space    used 6627K, capacity 6900K, committed 6912K, reserved 1048576K
}
Event: 11.521 GC heap before
{Heap before GC invocations=6 (full 3):
 PSYoungGen      total 611840K, used 33902K [0x00000000d5580000, 0x0000000100000000, 0x0000000100000000)
  eden space 524800K, 0% used [0x00000000d5580000,0x00000000d5580000,0x00000000f5600000)
  from space 87040K, 38% used [0x00000000f5600000,0x00000000f771bab0,0x00000000fab00000)
  to   space 87040K, 0% used [0x00000000fab00000,0x00000000fab00000,0x0000000100000000)
 ParOldGen       total 1398272K, used 23537K [0x0000000080000000, 0x00000000d5580000, 0x00000000d5580000)
  object space 1398272K, 1% used [0x0000000080000000,0x00000000816fc768,0x00000000d5580000)
 Metaspace       used 57464K, capacity 58876K, committed 59028K, reserved 1101824K
  class space    used 6627K, capacity 6900K, committed 6912K, reserved 1048576K
Event: 11.809 GC heap after
Heap after GC invocations=6 (full 3):
 PSYoungGen      total 611840K, used 0K [0x00000000d5580000, 0x0000000100000000, 0x0000000100000000)
  eden space 524800K, 0% used [0x00000000d5580000,0x00000000d5580000,0x00000000f5600000)
  from space 87040K, 0% used [0x00000000f5600000,0x00000000f5600000,0x00000000fab00000)
  to   space 87040K, 0% used [0x00000000fab00000,0x00000000fab00000,0x0000000100000000)
 ParOldGen       total 1398272K, used 44345K [0x0000000080000000, 0x00000000d5580000, 0x00000000d5580000)
  object space 1398272K, 3% used [0x0000000080000000,0x0000000082b4e5f8,0x00000000d5580000)
 Metaspace       used 57431K, capacity 58798K, committed 59028K, reserved 1101824K
  class space    used 6616K, capacity 6881K, committed 6912K, reserved 1048576K
}

