# JRE version: OpenJDK Runtime Environment (8.0_212-b04) (build 1.8.0_212-b04)
# Java VM: OpenJDK 64-Bit Server VM (25.212-b04 mixed mode linux-amd64 compressed oops)
Heap:
 PSYoungGen      total 560128K, used 271178K [0x00000000d5580000, 0x0000000100000000, 0x0000000100000000)
  eden space 421376K, 52% used [0x00000000d5580000,0x00000000e2d5b990,0x00000000ef100000)
  from space 138752K, 36% used [0x00000000ef100000,0x00000000f21f7250,0x00000000f7880000)
  to   space 128000K, 0% used [0x00000000f8300000,0x00000000f8300000,0x0000000100000000)
 ParOldGen       total 1398272K, used 112530K [0x0000000080000000, 0x00000000d5580000, 0x00000000d5580000)
  object space 1398272K, 8% used [0x0000000080000000,0x0000000086de4ab0,0x00000000d5580000)
 Metaspace       used 68224K, capacity 71284K, committed 71424K, reserved 1112064K
  class space    used 7606K, capacity 8156K, committed 8192K, reserved 1048576K
GC Heap History (10 events):
Event: 12.022 GC heap before
{Heap before GC invocations=6 (full 2):
 PSYoungGen      total 611840K, used 171966K [0x00000000d5580000, 0x0000000100000000, 0x0000000100000000)
  eden space 524800K, 27% used [0x00000000d5580000,0x00000000de288508,0x00000000f5600000)
  from space 87040K, 31% used [0x00000000f5600000,0x00000000f70e7400,0x00000000fab00000)
  to   space 87040K, 0% used [0x00000000fab00000,0x00000000fab00000,0x0000000100000000)
 ParOldGen       total 1398272K, used 23562K [0x0000000080000000, 0x00000000d5580000, 0x00000000d5580000)
  object space 1398272K, 1% used [0x0000000080000000,0x0000000081702a20,0x00000000d5580000)
 Metaspace       used 57188K, capacity 58938K, committed 59028K, reserved 1101824K
  class space    used 6621K, capacity 6951K, committed 7040K, reserved 1048576K
Event: 12.064 GC heap after
Heap after GC invocations=6 (full 2):
 PSYoungGen      total 611840K, used 20238K [0x00000000d5580000, 0x0000000100000000, 0x0000000100000000)
  eden space 524800K, 0% used [0x00000000d5580000,0x00000000d5580000,0x00000000f5600000)
  from space 87040K, 23% used [0x00000000fab00000,0x00000000fbec3830,0x0000000100000000)
  to   space 87040K, 0% used [0x00000000f5600000,0x00000000f5600000,0x00000000fab00000)
 ParOldGen       total 1398272K, used 23570K [0x0000000080000000, 0x00000000d5580000, 0x00000000d5580000)
  object space 1398272K, 1% used [0x0000000080000000,0x0000000081704a20,0x00000000d5580000)
 Metaspace       used 57188K, capacity 58938K, committed 59028K, reserved 1101824K
  class space    used 6621K, capacity 6951K, committed 7040K, reserved 1048576K
}
Event: 12.064 GC heap before
{Heap before GC invocations=7 (full 3):
 PSYoungGen      total 611840K, used 20238K [0x00000000d5580000, 0x0000000100000000, 0x0000000100000000)
  eden space 524800K, 0% used [0x00000000d5580000,0x00000000d5580000,0x00000000f5600000)
  from space 87040K, 23% used [0x00000000fab00000,0x00000000fbec3830,0x0000000100000000)
  to   space 87040K, 0% used [0x00000000f5600000,0x00000000f5600000,0x00000000fab00000)
 ParOldGen       total 1398272K, used 23570K [0x0000000080000000, 0x00000000d5580000, 0x00000000d5580000)
  object space 1398272K, 1% used [0x0000000080000000,0x0000000081704a20,0x00000000d5580000)
 Metaspace       used 57188K, capacity 58938K, committed 59028K, reserved 1101824K
  class space    used 6621K, capacity 6951K, committed 7040K, reserved 1048576K
Event: 12.357 GC heap after
Heap after GC invocations=7 (full 3):
 PSYoungGen      total 611840K, used 0K [0x00000000d5580000, 0x0000000100000000, 0x0000000100000000)
  eden space 524800K, 0% used [0x00000000d5580000,0x00000000d5580000,0x00000000f5600000)
  from space 87040K, 0% used [0x00000000fab00000,0x00000000fab00000,0x0000000100000000)
  to   space 87040K, 0% used [0x00000000f5600000,0x00000000f5600000,0x00000000fab00000)
 ParOldGen       total 1398272K, used 31757K [0x0000000080000000, 0x00000000d5580000, 0x00000000d5580000)
  object space 1398272K, 2% used [0x0000000080000000,0x0000000081f035d0,0x00000000d5580000)
 Metaspace       used 57081K, capacity 58652K, committed 59028K, reserved 1101824K
  class space    used 6584K, capacity 6884K, committed 7040K, reserved 1048576K
}
Event: 32.635 GC heap before
{Heap before GC invocations=8 (full 3):
 PSYoungGen      total 611840K, used 524800K [0x00000000d5580000, 0x0000000100000000, 0x0000000100000000)
  eden space 524800K, 100% used [0x00000000d5580000,0x00000000f5600000,0x00000000f5600000)
  from space 87040K, 0% used [0x00000000fab00000,0x00000000fab00000,0x0000000100000000)
  to   space 87040K, 0% used [0x00000000f5600000,0x00000000f5600000,0x00000000fab00000)
 ParOldGen       total 1398272K, used 31763K [0x0000000080000000, 0x00000000d5580000, 0x00000000d5580000)
  object space 1398272K, 2% used [0x0000000080000000,0x0000000081f04df0,0x00000000d5580000)
 Metaspace       used 65568K, capacity 68308K, committed 68480K, reserved 1110016K
  class space    used 7466K, capacity 7966K, committed 8064K, reserved 1048576K
Event: 32.892 GC heap after
Heap after GC invocations=8 (full 3):
 PSYoungGen      total 611840K, used 87035K [0x00000000d5580000, 0x00000000ffe00000, 0x0000000100000000)
  eden space 524800K, 0% used [0x00000000d5580000,0x00000000d5580000,0x00000000f5600000)
  from space 87040K, 99% used [0x00000000f5600000,0x00000000faafec58,0x00000000fab00000)
  to   space 84992K, 0% used [0x00000000fab00000,0x00000000fab00000,0x00000000ffe00000)
 ParOldGen       total 1398272K, used 53033K [0x0000000080000000, 0x00000000d5580000, 0x00000000d5580000)
  object space 1398272K, 3% used [0x0000000080000000,0x00000000833ca6a0,0x00000000d5580000)
 Metaspace       used 65568K, capacity 68308K, committed 68480K, reserved 1110016K
  class space    used 7466K, capacity 7966K, committed 8064K, reserved 1048576K
}
Event: 82.667 GC heap before
{Heap before GC invocations=9 (full 3):
 PSYoungGen      total 611840K, used 611835K [0x00000000d5580000, 0x00000000ffe00000, 0x0000000100000000)
  eden space 524800K, 100% used [0x00000000d5580000,0x00000000f5600000,0x00000000f5600000)
  from space 87040K, 99% used [0x00000000f5600000,0x00000000faafec58,0x00000000fab00000)
  to   space 84992K, 0% used [0x00000000fab00000,0x00000000fab00000,0x00000000ffe00000)
 ParOldGen       total 1398272K, used 53033K [0x0000000080000000, 0x00000000d5580000, 0x00000000d5580000)
  object space 1398272K, 3% used [0x0000000080000000,0x00000000833ca6a0,0x00000000d5580000)
 Metaspace       used 67214K, capacity 70066K, committed 70272K, reserved 1112064K
  class space    used 7524K, capacity 8039K, committed 8064K, reserved 1048576K
Event: 82.950 GC heap after
Heap after GC invocations=9 (full 3):
 PSYoungGen      total 506368K, used 84970K [0x00000000d5580000, 0x0000000100000000, 0x0000000100000000)
  eden space 421376K, 0% used [0x00000000d5580000,0x00000000d5580000,0x00000000ef100000)
  from space 84992K, 99% used [0x00000000fab00000,0x00000000ffdfaad8,0x00000000ffe00000)
  to   space 138752K, 0% used [0x00000000ef100000,0x00000000ef100000,0x00000000f7880000)
 ParOldGen       total 1398272K, used 112522K [0x0000000080000000, 0x00000000d5580000, 0x00000000d5580000)
  object space 1398272K, 8% used [0x0000000080000000,0x0000000086de2ab0,0x00000000d5580000)
 Metaspace       used 67214K, capacity 70066K, committed 70272K, reserved 1112064K
  class space    used 7524K, capacity 8039K, committed 8064K, reserved 1048576K
}
Event: 92.592 GC heap before
{Heap before GC invocations=10 (full 3):
 PSYoungGen      total 506368K, used 506346K [0x00000000d5580000, 0x0000000100000000, 0x0000000100000000)
  eden space 421376K, 100% used [0x00000000d5580000,0x00000000ef100000,0x00000000ef100000)
  from space 84992K, 99% used [0x00000000fab00000,0x00000000ffdfaad8,0x00000000ffe00000)
  to   space 138752K, 0% used [0x00000000ef100000,0x00000000ef100000,0x00000000f7880000)
 ParOldGen       total 1398272K, used 112522K [0x0000000080000000, 0x00000000d5580000, 0x00000000d5580000)
  object space 1398272K, 8% used [0x0000000080000000,0x0000000086de2ab0,0x00000000d5580000)
 Metaspace       used 68033K, capacity 70986K, committed 71168K, reserved 1112064K
  class space    used 7593K, capacity 8107K, committed 8192K, reserved 1048576K
Event: 92.684 GC heap after
Heap after GC invocations=10 (full 3):
 PSYoungGen      total 560128K, used 50140K [0x00000000d5580000, 0x0000000100000000, 0x0000000100000000)
  eden space 421376K, 0% used [0x00000000d5580000,0x00000000d5580000,0x00000000ef100000)
  from space 138752K, 36% used [0x00000000ef100000,0x00000000f21f7250,0x00000000f7880000)
  to   space 128000K, 0% used [0x00000000f8300000,0x00000000f8300000,0x0000000100000000)
 ParOldGen       total 1398272K, used 112530K [0x0000000080000000, 0x00000000d5580000, 0x00000000d5580000)
  object space 1398272K, 8% used [0x0000000080000000,0x0000000086de4ab0,0x00000000d5580000)
 Metaspace       used 68033K, capacity 70986K, committed 71168K, reserved 1112064K
  class space    used 7593K, capacity 8107K, committed 8192K, reserved 1048576K
}

