# JRE version: OpenJDK Runtime Environment (8.0_212-b04) (build 1.8.0_212-b04)
# Java VM: OpenJDK 64-Bit Server VM (25.212-b04 mixed mode linux-amd64 compressed oops)
Heap:
 PSYoungGen      total 611840K, used 559232K [0x00000000d5580000, 0x0000000100000000, 0x0000000100000000)
  eden space 524800K, 93% used [0x00000000d5580000,0x00000000f36fbf08,0x00000000f5600000)
  from space 87040K, 76% used [0x00000000fab00000,0x00000000feba4180,0x0000000100000000)
  to   space 87040K, 0% used [0x00000000f5600000,0x00000000f5600000,0x00000000fab00000)
 ParOldGen       total 1398272K, used 41925K [0x0000000080000000, 0x00000000d5580000, 0x00000000d5580000)
  object space 1398272K, 2% used [0x0000000080000000,0x00000000828f14f8,0x00000000d5580000)
 Metaspace       used 67861K, capacity 70640K, committed 70784K, reserved 1112064K
  class space    used 7589K, capacity 8064K, committed 8064K, reserved 1048576K
GC Heap History (10 events):
Event: 4.543 GC heap before
{Heap before GC invocations=3 (full 1):
 PSYoungGen      total 611840K, used 413810K [0x00000000d5580000, 0x0000000100000000, 0x0000000100000000)
  eden space 524800K, 78% used [0x00000000d5580000,0x00000000ee99cb20,0x00000000f5600000)
  from space 87040K, 0% used [0x00000000f5600000,0x00000000f5600000,0x00000000fab00000)
  to   space 87040K, 0% used [0x00000000fab00000,0x00000000fab00000,0x0000000100000000)
 ParOldGen       total 895488K, used 13852K [0x0000000080000000, 0x00000000b6a80000, 0x00000000d5580000)
  object space 895488K, 1% used [0x0000000080000000,0x0000000080d87090,0x00000000b6a80000)
 Metaspace       used 34801K, capacity 35156K, committed 35416K, reserved 1081344K
  class space    used 3962K, capacity 4060K, committed 4096K, reserved 1048576K
Event: 4.581 GC heap after
Heap after GC invocations=3 (full 1):
 PSYoungGen      total 611840K, used 19129K [0x00000000d5580000, 0x0000000100000000, 0x0000000100000000)
  eden space 524800K, 0% used [0x00000000d5580000,0x00000000d5580000,0x00000000f5600000)
  from space 87040K, 21% used [0x00000000fab00000,0x00000000fbdae758,0x0000000100000000)
  to   space 87040K, 0% used [0x00000000f5600000,0x00000000f5600000,0x00000000fab00000)
 ParOldGen       total 895488K, used 13860K [0x0000000080000000, 0x00000000b6a80000, 0x00000000d5580000)
  object space 895488K, 1% used [0x0000000080000000,0x0000000080d89090,0x00000000b6a80000)
 Metaspace       used 34801K, capacity 35156K, committed 35416K, reserved 1081344K
  class space    used 3962K, capacity 4060K, committed 4096K, reserved 1048576K
}
Event: 4.582 GC heap before
{Heap before GC invocations=4 (full 2):
 PSYoungGen      total 611840K, used 19129K [0x00000000d5580000, 0x0000000100000000, 0x0000000100000000)
  eden space 524800K, 0% used [0x00000000d5580000,0x00000000d5580000,0x00000000f5600000)
  from space 87040K, 21% used [0x00000000fab00000,0x00000000fbdae758,0x0000000100000000)
  to   space 87040K, 0% used [0x00000000f5600000,0x00000000f5600000,0x00000000fab00000)
 ParOldGen       total 895488K, used 13860K [0x0000000080000000, 0x00000000b6a80000, 0x00000000d5580000)
  object space 895488K, 1% used [0x0000000080000000,0x0000000080d89090,0x00000000b6a80000)
 Metaspace       used 34801K, capacity 35156K, committed 35416K, reserved 1081344K
  class space    used 3962K, capacity 4060K, committed 4096K, reserved 1048576K
Event: 4.687 GC heap after
Heap after GC invocations=4 (full 2):
 PSYoungGen      total 611840K, used 0K [0x00000000d5580000, 0x0000000100000000, 0x0000000100000000)
  eden space 524800K, 0% used [0x00000000d5580000,0x00000000d5580000,0x00000000f5600000)
  from space 87040K, 0% used [0x00000000fab00000,0x00000000fab00000,0x0000000100000000)
  to   space 87040K, 0% used [0x00000000f5600000,0x00000000f5600000,0x00000000fab00000)
 ParOldGen       total 1398272K, used 23544K [0x0000000080000000, 0x00000000d5580000, 0x00000000d5580000)
  object space 1398272K, 1% used [0x0000000080000000,0x00000000816fe300,0x00000000d5580000)
 Metaspace       used 34801K, capacity 35156K, committed 35416K, reserved 1081344K
  class space    used 3962K, capacity 4060K, committed 4096K, reserved 1048576K
}
Event: 11.609 GC heap before
{Heap before GC invocations=5 (full 2):
 PSYoungGen      total 611840K, used 457018K [0x00000000d5580000, 0x0000000100000000, 0x0000000100000000)
  eden space 524800K, 87% used [0x00000000d5580000,0x00000000f13ce9b8,0x00000000f5600000)
  from space 87040K, 0% used [0x00000000fab00000,0x00000000fab00000,0x0000000100000000)
  to   space 87040K, 0% used [0x00000000f5600000,0x00000000f5600000,0x00000000fab00000)
 ParOldGen       total 1398272K, used 23544K [0x0000000080000000, 0x00000000d5580000, 0x00000000d5580000)
  object space 1398272K, 1% used [0x0000000080000000,0x00000000816fe300,0x00000000d5580000)
 Metaspace       used 57340K, capacity 58854K, committed 59028K, reserved 1101824K
  class space    used 6635K, capacity 6909K, committed 6912K, reserved 1048576K
Event: 11.667 GC heap after
Heap after GC invocations=5 (full 2):
 PSYoungGen      total 611840K, used 31411K [0x00000000d5580000, 0x0000000100000000, 0x0000000100000000)
  eden space 524800K, 0% used [0x00000000d5580000,0x00000000d5580000,0x00000000f5600000)
  from space 87040K, 36% used [0x00000000f5600000,0x00000000f74ace48,0x00000000fab00000)
  to   space 87040K, 0% used [0x00000000fab00000,0x00000000fab00000,0x0000000100000000)
 ParOldGen       total 1398272K, used 23552K [0x0000000080000000, 0x00000000d5580000, 0x00000000d5580000)
  object space 1398272K, 1% used [0x0000000080000000,0x0000000081700300,0x00000000d5580000)
 Metaspace       used 57340K, capacity 58854K, committed 59028K, reserved 1101824K
  class space    used 6635K, capacity 6909K, committed 6912K, reserved 1048576K
}
Event: 11.667 GC heap before
{Heap before GC invocations=6 (full 3):
 PSYoungGen      total 611840K, used 31411K [0x00000000d5580000, 0x0000000100000000, 0x0000000100000000)
  eden space 524800K, 0% used [0x00000000d5580000,0x00000000d5580000,0x00000000f5600000)
  from space 87040K, 36% used [0x00000000f5600000,0x00000000f74ace48,0x00000000fab00000)
  to   space 87040K, 0% used [0x00000000fab00000,0x00000000fab00000,0x0000000100000000)
 ParOldGen       total 1398272K, used 23552K [0x0000000080000000, 0x00000000d5580000, 0x00000000d5580000)
  object space 1398272K, 1% used [0x0000000080000000,0x0000000081700300,0x00000000d5580000)
 Metaspace       used 57340K, capacity 58854K, committed 59028K, reserved 1101824K
  class space    used 6635K, capacity 6909K, committed 6912K, reserved 1048576K
Event: 11.914 GC heap after
Heap after GC invocations=6 (full 3):
 PSYoungGen      total 611840K, used 0K [0x00000000d5580000, 0x0000000100000000, 0x0000000100000000)
  eden space 524800K, 0% used [0x00000000d5580000,0x00000000d5580000,0x00000000f5600000)
  from space 87040K, 0% used [0x00000000f5600000,0x00000000f5600000,0x00000000fab00000)
  to   space 87040K, 0% used [0x00000000fab00000,0x00000000fab00000,0x0000000100000000)
 ParOldGen       total 1398272K, used 41925K [0x0000000080000000, 0x00000000d5580000, 0x00000000d5580000)
  object space 1398272K, 2% used [0x0000000080000000,0x00000000828f14f8,0x00000000d5580000)
 Metaspace       used 57299K, capacity 58750K, committed 59028K, reserved 1101824K
  class space    used 6619K, capacity 6883K, committed 6912K, reserved 1048576K
}
Event: 112.581 GC heap before
{Heap before GC invocations=7 (full 3):
 PSYoungGen      total 611840K, used 524800K [0x00000000d5580000, 0x0000000100000000, 0x0000000100000000)
  eden space 524800K, 100% used [0x00000000d5580000,0x00000000f5600000,0x00000000f5600000)
  from space 87040K, 0% used [0x00000000f5600000,0x00000000f5600000,0x00000000fab00000)
  to   space 87040K, 0% used [0x00000000fab00000,0x00000000fab00000,0x0000000100000000)
 ParOldGen       total 1398272K, used 41925K [0x0000000080000000, 0x00000000d5580000, 0x00000000d5580000)
  object space 1398272K, 2% used [0x0000000080000000,0x00000000828f14f8,0x00000000d5580000)
 Metaspace       used 67030K, capacity 69736K, committed 69760K, reserved 1112064K
  class space    used 7574K, capacity 8040K, committed 8064K, reserved 1048576K
Event: 112.746 GC heap after
Heap after GC invocations=7 (full 3):
 PSYoungGen      total 611840K, used 66192K [0x00000000d5580000, 0x0000000100000000, 0x0000000100000000)
  eden space 524800K, 0% used [0x00000000d5580000,0x00000000d5580000,0x00000000f5600000)
  from space 87040K, 76% used [0x00000000fab00000,0x00000000feba4180,0x0000000100000000)
  to   space 87040K, 0% used [0x00000000f5600000,0x00000000f5600000,0x00000000fab00000)
 ParOldGen       total 1398272K, used 41925K [0x0000000080000000, 0x00000000d5580000, 0x00000000d5580000)
  object space 1398272K, 2% used [0x0000000080000000,0x00000000828f14f8,0x00000000d5580000)
 Metaspace       used 67030K, capacity 69736K, committed 69760K, reserved 1112064K
  class space    used 7574K, capacity 8040K, committed 8064K, reserved 1048576K
}

