# JRE version: OpenJDK Runtime Environment (8.0_212-b04) (build 1.8.0_212-b04)
# Java VM: OpenJDK 64-Bit Server VM (25.212-b04 mixed mode linux-amd64 compressed oops)
Heap:
 PSYoungGen      total 611840K, used 535318K [0x00000000d5580000, 0x00000000fe900000, 0x0000000100000000)
  eden space 524800K, 85% used [0x00000000d5580000,0x00000000f0b47548,0x00000000f5600000)
  from space 87040K, 99% used [0x00000000f5600000,0x00000000faafe530,0x00000000fab00000)
  to   space 63488K, 0% used [0x00000000fab00000,0x00000000fab00000,0x00000000fe900000)
 ParOldGen       total 1398272K, used 37815K [0x0000000080000000, 0x00000000d5580000, 0x00000000d5580000)
  object space 1398272K, 2% used [0x0000000080000000,0x00000000824edf08,0x00000000d5580000)
 Metaspace       used 67628K, capacity 70626K, committed 70912K, reserved 1112064K
  class space    used 7615K, capacity 8135K, committed 8192K, reserved 1048576K
GC Heap History (10 events):
Event: 4.391 GC heap before
{Heap before GC invocations=4 (full 2):
 PSYoungGen      total 611840K, used 19211K [0x00000000d5580000, 0x0000000100000000, 0x0000000100000000)
  eden space 524800K, 0% used [0x00000000d5580000,0x00000000d5580000,0x00000000f5600000)
  from space 87040K, 22% used [0x00000000fab00000,0x00000000fbdc2c88,0x0000000100000000)
  to   space 87040K, 0% used [0x00000000f5600000,0x00000000f5600000,0x00000000fab00000)
 ParOldGen       total 911872K, used 13752K [0x0000000080000000, 0x00000000b7a80000, 0x00000000d5580000)
  object space 911872K, 1% used [0x0000000080000000,0x0000000080d6e200,0x00000000b7a80000)
 Metaspace       used 34775K, capacity 35182K, committed 35416K, reserved 1081344K
  class space    used 3973K, capacity 4091K, committed 4096K, reserved 1048576K
Event: 4.467 GC heap after
Heap after GC invocations=4 (full 2):
 PSYoungGen      total 611840K, used 0K [0x00000000d5580000, 0x0000000100000000, 0x0000000100000000)
  eden space 524800K, 0% used [0x00000000d5580000,0x00000000d5580000,0x00000000f5600000)
  from space 87040K, 0% used [0x00000000fab00000,0x00000000fab00000,0x0000000100000000)
  to   space 87040K, 0% used [0x00000000f5600000,0x00000000f5600000,0x00000000fab00000)
 ParOldGen       total 1398272K, used 23581K [0x0000000080000000, 0x00000000d5580000, 0x00000000d5580000)
  object space 1398272K, 1% used [0x0000000080000000,0x0000000081707588,0x00000000d5580000)
 Metaspace       used 34775K, capacity 35182K, committed 35416K, reserved 1081344K
  class space    used 3973K, capacity 4091K, committed 4096K, reserved 1048576K
}
Event: 10.918 GC heap before
{Heap before GC invocations=5 (full 2):
 PSYoungGen      total 611840K, used 524800K [0x00000000d5580000, 0x0000000100000000, 0x0000000100000000)
  eden space 524800K, 100% used [0x00000000d5580000,0x00000000f5600000,0x00000000f5600000)
  from space 87040K, 0% used [0x00000000fab00000,0x00000000fab00000,0x0000000100000000)
  to   space 87040K, 0% used [0x00000000f5600000,0x00000000f5600000,0x00000000fab00000)
 ParOldGen       total 1398272K, used 23581K [0x0000000080000000, 0x00000000d5580000, 0x00000000d5580000)
  object space 1398272K, 1% used [0x0000000080000000,0x0000000081707588,0x00000000d5580000)
 Metaspace       used 52613K, capacity 53954K, committed 54016K, reserved 1097728K
  class space    used 6153K, capacity 6391K, committed 6400K, reserved 1048576K
Event: 10.986 GC heap after
Heap after GC invocations=5 (full 2):
 PSYoungGen      total 611840K, used 28113K [0x00000000d5580000, 0x0000000100000000, 0x0000000100000000)
  eden space 524800K, 0% used [0x00000000d5580000,0x00000000d5580000,0x00000000f5600000)
  from space 87040K, 32% used [0x00000000f5600000,0x00000000f7174480,0x00000000fab00000)
  to   space 87040K, 0% used [0x00000000fab00000,0x00000000fab00000,0x0000000100000000)
 ParOldGen       total 1398272K, used 23589K [0x0000000080000000, 0x00000000d5580000, 0x00000000d5580000)
  object space 1398272K, 1% used [0x0000000080000000,0x0000000081709588,0x00000000d5580000)
 Metaspace       used 52613K, capacity 53954K, committed 54016K, reserved 1097728K
  class space    used 6153K, capacity 6391K, committed 6400K, reserved 1048576K
}
Event: 12.802 GC heap before
{Heap before GC invocations=6 (full 2):
 PSYoungGen      total 611840K, used 191422K [0x00000000d5580000, 0x0000000100000000, 0x0000000100000000)
  eden space 524800K, 31% used [0x00000000d5580000,0x00000000df4fb658,0x00000000f5600000)
  from space 87040K, 32% used [0x00000000f5600000,0x00000000f7174480,0x00000000fab00000)
  to   space 87040K, 0% used [0x00000000fab00000,0x00000000fab00000,0x0000000100000000)
 ParOldGen       total 1398272K, used 23589K [0x0000000080000000, 0x00000000d5580000, 0x00000000d5580000)
  object space 1398272K, 1% used [0x0000000080000000,0x0000000081709588,0x00000000d5580000)
 Metaspace       used 57170K, capacity 58842K, committed 59008K, reserved 1101824K
  class space    used 6610K, capacity 6931K, committed 7040K, reserved 1048576K
Event: 12.838 GC heap after
Heap after GC invocations=6 (full 2):
 PSYoungGen      total 611840K, used 25818K [0x00000000d5580000, 0x0000000100000000, 0x0000000100000000)
  eden space 524800K, 0% used [0x00000000d5580000,0x00000000d5580000,0x00000000f5600000)
  from space 87040K, 29% used [0x00000000fab00000,0x00000000fc436870,0x0000000100000000)
  to   space 87040K, 0% used [0x00000000f5600000,0x00000000f5600000,0x00000000fab00000)
 ParOldGen       total 1398272K, used 23597K [0x0000000080000000, 0x00000000d5580000, 0x00000000d5580000)
  object space 1398272K, 1% used [0x0000000080000000,0x000000008170b588,0x00000000d5580000)
 Metaspace       used 57170K, capacity 58842K, committed 59008K, reserved 1101824K
  class space    used 6610K, capacity 6931K, committed 7040K, reserved 1048576K
}
Event: 12.838 GC heap before
{Heap before GC invocations=7 (full 3):
 PSYoungGen      total 611840K, used 25818K [0x00000000d5580000, 0x0000000100000000, 0x0000000100000000)
  eden space 524800K, 0% used [0x00000000d5580000,0x00000000d5580000,0x00000000f5600000)
  from space 87040K, 29% used [0x00000000fab00000,0x00000000fc436870,0x0000000100000000)
  to   space 87040K, 0% used [0x00000000f5600000,0x00000000f5600000,0x00000000fab00000)
 ParOldGen       total 1398272K, used 23597K [0x0000000080000000, 0x00000000d5580000, 0x00000000d5580000)
  object space 1398272K, 1% used [0x0000000080000000,0x000000008170b588,0x00000000d5580000)
 Metaspace       used 57170K, capacity 58842K, committed 59008K, reserved 1101824K
  class space    used 6610K, capacity 6931K, committed 7040K, reserved 1048576K
Event: 13.094 GC heap after
Heap after GC invocations=7 (full 3):
 PSYoungGen      total 611840K, used 0K [0x00000000d5580000, 0x0000000100000000, 0x0000000100000000)
  eden space 524800K, 0% used [0x00000000d5580000,0x00000000d5580000,0x00000000f5600000)
  from space 87040K, 0% used [0x00000000fab00000,0x00000000fab00000,0x0000000100000000)
  to   space 87040K, 0% used [0x00000000f5600000,0x00000000f5600000,0x00000000fab00000)
 ParOldGen       total 1398272K, used 37255K [0x0000000080000000, 0x00000000d5580000, 0x00000000d5580000)
  object space 1398272K, 2% used [0x0000000080000000,0x0000000082461db0,0x00000000d5580000)
 Metaspace       used 57076K, capacity 58576K, committed 59008K, reserved 1101824K
  class space    used 6578K, capacity 6874K, committed 7040K, reserved 1048576K
}
Event: 49.324 GC heap before
{Heap before GC invocations=8 (full 3):
 PSYoungGen      total 611840K, used 524800K [0x00000000d5580000, 0x0000000100000000, 0x0000000100000000)
  eden space 524800K, 100% used [0x00000000d5580000,0x00000000f5600000,0x00000000f5600000)
  from space 87040K, 0% used [0x00000000fab00000,0x00000000fab00000,0x0000000100000000)
  to   space 87040K, 0% used [0x00000000f5600000,0x00000000f5600000,0x00000000fab00000)
 ParOldGen       total 1398272K, used 37255K [0x0000000080000000, 0x00000000d5580000, 0x00000000d5580000)
  object space 1398272K, 2% used [0x0000000080000000,0x0000000082461db0,0x00000000d5580000)
 Metaspace       used 65817K, capacity 68620K, committed 68736K, reserved 1110016K
  class space    used 7504K, capacity 8038K, committed 8064K, reserved 1048576K
Event: 49.474 GC heap after
Heap after GC invocations=8 (full 3):
 PSYoungGen      total 611840K, used 87033K [0x00000000d5580000, 0x00000000fe900000, 0x0000000100000000)
  eden space 524800K, 0% used [0x00000000d5580000,0x00000000d5580000,0x00000000f5600000)
  from space 87040K, 99% used [0x00000000f5600000,0x00000000faafe530,0x00000000fab00000)
  to   space 63488K, 0% used [0x00000000fab00000,0x00000000fab00000,0x00000000fe900000)
 ParOldGen       total 1398272K, used 37815K [0x0000000080000000, 0x00000000d5580000, 0x00000000d5580000)
  object space 1398272K, 2% used [0x0000000080000000,0x00000000824edf08,0x00000000d5580000)
 Metaspace       used 65817K, capacity 68620K, committed 68736K, reserved 1110016K
  class space    used 7504K, capacity 8038K, committed 8064K, reserved 1048576K
}

