# JRE version: OpenJDK Runtime Environment (8.0_212-b04) (build 1.8.0_212-b04)
# Java VM: OpenJDK 64-Bit Server VM (25.212-b04 mixed mode linux-amd64 compressed oops)
Heap:
 PSYoungGen      total 611840K, used 461509K [0x00000000d5580000, 0x0000000100000000, 0x0000000100000000)
  eden space 524800K, 87% used [0x00000000d5580000,0x00000000f1831708,0x00000000f5600000)
  from space 87040K, 0% used [0x00000000f5600000,0x00000000f5600000,0x00000000fab00000)
  to   space 87040K, 0% used [0x00000000fab00000,0x00000000fab00000,0x0000000100000000)
 ParOldGen       total 1398272K, used 44606K [0x0000000080000000, 0x00000000d5580000, 0x00000000d5580000)
  object space 1398272K, 3% used [0x0000000080000000,0x0000000082b8f858,0x00000000d5580000)
 Metaspace       used 65423K, capacity 68224K, committed 68480K, reserved 1110016K
  class space    used 7502K, capacity 7988K, committed 8064K, reserved 1048576K
GC Heap History (10 events):
Event: 1.945 GC heap before
{Heap before GC invocations=2 (full 1):
 PSYoungGen      total 611840K, used 14265K [0x00000000d5580000, 0x0000000100000000, 0x0000000100000000)
  eden space 524800K, 0% used [0x00000000d5580000,0x00000000d5580000,0x00000000f5600000)
  from space 87040K, 16% used [0x00000000f5600000,0x00000000f63ee758,0x00000000fab00000)
  to   space 87040K, 0% used [0x00000000fab00000,0x00000000fab00000,0x0000000100000000)
 ParOldGen       total 1398272K, used 80K [0x0000000080000000, 0x00000000d5580000, 0x00000000d5580000)
  object space 1398272K, 0% used [0x0000000080000000,0x0000000080014010,0x00000000d5580000)
 Metaspace       used 20819K, capacity 21106K, committed 21248K, reserved 1069056K
  class space    used 2364K, capacity 2482K, committed 2560K, reserved 1048576K
Event: 2.003 GC heap after
Heap after GC invocations=2 (full 1):
 PSYoungGen      total 611840K, used 0K [0x00000000d5580000, 0x0000000100000000, 0x0000000100000000)
  eden space 524800K, 0% used [0x00000000d5580000,0x00000000d5580000,0x00000000f5600000)
  from space 87040K, 0% used [0x00000000f5600000,0x00000000f5600000,0x00000000fab00000)
  to   space 87040K, 0% used [0x00000000fab00000,0x00000000fab00000,0x0000000100000000)
 ParOldGen       total 908800K, used 13741K [0x0000000080000000, 0x00000000b7780000, 0x00000000d5580000)
  object space 908800K, 1% used [0x0000000080000000,0x0000000080d6b488,0x00000000b7780000)
 Metaspace       used 20819K, capacity 21106K, committed 21248K, reserved 1069056K
  class space    used 2364K, capacity 2482K, committed 2560K, reserved 1048576K
}
Event: 3.943 GC heap before
{Heap before GC invocations=3 (full 1):
 PSYoungGen      total 611840K, used 434996K [0x00000000d5580000, 0x0000000100000000, 0x0000000100000000)
  eden space 524800K, 82% used [0x00000000d5580000,0x00000000efe4d1e8,0x00000000f5600000)
  from space 87040K, 0% used [0x00000000f5600000,0x00000000f5600000,0x00000000fab00000)
  to   space 87040K, 0% used [0x00000000fab00000,0x00000000fab00000,0x0000000100000000)
 ParOldGen       total 908800K, used 13741K [0x0000000080000000, 0x00000000b7780000, 0x00000000d5580000)
  object space 908800K, 1% used [0x0000000080000000,0x0000000080d6b488,0x00000000b7780000)
 Metaspace       used 34728K, capacity 35118K, committed 35416K, reserved 1081344K
  class space    used 3969K, capacity 4091K, committed 4096K, reserved 1048576K
Event: 3.977 GC heap after
Heap after GC invocations=3 (full 1):
 PSYoungGen      total 611840K, used 19217K [0x00000000d5580000, 0x0000000100000000, 0x0000000100000000)
  eden space 524800K, 0% used [0x00000000d5580000,0x00000000d5580000,0x00000000f5600000)
  from space 87040K, 22% used [0x00000000fab00000,0x00000000fbdc4778,0x0000000100000000)
  to   space 87040K, 0% used [0x00000000f5600000,0x00000000f5600000,0x00000000fab00000)
 ParOldGen       total 908800K, used 13749K [0x0000000080000000, 0x00000000b7780000, 0x00000000d5580000)
  object space 908800K, 1% used [0x0000000080000000,0x0000000080d6d488,0x00000000b7780000)
 Metaspace       used 34728K, capacity 35118K, committed 35416K, reserved 1081344K
  class space    used 3969K, capacity 4091K, committed 4096K, reserved 1048576K
}
Event: 3.977 GC heap before
{Heap before GC invocations=4 (full 2):
 PSYoungGen      total 611840K, used 19217K [0x00000000d5580000, 0x0000000100000000, 0x0000000100000000)
  eden space 524800K, 0% used [0x00000000d5580000,0x00000000d5580000,0x00000000f5600000)
  from space 87040K, 22% used [0x00000000fab00000,0x00000000fbdc4778,0x0000000100000000)
  to   space 87040K, 0% used [0x00000000f5600000,0x00000000f5600000,0x00000000fab00000)
 ParOldGen       total 908800K, used 13749K [0x0000000080000000, 0x00000000b7780000, 0x00000000d5580000)
  object space 908800K, 1% used [0x0000000080000000,0x0000000080d6d488,0x00000000b7780000)
 Metaspace       used 34728K, capacity 35118K, committed 35416K, reserved 1081344K
  class space    used 3969K, capacity 4091K, committed 4096K, reserved 1048576K
Event: 4.060 GC heap after
Heap after GC invocations=4 (full 2):
 PSYoungGen      total 611840K, used 0K [0x00000000d5580000, 0x0000000100000000, 0x0000000100000000)
  eden space 524800K, 0% used [0x00000000d5580000,0x00000000d5580000,0x00000000f5600000)
  from space 87040K, 0% used [0x00000000fab00000,0x00000000fab00000,0x0000000100000000)
  to   space 87040K, 0% used [0x00000000f5600000,0x00000000f5600000,0x00000000fab00000)
 ParOldGen       total 1398272K, used 23562K [0x0000000080000000, 0x00000000d5580000, 0x00000000d5580000)
  object space 1398272K, 1% used [0x0000000080000000,0x0000000081702828,0x00000000d5580000)
 Metaspace       used 34728K, capacity 35118K, committed 35416K, reserved 1081344K
  class space    used 3969K, capacity 4091K, committed 4096K, reserved 1048576K
}
Event: 10.438 GC heap before
{Heap before GC invocations=5 (full 2):
 PSYoungGen      total 611840K, used 513224K [0x00000000d5580000, 0x0000000100000000, 0x0000000100000000)
  eden space 524800K, 97% used [0x00000000d5580000,0x00000000f4ab2258,0x00000000f5600000)
  from space 87040K, 0% used [0x00000000fab00000,0x00000000fab00000,0x0000000100000000)
  to   space 87040K, 0% used [0x00000000f5600000,0x00000000f5600000,0x00000000fab00000)
 ParOldGen       total 1398272K, used 23562K [0x0000000080000000, 0x00000000d5580000, 0x00000000d5580000)
  object space 1398272K, 1% used [0x0000000080000000,0x0000000081702828,0x00000000d5580000)
 Metaspace       used 57420K, capacity 58858K, committed 59008K, reserved 1101824K
  class space    used 6650K, capacity 6945K, committed 7040K, reserved 1048576K
Event: 10.492 GC heap after
Heap after GC invocations=5 (full 2):
 PSYoungGen      total 611840K, used 34082K [0x00000000d5580000, 0x0000000100000000, 0x0000000100000000)
  eden space 524800K, 0% used [0x00000000d5580000,0x00000000d5580000,0x00000000f5600000)
  from space 87040K, 39% used [0x00000000f5600000,0x00000000f7748a20,0x00000000fab00000)
  to   space 87040K, 0% used [0x00000000fab00000,0x00000000fab00000,0x0000000100000000)
 ParOldGen       total 1398272K, used 23570K [0x0000000080000000, 0x00000000d5580000, 0x00000000d5580000)
  object space 1398272K, 1% used [0x0000000080000000,0x0000000081704828,0x00000000d5580000)
 Metaspace       used 57420K, capacity 58858K, committed 59008K, reserved 1101824K
  class space    used 6650K, capacity 6945K, committed 7040K, reserved 1048576K
}
Event: 10.492 GC heap before
{Heap before GC invocations=6 (full 3):
 PSYoungGen      total 611840K, used 34082K [0x00000000d5580000, 0x0000000100000000, 0x0000000100000000)
  eden space 524800K, 0% used [0x00000000d5580000,0x00000000d5580000,0x00000000f5600000)
  from space 87040K, 39% used [0x00000000f5600000,0x00000000f7748a20,0x00000000fab00000)
  to   space 87040K, 0% used [0x00000000fab00000,0x00000000fab00000,0x0000000100000000)
 ParOldGen       total 1398272K, used 23570K [0x0000000080000000, 0x00000000d5580000, 0x00000000d5580000)
  object space 1398272K, 1% used [0x0000000080000000,0x0000000081704828,0x00000000d5580000)
 Metaspace       used 57420K, capacity 58858K, committed 59008K, reserved 1101824K
  class space    used 6650K, capacity 6945K, committed 7040K, reserved 1048576K
Event: 10.726 GC heap after
Heap after GC invocations=6 (full 3):
 PSYoungGen      total 611840K, used 0K [0x00000000d5580000, 0x0000000100000000, 0x0000000100000000)
  eden space 524800K, 0% used [0x00000000d5580000,0x00000000d5580000,0x00000000f5600000)
  from space 87040K, 0% used [0x00000000f5600000,0x00000000f5600000,0x00000000fab00000)
  to   space 87040K, 0% used [0x00000000fab00000,0x00000000fab00000,0x0000000100000000)
 ParOldGen       total 1398272K, used 44606K [0x0000000080000000, 0x00000000d5580000, 0x00000000d5580000)
  object space 1398272K, 3% used [0x0000000080000000,0x0000000082b8f858,0x00000000d5580000)
 Metaspace       used 57387K, capacity 58778K, committed 59008K, reserved 1101824K
  class space    used 6638K, capacity 6925K, committed 7040K, reserved 1048576K
}

