# JRE version: OpenJDK Runtime Environment (8.0_212-b04) (build 1.8.0_212-b04)
# Java VM: OpenJDK 64-Bit Server VM (25.212-b04 mixed mode linux-amd64 compressed oops)
Heap:
 PSYoungGen      total 611840K, used 327444K [0x00000000d5580000, 0x0000000100000000, 0x0000000100000000)
  eden space 524800K, 62% used [0x00000000d5580000,0x00000000e95452a0,0x00000000f5600000)
  from space 87040K, 0% used [0x00000000fab00000,0x00000000fab00000,0x0000000100000000)
  to   space 87040K, 0% used [0x00000000f5600000,0x00000000f5600000,0x00000000fab00000)
 ParOldGen       total 1398272K, used 28330K [0x0000000080000000, 0x00000000d5580000, 0x00000000d5580000)
  object space 1398272K, 2% used [0x0000000080000000,0x0000000081baa958,0x00000000d5580000)
 Metaspace       used 65381K, capacity 68174K, committed 68224K, reserved 1110016K
  class space    used 7537K, capacity 8037K, committed 8064K, reserved 1048576K
GC Heap History (10 events):
Event: 5.024 GC heap before
{Heap before GC invocations=3 (full 1):
 PSYoungGen      total 611840K, used 469725K [0x00000000d5580000, 0x0000000100000000, 0x0000000100000000)
  eden space 524800K, 89% used [0x00000000d5580000,0x00000000f20377f0,0x00000000f5600000)
  from space 87040K, 0% used [0x00000000f5600000,0x00000000f5600000,0x00000000fab00000)
  to   space 87040K, 0% used [0x00000000fab00000,0x00000000fab00000,0x0000000100000000)
 ParOldGen       total 880640K, used 14262K [0x0000000080000000, 0x00000000b5c00000, 0x00000000d5580000)
  object space 880640K, 1% used [0x0000000080000000,0x0000000080ded968,0x00000000b5c00000)
 Metaspace       used 34777K, capacity 35124K, committed 35416K, reserved 1081344K
  class space    used 3969K, capacity 4092K, committed 4096K, reserved 1048576K
Event: 5.073 GC heap after
Heap after GC invocations=3 (full 1):
 PSYoungGen      total 611840K, used 19395K [0x00000000d5580000, 0x0000000100000000, 0x0000000100000000)
  eden space 524800K, 0% used [0x00000000d5580000,0x00000000d5580000,0x00000000f5600000)
  from space 87040K, 22% used [0x00000000fab00000,0x00000000fbdf0e50,0x0000000100000000)
  to   space 87040K, 0% used [0x00000000f5600000,0x00000000f5600000,0x00000000fab00000)
 ParOldGen       total 880640K, used 14262K [0x0000000080000000, 0x00000000b5c00000, 0x00000000d5580000)
  object space 880640K, 1% used [0x0000000080000000,0x0000000080ded968,0x00000000b5c00000)
 Metaspace       used 34777K, capacity 35124K, committed 35416K, reserved 1081344K
  class space    used 3969K, capacity 4092K, committed 4096K, reserved 1048576K
}
Event: 5.073 GC heap before
{Heap before GC invocations=4 (full 2):
 PSYoungGen      total 611840K, used 19395K [0x00000000d5580000, 0x0000000100000000, 0x0000000100000000)
  eden space 524800K, 0% used [0x00000000d5580000,0x00000000d5580000,0x00000000f5600000)
  from space 87040K, 22% used [0x00000000fab00000,0x00000000fbdf0e50,0x0000000100000000)
  to   space 87040K, 0% used [0x00000000f5600000,0x00000000f5600000,0x00000000fab00000)
 ParOldGen       total 880640K, used 14262K [0x0000000080000000, 0x00000000b5c00000, 0x00000000d5580000)
  object space 880640K, 1% used [0x0000000080000000,0x0000000080ded968,0x00000000b5c00000)
 Metaspace       used 34777K, capacity 35124K, committed 35416K, reserved 1081344K
  class space    used 3969K, capacity 4092K, committed 4096K, reserved 1048576K
Event: 5.252 GC heap after
Heap after GC invocations=4 (full 2):
 PSYoungGen      total 611840K, used 0K [0x00000000d5580000, 0x0000000100000000, 0x0000000100000000)
  eden space 524800K, 0% used [0x00000000d5580000,0x00000000d5580000,0x00000000f5600000)
  from space 87040K, 0% used [0x00000000fab00000,0x00000000fab00000,0x0000000100000000)
  to   space 87040K, 0% used [0x00000000f5600000,0x00000000f5600000,0x00000000fab00000)
 ParOldGen       total 1398272K, used 23939K [0x0000000080000000, 0x00000000d5580000, 0x00000000d5580000)
  object space 1398272K, 1% used [0x0000000080000000,0x0000000081760f10,0x00000000d5580000)
 Metaspace       used 34777K, capacity 35124K, committed 35416K, reserved 1081344K
  class space    used 3969K, capacity 4092K, committed 4096K, reserved 1048576K
}
Event: 11.851 GC heap before
{Heap before GC invocations=5 (full 2):
 PSYoungGen      total 611840K, used 524800K [0x00000000d5580000, 0x0000000100000000, 0x0000000100000000)
  eden space 524800K, 100% used [0x00000000d5580000,0x00000000f5600000,0x00000000f5600000)
  from space 87040K, 0% used [0x00000000fab00000,0x00000000fab00000,0x0000000100000000)
  to   space 87040K, 0% used [0x00000000f5600000,0x00000000f5600000,0x00000000fab00000)
 ParOldGen       total 1398272K, used 23939K [0x0000000080000000, 0x00000000d5580000, 0x00000000d5580000)
  object space 1398272K, 1% used [0x0000000080000000,0x0000000081760f10,0x00000000d5580000)
 Metaspace       used 53079K, capacity 54422K, committed 54656K, reserved 1097728K
  class space    used 6232K, capacity 6493K, committed 6528K, reserved 1048576K
Event: 11.923 GC heap after
Heap after GC invocations=5 (full 2):
 PSYoungGen      total 611840K, used 26321K [0x00000000d5580000, 0x0000000100000000, 0x0000000100000000)
  eden space 524800K, 0% used [0x00000000d5580000,0x00000000d5580000,0x00000000f5600000)
  from space 87040K, 30% used [0x00000000f5600000,0x00000000f6fb45a8,0x00000000fab00000)
  to   space 87040K, 0% used [0x00000000fab00000,0x00000000fab00000,0x0000000100000000)
 ParOldGen       total 1398272K, used 23947K [0x0000000080000000, 0x00000000d5580000, 0x00000000d5580000)
  object space 1398272K, 1% used [0x0000000080000000,0x0000000081762f10,0x00000000d5580000)
 Metaspace       used 53079K, capacity 54422K, committed 54656K, reserved 1097728K
  class space    used 6232K, capacity 6493K, committed 6528K, reserved 1048576K
}
Event: 12.612 GC heap before
{Heap before GC invocations=6 (full 2):
 PSYoungGen      total 611840K, used 176832K [0x00000000d5580000, 0x0000000100000000, 0x0000000100000000)
  eden space 524800K, 28% used [0x00000000d5580000,0x00000000de87bad0,0x00000000f5600000)
  from space 87040K, 30% used [0x00000000f5600000,0x00000000f6fb45a8,0x00000000fab00000)
  to   space 87040K, 0% used [0x00000000fab00000,0x00000000fab00000,0x0000000100000000)
 ParOldGen       total 1398272K, used 23947K [0x0000000080000000, 0x00000000d5580000, 0x00000000d5580000)
  object space 1398272K, 1% used [0x0000000080000000,0x0000000081762f10,0x00000000d5580000)
 Metaspace       used 57472K, capacity 58866K, committed 59008K, reserved 1101824K
  class space    used 6669K, capacity 6943K, committed 7040K, reserved 1048576K
Event: 12.646 GC heap after
Heap after GC invocations=6 (full 2):
 PSYoungGen      total 611840K, used 16292K [0x00000000d5580000, 0x0000000100000000, 0x0000000100000000)
  eden space 524800K, 0% used [0x00000000d5580000,0x00000000d5580000,0x00000000f5600000)
  from space 87040K, 18% used [0x00000000fab00000,0x00000000fbae93f8,0x0000000100000000)
  to   space 87040K, 0% used [0x00000000f5600000,0x00000000f5600000,0x00000000fab00000)
 ParOldGen       total 1398272K, used 23955K [0x0000000080000000, 0x00000000d5580000, 0x00000000d5580000)
  object space 1398272K, 1% used [0x0000000080000000,0x0000000081764f10,0x00000000d5580000)
 Metaspace       used 57472K, capacity 58866K, committed 59008K, reserved 1101824K
  class space    used 6669K, capacity 6943K, committed 7040K, reserved 1048576K
}
Event: 12.646 GC heap before
{Heap before GC invocations=7 (full 3):
 PSYoungGen      total 611840K, used 16292K [0x00000000d5580000, 0x0000000100000000, 0x0000000100000000)
  eden space 524800K, 0% used [0x00000000d5580000,0x00000000d5580000,0x00000000f5600000)
  from space 87040K, 18% used [0x00000000fab00000,0x00000000fbae93f8,0x0000000100000000)
  to   space 87040K, 0% used [0x00000000f5600000,0x00000000f5600000,0x00000000fab00000)
 ParOldGen       total 1398272K, used 23955K [0x0000000080000000, 0x00000000d5580000, 0x00000000d5580000)
  object space 1398272K, 1% used [0x0000000080000000,0x0000000081764f10,0x00000000d5580000)
 Metaspace       used 57472K, capacity 58866K, committed 59008K, reserved 1101824K
  class space    used 6669K, capacity 6943K, committed 7040K, reserved 1048576K
Event: 12.920 GC heap after
Heap after GC invocations=7 (full 3):
 PSYoungGen      total 611840K, used 0K [0x00000000d5580000, 0x0000000100000000, 0x0000000100000000)
  eden space 524800K, 0% used [0x00000000d5580000,0x00000000d5580000,0x00000000f5600000)
  from space 87040K, 0% used [0x00000000fab00000,0x00000000fab00000,0x0000000100000000)
  to   space 87040K, 0% used [0x00000000f5600000,0x00000000f5600000,0x00000000fab00000)
 ParOldGen       total 1398272K, used 28330K [0x0000000080000000, 0x00000000d5580000, 0x00000000d5580000)
  object space 1398272K, 2% used [0x0000000080000000,0x0000000081baa958,0x00000000d5580000)
 Metaspace       used 57447K, capacity 58806K, committed 59008K, reserved 1101824K
  class space    used 6660K, capacity 6927K, committed 7040K, reserved 1048576K
}

