# JRE version: OpenJDK Runtime Environment (8.0_212-b04) (build 1.8.0_212-b04)
# Java VM: OpenJDK 64-Bit Server VM (25.212-b04 mixed mode linux-amd64 compressed oops)
Heap:
 PSYoungGen      total 543232K, used 460959K [0x00000000d5580000, 0x0000000100000000, 0x0000000100000000)
  eden space 440832K, 81% used [0x00000000d5580000,0x00000000eb3cf6e8,0x00000000f0400000)
  from space 102400K, 99% used [0x00000000f0400000,0x00000000f67d8610,0x00000000f6800000)
  to   space 141824K, 0% used [0x00000000f7580000,0x00000000f7580000,0x0000000100000000)
 ParOldGen       total 1398272K, used 61779K [0x0000000080000000, 0x00000000d5580000, 0x00000000d5580000)
  object space 1398272K, 4% used [0x0000000080000000,0x0000000083c54e98,0x00000000d5580000)
 Metaspace       used 71857K, capacity 75308K, committed 75520K, reserved 1116160K
  class space    used 7774K, capacity 8376K, committed 8448K, reserved 1048576K
GC Heap History (10 events):
Event: 13.458 GC heap before
{Heap before GC invocations=6 (full 3):
 PSYoungGen      total 611840K, used 34445K [0x00000000d5580000, 0x0000000100000000, 0x0000000100000000)
  eden space 524800K, 0% used [0x00000000d5580000,0x00000000d5580000,0x00000000f5600000)
  from space 87040K, 39% used [0x00000000f5600000,0x00000000f77a3648,0x00000000fab00000)
  to   space 87040K, 0% used [0x00000000fab00000,0x00000000fab00000,0x0000000100000000)
 ParOldGen       total 1398272K, used 22883K [0x0000000080000000, 0x00000000d5580000, 0x00000000d5580000)
  object space 1398272K, 1% used [0x0000000080000000,0x0000000081658f60,0x00000000d5580000)
 Metaspace       used 56990K, capacity 58810K, committed 59008K, reserved 1101824K
  class space    used 6656K, capacity 6983K, committed 7040K, reserved 1048576K
Event: 13.733 GC heap after
Heap after GC invocations=6 (full 3):
 PSYoungGen      total 611840K, used 0K [0x00000000d5580000, 0x0000000100000000, 0x0000000100000000)
  eden space 524800K, 0% used [0x00000000d5580000,0x00000000d5580000,0x00000000f5600000)
  from space 87040K, 0% used [0x00000000f5600000,0x00000000f5600000,0x00000000fab00000)
  to   space 87040K, 0% used [0x00000000fab00000,0x00000000fab00000,0x0000000100000000)
 ParOldGen       total 1398272K, used 44534K [0x0000000080000000, 0x00000000d5580000, 0x00000000d5580000)
  object space 1398272K, 3% used [0x0000000080000000,0x0000000082b7db98,0x00000000d5580000)
 Metaspace       used 56951K, capacity 58704K, committed 59008K, reserved 1101824K
  class space    used 6643K, capacity 6960K, committed 7040K, reserved 1048576K
}
Event: 60.015 GC heap before
{Heap before GC invocations=7 (full 3):
 PSYoungGen      total 611840K, used 524800K [0x00000000d5580000, 0x0000000100000000, 0x0000000100000000)
  eden space 524800K, 100% used [0x00000000d5580000,0x00000000f5600000,0x00000000f5600000)
  from space 87040K, 0% used [0x00000000f5600000,0x00000000f5600000,0x00000000fab00000)
  to   space 87040K, 0% used [0x00000000fab00000,0x00000000fab00000,0x0000000100000000)
 ParOldGen       total 1398272K, used 44534K [0x0000000080000000, 0x00000000d5580000, 0x00000000d5580000)
  object space 1398272K, 3% used [0x0000000080000000,0x0000000082b7db98,0x00000000d5580000)
 Metaspace       used 67572K, capacity 70686K, committed 70912K, reserved 1112064K
  class space    used 7621K, capacity 8175K, committed 8192K, reserved 1048576K
Event: 60.224 GC heap after
Heap after GC invocations=7 (full 3):
 PSYoungGen      total 611840K, used 87016K [0x00000000d5580000, 0x0000000100000000, 0x0000000100000000)
  eden space 524800K, 0% used [0x00000000d5580000,0x00000000d5580000,0x00000000f5600000)
  from space 87040K, 99% used [0x00000000fab00000,0x00000000ffffa238,0x0000000100000000)
  to   space 87040K, 0% used [0x00000000f5600000,0x00000000f5600000,0x00000000fab00000)
 ParOldGen       total 1398272K, used 55291K [0x0000000080000000, 0x00000000d5580000, 0x00000000d5580000)
  object space 1398272K, 3% used [0x0000000080000000,0x00000000835fedd8,0x00000000d5580000)
 Metaspace       used 67572K, capacity 70686K, committed 70912K, reserved 1112064K
  class space    used 7621K, capacity 8175K, committed 8192K, reserved 1048576K
}
Event: 236.391 GC heap before
{Heap before GC invocations=8 (full 3):
 PSYoungGen      total 611840K, used 611816K [0x00000000d5580000, 0x0000000100000000, 0x0000000100000000)
  eden space 524800K, 100% used [0x00000000d5580000,0x00000000f5600000,0x00000000f5600000)
  from space 87040K, 99% used [0x00000000fab00000,0x00000000ffffa238,0x0000000100000000)
  to   space 87040K, 0% used [0x00000000f5600000,0x00000000f5600000,0x00000000fab00000)
 ParOldGen       total 1398272K, used 55291K [0x0000000080000000, 0x00000000d5580000, 0x00000000d5580000)
  object space 1398272K, 3% used [0x0000000080000000,0x00000000835fedd8,0x00000000d5580000)
 Metaspace       used 69406K, capacity 72596K, committed 72832K, reserved 1114112K
  class space    used 7670K, capacity 8236K, committed 8320K, reserved 1048576K
Event: 236.601 GC heap after
Heap after GC invocations=8 (full 3):
 PSYoungGen      total 607232K, used 82045K [0x00000000d5580000, 0x0000000100000000, 0x0000000100000000)
  eden space 524800K, 0% used [0x00000000d5580000,0x00000000d5580000,0x00000000f5600000)
  from space 82432K, 99% used [0x00000000f5600000,0x00000000fa61f638,0x00000000fa680000)
  to   space 91648K, 0% used [0x00000000fa680000,0x00000000fa680000,0x0000000100000000)
 ParOldGen       total 1398272K, used 55299K [0x0000000080000000, 0x00000000d5580000, 0x00000000d5580000)
  object space 1398272K, 3% used [0x0000000080000000,0x0000000083600dd8,0x00000000d5580000)
 Metaspace       used 69406K, capacity 72596K, committed 72832K, reserved 1114112K
  class space    used 7670K, capacity 8236K, committed 8320K, reserved 1048576K
}
Event: 306.908 GC heap before
{Heap before GC invocations=9 (full 3):
 PSYoungGen      total 607232K, used 606845K [0x00000000d5580000, 0x0000000100000000, 0x0000000100000000)
  eden space 524800K, 100% used [0x00000000d5580000,0x00000000f5600000,0x00000000f5600000)
  from space 82432K, 99% used [0x00000000f5600000,0x00000000fa61f638,0x00000000fa680000)
  to   space 91648K, 0% used [0x00000000fa680000,0x00000000fa680000,0x0000000100000000)
 ParOldGen       total 1398272K, used 55299K [0x0000000080000000, 0x00000000d5580000, 0x00000000d5580000)
  object space 1398272K, 3% used [0x0000000080000000,0x0000000083600dd8,0x00000000d5580000)
 Metaspace       used 70397K, capacity 73702K, committed 73856K, reserved 1114112K
  class space    used 7696K, capacity 8269K, committed 8320K, reserved 1048576K
Event: 307.073 GC heap after
Heap after GC invocations=9 (full 3):
 PSYoungGen      total 532480K, used 91622K [0x00000000d5580000, 0x0000000100000000, 0x0000000100000000)
  eden space 440832K, 0% used [0x00000000d5580000,0x00000000d5580000,0x00000000f0400000)
  from space 91648K, 99% used [0x00000000fa680000,0x00000000ffff9a08,0x0000000100000000)
  to   space 129024K, 0% used [0x00000000f0400000,0x00000000f0400000,0x00000000f8200000)
 ParOldGen       total 1398272K, used 61771K [0x0000000080000000, 0x00000000d5580000, 0x00000000d5580000)
  object space 1398272K, 4% used [0x0000000080000000,0x0000000083c52e98,0x00000000d5580000)
 Metaspace       used 70397K, capacity 73702K, committed 73856K, reserved 1114112K
  class space    used 7696K, capacity 8269K, committed 8320K, reserved 1048576K
}
Event: 360.647 GC heap before
{Heap before GC invocations=10 (full 3):
 PSYoungGen      total 532480K, used 532454K [0x00000000d5580000, 0x0000000100000000, 0x0000000100000000)
  eden space 440832K, 100% used [0x00000000d5580000,0x00000000f0400000,0x00000000f0400000)
  from space 91648K, 99% used [0x00000000fa680000,0x00000000ffff9a08,0x0000000100000000)
  to   space 129024K, 0% used [0x00000000f0400000,0x00000000f0400000,0x00000000f8200000)
 ParOldGen       total 1398272K, used 61771K [0x0000000080000000, 0x00000000d5580000, 0x00000000d5580000)
  object space 1398272K, 4% used [0x0000000080000000,0x0000000083c52e98,0x00000000d5580000)
 Metaspace       used 71354K, capacity 74784K, committed 75008K, reserved 1116160K
  class space    used 7756K, capacity 8346K, committed 8448K, reserved 1048576K
Event: 360.841 GC heap after
Heap after GC invocations=10 (full 3):
 PSYoungGen      total 543232K, used 102241K [0x00000000d5580000, 0x0000000100000000, 0x0000000100000000)
  eden space 440832K, 0% used [0x00000000d5580000,0x00000000d5580000,0x00000000f0400000)
  from space 102400K, 99% used [0x00000000f0400000,0x00000000f67d8610,0x00000000f6800000)
  to   space 141824K, 0% used [0x00000000f7580000,0x00000000f7580000,0x0000000100000000)
 ParOldGen       total 1398272K, used 61779K [0x0000000080000000, 0x00000000d5580000, 0x00000000d5580000)
  object space 1398272K, 4% used [0x0000000080000000,0x0000000083c54e98,0x00000000d5580000)
 Metaspace       used 71354K, capacity 74784K, committed 75008K, reserved 1116160K
  class space    used 7756K, capacity 8346K, committed 8448K, reserved 1048576K
}

