# JRE version: OpenJDK Runtime Environment (8.0_212-b04) (build 1.8.0_212-b04)
# Java VM: OpenJDK 64-Bit Server VM (25.212-b04 mixed mode linux-amd64 compressed oops)
Heap:
 PSYoungGen      total 611840K, used 503326K [0x00000000d5580000, 0x0000000100000000, 0x0000000100000000)
  eden space 524800K, 95% used [0x00000000d5580000,0x00000000f4107918,0x00000000f5600000)
  from space 87040K, 0% used [0x00000000fab00000,0x00000000fab00000,0x0000000100000000)
  to   space 87040K, 0% used [0x00000000f5600000,0x00000000f5600000,0x00000000fab00000)
 ParOldGen       total 1398272K, used 30946K [0x0000000080000000, 0x00000000d5580000, 0x00000000d5580000)
  object space 1398272K, 2% used [0x0000000080000000,0x0000000081e38910,0x00000000d5580000)
 Metaspace       used 64583K, capacity 67434K, committed 67584K, reserved 1110016K
  class space    used 7421K, capacity 7909K, committed 7936K, reserved 1048576K
GC Heap History (10 events):
Event: 4.321 GC heap before
{Heap before GC invocations=3 (full 1):
 PSYoungGen      total 611840K, used 434547K [0x00000000d5580000, 0x0000000100000000, 0x0000000100000000)
  eden space 524800K, 82% used [0x00000000d5580000,0x00000000efddccd0,0x00000000f5600000)
  from space 87040K, 0% used [0x00000000f5600000,0x00000000f5600000,0x00000000fab00000)
  to   space 87040K, 0% used [0x00000000fab00000,0x00000000fab00000,0x0000000100000000)
 ParOldGen       total 918016K, used 13784K [0x0000000080000000, 0x00000000b8080000, 0x00000000d5580000)
  object space 918016K, 1% used [0x0000000080000000,0x0000000080d76198,0x00000000b8080000)
 Metaspace       used 34767K, capacity 35124K, committed 35416K, reserved 1081344K
  class space    used 3978K, capacity 4092K, committed 4096K, reserved 1048576K
Event: 4.360 GC heap after
Heap after GC invocations=3 (full 1):
 PSYoungGen      total 611840K, used 19286K [0x00000000d5580000, 0x0000000100000000, 0x0000000100000000)
  eden space 524800K, 0% used [0x00000000d5580000,0x00000000d5580000,0x00000000f5600000)
  from space 87040K, 22% used [0x00000000fab00000,0x00000000fbdd5ad0,0x0000000100000000)
  to   space 87040K, 0% used [0x00000000f5600000,0x00000000f5600000,0x00000000fab00000)
 ParOldGen       total 918016K, used 13792K [0x0000000080000000, 0x00000000b8080000, 0x00000000d5580000)
  object space 918016K, 1% used [0x0000000080000000,0x0000000080d78198,0x00000000b8080000)
 Metaspace       used 34767K, capacity 35124K, committed 35416K, reserved 1081344K
  class space    used 3978K, capacity 4092K, committed 4096K, reserved 1048576K
}
Event: 4.360 GC heap before
{Heap before GC invocations=4 (full 2):
 PSYoungGen      total 611840K, used 19286K [0x00000000d5580000, 0x0000000100000000, 0x0000000100000000)
  eden space 524800K, 0% used [0x00000000d5580000,0x00000000d5580000,0x00000000f5600000)
  from space 87040K, 22% used [0x00000000fab00000,0x00000000fbdd5ad0,0x0000000100000000)
  to   space 87040K, 0% used [0x00000000f5600000,0x00000000f5600000,0x00000000fab00000)
 ParOldGen       total 918016K, used 13792K [0x0000000080000000, 0x00000000b8080000, 0x00000000d5580000)
  object space 918016K, 1% used [0x0000000080000000,0x0000000080d78198,0x00000000b8080000)
 Metaspace       used 34767K, capacity 35124K, committed 35416K, reserved 1081344K
  class space    used 3978K, capacity 4092K, committed 4096K, reserved 1048576K
Event: 4.478 GC heap after
Heap after GC invocations=4 (full 2):
 PSYoungGen      total 611840K, used 0K [0x00000000d5580000, 0x0000000100000000, 0x0000000100000000)
  eden space 524800K, 0% used [0x00000000d5580000,0x00000000d5580000,0x00000000f5600000)
  from space 87040K, 0% used [0x00000000fab00000,0x00000000fab00000,0x0000000100000000)
  to   space 87040K, 0% used [0x00000000f5600000,0x00000000f5600000,0x00000000fab00000)
 ParOldGen       total 1398272K, used 23623K [0x0000000080000000, 0x00000000d5580000, 0x00000000d5580000)
  object space 1398272K, 1% used [0x0000000080000000,0x0000000081711f80,0x00000000d5580000)
 Metaspace       used 34767K, capacity 35124K, committed 35416K, reserved 1081344K
  class space    used 3978K, capacity 4092K, committed 4096K, reserved 1048576K
}
Event: 11.099 GC heap before
{Heap before GC invocations=5 (full 2):
 PSYoungGen      total 611840K, used 524800K [0x00000000d5580000, 0x0000000100000000, 0x0000000100000000)
  eden space 524800K, 100% used [0x00000000d5580000,0x00000000f5600000,0x00000000f5600000)
  from space 87040K, 0% used [0x00000000fab00000,0x00000000fab00000,0x0000000100000000)
  to   space 87040K, 0% used [0x00000000f5600000,0x00000000f5600000,0x00000000fab00000)
 ParOldGen       total 1398272K, used 23623K [0x0000000080000000, 0x00000000d5580000, 0x00000000d5580000)
  object space 1398272K, 1% used [0x0000000080000000,0x0000000081711f80,0x00000000d5580000)
 Metaspace       used 53446K, capacity 54918K, committed 55040K, reserved 1097728K
  class space    used 6254K, capacity 6535K, committed 6656K, reserved 1048576K
Event: 11.151 GC heap after
Heap after GC invocations=5 (full 2):
 PSYoungGen      total 611840K, used 29905K [0x00000000d5580000, 0x0000000100000000, 0x0000000100000000)
  eden space 524800K, 0% used [0x00000000d5580000,0x00000000d5580000,0x00000000f5600000)
  from space 87040K, 34% used [0x00000000f5600000,0x00000000f73347c0,0x00000000fab00000)
  to   space 87040K, 0% used [0x00000000fab00000,0x00000000fab00000,0x0000000100000000)
 ParOldGen       total 1398272K, used 23631K [0x0000000080000000, 0x00000000d5580000, 0x00000000d5580000)
  object space 1398272K, 1% used [0x0000000080000000,0x0000000081713f80,0x00000000d5580000)
 Metaspace       used 53446K, capacity 54918K, committed 55040K, reserved 1097728K
  class space    used 6254K, capacity 6535K, committed 6656K, reserved 1048576K
}
Event: 11.751 GC heap before
{Heap before GC invocations=6 (full 2):
 PSYoungGen      total 611840K, used 173683K [0x00000000d5580000, 0x0000000100000000, 0x0000000100000000)
  eden space 524800K, 27% used [0x00000000d5580000,0x00000000de1e8680,0x00000000f5600000)
  from space 87040K, 34% used [0x00000000f5600000,0x00000000f73347c0,0x00000000fab00000)
  to   space 87040K, 0% used [0x00000000fab00000,0x00000000fab00000,0x0000000100000000)
 ParOldGen       total 1398272K, used 23631K [0x0000000080000000, 0x00000000d5580000, 0x00000000d5580000)
  object space 1398272K, 1% used [0x0000000080000000,0x0000000081713f80,0x00000000d5580000)
 Metaspace       used 57214K, capacity 58846K, committed 59008K, reserved 1101824K
  class space    used 6614K, capacity 6941K, committed 7040K, reserved 1048576K
Event: 11.781 GC heap after
Heap after GC invocations=6 (full 2):
 PSYoungGen      total 611840K, used 19200K [0x00000000d5580000, 0x0000000100000000, 0x0000000100000000)
  eden space 524800K, 0% used [0x00000000d5580000,0x00000000d5580000,0x00000000f5600000)
  from space 87040K, 22% used [0x00000000fab00000,0x00000000fbdc0300,0x0000000100000000)
  to   space 87040K, 0% used [0x00000000f5600000,0x00000000f5600000,0x00000000fab00000)
 ParOldGen       total 1398272K, used 23639K [0x0000000080000000, 0x00000000d5580000, 0x00000000d5580000)
  object space 1398272K, 1% used [0x0000000080000000,0x0000000081715f80,0x00000000d5580000)
 Metaspace       used 57214K, capacity 58846K, committed 59008K, reserved 1101824K
  class space    used 6614K, capacity 6941K, committed 7040K, reserved 1048576K
}
Event: 11.781 GC heap before
{Heap before GC invocations=7 (full 3):
 PSYoungGen      total 611840K, used 19200K [0x00000000d5580000, 0x0000000100000000, 0x0000000100000000)
  eden space 524800K, 0% used [0x00000000d5580000,0x00000000d5580000,0x00000000f5600000)
  from space 87040K, 22% used [0x00000000fab00000,0x00000000fbdc0300,0x0000000100000000)
  to   space 87040K, 0% used [0x00000000f5600000,0x00000000f5600000,0x00000000fab00000)
 ParOldGen       total 1398272K, used 23639K [0x0000000080000000, 0x00000000d5580000, 0x00000000d5580000)
  object space 1398272K, 1% used [0x0000000080000000,0x0000000081715f80,0x00000000d5580000)
 Metaspace       used 57214K, capacity 58846K, committed 59008K, reserved 1101824K
  class space    used 6614K, capacity 6941K, committed 7040K, reserved 1048576K
Event: 12.016 GC heap after
Heap after GC invocations=7 (full 3):
 PSYoungGen      total 611840K, used 0K [0x00000000d5580000, 0x0000000100000000, 0x0000000100000000)
  eden space 524800K, 0% used [0x00000000d5580000,0x00000000d5580000,0x00000000f5600000)
  from space 87040K, 0% used [0x00000000fab00000,0x00000000fab00000,0x0000000100000000)
  to   space 87040K, 0% used [0x00000000f5600000,0x00000000f5600000,0x00000000fab00000)
 ParOldGen       total 1398272K, used 30946K [0x0000000080000000, 0x00000000d5580000, 0x00000000d5580000)
  object space 1398272K, 2% used [0x0000000080000000,0x0000000081e38910,0x00000000d5580000)
 Metaspace       used 57162K, capacity 58702K, committed 59008K, reserved 1101824K
  class space    used 6596K, capacity 6909K, committed 7040K, reserved 1048576K
}

