# JRE version: OpenJDK Runtime Environment (8.0_212-b04) (build 1.8.0_212-b04)
# Java VM: OpenJDK 64-Bit Server VM (25.212-b04 mixed mode linux-amd64 compressed oops)
Heap:
 PSYoungGen      total 611840K, used 269774K [0x00000000d5580000, 0x0000000100000000, 0x0000000100000000)
  eden space 524800K, 51% used [0x00000000d5580000,0x00000000e5cf3ab8,0x00000000f5600000)
  from space 87040K, 0% used [0x00000000fab00000,0x00000000fab00000,0x0000000100000000)
  to   space 87040K, 0% used [0x00000000f5600000,0x00000000f5600000,0x00000000fab00000)
 ParOldGen       total 1398272K, used 28492K [0x0000000080000000, 0x00000000d5580000, 0x00000000d5580000)
  object space 1398272K, 2% used [0x0000000080000000,0x0000000081bd3040,0x00000000d5580000)
 Metaspace       used 64830K, capacity 67472K, committed 67712K, reserved 1110016K
  class space    used 7506K, capacity 7998K, committed 8064K, reserved 1048576K
GC Heap History (10 events):
Event: 4.568 GC heap before
{Heap before GC invocations=3 (full 1):
 PSYoungGen      total 611840K, used 470136K [0x00000000d5580000, 0x0000000100000000, 0x0000000100000000)
  eden space 524800K, 89% used [0x00000000d5580000,0x00000000f209e110,0x00000000f5600000)
  from space 87040K, 0% used [0x00000000f5600000,0x00000000f5600000,0x00000000fab00000)
  to   space 87040K, 0% used [0x00000000fab00000,0x00000000fab00000,0x0000000100000000)
 ParOldGen       total 925184K, used 14260K [0x0000000080000000, 0x00000000b8780000, 0x00000000d5580000)
  object space 925184K, 1% used [0x0000000080000000,0x0000000080ded330,0x00000000b8780000)
 Metaspace       used 34764K, capacity 35124K, committed 35416K, reserved 1081344K
  class space    used 3970K, capacity 4092K, committed 4096K, reserved 1048576K
Event: 4.609 GC heap after
Heap after GC invocations=3 (full 1):
 PSYoungGen      total 611840K, used 19373K [0x00000000d5580000, 0x0000000100000000, 0x0000000100000000)
  eden space 524800K, 0% used [0x00000000d5580000,0x00000000d5580000,0x00000000f5600000)
  from space 87040K, 22% used [0x00000000fab00000,0x00000000fbdeb728,0x0000000100000000)
  to   space 87040K, 0% used [0x00000000f5600000,0x00000000f5600000,0x00000000fab00000)
 ParOldGen       total 925184K, used 14260K [0x0000000080000000, 0x00000000b8780000, 0x00000000d5580000)
  object space 925184K, 1% used [0x0000000080000000,0x0000000080ded330,0x00000000b8780000)
 Metaspace       used 34764K, capacity 35124K, committed 35416K, reserved 1081344K
  class space    used 3970K, capacity 4092K, committed 4096K, reserved 1048576K
}
Event: 4.610 GC heap before
{Heap before GC invocations=4 (full 2):
 PSYoungGen      total 611840K, used 19373K [0x00000000d5580000, 0x0000000100000000, 0x0000000100000000)
  eden space 524800K, 0% used [0x00000000d5580000,0x00000000d5580000,0x00000000f5600000)
  from space 87040K, 22% used [0x00000000fab00000,0x00000000fbdeb728,0x0000000100000000)
  to   space 87040K, 0% used [0x00000000f5600000,0x00000000f5600000,0x00000000fab00000)
 ParOldGen       total 925184K, used 14260K [0x0000000080000000, 0x00000000b8780000, 0x00000000d5580000)
  object space 925184K, 1% used [0x0000000080000000,0x0000000080ded330,0x00000000b8780000)
 Metaspace       used 34764K, capacity 35124K, committed 35416K, reserved 1081344K
  class space    used 3970K, capacity 4092K, committed 4096K, reserved 1048576K
Event: 4.736 GC heap after
Heap after GC invocations=4 (full 2):
 PSYoungGen      total 611840K, used 0K [0x00000000d5580000, 0x0000000100000000, 0x0000000100000000)
  eden space 524800K, 0% used [0x00000000d5580000,0x00000000d5580000,0x00000000f5600000)
  from space 87040K, 0% used [0x00000000fab00000,0x00000000fab00000,0x0000000100000000)
  to   space 87040K, 0% used [0x00000000f5600000,0x00000000f5600000,0x00000000fab00000)
 ParOldGen       total 1398272K, used 23935K [0x0000000080000000, 0x00000000d5580000, 0x00000000d5580000)
  object space 1398272K, 1% used [0x0000000080000000,0x000000008175ff30,0x00000000d5580000)
 Metaspace       used 34764K, capacity 35124K, committed 35416K, reserved 1081344K
  class space    used 3970K, capacity 4092K, committed 4096K, reserved 1048576K
}
Event: 11.248 GC heap before
{Heap before GC invocations=5 (full 2):
 PSYoungGen      total 611840K, used 524800K [0x00000000d5580000, 0x0000000100000000, 0x0000000100000000)
  eden space 524800K, 100% used [0x00000000d5580000,0x00000000f5600000,0x00000000f5600000)
  from space 87040K, 0% used [0x00000000fab00000,0x00000000fab00000,0x0000000100000000)
  to   space 87040K, 0% used [0x00000000f5600000,0x00000000f5600000,0x00000000fab00000)
 ParOldGen       total 1398272K, used 23935K [0x0000000080000000, 0x00000000d5580000, 0x00000000d5580000)
  object space 1398272K, 1% used [0x0000000080000000,0x000000008175ff50,0x00000000d5580000)
 Metaspace       used 52719K, capacity 54060K, committed 54400K, reserved 1097728K
  class space    used 6193K, capacity 6434K, committed 6528K, reserved 1048576K
Event: 11.297 GC heap after
Heap after GC invocations=5 (full 2):
 PSYoungGen      total 611840K, used 26117K [0x00000000d5580000, 0x0000000100000000, 0x0000000100000000)
  eden space 524800K, 0% used [0x00000000d5580000,0x00000000d5580000,0x00000000f5600000)
  from space 87040K, 30% used [0x00000000f5600000,0x00000000f6f81798,0x00000000fab00000)
  to   space 87040K, 0% used [0x00000000fab00000,0x00000000fab00000,0x0000000100000000)
 ParOldGen       total 1398272K, used 23943K [0x0000000080000000, 0x00000000d5580000, 0x00000000d5580000)
  object space 1398272K, 1% used [0x0000000080000000,0x0000000081761f50,0x00000000d5580000)
 Metaspace       used 52719K, capacity 54060K, committed 54400K, reserved 1097728K
  class space    used 6193K, capacity 6434K, committed 6528K, reserved 1048576K
}
Event: 11.924 GC heap before
{Heap before GC invocations=6 (full 2):
 PSYoungGen      total 611840K, used 189079K [0x00000000d5580000, 0x0000000100000000, 0x0000000100000000)
  eden space 524800K, 31% used [0x00000000d5580000,0x00000000df4a4788,0x00000000f5600000)
  from space 87040K, 30% used [0x00000000f5600000,0x00000000f6f81798,0x00000000fab00000)
  to   space 87040K, 0% used [0x00000000fab00000,0x00000000fab00000,0x0000000100000000)
 ParOldGen       total 1398272K, used 23943K [0x0000000080000000, 0x00000000d5580000, 0x00000000d5580000)
  object space 1398272K, 1% used [0x0000000080000000,0x0000000081761f50,0x00000000d5580000)
 Metaspace       used 57343K, capacity 58760K, committed 59008K, reserved 1101824K
  class space    used 6652K, capacity 6928K, committed 7040K, reserved 1048576K
Event: 11.951 GC heap after
Heap after GC invocations=6 (full 2):
 PSYoungGen      total 611840K, used 16512K [0x00000000d5580000, 0x0000000100000000, 0x0000000100000000)
  eden space 524800K, 0% used [0x00000000d5580000,0x00000000d5580000,0x00000000f5600000)
  from space 87040K, 18% used [0x00000000fab00000,0x00000000fbb201e8,0x0000000100000000)
  to   space 87040K, 0% used [0x00000000f5600000,0x00000000f5600000,0x00000000fab00000)
 ParOldGen       total 1398272K, used 23951K [0x0000000080000000, 0x00000000d5580000, 0x00000000d5580000)
  object space 1398272K, 1% used [0x0000000080000000,0x0000000081763f50,0x00000000d5580000)
 Metaspace       used 57343K, capacity 58760K, committed 59008K, reserved 1101824K
  class space    used 6652K, capacity 6928K, committed 7040K, reserved 1048576K
}
Event: 11.951 GC heap before
{Heap before GC invocations=7 (full 3):
 PSYoungGen      total 611840K, used 16512K [0x00000000d5580000, 0x0000000100000000, 0x0000000100000000)
  eden space 524800K, 0% used [0x00000000d5580000,0x00000000d5580000,0x00000000f5600000)
  from space 87040K, 18% used [0x00000000fab00000,0x00000000fbb201e8,0x0000000100000000)
  to   space 87040K, 0% used [0x00000000f5600000,0x00000000f5600000,0x00000000fab00000)
 ParOldGen       total 1398272K, used 23951K [0x0000000080000000, 0x00000000d5580000, 0x00000000d5580000)
  object space 1398272K, 1% used [0x0000000080000000,0x0000000081763f50,0x00000000d5580000)
 Metaspace       used 57343K, capacity 58760K, committed 59008K, reserved 1101824K
  class space    used 6652K, capacity 6928K, committed 7040K, reserved 1048576K
Event: 12.217 GC heap after
Heap after GC invocations=7 (full 3):
 PSYoungGen      total 611840K, used 0K [0x00000000d5580000, 0x0000000100000000, 0x0000000100000000)
  eden space 524800K, 0% used [0x00000000d5580000,0x00000000d5580000,0x00000000f5600000)
  from space 87040K, 0% used [0x00000000fab00000,0x00000000fab00000,0x0000000100000000)
  to   space 87040K, 0% used [0x00000000f5600000,0x00000000f5600000,0x00000000fab00000)
 ParOldGen       total 1398272K, used 28492K [0x0000000080000000, 0x00000000d5580000, 0x00000000d5580000)
  object space 1398272K, 2% used [0x0000000080000000,0x0000000081bd3040,0x00000000d5580000)
 Metaspace       used 57315K, capacity 58690K, committed 59008K, reserved 1101824K
  class space    used 6642K, capacity 6911K, committed 7040K, reserved 1048576K
}

