# JRE version: OpenJDK Runtime Environment (8.0_212-b04) (build 1.8.0_212-b04)
# Java VM: OpenJDK 64-Bit Server VM (25.212-b04 mixed mode linux-amd64 compressed oops)
Heap:
 PSYoungGen      total 602112K, used 331685K [0x00000000d5580000, 0x00000000fe200000, 0x0000000100000000)
  eden space 524800K, 48% used [0x00000000d5580000,0x00000000e4e3eb78,0x00000000f5600000)
  from space 77312K, 99% used [0x00000000f5600000,0x00000000fa12a988,0x00000000fa180000)
  to   space 66048K, 0% used [0x00000000fa180000,0x00000000fa180000,0x00000000fe200000)
 ParOldGen       total 1398272K, used 40122K [0x0000000080000000, 0x00000000d5580000, 0x00000000d5580000)
  object space 1398272K, 2% used [0x0000000080000000,0x000000008272e918,0x00000000d5580000)
 Metaspace       used 67012K, capacity 70024K, committed 70144K, reserved 1112064K
  class space    used 7571K, capacity 8112K, committed 8192K, reserved 1048576K
GC Heap History (10 events):
Event: 4.478 GC heap before
{Heap before GC invocations=4 (full 2):
 PSYoungGen      total 611840K, used 19393K [0x00000000d5580000, 0x0000000100000000, 0x0000000100000000)
  eden space 524800K, 0% used [0x00000000d5580000,0x00000000d5580000,0x00000000f5600000)
  from space 87040K, 22% used [0x00000000fab00000,0x00000000fbdf0458,0x0000000100000000)
  to   space 87040K, 0% used [0x00000000f5600000,0x00000000f5600000,0x00000000fab00000)
 ParOldGen       total 913408K, used 13780K [0x0000000080000000, 0x00000000b7c00000, 0x00000000d5580000)
  object space 913408K, 1% used [0x0000000080000000,0x0000000080d75338,0x00000000b7c00000)
 Metaspace       used 34836K, capacity 35188K, committed 35416K, reserved 1081344K
  class space    used 3975K, capacity 4092K, committed 4096K, reserved 1048576K
Event: 4.580 GC heap after
Heap after GC invocations=4 (full 2):
 PSYoungGen      total 611840K, used 0K [0x00000000d5580000, 0x0000000100000000, 0x0000000100000000)
  eden space 524800K, 0% used [0x00000000d5580000,0x00000000d5580000,0x00000000f5600000)
  from space 87040K, 0% used [0x00000000fab00000,0x00000000fab00000,0x0000000100000000)
  to   space 87040K, 0% used [0x00000000f5600000,0x00000000f5600000,0x00000000fab00000)
 ParOldGen       total 1398272K, used 23596K [0x0000000080000000, 0x00000000d5580000, 0x00000000d5580000)
  object space 1398272K, 1% used [0x0000000080000000,0x000000008170b380,0x00000000d5580000)
 Metaspace       used 34836K, capacity 35188K, committed 35416K, reserved 1081344K
  class space    used 3975K, capacity 4092K, committed 4096K, reserved 1048576K
}
Event: 11.699 GC heap before
{Heap before GC invocations=5 (full 2):
 PSYoungGen      total 611840K, used 524800K [0x00000000d5580000, 0x0000000100000000, 0x0000000100000000)
  eden space 524800K, 100% used [0x00000000d5580000,0x00000000f5600000,0x00000000f5600000)
  from space 87040K, 0% used [0x00000000fab00000,0x00000000fab00000,0x0000000100000000)
  to   space 87040K, 0% used [0x00000000f5600000,0x00000000f5600000,0x00000000fab00000)
 ParOldGen       total 1398272K, used 23596K [0x0000000080000000, 0x00000000d5580000, 0x00000000d5580000)
  object space 1398272K, 1% used [0x0000000080000000,0x000000008170b380,0x00000000d5580000)
 Metaspace       used 57293K, capacity 58756K, committed 58880K, reserved 1101824K
  class space    used 6624K, capacity 6896K, committed 6912K, reserved 1048576K
Event: 11.762 GC heap after
Heap after GC invocations=5 (full 2):
 PSYoungGen      total 611840K, used 33654K [0x00000000d5580000, 0x0000000100000000, 0x0000000100000000)
  eden space 524800K, 0% used [0x00000000d5580000,0x00000000d5580000,0x00000000f5600000)
  from space 87040K, 38% used [0x00000000f5600000,0x00000000f76dda88,0x00000000fab00000)
  to   space 87040K, 0% used [0x00000000fab00000,0x00000000fab00000,0x0000000100000000)
 ParOldGen       total 1398272K, used 23604K [0x0000000080000000, 0x00000000d5580000, 0x00000000d5580000)
  object space 1398272K, 1% used [0x0000000080000000,0x000000008170d380,0x00000000d5580000)
 Metaspace       used 57293K, capacity 58756K, committed 58880K, reserved 1101824K
  class space    used 6624K, capacity 6896K, committed 6912K, reserved 1048576K
}
Event: 11.814 GC heap before
{Heap before GC invocations=6 (full 2):
 PSYoungGen      total 611840K, used 85915K [0x00000000d5580000, 0x0000000100000000, 0x0000000100000000)
  eden space 524800K, 9% used [0x00000000d5580000,0x00000000d8889380,0x00000000f5600000)
  from space 87040K, 38% used [0x00000000f5600000,0x00000000f76dda88,0x00000000fab00000)
  to   space 87040K, 0% used [0x00000000fab00000,0x00000000fab00000,0x0000000100000000)
 ParOldGen       total 1398272K, used 23604K [0x0000000080000000, 0x00000000d5580000, 0x00000000d5580000)
  object space 1398272K, 1% used [0x0000000080000000,0x000000008170d380,0x00000000d5580000)
 Metaspace       used 57479K, capacity 58972K, committed 59028K, reserved 1101824K
  class space    used 6645K, capacity 6900K, committed 6912K, reserved 1048576K
Event: 11.847 GC heap after
Heap after GC invocations=6 (full 2):
 PSYoungGen      total 611840K, used 29387K [0x00000000d5580000, 0x0000000100000000, 0x0000000100000000)
  eden space 524800K, 0% used [0x00000000d5580000,0x00000000d5580000,0x00000000f5600000)
  from space 87040K, 33% used [0x00000000fab00000,0x00000000fc7b2d10,0x0000000100000000)
  to   space 87040K, 0% used [0x00000000f5600000,0x00000000f5600000,0x00000000fab00000)
 ParOldGen       total 1398272K, used 23612K [0x0000000080000000, 0x00000000d5580000, 0x00000000d5580000)
  object space 1398272K, 1% used [0x0000000080000000,0x000000008170f380,0x00000000d5580000)
 Metaspace       used 57479K, capacity 58972K, committed 59028K, reserved 1101824K
  class space    used 6645K, capacity 6900K, committed 6912K, reserved 1048576K
}
Event: 11.847 GC heap before
{Heap before GC invocations=7 (full 3):
 PSYoungGen      total 611840K, used 29387K [0x00000000d5580000, 0x0000000100000000, 0x0000000100000000)
  eden space 524800K, 0% used [0x00000000d5580000,0x00000000d5580000,0x00000000f5600000)
  from space 87040K, 33% used [0x00000000fab00000,0x00000000fc7b2d10,0x0000000100000000)
  to   space 87040K, 0% used [0x00000000f5600000,0x00000000f5600000,0x00000000fab00000)
 ParOldGen       total 1398272K, used 23612K [0x0000000080000000, 0x00000000d5580000, 0x00000000d5580000)
  object space 1398272K, 1% used [0x0000000080000000,0x000000008170f380,0x00000000d5580000)
 Metaspace       used 57479K, capacity 58972K, committed 59028K, reserved 1101824K
  class space    used 6645K, capacity 6900K, committed 6912K, reserved 1048576K
Event: 12.112 GC heap after
Heap after GC invocations=7 (full 3):
 PSYoungGen      total 611840K, used 0K [0x00000000d5580000, 0x0000000100000000, 0x0000000100000000)
  eden space 524800K, 0% used [0x00000000d5580000,0x00000000d5580000,0x00000000f5600000)
  from space 87040K, 0% used [0x00000000fab00000,0x00000000fab00000,0x0000000100000000)
  to   space 87040K, 0% used [0x00000000f5600000,0x00000000f5600000,0x00000000fab00000)
 ParOldGen       total 1398272K, used 40114K [0x0000000080000000, 0x00000000d5580000, 0x00000000d5580000)
  object space 1398272K, 2% used [0x0000000080000000,0x000000008272c918,0x00000000d5580000)
 Metaspace       used 57453K, capacity 58908K, committed 59028K, reserved 1101824K
  class space    used 6637K, capacity 6886K, committed 6912K, reserved 1048576K
}
Event: 69.769 GC heap before
{Heap before GC invocations=8 (full 3):
 PSYoungGen      total 611840K, used 524800K [0x00000000d5580000, 0x0000000100000000, 0x0000000100000000)
  eden space 524800K, 100% used [0x00000000d5580000,0x00000000f5600000,0x00000000f5600000)
  from space 87040K, 0% used [0x00000000fab00000,0x00000000fab00000,0x0000000100000000)
  to   space 87040K, 0% used [0x00000000f5600000,0x00000000f5600000,0x00000000fab00000)
 ParOldGen       total 1398272K, used 40114K [0x0000000080000000, 0x00000000d5580000, 0x00000000d5580000)
  object space 1398272K, 2% used [0x0000000080000000,0x000000008272c918,0x00000000d5580000)
 Metaspace       used 66259K, capacity 69248K, committed 69376K, reserved 1110016K
  class space    used 7535K, capacity 8088K, committed 8192K, reserved 1048576K
Event: 69.879 GC heap after
Heap after GC invocations=8 (full 3):
 PSYoungGen      total 602112K, used 76970K [0x00000000d5580000, 0x00000000fe200000, 0x0000000100000000)
  eden space 524800K, 0% used [0x00000000d5580000,0x00000000d5580000,0x00000000f5600000)
  from space 77312K, 99% used [0x00000000f5600000,0x00000000fa12a988,0x00000000fa180000)
  to   space 66048K, 0% used [0x00000000fa180000,0x00000000fa180000,0x00000000fe200000)
 ParOldGen       total 1398272K, used 40122K [0x0000000080000000, 0x00000000d5580000, 0x00000000d5580000)
  object space 1398272K, 2% used [0x0000000080000000,0x000000008272e918,0x00000000d5580000)
 Metaspace       used 66259K, capacity 69248K, committed 69376K, reserved 1110016K
  class space    used 7535K, capacity 8088K, committed 8192K, reserved 1048576K
}

