-------------------------------------------------------------------------------
Test set: org.apache.hadoop.ozone.TestSecureOzoneCluster
-------------------------------------------------------------------------------
Tests run: 10, Failures: 0, Errors: 1, Skipped: 0, Time elapsed: 192.049 s <<< FAILURE! - in org.apache.hadoop.ozone.TestSecureOzoneCluster
testSecureOmReInit(org.apache.hadoop.ozone.TestSecureOzoneCluster)  Time elapsed: 80.399 s  <<< ERROR!
java.lang.Exception: test timed out after 80000 milliseconds
	at java.io.UnixFileSystem.delete0(Native Method)
	at java.io.UnixFileSystem.delete(UnixFileSystem.java:265)
	at java.io.File.delete(File.java:1041)
	at org.apache.kerby.kerberos.kerb.client.Krb5Conf.deleteKrb5conf(Krb5Conf.java:82)
	at org.apache.kerby.kerberos.kerb.server.SimpleKdcServer.stop(SimpleKdcServer.java:301)
	at org.apache.hadoop.minikdc.MiniKdc.stop(MiniKdc.java:342)
	at org.apache.hadoop.ozone.TestSecureOzoneCluster.stopMiniKdc(TestSecureOzoneCluster.java:233)
	at org.apache.hadoop.ozone.TestSecureOzoneCluster.stop(TestSecureOzoneCluster.java:192)
	at sun.reflect.NativeMethodAccessorImpl.invoke0(Native Method)
	at sun.reflect.NativeMethodAccessorImpl.invoke(NativeMethodAccessorImpl.java:62)
	at sun.reflect.DelegatingMethodAccessorImpl.invoke(DelegatingMethodAccessorImpl.java:43)
	at java.lang.reflect.Method.invoke(Method.java:498)
	at org.junit.runners.model.FrameworkMethod$1.runReflectiveCall(FrameworkMethod.java:47)
	at org.junit.internal.runners.model.ReflectiveCallable.run(ReflectiveCallable.java:12)
	at org.junit.runners.model.FrameworkMethod.invokeExplosively(FrameworkMethod.java:44)
	at org.junit.internal.runners.statements.RunAfters.evaluate(RunAfters.java:33)
	at org.junit.internal.runners.statements.FailOnTimeout$StatementThread.run(FailOnTimeout.java:74)

