# JRE version: OpenJDK Runtime Environment (8.0_212-b04) (build 1.8.0_212-b04)
# Java VM: OpenJDK 64-Bit Server VM (25.212-b04 mixed mode linux-amd64 compressed oops)
Heap:
 PSYoungGen      total 609792K, used 192393K [0x00000000d5580000, 0x0000000100000000, 0x0000000100000000)
  eden space 524800K, 20% used [0x00000000d5580000,0x00000000dbe76d10,0x00000000f5600000)
  from space 84992K, 99% used [0x00000000f5600000,0x00000000fa8eb828,0x00000000fa900000)
  to   space 89088K, 0% used [0x00000000fa900000,0x00000000fa900000,0x0000000100000000)
 ParOldGen       total 1398272K, used 49253K [0x0000000080000000, 0x00000000d5580000, 0x00000000d5580000)
  object space 1398272K, 3% used [0x0000000080000000,0x00000000830196a8,0x00000000d5580000)
 Metaspace       used 69798K, capacity 72942K, committed 73088K, reserved 1114112K
  class space    used 7679K, capacity 8245K, committed 8320K, reserved 1048576K
GC Heap History (10 events):
Event: 4.445 GC heap before
{Heap before GC invocations=4 (full 2):
 PSYoungGen      total 611840K, used 18619K [0x00000000d5580000, 0x0000000100000000, 0x0000000100000000)
  eden space 524800K, 0% used [0x00000000d5580000,0x00000000d5580000,0x00000000f5600000)
  from space 87040K, 21% used [0x00000000fab00000,0x00000000fbd2ecc0,0x0000000100000000)
  to   space 87040K, 0% used [0x00000000f5600000,0x00000000f5600000,0x00000000fab00000)
 ParOldGen       total 876544K, used 13658K [0x0000000080000000, 0x00000000b5800000, 0x00000000d5580000)
  object space 876544K, 1% used [0x0000000080000000,0x0000000080d56b78,0x00000000b5800000)
 Metaspace       used 34608K, capacity 34994K, committed 35416K, reserved 1081344K
  class space    used 3951K, capacity 4067K, committed 4096K, reserved 1048576K
Event: 4.529 GC heap after
Heap after GC invocations=4 (full 2):
 PSYoungGen      total 611840K, used 0K [0x00000000d5580000, 0x0000000100000000, 0x0000000100000000)
  eden space 524800K, 0% used [0x00000000d5580000,0x00000000d5580000,0x00000000f5600000)
  from space 87040K, 0% used [0x00000000fab00000,0x00000000fab00000,0x0000000100000000)
  to   space 87040K, 0% used [0x00000000f5600000,0x00000000f5600000,0x00000000fab00000)
 ParOldGen       total 1398272K, used 22885K [0x0000000080000000, 0x00000000d5580000, 0x00000000d5580000)
  object space 1398272K, 1% used [0x0000000080000000,0x0000000081659570,0x00000000d5580000)
 Metaspace       used 34608K, capacity 34994K, committed 35416K, reserved 1081344K
  class space    used 3951K, capacity 4067K, committed 4096K, reserved 1048576K
}
Event: 12.370 GC heap before
{Heap before GC invocations=5 (full 2):
 PSYoungGen      total 611840K, used 358712K [0x00000000d5580000, 0x0000000100000000, 0x0000000100000000)
  eden space 524800K, 68% used [0x00000000d5580000,0x00000000eb3ce168,0x00000000f5600000)
  from space 87040K, 0% used [0x00000000fab00000,0x00000000fab00000,0x0000000100000000)
  to   space 87040K, 0% used [0x00000000f5600000,0x00000000f5600000,0x00000000fab00000)
 ParOldGen       total 1398272K, used 22885K [0x0000000080000000, 0x00000000d5580000, 0x00000000d5580000)
  object space 1398272K, 1% used [0x0000000080000000,0x0000000081659570,0x00000000d5580000)
 Metaspace       used 56999K, capacity 58930K, committed 59028K, reserved 1101824K
  class space    used 6672K, capacity 7025K, committed 7040K, reserved 1048576K
Event: 12.449 GC heap after
Heap after GC invocations=5 (full 2):
 PSYoungGen      total 611840K, used 33678K [0x00000000d5580000, 0x0000000100000000, 0x0000000100000000)
  eden space 524800K, 0% used [0x00000000d5580000,0x00000000d5580000,0x00000000f5600000)
  from space 87040K, 38% used [0x00000000f5600000,0x00000000f76e3ac8,0x00000000fab00000)
  to   space 87040K, 0% used [0x00000000fab00000,0x00000000fab00000,0x0000000100000000)
 ParOldGen       total 1398272K, used 22893K [0x0000000080000000, 0x00000000d5580000, 0x00000000d5580000)
  object space 1398272K, 1% used [0x0000000080000000,0x000000008165b570,0x00000000d5580000)
 Metaspace       used 56999K, capacity 58930K, committed 59028K, reserved 1101824K
  class space    used 6672K, capacity 7025K, committed 7040K, reserved 1048576K
}
Event: 12.449 GC heap before
{Heap before GC invocations=6 (full 3):
 PSYoungGen      total 611840K, used 33678K [0x00000000d5580000, 0x0000000100000000, 0x0000000100000000)
  eden space 524800K, 0% used [0x00000000d5580000,0x00000000d5580000,0x00000000f5600000)
  from space 87040K, 38% used [0x00000000f5600000,0x00000000f76e3ac8,0x00000000fab00000)
  to   space 87040K, 0% used [0x00000000fab00000,0x00000000fab00000,0x0000000100000000)
 ParOldGen       total 1398272K, used 22893K [0x0000000080000000, 0x00000000d5580000, 0x00000000d5580000)
  object space 1398272K, 1% used [0x0000000080000000,0x000000008165b570,0x00000000d5580000)
 Metaspace       used 56999K, capacity 58930K, committed 59028K, reserved 1101824K
  class space    used 6672K, capacity 7025K, committed 7040K, reserved 1048576K
Event: 12.744 GC heap after
Heap after GC invocations=6 (full 3):
 PSYoungGen      total 611840K, used 0K [0x00000000d5580000, 0x0000000100000000, 0x0000000100000000)
  eden space 524800K, 0% used [0x00000000d5580000,0x00000000d5580000,0x00000000f5600000)
  from space 87040K, 0% used [0x00000000f5600000,0x00000000f5600000,0x00000000fab00000)
  to   space 87040K, 0% used [0x00000000fab00000,0x00000000fab00000,0x0000000100000000)
 ParOldGen       total 1398272K, used 43824K [0x0000000080000000, 0x00000000d5580000, 0x00000000d5580000)
  object space 1398272K, 3% used [0x0000000080000000,0x0000000082acc0e0,0x00000000d5580000)
 Metaspace       used 56886K, capacity 58624K, committed 59028K, reserved 1101824K
  class space    used 6634K, capacity 6956K, committed 7040K, reserved 1048576K
}
Event: 49.363 GC heap before
{Heap before GC invocations=7 (full 3):
 PSYoungGen      total 611840K, used 523890K [0x00000000d5580000, 0x0000000100000000, 0x0000000100000000)
  eden space 524800K, 99% used [0x00000000d5580000,0x00000000f551c8d0,0x00000000f5600000)
  from space 87040K, 0% used [0x00000000f5600000,0x00000000f5600000,0x00000000fab00000)
  to   space 87040K, 0% used [0x00000000fab00000,0x00000000fab00000,0x0000000100000000)
 ParOldGen       total 1398272K, used 43824K [0x0000000080000000, 0x00000000d5580000, 0x00000000d5580000)
  object space 1398272K, 3% used [0x0000000080000000,0x0000000082acc0e0,0x00000000d5580000)
 Metaspace       used 67254K, capacity 70262K, committed 70400K, reserved 1112064K
  class space    used 7603K, capacity 8139K, committed 8192K, reserved 1048576K
Event: 49.557 GC heap after
Heap after GC invocations=7 (full 3):
 PSYoungGen      total 611840K, used 87014K [0x00000000d5580000, 0x0000000100000000, 0x0000000100000000)
  eden space 524800K, 0% used [0x00000000d5580000,0x00000000d5580000,0x00000000f5600000)
  from space 87040K, 99% used [0x00000000fab00000,0x00000000ffff98e0,0x0000000100000000)
  to   space 87040K, 0% used [0x00000000f5600000,0x00000000f5600000,0x00000000fab00000)
 ParOldGen       total 1398272K, used 49245K [0x0000000080000000, 0x00000000d5580000, 0x00000000d5580000)
  object space 1398272K, 3% used [0x0000000080000000,0x00000000830176a8,0x00000000d5580000)
 Metaspace       used 67254K, capacity 70262K, committed 70400K, reserved 1112064K
  class space    used 7603K, capacity 8139K, committed 8192K, reserved 1048576K
}
Event: 230.216 GC heap before
{Heap before GC invocations=8 (full 3):
 PSYoungGen      total 611840K, used 611814K [0x00000000d5580000, 0x0000000100000000, 0x0000000100000000)
  eden space 524800K, 100% used [0x00000000d5580000,0x00000000f5600000,0x00000000f5600000)
  from space 87040K, 99% used [0x00000000fab00000,0x00000000ffff98e0,0x0000000100000000)
  to   space 87040K, 0% used [0x00000000f5600000,0x00000000f5600000,0x00000000fab00000)
 ParOldGen       total 1398272K, used 49245K [0x0000000080000000, 0x00000000d5580000, 0x00000000d5580000)
  object space 1398272K, 3% used [0x0000000080000000,0x00000000830176a8,0x00000000d5580000)
 Metaspace       used 69660K, capacity 72814K, committed 73088K, reserved 1114112K
  class space    used 7679K, capacity 8245K, committed 8320K, reserved 1048576K
Event: 230.404 GC heap after
Heap after GC invocations=8 (full 3):
 PSYoungGen      total 609792K, used 84910K [0x00000000d5580000, 0x0000000100000000, 0x0000000100000000)
  eden space 524800K, 0% used [0x00000000d5580000,0x00000000d5580000,0x00000000f5600000)
  from space 84992K, 99% used [0x00000000f5600000,0x00000000fa8eb828,0x00000000fa900000)
  to   space 89088K, 0% used [0x00000000fa900000,0x00000000fa900000,0x0000000100000000)
 ParOldGen       total 1398272K, used 49253K [0x0000000080000000, 0x00000000d5580000, 0x00000000d5580000)
  object space 1398272K, 3% used [0x0000000080000000,0x00000000830196a8,0x00000000d5580000)
 Metaspace       used 69660K, capacity 72814K, committed 73088K, reserved 1114112K
  class space    used 7679K, capacity 8245K, committed 8320K, reserved 1048576K
}

