# JRE version: OpenJDK Runtime Environment (8.0_212-b04) (build 1.8.0_212-b04)
# Java VM: OpenJDK 64-Bit Server VM (25.212-b04 mixed mode linux-amd64 compressed oops)
Heap:
 PSYoungGen      total 611840K, used 417072K [0x00000000d5580000, 0x0000000100000000, 0x0000000100000000)
  eden space 524800K, 79% used [0x00000000d5580000,0x00000000eeccc388,0x00000000f5600000)
  from space 87040K, 0% used [0x00000000f5600000,0x00000000f5600000,0x00000000fab00000)
  to   space 87040K, 0% used [0x00000000fab00000,0x00000000fab00000,0x0000000100000000)
 ParOldGen       total 1398272K, used 41200K [0x0000000080000000, 0x00000000d5580000, 0x00000000d5580000)
  object space 1398272K, 2% used [0x0000000080000000,0x000000008283c118,0x00000000d5580000)
 Metaspace       used 65612K, capacity 68468K, committed 68480K, reserved 1110016K
  class space    used 7530K, capacity 8054K, committed 8064K, reserved 1048576K
GC Heap History (10 events):
Event: 2.089 GC heap before
{Heap before GC invocations=2 (full 1):
 PSYoungGen      total 611840K, used 14233K [0x00000000d5580000, 0x0000000100000000, 0x0000000100000000)
  eden space 524800K, 0% used [0x00000000d5580000,0x00000000d5580000,0x00000000f5600000)
  from space 87040K, 16% used [0x00000000f5600000,0x00000000f63e67c0,0x00000000fab00000)
  to   space 87040K, 0% used [0x00000000fab00000,0x00000000fab00000,0x0000000100000000)
 ParOldGen       total 1398272K, used 80K [0x0000000080000000, 0x00000000d5580000, 0x00000000d5580000)
  object space 1398272K, 0% used [0x0000000080000000,0x0000000080014010,0x00000000d5580000)
 Metaspace       used 20730K, capacity 21032K, committed 21296K, reserved 1069056K
  class space    used 2332K, capacity 2419K, committed 2432K, reserved 1048576K
Event: 2.170 GC heap after
Heap after GC invocations=2 (full 1):
 PSYoungGen      total 611840K, used 0K [0x00000000d5580000, 0x0000000100000000, 0x0000000100000000)
  eden space 524800K, 0% used [0x00000000d5580000,0x00000000d5580000,0x00000000f5600000)
  from space 87040K, 0% used [0x00000000f5600000,0x00000000f5600000,0x00000000fab00000)
  to   space 87040K, 0% used [0x00000000fab00000,0x00000000fab00000,0x0000000100000000)
 ParOldGen       total 866816K, used 13702K [0x0000000080000000, 0x00000000b4e80000, 0x00000000d5580000)
  object space 866816K, 1% used [0x0000000080000000,0x0000000080d61880,0x00000000b4e80000)
 Metaspace       used 20730K, capacity 21032K, committed 21296K, reserved 1069056K
  class space    used 2332K, capacity 2419K, committed 2432K, reserved 1048576K
}
Event: 4.449 GC heap before
{Heap before GC invocations=3 (full 1):
 PSYoungGen      total 611840K, used 414599K [0x00000000d5580000, 0x0000000100000000, 0x0000000100000000)
  eden space 524800K, 79% used [0x00000000d5580000,0x00000000eea61db8,0x00000000f5600000)
  from space 87040K, 0% used [0x00000000f5600000,0x00000000f5600000,0x00000000fab00000)
  to   space 87040K, 0% used [0x00000000fab00000,0x00000000fab00000,0x0000000100000000)
 ParOldGen       total 866816K, used 13702K [0x0000000080000000, 0x00000000b4e80000, 0x00000000d5580000)
  object space 866816K, 1% used [0x0000000080000000,0x0000000080d61880,0x00000000b4e80000)
 Metaspace       used 34713K, capacity 35124K, committed 35496K, reserved 1081344K
  class space    used 3960K, capacity 4086K, committed 4096K, reserved 1048576K
Event: 4.492 GC heap after
Heap after GC invocations=3 (full 1):
 PSYoungGen      total 611840K, used 18728K [0x00000000d5580000, 0x0000000100000000, 0x0000000100000000)
  eden space 524800K, 0% used [0x00000000d5580000,0x00000000d5580000,0x00000000f5600000)
  from space 87040K, 21% used [0x00000000fab00000,0x00000000fbd4a180,0x0000000100000000)
  to   space 87040K, 0% used [0x00000000f5600000,0x00000000f5600000,0x00000000fab00000)
 ParOldGen       total 866816K, used 13702K [0x0000000080000000, 0x00000000b4e80000, 0x00000000d5580000)
  object space 866816K, 1% used [0x0000000080000000,0x0000000080d61880,0x00000000b4e80000)
 Metaspace       used 34713K, capacity 35124K, committed 35496K, reserved 1081344K
  class space    used 3960K, capacity 4086K, committed 4096K, reserved 1048576K
}
Event: 4.492 GC heap before
{Heap before GC invocations=4 (full 2):
 PSYoungGen      total 611840K, used 18728K [0x00000000d5580000, 0x0000000100000000, 0x0000000100000000)
  eden space 524800K, 0% used [0x00000000d5580000,0x00000000d5580000,0x00000000f5600000)
  from space 87040K, 21% used [0x00000000fab00000,0x00000000fbd4a180,0x0000000100000000)
  to   space 87040K, 0% used [0x00000000f5600000,0x00000000f5600000,0x00000000fab00000)
 ParOldGen       total 866816K, used 13702K [0x0000000080000000, 0x00000000b4e80000, 0x00000000d5580000)
  object space 866816K, 1% used [0x0000000080000000,0x0000000080d61880,0x00000000b4e80000)
 Metaspace       used 34713K, capacity 35124K, committed 35496K, reserved 1081344K
  class space    used 3960K, capacity 4086K, committed 4096K, reserved 1048576K
Event: 4.614 GC heap after
Heap after GC invocations=4 (full 2):
 PSYoungGen      total 611840K, used 0K [0x00000000d5580000, 0x0000000100000000, 0x0000000100000000)
  eden space 524800K, 0% used [0x00000000d5580000,0x00000000d5580000,0x00000000f5600000)
  from space 87040K, 0% used [0x00000000fab00000,0x00000000fab00000,0x0000000100000000)
  to   space 87040K, 0% used [0x00000000f5600000,0x00000000f5600000,0x00000000fab00000)
 ParOldGen       total 1398272K, used 22943K [0x0000000080000000, 0x00000000d5580000, 0x00000000d5580000)
  object space 1398272K, 1% used [0x0000000080000000,0x0000000081667fd8,0x00000000d5580000)
 Metaspace       used 34713K, capacity 35124K, committed 35496K, reserved 1081344K
  class space    used 3960K, capacity 4086K, committed 4096K, reserved 1048576K
}
Event: 11.738 GC heap before
{Heap before GC invocations=5 (full 2):
 PSYoungGen      total 611840K, used 398841K [0x00000000d5580000, 0x0000000100000000, 0x0000000100000000)
  eden space 524800K, 75% used [0x00000000d5580000,0x00000000edafe648,0x00000000f5600000)
  from space 87040K, 0% used [0x00000000fab00000,0x00000000fab00000,0x0000000100000000)
  to   space 87040K, 0% used [0x00000000f5600000,0x00000000f5600000,0x00000000fab00000)
 ParOldGen       total 1398272K, used 22943K [0x0000000080000000, 0x00000000d5580000, 0x00000000d5580000)
  object space 1398272K, 1% used [0x0000000080000000,0x0000000081667fd8,0x00000000d5580000)
 Metaspace       used 57576K, capacity 59044K, committed 59160K, reserved 1101824K
  class space    used 6688K, capacity 6972K, committed 7040K, reserved 1048576K
Event: 11.829 GC heap after
Heap after GC invocations=5 (full 2):
 PSYoungGen      total 611840K, used 31136K [0x00000000d5580000, 0x0000000100000000, 0x0000000100000000)
  eden space 524800K, 0% used [0x00000000d5580000,0x00000000d5580000,0x00000000f5600000)
  from space 87040K, 35% used [0x00000000f5600000,0x00000000f7468190,0x00000000fab00000)
  to   space 87040K, 0% used [0x00000000fab00000,0x00000000fab00000,0x0000000100000000)
 ParOldGen       total 1398272K, used 22951K [0x0000000080000000, 0x00000000d5580000, 0x00000000d5580000)
  object space 1398272K, 1% used [0x0000000080000000,0x0000000081669fd8,0x00000000d5580000)
 Metaspace       used 57576K, capacity 59044K, committed 59160K, reserved 1101824K
  class space    used 6688K, capacity 6972K, committed 7040K, reserved 1048576K
}
Event: 11.829 GC heap before
{Heap before GC invocations=6 (full 3):
 PSYoungGen      total 611840K, used 31136K [0x00000000d5580000, 0x0000000100000000, 0x0000000100000000)
  eden space 524800K, 0% used [0x00000000d5580000,0x00000000d5580000,0x00000000f5600000)
  from space 87040K, 35% used [0x00000000f5600000,0x00000000f7468190,0x00000000fab00000)
  to   space 87040K, 0% used [0x00000000fab00000,0x00000000fab00000,0x0000000100000000)
 ParOldGen       total 1398272K, used 22951K [0x0000000080000000, 0x00000000d5580000, 0x00000000d5580000)
  object space 1398272K, 1% used [0x0000000080000000,0x0000000081669fd8,0x00000000d5580000)
 Metaspace       used 57576K, capacity 59044K, committed 59160K, reserved 1101824K
  class space    used 6688K, capacity 6972K, committed 7040K, reserved 1048576K
Event: 12.104 GC heap after
Heap after GC invocations=6 (full 3):
 PSYoungGen      total 611840K, used 0K [0x00000000d5580000, 0x0000000100000000, 0x0000000100000000)
  eden space 524800K, 0% used [0x00000000d5580000,0x00000000d5580000,0x00000000f5600000)
  from space 87040K, 0% used [0x00000000f5600000,0x00000000f5600000,0x00000000fab00000)
  to   space 87040K, 0% used [0x00000000fab00000,0x00000000fab00000,0x0000000100000000)
 ParOldGen       total 1398272K, used 41200K [0x0000000080000000, 0x00000000d5580000, 0x00000000d5580000)
  object space 1398272K, 2% used [0x0000000080000000,0x000000008283c118,0x00000000d5580000)
 Metaspace       used 57576K, capacity 59044K, committed 59160K, reserved 1101824K
  class space    used 6688K, capacity 6972K, committed 7040K, reserved 1048576K
}

