# JRE version: OpenJDK Runtime Environment (8.0_212-b04) (build 1.8.0_212-b04)
# Java VM: OpenJDK 64-Bit Server VM (25.212-b04 mixed mode linux-amd64 compressed oops)
Heap:
 PSYoungGen      total 603136K, used 458833K [0x00000000d5580000, 0x00000000fd200000, 0x0000000100000000)
  eden space 524800K, 72% used [0x00000000d5580000,0x00000000ec97fc20,0x00000000f5600000)
  from space 78336K, 99% used [0x00000000f5600000,0x00000000fa214990,0x00000000fa280000)
  to   space 48640K, 0% used [0x00000000fa280000,0x00000000fa280000,0x00000000fd200000)
 ParOldGen       total 1398272K, used 32521K [0x0000000080000000, 0x00000000d5580000, 0x00000000d5580000)
  object space 1398272K, 2% used [0x0000000080000000,0x0000000081fc26a0,0x00000000d5580000)
 Metaspace       used 78938K, capacity 82513K, committed 82688K, reserved 1122304K
  class space    used 9098K, capacity 9711K, committed 9728K, reserved 1048576K
GC Heap History (10 events):
Event: 4.298 GC heap before
{Heap before GC invocations=4 (full 2):
 PSYoungGen      total 611840K, used 19448K [0x00000000d5580000, 0x0000000100000000, 0x0000000100000000)
  eden space 524800K, 0% used [0x00000000d5580000,0x00000000d5580000,0x00000000f5600000)
  from space 87040K, 22% used [0x00000000fab00000,0x00000000fbdfe1f0,0x0000000100000000)
  to   space 87040K, 0% used [0x00000000f5600000,0x00000000f5600000,0x00000000fab00000)
 ParOldGen       total 865280K, used 13525K [0x0000000080000000, 0x00000000b4d00000, 0x00000000d5580000)
  object space 865280K, 1% used [0x0000000080000000,0x0000000080d356d0,0x00000000b4d00000)
 Metaspace       used 34745K, capacity 35018K, committed 35416K, reserved 1081344K
  class space    used 4188K, capacity 4289K, committed 4352K, reserved 1048576K
Event: 4.483 GC heap after
Heap after GC invocations=4 (full 2):
 PSYoungGen      total 611840K, used 0K [0x00000000d5580000, 0x0000000100000000, 0x0000000100000000)
  eden space 524800K, 0% used [0x00000000d5580000,0x00000000d5580000,0x00000000f5600000)
  from space 87040K, 0% used [0x00000000fab00000,0x00000000fab00000,0x0000000100000000)
  to   space 87040K, 0% used [0x00000000f5600000,0x00000000f5600000,0x00000000fab00000)
 ParOldGen       total 1398272K, used 24283K [0x0000000080000000, 0x00000000d5580000, 0x00000000d5580000)
  object space 1398272K, 1% used [0x0000000080000000,0x00000000817b6fe8,0x00000000d5580000)
 Metaspace       used 34745K, capacity 35018K, committed 35416K, reserved 1081344K
  class space    used 4188K, capacity 4289K, committed 4352K, reserved 1048576K
}
Event: 7.926 GC heap before
{Heap before GC invocations=5 (full 2):
 PSYoungGen      total 611840K, used 524800K [0x00000000d5580000, 0x0000000100000000, 0x0000000100000000)
  eden space 524800K, 100% used [0x00000000d5580000,0x00000000f5600000,0x00000000f5600000)
  from space 87040K, 0% used [0x00000000fab00000,0x00000000fab00000,0x0000000100000000)
  to   space 87040K, 0% used [0x00000000f5600000,0x00000000f5600000,0x00000000fab00000)
 ParOldGen       total 1398272K, used 24283K [0x0000000080000000, 0x00000000d5580000, 0x00000000d5580000)
  object space 1398272K, 1% used [0x0000000080000000,0x00000000817b6fe8,0x00000000d5580000)
 Metaspace       used 49383K, capacity 50184K, committed 50432K, reserved 1093632K
  class space    used 5872K, capacity 6054K, committed 6144K, reserved 1048576K
Event: 7.978 GC heap after
Heap after GC invocations=5 (full 2):
 PSYoungGen      total 611840K, used 20901K [0x00000000d5580000, 0x0000000100000000, 0x0000000100000000)
  eden space 524800K, 0% used [0x00000000d5580000,0x00000000d5580000,0x00000000f5600000)
  from space 87040K, 24% used [0x00000000f5600000,0x00000000f6a69550,0x00000000fab00000)
  to   space 87040K, 0% used [0x00000000fab00000,0x00000000fab00000,0x0000000100000000)
 ParOldGen       total 1398272K, used 24283K [0x0000000080000000, 0x00000000d5580000, 0x00000000d5580000)
  object space 1398272K, 1% used [0x0000000080000000,0x00000000817b6fe8,0x00000000d5580000)
 Metaspace       used 49383K, capacity 50184K, committed 50432K, reserved 1093632K
  class space    used 5872K, capacity 6054K, committed 6144K, reserved 1048576K
}
Event: 12.045 GC heap before
{Heap before GC invocations=6 (full 2):
 PSYoungGen      total 611840K, used 307777K [0x00000000d5580000, 0x0000000100000000, 0x0000000100000000)
  eden space 524800K, 54% used [0x00000000d5580000,0x00000000e6da6f08,0x00000000f5600000)
  from space 87040K, 24% used [0x00000000f5600000,0x00000000f6a69550,0x00000000fab00000)
  to   space 87040K, 0% used [0x00000000fab00000,0x00000000fab00000,0x0000000100000000)
 ParOldGen       total 1398272K, used 24283K [0x0000000080000000, 0x00000000d5580000, 0x00000000d5580000)
  object space 1398272K, 1% used [0x0000000080000000,0x00000000817b6fe8,0x00000000d5580000)
 Metaspace       used 57842K, capacity 58985K, committed 59028K, reserved 1101824K
  class space    used 6942K, capacity 7168K, committed 7168K, reserved 1048576K
Event: 12.113 GC heap after
Heap after GC invocations=6 (full 2):
 PSYoungGen      total 611840K, used 19977K [0x00000000d5580000, 0x0000000100000000, 0x0000000100000000)
  eden space 524800K, 0% used [0x00000000d5580000,0x00000000d5580000,0x00000000f5600000)
  from space 87040K, 22% used [0x00000000fab00000,0x00000000fbe82710,0x0000000100000000)
  to   space 87040K, 0% used [0x00000000f5600000,0x00000000f5600000,0x00000000fab00000)
 ParOldGen       total 1398272K, used 24283K [0x0000000080000000, 0x00000000d5580000, 0x00000000d5580000)
  object space 1398272K, 1% used [0x0000000080000000,0x00000000817b6fe8,0x00000000d5580000)
 Metaspace       used 57842K, capacity 58985K, committed 59028K, reserved 1101824K
  class space    used 6942K, capacity 7168K, committed 7168K, reserved 1048576K
}
Event: 12.114 GC heap before
{Heap before GC invocations=7 (full 3):
 PSYoungGen      total 611840K, used 19977K [0x00000000d5580000, 0x0000000100000000, 0x0000000100000000)
  eden space 524800K, 0% used [0x00000000d5580000,0x00000000d5580000,0x00000000f5600000)
  from space 87040K, 22% used [0x00000000fab00000,0x00000000fbe82710,0x0000000100000000)
  to   space 87040K, 0% used [0x00000000f5600000,0x00000000f5600000,0x00000000fab00000)
 ParOldGen       total 1398272K, used 24283K [0x0000000080000000, 0x00000000d5580000, 0x00000000d5580000)
  object space 1398272K, 1% used [0x0000000080000000,0x00000000817b6fe8,0x00000000d5580000)
 Metaspace       used 57842K, capacity 58985K, committed 59028K, reserved 1101824K
  class space    used 6942K, capacity 7168K, committed 7168K, reserved 1048576K
Event: 12.413 GC heap after
Heap after GC invocations=7 (full 3):
 PSYoungGen      total 611840K, used 0K [0x00000000d5580000, 0x0000000100000000, 0x0000000100000000)
  eden space 524800K, 0% used [0x00000000d5580000,0x00000000d5580000,0x00000000f5600000)
  from space 87040K, 0% used [0x00000000fab00000,0x00000000fab00000,0x0000000100000000)
  to   space 87040K, 0% used [0x00000000f5600000,0x00000000f5600000,0x00000000fab00000)
 ParOldGen       total 1398272K, used 32521K [0x0000000080000000, 0x00000000d5580000, 0x00000000d5580000)
  object space 1398272K, 2% used [0x0000000080000000,0x0000000081fc26a0,0x00000000d5580000)
 Metaspace       used 57773K, capacity 58815K, committed 59028K, reserved 1101824K
  class space    used 6917K, capacity 7125K, committed 7168K, reserved 1048576K
}
Event: 22.323 GC heap before
{Heap before GC invocations=8 (full 3):
 PSYoungGen      total 611840K, used 524800K [0x00000000d5580000, 0x0000000100000000, 0x0000000100000000)
  eden space 524800K, 100% used [0x00000000d5580000,0x00000000f5600000,0x00000000f5600000)
  from space 87040K, 0% used [0x00000000fab00000,0x00000000fab00000,0x0000000100000000)
  to   space 87040K, 0% used [0x00000000f5600000,0x00000000f5600000,0x00000000fab00000)
 ParOldGen       total 1398272K, used 32521K [0x0000000080000000, 0x00000000d5580000, 0x00000000d5580000)
  object space 1398272K, 2% used [0x0000000080000000,0x0000000081fc26a0,0x00000000d5580000)
 Metaspace       used 75909K, capacity 78731K, committed 78848K, reserved 1118208K
  class space    used 8852K, capacity 9378K, committed 9472K, reserved 1048576K
Event: 22.418 GC heap after
Heap after GC invocations=8 (full 3):
 PSYoungGen      total 603136K, used 77906K [0x00000000d5580000, 0x00000000fd200000, 0x0000000100000000)
  eden space 524800K, 0% used [0x00000000d5580000,0x00000000d5580000,0x00000000f5600000)
  from space 78336K, 99% used [0x00000000f5600000,0x00000000fa214990,0x00000000fa280000)
  to   space 48640K, 0% used [0x00000000fa280000,0x00000000fa280000,0x00000000fd200000)
 ParOldGen       total 1398272K, used 32521K [0x0000000080000000, 0x00000000d5580000, 0x00000000d5580000)
  object space 1398272K, 2% used [0x0000000080000000,0x0000000081fc26a0,0x00000000d5580000)
 Metaspace       used 75909K, capacity 78731K, committed 78848K, reserved 1118208K
  class space    used 8852K, capacity 9378K, committed 9472K, reserved 1048576K
}

