# JRE version: OpenJDK Runtime Environment (8.0_212-b04) (build 1.8.0_212-b04)
# Java VM: OpenJDK 64-Bit Server VM (25.212-b04 mixed mode linux-amd64 compressed oops)
Heap:
 PSYoungGen      total 611840K, used 369027K [0x00000000d5580000, 0x0000000100000000, 0x0000000100000000)
  eden space 524800K, 55% used [0x00000000d5580000,0x00000000e7209368,0x00000000f5600000)
  from space 87040K, 89% used [0x00000000fab00000,0x00000000ff6d7c10,0x0000000100000000)
  to   space 87040K, 0% used [0x00000000f5600000,0x00000000f5600000,0x00000000fab00000)
 ParOldGen       total 1398272K, used 38555K [0x0000000080000000, 0x00000000d5580000, 0x00000000d5580000)
  object space 1398272K, 2% used [0x0000000080000000,0x00000000825a6ce8,0x00000000d5580000)
 Metaspace       used 71025K, capacity 74536K, committed 74752K, reserved 1116160K
  class space    used 7843K, capacity 8434K, committed 8448K, reserved 1048576K
GC Heap History (10 events):
Event: 5.450 GC heap before
{Heap before GC invocations=3 (full 1):
 PSYoungGen      total 611840K, used 409351K [0x00000000d5580000, 0x0000000100000000, 0x0000000100000000)
  eden space 524800K, 78% used [0x00000000d5580000,0x00000000ee541ef0,0x00000000f5600000)
  from space 87040K, 0% used [0x00000000f5600000,0x00000000f5600000,0x00000000fab00000)
  to   space 87040K, 0% used [0x00000000fab00000,0x00000000fab00000,0x0000000100000000)
 ParOldGen       total 867840K, used 13851K [0x0000000080000000, 0x00000000b4f80000, 0x00000000d5580000)
  object space 867840K, 1% used [0x0000000080000000,0x0000000080d86f10,0x00000000b4f80000)
 Metaspace       used 34591K, capacity 34962K, committed 35416K, reserved 1081344K
  class space    used 3940K, capacity 4035K, committed 4096K, reserved 1048576K
Event: 5.499 GC heap after
Heap after GC invocations=3 (full 1):
 PSYoungGen      total 611840K, used 18375K [0x00000000d5580000, 0x0000000100000000, 0x0000000100000000)
  eden space 524800K, 0% used [0x00000000d5580000,0x00000000d5580000,0x00000000f5600000)
  from space 87040K, 21% used [0x00000000fab00000,0x00000000fbcf1d40,0x0000000100000000)
  to   space 87040K, 0% used [0x00000000f5600000,0x00000000f5600000,0x00000000fab00000)
 ParOldGen       total 867840K, used 13851K [0x0000000080000000, 0x00000000b4f80000, 0x00000000d5580000)
  object space 867840K, 1% used [0x0000000080000000,0x0000000080d86f10,0x00000000b4f80000)
 Metaspace       used 34591K, capacity 34962K, committed 35416K, reserved 1081344K
  class space    used 3940K, capacity 4035K, committed 4096K, reserved 1048576K
}
Event: 5.499 GC heap before
{Heap before GC invocations=4 (full 2):
 PSYoungGen      total 611840K, used 18375K [0x00000000d5580000, 0x0000000100000000, 0x0000000100000000)
  eden space 524800K, 0% used [0x00000000d5580000,0x00000000d5580000,0x00000000f5600000)
  from space 87040K, 21% used [0x00000000fab00000,0x00000000fbcf1d40,0x0000000100000000)
  to   space 87040K, 0% used [0x00000000f5600000,0x00000000f5600000,0x00000000fab00000)
 ParOldGen       total 867840K, used 13851K [0x0000000080000000, 0x00000000b4f80000, 0x00000000d5580000)
  object space 867840K, 1% used [0x0000000080000000,0x0000000080d86f10,0x00000000b4f80000)
 Metaspace       used 34591K, capacity 34962K, committed 35416K, reserved 1081344K
  class space    used 3940K, capacity 4035K, committed 4096K, reserved 1048576K
Event: 5.651 GC heap after
Heap after GC invocations=4 (full 2):
 PSYoungGen      total 611840K, used 0K [0x00000000d5580000, 0x0000000100000000, 0x0000000100000000)
  eden space 524800K, 0% used [0x00000000d5580000,0x00000000d5580000,0x00000000f5600000)
  from space 87040K, 0% used [0x00000000fab00000,0x00000000fab00000,0x0000000100000000)
  to   space 87040K, 0% used [0x00000000f5600000,0x00000000f5600000,0x00000000fab00000)
 ParOldGen       total 1398272K, used 22780K [0x0000000080000000, 0x00000000d5580000, 0x00000000d5580000)
  object space 1398272K, 1% used [0x0000000080000000,0x000000008163f258,0x00000000d5580000)
 Metaspace       used 34591K, capacity 34962K, committed 35416K, reserved 1081344K
  class space    used 3940K, capacity 4035K, committed 4096K, reserved 1048576K
}
Event: 11.755 GC heap before
{Heap before GC invocations=5 (full 2):
 PSYoungGen      total 611840K, used 405377K [0x00000000d5580000, 0x0000000100000000, 0x0000000100000000)
  eden space 524800K, 77% used [0x00000000d5580000,0x00000000ee1604f0,0x00000000f5600000)
  from space 87040K, 0% used [0x00000000fab00000,0x00000000fab00000,0x0000000100000000)
  to   space 87040K, 0% used [0x00000000f5600000,0x00000000f5600000,0x00000000fab00000)
 ParOldGen       total 1398272K, used 22780K [0x0000000080000000, 0x00000000d5580000, 0x00000000d5580000)
  object space 1398272K, 1% used [0x0000000080000000,0x000000008163f258,0x00000000d5580000)
 Metaspace       used 57194K, capacity 58800K, committed 59008K, reserved 1101824K
  class space    used 6643K, capacity 6956K, committed 7040K, reserved 1048576K
Event: 11.810 GC heap after
Heap after GC invocations=5 (full 2):
 PSYoungGen      total 611840K, used 28340K [0x00000000d5580000, 0x0000000100000000, 0x0000000100000000)
  eden space 524800K, 0% used [0x00000000d5580000,0x00000000d5580000,0x00000000f5600000)
  from space 87040K, 32% used [0x00000000f5600000,0x00000000f71ad198,0x00000000fab00000)
  to   space 87040K, 0% used [0x00000000fab00000,0x00000000fab00000,0x0000000100000000)
 ParOldGen       total 1398272K, used 22788K [0x0000000080000000, 0x00000000d5580000, 0x00000000d5580000)
  object space 1398272K, 1% used [0x0000000080000000,0x0000000081641258,0x00000000d5580000)
 Metaspace       used 57194K, capacity 58800K, committed 59008K, reserved 1101824K
  class space    used 6643K, capacity 6956K, committed 7040K, reserved 1048576K
}
Event: 11.810 GC heap before
{Heap before GC invocations=6 (full 3):
 PSYoungGen      total 611840K, used 28340K [0x00000000d5580000, 0x0000000100000000, 0x0000000100000000)
  eden space 524800K, 0% used [0x00000000d5580000,0x00000000d5580000,0x00000000f5600000)
  from space 87040K, 32% used [0x00000000f5600000,0x00000000f71ad198,0x00000000fab00000)
  to   space 87040K, 0% used [0x00000000fab00000,0x00000000fab00000,0x0000000100000000)
 ParOldGen       total 1398272K, used 22788K [0x0000000080000000, 0x00000000d5580000, 0x00000000d5580000)
  object space 1398272K, 1% used [0x0000000080000000,0x0000000081641258,0x00000000d5580000)
 Metaspace       used 57194K, capacity 58800K, committed 59008K, reserved 1101824K
  class space    used 6643K, capacity 6956K, committed 7040K, reserved 1048576K
Event: 12.015 GC heap after
Heap after GC invocations=6 (full 3):
 PSYoungGen      total 611840K, used 0K [0x00000000d5580000, 0x0000000100000000, 0x0000000100000000)
  eden space 524800K, 0% used [0x00000000d5580000,0x00000000d5580000,0x00000000f5600000)
  from space 87040K, 0% used [0x00000000f5600000,0x00000000f5600000,0x00000000fab00000)
  to   space 87040K, 0% used [0x00000000fab00000,0x00000000fab00000,0x0000000100000000)
 ParOldGen       total 1398272K, used 38534K [0x0000000080000000, 0x00000000d5580000, 0x00000000d5580000)
  object space 1398272K, 2% used [0x0000000080000000,0x00000000825a1bb8,0x00000000d5580000)
 Metaspace       used 57194K, capacity 58800K, committed 59008K, reserved 1101824K
  class space    used 6643K, capacity 6956K, committed 7040K, reserved 1048576K
}
Event: 26.391 GC heap before
{Heap before GC invocations=7 (full 3):
 PSYoungGen      total 611840K, used 524800K [0x00000000d5580000, 0x0000000100000000, 0x0000000100000000)
  eden space 524800K, 100% used [0x00000000d5580000,0x00000000f5600000,0x00000000f5600000)
  from space 87040K, 0% used [0x00000000f5600000,0x00000000f5600000,0x00000000fab00000)
  to   space 87040K, 0% used [0x00000000fab00000,0x00000000fab00000,0x0000000100000000)
 ParOldGen       total 1398272K, used 38534K [0x0000000080000000, 0x00000000d5580000, 0x00000000d5580000)
  object space 1398272K, 2% used [0x0000000080000000,0x00000000825a1bb8,0x00000000d5580000)
 Metaspace       used 68099K, capacity 71262K, committed 71552K, reserved 1112064K
  class space    used 7721K, capacity 8257K, committed 8320K, reserved 1048576K
Event: 26.499 GC heap after
Heap after GC invocations=7 (full 3):
 PSYoungGen      total 611840K, used 77663K [0x00000000d5580000, 0x0000000100000000, 0x0000000100000000)
  eden space 524800K, 0% used [0x00000000d5580000,0x00000000d5580000,0x00000000f5600000)
  from space 87040K, 89% used [0x00000000fab00000,0x00000000ff6d7c10,0x0000000100000000)
  to   space 87040K, 0% used [0x00000000f5600000,0x00000000f5600000,0x00000000fab00000)
 ParOldGen       total 1398272K, used 38555K [0x0000000080000000, 0x00000000d5580000, 0x00000000d5580000)
  object space 1398272K, 2% used [0x0000000080000000,0x00000000825a6ce8,0x00000000d5580000)
 Metaspace       used 68099K, capacity 71262K, committed 71552K, reserved 1112064K
  class space    used 7721K, capacity 8257K, committed 8320K, reserved 1048576K
}

