# JRE version: OpenJDK Runtime Environment (8.0_212-b04) (build 1.8.0_212-b04)
# Java VM: OpenJDK 64-Bit Server VM (25.212-b04 mixed mode linux-amd64 compressed oops)
Heap:
 PSYoungGen      total 611840K, used 526184K [0x00000000d5580000, 0x0000000100000000, 0x0000000100000000)
  eden space 524800K, 84% used [0x00000000d5580000,0x00000000f0915bb8,0x00000000f5600000)
  from space 87040K, 92% used [0x00000000fab00000,0x00000000ff944630,0x0000000100000000)
  to   space 87040K, 0% used [0x00000000f5600000,0x00000000f5600000,0x00000000fab00000)
 ParOldGen       total 1398272K, used 44280K [0x0000000080000000, 0x00000000d5580000, 0x00000000d5580000)
  object space 1398272K, 3% used [0x0000000080000000,0x0000000082b3e0d8,0x00000000d5580000)
 Metaspace       used 68350K, capacity 71286K, committed 71424K, reserved 1112064K
  class space    used 7598K, capacity 8139K, committed 8192K, reserved 1048576K
GC Heap History (10 events):
Event: 4.481 GC heap before
{Heap before GC invocations=3 (full 1):
 PSYoungGen      total 611840K, used 445051K [0x00000000d5580000, 0x0000000100000000, 0x0000000100000000)
  eden space 524800K, 84% used [0x00000000d5580000,0x00000000f081ed38,0x00000000f5600000)
  from space 87040K, 0% used [0x00000000f5600000,0x00000000f5600000,0x00000000fab00000)
  to   space 87040K, 0% used [0x00000000fab00000,0x00000000fab00000,0x0000000100000000)
 ParOldGen       total 881152K, used 13845K [0x0000000080000000, 0x00000000b5c80000, 0x00000000d5580000)
  object space 881152K, 1% used [0x0000000080000000,0x0000000080d855c0,0x00000000b5c80000)
 Metaspace       used 34722K, capacity 35092K, committed 35416K, reserved 1081344K
  class space    used 3960K, capacity 4060K, committed 4096K, reserved 1048576K
Event: 4.517 GC heap after
Heap after GC invocations=3 (full 1):
 PSYoungGen      total 611840K, used 19110K [0x00000000d5580000, 0x0000000100000000, 0x0000000100000000)
  eden space 524800K, 0% used [0x00000000d5580000,0x00000000d5580000,0x00000000f5600000)
  from space 87040K, 21% used [0x00000000fab00000,0x00000000fbda9ac8,0x0000000100000000)
  to   space 87040K, 0% used [0x00000000f5600000,0x00000000f5600000,0x00000000fab00000)
 ParOldGen       total 881152K, used 13853K [0x0000000080000000, 0x00000000b5c80000, 0x00000000d5580000)
  object space 881152K, 1% used [0x0000000080000000,0x0000000080d875c0,0x00000000b5c80000)
 Metaspace       used 34722K, capacity 35092K, committed 35416K, reserved 1081344K
  class space    used 3960K, capacity 4060K, committed 4096K, reserved 1048576K
}
Event: 4.517 GC heap before
{Heap before GC invocations=4 (full 2):
 PSYoungGen      total 611840K, used 19110K [0x00000000d5580000, 0x0000000100000000, 0x0000000100000000)
  eden space 524800K, 0% used [0x00000000d5580000,0x00000000d5580000,0x00000000f5600000)
  from space 87040K, 21% used [0x00000000fab00000,0x00000000fbda9ac8,0x0000000100000000)
  to   space 87040K, 0% used [0x00000000f5600000,0x00000000f5600000,0x00000000fab00000)
 ParOldGen       total 881152K, used 13853K [0x0000000080000000, 0x00000000b5c80000, 0x00000000d5580000)
  object space 881152K, 1% used [0x0000000080000000,0x0000000080d875c0,0x00000000b5c80000)
 Metaspace       used 34722K, capacity 35092K, committed 35416K, reserved 1081344K
  class space    used 3960K, capacity 4060K, committed 4096K, reserved 1048576K
Event: 4.628 GC heap after
Heap after GC invocations=4 (full 2):
 PSYoungGen      total 611840K, used 0K [0x00000000d5580000, 0x0000000100000000, 0x0000000100000000)
  eden space 524800K, 0% used [0x00000000d5580000,0x00000000d5580000,0x00000000f5600000)
  from space 87040K, 0% used [0x00000000fab00000,0x00000000fab00000,0x0000000100000000)
  to   space 87040K, 0% used [0x00000000f5600000,0x00000000f5600000,0x00000000fab00000)
 ParOldGen       total 1398272K, used 23436K [0x0000000080000000, 0x00000000d5580000, 0x00000000d5580000)
  object space 1398272K, 1% used [0x0000000080000000,0x00000000816e3008,0x00000000d5580000)
 Metaspace       used 34722K, capacity 35092K, committed 35416K, reserved 1081344K
  class space    used 3960K, capacity 4060K, committed 4096K, reserved 1048576K
}
Event: 11.783 GC heap before
{Heap before GC invocations=5 (full 2):
 PSYoungGen      total 611840K, used 501859K [0x00000000d5580000, 0x0000000100000000, 0x0000000100000000)
  eden space 524800K, 95% used [0x00000000d5580000,0x00000000f3f98c40,0x00000000f5600000)
  from space 87040K, 0% used [0x00000000fab00000,0x00000000fab00000,0x0000000100000000)
  to   space 87040K, 0% used [0x00000000f5600000,0x00000000f5600000,0x00000000fab00000)
 ParOldGen       total 1398272K, used 23436K [0x0000000080000000, 0x00000000d5580000, 0x00000000d5580000)
  object space 1398272K, 1% used [0x0000000080000000,0x00000000816e3008,0x00000000d5580000)
 Metaspace       used 57416K, capacity 58994K, committed 59028K, reserved 1101824K
  class space    used 6629K, capacity 6893K, committed 6912K, reserved 1048576K
Event: 11.853 GC heap after
Heap after GC invocations=5 (full 2):
 PSYoungGen      total 611840K, used 33730K [0x00000000d5580000, 0x0000000100000000, 0x0000000100000000)
  eden space 524800K, 0% used [0x00000000d5580000,0x00000000d5580000,0x00000000f5600000)
  from space 87040K, 38% used [0x00000000f5600000,0x00000000f76f0b40,0x00000000fab00000)
  to   space 87040K, 0% used [0x00000000fab00000,0x00000000fab00000,0x0000000100000000)
 ParOldGen       total 1398272K, used 23444K [0x0000000080000000, 0x00000000d5580000, 0x00000000d5580000)
  object space 1398272K, 1% used [0x0000000080000000,0x00000000816e5008,0x00000000d5580000)
 Metaspace       used 57416K, capacity 58994K, committed 59028K, reserved 1101824K
  class space    used 6629K, capacity 6893K, committed 6912K, reserved 1048576K
}
Event: 11.854 GC heap before
{Heap before GC invocations=6 (full 3):
 PSYoungGen      total 611840K, used 33730K [0x00000000d5580000, 0x0000000100000000, 0x0000000100000000)
  eden space 524800K, 0% used [0x00000000d5580000,0x00000000d5580000,0x00000000f5600000)
  from space 87040K, 38% used [0x00000000f5600000,0x00000000f76f0b40,0x00000000fab00000)
  to   space 87040K, 0% used [0x00000000fab00000,0x00000000fab00000,0x0000000100000000)
 ParOldGen       total 1398272K, used 23444K [0x0000000080000000, 0x00000000d5580000, 0x00000000d5580000)
  object space 1398272K, 1% used [0x0000000080000000,0x00000000816e5008,0x00000000d5580000)
 Metaspace       used 57416K, capacity 58994K, committed 59028K, reserved 1101824K
  class space    used 6629K, capacity 6893K, committed 6912K, reserved 1048576K
Event: 12.117 GC heap after
Heap after GC invocations=6 (full 3):
 PSYoungGen      total 611840K, used 0K [0x00000000d5580000, 0x0000000100000000, 0x0000000100000000)
  eden space 524800K, 0% used [0x00000000d5580000,0x00000000d5580000,0x00000000f5600000)
  from space 87040K, 0% used [0x00000000f5600000,0x00000000f5600000,0x00000000fab00000)
  to   space 87040K, 0% used [0x00000000fab00000,0x00000000fab00000,0x0000000100000000)
 ParOldGen       total 1398272K, used 44272K [0x0000000080000000, 0x00000000d5580000, 0x00000000d5580000)
  object space 1398272K, 3% used [0x0000000080000000,0x0000000082b3c0d8,0x00000000d5580000)
 Metaspace       used 57368K, capacity 58870K, committed 59028K, reserved 1101824K
  class space    used 6613K, capacity 6865K, committed 6912K, reserved 1048576K
}
Event: 68.099 GC heap before
{Heap before GC invocations=7 (full 3):
 PSYoungGen      total 611840K, used 524800K [0x00000000d5580000, 0x0000000100000000, 0x0000000100000000)
  eden space 524800K, 100% used [0x00000000d5580000,0x00000000f5600000,0x00000000f5600000)
  from space 87040K, 0% used [0x00000000f5600000,0x00000000f5600000,0x00000000fab00000)
  to   space 87040K, 0% used [0x00000000fab00000,0x00000000fab00000,0x0000000100000000)
 ParOldGen       total 1398272K, used 44272K [0x0000000080000000, 0x00000000d5580000, 0x00000000d5580000)
  object space 1398272K, 3% used [0x0000000080000000,0x0000000082b3c0d8,0x00000000d5580000)
 Metaspace       used 66724K, capacity 69578K, committed 69760K, reserved 1112064K
  class space    used 7549K, capacity 8053K, committed 8064K, reserved 1048576K
Event: 68.282 GC heap after
Heap after GC invocations=7 (full 3):
 PSYoungGen      total 611840K, used 80145K [0x00000000d5580000, 0x0000000100000000, 0x0000000100000000)
  eden space 524800K, 0% used [0x00000000d5580000,0x00000000d5580000,0x00000000f5600000)
  from space 87040K, 92% used [0x00000000fab00000,0x00000000ff944630,0x0000000100000000)
  to   space 87040K, 0% used [0x00000000f5600000,0x00000000f5600000,0x00000000fab00000)
 ParOldGen       total 1398272K, used 44280K [0x0000000080000000, 0x00000000d5580000, 0x00000000d5580000)
  object space 1398272K, 3% used [0x0000000080000000,0x0000000082b3e0d8,0x00000000d5580000)
 Metaspace       used 66724K, capacity 69578K, committed 69760K, reserved 1112064K
  class space    used 7549K, capacity 8053K, committed 8064K, reserved 1048576K
}

