# JRE version: OpenJDK Runtime Environment (8.0_212-b04) (build 1.8.0_212-b04)
# Java VM: OpenJDK 64-Bit Server VM (25.212-b04 mixed mode linux-amd64 compressed oops)
Heap:
 PSYoungGen      total 535040K, used 297243K [0x00000000d5580000, 0x0000000100000000, 0x0000000100000000)
  eden space 448000K, 46% used [0x00000000d5580000,0x00000000e22c9f18,0x00000000f0b00000)
  from space 87040K, 99% used [0x00000000fab00000,0x00000000ffffce78,0x0000000100000000)
  to   space 125440K, 0% used [0x00000000f0b00000,0x00000000f0b00000,0x00000000f8580000)
 ParOldGen       total 1398272K, used 81678K [0x0000000080000000, 0x00000000d5580000, 0x00000000d5580000)
  object space 1398272K, 5% used [0x0000000080000000,0x0000000084fc3860,0x00000000d5580000)
 Metaspace       used 71372K, capacity 74760K, committed 75008K, reserved 1116160K
  class space    used 7832K, capacity 8438K, committed 8448K, reserved 1048576K
GC Heap History (10 events):
Event: 11.762 GC heap before
{Heap before GC invocations=5 (full 2):
 PSYoungGen      total 611840K, used 516994K [0x00000000d5580000, 0x0000000100000000, 0x0000000100000000)
  eden space 524800K, 98% used [0x00000000d5580000,0x00000000f4e60ae0,0x00000000f5600000)
  from space 87040K, 0% used [0x00000000fab00000,0x00000000fab00000,0x0000000100000000)
  to   space 87040K, 0% used [0x00000000f5600000,0x00000000f5600000,0x00000000fab00000)
 ParOldGen       total 1398272K, used 23552K [0x0000000080000000, 0x00000000d5580000, 0x00000000d5580000)
  object space 1398272K, 1% used [0x0000000080000000,0x0000000081700240,0x00000000d5580000)
 Metaspace       used 57450K, capacity 58884K, committed 59028K, reserved 1101824K
  class space    used 6632K, capacity 6900K, committed 6912K, reserved 1048576K
Event: 11.861 GC heap after
Heap after GC invocations=5 (full 2):
 PSYoungGen      total 611840K, used 33765K [0x00000000d5580000, 0x0000000100000000, 0x0000000100000000)
  eden space 524800K, 0% used [0x00000000d5580000,0x00000000d5580000,0x00000000f5600000)
  from space 87040K, 38% used [0x00000000f5600000,0x00000000f76f96c0,0x00000000fab00000)
  to   space 87040K, 0% used [0x00000000fab00000,0x00000000fab00000,0x0000000100000000)
 ParOldGen       total 1398272K, used 23560K [0x0000000080000000, 0x00000000d5580000, 0x00000000d5580000)
  object space 1398272K, 1% used [0x0000000080000000,0x0000000081702240,0x00000000d5580000)
 Metaspace       used 57450K, capacity 58884K, committed 59028K, reserved 1101824K
  class space    used 6632K, capacity 6900K, committed 6912K, reserved 1048576K
}
Event: 11.861 GC heap before
{Heap before GC invocations=6 (full 3):
 PSYoungGen      total 611840K, used 33765K [0x00000000d5580000, 0x0000000100000000, 0x0000000100000000)
  eden space 524800K, 0% used [0x00000000d5580000,0x00000000d5580000,0x00000000f5600000)
  from space 87040K, 38% used [0x00000000f5600000,0x00000000f76f96c0,0x00000000fab00000)
  to   space 87040K, 0% used [0x00000000fab00000,0x00000000fab00000,0x0000000100000000)
 ParOldGen       total 1398272K, used 23560K [0x0000000080000000, 0x00000000d5580000, 0x00000000d5580000)
  object space 1398272K, 1% used [0x0000000080000000,0x0000000081702240,0x00000000d5580000)
 Metaspace       used 57450K, capacity 58884K, committed 59028K, reserved 1101824K
  class space    used 6632K, capacity 6900K, committed 6912K, reserved 1048576K
Event: 12.190 GC heap after
Heap after GC invocations=6 (full 3):
 PSYoungGen      total 611840K, used 0K [0x00000000d5580000, 0x0000000100000000, 0x0000000100000000)
  eden space 524800K, 0% used [0x00000000d5580000,0x00000000d5580000,0x00000000f5600000)
  from space 87040K, 0% used [0x00000000f5600000,0x00000000f5600000,0x00000000fab00000)
  to   space 87040K, 0% used [0x00000000fab00000,0x00000000fab00000,0x0000000100000000)
 ParOldGen       total 1398272K, used 44382K [0x0000000080000000, 0x00000000d5580000, 0x00000000d5580000)
  object space 1398272K, 3% used [0x0000000080000000,0x0000000082b57830,0x00000000d5580000)
 Metaspace       used 57415K, capacity 58796K, committed 59028K, reserved 1101824K
  class space    used 6621K, capacity 6880K, committed 6912K, reserved 1048576K
}
Event: 92.905 GC heap before
{Heap before GC invocations=7 (full 3):
 PSYoungGen      total 611840K, used 524800K [0x00000000d5580000, 0x0000000100000000, 0x0000000100000000)
  eden space 524800K, 100% used [0x00000000d5580000,0x00000000f5600000,0x00000000f5600000)
  from space 87040K, 0% used [0x00000000f5600000,0x00000000f5600000,0x00000000fab00000)
  to   space 87040K, 0% used [0x00000000fab00000,0x00000000fab00000,0x0000000100000000)
 ParOldGen       total 1398272K, used 44382K [0x0000000080000000, 0x00000000d5580000, 0x00000000d5580000)
  object space 1398272K, 3% used [0x0000000080000000,0x0000000082b57830,0x00000000d5580000)
 Metaspace       used 66017K, capacity 68650K, committed 68992K, reserved 1110016K
  class space    used 7504K, capacity 7971K, committed 8064K, reserved 1048576K
Event: 93.058 GC heap after
Heap after GC invocations=7 (full 3):
 PSYoungGen      total 611840K, used 42268K [0x00000000d5580000, 0x0000000100000000, 0x0000000100000000)
  eden space 524800K, 0% used [0x00000000d5580000,0x00000000d5580000,0x00000000f5600000)
  from space 87040K, 48% used [0x00000000fab00000,0x00000000fd447118,0x0000000100000000)
  to   space 87040K, 0% used [0x00000000f5600000,0x00000000f5600000,0x00000000fab00000)
 ParOldGen       total 1398272K, used 44390K [0x0000000080000000, 0x00000000d5580000, 0x00000000d5580000)
  object space 1398272K, 3% used [0x0000000080000000,0x0000000082b59830,0x00000000d5580000)
 Metaspace       used 66017K, capacity 68650K, committed 68992K, reserved 1110016K
  class space    used 7504K, capacity 7971K, committed 8064K, reserved 1048576K
}
Event: 312.967 GC heap before
{Heap before GC invocations=8 (full 3):
 PSYoungGen      total 611840K, used 567068K [0x00000000d5580000, 0x0000000100000000, 0x0000000100000000)
  eden space 524800K, 100% used [0x00000000d5580000,0x00000000f5600000,0x00000000f5600000)
  from space 87040K, 48% used [0x00000000fab00000,0x00000000fd447118,0x0000000100000000)
  to   space 87040K, 0% used [0x00000000f5600000,0x00000000f5600000,0x00000000fab00000)
 ParOldGen       total 1398272K, used 44390K [0x0000000080000000, 0x00000000d5580000, 0x00000000d5580000)
  object space 1398272K, 3% used [0x0000000080000000,0x0000000082b59830,0x00000000d5580000)
 Metaspace       used 69589K, capacity 72538K, committed 72832K, reserved 1114112K
  class space    used 7741K, capacity 8275K, committed 8320K, reserved 1048576K
Event: 313.202 GC heap after
Heap after GC invocations=8 (full 3):
 PSYoungGen      total 611840K, used 87023K [0x00000000d5580000, 0x0000000100000000, 0x0000000100000000)
  eden space 524800K, 0% used [0x00000000d5580000,0x00000000d5580000,0x00000000f5600000)
  from space 87040K, 99% used [0x00000000f5600000,0x00000000faafbf68,0x00000000fab00000)
  to   space 87040K, 0% used [0x00000000fab00000,0x00000000fab00000,0x0000000100000000)
 ParOldGen       total 1398272K, used 52662K [0x0000000080000000, 0x00000000d5580000, 0x00000000d5580000)
  object space 1398272K, 3% used [0x0000000080000000,0x000000008336d860,0x00000000d5580000)
 Metaspace       used 69589K, capacity 72538K, committed 72832K, reserved 1114112K
  class space    used 7741K, capacity 8275K, committed 8320K, reserved 1048576K
}
Event: 571.227 GC heap before
{Heap before GC invocations=9 (full 3):
 PSYoungGen      total 611840K, used 611823K [0x00000000d5580000, 0x0000000100000000, 0x0000000100000000)
  eden space 524800K, 99% used [0x00000000d5580000,0x00000000f55fff68,0x00000000f5600000)
  from space 87040K, 99% used [0x00000000f5600000,0x00000000faafbf68,0x00000000fab00000)
  to   space 87040K, 0% used [0x00000000fab00000,0x00000000fab00000,0x0000000100000000)
 ParOldGen       total 1398272K, used 52662K [0x0000000080000000, 0x00000000d5580000, 0x00000000d5580000)
  object space 1398272K, 3% used [0x0000000080000000,0x000000008336d860,0x00000000d5580000)
 Metaspace       used 70808K, capacity 74108K, committed 74240K, reserved 1116160K
  class space    used 7812K, capacity 8402K, committed 8448K, reserved 1048576K
Event: 571.479 GC heap after
Heap after GC invocations=9 (full 3):
 PSYoungGen      total 535040K, used 87027K [0x00000000d5580000, 0x0000000100000000, 0x0000000100000000)
  eden space 448000K, 0% used [0x00000000d5580000,0x00000000d5580000,0x00000000f0b00000)
  from space 87040K, 99% used [0x00000000fab00000,0x00000000ffffce78,0x0000000100000000)
  to   space 125440K, 0% used [0x00000000f0b00000,0x00000000f0b00000,0x00000000f8580000)
 ParOldGen       total 1398272K, used 81678K [0x0000000080000000, 0x00000000d5580000, 0x00000000d5580000)
  object space 1398272K, 5% used [0x0000000080000000,0x0000000084fc3860,0x00000000d5580000)
 Metaspace       used 70808K, capacity 74108K, committed 74240K, reserved 1116160K
  class space    used 7812K, capacity 8402K, committed 8448K, reserved 1048576K
}

