# JRE version: OpenJDK Runtime Environment (8.0_212-b04) (build 1.8.0_212-b04)
# Java VM: OpenJDK 64-Bit Server VM (25.212-b04 mixed mode linux-amd64 compressed oops)
Heap:
 PSYoungGen      total 611840K, used 194015K [0x00000000d5580000, 0x0000000100000000, 0x0000000100000000)
  eden space 524800K, 36% used [0x00000000d5580000,0x00000000e12f7d00,0x00000000f5600000)
  from space 87040K, 0% used [0x00000000f5600000,0x00000000f5600000,0x00000000fab00000)
  to   space 87040K, 0% used [0x00000000fab00000,0x00000000fab00000,0x0000000100000000)
 ParOldGen       total 1398272K, used 41856K [0x0000000080000000, 0x00000000d5580000, 0x00000000d5580000)
  object space 1398272K, 2% used [0x0000000080000000,0x00000000828e00e0,0x00000000d5580000)
 Metaspace       used 64305K, capacity 68502K, committed 68608K, reserved 1110016K
  class space    used 7659K, capacity 8427K, committed 8448K, reserved 1048576K
GC Heap History (10 events):
Event: 2.106 GC heap before
{Heap before GC invocations=2 (full 1):
 PSYoungGen      total 611840K, used 14358K [0x00000000d5580000, 0x0000000100000000, 0x0000000100000000)
  eden space 524800K, 0% used [0x00000000d5580000,0x00000000d5580000,0x00000000f5600000)
  from space 87040K, 16% used [0x00000000f5600000,0x00000000f64059c8,0x00000000fab00000)
  to   space 87040K, 0% used [0x00000000fab00000,0x00000000fab00000,0x0000000100000000)
 ParOldGen       total 1398272K, used 80K [0x0000000080000000, 0x00000000d5580000, 0x00000000d5580000)
  object space 1398272K, 0% used [0x0000000080000000,0x0000000080014010,0x00000000d5580000)
 Metaspace       used 20859K, capacity 21106K, committed 21248K, reserved 1069056K
  class space    used 2376K, capacity 2482K, committed 2560K, reserved 1048576K
Event: 2.184 GC heap after
Heap after GC invocations=2 (full 1):
 PSYoungGen      total 611840K, used 0K [0x00000000d5580000, 0x0000000100000000, 0x0000000100000000)
  eden space 524800K, 0% used [0x00000000d5580000,0x00000000d5580000,0x00000000f5600000)
  from space 87040K, 0% used [0x00000000f5600000,0x00000000f5600000,0x00000000fab00000)
  to   space 87040K, 0% used [0x00000000fab00000,0x00000000fab00000,0x0000000100000000)
 ParOldGen       total 863744K, used 13842K [0x0000000080000000, 0x00000000b4b80000, 0x00000000d5580000)
  object space 863744K, 1% used [0x0000000080000000,0x0000000080d84b80,0x00000000b4b80000)
 Metaspace       used 20859K, capacity 21106K, committed 21248K, reserved 1069056K
  class space    used 2376K, capacity 2482K, committed 2560K, reserved 1048576K
}
Event: 4.557 GC heap before
{Heap before GC invocations=3 (full 1):
 PSYoungGen      total 611840K, used 404594K [0x00000000d5580000, 0x0000000100000000, 0x0000000100000000)
  eden space 524800K, 77% used [0x00000000d5580000,0x00000000ee09c9b8,0x00000000f5600000)
  from space 87040K, 0% used [0x00000000f5600000,0x00000000f5600000,0x00000000fab00000)
  to   space 87040K, 0% used [0x00000000fab00000,0x00000000fab00000,0x0000000100000000)
 ParOldGen       total 863744K, used 13842K [0x0000000080000000, 0x00000000b4b80000, 0x00000000d5580000)
  object space 863744K, 1% used [0x0000000080000000,0x0000000080d84b80,0x00000000b4b80000)
 Metaspace       used 34810K, capacity 35188K, committed 35416K, reserved 1081344K
  class space    used 3967K, capacity 4092K, committed 4096K, reserved 1048576K
Event: 4.602 GC heap after
Heap after GC invocations=3 (full 1):
 PSYoungGen      total 611840K, used 19136K [0x00000000d5580000, 0x0000000100000000, 0x0000000100000000)
  eden space 524800K, 0% used [0x00000000d5580000,0x00000000d5580000,0x00000000f5600000)
  from space 87040K, 21% used [0x00000000fab00000,0x00000000fbdb0300,0x0000000100000000)
  to   space 87040K, 0% used [0x00000000f5600000,0x00000000f5600000,0x00000000fab00000)
 ParOldGen       total 863744K, used 13842K [0x0000000080000000, 0x00000000b4b80000, 0x00000000d5580000)
  object space 863744K, 1% used [0x0000000080000000,0x0000000080d84b80,0x00000000b4b80000)
 Metaspace       used 34810K, capacity 35188K, committed 35416K, reserved 1081344K
  class space    used 3967K, capacity 4092K, committed 4096K, reserved 1048576K
}
Event: 4.603 GC heap before
{Heap before GC invocations=4 (full 2):
 PSYoungGen      total 611840K, used 19136K [0x00000000d5580000, 0x0000000100000000, 0x0000000100000000)
  eden space 524800K, 0% used [0x00000000d5580000,0x00000000d5580000,0x00000000f5600000)
  from space 87040K, 21% used [0x00000000fab00000,0x00000000fbdb0300,0x0000000100000000)
  to   space 87040K, 0% used [0x00000000f5600000,0x00000000f5600000,0x00000000fab00000)
 ParOldGen       total 863744K, used 13842K [0x0000000080000000, 0x00000000b4b80000, 0x00000000d5580000)
  object space 863744K, 1% used [0x0000000080000000,0x0000000080d84b80,0x00000000b4b80000)
 Metaspace       used 34810K, capacity 35188K, committed 35416K, reserved 1081344K
  class space    used 3967K, capacity 4092K, committed 4096K, reserved 1048576K
Event: 4.695 GC heap after
Heap after GC invocations=4 (full 2):
 PSYoungGen      total 611840K, used 0K [0x00000000d5580000, 0x0000000100000000, 0x0000000100000000)
  eden space 524800K, 0% used [0x00000000d5580000,0x00000000d5580000,0x00000000f5600000)
  from space 87040K, 0% used [0x00000000fab00000,0x00000000fab00000,0x0000000100000000)
  to   space 87040K, 0% used [0x00000000f5600000,0x00000000f5600000,0x00000000fab00000)
 ParOldGen       total 1398272K, used 23536K [0x0000000080000000, 0x00000000d5580000, 0x00000000d5580000)
  object space 1398272K, 1% used [0x0000000080000000,0x00000000816fc0a0,0x00000000d5580000)
 Metaspace       used 34810K, capacity 35188K, committed 35416K, reserved 1081344K
  class space    used 3967K, capacity 4092K, committed 4096K, reserved 1048576K
}
Event: 11.555 GC heap before
{Heap before GC invocations=5 (full 2):
 PSYoungGen      total 611840K, used 454814K [0x00000000d5580000, 0x0000000100000000, 0x0000000100000000)
  eden space 524800K, 86% used [0x00000000d5580000,0x00000000f11a7860,0x00000000f5600000)
  from space 87040K, 0% used [0x00000000fab00000,0x00000000fab00000,0x0000000100000000)
  to   space 87040K, 0% used [0x00000000f5600000,0x00000000f5600000,0x00000000fab00000)
 ParOldGen       total 1398272K, used 23536K [0x0000000080000000, 0x00000000d5580000, 0x00000000d5580000)
  object space 1398272K, 1% used [0x0000000080000000,0x00000000816fc0a0,0x00000000d5580000)
 Metaspace       used 57225K, capacity 58736K, committed 59008K, reserved 1101824K
  class space    used 6624K, capacity 6922K, committed 7040K, reserved 1048576K
Event: 11.629 GC heap after
Heap after GC invocations=5 (full 2):
 PSYoungGen      total 611840K, used 31216K [0x00000000d5580000, 0x0000000100000000, 0x0000000100000000)
  eden space 524800K, 0% used [0x00000000d5580000,0x00000000d5580000,0x00000000f5600000)
  from space 87040K, 35% used [0x00000000f5600000,0x00000000f747c288,0x00000000fab00000)
  to   space 87040K, 0% used [0x00000000fab00000,0x00000000fab00000,0x0000000100000000)
 ParOldGen       total 1398272K, used 23544K [0x0000000080000000, 0x00000000d5580000, 0x00000000d5580000)
  object space 1398272K, 1% used [0x0000000080000000,0x00000000816fe0a0,0x00000000d5580000)
 Metaspace       used 57225K, capacity 58736K, committed 59008K, reserved 1101824K
  class space    used 6624K, capacity 6922K, committed 7040K, reserved 1048576K
}
Event: 11.629 GC heap before
{Heap before GC invocations=6 (full 3):
 PSYoungGen      total 611840K, used 31216K [0x00000000d5580000, 0x0000000100000000, 0x0000000100000000)
  eden space 524800K, 0% used [0x00000000d5580000,0x00000000d5580000,0x00000000f5600000)
  from space 87040K, 35% used [0x00000000f5600000,0x00000000f747c288,0x00000000fab00000)
  to   space 87040K, 0% used [0x00000000fab00000,0x00000000fab00000,0x0000000100000000)
 ParOldGen       total 1398272K, used 23544K [0x0000000080000000, 0x00000000d5580000, 0x00000000d5580000)
  object space 1398272K, 1% used [0x0000000080000000,0x00000000816fe0a0,0x00000000d5580000)
 Metaspace       used 57225K, capacity 58736K, committed 59008K, reserved 1101824K
  class space    used 6624K, capacity 6922K, committed 7040K, reserved 1048576K
Event: 11.933 GC heap after
Heap after GC invocations=6 (full 3):
 PSYoungGen      total 611840K, used 0K [0x00000000d5580000, 0x0000000100000000, 0x0000000100000000)
  eden space 524800K, 0% used [0x00000000d5580000,0x00000000d5580000,0x00000000f5600000)
  from space 87040K, 0% used [0x00000000f5600000,0x00000000f5600000,0x00000000fab00000)
  to   space 87040K, 0% used [0x00000000fab00000,0x00000000fab00000,0x0000000100000000)
 ParOldGen       total 1398272K, used 41856K [0x0000000080000000, 0x00000000d5580000, 0x00000000d5580000)
  object space 1398272K, 2% used [0x0000000080000000,0x00000000828e00e0,0x00000000d5580000)
 Metaspace       used 57158K, capacity 58556K, committed 59008K, reserved 1101824K
  class space    used 6600K, capacity 6882K, committed 7040K, reserved 1048576K
}

