# JRE version: OpenJDK Runtime Environment (8.0_212-b04) (build 1.8.0_212-b04)
# Java VM: OpenJDK 64-Bit Server VM (25.212-b04 mixed mode linux-amd64 compressed oops)
Heap:
 PSYoungGen      total 611840K, used 271388K [0x00000000d5580000, 0x0000000100000000, 0x0000000100000000)
  eden space 524800K, 45% used [0x00000000d5580000,0x00000000e3e7ebf0,0x00000000f5600000)
  from space 87040K, 37% used [0x00000000f5600000,0x00000000f7608680,0x00000000fab00000)
  to   space 87040K, 0% used [0x00000000fab00000,0x00000000fab00000,0x0000000100000000)
 ParOldGen       total 1398272K, used 23604K [0x0000000080000000, 0x00000000d5580000, 0x00000000d5580000)
  object space 1398272K, 1% used [0x0000000080000000,0x000000008170d1b8,0x00000000d5580000)
 Metaspace       used 54602K, capacity 56388K, committed 56704K, reserved 1099776K
  class space    used 6358K, capacity 6694K, committed 6784K, reserved 1048576K
GC Heap History (10 events):
Event: 2.528 GC heap before
{Heap before GC invocations=1 (full 0):
 PSYoungGen      total 611840K, used 199431K [0x00000000d5580000, 0x0000000100000000, 0x0000000100000000)
  eden space 524800K, 38% used [0x00000000d5580000,0x00000000e1841e40,0x00000000f5600000)
  from space 87040K, 0% used [0x00000000fab00000,0x00000000fab00000,0x0000000100000000)
  to   space 87040K, 0% used [0x00000000f5600000,0x00000000f5600000,0x00000000fab00000)
 ParOldGen       total 1398272K, used 0K [0x0000000080000000, 0x00000000d5580000, 0x00000000d5580000)
  object space 1398272K, 0% used [0x0000000080000000,0x0000000080000000,0x00000000d5580000)
 Metaspace       used 20817K, capacity 21106K, committed 21248K, reserved 1069056K
  class space    used 2370K, capacity 2482K, committed 2560K, reserved 1048576K
Event: 2.576 GC heap after
Heap after GC invocations=1 (full 0):
 PSYoungGen      total 611840K, used 14280K [0x00000000d5580000, 0x0000000100000000, 0x0000000100000000)
  eden space 524800K, 0% used [0x00000000d5580000,0x00000000d5580000,0x00000000f5600000)
  from space 87040K, 16% used [0x00000000f5600000,0x00000000f63f2278,0x00000000fab00000)
  to   space 87040K, 0% used [0x00000000fab00000,0x00000000fab00000,0x0000000100000000)
 ParOldGen       total 1398272K, used 80K [0x0000000080000000, 0x00000000d5580000, 0x00000000d5580000)
  object space 1398272K, 0% used [0x0000000080000000,0x0000000080014010,0x00000000d5580000)
 Metaspace       used 20817K, capacity 21106K, committed 21248K, reserved 1069056K
  class space    used 2370K, capacity 2482K, committed 2560K, reserved 1048576K
}
Event: 2.576 GC heap before
{Heap before GC invocations=2 (full 1):
 PSYoungGen      total 611840K, used 14280K [0x00000000d5580000, 0x0000000100000000, 0x0000000100000000)
  eden space 524800K, 0% used [0x00000000d5580000,0x00000000d5580000,0x00000000f5600000)
  from space 87040K, 16% used [0x00000000f5600000,0x00000000f63f2278,0x00000000fab00000)
  to   space 87040K, 0% used [0x00000000fab00000,0x00000000fab00000,0x0000000100000000)
 ParOldGen       total 1398272K, used 80K [0x0000000080000000, 0x00000000d5580000, 0x00000000d5580000)
  object space 1398272K, 0% used [0x0000000080000000,0x0000000080014010,0x00000000d5580000)
 Metaspace       used 20817K, capacity 21106K, committed 21248K, reserved 1069056K
  class space    used 2370K, capacity 2482K, committed 2560K, reserved 1048576K
Event: 2.678 GC heap after
Heap after GC invocations=2 (full 1):
 PSYoungGen      total 611840K, used 0K [0x00000000d5580000, 0x0000000100000000, 0x0000000100000000)
  eden space 524800K, 0% used [0x00000000d5580000,0x00000000d5580000,0x00000000f5600000)
  from space 87040K, 0% used [0x00000000f5600000,0x00000000f5600000,0x00000000fab00000)
  to   space 87040K, 0% used [0x00000000fab00000,0x00000000fab00000,0x0000000100000000)
 ParOldGen       total 894464K, used 13766K [0x0000000080000000, 0x00000000b6980000, 0x00000000d5580000)
  object space 894464K, 1% used [0x0000000080000000,0x0000000080d718e0,0x00000000b6980000)
 Metaspace       used 20817K, capacity 21106K, committed 21248K, reserved 1069056K
  class space    used 2370K, capacity 2482K, committed 2560K, reserved 1048576K
}
Event: 5.215 GC heap before
{Heap before GC invocations=3 (full 1):
 PSYoungGen      total 611840K, used 435028K [0x00000000d5580000, 0x0000000100000000, 0x0000000100000000)
  eden space 524800K, 82% used [0x00000000d5580000,0x00000000efe55118,0x00000000f5600000)
  from space 87040K, 0% used [0x00000000f5600000,0x00000000f5600000,0x00000000fab00000)
  to   space 87040K, 0% used [0x00000000fab00000,0x00000000fab00000,0x0000000100000000)
 ParOldGen       total 894464K, used 13766K [0x0000000080000000, 0x00000000b6980000, 0x00000000d5580000)
  object space 894464K, 1% used [0x0000000080000000,0x0000000080d718e0,0x00000000b6980000)
 Metaspace       used 34734K, capacity 35124K, committed 35416K, reserved 1081344K
  class space    used 3975K, capacity 4092K, committed 4096K, reserved 1048576K
Event: 5.259 GC heap after
Heap after GC invocations=3 (full 1):
 PSYoungGen      total 611840K, used 19203K [0x00000000d5580000, 0x0000000100000000, 0x0000000100000000)
  eden space 524800K, 0% used [0x00000000d5580000,0x00000000d5580000,0x00000000f5600000)
  from space 87040K, 22% used [0x00000000fab00000,0x00000000fbdc0e80,0x0000000100000000)
  to   space 87040K, 0% used [0x00000000f5600000,0x00000000f5600000,0x00000000fab00000)
 ParOldGen       total 894464K, used 13766K [0x0000000080000000, 0x00000000b6980000, 0x00000000d5580000)
  object space 894464K, 1% used [0x0000000080000000,0x0000000080d718e0,0x00000000b6980000)
 Metaspace       used 34734K, capacity 35124K, committed 35416K, reserved 1081344K
  class space    used 3975K, capacity 4092K, committed 4096K, reserved 1048576K
}
Event: 5.259 GC heap before
{Heap before GC invocations=4 (full 2):
 PSYoungGen      total 611840K, used 19203K [0x00000000d5580000, 0x0000000100000000, 0x0000000100000000)
  eden space 524800K, 0% used [0x00000000d5580000,0x00000000d5580000,0x00000000f5600000)
  from space 87040K, 22% used [0x00000000fab00000,0x00000000fbdc0e80,0x0000000100000000)
  to   space 87040K, 0% used [0x00000000f5600000,0x00000000f5600000,0x00000000fab00000)
 ParOldGen       total 894464K, used 13766K [0x0000000080000000, 0x00000000b6980000, 0x00000000d5580000)
  object space 894464K, 1% used [0x0000000080000000,0x0000000080d718e0,0x00000000b6980000)
 Metaspace       used 34734K, capacity 35124K, committed 35416K, reserved 1081344K
  class space    used 3975K, capacity 4092K, committed 4096K, reserved 1048576K
Event: 5.373 GC heap after
Heap after GC invocations=4 (full 2):
 PSYoungGen      total 611840K, used 0K [0x00000000d5580000, 0x0000000100000000, 0x0000000100000000)
  eden space 524800K, 0% used [0x00000000d5580000,0x00000000d5580000,0x00000000f5600000)
  from space 87040K, 0% used [0x00000000fab00000,0x00000000fab00000,0x0000000100000000)
  to   space 87040K, 0% used [0x00000000f5600000,0x00000000f5600000,0x00000000fab00000)
 ParOldGen       total 1398272K, used 23596K [0x0000000080000000, 0x00000000d5580000, 0x00000000d5580000)
  object space 1398272K, 1% used [0x0000000080000000,0x000000008170b1b8,0x00000000d5580000)
 Metaspace       used 34734K, capacity 35124K, committed 35416K, reserved 1081344K
  class space    used 3975K, capacity 4092K, committed 4096K, reserved 1048576K
}
Event: 29.854 GC heap before
{Heap before GC invocations=5 (full 2):
 PSYoungGen      total 611840K, used 524800K [0x00000000d5580000, 0x0000000100000000, 0x0000000100000000)
  eden space 524800K, 100% used [0x00000000d5580000,0x00000000f5600000,0x00000000f5600000)
  from space 87040K, 0% used [0x00000000fab00000,0x00000000fab00000,0x0000000100000000)
  to   space 87040K, 0% used [0x00000000f5600000,0x00000000f5600000,0x00000000fab00000)
 ParOldGen       total 1398272K, used 23596K [0x0000000080000000, 0x00000000d5580000, 0x00000000d5580000)
  object space 1398272K, 1% used [0x0000000080000000,0x000000008170b1b8,0x00000000d5580000)
 Metaspace       used 53790K, capacity 55518K, committed 55680K, reserved 1097728K
  class space    used 6335K, capacity 6667K, committed 6784K, reserved 1048576K
Event: 29.980 GC heap after
Heap after GC invocations=5 (full 2):
 PSYoungGen      total 611840K, used 32801K [0x00000000d5580000, 0x0000000100000000, 0x0000000100000000)
  eden space 524800K, 0% used [0x00000000d5580000,0x00000000d5580000,0x00000000f5600000)
  from space 87040K, 37% used [0x00000000f5600000,0x00000000f7608680,0x00000000fab00000)
  to   space 87040K, 0% used [0x00000000fab00000,0x00000000fab00000,0x0000000100000000)
 ParOldGen       total 1398272K, used 23604K [0x0000000080000000, 0x00000000d5580000, 0x00000000d5580000)
  object space 1398272K, 1% used [0x0000000080000000,0x000000008170d1b8,0x00000000d5580000)
 Metaspace       used 53790K, capacity 55518K, committed 55680K, reserved 1097728K
  class space    used 6335K, capacity 6667K, committed 6784K, reserved 1048576K
}

