# JRE version: OpenJDK Runtime Environment (8.0_212-b04) (build 1.8.0_212-b04)
# Java VM: OpenJDK 64-Bit Server VM (25.212-b04 mixed mode linux-amd64 compressed oops)
Heap:
 PSYoungGen      total 526848K, used 317919K [0x00000000d5580000, 0x0000000100000000, 0x0000000100000000)
  eden space 434688K, 51% used [0x00000000d5580000,0x00000000e31f9558,0x00000000efe00000)
  from space 92160K, 99% used [0x00000000fa600000,0x00000000ffffe7f8,0x0000000100000000)
  to   space 132096K, 0% used [0x00000000efe00000,0x00000000efe00000,0x00000000f7f00000)
 ParOldGen       total 1398272K, used 66154K [0x0000000080000000, 0x00000000d5580000, 0x00000000d5580000)
  object space 1398272K, 4% used [0x0000000080000000,0x000000008409a848,0x00000000d5580000)
 Metaspace       used 70872K, capacity 74184K, committed 74368K, reserved 1116160K
  class space    used 7721K, capacity 8298K, committed 8320K, reserved 1048576K
GC Heap History (10 events):
Event: 14.188 GC heap before
{Heap before GC invocations=5 (full 2):
 PSYoungGen      total 611840K, used 364318K [0x00000000d5580000, 0x0000000100000000, 0x0000000100000000)
  eden space 524800K, 69% used [0x00000000d5580000,0x00000000eb947ad0,0x00000000f5600000)
  from space 87040K, 0% used [0x00000000fab00000,0x00000000fab00000,0x0000000100000000)
  to   space 87040K, 0% used [0x00000000f5600000,0x00000000f5600000,0x00000000fab00000)
 ParOldGen       total 1389056K, used 22879K [0x0000000080000000, 0x00000000d4c80000, 0x00000000d5580000)
  object space 1389056K, 1% used [0x0000000080000000,0x0000000081657ef0,0x00000000d4c80000)
 Metaspace       used 57104K, capacity 58844K, committed 59008K, reserved 1101824K
  class space    used 6672K, capacity 7006K, committed 7040K, reserved 1048576K
Event: 14.247 GC heap after
Heap after GC invocations=5 (full 2):
 PSYoungGen      total 611840K, used 34389K [0x00000000d5580000, 0x0000000100000000, 0x0000000100000000)
  eden space 524800K, 0% used [0x00000000d5580000,0x00000000d5580000,0x00000000f5600000)
  from space 87040K, 39% used [0x00000000f5600000,0x00000000f7795420,0x00000000fab00000)
  to   space 87040K, 0% used [0x00000000fab00000,0x00000000fab00000,0x0000000100000000)
 ParOldGen       total 1389056K, used 22887K [0x0000000080000000, 0x00000000d4c80000, 0x00000000d5580000)
  object space 1389056K, 1% used [0x0000000080000000,0x0000000081659ef0,0x00000000d4c80000)
 Metaspace       used 57104K, capacity 58844K, committed 59008K, reserved 1101824K
  class space    used 6672K, capacity 7006K, committed 7040K, reserved 1048576K
}
Event: 14.247 GC heap before
{Heap before GC invocations=6 (full 3):
 PSYoungGen      total 611840K, used 34389K [0x00000000d5580000, 0x0000000100000000, 0x0000000100000000)
  eden space 524800K, 0% used [0x00000000d5580000,0x00000000d5580000,0x00000000f5600000)
  from space 87040K, 39% used [0x00000000f5600000,0x00000000f7795420,0x00000000fab00000)
  to   space 87040K, 0% used [0x00000000fab00000,0x00000000fab00000,0x0000000100000000)
 ParOldGen       total 1389056K, used 22887K [0x0000000080000000, 0x00000000d4c80000, 0x00000000d5580000)
  object space 1389056K, 1% used [0x0000000080000000,0x0000000081659ef0,0x00000000d4c80000)
 Metaspace       used 57104K, capacity 58844K, committed 59008K, reserved 1101824K
  class space    used 6672K, capacity 7006K, committed 7040K, reserved 1048576K
Event: 14.443 GC heap after
Heap after GC invocations=6 (full 3):
 PSYoungGen      total 611840K, used 0K [0x00000000d5580000, 0x0000000100000000, 0x0000000100000000)
  eden space 524800K, 0% used [0x00000000d5580000,0x00000000d5580000,0x00000000f5600000)
  from space 87040K, 0% used [0x00000000f5600000,0x00000000f5600000,0x00000000fab00000)
  to   space 87040K, 0% used [0x00000000fab00000,0x00000000fab00000,0x0000000100000000)
 ParOldGen       total 1398272K, used 44412K [0x0000000080000000, 0x00000000d5580000, 0x00000000d5580000)
  object space 1398272K, 3% used [0x0000000080000000,0x0000000082b5f160,0x00000000d5580000)
 Metaspace       used 57061K, capacity 58728K, committed 59008K, reserved 1101824K
  class space    used 6658K, capacity 6980K, committed 7040K, reserved 1048576K
}
Event: 64.896 GC heap before
{Heap before GC invocations=7 (full 3):
 PSYoungGen      total 611840K, used 524800K [0x00000000d5580000, 0x0000000100000000, 0x0000000100000000)
  eden space 524800K, 100% used [0x00000000d5580000,0x00000000f5600000,0x00000000f5600000)
  from space 87040K, 0% used [0x00000000f5600000,0x00000000f5600000,0x00000000fab00000)
  to   space 87040K, 0% used [0x00000000fab00000,0x00000000fab00000,0x0000000100000000)
 ParOldGen       total 1398272K, used 44412K [0x0000000080000000, 0x00000000d5580000, 0x00000000d5580000)
  object space 1398272K, 3% used [0x0000000080000000,0x0000000082b5f160,0x00000000d5580000)
 Metaspace       used 67454K, capacity 70492K, committed 70656K, reserved 1112064K
  class space    used 7613K, capacity 8158K, committed 8192K, reserved 1048576K
Event: 65.093 GC heap after
Heap after GC invocations=7 (full 3):
 PSYoungGen      total 611840K, used 87032K [0x00000000d5580000, 0x0000000100000000, 0x0000000100000000)
  eden space 524800K, 0% used [0x00000000d5580000,0x00000000d5580000,0x00000000f5600000)
  from space 87040K, 99% used [0x00000000fab00000,0x00000000ffffe210,0x0000000100000000)
  to   space 87040K, 0% used [0x00000000f5600000,0x00000000f5600000,0x00000000fab00000)
 ParOldGen       total 1398272K, used 54064K [0x0000000080000000, 0x00000000d5580000, 0x00000000d5580000)
  object space 1398272K, 3% used [0x0000000080000000,0x00000000834cc090,0x00000000d5580000)
 Metaspace       used 67454K, capacity 70492K, committed 70656K, reserved 1112064K
  class space    used 7613K, capacity 8158K, committed 8192K, reserved 1048576K
}
Event: 251.417 GC heap before
{Heap before GC invocations=8 (full 3):
 PSYoungGen      total 611840K, used 611832K [0x00000000d5580000, 0x0000000100000000, 0x0000000100000000)
  eden space 524800K, 100% used [0x00000000d5580000,0x00000000f5600000,0x00000000f5600000)
  from space 87040K, 99% used [0x00000000fab00000,0x00000000ffffe210,0x0000000100000000)
  to   space 87040K, 0% used [0x00000000f5600000,0x00000000f5600000,0x00000000fab00000)
 ParOldGen       total 1398272K, used 54064K [0x0000000080000000, 0x00000000d5580000, 0x00000000d5580000)
  object space 1398272K, 3% used [0x0000000080000000,0x00000000834cc090,0x00000000d5580000)
 Metaspace       used 69290K, capacity 72410K, committed 72576K, reserved 1114112K
  class space    used 7664K, capacity 8219K, committed 8320K, reserved 1048576K
Event: 251.586 GC heap after
Heap after GC invocations=8 (full 3):
 PSYoungGen      total 606720K, used 81720K [0x00000000d5580000, 0x0000000100000000, 0x0000000100000000)
  eden space 524800K, 0% used [0x00000000d5580000,0x00000000d5580000,0x00000000f5600000)
  from space 81920K, 99% used [0x00000000f5600000,0x00000000fa5ce2f0,0x00000000fa600000)
  to   space 92160K, 0% used [0x00000000fa600000,0x00000000fa600000,0x0000000100000000)
 ParOldGen       total 1398272K, used 54072K [0x0000000080000000, 0x00000000d5580000, 0x00000000d5580000)
  object space 1398272K, 3% used [0x0000000080000000,0x00000000834ce090,0x00000000d5580000)
 Metaspace       used 69290K, capacity 72410K, committed 72576K, reserved 1114112K
  class space    used 7664K, capacity 8219K, committed 8320K, reserved 1048576K
}
Event: 336.987 GC heap before
{Heap before GC invocations=9 (full 3):
 PSYoungGen      total 606720K, used 606520K [0x00000000d5580000, 0x0000000100000000, 0x0000000100000000)
  eden space 524800K, 100% used [0x00000000d5580000,0x00000000f5600000,0x00000000f5600000)
  from space 81920K, 99% used [0x00000000f5600000,0x00000000fa5ce2f0,0x00000000fa600000)
  to   space 92160K, 0% used [0x00000000fa600000,0x00000000fa600000,0x0000000100000000)
 ParOldGen       total 1398272K, used 54072K [0x0000000080000000, 0x00000000d5580000, 0x00000000d5580000)
  object space 1398272K, 3% used [0x0000000080000000,0x00000000834ce090,0x00000000d5580000)
 Metaspace       used 70389K, capacity 73594K, committed 73856K, reserved 1114112K
  class space    used 7692K, capacity 8253K, committed 8320K, reserved 1048576K
Event: 337.193 GC heap after
Heap after GC invocations=9 (full 3):
 PSYoungGen      total 526848K, used 92153K [0x00000000d5580000, 0x0000000100000000, 0x0000000100000000)
  eden space 434688K, 0% used [0x00000000d5580000,0x00000000d5580000,0x00000000efe00000)
  from space 92160K, 99% used [0x00000000fa600000,0x00000000ffffe7f8,0x0000000100000000)
  to   space 132096K, 0% used [0x00000000efe00000,0x00000000efe00000,0x00000000f7f00000)
 ParOldGen       total 1398272K, used 66154K [0x0000000080000000, 0x00000000d5580000, 0x00000000d5580000)
  object space 1398272K, 4% used [0x0000000080000000,0x000000008409a848,0x00000000d5580000)
 Metaspace       used 70389K, capacity 73594K, committed 73856K, reserved 1114112K
  class space    used 7692K, capacity 8253K, committed 8320K, reserved 1048576K
}

