# JRE version: OpenJDK Runtime Environment (8.0_212-b04) (build 1.8.0_212-b04)
# Java VM: OpenJDK 64-Bit Server VM (25.212-b04 mixed mode linux-amd64 compressed oops)
Heap:
 PSYoungGen      total 611840K, used 359143K [0x00000000d5580000, 0x0000000100000000, 0x0000000100000000)
  eden space 524800K, 55% used [0x00000000d5580000,0x00000000e70e8718,0x00000000f5600000)
  from space 87040K, 79% used [0x00000000fab00000,0x00000000fee51580,0x0000000100000000)
  to   space 87040K, 0% used [0x00000000f5600000,0x00000000f5600000,0x00000000fab00000)
 ParOldGen       total 1398272K, used 44330K [0x0000000080000000, 0x00000000d5580000, 0x00000000d5580000)
  object space 1398272K, 3% used [0x0000000080000000,0x0000000082b4ab10,0x00000000d5580000)
 Metaspace       used 67325K, capacity 70554K, committed 70656K, reserved 1112064K
  class space    used 7588K, capacity 8149K, committed 8192K, reserved 1048576K
GC Heap History (10 events):
Event: 4.732 GC heap before
{Heap before GC invocations=3 (full 1):
 PSYoungGen      total 611840K, used 434610K [0x00000000d5580000, 0x0000000100000000, 0x0000000100000000)
  eden space 524800K, 82% used [0x00000000d5580000,0x00000000efdec930,0x00000000f5600000)
  from space 87040K, 0% used [0x00000000f5600000,0x00000000f5600000,0x00000000fab00000)
  to   space 87040K, 0% used [0x00000000fab00000,0x00000000fab00000,0x0000000100000000)
 ParOldGen       total 899072K, used 13775K [0x0000000080000000, 0x00000000b6e00000, 0x00000000d5580000)
  object space 899072K, 1% used [0x0000000080000000,0x0000000080d73e58,0x00000000b6e00000)
 Metaspace       used 34835K, capacity 35188K, committed 35416K, reserved 1081344K
  class space    used 3974K, capacity 4092K, committed 4096K, reserved 1048576K
Event: 4.770 GC heap after
Heap after GC invocations=3 (full 1):
 PSYoungGen      total 611840K, used 19272K [0x00000000d5580000, 0x0000000100000000, 0x0000000100000000)
  eden space 524800K, 0% used [0x00000000d5580000,0x00000000d5580000,0x00000000f5600000)
  from space 87040K, 22% used [0x00000000fab00000,0x00000000fbdd2160,0x0000000100000000)
  to   space 87040K, 0% used [0x00000000f5600000,0x00000000f5600000,0x00000000fab00000)
 ParOldGen       total 899072K, used 13775K [0x0000000080000000, 0x00000000b6e00000, 0x00000000d5580000)
  object space 899072K, 1% used [0x0000000080000000,0x0000000080d73e58,0x00000000b6e00000)
 Metaspace       used 34835K, capacity 35188K, committed 35416K, reserved 1081344K
  class space    used 3974K, capacity 4092K, committed 4096K, reserved 1048576K
}
Event: 4.770 GC heap before
{Heap before GC invocations=4 (full 2):
 PSYoungGen      total 611840K, used 19272K [0x00000000d5580000, 0x0000000100000000, 0x0000000100000000)
  eden space 524800K, 0% used [0x00000000d5580000,0x00000000d5580000,0x00000000f5600000)
  from space 87040K, 22% used [0x00000000fab00000,0x00000000fbdd2160,0x0000000100000000)
  to   space 87040K, 0% used [0x00000000f5600000,0x00000000f5600000,0x00000000fab00000)
 ParOldGen       total 899072K, used 13775K [0x0000000080000000, 0x00000000b6e00000, 0x00000000d5580000)
  object space 899072K, 1% used [0x0000000080000000,0x0000000080d73e58,0x00000000b6e00000)
 Metaspace       used 34835K, capacity 35188K, committed 35416K, reserved 1081344K
  class space    used 3974K, capacity 4092K, committed 4096K, reserved 1048576K
Event: 4.912 GC heap after
Heap after GC invocations=4 (full 2):
 PSYoungGen      total 611840K, used 0K [0x00000000d5580000, 0x0000000100000000, 0x0000000100000000)
  eden space 524800K, 0% used [0x00000000d5580000,0x00000000d5580000,0x00000000f5600000)
  from space 87040K, 0% used [0x00000000fab00000,0x00000000fab00000,0x0000000100000000)
  to   space 87040K, 0% used [0x00000000f5600000,0x00000000f5600000,0x00000000fab00000)
 ParOldGen       total 1398272K, used 23599K [0x0000000080000000, 0x00000000d5580000, 0x00000000d5580000)
  object space 1398272K, 1% used [0x0000000080000000,0x000000008170bf88,0x00000000d5580000)
 Metaspace       used 34835K, capacity 35188K, committed 35416K, reserved 1081344K
  class space    used 3974K, capacity 4092K, committed 4096K, reserved 1048576K
}
Event: 11.977 GC heap before
{Heap before GC invocations=5 (full 2):
 PSYoungGen      total 611840K, used 504585K [0x00000000d5580000, 0x0000000100000000, 0x0000000100000000)
  eden space 524800K, 96% used [0x00000000d5580000,0x00000000f4242708,0x00000000f5600000)
  from space 87040K, 0% used [0x00000000fab00000,0x00000000fab00000,0x0000000100000000)
  to   space 87040K, 0% used [0x00000000f5600000,0x00000000f5600000,0x00000000fab00000)
 ParOldGen       total 1398272K, used 23599K [0x0000000080000000, 0x00000000d5580000, 0x00000000d5580000)
  object space 1398272K, 1% used [0x0000000080000000,0x000000008170bf88,0x00000000d5580000)
 Metaspace       used 57413K, capacity 58894K, committed 59028K, reserved 1101824K
  class space    used 6643K, capacity 6897K, committed 6912K, reserved 1048576K
Event: 12.017 GC heap after
Heap after GC invocations=5 (full 2):
 PSYoungGen      total 611840K, used 33787K [0x00000000d5580000, 0x0000000100000000, 0x0000000100000000)
  eden space 524800K, 0% used [0x00000000d5580000,0x00000000d5580000,0x00000000f5600000)
  from space 87040K, 38% used [0x00000000f5600000,0x00000000f76fec00,0x00000000fab00000)
  to   space 87040K, 0% used [0x00000000fab00000,0x00000000fab00000,0x0000000100000000)
 ParOldGen       total 1398272K, used 23607K [0x0000000080000000, 0x00000000d5580000, 0x00000000d5580000)
  object space 1398272K, 1% used [0x0000000080000000,0x000000008170df88,0x00000000d5580000)
 Metaspace       used 57413K, capacity 58894K, committed 59028K, reserved 1101824K
  class space    used 6643K, capacity 6897K, committed 6912K, reserved 1048576K
}
Event: 12.017 GC heap before
{Heap before GC invocations=6 (full 3):
 PSYoungGen      total 611840K, used 33787K [0x00000000d5580000, 0x0000000100000000, 0x0000000100000000)
  eden space 524800K, 0% used [0x00000000d5580000,0x00000000d5580000,0x00000000f5600000)
  from space 87040K, 38% used [0x00000000f5600000,0x00000000f76fec00,0x00000000fab00000)
  to   space 87040K, 0% used [0x00000000fab00000,0x00000000fab00000,0x0000000100000000)
 ParOldGen       total 1398272K, used 23607K [0x0000000080000000, 0x00000000d5580000, 0x00000000d5580000)
  object space 1398272K, 1% used [0x0000000080000000,0x000000008170df88,0x00000000d5580000)
 Metaspace       used 57413K, capacity 58894K, committed 59028K, reserved 1101824K
  class space    used 6643K, capacity 6897K, committed 6912K, reserved 1048576K
Event: 12.251 GC heap after
Heap after GC invocations=6 (full 3):
 PSYoungGen      total 611840K, used 0K [0x00000000d5580000, 0x0000000100000000, 0x0000000100000000)
  eden space 524800K, 0% used [0x00000000d5580000,0x00000000d5580000,0x00000000f5600000)
  from space 87040K, 0% used [0x00000000f5600000,0x00000000f5600000,0x00000000fab00000)
  to   space 87040K, 0% used [0x00000000fab00000,0x00000000fab00000,0x0000000100000000)
 ParOldGen       total 1398272K, used 44322K [0x0000000080000000, 0x00000000d5580000, 0x00000000d5580000)
  object space 1398272K, 3% used [0x0000000080000000,0x0000000082b48b10,0x00000000d5580000)
 Metaspace       used 57390K, capacity 58840K, committed 59028K, reserved 1101824K
  class space    used 6636K, capacity 6884K, committed 6912K, reserved 1048576K
}
Event: 60.570 GC heap before
{Heap before GC invocations=7 (full 3):
 PSYoungGen      total 611840K, used 524800K [0x00000000d5580000, 0x0000000100000000, 0x0000000100000000)
  eden space 524800K, 100% used [0x00000000d5580000,0x00000000f5600000,0x00000000f5600000)
  from space 87040K, 0% used [0x00000000f5600000,0x00000000f5600000,0x00000000fab00000)
  to   space 87040K, 0% used [0x00000000fab00000,0x00000000fab00000,0x0000000100000000)
 ParOldGen       total 1398272K, used 44322K [0x0000000080000000, 0x00000000d5580000, 0x00000000d5580000)
  object space 1398272K, 3% used [0x0000000080000000,0x0000000082b48b10,0x00000000d5580000)
 Metaspace       used 66075K, capacity 69148K, committed 69376K, reserved 1110016K
  class space    used 7548K, capacity 8104K, committed 8192K, reserved 1048576K
Event: 60.659 GC heap after
Heap after GC invocations=7 (full 3):
 PSYoungGen      total 611840K, used 68933K [0x00000000d5580000, 0x0000000100000000, 0x0000000100000000)
  eden space 524800K, 0% used [0x00000000d5580000,0x00000000d5580000,0x00000000f5600000)
  from space 87040K, 79% used [0x00000000fab00000,0x00000000fee51580,0x0000000100000000)
  to   space 87040K, 0% used [0x00000000f5600000,0x00000000f5600000,0x00000000fab00000)
 ParOldGen       total 1398272K, used 44330K [0x0000000080000000, 0x00000000d5580000, 0x00000000d5580000)
  object space 1398272K, 3% used [0x0000000080000000,0x0000000082b4ab10,0x00000000d5580000)
 Metaspace       used 66075K, capacity 69148K, committed 69376K, reserved 1110016K
  class space    used 7548K, capacity 8104K, committed 8192K, reserved 1048576K
}

