# JRE version: OpenJDK Runtime Environment (8.0_212-b04) (build 1.8.0_212-b04)
# Java VM: OpenJDK 64-Bit Server VM (25.212-b04 mixed mode linux-amd64 compressed oops)
Heap:
 PSYoungGen      total 611840K, used 324564K [0x00000000d5580000, 0x0000000100000000, 0x0000000100000000)
  eden space 524800K, 61% used [0x00000000d5580000,0x00000000e92753a8,0x00000000f5600000)
  from space 87040K, 0% used [0x00000000f5600000,0x00000000f5600000,0x00000000fab00000)
  to   space 87040K, 0% used [0x00000000fab00000,0x00000000fab00000,0x0000000100000000)
 ParOldGen       total 1398272K, used 44164K [0x0000000080000000, 0x00000000d5580000, 0x00000000d5580000)
  object space 1398272K, 3% used [0x0000000080000000,0x0000000082b21008,0x00000000d5580000)
 Metaspace       used 65745K, capacity 68690K, committed 68864K, reserved 1110016K
  class space    used 7564K, capacity 8083K, committed 8192K, reserved 1048576K
GC Heap History (10 events):
Event: 2.140 GC heap before
{Heap before GC invocations=2 (full 1):
 PSYoungGen      total 611840K, used 14111K [0x00000000d5580000, 0x0000000100000000, 0x0000000100000000)
  eden space 524800K, 0% used [0x00000000d5580000,0x00000000d5580000,0x00000000f5600000)
  from space 87040K, 16% used [0x00000000f5600000,0x00000000f63c7d90,0x00000000fab00000)
  to   space 87040K, 0% used [0x00000000fab00000,0x00000000fab00000,0x0000000100000000)
 ParOldGen       total 1398272K, used 80K [0x0000000080000000, 0x00000000d5580000, 0x00000000d5580000)
  object space 1398272K, 0% used [0x0000000080000000,0x0000000080014010,0x00000000d5580000)
 Metaspace       used 20724K, capacity 21016K, committed 21248K, reserved 1069056K
  class space    used 2342K, capacity 2451K, committed 2560K, reserved 1048576K
Event: 2.209 GC heap after
Heap after GC invocations=2 (full 1):
 PSYoungGen      total 611840K, used 0K [0x00000000d5580000, 0x0000000100000000, 0x0000000100000000)
  eden space 524800K, 0% used [0x00000000d5580000,0x00000000d5580000,0x00000000f5600000)
  from space 87040K, 0% used [0x00000000f5600000,0x00000000f5600000,0x00000000fab00000)
  to   space 87040K, 0% used [0x00000000fab00000,0x00000000fab00000,0x0000000100000000)
 ParOldGen       total 897536K, used 13639K [0x0000000080000000, 0x00000000b6c80000, 0x00000000d5580000)
  object space 897536K, 1% used [0x0000000080000000,0x0000000080d51c08,0x00000000b6c80000)
 Metaspace       used 20724K, capacity 21016K, committed 21248K, reserved 1069056K
  class space    used 2342K, capacity 2451K, committed 2560K, reserved 1048576K
}
Event: 4.406 GC heap before
{Heap before GC invocations=3 (full 1):
 PSYoungGen      total 611840K, used 373669K [0x00000000d5580000, 0x0000000100000000, 0x0000000100000000)
  eden space 524800K, 71% used [0x00000000d5580000,0x00000000ec269460,0x00000000f5600000)
  from space 87040K, 0% used [0x00000000f5600000,0x00000000f5600000,0x00000000fab00000)
  to   space 87040K, 0% used [0x00000000fab00000,0x00000000fab00000,0x0000000100000000)
 ParOldGen       total 897536K, used 13639K [0x0000000080000000, 0x00000000b6c80000, 0x00000000d5580000)
  object space 897536K, 1% used [0x0000000080000000,0x0000000080d51c08,0x00000000b6c80000)
 Metaspace       used 34598K, capacity 34994K, committed 35416K, reserved 1081344K
  class space    used 3948K, capacity 4067K, committed 4096K, reserved 1048576K
Event: 4.437 GC heap after
Heap after GC invocations=3 (full 1):
 PSYoungGen      total 611840K, used 18604K [0x00000000d5580000, 0x0000000100000000, 0x0000000100000000)
  eden space 524800K, 0% used [0x00000000d5580000,0x00000000d5580000,0x00000000f5600000)
  from space 87040K, 21% used [0x00000000fab00000,0x00000000fbd2b0a0,0x0000000100000000)
  to   space 87040K, 0% used [0x00000000f5600000,0x00000000f5600000,0x00000000fab00000)
 ParOldGen       total 897536K, used 13647K [0x0000000080000000, 0x00000000b6c80000, 0x00000000d5580000)
  object space 897536K, 1% used [0x0000000080000000,0x0000000080d53c08,0x00000000b6c80000)
 Metaspace       used 34598K, capacity 34994K, committed 35416K, reserved 1081344K
  class space    used 3948K, capacity 4067K, committed 4096K, reserved 1048576K
}
Event: 4.437 GC heap before
{Heap before GC invocations=4 (full 2):
 PSYoungGen      total 611840K, used 18604K [0x00000000d5580000, 0x0000000100000000, 0x0000000100000000)
  eden space 524800K, 0% used [0x00000000d5580000,0x00000000d5580000,0x00000000f5600000)
  from space 87040K, 21% used [0x00000000fab00000,0x00000000fbd2b0a0,0x0000000100000000)
  to   space 87040K, 0% used [0x00000000f5600000,0x00000000f5600000,0x00000000fab00000)
 ParOldGen       total 897536K, used 13647K [0x0000000080000000, 0x00000000b6c80000, 0x00000000d5580000)
  object space 897536K, 1% used [0x0000000080000000,0x0000000080d53c08,0x00000000b6c80000)
 Metaspace       used 34598K, capacity 34994K, committed 35416K, reserved 1081344K
  class space    used 3948K, capacity 4067K, committed 4096K, reserved 1048576K
Event: 4.527 GC heap after
Heap after GC invocations=4 (full 2):
 PSYoungGen      total 611840K, used 0K [0x00000000d5580000, 0x0000000100000000, 0x0000000100000000)
  eden space 524800K, 0% used [0x00000000d5580000,0x00000000d5580000,0x00000000f5600000)
  from space 87040K, 0% used [0x00000000fab00000,0x00000000fab00000,0x0000000100000000)
  to   space 87040K, 0% used [0x00000000f5600000,0x00000000f5600000,0x00000000fab00000)
 ParOldGen       total 1398272K, used 22874K [0x0000000080000000, 0x00000000d5580000, 0x00000000d5580000)
  object space 1398272K, 1% used [0x0000000080000000,0x0000000081656ae0,0x00000000d5580000)
 Metaspace       used 34598K, capacity 34994K, committed 35416K, reserved 1081344K
  class space    used 3948K, capacity 4067K, committed 4096K, reserved 1048576K
}
Event: 13.002 GC heap before
{Heap before GC invocations=5 (full 2):
 PSYoungGen      total 611840K, used 368308K [0x00000000d5580000, 0x0000000100000000, 0x0000000100000000)
  eden space 524800K, 70% used [0x00000000d5580000,0x00000000ebd2d360,0x00000000f5600000)
  from space 87040K, 0% used [0x00000000fab00000,0x00000000fab00000,0x0000000100000000)
  to   space 87040K, 0% used [0x00000000f5600000,0x00000000f5600000,0x00000000fab00000)
 ParOldGen       total 1398272K, used 22874K [0x0000000080000000, 0x00000000d5580000, 0x00000000d5580000)
  object space 1398272K, 1% used [0x0000000080000000,0x0000000081656ae0,0x00000000d5580000)
 Metaspace       used 56994K, capacity 58892K, committed 59008K, reserved 1101824K
  class space    used 6671K, capacity 7020K, committed 7040K, reserved 1048576K
Event: 13.046 GC heap after
Heap after GC invocations=5 (full 2):
 PSYoungGen      total 611840K, used 34128K [0x00000000d5580000, 0x0000000100000000, 0x0000000100000000)
  eden space 524800K, 0% used [0x00000000d5580000,0x00000000d5580000,0x00000000f5600000)
  from space 87040K, 39% used [0x00000000f5600000,0x00000000f7754118,0x00000000fab00000)
  to   space 87040K, 0% used [0x00000000fab00000,0x00000000fab00000,0x0000000100000000)
 ParOldGen       total 1398272K, used 22882K [0x0000000080000000, 0x00000000d5580000, 0x00000000d5580000)
  object space 1398272K, 1% used [0x0000000080000000,0x0000000081658ae0,0x00000000d5580000)
 Metaspace       used 56994K, capacity 58892K, committed 59008K, reserved 1101824K
  class space    used 6671K, capacity 7020K, committed 7040K, reserved 1048576K
}
Event: 13.046 GC heap before
{Heap before GC invocations=6 (full 3):
 PSYoungGen      total 611840K, used 34128K [0x00000000d5580000, 0x0000000100000000, 0x0000000100000000)
  eden space 524800K, 0% used [0x00000000d5580000,0x00000000d5580000,0x00000000f5600000)
  from space 87040K, 39% used [0x00000000f5600000,0x00000000f7754118,0x00000000fab00000)
  to   space 87040K, 0% used [0x00000000fab00000,0x00000000fab00000,0x0000000100000000)
 ParOldGen       total 1398272K, used 22882K [0x0000000080000000, 0x00000000d5580000, 0x00000000d5580000)
  object space 1398272K, 1% used [0x0000000080000000,0x0000000081658ae0,0x00000000d5580000)
 Metaspace       used 56994K, capacity 58892K, committed 59008K, reserved 1101824K
  class space    used 6671K, capacity 7020K, committed 7040K, reserved 1048576K
Event: 13.265 GC heap after
Heap after GC invocations=6 (full 3):
 PSYoungGen      total 611840K, used 0K [0x00000000d5580000, 0x0000000100000000, 0x0000000100000000)
  eden space 524800K, 0% used [0x00000000d5580000,0x00000000d5580000,0x00000000f5600000)
  from space 87040K, 0% used [0x00000000f5600000,0x00000000f5600000,0x00000000fab00000)
  to   space 87040K, 0% used [0x00000000fab00000,0x00000000fab00000,0x0000000100000000)
 ParOldGen       total 1398272K, used 44164K [0x0000000080000000, 0x00000000d5580000, 0x00000000d5580000)
  object space 1398272K, 3% used [0x0000000080000000,0x0000000082b21008,0x00000000d5580000)
 Metaspace       used 56861K, capacity 58540K, committed 59008K, reserved 1101824K
  class space    used 6626K, capacity 6940K, committed 7040K, reserved 1048576K
}

