# JRE version: OpenJDK Runtime Environment (8.0_212-b04) (build 1.8.0_212-b04)
# Java VM: OpenJDK 64-Bit Server VM (25.212-b04 mixed mode linux-amd64 compressed oops)
Heap:
 PSYoungGen      total 603648K, used 403333K [0x00000000d5580000, 0x0000000100000000, 0x0000000100000000)
  eden space 524800K, 61% used [0x00000000d5580000,0x00000000e926f180,0x00000000f5600000)
  from space 78848K, 99% used [0x00000000f5600000,0x00000000fa2f2318,0x00000000fa300000)
  to   space 89088K, 0% used [0x00000000fa900000,0x00000000fa900000,0x0000000100000000)
 ParOldGen       total 1398272K, used 44552K [0x0000000080000000, 0x00000000d5580000, 0x00000000d5580000)
  object space 1398272K, 3% used [0x0000000080000000,0x0000000082b82150,0x00000000d5580000)
 Metaspace       used 66775K, capacity 70060K, committed 70144K, reserved 1112064K
  class space    used 7573K, capacity 8162K, committed 8192K, reserved 1048576K
GC Heap History (10 events):
Event: 4.152 GC heap before
{Heap before GC invocations=4 (full 2):
 PSYoungGen      total 611840K, used 19281K [0x00000000d5580000, 0x0000000100000000, 0x0000000100000000)
  eden space 524800K, 0% used [0x00000000d5580000,0x00000000d5580000,0x00000000f5600000)
  from space 87040K, 22% used [0x00000000fab00000,0x00000000fbdd46f0,0x0000000100000000)
  to   space 87040K, 0% used [0x00000000f5600000,0x00000000f5600000,0x00000000fab00000)
 ParOldGen       total 932864K, used 13747K [0x0000000080000000, 0x00000000b8f00000, 0x00000000d5580000)
  object space 932864K, 1% used [0x0000000080000000,0x0000000080d6cfb0,0x00000000b8f00000)
 Metaspace       used 34745K, capacity 35124K, committed 35416K, reserved 1081344K
  class space    used 3975K, capacity 4092K, committed 4096K, reserved 1048576K
Event: 4.255 GC heap after
Heap after GC invocations=4 (full 2):
 PSYoungGen      total 611840K, used 0K [0x00000000d5580000, 0x0000000100000000, 0x0000000100000000)
  eden space 524800K, 0% used [0x00000000d5580000,0x00000000d5580000,0x00000000f5600000)
  from space 87040K, 0% used [0x00000000fab00000,0x00000000fab00000,0x0000000100000000)
  to   space 87040K, 0% used [0x00000000f5600000,0x00000000f5600000,0x00000000fab00000)
 ParOldGen       total 1398272K, used 23619K [0x0000000080000000, 0x00000000d5580000, 0x00000000d5580000)
  object space 1398272K, 1% used [0x0000000080000000,0x0000000081710e30,0x00000000d5580000)
 Metaspace       used 34745K, capacity 35124K, committed 35416K, reserved 1081344K
  class space    used 3975K, capacity 4092K, committed 4096K, reserved 1048576K
}
Event: 11.247 GC heap before
{Heap before GC invocations=5 (full 2):
 PSYoungGen      total 611840K, used 516255K [0x00000000d5580000, 0x0000000100000000, 0x0000000100000000)
  eden space 524800K, 98% used [0x00000000d5580000,0x00000000f4da7fc0,0x00000000f5600000)
  from space 87040K, 0% used [0x00000000fab00000,0x00000000fab00000,0x0000000100000000)
  to   space 87040K, 0% used [0x00000000f5600000,0x00000000f5600000,0x00000000fab00000)
 ParOldGen       total 1398272K, used 23619K [0x0000000080000000, 0x00000000d5580000, 0x00000000d5580000)
  object space 1398272K, 1% used [0x0000000080000000,0x0000000081710e30,0x00000000d5580000)
 Metaspace       used 57389K, capacity 58834K, committed 59008K, reserved 1101824K
  class space    used 6650K, capacity 6923K, committed 7040K, reserved 1048576K
Event: 11.290 GC heap after
Heap after GC invocations=5 (full 2):
 PSYoungGen      total 611840K, used 34064K [0x00000000d5580000, 0x0000000100000000, 0x0000000100000000)
  eden space 524800K, 0% used [0x00000000d5580000,0x00000000d5580000,0x00000000f5600000)
  from space 87040K, 39% used [0x00000000f5600000,0x00000000f77440d0,0x00000000fab00000)
  to   space 87040K, 0% used [0x00000000fab00000,0x00000000fab00000,0x0000000100000000)
 ParOldGen       total 1398272K, used 23627K [0x0000000080000000, 0x00000000d5580000, 0x00000000d5580000)
  object space 1398272K, 1% used [0x0000000080000000,0x0000000081712e30,0x00000000d5580000)
 Metaspace       used 57389K, capacity 58834K, committed 59008K, reserved 1101824K
  class space    used 6650K, capacity 6923K, committed 7040K, reserved 1048576K
}
Event: 11.290 GC heap before
{Heap before GC invocations=6 (full 3):
 PSYoungGen      total 611840K, used 34064K [0x00000000d5580000, 0x0000000100000000, 0x0000000100000000)
  eden space 524800K, 0% used [0x00000000d5580000,0x00000000d5580000,0x00000000f5600000)
  from space 87040K, 39% used [0x00000000f5600000,0x00000000f77440d0,0x00000000fab00000)
  to   space 87040K, 0% used [0x00000000fab00000,0x00000000fab00000,0x0000000100000000)
 ParOldGen       total 1398272K, used 23627K [0x0000000080000000, 0x00000000d5580000, 0x00000000d5580000)
  object space 1398272K, 1% used [0x0000000080000000,0x0000000081712e30,0x00000000d5580000)
 Metaspace       used 57389K, capacity 58834K, committed 59008K, reserved 1101824K
  class space    used 6650K, capacity 6923K, committed 7040K, reserved 1048576K
Event: 11.549 GC heap after
Heap after GC invocations=6 (full 3):
 PSYoungGen      total 611840K, used 0K [0x00000000d5580000, 0x0000000100000000, 0x0000000100000000)
  eden space 524800K, 0% used [0x00000000d5580000,0x00000000d5580000,0x00000000f5600000)
  from space 87040K, 0% used [0x00000000f5600000,0x00000000f5600000,0x00000000fab00000)
  to   space 87040K, 0% used [0x00000000fab00000,0x00000000fab00000,0x0000000100000000)
 ParOldGen       total 1398272K, used 44552K [0x0000000080000000, 0x00000000d5580000, 0x00000000d5580000)
  object space 1398272K, 3% used [0x0000000080000000,0x0000000082b82150,0x00000000d5580000)
 Metaspace       used 57349K, capacity 58734K, committed 59008K, reserved 1101824K
  class space    used 6636K, capacity 6899K, committed 7040K, reserved 1048576K
}
Event: 23.690 GC heap before
{Heap before GC invocations=7 (full 3):
 PSYoungGen      total 611840K, used 513003K [0x00000000d5580000, 0x0000000100000000, 0x0000000100000000)
  eden space 524800K, 97% used [0x00000000d5580000,0x00000000f4a7af80,0x00000000f5600000)
  from space 87040K, 0% used [0x00000000f5600000,0x00000000f5600000,0x00000000fab00000)
  to   space 87040K, 0% used [0x00000000fab00000,0x00000000fab00000,0x0000000100000000)
 ParOldGen       total 1398272K, used 44552K [0x0000000080000000, 0x00000000d5580000, 0x00000000d5580000)
  object space 1398272K, 3% used [0x0000000080000000,0x0000000082b82150,0x00000000d5580000)
 Metaspace       used 65439K, capacity 68278K, committed 68480K, reserved 1110016K
  class space    used 7491K, capacity 7995K, committed 8064K, reserved 1048576K
Event: 23.727 GC heap after
Heap after GC invocations=7 (full 3):
 PSYoungGen      total 611840K, used 59517K [0x00000000d5580000, 0x0000000100000000, 0x0000000100000000)
  eden space 524800K, 0% used [0x00000000d5580000,0x00000000d5580000,0x00000000f5600000)
  from space 87040K, 68% used [0x00000000fab00000,0x00000000fe51f530,0x0000000100000000)
  to   space 87040K, 0% used [0x00000000f5600000,0x00000000f5600000,0x00000000fab00000)
 ParOldGen       total 1398272K, used 44552K [0x0000000080000000, 0x00000000d5580000, 0x00000000d5580000)
  object space 1398272K, 3% used [0x0000000080000000,0x0000000082b82150,0x00000000d5580000)
 Metaspace       used 65439K, capacity 68278K, committed 68480K, reserved 1110016K
  class space    used 7491K, capacity 7995K, committed 8064K, reserved 1048576K
}
Event: 30.888 GC heap before
{Heap before GC invocations=8 (full 3):
 PSYoungGen      total 611840K, used 581323K [0x00000000d5580000, 0x0000000100000000, 0x0000000100000000)
  eden space 524800K, 99% used [0x00000000d5580000,0x00000000f5313a10,0x00000000f5600000)
  from space 87040K, 68% used [0x00000000fab00000,0x00000000fe51f530,0x0000000100000000)
  to   space 87040K, 0% used [0x00000000f5600000,0x00000000f5600000,0x00000000fab00000)
 ParOldGen       total 1398272K, used 44552K [0x0000000080000000, 0x00000000d5580000, 0x00000000d5580000)
  object space 1398272K, 3% used [0x0000000080000000,0x0000000082b82150,0x00000000d5580000)
 Metaspace       used 66157K, capacity 69116K, committed 69248K, reserved 1110016K
  class space    used 7513K, capacity 8052K, committed 8064K, reserved 1048576K
Event: 30.933 GC heap after
Heap after GC invocations=8 (full 3):
 PSYoungGen      total 603648K, used 78792K [0x00000000d5580000, 0x0000000100000000, 0x0000000100000000)
  eden space 524800K, 0% used [0x00000000d5580000,0x00000000d5580000,0x00000000f5600000)
  from space 78848K, 99% used [0x00000000f5600000,0x00000000fa2f2318,0x00000000fa300000)
  to   space 89088K, 0% used [0x00000000fa900000,0x00000000fa900000,0x0000000100000000)
 ParOldGen       total 1398272K, used 44552K [0x0000000080000000, 0x00000000d5580000, 0x00000000d5580000)
  object space 1398272K, 3% used [0x0000000080000000,0x0000000082b82150,0x00000000d5580000)
 Metaspace       used 66157K, capacity 69116K, committed 69248K, reserved 1110016K
  class space    used 7513K, capacity 8052K, committed 8064K, reserved 1048576K
}

