# JRE version: OpenJDK Runtime Environment (8.0_212-b04) (build 1.8.0_212-b04)
# Java VM: OpenJDK 64-Bit Server VM (25.212-b04 mixed mode linux-amd64 compressed oops)
Heap:
 PSYoungGen      total 588288K, used 205136K [0x00000000d5580000, 0x00000000fff00000, 0x0000000100000000)
  eden space 540160K, 30% used [0x00000000d5580000,0x00000000df8022a0,0x00000000f6500000)
  from space 48128K, 80% used [0x00000000fa200000,0x00000000fc7d1f10,0x00000000fd100000)
  to   space 62464K, 0% used [0x00000000f6500000,0x00000000f6500000,0x00000000fa200000)
 ParOldGen       total 1398272K, used 32473K [0x0000000080000000, 0x00000000d5580000, 0x00000000d5580000)
  object space 1398272K, 2% used [0x0000000080000000,0x0000000081fb6428,0x00000000d5580000)
 Metaspace       used 81407K, capacity 85242K, committed 85504K, reserved 1124352K
  class space    used 9219K, capacity 9887K, committed 9984K, reserved 1048576K
GC Heap History (10 events):
Event: 7.384 GC heap before
{Heap before GC invocations=5 (full 2):
 PSYoungGen      total 611840K, used 524800K [0x00000000d5580000, 0x0000000100000000, 0x0000000100000000)
  eden space 524800K, 100% used [0x00000000d5580000,0x00000000f5600000,0x00000000f5600000)
  from space 87040K, 0% used [0x00000000fab00000,0x00000000fab00000,0x0000000100000000)
  to   space 87040K, 0% used [0x00000000f5600000,0x00000000f5600000,0x00000000fab00000)
 ParOldGen       total 1398272K, used 24205K [0x0000000080000000, 0x00000000d5580000, 0x00000000d5580000)
  object space 1398272K, 1% used [0x0000000080000000,0x00000000817a3520,0x00000000d5580000)
 Metaspace       used 49369K, capacity 50210K, committed 50432K, reserved 1093632K
  class space    used 5882K, capacity 6085K, committed 6144K, reserved 1048576K
Event: 7.414 GC heap after
Heap after GC invocations=5 (full 2):
 PSYoungGen      total 611840K, used 20364K [0x00000000d5580000, 0x0000000100000000, 0x0000000100000000)
  eden space 524800K, 0% used [0x00000000d5580000,0x00000000d5580000,0x00000000f5600000)
  from space 87040K, 23% used [0x00000000f5600000,0x00000000f69e3100,0x00000000fab00000)
  to   space 87040K, 0% used [0x00000000fab00000,0x00000000fab00000,0x0000000100000000)
 ParOldGen       total 1398272K, used 24213K [0x0000000080000000, 0x00000000d5580000, 0x00000000d5580000)
  object space 1398272K, 1% used [0x0000000080000000,0x00000000817a5520,0x00000000d5580000)
 Metaspace       used 49369K, capacity 50210K, committed 50432K, reserved 1093632K
  class space    used 5882K, capacity 6085K, committed 6144K, reserved 1048576K
}
Event: 11.772 GC heap before
{Heap before GC invocations=6 (full 2):
 PSYoungGen      total 611840K, used 321212K [0x00000000d5580000, 0x0000000100000000, 0x0000000100000000)
  eden space 524800K, 57% used [0x00000000d5580000,0x00000000e7b4c128,0x00000000f5600000)
  from space 87040K, 23% used [0x00000000f5600000,0x00000000f69e3100,0x00000000fab00000)
  to   space 87040K, 0% used [0x00000000fab00000,0x00000000fab00000,0x0000000100000000)
 ParOldGen       total 1398272K, used 24213K [0x0000000080000000, 0x00000000d5580000, 0x00000000d5580000)
  object space 1398272K, 1% used [0x0000000080000000,0x00000000817a5520,0x00000000d5580000)
 Metaspace       used 57783K, capacity 58980K, committed 59028K, reserved 1101824K
  class space    used 6947K, capacity 7168K, committed 7168K, reserved 1048576K
Event: 11.804 GC heap after
Heap after GC invocations=6 (full 2):
 PSYoungGen      total 611840K, used 19859K [0x00000000d5580000, 0x0000000100000000, 0x0000000100000000)
  eden space 524800K, 0% used [0x00000000d5580000,0x00000000d5580000,0x00000000f5600000)
  from space 87040K, 22% used [0x00000000fab00000,0x00000000fbe64ef0,0x0000000100000000)
  to   space 87040K, 0% used [0x00000000f5600000,0x00000000f5600000,0x00000000fab00000)
 ParOldGen       total 1398272K, used 24221K [0x0000000080000000, 0x00000000d5580000, 0x00000000d5580000)
  object space 1398272K, 1% used [0x0000000080000000,0x00000000817a7520,0x00000000d5580000)
 Metaspace       used 57783K, capacity 58980K, committed 59028K, reserved 1101824K
  class space    used 6947K, capacity 7168K, committed 7168K, reserved 1048576K
}
Event: 11.804 GC heap before
{Heap before GC invocations=7 (full 3):
 PSYoungGen      total 611840K, used 19859K [0x00000000d5580000, 0x0000000100000000, 0x0000000100000000)
  eden space 524800K, 0% used [0x00000000d5580000,0x00000000d5580000,0x00000000f5600000)
  from space 87040K, 22% used [0x00000000fab00000,0x00000000fbe64ef0,0x0000000100000000)
  to   space 87040K, 0% used [0x00000000f5600000,0x00000000f5600000,0x00000000fab00000)
 ParOldGen       total 1398272K, used 24221K [0x0000000080000000, 0x00000000d5580000, 0x00000000d5580000)
  object space 1398272K, 1% used [0x0000000080000000,0x00000000817a7520,0x00000000d5580000)
 Metaspace       used 57783K, capacity 58980K, committed 59028K, reserved 1101824K
  class space    used 6947K, capacity 7168K, committed 7168K, reserved 1048576K
Event: 12.039 GC heap after
Heap after GC invocations=7 (full 3):
 PSYoungGen      total 611840K, used 0K [0x00000000d5580000, 0x0000000100000000, 0x0000000100000000)
  eden space 524800K, 0% used [0x00000000d5580000,0x00000000d5580000,0x00000000f5600000)
  from space 87040K, 0% used [0x00000000fab00000,0x00000000fab00000,0x0000000100000000)
  to   space 87040K, 0% used [0x00000000f5600000,0x00000000f5600000,0x00000000fab00000)
 ParOldGen       total 1398272K, used 32440K [0x0000000080000000, 0x00000000d5580000, 0x00000000d5580000)
  object space 1398272K, 2% used [0x0000000080000000,0x0000000081fae308,0x00000000d5580000)
 Metaspace       used 57715K, capacity 58818K, committed 59028K, reserved 1101824K
  class space    used 6922K, capacity 7125K, committed 7168K, reserved 1048576K
}
Event: 20.951 GC heap before
{Heap before GC invocations=8 (full 3):
 PSYoungGen      total 611840K, used 518886K [0x00000000d5580000, 0x0000000100000000, 0x0000000100000000)
  eden space 524800K, 98% used [0x00000000d5580000,0x00000000f5039bb8,0x00000000f5600000)
  from space 87040K, 0% used [0x00000000fab00000,0x00000000fab00000,0x0000000100000000)
  to   space 87040K, 0% used [0x00000000f5600000,0x00000000f5600000,0x00000000fab00000)
 ParOldGen       total 1398272K, used 32440K [0x0000000080000000, 0x00000000d5580000, 0x00000000d5580000)
  object space 1398272K, 2% used [0x0000000080000000,0x0000000081fae308,0x00000000d5580000)
 Metaspace       used 76523K, capacity 79492K, committed 79744K, reserved 1120256K
  class space    used 8933K, capacity 9490K, committed 9600K, reserved 1048576K
Event: 21.020 GC heap after
Heap after GC invocations=8 (full 3):
 PSYoungGen      total 602624K, used 77802K [0x00000000d5580000, 0x00000000fd100000, 0x0000000100000000)
  eden space 524800K, 0% used [0x00000000d5580000,0x00000000d5580000,0x00000000f5600000)
  from space 77824K, 99% used [0x00000000f5600000,0x00000000fa1faa40,0x00000000fa200000)
  to   space 48128K, 0% used [0x00000000fa200000,0x00000000fa200000,0x00000000fd100000)
 ParOldGen       total 1398272K, used 32448K [0x0000000080000000, 0x00000000d5580000, 0x00000000d5580000)
  object space 1398272K, 2% used [0x0000000080000000,0x0000000081fb0308,0x00000000d5580000)
 Metaspace       used 76523K, capacity 79492K, committed 79744K, reserved 1120256K
  class space    used 8933K, capacity 9490K, committed 9600K, reserved 1048576K
}
Event: 26.872 GC heap before
{Heap before GC invocations=9 (full 3):
 PSYoungGen      total 602624K, used 602602K [0x00000000d5580000, 0x00000000fd100000, 0x0000000100000000)
  eden space 524800K, 100% used [0x00000000d5580000,0x00000000f5600000,0x00000000f5600000)
  from space 77824K, 99% used [0x00000000f5600000,0x00000000fa1faa40,0x00000000fa200000)
  to   space 48128K, 0% used [0x00000000fa200000,0x00000000fa200000,0x00000000fd100000)
 ParOldGen       total 1398272K, used 32448K [0x0000000080000000, 0x00000000d5580000, 0x00000000d5580000)
  object space 1398272K, 2% used [0x0000000080000000,0x0000000081fb0308,0x00000000d5580000)
 Metaspace       used 80921K, capacity 84630K, committed 84864K, reserved 1124352K
  class space    used 9189K, capacity 9833K, committed 9856K, reserved 1048576K
Event: 26.911 GC heap after
Heap after GC invocations=9 (full 3):
 PSYoungGen      total 588288K, used 38727K [0x00000000d5580000, 0x00000000fff00000, 0x0000000100000000)
  eden space 540160K, 0% used [0x00000000d5580000,0x00000000d5580000,0x00000000f6500000)
  from space 48128K, 80% used [0x00000000fa200000,0x00000000fc7d1f10,0x00000000fd100000)
  to   space 62464K, 0% used [0x00000000f6500000,0x00000000f6500000,0x00000000fa200000)
 ParOldGen       total 1398272K, used 32473K [0x0000000080000000, 0x00000000d5580000, 0x00000000d5580000)
  object space 1398272K, 2% used [0x0000000080000000,0x0000000081fb6428,0x00000000d5580000)
 Metaspace       used 80921K, capacity 84630K, committed 84864K, reserved 1124352K
  class space    used 9189K, capacity 9833K, committed 9856K, reserved 1048576K
}

