# JRE version: OpenJDK Runtime Environment (8.0_212-b04) (build 1.8.0_212-b04)
# Java VM: OpenJDK 64-Bit Server VM (25.212-b04 mixed mode linux-amd64 compressed oops)
Heap:
 PSYoungGen      total 611840K, used 218023K [0x00000000d5580000, 0x0000000100000000, 0x0000000100000000)
  eden space 524800K, 36% used [0x00000000d5580000,0x00000000e1272b50,0x00000000f5600000)
  from space 87040K, 28% used [0x00000000fab00000,0x00000000fc2f7368,0x0000000100000000)
  to   space 87040K, 0% used [0x00000000f5600000,0x00000000f5600000,0x00000000fab00000)
 ParOldGen       total 882688K, used 11970K [0x0000000080000000, 0x00000000b5e00000, 0x00000000d5580000)
  object space 882688K, 1% used [0x0000000080000000,0x0000000080bb09e0,0x00000000b5e00000)
 Metaspace       used 33731K, capacity 34344K, committed 34432K, reserved 1079296K
  class space    used 3760K, capacity 3907K, committed 3968K, reserved 1048576K
GC Heap History (10 events):
Event: 2.187 GC heap before
{Heap before GC invocations=1 (full 0):
 PSYoungGen      total 611840K, used 209921K [0x00000000d5580000, 0x0000000100000000, 0x0000000100000000)
  eden space 524800K, 40% used [0x00000000d5580000,0x00000000e2280770,0x00000000f5600000)
  from space 87040K, 0% used [0x00000000fab00000,0x00000000fab00000,0x0000000100000000)
  to   space 87040K, 0% used [0x00000000f5600000,0x00000000f5600000,0x00000000fab00000)
 ParOldGen       total 1398272K, used 0K [0x0000000080000000, 0x00000000d5580000, 0x00000000d5580000)
  object space 1398272K, 0% used [0x0000000080000000,0x0000000080000000,0x00000000d5580000)
 Metaspace       used 20762K, capacity 21022K, committed 21248K, reserved 1069056K
  class space    used 2357K, capacity 2452K, committed 2560K, reserved 1048576K
Event: 2.218 GC heap after
Heap after GC invocations=1 (full 0):
 PSYoungGen      total 611840K, used 12400K [0x00000000d5580000, 0x0000000100000000, 0x0000000100000000)
  eden space 524800K, 0% used [0x00000000d5580000,0x00000000d5580000,0x00000000f5600000)
  from space 87040K, 14% used [0x00000000f5600000,0x00000000f621c2c8,0x00000000fab00000)
  to   space 87040K, 0% used [0x00000000fab00000,0x00000000fab00000,0x0000000100000000)
 ParOldGen       total 1398272K, used 80K [0x0000000080000000, 0x00000000d5580000, 0x00000000d5580000)
  object space 1398272K, 0% used [0x0000000080000000,0x0000000080014010,0x00000000d5580000)
 Metaspace       used 20762K, capacity 21022K, committed 21248K, reserved 1069056K
  class space    used 2357K, capacity 2452K, committed 2560K, reserved 1048576K
}
Event: 2.218 GC heap before
{Heap before GC invocations=2 (full 1):
 PSYoungGen      total 611840K, used 12400K [0x00000000d5580000, 0x0000000100000000, 0x0000000100000000)
  eden space 524800K, 0% used [0x00000000d5580000,0x00000000d5580000,0x00000000f5600000)
  from space 87040K, 14% used [0x00000000f5600000,0x00000000f621c2c8,0x00000000fab00000)
  to   space 87040K, 0% used [0x00000000fab00000,0x00000000fab00000,0x0000000100000000)
 ParOldGen       total 1398272K, used 80K [0x0000000080000000, 0x00000000d5580000, 0x00000000d5580000)
  object space 1398272K, 0% used [0x0000000080000000,0x0000000080014010,0x00000000d5580000)
 Metaspace       used 20762K, capacity 21022K, committed 21248K, reserved 1069056K
  class space    used 2357K, capacity 2452K, committed 2560K, reserved 1048576K
Event: 2.278 GC heap after
Heap after GC invocations=2 (full 1):
 PSYoungGen      total 611840K, used 0K [0x00000000d5580000, 0x0000000100000000, 0x0000000100000000)
  eden space 524800K, 0% used [0x00000000d5580000,0x00000000d5580000,0x00000000f5600000)
  from space 87040K, 0% used [0x00000000f5600000,0x00000000f5600000,0x00000000fab00000)
  to   space 87040K, 0% used [0x00000000fab00000,0x00000000fab00000,0x0000000100000000)
 ParOldGen       total 882688K, used 11962K [0x0000000080000000, 0x00000000b5e00000, 0x00000000d5580000)
  object space 882688K, 1% used [0x0000000080000000,0x0000000080bae9e0,0x00000000b5e00000)
 Metaspace       used 20762K, capacity 21022K, committed 21248K, reserved 1069056K
  class space    used 2357K, capacity 2452K, committed 2560K, reserved 1048576K
}
Event: 16.614 GC heap before
{Heap before GC invocations=3 (full 1):
 PSYoungGen      total 611840K, used 524800K [0x00000000d5580000, 0x0000000100000000, 0x0000000100000000)
  eden space 524800K, 100% used [0x00000000d5580000,0x00000000f5600000,0x00000000f5600000)
  from space 87040K, 0% used [0x00000000f5600000,0x00000000f5600000,0x00000000fab00000)
  to   space 87040K, 0% used [0x00000000fab00000,0x00000000fab00000,0x0000000100000000)
 ParOldGen       total 882688K, used 11962K [0x0000000080000000, 0x00000000b5e00000, 0x00000000d5580000)
  object space 882688K, 1% used [0x0000000080000000,0x0000000080bae9e0,0x00000000b5e00000)
 Metaspace       used 32626K, capacity 33236K, committed 33408K, reserved 1079296K
  class space    used 3730K, capacity 3861K, committed 3968K, reserved 1048576K
Event: 16.649 GC heap after
Heap after GC invocations=3 (full 1):
 PSYoungGen      total 611840K, used 18489K [0x00000000d5580000, 0x0000000100000000, 0x0000000100000000)
  eden space 524800K, 0% used [0x00000000d5580000,0x00000000d5580000,0x00000000f5600000)
  from space 87040K, 21% used [0x00000000fab00000,0x00000000fbd0e530,0x0000000100000000)
  to   space 87040K, 0% used [0x00000000f5600000,0x00000000f5600000,0x00000000fab00000)
 ParOldGen       total 882688K, used 11962K [0x0000000080000000, 0x00000000b5e00000, 0x00000000d5580000)
  object space 882688K, 1% used [0x0000000080000000,0x0000000080bae9e0,0x00000000b5e00000)
 Metaspace       used 32626K, capacity 33236K, committed 33408K, reserved 1079296K
  class space    used 3730K, capacity 3861K, committed 3968K, reserved 1048576K
}
Event: 39.201 GC heap before
{Heap before GC invocations=4 (full 1):
 PSYoungGen      total 611840K, used 543289K [0x00000000d5580000, 0x0000000100000000, 0x0000000100000000)
  eden space 524800K, 100% used [0x00000000d5580000,0x00000000f5600000,0x00000000f5600000)
  from space 87040K, 21% used [0x00000000fab00000,0x00000000fbd0e530,0x0000000100000000)
  to   space 87040K, 0% used [0x00000000f5600000,0x00000000f5600000,0x00000000fab00000)
 ParOldGen       total 882688K, used 11962K [0x0000000080000000, 0x00000000b5e00000, 0x00000000d5580000)
  object space 882688K, 1% used [0x0000000080000000,0x0000000080bae9e0,0x00000000b5e00000)
 Metaspace       used 33422K, capacity 34078K, committed 34432K, reserved 1079296K
  class space    used 3734K, capacity 3866K, committed 3968K, reserved 1048576K
Event: 39.244 GC heap after
Heap after GC invocations=4 (full 1):
 PSYoungGen      total 611840K, used 17352K [0x00000000d5580000, 0x0000000100000000, 0x0000000100000000)
  eden space 524800K, 0% used [0x00000000d5580000,0x00000000d5580000,0x00000000f5600000)
  from space 87040K, 19% used [0x00000000f5600000,0x00000000f66f2180,0x00000000fab00000)
  to   space 87040K, 0% used [0x00000000fab00000,0x00000000fab00000,0x0000000100000000)
 ParOldGen       total 882688K, used 11970K [0x0000000080000000, 0x00000000b5e00000, 0x00000000d5580000)
  object space 882688K, 1% used [0x0000000080000000,0x0000000080bb09e0,0x00000000b5e00000)
 Metaspace       used 33422K, capacity 34078K, committed 34432K, reserved 1079296K
  class space    used 3734K, capacity 3866K, committed 3968K, reserved 1048576K
}
Event: 41.066 GC heap before
{Heap before GC invocations=5 (full 1):
 PSYoungGen      total 611840K, used 542152K [0x00000000d5580000, 0x0000000100000000, 0x0000000100000000)
  eden space 524800K, 100% used [0x00000000d5580000,0x00000000f5600000,0x00000000f5600000)
  from space 87040K, 19% used [0x00000000f5600000,0x00000000f66f2180,0x00000000fab00000)
  to   space 87040K, 0% used [0x00000000fab00000,0x00000000fab00000,0x0000000100000000)
 ParOldGen       total 882688K, used 11970K [0x0000000080000000, 0x00000000b5e00000, 0x00000000d5580000)
  object space 882688K, 1% used [0x0000000080000000,0x0000000080bb09e0,0x00000000b5e00000)
 Metaspace       used 33426K, capacity 34078K, committed 34432K, reserved 1079296K
  class space    used 3734K, capacity 3866K, committed 3968K, reserved 1048576K
Event: 41.102 GC heap after
Heap after GC invocations=5 (full 1):
 PSYoungGen      total 611840K, used 24540K [0x00000000d5580000, 0x0000000100000000, 0x0000000100000000)
  eden space 524800K, 0% used [0x00000000d5580000,0x00000000d5580000,0x00000000f5600000)
  from space 87040K, 28% used [0x00000000fab00000,0x00000000fc2f7368,0x0000000100000000)
  to   space 87040K, 0% used [0x00000000f5600000,0x00000000f5600000,0x00000000fab00000)
 ParOldGen       total 882688K, used 11970K [0x0000000080000000, 0x00000000b5e00000, 0x00000000d5580000)
  object space 882688K, 1% used [0x0000000080000000,0x0000000080bb09e0,0x00000000b5e00000)
 Metaspace       used 33426K, capacity 34078K, committed 34432K, reserved 1079296K
  class space    used 3734K, capacity 3866K, committed 3968K, reserved 1048576K
}

