-------------------------------------------------------------------------------
Test set: org.apache.hadoop.ozone.om.TestOzoneManagerHA
-------------------------------------------------------------------------------
Tests run: 25, Failures: 0, Errors: 1, Skipped: 0, Time elapsed: 609.992 s <<< FAILURE! - in org.apache.hadoop.ozone.om.TestOzoneManagerHA
testFileOperationsWithNonRecursive(org.apache.hadoop.ozone.om.TestOzoneManagerHA)  Time elapsed: 2.156 s  <<< ERROR!
java.lang.IllegalArgumentException: Unable to create path: /workdir/hadoop-ozone/integration-test/target/test-dir/MiniOzoneClusterImpl-614eea96-2022-430f-951a-b024ce4c8dc5/omNode-2/ratis
	at org.apache.hadoop.ozone.OmUtils.createOMDir(OmUtils.java:491)
	at org.apache.hadoop.ozone.om.OzoneManager.<init>(OzoneManager.java:422)
	at org.apache.hadoop.ozone.om.OzoneManager.createOm(OzoneManager.java:857)
	at org.apache.hadoop.ozone.MiniOzoneHAClusterImpl$Builder.createOMService(MiniOzoneHAClusterImpl.java:267)
	at org.apache.hadoop.ozone.MiniOzoneHAClusterImpl$Builder.build(MiniOzoneHAClusterImpl.java:199)
	at org.apache.hadoop.ozone.om.TestOzoneManagerHA.init(TestOzoneManagerHA.java:143)
	at sun.reflect.GeneratedMethodAccessor238.invoke(Unknown Source)
	at sun.reflect.DelegatingMethodAccessorImpl.invoke(DelegatingMethodAccessorImpl.java:43)
	at java.lang.reflect.Method.invoke(Method.java:498)
	at org.junit.runners.model.FrameworkMethod$1.runReflectiveCall(FrameworkMethod.java:47)
	at org.junit.internal.runners.model.ReflectiveCallable.run(ReflectiveCallable.java:12)
	at org.junit.runners.model.FrameworkMethod.invokeExplosively(FrameworkMethod.java:44)
	at org.junit.internal.runners.statements.RunBefores.evaluate(RunBefores.java:24)
	at org.junit.internal.runners.statements.RunAfters.evaluate(RunAfters.java:27)
	at org.junit.rules.ExpectedException$ExpectedExceptionStatement.evaluate(ExpectedException.java:168)
	at org.junit.internal.runners.statements.FailOnTimeout$StatementThread.run(FailOnTimeout.java:74)

