# JRE version: OpenJDK Runtime Environment (8.0_212-b04) (build 1.8.0_212-b04)
# Java VM: OpenJDK 64-Bit Server VM (25.212-b04 mixed mode linux-amd64 compressed oops)
Heap:
 PSYoungGen      total 536576K, used 530791K [0x00000000d5580000, 0x00000000fab80000, 0x0000000100000000)
  eden space 524800K, 98% used [0x00000000d5580000,0x00000000f50a1040,0x00000000f5600000)
  from space 11776K, 97% used [0x00000000f5600000,0x00000000f6138dd8,0x00000000f6180000)
  to   space 30208K, 0% used [0x00000000f8e00000,0x00000000f8e00000,0x00000000fab80000)
 ParOldGen       total 1398272K, used 757641K [0x0000000080000000, 0x00000000d5580000, 0x00000000d5580000)
  object space 1398272K, 54% used [0x0000000080000000,0x00000000ae3e2710,0x00000000d5580000)
 Metaspace       used 65009K, capacity 67930K, committed 68224K, reserved 1110016K
  class space    used 7472K, capacity 7989K, committed 8064K, reserved 1048576K
GC Heap History (10 events):
Event: 4.796 GC heap before
{Heap before GC invocations=4 (full 2):
 PSYoungGen      total 611840K, used 19438K [0x00000000d5580000, 0x0000000100000000, 0x0000000100000000)
  eden space 524800K, 0% used [0x00000000d5580000,0x00000000d5580000,0x00000000f5600000)
  from space 87040K, 22% used [0x00000000fab00000,0x00000000fbdfb950,0x0000000100000000)
  to   space 87040K, 0% used [0x00000000f5600000,0x00000000f5600000,0x00000000fab00000)
 ParOldGen       total 879104K, used 14207K [0x0000000080000000, 0x00000000b5a80000, 0x00000000d5580000)
  object space 879104K, 1% used [0x0000000080000000,0x0000000080ddfcf8,0x00000000b5a80000)
 Metaspace       used 34831K, capacity 35156K, committed 35416K, reserved 1081344K
  class space    used 3960K, capacity 4060K, committed 4096K, reserved 1048576K
Event: 4.908 GC heap after
Heap after GC invocations=4 (full 2):
 PSYoungGen      total 611840K, used 0K [0x00000000d5580000, 0x0000000100000000, 0x0000000100000000)
  eden space 524800K, 0% used [0x00000000d5580000,0x00000000d5580000,0x00000000f5600000)
  from space 87040K, 0% used [0x00000000fab00000,0x00000000fab00000,0x0000000100000000)
  to   space 87040K, 0% used [0x00000000f5600000,0x00000000f5600000,0x00000000fab00000)
 ParOldGen       total 1398272K, used 23866K [0x0000000080000000, 0x00000000d5580000, 0x00000000d5580000)
  object space 1398272K, 1% used [0x0000000080000000,0x000000008174e8e8,0x00000000d5580000)
 Metaspace       used 34831K, capacity 35156K, committed 35416K, reserved 1081344K
  class space    used 3960K, capacity 4060K, committed 4096K, reserved 1048576K
}
Event: 8.644 GC heap before
{Heap before GC invocations=5 (full 2):
 PSYoungGen      total 611840K, used 524800K [0x00000000d5580000, 0x0000000100000000, 0x0000000100000000)
  eden space 524800K, 100% used [0x00000000d5580000,0x00000000f5600000,0x00000000f5600000)
  from space 87040K, 0% used [0x00000000fab00000,0x00000000fab00000,0x0000000100000000)
  to   space 87040K, 0% used [0x00000000f5600000,0x00000000f5600000,0x00000000fab00000)
 ParOldGen       total 1398272K, used 23866K [0x0000000080000000, 0x00000000d5580000, 0x00000000d5580000)
  object space 1398272K, 1% used [0x0000000080000000,0x000000008174e8e8,0x00000000d5580000)
 Metaspace       used 44734K, capacity 45632K, committed 45952K, reserved 1089536K
  class space    used 5182K, capacity 5388K, committed 5504K, reserved 1048576K
Event: 8.690 GC heap after
Heap after GC invocations=5 (full 2):
 PSYoungGen      total 611840K, used 17210K [0x00000000d5580000, 0x0000000100000000, 0x0000000100000000)
  eden space 524800K, 0% used [0x00000000d5580000,0x00000000d5580000,0x00000000f5600000)
  from space 87040K, 19% used [0x00000000f5600000,0x00000000f66ce9d8,0x00000000fab00000)
  to   space 87040K, 0% used [0x00000000fab00000,0x00000000fab00000,0x0000000100000000)
 ParOldGen       total 1398272K, used 23874K [0x0000000080000000, 0x00000000d5580000, 0x00000000d5580000)
  object space 1398272K, 1% used [0x0000000080000000,0x00000000817508e8,0x00000000d5580000)
 Metaspace       used 44734K, capacity 45632K, committed 45952K, reserved 1089536K
  class space    used 5182K, capacity 5388K, committed 5504K, reserved 1048576K
}
Event: 12.807 GC heap before
{Heap before GC invocations=6 (full 2):
 PSYoungGen      total 611840K, used 319041K [0x00000000d5580000, 0x0000000100000000, 0x0000000100000000)
  eden space 524800K, 57% used [0x00000000d5580000,0x00000000e7c41a88,0x00000000f5600000)
  from space 87040K, 19% used [0x00000000f5600000,0x00000000f66ce9d8,0x00000000fab00000)
  to   space 87040K, 0% used [0x00000000fab00000,0x00000000fab00000,0x0000000100000000)
 ParOldGen       total 1398272K, used 23874K [0x0000000080000000, 0x00000000d5580000, 0x00000000d5580000)
  object space 1398272K, 1% used [0x0000000080000000,0x00000000817508e8,0x00000000d5580000)
 Metaspace       used 57394K, capacity 58878K, committed 59028K, reserved 1101824K
  class space    used 6608K, capacity 6887K, committed 6912K, reserved 1048576K
Event: 12.867 GC heap after
Heap after GC invocations=6 (full 2):
 PSYoungGen      total 611840K, used 29562K [0x00000000d5580000, 0x0000000100000000, 0x0000000100000000)
  eden space 524800K, 0% used [0x00000000d5580000,0x00000000d5580000,0x00000000f5600000)
  from space 87040K, 33% used [0x00000000fab00000,0x00000000fc7de838,0x0000000100000000)
  to   space 87040K, 0% used [0x00000000f5600000,0x00000000f5600000,0x00000000fab00000)
 ParOldGen       total 1398272K, used 23882K [0x0000000080000000, 0x00000000d5580000, 0x00000000d5580000)
  object space 1398272K, 1% used [0x0000000080000000,0x00000000817528e8,0x00000000d5580000)
 Metaspace       used 57394K, capacity 58878K, committed 59028K, reserved 1101824K
  class space    used 6608K, capacity 6887K, committed 6912K, reserved 1048576K
}
Event: 12.867 GC heap before
{Heap before GC invocations=7 (full 3):
 PSYoungGen      total 611840K, used 29562K [0x00000000d5580000, 0x0000000100000000, 0x0000000100000000)
  eden space 524800K, 0% used [0x00000000d5580000,0x00000000d5580000,0x00000000f5600000)
  from space 87040K, 33% used [0x00000000fab00000,0x00000000fc7de838,0x0000000100000000)
  to   space 87040K, 0% used [0x00000000f5600000,0x00000000f5600000,0x00000000fab00000)
 ParOldGen       total 1398272K, used 23882K [0x0000000080000000, 0x00000000d5580000, 0x00000000d5580000)
  object space 1398272K, 1% used [0x0000000080000000,0x00000000817528e8,0x00000000d5580000)
 Metaspace       used 57394K, capacity 58878K, committed 59028K, reserved 1101824K
  class space    used 6608K, capacity 6887K, committed 6912K, reserved 1048576K
Event: 13.198 GC heap after
Heap after GC invocations=7 (full 3):
 PSYoungGen      total 611840K, used 0K [0x00000000d5580000, 0x0000000100000000, 0x0000000100000000)
  eden space 524800K, 0% used [0x00000000d5580000,0x00000000d5580000,0x00000000f5600000)
  from space 87040K, 0% used [0x00000000fab00000,0x00000000fab00000,0x0000000100000000)
  to   space 87040K, 0% used [0x00000000f5600000,0x00000000f5600000,0x00000000fab00000)
 ParOldGen       total 1398272K, used 40833K [0x0000000080000000, 0x00000000d5580000, 0x00000000d5580000)
  object space 1398272K, 2% used [0x0000000080000000,0x00000000827e06e0,0x00000000d5580000)
 Metaspace       used 57341K, capacity 58748K, committed 59028K, reserved 1101824K
  class space    used 6589K, capacity 6854K, committed 6912K, reserved 1048576K
}
Event: 19.656 GC heap before
{Heap before GC invocations=8 (full 3):
 PSYoungGen      total 611840K, used 377746K [0x00000000d5580000, 0x0000000100000000, 0x0000000100000000)
  eden space 524800K, 71% used [0x00000000d5580000,0x00000000ec6649a0,0x00000000f5600000)
  from space 87040K, 0% used [0x00000000fab00000,0x00000000fab00000,0x0000000100000000)
  to   space 87040K, 0% used [0x00000000f5600000,0x00000000f5600000,0x00000000fab00000)
 ParOldGen       total 1398272K, used 40833K [0x0000000080000000, 0x00000000d5580000, 0x00000000d5580000)
  object space 1398272K, 2% used [0x0000000080000000,0x00000000827e06e0,0x00000000d5580000)
 Metaspace       used 60775K, capacity 63066K, committed 63360K, reserved 1105920K
  class space    used 7062K, capacity 7471K, committed 7552K, reserved 1048576K
Event: 19.907 GC heap after
Heap after GC invocations=8 (full 3):
 PSYoungGen      total 536576K, used 11491K [0x00000000d5580000, 0x00000000fab80000, 0x0000000100000000)
  eden space 524800K, 0% used [0x00000000d5580000,0x00000000d5580000,0x00000000f5600000)
  from space 11776K, 97% used [0x00000000f5600000,0x00000000f6138dd8,0x00000000f6180000)
  to   space 30208K, 0% used [0x00000000f8e00000,0x00000000f8e00000,0x00000000fab80000)
 ParOldGen       total 1398272K, used 450441K [0x0000000080000000, 0x00000000d5580000, 0x00000000d5580000)
  object space 1398272K, 32% used [0x0000000080000000,0x000000009b7e2700,0x00000000d5580000)
 Metaspace       used 60775K, capacity 63066K, committed 63360K, reserved 1105920K
  class space    used 7062K, capacity 7471K, committed 7552K, reserved 1048576K
}

