# JRE version: OpenJDK Runtime Environment (8.0_212-b04) (build 1.8.0_212-b04)
# Java VM: OpenJDK 64-Bit Server VM (25.212-b04 mixed mode linux-amd64 compressed oops)
Heap:
 PSYoungGen      total 611840K, used 255309K [0x00000000d5580000, 0x0000000100000000, 0x0000000100000000)
  eden space 524800K, 48% used [0x00000000d5580000,0x00000000e4ed36d8,0x00000000f5600000)
  from space 87040K, 0% used [0x00000000fab00000,0x00000000fab00000,0x0000000100000000)
  to   space 87040K, 0% used [0x00000000f5600000,0x00000000f5600000,0x00000000fab00000)
 ParOldGen       total 1398272K, used 26112K [0x0000000080000000, 0x00000000d5580000, 0x00000000d5580000)
  object space 1398272K, 1% used [0x0000000080000000,0x0000000081980328,0x00000000d5580000)
 Metaspace       used 63899K, capacity 66378K, committed 66560K, reserved 1107968K
  class space    used 7386K, capacity 7853K, committed 7936K, reserved 1048576K
GC Heap History (10 events):
Event: 4.838 GC heap before
{Heap before GC invocations=3 (full 1):
 PSYoungGen      total 611840K, used 469965K [0x00000000d5580000, 0x0000000100000000, 0x0000000100000000)
  eden space 524800K, 89% used [0x00000000d5580000,0x00000000f20734f0,0x00000000f5600000)
  from space 87040K, 0% used [0x00000000f5600000,0x00000000f5600000,0x00000000fab00000)
  to   space 87040K, 0% used [0x00000000fab00000,0x00000000fab00000,0x0000000100000000)
 ParOldGen       total 857600K, used 14299K [0x0000000080000000, 0x00000000b4580000, 0x00000000d5580000)
  object space 857600K, 1% used [0x0000000080000000,0x0000000080df6cf0,0x00000000b4580000)
 Metaspace       used 34721K, capacity 35092K, committed 35416K, reserved 1081344K
  class space    used 3955K, capacity 4060K, committed 4096K, reserved 1048576K
Event: 4.881 GC heap after
Heap after GC invocations=3 (full 1):
 PSYoungGen      total 611840K, used 19231K [0x00000000d5580000, 0x0000000100000000, 0x0000000100000000)
  eden space 524800K, 0% used [0x00000000d5580000,0x00000000d5580000,0x00000000f5600000)
  from space 87040K, 22% used [0x00000000fab00000,0x00000000fbdc7f10,0x0000000100000000)
  to   space 87040K, 0% used [0x00000000f5600000,0x00000000f5600000,0x00000000fab00000)
 ParOldGen       total 857600K, used 14307K [0x0000000080000000, 0x00000000b4580000, 0x00000000d5580000)
  object space 857600K, 1% used [0x0000000080000000,0x0000000080df8cf0,0x00000000b4580000)
 Metaspace       used 34721K, capacity 35092K, committed 35416K, reserved 1081344K
  class space    used 3955K, capacity 4060K, committed 4096K, reserved 1048576K
}
Event: 4.881 GC heap before
{Heap before GC invocations=4 (full 2):
 PSYoungGen      total 611840K, used 19231K [0x00000000d5580000, 0x0000000100000000, 0x0000000100000000)
  eden space 524800K, 0% used [0x00000000d5580000,0x00000000d5580000,0x00000000f5600000)
  from space 87040K, 22% used [0x00000000fab00000,0x00000000fbdc7f10,0x0000000100000000)
  to   space 87040K, 0% used [0x00000000f5600000,0x00000000f5600000,0x00000000fab00000)
 ParOldGen       total 857600K, used 14307K [0x0000000080000000, 0x00000000b4580000, 0x00000000d5580000)
  object space 857600K, 1% used [0x0000000080000000,0x0000000080df8cf0,0x00000000b4580000)
 Metaspace       used 34721K, capacity 35092K, committed 35416K, reserved 1081344K
  class space    used 3955K, capacity 4060K, committed 4096K, reserved 1048576K
Event: 5.014 GC heap after
Heap after GC invocations=4 (full 2):
 PSYoungGen      total 611840K, used 0K [0x00000000d5580000, 0x0000000100000000, 0x0000000100000000)
  eden space 524800K, 0% used [0x00000000d5580000,0x00000000d5580000,0x00000000f5600000)
  from space 87040K, 0% used [0x00000000fab00000,0x00000000fab00000,0x0000000100000000)
  to   space 87040K, 0% used [0x00000000f5600000,0x00000000f5600000,0x00000000fab00000)
 ParOldGen       total 1398272K, used 23737K [0x0000000080000000, 0x00000000d5580000, 0x00000000d5580000)
  object space 1398272K, 1% used [0x0000000080000000,0x000000008172e750,0x00000000d5580000)
 Metaspace       used 34721K, capacity 35092K, committed 35416K, reserved 1081344K
  class space    used 3955K, capacity 4060K, committed 4096K, reserved 1048576K
}
Event: 10.853 GC heap before
{Heap before GC invocations=5 (full 2):
 PSYoungGen      total 611840K, used 524800K [0x00000000d5580000, 0x0000000100000000, 0x0000000100000000)
  eden space 524800K, 100% used [0x00000000d5580000,0x00000000f5600000,0x00000000f5600000)
  from space 87040K, 0% used [0x00000000fab00000,0x00000000fab00000,0x0000000100000000)
  to   space 87040K, 0% used [0x00000000f5600000,0x00000000f5600000,0x00000000fab00000)
 ParOldGen       total 1398272K, used 23737K [0x0000000080000000, 0x00000000d5580000, 0x00000000d5580000)
  object space 1398272K, 1% used [0x0000000080000000,0x000000008172e750,0x00000000d5580000)
 Metaspace       used 53079K, capacity 54214K, committed 54272K, reserved 1097728K
  class space    used 6159K, capacity 6391K, committed 6400K, reserved 1048576K
Event: 10.920 GC heap after
Heap after GC invocations=5 (full 2):
 PSYoungGen      total 611840K, used 24155K [0x00000000d5580000, 0x0000000100000000, 0x0000000100000000)
  eden space 524800K, 0% used [0x00000000d5580000,0x00000000d5580000,0x00000000f5600000)
  from space 87040K, 27% used [0x00000000f5600000,0x00000000f6d96d88,0x00000000fab00000)
  to   space 87040K, 0% used [0x00000000fab00000,0x00000000fab00000,0x0000000100000000)
 ParOldGen       total 1398272K, used 23745K [0x0000000080000000, 0x00000000d5580000, 0x00000000d5580000)
  object space 1398272K, 1% used [0x0000000080000000,0x0000000081730750,0x00000000d5580000)
 Metaspace       used 53079K, capacity 54214K, committed 54272K, reserved 1097728K
  class space    used 6159K, capacity 6391K, committed 6400K, reserved 1048576K
}
Event: 11.446 GC heap before
{Heap before GC invocations=6 (full 2):
 PSYoungGen      total 611840K, used 145809K [0x00000000d5580000, 0x0000000100000000, 0x0000000100000000)
  eden space 524800K, 23% used [0x00000000d5580000,0x00000000dcc4d8b0,0x00000000f5600000)
  from space 87040K, 27% used [0x00000000f5600000,0x00000000f6d96d88,0x00000000fab00000)
  to   space 87040K, 0% used [0x00000000fab00000,0x00000000fab00000,0x0000000100000000)
 ParOldGen       total 1398272K, used 23745K [0x0000000080000000, 0x00000000d5580000, 0x00000000d5580000)
  object space 1398272K, 1% used [0x0000000080000000,0x0000000081730750,0x00000000d5580000)
 Metaspace       used 57402K, capacity 58836K, committed 59008K, reserved 1101824K
  class space    used 6660K, capacity 6930K, committed 7040K, reserved 1048576K
Event: 11.473 GC heap after
Heap after GC invocations=6 (full 2):
 PSYoungGen      total 611840K, used 14103K [0x00000000d5580000, 0x0000000100000000, 0x0000000100000000)
  eden space 524800K, 0% used [0x00000000d5580000,0x00000000d5580000,0x00000000f5600000)
  from space 87040K, 16% used [0x00000000fab00000,0x00000000fb8c5c28,0x0000000100000000)
  to   space 87040K, 0% used [0x00000000f5600000,0x00000000f5600000,0x00000000fab00000)
 ParOldGen       total 1398272K, used 23753K [0x0000000080000000, 0x00000000d5580000, 0x00000000d5580000)
  object space 1398272K, 1% used [0x0000000080000000,0x0000000081732750,0x00000000d5580000)
 Metaspace       used 57402K, capacity 58836K, committed 59008K, reserved 1101824K
  class space    used 6660K, capacity 6930K, committed 7040K, reserved 1048576K
}
Event: 11.473 GC heap before
{Heap before GC invocations=7 (full 3):
 PSYoungGen      total 611840K, used 14103K [0x00000000d5580000, 0x0000000100000000, 0x0000000100000000)
  eden space 524800K, 0% used [0x00000000d5580000,0x00000000d5580000,0x00000000f5600000)
  from space 87040K, 16% used [0x00000000fab00000,0x00000000fb8c5c28,0x0000000100000000)
  to   space 87040K, 0% used [0x00000000f5600000,0x00000000f5600000,0x00000000fab00000)
 ParOldGen       total 1398272K, used 23753K [0x0000000080000000, 0x00000000d5580000, 0x00000000d5580000)
  object space 1398272K, 1% used [0x0000000080000000,0x0000000081732750,0x00000000d5580000)
 Metaspace       used 57402K, capacity 58836K, committed 59008K, reserved 1101824K
  class space    used 6660K, capacity 6930K, committed 7040K, reserved 1048576K
Event: 11.721 GC heap after
Heap after GC invocations=7 (full 3):
 PSYoungGen      total 611840K, used 0K [0x00000000d5580000, 0x0000000100000000, 0x0000000100000000)
  eden space 524800K, 0% used [0x00000000d5580000,0x00000000d5580000,0x00000000f5600000)
  from space 87040K, 0% used [0x00000000fab00000,0x00000000fab00000,0x0000000100000000)
  to   space 87040K, 0% used [0x00000000f5600000,0x00000000f5600000,0x00000000fab00000)
 ParOldGen       total 1398272K, used 26112K [0x0000000080000000, 0x00000000d5580000, 0x00000000d5580000)
  object space 1398272K, 1% used [0x0000000080000000,0x0000000081980328,0x00000000d5580000)
 Metaspace       used 57369K, capacity 58752K, committed 59008K, reserved 1101824K
  class space    used 6648K, capacity 6910K, committed 7040K, reserved 1048576K
}

