# JRE version: OpenJDK Runtime Environment (8.0_212-b04) (build 1.8.0_212-b04)
# Java VM: OpenJDK 64-Bit Server VM (25.212-b04 mixed mode linux-amd64 compressed oops)
Heap:
 PSYoungGen      total 566272K, used 257098K [0x00000000d5580000, 0x0000000100000000, 0x0000000100000000)
  eden space 433664K, 52% used [0x00000000d5580000,0x00000000e35a1908,0x00000000efd00000)
  from space 132608K, 20% used [0x00000000efd00000,0x00000000f17f11d0,0x00000000f7e80000)
  to   space 126976K, 0% used [0x00000000f8400000,0x00000000f8400000,0x0000000100000000)
 ParOldGen       total 1398272K, used 122843K [0x0000000080000000, 0x00000000d5580000, 0x00000000d5580000)
  object space 1398272K, 8% used [0x0000000080000000,0x00000000877f6de8,0x00000000d5580000)
 Metaspace       used 67829K, capacity 71138K, committed 71296K, reserved 1112064K
  class space    used 7607K, capacity 8195K, committed 8320K, reserved 1048576K
GC Heap History (10 events):
Event: 11.961 GC heap before
{Heap before GC invocations=6 (full 2):
 PSYoungGen      total 611840K, used 174244K [0x00000000d5580000, 0x0000000100000000, 0x0000000100000000)
  eden space 524800K, 28% used [0x00000000d5580000,0x00000000de781710,0x00000000f5600000)
  from space 87040K, 28% used [0x00000000f5600000,0x00000000f6e27c68,0x00000000fab00000)
  to   space 87040K, 0% used [0x00000000fab00000,0x00000000fab00000,0x0000000100000000)
 ParOldGen       total 1398272K, used 23623K [0x0000000080000000, 0x00000000d5580000, 0x00000000d5580000)
  object space 1398272K, 1% used [0x0000000080000000,0x0000000081711f18,0x00000000d5580000)
 Metaspace       used 57359K, capacity 58862K, committed 59008K, reserved 1101824K
  class space    used 6623K, capacity 6941K, committed 7040K, reserved 1048576K
Event: 11.999 GC heap after
Heap after GC invocations=6 (full 2):
 PSYoungGen      total 611840K, used 22959K [0x00000000d5580000, 0x0000000100000000, 0x0000000100000000)
  eden space 524800K, 0% used [0x00000000d5580000,0x00000000d5580000,0x00000000f5600000)
  from space 87040K, 26% used [0x00000000fab00000,0x00000000fc16bc98,0x0000000100000000)
  to   space 87040K, 0% used [0x00000000f5600000,0x00000000f5600000,0x00000000fab00000)
 ParOldGen       total 1398272K, used 23631K [0x0000000080000000, 0x00000000d5580000, 0x00000000d5580000)
  object space 1398272K, 1% used [0x0000000080000000,0x0000000081713f18,0x00000000d5580000)
 Metaspace       used 57359K, capacity 58862K, committed 59008K, reserved 1101824K
  class space    used 6623K, capacity 6941K, committed 7040K, reserved 1048576K
}
Event: 11.999 GC heap before
{Heap before GC invocations=7 (full 3):
 PSYoungGen      total 611840K, used 22959K [0x00000000d5580000, 0x0000000100000000, 0x0000000100000000)
  eden space 524800K, 0% used [0x00000000d5580000,0x00000000d5580000,0x00000000f5600000)
  from space 87040K, 26% used [0x00000000fab00000,0x00000000fc16bc98,0x0000000100000000)
  to   space 87040K, 0% used [0x00000000f5600000,0x00000000f5600000,0x00000000fab00000)
 ParOldGen       total 1398272K, used 23631K [0x0000000080000000, 0x00000000d5580000, 0x00000000d5580000)
  object space 1398272K, 1% used [0x0000000080000000,0x0000000081713f18,0x00000000d5580000)
 Metaspace       used 57359K, capacity 58862K, committed 59008K, reserved 1101824K
  class space    used 6623K, capacity 6941K, committed 7040K, reserved 1048576K
Event: 12.289 GC heap after
Heap after GC invocations=7 (full 3):
 PSYoungGen      total 611840K, used 0K [0x00000000d5580000, 0x0000000100000000, 0x0000000100000000)
  eden space 524800K, 0% used [0x00000000d5580000,0x00000000d5580000,0x00000000f5600000)
  from space 87040K, 0% used [0x00000000fab00000,0x00000000fab00000,0x0000000100000000)
  to   space 87040K, 0% used [0x00000000f5600000,0x00000000f5600000,0x00000000fab00000)
 ParOldGen       total 1398272K, used 34206K [0x0000000080000000, 0x00000000d5580000, 0x00000000d5580000)
  object space 1398272K, 2% used [0x0000000080000000,0x0000000082167840,0x00000000d5580000)
 Metaspace       used 57326K, capacity 58778K, committed 59008K, reserved 1101824K
  class space    used 6611K, capacity 6921K, committed 7040K, reserved 1048576K
}
Event: 26.796 GC heap before
{Heap before GC invocations=8 (full 3):
 PSYoungGen      total 611840K, used 524800K [0x00000000d5580000, 0x0000000100000000, 0x0000000100000000)
  eden space 524800K, 100% used [0x00000000d5580000,0x00000000f5600000,0x00000000f5600000)
  from space 87040K, 0% used [0x00000000fab00000,0x00000000fab00000,0x0000000100000000)
  to   space 87040K, 0% used [0x00000000f5600000,0x00000000f5600000,0x00000000fab00000)
 ParOldGen       total 1398272K, used 34206K [0x0000000080000000, 0x00000000d5580000, 0x00000000d5580000)
  object space 1398272K, 2% used [0x0000000080000000,0x0000000082167840,0x00000000d5580000)
 Metaspace       used 64799K, capacity 67630K, committed 67840K, reserved 1110016K
  class space    used 7423K, capacity 7901K, committed 7936K, reserved 1048576K
Event: 26.954 GC heap after
Heap after GC invocations=8 (full 3):
 PSYoungGen      total 611840K, used 87030K [0x00000000d5580000, 0x00000000fe900000, 0x0000000100000000)
  eden space 524800K, 0% used [0x00000000d5580000,0x00000000d5580000,0x00000000f5600000)
  from space 87040K, 99% used [0x00000000f5600000,0x00000000faafdb20,0x00000000fab00000)
  to   space 63488K, 0% used [0x00000000fab00000,0x00000000fab00000,0x00000000fe900000)
 ParOldGen       total 1398272K, used 38785K [0x0000000080000000, 0x00000000d5580000, 0x00000000d5580000)
  object space 1398272K, 2% used [0x0000000080000000,0x00000000825e0620,0x00000000d5580000)
 Metaspace       used 64799K, capacity 67630K, committed 67840K, reserved 1110016K
  class space    used 7423K, capacity 7901K, committed 7936K, reserved 1048576K
}
Event: 54.071 GC heap before
{Heap before GC invocations=9 (full 3):
 PSYoungGen      total 611840K, used 581757K [0x00000000d5580000, 0x00000000fe900000, 0x0000000100000000)
  eden space 524800K, 94% used [0x00000000d5580000,0x00000000f38a1b40,0x00000000f5600000)
  from space 87040K, 99% used [0x00000000f5600000,0x00000000faafdb20,0x00000000fab00000)
  to   space 63488K, 0% used [0x00000000fab00000,0x00000000fab00000,0x00000000fe900000)
 ParOldGen       total 1398272K, used 38785K [0x0000000080000000, 0x00000000d5580000, 0x00000000d5580000)
  object space 1398272K, 2% used [0x0000000080000000,0x00000000825e0620,0x00000000d5580000)
 Metaspace       used 66030K, capacity 69044K, committed 69248K, reserved 1110016K
  class space    used 7480K, capacity 7996K, committed 8064K, reserved 1048576K
Event: 54.292 GC heap after
Heap after GC invocations=9 (full 3):
 PSYoungGen      total 497152K, used 63460K [0x00000000d5580000, 0x0000000100000000, 0x0000000100000000)
  eden space 433664K, 0% used [0x00000000d5580000,0x00000000d5580000,0x00000000efd00000)
  from space 63488K, 99% used [0x00000000fab00000,0x00000000fe8f93a8,0x00000000fe900000)
  to   space 132608K, 0% used [0x00000000efd00000,0x00000000efd00000,0x00000000f7e80000)
 ParOldGen       total 1398272K, used 122835K [0x0000000080000000, 0x00000000d5580000, 0x00000000d5580000)
  object space 1398272K, 8% used [0x0000000080000000,0x00000000877f4de8,0x00000000d5580000)
 Metaspace       used 66030K, capacity 69044K, committed 69248K, reserved 1110016K
  class space    used 7480K, capacity 7996K, committed 8064K, reserved 1048576K
}
Event: 80.666 GC heap before
{Heap before GC invocations=10 (full 3):
 PSYoungGen      total 497152K, used 497124K [0x00000000d5580000, 0x0000000100000000, 0x0000000100000000)
  eden space 433664K, 100% used [0x00000000d5580000,0x00000000efd00000,0x00000000efd00000)
  from space 63488K, 99% used [0x00000000fab00000,0x00000000fe8f93a8,0x00000000fe900000)
  to   space 132608K, 0% used [0x00000000efd00000,0x00000000efd00000,0x00000000f7e80000)
 ParOldGen       total 1398272K, used 122835K [0x0000000080000000, 0x00000000d5580000, 0x00000000d5580000)
  object space 1398272K, 8% used [0x0000000080000000,0x00000000877f4de8,0x00000000d5580000)
 Metaspace       used 67164K, capacity 70350K, committed 70656K, reserved 1112064K
  class space    used 7571K, capacity 8123K, committed 8192K, reserved 1048576K
Event: 80.753 GC heap after
Heap after GC invocations=10 (full 3):
 PSYoungGen      total 566272K, used 27588K [0x00000000d5580000, 0x0000000100000000, 0x0000000100000000)
  eden space 433664K, 0% used [0x00000000d5580000,0x00000000d5580000,0x00000000efd00000)
  from space 132608K, 20% used [0x00000000efd00000,0x00000000f17f11d0,0x00000000f7e80000)
  to   space 126976K, 0% used [0x00000000f8400000,0x00000000f8400000,0x0000000100000000)
 ParOldGen       total 1398272K, used 122843K [0x0000000080000000, 0x00000000d5580000, 0x00000000d5580000)
  object space 1398272K, 8% used [0x0000000080000000,0x00000000877f6de8,0x00000000d5580000)
 Metaspace       used 67164K, capacity 70350K, committed 70656K, reserved 1112064K
  class space    used 7571K, capacity 8123K, committed 8192K, reserved 1048576K
}

