# JRE version: OpenJDK Runtime Environment (8.0_212-b04) (build 1.8.0_212-b04)
# Java VM: OpenJDK 64-Bit Server VM (25.212-b04 mixed mode linux-amd64 compressed oops)
Heap:
 PSYoungGen      total 388608K, used 224486K [0x00000000d5580000, 0x0000000100000000, 0x0000000100000000)
  eden space 357888K, 54% used [0x00000000d5580000,0x00000000e12bc600,0x00000000eb300000)
  from space 30720K, 99% used [0x00000000f8d80000,0x00000000fab7d3c8,0x00000000fab80000)
  to   space 170496K, 0% used [0x00000000eb300000,0x00000000eb300000,0x00000000f5980000)
 ParOldGen       total 1398272K, used 996878K [0x0000000080000000, 0x00000000d5580000, 0x00000000d5580000)
  object space 1398272K, 71% used [0x0000000080000000,0x00000000bcd83958,0x00000000d5580000)
 Metaspace       used 65392K, capacity 68132K, committed 68480K, reserved 1110016K
  class space    used 7445K, capacity 7942K, committed 8064K, reserved 1048576K
GC Heap History (10 events):
Event: 8.520 GC heap before
{Heap before GC invocations=5 (full 2):
 PSYoungGen      total 611840K, used 524800K [0x00000000d5580000, 0x0000000100000000, 0x0000000100000000)
  eden space 524800K, 100% used [0x00000000d5580000,0x00000000f5600000,0x00000000f5600000)
  from space 87040K, 0% used [0x00000000fab00000,0x00000000fab00000,0x0000000100000000)
  to   space 87040K, 0% used [0x00000000f5600000,0x00000000f5600000,0x00000000fab00000)
 ParOldGen       total 1398272K, used 23959K [0x0000000080000000, 0x00000000d5580000, 0x00000000d5580000)
  object space 1398272K, 1% used [0x0000000080000000,0x0000000081765c00,0x00000000d5580000)
 Metaspace       used 44518K, capacity 45418K, committed 45568K, reserved 1089536K
  class space    used 5154K, capacity 5365K, committed 5376K, reserved 1048576K
Event: 8.573 GC heap after
Heap after GC invocations=5 (full 2):
 PSYoungGen      total 611840K, used 16915K [0x00000000d5580000, 0x0000000100000000, 0x0000000100000000)
  eden space 524800K, 0% used [0x00000000d5580000,0x00000000d5580000,0x00000000f5600000)
  from space 87040K, 19% used [0x00000000f5600000,0x00000000f6684c68,0x00000000fab00000)
  to   space 87040K, 0% used [0x00000000fab00000,0x00000000fab00000,0x0000000100000000)
 ParOldGen       total 1398272K, used 23967K [0x0000000080000000, 0x00000000d5580000, 0x00000000d5580000)
  object space 1398272K, 1% used [0x0000000080000000,0x0000000081767c00,0x00000000d5580000)
 Metaspace       used 44518K, capacity 45418K, committed 45568K, reserved 1089536K
  class space    used 5154K, capacity 5365K, committed 5376K, reserved 1048576K
}
Event: 12.610 GC heap before
{Heap before GC invocations=6 (full 2):
 PSYoungGen      total 611840K, used 321264K [0x00000000d5580000, 0x0000000100000000, 0x0000000100000000)
  eden space 524800K, 57% used [0x00000000d5580000,0x00000000e7eb73b8,0x00000000f5600000)
  from space 87040K, 19% used [0x00000000f5600000,0x00000000f6684c68,0x00000000fab00000)
  to   space 87040K, 0% used [0x00000000fab00000,0x00000000fab00000,0x0000000100000000)
 ParOldGen       total 1398272K, used 23967K [0x0000000080000000, 0x00000000d5580000, 0x00000000d5580000)
  object space 1398272K, 1% used [0x0000000080000000,0x0000000081767c00,0x00000000d5580000)
 Metaspace       used 57516K, capacity 58934K, committed 59028K, reserved 1101824K
  class space    used 6627K, capacity 6895K, committed 6912K, reserved 1048576K
Event: 12.686 GC heap after
Heap after GC invocations=6 (full 2):
 PSYoungGen      total 611840K, used 30235K [0x00000000d5580000, 0x0000000100000000, 0x0000000100000000)
  eden space 524800K, 0% used [0x00000000d5580000,0x00000000d5580000,0x00000000f5600000)
  from space 87040K, 34% used [0x00000000fab00000,0x00000000fc886ff0,0x0000000100000000)
  to   space 87040K, 0% used [0x00000000f5600000,0x00000000f5600000,0x00000000fab00000)
 ParOldGen       total 1398272K, used 23975K [0x0000000080000000, 0x00000000d5580000, 0x00000000d5580000)
  object space 1398272K, 1% used [0x0000000080000000,0x0000000081769c00,0x00000000d5580000)
 Metaspace       used 57516K, capacity 58934K, committed 59028K, reserved 1101824K
  class space    used 6627K, capacity 6895K, committed 6912K, reserved 1048576K
}
Event: 12.686 GC heap before
{Heap before GC invocations=7 (full 3):
 PSYoungGen      total 611840K, used 30235K [0x00000000d5580000, 0x0000000100000000, 0x0000000100000000)
  eden space 524800K, 0% used [0x00000000d5580000,0x00000000d5580000,0x00000000f5600000)
  from space 87040K, 34% used [0x00000000fab00000,0x00000000fc886ff0,0x0000000100000000)
  to   space 87040K, 0% used [0x00000000f5600000,0x00000000f5600000,0x00000000fab00000)
 ParOldGen       total 1398272K, used 23975K [0x0000000080000000, 0x00000000d5580000, 0x00000000d5580000)
  object space 1398272K, 1% used [0x0000000080000000,0x0000000081769c00,0x00000000d5580000)
 Metaspace       used 57516K, capacity 58934K, committed 59028K, reserved 1101824K
  class space    used 6627K, capacity 6895K, committed 6912K, reserved 1048576K
Event: 13.026 GC heap after
Heap after GC invocations=7 (full 3):
 PSYoungGen      total 611840K, used 0K [0x00000000d5580000, 0x0000000100000000, 0x0000000100000000)
  eden space 524800K, 0% used [0x00000000d5580000,0x00000000d5580000,0x00000000f5600000)
  from space 87040K, 0% used [0x00000000fab00000,0x00000000fab00000,0x0000000100000000)
  to   space 87040K, 0% used [0x00000000f5600000,0x00000000f5600000,0x00000000fab00000)
 ParOldGen       total 1398272K, used 41485K [0x0000000080000000, 0x00000000d5580000, 0x00000000d5580000)
  object space 1398272K, 2% used [0x0000000080000000,0x00000000828837b8,0x00000000d5580000)
 Metaspace       used 57497K, capacity 58886K, committed 59028K, reserved 1101824K
  class space    used 6620K, capacity 6883K, committed 6912K, reserved 1048576K
}
Event: 19.515 GC heap before
{Heap before GC invocations=8 (full 3):
 PSYoungGen      total 611840K, used 353371K [0x00000000d5580000, 0x0000000100000000, 0x0000000100000000)
  eden space 524800K, 67% used [0x00000000d5580000,0x00000000eae96e78,0x00000000f5600000)
  from space 87040K, 0% used [0x00000000fab00000,0x00000000fab00000,0x0000000100000000)
  to   space 87040K, 0% used [0x00000000f5600000,0x00000000f5600000,0x00000000fab00000)
 ParOldGen       total 1398272K, used 41485K [0x0000000080000000, 0x00000000d5580000, 0x00000000d5580000)
  object space 1398272K, 2% used [0x0000000080000000,0x00000000828837b8,0x00000000d5580000)
 Metaspace       used 59950K, capacity 61950K, committed 62208K, reserved 1103872K
  class space    used 6950K, capacity 7313K, committed 7424K, reserved 1048576K
Event: 19.770 GC heap after
Heap after GC invocations=8 (full 3):
 PSYoungGen      total 535040K, used 10002K [0x00000000d5580000, 0x00000000fab80000, 0x0000000100000000)
  eden space 524800K, 0% used [0x00000000d5580000,0x00000000d5580000,0x00000000f5600000)
  from space 10240K, 97% used [0x00000000f5600000,0x00000000f5fc4928,0x00000000f6000000)
  to   space 30720K, 0% used [0x00000000f8d80000,0x00000000f8d80000,0x00000000fab80000)
 ParOldGen       total 1398272K, used 451085K [0x0000000080000000, 0x00000000d5580000, 0x00000000d5580000)
  object space 1398272K, 32% used [0x0000000080000000,0x000000009b8837d8,0x00000000d5580000)
 Metaspace       used 59950K, capacity 61950K, committed 62208K, reserved 1103872K
  class space    used 6950K, capacity 7313K, committed 7424K, reserved 1048576K
}
Event: 22.589 GC heap before
{Heap before GC invocations=9 (full 3):
 PSYoungGen      total 535040K, used 534802K [0x00000000d5580000, 0x00000000fab80000, 0x0000000100000000)
  eden space 524800K, 100% used [0x00000000d5580000,0x00000000f5600000,0x00000000f5600000)
  from space 10240K, 97% used [0x00000000f5600000,0x00000000f5fc4928,0x00000000f6000000)
  to   space 30720K, 0% used [0x00000000f8d80000,0x00000000f8d80000,0x00000000fab80000)
 ParOldGen       total 1398272K, used 758285K [0x0000000080000000, 0x00000000d5580000, 0x00000000d5580000)
  object space 1398272K, 54% used [0x0000000080000000,0x00000000ae4837e8,0x00000000d5580000)
 Metaspace       used 64911K, capacity 67618K, committed 67968K, reserved 1110016K
  class space    used 7443K, capacity 7937K, committed 8064K, reserved 1048576K
Event: 22.789 GC heap after
Heap after GC invocations=9 (full 3):
 PSYoungGen      total 388608K, used 30708K [0x00000000d5580000, 0x0000000100000000, 0x0000000100000000)
  eden space 357888K, 0% used [0x00000000d5580000,0x00000000d5580000,0x00000000eb300000)
  from space 30720K, 99% used [0x00000000f8d80000,0x00000000fab7d3c8,0x00000000fab80000)
  to   space 170496K, 0% used [0x00000000eb300000,0x00000000eb300000,0x00000000f5980000)
 ParOldGen       total 1398272K, used 996878K [0x0000000080000000, 0x00000000d5580000, 0x00000000d5580000)
  object space 1398272K, 71% used [0x0000000080000000,0x00000000bcd83958,0x00000000d5580000)
 Metaspace       used 64911K, capacity 67618K, committed 67968K, reserved 1110016K
  class space    used 7443K, capacity 7937K, committed 8064K, reserved 1048576K
}

