# JRE version: OpenJDK Runtime Environment (8.0_212-b04) (build 1.8.0_212-b04)
# Java VM: OpenJDK 64-Bit Server VM (25.212-b04 mixed mode linux-amd64 compressed oops)
Heap:
 PSYoungGen      total 611840K, used 143625K [0x00000000d5580000, 0x0000000100000000, 0x0000000100000000)
  eden space 524800K, 27% used [0x00000000d5580000,0x00000000de1c2458,0x00000000f5600000)
  from space 87040K, 0% used [0x00000000f5600000,0x00000000f5600000,0x00000000fab00000)
  to   space 87040K, 0% used [0x00000000fab00000,0x00000000fab00000,0x0000000100000000)
 ParOldGen       total 1398272K, used 38616K [0x0000000080000000, 0x00000000d5580000, 0x00000000d5580000)
  object space 1398272K, 2% used [0x0000000080000000,0x00000000825b6188,0x00000000d5580000)
 Metaspace       used 63177K, capacity 65208K, committed 65408K, reserved 1107968K
  class space    used 7353K, capacity 7720K, committed 7808K, reserved 1048576K
GC Heap History (10 events):
Event: 2.135 GC heap before
{Heap before GC invocations=2 (full 1):
 PSYoungGen      total 611840K, used 19105K [0x00000000d5580000, 0x0000000100000000, 0x0000000100000000)
  eden space 524800K, 0% used [0x00000000d5580000,0x00000000d5580000,0x00000000f5600000)
  from space 87040K, 21% used [0x00000000f5600000,0x00000000f68a8678,0x00000000fab00000)
  to   space 87040K, 0% used [0x00000000fab00000,0x00000000fab00000,0x0000000100000000)
 ParOldGen       total 1398272K, used 16K [0x0000000080000000, 0x00000000d5580000, 0x00000000d5580000)
  object space 1398272K, 0% used [0x0000000080000000,0x0000000080004000,0x00000000d5580000)
 Metaspace       used 20889K, capacity 21096K, committed 21248K, reserved 1069056K
  class space    used 2349K, capacity 2446K, committed 2560K, reserved 1048576K
Event: 2.225 GC heap after
Heap after GC invocations=2 (full 1):
 PSYoungGen      total 611840K, used 0K [0x00000000d5580000, 0x0000000100000000, 0x0000000100000000)
  eden space 524800K, 0% used [0x00000000d5580000,0x00000000d5580000,0x00000000f5600000)
  from space 87040K, 0% used [0x00000000f5600000,0x00000000f5600000,0x00000000fab00000)
  to   space 87040K, 0% used [0x00000000fab00000,0x00000000fab00000,0x0000000100000000)
 ParOldGen       total 825856K, used 18400K [0x0000000080000000, 0x00000000b2680000, 0x00000000d5580000)
  object space 825856K, 2% used [0x0000000080000000,0x00000000811f8278,0x00000000b2680000)
 Metaspace       used 20889K, capacity 21096K, committed 21248K, reserved 1069056K
  class space    used 2349K, capacity 2446K, committed 2560K, reserved 1048576K
}
Event: 4.639 GC heap before
{Heap before GC invocations=3 (full 1):
 PSYoungGen      total 611840K, used 419849K [0x00000000d5580000, 0x0000000100000000, 0x0000000100000000)
  eden space 524800K, 80% used [0x00000000d5580000,0x00000000eef82518,0x00000000f5600000)
  from space 87040K, 0% used [0x00000000f5600000,0x00000000f5600000,0x00000000fab00000)
  to   space 87040K, 0% used [0x00000000fab00000,0x00000000fab00000,0x0000000100000000)
 ParOldGen       total 825856K, used 18400K [0x0000000080000000, 0x00000000b2680000, 0x00000000d5580000)
  object space 825856K, 2% used [0x0000000080000000,0x00000000811f8278,0x00000000b2680000)
 Metaspace       used 34806K, capacity 35184K, committed 35416K, reserved 1081344K
  class space    used 3975K, capacity 4070K, committed 4096K, reserved 1048576K
Event: 4.669 GC heap after
Heap after GC invocations=3 (full 1):
 PSYoungGen      total 611840K, used 14602K [0x00000000d5580000, 0x0000000100000000, 0x0000000100000000)
  eden space 524800K, 0% used [0x00000000d5580000,0x00000000d5580000,0x00000000f5600000)
  from space 87040K, 16% used [0x00000000fab00000,0x00000000fb942a58,0x0000000100000000)
  to   space 87040K, 0% used [0x00000000f5600000,0x00000000f5600000,0x00000000fab00000)
 ParOldGen       total 825856K, used 18408K [0x0000000080000000, 0x00000000b2680000, 0x00000000d5580000)
  object space 825856K, 2% used [0x0000000080000000,0x00000000811fa278,0x00000000b2680000)
 Metaspace       used 34806K, capacity 35184K, committed 35416K, reserved 1081344K
  class space    used 3975K, capacity 4070K, committed 4096K, reserved 1048576K
}
Event: 4.669 GC heap before
{Heap before GC invocations=4 (full 2):
 PSYoungGen      total 611840K, used 14602K [0x00000000d5580000, 0x0000000100000000, 0x0000000100000000)
  eden space 524800K, 0% used [0x00000000d5580000,0x00000000d5580000,0x00000000f5600000)
  from space 87040K, 16% used [0x00000000fab00000,0x00000000fb942a58,0x0000000100000000)
  to   space 87040K, 0% used [0x00000000f5600000,0x00000000f5600000,0x00000000fab00000)
 ParOldGen       total 825856K, used 18408K [0x0000000080000000, 0x00000000b2680000, 0x00000000d5580000)
  object space 825856K, 2% used [0x0000000080000000,0x00000000811fa278,0x00000000b2680000)
 Metaspace       used 34806K, capacity 35184K, committed 35416K, reserved 1081344K
  class space    used 3975K, capacity 4070K, committed 4096K, reserved 1048576K
Event: 4.772 GC heap after
Heap after GC invocations=4 (full 2):
 PSYoungGen      total 611840K, used 0K [0x00000000d5580000, 0x0000000100000000, 0x0000000100000000)
  eden space 524800K, 0% used [0x00000000d5580000,0x00000000d5580000,0x00000000f5600000)
  from space 87040K, 0% used [0x00000000fab00000,0x00000000fab00000,0x0000000100000000)
  to   space 87040K, 0% used [0x00000000f5600000,0x00000000f5600000,0x00000000fab00000)
 ParOldGen       total 1341440K, used 22651K [0x0000000080000000, 0x00000000d1e00000, 0x00000000d5580000)
  object space 1341440K, 1% used [0x0000000080000000,0x000000008161ece0,0x00000000d1e00000)
 Metaspace       used 34806K, capacity 35184K, committed 35416K, reserved 1081344K
  class space    used 3975K, capacity 4070K, committed 4096K, reserved 1048576K
}
Event: 11.135 GC heap before
{Heap before GC invocations=5 (full 2):
 PSYoungGen      total 611840K, used 357791K [0x00000000d5580000, 0x0000000100000000, 0x0000000100000000)
  eden space 524800K, 68% used [0x00000000d5580000,0x00000000eb2e7c80,0x00000000f5600000)
  from space 87040K, 0% used [0x00000000fab00000,0x00000000fab00000,0x0000000100000000)
  to   space 87040K, 0% used [0x00000000f5600000,0x00000000f5600000,0x00000000fab00000)
 ParOldGen       total 1341440K, used 22651K [0x0000000080000000, 0x00000000d1e00000, 0x00000000d5580000)
  object space 1341440K, 1% used [0x0000000080000000,0x000000008161ece0,0x00000000d1e00000)
 Metaspace       used 57488K, capacity 58840K, committed 59008K, reserved 1101824K
  class space    used 6737K, capacity 6990K, committed 7040K, reserved 1048576K
Event: 11.235 GC heap after
Heap after GC invocations=5 (full 2):
 PSYoungGen      total 611840K, used 27111K [0x00000000d5580000, 0x0000000100000000, 0x0000000100000000)
  eden space 524800K, 0% used [0x00000000d5580000,0x00000000d5580000,0x00000000f5600000)
  from space 87040K, 31% used [0x00000000f5600000,0x00000000f7079c00,0x00000000fab00000)
  to   space 87040K, 0% used [0x00000000fab00000,0x00000000fab00000,0x0000000100000000)
 ParOldGen       total 1341440K, used 22659K [0x0000000080000000, 0x00000000d1e00000, 0x00000000d5580000)
  object space 1341440K, 1% used [0x0000000080000000,0x0000000081620ce0,0x00000000d1e00000)
 Metaspace       used 57488K, capacity 58840K, committed 59008K, reserved 1101824K
  class space    used 6737K, capacity 6990K, committed 7040K, reserved 1048576K
}
Event: 11.235 GC heap before
{Heap before GC invocations=6 (full 3):
 PSYoungGen      total 611840K, used 27111K [0x00000000d5580000, 0x0000000100000000, 0x0000000100000000)
  eden space 524800K, 0% used [0x00000000d5580000,0x00000000d5580000,0x00000000f5600000)
  from space 87040K, 31% used [0x00000000f5600000,0x00000000f7079c00,0x00000000fab00000)
  to   space 87040K, 0% used [0x00000000fab00000,0x00000000fab00000,0x0000000100000000)
 ParOldGen       total 1341440K, used 22659K [0x0000000080000000, 0x00000000d1e00000, 0x00000000d5580000)
  object space 1341440K, 1% used [0x0000000080000000,0x0000000081620ce0,0x00000000d1e00000)
 Metaspace       used 57488K, capacity 58840K, committed 59008K, reserved 1101824K
  class space    used 6737K, capacity 6990K, committed 7040K, reserved 1048576K
Event: 11.497 GC heap after
Heap after GC invocations=6 (full 3):
 PSYoungGen      total 611840K, used 0K [0x00000000d5580000, 0x0000000100000000, 0x0000000100000000)
  eden space 524800K, 0% used [0x00000000d5580000,0x00000000d5580000,0x00000000f5600000)
  from space 87040K, 0% used [0x00000000f5600000,0x00000000f5600000,0x00000000fab00000)
  to   space 87040K, 0% used [0x00000000fab00000,0x00000000fab00000,0x0000000100000000)
 ParOldGen       total 1398272K, used 38616K [0x0000000080000000, 0x00000000d5580000, 0x00000000d5580000)
  object space 1398272K, 2% used [0x0000000080000000,0x00000000825b6188,0x00000000d5580000)
 Metaspace       used 57482K, capacity 58826K, committed 59008K, reserved 1101824K
  class space    used 6735K, capacity 6985K, committed 7040K, reserved 1048576K
}

