# JRE version: OpenJDK Runtime Environment (8.0_212-b04) (build 1.8.0_212-b04)
# Java VM: OpenJDK 64-Bit Server VM (25.212-b04 mixed mode linux-amd64 compressed oops)
Heap:
 PSYoungGen      total 611840K, used 132525K [0x00000000d5580000, 0x0000000100000000, 0x0000000100000000)
  eden space 524800K, 16% used [0x00000000d5580000,0x00000000dac91f00,0x00000000f5600000)
  from space 87040K, 49% used [0x00000000fab00000,0x00000000fd5595d0,0x0000000100000000)
  to   space 87040K, 0% used [0x00000000f5600000,0x00000000f5600000,0x00000000fab00000)
 ParOldGen       total 1398272K, used 44348K [0x0000000080000000, 0x00000000d5580000, 0x00000000d5580000)
  object space 1398272K, 3% used [0x0000000080000000,0x0000000082b4f280,0x00000000d5580000)
 Metaspace       used 67327K, capacity 70210K, committed 70400K, reserved 1112064K
  class space    used 7640K, capacity 8151K, committed 8192K, reserved 1048576K
GC Heap History (10 events):
Event: 5.083 GC heap before
{Heap before GC invocations=3 (full 1):
 PSYoungGen      total 611840K, used 434996K [0x00000000d5580000, 0x0000000100000000, 0x0000000100000000)
  eden space 524800K, 82% used [0x00000000d5580000,0x00000000efe4d010,0x00000000f5600000)
  from space 87040K, 0% used [0x00000000f5600000,0x00000000f5600000,0x00000000fab00000)
  to   space 87040K, 0% used [0x00000000fab00000,0x00000000fab00000,0x0000000100000000)
 ParOldGen       total 866304K, used 13721K [0x0000000080000000, 0x00000000b4e00000, 0x00000000d5580000)
  object space 866304K, 1% used [0x0000000080000000,0x0000000080d66660,0x00000000b4e00000)
 Metaspace       used 34787K, capacity 35188K, committed 35416K, reserved 1081344K
  class space    used 3970K, capacity 4092K, committed 4096K, reserved 1048576K
Event: 5.120 GC heap after
Heap after GC invocations=3 (full 1):
 PSYoungGen      total 611840K, used 19193K [0x00000000d5580000, 0x0000000100000000, 0x0000000100000000)
  eden space 524800K, 0% used [0x00000000d5580000,0x00000000d5580000,0x00000000f5600000)
  from space 87040K, 22% used [0x00000000fab00000,0x00000000fbdbe640,0x0000000100000000)
  to   space 87040K, 0% used [0x00000000f5600000,0x00000000f5600000,0x00000000fab00000)
 ParOldGen       total 866304K, used 13721K [0x0000000080000000, 0x00000000b4e00000, 0x00000000d5580000)
  object space 866304K, 1% used [0x0000000080000000,0x0000000080d66660,0x00000000b4e00000)
 Metaspace       used 34787K, capacity 35188K, committed 35416K, reserved 1081344K
  class space    used 3970K, capacity 4092K, committed 4096K, reserved 1048576K
}
Event: 5.120 GC heap before
{Heap before GC invocations=4 (full 2):
 PSYoungGen      total 611840K, used 19193K [0x00000000d5580000, 0x0000000100000000, 0x0000000100000000)
  eden space 524800K, 0% used [0x00000000d5580000,0x00000000d5580000,0x00000000f5600000)
  from space 87040K, 22% used [0x00000000fab00000,0x00000000fbdbe640,0x0000000100000000)
  to   space 87040K, 0% used [0x00000000f5600000,0x00000000f5600000,0x00000000fab00000)
 ParOldGen       total 866304K, used 13721K [0x0000000080000000, 0x00000000b4e00000, 0x00000000d5580000)
  object space 866304K, 1% used [0x0000000080000000,0x0000000080d66660,0x00000000b4e00000)
 Metaspace       used 34787K, capacity 35188K, committed 35416K, reserved 1081344K
  class space    used 3970K, capacity 4092K, committed 4096K, reserved 1048576K
Event: 5.215 GC heap after
Heap after GC invocations=4 (full 2):
 PSYoungGen      total 611840K, used 0K [0x00000000d5580000, 0x0000000100000000, 0x0000000100000000)
  eden space 524800K, 0% used [0x00000000d5580000,0x00000000d5580000,0x00000000f5600000)
  from space 87040K, 0% used [0x00000000fab00000,0x00000000fab00000,0x0000000100000000)
  to   space 87040K, 0% used [0x00000000f5600000,0x00000000f5600000,0x00000000fab00000)
 ParOldGen       total 1398272K, used 23545K [0x0000000080000000, 0x00000000d5580000, 0x00000000d5580000)
  object space 1398272K, 1% used [0x0000000080000000,0x00000000816fe4f8,0x00000000d5580000)
 Metaspace       used 34787K, capacity 35188K, committed 35416K, reserved 1081344K
  class space    used 3970K, capacity 4092K, committed 4096K, reserved 1048576K
}
Event: 12.317 GC heap before
{Heap before GC invocations=5 (full 2):
 PSYoungGen      total 611840K, used 510612K [0x00000000d5580000, 0x0000000100000000, 0x0000000100000000)
  eden space 524800K, 97% used [0x00000000d5580000,0x00000000f48250e8,0x00000000f5600000)
  from space 87040K, 0% used [0x00000000fab00000,0x00000000fab00000,0x0000000100000000)
  to   space 87040K, 0% used [0x00000000f5600000,0x00000000f5600000,0x00000000fab00000)
 ParOldGen       total 1398272K, used 23545K [0x0000000080000000, 0x00000000d5580000, 0x00000000d5580000)
  object space 1398272K, 1% used [0x0000000080000000,0x00000000816fe4f8,0x00000000d5580000)
 Metaspace       used 57465K, capacity 58922K, committed 59028K, reserved 1101824K
  class space    used 6638K, capacity 6909K, committed 6912K, reserved 1048576K
Event: 12.394 GC heap after
Heap after GC invocations=5 (full 2):
 PSYoungGen      total 611840K, used 33844K [0x00000000d5580000, 0x0000000100000000, 0x0000000100000000)
  eden space 524800K, 0% used [0x00000000d5580000,0x00000000d5580000,0x00000000f5600000)
  from space 87040K, 38% used [0x00000000f5600000,0x00000000f770d010,0x00000000fab00000)
  to   space 87040K, 0% used [0x00000000fab00000,0x00000000fab00000,0x0000000100000000)
 ParOldGen       total 1398272K, used 23553K [0x0000000080000000, 0x00000000d5580000, 0x00000000d5580000)
  object space 1398272K, 1% used [0x0000000080000000,0x00000000817004f8,0x00000000d5580000)
 Metaspace       used 57465K, capacity 58922K, committed 59028K, reserved 1101824K
  class space    used 6638K, capacity 6909K, committed 6912K, reserved 1048576K
}
Event: 12.394 GC heap before
{Heap before GC invocations=6 (full 3):
 PSYoungGen      total 611840K, used 33844K [0x00000000d5580000, 0x0000000100000000, 0x0000000100000000)
  eden space 524800K, 0% used [0x00000000d5580000,0x00000000d5580000,0x00000000f5600000)
  from space 87040K, 38% used [0x00000000f5600000,0x00000000f770d010,0x00000000fab00000)
  to   space 87040K, 0% used [0x00000000fab00000,0x00000000fab00000,0x0000000100000000)
 ParOldGen       total 1398272K, used 23553K [0x0000000080000000, 0x00000000d5580000, 0x00000000d5580000)
  object space 1398272K, 1% used [0x0000000080000000,0x00000000817004f8,0x00000000d5580000)
 Metaspace       used 57465K, capacity 58922K, committed 59028K, reserved 1101824K
  class space    used 6638K, capacity 6909K, committed 6912K, reserved 1048576K
Event: 12.641 GC heap after
Heap after GC invocations=6 (full 3):
 PSYoungGen      total 611840K, used 0K [0x00000000d5580000, 0x0000000100000000, 0x0000000100000000)
  eden space 524800K, 0% used [0x00000000d5580000,0x00000000d5580000,0x00000000f5600000)
  from space 87040K, 0% used [0x00000000f5600000,0x00000000f5600000,0x00000000fab00000)
  to   space 87040K, 0% used [0x00000000fab00000,0x00000000fab00000,0x0000000100000000)
 ParOldGen       total 1398272K, used 44340K [0x0000000080000000, 0x00000000d5580000, 0x00000000d5580000)
  object space 1398272K, 3% used [0x0000000080000000,0x0000000082b4d280,0x00000000d5580000)
 Metaspace       used 57417K, capacity 58806K, committed 59028K, reserved 1101824K
  class space    used 6622K, capacity 6881K, committed 6912K, reserved 1048576K
}
Event: 56.934 GC heap before
{Heap before GC invocations=7 (full 3):
 PSYoungGen      total 611840K, used 524800K [0x00000000d5580000, 0x0000000100000000, 0x0000000100000000)
  eden space 524800K, 100% used [0x00000000d5580000,0x00000000f5600000,0x00000000f5600000)
  from space 87040K, 0% used [0x00000000f5600000,0x00000000f5600000,0x00000000fab00000)
  to   space 87040K, 0% used [0x00000000fab00000,0x00000000fab00000,0x0000000100000000)
 ParOldGen       total 1398272K, used 44340K [0x0000000080000000, 0x00000000d5580000, 0x00000000d5580000)
  object space 1398272K, 3% used [0x0000000080000000,0x0000000082b4d280,0x00000000d5580000)
 Metaspace       used 66902K, capacity 69720K, committed 69888K, reserved 1112064K
  class space    used 7631K, capacity 8134K, committed 8192K, reserved 1048576K
Event: 57.051 GC heap after
Heap after GC invocations=7 (full 3):
 PSYoungGen      total 611840K, used 43365K [0x00000000d5580000, 0x0000000100000000, 0x0000000100000000)
  eden space 524800K, 0% used [0x00000000d5580000,0x00000000d5580000,0x00000000f5600000)
  from space 87040K, 49% used [0x00000000fab00000,0x00000000fd5595d0,0x0000000100000000)
  to   space 87040K, 0% used [0x00000000f5600000,0x00000000f5600000,0x00000000fab00000)
 ParOldGen       total 1398272K, used 44348K [0x0000000080000000, 0x00000000d5580000, 0x00000000d5580000)
  object space 1398272K, 3% used [0x0000000080000000,0x0000000082b4f280,0x00000000d5580000)
 Metaspace       used 66902K, capacity 69720K, committed 69888K, reserved 1112064K
  class space    used 7631K, capacity 8134K, committed 8192K, reserved 1048576K
}

