# JRE version: OpenJDK Runtime Environment (8.0_212-b04) (build 1.8.0_212-b04)
# Java VM: OpenJDK 64-Bit Server VM (25.212-b04 mixed mode linux-amd64 compressed oops)
Heap:
 PSYoungGen      total 489984K, used 309575K [0x00000000d5580000, 0x00000000ffa80000, 0x0000000100000000)
  eden space 408576K, 55% used [0x00000000d5580000,0x00000000e3473f90,0x00000000ee480000)
  from space 81408K, 99% used [0x00000000ee900000,0x00000000f385df88,0x00000000f3880000)
  to   space 142336K, 0% used [0x00000000f6f80000,0x00000000f6f80000,0x00000000ffa80000)
 ParOldGen       total 1398272K, used 118330K [0x0000000080000000, 0x00000000d5580000, 0x00000000d5580000)
  object space 1398272K, 8% used [0x0000000080000000,0x000000008738e850,0x00000000d5580000)
 Metaspace       used 72746K, capacity 76540K, committed 76800K, reserved 1118208K
  class space    used 7917K, capacity 8582K, committed 8704K, reserved 1048576K
GC Heap History (10 events):
Event: 12.332 GC heap before
{Heap before GC invocations=6 (full 3):
 PSYoungGen      total 611840K, used 33831K [0x00000000d5580000, 0x0000000100000000, 0x0000000100000000)
  eden space 524800K, 0% used [0x00000000d5580000,0x00000000d5580000,0x00000000f5600000)
  from space 87040K, 38% used [0x00000000f5600000,0x00000000f7709fb0,0x00000000fab00000)
  to   space 87040K, 0% used [0x00000000fab00000,0x00000000fab00000,0x0000000100000000)
 ParOldGen       total 1398272K, used 23578K [0x0000000080000000, 0x00000000d5580000, 0x00000000d5580000)
  object space 1398272K, 1% used [0x0000000080000000,0x0000000081706b38,0x00000000d5580000)
 Metaspace       used 57456K, capacity 58904K, committed 59028K, reserved 1101824K
  class space    used 6637K, capacity 6904K, committed 6912K, reserved 1048576K
Event: 12.636 GC heap after
Heap after GC invocations=6 (full 3):
 PSYoungGen      total 611840K, used 0K [0x00000000d5580000, 0x0000000100000000, 0x0000000100000000)
  eden space 524800K, 0% used [0x00000000d5580000,0x00000000d5580000,0x00000000f5600000)
  from space 87040K, 0% used [0x00000000f5600000,0x00000000f5600000,0x00000000fab00000)
  to   space 87040K, 0% used [0x00000000fab00000,0x00000000fab00000,0x0000000100000000)
 ParOldGen       total 1398272K, used 44348K [0x0000000080000000, 0x00000000d5580000, 0x00000000d5580000)
  object space 1398272K, 3% used [0x0000000080000000,0x0000000082b4f128,0x00000000d5580000)
 Metaspace       used 57417K, capacity 58806K, committed 59028K, reserved 1101824K
  class space    used 6623K, capacity 6881K, committed 6912K, reserved 1048576K
}
Event: 54.052 GC heap before
{Heap before GC invocations=7 (full 3):
 PSYoungGen      total 611840K, used 524800K [0x00000000d5580000, 0x0000000100000000, 0x0000000100000000)
  eden space 524800K, 100% used [0x00000000d5580000,0x00000000f5600000,0x00000000f5600000)
  from space 87040K, 0% used [0x00000000f5600000,0x00000000f5600000,0x00000000fab00000)
  to   space 87040K, 0% used [0x00000000fab00000,0x00000000fab00000,0x0000000100000000)
 ParOldGen       total 1398272K, used 44348K [0x0000000080000000, 0x00000000d5580000, 0x00000000d5580000)
  object space 1398272K, 3% used [0x0000000080000000,0x0000000082b4f128,0x00000000d5580000)
 Metaspace       used 67286K, capacity 70290K, committed 70528K, reserved 1112064K
  class space    used 7689K, capacity 8205K, committed 8320K, reserved 1048576K
Event: 54.171 GC heap after
Heap after GC invocations=7 (full 3):
 PSYoungGen      total 611840K, used 43919K [0x00000000d5580000, 0x0000000100000000, 0x0000000100000000)
  eden space 524800K, 0% used [0x00000000d5580000,0x00000000d5580000,0x00000000f5600000)
  from space 87040K, 50% used [0x00000000fab00000,0x00000000fd5e3de0,0x0000000100000000)
  to   space 87040K, 0% used [0x00000000f5600000,0x00000000f5600000,0x00000000fab00000)
 ParOldGen       total 1398272K, used 44356K [0x0000000080000000, 0x00000000d5580000, 0x00000000d5580000)
  object space 1398272K, 3% used [0x0000000080000000,0x0000000082b51128,0x00000000d5580000)
 Metaspace       used 67286K, capacity 70290K, committed 70528K, reserved 1112064K
  class space    used 7689K, capacity 8205K, committed 8320K, reserved 1048576K
}
Event: 407.556 GC heap before
{Heap before GC invocations=8 (full 3):
 PSYoungGen      total 611840K, used 568719K [0x00000000d5580000, 0x0000000100000000, 0x0000000100000000)
  eden space 524800K, 100% used [0x00000000d5580000,0x00000000f5600000,0x00000000f5600000)
  from space 87040K, 50% used [0x00000000fab00000,0x00000000fd5e3de0,0x0000000100000000)
  to   space 87040K, 0% used [0x00000000f5600000,0x00000000f5600000,0x00000000fab00000)
 ParOldGen       total 1398272K, used 44356K [0x0000000080000000, 0x00000000d5580000, 0x00000000d5580000)
  object space 1398272K, 3% used [0x0000000080000000,0x0000000082b51128,0x00000000d5580000)
 Metaspace       used 70475K, capacity 73772K, committed 73984K, reserved 1114112K
  class space    used 7817K, capacity 8392K, committed 8448K, reserved 1048576K
Event: 407.906 GC heap after
Heap after GC invocations=8 (full 3):
 PSYoungGen      total 611840K, used 87013K [0x00000000d5580000, 0x0000000100000000, 0x0000000100000000)
  eden space 524800K, 0% used [0x00000000d5580000,0x00000000d5580000,0x00000000f5600000)
  from space 87040K, 99% used [0x00000000f5600000,0x00000000faaf9788,0x00000000fab00000)
  to   space 87040K, 0% used [0x00000000fab00000,0x00000000fab00000,0x0000000100000000)
 ParOldGen       total 1398272K, used 102937K [0x0000000080000000, 0x00000000d5580000, 0x00000000d5580000)
  object space 1398272K, 7% used [0x0000000080000000,0x0000000086486790,0x00000000d5580000)
 Metaspace       used 70475K, capacity 73772K, committed 73984K, reserved 1114112K
  class space    used 7817K, capacity 8392K, committed 8448K, reserved 1048576K
}
Event: 577.948 GC heap before
{Heap before GC invocations=9 (full 3):
 PSYoungGen      total 611840K, used 611813K [0x00000000d5580000, 0x0000000100000000, 0x0000000100000000)
  eden space 524800K, 100% used [0x00000000d5580000,0x00000000f5600000,0x00000000f5600000)
  from space 87040K, 99% used [0x00000000f5600000,0x00000000faaf9788,0x00000000fab00000)
  to   space 87040K, 0% used [0x00000000fab00000,0x00000000fab00000,0x0000000100000000)
 ParOldGen       total 1398272K, used 102937K [0x0000000080000000, 0x00000000d5580000, 0x00000000d5580000)
  object space 1398272K, 7% used [0x0000000080000000,0x0000000086486790,0x00000000d5580000)
 Metaspace       used 71763K, capacity 75384K, committed 75648K, reserved 1116160K
  class space    used 7880K, capacity 8524K, committed 8576K, reserved 1048576K
Event: 578.172 GC heap after
Heap after GC invocations=9 (full 3):
 PSYoungGen      total 500224K, used 87032K [0x00000000d5580000, 0x0000000100000000, 0x0000000100000000)
  eden space 413184K, 0% used [0x00000000d5580000,0x00000000d5580000,0x00000000ee900000)
  from space 87040K, 99% used [0x00000000fab00000,0x00000000ffffe1e8,0x0000000100000000)
  to   space 142848K, 0% used [0x00000000ee900000,0x00000000ee900000,0x00000000f7480000)
 ParOldGen       total 1398272K, used 118322K [0x0000000080000000, 0x00000000d5580000, 0x00000000d5580000)
  object space 1398272K, 8% used [0x0000000080000000,0x000000008738c850,0x00000000d5580000)
 Metaspace       used 71763K, capacity 75384K, committed 75648K, reserved 1116160K
  class space    used 7880K, capacity 8524K, committed 8576K, reserved 1048576K
}
Event: 636.000 GC heap before
{Heap before GC invocations=10 (full 3):
 PSYoungGen      total 500224K, used 500216K [0x00000000d5580000, 0x0000000100000000, 0x0000000100000000)
  eden space 413184K, 100% used [0x00000000d5580000,0x00000000ee900000,0x00000000ee900000)
  from space 87040K, 99% used [0x00000000fab00000,0x00000000ffffe1e8,0x0000000100000000)
  to   space 142848K, 0% used [0x00000000ee900000,0x00000000ee900000,0x00000000f7480000)
 ParOldGen       total 1398272K, used 118322K [0x0000000080000000, 0x00000000d5580000, 0x00000000d5580000)
  object space 1398272K, 8% used [0x0000000080000000,0x000000008738c850,0x00000000d5580000)
 Metaspace       used 72439K, capacity 76218K, committed 76416K, reserved 1118208K
  class space    used 7906K, capacity 8571K, committed 8576K, reserved 1048576K
Event: 636.196 GC heap after
Heap after GC invocations=10 (full 3):
 PSYoungGen      total 489984K, used 81271K [0x00000000d5580000, 0x00000000ffa80000, 0x0000000100000000)
  eden space 408576K, 0% used [0x00000000d5580000,0x00000000d5580000,0x00000000ee480000)
  from space 81408K, 99% used [0x00000000ee900000,0x00000000f385df88,0x00000000f3880000)
  to   space 142336K, 0% used [0x00000000f6f80000,0x00000000f6f80000,0x00000000ffa80000)
 ParOldGen       total 1398272K, used 118330K [0x0000000080000000, 0x00000000d5580000, 0x00000000d5580000)
  object space 1398272K, 8% used [0x0000000080000000,0x000000008738e850,0x00000000d5580000)
 Metaspace       used 72439K, capacity 76218K, committed 76416K, reserved 1118208K
  class space    used 7906K, capacity 8571K, committed 8576K, reserved 1048576K
}

