# JRE version: OpenJDK Runtime Environment (8.0_212-b04) (build 1.8.0_212-b04)
# Java VM: OpenJDK 64-Bit Server VM (25.212-b04 mixed mode linux-amd64 compressed oops)
Heap:
 PSYoungGen      total 611840K, used 221446K [0x00000000d5580000, 0x0000000100000000, 0x0000000100000000)
  eden space 524800K, 42% used [0x00000000d5580000,0x00000000e2dc1af8,0x00000000f5600000)
  from space 87040K, 0% used [0x00000000fab00000,0x00000000fab00000,0x0000000100000000)
  to   space 87040K, 0% used [0x00000000f5600000,0x00000000f5600000,0x00000000fab00000)
 ParOldGen       total 1398272K, used 29599K [0x0000000080000000, 0x00000000d5580000, 0x00000000d5580000)
  object space 1398272K, 2% used [0x0000000080000000,0x0000000081ce7e38,0x00000000d5580000)
 Metaspace       used 64817K, capacity 67402K, committed 67712K, reserved 1110016K
  class space    used 7511K, capacity 7981K, committed 8064K, reserved 1048576K
GC Heap History (10 events):
Event: 5.326 GC heap before
{Heap before GC invocations=3 (full 1):
 PSYoungGen      total 611840K, used 459468K [0x00000000d5580000, 0x0000000100000000, 0x0000000100000000)
  eden space 524800K, 87% used [0x00000000d5580000,0x00000000f16331d0,0x00000000f5600000)
  from space 87040K, 0% used [0x00000000f5600000,0x00000000f5600000,0x00000000fab00000)
  to   space 87040K, 0% used [0x00000000fab00000,0x00000000fab00000,0x0000000100000000)
 ParOldGen       total 884224K, used 14296K [0x0000000080000000, 0x00000000b5f80000, 0x00000000d5580000)
  object space 884224K, 1% used [0x0000000080000000,0x0000000080df6280,0x00000000b5f80000)
 Metaspace       used 34651K, capacity 35028K, committed 35416K, reserved 1081344K
  class space    used 3948K, capacity 4060K, committed 4096K, reserved 1048576K
Event: 5.365 GC heap after
Heap after GC invocations=3 (full 1):
 PSYoungGen      total 611840K, used 19013K [0x00000000d5580000, 0x0000000100000000, 0x0000000100000000)
  eden space 524800K, 0% used [0x00000000d5580000,0x00000000d5580000,0x00000000f5600000)
  from space 87040K, 21% used [0x00000000fab00000,0x00000000fbd91588,0x0000000100000000)
  to   space 87040K, 0% used [0x00000000f5600000,0x00000000f5600000,0x00000000fab00000)
 ParOldGen       total 884224K, used 14304K [0x0000000080000000, 0x00000000b5f80000, 0x00000000d5580000)
  object space 884224K, 1% used [0x0000000080000000,0x0000000080df8280,0x00000000b5f80000)
 Metaspace       used 34651K, capacity 35028K, committed 35416K, reserved 1081344K
  class space    used 3948K, capacity 4060K, committed 4096K, reserved 1048576K
}
Event: 5.365 GC heap before
{Heap before GC invocations=4 (full 2):
 PSYoungGen      total 611840K, used 19013K [0x00000000d5580000, 0x0000000100000000, 0x0000000100000000)
  eden space 524800K, 0% used [0x00000000d5580000,0x00000000d5580000,0x00000000f5600000)
  from space 87040K, 21% used [0x00000000fab00000,0x00000000fbd91588,0x0000000100000000)
  to   space 87040K, 0% used [0x00000000f5600000,0x00000000f5600000,0x00000000fab00000)
 ParOldGen       total 884224K, used 14304K [0x0000000080000000, 0x00000000b5f80000, 0x00000000d5580000)
  object space 884224K, 1% used [0x0000000080000000,0x0000000080df8280,0x00000000b5f80000)
 Metaspace       used 34651K, capacity 35028K, committed 35416K, reserved 1081344K
  class space    used 3948K, capacity 4060K, committed 4096K, reserved 1048576K
Event: 5.499 GC heap after
Heap after GC invocations=4 (full 2):
 PSYoungGen      total 611840K, used 0K [0x00000000d5580000, 0x0000000100000000, 0x0000000100000000)
  eden space 524800K, 0% used [0x00000000d5580000,0x00000000d5580000,0x00000000f5600000)
  from space 87040K, 0% used [0x00000000fab00000,0x00000000fab00000,0x0000000100000000)
  to   space 87040K, 0% used [0x00000000f5600000,0x00000000f5600000,0x00000000fab00000)
 ParOldGen       total 1398272K, used 23534K [0x0000000080000000, 0x00000000d5580000, 0x00000000d5580000)
  object space 1398272K, 1% used [0x0000000080000000,0x00000000816fb948,0x00000000d5580000)
 Metaspace       used 34651K, capacity 35028K, committed 35416K, reserved 1081344K
  class space    used 3948K, capacity 4060K, committed 4096K, reserved 1048576K
}
Event: 11.658 GC heap before
{Heap before GC invocations=5 (full 2):
 PSYoungGen      total 611840K, used 524800K [0x00000000d5580000, 0x0000000100000000, 0x0000000100000000)
  eden space 524800K, 100% used [0x00000000d5580000,0x00000000f5600000,0x00000000f5600000)
  from space 87040K, 0% used [0x00000000fab00000,0x00000000fab00000,0x0000000100000000)
  to   space 87040K, 0% used [0x00000000f5600000,0x00000000f5600000,0x00000000fab00000)
 ParOldGen       total 1398272K, used 23534K [0x0000000080000000, 0x00000000d5580000, 0x00000000d5580000)
  object space 1398272K, 1% used [0x0000000080000000,0x00000000816fb948,0x00000000d5580000)
 Metaspace       used 51368K, capacity 52708K, committed 52992K, reserved 1095680K
  class space    used 6066K, capacity 6304K, committed 6400K, reserved 1048576K
Event: 11.707 GC heap after
Heap after GC invocations=5 (full 2):
 PSYoungGen      total 611840K, used 23201K [0x00000000d5580000, 0x0000000100000000, 0x0000000100000000)
  eden space 524800K, 0% used [0x00000000d5580000,0x00000000d5580000,0x00000000f5600000)
  from space 87040K, 26% used [0x00000000f5600000,0x00000000f6ca8488,0x00000000fab00000)
  to   space 87040K, 0% used [0x00000000fab00000,0x00000000fab00000,0x0000000100000000)
 ParOldGen       total 1398272K, used 23542K [0x0000000080000000, 0x00000000d5580000, 0x00000000d5580000)
  object space 1398272K, 1% used [0x0000000080000000,0x00000000816fd948,0x00000000d5580000)
 Metaspace       used 51368K, capacity 52708K, committed 52992K, reserved 1095680K
  class space    used 6066K, capacity 6304K, committed 6400K, reserved 1048576K
}
Event: 12.649 GC heap before
{Heap before GC invocations=6 (full 2):
 PSYoungGen      total 611840K, used 203828K [0x00000000d5580000, 0x0000000100000000, 0x0000000100000000)
  eden space 524800K, 34% used [0x00000000d5580000,0x00000000e05e4e28,0x00000000f5600000)
  from space 87040K, 26% used [0x00000000f5600000,0x00000000f6ca8488,0x00000000fab00000)
  to   space 87040K, 0% used [0x00000000fab00000,0x00000000fab00000,0x0000000100000000)
 ParOldGen       total 1398272K, used 23542K [0x0000000080000000, 0x00000000d5580000, 0x00000000d5580000)
  object space 1398272K, 1% used [0x0000000080000000,0x00000000816fd948,0x00000000d5580000)
 Metaspace       used 57405K, capacity 58816K, committed 59008K, reserved 1101824K
  class space    used 6641K, capacity 6924K, committed 7040K, reserved 1048576K
Event: 12.673 GC heap after
Heap after GC invocations=6 (full 2):
 PSYoungGen      total 611840K, used 17994K [0x00000000d5580000, 0x0000000100000000, 0x0000000100000000)
  eden space 524800K, 0% used [0x00000000d5580000,0x00000000d5580000,0x00000000f5600000)
  from space 87040K, 20% used [0x00000000fab00000,0x00000000fbc92890,0x0000000100000000)
  to   space 87040K, 0% used [0x00000000f5600000,0x00000000f5600000,0x00000000fab00000)
 ParOldGen       total 1398272K, used 23550K [0x0000000080000000, 0x00000000d5580000, 0x00000000d5580000)
  object space 1398272K, 1% used [0x0000000080000000,0x00000000816ff948,0x00000000d5580000)
 Metaspace       used 57405K, capacity 58816K, committed 59008K, reserved 1101824K
  class space    used 6641K, capacity 6924K, committed 7040K, reserved 1048576K
}
Event: 12.673 GC heap before
{Heap before GC invocations=7 (full 3):
 PSYoungGen      total 611840K, used 17994K [0x00000000d5580000, 0x0000000100000000, 0x0000000100000000)
  eden space 524800K, 0% used [0x00000000d5580000,0x00000000d5580000,0x00000000f5600000)
  from space 87040K, 20% used [0x00000000fab00000,0x00000000fbc92890,0x0000000100000000)
  to   space 87040K, 0% used [0x00000000f5600000,0x00000000f5600000,0x00000000fab00000)
 ParOldGen       total 1398272K, used 23550K [0x0000000080000000, 0x00000000d5580000, 0x00000000d5580000)
  object space 1398272K, 1% used [0x0000000080000000,0x00000000816ff948,0x00000000d5580000)
 Metaspace       used 57405K, capacity 58816K, committed 59008K, reserved 1101824K
  class space    used 6641K, capacity 6924K, committed 7040K, reserved 1048576K
Event: 12.874 GC heap after
Heap after GC invocations=7 (full 3):
 PSYoungGen      total 611840K, used 0K [0x00000000d5580000, 0x0000000100000000, 0x0000000100000000)
  eden space 524800K, 0% used [0x00000000d5580000,0x00000000d5580000,0x00000000f5600000)
  from space 87040K, 0% used [0x00000000fab00000,0x00000000fab00000,0x0000000100000000)
  to   space 87040K, 0% used [0x00000000f5600000,0x00000000f5600000,0x00000000fab00000)
 ParOldGen       total 1398272K, used 29599K [0x0000000080000000, 0x00000000d5580000, 0x00000000d5580000)
  object space 1398272K, 2% used [0x0000000080000000,0x0000000081ce7e38,0x00000000d5580000)
 Metaspace       used 57383K, capacity 58762K, committed 59008K, reserved 1101824K
  class space    used 6633K, capacity 6911K, committed 7040K, reserved 1048576K
}

