# JRE version: OpenJDK Runtime Environment (8.0_212-b04) (build 1.8.0_212-b04)
# Java VM: OpenJDK 64-Bit Server VM (25.212-b04 mixed mode linux-amd64 compressed oops)
Heap:
 PSYoungGen      total 611840K, used 293008K [0x00000000d5580000, 0x0000000100000000, 0x0000000100000000)
  eden space 524800K, 44% used [0x00000000d5580000,0x00000000e3a4eae8,0x00000000f5600000)
  from space 87040K, 67% used [0x00000000fab00000,0x00000000fe4555f8,0x0000000100000000)
  to   space 87040K, 0% used [0x00000000f5600000,0x00000000f5600000,0x00000000fab00000)
 ParOldGen       total 1398272K, used 44385K [0x0000000080000000, 0x00000000d5580000, 0x00000000d5580000)
  object space 1398272K, 3% used [0x0000000080000000,0x0000000082b585f8,0x00000000d5580000)
 Metaspace       used 66247K, capacity 69124K, committed 69248K, reserved 1110016K
  class space    used 7542K, capacity 8058K, committed 8064K, reserved 1048576K
GC Heap History (10 events):
Event: 4.917 GC heap before
{Heap before GC invocations=3 (full 1):
 PSYoungGen      total 611840K, used 445043K [0x00000000d5580000, 0x0000000100000000, 0x0000000100000000)
  eden space 524800K, 84% used [0x00000000d5580000,0x00000000f081ce20,0x00000000f5600000)
  from space 87040K, 0% used [0x00000000f5600000,0x00000000f5600000,0x00000000fab00000)
  to   space 87040K, 0% used [0x00000000fab00000,0x00000000fab00000,0x0000000100000000)
 ParOldGen       total 902656K, used 13724K [0x0000000080000000, 0x00000000b7180000, 0x00000000d5580000)
  object space 902656K, 1% used [0x0000000080000000,0x0000000080d672a0,0x00000000b7180000)
 Metaspace       used 34794K, capacity 35188K, committed 35416K, reserved 1081344K
  class space    used 3970K, capacity 4092K, committed 4096K, reserved 1048576K
Event: 4.955 GC heap after
Heap after GC invocations=3 (full 1):
 PSYoungGen      total 611840K, used 19213K [0x00000000d5580000, 0x0000000100000000, 0x0000000100000000)
  eden space 524800K, 0% used [0x00000000d5580000,0x00000000d5580000,0x00000000f5600000)
  from space 87040K, 22% used [0x00000000fab00000,0x00000000fbdc35d8,0x0000000100000000)
  to   space 87040K, 0% used [0x00000000f5600000,0x00000000f5600000,0x00000000fab00000)
 ParOldGen       total 902656K, used 13724K [0x0000000080000000, 0x00000000b7180000, 0x00000000d5580000)
  object space 902656K, 1% used [0x0000000080000000,0x0000000080d672a0,0x00000000b7180000)
 Metaspace       used 34794K, capacity 35188K, committed 35416K, reserved 1081344K
  class space    used 3970K, capacity 4092K, committed 4096K, reserved 1048576K
}
Event: 4.955 GC heap before
{Heap before GC invocations=4 (full 2):
 PSYoungGen      total 611840K, used 19213K [0x00000000d5580000, 0x0000000100000000, 0x0000000100000000)
  eden space 524800K, 0% used [0x00000000d5580000,0x00000000d5580000,0x00000000f5600000)
  from space 87040K, 22% used [0x00000000fab00000,0x00000000fbdc35d8,0x0000000100000000)
  to   space 87040K, 0% used [0x00000000f5600000,0x00000000f5600000,0x00000000fab00000)
 ParOldGen       total 902656K, used 13724K [0x0000000080000000, 0x00000000b7180000, 0x00000000d5580000)
  object space 902656K, 1% used [0x0000000080000000,0x0000000080d672a0,0x00000000b7180000)
 Metaspace       used 34794K, capacity 35188K, committed 35416K, reserved 1081344K
  class space    used 3970K, capacity 4092K, committed 4096K, reserved 1048576K
Event: 5.062 GC heap after
Heap after GC invocations=4 (full 2):
 PSYoungGen      total 611840K, used 0K [0x00000000d5580000, 0x0000000100000000, 0x0000000100000000)
  eden space 524800K, 0% used [0x00000000d5580000,0x00000000d5580000,0x00000000f5600000)
  from space 87040K, 0% used [0x00000000fab00000,0x00000000fab00000,0x0000000100000000)
  to   space 87040K, 0% used [0x00000000f5600000,0x00000000f5600000,0x00000000fab00000)
 ParOldGen       total 1398272K, used 23561K [0x0000000080000000, 0x00000000d5580000, 0x00000000d5580000)
  object space 1398272K, 1% used [0x0000000080000000,0x00000000817025f0,0x00000000d5580000)
 Metaspace       used 34794K, capacity 35188K, committed 35416K, reserved 1081344K
  class space    used 3970K, capacity 4092K, committed 4096K, reserved 1048576K
}
Event: 11.992 GC heap before
{Heap before GC invocations=5 (full 2):
 PSYoungGen      total 611840K, used 506949K [0x00000000d5580000, 0x0000000100000000, 0x0000000100000000)
  eden space 524800K, 96% used [0x00000000d5580000,0x00000000f4491460,0x00000000f5600000)
  from space 87040K, 0% used [0x00000000fab00000,0x00000000fab00000,0x0000000100000000)
  to   space 87040K, 0% used [0x00000000f5600000,0x00000000f5600000,0x00000000fab00000)
 ParOldGen       total 1398272K, used 23561K [0x0000000080000000, 0x00000000d5580000, 0x00000000d5580000)
  object space 1398272K, 1% used [0x0000000080000000,0x00000000817025f0,0x00000000d5580000)
 Metaspace       used 57449K, capacity 58922K, committed 59028K, reserved 1101824K
  class space    used 6637K, capacity 6909K, committed 6912K, reserved 1048576K
Event: 12.101 GC heap after
Heap after GC invocations=5 (full 2):
 PSYoungGen      total 611840K, used 33919K [0x00000000d5580000, 0x0000000100000000, 0x0000000100000000)
  eden space 524800K, 0% used [0x00000000d5580000,0x00000000d5580000,0x00000000f5600000)
  from space 87040K, 38% used [0x00000000f5600000,0x00000000f771fd08,0x00000000fab00000)
  to   space 87040K, 0% used [0x00000000fab00000,0x00000000fab00000,0x0000000100000000)
 ParOldGen       total 1398272K, used 23569K [0x0000000080000000, 0x00000000d5580000, 0x00000000d5580000)
  object space 1398272K, 1% used [0x0000000080000000,0x00000000817045f0,0x00000000d5580000)
 Metaspace       used 57449K, capacity 58922K, committed 59028K, reserved 1101824K
  class space    used 6637K, capacity 6909K, committed 6912K, reserved 1048576K
}
Event: 12.101 GC heap before
{Heap before GC invocations=6 (full 3):
 PSYoungGen      total 611840K, used 33919K [0x00000000d5580000, 0x0000000100000000, 0x0000000100000000)
  eden space 524800K, 0% used [0x00000000d5580000,0x00000000d5580000,0x00000000f5600000)
  from space 87040K, 38% used [0x00000000f5600000,0x00000000f771fd08,0x00000000fab00000)
  to   space 87040K, 0% used [0x00000000fab00000,0x00000000fab00000,0x0000000100000000)
 ParOldGen       total 1398272K, used 23569K [0x0000000080000000, 0x00000000d5580000, 0x00000000d5580000)
  object space 1398272K, 1% used [0x0000000080000000,0x00000000817045f0,0x00000000d5580000)
 Metaspace       used 57449K, capacity 58922K, committed 59028K, reserved 1101824K
  class space    used 6637K, capacity 6909K, committed 6912K, reserved 1048576K
Event: 12.398 GC heap after
Heap after GC invocations=6 (full 3):
 PSYoungGen      total 611840K, used 0K [0x00000000d5580000, 0x0000000100000000, 0x0000000100000000)
  eden space 524800K, 0% used [0x00000000d5580000,0x00000000d5580000,0x00000000f5600000)
  from space 87040K, 0% used [0x00000000f5600000,0x00000000f5600000,0x00000000fab00000)
  to   space 87040K, 0% used [0x00000000fab00000,0x00000000fab00000,0x0000000100000000)
 ParOldGen       total 1398272K, used 44385K [0x0000000080000000, 0x00000000d5580000, 0x00000000d5580000)
  object space 1398272K, 3% used [0x0000000080000000,0x0000000082b585f8,0x00000000d5580000)
 Metaspace       used 57402K, capacity 58806K, committed 59028K, reserved 1101824K
  class space    used 6621K, capacity 6881K, committed 6912K, reserved 1048576K
}
Event: 30.264 GC heap before
{Heap before GC invocations=7 (full 3):
 PSYoungGen      total 611840K, used 514391K [0x00000000d5580000, 0x0000000100000000, 0x0000000100000000)
  eden space 524800K, 98% used [0x00000000d5580000,0x00000000f4bd5ce8,0x00000000f5600000)
  from space 87040K, 0% used [0x00000000f5600000,0x00000000f5600000,0x00000000fab00000)
  to   space 87040K, 0% used [0x00000000fab00000,0x00000000fab00000,0x0000000100000000)
 ParOldGen       total 1398272K, used 44385K [0x0000000080000000, 0x00000000d5580000, 0x00000000d5580000)
  object space 1398272K, 3% used [0x0000000080000000,0x0000000082b585f8,0x00000000d5580000)
 Metaspace       used 66218K, capacity 69060K, committed 69248K, reserved 1110016K
  class space    used 7542K, capacity 8058K, committed 8064K, reserved 1048576K
Event: 30.357 GC heap after
Heap after GC invocations=7 (full 3):
 PSYoungGen      total 611840K, used 58709K [0x00000000d5580000, 0x0000000100000000, 0x0000000100000000)
  eden space 524800K, 0% used [0x00000000d5580000,0x00000000d5580000,0x00000000f5600000)
  from space 87040K, 67% used [0x00000000fab00000,0x00000000fe4555f8,0x0000000100000000)
  to   space 87040K, 0% used [0x00000000f5600000,0x00000000f5600000,0x00000000fab00000)
 ParOldGen       total 1398272K, used 44385K [0x0000000080000000, 0x00000000d5580000, 0x00000000d5580000)
  object space 1398272K, 3% used [0x0000000080000000,0x0000000082b585f8,0x00000000d5580000)
 Metaspace       used 66218K, capacity 69060K, committed 69248K, reserved 1110016K
  class space    used 7542K, capacity 8058K, committed 8064K, reserved 1048576K
}

