# JRE version: OpenJDK Runtime Environment (8.0_212-b04) (build 1.8.0_212-b04)
# Java VM: OpenJDK 64-Bit Server VM (25.212-b04 mixed mode linux-amd64 compressed oops)
Heap:
 PSYoungGen      total 611840K, used 361356K [0x00000000d5580000, 0x00000000fe400000, 0x0000000100000000)
  eden space 524800K, 52% used [0x00000000d5580000,0x00000000e6164ac0,0x00000000f5600000)
  from space 87040K, 99% used [0x00000000f5600000,0x00000000faafe738,0x00000000fab00000)
  to   space 58368K, 0% used [0x00000000fab00000,0x00000000fab00000,0x00000000fe400000)
 ParOldGen       total 1398272K, used 34038K [0x0000000080000000, 0x00000000d5580000, 0x00000000d5580000)
  object space 1398272K, 2% used [0x0000000080000000,0x000000008213d888,0x00000000d5580000)
 Metaspace       used 66367K, capacity 69390K, committed 69632K, reserved 1110016K
  class space    used 7547K, capacity 8083K, committed 8192K, reserved 1048576K
GC Heap History (10 events):
Event: 4.399 GC heap before
{Heap before GC invocations=4 (full 2):
 PSYoungGen      total 611840K, used 19347K [0x00000000d5580000, 0x0000000100000000, 0x0000000100000000)
  eden space 524800K, 0% used [0x00000000d5580000,0x00000000d5580000,0x00000000f5600000)
  from space 87040K, 22% used [0x00000000fab00000,0x00000000fbde4de8,0x0000000100000000)
  to   space 87040K, 0% used [0x00000000f5600000,0x00000000f5600000,0x00000000fab00000)
 ParOldGen       total 835072K, used 13729K [0x0000000080000000, 0x00000000b2f80000, 0x00000000d5580000)
  object space 835072K, 1% used [0x0000000080000000,0x0000000080d68438,0x00000000b2f80000)
 Metaspace       used 34847K, capacity 35188K, committed 35416K, reserved 1081344K
  class space    used 3970K, capacity 4092K, committed 4096K, reserved 1048576K
Event: 4.496 GC heap after
Heap after GC invocations=4 (full 2):
 PSYoungGen      total 611840K, used 0K [0x00000000d5580000, 0x0000000100000000, 0x0000000100000000)
  eden space 524800K, 0% used [0x00000000d5580000,0x00000000d5580000,0x00000000f5600000)
  from space 87040K, 0% used [0x00000000fab00000,0x00000000fab00000,0x0000000100000000)
  to   space 87040K, 0% used [0x00000000f5600000,0x00000000f5600000,0x00000000fab00000)
 ParOldGen       total 1378816K, used 23555K [0x0000000080000000, 0x00000000d4280000, 0x00000000d5580000)
  object space 1378816K, 1% used [0x0000000080000000,0x0000000081700da8,0x00000000d4280000)
 Metaspace       used 34847K, capacity 35188K, committed 35416K, reserved 1081344K
  class space    used 3970K, capacity 4092K, committed 4096K, reserved 1048576K
}
Event: 11.217 GC heap before
{Heap before GC invocations=5 (full 2):
 PSYoungGen      total 611840K, used 524800K [0x00000000d5580000, 0x0000000100000000, 0x0000000100000000)
  eden space 524800K, 100% used [0x00000000d5580000,0x00000000f5600000,0x00000000f5600000)
  from space 87040K, 0% used [0x00000000fab00000,0x00000000fab00000,0x0000000100000000)
  to   space 87040K, 0% used [0x00000000f5600000,0x00000000f5600000,0x00000000fab00000)
 ParOldGen       total 1378816K, used 23555K [0x0000000080000000, 0x00000000d4280000, 0x00000000d5580000)
  object space 1378816K, 1% used [0x0000000080000000,0x0000000081700dd0,0x00000000d4280000)
 Metaspace       used 51877K, capacity 53300K, committed 53504K, reserved 1095680K
  class space    used 6073K, capacity 6322K, committed 6400K, reserved 1048576K
Event: 11.280 GC heap after
Heap after GC invocations=5 (full 2):
 PSYoungGen      total 611840K, used 26561K [0x00000000d5580000, 0x0000000100000000, 0x0000000100000000)
  eden space 524800K, 0% used [0x00000000d5580000,0x00000000d5580000,0x00000000f5600000)
  from space 87040K, 30% used [0x00000000f5600000,0x00000000f6ff0790,0x00000000fab00000)
  to   space 87040K, 0% used [0x00000000fab00000,0x00000000fab00000,0x0000000100000000)
 ParOldGen       total 1378816K, used 23563K [0x0000000080000000, 0x00000000d4280000, 0x00000000d5580000)
  object space 1378816K, 1% used [0x0000000080000000,0x0000000081702dd0,0x00000000d4280000)
 Metaspace       used 51877K, capacity 53300K, committed 53504K, reserved 1095680K
  class space    used 6073K, capacity 6322K, committed 6400K, reserved 1048576K
}
Event: 12.265 GC heap before
{Heap before GC invocations=6 (full 2):
 PSYoungGen      total 611840K, used 182024K [0x00000000d5580000, 0x0000000100000000, 0x0000000100000000)
  eden space 524800K, 29% used [0x00000000d5580000,0x00000000ded51988,0x00000000f5600000)
  from space 87040K, 30% used [0x00000000f5600000,0x00000000f6ff0790,0x00000000fab00000)
  to   space 87040K, 0% used [0x00000000fab00000,0x00000000fab00000,0x0000000100000000)
 ParOldGen       total 1378816K, used 23563K [0x0000000080000000, 0x00000000d4280000, 0x00000000d5580000)
  object space 1378816K, 1% used [0x0000000080000000,0x0000000081702dd0,0x00000000d4280000)
 Metaspace       used 57155K, capacity 58854K, committed 59008K, reserved 1101824K
  class space    used 6618K, capacity 6947K, committed 7040K, reserved 1048576K
Event: 12.300 GC heap after
Heap after GC invocations=6 (full 2):
 PSYoungGen      total 611840K, used 20850K [0x00000000d5580000, 0x0000000100000000, 0x0000000100000000)
  eden space 524800K, 0% used [0x00000000d5580000,0x00000000d5580000,0x00000000f5600000)
  from space 87040K, 23% used [0x00000000fab00000,0x00000000fbf5c8e0,0x0000000100000000)
  to   space 87040K, 0% used [0x00000000f5600000,0x00000000f5600000,0x00000000fab00000)
 ParOldGen       total 1378816K, used 23571K [0x0000000080000000, 0x00000000d4280000, 0x00000000d5580000)
  object space 1378816K, 1% used [0x0000000080000000,0x0000000081704dd0,0x00000000d4280000)
 Metaspace       used 57155K, capacity 58854K, committed 59008K, reserved 1101824K
  class space    used 6618K, capacity 6947K, committed 7040K, reserved 1048576K
}
Event: 12.300 GC heap before
{Heap before GC invocations=7 (full 3):
 PSYoungGen      total 611840K, used 20850K [0x00000000d5580000, 0x0000000100000000, 0x0000000100000000)
  eden space 524800K, 0% used [0x00000000d5580000,0x00000000d5580000,0x00000000f5600000)
  from space 87040K, 23% used [0x00000000fab00000,0x00000000fbf5c8e0,0x0000000100000000)
  to   space 87040K, 0% used [0x00000000f5600000,0x00000000f5600000,0x00000000fab00000)
 ParOldGen       total 1378816K, used 23571K [0x0000000080000000, 0x00000000d4280000, 0x00000000d5580000)
  object space 1378816K, 1% used [0x0000000080000000,0x0000000081704dd0,0x00000000d4280000)
 Metaspace       used 57155K, capacity 58854K, committed 59008K, reserved 1101824K
  class space    used 6618K, capacity 6947K, committed 7040K, reserved 1048576K
Event: 12.591 GC heap after
Heap after GC invocations=7 (full 3):
 PSYoungGen      total 611840K, used 0K [0x00000000d5580000, 0x0000000100000000, 0x0000000100000000)
  eden space 524800K, 0% used [0x00000000d5580000,0x00000000d5580000,0x00000000f5600000)
  from space 87040K, 0% used [0x00000000fab00000,0x00000000fab00000,0x0000000100000000)
  to   space 87040K, 0% used [0x00000000f5600000,0x00000000f5600000,0x00000000fab00000)
 ParOldGen       total 1398272K, used 32386K [0x0000000080000000, 0x00000000d5580000, 0x00000000d5580000)
  object space 1398272K, 2% used [0x0000000080000000,0x0000000081fa0b20,0x00000000d5580000)
 Metaspace       used 57047K, capacity 58568K, committed 59008K, reserved 1101824K
  class space    used 6580K, capacity 6880K, committed 7040K, reserved 1048576K
}
Event: 28.129 GC heap before
{Heap before GC invocations=8 (full 3):
 PSYoungGen      total 611840K, used 524800K [0x00000000d5580000, 0x0000000100000000, 0x0000000100000000)
  eden space 524800K, 100% used [0x00000000d5580000,0x00000000f5600000,0x00000000f5600000)
  from space 87040K, 0% used [0x00000000fab00000,0x00000000fab00000,0x0000000100000000)
  to   space 87040K, 0% used [0x00000000f5600000,0x00000000f5600000,0x00000000fab00000)
 ParOldGen       total 1398272K, used 32431K [0x0000000080000000, 0x00000000d5580000, 0x00000000d5580000)
  object space 1398272K, 2% used [0x0000000080000000,0x0000000081fabdf0,0x00000000d5580000)
 Metaspace       used 65633K, capacity 68636K, committed 68864K, reserved 1110016K
  class space    used 7534K, capacity 8068K, committed 8192K, reserved 1048576K
Event: 28.298 GC heap after
Heap after GC invocations=8 (full 3):
 PSYoungGen      total 611840K, used 87033K [0x00000000d5580000, 0x00000000fe400000, 0x0000000100000000)
  eden space 524800K, 0% used [0x00000000d5580000,0x00000000d5580000,0x00000000f5600000)
  from space 87040K, 99% used [0x00000000f5600000,0x00000000faafe738,0x00000000fab00000)
  to   space 58368K, 0% used [0x00000000fab00000,0x00000000fab00000,0x00000000fe400000)
 ParOldGen       total 1398272K, used 34038K [0x0000000080000000, 0x00000000d5580000, 0x00000000d5580000)
  object space 1398272K, 2% used [0x0000000080000000,0x000000008213d888,0x00000000d5580000)
 Metaspace       used 65633K, capacity 68636K, committed 68864K, reserved 1110016K
  class space    used 7534K, capacity 8068K, committed 8192K, reserved 1048576K
}

