# JRE version: OpenJDK Runtime Environment (8.0_212-b04) (build 1.8.0_212-b04)
# Java VM: OpenJDK 64-Bit Server VM (25.212-b04 mixed mode linux-amd64 compressed oops)
Heap:
 PSYoungGen      total 409600K, used 146426K [0x00000000d5580000, 0x0000000100000000, 0x0000000100000000)
  eden space 379392K, 30% used [0x00000000d5580000,0x00000000dc704518,0x00000000ec800000)
  from space 30208K, 99% used [0x00000000f8e00000,0x00000000fab7a518,0x00000000fab80000)
  to   space 159744K, 0% used [0x00000000ec800000,0x00000000ec800000,0x00000000f6400000)
 ParOldGen       total 1398272K, used 978998K [0x0000000080000000, 0x00000000d5580000, 0x00000000d5580000)
  object space 1398272K, 70% used [0x0000000080000000,0x00000000bbc0dba8,0x00000000d5580000)
 Metaspace       used 65325K, capacity 68182K, committed 68480K, reserved 1110016K
  class space    used 7460K, capacity 7977K, committed 8064K, reserved 1048576K
GC Heap History (10 events):
Event: 8.671 GC heap before
{Heap before GC invocations=5 (full 2):
 PSYoungGen      total 611840K, used 524800K [0x00000000d5580000, 0x0000000100000000, 0x0000000100000000)
  eden space 524800K, 100% used [0x00000000d5580000,0x00000000f5600000,0x00000000f5600000)
  from space 87040K, 0% used [0x00000000fab00000,0x00000000fab00000,0x0000000100000000)
  to   space 87040K, 0% used [0x00000000f5600000,0x00000000f5600000,0x00000000fab00000)
 ParOldGen       total 1398272K, used 23861K [0x0000000080000000, 0x00000000d5580000, 0x00000000d5580000)
  object space 1398272K, 1% used [0x0000000080000000,0x000000008174d688,0x00000000d5580000)
 Metaspace       used 44703K, capacity 45630K, committed 45824K, reserved 1089536K
  class space    used 5167K, capacity 5369K, committed 5376K, reserved 1048576K
Event: 8.714 GC heap after
Heap after GC invocations=5 (full 2):
 PSYoungGen      total 611840K, used 17184K [0x00000000d5580000, 0x0000000100000000, 0x0000000100000000)
  eden space 524800K, 0% used [0x00000000d5580000,0x00000000d5580000,0x00000000f5600000)
  from space 87040K, 19% used [0x00000000f5600000,0x00000000f66c8368,0x00000000fab00000)
  to   space 87040K, 0% used [0x00000000fab00000,0x00000000fab00000,0x0000000100000000)
 ParOldGen       total 1398272K, used 23869K [0x0000000080000000, 0x00000000d5580000, 0x00000000d5580000)
  object space 1398272K, 1% used [0x0000000080000000,0x000000008174f688,0x00000000d5580000)
 Metaspace       used 44703K, capacity 45630K, committed 45824K, reserved 1089536K
  class space    used 5167K, capacity 5369K, committed 5376K, reserved 1048576K
}
Event: 12.623 GC heap before
{Heap before GC invocations=6 (full 2):
 PSYoungGen      total 611840K, used 308866K [0x00000000d5580000, 0x0000000100000000, 0x0000000100000000)
  eden space 524800K, 55% used [0x00000000d5580000,0x00000000e7258718,0x00000000f5600000)
  from space 87040K, 19% used [0x00000000f5600000,0x00000000f66c8368,0x00000000fab00000)
  to   space 87040K, 0% used [0x00000000fab00000,0x00000000fab00000,0x0000000100000000)
 ParOldGen       total 1398272K, used 23869K [0x0000000080000000, 0x00000000d5580000, 0x00000000d5580000)
  object space 1398272K, 1% used [0x0000000080000000,0x000000008174f688,0x00000000d5580000)
 Metaspace       used 57431K, capacity 58896K, committed 59028K, reserved 1101824K
  class space    used 6606K, capacity 6898K, committed 6912K, reserved 1048576K
Event: 12.682 GC heap after
Heap after GC invocations=6 (full 2):
 PSYoungGen      total 611840K, used 29682K [0x00000000d5580000, 0x0000000100000000, 0x0000000100000000)
  eden space 524800K, 0% used [0x00000000d5580000,0x00000000d5580000,0x00000000f5600000)
  from space 87040K, 34% used [0x00000000fab00000,0x00000000fc7fcbc8,0x0000000100000000)
  to   space 87040K, 0% used [0x00000000f5600000,0x00000000f5600000,0x00000000fab00000)
 ParOldGen       total 1398272K, used 23877K [0x0000000080000000, 0x00000000d5580000, 0x00000000d5580000)
  object space 1398272K, 1% used [0x0000000080000000,0x0000000081751688,0x00000000d5580000)
 Metaspace       used 57431K, capacity 58896K, committed 59028K, reserved 1101824K
  class space    used 6606K, capacity 6898K, committed 6912K, reserved 1048576K
}
Event: 12.682 GC heap before
{Heap before GC invocations=7 (full 3):
 PSYoungGen      total 611840K, used 29682K [0x00000000d5580000, 0x0000000100000000, 0x0000000100000000)
  eden space 524800K, 0% used [0x00000000d5580000,0x00000000d5580000,0x00000000f5600000)
  from space 87040K, 34% used [0x00000000fab00000,0x00000000fc7fcbc8,0x0000000100000000)
  to   space 87040K, 0% used [0x00000000f5600000,0x00000000f5600000,0x00000000fab00000)
 ParOldGen       total 1398272K, used 23877K [0x0000000080000000, 0x00000000d5580000, 0x00000000d5580000)
  object space 1398272K, 1% used [0x0000000080000000,0x0000000081751688,0x00000000d5580000)
 Metaspace       used 57431K, capacity 58896K, committed 59028K, reserved 1101824K
  class space    used 6606K, capacity 6898K, committed 6912K, reserved 1048576K
Event: 12.999 GC heap after
Heap after GC invocations=7 (full 3):
 PSYoungGen      total 611840K, used 0K [0x00000000d5580000, 0x0000000100000000, 0x0000000100000000)
  eden space 524800K, 0% used [0x00000000d5580000,0x00000000d5580000,0x00000000f5600000)
  from space 87040K, 0% used [0x00000000fab00000,0x00000000fab00000,0x0000000100000000)
  to   space 87040K, 0% used [0x00000000f5600000,0x00000000f5600000,0x00000000fab00000)
 ParOldGen       total 1398272K, used 40998K [0x0000000080000000, 0x00000000d5580000, 0x00000000d5580000)
  object space 1398272K, 2% used [0x0000000080000000,0x0000000082809970,0x00000000d5580000)
 Metaspace       used 57408K, capacity 58836K, committed 59028K, reserved 1101824K
  class space    used 6598K, capacity 6884K, committed 6912K, reserved 1048576K
}
Event: 19.556 GC heap before
{Heap before GC invocations=8 (full 3):
 PSYoungGen      total 611840K, used 369007K [0x00000000d5580000, 0x0000000100000000, 0x0000000100000000)
  eden space 524800K, 70% used [0x00000000d5580000,0x00000000ebddbed0,0x00000000f5600000)
  from space 87040K, 0% used [0x00000000fab00000,0x00000000fab00000,0x0000000100000000)
  to   space 87040K, 0% used [0x00000000f5600000,0x00000000f5600000,0x00000000fab00000)
 ParOldGen       total 1398272K, used 40998K [0x0000000080000000, 0x00000000d5580000, 0x00000000d5580000)
  object space 1398272K, 2% used [0x0000000080000000,0x0000000082809970,0x00000000d5580000)
 Metaspace       used 60701K, capacity 62942K, committed 63104K, reserved 1105920K
  class space    used 7044K, capacity 7447K, committed 7552K, reserved 1048576K
Event: 19.928 GC heap after
Heap after GC invocations=8 (full 3):
 PSYoungGen      total 535552K, used 10266K [0x00000000d5580000, 0x00000000fab80000, 0x0000000100000000)
  eden space 524800K, 0% used [0x00000000d5580000,0x00000000d5580000,0x00000000f5600000)
  from space 10752K, 95% used [0x00000000f5600000,0x00000000f6006b48,0x00000000f6080000)
  to   space 30208K, 0% used [0x00000000f8e00000,0x00000000f8e00000,0x00000000fab80000)
 ParOldGen       total 1398272K, used 450606K [0x0000000080000000, 0x00000000d5580000, 0x00000000d5580000)
  object space 1398272K, 32% used [0x0000000080000000,0x000000009b80b990,0x00000000d5580000)
 Metaspace       used 60701K, capacity 62942K, committed 63104K, reserved 1105920K
  class space    used 7044K, capacity 7447K, committed 7552K, reserved 1048576K
}
Event: 24.781 GC heap before
{Heap before GC invocations=9 (full 3):
 PSYoungGen      total 535552K, used 535066K [0x00000000d5580000, 0x00000000fab80000, 0x0000000100000000)
  eden space 524800K, 100% used [0x00000000d5580000,0x00000000f5600000,0x00000000f5600000)
  from space 10752K, 95% used [0x00000000f5600000,0x00000000f6006b48,0x00000000f6080000)
  to   space 30208K, 0% used [0x00000000f8e00000,0x00000000f8e00000,0x00000000fab80000)
 ParOldGen       total 1398272K, used 757806K [0x0000000080000000, 0x00000000d5580000, 0x00000000d5580000)
  object space 1398272K, 54% used [0x0000000080000000,0x00000000ae40b9a0,0x00000000d5580000)
 Metaspace       used 64888K, capacity 67740K, committed 67968K, reserved 1110016K
  class space    used 7458K, capacity 7974K, committed 8064K, reserved 1048576K
Event: 24.957 GC heap after
Heap after GC invocations=9 (full 3):
 PSYoungGen      total 409600K, used 30185K [0x00000000d5580000, 0x0000000100000000, 0x0000000100000000)
  eden space 379392K, 0% used [0x00000000d5580000,0x00000000d5580000,0x00000000ec800000)
  from space 30208K, 99% used [0x00000000f8e00000,0x00000000fab7a518,0x00000000fab80000)
  to   space 159744K, 0% used [0x00000000ec800000,0x00000000ec800000,0x00000000f6400000)
 ParOldGen       total 1398272K, used 978998K [0x0000000080000000, 0x00000000d5580000, 0x00000000d5580000)
  object space 1398272K, 70% used [0x0000000080000000,0x00000000bbc0dba8,0x00000000d5580000)
 Metaspace       used 64888K, capacity 67740K, committed 67968K, reserved 1110016K
  class space    used 7458K, capacity 7974K, committed 8064K, reserved 1048576K
}

