# JRE version: OpenJDK Runtime Environment (8.0_212-b04) (build 1.8.0_212-b04)
# Java VM: OpenJDK 64-Bit Server VM (25.212-b04 mixed mode linux-amd64 compressed oops)
Heap:
 PSYoungGen      total 585216K, used 74587K [0x00000000d5580000, 0x0000000100000000, 0x0000000100000000)
  eden space 471552K, 2% used [0x00000000d5580000,0x00000000d610ffb0,0x00000000f2200000)
  from space 113664K, 55% used [0x00000000f2200000,0x00000000f5f46fa0,0x00000000f9100000)
  to   space 112640K, 0% used [0x00000000f9200000,0x00000000f9200000,0x0000000100000000)
 ParOldGen       total 1398272K, used 89203K [0x0000000080000000, 0x00000000d5580000, 0x00000000d5580000)
  object space 1398272K, 6% used [0x0000000080000000,0x000000008571ce90,0x00000000d5580000)
 Metaspace       used 68050K, capacity 71096K, committed 71168K, reserved 1112064K
  class space    used 7625K, capacity 8156K, committed 8192K, reserved 1048576K
GC Heap History (10 events):
Event: 12.779 GC heap before
{Heap before GC invocations=6 (full 2):
 PSYoungGen      total 611840K, used 161267K [0x00000000d5580000, 0x0000000100000000, 0x0000000100000000)
  eden space 524800K, 25% used [0x00000000d5580000,0x00000000dd8241b0,0x00000000f5600000)
  from space 87040K, 31% used [0x00000000f5600000,0x00000000f70d8b48,0x00000000fab00000)
  to   space 87040K, 0% used [0x00000000fab00000,0x00000000fab00000,0x0000000100000000)
 ParOldGen       total 1398272K, used 23551K [0x0000000080000000, 0x00000000d5580000, 0x00000000d5580000)
  object space 1398272K, 1% used [0x0000000080000000,0x00000000816ffd50,0x00000000d5580000)
 Metaspace       used 57178K, capacity 58878K, committed 59008K, reserved 1101824K
  class space    used 6617K, capacity 6913K, committed 7040K, reserved 1048576K
Event: 12.806 GC heap after
Heap after GC invocations=6 (full 2):
 PSYoungGen      total 611840K, used 18614K [0x00000000d5580000, 0x0000000100000000, 0x0000000100000000)
  eden space 524800K, 0% used [0x00000000d5580000,0x00000000d5580000,0x00000000f5600000)
  from space 87040K, 21% used [0x00000000fab00000,0x00000000fbd2d958,0x0000000100000000)
  to   space 87040K, 0% used [0x00000000f5600000,0x00000000f5600000,0x00000000fab00000)
 ParOldGen       total 1398272K, used 23559K [0x0000000080000000, 0x00000000d5580000, 0x00000000d5580000)
  object space 1398272K, 1% used [0x0000000080000000,0x0000000081701d50,0x00000000d5580000)
 Metaspace       used 57178K, capacity 58878K, committed 59008K, reserved 1101824K
  class space    used 6617K, capacity 6913K, committed 7040K, reserved 1048576K
}
Event: 12.806 GC heap before
{Heap before GC invocations=7 (full 3):
 PSYoungGen      total 611840K, used 18614K [0x00000000d5580000, 0x0000000100000000, 0x0000000100000000)
  eden space 524800K, 0% used [0x00000000d5580000,0x00000000d5580000,0x00000000f5600000)
  from space 87040K, 21% used [0x00000000fab00000,0x00000000fbd2d958,0x0000000100000000)
  to   space 87040K, 0% used [0x00000000f5600000,0x00000000f5600000,0x00000000fab00000)
 ParOldGen       total 1398272K, used 23559K [0x0000000080000000, 0x00000000d5580000, 0x00000000d5580000)
  object space 1398272K, 1% used [0x0000000080000000,0x0000000081701d50,0x00000000d5580000)
 Metaspace       used 57178K, capacity 58878K, committed 59008K, reserved 1101824K
  class space    used 6617K, capacity 6913K, committed 7040K, reserved 1048576K
Event: 13.066 GC heap after
Heap after GC invocations=7 (full 3):
 PSYoungGen      total 611840K, used 0K [0x00000000d5580000, 0x0000000100000000, 0x0000000100000000)
  eden space 524800K, 0% used [0x00000000d5580000,0x00000000d5580000,0x00000000f5600000)
  from space 87040K, 0% used [0x00000000fab00000,0x00000000fab00000,0x0000000100000000)
  to   space 87040K, 0% used [0x00000000f5600000,0x00000000f5600000,0x00000000fab00000)
 ParOldGen       total 1398272K, used 30382K [0x0000000080000000, 0x00000000d5580000, 0x00000000d5580000)
  object space 1398272K, 2% used [0x0000000080000000,0x0000000081dab828,0x00000000d5580000)
 Metaspace       used 57078K, capacity 58606K, committed 59008K, reserved 1101824K
  class space    used 6582K, capacity 6851K, committed 7040K, reserved 1048576K
}
Event: 24.374 GC heap before
{Heap before GC invocations=8 (full 3):
 PSYoungGen      total 611840K, used 524800K [0x00000000d5580000, 0x0000000100000000, 0x0000000100000000)
  eden space 524800K, 100% used [0x00000000d5580000,0x00000000f5600000,0x00000000f5600000)
  from space 87040K, 0% used [0x00000000fab00000,0x00000000fab00000,0x0000000100000000)
  to   space 87040K, 0% used [0x00000000f5600000,0x00000000f5600000,0x00000000fab00000)
 ParOldGen       total 1398272K, used 30382K [0x0000000080000000, 0x00000000d5580000, 0x00000000d5580000)
  object space 1398272K, 2% used [0x0000000080000000,0x0000000081dab828,0x00000000d5580000)
 Metaspace       used 65513K, capacity 68224K, committed 68480K, reserved 1110016K
  class space    used 7476K, capacity 7950K, committed 8064K, reserved 1048576K
Event: 24.522 GC heap after
Heap after GC invocations=8 (full 3):
 PSYoungGen      total 611840K, used 87010K [0x00000000d5580000, 0x00000000fe500000, 0x0000000100000000)
  eden space 524800K, 0% used [0x00000000d5580000,0x00000000d5580000,0x00000000f5600000)
  from space 87040K, 99% used [0x00000000f5600000,0x00000000faaf8b10,0x00000000fab00000)
  to   space 59392K, 0% used [0x00000000fab00000,0x00000000fab00000,0x00000000fe500000)
 ParOldGen       total 1398272K, used 31515K [0x0000000080000000, 0x00000000d5580000, 0x00000000d5580000)
  object space 1398272K, 2% used [0x0000000080000000,0x0000000081ec6e40,0x00000000d5580000)
 Metaspace       used 65513K, capacity 68224K, committed 68480K, reserved 1110016K
  class space    used 7476K, capacity 7950K, committed 8064K, reserved 1048576K
}
Event: 38.660 GC heap before
{Heap before GC invocations=9 (full 3):
 PSYoungGen      total 611840K, used 611432K [0x00000000d5580000, 0x00000000fe500000, 0x0000000100000000)
  eden space 524800K, 99% used [0x00000000d5580000,0x00000000f55a18e0,0x00000000f5600000)
  from space 87040K, 99% used [0x00000000f5600000,0x00000000faaf8b10,0x00000000fab00000)
  to   space 59392K, 0% used [0x00000000fab00000,0x00000000fab00000,0x00000000fe500000)
 ParOldGen       total 1398272K, used 31515K [0x0000000080000000, 0x00000000d5580000, 0x00000000d5580000)
  object space 1398272K, 2% used [0x0000000080000000,0x0000000081ec6e40,0x00000000d5580000)
 Metaspace       used 67029K, capacity 69942K, committed 70144K, reserved 1112064K
  class space    used 7582K, capacity 8077K, committed 8192K, reserved 1048576K
Event: 38.816 GC heap after
Heap after GC invocations=9 (full 3):
 PSYoungGen      total 530944K, used 59376K [0x00000000d5580000, 0x0000000100000000, 0x0000000100000000)
  eden space 471552K, 0% used [0x00000000d5580000,0x00000000d5580000,0x00000000f2200000)
  from space 59392K, 99% used [0x00000000fab00000,0x00000000fe4fc2d0,0x00000000fe500000)
  to   space 113664K, 0% used [0x00000000f2200000,0x00000000f2200000,0x00000000f9100000)
 ParOldGen       total 1398272K, used 89203K [0x0000000080000000, 0x00000000d5580000, 0x00000000d5580000)
  object space 1398272K, 6% used [0x0000000080000000,0x000000008571ce90,0x00000000d5580000)
 Metaspace       used 67029K, capacity 69942K, committed 70144K, reserved 1112064K
  class space    used 7582K, capacity 8077K, committed 8192K, reserved 1048576K
}
Event: 67.672 GC heap before
{Heap before GC invocations=10 (full 3):
 PSYoungGen      total 530944K, used 530158K [0x00000000d5580000, 0x0000000100000000, 0x0000000100000000)
  eden space 471552K, 99% used [0x00000000d5580000,0x00000000f213f880,0x00000000f2200000)
  from space 59392K, 99% used [0x00000000fab00000,0x00000000fe4fc2d0,0x00000000fe500000)
  to   space 113664K, 0% used [0x00000000f2200000,0x00000000f2200000,0x00000000f9100000)
 ParOldGen       total 1398272K, used 89203K [0x0000000080000000, 0x00000000d5580000, 0x00000000d5580000)
  object space 1398272K, 6% used [0x0000000080000000,0x000000008571ce90,0x00000000d5580000)
 Metaspace       used 68028K, capacity 71096K, committed 71168K, reserved 1112064K
  class space    used 7625K, capacity 8156K, committed 8192K, reserved 1048576K
Event: 67.805 GC heap after
Heap after GC invocations=10 (full 3):
 PSYoungGen      total 585216K, used 62747K [0x00000000d5580000, 0x0000000100000000, 0x0000000100000000)
  eden space 471552K, 0% used [0x00000000d5580000,0x00000000d5580000,0x00000000f2200000)
  from space 113664K, 55% used [0x00000000f2200000,0x00000000f5f46fa0,0x00000000f9100000)
  to   space 112640K, 0% used [0x00000000f9200000,0x00000000f9200000,0x0000000100000000)
 ParOldGen       total 1398272K, used 89203K [0x0000000080000000, 0x00000000d5580000, 0x00000000d5580000)
  object space 1398272K, 6% used [0x0000000080000000,0x000000008571ce90,0x00000000d5580000)
 Metaspace       used 68028K, capacity 71096K, committed 71168K, reserved 1112064K
  class space    used 7625K, capacity 8156K, committed 8192K, reserved 1048576K
}

