# JRE version: OpenJDK Runtime Environment (8.0_212-b04) (build 1.8.0_212-b04)
# Java VM: OpenJDK 64-Bit Server VM (25.212-b04 mixed mode linux-amd64 compressed oops)
Heap:
 PSYoungGen      total 587264K, used 118225K [0x00000000d5580000, 0x0000000100000000, 0x0000000100000000)
  eden space 537600K, 12% used [0x00000000d5580000,0x00000000d99198c8,0x00000000f6280000)
  from space 49664K, 98% used [0x00000000fa780000,0x00000000fd75ae90,0x00000000fd800000)
  to   space 70656K, 0% used [0x00000000f6280000,0x00000000f6280000,0x00000000fa780000)
 ParOldGen       total 1398272K, used 32334K [0x0000000080000000, 0x00000000d5580000, 0x00000000d5580000)
  object space 1398272K, 2% used [0x0000000080000000,0x0000000081f93810,0x00000000d5580000)
 Metaspace       used 82026K, capacity 85666K, committed 85760K, reserved 1124352K
  class space    used 9270K, capacity 9909K, committed 9984K, reserved 1048576K
GC Heap History (10 events):
Event: 7.770 GC heap before
{Heap before GC invocations=5 (full 2):
 PSYoungGen      total 611840K, used 524800K [0x00000000d5580000, 0x0000000100000000, 0x0000000100000000)
  eden space 524800K, 100% used [0x00000000d5580000,0x00000000f5600000,0x00000000f5600000)
  from space 87040K, 0% used [0x00000000fab00000,0x00000000fab00000,0x0000000100000000)
  to   space 87040K, 0% used [0x00000000f5600000,0x00000000f5600000,0x00000000fab00000)
 ParOldGen       total 1398272K, used 24294K [0x0000000080000000, 0x00000000d5580000, 0x00000000d5580000)
  object space 1398272K, 1% used [0x0000000080000000,0x00000000817b9b80,0x00000000d5580000)
 Metaspace       used 49311K, capacity 50108K, committed 50432K, reserved 1093632K
  class space    used 5870K, capacity 6054K, committed 6144K, reserved 1048576K
Event: 7.818 GC heap after
Heap after GC invocations=5 (full 2):
 PSYoungGen      total 611840K, used 20194K [0x00000000d5580000, 0x0000000100000000, 0x0000000100000000)
  eden space 524800K, 0% used [0x00000000d5580000,0x00000000d5580000,0x00000000f5600000)
  from space 87040K, 23% used [0x00000000f5600000,0x00000000f69b8b00,0x00000000fab00000)
  to   space 87040K, 0% used [0x00000000fab00000,0x00000000fab00000,0x0000000100000000)
 ParOldGen       total 1398272K, used 24294K [0x0000000080000000, 0x00000000d5580000, 0x00000000d5580000)
  object space 1398272K, 1% used [0x0000000080000000,0x00000000817b9b80,0x00000000d5580000)
 Metaspace       used 49311K, capacity 50108K, committed 50432K, reserved 1093632K
  class space    used 5870K, capacity 6054K, committed 6144K, reserved 1048576K
}
Event: 12.253 GC heap before
{Heap before GC invocations=6 (full 2):
 PSYoungGen      total 611840K, used 311654K [0x00000000d5580000, 0x0000000100000000, 0x0000000100000000)
  eden space 524800K, 55% used [0x00000000d5580000,0x00000000e7220fe0,0x00000000f5600000)
  from space 87040K, 23% used [0x00000000f5600000,0x00000000f69b8b00,0x00000000fab00000)
  to   space 87040K, 0% used [0x00000000fab00000,0x00000000fab00000,0x0000000100000000)
 ParOldGen       total 1398272K, used 24294K [0x0000000080000000, 0x00000000d5580000, 0x00000000d5580000)
  object space 1398272K, 1% used [0x0000000080000000,0x00000000817b9b80,0x00000000d5580000)
 Metaspace       used 57634K, capacity 58788K, committed 59008K, reserved 1101824K
  class space    used 6926K, capacity 7172K, committed 7296K, reserved 1048576K
Event: 12.326 GC heap after
Heap after GC invocations=6 (full 2):
 PSYoungGen      total 611840K, used 19790K [0x00000000d5580000, 0x0000000100000000, 0x0000000100000000)
  eden space 524800K, 0% used [0x00000000d5580000,0x00000000d5580000,0x00000000f5600000)
  from space 87040K, 22% used [0x00000000fab00000,0x00000000fbe53948,0x0000000100000000)
  to   space 87040K, 0% used [0x00000000f5600000,0x00000000f5600000,0x00000000fab00000)
 ParOldGen       total 1398272K, used 24302K [0x0000000080000000, 0x00000000d5580000, 0x00000000d5580000)
  object space 1398272K, 1% used [0x0000000080000000,0x00000000817bbb80,0x00000000d5580000)
 Metaspace       used 57634K, capacity 58788K, committed 59008K, reserved 1101824K
  class space    used 6926K, capacity 7172K, committed 7296K, reserved 1048576K
}
Event: 12.326 GC heap before
{Heap before GC invocations=7 (full 3):
 PSYoungGen      total 611840K, used 19790K [0x00000000d5580000, 0x0000000100000000, 0x0000000100000000)
  eden space 524800K, 0% used [0x00000000d5580000,0x00000000d5580000,0x00000000f5600000)
  from space 87040K, 22% used [0x00000000fab00000,0x00000000fbe53948,0x0000000100000000)
  to   space 87040K, 0% used [0x00000000f5600000,0x00000000f5600000,0x00000000fab00000)
 ParOldGen       total 1398272K, used 24302K [0x0000000080000000, 0x00000000d5580000, 0x00000000d5580000)
  object space 1398272K, 1% used [0x0000000080000000,0x00000000817bbb80,0x00000000d5580000)
 Metaspace       used 57634K, capacity 58788K, committed 59008K, reserved 1101824K
  class space    used 6926K, capacity 7172K, committed 7296K, reserved 1048576K
Event: 12.623 GC heap after
Heap after GC invocations=7 (full 3):
 PSYoungGen      total 611840K, used 0K [0x00000000d5580000, 0x0000000100000000, 0x0000000100000000)
  eden space 524800K, 0% used [0x00000000d5580000,0x00000000d5580000,0x00000000f5600000)
  from space 87040K, 0% used [0x00000000fab00000,0x00000000fab00000,0x0000000100000000)
  to   space 87040K, 0% used [0x00000000f5600000,0x00000000f5600000,0x00000000fab00000)
 ParOldGen       total 1398272K, used 32326K [0x0000000080000000, 0x00000000d5580000, 0x00000000d5580000)
  object space 1398272K, 2% used [0x0000000080000000,0x0000000081f91810,0x00000000d5580000)
 Metaspace       used 57525K, capacity 58530K, committed 59008K, reserved 1101824K
  class space    used 6889K, capacity 7107K, committed 7296K, reserved 1048576K
}
Event: 23.113 GC heap before
{Heap before GC invocations=8 (full 3):
 PSYoungGen      total 611840K, used 524800K [0x00000000d5580000, 0x0000000100000000, 0x0000000100000000)
  eden space 524800K, 100% used [0x00000000d5580000,0x00000000f5600000,0x00000000f5600000)
  from space 87040K, 0% used [0x00000000fab00000,0x00000000fab00000,0x0000000100000000)
  to   space 87040K, 0% used [0x00000000f5600000,0x00000000f5600000,0x00000000fab00000)
 ParOldGen       total 1398272K, used 32326K [0x0000000080000000, 0x00000000d5580000, 0x00000000d5580000)
  object space 1398272K, 2% used [0x0000000080000000,0x0000000081f91810,0x00000000d5580000)
 Metaspace       used 76218K, capacity 79238K, committed 79360K, reserved 1120256K
  class space    used 8882K, capacity 9445K, committed 9472K, reserved 1048576K
Event: 23.227 GC heap after
Heap after GC invocations=8 (full 3):
 PSYoungGen      total 608256K, used 83169K [0x00000000d5580000, 0x00000000fd800000, 0x0000000100000000)
  eden space 524800K, 0% used [0x00000000d5580000,0x00000000d5580000,0x00000000f5600000)
  from space 83456K, 99% used [0x00000000f5600000,0x00000000fa738598,0x00000000fa780000)
  to   space 49664K, 0% used [0x00000000fa780000,0x00000000fa780000,0x00000000fd800000)
 ParOldGen       total 1398272K, used 32326K [0x0000000080000000, 0x00000000d5580000, 0x00000000d5580000)
  object space 1398272K, 2% used [0x0000000080000000,0x0000000081f91810,0x00000000d5580000)
 Metaspace       used 76218K, capacity 79238K, committed 79360K, reserved 1120256K
  class space    used 8882K, capacity 9445K, committed 9472K, reserved 1048576K
}
Event: 30.659 GC heap before
{Heap before GC invocations=9 (full 3):
 PSYoungGen      total 608256K, used 607969K [0x00000000d5580000, 0x00000000fd800000, 0x0000000100000000)
  eden space 524800K, 100% used [0x00000000d5580000,0x00000000f5600000,0x00000000f5600000)
  from space 83456K, 99% used [0x00000000f5600000,0x00000000fa738598,0x00000000fa780000)
  to   space 49664K, 0% used [0x00000000fa780000,0x00000000fa780000,0x00000000fd800000)
 ParOldGen       total 1398272K, used 32326K [0x0000000080000000, 0x00000000d5580000, 0x00000000d5580000)
  object space 1398272K, 2% used [0x0000000080000000,0x0000000081f91810,0x00000000d5580000)
 Metaspace       used 80763K, capacity 84406K, committed 84608K, reserved 1124352K
  class space    used 9156K, capacity 9775K, committed 9856K, reserved 1048576K
Event: 30.720 GC heap after
Heap after GC invocations=9 (full 3):
 PSYoungGen      total 587264K, used 49003K [0x00000000d5580000, 0x0000000100000000, 0x0000000100000000)
  eden space 537600K, 0% used [0x00000000d5580000,0x00000000d5580000,0x00000000f6280000)
  from space 49664K, 98% used [0x00000000fa780000,0x00000000fd75ae90,0x00000000fd800000)
  to   space 70656K, 0% used [0x00000000f6280000,0x00000000f6280000,0x00000000fa780000)
 ParOldGen       total 1398272K, used 32334K [0x0000000080000000, 0x00000000d5580000, 0x00000000d5580000)
  object space 1398272K, 2% used [0x0000000080000000,0x0000000081f93810,0x00000000d5580000)
 Metaspace       used 80763K, capacity 84406K, committed 84608K, reserved 1124352K
  class space    used 9156K, capacity 9775K, committed 9856K, reserved 1048576K
}

