# JRE version: OpenJDK Runtime Environment (8.0_212-b04) (build 1.8.0_212-b04)
# Java VM: OpenJDK 64-Bit Server VM (25.212-b04 mixed mode linux-amd64 compressed oops)
Heap:
 PSYoungGen      total 611840K, used 316331K [0x00000000d5580000, 0x0000000100000000, 0x0000000100000000)
  eden space 524800K, 60% used [0x00000000d5580000,0x00000000e8a6aef0,0x00000000f5600000)
  from space 87040K, 0% used [0x00000000fab00000,0x00000000fab00000,0x0000000100000000)
  to   space 87040K, 0% used [0x00000000f5600000,0x00000000f5600000,0x00000000fab00000)
 ParOldGen       total 1398272K, used 29685K [0x0000000080000000, 0x00000000d5580000, 0x00000000d5580000)
  object space 1398272K, 2% used [0x0000000080000000,0x0000000081cfd718,0x00000000d5580000)
 Metaspace       used 66473K, capacity 69410K, committed 69632K, reserved 1110016K
  class space    used 7639K, capacity 8187K, committed 8192K, reserved 1048576K
GC Heap History (10 events):
Event: 4.911 GC heap before
{Heap before GC invocations=3 (full 1):
 PSYoungGen      total 611840K, used 430345K [0x00000000d5580000, 0x0000000100000000, 0x0000000100000000)
  eden space 524800K, 82% used [0x00000000d5580000,0x00000000ef9c2608,0x00000000f5600000)
  from space 87040K, 0% used [0x00000000f5600000,0x00000000f5600000,0x00000000fab00000)
  to   space 87040K, 0% used [0x00000000fab00000,0x00000000fab00000,0x0000000100000000)
 ParOldGen       total 908288K, used 18605K [0x0000000080000000, 0x00000000b7700000, 0x00000000d5580000)
  object space 908288K, 2% used [0x0000000080000000,0x000000008122b6a0,0x00000000b7700000)
 Metaspace       used 34806K, capacity 35154K, committed 35456K, reserved 1081344K
  class space    used 3982K, capacity 4101K, committed 4224K, reserved 1048576K
Event: 4.950 GC heap after
Heap after GC invocations=3 (full 1):
 PSYoungGen      total 611840K, used 14328K [0x00000000d5580000, 0x0000000100000000, 0x0000000100000000)
  eden space 524800K, 0% used [0x00000000d5580000,0x00000000d5580000,0x00000000f5600000)
  from space 87040K, 16% used [0x00000000fab00000,0x00000000fb8fe040,0x0000000100000000)
  to   space 87040K, 0% used [0x00000000f5600000,0x00000000f5600000,0x00000000fab00000)
 ParOldGen       total 908288K, used 18677K [0x0000000080000000, 0x00000000b7700000, 0x00000000d5580000)
  object space 908288K, 2% used [0x0000000080000000,0x000000008123d6b0,0x00000000b7700000)
 Metaspace       used 34806K, capacity 35154K, committed 35456K, reserved 1081344K
  class space    used 3982K, capacity 4101K, committed 4224K, reserved 1048576K
}
Event: 4.950 GC heap before
{Heap before GC invocations=4 (full 2):
 PSYoungGen      total 611840K, used 14328K [0x00000000d5580000, 0x0000000100000000, 0x0000000100000000)
  eden space 524800K, 0% used [0x00000000d5580000,0x00000000d5580000,0x00000000f5600000)
  from space 87040K, 16% used [0x00000000fab00000,0x00000000fb8fe040,0x0000000100000000)
  to   space 87040K, 0% used [0x00000000f5600000,0x00000000f5600000,0x00000000fab00000)
 ParOldGen       total 908288K, used 18677K [0x0000000080000000, 0x00000000b7700000, 0x00000000d5580000)
  object space 908288K, 2% used [0x0000000080000000,0x000000008123d6b0,0x00000000b7700000)
 Metaspace       used 34806K, capacity 35154K, committed 35456K, reserved 1081344K
  class space    used 3982K, capacity 4101K, committed 4224K, reserved 1048576K
Event: 5.068 GC heap after
Heap after GC invocations=4 (full 2):
 PSYoungGen      total 611840K, used 0K [0x00000000d5580000, 0x0000000100000000, 0x0000000100000000)
  eden space 524800K, 0% used [0x00000000d5580000,0x00000000d5580000,0x00000000f5600000)
  from space 87040K, 0% used [0x00000000fab00000,0x00000000fab00000,0x0000000100000000)
  to   space 87040K, 0% used [0x00000000f5600000,0x00000000f5600000,0x00000000fab00000)
 ParOldGen       total 1398272K, used 22556K [0x0000000080000000, 0x00000000d5580000, 0x00000000d5580000)
  object space 1398272K, 1% used [0x0000000080000000,0x00000000816070d8,0x00000000d5580000)
 Metaspace       used 34806K, capacity 35154K, committed 35456K, reserved 1081344K
  class space    used 3982K, capacity 4101K, committed 4224K, reserved 1048576K
}
Event: 10.675 GC heap before
{Heap before GC invocations=5 (full 2):
 PSYoungGen      total 611840K, used 524800K [0x00000000d5580000, 0x0000000100000000, 0x0000000100000000)
  eden space 524800K, 100% used [0x00000000d5580000,0x00000000f5600000,0x00000000f5600000)
  from space 87040K, 0% used [0x00000000fab00000,0x00000000fab00000,0x0000000100000000)
  to   space 87040K, 0% used [0x00000000f5600000,0x00000000f5600000,0x00000000fab00000)
 ParOldGen       total 1398272K, used 22556K [0x0000000080000000, 0x00000000d5580000, 0x00000000d5580000)
  object space 1398272K, 1% used [0x0000000080000000,0x00000000816070d8,0x00000000d5580000)
 Metaspace       used 52121K, capacity 53306K, committed 53504K, reserved 1095680K
  class space    used 6128K, capacity 6391K, committed 6400K, reserved 1048576K
Event: 10.718 GC heap after
Heap after GC invocations=5 (full 2):
 PSYoungGen      total 611840K, used 24918K [0x00000000d5580000, 0x0000000100000000, 0x0000000100000000)
  eden space 524800K, 0% used [0x00000000d5580000,0x00000000d5580000,0x00000000f5600000)
  from space 87040K, 28% used [0x00000000f5600000,0x00000000f6e55850,0x00000000fab00000)
  to   space 87040K, 0% used [0x00000000fab00000,0x00000000fab00000,0x0000000100000000)
 ParOldGen       total 1398272K, used 22564K [0x0000000080000000, 0x00000000d5580000, 0x00000000d5580000)
  object space 1398272K, 1% used [0x0000000080000000,0x00000000816090d8,0x00000000d5580000)
 Metaspace       used 52121K, capacity 53306K, committed 53504K, reserved 1095680K
  class space    used 6128K, capacity 6391K, committed 6400K, reserved 1048576K
}
Event: 11.543 GC heap before
{Heap before GC invocations=6 (full 2):
 PSYoungGen      total 611840K, used 149288K [0x00000000d5580000, 0x0000000100000000, 0x0000000100000000)
  eden space 524800K, 23% used [0x00000000d5580000,0x00000000dcef4a50,0x00000000f5600000)
  from space 87040K, 28% used [0x00000000f5600000,0x00000000f6e55850,0x00000000fab00000)
  to   space 87040K, 0% used [0x00000000fab00000,0x00000000fab00000,0x0000000100000000)
 ParOldGen       total 1398272K, used 22564K [0x0000000080000000, 0x00000000d5580000, 0x00000000d5580000)
  object space 1398272K, 1% used [0x0000000080000000,0x00000000816090d8,0x00000000d5580000)
 Metaspace       used 57581K, capacity 58920K, committed 59096K, reserved 1101824K
  class space    used 6699K, capacity 6968K, committed 7040K, reserved 1048576K
Event: 11.578 GC heap after
Heap after GC invocations=6 (full 2):
 PSYoungGen      total 611840K, used 17339K [0x00000000d5580000, 0x0000000100000000, 0x0000000100000000)
  eden space 524800K, 0% used [0x00000000d5580000,0x00000000d5580000,0x00000000f5600000)
  from space 87040K, 19% used [0x00000000fab00000,0x00000000fbbeef48,0x0000000100000000)
  to   space 87040K, 0% used [0x00000000f5600000,0x00000000f5600000,0x00000000fab00000)
 ParOldGen       total 1398272K, used 22572K [0x0000000080000000, 0x00000000d5580000, 0x00000000d5580000)
  object space 1398272K, 1% used [0x0000000080000000,0x000000008160b0d8,0x00000000d5580000)
 Metaspace       used 57581K, capacity 58920K, committed 59096K, reserved 1101824K
  class space    used 6699K, capacity 6968K, committed 7040K, reserved 1048576K
}
Event: 11.578 GC heap before
{Heap before GC invocations=7 (full 3):
 PSYoungGen      total 611840K, used 17339K [0x00000000d5580000, 0x0000000100000000, 0x0000000100000000)
  eden space 524800K, 0% used [0x00000000d5580000,0x00000000d5580000,0x00000000f5600000)
  from space 87040K, 19% used [0x00000000fab00000,0x00000000fbbeef48,0x0000000100000000)
  to   space 87040K, 0% used [0x00000000f5600000,0x00000000f5600000,0x00000000fab00000)
 ParOldGen       total 1398272K, used 22572K [0x0000000080000000, 0x00000000d5580000, 0x00000000d5580000)
  object space 1398272K, 1% used [0x0000000080000000,0x000000008160b0d8,0x00000000d5580000)
 Metaspace       used 57581K, capacity 58920K, committed 59096K, reserved 1101824K
  class space    used 6699K, capacity 6968K, committed 7040K, reserved 1048576K
Event: 11.835 GC heap after
Heap after GC invocations=7 (full 3):
 PSYoungGen      total 611840K, used 0K [0x00000000d5580000, 0x0000000100000000, 0x0000000100000000)
  eden space 524800K, 0% used [0x00000000d5580000,0x00000000d5580000,0x00000000f5600000)
  from space 87040K, 0% used [0x00000000fab00000,0x00000000fab00000,0x0000000100000000)
  to   space 87040K, 0% used [0x00000000f5600000,0x00000000f5600000,0x00000000fab00000)
 ParOldGen       total 1398272K, used 29685K [0x0000000080000000, 0x00000000d5580000, 0x00000000d5580000)
  object space 1398272K, 2% used [0x0000000080000000,0x0000000081cfd718,0x00000000d5580000)
 Metaspace       used 57511K, capacity 58752K, committed 59096K, reserved 1101824K
  class space    used 6674K, capacity 6924K, committed 7040K, reserved 1048576K
}

