# JRE version: OpenJDK Runtime Environment (8.0_212-b04) (build 1.8.0_212-b04)
# Java VM: OpenJDK 64-Bit Server VM (25.212-b04 mixed mode linux-amd64 compressed oops)
Heap:
 PSYoungGen      total 404480K, used 256200K [0x00000000d5580000, 0x0000000100000000, 0x0000000100000000)
  eden space 373248K, 60% used [0x00000000d5580000,0x00000000e3138bf8,0x00000000ec200000)
  from space 31232K, 99% used [0x00000000f8d00000,0x00000000fab79628,0x00000000fab80000)
  to   space 162816K, 0% used [0x00000000ec200000,0x00000000ec200000,0x00000000f6100000)
 ParOldGen       total 1398272K, used 982037K [0x0000000080000000, 0x00000000d5580000, 0x00000000d5580000)
  object space 1398272K, 70% used [0x0000000080000000,0x00000000bbf05550,0x00000000d5580000)
 Metaspace       used 65535K, capacity 68290K, committed 68480K, reserved 1110016K
  class space    used 7464K, capacity 7961K, committed 8064K, reserved 1048576K
GC Heap History (10 events):
Event: 8.283 GC heap before
{Heap before GC invocations=5 (full 2):
 PSYoungGen      total 611840K, used 524800K [0x00000000d5580000, 0x0000000100000000, 0x0000000100000000)
  eden space 524800K, 100% used [0x00000000d5580000,0x00000000f5600000,0x00000000f5600000)
  from space 87040K, 0% used [0x00000000fab00000,0x00000000fab00000,0x0000000100000000)
  to   space 87040K, 0% used [0x00000000f5600000,0x00000000f5600000,0x00000000fab00000)
 ParOldGen       total 1398272K, used 23942K [0x0000000080000000, 0x00000000d5580000, 0x00000000d5580000)
  object space 1398272K, 1% used [0x0000000080000000,0x0000000081761830,0x00000000d5580000)
 Metaspace       used 44487K, capacity 45372K, committed 45568K, reserved 1089536K
  class space    used 5160K, capacity 5370K, committed 5376K, reserved 1048576K
Event: 8.318 GC heap after
Heap after GC invocations=5 (full 2):
 PSYoungGen      total 611840K, used 16887K [0x00000000d5580000, 0x0000000100000000, 0x0000000100000000)
  eden space 524800K, 0% used [0x00000000d5580000,0x00000000d5580000,0x00000000f5600000)
  from space 87040K, 19% used [0x00000000f5600000,0x00000000f667df48,0x00000000fab00000)
  to   space 87040K, 0% used [0x00000000fab00000,0x00000000fab00000,0x0000000100000000)
 ParOldGen       total 1398272K, used 23950K [0x0000000080000000, 0x00000000d5580000, 0x00000000d5580000)
  object space 1398272K, 1% used [0x0000000080000000,0x0000000081763830,0x00000000d5580000)
 Metaspace       used 44487K, capacity 45372K, committed 45568K, reserved 1089536K
  class space    used 5160K, capacity 5370K, committed 5376K, reserved 1048576K
}
Event: 12.250 GC heap before
{Heap before GC invocations=6 (full 2):
 PSYoungGen      total 611840K, used 304874K [0x00000000d5580000, 0x0000000100000000, 0x0000000100000000)
  eden space 524800K, 54% used [0x00000000d5580000,0x00000000e6ebc928,0x00000000f5600000)
  from space 87040K, 19% used [0x00000000f5600000,0x00000000f667df48,0x00000000fab00000)
  to   space 87040K, 0% used [0x00000000fab00000,0x00000000fab00000,0x0000000100000000)
 ParOldGen       total 1398272K, used 23950K [0x0000000080000000, 0x00000000d5580000, 0x00000000d5580000)
  object space 1398272K, 1% used [0x0000000080000000,0x0000000081763830,0x00000000d5580000)
 Metaspace       used 57420K, capacity 58776K, committed 59008K, reserved 1101824K
  class space    used 6627K, capacity 6918K, committed 7040K, reserved 1048576K
Event: 12.304 GC heap after
Heap after GC invocations=6 (full 2):
 PSYoungGen      total 611840K, used 30285K [0x00000000d5580000, 0x0000000100000000, 0x0000000100000000)
  eden space 524800K, 0% used [0x00000000d5580000,0x00000000d5580000,0x00000000f5600000)
  from space 87040K, 34% used [0x00000000fab00000,0x00000000fc8937a8,0x0000000100000000)
  to   space 87040K, 0% used [0x00000000f5600000,0x00000000f5600000,0x00000000fab00000)
 ParOldGen       total 1398272K, used 23958K [0x0000000080000000, 0x00000000d5580000, 0x00000000d5580000)
  object space 1398272K, 1% used [0x0000000080000000,0x0000000081765830,0x00000000d5580000)
 Metaspace       used 57420K, capacity 58776K, committed 59008K, reserved 1101824K
  class space    used 6627K, capacity 6918K, committed 7040K, reserved 1048576K
}
Event: 12.304 GC heap before
{Heap before GC invocations=7 (full 3):
 PSYoungGen      total 611840K, used 30285K [0x00000000d5580000, 0x0000000100000000, 0x0000000100000000)
  eden space 524800K, 0% used [0x00000000d5580000,0x00000000d5580000,0x00000000f5600000)
  from space 87040K, 34% used [0x00000000fab00000,0x00000000fc8937a8,0x0000000100000000)
  to   space 87040K, 0% used [0x00000000f5600000,0x00000000f5600000,0x00000000fab00000)
 ParOldGen       total 1398272K, used 23958K [0x0000000080000000, 0x00000000d5580000, 0x00000000d5580000)
  object space 1398272K, 1% used [0x0000000080000000,0x0000000081765830,0x00000000d5580000)
 Metaspace       used 57420K, capacity 58776K, committed 59008K, reserved 1101824K
  class space    used 6627K, capacity 6918K, committed 7040K, reserved 1048576K
Event: 12.602 GC heap after
Heap after GC invocations=7 (full 3):
 PSYoungGen      total 611840K, used 0K [0x00000000d5580000, 0x0000000100000000, 0x0000000100000000)
  eden space 524800K, 0% used [0x00000000d5580000,0x00000000d5580000,0x00000000f5600000)
  from space 87040K, 0% used [0x00000000fab00000,0x00000000fab00000,0x0000000100000000)
  to   space 87040K, 0% used [0x00000000f5600000,0x00000000f5600000,0x00000000fab00000)
 ParOldGen       total 1398272K, used 41531K [0x0000000080000000, 0x00000000d5580000, 0x00000000d5580000)
  object space 1398272K, 2% used [0x0000000080000000,0x000000008288ee60,0x00000000d5580000)
 Metaspace       used 57391K, capacity 58704K, committed 59008K, reserved 1101824K
  class space    used 6616K, capacity 6900K, committed 7040K, reserved 1048576K
}
Event: 19.392 GC heap before
{Heap before GC invocations=8 (full 3):
 PSYoungGen      total 611840K, used 350394K [0x00000000d5580000, 0x0000000100000000, 0x0000000100000000)
  eden space 524800K, 66% used [0x00000000d5580000,0x00000000eabaea10,0x00000000f5600000)
  from space 87040K, 0% used [0x00000000fab00000,0x00000000fab00000,0x0000000100000000)
  to   space 87040K, 0% used [0x00000000f5600000,0x00000000f5600000,0x00000000fab00000)
 ParOldGen       total 1398272K, used 41531K [0x0000000080000000, 0x00000000d5580000, 0x00000000d5580000)
  object space 1398272K, 2% used [0x0000000080000000,0x000000008288ee60,0x00000000d5580000)
 Metaspace       used 59915K, capacity 61878K, committed 62208K, reserved 1103872K
  class space    used 6955K, capacity 7317K, committed 7424K, reserved 1048576K
Event: 19.725 GC heap after
Heap after GC invocations=8 (full 3):
 PSYoungGen      total 533504K, used 8259K [0x00000000d5580000, 0x00000000fab80000, 0x0000000100000000)
  eden space 524800K, 0% used [0x00000000d5580000,0x00000000d5580000,0x00000000f5600000)
  from space 8704K, 94% used [0x00000000f5600000,0x00000000f5e10e90,0x00000000f5e80000)
  to   space 31232K, 0% used [0x00000000f8d00000,0x00000000f8d00000,0x00000000fab80000)
 ParOldGen       total 1398272K, used 451139K [0x0000000080000000, 0x00000000d5580000, 0x00000000d5580000)
  object space 1398272K, 32% used [0x0000000080000000,0x000000009b890e80,0x00000000d5580000)
 Metaspace       used 59915K, capacity 61878K, committed 62208K, reserved 1103872K
  class space    used 6955K, capacity 7317K, committed 7424K, reserved 1048576K
}
Event: 23.775 GC heap before
{Heap before GC invocations=9 (full 3):
 PSYoungGen      total 533504K, used 532058K [0x00000000d5580000, 0x00000000fab80000, 0x0000000100000000)
  eden space 524800K, 99% used [0x00000000d5580000,0x00000000f5505b28,0x00000000f5600000)
  from space 8704K, 94% used [0x00000000f5600000,0x00000000f5e10e90,0x00000000f5e80000)
  to   space 31232K, 0% used [0x00000000f8d00000,0x00000000f8d00000,0x00000000fab80000)
 ParOldGen       total 1398272K, used 758339K [0x0000000080000000, 0x00000000d5580000, 0x00000000d5580000)
  object space 1398272K, 54% used [0x0000000080000000,0x00000000ae490e90,0x00000000d5580000)
 Metaspace       used 64807K, capacity 67492K, committed 67712K, reserved 1110016K
  class space    used 7461K, capacity 7956K, committed 8064K, reserved 1048576K
Event: 23.941 GC heap after
Heap after GC invocations=9 (full 3):
 PSYoungGen      total 404480K, used 31205K [0x00000000d5580000, 0x0000000100000000, 0x0000000100000000)
  eden space 373248K, 0% used [0x00000000d5580000,0x00000000d5580000,0x00000000ec200000)
  from space 31232K, 99% used [0x00000000f8d00000,0x00000000fab79628,0x00000000fab80000)
  to   space 162816K, 0% used [0x00000000ec200000,0x00000000ec200000,0x00000000f6100000)
 ParOldGen       total 1398272K, used 982037K [0x0000000080000000, 0x00000000d5580000, 0x00000000d5580000)
  object space 1398272K, 70% used [0x0000000080000000,0x00000000bbf05550,0x00000000d5580000)
 Metaspace       used 64807K, capacity 67492K, committed 67712K, reserved 1110016K
  class space    used 7461K, capacity 7956K, committed 8064K, reserved 1048576K
}

