# JRE version: OpenJDK Runtime Environment (8.0_212-b04) (build 1.8.0_212-b04)
# Java VM: OpenJDK 64-Bit Server VM (25.212-b04 mixed mode linux-amd64 compressed oops)
Heap:
 PSYoungGen      total 611840K, used 514299K [0x00000000d5580000, 0x0000000100000000, 0x0000000100000000)
  eden space 524800K, 97% used [0x00000000d5580000,0x00000000f4bbecf8,0x00000000f5600000)
  from space 87040K, 0% used [0x00000000f5600000,0x00000000f5600000,0x00000000fab00000)
  to   space 87040K, 0% used [0x00000000fab00000,0x00000000fab00000,0x0000000100000000)
 ParOldGen       total 1398272K, used 44624K [0x0000000080000000, 0x00000000d5580000, 0x00000000d5580000)
  object space 1398272K, 3% used [0x0000000080000000,0x0000000082b94350,0x00000000d5580000)
 Metaspace       used 66455K, capacity 69350K, committed 69632K, reserved 1110016K
  class space    used 7605K, capacity 8141K, committed 8192K, reserved 1048576K
GC Heap History (10 events):
Event: 2.126 GC heap before
{Heap before GC invocations=2 (full 1):
 PSYoungGen      total 611840K, used 14302K [0x00000000d5580000, 0x0000000100000000, 0x0000000100000000)
  eden space 524800K, 0% used [0x00000000d5580000,0x00000000d5580000,0x00000000f5600000)
  from space 87040K, 16% used [0x00000000f5600000,0x00000000f63f7ac8,0x00000000fab00000)
  to   space 87040K, 0% used [0x00000000fab00000,0x00000000fab00000,0x0000000100000000)
 ParOldGen       total 1398272K, used 80K [0x0000000080000000, 0x00000000d5580000, 0x00000000d5580000)
  object space 1398272K, 0% used [0x0000000080000000,0x0000000080014010,0x00000000d5580000)
 Metaspace       used 20832K, capacity 21106K, committed 21248K, reserved 1069056K
  class space    used 2370K, capacity 2482K, committed 2560K, reserved 1048576K
Event: 2.207 GC heap after
Heap after GC invocations=2 (full 1):
 PSYoungGen      total 611840K, used 0K [0x00000000d5580000, 0x0000000100000000, 0x0000000100000000)
  eden space 524800K, 0% used [0x00000000d5580000,0x00000000d5580000,0x00000000f5600000)
  from space 87040K, 0% used [0x00000000f5600000,0x00000000f5600000,0x00000000fab00000)
  to   space 87040K, 0% used [0x00000000fab00000,0x00000000fab00000,0x0000000100000000)
 ParOldGen       total 872960K, used 13761K [0x0000000080000000, 0x00000000b5480000, 0x00000000d5580000)
  object space 872960K, 1% used [0x0000000080000000,0x0000000080d70758,0x00000000b5480000)
 Metaspace       used 20832K, capacity 21106K, committed 21248K, reserved 1069056K
  class space    used 2370K, capacity 2482K, committed 2560K, reserved 1048576K
}
Event: 4.499 GC heap before
{Heap before GC invocations=3 (full 1):
 PSYoungGen      total 611840K, used 424532K [0x00000000d5580000, 0x0000000100000000, 0x0000000100000000)
  eden space 524800K, 80% used [0x00000000d5580000,0x00000000ef415310,0x00000000f5600000)
  from space 87040K, 0% used [0x00000000f5600000,0x00000000f5600000,0x00000000fab00000)
  to   space 87040K, 0% used [0x00000000fab00000,0x00000000fab00000,0x0000000100000000)
 ParOldGen       total 872960K, used 13761K [0x0000000080000000, 0x00000000b5480000, 0x00000000d5580000)
  object space 872960K, 1% used [0x0000000080000000,0x0000000080d70758,0x00000000b5480000)
 Metaspace       used 34758K, capacity 35124K, committed 35416K, reserved 1081344K
  class space    used 3977K, capacity 4092K, committed 4096K, reserved 1048576K
Event: 4.536 GC heap after
Heap after GC invocations=3 (full 1):
 PSYoungGen      total 611840K, used 19171K [0x00000000d5580000, 0x0000000100000000, 0x0000000100000000)
  eden space 524800K, 0% used [0x00000000d5580000,0x00000000d5580000,0x00000000f5600000)
  from space 87040K, 22% used [0x00000000fab00000,0x00000000fbdb8ef0,0x0000000100000000)
  to   space 87040K, 0% used [0x00000000f5600000,0x00000000f5600000,0x00000000fab00000)
 ParOldGen       total 872960K, used 13769K [0x0000000080000000, 0x00000000b5480000, 0x00000000d5580000)
  object space 872960K, 1% used [0x0000000080000000,0x0000000080d72758,0x00000000b5480000)
 Metaspace       used 34758K, capacity 35124K, committed 35416K, reserved 1081344K
  class space    used 3977K, capacity 4092K, committed 4096K, reserved 1048576K
}
Event: 4.536 GC heap before
{Heap before GC invocations=4 (full 2):
 PSYoungGen      total 611840K, used 19171K [0x00000000d5580000, 0x0000000100000000, 0x0000000100000000)
  eden space 524800K, 0% used [0x00000000d5580000,0x00000000d5580000,0x00000000f5600000)
  from space 87040K, 22% used [0x00000000fab00000,0x00000000fbdb8ef0,0x0000000100000000)
  to   space 87040K, 0% used [0x00000000f5600000,0x00000000f5600000,0x00000000fab00000)
 ParOldGen       total 872960K, used 13769K [0x0000000080000000, 0x00000000b5480000, 0x00000000d5580000)
  object space 872960K, 1% used [0x0000000080000000,0x0000000080d72758,0x00000000b5480000)
 Metaspace       used 34758K, capacity 35124K, committed 35416K, reserved 1081344K
  class space    used 3977K, capacity 4092K, committed 4096K, reserved 1048576K
Event: 4.632 GC heap after
Heap after GC invocations=4 (full 2):
 PSYoungGen      total 611840K, used 0K [0x00000000d5580000, 0x0000000100000000, 0x0000000100000000)
  eden space 524800K, 0% used [0x00000000d5580000,0x00000000d5580000,0x00000000f5600000)
  from space 87040K, 0% used [0x00000000fab00000,0x00000000fab00000,0x0000000100000000)
  to   space 87040K, 0% used [0x00000000f5600000,0x00000000f5600000,0x00000000fab00000)
 ParOldGen       total 1398272K, used 23591K [0x0000000080000000, 0x00000000d5580000, 0x00000000d5580000)
  object space 1398272K, 1% used [0x0000000080000000,0x0000000081709cc0,0x00000000d5580000)
 Metaspace       used 34758K, capacity 35124K, committed 35416K, reserved 1081344K
  class space    used 3977K, capacity 4092K, committed 4096K, reserved 1048576K
}
Event: 11.788 GC heap before
{Heap before GC invocations=5 (full 2):
 PSYoungGen      total 611840K, used 510979K [0x00000000d5580000, 0x0000000100000000, 0x0000000100000000)
  eden space 524800K, 97% used [0x00000000d5580000,0x00000000f4880f10,0x00000000f5600000)
  from space 87040K, 0% used [0x00000000fab00000,0x00000000fab00000,0x0000000100000000)
  to   space 87040K, 0% used [0x00000000f5600000,0x00000000f5600000,0x00000000fab00000)
 ParOldGen       total 1398272K, used 23591K [0x0000000080000000, 0x00000000d5580000, 0x00000000d5580000)
  object space 1398272K, 1% used [0x0000000080000000,0x0000000081709cc0,0x00000000d5580000)
 Metaspace       used 57439K, capacity 58820K, committed 59008K, reserved 1101824K
  class space    used 6649K, capacity 6938K, committed 7040K, reserved 1048576K
Event: 11.881 GC heap after
Heap after GC invocations=5 (full 2):
 PSYoungGen      total 611840K, used 34196K [0x00000000d5580000, 0x0000000100000000, 0x0000000100000000)
  eden space 524800K, 0% used [0x00000000d5580000,0x00000000d5580000,0x00000000f5600000)
  from space 87040K, 39% used [0x00000000f5600000,0x00000000f77650a8,0x00000000fab00000)
  to   space 87040K, 0% used [0x00000000fab00000,0x00000000fab00000,0x0000000100000000)
 ParOldGen       total 1398272K, used 23599K [0x0000000080000000, 0x00000000d5580000, 0x00000000d5580000)
  object space 1398272K, 1% used [0x0000000080000000,0x000000008170bcc0,0x00000000d5580000)
 Metaspace       used 57439K, capacity 58820K, committed 59008K, reserved 1101824K
  class space    used 6649K, capacity 6938K, committed 7040K, reserved 1048576K
}
Event: 11.881 GC heap before
{Heap before GC invocations=6 (full 3):
 PSYoungGen      total 611840K, used 34196K [0x00000000d5580000, 0x0000000100000000, 0x0000000100000000)
  eden space 524800K, 0% used [0x00000000d5580000,0x00000000d5580000,0x00000000f5600000)
  from space 87040K, 39% used [0x00000000f5600000,0x00000000f77650a8,0x00000000fab00000)
  to   space 87040K, 0% used [0x00000000fab00000,0x00000000fab00000,0x0000000100000000)
 ParOldGen       total 1398272K, used 23599K [0x0000000080000000, 0x00000000d5580000, 0x00000000d5580000)
  object space 1398272K, 1% used [0x0000000080000000,0x000000008170bcc0,0x00000000d5580000)
 Metaspace       used 57439K, capacity 58820K, committed 59008K, reserved 1101824K
  class space    used 6649K, capacity 6938K, committed 7040K, reserved 1048576K
Event: 12.143 GC heap after
Heap after GC invocations=6 (full 3):
 PSYoungGen      total 611840K, used 0K [0x00000000d5580000, 0x0000000100000000, 0x0000000100000000)
  eden space 524800K, 0% used [0x00000000d5580000,0x00000000d5580000,0x00000000f5600000)
  from space 87040K, 0% used [0x00000000f5600000,0x00000000f5600000,0x00000000fab00000)
  to   space 87040K, 0% used [0x00000000fab00000,0x00000000fab00000,0x0000000100000000)
 ParOldGen       total 1398272K, used 44624K [0x0000000080000000, 0x00000000d5580000, 0x00000000d5580000)
  object space 1398272K, 3% used [0x0000000080000000,0x0000000082b94350,0x00000000d5580000)
 Metaspace       used 57404K, capacity 58742K, committed 59008K, reserved 1101824K
  class space    used 6637K, capacity 6917K, committed 7040K, reserved 1048576K
}

