# JRE version: OpenJDK Runtime Environment (8.0_212-b04) (build 1.8.0_212-b04)
# Java VM: OpenJDK 64-Bit Server VM (25.212-b04 mixed mode linux-amd64 compressed oops)
Heap:
 PSYoungGen      total 581632K, used 197059K [0x00000000d5580000, 0x0000000100000000, 0x0000000100000000)
  eden space 464384K, 31% used [0x00000000d5580000,0x00000000de47dac8,0x00000000f1b00000)
  from space 117248K, 43% used [0x00000000f1b00000,0x00000000f4c73420,0x00000000f8d80000)
  to   space 109056K, 0% used [0x00000000f9580000,0x00000000f9580000,0x0000000100000000)
 ParOldGen       total 1398272K, used 91900K [0x0000000080000000, 0x00000000d5580000, 0x00000000d5580000)
  object space 1398272K, 6% used [0x0000000080000000,0x00000000859bf1b8,0x00000000d5580000)
 Metaspace       used 67713K, capacity 70848K, committed 70912K, reserved 1112064K
  class space    used 7583K, capacity 8132K, committed 8192K, reserved 1048576K
GC Heap History (10 events):
Event: 12.313 GC heap before
{Heap before GC invocations=6 (full 2):
 PSYoungGen      total 611840K, used 182675K [0x00000000d5580000, 0x0000000100000000, 0x0000000100000000)
  eden space 524800K, 30% used [0x00000000d5580000,0x00000000def66588,0x00000000f5600000)
  from space 87040K, 28% used [0x00000000f5600000,0x00000000f6e7e7a0,0x00000000fab00000)
  to   space 87040K, 0% used [0x00000000fab00000,0x00000000fab00000,0x0000000100000000)
 ParOldGen       total 1398272K, used 23616K [0x0000000080000000, 0x00000000d5580000, 0x00000000d5580000)
  object space 1398272K, 1% used [0x0000000080000000,0x0000000081710198,0x00000000d5580000)
 Metaspace       used 57311K, capacity 58874K, committed 59008K, reserved 1101824K
  class space    used 6644K, capacity 6967K, committed 7040K, reserved 1048576K
Event: 12.344 GC heap after
Heap after GC invocations=6 (full 2):
 PSYoungGen      total 611840K, used 21989K [0x00000000d5580000, 0x0000000100000000, 0x0000000100000000)
  eden space 524800K, 0% used [0x00000000d5580000,0x00000000d5580000,0x00000000f5600000)
  from space 87040K, 25% used [0x00000000fab00000,0x00000000fc079480,0x0000000100000000)
  to   space 87040K, 0% used [0x00000000f5600000,0x00000000f5600000,0x00000000fab00000)
 ParOldGen       total 1398272K, used 23624K [0x0000000080000000, 0x00000000d5580000, 0x00000000d5580000)
  object space 1398272K, 1% used [0x0000000080000000,0x0000000081712198,0x00000000d5580000)
 Metaspace       used 57311K, capacity 58874K, committed 59008K, reserved 1101824K
  class space    used 6644K, capacity 6967K, committed 7040K, reserved 1048576K
}
Event: 12.344 GC heap before
{Heap before GC invocations=7 (full 3):
 PSYoungGen      total 611840K, used 21989K [0x00000000d5580000, 0x0000000100000000, 0x0000000100000000)
  eden space 524800K, 0% used [0x00000000d5580000,0x00000000d5580000,0x00000000f5600000)
  from space 87040K, 25% used [0x00000000fab00000,0x00000000fc079480,0x0000000100000000)
  to   space 87040K, 0% used [0x00000000f5600000,0x00000000f5600000,0x00000000fab00000)
 ParOldGen       total 1398272K, used 23624K [0x0000000080000000, 0x00000000d5580000, 0x00000000d5580000)
  object space 1398272K, 1% used [0x0000000080000000,0x0000000081712198,0x00000000d5580000)
 Metaspace       used 57311K, capacity 58874K, committed 59008K, reserved 1101824K
  class space    used 6644K, capacity 6967K, committed 7040K, reserved 1048576K
Event: 12.610 GC heap after
Heap after GC invocations=7 (full 3):
 PSYoungGen      total 611840K, used 0K [0x00000000d5580000, 0x0000000100000000, 0x0000000100000000)
  eden space 524800K, 0% used [0x00000000d5580000,0x00000000d5580000,0x00000000f5600000)
  from space 87040K, 0% used [0x00000000fab00000,0x00000000fab00000,0x0000000100000000)
  to   space 87040K, 0% used [0x00000000f5600000,0x00000000f5600000,0x00000000fab00000)
 ParOldGen       total 1398272K, used 33367K [0x0000000080000000, 0x00000000d5580000, 0x00000000d5580000)
  object space 1398272K, 2% used [0x0000000080000000,0x0000000082095de0,0x00000000d5580000)
 Metaspace       used 57246K, capacity 58702K, committed 59008K, reserved 1101824K
  class space    used 6622K, capacity 6927K, committed 7040K, reserved 1048576K
}
Event: 27.082 GC heap before
{Heap before GC invocations=8 (full 3):
 PSYoungGen      total 611840K, used 524800K [0x00000000d5580000, 0x0000000100000000, 0x0000000100000000)
  eden space 524800K, 100% used [0x00000000d5580000,0x00000000f5600000,0x00000000f5600000)
  from space 87040K, 0% used [0x00000000fab00000,0x00000000fab00000,0x0000000100000000)
  to   space 87040K, 0% used [0x00000000f5600000,0x00000000f5600000,0x00000000fab00000)
 ParOldGen       total 1398272K, used 33367K [0x0000000080000000, 0x00000000d5580000, 0x00000000d5580000)
  object space 1398272K, 2% used [0x0000000080000000,0x0000000082095de0,0x00000000d5580000)
 Metaspace       used 64619K, capacity 67240K, committed 67328K, reserved 1107968K
  class space    used 7391K, capacity 7866K, committed 7936K, reserved 1048576K
Event: 27.233 GC heap after
Heap after GC invocations=8 (full 3):
 PSYoungGen      total 611840K, used 87033K [0x00000000d5580000, 0x00000000fed00000, 0x0000000100000000)
  eden space 524800K, 0% used [0x00000000d5580000,0x00000000d5580000,0x00000000f5600000)
  from space 87040K, 99% used [0x00000000f5600000,0x00000000faafe448,0x00000000fab00000)
  to   space 67584K, 0% used [0x00000000fab00000,0x00000000fab00000,0x00000000fed00000)
 ParOldGen       total 1398272K, used 41431K [0x0000000080000000, 0x00000000d5580000, 0x00000000d5580000)
  object space 1398272K, 2% used [0x0000000080000000,0x0000000082875f68,0x00000000d5580000)
 Metaspace       used 64619K, capacity 67240K, committed 67328K, reserved 1107968K
  class space    used 7391K, capacity 7866K, committed 7936K, reserved 1048576K
}
Event: 43.366 GC heap before
{Heap before GC invocations=9 (full 3):
 PSYoungGen      total 611840K, used 611419K [0x00000000d5580000, 0x00000000fed00000, 0x0000000100000000)
  eden space 524800K, 99% used [0x00000000d5580000,0x00000000f55989b0,0x00000000f5600000)
  from space 87040K, 99% used [0x00000000f5600000,0x00000000faafe448,0x00000000fab00000)
  to   space 67584K, 0% used [0x00000000fab00000,0x00000000fab00000,0x00000000fed00000)
 ParOldGen       total 1398272K, used 41431K [0x0000000080000000, 0x00000000d5580000, 0x00000000d5580000)
  object space 1398272K, 2% used [0x0000000080000000,0x0000000082875f68,0x00000000d5580000)
 Metaspace       used 66352K, capacity 69296K, committed 69504K, reserved 1110016K
  class space    used 7526K, capacity 8064K, committed 8064K, reserved 1048576K
Event: 43.519 GC heap after
Heap after GC invocations=9 (full 3):
 PSYoungGen      total 531968K, used 67573K [0x00000000d5580000, 0x0000000100000000, 0x0000000100000000)
  eden space 464384K, 0% used [0x00000000d5580000,0x00000000d5580000,0x00000000f1b00000)
  from space 67584K, 99% used [0x00000000fab00000,0x00000000fecfd670,0x00000000fed00000)
  to   space 117248K, 0% used [0x00000000f1b00000,0x00000000f1b00000,0x00000000f8d80000)
 ParOldGen       total 1398272K, used 91900K [0x0000000080000000, 0x00000000d5580000, 0x00000000d5580000)
  object space 1398272K, 6% used [0x0000000080000000,0x00000000859bf1b8,0x00000000d5580000)
 Metaspace       used 66352K, capacity 69296K, committed 69504K, reserved 1110016K
  class space    used 7526K, capacity 8064K, committed 8064K, reserved 1048576K
}
Event: 75.380 GC heap before
{Heap before GC invocations=10 (full 3):
 PSYoungGen      total 531968K, used 531678K [0x00000000d5580000, 0x0000000100000000, 0x0000000100000000)
  eden space 464384K, 99% used [0x00000000d5580000,0x00000000f1aba320,0x00000000f1b00000)
  from space 67584K, 99% used [0x00000000fab00000,0x00000000fecfd670,0x00000000fed00000)
  to   space 117248K, 0% used [0x00000000f1b00000,0x00000000f1b00000,0x00000000f8d80000)
 ParOldGen       total 1398272K, used 91900K [0x0000000080000000, 0x00000000d5580000, 0x00000000d5580000)
  object space 1398272K, 6% used [0x0000000080000000,0x00000000859bf1b8,0x00000000d5580000)
 Metaspace       used 67324K, capacity 70454K, committed 70656K, reserved 1112064K
  class space    used 7582K, capacity 8131K, committed 8192K, reserved 1048576K
Event: 75.459 GC heap after
Heap after GC invocations=10 (full 3):
 PSYoungGen      total 581632K, used 50637K [0x00000000d5580000, 0x0000000100000000, 0x0000000100000000)
  eden space 464384K, 0% used [0x00000000d5580000,0x00000000d5580000,0x00000000f1b00000)
  from space 117248K, 43% used [0x00000000f1b00000,0x00000000f4c73420,0x00000000f8d80000)
  to   space 109056K, 0% used [0x00000000f9580000,0x00000000f9580000,0x0000000100000000)
 ParOldGen       total 1398272K, used 91900K [0x0000000080000000, 0x00000000d5580000, 0x00000000d5580000)
  object space 1398272K, 6% used [0x0000000080000000,0x00000000859bf1b8,0x00000000d5580000)
 Metaspace       used 67324K, capacity 70454K, committed 70656K, reserved 1112064K
  class space    used 7582K, capacity 8131K, committed 8192K, reserved 1048576K
}

