# JRE version: OpenJDK Runtime Environment (8.0_212-b04) (build 1.8.0_212-b04)
# Java VM: OpenJDK 64-Bit Server VM (25.212-b04 mixed mode linux-amd64 compressed oops)
Heap:
 PSYoungGen      total 603136K, used 163086K [0x00000000d5580000, 0x0000000100000000, 0x0000000100000000)
  eden space 524800K, 16% used [0x00000000d5580000,0x00000000da85ae30,0x00000000f5600000)
  from space 78336K, 99% used [0x00000000f5600000,0x00000000fa268cc0,0x00000000fa280000)
  to   space 94720K, 0% used [0x00000000fa380000,0x00000000fa380000,0x0000000100000000)
 ParOldGen       total 1398272K, used 44667K [0x0000000080000000, 0x00000000d5580000, 0x00000000d5580000)
  object space 1398272K, 3% used [0x0000000080000000,0x0000000082b9edc0,0x00000000d5580000)
 Metaspace       used 69069K, capacity 72342K, committed 72576K, reserved 1114112K
  class space    used 7677K, capacity 8275K, committed 8320K, reserved 1048576K
GC Heap History (10 events):
Event: 4.629 GC heap before
{Heap before GC invocations=4 (full 2):
 PSYoungGen      total 611840K, used 19194K [0x00000000d5580000, 0x0000000100000000, 0x0000000100000000)
  eden space 524800K, 0% used [0x00000000d5580000,0x00000000d5580000,0x00000000f5600000)
  from space 87040K, 22% used [0x00000000fab00000,0x00000000fbdbe998,0x0000000100000000)
  to   space 87040K, 0% used [0x00000000f5600000,0x00000000f5600000,0x00000000fab00000)
 ParOldGen       total 923136K, used 13764K [0x0000000080000000, 0x00000000b8580000, 0x00000000d5580000)
  object space 923136K, 1% used [0x0000000080000000,0x0000000080d713d0,0x00000000b8580000)
 Metaspace       used 34820K, capacity 35188K, committed 35416K, reserved 1081344K
  class space    used 3977K, capacity 4092K, committed 4096K, reserved 1048576K
Event: 4.747 GC heap after
Heap after GC invocations=4 (full 2):
 PSYoungGen      total 611840K, used 0K [0x00000000d5580000, 0x0000000100000000, 0x0000000100000000)
  eden space 524800K, 0% used [0x00000000d5580000,0x00000000d5580000,0x00000000f5600000)
  from space 87040K, 0% used [0x00000000fab00000,0x00000000fab00000,0x0000000100000000)
  to   space 87040K, 0% used [0x00000000f5600000,0x00000000f5600000,0x00000000fab00000)
 ParOldGen       total 1398272K, used 23574K [0x0000000080000000, 0x00000000d5580000, 0x00000000d5580000)
  object space 1398272K, 1% used [0x0000000080000000,0x0000000081705810,0x00000000d5580000)
 Metaspace       used 34820K, capacity 35188K, committed 35416K, reserved 1081344K
  class space    used 3977K, capacity 4092K, committed 4096K, reserved 1048576K
}
Event: 11.898 GC heap before
{Heap before GC invocations=5 (full 2):
 PSYoungGen      total 611840K, used 514843K [0x00000000d5580000, 0x0000000100000000, 0x0000000100000000)
  eden space 524800K, 98% used [0x00000000d5580000,0x00000000f4c46e68,0x00000000f5600000)
  from space 87040K, 0% used [0x00000000fab00000,0x00000000fab00000,0x0000000100000000)
  to   space 87040K, 0% used [0x00000000f5600000,0x00000000f5600000,0x00000000fab00000)
 ParOldGen       total 1398272K, used 23574K [0x0000000080000000, 0x00000000d5580000, 0x00000000d5580000)
  object space 1398272K, 1% used [0x0000000080000000,0x0000000081705810,0x00000000d5580000)
 Metaspace       used 57434K, capacity 58908K, committed 59028K, reserved 1101824K
  class space    used 6659K, capacity 6946K, committed 7040K, reserved 1048576K
Event: 11.972 GC heap after
Heap after GC invocations=5 (full 2):
 PSYoungGen      total 611840K, used 34141K [0x00000000d5580000, 0x0000000100000000, 0x0000000100000000)
  eden space 524800K, 0% used [0x00000000d5580000,0x00000000d5580000,0x00000000f5600000)
  from space 87040K, 39% used [0x00000000f5600000,0x00000000f77575b0,0x00000000fab00000)
  to   space 87040K, 0% used [0x00000000fab00000,0x00000000fab00000,0x0000000100000000)
 ParOldGen       total 1398272K, used 23582K [0x0000000080000000, 0x00000000d5580000, 0x00000000d5580000)
  object space 1398272K, 1% used [0x0000000080000000,0x0000000081707810,0x00000000d5580000)
 Metaspace       used 57434K, capacity 58908K, committed 59028K, reserved 1101824K
  class space    used 6659K, capacity 6946K, committed 7040K, reserved 1048576K
}
Event: 11.972 GC heap before
{Heap before GC invocations=6 (full 3):
 PSYoungGen      total 611840K, used 34141K [0x00000000d5580000, 0x0000000100000000, 0x0000000100000000)
  eden space 524800K, 0% used [0x00000000d5580000,0x00000000d5580000,0x00000000f5600000)
  from space 87040K, 39% used [0x00000000f5600000,0x00000000f77575b0,0x00000000fab00000)
  to   space 87040K, 0% used [0x00000000fab00000,0x00000000fab00000,0x0000000100000000)
 ParOldGen       total 1398272K, used 23582K [0x0000000080000000, 0x00000000d5580000, 0x00000000d5580000)
  object space 1398272K, 1% used [0x0000000080000000,0x0000000081707810,0x00000000d5580000)
 Metaspace       used 57434K, capacity 58908K, committed 59028K, reserved 1101824K
  class space    used 6659K, capacity 6946K, committed 7040K, reserved 1048576K
Event: 12.287 GC heap after
Heap after GC invocations=6 (full 3):
 PSYoungGen      total 611840K, used 0K [0x00000000d5580000, 0x0000000100000000, 0x0000000100000000)
  eden space 524800K, 0% used [0x00000000d5580000,0x00000000d5580000,0x00000000f5600000)
  from space 87040K, 0% used [0x00000000f5600000,0x00000000f5600000,0x00000000fab00000)
  to   space 87040K, 0% used [0x00000000fab00000,0x00000000fab00000,0x0000000100000000)
 ParOldGen       total 1398272K, used 44651K [0x0000000080000000, 0x00000000d5580000, 0x00000000d5580000)
  object space 1398272K, 3% used [0x0000000080000000,0x0000000082b9adc0,0x00000000d5580000)
 Metaspace       used 57368K, capacity 58742K, committed 59028K, reserved 1101824K
  class space    used 6637K, capacity 6907K, committed 7040K, reserved 1048576K
}
Event: 63.763 GC heap before
{Heap before GC invocations=7 (full 3):
 PSYoungGen      total 611840K, used 524800K [0x00000000d5580000, 0x0000000100000000, 0x0000000100000000)
  eden space 524800K, 100% used [0x00000000d5580000,0x00000000f5600000,0x00000000f5600000)
  from space 87040K, 0% used [0x00000000f5600000,0x00000000f5600000,0x00000000fab00000)
  to   space 87040K, 0% used [0x00000000fab00000,0x00000000fab00000,0x0000000100000000)
 ParOldGen       total 1398272K, used 44651K [0x0000000080000000, 0x00000000d5580000, 0x00000000d5580000)
  object space 1398272K, 3% used [0x0000000080000000,0x0000000082b9adc0,0x00000000d5580000)
 Metaspace       used 66166K, capacity 69194K, committed 69376K, reserved 1110016K
  class space    used 7553K, capacity 8105K, committed 8192K, reserved 1048576K
Event: 63.922 GC heap after
Heap after GC invocations=7 (full 3):
 PSYoungGen      total 611840K, used 70858K [0x00000000d5580000, 0x0000000100000000, 0x0000000100000000)
  eden space 524800K, 0% used [0x00000000d5580000,0x00000000d5580000,0x00000000f5600000)
  from space 87040K, 81% used [0x00000000fab00000,0x00000000ff032a18,0x0000000100000000)
  to   space 87040K, 0% used [0x00000000f5600000,0x00000000f5600000,0x00000000fab00000)
 ParOldGen       total 1398272K, used 44659K [0x0000000080000000, 0x00000000d5580000, 0x00000000d5580000)
  object space 1398272K, 3% used [0x0000000080000000,0x0000000082b9cdc0,0x00000000d5580000)
 Metaspace       used 66166K, capacity 69194K, committed 69376K, reserved 1110016K
  class space    used 7553K, capacity 8105K, committed 8192K, reserved 1048576K
}
Event: 214.672 GC heap before
{Heap before GC invocations=8 (full 3):
 PSYoungGen      total 611840K, used 595658K [0x00000000d5580000, 0x0000000100000000, 0x0000000100000000)
  eden space 524800K, 100% used [0x00000000d5580000,0x00000000f5600000,0x00000000f5600000)
  from space 87040K, 81% used [0x00000000fab00000,0x00000000ff032a18,0x0000000100000000)
  to   space 87040K, 0% used [0x00000000f5600000,0x00000000f5600000,0x00000000fab00000)
 ParOldGen       total 1398272K, used 44659K [0x0000000080000000, 0x00000000d5580000, 0x00000000d5580000)
  object space 1398272K, 3% used [0x0000000080000000,0x0000000082b9cdc0,0x00000000d5580000)
 Metaspace       used 68874K, capacity 72198K, committed 72320K, reserved 1114112K
  class space    used 7674K, capacity 8275K, committed 8320K, reserved 1048576K
Event: 214.851 GC heap after
Heap after GC invocations=8 (full 3):
 PSYoungGen      total 603136K, used 78243K [0x00000000d5580000, 0x0000000100000000, 0x0000000100000000)
  eden space 524800K, 0% used [0x00000000d5580000,0x00000000d5580000,0x00000000f5600000)
  from space 78336K, 99% used [0x00000000f5600000,0x00000000fa268cc0,0x00000000fa280000)
  to   space 94720K, 0% used [0x00000000fa380000,0x00000000fa380000,0x0000000100000000)
 ParOldGen       total 1398272K, used 44667K [0x0000000080000000, 0x00000000d5580000, 0x00000000d5580000)
  object space 1398272K, 3% used [0x0000000080000000,0x0000000082b9edc0,0x00000000d5580000)
 Metaspace       used 68874K, capacity 72198K, committed 72320K, reserved 1114112K
  class space    used 7674K, capacity 8275K, committed 8320K, reserved 1048576K
}

