# JRE version: OpenJDK Runtime Environment (8.0_212-b04) (build 1.8.0_212-b04)
# Java VM: OpenJDK 64-Bit Server VM (25.212-b04 mixed mode linux-amd64 compressed oops)
Heap:
 PSYoungGen      total 611840K, used 328165K [0x00000000d5580000, 0x0000000100000000, 0x0000000100000000)
  eden space 524800K, 62% used [0x00000000d5580000,0x00000000e95f9470,0x00000000f5600000)
  from space 87040K, 0% used [0x00000000fab00000,0x00000000fab00000,0x0000000100000000)
  to   space 87040K, 0% used [0x00000000f5600000,0x00000000f5600000,0x00000000fab00000)
 ParOldGen       total 1398272K, used 26926K [0x0000000080000000, 0x00000000d5580000, 0x00000000d5580000)
  object space 1398272K, 1% used [0x0000000080000000,0x0000000081a4b878,0x00000000d5580000)
 Metaspace       used 65436K, capacity 68206K, committed 68480K, reserved 1110016K
  class space    used 7511K, capacity 8001K, committed 8064K, reserved 1048576K
GC Heap History (10 events):
Event: 4.440 GC heap before
{Heap before GC invocations=3 (full 1):
 PSYoungGen      total 611840K, used 406731K [0x00000000d5580000, 0x0000000100000000, 0x0000000100000000)
  eden space 524800K, 77% used [0x00000000d5580000,0x00000000ee2b2f30,0x00000000f5600000)
  from space 87040K, 0% used [0x00000000f5600000,0x00000000f5600000,0x00000000fab00000)
  to   space 87040K, 0% used [0x00000000fab00000,0x00000000fab00000,0x0000000100000000)
 ParOldGen       total 906240K, used 14285K [0x0000000080000000, 0x00000000b7500000, 0x00000000d5580000)
  object space 906240K, 1% used [0x0000000080000000,0x0000000080df36a8,0x00000000b7500000)
 Metaspace       used 34606K, capacity 34970K, committed 35416K, reserved 1081344K
  class space    used 3955K, capacity 4061K, committed 4096K, reserved 1048576K
Event: 4.482 GC heap after
Heap after GC invocations=3 (full 1):
 PSYoungGen      total 611840K, used 18606K [0x00000000d5580000, 0x0000000100000000, 0x0000000100000000)
  eden space 524800K, 0% used [0x00000000d5580000,0x00000000d5580000,0x00000000f5600000)
  from space 87040K, 21% used [0x00000000fab00000,0x00000000fbd2bb48,0x0000000100000000)
  to   space 87040K, 0% used [0x00000000f5600000,0x00000000f5600000,0x00000000fab00000)
 ParOldGen       total 906240K, used 14285K [0x0000000080000000, 0x00000000b7500000, 0x00000000d5580000)
  object space 906240K, 1% used [0x0000000080000000,0x0000000080df36a8,0x00000000b7500000)
 Metaspace       used 34606K, capacity 34970K, committed 35416K, reserved 1081344K
  class space    used 3955K, capacity 4061K, committed 4096K, reserved 1048576K
}
Event: 4.482 GC heap before
{Heap before GC invocations=4 (full 2):
 PSYoungGen      total 611840K, used 18606K [0x00000000d5580000, 0x0000000100000000, 0x0000000100000000)
  eden space 524800K, 0% used [0x00000000d5580000,0x00000000d5580000,0x00000000f5600000)
  from space 87040K, 21% used [0x00000000fab00000,0x00000000fbd2bb48,0x0000000100000000)
  to   space 87040K, 0% used [0x00000000f5600000,0x00000000f5600000,0x00000000fab00000)
 ParOldGen       total 906240K, used 14285K [0x0000000080000000, 0x00000000b7500000, 0x00000000d5580000)
  object space 906240K, 1% used [0x0000000080000000,0x0000000080df36a8,0x00000000b7500000)
 Metaspace       used 34606K, capacity 34970K, committed 35416K, reserved 1081344K
  class space    used 3955K, capacity 4061K, committed 4096K, reserved 1048576K
Event: 4.599 GC heap after
Heap after GC invocations=4 (full 2):
 PSYoungGen      total 611840K, used 0K [0x00000000d5580000, 0x0000000100000000, 0x0000000100000000)
  eden space 524800K, 0% used [0x00000000d5580000,0x00000000d5580000,0x00000000f5600000)
  from space 87040K, 0% used [0x00000000fab00000,0x00000000fab00000,0x0000000100000000)
  to   space 87040K, 0% used [0x00000000f5600000,0x00000000f5600000,0x00000000fab00000)
 ParOldGen       total 1398272K, used 23272K [0x0000000080000000, 0x00000000d5580000, 0x00000000d5580000)
  object space 1398272K, 1% used [0x0000000080000000,0x00000000816ba080,0x00000000d5580000)
 Metaspace       used 34606K, capacity 34970K, committed 35416K, reserved 1081344K
  class space    used 3955K, capacity 4061K, committed 4096K, reserved 1048576K
}
Event: 10.292 GC heap before
{Heap before GC invocations=5 (full 2):
 PSYoungGen      total 611840K, used 524800K [0x00000000d5580000, 0x0000000100000000, 0x0000000100000000)
  eden space 524800K, 100% used [0x00000000d5580000,0x00000000f5600000,0x00000000f5600000)
  from space 87040K, 0% used [0x00000000fab00000,0x00000000fab00000,0x0000000100000000)
  to   space 87040K, 0% used [0x00000000f5600000,0x00000000f5600000,0x00000000fab00000)
 ParOldGen       total 1398272K, used 23272K [0x0000000080000000, 0x00000000d5580000, 0x00000000d5580000)
  object space 1398272K, 1% used [0x0000000080000000,0x00000000816ba080,0x00000000d5580000)
 Metaspace       used 53293K, capacity 54422K, committed 54656K, reserved 1097728K
  class space    used 6201K, capacity 6419K, committed 6528K, reserved 1048576K
Event: 10.344 GC heap after
Heap after GC invocations=5 (full 2):
 PSYoungGen      total 611840K, used 24906K [0x00000000d5580000, 0x0000000100000000, 0x0000000100000000)
  eden space 524800K, 0% used [0x00000000d5580000,0x00000000d5580000,0x00000000f5600000)
  from space 87040K, 28% used [0x00000000f5600000,0x00000000f6e52a40,0x00000000fab00000)
  to   space 87040K, 0% used [0x00000000fab00000,0x00000000fab00000,0x0000000100000000)
 ParOldGen       total 1398272K, used 23280K [0x0000000080000000, 0x00000000d5580000, 0x00000000d5580000)
  object space 1398272K, 1% used [0x0000000080000000,0x00000000816bc080,0x00000000d5580000)
 Metaspace       used 53293K, capacity 54422K, committed 54656K, reserved 1097728K
  class space    used 6201K, capacity 6419K, committed 6528K, reserved 1048576K
}
Event: 11.007 GC heap before
{Heap before GC invocations=6 (full 2):
 PSYoungGen      total 611840K, used 155550K [0x00000000d5580000, 0x0000000100000000, 0x0000000100000000)
  eden space 524800K, 24% used [0x00000000d5580000,0x00000000dd515108,0x00000000f5600000)
  from space 87040K, 28% used [0x00000000f5600000,0x00000000f6e52a40,0x00000000fab00000)
  to   space 87040K, 0% used [0x00000000fab00000,0x00000000fab00000,0x0000000100000000)
 ParOldGen       total 1398272K, used 23280K [0x0000000080000000, 0x00000000d5580000, 0x00000000d5580000)
  object space 1398272K, 1% used [0x0000000080000000,0x00000000816bc080,0x00000000d5580000)
 Metaspace       used 57537K, capacity 58932K, committed 59008K, reserved 1101824K
  class space    used 6699K, capacity 6972K, committed 7040K, reserved 1048576K
Event: 11.037 GC heap after
Heap after GC invocations=6 (full 2):
 PSYoungGen      total 611840K, used 15311K [0x00000000d5580000, 0x0000000100000000, 0x0000000100000000)
  eden space 524800K, 0% used [0x00000000d5580000,0x00000000d5580000,0x00000000f5600000)
  from space 87040K, 17% used [0x00000000fab00000,0x00000000fb9f3fc0,0x0000000100000000)
  to   space 87040K, 0% used [0x00000000f5600000,0x00000000f5600000,0x00000000fab00000)
 ParOldGen       total 1398272K, used 23288K [0x0000000080000000, 0x00000000d5580000, 0x00000000d5580000)
  object space 1398272K, 1% used [0x0000000080000000,0x00000000816be080,0x00000000d5580000)
 Metaspace       used 57537K, capacity 58932K, committed 59008K, reserved 1101824K
  class space    used 6699K, capacity 6972K, committed 7040K, reserved 1048576K
}
Event: 11.037 GC heap before
{Heap before GC invocations=7 (full 3):
 PSYoungGen      total 611840K, used 15311K [0x00000000d5580000, 0x0000000100000000, 0x0000000100000000)
  eden space 524800K, 0% used [0x00000000d5580000,0x00000000d5580000,0x00000000f5600000)
  from space 87040K, 17% used [0x00000000fab00000,0x00000000fb9f3fc0,0x0000000100000000)
  to   space 87040K, 0% used [0x00000000f5600000,0x00000000f5600000,0x00000000fab00000)
 ParOldGen       total 1398272K, used 23288K [0x0000000080000000, 0x00000000d5580000, 0x00000000d5580000)
  object space 1398272K, 1% used [0x0000000080000000,0x00000000816be080,0x00000000d5580000)
 Metaspace       used 57537K, capacity 58932K, committed 59008K, reserved 1101824K
  class space    used 6699K, capacity 6972K, committed 7040K, reserved 1048576K
Event: 11.313 GC heap after
Heap after GC invocations=7 (full 3):
 PSYoungGen      total 611840K, used 0K [0x00000000d5580000, 0x0000000100000000, 0x0000000100000000)
  eden space 524800K, 0% used [0x00000000d5580000,0x00000000d5580000,0x00000000f5600000)
  from space 87040K, 0% used [0x00000000fab00000,0x00000000fab00000,0x0000000100000000)
  to   space 87040K, 0% used [0x00000000f5600000,0x00000000f5600000,0x00000000fab00000)
 ParOldGen       total 1398272K, used 26926K [0x0000000080000000, 0x00000000d5580000, 0x00000000d5580000)
  object space 1398272K, 1% used [0x0000000080000000,0x0000000081a4b878,0x00000000d5580000)
 Metaspace       used 57500K, capacity 58838K, committed 59008K, reserved 1101824K
  class space    used 6686K, capacity 6949K, committed 7040K, reserved 1048576K
}

