# JRE version: OpenJDK Runtime Environment (8.0_212-b04) (build 1.8.0_212-b04)
# Java VM: OpenJDK 64-Bit Server VM (25.212-b04 mixed mode linux-amd64 compressed oops)
Heap:
 PSYoungGen      total 611840K, used 189985K [0x00000000d5580000, 0x0000000100000000, 0x0000000100000000)
  eden space 524800K, 36% used [0x00000000d5580000,0x00000000e0f08720,0x00000000f5600000)
  from space 87040K, 0% used [0x00000000f5600000,0x00000000f5600000,0x00000000fab00000)
  to   space 87040K, 0% used [0x00000000fab00000,0x00000000fab00000,0x0000000100000000)
 ParOldGen       total 1398272K, used 42157K [0x0000000080000000, 0x00000000d5580000, 0x00000000d5580000)
  object space 1398272K, 3% used [0x0000000080000000,0x000000008292b5e8,0x00000000d5580000)
 Metaspace       used 62703K, capacity 64934K, committed 65024K, reserved 1105920K
  class space    used 7231K, capacity 7655K, committed 7680K, reserved 1048576K
GC Heap History (10 events):
Event: 2.176 GC heap before
{Heap before GC invocations=2 (full 1):
 PSYoungGen      total 611840K, used 14257K [0x00000000d5580000, 0x0000000100000000, 0x0000000100000000)
  eden space 524800K, 0% used [0x00000000d5580000,0x00000000d5580000,0x00000000f5600000)
  from space 87040K, 16% used [0x00000000f5600000,0x00000000f63ec718,0x00000000fab00000)
  to   space 87040K, 0% used [0x00000000fab00000,0x00000000fab00000,0x0000000100000000)
 ParOldGen       total 1398272K, used 80K [0x0000000080000000, 0x00000000d5580000, 0x00000000d5580000)
  object space 1398272K, 0% used [0x0000000080000000,0x0000000080014010,0x00000000d5580000)
 Metaspace       used 20825K, capacity 21106K, committed 21248K, reserved 1069056K
  class space    used 2374K, capacity 2482K, committed 2560K, reserved 1048576K
Event: 2.265 GC heap after
Heap after GC invocations=2 (full 1):
 PSYoungGen      total 611840K, used 0K [0x00000000d5580000, 0x0000000100000000, 0x0000000100000000)
  eden space 524800K, 0% used [0x00000000d5580000,0x00000000d5580000,0x00000000f5600000)
  from space 87040K, 0% used [0x00000000f5600000,0x00000000f5600000,0x00000000fab00000)
  to   space 87040K, 0% used [0x00000000fab00000,0x00000000fab00000,0x0000000100000000)
 ParOldGen       total 888320K, used 13775K [0x0000000080000000, 0x00000000b6380000, 0x00000000d5580000)
  object space 888320K, 1% used [0x0000000080000000,0x0000000080d73fa0,0x00000000b6380000)
 Metaspace       used 20825K, capacity 21106K, committed 21248K, reserved 1069056K
  class space    used 2374K, capacity 2482K, committed 2560K, reserved 1048576K
}
Event: 4.796 GC heap before
{Heap before GC invocations=3 (full 1):
 PSYoungGen      total 611840K, used 413618K [0x00000000d5580000, 0x0000000100000000, 0x0000000100000000)
  eden space 524800K, 78% used [0x00000000d5580000,0x00000000ee96c948,0x00000000f5600000)
  from space 87040K, 0% used [0x00000000f5600000,0x00000000f5600000,0x00000000fab00000)
  to   space 87040K, 0% used [0x00000000fab00000,0x00000000fab00000,0x0000000100000000)
 ParOldGen       total 888320K, used 13775K [0x0000000080000000, 0x00000000b6380000, 0x00000000d5580000)
  object space 888320K, 1% used [0x0000000080000000,0x0000000080d73fa0,0x00000000b6380000)
 Metaspace       used 34790K, capacity 35188K, committed 35416K, reserved 1081344K
  class space    used 3976K, capacity 4092K, committed 4096K, reserved 1048576K
Event: 4.839 GC heap after
Heap after GC invocations=3 (full 1):
 PSYoungGen      total 611840K, used 19283K [0x00000000d5580000, 0x0000000100000000, 0x0000000100000000)
  eden space 524800K, 0% used [0x00000000d5580000,0x00000000d5580000,0x00000000f5600000)
  from space 87040K, 22% used [0x00000000fab00000,0x00000000fbdd4fa0,0x0000000100000000)
  to   space 87040K, 0% used [0x00000000f5600000,0x00000000f5600000,0x00000000fab00000)
 ParOldGen       total 888320K, used 13783K [0x0000000080000000, 0x00000000b6380000, 0x00000000d5580000)
  object space 888320K, 1% used [0x0000000080000000,0x0000000080d75fa0,0x00000000b6380000)
 Metaspace       used 34790K, capacity 35188K, committed 35416K, reserved 1081344K
  class space    used 3976K, capacity 4092K, committed 4096K, reserved 1048576K
}
Event: 4.839 GC heap before
{Heap before GC invocations=4 (full 2):
 PSYoungGen      total 611840K, used 19283K [0x00000000d5580000, 0x0000000100000000, 0x0000000100000000)
  eden space 524800K, 0% used [0x00000000d5580000,0x00000000d5580000,0x00000000f5600000)
  from space 87040K, 22% used [0x00000000fab00000,0x00000000fbdd4fa0,0x0000000100000000)
  to   space 87040K, 0% used [0x00000000f5600000,0x00000000f5600000,0x00000000fab00000)
 ParOldGen       total 888320K, used 13783K [0x0000000080000000, 0x00000000b6380000, 0x00000000d5580000)
  object space 888320K, 1% used [0x0000000080000000,0x0000000080d75fa0,0x00000000b6380000)
 Metaspace       used 34790K, capacity 35188K, committed 35416K, reserved 1081344K
  class space    used 3976K, capacity 4092K, committed 4096K, reserved 1048576K
Event: 4.951 GC heap after
Heap after GC invocations=4 (full 2):
 PSYoungGen      total 611840K, used 0K [0x00000000d5580000, 0x0000000100000000, 0x0000000100000000)
  eden space 524800K, 0% used [0x00000000d5580000,0x00000000d5580000,0x00000000f5600000)
  from space 87040K, 0% used [0x00000000fab00000,0x00000000fab00000,0x0000000100000000)
  to   space 87040K, 0% used [0x00000000f5600000,0x00000000f5600000,0x00000000fab00000)
 ParOldGen       total 1398272K, used 23619K [0x0000000080000000, 0x00000000d5580000, 0x00000000d5580000)
  object space 1398272K, 1% used [0x0000000080000000,0x0000000081710c48,0x00000000d5580000)
 Metaspace       used 34790K, capacity 35188K, committed 35416K, reserved 1081344K
  class space    used 3976K, capacity 4092K, committed 4096K, reserved 1048576K
}
Event: 11.965 GC heap before
{Heap before GC invocations=5 (full 2):
 PSYoungGen      total 611840K, used 431567K [0x00000000d5580000, 0x0000000100000000, 0x0000000100000000)
  eden space 524800K, 82% used [0x00000000d5580000,0x00000000efaf3c88,0x00000000f5600000)
  from space 87040K, 0% used [0x00000000fab00000,0x00000000fab00000,0x0000000100000000)
  to   space 87040K, 0% used [0x00000000f5600000,0x00000000f5600000,0x00000000fab00000)
 ParOldGen       total 1398272K, used 23619K [0x0000000080000000, 0x00000000d5580000, 0x00000000d5580000)
  object space 1398272K, 1% used [0x0000000080000000,0x0000000081710c48,0x00000000d5580000)
 Metaspace       used 57339K, capacity 58770K, committed 59008K, reserved 1101824K
  class space    used 6651K, capacity 6941K, committed 7040K, reserved 1048576K
Event: 12.045 GC heap after
Heap after GC invocations=5 (full 2):
 PSYoungGen      total 611840K, used 31631K [0x00000000d5580000, 0x0000000100000000, 0x0000000100000000)
  eden space 524800K, 0% used [0x00000000d5580000,0x00000000d5580000,0x00000000f5600000)
  from space 87040K, 36% used [0x00000000f5600000,0x00000000f74e3f38,0x00000000fab00000)
  to   space 87040K, 0% used [0x00000000fab00000,0x00000000fab00000,0x0000000100000000)
 ParOldGen       total 1398272K, used 23627K [0x0000000080000000, 0x00000000d5580000, 0x00000000d5580000)
  object space 1398272K, 1% used [0x0000000080000000,0x0000000081712c48,0x00000000d5580000)
 Metaspace       used 57339K, capacity 58770K, committed 59008K, reserved 1101824K
  class space    used 6651K, capacity 6941K, committed 7040K, reserved 1048576K
}
Event: 12.045 GC heap before
{Heap before GC invocations=6 (full 3):
 PSYoungGen      total 611840K, used 31631K [0x00000000d5580000, 0x0000000100000000, 0x0000000100000000)
  eden space 524800K, 0% used [0x00000000d5580000,0x00000000d5580000,0x00000000f5600000)
  from space 87040K, 36% used [0x00000000f5600000,0x00000000f74e3f38,0x00000000fab00000)
  to   space 87040K, 0% used [0x00000000fab00000,0x00000000fab00000,0x0000000100000000)
 ParOldGen       total 1398272K, used 23627K [0x0000000080000000, 0x00000000d5580000, 0x00000000d5580000)
  object space 1398272K, 1% used [0x0000000080000000,0x0000000081712c48,0x00000000d5580000)
 Metaspace       used 57339K, capacity 58770K, committed 59008K, reserved 1101824K
  class space    used 6651K, capacity 6941K, committed 7040K, reserved 1048576K
Event: 12.357 GC heap after
Heap after GC invocations=6 (full 3):
 PSYoungGen      total 611840K, used 0K [0x00000000d5580000, 0x0000000100000000, 0x0000000100000000)
  eden space 524800K, 0% used [0x00000000d5580000,0x00000000d5580000,0x00000000f5600000)
  from space 87040K, 0% used [0x00000000f5600000,0x00000000f5600000,0x00000000fab00000)
  to   space 87040K, 0% used [0x00000000fab00000,0x00000000fab00000,0x0000000100000000)
 ParOldGen       total 1398272K, used 42157K [0x0000000080000000, 0x00000000d5580000, 0x00000000d5580000)
  object space 1398272K, 3% used [0x0000000080000000,0x000000008292b5e8,0x00000000d5580000)
 Metaspace       used 57303K, capacity 58684K, committed 59008K, reserved 1101824K
  class space    used 6637K, capacity 6918K, committed 7040K, reserved 1048576K
}

