# JRE version: OpenJDK Runtime Environment (8.0_212-b04) (build 1.8.0_212-b04)
# Java VM: OpenJDK 64-Bit Server VM (25.212-b04 mixed mode linux-amd64 compressed oops)
Heap:
 PSYoungGen      total 562176K, used 525381K [0x00000000d5580000, 0x00000000fab80000, 0x0000000100000000)
  eden space 524800K, 93% used [0x00000000d5580000,0x00000000f32564d8,0x00000000f5600000)
  from space 37376K, 99% used [0x00000000f5600000,0x00000000f7a3b010,0x00000000f7a80000)
  to   space 36864K, 0% used [0x00000000f8780000,0x00000000f8780000,0x00000000fab80000)
 ParOldGen       total 1398272K, used 31913K [0x0000000080000000, 0x00000000d5580000, 0x00000000d5580000)
  object space 1398272K, 2% used [0x0000000080000000,0x0000000081f2a7d8,0x00000000d5580000)
 Metaspace       used 71725K, capacity 74887K, committed 75136K, reserved 1116160K
  class space    used 8004K, capacity 8560K, committed 8576K, reserved 1048576K
GC Heap History (10 events):
Event: 4.398 GC heap before
{Heap before GC invocations=4 (full 2):
 PSYoungGen      total 611840K, used 19106K [0x00000000d5580000, 0x0000000100000000, 0x0000000100000000)
  eden space 524800K, 0% used [0x00000000d5580000,0x00000000d5580000,0x00000000f5600000)
  from space 87040K, 21% used [0x00000000fab00000,0x00000000fbda8a98,0x0000000100000000)
  to   space 87040K, 0% used [0x00000000f5600000,0x00000000f5600000,0x00000000fab00000)
 ParOldGen       total 869888K, used 14360K [0x0000000080000000, 0x00000000b5180000, 0x00000000d5580000)
  object space 869888K, 1% used [0x0000000080000000,0x0000000080e060a8,0x00000000b5180000)
 Metaspace       used 34720K, capacity 35086K, committed 35416K, reserved 1081344K
  class space    used 3964K, capacity 4059K, committed 4096K, reserved 1048576K
Event: 4.509 GC heap after
Heap after GC invocations=4 (full 2):
 PSYoungGen      total 611840K, used 0K [0x00000000d5580000, 0x0000000100000000, 0x0000000100000000)
  eden space 524800K, 0% used [0x00000000d5580000,0x00000000d5580000,0x00000000f5600000)
  from space 87040K, 0% used [0x00000000fab00000,0x00000000fab00000,0x0000000100000000)
  to   space 87040K, 0% used [0x00000000f5600000,0x00000000f5600000,0x00000000fab00000)
 ParOldGen       total 1398272K, used 23785K [0x0000000080000000, 0x00000000d5580000, 0x00000000d5580000)
  object space 1398272K, 1% used [0x0000000080000000,0x000000008173a478,0x00000000d5580000)
 Metaspace       used 34720K, capacity 35086K, committed 35416K, reserved 1081344K
  class space    used 3964K, capacity 4059K, committed 4096K, reserved 1048576K
}
Event: 11.134 GC heap before
{Heap before GC invocations=5 (full 2):
 PSYoungGen      total 611840K, used 524800K [0x00000000d5580000, 0x0000000100000000, 0x0000000100000000)
  eden space 524800K, 100% used [0x00000000d5580000,0x00000000f5600000,0x00000000f5600000)
  from space 87040K, 0% used [0x00000000fab00000,0x00000000fab00000,0x0000000100000000)
  to   space 87040K, 0% used [0x00000000f5600000,0x00000000f5600000,0x00000000fab00000)
 ParOldGen       total 1398272K, used 23785K [0x0000000080000000, 0x00000000d5580000, 0x00000000d5580000)
  object space 1398272K, 1% used [0x0000000080000000,0x000000008173a478,0x00000000d5580000)
 Metaspace       used 52397K, capacity 53682K, committed 53760K, reserved 1097728K
  class space    used 6152K, capacity 6385K, committed 6400K, reserved 1048576K
Event: 11.230 GC heap after
Heap after GC invocations=5 (full 2):
 PSYoungGen      total 611840K, used 26261K [0x00000000d5580000, 0x0000000100000000, 0x0000000100000000)
  eden space 524800K, 0% used [0x00000000d5580000,0x00000000d5580000,0x00000000f5600000)
  from space 87040K, 30% used [0x00000000f5600000,0x00000000f6fa57f8,0x00000000fab00000)
  to   space 87040K, 0% used [0x00000000fab00000,0x00000000fab00000,0x0000000100000000)
 ParOldGen       total 1398272K, used 23793K [0x0000000080000000, 0x00000000d5580000, 0x00000000d5580000)
  object space 1398272K, 1% used [0x0000000080000000,0x000000008173c478,0x00000000d5580000)
 Metaspace       used 52397K, capacity 53682K, committed 53760K, reserved 1097728K
  class space    used 6152K, capacity 6385K, committed 6400K, reserved 1048576K
}
Event: 12.095 GC heap before
{Heap before GC invocations=6 (full 2):
 PSYoungGen      total 611840K, used 209384K [0x00000000d5580000, 0x0000000100000000, 0x0000000100000000)
  eden space 524800K, 34% used [0x00000000d5580000,0x00000000e0854990,0x00000000f5600000)
  from space 87040K, 30% used [0x00000000f5600000,0x00000000f6fa57f8,0x00000000fab00000)
  to   space 87040K, 0% used [0x00000000fab00000,0x00000000fab00000,0x0000000100000000)
 ParOldGen       total 1398272K, used 23793K [0x0000000080000000, 0x00000000d5580000, 0x00000000d5580000)
  object space 1398272K, 1% used [0x0000000080000000,0x000000008173c478,0x00000000d5580000)
 Metaspace       used 57473K, capacity 58809K, committed 59028K, reserved 1101824K
  class space    used 6636K, capacity 6912K, committed 6912K, reserved 1048576K
Event: 12.135 GC heap after
Heap after GC invocations=6 (full 2):
 PSYoungGen      total 611840K, used 20389K [0x00000000d5580000, 0x0000000100000000, 0x0000000100000000)
  eden space 524800K, 0% used [0x00000000d5580000,0x00000000d5580000,0x00000000f5600000)
  from space 87040K, 23% used [0x00000000fab00000,0x00000000fbee9738,0x0000000100000000)
  to   space 87040K, 0% used [0x00000000f5600000,0x00000000f5600000,0x00000000fab00000)
 ParOldGen       total 1398272K, used 23801K [0x0000000080000000, 0x00000000d5580000, 0x00000000d5580000)
  object space 1398272K, 1% used [0x0000000080000000,0x000000008173e478,0x00000000d5580000)
 Metaspace       used 57473K, capacity 58809K, committed 59028K, reserved 1101824K
  class space    used 6636K, capacity 6912K, committed 6912K, reserved 1048576K
}
Event: 12.135 GC heap before
{Heap before GC invocations=7 (full 3):
 PSYoungGen      total 611840K, used 20389K [0x00000000d5580000, 0x0000000100000000, 0x0000000100000000)
  eden space 524800K, 0% used [0x00000000d5580000,0x00000000d5580000,0x00000000f5600000)
  from space 87040K, 23% used [0x00000000fab00000,0x00000000fbee9738,0x0000000100000000)
  to   space 87040K, 0% used [0x00000000f5600000,0x00000000f5600000,0x00000000fab00000)
 ParOldGen       total 1398272K, used 23801K [0x0000000080000000, 0x00000000d5580000, 0x00000000d5580000)
  object space 1398272K, 1% used [0x0000000080000000,0x000000008173e478,0x00000000d5580000)
 Metaspace       used 57473K, capacity 58809K, committed 59028K, reserved 1101824K
  class space    used 6636K, capacity 6912K, committed 6912K, reserved 1048576K
Event: 12.447 GC heap after
Heap after GC invocations=7 (full 3):
 PSYoungGen      total 611840K, used 0K [0x00000000d5580000, 0x0000000100000000, 0x0000000100000000)
  eden space 524800K, 0% used [0x00000000d5580000,0x00000000d5580000,0x00000000f5600000)
  from space 87040K, 0% used [0x00000000fab00000,0x00000000fab00000,0x0000000100000000)
  to   space 87040K, 0% used [0x00000000f5600000,0x00000000f5600000,0x00000000fab00000)
 ParOldGen       total 1398272K, used 31905K [0x0000000080000000, 0x00000000d5580000, 0x00000000d5580000)
  object space 1398272K, 2% used [0x0000000080000000,0x0000000081f287d8,0x00000000d5580000)
 Metaspace       used 57449K, capacity 58751K, committed 59028K, reserved 1101824K
  class space    used 6629K, capacity 6899K, committed 6912K, reserved 1048576K
}
Event: 20.589 GC heap before
{Heap before GC invocations=8 (full 3):
 PSYoungGen      total 611840K, used 524800K [0x00000000d5580000, 0x0000000100000000, 0x0000000100000000)
  eden space 524800K, 100% used [0x00000000d5580000,0x00000000f5600000,0x00000000f5600000)
  from space 87040K, 0% used [0x00000000fab00000,0x00000000fab00000,0x0000000100000000)
  to   space 87040K, 0% used [0x00000000f5600000,0x00000000f5600000,0x00000000fab00000)
 ParOldGen       total 1398272K, used 31905K [0x0000000080000000, 0x00000000d5580000, 0x00000000d5580000)
  object space 1398272K, 2% used [0x0000000080000000,0x0000000081f287d8,0x00000000d5580000)
 Metaspace       used 70093K, capacity 73099K, committed 73344K, reserved 1114112K
  class space    used 7978K, capacity 8518K, committed 8576K, reserved 1048576K
Event: 20.671 GC heap after
Heap after GC invocations=8 (full 3):
 PSYoungGen      total 562176K, used 37100K [0x00000000d5580000, 0x00000000fab80000, 0x0000000100000000)
  eden space 524800K, 0% used [0x00000000d5580000,0x00000000d5580000,0x00000000f5600000)
  from space 37376K, 99% used [0x00000000f5600000,0x00000000f7a3b010,0x00000000f7a80000)
  to   space 36864K, 0% used [0x00000000f8780000,0x00000000f8780000,0x00000000fab80000)
 ParOldGen       total 1398272K, used 31913K [0x0000000080000000, 0x00000000d5580000, 0x00000000d5580000)
  object space 1398272K, 2% used [0x0000000080000000,0x0000000081f2a7d8,0x00000000d5580000)
 Metaspace       used 70093K, capacity 73099K, committed 73344K, reserved 1114112K
  class space    used 7978K, capacity 8518K, committed 8576K, reserved 1048576K
}

