# JRE version: OpenJDK Runtime Environment (8.0_212-b04) (build 1.8.0_212-b04)
# Java VM: OpenJDK 64-Bit Server VM (25.212-b04 mixed mode linux-amd64 compressed oops)
Heap:
 PSYoungGen      total 611840K, used 420811K [0x00000000d5580000, 0x0000000100000000, 0x0000000100000000)
  eden space 524800K, 66% used [0x00000000d5580000,0x00000000ea7d6cc0,0x00000000f5600000)
  from space 87040K, 85% used [0x00000000fab00000,0x00000000ff39c088,0x0000000100000000)
  to   space 87040K, 0% used [0x00000000f5600000,0x00000000f5600000,0x00000000fab00000)
 ParOldGen       total 1398272K, used 43217K [0x0000000080000000, 0x00000000d5580000, 0x00000000d5580000)
  object space 1398272K, 3% used [0x0000000080000000,0x0000000082a34640,0x00000000d5580000)
 Metaspace       used 66132K, capacity 69048K, committed 69248K, reserved 1110016K
  class space    used 7525K, capacity 8034K, committed 8064K, reserved 1048576K
GC Heap History (10 events):
Event: 4.339 GC heap before
{Heap before GC invocations=3 (full 1):
 PSYoungGen      total 611840K, used 434802K [0x00000000d5580000, 0x0000000100000000, 0x0000000100000000)
  eden space 524800K, 82% used [0x00000000d5580000,0x00000000efe1ca00,0x00000000f5600000)
  from space 87040K, 0% used [0x00000000f5600000,0x00000000f5600000,0x00000000fab00000)
  to   space 87040K, 0% used [0x00000000fab00000,0x00000000fab00000,0x0000000100000000)
 ParOldGen       total 870912K, used 13730K [0x0000000080000000, 0x00000000b5280000, 0x00000000d5580000)
  object space 870912K, 1% used [0x0000000080000000,0x0000000080d68810,0x00000000b5280000)
 Metaspace       used 34807K, capacity 35182K, committed 35416K, reserved 1081344K
  class space    used 3973K, capacity 4091K, committed 4096K, reserved 1048576K
Event: 4.380 GC heap after
Heap after GC invocations=3 (full 1):
 PSYoungGen      total 611840K, used 19185K [0x00000000d5580000, 0x0000000100000000, 0x0000000100000000)
  eden space 524800K, 0% used [0x00000000d5580000,0x00000000d5580000,0x00000000f5600000)
  from space 87040K, 22% used [0x00000000fab00000,0x00000000fbdbc400,0x0000000100000000)
  to   space 87040K, 0% used [0x00000000f5600000,0x00000000f5600000,0x00000000fab00000)
 ParOldGen       total 870912K, used 13730K [0x0000000080000000, 0x00000000b5280000, 0x00000000d5580000)
  object space 870912K, 1% used [0x0000000080000000,0x0000000080d68810,0x00000000b5280000)
 Metaspace       used 34807K, capacity 35182K, committed 35416K, reserved 1081344K
  class space    used 3973K, capacity 4091K, committed 4096K, reserved 1048576K
}
Event: 4.380 GC heap before
{Heap before GC invocations=4 (full 2):
 PSYoungGen      total 611840K, used 19185K [0x00000000d5580000, 0x0000000100000000, 0x0000000100000000)
  eden space 524800K, 0% used [0x00000000d5580000,0x00000000d5580000,0x00000000f5600000)
  from space 87040K, 22% used [0x00000000fab00000,0x00000000fbdbc400,0x0000000100000000)
  to   space 87040K, 0% used [0x00000000f5600000,0x00000000f5600000,0x00000000fab00000)
 ParOldGen       total 870912K, used 13730K [0x0000000080000000, 0x00000000b5280000, 0x00000000d5580000)
  object space 870912K, 1% used [0x0000000080000000,0x0000000080d68810,0x00000000b5280000)
 Metaspace       used 34807K, capacity 35182K, committed 35416K, reserved 1081344K
  class space    used 3973K, capacity 4091K, committed 4096K, reserved 1048576K
Event: 4.500 GC heap after
Heap after GC invocations=4 (full 2):
 PSYoungGen      total 611840K, used 0K [0x00000000d5580000, 0x0000000100000000, 0x0000000100000000)
  eden space 524800K, 0% used [0x00000000d5580000,0x00000000d5580000,0x00000000f5600000)
  from space 87040K, 0% used [0x00000000fab00000,0x00000000fab00000,0x0000000100000000)
  to   space 87040K, 0% used [0x00000000f5600000,0x00000000f5600000,0x00000000fab00000)
 ParOldGen       total 1398272K, used 23599K [0x0000000080000000, 0x00000000d5580000, 0x00000000d5580000)
  object space 1398272K, 1% used [0x0000000080000000,0x000000008170bf68,0x00000000d5580000)
 Metaspace       used 34807K, capacity 35182K, committed 35416K, reserved 1081344K
  class space    used 3973K, capacity 4091K, committed 4096K, reserved 1048576K
}
Event: 11.024 GC heap before
{Heap before GC invocations=5 (full 2):
 PSYoungGen      total 611840K, used 483762K [0x00000000d5580000, 0x0000000100000000, 0x0000000100000000)
  eden space 524800K, 92% used [0x00000000d5580000,0x00000000f2dec8f0,0x00000000f5600000)
  from space 87040K, 0% used [0x00000000fab00000,0x00000000fab00000,0x0000000100000000)
  to   space 87040K, 0% used [0x00000000f5600000,0x00000000f5600000,0x00000000fab00000)
 ParOldGen       total 1398272K, used 23599K [0x0000000080000000, 0x00000000d5580000, 0x00000000d5580000)
  object space 1398272K, 1% used [0x0000000080000000,0x000000008170bf68,0x00000000d5580000)
 Metaspace       used 57447K, capacity 58874K, committed 59008K, reserved 1101824K
  class space    used 6654K, capacity 6949K, committed 7040K, reserved 1048576K
Event: 11.094 GC heap after
Heap after GC invocations=5 (full 2):
 PSYoungGen      total 611840K, used 32624K [0x00000000d5580000, 0x0000000100000000, 0x0000000100000000)
  eden space 524800K, 0% used [0x00000000d5580000,0x00000000d5580000,0x00000000f5600000)
  from space 87040K, 37% used [0x00000000f5600000,0x00000000f75dc268,0x00000000fab00000)
  to   space 87040K, 0% used [0x00000000fab00000,0x00000000fab00000,0x0000000100000000)
 ParOldGen       total 1398272K, used 23607K [0x0000000080000000, 0x00000000d5580000, 0x00000000d5580000)
  object space 1398272K, 1% used [0x0000000080000000,0x000000008170df68,0x00000000d5580000)
 Metaspace       used 57447K, capacity 58874K, committed 59008K, reserved 1101824K
  class space    used 6654K, capacity 6949K, committed 7040K, reserved 1048576K
}
Event: 11.094 GC heap before
{Heap before GC invocations=6 (full 3):
 PSYoungGen      total 611840K, used 32624K [0x00000000d5580000, 0x0000000100000000, 0x0000000100000000)
  eden space 524800K, 0% used [0x00000000d5580000,0x00000000d5580000,0x00000000f5600000)
  from space 87040K, 37% used [0x00000000f5600000,0x00000000f75dc268,0x00000000fab00000)
  to   space 87040K, 0% used [0x00000000fab00000,0x00000000fab00000,0x0000000100000000)
 ParOldGen       total 1398272K, used 23607K [0x0000000080000000, 0x00000000d5580000, 0x00000000d5580000)
  object space 1398272K, 1% used [0x0000000080000000,0x000000008170df68,0x00000000d5580000)
 Metaspace       used 57447K, capacity 58874K, committed 59008K, reserved 1101824K
  class space    used 6654K, capacity 6949K, committed 7040K, reserved 1048576K
Event: 11.382 GC heap after
Heap after GC invocations=6 (full 3):
 PSYoungGen      total 611840K, used 0K [0x00000000d5580000, 0x0000000100000000, 0x0000000100000000)
  eden space 524800K, 0% used [0x00000000d5580000,0x00000000d5580000,0x00000000f5600000)
  from space 87040K, 0% used [0x00000000f5600000,0x00000000f5600000,0x00000000fab00000)
  to   space 87040K, 0% used [0x00000000fab00000,0x00000000fab00000,0x0000000100000000)
 ParOldGen       total 1398272K, used 43209K [0x0000000080000000, 0x00000000d5580000, 0x00000000d5580000)
  object space 1398272K, 3% used [0x0000000080000000,0x0000000082a32640,0x00000000d5580000)
 Metaspace       used 57411K, capacity 58794K, committed 59008K, reserved 1101824K
  class space    used 6642K, capacity 6927K, committed 7040K, reserved 1048576K
}
Event: 31.825 GC heap before
{Heap before GC invocations=7 (full 3):
 PSYoungGen      total 611840K, used 524800K [0x00000000d5580000, 0x0000000100000000, 0x0000000100000000)
  eden space 524800K, 100% used [0x00000000d5580000,0x00000000f5600000,0x00000000f5600000)
  from space 87040K, 0% used [0x00000000f5600000,0x00000000f5600000,0x00000000fab00000)
  to   space 87040K, 0% used [0x00000000fab00000,0x00000000fab00000,0x0000000100000000)
 ParOldGen       total 1398272K, used 43209K [0x0000000080000000, 0x00000000d5580000, 0x00000000d5580000)
  object space 1398272K, 3% used [0x0000000080000000,0x0000000082a32640,0x00000000d5580000)
 Metaspace       used 65742K, capacity 68564K, committed 68736K, reserved 1110016K
  class space    used 7505K, capacity 7998K, committed 8064K, reserved 1048576K
Event: 31.962 GC heap after
Heap after GC invocations=7 (full 3):
 PSYoungGen      total 611840K, used 74352K [0x00000000d5580000, 0x0000000100000000, 0x0000000100000000)
  eden space 524800K, 0% used [0x00000000d5580000,0x00000000d5580000,0x00000000f5600000)
  from space 87040K, 85% used [0x00000000fab00000,0x00000000ff39c088,0x0000000100000000)
  to   space 87040K, 0% used [0x00000000f5600000,0x00000000f5600000,0x00000000fab00000)
 ParOldGen       total 1398272K, used 43217K [0x0000000080000000, 0x00000000d5580000, 0x00000000d5580000)
  object space 1398272K, 3% used [0x0000000080000000,0x0000000082a34640,0x00000000d5580000)
 Metaspace       used 65742K, capacity 68564K, committed 68736K, reserved 1110016K
  class space    used 7505K, capacity 7998K, committed 8064K, reserved 1048576K
}

