# JRE version: OpenJDK Runtime Environment (8.0_212-b04) (build 1.8.0_212-b04)
# Java VM: OpenJDK 64-Bit Server VM (25.212-b04 mixed mode linux-amd64 compressed oops)
Heap:
 PSYoungGen      total 609280K, used 463742K [0x00000000d5580000, 0x00000000fd900000, 0x0000000100000000)
  eden space 524800K, 72% used [0x00000000d5580000,0x00000000ec82d518,0x00000000f5600000)
  from space 84480K, 99% used [0x00000000f5600000,0x00000000fa832638,0x00000000fa880000)
  to   space 49664K, 0% used [0x00000000fa880000,0x00000000fa880000,0x00000000fd900000)
 ParOldGen       total 1398272K, used 32459K [0x0000000080000000, 0x00000000d5580000, 0x00000000d5580000)
  object space 1398272K, 2% used [0x0000000080000000,0x0000000081fb2df8,0x00000000d5580000)
 Metaspace       used 79230K, capacity 82723K, committed 83072K, reserved 1122304K
  class space    used 9138K, capacity 9762K, committed 9856K, reserved 1048576K
GC Heap History (10 events):
Event: 4.645 GC heap before
{Heap before GC invocations=4 (full 2):
 PSYoungGen      total 611840K, used 19470K [0x00000000d5580000, 0x0000000100000000, 0x0000000100000000)
  eden space 524800K, 0% used [0x00000000d5580000,0x00000000d5580000,0x00000000f5600000)
  from space 87040K, 22% used [0x00000000fab00000,0x00000000fbe03ba8,0x0000000100000000)
  to   space 87040K, 0% used [0x00000000f5600000,0x00000000f5600000,0x00000000fab00000)
 ParOldGen       total 861696K, used 13467K [0x0000000080000000, 0x00000000b4980000, 0x00000000d5580000)
  object space 861696K, 1% used [0x0000000080000000,0x0000000080d26e98,0x00000000b4980000)
 Metaspace       used 34725K, capacity 35006K, committed 35416K, reserved 1081344K
  class space    used 4187K, capacity 4289K, committed 4352K, reserved 1048576K
Event: 4.820 GC heap after
Heap after GC invocations=4 (full 2):
 PSYoungGen      total 611840K, used 0K [0x00000000d5580000, 0x0000000100000000, 0x0000000100000000)
  eden space 524800K, 0% used [0x00000000d5580000,0x00000000d5580000,0x00000000f5600000)
  from space 87040K, 0% used [0x00000000fab00000,0x00000000fab00000,0x0000000100000000)
  to   space 87040K, 0% used [0x00000000f5600000,0x00000000f5600000,0x00000000fab00000)
 ParOldGen       total 1398272K, used 24297K [0x0000000080000000, 0x00000000d5580000, 0x00000000d5580000)
  object space 1398272K, 1% used [0x0000000080000000,0x00000000817ba480,0x00000000d5580000)
 Metaspace       used 34725K, capacity 35006K, committed 35416K, reserved 1081344K
  class space    used 4187K, capacity 4289K, committed 4352K, reserved 1048576K
}
Event: 7.913 GC heap before
{Heap before GC invocations=5 (full 2):
 PSYoungGen      total 611840K, used 524800K [0x00000000d5580000, 0x0000000100000000, 0x0000000100000000)
  eden space 524800K, 100% used [0x00000000d5580000,0x00000000f5600000,0x00000000f5600000)
  from space 87040K, 0% used [0x00000000fab00000,0x00000000fab00000,0x0000000100000000)
  to   space 87040K, 0% used [0x00000000f5600000,0x00000000f5600000,0x00000000fab00000)
 ParOldGen       total 1398272K, used 24297K [0x0000000080000000, 0x00000000d5580000, 0x00000000d5580000)
  object space 1398272K, 1% used [0x0000000080000000,0x00000000817ba480,0x00000000d5580000)
 Metaspace       used 49364K, capacity 50196K, committed 50432K, reserved 1093632K
  class space    used 5879K, capacity 6084K, committed 6144K, reserved 1048576K
Event: 7.963 GC heap after
Heap after GC invocations=5 (full 2):
 PSYoungGen      total 611840K, used 20333K [0x00000000d5580000, 0x0000000100000000, 0x0000000100000000)
  eden space 524800K, 0% used [0x00000000d5580000,0x00000000d5580000,0x00000000f5600000)
  from space 87040K, 23% used [0x00000000f5600000,0x00000000f69db588,0x00000000fab00000)
  to   space 87040K, 0% used [0x00000000fab00000,0x00000000fab00000,0x0000000100000000)
 ParOldGen       total 1398272K, used 24305K [0x0000000080000000, 0x00000000d5580000, 0x00000000d5580000)
  object space 1398272K, 1% used [0x0000000080000000,0x00000000817bc480,0x00000000d5580000)
 Metaspace       used 49364K, capacity 50196K, committed 50432K, reserved 1093632K
  class space    used 5879K, capacity 6084K, committed 6144K, reserved 1048576K
}
Event: 12.400 GC heap before
{Heap before GC invocations=6 (full 2):
 PSYoungGen      total 611840K, used 327203K [0x00000000d5580000, 0x0000000100000000, 0x0000000100000000)
  eden space 524800K, 58% used [0x00000000d5580000,0x00000000e812d810,0x00000000f5600000)
  from space 87040K, 23% used [0x00000000f5600000,0x00000000f69db588,0x00000000fab00000)
  to   space 87040K, 0% used [0x00000000fab00000,0x00000000fab00000,0x0000000100000000)
 ParOldGen       total 1398272K, used 24305K [0x0000000080000000, 0x00000000d5580000, 0x00000000d5580000)
  object space 1398272K, 1% used [0x0000000080000000,0x00000000817bc480,0x00000000d5580000)
 Metaspace       used 57770K, capacity 58957K, committed 59028K, reserved 1101824K
  class space    used 6946K, capacity 7168K, committed 7168K, reserved 1048576K
Event: 12.461 GC heap after
Heap after GC invocations=6 (full 2):
 PSYoungGen      total 611840K, used 19863K [0x00000000d5580000, 0x0000000100000000, 0x0000000100000000)
  eden space 524800K, 0% used [0x00000000d5580000,0x00000000d5580000,0x00000000f5600000)
  from space 87040K, 22% used [0x00000000fab00000,0x00000000fbe65ea8,0x0000000100000000)
  to   space 87040K, 0% used [0x00000000f5600000,0x00000000f5600000,0x00000000fab00000)
 ParOldGen       total 1398272K, used 24313K [0x0000000080000000, 0x00000000d5580000, 0x00000000d5580000)
  object space 1398272K, 1% used [0x0000000080000000,0x00000000817be480,0x00000000d5580000)
 Metaspace       used 57770K, capacity 58957K, committed 59028K, reserved 1101824K
  class space    used 6946K, capacity 7168K, committed 7168K, reserved 1048576K
}
Event: 12.461 GC heap before
{Heap before GC invocations=7 (full 3):
 PSYoungGen      total 611840K, used 19863K [0x00000000d5580000, 0x0000000100000000, 0x0000000100000000)
  eden space 524800K, 0% used [0x00000000d5580000,0x00000000d5580000,0x00000000f5600000)
  from space 87040K, 22% used [0x00000000fab00000,0x00000000fbe65ea8,0x0000000100000000)
  to   space 87040K, 0% used [0x00000000f5600000,0x00000000f5600000,0x00000000fab00000)
 ParOldGen       total 1398272K, used 24313K [0x0000000080000000, 0x00000000d5580000, 0x00000000d5580000)
  object space 1398272K, 1% used [0x0000000080000000,0x00000000817be480,0x00000000d5580000)
 Metaspace       used 57770K, capacity 58957K, committed 59028K, reserved 1101824K
  class space    used 6946K, capacity 7168K, committed 7168K, reserved 1048576K
Event: 12.756 GC heap after
Heap after GC invocations=7 (full 3):
 PSYoungGen      total 611840K, used 0K [0x00000000d5580000, 0x0000000100000000, 0x0000000100000000)
  eden space 524800K, 0% used [0x00000000d5580000,0x00000000d5580000,0x00000000f5600000)
  from space 87040K, 0% used [0x00000000fab00000,0x00000000fab00000,0x0000000100000000)
  to   space 87040K, 0% used [0x00000000f5600000,0x00000000f5600000,0x00000000fab00000)
 ParOldGen       total 1398272K, used 32451K [0x0000000080000000, 0x00000000d5580000, 0x00000000d5580000)
  object space 1398272K, 2% used [0x0000000080000000,0x0000000081fb0df8,0x00000000d5580000)
 Metaspace       used 57699K, capacity 58787K, committed 59028K, reserved 1101824K
  class space    used 6920K, capacity 7123K, committed 7168K, reserved 1048576K
}
Event: 22.523 GC heap before
{Heap before GC invocations=8 (full 3):
 PSYoungGen      total 611840K, used 524800K [0x00000000d5580000, 0x0000000100000000, 0x0000000100000000)
  eden space 524800K, 100% used [0x00000000d5580000,0x00000000f5600000,0x00000000f5600000)
  from space 87040K, 0% used [0x00000000fab00000,0x00000000fab00000,0x0000000100000000)
  to   space 87040K, 0% used [0x00000000f5600000,0x00000000f5600000,0x00000000fab00000)
 ParOldGen       total 1398272K, used 32451K [0x0000000080000000, 0x00000000d5580000, 0x00000000d5580000)
  object space 1398272K, 2% used [0x0000000080000000,0x0000000081fb0df8,0x00000000d5580000)
 Metaspace       used 76232K, capacity 78983K, committed 79104K, reserved 1118208K
  class space    used 8898K, capacity 9422K, committed 9472K, reserved 1048576K
Event: 22.661 GC heap after
Heap after GC invocations=8 (full 3):
 PSYoungGen      total 609280K, used 84169K [0x00000000d5580000, 0x00000000fd900000, 0x0000000100000000)
  eden space 524800K, 0% used [0x00000000d5580000,0x00000000d5580000,0x00000000f5600000)
  from space 84480K, 99% used [0x00000000f5600000,0x00000000fa832638,0x00000000fa880000)
  to   space 49664K, 0% used [0x00000000fa880000,0x00000000fa880000,0x00000000fd900000)
 ParOldGen       total 1398272K, used 32459K [0x0000000080000000, 0x00000000d5580000, 0x00000000d5580000)
  object space 1398272K, 2% used [0x0000000080000000,0x0000000081fb2df8,0x00000000d5580000)
 Metaspace       used 76232K, capacity 78983K, committed 79104K, reserved 1118208K
  class space    used 8898K, capacity 9422K, committed 9472K, reserved 1048576K
}

