# JRE version: OpenJDK Runtime Environment (8.0_212-b04) (build 1.8.0_212-b04)
# Java VM: OpenJDK 64-Bit Server VM (25.212-b04 mixed mode linux-amd64 compressed oops)
Heap:
 PSYoungGen      total 534528K, used 493104K [0x00000000d5580000, 0x0000000100000000, 0x0000000100000000)
  eden space 370176K, 88% used [0x00000000d5580000,0x00000000e9690798,0x00000000ebf00000)
  from space 164352K, 99% used [0x00000000ebf00000,0x00000000f5f7bae8,0x00000000f5f80000)
  to   space 164352K, 0% used [0x00000000f5f80000,0x00000000f5f80000,0x0000000100000000)
 ParOldGen       total 1398272K, used 994042K [0x0000000080000000, 0x00000000d5580000, 0x00000000d5580000)
  object space 1398272K, 71% used [0x0000000080000000,0x00000000bcabe8e8,0x00000000d5580000)
 Metaspace       used 66930K, capacity 69836K, committed 70016K, reserved 1112064K
  class space    used 7497K, capacity 8010K, committed 8064K, reserved 1048576K
GC Heap History (10 events):
Event: 12.428 GC heap before
{Heap before GC invocations=6 (full 2):
 PSYoungGen      total 611840K, used 309264K [0x00000000d5580000, 0x0000000100000000, 0x0000000100000000)
  eden space 524800K, 55% used [0x00000000d5580000,0x00000000e7287358,0x00000000f5600000)
  from space 87040K, 19% used [0x00000000f5600000,0x00000000f66fcfa8,0x00000000fab00000)
  to   space 87040K, 0% used [0x00000000fab00000,0x00000000fab00000,0x0000000100000000)
 ParOldGen       total 1398272K, used 23942K [0x0000000080000000, 0x00000000d5580000, 0x00000000d5580000)
  object space 1398272K, 1% used [0x0000000080000000,0x0000000081761970,0x00000000d5580000)
 Metaspace       used 57506K, capacity 58904K, committed 59028K, reserved 1101824K
  class space    used 6623K, capacity 6890K, committed 6912K, reserved 1048576K
Event: 12.494 GC heap after
Heap after GC invocations=6 (full 2):
 PSYoungGen      total 611840K, used 31341K [0x00000000d5580000, 0x0000000100000000, 0x0000000100000000)
  eden space 524800K, 0% used [0x00000000d5580000,0x00000000d5580000,0x00000000f5600000)
  from space 87040K, 36% used [0x00000000fab00000,0x00000000fc99b5d0,0x0000000100000000)
  to   space 87040K, 0% used [0x00000000f5600000,0x00000000f5600000,0x00000000fab00000)
 ParOldGen       total 1398272K, used 23950K [0x0000000080000000, 0x00000000d5580000, 0x00000000d5580000)
  object space 1398272K, 1% used [0x0000000080000000,0x0000000081763970,0x00000000d5580000)
 Metaspace       used 57506K, capacity 58904K, committed 59028K, reserved 1101824K
  class space    used 6623K, capacity 6890K, committed 6912K, reserved 1048576K
}
Event: 12.494 GC heap before
{Heap before GC invocations=7 (full 3):
 PSYoungGen      total 611840K, used 31341K [0x00000000d5580000, 0x0000000100000000, 0x0000000100000000)
  eden space 524800K, 0% used [0x00000000d5580000,0x00000000d5580000,0x00000000f5600000)
  from space 87040K, 36% used [0x00000000fab00000,0x00000000fc99b5d0,0x0000000100000000)
  to   space 87040K, 0% used [0x00000000f5600000,0x00000000f5600000,0x00000000fab00000)
 ParOldGen       total 1398272K, used 23950K [0x0000000080000000, 0x00000000d5580000, 0x00000000d5580000)
  object space 1398272K, 1% used [0x0000000080000000,0x0000000081763970,0x00000000d5580000)
 Metaspace       used 57506K, capacity 58904K, committed 59028K, reserved 1101824K
  class space    used 6623K, capacity 6890K, committed 6912K, reserved 1048576K
Event: 12.796 GC heap after
Heap after GC invocations=7 (full 3):
 PSYoungGen      total 611840K, used 0K [0x00000000d5580000, 0x0000000100000000, 0x0000000100000000)
  eden space 524800K, 0% used [0x00000000d5580000,0x00000000d5580000,0x00000000f5600000)
  from space 87040K, 0% used [0x00000000fab00000,0x00000000fab00000,0x0000000100000000)
  to   space 87040K, 0% used [0x00000000f5600000,0x00000000f5600000,0x00000000fab00000)
 ParOldGen       total 1398272K, used 42560K [0x0000000080000000, 0x00000000d5580000, 0x00000000d5580000)
  object space 1398272K, 3% used [0x0000000080000000,0x00000000829900a8,0x00000000d5580000)
 Metaspace       used 57473K, capacity 58820K, committed 59028K, reserved 1101824K
  class space    used 6611K, capacity 6870K, committed 6912K, reserved 1048576K
}
Event: 20.567 GC heap before
{Heap before GC invocations=8 (full 3):
 PSYoungGen      total 611840K, used 399302K [0x00000000d5580000, 0x0000000100000000, 0x0000000100000000)
  eden space 524800K, 76% used [0x00000000d5580000,0x00000000edb71858,0x00000000f5600000)
  from space 87040K, 0% used [0x00000000fab00000,0x00000000fab00000,0x0000000100000000)
  to   space 87040K, 0% used [0x00000000f5600000,0x00000000f5600000,0x00000000fab00000)
 ParOldGen       total 1398272K, used 42560K [0x0000000080000000, 0x00000000d5580000, 0x00000000d5580000)
  object space 1398272K, 3% used [0x0000000080000000,0x00000000829900a8,0x00000000d5580000)
 Metaspace       used 60362K, capacity 62318K, committed 62464K, reserved 1103872K
  class space    used 6964K, capacity 7315K, committed 7424K, reserved 1048576K
Event: 20.914 GC heap after
Heap after GC invocations=8 (full 3):
 PSYoungGen      total 553984K, used 28721K [0x00000000d5580000, 0x00000000fab80000, 0x0000000100000000)
  eden space 524800K, 0% used [0x00000000d5580000,0x00000000d5580000,0x00000000f5600000)
  from space 29184K, 98% used [0x00000000f5600000,0x00000000f720c6c8,0x00000000f7280000)
  to   space 34304K, 0% used [0x00000000f8a00000,0x00000000f8a00000,0x00000000fab80000)
 ParOldGen       total 1398272K, used 452168K [0x0000000080000000, 0x00000000d5580000, 0x00000000d5580000)
  object space 1398272K, 32% used [0x0000000080000000,0x000000009b9920c8,0x00000000d5580000)
 Metaspace       used 60362K, capacity 62318K, committed 62464K, reserved 1103872K
  class space    used 6964K, capacity 7315K, committed 7424K, reserved 1048576K
}
Event: 23.222 GC heap before
{Heap before GC invocations=9 (full 3):
 PSYoungGen      total 553984K, used 553521K [0x00000000d5580000, 0x00000000fab80000, 0x0000000100000000)
  eden space 524800K, 100% used [0x00000000d5580000,0x00000000f5600000,0x00000000f5600000)
  from space 29184K, 98% used [0x00000000f5600000,0x00000000f720c6c8,0x00000000f7280000)
  to   space 34304K, 0% used [0x00000000f8a00000,0x00000000f8a00000,0x00000000fab80000)
 ParOldGen       total 1398272K, used 759368K [0x0000000080000000, 0x00000000d5580000, 0x00000000d5580000)
  object space 1398272K, 54% used [0x0000000080000000,0x00000000ae5920d8,0x00000000d5580000)
 Metaspace       used 64933K, capacity 67496K, committed 67584K, reserved 1110016K
  class space    used 7441K, capacity 7908K, committed 7936K, reserved 1048576K
Event: 23.405 GC heap after
Heap after GC invocations=9 (full 3):
 PSYoungGen      total 404480K, used 34290K [0x00000000d5580000, 0x0000000100000000, 0x0000000100000000)
  eden space 370176K, 0% used [0x00000000d5580000,0x00000000d5580000,0x00000000ebf00000)
  from space 34304K, 99% used [0x00000000f8a00000,0x00000000fab7cb80,0x00000000fab80000)
  to   space 164352K, 0% used [0x00000000ebf00000,0x00000000ebf00000,0x00000000f5f80000)
 ParOldGen       total 1398272K, used 981954K [0x0000000080000000, 0x00000000d5580000, 0x00000000d5580000)
  object space 1398272K, 70% used [0x0000000080000000,0x00000000bbef08e8,0x00000000d5580000)
 Metaspace       used 64933K, capacity 67496K, committed 67584K, reserved 1110016K
  class space    used 7441K, capacity 7908K, committed 7936K, reserved 1048576K
}
Event: 26.750 GC heap before
{Heap before GC invocations=10 (full 3):
 PSYoungGen      total 404480K, used 404466K [0x00000000d5580000, 0x0000000100000000, 0x0000000100000000)
  eden space 370176K, 100% used [0x00000000d5580000,0x00000000ebf00000,0x00000000ebf00000)
  from space 34304K, 99% used [0x00000000f8a00000,0x00000000fab7cb80,0x00000000fab80000)
  to   space 164352K, 0% used [0x00000000ebf00000,0x00000000ebf00000,0x00000000f5f80000)
 ParOldGen       total 1398272K, used 981954K [0x0000000080000000, 0x00000000d5580000, 0x00000000d5580000)
  object space 1398272K, 70% used [0x0000000080000000,0x00000000bbef08e8,0x00000000d5580000)
 Metaspace       used 66001K, capacity 68676K, committed 68864K, reserved 1110016K
  class space    used 7449K, capacity 7920K, committed 7936K, reserved 1048576K
Event: 26.880 GC heap after
Heap after GC invocations=10 (full 3):
 PSYoungGen      total 534528K, used 164334K [0x00000000d5580000, 0x0000000100000000, 0x0000000100000000)
  eden space 370176K, 0% used [0x00000000d5580000,0x00000000d5580000,0x00000000ebf00000)
  from space 164352K, 99% used [0x00000000ebf00000,0x00000000f5f7bae8,0x00000000f5f80000)
  to   space 164352K, 0% used [0x00000000f5f80000,0x00000000f5f80000,0x0000000100000000)
 ParOldGen       total 1398272K, used 994042K [0x0000000080000000, 0x00000000d5580000, 0x00000000d5580000)
  object space 1398272K, 71% used [0x0000000080000000,0x00000000bcabe8e8,0x00000000d5580000)
 Metaspace       used 66001K, capacity 68676K, committed 68864K, reserved 1110016K
  class space    used 7449K, capacity 7920K, committed 7936K, reserved 1048576K
}

