# JRE version: OpenJDK Runtime Environment (8.0_212-b04) (build 1.8.0_212-b04)
# Java VM: OpenJDK 64-Bit Server VM (25.212-b04 mixed mode linux-amd64 compressed oops)
Heap:
 PSYoungGen      total 611840K, used 178682K [0x00000000d5580000, 0x0000000100000000, 0x0000000100000000)
  eden space 524800K, 34% used [0x00000000d5580000,0x00000000e03fe9c8,0x00000000f5600000)
  from space 87040K, 0% used [0x00000000f5600000,0x00000000f5600000,0x00000000fab00000)
  to   space 87040K, 0% used [0x00000000fab00000,0x00000000fab00000,0x0000000100000000)
 ParOldGen       total 1398272K, used 41976K [0x0000000080000000, 0x00000000d5580000, 0x00000000d5580000)
  object space 1398272K, 3% used [0x0000000080000000,0x00000000828fe108,0x00000000d5580000)
 Metaspace       used 62006K, capacity 64368K, committed 64512K, reserved 1105920K
  class space    used 7177K, capacity 7620K, committed 7680K, reserved 1048576K
GC Heap History (10 events):
Event: 2.081 GC heap before
{Heap before GC invocations=2 (full 1):
 PSYoungGen      total 611840K, used 14338K [0x00000000d5580000, 0x0000000100000000, 0x0000000100000000)
  eden space 524800K, 0% used [0x00000000d5580000,0x00000000d5580000,0x00000000f5600000)
  from space 87040K, 16% used [0x00000000f5600000,0x00000000f6400948,0x00000000fab00000)
  to   space 87040K, 0% used [0x00000000fab00000,0x00000000fab00000,0x0000000100000000)
 ParOldGen       total 1398272K, used 80K [0x0000000080000000, 0x00000000d5580000, 0x00000000d5580000)
  object space 1398272K, 0% used [0x0000000080000000,0x0000000080014010,0x00000000d5580000)
 Metaspace       used 20820K, capacity 21106K, committed 21248K, reserved 1069056K
  class space    used 2370K, capacity 2482K, committed 2560K, reserved 1048576K
Event: 2.165 GC heap after
Heap after GC invocations=2 (full 1):
 PSYoungGen      total 611840K, used 0K [0x00000000d5580000, 0x0000000100000000, 0x0000000100000000)
  eden space 524800K, 0% used [0x00000000d5580000,0x00000000d5580000,0x00000000f5600000)
  from space 87040K, 0% used [0x00000000f5600000,0x00000000f5600000,0x00000000fab00000)
  to   space 87040K, 0% used [0x00000000fab00000,0x00000000fab00000,0x0000000100000000)
 ParOldGen       total 850944K, used 13827K [0x0000000080000000, 0x00000000b3f00000, 0x00000000d5580000)
  object space 850944K, 1% used [0x0000000080000000,0x0000000080d80e00,0x00000000b3f00000)
 Metaspace       used 20820K, capacity 21106K, committed 21248K, reserved 1069056K
  class space    used 2370K, capacity 2482K, committed 2560K, reserved 1048576K
}
Event: 4.632 GC heap before
{Heap before GC invocations=3 (full 1):
 PSYoungGen      total 611840K, used 403122K [0x00000000d5580000, 0x0000000100000000, 0x0000000100000000)
  eden space 524800K, 76% used [0x00000000d5580000,0x00000000edf2cbb0,0x00000000f5600000)
  from space 87040K, 0% used [0x00000000f5600000,0x00000000f5600000,0x00000000fab00000)
  to   space 87040K, 0% used [0x00000000fab00000,0x00000000fab00000,0x0000000100000000)
 ParOldGen       total 850944K, used 13827K [0x0000000080000000, 0x00000000b3f00000, 0x00000000d5580000)
  object space 850944K, 1% used [0x0000000080000000,0x0000000080d80e00,0x00000000b3f00000)
 Metaspace       used 34817K, capacity 35188K, committed 35416K, reserved 1081344K
  class space    used 3965K, capacity 4092K, committed 4096K, reserved 1048576K
Event: 4.673 GC heap after
Heap after GC invocations=3 (full 1):
 PSYoungGen      total 611840K, used 19224K [0x00000000d5580000, 0x0000000100000000, 0x0000000100000000)
  eden space 524800K, 0% used [0x00000000d5580000,0x00000000d5580000,0x00000000f5600000)
  from space 87040K, 22% used [0x00000000fab00000,0x00000000fbdc60b0,0x0000000100000000)
  to   space 87040K, 0% used [0x00000000f5600000,0x00000000f5600000,0x00000000fab00000)
 ParOldGen       total 850944K, used 13827K [0x0000000080000000, 0x00000000b3f00000, 0x00000000d5580000)
  object space 850944K, 1% used [0x0000000080000000,0x0000000080d80e00,0x00000000b3f00000)
 Metaspace       used 34817K, capacity 35188K, committed 35416K, reserved 1081344K
  class space    used 3965K, capacity 4092K, committed 4096K, reserved 1048576K
}
Event: 4.673 GC heap before
{Heap before GC invocations=4 (full 2):
 PSYoungGen      total 611840K, used 19224K [0x00000000d5580000, 0x0000000100000000, 0x0000000100000000)
  eden space 524800K, 0% used [0x00000000d5580000,0x00000000d5580000,0x00000000f5600000)
  from space 87040K, 22% used [0x00000000fab00000,0x00000000fbdc60b0,0x0000000100000000)
  to   space 87040K, 0% used [0x00000000f5600000,0x00000000f5600000,0x00000000fab00000)
 ParOldGen       total 850944K, used 13827K [0x0000000080000000, 0x00000000b3f00000, 0x00000000d5580000)
  object space 850944K, 1% used [0x0000000080000000,0x0000000080d80e00,0x00000000b3f00000)
 Metaspace       used 34817K, capacity 35188K, committed 35416K, reserved 1081344K
  class space    used 3965K, capacity 4092K, committed 4096K, reserved 1048576K
Event: 4.788 GC heap after
Heap after GC invocations=4 (full 2):
 PSYoungGen      total 611840K, used 0K [0x00000000d5580000, 0x0000000100000000, 0x0000000100000000)
  eden space 524800K, 0% used [0x00000000d5580000,0x00000000d5580000,0x00000000f5600000)
  from space 87040K, 0% used [0x00000000fab00000,0x00000000fab00000,0x0000000100000000)
  to   space 87040K, 0% used [0x00000000f5600000,0x00000000f5600000,0x00000000fab00000)
 ParOldGen       total 1398272K, used 23572K [0x0000000080000000, 0x00000000d5580000, 0x00000000d5580000)
  object space 1398272K, 1% used [0x0000000080000000,0x0000000081705028,0x00000000d5580000)
 Metaspace       used 34817K, capacity 35188K, committed 35416K, reserved 1081344K
  class space    used 3965K, capacity 4092K, committed 4096K, reserved 1048576K
}
Event: 11.854 GC heap before
{Heap before GC invocations=5 (full 2):
 PSYoungGen      total 611840K, used 455667K [0x00000000d5580000, 0x0000000100000000, 0x0000000100000000)
  eden space 524800K, 86% used [0x00000000d5580000,0x00000000f127cca0,0x00000000f5600000)
  from space 87040K, 0% used [0x00000000fab00000,0x00000000fab00000,0x0000000100000000)
  to   space 87040K, 0% used [0x00000000f5600000,0x00000000f5600000,0x00000000fab00000)
 ParOldGen       total 1398272K, used 23572K [0x0000000080000000, 0x00000000d5580000, 0x00000000d5580000)
  object space 1398272K, 1% used [0x0000000080000000,0x0000000081705028,0x00000000d5580000)
 Metaspace       used 57388K, capacity 58830K, committed 59008K, reserved 1101824K
  class space    used 6643K, capacity 6919K, committed 7040K, reserved 1048576K
Event: 11.922 GC heap after
Heap after GC invocations=5 (full 2):
 PSYoungGen      total 611840K, used 31404K [0x00000000d5580000, 0x0000000100000000, 0x0000000100000000)
  eden space 524800K, 0% used [0x00000000d5580000,0x00000000d5580000,0x00000000f5600000)
  from space 87040K, 36% used [0x00000000f5600000,0x00000000f74ab110,0x00000000fab00000)
  to   space 87040K, 0% used [0x00000000fab00000,0x00000000fab00000,0x0000000100000000)
 ParOldGen       total 1398272K, used 23580K [0x0000000080000000, 0x00000000d5580000, 0x00000000d5580000)
  object space 1398272K, 1% used [0x0000000080000000,0x0000000081707028,0x00000000d5580000)
 Metaspace       used 57388K, capacity 58830K, committed 59008K, reserved 1101824K
  class space    used 6643K, capacity 6919K, committed 7040K, reserved 1048576K
}
Event: 11.922 GC heap before
{Heap before GC invocations=6 (full 3):
 PSYoungGen      total 611840K, used 31404K [0x00000000d5580000, 0x0000000100000000, 0x0000000100000000)
  eden space 524800K, 0% used [0x00000000d5580000,0x00000000d5580000,0x00000000f5600000)
  from space 87040K, 36% used [0x00000000f5600000,0x00000000f74ab110,0x00000000fab00000)
  to   space 87040K, 0% used [0x00000000fab00000,0x00000000fab00000,0x0000000100000000)
 ParOldGen       total 1398272K, used 23580K [0x0000000080000000, 0x00000000d5580000, 0x00000000d5580000)
  object space 1398272K, 1% used [0x0000000080000000,0x0000000081707028,0x00000000d5580000)
 Metaspace       used 57388K, capacity 58830K, committed 59008K, reserved 1101824K
  class space    used 6643K, capacity 6919K, committed 7040K, reserved 1048576K
Event: 12.143 GC heap after
Heap after GC invocations=6 (full 3):
 PSYoungGen      total 611840K, used 0K [0x00000000d5580000, 0x0000000100000000, 0x0000000100000000)
  eden space 524800K, 0% used [0x00000000d5580000,0x00000000d5580000,0x00000000f5600000)
  from space 87040K, 0% used [0x00000000f5600000,0x00000000f5600000,0x00000000fab00000)
  to   space 87040K, 0% used [0x00000000fab00000,0x00000000fab00000,0x0000000100000000)
 ParOldGen       total 1398272K, used 41976K [0x0000000080000000, 0x00000000d5580000, 0x00000000d5580000)
  object space 1398272K, 3% used [0x0000000080000000,0x00000000828fe108,0x00000000d5580000)
 Metaspace       used 57332K, capacity 58692K, committed 59008K, reserved 1101824K
  class space    used 6623K, capacity 6884K, committed 7040K, reserved 1048576K
}

