# JRE version: OpenJDK Runtime Environment (8.0_212-b04) (build 1.8.0_212-b04)
# Java VM: OpenJDK 64-Bit Server VM (25.212-b04 mixed mode linux-amd64 compressed oops)
Heap:
 PSYoungGen      total 611840K, used 384726K [0x00000000d5580000, 0x0000000100000000, 0x0000000100000000)
  eden space 524800K, 73% used [0x00000000d5580000,0x00000000ecd358b0,0x00000000f5600000)
  from space 87040K, 0% used [0x00000000f5600000,0x00000000f5600000,0x00000000fab00000)
  to   space 87040K, 0% used [0x00000000fab00000,0x00000000fab00000,0x0000000100000000)
 ParOldGen       total 1398272K, used 37868K [0x0000000080000000, 0x00000000d5580000, 0x00000000d5580000)
  object space 1398272K, 2% used [0x0000000080000000,0x00000000824fb098,0x00000000d5580000)
 Metaspace       used 63243K, capacity 65568K, committed 65792K, reserved 1107968K
  class space    used 7210K, capacity 7622K, committed 7680K, reserved 1048576K
GC Heap History (10 events):
Event: 2.520 GC heap before
{Heap before GC invocations=2 (full 1):
 PSYoungGen      total 611840K, used 14377K [0x00000000d5580000, 0x0000000100000000, 0x0000000100000000)
  eden space 524800K, 0% used [0x00000000d5580000,0x00000000d5580000,0x00000000f5600000)
  from space 87040K, 16% used [0x00000000f5600000,0x00000000f640a408,0x00000000fab00000)
  to   space 87040K, 0% used [0x00000000fab00000,0x00000000fab00000,0x0000000100000000)
 ParOldGen       total 1398272K, used 80K [0x0000000080000000, 0x00000000d5580000, 0x00000000d5580000)
  object space 1398272K, 0% used [0x0000000080000000,0x0000000080014010,0x00000000d5580000)
 Metaspace       used 20813K, capacity 21074K, committed 21248K, reserved 1069056K
  class space    used 2357K, capacity 2450K, committed 2560K, reserved 1048576K
Event: 2.581 GC heap after
Heap after GC invocations=2 (full 1):
 PSYoungGen      total 611840K, used 0K [0x00000000d5580000, 0x0000000100000000, 0x0000000100000000)
  eden space 524800K, 0% used [0x00000000d5580000,0x00000000d5580000,0x00000000f5600000)
  from space 87040K, 0% used [0x00000000f5600000,0x00000000f5600000,0x00000000fab00000)
  to   space 87040K, 0% used [0x00000000fab00000,0x00000000fab00000,0x0000000100000000)
 ParOldGen       total 833024K, used 13864K [0x0000000080000000, 0x00000000b2d80000, 0x00000000d5580000)
  object space 833024K, 1% used [0x0000000080000000,0x0000000080d8a0c8,0x00000000b2d80000)
 Metaspace       used 20813K, capacity 21074K, committed 21248K, reserved 1069056K
  class space    used 2357K, capacity 2450K, committed 2560K, reserved 1048576K
}
Event: 5.231 GC heap before
{Heap before GC invocations=3 (full 1):
 PSYoungGen      total 611840K, used 445170K [0x00000000d5580000, 0x0000000100000000, 0x0000000100000000)
  eden space 524800K, 84% used [0x00000000d5580000,0x00000000f083cb60,0x00000000f5600000)
  from space 87040K, 0% used [0x00000000f5600000,0x00000000f5600000,0x00000000fab00000)
  to   space 87040K, 0% used [0x00000000fab00000,0x00000000fab00000,0x0000000100000000)
 ParOldGen       total 833024K, used 13864K [0x0000000080000000, 0x00000000b2d80000, 0x00000000d5580000)
  object space 833024K, 1% used [0x0000000080000000,0x0000000080d8a0c8,0x00000000b2d80000)
 Metaspace       used 34782K, capacity 35124K, committed 35416K, reserved 1081344K
  class space    used 3972K, capacity 4092K, committed 4096K, reserved 1048576K
Event: 5.266 GC heap after
Heap after GC invocations=3 (full 1):
 PSYoungGen      total 611840K, used 19295K [0x00000000d5580000, 0x0000000100000000, 0x0000000100000000)
  eden space 524800K, 0% used [0x00000000d5580000,0x00000000d5580000,0x00000000f5600000)
  from space 87040K, 22% used [0x00000000fab00000,0x00000000fbdd7f30,0x0000000100000000)
  to   space 87040K, 0% used [0x00000000f5600000,0x00000000f5600000,0x00000000fab00000)
 ParOldGen       total 833024K, used 13864K [0x0000000080000000, 0x00000000b2d80000, 0x00000000d5580000)
  object space 833024K, 1% used [0x0000000080000000,0x0000000080d8a0c8,0x00000000b2d80000)
 Metaspace       used 34782K, capacity 35124K, committed 35416K, reserved 1081344K
  class space    used 3972K, capacity 4092K, committed 4096K, reserved 1048576K
}
Event: 5.266 GC heap before
{Heap before GC invocations=4 (full 2):
 PSYoungGen      total 611840K, used 19295K [0x00000000d5580000, 0x0000000100000000, 0x0000000100000000)
  eden space 524800K, 0% used [0x00000000d5580000,0x00000000d5580000,0x00000000f5600000)
  from space 87040K, 22% used [0x00000000fab00000,0x00000000fbdd7f30,0x0000000100000000)
  to   space 87040K, 0% used [0x00000000f5600000,0x00000000f5600000,0x00000000fab00000)
 ParOldGen       total 833024K, used 13864K [0x0000000080000000, 0x00000000b2d80000, 0x00000000d5580000)
  object space 833024K, 1% used [0x0000000080000000,0x0000000080d8a0c8,0x00000000b2d80000)
 Metaspace       used 34782K, capacity 35124K, committed 35416K, reserved 1081344K
  class space    used 3972K, capacity 4092K, committed 4096K, reserved 1048576K
Event: 5.354 GC heap after
Heap after GC invocations=4 (full 2):
 PSYoungGen      total 611840K, used 0K [0x00000000d5580000, 0x0000000100000000, 0x0000000100000000)
  eden space 524800K, 0% used [0x00000000d5580000,0x00000000d5580000,0x00000000f5600000)
  from space 87040K, 0% used [0x00000000fab00000,0x00000000fab00000,0x0000000100000000)
  to   space 87040K, 0% used [0x00000000f5600000,0x00000000f5600000,0x00000000fab00000)
 ParOldGen       total 1363456K, used 23767K [0x0000000080000000, 0x00000000d3380000, 0x00000000d5580000)
  object space 1363456K, 1% used [0x0000000080000000,0x0000000081735c60,0x00000000d3380000)
 Metaspace       used 34782K, capacity 35124K, committed 35416K, reserved 1081344K
  class space    used 3972K, capacity 4092K, committed 4096K, reserved 1048576K
}
Event: 11.658 GC heap before
{Heap before GC invocations=5 (full 2):
 PSYoungGen      total 611840K, used 327876K [0x00000000d5580000, 0x0000000100000000, 0x0000000100000000)
  eden space 524800K, 62% used [0x00000000d5580000,0x00000000e95b1050,0x00000000f5600000)
  from space 87040K, 0% used [0x00000000fab00000,0x00000000fab00000,0x0000000100000000)
  to   space 87040K, 0% used [0x00000000f5600000,0x00000000f5600000,0x00000000fab00000)
 ParOldGen       total 1363456K, used 23767K [0x0000000080000000, 0x00000000d3380000, 0x00000000d5580000)
  object space 1363456K, 1% used [0x0000000080000000,0x0000000081735c60,0x00000000d3380000)
 Metaspace       used 57495K, capacity 58896K, committed 59008K, reserved 1101824K
  class space    used 6695K, capacity 6982K, committed 7040K, reserved 1048576K
Event: 11.693 GC heap after
Heap after GC invocations=5 (full 2):
 PSYoungGen      total 611840K, used 27062K [0x00000000d5580000, 0x0000000100000000, 0x0000000100000000)
  eden space 524800K, 0% used [0x00000000d5580000,0x00000000d5580000,0x00000000f5600000)
  from space 87040K, 31% used [0x00000000f5600000,0x00000000f706d970,0x00000000fab00000)
  to   space 87040K, 0% used [0x00000000fab00000,0x00000000fab00000,0x0000000100000000)
 ParOldGen       total 1363456K, used 23767K [0x0000000080000000, 0x00000000d3380000, 0x00000000d5580000)
  object space 1363456K, 1% used [0x0000000080000000,0x0000000081735c60,0x00000000d3380000)
 Metaspace       used 57495K, capacity 58896K, committed 59008K, reserved 1101824K
  class space    used 6695K, capacity 6982K, committed 7040K, reserved 1048576K
}
Event: 11.693 GC heap before
{Heap before GC invocations=6 (full 3):
 PSYoungGen      total 611840K, used 27062K [0x00000000d5580000, 0x0000000100000000, 0x0000000100000000)
  eden space 524800K, 0% used [0x00000000d5580000,0x00000000d5580000,0x00000000f5600000)
  from space 87040K, 31% used [0x00000000f5600000,0x00000000f706d970,0x00000000fab00000)
  to   space 87040K, 0% used [0x00000000fab00000,0x00000000fab00000,0x0000000100000000)
 ParOldGen       total 1363456K, used 23767K [0x0000000080000000, 0x00000000d3380000, 0x00000000d5580000)
  object space 1363456K, 1% used [0x0000000080000000,0x0000000081735c60,0x00000000d3380000)
 Metaspace       used 57495K, capacity 58896K, committed 59008K, reserved 1101824K
  class space    used 6695K, capacity 6982K, committed 7040K, reserved 1048576K
Event: 11.887 GC heap after
Heap after GC invocations=6 (full 3):
 PSYoungGen      total 611840K, used 0K [0x00000000d5580000, 0x0000000100000000, 0x0000000100000000)
  eden space 524800K, 0% used [0x00000000d5580000,0x00000000d5580000,0x00000000f5600000)
  from space 87040K, 0% used [0x00000000f5600000,0x00000000f5600000,0x00000000fab00000)
  to   space 87040K, 0% used [0x00000000fab00000,0x00000000fab00000,0x0000000100000000)
 ParOldGen       total 1398272K, used 37868K [0x0000000080000000, 0x00000000d5580000, 0x00000000d5580000)
  object space 1398272K, 2% used [0x0000000080000000,0x00000000824fb098,0x00000000d5580000)
 Metaspace       used 57489K, capacity 58882K, committed 59008K, reserved 1101824K
  class space    used 6692K, capacity 6977K, committed 7040K, reserved 1048576K
}

