# JRE version: OpenJDK Runtime Environment (8.0_212-b04) (build 1.8.0_212-b04)
# Java VM: OpenJDK 64-Bit Server VM (25.212-b04 mixed mode linux-amd64 compressed oops)
Heap:
 PSYoungGen      total 611840K, used 298075K [0x00000000d5580000, 0x0000000100000000, 0x0000000100000000)
  eden space 524800K, 56% used [0x00000000d5580000,0x00000000e7896fe0,0x00000000f5600000)
  from space 87040K, 0% used [0x00000000fab00000,0x00000000fab00000,0x0000000100000000)
  to   space 87040K, 0% used [0x00000000f5600000,0x00000000f5600000,0x00000000fab00000)
 ParOldGen       total 1398272K, used 32206K [0x0000000080000000, 0x00000000d5580000, 0x00000000d5580000)
  object space 1398272K, 2% used [0x0000000080000000,0x0000000081f73b88,0x00000000d5580000)
 Metaspace       used 65375K, capacity 68074K, committed 68224K, reserved 1110016K
  class space    used 7468K, capacity 7945K, committed 8064K, reserved 1048576K
GC Heap History (10 events):
Event: 6.165 GC heap before
{Heap before GC invocations=3 (full 1):
 PSYoungGen      total 611840K, used 457638K [0x00000000d5580000, 0x0000000100000000, 0x0000000100000000)
  eden space 524800K, 87% used [0x00000000d5580000,0x00000000f1469990,0x00000000f5600000)
  from space 87040K, 0% used [0x00000000f5600000,0x00000000f5600000,0x00000000fab00000)
  to   space 87040K, 0% used [0x00000000fab00000,0x00000000fab00000,0x0000000100000000)
 ParOldGen       total 816640K, used 13757K [0x0000000080000000, 0x00000000b1d80000, 0x00000000d5580000)
  object space 816640K, 1% used [0x0000000080000000,0x0000000080d6f490,0x00000000b1d80000)
 Metaspace       used 34787K, capacity 35188K, committed 35416K, reserved 1081344K
  class space    used 3965K, capacity 4092K, committed 4096K, reserved 1048576K
Event: 6.202 GC heap after
Heap after GC invocations=3 (full 1):
 PSYoungGen      total 611840K, used 19204K [0x00000000d5580000, 0x0000000100000000, 0x0000000100000000)
  eden space 524800K, 0% used [0x00000000d5580000,0x00000000d5580000,0x00000000f5600000)
  from space 87040K, 22% used [0x00000000fab00000,0x00000000fbdc1190,0x0000000100000000)
  to   space 87040K, 0% used [0x00000000f5600000,0x00000000f5600000,0x00000000fab00000)
 ParOldGen       total 816640K, used 13757K [0x0000000080000000, 0x00000000b1d80000, 0x00000000d5580000)
  object space 816640K, 1% used [0x0000000080000000,0x0000000080d6f490,0x00000000b1d80000)
 Metaspace       used 34787K, capacity 35188K, committed 35416K, reserved 1081344K
  class space    used 3965K, capacity 4092K, committed 4096K, reserved 1048576K
}
Event: 6.202 GC heap before
{Heap before GC invocations=4 (full 2):
 PSYoungGen      total 611840K, used 19204K [0x00000000d5580000, 0x0000000100000000, 0x0000000100000000)
  eden space 524800K, 0% used [0x00000000d5580000,0x00000000d5580000,0x00000000f5600000)
  from space 87040K, 22% used [0x00000000fab00000,0x00000000fbdc1190,0x0000000100000000)
  to   space 87040K, 0% used [0x00000000f5600000,0x00000000f5600000,0x00000000fab00000)
 ParOldGen       total 816640K, used 13757K [0x0000000080000000, 0x00000000b1d80000, 0x00000000d5580000)
  object space 816640K, 1% used [0x0000000080000000,0x0000000080d6f490,0x00000000b1d80000)
 Metaspace       used 34787K, capacity 35188K, committed 35416K, reserved 1081344K
  class space    used 3965K, capacity 4092K, committed 4096K, reserved 1048576K
Event: 6.322 GC heap after
Heap after GC invocations=4 (full 2):
 PSYoungGen      total 611840K, used 0K [0x00000000d5580000, 0x0000000100000000, 0x0000000100000000)
  eden space 524800K, 0% used [0x00000000d5580000,0x00000000d5580000,0x00000000f5600000)
  from space 87040K, 0% used [0x00000000fab00000,0x00000000fab00000,0x0000000100000000)
  to   space 87040K, 0% used [0x00000000f5600000,0x00000000f5600000,0x00000000fab00000)
 ParOldGen       total 1342976K, used 23535K [0x0000000080000000, 0x00000000d1f80000, 0x00000000d5580000)
  object space 1342976K, 1% used [0x0000000080000000,0x00000000816fbdc8,0x00000000d1f80000)
 Metaspace       used 34787K, capacity 35188K, committed 35416K, reserved 1081344K
  class space    used 3965K, capacity 4092K, committed 4096K, reserved 1048576K
}
Event: 13.094 GC heap before
{Heap before GC invocations=5 (full 2):
 PSYoungGen      total 611840K, used 524800K [0x00000000d5580000, 0x0000000100000000, 0x0000000100000000)
  eden space 524800K, 100% used [0x00000000d5580000,0x00000000f5600000,0x00000000f5600000)
  from space 87040K, 0% used [0x00000000fab00000,0x00000000fab00000,0x0000000100000000)
  to   space 87040K, 0% used [0x00000000f5600000,0x00000000f5600000,0x00000000fab00000)
 ParOldGen       total 1342976K, used 23535K [0x0000000080000000, 0x00000000d1f80000, 0x00000000d5580000)
  object space 1342976K, 1% used [0x0000000080000000,0x00000000816fbdc8,0x00000000d1f80000)
 Metaspace       used 53351K, capacity 54750K, committed 54912K, reserved 1097728K
  class space    used 6227K, capacity 6469K, committed 6528K, reserved 1048576K
Event: 13.147 GC heap after
Heap after GC invocations=5 (full 2):
 PSYoungGen      total 611840K, used 28621K [0x00000000d5580000, 0x0000000100000000, 0x0000000100000000)
  eden space 524800K, 0% used [0x00000000d5580000,0x00000000d5580000,0x00000000f5600000)
  from space 87040K, 32% used [0x00000000f5600000,0x00000000f71f3508,0x00000000fab00000)
  to   space 87040K, 0% used [0x00000000fab00000,0x00000000fab00000,0x0000000100000000)
 ParOldGen       total 1342976K, used 23543K [0x0000000080000000, 0x00000000d1f80000, 0x00000000d5580000)
  object space 1342976K, 1% used [0x0000000080000000,0x00000000816fddc8,0x00000000d1f80000)
 Metaspace       used 53351K, capacity 54750K, committed 54912K, reserved 1097728K
  class space    used 6227K, capacity 6469K, committed 6528K, reserved 1048576K
}
Event: 13.936 GC heap before
{Heap before GC invocations=6 (full 2):
 PSYoungGen      total 611840K, used 173642K [0x00000000d5580000, 0x0000000100000000, 0x0000000100000000)
  eden space 524800K, 27% used [0x00000000d5580000,0x00000000de31f3c8,0x00000000f5600000)
  from space 87040K, 32% used [0x00000000f5600000,0x00000000f71f3508,0x00000000fab00000)
  to   space 87040K, 0% used [0x00000000fab00000,0x00000000fab00000,0x0000000100000000)
 ParOldGen       total 1342976K, used 23543K [0x0000000080000000, 0x00000000d1f80000, 0x00000000d5580000)
  object space 1342976K, 1% used [0x0000000080000000,0x00000000816fddc8,0x00000000d1f80000)
 Metaspace       used 57510K, capacity 58940K, committed 59028K, reserved 1101824K
  class space    used 6614K, capacity 6896K, committed 6912K, reserved 1048576K
Event: 13.961 GC heap after
Heap after GC invocations=6 (full 2):
 PSYoungGen      total 611840K, used 20589K [0x00000000d5580000, 0x0000000100000000, 0x0000000100000000)
  eden space 524800K, 0% used [0x00000000d5580000,0x00000000d5580000,0x00000000f5600000)
  from space 87040K, 23% used [0x00000000fab00000,0x00000000fbf1b4b0,0x0000000100000000)
  to   space 87040K, 0% used [0x00000000f5600000,0x00000000f5600000,0x00000000fab00000)
 ParOldGen       total 1342976K, used 23551K [0x0000000080000000, 0x00000000d1f80000, 0x00000000d5580000)
  object space 1342976K, 1% used [0x0000000080000000,0x00000000816ffdc8,0x00000000d1f80000)
 Metaspace       used 57510K, capacity 58940K, committed 59028K, reserved 1101824K
  class space    used 6614K, capacity 6896K, committed 6912K, reserved 1048576K
}
Event: 13.961 GC heap before
{Heap before GC invocations=7 (full 3):
 PSYoungGen      total 611840K, used 20589K [0x00000000d5580000, 0x0000000100000000, 0x0000000100000000)
  eden space 524800K, 0% used [0x00000000d5580000,0x00000000d5580000,0x00000000f5600000)
  from space 87040K, 23% used [0x00000000fab00000,0x00000000fbf1b4b0,0x0000000100000000)
  to   space 87040K, 0% used [0x00000000f5600000,0x00000000f5600000,0x00000000fab00000)
 ParOldGen       total 1342976K, used 23551K [0x0000000080000000, 0x00000000d1f80000, 0x00000000d5580000)
  object space 1342976K, 1% used [0x0000000080000000,0x00000000816ffdc8,0x00000000d1f80000)
 Metaspace       used 57510K, capacity 58940K, committed 59028K, reserved 1101824K
  class space    used 6614K, capacity 6896K, committed 6912K, reserved 1048576K
Event: 14.199 GC heap after
Heap after GC invocations=7 (full 3):
 PSYoungGen      total 611840K, used 0K [0x00000000d5580000, 0x0000000100000000, 0x0000000100000000)
  eden space 524800K, 0% used [0x00000000d5580000,0x00000000d5580000,0x00000000f5600000)
  from space 87040K, 0% used [0x00000000fab00000,0x00000000fab00000,0x0000000100000000)
  to   space 87040K, 0% used [0x00000000f5600000,0x00000000f5600000,0x00000000fab00000)
 ParOldGen       total 1398272K, used 32206K [0x0000000080000000, 0x00000000d5580000, 0x00000000d5580000)
  object space 1398272K, 2% used [0x0000000080000000,0x0000000081f73b88,0x00000000d5580000)
 Metaspace       used 57491K, capacity 58892K, committed 59028K, reserved 1101824K
  class space    used 6607K, capacity 6884K, committed 6912K, reserved 1048576K
}

