# JRE version: OpenJDK Runtime Environment (8.0_212-b04) (build 1.8.0_212-b04)
# Java VM: OpenJDK 64-Bit Server VM (25.212-b04 mixed mode linux-amd64 compressed oops)
Heap:
 PSYoungGen      total 555520K, used 110523K [0x00000000d5580000, 0x0000000100000000, 0x0000000100000000)
  eden space 427520K, 3% used [0x00000000d5580000,0x00000000d65e8be0,0x00000000ef700000)
  from space 128000K, 73% used [0x00000000f7f00000,0x00000000fda86168,0x00000000ffc00000)
  to   space 135680K, 0% used [0x00000000ef700000,0x00000000ef700000,0x00000000f7b80000)
 ParOldGen       total 1398272K, used 82556K [0x0000000080000000, 0x00000000d5580000, 0x00000000d5580000)
  object space 1398272K, 5% used [0x0000000080000000,0x000000008509f130,0x00000000d5580000)
 Metaspace       used 72737K, capacity 76482K, committed 76672K, reserved 1118208K
  class space    used 7897K, capacity 8539K, committed 8576K, reserved 1048576K
GC Heap History (10 events):
Event: 95.125 GC heap before
{Heap before GC invocations=7 (full 3):
 PSYoungGen      total 611840K, used 524800K [0x00000000d5580000, 0x0000000100000000, 0x0000000100000000)
  eden space 524800K, 100% used [0x00000000d5580000,0x00000000f5600000,0x00000000f5600000)
  from space 87040K, 0% used [0x00000000f5600000,0x00000000f5600000,0x00000000fab00000)
  to   space 87040K, 0% used [0x00000000fab00000,0x00000000fab00000,0x0000000100000000)
 ParOldGen       total 1398272K, used 44421K [0x0000000080000000, 0x00000000d5580000, 0x00000000d5580000)
  object space 1398272K, 3% used [0x0000000080000000,0x0000000082b61658,0x00000000d5580000)
 Metaspace       used 67182K, capacity 70190K, committed 70400K, reserved 1112064K
  class space    used 7641K, capacity 8177K, committed 8192K, reserved 1048576K
Event: 95.240 GC heap after
Heap after GC invocations=7 (full 3):
 PSYoungGen      total 611840K, used 46307K [0x00000000d5580000, 0x0000000100000000, 0x0000000100000000)
  eden space 524800K, 0% used [0x00000000d5580000,0x00000000d5580000,0x00000000f5600000)
  from space 87040K, 53% used [0x00000000fab00000,0x00000000fd838e88,0x0000000100000000)
  to   space 87040K, 0% used [0x00000000f5600000,0x00000000f5600000,0x00000000fab00000)
 ParOldGen       total 1398272K, used 44429K [0x0000000080000000, 0x00000000d5580000, 0x00000000d5580000)
  object space 1398272K, 3% used [0x0000000080000000,0x0000000082b63658,0x00000000d5580000)
 Metaspace       used 67182K, capacity 70190K, committed 70400K, reserved 1112064K
  class space    used 7641K, capacity 8177K, committed 8192K, reserved 1048576K
}
Event: 332.654 GC heap before
{Heap before GC invocations=8 (full 3):
 PSYoungGen      total 611840K, used 571107K [0x00000000d5580000, 0x0000000100000000, 0x0000000100000000)
  eden space 524800K, 100% used [0x00000000d5580000,0x00000000f5600000,0x00000000f5600000)
  from space 87040K, 53% used [0x00000000fab00000,0x00000000fd838e88,0x0000000100000000)
  to   space 87040K, 0% used [0x00000000f5600000,0x00000000f5600000,0x00000000fab00000)
 ParOldGen       total 1398272K, used 44429K [0x0000000080000000, 0x00000000d5580000, 0x00000000d5580000)
  object space 1398272K, 3% used [0x0000000080000000,0x0000000082b63658,0x00000000d5580000)
 Metaspace       used 69894K, capacity 73112K, committed 73216K, reserved 1114112K
  class space    used 7774K, capacity 8350K, committed 8448K, reserved 1048576K
Event: 332.846 GC heap after
Heap after GC invocations=8 (full 3):
 PSYoungGen      total 611840K, used 87037K [0x00000000d5580000, 0x0000000100000000, 0x0000000100000000)
  eden space 524800K, 0% used [0x00000000d5580000,0x00000000d5580000,0x00000000f5600000)
  from space 87040K, 99% used [0x00000000f5600000,0x00000000faaff490,0x00000000fab00000)
  to   space 87040K, 0% used [0x00000000fab00000,0x00000000fab00000,0x0000000100000000)
 ParOldGen       total 1398272K, used 51444K [0x0000000080000000, 0x00000000d5580000, 0x00000000d5580000)
  object space 1398272K, 3% used [0x0000000080000000,0x000000008323d130,0x00000000d5580000)
 Metaspace       used 69894K, capacity 73112K, committed 73216K, reserved 1114112K
  class space    used 7774K, capacity 8350K, committed 8448K, reserved 1048576K
}
Event: 588.466 GC heap before
{Heap before GC invocations=9 (full 3):
 PSYoungGen      total 611840K, used 611837K [0x00000000d5580000, 0x0000000100000000, 0x0000000100000000)
  eden space 524800K, 100% used [0x00000000d5580000,0x00000000f5600000,0x00000000f5600000)
  from space 87040K, 99% used [0x00000000f5600000,0x00000000faaff490,0x00000000fab00000)
  to   space 87040K, 0% used [0x00000000fab00000,0x00000000fab00000,0x0000000100000000)
 ParOldGen       total 1398272K, used 51444K [0x0000000080000000, 0x00000000d5580000, 0x00000000d5580000)
  object space 1398272K, 3% used [0x0000000080000000,0x000000008323d130,0x00000000d5580000)
 Metaspace       used 71413K, capacity 74918K, committed 75136K, reserved 1116160K
  class space    used 7856K, capacity 8467K, committed 8576K, reserved 1048576K
Event: 588.666 GC heap after
Heap after GC invocations=9 (full 3):
 PSYoungGen      total 530944K, used 87029K [0x00000000d5580000, 0x0000000100000000, 0x0000000100000000)
  eden space 443904K, 0% used [0x00000000d5580000,0x00000000d5580000,0x00000000f0700000)
  from space 87040K, 99% used [0x00000000fab00000,0x00000000ffffd6a8,0x0000000100000000)
  to   space 127488K, 0% used [0x00000000f0700000,0x00000000f0700000,0x00000000f8380000)
 ParOldGen       total 1398272K, used 82540K [0x0000000080000000, 0x00000000d5580000, 0x00000000d5580000)
  object space 1398272K, 5% used [0x0000000080000000,0x000000008509b130,0x00000000d5580000)
 Metaspace       used 71413K, capacity 74918K, committed 75136K, reserved 1116160K
  class space    used 7856K, capacity 8467K, committed 8576K, reserved 1048576K
}
Event: 656.693 GC heap before
{Heap before GC invocations=10 (full 3):
 PSYoungGen      total 530944K, used 530933K [0x00000000d5580000, 0x0000000100000000, 0x0000000100000000)
  eden space 443904K, 100% used [0x00000000d5580000,0x00000000f0700000,0x00000000f0700000)
  from space 87040K, 99% used [0x00000000fab00000,0x00000000ffffd6a8,0x0000000100000000)
  to   space 127488K, 0% used [0x00000000f0700000,0x00000000f0700000,0x00000000f8380000)
 ParOldGen       total 1398272K, used 82540K [0x0000000080000000, 0x00000000d5580000, 0x00000000d5580000)
  object space 1398272K, 5% used [0x0000000080000000,0x000000008509b130,0x00000000d5580000)
 Metaspace       used 72072K, capacity 75796K, committed 75904K, reserved 1116160K
  class space    used 7888K, capacity 8524K, committed 8576K, reserved 1048576K
Event: 656.869 GC heap after
Heap after GC invocations=10 (full 3):
 PSYoungGen      total 514048K, used 74969K [0x00000000d5580000, 0x00000000ffc00000, 0x0000000100000000)
  eden space 438784K, 0% used [0x00000000d5580000,0x00000000d5580000,0x00000000f0200000)
  from space 75264K, 99% used [0x00000000f0700000,0x00000000f5036418,0x00000000f5080000)
  to   space 128000K, 0% used [0x00000000f7f00000,0x00000000f7f00000,0x00000000ffc00000)
 ParOldGen       total 1398272K, used 82548K [0x0000000080000000, 0x00000000d5580000, 0x00000000d5580000)
  object space 1398272K, 5% used [0x0000000080000000,0x000000008509d130,0x00000000d5580000)
 Metaspace       used 72072K, capacity 75796K, committed 75904K, reserved 1116160K
  class space    used 7888K, capacity 8524K, committed 8576K, reserved 1048576K
}
Event: 713.714 GC heap before
{Heap before GC invocations=11 (full 3):
 PSYoungGen      total 514048K, used 513753K [0x00000000d5580000, 0x00000000ffc00000, 0x0000000100000000)
  eden space 438784K, 100% used [0x00000000d5580000,0x00000000f0200000,0x00000000f0200000)
  from space 75264K, 99% used [0x00000000f0700000,0x00000000f5036418,0x00000000f5080000)
  to   space 128000K, 0% used [0x00000000f7f00000,0x00000000f7f00000,0x00000000ffc00000)
 ParOldGen       total 1398272K, used 82548K [0x0000000080000000, 0x00000000d5580000, 0x00000000d5580000)
  object space 1398272K, 5% used [0x0000000080000000,0x000000008509d130,0x00000000d5580000)
 Metaspace       used 72679K, capacity 76412K, committed 76672K, reserved 1118208K
  class space    used 7896K, capacity 8538K, committed 8576K, reserved 1048576K
Event: 713.877 GC heap after
Heap after GC invocations=11 (full 3):
 PSYoungGen      total 555520K, used 93720K [0x00000000d5580000, 0x0000000100000000, 0x0000000100000000)
  eden space 427520K, 0% used [0x00000000d5580000,0x00000000d5580000,0x00000000ef700000)
  from space 128000K, 73% used [0x00000000f7f00000,0x00000000fda86168,0x00000000ffc00000)
  to   space 135680K, 0% used [0x00000000ef700000,0x00000000ef700000,0x00000000f7b80000)
 ParOldGen       total 1398272K, used 82556K [0x0000000080000000, 0x00000000d5580000, 0x00000000d5580000)
  object space 1398272K, 5% used [0x0000000080000000,0x000000008509f130,0x00000000d5580000)
 Metaspace       used 72679K, capacity 76412K, committed 76672K, reserved 1118208K
  class space    used 7896K, capacity 8538K, committed 8576K, reserved 1048576K
}

