# JRE version: OpenJDK Runtime Environment (8.0_212-b04) (build 1.8.0_212-b04)
# Java VM: OpenJDK 64-Bit Server VM (25.212-b04 mixed mode linux-amd64 compressed oops)
Heap:
 PSYoungGen      total 611840K, used 381835K [0x00000000d5580000, 0x0000000100000000, 0x0000000100000000)
  eden space 524800K, 57% used [0x00000000d5580000,0x00000000e7b9c398,0x00000000f5600000)
  from space 87040K, 92% used [0x00000000fab00000,0x00000000ff9c6af8,0x0000000100000000)
  to   space 87040K, 0% used [0x00000000f5600000,0x00000000f5600000,0x00000000fab00000)
 ParOldGen       total 1398272K, used 44239K [0x0000000080000000, 0x00000000d5580000, 0x00000000d5580000)
  object space 1398272K, 3% used [0x0000000080000000,0x0000000082b33da8,0x00000000d5580000)
 Metaspace       used 67667K, capacity 70502K, committed 70656K, reserved 1112064K
  class space    used 7571K, capacity 8091K, committed 8192K, reserved 1048576K
GC Heap History (10 events):
Event: 4.218 GC heap before
{Heap before GC invocations=3 (full 1):
 PSYoungGen      total 611840K, used 445041K [0x00000000d5580000, 0x0000000100000000, 0x0000000100000000)
  eden space 524800K, 84% used [0x00000000d5580000,0x00000000f081c588,0x00000000f5600000)
  from space 87040K, 0% used [0x00000000f5600000,0x00000000f5600000,0x00000000fab00000)
  to   space 87040K, 0% used [0x00000000fab00000,0x00000000fab00000,0x0000000100000000)
 ParOldGen       total 925696K, used 13764K [0x0000000080000000, 0x00000000b8800000, 0x00000000d5580000)
  object space 925696K, 1% used [0x0000000080000000,0x0000000080d71328,0x00000000b8800000)
 Metaspace       used 34783K, capacity 35156K, committed 35416K, reserved 1081344K
  class space    used 3963K, capacity 4060K, committed 4096K, reserved 1048576K
Event: 4.257 GC heap after
Heap after GC invocations=3 (full 1):
 PSYoungGen      total 611840K, used 19117K [0x00000000d5580000, 0x0000000100000000, 0x0000000100000000)
  eden space 524800K, 0% used [0x00000000d5580000,0x00000000d5580000,0x00000000f5600000)
  from space 87040K, 21% used [0x00000000fab00000,0x00000000fbdab528,0x0000000100000000)
  to   space 87040K, 0% used [0x00000000f5600000,0x00000000f5600000,0x00000000fab00000)
 ParOldGen       total 925696K, used 13772K [0x0000000080000000, 0x00000000b8800000, 0x00000000d5580000)
  object space 925696K, 1% used [0x0000000080000000,0x0000000080d73328,0x00000000b8800000)
 Metaspace       used 34783K, capacity 35156K, committed 35416K, reserved 1081344K
  class space    used 3963K, capacity 4060K, committed 4096K, reserved 1048576K
}
Event: 4.257 GC heap before
{Heap before GC invocations=4 (full 2):
 PSYoungGen      total 611840K, used 19117K [0x00000000d5580000, 0x0000000100000000, 0x0000000100000000)
  eden space 524800K, 0% used [0x00000000d5580000,0x00000000d5580000,0x00000000f5600000)
  from space 87040K, 21% used [0x00000000fab00000,0x00000000fbdab528,0x0000000100000000)
  to   space 87040K, 0% used [0x00000000f5600000,0x00000000f5600000,0x00000000fab00000)
 ParOldGen       total 925696K, used 13772K [0x0000000080000000, 0x00000000b8800000, 0x00000000d5580000)
  object space 925696K, 1% used [0x0000000080000000,0x0000000080d73328,0x00000000b8800000)
 Metaspace       used 34783K, capacity 35156K, committed 35416K, reserved 1081344K
  class space    used 3963K, capacity 4060K, committed 4096K, reserved 1048576K
Event: 4.372 GC heap after
Heap after GC invocations=4 (full 2):
 PSYoungGen      total 611840K, used 0K [0x00000000d5580000, 0x0000000100000000, 0x0000000100000000)
  eden space 524800K, 0% used [0x00000000d5580000,0x00000000d5580000,0x00000000f5600000)
  from space 87040K, 0% used [0x00000000fab00000,0x00000000fab00000,0x0000000100000000)
  to   space 87040K, 0% used [0x00000000f5600000,0x00000000f5600000,0x00000000fab00000)
 ParOldGen       total 1398272K, used 23489K [0x0000000080000000, 0x00000000d5580000, 0x00000000d5580000)
  object space 1398272K, 1% used [0x0000000080000000,0x00000000816f0560,0x00000000d5580000)
 Metaspace       used 34783K, capacity 35156K, committed 35416K, reserved 1081344K
  class space    used 3963K, capacity 4060K, committed 4096K, reserved 1048576K
}
Event: 11.617 GC heap before
{Heap before GC invocations=5 (full 2):
 PSYoungGen      total 611840K, used 501588K [0x00000000d5580000, 0x0000000100000000, 0x0000000100000000)
  eden space 524800K, 95% used [0x00000000d5580000,0x00000000f3f551e0,0x00000000f5600000)
  from space 87040K, 0% used [0x00000000fab00000,0x00000000fab00000,0x0000000100000000)
  to   space 87040K, 0% used [0x00000000f5600000,0x00000000f5600000,0x00000000fab00000)
 ParOldGen       total 1398272K, used 23489K [0x0000000080000000, 0x00000000d5580000, 0x00000000d5580000)
  object space 1398272K, 1% used [0x0000000080000000,0x00000000816f0560,0x00000000d5580000)
 Metaspace       used 57362K, capacity 58920K, committed 59028K, reserved 1101824K
  class space    used 6627K, capacity 6892K, committed 6912K, reserved 1048576K
Event: 11.680 GC heap after
Heap after GC invocations=5 (full 2):
 PSYoungGen      total 611840K, used 33666K [0x00000000d5580000, 0x0000000100000000, 0x0000000100000000)
  eden space 524800K, 0% used [0x00000000d5580000,0x00000000d5580000,0x00000000f5600000)
  from space 87040K, 38% used [0x00000000f5600000,0x00000000f76e0920,0x00000000fab00000)
  to   space 87040K, 0% used [0x00000000fab00000,0x00000000fab00000,0x0000000100000000)
 ParOldGen       total 1398272K, used 23497K [0x0000000080000000, 0x00000000d5580000, 0x00000000d5580000)
  object space 1398272K, 1% used [0x0000000080000000,0x00000000816f2560,0x00000000d5580000)
 Metaspace       used 57362K, capacity 58920K, committed 59028K, reserved 1101824K
  class space    used 6627K, capacity 6892K, committed 6912K, reserved 1048576K
}
Event: 11.680 GC heap before
{Heap before GC invocations=6 (full 3):
 PSYoungGen      total 611840K, used 33666K [0x00000000d5580000, 0x0000000100000000, 0x0000000100000000)
  eden space 524800K, 0% used [0x00000000d5580000,0x00000000d5580000,0x00000000f5600000)
  from space 87040K, 38% used [0x00000000f5600000,0x00000000f76e0920,0x00000000fab00000)
  to   space 87040K, 0% used [0x00000000fab00000,0x00000000fab00000,0x0000000100000000)
 ParOldGen       total 1398272K, used 23497K [0x0000000080000000, 0x00000000d5580000, 0x00000000d5580000)
  object space 1398272K, 1% used [0x0000000080000000,0x00000000816f2560,0x00000000d5580000)
 Metaspace       used 57362K, capacity 58920K, committed 59028K, reserved 1101824K
  class space    used 6627K, capacity 6892K, committed 6912K, reserved 1048576K
Event: 11.950 GC heap after
Heap after GC invocations=6 (full 3):
 PSYoungGen      total 611840K, used 0K [0x00000000d5580000, 0x0000000100000000, 0x0000000100000000)
  eden space 524800K, 0% used [0x00000000d5580000,0x00000000d5580000,0x00000000f5600000)
  from space 87040K, 0% used [0x00000000f5600000,0x00000000f5600000,0x00000000fab00000)
  to   space 87040K, 0% used [0x00000000fab00000,0x00000000fab00000,0x0000000100000000)
 ParOldGen       total 1398272K, used 44231K [0x0000000080000000, 0x00000000d5580000, 0x00000000d5580000)
  object space 1398272K, 3% used [0x0000000080000000,0x0000000082b31da8,0x00000000d5580000)
 Metaspace       used 57342K, capacity 58870K, committed 59028K, reserved 1101824K
  class space    used 6621K, capacity 6881K, committed 6912K, reserved 1048576K
}
Event: 72.257 GC heap before
{Heap before GC invocations=7 (full 3):
 PSYoungGen      total 611840K, used 524800K [0x00000000d5580000, 0x0000000100000000, 0x0000000100000000)
  eden space 524800K, 100% used [0x00000000d5580000,0x00000000f5600000,0x00000000f5600000)
  from space 87040K, 0% used [0x00000000f5600000,0x00000000f5600000,0x00000000fab00000)
  to   space 87040K, 0% used [0x00000000fab00000,0x00000000fab00000,0x0000000100000000)
 ParOldGen       total 1398272K, used 44231K [0x0000000080000000, 0x00000000d5580000, 0x00000000d5580000)
  object space 1398272K, 3% used [0x0000000080000000,0x0000000082b31da8,0x00000000d5580000)
 Metaspace       used 66742K, capacity 69464K, committed 69504K, reserved 1110016K
  class space    used 7533K, capacity 8028K, committed 8064K, reserved 1048576K
Event: 72.416 GC heap after
Heap after GC invocations=7 (full 3):
 PSYoungGen      total 611840K, used 80666K [0x00000000d5580000, 0x0000000100000000, 0x0000000100000000)
  eden space 524800K, 0% used [0x00000000d5580000,0x00000000d5580000,0x00000000f5600000)
  from space 87040K, 92% used [0x00000000fab00000,0x00000000ff9c6af8,0x0000000100000000)
  to   space 87040K, 0% used [0x00000000f5600000,0x00000000f5600000,0x00000000fab00000)
 ParOldGen       total 1398272K, used 44239K [0x0000000080000000, 0x00000000d5580000, 0x00000000d5580000)
  object space 1398272K, 3% used [0x0000000080000000,0x0000000082b33da8,0x00000000d5580000)
 Metaspace       used 66742K, capacity 69464K, committed 69504K, reserved 1110016K
  class space    used 7533K, capacity 8028K, committed 8064K, reserved 1048576K
}

