# JRE version: OpenJDK Runtime Environment (8.0_212-b04) (build 1.8.0_212-b04)
# Java VM: OpenJDK 64-Bit Server VM (25.212-b04 mixed mode linux-amd64 compressed oops)
Heap:
 PSYoungGen      total 596480K, used 568015K [0x00000000d5580000, 0x00000000fc900000, 0x0000000100000000)
  eden space 524800K, 94% used [0x00000000d5580000,0x00000000f3a546c0,0x00000000f5600000)
  from space 71680K, 99% used [0x00000000f5600000,0x00000000f9bdf658,0x00000000f9c00000)
  to   space 46080K, 0% used [0x00000000f9c00000,0x00000000f9c00000,0x00000000fc900000)
 ParOldGen       total 1398272K, used 32735K [0x0000000080000000, 0x00000000d5580000, 0x00000000d5580000)
  object space 1398272K, 2% used [0x0000000080000000,0x0000000081ff7c20,0x00000000d5580000)
 Metaspace       used 81772K, capacity 85502K, committed 85760K, reserved 1124352K
  class space    used 9276K, capacity 9917K, committed 9984K, reserved 1048576K
GC Heap History (10 events):
Event: 5.604 GC heap before
{Heap before GC invocations=4 (full 2):
 PSYoungGen      total 611840K, used 19476K [0x00000000d5580000, 0x0000000100000000, 0x0000000100000000)
  eden space 524800K, 0% used [0x00000000d5580000,0x00000000d5580000,0x00000000f5600000)
  from space 87040K, 22% used [0x00000000fab00000,0x00000000fbe05288,0x0000000100000000)
  to   space 87040K, 0% used [0x00000000f5600000,0x00000000f5600000,0x00000000fab00000)
 ParOldGen       total 908800K, used 13522K [0x0000000080000000, 0x00000000b7780000, 0x00000000d5580000)
  object space 908800K, 1% used [0x0000000080000000,0x0000000080d348a8,0x00000000b7780000)
 Metaspace       used 34837K, capacity 35114K, committed 35416K, reserved 1081344K
  class space    used 4202K, capacity 4321K, committed 4352K, reserved 1048576K
Event: 5.752 GC heap after
Heap after GC invocations=4 (full 2):
 PSYoungGen      total 611840K, used 0K [0x00000000d5580000, 0x0000000100000000, 0x0000000100000000)
  eden space 524800K, 0% used [0x00000000d5580000,0x00000000d5580000,0x00000000f5600000)
  from space 87040K, 0% used [0x00000000fab00000,0x00000000fab00000,0x0000000100000000)
  to   space 87040K, 0% used [0x00000000f5600000,0x00000000f5600000,0x00000000fab00000)
 ParOldGen       total 1398272K, used 24343K [0x0000000080000000, 0x00000000d5580000, 0x00000000d5580000)
  object space 1398272K, 1% used [0x0000000080000000,0x00000000817c5cc8,0x00000000d5580000)
 Metaspace       used 34837K, capacity 35114K, committed 35416K, reserved 1081344K
  class space    used 4202K, capacity 4321K, committed 4352K, reserved 1048576K
}
Event: 10.439 GC heap before
{Heap before GC invocations=5 (full 2):
 PSYoungGen      total 611840K, used 524800K [0x00000000d5580000, 0x0000000100000000, 0x0000000100000000)
  eden space 524800K, 100% used [0x00000000d5580000,0x00000000f5600000,0x00000000f5600000)
  from space 87040K, 0% used [0x00000000fab00000,0x00000000fab00000,0x0000000100000000)
  to   space 87040K, 0% used [0x00000000f5600000,0x00000000f5600000,0x00000000fab00000)
 ParOldGen       total 1398272K, used 24343K [0x0000000080000000, 0x00000000d5580000, 0x00000000d5580000)
  object space 1398272K, 1% used [0x0000000080000000,0x00000000817c5cc8,0x00000000d5580000)
 Metaspace       used 49259K, capacity 50046K, committed 50432K, reserved 1093632K
  class space    used 5870K, capacity 6053K, committed 6144K, reserved 1048576K
Event: 10.489 GC heap after
Heap after GC invocations=5 (full 2):
 PSYoungGen      total 611840K, used 19773K [0x00000000d5580000, 0x0000000100000000, 0x0000000100000000)
  eden space 524800K, 0% used [0x00000000d5580000,0x00000000d5580000,0x00000000f5600000)
  from space 87040K, 22% used [0x00000000f5600000,0x00000000f694f638,0x00000000fab00000)
  to   space 87040K, 0% used [0x00000000fab00000,0x00000000fab00000,0x0000000100000000)
 ParOldGen       total 1398272K, used 24343K [0x0000000080000000, 0x00000000d5580000, 0x00000000d5580000)
  object space 1398272K, 1% used [0x0000000080000000,0x00000000817c5cc8,0x00000000d5580000)
 Metaspace       used 49259K, capacity 50046K, committed 50432K, reserved 1093632K
  class space    used 5870K, capacity 6053K, committed 6144K, reserved 1048576K
}
Event: 14.324 GC heap before
{Heap before GC invocations=6 (full 2):
 PSYoungGen      total 611840K, used 326155K [0x00000000d5580000, 0x0000000100000000, 0x0000000100000000)
  eden space 524800K, 58% used [0x00000000d5580000,0x00000000e80b3648,0x00000000f5600000)
  from space 87040K, 22% used [0x00000000f5600000,0x00000000f694f638,0x00000000fab00000)
  to   space 87040K, 0% used [0x00000000fab00000,0x00000000fab00000,0x0000000100000000)
 ParOldGen       total 1398272K, used 24343K [0x0000000080000000, 0x00000000d5580000, 0x00000000d5580000)
  object space 1398272K, 1% used [0x0000000080000000,0x00000000817c5cc8,0x00000000d5580000)
 Metaspace       used 57849K, capacity 58998K, committed 59028K, reserved 1101824K
  class space    used 6945K, capacity 7161K, committed 7168K, reserved 1048576K
Event: 14.352 GC heap after
Heap after GC invocations=6 (full 2):
 PSYoungGen      total 611840K, used 20214K [0x00000000d5580000, 0x0000000100000000, 0x0000000100000000)
  eden space 524800K, 0% used [0x00000000d5580000,0x00000000d5580000,0x00000000f5600000)
  from space 87040K, 23% used [0x00000000fab00000,0x00000000fbebd9a8,0x0000000100000000)
  to   space 87040K, 0% used [0x00000000f5600000,0x00000000f5600000,0x00000000fab00000)
 ParOldGen       total 1398272K, used 24351K [0x0000000080000000, 0x00000000d5580000, 0x00000000d5580000)
  object space 1398272K, 1% used [0x0000000080000000,0x00000000817c7cc8,0x00000000d5580000)
 Metaspace       used 57849K, capacity 58998K, committed 59028K, reserved 1101824K
  class space    used 6945K, capacity 7161K, committed 7168K, reserved 1048576K
}
Event: 14.352 GC heap before
{Heap before GC invocations=7 (full 3):
 PSYoungGen      total 611840K, used 20214K [0x00000000d5580000, 0x0000000100000000, 0x0000000100000000)
  eden space 524800K, 0% used [0x00000000d5580000,0x00000000d5580000,0x00000000f5600000)
  from space 87040K, 23% used [0x00000000fab00000,0x00000000fbebd9a8,0x0000000100000000)
  to   space 87040K, 0% used [0x00000000f5600000,0x00000000f5600000,0x00000000fab00000)
 ParOldGen       total 1398272K, used 24351K [0x0000000080000000, 0x00000000d5580000, 0x00000000d5580000)
  object space 1398272K, 1% used [0x0000000080000000,0x00000000817c7cc8,0x00000000d5580000)
 Metaspace       used 57849K, capacity 58998K, committed 59028K, reserved 1101824K
  class space    used 6945K, capacity 7161K, committed 7168K, reserved 1048576K
Event: 14.559 GC heap after
Heap after GC invocations=7 (full 3):
 PSYoungGen      total 611840K, used 0K [0x00000000d5580000, 0x0000000100000000, 0x0000000100000000)
  eden space 524800K, 0% used [0x00000000d5580000,0x00000000d5580000,0x00000000f5600000)
  from space 87040K, 0% used [0x00000000fab00000,0x00000000fab00000,0x0000000100000000)
  to   space 87040K, 0% used [0x00000000f5600000,0x00000000f5600000,0x00000000fab00000)
 ParOldGen       total 1398272K, used 32727K [0x0000000080000000, 0x00000000d5580000, 0x00000000d5580000)
  object space 1398272K, 2% used [0x0000000080000000,0x0000000081ff5c20,0x00000000d5580000)
 Metaspace       used 57787K, capacity 58848K, committed 59028K, reserved 1101824K
  class space    used 6922K, capacity 7122K, committed 7168K, reserved 1048576K
}
Event: 25.760 GC heap before
{Heap before GC invocations=8 (full 3):
 PSYoungGen      total 611840K, used 524800K [0x00000000d5580000, 0x0000000100000000, 0x0000000100000000)
  eden space 524800K, 100% used [0x00000000d5580000,0x00000000f5600000,0x00000000f5600000)
  from space 87040K, 0% used [0x00000000fab00000,0x00000000fab00000,0x0000000100000000)
  to   space 87040K, 0% used [0x00000000f5600000,0x00000000f5600000,0x00000000fab00000)
 ParOldGen       total 1398272K, used 32727K [0x0000000080000000, 0x00000000d5580000, 0x00000000d5580000)
  object space 1398272K, 2% used [0x0000000080000000,0x0000000081ff5c20,0x00000000d5580000)
 Metaspace       used 76802K, capacity 79636K, committed 79872K, reserved 1120256K
  class space    used 8947K, capacity 9470K, committed 9472K, reserved 1048576K
Event: 25.845 GC heap after
Heap after GC invocations=8 (full 3):
 PSYoungGen      total 596480K, used 71549K [0x00000000d5580000, 0x00000000fc900000, 0x0000000100000000)
  eden space 524800K, 0% used [0x00000000d5580000,0x00000000d5580000,0x00000000f5600000)
  from space 71680K, 99% used [0x00000000f5600000,0x00000000f9bdf658,0x00000000f9c00000)
  to   space 46080K, 0% used [0x00000000f9c00000,0x00000000f9c00000,0x00000000fc900000)
 ParOldGen       total 1398272K, used 32735K [0x0000000080000000, 0x00000000d5580000, 0x00000000d5580000)
  object space 1398272K, 2% used [0x0000000080000000,0x0000000081ff7c20,0x00000000d5580000)
 Metaspace       used 76802K, capacity 79636K, committed 79872K, reserved 1120256K
  class space    used 8947K, capacity 9470K, committed 9472K, reserved 1048576K
}

