# JRE version: OpenJDK Runtime Environment (8.0_212-b04) (build 1.8.0_212-b04)
# Java VM: OpenJDK 64-Bit Server VM (25.212-b04 mixed mode linux-amd64 compressed oops)
Heap:
 PSYoungGen      total 611840K, used 315465K [0x00000000d5580000, 0x0000000100000000, 0x0000000100000000)
  eden space 524800K, 60% used [0x00000000d5580000,0x00000000e89925e8,0x00000000f5600000)
  from space 87040K, 0% used [0x00000000f5600000,0x00000000f5600000,0x00000000fab00000)
  to   space 87040K, 0% used [0x00000000fab00000,0x00000000fab00000,0x0000000100000000)
 ParOldGen       total 1398272K, used 42257K [0x0000000080000000, 0x00000000d5580000, 0x00000000d5580000)
  object space 1398272K, 3% used [0x0000000080000000,0x00000000829444c0,0x00000000d5580000)
 Metaspace       used 64044K, capacity 66878K, committed 67072K, reserved 1107968K
  class space    used 7389K, capacity 7907K, committed 7936K, reserved 1048576K
GC Heap History (10 events):
Event: 4.979 GC heap before
{Heap before GC invocations=2 (full 1):
 PSYoungGen      total 611840K, used 14319K [0x00000000d5580000, 0x0000000100000000, 0x0000000100000000)
  eden space 524800K, 0% used [0x00000000d5580000,0x00000000d5580000,0x00000000f5600000)
  from space 87040K, 16% used [0x00000000f5600000,0x00000000f63fbca0,0x00000000fab00000)
  to   space 87040K, 0% used [0x00000000fab00000,0x00000000fab00000,0x0000000100000000)
 ParOldGen       total 1398272K, used 80K [0x0000000080000000, 0x00000000d5580000, 0x00000000d5580000)
  object space 1398272K, 0% used [0x0000000080000000,0x0000000080014010,0x00000000d5580000)
 Metaspace       used 20819K, capacity 21106K, committed 21248K, reserved 1069056K
  class space    used 2366K, capacity 2482K, committed 2560K, reserved 1048576K
Event: 5.054 GC heap after
Heap after GC invocations=2 (full 1):
 PSYoungGen      total 611840K, used 0K [0x00000000d5580000, 0x0000000100000000, 0x0000000100000000)
  eden space 524800K, 0% used [0x00000000d5580000,0x00000000d5580000,0x00000000f5600000)
  from space 87040K, 0% used [0x00000000f5600000,0x00000000f5600000,0x00000000fab00000)
  to   space 87040K, 0% used [0x00000000fab00000,0x00000000fab00000,0x0000000100000000)
 ParOldGen       total 867328K, used 13785K [0x0000000080000000, 0x00000000b4f00000, 0x00000000d5580000)
  object space 867328K, 1% used [0x0000000080000000,0x0000000080d764d8,0x00000000b4f00000)
 Metaspace       used 20819K, capacity 21106K, committed 21248K, reserved 1069056K
  class space    used 2366K, capacity 2482K, committed 2560K, reserved 1048576K
}
Event: 7.593 GC heap before
{Heap before GC invocations=3 (full 1):
 PSYoungGen      total 611840K, used 413555K [0x00000000d5580000, 0x0000000100000000, 0x0000000100000000)
  eden space 524800K, 78% used [0x00000000d5580000,0x00000000ee95cf10,0x00000000f5600000)
  from space 87040K, 0% used [0x00000000f5600000,0x00000000f5600000,0x00000000fab00000)
  to   space 87040K, 0% used [0x00000000fab00000,0x00000000fab00000,0x0000000100000000)
 ParOldGen       total 867328K, used 13785K [0x0000000080000000, 0x00000000b4f00000, 0x00000000d5580000)
  object space 867328K, 1% used [0x0000000080000000,0x0000000080d764d8,0x00000000b4f00000)
 Metaspace       used 34839K, capacity 35188K, committed 35416K, reserved 1081344K
  class space    used 3974K, capacity 4092K, committed 4096K, reserved 1048576K
Event: 7.631 GC heap after
Heap after GC invocations=3 (full 1):
 PSYoungGen      total 611840K, used 19292K [0x00000000d5580000, 0x0000000100000000, 0x0000000100000000)
  eden space 524800K, 0% used [0x00000000d5580000,0x00000000d5580000,0x00000000f5600000)
  from space 87040K, 22% used [0x00000000fab00000,0x00000000fbdd7038,0x0000000100000000)
  to   space 87040K, 0% used [0x00000000f5600000,0x00000000f5600000,0x00000000fab00000)
 ParOldGen       total 867328K, used 13785K [0x0000000080000000, 0x00000000b4f00000, 0x00000000d5580000)
  object space 867328K, 1% used [0x0000000080000000,0x0000000080d764d8,0x00000000b4f00000)
 Metaspace       used 34839K, capacity 35188K, committed 35416K, reserved 1081344K
  class space    used 3974K, capacity 4092K, committed 4096K, reserved 1048576K
}
Event: 7.631 GC heap before
{Heap before GC invocations=4 (full 2):
 PSYoungGen      total 611840K, used 19292K [0x00000000d5580000, 0x0000000100000000, 0x0000000100000000)
  eden space 524800K, 0% used [0x00000000d5580000,0x00000000d5580000,0x00000000f5600000)
  from space 87040K, 22% used [0x00000000fab00000,0x00000000fbdd7038,0x0000000100000000)
  to   space 87040K, 0% used [0x00000000f5600000,0x00000000f5600000,0x00000000fab00000)
 ParOldGen       total 867328K, used 13785K [0x0000000080000000, 0x00000000b4f00000, 0x00000000d5580000)
  object space 867328K, 1% used [0x0000000080000000,0x0000000080d764d8,0x00000000b4f00000)
 Metaspace       used 34839K, capacity 35188K, committed 35416K, reserved 1081344K
  class space    used 3974K, capacity 4092K, committed 4096K, reserved 1048576K
Event: 7.731 GC heap after
Heap after GC invocations=4 (full 2):
 PSYoungGen      total 611840K, used 0K [0x00000000d5580000, 0x0000000100000000, 0x0000000100000000)
  eden space 524800K, 0% used [0x00000000d5580000,0x00000000d5580000,0x00000000f5600000)
  from space 87040K, 0% used [0x00000000fab00000,0x00000000fab00000,0x0000000100000000)
  to   space 87040K, 0% used [0x00000000f5600000,0x00000000f5600000,0x00000000fab00000)
 ParOldGen       total 1398272K, used 23648K [0x0000000080000000, 0x00000000d5580000, 0x00000000d5580000)
  object space 1398272K, 1% used [0x0000000080000000,0x00000000817181e0,0x00000000d5580000)
 Metaspace       used 34839K, capacity 35188K, committed 35416K, reserved 1081344K
  class space    used 3974K, capacity 4092K, committed 4096K, reserved 1048576K
}
Event: 14.638 GC heap before
{Heap before GC invocations=5 (full 2):
 PSYoungGen      total 611840K, used 441768K [0x00000000d5580000, 0x0000000100000000, 0x0000000100000000)
  eden space 524800K, 84% used [0x00000000d5580000,0x00000000f04ea340,0x00000000f5600000)
  from space 87040K, 0% used [0x00000000fab00000,0x00000000fab00000,0x0000000100000000)
  to   space 87040K, 0% used [0x00000000f5600000,0x00000000f5600000,0x00000000fab00000)
 ParOldGen       total 1398272K, used 23648K [0x0000000080000000, 0x00000000d5580000, 0x00000000d5580000)
  object space 1398272K, 1% used [0x0000000080000000,0x00000000817181e0,0x00000000d5580000)
 Metaspace       used 57426K, capacity 58872K, committed 59008K, reserved 1101824K
  class space    used 6659K, capacity 6960K, committed 7040K, reserved 1048576K
Event: 14.715 GC heap after
Heap after GC invocations=5 (full 2):
 PSYoungGen      total 611840K, used 31659K [0x00000000d5580000, 0x0000000100000000, 0x0000000100000000)
  eden space 524800K, 0% used [0x00000000d5580000,0x00000000d5580000,0x00000000f5600000)
  from space 87040K, 36% used [0x00000000f5600000,0x00000000f74eac40,0x00000000fab00000)
  to   space 87040K, 0% used [0x00000000fab00000,0x00000000fab00000,0x0000000100000000)
 ParOldGen       total 1398272K, used 23656K [0x0000000080000000, 0x00000000d5580000, 0x00000000d5580000)
  object space 1398272K, 1% used [0x0000000080000000,0x000000008171a1e0,0x00000000d5580000)
 Metaspace       used 57426K, capacity 58872K, committed 59008K, reserved 1101824K
  class space    used 6659K, capacity 6960K, committed 7040K, reserved 1048576K
}
Event: 14.715 GC heap before
{Heap before GC invocations=6 (full 3):
 PSYoungGen      total 611840K, used 31659K [0x00000000d5580000, 0x0000000100000000, 0x0000000100000000)
  eden space 524800K, 0% used [0x00000000d5580000,0x00000000d5580000,0x00000000f5600000)
  from space 87040K, 36% used [0x00000000f5600000,0x00000000f74eac40,0x00000000fab00000)
  to   space 87040K, 0% used [0x00000000fab00000,0x00000000fab00000,0x0000000100000000)
 ParOldGen       total 1398272K, used 23656K [0x0000000080000000, 0x00000000d5580000, 0x00000000d5580000)
  object space 1398272K, 1% used [0x0000000080000000,0x000000008171a1e0,0x00000000d5580000)
 Metaspace       used 57426K, capacity 58872K, committed 59008K, reserved 1101824K
  class space    used 6659K, capacity 6960K, committed 7040K, reserved 1048576K
Event: 14.920 GC heap after
Heap after GC invocations=6 (full 3):
 PSYoungGen      total 611840K, used 0K [0x00000000d5580000, 0x0000000100000000, 0x0000000100000000)
  eden space 524800K, 0% used [0x00000000d5580000,0x00000000d5580000,0x00000000f5600000)
  from space 87040K, 0% used [0x00000000f5600000,0x00000000f5600000,0x00000000fab00000)
  to   space 87040K, 0% used [0x00000000fab00000,0x00000000fab00000,0x0000000100000000)
 ParOldGen       total 1398272K, used 42257K [0x0000000080000000, 0x00000000d5580000, 0x00000000d5580000)
  object space 1398272K, 3% used [0x0000000080000000,0x00000000829444c0,0x00000000d5580000)
 Metaspace       used 57380K, capacity 58762K, committed 59008K, reserved 1101824K
  class space    used 6642K, capacity 6931K, committed 7040K, reserved 1048576K
}

