# JRE version: OpenJDK Runtime Environment (8.0_212-b04) (build 1.8.0_212-b04)
# Java VM: OpenJDK 64-Bit Server VM (25.212-b04 mixed mode linux-amd64 compressed oops)
Heap:
 PSYoungGen      total 582656K, used 208060K [0x00000000d5580000, 0x0000000100000000, 0x0000000100000000)
  eden space 536064K, 30% used [0x00000000d5580000,0x00000000df6be628,0x00000000f6100000)
  from space 46592K, 92% used [0x00000000f9e80000,0x00000000fc870c60,0x00000000fcc00000)
  to   space 62976K, 0% used [0x00000000f6100000,0x00000000f6100000,0x00000000f9e80000)
 ParOldGen       total 1398272K, used 32484K [0x0000000080000000, 0x00000000d5580000, 0x00000000d5580000)
  object space 1398272K, 2% used [0x0000000080000000,0x0000000081fb9388,0x00000000d5580000)
 Metaspace       used 81740K, capacity 85484K, committed 85760K, reserved 1124352K
  class space    used 9250K, capacity 9912K, committed 9984K, reserved 1048576K
GC Heap History (10 events):
Event: 7.692 GC heap before
{Heap before GC invocations=5 (full 2):
 PSYoungGen      total 611840K, used 524800K [0x00000000d5580000, 0x0000000100000000, 0x0000000100000000)
  eden space 524800K, 100% used [0x00000000d5580000,0x00000000f5600000,0x00000000f5600000)
  from space 87040K, 0% used [0x00000000fab00000,0x00000000fab00000,0x0000000100000000)
  to   space 87040K, 0% used [0x00000000f5600000,0x00000000f5600000,0x00000000fab00000)
 ParOldGen       total 1398272K, used 24292K [0x0000000080000000, 0x00000000d5580000, 0x00000000d5580000)
  object space 1398272K, 1% used [0x0000000080000000,0x00000000817b9078,0x00000000d5580000)
 Metaspace       used 49378K, capacity 50210K, committed 50432K, reserved 1093632K
  class space    used 5881K, capacity 6085K, committed 6144K, reserved 1048576K
Event: 7.730 GC heap after
Heap after GC invocations=5 (full 2):
 PSYoungGen      total 611840K, used 20350K [0x00000000d5580000, 0x0000000100000000, 0x0000000100000000)
  eden space 524800K, 0% used [0x00000000d5580000,0x00000000d5580000,0x00000000f5600000)
  from space 87040K, 23% used [0x00000000f5600000,0x00000000f69dfad8,0x00000000fab00000)
  to   space 87040K, 0% used [0x00000000fab00000,0x00000000fab00000,0x0000000100000000)
 ParOldGen       total 1398272K, used 24300K [0x0000000080000000, 0x00000000d5580000, 0x00000000d5580000)
  object space 1398272K, 1% used [0x0000000080000000,0x00000000817bb078,0x00000000d5580000)
 Metaspace       used 49378K, capacity 50210K, committed 50432K, reserved 1093632K
  class space    used 5881K, capacity 6085K, committed 6144K, reserved 1048576K
}
Event: 12.068 GC heap before
{Heap before GC invocations=6 (full 2):
 PSYoungGen      total 611840K, used 334991K [0x00000000d5580000, 0x0000000100000000, 0x0000000100000000)
  eden space 524800K, 59% used [0x00000000d5580000,0x00000000e88c4308,0x00000000f5600000)
  from space 87040K, 23% used [0x00000000f5600000,0x00000000f69dfad8,0x00000000fab00000)
  to   space 87040K, 0% used [0x00000000fab00000,0x00000000fab00000,0x0000000100000000)
 ParOldGen       total 1398272K, used 24300K [0x0000000080000000, 0x00000000d5580000, 0x00000000d5580000)
  object space 1398272K, 1% used [0x0000000080000000,0x00000000817bb078,0x00000000d5580000)
 Metaspace       used 57809K, capacity 58968K, committed 59028K, reserved 1101824K
  class space    used 6945K, capacity 7164K, committed 7168K, reserved 1048576K
Event: 12.111 GC heap after
Heap after GC invocations=6 (full 2):
 PSYoungGen      total 611840K, used 19900K [0x00000000d5580000, 0x0000000100000000, 0x0000000100000000)
  eden space 524800K, 0% used [0x00000000d5580000,0x00000000d5580000,0x00000000f5600000)
  from space 87040K, 22% used [0x00000000fab00000,0x00000000fbe6f228,0x0000000100000000)
  to   space 87040K, 0% used [0x00000000f5600000,0x00000000f5600000,0x00000000fab00000)
 ParOldGen       total 1398272K, used 24308K [0x0000000080000000, 0x00000000d5580000, 0x00000000d5580000)
  object space 1398272K, 1% used [0x0000000080000000,0x00000000817bd078,0x00000000d5580000)
 Metaspace       used 57809K, capacity 58968K, committed 59028K, reserved 1101824K
  class space    used 6945K, capacity 7164K, committed 7168K, reserved 1048576K
}
Event: 12.111 GC heap before
{Heap before GC invocations=7 (full 3):
 PSYoungGen      total 611840K, used 19900K [0x00000000d5580000, 0x0000000100000000, 0x0000000100000000)
  eden space 524800K, 0% used [0x00000000d5580000,0x00000000d5580000,0x00000000f5600000)
  from space 87040K, 22% used [0x00000000fab00000,0x00000000fbe6f228,0x0000000100000000)
  to   space 87040K, 0% used [0x00000000f5600000,0x00000000f5600000,0x00000000fab00000)
 ParOldGen       total 1398272K, used 24308K [0x0000000080000000, 0x00000000d5580000, 0x00000000d5580000)
  object space 1398272K, 1% used [0x0000000080000000,0x00000000817bd078,0x00000000d5580000)
 Metaspace       used 57809K, capacity 58968K, committed 59028K, reserved 1101824K
  class space    used 6945K, capacity 7164K, committed 7168K, reserved 1048576K
Event: 12.371 GC heap after
Heap after GC invocations=7 (full 3):
 PSYoungGen      total 611840K, used 0K [0x00000000d5580000, 0x0000000100000000, 0x0000000100000000)
  eden space 524800K, 0% used [0x00000000d5580000,0x00000000d5580000,0x00000000f5600000)
  from space 87040K, 0% used [0x00000000fab00000,0x00000000fab00000,0x0000000100000000)
  to   space 87040K, 0% used [0x00000000f5600000,0x00000000f5600000,0x00000000fab00000)
 ParOldGen       total 1398272K, used 32460K [0x0000000080000000, 0x00000000d5580000, 0x00000000d5580000)
  object space 1398272K, 2% used [0x0000000080000000,0x0000000081fb3268,0x00000000d5580000)
 Metaspace       used 57750K, capacity 58822K, committed 59028K, reserved 1101824K
  class space    used 6924K, capacity 7127K, committed 7168K, reserved 1048576K
}
Event: 26.722 GC heap before
{Heap before GC invocations=8 (full 3):
 PSYoungGen      total 611840K, used 524800K [0x00000000d5580000, 0x0000000100000000, 0x0000000100000000)
  eden space 524800K, 100% used [0x00000000d5580000,0x00000000f5600000,0x00000000f5600000)
  from space 87040K, 0% used [0x00000000fab00000,0x00000000fab00000,0x0000000100000000)
  to   space 87040K, 0% used [0x00000000f5600000,0x00000000f5600000,0x00000000fab00000)
 ParOldGen       total 1398272K, used 32460K [0x0000000080000000, 0x00000000d5580000, 0x00000000d5580000)
  object space 1398272K, 2% used [0x0000000080000000,0x0000000081fb3268,0x00000000d5580000)
 Metaspace       used 76565K, capacity 79336K, committed 79360K, reserved 1120256K
  class space    used 8924K, capacity 9448K, committed 9472K, reserved 1048576K
Event: 26.815 GC heap after
Heap after GC invocations=8 (full 3):
 PSYoungGen      total 599040K, used 73971K [0x00000000d5580000, 0x00000000fcc00000, 0x0000000100000000)
  eden space 524800K, 0% used [0x00000000d5580000,0x00000000d5580000,0x00000000f5600000)
  from space 74240K, 99% used [0x00000000f5600000,0x00000000f9e3ccd8,0x00000000f9e80000)
  to   space 46592K, 0% used [0x00000000f9e80000,0x00000000f9e80000,0x00000000fcc00000)
 ParOldGen       total 1398272K, used 32460K [0x0000000080000000, 0x00000000d5580000, 0x00000000d5580000)
  object space 1398272K, 2% used [0x0000000080000000,0x0000000081fb3268,0x00000000d5580000)
 Metaspace       used 76565K, capacity 79336K, committed 79360K, reserved 1120256K
  class space    used 8924K, capacity 9448K, committed 9472K, reserved 1048576K
}
Event: 32.354 GC heap before
{Heap before GC invocations=9 (full 3):
 PSYoungGen      total 599040K, used 598771K [0x00000000d5580000, 0x00000000fcc00000, 0x0000000100000000)
  eden space 524800K, 100% used [0x00000000d5580000,0x00000000f5600000,0x00000000f5600000)
  from space 74240K, 99% used [0x00000000f5600000,0x00000000f9e3ccd8,0x00000000f9e80000)
  to   space 46592K, 0% used [0x00000000f9e80000,0x00000000f9e80000,0x00000000fcc00000)
 ParOldGen       total 1398272K, used 32460K [0x0000000080000000, 0x00000000d5580000, 0x00000000d5580000)
  object space 1398272K, 2% used [0x0000000080000000,0x0000000081fb3268,0x00000000d5580000)
 Metaspace       used 81056K, capacity 84744K, committed 84992K, reserved 1124352K
  class space    used 9221K, capacity 9860K, committed 9984K, reserved 1048576K
Event: 32.415 GC heap after
Heap after GC invocations=9 (full 3):
 PSYoungGen      total 582656K, used 42947K [0x00000000d5580000, 0x0000000100000000, 0x0000000100000000)
  eden space 536064K, 0% used [0x00000000d5580000,0x00000000d5580000,0x00000000f6100000)
  from space 46592K, 92% used [0x00000000f9e80000,0x00000000fc870c60,0x00000000fcc00000)
  to   space 62976K, 0% used [0x00000000f6100000,0x00000000f6100000,0x00000000f9e80000)
 ParOldGen       total 1398272K, used 32484K [0x0000000080000000, 0x00000000d5580000, 0x00000000d5580000)
  object space 1398272K, 2% used [0x0000000080000000,0x0000000081fb9388,0x00000000d5580000)
 Metaspace       used 81056K, capacity 84744K, committed 84992K, reserved 1124352K
  class space    used 9221K, capacity 9860K, committed 9984K, reserved 1048576K
}

