# JRE version: OpenJDK Runtime Environment (8.0_212-b04) (build 1.8.0_212-b04)
# Java VM: OpenJDK 64-Bit Server VM (25.212-b04 mixed mode linux-amd64 compressed oops)
Heap:
 PSYoungGen      total 480256K, used 278818K [0x00000000d5580000, 0x00000000fff00000, 0x0000000100000000)
  eden space 383488K, 47% used [0x00000000d5580000,0x00000000e074c9f8,0x00000000ecc00000)
  from space 96768K, 99% used [0x00000000ed000000,0x00000000f2e7c098,0x00000000f2e80000)
  to   space 157184K, 0% used [0x00000000f6580000,0x00000000f6580000,0x00000000fff00000)
 ParOldGen       total 1398272K, used 62581K [0x0000000080000000, 0x00000000d5580000, 0x00000000d5580000)
  object space 1398272K, 4% used [0x0000000080000000,0x0000000083d1d780,0x00000000d5580000)
 Metaspace       used 72294K, capacity 75738K, committed 76032K, reserved 1116160K
  class space    used 7772K, capacity 8365K, committed 8448K, reserved 1048576K
GC Heap History (10 events):
Event: 229.937 GC heap before
{Heap before GC invocations=8 (full 3):
 PSYoungGen      total 611840K, used 611836K [0x00000000d5580000, 0x0000000100000000, 0x0000000100000000)
  eden space 524800K, 100% used [0x00000000d5580000,0x00000000f5600000,0x00000000f5600000)
  from space 87040K, 99% used [0x00000000fab00000,0x00000000fffff280,0x0000000100000000)
  to   space 87040K, 0% used [0x00000000f5600000,0x00000000f5600000,0x00000000fab00000)
 ParOldGen       total 1398272K, used 52893K [0x0000000080000000, 0x00000000d5580000, 0x00000000d5580000)
  object space 1398272K, 3% used [0x0000000080000000,0x00000000833a7400,0x00000000d5580000)
 Metaspace       used 69244K, capacity 72360K, committed 72576K, reserved 1114112K
  class space    used 7649K, capacity 8202K, committed 8320K, reserved 1048576K
Event: 230.107 GC heap after
Heap after GC invocations=8 (full 3):
 PSYoungGen      total 605184K, used 79882K [0x00000000d5580000, 0x0000000100000000, 0x0000000100000000)
  eden space 524800K, 0% used [0x00000000d5580000,0x00000000d5580000,0x00000000f5600000)
  from space 80384K, 99% used [0x00000000f5600000,0x00000000fa4028b8,0x00000000fa480000)
  to   space 93696K, 0% used [0x00000000fa480000,0x00000000fa480000,0x0000000100000000)
 ParOldGen       total 1398272K, used 52901K [0x0000000080000000, 0x00000000d5580000, 0x00000000d5580000)
  object space 1398272K, 3% used [0x0000000080000000,0x00000000833a9400,0x00000000d5580000)
 Metaspace       used 69244K, capacity 72360K, committed 72576K, reserved 1114112K
  class space    used 7649K, capacity 8202K, committed 8320K, reserved 1048576K
}
Event: 301.377 GC heap before
{Heap before GC invocations=9 (full 3):
 PSYoungGen      total 605184K, used 604682K [0x00000000d5580000, 0x0000000100000000, 0x0000000100000000)
  eden space 524800K, 100% used [0x00000000d5580000,0x00000000f5600000,0x00000000f5600000)
  from space 80384K, 99% used [0x00000000f5600000,0x00000000fa4028b8,0x00000000fa480000)
  to   space 93696K, 0% used [0x00000000fa480000,0x00000000fa480000,0x0000000100000000)
 ParOldGen       total 1398272K, used 52901K [0x0000000080000000, 0x00000000d5580000, 0x00000000d5580000)
  object space 1398272K, 3% used [0x0000000080000000,0x00000000833a9400,0x00000000d5580000)
 Metaspace       used 70616K, capacity 73772K, committed 73856K, reserved 1114112K
  class space    used 7709K, capacity 8268K, committed 8320K, reserved 1048576K
Event: 301.572 GC heap after
Heap after GC invocations=9 (full 3):
 PSYoungGen      total 531456K, used 93691K [0x00000000d5580000, 0x0000000100000000, 0x0000000100000000)
  eden space 437760K, 0% used [0x00000000d5580000,0x00000000d5580000,0x00000000f0100000)
  from space 93696K, 99% used [0x00000000fa480000,0x00000000ffffed40,0x0000000100000000)
  to   space 130560K, 0% used [0x00000000f0100000,0x00000000f0100000,0x00000000f8080000)
 ParOldGen       total 1398272K, used 62557K [0x0000000080000000, 0x00000000d5580000, 0x00000000d5580000)
  object space 1398272K, 4% used [0x0000000080000000,0x0000000083d17780,0x00000000d5580000)
 Metaspace       used 70616K, capacity 73772K, committed 73856K, reserved 1114112K
  class space    used 7709K, capacity 8268K, committed 8320K, reserved 1048576K
}
Event: 359.121 GC heap before
{Heap before GC invocations=10 (full 3):
 PSYoungGen      total 531456K, used 531451K [0x00000000d5580000, 0x0000000100000000, 0x0000000100000000)
  eden space 437760K, 100% used [0x00000000d5580000,0x00000000f0100000,0x00000000f0100000)
  from space 93696K, 99% used [0x00000000fa480000,0x00000000ffffed40,0x0000000100000000)
  to   space 130560K, 0% used [0x00000000f0100000,0x00000000f0100000,0x00000000f8080000)
 ParOldGen       total 1398272K, used 62557K [0x0000000080000000, 0x00000000d5580000, 0x00000000d5580000)
  object space 1398272K, 4% used [0x0000000080000000,0x0000000083d17780,0x00000000d5580000)
 Metaspace       used 71272K, capacity 74566K, committed 74624K, reserved 1116160K
  class space    used 7739K, capacity 8313K, committed 8320K, reserved 1048576K
Event: 359.298 GC heap after
Heap after GC invocations=10 (full 3):
 PSYoungGen      total 546304K, used 108178K [0x00000000d5580000, 0x0000000100000000, 0x0000000100000000)
  eden space 437760K, 0% used [0x00000000d5580000,0x00000000d5580000,0x00000000f0100000)
  from space 108544K, 99% used [0x00000000f0100000,0x00000000f6aa4b30,0x00000000f6b00000)
  to   space 145920K, 0% used [0x00000000f7180000,0x00000000f7180000,0x0000000100000000)
 ParOldGen       total 1398272K, used 62565K [0x0000000080000000, 0x00000000d5580000, 0x00000000d5580000)
  object space 1398272K, 4% used [0x0000000080000000,0x0000000083d19780,0x00000000d5580000)
 Metaspace       used 71272K, capacity 74566K, committed 74624K, reserved 1116160K
  class space    used 7739K, capacity 8313K, committed 8320K, reserved 1048576K
}
Event: 409.279 GC heap before
{Heap before GC invocations=11 (full 3):
 PSYoungGen      total 546304K, used 545925K [0x00000000d5580000, 0x0000000100000000, 0x0000000100000000)
  eden space 437760K, 99% used [0x00000000d5580000,0x00000000f00fcb10,0x00000000f0100000)
  from space 108544K, 99% used [0x00000000f0100000,0x00000000f6aa4b30,0x00000000f6b00000)
  to   space 145920K, 0% used [0x00000000f7180000,0x00000000f7180000,0x0000000100000000)
 ParOldGen       total 1398272K, used 62565K [0x0000000080000000, 0x00000000d5580000, 0x00000000d5580000)
  object space 1398272K, 4% used [0x0000000080000000,0x0000000083d19780,0x00000000d5580000)
 Metaspace       used 71845K, capacity 75220K, committed 75520K, reserved 1116160K
  class space    used 7757K, capacity 8344K, committed 8448K, reserved 1048576K
Event: 409.465 GC heap after
Heap after GC invocations=11 (full 3):
 PSYoungGen      total 533504K, used 109617K [0x00000000d5580000, 0x0000000100000000, 0x0000000100000000)
  eden space 387584K, 0% used [0x00000000d5580000,0x00000000d5580000,0x00000000ed000000)
  from space 145920K, 75% used [0x00000000f7180000,0x00000000fdc8c700,0x0000000100000000)
  to   space 155648K, 0% used [0x00000000ed000000,0x00000000ed000000,0x00000000f6800000)
 ParOldGen       total 1398272K, used 62573K [0x0000000080000000, 0x00000000d5580000, 0x00000000d5580000)
  object space 1398272K, 4% used [0x0000000080000000,0x0000000083d1b780,0x00000000d5580000)
 Metaspace       used 71845K, capacity 75220K, committed 75520K, reserved 1116160K
  class space    used 7757K, capacity 8344K, committed 8448K, reserved 1048576K
}
Event: 580.891 GC heap before
{Heap before GC invocations=12 (full 3):
 PSYoungGen      total 533504K, used 497201K [0x00000000d5580000, 0x0000000100000000, 0x0000000100000000)
  eden space 387584K, 100% used [0x00000000d5580000,0x00000000ed000000,0x00000000ed000000)
  from space 145920K, 75% used [0x00000000f7180000,0x00000000fdc8c700,0x0000000100000000)
  to   space 155648K, 0% used [0x00000000ed000000,0x00000000ed000000,0x00000000f6800000)
 ParOldGen       total 1398272K, used 62573K [0x0000000080000000, 0x00000000d5580000, 0x00000000d5580000)
  object space 1398272K, 4% used [0x0000000080000000,0x0000000083d1b780,0x00000000d5580000)
 Metaspace       used 72220K, capacity 75658K, committed 75776K, reserved 1116160K
  class space    used 7771K, capacity 8363K, committed 8448K, reserved 1048576K
Event: 581.070 GC heap after
Heap after GC invocations=12 (full 3):
 PSYoungGen      total 480256K, used 96752K [0x00000000d5580000, 0x00000000fff00000, 0x0000000100000000)
  eden space 383488K, 0% used [0x00000000d5580000,0x00000000d5580000,0x00000000ecc00000)
  from space 96768K, 99% used [0x00000000ed000000,0x00000000f2e7c098,0x00000000f2e80000)
  to   space 157184K, 0% used [0x00000000f6580000,0x00000000f6580000,0x00000000fff00000)
 ParOldGen       total 1398272K, used 62581K [0x0000000080000000, 0x00000000d5580000, 0x00000000d5580000)
  object space 1398272K, 4% used [0x0000000080000000,0x0000000083d1d780,0x00000000d5580000)
 Metaspace       used 72220K, capacity 75658K, committed 75776K, reserved 1116160K
  class space    used 7771K, capacity 8363K, committed 8448K, reserved 1048576K
}

