# JRE version: OpenJDK Runtime Environment (8.0_212-b04) (build 1.8.0_212-b04)
# Java VM: OpenJDK 64-Bit Server VM (25.212-b04 mixed mode linux-amd64 compressed oops)
Heap:
 PSYoungGen      total 611840K, used 595334K [0x00000000d5580000, 0x00000000fed00000, 0x0000000100000000)
  eden space 524800K, 96% used [0x00000000d5580000,0x00000000f45e8ef8,0x00000000f5600000)
  from space 87040K, 99% used [0x00000000f5600000,0x00000000faaf8a48,0x00000000fab00000)
  to   space 67584K, 0% used [0x00000000fab00000,0x00000000fab00000,0x00000000fed00000)
 ParOldGen       total 1398272K, used 45252K [0x0000000080000000, 0x00000000d5580000, 0x00000000d5580000)
  object space 1398272K, 3% used [0x0000000080000000,0x0000000082c31238,0x00000000d5580000)
 Metaspace       used 71314K, capacity 76304K, committed 76544K, reserved 1116160K
  class space    used 8108K, capacity 8948K, committed 8960K, reserved 1048576K
GC Heap History (10 events):
Event: 4.615 GC heap before
{Heap before GC invocations=4 (full 2):
 PSYoungGen      total 611840K, used 19271K [0x00000000d5580000, 0x0000000100000000, 0x0000000100000000)
  eden space 524800K, 0% used [0x00000000d5580000,0x00000000d5580000,0x00000000f5600000)
  from space 87040K, 22% used [0x00000000fab00000,0x00000000fbdd1e30,0x0000000100000000)
  to   space 87040K, 0% used [0x00000000f5600000,0x00000000f5600000,0x00000000fab00000)
 ParOldGen       total 877056K, used 13733K [0x0000000080000000, 0x00000000b5880000, 0x00000000d5580000)
  object space 877056K, 1% used [0x0000000080000000,0x0000000080d69458,0x00000000b5880000)
 Metaspace       used 34758K, capacity 35092K, committed 35416K, reserved 1081344K
  class space    used 3967K, capacity 4060K, committed 4096K, reserved 1048576K
Event: 4.706 GC heap after
Heap after GC invocations=4 (full 2):
 PSYoungGen      total 611840K, used 0K [0x00000000d5580000, 0x0000000100000000, 0x0000000100000000)
  eden space 524800K, 0% used [0x00000000d5580000,0x00000000d5580000,0x00000000f5600000)
  from space 87040K, 0% used [0x00000000fab00000,0x00000000fab00000,0x0000000100000000)
  to   space 87040K, 0% used [0x00000000f5600000,0x00000000f5600000,0x00000000fab00000)
 ParOldGen       total 1398272K, used 23576K [0x0000000080000000, 0x00000000d5580000, 0x00000000d5580000)
  object space 1398272K, 1% used [0x0000000080000000,0x0000000081706248,0x00000000d5580000)
 Metaspace       used 34758K, capacity 35092K, committed 35416K, reserved 1081344K
  class space    used 3967K, capacity 4060K, committed 4096K, reserved 1048576K
}
Event: 8.308 GC heap before
{Heap before GC invocations=5 (full 2):
 PSYoungGen      total 611840K, used 524800K [0x00000000d5580000, 0x0000000100000000, 0x0000000100000000)
  eden space 524800K, 100% used [0x00000000d5580000,0x00000000f5600000,0x00000000f5600000)
  from space 87040K, 0% used [0x00000000fab00000,0x00000000fab00000,0x0000000100000000)
  to   space 87040K, 0% used [0x00000000f5600000,0x00000000f5600000,0x00000000fab00000)
 ParOldGen       total 1398272K, used 23576K [0x0000000080000000, 0x00000000d5580000, 0x00000000d5580000)
  object space 1398272K, 1% used [0x0000000080000000,0x0000000081706248,0x00000000d5580000)
 Metaspace       used 44921K, capacity 45934K, committed 46208K, reserved 1089536K
  class space    used 5171K, capacity 5399K, committed 5504K, reserved 1048576K
Event: 8.364 GC heap after
Heap after GC invocations=5 (full 2):
 PSYoungGen      total 611840K, used 20519K [0x00000000d5580000, 0x0000000100000000, 0x0000000100000000)
  eden space 524800K, 0% used [0x00000000d5580000,0x00000000d5580000,0x00000000f5600000)
  from space 87040K, 23% used [0x00000000f5600000,0x00000000f6a09e78,0x00000000fab00000)
  to   space 87040K, 0% used [0x00000000fab00000,0x00000000fab00000,0x0000000100000000)
 ParOldGen       total 1398272K, used 23584K [0x0000000080000000, 0x00000000d5580000, 0x00000000d5580000)
  object space 1398272K, 1% used [0x0000000080000000,0x0000000081708248,0x00000000d5580000)
 Metaspace       used 44921K, capacity 45934K, committed 46208K, reserved 1089536K
  class space    used 5171K, capacity 5399K, committed 5504K, reserved 1048576K
}
Event: 13.476 GC heap before
{Heap before GC invocations=6 (full 2):
 PSYoungGen      total 611840K, used 277859K [0x00000000d5580000, 0x0000000100000000, 0x0000000100000000)
  eden space 524800K, 49% used [0x00000000d5580000,0x00000000e50cf050,0x00000000f5600000)
  from space 87040K, 23% used [0x00000000f5600000,0x00000000f6a09e78,0x00000000fab00000)
  to   space 87040K, 0% used [0x00000000fab00000,0x00000000fab00000,0x0000000100000000)
 ParOldGen       total 1398272K, used 23584K [0x0000000080000000, 0x00000000d5580000, 0x00000000d5580000)
  object space 1398272K, 1% used [0x0000000080000000,0x0000000081708248,0x00000000d5580000)
 Metaspace       used 57383K, capacity 58936K, committed 59028K, reserved 1101824K
  class space    used 6589K, capacity 6904K, committed 6912K, reserved 1048576K
Event: 13.523 GC heap after
Heap after GC invocations=6 (full 2):
 PSYoungGen      total 611840K, used 28966K [0x00000000d5580000, 0x0000000100000000, 0x0000000100000000)
  eden space 524800K, 0% used [0x00000000d5580000,0x00000000d5580000,0x00000000f5600000)
  from space 87040K, 33% used [0x00000000fab00000,0x00000000fc7499f0,0x0000000100000000)
  to   space 87040K, 0% used [0x00000000f5600000,0x00000000f5600000,0x00000000fab00000)
 ParOldGen       total 1398272K, used 23592K [0x0000000080000000, 0x00000000d5580000, 0x00000000d5580000)
  object space 1398272K, 1% used [0x0000000080000000,0x000000008170a248,0x00000000d5580000)
 Metaspace       used 57383K, capacity 58936K, committed 59028K, reserved 1101824K
  class space    used 6589K, capacity 6904K, committed 6912K, reserved 1048576K
}
Event: 13.523 GC heap before
{Heap before GC invocations=7 (full 3):
 PSYoungGen      total 611840K, used 28966K [0x00000000d5580000, 0x0000000100000000, 0x0000000100000000)
  eden space 524800K, 0% used [0x00000000d5580000,0x00000000d5580000,0x00000000f5600000)
  from space 87040K, 33% used [0x00000000fab00000,0x00000000fc7499f0,0x0000000100000000)
  to   space 87040K, 0% used [0x00000000f5600000,0x00000000f5600000,0x00000000fab00000)
 ParOldGen       total 1398272K, used 23592K [0x0000000080000000, 0x00000000d5580000, 0x00000000d5580000)
  object space 1398272K, 1% used [0x0000000080000000,0x000000008170a248,0x00000000d5580000)
 Metaspace       used 57383K, capacity 58936K, committed 59028K, reserved 1101824K
  class space    used 6589K, capacity 6904K, committed 6912K, reserved 1048576K
Event: 13.817 GC heap after
Heap after GC invocations=7 (full 3):
 PSYoungGen      total 611840K, used 0K [0x00000000d5580000, 0x0000000100000000, 0x0000000100000000)
  eden space 524800K, 0% used [0x00000000d5580000,0x00000000d5580000,0x00000000f5600000)
  from space 87040K, 0% used [0x00000000fab00000,0x00000000fab00000,0x0000000100000000)
  to   space 87040K, 0% used [0x00000000f5600000,0x00000000f5600000,0x00000000fab00000)
 ParOldGen       total 1398272K, used 40136K [0x0000000080000000, 0x00000000d5580000, 0x00000000d5580000)
  object space 1398272K, 2% used [0x0000000080000000,0x00000000827322e0,0x00000000d5580000)
 Metaspace       used 57348K, capacity 58854K, committed 59028K, reserved 1101824K
  class space    used 6578K, capacity 6885K, committed 6912K, reserved 1048576K
}
Event: 25.241 GC heap before
{Heap before GC invocations=8 (full 3):
 PSYoungGen      total 611840K, used 524800K [0x00000000d5580000, 0x0000000100000000, 0x0000000100000000)
  eden space 524800K, 100% used [0x00000000d5580000,0x00000000f5600000,0x00000000f5600000)
  from space 87040K, 0% used [0x00000000fab00000,0x00000000fab00000,0x0000000100000000)
  to   space 87040K, 0% used [0x00000000f5600000,0x00000000f5600000,0x00000000fab00000)
 ParOldGen       total 1398272K, used 40136K [0x0000000080000000, 0x00000000d5580000, 0x00000000d5580000)
  object space 1398272K, 2% used [0x0000000080000000,0x00000000827322e0,0x00000000d5580000)
 Metaspace       used 64183K, capacity 67970K, committed 68224K, reserved 1110016K
  class space    used 7436K, capacity 8063K, committed 8064K, reserved 1048576K
Event: 25.367 GC heap after
Heap after GC invocations=8 (full 3):
 PSYoungGen      total 611840K, used 87010K [0x00000000d5580000, 0x00000000fed00000, 0x0000000100000000)
  eden space 524800K, 0% used [0x00000000d5580000,0x00000000d5580000,0x00000000f5600000)
  from space 87040K, 99% used [0x00000000f5600000,0x00000000faaf8a48,0x00000000fab00000)
  to   space 67584K, 0% used [0x00000000fab00000,0x00000000fab00000,0x00000000fed00000)
 ParOldGen       total 1398272K, used 45252K [0x0000000080000000, 0x00000000d5580000, 0x00000000d5580000)
  object space 1398272K, 3% used [0x0000000080000000,0x0000000082c31238,0x00000000d5580000)
 Metaspace       used 64183K, capacity 67970K, committed 68224K, reserved 1110016K
  class space    used 7436K, capacity 8063K, committed 8064K, reserved 1048576K
}

