# JRE version: OpenJDK Runtime Environment (8.0_212-b04) (build 1.8.0_212-b04)
# Java VM: OpenJDK 64-Bit Server VM (25.212-b04 mixed mode linux-amd64 compressed oops)
Heap:
 PSYoungGen      total 611840K, used 416403K [0x00000000d5580000, 0x0000000100000000, 0x0000000100000000)
  eden space 524800K, 65% used [0x00000000d5580000,0x00000000ea4cf1e0,0x00000000f5600000)
  from space 87040K, 83% used [0x00000000f5600000,0x00000000f9d55c70,0x00000000fab00000)
  to   space 87040K, 0% used [0x00000000fab00000,0x00000000fab00000,0x0000000100000000)
 ParOldGen       total 1398272K, used 44320K [0x0000000080000000, 0x00000000d5580000, 0x00000000d5580000)
  object space 1398272K, 3% used [0x0000000080000000,0x0000000082b483c0,0x00000000d5580000)
 Metaspace       used 66579K, capacity 69724K, committed 69760K, reserved 1112064K
  class space    used 7517K, capacity 8056K, committed 8064K, reserved 1048576K
GC Heap History (10 events):
Event: 5.202 GC heap before
{Heap before GC invocations=4 (full 2):
 PSYoungGen      total 611840K, used 19231K [0x00000000d5580000, 0x0000000100000000, 0x0000000100000000)
  eden space 524800K, 0% used [0x00000000d5580000,0x00000000d5580000,0x00000000f5600000)
  from space 87040K, 22% used [0x00000000fab00000,0x00000000fbdc7e20,0x0000000100000000)
  to   space 87040K, 0% used [0x00000000f5600000,0x00000000f5600000,0x00000000fab00000)
 ParOldGen       total 863232K, used 13708K [0x0000000080000000, 0x00000000b4b00000, 0x00000000d5580000)
  object space 863232K, 1% used [0x0000000080000000,0x0000000080d633d0,0x00000000b4b00000)
 Metaspace       used 34802K, capacity 35156K, committed 35416K, reserved 1081344K
  class space    used 3962K, capacity 4060K, committed 4096K, reserved 1048576K
Event: 5.315 GC heap after
Heap after GC invocations=4 (full 2):
 PSYoungGen      total 611840K, used 0K [0x00000000d5580000, 0x0000000100000000, 0x0000000100000000)
  eden space 524800K, 0% used [0x00000000d5580000,0x00000000d5580000,0x00000000f5600000)
  from space 87040K, 0% used [0x00000000fab00000,0x00000000fab00000,0x0000000100000000)
  to   space 87040K, 0% used [0x00000000f5600000,0x00000000f5600000,0x00000000fab00000)
 ParOldGen       total 1398272K, used 23551K [0x0000000080000000, 0x00000000d5580000, 0x00000000d5580000)
  object space 1398272K, 1% used [0x0000000080000000,0x00000000816ffd08,0x00000000d5580000)
 Metaspace       used 34802K, capacity 35156K, committed 35416K, reserved 1081344K
  class space    used 3962K, capacity 4060K, committed 4096K, reserved 1048576K
}
Event: 12.350 GC heap before
{Heap before GC invocations=5 (full 2):
 PSYoungGen      total 611840K, used 509333K [0x00000000d5580000, 0x0000000100000000, 0x0000000100000000)
  eden space 524800K, 97% used [0x00000000d5580000,0x00000000f46e57d8,0x00000000f5600000)
  from space 87040K, 0% used [0x00000000fab00000,0x00000000fab00000,0x0000000100000000)
  to   space 87040K, 0% used [0x00000000f5600000,0x00000000f5600000,0x00000000fab00000)
 ParOldGen       total 1398272K, used 23551K [0x0000000080000000, 0x00000000d5580000, 0x00000000d5580000)
  object space 1398272K, 1% used [0x0000000080000000,0x00000000816ffd08,0x00000000d5580000)
 Metaspace       used 57510K, capacity 58892K, committed 59028K, reserved 1101824K
  class space    used 6622K, capacity 6888K, committed 6912K, reserved 1048576K
Event: 12.416 GC heap after
Heap after GC invocations=5 (full 2):
 PSYoungGen      total 611840K, used 33859K [0x00000000d5580000, 0x0000000100000000, 0x0000000100000000)
  eden space 524800K, 0% used [0x00000000d5580000,0x00000000d5580000,0x00000000f5600000)
  from space 87040K, 38% used [0x00000000f5600000,0x00000000f7710e40,0x00000000fab00000)
  to   space 87040K, 0% used [0x00000000fab00000,0x00000000fab00000,0x0000000100000000)
 ParOldGen       total 1398272K, used 23559K [0x0000000080000000, 0x00000000d5580000, 0x00000000d5580000)
  object space 1398272K, 1% used [0x0000000080000000,0x0000000081701d08,0x00000000d5580000)
 Metaspace       used 57510K, capacity 58892K, committed 59028K, reserved 1101824K
  class space    used 6622K, capacity 6888K, committed 6912K, reserved 1048576K
}
Event: 12.416 GC heap before
{Heap before GC invocations=6 (full 3):
 PSYoungGen      total 611840K, used 33859K [0x00000000d5580000, 0x0000000100000000, 0x0000000100000000)
  eden space 524800K, 0% used [0x00000000d5580000,0x00000000d5580000,0x00000000f5600000)
  from space 87040K, 38% used [0x00000000f5600000,0x00000000f7710e40,0x00000000fab00000)
  to   space 87040K, 0% used [0x00000000fab00000,0x00000000fab00000,0x0000000100000000)
 ParOldGen       total 1398272K, used 23559K [0x0000000080000000, 0x00000000d5580000, 0x00000000d5580000)
  object space 1398272K, 1% used [0x0000000080000000,0x0000000081701d08,0x00000000d5580000)
 Metaspace       used 57510K, capacity 58892K, committed 59028K, reserved 1101824K
  class space    used 6622K, capacity 6888K, committed 6912K, reserved 1048576K
Event: 12.670 GC heap after
Heap after GC invocations=6 (full 3):
 PSYoungGen      total 611840K, used 0K [0x00000000d5580000, 0x0000000100000000, 0x0000000100000000)
  eden space 524800K, 0% used [0x00000000d5580000,0x00000000d5580000,0x00000000f5600000)
  from space 87040K, 0% used [0x00000000f5600000,0x00000000f5600000,0x00000000fab00000)
  to   space 87040K, 0% used [0x00000000fab00000,0x00000000fab00000,0x0000000100000000)
 ParOldGen       total 1398272K, used 44320K [0x0000000080000000, 0x00000000d5580000, 0x00000000d5580000)
  object space 1398272K, 3% used [0x0000000080000000,0x0000000082b483c0,0x00000000d5580000)
 Metaspace       used 57496K, capacity 58862K, committed 59028K, reserved 1101824K
  class space    used 6618K, capacity 6881K, committed 6912K, reserved 1048576K
}
Event: 28.190 GC heap before
{Heap before GC invocations=7 (full 3):
 PSYoungGen      total 611840K, used 492587K [0x00000000d5580000, 0x0000000100000000, 0x0000000100000000)
  eden space 524800K, 93% used [0x00000000d5580000,0x00000000f368af48,0x00000000f5600000)
  from space 87040K, 0% used [0x00000000f5600000,0x00000000f5600000,0x00000000fab00000)
  to   space 87040K, 0% used [0x00000000fab00000,0x00000000fab00000,0x0000000100000000)
 ParOldGen       total 1398272K, used 44320K [0x0000000080000000, 0x00000000d5580000, 0x00000000d5580000)
  object space 1398272K, 3% used [0x0000000080000000,0x0000000082b483c0,0x00000000d5580000)
 Metaspace       used 65190K, capacity 68030K, committed 68224K, reserved 1110016K
  class space    used 7442K, capacity 7943K, committed 8064K, reserved 1048576K
Event: 28.268 GC heap after
Heap after GC invocations=7 (full 3):
 PSYoungGen      total 611840K, used 63201K [0x00000000d5580000, 0x0000000100000000, 0x0000000100000000)
  eden space 524800K, 0% used [0x00000000d5580000,0x00000000d5580000,0x00000000f5600000)
  from space 87040K, 72% used [0x00000000fab00000,0x00000000fe8b8598,0x0000000100000000)
  to   space 87040K, 0% used [0x00000000f5600000,0x00000000f5600000,0x00000000fab00000)
 ParOldGen       total 1398272K, used 44320K [0x0000000080000000, 0x00000000d5580000, 0x00000000d5580000)
  object space 1398272K, 3% used [0x0000000080000000,0x0000000082b483c0,0x00000000d5580000)
 Metaspace       used 65190K, capacity 68030K, committed 68224K, reserved 1110016K
  class space    used 7442K, capacity 7943K, committed 8064K, reserved 1048576K
}
Event: 36.805 GC heap before
{Heap before GC invocations=8 (full 3):
 PSYoungGen      total 611840K, used 584170K [0x00000000d5580000, 0x0000000100000000, 0x0000000100000000)
  eden space 524800K, 99% used [0x00000000d5580000,0x00000000f52423b0,0x00000000f5600000)
  from space 87040K, 72% used [0x00000000fab00000,0x00000000fe8b8598,0x0000000100000000)
  to   space 87040K, 0% used [0x00000000f5600000,0x00000000f5600000,0x00000000fab00000)
 ParOldGen       total 1398272K, used 44320K [0x0000000080000000, 0x00000000d5580000, 0x00000000d5580000)
  object space 1398272K, 3% used [0x0000000080000000,0x0000000082b483c0,0x00000000d5580000)
 Metaspace       used 65943K, capacity 68866K, committed 68992K, reserved 1110016K
  class space    used 7468K, capacity 7973K, committed 8064K, reserved 1048576K
Event: 36.884 GC heap after
Heap after GC invocations=8 (full 3):
 PSYoungGen      total 611840K, used 73047K [0x00000000d5580000, 0x0000000100000000, 0x0000000100000000)
  eden space 524800K, 0% used [0x00000000d5580000,0x00000000d5580000,0x00000000f5600000)
  from space 87040K, 83% used [0x00000000f5600000,0x00000000f9d55c70,0x00000000fab00000)
  to   space 87040K, 0% used [0x00000000fab00000,0x00000000fab00000,0x0000000100000000)
 ParOldGen       total 1398272K, used 44320K [0x0000000080000000, 0x00000000d5580000, 0x00000000d5580000)
  object space 1398272K, 3% used [0x0000000080000000,0x0000000082b483c0,0x00000000d5580000)
 Metaspace       used 65943K, capacity 68866K, committed 68992K, reserved 1110016K
  class space    used 7468K, capacity 7973K, committed 8064K, reserved 1048576K
}

