# JRE version: OpenJDK Runtime Environment (8.0_212-b04) (build 1.8.0_212-b04)
# Java VM: OpenJDK 64-Bit Server VM (25.212-b04 mixed mode linux-amd64 compressed oops)
Heap:
 PSYoungGen      total 579584K, used 217681K [0x00000000d5580000, 0x00000000fb200000, 0x0000000100000000)
  eden space 524800K, 31% used [0x00000000d5580000,0x00000000df499750,0x00000000f5600000)
  from space 54784K, 99% used [0x00000000f5600000,0x00000000f8b7aeb0,0x00000000f8b80000)
  to   space 39424K, 0% used [0x00000000f8b80000,0x00000000f8b80000,0x00000000fb200000)
 ParOldGen       total 1398272K, used 32448K [0x0000000080000000, 0x00000000d5580000, 0x00000000d5580000)
  object space 1398272K, 2% used [0x0000000080000000,0x0000000081fb02a8,0x00000000d5580000)
 Metaspace       used 76441K, capacity 79138K, committed 79360K, reserved 1120256K
  class space    used 8881K, capacity 9387K, committed 9472K, reserved 1048576K
GC Heap History (10 events):
Event: 4.126 GC heap before
{Heap before GC invocations=4 (full 2):
 PSYoungGen      total 611840K, used 19466K [0x00000000d5580000, 0x0000000100000000, 0x0000000100000000)
  eden space 524800K, 0% used [0x00000000d5580000,0x00000000d5580000,0x00000000f5600000)
  from space 87040K, 22% used [0x00000000fab00000,0x00000000fbe02a20,0x0000000100000000)
  to   space 87040K, 0% used [0x00000000f5600000,0x00000000f5600000,0x00000000fab00000)
 ParOldGen       total 878080K, used 13507K [0x0000000080000000, 0x00000000b5980000, 0x00000000d5580000)
  object space 878080K, 1% used [0x0000000080000000,0x0000000080d30df8,0x00000000b5980000)
 Metaspace       used 34727K, capacity 35018K, committed 35416K, reserved 1081344K
  class space    used 4189K, capacity 4289K, committed 4352K, reserved 1048576K
Event: 4.256 GC heap after
Heap after GC invocations=4 (full 2):
 PSYoungGen      total 611840K, used 0K [0x00000000d5580000, 0x0000000100000000, 0x0000000100000000)
  eden space 524800K, 0% used [0x00000000d5580000,0x00000000d5580000,0x00000000f5600000)
  from space 87040K, 0% used [0x00000000fab00000,0x00000000fab00000,0x0000000100000000)
  to   space 87040K, 0% used [0x00000000f5600000,0x00000000f5600000,0x00000000fab00000)
 ParOldGen       total 1398272K, used 24282K [0x0000000080000000, 0x00000000d5580000, 0x00000000d5580000)
  object space 1398272K, 1% used [0x0000000080000000,0x00000000817b6be0,0x00000000d5580000)
 Metaspace       used 34727K, capacity 35018K, committed 35416K, reserved 1081344K
  class space    used 4189K, capacity 4289K, committed 4352K, reserved 1048576K
}
Event: 6.988 GC heap before
{Heap before GC invocations=5 (full 2):
 PSYoungGen      total 611840K, used 524800K [0x00000000d5580000, 0x0000000100000000, 0x0000000100000000)
  eden space 524800K, 100% used [0x00000000d5580000,0x00000000f5600000,0x00000000f5600000)
  from space 87040K, 0% used [0x00000000fab00000,0x00000000fab00000,0x0000000100000000)
  to   space 87040K, 0% used [0x00000000f5600000,0x00000000f5600000,0x00000000fab00000)
 ParOldGen       total 1398272K, used 24282K [0x0000000080000000, 0x00000000d5580000, 0x00000000d5580000)
  object space 1398272K, 1% used [0x0000000080000000,0x00000000817b6be0,0x00000000d5580000)
 Metaspace       used 49344K, capacity 50140K, committed 50432K, reserved 1093632K
  class space    used 5882K, capacity 6084K, committed 6144K, reserved 1048576K
Event: 7.041 GC heap after
Heap after GC invocations=5 (full 2):
 PSYoungGen      total 611840K, used 20234K [0x00000000d5580000, 0x0000000100000000, 0x0000000100000000)
  eden space 524800K, 0% used [0x00000000d5580000,0x00000000d5580000,0x00000000f5600000)
  from space 87040K, 23% used [0x00000000f5600000,0x00000000f69c2978,0x00000000fab00000)
  to   space 87040K, 0% used [0x00000000fab00000,0x00000000fab00000,0x0000000100000000)
 ParOldGen       total 1398272K, used 24290K [0x0000000080000000, 0x00000000d5580000, 0x00000000d5580000)
  object space 1398272K, 1% used [0x0000000080000000,0x00000000817b8be0,0x00000000d5580000)
 Metaspace       used 49344K, capacity 50140K, committed 50432K, reserved 1093632K
  class space    used 5882K, capacity 6084K, committed 6144K, reserved 1048576K
}
Event: 11.311 GC heap before
{Heap before GC invocations=6 (full 2):
 PSYoungGen      total 611840K, used 322032K [0x00000000d5580000, 0x0000000100000000, 0x0000000100000000)
  eden space 524800K, 57% used [0x00000000d5580000,0x00000000e7c39a68,0x00000000f5600000)
  from space 87040K, 23% used [0x00000000f5600000,0x00000000f69c2978,0x00000000fab00000)
  to   space 87040K, 0% used [0x00000000fab00000,0x00000000fab00000,0x0000000100000000)
 ParOldGen       total 1398272K, used 24290K [0x0000000080000000, 0x00000000d5580000, 0x00000000d5580000)
  object space 1398272K, 1% used [0x0000000080000000,0x00000000817b8be0,0x00000000d5580000)
 Metaspace       used 57772K, capacity 58906K, committed 59028K, reserved 1101824K
  class space    used 6946K, capacity 7163K, committed 7168K, reserved 1048576K
Event: 11.345 GC heap after
Heap after GC invocations=6 (full 2):
 PSYoungGen      total 611840K, used 19915K [0x00000000d5580000, 0x0000000100000000, 0x0000000100000000)
  eden space 524800K, 0% used [0x00000000d5580000,0x00000000d5580000,0x00000000f5600000)
  from space 87040K, 22% used [0x00000000fab00000,0x00000000fbe72c80,0x0000000100000000)
  to   space 87040K, 0% used [0x00000000f5600000,0x00000000f5600000,0x00000000fab00000)
 ParOldGen       total 1398272K, used 24298K [0x0000000080000000, 0x00000000d5580000, 0x00000000d5580000)
  object space 1398272K, 1% used [0x0000000080000000,0x00000000817babe0,0x00000000d5580000)
 Metaspace       used 57772K, capacity 58906K, committed 59028K, reserved 1101824K
  class space    used 6946K, capacity 7163K, committed 7168K, reserved 1048576K
}
Event: 11.345 GC heap before
{Heap before GC invocations=7 (full 3):
 PSYoungGen      total 611840K, used 19915K [0x00000000d5580000, 0x0000000100000000, 0x0000000100000000)
  eden space 524800K, 0% used [0x00000000d5580000,0x00000000d5580000,0x00000000f5600000)
  from space 87040K, 22% used [0x00000000fab00000,0x00000000fbe72c80,0x0000000100000000)
  to   space 87040K, 0% used [0x00000000f5600000,0x00000000f5600000,0x00000000fab00000)
 ParOldGen       total 1398272K, used 24298K [0x0000000080000000, 0x00000000d5580000, 0x00000000d5580000)
  object space 1398272K, 1% used [0x0000000080000000,0x00000000817babe0,0x00000000d5580000)
 Metaspace       used 57772K, capacity 58906K, committed 59028K, reserved 1101824K
  class space    used 6946K, capacity 7163K, committed 7168K, reserved 1048576K
Event: 11.638 GC heap after
Heap after GC invocations=7 (full 3):
 PSYoungGen      total 611840K, used 0K [0x00000000d5580000, 0x0000000100000000, 0x0000000100000000)
  eden space 524800K, 0% used [0x00000000d5580000,0x00000000d5580000,0x00000000f5600000)
  from space 87040K, 0% used [0x00000000fab00000,0x00000000fab00000,0x0000000100000000)
  to   space 87040K, 0% used [0x00000000f5600000,0x00000000f5600000,0x00000000fab00000)
 ParOldGen       total 1398272K, used 32448K [0x0000000080000000, 0x00000000d5580000, 0x00000000d5580000)
  object space 1398272K, 2% used [0x0000000080000000,0x0000000081fb02a8,0x00000000d5580000)
 Metaspace       used 57711K, capacity 58754K, committed 59028K, reserved 1101824K
  class space    used 6924K, capacity 7125K, committed 7168K, reserved 1048576K
}
Event: 34.182 GC heap before
{Heap before GC invocations=8 (full 3):
 PSYoungGen      total 611840K, used 524800K [0x00000000d5580000, 0x0000000100000000, 0x0000000100000000)
  eden space 524800K, 100% used [0x00000000d5580000,0x00000000f5600000,0x00000000f5600000)
  from space 87040K, 0% used [0x00000000fab00000,0x00000000fab00000,0x0000000100000000)
  to   space 87040K, 0% used [0x00000000f5600000,0x00000000f5600000,0x00000000fab00000)
 ParOldGen       total 1398272K, used 32448K [0x0000000080000000, 0x00000000d5580000, 0x00000000d5580000)
  object space 1398272K, 2% used [0x0000000080000000,0x0000000081fb02a8,0x00000000d5580000)
 Metaspace       used 75749K, capacity 78092K, committed 78208K, reserved 1118208K
  class space    used 8796K, capacity 9266K, committed 9344K, reserved 1048576K
Event: 34.286 GC heap after
Heap after GC invocations=8 (full 3):
 PSYoungGen      total 579584K, used 54763K [0x00000000d5580000, 0x00000000fb200000, 0x0000000100000000)
  eden space 524800K, 0% used [0x00000000d5580000,0x00000000d5580000,0x00000000f5600000)
  from space 54784K, 99% used [0x00000000f5600000,0x00000000f8b7aeb0,0x00000000f8b80000)
  to   space 39424K, 0% used [0x00000000f8b80000,0x00000000f8b80000,0x00000000fb200000)
 ParOldGen       total 1398272K, used 32448K [0x0000000080000000, 0x00000000d5580000, 0x00000000d5580000)
  object space 1398272K, 2% used [0x0000000080000000,0x0000000081fb02a8,0x00000000d5580000)
 Metaspace       used 75749K, capacity 78092K, committed 78208K, reserved 1118208K
  class space    used 8796K, capacity 9266K, committed 9344K, reserved 1048576K
}

