# JRE version: OpenJDK Runtime Environment (8.0_212-b04) (build 1.8.0_212-b04)
# Java VM: OpenJDK 64-Bit Server VM (25.212-b04 mixed mode linux-amd64 compressed oops)
Heap:
 PSYoungGen      total 611840K, used 81312K [0x00000000d5580000, 0x0000000100000000, 0x0000000100000000)
  eden space 524800K, 15% used [0x00000000d5580000,0x00000000da4e8288,0x00000000f5600000)
  from space 87040K, 0% used [0x00000000f5600000,0x00000000f5600000,0x00000000fab00000)
  to   space 87040K, 0% used [0x00000000fab00000,0x00000000fab00000,0x0000000100000000)
 ParOldGen       total 1398272K, used 39628K [0x0000000080000000, 0x00000000d5580000, 0x00000000d5580000)
  object space 1398272K, 2% used [0x0000000080000000,0x00000000826b3278,0x00000000d5580000)
 Metaspace       used 62893K, capacity 65030K, committed 65152K, reserved 1105920K
  class space    used 7315K, capacity 7717K, committed 7808K, reserved 1048576K
GC Heap History (10 events):
Event: 2.257 GC heap before
{Heap before GC invocations=2 (full 1):
 PSYoungGen      total 611840K, used 14282K [0x00000000d5580000, 0x0000000100000000, 0x0000000100000000)
  eden space 524800K, 0% used [0x00000000d5580000,0x00000000d5580000,0x00000000f5600000)
  from space 87040K, 16% used [0x00000000f5600000,0x00000000f63f28f0,0x00000000fab00000)
  to   space 87040K, 0% used [0x00000000fab00000,0x00000000fab00000,0x0000000100000000)
 ParOldGen       total 1398272K, used 80K [0x0000000080000000, 0x00000000d5580000, 0x00000000d5580000)
  object space 1398272K, 0% used [0x0000000080000000,0x0000000080014010,0x00000000d5580000)
 Metaspace       used 20827K, capacity 21106K, committed 21248K, reserved 1069056K
  class space    used 2370K, capacity 2482K, committed 2560K, reserved 1048576K
Event: 2.324 GC heap after
Heap after GC invocations=2 (full 1):
 PSYoungGen      total 611840K, used 0K [0x00000000d5580000, 0x0000000100000000, 0x0000000100000000)
  eden space 524800K, 0% used [0x00000000d5580000,0x00000000d5580000,0x00000000f5600000)
  from space 87040K, 0% used [0x00000000f5600000,0x00000000f5600000,0x00000000fab00000)
  to   space 87040K, 0% used [0x00000000fab00000,0x00000000fab00000,0x0000000100000000)
 ParOldGen       total 869376K, used 13757K [0x0000000080000000, 0x00000000b5100000, 0x00000000d5580000)
  object space 869376K, 1% used [0x0000000080000000,0x0000000080d6f7b8,0x00000000b5100000)
 Metaspace       used 20827K, capacity 21106K, committed 21248K, reserved 1069056K
  class space    used 2370K, capacity 2482K, committed 2560K, reserved 1048576K
}
Event: 5.604 GC heap before
{Heap before GC invocations=3 (full 1):
 PSYoungGen      total 611840K, used 424058K [0x00000000d5580000, 0x0000000100000000, 0x0000000100000000)
  eden space 524800K, 80% used [0x00000000d5580000,0x00000000ef39e8f0,0x00000000f5600000)
  from space 87040K, 0% used [0x00000000f5600000,0x00000000f5600000,0x00000000fab00000)
  to   space 87040K, 0% used [0x00000000fab00000,0x00000000fab00000,0x0000000100000000)
 ParOldGen       total 869376K, used 13757K [0x0000000080000000, 0x00000000b5100000, 0x00000000d5580000)
  object space 869376K, 1% used [0x0000000080000000,0x0000000080d6f7b8,0x00000000b5100000)
 Metaspace       used 34785K, capacity 35188K, committed 35416K, reserved 1081344K
  class space    used 3966K, capacity 4092K, committed 4096K, reserved 1048576K
Event: 5.646 GC heap after
Heap after GC invocations=3 (full 1):
 PSYoungGen      total 611840K, used 19174K [0x00000000d5580000, 0x0000000100000000, 0x0000000100000000)
  eden space 524800K, 0% used [0x00000000d5580000,0x00000000d5580000,0x00000000f5600000)
  from space 87040K, 22% used [0x00000000fab00000,0x00000000fbdb98f0,0x0000000100000000)
  to   space 87040K, 0% used [0x00000000f5600000,0x00000000f5600000,0x00000000fab00000)
 ParOldGen       total 869376K, used 13757K [0x0000000080000000, 0x00000000b5100000, 0x00000000d5580000)
  object space 869376K, 1% used [0x0000000080000000,0x0000000080d6f7b8,0x00000000b5100000)
 Metaspace       used 34785K, capacity 35188K, committed 35416K, reserved 1081344K
  class space    used 3966K, capacity 4092K, committed 4096K, reserved 1048576K
}
Event: 5.646 GC heap before
{Heap before GC invocations=4 (full 2):
 PSYoungGen      total 611840K, used 19174K [0x00000000d5580000, 0x0000000100000000, 0x0000000100000000)
  eden space 524800K, 0% used [0x00000000d5580000,0x00000000d5580000,0x00000000f5600000)
  from space 87040K, 22% used [0x00000000fab00000,0x00000000fbdb98f0,0x0000000100000000)
  to   space 87040K, 0% used [0x00000000f5600000,0x00000000f5600000,0x00000000fab00000)
 ParOldGen       total 869376K, used 13757K [0x0000000080000000, 0x00000000b5100000, 0x00000000d5580000)
  object space 869376K, 1% used [0x0000000080000000,0x0000000080d6f7b8,0x00000000b5100000)
 Metaspace       used 34785K, capacity 35188K, committed 35416K, reserved 1081344K
  class space    used 3966K, capacity 4092K, committed 4096K, reserved 1048576K
Event: 5.761 GC heap after
Heap after GC invocations=4 (full 2):
 PSYoungGen      total 611840K, used 0K [0x00000000d5580000, 0x0000000100000000, 0x0000000100000000)
  eden space 524800K, 0% used [0x00000000d5580000,0x00000000d5580000,0x00000000f5600000)
  from space 87040K, 0% used [0x00000000fab00000,0x00000000fab00000,0x0000000100000000)
  to   space 87040K, 0% used [0x00000000f5600000,0x00000000f5600000,0x00000000fab00000)
 ParOldGen       total 1398272K, used 23527K [0x0000000080000000, 0x00000000d5580000, 0x00000000d5580000)
  object space 1398272K, 1% used [0x0000000080000000,0x00000000816f9fe0,0x00000000d5580000)
 Metaspace       used 34785K, capacity 35188K, committed 35416K, reserved 1081344K
  class space    used 3966K, capacity 4092K, committed 4096K, reserved 1048576K
}
Event: 32.882 GC heap before
{Heap before GC invocations=5 (full 2):
 PSYoungGen      total 611840K, used 461302K [0x00000000d5580000, 0x0000000100000000, 0x0000000100000000)
  eden space 524800K, 87% used [0x00000000d5580000,0x00000000f17fd960,0x00000000f5600000)
  from space 87040K, 0% used [0x00000000fab00000,0x00000000fab00000,0x0000000100000000)
  to   space 87040K, 0% used [0x00000000f5600000,0x00000000f5600000,0x00000000fab00000)
 ParOldGen       total 1398272K, used 23527K [0x0000000080000000, 0x00000000d5580000, 0x00000000d5580000)
  object space 1398272K, 1% used [0x0000000080000000,0x00000000816f9fe0,0x00000000d5580000)
 Metaspace       used 57396K, capacity 58936K, committed 59008K, reserved 1101824K
  class space    used 6708K, capacity 7000K, committed 7040K, reserved 1048576K
Event: 32.961 GC heap after
Heap after GC invocations=5 (full 2):
 PSYoungGen      total 611840K, used 29393K [0x00000000d5580000, 0x0000000100000000, 0x0000000100000000)
  eden space 524800K, 0% used [0x00000000d5580000,0x00000000d5580000,0x00000000f5600000)
  from space 87040K, 33% used [0x00000000f5600000,0x00000000f72b4558,0x00000000fab00000)
  to   space 87040K, 0% used [0x00000000fab00000,0x00000000fab00000,0x0000000100000000)
 ParOldGen       total 1398272K, used 23535K [0x0000000080000000, 0x00000000d5580000, 0x00000000d5580000)
  object space 1398272K, 1% used [0x0000000080000000,0x00000000816fbfe0,0x00000000d5580000)
 Metaspace       used 57396K, capacity 58936K, committed 59008K, reserved 1101824K
  class space    used 6708K, capacity 7000K, committed 7040K, reserved 1048576K
}
Event: 32.961 GC heap before
{Heap before GC invocations=6 (full 3):
 PSYoungGen      total 611840K, used 29393K [0x00000000d5580000, 0x0000000100000000, 0x0000000100000000)
  eden space 524800K, 0% used [0x00000000d5580000,0x00000000d5580000,0x00000000f5600000)
  from space 87040K, 33% used [0x00000000f5600000,0x00000000f72b4558,0x00000000fab00000)
  to   space 87040K, 0% used [0x00000000fab00000,0x00000000fab00000,0x0000000100000000)
 ParOldGen       total 1398272K, used 23535K [0x0000000080000000, 0x00000000d5580000, 0x00000000d5580000)
  object space 1398272K, 1% used [0x0000000080000000,0x00000000816fbfe0,0x00000000d5580000)
 Metaspace       used 57396K, capacity 58936K, committed 59008K, reserved 1101824K
  class space    used 6708K, capacity 7000K, committed 7040K, reserved 1048576K
Event: 33.182 GC heap after
Heap after GC invocations=6 (full 3):
 PSYoungGen      total 611840K, used 0K [0x00000000d5580000, 0x0000000100000000, 0x0000000100000000)
  eden space 524800K, 0% used [0x00000000d5580000,0x00000000d5580000,0x00000000f5600000)
  from space 87040K, 0% used [0x00000000f5600000,0x00000000f5600000,0x00000000fab00000)
  to   space 87040K, 0% used [0x00000000fab00000,0x00000000fab00000,0x0000000100000000)
 ParOldGen       total 1398272K, used 39628K [0x0000000080000000, 0x00000000d5580000, 0x00000000d5580000)
  object space 1398272K, 2% used [0x0000000080000000,0x00000000826b3278,0x00000000d5580000)
 Metaspace       used 57396K, capacity 58936K, committed 59008K, reserved 1101824K
  class space    used 6708K, capacity 7000K, committed 7040K, reserved 1048576K
}

