# JRE version: OpenJDK Runtime Environment (8.0_212-b04) (build 1.8.0_212-b04)
# Java VM: OpenJDK 64-Bit Server VM (25.212-b04 mixed mode linux-amd64 compressed oops)
Heap:
 PSYoungGen      total 537088K, used 501391K [0x00000000d5580000, 0x0000000100000000, 0x0000000100000000)
  eden space 450048K, 92% used [0x00000000d5580000,0x00000000eea2b038,0x00000000f0d00000)
  from space 87040K, 99% used [0x00000000fab00000,0x00000000ffff8e58,0x0000000100000000)
  to   space 124416K, 0% used [0x00000000f0d00000,0x00000000f0d00000,0x00000000f8680000)
 ParOldGen       total 1398272K, used 73268K [0x0000000080000000, 0x00000000d5580000, 0x00000000d5580000)
  object space 1398272K, 5% used [0x0000000080000000,0x000000008478d178,0x00000000d5580000)
 Metaspace       used 72065K, capacity 75878K, committed 76032K, reserved 1116160K
  class space    used 7924K, capacity 8591K, committed 8704K, reserved 1048576K
GC Heap History (10 events):
Event: 10.935 GC heap before
{Heap before GC invocations=5 (full 2):
 PSYoungGen      total 611840K, used 467147K [0x00000000d5580000, 0x0000000100000000, 0x0000000100000000)
  eden space 524800K, 89% used [0x00000000d5580000,0x00000000f1db2f10,0x00000000f5600000)
  from space 87040K, 0% used [0x00000000fab00000,0x00000000fab00000,0x0000000100000000)
  to   space 87040K, 0% used [0x00000000f5600000,0x00000000f5600000,0x00000000fab00000)
 ParOldGen       total 1398272K, used 23555K [0x0000000080000000, 0x00000000d5580000, 0x00000000d5580000)
  object space 1398272K, 1% used [0x0000000080000000,0x0000000081700c00,0x00000000d5580000)
 Metaspace       used 57460K, capacity 58856K, committed 59008K, reserved 1101824K
  class space    used 6660K, capacity 6936K, committed 7040K, reserved 1048576K
Event: 11.017 GC heap after
Heap after GC invocations=5 (full 2):
 PSYoungGen      total 611840K, used 31026K [0x00000000d5580000, 0x0000000100000000, 0x0000000100000000)
  eden space 524800K, 0% used [0x00000000d5580000,0x00000000d5580000,0x00000000f5600000)
  from space 87040K, 35% used [0x00000000f5600000,0x00000000f744c848,0x00000000fab00000)
  to   space 87040K, 0% used [0x00000000fab00000,0x00000000fab00000,0x0000000100000000)
 ParOldGen       total 1398272K, used 23563K [0x0000000080000000, 0x00000000d5580000, 0x00000000d5580000)
  object space 1398272K, 1% used [0x0000000080000000,0x0000000081702c00,0x00000000d5580000)
 Metaspace       used 57460K, capacity 58856K, committed 59008K, reserved 1101824K
  class space    used 6660K, capacity 6936K, committed 7040K, reserved 1048576K
}
Event: 11.017 GC heap before
{Heap before GC invocations=6 (full 3):
 PSYoungGen      total 611840K, used 31026K [0x00000000d5580000, 0x0000000100000000, 0x0000000100000000)
  eden space 524800K, 0% used [0x00000000d5580000,0x00000000d5580000,0x00000000f5600000)
  from space 87040K, 35% used [0x00000000f5600000,0x00000000f744c848,0x00000000fab00000)
  to   space 87040K, 0% used [0x00000000fab00000,0x00000000fab00000,0x0000000100000000)
 ParOldGen       total 1398272K, used 23563K [0x0000000080000000, 0x00000000d5580000, 0x00000000d5580000)
  object space 1398272K, 1% used [0x0000000080000000,0x0000000081702c00,0x00000000d5580000)
 Metaspace       used 57460K, capacity 58856K, committed 59008K, reserved 1101824K
  class space    used 6660K, capacity 6936K, committed 7040K, reserved 1048576K
Event: 11.269 GC heap after
Heap after GC invocations=6 (full 3):
 PSYoungGen      total 611840K, used 0K [0x00000000d5580000, 0x0000000100000000, 0x0000000100000000)
  eden space 524800K, 0% used [0x00000000d5580000,0x00000000d5580000,0x00000000f5600000)
  from space 87040K, 0% used [0x00000000f5600000,0x00000000f5600000,0x00000000fab00000)
  to   space 87040K, 0% used [0x00000000fab00000,0x00000000fab00000,0x0000000100000000)
 ParOldGen       total 1398272K, used 41563K [0x0000000080000000, 0x00000000d5580000, 0x00000000d5580000)
  object space 1398272K, 2% used [0x0000000080000000,0x0000000082896c50,0x00000000d5580000)
 Metaspace       used 57429K, capacity 58774K, committed 59008K, reserved 1101824K
  class space    used 6649K, capacity 6917K, committed 7040K, reserved 1048576K
}
Event: 89.395 GC heap before
{Heap before GC invocations=7 (full 3):
 PSYoungGen      total 611840K, used 524800K [0x00000000d5580000, 0x0000000100000000, 0x0000000100000000)
  eden space 524800K, 100% used [0x00000000d5580000,0x00000000f5600000,0x00000000f5600000)
  from space 87040K, 0% used [0x00000000f5600000,0x00000000f5600000,0x00000000fab00000)
  to   space 87040K, 0% used [0x00000000fab00000,0x00000000fab00000,0x0000000100000000)
 ParOldGen       total 1398272K, used 41563K [0x0000000080000000, 0x00000000d5580000, 0x00000000d5580000)
  object space 1398272K, 2% used [0x0000000080000000,0x0000000082896c50,0x00000000d5580000)
 Metaspace       used 66985K, capacity 70030K, committed 70144K, reserved 1112064K
  class space    used 7653K, capacity 8179K, committed 8192K, reserved 1048576K
Event: 89.491 GC heap after
Heap after GC invocations=7 (full 3):
 PSYoungGen      total 611840K, used 48767K [0x00000000d5580000, 0x0000000100000000, 0x0000000100000000)
  eden space 524800K, 0% used [0x00000000d5580000,0x00000000d5580000,0x00000000f5600000)
  from space 87040K, 56% used [0x00000000fab00000,0x00000000fda9fc68,0x0000000100000000)
  to   space 87040K, 0% used [0x00000000f5600000,0x00000000f5600000,0x00000000fab00000)
 ParOldGen       total 1398272K, used 41571K [0x0000000080000000, 0x00000000d5580000, 0x00000000d5580000)
  object space 1398272K, 2% used [0x0000000080000000,0x0000000082898c50,0x00000000d5580000)
 Metaspace       used 66985K, capacity 70030K, committed 70144K, reserved 1112064K
  class space    used 7653K, capacity 8179K, committed 8192K, reserved 1048576K
}
Event: 323.656 GC heap before
{Heap before GC invocations=8 (full 3):
 PSYoungGen      total 611840K, used 573567K [0x00000000d5580000, 0x0000000100000000, 0x0000000100000000)
  eden space 524800K, 100% used [0x00000000d5580000,0x00000000f5600000,0x00000000f5600000)
  from space 87040K, 56% used [0x00000000fab00000,0x00000000fda9fc68,0x0000000100000000)
  to   space 87040K, 0% used [0x00000000f5600000,0x00000000f5600000,0x00000000fab00000)
 ParOldGen       total 1398272K, used 41571K [0x0000000080000000, 0x00000000d5580000, 0x00000000d5580000)
  object space 1398272K, 2% used [0x0000000080000000,0x0000000082898c50,0x00000000d5580000)
 Metaspace       used 70004K, capacity 73412K, committed 73472K, reserved 1114112K
  class space    used 7824K, capacity 8416K, committed 8448K, reserved 1048576K
Event: 323.888 GC heap after
Heap after GC invocations=8 (full 3):
 PSYoungGen      total 611840K, used 87039K [0x00000000d5580000, 0x0000000100000000, 0x0000000100000000)
  eden space 524800K, 0% used [0x00000000d5580000,0x00000000d5580000,0x00000000f5600000)
  from space 87040K, 99% used [0x00000000f5600000,0x00000000faaffca0,0x00000000fab00000)
  to   space 87040K, 0% used [0x00000000fab00000,0x00000000fab00000,0x0000000100000000)
 ParOldGen       total 1398272K, used 45283K [0x0000000080000000, 0x00000000d5580000, 0x00000000d5580000)
  object space 1398272K, 3% used [0x0000000080000000,0x0000000082c38d20,0x00000000d5580000)
 Metaspace       used 70004K, capacity 73412K, committed 73472K, reserved 1114112K
  class space    used 7824K, capacity 8416K, committed 8448K, reserved 1048576K
}
Event: 563.368 GC heap before
{Heap before GC invocations=9 (full 3):
 PSYoungGen      total 611840K, used 611839K [0x00000000d5580000, 0x0000000100000000, 0x0000000100000000)
  eden space 524800K, 100% used [0x00000000d5580000,0x00000000f5600000,0x00000000f5600000)
  from space 87040K, 99% used [0x00000000f5600000,0x00000000faaffca0,0x00000000fab00000)
  to   space 87040K, 0% used [0x00000000fab00000,0x00000000fab00000,0x0000000100000000)
 ParOldGen       total 1398272K, used 45283K [0x0000000080000000, 0x00000000d5580000, 0x00000000d5580000)
  object space 1398272K, 3% used [0x0000000080000000,0x0000000082c38d20,0x00000000d5580000)
 Metaspace       used 71484K, capacity 75226K, committed 75520K, reserved 1116160K
  class space    used 7911K, capacity 8581K, committed 8704K, reserved 1048576K
Event: 563.625 GC heap after
Heap after GC invocations=9 (full 3):
 PSYoungGen      total 537088K, used 87011K [0x00000000d5580000, 0x0000000100000000, 0x0000000100000000)
  eden space 450048K, 0% used [0x00000000d5580000,0x00000000d5580000,0x00000000f0d00000)
  from space 87040K, 99% used [0x00000000fab00000,0x00000000ffff8e58,0x0000000100000000)
  to   space 124416K, 0% used [0x00000000f0d00000,0x00000000f0d00000,0x00000000f8680000)
 ParOldGen       total 1398272K, used 73268K [0x0000000080000000, 0x00000000d5580000, 0x00000000d5580000)
  object space 1398272K, 5% used [0x0000000080000000,0x000000008478d178,0x00000000d5580000)
 Metaspace       used 71484K, capacity 75226K, committed 75520K, reserved 1116160K
  class space    used 7911K, capacity 8581K, committed 8704K, reserved 1048576K
}

