# JRE version: OpenJDK Runtime Environment (8.0_212-b04) (build 1.8.0_212-b04)
# Java VM: OpenJDK 64-Bit Server VM (25.212-b04 mixed mode linux-amd64 compressed oops)
Heap:
 PSYoungGen      total 611840K, used 365095K [0x00000000d5580000, 0x0000000100000000, 0x0000000100000000)
  eden space 524800K, 59% used [0x00000000d5580000,0x00000000e84e7b90,0x00000000f5600000)
  from space 87040K, 62% used [0x00000000fab00000,0x00000000fe0221a8,0x0000000100000000)
  to   space 87040K, 0% used [0x00000000f5600000,0x00000000f5600000,0x00000000fab00000)
 ParOldGen       total 1398272K, used 41560K [0x0000000080000000, 0x00000000d5580000, 0x00000000d5580000)
  object space 1398272K, 2% used [0x0000000080000000,0x0000000082896258,0x00000000d5580000)
 Metaspace       used 66938K, capacity 70165K, committed 70528K, reserved 1112064K
  class space    used 7638K, capacity 8209K, committed 8320K, reserved 1048576K
GC Heap History (10 events):
Event: 4.376 GC heap before
{Heap before GC invocations=3 (full 1):
 PSYoungGen      total 611840K, used 434547K [0x00000000d5580000, 0x0000000100000000, 0x0000000100000000)
  eden space 524800K, 82% used [0x00000000d5580000,0x00000000efddce18,0x00000000f5600000)
  from space 87040K, 0% used [0x00000000f5600000,0x00000000f5600000,0x00000000fab00000)
  to   space 87040K, 0% used [0x00000000fab00000,0x00000000fab00000,0x0000000100000000)
 ParOldGen       total 871424K, used 13725K [0x0000000080000000, 0x00000000b5300000, 0x00000000d5580000)
  object space 871424K, 1% used [0x0000000080000000,0x0000000080d67480,0x00000000b5300000)
 Metaspace       used 34787K, capacity 35188K, committed 35416K, reserved 1081344K
  class space    used 3965K, capacity 4092K, committed 4096K, reserved 1048576K
Event: 4.414 GC heap after
Heap after GC invocations=3 (full 1):
 PSYoungGen      total 611840K, used 19241K [0x00000000d5580000, 0x0000000100000000, 0x0000000100000000)
  eden space 524800K, 0% used [0x00000000d5580000,0x00000000d5580000,0x00000000f5600000)
  from space 87040K, 22% used [0x00000000fab00000,0x00000000fbdca760,0x0000000100000000)
  to   space 87040K, 0% used [0x00000000f5600000,0x00000000f5600000,0x00000000fab00000)
 ParOldGen       total 871424K, used 13733K [0x0000000080000000, 0x00000000b5300000, 0x00000000d5580000)
  object space 871424K, 1% used [0x0000000080000000,0x0000000080d69480,0x00000000b5300000)
 Metaspace       used 34787K, capacity 35188K, committed 35416K, reserved 1081344K
  class space    used 3965K, capacity 4092K, committed 4096K, reserved 1048576K
}
Event: 4.414 GC heap before
{Heap before GC invocations=4 (full 2):
 PSYoungGen      total 611840K, used 19241K [0x00000000d5580000, 0x0000000100000000, 0x0000000100000000)
  eden space 524800K, 0% used [0x00000000d5580000,0x00000000d5580000,0x00000000f5600000)
  from space 87040K, 22% used [0x00000000fab00000,0x00000000fbdca760,0x0000000100000000)
  to   space 87040K, 0% used [0x00000000f5600000,0x00000000f5600000,0x00000000fab00000)
 ParOldGen       total 871424K, used 13733K [0x0000000080000000, 0x00000000b5300000, 0x00000000d5580000)
  object space 871424K, 1% used [0x0000000080000000,0x0000000080d69480,0x00000000b5300000)
 Metaspace       used 34787K, capacity 35188K, committed 35416K, reserved 1081344K
  class space    used 3965K, capacity 4092K, committed 4096K, reserved 1048576K
Event: 4.517 GC heap after
Heap after GC invocations=4 (full 2):
 PSYoungGen      total 611840K, used 0K [0x00000000d5580000, 0x0000000100000000, 0x0000000100000000)
  eden space 524800K, 0% used [0x00000000d5580000,0x00000000d5580000,0x00000000f5600000)
  from space 87040K, 0% used [0x00000000fab00000,0x00000000fab00000,0x0000000100000000)
  to   space 87040K, 0% used [0x00000000f5600000,0x00000000f5600000,0x00000000fab00000)
 ParOldGen       total 1398272K, used 23544K [0x0000000080000000, 0x00000000d5580000, 0x00000000d5580000)
  object space 1398272K, 1% used [0x0000000080000000,0x00000000816fe3c8,0x00000000d5580000)
 Metaspace       used 34787K, capacity 35188K, committed 35416K, reserved 1081344K
  class space    used 3965K, capacity 4092K, committed 4096K, reserved 1048576K
}
Event: 10.684 GC heap before
{Heap before GC invocations=5 (full 2):
 PSYoungGen      total 611840K, used 491124K [0x00000000d5580000, 0x0000000100000000, 0x0000000100000000)
  eden space 524800K, 93% used [0x00000000d5580000,0x00000000f351d0d8,0x00000000f5600000)
  from space 87040K, 0% used [0x00000000fab00000,0x00000000fab00000,0x0000000100000000)
  to   space 87040K, 0% used [0x00000000f5600000,0x00000000f5600000,0x00000000fab00000)
 ParOldGen       total 1398272K, used 23544K [0x0000000080000000, 0x00000000d5580000, 0x00000000d5580000)
  object space 1398272K, 1% used [0x0000000080000000,0x00000000816fe3c8,0x00000000d5580000)
 Metaspace       used 57445K, capacity 58925K, committed 59028K, reserved 1101824K
  class space    used 6662K, capacity 6912K, committed 6912K, reserved 1048576K
Event: 10.756 GC heap after
Heap after GC invocations=5 (full 2):
 PSYoungGen      total 611840K, used 31084K [0x00000000d5580000, 0x0000000100000000, 0x0000000100000000)
  eden space 524800K, 0% used [0x00000000d5580000,0x00000000d5580000,0x00000000f5600000)
  from space 87040K, 35% used [0x00000000f5600000,0x00000000f745b3f0,0x00000000fab00000)
  to   space 87040K, 0% used [0x00000000fab00000,0x00000000fab00000,0x0000000100000000)
 ParOldGen       total 1398272K, used 23552K [0x0000000080000000, 0x00000000d5580000, 0x00000000d5580000)
  object space 1398272K, 1% used [0x0000000080000000,0x00000000817003c8,0x00000000d5580000)
 Metaspace       used 57445K, capacity 58925K, committed 59028K, reserved 1101824K
  class space    used 6662K, capacity 6912K, committed 6912K, reserved 1048576K
}
Event: 10.756 GC heap before
{Heap before GC invocations=6 (full 3):
 PSYoungGen      total 611840K, used 31084K [0x00000000d5580000, 0x0000000100000000, 0x0000000100000000)
  eden space 524800K, 0% used [0x00000000d5580000,0x00000000d5580000,0x00000000f5600000)
  from space 87040K, 35% used [0x00000000f5600000,0x00000000f745b3f0,0x00000000fab00000)
  to   space 87040K, 0% used [0x00000000fab00000,0x00000000fab00000,0x0000000100000000)
 ParOldGen       total 1398272K, used 23552K [0x0000000080000000, 0x00000000d5580000, 0x00000000d5580000)
  object space 1398272K, 1% used [0x0000000080000000,0x00000000817003c8,0x00000000d5580000)
 Metaspace       used 57445K, capacity 58925K, committed 59028K, reserved 1101824K
  class space    used 6662K, capacity 6912K, committed 6912K, reserved 1048576K
Event: 11.037 GC heap after
Heap after GC invocations=6 (full 3):
 PSYoungGen      total 611840K, used 0K [0x00000000d5580000, 0x0000000100000000, 0x0000000100000000)
  eden space 524800K, 0% used [0x00000000d5580000,0x00000000d5580000,0x00000000f5600000)
  from space 87040K, 0% used [0x00000000f5600000,0x00000000f5600000,0x00000000fab00000)
  to   space 87040K, 0% used [0x00000000fab00000,0x00000000fab00000,0x0000000100000000)
 ParOldGen       total 1398272K, used 41560K [0x0000000080000000, 0x00000000d5580000, 0x00000000d5580000)
  object space 1398272K, 2% used [0x0000000080000000,0x0000000082896258,0x00000000d5580000)
 Metaspace       used 57401K, capacity 58815K, committed 59028K, reserved 1101824K
  class space    used 6647K, capacity 6885K, committed 6912K, reserved 1048576K
}
Event: 26.104 GC heap before
{Heap before GC invocations=7 (full 3):
 PSYoungGen      total 611840K, used 514453K [0x00000000d5580000, 0x0000000100000000, 0x0000000100000000)
  eden space 524800K, 98% used [0x00000000d5580000,0x00000000f4be54f8,0x00000000f5600000)
  from space 87040K, 0% used [0x00000000f5600000,0x00000000f5600000,0x00000000fab00000)
  to   space 87040K, 0% used [0x00000000fab00000,0x00000000fab00000,0x0000000100000000)
 ParOldGen       total 1398272K, used 41560K [0x0000000080000000, 0x00000000d5580000, 0x00000000d5580000)
  object space 1398272K, 2% used [0x0000000080000000,0x0000000082896258,0x00000000d5580000)
 Metaspace       used 66671K, capacity 69729K, committed 69888K, reserved 1112064K
  class space    used 7620K, capacity 8185K, committed 8192K, reserved 1048576K
Event: 26.216 GC heap after
Heap after GC invocations=7 (full 3):
 PSYoungGen      total 611840K, used 54408K [0x00000000d5580000, 0x0000000100000000, 0x0000000100000000)
  eden space 524800K, 0% used [0x00000000d5580000,0x00000000d5580000,0x00000000f5600000)
  from space 87040K, 62% used [0x00000000fab00000,0x00000000fe0221a8,0x0000000100000000)
  to   space 87040K, 0% used [0x00000000f5600000,0x00000000f5600000,0x00000000fab00000)
 ParOldGen       total 1398272K, used 41560K [0x0000000080000000, 0x00000000d5580000, 0x00000000d5580000)
  object space 1398272K, 2% used [0x0000000080000000,0x0000000082896258,0x00000000d5580000)
 Metaspace       used 66671K, capacity 69729K, committed 69888K, reserved 1112064K
  class space    used 7620K, capacity 8185K, committed 8192K, reserved 1048576K
}

