# JRE version: OpenJDK Runtime Environment (8.0_212-b04) (build 1.8.0_212-b04)
# Java VM: OpenJDK 64-Bit Server VM (25.212-b04 mixed mode linux-amd64 compressed oops)
Heap:
 PSYoungGen      total 582144K, used 454700K [0x00000000d5580000, 0x0000000100000000, 0x0000000100000000)
  eden space 552960K, 82% used [0x00000000d5580000,0x00000000f118b290,0x00000000f7180000)
  from space 29184K, 0% used [0x00000000f8f00000,0x00000000f8f00000,0x00000000fab80000)
  to   space 30208K, 0% used [0x00000000f7180000,0x00000000f7180000,0x00000000f8f00000)
 ParOldGen       total 1398272K, used 547728K [0x0000000080000000, 0x00000000d5580000, 0x00000000d5580000)
  object space 1398272K, 39% used [0x0000000080000000,0x00000000a16e4260,0x00000000d5580000)
 Metaspace       used 65915K, capacity 68450K, committed 68608K, reserved 1110016K
  class space    used 7477K, capacity 7917K, committed 7936K, reserved 1048576K
GC Heap History (10 events):
Event: 14.335 GC heap before
{Heap before GC invocations=6 (full 2):
 PSYoungGen      total 611840K, used 314168K [0x00000000d5580000, 0x0000000100000000, 0x0000000100000000)
  eden space 524800K, 56% used [0x00000000d5580000,0x00000000e7604480,0x00000000f5600000)
  from space 87040K, 21% used [0x00000000f5600000,0x00000000f6849e48,0x00000000fab00000)
  to   space 87040K, 0% used [0x00000000fab00000,0x00000000fab00000,0x0000000100000000)
 ParOldGen       total 1398272K, used 23875K [0x0000000080000000, 0x00000000d5580000, 0x00000000d5580000)
  object space 1398272K, 1% used [0x0000000080000000,0x0000000081750ea8,0x00000000d5580000)
 Metaspace       used 57453K, capacity 58944K, committed 59028K, reserved 1101824K
  class space    used 6609K, capacity 6908K, committed 6912K, reserved 1048576K
Event: 14.395 GC heap after
Heap after GC invocations=6 (full 2):
 PSYoungGen      total 611840K, used 27896K [0x00000000d5580000, 0x0000000100000000, 0x0000000100000000)
  eden space 524800K, 0% used [0x00000000d5580000,0x00000000d5580000,0x00000000f5600000)
  from space 87040K, 32% used [0x00000000fab00000,0x00000000fc63e3a0,0x0000000100000000)
  to   space 87040K, 0% used [0x00000000f5600000,0x00000000f5600000,0x00000000fab00000)
 ParOldGen       total 1398272K, used 23883K [0x0000000080000000, 0x00000000d5580000, 0x00000000d5580000)
  object space 1398272K, 1% used [0x0000000080000000,0x0000000081752ea8,0x00000000d5580000)
 Metaspace       used 57453K, capacity 58944K, committed 59028K, reserved 1101824K
  class space    used 6609K, capacity 6908K, committed 6912K, reserved 1048576K
}
Event: 14.395 GC heap before
{Heap before GC invocations=7 (full 3):
 PSYoungGen      total 611840K, used 27896K [0x00000000d5580000, 0x0000000100000000, 0x0000000100000000)
  eden space 524800K, 0% used [0x00000000d5580000,0x00000000d5580000,0x00000000f5600000)
  from space 87040K, 32% used [0x00000000fab00000,0x00000000fc63e3a0,0x0000000100000000)
  to   space 87040K, 0% used [0x00000000f5600000,0x00000000f5600000,0x00000000fab00000)
 ParOldGen       total 1398272K, used 23883K [0x0000000080000000, 0x00000000d5580000, 0x00000000d5580000)
  object space 1398272K, 1% used [0x0000000080000000,0x0000000081752ea8,0x00000000d5580000)
 Metaspace       used 57453K, capacity 58944K, committed 59028K, reserved 1101824K
  class space    used 6609K, capacity 6908K, committed 6912K, reserved 1048576K
Event: 14.702 GC heap after
Heap after GC invocations=7 (full 3):
 PSYoungGen      total 611840K, used 0K [0x00000000d5580000, 0x0000000100000000, 0x0000000100000000)
  eden space 524800K, 0% used [0x00000000d5580000,0x00000000d5580000,0x00000000f5600000)
  from space 87040K, 0% used [0x00000000fab00000,0x00000000fab00000,0x0000000100000000)
  to   space 87040K, 0% used [0x00000000f5600000,0x00000000f5600000,0x00000000fab00000)
 ParOldGen       total 1398272K, used 39324K [0x0000000080000000, 0x00000000d5580000, 0x00000000d5580000)
  object space 1398272K, 2% used [0x0000000080000000,0x0000000082667310,0x00000000d5580000)
 Metaspace       used 57416K, capacity 58846K, committed 59028K, reserved 1101824K
  class space    used 6595K, capacity 6885K, committed 6912K, reserved 1048576K
}
Event: 21.562 GC heap before
{Heap before GC invocations=8 (full 3):
 PSYoungGen      total 611840K, used 354612K [0x00000000d5580000, 0x0000000100000000, 0x0000000100000000)
  eden space 524800K, 67% used [0x00000000d5580000,0x00000000eafcd1b8,0x00000000f5600000)
  from space 87040K, 0% used [0x00000000fab00000,0x00000000fab00000,0x0000000100000000)
  to   space 87040K, 0% used [0x00000000f5600000,0x00000000f5600000,0x00000000fab00000)
 ParOldGen       total 1398272K, used 39324K [0x0000000080000000, 0x00000000d5580000, 0x00000000d5580000)
  object space 1398272K, 2% used [0x0000000080000000,0x0000000082667310,0x00000000d5580000)
 Metaspace       used 60659K, capacity 62720K, committed 62976K, reserved 1105920K
  class space    used 7017K, capacity 7392K, committed 7424K, reserved 1048576K
Event: 21.821 GC heap after
Heap after GC invocations=8 (full 3):
 PSYoungGen      total 537088K, used 11982K [0x00000000d5580000, 0x00000000fab80000, 0x0000000100000000)
  eden space 524800K, 0% used [0x00000000d5580000,0x00000000d5580000,0x00000000f5600000)
  from space 12288K, 97% used [0x00000000f5600000,0x00000000f61b3ba8,0x00000000f6200000)
  to   space 29184K, 0% used [0x00000000f8f00000,0x00000000f8f00000,0x00000000fab80000)
 ParOldGen       total 1398272K, used 448932K [0x0000000080000000, 0x00000000d5580000, 0x00000000d5580000)
  object space 1398272K, 32% used [0x0000000080000000,0x000000009b669330,0x00000000d5580000)
 Metaspace       used 60659K, capacity 62720K, committed 62976K, reserved 1105920K
  class space    used 7017K, capacity 7392K, committed 7424K, reserved 1048576K
}
Event: 22.091 GC heap before
{Heap before GC invocations=9 (full 3):
 PSYoungGen      total 537088K, used 536782K [0x00000000d5580000, 0x00000000fab80000, 0x0000000100000000)
  eden space 524800K, 100% used [0x00000000d5580000,0x00000000f5600000,0x00000000f5600000)
  from space 12288K, 97% used [0x00000000f5600000,0x00000000f61b3ba8,0x00000000f6200000)
  to   space 29184K, 0% used [0x00000000f8f00000,0x00000000f8f00000,0x00000000fab80000)
 ParOldGen       total 1398272K, used 448932K [0x0000000080000000, 0x00000000d5580000, 0x00000000d5580000)
  object space 1398272K, 32% used [0x0000000080000000,0x000000009b669330,0x00000000d5580000)
 Metaspace       used 60659K, capacity 62720K, committed 62976K, reserved 1105920K
  class space    used 7017K, capacity 7392K, committed 7424K, reserved 1048576K
Event: 22.573 GC heap after
Heap after GC invocations=9 (full 3):
 PSYoungGen      total 582144K, used 8193K [0x00000000d5580000, 0x0000000100000000, 0x0000000100000000)
  eden space 552960K, 0% used [0x00000000d5580000,0x00000000d5580000,0x00000000f7180000)
  from space 29184K, 28% used [0x00000000f8f00000,0x00000000f9700588,0x00000000fab80000)
  to   space 30208K, 0% used [0x00000000f7180000,0x00000000f7180000,0x00000000f8f00000)
 ParOldGen       total 1398272K, used 960932K [0x0000000080000000, 0x00000000d5580000, 0x00000000d5580000)
  object space 1398272K, 68% used [0x0000000080000000,0x00000000baa69350,0x00000000d5580000)
 Metaspace       used 60659K, capacity 62720K, committed 62976K, reserved 1105920K
  class space    used 7017K, capacity 7392K, committed 7424K, reserved 1048576K
}
Event: 22.573 GC heap before
{Heap before GC invocations=10 (full 4):
 PSYoungGen      total 582144K, used 8193K [0x00000000d5580000, 0x0000000100000000, 0x0000000100000000)
  eden space 552960K, 0% used [0x00000000d5580000,0x00000000d5580000,0x00000000f7180000)
  from space 29184K, 28% used [0x00000000f8f00000,0x00000000f9700588,0x00000000fab80000)
  to   space 30208K, 0% used [0x00000000f7180000,0x00000000f7180000,0x00000000f8f00000)
 ParOldGen       total 1398272K, used 960932K [0x0000000080000000, 0x00000000d5580000, 0x00000000d5580000)
  object space 1398272K, 68% used [0x0000000080000000,0x00000000baa69350,0x00000000d5580000)
 Metaspace       used 60659K, capacity 62720K, committed 62976K, reserved 1105920K
  class space    used 7017K, capacity 7392K, committed 7424K, reserved 1048576K
Event: 22.887 GC heap after
Heap after GC invocations=10 (full 4):
 PSYoungGen      total 582144K, used 0K [0x00000000d5580000, 0x0000000100000000, 0x0000000100000000)
  eden space 552960K, 0% used [0x00000000d5580000,0x00000000d5580000,0x00000000f7180000)
  from space 29184K, 0% used [0x00000000f8f00000,0x00000000f8f00000,0x00000000fab80000)
  to   space 30208K, 0% used [0x00000000f7180000,0x00000000f7180000,0x00000000f8f00000)
 ParOldGen       total 1398272K, used 547728K [0x0000000080000000, 0x00000000d5580000, 0x00000000d5580000)
  object space 1398272K, 39% used [0x0000000080000000,0x00000000a16e4260,0x00000000d5580000)
 Metaspace       used 60538K, capacity 62392K, committed 62976K, reserved 1105920K
  class space    used 6975K, capacity 7316K, committed 7424K, reserved 1048576K
}

