# JRE version: OpenJDK Runtime Environment (8.0_212-b04) (build 1.8.0_212-b04)
# Java VM: OpenJDK 64-Bit Server VM (25.212-b04 mixed mode linux-amd64 compressed oops)
Heap:
 PSYoungGen      total 577024K, used 163976K [0x00000000d5580000, 0x0000000100000000, 0x0000000100000000)
  eden space 524800K, 21% used [0x00000000d5580000,0x00000000dc2a4c18,0x00000000f5600000)
  from space 52224K, 99% used [0x00000000f5600000,0x00000000f88fd718,0x00000000f8900000)
  to   space 66048K, 0% used [0x00000000fbf80000,0x00000000fbf80000,0x0000000100000000)
 ParOldGen       total 1398272K, used 54098K [0x0000000080000000, 0x00000000d5580000, 0x00000000d5580000)
  object space 1398272K, 3% used [0x0000000080000000,0x00000000834d4850,0x00000000d5580000)
 Metaspace       used 69043K, capacity 72046K, committed 72320K, reserved 1114112K
  class space    used 7739K, capacity 8269K, committed 8320K, reserved 1048576K
GC Heap History (10 events):
Event: 11.985 GC heap before
{Heap before GC invocations=6 (full 2):
 PSYoungGen      total 611840K, used 100825K [0x00000000d5580000, 0x0000000100000000, 0x0000000100000000)
  eden space 524800K, 13% used [0x00000000d5580000,0x00000000d9cc7c18,0x00000000f5600000)
  from space 87040K, 31% used [0x00000000f5600000,0x00000000f712e9f8,0x00000000fab00000)
  to   space 87040K, 0% used [0x00000000fab00000,0x00000000fab00000,0x0000000100000000)
 ParOldGen       total 1398272K, used 23426K [0x0000000080000000, 0x00000000d5580000, 0x00000000d5580000)
  object space 1398272K, 1% used [0x0000000080000000,0x00000000816e0b78,0x00000000d5580000)
 Metaspace       used 57445K, capacity 58798K, committed 59008K, reserved 1101824K
  class space    used 6658K, capacity 6923K, committed 7040K, reserved 1048576K
Event: 12.010 GC heap after
Heap after GC invocations=6 (full 2):
 PSYoungGen      total 611840K, used 13158K [0x00000000d5580000, 0x0000000100000000, 0x0000000100000000)
  eden space 524800K, 0% used [0x00000000d5580000,0x00000000d5580000,0x00000000f5600000)
  from space 87040K, 15% used [0x00000000fab00000,0x00000000fb7d9850,0x0000000100000000)
  to   space 87040K, 0% used [0x00000000f5600000,0x00000000f5600000,0x00000000fab00000)
 ParOldGen       total 1398272K, used 23426K [0x0000000080000000, 0x00000000d5580000, 0x00000000d5580000)
  object space 1398272K, 1% used [0x0000000080000000,0x00000000816e0b78,0x00000000d5580000)
 Metaspace       used 57445K, capacity 58798K, committed 59008K, reserved 1101824K
  class space    used 6658K, capacity 6923K, committed 7040K, reserved 1048576K
}
Event: 12.010 GC heap before
{Heap before GC invocations=7 (full 3):
 PSYoungGen      total 611840K, used 13158K [0x00000000d5580000, 0x0000000100000000, 0x0000000100000000)
  eden space 524800K, 0% used [0x00000000d5580000,0x00000000d5580000,0x00000000f5600000)
  from space 87040K, 15% used [0x00000000fab00000,0x00000000fb7d9850,0x0000000100000000)
  to   space 87040K, 0% used [0x00000000f5600000,0x00000000f5600000,0x00000000fab00000)
 ParOldGen       total 1398272K, used 23426K [0x0000000080000000, 0x00000000d5580000, 0x00000000d5580000)
  object space 1398272K, 1% used [0x0000000080000000,0x00000000816e0b78,0x00000000d5580000)
 Metaspace       used 57445K, capacity 58798K, committed 59008K, reserved 1101824K
  class space    used 6658K, capacity 6923K, committed 7040K, reserved 1048576K
Event: 12.267 GC heap after
Heap after GC invocations=7 (full 3):
 PSYoungGen      total 611840K, used 0K [0x00000000d5580000, 0x0000000100000000, 0x0000000100000000)
  eden space 524800K, 0% used [0x00000000d5580000,0x00000000d5580000,0x00000000f5600000)
  from space 87040K, 0% used [0x00000000fab00000,0x00000000fab00000,0x0000000100000000)
  to   space 87040K, 0% used [0x00000000f5600000,0x00000000f5600000,0x00000000fab00000)
 ParOldGen       total 1398272K, used 24951K [0x0000000080000000, 0x00000000d5580000, 0x00000000d5580000)
  object space 1398272K, 1% used [0x0000000080000000,0x000000008185dd08,0x00000000d5580000)
 Metaspace       used 57421K, capacity 58736K, committed 59008K, reserved 1101824K
  class space    used 6649K, capacity 6908K, committed 7040K, reserved 1048576K
}
Event: 59.768 GC heap before
{Heap before GC invocations=8 (full 3):
 PSYoungGen      total 611840K, used 524800K [0x00000000d5580000, 0x0000000100000000, 0x0000000100000000)
  eden space 524800K, 100% used [0x00000000d5580000,0x00000000f5600000,0x00000000f5600000)
  from space 87040K, 0% used [0x00000000fab00000,0x00000000fab00000,0x0000000100000000)
  to   space 87040K, 0% used [0x00000000f5600000,0x00000000f5600000,0x00000000fab00000)
 ParOldGen       total 1398272K, used 24951K [0x0000000080000000, 0x00000000d5580000, 0x00000000d5580000)
  object space 1398272K, 1% used [0x0000000080000000,0x000000008185dd08,0x00000000d5580000)
 Metaspace       used 62144K, capacity 64378K, committed 64512K, reserved 1105920K
  class space    used 7152K, capacity 7557K, committed 7680K, reserved 1048576K
Event: 59.848 GC heap after
Heap after GC invocations=8 (full 3):
 PSYoungGen      total 554496K, used 29430K [0x00000000d5580000, 0x00000000fab80000, 0x0000000100000000)
  eden space 524800K, 0% used [0x00000000d5580000,0x00000000d5580000,0x00000000f5600000)
  from space 29696K, 99% used [0x00000000f5600000,0x00000000f72bdb18,0x00000000f7300000)
  to   space 35328K, 0% used [0x00000000f8900000,0x00000000f8900000,0x00000000fab80000)
 ParOldGen       total 1398272K, used 24959K [0x0000000080000000, 0x00000000d5580000, 0x00000000d5580000)
  object space 1398272K, 1% used [0x0000000080000000,0x000000008185fd08,0x00000000d5580000)
 Metaspace       used 62144K, capacity 64378K, committed 64512K, reserved 1105920K
  class space    used 7152K, capacity 7557K, committed 7680K, reserved 1048576K
}
Event: 127.581 GC heap before
{Heap before GC invocations=9 (full 3):
 PSYoungGen      total 554496K, used 554230K [0x00000000d5580000, 0x00000000fab80000, 0x0000000100000000)
  eden space 524800K, 100% used [0x00000000d5580000,0x00000000f5600000,0x00000000f5600000)
  from space 29696K, 99% used [0x00000000f5600000,0x00000000f72bdb18,0x00000000f7300000)
  to   space 35328K, 0% used [0x00000000f8900000,0x00000000f8900000,0x00000000fab80000)
 ParOldGen       total 1398272K, used 24959K [0x0000000080000000, 0x00000000d5580000, 0x00000000d5580000)
  object space 1398272K, 1% used [0x0000000080000000,0x000000008185fd08,0x00000000d5580000)
 Metaspace       used 68130K, capacity 71110K, committed 71296K, reserved 1112064K
  class space    used 7726K, capacity 8257K, committed 8320K, reserved 1048576K
Event: 127.741 GC heap after
Heap after GC invocations=9 (full 3):
 PSYoungGen      total 560128K, used 35318K [0x00000000d5580000, 0x0000000100000000, 0x0000000100000000)
  eden space 524800K, 0% used [0x00000000d5580000,0x00000000d5580000,0x00000000f5600000)
  from space 35328K, 99% used [0x00000000f8900000,0x00000000fab7d838,0x00000000fab80000)
  to   space 52224K, 0% used [0x00000000f5600000,0x00000000f5600000,0x00000000f8900000)
 ParOldGen       total 1398272K, used 45000K [0x0000000080000000, 0x00000000d5580000, 0x00000000d5580000)
  object space 1398272K, 3% used [0x0000000080000000,0x0000000082bf23d0,0x00000000d5580000)
 Metaspace       used 68130K, capacity 71110K, committed 71296K, reserved 1112064K
  class space    used 7726K, capacity 8257K, committed 8320K, reserved 1048576K
}
Event: 193.264 GC heap before
{Heap before GC invocations=10 (full 3):
 PSYoungGen      total 560128K, used 560118K [0x00000000d5580000, 0x0000000100000000, 0x0000000100000000)
  eden space 524800K, 100% used [0x00000000d5580000,0x00000000f5600000,0x00000000f5600000)
  from space 35328K, 99% used [0x00000000f8900000,0x00000000fab7d838,0x00000000fab80000)
  to   space 52224K, 0% used [0x00000000f5600000,0x00000000f5600000,0x00000000f8900000)
 ParOldGen       total 1398272K, used 45000K [0x0000000080000000, 0x00000000d5580000, 0x00000000d5580000)
  object space 1398272K, 3% used [0x0000000080000000,0x0000000082bf23d0,0x00000000d5580000)
 Metaspace       used 68903K, capacity 71906K, committed 72064K, reserved 1114112K
  class space    used 7739K, capacity 8269K, committed 8320K, reserved 1048576K
Event: 193.411 GC heap after
Heap after GC invocations=10 (full 3):
 PSYoungGen      total 577024K, used 52213K [0x00000000d5580000, 0x0000000100000000, 0x0000000100000000)
  eden space 524800K, 0% used [0x00000000d5580000,0x00000000d5580000,0x00000000f5600000)
  from space 52224K, 99% used [0x00000000f5600000,0x00000000f88fd718,0x00000000f8900000)
  to   space 66048K, 0% used [0x00000000fbf80000,0x00000000fbf80000,0x0000000100000000)
 ParOldGen       total 1398272K, used 54098K [0x0000000080000000, 0x00000000d5580000, 0x00000000d5580000)
  object space 1398272K, 3% used [0x0000000080000000,0x00000000834d4850,0x00000000d5580000)
 Metaspace       used 68903K, capacity 71906K, committed 72064K, reserved 1114112K
  class space    used 7739K, capacity 8269K, committed 8320K, reserved 1048576K
}

