# JRE version: OpenJDK Runtime Environment (8.0_212-b04) (build 1.8.0_212-b04)
# Java VM: OpenJDK 64-Bit Server VM (25.212-b04 mixed mode linux-amd64 compressed oops)
Heap:
 PSYoungGen      total 611840K, used 312268K [0x00000000d5580000, 0x0000000100000000, 0x0000000100000000)
  eden space 524800K, 59% used [0x00000000d5580000,0x00000000e8673178,0x00000000f5600000)
  from space 87040K, 0% used [0x00000000f5600000,0x00000000f5600000,0x00000000fab00000)
  to   space 87040K, 0% used [0x00000000fab00000,0x00000000fab00000,0x0000000100000000)
 ParOldGen       total 901632K, used 11913K [0x0000000080000000, 0x00000000b7080000, 0x00000000d5580000)
  object space 901632K, 1% used [0x0000000080000000,0x0000000080ba2718,0x00000000b7080000)
 Metaspace       used 26814K, capacity 27130K, committed 27520K, reserved 1073152K
  class space    used 3003K, capacity 3088K, committed 3200K, reserved 1048576K
GC Heap History (4 events):
Event: 4.006 GC heap before
{Heap before GC invocations=1 (full 0):
 PSYoungGen      total 611840K, used 199426K [0x00000000d5580000, 0x0000000100000000, 0x0000000100000000)
  eden space 524800K, 38% used [0x00000000d5580000,0x00000000e1840ab0,0x00000000f5600000)
  from space 87040K, 0% used [0x00000000fab00000,0x00000000fab00000,0x0000000100000000)
  to   space 87040K, 0% used [0x00000000f5600000,0x00000000f5600000,0x00000000fab00000)
 ParOldGen       total 1398272K, used 0K [0x0000000080000000, 0x00000000d5580000, 0x00000000d5580000)
  object space 1398272K, 0% used [0x0000000080000000,0x0000000080000000,0x00000000d5580000)
 Metaspace       used 20769K, capacity 20984K, committed 21248K, reserved 1069056K
  class space    used 2349K, capacity 2443K, committed 2560K, reserved 1048576K
Event: 4.031 GC heap after
Heap after GC invocations=1 (full 0):
 PSYoungGen      total 611840K, used 12445K [0x00000000d5580000, 0x0000000100000000, 0x0000000100000000)
  eden space 524800K, 0% used [0x00000000d5580000,0x00000000d5580000,0x00000000f5600000)
  from space 87040K, 14% used [0x00000000f5600000,0x00000000f62275d8,0x00000000fab00000)
  to   space 87040K, 0% used [0x00000000fab00000,0x00000000fab00000,0x0000000100000000)
 ParOldGen       total 1398272K, used 80K [0x0000000080000000, 0x00000000d5580000, 0x00000000d5580000)
  object space 1398272K, 0% used [0x0000000080000000,0x0000000080014010,0x00000000d5580000)
 Metaspace       used 20769K, capacity 20984K, committed 21248K, reserved 1069056K
  class space    used 2349K, capacity 2443K, committed 2560K, reserved 1048576K
}
Event: 4.031 GC heap before
{Heap before GC invocations=2 (full 1):
 PSYoungGen      total 611840K, used 12445K [0x00000000d5580000, 0x0000000100000000, 0x0000000100000000)
  eden space 524800K, 0% used [0x00000000d5580000,0x00000000d5580000,0x00000000f5600000)
  from space 87040K, 14% used [0x00000000f5600000,0x00000000f62275d8,0x00000000fab00000)
  to   space 87040K, 0% used [0x00000000fab00000,0x00000000fab00000,0x0000000100000000)
 ParOldGen       total 1398272K, used 80K [0x0000000080000000, 0x00000000d5580000, 0x00000000d5580000)
  object space 1398272K, 0% used [0x0000000080000000,0x0000000080014010,0x00000000d5580000)
 Metaspace       used 20769K, capacity 20984K, committed 21248K, reserved 1069056K
  class space    used 2349K, capacity 2443K, committed 2560K, reserved 1048576K
Event: 4.087 GC heap after
Heap after GC invocations=2 (full 1):
 PSYoungGen      total 611840K, used 0K [0x00000000d5580000, 0x0000000100000000, 0x0000000100000000)
  eden space 524800K, 0% used [0x00000000d5580000,0x00000000d5580000,0x00000000f5600000)
  from space 87040K, 0% used [0x00000000f5600000,0x00000000f5600000,0x00000000fab00000)
  to   space 87040K, 0% used [0x00000000fab00000,0x00000000fab00000,0x0000000100000000)
 ParOldGen       total 901632K, used 11913K [0x0000000080000000, 0x00000000b7080000, 0x00000000d5580000)
  object space 901632K, 1% used [0x0000000080000000,0x0000000080ba2718,0x00000000b7080000)
 Metaspace       used 20769K, capacity 20984K, committed 21248K, reserved 1069056K
  class space    used 2349K, capacity 2443K, committed 2560K, reserved 1048576K
}

