# JRE version: OpenJDK Runtime Environment (8.0_212-b04) (build 1.8.0_212-b04)
# Java VM: OpenJDK 64-Bit Server VM (25.212-b04 mixed mode linux-amd64 compressed oops)
Heap:
 PSYoungGen      total 516608K, used 235974K [0x00000000d5580000, 0x0000000100000000, 0x0000000100000000)
  eden space 414208K, 34% used [0x00000000d5580000,0x00000000de04b888,0x00000000eea00000)
  from space 102400K, 91% used [0x00000000f9c00000,0x00000000ff7a6268,0x0000000100000000)
  to   space 142336K, 0% used [0x00000000eea00000,0x00000000eea00000,0x00000000f7500000)
 ParOldGen       total 1398272K, used 71082K [0x0000000080000000, 0x00000000d5580000, 0x00000000d5580000)
  object space 1398272K, 5% used [0x0000000080000000,0x000000008456aaf8,0x00000000d5580000)
 Metaspace       used 68380K, capacity 71786K, committed 72064K, reserved 1114112K
  class space    used 7668K, capacity 8269K, committed 8320K, reserved 1048576K
GC Heap History (10 events):
Event: 12.397 GC heap before
{Heap before GC invocations=7 (full 3):
 PSYoungGen      total 611840K, used 15317K [0x00000000d5580000, 0x0000000100000000, 0x0000000100000000)
  eden space 524800K, 0% used [0x00000000d5580000,0x00000000d5580000,0x00000000f5600000)
  from space 87040K, 17% used [0x00000000fab00000,0x00000000fb9f5508,0x0000000100000000)
  to   space 87040K, 0% used [0x00000000f5600000,0x00000000f5600000,0x00000000fab00000)
 ParOldGen       total 1398272K, used 23562K [0x0000000080000000, 0x00000000d5580000, 0x00000000d5580000)
  object space 1398272K, 1% used [0x0000000080000000,0x0000000081702a18,0x00000000d5580000)
 Metaspace       used 57465K, capacity 58848K, committed 59028K, reserved 1101824K
  class space    used 6636K, capacity 6902K, committed 6912K, reserved 1048576K
Event: 12.594 GC heap after
Heap after GC invocations=7 (full 3):
 PSYoungGen      total 611840K, used 0K [0x00000000d5580000, 0x0000000100000000, 0x0000000100000000)
  eden space 524800K, 0% used [0x00000000d5580000,0x00000000d5580000,0x00000000f5600000)
  from space 87040K, 0% used [0x00000000fab00000,0x00000000fab00000,0x0000000100000000)
  to   space 87040K, 0% used [0x00000000f5600000,0x00000000f5600000,0x00000000fab00000)
 ParOldGen       total 1398272K, used 27112K [0x0000000080000000, 0x00000000d5580000, 0x00000000d5580000)
  object space 1398272K, 1% used [0x0000000080000000,0x0000000081a7a020,0x00000000d5580000)
 Metaspace       used 57436K, capacity 58780K, committed 59028K, reserved 1101824K
  class space    used 6626K, capacity 6884K, committed 6912K, reserved 1048576K
}
Event: 38.482 GC heap before
{Heap before GC invocations=8 (full 3):
 PSYoungGen      total 611840K, used 522629K [0x00000000d5580000, 0x0000000100000000, 0x0000000100000000)
  eden space 524800K, 99% used [0x00000000d5580000,0x00000000f53e15b8,0x00000000f5600000)
  from space 87040K, 0% used [0x00000000fab00000,0x00000000fab00000,0x0000000100000000)
  to   space 87040K, 0% used [0x00000000f5600000,0x00000000f5600000,0x00000000fab00000)
 ParOldGen       total 1398272K, used 27112K [0x0000000080000000, 0x00000000d5580000, 0x00000000d5580000)
  object space 1398272K, 1% used [0x0000000080000000,0x0000000081a7a020,0x00000000d5580000)
 Metaspace       used 66273K, capacity 69068K, committed 69376K, reserved 1110016K
  class space    used 7553K, capacity 8076K, committed 8192K, reserved 1048576K
Event: 38.632 GC heap after
Heap after GC invocations=8 (full 3):
 PSYoungGen      total 611328K, used 86230K [0x00000000d5580000, 0x00000000fed00000, 0x0000000100000000)
  eden space 524800K, 0% used [0x00000000d5580000,0x00000000d5580000,0x00000000f5600000)
  from space 86528K, 99% used [0x00000000f5600000,0x00000000faa35bf0,0x00000000faa80000)
  to   space 68096K, 0% used [0x00000000faa80000,0x00000000faa80000,0x00000000fed00000)
 ParOldGen       total 1398272K, used 27112K [0x0000000080000000, 0x00000000d5580000, 0x00000000d5580000)
  object space 1398272K, 1% used [0x0000000080000000,0x0000000081a7a020,0x00000000d5580000)
 Metaspace       used 66273K, capacity 69068K, committed 69376K, reserved 1110016K
  class space    used 7553K, capacity 8076K, committed 8192K, reserved 1048576K
}
Event: 45.634 GC heap before
{Heap before GC invocations=9 (full 3):
 PSYoungGen      total 611328K, used 604293K [0x00000000d5580000, 0x00000000fed00000, 0x0000000100000000)
  eden space 524800K, 98% used [0x00000000d5580000,0x00000000f4f6ba40,0x00000000f5600000)
  from space 86528K, 99% used [0x00000000f5600000,0x00000000faa35bf0,0x00000000faa80000)
  to   space 68096K, 0% used [0x00000000faa80000,0x00000000faa80000,0x00000000fed00000)
 ParOldGen       total 1398272K, used 27112K [0x0000000080000000, 0x00000000d5580000, 0x00000000d5580000)
  object space 1398272K, 1% used [0x0000000080000000,0x0000000081a7a020,0x00000000d5580000)
 Metaspace       used 67051K, capacity 70068K, committed 70144K, reserved 1112064K
  class space    used 7595K, capacity 8136K, committed 8192K, reserved 1048576K
Event: 45.734 GC heap after
Heap after GC invocations=9 (full 3):
 PSYoungGen      total 562176K, used 68071K [0x00000000d5580000, 0x0000000100000000, 0x0000000100000000)
  eden space 494080K, 0% used [0x00000000d5580000,0x00000000d5580000,0x00000000f3800000)
  from space 68096K, 99% used [0x00000000faa80000,0x00000000fecf9cc8,0x00000000fed00000)
  to   space 102400K, 0% used [0x00000000f3800000,0x00000000f3800000,0x00000000f9c00000)
 ParOldGen       total 1398272K, used 49274K [0x0000000080000000, 0x00000000d5580000, 0x00000000d5580000)
  object space 1398272K, 3% used [0x0000000080000000,0x000000008301eaf8,0x00000000d5580000)
 Metaspace       used 67051K, capacity 70068K, committed 70144K, reserved 1112064K
  class space    used 7595K, capacity 8136K, committed 8192K, reserved 1048576K
}
Event: 50.557 GC heap before
{Heap before GC invocations=10 (full 3):
 PSYoungGen      total 562176K, used 561733K [0x00000000d5580000, 0x0000000100000000, 0x0000000100000000)
  eden space 494080K, 99% used [0x00000000d5580000,0x00000000f37979c8,0x00000000f3800000)
  from space 68096K, 99% used [0x00000000faa80000,0x00000000fecf9cc8,0x00000000fed00000)
  to   space 102400K, 0% used [0x00000000f3800000,0x00000000f3800000,0x00000000f9c00000)
 ParOldGen       total 1398272K, used 49274K [0x0000000080000000, 0x00000000d5580000, 0x00000000d5580000)
  object space 1398272K, 3% used [0x0000000080000000,0x000000008301eaf8,0x00000000d5580000)
 Metaspace       used 67983K, capacity 71302K, committed 71552K, reserved 1112064K
  class space    used 7655K, capacity 8247K, committed 8320K, reserved 1048576K
Event: 50.703 GC heap after
Heap after GC invocations=10 (full 3):
 PSYoungGen      total 596480K, used 102376K [0x00000000d5580000, 0x0000000100000000, 0x0000000100000000)
  eden space 494080K, 0% used [0x00000000d5580000,0x00000000d5580000,0x00000000f3800000)
  from space 102400K, 99% used [0x00000000f3800000,0x00000000f9bfa2b0,0x00000000f9c00000)
  to   space 102400K, 0% used [0x00000000f9c00000,0x00000000f9c00000,0x0000000100000000)
 ParOldGen       total 1398272K, used 71082K [0x0000000080000000, 0x00000000d5580000, 0x00000000d5580000)
  object space 1398272K, 5% used [0x0000000080000000,0x000000008456aaf8,0x00000000d5580000)
 Metaspace       used 67983K, capacity 71302K, committed 71552K, reserved 1112064K
  class space    used 7655K, capacity 8247K, committed 8320K, reserved 1048576K
}
Event: 53.600 GC heap before
{Heap before GC invocations=11 (full 3):
 PSYoungGen      total 596480K, used 586606K [0x00000000d5580000, 0x0000000100000000, 0x0000000100000000)
  eden space 494080K, 98% used [0x00000000d5580000,0x00000000f2e61620,0x00000000f3800000)
  from space 102400K, 99% used [0x00000000f3800000,0x00000000f9bfa2b0,0x00000000f9c00000)
  to   space 102400K, 0% used [0x00000000f9c00000,0x00000000f9c00000,0x0000000100000000)
 ParOldGen       total 1398272K, used 71082K [0x0000000080000000, 0x00000000d5580000, 0x00000000d5580000)
  object space 1398272K, 5% used [0x0000000080000000,0x000000008456aaf8,0x00000000d5580000)
 Metaspace       used 68321K, capacity 71722K, committed 71808K, reserved 1112064K
  class space    used 7668K, capacity 8269K, committed 8320K, reserved 1048576K
Event: 53.662 GC heap after
Heap after GC invocations=11 (full 3):
 PSYoungGen      total 516608K, used 93848K [0x00000000d5580000, 0x0000000100000000, 0x0000000100000000)
  eden space 414208K, 0% used [0x00000000d5580000,0x00000000d5580000,0x00000000eea00000)
  from space 102400K, 91% used [0x00000000f9c00000,0x00000000ff7a6268,0x0000000100000000)
  to   space 142336K, 0% used [0x00000000eea00000,0x00000000eea00000,0x00000000f7500000)
 ParOldGen       total 1398272K, used 71082K [0x0000000080000000, 0x00000000d5580000, 0x00000000d5580000)
  object space 1398272K, 5% used [0x0000000080000000,0x000000008456aaf8,0x00000000d5580000)
 Metaspace       used 68321K, capacity 71722K, committed 71808K, reserved 1112064K
  class space    used 7668K, capacity 8269K, committed 8320K, reserved 1048576K
}

