# JRE version: OpenJDK Runtime Environment (8.0_212-b04) (build 1.8.0_212-b04)
# Java VM: OpenJDK 64-Bit Server VM (25.212-b04 mixed mode linux-amd64 compressed oops)
Heap:
 PSYoungGen      total 577536K, used 377510K [0x00000000d5580000, 0x0000000100000000, 0x0000000100000000)
  eden space 506880K, 61% used [0x00000000d5580000,0x00000000e8673b00,0x00000000f4480000)
  from space 70656K, 92% used [0x00000000f4480000,0x00000000f8435e10,0x00000000f8980000)
  to   space 81408K, 0% used [0x00000000fb080000,0x00000000fb080000,0x0000000100000000)
 ParOldGen       total 1398272K, used 60172K [0x0000000080000000, 0x00000000d5580000, 0x00000000d5580000)
  object space 1398272K, 4% used [0x0000000080000000,0x0000000083ac3288,0x00000000d5580000)
 Metaspace       used 73386K, capacity 76602K, committed 76800K, reserved 1118208K
  class space    used 8054K, capacity 8611K, committed 8704K, reserved 1048576K
GC Heap History (10 events):
Event: 12.323 GC heap before
{Heap before GC invocations=6 (full 2):
 PSYoungGen      total 611840K, used 183807K [0x00000000d5580000, 0x0000000100000000, 0x0000000100000000)
  eden space 524800K, 29% used [0x00000000d5580000,0x00000000dee6f210,0x00000000f5600000)
  from space 87040K, 31% used [0x00000000f5600000,0x00000000f70909f0,0x00000000fab00000)
  to   space 87040K, 0% used [0x00000000fab00000,0x00000000fab00000,0x0000000100000000)
 ParOldGen       total 1398272K, used 23782K [0x0000000080000000, 0x00000000d5580000, 0x00000000d5580000)
  object space 1398272K, 1% used [0x0000000080000000,0x0000000081739a48,0x00000000d5580000)
 Metaspace       used 57402K, capacity 58786K, committed 59008K, reserved 1101824K
  class space    used 6638K, capacity 6921K, committed 7040K, reserved 1048576K
Event: 12.357 GC heap after
Heap after GC invocations=6 (full 2):
 PSYoungGen      total 611840K, used 19153K [0x00000000d5580000, 0x0000000100000000, 0x0000000100000000)
  eden space 524800K, 0% used [0x00000000d5580000,0x00000000d5580000,0x00000000f5600000)
  from space 87040K, 22% used [0x00000000fab00000,0x00000000fbdb44d8,0x0000000100000000)
  to   space 87040K, 0% used [0x00000000f5600000,0x00000000f5600000,0x00000000fab00000)
 ParOldGen       total 1398272K, used 23790K [0x0000000080000000, 0x00000000d5580000, 0x00000000d5580000)
  object space 1398272K, 1% used [0x0000000080000000,0x000000008173ba48,0x00000000d5580000)
 Metaspace       used 57402K, capacity 58786K, committed 59008K, reserved 1101824K
  class space    used 6638K, capacity 6921K, committed 7040K, reserved 1048576K
}
Event: 12.357 GC heap before
{Heap before GC invocations=7 (full 3):
 PSYoungGen      total 611840K, used 19153K [0x00000000d5580000, 0x0000000100000000, 0x0000000100000000)
  eden space 524800K, 0% used [0x00000000d5580000,0x00000000d5580000,0x00000000f5600000)
  from space 87040K, 22% used [0x00000000fab00000,0x00000000fbdb44d8,0x0000000100000000)
  to   space 87040K, 0% used [0x00000000f5600000,0x00000000f5600000,0x00000000fab00000)
 ParOldGen       total 1398272K, used 23790K [0x0000000080000000, 0x00000000d5580000, 0x00000000d5580000)
  object space 1398272K, 1% used [0x0000000080000000,0x000000008173ba48,0x00000000d5580000)
 Metaspace       used 57402K, capacity 58786K, committed 59008K, reserved 1101824K
  class space    used 6638K, capacity 6921K, committed 7040K, reserved 1048576K
Event: 12.619 GC heap after
Heap after GC invocations=7 (full 3):
 PSYoungGen      total 611840K, used 0K [0x00000000d5580000, 0x0000000100000000, 0x0000000100000000)
  eden space 524800K, 0% used [0x00000000d5580000,0x00000000d5580000,0x00000000f5600000)
  from space 87040K, 0% used [0x00000000fab00000,0x00000000fab00000,0x0000000100000000)
  to   space 87040K, 0% used [0x00000000f5600000,0x00000000f5600000,0x00000000fab00000)
 ParOldGen       total 1398272K, used 30878K [0x0000000080000000, 0x00000000d5580000, 0x00000000d5580000)
  object space 1398272K, 2% used [0x0000000080000000,0x0000000081e27848,0x00000000d5580000)
 Metaspace       used 57353K, capacity 58664K, committed 59008K, reserved 1101824K
  class space    used 6623K, capacity 6894K, committed 7040K, reserved 1048576K
}
Event: 35.545 GC heap before
{Heap before GC invocations=8 (full 3):
 PSYoungGen      total 611840K, used 524800K [0x00000000d5580000, 0x0000000100000000, 0x0000000100000000)
  eden space 524800K, 100% used [0x00000000d5580000,0x00000000f5600000,0x00000000f5600000)
  from space 87040K, 0% used [0x00000000fab00000,0x00000000fab00000,0x0000000100000000)
  to   space 87040K, 0% used [0x00000000f5600000,0x00000000f5600000,0x00000000fab00000)
 ParOldGen       total 1398272K, used 30878K [0x0000000080000000, 0x00000000d5580000, 0x00000000d5580000)
  object space 1398272K, 2% used [0x0000000080000000,0x0000000081e27848,0x00000000d5580000)
 Metaspace       used 69990K, capacity 72732K, committed 72960K, reserved 1114112K
  class space    used 7927K, capacity 8420K, committed 8448K, reserved 1048576K
Event: 35.647 GC heap after
Heap after GC invocations=8 (full 3):
 PSYoungGen      total 577536K, used 52484K [0x00000000d5580000, 0x00000000fb400000, 0x0000000100000000)
  eden space 524800K, 0% used [0x00000000d5580000,0x00000000d5580000,0x00000000f5600000)
  from space 52736K, 99% used [0x00000000f5600000,0x00000000f8941238,0x00000000f8980000)
  to   space 43520K, 0% used [0x00000000f8980000,0x00000000f8980000,0x00000000fb400000)
 ParOldGen       total 1398272K, used 30886K [0x0000000080000000, 0x00000000d5580000, 0x00000000d5580000)
  object space 1398272K, 2% used [0x0000000080000000,0x0000000081e29848,0x00000000d5580000)
 Metaspace       used 69990K, capacity 72732K, committed 72960K, reserved 1114112K
  class space    used 7927K, capacity 8420K, committed 8448K, reserved 1048576K
}
Event: 41.956 GC heap before
{Heap before GC invocations=9 (full 3):
 PSYoungGen      total 577536K, used 576292K [0x00000000d5580000, 0x00000000fb400000, 0x0000000100000000)
  eden space 524800K, 99% used [0x00000000d5580000,0x00000000f5507fa0,0x00000000f5600000)
  from space 52736K, 99% used [0x00000000f5600000,0x00000000f8941238,0x00000000f8980000)
  to   space 43520K, 0% used [0x00000000f8980000,0x00000000f8980000,0x00000000fb400000)
 ParOldGen       total 1398272K, used 30886K [0x0000000080000000, 0x00000000d5580000, 0x00000000d5580000)
  object space 1398272K, 2% used [0x0000000080000000,0x0000000081e29848,0x00000000d5580000)
 Metaspace       used 72039K, capacity 74944K, committed 75136K, reserved 1116160K
  class space    used 7991K, capacity 8508K, committed 8576K, reserved 1048576K
Event: 42.023 GC heap after
Heap after GC invocations=9 (full 3):
 PSYoungGen      total 550400K, used 43506K [0x00000000d5580000, 0x0000000100000000, 0x0000000100000000)
  eden space 506880K, 0% used [0x00000000d5580000,0x00000000d5580000,0x00000000f4480000)
  from space 43520K, 99% used [0x00000000f8980000,0x00000000fb3fcbd8,0x00000000fb400000)
  to   space 70656K, 0% used [0x00000000f4480000,0x00000000f4480000,0x00000000f8980000)
 ParOldGen       total 1398272K, used 60172K [0x0000000080000000, 0x00000000d5580000, 0x00000000d5580000)
  object space 1398272K, 4% used [0x0000000080000000,0x0000000083ac3288,0x00000000d5580000)
 Metaspace       used 72039K, capacity 74944K, committed 75136K, reserved 1116160K
  class space    used 7991K, capacity 8508K, committed 8576K, reserved 1048576K
}
Event: 45.822 GC heap before
{Heap before GC invocations=10 (full 3):
 PSYoungGen      total 550400K, used 539453K [0x00000000d5580000, 0x0000000100000000, 0x0000000100000000)
  eden space 506880K, 97% used [0x00000000d5580000,0x00000000f39d2910,0x00000000f4480000)
  from space 43520K, 99% used [0x00000000f8980000,0x00000000fb3fcbd8,0x00000000fb400000)
  to   space 70656K, 0% used [0x00000000f4480000,0x00000000f4480000,0x00000000f8980000)
 ParOldGen       total 1398272K, used 60172K [0x0000000080000000, 0x00000000d5580000, 0x00000000d5580000)
  object space 1398272K, 4% used [0x0000000080000000,0x0000000083ac3288,0x00000000d5580000)
 Metaspace       used 72883K, capacity 76076K, committed 76288K, reserved 1116160K
  class space    used 8047K, capacity 8602K, committed 8704K, reserved 1048576K
Event: 45.860 GC heap after
Heap after GC invocations=10 (full 3):
 PSYoungGen      total 577536K, used 65239K [0x00000000d5580000, 0x0000000100000000, 0x0000000100000000)
  eden space 506880K, 0% used [0x00000000d5580000,0x00000000d5580000,0x00000000f4480000)
  from space 70656K, 92% used [0x00000000f4480000,0x00000000f8435e10,0x00000000f8980000)
  to   space 81408K, 0% used [0x00000000fb080000,0x00000000fb080000,0x0000000100000000)
 ParOldGen       total 1398272K, used 60172K [0x0000000080000000, 0x00000000d5580000, 0x00000000d5580000)
  object space 1398272K, 4% used [0x0000000080000000,0x0000000083ac3288,0x00000000d5580000)
 Metaspace       used 72883K, capacity 76076K, committed 76288K, reserved 1116160K
  class space    used 8047K, capacity 8602K, committed 8704K, reserved 1048576K
}

