# JRE version: OpenJDK Runtime Environment (8.0_212-b04) (build 1.8.0_212-b04)
# Java VM: OpenJDK 64-Bit Server VM (25.212-b04 mixed mode linux-amd64 compressed oops)
Heap:
 PSYoungGen      total 611840K, used 282790K [0x00000000d5580000, 0x0000000100000000, 0x0000000100000000)
  eden space 524800K, 53% used [0x00000000d5580000,0x00000000e69a98f8,0x00000000f5600000)
  from space 87040K, 0% used [0x00000000f5600000,0x00000000f5600000,0x00000000fab00000)
  to   space 87040K, 0% used [0x00000000fab00000,0x00000000fab00000,0x0000000100000000)
 ParOldGen       total 1398272K, used 45226K [0x0000000080000000, 0x00000000d5580000, 0x00000000d5580000)
  object space 1398272K, 3% used [0x0000000080000000,0x0000000082c2abb0,0x00000000d5580000)
 Metaspace       used 66427K, capacity 71552K, committed 71808K, reserved 1112064K
  class space    used 7871K, capacity 8774K, committed 8832K, reserved 1048576K
GC Heap History (10 events):
Event: 2.324 GC heap before
{Heap before GC invocations=2 (full 1):
 PSYoungGen      total 611840K, used 14343K [0x00000000d5580000, 0x0000000100000000, 0x0000000100000000)
  eden space 524800K, 0% used [0x00000000d5580000,0x00000000d5580000,0x00000000f5600000)
  from space 87040K, 16% used [0x00000000f5600000,0x00000000f6401db0,0x00000000fab00000)
  to   space 87040K, 0% used [0x00000000fab00000,0x00000000fab00000,0x0000000100000000)
 ParOldGen       total 1398272K, used 80K [0x0000000080000000, 0x00000000d5580000, 0x00000000d5580000)
  object space 1398272K, 0% used [0x0000000080000000,0x0000000080014010,0x00000000d5580000)
 Metaspace       used 20816K, capacity 21106K, committed 21248K, reserved 1069056K
  class space    used 2364K, capacity 2482K, committed 2560K, reserved 1048576K
Event: 2.406 GC heap after
Heap after GC invocations=2 (full 1):
 PSYoungGen      total 611840K, used 0K [0x00000000d5580000, 0x0000000100000000, 0x0000000100000000)
  eden space 524800K, 0% used [0x00000000d5580000,0x00000000d5580000,0x00000000f5600000)
  from space 87040K, 0% used [0x00000000f5600000,0x00000000f5600000,0x00000000fab00000)
  to   space 87040K, 0% used [0x00000000fab00000,0x00000000fab00000,0x0000000100000000)
 ParOldGen       total 873472K, used 13776K [0x0000000080000000, 0x00000000b5500000, 0x00000000d5580000)
  object space 873472K, 1% used [0x0000000080000000,0x0000000080d741c8,0x00000000b5500000)
 Metaspace       used 20816K, capacity 21106K, committed 21248K, reserved 1069056K
  class space    used 2364K, capacity 2482K, committed 2560K, reserved 1048576K
}
Event: 5.044 GC heap before
{Heap before GC invocations=3 (full 1):
 PSYoungGen      total 611840K, used 413554K [0x00000000d5580000, 0x0000000100000000, 0x0000000100000000)
  eden space 524800K, 78% used [0x00000000d5580000,0x00000000ee95cbf0,0x00000000f5600000)
  from space 87040K, 0% used [0x00000000f5600000,0x00000000f5600000,0x00000000fab00000)
  to   space 87040K, 0% used [0x00000000fab00000,0x00000000fab00000,0x0000000100000000)
 ParOldGen       total 873472K, used 13776K [0x0000000080000000, 0x00000000b5500000, 0x00000000d5580000)
  object space 873472K, 1% used [0x0000000080000000,0x0000000080d741c8,0x00000000b5500000)
 Metaspace       used 34831K, capacity 35182K, committed 35416K, reserved 1081344K
  class space    used 3972K, capacity 4091K, committed 4096K, reserved 1048576K
Event: 5.078 GC heap after
Heap after GC invocations=3 (full 1):
 PSYoungGen      total 611840K, used 19204K [0x00000000d5580000, 0x0000000100000000, 0x0000000100000000)
  eden space 524800K, 0% used [0x00000000d5580000,0x00000000d5580000,0x00000000f5600000)
  from space 87040K, 22% used [0x00000000fab00000,0x00000000fbdc1338,0x0000000100000000)
  to   space 87040K, 0% used [0x00000000f5600000,0x00000000f5600000,0x00000000fab00000)
 ParOldGen       total 873472K, used 13776K [0x0000000080000000, 0x00000000b5500000, 0x00000000d5580000)
  object space 873472K, 1% used [0x0000000080000000,0x0000000080d741c8,0x00000000b5500000)
 Metaspace       used 34831K, capacity 35182K, committed 35416K, reserved 1081344K
  class space    used 3972K, capacity 4091K, committed 4096K, reserved 1048576K
}
Event: 5.078 GC heap before
{Heap before GC invocations=4 (full 2):
 PSYoungGen      total 611840K, used 19204K [0x00000000d5580000, 0x0000000100000000, 0x0000000100000000)
  eden space 524800K, 0% used [0x00000000d5580000,0x00000000d5580000,0x00000000f5600000)
  from space 87040K, 22% used [0x00000000fab00000,0x00000000fbdc1338,0x0000000100000000)
  to   space 87040K, 0% used [0x00000000f5600000,0x00000000f5600000,0x00000000fab00000)
 ParOldGen       total 873472K, used 13776K [0x0000000080000000, 0x00000000b5500000, 0x00000000d5580000)
  object space 873472K, 1% used [0x0000000080000000,0x0000000080d741c8,0x00000000b5500000)
 Metaspace       used 34831K, capacity 35182K, committed 35416K, reserved 1081344K
  class space    used 3972K, capacity 4091K, committed 4096K, reserved 1048576K
Event: 5.170 GC heap after
Heap after GC invocations=4 (full 2):
 PSYoungGen      total 611840K, used 0K [0x00000000d5580000, 0x0000000100000000, 0x0000000100000000)
  eden space 524800K, 0% used [0x00000000d5580000,0x00000000d5580000,0x00000000f5600000)
  from space 87040K, 0% used [0x00000000fab00000,0x00000000fab00000,0x0000000100000000)
  to   space 87040K, 0% used [0x00000000f5600000,0x00000000f5600000,0x00000000fab00000)
 ParOldGen       total 1398272K, used 23625K [0x0000000080000000, 0x00000000d5580000, 0x00000000d5580000)
  object space 1398272K, 1% used [0x0000000080000000,0x0000000081712410,0x00000000d5580000)
 Metaspace       used 34831K, capacity 35182K, committed 35416K, reserved 1081344K
  class space    used 3972K, capacity 4091K, committed 4096K, reserved 1048576K
}
Event: 12.212 GC heap before
{Heap before GC invocations=5 (full 2):
 PSYoungGen      total 611840K, used 476751K [0x00000000d5580000, 0x0000000100000000, 0x0000000100000000)
  eden space 524800K, 90% used [0x00000000d5580000,0x00000000f2713cc0,0x00000000f5600000)
  from space 87040K, 0% used [0x00000000fab00000,0x00000000fab00000,0x0000000100000000)
  to   space 87040K, 0% used [0x00000000f5600000,0x00000000f5600000,0x00000000fab00000)
 ParOldGen       total 1398272K, used 23625K [0x0000000080000000, 0x00000000d5580000, 0x00000000d5580000)
  object space 1398272K, 1% used [0x0000000080000000,0x0000000081712410,0x00000000d5580000)
 Metaspace       used 57389K, capacity 58906K, committed 59008K, reserved 1101824K
  class space    used 6652K, capacity 6945K, committed 7040K, reserved 1048576K
Event: 12.295 GC heap after
Heap after GC invocations=5 (full 2):
 PSYoungGen      total 611840K, used 34836K [0x00000000d5580000, 0x0000000100000000, 0x0000000100000000)
  eden space 524800K, 0% used [0x00000000d5580000,0x00000000d5580000,0x00000000f5600000)
  from space 87040K, 40% used [0x00000000f5600000,0x00000000f7805220,0x00000000fab00000)
  to   space 87040K, 0% used [0x00000000fab00000,0x00000000fab00000,0x0000000100000000)
 ParOldGen       total 1398272K, used 23633K [0x0000000080000000, 0x00000000d5580000, 0x00000000d5580000)
  object space 1398272K, 1% used [0x0000000080000000,0x0000000081714410,0x00000000d5580000)
 Metaspace       used 57389K, capacity 58906K, committed 59008K, reserved 1101824K
  class space    used 6652K, capacity 6945K, committed 7040K, reserved 1048576K
}
Event: 12.296 GC heap before
{Heap before GC invocations=6 (full 3):
 PSYoungGen      total 611840K, used 34836K [0x00000000d5580000, 0x0000000100000000, 0x0000000100000000)
  eden space 524800K, 0% used [0x00000000d5580000,0x00000000d5580000,0x00000000f5600000)
  from space 87040K, 40% used [0x00000000f5600000,0x00000000f7805220,0x00000000fab00000)
  to   space 87040K, 0% used [0x00000000fab00000,0x00000000fab00000,0x0000000100000000)
 ParOldGen       total 1398272K, used 23633K [0x0000000080000000, 0x00000000d5580000, 0x00000000d5580000)
  object space 1398272K, 1% used [0x0000000080000000,0x0000000081714410,0x00000000d5580000)
 Metaspace       used 57389K, capacity 58906K, committed 59008K, reserved 1101824K
  class space    used 6652K, capacity 6945K, committed 7040K, reserved 1048576K
Event: 12.603 GC heap after
Heap after GC invocations=6 (full 3):
 PSYoungGen      total 611840K, used 0K [0x00000000d5580000, 0x0000000100000000, 0x0000000100000000)
  eden space 524800K, 0% used [0x00000000d5580000,0x00000000d5580000,0x00000000f5600000)
  from space 87040K, 0% used [0x00000000f5600000,0x00000000f5600000,0x00000000fab00000)
  to   space 87040K, 0% used [0x00000000fab00000,0x00000000fab00000,0x0000000100000000)
 ParOldGen       total 1398272K, used 45226K [0x0000000080000000, 0x00000000d5580000, 0x00000000d5580000)
  object space 1398272K, 3% used [0x0000000080000000,0x0000000082c2abb0,0x00000000d5580000)
 Metaspace       used 57270K, capacity 58600K, committed 59008K, reserved 1101824K
  class space    used 6615K, capacity 6880K, committed 7040K, reserved 1048576K
}

