# JRE version: OpenJDK Runtime Environment (8.0_212-b04) (build 1.8.0_212-b04)
# Java VM: OpenJDK 64-Bit Server VM (25.212-b04 mixed mode linux-amd64 compressed oops)
Heap:
 PSYoungGen      total 611840K, used 520608K [0x00000000d5580000, 0x0000000100000000, 0x0000000100000000)
  eden space 524800K, 99% used [0x00000000d5580000,0x00000000f51e8018,0x00000000f5600000)
  from space 87040K, 0% used [0x00000000fab00000,0x00000000fab00000,0x0000000100000000)
  to   space 87040K, 0% used [0x00000000f5600000,0x00000000f5600000,0x00000000fab00000)
 ParOldGen       total 1398272K, used 31642K [0x0000000080000000, 0x00000000d5580000, 0x00000000d5580000)
  object space 1398272K, 2% used [0x0000000080000000,0x0000000081ee6b30,0x00000000d5580000)
 Metaspace       used 66614K, capacity 69619K, committed 69888K, reserved 1112064K
  class space    used 7563K, capacity 8084K, committed 8192K, reserved 1048576K
GC Heap History (10 events):
Event: 5.002 GC heap before
{Heap before GC invocations=3 (full 1):
 PSYoungGen      total 611840K, used 477653K [0x00000000d5580000, 0x0000000100000000, 0x0000000100000000)
  eden space 524800K, 91% used [0x00000000d5580000,0x00000000f27f5578,0x00000000f5600000)
  from space 87040K, 0% used [0x00000000f5600000,0x00000000f5600000,0x00000000fab00000)
  to   space 87040K, 0% used [0x00000000fab00000,0x00000000fab00000,0x0000000100000000)
 ParOldGen       total 863744K, used 14311K [0x0000000080000000, 0x00000000b4b80000, 0x00000000d5580000)
  object space 863744K, 1% used [0x0000000080000000,0x0000000080df9f40,0x00000000b4b80000)
 Metaspace       used 34684K, capacity 35028K, committed 35416K, reserved 1081344K
  class space    used 3964K, capacity 4060K, committed 4096K, reserved 1048576K
Event: 5.036 GC heap after
Heap after GC invocations=3 (full 1):
 PSYoungGen      total 611840K, used 18982K [0x00000000d5580000, 0x0000000100000000, 0x0000000100000000)
  eden space 524800K, 0% used [0x00000000d5580000,0x00000000d5580000,0x00000000f5600000)
  from space 87040K, 21% used [0x00000000fab00000,0x00000000fbd89978,0x0000000100000000)
  to   space 87040K, 0% used [0x00000000f5600000,0x00000000f5600000,0x00000000fab00000)
 ParOldGen       total 863744K, used 14311K [0x0000000080000000, 0x00000000b4b80000, 0x00000000d5580000)
  object space 863744K, 1% used [0x0000000080000000,0x0000000080df9f40,0x00000000b4b80000)
 Metaspace       used 34684K, capacity 35028K, committed 35416K, reserved 1081344K
  class space    used 3964K, capacity 4060K, committed 4096K, reserved 1048576K
}
Event: 5.036 GC heap before
{Heap before GC invocations=4 (full 2):
 PSYoungGen      total 611840K, used 18982K [0x00000000d5580000, 0x0000000100000000, 0x0000000100000000)
  eden space 524800K, 0% used [0x00000000d5580000,0x00000000d5580000,0x00000000f5600000)
  from space 87040K, 21% used [0x00000000fab00000,0x00000000fbd89978,0x0000000100000000)
  to   space 87040K, 0% used [0x00000000f5600000,0x00000000f5600000,0x00000000fab00000)
 ParOldGen       total 863744K, used 14311K [0x0000000080000000, 0x00000000b4b80000, 0x00000000d5580000)
  object space 863744K, 1% used [0x0000000080000000,0x0000000080df9f40,0x00000000b4b80000)
 Metaspace       used 34684K, capacity 35028K, committed 35416K, reserved 1081344K
  class space    used 3964K, capacity 4060K, committed 4096K, reserved 1048576K
Event: 5.134 GC heap after
Heap after GC invocations=4 (full 2):
 PSYoungGen      total 611840K, used 0K [0x00000000d5580000, 0x0000000100000000, 0x0000000100000000)
  eden space 524800K, 0% used [0x00000000d5580000,0x00000000d5580000,0x00000000f5600000)
  from space 87040K, 0% used [0x00000000fab00000,0x00000000fab00000,0x0000000100000000)
  to   space 87040K, 0% used [0x00000000f5600000,0x00000000f5600000,0x00000000fab00000)
 ParOldGen       total 1398272K, used 23510K [0x0000000080000000, 0x00000000d5580000, 0x00000000d5580000)
  object space 1398272K, 1% used [0x0000000080000000,0x00000000816f5a70,0x00000000d5580000)
 Metaspace       used 34684K, capacity 35028K, committed 35416K, reserved 1081344K
  class space    used 3964K, capacity 4060K, committed 4096K, reserved 1048576K
}
Event: 11.744 GC heap before
{Heap before GC invocations=5 (full 2):
 PSYoungGen      total 611840K, used 524800K [0x00000000d5580000, 0x0000000100000000, 0x0000000100000000)
  eden space 524800K, 100% used [0x00000000d5580000,0x00000000f5600000,0x00000000f5600000)
  from space 87040K, 0% used [0x00000000fab00000,0x00000000fab00000,0x0000000100000000)
  to   space 87040K, 0% used [0x00000000f5600000,0x00000000f5600000,0x00000000fab00000)
 ParOldGen       total 1398272K, used 23510K [0x0000000080000000, 0x00000000d5580000, 0x00000000d5580000)
  object space 1398272K, 1% used [0x0000000080000000,0x00000000816f5a70,0x00000000d5580000)
 Metaspace       used 52640K, capacity 53950K, committed 54144K, reserved 1097728K
  class space    used 6183K, capacity 6413K, committed 6528K, reserved 1048576K
Event: 11.815 GC heap after
Heap after GC invocations=5 (full 2):
 PSYoungGen      total 611840K, used 26311K [0x00000000d5580000, 0x0000000100000000, 0x0000000100000000)
  eden space 524800K, 0% used [0x00000000d5580000,0x00000000d5580000,0x00000000f5600000)
  from space 87040K, 30% used [0x00000000f5600000,0x00000000f6fb1df8,0x00000000fab00000)
  to   space 87040K, 0% used [0x00000000fab00000,0x00000000fab00000,0x0000000100000000)
 ParOldGen       total 1398272K, used 23518K [0x0000000080000000, 0x00000000d5580000, 0x00000000d5580000)
  object space 1398272K, 1% used [0x0000000080000000,0x00000000816f7a70,0x00000000d5580000)
 Metaspace       used 52640K, capacity 53950K, committed 54144K, reserved 1097728K
  class space    used 6183K, capacity 6413K, committed 6528K, reserved 1048576K
}
Event: 12.600 GC heap before
{Heap before GC invocations=6 (full 2):
 PSYoungGen      total 611840K, used 200180K [0x00000000d5580000, 0x0000000100000000, 0x0000000100000000)
  eden space 524800K, 33% used [0x00000000d5580000,0x00000000dff4b3a0,0x00000000f5600000)
  from space 87040K, 30% used [0x00000000f5600000,0x00000000f6fb1df8,0x00000000fab00000)
  to   space 87040K, 0% used [0x00000000fab00000,0x00000000fab00000,0x0000000100000000)
 ParOldGen       total 1398272K, used 23518K [0x0000000080000000, 0x00000000d5580000, 0x00000000d5580000)
  object space 1398272K, 1% used [0x0000000080000000,0x00000000816f7a70,0x00000000d5580000)
 Metaspace       used 57493K, capacity 58809K, committed 59028K, reserved 1101824K
  class space    used 6652K, capacity 6912K, committed 6912K, reserved 1048576K
Event: 12.635 GC heap after
Heap after GC invocations=6 (full 2):
 PSYoungGen      total 611840K, used 20149K [0x00000000d5580000, 0x0000000100000000, 0x0000000100000000)
  eden space 524800K, 0% used [0x00000000d5580000,0x00000000d5580000,0x00000000f5600000)
  from space 87040K, 23% used [0x00000000fab00000,0x00000000fbead7f0,0x0000000100000000)
  to   space 87040K, 0% used [0x00000000f5600000,0x00000000f5600000,0x00000000fab00000)
 ParOldGen       total 1398272K, used 23526K [0x0000000080000000, 0x00000000d5580000, 0x00000000d5580000)
  object space 1398272K, 1% used [0x0000000080000000,0x00000000816f9a70,0x00000000d5580000)
 Metaspace       used 57493K, capacity 58809K, committed 59028K, reserved 1101824K
  class space    used 6652K, capacity 6912K, committed 6912K, reserved 1048576K
}
Event: 12.636 GC heap before
{Heap before GC invocations=7 (full 3):
 PSYoungGen      total 611840K, used 20149K [0x00000000d5580000, 0x0000000100000000, 0x0000000100000000)
  eden space 524800K, 0% used [0x00000000d5580000,0x00000000d5580000,0x00000000f5600000)
  from space 87040K, 23% used [0x00000000fab00000,0x00000000fbead7f0,0x0000000100000000)
  to   space 87040K, 0% used [0x00000000f5600000,0x00000000f5600000,0x00000000fab00000)
 ParOldGen       total 1398272K, used 23526K [0x0000000080000000, 0x00000000d5580000, 0x00000000d5580000)
  object space 1398272K, 1% used [0x0000000080000000,0x00000000816f9a70,0x00000000d5580000)
 Metaspace       used 57493K, capacity 58809K, committed 59028K, reserved 1101824K
  class space    used 6652K, capacity 6912K, committed 6912K, reserved 1048576K
Event: 12.910 GC heap after
Heap after GC invocations=7 (full 3):
 PSYoungGen      total 611840K, used 0K [0x00000000d5580000, 0x0000000100000000, 0x0000000100000000)
  eden space 524800K, 0% used [0x00000000d5580000,0x00000000d5580000,0x00000000f5600000)
  from space 87040K, 0% used [0x00000000fab00000,0x00000000fab00000,0x0000000100000000)
  to   space 87040K, 0% used [0x00000000f5600000,0x00000000f5600000,0x00000000fab00000)
 ParOldGen       total 1398272K, used 31642K [0x0000000080000000, 0x00000000d5580000, 0x00000000d5580000)
  object space 1398272K, 2% used [0x0000000080000000,0x0000000081ee6b30,0x00000000d5580000)
 Metaspace       used 57467K, capacity 58753K, committed 59028K, reserved 1101824K
  class space    used 6645K, capacity 6900K, committed 6912K, reserved 1048576K
}

