# JRE version: OpenJDK Runtime Environment (8.0_212-b04) (build 1.8.0_212-b04)
# Java VM: OpenJDK 64-Bit Server VM (25.212-b04 mixed mode linux-amd64 compressed oops)
Heap:
 PSYoungGen      total 611840K, used 85113K [0x00000000d5580000, 0x0000000100000000, 0x0000000100000000)
  eden space 524800K, 10% used [0x00000000d5580000,0x00000000d8a9b6d0,0x00000000f5600000)
  from space 87040K, 35% used [0x00000000f5600000,0x00000000f7402f60,0x00000000fab00000)
  to   space 87040K, 0% used [0x00000000fab00000,0x00000000fab00000,0x0000000100000000)
 ParOldGen       total 1398272K, used 23320K [0x0000000080000000, 0x00000000d5580000, 0x00000000d5580000)
  object space 1398272K, 1% used [0x0000000080000000,0x00000000816c6248,0x00000000d5580000)
 Metaspace       used 55953K, capacity 57546K, committed 57856K, reserved 1099776K
  class space    used 6507K, capacity 6799K, committed 6912K, reserved 1048576K
GC Heap History (10 events):
Event: 2.077 GC heap before
{Heap before GC invocations=1 (full 0):
 PSYoungGen      total 611840K, used 220432K [0x00000000d5580000, 0x0000000100000000, 0x0000000100000000)
  eden space 524800K, 42% used [0x00000000d5580000,0x00000000e2cc4288,0x00000000f5600000)
  from space 87040K, 0% used [0x00000000fab00000,0x00000000fab00000,0x0000000100000000)
  to   space 87040K, 0% used [0x00000000f5600000,0x00000000f5600000,0x00000000fab00000)
 ParOldGen       total 1398272K, used 0K [0x0000000080000000, 0x00000000d5580000, 0x00000000d5580000)
  object space 1398272K, 0% used [0x0000000080000000,0x0000000080000000,0x00000000d5580000)
 Metaspace       used 20742K, capacity 21002K, committed 21248K, reserved 1069056K
  class space    used 2407K, capacity 2495K, committed 2560K, reserved 1048576K
Event: 2.132 GC heap after
Heap after GC invocations=1 (full 0):
 PSYoungGen      total 611840K, used 17650K [0x00000000d5580000, 0x0000000100000000, 0x0000000100000000)
  eden space 524800K, 0% used [0x00000000d5580000,0x00000000d5580000,0x00000000f5600000)
  from space 87040K, 20% used [0x00000000f5600000,0x00000000f673cad8,0x00000000fab00000)
  to   space 87040K, 0% used [0x00000000fab00000,0x00000000fab00000,0x0000000100000000)
 ParOldGen       total 1398272K, used 8K [0x0000000080000000, 0x00000000d5580000, 0x00000000d5580000)
  object space 1398272K, 0% used [0x0000000080000000,0x0000000080002000,0x00000000d5580000)
 Metaspace       used 20742K, capacity 21002K, committed 21248K, reserved 1069056K
  class space    used 2407K, capacity 2495K, committed 2560K, reserved 1048576K
}
Event: 2.132 GC heap before
{Heap before GC invocations=2 (full 1):
 PSYoungGen      total 611840K, used 17650K [0x00000000d5580000, 0x0000000100000000, 0x0000000100000000)
  eden space 524800K, 0% used [0x00000000d5580000,0x00000000d5580000,0x00000000f5600000)
  from space 87040K, 20% used [0x00000000f5600000,0x00000000f673cad8,0x00000000fab00000)
  to   space 87040K, 0% used [0x00000000fab00000,0x00000000fab00000,0x0000000100000000)
 ParOldGen       total 1398272K, used 8K [0x0000000080000000, 0x00000000d5580000, 0x00000000d5580000)
  object space 1398272K, 0% used [0x0000000080000000,0x0000000080002000,0x00000000d5580000)
 Metaspace       used 20742K, capacity 21002K, committed 21248K, reserved 1069056K
  class space    used 2407K, capacity 2495K, committed 2560K, reserved 1048576K
Event: 2.241 GC heap after
Heap after GC invocations=2 (full 1):
 PSYoungGen      total 611840K, used 0K [0x00000000d5580000, 0x0000000100000000, 0x0000000100000000)
  eden space 524800K, 0% used [0x00000000d5580000,0x00000000d5580000,0x00000000f5600000)
  from space 87040K, 0% used [0x00000000f5600000,0x00000000f5600000,0x00000000fab00000)
  to   space 87040K, 0% used [0x00000000fab00000,0x00000000fab00000,0x0000000100000000)
 ParOldGen       total 887296K, used 17031K [0x0000000080000000, 0x00000000b6280000, 0x00000000d5580000)
  object space 887296K, 1% used [0x0000000080000000,0x00000000810a1ce0,0x00000000b6280000)
 Metaspace       used 20742K, capacity 21002K, committed 21248K, reserved 1069056K
  class space    used 2407K, capacity 2495K, committed 2560K, reserved 1048576K
}
Event: 4.644 GC heap before
{Heap before GC invocations=3 (full 1):
 PSYoungGen      total 611840K, used 438217K [0x00000000d5580000, 0x0000000100000000, 0x0000000100000000)
  eden space 524800K, 83% used [0x00000000d5580000,0x00000000f01724e0,0x00000000f5600000)
  from space 87040K, 0% used [0x00000000f5600000,0x00000000f5600000,0x00000000fab00000)
  to   space 87040K, 0% used [0x00000000fab00000,0x00000000fab00000,0x0000000100000000)
 ParOldGen       total 887296K, used 17031K [0x0000000080000000, 0x00000000b6280000, 0x00000000d5580000)
  object space 887296K, 1% used [0x0000000080000000,0x00000000810a1ce0,0x00000000b6280000)
 Metaspace       used 34574K, capacity 34956K, committed 35416K, reserved 1081344K
  class space    used 3953K, capacity 4060K, committed 4096K, reserved 1048576K
Event: 4.676 GC heap after
Heap after GC invocations=3 (full 1):
 PSYoungGen      total 611840K, used 15699K [0x00000000d5580000, 0x0000000100000000, 0x0000000100000000)
  eden space 524800K, 0% used [0x00000000d5580000,0x00000000d5580000,0x00000000f5600000)
  from space 87040K, 18% used [0x00000000fab00000,0x00000000fba54c98,0x0000000100000000)
  to   space 87040K, 0% used [0x00000000f5600000,0x00000000f5600000,0x00000000fab00000)
 ParOldGen       total 887296K, used 17103K [0x0000000080000000, 0x00000000b6280000, 0x00000000d5580000)
  object space 887296K, 1% used [0x0000000080000000,0x00000000810b3cf0,0x00000000b6280000)
 Metaspace       used 34574K, capacity 34956K, committed 35416K, reserved 1081344K
  class space    used 3953K, capacity 4060K, committed 4096K, reserved 1048576K
}
Event: 4.676 GC heap before
{Heap before GC invocations=4 (full 2):
 PSYoungGen      total 611840K, used 15699K [0x00000000d5580000, 0x0000000100000000, 0x0000000100000000)
  eden space 524800K, 0% used [0x00000000d5580000,0x00000000d5580000,0x00000000f5600000)
  from space 87040K, 18% used [0x00000000fab00000,0x00000000fba54c98,0x0000000100000000)
  to   space 87040K, 0% used [0x00000000f5600000,0x00000000f5600000,0x00000000fab00000)
 ParOldGen       total 887296K, used 17103K [0x0000000080000000, 0x00000000b6280000, 0x00000000d5580000)
  object space 887296K, 1% used [0x0000000080000000,0x00000000810b3cf0,0x00000000b6280000)
 Metaspace       used 34574K, capacity 34956K, committed 35416K, reserved 1081344K
  class space    used 3953K, capacity 4060K, committed 4096K, reserved 1048576K
Event: 4.778 GC heap after
Heap after GC invocations=4 (full 2):
 PSYoungGen      total 611840K, used 0K [0x00000000d5580000, 0x0000000100000000, 0x0000000100000000)
  eden space 524800K, 0% used [0x00000000d5580000,0x00000000d5580000,0x00000000f5600000)
  from space 87040K, 0% used [0x00000000fab00000,0x00000000fab00000,0x0000000100000000)
  to   space 87040K, 0% used [0x00000000f5600000,0x00000000f5600000,0x00000000fab00000)
 ParOldGen       total 1398272K, used 23312K [0x0000000080000000, 0x00000000d5580000, 0x00000000d5580000)
  object space 1398272K, 1% used [0x0000000080000000,0x00000000816c4248,0x00000000d5580000)
 Metaspace       used 34574K, capacity 34956K, committed 35416K, reserved 1081344K
  class space    used 3953K, capacity 4060K, committed 4096K, reserved 1048576K
}
Event: 29.694 GC heap before
{Heap before GC invocations=5 (full 2):
 PSYoungGen      total 611840K, used 524800K [0x00000000d5580000, 0x0000000100000000, 0x0000000100000000)
  eden space 524800K, 100% used [0x00000000d5580000,0x00000000f5600000,0x00000000f5600000)
  from space 87040K, 0% used [0x00000000fab00000,0x00000000fab00000,0x0000000100000000)
  to   space 87040K, 0% used [0x00000000f5600000,0x00000000f5600000,0x00000000fab00000)
 ParOldGen       total 1398272K, used 23312K [0x0000000080000000, 0x00000000d5580000, 0x00000000d5580000)
  object space 1398272K, 1% used [0x0000000080000000,0x00000000816c4248,0x00000000d5580000)
 Metaspace       used 55729K, capacity 57232K, committed 57472K, reserved 1099776K
  class space    used 6491K, capacity 6770K, committed 6784K, reserved 1048576K
Event: 29.817 GC heap after
Heap after GC invocations=5 (full 2):
 PSYoungGen      total 611840K, used 30731K [0x00000000d5580000, 0x0000000100000000, 0x0000000100000000)
  eden space 524800K, 0% used [0x00000000d5580000,0x00000000d5580000,0x00000000f5600000)
  from space 87040K, 35% used [0x00000000f5600000,0x00000000f7402f60,0x00000000fab00000)
  to   space 87040K, 0% used [0x00000000fab00000,0x00000000fab00000,0x0000000100000000)
 ParOldGen       total 1398272K, used 23320K [0x0000000080000000, 0x00000000d5580000, 0x00000000d5580000)
  object space 1398272K, 1% used [0x0000000080000000,0x00000000816c6248,0x00000000d5580000)
 Metaspace       used 55729K, capacity 57232K, committed 57472K, reserved 1099776K
  class space    used 6491K, capacity 6770K, committed 6784K, reserved 1048576K
}

