# JRE version: OpenJDK Runtime Environment (8.0_212-b04) (build 1.8.0_212-b04)
# Java VM: OpenJDK 64-Bit Server VM (25.212-b04 mixed mode linux-amd64 compressed oops)
Heap:
 PSYoungGen      total 611840K, used 423808K [0x00000000d5580000, 0x0000000100000000, 0x0000000100000000)
  eden space 524800K, 80% used [0x00000000d5580000,0x00000000ef360100,0x00000000f5600000)
  from space 87040K, 0% used [0x00000000f5600000,0x00000000f5600000,0x00000000fab00000)
  to   space 87040K, 0% used [0x00000000fab00000,0x00000000fab00000,0x0000000100000000)
 ParOldGen       total 1398272K, used 41377K [0x0000000080000000, 0x00000000d5580000, 0x00000000d5580000)
  object space 1398272K, 2% used [0x0000000080000000,0x00000000828687d8,0x00000000d5580000)
 Metaspace       used 61817K, capacity 63930K, committed 64128K, reserved 1105920K
  class space    used 7144K, capacity 7545K, committed 7552K, reserved 1048576K
GC Heap History (10 events):
Event: 2.249 GC heap before
{Heap before GC invocations=2 (full 1):
 PSYoungGen      total 611840K, used 14751K [0x00000000d5580000, 0x0000000100000000, 0x0000000100000000)
  eden space 524800K, 0% used [0x00000000d5580000,0x00000000d5580000,0x00000000f5600000)
  from space 87040K, 16% used [0x00000000f5600000,0x00000000f6467f30,0x00000000fab00000)
  to   space 87040K, 0% used [0x00000000fab00000,0x00000000fab00000,0x0000000100000000)
 ParOldGen       total 1398272K, used 80K [0x0000000080000000, 0x00000000d5580000, 0x00000000d5580000)
  object space 1398272K, 0% used [0x0000000080000000,0x0000000080014010,0x00000000d5580000)
 Metaspace       used 20843K, capacity 21074K, committed 21248K, reserved 1069056K
  class space    used 2373K, capacity 2450K, committed 2560K, reserved 1048576K
Event: 2.328 GC heap after
Heap after GC invocations=2 (full 1):
 PSYoungGen      total 611840K, used 0K [0x00000000d5580000, 0x0000000100000000, 0x0000000100000000)
  eden space 524800K, 0% used [0x00000000d5580000,0x00000000d5580000,0x00000000f5600000)
  from space 87040K, 0% used [0x00000000f5600000,0x00000000f5600000,0x00000000fab00000)
  to   space 87040K, 0% used [0x00000000fab00000,0x00000000fab00000,0x0000000100000000)
 ParOldGen       total 933376K, used 14205K [0x0000000080000000, 0x00000000b8f80000, 0x00000000d5580000)
  object space 933376K, 1% used [0x0000000080000000,0x0000000080ddf6a8,0x00000000b8f80000)
 Metaspace       used 20843K, capacity 21074K, committed 21248K, reserved 1069056K
  class space    used 2373K, capacity 2450K, committed 2560K, reserved 1048576K
}
Event: 4.384 GC heap before
{Heap before GC invocations=3 (full 1):
 PSYoungGen      total 611840K, used 415719K [0x00000000d5580000, 0x0000000100000000, 0x0000000100000000)
  eden space 524800K, 79% used [0x00000000d5580000,0x00000000eeb79e50,0x00000000f5600000)
  from space 87040K, 0% used [0x00000000f5600000,0x00000000f5600000,0x00000000fab00000)
  to   space 87040K, 0% used [0x00000000fab00000,0x00000000fab00000,0x0000000100000000)
 ParOldGen       total 933376K, used 14205K [0x0000000080000000, 0x00000000b8f80000, 0x00000000d5580000)
  object space 933376K, 1% used [0x0000000080000000,0x0000000080ddf6a8,0x00000000b8f80000)
 Metaspace       used 34833K, capacity 35188K, committed 35416K, reserved 1081344K
  class space    used 3979K, capacity 4092K, committed 4096K, reserved 1048576K
Event: 4.414 GC heap after
Heap after GC invocations=3 (full 1):
 PSYoungGen      total 611840K, used 19499K [0x00000000d5580000, 0x0000000100000000, 0x0000000100000000)
  eden space 524800K, 0% used [0x00000000d5580000,0x00000000d5580000,0x00000000f5600000)
  from space 87040K, 22% used [0x00000000fab00000,0x00000000fbe0af18,0x0000000100000000)
  to   space 87040K, 0% used [0x00000000f5600000,0x00000000f5600000,0x00000000fab00000)
 ParOldGen       total 933376K, used 14205K [0x0000000080000000, 0x00000000b8f80000, 0x00000000d5580000)
  object space 933376K, 1% used [0x0000000080000000,0x0000000080ddf6a8,0x00000000b8f80000)
 Metaspace       used 34833K, capacity 35188K, committed 35416K, reserved 1081344K
  class space    used 3979K, capacity 4092K, committed 4096K, reserved 1048576K
}
Event: 4.414 GC heap before
{Heap before GC invocations=4 (full 2):
 PSYoungGen      total 611840K, used 19499K [0x00000000d5580000, 0x0000000100000000, 0x0000000100000000)
  eden space 524800K, 0% used [0x00000000d5580000,0x00000000d5580000,0x00000000f5600000)
  from space 87040K, 22% used [0x00000000fab00000,0x00000000fbe0af18,0x0000000100000000)
  to   space 87040K, 0% used [0x00000000f5600000,0x00000000f5600000,0x00000000fab00000)
 ParOldGen       total 933376K, used 14205K [0x0000000080000000, 0x00000000b8f80000, 0x00000000d5580000)
  object space 933376K, 1% used [0x0000000080000000,0x0000000080ddf6a8,0x00000000b8f80000)
 Metaspace       used 34833K, capacity 35188K, committed 35416K, reserved 1081344K
  class space    used 3979K, capacity 4092K, committed 4096K, reserved 1048576K
Event: 4.521 GC heap after
Heap after GC invocations=4 (full 2):
 PSYoungGen      total 611840K, used 0K [0x00000000d5580000, 0x0000000100000000, 0x0000000100000000)
  eden space 524800K, 0% used [0x00000000d5580000,0x00000000d5580000,0x00000000f5600000)
  from space 87040K, 0% used [0x00000000fab00000,0x00000000fab00000,0x0000000100000000)
  to   space 87040K, 0% used [0x00000000f5600000,0x00000000f5600000,0x00000000fab00000)
 ParOldGen       total 1398272K, used 23981K [0x0000000080000000, 0x00000000d5580000, 0x00000000d5580000)
  object space 1398272K, 1% used [0x0000000080000000,0x000000008176b5c8,0x00000000d5580000)
 Metaspace       used 34833K, capacity 35188K, committed 35416K, reserved 1081344K
  class space    used 3979K, capacity 4092K, committed 4096K, reserved 1048576K
}
Event: 11.286 GC heap before
{Heap before GC invocations=5 (full 2):
 PSYoungGen      total 611840K, used 514210K [0x00000000d5580000, 0x0000000100000000, 0x0000000100000000)
  eden space 524800K, 97% used [0x00000000d5580000,0x00000000f4ba8b68,0x00000000f5600000)
  from space 87040K, 0% used [0x00000000fab00000,0x00000000fab00000,0x0000000100000000)
  to   space 87040K, 0% used [0x00000000f5600000,0x00000000f5600000,0x00000000fab00000)
 ParOldGen       total 1398272K, used 23981K [0x0000000080000000, 0x00000000d5580000, 0x00000000d5580000)
  object space 1398272K, 1% used [0x0000000080000000,0x000000008176b5c8,0x00000000d5580000)
 Metaspace       used 57445K, capacity 58812K, committed 59008K, reserved 1101824K
  class space    used 6685K, capacity 6962K, committed 7040K, reserved 1048576K
Event: 11.329 GC heap after
Heap after GC invocations=5 (full 2):
 PSYoungGen      total 611840K, used 30409K [0x00000000d5580000, 0x0000000100000000, 0x0000000100000000)
  eden space 524800K, 0% used [0x00000000d5580000,0x00000000d5580000,0x00000000f5600000)
  from space 87040K, 34% used [0x00000000f5600000,0x00000000f73b2580,0x00000000fab00000)
  to   space 87040K, 0% used [0x00000000fab00000,0x00000000fab00000,0x0000000100000000)
 ParOldGen       total 1398272K, used 23989K [0x0000000080000000, 0x00000000d5580000, 0x00000000d5580000)
  object space 1398272K, 1% used [0x0000000080000000,0x000000008176d5c8,0x00000000d5580000)
 Metaspace       used 57445K, capacity 58812K, committed 59008K, reserved 1101824K
  class space    used 6685K, capacity 6962K, committed 7040K, reserved 1048576K
}
Event: 11.329 GC heap before
{Heap before GC invocations=6 (full 3):
 PSYoungGen      total 611840K, used 30409K [0x00000000d5580000, 0x0000000100000000, 0x0000000100000000)
  eden space 524800K, 0% used [0x00000000d5580000,0x00000000d5580000,0x00000000f5600000)
  from space 87040K, 34% used [0x00000000f5600000,0x00000000f73b2580,0x00000000fab00000)
  to   space 87040K, 0% used [0x00000000fab00000,0x00000000fab00000,0x0000000100000000)
 ParOldGen       total 1398272K, used 23989K [0x0000000080000000, 0x00000000d5580000, 0x00000000d5580000)
  object space 1398272K, 1% used [0x0000000080000000,0x000000008176d5c8,0x00000000d5580000)
 Metaspace       used 57445K, capacity 58812K, committed 59008K, reserved 1101824K
  class space    used 6685K, capacity 6962K, committed 7040K, reserved 1048576K
Event: 11.535 GC heap after
Heap after GC invocations=6 (full 3):
 PSYoungGen      total 611840K, used 0K [0x00000000d5580000, 0x0000000100000000, 0x0000000100000000)
  eden space 524800K, 0% used [0x00000000d5580000,0x00000000d5580000,0x00000000f5600000)
  from space 87040K, 0% used [0x00000000f5600000,0x00000000f5600000,0x00000000fab00000)
  to   space 87040K, 0% used [0x00000000fab00000,0x00000000fab00000,0x0000000100000000)
 ParOldGen       total 1398272K, used 41377K [0x0000000080000000, 0x00000000d5580000, 0x00000000d5580000)
  object space 1398272K, 2% used [0x0000000080000000,0x00000000828687d8,0x00000000d5580000)
 Metaspace       used 57419K, capacity 58750K, committed 59008K, reserved 1101824K
  class space    used 6675K, capacity 6945K, committed 7040K, reserved 1048576K
}

