# JRE version: OpenJDK Runtime Environment (8.0_212-b04) (build 1.8.0_212-b04)
# Java VM: OpenJDK 64-Bit Server VM (25.212-b04 mixed mode linux-amd64 compressed oops)
Heap:
 PSYoungGen      total 611840K, used 115790K [0x00000000d5580000, 0x0000000100000000, 0x0000000100000000)
  eden space 524800K, 22% used [0x00000000d5580000,0x00000000dc693b78,0x00000000f5600000)
  from space 87040K, 0% used [0x00000000f5600000,0x00000000f5600000,0x00000000fab00000)
  to   space 87040K, 0% used [0x00000000fab00000,0x00000000fab00000,0x0000000100000000)
 ParOldGen       total 1398272K, used 37935K [0x0000000080000000, 0x00000000d5580000, 0x00000000d5580000)
  object space 1398272K, 2% used [0x0000000080000000,0x000000008250bfa0,0x00000000d5580000)
 Metaspace       used 60744K, capacity 62592K, committed 62720K, reserved 1103872K
  class space    used 7055K, capacity 7392K, committed 7424K, reserved 1048576K
GC Heap History (10 events):
Event: 1.941 GC heap before
{Heap before GC invocations=2 (full 1):
 PSYoungGen      total 611840K, used 14240K [0x00000000d5580000, 0x0000000100000000, 0x0000000100000000)
  eden space 524800K, 0% used [0x00000000d5580000,0x00000000d5580000,0x00000000f5600000)
  from space 87040K, 16% used [0x00000000f5600000,0x00000000f63e8338,0x00000000fab00000)
  to   space 87040K, 0% used [0x00000000fab00000,0x00000000fab00000,0x0000000100000000)
 ParOldGen       total 1398272K, used 80K [0x0000000080000000, 0x00000000d5580000, 0x00000000d5580000)
  object space 1398272K, 0% used [0x0000000080000000,0x0000000080014010,0x00000000d5580000)
 Metaspace       used 20824K, capacity 21106K, committed 21248K, reserved 1069056K
  class space    used 2363K, capacity 2482K, committed 2560K, reserved 1048576K
Event: 2.014 GC heap after
Heap after GC invocations=2 (full 1):
 PSYoungGen      total 611840K, used 0K [0x00000000d5580000, 0x0000000100000000, 0x0000000100000000)
  eden space 524800K, 0% used [0x00000000d5580000,0x00000000d5580000,0x00000000f5600000)
  from space 87040K, 0% used [0x00000000f5600000,0x00000000f5600000,0x00000000fab00000)
  to   space 87040K, 0% used [0x00000000fab00000,0x00000000fab00000,0x0000000100000000)
 ParOldGen       total 901120K, used 13743K [0x0000000080000000, 0x00000000b7000000, 0x00000000d5580000)
  object space 901120K, 1% used [0x0000000080000000,0x0000000080d6bee0,0x00000000b7000000)
 Metaspace       used 20824K, capacity 21106K, committed 21248K, reserved 1069056K
  class space    used 2363K, capacity 2482K, committed 2560K, reserved 1048576K
}
Event: 4.104 GC heap before
{Heap before GC invocations=3 (full 1):
 PSYoungGen      total 611840K, used 424052K [0x00000000d5580000, 0x0000000100000000, 0x0000000100000000)
  eden space 524800K, 80% used [0x00000000d5580000,0x00000000ef39d0d8,0x00000000f5600000)
  from space 87040K, 0% used [0x00000000f5600000,0x00000000f5600000,0x00000000fab00000)
  to   space 87040K, 0% used [0x00000000fab00000,0x00000000fab00000,0x0000000100000000)
 ParOldGen       total 901120K, used 13743K [0x0000000080000000, 0x00000000b7000000, 0x00000000d5580000)
  object space 901120K, 1% used [0x0000000080000000,0x0000000080d6bee0,0x00000000b7000000)
 Metaspace       used 34830K, capacity 35188K, committed 35416K, reserved 1081344K
  class space    used 3975K, capacity 4092K, committed 4096K, reserved 1048576K
Event: 4.135 GC heap after
Heap after GC invocations=3 (full 1):
 PSYoungGen      total 611840K, used 19279K [0x00000000d5580000, 0x0000000100000000, 0x0000000100000000)
  eden space 524800K, 0% used [0x00000000d5580000,0x00000000d5580000,0x00000000f5600000)
  from space 87040K, 22% used [0x00000000fab00000,0x00000000fbdd3d10,0x0000000100000000)
  to   space 87040K, 0% used [0x00000000f5600000,0x00000000f5600000,0x00000000fab00000)
 ParOldGen       total 901120K, used 13743K [0x0000000080000000, 0x00000000b7000000, 0x00000000d5580000)
  object space 901120K, 1% used [0x0000000080000000,0x0000000080d6bee0,0x00000000b7000000)
 Metaspace       used 34830K, capacity 35188K, committed 35416K, reserved 1081344K
  class space    used 3975K, capacity 4092K, committed 4096K, reserved 1048576K
}
Event: 4.135 GC heap before
{Heap before GC invocations=4 (full 2):
 PSYoungGen      total 611840K, used 19279K [0x00000000d5580000, 0x0000000100000000, 0x0000000100000000)
  eden space 524800K, 0% used [0x00000000d5580000,0x00000000d5580000,0x00000000f5600000)
  from space 87040K, 22% used [0x00000000fab00000,0x00000000fbdd3d10,0x0000000100000000)
  to   space 87040K, 0% used [0x00000000f5600000,0x00000000f5600000,0x00000000fab00000)
 ParOldGen       total 901120K, used 13743K [0x0000000080000000, 0x00000000b7000000, 0x00000000d5580000)
  object space 901120K, 1% used [0x0000000080000000,0x0000000080d6bee0,0x00000000b7000000)
 Metaspace       used 34830K, capacity 35188K, committed 35416K, reserved 1081344K
  class space    used 3975K, capacity 4092K, committed 4096K, reserved 1048576K
Event: 4.226 GC heap after
Heap after GC invocations=4 (full 2):
 PSYoungGen      total 611840K, used 0K [0x00000000d5580000, 0x0000000100000000, 0x0000000100000000)
  eden space 524800K, 0% used [0x00000000d5580000,0x00000000d5580000,0x00000000f5600000)
  from space 87040K, 0% used [0x00000000fab00000,0x00000000fab00000,0x0000000100000000)
  to   space 87040K, 0% used [0x00000000f5600000,0x00000000f5600000,0x00000000fab00000)
 ParOldGen       total 1398272K, used 23624K [0x0000000080000000, 0x00000000d5580000, 0x00000000d5580000)
  object space 1398272K, 1% used [0x0000000080000000,0x00000000817122d0,0x00000000d5580000)
 Metaspace       used 34830K, capacity 35188K, committed 35416K, reserved 1081344K
  class space    used 3975K, capacity 4092K, committed 4096K, reserved 1048576K
}
Event: 10.561 GC heap before
{Heap before GC invocations=5 (full 2):
 PSYoungGen      total 611840K, used 333556K [0x00000000d5580000, 0x0000000100000000, 0x0000000100000000)
  eden space 524800K, 63% used [0x00000000d5580000,0x00000000e9b3d130,0x00000000f5600000)
  from space 87040K, 0% used [0x00000000fab00000,0x00000000fab00000,0x0000000100000000)
  to   space 87040K, 0% used [0x00000000f5600000,0x00000000f5600000,0x00000000fab00000)
 ParOldGen       total 1398272K, used 23624K [0x0000000080000000, 0x00000000d5580000, 0x00000000d5580000)
  object space 1398272K, 1% used [0x0000000080000000,0x00000000817122d0,0x00000000d5580000)
 Metaspace       used 57502K, capacity 58858K, committed 59008K, reserved 1101824K
  class space    used 6691K, capacity 6967K, committed 7040K, reserved 1048576K
Event: 10.607 GC heap after
Heap after GC invocations=5 (full 2):
 PSYoungGen      total 611840K, used 27260K [0x00000000d5580000, 0x0000000100000000, 0x0000000100000000)
  eden space 524800K, 0% used [0x00000000d5580000,0x00000000d5580000,0x00000000f5600000)
  from space 87040K, 31% used [0x00000000f5600000,0x00000000f709f080,0x00000000fab00000)
  to   space 87040K, 0% used [0x00000000fab00000,0x00000000fab00000,0x0000000100000000)
 ParOldGen       total 1398272K, used 23632K [0x0000000080000000, 0x00000000d5580000, 0x00000000d5580000)
  object space 1398272K, 1% used [0x0000000080000000,0x00000000817142d0,0x00000000d5580000)
 Metaspace       used 57502K, capacity 58858K, committed 59008K, reserved 1101824K
  class space    used 6691K, capacity 6967K, committed 7040K, reserved 1048576K
}
Event: 10.607 GC heap before
{Heap before GC invocations=6 (full 3):
 PSYoungGen      total 611840K, used 27260K [0x00000000d5580000, 0x0000000100000000, 0x0000000100000000)
  eden space 524800K, 0% used [0x00000000d5580000,0x00000000d5580000,0x00000000f5600000)
  from space 87040K, 31% used [0x00000000f5600000,0x00000000f709f080,0x00000000fab00000)
  to   space 87040K, 0% used [0x00000000fab00000,0x00000000fab00000,0x0000000100000000)
 ParOldGen       total 1398272K, used 23632K [0x0000000080000000, 0x00000000d5580000, 0x00000000d5580000)
  object space 1398272K, 1% used [0x0000000080000000,0x00000000817142d0,0x00000000d5580000)
 Metaspace       used 57502K, capacity 58858K, committed 59008K, reserved 1101824K
  class space    used 6691K, capacity 6967K, committed 7040K, reserved 1048576K
Event: 10.802 GC heap after
Heap after GC invocations=6 (full 3):
 PSYoungGen      total 611840K, used 0K [0x00000000d5580000, 0x0000000100000000, 0x0000000100000000)
  eden space 524800K, 0% used [0x00000000d5580000,0x00000000d5580000,0x00000000f5600000)
  from space 87040K, 0% used [0x00000000f5600000,0x00000000f5600000,0x00000000fab00000)
  to   space 87040K, 0% used [0x00000000fab00000,0x00000000fab00000,0x0000000100000000)
 ParOldGen       total 1398272K, used 37935K [0x0000000080000000, 0x00000000d5580000, 0x00000000d5580000)
  object space 1398272K, 2% used [0x0000000080000000,0x000000008250bfa0,0x00000000d5580000)
 Metaspace       used 57497K, capacity 58846K, committed 59008K, reserved 1101824K
  class space    used 6689K, capacity 6963K, committed 7040K, reserved 1048576K
}

