# JRE version: OpenJDK Runtime Environment (8.0_212-b04) (build 1.8.0_212-b04)
# Java VM: OpenJDK 64-Bit Server VM (25.212-b04 mixed mode linux-amd64 compressed oops)
Heap:
 PSYoungGen      total 611840K, used 229331K [0x00000000d5580000, 0x0000000100000000, 0x0000000100000000)
  eden space 524800K, 43% used [0x00000000d5580000,0x00000000e3574ee8,0x00000000f5600000)
  from space 87040K, 0% used [0x00000000fab00000,0x00000000fab00000,0x0000000100000000)
  to   space 87040K, 0% used [0x00000000f5600000,0x00000000f5600000,0x00000000fab00000)
 ParOldGen       total 1398272K, used 29667K [0x0000000080000000, 0x00000000d5580000, 0x00000000d5580000)
  object space 1398272K, 2% used [0x0000000080000000,0x0000000081cf8da8,0x00000000d5580000)
 Metaspace       used 64145K, capacity 66460K, committed 66560K, reserved 1107968K
  class space    used 7416K, capacity 7836K, committed 7936K, reserved 1048576K
GC Heap History (10 events):
Event: 4.310 GC heap before
{Heap before GC invocations=3 (full 1):
 PSYoungGen      total 611840K, used 457868K [0x00000000d5580000, 0x0000000100000000, 0x0000000100000000)
  eden space 524800K, 87% used [0x00000000d5580000,0x00000000f14a31e0,0x00000000f5600000)
  from space 87040K, 0% used [0x00000000f5600000,0x00000000f5600000,0x00000000fab00000)
  to   space 87040K, 0% used [0x00000000fab00000,0x00000000fab00000,0x0000000100000000)
 ParOldGen       total 893440K, used 14264K [0x0000000080000000, 0x00000000b6880000, 0x00000000d5580000)
  object space 893440K, 1% used [0x0000000080000000,0x0000000080dee018,0x00000000b6880000)
 Metaspace       used 34673K, capacity 35028K, committed 35416K, reserved 1081344K
  class space    used 3964K, capacity 4060K, committed 4096K, reserved 1048576K
Event: 4.339 GC heap after
Heap after GC invocations=3 (full 1):
 PSYoungGen      total 611840K, used 18966K [0x00000000d5580000, 0x0000000100000000, 0x0000000100000000)
  eden space 524800K, 0% used [0x00000000d5580000,0x00000000d5580000,0x00000000f5600000)
  from space 87040K, 21% used [0x00000000fab00000,0x00000000fbd85990,0x0000000100000000)
  to   space 87040K, 0% used [0x00000000f5600000,0x00000000f5600000,0x00000000fab00000)
 ParOldGen       total 893440K, used 14272K [0x0000000080000000, 0x00000000b6880000, 0x00000000d5580000)
  object space 893440K, 1% used [0x0000000080000000,0x0000000080df0018,0x00000000b6880000)
 Metaspace       used 34673K, capacity 35028K, committed 35416K, reserved 1081344K
  class space    used 3964K, capacity 4060K, committed 4096K, reserved 1048576K
}
Event: 4.339 GC heap before
{Heap before GC invocations=4 (full 2):
 PSYoungGen      total 611840K, used 18966K [0x00000000d5580000, 0x0000000100000000, 0x0000000100000000)
  eden space 524800K, 0% used [0x00000000d5580000,0x00000000d5580000,0x00000000f5600000)
  from space 87040K, 21% used [0x00000000fab00000,0x00000000fbd85990,0x0000000100000000)
  to   space 87040K, 0% used [0x00000000f5600000,0x00000000f5600000,0x00000000fab00000)
 ParOldGen       total 893440K, used 14272K [0x0000000080000000, 0x00000000b6880000, 0x00000000d5580000)
  object space 893440K, 1% used [0x0000000080000000,0x0000000080df0018,0x00000000b6880000)
 Metaspace       used 34673K, capacity 35028K, committed 35416K, reserved 1081344K
  class space    used 3964K, capacity 4060K, committed 4096K, reserved 1048576K
Event: 4.425 GC heap after
Heap after GC invocations=4 (full 2):
 PSYoungGen      total 611840K, used 0K [0x00000000d5580000, 0x0000000100000000, 0x0000000100000000)
  eden space 524800K, 0% used [0x00000000d5580000,0x00000000d5580000,0x00000000f5600000)
  from space 87040K, 0% used [0x00000000fab00000,0x00000000fab00000,0x0000000100000000)
  to   space 87040K, 0% used [0x00000000f5600000,0x00000000f5600000,0x00000000fab00000)
 ParOldGen       total 1398272K, used 23532K [0x0000000080000000, 0x00000000d5580000, 0x00000000d5580000)
  object space 1398272K, 1% used [0x0000000080000000,0x00000000816fb0d8,0x00000000d5580000)
 Metaspace       used 34673K, capacity 35028K, committed 35416K, reserved 1081344K
  class space    used 3964K, capacity 4060K, committed 4096K, reserved 1048576K
}
Event: 10.784 GC heap before
{Heap before GC invocations=5 (full 2):
 PSYoungGen      total 611840K, used 524800K [0x00000000d5580000, 0x0000000100000000, 0x0000000100000000)
  eden space 524800K, 100% used [0x00000000d5580000,0x00000000f5600000,0x00000000f5600000)
  from space 87040K, 0% used [0x00000000fab00000,0x00000000fab00000,0x0000000100000000)
  to   space 87040K, 0% used [0x00000000f5600000,0x00000000f5600000,0x00000000fab00000)
 ParOldGen       total 1398272K, used 23532K [0x0000000080000000, 0x00000000d5580000, 0x00000000d5580000)
  object space 1398272K, 1% used [0x0000000080000000,0x00000000816fb0d8,0x00000000d5580000)
 Metaspace       used 51336K, capacity 52632K, committed 52736K, reserved 1095680K
  class space    used 6064K, capacity 6318K, committed 6400K, reserved 1048576K
Event: 10.828 GC heap after
Heap after GC invocations=5 (full 2):
 PSYoungGen      total 611840K, used 25344K [0x00000000d5580000, 0x0000000100000000, 0x0000000100000000)
  eden space 524800K, 0% used [0x00000000d5580000,0x00000000d5580000,0x00000000f5600000)
  from space 87040K, 29% used [0x00000000f5600000,0x00000000f6ec03c8,0x00000000fab00000)
  to   space 87040K, 0% used [0x00000000fab00000,0x00000000fab00000,0x0000000100000000)
 ParOldGen       total 1398272K, used 23540K [0x0000000080000000, 0x00000000d5580000, 0x00000000d5580000)
  object space 1398272K, 1% used [0x0000000080000000,0x00000000816fd0d8,0x00000000d5580000)
 Metaspace       used 51336K, capacity 52632K, committed 52736K, reserved 1095680K
  class space    used 6064K, capacity 6318K, committed 6400K, reserved 1048576K
}
Event: 11.551 GC heap before
{Heap before GC invocations=6 (full 2):
 PSYoungGen      total 611840K, used 150404K [0x00000000d5580000, 0x0000000100000000, 0x0000000100000000)
  eden space 524800K, 23% used [0x00000000d5580000,0x00000000dcfa0f20,0x00000000f5600000)
  from space 87040K, 29% used [0x00000000f5600000,0x00000000f6ec03c8,0x00000000fab00000)
  to   space 87040K, 0% used [0x00000000fab00000,0x00000000fab00000,0x0000000100000000)
 ParOldGen       total 1398272K, used 23540K [0x0000000080000000, 0x00000000d5580000, 0x00000000d5580000)
  object space 1398272K, 1% used [0x0000000080000000,0x00000000816fd0d8,0x00000000d5580000)
 Metaspace       used 57525K, capacity 58880K, committed 59008K, reserved 1101824K
  class space    used 6678K, capacity 6964K, committed 7040K, reserved 1048576K
Event: 11.580 GC heap after
Heap after GC invocations=6 (full 2):
 PSYoungGen      total 611840K, used 18151K [0x00000000d5580000, 0x0000000100000000, 0x0000000100000000)
  eden space 524800K, 0% used [0x00000000d5580000,0x00000000d5580000,0x00000000f5600000)
  from space 87040K, 20% used [0x00000000fab00000,0x00000000fbcb9e28,0x0000000100000000)
  to   space 87040K, 0% used [0x00000000f5600000,0x00000000f5600000,0x00000000fab00000)
 ParOldGen       total 1398272K, used 23548K [0x0000000080000000, 0x00000000d5580000, 0x00000000d5580000)
  object space 1398272K, 1% used [0x0000000080000000,0x00000000816ff0d8,0x00000000d5580000)
 Metaspace       used 57525K, capacity 58880K, committed 59008K, reserved 1101824K
  class space    used 6678K, capacity 6964K, committed 7040K, reserved 1048576K
}
Event: 11.581 GC heap before
{Heap before GC invocations=7 (full 3):
 PSYoungGen      total 611840K, used 18151K [0x00000000d5580000, 0x0000000100000000, 0x0000000100000000)
  eden space 524800K, 0% used [0x00000000d5580000,0x00000000d5580000,0x00000000f5600000)
  from space 87040K, 20% used [0x00000000fab00000,0x00000000fbcb9e28,0x0000000100000000)
  to   space 87040K, 0% used [0x00000000f5600000,0x00000000f5600000,0x00000000fab00000)
 ParOldGen       total 1398272K, used 23548K [0x0000000080000000, 0x00000000d5580000, 0x00000000d5580000)
  object space 1398272K, 1% used [0x0000000080000000,0x00000000816ff0d8,0x00000000d5580000)
 Metaspace       used 57525K, capacity 58880K, committed 59008K, reserved 1101824K
  class space    used 6678K, capacity 6964K, committed 7040K, reserved 1048576K
Event: 11.790 GC heap after
Heap after GC invocations=7 (full 3):
 PSYoungGen      total 611840K, used 0K [0x00000000d5580000, 0x0000000100000000, 0x0000000100000000)
  eden space 524800K, 0% used [0x00000000d5580000,0x00000000d5580000,0x00000000f5600000)
  from space 87040K, 0% used [0x00000000fab00000,0x00000000fab00000,0x0000000100000000)
  to   space 87040K, 0% used [0x00000000f5600000,0x00000000f5600000,0x00000000fab00000)
 ParOldGen       total 1398272K, used 29667K [0x0000000080000000, 0x00000000d5580000, 0x00000000d5580000)
  object space 1398272K, 2% used [0x0000000080000000,0x0000000081cf8da8,0x00000000d5580000)
 Metaspace       used 57499K, capacity 58818K, committed 59008K, reserved 1101824K
  class space    used 6668K, capacity 6947K, committed 7040K, reserved 1048576K
}

