# JRE version: OpenJDK Runtime Environment (8.0_212-b04) (build 1.8.0_212-b04)
# Java VM: OpenJDK 64-Bit Server VM (25.212-b04 mixed mode linux-amd64 compressed oops)
Heap:
 PSYoungGen      total 611840K, used 211378K [0x00000000d5580000, 0x0000000100000000, 0x0000000100000000)
  eden space 524800K, 40% used [0x00000000d5580000,0x00000000e23ec988,0x00000000f5600000)
  from space 87040K, 0% used [0x00000000fab00000,0x00000000fab00000,0x0000000100000000)
  to   space 87040K, 0% used [0x00000000f5600000,0x00000000f5600000,0x00000000fab00000)
 ParOldGen       total 1398272K, used 29062K [0x0000000080000000, 0x00000000d5580000, 0x00000000d5580000)
  object space 1398272K, 2% used [0x0000000080000000,0x0000000081c61a18,0x00000000d5580000)
 Metaspace       used 63827K, capacity 66218K, committed 66560K, reserved 1107968K
  class space    used 7381K, capacity 7831K, committed 7936K, reserved 1048576K
GC Heap History (10 events):
Event: 5.384 GC heap before
{Heap before GC invocations=3 (full 1):
 PSYoungGen      total 611840K, used 469717K [0x00000000d5580000, 0x0000000100000000, 0x0000000100000000)
  eden space 524800K, 89% used [0x00000000d5580000,0x00000000f2035578,0x00000000f5600000)
  from space 87040K, 0% used [0x00000000f5600000,0x00000000f5600000,0x00000000fab00000)
  to   space 87040K, 0% used [0x00000000fab00000,0x00000000fab00000,0x0000000100000000)
 ParOldGen       total 894464K, used 14271K [0x0000000080000000, 0x00000000b6980000, 0x00000000d5580000)
  object space 894464K, 1% used [0x0000000080000000,0x0000000080defcf8,0x00000000b6980000)
 Metaspace       used 34708K, capacity 35034K, committed 35416K, reserved 1081344K
  class space    used 3962K, capacity 4061K, committed 4096K, reserved 1048576K
Event: 5.430 GC heap after
Heap after GC invocations=3 (full 1):
 PSYoungGen      total 611840K, used 19027K [0x00000000d5580000, 0x0000000100000000, 0x0000000100000000)
  eden space 524800K, 0% used [0x00000000d5580000,0x00000000d5580000,0x00000000f5600000)
  from space 87040K, 21% used [0x00000000fab00000,0x00000000fbd94d18,0x0000000100000000)
  to   space 87040K, 0% used [0x00000000f5600000,0x00000000f5600000,0x00000000fab00000)
 ParOldGen       total 894464K, used 14271K [0x0000000080000000, 0x00000000b6980000, 0x00000000d5580000)
  object space 894464K, 1% used [0x0000000080000000,0x0000000080defcf8,0x00000000b6980000)
 Metaspace       used 34708K, capacity 35034K, committed 35416K, reserved 1081344K
  class space    used 3962K, capacity 4061K, committed 4096K, reserved 1048576K
}
Event: 5.430 GC heap before
{Heap before GC invocations=4 (full 2):
 PSYoungGen      total 611840K, used 19027K [0x00000000d5580000, 0x0000000100000000, 0x0000000100000000)
  eden space 524800K, 0% used [0x00000000d5580000,0x00000000d5580000,0x00000000f5600000)
  from space 87040K, 21% used [0x00000000fab00000,0x00000000fbd94d18,0x0000000100000000)
  to   space 87040K, 0% used [0x00000000f5600000,0x00000000f5600000,0x00000000fab00000)
 ParOldGen       total 894464K, used 14271K [0x0000000080000000, 0x00000000b6980000, 0x00000000d5580000)
  object space 894464K, 1% used [0x0000000080000000,0x0000000080defcf8,0x00000000b6980000)
 Metaspace       used 34708K, capacity 35034K, committed 35416K, reserved 1081344K
  class space    used 3962K, capacity 4061K, committed 4096K, reserved 1048576K
Event: 5.522 GC heap after
Heap after GC invocations=4 (full 2):
 PSYoungGen      total 611840K, used 0K [0x00000000d5580000, 0x0000000100000000, 0x0000000100000000)
  eden space 524800K, 0% used [0x00000000d5580000,0x00000000d5580000,0x00000000f5600000)
  from space 87040K, 0% used [0x00000000fab00000,0x00000000fab00000,0x0000000100000000)
  to   space 87040K, 0% used [0x00000000f5600000,0x00000000f5600000,0x00000000fab00000)
 ParOldGen       total 1398272K, used 23545K [0x0000000080000000, 0x00000000d5580000, 0x00000000d5580000)
  object space 1398272K, 1% used [0x0000000080000000,0x00000000816fe4e0,0x00000000d5580000)
 Metaspace       used 34708K, capacity 35034K, committed 35416K, reserved 1081344K
  class space    used 3962K, capacity 4061K, committed 4096K, reserved 1048576K
}
Event: 12.250 GC heap before
{Heap before GC invocations=5 (full 2):
 PSYoungGen      total 611840K, used 524800K [0x00000000d5580000, 0x0000000100000000, 0x0000000100000000)
  eden space 524800K, 100% used [0x00000000d5580000,0x00000000f5600000,0x00000000f5600000)
  from space 87040K, 0% used [0x00000000fab00000,0x00000000fab00000,0x0000000100000000)
  to   space 87040K, 0% used [0x00000000f5600000,0x00000000f5600000,0x00000000fab00000)
 ParOldGen       total 1398272K, used 23545K [0x0000000080000000, 0x00000000d5580000, 0x00000000d5580000)
  object space 1398272K, 1% used [0x0000000080000000,0x00000000816fe4e0,0x00000000d5580000)
 Metaspace       used 53143K, capacity 54488K, committed 54656K, reserved 1097728K
  class space    used 6242K, capacity 6494K, committed 6528K, reserved 1048576K
Event: 12.323 GC heap after
Heap after GC invocations=5 (full 2):
 PSYoungGen      total 611840K, used 25461K [0x00000000d5580000, 0x0000000100000000, 0x0000000100000000)
  eden space 524800K, 0% used [0x00000000d5580000,0x00000000d5580000,0x00000000f5600000)
  from space 87040K, 29% used [0x00000000f5600000,0x00000000f6edd430,0x00000000fab00000)
  to   space 87040K, 0% used [0x00000000fab00000,0x00000000fab00000,0x0000000100000000)
 ParOldGen       total 1398272K, used 23553K [0x0000000080000000, 0x00000000d5580000, 0x00000000d5580000)
  object space 1398272K, 1% used [0x0000000080000000,0x00000000817004e0,0x00000000d5580000)
 Metaspace       used 53143K, capacity 54488K, committed 54656K, reserved 1097728K
  class space    used 6242K, capacity 6494K, committed 6528K, reserved 1048576K
}
Event: 13.348 GC heap before
{Heap before GC invocations=6 (full 2):
 PSYoungGen      total 611840K, used 188969K [0x00000000d5580000, 0x0000000100000000, 0x0000000100000000)
  eden space 524800K, 31% used [0x00000000d5580000,0x00000000df52d168,0x00000000f5600000)
  from space 87040K, 29% used [0x00000000f5600000,0x00000000f6edd430,0x00000000fab00000)
  to   space 87040K, 0% used [0x00000000fab00000,0x00000000fab00000,0x0000000100000000)
 ParOldGen       total 1398272K, used 23553K [0x0000000080000000, 0x00000000d5580000, 0x00000000d5580000)
  object space 1398272K, 1% used [0x0000000080000000,0x00000000817004e0,0x00000000d5580000)
 Metaspace       used 57438K, capacity 58798K, committed 59008K, reserved 1101824K
  class space    used 6651K, capacity 6923K, committed 7040K, reserved 1048576K
Event: 13.377 GC heap after
Heap after GC invocations=6 (full 2):
 PSYoungGen      total 611840K, used 17381K [0x00000000d5580000, 0x0000000100000000, 0x0000000100000000)
  eden space 524800K, 0% used [0x00000000d5580000,0x00000000d5580000,0x00000000f5600000)
  from space 87040K, 19% used [0x00000000fab00000,0x00000000fbbf9770,0x0000000100000000)
  to   space 87040K, 0% used [0x00000000f5600000,0x00000000f5600000,0x00000000fab00000)
 ParOldGen       total 1398272K, used 23561K [0x0000000080000000, 0x00000000d5580000, 0x00000000d5580000)
  object space 1398272K, 1% used [0x0000000080000000,0x00000000817024e0,0x00000000d5580000)
 Metaspace       used 57438K, capacity 58798K, committed 59008K, reserved 1101824K
  class space    used 6651K, capacity 6923K, committed 7040K, reserved 1048576K
}
Event: 13.377 GC heap before
{Heap before GC invocations=7 (full 3):
 PSYoungGen      total 611840K, used 17381K [0x00000000d5580000, 0x0000000100000000, 0x0000000100000000)
  eden space 524800K, 0% used [0x00000000d5580000,0x00000000d5580000,0x00000000f5600000)
  from space 87040K, 19% used [0x00000000fab00000,0x00000000fbbf9770,0x0000000100000000)
  to   space 87040K, 0% used [0x00000000f5600000,0x00000000f5600000,0x00000000fab00000)
 ParOldGen       total 1398272K, used 23561K [0x0000000080000000, 0x00000000d5580000, 0x00000000d5580000)
  object space 1398272K, 1% used [0x0000000080000000,0x00000000817024e0,0x00000000d5580000)
 Metaspace       used 57438K, capacity 58798K, committed 59008K, reserved 1101824K
  class space    used 6651K, capacity 6923K, committed 7040K, reserved 1048576K
Event: 13.655 GC heap after
Heap after GC invocations=7 (full 3):
 PSYoungGen      total 611840K, used 0K [0x00000000d5580000, 0x0000000100000000, 0x0000000100000000)
  eden space 524800K, 0% used [0x00000000d5580000,0x00000000d5580000,0x00000000f5600000)
  from space 87040K, 0% used [0x00000000fab00000,0x00000000fab00000,0x0000000100000000)
  to   space 87040K, 0% used [0x00000000f5600000,0x00000000f5600000,0x00000000fab00000)
 ParOldGen       total 1398272K, used 29062K [0x0000000080000000, 0x00000000d5580000, 0x00000000d5580000)
  object space 1398272K, 2% used [0x0000000080000000,0x0000000081c61a18,0x00000000d5580000)
 Metaspace       used 57419K, capacity 58750K, committed 59008K, reserved 1101824K
  class space    used 6644K, capacity 6911K, committed 7040K, reserved 1048576K
}

