# JRE version: OpenJDK Runtime Environment (8.0_212-b04) (build 1.8.0_212-b04)
# Java VM: OpenJDK 64-Bit Server VM (25.212-b04 mixed mode linux-amd64 compressed oops)
Heap:
 PSYoungGen      total 553984K, used 234216K [0x00000000d5580000, 0x00000000fab80000, 0x0000000100000000)
  eden space 524800K, 39% used [0x00000000d5580000,0x00000000e1e39250,0x00000000f5600000)
  from space 29184K, 98% used [0x00000000f5600000,0x00000000f7201140,0x00000000f7280000)
  to   space 35328K, 0% used [0x00000000f8900000,0x00000000f8900000,0x00000000fab80000)
 ParOldGen       total 1398272K, used 24642K [0x0000000080000000, 0x00000000d5580000, 0x00000000d5580000)
  object space 1398272K, 1% used [0x0000000080000000,0x0000000081810a28,0x00000000d5580000)
 Metaspace       used 62166K, capacity 64474K, committed 64640K, reserved 1105920K
  class space    used 7125K, capacity 7551K, committed 7552K, reserved 1048576K
GC Heap History (10 events):
Event: 5.301 GC heap before
{Heap before GC invocations=4 (full 2):
 PSYoungGen      total 611840K, used 19300K [0x00000000d5580000, 0x0000000100000000, 0x0000000100000000)
  eden space 524800K, 0% used [0x00000000d5580000,0x00000000d5580000,0x00000000f5600000)
  from space 87040K, 22% used [0x00000000fab00000,0x00000000fbdd9140,0x0000000100000000)
  to   space 87040K, 0% used [0x00000000f5600000,0x00000000f5600000,0x00000000fab00000)
 ParOldGen       total 882688K, used 14277K [0x0000000080000000, 0x00000000b5e00000, 0x00000000d5580000)
  object space 882688K, 1% used [0x0000000080000000,0x0000000080df1650,0x00000000b5e00000)
 Metaspace       used 34830K, capacity 35188K, committed 35416K, reserved 1081344K
  class space    used 3971K, capacity 4092K, committed 4096K, reserved 1048576K
Event: 5.405 GC heap after
Heap after GC invocations=4 (full 2):
 PSYoungGen      total 611840K, used 0K [0x00000000d5580000, 0x0000000100000000, 0x0000000100000000)
  eden space 524800K, 0% used [0x00000000d5580000,0x00000000d5580000,0x00000000f5600000)
  from space 87040K, 0% used [0x00000000fab00000,0x00000000fab00000,0x0000000100000000)
  to   space 87040K, 0% used [0x00000000f5600000,0x00000000f5600000,0x00000000fab00000)
 ParOldGen       total 1398272K, used 23838K [0x0000000080000000, 0x00000000d5580000, 0x00000000d5580000)
  object space 1398272K, 1% used [0x0000000080000000,0x0000000081747b58,0x00000000d5580000)
 Metaspace       used 34830K, capacity 35188K, committed 35416K, reserved 1081344K
  class space    used 3971K, capacity 4092K, committed 4096K, reserved 1048576K
}
Event: 12.159 GC heap before
{Heap before GC invocations=5 (full 2):
 PSYoungGen      total 611840K, used 524800K [0x00000000d5580000, 0x0000000100000000, 0x0000000100000000)
  eden space 524800K, 100% used [0x00000000d5580000,0x00000000f5600000,0x00000000f5600000)
  from space 87040K, 0% used [0x00000000fab00000,0x00000000fab00000,0x0000000100000000)
  to   space 87040K, 0% used [0x00000000f5600000,0x00000000f5600000,0x00000000fab00000)
 ParOldGen       total 1398272K, used 23838K [0x0000000080000000, 0x00000000d5580000, 0x00000000d5580000)
  object space 1398272K, 1% used [0x0000000080000000,0x0000000081747b58,0x00000000d5580000)
 Metaspace       used 55968K, capacity 57318K, committed 57472K, reserved 1099776K
  class space    used 6506K, capacity 6779K, committed 6784K, reserved 1048576K
Event: 12.234 GC heap after
Heap after GC invocations=5 (full 2):
 PSYoungGen      total 611840K, used 28445K [0x00000000d5580000, 0x0000000100000000, 0x0000000100000000)
  eden space 524800K, 0% used [0x00000000d5580000,0x00000000d5580000,0x00000000f5600000)
  from space 87040K, 32% used [0x00000000f5600000,0x00000000f71c7440,0x00000000fab00000)
  to   space 87040K, 0% used [0x00000000fab00000,0x00000000fab00000,0x0000000100000000)
 ParOldGen       total 1398272K, used 23846K [0x0000000080000000, 0x00000000d5580000, 0x00000000d5580000)
  object space 1398272K, 1% used [0x0000000080000000,0x0000000081749b58,0x00000000d5580000)
 Metaspace       used 55968K, capacity 57318K, committed 57472K, reserved 1099776K
  class space    used 6506K, capacity 6779K, committed 6784K, reserved 1048576K
}
Event: 12.415 GC heap before
{Heap before GC invocations=6 (full 2):
 PSYoungGen      total 611840K, used 131334K [0x00000000d5580000, 0x0000000100000000, 0x0000000100000000)
  eden space 524800K, 19% used [0x00000000d5580000,0x00000000db9fa448,0x00000000f5600000)
  from space 87040K, 32% used [0x00000000f5600000,0x00000000f71c7440,0x00000000fab00000)
  to   space 87040K, 0% used [0x00000000fab00000,0x00000000fab00000,0x0000000100000000)
 ParOldGen       total 1398272K, used 23846K [0x0000000080000000, 0x00000000d5580000, 0x00000000d5580000)
  object space 1398272K, 1% used [0x0000000080000000,0x0000000081749b58,0x00000000d5580000)
 Metaspace       used 57472K, capacity 58860K, committed 59008K, reserved 1101824K
  class space    used 6677K, capacity 6968K, committed 7040K, reserved 1048576K
Event: 12.433 GC heap after
Heap after GC invocations=6 (full 2):
 PSYoungGen      total 611840K, used 12435K [0x00000000d5580000, 0x0000000100000000, 0x0000000100000000)
  eden space 524800K, 0% used [0x00000000d5580000,0x00000000d5580000,0x00000000f5600000)
  from space 87040K, 14% used [0x00000000fab00000,0x00000000fb724fa8,0x0000000100000000)
  to   space 87040K, 0% used [0x00000000f5600000,0x00000000f5600000,0x00000000fab00000)
 ParOldGen       total 1398272K, used 23854K [0x0000000080000000, 0x00000000d5580000, 0x00000000d5580000)
  object space 1398272K, 1% used [0x0000000080000000,0x000000008174bb58,0x00000000d5580000)
 Metaspace       used 57472K, capacity 58860K, committed 59008K, reserved 1101824K
  class space    used 6677K, capacity 6968K, committed 7040K, reserved 1048576K
}
Event: 12.433 GC heap before
{Heap before GC invocations=7 (full 3):
 PSYoungGen      total 611840K, used 12435K [0x00000000d5580000, 0x0000000100000000, 0x0000000100000000)
  eden space 524800K, 0% used [0x00000000d5580000,0x00000000d5580000,0x00000000f5600000)
  from space 87040K, 14% used [0x00000000fab00000,0x00000000fb724fa8,0x0000000100000000)
  to   space 87040K, 0% used [0x00000000f5600000,0x00000000f5600000,0x00000000fab00000)
 ParOldGen       total 1398272K, used 23854K [0x0000000080000000, 0x00000000d5580000, 0x00000000d5580000)
  object space 1398272K, 1% used [0x0000000080000000,0x000000008174bb58,0x00000000d5580000)
 Metaspace       used 57472K, capacity 58860K, committed 59008K, reserved 1101824K
  class space    used 6677K, capacity 6968K, committed 7040K, reserved 1048576K
Event: 12.653 GC heap after
Heap after GC invocations=7 (full 3):
 PSYoungGen      total 611840K, used 0K [0x00000000d5580000, 0x0000000100000000, 0x0000000100000000)
  eden space 524800K, 0% used [0x00000000d5580000,0x00000000d5580000,0x00000000f5600000)
  from space 87040K, 0% used [0x00000000fab00000,0x00000000fab00000,0x0000000100000000)
  to   space 87040K, 0% used [0x00000000f5600000,0x00000000f5600000,0x00000000fab00000)
 ParOldGen       total 1398272K, used 24634K [0x0000000080000000, 0x00000000d5580000, 0x00000000d5580000)
  object space 1398272K, 1% used [0x0000000080000000,0x000000008180ea28,0x00000000d5580000)
 Metaspace       used 57456K, capacity 58822K, committed 59008K, reserved 1101824K
  class space    used 6671K, capacity 6957K, committed 7040K, reserved 1048576K
}
Event: 64.242 GC heap before
{Heap before GC invocations=8 (full 3):
 PSYoungGen      total 611840K, used 524800K [0x00000000d5580000, 0x0000000100000000, 0x0000000100000000)
  eden space 524800K, 100% used [0x00000000d5580000,0x00000000f5600000,0x00000000f5600000)
  from space 87040K, 0% used [0x00000000fab00000,0x00000000fab00000,0x0000000100000000)
  to   space 87040K, 0% used [0x00000000f5600000,0x00000000f5600000,0x00000000fab00000)
 ParOldGen       total 1398272K, used 24634K [0x0000000080000000, 0x00000000d5580000, 0x00000000d5580000)
  object space 1398272K, 1% used [0x0000000080000000,0x000000008180ea28,0x00000000d5580000)
 Metaspace       used 61654K, capacity 63936K, committed 64128K, reserved 1105920K
  class space    used 7117K, capacity 7548K, committed 7552K, reserved 1048576K
Event: 64.323 GC heap after
Heap after GC invocations=8 (full 3):
 PSYoungGen      total 553984K, used 28676K [0x00000000d5580000, 0x00000000fab80000, 0x0000000100000000)
  eden space 524800K, 0% used [0x00000000d5580000,0x00000000d5580000,0x00000000f5600000)
  from space 29184K, 98% used [0x00000000f5600000,0x00000000f7201140,0x00000000f7280000)
  to   space 35328K, 0% used [0x00000000f8900000,0x00000000f8900000,0x00000000fab80000)
 ParOldGen       total 1398272K, used 24642K [0x0000000080000000, 0x00000000d5580000, 0x00000000d5580000)
  object space 1398272K, 1% used [0x0000000080000000,0x0000000081810a28,0x00000000d5580000)
 Metaspace       used 61654K, capacity 63936K, committed 64128K, reserved 1105920K
  class space    used 7117K, capacity 7548K, committed 7552K, reserved 1048576K
}

