# JRE version: OpenJDK Runtime Environment (8.0_212-b04) (build 1.8.0_212-b04)
# Java VM: OpenJDK 64-Bit Server VM (25.212-b04 mixed mode linux-amd64 compressed oops)
Heap:
 PSYoungGen      total 611840K, used 246310K [0x00000000d5580000, 0x0000000100000000, 0x0000000100000000)
  eden space 524800K, 46% used [0x00000000d5580000,0x00000000e4609ba8,0x00000000f5600000)
  from space 87040K, 0% used [0x00000000fab00000,0x00000000fab00000,0x0000000100000000)
  to   space 87040K, 0% used [0x00000000f5600000,0x00000000f5600000,0x00000000fab00000)
 ParOldGen       total 1398272K, used 27568K [0x0000000080000000, 0x00000000d5580000, 0x00000000d5580000)
  object space 1398272K, 1% used [0x0000000080000000,0x0000000081aec1e8,0x00000000d5580000)
 Metaspace       used 64128K, capacity 66672K, committed 66816K, reserved 1107968K
  class space    used 7425K, capacity 7874K, committed 7936K, reserved 1048576K
GC Heap History (10 events):
Event: 4.234 GC heap before
{Heap before GC invocations=3 (full 1):
 PSYoungGen      total 611840K, used 469964K [0x00000000d5580000, 0x0000000100000000, 0x0000000100000000)
  eden space 524800K, 89% used [0x00000000d5580000,0x00000000f2073010,0x00000000f5600000)
  from space 87040K, 0% used [0x00000000f5600000,0x00000000f5600000,0x00000000fab00000)
  to   space 87040K, 0% used [0x00000000fab00000,0x00000000fab00000,0x0000000100000000)
 ParOldGen       total 863232K, used 14303K [0x0000000080000000, 0x00000000b4b00000, 0x00000000d5580000)
  object space 863232K, 1% used [0x0000000080000000,0x0000000080df7da8,0x00000000b4b00000)
 Metaspace       used 34759K, capacity 35092K, committed 35416K, reserved 1081344K
  class space    used 3961K, capacity 4060K, committed 4096K, reserved 1048576K
Event: 4.271 GC heap after
Heap after GC invocations=3 (full 1):
 PSYoungGen      total 611840K, used 19259K [0x00000000d5580000, 0x0000000100000000, 0x0000000100000000)
  eden space 524800K, 0% used [0x00000000d5580000,0x00000000d5580000,0x00000000f5600000)
  from space 87040K, 22% used [0x00000000fab00000,0x00000000fbdcef48,0x0000000100000000)
  to   space 87040K, 0% used [0x00000000f5600000,0x00000000f5600000,0x00000000fab00000)
 ParOldGen       total 863232K, used 14303K [0x0000000080000000, 0x00000000b4b00000, 0x00000000d5580000)
  object space 863232K, 1% used [0x0000000080000000,0x0000000080df7da8,0x00000000b4b00000)
 Metaspace       used 34759K, capacity 35092K, committed 35416K, reserved 1081344K
  class space    used 3961K, capacity 4060K, committed 4096K, reserved 1048576K
}
Event: 4.272 GC heap before
{Heap before GC invocations=4 (full 2):
 PSYoungGen      total 611840K, used 19259K [0x00000000d5580000, 0x0000000100000000, 0x0000000100000000)
  eden space 524800K, 0% used [0x00000000d5580000,0x00000000d5580000,0x00000000f5600000)
  from space 87040K, 22% used [0x00000000fab00000,0x00000000fbdcef48,0x0000000100000000)
  to   space 87040K, 0% used [0x00000000f5600000,0x00000000f5600000,0x00000000fab00000)
 ParOldGen       total 863232K, used 14303K [0x0000000080000000, 0x00000000b4b00000, 0x00000000d5580000)
  object space 863232K, 1% used [0x0000000080000000,0x0000000080df7da8,0x00000000b4b00000)
 Metaspace       used 34759K, capacity 35092K, committed 35416K, reserved 1081344K
  class space    used 3961K, capacity 4060K, committed 4096K, reserved 1048576K
Event: 4.373 GC heap after
Heap after GC invocations=4 (full 2):
 PSYoungGen      total 611840K, used 0K [0x00000000d5580000, 0x0000000100000000, 0x0000000100000000)
  eden space 524800K, 0% used [0x00000000d5580000,0x00000000d5580000,0x00000000f5600000)
  from space 87040K, 0% used [0x00000000fab00000,0x00000000fab00000,0x0000000100000000)
  to   space 87040K, 0% used [0x00000000f5600000,0x00000000f5600000,0x00000000fab00000)
 ParOldGen       total 1398272K, used 23807K [0x0000000080000000, 0x00000000d5580000, 0x00000000d5580000)
  object space 1398272K, 1% used [0x0000000080000000,0x000000008173fc78,0x00000000d5580000)
 Metaspace       used 34759K, capacity 35092K, committed 35416K, reserved 1081344K
  class space    used 3961K, capacity 4060K, committed 4096K, reserved 1048576K
}
Event: 10.803 GC heap before
{Heap before GC invocations=5 (full 2):
 PSYoungGen      total 611840K, used 524800K [0x00000000d5580000, 0x0000000100000000, 0x0000000100000000)
  eden space 524800K, 100% used [0x00000000d5580000,0x00000000f5600000,0x00000000f5600000)
  from space 87040K, 0% used [0x00000000fab00000,0x00000000fab00000,0x0000000100000000)
  to   space 87040K, 0% used [0x00000000f5600000,0x00000000f5600000,0x00000000fab00000)
 ParOldGen       total 1398272K, used 23807K [0x0000000080000000, 0x00000000d5580000, 0x00000000d5580000)
  object space 1398272K, 1% used [0x0000000080000000,0x000000008173fc78,0x00000000d5580000)
 Metaspace       used 53258K, capacity 54654K, committed 54912K, reserved 1097728K
  class space    used 6239K, capacity 6503K, committed 6528K, reserved 1048576K
Event: 10.848 GC heap after
Heap after GC invocations=5 (full 2):
 PSYoungGen      total 611840K, used 27113K [0x00000000d5580000, 0x0000000100000000, 0x0000000100000000)
  eden space 524800K, 0% used [0x00000000d5580000,0x00000000d5580000,0x00000000f5600000)
  from space 87040K, 31% used [0x00000000f5600000,0x00000000f707a5e0,0x00000000fab00000)
  to   space 87040K, 0% used [0x00000000fab00000,0x00000000fab00000,0x0000000100000000)
 ParOldGen       total 1398272K, used 23815K [0x0000000080000000, 0x00000000d5580000, 0x00000000d5580000)
  object space 1398272K, 1% used [0x0000000080000000,0x0000000081741c78,0x00000000d5580000)
 Metaspace       used 53258K, capacity 54654K, committed 54912K, reserved 1097728K
  class space    used 6239K, capacity 6503K, committed 6528K, reserved 1048576K
}
Event: 11.371 GC heap before
{Heap before GC invocations=6 (full 2):
 PSYoungGen      total 611840K, used 121257K [0x00000000d5580000, 0x0000000100000000, 0x0000000100000000)
  eden space 524800K, 17% used [0x00000000d5580000,0x00000000db16ffb8,0x00000000f5600000)
  from space 87040K, 31% used [0x00000000f5600000,0x00000000f707a5e0,0x00000000fab00000)
  to   space 87040K, 0% used [0x00000000fab00000,0x00000000fab00000,0x0000000100000000)
 ParOldGen       total 1398272K, used 23815K [0x0000000080000000, 0x00000000d5580000, 0x00000000d5580000)
  object space 1398272K, 1% used [0x0000000080000000,0x0000000081741c78,0x00000000d5580000)
 Metaspace       used 57349K, capacity 58804K, committed 59028K, reserved 1101824K
  class space    used 6631K, capacity 6898K, committed 6912K, reserved 1048576K
Event: 11.398 GC heap after
Heap after GC invocations=6 (full 2):
 PSYoungGen      total 611840K, used 15517K [0x00000000d5580000, 0x0000000100000000, 0x0000000100000000)
  eden space 524800K, 0% used [0x00000000d5580000,0x00000000d5580000,0x00000000f5600000)
  from space 87040K, 17% used [0x00000000fab00000,0x00000000fba27788,0x0000000100000000)
  to   space 87040K, 0% used [0x00000000f5600000,0x00000000f5600000,0x00000000fab00000)
 ParOldGen       total 1398272K, used 23815K [0x0000000080000000, 0x00000000d5580000, 0x00000000d5580000)
  object space 1398272K, 1% used [0x0000000080000000,0x0000000081741c78,0x00000000d5580000)
 Metaspace       used 57349K, capacity 58804K, committed 59028K, reserved 1101824K
  class space    used 6631K, capacity 6898K, committed 6912K, reserved 1048576K
}
Event: 11.398 GC heap before
{Heap before GC invocations=7 (full 3):
 PSYoungGen      total 611840K, used 15517K [0x00000000d5580000, 0x0000000100000000, 0x0000000100000000)
  eden space 524800K, 0% used [0x00000000d5580000,0x00000000d5580000,0x00000000f5600000)
  from space 87040K, 17% used [0x00000000fab00000,0x00000000fba27788,0x0000000100000000)
  to   space 87040K, 0% used [0x00000000f5600000,0x00000000f5600000,0x00000000fab00000)
 ParOldGen       total 1398272K, used 23815K [0x0000000080000000, 0x00000000d5580000, 0x00000000d5580000)
  object space 1398272K, 1% used [0x0000000080000000,0x0000000081741c78,0x00000000d5580000)
 Metaspace       used 57349K, capacity 58804K, committed 59028K, reserved 1101824K
  class space    used 6631K, capacity 6898K, committed 6912K, reserved 1048576K
Event: 11.662 GC heap after
Heap after GC invocations=7 (full 3):
 PSYoungGen      total 611840K, used 0K [0x00000000d5580000, 0x0000000100000000, 0x0000000100000000)
  eden space 524800K, 0% used [0x00000000d5580000,0x00000000d5580000,0x00000000f5600000)
  from space 87040K, 0% used [0x00000000fab00000,0x00000000fab00000,0x0000000100000000)
  to   space 87040K, 0% used [0x00000000f5600000,0x00000000f5600000,0x00000000fab00000)
 ParOldGen       total 1398272K, used 27568K [0x0000000080000000, 0x00000000d5580000, 0x00000000d5580000)
  object space 1398272K, 1% used [0x0000000080000000,0x0000000081aec1e8,0x00000000d5580000)
 Metaspace       used 57320K, capacity 58732K, committed 59028K, reserved 1101824K
  class space    used 6620K, capacity 6880K, committed 6912K, reserved 1048576K
}

