# JRE version: OpenJDK Runtime Environment (8.0_212-b04) (build 1.8.0_212-b04)
# Java VM: OpenJDK 64-Bit Server VM (25.212-b04 mixed mode linux-amd64 compressed oops)
Heap:
 PSYoungGen      total 611840K, used 173533K [0x00000000d5580000, 0x0000000100000000, 0x0000000100000000)
  eden space 524800K, 33% used [0x00000000d5580000,0x00000000dfef7430,0x00000000f5600000)
  from space 87040K, 0% used [0x00000000f5600000,0x00000000f5600000,0x00000000fab00000)
  to   space 87040K, 0% used [0x00000000fab00000,0x00000000fab00000,0x0000000100000000)
 ParOldGen       total 1398272K, used 41978K [0x0000000080000000, 0x00000000d5580000, 0x00000000d5580000)
  object space 1398272K, 3% used [0x0000000080000000,0x00000000828fe818,0x00000000d5580000)
 Metaspace       used 62056K, capacity 64508K, committed 64768K, reserved 1105920K
  class space    used 7193K, capacity 7642K, committed 7680K, reserved 1048576K
GC Heap History (10 events):
Event: 2.190 GC heap before
{Heap before GC invocations=2 (full 1):
 PSYoungGen      total 611840K, used 14324K [0x00000000d5580000, 0x0000000100000000, 0x0000000100000000)
  eden space 524800K, 0% used [0x00000000d5580000,0x00000000d5580000,0x00000000f5600000)
  from space 87040K, 16% used [0x00000000f5600000,0x00000000f63fd368,0x00000000fab00000)
  to   space 87040K, 0% used [0x00000000fab00000,0x00000000fab00000,0x0000000100000000)
 ParOldGen       total 1398272K, used 80K [0x0000000080000000, 0x00000000d5580000, 0x00000000d5580000)
  object space 1398272K, 0% used [0x0000000080000000,0x0000000080014010,0x00000000d5580000)
 Metaspace       used 20814K, capacity 21106K, committed 21248K, reserved 1069056K
  class space    used 2366K, capacity 2482K, committed 2560K, reserved 1048576K
Event: 2.249 GC heap after
Heap after GC invocations=2 (full 1):
 PSYoungGen      total 611840K, used 0K [0x00000000d5580000, 0x0000000100000000, 0x0000000100000000)
  eden space 524800K, 0% used [0x00000000d5580000,0x00000000d5580000,0x00000000f5600000)
  from space 87040K, 0% used [0x00000000f5600000,0x00000000f5600000,0x00000000fab00000)
  to   space 87040K, 0% used [0x00000000fab00000,0x00000000fab00000,0x0000000100000000)
 ParOldGen       total 883200K, used 13827K [0x0000000080000000, 0x00000000b5e80000, 0x00000000d5580000)
  object space 883200K, 1% used [0x0000000080000000,0x0000000080d80e08,0x00000000b5e80000)
 Metaspace       used 20814K, capacity 21106K, committed 21248K, reserved 1069056K
  class space    used 2366K, capacity 2482K, committed 2560K, reserved 1048576K
}
Event: 4.369 GC heap before
{Heap before GC invocations=3 (full 1):
 PSYoungGen      total 611840K, used 424307K [0x00000000d5580000, 0x0000000100000000, 0x0000000100000000)
  eden space 524800K, 80% used [0x00000000d5580000,0x00000000ef3dcc48,0x00000000f5600000)
  from space 87040K, 0% used [0x00000000f5600000,0x00000000f5600000,0x00000000fab00000)
  to   space 87040K, 0% used [0x00000000fab00000,0x00000000fab00000,0x0000000100000000)
 ParOldGen       total 883200K, used 13827K [0x0000000080000000, 0x00000000b5e80000, 0x00000000d5580000)
  object space 883200K, 1% used [0x0000000080000000,0x0000000080d80e08,0x00000000b5e80000)
 Metaspace       used 34811K, capacity 35156K, committed 35416K, reserved 1081344K
  class space    used 3963K, capacity 4060K, committed 4096K, reserved 1048576K
Event: 4.411 GC heap after
Heap after GC invocations=3 (full 1):
 PSYoungGen      total 611840K, used 19240K [0x00000000d5580000, 0x0000000100000000, 0x0000000100000000)
  eden space 524800K, 0% used [0x00000000d5580000,0x00000000d5580000,0x00000000f5600000)
  from space 87040K, 22% used [0x00000000fab00000,0x00000000fbdca390,0x0000000100000000)
  to   space 87040K, 0% used [0x00000000f5600000,0x00000000f5600000,0x00000000fab00000)
 ParOldGen       total 883200K, used 13827K [0x0000000080000000, 0x00000000b5e80000, 0x00000000d5580000)
  object space 883200K, 1% used [0x0000000080000000,0x0000000080d80e08,0x00000000b5e80000)
 Metaspace       used 34811K, capacity 35156K, committed 35416K, reserved 1081344K
  class space    used 3963K, capacity 4060K, committed 4096K, reserved 1048576K
}
Event: 4.411 GC heap before
{Heap before GC invocations=4 (full 2):
 PSYoungGen      total 611840K, used 19240K [0x00000000d5580000, 0x0000000100000000, 0x0000000100000000)
  eden space 524800K, 0% used [0x00000000d5580000,0x00000000d5580000,0x00000000f5600000)
  from space 87040K, 22% used [0x00000000fab00000,0x00000000fbdca390,0x0000000100000000)
  to   space 87040K, 0% used [0x00000000f5600000,0x00000000f5600000,0x00000000fab00000)
 ParOldGen       total 883200K, used 13827K [0x0000000080000000, 0x00000000b5e80000, 0x00000000d5580000)
  object space 883200K, 1% used [0x0000000080000000,0x0000000080d80e08,0x00000000b5e80000)
 Metaspace       used 34811K, capacity 35156K, committed 35416K, reserved 1081344K
  class space    used 3963K, capacity 4060K, committed 4096K, reserved 1048576K
Event: 4.521 GC heap after
Heap after GC invocations=4 (full 2):
 PSYoungGen      total 611840K, used 0K [0x00000000d5580000, 0x0000000100000000, 0x0000000100000000)
  eden space 524800K, 0% used [0x00000000d5580000,0x00000000d5580000,0x00000000f5600000)
  from space 87040K, 0% used [0x00000000fab00000,0x00000000fab00000,0x0000000100000000)
  to   space 87040K, 0% used [0x00000000f5600000,0x00000000f5600000,0x00000000fab00000)
 ParOldGen       total 1398272K, used 23578K [0x0000000080000000, 0x00000000d5580000, 0x00000000d5580000)
  object space 1398272K, 1% used [0x0000000080000000,0x00000000817068a8,0x00000000d5580000)
 Metaspace       used 34811K, capacity 35156K, committed 35416K, reserved 1081344K
  class space    used 3963K, capacity 4060K, committed 4096K, reserved 1048576K
}
Event: 11.287 GC heap before
{Heap before GC invocations=5 (full 2):
 PSYoungGen      total 611840K, used 435861K [0x00000000d5580000, 0x0000000100000000, 0x0000000100000000)
  eden space 524800K, 83% used [0x00000000d5580000,0x00000000eff25498,0x00000000f5600000)
  from space 87040K, 0% used [0x00000000fab00000,0x00000000fab00000,0x0000000100000000)
  to   space 87040K, 0% used [0x00000000f5600000,0x00000000f5600000,0x00000000fab00000)
 ParOldGen       total 1398272K, used 23578K [0x0000000080000000, 0x00000000d5580000, 0x00000000d5580000)
  object space 1398272K, 1% used [0x0000000080000000,0x00000000817068a8,0x00000000d5580000)
 Metaspace       used 57389K, capacity 58784K, committed 59028K, reserved 1101824K
  class space    used 6627K, capacity 6894K, committed 6912K, reserved 1048576K
Event: 11.337 GC heap after
Heap after GC invocations=5 (full 2):
 PSYoungGen      total 611840K, used 31480K [0x00000000d5580000, 0x0000000100000000, 0x0000000100000000)
  eden space 524800K, 0% used [0x00000000d5580000,0x00000000d5580000,0x00000000f5600000)
  from space 87040K, 36% used [0x00000000f5600000,0x00000000f74be0d0,0x00000000fab00000)
  to   space 87040K, 0% used [0x00000000fab00000,0x00000000fab00000,0x0000000100000000)
 ParOldGen       total 1398272K, used 23586K [0x0000000080000000, 0x00000000d5580000, 0x00000000d5580000)
  object space 1398272K, 1% used [0x0000000080000000,0x00000000817088a8,0x00000000d5580000)
 Metaspace       used 57389K, capacity 58784K, committed 59028K, reserved 1101824K
  class space    used 6627K, capacity 6894K, committed 6912K, reserved 1048576K
}
Event: 11.337 GC heap before
{Heap before GC invocations=6 (full 3):
 PSYoungGen      total 611840K, used 31480K [0x00000000d5580000, 0x0000000100000000, 0x0000000100000000)
  eden space 524800K, 0% used [0x00000000d5580000,0x00000000d5580000,0x00000000f5600000)
  from space 87040K, 36% used [0x00000000f5600000,0x00000000f74be0d0,0x00000000fab00000)
  to   space 87040K, 0% used [0x00000000fab00000,0x00000000fab00000,0x0000000100000000)
 ParOldGen       total 1398272K, used 23586K [0x0000000080000000, 0x00000000d5580000, 0x00000000d5580000)
  object space 1398272K, 1% used [0x0000000080000000,0x00000000817088a8,0x00000000d5580000)
 Metaspace       used 57389K, capacity 58784K, committed 59028K, reserved 1101824K
  class space    used 6627K, capacity 6894K, committed 6912K, reserved 1048576K
Event: 11.573 GC heap after
Heap after GC invocations=6 (full 3):
 PSYoungGen      total 611840K, used 0K [0x00000000d5580000, 0x0000000100000000, 0x0000000100000000)
  eden space 524800K, 0% used [0x00000000d5580000,0x00000000d5580000,0x00000000f5600000)
  from space 87040K, 0% used [0x00000000f5600000,0x00000000f5600000,0x00000000fab00000)
  to   space 87040K, 0% used [0x00000000fab00000,0x00000000fab00000,0x0000000100000000)
 ParOldGen       total 1398272K, used 41978K [0x0000000080000000, 0x00000000d5580000, 0x00000000d5580000)
  object space 1398272K, 3% used [0x0000000080000000,0x00000000828fe818,0x00000000d5580000)
 Metaspace       used 57370K, capacity 58736K, committed 59028K, reserved 1101824K
  class space    used 6620K, capacity 6882K, committed 6912K, reserved 1048576K
}

