# JRE version: OpenJDK Runtime Environment (8.0_212-b04) (build 1.8.0_212-b04)
# Java VM: OpenJDK 64-Bit Server VM (25.212-b04 mixed mode linux-amd64 compressed oops)
Heap:
 PSYoungGen      total 404992K, used 132358K [0x00000000d5580000, 0x0000000100000000, 0x0000000100000000)
  eden space 377344K, 27% used [0x00000000d5580000,0x00000000dbbc7670,0x00000000ec600000)
  from space 27648K, 99% used [0x00000000f9080000,0x00000000fab7a278,0x00000000fab80000)
  to   space 160768K, 0% used [0x00000000ec600000,0x00000000ec600000,0x00000000f6300000)
 ParOldGen       total 1398272K, used 979982K [0x0000000080000000, 0x00000000d5580000, 0x00000000d5580000)
  object space 1398272K, 70% used [0x0000000080000000,0x00000000bbd03998,0x00000000d5580000)
 Metaspace       used 65627K, capacity 68606K, committed 68736K, reserved 1110016K
  class space    used 7524K, capacity 8059K, committed 8064K, reserved 1048576K
GC Heap History (10 events):
Event: 13.511 GC heap before
{Heap before GC invocations=5 (full 2):
 PSYoungGen      total 611840K, used 524800K [0x00000000d5580000, 0x0000000100000000, 0x0000000100000000)
  eden space 524800K, 100% used [0x00000000d5580000,0x00000000f5600000,0x00000000f5600000)
  from space 87040K, 0% used [0x00000000fab00000,0x00000000fab00000,0x0000000100000000)
  to   space 87040K, 0% used [0x00000000f5600000,0x00000000f5600000,0x00000000fab00000)
 ParOldGen       total 1398272K, used 23859K [0x0000000080000000, 0x00000000d5580000, 0x00000000d5580000)
  object space 1398272K, 1% used [0x0000000080000000,0x000000008174ce30,0x00000000d5580000)
 Metaspace       used 50344K, capacity 51500K, committed 51712K, reserved 1095680K
  class space    used 5887K, capacity 6102K, committed 6144K, reserved 1048576K
Event: 13.571 GC heap after
Heap after GC invocations=5 (full 2):
 PSYoungGen      total 611840K, used 24553K [0x00000000d5580000, 0x0000000100000000, 0x0000000100000000)
  eden space 524800K, 0% used [0x00000000d5580000,0x00000000d5580000,0x00000000f5600000)
  from space 87040K, 28% used [0x00000000f5600000,0x00000000f6dfa4b8,0x00000000fab00000)
  to   space 87040K, 0% used [0x00000000fab00000,0x00000000fab00000,0x0000000100000000)
 ParOldGen       total 1398272K, used 23867K [0x0000000080000000, 0x00000000d5580000, 0x00000000d5580000)
  object space 1398272K, 1% used [0x0000000080000000,0x000000008174ee30,0x00000000d5580000)
 Metaspace       used 50344K, capacity 51500K, committed 51712K, reserved 1095680K
  class space    used 5887K, capacity 6102K, committed 6144K, reserved 1048576K
}
Event: 17.197 GC heap before
{Heap before GC invocations=6 (full 2):
 PSYoungGen      total 611840K, used 267077K [0x00000000d5580000, 0x0000000100000000, 0x0000000100000000)
  eden space 524800K, 46% used [0x00000000d5580000,0x00000000e4257250,0x00000000f5600000)
  from space 87040K, 28% used [0x00000000f5600000,0x00000000f6dfa4b8,0x00000000fab00000)
  to   space 87040K, 0% used [0x00000000fab00000,0x00000000fab00000,0x0000000100000000)
 ParOldGen       total 1398272K, used 23867K [0x0000000080000000, 0x00000000d5580000, 0x00000000d5580000)
  object space 1398272K, 1% used [0x0000000080000000,0x000000008174ee30,0x00000000d5580000)
 Metaspace       used 57091K, capacity 58846K, committed 59028K, reserved 1101824K
  class space    used 6609K, capacity 6885K, committed 6912K, reserved 1048576K
Event: 17.234 GC heap after
Heap after GC invocations=6 (full 2):
 PSYoungGen      total 611840K, used 21471K [0x00000000d5580000, 0x0000000100000000, 0x0000000100000000)
  eden space 524800K, 0% used [0x00000000d5580000,0x00000000d5580000,0x00000000f5600000)
  from space 87040K, 24% used [0x00000000fab00000,0x00000000fbff7c08,0x0000000100000000)
  to   space 87040K, 0% used [0x00000000f5600000,0x00000000f5600000,0x00000000fab00000)
 ParOldGen       total 1398272K, used 23875K [0x0000000080000000, 0x00000000d5580000, 0x00000000d5580000)
  object space 1398272K, 1% used [0x0000000080000000,0x0000000081750e30,0x00000000d5580000)
 Metaspace       used 57091K, capacity 58846K, committed 59028K, reserved 1101824K
  class space    used 6609K, capacity 6885K, committed 6912K, reserved 1048576K
}
Event: 17.234 GC heap before
{Heap before GC invocations=7 (full 3):
 PSYoungGen      total 611840K, used 21471K [0x00000000d5580000, 0x0000000100000000, 0x0000000100000000)
  eden space 524800K, 0% used [0x00000000d5580000,0x00000000d5580000,0x00000000f5600000)
  from space 87040K, 24% used [0x00000000fab00000,0x00000000fbff7c08,0x0000000100000000)
  to   space 87040K, 0% used [0x00000000f5600000,0x00000000f5600000,0x00000000fab00000)
 ParOldGen       total 1398272K, used 23875K [0x0000000080000000, 0x00000000d5580000, 0x00000000d5580000)
  object space 1398272K, 1% used [0x0000000080000000,0x0000000081750e30,0x00000000d5580000)
 Metaspace       used 57091K, capacity 58846K, committed 59028K, reserved 1101824K
  class space    used 6609K, capacity 6885K, committed 6912K, reserved 1048576K
Event: 17.566 GC heap after
Heap after GC invocations=7 (full 3):
 PSYoungGen      total 611840K, used 0K [0x00000000d5580000, 0x0000000100000000, 0x0000000100000000)
  eden space 524800K, 0% used [0x00000000d5580000,0x00000000d5580000,0x00000000f5600000)
  from space 87040K, 0% used [0x00000000fab00000,0x00000000fab00000,0x0000000100000000)
  to   space 87040K, 0% used [0x00000000f5600000,0x00000000f5600000,0x00000000fab00000)
 ParOldGen       total 1398272K, used 33274K [0x0000000080000000, 0x00000000d5580000, 0x00000000d5580000)
  object space 1398272K, 2% used [0x0000000080000000,0x000000008207eaa8,0x00000000d5580000)
 Metaspace       used 56927K, capacity 58370K, committed 59028K, reserved 1101824K
  class space    used 6557K, capacity 6793K, committed 6912K, reserved 1048576K
}
Event: 24.510 GC heap before
{Heap before GC invocations=8 (full 3):
 PSYoungGen      total 611840K, used 398648K [0x00000000d5580000, 0x0000000100000000, 0x0000000100000000)
  eden space 524800K, 75% used [0x00000000d5580000,0x00000000edace178,0x00000000f5600000)
  from space 87040K, 0% used [0x00000000fab00000,0x00000000fab00000,0x0000000100000000)
  to   space 87040K, 0% used [0x00000000f5600000,0x00000000f5600000,0x00000000fab00000)
 ParOldGen       total 1398272K, used 33274K [0x0000000080000000, 0x00000000d5580000, 0x00000000d5580000)
  object space 1398272K, 2% used [0x0000000080000000,0x000000008207eaa8,0x00000000d5580000)
 Metaspace       used 60994K, capacity 63294K, committed 63360K, reserved 1105920K
  class space    used 7100K, capacity 7529K, committed 7552K, reserved 1048576K
Event: 24.884 GC heap after
Heap after GC invocations=8 (full 3):
 PSYoungGen      total 538112K, used 12866K [0x00000000d5580000, 0x00000000fab80000, 0x0000000100000000)
  eden space 524800K, 0% used [0x00000000d5580000,0x00000000d5580000,0x00000000f5600000)
  from space 13312K, 96% used [0x00000000f5600000,0x00000000f6290b50,0x00000000f6300000)
  to   space 27648K, 0% used [0x00000000f9080000,0x00000000f9080000,0x00000000fab80000)
 ParOldGen       total 1398272K, used 442874K [0x0000000080000000, 0x00000000d5580000, 0x00000000d5580000)
  object space 1398272K, 31% used [0x0000000080000000,0x000000009b07eac8,0x00000000d5580000)
 Metaspace       used 60994K, capacity 63294K, committed 63360K, reserved 1105920K
  class space    used 7100K, capacity 7529K, committed 7552K, reserved 1048576K
}
Event: 27.210 GC heap before
{Heap before GC invocations=9 (full 3):
 PSYoungGen      total 538112K, used 537666K [0x00000000d5580000, 0x00000000fab80000, 0x0000000100000000)
  eden space 524800K, 100% used [0x00000000d5580000,0x00000000f5600000,0x00000000f5600000)
  from space 13312K, 96% used [0x00000000f5600000,0x00000000f6290b50,0x00000000f6300000)
  to   space 27648K, 0% used [0x00000000f9080000,0x00000000f9080000,0x00000000fab80000)
 ParOldGen       total 1398272K, used 750074K [0x0000000080000000, 0x00000000d5580000, 0x00000000d5580000)
  object space 1398272K, 53% used [0x0000000080000000,0x00000000adc7ead8,0x00000000d5580000)
 Metaspace       used 65252K, capacity 68240K, committed 68480K, reserved 1110016K
  class space    used 7522K, capacity 8056K, committed 8064K, reserved 1048576K
Event: 27.379 GC heap after
Heap after GC invocations=9 (full 3):
 PSYoungGen      total 404992K, used 27624K [0x00000000d5580000, 0x0000000100000000, 0x0000000100000000)
  eden space 377344K, 0% used [0x00000000d5580000,0x00000000d5580000,0x00000000ec600000)
  from space 27648K, 99% used [0x00000000f9080000,0x00000000fab7a278,0x00000000fab80000)
  to   space 160768K, 0% used [0x00000000ec600000,0x00000000ec600000,0x00000000f6300000)
 ParOldGen       total 1398272K, used 979982K [0x0000000080000000, 0x00000000d5580000, 0x00000000d5580000)
  object space 1398272K, 70% used [0x0000000080000000,0x00000000bbd03998,0x00000000d5580000)
 Metaspace       used 65252K, capacity 68240K, committed 68480K, reserved 1110016K
  class space    used 7522K, capacity 8056K, committed 8064K, reserved 1048576K
}

