# JRE version: OpenJDK Runtime Environment (8.0_212-b04) (build 1.8.0_212-b04)
# Java VM: OpenJDK 64-Bit Server VM (25.212-b04 mixed mode linux-amd64 compressed oops)
Heap:
 PSYoungGen      total 587264K, used 187697K [0x00000000d5580000, 0x00000000fbc00000, 0x0000000100000000)
  eden space 524800K, 23% used [0x00000000d5580000,0x00000000dd02aa68,0x00000000f5600000)
  from space 62464K, 99% used [0x00000000f5600000,0x00000000f92a1ad8,0x00000000f9300000)
  to   space 41984K, 0% used [0x00000000f9300000,0x00000000f9300000,0x00000000fbc00000)
 ParOldGen       total 1398272K, used 32558K [0x0000000080000000, 0x00000000d5580000, 0x00000000d5580000)
  object space 1398272K, 2% used [0x0000000080000000,0x0000000081fcb810,0x00000000d5580000)
 Metaspace       used 76295K, capacity 79393K, committed 79616K, reserved 1120256K
  class space    used 8897K, capacity 9453K, committed 9472K, reserved 1048576K
GC Heap History (10 events):
Event: 4.170 GC heap before
{Heap before GC invocations=4 (full 2):
 PSYoungGen      total 611840K, used 19463K [0x00000000d5580000, 0x0000000100000000, 0x0000000100000000)
  eden space 524800K, 0% used [0x00000000d5580000,0x00000000d5580000,0x00000000f5600000)
  from space 87040K, 22% used [0x00000000fab00000,0x00000000fbe01cd0,0x0000000100000000)
  to   space 87040K, 0% used [0x00000000f5600000,0x00000000f5600000,0x00000000fab00000)
 ParOldGen       total 875520K, used 13500K [0x0000000080000000, 0x00000000b5700000, 0x00000000d5580000)
  object space 875520K, 1% used [0x0000000080000000,0x0000000080d2f080,0x00000000b5700000)
 Metaspace       used 34710K, capacity 35018K, committed 35416K, reserved 1081344K
  class space    used 4187K, capacity 4289K, committed 4352K, reserved 1048576K
Event: 4.296 GC heap after
Heap after GC invocations=4 (full 2):
 PSYoungGen      total 611840K, used 0K [0x00000000d5580000, 0x0000000100000000, 0x0000000100000000)
  eden space 524800K, 0% used [0x00000000d5580000,0x00000000d5580000,0x00000000f5600000)
  from space 87040K, 0% used [0x00000000fab00000,0x00000000fab00000,0x0000000100000000)
  to   space 87040K, 0% used [0x00000000f5600000,0x00000000f5600000,0x00000000fab00000)
 ParOldGen       total 1398272K, used 24315K [0x0000000080000000, 0x00000000d5580000, 0x00000000d5580000)
  object space 1398272K, 1% used [0x0000000080000000,0x00000000817bec28,0x00000000d5580000)
 Metaspace       used 34710K, capacity 35018K, committed 35416K, reserved 1081344K
  class space    used 4187K, capacity 4289K, committed 4352K, reserved 1048576K
}
Event: 7.140 GC heap before
{Heap before GC invocations=5 (full 2):
 PSYoungGen      total 611840K, used 524800K [0x00000000d5580000, 0x0000000100000000, 0x0000000100000000)
  eden space 524800K, 100% used [0x00000000d5580000,0x00000000f5600000,0x00000000f5600000)
  from space 87040K, 0% used [0x00000000fab00000,0x00000000fab00000,0x0000000100000000)
  to   space 87040K, 0% used [0x00000000f5600000,0x00000000f5600000,0x00000000fab00000)
 ParOldGen       total 1398272K, used 24315K [0x0000000080000000, 0x00000000d5580000, 0x00000000d5580000)
  object space 1398272K, 1% used [0x0000000080000000,0x00000000817bec28,0x00000000d5580000)
 Metaspace       used 49329K, capacity 50182K, committed 50432K, reserved 1093632K
  class space    used 5869K, capacity 6053K, committed 6144K, reserved 1048576K
Event: 7.181 GC heap after
Heap after GC invocations=5 (full 2):
 PSYoungGen      total 611840K, used 20273K [0x00000000d5580000, 0x0000000100000000, 0x0000000100000000)
  eden space 524800K, 0% used [0x00000000d5580000,0x00000000d5580000,0x00000000f5600000)
  from space 87040K, 23% used [0x00000000f5600000,0x00000000f69cc6a8,0x00000000fab00000)
  to   space 87040K, 0% used [0x00000000fab00000,0x00000000fab00000,0x0000000100000000)
 ParOldGen       total 1398272K, used 24323K [0x0000000080000000, 0x00000000d5580000, 0x00000000d5580000)
  object space 1398272K, 1% used [0x0000000080000000,0x00000000817c0c28,0x00000000d5580000)
 Metaspace       used 49329K, capacity 50182K, committed 50432K, reserved 1093632K
  class space    used 5869K, capacity 6053K, committed 6144K, reserved 1048576K
}
Event: 11.416 GC heap before
{Heap before GC invocations=6 (full 2):
 PSYoungGen      total 611840K, used 328175K [0x00000000d5580000, 0x0000000100000000, 0x0000000100000000)
  eden space 524800K, 58% used [0x00000000d5580000,0x00000000e822f670,0x00000000f5600000)
  from space 87040K, 23% used [0x00000000f5600000,0x00000000f69cc6a8,0x00000000fab00000)
  to   space 87040K, 0% used [0x00000000fab00000,0x00000000fab00000,0x0000000100000000)
 ParOldGen       total 1398272K, used 24323K [0x0000000080000000, 0x00000000d5580000, 0x00000000d5580000)
  object space 1398272K, 1% used [0x0000000080000000,0x00000000817c0c28,0x00000000d5580000)
 Metaspace       used 57804K, capacity 58973K, committed 59028K, reserved 1101824K
  class space    used 6938K, capacity 7168K, committed 7168K, reserved 1048576K
Event: 11.454 GC heap after
Heap after GC invocations=6 (full 2):
 PSYoungGen      total 611840K, used 20107K [0x00000000d5580000, 0x0000000100000000, 0x0000000100000000)
  eden space 524800K, 0% used [0x00000000d5580000,0x00000000d5580000,0x00000000f5600000)
  from space 87040K, 23% used [0x00000000fab00000,0x00000000fbea2e70,0x0000000100000000)
  to   space 87040K, 0% used [0x00000000f5600000,0x00000000f5600000,0x00000000fab00000)
 ParOldGen       total 1398272K, used 24331K [0x0000000080000000, 0x00000000d5580000, 0x00000000d5580000)
  object space 1398272K, 1% used [0x0000000080000000,0x00000000817c2c28,0x00000000d5580000)
 Metaspace       used 57804K, capacity 58973K, committed 59028K, reserved 1101824K
  class space    used 6938K, capacity 7168K, committed 7168K, reserved 1048576K
}
Event: 11.454 GC heap before
{Heap before GC invocations=7 (full 3):
 PSYoungGen      total 611840K, used 20107K [0x00000000d5580000, 0x0000000100000000, 0x0000000100000000)
  eden space 524800K, 0% used [0x00000000d5580000,0x00000000d5580000,0x00000000f5600000)
  from space 87040K, 23% used [0x00000000fab00000,0x00000000fbea2e70,0x0000000100000000)
  to   space 87040K, 0% used [0x00000000f5600000,0x00000000f5600000,0x00000000fab00000)
 ParOldGen       total 1398272K, used 24331K [0x0000000080000000, 0x00000000d5580000, 0x00000000d5580000)
  object space 1398272K, 1% used [0x0000000080000000,0x00000000817c2c28,0x00000000d5580000)
 Metaspace       used 57804K, capacity 58973K, committed 59028K, reserved 1101824K
  class space    used 6938K, capacity 7168K, committed 7168K, reserved 1048576K
Event: 11.700 GC heap after
Heap after GC invocations=7 (full 3):
 PSYoungGen      total 611840K, used 0K [0x00000000d5580000, 0x0000000100000000, 0x0000000100000000)
  eden space 524800K, 0% used [0x00000000d5580000,0x00000000d5580000,0x00000000f5600000)
  from space 87040K, 0% used [0x00000000fab00000,0x00000000fab00000,0x0000000100000000)
  to   space 87040K, 0% used [0x00000000f5600000,0x00000000f5600000,0x00000000fab00000)
 ParOldGen       total 1398272K, used 32558K [0x0000000080000000, 0x00000000d5580000, 0x00000000d5580000)
  object space 1398272K, 2% used [0x0000000080000000,0x0000000081fcb810,0x00000000d5580000)
 Metaspace       used 57724K, capacity 58779K, committed 59028K, reserved 1101824K
  class space    used 6910K, capacity 7119K, committed 7168K, reserved 1048576K
}
Event: 24.896 GC heap before
{Heap before GC invocations=8 (full 3):
 PSYoungGen      total 611840K, used 524797K [0x00000000d5580000, 0x0000000100000000, 0x0000000100000000)
  eden space 524800K, 99% used [0x00000000d5580000,0x00000000f55ff540,0x00000000f5600000)
  from space 87040K, 0% used [0x00000000fab00000,0x00000000fab00000,0x0000000100000000)
  to   space 87040K, 0% used [0x00000000f5600000,0x00000000f5600000,0x00000000fab00000)
 ParOldGen       total 1398272K, used 32558K [0x0000000080000000, 0x00000000d5580000, 0x00000000d5580000)
  object space 1398272K, 2% used [0x0000000080000000,0x0000000081fcb810,0x00000000d5580000)
 Metaspace       used 75928K, capacity 78835K, committed 79104K, reserved 1118208K
  class space    used 8869K, capacity 9412K, committed 9472K, reserved 1048576K
Event: 24.997 GC heap after
Heap after GC invocations=8 (full 3):
 PSYoungGen      total 587264K, used 62086K [0x00000000d5580000, 0x00000000fbc00000, 0x0000000100000000)
  eden space 524800K, 0% used [0x00000000d5580000,0x00000000d5580000,0x00000000f5600000)
  from space 62464K, 99% used [0x00000000f5600000,0x00000000f92a1ad8,0x00000000f9300000)
  to   space 41984K, 0% used [0x00000000f9300000,0x00000000f9300000,0x00000000fbc00000)
 ParOldGen       total 1398272K, used 32558K [0x0000000080000000, 0x00000000d5580000, 0x00000000d5580000)
  object space 1398272K, 2% used [0x0000000080000000,0x0000000081fcb810,0x00000000d5580000)
 Metaspace       used 75928K, capacity 78835K, committed 79104K, reserved 1118208K
  class space    used 8869K, capacity 9412K, committed 9472K, reserved 1048576K
}

