# JRE version: OpenJDK Runtime Environment (8.0_212-b04) (build 1.8.0_212-b04)
# Java VM: OpenJDK 64-Bit Server VM (25.212-b04 mixed mode linux-amd64 compressed oops)
Heap:
 PSYoungGen      total 611840K, used 319306K [0x00000000d5580000, 0x0000000100000000, 0x0000000100000000)
  eden space 524800K, 60% used [0x00000000d5580000,0x00000000e8d52bb0,0x00000000f5600000)
  from space 87040K, 0% used [0x00000000fab00000,0x00000000fab00000,0x0000000100000000)
  to   space 87040K, 0% used [0x00000000f5600000,0x00000000f5600000,0x00000000fab00000)
 ParOldGen       total 1398272K, used 34182K [0x0000000080000000, 0x00000000d5580000, 0x00000000d5580000)
  object space 1398272K, 2% used [0x0000000080000000,0x00000000821619a8,0x00000000d5580000)
 Metaspace       used 67767K, capacity 70186K, committed 70528K, reserved 1112064K
  class space    used 7771K, capacity 8199K, committed 8320K, reserved 1048576K
GC Heap History (10 events):
Event: 4.751 GC heap before
{Heap before GC invocations=3 (full 1):
 PSYoungGen      total 611840K, used 469773K [0x00000000d5580000, 0x0000000100000000, 0x0000000100000000)
  eden space 524800K, 89% used [0x00000000d5580000,0x00000000f20436d0,0x00000000f5600000)
  from space 87040K, 0% used [0x00000000f5600000,0x00000000f5600000,0x00000000fab00000)
  to   space 87040K, 0% used [0x00000000fab00000,0x00000000fab00000,0x0000000100000000)
 ParOldGen       total 855040K, used 14347K [0x0000000080000000, 0x00000000b4300000, 0x00000000d5580000)
  object space 855040K, 1% used [0x0000000080000000,0x0000000080e02f90,0x00000000b4300000)
 Metaspace       used 34742K, capacity 35092K, committed 35416K, reserved 1081344K
  class space    used 3951K, capacity 4060K, committed 4096K, reserved 1048576K
Event: 4.790 GC heap after
Heap after GC invocations=3 (full 1):
 PSYoungGen      total 611840K, used 19356K [0x00000000d5580000, 0x0000000100000000, 0x0000000100000000)
  eden space 524800K, 0% used [0x00000000d5580000,0x00000000d5580000,0x00000000f5600000)
  from space 87040K, 22% used [0x00000000fab00000,0x00000000fbde7060,0x0000000100000000)
  to   space 87040K, 0% used [0x00000000f5600000,0x00000000f5600000,0x00000000fab00000)
 ParOldGen       total 855040K, used 14347K [0x0000000080000000, 0x00000000b4300000, 0x00000000d5580000)
  object space 855040K, 1% used [0x0000000080000000,0x0000000080e02f90,0x00000000b4300000)
 Metaspace       used 34742K, capacity 35092K, committed 35416K, reserved 1081344K
  class space    used 3951K, capacity 4060K, committed 4096K, reserved 1048576K
}
Event: 4.790 GC heap before
{Heap before GC invocations=4 (full 2):
 PSYoungGen      total 611840K, used 19356K [0x00000000d5580000, 0x0000000100000000, 0x0000000100000000)
  eden space 524800K, 0% used [0x00000000d5580000,0x00000000d5580000,0x00000000f5600000)
  from space 87040K, 22% used [0x00000000fab00000,0x00000000fbde7060,0x0000000100000000)
  to   space 87040K, 0% used [0x00000000f5600000,0x00000000f5600000,0x00000000fab00000)
 ParOldGen       total 855040K, used 14347K [0x0000000080000000, 0x00000000b4300000, 0x00000000d5580000)
  object space 855040K, 1% used [0x0000000080000000,0x0000000080e02f90,0x00000000b4300000)
 Metaspace       used 34742K, capacity 35092K, committed 35416K, reserved 1081344K
  class space    used 3951K, capacity 4060K, committed 4096K, reserved 1048576K
Event: 4.895 GC heap after
Heap after GC invocations=4 (full 2):
 PSYoungGen      total 611840K, used 0K [0x00000000d5580000, 0x0000000100000000, 0x0000000100000000)
  eden space 524800K, 0% used [0x00000000d5580000,0x00000000d5580000,0x00000000f5600000)
  from space 87040K, 0% used [0x00000000fab00000,0x00000000fab00000,0x0000000100000000)
  to   space 87040K, 0% used [0x00000000f5600000,0x00000000f5600000,0x00000000fab00000)
 ParOldGen       total 1398272K, used 23988K [0x0000000080000000, 0x00000000d5580000, 0x00000000d5580000)
  object space 1398272K, 1% used [0x0000000080000000,0x000000008176d060,0x00000000d5580000)
 Metaspace       used 34742K, capacity 35092K, committed 35416K, reserved 1081344K
  class space    used 3951K, capacity 4060K, committed 4096K, reserved 1048576K
}
Event: 11.470 GC heap before
{Heap before GC invocations=5 (full 2):
 PSYoungGen      total 611840K, used 524800K [0x00000000d5580000, 0x0000000100000000, 0x0000000100000000)
  eden space 524800K, 100% used [0x00000000d5580000,0x00000000f5600000,0x00000000f5600000)
  from space 87040K, 0% used [0x00000000fab00000,0x00000000fab00000,0x0000000100000000)
  to   space 87040K, 0% used [0x00000000f5600000,0x00000000f5600000,0x00000000fab00000)
 ParOldGen       total 1398272K, used 23988K [0x0000000080000000, 0x00000000d5580000, 0x00000000d5580000)
  object space 1398272K, 1% used [0x0000000080000000,0x000000008176d060,0x00000000d5580000)
 Metaspace       used 51585K, capacity 52978K, committed 53248K, reserved 1095680K
  class space    used 6078K, capacity 6347K, committed 6400K, reserved 1048576K
Event: 11.537 GC heap after
Heap after GC invocations=5 (full 2):
 PSYoungGen      total 611840K, used 23717K [0x00000000d5580000, 0x0000000100000000, 0x0000000100000000)
  eden space 524800K, 0% used [0x00000000d5580000,0x00000000d5580000,0x00000000f5600000)
  from space 87040K, 27% used [0x00000000f5600000,0x00000000f6d29718,0x00000000fab00000)
  to   space 87040K, 0% used [0x00000000fab00000,0x00000000fab00000,0x0000000100000000)
 ParOldGen       total 1398272K, used 23996K [0x0000000080000000, 0x00000000d5580000, 0x00000000d5580000)
  object space 1398272K, 1% used [0x0000000080000000,0x000000008176f060,0x00000000d5580000)
 Metaspace       used 51585K, capacity 52978K, committed 53248K, reserved 1095680K
  class space    used 6078K, capacity 6347K, committed 6400K, reserved 1048576K
}
Event: 19.562 GC heap before
{Heap before GC invocations=6 (full 2):
 PSYoungGen      total 611840K, used 249005K [0x00000000d5580000, 0x0000000100000000, 0x0000000100000000)
  eden space 524800K, 42% used [0x00000000d5580000,0x00000000e3182050,0x00000000f5600000)
  from space 87040K, 27% used [0x00000000f5600000,0x00000000f6d29718,0x00000000fab00000)
  to   space 87040K, 0% used [0x00000000fab00000,0x00000000fab00000,0x0000000100000000)
 ParOldGen       total 1398272K, used 23996K [0x0000000080000000, 0x00000000d5580000, 0x00000000d5580000)
  object space 1398272K, 1% used [0x0000000080000000,0x000000008176f060,0x00000000d5580000)
 Metaspace       used 56914K, capacity 58990K, committed 59008K, reserved 1101824K
  class space    used 6648K, capacity 7031K, committed 7040K, reserved 1048576K
Event: 19.616 GC heap after
Heap after GC invocations=6 (full 2):
 PSYoungGen      total 611840K, used 22289K [0x00000000d5580000, 0x0000000100000000, 0x0000000100000000)
  eden space 524800K, 0% used [0x00000000d5580000,0x00000000d5580000,0x00000000f5600000)
  from space 87040K, 25% used [0x00000000fab00000,0x00000000fc0c4408,0x0000000100000000)
  to   space 87040K, 0% used [0x00000000f5600000,0x00000000f5600000,0x00000000fab00000)
 ParOldGen       total 1398272K, used 24004K [0x0000000080000000, 0x00000000d5580000, 0x00000000d5580000)
  object space 1398272K, 1% used [0x0000000080000000,0x0000000081771060,0x00000000d5580000)
 Metaspace       used 56914K, capacity 58990K, committed 59008K, reserved 1101824K
  class space    used 6648K, capacity 7031K, committed 7040K, reserved 1048576K
}
Event: 19.616 GC heap before
{Heap before GC invocations=7 (full 3):
 PSYoungGen      total 611840K, used 22289K [0x00000000d5580000, 0x0000000100000000, 0x0000000100000000)
  eden space 524800K, 0% used [0x00000000d5580000,0x00000000d5580000,0x00000000f5600000)
  from space 87040K, 25% used [0x00000000fab00000,0x00000000fc0c4408,0x0000000100000000)
  to   space 87040K, 0% used [0x00000000f5600000,0x00000000f5600000,0x00000000fab00000)
 ParOldGen       total 1398272K, used 24004K [0x0000000080000000, 0x00000000d5580000, 0x00000000d5580000)
  object space 1398272K, 1% used [0x0000000080000000,0x0000000081771060,0x00000000d5580000)
 Metaspace       used 56914K, capacity 58990K, committed 59008K, reserved 1101824K
  class space    used 6648K, capacity 7031K, committed 7040K, reserved 1048576K
Event: 19.912 GC heap after
Heap after GC invocations=7 (full 3):
 PSYoungGen      total 611840K, used 0K [0x00000000d5580000, 0x0000000100000000, 0x0000000100000000)
  eden space 524800K, 0% used [0x00000000d5580000,0x00000000d5580000,0x00000000f5600000)
  from space 87040K, 0% used [0x00000000fab00000,0x00000000fab00000,0x0000000100000000)
  to   space 87040K, 0% used [0x00000000f5600000,0x00000000f5600000,0x00000000fab00000)
 ParOldGen       total 1398272K, used 34182K [0x0000000080000000, 0x00000000d5580000, 0x00000000d5580000)
  object space 1398272K, 2% used [0x0000000080000000,0x00000000821619a8,0x00000000d5580000)
 Metaspace       used 56724K, capacity 58476K, committed 59008K, reserved 1101824K
  class space    used 6581K, capacity 6912K, committed 7040K, reserved 1048576K
}

