# JRE version: OpenJDK Runtime Environment (8.0_212-b04) (build 1.8.0_212-b04)
# Java VM: OpenJDK 64-Bit Server VM (25.212-b04 mixed mode linux-amd64 compressed oops)
Heap:
 PSYoungGen      total 585728K, used 448453K [0x00000000d5580000, 0x00000000fcd00000, 0x0000000100000000)
  eden space 524800K, 73% used [0x00000000d5580000,0x00000000ed06e7d0,0x00000000f5600000)
  from space 60928K, 99% used [0x00000000f5600000,0x00000000f9102f88,0x00000000f9180000)
  to   space 60928K, 0% used [0x00000000f9180000,0x00000000f9180000,0x00000000fcd00000)
 ParOldGen       total 1398272K, used 47117K [0x0000000080000000, 0x00000000d5580000, 0x00000000d5580000)
  object space 1398272K, 3% used [0x0000000080000000,0x0000000082e03778,0x00000000d5580000)
 Metaspace       used 72388K, capacity 75826K, committed 75992K, reserved 1116160K
  class space    used 7969K, capacity 8577K, committed 8664K, reserved 1048576K
GC Heap History (10 events):
Event: 5.087 GC heap before
{Heap before GC invocations=4 (full 2):
 PSYoungGen      total 611840K, used 14181K [0x00000000d5580000, 0x0000000100000000, 0x0000000100000000)
  eden space 524800K, 0% used [0x00000000d5580000,0x00000000d5580000,0x00000000f5600000)
  from space 87040K, 16% used [0x00000000fab00000,0x00000000fb8d97d8,0x0000000100000000)
  to   space 87040K, 0% used [0x00000000f5600000,0x00000000f5600000,0x00000000fab00000)
 ParOldGen       total 860672K, used 18699K [0x0000000080000000, 0x00000000b4880000, 0x00000000d5580000)
  object space 860672K, 2% used [0x0000000080000000,0x0000000081242f70,0x00000000b4880000)
 Metaspace       used 34756K, capacity 35154K, committed 35456K, reserved 1081344K
  class space    used 3971K, capacity 4101K, committed 4224K, reserved 1048576K
Event: 5.208 GC heap after
Heap after GC invocations=4 (full 2):
 PSYoungGen      total 611840K, used 0K [0x00000000d5580000, 0x0000000100000000, 0x0000000100000000)
  eden space 524800K, 0% used [0x00000000d5580000,0x00000000d5580000,0x00000000f5600000)
  from space 87040K, 0% used [0x00000000fab00000,0x00000000fab00000,0x0000000100000000)
  to   space 87040K, 0% used [0x00000000f5600000,0x00000000f5600000,0x00000000fab00000)
 ParOldGen       total 1398272K, used 22481K [0x0000000080000000, 0x00000000d5580000, 0x00000000d5580000)
  object space 1398272K, 1% used [0x0000000080000000,0x00000000815f4708,0x00000000d5580000)
 Metaspace       used 34756K, capacity 35154K, committed 35456K, reserved 1081344K
  class space    used 3971K, capacity 4101K, committed 4224K, reserved 1048576K
}
Event: 11.244 GC heap before
{Heap before GC invocations=5 (full 2):
 PSYoungGen      total 611840K, used 524800K [0x00000000d5580000, 0x0000000100000000, 0x0000000100000000)
  eden space 524800K, 100% used [0x00000000d5580000,0x00000000f5600000,0x00000000f5600000)
  from space 87040K, 0% used [0x00000000fab00000,0x00000000fab00000,0x0000000100000000)
  to   space 87040K, 0% used [0x00000000f5600000,0x00000000f5600000,0x00000000fab00000)
 ParOldGen       total 1398272K, used 22481K [0x0000000080000000, 0x00000000d5580000, 0x00000000d5580000)
  object space 1398272K, 1% used [0x0000000080000000,0x00000000815f4708,0x00000000d5580000)
 Metaspace       used 52546K, capacity 54036K, committed 54144K, reserved 1097728K
  class space    used 6220K, capacity 6492K, committed 6528K, reserved 1048576K
Event: 11.316 GC heap after
Heap after GC invocations=5 (full 2):
 PSYoungGen      total 611840K, used 26446K [0x00000000d5580000, 0x0000000100000000, 0x0000000100000000)
  eden space 524800K, 0% used [0x00000000d5580000,0x00000000d5580000,0x00000000f5600000)
  from space 87040K, 30% used [0x00000000f5600000,0x00000000f6fd3b98,0x00000000fab00000)
  to   space 87040K, 0% used [0x00000000fab00000,0x00000000fab00000,0x0000000100000000)
 ParOldGen       total 1398272K, used 22489K [0x0000000080000000, 0x00000000d5580000, 0x00000000d5580000)
  object space 1398272K, 1% used [0x0000000080000000,0x00000000815f6708,0x00000000d5580000)
 Metaspace       used 52546K, capacity 54036K, committed 54144K, reserved 1097728K
  class space    used 6220K, capacity 6492K, committed 6528K, reserved 1048576K
}
Event: 20.777 GC heap before
{Heap before GC invocations=6 (full 2):
 PSYoungGen      total 611840K, used 274586K [0x00000000d5580000, 0x0000000100000000, 0x0000000100000000)
  eden space 524800K, 47% used [0x00000000d5580000,0x00000000e47d2db0,0x00000000f5600000)
  from space 87040K, 30% used [0x00000000f5600000,0x00000000f6fd3b98,0x00000000fab00000)
  to   space 87040K, 0% used [0x00000000fab00000,0x00000000fab00000,0x0000000100000000)
 ParOldGen       total 1398272K, used 22489K [0x0000000080000000, 0x00000000d5580000, 0x00000000d5580000)
  object space 1398272K, 1% used [0x0000000080000000,0x00000000815f6708,0x00000000d5580000)
 Metaspace       used 56747K, capacity 58988K, committed 59096K, reserved 1101824K
  class space    used 6645K, capacity 7066K, committed 7128K, reserved 1048576K
Event: 20.857 GC heap after
Heap after GC invocations=6 (full 2):
 PSYoungGen      total 611840K, used 34893K [0x00000000d5580000, 0x0000000100000000, 0x0000000100000000)
  eden space 524800K, 0% used [0x00000000d5580000,0x00000000d5580000,0x00000000f5600000)
  from space 87040K, 40% used [0x00000000fab00000,0x00000000fcd13740,0x0000000100000000)
  to   space 87040K, 0% used [0x00000000f5600000,0x00000000f5600000,0x00000000fab00000)
 ParOldGen       total 1398272K, used 22497K [0x0000000080000000, 0x00000000d5580000, 0x00000000d5580000)
  object space 1398272K, 1% used [0x0000000080000000,0x00000000815f8708,0x00000000d5580000)
 Metaspace       used 56747K, capacity 58988K, committed 59096K, reserved 1101824K
  class space    used 6645K, capacity 7066K, committed 7128K, reserved 1048576K
}
Event: 20.857 GC heap before
{Heap before GC invocations=7 (full 3):
 PSYoungGen      total 611840K, used 34893K [0x00000000d5580000, 0x0000000100000000, 0x0000000100000000)
  eden space 524800K, 0% used [0x00000000d5580000,0x00000000d5580000,0x00000000f5600000)
  from space 87040K, 40% used [0x00000000fab00000,0x00000000fcd13740,0x0000000100000000)
  to   space 87040K, 0% used [0x00000000f5600000,0x00000000f5600000,0x00000000fab00000)
 ParOldGen       total 1398272K, used 22497K [0x0000000080000000, 0x00000000d5580000, 0x00000000d5580000)
  object space 1398272K, 1% used [0x0000000080000000,0x00000000815f8708,0x00000000d5580000)
 Metaspace       used 56747K, capacity 58988K, committed 59096K, reserved 1101824K
  class space    used 6645K, capacity 7066K, committed 7128K, reserved 1048576K
Event: 21.190 GC heap after
Heap after GC invocations=7 (full 3):
 PSYoungGen      total 611840K, used 0K [0x00000000d5580000, 0x0000000100000000, 0x0000000100000000)
  eden space 524800K, 0% used [0x00000000d5580000,0x00000000d5580000,0x00000000f5600000)
  from space 87040K, 0% used [0x00000000fab00000,0x00000000fab00000,0x0000000100000000)
  to   space 87040K, 0% used [0x00000000f5600000,0x00000000f5600000,0x00000000fab00000)
 ParOldGen       total 1398272K, used 47109K [0x0000000080000000, 0x00000000d5580000, 0x00000000d5580000)
  object space 1398272K, 3% used [0x0000000080000000,0x0000000082e01778,0x00000000d5580000)
 Metaspace       used 56442K, capacity 58210K, committed 59096K, reserved 1101824K
  class space    used 6539K, capacity 6879K, committed 7128K, reserved 1048576K
}
Event: 26.813 GC heap before
{Heap before GC invocations=8 (full 3):
 PSYoungGen      total 611840K, used 524787K [0x00000000d5580000, 0x0000000100000000, 0x0000000100000000)
  eden space 524800K, 99% used [0x00000000d5580000,0x00000000f55fcc48,0x00000000f5600000)
  from space 87040K, 0% used [0x00000000fab00000,0x00000000fab00000,0x0000000100000000)
  to   space 87040K, 0% used [0x00000000f5600000,0x00000000f5600000,0x00000000fab00000)
 ParOldGen       total 1398272K, used 47109K [0x0000000080000000, 0x00000000d5580000, 0x00000000d5580000)
  object space 1398272K, 3% used [0x0000000080000000,0x0000000082e01778,0x00000000d5580000)
 Metaspace       used 68447K, capacity 71490K, committed 71768K, reserved 1112064K
  class space    used 7726K, capacity 8239K, committed 8280K, reserved 1048576K
Event: 26.894 GC heap after
Heap after GC invocations=8 (full 3):
 PSYoungGen      total 585728K, used 60427K [0x00000000d5580000, 0x00000000fcd00000, 0x0000000100000000)
  eden space 524800K, 0% used [0x00000000d5580000,0x00000000d5580000,0x00000000f5600000)
  from space 60928K, 99% used [0x00000000f5600000,0x00000000f9102f88,0x00000000f9180000)
  to   space 60928K, 0% used [0x00000000f9180000,0x00000000f9180000,0x00000000fcd00000)
 ParOldGen       total 1398272K, used 47117K [0x0000000080000000, 0x00000000d5580000, 0x00000000d5580000)
  object space 1398272K, 3% used [0x0000000080000000,0x0000000082e03778,0x00000000d5580000)
 Metaspace       used 68447K, capacity 71490K, committed 71768K, reserved 1112064K
  class space    used 7726K, capacity 8239K, committed 8280K, reserved 1048576K
}

