# JRE version: OpenJDK Runtime Environment (8.0_212-b04) (build 1.8.0_212-b04)
# Java VM: OpenJDK 64-Bit Server VM (25.212-b04 mixed mode linux-amd64 compressed oops)
Heap:
 PSYoungGen      total 611840K, used 233287K [0x00000000d5580000, 0x0000000100000000, 0x0000000100000000)
  eden space 524800K, 41% used [0x00000000d5580000,0x00000000e2ad1e48,0x00000000f5600000)
  from space 87040K, 17% used [0x00000000fab00000,0x00000000fb97fe50,0x0000000100000000)
  to   space 87040K, 0% used [0x00000000f5600000,0x00000000f5600000,0x00000000fab00000)
 ParOldGen       total 1398272K, used 39212K [0x0000000080000000, 0x00000000d5580000, 0x00000000d5580000)
  object space 1398272K, 2% used [0x0000000080000000,0x000000008264b250,0x00000000d5580000)
 Metaspace       used 66629K, capacity 69116K, committed 69376K, reserved 1110016K
  class space    used 7359K, capacity 7830K, committed 7936K, reserved 1048576K
GC Heap History (10 events):
Event: 4.859 GC heap before
{Heap before GC invocations=3 (full 1):
 PSYoungGen      total 611840K, used 436647K [0x00000000d5580000, 0x0000000100000000, 0x0000000100000000)
  eden space 524800K, 83% used [0x00000000d5580000,0x00000000effe9e70,0x00000000f5600000)
  from space 87040K, 0% used [0x00000000f5600000,0x00000000f5600000,0x00000000fab00000)
  to   space 87040K, 0% used [0x00000000fab00000,0x00000000fab00000,0x0000000100000000)
 ParOldGen       total 847360K, used 13692K [0x0000000080000000, 0x00000000b3b80000, 0x00000000d5580000)
  object space 847360K, 1% used [0x0000000080000000,0x0000000080d5f228,0x00000000b3b80000)
 Metaspace       used 34594K, capacity 34964K, committed 35416K, reserved 1081344K
  class space    used 3939K, capacity 4060K, committed 4096K, reserved 1048576K
Event: 4.906 GC heap after
Heap after GC invocations=3 (full 1):
 PSYoungGen      total 611840K, used 19128K [0x00000000d5580000, 0x0000000100000000, 0x0000000100000000)
  eden space 524800K, 0% used [0x00000000d5580000,0x00000000d5580000,0x00000000f5600000)
  from space 87040K, 21% used [0x00000000fab00000,0x00000000fbdae3e0,0x0000000100000000)
  to   space 87040K, 0% used [0x00000000f5600000,0x00000000f5600000,0x00000000fab00000)
 ParOldGen       total 847360K, used 13692K [0x0000000080000000, 0x00000000b3b80000, 0x00000000d5580000)
  object space 847360K, 1% used [0x0000000080000000,0x0000000080d5f228,0x00000000b3b80000)
 Metaspace       used 34594K, capacity 34964K, committed 35416K, reserved 1081344K
  class space    used 3939K, capacity 4060K, committed 4096K, reserved 1048576K
}
Event: 4.907 GC heap before
{Heap before GC invocations=4 (full 2):
 PSYoungGen      total 611840K, used 19128K [0x00000000d5580000, 0x0000000100000000, 0x0000000100000000)
  eden space 524800K, 0% used [0x00000000d5580000,0x00000000d5580000,0x00000000f5600000)
  from space 87040K, 21% used [0x00000000fab00000,0x00000000fbdae3e0,0x0000000100000000)
  to   space 87040K, 0% used [0x00000000f5600000,0x00000000f5600000,0x00000000fab00000)
 ParOldGen       total 847360K, used 13692K [0x0000000080000000, 0x00000000b3b80000, 0x00000000d5580000)
  object space 847360K, 1% used [0x0000000080000000,0x0000000080d5f228,0x00000000b3b80000)
 Metaspace       used 34594K, capacity 34964K, committed 35416K, reserved 1081344K
  class space    used 3939K, capacity 4060K, committed 4096K, reserved 1048576K
Event: 5.027 GC heap after
Heap after GC invocations=4 (full 2):
 PSYoungGen      total 611840K, used 0K [0x00000000d5580000, 0x0000000100000000, 0x0000000100000000)
  eden space 524800K, 0% used [0x00000000d5580000,0x00000000d5580000,0x00000000f5600000)
  from space 87040K, 0% used [0x00000000fab00000,0x00000000fab00000,0x0000000100000000)
  to   space 87040K, 0% used [0x00000000f5600000,0x00000000f5600000,0x00000000fab00000)
 ParOldGen       total 1398272K, used 23325K [0x0000000080000000, 0x00000000d5580000, 0x00000000d5580000)
  object space 1398272K, 1% used [0x0000000080000000,0x00000000816c74c0,0x00000000d5580000)
 Metaspace       used 34594K, capacity 34964K, committed 35416K, reserved 1081344K
  class space    used 3939K, capacity 4060K, committed 4096K, reserved 1048576K
}
Event: 30.424 GC heap before
{Heap before GC invocations=5 (full 2):
 PSYoungGen      total 611840K, used 436947K [0x00000000d5580000, 0x0000000100000000, 0x0000000100000000)
  eden space 524800K, 83% used [0x00000000d5580000,0x00000000f0034d10,0x00000000f5600000)
  from space 87040K, 0% used [0x00000000fab00000,0x00000000fab00000,0x0000000100000000)
  to   space 87040K, 0% used [0x00000000f5600000,0x00000000f5600000,0x00000000fab00000)
 ParOldGen       total 1398272K, used 23325K [0x0000000080000000, 0x00000000d5580000, 0x00000000d5580000)
  object space 1398272K, 1% used [0x0000000080000000,0x00000000816c74c0,0x00000000d5580000)
 Metaspace       used 57202K, capacity 58840K, committed 59008K, reserved 1101824K
  class space    used 6649K, capacity 6962K, committed 7040K, reserved 1048576K
Event: 30.499 GC heap after
Heap after GC invocations=5 (full 2):
 PSYoungGen      total 611840K, used 29167K [0x00000000d5580000, 0x0000000100000000, 0x0000000100000000)
  eden space 524800K, 0% used [0x00000000d5580000,0x00000000d5580000,0x00000000f5600000)
  from space 87040K, 33% used [0x00000000f5600000,0x00000000f727bc48,0x00000000fab00000)
  to   space 87040K, 0% used [0x00000000fab00000,0x00000000fab00000,0x0000000100000000)
 ParOldGen       total 1398272K, used 23333K [0x0000000080000000, 0x00000000d5580000, 0x00000000d5580000)
  object space 1398272K, 1% used [0x0000000080000000,0x00000000816c94c0,0x00000000d5580000)
 Metaspace       used 57202K, capacity 58840K, committed 59008K, reserved 1101824K
  class space    used 6649K, capacity 6962K, committed 7040K, reserved 1048576K
}
Event: 30.499 GC heap before
{Heap before GC invocations=6 (full 3):
 PSYoungGen      total 611840K, used 29167K [0x00000000d5580000, 0x0000000100000000, 0x0000000100000000)
  eden space 524800K, 0% used [0x00000000d5580000,0x00000000d5580000,0x00000000f5600000)
  from space 87040K, 33% used [0x00000000f5600000,0x00000000f727bc48,0x00000000fab00000)
  to   space 87040K, 0% used [0x00000000fab00000,0x00000000fab00000,0x0000000100000000)
 ParOldGen       total 1398272K, used 23333K [0x0000000080000000, 0x00000000d5580000, 0x00000000d5580000)
  object space 1398272K, 1% used [0x0000000080000000,0x00000000816c94c0,0x00000000d5580000)
 Metaspace       used 57202K, capacity 58840K, committed 59008K, reserved 1101824K
  class space    used 6649K, capacity 6962K, committed 7040K, reserved 1048576K
Event: 30.779 GC heap after
Heap after GC invocations=6 (full 3):
 PSYoungGen      total 611840K, used 0K [0x00000000d5580000, 0x0000000100000000, 0x0000000100000000)
  eden space 524800K, 0% used [0x00000000d5580000,0x00000000d5580000,0x00000000f5600000)
  from space 87040K, 0% used [0x00000000f5600000,0x00000000f5600000,0x00000000fab00000)
  to   space 87040K, 0% used [0x00000000fab00000,0x00000000fab00000,0x0000000100000000)
 ParOldGen       total 1398272K, used 39204K [0x0000000080000000, 0x00000000d5580000, 0x00000000d5580000)
  object space 1398272K, 2% used [0x0000000080000000,0x0000000082649250,0x00000000d5580000)
 Metaspace       used 57202K, capacity 58840K, committed 59008K, reserved 1101824K
  class space    used 6649K, capacity 6962K, committed 7040K, reserved 1048576K
}
Event: 70.594 GC heap before
{Heap before GC invocations=7 (full 3):
 PSYoungGen      total 611840K, used 524800K [0x00000000d5580000, 0x0000000100000000, 0x0000000100000000)
  eden space 524800K, 100% used [0x00000000d5580000,0x00000000f5600000,0x00000000f5600000)
  from space 87040K, 0% used [0x00000000f5600000,0x00000000f5600000,0x00000000fab00000)
  to   space 87040K, 0% used [0x00000000fab00000,0x00000000fab00000,0x0000000100000000)
 ParOldGen       total 1398272K, used 39204K [0x0000000080000000, 0x00000000d5580000, 0x00000000d5580000)
  object space 1398272K, 2% used [0x0000000080000000,0x0000000082649250,0x00000000d5580000)
 Metaspace       used 66173K, capacity 68646K, committed 68736K, reserved 1110016K
  class space    used 7343K, capacity 7805K, committed 7808K, reserved 1048576K
Event: 70.643 GC heap after
Heap after GC invocations=7 (full 3):
 PSYoungGen      total 611840K, used 14847K [0x00000000d5580000, 0x0000000100000000, 0x0000000100000000)
  eden space 524800K, 0% used [0x00000000d5580000,0x00000000d5580000,0x00000000f5600000)
  from space 87040K, 17% used [0x00000000fab00000,0x00000000fb97fe50,0x0000000100000000)
  to   space 87040K, 0% used [0x00000000f5600000,0x00000000f5600000,0x00000000fab00000)
 ParOldGen       total 1398272K, used 39212K [0x0000000080000000, 0x00000000d5580000, 0x00000000d5580000)
  object space 1398272K, 2% used [0x0000000080000000,0x000000008264b250,0x00000000d5580000)
 Metaspace       used 66173K, capacity 68646K, committed 68736K, reserved 1110016K
  class space    used 7343K, capacity 7805K, committed 7808K, reserved 1048576K
}

