# JRE version: OpenJDK Runtime Environment (8.0_212-b04) (build 1.8.0_212-b04)
# Java VM: OpenJDK 64-Bit Server VM (25.212-b04 mixed mode linux-amd64 compressed oops)
Heap:
 PSYoungGen      total 587776K, used 43914K [0x00000000d5580000, 0x0000000100000000, 0x0000000100000000)
  eden space 534016K, 8% used [0x00000000d5580000,0x00000000d8062a30,0x00000000f5f00000)
  from space 53760K, 0% used [0x00000000fcb80000,0x00000000fcb80000,0x0000000100000000)
  to   space 82432K, 0% used [0x00000000f5f00000,0x00000000f5f00000,0x00000000faf80000)
 ParOldGen       total 1398272K, used 142625K [0x0000000080000000, 0x00000000d5580000, 0x00000000d5580000)
  object space 1398272K, 10% used [0x0000000080000000,0x0000000088b486a0,0x00000000d5580000)
 Metaspace       used 65994K, capacity 68092K, committed 68224K, reserved 1110016K
  class space    used 7111K, capacity 7510K, committed 7552K, reserved 1048576K
GC Heap History (10 events):
Event: 207.980 GC heap before
{Heap before GC invocations=278 (full 137):
 PSYoungGen      total 675840K, used 651776K [0x00000000d5580000, 0x0000000100000000, 0x0000000100000000)
  eden space 651776K, 100% used [0x00000000d5580000,0x00000000fd200000,0x00000000fd200000)
  from space 24064K, 0% used [0x00000000fe880000,0x00000000fe880000,0x0000000100000000)
  to   space 23040K, 0% used [0x00000000fd200000,0x00000000fd200000,0x00000000fe880000)
 ParOldGen       total 1398272K, used 130924K [0x0000000080000000, 0x00000000d5580000, 0x00000000d5580000)
  object space 1398272K, 9% used [0x0000000080000000,0x0000000087fdb028,0x00000000d5580000)
 Metaspace       used 65727K, capacity 67772K, committed 67968K, reserved 1110016K
  class space    used 7111K, capacity 7510K, committed 7552K, reserved 1048576K
Event: 208.094 GC heap after
Heap after GC invocations=278 (full 137):
 PSYoungGen      total 674816K, used 23008K [0x00000000d5580000, 0x0000000100000000, 0x0000000100000000)
  eden space 651776K, 0% used [0x00000000d5580000,0x00000000d5580000,0x00000000fd200000)
  from space 23040K, 99% used [0x00000000fd200000,0x00000000fe878280,0x00000000fe880000)
  to   space 24064K, 0% used [0x00000000fe880000,0x00000000fe880000,0x0000000100000000)
 ParOldGen       total 1398272K, used 155084K [0x0000000080000000, 0x00000000d5580000, 0x00000000d5580000)
  object space 1398272K, 11% used [0x0000000080000000,0x0000000089773168,0x00000000d5580000)
 Metaspace       used 65727K, capacity 67772K, committed 67968K, reserved 1110016K
  class space    used 7111K, capacity 7510K, committed 7552K, reserved 1048576K
}
Event: 226.984 GC heap before
{Heap before GC invocations=279 (full 137):
 PSYoungGen      total 674816K, used 674784K [0x00000000d5580000, 0x0000000100000000, 0x0000000100000000)
  eden space 651776K, 100% used [0x00000000d5580000,0x00000000fd200000,0x00000000fd200000)
  from space 23040K, 99% used [0x00000000fd200000,0x00000000fe878280,0x00000000fe880000)
  to   space 24064K, 0% used [0x00000000fe880000,0x00000000fe880000,0x0000000100000000)
 ParOldGen       total 1398272K, used 155084K [0x0000000080000000, 0x00000000d5580000, 0x00000000d5580000)
  object space 1398272K, 11% used [0x0000000080000000,0x0000000089773168,0x00000000d5580000)
 Metaspace       used 65883K, capacity 67964K, committed 68224K, reserved 1110016K
  class space    used 7111K, capacity 7510K, committed 7552K, reserved 1048576K
Event: 227.153 GC heap after
Heap after GC invocations=279 (full 137):
 PSYoungGen      total 615424K, used 24032K [0x00000000d5580000, 0x0000000100000000, 0x0000000100000000)
  eden space 591360K, 0% used [0x00000000d5580000,0x00000000d5580000,0x00000000f9700000)
  from space 24064K, 99% used [0x00000000fe880000,0x00000000ffff83a0,0x0000000100000000)
  to   space 53760K, 0% used [0x00000000f9700000,0x00000000f9700000,0x00000000fcb80000)
 ParOldGen       total 1398272K, used 194416K [0x0000000080000000, 0x00000000d5580000, 0x00000000d5580000)
  object space 1398272K, 13% used [0x0000000080000000,0x000000008bddc200,0x00000000d5580000)
 Metaspace       used 65883K, capacity 67964K, committed 68224K, reserved 1110016K
  class space    used 7111K, capacity 7510K, committed 7552K, reserved 1048576K
}
Event: 241.018 GC heap before
{Heap before GC invocations=280 (full 137):
 PSYoungGen      total 615424K, used 615392K [0x00000000d5580000, 0x0000000100000000, 0x0000000100000000)
  eden space 591360K, 100% used [0x00000000d5580000,0x00000000f9700000,0x00000000f9700000)
  from space 24064K, 99% used [0x00000000fe880000,0x00000000ffff83a0,0x0000000100000000)
  to   space 53760K, 0% used [0x00000000f9700000,0x00000000f9700000,0x00000000fcb80000)
 ParOldGen       total 1398272K, used 194416K [0x0000000080000000, 0x00000000d5580000, 0x00000000d5580000)
  object space 1398272K, 13% used [0x0000000080000000,0x000000008bddc200,0x00000000d5580000)
 Metaspace       used 65967K, capacity 68092K, committed 68224K, reserved 1110016K
  class space    used 7111K, capacity 7510K, committed 7552K, reserved 1048576K
Event: 241.207 GC heap after
Heap after GC invocations=280 (full 137):
 PSYoungGen      total 645120K, used 53729K [0x00000000d5580000, 0x0000000100000000, 0x0000000100000000)
  eden space 591360K, 0% used [0x00000000d5580000,0x00000000d5580000,0x00000000f9700000)
  from space 53760K, 99% used [0x00000000f9700000,0x00000000fcb784a0,0x00000000fcb80000)
  to   space 53760K, 0% used [0x00000000fcb80000,0x00000000fcb80000,0x0000000100000000)
 ParOldGen       total 1398272K, used 226872K [0x0000000080000000, 0x00000000d5580000, 0x00000000d5580000)
  object space 1398272K, 16% used [0x0000000080000000,0x000000008dd8e250,0x00000000d5580000)
 Metaspace       used 65967K, capacity 68092K, committed 68224K, reserved 1110016K
  class space    used 7111K, capacity 7510K, committed 7552K, reserved 1048576K
}
Event: 245.036 GC heap before
{Heap before GC invocations=281 (full 137):
 PSYoungGen      total 645120K, used 124664K [0x00000000d5580000, 0x0000000100000000, 0x0000000100000000)
  eden space 591360K, 11% used [0x00000000d5580000,0x00000000d9ac5cd8,0x00000000f9700000)
  from space 53760K, 99% used [0x00000000f9700000,0x00000000fcb784a0,0x00000000fcb80000)
  to   space 53760K, 0% used [0x00000000fcb80000,0x00000000fcb80000,0x0000000100000000)
 ParOldGen       total 1398272K, used 226872K [0x0000000080000000, 0x00000000d5580000, 0x00000000d5580000)
  object space 1398272K, 16% used [0x0000000080000000,0x000000008dd8e250,0x00000000d5580000)
 Metaspace       used 65992K, capacity 68092K, committed 68224K, reserved 1110016K
  class space    used 7111K, capacity 7510K, committed 7552K, reserved 1048576K
Event: 245.152 GC heap after
Heap after GC invocations=281 (full 137):
 PSYoungGen      total 587776K, used 53745K [0x00000000d5580000, 0x0000000100000000, 0x0000000100000000)
  eden space 534016K, 0% used [0x00000000d5580000,0x00000000d5580000,0x00000000f5f00000)
  from space 53760K, 99% used [0x00000000fcb80000,0x00000000ffffc5d0,0x0000000100000000)
  to   space 82432K, 0% used [0x00000000f5f00000,0x00000000f5f00000,0x00000000faf80000)
 ParOldGen       total 1398272K, used 228080K [0x0000000080000000, 0x00000000d5580000, 0x00000000d5580000)
  object space 1398272K, 16% used [0x0000000080000000,0x000000008debc2f0,0x00000000d5580000)
 Metaspace       used 65992K, capacity 68092K, committed 68224K, reserved 1110016K
  class space    used 7111K, capacity 7510K, committed 7552K, reserved 1048576K
}
Event: 245.152 GC heap before
{Heap before GC invocations=282 (full 138):
 PSYoungGen      total 587776K, used 53745K [0x00000000d5580000, 0x0000000100000000, 0x0000000100000000)
  eden space 534016K, 0% used [0x00000000d5580000,0x00000000d5580000,0x00000000f5f00000)
  from space 53760K, 99% used [0x00000000fcb80000,0x00000000ffffc5d0,0x0000000100000000)
  to   space 82432K, 0% used [0x00000000f5f00000,0x00000000f5f00000,0x00000000faf80000)
 ParOldGen       total 1398272K, used 228080K [0x0000000080000000, 0x00000000d5580000, 0x00000000d5580000)
  object space 1398272K, 16% used [0x0000000080000000,0x000000008debc2f0,0x00000000d5580000)
 Metaspace       used 65992K, capacity 68092K, committed 68224K, reserved 1110016K
  class space    used 7111K, capacity 7510K, committed 7552K, reserved 1048576K
Event: 246.125 GC heap after
Heap after GC invocations=282 (full 138):
 PSYoungGen      total 587776K, used 0K [0x00000000d5580000, 0x0000000100000000, 0x0000000100000000)
  eden space 534016K, 0% used [0x00000000d5580000,0x00000000d5580000,0x00000000f5f00000)
  from space 53760K, 0% used [0x00000000fcb80000,0x00000000fcb80000,0x0000000100000000)
  to   space 82432K, 0% used [0x00000000f5f00000,0x00000000f5f00000,0x00000000faf80000)
 ParOldGen       total 1398272K, used 142625K [0x0000000080000000, 0x00000000d5580000, 0x00000000d5580000)
  object space 1398272K, 10% used [0x0000000080000000,0x0000000088b486a0,0x00000000d5580000)
 Metaspace       used 65992K, capacity 68092K, committed 68224K, reserved 1110016K
  class space    used 7111K, capacity 7510K, committed 7552K, reserved 1048576K
}

