# JRE version: OpenJDK Runtime Environment (8.0_212-b04) (build 1.8.0_212-b04)
# Java VM: OpenJDK 64-Bit Server VM (25.212-b04 mixed mode linux-amd64 compressed oops)
Heap:
 PSYoungGen      total 611840K, used 247966K [0x00000000d5580000, 0x0000000100000000, 0x0000000100000000)
  eden space 524800K, 47% used [0x00000000d5580000,0x00000000e47a7bb0,0x00000000f5600000)
  from space 87040K, 0% used [0x00000000f5600000,0x00000000f5600000,0x00000000fab00000)
  to   space 87040K, 0% used [0x00000000fab00000,0x00000000fab00000,0x0000000100000000)
 ParOldGen       total 875008K, used 11982K [0x0000000080000000, 0x00000000b5680000, 0x00000000d5580000)
  object space 875008K, 1% used [0x0000000080000000,0x0000000080bb3af8,0x00000000b5680000)
 Metaspace       used 31375K, capacity 32010K, committed 32128K, reserved 1077248K
  class space    used 3729K, capacity 3884K, committed 3968K, reserved 1048576K
GC Heap History (4 events):
Event: 2.740 GC heap before
{Heap before GC invocations=1 (full 0):
 PSYoungGen      total 611840K, used 209924K [0x00000000d5580000, 0x0000000100000000, 0x0000000100000000)
  eden space 524800K, 40% used [0x00000000d5580000,0x00000000e2281120,0x00000000f5600000)
  from space 87040K, 0% used [0x00000000fab00000,0x00000000fab00000,0x0000000100000000)
  to   space 87040K, 0% used [0x00000000f5600000,0x00000000f5600000,0x00000000fab00000)
 ParOldGen       total 1398272K, used 0K [0x0000000080000000, 0x00000000d5580000, 0x00000000d5580000)
  object space 1398272K, 0% used [0x0000000080000000,0x0000000080000000,0x00000000d5580000)
 Metaspace       used 20793K, capacity 21054K, committed 21248K, reserved 1069056K
  class space    used 2362K, capacity 2484K, committed 2560K, reserved 1048576K
Event: 2.792 GC heap after
Heap after GC invocations=1 (full 0):
 PSYoungGen      total 611840K, used 12513K [0x00000000d5580000, 0x0000000100000000, 0x0000000100000000)
  eden space 524800K, 0% used [0x00000000d5580000,0x00000000d5580000,0x00000000f5600000)
  from space 87040K, 14% used [0x00000000f5600000,0x00000000f6238450,0x00000000fab00000)
  to   space 87040K, 0% used [0x00000000fab00000,0x00000000fab00000,0x0000000100000000)
 ParOldGen       total 1398272K, used 72K [0x0000000080000000, 0x00000000d5580000, 0x00000000d5580000)
  object space 1398272K, 0% used [0x0000000080000000,0x0000000080012010,0x00000000d5580000)
 Metaspace       used 20793K, capacity 21054K, committed 21248K, reserved 1069056K
  class space    used 2362K, capacity 2484K, committed 2560K, reserved 1048576K
}
Event: 2.792 GC heap before
{Heap before GC invocations=2 (full 1):
 PSYoungGen      total 611840K, used 12513K [0x00000000d5580000, 0x0000000100000000, 0x0000000100000000)
  eden space 524800K, 0% used [0x00000000d5580000,0x00000000d5580000,0x00000000f5600000)
  from space 87040K, 14% used [0x00000000f5600000,0x00000000f6238450,0x00000000fab00000)
  to   space 87040K, 0% used [0x00000000fab00000,0x00000000fab00000,0x0000000100000000)
 ParOldGen       total 1398272K, used 72K [0x0000000080000000, 0x00000000d5580000, 0x00000000d5580000)
  object space 1398272K, 0% used [0x0000000080000000,0x0000000080012010,0x00000000d5580000)
 Metaspace       used 20793K, capacity 21054K, committed 21248K, reserved 1069056K
  class space    used 2362K, capacity 2484K, committed 2560K, reserved 1048576K
Event: 2.887 GC heap after
Heap after GC invocations=2 (full 1):
 PSYoungGen      total 611840K, used 0K [0x00000000d5580000, 0x0000000100000000, 0x0000000100000000)
  eden space 524800K, 0% used [0x00000000d5580000,0x00000000d5580000,0x00000000f5600000)
  from space 87040K, 0% used [0x00000000f5600000,0x00000000f5600000,0x00000000fab00000)
  to   space 87040K, 0% used [0x00000000fab00000,0x00000000fab00000,0x0000000100000000)
 ParOldGen       total 875008K, used 11982K [0x0000000080000000, 0x00000000b5680000, 0x00000000d5580000)
  object space 875008K, 1% used [0x0000000080000000,0x0000000080bb3af8,0x00000000b5680000)
 Metaspace       used 20793K, capacity 21054K, committed 21248K, reserved 1069056K
  class space    used 2362K, capacity 2484K, committed 2560K, reserved 1048576K
}

