# JRE version: OpenJDK Runtime Environment (8.0_212-b04) (build 1.8.0_212-b04)
# Java VM: OpenJDK 64-Bit Server VM (25.212-b04 mixed mode linux-amd64 compressed oops)
Heap:
 PSYoungGen      total 567808K, used 104369K [0x00000000d5580000, 0x00000000fb400000, 0x0000000100000000)
  eden space 524800K, 11% used [0x00000000d5580000,0x00000000d91d7728,0x00000000f5600000)
  from space 43008K, 99% used [0x00000000f5600000,0x00000000f7f94d88,0x00000000f8000000)
  to   space 48128K, 0% used [0x00000000f8500000,0x00000000f8500000,0x00000000fb400000)
 ParOldGen       total 1398272K, used 26422K [0x0000000080000000, 0x00000000d5580000, 0x00000000d5580000)
  object space 1398272K, 1% used [0x0000000080000000,0x00000000819cd9b8,0x00000000d5580000)
 Metaspace       used 66700K, capacity 69532K, committed 69632K, reserved 1110016K
  class space    used 7582K, capacity 8096K, committed 8192K, reserved 1048576K
GC Heap History (10 events):
Event: 4.867 GC heap before
{Heap before GC invocations=4 (full 2):
 PSYoungGen      total 611840K, used 19310K [0x00000000d5580000, 0x0000000100000000, 0x0000000100000000)
  eden space 524800K, 0% used [0x00000000d5580000,0x00000000d5580000,0x00000000f5600000)
  from space 87040K, 22% used [0x00000000fab00000,0x00000000fbddb9b0,0x0000000100000000)
  to   space 87040K, 0% used [0x00000000f5600000,0x00000000f5600000,0x00000000fab00000)
 ParOldGen       total 898048K, used 13752K [0x0000000080000000, 0x00000000b6d00000, 0x00000000d5580000)
  object space 898048K, 1% used [0x0000000080000000,0x0000000080d6e048,0x00000000b6d00000)
 Metaspace       used 34780K, capacity 35124K, committed 35416K, reserved 1081344K
  class space    used 3978K, capacity 4092K, committed 4096K, reserved 1048576K
Event: 4.973 GC heap after
Heap after GC invocations=4 (full 2):
 PSYoungGen      total 611840K, used 0K [0x00000000d5580000, 0x0000000100000000, 0x0000000100000000)
  eden space 524800K, 0% used [0x00000000d5580000,0x00000000d5580000,0x00000000f5600000)
  from space 87040K, 0% used [0x00000000fab00000,0x00000000fab00000,0x0000000100000000)
  to   space 87040K, 0% used [0x00000000f5600000,0x00000000f5600000,0x00000000fab00000)
 ParOldGen       total 1398272K, used 23633K [0x0000000080000000, 0x00000000d5580000, 0x00000000d5580000)
  object space 1398272K, 1% used [0x0000000080000000,0x0000000081714548,0x00000000d5580000)
 Metaspace       used 34780K, capacity 35124K, committed 35416K, reserved 1081344K
  class space    used 3978K, capacity 4092K, committed 4096K, reserved 1048576K
}
Event: 13.086 GC heap before
{Heap before GC invocations=5 (full 2):
 PSYoungGen      total 611840K, used 524800K [0x00000000d5580000, 0x0000000100000000, 0x0000000100000000)
  eden space 524800K, 100% used [0x00000000d5580000,0x00000000f5600000,0x00000000f5600000)
  from space 87040K, 0% used [0x00000000fab00000,0x00000000fab00000,0x0000000100000000)
  to   space 87040K, 0% used [0x00000000f5600000,0x00000000f5600000,0x00000000fab00000)
 ParOldGen       total 1398272K, used 23633K [0x0000000080000000, 0x00000000d5580000, 0x00000000d5580000)
  object space 1398272K, 1% used [0x0000000080000000,0x0000000081714548,0x00000000d5580000)
 Metaspace       used 57085K, capacity 58500K, committed 58624K, reserved 1101824K
  class space    used 6599K, capacity 6886K, committed 6912K, reserved 1048576K
Event: 13.160 GC heap after
Heap after GC invocations=5 (full 2):
 PSYoungGen      total 611840K, used 34789K [0x00000000d5580000, 0x0000000100000000, 0x0000000100000000)
  eden space 524800K, 0% used [0x00000000d5580000,0x00000000d5580000,0x00000000f5600000)
  from space 87040K, 39% used [0x00000000f5600000,0x00000000f77f9610,0x00000000fab00000)
  to   space 87040K, 0% used [0x00000000fab00000,0x00000000fab00000,0x0000000100000000)
 ParOldGen       total 1398272K, used 23641K [0x0000000080000000, 0x00000000d5580000, 0x00000000d5580000)
  object space 1398272K, 1% used [0x0000000080000000,0x0000000081716548,0x00000000d5580000)
 Metaspace       used 57085K, capacity 58500K, committed 58624K, reserved 1101824K
  class space    used 6599K, capacity 6886K, committed 6912K, reserved 1048576K
}
Event: 13.238 GC heap before
{Heap before GC invocations=6 (full 2):
 PSYoungGen      total 611840K, used 69627K [0x00000000d5580000, 0x0000000100000000, 0x0000000100000000)
  eden space 524800K, 6% used [0x00000000d5580000,0x00000000d7785648,0x00000000f5600000)
  from space 87040K, 39% used [0x00000000f5600000,0x00000000f77f9610,0x00000000fab00000)
  to   space 87040K, 0% used [0x00000000fab00000,0x00000000fab00000,0x0000000100000000)
 ParOldGen       total 1398272K, used 23641K [0x0000000080000000, 0x00000000d5580000, 0x00000000d5580000)
  object space 1398272K, 1% used [0x0000000080000000,0x0000000081716548,0x00000000d5580000)
 Metaspace       used 57397K, capacity 58842K, committed 59028K, reserved 1101824K
  class space    used 6642K, capacity 6911K, committed 6912K, reserved 1048576K
Event: 13.257 GC heap after
Heap after GC invocations=6 (full 2):
 PSYoungGen      total 611840K, used 14411K [0x00000000d5580000, 0x0000000100000000, 0x0000000100000000)
  eden space 524800K, 0% used [0x00000000d5580000,0x00000000d5580000,0x00000000f5600000)
  from space 87040K, 16% used [0x00000000fab00000,0x00000000fb912d48,0x0000000100000000)
  to   space 87040K, 0% used [0x00000000f5600000,0x00000000f5600000,0x00000000fab00000)
 ParOldGen       total 1398272K, used 23641K [0x0000000080000000, 0x00000000d5580000, 0x00000000d5580000)
  object space 1398272K, 1% used [0x0000000080000000,0x0000000081716548,0x00000000d5580000)
 Metaspace       used 57397K, capacity 58842K, committed 59028K, reserved 1101824K
  class space    used 6642K, capacity 6911K, committed 6912K, reserved 1048576K
}
Event: 13.257 GC heap before
{Heap before GC invocations=7 (full 3):
 PSYoungGen      total 611840K, used 14411K [0x00000000d5580000, 0x0000000100000000, 0x0000000100000000)
  eden space 524800K, 0% used [0x00000000d5580000,0x00000000d5580000,0x00000000f5600000)
  from space 87040K, 16% used [0x00000000fab00000,0x00000000fb912d48,0x0000000100000000)
  to   space 87040K, 0% used [0x00000000f5600000,0x00000000f5600000,0x00000000fab00000)
 ParOldGen       total 1398272K, used 23641K [0x0000000080000000, 0x00000000d5580000, 0x00000000d5580000)
  object space 1398272K, 1% used [0x0000000080000000,0x0000000081716548,0x00000000d5580000)
 Metaspace       used 57397K, capacity 58842K, committed 59028K, reserved 1101824K
  class space    used 6642K, capacity 6911K, committed 6912K, reserved 1048576K
Event: 13.515 GC heap after
Heap after GC invocations=7 (full 3):
 PSYoungGen      total 611840K, used 0K [0x00000000d5580000, 0x0000000100000000, 0x0000000100000000)
  eden space 524800K, 0% used [0x00000000d5580000,0x00000000d5580000,0x00000000f5600000)
  from space 87040K, 0% used [0x00000000fab00000,0x00000000fab00000,0x0000000100000000)
  to   space 87040K, 0% used [0x00000000f5600000,0x00000000f5600000,0x00000000fab00000)
 ParOldGen       total 1398272K, used 26414K [0x0000000080000000, 0x00000000d5580000, 0x00000000d5580000)
  object space 1398272K, 1% used [0x0000000080000000,0x00000000819cb9b8,0x00000000d5580000)
 Metaspace       used 57368K, capacity 58776K, committed 59028K, reserved 1101824K
  class space    used 6632K, capacity 6894K, committed 6912K, reserved 1048576K
}
Event: 57.160 GC heap before
{Heap before GC invocations=8 (full 3):
 PSYoungGen      total 611840K, used 524800K [0x00000000d5580000, 0x0000000100000000, 0x0000000100000000)
  eden space 524800K, 100% used [0x00000000d5580000,0x00000000f5600000,0x00000000f5600000)
  from space 87040K, 0% used [0x00000000fab00000,0x00000000fab00000,0x0000000100000000)
  to   space 87040K, 0% used [0x00000000f5600000,0x00000000f5600000,0x00000000fab00000)
 ParOldGen       total 1398272K, used 26414K [0x0000000080000000, 0x00000000d5580000, 0x00000000d5580000)
  object space 1398272K, 1% used [0x0000000080000000,0x00000000819cb9b8,0x00000000d5580000)
 Metaspace       used 66313K, capacity 69124K, committed 69376K, reserved 1110016K
  class space    used 7580K, capacity 8094K, committed 8192K, reserved 1048576K
Event: 57.291 GC heap after
Heap after GC invocations=8 (full 3):
 PSYoungGen      total 567808K, used 42579K [0x00000000d5580000, 0x00000000fb400000, 0x0000000100000000)
  eden space 524800K, 0% used [0x00000000d5580000,0x00000000d5580000,0x00000000f5600000)
  from space 43008K, 99% used [0x00000000f5600000,0x00000000f7f94d88,0x00000000f8000000)
  to   space 48128K, 0% used [0x00000000f8500000,0x00000000f8500000,0x00000000fb400000)
 ParOldGen       total 1398272K, used 26422K [0x0000000080000000, 0x00000000d5580000, 0x00000000d5580000)
  object space 1398272K, 1% used [0x0000000080000000,0x00000000819cd9b8,0x00000000d5580000)
 Metaspace       used 66313K, capacity 69124K, committed 69376K, reserved 1110016K
  class space    used 7580K, capacity 8094K, committed 8192K, reserved 1048576K
}

