# JRE version: OpenJDK Runtime Environment (8.0_212-b04) (build 1.8.0_212-b04)
# Java VM: OpenJDK 64-Bit Server VM (25.212-b04 mixed mode linux-amd64 compressed oops)
Heap:
 PSYoungGen      total 598528K, used 297539K [0x00000000d5580000, 0x0000000100000000, 0x0000000100000000)
  eden space 520704K, 42% used [0x00000000d5580000,0x00000000e2c12c58,0x00000000f5200000)
  from space 77824K, 99% used [0x00000000f5200000,0x00000000f9dfe1f8,0x00000000f9e00000)
  to   space 100352K, 0% used [0x00000000f9e00000,0x00000000f9e00000,0x0000000100000000)
 ParOldGen       total 1398272K, used 87212K [0x0000000080000000, 0x00000000d5580000, 0x00000000d5580000)
  object space 1398272K, 6% used [0x0000000080000000,0x000000008552b2b0,0x00000000d5580000)
 Metaspace       used 69592K, capacity 72856K, committed 73088K, reserved 1114112K
  class space    used 7675K, capacity 8264K, committed 8320K, reserved 1048576K
GC Heap History (10 events):
Event: 13.376 GC heap before
{Heap before GC invocations=6 (full 2):
 PSYoungGen      total 611840K, used 178838K [0x00000000d5580000, 0x0000000100000000, 0x0000000100000000)
  eden space 524800K, 28% used [0x00000000d5580000,0x00000000de898300,0x00000000f5600000)
  from space 87040K, 32% used [0x00000000f5600000,0x00000000f718d6e8,0x00000000fab00000)
  to   space 87040K, 0% used [0x00000000fab00000,0x00000000fab00000,0x0000000100000000)
 ParOldGen       total 1398272K, used 23653K [0x0000000080000000, 0x00000000d5580000, 0x00000000d5580000)
  object space 1398272K, 1% used [0x0000000080000000,0x00000000817196e8,0x00000000d5580000)
 Metaspace       used 57197K, capacity 58904K, committed 59008K, reserved 1101824K
  class space    used 6625K, capacity 6946K, committed 7040K, reserved 1048576K
Event: 13.404 GC heap after
Heap after GC invocations=6 (full 2):
 PSYoungGen      total 611840K, used 19709K [0x00000000d5580000, 0x0000000100000000, 0x0000000100000000)
  eden space 524800K, 0% used [0x00000000d5580000,0x00000000d5580000,0x00000000f5600000)
  from space 87040K, 22% used [0x00000000fab00000,0x00000000fbe3f498,0x0000000100000000)
  to   space 87040K, 0% used [0x00000000f5600000,0x00000000f5600000,0x00000000fab00000)
 ParOldGen       total 1398272K, used 23661K [0x0000000080000000, 0x00000000d5580000, 0x00000000d5580000)
  object space 1398272K, 1% used [0x0000000080000000,0x000000008171b6e8,0x00000000d5580000)
 Metaspace       used 57197K, capacity 58904K, committed 59008K, reserved 1101824K
  class space    used 6625K, capacity 6946K, committed 7040K, reserved 1048576K
}
Event: 13.404 GC heap before
{Heap before GC invocations=7 (full 3):
 PSYoungGen      total 611840K, used 19709K [0x00000000d5580000, 0x0000000100000000, 0x0000000100000000)
  eden space 524800K, 0% used [0x00000000d5580000,0x00000000d5580000,0x00000000f5600000)
  from space 87040K, 22% used [0x00000000fab00000,0x00000000fbe3f498,0x0000000100000000)
  to   space 87040K, 0% used [0x00000000f5600000,0x00000000f5600000,0x00000000fab00000)
 ParOldGen       total 1398272K, used 23661K [0x0000000080000000, 0x00000000d5580000, 0x00000000d5580000)
  object space 1398272K, 1% used [0x0000000080000000,0x000000008171b6e8,0x00000000d5580000)
 Metaspace       used 57197K, capacity 58904K, committed 59008K, reserved 1101824K
  class space    used 6625K, capacity 6946K, committed 7040K, reserved 1048576K
Event: 13.654 GC heap after
Heap after GC invocations=7 (full 3):
 PSYoungGen      total 611840K, used 0K [0x00000000d5580000, 0x0000000100000000, 0x0000000100000000)
  eden space 524800K, 0% used [0x00000000d5580000,0x00000000d5580000,0x00000000f5600000)
  from space 87040K, 0% used [0x00000000fab00000,0x00000000fab00000,0x0000000100000000)
  to   space 87040K, 0% used [0x00000000f5600000,0x00000000f5600000,0x00000000fab00000)
 ParOldGen       total 1398272K, used 31394K [0x0000000080000000, 0x00000000d5580000, 0x00000000d5580000)
  object space 1398272K, 2% used [0x0000000080000000,0x0000000081ea8930,0x00000000d5580000)
 Metaspace       used 57087K, capacity 58610K, committed 59008K, reserved 1101824K
  class space    used 6586K, capacity 6877K, committed 7040K, reserved 1048576K
}
Event: 38.881 GC heap before
{Heap before GC invocations=8 (full 3):
 PSYoungGen      total 611840K, used 524800K [0x00000000d5580000, 0x0000000100000000, 0x0000000100000000)
  eden space 524800K, 100% used [0x00000000d5580000,0x00000000f5600000,0x00000000f5600000)
  from space 87040K, 0% used [0x00000000fab00000,0x00000000fab00000,0x0000000100000000)
  to   space 87040K, 0% used [0x00000000f5600000,0x00000000f5600000,0x00000000fab00000)
 ParOldGen       total 1398272K, used 31394K [0x0000000080000000, 0x00000000d5580000, 0x00000000d5580000)
  object space 1398272K, 2% used [0x0000000080000000,0x0000000081ea8930,0x00000000d5580000)
 Metaspace       used 65831K, capacity 68556K, committed 68736K, reserved 1110016K
  class space    used 7498K, capacity 7992K, committed 8064K, reserved 1048576K
Event: 39.017 GC heap after
Heap after GC invocations=8 (full 3):
 PSYoungGen      total 598528K, used 73326K [0x00000000d5580000, 0x00000000fd100000, 0x0000000100000000)
  eden space 524800K, 0% used [0x00000000d5580000,0x00000000d5580000,0x00000000f5600000)
  from space 73728K, 99% used [0x00000000f5600000,0x00000000f9d9ba20,0x00000000f9e00000)
  to   space 52224K, 0% used [0x00000000f9e00000,0x00000000f9e00000,0x00000000fd100000)
 ParOldGen       total 1398272K, used 31402K [0x0000000080000000, 0x00000000d5580000, 0x00000000d5580000)
  object space 1398272K, 2% used [0x0000000080000000,0x0000000081eaa930,0x00000000d5580000)
 Metaspace       used 65831K, capacity 68556K, committed 68736K, reserved 1110016K
  class space    used 7498K, capacity 7992K, committed 8064K, reserved 1048576K
}
Event: 79.239 GC heap before
{Heap before GC invocations=9 (full 3):
 PSYoungGen      total 598528K, used 598126K [0x00000000d5580000, 0x00000000fd100000, 0x0000000100000000)
  eden space 524800K, 100% used [0x00000000d5580000,0x00000000f5600000,0x00000000f5600000)
  from space 73728K, 99% used [0x00000000f5600000,0x00000000f9d9ba20,0x00000000f9e00000)
  to   space 52224K, 0% used [0x00000000f9e00000,0x00000000f9e00000,0x00000000fd100000)
 ParOldGen       total 1398272K, used 31402K [0x0000000080000000, 0x00000000d5580000, 0x00000000d5580000)
  object space 1398272K, 2% used [0x0000000080000000,0x0000000081eaa930,0x00000000d5580000)
 Metaspace       used 67773K, capacity 70700K, committed 70912K, reserved 1112064K
  class space    used 7610K, capacity 8128K, committed 8192K, reserved 1048576K
Event: 79.392 GC heap after
Heap after GC invocations=9 (full 3):
 PSYoungGen      total 572928K, used 52197K [0x00000000d5580000, 0x0000000100000000, 0x0000000100000000)
  eden space 520704K, 0% used [0x00000000d5580000,0x00000000d5580000,0x00000000f5200000)
  from space 52224K, 99% used [0x00000000f9e00000,0x00000000fd0f9638,0x00000000fd100000)
  to   space 77824K, 0% used [0x00000000f5200000,0x00000000f5200000,0x00000000f9e00000)
 ParOldGen       total 1398272K, used 45459K [0x0000000080000000, 0x00000000d5580000, 0x00000000d5580000)
  object space 1398272K, 3% used [0x0000000080000000,0x0000000082c64e90,0x00000000d5580000)
 Metaspace       used 67773K, capacity 70700K, committed 70912K, reserved 1112064K
  class space    used 7610K, capacity 8128K, committed 8192K, reserved 1048576K
}
Event: 154.790 GC heap before
{Heap before GC invocations=10 (full 3):
 PSYoungGen      total 572928K, used 572901K [0x00000000d5580000, 0x0000000100000000, 0x0000000100000000)
  eden space 520704K, 100% used [0x00000000d5580000,0x00000000f5200000,0x00000000f5200000)
  from space 52224K, 99% used [0x00000000f9e00000,0x00000000fd0f9638,0x00000000fd100000)
  to   space 77824K, 0% used [0x00000000f5200000,0x00000000f5200000,0x00000000f9e00000)
 ParOldGen       total 1398272K, used 45459K [0x0000000080000000, 0x00000000d5580000, 0x00000000d5580000)
  object space 1398272K, 3% used [0x0000000080000000,0x0000000082c64e90,0x00000000d5580000)
 Metaspace       used 69135K, capacity 72198K, committed 72320K, reserved 1114112K
  class space    used 7642K, capacity 8209K, committed 8320K, reserved 1048576K
Event: 154.992 GC heap after
Heap after GC invocations=10 (full 3):
 PSYoungGen      total 598528K, used 77816K [0x00000000d5580000, 0x0000000100000000, 0x0000000100000000)
  eden space 520704K, 0% used [0x00000000d5580000,0x00000000d5580000,0x00000000f5200000)
  from space 77824K, 99% used [0x00000000f5200000,0x00000000f9dfe1f8,0x00000000f9e00000)
  to   space 100352K, 0% used [0x00000000f9e00000,0x00000000f9e00000,0x0000000100000000)
 ParOldGen       total 1398272K, used 87212K [0x0000000080000000, 0x00000000d5580000, 0x00000000d5580000)
  object space 1398272K, 6% used [0x0000000080000000,0x000000008552b2b0,0x00000000d5580000)
 Metaspace       used 69135K, capacity 72198K, committed 72320K, reserved 1114112K
  class space    used 7642K, capacity 8209K, committed 8320K, reserved 1048576K
}

