# JRE version: OpenJDK Runtime Environment (8.0_212-b04) (build 1.8.0_212-b04)
# Java VM: OpenJDK 64-Bit Server VM (25.212-b04 mixed mode linux-amd64 compressed oops)
Heap:
 PSYoungGen      total 611840K, used 348158K [0x00000000d5580000, 0x0000000100000000, 0x0000000100000000)
  eden space 524800K, 66% used [0x00000000d5580000,0x00000000ea97faa0,0x00000000f5600000)
  from space 87040K, 0% used [0x00000000fab00000,0x00000000fab00000,0x0000000100000000)
  to   space 87040K, 0% used [0x00000000f5600000,0x00000000f5600000,0x00000000fab00000)
 ParOldGen       total 1398272K, used 31200K [0x0000000080000000, 0x00000000d5580000, 0x00000000d5580000)
  object space 1398272K, 2% used [0x0000000080000000,0x0000000081e781b8,0x00000000d5580000)
 Metaspace       used 66694K, capacity 69718K, committed 69888K, reserved 1112064K
  class space    used 7648K, capacity 8173K, committed 8192K, reserved 1048576K
GC Heap History (10 events):
Event: 5.092 GC heap before
{Heap before GC invocations=3 (full 1):
 PSYoungGen      total 611840K, used 419850K [0x00000000d5580000, 0x0000000100000000, 0x0000000100000000)
  eden space 524800K, 80% used [0x00000000d5580000,0x00000000eef828c8,0x00000000f5600000)
  from space 87040K, 0% used [0x00000000f5600000,0x00000000f5600000,0x00000000fab00000)
  to   space 87040K, 0% used [0x00000000fab00000,0x00000000fab00000,0x0000000100000000)
 ParOldGen       total 878592K, used 18613K [0x0000000080000000, 0x00000000b5a00000, 0x00000000d5580000)
  object space 878592K, 2% used [0x0000000080000000,0x000000008122d688,0x00000000b5a00000)
 Metaspace       used 34732K, capacity 35154K, committed 35456K, reserved 1081344K
  class space    used 3964K, capacity 4101K, committed 4224K, reserved 1048576K
Event: 5.121 GC heap after
Heap after GC invocations=3 (full 1):
 PSYoungGen      total 611840K, used 14396K [0x00000000d5580000, 0x0000000100000000, 0x0000000100000000)
  eden space 524800K, 0% used [0x00000000d5580000,0x00000000d5580000,0x00000000f5600000)
  from space 87040K, 16% used [0x00000000fab00000,0x00000000fb90f0f8,0x0000000100000000)
  to   space 87040K, 0% used [0x00000000f5600000,0x00000000f5600000,0x00000000fab00000)
 ParOldGen       total 878592K, used 18685K [0x0000000080000000, 0x00000000b5a00000, 0x00000000d5580000)
  object space 878592K, 2% used [0x0000000080000000,0x000000008123f698,0x00000000b5a00000)
 Metaspace       used 34732K, capacity 35154K, committed 35456K, reserved 1081344K
  class space    used 3964K, capacity 4101K, committed 4224K, reserved 1048576K
}
Event: 5.121 GC heap before
{Heap before GC invocations=4 (full 2):
 PSYoungGen      total 611840K, used 14396K [0x00000000d5580000, 0x0000000100000000, 0x0000000100000000)
  eden space 524800K, 0% used [0x00000000d5580000,0x00000000d5580000,0x00000000f5600000)
  from space 87040K, 16% used [0x00000000fab00000,0x00000000fb90f0f8,0x0000000100000000)
  to   space 87040K, 0% used [0x00000000f5600000,0x00000000f5600000,0x00000000fab00000)
 ParOldGen       total 878592K, used 18685K [0x0000000080000000, 0x00000000b5a00000, 0x00000000d5580000)
  object space 878592K, 2% used [0x0000000080000000,0x000000008123f698,0x00000000b5a00000)
 Metaspace       used 34732K, capacity 35154K, committed 35456K, reserved 1081344K
  class space    used 3964K, capacity 4101K, committed 4224K, reserved 1048576K
Event: 5.204 GC heap after
Heap after GC invocations=4 (full 2):
 PSYoungGen      total 611840K, used 0K [0x00000000d5580000, 0x0000000100000000, 0x0000000100000000)
  eden space 524800K, 0% used [0x00000000d5580000,0x00000000d5580000,0x00000000f5600000)
  from space 87040K, 0% used [0x00000000fab00000,0x00000000fab00000,0x0000000100000000)
  to   space 87040K, 0% used [0x00000000f5600000,0x00000000f5600000,0x00000000fab00000)
 ParOldGen       total 1398272K, used 22577K [0x0000000080000000, 0x00000000d5580000, 0x00000000d5580000)
  object space 1398272K, 1% used [0x0000000080000000,0x000000008160c7c0,0x00000000d5580000)
 Metaspace       used 34732K, capacity 35154K, committed 35456K, reserved 1081344K
  class space    used 3964K, capacity 4101K, committed 4224K, reserved 1048576K
}
Event: 10.490 GC heap before
{Heap before GC invocations=5 (full 2):
 PSYoungGen      total 611840K, used 524800K [0x00000000d5580000, 0x0000000100000000, 0x0000000100000000)
  eden space 524800K, 100% used [0x00000000d5580000,0x00000000f5600000,0x00000000f5600000)
  from space 87040K, 0% used [0x00000000fab00000,0x00000000fab00000,0x0000000100000000)
  to   space 87040K, 0% used [0x00000000f5600000,0x00000000f5600000,0x00000000fab00000)
 ParOldGen       total 1398272K, used 22577K [0x0000000080000000, 0x00000000d5580000, 0x00000000d5580000)
  object space 1398272K, 1% used [0x0000000080000000,0x000000008160c7c0,0x00000000d5580000)
 Metaspace       used 50272K, capacity 51304K, committed 51456K, reserved 1095680K
  class space    used 5914K, capacity 6122K, committed 6144K, reserved 1048576K
Event: 10.531 GC heap after
Heap after GC invocations=5 (full 2):
 PSYoungGen      total 611840K, used 22908K [0x00000000d5580000, 0x0000000100000000, 0x0000000100000000)
  eden space 524800K, 0% used [0x00000000d5580000,0x00000000d5580000,0x00000000f5600000)
  from space 87040K, 26% used [0x00000000f5600000,0x00000000f6c5f328,0x00000000fab00000)
  to   space 87040K, 0% used [0x00000000fab00000,0x00000000fab00000,0x0000000100000000)
 ParOldGen       total 1398272K, used 22585K [0x0000000080000000, 0x00000000d5580000, 0x00000000d5580000)
  object space 1398272K, 1% used [0x0000000080000000,0x000000008160e7c0,0x00000000d5580000)
 Metaspace       used 50272K, capacity 51304K, committed 51456K, reserved 1095680K
  class space    used 5914K, capacity 6122K, committed 6144K, reserved 1048576K
}
Event: 11.758 GC heap before
{Heap before GC invocations=6 (full 2):
 PSYoungGen      total 611840K, used 172161K [0x00000000d5580000, 0x0000000100000000, 0x0000000100000000)
  eden space 524800K, 28% used [0x00000000d5580000,0x00000000de7412c0,0x00000000f5600000)
  from space 87040K, 26% used [0x00000000f5600000,0x00000000f6c5f328,0x00000000fab00000)
  to   space 87040K, 0% used [0x00000000fab00000,0x00000000fab00000,0x0000000100000000)
 ParOldGen       total 1398272K, used 22585K [0x0000000080000000, 0x00000000d5580000, 0x00000000d5580000)
  object space 1398272K, 1% used [0x0000000080000000,0x000000008160e7c0,0x00000000d5580000)
 Metaspace       used 57501K, capacity 58904K, committed 59096K, reserved 1101824K
  class space    used 6679K, capacity 6948K, committed 7040K, reserved 1048576K
Event: 11.789 GC heap after
Heap after GC invocations=6 (full 2):
 PSYoungGen      total 611840K, used 18819K [0x00000000d5580000, 0x0000000100000000, 0x0000000100000000)
  eden space 524800K, 0% used [0x00000000d5580000,0x00000000d5580000,0x00000000f5600000)
  from space 87040K, 21% used [0x00000000fab00000,0x00000000fbd60f30,0x0000000100000000)
  to   space 87040K, 0% used [0x00000000f5600000,0x00000000f5600000,0x00000000fab00000)
 ParOldGen       total 1398272K, used 22593K [0x0000000080000000, 0x00000000d5580000, 0x00000000d5580000)
  object space 1398272K, 1% used [0x0000000080000000,0x00000000816107c0,0x00000000d5580000)
 Metaspace       used 57501K, capacity 58904K, committed 59096K, reserved 1101824K
  class space    used 6679K, capacity 6948K, committed 7040K, reserved 1048576K
}
Event: 11.789 GC heap before
{Heap before GC invocations=7 (full 3):
 PSYoungGen      total 611840K, used 18819K [0x00000000d5580000, 0x0000000100000000, 0x0000000100000000)
  eden space 524800K, 0% used [0x00000000d5580000,0x00000000d5580000,0x00000000f5600000)
  from space 87040K, 21% used [0x00000000fab00000,0x00000000fbd60f30,0x0000000100000000)
  to   space 87040K, 0% used [0x00000000f5600000,0x00000000f5600000,0x00000000fab00000)
 ParOldGen       total 1398272K, used 22593K [0x0000000080000000, 0x00000000d5580000, 0x00000000d5580000)
  object space 1398272K, 1% used [0x0000000080000000,0x00000000816107c0,0x00000000d5580000)
 Metaspace       used 57501K, capacity 58904K, committed 59096K, reserved 1101824K
  class space    used 6679K, capacity 6948K, committed 7040K, reserved 1048576K
Event: 12.011 GC heap after
Heap after GC invocations=7 (full 3):
 PSYoungGen      total 611840K, used 0K [0x00000000d5580000, 0x0000000100000000, 0x0000000100000000)
  eden space 524800K, 0% used [0x00000000d5580000,0x00000000d5580000,0x00000000f5600000)
  from space 87040K, 0% used [0x00000000fab00000,0x00000000fab00000,0x0000000100000000)
  to   space 87040K, 0% used [0x00000000f5600000,0x00000000f5600000,0x00000000fab00000)
 ParOldGen       total 1398272K, used 31200K [0x0000000080000000, 0x00000000d5580000, 0x00000000d5580000)
  object space 1398272K, 2% used [0x0000000080000000,0x0000000081e781b8,0x00000000d5580000)
 Metaspace       used 57434K, capacity 58740K, committed 59096K, reserved 1101824K
  class space    used 6655K, capacity 6906K, committed 7040K, reserved 1048576K
}

