# JRE version: OpenJDK Runtime Environment (8.0_212-b04) (build 1.8.0_212-b04)
# Java VM: OpenJDK 64-Bit Server VM (25.212-b04 mixed mode linux-amd64 compressed oops)
Heap:
 PSYoungGen      total 563712K, used 116238K [0x00000000d5580000, 0x0000000100000000, 0x0000000100000000)
  eden space 431616K, 8% used [0x00000000d5580000,0x00000000d77e5930,0x00000000efb00000)
  from space 132096K, 61% used [0x00000000f7f00000,0x00000000fce1e1b8,0x0000000100000000)
  to   space 133632K, 0% used [0x00000000efb00000,0x00000000efb00000,0x00000000f7d80000)
 ParOldGen       total 1398272K, used 76037K [0x0000000080000000, 0x00000000d5580000, 0x00000000d5580000)
  object space 1398272K, 5% used [0x0000000080000000,0x0000000084a41558,0x00000000d5580000)
 Metaspace       used 71898K, capacity 75598K, committed 75904K, reserved 1116160K
  class space    used 7825K, capacity 8465K, committed 8576K, reserved 1048576K
GC Heap History (10 events):
Event: 92.114 GC heap before
{Heap before GC invocations=7 (full 3):
 PSYoungGen      total 611840K, used 524800K [0x00000000d5580000, 0x0000000100000000, 0x0000000100000000)
  eden space 524800K, 100% used [0x00000000d5580000,0x00000000f5600000,0x00000000f5600000)
  from space 87040K, 0% used [0x00000000f5600000,0x00000000f5600000,0x00000000fab00000)
  to   space 87040K, 0% used [0x00000000fab00000,0x00000000fab00000,0x0000000100000000)
 ParOldGen       total 1398272K, used 44548K [0x0000000080000000, 0x00000000d5580000, 0x00000000d5580000)
  object space 1398272K, 3% used [0x0000000080000000,0x0000000082b81378,0x00000000d5580000)
 Metaspace       used 66485K, capacity 69320K, committed 69504K, reserved 1110016K
  class space    used 7566K, capacity 8050K, committed 8064K, reserved 1048576K
Event: 92.191 GC heap after
Heap after GC invocations=7 (full 3):
 PSYoungGen      total 611840K, used 45781K [0x00000000d5580000, 0x0000000100000000, 0x0000000100000000)
  eden space 524800K, 0% used [0x00000000d5580000,0x00000000d5580000,0x00000000f5600000)
  from space 87040K, 52% used [0x00000000fab00000,0x00000000fd7b57d0,0x0000000100000000)
  to   space 87040K, 0% used [0x00000000f5600000,0x00000000f5600000,0x00000000fab00000)
 ParOldGen       total 1398272K, used 44556K [0x0000000080000000, 0x00000000d5580000, 0x00000000d5580000)
  object space 1398272K, 3% used [0x0000000080000000,0x0000000082b83378,0x00000000d5580000)
 Metaspace       used 66485K, capacity 69320K, committed 69504K, reserved 1110016K
  class space    used 7566K, capacity 8050K, committed 8064K, reserved 1048576K
}
Event: 336.720 GC heap before
{Heap before GC invocations=8 (full 3):
 PSYoungGen      total 611840K, used 570581K [0x00000000d5580000, 0x0000000100000000, 0x0000000100000000)
  eden space 524800K, 100% used [0x00000000d5580000,0x00000000f5600000,0x00000000f5600000)
  from space 87040K, 52% used [0x00000000fab00000,0x00000000fd7b57d0,0x0000000100000000)
  to   space 87040K, 0% used [0x00000000f5600000,0x00000000f5600000,0x00000000fab00000)
 ParOldGen       total 1398272K, used 44556K [0x0000000080000000, 0x00000000d5580000, 0x00000000d5580000)
  object space 1398272K, 3% used [0x0000000080000000,0x0000000082b83378,0x00000000d5580000)
 Metaspace       used 68911K, capacity 72060K, committed 72320K, reserved 1114112K
  class space    used 7690K, capacity 8258K, committed 8320K, reserved 1048576K
Event: 336.880 GC heap after
Heap after GC invocations=8 (full 3):
 PSYoungGen      total 611840K, used 87030K [0x00000000d5580000, 0x0000000100000000, 0x0000000100000000)
  eden space 524800K, 0% used [0x00000000d5580000,0x00000000d5580000,0x00000000f5600000)
  from space 87040K, 99% used [0x00000000f5600000,0x00000000faafdb80,0x00000000fab00000)
  to   space 87040K, 0% used [0x00000000fab00000,0x00000000fab00000,0x0000000100000000)
 ParOldGen       total 1398272K, used 48852K [0x0000000080000000, 0x00000000d5580000, 0x00000000d5580000)
  object space 1398272K, 3% used [0x0000000080000000,0x0000000082fb5378,0x00000000d5580000)
 Metaspace       used 68911K, capacity 72060K, committed 72320K, reserved 1114112K
  class space    used 7690K, capacity 8258K, committed 8320K, reserved 1048576K
}
Event: 575.476 GC heap before
{Heap before GC invocations=9 (full 3):
 PSYoungGen      total 611840K, used 611830K [0x00000000d5580000, 0x0000000100000000, 0x0000000100000000)
  eden space 524800K, 100% used [0x00000000d5580000,0x00000000f5600000,0x00000000f5600000)
  from space 87040K, 99% used [0x00000000f5600000,0x00000000faafdb80,0x00000000fab00000)
  to   space 87040K, 0% used [0x00000000fab00000,0x00000000fab00000,0x0000000100000000)
 ParOldGen       total 1398272K, used 48852K [0x0000000080000000, 0x00000000d5580000, 0x00000000d5580000)
  object space 1398272K, 3% used [0x0000000080000000,0x0000000082fb5378,0x00000000d5580000)
 Metaspace       used 70340K, capacity 73810K, committed 73984K, reserved 1114112K
  class space    used 7775K, capacity 8387K, committed 8448K, reserved 1048576K
Event: 575.700 GC heap after
Heap after GC invocations=9 (full 3):
 PSYoungGen      total 538112K, used 87024K [0x00000000d5580000, 0x0000000100000000, 0x0000000100000000)
  eden space 451072K, 0% used [0x00000000d5580000,0x00000000d5580000,0x00000000f0e00000)
  from space 87040K, 99% used [0x00000000fab00000,0x00000000ffffc080,0x0000000100000000)
  to   space 123904K, 0% used [0x00000000f0e00000,0x00000000f0e00000,0x00000000f8700000)
 ParOldGen       total 1398272K, used 76021K [0x0000000080000000, 0x00000000d5580000, 0x00000000d5580000)
  object space 1398272K, 5% used [0x0000000080000000,0x0000000084a3d558,0x00000000d5580000)
 Metaspace       used 70340K, capacity 73810K, committed 73984K, reserved 1114112K
  class space    used 7775K, capacity 8387K, committed 8448K, reserved 1048576K
}
Event: 662.274 GC heap before
{Heap before GC invocations=10 (full 3):
 PSYoungGen      total 538112K, used 538096K [0x00000000d5580000, 0x0000000100000000, 0x0000000100000000)
  eden space 451072K, 100% used [0x00000000d5580000,0x00000000f0e00000,0x00000000f0e00000)
  from space 87040K, 99% used [0x00000000fab00000,0x00000000ffffc080,0x0000000100000000)
  to   space 123904K, 0% used [0x00000000f0e00000,0x00000000f0e00000,0x00000000f8700000)
 ParOldGen       total 1398272K, used 76021K [0x0000000080000000, 0x00000000d5580000, 0x00000000d5580000)
  object space 1398272K, 5% used [0x0000000080000000,0x0000000084a3d558,0x00000000d5580000)
 Metaspace       used 71337K, capacity 75026K, committed 75392K, reserved 1116160K
  class space    used 7821K, capacity 8457K, committed 8576K, reserved 1048576K
Event: 662.462 GC heap after
Heap after GC invocations=10 (full 3):
 PSYoungGen      total 535552K, used 89562K [0x00000000d5580000, 0x0000000100000000, 0x0000000100000000)
  eden space 445952K, 0% used [0x00000000d5580000,0x00000000d5580000,0x00000000f0900000)
  from space 89600K, 99% used [0x00000000f0e00000,0x00000000f65768f8,0x00000000f6580000)
  to   space 132096K, 0% used [0x00000000f7f00000,0x00000000f7f00000,0x0000000100000000)
 ParOldGen       total 1398272K, used 76029K [0x0000000080000000, 0x00000000d5580000, 0x00000000d5580000)
  object space 1398272K, 5% used [0x0000000080000000,0x0000000084a3f558,0x00000000d5580000)
 Metaspace       used 71337K, capacity 75026K, committed 75392K, reserved 1116160K
  class space    used 7821K, capacity 8457K, committed 8576K, reserved 1048576K
}
Event: 724.482 GC heap before
{Heap before GC invocations=11 (full 3):
 PSYoungGen      total 535552K, used 535514K [0x00000000d5580000, 0x0000000100000000, 0x0000000100000000)
  eden space 445952K, 100% used [0x00000000d5580000,0x00000000f0900000,0x00000000f0900000)
  from space 89600K, 99% used [0x00000000f0e00000,0x00000000f65768f8,0x00000000f6580000)
  to   space 132096K, 0% used [0x00000000f7f00000,0x00000000f7f00000,0x0000000100000000)
 ParOldGen       total 1398272K, used 76029K [0x0000000080000000, 0x00000000d5580000, 0x00000000d5580000)
  object space 1398272K, 5% used [0x0000000080000000,0x0000000084a3f558,0x00000000d5580000)
 Metaspace       used 71825K, capacity 75574K, committed 75904K, reserved 1116160K
  class space    used 7823K, capacity 8461K, committed 8576K, reserved 1048576K
Event: 724.647 GC heap after
Heap after GC invocations=11 (full 3):
 PSYoungGen      total 563712K, used 81016K [0x00000000d5580000, 0x0000000100000000, 0x0000000100000000)
  eden space 431616K, 0% used [0x00000000d5580000,0x00000000d5580000,0x00000000efb00000)
  from space 132096K, 61% used [0x00000000f7f00000,0x00000000fce1e1b8,0x0000000100000000)
  to   space 133632K, 0% used [0x00000000efb00000,0x00000000efb00000,0x00000000f7d80000)
 ParOldGen       total 1398272K, used 76037K [0x0000000080000000, 0x00000000d5580000, 0x00000000d5580000)
  object space 1398272K, 5% used [0x0000000080000000,0x0000000084a41558,0x00000000d5580000)
 Metaspace       used 71825K, capacity 75574K, committed 75904K, reserved 1116160K
  class space    used 7823K, capacity 8461K, committed 8576K, reserved 1048576K
}

