# JRE version: OpenJDK Runtime Environment (8.0_212-b04) (build 1.8.0_212-b04)
# Java VM: OpenJDK 64-Bit Server VM (25.212-b04 mixed mode linux-amd64 compressed oops)
Heap:
 PSYoungGen      total 542720K, used 401146K [0x00000000d5580000, 0x0000000100000000, 0x0000000100000000)
  eden space 386560K, 63% used [0x00000000d5580000,0x00000000e44c3dc0,0x00000000ecf00000)
  from space 156160K, 99% used [0x00000000ecf00000,0x00000000f677ad58,0x00000000f6780000)
  to   space 156160K, 0% used [0x00000000f6780000,0x00000000f6780000,0x0000000100000000)
 ParOldGen       total 1398272K, used 987987K [0x0000000080000000, 0x00000000d5580000, 0x00000000d5580000)
  object space 1398272K, 70% used [0x0000000080000000,0x00000000bc4d4f48,0x00000000d5580000)
 Metaspace       used 66781K, capacity 69802K, committed 70016K, reserved 1112064K
  class space    used 7494K, capacity 8027K, committed 8064K, reserved 1048576K
GC Heap History (10 events):
Event: 12.763 GC heap before
{Heap before GC invocations=6 (full 2):
 PSYoungGen      total 611840K, used 331857K [0x00000000d5580000, 0x0000000100000000, 0x0000000100000000)
  eden space 524800K, 59% used [0x00000000d5580000,0x00000000e88cf2a8,0x00000000f5600000)
  from space 87040K, 19% used [0x00000000f5600000,0x00000000f66c5180,0x00000000fab00000)
  to   space 87040K, 0% used [0x00000000fab00000,0x00000000fab00000,0x0000000100000000)
 ParOldGen       total 1398272K, used 23891K [0x0000000080000000, 0x00000000d5580000, 0x00000000d5580000)
  object space 1398272K, 1% used [0x0000000080000000,0x0000000081754f38,0x00000000d5580000)
 Metaspace       used 57521K, capacity 58930K, committed 59028K, reserved 1101824K
  class space    used 6627K, capacity 6895K, committed 6912K, reserved 1048576K
Event: 12.816 GC heap after
Heap after GC invocations=6 (full 2):
 PSYoungGen      total 611840K, used 30228K [0x00000000d5580000, 0x0000000100000000, 0x0000000100000000)
  eden space 524800K, 0% used [0x00000000d5580000,0x00000000d5580000,0x00000000f5600000)
  from space 87040K, 34% used [0x00000000fab00000,0x00000000fc8851b8,0x0000000100000000)
  to   space 87040K, 0% used [0x00000000f5600000,0x00000000f5600000,0x00000000fab00000)
 ParOldGen       total 1398272K, used 23899K [0x0000000080000000, 0x00000000d5580000, 0x00000000d5580000)
  object space 1398272K, 1% used [0x0000000080000000,0x0000000081756f38,0x00000000d5580000)
 Metaspace       used 57521K, capacity 58930K, committed 59028K, reserved 1101824K
  class space    used 6627K, capacity 6895K, committed 6912K, reserved 1048576K
}
Event: 12.816 GC heap before
{Heap before GC invocations=7 (full 3):
 PSYoungGen      total 611840K, used 30228K [0x00000000d5580000, 0x0000000100000000, 0x0000000100000000)
  eden space 524800K, 0% used [0x00000000d5580000,0x00000000d5580000,0x00000000f5600000)
  from space 87040K, 34% used [0x00000000fab00000,0x00000000fc8851b8,0x0000000100000000)
  to   space 87040K, 0% used [0x00000000f5600000,0x00000000f5600000,0x00000000fab00000)
 ParOldGen       total 1398272K, used 23899K [0x0000000080000000, 0x00000000d5580000, 0x00000000d5580000)
  object space 1398272K, 1% used [0x0000000080000000,0x0000000081756f38,0x00000000d5580000)
 Metaspace       used 57521K, capacity 58930K, committed 59028K, reserved 1101824K
  class space    used 6627K, capacity 6895K, committed 6912K, reserved 1048576K
Event: 13.143 GC heap after
Heap after GC invocations=7 (full 3):
 PSYoungGen      total 611840K, used 0K [0x00000000d5580000, 0x0000000100000000, 0x0000000100000000)
  eden space 524800K, 0% used [0x00000000d5580000,0x00000000d5580000,0x00000000f5600000)
  from space 87040K, 0% used [0x00000000fab00000,0x00000000fab00000,0x0000000100000000)
  to   space 87040K, 0% used [0x00000000f5600000,0x00000000f5600000,0x00000000fab00000)
 ParOldGen       total 1398272K, used 41542K [0x0000000080000000, 0x00000000d5580000, 0x00000000d5580000)
  object space 1398272K, 2% used [0x0000000080000000,0x0000000082891810,0x00000000d5580000)
 Metaspace       used 57500K, capacity 58876K, committed 59028K, reserved 1101824K
  class space    used 6619K, capacity 6882K, committed 6912K, reserved 1048576K
}
Event: 19.161 GC heap before
{Heap before GC invocations=8 (full 3):
 PSYoungGen      total 611840K, used 350769K [0x00000000d5580000, 0x0000000100000000, 0x0000000100000000)
  eden space 524800K, 66% used [0x00000000d5580000,0x00000000eac0c648,0x00000000f5600000)
  from space 87040K, 0% used [0x00000000fab00000,0x00000000fab00000,0x0000000100000000)
  to   space 87040K, 0% used [0x00000000f5600000,0x00000000f5600000,0x00000000fab00000)
 ParOldGen       total 1398272K, used 41542K [0x0000000080000000, 0x00000000d5580000, 0x00000000d5580000)
  object space 1398272K, 2% used [0x0000000080000000,0x0000000082891810,0x00000000d5580000)
 Metaspace       used 60000K, capacity 62020K, committed 62208K, reserved 1103872K
  class space    used 6954K, capacity 7316K, committed 7424K, reserved 1048576K
Event: 19.371 GC heap after
Heap after GC invocations=8 (full 3):
 PSYoungGen      total 536064K, used 10821K [0x00000000d5580000, 0x00000000fab80000, 0x0000000100000000)
  eden space 524800K, 0% used [0x00000000d5580000,0x00000000d5580000,0x00000000f5600000)
  from space 11264K, 96% used [0x00000000f5600000,0x00000000f60917b0,0x00000000f6100000)
  to   space 30720K, 0% used [0x00000000f8d80000,0x00000000f8d80000,0x00000000fab80000)
 ParOldGen       total 1398272K, used 451142K [0x0000000080000000, 0x00000000d5580000, 0x00000000d5580000)
  object space 1398272K, 32% used [0x0000000080000000,0x000000009b891830,0x00000000d5580000)
 Metaspace       used 60000K, capacity 62020K, committed 62208K, reserved 1103872K
  class space    used 6954K, capacity 7316K, committed 7424K, reserved 1048576K
}
Event: 24.778 GC heap before
{Heap before GC invocations=9 (full 3):
 PSYoungGen      total 536064K, used 535207K [0x00000000d5580000, 0x00000000fab80000, 0x0000000100000000)
  eden space 524800K, 99% used [0x00000000d5580000,0x00000000f5598588,0x00000000f5600000)
  from space 11264K, 96% used [0x00000000f5600000,0x00000000f60917b0,0x00000000f6100000)
  to   space 30720K, 0% used [0x00000000f8d80000,0x00000000f8d80000,0x00000000fab80000)
 ParOldGen       total 1398272K, used 758342K [0x0000000080000000, 0x00000000d5580000, 0x00000000d5580000)
  object space 1398272K, 54% used [0x0000000080000000,0x00000000ae491840,0x00000000d5580000)
 Metaspace       used 64806K, capacity 67490K, committed 67584K, reserved 1110016K
  class space    used 7438K, capacity 7925K, committed 7936K, reserved 1048576K
Event: 25.050 GC heap after
Heap after GC invocations=9 (full 3):
 PSYoungGen      total 417280K, used 30712K [0x00000000d5580000, 0x0000000100000000, 0x0000000100000000)
  eden space 386560K, 0% used [0x00000000d5580000,0x00000000d5580000,0x00000000ecf00000)
  from space 30720K, 99% used [0x00000000f8d80000,0x00000000fab7e1d0,0x00000000fab80000)
  to   space 156160K, 0% used [0x00000000ecf00000,0x00000000ecf00000,0x00000000f6780000)
 ParOldGen       total 1398272K, used 972111K [0x0000000080000000, 0x00000000d5580000, 0x00000000d5580000)
  object space 1398272K, 69% used [0x0000000080000000,0x00000000bb553db0,0x00000000d5580000)
 Metaspace       used 64806K, capacity 67490K, committed 67584K, reserved 1110016K
  class space    used 7438K, capacity 7925K, committed 7936K, reserved 1048576K
}
Event: 30.958 GC heap before
{Heap before GC invocations=10 (full 3):
 PSYoungGen      total 417280K, used 417156K [0x00000000d5580000, 0x0000000100000000, 0x0000000100000000)
  eden space 386560K, 99% used [0x00000000d5580000,0x00000000ecee3008,0x00000000ecf00000)
  from space 30720K, 99% used [0x00000000f8d80000,0x00000000fab7e1d0,0x00000000fab80000)
  to   space 156160K, 0% used [0x00000000ecf00000,0x00000000ecf00000,0x00000000f6780000)
 ParOldGen       total 1398272K, used 972111K [0x0000000080000000, 0x00000000d5580000, 0x00000000d5580000)
  object space 1398272K, 69% used [0x0000000080000000,0x00000000bb553db0,0x00000000d5580000)
 Metaspace       used 66061K, capacity 68834K, committed 68992K, reserved 1110016K
  class space    used 7446K, capacity 7937K, committed 8064K, reserved 1048576K
Event: 31.103 GC heap after
Heap after GC invocations=10 (full 3):
 PSYoungGen      total 542720K, used 156139K [0x00000000d5580000, 0x0000000100000000, 0x0000000100000000)
  eden space 386560K, 0% used [0x00000000d5580000,0x00000000d5580000,0x00000000ecf00000)
  from space 156160K, 99% used [0x00000000ecf00000,0x00000000f677ad58,0x00000000f6780000)
  to   space 156160K, 0% used [0x00000000f6780000,0x00000000f6780000,0x0000000100000000)
 ParOldGen       total 1398272K, used 987987K [0x0000000080000000, 0x00000000d5580000, 0x00000000d5580000)
  object space 1398272K, 70% used [0x0000000080000000,0x00000000bc4d4f48,0x00000000d5580000)
 Metaspace       used 66061K, capacity 68834K, committed 68992K, reserved 1110016K
  class space    used 7446K, capacity 7937K, committed 8064K, reserved 1048576K
}

