# JRE version: OpenJDK Runtime Environment (8.0_212-b04) (build 1.8.0_212-b04)
# Java VM: OpenJDK 64-Bit Server VM (25.212-b04 mixed mode linux-amd64 compressed oops)
Heap:
 PSYoungGen      total 611840K, used 131845K [0x00000000d5580000, 0x0000000100000000, 0x0000000100000000)
  eden space 524800K, 18% used [0x00000000d5580000,0x00000000db4e0968,0x00000000f5600000)
  from space 87040K, 39% used [0x00000000fab00000,0x00000000fcc60dc8,0x0000000100000000)
  to   space 87040K, 0% used [0x00000000f5600000,0x00000000f5600000,0x00000000fab00000)
 ParOldGen       total 1398272K, used 44552K [0x0000000080000000, 0x00000000d5580000, 0x00000000d5580000)
  object space 1398272K, 3% used [0x0000000080000000,0x0000000082b82320,0x00000000d5580000)
 Metaspace       used 67168K, capacity 70122K, committed 70400K, reserved 1112064K
  class space    used 7618K, capacity 8169K, committed 8192K, reserved 1048576K
GC Heap History (10 events):
Event: 5.322 GC heap before
{Heap before GC invocations=3 (full 1):
 PSYoungGen      total 611840K, used 445044K [0x00000000d5580000, 0x0000000100000000, 0x0000000100000000)
  eden space 524800K, 84% used [0x00000000d5580000,0x00000000f081d008,0x00000000f5600000)
  from space 87040K, 0% used [0x00000000f5600000,0x00000000f5600000,0x00000000fab00000)
  to   space 87040K, 0% used [0x00000000fab00000,0x00000000fab00000,0x0000000100000000)
 ParOldGen       total 912896K, used 13755K [0x0000000080000000, 0x00000000b7b80000, 0x00000000d5580000)
  object space 912896K, 1% used [0x0000000080000000,0x0000000080d6ed38,0x00000000b7b80000)
 Metaspace       used 34797K, capacity 35188K, committed 35416K, reserved 1081344K
  class space    used 3979K, capacity 4092K, committed 4096K, reserved 1048576K
Event: 5.350 GC heap after
Heap after GC invocations=3 (full 1):
 PSYoungGen      total 611840K, used 19309K [0x00000000d5580000, 0x0000000100000000, 0x0000000100000000)
  eden space 524800K, 0% used [0x00000000d5580000,0x00000000d5580000,0x00000000f5600000)
  from space 87040K, 22% used [0x00000000fab00000,0x00000000fbddb798,0x0000000100000000)
  to   space 87040K, 0% used [0x00000000f5600000,0x00000000f5600000,0x00000000fab00000)
 ParOldGen       total 912896K, used 13755K [0x0000000080000000, 0x00000000b7b80000, 0x00000000d5580000)
  object space 912896K, 1% used [0x0000000080000000,0x0000000080d6ed38,0x00000000b7b80000)
 Metaspace       used 34797K, capacity 35188K, committed 35416K, reserved 1081344K
  class space    used 3979K, capacity 4092K, committed 4096K, reserved 1048576K
}
Event: 5.350 GC heap before
{Heap before GC invocations=4 (full 2):
 PSYoungGen      total 611840K, used 19309K [0x00000000d5580000, 0x0000000100000000, 0x0000000100000000)
  eden space 524800K, 0% used [0x00000000d5580000,0x00000000d5580000,0x00000000f5600000)
  from space 87040K, 22% used [0x00000000fab00000,0x00000000fbddb798,0x0000000100000000)
  to   space 87040K, 0% used [0x00000000f5600000,0x00000000f5600000,0x00000000fab00000)
 ParOldGen       total 912896K, used 13755K [0x0000000080000000, 0x00000000b7b80000, 0x00000000d5580000)
  object space 912896K, 1% used [0x0000000080000000,0x0000000080d6ed38,0x00000000b7b80000)
 Metaspace       used 34797K, capacity 35188K, committed 35416K, reserved 1081344K
  class space    used 3979K, capacity 4092K, committed 4096K, reserved 1048576K
Event: 5.439 GC heap after
Heap after GC invocations=4 (full 2):
 PSYoungGen      total 611840K, used 0K [0x00000000d5580000, 0x0000000100000000, 0x0000000100000000)
  eden space 524800K, 0% used [0x00000000d5580000,0x00000000d5580000,0x00000000f5600000)
  from space 87040K, 0% used [0x00000000fab00000,0x00000000fab00000,0x0000000100000000)
  to   space 87040K, 0% used [0x00000000f5600000,0x00000000f5600000,0x00000000fab00000)
 ParOldGen       total 1398272K, used 23634K [0x0000000080000000, 0x00000000d5580000, 0x00000000d5580000)
  object space 1398272K, 1% used [0x0000000080000000,0x0000000081714bb0,0x00000000d5580000)
 Metaspace       used 34797K, capacity 35188K, committed 35416K, reserved 1081344K
  class space    used 3979K, capacity 4092K, committed 4096K, reserved 1048576K
}
Event: 12.542 GC heap before
{Heap before GC invocations=5 (full 2):
 PSYoungGen      total 611840K, used 513219K [0x00000000d5580000, 0x0000000100000000, 0x0000000100000000)
  eden space 524800K, 97% used [0x00000000d5580000,0x00000000f4ab0cf8,0x00000000f5600000)
  from space 87040K, 0% used [0x00000000fab00000,0x00000000fab00000,0x0000000100000000)
  to   space 87040K, 0% used [0x00000000f5600000,0x00000000f5600000,0x00000000fab00000)
 ParOldGen       total 1398272K, used 23634K [0x0000000080000000, 0x00000000d5580000, 0x00000000d5580000)
  object space 1398272K, 1% used [0x0000000080000000,0x0000000081714bb0,0x00000000d5580000)
 Metaspace       used 57402K, capacity 58820K, committed 59008K, reserved 1101824K
  class space    used 6644K, capacity 6946K, committed 7040K, reserved 1048576K
Event: 12.593 GC heap after
Heap after GC invocations=5 (full 2):
 PSYoungGen      total 611840K, used 33825K [0x00000000d5580000, 0x0000000100000000, 0x0000000100000000)
  eden space 524800K, 0% used [0x00000000d5580000,0x00000000d5580000,0x00000000f5600000)
  from space 87040K, 38% used [0x00000000f5600000,0x00000000f77086d8,0x00000000fab00000)
  to   space 87040K, 0% used [0x00000000fab00000,0x00000000fab00000,0x0000000100000000)
 ParOldGen       total 1398272K, used 23642K [0x0000000080000000, 0x00000000d5580000, 0x00000000d5580000)
  object space 1398272K, 1% used [0x0000000080000000,0x0000000081716bb0,0x00000000d5580000)
 Metaspace       used 57402K, capacity 58820K, committed 59008K, reserved 1101824K
  class space    used 6644K, capacity 6946K, committed 7040K, reserved 1048576K
}
Event: 12.593 GC heap before
{Heap before GC invocations=6 (full 3):
 PSYoungGen      total 611840K, used 33825K [0x00000000d5580000, 0x0000000100000000, 0x0000000100000000)
  eden space 524800K, 0% used [0x00000000d5580000,0x00000000d5580000,0x00000000f5600000)
  from space 87040K, 38% used [0x00000000f5600000,0x00000000f77086d8,0x00000000fab00000)
  to   space 87040K, 0% used [0x00000000fab00000,0x00000000fab00000,0x0000000100000000)
 ParOldGen       total 1398272K, used 23642K [0x0000000080000000, 0x00000000d5580000, 0x00000000d5580000)
  object space 1398272K, 1% used [0x0000000080000000,0x0000000081716bb0,0x00000000d5580000)
 Metaspace       used 57402K, capacity 58820K, committed 59008K, reserved 1101824K
  class space    used 6644K, capacity 6946K, committed 7040K, reserved 1048576K
Event: 12.821 GC heap after
Heap after GC invocations=6 (full 3):
 PSYoungGen      total 611840K, used 0K [0x00000000d5580000, 0x0000000100000000, 0x0000000100000000)
  eden space 524800K, 0% used [0x00000000d5580000,0x00000000d5580000,0x00000000f5600000)
  from space 87040K, 0% used [0x00000000f5600000,0x00000000f5600000,0x00000000fab00000)
  to   space 87040K, 0% used [0x00000000fab00000,0x00000000fab00000,0x0000000100000000)
 ParOldGen       total 1398272K, used 44544K [0x0000000080000000, 0x00000000d5580000, 0x00000000d5580000)
  object space 1398272K, 3% used [0x0000000080000000,0x0000000082b80320,0x00000000d5580000)
 Metaspace       used 57375K, capacity 58764K, committed 59008K, reserved 1101824K
  class space    used 6634K, capacity 6930K, committed 7040K, reserved 1048576K
}
Event: 58.583 GC heap before
{Heap before GC invocations=7 (full 3):
 PSYoungGen      total 611840K, used 524800K [0x00000000d5580000, 0x0000000100000000, 0x0000000100000000)
  eden space 524800K, 100% used [0x00000000d5580000,0x00000000f5600000,0x00000000f5600000)
  from space 87040K, 0% used [0x00000000f5600000,0x00000000f5600000,0x00000000fab00000)
  to   space 87040K, 0% used [0x00000000fab00000,0x00000000fab00000,0x0000000100000000)
 ParOldGen       total 1398272K, used 44544K [0x0000000080000000, 0x00000000d5580000, 0x00000000d5580000)
  object space 1398272K, 3% used [0x0000000080000000,0x0000000082b80320,0x00000000d5580000)
 Metaspace       used 66301K, capacity 69126K, committed 69376K, reserved 1110016K
  class space    used 7606K, capacity 8123K, committed 8192K, reserved 1048576K
Event: 58.667 GC heap after
Heap after GC invocations=7 (full 3):
 PSYoungGen      total 611840K, used 34179K [0x00000000d5580000, 0x0000000100000000, 0x0000000100000000)
  eden space 524800K, 0% used [0x00000000d5580000,0x00000000d5580000,0x00000000f5600000)
  from space 87040K, 39% used [0x00000000fab00000,0x00000000fcc60dc8,0x0000000100000000)
  to   space 87040K, 0% used [0x00000000f5600000,0x00000000f5600000,0x00000000fab00000)
 ParOldGen       total 1398272K, used 44552K [0x0000000080000000, 0x00000000d5580000, 0x00000000d5580000)
  object space 1398272K, 3% used [0x0000000080000000,0x0000000082b82320,0x00000000d5580000)
 Metaspace       used 66301K, capacity 69126K, committed 69376K, reserved 1110016K
  class space    used 7606K, capacity 8123K, committed 8192K, reserved 1048576K
}

