# JRE version: OpenJDK Runtime Environment (8.0_212-b04) (build 1.8.0_212-b04)
# Java VM: OpenJDK 64-Bit Server VM (25.212-b04 mixed mode linux-amd64 compressed oops)
Heap:
 PSYoungGen      total 606720K, used 287281K [0x00000000d5580000, 0x00000000fdb00000, 0x0000000100000000)
  eden space 524800K, 39% used [0x00000000d5580000,0x00000000e1e64a58,0x00000000f5600000)
  from space 81920K, 99% used [0x00000000f5600000,0x00000000fa5a79d8,0x00000000fa600000)
  to   space 54272K, 0% used [0x00000000fa600000,0x00000000fa600000,0x00000000fdb00000)
 ParOldGen       total 1398272K, used 31580K [0x0000000080000000, 0x00000000d5580000, 0x00000000d5580000)
  object space 1398272K, 2% used [0x0000000080000000,0x0000000081ed7338,0x00000000d5580000)
 Metaspace       used 65436K, capacity 68172K, committed 68352K, reserved 1110016K
  class space    used 7416K, capacity 7888K, committed 7936K, reserved 1048576K
GC Heap History (10 events):
Event: 5.000 GC heap before
{Heap before GC invocations=4 (full 2):
 PSYoungGen      total 611840K, used 19288K [0x00000000d5580000, 0x0000000100000000, 0x0000000100000000)
  eden space 524800K, 0% used [0x00000000d5580000,0x00000000d5580000,0x00000000f5600000)
  from space 87040K, 22% used [0x00000000fab00000,0x00000000fbdd6158,0x0000000100000000)
  to   space 87040K, 0% used [0x00000000f5600000,0x00000000f5600000,0x00000000fab00000)
 ParOldGen       total 867840K, used 13784K [0x0000000080000000, 0x00000000b4f80000, 0x00000000d5580000)
  object space 867840K, 1% used [0x0000000080000000,0x0000000080d760a8,0x00000000b4f80000)
 Metaspace       used 34830K, capacity 35188K, committed 35416K, reserved 1081344K
  class space    used 3978K, capacity 4092K, committed 4096K, reserved 1048576K
Event: 5.086 GC heap after
Heap after GC invocations=4 (full 2):
 PSYoungGen      total 611840K, used 0K [0x00000000d5580000, 0x0000000100000000, 0x0000000100000000)
  eden space 524800K, 0% used [0x00000000d5580000,0x00000000d5580000,0x00000000f5600000)
  from space 87040K, 0% used [0x00000000fab00000,0x00000000fab00000,0x0000000100000000)
  to   space 87040K, 0% used [0x00000000f5600000,0x00000000f5600000,0x00000000fab00000)
 ParOldGen       total 1398272K, used 23627K [0x0000000080000000, 0x00000000d5580000, 0x00000000d5580000)
  object space 1398272K, 1% used [0x0000000080000000,0x0000000081712d88,0x00000000d5580000)
 Metaspace       used 34830K, capacity 35188K, committed 35416K, reserved 1081344K
  class space    used 3978K, capacity 4092K, committed 4096K, reserved 1048576K
}
Event: 11.634 GC heap before
{Heap before GC invocations=5 (full 2):
 PSYoungGen      total 611840K, used 524800K [0x00000000d5580000, 0x0000000100000000, 0x0000000100000000)
  eden space 524800K, 100% used [0x00000000d5580000,0x00000000f5600000,0x00000000f5600000)
  from space 87040K, 0% used [0x00000000fab00000,0x00000000fab00000,0x0000000100000000)
  to   space 87040K, 0% used [0x00000000f5600000,0x00000000f5600000,0x00000000fab00000)
 ParOldGen       total 1398272K, used 23627K [0x0000000080000000, 0x00000000d5580000, 0x00000000d5580000)
  object space 1398272K, 1% used [0x0000000080000000,0x0000000081712d88,0x00000000d5580000)
 Metaspace       used 52782K, capacity 54186K, committed 54400K, reserved 1097728K
  class space    used 6177K, capacity 6433K, committed 6528K, reserved 1048576K
Event: 11.685 GC heap after
Heap after GC invocations=5 (full 2):
 PSYoungGen      total 611840K, used 27371K [0x00000000d5580000, 0x0000000100000000, 0x0000000100000000)
  eden space 524800K, 0% used [0x00000000d5580000,0x00000000d5580000,0x00000000f5600000)
  from space 87040K, 31% used [0x00000000f5600000,0x00000000f70bade8,0x00000000fab00000)
  to   space 87040K, 0% used [0x00000000fab00000,0x00000000fab00000,0x0000000100000000)
 ParOldGen       total 1398272K, used 23635K [0x0000000080000000, 0x00000000d5580000, 0x00000000d5580000)
  object space 1398272K, 1% used [0x0000000080000000,0x0000000081714d88,0x00000000d5580000)
 Metaspace       used 52782K, capacity 54186K, committed 54400K, reserved 1097728K
  class space    used 6177K, capacity 6433K, committed 6528K, reserved 1048576K
}
Event: 12.389 GC heap before
{Heap before GC invocations=6 (full 2):
 PSYoungGen      total 611840K, used 173091K [0x00000000d5580000, 0x0000000100000000, 0x0000000100000000)
  eden space 524800K, 27% used [0x00000000d5580000,0x00000000de3cde20,0x00000000f5600000)
  from space 87040K, 31% used [0x00000000f5600000,0x00000000f70bade8,0x00000000fab00000)
  to   space 87040K, 0% used [0x00000000fab00000,0x00000000fab00000,0x0000000100000000)
 ParOldGen       total 1398272K, used 23635K [0x0000000080000000, 0x00000000d5580000, 0x00000000d5580000)
  object space 1398272K, 1% used [0x0000000080000000,0x0000000081714d88,0x00000000d5580000)
 Metaspace       used 57309K, capacity 58858K, committed 59008K, reserved 1101824K
  class space    used 6624K, capacity 6929K, committed 7040K, reserved 1048576K
Event: 12.419 GC heap after
Heap after GC invocations=6 (full 2):
 PSYoungGen      total 611840K, used 19943K [0x00000000d5580000, 0x0000000100000000, 0x0000000100000000)
  eden space 524800K, 0% used [0x00000000d5580000,0x00000000d5580000,0x00000000f5600000)
  from space 87040K, 22% used [0x00000000fab00000,0x00000000fbe79f88,0x0000000100000000)
  to   space 87040K, 0% used [0x00000000f5600000,0x00000000f5600000,0x00000000fab00000)
 ParOldGen       total 1398272K, used 23643K [0x0000000080000000, 0x00000000d5580000, 0x00000000d5580000)
  object space 1398272K, 1% used [0x0000000080000000,0x0000000081716d88,0x00000000d5580000)
 Metaspace       used 57309K, capacity 58858K, committed 59008K, reserved 1101824K
  class space    used 6624K, capacity 6929K, committed 7040K, reserved 1048576K
}
Event: 12.419 GC heap before
{Heap before GC invocations=7 (full 3):
 PSYoungGen      total 611840K, used 19943K [0x00000000d5580000, 0x0000000100000000, 0x0000000100000000)
  eden space 524800K, 0% used [0x00000000d5580000,0x00000000d5580000,0x00000000f5600000)
  from space 87040K, 22% used [0x00000000fab00000,0x00000000fbe79f88,0x0000000100000000)
  to   space 87040K, 0% used [0x00000000f5600000,0x00000000f5600000,0x00000000fab00000)
 ParOldGen       total 1398272K, used 23643K [0x0000000080000000, 0x00000000d5580000, 0x00000000d5580000)
  object space 1398272K, 1% used [0x0000000080000000,0x0000000081716d88,0x00000000d5580000)
 Metaspace       used 57309K, capacity 58858K, committed 59008K, reserved 1101824K
  class space    used 6624K, capacity 6929K, committed 7040K, reserved 1048576K
Event: 12.657 GC heap after
Heap after GC invocations=7 (full 3):
 PSYoungGen      total 611840K, used 0K [0x00000000d5580000, 0x0000000100000000, 0x0000000100000000)
  eden space 524800K, 0% used [0x00000000d5580000,0x00000000d5580000,0x00000000f5600000)
  from space 87040K, 0% used [0x00000000fab00000,0x00000000fab00000,0x0000000100000000)
  to   space 87040K, 0% used [0x00000000f5600000,0x00000000f5600000,0x00000000fab00000)
 ParOldGen       total 1398272K, used 31580K [0x0000000080000000, 0x00000000d5580000, 0x00000000d5580000)
  object space 1398272K, 2% used [0x0000000080000000,0x0000000081ed7338,0x00000000d5580000)
 Metaspace       used 57276K, capacity 58770K, committed 59008K, reserved 1101824K
  class space    used 6613K, capacity 6909K, committed 7040K, reserved 1048576K
}
Event: 24.197 GC heap before
{Heap before GC invocations=8 (full 3):
 PSYoungGen      total 611840K, used 524532K [0x00000000d5580000, 0x0000000100000000, 0x0000000100000000)
  eden space 524800K, 99% used [0x00000000d5580000,0x00000000f55bd208,0x00000000f5600000)
  from space 87040K, 0% used [0x00000000fab00000,0x00000000fab00000,0x0000000100000000)
  to   space 87040K, 0% used [0x00000000f5600000,0x00000000f5600000,0x00000000fab00000)
 ParOldGen       total 1398272K, used 31580K [0x0000000080000000, 0x00000000d5580000, 0x00000000d5580000)
  object space 1398272K, 2% used [0x0000000080000000,0x0000000081ed7338,0x00000000d5580000)
 Metaspace       used 64717K, capacity 67396K, committed 67584K, reserved 1110016K
  class space    used 7402K, capacity 7872K, committed 7936K, reserved 1048576K
Event: 24.334 GC heap after
Heap after GC invocations=8 (full 3):
 PSYoungGen      total 606720K, used 81566K [0x00000000d5580000, 0x00000000fdb00000, 0x0000000100000000)
  eden space 524800K, 0% used [0x00000000d5580000,0x00000000d5580000,0x00000000f5600000)
  from space 81920K, 99% used [0x00000000f5600000,0x00000000fa5a79d8,0x00000000fa600000)
  to   space 54272K, 0% used [0x00000000fa600000,0x00000000fa600000,0x00000000fdb00000)
 ParOldGen       total 1398272K, used 31580K [0x0000000080000000, 0x00000000d5580000, 0x00000000d5580000)
  object space 1398272K, 2% used [0x0000000080000000,0x0000000081ed7338,0x00000000d5580000)
 Metaspace       used 64717K, capacity 67396K, committed 67584K, reserved 1110016K
  class space    used 7402K, capacity 7872K, committed 7936K, reserved 1048576K
}

