# JRE version: OpenJDK Runtime Environment (8.0_212-b04) (build 1.8.0_212-b04)
# Java VM: OpenJDK 64-Bit Server VM (25.212-b04 mixed mode linux-amd64 compressed oops)
Heap:
 PSYoungGen      total 611840K, used 225829K [0x00000000d5580000, 0x0000000100000000, 0x0000000100000000)
  eden space 524800K, 43% used [0x00000000d5580000,0x00000000e32096d8,0x00000000f5600000)
  from space 87040K, 0% used [0x00000000fab00000,0x00000000fab00000,0x0000000100000000)
  to   space 87040K, 0% used [0x00000000f5600000,0x00000000f5600000,0x00000000fab00000)
 ParOldGen       total 1398272K, used 29022K [0x0000000080000000, 0x00000000d5580000, 0x00000000d5580000)
  object space 1398272K, 2% used [0x0000000080000000,0x0000000081c57b40,0x00000000d5580000)
 Metaspace       used 63791K, capacity 66218K, committed 66560K, reserved 1107968K
  class space    used 7392K, capacity 7849K, committed 7936K, reserved 1048576K
GC Heap History (10 events):
Event: 5.257 GC heap before
{Heap before GC invocations=3 (full 1):
 PSYoungGen      total 611840K, used 467512K [0x00000000d5580000, 0x0000000100000000, 0x0000000100000000)
  eden space 524800K, 89% used [0x00000000d5580000,0x00000000f1e0e1b8,0x00000000f5600000)
  from space 87040K, 0% used [0x00000000f5600000,0x00000000f5600000,0x00000000fab00000)
  to   space 87040K, 0% used [0x00000000fab00000,0x00000000fab00000,0x0000000100000000)
 ParOldGen       total 879616K, used 14271K [0x0000000080000000, 0x00000000b5b00000, 0x00000000d5580000)
  object space 879616K, 1% used [0x0000000080000000,0x0000000080deff80,0x00000000b5b00000)
 Metaspace       used 34685K, capacity 35034K, committed 35416K, reserved 1081344K
  class space    used 3959K, capacity 4061K, committed 4096K, reserved 1048576K
Event: 5.298 GC heap after
Heap after GC invocations=3 (full 1):
 PSYoungGen      total 611840K, used 19002K [0x00000000d5580000, 0x0000000100000000, 0x0000000100000000)
  eden space 524800K, 0% used [0x00000000d5580000,0x00000000d5580000,0x00000000f5600000)
  from space 87040K, 21% used [0x00000000fab00000,0x00000000fbd8e9d0,0x0000000100000000)
  to   space 87040K, 0% used [0x00000000f5600000,0x00000000f5600000,0x00000000fab00000)
 ParOldGen       total 879616K, used 14271K [0x0000000080000000, 0x00000000b5b00000, 0x00000000d5580000)
  object space 879616K, 1% used [0x0000000080000000,0x0000000080deff80,0x00000000b5b00000)
 Metaspace       used 34685K, capacity 35034K, committed 35416K, reserved 1081344K
  class space    used 3959K, capacity 4061K, committed 4096K, reserved 1048576K
}
Event: 5.298 GC heap before
{Heap before GC invocations=4 (full 2):
 PSYoungGen      total 611840K, used 19002K [0x00000000d5580000, 0x0000000100000000, 0x0000000100000000)
  eden space 524800K, 0% used [0x00000000d5580000,0x00000000d5580000,0x00000000f5600000)
  from space 87040K, 21% used [0x00000000fab00000,0x00000000fbd8e9d0,0x0000000100000000)
  to   space 87040K, 0% used [0x00000000f5600000,0x00000000f5600000,0x00000000fab00000)
 ParOldGen       total 879616K, used 14271K [0x0000000080000000, 0x00000000b5b00000, 0x00000000d5580000)
  object space 879616K, 1% used [0x0000000080000000,0x0000000080deff80,0x00000000b5b00000)
 Metaspace       used 34685K, capacity 35034K, committed 35416K, reserved 1081344K
  class space    used 3959K, capacity 4061K, committed 4096K, reserved 1048576K
Event: 5.411 GC heap after
Heap after GC invocations=4 (full 2):
 PSYoungGen      total 611840K, used 0K [0x00000000d5580000, 0x0000000100000000, 0x0000000100000000)
  eden space 524800K, 0% used [0x00000000d5580000,0x00000000d5580000,0x00000000f5600000)
  from space 87040K, 0% used [0x00000000fab00000,0x00000000fab00000,0x0000000100000000)
  to   space 87040K, 0% used [0x00000000f5600000,0x00000000f5600000,0x00000000fab00000)
 ParOldGen       total 1398272K, used 23553K [0x0000000080000000, 0x00000000d5580000, 0x00000000d5580000)
  object space 1398272K, 1% used [0x0000000080000000,0x0000000081700688,0x00000000d5580000)
 Metaspace       used 34685K, capacity 35034K, committed 35416K, reserved 1081344K
  class space    used 3959K, capacity 4061K, committed 4096K, reserved 1048576K
}
Event: 11.961 GC heap before
{Heap before GC invocations=5 (full 2):
 PSYoungGen      total 611840K, used 524800K [0x00000000d5580000, 0x0000000100000000, 0x0000000100000000)
  eden space 524800K, 100% used [0x00000000d5580000,0x00000000f5600000,0x00000000f5600000)
  from space 87040K, 0% used [0x00000000fab00000,0x00000000fab00000,0x0000000100000000)
  to   space 87040K, 0% used [0x00000000f5600000,0x00000000f5600000,0x00000000fab00000)
 ParOldGen       total 1398272K, used 23553K [0x0000000080000000, 0x00000000d5580000, 0x00000000d5580000)
  object space 1398272K, 1% used [0x0000000080000000,0x0000000081700688,0x00000000d5580000)
 Metaspace       used 52401K, capacity 53780K, committed 53888K, reserved 1097728K
  class space    used 6163K, capacity 6430K, committed 6528K, reserved 1048576K
Event: 12.013 GC heap after
Heap after GC invocations=5 (full 2):
 PSYoungGen      total 611840K, used 26254K [0x00000000d5580000, 0x0000000100000000, 0x0000000100000000)
  eden space 524800K, 0% used [0x00000000d5580000,0x00000000d5580000,0x00000000f5600000)
  from space 87040K, 30% used [0x00000000f5600000,0x00000000f6fa3950,0x00000000fab00000)
  to   space 87040K, 0% used [0x00000000fab00000,0x00000000fab00000,0x0000000100000000)
 ParOldGen       total 1398272K, used 23561K [0x0000000080000000, 0x00000000d5580000, 0x00000000d5580000)
  object space 1398272K, 1% used [0x0000000080000000,0x0000000081702688,0x00000000d5580000)
 Metaspace       used 52401K, capacity 53780K, committed 53888K, reserved 1097728K
  class space    used 6163K, capacity 6430K, committed 6528K, reserved 1048576K
}
Event: 12.767 GC heap before
{Heap before GC invocations=6 (full 2):
 PSYoungGen      total 611840K, used 188696K [0x00000000d5580000, 0x0000000100000000, 0x0000000100000000)
  eden space 524800K, 30% used [0x00000000d5580000,0x00000000df422a28,0x00000000f5600000)
  from space 87040K, 30% used [0x00000000f5600000,0x00000000f6fa3950,0x00000000fab00000)
  to   space 87040K, 0% used [0x00000000fab00000,0x00000000fab00000,0x0000000100000000)
 ParOldGen       total 1398272K, used 23561K [0x0000000080000000, 0x00000000d5580000, 0x00000000d5580000)
  object space 1398272K, 1% used [0x0000000080000000,0x0000000081702688,0x00000000d5580000)
 Metaspace       used 57463K, capacity 58862K, committed 59008K, reserved 1101824K
  class space    used 6672K, capacity 6943K, committed 7040K, reserved 1048576K
Event: 12.799 GC heap after
Heap after GC invocations=6 (full 2):
 PSYoungGen      total 611840K, used 17408K [0x00000000d5580000, 0x0000000100000000, 0x0000000100000000)
  eden space 524800K, 0% used [0x00000000d5580000,0x00000000d5580000,0x00000000f5600000)
  from space 87040K, 20% used [0x00000000fab00000,0x00000000fbc001b8,0x0000000100000000)
  to   space 87040K, 0% used [0x00000000f5600000,0x00000000f5600000,0x00000000fab00000)
 ParOldGen       total 1398272K, used 23569K [0x0000000080000000, 0x00000000d5580000, 0x00000000d5580000)
  object space 1398272K, 1% used [0x0000000080000000,0x0000000081704688,0x00000000d5580000)
 Metaspace       used 57463K, capacity 58862K, committed 59008K, reserved 1101824K
  class space    used 6672K, capacity 6943K, committed 7040K, reserved 1048576K
}
Event: 12.799 GC heap before
{Heap before GC invocations=7 (full 3):
 PSYoungGen      total 611840K, used 17408K [0x00000000d5580000, 0x0000000100000000, 0x0000000100000000)
  eden space 524800K, 0% used [0x00000000d5580000,0x00000000d5580000,0x00000000f5600000)
  from space 87040K, 20% used [0x00000000fab00000,0x00000000fbc001b8,0x0000000100000000)
  to   space 87040K, 0% used [0x00000000f5600000,0x00000000f5600000,0x00000000fab00000)
 ParOldGen       total 1398272K, used 23569K [0x0000000080000000, 0x00000000d5580000, 0x00000000d5580000)
  object space 1398272K, 1% used [0x0000000080000000,0x0000000081704688,0x00000000d5580000)
 Metaspace       used 57463K, capacity 58862K, committed 59008K, reserved 1101824K
  class space    used 6672K, capacity 6943K, committed 7040K, reserved 1048576K
Event: 13.041 GC heap after
Heap after GC invocations=7 (full 3):
 PSYoungGen      total 611840K, used 0K [0x00000000d5580000, 0x0000000100000000, 0x0000000100000000)
  eden space 524800K, 0% used [0x00000000d5580000,0x00000000d5580000,0x00000000f5600000)
  from space 87040K, 0% used [0x00000000fab00000,0x00000000fab00000,0x0000000100000000)
  to   space 87040K, 0% used [0x00000000f5600000,0x00000000f5600000,0x00000000fab00000)
 ParOldGen       total 1398272K, used 29022K [0x0000000080000000, 0x00000000d5580000, 0x00000000d5580000)
  object space 1398272K, 2% used [0x0000000080000000,0x0000000081c57b40,0x00000000d5580000)
 Metaspace       used 57437K, capacity 58800K, committed 59008K, reserved 1101824K
  class space    used 6663K, capacity 6926K, committed 7040K, reserved 1048576K
}

