# JRE version: OpenJDK Runtime Environment (8.0_212-b04) (build 1.8.0_212-b04)
# Java VM: OpenJDK 64-Bit Server VM (25.212-b04 mixed mode linux-amd64 compressed oops)
Heap:
 PSYoungGen      total 553472K, used 99084K [0x00000000d5580000, 0x00000000fab80000, 0x0000000100000000)
  eden space 524800K, 13% used [0x00000000d5580000,0x00000000d9aa4b30,0x00000000f5600000)
  from space 28672K, 98% used [0x00000000f5600000,0x00000000f719e800,0x00000000f7200000)
  to   space 35328K, 0% used [0x00000000f8900000,0x00000000f8900000,0x00000000fab80000)
 ParOldGen       total 1398272K, used 24647K [0x0000000080000000, 0x00000000d5580000, 0x00000000d5580000)
  object space 1398272K, 1% used [0x0000000080000000,0x0000000081811f48,0x00000000d5580000)
 Metaspace       used 61809K, capacity 64120K, committed 64256K, reserved 1105920K
  class space    used 7122K, capacity 7560K, committed 7680K, reserved 1048576K
GC Heap History (10 events):
Event: 5.313 GC heap before
{Heap before GC invocations=4 (full 2):
 PSYoungGen      total 611840K, used 18963K [0x00000000d5580000, 0x0000000100000000, 0x0000000100000000)
  eden space 524800K, 0% used [0x00000000d5580000,0x00000000d5580000,0x00000000f5600000)
  from space 87040K, 21% used [0x00000000fab00000,0x00000000fbd84ff0,0x0000000100000000)
  to   space 87040K, 0% used [0x00000000f5600000,0x00000000f5600000,0x00000000fab00000)
 ParOldGen       total 902144K, used 14276K [0x0000000080000000, 0x00000000b7100000, 0x00000000d5580000)
  object space 902144K, 1% used [0x0000000080000000,0x0000000080df1310,0x00000000b7100000)
 Metaspace       used 34720K, capacity 35092K, committed 35416K, reserved 1081344K
  class space    used 3967K, capacity 4060K, committed 4096K, reserved 1048576K
Event: 5.428 GC heap after
Heap after GC invocations=4 (full 2):
 PSYoungGen      total 611840K, used 0K [0x00000000d5580000, 0x0000000100000000, 0x0000000100000000)
  eden space 524800K, 0% used [0x00000000d5580000,0x00000000d5580000,0x00000000f5600000)
  from space 87040K, 0% used [0x00000000fab00000,0x00000000fab00000,0x0000000100000000)
  to   space 87040K, 0% used [0x00000000f5600000,0x00000000f5600000,0x00000000fab00000)
 ParOldGen       total 1398272K, used 23492K [0x0000000080000000, 0x00000000d5580000, 0x00000000d5580000)
  object space 1398272K, 1% used [0x0000000080000000,0x00000000816f1208,0x00000000d5580000)
 Metaspace       used 34720K, capacity 35092K, committed 35416K, reserved 1081344K
  class space    used 3967K, capacity 4060K, committed 4096K, reserved 1048576K
}
Event: 12.208 GC heap before
{Heap before GC invocations=5 (full 2):
 PSYoungGen      total 611840K, used 524800K [0x00000000d5580000, 0x0000000100000000, 0x0000000100000000)
  eden space 524800K, 100% used [0x00000000d5580000,0x00000000f5600000,0x00000000f5600000)
  from space 87040K, 0% used [0x00000000fab00000,0x00000000fab00000,0x0000000100000000)
  to   space 87040K, 0% used [0x00000000f5600000,0x00000000f5600000,0x00000000fab00000)
 ParOldGen       total 1398272K, used 23492K [0x0000000080000000, 0x00000000d5580000, 0x00000000d5580000)
  object space 1398272K, 1% used [0x0000000080000000,0x00000000816f1208,0x00000000d5580000)
 Metaspace       used 55955K, capacity 57314K, committed 57472K, reserved 1099776K
  class space    used 6506K, capacity 6753K, committed 6784K, reserved 1048576K
Event: 12.283 GC heap after
Heap after GC invocations=5 (full 2):
 PSYoungGen      total 611840K, used 28800K [0x00000000d5580000, 0x0000000100000000, 0x0000000100000000)
  eden space 524800K, 0% used [0x00000000d5580000,0x00000000d5580000,0x00000000f5600000)
  from space 87040K, 33% used [0x00000000f5600000,0x00000000f72202e0,0x00000000fab00000)
  to   space 87040K, 0% used [0x00000000fab00000,0x00000000fab00000,0x0000000100000000)
 ParOldGen       total 1398272K, used 23500K [0x0000000080000000, 0x00000000d5580000, 0x00000000d5580000)
  object space 1398272K, 1% used [0x0000000080000000,0x00000000816f3208,0x00000000d5580000)
 Metaspace       used 55955K, capacity 57314K, committed 57472K, reserved 1099776K
  class space    used 6506K, capacity 6753K, committed 6784K, reserved 1048576K
}
Event: 12.481 GC heap before
{Heap before GC invocations=6 (full 2):
 PSYoungGen      total 611840K, used 133675K [0x00000000d5580000, 0x0000000100000000, 0x0000000100000000)
  eden space 524800K, 19% used [0x00000000d5580000,0x00000000dbbeaa00,0x00000000f5600000)
  from space 87040K, 33% used [0x00000000f5600000,0x00000000f72202e0,0x00000000fab00000)
  to   space 87040K, 0% used [0x00000000fab00000,0x00000000fab00000,0x0000000100000000)
 ParOldGen       total 1398272K, used 23500K [0x0000000080000000, 0x00000000d5580000, 0x00000000d5580000)
  object space 1398272K, 1% used [0x0000000080000000,0x00000000816f3208,0x00000000d5580000)
 Metaspace       used 57469K, capacity 58886K, committed 59008K, reserved 1101824K
  class space    used 6681K, capacity 6973K, committed 7040K, reserved 1048576K
Event: 12.507 GC heap after
Heap after GC invocations=6 (full 2):
 PSYoungGen      total 611840K, used 12754K [0x00000000d5580000, 0x0000000100000000, 0x0000000100000000)
  eden space 524800K, 0% used [0x00000000d5580000,0x00000000d5580000,0x00000000f5600000)
  from space 87040K, 14% used [0x00000000fab00000,0x00000000fb774b40,0x0000000100000000)
  to   space 87040K, 0% used [0x00000000f5600000,0x00000000f5600000,0x00000000fab00000)
 ParOldGen       total 1398272K, used 23508K [0x0000000080000000, 0x00000000d5580000, 0x00000000d5580000)
  object space 1398272K, 1% used [0x0000000080000000,0x00000000816f5208,0x00000000d5580000)
 Metaspace       used 57469K, capacity 58886K, committed 59008K, reserved 1101824K
  class space    used 6681K, capacity 6973K, committed 7040K, reserved 1048576K
}
Event: 12.507 GC heap before
{Heap before GC invocations=7 (full 3):
 PSYoungGen      total 611840K, used 12754K [0x00000000d5580000, 0x0000000100000000, 0x0000000100000000)
  eden space 524800K, 0% used [0x00000000d5580000,0x00000000d5580000,0x00000000f5600000)
  from space 87040K, 14% used [0x00000000fab00000,0x00000000fb774b40,0x0000000100000000)
  to   space 87040K, 0% used [0x00000000f5600000,0x00000000f5600000,0x00000000fab00000)
 ParOldGen       total 1398272K, used 23508K [0x0000000080000000, 0x00000000d5580000, 0x00000000d5580000)
  object space 1398272K, 1% used [0x0000000080000000,0x00000000816f5208,0x00000000d5580000)
 Metaspace       used 57469K, capacity 58886K, committed 59008K, reserved 1101824K
  class space    used 6681K, capacity 6973K, committed 7040K, reserved 1048576K
Event: 12.731 GC heap after
Heap after GC invocations=7 (full 3):
 PSYoungGen      total 611840K, used 0K [0x00000000d5580000, 0x0000000100000000, 0x0000000100000000)
  eden space 524800K, 0% used [0x00000000d5580000,0x00000000d5580000,0x00000000f5600000)
  from space 87040K, 0% used [0x00000000fab00000,0x00000000fab00000,0x0000000100000000)
  to   space 87040K, 0% used [0x00000000f5600000,0x00000000f5600000,0x00000000fab00000)
 ParOldGen       total 1398272K, used 24639K [0x0000000080000000, 0x00000000d5580000, 0x00000000d5580000)
  object space 1398272K, 1% used [0x0000000080000000,0x000000008180ff48,0x00000000d5580000)
 Metaspace       used 57445K, capacity 58828K, committed 59008K, reserved 1101824K
  class space    used 6672K, capacity 6958K, committed 7040K, reserved 1048576K
}
Event: 61.478 GC heap before
{Heap before GC invocations=8 (full 3):
 PSYoungGen      total 611840K, used 524800K [0x00000000d5580000, 0x0000000100000000, 0x0000000100000000)
  eden space 524800K, 100% used [0x00000000d5580000,0x00000000f5600000,0x00000000f5600000)
  from space 87040K, 0% used [0x00000000fab00000,0x00000000fab00000,0x0000000100000000)
  to   space 87040K, 0% used [0x00000000f5600000,0x00000000f5600000,0x00000000fab00000)
 ParOldGen       total 1398272K, used 24639K [0x0000000080000000, 0x00000000d5580000, 0x00000000d5580000)
  object space 1398272K, 1% used [0x0000000080000000,0x000000008180ff48,0x00000000d5580000)
 Metaspace       used 61618K, capacity 63974K, committed 64256K, reserved 1105920K
  class space    used 7121K, capacity 7557K, committed 7680K, reserved 1048576K
Event: 61.574 GC heap after
Heap after GC invocations=8 (full 3):
 PSYoungGen      total 553472K, used 28282K [0x00000000d5580000, 0x00000000fab80000, 0x0000000100000000)
  eden space 524800K, 0% used [0x00000000d5580000,0x00000000d5580000,0x00000000f5600000)
  from space 28672K, 98% used [0x00000000f5600000,0x00000000f719e800,0x00000000f7200000)
  to   space 35328K, 0% used [0x00000000f8900000,0x00000000f8900000,0x00000000fab80000)
 ParOldGen       total 1398272K, used 24647K [0x0000000080000000, 0x00000000d5580000, 0x00000000d5580000)
  object space 1398272K, 1% used [0x0000000080000000,0x0000000081811f48,0x00000000d5580000)
 Metaspace       used 61618K, capacity 63974K, committed 64256K, reserved 1105920K
  class space    used 7121K, capacity 7557K, committed 7680K, reserved 1048576K
}

