# JRE version: OpenJDK Runtime Environment (8.0_212-b04) (build 1.8.0_212-b04)
# Java VM: OpenJDK 64-Bit Server VM (25.212-b04 mixed mode linux-amd64 compressed oops)
Heap:
 PSYoungGen      total 611840K, used 105968K [0x00000000d5580000, 0x0000000100000000, 0x0000000100000000)
  eden space 524800K, 20% used [0x00000000d5580000,0x00000000dbcfc150,0x00000000f5600000)
  from space 87040K, 0% used [0x00000000f5600000,0x00000000f5600000,0x00000000fab00000)
  to   space 87040K, 0% used [0x00000000fab00000,0x00000000fab00000,0x0000000100000000)
 ParOldGen       total 1398272K, used 47923K [0x0000000080000000, 0x00000000d5580000, 0x00000000d5580000)
  object space 1398272K, 3% used [0x0000000080000000,0x0000000082eccde0,0x00000000d5580000)
 Metaspace       used 59758K, capacity 61238K, committed 61440K, reserved 1103872K
  class space    used 6893K, capacity 7163K, committed 7168K, reserved 1048576K
GC Heap History (10 events):
Event: 2.606 GC heap before
{Heap before GC invocations=2 (full 1):
 PSYoungGen      total 611840K, used 14301K [0x00000000d5580000, 0x0000000100000000, 0x0000000100000000)
  eden space 524800K, 0% used [0x00000000d5580000,0x00000000d5580000,0x00000000f5600000)
  from space 87040K, 16% used [0x00000000f5600000,0x00000000f63f75d8,0x00000000fab00000)
  to   space 87040K, 0% used [0x00000000fab00000,0x00000000fab00000,0x0000000100000000)
 ParOldGen       total 1398272K, used 80K [0x0000000080000000, 0x00000000d5580000, 0x00000000d5580000)
  object space 1398272K, 0% used [0x0000000080000000,0x0000000080014010,0x00000000d5580000)
 Metaspace       used 20854K, capacity 21074K, committed 21248K, reserved 1069056K
  class space    used 2357K, capacity 2450K, committed 2560K, reserved 1048576K
Event: 2.692 GC heap after
Heap after GC invocations=2 (full 1):
 PSYoungGen      total 611840K, used 0K [0x00000000d5580000, 0x0000000100000000, 0x0000000100000000)
  eden space 524800K, 0% used [0x00000000d5580000,0x00000000d5580000,0x00000000f5600000)
  from space 87040K, 0% used [0x00000000f5600000,0x00000000f5600000,0x00000000fab00000)
  to   space 87040K, 0% used [0x00000000fab00000,0x00000000fab00000,0x0000000100000000)
 ParOldGen       total 885760K, used 13753K [0x0000000080000000, 0x00000000b6100000, 0x00000000d5580000)
  object space 885760K, 1% used [0x0000000080000000,0x0000000080d6e618,0x00000000b6100000)
 Metaspace       used 20854K, capacity 21074K, committed 21248K, reserved 1069056K
  class space    used 2357K, capacity 2450K, committed 2560K, reserved 1048576K
}
Event: 5.171 GC heap before
{Heap before GC invocations=3 (full 1):
 PSYoungGen      total 611840K, used 424306K [0x00000000d5580000, 0x0000000100000000, 0x0000000100000000)
  eden space 524800K, 80% used [0x00000000d5580000,0x00000000ef3dca80,0x00000000f5600000)
  from space 87040K, 0% used [0x00000000f5600000,0x00000000f5600000,0x00000000fab00000)
  to   space 87040K, 0% used [0x00000000fab00000,0x00000000fab00000,0x0000000100000000)
 ParOldGen       total 885760K, used 13753K [0x0000000080000000, 0x00000000b6100000, 0x00000000d5580000)
  object space 885760K, 1% used [0x0000000080000000,0x0000000080d6e618,0x00000000b6100000)
 Metaspace       used 34811K, capacity 35188K, committed 35416K, reserved 1081344K
  class space    used 3973K, capacity 4092K, committed 4096K, reserved 1048576K
Event: 5.207 GC heap after
Heap after GC invocations=3 (full 1):
 PSYoungGen      total 611840K, used 19330K [0x00000000d5580000, 0x0000000100000000, 0x0000000100000000)
  eden space 524800K, 0% used [0x00000000d5580000,0x00000000d5580000,0x00000000f5600000)
  from space 87040K, 22% used [0x00000000fab00000,0x00000000fbde0920,0x0000000100000000)
  to   space 87040K, 0% used [0x00000000f5600000,0x00000000f5600000,0x00000000fab00000)
 ParOldGen       total 885760K, used 13753K [0x0000000080000000, 0x00000000b6100000, 0x00000000d5580000)
  object space 885760K, 1% used [0x0000000080000000,0x0000000080d6e618,0x00000000b6100000)
 Metaspace       used 34811K, capacity 35188K, committed 35416K, reserved 1081344K
  class space    used 3973K, capacity 4092K, committed 4096K, reserved 1048576K
}
Event: 5.207 GC heap before
{Heap before GC invocations=4 (full 2):
 PSYoungGen      total 611840K, used 19330K [0x00000000d5580000, 0x0000000100000000, 0x0000000100000000)
  eden space 524800K, 0% used [0x00000000d5580000,0x00000000d5580000,0x00000000f5600000)
  from space 87040K, 22% used [0x00000000fab00000,0x00000000fbde0920,0x0000000100000000)
  to   space 87040K, 0% used [0x00000000f5600000,0x00000000f5600000,0x00000000fab00000)
 ParOldGen       total 885760K, used 13753K [0x0000000080000000, 0x00000000b6100000, 0x00000000d5580000)
  object space 885760K, 1% used [0x0000000080000000,0x0000000080d6e618,0x00000000b6100000)
 Metaspace       used 34811K, capacity 35188K, committed 35416K, reserved 1081344K
  class space    used 3973K, capacity 4092K, committed 4096K, reserved 1048576K
Event: 5.306 GC heap after
Heap after GC invocations=4 (full 2):
 PSYoungGen      total 611840K, used 0K [0x00000000d5580000, 0x0000000100000000, 0x0000000100000000)
  eden space 524800K, 0% used [0x00000000d5580000,0x00000000d5580000,0x00000000f5600000)
  from space 87040K, 0% used [0x00000000fab00000,0x00000000fab00000,0x0000000100000000)
  to   space 87040K, 0% used [0x00000000f5600000,0x00000000f5600000,0x00000000fab00000)
 ParOldGen       total 1398272K, used 23653K [0x0000000080000000, 0x00000000d5580000, 0x00000000d5580000)
  object space 1398272K, 1% used [0x0000000080000000,0x00000000817194d0,0x00000000d5580000)
 Metaspace       used 34811K, capacity 35188K, committed 35416K, reserved 1081344K
  class space    used 3973K, capacity 4092K, committed 4096K, reserved 1048576K
}
Event: 11.907 GC heap before
{Heap before GC invocations=5 (full 2):
 PSYoungGen      total 611840K, used 331448K [0x00000000d5580000, 0x0000000100000000, 0x0000000100000000)
  eden space 524800K, 63% used [0x00000000d5580000,0x00000000e992e150,0x00000000f5600000)
  from space 87040K, 0% used [0x00000000fab00000,0x00000000fab00000,0x0000000100000000)
  to   space 87040K, 0% used [0x00000000f5600000,0x00000000f5600000,0x00000000fab00000)
 ParOldGen       total 1398272K, used 23653K [0x0000000080000000, 0x00000000d5580000, 0x00000000d5580000)
  object space 1398272K, 1% used [0x0000000080000000,0x00000000817194d0,0x00000000d5580000)
 Metaspace       used 57427K, capacity 58878K, committed 59008K, reserved 1101824K
  class space    used 6683K, capacity 6977K, committed 7040K, reserved 1048576K
Event: 11.963 GC heap after
Heap after GC invocations=5 (full 2):
 PSYoungGen      total 611840K, used 37296K [0x00000000d5580000, 0x0000000100000000, 0x0000000100000000)
  eden space 524800K, 0% used [0x00000000d5580000,0x00000000d5580000,0x00000000f5600000)
  from space 87040K, 42% used [0x00000000f5600000,0x00000000f7a6c360,0x00000000fab00000)
  to   space 87040K, 0% used [0x00000000fab00000,0x00000000fab00000,0x0000000100000000)
 ParOldGen       total 1398272K, used 23653K [0x0000000080000000, 0x00000000d5580000, 0x00000000d5580000)
  object space 1398272K, 1% used [0x0000000080000000,0x00000000817194d0,0x00000000d5580000)
 Metaspace       used 57427K, capacity 58878K, committed 59008K, reserved 1101824K
  class space    used 6683K, capacity 6977K, committed 7040K, reserved 1048576K
}
Event: 11.963 GC heap before
{Heap before GC invocations=6 (full 3):
 PSYoungGen      total 611840K, used 37296K [0x00000000d5580000, 0x0000000100000000, 0x0000000100000000)
  eden space 524800K, 0% used [0x00000000d5580000,0x00000000d5580000,0x00000000f5600000)
  from space 87040K, 42% used [0x00000000f5600000,0x00000000f7a6c360,0x00000000fab00000)
  to   space 87040K, 0% used [0x00000000fab00000,0x00000000fab00000,0x0000000100000000)
 ParOldGen       total 1398272K, used 23653K [0x0000000080000000, 0x00000000d5580000, 0x00000000d5580000)
  object space 1398272K, 1% used [0x0000000080000000,0x00000000817194d0,0x00000000d5580000)
 Metaspace       used 57427K, capacity 58878K, committed 59008K, reserved 1101824K
  class space    used 6683K, capacity 6977K, committed 7040K, reserved 1048576K
Event: 12.164 GC heap after
Heap after GC invocations=6 (full 3):
 PSYoungGen      total 611840K, used 0K [0x00000000d5580000, 0x0000000100000000, 0x0000000100000000)
  eden space 524800K, 0% used [0x00000000d5580000,0x00000000d5580000,0x00000000f5600000)
  from space 87040K, 0% used [0x00000000f5600000,0x00000000f5600000,0x00000000fab00000)
  to   space 87040K, 0% used [0x00000000fab00000,0x00000000fab00000,0x0000000100000000)
 ParOldGen       total 1398272K, used 47923K [0x0000000080000000, 0x00000000d5580000, 0x00000000d5580000)
  object space 1398272K, 3% used [0x0000000080000000,0x0000000082eccde0,0x00000000d5580000)
 Metaspace       used 57423K, capacity 58868K, committed 59008K, reserved 1101824K
  class space    used 6682K, capacity 6974K, committed 7040K, reserved 1048576K
}

