# JRE version: OpenJDK Runtime Environment (8.0_212-b04) (build 1.8.0_212-b04)
# Java VM: OpenJDK 64-Bit Server VM (25.212-b04 mixed mode linux-amd64 compressed oops)
Heap:
 PSYoungGen      total 578560K, used 156906K [0x00000000d5580000, 0x0000000100000000, 0x0000000100000000)
  eden space 534016K, 21% used [0x00000000d5580000,0x00000000dc36af00,0x00000000f5f00000)
  from space 44544K, 99% used [0x00000000f9b80000,0x00000000fc6cfc00,0x00000000fc700000)
  to   space 61952K, 0% used [0x00000000f5f00000,0x00000000f5f00000,0x00000000f9b80000)
 ParOldGen       total 1398272K, used 32417K [0x0000000080000000, 0x00000000d5580000, 0x00000000d5580000)
  object space 1398272K, 2% used [0x0000000080000000,0x0000000081fa87c8,0x00000000d5580000)
 Metaspace       used 81318K, capacity 84989K, committed 85120K, reserved 1124352K
  class space    used 9215K, capacity 9851K, committed 9856K, reserved 1048576K
GC Heap History (10 events):
Event: 8.470 GC heap before
{Heap before GC invocations=5 (full 2):
 PSYoungGen      total 611840K, used 524800K [0x00000000d5580000, 0x0000000100000000, 0x0000000100000000)
  eden space 524800K, 100% used [0x00000000d5580000,0x00000000f5600000,0x00000000f5600000)
  from space 87040K, 0% used [0x00000000fab00000,0x00000000fab00000,0x0000000100000000)
  to   space 87040K, 0% used [0x00000000f5600000,0x00000000f5600000,0x00000000fab00000)
 ParOldGen       total 1398272K, used 24314K [0x0000000080000000, 0x00000000d5580000, 0x00000000d5580000)
  object space 1398272K, 1% used [0x0000000080000000,0x00000000817be9e0,0x00000000d5580000)
 Metaspace       used 49387K, capacity 50210K, committed 50432K, reserved 1093632K
  class space    used 5883K, capacity 6085K, committed 6144K, reserved 1048576K
Event: 8.509 GC heap after
Heap after GC invocations=5 (full 2):
 PSYoungGen      total 611840K, used 20126K [0x00000000d5580000, 0x0000000100000000, 0x0000000100000000)
  eden space 524800K, 0% used [0x00000000d5580000,0x00000000d5580000,0x00000000f5600000)
  from space 87040K, 23% used [0x00000000f5600000,0x00000000f69a7a88,0x00000000fab00000)
  to   space 87040K, 0% used [0x00000000fab00000,0x00000000fab00000,0x0000000100000000)
 ParOldGen       total 1398272K, used 24322K [0x0000000080000000, 0x00000000d5580000, 0x00000000d5580000)
  object space 1398272K, 1% used [0x0000000080000000,0x00000000817c09e0,0x00000000d5580000)
 Metaspace       used 49387K, capacity 50210K, committed 50432K, reserved 1093632K
  class space    used 5883K, capacity 6085K, committed 6144K, reserved 1048576K
}
Event: 12.853 GC heap before
{Heap before GC invocations=6 (full 2):
 PSYoungGen      total 611840K, used 312146K [0x00000000d5580000, 0x0000000100000000, 0x0000000100000000)
  eden space 524800K, 55% used [0x00000000d5580000,0x00000000e72acef8,0x00000000f5600000)
  from space 87040K, 23% used [0x00000000f5600000,0x00000000f69a7a88,0x00000000fab00000)
  to   space 87040K, 0% used [0x00000000fab00000,0x00000000fab00000,0x0000000100000000)
 ParOldGen       total 1398272K, used 24322K [0x0000000080000000, 0x00000000d5580000, 0x00000000d5580000)
  object space 1398272K, 1% used [0x0000000080000000,0x00000000817c09e0,0x00000000d5580000)
 Metaspace       used 57674K, capacity 58905K, committed 59028K, reserved 1101824K
  class space    used 6932K, capacity 7168K, committed 7168K, reserved 1048576K
Event: 12.882 GC heap after
Heap after GC invocations=6 (full 2):
 PSYoungGen      total 611840K, used 19822K [0x00000000d5580000, 0x0000000100000000, 0x0000000100000000)
  eden space 524800K, 0% used [0x00000000d5580000,0x00000000d5580000,0x00000000f5600000)
  from space 87040K, 22% used [0x00000000fab00000,0x00000000fbe5bab8,0x0000000100000000)
  to   space 87040K, 0% used [0x00000000f5600000,0x00000000f5600000,0x00000000fab00000)
 ParOldGen       total 1398272K, used 24330K [0x0000000080000000, 0x00000000d5580000, 0x00000000d5580000)
  object space 1398272K, 1% used [0x0000000080000000,0x00000000817c29e0,0x00000000d5580000)
 Metaspace       used 57674K, capacity 58905K, committed 59028K, reserved 1101824K
  class space    used 6932K, capacity 7168K, committed 7168K, reserved 1048576K
}
Event: 12.882 GC heap before
{Heap before GC invocations=7 (full 3):
 PSYoungGen      total 611840K, used 19822K [0x00000000d5580000, 0x0000000100000000, 0x0000000100000000)
  eden space 524800K, 0% used [0x00000000d5580000,0x00000000d5580000,0x00000000f5600000)
  from space 87040K, 22% used [0x00000000fab00000,0x00000000fbe5bab8,0x0000000100000000)
  to   space 87040K, 0% used [0x00000000f5600000,0x00000000f5600000,0x00000000fab00000)
 ParOldGen       total 1398272K, used 24330K [0x0000000080000000, 0x00000000d5580000, 0x00000000d5580000)
  object space 1398272K, 1% used [0x0000000080000000,0x00000000817c29e0,0x00000000d5580000)
 Metaspace       used 57674K, capacity 58905K, committed 59028K, reserved 1101824K
  class space    used 6932K, capacity 7168K, committed 7168K, reserved 1048576K
Event: 13.150 GC heap after
Heap after GC invocations=7 (full 3):
 PSYoungGen      total 611840K, used 0K [0x00000000d5580000, 0x0000000100000000, 0x0000000100000000)
  eden space 524800K, 0% used [0x00000000d5580000,0x00000000d5580000,0x00000000f5600000)
  from space 87040K, 0% used [0x00000000fab00000,0x00000000fab00000,0x0000000100000000)
  to   space 87040K, 0% used [0x00000000f5600000,0x00000000f5600000,0x00000000fab00000)
 ParOldGen       total 1398272K, used 32389K [0x0000000080000000, 0x00000000d5580000, 0x00000000d5580000)
  object space 1398272K, 2% used [0x0000000080000000,0x0000000081fa1698,0x00000000d5580000)
 Metaspace       used 57591K, capacity 58701K, committed 59028K, reserved 1101824K
  class space    used 6902K, capacity 7116K, committed 7168K, reserved 1048576K
}
Event: 26.452 GC heap before
{Heap before GC invocations=8 (full 3):
 PSYoungGen      total 611840K, used 524093K [0x00000000d5580000, 0x0000000100000000, 0x0000000100000000)
  eden space 524800K, 99% used [0x00000000d5580000,0x00000000f554f760,0x00000000f5600000)
  from space 87040K, 0% used [0x00000000fab00000,0x00000000fab00000,0x0000000100000000)
  to   space 87040K, 0% used [0x00000000f5600000,0x00000000f5600000,0x00000000fab00000)
 ParOldGen       total 1398272K, used 32389K [0x0000000080000000, 0x00000000d5580000, 0x00000000d5580000)
  object space 1398272K, 2% used [0x0000000080000000,0x0000000081fa1698,0x00000000d5580000)
 Metaspace       used 76138K, capacity 78821K, committed 79104K, reserved 1118208K
  class space    used 8878K, capacity 9369K, committed 9472K, reserved 1048576K
Event: 26.548 GC heap after
Heap after GC invocations=8 (full 3):
 PSYoungGen      total 595968K, used 70768K [0x00000000d5580000, 0x00000000fc700000, 0x0000000100000000)
  eden space 524800K, 0% used [0x00000000d5580000,0x00000000d5580000,0x00000000f5600000)
  from space 71168K, 99% used [0x00000000f5600000,0x00000000f9b1c3e0,0x00000000f9b80000)
  to   space 44544K, 0% used [0x00000000f9b80000,0x00000000f9b80000,0x00000000fc700000)
 ParOldGen       total 1398272K, used 32389K [0x0000000080000000, 0x00000000d5580000, 0x00000000d5580000)
  object space 1398272K, 2% used [0x0000000080000000,0x0000000081fa1698,0x00000000d5580000)
 Metaspace       used 76138K, capacity 78821K, committed 79104K, reserved 1118208K
  class space    used 8878K, capacity 9369K, committed 9472K, reserved 1048576K
}
Event: 33.490 GC heap before
{Heap before GC invocations=9 (full 3):
 PSYoungGen      total 595968K, used 595568K [0x00000000d5580000, 0x00000000fc700000, 0x0000000100000000)
  eden space 524800K, 100% used [0x00000000d5580000,0x00000000f5600000,0x00000000f5600000)
  from space 71168K, 99% used [0x00000000f5600000,0x00000000f9b1c3e0,0x00000000f9b80000)
  to   space 44544K, 0% used [0x00000000f9b80000,0x00000000f9b80000,0x00000000fc700000)
 ParOldGen       total 1398272K, used 32389K [0x0000000080000000, 0x00000000d5580000, 0x00000000d5580000)
  object space 1398272K, 2% used [0x0000000080000000,0x0000000081fa1698,0x00000000d5580000)
 Metaspace       used 80987K, capacity 84561K, committed 84608K, reserved 1124352K
  class space    used 9198K, capacity 9823K, committed 9856K, reserved 1048576K
Event: 33.553 GC heap after
Heap after GC invocations=9 (full 3):
 PSYoungGen      total 578560K, used 44351K [0x00000000d5580000, 0x0000000100000000, 0x0000000100000000)
  eden space 534016K, 0% used [0x00000000d5580000,0x00000000d5580000,0x00000000f5f00000)
  from space 44544K, 99% used [0x00000000f9b80000,0x00000000fc6cfc00,0x00000000fc700000)
  to   space 61952K, 0% used [0x00000000f5f00000,0x00000000f5f00000,0x00000000f9b80000)
 ParOldGen       total 1398272K, used 32417K [0x0000000080000000, 0x00000000d5580000, 0x00000000d5580000)
  object space 1398272K, 2% used [0x0000000080000000,0x0000000081fa87c8,0x00000000d5580000)
 Metaspace       used 80987K, capacity 84561K, committed 84608K, reserved 1124352K
  class space    used 9198K, capacity 9823K, committed 9856K, reserved 1048576K
}

