# JRE version: OpenJDK Runtime Environment (8.0_212-b04) (build 1.8.0_212-b04)
# Java VM: OpenJDK 64-Bit Server VM (25.212-b04 mixed mode linux-amd64 compressed oops)
Heap:
 PSYoungGen      total 580096K, used 255263K [0x00000000d5580000, 0x00000000ffe00000, 0x0000000100000000)
  eden space 524800K, 38% used [0x00000000d5580000,0x00000000e1912ce0,0x00000000f5600000)
  from space 55296K, 99% used [0x00000000f5600000,0x00000000f8bb52b0,0x00000000f8c00000)
  to   space 86016K, 0% used [0x00000000faa00000,0x00000000faa00000,0x00000000ffe00000)
 ParOldGen       total 1398272K, used 44239K [0x0000000080000000, 0x00000000d5580000, 0x00000000d5580000)
  object space 1398272K, 3% used [0x0000000080000000,0x0000000082b33e88,0x00000000d5580000)
 Metaspace       used 69541K, capacity 72756K, committed 72832K, reserved 1114112K
  class space    used 7705K, capacity 8280K, committed 8320K, reserved 1048576K
GC Heap History (10 events):
Event: 4.937 GC heap before
{Heap before GC invocations=4 (full 2):
 PSYoungGen      total 611840K, used 19179K [0x00000000d5580000, 0x0000000100000000, 0x0000000100000000)
  eden space 524800K, 0% used [0x00000000d5580000,0x00000000d5580000,0x00000000f5600000)
  from space 87040K, 22% used [0x00000000fab00000,0x00000000fbdbafa8,0x0000000100000000)
  to   space 87040K, 0% used [0x00000000f5600000,0x00000000f5600000,0x00000000fab00000)
 ParOldGen       total 859648K, used 13776K [0x0000000080000000, 0x00000000b4780000, 0x00000000d5580000)
  object space 859648K, 1% used [0x0000000080000000,0x0000000080d742a8,0x00000000b4780000)
 Metaspace       used 34809K, capacity 35188K, committed 35416K, reserved 1081344K
  class space    used 3967K, capacity 4092K, committed 4096K, reserved 1048576K
Event: 5.033 GC heap after
Heap after GC invocations=4 (full 2):
 PSYoungGen      total 611840K, used 0K [0x00000000d5580000, 0x0000000100000000, 0x0000000100000000)
  eden space 524800K, 0% used [0x00000000d5580000,0x00000000d5580000,0x00000000f5600000)
  from space 87040K, 0% used [0x00000000fab00000,0x00000000fab00000,0x0000000100000000)
  to   space 87040K, 0% used [0x00000000f5600000,0x00000000f5600000,0x00000000fab00000)
 ParOldGen       total 1398272K, used 23495K [0x0000000080000000, 0x00000000d5580000, 0x00000000d5580000)
  object space 1398272K, 1% used [0x0000000080000000,0x00000000816f1d20,0x00000000d5580000)
 Metaspace       used 34809K, capacity 35188K, committed 35416K, reserved 1081344K
  class space    used 3967K, capacity 4092K, committed 4096K, reserved 1048576K
}
Event: 12.224 GC heap before
{Heap before GC invocations=5 (full 2):
 PSYoungGen      total 611840K, used 516528K [0x00000000d5580000, 0x0000000100000000, 0x0000000100000000)
  eden space 524800K, 98% used [0x00000000d5580000,0x00000000f4dec0c0,0x00000000f5600000)
  from space 87040K, 0% used [0x00000000fab00000,0x00000000fab00000,0x0000000100000000)
  to   space 87040K, 0% used [0x00000000f5600000,0x00000000f5600000,0x00000000fab00000)
 ParOldGen       total 1398272K, used 23495K [0x0000000080000000, 0x00000000d5580000, 0x00000000d5580000)
  object space 1398272K, 1% used [0x0000000080000000,0x00000000816f1d20,0x00000000d5580000)
 Metaspace       used 57389K, capacity 58948K, committed 59028K, reserved 1101824K
  class space    used 6622K, capacity 6906K, committed 6912K, reserved 1048576K
Event: 12.316 GC heap after
Heap after GC invocations=5 (full 2):
 PSYoungGen      total 611840K, used 33628K [0x00000000d5580000, 0x0000000100000000, 0x0000000100000000)
  eden space 524800K, 0% used [0x00000000d5580000,0x00000000d5580000,0x00000000f5600000)
  from space 87040K, 38% used [0x00000000f5600000,0x00000000f76d7190,0x00000000fab00000)
  to   space 87040K, 0% used [0x00000000fab00000,0x00000000fab00000,0x0000000100000000)
 ParOldGen       total 1398272K, used 23503K [0x0000000080000000, 0x00000000d5580000, 0x00000000d5580000)
  object space 1398272K, 1% used [0x0000000080000000,0x00000000816f3d20,0x00000000d5580000)
 Metaspace       used 57389K, capacity 58948K, committed 59028K, reserved 1101824K
  class space    used 6622K, capacity 6906K, committed 6912K, reserved 1048576K
}
Event: 12.316 GC heap before
{Heap before GC invocations=6 (full 3):
 PSYoungGen      total 611840K, used 33628K [0x00000000d5580000, 0x0000000100000000, 0x0000000100000000)
  eden space 524800K, 0% used [0x00000000d5580000,0x00000000d5580000,0x00000000f5600000)
  from space 87040K, 38% used [0x00000000f5600000,0x00000000f76d7190,0x00000000fab00000)
  to   space 87040K, 0% used [0x00000000fab00000,0x00000000fab00000,0x0000000100000000)
 ParOldGen       total 1398272K, used 23503K [0x0000000080000000, 0x00000000d5580000, 0x00000000d5580000)
  object space 1398272K, 1% used [0x0000000080000000,0x00000000816f3d20,0x00000000d5580000)
 Metaspace       used 57389K, capacity 58948K, committed 59028K, reserved 1101824K
  class space    used 6622K, capacity 6906K, committed 6912K, reserved 1048576K
Event: 12.602 GC heap after
Heap after GC invocations=6 (full 3):
 PSYoungGen      total 611840K, used 0K [0x00000000d5580000, 0x0000000100000000, 0x0000000100000000)
  eden space 524800K, 0% used [0x00000000d5580000,0x00000000d5580000,0x00000000f5600000)
  from space 87040K, 0% used [0x00000000f5600000,0x00000000f5600000,0x00000000fab00000)
  to   space 87040K, 0% used [0x00000000fab00000,0x00000000fab00000,0x0000000100000000)
 ParOldGen       total 1398272K, used 44223K [0x0000000080000000, 0x00000000d5580000, 0x00000000d5580000)
  object space 1398272K, 3% used [0x0000000080000000,0x0000000082b2fe88,0x00000000d5580000)
 Metaspace       used 57366K, capacity 58894K, committed 59028K, reserved 1101824K
  class space    used 6614K, capacity 6893K, committed 6912K, reserved 1048576K
}
Event: 72.521 GC heap before
{Heap before GC invocations=7 (full 3):
 PSYoungGen      total 611840K, used 524800K [0x00000000d5580000, 0x0000000100000000, 0x0000000100000000)
  eden space 524800K, 100% used [0x00000000d5580000,0x00000000f5600000,0x00000000f5600000)
  from space 87040K, 0% used [0x00000000f5600000,0x00000000f5600000,0x00000000fab00000)
  to   space 87040K, 0% used [0x00000000fab00000,0x00000000fab00000,0x0000000100000000)
 ParOldGen       total 1398272K, used 44223K [0x0000000080000000, 0x00000000d5580000, 0x00000000d5580000)
  object space 1398272K, 3% used [0x0000000080000000,0x0000000082b2fe88,0x00000000d5580000)
 Metaspace       used 66878K, capacity 69790K, committed 70144K, reserved 1112064K
  class space    used 7578K, capacity 8089K, committed 8192K, reserved 1048576K
Event: 72.698 GC heap after
Heap after GC invocations=7 (full 3):
 PSYoungGen      total 611840K, used 84682K [0x00000000d5580000, 0x0000000100000000, 0x0000000100000000)
  eden space 524800K, 0% used [0x00000000d5580000,0x00000000d5580000,0x00000000f5600000)
  from space 87040K, 97% used [0x00000000fab00000,0x00000000ffdb2898,0x0000000100000000)
  to   space 87040K, 0% used [0x00000000f5600000,0x00000000f5600000,0x00000000fab00000)
 ParOldGen       total 1398272K, used 44231K [0x0000000080000000, 0x00000000d5580000, 0x00000000d5580000)
  object space 1398272K, 3% used [0x0000000080000000,0x0000000082b31e88,0x00000000d5580000)
 Metaspace       used 66878K, capacity 69790K, committed 70144K, reserved 1112064K
  class space    used 7578K, capacity 8089K, committed 8192K, reserved 1048576K
}
Event: 162.844 GC heap before
{Heap before GC invocations=8 (full 3):
 PSYoungGen      total 611840K, used 609481K [0x00000000d5580000, 0x0000000100000000, 0x0000000100000000)
  eden space 524800K, 99% used [0x00000000d5580000,0x00000000f55ffe00,0x00000000f5600000)
  from space 87040K, 97% used [0x00000000fab00000,0x00000000ffdb2898,0x0000000100000000)
  to   space 87040K, 0% used [0x00000000f5600000,0x00000000f5600000,0x00000000fab00000)
 ParOldGen       total 1398272K, used 44231K [0x0000000080000000, 0x00000000d5580000, 0x00000000d5580000)
  object space 1398272K, 3% used [0x0000000080000000,0x0000000082b31e88,0x00000000d5580000)
 Metaspace       used 69167K, capacity 72356K, committed 72576K, reserved 1114112K
  class space    used 7694K, capacity 8268K, committed 8320K, reserved 1048576K
Event: 162.991 GC heap after
Heap after GC invocations=8 (full 3):
 PSYoungGen      total 580096K, used 54996K [0x00000000d5580000, 0x00000000ffe00000, 0x0000000100000000)
  eden space 524800K, 0% used [0x00000000d5580000,0x00000000d5580000,0x00000000f5600000)
  from space 55296K, 99% used [0x00000000f5600000,0x00000000f8bb52b0,0x00000000f8c00000)
  to   space 86016K, 0% used [0x00000000faa00000,0x00000000faa00000,0x00000000ffe00000)
 ParOldGen       total 1398272K, used 44239K [0x0000000080000000, 0x00000000d5580000, 0x00000000d5580000)
  object space 1398272K, 3% used [0x0000000080000000,0x0000000082b33e88,0x00000000d5580000)
 Metaspace       used 69167K, capacity 72356K, committed 72576K, reserved 1114112K
  class space    used 7694K, capacity 8268K, committed 8320K, reserved 1048576K
}

