# JRE version: OpenJDK Runtime Environment (8.0_212-b04) (build 1.8.0_212-b04)
# Java VM: OpenJDK 64-Bit Server VM (25.212-b04 mixed mode linux-amd64 compressed oops)
Heap:
 PSYoungGen      total 611840K, used 502286K [0x00000000d5580000, 0x0000000100000000, 0x0000000100000000)
  eden space 524800K, 79% used [0x00000000d5580000,0x00000000eeb09dd0,0x00000000f5600000)
  from space 87040K, 99% used [0x00000000f5600000,0x00000000faaf9e08,0x00000000fab00000)
  to   space 87040K, 0% used [0x00000000fab00000,0x00000000fab00000,0x0000000100000000)
 ParOldGen       total 1398272K, used 71067K [0x0000000080000000, 0x00000000d5580000, 0x00000000d5580000)
  object space 1398272K, 5% used [0x0000000080000000,0x0000000084566dc0,0x00000000d5580000)
 Metaspace       used 70593K, capacity 75424K, committed 75776K, reserved 1116160K
  class space    used 8026K, capacity 8834K, committed 8960K, reserved 1048576K
GC Heap History (10 events):
Event: 4.541 GC heap before
{Heap before GC invocations=4 (full 2):
 PSYoungGen      total 611840K, used 19265K [0x00000000d5580000, 0x0000000100000000, 0x0000000100000000)
  eden space 524800K, 0% used [0x00000000d5580000,0x00000000d5580000,0x00000000f5600000)
  from space 87040K, 22% used [0x00000000fab00000,0x00000000fbdd07e0,0x0000000100000000)
  to   space 87040K, 0% used [0x00000000f5600000,0x00000000f5600000,0x00000000fab00000)
 ParOldGen       total 869888K, used 13740K [0x0000000080000000, 0x00000000b5180000, 0x00000000d5580000)
  object space 869888K, 1% used [0x0000000080000000,0x0000000080d6b258,0x00000000b5180000)
 Metaspace       used 34825K, capacity 35156K, committed 35416K, reserved 1081344K
  class space    used 3966K, capacity 4060K, committed 4096K, reserved 1048576K
Event: 4.639 GC heap after
Heap after GC invocations=4 (full 2):
 PSYoungGen      total 611840K, used 0K [0x00000000d5580000, 0x0000000100000000, 0x0000000100000000)
  eden space 524800K, 0% used [0x00000000d5580000,0x00000000d5580000,0x00000000f5600000)
  from space 87040K, 0% used [0x00000000fab00000,0x00000000fab00000,0x0000000100000000)
  to   space 87040K, 0% used [0x00000000f5600000,0x00000000f5600000,0x00000000fab00000)
 ParOldGen       total 1398272K, used 23575K [0x0000000080000000, 0x00000000d5580000, 0x00000000d5580000)
  object space 1398272K, 1% used [0x0000000080000000,0x0000000081705fb8,0x00000000d5580000)
 Metaspace       used 34825K, capacity 35156K, committed 35416K, reserved 1081344K
  class space    used 3966K, capacity 4060K, committed 4096K, reserved 1048576K
}
Event: 8.059 GC heap before
{Heap before GC invocations=5 (full 2):
 PSYoungGen      total 611840K, used 524800K [0x00000000d5580000, 0x0000000100000000, 0x0000000100000000)
  eden space 524800K, 100% used [0x00000000d5580000,0x00000000f5600000,0x00000000f5600000)
  from space 87040K, 0% used [0x00000000fab00000,0x00000000fab00000,0x0000000100000000)
  to   space 87040K, 0% used [0x00000000f5600000,0x00000000f5600000,0x00000000fab00000)
 ParOldGen       total 1398272K, used 23575K [0x0000000080000000, 0x00000000d5580000, 0x00000000d5580000)
  object space 1398272K, 1% used [0x0000000080000000,0x0000000081705fb8,0x00000000d5580000)
 Metaspace       used 44969K, capacity 45966K, committed 46208K, reserved 1089536K
  class space    used 5175K, capacity 5409K, committed 5504K, reserved 1048576K
Event: 8.116 GC heap after
Heap after GC invocations=5 (full 2):
 PSYoungGen      total 611840K, used 20696K [0x00000000d5580000, 0x0000000100000000, 0x0000000100000000)
  eden space 524800K, 0% used [0x00000000d5580000,0x00000000d5580000,0x00000000f5600000)
  from space 87040K, 23% used [0x00000000f5600000,0x00000000f6a36000,0x00000000fab00000)
  to   space 87040K, 0% used [0x00000000fab00000,0x00000000fab00000,0x0000000100000000)
 ParOldGen       total 1398272K, used 23583K [0x0000000080000000, 0x00000000d5580000, 0x00000000d5580000)
  object space 1398272K, 1% used [0x0000000080000000,0x0000000081707fb8,0x00000000d5580000)
 Metaspace       used 44969K, capacity 45966K, committed 46208K, reserved 1089536K
  class space    used 5175K, capacity 5409K, committed 5504K, reserved 1048576K
}
Event: 13.768 GC heap before
{Heap before GC invocations=6 (full 2):
 PSYoungGen      total 611840K, used 278511K [0x00000000d5580000, 0x0000000100000000, 0x0000000100000000)
  eden space 524800K, 49% used [0x00000000d5580000,0x00000000e5145ee0,0x00000000f5600000)
  from space 87040K, 23% used [0x00000000f5600000,0x00000000f6a36000,0x00000000fab00000)
  to   space 87040K, 0% used [0x00000000fab00000,0x00000000fab00000,0x0000000100000000)
 ParOldGen       total 1398272K, used 23583K [0x0000000080000000, 0x00000000d5580000, 0x00000000d5580000)
  object space 1398272K, 1% used [0x0000000080000000,0x0000000081707fb8,0x00000000d5580000)
 Metaspace       used 57373K, capacity 58960K, committed 59028K, reserved 1101824K
  class space    used 6589K, capacity 6894K, committed 6912K, reserved 1048576K
Event: 13.810 GC heap after
Heap after GC invocations=6 (full 2):
 PSYoungGen      total 611840K, used 29240K [0x00000000d5580000, 0x0000000100000000, 0x0000000100000000)
  eden space 524800K, 0% used [0x00000000d5580000,0x00000000d5580000,0x00000000f5600000)
  from space 87040K, 33% used [0x00000000fab00000,0x00000000fc78e140,0x0000000100000000)
  to   space 87040K, 0% used [0x00000000f5600000,0x00000000f5600000,0x00000000fab00000)
 ParOldGen       total 1398272K, used 23591K [0x0000000080000000, 0x00000000d5580000, 0x00000000d5580000)
  object space 1398272K, 1% used [0x0000000080000000,0x0000000081709fb8,0x00000000d5580000)
 Metaspace       used 57373K, capacity 58960K, committed 59028K, reserved 1101824K
  class space    used 6589K, capacity 6894K, committed 6912K, reserved 1048576K
}
Event: 13.810 GC heap before
{Heap before GC invocations=7 (full 3):
 PSYoungGen      total 611840K, used 29240K [0x00000000d5580000, 0x0000000100000000, 0x0000000100000000)
  eden space 524800K, 0% used [0x00000000d5580000,0x00000000d5580000,0x00000000f5600000)
  from space 87040K, 33% used [0x00000000fab00000,0x00000000fc78e140,0x0000000100000000)
  to   space 87040K, 0% used [0x00000000f5600000,0x00000000f5600000,0x00000000fab00000)
 ParOldGen       total 1398272K, used 23591K [0x0000000080000000, 0x00000000d5580000, 0x00000000d5580000)
  object space 1398272K, 1% used [0x0000000080000000,0x0000000081709fb8,0x00000000d5580000)
 Metaspace       used 57373K, capacity 58960K, committed 59028K, reserved 1101824K
  class space    used 6589K, capacity 6894K, committed 6912K, reserved 1048576K
Event: 14.078 GC heap after
Heap after GC invocations=7 (full 3):
 PSYoungGen      total 611840K, used 0K [0x00000000d5580000, 0x0000000100000000, 0x0000000100000000)
  eden space 524800K, 0% used [0x00000000d5580000,0x00000000d5580000,0x00000000f5600000)
  from space 87040K, 0% used [0x00000000fab00000,0x00000000fab00000,0x0000000100000000)
  to   space 87040K, 0% used [0x00000000f5600000,0x00000000f5600000,0x00000000fab00000)
 ParOldGen       total 1398272K, used 40375K [0x0000000080000000, 0x00000000d5580000, 0x00000000d5580000)
  object space 1398272K, 2% used [0x0000000080000000,0x000000008276dfe0,0x00000000d5580000)
 Metaspace       used 57287K, capacity 58784K, committed 59028K, reserved 1101824K
  class space    used 6567K, capacity 6856K, committed 6912K, reserved 1048576K
}
Event: 24.579 GC heap before
{Heap before GC invocations=8 (full 3):
 PSYoungGen      total 611840K, used 524800K [0x00000000d5580000, 0x0000000100000000, 0x0000000100000000)
  eden space 524800K, 100% used [0x00000000d5580000,0x00000000f5600000,0x00000000f5600000)
  from space 87040K, 0% used [0x00000000fab00000,0x00000000fab00000,0x0000000100000000)
  to   space 87040K, 0% used [0x00000000f5600000,0x00000000f5600000,0x00000000fab00000)
 ParOldGen       total 1398272K, used 40375K [0x0000000080000000, 0x00000000d5580000, 0x00000000d5580000)
  object space 1398272K, 2% used [0x0000000080000000,0x000000008276dfe0,0x00000000d5580000)
 Metaspace       used 65770K, capacity 70134K, committed 70400K, reserved 1112064K
  class space    used 7630K, capacity 8343K, committed 8448K, reserved 1048576K
Event: 24.708 GC heap after
Heap after GC invocations=8 (full 3):
 PSYoungGen      total 611840K, used 87015K [0x00000000d5580000, 0x0000000100000000, 0x0000000100000000)
  eden space 524800K, 0% used [0x00000000d5580000,0x00000000d5580000,0x00000000f5600000)
  from space 87040K, 99% used [0x00000000f5600000,0x00000000faaf9e08,0x00000000fab00000)
  to   space 87040K, 0% used [0x00000000fab00000,0x00000000fab00000,0x0000000100000000)
 ParOldGen       total 1398272K, used 71067K [0x0000000080000000, 0x00000000d5580000, 0x00000000d5580000)
  object space 1398272K, 5% used [0x0000000080000000,0x0000000084566dc0,0x00000000d5580000)
 Metaspace       used 65770K, capacity 70134K, committed 70400K, reserved 1112064K
  class space    used 7630K, capacity 8343K, committed 8448K, reserved 1048576K
}

