# JRE version: OpenJDK Runtime Environment (8.0_212-b04) (build 1.8.0_212-b04)
# Java VM: OpenJDK 64-Bit Server VM (25.212-b04 mixed mode linux-amd64 compressed oops)
Heap:
 PSYoungGen      total 599040K, used 267137K [0x00000000d5580000, 0x0000000100000000, 0x0000000100000000)
  eden space 517632K, 35% used [0x00000000d5580000,0x00000000e0ae29e0,0x00000000f4f00000)
  from space 81408K, 99% used [0x00000000f4f00000,0x00000000f9e7dcb8,0x00000000f9e80000)
  to   space 99840K, 0% used [0x00000000f9e80000,0x00000000f9e80000,0x0000000100000000)
 ParOldGen       total 1398272K, used 94688K [0x0000000080000000, 0x00000000d5580000, 0x00000000d5580000)
  object space 1398272K, 6% used [0x0000000080000000,0x0000000085c781c8,0x00000000d5580000)
 Metaspace       used 70253K, capacity 73338K, committed 73600K, reserved 1114112K
  class space    used 7718K, capacity 8279K, committed 8320K, reserved 1048576K
GC Heap History (10 events):
Event: 13.472 GC heap before
{Heap before GC invocations=6 (full 2):
 PSYoungGen      total 611840K, used 161865K [0x00000000d5580000, 0x0000000100000000, 0x0000000100000000)
  eden space 524800K, 25% used [0x00000000d5580000,0x00000000dda092d8,0x00000000f5600000)
  from space 87040K, 30% used [0x00000000f5600000,0x00000000f6f894b0,0x00000000fab00000)
  to   space 87040K, 0% used [0x00000000fab00000,0x00000000fab00000,0x0000000100000000)
 ParOldGen       total 1398272K, used 23562K [0x0000000080000000, 0x00000000d5580000, 0x00000000d5580000)
  object space 1398272K, 1% used [0x0000000080000000,0x00000000817029d8,0x00000000d5580000)
 Metaspace       used 57201K, capacity 58866K, committed 59008K, reserved 1101824K
  class space    used 6621K, capacity 6963K, committed 7040K, reserved 1048576K
Event: 13.523 GC heap after
Heap after GC invocations=6 (full 2):
 PSYoungGen      total 611840K, used 17764K [0x00000000d5580000, 0x0000000100000000, 0x0000000100000000)
  eden space 524800K, 0% used [0x00000000d5580000,0x00000000d5580000,0x00000000f5600000)
  from space 87040K, 20% used [0x00000000fab00000,0x00000000fbc593d0,0x0000000100000000)
  to   space 87040K, 0% used [0x00000000f5600000,0x00000000f5600000,0x00000000fab00000)
 ParOldGen       total 1398272K, used 23570K [0x0000000080000000, 0x00000000d5580000, 0x00000000d5580000)
  object space 1398272K, 1% used [0x0000000080000000,0x00000000817049d8,0x00000000d5580000)
 Metaspace       used 57201K, capacity 58866K, committed 59008K, reserved 1101824K
  class space    used 6621K, capacity 6963K, committed 7040K, reserved 1048576K
}
Event: 13.523 GC heap before
{Heap before GC invocations=7 (full 3):
 PSYoungGen      total 611840K, used 17764K [0x00000000d5580000, 0x0000000100000000, 0x0000000100000000)
  eden space 524800K, 0% used [0x00000000d5580000,0x00000000d5580000,0x00000000f5600000)
  from space 87040K, 20% used [0x00000000fab00000,0x00000000fbc593d0,0x0000000100000000)
  to   space 87040K, 0% used [0x00000000f5600000,0x00000000f5600000,0x00000000fab00000)
 ParOldGen       total 1398272K, used 23570K [0x0000000080000000, 0x00000000d5580000, 0x00000000d5580000)
  object space 1398272K, 1% used [0x0000000080000000,0x00000000817049d8,0x00000000d5580000)
 Metaspace       used 57201K, capacity 58866K, committed 59008K, reserved 1101824K
  class space    used 6621K, capacity 6963K, committed 7040K, reserved 1048576K
Event: 13.807 GC heap after
Heap after GC invocations=7 (full 3):
 PSYoungGen      total 611840K, used 0K [0x00000000d5580000, 0x0000000100000000, 0x0000000100000000)
  eden space 524800K, 0% used [0x00000000d5580000,0x00000000d5580000,0x00000000f5600000)
  from space 87040K, 0% used [0x00000000fab00000,0x00000000fab00000,0x0000000100000000)
  to   space 87040K, 0% used [0x00000000f5600000,0x00000000f5600000,0x00000000fab00000)
 ParOldGen       total 1398272K, used 29420K [0x0000000080000000, 0x00000000d5580000, 0x00000000d5580000)
  object space 1398272K, 2% used [0x0000000080000000,0x0000000081cbb238,0x00000000d5580000)
 Metaspace       used 57122K, capacity 58660K, committed 59008K, reserved 1101824K
  class space    used 6593K, capacity 6914K, committed 7040K, reserved 1048576K
}
Event: 41.514 GC heap before
{Heap before GC invocations=8 (full 3):
 PSYoungGen      total 611840K, used 524800K [0x00000000d5580000, 0x0000000100000000, 0x0000000100000000)
  eden space 524800K, 100% used [0x00000000d5580000,0x00000000f5600000,0x00000000f5600000)
  from space 87040K, 0% used [0x00000000fab00000,0x00000000fab00000,0x0000000100000000)
  to   space 87040K, 0% used [0x00000000f5600000,0x00000000f5600000,0x00000000fab00000)
 ParOldGen       total 1398272K, used 29420K [0x0000000080000000, 0x00000000d5580000, 0x00000000d5580000)
  object space 1398272K, 2% used [0x0000000080000000,0x0000000081cbb238,0x00000000d5580000)
 Metaspace       used 66285K, capacity 68946K, committed 69248K, reserved 1110016K
  class space    used 7523K, capacity 8007K, committed 8064K, reserved 1048576K
Event: 41.674 GC heap after
Heap after GC invocations=8 (full 3):
 PSYoungGen      total 599040K, used 73914K [0x00000000d5580000, 0x00000000fd100000, 0x0000000100000000)
  eden space 524800K, 0% used [0x00000000d5580000,0x00000000d5580000,0x00000000f5600000)
  from space 74240K, 99% used [0x00000000f5600000,0x00000000f9e2e800,0x00000000f9e80000)
  to   space 51712K, 0% used [0x00000000f9e80000,0x00000000f9e80000,0x00000000fd100000)
 ParOldGen       total 1398272K, used 29428K [0x0000000080000000, 0x00000000d5580000, 0x00000000d5580000)
  object space 1398272K, 2% used [0x0000000080000000,0x0000000081cbd238,0x00000000d5580000)
 Metaspace       used 66285K, capacity 68946K, committed 69248K, reserved 1110016K
  class space    used 7523K, capacity 8007K, committed 8064K, reserved 1048576K
}
Event: 81.325 GC heap before
{Heap before GC invocations=9 (full 3):
 PSYoungGen      total 599040K, used 598712K [0x00000000d5580000, 0x00000000fd100000, 0x0000000100000000)
  eden space 524800K, 99% used [0x00000000d5580000,0x00000000f55ff870,0x00000000f5600000)
  from space 74240K, 99% used [0x00000000f5600000,0x00000000f9e2e800,0x00000000f9e80000)
  to   space 51712K, 0% used [0x00000000f9e80000,0x00000000f9e80000,0x00000000fd100000)
 ParOldGen       total 1398272K, used 29428K [0x0000000080000000, 0x00000000d5580000, 0x00000000d5580000)
  object space 1398272K, 2% used [0x0000000080000000,0x0000000081cbd238,0x00000000d5580000)
 Metaspace       used 68325K, capacity 71204K, committed 71424K, reserved 1112064K
  class space    used 7642K, capacity 8144K, committed 8192K, reserved 1048576K
Event: 81.488 GC heap after
Heap after GC invocations=9 (full 3):
 PSYoungGen      total 569344K, used 51683K [0x00000000d5580000, 0x0000000100000000, 0x0000000100000000)
  eden space 517632K, 0% used [0x00000000d5580000,0x00000000d5580000,0x00000000f4f00000)
  from space 51712K, 99% used [0x00000000f9e80000,0x00000000fd0f8f58,0x00000000fd100000)
  to   space 81408K, 0% used [0x00000000f4f00000,0x00000000f4f00000,0x00000000f9e80000)
 ParOldGen       total 1398272K, used 49928K [0x0000000080000000, 0x00000000d5580000, 0x00000000d5580000)
  object space 1398272K, 3% used [0x0000000080000000,0x00000000830c2108,0x00000000d5580000)
 Metaspace       used 68325K, capacity 71204K, committed 71424K, reserved 1112064K
  class space    used 7642K, capacity 8144K, committed 8192K, reserved 1048576K
}
Event: 159.184 GC heap before
{Heap before GC invocations=10 (full 3):
 PSYoungGen      total 569344K, used 569315K [0x00000000d5580000, 0x0000000100000000, 0x0000000100000000)
  eden space 517632K, 100% used [0x00000000d5580000,0x00000000f4f00000,0x00000000f4f00000)
  from space 51712K, 99% used [0x00000000f9e80000,0x00000000fd0f8f58,0x00000000fd100000)
  to   space 81408K, 0% used [0x00000000f4f00000,0x00000000f4f00000,0x00000000f9e80000)
 ParOldGen       total 1398272K, used 49928K [0x0000000080000000, 0x00000000d5580000, 0x00000000d5580000)
  object space 1398272K, 3% used [0x0000000080000000,0x00000000830c2108,0x00000000d5580000)
 Metaspace       used 69543K, capacity 72508K, committed 72704K, reserved 1114112K
  class space    used 7656K, capacity 8192K, committed 8192K, reserved 1048576K
Event: 159.494 GC heap after
Heap after GC invocations=10 (full 3):
 PSYoungGen      total 599040K, used 81399K [0x00000000d5580000, 0x0000000100000000, 0x0000000100000000)
  eden space 517632K, 0% used [0x00000000d5580000,0x00000000d5580000,0x00000000f4f00000)
  from space 81408K, 99% used [0x00000000f4f00000,0x00000000f9e7dcb8,0x00000000f9e80000)
  to   space 99840K, 0% used [0x00000000f9e80000,0x00000000f9e80000,0x0000000100000000)
 ParOldGen       total 1398272K, used 94688K [0x0000000080000000, 0x00000000d5580000, 0x00000000d5580000)
  object space 1398272K, 6% used [0x0000000080000000,0x0000000085c781c8,0x00000000d5580000)
 Metaspace       used 69543K, capacity 72508K, committed 72704K, reserved 1114112K
  class space    used 7656K, capacity 8192K, committed 8192K, reserved 1048576K
}

