# JRE version: OpenJDK Runtime Environment (8.0_212-b04) (build 1.8.0_212-b04)
# Java VM: OpenJDK 64-Bit Server VM (25.212-b04 mixed mode linux-amd64 compressed oops)
Heap:
 PSYoungGen      total 611840K, used 367308K [0x00000000d5580000, 0x00000000fe700000, 0x0000000100000000)
  eden space 524800K, 53% used [0x00000000d5580000,0x00000000e6737328,0x00000000f5600000)
  from space 87040K, 99% used [0x00000000f5600000,0x00000000faafbf28,0x00000000fab00000)
  to   space 61440K, 0% used [0x00000000fab00000,0x00000000fab00000,0x00000000fe700000)
 ParOldGen       total 1398272K, used 36771K [0x0000000080000000, 0x00000000d5580000, 0x00000000d5580000)
  object space 1398272K, 2% used [0x0000000080000000,0x00000000823e8c10,0x00000000d5580000)
 Metaspace       used 66097K, capacity 68862K, committed 68992K, reserved 1110016K
  class space    used 7472K, capacity 7939K, committed 8064K, reserved 1048576K
GC Heap History (10 events):
Event: 5.220 GC heap before
{Heap before GC invocations=4 (full 2):
 PSYoungGen      total 611840K, used 19227K [0x00000000d5580000, 0x0000000100000000, 0x0000000100000000)
  eden space 524800K, 0% used [0x00000000d5580000,0x00000000d5580000,0x00000000f5600000)
  from space 87040K, 22% used [0x00000000fab00000,0x00000000fbdc6e38,0x0000000100000000)
  to   space 87040K, 0% used [0x00000000f5600000,0x00000000f5600000,0x00000000fab00000)
 ParOldGen       total 873984K, used 13727K [0x0000000080000000, 0x00000000b5580000, 0x00000000d5580000)
  object space 873984K, 1% used [0x0000000080000000,0x0000000080d67f58,0x00000000b5580000)
 Metaspace       used 34730K, capacity 35092K, committed 35416K, reserved 1081344K
  class space    used 3959K, capacity 4060K, committed 4096K, reserved 1048576K
Event: 5.327 GC heap after
Heap after GC invocations=4 (full 2):
 PSYoungGen      total 611840K, used 0K [0x00000000d5580000, 0x0000000100000000, 0x0000000100000000)
  eden space 524800K, 0% used [0x00000000d5580000,0x00000000d5580000,0x00000000f5600000)
  from space 87040K, 0% used [0x00000000fab00000,0x00000000fab00000,0x0000000100000000)
  to   space 87040K, 0% used [0x00000000f5600000,0x00000000f5600000,0x00000000fab00000)
 ParOldGen       total 1398272K, used 23524K [0x0000000080000000, 0x00000000d5580000, 0x00000000d5580000)
  object space 1398272K, 1% used [0x0000000080000000,0x00000000816f9058,0x00000000d5580000)
 Metaspace       used 34730K, capacity 35092K, committed 35416K, reserved 1081344K
  class space    used 3959K, capacity 4060K, committed 4096K, reserved 1048576K
}
Event: 11.666 GC heap before
{Heap before GC invocations=5 (full 2):
 PSYoungGen      total 611840K, used 524800K [0x00000000d5580000, 0x0000000100000000, 0x0000000100000000)
  eden space 524800K, 100% used [0x00000000d5580000,0x00000000f5600000,0x00000000f5600000)
  from space 87040K, 0% used [0x00000000fab00000,0x00000000fab00000,0x0000000100000000)
  to   space 87040K, 0% used [0x00000000f5600000,0x00000000f5600000,0x00000000fab00000)
 ParOldGen       total 1398272K, used 23524K [0x0000000080000000, 0x00000000d5580000, 0x00000000d5580000)
  object space 1398272K, 1% used [0x0000000080000000,0x00000000816f9058,0x00000000d5580000)
 Metaspace       used 51335K, capacity 52752K, committed 52992K, reserved 1095680K
  class space    used 6044K, capacity 6314K, committed 6400K, reserved 1048576K
Event: 11.742 GC heap after
Heap after GC invocations=5 (full 2):
 PSYoungGen      total 611840K, used 25092K [0x00000000d5580000, 0x0000000100000000, 0x0000000100000000)
  eden space 524800K, 0% used [0x00000000d5580000,0x00000000d5580000,0x00000000f5600000)
  from space 87040K, 28% used [0x00000000f5600000,0x00000000f6e81220,0x00000000fab00000)
  to   space 87040K, 0% used [0x00000000fab00000,0x00000000fab00000,0x0000000100000000)
 ParOldGen       total 1398272K, used 23532K [0x0000000080000000, 0x00000000d5580000, 0x00000000d5580000)
  object space 1398272K, 1% used [0x0000000080000000,0x00000000816fb058,0x00000000d5580000)
 Metaspace       used 51335K, capacity 52752K, committed 52992K, reserved 1095680K
  class space    used 6044K, capacity 6314K, committed 6400K, reserved 1048576K
}
Event: 12.925 GC heap before
{Heap before GC invocations=6 (full 2):
 PSYoungGen      total 611840K, used 164206K [0x00000000d5580000, 0x0000000100000000, 0x0000000100000000)
  eden space 524800K, 26% used [0x00000000d5580000,0x00000000ddd5a738,0x00000000f5600000)
  from space 87040K, 28% used [0x00000000f5600000,0x00000000f6e81220,0x00000000fab00000)
  to   space 87040K, 0% used [0x00000000fab00000,0x00000000fab00000,0x0000000100000000)
 ParOldGen       total 1398272K, used 23532K [0x0000000080000000, 0x00000000d5580000, 0x00000000d5580000)
  object space 1398272K, 1% used [0x0000000080000000,0x00000000816fb058,0x00000000d5580000)
 Metaspace       used 57193K, capacity 58888K, committed 59008K, reserved 1101824K
  class space    used 6624K, capacity 6966K, committed 7040K, reserved 1048576K
Event: 12.962 GC heap after
Heap after GC invocations=6 (full 2):
 PSYoungGen      total 611840K, used 20579K [0x00000000d5580000, 0x0000000100000000, 0x0000000100000000)
  eden space 524800K, 0% used [0x00000000d5580000,0x00000000d5580000,0x00000000f5600000)
  from space 87040K, 23% used [0x00000000fab00000,0x00000000fbf18e48,0x0000000100000000)
  to   space 87040K, 0% used [0x00000000f5600000,0x00000000f5600000,0x00000000fab00000)
 ParOldGen       total 1398272K, used 23540K [0x0000000080000000, 0x00000000d5580000, 0x00000000d5580000)
  object space 1398272K, 1% used [0x0000000080000000,0x00000000816fd058,0x00000000d5580000)
 Metaspace       used 57193K, capacity 58888K, committed 59008K, reserved 1101824K
  class space    used 6624K, capacity 6966K, committed 7040K, reserved 1048576K
}
Event: 12.962 GC heap before
{Heap before GC invocations=7 (full 3):
 PSYoungGen      total 611840K, used 20579K [0x00000000d5580000, 0x0000000100000000, 0x0000000100000000)
  eden space 524800K, 0% used [0x00000000d5580000,0x00000000d5580000,0x00000000f5600000)
  from space 87040K, 23% used [0x00000000fab00000,0x00000000fbf18e48,0x0000000100000000)
  to   space 87040K, 0% used [0x00000000f5600000,0x00000000f5600000,0x00000000fab00000)
 ParOldGen       total 1398272K, used 23540K [0x0000000080000000, 0x00000000d5580000, 0x00000000d5580000)
  object space 1398272K, 1% used [0x0000000080000000,0x00000000816fd058,0x00000000d5580000)
 Metaspace       used 57193K, capacity 58888K, committed 59008K, reserved 1101824K
  class space    used 6624K, capacity 6966K, committed 7040K, reserved 1048576K
Event: 13.239 GC heap after
Heap after GC invocations=7 (full 3):
 PSYoungGen      total 611840K, used 0K [0x00000000d5580000, 0x0000000100000000, 0x0000000100000000)
  eden space 524800K, 0% used [0x00000000d5580000,0x00000000d5580000,0x00000000f5600000)
  from space 87040K, 0% used [0x00000000fab00000,0x00000000fab00000,0x0000000100000000)
  to   space 87040K, 0% used [0x00000000f5600000,0x00000000f5600000,0x00000000fab00000)
 ParOldGen       total 1398272K, used 32059K [0x0000000080000000, 0x00000000d5580000, 0x00000000d5580000)
  object space 1398272K, 2% used [0x0000000080000000,0x0000000081f4ec10,0x00000000d5580000)
 Metaspace       used 57111K, capacity 58674K, committed 59008K, reserved 1101824K
  class space    used 6595K, capacity 6915K, committed 7040K, reserved 1048576K
}
Event: 26.817 GC heap before
{Heap before GC invocations=8 (full 3):
 PSYoungGen      total 611840K, used 524800K [0x00000000d5580000, 0x0000000100000000, 0x0000000100000000)
  eden space 524800K, 100% used [0x00000000d5580000,0x00000000f5600000,0x00000000f5600000)
  from space 87040K, 0% used [0x00000000fab00000,0x00000000fab00000,0x0000000100000000)
  to   space 87040K, 0% used [0x00000000f5600000,0x00000000f5600000,0x00000000fab00000)
 ParOldGen       total 1398272K, used 32059K [0x0000000080000000, 0x00000000d5580000, 0x00000000d5580000)
  object space 1398272K, 2% used [0x0000000080000000,0x0000000081f4ec10,0x00000000d5580000)
 Metaspace       used 65294K, capacity 68022K, committed 68096K, reserved 1110016K
  class space    used 7453K, capacity 7925K, committed 7936K, reserved 1048576K
Event: 26.993 GC heap after
Heap after GC invocations=8 (full 3):
 PSYoungGen      total 611840K, used 87023K [0x00000000d5580000, 0x00000000fe700000, 0x0000000100000000)
  eden space 524800K, 0% used [0x00000000d5580000,0x00000000d5580000,0x00000000f5600000)
  from space 87040K, 99% used [0x00000000f5600000,0x00000000faafbf28,0x00000000fab00000)
  to   space 61440K, 0% used [0x00000000fab00000,0x00000000fab00000,0x00000000fe700000)
 ParOldGen       total 1398272K, used 36771K [0x0000000080000000, 0x00000000d5580000, 0x00000000d5580000)
  object space 1398272K, 2% used [0x0000000080000000,0x00000000823e8c10,0x00000000d5580000)
 Metaspace       used 65294K, capacity 68022K, committed 68096K, reserved 1110016K
  class space    used 7453K, capacity 7925K, committed 7936K, reserved 1048576K
}

