# JRE version: OpenJDK Runtime Environment (8.0_212-b04) (build 1.8.0_212-b04)
# Java VM: OpenJDK 64-Bit Server VM (25.212-b04 mixed mode linux-amd64 compressed oops)
Heap:
 PSYoungGen      total 611840K, used 273249K [0x00000000d5580000, 0x0000000100000000, 0x0000000100000000)
  eden space 524800K, 52% used [0x00000000d5580000,0x00000000e6058488,0x00000000f5600000)
  from space 87040K, 0% used [0x00000000f5600000,0x00000000f5600000,0x00000000fab00000)
  to   space 87040K, 0% used [0x00000000fab00000,0x00000000fab00000,0x0000000100000000)
 ParOldGen       total 1398272K, used 41067K [0x0000000080000000, 0x00000000d5580000, 0x00000000d5580000)
  object space 1398272K, 2% used [0x0000000080000000,0x000000008281aeb0,0x00000000d5580000)
 Metaspace       used 63350K, capacity 65852K, committed 65920K, reserved 1107968K
  class space    used 7294K, capacity 7750K, committed 7808K, reserved 1048576K
GC Heap History (10 events):
Event: 3.752 GC heap before
{Heap before GC invocations=2 (full 1):
 PSYoungGen      total 611840K, used 14293K [0x00000000d5580000, 0x0000000100000000, 0x0000000100000000)
  eden space 524800K, 0% used [0x00000000d5580000,0x00000000d5580000,0x00000000f5600000)
  from space 87040K, 16% used [0x00000000f5600000,0x00000000f63f5490,0x00000000fab00000)
  to   space 87040K, 0% used [0x00000000fab00000,0x00000000fab00000,0x0000000100000000)
 ParOldGen       total 1398272K, used 80K [0x0000000080000000, 0x00000000d5580000, 0x00000000d5580000)
  object space 1398272K, 0% used [0x0000000080000000,0x0000000080014010,0x00000000d5580000)
 Metaspace       used 20782K, capacity 21016K, committed 21248K, reserved 1069056K
  class space    used 2351K, capacity 2451K, committed 2560K, reserved 1048576K
Event: 3.842 GC heap after
Heap after GC invocations=2 (full 1):
 PSYoungGen      total 611840K, used 0K [0x00000000d5580000, 0x0000000100000000, 0x0000000100000000)
  eden space 524800K, 0% used [0x00000000d5580000,0x00000000d5580000,0x00000000f5600000)
  from space 87040K, 0% used [0x00000000f5600000,0x00000000f5600000,0x00000000fab00000)
  to   space 87040K, 0% used [0x00000000fab00000,0x00000000fab00000,0x0000000100000000)
 ParOldGen       total 900096K, used 13782K [0x0000000080000000, 0x00000000b6f00000, 0x00000000d5580000)
  object space 900096K, 1% used [0x0000000080000000,0x0000000080d759f0,0x00000000b6f00000)
 Metaspace       used 20782K, capacity 21016K, committed 21248K, reserved 1069056K
  class space    used 2351K, capacity 2451K, committed 2560K, reserved 1048576K
}
Event: 7.242 GC heap before
{Heap before GC invocations=3 (full 1):
 PSYoungGen      total 611840K, used 480213K [0x00000000d5580000, 0x0000000100000000, 0x0000000100000000)
  eden space 524800K, 91% used [0x00000000d5580000,0x00000000f2a75778,0x00000000f5600000)
  from space 87040K, 0% used [0x00000000f5600000,0x00000000f5600000,0x00000000fab00000)
  to   space 87040K, 0% used [0x00000000fab00000,0x00000000fab00000,0x0000000100000000)
 ParOldGen       total 900096K, used 13782K [0x0000000080000000, 0x00000000b6f00000, 0x00000000d5580000)
  object space 900096K, 1% used [0x0000000080000000,0x0000000080d759f0,0x00000000b6f00000)
 Metaspace       used 34607K, capacity 34970K, committed 35416K, reserved 1081344K
  class space    used 3934K, capacity 4061K, committed 4096K, reserved 1048576K
Event: 7.279 GC heap after
Heap after GC invocations=3 (full 1):
 PSYoungGen      total 611840K, used 19039K [0x00000000d5580000, 0x0000000100000000, 0x0000000100000000)
  eden space 524800K, 0% used [0x00000000d5580000,0x00000000d5580000,0x00000000f5600000)
  from space 87040K, 21% used [0x00000000fab00000,0x00000000fbd97e00,0x0000000100000000)
  to   space 87040K, 0% used [0x00000000f5600000,0x00000000f5600000,0x00000000fab00000)
 ParOldGen       total 900096K, used 13782K [0x0000000080000000, 0x00000000b6f00000, 0x00000000d5580000)
  object space 900096K, 1% used [0x0000000080000000,0x0000000080d759f0,0x00000000b6f00000)
 Metaspace       used 34607K, capacity 34970K, committed 35416K, reserved 1081344K
  class space    used 3934K, capacity 4061K, committed 4096K, reserved 1048576K
}
Event: 7.279 GC heap before
{Heap before GC invocations=4 (full 2):
 PSYoungGen      total 611840K, used 19039K [0x00000000d5580000, 0x0000000100000000, 0x0000000100000000)
  eden space 524800K, 0% used [0x00000000d5580000,0x00000000d5580000,0x00000000f5600000)
  from space 87040K, 21% used [0x00000000fab00000,0x00000000fbd97e00,0x0000000100000000)
  to   space 87040K, 0% used [0x00000000f5600000,0x00000000f5600000,0x00000000fab00000)
 ParOldGen       total 900096K, used 13782K [0x0000000080000000, 0x00000000b6f00000, 0x00000000d5580000)
  object space 900096K, 1% used [0x0000000080000000,0x0000000080d759f0,0x00000000b6f00000)
 Metaspace       used 34607K, capacity 34970K, committed 35416K, reserved 1081344K
  class space    used 3934K, capacity 4061K, committed 4096K, reserved 1048576K
Event: 7.374 GC heap after
Heap after GC invocations=4 (full 2):
 PSYoungGen      total 611840K, used 0K [0x00000000d5580000, 0x0000000100000000, 0x0000000100000000)
  eden space 524800K, 0% used [0x00000000d5580000,0x00000000d5580000,0x00000000f5600000)
  from space 87040K, 0% used [0x00000000fab00000,0x00000000fab00000,0x0000000100000000)
  to   space 87040K, 0% used [0x00000000f5600000,0x00000000f5600000,0x00000000fab00000)
 ParOldGen       total 1398272K, used 23339K [0x0000000080000000, 0x00000000d5580000, 0x00000000d5580000)
  object space 1398272K, 1% used [0x0000000080000000,0x00000000816caed0,0x00000000d5580000)
 Metaspace       used 34607K, capacity 34970K, committed 35416K, reserved 1081344K
  class space    used 3934K, capacity 4061K, committed 4096K, reserved 1048576K
}
Event: 14.156 GC heap before
{Heap before GC invocations=5 (full 2):
 PSYoungGen      total 611840K, used 400863K [0x00000000d5580000, 0x0000000100000000, 0x0000000100000000)
  eden space 524800K, 76% used [0x00000000d5580000,0x00000000edcf7c28,0x00000000f5600000)
  from space 87040K, 0% used [0x00000000fab00000,0x00000000fab00000,0x0000000100000000)
  to   space 87040K, 0% used [0x00000000f5600000,0x00000000f5600000,0x00000000fab00000)
 ParOldGen       total 1398272K, used 23339K [0x0000000080000000, 0x00000000d5580000, 0x00000000d5580000)
  object space 1398272K, 1% used [0x0000000080000000,0x00000000816caed0,0x00000000d5580000)
 Metaspace       used 57437K, capacity 58794K, committed 59028K, reserved 1101824K
  class space    used 6656K, capacity 6897K, committed 6912K, reserved 1048576K
Event: 14.243 GC heap after
Heap after GC invocations=5 (full 2):
 PSYoungGen      total 611840K, used 30431K [0x00000000d5580000, 0x0000000100000000, 0x0000000100000000)
  eden space 524800K, 0% used [0x00000000d5580000,0x00000000d5580000,0x00000000f5600000)
  from space 87040K, 34% used [0x00000000f5600000,0x00000000f73b7ca0,0x00000000fab00000)
  to   space 87040K, 0% used [0x00000000fab00000,0x00000000fab00000,0x0000000100000000)
 ParOldGen       total 1398272K, used 23347K [0x0000000080000000, 0x00000000d5580000, 0x00000000d5580000)
  object space 1398272K, 1% used [0x0000000080000000,0x00000000816cced0,0x00000000d5580000)
 Metaspace       used 57437K, capacity 58794K, committed 59028K, reserved 1101824K
  class space    used 6656K, capacity 6897K, committed 6912K, reserved 1048576K
}
Event: 14.243 GC heap before
{Heap before GC invocations=6 (full 3):
 PSYoungGen      total 611840K, used 30431K [0x00000000d5580000, 0x0000000100000000, 0x0000000100000000)
  eden space 524800K, 0% used [0x00000000d5580000,0x00000000d5580000,0x00000000f5600000)
  from space 87040K, 34% used [0x00000000f5600000,0x00000000f73b7ca0,0x00000000fab00000)
  to   space 87040K, 0% used [0x00000000fab00000,0x00000000fab00000,0x0000000100000000)
 ParOldGen       total 1398272K, used 23347K [0x0000000080000000, 0x00000000d5580000, 0x00000000d5580000)
  object space 1398272K, 1% used [0x0000000080000000,0x00000000816cced0,0x00000000d5580000)
 Metaspace       used 57437K, capacity 58794K, committed 59028K, reserved 1101824K
  class space    used 6656K, capacity 6897K, committed 6912K, reserved 1048576K
Event: 14.501 GC heap after
Heap after GC invocations=6 (full 3):
 PSYoungGen      total 611840K, used 0K [0x00000000d5580000, 0x0000000100000000, 0x0000000100000000)
  eden space 524800K, 0% used [0x00000000d5580000,0x00000000d5580000,0x00000000f5600000)
  from space 87040K, 0% used [0x00000000f5600000,0x00000000f5600000,0x00000000fab00000)
  to   space 87040K, 0% used [0x00000000fab00000,0x00000000fab00000,0x0000000100000000)
 ParOldGen       total 1398272K, used 41067K [0x0000000080000000, 0x00000000d5580000, 0x00000000d5580000)
  object space 1398272K, 2% used [0x0000000080000000,0x000000008281aeb0,0x00000000d5580000)
 Metaspace       used 57413K, capacity 58732K, committed 59028K, reserved 1101824K
  class space    used 6648K, capacity 6882K, committed 6912K, reserved 1048576K
}

